<?xml version="1.0" encoding="UTF-8" ?>
<testsuite tests="1" failures="0" name="org.activiti.standalone.idgenerator.UuidGeneratorTest" time="0.326" errors="1" skipped="0">
  <properties>
    <property name="idea.version" value="2022.3.1"/>
    <property name="java.runtime.name" value="Java(TM) SE Runtime Environment"/>
    <property name="sun.boot.library.path" value="C:\Program Files\Java\jdk1.8.0_351\jre\bin"/>
    <property name="java.vm.version" value="25.351-b10"/>
    <property name="java.vm.vendor" value="Oracle Corporation"/>
    <property name="java.vendor.url" value="http://java.oracle.com/"/>
    <property name="path.separator" value=";"/>
    <property name="java.vm.name" value="Java HotSpot(TM) 64-Bit Server VM"/>
    <property name="file.encoding.pkg" value="sun.io"/>
    <property name="user.script" value=""/>
    <property name="user.country" value="CN"/>
    <property name="sun.java.launcher" value="SUN_STANDARD"/>
    <property name="sun.os.patch.level" value=""/>
    <property name="java.vm.specification.name" value="Java Virtual Machine Specification"/>
    <property name="user.dir" value="D:\xinchuang\activiti-engine-5.19.0.2"/>
    <property name="java.runtime.version" value="1.8.0_351-b10"/>
    <property name="java.awt.graphicsenv" value="sun.awt.Win32GraphicsEnvironment"/>
    <property name="basedir" value="D:\xinchuang\activiti-engine-5.19.0.2"/>
    <property name="java.endorsed.dirs" value="C:\Program Files\Java\jdk1.8.0_351\jre\lib\endorsed"/>
    <property name="os.arch" value="amd64"/>
    <property name="surefire.real.class.path" value="D:\xinchuang\activiti-engine-5.19.0.2\target\surefire\surefirebooter2972839343429811619.jar"/>
    <property name="java.io.tmpdir" value="C:\Users\ryan\AppData\Local\Temp\"/>
    <property name="line.separator" value="
"/>
    <property name="java.vm.specification.vendor" value="Oracle Corporation"/>
    <property name="user.variant" value=""/>
    <property name="os.name" value="Windows 11"/>
    <property name="sun.jnu.encoding" value="GBK"/>
    <property name="java.library.path" value="C:\Program Files\Java\jdk1.8.0_351\jre\bin;C:\WINDOWS\Sun\Java\bin;C:\WINDOWS\system32;C:\WINDOWS;C:\Program Files (x86)\Common Files\Oracle\Java\javapath;D:\Program Files (x86)\VMware\VMware Workstation\bin\;C:\ProgramData\Oracle\Java\javapath;C:\WINDOWS\system32;C:\WINDOWS;C:\WINDOWS\System32\Wbem;C:\WINDOWS\System32\WindowsPowerShell\v1.0\;C:\WINDOWS\System32\OpenSSH\;d:\Program Files\Git\cmd;D:\Program Files\apache-maven-3.6.1\bin;C:\Program Files\Java\jdk1.8.0_351\bin;D:\Program Files\nodejs\;C:\Program Files\Bandizip\;D:\Program Files (x86)\NetSarang\Xshell 7\;D:\Program Files (x86)\NetSarang\Xftp 7\;D:\Program Files\cmder;;C:\Program Files (x86)\Tencent\微信web开发者工具\dll;C:\Users\ryan\.app\;C:\Users\ryan\AppData\Local\Programs\Python\Python38\Scripts\;C:\Users\ryan\AppData\Local\Programs\Python\Python38\;C:\Users\ryan\AppData\Local\Microsoft\WindowsApps;D:\Program Files\Microsoft VS Code\bin;C:\Users\ryan\AppData\Roaming\npm;d:\Program Files\JetBrains\IntelliJ IDEA 2020.3\bin;;d:\Program Files\JetBrains\DataGrip 2021.1.3\bin;;;."/>
    <property name="surefire.test.class.path" value="D:\xinchuang\activiti-engine-5.19.0.2\target\test-classes;D:\xinchuang\activiti-engine-5.19.0.2\target\classes;D:\Program Files\apache-maven-3.6.1\shanxi\org\activiti\activiti-bpmn-converter\5.19.0.2\activiti-bpmn-converter-5.19.0.2.jar;D:\Program Files\apache-maven-3.6.1\shanxi\org\activiti\activiti-bpmn-model\5.19.0.2\activiti-bpmn-model-5.19.0.2.jar;D:\Program Files\apache-maven-3.6.1\shanxi\com\fasterxml\jackson\core\jackson-core\2.2.3\jackson-core-2.2.3.jar;D:\Program Files\apache-maven-3.6.1\shanxi\com\fasterxml\jackson\core\jackson-databind\2.2.3\jackson-databind-2.2.3.jar;D:\Program Files\apache-maven-3.6.1\shanxi\com\fasterxml\jackson\core\jackson-annotations\2.2.3\jackson-annotations-2.2.3.jar;D:\Program Files\apache-maven-3.6.1\shanxi\org\activiti\activiti-process-validation\5.19.0.2\activiti-process-validation-5.19.0.2.jar;D:\Program Files\apache-maven-3.6.1\shanxi\org\activiti\activiti-image-generator\5.19.0.2\activiti-image-generator-5.19.0.2.jar;D:\Program Files\apache-maven-3.6.1\shanxi\org\apache\commons\commons-email\1.4\commons-email-1.4.jar;D:\Program Files\apache-maven-3.6.1\shanxi\com\sun\mail\javax.mail\1.5.2\javax.mail-1.5.2.jar;D:\Program Files\apache-maven-3.6.1\shanxi\javax\activation\activation\1.1.1\activation-1.1.1.jar;D:\Program Files\apache-maven-3.6.1\shanxi\org\apache\commons\commons-lang3\3.3.2\commons-lang3-3.3.2.jar;D:\Program Files\apache-maven-3.6.1\shanxi\org\mybatis\mybatis\3.3.0\mybatis-3.3.0.jar;D:\Program Files\apache-maven-3.6.1\shanxi\org\springframework\spring-beans\4.1.5.RELEASE\spring-beans-4.1.5.RELEASE.jar;D:\Program Files\apache-maven-3.6.1\shanxi\org\springframework\spring-core\4.1.5.RELEASE\spring-core-4.1.5.RELEASE.jar;D:\Program Files\apache-maven-3.6.1\shanxi\junit\junit\4.11\junit-4.11.jar;D:\Program Files\apache-maven-3.6.1\shanxi\org\hamcrest\hamcrest-core\1.3\hamcrest-core-1.3.jar;D:\Program Files\apache-maven-3.6.1\shanxi\org\codehaus\groovy\groovy-all\2.4.3\groovy-all-2.4.3.jar;D:\Program Files\apache-maven-3.6.1\shanxi\org\drools\drools-core\5.5.0.Final\drools-core-5.5.0.Final.jar;D:\Program Files\apache-maven-3.6.1\shanxi\org\mvel\mvel2\2.1.3.Final\mvel2-2.1.3.Final.jar;D:\Program Files\apache-maven-3.6.1\shanxi\org\drools\knowledge-api\5.5.0.Final\knowledge-api-5.5.0.Final.jar;D:\Program Files\apache-maven-3.6.1\shanxi\org\drools\knowledge-internal-api\5.5.0.Final\knowledge-internal-api-5.5.0.Final.jar;D:\Program Files\apache-maven-3.6.1\shanxi\org\drools\drools-compiler\5.5.0.Final\drools-compiler-5.5.0.Final.jar;D:\Program Files\apache-maven-3.6.1\shanxi\org\antlr\antlr-runtime\3.3\antlr-runtime-3.3.jar;D:\Program Files\apache-maven-3.6.1\shanxi\org\antlr\antlr\3.3\antlr-3.3.jar;D:\Program Files\apache-maven-3.6.1\shanxi\org\antlr\stringtemplate\3.2.1\stringtemplate-3.2.1.jar;D:\Program Files\apache-maven-3.6.1\shanxi\antlr\antlr\2.7.7\antlr-2.7.7.jar;D:\Program Files\apache-maven-3.6.1\shanxi\org\eclipse\jdt\core\compiler\ecj\3.5.1\ecj-3.5.1.jar;D:\Program Files\apache-maven-3.6.1\shanxi\com\thoughtworks\xstream\xstream\1.4.1\xstream-1.4.1.jar;D:\Program Files\apache-maven-3.6.1\shanxi\xmlpull\xmlpull\1.1.3.1\xmlpull-1.1.3.1.jar;D:\Program Files\apache-maven-3.6.1\shanxi\xpp3\xpp3_min\1.1.4c\xpp3_min-1.1.4c.jar;D:\Program Files\apache-maven-3.6.1\shanxi\javax\persistence\persistence-api\1.0\persistence-api-1.0.jar;D:\Program Files\apache-maven-3.6.1\shanxi\org\apache\geronimo\specs\geronimo-jta_1.1_spec\1.1.1\geronimo-jta_1.1_spec-1.1.1.jar;D:\Program Files\apache-maven-3.6.1\shanxi\javax\enterprise\concurrent\javax.enterprise.concurrent-api\1.0\javax.enterprise.concurrent-api-1.0.jar;D:\Program Files\apache-maven-3.6.1\shanxi\com\h2database\h2\1.3.176\h2-1.3.176.jar;D:\Program Files\apache-maven-3.6.1\shanxi\org\mockito\mockito-core\1.8.2\mockito-core-1.8.2.jar;D:\Program Files\apache-maven-3.6.1\shanxi\org\objenesis\objenesis\1.0\objenesis-1.0.jar;D:\Program Files\apache-maven-3.6.1\shanxi\org\apache\openjpa\openjpa\1.2.2\openjpa-1.2.2.jar;D:\Program Files\apache-maven-3.6.1\shanxi\net\sourceforge\serp\serp\1.13.1\serp-1.13.1.jar;D:\Program Files\apache-maven-3.6.1\shanxi\commons-lang\commons-lang\2.1\commons-lang-2.1.jar;D:\Program Files\apache-maven-3.6.1\shanxi\commons-collections\commons-collections\3.2\commons-collections-3.2.jar;D:\Program Files\apache-maven-3.6.1\shanxi\commons-pool\commons-pool\1.3\commons-pool-1.3.jar;D:\Program Files\apache-maven-3.6.1\shanxi\org\apache\geronimo\specs\geronimo-jms_1.1_spec\1.0.1\geronimo-jms_1.1_spec-1.0.1.jar;D:\Program Files\apache-maven-3.6.1\shanxi\org\apache\geronimo\specs\geronimo-jpa_3.0_spec\1.0\geronimo-jpa_3.0_spec-1.0.jar;D:\Program Files\apache-maven-3.6.1\shanxi\org\subethamail\subethasmtp-wiser\1.2\subethasmtp-wiser-1.2.jar;D:\Program Files\apache-maven-3.6.1\shanxi\org\subethamail\subethasmtp-smtp\1.2\subethasmtp-smtp-1.2.jar;D:\Program Files\apache-maven-3.6.1\shanxi\javax\mail\mail\1.4.1\mail-1.4.1.jar;D:\Program Files\apache-maven-3.6.1\shanxi\mysql\mysql-connector-java\5.1.27\mysql-connector-java-5.1.27.jar;D:\Program Files\apache-maven-3.6.1\shanxi\org\postgresql\postgresql\9.4-1201-jdbc4\postgresql-9.4-1201-jdbc4.jar;D:\Program Files\apache-maven-3.6.1\shanxi\net\sourceforge\jtds\jtds\1.3.0\jtds-1.3.0.jar;D:\Program Files\apache-maven-3.6.1\shanxi\com\fasterxml\uuid\java-uuid-generator\3.1.3\java-uuid-generator-3.1.3.jar;D:\Program Files\apache-maven-3.6.1\shanxi\log4j\log4j\1.2.13\log4j-1.2.13.jar;D:\Program Files\apache-maven-3.6.1\shanxi\commons-io\commons-io\2.0.1\commons-io-2.0.1.jar;D:\Program Files\apache-maven-3.6.1\shanxi\joda-time\joda-time\2.6\joda-time-2.6.jar;D:\Program Files\apache-maven-3.6.1\shanxi\org\slf4j\slf4j-api\1.7.6\slf4j-api-1.7.6.jar;D:\Program Files\apache-maven-3.6.1\shanxi\org\slf4j\jcl-over-slf4j\1.7.6\jcl-over-slf4j-1.7.6.jar;D:\Program Files\apache-maven-3.6.1\shanxi\org\slf4j\slf4j-log4j12\1.7.6\slf4j-log4j12-1.7.6.jar;D:\Program Files\apache-maven-3.6.1\shanxi\com\googlecode\catch-exception\catch-exception\1.2.0\catch-exception-1.2.0.jar;D:\Program Files\apache-maven-3.6.1\shanxi\org\codehaus\btm\btm\2.1.3\btm-2.1.3.jar;D:\Program Files\apache-maven-3.6.1\shanxi\javax\transaction\jta\1.1\jta-1.1.jar;"/>
    <property name="sun.awt.enableExtraMouseButtons" value="true"/>
    <property name="java.specification.name" value="Java Platform API Specification"/>
    <property name="java.class.version" value="52.0"/>
    <property name="sun.management.compiler" value="HotSpot 64-Bit Tiered Compilers"/>
    <property name="maven.repo.local" value="D:\Program Files\apache-maven-3.6.1\shanxi"/>
    <property name="os.version" value="10.0"/>
    <property name="user.home" value="C:\Users\ryan"/>
    <property name="user.timezone" value="Asia/Shanghai"/>
    <property name="java.awt.printerjob" value="sun.awt.windows.WPrinterJob"/>
    <property name="java.specification.version" value="1.8"/>
    <property name="file.encoding" value="GBK"/>
    <property name="user.name" value="ryan"/>
    <property name="java.class.path" value="D:\xinchuang\activiti-engine-5.19.0.2\target\test-classes;D:\xinchuang\activiti-engine-5.19.0.2\target\classes;D:\Program Files\apache-maven-3.6.1\shanxi\org\activiti\activiti-bpmn-converter\5.19.0.2\activiti-bpmn-converter-5.19.0.2.jar;D:\Program Files\apache-maven-3.6.1\shanxi\org\activiti\activiti-bpmn-model\5.19.0.2\activiti-bpmn-model-5.19.0.2.jar;D:\Program Files\apache-maven-3.6.1\shanxi\com\fasterxml\jackson\core\jackson-core\2.2.3\jackson-core-2.2.3.jar;D:\Program Files\apache-maven-3.6.1\shanxi\com\fasterxml\jackson\core\jackson-databind\2.2.3\jackson-databind-2.2.3.jar;D:\Program Files\apache-maven-3.6.1\shanxi\com\fasterxml\jackson\core\jackson-annotations\2.2.3\jackson-annotations-2.2.3.jar;D:\Program Files\apache-maven-3.6.1\shanxi\org\activiti\activiti-process-validation\5.19.0.2\activiti-process-validation-5.19.0.2.jar;D:\Program Files\apache-maven-3.6.1\shanxi\org\activiti\activiti-image-generator\5.19.0.2\activiti-image-generator-5.19.0.2.jar;D:\Program Files\apache-maven-3.6.1\shanxi\org\apache\commons\commons-email\1.4\commons-email-1.4.jar;D:\Program Files\apache-maven-3.6.1\shanxi\com\sun\mail\javax.mail\1.5.2\javax.mail-1.5.2.jar;D:\Program Files\apache-maven-3.6.1\shanxi\javax\activation\activation\1.1.1\activation-1.1.1.jar;D:\Program Files\apache-maven-3.6.1\shanxi\org\apache\commons\commons-lang3\3.3.2\commons-lang3-3.3.2.jar;D:\Program Files\apache-maven-3.6.1\shanxi\org\mybatis\mybatis\3.3.0\mybatis-3.3.0.jar;D:\Program Files\apache-maven-3.6.1\shanxi\org\springframework\spring-beans\4.1.5.RELEASE\spring-beans-4.1.5.RELEASE.jar;D:\Program Files\apache-maven-3.6.1\shanxi\org\springframework\spring-core\4.1.5.RELEASE\spring-core-4.1.5.RELEASE.jar;D:\Program Files\apache-maven-3.6.1\shanxi\junit\junit\4.11\junit-4.11.jar;D:\Program Files\apache-maven-3.6.1\shanxi\org\hamcrest\hamcrest-core\1.3\hamcrest-core-1.3.jar;D:\Program Files\apache-maven-3.6.1\shanxi\org\codehaus\groovy\groovy-all\2.4.3\groovy-all-2.4.3.jar;D:\Program Files\apache-maven-3.6.1\shanxi\org\drools\drools-core\5.5.0.Final\drools-core-5.5.0.Final.jar;D:\Program Files\apache-maven-3.6.1\shanxi\org\mvel\mvel2\2.1.3.Final\mvel2-2.1.3.Final.jar;D:\Program Files\apache-maven-3.6.1\shanxi\org\drools\knowledge-api\5.5.0.Final\knowledge-api-5.5.0.Final.jar;D:\Program Files\apache-maven-3.6.1\shanxi\org\drools\knowledge-internal-api\5.5.0.Final\knowledge-internal-api-5.5.0.Final.jar;D:\Program Files\apache-maven-3.6.1\shanxi\org\drools\drools-compiler\5.5.0.Final\drools-compiler-5.5.0.Final.jar;D:\Program Files\apache-maven-3.6.1\shanxi\org\antlr\antlr-runtime\3.3\antlr-runtime-3.3.jar;D:\Program Files\apache-maven-3.6.1\shanxi\org\antlr\antlr\3.3\antlr-3.3.jar;D:\Program Files\apache-maven-3.6.1\shanxi\org\antlr\stringtemplate\3.2.1\stringtemplate-3.2.1.jar;D:\Program Files\apache-maven-3.6.1\shanxi\antlr\antlr\2.7.7\antlr-2.7.7.jar;D:\Program Files\apache-maven-3.6.1\shanxi\org\eclipse\jdt\core\compiler\ecj\3.5.1\ecj-3.5.1.jar;D:\Program Files\apache-maven-3.6.1\shanxi\com\thoughtworks\xstream\xstream\1.4.1\xstream-1.4.1.jar;D:\Program Files\apache-maven-3.6.1\shanxi\xmlpull\xmlpull\1.1.3.1\xmlpull-1.1.3.1.jar;D:\Program Files\apache-maven-3.6.1\shanxi\xpp3\xpp3_min\1.1.4c\xpp3_min-1.1.4c.jar;D:\Program Files\apache-maven-3.6.1\shanxi\javax\persistence\persistence-api\1.0\persistence-api-1.0.jar;D:\Program Files\apache-maven-3.6.1\shanxi\org\apache\geronimo\specs\geronimo-jta_1.1_spec\1.1.1\geronimo-jta_1.1_spec-1.1.1.jar;D:\Program Files\apache-maven-3.6.1\shanxi\javax\enterprise\concurrent\javax.enterprise.concurrent-api\1.0\javax.enterprise.concurrent-api-1.0.jar;D:\Program Files\apache-maven-3.6.1\shanxi\com\h2database\h2\1.3.176\h2-1.3.176.jar;D:\Program Files\apache-maven-3.6.1\shanxi\org\mockito\mockito-core\1.8.2\mockito-core-1.8.2.jar;D:\Program Files\apache-maven-3.6.1\shanxi\org\objenesis\objenesis\1.0\objenesis-1.0.jar;D:\Program Files\apache-maven-3.6.1\shanxi\org\apache\openjpa\openjpa\1.2.2\openjpa-1.2.2.jar;D:\Program Files\apache-maven-3.6.1\shanxi\net\sourceforge\serp\serp\1.13.1\serp-1.13.1.jar;D:\Program Files\apache-maven-3.6.1\shanxi\commons-lang\commons-lang\2.1\commons-lang-2.1.jar;D:\Program Files\apache-maven-3.6.1\shanxi\commons-collections\commons-collections\3.2\commons-collections-3.2.jar;D:\Program Files\apache-maven-3.6.1\shanxi\commons-pool\commons-pool\1.3\commons-pool-1.3.jar;D:\Program Files\apache-maven-3.6.1\shanxi\org\apache\geronimo\specs\geronimo-jms_1.1_spec\1.0.1\geronimo-jms_1.1_spec-1.0.1.jar;D:\Program Files\apache-maven-3.6.1\shanxi\org\apache\geronimo\specs\geronimo-jpa_3.0_spec\1.0\geronimo-jpa_3.0_spec-1.0.jar;D:\Program Files\apache-maven-3.6.1\shanxi\org\subethamail\subethasmtp-wiser\1.2\subethasmtp-wiser-1.2.jar;D:\Program Files\apache-maven-3.6.1\shanxi\org\subethamail\subethasmtp-smtp\1.2\subethasmtp-smtp-1.2.jar;D:\Program Files\apache-maven-3.6.1\shanxi\javax\mail\mail\1.4.1\mail-1.4.1.jar;D:\Program Files\apache-maven-3.6.1\shanxi\mysql\mysql-connector-java\5.1.27\mysql-connector-java-5.1.27.jar;D:\Program Files\apache-maven-3.6.1\shanxi\org\postgresql\postgresql\9.4-1201-jdbc4\postgresql-9.4-1201-jdbc4.jar;D:\Program Files\apache-maven-3.6.1\shanxi\net\sourceforge\jtds\jtds\1.3.0\jtds-1.3.0.jar;D:\Program Files\apache-maven-3.6.1\shanxi\com\fasterxml\uuid\java-uuid-generator\3.1.3\java-uuid-generator-3.1.3.jar;D:\Program Files\apache-maven-3.6.1\shanxi\log4j\log4j\1.2.13\log4j-1.2.13.jar;D:\Program Files\apache-maven-3.6.1\shanxi\commons-io\commons-io\2.0.1\commons-io-2.0.1.jar;D:\Program Files\apache-maven-3.6.1\shanxi\joda-time\joda-time\2.6\joda-time-2.6.jar;D:\Program Files\apache-maven-3.6.1\shanxi\org\slf4j\slf4j-api\1.7.6\slf4j-api-1.7.6.jar;D:\Program Files\apache-maven-3.6.1\shanxi\org\slf4j\jcl-over-slf4j\1.7.6\jcl-over-slf4j-1.7.6.jar;D:\Program Files\apache-maven-3.6.1\shanxi\org\slf4j\slf4j-log4j12\1.7.6\slf4j-log4j12-1.7.6.jar;D:\Program Files\apache-maven-3.6.1\shanxi\com\googlecode\catch-exception\catch-exception\1.2.0\catch-exception-1.2.0.jar;D:\Program Files\apache-maven-3.6.1\shanxi\org\codehaus\btm\btm\2.1.3\btm-2.1.3.jar;D:\Program Files\apache-maven-3.6.1\shanxi\javax\transaction\jta\1.1\jta-1.1.jar;"/>
    <property name="java.vm.specification.version" value="1.8"/>
    <property name="sun.arch.data.model" value="64"/>
    <property name="java.home" value="C:\Program Files\Java\jdk1.8.0_351\jre"/>
    <property name="sun.java.command" value="D:\xinchuang\activiti-engine-5.19.0.2\target\surefire\surefirebooter2972839343429811619.jar D:\xinchuang\activiti-engine-5.19.0.2\target\surefire\surefire1197127065150889766tmp D:\xinchuang\activiti-engine-5.19.0.2\target\surefire\surefire3285776718944652178tmp"/>
    <property name="java.specification.vendor" value="Oracle Corporation"/>
    <property name="user.language" value="en"/>
    <property name="awt.toolkit" value="sun.awt.windows.WToolkit"/>
    <property name="java.vm.info" value="mixed mode"/>
    <property name="java.version" value="1.8.0_351"/>
    <property name="java.ext.dirs" value="C:\Program Files\Java\jdk1.8.0_351\jre\lib\ext;C:\WINDOWS\Sun\Java\lib\ext"/>
    <property name="sun.boot.class.path" value="C:\Program Files\Java\jdk1.8.0_351\jre\lib\resources.jar;C:\Program Files\Java\jdk1.8.0_351\jre\lib\rt.jar;C:\Program Files\Java\jdk1.8.0_351\jre\lib\jsse.jar;C:\Program Files\Java\jdk1.8.0_351\jre\lib\jce.jar;C:\Program Files\Java\jdk1.8.0_351\jre\lib\charsets.jar;C:\Program Files\Java\jdk1.8.0_351\jre\lib\jfr.jar;C:\Program Files\Java\jdk1.8.0_351\jre\classes"/>
    <property name="java.vendor" value="Oracle Corporation"/>
    <property name="java.specification.maintenance.version" value="4"/>
    <property name="localRepository" value="D:\Program Files\apache-maven-3.6.1\shanxi"/>
    <property name="file.separator" value="\"/>
    <property name="java.vendor.url.bug" value="http://bugreport.sun.com/bugreport/"/>
    <property name="sun.cpu.endian" value="little"/>
    <property name="sun.io.unicode.encoding" value="UnicodeLittle"/>
    <property name="sun.desktop" value="windows"/>
    <property name="sun.cpu.isalist" value="amd64"/>
  </properties>
  <testcase classname="org.activiti.standalone.idgenerator.UuidGeneratorTest" name="testUuidGeneratorUsage" time="0.323">
    <error message="
### Error querying database.  Cause: org.h2.jdbc.JdbcSQLException: Syntax error in SQL statement &quot;SELECT RES.* 
       
    FROM ACT_RE_PROCDEF RES
     
     WHERE  RES.DEPLOYMENT_ID_ = ? 
   
     ORDER BY  ORDER[*] BY RES.ID_ ASC  
    LIMIT ? OFFSET ? &quot;; expected &quot;=, NOT, EXISTS, INTERSECTS, SELECT, FROM&quot;; SQL statement:
select RES.* 
       
    from ACT_RE_PROCDEF RES
     
     WHERE  RES.DEPLOYMENT_ID_ = ? 
   
     order by  order by RES.ID_ asc  
    LIMIT ? OFFSET ? [42001-176]
### The error may exist in org/activiti/db/mapping/entity/ProcessDefinition.xml
### The error may involve org.activiti.engine.impl.persistence.entity.ProcessDefinitionEntity.selectProcessDefinitionsByQueryCriteria
### The error occurred while executing a query
### SQL: select RES.*              from ACT_RE_PROCDEF RES            WHERE  RES.DEPLOYMENT_ID_ = ?           order by  order by RES.ID_ asc       LIMIT ? OFFSET ?
### Cause: org.h2.jdbc.JdbcSQLException: Syntax error in SQL statement &quot;SELECT RES.* 
       
    FROM ACT_RE_PROCDEF RES
     
     WHERE  RES.DEPLOYMENT_ID_ = ? 
   
     ORDER BY  ORDER[*] BY RES.ID_ ASC  
    LIMIT ? OFFSET ? &quot;; expected &quot;=, NOT, EXISTS, INTERSECTS, SELECT, FROM&quot;; SQL statement:
select RES.* 
       
    from ACT_RE_PROCDEF RES
     
     WHERE  RES.DEPLOYMENT_ID_ = ? 
   
     order by  order by RES.ID_ asc  
    LIMIT ? OFFSET ? [42001-176]" type="org.apache.ibatis.exceptions.PersistenceException">org.apache.ibatis.exceptions.PersistenceException: 
### Error querying database.  Cause: org.h2.jdbc.JdbcSQLException: Syntax error in SQL statement &quot;SELECT RES.* 
       
    FROM ACT_RE_PROCDEF RES
     
     WHERE  RES.DEPLOYMENT_ID_ = ? 
   
     ORDER BY  ORDER[*] BY RES.ID_ ASC  
    LIMIT ? OFFSET ? &quot;; expected &quot;=, NOT, EXISTS, INTERSECTS, SELECT, FROM&quot;; SQL statement:
select RES.* 
       
    from ACT_RE_PROCDEF RES
     
     WHERE  RES.DEPLOYMENT_ID_ = ? 
   
     order by  order by RES.ID_ asc  
    LIMIT ? OFFSET ? [42001-176]
### The error may exist in org/activiti/db/mapping/entity/ProcessDefinition.xml
### The error may involve org.activiti.engine.impl.persistence.entity.ProcessDefinitionEntity.selectProcessDefinitionsByQueryCriteria
### The error occurred while executing a query
### SQL: select RES.*              from ACT_RE_PROCDEF RES            WHERE  RES.DEPLOYMENT_ID_ = ?           order by  order by RES.ID_ asc       LIMIT ? OFFSET ?
### Cause: org.h2.jdbc.JdbcSQLException: Syntax error in SQL statement &quot;SELECT RES.* 
       
    FROM ACT_RE_PROCDEF RES
     
     WHERE  RES.DEPLOYMENT_ID_ = ? 
   
     ORDER BY  ORDER[*] BY RES.ID_ ASC  
    LIMIT ? OFFSET ? &quot;; expected &quot;=, NOT, EXISTS, INTERSECTS, SELECT, FROM&quot;; SQL statement:
select RES.* 
       
    from ACT_RE_PROCDEF RES
     
     WHERE  RES.DEPLOYMENT_ID_ = ? 
   
     order by  order by RES.ID_ asc  
    LIMIT ? OFFSET ? [42001-176]
	at org.apache.ibatis.exceptions.ExceptionFactory.wrapException(ExceptionFactory.java:30)
	at org.apache.ibatis.session.defaults.DefaultSqlSession.selectList(DefaultSqlSession.java:122)
	at org.apache.ibatis.session.defaults.DefaultSqlSession.selectList(DefaultSqlSession.java:113)
	at org.activiti.engine.impl.db.DbSqlSession.selectListWithRawParameter(DbSqlSession.java:438)
	at org.activiti.engine.impl.db.DbSqlSession.selectList(DbSqlSession.java:429)
	at org.activiti.engine.impl.db.DbSqlSession.selectList(DbSqlSession.java:419)
	at org.activiti.engine.impl.persistence.entity.ProcessDefinitionEntityManager.findProcessDefinitionsByQueryCriteria(ProcessDefinitionEntityManager.java:57)
	at org.activiti.engine.impl.ProcessDefinitionQueryImpl.executeList(ProcessDefinitionQueryImpl.java:307)
	at org.activiti.engine.impl.AbstractQuery.list(AbstractQuery.java:140)
	at org.activiti.engine.impl.persistence.deploy.DeploymentManager.removeDeployment(DeploymentManager.java:187)
	at org.activiti.engine.impl.cmd.DeleteDeploymentCmd.execute(DeleteDeploymentCmd.java:44)
	at org.activiti.engine.impl.cmd.DeleteDeploymentCmd.execute(DeleteDeploymentCmd.java:24)
	at org.activiti.engine.impl.interceptor.CommandInvoker.execute(CommandInvoker.java:24)
	at org.activiti.engine.impl.interceptor.CommandContextInterceptor.execute(CommandContextInterceptor.java:57)
	at org.activiti.engine.impl.interceptor.LogInterceptor.execute(LogInterceptor.java:37)
	at org.activiti.engine.impl.cfg.CommandExecutorImpl.execute(CommandExecutorImpl.java:40)
	at org.activiti.engine.impl.cfg.CommandExecutorImpl.execute(CommandExecutorImpl.java:35)
	at org.activiti.engine.impl.RepositoryServiceImpl.deleteDeployment(RepositoryServiceImpl.java:90)
	at org.activiti.engine.impl.test.TestHelper.annotationDeploymentTearDown(TestHelper.java:116)
	at org.activiti.engine.impl.test.AbstractActivitiTestCase.runBare(AbstractActivitiTestCase.java:116)
	at junit.framework.TestResult$1.protect(TestResult.java:122)
	at junit.framework.TestResult.runProtected(TestResult.java:142)
	at junit.framework.TestResult.run(TestResult.java:125)
	at junit.framework.TestCase.run(TestCase.java:129)
	at junit.framework.TestSuite.runTest(TestSuite.java:255)
	at junit.framework.TestSuite.run(TestSuite.java:250)
	at org.junit.internal.runners.JUnit38ClassRunner.run(JUnit38ClassRunner.java:84)
	at org.apache.maven.surefire.junit4.JUnit4TestSet.execute(JUnit4TestSet.java:35)
	at org.apache.maven.surefire.junit4.JUnit4Provider.executeTestSet(JUnit4Provider.java:146)
	at org.apache.maven.surefire.junit4.JUnit4Provider.invoke(JUnit4Provider.java:97)
	at sun.reflect.NativeMethodAccessorImpl.invoke0(Native Method)
	at sun.reflect.NativeMethodAccessorImpl.invoke(NativeMethodAccessorImpl.java:62)
	at sun.reflect.DelegatingMethodAccessorImpl.invoke(DelegatingMethodAccessorImpl.java:43)
	at java.lang.reflect.Method.invoke(Method.java:498)
	at org.apache.maven.surefire.booter.ProviderFactory$ClassLoaderProxy.invoke(ProviderFactory.java:103)
	at com.sun.proxy.$Proxy0.invoke(Unknown Source)
	at org.apache.maven.surefire.booter.SurefireStarter.invokeProvider(SurefireStarter.java:145)
	at org.apache.maven.surefire.booter.SurefireStarter.runSuitesInProcess(SurefireStarter.java:87)
	at org.apache.maven.surefire.booter.ForkedBooter.main(ForkedBooter.java:69)
Caused by: org.h2.jdbc.JdbcSQLException: Syntax error in SQL statement &quot;SELECT RES.* 
       
    FROM ACT_RE_PROCDEF RES
     
     WHERE  RES.DEPLOYMENT_ID_ = ? 
   
     ORDER BY  ORDER[*] BY RES.ID_ ASC  
    LIMIT ? OFFSET ? &quot;; expected &quot;=, NOT, EXISTS, INTERSECTS, SELECT, FROM&quot;; SQL statement:
select RES.* 
       
    from ACT_RE_PROCDEF RES
     
     WHERE  RES.DEPLOYMENT_ID_ = ? 
   
     order by  order by RES.ID_ asc  
    LIMIT ? OFFSET ? [42001-176]
	at org.h2.message.DbException.getJdbcSQLException(DbException.java:344)
	at org.h2.message.DbException.getSyntaxError(DbException.java:204)
	at org.h2.command.Parser.getSyntaxError(Parser.java:524)
	at org.h2.command.Parser.readTerm(Parser.java:2688)
	at org.h2.command.Parser.readFactor(Parser.java:2244)
	at org.h2.command.Parser.readSum(Parser.java:2231)
	at org.h2.command.Parser.readConcat(Parser.java:2201)
	at org.h2.command.Parser.readCondition(Parser.java:2051)
	at org.h2.command.Parser.readAnd(Parser.java:2023)
	at org.h2.command.Parser.readExpression(Parser.java:2015)
	at org.h2.command.Parser.parseEndOfQuery(Parser.java:1726)
	at org.h2.command.Parser.parseSelectUnionExtension(Parser.java:1706)
	at org.h2.command.Parser.parseSelectUnion(Parser.java:1675)
	at org.h2.command.Parser.parseSelect(Parser.java:1662)
	at org.h2.command.Parser.parsePrepared(Parser.java:434)
	at org.h2.command.Parser.parse(Parser.java:306)
	at org.h2.command.Parser.parse(Parser.java:282)
	at org.h2.command.Parser.prepareCommand(Parser.java:243)
	at org.h2.engine.Session.prepareLocal(Session.java:442)
	at org.h2.engine.Session.prepareCommand(Session.java:384)
	at org.h2.jdbc.JdbcConnection.prepareCommand(JdbcConnection.java:1188)
	at org.h2.jdbc.JdbcPreparedStatement.&lt;init&gt;(JdbcPreparedStatement.java:73)
	at org.h2.jdbc.JdbcConnection.prepareStatement(JdbcConnection.java:276)
	at sun.reflect.GeneratedMethodAccessor6.invoke(Unknown Source)
	at sun.reflect.DelegatingMethodAccessorImpl.invoke(DelegatingMethodAccessorImpl.java:43)
	at java.lang.reflect.Method.invoke(Method.java:498)
	at org.apache.ibatis.datasource.pooled.PooledConnection.invoke(PooledConnection.java:245)
	at com.sun.proxy.$Proxy12.prepareStatement(Unknown Source)
	at sun.reflect.GeneratedMethodAccessor6.invoke(Unknown Source)
	at sun.reflect.DelegatingMethodAccessorImpl.invoke(DelegatingMethodAccessorImpl.java:43)
	at java.lang.reflect.Method.invoke(Method.java:498)
	at org.apache.ibatis.logging.jdbc.ConnectionLogger.invoke(ConnectionLogger.java:55)
	at com.sun.proxy.$Proxy12.prepareStatement(Unknown Source)
	at org.apache.ibatis.executor.statement.PreparedStatementHandler.instantiateStatement(PreparedStatementHandler.java:79)
	at org.apache.ibatis.executor.statement.BaseStatementHandler.prepare(BaseStatementHandler.java:88)
	at org.apache.ibatis.executor.statement.RoutingStatementHandler.prepare(RoutingStatementHandler.java:58)
	at org.apache.ibatis.executor.SimpleExecutor.prepareStatement(SimpleExecutor.java:76)
	at org.apache.ibatis.executor.SimpleExecutor.doQuery(SimpleExecutor.java:61)
	at org.apache.ibatis.executor.BaseExecutor.queryFromDatabase(BaseExecutor.java:303)
	at org.apache.ibatis.executor.BaseExecutor.query(BaseExecutor.java:154)
	at org.apache.ibatis.executor.CachingExecutor.query(CachingExecutor.java:102)
	at org.apache.ibatis.executor.CachingExecutor.query(CachingExecutor.java:82)
	at org.apache.ibatis.session.defaults.DefaultSqlSession.selectList(DefaultSqlSession.java:120)
	... 37 more
</error>
    <system-out>@SLTests run: 27, Failures: 1, Errors: 26, Skipped: 0, Time elapsed: 4.95 sec &lt;&lt;&lt; FAILURE!
10:48:10,724 [Thread-102] DEBUG org.activiti.engine.impl.asyncexecutor.AcquireTimerJobsRunnable  - timer job acquisition thread woke up
10:48:10,724 [Thread-105] DEBUG org.activiti.engine.impl.asyncexecutor.AcquireTimerJobsRunnable  - timer job acquisition thread woke up
10:48:10,724 [Thread-103] DEBUG org.activiti.engine.impl.asyncexecutor.AcquireAsyncJobsDueRunnable  - async job acquisition thread woke up
10:48:10,724 [Thread-103] DEBUG org.activiti.engine.impl.interceptor.LogInterceptor  - 

10:48:10,724 [Thread-112] DEBUG org.activiti.engine.impl.asyncexecutor.AcquireAsyncJobsDueRunnable  - async job acquisition thread woke up
10:48:10,724 [Thread-112] DEBUG org.activiti.engine.impl.interceptor.LogInterceptor  - 

10:48:10,724 [Thread-112] DEBUG org.activiti.engine.impl.interceptor.LogInterceptor  - --- starting AcquireAsyncJobsDueCmd --------------------------------------------------------
10:48:10,724 [Thread-106] DEBUG org.activiti.engine.impl.asyncexecutor.AcquireAsyncJobsDueRunnable  - async job acquisition thread woke up
10:48:10,724 [Thread-106] DEBUG org.activiti.engine.impl.interceptor.LogInterceptor  - 

10:48:10,724 [Thread-106] DEBUG org.activiti.engine.impl.interceptor.LogInterceptor  - --- starting AcquireAsyncJobsDueCmd --------------------------------------------------------
10:48:10,724 [Thread-111] DEBUG org.activiti.engine.impl.asyncexecutor.AcquireTimerJobsRunnable  - timer job acquisition thread woke up
10:48:10,724 [Thread-111] DEBUG org.activiti.engine.impl.interceptor.LogInterceptor  - 

10:48:10,724 [Thread-111] DEBUG org.activiti.engine.impl.interceptor.LogInterceptor  - --- starting AcquireTimerJobsCmd --------------------------------------------------------
10:48:10,724 [Thread-106] DEBUG org.apache.ibatis.transaction.jdbc.JdbcTransaction  - Opening JDBC Connection
10:48:10,724 [Thread-106] DEBUG org.apache.ibatis.datasource.pooled.PooledDataSource  - Checked out connection 996762054 from pool.
10:48:10,724 [Thread-112] DEBUG org.apache.ibatis.transaction.jdbc.JdbcTransaction  - Opening JDBC Connection
10:48:10,724 [Thread-112] DEBUG org.apache.ibatis.datasource.pooled.PooledDataSource  - Checked out connection 604408605 from pool.
10:48:10,724 [Thread-103] DEBUG org.activiti.engine.impl.interceptor.LogInterceptor  - --- starting AcquireAsyncJobsDueCmd --------------------------------------------------------
10:48:10,724 [Thread-105] DEBUG org.activiti.engine.impl.interceptor.LogInterceptor  - 

10:48:10,725 [Thread-105] DEBUG org.activiti.engine.impl.interceptor.LogInterceptor  - --- starting AcquireTimerJobsCmd --------------------------------------------------------
10:48:10,724 [Thread-102] DEBUG org.activiti.engine.impl.interceptor.LogInterceptor  - 

10:48:10,725 [Thread-102] DEBUG org.activiti.engine.impl.interceptor.LogInterceptor  - --- starting AcquireTimerJobsCmd --------------------------------------------------------
10:48:10,725 [Thread-105] DEBUG org.apache.ibatis.transaction.jdbc.JdbcTransaction  - Opening JDBC Connection
10:48:10,725 [Thread-105] DEBUG org.apache.ibatis.datasource.pooled.PooledDataSource  - Checked out connection 1970103261 from pool.
10:48:10,725 [Thread-105] DEBUG org.apache.ibatis.transaction.jdbc.JdbcTransaction  - Setting autocommit to false on JDBC Connection [conn63: url=jdbc:h2:mem:activiti-AsyncExecutorTest user=SA]
10:48:10,725 [Thread-103] DEBUG org.apache.ibatis.transaction.jdbc.JdbcTransaction  - Opening JDBC Connection
10:48:10,725 [Thread-103] DEBUG org.apache.ibatis.datasource.pooled.PooledDataSource  - Checked out connection 157985567 from pool.
10:48:10,725 [Thread-103] DEBUG org.apache.ibatis.transaction.jdbc.JdbcTransaction  - Setting autocommit to false on JDBC Connection [conn61: url=jdbc:h2:mem:activiti-AsyncExecutorTest user=SA]
10:48:10,725 [Thread-112] DEBUG org.apache.ibatis.transaction.jdbc.JdbcTransaction  - Setting autocommit to false on JDBC Connection [conn70: url=jdbc:h2:mem:activiti-AsyncExecutorTest user=SA]
10:48:10,724 [Thread-106] DEBUG org.apache.ibatis.transaction.jdbc.JdbcTransaction  - Setting autocommit to false on JDBC Connection [conn65: url=jdbc:h2:mem:activiti-AsyncExecutorTest user=SA]
10:48:10,725 [Thread-106] DEBUG org.activiti.engine.impl.persistence.entity.JobEntity.selectAsyncJobsDueToExecute  - ==&gt;  Preparing: select RES.* from ACT_RU_JOB RES LEFT OUTER JOIN ACT_RU_EXECUTION PI ON PI.ID_ = RES.PROCESS_INSTANCE_ID_ where RES.RETRIES_ &gt; 0 and RES.DUEDATE_ is not null and RES.DUEDATE_ &lt;= ? and (RES.LOCK_EXP_TIME_ is null or RES.LOCK_EXP_TIME_ &lt;= ?) and TYPE_ = &apos;message&apos; and ( (RES.EXECUTION_ID_ is null) or (PI.SUSPENSION_STATE_ = 1) ) LIMIT ? OFFSET ? 
10:48:10,724 [Thread-111] DEBUG org.apache.ibatis.transaction.jdbc.JdbcTransaction  - Opening JDBC Connection
10:48:10,725 [Thread-111] DEBUG org.apache.ibatis.datasource.pooled.PooledDataSource  - Checked out connection 1863805930 from pool.
10:48:10,725 [Thread-111] DEBUG org.apache.ibatis.transaction.jdbc.JdbcTransaction  - Setting autocommit to false on JDBC Connection [conn69: url=jdbc:h2:mem:activiti-AsyncExecutorTest user=SA]
10:48:10,725 [Thread-106] DEBUG org.activiti.engine.impl.persistence.entity.JobEntity.selectAsyncJobsDueToExecute  - ==&gt; Parameters: 2001-01-01 01:23:46.0(Timestamp), 2001-01-01 01:23:46.0(Timestamp), 1(Integer), 0(Integer)
10:48:10,725 [Thread-112] DEBUG org.activiti.engine.impl.persistence.entity.JobEntity.selectAsyncJobsDueToExecute  - ==&gt;  Preparing: select RES.* from ACT_RU_JOB RES LEFT OUTER JOIN ACT_RU_EXECUTION PI ON PI.ID_ = RES.PROCESS_INSTANCE_ID_ where RES.RETRIES_ &gt; 0 and RES.DUEDATE_ is not null and RES.DUEDATE_ &lt;= ? and (RES.LOCK_EXP_TIME_ is null or RES.LOCK_EXP_TIME_ &lt;= ?) and TYPE_ = &apos;message&apos; and ( (RES.EXECUTION_ID_ is null) or (PI.SUSPENSION_STATE_ = 1) ) LIMIT ? OFFSET ? 
10:48:10,725 [Thread-103] DEBUG org.activiti.engine.impl.persistence.entity.JobEntity.selectAsyncJobsDueToExecute  - ==&gt;  Preparing: select RES.* from ACT_RU_JOB RES LEFT OUTER JOIN ACT_RU_EXECUTION PI ON PI.ID_ = RES.PROCESS_INSTANCE_ID_ where RES.RETRIES_ &gt; 0 and RES.DUEDATE_ is not null and RES.DUEDATE_ &lt;= ? and (RES.LOCK_EXP_TIME_ is null or RES.LOCK_EXP_TIME_ &lt;= ?) and TYPE_ = &apos;message&apos; and ( (RES.EXECUTION_ID_ is null) or (PI.SUSPENSION_STATE_ = 1) ) LIMIT ? OFFSET ? 
10:48:10,725 [Thread-105] DEBUG org.activiti.engine.impl.persistence.entity.JobEntity.selectNextTimerJobsToExecute  - ==&gt;  Preparing: select RES.* from ACT_RU_JOB RES LEFT OUTER JOIN ACT_RU_EXECUTION PI ON PI.ID_ = RES.PROCESS_INSTANCE_ID_ where (RES.RETRIES_ &gt; 0) and (RES.DUEDATE_ is null or RES.DUEDATE_ &lt;= ?) and (RES.LOCK_OWNER_ is null or RES.LOCK_EXP_TIME_ &lt;= ?) and TYPE_ = &apos;timer&apos; and ( (RES.EXECUTION_ID_ is null) or (PI.SUSPENSION_STATE_ = 1) ) LIMIT ? OFFSET ? 
10:48:10,725 [Thread-102] DEBUG org.apache.ibatis.transaction.jdbc.JdbcTransaction  - Opening JDBC Connection
10:48:10,725 [Thread-102] DEBUG org.apache.ibatis.datasource.pooled.PooledDataSource  - Checked out connection 720039383 from pool.
10:48:10,725 [Thread-102] DEBUG org.apache.ibatis.transaction.jdbc.JdbcTransaction  - Setting autocommit to false on JDBC Connection [conn59: url=jdbc:h2:mem:activiti-AsyncExecutorTest user=SA]
10:48:10,725 [Thread-105] DEBUG org.activiti.engine.impl.persistence.entity.JobEntity.selectNextTimerJobsToExecute  - ==&gt; Parameters: 2001-01-01 01:23:46.0(Timestamp), 2001-01-01 01:23:46.0(Timestamp), 1(Integer), 0(Integer)
10:48:10,725 [Thread-103] DEBUG org.activiti.engine.impl.persistence.entity.JobEntity.selectAsyncJobsDueToExecute  - ==&gt; Parameters: 2001-01-01 01:23:46.0(Timestamp), 2001-01-01 01:23:46.0(Timestamp), 1(Integer), 0(Integer)
10:48:10,726 [Thread-103] DEBUG org.activiti.engine.impl.persistence.entity.JobEntity.selectAsyncJobsDueToExecute  - &lt;==      Total: 0
10:48:10,726 [Thread-103] DEBUG org.activiti.engine.impl.db.DbSqlSession  - flush summary: 0 insert, 0 update, 0 delete.
10:48:10,726 [Thread-103] DEBUG org.activiti.engine.impl.db.DbSqlSession  - now executing flush...
10:48:10,725 [Thread-112] DEBUG org.activiti.engine.impl.persistence.entity.JobEntity.selectAsyncJobsDueToExecute  - ==&gt; Parameters: 2001-01-01 01:23:46.0(Timestamp), 2001-01-01 01:23:46.0(Timestamp), 1(Integer), 0(Integer)
10:48:10,725 [Thread-106] DEBUG org.activiti.engine.impl.persistence.entity.JobEntity.selectAsyncJobsDueToExecute  - &lt;==      Total: 0
10:48:10,725 [Thread-111] DEBUG org.activiti.engine.impl.persistence.entity.JobEntity.selectNextTimerJobsToExecute  - ==&gt;  Preparing: select RES.* from ACT_RU_JOB RES LEFT OUTER JOIN ACT_RU_EXECUTION PI ON PI.ID_ = RES.PROCESS_INSTANCE_ID_ where (RES.RETRIES_ &gt; 0) and (RES.DUEDATE_ is null or RES.DUEDATE_ &lt;= ?) and (RES.LOCK_OWNER_ is null or RES.LOCK_EXP_TIME_ &lt;= ?) and TYPE_ = &apos;timer&apos; and ( (RES.EXECUTION_ID_ is null) or (PI.SUSPENSION_STATE_ = 1) ) LIMIT ? OFFSET ? 
10:48:10,726 [Thread-106] DEBUG org.activiti.engine.impl.db.DbSqlSession  - flush summary: 0 insert, 0 update, 0 delete.
10:48:10,726 [Thread-106] DEBUG org.activiti.engine.impl.db.DbSqlSession  - now executing flush...
10:48:10,726 [Thread-106] DEBUG org.activiti.engine.impl.cfg.standalone.StandaloneMybatisTransactionContext  - firing event committing...
10:48:10,726 [Thread-106] DEBUG org.activiti.engine.impl.cfg.standalone.StandaloneMybatisTransactionContext  - committing the ibatis sql session...
10:48:10,726 [Thread-106] DEBUG org.activiti.engine.impl.cfg.standalone.StandaloneMybatisTransactionContext  - firing event committed...
10:48:10,726 [Thread-112] DEBUG org.activiti.engine.impl.persistence.entity.JobEntity.selectAsyncJobsDueToExecute  - &lt;==      Total: 0
10:48:10,726 [Thread-103] DEBUG org.activiti.engine.impl.cfg.standalone.StandaloneMybatisTransactionContext  - firing event committing...
10:48:10,726 [Thread-103] DEBUG org.activiti.engine.impl.cfg.standalone.StandaloneMybatisTransactionContext  - committing the ibatis sql session...
10:48:10,726 [Thread-103] DEBUG org.activiti.engine.impl.cfg.standalone.StandaloneMybatisTransactionContext  - firing event committed...
10:48:10,726 [Thread-103] DEBUG org.apache.ibatis.transaction.jdbc.JdbcTransaction  - Resetting autocommit to true on JDBC Connection [conn61: url=jdbc:h2:mem:activiti-AsyncExecutorTest user=SA]
10:48:10,726 [Thread-105] DEBUG org.activiti.engine.impl.persistence.entity.JobEntity.selectNextTimerJobsToExecute  - &lt;==      Total: 0
10:48:10,726 [Thread-105] DEBUG org.activiti.engine.impl.db.DbSqlSession  - flush summary: 0 insert, 0 update, 0 delete.
10:48:10,726 [Thread-105] DEBUG org.activiti.engine.impl.db.DbSqlSession  - now executing flush...
10:48:10,726 [Thread-105] DEBUG org.activiti.engine.impl.cfg.standalone.StandaloneMybatisTransactionContext  - firing event committing...
10:48:10,726 [Thread-105] DEBUG org.activiti.engine.impl.cfg.standalone.StandaloneMybatisTransactionContext  - committing the ibatis sql session...
10:48:10,726 [Thread-105] DEBUG org.activiti.engine.impl.cfg.standalone.StandaloneMybatisTransactionContext  - firing event committed...
10:48:10,726 [Thread-105] DEBUG org.apache.ibatis.transaction.jdbc.JdbcTransaction  - Resetting autocommit to true on JDBC Connection [conn63: url=jdbc:h2:mem:activiti-AsyncExecutorTest user=SA]
10:48:10,727 [Thread-105] DEBUG org.apache.ibatis.transaction.jdbc.JdbcTransaction  - Closing JDBC Connection [conn63: url=jdbc:h2:mem:activiti-AsyncExecutorTest user=SA]
10:48:10,726 [Thread-102] DEBUG org.activiti.engine.impl.persistence.entity.JobEntity.selectNextTimerJobsToExecute  - ==&gt;  Preparing: select RES.* from ACT_RU_JOB RES LEFT OUTER JOIN ACT_RU_EXECUTION PI ON PI.ID_ = RES.PROCESS_INSTANCE_ID_ where (RES.RETRIES_ &gt; 0) and (RES.DUEDATE_ is null or RES.DUEDATE_ &lt;= ?) and (RES.LOCK_OWNER_ is null or RES.LOCK_EXP_TIME_ &lt;= ?) and TYPE_ = &apos;timer&apos; and ( (RES.EXECUTION_ID_ is null) or (PI.SUSPENSION_STATE_ = 1) ) LIMIT ? OFFSET ? 
10:48:10,727 [Thread-105] DEBUG org.apache.ibatis.datasource.pooled.PooledDataSource  - Returned connection 1970103261 to pool.
10:48:10,727 [Thread-105] DEBUG org.activiti.engine.impl.interceptor.LogInterceptor  - --- AcquireTimerJobsCmd finished --------------------------------------------------------
10:48:10,727 [Thread-105] DEBUG org.activiti.engine.impl.interceptor.LogInterceptor  - 

10:48:10,726 [Thread-103] DEBUG org.apache.ibatis.transaction.jdbc.JdbcTransaction  - Closing JDBC Connection [conn61: url=jdbc:h2:mem:activiti-AsyncExecutorTest user=SA]
10:48:10,727 [Thread-103] DEBUG org.apache.ibatis.datasource.pooled.PooledDataSource  - Returned connection 157985567 to pool.
10:48:10,727 [Thread-103] DEBUG org.activiti.engine.impl.interceptor.LogInterceptor  - --- AcquireAsyncJobsDueCmd finished --------------------------------------------------------
10:48:10,727 [Thread-103] DEBUG org.activiti.engine.impl.interceptor.LogInterceptor  - 

10:48:10,726 [Thread-112] DEBUG org.activiti.engine.impl.db.DbSqlSession  - flush summary: 0 insert, 0 update, 0 delete.
10:48:10,727 [Thread-112] DEBUG org.activiti.engine.impl.db.DbSqlSession  - now executing flush...
10:48:10,727 [Thread-112] DEBUG org.activiti.engine.impl.cfg.standalone.StandaloneMybatisTransactionContext  - firing event committing...
10:48:10,727 [Thread-112] DEBUG org.activiti.engine.impl.cfg.standalone.StandaloneMybatisTransactionContext  - committing the ibatis sql session...
10:48:10,727 [Thread-112] DEBUG org.activiti.engine.impl.cfg.standalone.StandaloneMybatisTransactionContext  - firing event committed...
10:48:10,727 [Thread-112] DEBUG org.apache.ibatis.transaction.jdbc.JdbcTransaction  - Resetting autocommit to true on JDBC Connection [conn70: url=jdbc:h2:mem:activiti-AsyncExecutorTest user=SA]
10:48:10,727 [Thread-112] DEBUG org.apache.ibatis.transaction.jdbc.JdbcTransaction  - Closing JDBC Connection [conn70: url=jdbc:h2:mem:activiti-AsyncExecutorTest user=SA]
10:48:10,726 [Thread-106] DEBUG org.apache.ibatis.transaction.jdbc.JdbcTransaction  - Resetting autocommit to true on JDBC Connection [conn65: url=jdbc:h2:mem:activiti-AsyncExecutorTest user=SA]
10:48:10,727 [Thread-106] DEBUG org.apache.ibatis.transaction.jdbc.JdbcTransaction  - Closing JDBC Connection [conn65: url=jdbc:h2:mem:activiti-AsyncExecutorTest user=SA]
10:48:10,727 [Thread-106] DEBUG org.apache.ibatis.datasource.pooled.PooledDataSource  - Returned connection 996762054 to pool.
10:48:10,727 [Thread-106] DEBUG org.activiti.engine.impl.interceptor.LogInterceptor  - --- AcquireAsyncJobsDueCmd finished --------------------------------------------------------
10:48:10,727 [Thread-106] DEBUG org.activiti.engine.impl.interceptor.LogInterceptor  - 

10:48:10,727 [Thread-106] DEBUG org.activiti.engine.impl.asyncexecutor.AcquireAsyncJobsDueRunnable  - async job acquisition thread sleeping for 50 millis
10:48:10,726 [Thread-111] DEBUG org.activiti.engine.impl.persistence.entity.JobEntity.selectNextTimerJobsToExecute  - ==&gt; Parameters: 2001-01-01 01:23:46.0(Timestamp), 2001-01-01 01:23:46.0(Timestamp), 1(Integer), 0(Integer)
10:48:10,727 [Thread-112] DEBUG org.apache.ibatis.datasource.pooled.PooledDataSource  - Returned connection 604408605 to pool.
10:48:10,727 [Thread-112] DEBUG org.activiti.engine.impl.interceptor.LogInterceptor  - --- AcquireAsyncJobsDueCmd finished --------------------------------------------------------
10:48:10,727 [Thread-112] DEBUG org.activiti.engine.impl.interceptor.LogInterceptor  - 

10:48:10,727 [Thread-112] DEBUG org.activiti.engine.impl.asyncexecutor.AcquireAsyncJobsDueRunnable  - async job acquisition thread sleeping for 50 millis
10:48:10,727 [Thread-103] DEBUG org.activiti.engine.impl.asyncexecutor.AcquireAsyncJobsDueRunnable  - async job acquisition thread sleeping for 50 millis
10:48:10,727 [Thread-105] DEBUG org.activiti.engine.impl.asyncexecutor.AcquireTimerJobsRunnable  - timer job acquisition thread sleeping for 50 millis
10:48:10,727 [Thread-102] DEBUG org.activiti.engine.impl.persistence.entity.JobEntity.selectNextTimerJobsToExecute  - ==&gt; Parameters: 2001-01-01 01:23:46.0(Timestamp), 2001-01-01 01:23:46.0(Timestamp), 1(Integer), 0(Integer)
10:48:10,727 [Thread-111] DEBUG org.activiti.engine.impl.persistence.entity.JobEntity.selectNextTimerJobsToExecute  - &lt;==      Total: 0
10:48:10,727 [Thread-102] DEBUG org.activiti.engine.impl.persistence.entity.JobEntity.selectNextTimerJobsToExecute  - &lt;==      Total: 0
10:48:10,728 [Thread-102] DEBUG org.activiti.engine.impl.db.DbSqlSession  - flush summary: 0 insert, 0 update, 0 delete.
10:48:10,728 [Thread-102] DEBUG org.activiti.engine.impl.db.DbSqlSession  - now executing flush...
10:48:10,728 [Thread-102] DEBUG org.activiti.engine.impl.cfg.standalone.StandaloneMybatisTransactionContext  - firing event committing...
10:48:10,728 [Thread-102] DEBUG org.activiti.engine.impl.cfg.standalone.StandaloneMybatisTransactionContext  - committing the ibatis sql session...
10:48:10,728 [Thread-102] DEBUG org.activiti.engine.impl.cfg.standalone.StandaloneMybatisTransactionContext  - firing event committed...
10:48:10,728 [Thread-102] DEBUG org.apache.ibatis.transaction.jdbc.JdbcTransaction  - Resetting autocommit to true on JDBC Connection [conn59: url=jdbc:h2:mem:activiti-AsyncExecutorTest user=SA]
10:48:10,728 [Thread-102] DEBUG org.apache.ibatis.transaction.jdbc.JdbcTransaction  - Closing JDBC Connection [conn59: url=jdbc:h2:mem:activiti-AsyncExecutorTest user=SA]
10:48:10,728 [Thread-102] DEBUG org.apache.ibatis.datasource.pooled.PooledDataSource  - Returned connection 720039383 to pool.
10:48:10,728 [Thread-102] DEBUG org.activiti.engine.impl.interceptor.LogInterceptor  - --- AcquireTimerJobsCmd finished --------------------------------------------------------
10:48:10,728 [Thread-102] DEBUG org.activiti.engine.impl.interceptor.LogInterceptor  - 

10:48:10,728 [Thread-102] DEBUG org.activiti.engine.impl.asyncexecutor.AcquireTimerJobsRunnable  - timer job acquisition thread sleeping for 50 millis
10:48:10,727 [Thread-111] DEBUG org.activiti.engine.impl.db.DbSqlSession  - flush summary: 0 insert, 0 update, 0 delete.
10:48:10,728 [Thread-111] DEBUG org.activiti.engine.impl.db.DbSqlSession  - now executing flush...
10:48:10,728 [Thread-111] DEBUG org.activiti.engine.impl.cfg.standalone.StandaloneMybatisTransactionContext  - firing event committing...
10:48:10,728 [Thread-111] DEBUG org.activiti.engine.impl.cfg.standalone.StandaloneMybatisTransactionContext  - committing the ibatis sql session...
10:48:10,728 [Thread-111] DEBUG org.activiti.engine.impl.cfg.standalone.StandaloneMybatisTransactionContext  - firing event committed...
10:48:10,728 [Thread-111] DEBUG org.apache.ibatis.transaction.jdbc.JdbcTransaction  - Resetting autocommit to true on JDBC Connection [conn69: url=jdbc:h2:mem:activiti-AsyncExecutorTest user=SA]
10:48:10,728 [Thread-111] DEBUG org.apache.ibatis.transaction.jdbc.JdbcTransaction  - Closing JDBC Connection [conn69: url=jdbc:h2:mem:activiti-AsyncExecutorTest user=SA]
10:48:10,728 [Thread-111] DEBUG org.apache.ibatis.datasource.pooled.PooledDataSource  - Returned connection 1863805930 to pool.
10:48:10,728 [Thread-111] DEBUG org.activiti.engine.impl.interceptor.LogInterceptor  - --- AcquireTimerJobsCmd finished --------------------------------------------------------
10:48:10,728 [Thread-111] DEBUG org.activiti.engine.impl.interceptor.LogInterceptor  - 

10:48:10,728 [Thread-111] DEBUG org.activiti.engine.impl.asyncexecutor.AcquireTimerJobsRunnable  - timer job acquisition thread sleeping for 50 millis
@SLRunning org.activiti.standalone.idgenerator.UuidGeneratorTest
10:48:10,749 [main] DEBUG org.springframework.core.env.StandardEnvironment  - Adding [systemProperties] PropertySource with lowest search precedence
10:48:10,749 [main] DEBUG org.springframework.core.env.StandardEnvironment  - Adding [systemEnvironment] PropertySource with lowest search precedence
10:48:10,749 [main] DEBUG org.springframework.core.env.StandardEnvironment  - Initialized StandardEnvironment with PropertySources [systemProperties,systemEnvironment]
10:48:10,749 [main] INFO  org.springframework.beans.factory.xml.XmlBeanDefinitionReader  - Loading XML bean definitions from class path resource [org/activiti/standalone/idgenerator/uuidgenerator.test.activiti.cfg.xml]
10:48:10,750 [main] DEBUG org.springframework.beans.factory.xml.DefaultDocumentLoader  - Using JAXP provider [com.sun.org.apache.xerces.internal.jaxp.DocumentBuilderFactoryImpl]
10:48:10,751 [main] DEBUG org.springframework.beans.factory.xml.PluggableSchemaResolver  - Loading schema mappings from [META-INF/spring.schemas]
10:48:10,751 [main] DEBUG org.springframework.beans.factory.xml.PluggableSchemaResolver  - Loaded schema mappings: {http://www.springframework.org/schema/beans/spring-beans-3.2.xsd=org/springframework/beans/factory/xml/spring-beans-3.2.xsd, http://www.springframework.org/schema/util/spring-util-3.0.xsd=org/springframework/beans/factory/xml/spring-util-3.0.xsd, http://www.springframework.org/schema/util/spring-util-4.1.xsd=org/springframework/beans/factory/xml/spring-util-4.1.xsd, http://www.springframework.org/schema/util/spring-util-2.0.xsd=org/springframework/beans/factory/xml/spring-util-2.0.xsd, http://www.springframework.org/schema/util/spring-util-2.5.xsd=org/springframework/beans/factory/xml/spring-util-2.5.xsd, http://www.springframework.org/schema/tool/spring-tool-3.0.xsd=org/springframework/beans/factory/xml/spring-tool-3.0.xsd, http://www.springframework.org/schema/tool/spring-tool-4.1.xsd=org/springframework/beans/factory/xml/spring-tool-4.1.xsd, http://www.springframework.org/schema/tool/spring-tool-2.0.xsd=org/springframework/beans/factory/xml/spring-tool-2.0.xsd, http://www.springframework.org/schema/util/spring-util-3.2.xsd=org/springframework/beans/factory/xml/spring-util-3.2.xsd, http://www.springframework.org/schema/beans/spring-beans-4.1.xsd=org/springframework/beans/factory/xml/spring-beans-4.1.xsd, http://www.springframework.org/schema/beans/spring-beans-2.0.xsd=org/springframework/beans/factory/xml/spring-beans-2.0.xsd, http://www.springframework.org/schema/tool/spring-tool-2.5.xsd=org/springframework/beans/factory/xml/spring-tool-2.5.xsd, http://www.springframework.org/schema/beans/spring-beans-3.1.xsd=org/springframework/beans/factory/xml/spring-beans-3.1.xsd, http://www.springframework.org/schema/beans/spring-beans-2.5.xsd=org/springframework/beans/factory/xml/spring-beans-2.5.xsd, http://www.springframework.org/schema/beans/spring-beans.xsd=org/springframework/beans/factory/xml/spring-beans-4.1.xsd, http://www.springframework.org/schema/tool/spring-tool.xsd=org/springframework/beans/factory/xml/spring-tool-4.1.xsd, http://www.springframework.org/schema/tool/spring-tool-3.2.xsd=org/springframework/beans/factory/xml/spring-tool-3.2.xsd, http://www.springframework.org/schema/util/spring-util-4.0.xsd=org/springframework/beans/factory/xml/spring-util-4.0.xsd, http://www.springframework.org/schema/tool/spring-tool-4.0.xsd=org/springframework/beans/factory/xml/spring-tool-4.0.xsd, http://www.springframework.org/schema/util/spring-util-3.1.xsd=org/springframework/beans/factory/xml/spring-util-3.1.xsd, http://www.springframework.org/schema/beans/spring-beans-4.0.xsd=org/springframework/beans/factory/xml/spring-beans-4.0.xsd, http://www.springframework.org/schema/beans/spring-beans-3.0.xsd=org/springframework/beans/factory/xml/spring-beans-3.0.xsd, http://www.springframework.org/schema/tool/spring-tool-3.1.xsd=org/springframework/beans/factory/xml/spring-tool-3.1.xsd, http://www.springframework.org/schema/util/spring-util.xsd=org/springframework/beans/factory/xml/spring-util-4.1.xsd}
10:48:10,751 [main] DEBUG org.springframework.beans.factory.xml.PluggableSchemaResolver  - Found XML schema [http://www.springframework.org/schema/beans/spring-beans.xsd] in classpath: org/springframework/beans/factory/xml/spring-beans-4.1.xsd
10:48:10,752 [main] DEBUG org.springframework.beans.factory.xml.DefaultBeanDefinitionDocumentReader  - Loading bean definitions
10:48:10,752 [main] DEBUG org.springframework.beans.factory.xml.BeanDefinitionParserDelegate  - Neither XML &apos;id&apos; nor &apos;name&apos; specified - using generated bean name [org.activiti.engine.impl.persistence.StrongUuidGenerator#23a946cc]
10:48:10,753 [main] DEBUG org.springframework.beans.factory.support.DefaultListableBeanFactory  - Creating shared instance of singleton bean &apos;processEngineConfiguration&apos;
10:48:10,753 [main] DEBUG org.springframework.beans.factory.support.DefaultListableBeanFactory  - Creating instance of bean &apos;processEngineConfiguration&apos;
10:48:10,753 [main] DEBUG org.springframework.beans.factory.support.DefaultListableBeanFactory  - Eagerly caching bean &apos;processEngineConfiguration&apos; to allow for resolving potential circular references
10:48:10,753 [main] DEBUG org.springframework.beans.factory.support.DefaultListableBeanFactory  - Creating instance of bean &apos;org.activiti.engine.impl.persistence.StrongUuidGenerator#23a946cc&apos;
10:48:10,753 [main] DEBUG org.springframework.beans.factory.support.DefaultListableBeanFactory  - Finished creating instance of bean &apos;org.activiti.engine.impl.persistence.StrongUuidGenerator#23a946cc&apos;
10:48:10,753 [main] DEBUG org.springframework.beans.factory.support.DefaultListableBeanFactory  - Finished creating instance of bean &apos;processEngineConfiguration&apos;
10:48:10,753 [main] DEBUG org.activiti.engine.impl.cfg.ProcessEngineConfigurationImpl  - initializing datasource to db: jdbc:h2:mem:activiti-uuid-generator-test;DB_CLOSE_DELAY=1000;MVCC=TRUE
10:48:10,753 [main] DEBUG org.apache.ibatis.datasource.pooled.PooledDataSource  - PooledDataSource forcefully closed/removed all connections.
10:48:10,756 [main] DEBUG org.apache.ibatis.datasource.pooled.PooledDataSource  - Created connection 88071124.
10:48:10,756 [main] DEBUG org.activiti.engine.impl.cfg.ProcessEngineConfigurationImpl  - database product name: &apos;H2&apos;
10:48:10,756 [main] DEBUG org.activiti.engine.impl.cfg.ProcessEngineConfigurationImpl  - using database type: h2
10:48:10,756 [main] DEBUG org.apache.ibatis.datasource.pooled.PooledDataSource  - Returned connection 88071124 to pool.
10:48:10,787 [Thread-111] DEBUG org.activiti.engine.impl.asyncexecutor.AcquireTimerJobsRunnable  - timer job acquisition thread woke up
10:48:10,787 [Thread-105] DEBUG org.activiti.engine.impl.asyncexecutor.AcquireTimerJobsRunnable  - timer job acquisition thread woke up
10:48:10,787 [Thread-105] DEBUG org.activiti.engine.impl.interceptor.LogInterceptor  - 

10:48:10,787 [Thread-105] DEBUG org.activiti.engine.impl.interceptor.LogInterceptor  - --- starting AcquireTimerJobsCmd --------------------------------------------------------
10:48:10,787 [Thread-105] DEBUG org.apache.ibatis.transaction.jdbc.JdbcTransaction  - Opening JDBC Connection
10:48:10,787 [Thread-105] DEBUG org.apache.ibatis.datasource.pooled.PooledDataSource  - Checked out connection 54468349 from pool.
10:48:10,787 [Thread-105] DEBUG org.apache.ibatis.transaction.jdbc.JdbcTransaction  - Setting autocommit to false on JDBC Connection [conn64: url=jdbc:h2:mem:activiti-AsyncExecutorTest user=SA]
10:48:10,787 [Thread-105] DEBUG org.activiti.engine.impl.persistence.entity.JobEntity.selectNextTimerJobsToExecute  - ==&gt;  Preparing: select RES.* from ACT_RU_JOB RES LEFT OUTER JOIN ACT_RU_EXECUTION PI ON PI.ID_ = RES.PROCESS_INSTANCE_ID_ where (RES.RETRIES_ &gt; 0) and (RES.DUEDATE_ is null or RES.DUEDATE_ &lt;= ?) and (RES.LOCK_OWNER_ is null or RES.LOCK_EXP_TIME_ &lt;= ?) and TYPE_ = &apos;timer&apos; and ( (RES.EXECUTION_ID_ is null) or (PI.SUSPENSION_STATE_ = 1) ) LIMIT ? OFFSET ? 
10:48:10,787 [Thread-105] DEBUG org.activiti.engine.impl.persistence.entity.JobEntity.selectNextTimerJobsToExecute  - ==&gt; Parameters: 2001-01-01 01:23:46.0(Timestamp), 2001-01-01 01:23:46.0(Timestamp), 1(Integer), 0(Integer)
10:48:10,787 [Thread-105] DEBUG org.activiti.engine.impl.persistence.entity.JobEntity.selectNextTimerJobsToExecute  - &lt;==      Total: 0
10:48:10,787 [Thread-105] DEBUG org.activiti.engine.impl.db.DbSqlSession  - flush summary: 0 insert, 0 update, 0 delete.
10:48:10,787 [Thread-105] DEBUG org.activiti.engine.impl.db.DbSqlSession  - now executing flush...
10:48:10,787 [Thread-105] DEBUG org.activiti.engine.impl.cfg.standalone.StandaloneMybatisTransactionContext  - firing event committing...
10:48:10,787 [Thread-105] DEBUG org.activiti.engine.impl.cfg.standalone.StandaloneMybatisTransactionContext  - committing the ibatis sql session...
10:48:10,787 [Thread-111] DEBUG org.activiti.engine.impl.interceptor.LogInterceptor  - 

10:48:10,787 [Thread-111] DEBUG org.activiti.engine.impl.interceptor.LogInterceptor  - --- starting AcquireTimerJobsCmd --------------------------------------------------------
10:48:10,787 [Thread-106] DEBUG org.activiti.engine.impl.asyncexecutor.AcquireAsyncJobsDueRunnable  - async job acquisition thread woke up
10:48:10,787 [Thread-106] DEBUG org.activiti.engine.impl.interceptor.LogInterceptor  - 

10:48:10,788 [Thread-106] DEBUG org.activiti.engine.impl.interceptor.LogInterceptor  - --- starting AcquireAsyncJobsDueCmd --------------------------------------------------------
10:48:10,788 [Thread-106] DEBUG org.apache.ibatis.transaction.jdbc.JdbcTransaction  - Opening JDBC Connection
10:48:10,788 [Thread-106] DEBUG org.apache.ibatis.datasource.pooled.PooledDataSource  - Checked out connection 1970103261 from pool.
10:48:10,788 [Thread-106] DEBUG org.apache.ibatis.transaction.jdbc.JdbcTransaction  - Setting autocommit to false on JDBC Connection [conn63: url=jdbc:h2:mem:activiti-AsyncExecutorTest user=SA]
10:48:10,787 [Thread-112] DEBUG org.activiti.engine.impl.asyncexecutor.AcquireAsyncJobsDueRunnable  - async job acquisition thread woke up
10:48:10,788 [Thread-112] DEBUG org.activiti.engine.impl.interceptor.LogInterceptor  - 

10:48:10,788 [Thread-112] DEBUG org.activiti.engine.impl.interceptor.LogInterceptor  - --- starting AcquireAsyncJobsDueCmd --------------------------------------------------------
10:48:10,787 [Thread-103] DEBUG org.activiti.engine.impl.asyncexecutor.AcquireAsyncJobsDueRunnable  - async job acquisition thread woke up
10:48:10,788 [Thread-103] DEBUG org.activiti.engine.impl.interceptor.LogInterceptor  - 

10:48:10,788 [Thread-103] DEBUG org.activiti.engine.impl.interceptor.LogInterceptor  - --- starting AcquireAsyncJobsDueCmd --------------------------------------------------------
10:48:10,788 [Thread-103] DEBUG org.apache.ibatis.transaction.jdbc.JdbcTransaction  - Opening JDBC Connection
10:48:10,788 [Thread-103] DEBUG org.apache.ibatis.datasource.pooled.PooledDataSource  - Checked out connection 33534803 from pool.
10:48:10,788 [Thread-103] DEBUG org.apache.ibatis.transaction.jdbc.JdbcTransaction  - Setting autocommit to false on JDBC Connection [conn60: url=jdbc:h2:mem:activiti-AsyncExecutorTest user=SA]
10:48:10,788 [Thread-103] DEBUG org.activiti.engine.impl.persistence.entity.JobEntity.selectAsyncJobsDueToExecute  - ==&gt;  Preparing: select RES.* from ACT_RU_JOB RES LEFT OUTER JOIN ACT_RU_EXECUTION PI ON PI.ID_ = RES.PROCESS_INSTANCE_ID_ where RES.RETRIES_ &gt; 0 and RES.DUEDATE_ is not null and RES.DUEDATE_ &lt;= ? and (RES.LOCK_EXP_TIME_ is null or RES.LOCK_EXP_TIME_ &lt;= ?) and TYPE_ = &apos;message&apos; and ( (RES.EXECUTION_ID_ is null) or (PI.SUSPENSION_STATE_ = 1) ) LIMIT ? OFFSET ? 
10:48:10,788 [Thread-103] DEBUG org.activiti.engine.impl.persistence.entity.JobEntity.selectAsyncJobsDueToExecute  - ==&gt; Parameters: 2001-01-01 01:23:46.0(Timestamp), 2001-01-01 01:23:46.0(Timestamp), 1(Integer), 0(Integer)
10:48:10,787 [Thread-102] DEBUG org.activiti.engine.impl.asyncexecutor.AcquireTimerJobsRunnable  - timer job acquisition thread woke up
10:48:10,788 [Thread-102] DEBUG org.activiti.engine.impl.interceptor.LogInterceptor  - 

10:48:10,788 [Thread-102] DEBUG org.activiti.engine.impl.interceptor.LogInterceptor  - --- starting AcquireTimerJobsCmd --------------------------------------------------------
10:48:10,788 [Thread-103] DEBUG org.activiti.engine.impl.persistence.entity.JobEntity.selectAsyncJobsDueToExecute  - &lt;==      Total: 0
10:48:10,788 [Thread-103] DEBUG org.activiti.engine.impl.db.DbSqlSession  - flush summary: 0 insert, 0 update, 0 delete.
10:48:10,788 [Thread-103] DEBUG org.activiti.engine.impl.db.DbSqlSession  - now executing flush...
10:48:10,788 [Thread-103] DEBUG org.activiti.engine.impl.cfg.standalone.StandaloneMybatisTransactionContext  - firing event committing...
10:48:10,788 [Thread-103] DEBUG org.activiti.engine.impl.cfg.standalone.StandaloneMybatisTransactionContext  - committing the ibatis sql session...
10:48:10,788 [Thread-103] DEBUG org.activiti.engine.impl.cfg.standalone.StandaloneMybatisTransactionContext  - firing event committed...
10:48:10,788 [Thread-103] DEBUG org.apache.ibatis.transaction.jdbc.JdbcTransaction  - Resetting autocommit to true on JDBC Connection [conn60: url=jdbc:h2:mem:activiti-AsyncExecutorTest user=SA]
10:48:10,788 [Thread-112] DEBUG org.apache.ibatis.transaction.jdbc.JdbcTransaction  - Opening JDBC Connection
10:48:10,788 [Thread-112] DEBUG org.apache.ibatis.datasource.pooled.PooledDataSource  - Checked out connection 58501658 from pool.
10:48:10,788 [Thread-112] DEBUG org.apache.ibatis.transaction.jdbc.JdbcTransaction  - Setting autocommit to false on JDBC Connection [conn68: url=jdbc:h2:mem:activiti-AsyncExecutorTest user=SA]
10:48:10,788 [Thread-106] DEBUG org.activiti.engine.impl.persistence.entity.JobEntity.selectAsyncJobsDueToExecute  - ==&gt;  Preparing: select RES.* from ACT_RU_JOB RES LEFT OUTER JOIN ACT_RU_EXECUTION PI ON PI.ID_ = RES.PROCESS_INSTANCE_ID_ where RES.RETRIES_ &gt; 0 and RES.DUEDATE_ is not null and RES.DUEDATE_ &lt;= ? and (RES.LOCK_EXP_TIME_ is null or RES.LOCK_EXP_TIME_ &lt;= ?) and TYPE_ = &apos;message&apos; and ( (RES.EXECUTION_ID_ is null) or (PI.SUSPENSION_STATE_ = 1) ) LIMIT ? OFFSET ? 
10:48:10,787 [Thread-111] DEBUG org.apache.ibatis.transaction.jdbc.JdbcTransaction  - Opening JDBC Connection
10:48:10,788 [Thread-111] DEBUG org.apache.ibatis.datasource.pooled.PooledDataSource  - Checked out connection 604408605 from pool.
10:48:10,788 [Thread-111] DEBUG org.apache.ibatis.transaction.jdbc.JdbcTransaction  - Setting autocommit to false on JDBC Connection [conn70: url=jdbc:h2:mem:activiti-AsyncExecutorTest user=SA]
10:48:10,787 [Thread-105] DEBUG org.activiti.engine.impl.cfg.standalone.StandaloneMybatisTransactionContext  - firing event committed...
10:48:10,789 [Thread-105] DEBUG org.apache.ibatis.transaction.jdbc.JdbcTransaction  - Resetting autocommit to true on JDBC Connection [conn64: url=jdbc:h2:mem:activiti-AsyncExecutorTest user=SA]
10:48:10,788 [Thread-111] DEBUG org.activiti.engine.impl.persistence.entity.JobEntity.selectNextTimerJobsToExecute  - ==&gt;  Preparing: select RES.* from ACT_RU_JOB RES LEFT OUTER JOIN ACT_RU_EXECUTION PI ON PI.ID_ = RES.PROCESS_INSTANCE_ID_ where (RES.RETRIES_ &gt; 0) and (RES.DUEDATE_ is null or RES.DUEDATE_ &lt;= ?) and (RES.LOCK_OWNER_ is null or RES.LOCK_EXP_TIME_ &lt;= ?) and TYPE_ = &apos;timer&apos; and ( (RES.EXECUTION_ID_ is null) or (PI.SUSPENSION_STATE_ = 1) ) LIMIT ? OFFSET ? 
10:48:10,789 [Thread-111] DEBUG org.activiti.engine.impl.persistence.entity.JobEntity.selectNextTimerJobsToExecute  - ==&gt; Parameters: 2001-01-01 01:23:46.0(Timestamp), 2001-01-01 01:23:46.0(Timestamp), 1(Integer), 0(Integer)
10:48:10,788 [Thread-106] DEBUG org.activiti.engine.impl.persistence.entity.JobEntity.selectAsyncJobsDueToExecute  - ==&gt; Parameters: 2001-01-01 01:23:46.0(Timestamp), 2001-01-01 01:23:46.0(Timestamp), 1(Integer), 0(Integer)
10:48:10,788 [Thread-112] DEBUG org.activiti.engine.impl.persistence.entity.JobEntity.selectAsyncJobsDueToExecute  - ==&gt;  Preparing: select RES.* from ACT_RU_JOB RES LEFT OUTER JOIN ACT_RU_EXECUTION PI ON PI.ID_ = RES.PROCESS_INSTANCE_ID_ where RES.RETRIES_ &gt; 0 and RES.DUEDATE_ is not null and RES.DUEDATE_ &lt;= ? and (RES.LOCK_EXP_TIME_ is null or RES.LOCK_EXP_TIME_ &lt;= ?) and TYPE_ = &apos;message&apos; and ( (RES.EXECUTION_ID_ is null) or (PI.SUSPENSION_STATE_ = 1) ) LIMIT ? OFFSET ? 
10:48:10,788 [Thread-103] DEBUG org.apache.ibatis.transaction.jdbc.JdbcTransaction  - Closing JDBC Connection [conn60: url=jdbc:h2:mem:activiti-AsyncExecutorTest user=SA]
10:48:10,789 [Thread-103] DEBUG org.apache.ibatis.datasource.pooled.PooledDataSource  - Returned connection 33534803 to pool.
10:48:10,788 [Thread-102] DEBUG org.apache.ibatis.transaction.jdbc.JdbcTransaction  - Opening JDBC Connection
10:48:10,789 [Thread-102] DEBUG org.apache.ibatis.datasource.pooled.PooledDataSource  - Checked out connection 157985567 from pool.
10:48:10,789 [Thread-102] DEBUG org.apache.ibatis.transaction.jdbc.JdbcTransaction  - Setting autocommit to false on JDBC Connection [conn61: url=jdbc:h2:mem:activiti-AsyncExecutorTest user=SA]
10:48:10,789 [Thread-103] DEBUG org.activiti.engine.impl.interceptor.LogInterceptor  - --- AcquireAsyncJobsDueCmd finished --------------------------------------------------------
10:48:10,789 [Thread-103] DEBUG org.activiti.engine.impl.interceptor.LogInterceptor  - 

10:48:10,789 [Thread-112] DEBUG org.activiti.engine.impl.persistence.entity.JobEntity.selectAsyncJobsDueToExecute  - ==&gt; Parameters: 2001-01-01 01:23:46.0(Timestamp), 2001-01-01 01:23:46.0(Timestamp), 1(Integer), 0(Integer)
10:48:10,789 [Thread-106] DEBUG org.activiti.engine.impl.persistence.entity.JobEntity.selectAsyncJobsDueToExecute  - &lt;==      Total: 0
10:48:10,789 [Thread-111] DEBUG org.activiti.engine.impl.persistence.entity.JobEntity.selectNextTimerJobsToExecute  - &lt;==      Total: 0
10:48:10,789 [Thread-105] DEBUG org.apache.ibatis.transaction.jdbc.JdbcTransaction  - Closing JDBC Connection [conn64: url=jdbc:h2:mem:activiti-AsyncExecutorTest user=SA]
10:48:10,789 [Thread-105] DEBUG org.apache.ibatis.datasource.pooled.PooledDataSource  - Returned connection 54468349 to pool.
10:48:10,789 [Thread-105] DEBUG org.activiti.engine.impl.interceptor.LogInterceptor  - --- AcquireTimerJobsCmd finished --------------------------------------------------------
10:48:10,789 [Thread-105] DEBUG org.activiti.engine.impl.interceptor.LogInterceptor  - 

10:48:10,789 [Thread-105] DEBUG org.activiti.engine.impl.asyncexecutor.AcquireTimerJobsRunnable  - timer job acquisition thread sleeping for 50 millis
10:48:10,789 [Thread-111] DEBUG org.activiti.engine.impl.db.DbSqlSession  - flush summary: 0 insert, 0 update, 0 delete.
10:48:10,789 [Thread-111] DEBUG org.activiti.engine.impl.db.DbSqlSession  - now executing flush...
10:48:10,789 [Thread-111] DEBUG org.activiti.engine.impl.cfg.standalone.StandaloneMybatisTransactionContext  - firing event committing...
10:48:10,789 [Thread-111] DEBUG org.activiti.engine.impl.cfg.standalone.StandaloneMybatisTransactionContext  - committing the ibatis sql session...
10:48:10,789 [Thread-111] DEBUG org.activiti.engine.impl.cfg.standalone.StandaloneMybatisTransactionContext  - firing event committed...
10:48:10,789 [Thread-111] DEBUG org.apache.ibatis.transaction.jdbc.JdbcTransaction  - Resetting autocommit to true on JDBC Connection [conn70: url=jdbc:h2:mem:activiti-AsyncExecutorTest user=SA]
10:48:10,789 [Thread-106] DEBUG org.activiti.engine.impl.db.DbSqlSession  - flush summary: 0 insert, 0 update, 0 delete.
10:48:10,789 [Thread-106] DEBUG org.activiti.engine.impl.db.DbSqlSession  - now executing flush...
10:48:10,789 [Thread-106] DEBUG org.activiti.engine.impl.cfg.standalone.StandaloneMybatisTransactionContext  - firing event committing...
10:48:10,789 [Thread-106] DEBUG org.activiti.engine.impl.cfg.standalone.StandaloneMybatisTransactionContext  - committing the ibatis sql session...
10:48:10,789 [Thread-106] DEBUG org.activiti.engine.impl.cfg.standalone.StandaloneMybatisTransactionContext  - firing event committed...
10:48:10,789 [Thread-106] DEBUG org.apache.ibatis.transaction.jdbc.JdbcTransaction  - Resetting autocommit to true on JDBC Connection [conn63: url=jdbc:h2:mem:activiti-AsyncExecutorTest user=SA]
10:48:10,789 [Thread-112] DEBUG org.activiti.engine.impl.persistence.entity.JobEntity.selectAsyncJobsDueToExecute  - &lt;==      Total: 0
10:48:10,789 [Thread-112] DEBUG org.activiti.engine.impl.db.DbSqlSession  - flush summary: 0 insert, 0 update, 0 delete.
10:48:10,789 [Thread-112] DEBUG org.activiti.engine.impl.db.DbSqlSession  - now executing flush...
10:48:10,789 [Thread-112] DEBUG org.activiti.engine.impl.cfg.standalone.StandaloneMybatisTransactionContext  - firing event committing...
10:48:10,789 [Thread-112] DEBUG org.activiti.engine.impl.cfg.standalone.StandaloneMybatisTransactionContext  - committing the ibatis sql session...
10:48:10,790 [Thread-112] DEBUG org.activiti.engine.impl.cfg.standalone.StandaloneMybatisTransactionContext  - firing event committed...
10:48:10,790 [Thread-112] DEBUG org.apache.ibatis.transaction.jdbc.JdbcTransaction  - Resetting autocommit to true on JDBC Connection [conn68: url=jdbc:h2:mem:activiti-AsyncExecutorTest user=SA]
10:48:10,790 [Thread-112] DEBUG org.apache.ibatis.transaction.jdbc.JdbcTransaction  - Closing JDBC Connection [conn68: url=jdbc:h2:mem:activiti-AsyncExecutorTest user=SA]
10:48:10,790 [Thread-112] DEBUG org.apache.ibatis.datasource.pooled.PooledDataSource  - Returned connection 58501658 to pool.
10:48:10,790 [Thread-112] DEBUG org.activiti.engine.impl.interceptor.LogInterceptor  - --- AcquireAsyncJobsDueCmd finished --------------------------------------------------------
10:48:10,790 [Thread-112] DEBUG org.activiti.engine.impl.interceptor.LogInterceptor  - 

10:48:10,789 [Thread-103] DEBUG org.activiti.engine.impl.asyncexecutor.AcquireAsyncJobsDueRunnable  - async job acquisition thread sleeping for 50 millis
10:48:10,789 [Thread-102] DEBUG org.activiti.engine.impl.persistence.entity.JobEntity.selectNextTimerJobsToExecute  - ==&gt;  Preparing: select RES.* from ACT_RU_JOB RES LEFT OUTER JOIN ACT_RU_EXECUTION PI ON PI.ID_ = RES.PROCESS_INSTANCE_ID_ where (RES.RETRIES_ &gt; 0) and (RES.DUEDATE_ is null or RES.DUEDATE_ &lt;= ?) and (RES.LOCK_OWNER_ is null or RES.LOCK_EXP_TIME_ &lt;= ?) and TYPE_ = &apos;timer&apos; and ( (RES.EXECUTION_ID_ is null) or (PI.SUSPENSION_STATE_ = 1) ) LIMIT ? OFFSET ? 
10:48:10,790 [Thread-112] DEBUG org.activiti.engine.impl.asyncexecutor.AcquireAsyncJobsDueRunnable  - async job acquisition thread sleeping for 50 millis
10:48:10,789 [Thread-106] DEBUG org.apache.ibatis.transaction.jdbc.JdbcTransaction  - Closing JDBC Connection [conn63: url=jdbc:h2:mem:activiti-AsyncExecutorTest user=SA]
10:48:10,790 [Thread-106] DEBUG org.apache.ibatis.datasource.pooled.PooledDataSource  - Returned connection 1970103261 to pool.
10:48:10,790 [Thread-106] DEBUG org.activiti.engine.impl.interceptor.LogInterceptor  - --- AcquireAsyncJobsDueCmd finished --------------------------------------------------------
10:48:10,790 [Thread-106] DEBUG org.activiti.engine.impl.interceptor.LogInterceptor  - 

10:48:10,790 [Thread-106] DEBUG org.activiti.engine.impl.asyncexecutor.AcquireAsyncJobsDueRunnable  - async job acquisition thread sleeping for 50 millis
10:48:10,789 [Thread-111] DEBUG org.apache.ibatis.transaction.jdbc.JdbcTransaction  - Closing JDBC Connection [conn70: url=jdbc:h2:mem:activiti-AsyncExecutorTest user=SA]
10:48:10,790 [Thread-111] DEBUG org.apache.ibatis.datasource.pooled.PooledDataSource  - Returned connection 604408605 to pool.
10:48:10,790 [Thread-111] DEBUG org.activiti.engine.impl.interceptor.LogInterceptor  - --- AcquireTimerJobsCmd finished --------------------------------------------------------
10:48:10,790 [Thread-111] DEBUG org.activiti.engine.impl.interceptor.LogInterceptor  - 

10:48:10,790 [Thread-111] DEBUG org.activiti.engine.impl.asyncexecutor.AcquireTimerJobsRunnable  - timer job acquisition thread sleeping for 50 millis
10:48:10,790 [Thread-102] DEBUG org.activiti.engine.impl.persistence.entity.JobEntity.selectNextTimerJobsToExecute  - ==&gt; Parameters: 2001-01-01 01:23:46.0(Timestamp), 2001-01-01 01:23:46.0(Timestamp), 1(Integer), 0(Integer)
10:48:10,790 [Thread-102] DEBUG org.activiti.engine.impl.persistence.entity.JobEntity.selectNextTimerJobsToExecute  - &lt;==      Total: 0
10:48:10,790 [Thread-102] DEBUG org.activiti.engine.impl.db.DbSqlSession  - flush summary: 0 insert, 0 update, 0 delete.
10:48:10,790 [Thread-102] DEBUG org.activiti.engine.impl.db.DbSqlSession  - now executing flush...
10:48:10,790 [Thread-102] DEBUG org.activiti.engine.impl.cfg.standalone.StandaloneMybatisTransactionContext  - firing event committing...
10:48:10,790 [Thread-102] DEBUG org.activiti.engine.impl.cfg.standalone.StandaloneMybatisTransactionContext  - committing the ibatis sql session...
10:48:10,790 [Thread-102] DEBUG org.activiti.engine.impl.cfg.standalone.StandaloneMybatisTransactionContext  - firing event committed...
10:48:10,790 [Thread-102] DEBUG org.apache.ibatis.transaction.jdbc.JdbcTransaction  - Resetting autocommit to true on JDBC Connection [conn61: url=jdbc:h2:mem:activiti-AsyncExecutorTest user=SA]
10:48:10,790 [Thread-102] DEBUG org.apache.ibatis.transaction.jdbc.JdbcTransaction  - Closing JDBC Connection [conn61: url=jdbc:h2:mem:activiti-AsyncExecutorTest user=SA]
10:48:10,790 [Thread-102] DEBUG org.apache.ibatis.datasource.pooled.PooledDataSource  - Returned connection 157985567 to pool.
10:48:10,790 [Thread-102] DEBUG org.activiti.engine.impl.interceptor.LogInterceptor  - --- AcquireTimerJobsCmd finished --------------------------------------------------------
10:48:10,790 [Thread-102] DEBUG org.activiti.engine.impl.interceptor.LogInterceptor  - 

10:48:10,790 [Thread-102] DEBUG org.activiti.engine.impl.asyncexecutor.AcquireTimerJobsRunnable  - timer job acquisition thread sleeping for 50 millis
10:48:10,833 [main] DEBUG org.activiti.engine.impl.interceptor.LogInterceptor  - 

10:48:10,833 [main] DEBUG org.activiti.engine.impl.interceptor.LogInterceptor  - --- starting SchemaOperationsProcessEngineBuild --------------------------------------------------------
10:48:10,833 [main] DEBUG org.apache.ibatis.transaction.jdbc.JdbcTransaction  - Opening JDBC Connection
10:48:10,833 [main] DEBUG org.apache.ibatis.datasource.pooled.PooledDataSource  - Checked out connection 88071124 from pool.
10:48:10,833 [main] DEBUG org.apache.ibatis.transaction.jdbc.JdbcTransaction  - Setting autocommit to false on JDBC Connection [conn146: url=jdbc:h2:mem:activiti-uuid-generator-test user=SA]
10:48:10,833 [main] INFO  org.activiti.engine.impl.db.DbSqlSession  - performing create on engine with resource org/activiti/db/create/activiti.h2.create.engine.sql
10:48:10,833 [main] DEBUG org.activiti.engine.impl.db.DbSqlSession  - SQL: create table ACT_GE_PROPERTY ( 
NAME_ varchar(64), 
VALUE_ varchar(300), 
REV_ integer, 
primary key (NAME_) 
)
10:48:10,834 [main] DEBUG org.activiti.engine.impl.db.DbSqlSession  - SQL: insert into ACT_GE_PROPERTY 
values (&apos;schema.version&apos;, &apos;5.20.0.0&apos;, 1)
10:48:10,834 [main] DEBUG org.activiti.engine.impl.db.DbSqlSession  - SQL: insert into ACT_GE_PROPERTY 
values (&apos;schema.history&apos;, &apos;create(5.20.0.0)&apos;, 1)
10:48:10,834 [main] DEBUG org.activiti.engine.impl.db.DbSqlSession  - SQL: insert into ACT_GE_PROPERTY 
values (&apos;next.dbid&apos;, &apos;1&apos;, 1)
10:48:10,834 [main] DEBUG org.activiti.engine.impl.db.DbSqlSession  - SQL: create table ACT_GE_BYTEARRAY ( 
ID_ varchar(64), 
REV_ integer, 
NAME_ varchar(255), 
DEPLOYMENT_ID_ varchar(64), 
BYTES_ longvarbinary, 
GENERATED_ bit, 
primary key (ID_) 
)
10:48:10,834 [main] DEBUG org.activiti.engine.impl.db.DbSqlSession  - SQL: create table ACT_RE_DEPLOYMENT ( 
ID_ varchar(64), 
NAME_ varchar(255), 
CATEGORY_ varchar(255), 
TENANT_ID_ varchar(255) default &apos;&apos;, 
DEPLOY_TIME_ timestamp, 
primary key (ID_) 
)
10:48:10,834 [main] DEBUG org.activiti.engine.impl.db.DbSqlSession  - SQL: create table ACT_RE_MODEL ( 
ID_ varchar(64) not null, 
REV_ integer, 
NAME_ varchar(255), 
KEY_ varchar(255), 
CATEGORY_ varchar(255), 
CREATE_TIME_ timestamp, 
LAST_UPDATE_TIME_ timestamp, 
VERSION_ integer, 
META_INFO_ varchar(4000), 
DEPLOYMENT_ID_ varchar(64), 
EDITOR_SOURCE_VALUE_ID_ varchar(64), 
EDITOR_SOURCE_EXTRA_VALUE_ID_ varchar(64), 
TENANT_ID_ varchar(255) default &apos;&apos;, 
primary key (ID_) 
)
10:48:10,834 [main] DEBUG org.activiti.engine.impl.db.DbSqlSession  - SQL: create table ACT_RU_EXECUTION ( 
ID_ varchar(64), 
REV_ integer, 
PROC_INST_ID_ varchar(64), 
BUSINESS_KEY_ varchar(255), 
PARENT_ID_ varchar(64), 
PROC_DEF_ID_ varchar(64), 
SUPER_EXEC_ varchar(64), 
ACT_ID_ varchar(255), 
IS_ACTIVE_ bit, 
IS_CONCURRENT_ bit, 
IS_SCOPE_ bit, 
IS_EVENT_SCOPE_ bit, 
SUSPENSION_STATE_ integer, 
CACHED_ENT_STATE_ integer, 
TENANT_ID_ varchar(255) default &apos;&apos;, 
NAME_ varchar(255), 
LOCK_TIME_ timestamp, 
primary key (ID_) 
)
10:48:10,834 [main] DEBUG org.activiti.engine.impl.db.DbSqlSession  - SQL: create table ACT_RU_JOB ( 
ID_ varchar(64) NOT NULL, 
REV_ integer, 
TYPE_ varchar(255) NOT NULL, 
LOCK_EXP_TIME_ timestamp, 
LOCK_OWNER_ varchar(255), 
EXCLUSIVE_ boolean, 
EXECUTION_ID_ varchar(64), 
PROCESS_INSTANCE_ID_ varchar(64), 
PROC_DEF_ID_ varchar(64), 
RETRIES_ integer, 
EXCEPTION_STACK_ID_ varchar(64), 
EXCEPTION_MSG_ varchar(4000), 
DUEDATE_ timestamp, 
REPEAT_ varchar(255), 
HANDLER_TYPE_ varchar(255), 
HANDLER_CFG_ varchar(4000), 
TENANT_ID_ varchar(255) default &apos;&apos;, 
primary key (ID_) 
)
10:48:10,834 [main] DEBUG org.activiti.engine.impl.db.DbSqlSession  - SQL: create table ACT_RE_PROCDEF ( 
ID_ varchar(64) NOT NULL, 
REV_ integer, 
CATEGORY_ varchar(255), 
NAME_ varchar(255), 
KEY_ varchar(255) NOT NULL, 
VERSION_ integer NOT NULL, 
DEPLOYMENT_ID_ varchar(64), 
RESOURCE_NAME_ varchar(4000), 
DGRM_RESOURCE_NAME_ varchar(4000), 
DESCRIPTION_ varchar(4000), 
HAS_START_FORM_KEY_ bit, 
HAS_GRAPHICAL_NOTATION_ bit, 
SUSPENSION_STATE_ integer, 
TENANT_ID_ varchar(255) default &apos;&apos;, 
primary key (ID_) 
)
10:48:10,834 [main] DEBUG org.activiti.engine.impl.db.DbSqlSession  - SQL: create table ACT_RU_TASK ( 
ID_ varchar(64), 
REV_ integer, 
EXECUTION_ID_ varchar(64), 
PROC_INST_ID_ varchar(64), 
PROC_DEF_ID_ varchar(64), 
NAME_ varchar(255), 
PARENT_TASK_ID_ varchar(64), 
DESCRIPTION_ varchar(4000), 
TASK_DEF_KEY_ varchar(255), 
OWNER_ varchar(255), 
ASSIGNEE_ varchar(255), 
DELEGATION_ varchar(64), 
PRIORITY_ integer, 
CREATE_TIME_ timestamp, 
DUE_DATE_ timestamp, 
CATEGORY_ varchar(255), 
SUSPENSION_STATE_ integer, 
TENANT_ID_ varchar(255) default &apos;&apos;, 
FORM_KEY_ varchar(255), 
primary key (ID_) 
)
10:48:10,835 [main] DEBUG org.activiti.engine.impl.db.DbSqlSession  - SQL: create table ACT_RU_IDENTITYLINK ( 
ID_ varchar(64), 
REV_ integer, 
GROUP_ID_ varchar(255), 
TYPE_ varchar(255), 
USER_ID_ varchar(255), 
TASK_ID_ varchar(64), 
PROC_INST_ID_ varchar(64) null, 
PROC_DEF_ID_ varchar(64), 
primary key (ID_) 
)
10:48:10,835 [main] DEBUG org.activiti.engine.impl.db.DbSqlSession  - SQL: create table ACT_RU_VARIABLE ( 
ID_ varchar(64) not null, 
REV_ integer, 
TYPE_ varchar(255) not null, 
NAME_ varchar(255) not null, 
EXECUTION_ID_ varchar(64), 
PROC_INST_ID_ varchar(64), 
TASK_ID_ varchar(64), 
BYTEARRAY_ID_ varchar(64), 
DOUBLE_ double, 
LONG_ bigint, 
TEXT_ varchar(4000), 
TEXT2_ varchar(4000), 
primary key (ID_) 
)
10:48:10,835 [main] DEBUG org.activiti.engine.impl.db.DbSqlSession  - SQL: create table ACT_RU_EVENT_SUBSCR ( 
ID_ varchar(64) not null, 
REV_ integer, 
EVENT_TYPE_ varchar(255) not null, 
EVENT_NAME_ varchar(255), 
EXECUTION_ID_ varchar(64), 
PROC_INST_ID_ varchar(64), 
ACTIVITY_ID_ varchar(64), 
CONFIGURATION_ varchar(255), 
CREATED_ timestamp not null, 
PROC_DEF_ID_ varchar(64), 
TENANT_ID_ varchar(255) default &apos;&apos;, 
primary key (ID_) 
)
10:48:10,835 [main] DEBUG org.activiti.engine.impl.db.DbSqlSession  - SQL: create table ACT_EVT_LOG ( 
LOG_NR_ identity, 
TYPE_ varchar(64), 
PROC_DEF_ID_ varchar(64), 
PROC_INST_ID_ varchar(64), 
EXECUTION_ID_ varchar(64), 
TASK_ID_ varchar(64), 
TIME_STAMP_ timestamp not null, 
USER_ID_ varchar(255), 
DATA_ longvarbinary, 
LOCK_OWNER_ varchar(255), 
LOCK_TIME_ timestamp, 
IS_PROCESSED_ bit default 0 
)
10:48:10,835 [main] DEBUG org.activiti.engine.impl.db.DbSqlSession  - SQL: create table ACT_PROCDEF_INFO ( 
ID_ varchar(64) not null, 
PROC_DEF_ID_ varchar(64) not null, 
REV_ integer, 
INFO_JSON_ID_ varchar(64), 
primary key (ID_) 
)
10:48:10,835 [main] DEBUG org.activiti.engine.impl.db.DbSqlSession  - SQL: create index ACT_IDX_EXEC_BUSKEY on ACT_RU_EXECUTION(BUSINESS_KEY_)
10:48:10,835 [main] DEBUG org.activiti.engine.impl.db.DbSqlSession  - SQL: create index ACT_IDX_TASK_CREATE on ACT_RU_TASK(CREATE_TIME_)
10:48:10,836 [main] DEBUG org.activiti.engine.impl.db.DbSqlSession  - SQL: create index ACT_IDX_IDENT_LNK_USER on ACT_RU_IDENTITYLINK(USER_ID_)
10:48:10,836 [main] DEBUG org.activiti.engine.impl.db.DbSqlSession  - SQL: create index ACT_IDX_IDENT_LNK_GROUP on ACT_RU_IDENTITYLINK(GROUP_ID_)
10:48:10,836 [main] DEBUG org.activiti.engine.impl.db.DbSqlSession  - SQL: create index ACT_IDX_EVENT_SUBSCR_CONFIG_ on ACT_RU_EVENT_SUBSCR(CONFIGURATION_)
10:48:10,836 [main] DEBUG org.activiti.engine.impl.db.DbSqlSession  - SQL: create index ACT_IDX_VARIABLE_TASK_ID on ACT_RU_VARIABLE(TASK_ID_)
10:48:10,836 [main] DEBUG org.activiti.engine.impl.db.DbSqlSession  - SQL: create index ACT_IDX_ATHRZ_PROCEDEF on ACT_RU_IDENTITYLINK(PROC_DEF_ID_)
10:48:10,836 [main] DEBUG org.activiti.engine.impl.db.DbSqlSession  - SQL: create index ACT_IDX_INFO_PROCDEF on ACT_PROCDEF_INFO(PROC_DEF_ID_)
10:48:10,836 [main] DEBUG org.activiti.engine.impl.db.DbSqlSession  - SQL: alter table ACT_GE_BYTEARRAY 
add constraint ACT_FK_BYTEARR_DEPL 
foreign key (DEPLOYMENT_ID_) 
references ACT_RE_DEPLOYMENT
10:48:10,837 [main] DEBUG org.activiti.engine.impl.db.DbSqlSession  - SQL: alter table ACT_RE_PROCDEF 
add constraint ACT_UNIQ_PROCDEF 
unique (KEY_,VERSION_, TENANT_ID_)
10:48:10,837 [main] DEBUG org.activiti.engine.impl.db.DbSqlSession  - SQL: alter table ACT_RU_EXECUTION 
add constraint ACT_FK_EXE_PROCINST 
foreign key (PROC_INST_ID_) 
references ACT_RU_EXECUTION
10:48:10,837 [main] DEBUG org.activiti.engine.impl.db.DbSqlSession  - SQL: alter table ACT_RU_EXECUTION 
add constraint ACT_FK_EXE_PARENT 
foreign key (PARENT_ID_) 
references ACT_RU_EXECUTION
10:48:10,837 [main] DEBUG org.activiti.engine.impl.db.DbSqlSession  - SQL: alter table ACT_RU_EXECUTION 
add constraint ACT_FK_EXE_SUPER 
foreign key (SUPER_EXEC_) 
references ACT_RU_EXECUTION
10:48:10,838 [main] DEBUG org.activiti.engine.impl.db.DbSqlSession  - SQL: alter table ACT_RU_EXECUTION 
add constraint ACT_FK_EXE_PROCDEF 
foreign key (PROC_DEF_ID_) 
references ACT_RE_PROCDEF (ID_)
10:48:10,838 [main] DEBUG org.activiti.engine.impl.db.DbSqlSession  - SQL: alter table ACT_RU_IDENTITYLINK 
add constraint ACT_FK_TSKASS_TASK 
foreign key (TASK_ID_) 
references ACT_RU_TASK
10:48:10,838 [main] DEBUG org.activiti.engine.impl.db.DbSqlSession  - SQL: alter table ACT_RU_IDENTITYLINK 
add constraint ACT_FK_ATHRZ_PROCEDEF 
foreign key (PROC_DEF_ID_) 
references ACT_RE_PROCDEF
10:48:10,839 [main] DEBUG org.activiti.engine.impl.db.DbSqlSession  - SQL: alter table ACT_RU_IDENTITYLINK 
add constraint ACT_FK_IDL_PROCINST 
foreign key (PROC_INST_ID_) 
references ACT_RU_EXECUTION (ID_)
10:48:10,839 [main] DEBUG org.activiti.engine.impl.db.DbSqlSession  - SQL: alter table ACT_RU_TASK 
add constraint ACT_FK_TASK_EXE 
foreign key (EXECUTION_ID_) 
references ACT_RU_EXECUTION
10:48:10,839 [main] DEBUG org.activiti.engine.impl.db.DbSqlSession  - SQL: alter table ACT_RU_TASK 
add constraint ACT_FK_TASK_PROCINST 
foreign key (PROC_INST_ID_) 
references ACT_RU_EXECUTION
10:48:10,839 [main] DEBUG org.activiti.engine.impl.db.DbSqlSession  - SQL: alter table ACT_RU_TASK 
add constraint ACT_FK_TASK_PROCDEF 
foreign key (PROC_DEF_ID_) 
references ACT_RE_PROCDEF
10:48:10,839 [main] DEBUG org.activiti.engine.impl.db.DbSqlSession  - SQL: alter table ACT_RU_VARIABLE 
add constraint ACT_FK_VAR_EXE 
foreign key (EXECUTION_ID_) 
references ACT_RU_EXECUTION
10:48:10,839 [main] DEBUG org.activiti.engine.impl.db.DbSqlSession  - SQL: alter table ACT_RU_VARIABLE 
add constraint ACT_FK_VAR_PROCINST 
foreign key (PROC_INST_ID_) 
references ACT_RU_EXECUTION
10:48:10,840 [main] DEBUG org.activiti.engine.impl.db.DbSqlSession  - SQL: alter table ACT_RU_VARIABLE 
add constraint ACT_FK_VAR_BYTEARRAY 
foreign key (BYTEARRAY_ID_) 
references ACT_GE_BYTEARRAY
10:48:10,840 [main] DEBUG org.activiti.engine.impl.db.DbSqlSession  - SQL: alter table ACT_RU_JOB 
add constraint ACT_FK_JOB_EXCEPTION 
foreign key (EXCEPTION_STACK_ID_) 
references ACT_GE_BYTEARRAY
10:48:10,840 [main] DEBUG org.activiti.engine.impl.db.DbSqlSession  - SQL: alter table ACT_RU_EVENT_SUBSCR 
add constraint ACT_FK_EVENT_EXEC 
foreign key (EXECUTION_ID_) 
references ACT_RU_EXECUTION
10:48:10,841 [main] DEBUG org.activiti.engine.impl.db.DbSqlSession  - SQL: alter table ACT_RE_MODEL 
add constraint ACT_FK_MODEL_SOURCE 
foreign key (EDITOR_SOURCE_VALUE_ID_) 
references ACT_GE_BYTEARRAY (ID_)
10:48:10,841 [main] DEBUG org.activiti.engine.impl.db.DbSqlSession  - SQL: alter table ACT_RE_MODEL 
add constraint ACT_FK_MODEL_SOURCE_EXTRA 
foreign key (EDITOR_SOURCE_EXTRA_VALUE_ID_) 
references ACT_GE_BYTEARRAY (ID_)
10:48:10,841 [main] DEBUG org.activiti.engine.impl.db.DbSqlSession  - SQL: alter table ACT_RE_MODEL 
add constraint ACT_FK_MODEL_DEPLOYMENT 
foreign key (DEPLOYMENT_ID_) 
references ACT_RE_DEPLOYMENT (ID_)
10:48:10,841 [main] DEBUG org.activiti.engine.impl.db.DbSqlSession  - SQL: alter table ACT_PROCDEF_INFO 
add constraint ACT_FK_INFO_JSON_BA 
foreign key (INFO_JSON_ID_) 
references ACT_GE_BYTEARRAY (ID_)
10:48:10,842 [main] DEBUG org.activiti.engine.impl.db.DbSqlSession  - SQL: alter table ACT_PROCDEF_INFO 
add constraint ACT_FK_INFO_PROCDEF 
foreign key (PROC_DEF_ID_) 
references ACT_RE_PROCDEF (ID_)
10:48:10,842 [main] DEBUG org.activiti.engine.impl.db.DbSqlSession  - SQL: alter table ACT_PROCDEF_INFO 
add constraint ACT_UNIQ_INFO_PROCDEF 
unique (PROC_DEF_ID_)
10:48:10,842 [main] DEBUG org.activiti.engine.impl.db.DbSqlSession  - activiti db schema create for component engine successful
10:48:10,843 [main] INFO  org.activiti.engine.impl.db.DbSqlSession  - performing create on history with resource org/activiti/db/create/activiti.h2.create.history.sql
10:48:10,843 [main] DEBUG org.activiti.engine.impl.db.DbSqlSession  - SQL: create table ACT_HI_PROCINST ( 
ID_ varchar(64) not null, 
PROC_INST_ID_ varchar(64) not null, 
BUSINESS_KEY_ varchar(255), 
PROC_DEF_ID_ varchar(64) not null, 
START_TIME_ timestamp not null, 
END_TIME_ timestamp, 
DURATION_ bigint, 
START_USER_ID_ varchar(255), 
START_ACT_ID_ varchar(255), 
END_ACT_ID_ varchar(255), 
SUPER_PROCESS_INSTANCE_ID_ varchar(64), 
DELETE_REASON_ varchar(4000), 
TENANT_ID_ varchar(255) default &apos;&apos;, 
NAME_ varchar(255), 
primary key (ID_), 
unique (PROC_INST_ID_) 
)
10:48:10,843 [main] DEBUG org.activiti.engine.impl.db.DbSqlSession  - SQL: create table ACT_HI_ACTINST ( 
ID_ varchar(64) not null, 
PROC_DEF_ID_ varchar(64) not null, 
PROC_INST_ID_ varchar(64) not null, 
EXECUTION_ID_ varchar(64) not null, 
ACT_ID_ varchar(255) not null, 
TASK_ID_ varchar(64), 
CALL_PROC_INST_ID_ varchar(64), 
ACT_NAME_ varchar(255), 
ACT_TYPE_ varchar(255) not null, 
ASSIGNEE_ varchar(255), 
START_TIME_ timestamp not null, 
END_TIME_ timestamp, 
DURATION_ bigint, 
TENANT_ID_ varchar(255) default &apos;&apos;, 
primary key (ID_) 
)
10:48:10,843 [main] DEBUG org.activiti.engine.impl.db.DbSqlSession  - SQL: create table ACT_HI_TASKINST ( 
ID_ varchar(64) not null, 
PROC_DEF_ID_ varchar(64), 
TASK_DEF_KEY_ varchar(255), 
PROC_INST_ID_ varchar(64), 
EXECUTION_ID_ varchar(64), 
NAME_ varchar(255), 
PARENT_TASK_ID_ varchar(64), 
DESCRIPTION_ varchar(4000), 
OWNER_ varchar(255), 
ASSIGNEE_ varchar(255), 
START_TIME_ timestamp not null, 
CLAIM_TIME_ timestamp, 
END_TIME_ timestamp, 
DURATION_ bigint, 
DELETE_REASON_ varchar(4000), 
PRIORITY_ integer, 
DUE_DATE_ timestamp, 
FORM_KEY_ varchar(255), 
CATEGORY_ varchar(255), 
TENANT_ID_ varchar(255) default &apos;&apos;, 
primary key (ID_) 
)
10:48:10,843 [main] DEBUG org.activiti.engine.impl.db.DbSqlSession  - SQL: create table ACT_HI_VARINST ( 
ID_ varchar(64) not null, 
PROC_INST_ID_ varchar(64), 
EXECUTION_ID_ varchar(64), 
TASK_ID_ varchar(64), 
NAME_ varchar(255) not null, 
VAR_TYPE_ varchar(100), 
REV_ integer, 
BYTEARRAY_ID_ varchar(64), 
DOUBLE_ double, 
LONG_ bigint, 
TEXT_ varchar(4000), 
TEXT2_ varchar(4000), 
CREATE_TIME_ timestamp, 
LAST_UPDATED_TIME_ timestamp, 
primary key (ID_) 
)
10:48:10,843 [main] DEBUG org.activiti.engine.impl.db.DbSqlSession  - SQL: create table ACT_HI_DETAIL ( 
ID_ varchar(64) not null, 
TYPE_ varchar(255) not null, 
TIME_ timestamp not null, 
NAME_ varchar(255), 
PROC_INST_ID_ varchar(64), 
EXECUTION_ID_ varchar(64), 
TASK_ID_ varchar(64), 
ACT_INST_ID_ varchar(64), 
VAR_TYPE_ varchar(255), 
REV_ integer, 
BYTEARRAY_ID_ varchar(64), 
DOUBLE_ double, 
LONG_ bigint, 
TEXT_ varchar(4000), 
TEXT2_ varchar(4000), 
primary key (ID_) 
)
10:48:10,844 [main] DEBUG org.activiti.engine.impl.db.DbSqlSession  - SQL: create table ACT_HI_COMMENT ( 
ID_ varchar(64) not null, 
TYPE_ varchar(255), 
TIME_ timestamp not null, 
USER_ID_ varchar(255), 
TASK_ID_ varchar(64), 
PROC_INST_ID_ varchar(64), 
ACTION_ varchar(255), 
MESSAGE_ varchar(4000), 
FULL_MSG_ longvarbinary, 
primary key (ID_) 
)
10:48:10,844 [main] DEBUG org.activiti.engine.impl.db.DbSqlSession  - SQL: create table ACT_HI_ATTACHMENT ( 
ID_ varchar(64) not null, 
REV_ integer, 
USER_ID_ varchar(255), 
NAME_ varchar(255), 
DESCRIPTION_ varchar(4000), 
TYPE_ varchar(255), 
TASK_ID_ varchar(64), 
PROC_INST_ID_ varchar(64), 
URL_ varchar(4000), 
CONTENT_ID_ varchar(64), 
TIME_ timestamp, 
primary key (ID_) 
)
10:48:10,844 [main] DEBUG org.activiti.engine.impl.db.DbSqlSession  - SQL: create table ACT_HI_IDENTITYLINK ( 
ID_ varchar(64), 
GROUP_ID_ varchar(255), 
TYPE_ varchar(255), 
USER_ID_ varchar(255), 
TASK_ID_ varchar(64), 
PROC_INST_ID_ varchar(64) null, 
primary key (ID_) 
)
10:48:10,844 [main] DEBUG org.activiti.engine.impl.db.DbSqlSession  - SQL: create index ACT_IDX_HI_PRO_INST_END on ACT_HI_PROCINST(END_TIME_)
10:48:10,844 [main] DEBUG org.activiti.engine.impl.db.DbSqlSession  - SQL: create index ACT_IDX_HI_PRO_I_BUSKEY on ACT_HI_PROCINST(BUSINESS_KEY_)
10:48:10,844 [main] DEBUG org.activiti.engine.impl.db.DbSqlSession  - SQL: create index ACT_IDX_HI_ACT_INST_START on ACT_HI_ACTINST(START_TIME_)
10:48:10,844 [main] DEBUG org.activiti.engine.impl.db.DbSqlSession  - SQL: create index ACT_IDX_HI_ACT_INST_END on ACT_HI_ACTINST(END_TIME_)
10:48:10,844 [main] DEBUG org.activiti.engine.impl.db.DbSqlSession  - SQL: create index ACT_IDX_HI_DETAIL_PROC_INST on ACT_HI_DETAIL(PROC_INST_ID_)
10:48:10,844 [main] DEBUG org.activiti.engine.impl.db.DbSqlSession  - SQL: create index ACT_IDX_HI_DETAIL_ACT_INST on ACT_HI_DETAIL(ACT_INST_ID_)
10:48:10,844 [main] DEBUG org.activiti.engine.impl.db.DbSqlSession  - SQL: create index ACT_IDX_HI_DETAIL_TIME on ACT_HI_DETAIL(TIME_)
10:48:10,845 [main] DEBUG org.activiti.engine.impl.db.DbSqlSession  - SQL: create index ACT_IDX_HI_DETAIL_NAME on ACT_HI_DETAIL(NAME_)
10:48:10,845 [main] DEBUG org.activiti.engine.impl.db.DbSqlSession  - SQL: create index ACT_IDX_HI_DETAIL_TASK_ID on ACT_HI_DETAIL(TASK_ID_)
10:48:10,845 [main] DEBUG org.activiti.engine.impl.db.DbSqlSession  - SQL: create index ACT_IDX_HI_PROCVAR_PROC_INST on ACT_HI_VARINST(PROC_INST_ID_)
10:48:10,845 [main] DEBUG org.activiti.engine.impl.db.DbSqlSession  - SQL: create index ACT_IDX_HI_PROCVAR_NAME_TYPE on ACT_HI_VARINST(NAME_, VAR_TYPE_)
10:48:10,845 [main] DEBUG org.activiti.engine.impl.db.DbSqlSession  - SQL: create index ACT_IDX_HI_PROCVAR_TASK_ID on ACT_HI_VARINST(TASK_ID_)
10:48:10,845 [main] DEBUG org.activiti.engine.impl.db.DbSqlSession  - SQL: create index ACT_IDX_HI_ACT_INST_PROCINST on ACT_HI_ACTINST(PROC_INST_ID_, ACT_ID_)
10:48:10,845 [main] DEBUG org.activiti.engine.impl.db.DbSqlSession  - SQL: create index ACT_IDX_HI_IDENT_LNK_USER on ACT_HI_IDENTITYLINK(USER_ID_)
10:48:10,845 [main] DEBUG org.activiti.engine.impl.db.DbSqlSession  - SQL: create index ACT_IDX_HI_IDENT_LNK_TASK on ACT_HI_IDENTITYLINK(TASK_ID_)
10:48:10,845 [main] DEBUG org.activiti.engine.impl.db.DbSqlSession  - SQL: create index ACT_IDX_HI_IDENT_LNK_PROCINST on ACT_HI_IDENTITYLINK(PROC_INST_ID_)
10:48:10,845 [main] DEBUG org.activiti.engine.impl.db.DbSqlSession  - SQL: create index ACT_IDX_HI_ACT_INST_EXEC on ACT_HI_ACTINST(EXECUTION_ID_, ACT_ID_)
10:48:10,845 [main] DEBUG org.activiti.engine.impl.db.DbSqlSession  - SQL: create index ACT_IDX_HI_TASK_INST_PROCINST on ACT_HI_TASKINST(PROC_INST_ID_)
10:48:10,845 [main] DEBUG org.activiti.engine.impl.db.DbSqlSession  - activiti db schema create for component history successful
10:48:10,846 [main] INFO  org.activiti.engine.impl.db.DbSqlSession  - performing create on identity with resource org/activiti/db/create/activiti.h2.create.identity.sql
10:48:10,846 [main] DEBUG org.activiti.engine.impl.db.DbSqlSession  - SQL: create table ACT_ID_GROUP ( 
ID_ varchar(64), 
REV_ integer, 
NAME_ varchar(255), 
TYPE_ varchar(255), 
primary key (ID_) 
)
10:48:10,846 [main] DEBUG org.activiti.engine.impl.db.DbSqlSession  - SQL: create table ACT_ID_MEMBERSHIP ( 
USER_ID_ varchar(64), 
GROUP_ID_ varchar(64), 
primary key (USER_ID_, GROUP_ID_) 
)
10:48:10,846 [main] DEBUG org.activiti.engine.impl.db.DbSqlSession  - SQL: create table ACT_ID_USER ( 
ID_ varchar(64), 
REV_ integer, 
FIRST_ varchar(255), 
LAST_ varchar(255), 
EMAIL_ varchar(255), 
PWD_ varchar(255), 
PICTURE_ID_ varchar(64), 
primary key (ID_) 
)
10:48:10,846 [main] DEBUG org.activiti.engine.impl.db.DbSqlSession  - SQL: create table ACT_ID_INFO ( 
ID_ varchar(64), 
REV_ integer, 
USER_ID_ varchar(64), 
TYPE_ varchar(64), 
KEY_ varchar(255), 
VALUE_ varchar(255), 
PASSWORD_ longvarbinary, 
PARENT_ID_ varchar(255), 
primary key (ID_) 
)
10:48:10,846 [main] DEBUG org.activiti.engine.impl.db.DbSqlSession  - SQL: alter table ACT_ID_MEMBERSHIP 
add constraint ACT_FK_MEMB_GROUP 
foreign key (GROUP_ID_) 
references ACT_ID_GROUP
10:48:10,847 [main] DEBUG org.activiti.engine.impl.db.DbSqlSession  - SQL: alter table ACT_ID_MEMBERSHIP 
add constraint ACT_FK_MEMB_USER 
foreign key (USER_ID_) 
references ACT_ID_USER
10:48:10,847 [main] DEBUG org.activiti.engine.impl.db.DbSqlSession  - activiti db schema create for component identity successful
10:48:10,847 [main] DEBUG org.activiti.engine.impl.db.DbSqlSession  - flush summary: 0 insert, 0 update, 0 delete.
10:48:10,847 [main] DEBUG org.activiti.engine.impl.db.DbSqlSession  - now executing flush...
10:48:10,847 [main] DEBUG org.activiti.engine.impl.cfg.standalone.StandaloneMybatisTransactionContext  - firing event committing...
10:48:10,847 [main] DEBUG org.activiti.engine.impl.cfg.standalone.StandaloneMybatisTransactionContext  - committing the ibatis sql session...
10:48:10,847 [main] DEBUG org.activiti.engine.impl.cfg.standalone.StandaloneMybatisTransactionContext  - firing event committed...
10:48:10,847 [main] DEBUG org.apache.ibatis.transaction.jdbc.JdbcTransaction  - Resetting autocommit to true on JDBC Connection [conn146: url=jdbc:h2:mem:activiti-uuid-generator-test user=SA]
10:48:10,847 [main] DEBUG org.apache.ibatis.transaction.jdbc.JdbcTransaction  - Closing JDBC Connection [conn146: url=jdbc:h2:mem:activiti-uuid-generator-test user=SA]
10:48:10,847 [main] DEBUG org.apache.ibatis.datasource.pooled.PooledDataSource  - Returned connection 88071124 to pool.
10:48:10,847 [main] DEBUG org.activiti.engine.impl.interceptor.LogInterceptor  - --- SchemaOperationsProcessEngineBuild finished --------------------------------------------------------
10:48:10,847 [main] DEBUG org.activiti.engine.impl.interceptor.LogInterceptor  - 

10:48:10,847 [main] INFO  org.activiti.engine.impl.ProcessEngineImpl  - ProcessEngine default created
10:48:10,847 [main] DEBUG org.activiti.engine.impl.test.TestHelper  - annotation @Deployment creates deployment for UuidGeneratorTest.testUuidGeneratorUsage
10:48:10,849 [main] DEBUG org.activiti.engine.impl.interceptor.LogInterceptor  - 

10:48:10,849 [main] DEBUG org.activiti.engine.impl.interceptor.LogInterceptor  - --- starting DeployCmd --------------------------------------------------------
10:48:10,849 [main] DEBUG org.activiti.engine.impl.bpmn.deployer.BpmnDeployer  - Processing deployment UuidGeneratorTest.testUuidGeneratorUsage
10:48:10,849 [main] INFO  org.activiti.engine.impl.bpmn.deployer.BpmnDeployer  - Processing resource org/activiti/standalone/idgenerator/UuidGeneratorTest.testUuidGeneratorUsage.bpmn20.xml
10:48:10,850 [Thread-106] DEBUG org.activiti.engine.impl.asyncexecutor.AcquireAsyncJobsDueRunnable  - async job acquisition thread woke up
10:48:10,850 [Thread-105] DEBUG org.activiti.engine.impl.asyncexecutor.AcquireTimerJobsRunnable  - timer job acquisition thread woke up
10:48:10,850 [Thread-106] DEBUG org.activiti.engine.impl.interceptor.LogInterceptor  - 

10:48:10,850 [Thread-103] DEBUG org.activiti.engine.impl.asyncexecutor.AcquireAsyncJobsDueRunnable  - async job acquisition thread woke up
10:48:10,850 [Thread-103] DEBUG org.activiti.engine.impl.interceptor.LogInterceptor  - 

10:48:10,850 [Thread-103] DEBUG org.activiti.engine.impl.interceptor.LogInterceptor  - --- starting AcquireAsyncJobsDueCmd --------------------------------------------------------
10:48:10,850 [Thread-111] DEBUG org.activiti.engine.impl.asyncexecutor.AcquireTimerJobsRunnable  - timer job acquisition thread woke up
10:48:10,850 [Thread-111] DEBUG org.activiti.engine.impl.interceptor.LogInterceptor  - 

10:48:10,850 [Thread-111] DEBUG org.activiti.engine.impl.interceptor.LogInterceptor  - --- starting AcquireTimerJobsCmd --------------------------------------------------------
10:48:10,850 [Thread-102] DEBUG org.activiti.engine.impl.asyncexecutor.AcquireTimerJobsRunnable  - timer job acquisition thread woke up
10:48:10,850 [Thread-102] DEBUG org.activiti.engine.impl.interceptor.LogInterceptor  - 

10:48:10,850 [Thread-102] DEBUG org.activiti.engine.impl.interceptor.LogInterceptor  - --- starting AcquireTimerJobsCmd --------------------------------------------------------
10:48:10,850 [Thread-112] DEBUG org.activiti.engine.impl.asyncexecutor.AcquireAsyncJobsDueRunnable  - async job acquisition thread woke up
10:48:10,850 [Thread-112] DEBUG org.activiti.engine.impl.interceptor.LogInterceptor  - 

10:48:10,850 [Thread-112] DEBUG org.activiti.engine.impl.interceptor.LogInterceptor  - --- starting AcquireAsyncJobsDueCmd --------------------------------------------------------
10:48:10,850 [Thread-102] DEBUG org.apache.ibatis.transaction.jdbc.JdbcTransaction  - Opening JDBC Connection
10:48:10,850 [Thread-102] DEBUG org.apache.ibatis.datasource.pooled.PooledDataSource  - Checked out connection 720039383 from pool.
10:48:10,850 [Thread-111] DEBUG org.apache.ibatis.transaction.jdbc.JdbcTransaction  - Opening JDBC Connection
10:48:10,851 [Thread-111] DEBUG org.apache.ibatis.datasource.pooled.PooledDataSource  - Checked out connection 1863805930 from pool.
10:48:10,851 [Thread-111] DEBUG org.apache.ibatis.transaction.jdbc.JdbcTransaction  - Setting autocommit to false on JDBC Connection [conn69: url=jdbc:h2:mem:activiti-AsyncExecutorTest user=SA]
10:48:10,850 [Thread-103] DEBUG org.apache.ibatis.transaction.jdbc.JdbcTransaction  - Opening JDBC Connection
10:48:10,851 [Thread-103] DEBUG org.apache.ibatis.datasource.pooled.PooledDataSource  - Checked out connection 33534803 from pool.
10:48:10,851 [Thread-103] DEBUG org.apache.ibatis.transaction.jdbc.JdbcTransaction  - Setting autocommit to false on JDBC Connection [conn60: url=jdbc:h2:mem:activiti-AsyncExecutorTest user=SA]
10:48:10,850 [Thread-106] DEBUG org.activiti.engine.impl.interceptor.LogInterceptor  - --- starting AcquireAsyncJobsDueCmd --------------------------------------------------------
10:48:10,850 [Thread-105] DEBUG org.activiti.engine.impl.interceptor.LogInterceptor  - 

10:48:10,851 [Thread-105] DEBUG org.activiti.engine.impl.interceptor.LogInterceptor  - --- starting AcquireTimerJobsCmd --------------------------------------------------------
10:48:10,851 [Thread-106] DEBUG org.apache.ibatis.transaction.jdbc.JdbcTransaction  - Opening JDBC Connection
10:48:10,851 [Thread-106] DEBUG org.apache.ibatis.datasource.pooled.PooledDataSource  - Checked out connection 996762054 from pool.
10:48:10,851 [Thread-106] DEBUG org.apache.ibatis.transaction.jdbc.JdbcTransaction  - Setting autocommit to false on JDBC Connection [conn65: url=jdbc:h2:mem:activiti-AsyncExecutorTest user=SA]
10:48:10,851 [Thread-103] DEBUG org.activiti.engine.impl.persistence.entity.JobEntity.selectAsyncJobsDueToExecute  - ==&gt;  Preparing: select RES.* from ACT_RU_JOB RES LEFT OUTER JOIN ACT_RU_EXECUTION PI ON PI.ID_ = RES.PROCESS_INSTANCE_ID_ where RES.RETRIES_ &gt; 0 and RES.DUEDATE_ is not null and RES.DUEDATE_ &lt;= ? and (RES.LOCK_EXP_TIME_ is null or RES.LOCK_EXP_TIME_ &lt;= ?) and TYPE_ = &apos;message&apos; and ( (RES.EXECUTION_ID_ is null) or (PI.SUSPENSION_STATE_ = 1) ) LIMIT ? OFFSET ? 
10:48:10,851 [Thread-111] DEBUG org.activiti.engine.impl.persistence.entity.JobEntity.selectNextTimerJobsToExecute  - ==&gt;  Preparing: select RES.* from ACT_RU_JOB RES LEFT OUTER JOIN ACT_RU_EXECUTION PI ON PI.ID_ = RES.PROCESS_INSTANCE_ID_ where (RES.RETRIES_ &gt; 0) and (RES.DUEDATE_ is null or RES.DUEDATE_ &lt;= ?) and (RES.LOCK_OWNER_ is null or RES.LOCK_EXP_TIME_ &lt;= ?) and TYPE_ = &apos;timer&apos; and ( (RES.EXECUTION_ID_ is null) or (PI.SUSPENSION_STATE_ = 1) ) LIMIT ? OFFSET ? 
10:48:10,850 [Thread-102] DEBUG org.apache.ibatis.transaction.jdbc.JdbcTransaction  - Setting autocommit to false on JDBC Connection [conn59: url=jdbc:h2:mem:activiti-AsyncExecutorTest user=SA]
10:48:10,850 [Thread-112] DEBUG org.apache.ibatis.transaction.jdbc.JdbcTransaction  - Opening JDBC Connection
10:48:10,851 [Thread-112] DEBUG org.apache.ibatis.datasource.pooled.PooledDataSource  - Checked out connection 58501658 from pool.
10:48:10,851 [Thread-112] DEBUG org.apache.ibatis.transaction.jdbc.JdbcTransaction  - Setting autocommit to false on JDBC Connection [conn68: url=jdbc:h2:mem:activiti-AsyncExecutorTest user=SA]
10:48:10,851 [Thread-102] DEBUG org.activiti.engine.impl.persistence.entity.JobEntity.selectNextTimerJobsToExecute  - ==&gt;  Preparing: select RES.* from ACT_RU_JOB RES LEFT OUTER JOIN ACT_RU_EXECUTION PI ON PI.ID_ = RES.PROCESS_INSTANCE_ID_ where (RES.RETRIES_ &gt; 0) and (RES.DUEDATE_ is null or RES.DUEDATE_ &lt;= ?) and (RES.LOCK_OWNER_ is null or RES.LOCK_EXP_TIME_ &lt;= ?) and TYPE_ = &apos;timer&apos; and ( (RES.EXECUTION_ID_ is null) or (PI.SUSPENSION_STATE_ = 1) ) LIMIT ? OFFSET ? 
10:48:10,851 [Thread-111] DEBUG org.activiti.engine.impl.persistence.entity.JobEntity.selectNextTimerJobsToExecute  - ==&gt; Parameters: 2001-01-01 01:23:46.0(Timestamp), 2001-01-01 01:23:46.0(Timestamp), 1(Integer), 0(Integer)
10:48:10,851 [Thread-103] DEBUG org.activiti.engine.impl.persistence.entity.JobEntity.selectAsyncJobsDueToExecute  - ==&gt; Parameters: 2001-01-01 01:23:46.0(Timestamp), 2001-01-01 01:23:46.0(Timestamp), 1(Integer), 0(Integer)
10:48:10,851 [Thread-106] DEBUG org.activiti.engine.impl.persistence.entity.JobEntity.selectAsyncJobsDueToExecute  - ==&gt;  Preparing: select RES.* from ACT_RU_JOB RES LEFT OUTER JOIN ACT_RU_EXECUTION PI ON PI.ID_ = RES.PROCESS_INSTANCE_ID_ where RES.RETRIES_ &gt; 0 and RES.DUEDATE_ is not null and RES.DUEDATE_ &lt;= ? and (RES.LOCK_EXP_TIME_ is null or RES.LOCK_EXP_TIME_ &lt;= ?) and TYPE_ = &apos;message&apos; and ( (RES.EXECUTION_ID_ is null) or (PI.SUSPENSION_STATE_ = 1) ) LIMIT ? OFFSET ? 
10:48:10,851 [Thread-105] DEBUG org.apache.ibatis.transaction.jdbc.JdbcTransaction  - Opening JDBC Connection
10:48:10,852 [Thread-105] DEBUG org.apache.ibatis.datasource.pooled.PooledDataSource  - Checked out connection 54468349 from pool.
10:48:10,852 [Thread-105] DEBUG org.apache.ibatis.transaction.jdbc.JdbcTransaction  - Setting autocommit to false on JDBC Connection [conn64: url=jdbc:h2:mem:activiti-AsyncExecutorTest user=SA]
10:48:10,852 [Thread-106] DEBUG org.activiti.engine.impl.persistence.entity.JobEntity.selectAsyncJobsDueToExecute  - ==&gt; Parameters: 2001-01-01 01:23:46.0(Timestamp), 2001-01-01 01:23:46.0(Timestamp), 1(Integer), 0(Integer)
10:48:10,851 [Thread-103] DEBUG org.activiti.engine.impl.persistence.entity.JobEntity.selectAsyncJobsDueToExecute  - &lt;==      Total: 0
10:48:10,851 [Thread-111] DEBUG org.activiti.engine.impl.persistence.entity.JobEntity.selectNextTimerJobsToExecute  - &lt;==      Total: 0
10:48:10,851 [Thread-102] DEBUG org.activiti.engine.impl.persistence.entity.JobEntity.selectNextTimerJobsToExecute  - ==&gt; Parameters: 2001-01-01 01:23:46.0(Timestamp), 2001-01-01 01:23:46.0(Timestamp), 1(Integer), 0(Integer)
10:48:10,851 [Thread-112] DEBUG org.activiti.engine.impl.persistence.entity.JobEntity.selectAsyncJobsDueToExecute  - ==&gt;  Preparing: select RES.* from ACT_RU_JOB RES LEFT OUTER JOIN ACT_RU_EXECUTION PI ON PI.ID_ = RES.PROCESS_INSTANCE_ID_ where RES.RETRIES_ &gt; 0 and RES.DUEDATE_ is not null and RES.DUEDATE_ &lt;= ? and (RES.LOCK_EXP_TIME_ is null or RES.LOCK_EXP_TIME_ &lt;= ?) and TYPE_ = &apos;message&apos; and ( (RES.EXECUTION_ID_ is null) or (PI.SUSPENSION_STATE_ = 1) ) LIMIT ? OFFSET ? 
10:48:10,852 [Thread-102] DEBUG org.activiti.engine.impl.persistence.entity.JobEntity.selectNextTimerJobsToExecute  - &lt;==      Total: 0
10:48:10,852 [Thread-111] DEBUG org.activiti.engine.impl.db.DbSqlSession  - flush summary: 0 insert, 0 update, 0 delete.
10:48:10,852 [Thread-111] DEBUG org.activiti.engine.impl.db.DbSqlSession  - now executing flush...
10:48:10,852 [Thread-103] DEBUG org.activiti.engine.impl.db.DbSqlSession  - flush summary: 0 insert, 0 update, 0 delete.
10:48:10,852 [Thread-103] DEBUG org.activiti.engine.impl.db.DbSqlSession  - now executing flush...
10:48:10,852 [Thread-103] DEBUG org.activiti.engine.impl.cfg.standalone.StandaloneMybatisTransactionContext  - firing event committing...
10:48:10,852 [Thread-103] DEBUG org.activiti.engine.impl.cfg.standalone.StandaloneMybatisTransactionContext  - committing the ibatis sql session...
10:48:10,852 [Thread-103] DEBUG org.activiti.engine.impl.cfg.standalone.StandaloneMybatisTransactionContext  - firing event committed...
10:48:10,852 [Thread-103] DEBUG org.apache.ibatis.transaction.jdbc.JdbcTransaction  - Resetting autocommit to true on JDBC Connection [conn60: url=jdbc:h2:mem:activiti-AsyncExecutorTest user=SA]
10:48:10,852 [Thread-106] DEBUG org.activiti.engine.impl.persistence.entity.JobEntity.selectAsyncJobsDueToExecute  - &lt;==      Total: 0
10:48:10,852 [Thread-105] DEBUG org.activiti.engine.impl.persistence.entity.JobEntity.selectNextTimerJobsToExecute  - ==&gt;  Preparing: select RES.* from ACT_RU_JOB RES LEFT OUTER JOIN ACT_RU_EXECUTION PI ON PI.ID_ = RES.PROCESS_INSTANCE_ID_ where (RES.RETRIES_ &gt; 0) and (RES.DUEDATE_ is null or RES.DUEDATE_ &lt;= ?) and (RES.LOCK_OWNER_ is null or RES.LOCK_EXP_TIME_ &lt;= ?) and TYPE_ = &apos;timer&apos; and ( (RES.EXECUTION_ID_ is null) or (PI.SUSPENSION_STATE_ = 1) ) LIMIT ? OFFSET ? 
10:48:10,852 [Thread-106] DEBUG org.activiti.engine.impl.db.DbSqlSession  - flush summary: 0 insert, 0 update, 0 delete.
10:48:10,852 [Thread-106] DEBUG org.activiti.engine.impl.db.DbSqlSession  - now executing flush...
10:48:10,852 [Thread-106] DEBUG org.activiti.engine.impl.cfg.standalone.StandaloneMybatisTransactionContext  - firing event committing...
10:48:10,852 [Thread-106] DEBUG org.activiti.engine.impl.cfg.standalone.StandaloneMybatisTransactionContext  - committing the ibatis sql session...
10:48:10,853 [Thread-106] DEBUG org.activiti.engine.impl.cfg.standalone.StandaloneMybatisTransactionContext  - firing event committed...
10:48:10,853 [Thread-106] DEBUG org.apache.ibatis.transaction.jdbc.JdbcTransaction  - Resetting autocommit to true on JDBC Connection [conn65: url=jdbc:h2:mem:activiti-AsyncExecutorTest user=SA]
10:48:10,853 [Thread-106] DEBUG org.apache.ibatis.transaction.jdbc.JdbcTransaction  - Closing JDBC Connection [conn65: url=jdbc:h2:mem:activiti-AsyncExecutorTest user=SA]
10:48:10,853 [Thread-106] DEBUG org.apache.ibatis.datasource.pooled.PooledDataSource  - Returned connection 996762054 to pool.
10:48:10,852 [Thread-103] DEBUG org.apache.ibatis.transaction.jdbc.JdbcTransaction  - Closing JDBC Connection [conn60: url=jdbc:h2:mem:activiti-AsyncExecutorTest user=SA]
10:48:10,853 [Thread-103] DEBUG org.apache.ibatis.datasource.pooled.PooledDataSource  - Returned connection 33534803 to pool.
10:48:10,853 [Thread-103] DEBUG org.activiti.engine.impl.interceptor.LogInterceptor  - --- AcquireAsyncJobsDueCmd finished --------------------------------------------------------
10:48:10,853 [Thread-103] DEBUG org.activiti.engine.impl.interceptor.LogInterceptor  - 

10:48:10,852 [Thread-111] DEBUG org.activiti.engine.impl.cfg.standalone.StandaloneMybatisTransactionContext  - firing event committing...
10:48:10,853 [Thread-111] DEBUG org.activiti.engine.impl.cfg.standalone.StandaloneMybatisTransactionContext  - committing the ibatis sql session...
10:48:10,853 [Thread-111] DEBUG org.activiti.engine.impl.cfg.standalone.StandaloneMybatisTransactionContext  - firing event committed...
10:48:10,853 [Thread-111] DEBUG org.apache.ibatis.transaction.jdbc.JdbcTransaction  - Resetting autocommit to true on JDBC Connection [conn69: url=jdbc:h2:mem:activiti-AsyncExecutorTest user=SA]
10:48:10,853 [Thread-111] DEBUG org.apache.ibatis.transaction.jdbc.JdbcTransaction  - Closing JDBC Connection [conn69: url=jdbc:h2:mem:activiti-AsyncExecutorTest user=SA]
10:48:10,853 [Thread-111] DEBUG org.apache.ibatis.datasource.pooled.PooledDataSource  - Returned connection 1863805930 to pool.
10:48:10,853 [Thread-111] DEBUG org.activiti.engine.impl.interceptor.LogInterceptor  - --- AcquireTimerJobsCmd finished --------------------------------------------------------
10:48:10,853 [Thread-111] DEBUG org.activiti.engine.impl.interceptor.LogInterceptor  - 

10:48:10,852 [Thread-102] DEBUG org.activiti.engine.impl.db.DbSqlSession  - flush summary: 0 insert, 0 update, 0 delete.
10:48:10,853 [Thread-102] DEBUG org.activiti.engine.impl.db.DbSqlSession  - now executing flush...
10:48:10,853 [Thread-102] DEBUG org.activiti.engine.impl.cfg.standalone.StandaloneMybatisTransactionContext  - firing event committing...
10:48:10,853 [Thread-102] DEBUG org.activiti.engine.impl.cfg.standalone.StandaloneMybatisTransactionContext  - committing the ibatis sql session...
10:48:10,853 [Thread-102] DEBUG org.activiti.engine.impl.cfg.standalone.StandaloneMybatisTransactionContext  - firing event committed...
10:48:10,853 [Thread-102] DEBUG org.apache.ibatis.transaction.jdbc.JdbcTransaction  - Resetting autocommit to true on JDBC Connection [conn59: url=jdbc:h2:mem:activiti-AsyncExecutorTest user=SA]
10:48:10,853 [Thread-102] DEBUG org.apache.ibatis.transaction.jdbc.JdbcTransaction  - Closing JDBC Connection [conn59: url=jdbc:h2:mem:activiti-AsyncExecutorTest user=SA]
10:48:10,853 [Thread-102] DEBUG org.apache.ibatis.datasource.pooled.PooledDataSource  - Returned connection 720039383 to pool.
10:48:10,853 [Thread-102] DEBUG org.activiti.engine.impl.interceptor.LogInterceptor  - --- AcquireTimerJobsCmd finished --------------------------------------------------------
10:48:10,853 [Thread-102] DEBUG org.activiti.engine.impl.interceptor.LogInterceptor  - 

10:48:10,853 [Thread-102] DEBUG org.activiti.engine.impl.asyncexecutor.AcquireTimerJobsRunnable  - timer job acquisition thread sleeping for 50 millis
10:48:10,852 [Thread-112] DEBUG org.activiti.engine.impl.persistence.entity.JobEntity.selectAsyncJobsDueToExecute  - ==&gt; Parameters: 2001-01-01 01:23:46.0(Timestamp), 2001-01-01 01:23:46.0(Timestamp), 1(Integer), 0(Integer)
10:48:10,853 [Thread-111] DEBUG org.activiti.engine.impl.asyncexecutor.AcquireTimerJobsRunnable  - timer job acquisition thread sleeping for 50 millis
10:48:10,853 [Thread-103] DEBUG org.activiti.engine.impl.asyncexecutor.AcquireAsyncJobsDueRunnable  - async job acquisition thread sleeping for 50 millis
10:48:10,853 [Thread-106] DEBUG org.activiti.engine.impl.interceptor.LogInterceptor  - --- AcquireAsyncJobsDueCmd finished --------------------------------------------------------
10:48:10,854 [Thread-106] DEBUG org.activiti.engine.impl.interceptor.LogInterceptor  - 

10:48:10,854 [Thread-106] DEBUG org.activiti.engine.impl.asyncexecutor.AcquireAsyncJobsDueRunnable  - async job acquisition thread sleeping for 50 millis
10:48:10,852 [Thread-105] DEBUG org.activiti.engine.impl.persistence.entity.JobEntity.selectNextTimerJobsToExecute  - ==&gt; Parameters: 2001-01-01 01:23:46.0(Timestamp), 2001-01-01 01:23:46.0(Timestamp), 1(Integer), 0(Integer)
10:48:10,854 [Thread-112] DEBUG org.activiti.engine.impl.persistence.entity.JobEntity.selectAsyncJobsDueToExecute  - &lt;==      Total: 0
10:48:10,854 [Thread-105] DEBUG org.activiti.engine.impl.persistence.entity.JobEntity.selectNextTimerJobsToExecute  - &lt;==      Total: 0
10:48:10,854 [Thread-112] DEBUG org.activiti.engine.impl.db.DbSqlSession  - flush summary: 0 insert, 0 update, 0 delete.
10:48:10,854 [Thread-112] DEBUG org.activiti.engine.impl.db.DbSqlSession  - now executing flush...
10:48:10,854 [Thread-112] DEBUG org.activiti.engine.impl.cfg.standalone.StandaloneMybatisTransactionContext  - firing event committing...
10:48:10,854 [Thread-112] DEBUG org.activiti.engine.impl.cfg.standalone.StandaloneMybatisTransactionContext  - committing the ibatis sql session...
10:48:10,854 [Thread-112] DEBUG org.activiti.engine.impl.cfg.standalone.StandaloneMybatisTransactionContext  - firing event committed...
10:48:10,854 [Thread-112] DEBUG org.apache.ibatis.transaction.jdbc.JdbcTransaction  - Resetting autocommit to true on JDBC Connection [conn68: url=jdbc:h2:mem:activiti-AsyncExecutorTest user=SA]
10:48:10,854 [Thread-112] DEBUG org.apache.ibatis.transaction.jdbc.JdbcTransaction  - Closing JDBC Connection [conn68: url=jdbc:h2:mem:activiti-AsyncExecutorTest user=SA]
10:48:10,854 [Thread-112] DEBUG org.apache.ibatis.datasource.pooled.PooledDataSource  - Returned connection 58501658 to pool.
10:48:10,854 [Thread-112] DEBUG org.activiti.engine.impl.interceptor.LogInterceptor  - --- AcquireAsyncJobsDueCmd finished --------------------------------------------------------
10:48:10,854 [Thread-112] DEBUG org.activiti.engine.impl.interceptor.LogInterceptor  - 

10:48:10,854 [Thread-112] DEBUG org.activiti.engine.impl.asyncexecutor.AcquireAsyncJobsDueRunnable  - async job acquisition thread sleeping for 50 millis
10:48:10,854 [Thread-105] DEBUG org.activiti.engine.impl.db.DbSqlSession  - flush summary: 0 insert, 0 update, 0 delete.
10:48:10,854 [Thread-105] DEBUG org.activiti.engine.impl.db.DbSqlSession  - now executing flush...
10:48:10,854 [Thread-105] DEBUG org.activiti.engine.impl.cfg.standalone.StandaloneMybatisTransactionContext  - firing event committing...
10:48:10,854 [Thread-105] DEBUG org.activiti.engine.impl.cfg.standalone.StandaloneMybatisTransactionContext  - committing the ibatis sql session...
10:48:10,854 [Thread-105] DEBUG org.activiti.engine.impl.cfg.standalone.StandaloneMybatisTransactionContext  - firing event committed...
10:48:10,854 [Thread-105] DEBUG org.apache.ibatis.transaction.jdbc.JdbcTransaction  - Resetting autocommit to true on JDBC Connection [conn64: url=jdbc:h2:mem:activiti-AsyncExecutorTest user=SA]
10:48:10,854 [Thread-105] DEBUG org.apache.ibatis.transaction.jdbc.JdbcTransaction  - Closing JDBC Connection [conn64: url=jdbc:h2:mem:activiti-AsyncExecutorTest user=SA]
10:48:10,854 [Thread-105] DEBUG org.apache.ibatis.datasource.pooled.PooledDataSource  - Returned connection 54468349 to pool.
10:48:10,854 [Thread-105] DEBUG org.activiti.engine.impl.interceptor.LogInterceptor  - --- AcquireTimerJobsCmd finished --------------------------------------------------------
10:48:10,855 [Thread-105] DEBUG org.activiti.engine.impl.interceptor.LogInterceptor  - 

10:48:10,855 [Thread-105] DEBUG org.activiti.engine.impl.asyncexecutor.AcquireTimerJobsRunnable  - timer job acquisition thread sleeping for 50 millis
10:48:10,855 [main] DEBUG org.activiti.engine.impl.bpmn.parser.handler.ProcessParseHandler  - Parsing process simpleProcess
10:48:10,855 [main] DEBUG org.activiti.engine.impl.bpmn.parser.handler.AbstractBpmnParseHandler  - Parsing activity task1
10:48:10,855 [main] DEBUG org.activiti.engine.impl.bpmn.parser.handler.AbstractBpmnParseHandler  - Parsing activity task2
10:48:10,855 [main] DEBUG org.activiti.engine.impl.bpmn.parser.handler.AbstractBpmnParseHandler  - Parsing activity task3
10:48:10,855 [main] DEBUG org.activiti.engine.impl.bpmn.parser.handler.AbstractBpmnParseHandler  - Parsing activity task4
10:48:10,855 [main] DEBUG org.activiti.engine.impl.bpmn.parser.handler.AbstractBpmnParseHandler  - Parsing activity task5
10:48:10,855 [main] DEBUG org.activiti.engine.impl.bpmn.parser.handler.AbstractBpmnParseHandler  - Parsing activity task6
10:48:10,855 [main] DEBUG org.activiti.engine.impl.bpmn.parser.handler.AbstractBpmnParseHandler  - Parsing activity task7
10:48:10,855 [main] DEBUG org.activiti.engine.impl.bpmn.parser.handler.AbstractBpmnParseHandler  - Parsing activity task8
10:48:10,855 [main] DEBUG org.activiti.engine.impl.bpmn.parser.handler.AbstractBpmnParseHandler  - Parsing activity task9
10:48:10,855 [main] DEBUG org.activiti.engine.impl.bpmn.parser.handler.AbstractBpmnParseHandler  - Parsing activity task10
10:48:10,856 [main] DEBUG org.activiti.engine.impl.bpmn.parser.handler.AbstractBpmnParseHandler  - Parsing activity theStart
10:48:10,856 [main] DEBUG org.activiti.engine.impl.bpmn.parser.handler.AbstractBpmnParseHandler  - Parsing activity theEnd
10:48:10,856 [main] DEBUG org.apache.ibatis.transaction.jdbc.JdbcTransaction  - Opening JDBC Connection
10:48:10,856 [main] DEBUG org.apache.ibatis.datasource.pooled.PooledDataSource  - Checked out connection 88071124 from pool.
10:48:10,856 [main] DEBUG org.apache.ibatis.transaction.jdbc.JdbcTransaction  - Setting autocommit to false on JDBC Connection [conn146: url=jdbc:h2:mem:activiti-uuid-generator-test user=SA]
10:48:10,856 [main] DEBUG org.activiti.engine.impl.persistence.entity.ProcessDefinitionEntity.selectLatestProcessDefinitionByKey  - ==&gt;  Preparing: select * from ACT_RE_PROCDEF where KEY_ = ? and (TENANT_ID_ = &apos;&apos; or TENANT_ID_ is null) and VERSION_ = (select max(VERSION_) from ACT_RE_PROCDEF where KEY_ = ? and (TENANT_ID_ = &apos;&apos; or TENANT_ID_ is null)) 
10:48:10,856 [main] DEBUG org.activiti.engine.impl.persistence.entity.ProcessDefinitionEntity.selectLatestProcessDefinitionByKey  - ==&gt; Parameters: simpleProcess(String), simpleProcess(String)
10:48:10,856 [main] DEBUG org.activiti.engine.impl.persistence.entity.ProcessDefinitionEntity.selectLatestProcessDefinitionByKey  - &lt;==      Total: 0
10:48:10,856 [main] DEBUG org.activiti.engine.impl.persistence.entity.JobEntity.selectJobByTypeAndProcessDefinitionKeyNoTenantId  - ==&gt;  Preparing: select J.* from ACT_RU_JOB J inner join ACT_RE_PROCDEF P on J.PROC_DEF_ID_ = P.ID_ where J.HANDLER_TYPE_ = ? and P.KEY_ = ? and (P.TENANT_ID_ = &apos;&apos; or P.TENANT_ID_ is null) 
10:48:10,856 [main] DEBUG org.activiti.engine.impl.persistence.entity.JobEntity.selectJobByTypeAndProcessDefinitionKeyNoTenantId  - ==&gt; Parameters: timer-start-event(String), simpleProcess(String)
10:48:10,856 [main] DEBUG org.activiti.engine.impl.persistence.entity.JobEntity.selectJobByTypeAndProcessDefinitionKeyNoTenantId  - &lt;==      Total: 0
10:48:10,856 [main] DEBUG org.activiti.engine.impl.interceptor.LogInterceptor  - 

10:48:10,857 [main] DEBUG org.activiti.engine.impl.interceptor.LogInterceptor  - --- starting GetProcessDefinitionInfoCmd --------------------------------------------------------
10:48:10,857 [main] DEBUG org.activiti.engine.impl.interceptor.CommandContextInterceptor  - Valid context found. Reusing it for the current command &apos;org.activiti.engine.impl.cmd.GetProcessDefinitionInfoCmd&apos;
10:48:10,857 [main] DEBUG org.activiti.engine.impl.interceptor.LogInterceptor  - --- GetProcessDefinitionInfoCmd finished --------------------------------------------------------
10:48:10,857 [main] DEBUG org.activiti.engine.impl.interceptor.LogInterceptor  - 

10:48:10,857 [main] DEBUG org.activiti.engine.impl.db.DbSqlSession  -   insert ResourceEntity[id=a6db9dfd-c6c9-11ed-aa5a-de215c025445, name=org/activiti/standalone/idgenerator/UuidGeneratorTest.testUuidGeneratorUsage.bpmn20.xml]
10:48:10,857 [main] DEBUG org.activiti.engine.impl.db.DbSqlSession  -   insert DeploymentEntity[id=a6db9dfc-c6c9-11ed-aa5a-de215c025445, name=UuidGeneratorTest.testUuidGeneratorUsage]
10:48:10,857 [main] DEBUG org.activiti.engine.impl.db.DbSqlSession  -   insert ProcessDefinitionEntity[simpleProcess:1:a6dcaf6e-c6c9-11ed-aa5a-de215c025445]
10:48:10,857 [main] DEBUG org.activiti.engine.impl.db.DbSqlSession  - flush summary: 3 insert, 0 update, 0 delete.
10:48:10,857 [main] DEBUG org.activiti.engine.impl.db.DbSqlSession  - now executing flush...
10:48:10,857 [main] DEBUG org.activiti.engine.impl.db.DbSqlSession  - inserting: ProcessDefinitionEntity[simpleProcess:1:a6dcaf6e-c6c9-11ed-aa5a-de215c025445]
10:48:10,857 [main] DEBUG org.activiti.engine.impl.persistence.entity.ProcessDefinitionEntity.insertProcessDefinition  - ==&gt;  Preparing: insert into ACT_RE_PROCDEF(ID_, REV_, CATEGORY_, NAME_, KEY_, VERSION_, DEPLOYMENT_ID_, RESOURCE_NAME_, DGRM_RESOURCE_NAME_, DESCRIPTION_, HAS_START_FORM_KEY_, HAS_GRAPHICAL_NOTATION_ , SUSPENSION_STATE_, TENANT_ID_) values (?, 1, ?, ?, ?, ?, ?, ?, ?, ?, ?, ?, ?, ?) 
10:48:10,857 [main] DEBUG org.activiti.engine.impl.persistence.entity.ProcessDefinitionEntity.insertProcessDefinition  - ==&gt; Parameters: simpleProcess:1:a6dcaf6e-c6c9-11ed-aa5a-de215c025445(String), Examples(String), null, simpleProcess(String), 1(Integer), a6db9dfc-c6c9-11ed-aa5a-de215c025445(String), org/activiti/standalone/idgenerator/UuidGeneratorTest.testUuidGeneratorUsage.bpmn20.xml(String), null, null, false(Boolean), false(Boolean), 1(Integer), (String)
10:48:10,857 [main] DEBUG org.activiti.engine.impl.persistence.entity.ProcessDefinitionEntity.insertProcessDefinition  - &lt;==    Updates: 1
10:48:10,857 [main] DEBUG org.activiti.engine.impl.db.DbSqlSession  - inserting: DeploymentEntity[id=a6db9dfc-c6c9-11ed-aa5a-de215c025445, name=UuidGeneratorTest.testUuidGeneratorUsage]
10:48:10,857 [main] DEBUG org.activiti.engine.impl.persistence.entity.DeploymentEntity.insertDeployment  - ==&gt;  Preparing: insert into ACT_RE_DEPLOYMENT(ID_, NAME_, CATEGORY_, TENANT_ID_, DEPLOY_TIME_) values(?, ?, ?, ?, ?) 
10:48:10,857 [main] DEBUG org.activiti.engine.impl.persistence.entity.DeploymentEntity.insertDeployment  - ==&gt; Parameters: a6db9dfc-c6c9-11ed-aa5a-de215c025445(String), UuidGeneratorTest.testUuidGeneratorUsage(String), null, (String), 2001-01-01 01:23:46.0(Timestamp)
10:48:10,857 [main] DEBUG org.activiti.engine.impl.persistence.entity.DeploymentEntity.insertDeployment  - &lt;==    Updates: 1
10:48:10,857 [main] DEBUG org.activiti.engine.impl.db.DbSqlSession  - inserting: ResourceEntity[id=a6db9dfd-c6c9-11ed-aa5a-de215c025445, name=org/activiti/standalone/idgenerator/UuidGeneratorTest.testUuidGeneratorUsage.bpmn20.xml]
10:48:10,857 [main] DEBUG org.activiti.engine.impl.persistence.entity.ResourceEntity.insertResource  - ==&gt;  Preparing: insert into ACT_GE_BYTEARRAY(ID_, REV_, NAME_, BYTES_, DEPLOYMENT_ID_, GENERATED_) values (?, 1, ?, ?, ?, ?) 
10:48:10,857 [main] DEBUG org.activiti.engine.impl.persistence.entity.ResourceEntity.insertResource  - ==&gt; Parameters: a6db9dfd-c6c9-11ed-aa5a-de215c025445(String), org/activiti/standalone/idgenerator/UuidGeneratorTest.testUuidGeneratorUsage.bpmn20.xml(String), java.io.ByteArrayInputStream@7a91cafe(ByteArrayInputStream), a6db9dfc-c6c9-11ed-aa5a-de215c025445(String), false(Boolean)
10:48:10,858 [main] DEBUG org.activiti.engine.impl.persistence.entity.ResourceEntity.insertResource  - &lt;==    Updates: 1
10:48:10,858 [main] DEBUG org.activiti.engine.impl.cfg.standalone.StandaloneMybatisTransactionContext  - firing event committing...
10:48:10,858 [main] DEBUG org.activiti.engine.impl.cfg.standalone.StandaloneMybatisTransactionContext  - committing the ibatis sql session...
10:48:10,858 [main] DEBUG org.apache.ibatis.transaction.jdbc.JdbcTransaction  - Committing JDBC Connection [conn146: url=jdbc:h2:mem:activiti-uuid-generator-test user=SA]
10:48:10,858 [main] DEBUG org.activiti.engine.impl.cfg.standalone.StandaloneMybatisTransactionContext  - firing event committed...
10:48:10,858 [main] DEBUG org.apache.ibatis.transaction.jdbc.JdbcTransaction  - Resetting autocommit to true on JDBC Connection [conn146: url=jdbc:h2:mem:activiti-uuid-generator-test user=SA]
10:48:10,858 [main] DEBUG org.apache.ibatis.transaction.jdbc.JdbcTransaction  - Closing JDBC Connection [conn146: url=jdbc:h2:mem:activiti-uuid-generator-test user=SA]
10:48:10,858 [main] DEBUG org.apache.ibatis.datasource.pooled.PooledDataSource  - Returned connection 88071124 to pool.
10:48:10,858 [main] DEBUG org.activiti.engine.impl.interceptor.LogInterceptor  - --- DeployCmd finished --------------------------------------------------------
10:48:10,858 [main] DEBUG org.activiti.engine.impl.interceptor.LogInterceptor  - 

10:48:10,858 [main] DEBUG org.activiti.engine.impl.test.PvmTestCase  - 

10:48:10,858 [main] DEBUG org.activiti.engine.impl.test.PvmTestCase  - #### START UuidGeneratorTest.testUuidGeneratorUsage ###########################################################
10:48:10,860 [pool-23-thread-1] DEBUG org.activiti.engine.impl.interceptor.LogInterceptor  - 

10:48:10,860 [pool-23-thread-6] DEBUG org.activiti.engine.impl.interceptor.LogInterceptor  - 

10:48:10,860 [pool-23-thread-5] DEBUG org.activiti.engine.impl.interceptor.LogInterceptor  - 

10:48:10,860 [pool-23-thread-5] DEBUG org.activiti.engine.impl.interceptor.LogInterceptor  - --- starting StartProcessInstanceCmd --------------------------------------------------------
10:48:10,860 [pool-23-thread-4] DEBUG org.activiti.engine.impl.interceptor.LogInterceptor  - 

10:48:10,860 [pool-23-thread-4] DEBUG org.activiti.engine.impl.interceptor.LogInterceptor  - --- starting StartProcessInstanceCmd --------------------------------------------------------
10:48:10,860 [pool-23-thread-3] DEBUG org.activiti.engine.impl.interceptor.LogInterceptor  - 

10:48:10,861 [pool-23-thread-3] DEBUG org.activiti.engine.impl.interceptor.LogInterceptor  - --- starting StartProcessInstanceCmd --------------------------------------------------------
10:48:10,861 [pool-23-thread-3] DEBUG org.apache.ibatis.transaction.jdbc.JdbcTransaction  - Opening JDBC Connection
10:48:10,861 [pool-23-thread-3] DEBUG org.apache.ibatis.datasource.pooled.PooledDataSource  - Checked out connection 88071124 from pool.
10:48:10,861 [pool-23-thread-3] DEBUG org.apache.ibatis.transaction.jdbc.JdbcTransaction  - Setting autocommit to false on JDBC Connection [conn146: url=jdbc:h2:mem:activiti-uuid-generator-test user=SA]
10:48:10,860 [pool-23-thread-2] DEBUG org.activiti.engine.impl.interceptor.LogInterceptor  - 

10:48:10,861 [pool-23-thread-2] DEBUG org.activiti.engine.impl.interceptor.LogInterceptor  - --- starting StartProcessInstanceCmd --------------------------------------------------------
10:48:10,861 [pool-23-thread-2] DEBUG org.apache.ibatis.transaction.jdbc.JdbcTransaction  - Opening JDBC Connection
10:48:10,861 [pool-23-thread-3] DEBUG org.activiti.engine.impl.persistence.entity.ProcessDefinitionEntity.selectLatestProcessDefinitionByKey  - ==&gt;  Preparing: select * from ACT_RE_PROCDEF where KEY_ = ? and (TENANT_ID_ = &apos;&apos; or TENANT_ID_ is null) and VERSION_ = (select max(VERSION_) from ACT_RE_PROCDEF where KEY_ = ? and (TENANT_ID_ = &apos;&apos; or TENANT_ID_ is null)) 
10:48:10,860 [pool-23-thread-4] DEBUG org.apache.ibatis.transaction.jdbc.JdbcTransaction  - Opening JDBC Connection
10:48:10,860 [pool-23-thread-5] DEBUG org.apache.ibatis.transaction.jdbc.JdbcTransaction  - Opening JDBC Connection
10:48:10,862 [pool-23-thread-2] DEBUG org.apache.ibatis.datasource.pooled.PooledDataSource  - Created connection 391030253.
10:48:10,862 [pool-23-thread-2] DEBUG org.apache.ibatis.transaction.jdbc.JdbcTransaction  - Setting autocommit to false on JDBC Connection [conn147: url=jdbc:h2:mem:activiti-uuid-generator-test user=SA]
10:48:10,862 [pool-23-thread-2] DEBUG org.activiti.engine.impl.persistence.entity.ProcessDefinitionEntity.selectLatestProcessDefinitionByKey  - ==&gt;  Preparing: select * from ACT_RE_PROCDEF where KEY_ = ? and (TENANT_ID_ = &apos;&apos; or TENANT_ID_ is null) and VERSION_ = (select max(VERSION_) from ACT_RE_PROCDEF where KEY_ = ? and (TENANT_ID_ = &apos;&apos; or TENANT_ID_ is null)) 
10:48:10,860 [pool-23-thread-10] DEBUG org.activiti.engine.impl.interceptor.LogInterceptor  - 

10:48:10,862 [pool-23-thread-10] DEBUG org.activiti.engine.impl.interceptor.LogInterceptor  - --- starting StartProcessInstanceCmd --------------------------------------------------------
10:48:10,860 [pool-23-thread-6] DEBUG org.activiti.engine.impl.interceptor.LogInterceptor  - --- starting StartProcessInstanceCmd --------------------------------------------------------
10:48:10,862 [pool-23-thread-6] DEBUG org.apache.ibatis.transaction.jdbc.JdbcTransaction  - Opening JDBC Connection
10:48:10,860 [pool-23-thread-9] DEBUG org.activiti.engine.impl.interceptor.LogInterceptor  - 

10:48:10,862 [pool-23-thread-9] DEBUG org.activiti.engine.impl.interceptor.LogInterceptor  - --- starting StartProcessInstanceCmd --------------------------------------------------------
10:48:10,862 [pool-23-thread-9] DEBUG org.apache.ibatis.transaction.jdbc.JdbcTransaction  - Opening JDBC Connection
10:48:10,860 [pool-23-thread-8] DEBUG org.activiti.engine.impl.interceptor.LogInterceptor  - 

10:48:10,862 [pool-23-thread-8] DEBUG org.activiti.engine.impl.interceptor.LogInterceptor  - --- starting StartProcessInstanceCmd --------------------------------------------------------
10:48:10,862 [pool-23-thread-8] DEBUG org.apache.ibatis.transaction.jdbc.JdbcTransaction  - Opening JDBC Connection
10:48:10,860 [pool-23-thread-1] DEBUG org.activiti.engine.impl.interceptor.LogInterceptor  - --- starting StartProcessInstanceCmd --------------------------------------------------------
10:48:10,862 [pool-23-thread-1] DEBUG org.apache.ibatis.transaction.jdbc.JdbcTransaction  - Opening JDBC Connection
10:48:10,860 [pool-23-thread-7] DEBUG org.activiti.engine.impl.interceptor.LogInterceptor  - 

10:48:10,863 [pool-23-thread-7] DEBUG org.activiti.engine.impl.interceptor.LogInterceptor  - --- starting StartProcessInstanceCmd --------------------------------------------------------
10:48:10,863 [pool-23-thread-7] DEBUG org.apache.ibatis.transaction.jdbc.JdbcTransaction  - Opening JDBC Connection
10:48:10,862 [pool-23-thread-10] DEBUG org.apache.ibatis.transaction.jdbc.JdbcTransaction  - Opening JDBC Connection
10:48:10,862 [pool-23-thread-2] DEBUG org.activiti.engine.impl.persistence.entity.ProcessDefinitionEntity.selectLatestProcessDefinitionByKey  - ==&gt; Parameters: simpleProcess(String), simpleProcess(String)
10:48:10,862 [pool-23-thread-5] DEBUG org.apache.ibatis.datasource.pooled.PooledDataSource  - Created connection 1099218109.
10:48:10,861 [pool-23-thread-3] DEBUG org.activiti.engine.impl.persistence.entity.ProcessDefinitionEntity.selectLatestProcessDefinitionByKey  - ==&gt; Parameters: simpleProcess(String), simpleProcess(String)
10:48:10,863 [pool-23-thread-5] DEBUG org.apache.ibatis.transaction.jdbc.JdbcTransaction  - Setting autocommit to false on JDBC Connection [conn148: url=jdbc:h2:mem:activiti-uuid-generator-test user=SA]
10:48:10,863 [pool-23-thread-5] DEBUG org.activiti.engine.impl.persistence.entity.ProcessDefinitionEntity.selectLatestProcessDefinitionByKey  - ==&gt;  Preparing: select * from ACT_RE_PROCDEF where KEY_ = ? and (TENANT_ID_ = &apos;&apos; or TENANT_ID_ is null) and VERSION_ = (select max(VERSION_) from ACT_RE_PROCDEF where KEY_ = ? and (TENANT_ID_ = &apos;&apos; or TENANT_ID_ is null)) 
10:48:10,863 [pool-23-thread-3] DEBUG org.activiti.engine.impl.persistence.entity.ProcessDefinitionEntity.selectLatestProcessDefinitionByKey  - &lt;==      Total: 1
10:48:10,863 [pool-23-thread-10] DEBUG org.apache.ibatis.datasource.pooled.PooledDataSource  - Created connection 416618450.
10:48:10,863 [pool-23-thread-10] DEBUG org.apache.ibatis.transaction.jdbc.JdbcTransaction  - Setting autocommit to false on JDBC Connection [conn149: url=jdbc:h2:mem:activiti-uuid-generator-test user=SA]
10:48:10,863 [pool-23-thread-2] DEBUG org.activiti.engine.impl.persistence.entity.ProcessDefinitionEntity.selectLatestProcessDefinitionByKey  - &lt;==      Total: 1
10:48:10,863 [pool-23-thread-7] DEBUG org.apache.ibatis.datasource.pooled.PooledDataSource  - Created connection 2049392199.
10:48:10,863 [pool-23-thread-2] DEBUG org.activiti.engine.impl.persistence.entity.ExecutionEntity  - initializing ProcessInstance[a6ddc0e0-c6c9-11ed-aa5a-de215c025445]
10:48:10,863 [pool-23-thread-10] DEBUG org.activiti.engine.impl.persistence.entity.ProcessDefinitionEntity.selectLatestProcessDefinitionByKey  - ==&gt;  Preparing: select * from ACT_RE_PROCDEF where KEY_ = ? and (TENANT_ID_ = &apos;&apos; or TENANT_ID_ is null) and VERSION_ = (select max(VERSION_) from ACT_RE_PROCDEF where KEY_ = ? and (TENANT_ID_ = &apos;&apos; or TENANT_ID_ is null)) 
10:48:10,863 [pool-23-thread-3] DEBUG org.activiti.engine.impl.persistence.entity.ExecutionEntity  - initializing ProcessInstance[a6ddc0df-c6c9-11ed-aa5a-de215c025445]
10:48:10,863 [pool-23-thread-5] DEBUG org.activiti.engine.impl.persistence.entity.ProcessDefinitionEntity.selectLatestProcessDefinitionByKey  - ==&gt; Parameters: simpleProcess(String), simpleProcess(String)
10:48:10,864 [pool-23-thread-1] DEBUG org.apache.ibatis.datasource.pooled.PooledDataSource  - Created connection 2119021267.
10:48:10,864 [pool-23-thread-3] DEBUG org.activiti.engine.impl.history.DefaultHistoryManager  - Current history level: AUDIT, level required: ACTIVITY
10:48:10,863 [pool-23-thread-10] DEBUG org.activiti.engine.impl.persistence.entity.ProcessDefinitionEntity.selectLatestProcessDefinitionByKey  - ==&gt; Parameters: simpleProcess(String), simpleProcess(String)
10:48:10,863 [pool-23-thread-2] DEBUG org.activiti.engine.impl.history.DefaultHistoryManager  - Current history level: AUDIT, level required: ACTIVITY
10:48:10,863 [pool-23-thread-7] DEBUG org.apache.ibatis.transaction.jdbc.JdbcTransaction  - Setting autocommit to false on JDBC Connection [conn150: url=jdbc:h2:mem:activiti-uuid-generator-test user=SA]
10:48:10,864 [pool-23-thread-10] DEBUG org.activiti.engine.impl.persistence.entity.ProcessDefinitionEntity.selectLatestProcessDefinitionByKey  - &lt;==      Total: 1
10:48:10,864 [pool-23-thread-2] DEBUG org.activiti.engine.impl.pvm.runtime.AtomicOperationActivityExecute  - ProcessInstance[a6ddc0e0-c6c9-11ed-aa5a-de215c025445] executes Activity(theStart): org.activiti.engine.impl.bpmn.behavior.NoneStartEventActivityBehavior
10:48:10,864 [pool-23-thread-8] DEBUG org.apache.ibatis.datasource.pooled.PooledDataSource  - Created connection 1865681564.
10:48:10,864 [pool-23-thread-3] DEBUG org.activiti.engine.impl.pvm.runtime.AtomicOperationActivityExecute  - ProcessInstance[a6ddc0df-c6c9-11ed-aa5a-de215c025445] executes Activity(theStart): org.activiti.engine.impl.bpmn.behavior.NoneStartEventActivityBehavior
10:48:10,864 [pool-23-thread-5] DEBUG org.activiti.engine.impl.persistence.entity.ProcessDefinitionEntity.selectLatestProcessDefinitionByKey  - &lt;==      Total: 1
10:48:10,864 [pool-23-thread-1] DEBUG org.apache.ibatis.transaction.jdbc.JdbcTransaction  - Setting autocommit to false on JDBC Connection [conn151: url=jdbc:h2:mem:activiti-uuid-generator-test user=SA]
10:48:10,864 [pool-23-thread-9] DEBUG org.apache.ibatis.datasource.pooled.PooledDataSource  - Created connection 1805157850.
10:48:10,864 [pool-23-thread-5] DEBUG org.activiti.engine.impl.persistence.entity.ExecutionEntity  - initializing ProcessInstance[a6dde7f4-c6c9-11ed-aa5a-de215c025445]
10:48:10,864 [pool-23-thread-3] DEBUG org.activiti.engine.impl.persistence.entity.JobEntity.selectJobsByExecutionId  - ==&gt;  Preparing: select * from ACT_RU_JOB J where J.EXECUTION_ID_ = ? 
10:48:10,864 [pool-23-thread-6] DEBUG org.apache.ibatis.datasource.pooled.PooledDataSource  - Created connection 640090337.
10:48:10,864 [pool-23-thread-6] DEBUG org.apache.ibatis.transaction.jdbc.JdbcTransaction  - Setting autocommit to false on JDBC Connection [conn154: url=jdbc:h2:mem:activiti-uuid-generator-test user=SA]
10:48:10,864 [pool-23-thread-8] DEBUG org.apache.ibatis.transaction.jdbc.JdbcTransaction  - Setting autocommit to false on JDBC Connection [conn152: url=jdbc:h2:mem:activiti-uuid-generator-test user=SA]
10:48:10,864 [pool-23-thread-2] DEBUG org.activiti.engine.impl.persistence.entity.JobEntity.selectJobsByExecutionId  - ==&gt;  Preparing: select * from ACT_RU_JOB J where J.EXECUTION_ID_ = ? 
10:48:10,864 [pool-23-thread-10] DEBUG org.activiti.engine.impl.persistence.entity.ExecutionEntity  - initializing ProcessInstance[a6dde7f3-c6c9-11ed-aa5a-de215c025445]
10:48:10,864 [pool-23-thread-7] DEBUG org.activiti.engine.impl.persistence.entity.ProcessDefinitionEntity.selectLatestProcessDefinitionByKey  - ==&gt;  Preparing: select * from ACT_RE_PROCDEF where KEY_ = ? and (TENANT_ID_ = &apos;&apos; or TENANT_ID_ is null) and VERSION_ = (select max(VERSION_) from ACT_RE_PROCDEF where KEY_ = ? and (TENANT_ID_ = &apos;&apos; or TENANT_ID_ is null)) 
10:48:10,865 [pool-23-thread-10] DEBUG org.activiti.engine.impl.history.DefaultHistoryManager  - Current history level: AUDIT, level required: ACTIVITY
10:48:10,865 [pool-23-thread-7] DEBUG org.activiti.engine.impl.persistence.entity.ProcessDefinitionEntity.selectLatestProcessDefinitionByKey  - ==&gt; Parameters: simpleProcess(String), simpleProcess(String)
10:48:10,865 [pool-23-thread-2] DEBUG org.activiti.engine.impl.persistence.entity.JobEntity.selectJobsByExecutionId  - ==&gt; Parameters: a6ddc0e0-c6c9-11ed-aa5a-de215c025445(String)
10:48:10,864 [pool-23-thread-4] DEBUG org.apache.ibatis.datasource.pooled.PooledDataSource  - Created connection 1225090506.
10:48:10,865 [pool-23-thread-4] DEBUG org.apache.ibatis.transaction.jdbc.JdbcTransaction  - Setting autocommit to false on JDBC Connection [conn155: url=jdbc:h2:mem:activiti-uuid-generator-test user=SA]
10:48:10,864 [pool-23-thread-8] DEBUG org.activiti.engine.impl.persistence.entity.ProcessDefinitionEntity.selectLatestProcessDefinitionByKey  - ==&gt;  Preparing: select * from ACT_RE_PROCDEF where KEY_ = ? and (TENANT_ID_ = &apos;&apos; or TENANT_ID_ is null) and VERSION_ = (select max(VERSION_) from ACT_RE_PROCDEF where KEY_ = ? and (TENANT_ID_ = &apos;&apos; or TENANT_ID_ is null)) 
10:48:10,864 [pool-23-thread-6] DEBUG org.activiti.engine.impl.persistence.entity.ProcessDefinitionEntity.selectLatestProcessDefinitionByKey  - ==&gt;  Preparing: select * from ACT_RE_PROCDEF where KEY_ = ? and (TENANT_ID_ = &apos;&apos; or TENANT_ID_ is null) and VERSION_ = (select max(VERSION_) from ACT_RE_PROCDEF where KEY_ = ? and (TENANT_ID_ = &apos;&apos; or TENANT_ID_ is null)) 
10:48:10,865 [pool-23-thread-8] DEBUG org.activiti.engine.impl.persistence.entity.ProcessDefinitionEntity.selectLatestProcessDefinitionByKey  - ==&gt; Parameters: simpleProcess(String), simpleProcess(String)
10:48:10,865 [pool-23-thread-6] DEBUG org.activiti.engine.impl.persistence.entity.ProcessDefinitionEntity.selectLatestProcessDefinitionByKey  - ==&gt; Parameters: simpleProcess(String), simpleProcess(String)
10:48:10,864 [pool-23-thread-3] DEBUG org.activiti.engine.impl.persistence.entity.JobEntity.selectJobsByExecutionId  - ==&gt; Parameters: a6ddc0df-c6c9-11ed-aa5a-de215c025445(String)
10:48:10,865 [pool-23-thread-6] DEBUG org.activiti.engine.impl.persistence.entity.ProcessDefinitionEntity.selectLatestProcessDefinitionByKey  - &lt;==      Total: 1
10:48:10,865 [pool-23-thread-3] DEBUG org.activiti.engine.impl.persistence.entity.JobEntity.selectJobsByExecutionId  - &lt;==      Total: 0
10:48:10,865 [pool-23-thread-3] DEBUG org.activiti.engine.impl.bpmn.behavior.BpmnActivityBehavior  - Leaving activity &apos;theStart&apos;
10:48:10,864 [pool-23-thread-5] DEBUG org.activiti.engine.impl.history.DefaultHistoryManager  - Current history level: AUDIT, level required: ACTIVITY
10:48:10,864 [pool-23-thread-9] DEBUG org.apache.ibatis.transaction.jdbc.JdbcTransaction  - Setting autocommit to false on JDBC Connection [conn153: url=jdbc:h2:mem:activiti-uuid-generator-test user=SA]
10:48:10,864 [pool-23-thread-1] DEBUG org.activiti.engine.impl.persistence.entity.ProcessDefinitionEntity.selectLatestProcessDefinitionByKey  - ==&gt;  Preparing: select * from ACT_RE_PROCDEF where KEY_ = ? and (TENANT_ID_ = &apos;&apos; or TENANT_ID_ is null) and VERSION_ = (select max(VERSION_) from ACT_RE_PROCDEF where KEY_ = ? and (TENANT_ID_ = &apos;&apos; or TENANT_ID_ is null)) 
10:48:10,865 [pool-23-thread-9] DEBUG org.activiti.engine.impl.persistence.entity.ProcessDefinitionEntity.selectLatestProcessDefinitionByKey  - ==&gt;  Preparing: select * from ACT_RE_PROCDEF where KEY_ = ? and (TENANT_ID_ = &apos;&apos; or TENANT_ID_ is null) and VERSION_ = (select max(VERSION_) from ACT_RE_PROCDEF where KEY_ = ? and (TENANT_ID_ = &apos;&apos; or TENANT_ID_ is null)) 
10:48:10,865 [pool-23-thread-1] DEBUG org.activiti.engine.impl.persistence.entity.ProcessDefinitionEntity.selectLatestProcessDefinitionByKey  - ==&gt; Parameters: simpleProcess(String), simpleProcess(String)
10:48:10,865 [pool-23-thread-5] DEBUG org.activiti.engine.impl.pvm.runtime.AtomicOperationActivityExecute  - ProcessInstance[a6dde7f4-c6c9-11ed-aa5a-de215c025445] executes Activity(theStart): org.activiti.engine.impl.bpmn.behavior.NoneStartEventActivityBehavior
10:48:10,865 [pool-23-thread-3] DEBUG org.activiti.engine.impl.history.DefaultHistoryManager  - Current history level: AUDIT, level required: ACTIVITY
10:48:10,866 [pool-23-thread-3] DEBUG org.activiti.engine.impl.pvm.runtime.AtomicOperationTransitionNotifyListenerTake  - ProcessInstance[a6ddc0df-c6c9-11ed-aa5a-de215c025445] takes transition (theStart)--flow1--&gt;(task1)
10:48:10,865 [pool-23-thread-6] DEBUG org.activiti.engine.impl.persistence.entity.ExecutionEntity  - initializing ProcessInstance[a6de0f06-c6c9-11ed-aa5a-de215c025445]
10:48:10,865 [pool-23-thread-8] DEBUG org.activiti.engine.impl.persistence.entity.ProcessDefinitionEntity.selectLatestProcessDefinitionByKey  - &lt;==      Total: 1
10:48:10,866 [pool-23-thread-8] DEBUG org.activiti.engine.impl.persistence.entity.ExecutionEntity  - initializing ProcessInstance[a6de3618-c6c9-11ed-aa5a-de215c025445]
10:48:10,866 [pool-23-thread-8] DEBUG org.activiti.engine.impl.history.DefaultHistoryManager  - Current history level: AUDIT, level required: ACTIVITY
10:48:10,865 [pool-23-thread-4] DEBUG org.activiti.engine.impl.persistence.entity.ProcessDefinitionEntity.selectLatestProcessDefinitionByKey  - ==&gt;  Preparing: select * from ACT_RE_PROCDEF where KEY_ = ? and (TENANT_ID_ = &apos;&apos; or TENANT_ID_ is null) and VERSION_ = (select max(VERSION_) from ACT_RE_PROCDEF where KEY_ = ? and (TENANT_ID_ = &apos;&apos; or TENANT_ID_ is null)) 
10:48:10,865 [pool-23-thread-7] DEBUG org.activiti.engine.impl.persistence.entity.ProcessDefinitionEntity.selectLatestProcessDefinitionByKey  - &lt;==      Total: 1
10:48:10,865 [pool-23-thread-2] DEBUG org.activiti.engine.impl.persistence.entity.JobEntity.selectJobsByExecutionId  - &lt;==      Total: 0
10:48:10,866 [pool-23-thread-2] DEBUG org.activiti.engine.impl.bpmn.behavior.BpmnActivityBehavior  - Leaving activity &apos;theStart&apos;
10:48:10,865 [pool-23-thread-10] DEBUG org.activiti.engine.impl.pvm.runtime.AtomicOperationActivityExecute  - ProcessInstance[a6dde7f3-c6c9-11ed-aa5a-de215c025445] executes Activity(theStart): org.activiti.engine.impl.bpmn.behavior.NoneStartEventActivityBehavior
10:48:10,866 [pool-23-thread-2] DEBUG org.activiti.engine.impl.history.DefaultHistoryManager  - Current history level: AUDIT, level required: ACTIVITY
10:48:10,866 [pool-23-thread-7] DEBUG org.activiti.engine.impl.persistence.entity.ExecutionEntity  - initializing ProcessInstance[a6de361a-c6c9-11ed-aa5a-de215c025445]
10:48:10,867 [pool-23-thread-7] DEBUG org.activiti.engine.impl.history.DefaultHistoryManager  - Current history level: AUDIT, level required: ACTIVITY
10:48:10,866 [pool-23-thread-4] DEBUG org.activiti.engine.impl.persistence.entity.ProcessDefinitionEntity.selectLatestProcessDefinitionByKey  - ==&gt; Parameters: simpleProcess(String), simpleProcess(String)
10:48:10,866 [pool-23-thread-8] DEBUG org.activiti.engine.impl.pvm.runtime.AtomicOperationActivityExecute  - ProcessInstance[a6de3618-c6c9-11ed-aa5a-de215c025445] executes Activity(theStart): org.activiti.engine.impl.bpmn.behavior.NoneStartEventActivityBehavior
10:48:10,866 [pool-23-thread-6] DEBUG org.activiti.engine.impl.history.DefaultHistoryManager  - Current history level: AUDIT, level required: ACTIVITY
10:48:10,866 [pool-23-thread-3] DEBUG org.activiti.engine.impl.history.DefaultHistoryManager  - Current history level: AUDIT, level required: ACTIVITY
10:48:10,866 [pool-23-thread-5] DEBUG org.activiti.engine.impl.persistence.entity.JobEntity.selectJobsByExecutionId  - ==&gt;  Preparing: select * from ACT_RU_JOB J where J.EXECUTION_ID_ = ? 
10:48:10,866 [pool-23-thread-1] DEBUG org.activiti.engine.impl.persistence.entity.ProcessDefinitionEntity.selectLatestProcessDefinitionByKey  - &lt;==      Total: 1
10:48:10,866 [pool-23-thread-9] DEBUG org.activiti.engine.impl.persistence.entity.ProcessDefinitionEntity.selectLatestProcessDefinitionByKey  - ==&gt; Parameters: simpleProcess(String), simpleProcess(String)
10:48:10,867 [pool-23-thread-1] DEBUG org.activiti.engine.impl.persistence.entity.ExecutionEntity  - initializing ProcessInstance[a6de5d2e-c6c9-11ed-aa5a-de215c025445]
10:48:10,867 [pool-23-thread-1] DEBUG org.activiti.engine.impl.history.DefaultHistoryManager  - Current history level: AUDIT, level required: ACTIVITY
10:48:10,867 [pool-23-thread-5] DEBUG org.activiti.engine.impl.persistence.entity.JobEntity.selectJobsByExecutionId  - ==&gt; Parameters: a6dde7f4-c6c9-11ed-aa5a-de215c025445(String)
10:48:10,867 [pool-23-thread-3] DEBUG org.activiti.engine.impl.pvm.runtime.AtomicOperationActivityExecute  - ProcessInstance[a6ddc0df-c6c9-11ed-aa5a-de215c025445] executes Activity(task1): org.activiti.engine.impl.bpmn.behavior.ManualTaskActivityBehavior
10:48:10,867 [pool-23-thread-6] DEBUG org.activiti.engine.impl.pvm.runtime.AtomicOperationActivityExecute  - ProcessInstance[a6de0f06-c6c9-11ed-aa5a-de215c025445] executes Activity(theStart): org.activiti.engine.impl.bpmn.behavior.NoneStartEventActivityBehavior
10:48:10,867 [pool-23-thread-4] DEBUG org.activiti.engine.impl.persistence.entity.ProcessDefinitionEntity.selectLatestProcessDefinitionByKey  - &lt;==      Total: 1
10:48:10,867 [pool-23-thread-8] DEBUG org.activiti.engine.impl.persistence.entity.JobEntity.selectJobsByExecutionId  - ==&gt;  Preparing: select * from ACT_RU_JOB J where J.EXECUTION_ID_ = ? 
10:48:10,867 [pool-23-thread-7] DEBUG org.activiti.engine.impl.pvm.runtime.AtomicOperationActivityExecute  - ProcessInstance[a6de361a-c6c9-11ed-aa5a-de215c025445] executes Activity(theStart): org.activiti.engine.impl.bpmn.behavior.NoneStartEventActivityBehavior
10:48:10,866 [pool-23-thread-2] DEBUG org.activiti.engine.impl.pvm.runtime.AtomicOperationTransitionNotifyListenerTake  - ProcessInstance[a6ddc0e0-c6c9-11ed-aa5a-de215c025445] takes transition (theStart)--flow1--&gt;(task1)
10:48:10,866 [pool-23-thread-10] DEBUG org.activiti.engine.impl.persistence.entity.JobEntity.selectJobsByExecutionId  - ==&gt;  Preparing: select * from ACT_RU_JOB J where J.EXECUTION_ID_ = ? 
10:48:10,867 [pool-23-thread-2] DEBUG org.activiti.engine.impl.history.DefaultHistoryManager  - Current history level: AUDIT, level required: ACTIVITY
10:48:10,867 [pool-23-thread-7] DEBUG org.activiti.engine.impl.persistence.entity.JobEntity.selectJobsByExecutionId  - ==&gt;  Preparing: select * from ACT_RU_JOB J where J.EXECUTION_ID_ = ? 
10:48:10,867 [pool-23-thread-8] DEBUG org.activiti.engine.impl.persistence.entity.JobEntity.selectJobsByExecutionId  - ==&gt; Parameters: a6de3618-c6c9-11ed-aa5a-de215c025445(String)
10:48:10,867 [pool-23-thread-4] DEBUG org.activiti.engine.impl.persistence.entity.ExecutionEntity  - initializing ProcessInstance[a6de5d30-c6c9-11ed-aa5a-de215c025445]
10:48:10,868 [pool-23-thread-4] DEBUG org.activiti.engine.impl.history.DefaultHistoryManager  - Current history level: AUDIT, level required: ACTIVITY
10:48:10,867 [pool-23-thread-6] DEBUG org.activiti.engine.impl.persistence.entity.JobEntity.selectJobsByExecutionId  - ==&gt;  Preparing: select * from ACT_RU_JOB J where J.EXECUTION_ID_ = ? 
10:48:10,867 [pool-23-thread-3] DEBUG org.activiti.engine.impl.bpmn.behavior.BpmnActivityBehavior  - Leaving activity &apos;task1&apos;
10:48:10,867 [pool-23-thread-5] DEBUG org.activiti.engine.impl.persistence.entity.JobEntity.selectJobsByExecutionId  - &lt;==      Total: 0
10:48:10,867 [pool-23-thread-1] DEBUG org.activiti.engine.impl.pvm.runtime.AtomicOperationActivityExecute  - ProcessInstance[a6de5d2e-c6c9-11ed-aa5a-de215c025445] executes Activity(theStart): org.activiti.engine.impl.bpmn.behavior.NoneStartEventActivityBehavior
10:48:10,867 [pool-23-thread-9] DEBUG org.activiti.engine.impl.persistence.entity.ProcessDefinitionEntity.selectLatestProcessDefinitionByKey  - &lt;==      Total: 1
10:48:10,868 [pool-23-thread-1] DEBUG org.activiti.engine.impl.persistence.entity.JobEntity.selectJobsByExecutionId  - ==&gt;  Preparing: select * from ACT_RU_JOB J where J.EXECUTION_ID_ = ? 
10:48:10,868 [pool-23-thread-5] DEBUG org.activiti.engine.impl.bpmn.behavior.BpmnActivityBehavior  - Leaving activity &apos;theStart&apos;
10:48:10,868 [pool-23-thread-3] DEBUG org.activiti.engine.impl.history.DefaultHistoryManager  - Current history level: AUDIT, level required: ACTIVITY
10:48:10,868 [pool-23-thread-6] DEBUG org.activiti.engine.impl.persistence.entity.JobEntity.selectJobsByExecutionId  - ==&gt; Parameters: a6de0f06-c6c9-11ed-aa5a-de215c025445(String)
10:48:10,868 [pool-23-thread-4] DEBUG org.activiti.engine.impl.pvm.runtime.AtomicOperationActivityExecute  - ProcessInstance[a6de5d30-c6c9-11ed-aa5a-de215c025445] executes Activity(theStart): org.activiti.engine.impl.bpmn.behavior.NoneStartEventActivityBehavior
10:48:10,868 [pool-23-thread-8] DEBUG org.activiti.engine.impl.persistence.entity.JobEntity.selectJobsByExecutionId  - &lt;==      Total: 0
10:48:10,868 [pool-23-thread-8] DEBUG org.activiti.engine.impl.bpmn.behavior.BpmnActivityBehavior  - Leaving activity &apos;theStart&apos;
10:48:10,868 [pool-23-thread-7] DEBUG org.activiti.engine.impl.persistence.entity.JobEntity.selectJobsByExecutionId  - ==&gt; Parameters: a6de361a-c6c9-11ed-aa5a-de215c025445(String)
10:48:10,868 [pool-23-thread-2] DEBUG org.activiti.engine.impl.pvm.runtime.AtomicOperationActivityExecute  - ProcessInstance[a6ddc0e0-c6c9-11ed-aa5a-de215c025445] executes Activity(task1): org.activiti.engine.impl.bpmn.behavior.ManualTaskActivityBehavior
10:48:10,868 [pool-23-thread-10] DEBUG org.activiti.engine.impl.persistence.entity.JobEntity.selectJobsByExecutionId  - ==&gt; Parameters: a6dde7f3-c6c9-11ed-aa5a-de215c025445(String)
10:48:10,869 [pool-23-thread-2] DEBUG org.activiti.engine.impl.bpmn.behavior.BpmnActivityBehavior  - Leaving activity &apos;task1&apos;
10:48:10,868 [pool-23-thread-7] DEBUG org.activiti.engine.impl.persistence.entity.JobEntity.selectJobsByExecutionId  - &lt;==      Total: 0
10:48:10,869 [pool-23-thread-7] DEBUG org.activiti.engine.impl.bpmn.behavior.BpmnActivityBehavior  - Leaving activity &apos;theStart&apos;
10:48:10,869 [pool-23-thread-7] DEBUG org.activiti.engine.impl.history.DefaultHistoryManager  - Current history level: AUDIT, level required: ACTIVITY
10:48:10,868 [pool-23-thread-8] DEBUG org.activiti.engine.impl.history.DefaultHistoryManager  - Current history level: AUDIT, level required: ACTIVITY
10:48:10,868 [pool-23-thread-4] DEBUG org.activiti.engine.impl.persistence.entity.JobEntity.selectJobsByExecutionId  - ==&gt;  Preparing: select * from ACT_RU_JOB J where J.EXECUTION_ID_ = ? 
10:48:10,868 [pool-23-thread-6] DEBUG org.activiti.engine.impl.persistence.entity.JobEntity.selectJobsByExecutionId  - &lt;==      Total: 0
10:48:10,869 [pool-23-thread-6] DEBUG org.activiti.engine.impl.bpmn.behavior.BpmnActivityBehavior  - Leaving activity &apos;theStart&apos;
10:48:10,868 [pool-23-thread-3] DEBUG org.activiti.engine.impl.pvm.runtime.AtomicOperationTransitionNotifyListenerTake  - ProcessInstance[a6ddc0df-c6c9-11ed-aa5a-de215c025445] takes transition (task1)--flow2--&gt;(task2)
10:48:10,868 [pool-23-thread-5] DEBUG org.activiti.engine.impl.history.DefaultHistoryManager  - Current history level: AUDIT, level required: ACTIVITY
10:48:10,868 [pool-23-thread-1] DEBUG org.activiti.engine.impl.persistence.entity.JobEntity.selectJobsByExecutionId  - ==&gt; Parameters: a6de5d2e-c6c9-11ed-aa5a-de215c025445(String)
10:48:10,868 [pool-23-thread-9] DEBUG org.activiti.engine.impl.persistence.entity.ExecutionEntity  - initializing ProcessInstance[a6de8343-c6c9-11ed-aa5a-de215c025445]
10:48:10,869 [pool-23-thread-1] DEBUG org.activiti.engine.impl.persistence.entity.JobEntity.selectJobsByExecutionId  - &lt;==      Total: 0
10:48:10,869 [pool-23-thread-1] DEBUG org.activiti.engine.impl.bpmn.behavior.BpmnActivityBehavior  - Leaving activity &apos;theStart&apos;
10:48:10,869 [pool-23-thread-1] DEBUG org.activiti.engine.impl.history.DefaultHistoryManager  - Current history level: AUDIT, level required: ACTIVITY
10:48:10,869 [pool-23-thread-1] DEBUG org.activiti.engine.impl.pvm.runtime.AtomicOperationTransitionNotifyListenerTake  - ProcessInstance[a6de5d2e-c6c9-11ed-aa5a-de215c025445] takes transition (theStart)--flow1--&gt;(task1)
10:48:10,869 [pool-23-thread-1] DEBUG org.activiti.engine.impl.history.DefaultHistoryManager  - Current history level: AUDIT, level required: ACTIVITY
10:48:10,869 [pool-23-thread-5] DEBUG org.activiti.engine.impl.pvm.runtime.AtomicOperationTransitionNotifyListenerTake  - ProcessInstance[a6dde7f4-c6c9-11ed-aa5a-de215c025445] takes transition (theStart)--flow1--&gt;(task1)
10:48:10,869 [pool-23-thread-3] DEBUG org.activiti.engine.impl.history.DefaultHistoryManager  - Current history level: AUDIT, level required: ACTIVITY
10:48:10,869 [pool-23-thread-6] DEBUG org.activiti.engine.impl.history.DefaultHistoryManager  - Current history level: AUDIT, level required: ACTIVITY
10:48:10,869 [pool-23-thread-4] DEBUG org.activiti.engine.impl.persistence.entity.JobEntity.selectJobsByExecutionId  - ==&gt; Parameters: a6de5d30-c6c9-11ed-aa5a-de215c025445(String)
10:48:10,869 [pool-23-thread-8] DEBUG org.activiti.engine.impl.pvm.runtime.AtomicOperationTransitionNotifyListenerTake  - ProcessInstance[a6de3618-c6c9-11ed-aa5a-de215c025445] takes transition (theStart)--flow1--&gt;(task1)
10:48:10,869 [pool-23-thread-7] DEBUG org.activiti.engine.impl.pvm.runtime.AtomicOperationTransitionNotifyListenerTake  - ProcessInstance[a6de361a-c6c9-11ed-aa5a-de215c025445] takes transition (theStart)--flow1--&gt;(task1)
10:48:10,869 [pool-23-thread-2] DEBUG org.activiti.engine.impl.history.DefaultHistoryManager  - Current history level: AUDIT, level required: ACTIVITY
10:48:10,870 [pool-23-thread-2] DEBUG org.activiti.engine.impl.pvm.runtime.AtomicOperationTransitionNotifyListenerTake  - ProcessInstance[a6ddc0e0-c6c9-11ed-aa5a-de215c025445] takes transition (task1)--flow2--&gt;(task2)
10:48:10,870 [pool-23-thread-2] DEBUG org.activiti.engine.impl.history.DefaultHistoryManager  - Current history level: AUDIT, level required: ACTIVITY
10:48:10,869 [pool-23-thread-10] DEBUG org.activiti.engine.impl.persistence.entity.JobEntity.selectJobsByExecutionId  - &lt;==      Total: 0
10:48:10,870 [pool-23-thread-10] DEBUG org.activiti.engine.impl.bpmn.behavior.BpmnActivityBehavior  - Leaving activity &apos;theStart&apos;
10:48:10,870 [pool-23-thread-2] DEBUG org.activiti.engine.impl.pvm.runtime.AtomicOperationActivityExecute  - ProcessInstance[a6ddc0e0-c6c9-11ed-aa5a-de215c025445] executes Activity(task2): org.activiti.engine.impl.bpmn.behavior.ManualTaskActivityBehavior
10:48:10,870 [pool-23-thread-7] DEBUG org.activiti.engine.impl.history.DefaultHistoryManager  - Current history level: AUDIT, level required: ACTIVITY
10:48:10,870 [pool-23-thread-8] DEBUG org.activiti.engine.impl.history.DefaultHistoryManager  - Current history level: AUDIT, level required: ACTIVITY
10:48:10,870 [pool-23-thread-4] DEBUG org.activiti.engine.impl.persistence.entity.JobEntity.selectJobsByExecutionId  - &lt;==      Total: 0
10:48:10,870 [pool-23-thread-4] DEBUG org.activiti.engine.impl.bpmn.behavior.BpmnActivityBehavior  - Leaving activity &apos;theStart&apos;
10:48:10,870 [pool-23-thread-6] DEBUG org.activiti.engine.impl.pvm.runtime.AtomicOperationTransitionNotifyListenerTake  - ProcessInstance[a6de0f06-c6c9-11ed-aa5a-de215c025445] takes transition (theStart)--flow1--&gt;(task1)
10:48:10,869 [pool-23-thread-3] DEBUG org.activiti.engine.impl.pvm.runtime.AtomicOperationActivityExecute  - ProcessInstance[a6ddc0df-c6c9-11ed-aa5a-de215c025445] executes Activity(task2): org.activiti.engine.impl.bpmn.behavior.ManualTaskActivityBehavior
10:48:10,871 [pool-23-thread-3] DEBUG org.activiti.engine.impl.bpmn.behavior.BpmnActivityBehavior  - Leaving activity &apos;task2&apos;
10:48:10,871 [pool-23-thread-3] DEBUG org.activiti.engine.impl.history.DefaultHistoryManager  - Current history level: AUDIT, level required: ACTIVITY
10:48:10,869 [pool-23-thread-5] DEBUG org.activiti.engine.impl.history.DefaultHistoryManager  - Current history level: AUDIT, level required: ACTIVITY
10:48:10,869 [pool-23-thread-1] DEBUG org.activiti.engine.impl.pvm.runtime.AtomicOperationActivityExecute  - ProcessInstance[a6de5d2e-c6c9-11ed-aa5a-de215c025445] executes Activity(task1): org.activiti.engine.impl.bpmn.behavior.ManualTaskActivityBehavior
10:48:10,869 [pool-23-thread-9] DEBUG org.activiti.engine.impl.history.DefaultHistoryManager  - Current history level: AUDIT, level required: ACTIVITY
10:48:10,871 [pool-23-thread-1] DEBUG org.activiti.engine.impl.bpmn.behavior.BpmnActivityBehavior  - Leaving activity &apos;task1&apos;
10:48:10,871 [pool-23-thread-5] DEBUG org.activiti.engine.impl.pvm.runtime.AtomicOperationActivityExecute  - ProcessInstance[a6dde7f4-c6c9-11ed-aa5a-de215c025445] executes Activity(task1): org.activiti.engine.impl.bpmn.behavior.ManualTaskActivityBehavior
10:48:10,871 [pool-23-thread-5] DEBUG org.activiti.engine.impl.bpmn.behavior.BpmnActivityBehavior  - Leaving activity &apos;task1&apos;
10:48:10,871 [pool-23-thread-3] DEBUG org.activiti.engine.impl.pvm.runtime.AtomicOperationTransitionNotifyListenerTake  - ProcessInstance[a6ddc0df-c6c9-11ed-aa5a-de215c025445] takes transition (task2)--flow3--&gt;(task3)
10:48:10,872 [pool-23-thread-3] DEBUG org.activiti.engine.impl.history.DefaultHistoryManager  - Current history level: AUDIT, level required: ACTIVITY
10:48:10,871 [pool-23-thread-6] DEBUG org.activiti.engine.impl.history.DefaultHistoryManager  - Current history level: AUDIT, level required: ACTIVITY
10:48:10,871 [pool-23-thread-4] DEBUG org.activiti.engine.impl.history.DefaultHistoryManager  - Current history level: AUDIT, level required: ACTIVITY
10:48:10,870 [pool-23-thread-8] DEBUG org.activiti.engine.impl.pvm.runtime.AtomicOperationActivityExecute  - ProcessInstance[a6de3618-c6c9-11ed-aa5a-de215c025445] executes Activity(task1): org.activiti.engine.impl.bpmn.behavior.ManualTaskActivityBehavior
10:48:10,870 [pool-23-thread-7] DEBUG org.activiti.engine.impl.pvm.runtime.AtomicOperationActivityExecute  - ProcessInstance[a6de361a-c6c9-11ed-aa5a-de215c025445] executes Activity(task1): org.activiti.engine.impl.bpmn.behavior.ManualTaskActivityBehavior
10:48:10,872 [pool-23-thread-7] DEBUG org.activiti.engine.impl.bpmn.behavior.BpmnActivityBehavior  - Leaving activity &apos;task1&apos;
10:48:10,872 [pool-23-thread-7] DEBUG org.activiti.engine.impl.history.DefaultHistoryManager  - Current history level: AUDIT, level required: ACTIVITY
10:48:10,872 [pool-23-thread-7] DEBUG org.activiti.engine.impl.pvm.runtime.AtomicOperationTransitionNotifyListenerTake  - ProcessInstance[a6de361a-c6c9-11ed-aa5a-de215c025445] takes transition (task1)--flow2--&gt;(task2)
10:48:10,872 [pool-23-thread-7] DEBUG org.activiti.engine.impl.history.DefaultHistoryManager  - Current history level: AUDIT, level required: ACTIVITY
10:48:10,870 [pool-23-thread-2] DEBUG org.activiti.engine.impl.bpmn.behavior.BpmnActivityBehavior  - Leaving activity &apos;task2&apos;
10:48:10,872 [pool-23-thread-2] DEBUG org.activiti.engine.impl.history.DefaultHistoryManager  - Current history level: AUDIT, level required: ACTIVITY
10:48:10,870 [pool-23-thread-10] DEBUG org.activiti.engine.impl.history.DefaultHistoryManager  - Current history level: AUDIT, level required: ACTIVITY
10:48:10,872 [pool-23-thread-2] DEBUG org.activiti.engine.impl.pvm.runtime.AtomicOperationTransitionNotifyListenerTake  - ProcessInstance[a6ddc0e0-c6c9-11ed-aa5a-de215c025445] takes transition (task2)--flow3--&gt;(task3)
10:48:10,872 [pool-23-thread-7] DEBUG org.activiti.engine.impl.pvm.runtime.AtomicOperationActivityExecute  - ProcessInstance[a6de361a-c6c9-11ed-aa5a-de215c025445] executes Activity(task2): org.activiti.engine.impl.bpmn.behavior.ManualTaskActivityBehavior
10:48:10,872 [pool-23-thread-7] DEBUG org.activiti.engine.impl.bpmn.behavior.BpmnActivityBehavior  - Leaving activity &apos;task2&apos;
10:48:10,872 [pool-23-thread-7] DEBUG org.activiti.engine.impl.history.DefaultHistoryManager  - Current history level: AUDIT, level required: ACTIVITY
10:48:10,873 [pool-23-thread-7] DEBUG org.activiti.engine.impl.pvm.runtime.AtomicOperationTransitionNotifyListenerTake  - ProcessInstance[a6de361a-c6c9-11ed-aa5a-de215c025445] takes transition (task2)--flow3--&gt;(task3)
10:48:10,873 [pool-23-thread-7] DEBUG org.activiti.engine.impl.history.DefaultHistoryManager  - Current history level: AUDIT, level required: ACTIVITY
10:48:10,872 [pool-23-thread-8] DEBUG org.activiti.engine.impl.bpmn.behavior.BpmnActivityBehavior  - Leaving activity &apos;task1&apos;
10:48:10,872 [pool-23-thread-4] DEBUG org.activiti.engine.impl.pvm.runtime.AtomicOperationTransitionNotifyListenerTake  - ProcessInstance[a6de5d30-c6c9-11ed-aa5a-de215c025445] takes transition (theStart)--flow1--&gt;(task1)
10:48:10,872 [pool-23-thread-6] DEBUG org.activiti.engine.impl.pvm.runtime.AtomicOperationActivityExecute  - ProcessInstance[a6de0f06-c6c9-11ed-aa5a-de215c025445] executes Activity(task1): org.activiti.engine.impl.bpmn.behavior.ManualTaskActivityBehavior
10:48:10,872 [pool-23-thread-3] DEBUG org.activiti.engine.impl.pvm.runtime.AtomicOperationActivityExecute  - ProcessInstance[a6ddc0df-c6c9-11ed-aa5a-de215c025445] executes Activity(task3): org.activiti.engine.impl.bpmn.behavior.ManualTaskActivityBehavior
10:48:10,873 [pool-23-thread-3] DEBUG org.activiti.engine.impl.bpmn.behavior.BpmnActivityBehavior  - Leaving activity &apos;task3&apos;
10:48:10,873 [pool-23-thread-3] DEBUG org.activiti.engine.impl.history.DefaultHistoryManager  - Current history level: AUDIT, level required: ACTIVITY
10:48:10,871 [pool-23-thread-5] DEBUG org.activiti.engine.impl.history.DefaultHistoryManager  - Current history level: AUDIT, level required: ACTIVITY
10:48:10,871 [pool-23-thread-1] DEBUG org.activiti.engine.impl.history.DefaultHistoryManager  - Current history level: AUDIT, level required: ACTIVITY
10:48:10,873 [pool-23-thread-1] DEBUG org.activiti.engine.impl.pvm.runtime.AtomicOperationTransitionNotifyListenerTake  - ProcessInstance[a6de5d2e-c6c9-11ed-aa5a-de215c025445] takes transition (task1)--flow2--&gt;(task2)
10:48:10,873 [pool-23-thread-1] DEBUG org.activiti.engine.impl.history.DefaultHistoryManager  - Current history level: AUDIT, level required: ACTIVITY
10:48:10,871 [pool-23-thread-9] DEBUG org.activiti.engine.impl.pvm.runtime.AtomicOperationActivityExecute  - ProcessInstance[a6de8343-c6c9-11ed-aa5a-de215c025445] executes Activity(theStart): org.activiti.engine.impl.bpmn.behavior.NoneStartEventActivityBehavior
10:48:10,873 [pool-23-thread-1] DEBUG org.activiti.engine.impl.pvm.runtime.AtomicOperationActivityExecute  - ProcessInstance[a6de5d2e-c6c9-11ed-aa5a-de215c025445] executes Activity(task2): org.activiti.engine.impl.bpmn.behavior.ManualTaskActivityBehavior
10:48:10,873 [pool-23-thread-1] DEBUG org.activiti.engine.impl.bpmn.behavior.BpmnActivityBehavior  - Leaving activity &apos;task2&apos;
10:48:10,873 [pool-23-thread-1] DEBUG org.activiti.engine.impl.history.DefaultHistoryManager  - Current history level: AUDIT, level required: ACTIVITY
10:48:10,873 [pool-23-thread-5] DEBUG org.activiti.engine.impl.pvm.runtime.AtomicOperationTransitionNotifyListenerTake  - ProcessInstance[a6dde7f4-c6c9-11ed-aa5a-de215c025445] takes transition (task1)--flow2--&gt;(task2)
10:48:10,873 [pool-23-thread-3] DEBUG org.activiti.engine.impl.pvm.runtime.AtomicOperationTransitionNotifyListenerTake  - ProcessInstance[a6ddc0df-c6c9-11ed-aa5a-de215c025445] takes transition (task3)--flow4--&gt;(task4)
10:48:10,873 [pool-23-thread-3] DEBUG org.activiti.engine.impl.history.DefaultHistoryManager  - Current history level: AUDIT, level required: ACTIVITY
10:48:10,873 [pool-23-thread-6] DEBUG org.activiti.engine.impl.bpmn.behavior.BpmnActivityBehavior  - Leaving activity &apos;task1&apos;
10:48:10,873 [pool-23-thread-4] DEBUG org.activiti.engine.impl.history.DefaultHistoryManager  - Current history level: AUDIT, level required: ACTIVITY
10:48:10,873 [pool-23-thread-8] DEBUG org.activiti.engine.impl.history.DefaultHistoryManager  - Current history level: AUDIT, level required: ACTIVITY
10:48:10,873 [pool-23-thread-7] DEBUG org.activiti.engine.impl.pvm.runtime.AtomicOperationActivityExecute  - ProcessInstance[a6de361a-c6c9-11ed-aa5a-de215c025445] executes Activity(task3): org.activiti.engine.impl.bpmn.behavior.ManualTaskActivityBehavior
10:48:10,874 [pool-23-thread-7] DEBUG org.activiti.engine.impl.bpmn.behavior.BpmnActivityBehavior  - Leaving activity &apos;task3&apos;
10:48:10,874 [pool-23-thread-7] DEBUG org.activiti.engine.impl.history.DefaultHistoryManager  - Current history level: AUDIT, level required: ACTIVITY
10:48:10,874 [pool-23-thread-7] DEBUG org.activiti.engine.impl.pvm.runtime.AtomicOperationTransitionNotifyListenerTake  - ProcessInstance[a6de361a-c6c9-11ed-aa5a-de215c025445] takes transition (task3)--flow4--&gt;(task4)
10:48:10,874 [pool-23-thread-7] DEBUG org.activiti.engine.impl.history.DefaultHistoryManager  - Current history level: AUDIT, level required: ACTIVITY
10:48:10,872 [pool-23-thread-2] DEBUG org.activiti.engine.impl.history.DefaultHistoryManager  - Current history level: AUDIT, level required: ACTIVITY
10:48:10,872 [pool-23-thread-10] DEBUG org.activiti.engine.impl.pvm.runtime.AtomicOperationTransitionNotifyListenerTake  - ProcessInstance[a6dde7f3-c6c9-11ed-aa5a-de215c025445] takes transition (theStart)--flow1--&gt;(task1)
10:48:10,874 [pool-23-thread-2] DEBUG org.activiti.engine.impl.pvm.runtime.AtomicOperationActivityExecute  - ProcessInstance[a6ddc0e0-c6c9-11ed-aa5a-de215c025445] executes Activity(task3): org.activiti.engine.impl.bpmn.behavior.ManualTaskActivityBehavior
10:48:10,874 [pool-23-thread-7] DEBUG org.activiti.engine.impl.pvm.runtime.AtomicOperationActivityExecute  - ProcessInstance[a6de361a-c6c9-11ed-aa5a-de215c025445] executes Activity(task4): org.activiti.engine.impl.bpmn.behavior.UserTaskActivityBehavior
10:48:10,874 [pool-23-thread-8] DEBUG org.activiti.engine.impl.pvm.runtime.AtomicOperationTransitionNotifyListenerTake  - ProcessInstance[a6de3618-c6c9-11ed-aa5a-de215c025445] takes transition (task1)--flow2--&gt;(task2)
10:48:10,874 [pool-23-thread-4] DEBUG org.activiti.engine.impl.pvm.runtime.AtomicOperationActivityExecute  - ProcessInstance[a6de5d30-c6c9-11ed-aa5a-de215c025445] executes Activity(task1): org.activiti.engine.impl.bpmn.behavior.ManualTaskActivityBehavior
10:48:10,874 [pool-23-thread-4] DEBUG org.activiti.engine.impl.bpmn.behavior.BpmnActivityBehavior  - Leaving activity &apos;task1&apos;
10:48:10,874 [pool-23-thread-6] DEBUG org.activiti.engine.impl.history.DefaultHistoryManager  - Current history level: AUDIT, level required: ACTIVITY
10:48:10,874 [pool-23-thread-3] DEBUG org.activiti.engine.impl.pvm.runtime.AtomicOperationActivityExecute  - ProcessInstance[a6ddc0df-c6c9-11ed-aa5a-de215c025445] executes Activity(task4): org.activiti.engine.impl.bpmn.behavior.UserTaskActivityBehavior
10:48:10,873 [pool-23-thread-5] DEBUG org.activiti.engine.impl.history.DefaultHistoryManager  - Current history level: AUDIT, level required: ACTIVITY
10:48:10,873 [pool-23-thread-1] DEBUG org.activiti.engine.impl.pvm.runtime.AtomicOperationTransitionNotifyListenerTake  - ProcessInstance[a6de5d2e-c6c9-11ed-aa5a-de215c025445] takes transition (task2)--flow3--&gt;(task3)
10:48:10,873 [pool-23-thread-9] DEBUG org.activiti.engine.impl.persistence.entity.JobEntity.selectJobsByExecutionId  - ==&gt;  Preparing: select * from ACT_RU_JOB J where J.EXECUTION_ID_ = ? 
10:48:10,874 [pool-23-thread-1] DEBUG org.activiti.engine.impl.history.DefaultHistoryManager  - Current history level: AUDIT, level required: ACTIVITY
10:48:10,874 [pool-23-thread-9] DEBUG org.activiti.engine.impl.persistence.entity.JobEntity.selectJobsByExecutionId  - ==&gt; Parameters: a6de8343-c6c9-11ed-aa5a-de215c025445(String)
10:48:10,874 [pool-23-thread-5] DEBUG org.activiti.engine.impl.pvm.runtime.AtomicOperationActivityExecute  - ProcessInstance[a6dde7f4-c6c9-11ed-aa5a-de215c025445] executes Activity(task2): org.activiti.engine.impl.bpmn.behavior.ManualTaskActivityBehavior
10:48:10,874 [pool-23-thread-5] DEBUG org.activiti.engine.impl.bpmn.behavior.BpmnActivityBehavior  - Leaving activity &apos;task2&apos;
10:48:10,874 [pool-23-thread-3] DEBUG org.activiti.engine.impl.persistence.entity.TaskEntity.selectTasksByExecutionId  - ==&gt;  Preparing: select distinct T.* from ACT_RU_TASK T where T.EXECUTION_ID_ = ? 
10:48:10,874 [pool-23-thread-6] DEBUG org.activiti.engine.impl.pvm.runtime.AtomicOperationTransitionNotifyListenerTake  - ProcessInstance[a6de0f06-c6c9-11ed-aa5a-de215c025445] takes transition (task1)--flow2--&gt;(task2)
10:48:10,874 [pool-23-thread-4] DEBUG org.activiti.engine.impl.history.DefaultHistoryManager  - Current history level: AUDIT, level required: ACTIVITY
10:48:10,874 [pool-23-thread-8] DEBUG org.activiti.engine.impl.history.DefaultHistoryManager  - Current history level: AUDIT, level required: ACTIVITY
10:48:10,874 [pool-23-thread-7] DEBUG org.activiti.engine.impl.persistence.entity.TaskEntity.selectTasksByExecutionId  - ==&gt;  Preparing: select distinct T.* from ACT_RU_TASK T where T.EXECUTION_ID_ = ? 
10:48:10,874 [pool-23-thread-2] DEBUG org.activiti.engine.impl.bpmn.behavior.BpmnActivityBehavior  - Leaving activity &apos;task3&apos;
10:48:10,874 [pool-23-thread-10] DEBUG org.activiti.engine.impl.history.DefaultHistoryManager  - Current history level: AUDIT, level required: ACTIVITY
10:48:10,875 [pool-23-thread-2] DEBUG org.activiti.engine.impl.history.DefaultHistoryManager  - Current history level: AUDIT, level required: ACTIVITY
10:48:10,875 [pool-23-thread-7] DEBUG org.activiti.engine.impl.persistence.entity.TaskEntity.selectTasksByExecutionId  - ==&gt; Parameters: a6de361a-c6c9-11ed-aa5a-de215c025445(String)
10:48:10,875 [pool-23-thread-8] DEBUG org.activiti.engine.impl.pvm.runtime.AtomicOperationActivityExecute  - ProcessInstance[a6de3618-c6c9-11ed-aa5a-de215c025445] executes Activity(task2): org.activiti.engine.impl.bpmn.behavior.ManualTaskActivityBehavior
10:48:10,875 [pool-23-thread-4] DEBUG org.activiti.engine.impl.pvm.runtime.AtomicOperationTransitionNotifyListenerTake  - ProcessInstance[a6de5d30-c6c9-11ed-aa5a-de215c025445] takes transition (task1)--flow2--&gt;(task2)
10:48:10,874 [pool-23-thread-6] DEBUG org.activiti.engine.impl.history.DefaultHistoryManager  - Current history level: AUDIT, level required: ACTIVITY
10:48:10,874 [pool-23-thread-3] DEBUG org.activiti.engine.impl.persistence.entity.TaskEntity.selectTasksByExecutionId  - ==&gt; Parameters: a6ddc0df-c6c9-11ed-aa5a-de215c025445(String)
10:48:10,874 [pool-23-thread-5] DEBUG org.activiti.engine.impl.history.DefaultHistoryManager  - Current history level: AUDIT, level required: ACTIVITY
10:48:10,874 [pool-23-thread-9] DEBUG org.activiti.engine.impl.persistence.entity.JobEntity.selectJobsByExecutionId  - &lt;==      Total: 0
10:48:10,874 [pool-23-thread-1] DEBUG org.activiti.engine.impl.pvm.runtime.AtomicOperationActivityExecute  - ProcessInstance[a6de5d2e-c6c9-11ed-aa5a-de215c025445] executes Activity(task3): org.activiti.engine.impl.bpmn.behavior.ManualTaskActivityBehavior
10:48:10,875 [pool-23-thread-1] DEBUG org.activiti.engine.impl.bpmn.behavior.BpmnActivityBehavior  - Leaving activity &apos;task3&apos;
10:48:10,875 [pool-23-thread-9] DEBUG org.activiti.engine.impl.bpmn.behavior.BpmnActivityBehavior  - Leaving activity &apos;theStart&apos;
10:48:10,875 [pool-23-thread-5] DEBUG org.activiti.engine.impl.pvm.runtime.AtomicOperationTransitionNotifyListenerTake  - ProcessInstance[a6dde7f4-c6c9-11ed-aa5a-de215c025445] takes transition (task2)--flow3--&gt;(task3)
10:48:10,875 [pool-23-thread-3] DEBUG org.activiti.engine.impl.persistence.entity.TaskEntity.selectTasksByExecutionId  - &lt;==      Total: 0
10:48:10,875 [pool-23-thread-6] DEBUG org.activiti.engine.impl.pvm.runtime.AtomicOperationActivityExecute  - ProcessInstance[a6de0f06-c6c9-11ed-aa5a-de215c025445] executes Activity(task2): org.activiti.engine.impl.bpmn.behavior.ManualTaskActivityBehavior
10:48:10,876 [pool-23-thread-6] DEBUG org.activiti.engine.impl.bpmn.behavior.BpmnActivityBehavior  - Leaving activity &apos;task2&apos;
10:48:10,876 [pool-23-thread-6] DEBUG org.activiti.engine.impl.history.DefaultHistoryManager  - Current history level: AUDIT, level required: ACTIVITY
10:48:10,875 [pool-23-thread-4] DEBUG org.activiti.engine.impl.history.DefaultHistoryManager  - Current history level: AUDIT, level required: ACTIVITY
10:48:10,875 [pool-23-thread-8] DEBUG org.activiti.engine.impl.bpmn.behavior.BpmnActivityBehavior  - Leaving activity &apos;task2&apos;
10:48:10,876 [pool-23-thread-8] DEBUG org.activiti.engine.impl.history.DefaultHistoryManager  - Current history level: AUDIT, level required: ACTIVITY
10:48:10,875 [pool-23-thread-7] DEBUG org.activiti.engine.impl.persistence.entity.TaskEntity.selectTasksByExecutionId  - &lt;==      Total: 0
10:48:10,875 [pool-23-thread-2] DEBUG org.activiti.engine.impl.pvm.runtime.AtomicOperationTransitionNotifyListenerTake  - ProcessInstance[a6ddc0e0-c6c9-11ed-aa5a-de215c025445] takes transition (task3)--flow4--&gt;(task4)
10:48:10,875 [pool-23-thread-10] DEBUG org.activiti.engine.impl.pvm.runtime.AtomicOperationActivityExecute  - ProcessInstance[a6dde7f3-c6c9-11ed-aa5a-de215c025445] executes Activity(task1): org.activiti.engine.impl.bpmn.behavior.ManualTaskActivityBehavior
10:48:10,876 [pool-23-thread-2] DEBUG org.activiti.engine.impl.history.DefaultHistoryManager  - Current history level: AUDIT, level required: ACTIVITY
10:48:10,876 [pool-23-thread-7] DEBUG org.activiti.engine.impl.history.DefaultHistoryManager  - Current history level: AUDIT, level required: AUDIT
10:48:10,876 [pool-23-thread-8] DEBUG org.activiti.engine.impl.pvm.runtime.AtomicOperationTransitionNotifyListenerTake  - ProcessInstance[a6de3618-c6c9-11ed-aa5a-de215c025445] takes transition (task2)--flow3--&gt;(task3)
10:48:10,876 [pool-23-thread-4] DEBUG org.activiti.engine.impl.pvm.runtime.AtomicOperationActivityExecute  - ProcessInstance[a6de5d30-c6c9-11ed-aa5a-de215c025445] executes Activity(task2): org.activiti.engine.impl.bpmn.behavior.ManualTaskActivityBehavior
10:48:10,876 [pool-23-thread-6] DEBUG org.activiti.engine.impl.pvm.runtime.AtomicOperationTransitionNotifyListenerTake  - ProcessInstance[a6de0f06-c6c9-11ed-aa5a-de215c025445] takes transition (task2)--flow3--&gt;(task3)
10:48:10,876 [pool-23-thread-6] DEBUG org.activiti.engine.impl.history.DefaultHistoryManager  - Current history level: AUDIT, level required: ACTIVITY
10:48:10,876 [pool-23-thread-3] DEBUG org.activiti.engine.impl.history.DefaultHistoryManager  - Current history level: AUDIT, level required: AUDIT
10:48:10,876 [pool-23-thread-3] DEBUG org.activiti.engine.impl.history.DefaultHistoryManager  - Current history level: AUDIT, level required: AUDIT
10:48:10,876 [pool-23-thread-5] DEBUG org.activiti.engine.impl.history.DefaultHistoryManager  - Current history level: AUDIT, level required: ACTIVITY
10:48:10,876 [pool-23-thread-9] DEBUG org.activiti.engine.impl.history.DefaultHistoryManager  - Current history level: AUDIT, level required: ACTIVITY
10:48:10,875 [pool-23-thread-1] DEBUG org.activiti.engine.impl.history.DefaultHistoryManager  - Current history level: AUDIT, level required: ACTIVITY
10:48:10,877 [pool-23-thread-9] DEBUG org.activiti.engine.impl.pvm.runtime.AtomicOperationTransitionNotifyListenerTake  - ProcessInstance[a6de8343-c6c9-11ed-aa5a-de215c025445] takes transition (theStart)--flow1--&gt;(task1)
10:48:10,877 [pool-23-thread-5] DEBUG org.activiti.engine.impl.pvm.runtime.AtomicOperationActivityExecute  - ProcessInstance[a6dde7f4-c6c9-11ed-aa5a-de215c025445] executes Activity(task3): org.activiti.engine.impl.bpmn.behavior.ManualTaskActivityBehavior
10:48:10,877 [pool-23-thread-3] DEBUG org.activiti.engine.impl.history.DefaultHistoryManager  - Current history level: AUDIT, level required: AUDIT
10:48:10,876 [pool-23-thread-6] DEBUG org.activiti.engine.impl.pvm.runtime.AtomicOperationActivityExecute  - ProcessInstance[a6de0f06-c6c9-11ed-aa5a-de215c025445] executes Activity(task3): org.activiti.engine.impl.bpmn.behavior.ManualTaskActivityBehavior
10:48:10,877 [pool-23-thread-6] DEBUG org.activiti.engine.impl.bpmn.behavior.BpmnActivityBehavior  - Leaving activity &apos;task3&apos;
10:48:10,876 [pool-23-thread-4] DEBUG org.activiti.engine.impl.bpmn.behavior.BpmnActivityBehavior  - Leaving activity &apos;task2&apos;
10:48:10,876 [pool-23-thread-8] DEBUG org.activiti.engine.impl.history.DefaultHistoryManager  - Current history level: AUDIT, level required: ACTIVITY
10:48:10,876 [pool-23-thread-7] DEBUG org.activiti.engine.impl.history.DefaultHistoryManager  - Current history level: AUDIT, level required: AUDIT
10:48:10,877 [pool-23-thread-7] DEBUG org.activiti.engine.impl.history.DefaultHistoryManager  - Current history level: AUDIT, level required: AUDIT
10:48:10,877 [pool-23-thread-7] DEBUG org.activiti.engine.impl.history.DefaultHistoryManager  - Current history level: AUDIT, level required: ACTIVITY
10:48:10,876 [pool-23-thread-2] DEBUG org.activiti.engine.impl.pvm.runtime.AtomicOperationActivityExecute  - ProcessInstance[a6ddc0e0-c6c9-11ed-aa5a-de215c025445] executes Activity(task4): org.activiti.engine.impl.bpmn.behavior.UserTaskActivityBehavior
10:48:10,876 [pool-23-thread-10] DEBUG org.activiti.engine.impl.bpmn.behavior.BpmnActivityBehavior  - Leaving activity &apos;task1&apos;
10:48:10,877 [pool-23-thread-2] DEBUG org.activiti.engine.impl.persistence.entity.TaskEntity.selectTasksByExecutionId  - ==&gt;  Preparing: select distinct T.* from ACT_RU_TASK T where T.EXECUTION_ID_ = ? 
10:48:10,877 [pool-23-thread-7] DEBUG org.activiti.engine.impl.db.DbSqlSession  -   insert ProcessInstance[a6de361a-c6c9-11ed-aa5a-de215c025445]
10:48:10,878 [pool-23-thread-7] DEBUG org.activiti.engine.impl.db.DbSqlSession  -   insert HistoricProcessInstanceEntity[superProcessInstanceId=null]
10:48:10,878 [pool-23-thread-7] DEBUG org.activiti.engine.impl.db.DbSqlSession  -   insert Task[id=a6df6db4-c6c9-11ed-aa5a-de215c025445, name=null]
10:48:10,878 [pool-23-thread-7] DEBUG org.activiti.engine.impl.db.DbSqlSession  -   insert HistoricTaskInstanceEntity[id=a6df6db4-c6c9-11ed-aa5a-de215c025445, name=null]
10:48:10,878 [pool-23-thread-7] DEBUG org.activiti.engine.impl.db.DbSqlSession  -   insert HistoricActivityInstanceEntity[activityId=theStart, activityName=null]
10:48:10,878 [pool-23-thread-7] DEBUG org.activiti.engine.impl.db.DbSqlSession  -   insert HistoricActivityInstanceEntity[activityId=task1, activityName=null]
10:48:10,878 [pool-23-thread-7] DEBUG org.activiti.engine.impl.db.DbSqlSession  -   insert HistoricActivityInstanceEntity[activityId=task2, activityName=null]
10:48:10,878 [pool-23-thread-7] DEBUG org.activiti.engine.impl.db.DbSqlSession  -   insert HistoricActivityInstanceEntity[activityId=task3, activityName=null]
10:48:10,878 [pool-23-thread-7] DEBUG org.activiti.engine.impl.db.DbSqlSession  -   insert HistoricActivityInstanceEntity[activityId=task4, activityName=null]
10:48:10,878 [pool-23-thread-7] DEBUG org.activiti.engine.impl.db.DbSqlSession  - flush summary: 9 insert, 0 update, 0 delete.
10:48:10,878 [pool-23-thread-7] DEBUG org.activiti.engine.impl.db.DbSqlSession  - now executing flush...
10:48:10,877 [pool-23-thread-8] DEBUG org.activiti.engine.impl.pvm.runtime.AtomicOperationActivityExecute  - ProcessInstance[a6de3618-c6c9-11ed-aa5a-de215c025445] executes Activity(task3): org.activiti.engine.impl.bpmn.behavior.ManualTaskActivityBehavior
10:48:10,877 [pool-23-thread-4] DEBUG org.activiti.engine.impl.history.DefaultHistoryManager  - Current history level: AUDIT, level required: ACTIVITY
10:48:10,877 [pool-23-thread-6] DEBUG org.activiti.engine.impl.history.DefaultHistoryManager  - Current history level: AUDIT, level required: ACTIVITY
10:48:10,877 [pool-23-thread-3] DEBUG org.activiti.engine.impl.history.DefaultHistoryManager  - Current history level: AUDIT, level required: ACTIVITY
10:48:10,877 [pool-23-thread-5] DEBUG org.activiti.engine.impl.bpmn.behavior.BpmnActivityBehavior  - Leaving activity &apos;task3&apos;
10:48:10,877 [pool-23-thread-9] DEBUG org.activiti.engine.impl.history.DefaultHistoryManager  - Current history level: AUDIT, level required: ACTIVITY
10:48:10,877 [pool-23-thread-1] DEBUG org.activiti.engine.impl.pvm.runtime.AtomicOperationTransitionNotifyListenerTake  - ProcessInstance[a6de5d2e-c6c9-11ed-aa5a-de215c025445] takes transition (task3)--flow4--&gt;(task4)
10:48:10,878 [pool-23-thread-9] DEBUG org.activiti.engine.impl.pvm.runtime.AtomicOperationActivityExecute  - ProcessInstance[a6de8343-c6c9-11ed-aa5a-de215c025445] executes Activity(task1): org.activiti.engine.impl.bpmn.behavior.ManualTaskActivityBehavior
10:48:10,878 [pool-23-thread-9] DEBUG org.activiti.engine.impl.bpmn.behavior.BpmnActivityBehavior  - Leaving activity &apos;task1&apos;
10:48:10,878 [pool-23-thread-9] DEBUG org.activiti.engine.impl.history.DefaultHistoryManager  - Current history level: AUDIT, level required: ACTIVITY
10:48:10,878 [pool-23-thread-9] DEBUG org.activiti.engine.impl.pvm.runtime.AtomicOperationTransitionNotifyListenerTake  - ProcessInstance[a6de8343-c6c9-11ed-aa5a-de215c025445] takes transition (task1)--flow2--&gt;(task2)
10:48:10,878 [pool-23-thread-9] DEBUG org.activiti.engine.impl.history.DefaultHistoryManager  - Current history level: AUDIT, level required: ACTIVITY
10:48:10,878 [pool-23-thread-5] DEBUG org.activiti.engine.impl.history.DefaultHistoryManager  - Current history level: AUDIT, level required: ACTIVITY
10:48:10,878 [pool-23-thread-3] DEBUG org.activiti.engine.impl.db.DbSqlSession  -   insert ProcessInstance[a6ddc0df-c6c9-11ed-aa5a-de215c025445]
10:48:10,879 [pool-23-thread-3] DEBUG org.activiti.engine.impl.db.DbSqlSession  -   insert HistoricProcessInstanceEntity[superProcessInstanceId=null]
10:48:10,879 [pool-23-thread-3] DEBUG org.activiti.engine.impl.db.DbSqlSession  -   insert Task[id=a6df6db5-c6c9-11ed-aa5a-de215c025445, name=null]
10:48:10,879 [pool-23-thread-3] DEBUG org.activiti.engine.impl.db.DbSqlSession  -   insert HistoricTaskInstanceEntity[id=a6df6db5-c6c9-11ed-aa5a-de215c025445, name=null]
10:48:10,879 [pool-23-thread-3] DEBUG org.activiti.engine.impl.db.DbSqlSession  -   insert HistoricActivityInstanceEntity[activityId=theStart, activityName=null]
10:48:10,879 [pool-23-thread-3] DEBUG org.activiti.engine.impl.db.DbSqlSession  -   insert HistoricActivityInstanceEntity[activityId=task1, activityName=null]
10:48:10,879 [pool-23-thread-3] DEBUG org.activiti.engine.impl.db.DbSqlSession  -   insert HistoricActivityInstanceEntity[activityId=task2, activityName=null]
10:48:10,879 [pool-23-thread-3] DEBUG org.activiti.engine.impl.db.DbSqlSession  -   insert HistoricActivityInstanceEntity[activityId=task3, activityName=null]
10:48:10,879 [pool-23-thread-3] DEBUG org.activiti.engine.impl.db.DbSqlSession  -   insert HistoricActivityInstanceEntity[activityId=task4, activityName=null]
10:48:10,879 [pool-23-thread-3] DEBUG org.activiti.engine.impl.db.DbSqlSession  - flush summary: 9 insert, 0 update, 0 delete.
10:48:10,879 [pool-23-thread-3] DEBUG org.activiti.engine.impl.db.DbSqlSession  - now executing flush...
10:48:10,879 [pool-23-thread-3] DEBUG org.activiti.engine.impl.db.DbSqlSession  - inserting: HistoricTaskInstanceEntity[id=a6df6db5-c6c9-11ed-aa5a-de215c025445, name=null]
10:48:10,878 [pool-23-thread-6] DEBUG org.activiti.engine.impl.pvm.runtime.AtomicOperationTransitionNotifyListenerTake  - ProcessInstance[a6de0f06-c6c9-11ed-aa5a-de215c025445] takes transition (task3)--flow4--&gt;(task4)
10:48:10,878 [pool-23-thread-4] DEBUG org.activiti.engine.impl.pvm.runtime.AtomicOperationTransitionNotifyListenerTake  - ProcessInstance[a6de5d30-c6c9-11ed-aa5a-de215c025445] takes transition (task2)--flow3--&gt;(task3)
10:48:10,878 [pool-23-thread-8] DEBUG org.activiti.engine.impl.bpmn.behavior.BpmnActivityBehavior  - Leaving activity &apos;task3&apos;
10:48:10,878 [pool-23-thread-7] DEBUG org.activiti.engine.impl.db.DbSqlSession  - inserting: HistoricTaskInstanceEntity[id=a6df6db4-c6c9-11ed-aa5a-de215c025445, name=null]
10:48:10,879 [pool-23-thread-7] DEBUG org.activiti.engine.impl.persistence.entity.HistoricTaskInstanceEntity.insertHistoricTaskInstance  - ==&gt;  Preparing: insert into ACT_HI_TASKINST ( ID_, PROC_DEF_ID_, PROC_INST_ID_, EXECUTION_ID_, NAME_, PARENT_TASK_ID_, DESCRIPTION_, OWNER_, ASSIGNEE_, START_TIME_, CLAIM_TIME_, END_TIME_, DURATION_, DELETE_REASON_, TASK_DEF_KEY_, FORM_KEY_, PRIORITY_, DUE_DATE_, CATEGORY_, TENANT_ID_ ) values ( ?, ?, ?, ?, ?, ?, ?, ?, ?, ?, ?, ?, ?, ?, ?, ?, ?, ?, ?, ? ) 
10:48:10,878 [pool-23-thread-2] DEBUG org.activiti.engine.impl.persistence.entity.TaskEntity.selectTasksByExecutionId  - ==&gt; Parameters: a6ddc0e0-c6c9-11ed-aa5a-de215c025445(String)
10:48:10,877 [pool-23-thread-10] DEBUG org.activiti.engine.impl.history.DefaultHistoryManager  - Current history level: AUDIT, level required: ACTIVITY
10:48:10,879 [pool-23-thread-2] DEBUG org.activiti.engine.impl.persistence.entity.TaskEntity.selectTasksByExecutionId  - &lt;==      Total: 0
10:48:10,879 [pool-23-thread-7] DEBUG org.activiti.engine.impl.persistence.entity.HistoricTaskInstanceEntity.insertHistoricTaskInstance  - ==&gt; Parameters: a6df6db4-c6c9-11ed-aa5a-de215c025445(String), simpleProcess:1:a6dcaf6e-c6c9-11ed-aa5a-de215c025445(String), a6de361a-c6c9-11ed-aa5a-de215c025445(String), a6de361a-c6c9-11ed-aa5a-de215c025445(String), null, null, null, null, null, 2001-01-01 01:23:46.0(Timestamp), null, null, null, null, task4(String), null, 50(Integer), null, null, (String)
10:48:10,879 [pool-23-thread-8] DEBUG org.activiti.engine.impl.history.DefaultHistoryManager  - Current history level: AUDIT, level required: ACTIVITY
10:48:10,879 [pool-23-thread-4] DEBUG org.activiti.engine.impl.history.DefaultHistoryManager  - Current history level: AUDIT, level required: ACTIVITY
10:48:10,879 [pool-23-thread-6] DEBUG org.activiti.engine.impl.history.DefaultHistoryManager  - Current history level: AUDIT, level required: ACTIVITY
10:48:10,879 [pool-23-thread-3] DEBUG org.activiti.engine.impl.persistence.entity.HistoricTaskInstanceEntity.insertHistoricTaskInstance  - ==&gt;  Preparing: insert into ACT_HI_TASKINST ( ID_, PROC_DEF_ID_, PROC_INST_ID_, EXECUTION_ID_, NAME_, PARENT_TASK_ID_, DESCRIPTION_, OWNER_, ASSIGNEE_, START_TIME_, CLAIM_TIME_, END_TIME_, DURATION_, DELETE_REASON_, TASK_DEF_KEY_, FORM_KEY_, PRIORITY_, DUE_DATE_, CATEGORY_, TENANT_ID_ ) values ( ?, ?, ?, ?, ?, ?, ?, ?, ?, ?, ?, ?, ?, ?, ?, ?, ?, ?, ?, ? ) 
10:48:10,879 [pool-23-thread-5] DEBUG org.activiti.engine.impl.pvm.runtime.AtomicOperationTransitionNotifyListenerTake  - ProcessInstance[a6dde7f4-c6c9-11ed-aa5a-de215c025445] takes transition (task3)--flow4--&gt;(task4)
10:48:10,878 [pool-23-thread-9] DEBUG org.activiti.engine.impl.pvm.runtime.AtomicOperationActivityExecute  - ProcessInstance[a6de8343-c6c9-11ed-aa5a-de215c025445] executes Activity(task2): org.activiti.engine.impl.bpmn.behavior.ManualTaskActivityBehavior
10:48:10,880 [pool-23-thread-9] DEBUG org.activiti.engine.impl.bpmn.behavior.BpmnActivityBehavior  - Leaving activity &apos;task2&apos;
10:48:10,878 [pool-23-thread-1] DEBUG org.activiti.engine.impl.history.DefaultHistoryManager  - Current history level: AUDIT, level required: ACTIVITY
10:48:10,880 [pool-23-thread-9] DEBUG org.activiti.engine.impl.history.DefaultHistoryManager  - Current history level: AUDIT, level required: ACTIVITY
10:48:10,880 [pool-23-thread-5] DEBUG org.activiti.engine.impl.history.DefaultHistoryManager  - Current history level: AUDIT, level required: ACTIVITY
10:48:10,880 [pool-23-thread-3] DEBUG org.activiti.engine.impl.persistence.entity.HistoricTaskInstanceEntity.insertHistoricTaskInstance  - ==&gt; Parameters: a6df6db5-c6c9-11ed-aa5a-de215c025445(String), simpleProcess:1:a6dcaf6e-c6c9-11ed-aa5a-de215c025445(String), a6ddc0df-c6c9-11ed-aa5a-de215c025445(String), a6ddc0df-c6c9-11ed-aa5a-de215c025445(String), null, null, null, null, null, 2001-01-01 01:23:46.0(Timestamp), null, null, null, null, task4(String), null, 50(Integer), null, null, (String)
10:48:10,880 [pool-23-thread-6] DEBUG org.activiti.engine.impl.pvm.runtime.AtomicOperationActivityExecute  - ProcessInstance[a6de0f06-c6c9-11ed-aa5a-de215c025445] executes Activity(task4): org.activiti.engine.impl.bpmn.behavior.UserTaskActivityBehavior
10:48:10,880 [pool-23-thread-4] DEBUG org.activiti.engine.impl.pvm.runtime.AtomicOperationActivityExecute  - ProcessInstance[a6de5d30-c6c9-11ed-aa5a-de215c025445] executes Activity(task3): org.activiti.engine.impl.bpmn.behavior.ManualTaskActivityBehavior
10:48:10,880 [pool-23-thread-4] DEBUG org.activiti.engine.impl.bpmn.behavior.BpmnActivityBehavior  - Leaving activity &apos;task3&apos;
10:48:10,880 [pool-23-thread-4] DEBUG org.activiti.engine.impl.history.DefaultHistoryManager  - Current history level: AUDIT, level required: ACTIVITY
10:48:10,880 [pool-23-thread-4] DEBUG org.activiti.engine.impl.pvm.runtime.AtomicOperationTransitionNotifyListenerTake  - ProcessInstance[a6de5d30-c6c9-11ed-aa5a-de215c025445] takes transition (task3)--flow4--&gt;(task4)
10:48:10,881 [pool-23-thread-4] DEBUG org.activiti.engine.impl.history.DefaultHistoryManager  - Current history level: AUDIT, level required: ACTIVITY
10:48:10,880 [pool-23-thread-8] DEBUG org.activiti.engine.impl.pvm.runtime.AtomicOperationTransitionNotifyListenerTake  - ProcessInstance[a6de3618-c6c9-11ed-aa5a-de215c025445] takes transition (task3)--flow4--&gt;(task4)
10:48:10,880 [pool-23-thread-7] DEBUG org.activiti.engine.impl.persistence.entity.HistoricTaskInstanceEntity.insertHistoricTaskInstance  - &lt;==    Updates: 1
10:48:10,879 [pool-23-thread-2] DEBUG org.activiti.engine.impl.history.DefaultHistoryManager  - Current history level: AUDIT, level required: AUDIT
10:48:10,879 [pool-23-thread-10] DEBUG org.activiti.engine.impl.pvm.runtime.AtomicOperationTransitionNotifyListenerTake  - ProcessInstance[a6dde7f3-c6c9-11ed-aa5a-de215c025445] takes transition (task1)--flow2--&gt;(task2)
10:48:10,881 [pool-23-thread-2] DEBUG org.activiti.engine.impl.history.DefaultHistoryManager  - Current history level: AUDIT, level required: AUDIT
10:48:10,881 [pool-23-thread-2] DEBUG org.activiti.engine.impl.history.DefaultHistoryManager  - Current history level: AUDIT, level required: AUDIT
10:48:10,881 [pool-23-thread-7] DEBUG org.activiti.engine.impl.db.DbSqlSession  - inserting: HistoricProcessInstanceEntity[superProcessInstanceId=null]
10:48:10,881 [pool-23-thread-8] DEBUG org.activiti.engine.impl.history.DefaultHistoryManager  - Current history level: AUDIT, level required: ACTIVITY
10:48:10,881 [pool-23-thread-4] DEBUG org.activiti.engine.impl.pvm.runtime.AtomicOperationActivityExecute  - ProcessInstance[a6de5d30-c6c9-11ed-aa5a-de215c025445] executes Activity(task4): org.activiti.engine.impl.bpmn.behavior.UserTaskActivityBehavior
10:48:10,880 [pool-23-thread-6] DEBUG org.activiti.engine.impl.persistence.entity.TaskEntity.selectTasksByExecutionId  - ==&gt;  Preparing: select distinct T.* from ACT_RU_TASK T where T.EXECUTION_ID_ = ? 
10:48:10,880 [pool-23-thread-3] DEBUG org.activiti.engine.impl.persistence.entity.HistoricTaskInstanceEntity.insertHistoricTaskInstance  - &lt;==    Updates: 1
10:48:10,881 [pool-23-thread-3] DEBUG org.activiti.engine.impl.db.DbSqlSession  - inserting: HistoricProcessInstanceEntity[superProcessInstanceId=null]
10:48:10,880 [pool-23-thread-5] DEBUG org.activiti.engine.impl.pvm.runtime.AtomicOperationActivityExecute  - ProcessInstance[a6dde7f4-c6c9-11ed-aa5a-de215c025445] executes Activity(task4): org.activiti.engine.impl.bpmn.behavior.UserTaskActivityBehavior
10:48:10,880 [pool-23-thread-9] DEBUG org.activiti.engine.impl.pvm.runtime.AtomicOperationTransitionNotifyListenerTake  - ProcessInstance[a6de8343-c6c9-11ed-aa5a-de215c025445] takes transition (task2)--flow3--&gt;(task3)
10:48:10,880 [pool-23-thread-1] DEBUG org.activiti.engine.impl.pvm.runtime.AtomicOperationActivityExecute  - ProcessInstance[a6de5d2e-c6c9-11ed-aa5a-de215c025445] executes Activity(task4): org.activiti.engine.impl.bpmn.behavior.UserTaskActivityBehavior
10:48:10,882 [pool-23-thread-9] DEBUG org.activiti.engine.impl.history.DefaultHistoryManager  - Current history level: AUDIT, level required: ACTIVITY
10:48:10,881 [pool-23-thread-5] DEBUG org.activiti.engine.impl.persistence.entity.TaskEntity.selectTasksByExecutionId  - ==&gt;  Preparing: select distinct T.* from ACT_RU_TASK T where T.EXECUTION_ID_ = ? 
10:48:10,881 [pool-23-thread-3] DEBUG org.activiti.engine.impl.persistence.entity.HistoricProcessInstanceEntity.insertHistoricProcessInstance  - ==&gt;  Preparing: insert into ACT_HI_PROCINST ( ID_, PROC_INST_ID_, BUSINESS_KEY_, PROC_DEF_ID_, START_TIME_, END_TIME_, DURATION_, START_USER_ID_, START_ACT_ID_, END_ACT_ID_, SUPER_PROCESS_INSTANCE_ID_, DELETE_REASON_, TENANT_ID_, NAME_ ) values ( ?, ?, ?, ?, ?, ?, ?, ?, ?, ?, ?, ?, ?, ? ) 
10:48:10,881 [pool-23-thread-6] DEBUG org.activiti.engine.impl.persistence.entity.TaskEntity.selectTasksByExecutionId  - ==&gt; Parameters: a6de0f06-c6c9-11ed-aa5a-de215c025445(String)
10:48:10,881 [pool-23-thread-4] DEBUG org.activiti.engine.impl.persistence.entity.TaskEntity.selectTasksByExecutionId  - ==&gt;  Preparing: select distinct T.* from ACT_RU_TASK T where T.EXECUTION_ID_ = ? 
10:48:10,881 [pool-23-thread-8] DEBUG org.activiti.engine.impl.pvm.runtime.AtomicOperationActivityExecute  - ProcessInstance[a6de3618-c6c9-11ed-aa5a-de215c025445] executes Activity(task4): org.activiti.engine.impl.bpmn.behavior.UserTaskActivityBehavior
10:48:10,881 [pool-23-thread-7] DEBUG org.activiti.engine.impl.persistence.entity.HistoricProcessInstanceEntity.insertHistoricProcessInstance  - ==&gt;  Preparing: insert into ACT_HI_PROCINST ( ID_, PROC_INST_ID_, BUSINESS_KEY_, PROC_DEF_ID_, START_TIME_, END_TIME_, DURATION_, START_USER_ID_, START_ACT_ID_, END_ACT_ID_, SUPER_PROCESS_INSTANCE_ID_, DELETE_REASON_, TENANT_ID_, NAME_ ) values ( ?, ?, ?, ?, ?, ?, ?, ?, ?, ?, ?, ?, ?, ? ) 
10:48:10,881 [pool-23-thread-2] DEBUG org.activiti.engine.impl.history.DefaultHistoryManager  - Current history level: AUDIT, level required: ACTIVITY
10:48:10,881 [pool-23-thread-10] DEBUG org.activiti.engine.impl.history.DefaultHistoryManager  - Current history level: AUDIT, level required: ACTIVITY
10:48:10,882 [pool-23-thread-2] DEBUG org.activiti.engine.impl.db.DbSqlSession  -   insert ProcessInstance[a6ddc0e0-c6c9-11ed-aa5a-de215c025445]
10:48:10,882 [pool-23-thread-2] DEBUG org.activiti.engine.impl.db.DbSqlSession  -   insert HistoricProcessInstanceEntity[superProcessInstanceId=null]
10:48:10,882 [pool-23-thread-2] DEBUG org.activiti.engine.impl.db.DbSqlSession  -   insert Task[id=a6dfe2f0-c6c9-11ed-aa5a-de215c025445, name=null]
10:48:10,882 [pool-23-thread-2] DEBUG org.activiti.engine.impl.db.DbSqlSession  -   insert HistoricTaskInstanceEntity[id=a6dfe2f0-c6c9-11ed-aa5a-de215c025445, name=null]
10:48:10,882 [pool-23-thread-2] DEBUG org.activiti.engine.impl.db.DbSqlSession  -   insert HistoricActivityInstanceEntity[activityId=theStart, activityName=null]
10:48:10,882 [pool-23-thread-2] DEBUG org.activiti.engine.impl.db.DbSqlSession  -   insert HistoricActivityInstanceEntity[activityId=task1, activityName=null]
10:48:10,882 [pool-23-thread-2] DEBUG org.activiti.engine.impl.db.DbSqlSession  -   insert HistoricActivityInstanceEntity[activityId=task2, activityName=null]
10:48:10,882 [pool-23-thread-2] DEBUG org.activiti.engine.impl.db.DbSqlSession  -   insert HistoricActivityInstanceEntity[activityId=task3, activityName=null]
10:48:10,882 [pool-23-thread-2] DEBUG org.activiti.engine.impl.db.DbSqlSession  -   insert HistoricActivityInstanceEntity[activityId=task4, activityName=null]
10:48:10,882 [pool-23-thread-2] DEBUG org.activiti.engine.impl.db.DbSqlSession  - flush summary: 9 insert, 0 update, 0 delete.
10:48:10,882 [pool-23-thread-2] DEBUG org.activiti.engine.impl.db.DbSqlSession  - now executing flush...
10:48:10,883 [pool-23-thread-2] DEBUG org.activiti.engine.impl.db.DbSqlSession  - inserting: HistoricTaskInstanceEntity[id=a6dfe2f0-c6c9-11ed-aa5a-de215c025445, name=null]
10:48:10,882 [pool-23-thread-7] DEBUG org.activiti.engine.impl.persistence.entity.HistoricProcessInstanceEntity.insertHistoricProcessInstance  - ==&gt; Parameters: a6de361a-c6c9-11ed-aa5a-de215c025445(String), a6de361a-c6c9-11ed-aa5a-de215c025445(String), null, simpleProcess:1:a6dcaf6e-c6c9-11ed-aa5a-de215c025445(String), 2001-01-01 01:23:46.0(Timestamp), null, null, null, theStart(String), null, null, null, (String), null
10:48:10,882 [pool-23-thread-8] DEBUG org.activiti.engine.impl.persistence.entity.TaskEntity.selectTasksByExecutionId  - ==&gt;  Preparing: select distinct T.* from ACT_RU_TASK T where T.EXECUTION_ID_ = ? 
10:48:10,882 [pool-23-thread-4] DEBUG org.activiti.engine.impl.persistence.entity.TaskEntity.selectTasksByExecutionId  - ==&gt; Parameters: a6de5d30-c6c9-11ed-aa5a-de215c025445(String)
10:48:10,882 [pool-23-thread-6] DEBUG org.activiti.engine.impl.persistence.entity.TaskEntity.selectTasksByExecutionId  - &lt;==      Total: 0
10:48:10,882 [pool-23-thread-3] DEBUG org.activiti.engine.impl.persistence.entity.HistoricProcessInstanceEntity.insertHistoricProcessInstance  - ==&gt; Parameters: a6ddc0df-c6c9-11ed-aa5a-de215c025445(String), a6ddc0df-c6c9-11ed-aa5a-de215c025445(String), null, simpleProcess:1:a6dcaf6e-c6c9-11ed-aa5a-de215c025445(String), 2001-01-01 01:23:46.0(Timestamp), null, null, null, theStart(String), null, null, null, (String), null
10:48:10,882 [pool-23-thread-5] DEBUG org.activiti.engine.impl.persistence.entity.TaskEntity.selectTasksByExecutionId  - ==&gt; Parameters: a6dde7f4-c6c9-11ed-aa5a-de215c025445(String)
10:48:10,882 [pool-23-thread-9] DEBUG org.activiti.engine.impl.pvm.runtime.AtomicOperationActivityExecute  - ProcessInstance[a6de8343-c6c9-11ed-aa5a-de215c025445] executes Activity(task3): org.activiti.engine.impl.bpmn.behavior.ManualTaskActivityBehavior
10:48:10,882 [pool-23-thread-1] DEBUG org.activiti.engine.impl.persistence.entity.TaskEntity.selectTasksByExecutionId  - ==&gt;  Preparing: select distinct T.* from ACT_RU_TASK T where T.EXECUTION_ID_ = ? 
10:48:10,883 [pool-23-thread-9] DEBUG org.activiti.engine.impl.bpmn.behavior.BpmnActivityBehavior  - Leaving activity &apos;task3&apos;
10:48:10,883 [pool-23-thread-5] DEBUG org.activiti.engine.impl.persistence.entity.TaskEntity.selectTasksByExecutionId  - &lt;==      Total: 0
10:48:10,883 [pool-23-thread-5] DEBUG org.activiti.engine.impl.history.DefaultHistoryManager  - Current history level: AUDIT, level required: AUDIT
10:48:10,883 [pool-23-thread-3] DEBUG org.activiti.engine.impl.persistence.entity.HistoricProcessInstanceEntity.insertHistoricProcessInstance  - &lt;==    Updates: 1
10:48:10,883 [pool-23-thread-6] DEBUG org.activiti.engine.impl.history.DefaultHistoryManager  - Current history level: AUDIT, level required: AUDIT
10:48:10,883 [pool-23-thread-6] DEBUG org.activiti.engine.impl.history.DefaultHistoryManager  - Current history level: AUDIT, level required: AUDIT
10:48:10,883 [pool-23-thread-6] DEBUG org.activiti.engine.impl.history.DefaultHistoryManager  - Current history level: AUDIT, level required: AUDIT
10:48:10,883 [pool-23-thread-4] DEBUG org.activiti.engine.impl.persistence.entity.TaskEntity.selectTasksByExecutionId  - &lt;==      Total: 0
10:48:10,883 [pool-23-thread-4] DEBUG org.activiti.engine.impl.history.DefaultHistoryManager  - Current history level: AUDIT, level required: AUDIT
10:48:10,883 [pool-23-thread-4] DEBUG org.activiti.engine.impl.history.DefaultHistoryManager  - Current history level: AUDIT, level required: AUDIT
10:48:10,884 [pool-23-thread-4] DEBUG org.activiti.engine.impl.history.DefaultHistoryManager  - Current history level: AUDIT, level required: AUDIT
10:48:10,883 [pool-23-thread-8] DEBUG org.activiti.engine.impl.persistence.entity.TaskEntity.selectTasksByExecutionId  - ==&gt; Parameters: a6de3618-c6c9-11ed-aa5a-de215c025445(String)
10:48:10,883 [pool-23-thread-7] DEBUG org.activiti.engine.impl.persistence.entity.HistoricProcessInstanceEntity.insertHistoricProcessInstance  - &lt;==    Updates: 1
10:48:10,883 [pool-23-thread-2] DEBUG org.activiti.engine.impl.persistence.entity.HistoricTaskInstanceEntity.insertHistoricTaskInstance  - ==&gt;  Preparing: insert into ACT_HI_TASKINST ( ID_, PROC_DEF_ID_, PROC_INST_ID_, EXECUTION_ID_, NAME_, PARENT_TASK_ID_, DESCRIPTION_, OWNER_, ASSIGNEE_, START_TIME_, CLAIM_TIME_, END_TIME_, DURATION_, DELETE_REASON_, TASK_DEF_KEY_, FORM_KEY_, PRIORITY_, DUE_DATE_, CATEGORY_, TENANT_ID_ ) values ( ?, ?, ?, ?, ?, ?, ?, ?, ?, ?, ?, ?, ?, ?, ?, ?, ?, ?, ?, ? ) 
10:48:10,882 [pool-23-thread-10] DEBUG org.activiti.engine.impl.pvm.runtime.AtomicOperationActivityExecute  - ProcessInstance[a6dde7f3-c6c9-11ed-aa5a-de215c025445] executes Activity(task2): org.activiti.engine.impl.bpmn.behavior.ManualTaskActivityBehavior
10:48:10,884 [pool-23-thread-2] DEBUG org.activiti.engine.impl.persistence.entity.HistoricTaskInstanceEntity.insertHistoricTaskInstance  - ==&gt; Parameters: a6dfe2f0-c6c9-11ed-aa5a-de215c025445(String), simpleProcess:1:a6dcaf6e-c6c9-11ed-aa5a-de215c025445(String), a6ddc0e0-c6c9-11ed-aa5a-de215c025445(String), a6ddc0e0-c6c9-11ed-aa5a-de215c025445(String), null, null, null, null, null, 2001-01-01 01:23:46.0(Timestamp), null, null, null, null, task4(String), null, 50(Integer), null, null, (String)
10:48:10,884 [pool-23-thread-10] DEBUG org.activiti.engine.impl.bpmn.behavior.BpmnActivityBehavior  - Leaving activity &apos;task2&apos;
10:48:10,884 [pool-23-thread-8] DEBUG org.activiti.engine.impl.persistence.entity.TaskEntity.selectTasksByExecutionId  - &lt;==      Total: 0
10:48:10,884 [pool-23-thread-8] DEBUG org.activiti.engine.impl.history.DefaultHistoryManager  - Current history level: AUDIT, level required: AUDIT
10:48:10,884 [pool-23-thread-8] DEBUG org.activiti.engine.impl.history.DefaultHistoryManager  - Current history level: AUDIT, level required: AUDIT
10:48:10,884 [pool-23-thread-4] DEBUG org.activiti.engine.impl.history.DefaultHistoryManager  - Current history level: AUDIT, level required: ACTIVITY
10:48:10,883 [pool-23-thread-3] DEBUG org.activiti.engine.impl.persistence.entity.HistoricActivityInstanceEntity.bulkInsertHistoricActivityInstance  - ==&gt;  Preparing: insert into ACT_HI_ACTINST ( ID_, PROC_DEF_ID_, PROC_INST_ID_, EXECUTION_ID_, ACT_ID_, TASK_ID_, CALL_PROC_INST_ID_, ACT_NAME_, ACT_TYPE_, ASSIGNEE_, START_TIME_, END_TIME_, DURATION_, TENANT_ID_ ) values (?, ?, ?, ?, ?, ?, ?, ?, ?, ?, ?, ?, ?, ?) , (?, ?, ?, ?, ?, ?, ?, ?, ?, ?, ?, ?, ?, ?) , (?, ?, ?, ?, ?, ?, ?, ?, ?, ?, ?, ?, ?, ?) , (?, ?, ?, ?, ?, ?, ?, ?, ?, ?, ?, ?, ?, ?) , (?, ?, ?, ?, ?, ?, ?, ?, ?, ?, ?, ?, ?, ?) 
10:48:10,883 [pool-23-thread-6] DEBUG org.activiti.engine.impl.history.DefaultHistoryManager  - Current history level: AUDIT, level required: ACTIVITY
10:48:10,883 [pool-23-thread-5] DEBUG org.activiti.engine.impl.history.DefaultHistoryManager  - Current history level: AUDIT, level required: AUDIT
10:48:10,884 [pool-23-thread-3] DEBUG org.activiti.engine.impl.persistence.entity.HistoricActivityInstanceEntity.bulkInsertHistoricActivityInstance  - ==&gt; Parameters: a6dde7f1-c6c9-11ed-aa5a-de215c025445(String), simpleProcess:1:a6dcaf6e-c6c9-11ed-aa5a-de215c025445(String), a6ddc0df-c6c9-11ed-aa5a-de215c025445(String), a6ddc0df-c6c9-11ed-aa5a-de215c025445(String), theStart(String), null, null, null, startEvent(String), null, 2001-01-01 01:23:46.0(Timestamp), 2001-01-01 01:23:46.0(Timestamp), 0(Long), (String), a6de5d2d-c6c9-11ed-aa5a-de215c025445(String), simpleProcess:1:a6dcaf6e-c6c9-11ed-aa5a-de215c025445(String), a6ddc0df-c6c9-11ed-aa5a-de215c025445(String), a6ddc0df-c6c9-11ed-aa5a-de215c025445(String), task1(String), null, null, null, manualTask(String), null, 2001-01-01 01:23:46.0(Timestamp), 2001-01-01 01:23:46.0(Timestamp), 0(Long), (String), a6deaa55-c6c9-11ed-aa5a-de215c025445(String), simpleProcess:1:a6dcaf6e-c6c9-11ed-aa5a-de215c025445(String), a6ddc0df-c6c9-11ed-aa5a-de215c025445(String), a6ddc0df-c6c9-11ed-aa5a-de215c025445(String), task2(String), null, null, null, manualTask(String), null, 2001-01-01 01:23:46.0(Timestamp), 2001-01-01 01:23:46.0(Timestamp), 0(Long), (String), a6df1f8b-c6c9-11ed-aa5a-de215c025445(String), simpleProcess:1:a6dcaf6e-c6c9-11ed-aa5a-de215c025445(String), a6ddc0df-c6c9-11ed-aa5a-de215c025445(String), a6ddc0df-c6c9-11ed-aa5a-de215c025445(String), task3(String), null, null, null, manualTask(String), null, 2001-01-01 01:23:46.0(Timestamp), 2001-01-01 01:23:46.0(Timestamp), 0(Long), (String), a6df6db0-c6c9-11ed-aa5a-de215c025445(String), simpleProcess:1:a6dcaf6e-c6c9-11ed-aa5a-de215c025445(String), a6ddc0df-c6c9-11ed-aa5a-de215c025445(String), a6ddc0df-c6c9-11ed-aa5a-de215c025445(String), task4(String), a6df6db5-c6c9-11ed-aa5a-de215c025445(String), null, null, userTask(String), null, 2001-01-01 01:23:46.0(Timestamp), null, null, (String)
10:48:10,883 [pool-23-thread-9] DEBUG org.activiti.engine.impl.history.DefaultHistoryManager  - Current history level: AUDIT, level required: ACTIVITY
10:48:10,884 [pool-23-thread-3] DEBUG org.activiti.engine.impl.persistence.entity.HistoricActivityInstanceEntity.bulkInsertHistoricActivityInstance  - &lt;==    Updates: 5
10:48:10,885 [pool-23-thread-3] DEBUG org.activiti.engine.impl.db.DbSqlSession  - inserting: ProcessInstance[a6ddc0df-c6c9-11ed-aa5a-de215c025445]
10:48:10,883 [pool-23-thread-1] DEBUG org.activiti.engine.impl.persistence.entity.TaskEntity.selectTasksByExecutionId  - ==&gt; Parameters: a6de5d2e-c6c9-11ed-aa5a-de215c025445(String)
10:48:10,885 [pool-23-thread-3] DEBUG org.activiti.engine.impl.persistence.entity.ExecutionEntity.insertExecution  - ==&gt;  Preparing: insert into ACT_RU_EXECUTION (ID_, REV_, PROC_INST_ID_, BUSINESS_KEY_, PROC_DEF_ID_, ACT_ID_, IS_ACTIVE_, IS_CONCURRENT_, IS_SCOPE_,IS_EVENT_SCOPE_, PARENT_ID_, SUPER_EXEC_, SUSPENSION_STATE_, CACHED_ENT_STATE_, TENANT_ID_, NAME_) values ( ?, 1, ?, ?, ?, ?, ?, ?, ?, ?, ?, ?, ?, ?, ?, ? ) 
10:48:10,884 [pool-23-thread-9] DEBUG org.activiti.engine.impl.pvm.runtime.AtomicOperationTransitionNotifyListenerTake  - ProcessInstance[a6de8343-c6c9-11ed-aa5a-de215c025445] takes transition (task3)--flow4--&gt;(task4)
10:48:10,885 [pool-23-thread-3] DEBUG org.activiti.engine.impl.persistence.entity.ExecutionEntity.insertExecution  - ==&gt; Parameters: a6ddc0df-c6c9-11ed-aa5a-de215c025445(String), a6ddc0df-c6c9-11ed-aa5a-de215c025445(String), null, simpleProcess:1:a6dcaf6e-c6c9-11ed-aa5a-de215c025445(String), task4(String), true(Boolean), false(Boolean), true(Boolean), false(Boolean), null, null, 1(Integer), 2(Integer), (String), null
10:48:10,884 [pool-23-thread-5] DEBUG org.activiti.engine.impl.history.DefaultHistoryManager  - Current history level: AUDIT, level required: AUDIT
10:48:10,884 [pool-23-thread-6] DEBUG org.activiti.engine.impl.db.DbSqlSession  -   insert ProcessInstance[a6de0f06-c6c9-11ed-aa5a-de215c025445]
10:48:10,885 [pool-23-thread-6] DEBUG org.activiti.engine.impl.db.DbSqlSession  -   insert HistoricProcessInstanceEntity[superProcessInstanceId=null]
10:48:10,885 [pool-23-thread-6] DEBUG org.activiti.engine.impl.db.DbSqlSession  -   insert Task[id=a6e05827-c6c9-11ed-aa5a-de215c025445, name=null]
10:48:10,885 [pool-23-thread-6] DEBUG org.activiti.engine.impl.db.DbSqlSession  -   insert HistoricTaskInstanceEntity[id=a6e05827-c6c9-11ed-aa5a-de215c025445, name=null]
10:48:10,885 [pool-23-thread-6] DEBUG org.activiti.engine.impl.db.DbSqlSession  -   insert HistoricActivityInstanceEntity[activityId=theStart, activityName=null]
10:48:10,885 [pool-23-thread-6] DEBUG org.activiti.engine.impl.db.DbSqlSession  -   insert HistoricActivityInstanceEntity[activityId=task1, activityName=null]
10:48:10,885 [pool-23-thread-6] DEBUG org.activiti.engine.impl.db.DbSqlSession  -   insert HistoricActivityInstanceEntity[activityId=task2, activityName=null]
10:48:10,885 [pool-23-thread-6] DEBUG org.activiti.engine.impl.db.DbSqlSession  -   insert HistoricActivityInstanceEntity[activityId=task3, activityName=null]
10:48:10,885 [pool-23-thread-6] DEBUG org.activiti.engine.impl.db.DbSqlSession  -   insert HistoricActivityInstanceEntity[activityId=task4, activityName=null]
10:48:10,885 [pool-23-thread-6] DEBUG org.activiti.engine.impl.db.DbSqlSession  - flush summary: 9 insert, 0 update, 0 delete.
10:48:10,885 [pool-23-thread-6] DEBUG org.activiti.engine.impl.db.DbSqlSession  - now executing flush...
10:48:10,885 [pool-23-thread-6] DEBUG org.activiti.engine.impl.db.DbSqlSession  - inserting: HistoricTaskInstanceEntity[id=a6e05827-c6c9-11ed-aa5a-de215c025445, name=null]
10:48:10,884 [pool-23-thread-4] DEBUG org.activiti.engine.impl.db.DbSqlSession  -   insert ProcessInstance[a6de5d30-c6c9-11ed-aa5a-de215c025445]
10:48:10,885 [pool-23-thread-4] DEBUG org.activiti.engine.impl.db.DbSqlSession  -   insert HistoricProcessInstanceEntity[superProcessInstanceId=null]
10:48:10,885 [pool-23-thread-4] DEBUG org.activiti.engine.impl.db.DbSqlSession  -   insert Task[id=a6e07f3a-c6c9-11ed-aa5a-de215c025445, name=null]
10:48:10,885 [pool-23-thread-4] DEBUG org.activiti.engine.impl.db.DbSqlSession  -   insert HistoricTaskInstanceEntity[id=a6e07f3a-c6c9-11ed-aa5a-de215c025445, name=null]
10:48:10,885 [pool-23-thread-4] DEBUG org.activiti.engine.impl.db.DbSqlSession  -   insert HistoricActivityInstanceEntity[activityId=theStart, activityName=null]
10:48:10,885 [pool-23-thread-4] DEBUG org.activiti.engine.impl.db.DbSqlSession  -   insert HistoricActivityInstanceEntity[activityId=task1, activityName=null]
10:48:10,885 [pool-23-thread-4] DEBUG org.activiti.engine.impl.db.DbSqlSession  -   insert HistoricActivityInstanceEntity[activityId=task2, activityName=null]
10:48:10,885 [pool-23-thread-4] DEBUG org.activiti.engine.impl.db.DbSqlSession  -   insert HistoricActivityInstanceEntity[activityId=task3, activityName=null]
10:48:10,885 [pool-23-thread-4] DEBUG org.activiti.engine.impl.db.DbSqlSession  -   insert HistoricActivityInstanceEntity[activityId=task4, activityName=null]
10:48:10,885 [pool-23-thread-4] DEBUG org.activiti.engine.impl.db.DbSqlSession  - flush summary: 9 insert, 0 update, 0 delete.
10:48:10,886 [pool-23-thread-4] DEBUG org.activiti.engine.impl.db.DbSqlSession  - now executing flush...
10:48:10,886 [pool-23-thread-4] DEBUG org.activiti.engine.impl.db.DbSqlSession  - inserting: HistoricTaskInstanceEntity[id=a6e07f3a-c6c9-11ed-aa5a-de215c025445, name=null]
10:48:10,884 [pool-23-thread-8] DEBUG org.activiti.engine.impl.history.DefaultHistoryManager  - Current history level: AUDIT, level required: AUDIT
10:48:10,884 [pool-23-thread-7] DEBUG org.activiti.engine.impl.persistence.entity.HistoricActivityInstanceEntity.bulkInsertHistoricActivityInstance  - ==&gt;  Preparing: insert into ACT_HI_ACTINST ( ID_, PROC_DEF_ID_, PROC_INST_ID_, EXECUTION_ID_, ACT_ID_, TASK_ID_, CALL_PROC_INST_ID_, ACT_NAME_, ACT_TYPE_, ASSIGNEE_, START_TIME_, END_TIME_, DURATION_, TENANT_ID_ ) values (?, ?, ?, ?, ?, ?, ?, ?, ?, ?, ?, ?, ?, ?) , (?, ?, ?, ?, ?, ?, ?, ?, ?, ?, ?, ?, ?, ?) , (?, ?, ?, ?, ?, ?, ?, ?, ?, ?, ?, ?, ?, ?) , (?, ?, ?, ?, ?, ?, ?, ?, ?, ?, ?, ?, ?, ?) , (?, ?, ?, ?, ?, ?, ?, ?, ?, ?, ?, ?, ?, ?) 
10:48:10,884 [pool-23-thread-10] DEBUG org.activiti.engine.impl.history.DefaultHistoryManager  - Current history level: AUDIT, level required: ACTIVITY
10:48:10,884 [pool-23-thread-2] DEBUG org.activiti.engine.impl.persistence.entity.HistoricTaskInstanceEntity.insertHistoricTaskInstance  - &lt;==    Updates: 1
10:48:10,886 [pool-23-thread-2] DEBUG org.activiti.engine.impl.db.DbSqlSession  - inserting: HistoricProcessInstanceEntity[superProcessInstanceId=null]
10:48:10,886 [pool-23-thread-7] DEBUG org.activiti.engine.impl.persistence.entity.HistoricActivityInstanceEntity.bulkInsertHistoricActivityInstance  - ==&gt; Parameters: a6de5d2b-c6c9-11ed-aa5a-de215c025445(String), simpleProcess:1:a6dcaf6e-c6c9-11ed-aa5a-de215c025445(String), a6de361a-c6c9-11ed-aa5a-de215c025445(String), a6de361a-c6c9-11ed-aa5a-de215c025445(String), theStart(String), null, null, null, startEvent(String), null, 2001-01-01 01:23:46.0(Timestamp), 2001-01-01 01:23:46.0(Timestamp), 0(Long), (String), a6ded167-c6c9-11ed-aa5a-de215c025445(String), simpleProcess:1:a6dcaf6e-c6c9-11ed-aa5a-de215c025445(String), a6de361a-c6c9-11ed-aa5a-de215c025445(String), a6de361a-c6c9-11ed-aa5a-de215c025445(String), task1(String), null, null, null, manualTask(String), null, 2001-01-01 01:23:46.0(Timestamp), 2001-01-01 01:23:46.0(Timestamp), 0(Long), (String), a6df1f8d-c6c9-11ed-aa5a-de215c025445(String), simpleProcess:1:a6dcaf6e-c6c9-11ed-aa5a-de215c025445(String), a6de361a-c6c9-11ed-aa5a-de215c025445(String), a6de361a-c6c9-11ed-aa5a-de215c025445(String), task2(String), null, null, null, manualTask(String), null, 2001-01-01 01:23:46.0(Timestamp), 2001-01-01 01:23:46.0(Timestamp), 0(Long), (String), a6df469e-c6c9-11ed-aa5a-de215c025445(String), simpleProcess:1:a6dcaf6e-c6c9-11ed-aa5a-de215c025445(String), a6de361a-c6c9-11ed-aa5a-de215c025445(String), a6de361a-c6c9-11ed-aa5a-de215c025445(String), task3(String), null, null, null, manualTask(String), null, 2001-01-01 01:23:46.0(Timestamp), 2001-01-01 01:23:46.0(Timestamp), 0(Long), (String), a6df6db2-c6c9-11ed-aa5a-de215c025445(String), simpleProcess:1:a6dcaf6e-c6c9-11ed-aa5a-de215c025445(String), a6de361a-c6c9-11ed-aa5a-de215c025445(String), a6de361a-c6c9-11ed-aa5a-de215c025445(String), task4(String), a6df6db4-c6c9-11ed-aa5a-de215c025445(String), null, null, userTask(String), null, 2001-01-01 01:23:46.0(Timestamp), null, null, (String)
10:48:10,886 [pool-23-thread-8] DEBUG org.activiti.engine.impl.history.DefaultHistoryManager  - Current history level: AUDIT, level required: ACTIVITY
10:48:10,886 [pool-23-thread-4] DEBUG org.activiti.engine.impl.persistence.entity.HistoricTaskInstanceEntity.insertHistoricTaskInstance  - ==&gt;  Preparing: insert into ACT_HI_TASKINST ( ID_, PROC_DEF_ID_, PROC_INST_ID_, EXECUTION_ID_, NAME_, PARENT_TASK_ID_, DESCRIPTION_, OWNER_, ASSIGNEE_, START_TIME_, CLAIM_TIME_, END_TIME_, DURATION_, DELETE_REASON_, TASK_DEF_KEY_, FORM_KEY_, PRIORITY_, DUE_DATE_, CATEGORY_, TENANT_ID_ ) values ( ?, ?, ?, ?, ?, ?, ?, ?, ?, ?, ?, ?, ?, ?, ?, ?, ?, ?, ?, ? ) 
10:48:10,885 [pool-23-thread-6] DEBUG org.activiti.engine.impl.persistence.entity.HistoricTaskInstanceEntity.insertHistoricTaskInstance  - ==&gt;  Preparing: insert into ACT_HI_TASKINST ( ID_, PROC_DEF_ID_, PROC_INST_ID_, EXECUTION_ID_, NAME_, PARENT_TASK_ID_, DESCRIPTION_, OWNER_, ASSIGNEE_, START_TIME_, CLAIM_TIME_, END_TIME_, DURATION_, DELETE_REASON_, TASK_DEF_KEY_, FORM_KEY_, PRIORITY_, DUE_DATE_, CATEGORY_, TENANT_ID_ ) values ( ?, ?, ?, ?, ?, ?, ?, ?, ?, ?, ?, ?, ?, ?, ?, ?, ?, ?, ?, ? ) 
10:48:10,885 [pool-23-thread-5] DEBUG org.activiti.engine.impl.history.DefaultHistoryManager  - Current history level: AUDIT, level required: ACTIVITY
10:48:10,885 [pool-23-thread-3] DEBUG org.activiti.engine.impl.persistence.entity.ExecutionEntity.insertExecution  - &lt;==    Updates: 1
10:48:10,886 [pool-23-thread-3] DEBUG org.activiti.engine.impl.db.DbSqlSession  - inserting: Task[id=a6df6db5-c6c9-11ed-aa5a-de215c025445, name=null]
10:48:10,885 [pool-23-thread-9] DEBUG org.activiti.engine.impl.history.DefaultHistoryManager  - Current history level: AUDIT, level required: ACTIVITY
10:48:10,885 [pool-23-thread-1] DEBUG org.activiti.engine.impl.persistence.entity.TaskEntity.selectTasksByExecutionId  - &lt;==      Total: 0
10:48:10,887 [pool-23-thread-1] DEBUG org.activiti.engine.impl.history.DefaultHistoryManager  - Current history level: AUDIT, level required: AUDIT
10:48:10,887 [pool-23-thread-9] DEBUG org.activiti.engine.impl.pvm.runtime.AtomicOperationActivityExecute  - ProcessInstance[a6de8343-c6c9-11ed-aa5a-de215c025445] executes Activity(task4): org.activiti.engine.impl.bpmn.behavior.UserTaskActivityBehavior
10:48:10,886 [pool-23-thread-3] DEBUG org.activiti.engine.impl.persistence.entity.TaskEntity.insertTask  - ==&gt;  Preparing: insert into ACT_RU_TASK (ID_, REV_, NAME_, PARENT_TASK_ID_, DESCRIPTION_, PRIORITY_, CREATE_TIME_, OWNER_, ASSIGNEE_, DELEGATION_, EXECUTION_ID_, PROC_INST_ID_, PROC_DEF_ID_, TASK_DEF_KEY_, DUE_DATE_, CATEGORY_, SUSPENSION_STATE_, TENANT_ID_, FORM_KEY_) values (?, 1, ?, ?, ?, ?, ?, ?, ?, ?, ?, ?, ?, ?, ?, ?, ?, ?, ? ) 
10:48:10,886 [pool-23-thread-5] DEBUG org.activiti.engine.impl.db.DbSqlSession  -   insert ProcessInstance[a6dde7f4-c6c9-11ed-aa5a-de215c025445]
10:48:10,887 [pool-23-thread-5] DEBUG org.activiti.engine.impl.db.DbSqlSession  -   insert HistoricProcessInstanceEntity[superProcessInstanceId=null]
10:48:10,887 [pool-23-thread-5] DEBUG org.activiti.engine.impl.db.DbSqlSession  -   insert Task[id=a6e07f3b-c6c9-11ed-aa5a-de215c025445, name=null]
10:48:10,887 [pool-23-thread-5] DEBUG org.activiti.engine.impl.db.DbSqlSession  -   insert HistoricTaskInstanceEntity[id=a6e07f3b-c6c9-11ed-aa5a-de215c025445, name=null]
10:48:10,887 [pool-23-thread-5] DEBUG org.activiti.engine.impl.db.DbSqlSession  -   insert HistoricActivityInstanceEntity[activityId=theStart, activityName=null]
10:48:10,887 [pool-23-thread-5] DEBUG org.activiti.engine.impl.db.DbSqlSession  -   insert HistoricActivityInstanceEntity[activityId=task1, activityName=null]
10:48:10,887 [pool-23-thread-5] DEBUG org.activiti.engine.impl.db.DbSqlSession  -   insert HistoricActivityInstanceEntity[activityId=task2, activityName=null]
10:48:10,887 [pool-23-thread-5] DEBUG org.activiti.engine.impl.db.DbSqlSession  -   insert HistoricActivityInstanceEntity[activityId=task3, activityName=null]
10:48:10,887 [pool-23-thread-5] DEBUG org.activiti.engine.impl.db.DbSqlSession  -   insert HistoricActivityInstanceEntity[activityId=task4, activityName=null]
10:48:10,887 [pool-23-thread-5] DEBUG org.activiti.engine.impl.db.DbSqlSession  - flush summary: 9 insert, 0 update, 0 delete.
10:48:10,887 [pool-23-thread-5] DEBUG org.activiti.engine.impl.db.DbSqlSession  - now executing flush...
10:48:10,887 [pool-23-thread-5] DEBUG org.activiti.engine.impl.db.DbSqlSession  - inserting: HistoricTaskInstanceEntity[id=a6e07f3b-c6c9-11ed-aa5a-de215c025445, name=null]
10:48:10,886 [pool-23-thread-6] DEBUG org.activiti.engine.impl.persistence.entity.HistoricTaskInstanceEntity.insertHistoricTaskInstance  - ==&gt; Parameters: a6e05827-c6c9-11ed-aa5a-de215c025445(String), simpleProcess:1:a6dcaf6e-c6c9-11ed-aa5a-de215c025445(String), a6de0f06-c6c9-11ed-aa5a-de215c025445(String), a6de0f06-c6c9-11ed-aa5a-de215c025445(String), null, null, null, null, null, 2001-01-01 01:23:46.0(Timestamp), null, null, null, null, task4(String), null, 50(Integer), null, null, (String)
10:48:10,886 [pool-23-thread-4] DEBUG org.activiti.engine.impl.persistence.entity.HistoricTaskInstanceEntity.insertHistoricTaskInstance  - ==&gt; Parameters: a6e07f3a-c6c9-11ed-aa5a-de215c025445(String), simpleProcess:1:a6dcaf6e-c6c9-11ed-aa5a-de215c025445(String), a6de5d30-c6c9-11ed-aa5a-de215c025445(String), a6de5d30-c6c9-11ed-aa5a-de215c025445(String), null, null, null, null, null, 2001-01-01 01:23:46.0(Timestamp), null, null, null, null, task4(String), null, 50(Integer), null, null, (String)
10:48:10,886 [pool-23-thread-7] DEBUG org.activiti.engine.impl.persistence.entity.HistoricActivityInstanceEntity.bulkInsertHistoricActivityInstance  - &lt;==    Updates: 5
10:48:10,886 [pool-23-thread-8] DEBUG org.activiti.engine.impl.db.DbSqlSession  -   insert ProcessInstance[a6de3618-c6c9-11ed-aa5a-de215c025445]
10:48:10,887 [pool-23-thread-8] DEBUG org.activiti.engine.impl.db.DbSqlSession  -   insert HistoricProcessInstanceEntity[superProcessInstanceId=null]
10:48:10,887 [pool-23-thread-8] DEBUG org.activiti.engine.impl.db.DbSqlSession  -   insert Task[id=a6e0a64e-c6c9-11ed-aa5a-de215c025445, name=null]
10:48:10,888 [pool-23-thread-8] DEBUG org.activiti.engine.impl.db.DbSqlSession  -   insert HistoricTaskInstanceEntity[id=a6e0a64e-c6c9-11ed-aa5a-de215c025445, name=null]
10:48:10,888 [pool-23-thread-8] DEBUG org.activiti.engine.impl.db.DbSqlSession  -   insert HistoricActivityInstanceEntity[activityId=theStart, activityName=null]
10:48:10,888 [pool-23-thread-8] DEBUG org.activiti.engine.impl.db.DbSqlSession  -   insert HistoricActivityInstanceEntity[activityId=task1, activityName=null]
10:48:10,888 [pool-23-thread-8] DEBUG org.activiti.engine.impl.db.DbSqlSession  -   insert HistoricActivityInstanceEntity[activityId=task2, activityName=null]
10:48:10,888 [pool-23-thread-8] DEBUG org.activiti.engine.impl.db.DbSqlSession  -   insert HistoricActivityInstanceEntity[activityId=task3, activityName=null]
10:48:10,888 [pool-23-thread-8] DEBUG org.activiti.engine.impl.db.DbSqlSession  -   insert HistoricActivityInstanceEntity[activityId=task4, activityName=null]
10:48:10,888 [pool-23-thread-8] DEBUG org.activiti.engine.impl.db.DbSqlSession  - flush summary: 9 insert, 0 update, 0 delete.
10:48:10,888 [pool-23-thread-8] DEBUG org.activiti.engine.impl.db.DbSqlSession  - now executing flush...
10:48:10,888 [pool-23-thread-8] DEBUG org.activiti.engine.impl.db.DbSqlSession  - inserting: HistoricTaskInstanceEntity[id=a6e0a64e-c6c9-11ed-aa5a-de215c025445, name=null]
10:48:10,886 [pool-23-thread-10] DEBUG org.activiti.engine.impl.pvm.runtime.AtomicOperationTransitionNotifyListenerTake  - ProcessInstance[a6dde7f3-c6c9-11ed-aa5a-de215c025445] takes transition (task2)--flow3--&gt;(task3)
10:48:10,886 [pool-23-thread-2] DEBUG org.activiti.engine.impl.persistence.entity.HistoricProcessInstanceEntity.insertHistoricProcessInstance  - ==&gt;  Preparing: insert into ACT_HI_PROCINST ( ID_, PROC_INST_ID_, BUSINESS_KEY_, PROC_DEF_ID_, START_TIME_, END_TIME_, DURATION_, START_USER_ID_, START_ACT_ID_, END_ACT_ID_, SUPER_PROCESS_INSTANCE_ID_, DELETE_REASON_, TENANT_ID_, NAME_ ) values ( ?, ?, ?, ?, ?, ?, ?, ?, ?, ?, ?, ?, ?, ? ) 
10:48:10,888 [pool-23-thread-10] DEBUG org.activiti.engine.impl.history.DefaultHistoryManager  - Current history level: AUDIT, level required: ACTIVITY
10:48:10,888 [pool-23-thread-8] DEBUG org.activiti.engine.impl.persistence.entity.HistoricTaskInstanceEntity.insertHistoricTaskInstance  - ==&gt;  Preparing: insert into ACT_HI_TASKINST ( ID_, PROC_DEF_ID_, PROC_INST_ID_, EXECUTION_ID_, NAME_, PARENT_TASK_ID_, DESCRIPTION_, OWNER_, ASSIGNEE_, START_TIME_, CLAIM_TIME_, END_TIME_, DURATION_, DELETE_REASON_, TASK_DEF_KEY_, FORM_KEY_, PRIORITY_, DUE_DATE_, CATEGORY_, TENANT_ID_ ) values ( ?, ?, ?, ?, ?, ?, ?, ?, ?, ?, ?, ?, ?, ?, ?, ?, ?, ?, ?, ? ) 
10:48:10,887 [pool-23-thread-7] DEBUG org.activiti.engine.impl.db.DbSqlSession  - inserting: ProcessInstance[a6de361a-c6c9-11ed-aa5a-de215c025445]
10:48:10,887 [pool-23-thread-4] DEBUG org.activiti.engine.impl.persistence.entity.HistoricTaskInstanceEntity.insertHistoricTaskInstance  - &lt;==    Updates: 1
10:48:10,888 [pool-23-thread-4] DEBUG org.activiti.engine.impl.db.DbSqlSession  - inserting: HistoricProcessInstanceEntity[superProcessInstanceId=null]
10:48:10,887 [pool-23-thread-6] DEBUG org.activiti.engine.impl.persistence.entity.HistoricTaskInstanceEntity.insertHistoricTaskInstance  - &lt;==    Updates: 1
10:48:10,888 [pool-23-thread-6] DEBUG org.activiti.engine.impl.db.DbSqlSession  - inserting: HistoricProcessInstanceEntity[superProcessInstanceId=null]
10:48:10,888 [pool-23-thread-6] DEBUG org.activiti.engine.impl.persistence.entity.HistoricProcessInstanceEntity.insertHistoricProcessInstance  - ==&gt;  Preparing: insert into ACT_HI_PROCINST ( ID_, PROC_INST_ID_, BUSINESS_KEY_, PROC_DEF_ID_, START_TIME_, END_TIME_, DURATION_, START_USER_ID_, START_ACT_ID_, END_ACT_ID_, SUPER_PROCESS_INSTANCE_ID_, DELETE_REASON_, TENANT_ID_, NAME_ ) values ( ?, ?, ?, ?, ?, ?, ?, ?, ?, ?, ?, ?, ?, ? ) 
10:48:10,887 [pool-23-thread-5] DEBUG org.activiti.engine.impl.persistence.entity.HistoricTaskInstanceEntity.insertHistoricTaskInstance  - ==&gt;  Preparing: insert into ACT_HI_TASKINST ( ID_, PROC_DEF_ID_, PROC_INST_ID_, EXECUTION_ID_, NAME_, PARENT_TASK_ID_, DESCRIPTION_, OWNER_, ASSIGNEE_, START_TIME_, CLAIM_TIME_, END_TIME_, DURATION_, DELETE_REASON_, TASK_DEF_KEY_, FORM_KEY_, PRIORITY_, DUE_DATE_, CATEGORY_, TENANT_ID_ ) values ( ?, ?, ?, ?, ?, ?, ?, ?, ?, ?, ?, ?, ?, ?, ?, ?, ?, ?, ?, ? ) 
10:48:10,887 [pool-23-thread-3] DEBUG org.activiti.engine.impl.persistence.entity.TaskEntity.insertTask  - ==&gt; Parameters: a6df6db5-c6c9-11ed-aa5a-de215c025445(String), null, null, null, 50(Integer), 2001-01-01 01:23:46.0(Timestamp), null, null, null, a6ddc0df-c6c9-11ed-aa5a-de215c025445(String), a6ddc0df-c6c9-11ed-aa5a-de215c025445(String), simpleProcess:1:a6dcaf6e-c6c9-11ed-aa5a-de215c025445(String), task4(String), null, null, 1(Integer), (String), null
10:48:10,888 [pool-23-thread-5] DEBUG org.activiti.engine.impl.persistence.entity.HistoricTaskInstanceEntity.insertHistoricTaskInstance  - ==&gt; Parameters: a6e07f3b-c6c9-11ed-aa5a-de215c025445(String), simpleProcess:1:a6dcaf6e-c6c9-11ed-aa5a-de215c025445(String), a6dde7f4-c6c9-11ed-aa5a-de215c025445(String), a6dde7f4-c6c9-11ed-aa5a-de215c025445(String), null, null, null, null, null, 2001-01-01 01:23:46.0(Timestamp), null, null, null, null, task4(String), null, 50(Integer), null, null, (String)
10:48:10,887 [pool-23-thread-9] DEBUG org.activiti.engine.impl.persistence.entity.TaskEntity.selectTasksByExecutionId  - ==&gt;  Preparing: select distinct T.* from ACT_RU_TASK T where T.EXECUTION_ID_ = ? 
10:48:10,887 [pool-23-thread-1] DEBUG org.activiti.engine.impl.history.DefaultHistoryManager  - Current history level: AUDIT, level required: AUDIT
10:48:10,889 [pool-23-thread-5] DEBUG org.activiti.engine.impl.persistence.entity.HistoricTaskInstanceEntity.insertHistoricTaskInstance  - &lt;==    Updates: 1
10:48:10,889 [pool-23-thread-5] DEBUG org.activiti.engine.impl.db.DbSqlSession  - inserting: HistoricProcessInstanceEntity[superProcessInstanceId=null]
10:48:10,889 [pool-23-thread-9] DEBUG org.activiti.engine.impl.persistence.entity.TaskEntity.selectTasksByExecutionId  - ==&gt; Parameters: a6de8343-c6c9-11ed-aa5a-de215c025445(String)
10:48:10,889 [pool-23-thread-3] DEBUG org.activiti.engine.impl.persistence.entity.TaskEntity.insertTask  - &lt;==    Updates: 1
10:48:10,889 [pool-23-thread-3] DEBUG org.activiti.engine.impl.cfg.standalone.StandaloneMybatisTransactionContext  - firing event committing...
10:48:10,889 [pool-23-thread-3] DEBUG org.activiti.engine.impl.cfg.standalone.StandaloneMybatisTransactionContext  - committing the ibatis sql session...
10:48:10,889 [pool-23-thread-3] DEBUG org.apache.ibatis.transaction.jdbc.JdbcTransaction  - Committing JDBC Connection [conn146: url=jdbc:h2:mem:activiti-uuid-generator-test user=SA]
10:48:10,888 [pool-23-thread-6] DEBUG org.activiti.engine.impl.persistence.entity.HistoricProcessInstanceEntity.insertHistoricProcessInstance  - ==&gt; Parameters: a6de0f06-c6c9-11ed-aa5a-de215c025445(String), a6de0f06-c6c9-11ed-aa5a-de215c025445(String), null, simpleProcess:1:a6dcaf6e-c6c9-11ed-aa5a-de215c025445(String), 2001-01-01 01:23:46.0(Timestamp), null, null, null, theStart(String), null, null, null, (String), null
10:48:10,888 [pool-23-thread-4] DEBUG org.activiti.engine.impl.persistence.entity.HistoricProcessInstanceEntity.insertHistoricProcessInstance  - ==&gt;  Preparing: insert into ACT_HI_PROCINST ( ID_, PROC_INST_ID_, BUSINESS_KEY_, PROC_DEF_ID_, START_TIME_, END_TIME_, DURATION_, START_USER_ID_, START_ACT_ID_, END_ACT_ID_, SUPER_PROCESS_INSTANCE_ID_, DELETE_REASON_, TENANT_ID_, NAME_ ) values ( ?, ?, ?, ?, ?, ?, ?, ?, ?, ?, ?, ?, ?, ? ) 
10:48:10,888 [pool-23-thread-7] DEBUG org.activiti.engine.impl.persistence.entity.ExecutionEntity.insertExecution  - ==&gt;  Preparing: insert into ACT_RU_EXECUTION (ID_, REV_, PROC_INST_ID_, BUSINESS_KEY_, PROC_DEF_ID_, ACT_ID_, IS_ACTIVE_, IS_CONCURRENT_, IS_SCOPE_,IS_EVENT_SCOPE_, PARENT_ID_, SUPER_EXEC_, SUSPENSION_STATE_, CACHED_ENT_STATE_, TENANT_ID_, NAME_) values ( ?, 1, ?, ?, ?, ?, ?, ?, ?, ?, ?, ?, ?, ?, ?, ? ) 
10:48:10,888 [pool-23-thread-8] DEBUG org.activiti.engine.impl.persistence.entity.HistoricTaskInstanceEntity.insertHistoricTaskInstance  - ==&gt; Parameters: a6e0a64e-c6c9-11ed-aa5a-de215c025445(String), simpleProcess:1:a6dcaf6e-c6c9-11ed-aa5a-de215c025445(String), a6de3618-c6c9-11ed-aa5a-de215c025445(String), a6de3618-c6c9-11ed-aa5a-de215c025445(String), null, null, null, null, null, 2001-01-01 01:23:46.0(Timestamp), null, null, null, null, task4(String), null, 50(Integer), null, null, (String)
10:48:10,888 [pool-23-thread-10] DEBUG org.activiti.engine.impl.pvm.runtime.AtomicOperationActivityExecute  - ProcessInstance[a6dde7f3-c6c9-11ed-aa5a-de215c025445] executes Activity(task3): org.activiti.engine.impl.bpmn.behavior.ManualTaskActivityBehavior
10:48:10,888 [pool-23-thread-2] DEBUG org.activiti.engine.impl.persistence.entity.HistoricProcessInstanceEntity.insertHistoricProcessInstance  - ==&gt; Parameters: a6ddc0e0-c6c9-11ed-aa5a-de215c025445(String), a6ddc0e0-c6c9-11ed-aa5a-de215c025445(String), null, simpleProcess:1:a6dcaf6e-c6c9-11ed-aa5a-de215c025445(String), 2001-01-01 01:23:46.0(Timestamp), null, null, null, theStart(String), null, null, null, (String), null
10:48:10,889 [pool-23-thread-10] DEBUG org.activiti.engine.impl.bpmn.behavior.BpmnActivityBehavior  - Leaving activity &apos;task3&apos;
10:48:10,889 [pool-23-thread-8] DEBUG org.activiti.engine.impl.persistence.entity.HistoricTaskInstanceEntity.insertHistoricTaskInstance  - &lt;==    Updates: 1
10:48:10,889 [pool-23-thread-8] DEBUG org.activiti.engine.impl.db.DbSqlSession  - inserting: HistoricProcessInstanceEntity[superProcessInstanceId=null]
10:48:10,889 [pool-23-thread-8] DEBUG org.activiti.engine.impl.persistence.entity.HistoricProcessInstanceEntity.insertHistoricProcessInstance  - ==&gt;  Preparing: insert into ACT_HI_PROCINST ( ID_, PROC_INST_ID_, BUSINESS_KEY_, PROC_DEF_ID_, START_TIME_, END_TIME_, DURATION_, START_USER_ID_, START_ACT_ID_, END_ACT_ID_, SUPER_PROCESS_INSTANCE_ID_, DELETE_REASON_, TENANT_ID_, NAME_ ) values ( ?, ?, ?, ?, ?, ?, ?, ?, ?, ?, ?, ?, ?, ? ) 
10:48:10,889 [pool-23-thread-7] DEBUG org.activiti.engine.impl.persistence.entity.ExecutionEntity.insertExecution  - ==&gt; Parameters: a6de361a-c6c9-11ed-aa5a-de215c025445(String), a6de361a-c6c9-11ed-aa5a-de215c025445(String), null, simpleProcess:1:a6dcaf6e-c6c9-11ed-aa5a-de215c025445(String), task4(String), true(Boolean), false(Boolean), true(Boolean), false(Boolean), null, null, 1(Integer), 2(Integer), (String), null
10:48:10,889 [pool-23-thread-4] DEBUG org.activiti.engine.impl.persistence.entity.HistoricProcessInstanceEntity.insertHistoricProcessInstance  - ==&gt; Parameters: a6de5d30-c6c9-11ed-aa5a-de215c025445(String), a6de5d30-c6c9-11ed-aa5a-de215c025445(String), null, simpleProcess:1:a6dcaf6e-c6c9-11ed-aa5a-de215c025445(String), 2001-01-01 01:23:46.0(Timestamp), null, null, null, theStart(String), null, null, null, (String), null
10:48:10,890 [pool-23-thread-7] DEBUG org.activiti.engine.impl.persistence.entity.ExecutionEntity.insertExecution  - &lt;==    Updates: 1
10:48:10,890 [pool-23-thread-7] DEBUG org.activiti.engine.impl.db.DbSqlSession  - inserting: Task[id=a6df6db4-c6c9-11ed-aa5a-de215c025445, name=null]
10:48:10,889 [pool-23-thread-6] DEBUG org.activiti.engine.impl.persistence.entity.HistoricProcessInstanceEntity.insertHistoricProcessInstance  - &lt;==    Updates: 1
10:48:10,889 [pool-23-thread-3] DEBUG org.activiti.engine.impl.cfg.standalone.StandaloneMybatisTransactionContext  - firing event committed...
10:48:10,890 [pool-23-thread-3] DEBUG org.apache.ibatis.transaction.jdbc.JdbcTransaction  - Resetting autocommit to true on JDBC Connection [conn146: url=jdbc:h2:mem:activiti-uuid-generator-test user=SA]
10:48:10,889 [pool-23-thread-9] DEBUG org.activiti.engine.impl.persistence.entity.TaskEntity.selectTasksByExecutionId  - &lt;==      Total: 0
10:48:10,889 [pool-23-thread-5] DEBUG org.activiti.engine.impl.persistence.entity.HistoricProcessInstanceEntity.insertHistoricProcessInstance  - ==&gt;  Preparing: insert into ACT_HI_PROCINST ( ID_, PROC_INST_ID_, BUSINESS_KEY_, PROC_DEF_ID_, START_TIME_, END_TIME_, DURATION_, START_USER_ID_, START_ACT_ID_, END_ACT_ID_, SUPER_PROCESS_INSTANCE_ID_, DELETE_REASON_, TENANT_ID_, NAME_ ) values ( ?, ?, ?, ?, ?, ?, ?, ?, ?, ?, ?, ?, ?, ? ) 
10:48:10,889 [pool-23-thread-1] DEBUG org.activiti.engine.impl.history.DefaultHistoryManager  - Current history level: AUDIT, level required: AUDIT
10:48:10,890 [pool-23-thread-5] DEBUG org.activiti.engine.impl.persistence.entity.HistoricProcessInstanceEntity.insertHistoricProcessInstance  - ==&gt; Parameters: a6dde7f4-c6c9-11ed-aa5a-de215c025445(String), a6dde7f4-c6c9-11ed-aa5a-de215c025445(String), null, simpleProcess:1:a6dcaf6e-c6c9-11ed-aa5a-de215c025445(String), 2001-01-01 01:23:46.0(Timestamp), null, null, null, theStart(String), null, null, null, (String), null
10:48:10,890 [pool-23-thread-9] DEBUG org.activiti.engine.impl.history.DefaultHistoryManager  - Current history level: AUDIT, level required: AUDIT
10:48:10,890 [pool-23-thread-3] DEBUG org.apache.ibatis.transaction.jdbc.JdbcTransaction  - Closing JDBC Connection [conn146: url=jdbc:h2:mem:activiti-uuid-generator-test user=SA]
10:48:10,890 [pool-23-thread-3] DEBUG org.apache.ibatis.datasource.pooled.PooledDataSource  - Returned connection 88071124 to pool.
10:48:10,890 [pool-23-thread-3] DEBUG org.activiti.engine.impl.interceptor.LogInterceptor  - --- StartProcessInstanceCmd finished --------------------------------------------------------
10:48:10,890 [pool-23-thread-3] DEBUG org.activiti.engine.impl.interceptor.LogInterceptor  - 

10:48:10,890 [pool-23-thread-4] DEBUG org.activiti.engine.impl.persistence.entity.HistoricProcessInstanceEntity.insertHistoricProcessInstance  - &lt;==    Updates: 1
10:48:10,890 [pool-23-thread-7] DEBUG org.activiti.engine.impl.persistence.entity.TaskEntity.insertTask  - ==&gt;  Preparing: insert into ACT_RU_TASK (ID_, REV_, NAME_, PARENT_TASK_ID_, DESCRIPTION_, PRIORITY_, CREATE_TIME_, OWNER_, ASSIGNEE_, DELEGATION_, EXECUTION_ID_, PROC_INST_ID_, PROC_DEF_ID_, TASK_DEF_KEY_, DUE_DATE_, CATEGORY_, SUSPENSION_STATE_, TENANT_ID_, FORM_KEY_) values (?, 1, ?, ?, ?, ?, ?, ?, ?, ?, ?, ?, ?, ?, ?, ?, ?, ?, ? ) 
10:48:10,890 [pool-23-thread-8] DEBUG org.activiti.engine.impl.persistence.entity.HistoricProcessInstanceEntity.insertHistoricProcessInstance  - ==&gt; Parameters: a6de3618-c6c9-11ed-aa5a-de215c025445(String), a6de3618-c6c9-11ed-aa5a-de215c025445(String), null, simpleProcess:1:a6dcaf6e-c6c9-11ed-aa5a-de215c025445(String), 2001-01-01 01:23:46.0(Timestamp), null, null, null, theStart(String), null, null, null, (String), null
10:48:10,891 [pool-23-thread-7] DEBUG org.activiti.engine.impl.persistence.entity.TaskEntity.insertTask  - ==&gt; Parameters: a6df6db4-c6c9-11ed-aa5a-de215c025445(String), null, null, null, 50(Integer), 2001-01-01 01:23:46.0(Timestamp), null, null, null, a6de361a-c6c9-11ed-aa5a-de215c025445(String), a6de361a-c6c9-11ed-aa5a-de215c025445(String), simpleProcess:1:a6dcaf6e-c6c9-11ed-aa5a-de215c025445(String), task4(String), null, null, 1(Integer), (String), null
10:48:10,889 [pool-23-thread-10] DEBUG org.activiti.engine.impl.history.DefaultHistoryManager  - Current history level: AUDIT, level required: ACTIVITY
10:48:10,889 [pool-23-thread-2] DEBUG org.activiti.engine.impl.persistence.entity.HistoricProcessInstanceEntity.insertHistoricProcessInstance  - &lt;==    Updates: 1
10:48:10,891 [pool-23-thread-4] DEBUG org.activiti.engine.impl.persistence.entity.HistoricActivityInstanceEntity.bulkInsertHistoricActivityInstance  - ==&gt;  Preparing: insert into ACT_HI_ACTINST ( ID_, PROC_DEF_ID_, PROC_INST_ID_, EXECUTION_ID_, ACT_ID_, TASK_ID_, CALL_PROC_INST_ID_, ACT_NAME_, ACT_TYPE_, ASSIGNEE_, START_TIME_, END_TIME_, DURATION_, TENANT_ID_ ) values (?, ?, ?, ?, ?, ?, ?, ?, ?, ?, ?, ?, ?, ?) , (?, ?, ?, ?, ?, ?, ?, ?, ?, ?, ?, ?, ?, ?) , (?, ?, ?, ?, ?, ?, ?, ?, ?, ?, ?, ?, ?, ?) , (?, ?, ?, ?, ?, ?, ?, ?, ?, ?, ?, ?, ?, ?) , (?, ?, ?, ?, ?, ?, ?, ?, ?, ?, ?, ?, ?, ?) 
10:48:10,891 [pool-23-thread-10] DEBUG org.activiti.engine.impl.pvm.runtime.AtomicOperationTransitionNotifyListenerTake  - ProcessInstance[a6dde7f3-c6c9-11ed-aa5a-de215c025445] takes transition (task3)--flow4--&gt;(task4)
10:48:10,891 [pool-23-thread-7] DEBUG org.activiti.engine.impl.persistence.entity.TaskEntity.insertTask  - &lt;==    Updates: 1
10:48:10,891 [pool-23-thread-8] DEBUG org.activiti.engine.impl.persistence.entity.HistoricProcessInstanceEntity.insertHistoricProcessInstance  - &lt;==    Updates: 1
10:48:10,890 [pool-23-thread-3] DEBUG org.activiti.engine.impl.interceptor.LogInterceptor  - 

10:48:10,891 [pool-23-thread-3] DEBUG org.activiti.engine.impl.interceptor.LogInterceptor  - --- starting StartProcessInstanceCmd --------------------------------------------------------
10:48:10,890 [pool-23-thread-9] DEBUG org.activiti.engine.impl.history.DefaultHistoryManager  - Current history level: AUDIT, level required: AUDIT
10:48:10,890 [pool-23-thread-5] DEBUG org.activiti.engine.impl.persistence.entity.HistoricProcessInstanceEntity.insertHistoricProcessInstance  - &lt;==    Updates: 1
10:48:10,890 [pool-23-thread-6] DEBUG org.activiti.engine.impl.persistence.entity.HistoricActivityInstanceEntity.bulkInsertHistoricActivityInstance  - ==&gt;  Preparing: insert into ACT_HI_ACTINST ( ID_, PROC_DEF_ID_, PROC_INST_ID_, EXECUTION_ID_, ACT_ID_, TASK_ID_, CALL_PROC_INST_ID_, ACT_NAME_, ACT_TYPE_, ASSIGNEE_, START_TIME_, END_TIME_, DURATION_, TENANT_ID_ ) values (?, ?, ?, ?, ?, ?, ?, ?, ?, ?, ?, ?, ?, ?) , (?, ?, ?, ?, ?, ?, ?, ?, ?, ?, ?, ?, ?, ?) , (?, ?, ?, ?, ?, ?, ?, ?, ?, ?, ?, ?, ?, ?) , (?, ?, ?, ?, ?, ?, ?, ?, ?, ?, ?, ?, ?, ?) , (?, ?, ?, ?, ?, ?, ?, ?, ?, ?, ?, ?, ?, ?) 
10:48:10,890 [pool-23-thread-1] DEBUG org.activiti.engine.impl.history.DefaultHistoryManager  - Current history level: AUDIT, level required: ACTIVITY
10:48:10,891 [pool-23-thread-8] DEBUG org.activiti.engine.impl.persistence.entity.HistoricActivityInstanceEntity.bulkInsertHistoricActivityInstance  - ==&gt;  Preparing: insert into ACT_HI_ACTINST ( ID_, PROC_DEF_ID_, PROC_INST_ID_, EXECUTION_ID_, ACT_ID_, TASK_ID_, CALL_PROC_INST_ID_, ACT_NAME_, ACT_TYPE_, ASSIGNEE_, START_TIME_, END_TIME_, DURATION_, TENANT_ID_ ) values (?, ?, ?, ?, ?, ?, ?, ?, ?, ?, ?, ?, ?, ?) , (?, ?, ?, ?, ?, ?, ?, ?, ?, ?, ?, ?, ?, ?) , (?, ?, ?, ?, ?, ?, ?, ?, ?, ?, ?, ?, ?, ?) , (?, ?, ?, ?, ?, ?, ?, ?, ?, ?, ?, ?, ?, ?) , (?, ?, ?, ?, ?, ?, ?, ?, ?, ?, ?, ?, ?, ?) 
10:48:10,891 [pool-23-thread-9] DEBUG org.activiti.engine.impl.history.DefaultHistoryManager  - Current history level: AUDIT, level required: AUDIT
10:48:10,891 [pool-23-thread-3] DEBUG org.apache.ibatis.transaction.jdbc.JdbcTransaction  - Opening JDBC Connection
10:48:10,892 [pool-23-thread-3] DEBUG org.apache.ibatis.datasource.pooled.PooledDataSource  - Checked out connection 88071124 from pool.
10:48:10,891 [pool-23-thread-2] DEBUG org.activiti.engine.impl.persistence.entity.HistoricActivityInstanceEntity.bulkInsertHistoricActivityInstance  - ==&gt;  Preparing: insert into ACT_HI_ACTINST ( ID_, PROC_DEF_ID_, PROC_INST_ID_, EXECUTION_ID_, ACT_ID_, TASK_ID_, CALL_PROC_INST_ID_, ACT_NAME_, ACT_TYPE_, ASSIGNEE_, START_TIME_, END_TIME_, DURATION_, TENANT_ID_ ) values (?, ?, ?, ?, ?, ?, ?, ?, ?, ?, ?, ?, ?, ?) , (?, ?, ?, ?, ?, ?, ?, ?, ?, ?, ?, ?, ?, ?) , (?, ?, ?, ?, ?, ?, ?, ?, ?, ?, ?, ?, ?, ?) , (?, ?, ?, ?, ?, ?, ?, ?, ?, ?, ?, ?, ?, ?) , (?, ?, ?, ?, ?, ?, ?, ?, ?, ?, ?, ?, ?, ?) 
10:48:10,891 [pool-23-thread-4] DEBUG org.activiti.engine.impl.persistence.entity.HistoricActivityInstanceEntity.bulkInsertHistoricActivityInstance  - ==&gt; Parameters: a6de8342-c6c9-11ed-aa5a-de215c025445(String), simpleProcess:1:a6dcaf6e-c6c9-11ed-aa5a-de215c025445(String), a6de5d30-c6c9-11ed-aa5a-de215c025445(String), a6de5d30-c6c9-11ed-aa5a-de215c025445(String), theStart(String), null, null, null, startEvent(String), null, 2001-01-01 01:23:46.0(Timestamp), 2001-01-01 01:23:46.0(Timestamp), 0(Long), (String), a6df6db1-c6c9-11ed-aa5a-de215c025445(String), simpleProcess:1:a6dcaf6e-c6c9-11ed-aa5a-de215c025445(String), a6de5d30-c6c9-11ed-aa5a-de215c025445(String), a6de5d30-c6c9-11ed-aa5a-de215c025445(String), task1(String), null, null, null, manualTask(String), null, 2001-01-01 01:23:46.0(Timestamp), 2001-01-01 01:23:46.0(Timestamp), 0(Long), (String), a6dfbbdb-c6c9-11ed-aa5a-de215c025445(String), simpleProcess:1:a6dcaf6e-c6c9-11ed-aa5a-de215c025445(String), a6de5d30-c6c9-11ed-aa5a-de215c025445(String), a6de5d30-c6c9-11ed-aa5a-de215c025445(String), task2(String), null, null, null, manualTask(String), null, 2001-01-01 01:23:46.0(Timestamp), 2001-01-01 01:23:46.0(Timestamp), 0(Long), (String), a6e05823-c6c9-11ed-aa5a-de215c025445(String), simpleProcess:1:a6dcaf6e-c6c9-11ed-aa5a-de215c025445(String), a6de5d30-c6c9-11ed-aa5a-de215c025445(String), a6de5d30-c6c9-11ed-aa5a-de215c025445(String), task3(String), null, null, null, manualTask(String), null, 2001-01-01 01:23:46.0(Timestamp), 2001-01-01 01:23:46.0(Timestamp), 0(Long), (String), a6e07f38-c6c9-11ed-aa5a-de215c025445(String), simpleProcess:1:a6dcaf6e-c6c9-11ed-aa5a-de215c025445(String), a6de5d30-c6c9-11ed-aa5a-de215c025445(String), a6de5d30-c6c9-11ed-aa5a-de215c025445(String), task4(String), a6e07f3a-c6c9-11ed-aa5a-de215c025445(String), null, null, userTask(String), null, 2001-01-01 01:23:46.0(Timestamp), null, null, (String)
10:48:10,891 [pool-23-thread-7] DEBUG org.activiti.engine.impl.cfg.standalone.StandaloneMybatisTransactionContext  - firing event committing...
10:48:10,892 [pool-23-thread-7] DEBUG org.activiti.engine.impl.cfg.standalone.StandaloneMybatisTransactionContext  - committing the ibatis sql session...
10:48:10,892 [pool-23-thread-4] DEBUG org.activiti.engine.impl.persistence.entity.HistoricActivityInstanceEntity.bulkInsertHistoricActivityInstance  - &lt;==    Updates: 5
10:48:10,892 [pool-23-thread-4] DEBUG org.activiti.engine.impl.db.DbSqlSession  - inserting: ProcessInstance[a6de5d30-c6c9-11ed-aa5a-de215c025445]
10:48:10,891 [pool-23-thread-10] DEBUG org.activiti.engine.impl.history.DefaultHistoryManager  - Current history level: AUDIT, level required: ACTIVITY
10:48:10,892 [pool-23-thread-4] DEBUG org.activiti.engine.impl.persistence.entity.ExecutionEntity.insertExecution  - ==&gt;  Preparing: insert into ACT_RU_EXECUTION (ID_, REV_, PROC_INST_ID_, BUSINESS_KEY_, PROC_DEF_ID_, ACT_ID_, IS_ACTIVE_, IS_CONCURRENT_, IS_SCOPE_,IS_EVENT_SCOPE_, PARENT_ID_, SUPER_EXEC_, SUSPENSION_STATE_, CACHED_ENT_STATE_, TENANT_ID_, NAME_) values ( ?, 1, ?, ?, ?, ?, ?, ?, ?, ?, ?, ?, ?, ?, ?, ? ) 
10:48:10,892 [pool-23-thread-2] DEBUG org.activiti.engine.impl.persistence.entity.HistoricActivityInstanceEntity.bulkInsertHistoricActivityInstance  - ==&gt; Parameters: a6dde7f2-c6c9-11ed-aa5a-de215c025445(String), simpleProcess:1:a6dcaf6e-c6c9-11ed-aa5a-de215c025445(String), a6ddc0e0-c6c9-11ed-aa5a-de215c025445(String), a6ddc0e0-c6c9-11ed-aa5a-de215c025445(String), theStart(String), null, null, null, startEvent(String), null, 2001-01-01 01:23:46.0(Timestamp), 2001-01-01 01:23:46.0(Timestamp), 0(Long), (String), a6de8341-c6c9-11ed-aa5a-de215c025445(String), simpleProcess:1:a6dcaf6e-c6c9-11ed-aa5a-de215c025445(String), a6ddc0e0-c6c9-11ed-aa5a-de215c025445(String), a6ddc0e0-c6c9-11ed-aa5a-de215c025445(String), task1(String), null, null, null, manualTask(String), null, 2001-01-01 01:23:46.0(Timestamp), 2001-01-01 01:23:46.0(Timestamp), 0(Long), (String), a6ded166-c6c9-11ed-aa5a-de215c025445(String), simpleProcess:1:a6dcaf6e-c6c9-11ed-aa5a-de215c025445(String), a6ddc0e0-c6c9-11ed-aa5a-de215c025445(String), a6ddc0e0-c6c9-11ed-aa5a-de215c025445(String), task2(String), null, null, null, manualTask(String), null, 2001-01-01 01:23:46.0(Timestamp), 2001-01-01 01:23:46.0(Timestamp), 0(Long), (String), a6df6db3-c6c9-11ed-aa5a-de215c025445(String), simpleProcess:1:a6dcaf6e-c6c9-11ed-aa5a-de215c025445(String), a6ddc0e0-c6c9-11ed-aa5a-de215c025445(String), a6ddc0e0-c6c9-11ed-aa5a-de215c025445(String), task3(String), null, null, null, manualTask(String), null, 2001-01-01 01:23:46.0(Timestamp), 2001-01-01 01:23:46.0(Timestamp), 0(Long), (String), a6dfbbdc-c6c9-11ed-aa5a-de215c025445(String), simpleProcess:1:a6dcaf6e-c6c9-11ed-aa5a-de215c025445(String), a6ddc0e0-c6c9-11ed-aa5a-de215c025445(String), a6ddc0e0-c6c9-11ed-aa5a-de215c025445(String), task4(String), a6dfe2f0-c6c9-11ed-aa5a-de215c025445(String), null, null, userTask(String), null, 2001-01-01 01:23:46.0(Timestamp), null, null, (String)
10:48:10,892 [pool-23-thread-4] DEBUG org.activiti.engine.impl.persistence.entity.ExecutionEntity.insertExecution  - ==&gt; Parameters: a6de5d30-c6c9-11ed-aa5a-de215c025445(String), a6de5d30-c6c9-11ed-aa5a-de215c025445(String), null, simpleProcess:1:a6dcaf6e-c6c9-11ed-aa5a-de215c025445(String), task4(String), true(Boolean), false(Boolean), true(Boolean), false(Boolean), null, null, 1(Integer), 2(Integer), (String), null
10:48:10,892 [pool-23-thread-7] DEBUG org.apache.ibatis.transaction.jdbc.JdbcTransaction  - Committing JDBC Connection [conn150: url=jdbc:h2:mem:activiti-uuid-generator-test user=SA]
10:48:10,892 [pool-23-thread-8] DEBUG org.activiti.engine.impl.persistence.entity.HistoricActivityInstanceEntity.bulkInsertHistoricActivityInstance  - ==&gt; Parameters: a6de3619-c6c9-11ed-aa5a-de215c025445(String), simpleProcess:1:a6dcaf6e-c6c9-11ed-aa5a-de215c025445(String), a6de3618-c6c9-11ed-aa5a-de215c025445(String), a6de3618-c6c9-11ed-aa5a-de215c025445(String), theStart(String), null, null, null, startEvent(String), null, 2001-01-01 01:23:46.0(Timestamp), 2001-01-01 01:23:46.0(Timestamp), 0(Long), (String), a6ded168-c6c9-11ed-aa5a-de215c025445(String), simpleProcess:1:a6dcaf6e-c6c9-11ed-aa5a-de215c025445(String), a6de3618-c6c9-11ed-aa5a-de215c025445(String), a6de3618-c6c9-11ed-aa5a-de215c025445(String), task1(String), null, null, null, manualTask(String), null, 2001-01-01 01:23:46.0(Timestamp), 2001-01-01 01:23:46.0(Timestamp), 0(Long), (String), a6df94c8-c6c9-11ed-aa5a-de215c025445(String), simpleProcess:1:a6dcaf6e-c6c9-11ed-aa5a-de215c025445(String), a6de3618-c6c9-11ed-aa5a-de215c025445(String), a6de3618-c6c9-11ed-aa5a-de215c025445(String), task2(String), null, null, null, manualTask(String), null, 2001-01-01 01:23:46.0(Timestamp), 2001-01-01 01:23:46.0(Timestamp), 0(Long), (String), a6dfe2ef-c6c9-11ed-aa5a-de215c025445(String), simpleProcess:1:a6dcaf6e-c6c9-11ed-aa5a-de215c025445(String), a6de3618-c6c9-11ed-aa5a-de215c025445(String), a6de3618-c6c9-11ed-aa5a-de215c025445(String), task3(String), null, null, null, manualTask(String), null, 2001-01-01 01:23:46.0(Timestamp), 2001-01-01 01:23:46.0(Timestamp), 0(Long), (String), a6e07f39-c6c9-11ed-aa5a-de215c025445(String), simpleProcess:1:a6dcaf6e-c6c9-11ed-aa5a-de215c025445(String), a6de3618-c6c9-11ed-aa5a-de215c025445(String), a6de3618-c6c9-11ed-aa5a-de215c025445(String), task4(String), a6e0a64e-c6c9-11ed-aa5a-de215c025445(String), null, null, userTask(String), null, 2001-01-01 01:23:46.0(Timestamp), null, null, (String)
10:48:10,892 [pool-23-thread-3] DEBUG org.apache.ibatis.transaction.jdbc.JdbcTransaction  - Setting autocommit to false on JDBC Connection [conn146: url=jdbc:h2:mem:activiti-uuid-generator-test user=SA]
10:48:10,892 [pool-23-thread-7] DEBUG org.activiti.engine.impl.cfg.standalone.StandaloneMybatisTransactionContext  - firing event committed...
10:48:10,892 [pool-23-thread-7] DEBUG org.apache.ibatis.transaction.jdbc.JdbcTransaction  - Resetting autocommit to true on JDBC Connection [conn150: url=jdbc:h2:mem:activiti-uuid-generator-test user=SA]
10:48:10,893 [pool-23-thread-7] DEBUG org.apache.ibatis.transaction.jdbc.JdbcTransaction  - Closing JDBC Connection [conn150: url=jdbc:h2:mem:activiti-uuid-generator-test user=SA]
10:48:10,893 [pool-23-thread-7] DEBUG org.apache.ibatis.datasource.pooled.PooledDataSource  - Returned connection 2049392199 to pool.
10:48:10,892 [pool-23-thread-9] DEBUG org.activiti.engine.impl.history.DefaultHistoryManager  - Current history level: AUDIT, level required: ACTIVITY
10:48:10,892 [pool-23-thread-5] DEBUG org.activiti.engine.impl.persistence.entity.HistoricActivityInstanceEntity.bulkInsertHistoricActivityInstance  - ==&gt;  Preparing: insert into ACT_HI_ACTINST ( ID_, PROC_DEF_ID_, PROC_INST_ID_, EXECUTION_ID_, ACT_ID_, TASK_ID_, CALL_PROC_INST_ID_, ACT_NAME_, ACT_TYPE_, ASSIGNEE_, START_TIME_, END_TIME_, DURATION_, TENANT_ID_ ) values (?, ?, ?, ?, ?, ?, ?, ?, ?, ?, ?, ?, ?, ?) , (?, ?, ?, ?, ?, ?, ?, ?, ?, ?, ?, ?, ?, ?) , (?, ?, ?, ?, ?, ?, ?, ?, ?, ?, ?, ?, ?, ?) , (?, ?, ?, ?, ?, ?, ?, ?, ?, ?, ?, ?, ?, ?) , (?, ?, ?, ?, ?, ?, ?, ?, ?, ?, ?, ?, ?, ?) 
10:48:10,892 [pool-23-thread-6] DEBUG org.activiti.engine.impl.persistence.entity.HistoricActivityInstanceEntity.bulkInsertHistoricActivityInstance  - ==&gt; Parameters: a6de5d2c-c6c9-11ed-aa5a-de215c025445(String), simpleProcess:1:a6dcaf6e-c6c9-11ed-aa5a-de215c025445(String), a6de0f06-c6c9-11ed-aa5a-de215c025445(String), a6de0f06-c6c9-11ed-aa5a-de215c025445(String), theStart(String), null, null, null, startEvent(String), null, 2001-01-01 01:23:46.0(Timestamp), 2001-01-01 01:23:46.0(Timestamp), 0(Long), (String), a6df1f8c-c6c9-11ed-aa5a-de215c025445(String), simpleProcess:1:a6dcaf6e-c6c9-11ed-aa5a-de215c025445(String), a6de0f06-c6c9-11ed-aa5a-de215c025445(String), a6de0f06-c6c9-11ed-aa5a-de215c025445(String), task1(String), null, null, null, manualTask(String), null, 2001-01-01 01:23:46.0(Timestamp), 2001-01-01 01:23:46.0(Timestamp), 0(Long), (String), a6df94ca-c6c9-11ed-aa5a-de215c025445(String), simpleProcess:1:a6dcaf6e-c6c9-11ed-aa5a-de215c025445(String), a6de0f06-c6c9-11ed-aa5a-de215c025445(String), a6de0f06-c6c9-11ed-aa5a-de215c025445(String), task2(String), null, null, null, manualTask(String), null, 2001-01-01 01:23:46.0(Timestamp), 2001-01-01 01:23:46.0(Timestamp), 0(Long), (String), a6dfbbdd-c6c9-11ed-aa5a-de215c025445(String), simpleProcess:1:a6dcaf6e-c6c9-11ed-aa5a-de215c025445(String), a6de0f06-c6c9-11ed-aa5a-de215c025445(String), a6de0f06-c6c9-11ed-aa5a-de215c025445(String), task3(String), null, null, null, manualTask(String), null, 2001-01-01 01:23:46.0(Timestamp), 2001-01-01 01:23:46.0(Timestamp), 0(Long), (String), a6e05824-c6c9-11ed-aa5a-de215c025445(String), simpleProcess:1:a6dcaf6e-c6c9-11ed-aa5a-de215c025445(String), a6de0f06-c6c9-11ed-aa5a-de215c025445(String), a6de0f06-c6c9-11ed-aa5a-de215c025445(String), task4(String), a6e05827-c6c9-11ed-aa5a-de215c025445(String), null, null, userTask(String), null, 2001-01-01 01:23:46.0(Timestamp), null, null, (String)
10:48:10,891 [pool-23-thread-1] DEBUG org.activiti.engine.impl.db.DbSqlSession  -   insert ProcessInstance[a6de5d2e-c6c9-11ed-aa5a-de215c025445]
10:48:10,893 [pool-23-thread-1] DEBUG org.activiti.engine.impl.db.DbSqlSession  -   insert HistoricProcessInstanceEntity[superProcessInstanceId=null]
10:48:10,893 [pool-23-thread-1] DEBUG org.activiti.engine.impl.db.DbSqlSession  -   insert Task[id=a6e0a64c-c6c9-11ed-aa5a-de215c025445, name=null]
10:48:10,893 [pool-23-thread-1] DEBUG org.activiti.engine.impl.db.DbSqlSession  -   insert HistoricTaskInstanceEntity[id=a6e0a64c-c6c9-11ed-aa5a-de215c025445, name=null]
10:48:10,893 [pool-23-thread-1] DEBUG org.activiti.engine.impl.db.DbSqlSession  -   insert HistoricActivityInstanceEntity[activityId=theStart, activityName=null]
10:48:10,893 [pool-23-thread-1] DEBUG org.activiti.engine.impl.db.DbSqlSession  -   insert HistoricActivityInstanceEntity[activityId=task1, activityName=null]
10:48:10,893 [pool-23-thread-1] DEBUG org.activiti.engine.impl.db.DbSqlSession  -   insert HistoricActivityInstanceEntity[activityId=task2, activityName=null]
10:48:10,893 [pool-23-thread-1] DEBUG org.activiti.engine.impl.db.DbSqlSession  -   insert HistoricActivityInstanceEntity[activityId=task3, activityName=null]
10:48:10,893 [pool-23-thread-1] DEBUG org.activiti.engine.impl.db.DbSqlSession  -   insert HistoricActivityInstanceEntity[activityId=task4, activityName=null]
10:48:10,893 [pool-23-thread-1] DEBUG org.activiti.engine.impl.db.DbSqlSession  - flush summary: 9 insert, 0 update, 0 delete.
10:48:10,893 [pool-23-thread-1] DEBUG org.activiti.engine.impl.db.DbSqlSession  - now executing flush...
10:48:10,893 [pool-23-thread-1] DEBUG org.activiti.engine.impl.db.DbSqlSession  - inserting: HistoricTaskInstanceEntity[id=a6e0a64c-c6c9-11ed-aa5a-de215c025445, name=null]
10:48:10,893 [pool-23-thread-5] DEBUG org.activiti.engine.impl.persistence.entity.HistoricActivityInstanceEntity.bulkInsertHistoricActivityInstance  - ==&gt; Parameters: a6de0f07-c6c9-11ed-aa5a-de215c025445(String), simpleProcess:1:a6dcaf6e-c6c9-11ed-aa5a-de215c025445(String), a6dde7f4-c6c9-11ed-aa5a-de215c025445(String), a6dde7f4-c6c9-11ed-aa5a-de215c025445(String), theStart(String), null, null, null, startEvent(String), null, 2001-01-01 01:23:46.0(Timestamp), 2001-01-01 01:23:46.0(Timestamp), 0(Long), (String), a6def879-c6c9-11ed-aa5a-de215c025445(String), simpleProcess:1:a6dcaf6e-c6c9-11ed-aa5a-de215c025445(String), a6dde7f4-c6c9-11ed-aa5a-de215c025445(String), a6dde7f4-c6c9-11ed-aa5a-de215c025445(String), task1(String), null, null, null, manualTask(String), null, 2001-01-01 01:23:46.0(Timestamp), 2001-01-01 01:23:46.0(Timestamp), 0(Long), (String), a6df6db6-c6c9-11ed-aa5a-de215c025445(String), simpleProcess:1:a6dcaf6e-c6c9-11ed-aa5a-de215c025445(String), a6dde7f4-c6c9-11ed-aa5a-de215c025445(String), a6dde7f4-c6c9-11ed-aa5a-de215c025445(String), task2(String), null, null, null, manualTask(String), null, 2001-01-01 01:23:46.0(Timestamp), 2001-01-01 01:23:46.0(Timestamp), 0(Long), (String), a6dfe2ee-c6c9-11ed-aa5a-de215c025445(String), simpleProcess:1:a6dcaf6e-c6c9-11ed-aa5a-de215c025445(String), a6dde7f4-c6c9-11ed-aa5a-de215c025445(String), a6dde7f4-c6c9-11ed-aa5a-de215c025445(String), task3(String), null, null, null, manualTask(String), null, 2001-01-01 01:23:46.0(Timestamp), 2001-01-01 01:23:46.0(Timestamp), 0(Long), (String), a6e05826-c6c9-11ed-aa5a-de215c025445(String), simpleProcess:1:a6dcaf6e-c6c9-11ed-aa5a-de215c025445(String), a6dde7f4-c6c9-11ed-aa5a-de215c025445(String), a6dde7f4-c6c9-11ed-aa5a-de215c025445(String), task4(String), a6e07f3b-c6c9-11ed-aa5a-de215c025445(String), null, null, userTask(String), null, 2001-01-01 01:23:46.0(Timestamp), null, null, (String)
10:48:10,893 [pool-23-thread-9] DEBUG org.activiti.engine.impl.db.DbSqlSession  -   insert ProcessInstance[a6de8343-c6c9-11ed-aa5a-de215c025445]
10:48:10,893 [pool-23-thread-9] DEBUG org.activiti.engine.impl.db.DbSqlSession  -   insert HistoricProcessInstanceEntity[superProcessInstanceId=null]
10:48:10,893 [pool-23-thread-9] DEBUG org.activiti.engine.impl.db.DbSqlSession  -   insert Task[id=a6e169a1-c6c9-11ed-aa5a-de215c025445, name=null]
10:48:10,893 [pool-23-thread-9] DEBUG org.activiti.engine.impl.db.DbSqlSession  -   insert HistoricTaskInstanceEntity[id=a6e169a1-c6c9-11ed-aa5a-de215c025445, name=null]
10:48:10,893 [pool-23-thread-9] DEBUG org.activiti.engine.impl.db.DbSqlSession  -   insert HistoricActivityInstanceEntity[activityId=theStart, activityName=null]
10:48:10,893 [pool-23-thread-9] DEBUG org.activiti.engine.impl.db.DbSqlSession  -   insert HistoricActivityInstanceEntity[activityId=task1, activityName=null]
10:48:10,894 [pool-23-thread-9] DEBUG org.activiti.engine.impl.db.DbSqlSession  -   insert HistoricActivityInstanceEntity[activityId=task2, activityName=null]
10:48:10,894 [pool-23-thread-9] DEBUG org.activiti.engine.impl.db.DbSqlSession  -   insert HistoricActivityInstanceEntity[activityId=task3, activityName=null]
10:48:10,894 [pool-23-thread-9] DEBUG org.activiti.engine.impl.db.DbSqlSession  -   insert HistoricActivityInstanceEntity[activityId=task4, activityName=null]
10:48:10,894 [pool-23-thread-9] DEBUG org.activiti.engine.impl.db.DbSqlSession  - flush summary: 9 insert, 0 update, 0 delete.
10:48:10,894 [pool-23-thread-9] DEBUG org.activiti.engine.impl.db.DbSqlSession  - now executing flush...
10:48:10,894 [pool-23-thread-9] DEBUG org.activiti.engine.impl.db.DbSqlSession  - inserting: HistoricTaskInstanceEntity[id=a6e169a1-c6c9-11ed-aa5a-de215c025445, name=null]
10:48:10,893 [pool-23-thread-7] DEBUG org.activiti.engine.impl.interceptor.LogInterceptor  - --- StartProcessInstanceCmd finished --------------------------------------------------------
10:48:10,894 [pool-23-thread-7] DEBUG org.activiti.engine.impl.interceptor.LogInterceptor  - 

10:48:10,892 [pool-23-thread-8] DEBUG org.activiti.engine.impl.persistence.entity.HistoricActivityInstanceEntity.bulkInsertHistoricActivityInstance  - &lt;==    Updates: 5
10:48:10,894 [pool-23-thread-8] DEBUG org.activiti.engine.impl.db.DbSqlSession  - inserting: ProcessInstance[a6de3618-c6c9-11ed-aa5a-de215c025445]
10:48:10,892 [pool-23-thread-3] DEBUG org.activiti.engine.impl.persistence.entity.ProcessDefinitionEntity.selectLatestProcessDefinitionByKey  - ==&gt;  Preparing: select * from ACT_RE_PROCDEF where KEY_ = ? and (TENANT_ID_ = &apos;&apos; or TENANT_ID_ is null) and VERSION_ = (select max(VERSION_) from ACT_RE_PROCDEF where KEY_ = ? and (TENANT_ID_ = &apos;&apos; or TENANT_ID_ is null)) 
10:48:10,892 [pool-23-thread-4] DEBUG org.activiti.engine.impl.persistence.entity.ExecutionEntity.insertExecution  - &lt;==    Updates: 1
10:48:10,894 [pool-23-thread-4] DEBUG org.activiti.engine.impl.db.DbSqlSession  - inserting: Task[id=a6e07f3a-c6c9-11ed-aa5a-de215c025445, name=null]
10:48:10,894 [pool-23-thread-3] DEBUG org.activiti.engine.impl.persistence.entity.ProcessDefinitionEntity.selectLatestProcessDefinitionByKey  - ==&gt; Parameters: simpleProcess(String), simpleProcess(String)
10:48:10,892 [pool-23-thread-2] DEBUG org.activiti.engine.impl.persistence.entity.HistoricActivityInstanceEntity.bulkInsertHistoricActivityInstance  - &lt;==    Updates: 5
10:48:10,894 [pool-23-thread-2] DEBUG org.activiti.engine.impl.db.DbSqlSession  - inserting: ProcessInstance[a6ddc0e0-c6c9-11ed-aa5a-de215c025445]
10:48:10,892 [pool-23-thread-10] DEBUG org.activiti.engine.impl.pvm.runtime.AtomicOperationActivityExecute  - ProcessInstance[a6dde7f3-c6c9-11ed-aa5a-de215c025445] executes Activity(task4): org.activiti.engine.impl.bpmn.behavior.UserTaskActivityBehavior
10:48:10,894 [pool-23-thread-3] DEBUG org.activiti.engine.impl.persistence.entity.ProcessDefinitionEntity.selectLatestProcessDefinitionByKey  - &lt;==      Total: 1
10:48:10,894 [pool-23-thread-10] DEBUG org.activiti.engine.impl.persistence.entity.TaskEntity.selectTasksByExecutionId  - ==&gt;  Preparing: select distinct T.* from ACT_RU_TASK T where T.EXECUTION_ID_ = ? 
10:48:10,894 [pool-23-thread-2] DEBUG org.activiti.engine.impl.persistence.entity.ExecutionEntity.insertExecution  - ==&gt;  Preparing: insert into ACT_RU_EXECUTION (ID_, REV_, PROC_INST_ID_, BUSINESS_KEY_, PROC_DEF_ID_, ACT_ID_, IS_ACTIVE_, IS_CONCURRENT_, IS_SCOPE_,IS_EVENT_SCOPE_, PARENT_ID_, SUPER_EXEC_, SUSPENSION_STATE_, CACHED_ENT_STATE_, TENANT_ID_, NAME_) values ( ?, 1, ?, ?, ?, ?, ?, ?, ?, ?, ?, ?, ?, ?, ?, ? ) 
10:48:10,894 [pool-23-thread-4] DEBUG org.activiti.engine.impl.persistence.entity.TaskEntity.insertTask  - ==&gt;  Preparing: insert into ACT_RU_TASK (ID_, REV_, NAME_, PARENT_TASK_ID_, DESCRIPTION_, PRIORITY_, CREATE_TIME_, OWNER_, ASSIGNEE_, DELEGATION_, EXECUTION_ID_, PROC_INST_ID_, PROC_DEF_ID_, TASK_DEF_KEY_, DUE_DATE_, CATEGORY_, SUSPENSION_STATE_, TENANT_ID_, FORM_KEY_) values (?, 1, ?, ?, ?, ?, ?, ?, ?, ?, ?, ?, ?, ?, ?, ?, ?, ?, ? ) 
10:48:10,895 [pool-23-thread-10] DEBUG org.activiti.engine.impl.persistence.entity.TaskEntity.selectTasksByExecutionId  - ==&gt; Parameters: a6dde7f3-c6c9-11ed-aa5a-de215c025445(String)
10:48:10,894 [pool-23-thread-8] DEBUG org.activiti.engine.impl.persistence.entity.ExecutionEntity.insertExecution  - ==&gt;  Preparing: insert into ACT_RU_EXECUTION (ID_, REV_, PROC_INST_ID_, BUSINESS_KEY_, PROC_DEF_ID_, ACT_ID_, IS_ACTIVE_, IS_CONCURRENT_, IS_SCOPE_,IS_EVENT_SCOPE_, PARENT_ID_, SUPER_EXEC_, SUSPENSION_STATE_, CACHED_ENT_STATE_, TENANT_ID_, NAME_) values ( ?, 1, ?, ?, ?, ?, ?, ?, ?, ?, ?, ?, ?, ?, ?, ? ) 
10:48:10,894 [pool-23-thread-7] DEBUG org.activiti.engine.impl.interceptor.LogInterceptor  - 

10:48:10,895 [pool-23-thread-7] DEBUG org.activiti.engine.impl.interceptor.LogInterceptor  - --- starting StartProcessInstanceCmd --------------------------------------------------------
10:48:10,894 [pool-23-thread-9] DEBUG org.activiti.engine.impl.persistence.entity.HistoricTaskInstanceEntity.insertHistoricTaskInstance  - ==&gt;  Preparing: insert into ACT_HI_TASKINST ( ID_, PROC_DEF_ID_, PROC_INST_ID_, EXECUTION_ID_, NAME_, PARENT_TASK_ID_, DESCRIPTION_, OWNER_, ASSIGNEE_, START_TIME_, CLAIM_TIME_, END_TIME_, DURATION_, DELETE_REASON_, TASK_DEF_KEY_, FORM_KEY_, PRIORITY_, DUE_DATE_, CATEGORY_, TENANT_ID_ ) values ( ?, ?, ?, ?, ?, ?, ?, ?, ?, ?, ?, ?, ?, ?, ?, ?, ?, ?, ?, ? ) 
10:48:10,893 [pool-23-thread-5] DEBUG org.activiti.engine.impl.persistence.entity.HistoricActivityInstanceEntity.bulkInsertHistoricActivityInstance  - &lt;==    Updates: 5
10:48:10,895 [pool-23-thread-5] DEBUG org.activiti.engine.impl.db.DbSqlSession  - inserting: ProcessInstance[a6dde7f4-c6c9-11ed-aa5a-de215c025445]
10:48:10,893 [pool-23-thread-1] DEBUG org.activiti.engine.impl.persistence.entity.HistoricTaskInstanceEntity.insertHistoricTaskInstance  - ==&gt;  Preparing: insert into ACT_HI_TASKINST ( ID_, PROC_DEF_ID_, PROC_INST_ID_, EXECUTION_ID_, NAME_, PARENT_TASK_ID_, DESCRIPTION_, OWNER_, ASSIGNEE_, START_TIME_, CLAIM_TIME_, END_TIME_, DURATION_, DELETE_REASON_, TASK_DEF_KEY_, FORM_KEY_, PRIORITY_, DUE_DATE_, CATEGORY_, TENANT_ID_ ) values ( ?, ?, ?, ?, ?, ?, ?, ?, ?, ?, ?, ?, ?, ?, ?, ?, ?, ?, ?, ? ) 
10:48:10,893 [pool-23-thread-6] DEBUG org.activiti.engine.impl.persistence.entity.HistoricActivityInstanceEntity.bulkInsertHistoricActivityInstance  - &lt;==    Updates: 5
10:48:10,895 [pool-23-thread-1] DEBUG org.activiti.engine.impl.persistence.entity.HistoricTaskInstanceEntity.insertHistoricTaskInstance  - ==&gt; Parameters: a6e0a64c-c6c9-11ed-aa5a-de215c025445(String), simpleProcess:1:a6dcaf6e-c6c9-11ed-aa5a-de215c025445(String), a6de5d2e-c6c9-11ed-aa5a-de215c025445(String), a6de5d2e-c6c9-11ed-aa5a-de215c025445(String), null, null, null, null, null, 2001-01-01 01:23:46.0(Timestamp), null, null, null, null, task4(String), null, 50(Integer), null, null, (String)
10:48:10,895 [pool-23-thread-6] DEBUG org.activiti.engine.impl.db.DbSqlSession  - inserting: ProcessInstance[a6de0f06-c6c9-11ed-aa5a-de215c025445]
10:48:10,895 [pool-23-thread-5] DEBUG org.activiti.engine.impl.persistence.entity.ExecutionEntity.insertExecution  - ==&gt;  Preparing: insert into ACT_RU_EXECUTION (ID_, REV_, PROC_INST_ID_, BUSINESS_KEY_, PROC_DEF_ID_, ACT_ID_, IS_ACTIVE_, IS_CONCURRENT_, IS_SCOPE_,IS_EVENT_SCOPE_, PARENT_ID_, SUPER_EXEC_, SUSPENSION_STATE_, CACHED_ENT_STATE_, TENANT_ID_, NAME_) values ( ?, 1, ?, ?, ?, ?, ?, ?, ?, ?, ?, ?, ?, ?, ?, ? ) 
10:48:10,895 [pool-23-thread-9] DEBUG org.activiti.engine.impl.persistence.entity.HistoricTaskInstanceEntity.insertHistoricTaskInstance  - ==&gt; Parameters: a6e169a1-c6c9-11ed-aa5a-de215c025445(String), simpleProcess:1:a6dcaf6e-c6c9-11ed-aa5a-de215c025445(String), a6de8343-c6c9-11ed-aa5a-de215c025445(String), a6de8343-c6c9-11ed-aa5a-de215c025445(String), null, null, null, null, null, 2001-01-01 01:23:46.0(Timestamp), null, null, null, null, task4(String), null, 50(Integer), null, null, (String)
10:48:10,895 [pool-23-thread-7] DEBUG org.apache.ibatis.transaction.jdbc.JdbcTransaction  - Opening JDBC Connection
10:48:10,895 [pool-23-thread-7] DEBUG org.apache.ibatis.datasource.pooled.PooledDataSource  - Checked out connection 2049392199 from pool.
10:48:10,895 [pool-23-thread-7] DEBUG org.apache.ibatis.transaction.jdbc.JdbcTransaction  - Setting autocommit to false on JDBC Connection [conn150: url=jdbc:h2:mem:activiti-uuid-generator-test user=SA]
10:48:10,895 [pool-23-thread-8] DEBUG org.activiti.engine.impl.persistence.entity.ExecutionEntity.insertExecution  - ==&gt; Parameters: a6de3618-c6c9-11ed-aa5a-de215c025445(String), a6de3618-c6c9-11ed-aa5a-de215c025445(String), null, simpleProcess:1:a6dcaf6e-c6c9-11ed-aa5a-de215c025445(String), task4(String), true(Boolean), false(Boolean), true(Boolean), false(Boolean), null, null, 1(Integer), 2(Integer), (String), null
10:48:10,895 [pool-23-thread-10] DEBUG org.activiti.engine.impl.persistence.entity.TaskEntity.selectTasksByExecutionId  - &lt;==      Total: 0
10:48:10,895 [pool-23-thread-4] DEBUG org.activiti.engine.impl.persistence.entity.TaskEntity.insertTask  - ==&gt; Parameters: a6e07f3a-c6c9-11ed-aa5a-de215c025445(String), null, null, null, 50(Integer), 2001-01-01 01:23:46.0(Timestamp), null, null, null, a6de5d30-c6c9-11ed-aa5a-de215c025445(String), a6de5d30-c6c9-11ed-aa5a-de215c025445(String), simpleProcess:1:a6dcaf6e-c6c9-11ed-aa5a-de215c025445(String), task4(String), null, null, 1(Integer), (String), null
10:48:10,894 [pool-23-thread-2] DEBUG org.activiti.engine.impl.persistence.entity.ExecutionEntity.insertExecution  - ==&gt; Parameters: a6ddc0e0-c6c9-11ed-aa5a-de215c025445(String), a6ddc0e0-c6c9-11ed-aa5a-de215c025445(String), null, simpleProcess:1:a6dcaf6e-c6c9-11ed-aa5a-de215c025445(String), task4(String), true(Boolean), false(Boolean), true(Boolean), false(Boolean), null, null, 1(Integer), 2(Integer), (String), null
10:48:10,896 [pool-23-thread-8] DEBUG org.activiti.engine.impl.persistence.entity.ExecutionEntity.insertExecution  - &lt;==    Updates: 1
10:48:10,896 [pool-23-thread-8] DEBUG org.activiti.engine.impl.db.DbSqlSession  - inserting: Task[id=a6e0a64e-c6c9-11ed-aa5a-de215c025445, name=null]
10:48:10,894 [pool-23-thread-3] DEBUG org.activiti.engine.impl.persistence.entity.ExecutionEntity  - initializing ProcessInstance[a6e27b15-c6c9-11ed-aa5a-de215c025445]
10:48:10,896 [pool-23-thread-8] DEBUG org.activiti.engine.impl.persistence.entity.TaskEntity.insertTask  - ==&gt;  Preparing: insert into ACT_RU_TASK (ID_, REV_, NAME_, PARENT_TASK_ID_, DESCRIPTION_, PRIORITY_, CREATE_TIME_, OWNER_, ASSIGNEE_, DELEGATION_, EXECUTION_ID_, PROC_INST_ID_, PROC_DEF_ID_, TASK_DEF_KEY_, DUE_DATE_, CATEGORY_, SUSPENSION_STATE_, TENANT_ID_, FORM_KEY_) values (?, 1, ?, ?, ?, ?, ?, ?, ?, ?, ?, ?, ?, ?, ?, ?, ?, ?, ? ) 
10:48:10,896 [pool-23-thread-4] DEBUG org.activiti.engine.impl.persistence.entity.TaskEntity.insertTask  - &lt;==    Updates: 1
10:48:10,896 [pool-23-thread-2] DEBUG org.activiti.engine.impl.persistence.entity.ExecutionEntity.insertExecution  - &lt;==    Updates: 1
10:48:10,896 [pool-23-thread-2] DEBUG org.activiti.engine.impl.db.DbSqlSession  - inserting: Task[id=a6dfe2f0-c6c9-11ed-aa5a-de215c025445, name=null]
10:48:10,895 [pool-23-thread-10] DEBUG org.activiti.engine.impl.history.DefaultHistoryManager  - Current history level: AUDIT, level required: AUDIT
10:48:10,895 [pool-23-thread-9] DEBUG org.activiti.engine.impl.persistence.entity.HistoricTaskInstanceEntity.insertHistoricTaskInstance  - &lt;==    Updates: 1
10:48:10,896 [pool-23-thread-9] DEBUG org.activiti.engine.impl.db.DbSqlSession  - inserting: HistoricProcessInstanceEntity[superProcessInstanceId=null]
10:48:10,895 [pool-23-thread-7] DEBUG org.activiti.engine.impl.persistence.entity.ProcessDefinitionEntity.selectLatestProcessDefinitionByKey  - ==&gt;  Preparing: select * from ACT_RE_PROCDEF where KEY_ = ? and (TENANT_ID_ = &apos;&apos; or TENANT_ID_ is null) and VERSION_ = (select max(VERSION_) from ACT_RE_PROCDEF where KEY_ = ? and (TENANT_ID_ = &apos;&apos; or TENANT_ID_ is null)) 
10:48:10,895 [pool-23-thread-1] DEBUG org.activiti.engine.impl.persistence.entity.HistoricTaskInstanceEntity.insertHistoricTaskInstance  - &lt;==    Updates: 1
10:48:10,896 [pool-23-thread-1] DEBUG org.activiti.engine.impl.db.DbSqlSession  - inserting: HistoricProcessInstanceEntity[superProcessInstanceId=null]
10:48:10,895 [pool-23-thread-5] DEBUG org.activiti.engine.impl.persistence.entity.ExecutionEntity.insertExecution  - ==&gt; Parameters: a6dde7f4-c6c9-11ed-aa5a-de215c025445(String), a6dde7f4-c6c9-11ed-aa5a-de215c025445(String), null, simpleProcess:1:a6dcaf6e-c6c9-11ed-aa5a-de215c025445(String), task4(String), true(Boolean), false(Boolean), true(Boolean), false(Boolean), null, null, 1(Integer), 2(Integer), (String), null
10:48:10,896 [pool-23-thread-7] DEBUG org.activiti.engine.impl.persistence.entity.ProcessDefinitionEntity.selectLatestProcessDefinitionByKey  - ==&gt; Parameters: simpleProcess(String), simpleProcess(String)
10:48:10,895 [pool-23-thread-6] DEBUG org.activiti.engine.impl.persistence.entity.ExecutionEntity.insertExecution  - ==&gt;  Preparing: insert into ACT_RU_EXECUTION (ID_, REV_, PROC_INST_ID_, BUSINESS_KEY_, PROC_DEF_ID_, ACT_ID_, IS_ACTIVE_, IS_CONCURRENT_, IS_SCOPE_,IS_EVENT_SCOPE_, PARENT_ID_, SUPER_EXEC_, SUSPENSION_STATE_, CACHED_ENT_STATE_, TENANT_ID_, NAME_) values ( ?, 1, ?, ?, ?, ?, ?, ?, ?, ?, ?, ?, ?, ?, ?, ? ) 
10:48:10,896 [pool-23-thread-5] DEBUG org.activiti.engine.impl.persistence.entity.ExecutionEntity.insertExecution  - &lt;==    Updates: 1
10:48:10,896 [pool-23-thread-6] DEBUG org.activiti.engine.impl.persistence.entity.ExecutionEntity.insertExecution  - ==&gt; Parameters: a6de0f06-c6c9-11ed-aa5a-de215c025445(String), a6de0f06-c6c9-11ed-aa5a-de215c025445(String), null, simpleProcess:1:a6dcaf6e-c6c9-11ed-aa5a-de215c025445(String), task4(String), true(Boolean), false(Boolean), true(Boolean), false(Boolean), null, null, 1(Integer), 2(Integer), (String), null
10:48:10,896 [pool-23-thread-1] DEBUG org.activiti.engine.impl.persistence.entity.HistoricProcessInstanceEntity.insertHistoricProcessInstance  - ==&gt;  Preparing: insert into ACT_HI_PROCINST ( ID_, PROC_INST_ID_, BUSINESS_KEY_, PROC_DEF_ID_, START_TIME_, END_TIME_, DURATION_, START_USER_ID_, START_ACT_ID_, END_ACT_ID_, SUPER_PROCESS_INSTANCE_ID_, DELETE_REASON_, TENANT_ID_, NAME_ ) values ( ?, ?, ?, ?, ?, ?, ?, ?, ?, ?, ?, ?, ?, ? ) 
10:48:10,896 [pool-23-thread-9] DEBUG org.activiti.engine.impl.persistence.entity.HistoricProcessInstanceEntity.insertHistoricProcessInstance  - ==&gt;  Preparing: insert into ACT_HI_PROCINST ( ID_, PROC_INST_ID_, BUSINESS_KEY_, PROC_DEF_ID_, START_TIME_, END_TIME_, DURATION_, START_USER_ID_, START_ACT_ID_, END_ACT_ID_, SUPER_PROCESS_INSTANCE_ID_, DELETE_REASON_, TENANT_ID_, NAME_ ) values ( ?, ?, ?, ?, ?, ?, ?, ?, ?, ?, ?, ?, ?, ? ) 
10:48:10,896 [pool-23-thread-10] DEBUG org.activiti.engine.impl.history.DefaultHistoryManager  - Current history level: AUDIT, level required: AUDIT
10:48:10,896 [pool-23-thread-2] DEBUG org.activiti.engine.impl.persistence.entity.TaskEntity.insertTask  - ==&gt;  Preparing: insert into ACT_RU_TASK (ID_, REV_, NAME_, PARENT_TASK_ID_, DESCRIPTION_, PRIORITY_, CREATE_TIME_, OWNER_, ASSIGNEE_, DELEGATION_, EXECUTION_ID_, PROC_INST_ID_, PROC_DEF_ID_, TASK_DEF_KEY_, DUE_DATE_, CATEGORY_, SUSPENSION_STATE_, TENANT_ID_, FORM_KEY_) values (?, 1, ?, ?, ?, ?, ?, ?, ?, ?, ?, ?, ?, ?, ?, ?, ?, ?, ? ) 
10:48:10,896 [pool-23-thread-8] DEBUG org.activiti.engine.impl.persistence.entity.TaskEntity.insertTask  - ==&gt; Parameters: a6e0a64e-c6c9-11ed-aa5a-de215c025445(String), null, null, null, 50(Integer), 2001-01-01 01:23:46.0(Timestamp), null, null, null, a6de3618-c6c9-11ed-aa5a-de215c025445(String), a6de3618-c6c9-11ed-aa5a-de215c025445(String), simpleProcess:1:a6dcaf6e-c6c9-11ed-aa5a-de215c025445(String), task4(String), null, null, 1(Integer), (String), null
10:48:10,897 [pool-23-thread-2] DEBUG org.activiti.engine.impl.persistence.entity.TaskEntity.insertTask  - ==&gt; Parameters: a6dfe2f0-c6c9-11ed-aa5a-de215c025445(String), null, null, null, 50(Integer), 2001-01-01 01:23:46.0(Timestamp), null, null, null, a6ddc0e0-c6c9-11ed-aa5a-de215c025445(String), a6ddc0e0-c6c9-11ed-aa5a-de215c025445(String), simpleProcess:1:a6dcaf6e-c6c9-11ed-aa5a-de215c025445(String), task4(String), null, null, 1(Integer), (String), null
10:48:10,897 [pool-23-thread-8] DEBUG org.activiti.engine.impl.persistence.entity.TaskEntity.insertTask  - &lt;==    Updates: 1
10:48:10,897 [pool-23-thread-2] DEBUG org.activiti.engine.impl.persistence.entity.TaskEntity.insertTask  - &lt;==    Updates: 1
10:48:10,896 [pool-23-thread-4] DEBUG org.activiti.engine.impl.cfg.standalone.StandaloneMybatisTransactionContext  - firing event committing...
10:48:10,897 [pool-23-thread-4] DEBUG org.activiti.engine.impl.cfg.standalone.StandaloneMybatisTransactionContext  - committing the ibatis sql session...
10:48:10,897 [pool-23-thread-4] DEBUG org.apache.ibatis.transaction.jdbc.JdbcTransaction  - Committing JDBC Connection [conn155: url=jdbc:h2:mem:activiti-uuid-generator-test user=SA]
10:48:10,896 [pool-23-thread-3] DEBUG org.activiti.engine.impl.history.DefaultHistoryManager  - Current history level: AUDIT, level required: ACTIVITY
10:48:10,897 [pool-23-thread-2] DEBUG org.activiti.engine.impl.cfg.standalone.StandaloneMybatisTransactionContext  - firing event committing...
10:48:10,897 [pool-23-thread-3] DEBUG org.activiti.engine.impl.pvm.runtime.AtomicOperationActivityExecute  - ProcessInstance[a6e27b15-c6c9-11ed-aa5a-de215c025445] executes Activity(theStart): org.activiti.engine.impl.bpmn.behavior.NoneStartEventActivityBehavior
10:48:10,897 [pool-23-thread-8] DEBUG org.activiti.engine.impl.cfg.standalone.StandaloneMybatisTransactionContext  - firing event committing...
10:48:10,897 [pool-23-thread-8] DEBUG org.activiti.engine.impl.cfg.standalone.StandaloneMybatisTransactionContext  - committing the ibatis sql session...
10:48:10,897 [pool-23-thread-8] DEBUG org.apache.ibatis.transaction.jdbc.JdbcTransaction  - Committing JDBC Connection [conn152: url=jdbc:h2:mem:activiti-uuid-generator-test user=SA]
10:48:10,897 [pool-23-thread-10] DEBUG org.activiti.engine.impl.history.DefaultHistoryManager  - Current history level: AUDIT, level required: AUDIT
10:48:10,897 [pool-23-thread-9] DEBUG org.activiti.engine.impl.persistence.entity.HistoricProcessInstanceEntity.insertHistoricProcessInstance  - ==&gt; Parameters: a6de8343-c6c9-11ed-aa5a-de215c025445(String), a6de8343-c6c9-11ed-aa5a-de215c025445(String), null, simpleProcess:1:a6dcaf6e-c6c9-11ed-aa5a-de215c025445(String), 2001-01-01 01:23:46.0(Timestamp), null, null, null, theStart(String), null, null, null, (String), null
10:48:10,897 [pool-23-thread-1] DEBUG org.activiti.engine.impl.persistence.entity.HistoricProcessInstanceEntity.insertHistoricProcessInstance  - ==&gt; Parameters: a6de5d2e-c6c9-11ed-aa5a-de215c025445(String), a6de5d2e-c6c9-11ed-aa5a-de215c025445(String), null, simpleProcess:1:a6dcaf6e-c6c9-11ed-aa5a-de215c025445(String), 2001-01-01 01:23:46.0(Timestamp), null, null, null, theStart(String), null, null, null, (String), null
10:48:10,896 [pool-23-thread-6] DEBUG org.activiti.engine.impl.persistence.entity.ExecutionEntity.insertExecution  - &lt;==    Updates: 1
10:48:10,898 [pool-23-thread-6] DEBUG org.activiti.engine.impl.db.DbSqlSession  - inserting: Task[id=a6e05827-c6c9-11ed-aa5a-de215c025445, name=null]
10:48:10,896 [pool-23-thread-7] DEBUG org.activiti.engine.impl.persistence.entity.ProcessDefinitionEntity.selectLatestProcessDefinitionByKey  - &lt;==      Total: 1
10:48:10,896 [pool-23-thread-5] DEBUG org.activiti.engine.impl.db.DbSqlSession  - inserting: Task[id=a6e07f3b-c6c9-11ed-aa5a-de215c025445, name=null]
10:48:10,898 [pool-23-thread-7] DEBUG org.activiti.engine.impl.persistence.entity.ExecutionEntity  - initializing ProcessInstance[a6e31757-c6c9-11ed-aa5a-de215c025445]
10:48:10,898 [pool-23-thread-6] DEBUG org.activiti.engine.impl.persistence.entity.TaskEntity.insertTask  - ==&gt;  Preparing: insert into ACT_RU_TASK (ID_, REV_, NAME_, PARENT_TASK_ID_, DESCRIPTION_, PRIORITY_, CREATE_TIME_, OWNER_, ASSIGNEE_, DELEGATION_, EXECUTION_ID_, PROC_INST_ID_, PROC_DEF_ID_, TASK_DEF_KEY_, DUE_DATE_, CATEGORY_, SUSPENSION_STATE_, TENANT_ID_, FORM_KEY_) values (?, 1, ?, ?, ?, ?, ?, ?, ?, ?, ?, ?, ?, ?, ?, ?, ?, ?, ? ) 
10:48:10,898 [pool-23-thread-1] DEBUG org.activiti.engine.impl.persistence.entity.HistoricProcessInstanceEntity.insertHistoricProcessInstance  - &lt;==    Updates: 1
10:48:10,898 [pool-23-thread-9] DEBUG org.activiti.engine.impl.persistence.entity.HistoricProcessInstanceEntity.insertHistoricProcessInstance  - &lt;==    Updates: 1
10:48:10,897 [pool-23-thread-10] DEBUG org.activiti.engine.impl.history.DefaultHistoryManager  - Current history level: AUDIT, level required: ACTIVITY
10:48:10,897 [pool-23-thread-8] DEBUG org.activiti.engine.impl.cfg.standalone.StandaloneMybatisTransactionContext  - firing event committed...
10:48:10,898 [pool-23-thread-8] DEBUG org.apache.ibatis.transaction.jdbc.JdbcTransaction  - Resetting autocommit to true on JDBC Connection [conn152: url=jdbc:h2:mem:activiti-uuid-generator-test user=SA]
10:48:10,898 [pool-23-thread-1] DEBUG org.activiti.engine.impl.persistence.entity.HistoricActivityInstanceEntity.bulkInsertHistoricActivityInstance  - ==&gt;  Preparing: insert into ACT_HI_ACTINST ( ID_, PROC_DEF_ID_, PROC_INST_ID_, EXECUTION_ID_, ACT_ID_, TASK_ID_, CALL_PROC_INST_ID_, ACT_NAME_, ACT_TYPE_, ASSIGNEE_, START_TIME_, END_TIME_, DURATION_, TENANT_ID_ ) values (?, ?, ?, ?, ?, ?, ?, ?, ?, ?, ?, ?, ?, ?) , (?, ?, ?, ?, ?, ?, ?, ?, ?, ?, ?, ?, ?, ?) , (?, ?, ?, ?, ?, ?, ?, ?, ?, ?, ?, ?, ?, ?) , (?, ?, ?, ?, ?, ?, ?, ?, ?, ?, ?, ?, ?, ?) , (?, ?, ?, ?, ?, ?, ?, ?, ?, ?, ?, ?, ?, ?) 
10:48:10,897 [pool-23-thread-3] DEBUG org.activiti.engine.impl.persistence.entity.JobEntity.selectJobsByExecutionId  - ==&gt;  Preparing: select * from ACT_RU_JOB J where J.EXECUTION_ID_ = ? 
10:48:10,898 [pool-23-thread-9] DEBUG org.activiti.engine.impl.persistence.entity.HistoricActivityInstanceEntity.bulkInsertHistoricActivityInstance  - ==&gt;  Preparing: insert into ACT_HI_ACTINST ( ID_, PROC_DEF_ID_, PROC_INST_ID_, EXECUTION_ID_, ACT_ID_, TASK_ID_, CALL_PROC_INST_ID_, ACT_NAME_, ACT_TYPE_, ASSIGNEE_, START_TIME_, END_TIME_, DURATION_, TENANT_ID_ ) values (?, ?, ?, ?, ?, ?, ?, ?, ?, ?, ?, ?, ?, ?) , (?, ?, ?, ?, ?, ?, ?, ?, ?, ?, ?, ?, ?, ?) , (?, ?, ?, ?, ?, ?, ?, ?, ?, ?, ?, ?, ?, ?) , (?, ?, ?, ?, ?, ?, ?, ?, ?, ?, ?, ?, ?, ?) , (?, ?, ?, ?, ?, ?, ?, ?, ?, ?, ?, ?, ?, ?) 
10:48:10,898 [pool-23-thread-3] DEBUG org.activiti.engine.impl.persistence.entity.JobEntity.selectJobsByExecutionId  - ==&gt; Parameters: a6e27b15-c6c9-11ed-aa5a-de215c025445(String)
10:48:10,897 [pool-23-thread-2] DEBUG org.activiti.engine.impl.cfg.standalone.StandaloneMybatisTransactionContext  - committing the ibatis sql session...
10:48:10,899 [pool-23-thread-2] DEBUG org.apache.ibatis.transaction.jdbc.JdbcTransaction  - Committing JDBC Connection [conn147: url=jdbc:h2:mem:activiti-uuid-generator-test user=SA]
10:48:10,897 [pool-23-thread-4] DEBUG org.activiti.engine.impl.cfg.standalone.StandaloneMybatisTransactionContext  - firing event committed...
10:48:10,899 [pool-23-thread-4] DEBUG org.apache.ibatis.transaction.jdbc.JdbcTransaction  - Resetting autocommit to true on JDBC Connection [conn155: url=jdbc:h2:mem:activiti-uuid-generator-test user=SA]
10:48:10,899 [pool-23-thread-4] DEBUG org.apache.ibatis.transaction.jdbc.JdbcTransaction  - Closing JDBC Connection [conn155: url=jdbc:h2:mem:activiti-uuid-generator-test user=SA]
10:48:10,899 [pool-23-thread-4] DEBUG org.apache.ibatis.datasource.pooled.PooledDataSource  - Returned connection 1225090506 to pool.
10:48:10,899 [pool-23-thread-4] DEBUG org.activiti.engine.impl.interceptor.LogInterceptor  - --- StartProcessInstanceCmd finished --------------------------------------------------------
10:48:10,899 [pool-23-thread-4] DEBUG org.activiti.engine.impl.interceptor.LogInterceptor  - 

10:48:10,899 [pool-23-thread-9] DEBUG org.activiti.engine.impl.persistence.entity.HistoricActivityInstanceEntity.bulkInsertHistoricActivityInstance  - ==&gt; Parameters: a6def87a-c6c9-11ed-aa5a-de215c025445(String), simpleProcess:1:a6dcaf6e-c6c9-11ed-aa5a-de215c025445(String), a6de8343-c6c9-11ed-aa5a-de215c025445(String), a6de8343-c6c9-11ed-aa5a-de215c025445(String), theStart(String), null, null, null, startEvent(String), null, 2001-01-01 01:23:46.0(Timestamp), 2001-01-01 01:23:46.0(Timestamp), 0(Long), (String), a6e00a01-c6c9-11ed-aa5a-de215c025445(String), simpleProcess:1:a6dcaf6e-c6c9-11ed-aa5a-de215c025445(String), a6de8343-c6c9-11ed-aa5a-de215c025445(String), a6de8343-c6c9-11ed-aa5a-de215c025445(String), task1(String), null, null, null, manualTask(String), null, 2001-01-01 01:23:46.0(Timestamp), 2001-01-01 01:23:46.0(Timestamp), 0(Long), (String), a6e00a02-c6c9-11ed-aa5a-de215c025445(String), simpleProcess:1:a6dcaf6e-c6c9-11ed-aa5a-de215c025445(String), a6de8343-c6c9-11ed-aa5a-de215c025445(String), a6de8343-c6c9-11ed-aa5a-de215c025445(String), task2(String), null, null, null, manualTask(String), null, 2001-01-01 01:23:46.0(Timestamp), 2001-01-01 01:23:46.0(Timestamp), 0(Long), (String), a6e0a64d-c6c9-11ed-aa5a-de215c025445(String), simpleProcess:1:a6dcaf6e-c6c9-11ed-aa5a-de215c025445(String), a6de8343-c6c9-11ed-aa5a-de215c025445(String), a6de8343-c6c9-11ed-aa5a-de215c025445(String), task3(String), null, null, null, manualTask(String), null, 2001-01-01 01:23:46.0(Timestamp), 2001-01-01 01:23:46.0(Timestamp), 0(Long), (String), a6e14290-c6c9-11ed-aa5a-de215c025445(String), simpleProcess:1:a6dcaf6e-c6c9-11ed-aa5a-de215c025445(String), a6de8343-c6c9-11ed-aa5a-de215c025445(String), a6de8343-c6c9-11ed-aa5a-de215c025445(String), task4(String), a6e169a1-c6c9-11ed-aa5a-de215c025445(String), null, null, userTask(String), null, 2001-01-01 01:23:46.0(Timestamp), null, null, (String)
10:48:10,898 [pool-23-thread-1] DEBUG org.activiti.engine.impl.persistence.entity.HistoricActivityInstanceEntity.bulkInsertHistoricActivityInstance  - ==&gt; Parameters: a6de5d2f-c6c9-11ed-aa5a-de215c025445(String), simpleProcess:1:a6dcaf6e-c6c9-11ed-aa5a-de215c025445(String), a6de5d2e-c6c9-11ed-aa5a-de215c025445(String), a6de5d2e-c6c9-11ed-aa5a-de215c025445(String), theStart(String), null, null, null, startEvent(String), null, 2001-01-01 01:23:46.0(Timestamp), 2001-01-01 01:23:46.0(Timestamp), 0(Long), (String), a6deaa54-c6c9-11ed-aa5a-de215c025445(String), simpleProcess:1:a6dcaf6e-c6c9-11ed-aa5a-de215c025445(String), a6de5d2e-c6c9-11ed-aa5a-de215c025445(String), a6de5d2e-c6c9-11ed-aa5a-de215c025445(String), task1(String), null, null, null, manualTask(String), null, 2001-01-01 01:23:46.0(Timestamp), 2001-01-01 01:23:46.0(Timestamp), 0(Long), (String), a6df469f-c6c9-11ed-aa5a-de215c025445(String), simpleProcess:1:a6dcaf6e-c6c9-11ed-aa5a-de215c025445(String), a6de5d2e-c6c9-11ed-aa5a-de215c025445(String), a6de5d2e-c6c9-11ed-aa5a-de215c025445(String), task2(String), null, null, null, manualTask(String), null, 2001-01-01 01:23:46.0(Timestamp), 2001-01-01 01:23:46.0(Timestamp), 0(Long), (String), a6df6db7-c6c9-11ed-aa5a-de215c025445(String), simpleProcess:1:a6dcaf6e-c6c9-11ed-aa5a-de215c025445(String), a6de5d2e-c6c9-11ed-aa5a-de215c025445(String), a6de5d2e-c6c9-11ed-aa5a-de215c025445(String), task3(String), null, null, null, manualTask(String), null, 2001-01-01 01:23:46.0(Timestamp), 2001-01-01 01:23:46.0(Timestamp), 0(Long), (String), a6e05825-c6c9-11ed-aa5a-de215c025445(String), simpleProcess:1:a6dcaf6e-c6c9-11ed-aa5a-de215c025445(String), a6de5d2e-c6c9-11ed-aa5a-de215c025445(String), a6de5d2e-c6c9-11ed-aa5a-de215c025445(String), task4(String), a6e0a64c-c6c9-11ed-aa5a-de215c025445(String), null, null, userTask(String), null, 2001-01-01 01:23:46.0(Timestamp), null, null, (String)
10:48:10,898 [pool-23-thread-3] DEBUG org.activiti.engine.impl.persistence.entity.JobEntity.selectJobsByExecutionId  - &lt;==      Total: 0
10:48:10,898 [pool-23-thread-8] DEBUG org.apache.ibatis.transaction.jdbc.JdbcTransaction  - Closing JDBC Connection [conn152: url=jdbc:h2:mem:activiti-uuid-generator-test user=SA]
10:48:10,899 [pool-23-thread-8] DEBUG org.apache.ibatis.datasource.pooled.PooledDataSource  - Returned connection 1865681564 to pool.
10:48:10,899 [pool-23-thread-8] DEBUG org.activiti.engine.impl.interceptor.LogInterceptor  - --- StartProcessInstanceCmd finished --------------------------------------------------------
10:48:10,899 [pool-23-thread-8] DEBUG org.activiti.engine.impl.interceptor.LogInterceptor  - 

10:48:10,898 [pool-23-thread-10] DEBUG org.activiti.engine.impl.db.DbSqlSession  -   insert ProcessInstance[a6dde7f3-c6c9-11ed-aa5a-de215c025445]
10:48:10,899 [pool-23-thread-10] DEBUG org.activiti.engine.impl.db.DbSqlSession  -   insert HistoricProcessInstanceEntity[superProcessInstanceId=null]
10:48:10,899 [pool-23-thread-10] DEBUG org.activiti.engine.impl.db.DbSqlSession  -   insert Task[id=a6e27b14-c6c9-11ed-aa5a-de215c025445, name=null]
10:48:10,899 [pool-23-thread-10] DEBUG org.activiti.engine.impl.db.DbSqlSession  -   insert HistoricTaskInstanceEntity[id=a6e27b14-c6c9-11ed-aa5a-de215c025445, name=null]
10:48:10,899 [pool-23-thread-10] DEBUG org.activiti.engine.impl.db.DbSqlSession  -   insert HistoricActivityInstanceEntity[activityId=theStart, activityName=null]
10:48:10,899 [pool-23-thread-10] DEBUG org.activiti.engine.impl.db.DbSqlSession  -   insert HistoricActivityInstanceEntity[activityId=task1, activityName=null]
10:48:10,899 [pool-23-thread-10] DEBUG org.activiti.engine.impl.db.DbSqlSession  -   insert HistoricActivityInstanceEntity[activityId=task2, activityName=null]
10:48:10,899 [pool-23-thread-10] DEBUG org.activiti.engine.impl.db.DbSqlSession  -   insert HistoricActivityInstanceEntity[activityId=task3, activityName=null]
10:48:10,899 [pool-23-thread-10] DEBUG org.activiti.engine.impl.db.DbSqlSession  -   insert HistoricActivityInstanceEntity[activityId=task4, activityName=null]
10:48:10,899 [pool-23-thread-10] DEBUG org.activiti.engine.impl.db.DbSqlSession  - flush summary: 9 insert, 0 update, 0 delete.
10:48:10,899 [pool-23-thread-10] DEBUG org.activiti.engine.impl.db.DbSqlSession  - now executing flush...
10:48:10,899 [pool-23-thread-10] DEBUG org.activiti.engine.impl.db.DbSqlSession  - inserting: HistoricTaskInstanceEntity[id=a6e27b14-c6c9-11ed-aa5a-de215c025445, name=null]
10:48:10,898 [pool-23-thread-6] DEBUG org.activiti.engine.impl.persistence.entity.TaskEntity.insertTask  - ==&gt; Parameters: a6e05827-c6c9-11ed-aa5a-de215c025445(String), null, null, null, 50(Integer), 2001-01-01 01:23:46.0(Timestamp), null, null, null, a6de0f06-c6c9-11ed-aa5a-de215c025445(String), a6de0f06-c6c9-11ed-aa5a-de215c025445(String), simpleProcess:1:a6dcaf6e-c6c9-11ed-aa5a-de215c025445(String), task4(String), null, null, 1(Integer), (String), null
10:48:10,898 [pool-23-thread-7] DEBUG org.activiti.engine.impl.history.DefaultHistoryManager  - Current history level: AUDIT, level required: ACTIVITY
10:48:10,898 [pool-23-thread-5] DEBUG org.activiti.engine.impl.persistence.entity.TaskEntity.insertTask  - ==&gt;  Preparing: insert into ACT_RU_TASK (ID_, REV_, NAME_, PARENT_TASK_ID_, DESCRIPTION_, PRIORITY_, CREATE_TIME_, OWNER_, ASSIGNEE_, DELEGATION_, EXECUTION_ID_, PROC_INST_ID_, PROC_DEF_ID_, TASK_DEF_KEY_, DUE_DATE_, CATEGORY_, SUSPENSION_STATE_, TENANT_ID_, FORM_KEY_) values (?, 1, ?, ?, ?, ?, ?, ?, ?, ?, ?, ?, ?, ?, ?, ?, ?, ?, ? ) 
10:48:10,900 [pool-23-thread-7] DEBUG org.activiti.engine.impl.pvm.runtime.AtomicOperationActivityExecute  - ProcessInstance[a6e31757-c6c9-11ed-aa5a-de215c025445] executes Activity(theStart): org.activiti.engine.impl.bpmn.behavior.NoneStartEventActivityBehavior
10:48:10,900 [pool-23-thread-5] DEBUG org.activiti.engine.impl.persistence.entity.TaskEntity.insertTask  - ==&gt; Parameters: a6e07f3b-c6c9-11ed-aa5a-de215c025445(String), null, null, null, 50(Integer), 2001-01-01 01:23:46.0(Timestamp), null, null, null, a6dde7f4-c6c9-11ed-aa5a-de215c025445(String), a6dde7f4-c6c9-11ed-aa5a-de215c025445(String), simpleProcess:1:a6dcaf6e-c6c9-11ed-aa5a-de215c025445(String), task4(String), null, null, 1(Integer), (String), null
10:48:10,900 [pool-23-thread-6] DEBUG org.activiti.engine.impl.persistence.entity.TaskEntity.insertTask  - &lt;==    Updates: 1
10:48:10,899 [pool-23-thread-10] DEBUG org.activiti.engine.impl.persistence.entity.HistoricTaskInstanceEntity.insertHistoricTaskInstance  - ==&gt;  Preparing: insert into ACT_HI_TASKINST ( ID_, PROC_DEF_ID_, PROC_INST_ID_, EXECUTION_ID_, NAME_, PARENT_TASK_ID_, DESCRIPTION_, OWNER_, ASSIGNEE_, START_TIME_, CLAIM_TIME_, END_TIME_, DURATION_, DELETE_REASON_, TASK_DEF_KEY_, FORM_KEY_, PRIORITY_, DUE_DATE_, CATEGORY_, TENANT_ID_ ) values ( ?, ?, ?, ?, ?, ?, ?, ?, ?, ?, ?, ?, ?, ?, ?, ?, ?, ?, ?, ? ) 
10:48:10,899 [pool-23-thread-8] DEBUG org.activiti.engine.impl.interceptor.LogInterceptor  - 

10:48:10,900 [pool-23-thread-8] DEBUG org.activiti.engine.impl.interceptor.LogInterceptor  - --- starting StartProcessInstanceCmd --------------------------------------------------------
10:48:10,899 [pool-23-thread-3] DEBUG org.activiti.engine.impl.bpmn.behavior.BpmnActivityBehavior  - Leaving activity &apos;theStart&apos;
10:48:10,900 [pool-23-thread-3] DEBUG org.activiti.engine.impl.history.DefaultHistoryManager  - Current history level: AUDIT, level required: ACTIVITY
10:48:10,900 [pool-23-thread-3] DEBUG org.activiti.engine.impl.pvm.runtime.AtomicOperationTransitionNotifyListenerTake  - ProcessInstance[a6e27b15-c6c9-11ed-aa5a-de215c025445] takes transition (theStart)--flow1--&gt;(task1)
10:48:10,900 [pool-23-thread-3] DEBUG org.activiti.engine.impl.history.DefaultHistoryManager  - Current history level: AUDIT, level required: ACTIVITY
10:48:10,900 [pool-23-thread-3] DEBUG org.activiti.engine.impl.pvm.runtime.AtomicOperationActivityExecute  - ProcessInstance[a6e27b15-c6c9-11ed-aa5a-de215c025445] executes Activity(task1): org.activiti.engine.impl.bpmn.behavior.ManualTaskActivityBehavior
10:48:10,899 [pool-23-thread-1] DEBUG org.activiti.engine.impl.persistence.entity.HistoricActivityInstanceEntity.bulkInsertHistoricActivityInstance  - &lt;==    Updates: 5
10:48:10,899 [pool-23-thread-9] DEBUG org.activiti.engine.impl.persistence.entity.HistoricActivityInstanceEntity.bulkInsertHistoricActivityInstance  - &lt;==    Updates: 5
10:48:10,900 [pool-23-thread-9] DEBUG org.activiti.engine.impl.db.DbSqlSession  - inserting: ProcessInstance[a6de8343-c6c9-11ed-aa5a-de215c025445]
10:48:10,900 [pool-23-thread-9] DEBUG org.activiti.engine.impl.persistence.entity.ExecutionEntity.insertExecution  - ==&gt;  Preparing: insert into ACT_RU_EXECUTION (ID_, REV_, PROC_INST_ID_, BUSINESS_KEY_, PROC_DEF_ID_, ACT_ID_, IS_ACTIVE_, IS_CONCURRENT_, IS_SCOPE_,IS_EVENT_SCOPE_, PARENT_ID_, SUPER_EXEC_, SUSPENSION_STATE_, CACHED_ENT_STATE_, TENANT_ID_, NAME_) values ( ?, 1, ?, ?, ?, ?, ?, ?, ?, ?, ?, ?, ?, ?, ?, ? ) 
10:48:10,899 [pool-23-thread-4] DEBUG org.activiti.engine.impl.interceptor.LogInterceptor  - 

10:48:10,900 [pool-23-thread-4] DEBUG org.activiti.engine.impl.interceptor.LogInterceptor  - --- starting StartProcessInstanceCmd --------------------------------------------------------
10:48:10,899 [pool-23-thread-2] DEBUG org.activiti.engine.impl.cfg.standalone.StandaloneMybatisTransactionContext  - firing event committed...
10:48:10,900 [pool-23-thread-2] DEBUG org.apache.ibatis.transaction.jdbc.JdbcTransaction  - Resetting autocommit to true on JDBC Connection [conn147: url=jdbc:h2:mem:activiti-uuid-generator-test user=SA]
10:48:10,900 [pool-23-thread-2] DEBUG org.apache.ibatis.transaction.jdbc.JdbcTransaction  - Closing JDBC Connection [conn147: url=jdbc:h2:mem:activiti-uuid-generator-test user=SA]
10:48:10,900 [pool-23-thread-4] DEBUG org.apache.ibatis.transaction.jdbc.JdbcTransaction  - Opening JDBC Connection
10:48:10,900 [pool-23-thread-9] DEBUG org.activiti.engine.impl.persistence.entity.ExecutionEntity.insertExecution  - ==&gt; Parameters: a6de8343-c6c9-11ed-aa5a-de215c025445(String), a6de8343-c6c9-11ed-aa5a-de215c025445(String), null, simpleProcess:1:a6dcaf6e-c6c9-11ed-aa5a-de215c025445(String), task4(String), true(Boolean), false(Boolean), true(Boolean), false(Boolean), null, null, 1(Integer), 2(Integer), (String), null
10:48:10,901 [pool-23-thread-9] DEBUG org.activiti.engine.impl.persistence.entity.ExecutionEntity.insertExecution  - &lt;==    Updates: 1
10:48:10,901 [pool-23-thread-9] DEBUG org.activiti.engine.impl.db.DbSqlSession  - inserting: Task[id=a6e169a1-c6c9-11ed-aa5a-de215c025445, name=null]
10:48:10,900 [pool-23-thread-1] DEBUG org.activiti.engine.impl.db.DbSqlSession  - inserting: ProcessInstance[a6de5d2e-c6c9-11ed-aa5a-de215c025445]
10:48:10,900 [pool-23-thread-3] DEBUG org.activiti.engine.impl.bpmn.behavior.BpmnActivityBehavior  - Leaving activity &apos;task1&apos;
10:48:10,901 [pool-23-thread-3] DEBUG org.activiti.engine.impl.history.DefaultHistoryManager  - Current history level: AUDIT, level required: ACTIVITY
10:48:10,901 [pool-23-thread-3] DEBUG org.activiti.engine.impl.pvm.runtime.AtomicOperationTransitionNotifyListenerTake  - ProcessInstance[a6e27b15-c6c9-11ed-aa5a-de215c025445] takes transition (task1)--flow2--&gt;(task2)
10:48:10,901 [pool-23-thread-3] DEBUG org.activiti.engine.impl.history.DefaultHistoryManager  - Current history level: AUDIT, level required: ACTIVITY
10:48:10,901 [pool-23-thread-3] DEBUG org.activiti.engine.impl.pvm.runtime.AtomicOperationActivityExecute  - ProcessInstance[a6e27b15-c6c9-11ed-aa5a-de215c025445] executes Activity(task2): org.activiti.engine.impl.bpmn.behavior.ManualTaskActivityBehavior
10:48:10,901 [pool-23-thread-3] DEBUG org.activiti.engine.impl.bpmn.behavior.BpmnActivityBehavior  - Leaving activity &apos;task2&apos;
10:48:10,901 [pool-23-thread-3] DEBUG org.activiti.engine.impl.history.DefaultHistoryManager  - Current history level: AUDIT, level required: ACTIVITY
10:48:10,901 [pool-23-thread-3] DEBUG org.activiti.engine.impl.pvm.runtime.AtomicOperationTransitionNotifyListenerTake  - ProcessInstance[a6e27b15-c6c9-11ed-aa5a-de215c025445] takes transition (task2)--flow3--&gt;(task3)
10:48:10,901 [pool-23-thread-3] DEBUG org.activiti.engine.impl.history.DefaultHistoryManager  - Current history level: AUDIT, level required: ACTIVITY
10:48:10,901 [pool-23-thread-3] DEBUG org.activiti.engine.impl.pvm.runtime.AtomicOperationActivityExecute  - ProcessInstance[a6e27b15-c6c9-11ed-aa5a-de215c025445] executes Activity(task3): org.activiti.engine.impl.bpmn.behavior.ManualTaskActivityBehavior
10:48:10,901 [pool-23-thread-3] DEBUG org.activiti.engine.impl.bpmn.behavior.BpmnActivityBehavior  - Leaving activity &apos;task3&apos;
10:48:10,901 [pool-23-thread-3] DEBUG org.activiti.engine.impl.history.DefaultHistoryManager  - Current history level: AUDIT, level required: ACTIVITY
10:48:10,901 [pool-23-thread-3] DEBUG org.activiti.engine.impl.pvm.runtime.AtomicOperationTransitionNotifyListenerTake  - ProcessInstance[a6e27b15-c6c9-11ed-aa5a-de215c025445] takes transition (task3)--flow4--&gt;(task4)
10:48:10,901 [pool-23-thread-3] DEBUG org.activiti.engine.impl.history.DefaultHistoryManager  - Current history level: AUDIT, level required: ACTIVITY
10:48:10,901 [pool-23-thread-3] DEBUG org.activiti.engine.impl.pvm.runtime.AtomicOperationActivityExecute  - ProcessInstance[a6e27b15-c6c9-11ed-aa5a-de215c025445] executes Activity(task4): org.activiti.engine.impl.bpmn.behavior.UserTaskActivityBehavior
10:48:10,900 [pool-23-thread-8] DEBUG org.apache.ibatis.transaction.jdbc.JdbcTransaction  - Opening JDBC Connection
10:48:10,900 [pool-23-thread-10] DEBUG org.activiti.engine.impl.persistence.entity.HistoricTaskInstanceEntity.insertHistoricTaskInstance  - ==&gt; Parameters: a6e27b14-c6c9-11ed-aa5a-de215c025445(String), simpleProcess:1:a6dcaf6e-c6c9-11ed-aa5a-de215c025445(String), a6dde7f3-c6c9-11ed-aa5a-de215c025445(String), a6dde7f3-c6c9-11ed-aa5a-de215c025445(String), null, null, null, null, null, 2001-01-01 01:23:46.0(Timestamp), null, null, null, null, task4(String), null, 50(Integer), null, null, (String)
10:48:10,901 [pool-23-thread-10] DEBUG org.activiti.engine.impl.persistence.entity.HistoricTaskInstanceEntity.insertHistoricTaskInstance  - &lt;==    Updates: 1
10:48:10,901 [pool-23-thread-10] DEBUG org.activiti.engine.impl.db.DbSqlSession  - inserting: HistoricProcessInstanceEntity[superProcessInstanceId=null]
10:48:10,900 [pool-23-thread-6] DEBUG org.activiti.engine.impl.cfg.standalone.StandaloneMybatisTransactionContext  - firing event committing...
10:48:10,902 [pool-23-thread-6] DEBUG org.activiti.engine.impl.cfg.standalone.StandaloneMybatisTransactionContext  - committing the ibatis sql session...
10:48:10,902 [pool-23-thread-6] DEBUG org.apache.ibatis.transaction.jdbc.JdbcTransaction  - Committing JDBC Connection [conn154: url=jdbc:h2:mem:activiti-uuid-generator-test user=SA]
10:48:10,900 [pool-23-thread-5] DEBUG org.activiti.engine.impl.persistence.entity.TaskEntity.insertTask  - &lt;==    Updates: 1
10:48:10,902 [pool-23-thread-5] DEBUG org.activiti.engine.impl.cfg.standalone.StandaloneMybatisTransactionContext  - firing event committing...
10:48:10,902 [pool-23-thread-5] DEBUG org.activiti.engine.impl.cfg.standalone.StandaloneMybatisTransactionContext  - committing the ibatis sql session...
10:48:10,902 [pool-23-thread-5] DEBUG org.apache.ibatis.transaction.jdbc.JdbcTransaction  - Committing JDBC Connection [conn148: url=jdbc:h2:mem:activiti-uuid-generator-test user=SA]
10:48:10,900 [pool-23-thread-7] DEBUG org.activiti.engine.impl.persistence.entity.JobEntity.selectJobsByExecutionId  - ==&gt;  Preparing: select * from ACT_RU_JOB J where J.EXECUTION_ID_ = ? 
10:48:10,902 [pool-23-thread-5] DEBUG org.activiti.engine.impl.cfg.standalone.StandaloneMybatisTransactionContext  - firing event committed...
10:48:10,902 [pool-23-thread-5] DEBUG org.apache.ibatis.transaction.jdbc.JdbcTransaction  - Resetting autocommit to true on JDBC Connection [conn148: url=jdbc:h2:mem:activiti-uuid-generator-test user=SA]
10:48:10,902 [pool-23-thread-7] DEBUG org.activiti.engine.impl.persistence.entity.JobEntity.selectJobsByExecutionId  - ==&gt; Parameters: a6e31757-c6c9-11ed-aa5a-de215c025445(String)
10:48:10,902 [pool-23-thread-7] DEBUG org.activiti.engine.impl.persistence.entity.JobEntity.selectJobsByExecutionId  - &lt;==      Total: 0
10:48:10,902 [pool-23-thread-7] DEBUG org.activiti.engine.impl.bpmn.behavior.BpmnActivityBehavior  - Leaving activity &apos;theStart&apos;
10:48:10,902 [pool-23-thread-7] DEBUG org.activiti.engine.impl.history.DefaultHistoryManager  - Current history level: AUDIT, level required: ACTIVITY
10:48:10,902 [pool-23-thread-6] DEBUG org.activiti.engine.impl.cfg.standalone.StandaloneMybatisTransactionContext  - firing event committed...
10:48:10,902 [pool-23-thread-6] DEBUG org.apache.ibatis.transaction.jdbc.JdbcTransaction  - Resetting autocommit to true on JDBC Connection [conn154: url=jdbc:h2:mem:activiti-uuid-generator-test user=SA]
10:48:10,901 [pool-23-thread-10] DEBUG org.activiti.engine.impl.persistence.entity.HistoricProcessInstanceEntity.insertHistoricProcessInstance  - ==&gt;  Preparing: insert into ACT_HI_PROCINST ( ID_, PROC_INST_ID_, BUSINESS_KEY_, PROC_DEF_ID_, START_TIME_, END_TIME_, DURATION_, START_USER_ID_, START_ACT_ID_, END_ACT_ID_, SUPER_PROCESS_INSTANCE_ID_, DELETE_REASON_, TENANT_ID_, NAME_ ) values ( ?, ?, ?, ?, ?, ?, ?, ?, ?, ?, ?, ?, ?, ? ) 
10:48:10,901 [pool-23-thread-3] DEBUG org.activiti.engine.impl.persistence.entity.TaskEntity.selectTasksByExecutionId  - ==&gt;  Preparing: select distinct T.* from ACT_RU_TASK T where T.EXECUTION_ID_ = ? 
10:48:10,902 [pool-23-thread-3] DEBUG org.activiti.engine.impl.persistence.entity.TaskEntity.selectTasksByExecutionId  - ==&gt; Parameters: a6e27b15-c6c9-11ed-aa5a-de215c025445(String)
10:48:10,901 [pool-23-thread-1] DEBUG org.activiti.engine.impl.persistence.entity.ExecutionEntity.insertExecution  - ==&gt;  Preparing: insert into ACT_RU_EXECUTION (ID_, REV_, PROC_INST_ID_, BUSINESS_KEY_, PROC_DEF_ID_, ACT_ID_, IS_ACTIVE_, IS_CONCURRENT_, IS_SCOPE_,IS_EVENT_SCOPE_, PARENT_ID_, SUPER_EXEC_, SUSPENSION_STATE_, CACHED_ENT_STATE_, TENANT_ID_, NAME_) values ( ?, 1, ?, ?, ?, ?, ?, ?, ?, ?, ?, ?, ?, ?, ?, ? ) 
10:48:10,901 [pool-23-thread-9] DEBUG org.activiti.engine.impl.persistence.entity.TaskEntity.insertTask  - ==&gt;  Preparing: insert into ACT_RU_TASK (ID_, REV_, NAME_, PARENT_TASK_ID_, DESCRIPTION_, PRIORITY_, CREATE_TIME_, OWNER_, ASSIGNEE_, DELEGATION_, EXECUTION_ID_, PROC_INST_ID_, PROC_DEF_ID_, TASK_DEF_KEY_, DUE_DATE_, CATEGORY_, SUSPENSION_STATE_, TENANT_ID_, FORM_KEY_) values (?, 1, ?, ?, ?, ?, ?, ?, ?, ?, ?, ?, ?, ?, ?, ?, ?, ?, ? ) 
10:48:10,902 [pool-23-thread-1] DEBUG org.activiti.engine.impl.persistence.entity.ExecutionEntity.insertExecution  - ==&gt; Parameters: a6de5d2e-c6c9-11ed-aa5a-de215c025445(String), a6de5d2e-c6c9-11ed-aa5a-de215c025445(String), null, simpleProcess:1:a6dcaf6e-c6c9-11ed-aa5a-de215c025445(String), task4(String), true(Boolean), false(Boolean), true(Boolean), false(Boolean), null, null, 1(Integer), 2(Integer), (String), null
10:48:10,900 [pool-23-thread-2] DEBUG org.apache.ibatis.datasource.pooled.PooledDataSource  - Returned connection 391030253 to pool.
10:48:10,902 [pool-23-thread-1] DEBUG org.activiti.engine.impl.persistence.entity.ExecutionEntity.insertExecution  - &lt;==    Updates: 1
10:48:10,902 [pool-23-thread-1] DEBUG org.activiti.engine.impl.db.DbSqlSession  - inserting: Task[id=a6e0a64c-c6c9-11ed-aa5a-de215c025445, name=null]
10:48:10,902 [pool-23-thread-1] DEBUG org.activiti.engine.impl.persistence.entity.TaskEntity.insertTask  - ==&gt;  Preparing: insert into ACT_RU_TASK (ID_, REV_, NAME_, PARENT_TASK_ID_, DESCRIPTION_, PRIORITY_, CREATE_TIME_, OWNER_, ASSIGNEE_, DELEGATION_, EXECUTION_ID_, PROC_INST_ID_, PROC_DEF_ID_, TASK_DEF_KEY_, DUE_DATE_, CATEGORY_, SUSPENSION_STATE_, TENANT_ID_, FORM_KEY_) values (?, 1, ?, ?, ?, ?, ?, ?, ?, ?, ?, ?, ?, ?, ?, ?, ?, ?, ? ) 
10:48:10,902 [pool-23-thread-9] DEBUG org.activiti.engine.impl.persistence.entity.TaskEntity.insertTask  - ==&gt; Parameters: a6e169a1-c6c9-11ed-aa5a-de215c025445(String), null, null, null, 50(Integer), 2001-01-01 01:23:46.0(Timestamp), null, null, null, a6de8343-c6c9-11ed-aa5a-de215c025445(String), a6de8343-c6c9-11ed-aa5a-de215c025445(String), simpleProcess:1:a6dcaf6e-c6c9-11ed-aa5a-de215c025445(String), task4(String), null, null, 1(Integer), (String), null
10:48:10,902 [pool-23-thread-3] DEBUG org.activiti.engine.impl.persistence.entity.TaskEntity.selectTasksByExecutionId  - &lt;==      Total: 0
10:48:10,903 [pool-23-thread-3] DEBUG org.activiti.engine.impl.history.DefaultHistoryManager  - Current history level: AUDIT, level required: AUDIT
10:48:10,903 [pool-23-thread-3] DEBUG org.activiti.engine.impl.history.DefaultHistoryManager  - Current history level: AUDIT, level required: AUDIT
10:48:10,903 [pool-23-thread-3] DEBUG org.activiti.engine.impl.history.DefaultHistoryManager  - Current history level: AUDIT, level required: AUDIT
10:48:10,903 [pool-23-thread-3] DEBUG org.activiti.engine.impl.history.DefaultHistoryManager  - Current history level: AUDIT, level required: ACTIVITY
10:48:10,903 [pool-23-thread-3] DEBUG org.activiti.engine.impl.db.DbSqlSession  -   insert ProcessInstance[a6e27b15-c6c9-11ed-aa5a-de215c025445]
10:48:10,903 [pool-23-thread-3] DEBUG org.activiti.engine.impl.db.DbSqlSession  -   insert HistoricProcessInstanceEntity[superProcessInstanceId=null]
10:48:10,903 [pool-23-thread-3] DEBUG org.activiti.engine.impl.db.DbSqlSession  -   insert Task[id=a6e38c8d-c6c9-11ed-aa5a-de215c025445, name=null]
10:48:10,903 [pool-23-thread-3] DEBUG org.activiti.engine.impl.db.DbSqlSession  -   insert HistoricTaskInstanceEntity[id=a6e38c8d-c6c9-11ed-aa5a-de215c025445, name=null]
10:48:10,903 [pool-23-thread-3] DEBUG org.activiti.engine.impl.db.DbSqlSession  -   insert HistoricActivityInstanceEntity[activityId=theStart, activityName=null]
10:48:10,903 [pool-23-thread-3] DEBUG org.activiti.engine.impl.db.DbSqlSession  -   insert HistoricActivityInstanceEntity[activityId=task1, activityName=null]
10:48:10,903 [pool-23-thread-3] DEBUG org.activiti.engine.impl.db.DbSqlSession  -   insert HistoricActivityInstanceEntity[activityId=task2, activityName=null]
10:48:10,902 [pool-23-thread-10] DEBUG org.activiti.engine.impl.persistence.entity.HistoricProcessInstanceEntity.insertHistoricProcessInstance  - ==&gt; Parameters: a6dde7f3-c6c9-11ed-aa5a-de215c025445(String), a6dde7f3-c6c9-11ed-aa5a-de215c025445(String), null, simpleProcess:1:a6dcaf6e-c6c9-11ed-aa5a-de215c025445(String), 2001-01-01 01:23:46.0(Timestamp), null, null, null, theStart(String), null, null, null, (String), null
10:48:10,902 [pool-23-thread-6] DEBUG org.apache.ibatis.transaction.jdbc.JdbcTransaction  - Closing JDBC Connection [conn154: url=jdbc:h2:mem:activiti-uuid-generator-test user=SA]
10:48:10,902 [pool-23-thread-7] DEBUG org.activiti.engine.impl.pvm.runtime.AtomicOperationTransitionNotifyListenerTake  - ProcessInstance[a6e31757-c6c9-11ed-aa5a-de215c025445] takes transition (theStart)--flow1--&gt;(task1)
10:48:10,902 [pool-23-thread-5] DEBUG org.apache.ibatis.transaction.jdbc.JdbcTransaction  - Closing JDBC Connection [conn148: url=jdbc:h2:mem:activiti-uuid-generator-test user=SA]
10:48:10,903 [pool-23-thread-7] DEBUG org.activiti.engine.impl.history.DefaultHistoryManager  - Current history level: AUDIT, level required: ACTIVITY
10:48:10,903 [pool-23-thread-10] DEBUG org.activiti.engine.impl.persistence.entity.HistoricProcessInstanceEntity.insertHistoricProcessInstance  - &lt;==    Updates: 1
10:48:10,903 [pool-23-thread-3] DEBUG org.activiti.engine.impl.db.DbSqlSession  -   insert HistoricActivityInstanceEntity[activityId=task3, activityName=null]
10:48:10,903 [pool-23-thread-3] DEBUG org.activiti.engine.impl.db.DbSqlSession  -   insert HistoricActivityInstanceEntity[activityId=task4, activityName=null]
10:48:10,903 [pool-23-thread-3] DEBUG org.activiti.engine.impl.db.DbSqlSession  - flush summary: 9 insert, 0 update, 0 delete.
10:48:10,903 [pool-23-thread-3] DEBUG org.activiti.engine.impl.db.DbSqlSession  - now executing flush...
10:48:10,903 [pool-23-thread-3] DEBUG org.activiti.engine.impl.db.DbSqlSession  - inserting: HistoricTaskInstanceEntity[id=a6e38c8d-c6c9-11ed-aa5a-de215c025445, name=null]
10:48:10,903 [pool-23-thread-9] DEBUG org.activiti.engine.impl.persistence.entity.TaskEntity.insertTask  - &lt;==    Updates: 1
10:48:10,903 [pool-23-thread-9] DEBUG org.activiti.engine.impl.cfg.standalone.StandaloneMybatisTransactionContext  - firing event committing...
10:48:10,904 [pool-23-thread-9] DEBUG org.activiti.engine.impl.cfg.standalone.StandaloneMybatisTransactionContext  - committing the ibatis sql session...
10:48:10,904 [pool-23-thread-9] DEBUG org.apache.ibatis.transaction.jdbc.JdbcTransaction  - Committing JDBC Connection [conn153: url=jdbc:h2:mem:activiti-uuid-generator-test user=SA]
10:48:10,903 [pool-23-thread-1] DEBUG org.activiti.engine.impl.persistence.entity.TaskEntity.insertTask  - ==&gt; Parameters: a6e0a64c-c6c9-11ed-aa5a-de215c025445(String), null, null, null, 50(Integer), 2001-01-01 01:23:46.0(Timestamp), null, null, null, a6de5d2e-c6c9-11ed-aa5a-de215c025445(String), a6de5d2e-c6c9-11ed-aa5a-de215c025445(String), simpleProcess:1:a6dcaf6e-c6c9-11ed-aa5a-de215c025445(String), task4(String), null, null, 1(Integer), (String), null
10:48:10,902 [pool-23-thread-8] DEBUG org.apache.ibatis.datasource.pooled.PooledDataSource  - Checked out connection 1225090506 from pool.
10:48:10,904 [pool-23-thread-1] DEBUG org.activiti.engine.impl.persistence.entity.TaskEntity.insertTask  - &lt;==    Updates: 1
10:48:10,904 [pool-23-thread-1] DEBUG org.activiti.engine.impl.cfg.standalone.StandaloneMybatisTransactionContext  - firing event committing...
10:48:10,904 [pool-23-thread-1] DEBUG org.activiti.engine.impl.cfg.standalone.StandaloneMybatisTransactionContext  - committing the ibatis sql session...
10:48:10,902 [pool-23-thread-2] DEBUG org.activiti.engine.impl.interceptor.LogInterceptor  - --- StartProcessInstanceCmd finished --------------------------------------------------------
10:48:10,904 [pool-23-thread-2] DEBUG org.activiti.engine.impl.interceptor.LogInterceptor  - 

10:48:10,904 [pool-23-thread-1] DEBUG org.apache.ibatis.transaction.jdbc.JdbcTransaction  - Committing JDBC Connection [conn151: url=jdbc:h2:mem:activiti-uuid-generator-test user=SA]
10:48:10,904 [pool-23-thread-4] DEBUG org.apache.ibatis.datasource.pooled.PooledDataSource  - Checked out connection 1865681564 from pool.
10:48:10,904 [pool-23-thread-1] DEBUG org.activiti.engine.impl.cfg.standalone.StandaloneMybatisTransactionContext  - firing event committed...
10:48:10,904 [pool-23-thread-1] DEBUG org.apache.ibatis.transaction.jdbc.JdbcTransaction  - Resetting autocommit to true on JDBC Connection [conn151: url=jdbc:h2:mem:activiti-uuid-generator-test user=SA]
10:48:10,904 [pool-23-thread-1] DEBUG org.apache.ibatis.transaction.jdbc.JdbcTransaction  - Closing JDBC Connection [conn151: url=jdbc:h2:mem:activiti-uuid-generator-test user=SA]
10:48:10,904 [pool-23-thread-8] DEBUG org.apache.ibatis.transaction.jdbc.JdbcTransaction  - Setting autocommit to false on JDBC Connection [conn155: url=jdbc:h2:mem:activiti-uuid-generator-test user=SA]
10:48:10,904 [pool-23-thread-9] DEBUG org.activiti.engine.impl.cfg.standalone.StandaloneMybatisTransactionContext  - firing event committed...
10:48:10,904 [pool-23-thread-9] DEBUG org.apache.ibatis.transaction.jdbc.JdbcTransaction  - Resetting autocommit to true on JDBC Connection [conn153: url=jdbc:h2:mem:activiti-uuid-generator-test user=SA]
10:48:10,904 [pool-23-thread-9] DEBUG org.apache.ibatis.transaction.jdbc.JdbcTransaction  - Closing JDBC Connection [conn153: url=jdbc:h2:mem:activiti-uuid-generator-test user=SA]
10:48:10,904 [pool-23-thread-10] DEBUG org.activiti.engine.impl.persistence.entity.HistoricActivityInstanceEntity.bulkInsertHistoricActivityInstance  - ==&gt;  Preparing: insert into ACT_HI_ACTINST ( ID_, PROC_DEF_ID_, PROC_INST_ID_, EXECUTION_ID_, ACT_ID_, TASK_ID_, CALL_PROC_INST_ID_, ACT_NAME_, ACT_TYPE_, ASSIGNEE_, START_TIME_, END_TIME_, DURATION_, TENANT_ID_ ) values (?, ?, ?, ?, ?, ?, ?, ?, ?, ?, ?, ?, ?, ?) , (?, ?, ?, ?, ?, ?, ?, ?, ?, ?, ?, ?, ?, ?) , (?, ?, ?, ?, ?, ?, ?, ?, ?, ?, ?, ?, ?, ?) , (?, ?, ?, ?, ?, ?, ?, ?, ?, ?, ?, ?, ?, ?) , (?, ?, ?, ?, ?, ?, ?, ?, ?, ?, ?, ?, ?, ?) 
10:48:10,903 [pool-23-thread-3] DEBUG org.activiti.engine.impl.persistence.entity.HistoricTaskInstanceEntity.insertHistoricTaskInstance  - ==&gt;  Preparing: insert into ACT_HI_TASKINST ( ID_, PROC_DEF_ID_, PROC_INST_ID_, EXECUTION_ID_, NAME_, PARENT_TASK_ID_, DESCRIPTION_, OWNER_, ASSIGNEE_, START_TIME_, CLAIM_TIME_, END_TIME_, DURATION_, DELETE_REASON_, TASK_DEF_KEY_, FORM_KEY_, PRIORITY_, DUE_DATE_, CATEGORY_, TENANT_ID_ ) values ( ?, ?, ?, ?, ?, ?, ?, ?, ?, ?, ?, ?, ?, ?, ?, ?, ?, ?, ?, ? ) 
10:48:10,903 [pool-23-thread-7] DEBUG org.activiti.engine.impl.pvm.runtime.AtomicOperationActivityExecute  - ProcessInstance[a6e31757-c6c9-11ed-aa5a-de215c025445] executes Activity(task1): org.activiti.engine.impl.bpmn.behavior.ManualTaskActivityBehavior
10:48:10,904 [pool-23-thread-3] DEBUG org.activiti.engine.impl.persistence.entity.HistoricTaskInstanceEntity.insertHistoricTaskInstance  - ==&gt; Parameters: a6e38c8d-c6c9-11ed-aa5a-de215c025445(String), simpleProcess:1:a6dcaf6e-c6c9-11ed-aa5a-de215c025445(String), a6e27b15-c6c9-11ed-aa5a-de215c025445(String), a6e27b15-c6c9-11ed-aa5a-de215c025445(String), null, null, null, null, null, 2001-01-01 01:23:46.0(Timestamp), null, null, null, null, task4(String), null, 50(Integer), null, null, (String)
10:48:10,904 [pool-23-thread-8] DEBUG org.activiti.engine.impl.persistence.entity.ProcessDefinitionEntity.selectLatestProcessDefinitionByKey  - ==&gt;  Preparing: select * from ACT_RE_PROCDEF where KEY_ = ? and (TENANT_ID_ = &apos;&apos; or TENANT_ID_ is null) and VERSION_ = (select max(VERSION_) from ACT_RE_PROCDEF where KEY_ = ? and (TENANT_ID_ = &apos;&apos; or TENANT_ID_ is null)) 
10:48:10,904 [pool-23-thread-5] DEBUG org.apache.ibatis.datasource.pooled.PooledDataSource  - Returned connection 1099218109 to pool.
10:48:10,904 [pool-23-thread-4] DEBUG org.apache.ibatis.transaction.jdbc.JdbcTransaction  - Setting autocommit to false on JDBC Connection [conn152: url=jdbc:h2:mem:activiti-uuid-generator-test user=SA]
10:48:10,905 [pool-23-thread-8] DEBUG org.activiti.engine.impl.persistence.entity.ProcessDefinitionEntity.selectLatestProcessDefinitionByKey  - ==&gt; Parameters: simpleProcess(String), simpleProcess(String)
10:48:10,904 [pool-23-thread-2] DEBUG org.activiti.engine.impl.interceptor.LogInterceptor  - 

10:48:10,905 [pool-23-thread-2] DEBUG org.activiti.engine.impl.interceptor.LogInterceptor  - --- starting StartProcessInstanceCmd --------------------------------------------------------
10:48:10,905 [pool-23-thread-4] DEBUG org.activiti.engine.impl.persistence.entity.ProcessDefinitionEntity.selectLatestProcessDefinitionByKey  - ==&gt;  Preparing: select * from ACT_RE_PROCDEF where KEY_ = ? and (TENANT_ID_ = &apos;&apos; or TENANT_ID_ is null) and VERSION_ = (select max(VERSION_) from ACT_RE_PROCDEF where KEY_ = ? and (TENANT_ID_ = &apos;&apos; or TENANT_ID_ is null)) 
10:48:10,905 [pool-23-thread-5] DEBUG org.activiti.engine.impl.interceptor.LogInterceptor  - --- StartProcessInstanceCmd finished --------------------------------------------------------
10:48:10,905 [pool-23-thread-5] DEBUG org.activiti.engine.impl.interceptor.LogInterceptor  - 

10:48:10,905 [pool-23-thread-4] DEBUG org.activiti.engine.impl.persistence.entity.ProcessDefinitionEntity.selectLatestProcessDefinitionByKey  - ==&gt; Parameters: simpleProcess(String), simpleProcess(String)
10:48:10,905 [pool-23-thread-6] DEBUG org.apache.ibatis.datasource.pooled.PooledDataSource  - Returned connection 640090337 to pool.
10:48:10,904 [pool-23-thread-3] DEBUG org.activiti.engine.impl.persistence.entity.HistoricTaskInstanceEntity.insertHistoricTaskInstance  - &lt;==    Updates: 1
10:48:10,905 [pool-23-thread-3] DEBUG org.activiti.engine.impl.db.DbSqlSession  - inserting: HistoricProcessInstanceEntity[superProcessInstanceId=null]
10:48:10,904 [pool-23-thread-10] DEBUG org.activiti.engine.impl.persistence.entity.HistoricActivityInstanceEntity.bulkInsertHistoricActivityInstance  - ==&gt; Parameters: a6de0f05-c6c9-11ed-aa5a-de215c025445(String), simpleProcess:1:a6dcaf6e-c6c9-11ed-aa5a-de215c025445(String), a6dde7f3-c6c9-11ed-aa5a-de215c025445(String), a6dde7f3-c6c9-11ed-aa5a-de215c025445(String), theStart(String), null, null, null, startEvent(String), null, 2001-01-01 01:23:46.0(Timestamp), 2001-01-01 01:23:46.0(Timestamp), 0(Long), (String), a6df94c9-c6c9-11ed-aa5a-de215c025445(String), simpleProcess:1:a6dcaf6e-c6c9-11ed-aa5a-de215c025445(String), a6dde7f3-c6c9-11ed-aa5a-de215c025445(String), a6dde7f3-c6c9-11ed-aa5a-de215c025445(String), task1(String), null, null, null, manualTask(String), null, 2001-01-01 01:23:46.0(Timestamp), 2001-01-01 01:23:46.0(Timestamp), 0(Long), (String), a6e0a64f-c6c9-11ed-aa5a-de215c025445(String), simpleProcess:1:a6dcaf6e-c6c9-11ed-aa5a-de215c025445(String), a6dde7f3-c6c9-11ed-aa5a-de215c025445(String), a6dde7f3-c6c9-11ed-aa5a-de215c025445(String), task2(String), null, null, null, manualTask(String), null, 2001-01-01 01:23:46.0(Timestamp), 2001-01-01 01:23:46.0(Timestamp), 0(Long), (String), a6e190b2-c6c9-11ed-aa5a-de215c025445(String), simpleProcess:1:a6dcaf6e-c6c9-11ed-aa5a-de215c025445(String), a6dde7f3-c6c9-11ed-aa5a-de215c025445(String), a6dde7f3-c6c9-11ed-aa5a-de215c025445(String), task3(String), null, null, null, manualTask(String), null, 2001-01-01 01:23:46.0(Timestamp), 2001-01-01 01:23:46.0(Timestamp), 0(Long), (String), a6e22cf3-c6c9-11ed-aa5a-de215c025445(String), simpleProcess:1:a6dcaf6e-c6c9-11ed-aa5a-de215c025445(String), a6dde7f3-c6c9-11ed-aa5a-de215c025445(String), a6dde7f3-c6c9-11ed-aa5a-de215c025445(String), task4(String), a6e27b14-c6c9-11ed-aa5a-de215c025445(String), null, null, userTask(String), null, 2001-01-01 01:23:46.0(Timestamp), null, null, (String)
10:48:10,904 [pool-23-thread-7] DEBUG org.activiti.engine.impl.bpmn.behavior.BpmnActivityBehavior  - Leaving activity &apos;task1&apos;
10:48:10,905 [pool-23-thread-10] DEBUG org.activiti.engine.impl.persistence.entity.HistoricActivityInstanceEntity.bulkInsertHistoricActivityInstance  - &lt;==    Updates: 5
10:48:10,905 [pool-23-thread-10] DEBUG org.activiti.engine.impl.db.DbSqlSession  - inserting: ProcessInstance[a6dde7f3-c6c9-11ed-aa5a-de215c025445]
10:48:10,905 [pool-23-thread-7] DEBUG org.activiti.engine.impl.history.DefaultHistoryManager  - Current history level: AUDIT, level required: ACTIVITY
10:48:10,905 [pool-23-thread-3] DEBUG org.activiti.engine.impl.persistence.entity.HistoricProcessInstanceEntity.insertHistoricProcessInstance  - ==&gt;  Preparing: insert into ACT_HI_PROCINST ( ID_, PROC_INST_ID_, BUSINESS_KEY_, PROC_DEF_ID_, START_TIME_, END_TIME_, DURATION_, START_USER_ID_, START_ACT_ID_, END_ACT_ID_, SUPER_PROCESS_INSTANCE_ID_, DELETE_REASON_, TENANT_ID_, NAME_ ) values ( ?, ?, ?, ?, ?, ?, ?, ?, ?, ?, ?, ?, ?, ? ) 
10:48:10,905 [pool-23-thread-4] DEBUG org.activiti.engine.impl.persistence.entity.ProcessDefinitionEntity.selectLatestProcessDefinitionByKey  - &lt;==      Total: 1
10:48:10,905 [pool-23-thread-9] DEBUG org.apache.ibatis.datasource.pooled.PooledDataSource  - Returned connection 1805157850 to pool.
10:48:10,905 [pool-23-thread-6] DEBUG org.activiti.engine.impl.interceptor.LogInterceptor  - --- StartProcessInstanceCmd finished --------------------------------------------------------
10:48:10,905 [pool-23-thread-6] DEBUG org.activiti.engine.impl.interceptor.LogInterceptor  - 

10:48:10,905 [pool-23-thread-5] DEBUG org.activiti.engine.impl.interceptor.LogInterceptor  - 

10:48:10,906 [pool-23-thread-5] DEBUG org.activiti.engine.impl.interceptor.LogInterceptor  - --- starting StartProcessInstanceCmd --------------------------------------------------------
10:48:10,905 [pool-23-thread-8] DEBUG org.activiti.engine.impl.persistence.entity.ProcessDefinitionEntity.selectLatestProcessDefinitionByKey  - &lt;==      Total: 1
10:48:10,905 [pool-23-thread-2] DEBUG org.apache.ibatis.transaction.jdbc.JdbcTransaction  - Opening JDBC Connection
10:48:10,906 [pool-23-thread-8] DEBUG org.activiti.engine.impl.persistence.entity.ExecutionEntity  - initializing ProcessInstance[a6e44fe0-c6c9-11ed-aa5a-de215c025445]
10:48:10,906 [pool-23-thread-5] DEBUG org.apache.ibatis.transaction.jdbc.JdbcTransaction  - Opening JDBC Connection
10:48:10,906 [pool-23-thread-6] DEBUG org.activiti.engine.impl.interceptor.LogInterceptor  - 

10:48:10,906 [pool-23-thread-6] DEBUG org.activiti.engine.impl.interceptor.LogInterceptor  - --- starting StartProcessInstanceCmd --------------------------------------------------------
10:48:10,905 [pool-23-thread-1] DEBUG org.apache.ibatis.datasource.pooled.PooledDataSource  - Returned connection 2119021267 to pool.
10:48:10,905 [pool-23-thread-9] DEBUG org.activiti.engine.impl.interceptor.LogInterceptor  - --- StartProcessInstanceCmd finished --------------------------------------------------------
10:48:10,906 [pool-23-thread-9] DEBUG org.activiti.engine.impl.interceptor.LogInterceptor  - 

10:48:10,905 [pool-23-thread-4] DEBUG org.activiti.engine.impl.persistence.entity.ExecutionEntity  - initializing ProcessInstance[a6e428cf-c6c9-11ed-aa5a-de215c025445]
10:48:10,906 [pool-23-thread-4] DEBUG org.activiti.engine.impl.history.DefaultHistoryManager  - Current history level: AUDIT, level required: ACTIVITY
10:48:10,905 [pool-23-thread-3] DEBUG org.activiti.engine.impl.persistence.entity.HistoricProcessInstanceEntity.insertHistoricProcessInstance  - ==&gt; Parameters: a6e27b15-c6c9-11ed-aa5a-de215c025445(String), a6e27b15-c6c9-11ed-aa5a-de215c025445(String), null, simpleProcess:1:a6dcaf6e-c6c9-11ed-aa5a-de215c025445(String), 2001-01-01 01:23:46.0(Timestamp), null, null, null, theStart(String), null, null, null, (String), null
10:48:10,905 [pool-23-thread-7] DEBUG org.activiti.engine.impl.pvm.runtime.AtomicOperationTransitionNotifyListenerTake  - ProcessInstance[a6e31757-c6c9-11ed-aa5a-de215c025445] takes transition (task1)--flow2--&gt;(task2)
10:48:10,905 [pool-23-thread-10] DEBUG org.activiti.engine.impl.persistence.entity.ExecutionEntity.insertExecution  - ==&gt;  Preparing: insert into ACT_RU_EXECUTION (ID_, REV_, PROC_INST_ID_, BUSINESS_KEY_, PROC_DEF_ID_, ACT_ID_, IS_ACTIVE_, IS_CONCURRENT_, IS_SCOPE_,IS_EVENT_SCOPE_, PARENT_ID_, SUPER_EXEC_, SUSPENSION_STATE_, CACHED_ENT_STATE_, TENANT_ID_, NAME_) values ( ?, 1, ?, ?, ?, ?, ?, ?, ?, ?, ?, ?, ?, ?, ?, ? ) 
10:48:10,906 [pool-23-thread-7] DEBUG org.activiti.engine.impl.history.DefaultHistoryManager  - Current history level: AUDIT, level required: ACTIVITY
10:48:10,906 [pool-23-thread-10] DEBUG org.activiti.engine.impl.persistence.entity.ExecutionEntity.insertExecution  - ==&gt; Parameters: a6dde7f3-c6c9-11ed-aa5a-de215c025445(String), a6dde7f3-c6c9-11ed-aa5a-de215c025445(String), null, simpleProcess:1:a6dcaf6e-c6c9-11ed-aa5a-de215c025445(String), task4(String), true(Boolean), false(Boolean), true(Boolean), false(Boolean), null, null, 1(Integer), 2(Integer), (String), null
10:48:10,906 [pool-23-thread-3] DEBUG org.activiti.engine.impl.persistence.entity.HistoricProcessInstanceEntity.insertHistoricProcessInstance  - &lt;==    Updates: 1
10:48:10,906 [pool-23-thread-4] DEBUG org.activiti.engine.impl.pvm.runtime.AtomicOperationActivityExecute  - ProcessInstance[a6e428cf-c6c9-11ed-aa5a-de215c025445] executes Activity(theStart): org.activiti.engine.impl.bpmn.behavior.NoneStartEventActivityBehavior
10:48:10,906 [pool-23-thread-9] DEBUG org.activiti.engine.impl.interceptor.LogInterceptor  - 

10:48:10,906 [pool-23-thread-9] DEBUG org.activiti.engine.impl.interceptor.LogInterceptor  - --- starting StartProcessInstanceCmd --------------------------------------------------------
10:48:10,906 [pool-23-thread-5] DEBUG org.apache.ibatis.datasource.pooled.PooledDataSource  - Checked out connection 391030253 from pool.
10:48:10,906 [pool-23-thread-1] DEBUG org.activiti.engine.impl.interceptor.LogInterceptor  - --- StartProcessInstanceCmd finished --------------------------------------------------------
10:48:10,906 [pool-23-thread-1] DEBUG org.activiti.engine.impl.interceptor.LogInterceptor  - 

10:48:10,906 [pool-23-thread-6] DEBUG org.apache.ibatis.transaction.jdbc.JdbcTransaction  - Opening JDBC Connection
10:48:10,906 [pool-23-thread-8] DEBUG org.activiti.engine.impl.history.DefaultHistoryManager  - Current history level: AUDIT, level required: ACTIVITY
10:48:10,906 [pool-23-thread-3] DEBUG org.activiti.engine.impl.persistence.entity.HistoricActivityInstanceEntity.bulkInsertHistoricActivityInstance  - ==&gt;  Preparing: insert into ACT_HI_ACTINST ( ID_, PROC_DEF_ID_, PROC_INST_ID_, EXECUTION_ID_, ACT_ID_, TASK_ID_, CALL_PROC_INST_ID_, ACT_NAME_, ACT_TYPE_, ASSIGNEE_, START_TIME_, END_TIME_, DURATION_, TENANT_ID_ ) values (?, ?, ?, ?, ?, ?, ?, ?, ?, ?, ?, ?, ?, ?) , (?, ?, ?, ?, ?, ?, ?, ?, ?, ?, ?, ?, ?, ?) , (?, ?, ?, ?, ?, ?, ?, ?, ?, ?, ?, ?, ?, ?) , (?, ?, ?, ?, ?, ?, ?, ?, ?, ?, ?, ?, ?, ?) , (?, ?, ?, ?, ?, ?, ?, ?, ?, ?, ?, ?, ?, ?) 
10:48:10,906 [pool-23-thread-1] DEBUG org.activiti.engine.impl.interceptor.LogInterceptor  - 

10:48:10,907 [pool-23-thread-1] DEBUG org.activiti.engine.impl.interceptor.LogInterceptor  - --- starting StartProcessInstanceCmd --------------------------------------------------------
10:48:10,906 [pool-23-thread-2] DEBUG org.apache.ibatis.datasource.pooled.PooledDataSource  - Checked out connection 1099218109 from pool.
10:48:10,906 [pool-23-thread-5] DEBUG org.apache.ibatis.transaction.jdbc.JdbcTransaction  - Setting autocommit to false on JDBC Connection [conn147: url=jdbc:h2:mem:activiti-uuid-generator-test user=SA]
10:48:10,906 [pool-23-thread-9] DEBUG org.apache.ibatis.transaction.jdbc.JdbcTransaction  - Opening JDBC Connection
10:48:10,906 [pool-23-thread-4] DEBUG org.activiti.engine.impl.persistence.entity.JobEntity.selectJobsByExecutionId  - ==&gt;  Preparing: select * from ACT_RU_JOB J where J.EXECUTION_ID_ = ? 
10:48:10,906 [pool-23-thread-10] DEBUG org.activiti.engine.impl.persistence.entity.ExecutionEntity.insertExecution  - &lt;==    Updates: 1
10:48:10,907 [pool-23-thread-10] DEBUG org.activiti.engine.impl.db.DbSqlSession  - inserting: Task[id=a6e27b14-c6c9-11ed-aa5a-de215c025445, name=null]
10:48:10,906 [pool-23-thread-7] DEBUG org.activiti.engine.impl.pvm.runtime.AtomicOperationActivityExecute  - ProcessInstance[a6e31757-c6c9-11ed-aa5a-de215c025445] executes Activity(task2): org.activiti.engine.impl.bpmn.behavior.ManualTaskActivityBehavior
10:48:10,907 [pool-23-thread-10] DEBUG org.activiti.engine.impl.persistence.entity.TaskEntity.insertTask  - ==&gt;  Preparing: insert into ACT_RU_TASK (ID_, REV_, NAME_, PARENT_TASK_ID_, DESCRIPTION_, PRIORITY_, CREATE_TIME_, OWNER_, ASSIGNEE_, DELEGATION_, EXECUTION_ID_, PROC_INST_ID_, PROC_DEF_ID_, TASK_DEF_KEY_, DUE_DATE_, CATEGORY_, SUSPENSION_STATE_, TENANT_ID_, FORM_KEY_) values (?, 1, ?, ?, ?, ?, ?, ?, ?, ?, ?, ?, ?, ?, ?, ?, ?, ?, ? ) 
10:48:10,907 [pool-23-thread-4] DEBUG org.activiti.engine.impl.persistence.entity.JobEntity.selectJobsByExecutionId  - ==&gt; Parameters: a6e428cf-c6c9-11ed-aa5a-de215c025445(String)
10:48:10,907 [pool-23-thread-5] DEBUG org.activiti.engine.impl.persistence.entity.ProcessDefinitionEntity.selectLatestProcessDefinitionByKey  - ==&gt;  Preparing: select * from ACT_RE_PROCDEF where KEY_ = ? and (TENANT_ID_ = &apos;&apos; or TENANT_ID_ is null) and VERSION_ = (select max(VERSION_) from ACT_RE_PROCDEF where KEY_ = ? and (TENANT_ID_ = &apos;&apos; or TENANT_ID_ is null)) 
10:48:10,907 [pool-23-thread-6] DEBUG org.apache.ibatis.datasource.pooled.PooledDataSource  - Checked out connection 640090337 from pool.
10:48:10,907 [pool-23-thread-2] DEBUG org.apache.ibatis.transaction.jdbc.JdbcTransaction  - Setting autocommit to false on JDBC Connection [conn148: url=jdbc:h2:mem:activiti-uuid-generator-test user=SA]
10:48:10,907 [pool-23-thread-3] DEBUG org.activiti.engine.impl.persistence.entity.HistoricActivityInstanceEntity.bulkInsertHistoricActivityInstance  - ==&gt; Parameters: a6e2f046-c6c9-11ed-aa5a-de215c025445(String), simpleProcess:1:a6dcaf6e-c6c9-11ed-aa5a-de215c025445(String), a6e27b15-c6c9-11ed-aa5a-de215c025445(String), a6e27b15-c6c9-11ed-aa5a-de215c025445(String), theStart(String), null, null, null, startEvent(String), null, 2001-01-01 01:23:46.0(Timestamp), 2001-01-01 01:23:46.0(Timestamp), 0(Long), (String), a6e36579-c6c9-11ed-aa5a-de215c025445(String), simpleProcess:1:a6dcaf6e-c6c9-11ed-aa5a-de215c025445(String), a6e27b15-c6c9-11ed-aa5a-de215c025445(String), a6e27b15-c6c9-11ed-aa5a-de215c025445(String), task1(String), null, null, null, manualTask(String), null, 2001-01-01 01:23:46.0(Timestamp), 2001-01-01 01:23:46.0(Timestamp), 0(Long), (String), a6e38c8a-c6c9-11ed-aa5a-de215c025445(String), simpleProcess:1:a6dcaf6e-c6c9-11ed-aa5a-de215c025445(String), a6e27b15-c6c9-11ed-aa5a-de215c025445(String), a6e27b15-c6c9-11ed-aa5a-de215c025445(String), task2(String), null, null, null, manualTask(String), null, 2001-01-01 01:23:46.0(Timestamp), 2001-01-01 01:23:46.0(Timestamp), 0(Long), (String), a6e38c8b-c6c9-11ed-aa5a-de215c025445(String), simpleProcess:1:a6dcaf6e-c6c9-11ed-aa5a-de215c025445(String), a6e27b15-c6c9-11ed-aa5a-de215c025445(String), a6e27b15-c6c9-11ed-aa5a-de215c025445(String), task3(String), null, null, null, manualTask(String), null, 2001-01-01 01:23:46.0(Timestamp), 2001-01-01 01:23:46.0(Timestamp), 0(Long), (String), a6e38c8c-c6c9-11ed-aa5a-de215c025445(String), simpleProcess:1:a6dcaf6e-c6c9-11ed-aa5a-de215c025445(String), a6e27b15-c6c9-11ed-aa5a-de215c025445(String), a6e27b15-c6c9-11ed-aa5a-de215c025445(String), task4(String), a6e38c8d-c6c9-11ed-aa5a-de215c025445(String), null, null, userTask(String), null, 2001-01-01 01:23:46.0(Timestamp), null, null, (String)
10:48:10,907 [pool-23-thread-1] DEBUG org.apache.ibatis.transaction.jdbc.JdbcTransaction  - Opening JDBC Connection
10:48:10,907 [pool-23-thread-3] DEBUG org.activiti.engine.impl.persistence.entity.HistoricActivityInstanceEntity.bulkInsertHistoricActivityInstance  - &lt;==    Updates: 5
10:48:10,907 [pool-23-thread-8] DEBUG org.activiti.engine.impl.pvm.runtime.AtomicOperationActivityExecute  - ProcessInstance[a6e44fe0-c6c9-11ed-aa5a-de215c025445] executes Activity(theStart): org.activiti.engine.impl.bpmn.behavior.NoneStartEventActivityBehavior
10:48:10,907 [pool-23-thread-3] DEBUG org.activiti.engine.impl.db.DbSqlSession  - inserting: ProcessInstance[a6e27b15-c6c9-11ed-aa5a-de215c025445]
10:48:10,907 [pool-23-thread-2] DEBUG org.activiti.engine.impl.persistence.entity.ProcessDefinitionEntity.selectLatestProcessDefinitionByKey  - ==&gt;  Preparing: select * from ACT_RE_PROCDEF where KEY_ = ? and (TENANT_ID_ = &apos;&apos; or TENANT_ID_ is null) and VERSION_ = (select max(VERSION_) from ACT_RE_PROCDEF where KEY_ = ? and (TENANT_ID_ = &apos;&apos; or TENANT_ID_ is null)) 
10:48:10,907 [pool-23-thread-5] DEBUG org.activiti.engine.impl.persistence.entity.ProcessDefinitionEntity.selectLatestProcessDefinitionByKey  - ==&gt; Parameters: simpleProcess(String), simpleProcess(String)
10:48:10,907 [pool-23-thread-9] DEBUG org.apache.ibatis.datasource.pooled.PooledDataSource  - Checked out connection 1805157850 from pool.
10:48:10,907 [pool-23-thread-6] DEBUG org.apache.ibatis.transaction.jdbc.JdbcTransaction  - Setting autocommit to false on JDBC Connection [conn154: url=jdbc:h2:mem:activiti-uuid-generator-test user=SA]
10:48:10,907 [pool-23-thread-4] DEBUG org.activiti.engine.impl.persistence.entity.JobEntity.selectJobsByExecutionId  - &lt;==      Total: 0
10:48:10,908 [pool-23-thread-4] DEBUG org.activiti.engine.impl.bpmn.behavior.BpmnActivityBehavior  - Leaving activity &apos;theStart&apos;
10:48:10,907 [pool-23-thread-10] DEBUG org.activiti.engine.impl.persistence.entity.TaskEntity.insertTask  - ==&gt; Parameters: a6e27b14-c6c9-11ed-aa5a-de215c025445(String), null, null, null, 50(Integer), 2001-01-01 01:23:46.0(Timestamp), null, null, null, a6dde7f3-c6c9-11ed-aa5a-de215c025445(String), a6dde7f3-c6c9-11ed-aa5a-de215c025445(String), simpleProcess:1:a6dcaf6e-c6c9-11ed-aa5a-de215c025445(String), task4(String), null, null, 1(Integer), (String), null
10:48:10,907 [pool-23-thread-7] DEBUG org.activiti.engine.impl.bpmn.behavior.BpmnActivityBehavior  - Leaving activity &apos;task2&apos;
10:48:10,908 [pool-23-thread-10] DEBUG org.activiti.engine.impl.persistence.entity.TaskEntity.insertTask  - &lt;==    Updates: 1
10:48:10,908 [pool-23-thread-4] DEBUG org.activiti.engine.impl.history.DefaultHistoryManager  - Current history level: AUDIT, level required: ACTIVITY
10:48:10,908 [pool-23-thread-6] DEBUG org.activiti.engine.impl.persistence.entity.ProcessDefinitionEntity.selectLatestProcessDefinitionByKey  - ==&gt;  Preparing: select * from ACT_RE_PROCDEF where KEY_ = ? and (TENANT_ID_ = &apos;&apos; or TENANT_ID_ is null) and VERSION_ = (select max(VERSION_) from ACT_RE_PROCDEF where KEY_ = ? and (TENANT_ID_ = &apos;&apos; or TENANT_ID_ is null)) 
10:48:10,908 [pool-23-thread-1] DEBUG org.apache.ibatis.datasource.pooled.PooledDataSource  - Checked out connection 2119021267 from pool.
10:48:10,908 [pool-23-thread-6] DEBUG org.activiti.engine.impl.persistence.entity.ProcessDefinitionEntity.selectLatestProcessDefinitionByKey  - ==&gt; Parameters: simpleProcess(String), simpleProcess(String)
10:48:10,908 [pool-23-thread-5] DEBUG org.activiti.engine.impl.persistence.entity.ProcessDefinitionEntity.selectLatestProcessDefinitionByKey  - &lt;==      Total: 1
10:48:10,908 [pool-23-thread-9] DEBUG org.apache.ibatis.transaction.jdbc.JdbcTransaction  - Setting autocommit to false on JDBC Connection [conn153: url=jdbc:h2:mem:activiti-uuid-generator-test user=SA]
10:48:10,908 [pool-23-thread-9] DEBUG org.activiti.engine.impl.persistence.entity.ProcessDefinitionEntity.selectLatestProcessDefinitionByKey  - ==&gt;  Preparing: select * from ACT_RE_PROCDEF where KEY_ = ? and (TENANT_ID_ = &apos;&apos; or TENANT_ID_ is null) and VERSION_ = (select max(VERSION_) from ACT_RE_PROCDEF where KEY_ = ? and (TENANT_ID_ = &apos;&apos; or TENANT_ID_ is null)) 
10:48:10,908 [pool-23-thread-2] DEBUG org.activiti.engine.impl.persistence.entity.ProcessDefinitionEntity.selectLatestProcessDefinitionByKey  - ==&gt; Parameters: simpleProcess(String), simpleProcess(String)
10:48:10,908 [pool-23-thread-9] DEBUG org.activiti.engine.impl.persistence.entity.ProcessDefinitionEntity.selectLatestProcessDefinitionByKey  - ==&gt; Parameters: simpleProcess(String), simpleProcess(String)
10:48:10,907 [pool-23-thread-3] DEBUG org.activiti.engine.impl.persistence.entity.ExecutionEntity.insertExecution  - ==&gt;  Preparing: insert into ACT_RU_EXECUTION (ID_, REV_, PROC_INST_ID_, BUSINESS_KEY_, PROC_DEF_ID_, ACT_ID_, IS_ACTIVE_, IS_CONCURRENT_, IS_SCOPE_,IS_EVENT_SCOPE_, PARENT_ID_, SUPER_EXEC_, SUSPENSION_STATE_, CACHED_ENT_STATE_, TENANT_ID_, NAME_) values ( ?, 1, ?, ?, ?, ?, ?, ?, ?, ?, ?, ?, ?, ?, ?, ? ) 
10:48:10,907 [pool-23-thread-8] DEBUG org.activiti.engine.impl.persistence.entity.JobEntity.selectJobsByExecutionId  - ==&gt;  Preparing: select * from ACT_RU_JOB J where J.EXECUTION_ID_ = ? 
10:48:10,908 [pool-23-thread-3] DEBUG org.activiti.engine.impl.persistence.entity.ExecutionEntity.insertExecution  - ==&gt; Parameters: a6e27b15-c6c9-11ed-aa5a-de215c025445(String), a6e27b15-c6c9-11ed-aa5a-de215c025445(String), null, simpleProcess:1:a6dcaf6e-c6c9-11ed-aa5a-de215c025445(String), task4(String), true(Boolean), false(Boolean), true(Boolean), false(Boolean), null, null, 1(Integer), 2(Integer), (String), null
10:48:10,908 [pool-23-thread-9] DEBUG org.activiti.engine.impl.persistence.entity.ProcessDefinitionEntity.selectLatestProcessDefinitionByKey  - &lt;==      Total: 1
10:48:10,908 [pool-23-thread-2] DEBUG org.activiti.engine.impl.persistence.entity.ProcessDefinitionEntity.selectLatestProcessDefinitionByKey  - &lt;==      Total: 1
10:48:10,908 [pool-23-thread-5] DEBUG org.activiti.engine.impl.persistence.entity.ExecutionEntity  - initializing ProcessInstance[a6e49e04-c6c9-11ed-aa5a-de215c025445]
10:48:10,908 [pool-23-thread-6] DEBUG org.activiti.engine.impl.persistence.entity.ProcessDefinitionEntity.selectLatestProcessDefinitionByKey  - &lt;==      Total: 1
10:48:10,908 [pool-23-thread-1] DEBUG org.apache.ibatis.transaction.jdbc.JdbcTransaction  - Setting autocommit to false on JDBC Connection [conn151: url=jdbc:h2:mem:activiti-uuid-generator-test user=SA]
10:48:10,908 [pool-23-thread-4] DEBUG org.activiti.engine.impl.pvm.runtime.AtomicOperationTransitionNotifyListenerTake  - ProcessInstance[a6e428cf-c6c9-11ed-aa5a-de215c025445] takes transition (theStart)--flow1--&gt;(task1)
10:48:10,908 [pool-23-thread-10] DEBUG org.activiti.engine.impl.cfg.standalone.StandaloneMybatisTransactionContext  - firing event committing...
10:48:10,909 [pool-23-thread-10] DEBUG org.activiti.engine.impl.cfg.standalone.StandaloneMybatisTransactionContext  - committing the ibatis sql session...
10:48:10,908 [pool-23-thread-7] DEBUG org.activiti.engine.impl.history.DefaultHistoryManager  - Current history level: AUDIT, level required: ACTIVITY
10:48:10,909 [pool-23-thread-10] DEBUG org.apache.ibatis.transaction.jdbc.JdbcTransaction  - Committing JDBC Connection [conn149: url=jdbc:h2:mem:activiti-uuid-generator-test user=SA]
10:48:10,909 [pool-23-thread-4] DEBUG org.activiti.engine.impl.history.DefaultHistoryManager  - Current history level: AUDIT, level required: ACTIVITY
10:48:10,909 [pool-23-thread-1] DEBUG org.activiti.engine.impl.persistence.entity.ProcessDefinitionEntity.selectLatestProcessDefinitionByKey  - ==&gt;  Preparing: select * from ACT_RE_PROCDEF where KEY_ = ? and (TENANT_ID_ = &apos;&apos; or TENANT_ID_ is null) and VERSION_ = (select max(VERSION_) from ACT_RE_PROCDEF where KEY_ = ? and (TENANT_ID_ = &apos;&apos; or TENANT_ID_ is null)) 
10:48:10,909 [pool-23-thread-6] DEBUG org.activiti.engine.impl.persistence.entity.ExecutionEntity  - initializing ProcessInstance[a6e4c517-c6c9-11ed-aa5a-de215c025445]
10:48:10,909 [pool-23-thread-6] DEBUG org.activiti.engine.impl.history.DefaultHistoryManager  - Current history level: AUDIT, level required: ACTIVITY
10:48:10,909 [pool-23-thread-5] DEBUG org.activiti.engine.impl.history.DefaultHistoryManager  - Current history level: AUDIT, level required: ACTIVITY
10:48:10,909 [pool-23-thread-2] DEBUG org.activiti.engine.impl.persistence.entity.ExecutionEntity  - initializing ProcessInstance[a6e4c516-c6c9-11ed-aa5a-de215c025445]
10:48:10,909 [pool-23-thread-2] DEBUG org.activiti.engine.impl.history.DefaultHistoryManager  - Current history level: AUDIT, level required: ACTIVITY
10:48:10,908 [pool-23-thread-9] DEBUG org.activiti.engine.impl.persistence.entity.ExecutionEntity  - initializing ProcessInstance[a6e49e05-c6c9-11ed-aa5a-de215c025445]
10:48:10,908 [pool-23-thread-3] DEBUG org.activiti.engine.impl.persistence.entity.ExecutionEntity.insertExecution  - &lt;==    Updates: 1
10:48:10,908 [pool-23-thread-8] DEBUG org.activiti.engine.impl.persistence.entity.JobEntity.selectJobsByExecutionId  - ==&gt; Parameters: a6e44fe0-c6c9-11ed-aa5a-de215c025445(String)
10:48:10,909 [pool-23-thread-3] DEBUG org.activiti.engine.impl.db.DbSqlSession  - inserting: Task[id=a6e38c8d-c6c9-11ed-aa5a-de215c025445, name=null]
10:48:10,909 [pool-23-thread-9] DEBUG org.activiti.engine.impl.history.DefaultHistoryManager  - Current history level: AUDIT, level required: ACTIVITY
10:48:10,909 [pool-23-thread-2] DEBUG org.activiti.engine.impl.pvm.runtime.AtomicOperationActivityExecute  - ProcessInstance[a6e4c516-c6c9-11ed-aa5a-de215c025445] executes Activity(theStart): org.activiti.engine.impl.bpmn.behavior.NoneStartEventActivityBehavior
10:48:10,909 [pool-23-thread-5] DEBUG org.activiti.engine.impl.pvm.runtime.AtomicOperationActivityExecute  - ProcessInstance[a6e49e04-c6c9-11ed-aa5a-de215c025445] executes Activity(theStart): org.activiti.engine.impl.bpmn.behavior.NoneStartEventActivityBehavior
10:48:10,909 [pool-23-thread-6] DEBUG org.activiti.engine.impl.pvm.runtime.AtomicOperationActivityExecute  - ProcessInstance[a6e4c517-c6c9-11ed-aa5a-de215c025445] executes Activity(theStart): org.activiti.engine.impl.bpmn.behavior.NoneStartEventActivityBehavior
10:48:10,909 [pool-23-thread-1] DEBUG org.activiti.engine.impl.persistence.entity.ProcessDefinitionEntity.selectLatestProcessDefinitionByKey  - ==&gt; Parameters: simpleProcess(String), simpleProcess(String)
10:48:10,909 [pool-23-thread-4] DEBUG org.activiti.engine.impl.pvm.runtime.AtomicOperationActivityExecute  - ProcessInstance[a6e428cf-c6c9-11ed-aa5a-de215c025445] executes Activity(task1): org.activiti.engine.impl.bpmn.behavior.ManualTaskActivityBehavior
10:48:10,909 [pool-23-thread-10] DEBUG org.activiti.engine.impl.cfg.standalone.StandaloneMybatisTransactionContext  - firing event committed...
10:48:10,910 [pool-23-thread-10] DEBUG org.apache.ibatis.transaction.jdbc.JdbcTransaction  - Resetting autocommit to true on JDBC Connection [conn149: url=jdbc:h2:mem:activiti-uuid-generator-test user=SA]
10:48:10,909 [pool-23-thread-7] DEBUG org.activiti.engine.impl.pvm.runtime.AtomicOperationTransitionNotifyListenerTake  - ProcessInstance[a6e31757-c6c9-11ed-aa5a-de215c025445] takes transition (task2)--flow3--&gt;(task3)
10:48:10,910 [pool-23-thread-10] DEBUG org.apache.ibatis.transaction.jdbc.JdbcTransaction  - Closing JDBC Connection [conn149: url=jdbc:h2:mem:activiti-uuid-generator-test user=SA]
10:48:10,910 [pool-23-thread-10] DEBUG org.apache.ibatis.datasource.pooled.PooledDataSource  - Returned connection 416618450 to pool.
10:48:10,910 [pool-23-thread-1] DEBUG org.activiti.engine.impl.persistence.entity.ProcessDefinitionEntity.selectLatestProcessDefinitionByKey  - &lt;==      Total: 1
10:48:10,910 [pool-23-thread-4] DEBUG org.activiti.engine.impl.bpmn.behavior.BpmnActivityBehavior  - Leaving activity &apos;task1&apos;
10:48:10,910 [pool-23-thread-6] DEBUG org.activiti.engine.impl.persistence.entity.JobEntity.selectJobsByExecutionId  - ==&gt;  Preparing: select * from ACT_RU_JOB J where J.EXECUTION_ID_ = ? 
10:48:10,910 [pool-23-thread-5] DEBUG org.activiti.engine.impl.persistence.entity.JobEntity.selectJobsByExecutionId  - ==&gt;  Preparing: select * from ACT_RU_JOB J where J.EXECUTION_ID_ = ? 
10:48:10,909 [pool-23-thread-2] DEBUG org.activiti.engine.impl.persistence.entity.JobEntity.selectJobsByExecutionId  - ==&gt;  Preparing: select * from ACT_RU_JOB J where J.EXECUTION_ID_ = ? 
10:48:10,910 [pool-23-thread-5] DEBUG org.activiti.engine.impl.persistence.entity.JobEntity.selectJobsByExecutionId  - ==&gt; Parameters: a6e49e04-c6c9-11ed-aa5a-de215c025445(String)
10:48:10,909 [pool-23-thread-9] DEBUG org.activiti.engine.impl.pvm.runtime.AtomicOperationActivityExecute  - ProcessInstance[a6e49e05-c6c9-11ed-aa5a-de215c025445] executes Activity(theStart): org.activiti.engine.impl.bpmn.behavior.NoneStartEventActivityBehavior
10:48:10,909 [pool-23-thread-3] DEBUG org.activiti.engine.impl.persistence.entity.TaskEntity.insertTask  - ==&gt;  Preparing: insert into ACT_RU_TASK (ID_, REV_, NAME_, PARENT_TASK_ID_, DESCRIPTION_, PRIORITY_, CREATE_TIME_, OWNER_, ASSIGNEE_, DELEGATION_, EXECUTION_ID_, PROC_INST_ID_, PROC_DEF_ID_, TASK_DEF_KEY_, DUE_DATE_, CATEGORY_, SUSPENSION_STATE_, TENANT_ID_, FORM_KEY_) values (?, 1, ?, ?, ?, ?, ?, ?, ?, ?, ?, ?, ?, ?, ?, ?, ?, ?, ? ) 
10:48:10,909 [pool-23-thread-8] DEBUG org.activiti.engine.impl.persistence.entity.JobEntity.selectJobsByExecutionId  - &lt;==      Total: 0
10:48:10,910 [pool-23-thread-3] DEBUG org.activiti.engine.impl.persistence.entity.TaskEntity.insertTask  - ==&gt; Parameters: a6e38c8d-c6c9-11ed-aa5a-de215c025445(String), null, null, null, 50(Integer), 2001-01-01 01:23:46.0(Timestamp), null, null, null, a6e27b15-c6c9-11ed-aa5a-de215c025445(String), a6e27b15-c6c9-11ed-aa5a-de215c025445(String), simpleProcess:1:a6dcaf6e-c6c9-11ed-aa5a-de215c025445(String), task4(String), null, null, 1(Integer), (String), null
10:48:10,910 [pool-23-thread-8] DEBUG org.activiti.engine.impl.bpmn.behavior.BpmnActivityBehavior  - Leaving activity &apos;theStart&apos;
10:48:10,910 [pool-23-thread-3] DEBUG org.activiti.engine.impl.persistence.entity.TaskEntity.insertTask  - &lt;==    Updates: 1
10:48:10,910 [pool-23-thread-9] DEBUG org.activiti.engine.impl.persistence.entity.JobEntity.selectJobsByExecutionId  - ==&gt;  Preparing: select * from ACT_RU_JOB J where J.EXECUTION_ID_ = ? 
10:48:10,910 [pool-23-thread-5] DEBUG org.activiti.engine.impl.persistence.entity.JobEntity.selectJobsByExecutionId  - &lt;==      Total: 0
10:48:10,910 [pool-23-thread-9] DEBUG org.activiti.engine.impl.persistence.entity.JobEntity.selectJobsByExecutionId  - ==&gt; Parameters: a6e49e05-c6c9-11ed-aa5a-de215c025445(String)
10:48:10,910 [pool-23-thread-2] DEBUG org.activiti.engine.impl.persistence.entity.JobEntity.selectJobsByExecutionId  - ==&gt; Parameters: a6e4c516-c6c9-11ed-aa5a-de215c025445(String)
10:48:10,910 [pool-23-thread-6] DEBUG org.activiti.engine.impl.persistence.entity.JobEntity.selectJobsByExecutionId  - ==&gt; Parameters: a6e4c517-c6c9-11ed-aa5a-de215c025445(String)
10:48:10,910 [pool-23-thread-4] DEBUG org.activiti.engine.impl.history.DefaultHistoryManager  - Current history level: AUDIT, level required: ACTIVITY
10:48:10,910 [pool-23-thread-1] DEBUG org.activiti.engine.impl.persistence.entity.ExecutionEntity  - initializing ProcessInstance[a6e4ec2d-c6c9-11ed-aa5a-de215c025445]
10:48:10,910 [pool-23-thread-10] DEBUG org.activiti.engine.impl.interceptor.LogInterceptor  - --- StartProcessInstanceCmd finished --------------------------------------------------------
10:48:10,911 [pool-23-thread-10] DEBUG org.activiti.engine.impl.interceptor.LogInterceptor  - 

10:48:10,910 [pool-23-thread-7] DEBUG org.activiti.engine.impl.history.DefaultHistoryManager  - Current history level: AUDIT, level required: ACTIVITY
10:48:10,911 [pool-23-thread-10] DEBUG org.activiti.engine.impl.interceptor.LogInterceptor  - 

10:48:10,911 [pool-23-thread-10] DEBUG org.activiti.engine.impl.interceptor.LogInterceptor  - --- starting StartProcessInstanceCmd --------------------------------------------------------
10:48:10,911 [pool-23-thread-1] DEBUG org.activiti.engine.impl.history.DefaultHistoryManager  - Current history level: AUDIT, level required: ACTIVITY
10:48:10,911 [pool-23-thread-4] DEBUG org.activiti.engine.impl.pvm.runtime.AtomicOperationTransitionNotifyListenerTake  - ProcessInstance[a6e428cf-c6c9-11ed-aa5a-de215c025445] takes transition (task1)--flow2--&gt;(task2)
10:48:10,911 [pool-23-thread-6] DEBUG org.activiti.engine.impl.persistence.entity.JobEntity.selectJobsByExecutionId  - &lt;==      Total: 0
10:48:10,911 [pool-23-thread-6] DEBUG org.activiti.engine.impl.bpmn.behavior.BpmnActivityBehavior  - Leaving activity &apos;theStart&apos;
10:48:10,911 [pool-23-thread-2] DEBUG org.activiti.engine.impl.persistence.entity.JobEntity.selectJobsByExecutionId  - &lt;==      Total: 0
10:48:10,911 [pool-23-thread-2] DEBUG org.activiti.engine.impl.bpmn.behavior.BpmnActivityBehavior  - Leaving activity &apos;theStart&apos;
10:48:10,911 [pool-23-thread-9] DEBUG org.activiti.engine.impl.persistence.entity.JobEntity.selectJobsByExecutionId  - &lt;==      Total: 0
10:48:10,911 [pool-23-thread-9] DEBUG org.activiti.engine.impl.bpmn.behavior.BpmnActivityBehavior  - Leaving activity &apos;theStart&apos;
10:48:10,910 [pool-23-thread-5] DEBUG org.activiti.engine.impl.bpmn.behavior.BpmnActivityBehavior  - Leaving activity &apos;theStart&apos;
10:48:10,910 [pool-23-thread-3] DEBUG org.activiti.engine.impl.cfg.standalone.StandaloneMybatisTransactionContext  - firing event committing...
10:48:10,911 [pool-23-thread-3] DEBUG org.activiti.engine.impl.cfg.standalone.StandaloneMybatisTransactionContext  - committing the ibatis sql session...
10:48:10,911 [pool-23-thread-3] DEBUG org.apache.ibatis.transaction.jdbc.JdbcTransaction  - Committing JDBC Connection [conn146: url=jdbc:h2:mem:activiti-uuid-generator-test user=SA]
10:48:10,910 [pool-23-thread-8] DEBUG org.activiti.engine.impl.history.DefaultHistoryManager  - Current history level: AUDIT, level required: ACTIVITY
10:48:10,911 [pool-23-thread-5] DEBUG org.activiti.engine.impl.history.DefaultHistoryManager  - Current history level: AUDIT, level required: ACTIVITY
10:48:10,911 [pool-23-thread-9] DEBUG org.activiti.engine.impl.history.DefaultHistoryManager  - Current history level: AUDIT, level required: ACTIVITY
10:48:10,911 [pool-23-thread-9] DEBUG org.activiti.engine.impl.pvm.runtime.AtomicOperationTransitionNotifyListenerTake  - ProcessInstance[a6e49e05-c6c9-11ed-aa5a-de215c025445] takes transition (theStart)--flow1--&gt;(task1)
10:48:10,911 [pool-23-thread-2] DEBUG org.activiti.engine.impl.history.DefaultHistoryManager  - Current history level: AUDIT, level required: ACTIVITY
10:48:10,911 [pool-23-thread-6] DEBUG org.activiti.engine.impl.history.DefaultHistoryManager  - Current history level: AUDIT, level required: ACTIVITY
10:48:10,911 [pool-23-thread-4] DEBUG org.activiti.engine.impl.history.DefaultHistoryManager  - Current history level: AUDIT, level required: ACTIVITY
10:48:10,911 [pool-23-thread-1] DEBUG org.activiti.engine.impl.pvm.runtime.AtomicOperationActivityExecute  - ProcessInstance[a6e4ec2d-c6c9-11ed-aa5a-de215c025445] executes Activity(theStart): org.activiti.engine.impl.bpmn.behavior.NoneStartEventActivityBehavior
10:48:10,911 [pool-23-thread-10] DEBUG org.apache.ibatis.transaction.jdbc.JdbcTransaction  - Opening JDBC Connection
10:48:10,912 [pool-23-thread-10] DEBUG org.apache.ibatis.datasource.pooled.PooledDataSource  - Checked out connection 416618450 from pool.
10:48:10,912 [pool-23-thread-10] DEBUG org.apache.ibatis.transaction.jdbc.JdbcTransaction  - Setting autocommit to false on JDBC Connection [conn149: url=jdbc:h2:mem:activiti-uuid-generator-test user=SA]
10:48:10,911 [pool-23-thread-7] DEBUG org.activiti.engine.impl.pvm.runtime.AtomicOperationActivityExecute  - ProcessInstance[a6e31757-c6c9-11ed-aa5a-de215c025445] executes Activity(task3): org.activiti.engine.impl.bpmn.behavior.ManualTaskActivityBehavior
10:48:10,912 [pool-23-thread-10] DEBUG org.activiti.engine.impl.persistence.entity.ProcessDefinitionEntity.selectLatestProcessDefinitionByKey  - ==&gt;  Preparing: select * from ACT_RE_PROCDEF where KEY_ = ? and (TENANT_ID_ = &apos;&apos; or TENANT_ID_ is null) and VERSION_ = (select max(VERSION_) from ACT_RE_PROCDEF where KEY_ = ? and (TENANT_ID_ = &apos;&apos; or TENANT_ID_ is null)) 
10:48:10,912 [pool-23-thread-1] DEBUG org.activiti.engine.impl.persistence.entity.JobEntity.selectJobsByExecutionId  - ==&gt;  Preparing: select * from ACT_RU_JOB J where J.EXECUTION_ID_ = ? 
10:48:10,912 [pool-23-thread-4] DEBUG org.activiti.engine.impl.pvm.runtime.AtomicOperationActivityExecute  - ProcessInstance[a6e428cf-c6c9-11ed-aa5a-de215c025445] executes Activity(task2): org.activiti.engine.impl.bpmn.behavior.ManualTaskActivityBehavior
10:48:10,912 [pool-23-thread-4] DEBUG org.activiti.engine.impl.bpmn.behavior.BpmnActivityBehavior  - Leaving activity &apos;task2&apos;
10:48:10,912 [pool-23-thread-6] DEBUG org.activiti.engine.impl.pvm.runtime.AtomicOperationTransitionNotifyListenerTake  - ProcessInstance[a6e4c517-c6c9-11ed-aa5a-de215c025445] takes transition (theStart)--flow1--&gt;(task1)
10:48:10,911 [pool-23-thread-2] DEBUG org.activiti.engine.impl.pvm.runtime.AtomicOperationTransitionNotifyListenerTake  - ProcessInstance[a6e4c516-c6c9-11ed-aa5a-de215c025445] takes transition (theStart)--flow1--&gt;(task1)
10:48:10,911 [pool-23-thread-9] DEBUG org.activiti.engine.impl.history.DefaultHistoryManager  - Current history level: AUDIT, level required: ACTIVITY
10:48:10,911 [pool-23-thread-5] DEBUG org.activiti.engine.impl.pvm.runtime.AtomicOperationTransitionNotifyListenerTake  - ProcessInstance[a6e49e04-c6c9-11ed-aa5a-de215c025445] takes transition (theStart)--flow1--&gt;(task1)
10:48:10,912 [pool-23-thread-5] DEBUG org.activiti.engine.impl.history.DefaultHistoryManager  - Current history level: AUDIT, level required: ACTIVITY
10:48:10,911 [pool-23-thread-3] DEBUG org.activiti.engine.impl.cfg.standalone.StandaloneMybatisTransactionContext  - firing event committed...
10:48:10,912 [pool-23-thread-3] DEBUG org.apache.ibatis.transaction.jdbc.JdbcTransaction  - Resetting autocommit to true on JDBC Connection [conn146: url=jdbc:h2:mem:activiti-uuid-generator-test user=SA]
10:48:10,911 [pool-23-thread-8] DEBUG org.activiti.engine.impl.pvm.runtime.AtomicOperationTransitionNotifyListenerTake  - ProcessInstance[a6e44fe0-c6c9-11ed-aa5a-de215c025445] takes transition (theStart)--flow1--&gt;(task1)
10:48:10,912 [pool-23-thread-3] DEBUG org.apache.ibatis.transaction.jdbc.JdbcTransaction  - Closing JDBC Connection [conn146: url=jdbc:h2:mem:activiti-uuid-generator-test user=SA]
10:48:10,912 [pool-23-thread-3] DEBUG org.apache.ibatis.datasource.pooled.PooledDataSource  - Returned connection 88071124 to pool.
10:48:10,912 [pool-23-thread-3] DEBUG org.activiti.engine.impl.interceptor.LogInterceptor  - --- StartProcessInstanceCmd finished --------------------------------------------------------
10:48:10,912 [pool-23-thread-3] DEBUG org.activiti.engine.impl.interceptor.LogInterceptor  - 

10:48:10,912 [pool-23-thread-5] DEBUG org.activiti.engine.impl.pvm.runtime.AtomicOperationActivityExecute  - ProcessInstance[a6e49e04-c6c9-11ed-aa5a-de215c025445] executes Activity(task1): org.activiti.engine.impl.bpmn.behavior.ManualTaskActivityBehavior
10:48:10,912 [pool-23-thread-9] DEBUG org.activiti.engine.impl.pvm.runtime.AtomicOperationActivityExecute  - ProcessInstance[a6e49e05-c6c9-11ed-aa5a-de215c025445] executes Activity(task1): org.activiti.engine.impl.bpmn.behavior.ManualTaskActivityBehavior
10:48:10,912 [pool-23-thread-2] DEBUG org.activiti.engine.impl.history.DefaultHistoryManager  - Current history level: AUDIT, level required: ACTIVITY
10:48:10,912 [pool-23-thread-6] DEBUG org.activiti.engine.impl.history.DefaultHistoryManager  - Current history level: AUDIT, level required: ACTIVITY
10:48:10,912 [pool-23-thread-4] DEBUG org.activiti.engine.impl.history.DefaultHistoryManager  - Current history level: AUDIT, level required: ACTIVITY
10:48:10,912 [pool-23-thread-1] DEBUG org.activiti.engine.impl.persistence.entity.JobEntity.selectJobsByExecutionId  - ==&gt; Parameters: a6e4ec2d-c6c9-11ed-aa5a-de215c025445(String)
10:48:10,912 [pool-23-thread-10] DEBUG org.activiti.engine.impl.persistence.entity.ProcessDefinitionEntity.selectLatestProcessDefinitionByKey  - ==&gt; Parameters: simpleProcess(String), simpleProcess(String)
10:48:10,912 [pool-23-thread-7] DEBUG org.activiti.engine.impl.bpmn.behavior.BpmnActivityBehavior  - Leaving activity &apos;task3&apos;
10:48:10,913 [pool-23-thread-10] DEBUG org.activiti.engine.impl.persistence.entity.ProcessDefinitionEntity.selectLatestProcessDefinitionByKey  - &lt;==      Total: 1
10:48:10,913 [pool-23-thread-1] DEBUG org.activiti.engine.impl.persistence.entity.JobEntity.selectJobsByExecutionId  - &lt;==      Total: 0
10:48:10,913 [pool-23-thread-1] DEBUG org.activiti.engine.impl.bpmn.behavior.BpmnActivityBehavior  - Leaving activity &apos;theStart&apos;
10:48:10,913 [pool-23-thread-4] DEBUG org.activiti.engine.impl.pvm.runtime.AtomicOperationTransitionNotifyListenerTake  - ProcessInstance[a6e428cf-c6c9-11ed-aa5a-de215c025445] takes transition (task2)--flow3--&gt;(task3)
10:48:10,913 [Thread-112] DEBUG org.activiti.engine.impl.asyncexecutor.AcquireAsyncJobsDueRunnable  - async job acquisition thread woke up
10:48:10,913 [Thread-112] DEBUG org.activiti.engine.impl.interceptor.LogInterceptor  - 

10:48:10,913 [Thread-112] DEBUG org.activiti.engine.impl.interceptor.LogInterceptor  - --- starting AcquireAsyncJobsDueCmd --------------------------------------------------------
10:48:10,913 [Thread-106] DEBUG org.activiti.engine.impl.asyncexecutor.AcquireAsyncJobsDueRunnable  - async job acquisition thread woke up
10:48:10,913 [Thread-112] DEBUG org.apache.ibatis.transaction.jdbc.JdbcTransaction  - Opening JDBC Connection
10:48:10,913 [Thread-112] DEBUG org.apache.ibatis.datasource.pooled.PooledDataSource  - Checked out connection 604408605 from pool.
10:48:10,913 [Thread-112] DEBUG org.apache.ibatis.transaction.jdbc.JdbcTransaction  - Setting autocommit to false on JDBC Connection [conn70: url=jdbc:h2:mem:activiti-AsyncExecutorTest user=SA]
10:48:10,913 [Thread-103] DEBUG org.activiti.engine.impl.asyncexecutor.AcquireAsyncJobsDueRunnable  - async job acquisition thread woke up
10:48:10,913 [Thread-103] DEBUG org.activiti.engine.impl.interceptor.LogInterceptor  - 

10:48:10,913 [Thread-103] DEBUG org.activiti.engine.impl.interceptor.LogInterceptor  - --- starting AcquireAsyncJobsDueCmd --------------------------------------------------------
10:48:10,913 [Thread-111] DEBUG org.activiti.engine.impl.asyncexecutor.AcquireTimerJobsRunnable  - timer job acquisition thread woke up
10:48:10,913 [Thread-111] DEBUG org.activiti.engine.impl.interceptor.LogInterceptor  - 

10:48:10,913 [Thread-111] DEBUG org.activiti.engine.impl.interceptor.LogInterceptor  - --- starting AcquireTimerJobsCmd --------------------------------------------------------
10:48:10,913 [Thread-102] DEBUG org.activiti.engine.impl.asyncexecutor.AcquireTimerJobsRunnable  - timer job acquisition thread woke up
10:48:10,913 [Thread-102] DEBUG org.activiti.engine.impl.interceptor.LogInterceptor  - 

10:48:10,913 [Thread-102] DEBUG org.activiti.engine.impl.interceptor.LogInterceptor  - --- starting AcquireTimerJobsCmd --------------------------------------------------------
10:48:10,913 [Thread-105] DEBUG org.activiti.engine.impl.asyncexecutor.AcquireTimerJobsRunnable  - timer job acquisition thread woke up
10:48:10,913 [Thread-105] DEBUG org.activiti.engine.impl.interceptor.LogInterceptor  - 

10:48:10,914 [Thread-105] DEBUG org.activiti.engine.impl.interceptor.LogInterceptor  - --- starting AcquireTimerJobsCmd --------------------------------------------------------
10:48:10,913 [pool-23-thread-6] DEBUG org.activiti.engine.impl.pvm.runtime.AtomicOperationActivityExecute  - ProcessInstance[a6e4c517-c6c9-11ed-aa5a-de215c025445] executes Activity(task1): org.activiti.engine.impl.bpmn.behavior.ManualTaskActivityBehavior
10:48:10,914 [pool-23-thread-6] DEBUG org.activiti.engine.impl.bpmn.behavior.BpmnActivityBehavior  - Leaving activity &apos;task1&apos;
10:48:10,912 [pool-23-thread-2] DEBUG org.activiti.engine.impl.pvm.runtime.AtomicOperationActivityExecute  - ProcessInstance[a6e4c516-c6c9-11ed-aa5a-de215c025445] executes Activity(task1): org.activiti.engine.impl.bpmn.behavior.ManualTaskActivityBehavior
10:48:10,912 [pool-23-thread-9] DEBUG org.activiti.engine.impl.bpmn.behavior.BpmnActivityBehavior  - Leaving activity &apos;task1&apos;
10:48:10,912 [pool-23-thread-5] DEBUG org.activiti.engine.impl.bpmn.behavior.BpmnActivityBehavior  - Leaving activity &apos;task1&apos;
10:48:10,912 [pool-23-thread-3] DEBUG org.activiti.engine.impl.interceptor.LogInterceptor  - 

10:48:10,914 [pool-23-thread-3] DEBUG org.activiti.engine.impl.interceptor.LogInterceptor  - --- starting StartProcessInstanceCmd --------------------------------------------------------
10:48:10,912 [pool-23-thread-8] DEBUG org.activiti.engine.impl.history.DefaultHistoryManager  - Current history level: AUDIT, level required: ACTIVITY
10:48:10,914 [pool-23-thread-3] DEBUG org.apache.ibatis.transaction.jdbc.JdbcTransaction  - Opening JDBC Connection
10:48:10,914 [pool-23-thread-3] DEBUG org.apache.ibatis.datasource.pooled.PooledDataSource  - Checked out connection 88071124 from pool.
10:48:10,914 [pool-23-thread-3] DEBUG org.apache.ibatis.transaction.jdbc.JdbcTransaction  - Setting autocommit to false on JDBC Connection [conn146: url=jdbc:h2:mem:activiti-uuid-generator-test user=SA]
10:48:10,914 [pool-23-thread-5] DEBUG org.activiti.engine.impl.history.DefaultHistoryManager  - Current history level: AUDIT, level required: ACTIVITY
10:48:10,914 [pool-23-thread-9] DEBUG org.activiti.engine.impl.history.DefaultHistoryManager  - Current history level: AUDIT, level required: ACTIVITY
10:48:10,914 [pool-23-thread-2] DEBUG org.activiti.engine.impl.bpmn.behavior.BpmnActivityBehavior  - Leaving activity &apos;task1&apos;
10:48:10,914 [pool-23-thread-6] DEBUG org.activiti.engine.impl.history.DefaultHistoryManager  - Current history level: AUDIT, level required: ACTIVITY
10:48:10,914 [pool-23-thread-6] DEBUG org.activiti.engine.impl.pvm.runtime.AtomicOperationTransitionNotifyListenerTake  - ProcessInstance[a6e4c517-c6c9-11ed-aa5a-de215c025445] takes transition (task1)--flow2--&gt;(task2)
10:48:10,914 [Thread-105] DEBUG org.apache.ibatis.transaction.jdbc.JdbcTransaction  - Opening JDBC Connection
10:48:10,914 [Thread-105] DEBUG org.apache.ibatis.datasource.pooled.PooledDataSource  - Checked out connection 1970103261 from pool.
10:48:10,914 [Thread-105] DEBUG org.apache.ibatis.transaction.jdbc.JdbcTransaction  - Setting autocommit to false on JDBC Connection [conn63: url=jdbc:h2:mem:activiti-AsyncExecutorTest user=SA]
10:48:10,913 [Thread-102] DEBUG org.apache.ibatis.transaction.jdbc.JdbcTransaction  - Opening JDBC Connection
10:48:10,914 [Thread-102] DEBUG org.apache.ibatis.datasource.pooled.PooledDataSource  - Checked out connection 157985567 from pool.
10:48:10,914 [Thread-102] DEBUG org.apache.ibatis.transaction.jdbc.JdbcTransaction  - Setting autocommit to false on JDBC Connection [conn61: url=jdbc:h2:mem:activiti-AsyncExecutorTest user=SA]
10:48:10,913 [Thread-111] DEBUG org.apache.ibatis.transaction.jdbc.JdbcTransaction  - Opening JDBC Connection
10:48:10,914 [Thread-111] DEBUG org.apache.ibatis.datasource.pooled.PooledDataSource  - Checked out connection 1863805930 from pool.
10:48:10,914 [Thread-111] DEBUG org.apache.ibatis.transaction.jdbc.JdbcTransaction  - Setting autocommit to false on JDBC Connection [conn69: url=jdbc:h2:mem:activiti-AsyncExecutorTest user=SA]
10:48:10,913 [Thread-103] DEBUG org.apache.ibatis.transaction.jdbc.JdbcTransaction  - Opening JDBC Connection
10:48:10,914 [Thread-103] DEBUG org.apache.ibatis.datasource.pooled.PooledDataSource  - Checked out connection 33534803 from pool.
10:48:10,915 [Thread-103] DEBUG org.apache.ibatis.transaction.jdbc.JdbcTransaction  - Setting autocommit to false on JDBC Connection [conn60: url=jdbc:h2:mem:activiti-AsyncExecutorTest user=SA]
10:48:10,913 [Thread-112] DEBUG org.activiti.engine.impl.persistence.entity.JobEntity.selectAsyncJobsDueToExecute  - ==&gt;  Preparing: select RES.* from ACT_RU_JOB RES LEFT OUTER JOIN ACT_RU_EXECUTION PI ON PI.ID_ = RES.PROCESS_INSTANCE_ID_ where RES.RETRIES_ &gt; 0 and RES.DUEDATE_ is not null and RES.DUEDATE_ &lt;= ? and (RES.LOCK_EXP_TIME_ is null or RES.LOCK_EXP_TIME_ &lt;= ?) and TYPE_ = &apos;message&apos; and ( (RES.EXECUTION_ID_ is null) or (PI.SUSPENSION_STATE_ = 1) ) LIMIT ? OFFSET ? 
10:48:10,913 [Thread-106] DEBUG org.activiti.engine.impl.interceptor.LogInterceptor  - 

10:48:10,915 [Thread-106] DEBUG org.activiti.engine.impl.interceptor.LogInterceptor  - --- starting AcquireAsyncJobsDueCmd --------------------------------------------------------
10:48:10,913 [pool-23-thread-4] DEBUG org.activiti.engine.impl.history.DefaultHistoryManager  - Current history level: AUDIT, level required: ACTIVITY
10:48:10,913 [pool-23-thread-1] DEBUG org.activiti.engine.impl.history.DefaultHistoryManager  - Current history level: AUDIT, level required: ACTIVITY
10:48:10,913 [pool-23-thread-10] DEBUG org.activiti.engine.impl.persistence.entity.ExecutionEntity  - initializing ProcessInstance[a6e56165-c6c9-11ed-aa5a-de215c025445]
10:48:10,913 [pool-23-thread-7] DEBUG org.activiti.engine.impl.history.DefaultHistoryManager  - Current history level: AUDIT, level required: ACTIVITY
10:48:10,915 [pool-23-thread-10] DEBUG org.activiti.engine.impl.history.DefaultHistoryManager  - Current history level: AUDIT, level required: ACTIVITY
10:48:10,915 [pool-23-thread-1] DEBUG org.activiti.engine.impl.pvm.runtime.AtomicOperationTransitionNotifyListenerTake  - ProcessInstance[a6e4ec2d-c6c9-11ed-aa5a-de215c025445] takes transition (theStart)--flow1--&gt;(task1)
10:48:10,915 [pool-23-thread-4] DEBUG org.activiti.engine.impl.pvm.runtime.AtomicOperationActivityExecute  - ProcessInstance[a6e428cf-c6c9-11ed-aa5a-de215c025445] executes Activity(task3): org.activiti.engine.impl.bpmn.behavior.ManualTaskActivityBehavior
10:48:10,915 [Thread-106] DEBUG org.apache.ibatis.transaction.jdbc.JdbcTransaction  - Opening JDBC Connection
10:48:10,915 [Thread-106] DEBUG org.apache.ibatis.datasource.pooled.PooledDataSource  - Checked out connection 996762054 from pool.
10:48:10,915 [Thread-106] DEBUG org.apache.ibatis.transaction.jdbc.JdbcTransaction  - Setting autocommit to false on JDBC Connection [conn65: url=jdbc:h2:mem:activiti-AsyncExecutorTest user=SA]
10:48:10,915 [Thread-112] DEBUG org.activiti.engine.impl.persistence.entity.JobEntity.selectAsyncJobsDueToExecute  - ==&gt; Parameters: 2001-01-01 01:23:46.0(Timestamp), 2001-01-01 01:23:46.0(Timestamp), 1(Integer), 0(Integer)
10:48:10,915 [Thread-103] DEBUG org.activiti.engine.impl.persistence.entity.JobEntity.selectAsyncJobsDueToExecute  - ==&gt;  Preparing: select RES.* from ACT_RU_JOB RES LEFT OUTER JOIN ACT_RU_EXECUTION PI ON PI.ID_ = RES.PROCESS_INSTANCE_ID_ where RES.RETRIES_ &gt; 0 and RES.DUEDATE_ is not null and RES.DUEDATE_ &lt;= ? and (RES.LOCK_EXP_TIME_ is null or RES.LOCK_EXP_TIME_ &lt;= ?) and TYPE_ = &apos;message&apos; and ( (RES.EXECUTION_ID_ is null) or (PI.SUSPENSION_STATE_ = 1) ) LIMIT ? OFFSET ? 
10:48:10,914 [Thread-111] DEBUG org.activiti.engine.impl.persistence.entity.JobEntity.selectNextTimerJobsToExecute  - ==&gt;  Preparing: select RES.* from ACT_RU_JOB RES LEFT OUTER JOIN ACT_RU_EXECUTION PI ON PI.ID_ = RES.PROCESS_INSTANCE_ID_ where (RES.RETRIES_ &gt; 0) and (RES.DUEDATE_ is null or RES.DUEDATE_ &lt;= ?) and (RES.LOCK_OWNER_ is null or RES.LOCK_EXP_TIME_ &lt;= ?) and TYPE_ = &apos;timer&apos; and ( (RES.EXECUTION_ID_ is null) or (PI.SUSPENSION_STATE_ = 1) ) LIMIT ? OFFSET ? 
10:48:10,914 [Thread-102] DEBUG org.activiti.engine.impl.persistence.entity.JobEntity.selectNextTimerJobsToExecute  - ==&gt;  Preparing: select RES.* from ACT_RU_JOB RES LEFT OUTER JOIN ACT_RU_EXECUTION PI ON PI.ID_ = RES.PROCESS_INSTANCE_ID_ where (RES.RETRIES_ &gt; 0) and (RES.DUEDATE_ is null or RES.DUEDATE_ &lt;= ?) and (RES.LOCK_OWNER_ is null or RES.LOCK_EXP_TIME_ &lt;= ?) and TYPE_ = &apos;timer&apos; and ( (RES.EXECUTION_ID_ is null) or (PI.SUSPENSION_STATE_ = 1) ) LIMIT ? OFFSET ? 
10:48:10,914 [Thread-105] DEBUG org.activiti.engine.impl.persistence.entity.JobEntity.selectNextTimerJobsToExecute  - ==&gt;  Preparing: select RES.* from ACT_RU_JOB RES LEFT OUTER JOIN ACT_RU_EXECUTION PI ON PI.ID_ = RES.PROCESS_INSTANCE_ID_ where (RES.RETRIES_ &gt; 0) and (RES.DUEDATE_ is null or RES.DUEDATE_ &lt;= ?) and (RES.LOCK_OWNER_ is null or RES.LOCK_EXP_TIME_ &lt;= ?) and TYPE_ = &apos;timer&apos; and ( (RES.EXECUTION_ID_ is null) or (PI.SUSPENSION_STATE_ = 1) ) LIMIT ? OFFSET ? 
10:48:10,914 [pool-23-thread-6] DEBUG org.activiti.engine.impl.history.DefaultHistoryManager  - Current history level: AUDIT, level required: ACTIVITY
10:48:10,915 [pool-23-thread-6] DEBUG org.activiti.engine.impl.pvm.runtime.AtomicOperationActivityExecute  - ProcessInstance[a6e4c517-c6c9-11ed-aa5a-de215c025445] executes Activity(task2): org.activiti.engine.impl.bpmn.behavior.ManualTaskActivityBehavior
10:48:10,915 [pool-23-thread-6] DEBUG org.activiti.engine.impl.bpmn.behavior.BpmnActivityBehavior  - Leaving activity &apos;task2&apos;
10:48:10,915 [pool-23-thread-6] DEBUG org.activiti.engine.impl.history.DefaultHistoryManager  - Current history level: AUDIT, level required: ACTIVITY
10:48:10,914 [pool-23-thread-2] DEBUG org.activiti.engine.impl.history.DefaultHistoryManager  - Current history level: AUDIT, level required: ACTIVITY
10:48:10,914 [pool-23-thread-9] DEBUG org.activiti.engine.impl.pvm.runtime.AtomicOperationTransitionNotifyListenerTake  - ProcessInstance[a6e49e05-c6c9-11ed-aa5a-de215c025445] takes transition (task1)--flow2--&gt;(task2)
10:48:10,914 [pool-23-thread-5] DEBUG org.activiti.engine.impl.pvm.runtime.AtomicOperationTransitionNotifyListenerTake  - ProcessInstance[a6e49e04-c6c9-11ed-aa5a-de215c025445] takes transition (task1)--flow2--&gt;(task2)
10:48:10,914 [pool-23-thread-3] DEBUG org.activiti.engine.impl.persistence.entity.ProcessDefinitionEntity.selectLatestProcessDefinitionByKey  - ==&gt;  Preparing: select * from ACT_RE_PROCDEF where KEY_ = ? and (TENANT_ID_ = &apos;&apos; or TENANT_ID_ is null) and VERSION_ = (select max(VERSION_) from ACT_RE_PROCDEF where KEY_ = ? and (TENANT_ID_ = &apos;&apos; or TENANT_ID_ is null)) 
10:48:10,914 [pool-23-thread-8] DEBUG org.activiti.engine.impl.pvm.runtime.AtomicOperationActivityExecute  - ProcessInstance[a6e44fe0-c6c9-11ed-aa5a-de215c025445] executes Activity(task1): org.activiti.engine.impl.bpmn.behavior.ManualTaskActivityBehavior
10:48:10,916 [pool-23-thread-3] DEBUG org.activiti.engine.impl.persistence.entity.ProcessDefinitionEntity.selectLatestProcessDefinitionByKey  - ==&gt; Parameters: simpleProcess(String), simpleProcess(String)
10:48:10,916 [pool-23-thread-5] DEBUG org.activiti.engine.impl.history.DefaultHistoryManager  - Current history level: AUDIT, level required: ACTIVITY
10:48:10,916 [pool-23-thread-3] DEBUG org.activiti.engine.impl.persistence.entity.ProcessDefinitionEntity.selectLatestProcessDefinitionByKey  - &lt;==      Total: 1
10:48:10,916 [pool-23-thread-9] DEBUG org.activiti.engine.impl.history.DefaultHistoryManager  - Current history level: AUDIT, level required: ACTIVITY
10:48:10,916 [pool-23-thread-2] DEBUG org.activiti.engine.impl.pvm.runtime.AtomicOperationTransitionNotifyListenerTake  - ProcessInstance[a6e4c516-c6c9-11ed-aa5a-de215c025445] takes transition (task1)--flow2--&gt;(task2)
10:48:10,915 [pool-23-thread-6] DEBUG org.activiti.engine.impl.pvm.runtime.AtomicOperationTransitionNotifyListenerTake  - ProcessInstance[a6e4c517-c6c9-11ed-aa5a-de215c025445] takes transition (task2)--flow3--&gt;(task3)
10:48:10,915 [Thread-105] DEBUG org.activiti.engine.impl.persistence.entity.JobEntity.selectNextTimerJobsToExecute  - ==&gt; Parameters: 2001-01-01 01:23:46.0(Timestamp), 2001-01-01 01:23:46.0(Timestamp), 1(Integer), 0(Integer)
10:48:10,915 [Thread-102] DEBUG org.activiti.engine.impl.persistence.entity.JobEntity.selectNextTimerJobsToExecute  - ==&gt; Parameters: 2001-01-01 01:23:46.0(Timestamp), 2001-01-01 01:23:46.0(Timestamp), 1(Integer), 0(Integer)
10:48:10,915 [Thread-111] DEBUG org.activiti.engine.impl.persistence.entity.JobEntity.selectNextTimerJobsToExecute  - ==&gt; Parameters: 2001-01-01 01:23:46.0(Timestamp), 2001-01-01 01:23:46.0(Timestamp), 1(Integer), 0(Integer)
10:48:10,915 [Thread-103] DEBUG org.activiti.engine.impl.persistence.entity.JobEntity.selectAsyncJobsDueToExecute  - ==&gt; Parameters: 2001-01-01 01:23:46.0(Timestamp), 2001-01-01 01:23:46.0(Timestamp), 1(Integer), 0(Integer)
10:48:10,915 [Thread-112] DEBUG org.activiti.engine.impl.persistence.entity.JobEntity.selectAsyncJobsDueToExecute  - &lt;==      Total: 0
10:48:10,915 [Thread-106] DEBUG org.activiti.engine.impl.persistence.entity.JobEntity.selectAsyncJobsDueToExecute  - ==&gt;  Preparing: select RES.* from ACT_RU_JOB RES LEFT OUTER JOIN ACT_RU_EXECUTION PI ON PI.ID_ = RES.PROCESS_INSTANCE_ID_ where RES.RETRIES_ &gt; 0 and RES.DUEDATE_ is not null and RES.DUEDATE_ &lt;= ? and (RES.LOCK_EXP_TIME_ is null or RES.LOCK_EXP_TIME_ &lt;= ?) and TYPE_ = &apos;message&apos; and ( (RES.EXECUTION_ID_ is null) or (PI.SUSPENSION_STATE_ = 1) ) LIMIT ? OFFSET ? 
10:48:10,915 [pool-23-thread-4] DEBUG org.activiti.engine.impl.bpmn.behavior.BpmnActivityBehavior  - Leaving activity &apos;task3&apos;
10:48:10,915 [pool-23-thread-1] DEBUG org.activiti.engine.impl.history.DefaultHistoryManager  - Current history level: AUDIT, level required: ACTIVITY
10:48:10,915 [pool-23-thread-10] DEBUG org.activiti.engine.impl.pvm.runtime.AtomicOperationActivityExecute  - ProcessInstance[a6e56165-c6c9-11ed-aa5a-de215c025445] executes Activity(theStart): org.activiti.engine.impl.bpmn.behavior.NoneStartEventActivityBehavior
10:48:10,915 [pool-23-thread-7] DEBUG org.activiti.engine.impl.pvm.runtime.AtomicOperationTransitionNotifyListenerTake  - ProcessInstance[a6e31757-c6c9-11ed-aa5a-de215c025445] takes transition (task3)--flow4--&gt;(task4)
10:48:10,916 [pool-23-thread-10] DEBUG org.activiti.engine.impl.persistence.entity.JobEntity.selectJobsByExecutionId  - ==&gt;  Preparing: select * from ACT_RU_JOB J where J.EXECUTION_ID_ = ? 
10:48:10,916 [pool-23-thread-1] DEBUG org.activiti.engine.impl.pvm.runtime.AtomicOperationActivityExecute  - ProcessInstance[a6e4ec2d-c6c9-11ed-aa5a-de215c025445] executes Activity(task1): org.activiti.engine.impl.bpmn.behavior.ManualTaskActivityBehavior
10:48:10,917 [pool-23-thread-10] DEBUG org.activiti.engine.impl.persistence.entity.JobEntity.selectJobsByExecutionId  - ==&gt; Parameters: a6e56165-c6c9-11ed-aa5a-de215c025445(String)
10:48:10,916 [pool-23-thread-4] DEBUG org.activiti.engine.impl.history.DefaultHistoryManager  - Current history level: AUDIT, level required: ACTIVITY
10:48:10,916 [Thread-106] DEBUG org.activiti.engine.impl.persistence.entity.JobEntity.selectAsyncJobsDueToExecute  - ==&gt; Parameters: 2001-01-01 01:23:46.0(Timestamp), 2001-01-01 01:23:46.0(Timestamp), 1(Integer), 0(Integer)
10:48:10,916 [Thread-112] DEBUG org.activiti.engine.impl.db.DbSqlSession  - flush summary: 0 insert, 0 update, 0 delete.
10:48:10,917 [Thread-112] DEBUG org.activiti.engine.impl.db.DbSqlSession  - now executing flush...
10:48:10,917 [Thread-112] DEBUG org.activiti.engine.impl.cfg.standalone.StandaloneMybatisTransactionContext  - firing event committing...
10:48:10,917 [Thread-112] DEBUG org.activiti.engine.impl.cfg.standalone.StandaloneMybatisTransactionContext  - committing the ibatis sql session...
10:48:10,917 [Thread-112] DEBUG org.activiti.engine.impl.cfg.standalone.StandaloneMybatisTransactionContext  - firing event committed...
10:48:10,917 [Thread-112] DEBUG org.apache.ibatis.transaction.jdbc.JdbcTransaction  - Resetting autocommit to true on JDBC Connection [conn70: url=jdbc:h2:mem:activiti-AsyncExecutorTest user=SA]
10:48:10,916 [Thread-103] DEBUG org.activiti.engine.impl.persistence.entity.JobEntity.selectAsyncJobsDueToExecute  - &lt;==      Total: 0
10:48:10,916 [Thread-111] DEBUG org.activiti.engine.impl.persistence.entity.JobEntity.selectNextTimerJobsToExecute  - &lt;==      Total: 0
10:48:10,917 [Thread-111] DEBUG org.activiti.engine.impl.db.DbSqlSession  - flush summary: 0 insert, 0 update, 0 delete.
10:48:10,917 [Thread-111] DEBUG org.activiti.engine.impl.db.DbSqlSession  - now executing flush...
10:48:10,917 [Thread-111] DEBUG org.activiti.engine.impl.cfg.standalone.StandaloneMybatisTransactionContext  - firing event committing...
10:48:10,917 [Thread-111] DEBUG org.activiti.engine.impl.cfg.standalone.StandaloneMybatisTransactionContext  - committing the ibatis sql session...
10:48:10,917 [Thread-111] DEBUG org.activiti.engine.impl.cfg.standalone.StandaloneMybatisTransactionContext  - firing event committed...
10:48:10,917 [Thread-111] DEBUG org.apache.ibatis.transaction.jdbc.JdbcTransaction  - Resetting autocommit to true on JDBC Connection [conn69: url=jdbc:h2:mem:activiti-AsyncExecutorTest user=SA]
10:48:10,916 [Thread-102] DEBUG org.activiti.engine.impl.persistence.entity.JobEntity.selectNextTimerJobsToExecute  - &lt;==      Total: 0
10:48:10,917 [Thread-102] DEBUG org.activiti.engine.impl.db.DbSqlSession  - flush summary: 0 insert, 0 update, 0 delete.
10:48:10,917 [Thread-102] DEBUG org.activiti.engine.impl.db.DbSqlSession  - now executing flush...
10:48:10,917 [Thread-102] DEBUG org.activiti.engine.impl.cfg.standalone.StandaloneMybatisTransactionContext  - firing event committing...
10:48:10,917 [Thread-102] DEBUG org.activiti.engine.impl.cfg.standalone.StandaloneMybatisTransactionContext  - committing the ibatis sql session...
10:48:10,917 [Thread-102] DEBUG org.activiti.engine.impl.cfg.standalone.StandaloneMybatisTransactionContext  - firing event committed...
10:48:10,917 [Thread-102] DEBUG org.apache.ibatis.transaction.jdbc.JdbcTransaction  - Resetting autocommit to true on JDBC Connection [conn61: url=jdbc:h2:mem:activiti-AsyncExecutorTest user=SA]
10:48:10,917 [Thread-102] DEBUG org.apache.ibatis.transaction.jdbc.JdbcTransaction  - Closing JDBC Connection [conn61: url=jdbc:h2:mem:activiti-AsyncExecutorTest user=SA]
10:48:10,917 [Thread-102] DEBUG org.apache.ibatis.datasource.pooled.PooledDataSource  - Returned connection 157985567 to pool.
10:48:10,917 [Thread-102] DEBUG org.activiti.engine.impl.interceptor.LogInterceptor  - --- AcquireTimerJobsCmd finished --------------------------------------------------------
10:48:10,917 [Thread-102] DEBUG org.activiti.engine.impl.interceptor.LogInterceptor  - 

10:48:10,916 [Thread-105] DEBUG org.activiti.engine.impl.persistence.entity.JobEntity.selectNextTimerJobsToExecute  - &lt;==      Total: 0
10:48:10,917 [Thread-105] DEBUG org.activiti.engine.impl.db.DbSqlSession  - flush summary: 0 insert, 0 update, 0 delete.
10:48:10,917 [Thread-105] DEBUG org.activiti.engine.impl.db.DbSqlSession  - now executing flush...
10:48:10,918 [Thread-105] DEBUG org.activiti.engine.impl.cfg.standalone.StandaloneMybatisTransactionContext  - firing event committing...
10:48:10,918 [Thread-105] DEBUG org.activiti.engine.impl.cfg.standalone.StandaloneMybatisTransactionContext  - committing the ibatis sql session...
10:48:10,918 [Thread-105] DEBUG org.activiti.engine.impl.cfg.standalone.StandaloneMybatisTransactionContext  - firing event committed...
10:48:10,918 [Thread-105] DEBUG org.apache.ibatis.transaction.jdbc.JdbcTransaction  - Resetting autocommit to true on JDBC Connection [conn63: url=jdbc:h2:mem:activiti-AsyncExecutorTest user=SA]
10:48:10,916 [pool-23-thread-6] DEBUG org.activiti.engine.impl.history.DefaultHistoryManager  - Current history level: AUDIT, level required: ACTIVITY
10:48:10,916 [pool-23-thread-2] DEBUG org.activiti.engine.impl.history.DefaultHistoryManager  - Current history level: AUDIT, level required: ACTIVITY
10:48:10,918 [pool-23-thread-2] DEBUG org.activiti.engine.impl.pvm.runtime.AtomicOperationActivityExecute  - ProcessInstance[a6e4c516-c6c9-11ed-aa5a-de215c025445] executes Activity(task2): org.activiti.engine.impl.bpmn.behavior.ManualTaskActivityBehavior
10:48:10,916 [pool-23-thread-9] DEBUG org.activiti.engine.impl.pvm.runtime.AtomicOperationActivityExecute  - ProcessInstance[a6e49e05-c6c9-11ed-aa5a-de215c025445] executes Activity(task2): org.activiti.engine.impl.bpmn.behavior.ManualTaskActivityBehavior
10:48:10,916 [pool-23-thread-3] DEBUG org.activiti.engine.impl.persistence.entity.ExecutionEntity  - initializing ProcessInstance[a6e5d69b-c6c9-11ed-aa5a-de215c025445]
10:48:10,916 [pool-23-thread-5] DEBUG org.activiti.engine.impl.pvm.runtime.AtomicOperationActivityExecute  - ProcessInstance[a6e49e04-c6c9-11ed-aa5a-de215c025445] executes Activity(task2): org.activiti.engine.impl.bpmn.behavior.ManualTaskActivityBehavior
10:48:10,918 [pool-23-thread-5] DEBUG org.activiti.engine.impl.bpmn.behavior.BpmnActivityBehavior  - Leaving activity &apos;task2&apos;
10:48:10,916 [pool-23-thread-8] DEBUG org.activiti.engine.impl.bpmn.behavior.BpmnActivityBehavior  - Leaving activity &apos;task1&apos;
10:48:10,918 [pool-23-thread-5] DEBUG org.activiti.engine.impl.history.DefaultHistoryManager  - Current history level: AUDIT, level required: ACTIVITY
10:48:10,918 [pool-23-thread-3] DEBUG org.activiti.engine.impl.history.DefaultHistoryManager  - Current history level: AUDIT, level required: ACTIVITY
10:48:10,918 [pool-23-thread-9] DEBUG org.activiti.engine.impl.bpmn.behavior.BpmnActivityBehavior  - Leaving activity &apos;task2&apos;
10:48:10,918 [pool-23-thread-9] DEBUG org.activiti.engine.impl.history.DefaultHistoryManager  - Current history level: AUDIT, level required: ACTIVITY
10:48:10,918 [pool-23-thread-9] DEBUG org.activiti.engine.impl.pvm.runtime.AtomicOperationTransitionNotifyListenerTake  - ProcessInstance[a6e49e05-c6c9-11ed-aa5a-de215c025445] takes transition (task2)--flow3--&gt;(task3)
10:48:10,918 [pool-23-thread-9] DEBUG org.activiti.engine.impl.history.DefaultHistoryManager  - Current history level: AUDIT, level required: ACTIVITY
10:48:10,918 [pool-23-thread-2] DEBUG org.activiti.engine.impl.bpmn.behavior.BpmnActivityBehavior  - Leaving activity &apos;task2&apos;
10:48:10,918 [pool-23-thread-6] DEBUG org.activiti.engine.impl.pvm.runtime.AtomicOperationActivityExecute  - ProcessInstance[a6e4c517-c6c9-11ed-aa5a-de215c025445] executes Activity(task3): org.activiti.engine.impl.bpmn.behavior.ManualTaskActivityBehavior
10:48:10,918 [pool-23-thread-6] DEBUG org.activiti.engine.impl.bpmn.behavior.BpmnActivityBehavior  - Leaving activity &apos;task3&apos;
10:48:10,918 [Thread-105] DEBUG org.apache.ibatis.transaction.jdbc.JdbcTransaction  - Closing JDBC Connection [conn63: url=jdbc:h2:mem:activiti-AsyncExecutorTest user=SA]
10:48:10,918 [Thread-105] DEBUG org.apache.ibatis.datasource.pooled.PooledDataSource  - Returned connection 1970103261 to pool.
10:48:10,918 [Thread-105] DEBUG org.activiti.engine.impl.interceptor.LogInterceptor  - --- AcquireTimerJobsCmd finished --------------------------------------------------------
10:48:10,918 [Thread-105] DEBUG org.activiti.engine.impl.interceptor.LogInterceptor  - 

10:48:10,917 [Thread-102] DEBUG org.activiti.engine.impl.asyncexecutor.AcquireTimerJobsRunnable  - timer job acquisition thread sleeping for 50 millis
10:48:10,917 [Thread-111] DEBUG org.apache.ibatis.transaction.jdbc.JdbcTransaction  - Closing JDBC Connection [conn69: url=jdbc:h2:mem:activiti-AsyncExecutorTest user=SA]
10:48:10,919 [Thread-111] DEBUG org.apache.ibatis.datasource.pooled.PooledDataSource  - Returned connection 1863805930 to pool.
10:48:10,919 [Thread-111] DEBUG org.activiti.engine.impl.interceptor.LogInterceptor  - --- AcquireTimerJobsCmd finished --------------------------------------------------------
10:48:10,919 [Thread-111] DEBUG org.activiti.engine.impl.interceptor.LogInterceptor  - 

10:48:10,919 [Thread-111] DEBUG org.activiti.engine.impl.asyncexecutor.AcquireTimerJobsRunnable  - timer job acquisition thread sleeping for 50 millis
10:48:10,917 [Thread-103] DEBUG org.activiti.engine.impl.db.DbSqlSession  - flush summary: 0 insert, 0 update, 0 delete.
10:48:10,919 [Thread-103] DEBUG org.activiti.engine.impl.db.DbSqlSession  - now executing flush...
10:48:10,919 [Thread-103] DEBUG org.activiti.engine.impl.cfg.standalone.StandaloneMybatisTransactionContext  - firing event committing...
10:48:10,919 [Thread-103] DEBUG org.activiti.engine.impl.cfg.standalone.StandaloneMybatisTransactionContext  - committing the ibatis sql session...
10:48:10,919 [Thread-103] DEBUG org.activiti.engine.impl.cfg.standalone.StandaloneMybatisTransactionContext  - firing event committed...
10:48:10,919 [Thread-103] DEBUG org.apache.ibatis.transaction.jdbc.JdbcTransaction  - Resetting autocommit to true on JDBC Connection [conn60: url=jdbc:h2:mem:activiti-AsyncExecutorTest user=SA]
10:48:10,917 [Thread-112] DEBUG org.apache.ibatis.transaction.jdbc.JdbcTransaction  - Closing JDBC Connection [conn70: url=jdbc:h2:mem:activiti-AsyncExecutorTest user=SA]
10:48:10,919 [Thread-112] DEBUG org.apache.ibatis.datasource.pooled.PooledDataSource  - Returned connection 604408605 to pool.
10:48:10,919 [Thread-112] DEBUG org.activiti.engine.impl.interceptor.LogInterceptor  - --- AcquireAsyncJobsDueCmd finished --------------------------------------------------------
10:48:10,919 [Thread-112] DEBUG org.activiti.engine.impl.interceptor.LogInterceptor  - 

10:48:10,917 [Thread-106] DEBUG org.activiti.engine.impl.persistence.entity.JobEntity.selectAsyncJobsDueToExecute  - &lt;==      Total: 0
10:48:10,917 [pool-23-thread-4] DEBUG org.activiti.engine.impl.pvm.runtime.AtomicOperationTransitionNotifyListenerTake  - ProcessInstance[a6e428cf-c6c9-11ed-aa5a-de215c025445] takes transition (task3)--flow4--&gt;(task4)
10:48:10,917 [pool-23-thread-10] DEBUG org.activiti.engine.impl.persistence.entity.JobEntity.selectJobsByExecutionId  - &lt;==      Total: 0
10:48:10,919 [pool-23-thread-10] DEBUG org.activiti.engine.impl.bpmn.behavior.BpmnActivityBehavior  - Leaving activity &apos;theStart&apos;
10:48:10,917 [pool-23-thread-1] DEBUG org.activiti.engine.impl.bpmn.behavior.BpmnActivityBehavior  - Leaving activity &apos;task1&apos;
10:48:10,917 [pool-23-thread-7] DEBUG org.activiti.engine.impl.history.DefaultHistoryManager  - Current history level: AUDIT, level required: ACTIVITY
10:48:10,919 [pool-23-thread-1] DEBUG org.activiti.engine.impl.history.DefaultHistoryManager  - Current history level: AUDIT, level required: ACTIVITY
10:48:10,919 [pool-23-thread-10] DEBUG org.activiti.engine.impl.history.DefaultHistoryManager  - Current history level: AUDIT, level required: ACTIVITY
10:48:10,919 [pool-23-thread-4] DEBUG org.activiti.engine.impl.history.DefaultHistoryManager  - Current history level: AUDIT, level required: ACTIVITY
10:48:10,919 [Thread-106] DEBUG org.activiti.engine.impl.db.DbSqlSession  - flush summary: 0 insert, 0 update, 0 delete.
10:48:10,919 [Thread-106] DEBUG org.activiti.engine.impl.db.DbSqlSession  - now executing flush...
10:48:10,919 [Thread-106] DEBUG org.activiti.engine.impl.cfg.standalone.StandaloneMybatisTransactionContext  - firing event committing...
10:48:10,919 [Thread-106] DEBUG org.activiti.engine.impl.cfg.standalone.StandaloneMybatisTransactionContext  - committing the ibatis sql session...
10:48:10,919 [Thread-106] DEBUG org.activiti.engine.impl.cfg.standalone.StandaloneMybatisTransactionContext  - firing event committed...
10:48:10,919 [Thread-106] DEBUG org.apache.ibatis.transaction.jdbc.JdbcTransaction  - Resetting autocommit to true on JDBC Connection [conn65: url=jdbc:h2:mem:activiti-AsyncExecutorTest user=SA]
10:48:10,919 [Thread-112] DEBUG org.activiti.engine.impl.asyncexecutor.AcquireAsyncJobsDueRunnable  - async job acquisition thread sleeping for 50 millis
10:48:10,919 [Thread-103] DEBUG org.apache.ibatis.transaction.jdbc.JdbcTransaction  - Closing JDBC Connection [conn60: url=jdbc:h2:mem:activiti-AsyncExecutorTest user=SA]
10:48:10,920 [Thread-103] DEBUG org.apache.ibatis.datasource.pooled.PooledDataSource  - Returned connection 33534803 to pool.
10:48:10,918 [Thread-105] DEBUG org.activiti.engine.impl.asyncexecutor.AcquireTimerJobsRunnable  - timer job acquisition thread sleeping for 50 millis
10:48:10,918 [pool-23-thread-6] DEBUG org.activiti.engine.impl.history.DefaultHistoryManager  - Current history level: AUDIT, level required: ACTIVITY
10:48:10,918 [pool-23-thread-2] DEBUG org.activiti.engine.impl.history.DefaultHistoryManager  - Current history level: AUDIT, level required: ACTIVITY
10:48:10,920 [pool-23-thread-2] DEBUG org.activiti.engine.impl.pvm.runtime.AtomicOperationTransitionNotifyListenerTake  - ProcessInstance[a6e4c516-c6c9-11ed-aa5a-de215c025445] takes transition (task2)--flow3--&gt;(task3)
10:48:10,918 [pool-23-thread-9] DEBUG org.activiti.engine.impl.pvm.runtime.AtomicOperationActivityExecute  - ProcessInstance[a6e49e05-c6c9-11ed-aa5a-de215c025445] executes Activity(task3): org.activiti.engine.impl.bpmn.behavior.ManualTaskActivityBehavior
10:48:10,918 [pool-23-thread-3] DEBUG org.activiti.engine.impl.pvm.runtime.AtomicOperationActivityExecute  - ProcessInstance[a6e5d69b-c6c9-11ed-aa5a-de215c025445] executes Activity(theStart): org.activiti.engine.impl.bpmn.behavior.NoneStartEventActivityBehavior
10:48:10,918 [pool-23-thread-5] DEBUG org.activiti.engine.impl.pvm.runtime.AtomicOperationTransitionNotifyListenerTake  - ProcessInstance[a6e49e04-c6c9-11ed-aa5a-de215c025445] takes transition (task2)--flow3--&gt;(task3)
10:48:10,918 [pool-23-thread-8] DEBUG org.activiti.engine.impl.history.DefaultHistoryManager  - Current history level: AUDIT, level required: ACTIVITY
10:48:10,920 [pool-23-thread-5] DEBUG org.activiti.engine.impl.history.DefaultHistoryManager  - Current history level: AUDIT, level required: ACTIVITY
10:48:10,920 [pool-23-thread-3] DEBUG org.activiti.engine.impl.persistence.entity.JobEntity.selectJobsByExecutionId  - ==&gt;  Preparing: select * from ACT_RU_JOB J where J.EXECUTION_ID_ = ? 
10:48:10,920 [pool-23-thread-9] DEBUG org.activiti.engine.impl.bpmn.behavior.BpmnActivityBehavior  - Leaving activity &apos;task3&apos;
10:48:10,920 [pool-23-thread-9] DEBUG org.activiti.engine.impl.history.DefaultHistoryManager  - Current history level: AUDIT, level required: ACTIVITY
10:48:10,920 [pool-23-thread-2] DEBUG org.activiti.engine.impl.history.DefaultHistoryManager  - Current history level: AUDIT, level required: ACTIVITY
10:48:10,920 [pool-23-thread-6] DEBUG org.activiti.engine.impl.pvm.runtime.AtomicOperationTransitionNotifyListenerTake  - ProcessInstance[a6e4c517-c6c9-11ed-aa5a-de215c025445] takes transition (task3)--flow4--&gt;(task4)
10:48:10,920 [Thread-103] DEBUG org.activiti.engine.impl.interceptor.LogInterceptor  - --- AcquireAsyncJobsDueCmd finished --------------------------------------------------------
10:48:10,920 [Thread-103] DEBUG org.activiti.engine.impl.interceptor.LogInterceptor  - 

10:48:10,920 [Thread-106] DEBUG org.apache.ibatis.transaction.jdbc.JdbcTransaction  - Closing JDBC Connection [conn65: url=jdbc:h2:mem:activiti-AsyncExecutorTest user=SA]
10:48:10,920 [Thread-106] DEBUG org.apache.ibatis.datasource.pooled.PooledDataSource  - Returned connection 996762054 to pool.
10:48:10,919 [pool-23-thread-4] DEBUG org.activiti.engine.impl.pvm.runtime.AtomicOperationActivityExecute  - ProcessInstance[a6e428cf-c6c9-11ed-aa5a-de215c025445] executes Activity(task4): org.activiti.engine.impl.bpmn.behavior.UserTaskActivityBehavior
10:48:10,919 [pool-23-thread-10] DEBUG org.activiti.engine.impl.pvm.runtime.AtomicOperationTransitionNotifyListenerTake  - ProcessInstance[a6e56165-c6c9-11ed-aa5a-de215c025445] takes transition (theStart)--flow1--&gt;(task1)
10:48:10,921 [pool-23-thread-10] DEBUG org.activiti.engine.impl.history.DefaultHistoryManager  - Current history level: AUDIT, level required: ACTIVITY
10:48:10,919 [pool-23-thread-1] DEBUG org.activiti.engine.impl.pvm.runtime.AtomicOperationTransitionNotifyListenerTake  - ProcessInstance[a6e4ec2d-c6c9-11ed-aa5a-de215c025445] takes transition (task1)--flow2--&gt;(task2)
10:48:10,919 [pool-23-thread-7] DEBUG org.activiti.engine.impl.pvm.runtime.AtomicOperationActivityExecute  - ProcessInstance[a6e31757-c6c9-11ed-aa5a-de215c025445] executes Activity(task4): org.activiti.engine.impl.bpmn.behavior.UserTaskActivityBehavior
10:48:10,921 [pool-23-thread-1] DEBUG org.activiti.engine.impl.history.DefaultHistoryManager  - Current history level: AUDIT, level required: ACTIVITY
10:48:10,921 [pool-23-thread-10] DEBUG org.activiti.engine.impl.pvm.runtime.AtomicOperationActivityExecute  - ProcessInstance[a6e56165-c6c9-11ed-aa5a-de215c025445] executes Activity(task1): org.activiti.engine.impl.bpmn.behavior.ManualTaskActivityBehavior
10:48:10,921 [pool-23-thread-10] DEBUG org.activiti.engine.impl.bpmn.behavior.BpmnActivityBehavior  - Leaving activity &apos;task1&apos;
10:48:10,920 [pool-23-thread-4] DEBUG org.activiti.engine.impl.persistence.entity.TaskEntity.selectTasksByExecutionId  - ==&gt;  Preparing: select distinct T.* from ACT_RU_TASK T where T.EXECUTION_ID_ = ? 
10:48:10,920 [Thread-106] DEBUG org.activiti.engine.impl.interceptor.LogInterceptor  - --- AcquireAsyncJobsDueCmd finished --------------------------------------------------------
10:48:10,921 [pool-23-thread-4] DEBUG org.activiti.engine.impl.persistence.entity.TaskEntity.selectTasksByExecutionId  - ==&gt; Parameters: a6e428cf-c6c9-11ed-aa5a-de215c025445(String)
10:48:10,920 [Thread-103] DEBUG org.activiti.engine.impl.asyncexecutor.AcquireAsyncJobsDueRunnable  - async job acquisition thread sleeping for 50 millis
10:48:10,920 [pool-23-thread-6] DEBUG org.activiti.engine.impl.history.DefaultHistoryManager  - Current history level: AUDIT, level required: ACTIVITY
10:48:10,920 [pool-23-thread-2] DEBUG org.activiti.engine.impl.pvm.runtime.AtomicOperationActivityExecute  - ProcessInstance[a6e4c516-c6c9-11ed-aa5a-de215c025445] executes Activity(task3): org.activiti.engine.impl.bpmn.behavior.ManualTaskActivityBehavior
10:48:10,921 [pool-23-thread-2] DEBUG org.activiti.engine.impl.bpmn.behavior.BpmnActivityBehavior  - Leaving activity &apos;task3&apos;
10:48:10,921 [pool-23-thread-2] DEBUG org.activiti.engine.impl.history.DefaultHistoryManager  - Current history level: AUDIT, level required: ACTIVITY
10:48:10,920 [pool-23-thread-9] DEBUG org.activiti.engine.impl.pvm.runtime.AtomicOperationTransitionNotifyListenerTake  - ProcessInstance[a6e49e05-c6c9-11ed-aa5a-de215c025445] takes transition (task3)--flow4--&gt;(task4)
10:48:10,920 [pool-23-thread-3] DEBUG org.activiti.engine.impl.persistence.entity.JobEntity.selectJobsByExecutionId  - ==&gt; Parameters: a6e5d69b-c6c9-11ed-aa5a-de215c025445(String)
10:48:10,920 [pool-23-thread-5] DEBUG org.activiti.engine.impl.pvm.runtime.AtomicOperationActivityExecute  - ProcessInstance[a6e49e04-c6c9-11ed-aa5a-de215c025445] executes Activity(task3): org.activiti.engine.impl.bpmn.behavior.ManualTaskActivityBehavior
10:48:10,920 [pool-23-thread-8] DEBUG org.activiti.engine.impl.pvm.runtime.AtomicOperationTransitionNotifyListenerTake  - ProcessInstance[a6e44fe0-c6c9-11ed-aa5a-de215c025445] takes transition (task1)--flow2--&gt;(task2)
10:48:10,921 [pool-23-thread-5] DEBUG org.activiti.engine.impl.bpmn.behavior.BpmnActivityBehavior  - Leaving activity &apos;task3&apos;
10:48:10,921 [pool-23-thread-3] DEBUG org.activiti.engine.impl.persistence.entity.JobEntity.selectJobsByExecutionId  - &lt;==      Total: 0
10:48:10,921 [pool-23-thread-3] DEBUG org.activiti.engine.impl.bpmn.behavior.BpmnActivityBehavior  - Leaving activity &apos;theStart&apos;
10:48:10,921 [pool-23-thread-9] DEBUG org.activiti.engine.impl.history.DefaultHistoryManager  - Current history level: AUDIT, level required: ACTIVITY
10:48:10,922 [pool-23-thread-9] DEBUG org.activiti.engine.impl.pvm.runtime.AtomicOperationActivityExecute  - ProcessInstance[a6e49e05-c6c9-11ed-aa5a-de215c025445] executes Activity(task4): org.activiti.engine.impl.bpmn.behavior.UserTaskActivityBehavior
10:48:10,921 [pool-23-thread-2] DEBUG org.activiti.engine.impl.pvm.runtime.AtomicOperationTransitionNotifyListenerTake  - ProcessInstance[a6e4c516-c6c9-11ed-aa5a-de215c025445] takes transition (task3)--flow4--&gt;(task4)
10:48:10,921 [pool-23-thread-6] DEBUG org.activiti.engine.impl.pvm.runtime.AtomicOperationActivityExecute  - ProcessInstance[a6e4c517-c6c9-11ed-aa5a-de215c025445] executes Activity(task4): org.activiti.engine.impl.bpmn.behavior.UserTaskActivityBehavior
10:48:10,921 [pool-23-thread-4] DEBUG org.activiti.engine.impl.persistence.entity.TaskEntity.selectTasksByExecutionId  - &lt;==      Total: 0
10:48:10,922 [pool-23-thread-4] DEBUG org.activiti.engine.impl.history.DefaultHistoryManager  - Current history level: AUDIT, level required: AUDIT
10:48:10,921 [Thread-106] DEBUG org.activiti.engine.impl.interceptor.LogInterceptor  - 

10:48:10,922 [Thread-106] DEBUG org.activiti.engine.impl.asyncexecutor.AcquireAsyncJobsDueRunnable  - async job acquisition thread sleeping for 50 millis
10:48:10,921 [pool-23-thread-10] DEBUG org.activiti.engine.impl.history.DefaultHistoryManager  - Current history level: AUDIT, level required: ACTIVITY
10:48:10,921 [pool-23-thread-1] DEBUG org.activiti.engine.impl.pvm.runtime.AtomicOperationActivityExecute  - ProcessInstance[a6e4ec2d-c6c9-11ed-aa5a-de215c025445] executes Activity(task2): org.activiti.engine.impl.bpmn.behavior.ManualTaskActivityBehavior
10:48:10,921 [pool-23-thread-7] DEBUG org.activiti.engine.impl.persistence.entity.TaskEntity.selectTasksByExecutionId  - ==&gt;  Preparing: select distinct T.* from ACT_RU_TASK T where T.EXECUTION_ID_ = ? 
10:48:10,922 [pool-23-thread-1] DEBUG org.activiti.engine.impl.bpmn.behavior.BpmnActivityBehavior  - Leaving activity &apos;task2&apos;
10:48:10,922 [pool-23-thread-7] DEBUG org.activiti.engine.impl.persistence.entity.TaskEntity.selectTasksByExecutionId  - ==&gt; Parameters: a6e31757-c6c9-11ed-aa5a-de215c025445(String)
10:48:10,922 [pool-23-thread-10] DEBUG org.activiti.engine.impl.pvm.runtime.AtomicOperationTransitionNotifyListenerTake  - ProcessInstance[a6e56165-c6c9-11ed-aa5a-de215c025445] takes transition (task1)--flow2--&gt;(task2)
10:48:10,922 [pool-23-thread-4] DEBUG org.activiti.engine.impl.history.DefaultHistoryManager  - Current history level: AUDIT, level required: AUDIT
10:48:10,922 [pool-23-thread-6] DEBUG org.activiti.engine.impl.persistence.entity.TaskEntity.selectTasksByExecutionId  - ==&gt;  Preparing: select distinct T.* from ACT_RU_TASK T where T.EXECUTION_ID_ = ? 
10:48:10,922 [pool-23-thread-2] DEBUG org.activiti.engine.impl.history.DefaultHistoryManager  - Current history level: AUDIT, level required: ACTIVITY
10:48:10,922 [pool-23-thread-9] DEBUG org.activiti.engine.impl.persistence.entity.TaskEntity.selectTasksByExecutionId  - ==&gt;  Preparing: select distinct T.* from ACT_RU_TASK T where T.EXECUTION_ID_ = ? 
10:48:10,921 [pool-23-thread-3] DEBUG org.activiti.engine.impl.history.DefaultHistoryManager  - Current history level: AUDIT, level required: ACTIVITY
10:48:10,921 [pool-23-thread-5] DEBUG org.activiti.engine.impl.history.DefaultHistoryManager  - Current history level: AUDIT, level required: ACTIVITY
10:48:10,921 [pool-23-thread-8] DEBUG org.activiti.engine.impl.history.DefaultHistoryManager  - Current history level: AUDIT, level required: ACTIVITY
10:48:10,923 [pool-23-thread-5] DEBUG org.activiti.engine.impl.pvm.runtime.AtomicOperationTransitionNotifyListenerTake  - ProcessInstance[a6e49e04-c6c9-11ed-aa5a-de215c025445] takes transition (task3)--flow4--&gt;(task4)
10:48:10,922 [pool-23-thread-3] DEBUG org.activiti.engine.impl.pvm.runtime.AtomicOperationTransitionNotifyListenerTake  - ProcessInstance[a6e5d69b-c6c9-11ed-aa5a-de215c025445] takes transition (theStart)--flow1--&gt;(task1)
10:48:10,922 [pool-23-thread-9] DEBUG org.activiti.engine.impl.persistence.entity.TaskEntity.selectTasksByExecutionId  - ==&gt; Parameters: a6e49e05-c6c9-11ed-aa5a-de215c025445(String)
10:48:10,923 [pool-23-thread-9] DEBUG org.activiti.engine.impl.persistence.entity.TaskEntity.selectTasksByExecutionId  - &lt;==      Total: 0
10:48:10,923 [pool-23-thread-9] DEBUG org.activiti.engine.impl.history.DefaultHistoryManager  - Current history level: AUDIT, level required: AUDIT
10:48:10,923 [pool-23-thread-9] DEBUG org.activiti.engine.impl.history.DefaultHistoryManager  - Current history level: AUDIT, level required: AUDIT
10:48:10,923 [pool-23-thread-9] DEBUG org.activiti.engine.impl.history.DefaultHistoryManager  - Current history level: AUDIT, level required: AUDIT
10:48:10,922 [pool-23-thread-2] DEBUG org.activiti.engine.impl.pvm.runtime.AtomicOperationActivityExecute  - ProcessInstance[a6e4c516-c6c9-11ed-aa5a-de215c025445] executes Activity(task4): org.activiti.engine.impl.bpmn.behavior.UserTaskActivityBehavior
10:48:10,923 [pool-23-thread-2] DEBUG org.activiti.engine.impl.persistence.entity.TaskEntity.selectTasksByExecutionId  - ==&gt;  Preparing: select distinct T.* from ACT_RU_TASK T where T.EXECUTION_ID_ = ? 
10:48:10,922 [pool-23-thread-6] DEBUG org.activiti.engine.impl.persistence.entity.TaskEntity.selectTasksByExecutionId  - ==&gt; Parameters: a6e4c517-c6c9-11ed-aa5a-de215c025445(String)
10:48:10,922 [pool-23-thread-4] DEBUG org.activiti.engine.impl.history.DefaultHistoryManager  - Current history level: AUDIT, level required: AUDIT
10:48:10,923 [pool-23-thread-4] DEBUG org.activiti.engine.impl.history.DefaultHistoryManager  - Current history level: AUDIT, level required: ACTIVITY
10:48:10,922 [pool-23-thread-10] DEBUG org.activiti.engine.impl.history.DefaultHistoryManager  - Current history level: AUDIT, level required: ACTIVITY
10:48:10,922 [pool-23-thread-7] DEBUG org.activiti.engine.impl.persistence.entity.TaskEntity.selectTasksByExecutionId  - &lt;==      Total: 0
10:48:10,923 [pool-23-thread-7] DEBUG org.activiti.engine.impl.history.DefaultHistoryManager  - Current history level: AUDIT, level required: AUDIT
10:48:10,922 [pool-23-thread-1] DEBUG org.activiti.engine.impl.history.DefaultHistoryManager  - Current history level: AUDIT, level required: ACTIVITY
10:48:10,923 [pool-23-thread-7] DEBUG org.activiti.engine.impl.history.DefaultHistoryManager  - Current history level: AUDIT, level required: AUDIT
10:48:10,923 [pool-23-thread-7] DEBUG org.activiti.engine.impl.history.DefaultHistoryManager  - Current history level: AUDIT, level required: AUDIT
10:48:10,923 [pool-23-thread-10] DEBUG org.activiti.engine.impl.pvm.runtime.AtomicOperationActivityExecute  - ProcessInstance[a6e56165-c6c9-11ed-aa5a-de215c025445] executes Activity(task2): org.activiti.engine.impl.bpmn.behavior.ManualTaskActivityBehavior
10:48:10,923 [pool-23-thread-10] DEBUG org.activiti.engine.impl.bpmn.behavior.BpmnActivityBehavior  - Leaving activity &apos;task2&apos;
10:48:10,923 [pool-23-thread-4] DEBUG org.activiti.engine.impl.db.DbSqlSession  -   insert ProcessInstance[a6e428cf-c6c9-11ed-aa5a-de215c025445]
10:48:10,924 [pool-23-thread-4] DEBUG org.activiti.engine.impl.db.DbSqlSession  -   insert HistoricProcessInstanceEntity[superProcessInstanceId=null]
10:48:10,924 [pool-23-thread-4] DEBUG org.activiti.engine.impl.db.DbSqlSession  -   insert Task[id=a6e672e6-c6c9-11ed-aa5a-de215c025445, name=null]
10:48:10,924 [pool-23-thread-4] DEBUG org.activiti.engine.impl.db.DbSqlSession  -   insert HistoricTaskInstanceEntity[id=a6e672e6-c6c9-11ed-aa5a-de215c025445, name=null]
10:48:10,924 [pool-23-thread-4] DEBUG org.activiti.engine.impl.db.DbSqlSession  -   insert HistoricActivityInstanceEntity[activityId=theStart, activityName=null]
10:48:10,924 [pool-23-thread-4] DEBUG org.activiti.engine.impl.db.DbSqlSession  -   insert HistoricActivityInstanceEntity[activityId=task1, activityName=null]
10:48:10,924 [pool-23-thread-4] DEBUG org.activiti.engine.impl.db.DbSqlSession  -   insert HistoricActivityInstanceEntity[activityId=task2, activityName=null]
10:48:10,924 [pool-23-thread-4] DEBUG org.activiti.engine.impl.db.DbSqlSession  -   insert HistoricActivityInstanceEntity[activityId=task3, activityName=null]
10:48:10,924 [pool-23-thread-4] DEBUG org.activiti.engine.impl.db.DbSqlSession  -   insert HistoricActivityInstanceEntity[activityId=task4, activityName=null]
10:48:10,924 [pool-23-thread-4] DEBUG org.activiti.engine.impl.db.DbSqlSession  - flush summary: 9 insert, 0 update, 0 delete.
10:48:10,924 [pool-23-thread-4] DEBUG org.activiti.engine.impl.db.DbSqlSession  - now executing flush...
10:48:10,924 [pool-23-thread-4] DEBUG org.activiti.engine.impl.db.DbSqlSession  - inserting: HistoricTaskInstanceEntity[id=a6e672e6-c6c9-11ed-aa5a-de215c025445, name=null]
10:48:10,923 [pool-23-thread-6] DEBUG org.activiti.engine.impl.persistence.entity.TaskEntity.selectTasksByExecutionId  - &lt;==      Total: 0
10:48:10,924 [pool-23-thread-6] DEBUG org.activiti.engine.impl.history.DefaultHistoryManager  - Current history level: AUDIT, level required: AUDIT
10:48:10,924 [pool-23-thread-6] DEBUG org.activiti.engine.impl.history.DefaultHistoryManager  - Current history level: AUDIT, level required: AUDIT
10:48:10,924 [pool-23-thread-6] DEBUG org.activiti.engine.impl.history.DefaultHistoryManager  - Current history level: AUDIT, level required: AUDIT
10:48:10,923 [pool-23-thread-2] DEBUG org.activiti.engine.impl.persistence.entity.TaskEntity.selectTasksByExecutionId  - ==&gt; Parameters: a6e4c516-c6c9-11ed-aa5a-de215c025445(String)
10:48:10,923 [pool-23-thread-9] DEBUG org.activiti.engine.impl.history.DefaultHistoryManager  - Current history level: AUDIT, level required: ACTIVITY
10:48:10,923 [pool-23-thread-3] DEBUG org.activiti.engine.impl.history.DefaultHistoryManager  - Current history level: AUDIT, level required: ACTIVITY
10:48:10,923 [pool-23-thread-5] DEBUG org.activiti.engine.impl.history.DefaultHistoryManager  - Current history level: AUDIT, level required: ACTIVITY
10:48:10,923 [pool-23-thread-8] DEBUG org.activiti.engine.impl.pvm.runtime.AtomicOperationActivityExecute  - ProcessInstance[a6e44fe0-c6c9-11ed-aa5a-de215c025445] executes Activity(task2): org.activiti.engine.impl.bpmn.behavior.ManualTaskActivityBehavior
10:48:10,924 [pool-23-thread-5] DEBUG org.activiti.engine.impl.pvm.runtime.AtomicOperationActivityExecute  - ProcessInstance[a6e49e04-c6c9-11ed-aa5a-de215c025445] executes Activity(task4): org.activiti.engine.impl.bpmn.behavior.UserTaskActivityBehavior
10:48:10,924 [pool-23-thread-3] DEBUG org.activiti.engine.impl.pvm.runtime.AtomicOperationActivityExecute  - ProcessInstance[a6e5d69b-c6c9-11ed-aa5a-de215c025445] executes Activity(task1): org.activiti.engine.impl.bpmn.behavior.ManualTaskActivityBehavior
10:48:10,924 [pool-23-thread-3] DEBUG org.activiti.engine.impl.bpmn.behavior.BpmnActivityBehavior  - Leaving activity &apos;task1&apos;
10:48:10,924 [pool-23-thread-9] DEBUG org.activiti.engine.impl.db.DbSqlSession  -   insert ProcessInstance[a6e49e05-c6c9-11ed-aa5a-de215c025445]
10:48:10,924 [pool-23-thread-9] DEBUG org.activiti.engine.impl.db.DbSqlSession  -   insert HistoricProcessInstanceEntity[superProcessInstanceId=null]
10:48:10,924 [pool-23-thread-2] DEBUG org.activiti.engine.impl.persistence.entity.TaskEntity.selectTasksByExecutionId  - &lt;==      Total: 0
10:48:10,924 [pool-23-thread-2] DEBUG org.activiti.engine.impl.history.DefaultHistoryManager  - Current history level: AUDIT, level required: AUDIT
10:48:10,925 [pool-23-thread-2] DEBUG org.activiti.engine.impl.history.DefaultHistoryManager  - Current history level: AUDIT, level required: AUDIT
10:48:10,925 [pool-23-thread-2] DEBUG org.activiti.engine.impl.history.DefaultHistoryManager  - Current history level: AUDIT, level required: AUDIT
10:48:10,925 [pool-23-thread-2] DEBUG org.activiti.engine.impl.history.DefaultHistoryManager  - Current history level: AUDIT, level required: ACTIVITY
10:48:10,924 [pool-23-thread-6] DEBUG org.activiti.engine.impl.history.DefaultHistoryManager  - Current history level: AUDIT, level required: ACTIVITY
10:48:10,924 [pool-23-thread-4] DEBUG org.activiti.engine.impl.persistence.entity.HistoricTaskInstanceEntity.insertHistoricTaskInstance  - ==&gt;  Preparing: insert into ACT_HI_TASKINST ( ID_, PROC_DEF_ID_, PROC_INST_ID_, EXECUTION_ID_, NAME_, PARENT_TASK_ID_, DESCRIPTION_, OWNER_, ASSIGNEE_, START_TIME_, CLAIM_TIME_, END_TIME_, DURATION_, DELETE_REASON_, TASK_DEF_KEY_, FORM_KEY_, PRIORITY_, DUE_DATE_, CATEGORY_, TENANT_ID_ ) values ( ?, ?, ?, ?, ?, ?, ?, ?, ?, ?, ?, ?, ?, ?, ?, ?, ?, ?, ?, ? ) 
10:48:10,924 [pool-23-thread-10] DEBUG org.activiti.engine.impl.history.DefaultHistoryManager  - Current history level: AUDIT, level required: ACTIVITY
10:48:10,923 [pool-23-thread-7] DEBUG org.activiti.engine.impl.history.DefaultHistoryManager  - Current history level: AUDIT, level required: ACTIVITY
10:48:10,923 [pool-23-thread-1] DEBUG org.activiti.engine.impl.pvm.runtime.AtomicOperationTransitionNotifyListenerTake  - ProcessInstance[a6e4ec2d-c6c9-11ed-aa5a-de215c025445] takes transition (task2)--flow3--&gt;(task3)
10:48:10,925 [pool-23-thread-7] DEBUG org.activiti.engine.impl.db.DbSqlSession  -   insert ProcessInstance[a6e31757-c6c9-11ed-aa5a-de215c025445]
10:48:10,925 [pool-23-thread-7] DEBUG org.activiti.engine.impl.db.DbSqlSession  -   insert HistoricProcessInstanceEntity[superProcessInstanceId=null]
10:48:10,925 [pool-23-thread-7] DEBUG org.activiti.engine.impl.db.DbSqlSession  -   insert Task[id=a6e699f8-c6c9-11ed-aa5a-de215c025445, name=null]
10:48:10,925 [pool-23-thread-7] DEBUG org.activiti.engine.impl.db.DbSqlSession  -   insert HistoricTaskInstanceEntity[id=a6e699f8-c6c9-11ed-aa5a-de215c025445, name=null]
10:48:10,925 [pool-23-thread-7] DEBUG org.activiti.engine.impl.db.DbSqlSession  -   insert HistoricActivityInstanceEntity[activityId=theStart, activityName=null]
10:48:10,925 [pool-23-thread-7] DEBUG org.activiti.engine.impl.db.DbSqlSession  -   insert HistoricActivityInstanceEntity[activityId=task1, activityName=null]
10:48:10,925 [pool-23-thread-7] DEBUG org.activiti.engine.impl.db.DbSqlSession  -   insert HistoricActivityInstanceEntity[activityId=task2, activityName=null]
10:48:10,925 [pool-23-thread-7] DEBUG org.activiti.engine.impl.db.DbSqlSession  -   insert HistoricActivityInstanceEntity[activityId=task3, activityName=null]
10:48:10,925 [pool-23-thread-7] DEBUG org.activiti.engine.impl.db.DbSqlSession  -   insert HistoricActivityInstanceEntity[activityId=task4, activityName=null]
10:48:10,925 [pool-23-thread-7] DEBUG org.activiti.engine.impl.db.DbSqlSession  - flush summary: 9 insert, 0 update, 0 delete.
10:48:10,925 [pool-23-thread-7] DEBUG org.activiti.engine.impl.db.DbSqlSession  - now executing flush...
10:48:10,925 [pool-23-thread-7] DEBUG org.activiti.engine.impl.db.DbSqlSession  - inserting: HistoricTaskInstanceEntity[id=a6e699f8-c6c9-11ed-aa5a-de215c025445, name=null]
10:48:10,925 [pool-23-thread-4] DEBUG org.activiti.engine.impl.persistence.entity.HistoricTaskInstanceEntity.insertHistoricTaskInstance  - ==&gt; Parameters: a6e672e6-c6c9-11ed-aa5a-de215c025445(String), simpleProcess:1:a6dcaf6e-c6c9-11ed-aa5a-de215c025445(String), a6e428cf-c6c9-11ed-aa5a-de215c025445(String), a6e428cf-c6c9-11ed-aa5a-de215c025445(String), null, null, null, null, null, 2001-01-01 01:23:46.0(Timestamp), null, null, null, null, task4(String), null, 50(Integer), null, null, (String)
10:48:10,925 [pool-23-thread-4] DEBUG org.activiti.engine.impl.persistence.entity.HistoricTaskInstanceEntity.insertHistoricTaskInstance  - &lt;==    Updates: 1
10:48:10,925 [pool-23-thread-4] DEBUG org.activiti.engine.impl.db.DbSqlSession  - inserting: HistoricProcessInstanceEntity[superProcessInstanceId=null]
10:48:10,925 [pool-23-thread-10] DEBUG org.activiti.engine.impl.pvm.runtime.AtomicOperationTransitionNotifyListenerTake  - ProcessInstance[a6e56165-c6c9-11ed-aa5a-de215c025445] takes transition (task2)--flow3--&gt;(task3)
10:48:10,925 [pool-23-thread-6] DEBUG org.activiti.engine.impl.db.DbSqlSession  -   insert ProcessInstance[a6e4c517-c6c9-11ed-aa5a-de215c025445]
10:48:10,925 [pool-23-thread-6] DEBUG org.activiti.engine.impl.db.DbSqlSession  -   insert HistoricProcessInstanceEntity[superProcessInstanceId=null]
10:48:10,925 [pool-23-thread-6] DEBUG org.activiti.engine.impl.db.DbSqlSession  -   insert Task[id=a6e6c10d-c6c9-11ed-aa5a-de215c025445, name=null]
10:48:10,925 [pool-23-thread-6] DEBUG org.activiti.engine.impl.db.DbSqlSession  -   insert HistoricTaskInstanceEntity[id=a6e6c10d-c6c9-11ed-aa5a-de215c025445, name=null]
10:48:10,925 [pool-23-thread-6] DEBUG org.activiti.engine.impl.db.DbSqlSession  -   insert HistoricActivityInstanceEntity[activityId=theStart, activityName=null]
10:48:10,925 [pool-23-thread-6] DEBUG org.activiti.engine.impl.db.DbSqlSession  -   insert HistoricActivityInstanceEntity[activityId=task1, activityName=null]
10:48:10,926 [pool-23-thread-6] DEBUG org.activiti.engine.impl.db.DbSqlSession  -   insert HistoricActivityInstanceEntity[activityId=task2, activityName=null]
10:48:10,926 [pool-23-thread-6] DEBUG org.activiti.engine.impl.db.DbSqlSession  -   insert HistoricActivityInstanceEntity[activityId=task3, activityName=null]
10:48:10,926 [pool-23-thread-6] DEBUG org.activiti.engine.impl.db.DbSqlSession  -   insert HistoricActivityInstanceEntity[activityId=task4, activityName=null]
10:48:10,926 [pool-23-thread-6] DEBUG org.activiti.engine.impl.db.DbSqlSession  - flush summary: 9 insert, 0 update, 0 delete.
10:48:10,926 [pool-23-thread-6] DEBUG org.activiti.engine.impl.db.DbSqlSession  - now executing flush...
10:48:10,926 [pool-23-thread-6] DEBUG org.activiti.engine.impl.db.DbSqlSession  - inserting: HistoricTaskInstanceEntity[id=a6e6c10d-c6c9-11ed-aa5a-de215c025445, name=null]
10:48:10,925 [pool-23-thread-2] DEBUG org.activiti.engine.impl.db.DbSqlSession  -   insert ProcessInstance[a6e4c516-c6c9-11ed-aa5a-de215c025445]
10:48:10,926 [pool-23-thread-2] DEBUG org.activiti.engine.impl.db.DbSqlSession  -   insert HistoricProcessInstanceEntity[superProcessInstanceId=null]
10:48:10,926 [pool-23-thread-2] DEBUG org.activiti.engine.impl.db.DbSqlSession  -   insert Task[id=a6e6e820-c6c9-11ed-aa5a-de215c025445, name=null]
10:48:10,926 [pool-23-thread-2] DEBUG org.activiti.engine.impl.db.DbSqlSession  -   insert HistoricTaskInstanceEntity[id=a6e6e820-c6c9-11ed-aa5a-de215c025445, name=null]
10:48:10,926 [pool-23-thread-2] DEBUG org.activiti.engine.impl.db.DbSqlSession  -   insert HistoricActivityInstanceEntity[activityId=theStart, activityName=null]
10:48:10,926 [pool-23-thread-2] DEBUG org.activiti.engine.impl.db.DbSqlSession  -   insert HistoricActivityInstanceEntity[activityId=task1, activityName=null]
10:48:10,926 [pool-23-thread-2] DEBUG org.activiti.engine.impl.db.DbSqlSession  -   insert HistoricActivityInstanceEntity[activityId=task2, activityName=null]
10:48:10,926 [pool-23-thread-2] DEBUG org.activiti.engine.impl.db.DbSqlSession  -   insert HistoricActivityInstanceEntity[activityId=task3, activityName=null]
10:48:10,924 [pool-23-thread-9] DEBUG org.activiti.engine.impl.db.DbSqlSession  -   insert Task[id=a6e6c10c-c6c9-11ed-aa5a-de215c025445, name=null]
10:48:10,926 [pool-23-thread-9] DEBUG org.activiti.engine.impl.db.DbSqlSession  -   insert HistoricTaskInstanceEntity[id=a6e6c10c-c6c9-11ed-aa5a-de215c025445, name=null]
10:48:10,926 [pool-23-thread-9] DEBUG org.activiti.engine.impl.db.DbSqlSession  -   insert HistoricActivityInstanceEntity[activityId=theStart, activityName=null]
10:48:10,926 [pool-23-thread-9] DEBUG org.activiti.engine.impl.db.DbSqlSession  -   insert HistoricActivityInstanceEntity[activityId=task1, activityName=null]
10:48:10,926 [pool-23-thread-9] DEBUG org.activiti.engine.impl.db.DbSqlSession  -   insert HistoricActivityInstanceEntity[activityId=task2, activityName=null]
10:48:10,926 [pool-23-thread-9] DEBUG org.activiti.engine.impl.db.DbSqlSession  -   insert HistoricActivityInstanceEntity[activityId=task3, activityName=null]
10:48:10,926 [pool-23-thread-9] DEBUG org.activiti.engine.impl.db.DbSqlSession  -   insert HistoricActivityInstanceEntity[activityId=task4, activityName=null]
10:48:10,926 [pool-23-thread-9] DEBUG org.activiti.engine.impl.db.DbSqlSession  - flush summary: 9 insert, 0 update, 0 delete.
10:48:10,926 [pool-23-thread-9] DEBUG org.activiti.engine.impl.db.DbSqlSession  - now executing flush...
10:48:10,926 [pool-23-thread-9] DEBUG org.activiti.engine.impl.db.DbSqlSession  - inserting: HistoricTaskInstanceEntity[id=a6e6c10c-c6c9-11ed-aa5a-de215c025445, name=null]
10:48:10,924 [pool-23-thread-3] DEBUG org.activiti.engine.impl.history.DefaultHistoryManager  - Current history level: AUDIT, level required: ACTIVITY
10:48:10,924 [pool-23-thread-5] DEBUG org.activiti.engine.impl.persistence.entity.TaskEntity.selectTasksByExecutionId  - ==&gt;  Preparing: select distinct T.* from ACT_RU_TASK T where T.EXECUTION_ID_ = ? 
10:48:10,924 [pool-23-thread-8] DEBUG org.activiti.engine.impl.bpmn.behavior.BpmnActivityBehavior  - Leaving activity &apos;task2&apos;
10:48:10,926 [pool-23-thread-5] DEBUG org.activiti.engine.impl.persistence.entity.TaskEntity.selectTasksByExecutionId  - ==&gt; Parameters: a6e49e04-c6c9-11ed-aa5a-de215c025445(String)
10:48:10,926 [pool-23-thread-3] DEBUG org.activiti.engine.impl.pvm.runtime.AtomicOperationTransitionNotifyListenerTake  - ProcessInstance[a6e5d69b-c6c9-11ed-aa5a-de215c025445] takes transition (task1)--flow2--&gt;(task2)
10:48:10,926 [pool-23-thread-9] DEBUG org.activiti.engine.impl.persistence.entity.HistoricTaskInstanceEntity.insertHistoricTaskInstance  - ==&gt;  Preparing: insert into ACT_HI_TASKINST ( ID_, PROC_DEF_ID_, PROC_INST_ID_, EXECUTION_ID_, NAME_, PARENT_TASK_ID_, DESCRIPTION_, OWNER_, ASSIGNEE_, START_TIME_, CLAIM_TIME_, END_TIME_, DURATION_, DELETE_REASON_, TASK_DEF_KEY_, FORM_KEY_, PRIORITY_, DUE_DATE_, CATEGORY_, TENANT_ID_ ) values ( ?, ?, ?, ?, ?, ?, ?, ?, ?, ?, ?, ?, ?, ?, ?, ?, ?, ?, ?, ? ) 
10:48:10,926 [pool-23-thread-2] DEBUG org.activiti.engine.impl.db.DbSqlSession  -   insert HistoricActivityInstanceEntity[activityId=task4, activityName=null]
10:48:10,926 [pool-23-thread-2] DEBUG org.activiti.engine.impl.db.DbSqlSession  - flush summary: 9 insert, 0 update, 0 delete.
10:48:10,926 [pool-23-thread-2] DEBUG org.activiti.engine.impl.db.DbSqlSession  - now executing flush...
10:48:10,926 [pool-23-thread-2] DEBUG org.activiti.engine.impl.db.DbSqlSession  - inserting: HistoricTaskInstanceEntity[id=a6e6e820-c6c9-11ed-aa5a-de215c025445, name=null]
10:48:10,926 [pool-23-thread-6] DEBUG org.activiti.engine.impl.persistence.entity.HistoricTaskInstanceEntity.insertHistoricTaskInstance  - ==&gt;  Preparing: insert into ACT_HI_TASKINST ( ID_, PROC_DEF_ID_, PROC_INST_ID_, EXECUTION_ID_, NAME_, PARENT_TASK_ID_, DESCRIPTION_, OWNER_, ASSIGNEE_, START_TIME_, CLAIM_TIME_, END_TIME_, DURATION_, DELETE_REASON_, TASK_DEF_KEY_, FORM_KEY_, PRIORITY_, DUE_DATE_, CATEGORY_, TENANT_ID_ ) values ( ?, ?, ?, ?, ?, ?, ?, ?, ?, ?, ?, ?, ?, ?, ?, ?, ?, ?, ?, ? ) 
10:48:10,925 [pool-23-thread-10] DEBUG org.activiti.engine.impl.history.DefaultHistoryManager  - Current history level: AUDIT, level required: ACTIVITY
10:48:10,927 [pool-23-thread-6] DEBUG org.activiti.engine.impl.persistence.entity.HistoricTaskInstanceEntity.insertHistoricTaskInstance  - ==&gt; Parameters: a6e6c10d-c6c9-11ed-aa5a-de215c025445(String), simpleProcess:1:a6dcaf6e-c6c9-11ed-aa5a-de215c025445(String), a6e4c517-c6c9-11ed-aa5a-de215c025445(String), a6e4c517-c6c9-11ed-aa5a-de215c025445(String), null, null, null, null, null, 2001-01-01 01:23:46.0(Timestamp), null, null, null, null, task4(String), null, 50(Integer), null, null, (String)
10:48:10,925 [pool-23-thread-4] DEBUG org.activiti.engine.impl.persistence.entity.HistoricProcessInstanceEntity.insertHistoricProcessInstance  - ==&gt;  Preparing: insert into ACT_HI_PROCINST ( ID_, PROC_INST_ID_, BUSINESS_KEY_, PROC_DEF_ID_, START_TIME_, END_TIME_, DURATION_, START_USER_ID_, START_ACT_ID_, END_ACT_ID_, SUPER_PROCESS_INSTANCE_ID_, DELETE_REASON_, TENANT_ID_, NAME_ ) values ( ?, ?, ?, ?, ?, ?, ?, ?, ?, ?, ?, ?, ?, ? ) 
10:48:10,925 [pool-23-thread-7] DEBUG org.activiti.engine.impl.persistence.entity.HistoricTaskInstanceEntity.insertHistoricTaskInstance  - ==&gt;  Preparing: insert into ACT_HI_TASKINST ( ID_, PROC_DEF_ID_, PROC_INST_ID_, EXECUTION_ID_, NAME_, PARENT_TASK_ID_, DESCRIPTION_, OWNER_, ASSIGNEE_, START_TIME_, CLAIM_TIME_, END_TIME_, DURATION_, DELETE_REASON_, TASK_DEF_KEY_, FORM_KEY_, PRIORITY_, DUE_DATE_, CATEGORY_, TENANT_ID_ ) values ( ?, ?, ?, ?, ?, ?, ?, ?, ?, ?, ?, ?, ?, ?, ?, ?, ?, ?, ?, ? ) 
10:48:10,927 [pool-23-thread-4] DEBUG org.activiti.engine.impl.persistence.entity.HistoricProcessInstanceEntity.insertHistoricProcessInstance  - ==&gt; Parameters: a6e428cf-c6c9-11ed-aa5a-de215c025445(String), a6e428cf-c6c9-11ed-aa5a-de215c025445(String), null, simpleProcess:1:a6dcaf6e-c6c9-11ed-aa5a-de215c025445(String), 2001-01-01 01:23:46.0(Timestamp), null, null, null, theStart(String), null, null, null, (String), null
10:48:10,925 [pool-23-thread-1] DEBUG org.activiti.engine.impl.history.DefaultHistoryManager  - Current history level: AUDIT, level required: ACTIVITY
10:48:10,927 [pool-23-thread-4] DEBUG org.activiti.engine.impl.persistence.entity.HistoricProcessInstanceEntity.insertHistoricProcessInstance  - &lt;==    Updates: 1
10:48:10,927 [pool-23-thread-7] DEBUG org.activiti.engine.impl.persistence.entity.HistoricTaskInstanceEntity.insertHistoricTaskInstance  - ==&gt; Parameters: a6e699f8-c6c9-11ed-aa5a-de215c025445(String), simpleProcess:1:a6dcaf6e-c6c9-11ed-aa5a-de215c025445(String), a6e31757-c6c9-11ed-aa5a-de215c025445(String), a6e31757-c6c9-11ed-aa5a-de215c025445(String), null, null, null, null, null, 2001-01-01 01:23:46.0(Timestamp), null, null, null, null, task4(String), null, 50(Integer), null, null, (String)
10:48:10,927 [pool-23-thread-6] DEBUG org.activiti.engine.impl.persistence.entity.HistoricTaskInstanceEntity.insertHistoricTaskInstance  - &lt;==    Updates: 1
10:48:10,927 [pool-23-thread-6] DEBUG org.activiti.engine.impl.db.DbSqlSession  - inserting: HistoricProcessInstanceEntity[superProcessInstanceId=null]
10:48:10,927 [pool-23-thread-10] DEBUG org.activiti.engine.impl.pvm.runtime.AtomicOperationActivityExecute  - ProcessInstance[a6e56165-c6c9-11ed-aa5a-de215c025445] executes Activity(task3): org.activiti.engine.impl.bpmn.behavior.ManualTaskActivityBehavior
10:48:10,927 [pool-23-thread-10] DEBUG org.activiti.engine.impl.bpmn.behavior.BpmnActivityBehavior  - Leaving activity &apos;task3&apos;
10:48:10,927 [pool-23-thread-2] DEBUG org.activiti.engine.impl.persistence.entity.HistoricTaskInstanceEntity.insertHistoricTaskInstance  - ==&gt;  Preparing: insert into ACT_HI_TASKINST ( ID_, PROC_DEF_ID_, PROC_INST_ID_, EXECUTION_ID_, NAME_, PARENT_TASK_ID_, DESCRIPTION_, OWNER_, ASSIGNEE_, START_TIME_, CLAIM_TIME_, END_TIME_, DURATION_, DELETE_REASON_, TASK_DEF_KEY_, FORM_KEY_, PRIORITY_, DUE_DATE_, CATEGORY_, TENANT_ID_ ) values ( ?, ?, ?, ?, ?, ?, ?, ?, ?, ?, ?, ?, ?, ?, ?, ?, ?, ?, ?, ? ) 
10:48:10,926 [pool-23-thread-9] DEBUG org.activiti.engine.impl.persistence.entity.HistoricTaskInstanceEntity.insertHistoricTaskInstance  - ==&gt; Parameters: a6e6c10c-c6c9-11ed-aa5a-de215c025445(String), simpleProcess:1:a6dcaf6e-c6c9-11ed-aa5a-de215c025445(String), a6e49e05-c6c9-11ed-aa5a-de215c025445(String), a6e49e05-c6c9-11ed-aa5a-de215c025445(String), null, null, null, null, null, 2001-01-01 01:23:46.0(Timestamp), null, null, null, null, task4(String), null, 50(Integer), null, null, (String)
10:48:10,926 [pool-23-thread-3] DEBUG org.activiti.engine.impl.history.DefaultHistoryManager  - Current history level: AUDIT, level required: ACTIVITY
10:48:10,926 [pool-23-thread-5] DEBUG org.activiti.engine.impl.persistence.entity.TaskEntity.selectTasksByExecutionId  - &lt;==      Total: 0
10:48:10,926 [pool-23-thread-8] DEBUG org.activiti.engine.impl.history.DefaultHistoryManager  - Current history level: AUDIT, level required: ACTIVITY
10:48:10,927 [pool-23-thread-5] DEBUG org.activiti.engine.impl.history.DefaultHistoryManager  - Current history level: AUDIT, level required: AUDIT
10:48:10,927 [pool-23-thread-3] DEBUG org.activiti.engine.impl.pvm.runtime.AtomicOperationActivityExecute  - ProcessInstance[a6e5d69b-c6c9-11ed-aa5a-de215c025445] executes Activity(task2): org.activiti.engine.impl.bpmn.behavior.ManualTaskActivityBehavior
10:48:10,927 [pool-23-thread-3] DEBUG org.activiti.engine.impl.bpmn.behavior.BpmnActivityBehavior  - Leaving activity &apos;task2&apos;
10:48:10,927 [pool-23-thread-9] DEBUG org.activiti.engine.impl.persistence.entity.HistoricTaskInstanceEntity.insertHistoricTaskInstance  - &lt;==    Updates: 1
10:48:10,927 [pool-23-thread-9] DEBUG org.activiti.engine.impl.db.DbSqlSession  - inserting: HistoricProcessInstanceEntity[superProcessInstanceId=null]
10:48:10,927 [pool-23-thread-2] DEBUG org.activiti.engine.impl.persistence.entity.HistoricTaskInstanceEntity.insertHistoricTaskInstance  - ==&gt; Parameters: a6e6e820-c6c9-11ed-aa5a-de215c025445(String), simpleProcess:1:a6dcaf6e-c6c9-11ed-aa5a-de215c025445(String), a6e4c516-c6c9-11ed-aa5a-de215c025445(String), a6e4c516-c6c9-11ed-aa5a-de215c025445(String), null, null, null, null, null, 2001-01-01 01:23:46.0(Timestamp), null, null, null, null, task4(String), null, 50(Integer), null, null, (String)
10:48:10,927 [pool-23-thread-4] DEBUG org.activiti.engine.impl.persistence.entity.HistoricActivityInstanceEntity.bulkInsertHistoricActivityInstance  - ==&gt;  Preparing: insert into ACT_HI_ACTINST ( ID_, PROC_DEF_ID_, PROC_INST_ID_, EXECUTION_ID_, ACT_ID_, TASK_ID_, CALL_PROC_INST_ID_, ACT_NAME_, ACT_TYPE_, ASSIGNEE_, START_TIME_, END_TIME_, DURATION_, TENANT_ID_ ) values (?, ?, ?, ?, ?, ?, ?, ?, ?, ?, ?, ?, ?, ?) , (?, ?, ?, ?, ?, ?, ?, ?, ?, ?, ?, ?, ?, ?) , (?, ?, ?, ?, ?, ?, ?, ?, ?, ?, ?, ?, ?, ?) , (?, ?, ?, ?, ?, ?, ?, ?, ?, ?, ?, ?, ?, ?) , (?, ?, ?, ?, ?, ?, ?, ?, ?, ?, ?, ?, ?, ?) 
10:48:10,927 [pool-23-thread-10] DEBUG org.activiti.engine.impl.history.DefaultHistoryManager  - Current history level: AUDIT, level required: ACTIVITY
10:48:10,927 [pool-23-thread-6] DEBUG org.activiti.engine.impl.persistence.entity.HistoricProcessInstanceEntity.insertHistoricProcessInstance  - ==&gt;  Preparing: insert into ACT_HI_PROCINST ( ID_, PROC_INST_ID_, BUSINESS_KEY_, PROC_DEF_ID_, START_TIME_, END_TIME_, DURATION_, START_USER_ID_, START_ACT_ID_, END_ACT_ID_, SUPER_PROCESS_INSTANCE_ID_, DELETE_REASON_, TENANT_ID_, NAME_ ) values ( ?, ?, ?, ?, ?, ?, ?, ?, ?, ?, ?, ?, ?, ? ) 
10:48:10,927 [pool-23-thread-7] DEBUG org.activiti.engine.impl.persistence.entity.HistoricTaskInstanceEntity.insertHistoricTaskInstance  - &lt;==    Updates: 1
10:48:10,928 [pool-23-thread-6] DEBUG org.activiti.engine.impl.persistence.entity.HistoricProcessInstanceEntity.insertHistoricProcessInstance  - ==&gt; Parameters: a6e4c517-c6c9-11ed-aa5a-de215c025445(String), a6e4c517-c6c9-11ed-aa5a-de215c025445(String), null, simpleProcess:1:a6dcaf6e-c6c9-11ed-aa5a-de215c025445(String), 2001-01-01 01:23:46.0(Timestamp), null, null, null, theStart(String), null, null, null, (String), null
10:48:10,927 [pool-23-thread-1] DEBUG org.activiti.engine.impl.pvm.runtime.AtomicOperationActivityExecute  - ProcessInstance[a6e4ec2d-c6c9-11ed-aa5a-de215c025445] executes Activity(task3): org.activiti.engine.impl.bpmn.behavior.ManualTaskActivityBehavior
10:48:10,928 [pool-23-thread-6] DEBUG org.activiti.engine.impl.persistence.entity.HistoricProcessInstanceEntity.insertHistoricProcessInstance  - &lt;==    Updates: 1
10:48:10,928 [pool-23-thread-4] DEBUG org.activiti.engine.impl.persistence.entity.HistoricActivityInstanceEntity.bulkInsertHistoricActivityInstance  - ==&gt; Parameters: a6e44fe1-c6c9-11ed-aa5a-de215c025445(String), simpleProcess:1:a6dcaf6e-c6c9-11ed-aa5a-de215c025445(String), a6e428cf-c6c9-11ed-aa5a-de215c025445(String), a6e428cf-c6c9-11ed-aa5a-de215c025445(String), theStart(String), null, null, null, startEvent(String), null, 2001-01-01 01:23:46.0(Timestamp), 2001-01-01 01:23:46.0(Timestamp), 0(Long), (String), a6e4c518-c6c9-11ed-aa5a-de215c025445(String), simpleProcess:1:a6dcaf6e-c6c9-11ed-aa5a-de215c025445(String), a6e428cf-c6c9-11ed-aa5a-de215c025445(String), a6e428cf-c6c9-11ed-aa5a-de215c025445(String), task1(String), null, null, null, manualTask(String), null, 2001-01-01 01:23:46.0(Timestamp), 2001-01-01 01:23:46.0(Timestamp), 0(Long), (String), a6e53a50-c6c9-11ed-aa5a-de215c025445(String), simpleProcess:1:a6dcaf6e-c6c9-11ed-aa5a-de215c025445(String), a6e428cf-c6c9-11ed-aa5a-de215c025445(String), a6e428cf-c6c9-11ed-aa5a-de215c025445(String), task2(String), null, null, null, manualTask(String), null, 2001-01-01 01:23:46.0(Timestamp), 2001-01-01 01:23:46.0(Timestamp), 0(Long), (String), a6e5af87-c6c9-11ed-aa5a-de215c025445(String), simpleProcess:1:a6dcaf6e-c6c9-11ed-aa5a-de215c025445(String), a6e428cf-c6c9-11ed-aa5a-de215c025445(String), a6e428cf-c6c9-11ed-aa5a-de215c025445(String), task3(String), null, null, null, manualTask(String), null, 2001-01-01 01:23:46.0(Timestamp), 2001-01-01 01:23:46.0(Timestamp), 0(Long), (String), a6e64bd3-c6c9-11ed-aa5a-de215c025445(String), simpleProcess:1:a6dcaf6e-c6c9-11ed-aa5a-de215c025445(String), a6e428cf-c6c9-11ed-aa5a-de215c025445(String), a6e428cf-c6c9-11ed-aa5a-de215c025445(String), task4(String), a6e672e6-c6c9-11ed-aa5a-de215c025445(String), null, null, userTask(String), null, 2001-01-01 01:23:46.0(Timestamp), null, null, (String)
10:48:10,928 [pool-23-thread-7] DEBUG org.activiti.engine.impl.db.DbSqlSession  - inserting: HistoricProcessInstanceEntity[superProcessInstanceId=null]
10:48:10,928 [pool-23-thread-4] DEBUG org.activiti.engine.impl.persistence.entity.HistoricActivityInstanceEntity.bulkInsertHistoricActivityInstance  - &lt;==    Updates: 5
10:48:10,928 [pool-23-thread-4] DEBUG org.activiti.engine.impl.db.DbSqlSession  - inserting: ProcessInstance[a6e428cf-c6c9-11ed-aa5a-de215c025445]
10:48:10,928 [pool-23-thread-10] DEBUG org.activiti.engine.impl.pvm.runtime.AtomicOperationTransitionNotifyListenerTake  - ProcessInstance[a6e56165-c6c9-11ed-aa5a-de215c025445] takes transition (task3)--flow4--&gt;(task4)
10:48:10,928 [pool-23-thread-2] DEBUG org.activiti.engine.impl.persistence.entity.HistoricTaskInstanceEntity.insertHistoricTaskInstance  - &lt;==    Updates: 1
10:48:10,928 [pool-23-thread-2] DEBUG org.activiti.engine.impl.db.DbSqlSession  - inserting: HistoricProcessInstanceEntity[superProcessInstanceId=null]
10:48:10,927 [pool-23-thread-9] DEBUG org.activiti.engine.impl.persistence.entity.HistoricProcessInstanceEntity.insertHistoricProcessInstance  - ==&gt;  Preparing: insert into ACT_HI_PROCINST ( ID_, PROC_INST_ID_, BUSINESS_KEY_, PROC_DEF_ID_, START_TIME_, END_TIME_, DURATION_, START_USER_ID_, START_ACT_ID_, END_ACT_ID_, SUPER_PROCESS_INSTANCE_ID_, DELETE_REASON_, TENANT_ID_, NAME_ ) values ( ?, ?, ?, ?, ?, ?, ?, ?, ?, ?, ?, ?, ?, ? ) 
10:48:10,927 [pool-23-thread-3] DEBUG org.activiti.engine.impl.history.DefaultHistoryManager  - Current history level: AUDIT, level required: ACTIVITY
10:48:10,927 [pool-23-thread-5] DEBUG org.activiti.engine.impl.history.DefaultHistoryManager  - Current history level: AUDIT, level required: AUDIT
10:48:10,928 [pool-23-thread-5] DEBUG org.activiti.engine.impl.history.DefaultHistoryManager  - Current history level: AUDIT, level required: AUDIT
10:48:10,927 [pool-23-thread-8] DEBUG org.activiti.engine.impl.pvm.runtime.AtomicOperationTransitionNotifyListenerTake  - ProcessInstance[a6e44fe0-c6c9-11ed-aa5a-de215c025445] takes transition (task2)--flow3--&gt;(task3)
10:48:10,928 [pool-23-thread-5] DEBUG org.activiti.engine.impl.history.DefaultHistoryManager  - Current history level: AUDIT, level required: ACTIVITY
10:48:10,928 [pool-23-thread-3] DEBUG org.activiti.engine.impl.pvm.runtime.AtomicOperationTransitionNotifyListenerTake  - ProcessInstance[a6e5d69b-c6c9-11ed-aa5a-de215c025445] takes transition (task2)--flow3--&gt;(task3)
10:48:10,928 [pool-23-thread-3] DEBUG org.activiti.engine.impl.history.DefaultHistoryManager  - Current history level: AUDIT, level required: ACTIVITY
10:48:10,928 [pool-23-thread-9] DEBUG org.activiti.engine.impl.persistence.entity.HistoricProcessInstanceEntity.insertHistoricProcessInstance  - ==&gt; Parameters: a6e49e05-c6c9-11ed-aa5a-de215c025445(String), a6e49e05-c6c9-11ed-aa5a-de215c025445(String), null, simpleProcess:1:a6dcaf6e-c6c9-11ed-aa5a-de215c025445(String), 2001-01-01 01:23:46.0(Timestamp), null, null, null, theStart(String), null, null, null, (String), null
10:48:10,928 [pool-23-thread-9] DEBUG org.activiti.engine.impl.persistence.entity.HistoricProcessInstanceEntity.insertHistoricProcessInstance  - &lt;==    Updates: 1
10:48:10,928 [pool-23-thread-2] DEBUG org.activiti.engine.impl.persistence.entity.HistoricProcessInstanceEntity.insertHistoricProcessInstance  - ==&gt;  Preparing: insert into ACT_HI_PROCINST ( ID_, PROC_INST_ID_, BUSINESS_KEY_, PROC_DEF_ID_, START_TIME_, END_TIME_, DURATION_, START_USER_ID_, START_ACT_ID_, END_ACT_ID_, SUPER_PROCESS_INSTANCE_ID_, DELETE_REASON_, TENANT_ID_, NAME_ ) values ( ?, ?, ?, ?, ?, ?, ?, ?, ?, ?, ?, ?, ?, ? ) 
10:48:10,928 [pool-23-thread-6] DEBUG org.activiti.engine.impl.persistence.entity.HistoricActivityInstanceEntity.bulkInsertHistoricActivityInstance  - ==&gt;  Preparing: insert into ACT_HI_ACTINST ( ID_, PROC_DEF_ID_, PROC_INST_ID_, EXECUTION_ID_, ACT_ID_, TASK_ID_, CALL_PROC_INST_ID_, ACT_NAME_, ACT_TYPE_, ASSIGNEE_, START_TIME_, END_TIME_, DURATION_, TENANT_ID_ ) values (?, ?, ?, ?, ?, ?, ?, ?, ?, ?, ?, ?, ?, ?) , (?, ?, ?, ?, ?, ?, ?, ?, ?, ?, ?, ?, ?, ?) , (?, ?, ?, ?, ?, ?, ?, ?, ?, ?, ?, ?, ?, ?) , (?, ?, ?, ?, ?, ?, ?, ?, ?, ?, ?, ?, ?, ?) , (?, ?, ?, ?, ?, ?, ?, ?, ?, ?, ?, ?, ?, ?) 
10:48:10,928 [pool-23-thread-10] DEBUG org.activiti.engine.impl.history.DefaultHistoryManager  - Current history level: AUDIT, level required: ACTIVITY
10:48:10,928 [pool-23-thread-4] DEBUG org.activiti.engine.impl.persistence.entity.ExecutionEntity.insertExecution  - ==&gt;  Preparing: insert into ACT_RU_EXECUTION (ID_, REV_, PROC_INST_ID_, BUSINESS_KEY_, PROC_DEF_ID_, ACT_ID_, IS_ACTIVE_, IS_CONCURRENT_, IS_SCOPE_,IS_EVENT_SCOPE_, PARENT_ID_, SUPER_EXEC_, SUSPENSION_STATE_, CACHED_ENT_STATE_, TENANT_ID_, NAME_) values ( ?, 1, ?, ?, ?, ?, ?, ?, ?, ?, ?, ?, ?, ?, ?, ? ) 
10:48:10,928 [pool-23-thread-7] DEBUG org.activiti.engine.impl.persistence.entity.HistoricProcessInstanceEntity.insertHistoricProcessInstance  - ==&gt;  Preparing: insert into ACT_HI_PROCINST ( ID_, PROC_INST_ID_, BUSINESS_KEY_, PROC_DEF_ID_, START_TIME_, END_TIME_, DURATION_, START_USER_ID_, START_ACT_ID_, END_ACT_ID_, SUPER_PROCESS_INSTANCE_ID_, DELETE_REASON_, TENANT_ID_, NAME_ ) values ( ?, ?, ?, ?, ?, ?, ?, ?, ?, ?, ?, ?, ?, ? ) 
10:48:10,928 [pool-23-thread-1] DEBUG org.activiti.engine.impl.bpmn.behavior.BpmnActivityBehavior  - Leaving activity &apos;task3&apos;
10:48:10,929 [pool-23-thread-7] DEBUG org.activiti.engine.impl.persistence.entity.HistoricProcessInstanceEntity.insertHistoricProcessInstance  - ==&gt; Parameters: a6e31757-c6c9-11ed-aa5a-de215c025445(String), a6e31757-c6c9-11ed-aa5a-de215c025445(String), null, simpleProcess:1:a6dcaf6e-c6c9-11ed-aa5a-de215c025445(String), 2001-01-01 01:23:46.0(Timestamp), null, null, null, theStart(String), null, null, null, (String), null
10:48:10,929 [pool-23-thread-4] DEBUG org.activiti.engine.impl.persistence.entity.ExecutionEntity.insertExecution  - ==&gt; Parameters: a6e428cf-c6c9-11ed-aa5a-de215c025445(String), a6e428cf-c6c9-11ed-aa5a-de215c025445(String), null, simpleProcess:1:a6dcaf6e-c6c9-11ed-aa5a-de215c025445(String), task4(String), true(Boolean), false(Boolean), true(Boolean), false(Boolean), null, null, 1(Integer), 2(Integer), (String), null
10:48:10,929 [pool-23-thread-6] DEBUG org.activiti.engine.impl.persistence.entity.HistoricActivityInstanceEntity.bulkInsertHistoricActivityInstance  - ==&gt; Parameters: a6e4c519-c6c9-11ed-aa5a-de215c025445(String), simpleProcess:1:a6dcaf6e-c6c9-11ed-aa5a-de215c025445(String), a6e4c517-c6c9-11ed-aa5a-de215c025445(String), a6e4c517-c6c9-11ed-aa5a-de215c025445(String), theStart(String), null, null, null, startEvent(String), null, 2001-01-01 01:23:46.0(Timestamp), 2001-01-01 01:23:46.0(Timestamp), 0(Long), (String), a6e56164-c6c9-11ed-aa5a-de215c025445(String), simpleProcess:1:a6dcaf6e-c6c9-11ed-aa5a-de215c025445(String), a6e4c517-c6c9-11ed-aa5a-de215c025445(String), a6e4c517-c6c9-11ed-aa5a-de215c025445(String), task1(String), null, null, null, manualTask(String), null, 2001-01-01 01:23:46.0(Timestamp), 2001-01-01 01:23:46.0(Timestamp), 0(Long), (String), a6e5af89-c6c9-11ed-aa5a-de215c025445(String), simpleProcess:1:a6dcaf6e-c6c9-11ed-aa5a-de215c025445(String), a6e4c517-c6c9-11ed-aa5a-de215c025445(String), a6e4c517-c6c9-11ed-aa5a-de215c025445(String), task2(String), null, null, null, manualTask(String), null, 2001-01-01 01:23:46.0(Timestamp), 2001-01-01 01:23:46.0(Timestamp), 0(Long), (String), a6e624be-c6c9-11ed-aa5a-de215c025445(String), simpleProcess:1:a6dcaf6e-c6c9-11ed-aa5a-de215c025445(String), a6e4c517-c6c9-11ed-aa5a-de215c025445(String), a6e4c517-c6c9-11ed-aa5a-de215c025445(String), task3(String), null, null, null, manualTask(String), null, 2001-01-01 01:23:46.0(Timestamp), 2001-01-01 01:23:46.0(Timestamp), 0(Long), (String), a6e699fa-c6c9-11ed-aa5a-de215c025445(String), simpleProcess:1:a6dcaf6e-c6c9-11ed-aa5a-de215c025445(String), a6e4c517-c6c9-11ed-aa5a-de215c025445(String), a6e4c517-c6c9-11ed-aa5a-de215c025445(String), task4(String), a6e6c10d-c6c9-11ed-aa5a-de215c025445(String), null, null, userTask(String), null, 2001-01-01 01:23:46.0(Timestamp), null, null, (String)
10:48:10,929 [pool-23-thread-9] DEBUG org.activiti.engine.impl.persistence.entity.HistoricActivityInstanceEntity.bulkInsertHistoricActivityInstance  - ==&gt;  Preparing: insert into ACT_HI_ACTINST ( ID_, PROC_DEF_ID_, PROC_INST_ID_, EXECUTION_ID_, ACT_ID_, TASK_ID_, CALL_PROC_INST_ID_, ACT_NAME_, ACT_TYPE_, ASSIGNEE_, START_TIME_, END_TIME_, DURATION_, TENANT_ID_ ) values (?, ?, ?, ?, ?, ?, ?, ?, ?, ?, ?, ?, ?, ?) , (?, ?, ?, ?, ?, ?, ?, ?, ?, ?, ?, ?, ?, ?) , (?, ?, ?, ?, ?, ?, ?, ?, ?, ?, ?, ?, ?, ?) , (?, ?, ?, ?, ?, ?, ?, ?, ?, ?, ?, ?, ?, ?) , (?, ?, ?, ?, ?, ?, ?, ?, ?, ?, ?, ?, ?, ?) 
10:48:10,929 [pool-23-thread-6] DEBUG org.activiti.engine.impl.persistence.entity.HistoricActivityInstanceEntity.bulkInsertHistoricActivityInstance  - &lt;==    Updates: 5
10:48:10,929 [pool-23-thread-10] DEBUG org.activiti.engine.impl.pvm.runtime.AtomicOperationActivityExecute  - ProcessInstance[a6e56165-c6c9-11ed-aa5a-de215c025445] executes Activity(task4): org.activiti.engine.impl.bpmn.behavior.UserTaskActivityBehavior
10:48:10,929 [pool-23-thread-2] DEBUG org.activiti.engine.impl.persistence.entity.HistoricProcessInstanceEntity.insertHistoricProcessInstance  - ==&gt; Parameters: a6e4c516-c6c9-11ed-aa5a-de215c025445(String), a6e4c516-c6c9-11ed-aa5a-de215c025445(String), null, simpleProcess:1:a6dcaf6e-c6c9-11ed-aa5a-de215c025445(String), 2001-01-01 01:23:46.0(Timestamp), null, null, null, theStart(String), null, null, null, (String), null
10:48:10,928 [pool-23-thread-3] DEBUG org.activiti.engine.impl.pvm.runtime.AtomicOperationActivityExecute  - ProcessInstance[a6e5d69b-c6c9-11ed-aa5a-de215c025445] executes Activity(task3): org.activiti.engine.impl.bpmn.behavior.ManualTaskActivityBehavior
10:48:10,928 [pool-23-thread-5] DEBUG org.activiti.engine.impl.db.DbSqlSession  -   insert ProcessInstance[a6e49e04-c6c9-11ed-aa5a-de215c025445]
10:48:10,930 [pool-23-thread-5] DEBUG org.activiti.engine.impl.db.DbSqlSession  -   insert HistoricProcessInstanceEntity[superProcessInstanceId=null]
10:48:10,930 [pool-23-thread-5] DEBUG org.activiti.engine.impl.db.DbSqlSession  -   insert Task[id=a6e70f34-c6c9-11ed-aa5a-de215c025445, name=null]
10:48:10,930 [pool-23-thread-5] DEBUG org.activiti.engine.impl.db.DbSqlSession  -   insert HistoricTaskInstanceEntity[id=a6e70f34-c6c9-11ed-aa5a-de215c025445, name=null]
10:48:10,930 [pool-23-thread-5] DEBUG org.activiti.engine.impl.db.DbSqlSession  -   insert HistoricActivityInstanceEntity[activityId=theStart, activityName=null]
10:48:10,930 [pool-23-thread-5] DEBUG org.activiti.engine.impl.db.DbSqlSession  -   insert HistoricActivityInstanceEntity[activityId=task1, activityName=null]
10:48:10,930 [pool-23-thread-5] DEBUG org.activiti.engine.impl.db.DbSqlSession  -   insert HistoricActivityInstanceEntity[activityId=task2, activityName=null]
10:48:10,930 [pool-23-thread-5] DEBUG org.activiti.engine.impl.db.DbSqlSession  -   insert HistoricActivityInstanceEntity[activityId=task3, activityName=null]
10:48:10,930 [pool-23-thread-5] DEBUG org.activiti.engine.impl.db.DbSqlSession  -   insert HistoricActivityInstanceEntity[activityId=task4, activityName=null]
10:48:10,930 [pool-23-thread-5] DEBUG org.activiti.engine.impl.db.DbSqlSession  - flush summary: 9 insert, 0 update, 0 delete.
10:48:10,930 [pool-23-thread-5] DEBUG org.activiti.engine.impl.db.DbSqlSession  - now executing flush...
10:48:10,930 [pool-23-thread-5] DEBUG org.activiti.engine.impl.db.DbSqlSession  - inserting: HistoricTaskInstanceEntity[id=a6e70f34-c6c9-11ed-aa5a-de215c025445, name=null]
10:48:10,928 [pool-23-thread-8] DEBUG org.activiti.engine.impl.history.DefaultHistoryManager  - Current history level: AUDIT, level required: ACTIVITY
10:48:10,930 [pool-23-thread-5] DEBUG org.activiti.engine.impl.persistence.entity.HistoricTaskInstanceEntity.insertHistoricTaskInstance  - ==&gt;  Preparing: insert into ACT_HI_TASKINST ( ID_, PROC_DEF_ID_, PROC_INST_ID_, EXECUTION_ID_, NAME_, PARENT_TASK_ID_, DESCRIPTION_, OWNER_, ASSIGNEE_, START_TIME_, CLAIM_TIME_, END_TIME_, DURATION_, DELETE_REASON_, TASK_DEF_KEY_, FORM_KEY_, PRIORITY_, DUE_DATE_, CATEGORY_, TENANT_ID_ ) values ( ?, ?, ?, ?, ?, ?, ?, ?, ?, ?, ?, ?, ?, ?, ?, ?, ?, ?, ?, ? ) 
10:48:10,930 [pool-23-thread-3] DEBUG org.activiti.engine.impl.bpmn.behavior.BpmnActivityBehavior  - Leaving activity &apos;task3&apos;
10:48:10,929 [pool-23-thread-2] DEBUG org.activiti.engine.impl.persistence.entity.HistoricProcessInstanceEntity.insertHistoricProcessInstance  - &lt;==    Updates: 1
10:48:10,929 [pool-23-thread-9] DEBUG org.activiti.engine.impl.persistence.entity.HistoricActivityInstanceEntity.bulkInsertHistoricActivityInstance  - ==&gt; Parameters: a6e4c51c-c6c9-11ed-aa5a-de215c025445(String), simpleProcess:1:a6dcaf6e-c6c9-11ed-aa5a-de215c025445(String), a6e49e05-c6c9-11ed-aa5a-de215c025445(String), a6e49e05-c6c9-11ed-aa5a-de215c025445(String), theStart(String), null, null, null, startEvent(String), null, 2001-01-01 01:23:46.0(Timestamp), 2001-01-01 01:23:46.0(Timestamp), 0(Long), (String), a6e53a51-c6c9-11ed-aa5a-de215c025445(String), simpleProcess:1:a6dcaf6e-c6c9-11ed-aa5a-de215c025445(String), a6e49e05-c6c9-11ed-aa5a-de215c025445(String), a6e49e05-c6c9-11ed-aa5a-de215c025445(String), task1(String), null, null, null, manualTask(String), null, 2001-01-01 01:23:46.0(Timestamp), 2001-01-01 01:23:46.0(Timestamp), 0(Long), (String), a6e5d69c-c6c9-11ed-aa5a-de215c025445(String), simpleProcess:1:a6dcaf6e-c6c9-11ed-aa5a-de215c025445(String), a6e49e05-c6c9-11ed-aa5a-de215c025445(String), a6e49e05-c6c9-11ed-aa5a-de215c025445(String), task2(String), null, null, null, manualTask(String), null, 2001-01-01 01:23:46.0(Timestamp), 2001-01-01 01:23:46.0(Timestamp), 0(Long), (String), a6e624c1-c6c9-11ed-aa5a-de215c025445(String), simpleProcess:1:a6dcaf6e-c6c9-11ed-aa5a-de215c025445(String), a6e49e05-c6c9-11ed-aa5a-de215c025445(String), a6e49e05-c6c9-11ed-aa5a-de215c025445(String), task3(String), null, null, null, manualTask(String), null, 2001-01-01 01:23:46.0(Timestamp), 2001-01-01 01:23:46.0(Timestamp), 0(Long), (String), a6e6c10b-c6c9-11ed-aa5a-de215c025445(String), simpleProcess:1:a6dcaf6e-c6c9-11ed-aa5a-de215c025445(String), a6e49e05-c6c9-11ed-aa5a-de215c025445(String), a6e49e05-c6c9-11ed-aa5a-de215c025445(String), task4(String), a6e6c10c-c6c9-11ed-aa5a-de215c025445(String), null, null, userTask(String), null, 2001-01-01 01:23:46.0(Timestamp), null, null, (String)
10:48:10,929 [pool-23-thread-10] DEBUG org.activiti.engine.impl.persistence.entity.TaskEntity.selectTasksByExecutionId  - ==&gt;  Preparing: select distinct T.* from ACT_RU_TASK T where T.EXECUTION_ID_ = ? 
10:48:10,929 [pool-23-thread-6] DEBUG org.activiti.engine.impl.db.DbSqlSession  - inserting: ProcessInstance[a6e4c517-c6c9-11ed-aa5a-de215c025445]
10:48:10,929 [pool-23-thread-4] DEBUG org.activiti.engine.impl.persistence.entity.ExecutionEntity.insertExecution  - &lt;==    Updates: 1
10:48:10,930 [pool-23-thread-2] DEBUG org.activiti.engine.impl.persistence.entity.HistoricActivityInstanceEntity.bulkInsertHistoricActivityInstance  - ==&gt;  Preparing: insert into ACT_HI_ACTINST ( ID_, PROC_DEF_ID_, PROC_INST_ID_, EXECUTION_ID_, ACT_ID_, TASK_ID_, CALL_PROC_INST_ID_, ACT_NAME_, ACT_TYPE_, ASSIGNEE_, START_TIME_, END_TIME_, DURATION_, TENANT_ID_ ) values (?, ?, ?, ?, ?, ?, ?, ?, ?, ?, ?, ?, ?, ?) , (?, ?, ?, ?, ?, ?, ?, ?, ?, ?, ?, ?, ?, ?) , (?, ?, ?, ?, ?, ?, ?, ?, ?, ?, ?, ?, ?, ?) , (?, ?, ?, ?, ?, ?, ?, ?, ?, ?, ?, ?, ?, ?) , (?, ?, ?, ?, ?, ?, ?, ?, ?, ?, ?, ?, ?, ?) 
10:48:10,929 [pool-23-thread-7] DEBUG org.activiti.engine.impl.persistence.entity.HistoricProcessInstanceEntity.insertHistoricProcessInstance  - &lt;==    Updates: 1
10:48:10,929 [pool-23-thread-1] DEBUG org.activiti.engine.impl.history.DefaultHistoryManager  - Current history level: AUDIT, level required: ACTIVITY
10:48:10,930 [pool-23-thread-4] DEBUG org.activiti.engine.impl.db.DbSqlSession  - inserting: Task[id=a6e672e6-c6c9-11ed-aa5a-de215c025445, name=null]
10:48:10,930 [pool-23-thread-10] DEBUG org.activiti.engine.impl.persistence.entity.TaskEntity.selectTasksByExecutionId  - ==&gt; Parameters: a6e56165-c6c9-11ed-aa5a-de215c025445(String)
10:48:10,930 [pool-23-thread-6] DEBUG org.activiti.engine.impl.persistence.entity.ExecutionEntity.insertExecution  - ==&gt;  Preparing: insert into ACT_RU_EXECUTION (ID_, REV_, PROC_INST_ID_, BUSINESS_KEY_, PROC_DEF_ID_, ACT_ID_, IS_ACTIVE_, IS_CONCURRENT_, IS_SCOPE_,IS_EVENT_SCOPE_, PARENT_ID_, SUPER_EXEC_, SUSPENSION_STATE_, CACHED_ENT_STATE_, TENANT_ID_, NAME_) values ( ?, 1, ?, ?, ?, ?, ?, ?, ?, ?, ?, ?, ?, ?, ?, ? ) 
10:48:10,930 [pool-23-thread-9] DEBUG org.activiti.engine.impl.persistence.entity.HistoricActivityInstanceEntity.bulkInsertHistoricActivityInstance  - &lt;==    Updates: 5
10:48:10,931 [pool-23-thread-6] DEBUG org.activiti.engine.impl.persistence.entity.ExecutionEntity.insertExecution  - ==&gt; Parameters: a6e4c517-c6c9-11ed-aa5a-de215c025445(String), a6e4c517-c6c9-11ed-aa5a-de215c025445(String), null, simpleProcess:1:a6dcaf6e-c6c9-11ed-aa5a-de215c025445(String), task4(String), true(Boolean), false(Boolean), true(Boolean), false(Boolean), null, null, 1(Integer), 2(Integer), (String), null
10:48:10,930 [pool-23-thread-3] DEBUG org.activiti.engine.impl.history.DefaultHistoryManager  - Current history level: AUDIT, level required: ACTIVITY
10:48:10,930 [pool-23-thread-5] DEBUG org.activiti.engine.impl.persistence.entity.HistoricTaskInstanceEntity.insertHistoricTaskInstance  - ==&gt; Parameters: a6e70f34-c6c9-11ed-aa5a-de215c025445(String), simpleProcess:1:a6dcaf6e-c6c9-11ed-aa5a-de215c025445(String), a6e49e04-c6c9-11ed-aa5a-de215c025445(String), a6e49e04-c6c9-11ed-aa5a-de215c025445(String), null, null, null, null, null, 2001-01-01 01:23:46.0(Timestamp), null, null, null, null, task4(String), null, 50(Integer), null, null, (String)
10:48:10,930 [pool-23-thread-8] DEBUG org.activiti.engine.impl.pvm.runtime.AtomicOperationActivityExecute  - ProcessInstance[a6e44fe0-c6c9-11ed-aa5a-de215c025445] executes Activity(task3): org.activiti.engine.impl.bpmn.behavior.ManualTaskActivityBehavior
10:48:10,931 [pool-23-thread-5] DEBUG org.activiti.engine.impl.persistence.entity.HistoricTaskInstanceEntity.insertHistoricTaskInstance  - &lt;==    Updates: 1
10:48:10,931 [pool-23-thread-5] DEBUG org.activiti.engine.impl.db.DbSqlSession  - inserting: HistoricProcessInstanceEntity[superProcessInstanceId=null]
10:48:10,931 [pool-23-thread-3] DEBUG org.activiti.engine.impl.pvm.runtime.AtomicOperationTransitionNotifyListenerTake  - ProcessInstance[a6e5d69b-c6c9-11ed-aa5a-de215c025445] takes transition (task3)--flow4--&gt;(task4)
10:48:10,931 [pool-23-thread-6] DEBUG org.activiti.engine.impl.persistence.entity.ExecutionEntity.insertExecution  - &lt;==    Updates: 1
10:48:10,931 [pool-23-thread-6] DEBUG org.activiti.engine.impl.db.DbSqlSession  - inserting: Task[id=a6e6c10d-c6c9-11ed-aa5a-de215c025445, name=null]
10:48:10,931 [pool-23-thread-9] DEBUG org.activiti.engine.impl.db.DbSqlSession  - inserting: ProcessInstance[a6e49e05-c6c9-11ed-aa5a-de215c025445]
10:48:10,931 [pool-23-thread-7] DEBUG org.activiti.engine.impl.persistence.entity.HistoricActivityInstanceEntity.bulkInsertHistoricActivityInstance  - ==&gt;  Preparing: insert into ACT_HI_ACTINST ( ID_, PROC_DEF_ID_, PROC_INST_ID_, EXECUTION_ID_, ACT_ID_, TASK_ID_, CALL_PROC_INST_ID_, ACT_NAME_, ACT_TYPE_, ASSIGNEE_, START_TIME_, END_TIME_, DURATION_, TENANT_ID_ ) values (?, ?, ?, ?, ?, ?, ?, ?, ?, ?, ?, ?, ?, ?) , (?, ?, ?, ?, ?, ?, ?, ?, ?, ?, ?, ?, ?, ?) , (?, ?, ?, ?, ?, ?, ?, ?, ?, ?, ?, ?, ?, ?) , (?, ?, ?, ?, ?, ?, ?, ?, ?, ?, ?, ?, ?, ?) , (?, ?, ?, ?, ?, ?, ?, ?, ?, ?, ?, ?, ?, ?) 
10:48:10,931 [pool-23-thread-10] DEBUG org.activiti.engine.impl.persistence.entity.TaskEntity.selectTasksByExecutionId  - &lt;==      Total: 0
10:48:10,931 [pool-23-thread-10] DEBUG org.activiti.engine.impl.history.DefaultHistoryManager  - Current history level: AUDIT, level required: AUDIT
10:48:10,931 [pool-23-thread-4] DEBUG org.activiti.engine.impl.persistence.entity.TaskEntity.insertTask  - ==&gt;  Preparing: insert into ACT_RU_TASK (ID_, REV_, NAME_, PARENT_TASK_ID_, DESCRIPTION_, PRIORITY_, CREATE_TIME_, OWNER_, ASSIGNEE_, DELEGATION_, EXECUTION_ID_, PROC_INST_ID_, PROC_DEF_ID_, TASK_DEF_KEY_, DUE_DATE_, CATEGORY_, SUSPENSION_STATE_, TENANT_ID_, FORM_KEY_) values (?, 1, ?, ?, ?, ?, ?, ?, ?, ?, ?, ?, ?, ?, ?, ?, ?, ?, ? ) 
10:48:10,930 [pool-23-thread-2] DEBUG org.activiti.engine.impl.persistence.entity.HistoricActivityInstanceEntity.bulkInsertHistoricActivityInstance  - ==&gt; Parameters: a6e4c51b-c6c9-11ed-aa5a-de215c025445(String), simpleProcess:1:a6dcaf6e-c6c9-11ed-aa5a-de215c025445(String), a6e4c516-c6c9-11ed-aa5a-de215c025445(String), a6e4c516-c6c9-11ed-aa5a-de215c025445(String), theStart(String), null, null, null, startEvent(String), null, 2001-01-01 01:23:46.0(Timestamp), 2001-01-01 01:23:46.0(Timestamp), 0(Long), (String), a6e53a53-c6c9-11ed-aa5a-de215c025445(String), simpleProcess:1:a6dcaf6e-c6c9-11ed-aa5a-de215c025445(String), a6e4c516-c6c9-11ed-aa5a-de215c025445(String), a6e4c516-c6c9-11ed-aa5a-de215c025445(String), task1(String), null, null, null, manualTask(String), null, 2001-01-01 01:23:46.0(Timestamp), 2001-01-01 01:23:46.0(Timestamp), 0(Long), (String), a6e624bf-c6c9-11ed-aa5a-de215c025445(String), simpleProcess:1:a6dcaf6e-c6c9-11ed-aa5a-de215c025445(String), a6e4c516-c6c9-11ed-aa5a-de215c025445(String), a6e4c516-c6c9-11ed-aa5a-de215c025445(String), task2(String), null, null, null, manualTask(String), null, 2001-01-01 01:23:46.0(Timestamp), 2001-01-01 01:23:46.0(Timestamp), 0(Long), (String), a6e672e5-c6c9-11ed-aa5a-de215c025445(String), simpleProcess:1:a6dcaf6e-c6c9-11ed-aa5a-de215c025445(String), a6e4c516-c6c9-11ed-aa5a-de215c025445(String), a6e4c516-c6c9-11ed-aa5a-de215c025445(String), task3(String), null, null, null, manualTask(String), null, 2001-01-01 01:23:46.0(Timestamp), 2001-01-01 01:23:46.0(Timestamp), 0(Long), (String), a6e6c10e-c6c9-11ed-aa5a-de215c025445(String), simpleProcess:1:a6dcaf6e-c6c9-11ed-aa5a-de215c025445(String), a6e4c516-c6c9-11ed-aa5a-de215c025445(String), a6e4c516-c6c9-11ed-aa5a-de215c025445(String), task4(String), a6e6e820-c6c9-11ed-aa5a-de215c025445(String), null, null, userTask(String), null, 2001-01-01 01:23:46.0(Timestamp), null, null, (String)
10:48:10,930 [pool-23-thread-1] DEBUG org.activiti.engine.impl.pvm.runtime.AtomicOperationTransitionNotifyListenerTake  - ProcessInstance[a6e4ec2d-c6c9-11ed-aa5a-de215c025445] takes transition (task3)--flow4--&gt;(task4)
10:48:10,931 [pool-23-thread-2] DEBUG org.activiti.engine.impl.persistence.entity.HistoricActivityInstanceEntity.bulkInsertHistoricActivityInstance  - &lt;==    Updates: 5
10:48:10,931 [pool-23-thread-2] DEBUG org.activiti.engine.impl.db.DbSqlSession  - inserting: ProcessInstance[a6e4c516-c6c9-11ed-aa5a-de215c025445]
10:48:10,931 [pool-23-thread-4] DEBUG org.activiti.engine.impl.persistence.entity.TaskEntity.insertTask  - ==&gt; Parameters: a6e672e6-c6c9-11ed-aa5a-de215c025445(String), null, null, null, 50(Integer), 2001-01-01 01:23:46.0(Timestamp), null, null, null, a6e428cf-c6c9-11ed-aa5a-de215c025445(String), a6e428cf-c6c9-11ed-aa5a-de215c025445(String), simpleProcess:1:a6dcaf6e-c6c9-11ed-aa5a-de215c025445(String), task4(String), null, null, 1(Integer), (String), null
10:48:10,931 [pool-23-thread-7] DEBUG org.activiti.engine.impl.persistence.entity.HistoricActivityInstanceEntity.bulkInsertHistoricActivityInstance  - ==&gt; Parameters: a6e36578-c6c9-11ed-aa5a-de215c025445(String), simpleProcess:1:a6dcaf6e-c6c9-11ed-aa5a-de215c025445(String), a6e31757-c6c9-11ed-aa5a-de215c025445(String), a6e31757-c6c9-11ed-aa5a-de215c025445(String), theStart(String), null, null, null, startEvent(String), null, 2001-01-01 01:23:46.0(Timestamp), 2001-01-01 01:23:46.0(Timestamp), 0(Long), (String), a6e3daae-c6c9-11ed-aa5a-de215c025445(String), simpleProcess:1:a6dcaf6e-c6c9-11ed-aa5a-de215c025445(String), a6e31757-c6c9-11ed-aa5a-de215c025445(String), a6e31757-c6c9-11ed-aa5a-de215c025445(String), task1(String), null, null, null, manualTask(String), null, 2001-01-01 01:23:46.0(Timestamp), 2001-01-01 01:23:46.0(Timestamp), 0(Long), (String), a6e44fe2-c6c9-11ed-aa5a-de215c025445(String), simpleProcess:1:a6dcaf6e-c6c9-11ed-aa5a-de215c025445(String), a6e31757-c6c9-11ed-aa5a-de215c025445(String), a6e31757-c6c9-11ed-aa5a-de215c025445(String), task2(String), null, null, null, manualTask(String), null, 2001-01-01 01:23:46.0(Timestamp), 2001-01-01 01:23:46.0(Timestamp), 0(Long), (String), a6e5133e-c6c9-11ed-aa5a-de215c025445(String), simpleProcess:1:a6dcaf6e-c6c9-11ed-aa5a-de215c025445(String), a6e31757-c6c9-11ed-aa5a-de215c025445(String), a6e31757-c6c9-11ed-aa5a-de215c025445(String), task3(String), null, null, null, manualTask(String), null, 2001-01-01 01:23:46.0(Timestamp), 2001-01-01 01:23:46.0(Timestamp), 0(Long), (String), a6e64bd2-c6c9-11ed-aa5a-de215c025445(String), simpleProcess:1:a6dcaf6e-c6c9-11ed-aa5a-de215c025445(String), a6e31757-c6c9-11ed-aa5a-de215c025445(String), a6e31757-c6c9-11ed-aa5a-de215c025445(String), task4(String), a6e699f8-c6c9-11ed-aa5a-de215c025445(String), null, null, userTask(String), null, 2001-01-01 01:23:46.0(Timestamp), null, null, (String)
10:48:10,931 [pool-23-thread-10] DEBUG org.activiti.engine.impl.history.DefaultHistoryManager  - Current history level: AUDIT, level required: AUDIT
10:48:10,932 [pool-23-thread-7] DEBUG org.activiti.engine.impl.persistence.entity.HistoricActivityInstanceEntity.bulkInsertHistoricActivityInstance  - &lt;==    Updates: 5
10:48:10,932 [pool-23-thread-7] DEBUG org.activiti.engine.impl.db.DbSqlSession  - inserting: ProcessInstance[a6e31757-c6c9-11ed-aa5a-de215c025445]
10:48:10,931 [pool-23-thread-9] DEBUG org.activiti.engine.impl.persistence.entity.ExecutionEntity.insertExecution  - ==&gt;  Preparing: insert into ACT_RU_EXECUTION (ID_, REV_, PROC_INST_ID_, BUSINESS_KEY_, PROC_DEF_ID_, ACT_ID_, IS_ACTIVE_, IS_CONCURRENT_, IS_SCOPE_,IS_EVENT_SCOPE_, PARENT_ID_, SUPER_EXEC_, SUSPENSION_STATE_, CACHED_ENT_STATE_, TENANT_ID_, NAME_) values ( ?, 1, ?, ?, ?, ?, ?, ?, ?, ?, ?, ?, ?, ?, ?, ? ) 
10:48:10,931 [pool-23-thread-6] DEBUG org.activiti.engine.impl.persistence.entity.TaskEntity.insertTask  - ==&gt;  Preparing: insert into ACT_RU_TASK (ID_, REV_, NAME_, PARENT_TASK_ID_, DESCRIPTION_, PRIORITY_, CREATE_TIME_, OWNER_, ASSIGNEE_, DELEGATION_, EXECUTION_ID_, PROC_INST_ID_, PROC_DEF_ID_, TASK_DEF_KEY_, DUE_DATE_, CATEGORY_, SUSPENSION_STATE_, TENANT_ID_, FORM_KEY_) values (?, 1, ?, ?, ?, ?, ?, ?, ?, ?, ?, ?, ?, ?, ?, ?, ?, ?, ? ) 
10:48:10,932 [pool-23-thread-9] DEBUG org.activiti.engine.impl.persistence.entity.ExecutionEntity.insertExecution  - ==&gt; Parameters: a6e49e05-c6c9-11ed-aa5a-de215c025445(String), a6e49e05-c6c9-11ed-aa5a-de215c025445(String), null, simpleProcess:1:a6dcaf6e-c6c9-11ed-aa5a-de215c025445(String), task4(String), true(Boolean), false(Boolean), true(Boolean), false(Boolean), null, null, 1(Integer), 2(Integer), (String), null
10:48:10,931 [pool-23-thread-3] DEBUG org.activiti.engine.impl.history.DefaultHistoryManager  - Current history level: AUDIT, level required: ACTIVITY
10:48:10,931 [pool-23-thread-5] DEBUG org.activiti.engine.impl.persistence.entity.HistoricProcessInstanceEntity.insertHistoricProcessInstance  - ==&gt;  Preparing: insert into ACT_HI_PROCINST ( ID_, PROC_INST_ID_, BUSINESS_KEY_, PROC_DEF_ID_, START_TIME_, END_TIME_, DURATION_, START_USER_ID_, START_ACT_ID_, END_ACT_ID_, SUPER_PROCESS_INSTANCE_ID_, DELETE_REASON_, TENANT_ID_, NAME_ ) values ( ?, ?, ?, ?, ?, ?, ?, ?, ?, ?, ?, ?, ?, ? ) 
10:48:10,931 [pool-23-thread-8] DEBUG org.activiti.engine.impl.bpmn.behavior.BpmnActivityBehavior  - Leaving activity &apos;task3&apos;
10:48:10,932 [pool-23-thread-5] DEBUG org.activiti.engine.impl.persistence.entity.HistoricProcessInstanceEntity.insertHistoricProcessInstance  - ==&gt; Parameters: a6e49e04-c6c9-11ed-aa5a-de215c025445(String), a6e49e04-c6c9-11ed-aa5a-de215c025445(String), null, simpleProcess:1:a6dcaf6e-c6c9-11ed-aa5a-de215c025445(String), 2001-01-01 01:23:46.0(Timestamp), null, null, null, theStart(String), null, null, null, (String), null
10:48:10,932 [pool-23-thread-3] DEBUG org.activiti.engine.impl.pvm.runtime.AtomicOperationActivityExecute  - ProcessInstance[a6e5d69b-c6c9-11ed-aa5a-de215c025445] executes Activity(task4): org.activiti.engine.impl.bpmn.behavior.UserTaskActivityBehavior
10:48:10,932 [pool-23-thread-9] DEBUG org.activiti.engine.impl.persistence.entity.ExecutionEntity.insertExecution  - &lt;==    Updates: 1
10:48:10,932 [pool-23-thread-9] DEBUG org.activiti.engine.impl.db.DbSqlSession  - inserting: Task[id=a6e6c10c-c6c9-11ed-aa5a-de215c025445, name=null]
10:48:10,932 [pool-23-thread-6] DEBUG org.activiti.engine.impl.persistence.entity.TaskEntity.insertTask  - ==&gt; Parameters: a6e6c10d-c6c9-11ed-aa5a-de215c025445(String), null, null, null, 50(Integer), 2001-01-01 01:23:46.0(Timestamp), null, null, null, a6e4c517-c6c9-11ed-aa5a-de215c025445(String), a6e4c517-c6c9-11ed-aa5a-de215c025445(String), simpleProcess:1:a6dcaf6e-c6c9-11ed-aa5a-de215c025445(String), task4(String), null, null, 1(Integer), (String), null
10:48:10,932 [pool-23-thread-7] DEBUG org.activiti.engine.impl.persistence.entity.ExecutionEntity.insertExecution  - ==&gt;  Preparing: insert into ACT_RU_EXECUTION (ID_, REV_, PROC_INST_ID_, BUSINESS_KEY_, PROC_DEF_ID_, ACT_ID_, IS_ACTIVE_, IS_CONCURRENT_, IS_SCOPE_,IS_EVENT_SCOPE_, PARENT_ID_, SUPER_EXEC_, SUSPENSION_STATE_, CACHED_ENT_STATE_, TENANT_ID_, NAME_) values ( ?, 1, ?, ?, ?, ?, ?, ?, ?, ?, ?, ?, ?, ?, ?, ? ) 
10:48:10,932 [pool-23-thread-10] DEBUG org.activiti.engine.impl.history.DefaultHistoryManager  - Current history level: AUDIT, level required: AUDIT
10:48:10,932 [pool-23-thread-4] DEBUG org.activiti.engine.impl.persistence.entity.TaskEntity.insertTask  - &lt;==    Updates: 1
10:48:10,931 [pool-23-thread-2] DEBUG org.activiti.engine.impl.persistence.entity.ExecutionEntity.insertExecution  - ==&gt;  Preparing: insert into ACT_RU_EXECUTION (ID_, REV_, PROC_INST_ID_, BUSINESS_KEY_, PROC_DEF_ID_, ACT_ID_, IS_ACTIVE_, IS_CONCURRENT_, IS_SCOPE_,IS_EVENT_SCOPE_, PARENT_ID_, SUPER_EXEC_, SUSPENSION_STATE_, CACHED_ENT_STATE_, TENANT_ID_, NAME_) values ( ?, 1, ?, ?, ?, ?, ?, ?, ?, ?, ?, ?, ?, ?, ?, ? ) 
10:48:10,931 [pool-23-thread-1] DEBUG org.activiti.engine.impl.history.DefaultHistoryManager  - Current history level: AUDIT, level required: ACTIVITY
10:48:10,932 [pool-23-thread-2] DEBUG org.activiti.engine.impl.persistence.entity.ExecutionEntity.insertExecution  - ==&gt; Parameters: a6e4c516-c6c9-11ed-aa5a-de215c025445(String), a6e4c516-c6c9-11ed-aa5a-de215c025445(String), null, simpleProcess:1:a6dcaf6e-c6c9-11ed-aa5a-de215c025445(String), task4(String), true(Boolean), false(Boolean), true(Boolean), false(Boolean), null, null, 1(Integer), 2(Integer), (String), null
10:48:10,932 [pool-23-thread-4] DEBUG org.activiti.engine.impl.cfg.standalone.StandaloneMybatisTransactionContext  - firing event committing...
10:48:10,932 [pool-23-thread-4] DEBUG org.activiti.engine.impl.cfg.standalone.StandaloneMybatisTransactionContext  - committing the ibatis sql session...
10:48:10,932 [pool-23-thread-10] DEBUG org.activiti.engine.impl.history.DefaultHistoryManager  - Current history level: AUDIT, level required: ACTIVITY
10:48:10,932 [pool-23-thread-7] DEBUG org.activiti.engine.impl.persistence.entity.ExecutionEntity.insertExecution  - ==&gt; Parameters: a6e31757-c6c9-11ed-aa5a-de215c025445(String), a6e31757-c6c9-11ed-aa5a-de215c025445(String), null, simpleProcess:1:a6dcaf6e-c6c9-11ed-aa5a-de215c025445(String), task4(String), true(Boolean), false(Boolean), true(Boolean), false(Boolean), null, null, 1(Integer), 2(Integer), (String), null
10:48:10,932 [pool-23-thread-6] DEBUG org.activiti.engine.impl.persistence.entity.TaskEntity.insertTask  - &lt;==    Updates: 1
10:48:10,933 [pool-23-thread-6] DEBUG org.activiti.engine.impl.cfg.standalone.StandaloneMybatisTransactionContext  - firing event committing...
10:48:10,933 [pool-23-thread-6] DEBUG org.activiti.engine.impl.cfg.standalone.StandaloneMybatisTransactionContext  - committing the ibatis sql session...
10:48:10,933 [pool-23-thread-6] DEBUG org.apache.ibatis.transaction.jdbc.JdbcTransaction  - Committing JDBC Connection [conn154: url=jdbc:h2:mem:activiti-uuid-generator-test user=SA]
10:48:10,932 [pool-23-thread-9] DEBUG org.activiti.engine.impl.persistence.entity.TaskEntity.insertTask  - ==&gt;  Preparing: insert into ACT_RU_TASK (ID_, REV_, NAME_, PARENT_TASK_ID_, DESCRIPTION_, PRIORITY_, CREATE_TIME_, OWNER_, ASSIGNEE_, DELEGATION_, EXECUTION_ID_, PROC_INST_ID_, PROC_DEF_ID_, TASK_DEF_KEY_, DUE_DATE_, CATEGORY_, SUSPENSION_STATE_, TENANT_ID_, FORM_KEY_) values (?, 1, ?, ?, ?, ?, ?, ?, ?, ?, ?, ?, ?, ?, ?, ?, ?, ?, ? ) 
10:48:10,933 [pool-23-thread-6] DEBUG org.activiti.engine.impl.cfg.standalone.StandaloneMybatisTransactionContext  - firing event committed...
10:48:10,933 [pool-23-thread-6] DEBUG org.apache.ibatis.transaction.jdbc.JdbcTransaction  - Resetting autocommit to true on JDBC Connection [conn154: url=jdbc:h2:mem:activiti-uuid-generator-test user=SA]
10:48:10,933 [pool-23-thread-6] DEBUG org.apache.ibatis.transaction.jdbc.JdbcTransaction  - Closing JDBC Connection [conn154: url=jdbc:h2:mem:activiti-uuid-generator-test user=SA]
10:48:10,932 [pool-23-thread-3] DEBUG org.activiti.engine.impl.persistence.entity.TaskEntity.selectTasksByExecutionId  - ==&gt;  Preparing: select distinct T.* from ACT_RU_TASK T where T.EXECUTION_ID_ = ? 
10:48:10,932 [pool-23-thread-5] DEBUG org.activiti.engine.impl.persistence.entity.HistoricProcessInstanceEntity.insertHistoricProcessInstance  - &lt;==    Updates: 1
10:48:10,932 [pool-23-thread-8] DEBUG org.activiti.engine.impl.history.DefaultHistoryManager  - Current history level: AUDIT, level required: ACTIVITY
10:48:10,933 [pool-23-thread-3] DEBUG org.activiti.engine.impl.persistence.entity.TaskEntity.selectTasksByExecutionId  - ==&gt; Parameters: a6e5d69b-c6c9-11ed-aa5a-de215c025445(String)
10:48:10,933 [pool-23-thread-6] DEBUG org.apache.ibatis.datasource.pooled.PooledDataSource  - Returned connection 640090337 to pool.
10:48:10,933 [pool-23-thread-9] DEBUG org.activiti.engine.impl.persistence.entity.TaskEntity.insertTask  - ==&gt; Parameters: a6e6c10c-c6c9-11ed-aa5a-de215c025445(String), null, null, null, 50(Integer), 2001-01-01 01:23:46.0(Timestamp), null, null, null, a6e49e05-c6c9-11ed-aa5a-de215c025445(String), a6e49e05-c6c9-11ed-aa5a-de215c025445(String), simpleProcess:1:a6dcaf6e-c6c9-11ed-aa5a-de215c025445(String), task4(String), null, null, 1(Integer), (String), null
10:48:10,933 [pool-23-thread-7] DEBUG org.activiti.engine.impl.persistence.entity.ExecutionEntity.insertExecution  - &lt;==    Updates: 1
10:48:10,933 [pool-23-thread-5] DEBUG org.activiti.engine.impl.persistence.entity.HistoricActivityInstanceEntity.bulkInsertHistoricActivityInstance  - ==&gt;  Preparing: insert into ACT_HI_ACTINST ( ID_, PROC_DEF_ID_, PROC_INST_ID_, EXECUTION_ID_, ACT_ID_, TASK_ID_, CALL_PROC_INST_ID_, ACT_NAME_, ACT_TYPE_, ASSIGNEE_, START_TIME_, END_TIME_, DURATION_, TENANT_ID_ ) values (?, ?, ?, ?, ?, ?, ?, ?, ?, ?, ?, ?, ?, ?) , (?, ?, ?, ?, ?, ?, ?, ?, ?, ?, ?, ?, ?, ?) , (?, ?, ?, ?, ?, ?, ?, ?, ?, ?, ?, ?, ?, ?) , (?, ?, ?, ?, ?, ?, ?, ?, ?, ?, ?, ?, ?, ?) , (?, ?, ?, ?, ?, ?, ?, ?, ?, ?, ?, ?, ?, ?) 
10:48:10,933 [pool-23-thread-10] DEBUG org.activiti.engine.impl.db.DbSqlSession  -   insert ProcessInstance[a6e56165-c6c9-11ed-aa5a-de215c025445]
10:48:10,933 [pool-23-thread-10] DEBUG org.activiti.engine.impl.db.DbSqlSession  -   insert HistoricProcessInstanceEntity[superProcessInstanceId=null]
10:48:10,933 [pool-23-thread-10] DEBUG org.activiti.engine.impl.db.DbSqlSession  -   insert Task[id=a6e7d28a-c6c9-11ed-aa5a-de215c025445, name=null]
10:48:10,933 [pool-23-thread-10] DEBUG org.activiti.engine.impl.db.DbSqlSession  -   insert HistoricTaskInstanceEntity[id=a6e7d28a-c6c9-11ed-aa5a-de215c025445, name=null]
10:48:10,933 [pool-23-thread-10] DEBUG org.activiti.engine.impl.db.DbSqlSession  -   insert HistoricActivityInstanceEntity[activityId=theStart, activityName=null]
10:48:10,933 [pool-23-thread-10] DEBUG org.activiti.engine.impl.db.DbSqlSession  -   insert HistoricActivityInstanceEntity[activityId=task1, activityName=null]
10:48:10,933 [pool-23-thread-10] DEBUG org.activiti.engine.impl.db.DbSqlSession  -   insert HistoricActivityInstanceEntity[activityId=task2, activityName=null]
10:48:10,933 [pool-23-thread-10] DEBUG org.activiti.engine.impl.db.DbSqlSession  -   insert HistoricActivityInstanceEntity[activityId=task3, activityName=null]
10:48:10,933 [pool-23-thread-10] DEBUG org.activiti.engine.impl.db.DbSqlSession  -   insert HistoricActivityInstanceEntity[activityId=task4, activityName=null]
10:48:10,933 [pool-23-thread-10] DEBUG org.activiti.engine.impl.db.DbSqlSession  - flush summary: 9 insert, 0 update, 0 delete.
10:48:10,933 [pool-23-thread-10] DEBUG org.activiti.engine.impl.db.DbSqlSession  - now executing flush...
10:48:10,933 [pool-23-thread-10] DEBUG org.activiti.engine.impl.db.DbSqlSession  - inserting: HistoricTaskInstanceEntity[id=a6e7d28a-c6c9-11ed-aa5a-de215c025445, name=null]
10:48:10,932 [pool-23-thread-4] DEBUG org.apache.ibatis.transaction.jdbc.JdbcTransaction  - Committing JDBC Connection [conn152: url=jdbc:h2:mem:activiti-uuid-generator-test user=SA]
10:48:10,932 [pool-23-thread-2] DEBUG org.activiti.engine.impl.persistence.entity.ExecutionEntity.insertExecution  - &lt;==    Updates: 1
10:48:10,934 [pool-23-thread-4] DEBUG org.activiti.engine.impl.cfg.standalone.StandaloneMybatisTransactionContext  - firing event committed...
10:48:10,934 [pool-23-thread-4] DEBUG org.apache.ibatis.transaction.jdbc.JdbcTransaction  - Resetting autocommit to true on JDBC Connection [conn152: url=jdbc:h2:mem:activiti-uuid-generator-test user=SA]
10:48:10,934 [pool-23-thread-4] DEBUG org.apache.ibatis.transaction.jdbc.JdbcTransaction  - Closing JDBC Connection [conn152: url=jdbc:h2:mem:activiti-uuid-generator-test user=SA]
10:48:10,934 [pool-23-thread-4] DEBUG org.apache.ibatis.datasource.pooled.PooledDataSource  - Returned connection 1865681564 to pool.
10:48:10,932 [pool-23-thread-1] DEBUG org.activiti.engine.impl.pvm.runtime.AtomicOperationActivityExecute  - ProcessInstance[a6e4ec2d-c6c9-11ed-aa5a-de215c025445] executes Activity(task4): org.activiti.engine.impl.bpmn.behavior.UserTaskActivityBehavior
10:48:10,934 [pool-23-thread-4] DEBUG org.activiti.engine.impl.interceptor.LogInterceptor  - --- StartProcessInstanceCmd finished --------------------------------------------------------
10:48:10,934 [pool-23-thread-4] DEBUG org.activiti.engine.impl.interceptor.LogInterceptor  - 

10:48:10,934 [pool-23-thread-2] DEBUG org.activiti.engine.impl.db.DbSqlSession  - inserting: Task[id=a6e6e820-c6c9-11ed-aa5a-de215c025445, name=null]
10:48:10,933 [pool-23-thread-10] DEBUG org.activiti.engine.impl.persistence.entity.HistoricTaskInstanceEntity.insertHistoricTaskInstance  - ==&gt;  Preparing: insert into ACT_HI_TASKINST ( ID_, PROC_DEF_ID_, PROC_INST_ID_, EXECUTION_ID_, NAME_, PARENT_TASK_ID_, DESCRIPTION_, OWNER_, ASSIGNEE_, START_TIME_, CLAIM_TIME_, END_TIME_, DURATION_, DELETE_REASON_, TASK_DEF_KEY_, FORM_KEY_, PRIORITY_, DUE_DATE_, CATEGORY_, TENANT_ID_ ) values ( ?, ?, ?, ?, ?, ?, ?, ?, ?, ?, ?, ?, ?, ?, ?, ?, ?, ?, ?, ? ) 
10:48:10,933 [pool-23-thread-5] DEBUG org.activiti.engine.impl.persistence.entity.HistoricActivityInstanceEntity.bulkInsertHistoricActivityInstance  - ==&gt; Parameters: a6e4c51a-c6c9-11ed-aa5a-de215c025445(String), simpleProcess:1:a6dcaf6e-c6c9-11ed-aa5a-de215c025445(String), a6e49e04-c6c9-11ed-aa5a-de215c025445(String), a6e49e04-c6c9-11ed-aa5a-de215c025445(String), theStart(String), null, null, null, startEvent(String), null, 2001-01-01 01:23:46.0(Timestamp), 2001-01-01 01:23:46.0(Timestamp), 0(Long), (String), a6e53a52-c6c9-11ed-aa5a-de215c025445(String), simpleProcess:1:a6dcaf6e-c6c9-11ed-aa5a-de215c025445(String), a6e49e04-c6c9-11ed-aa5a-de215c025445(String), a6e49e04-c6c9-11ed-aa5a-de215c025445(String), task1(String), null, null, null, manualTask(String), null, 2001-01-01 01:23:46.0(Timestamp), 2001-01-01 01:23:46.0(Timestamp), 0(Long), (String), a6e5d69a-c6c9-11ed-aa5a-de215c025445(String), simpleProcess:1:a6dcaf6e-c6c9-11ed-aa5a-de215c025445(String), a6e49e04-c6c9-11ed-aa5a-de215c025445(String), a6e49e04-c6c9-11ed-aa5a-de215c025445(String), task2(String), null, null, null, manualTask(String), null, 2001-01-01 01:23:46.0(Timestamp), 2001-01-01 01:23:46.0(Timestamp), 0(Long), (String), a6e672e4-c6c9-11ed-aa5a-de215c025445(String), simpleProcess:1:a6dcaf6e-c6c9-11ed-aa5a-de215c025445(String), a6e49e04-c6c9-11ed-aa5a-de215c025445(String), a6e49e04-c6c9-11ed-aa5a-de215c025445(String), task3(String), null, null, null, manualTask(String), null, 2001-01-01 01:23:46.0(Timestamp), 2001-01-01 01:23:46.0(Timestamp), 0(Long), (String), a6e70f33-c6c9-11ed-aa5a-de215c025445(String), simpleProcess:1:a6dcaf6e-c6c9-11ed-aa5a-de215c025445(String), a6e49e04-c6c9-11ed-aa5a-de215c025445(String), a6e49e04-c6c9-11ed-aa5a-de215c025445(String), task4(String), a6e70f34-c6c9-11ed-aa5a-de215c025445(String), null, null, userTask(String), null, 2001-01-01 01:23:46.0(Timestamp), null, null, (String)
10:48:10,933 [pool-23-thread-7] DEBUG org.activiti.engine.impl.db.DbSqlSession  - inserting: Task[id=a6e699f8-c6c9-11ed-aa5a-de215c025445, name=null]
10:48:10,934 [pool-23-thread-5] DEBUG org.activiti.engine.impl.persistence.entity.HistoricActivityInstanceEntity.bulkInsertHistoricActivityInstance  - &lt;==    Updates: 5
10:48:10,934 [pool-23-thread-5] DEBUG org.activiti.engine.impl.db.DbSqlSession  - inserting: ProcessInstance[a6e49e04-c6c9-11ed-aa5a-de215c025445]
10:48:10,933 [pool-23-thread-9] DEBUG org.activiti.engine.impl.persistence.entity.TaskEntity.insertTask  - &lt;==    Updates: 1
10:48:10,934 [pool-23-thread-9] DEBUG org.activiti.engine.impl.cfg.standalone.StandaloneMybatisTransactionContext  - firing event committing...
10:48:10,934 [pool-23-thread-9] DEBUG org.activiti.engine.impl.cfg.standalone.StandaloneMybatisTransactionContext  - committing the ibatis sql session...
10:48:10,934 [pool-23-thread-9] DEBUG org.apache.ibatis.transaction.jdbc.JdbcTransaction  - Committing JDBC Connection [conn153: url=jdbc:h2:mem:activiti-uuid-generator-test user=SA]
10:48:10,933 [pool-23-thread-6] DEBUG org.activiti.engine.impl.interceptor.LogInterceptor  - --- StartProcessInstanceCmd finished --------------------------------------------------------
10:48:10,934 [pool-23-thread-6] DEBUG org.activiti.engine.impl.interceptor.LogInterceptor  - 

10:48:10,933 [pool-23-thread-3] DEBUG org.activiti.engine.impl.persistence.entity.TaskEntity.selectTasksByExecutionId  - &lt;==      Total: 0
10:48:10,933 [pool-23-thread-8] DEBUG org.activiti.engine.impl.pvm.runtime.AtomicOperationTransitionNotifyListenerTake  - ProcessInstance[a6e44fe0-c6c9-11ed-aa5a-de215c025445] takes transition (task3)--flow4--&gt;(task4)
10:48:10,934 [pool-23-thread-3] DEBUG org.activiti.engine.impl.history.DefaultHistoryManager  - Current history level: AUDIT, level required: AUDIT
10:48:10,934 [pool-23-thread-6] DEBUG org.activiti.engine.impl.interceptor.LogInterceptor  - 

10:48:10,934 [pool-23-thread-6] DEBUG org.activiti.engine.impl.interceptor.LogInterceptor  - --- starting StartProcessInstanceCmd --------------------------------------------------------
10:48:10,934 [pool-23-thread-9] DEBUG org.activiti.engine.impl.cfg.standalone.StandaloneMybatisTransactionContext  - firing event committed...
10:48:10,934 [pool-23-thread-9] DEBUG org.apache.ibatis.transaction.jdbc.JdbcTransaction  - Resetting autocommit to true on JDBC Connection [conn153: url=jdbc:h2:mem:activiti-uuid-generator-test user=SA]
10:48:10,934 [pool-23-thread-5] DEBUG org.activiti.engine.impl.persistence.entity.ExecutionEntity.insertExecution  - ==&gt;  Preparing: insert into ACT_RU_EXECUTION (ID_, REV_, PROC_INST_ID_, BUSINESS_KEY_, PROC_DEF_ID_, ACT_ID_, IS_ACTIVE_, IS_CONCURRENT_, IS_SCOPE_,IS_EVENT_SCOPE_, PARENT_ID_, SUPER_EXEC_, SUSPENSION_STATE_, CACHED_ENT_STATE_, TENANT_ID_, NAME_) values ( ?, 1, ?, ?, ?, ?, ?, ?, ?, ?, ?, ?, ?, ?, ?, ? ) 
10:48:10,934 [pool-23-thread-7] DEBUG org.activiti.engine.impl.persistence.entity.TaskEntity.insertTask  - ==&gt;  Preparing: insert into ACT_RU_TASK (ID_, REV_, NAME_, PARENT_TASK_ID_, DESCRIPTION_, PRIORITY_, CREATE_TIME_, OWNER_, ASSIGNEE_, DELEGATION_, EXECUTION_ID_, PROC_INST_ID_, PROC_DEF_ID_, TASK_DEF_KEY_, DUE_DATE_, CATEGORY_, SUSPENSION_STATE_, TENANT_ID_, FORM_KEY_) values (?, 1, ?, ?, ?, ?, ?, ?, ?, ?, ?, ?, ?, ?, ?, ?, ?, ?, ? ) 
10:48:10,934 [pool-23-thread-10] DEBUG org.activiti.engine.impl.persistence.entity.HistoricTaskInstanceEntity.insertHistoricTaskInstance  - ==&gt; Parameters: a6e7d28a-c6c9-11ed-aa5a-de215c025445(String), simpleProcess:1:a6dcaf6e-c6c9-11ed-aa5a-de215c025445(String), a6e56165-c6c9-11ed-aa5a-de215c025445(String), a6e56165-c6c9-11ed-aa5a-de215c025445(String), null, null, null, null, null, 2001-01-01 01:23:46.0(Timestamp), null, null, null, null, task4(String), null, 50(Integer), null, null, (String)
10:48:10,935 [pool-23-thread-7] DEBUG org.activiti.engine.impl.persistence.entity.TaskEntity.insertTask  - ==&gt; Parameters: a6e699f8-c6c9-11ed-aa5a-de215c025445(String), null, null, null, 50(Integer), 2001-01-01 01:23:46.0(Timestamp), null, null, null, a6e31757-c6c9-11ed-aa5a-de215c025445(String), a6e31757-c6c9-11ed-aa5a-de215c025445(String), simpleProcess:1:a6dcaf6e-c6c9-11ed-aa5a-de215c025445(String), task4(String), null, null, 1(Integer), (String), null
10:48:10,934 [pool-23-thread-2] DEBUG org.activiti.engine.impl.persistence.entity.TaskEntity.insertTask  - ==&gt;  Preparing: insert into ACT_RU_TASK (ID_, REV_, NAME_, PARENT_TASK_ID_, DESCRIPTION_, PRIORITY_, CREATE_TIME_, OWNER_, ASSIGNEE_, DELEGATION_, EXECUTION_ID_, PROC_INST_ID_, PROC_DEF_ID_, TASK_DEF_KEY_, DUE_DATE_, CATEGORY_, SUSPENSION_STATE_, TENANT_ID_, FORM_KEY_) values (?, 1, ?, ?, ?, ?, ?, ?, ?, ?, ?, ?, ?, ?, ?, ?, ?, ?, ? ) 
10:48:10,934 [pool-23-thread-4] DEBUG org.activiti.engine.impl.interceptor.LogInterceptor  - 

10:48:10,935 [pool-23-thread-4] DEBUG org.activiti.engine.impl.interceptor.LogInterceptor  - --- starting StartProcessInstanceCmd --------------------------------------------------------
10:48:10,934 [pool-23-thread-1] DEBUG org.activiti.engine.impl.persistence.entity.TaskEntity.selectTasksByExecutionId  - ==&gt;  Preparing: select distinct T.* from ACT_RU_TASK T where T.EXECUTION_ID_ = ? 
10:48:10,935 [pool-23-thread-4] DEBUG org.apache.ibatis.transaction.jdbc.JdbcTransaction  - Opening JDBC Connection
10:48:10,935 [pool-23-thread-4] DEBUG org.apache.ibatis.datasource.pooled.PooledDataSource  - Checked out connection 640090337 from pool.
10:48:10,935 [pool-23-thread-2] DEBUG org.activiti.engine.impl.persistence.entity.TaskEntity.insertTask  - ==&gt; Parameters: a6e6e820-c6c9-11ed-aa5a-de215c025445(String), null, null, null, 50(Integer), 2001-01-01 01:23:46.0(Timestamp), null, null, null, a6e4c516-c6c9-11ed-aa5a-de215c025445(String), a6e4c516-c6c9-11ed-aa5a-de215c025445(String), simpleProcess:1:a6dcaf6e-c6c9-11ed-aa5a-de215c025445(String), task4(String), null, null, 1(Integer), (String), null
10:48:10,935 [pool-23-thread-7] DEBUG org.activiti.engine.impl.persistence.entity.TaskEntity.insertTask  - &lt;==    Updates: 1
10:48:10,935 [pool-23-thread-10] DEBUG org.activiti.engine.impl.persistence.entity.HistoricTaskInstanceEntity.insertHistoricTaskInstance  - &lt;==    Updates: 1
10:48:10,935 [pool-23-thread-10] DEBUG org.activiti.engine.impl.db.DbSqlSession  - inserting: HistoricProcessInstanceEntity[superProcessInstanceId=null]
10:48:10,934 [pool-23-thread-5] DEBUG org.activiti.engine.impl.persistence.entity.ExecutionEntity.insertExecution  - ==&gt; Parameters: a6e49e04-c6c9-11ed-aa5a-de215c025445(String), a6e49e04-c6c9-11ed-aa5a-de215c025445(String), null, simpleProcess:1:a6dcaf6e-c6c9-11ed-aa5a-de215c025445(String), task4(String), true(Boolean), false(Boolean), true(Boolean), false(Boolean), null, null, 1(Integer), 2(Integer), (String), null
10:48:10,934 [pool-23-thread-9] DEBUG org.apache.ibatis.transaction.jdbc.JdbcTransaction  - Closing JDBC Connection [conn153: url=jdbc:h2:mem:activiti-uuid-generator-test user=SA]
10:48:10,935 [pool-23-thread-9] DEBUG org.apache.ibatis.datasource.pooled.PooledDataSource  - Returned connection 1805157850 to pool.
10:48:10,935 [pool-23-thread-9] DEBUG org.activiti.engine.impl.interceptor.LogInterceptor  - --- StartProcessInstanceCmd finished --------------------------------------------------------
10:48:10,935 [pool-23-thread-9] DEBUG org.activiti.engine.impl.interceptor.LogInterceptor  - 

10:48:10,934 [pool-23-thread-6] DEBUG org.apache.ibatis.transaction.jdbc.JdbcTransaction  - Opening JDBC Connection
10:48:10,935 [pool-23-thread-6] DEBUG org.apache.ibatis.datasource.pooled.PooledDataSource  - Checked out connection 1865681564 from pool.
10:48:10,935 [pool-23-thread-6] DEBUG org.apache.ibatis.transaction.jdbc.JdbcTransaction  - Setting autocommit to false on JDBC Connection [conn152: url=jdbc:h2:mem:activiti-uuid-generator-test user=SA]
10:48:10,934 [pool-23-thread-3] DEBUG org.activiti.engine.impl.history.DefaultHistoryManager  - Current history level: AUDIT, level required: AUDIT
10:48:10,934 [pool-23-thread-8] DEBUG org.activiti.engine.impl.history.DefaultHistoryManager  - Current history level: AUDIT, level required: ACTIVITY
10:48:10,935 [pool-23-thread-3] DEBUG org.activiti.engine.impl.history.DefaultHistoryManager  - Current history level: AUDIT, level required: AUDIT
10:48:10,935 [pool-23-thread-6] DEBUG org.activiti.engine.impl.persistence.entity.ProcessDefinitionEntity.selectLatestProcessDefinitionByKey  - ==&gt;  Preparing: select * from ACT_RE_PROCDEF where KEY_ = ? and (TENANT_ID_ = &apos;&apos; or TENANT_ID_ is null) and VERSION_ = (select max(VERSION_) from ACT_RE_PROCDEF where KEY_ = ? and (TENANT_ID_ = &apos;&apos; or TENANT_ID_ is null)) 
10:48:10,935 [pool-23-thread-3] DEBUG org.activiti.engine.impl.history.DefaultHistoryManager  - Current history level: AUDIT, level required: ACTIVITY
10:48:10,935 [pool-23-thread-9] DEBUG org.activiti.engine.impl.interceptor.LogInterceptor  - 

10:48:10,936 [pool-23-thread-9] DEBUG org.activiti.engine.impl.interceptor.LogInterceptor  - --- starting StartProcessInstanceCmd --------------------------------------------------------
10:48:10,936 [pool-23-thread-9] DEBUG org.apache.ibatis.transaction.jdbc.JdbcTransaction  - Opening JDBC Connection
10:48:10,936 [pool-23-thread-9] DEBUG org.apache.ibatis.datasource.pooled.PooledDataSource  - Checked out connection 1805157850 from pool.
10:48:10,936 [pool-23-thread-9] DEBUG org.apache.ibatis.transaction.jdbc.JdbcTransaction  - Setting autocommit to false on JDBC Connection [conn153: url=jdbc:h2:mem:activiti-uuid-generator-test user=SA]
10:48:10,935 [pool-23-thread-5] DEBUG org.activiti.engine.impl.persistence.entity.ExecutionEntity.insertExecution  - &lt;==    Updates: 1
10:48:10,935 [pool-23-thread-10] DEBUG org.activiti.engine.impl.persistence.entity.HistoricProcessInstanceEntity.insertHistoricProcessInstance  - ==&gt;  Preparing: insert into ACT_HI_PROCINST ( ID_, PROC_INST_ID_, BUSINESS_KEY_, PROC_DEF_ID_, START_TIME_, END_TIME_, DURATION_, START_USER_ID_, START_ACT_ID_, END_ACT_ID_, SUPER_PROCESS_INSTANCE_ID_, DELETE_REASON_, TENANT_ID_, NAME_ ) values ( ?, ?, ?, ?, ?, ?, ?, ?, ?, ?, ?, ?, ?, ? ) 
10:48:10,935 [pool-23-thread-7] DEBUG org.activiti.engine.impl.cfg.standalone.StandaloneMybatisTransactionContext  - firing event committing...
10:48:10,936 [pool-23-thread-7] DEBUG org.activiti.engine.impl.cfg.standalone.StandaloneMybatisTransactionContext  - committing the ibatis sql session...
10:48:10,936 [pool-23-thread-7] DEBUG org.apache.ibatis.transaction.jdbc.JdbcTransaction  - Committing JDBC Connection [conn150: url=jdbc:h2:mem:activiti-uuid-generator-test user=SA]
10:48:10,935 [pool-23-thread-2] DEBUG org.activiti.engine.impl.persistence.entity.TaskEntity.insertTask  - &lt;==    Updates: 1
10:48:10,935 [pool-23-thread-4] DEBUG org.apache.ibatis.transaction.jdbc.JdbcTransaction  - Setting autocommit to false on JDBC Connection [conn154: url=jdbc:h2:mem:activiti-uuid-generator-test user=SA]
10:48:10,935 [pool-23-thread-1] DEBUG org.activiti.engine.impl.persistence.entity.TaskEntity.selectTasksByExecutionId  - ==&gt; Parameters: a6e4ec2d-c6c9-11ed-aa5a-de215c025445(String)
10:48:10,936 [pool-23-thread-4] DEBUG org.activiti.engine.impl.persistence.entity.ProcessDefinitionEntity.selectLatestProcessDefinitionByKey  - ==&gt;  Preparing: select * from ACT_RE_PROCDEF where KEY_ = ? and (TENANT_ID_ = &apos;&apos; or TENANT_ID_ is null) and VERSION_ = (select max(VERSION_) from ACT_RE_PROCDEF where KEY_ = ? and (TENANT_ID_ = &apos;&apos; or TENANT_ID_ is null)) 
10:48:10,936 [pool-23-thread-2] DEBUG org.activiti.engine.impl.cfg.standalone.StandaloneMybatisTransactionContext  - firing event committing...
10:48:10,936 [pool-23-thread-2] DEBUG org.activiti.engine.impl.cfg.standalone.StandaloneMybatisTransactionContext  - committing the ibatis sql session...
10:48:10,936 [pool-23-thread-7] DEBUG org.activiti.engine.impl.cfg.standalone.StandaloneMybatisTransactionContext  - firing event committed...
10:48:10,937 [pool-23-thread-7] DEBUG org.apache.ibatis.transaction.jdbc.JdbcTransaction  - Resetting autocommit to true on JDBC Connection [conn150: url=jdbc:h2:mem:activiti-uuid-generator-test user=SA]
10:48:10,936 [pool-23-thread-10] DEBUG org.activiti.engine.impl.persistence.entity.HistoricProcessInstanceEntity.insertHistoricProcessInstance  - ==&gt; Parameters: a6e56165-c6c9-11ed-aa5a-de215c025445(String), a6e56165-c6c9-11ed-aa5a-de215c025445(String), null, simpleProcess:1:a6dcaf6e-c6c9-11ed-aa5a-de215c025445(String), 2001-01-01 01:23:46.0(Timestamp), null, null, null, theStart(String), null, null, null, (String), null
10:48:10,936 [pool-23-thread-5] DEBUG org.activiti.engine.impl.db.DbSqlSession  - inserting: Task[id=a6e70f34-c6c9-11ed-aa5a-de215c025445, name=null]
10:48:10,936 [pool-23-thread-9] DEBUG org.activiti.engine.impl.persistence.entity.ProcessDefinitionEntity.selectLatestProcessDefinitionByKey  - ==&gt;  Preparing: select * from ACT_RE_PROCDEF where KEY_ = ? and (TENANT_ID_ = &apos;&apos; or TENANT_ID_ is null) and VERSION_ = (select max(VERSION_) from ACT_RE_PROCDEF where KEY_ = ? and (TENANT_ID_ = &apos;&apos; or TENANT_ID_ is null)) 
10:48:10,936 [pool-23-thread-3] DEBUG org.activiti.engine.impl.db.DbSqlSession  -   insert ProcessInstance[a6e5d69b-c6c9-11ed-aa5a-de215c025445]
10:48:10,937 [pool-23-thread-3] DEBUG org.activiti.engine.impl.db.DbSqlSession  -   insert HistoricProcessInstanceEntity[superProcessInstanceId=null]
10:48:10,937 [pool-23-thread-3] DEBUG org.activiti.engine.impl.db.DbSqlSession  -   insert Task[id=a6e847bd-c6c9-11ed-aa5a-de215c025445, name=null]
10:48:10,937 [pool-23-thread-3] DEBUG org.activiti.engine.impl.db.DbSqlSession  -   insert HistoricTaskInstanceEntity[id=a6e847bd-c6c9-11ed-aa5a-de215c025445, name=null]
10:48:10,937 [pool-23-thread-3] DEBUG org.activiti.engine.impl.db.DbSqlSession  -   insert HistoricActivityInstanceEntity[activityId=theStart, activityName=null]
10:48:10,937 [pool-23-thread-3] DEBUG org.activiti.engine.impl.db.DbSqlSession  -   insert HistoricActivityInstanceEntity[activityId=task1, activityName=null]
10:48:10,937 [pool-23-thread-3] DEBUG org.activiti.engine.impl.db.DbSqlSession  -   insert HistoricActivityInstanceEntity[activityId=task2, activityName=null]
10:48:10,937 [pool-23-thread-3] DEBUG org.activiti.engine.impl.db.DbSqlSession  -   insert HistoricActivityInstanceEntity[activityId=task3, activityName=null]
10:48:10,937 [pool-23-thread-3] DEBUG org.activiti.engine.impl.db.DbSqlSession  -   insert HistoricActivityInstanceEntity[activityId=task4, activityName=null]
10:48:10,937 [pool-23-thread-3] DEBUG org.activiti.engine.impl.db.DbSqlSession  - flush summary: 9 insert, 0 update, 0 delete.
10:48:10,937 [pool-23-thread-3] DEBUG org.activiti.engine.impl.db.DbSqlSession  - now executing flush...
10:48:10,937 [pool-23-thread-3] DEBUG org.activiti.engine.impl.db.DbSqlSession  - inserting: HistoricTaskInstanceEntity[id=a6e847bd-c6c9-11ed-aa5a-de215c025445, name=null]
10:48:10,935 [pool-23-thread-6] DEBUG org.activiti.engine.impl.persistence.entity.ProcessDefinitionEntity.selectLatestProcessDefinitionByKey  - ==&gt; Parameters: simpleProcess(String), simpleProcess(String)
10:48:10,935 [pool-23-thread-8] DEBUG org.activiti.engine.impl.pvm.runtime.AtomicOperationActivityExecute  - ProcessInstance[a6e44fe0-c6c9-11ed-aa5a-de215c025445] executes Activity(task4): org.activiti.engine.impl.bpmn.behavior.UserTaskActivityBehavior
10:48:10,937 [pool-23-thread-3] DEBUG org.activiti.engine.impl.persistence.entity.HistoricTaskInstanceEntity.insertHistoricTaskInstance  - ==&gt;  Preparing: insert into ACT_HI_TASKINST ( ID_, PROC_DEF_ID_, PROC_INST_ID_, EXECUTION_ID_, NAME_, PARENT_TASK_ID_, DESCRIPTION_, OWNER_, ASSIGNEE_, START_TIME_, CLAIM_TIME_, END_TIME_, DURATION_, DELETE_REASON_, TASK_DEF_KEY_, FORM_KEY_, PRIORITY_, DUE_DATE_, CATEGORY_, TENANT_ID_ ) values ( ?, ?, ?, ?, ?, ?, ?, ?, ?, ?, ?, ?, ?, ?, ?, ?, ?, ?, ?, ? ) 
10:48:10,937 [pool-23-thread-9] DEBUG org.activiti.engine.impl.persistence.entity.ProcessDefinitionEntity.selectLatestProcessDefinitionByKey  - ==&gt; Parameters: simpleProcess(String), simpleProcess(String)
10:48:10,937 [pool-23-thread-3] DEBUG org.activiti.engine.impl.persistence.entity.HistoricTaskInstanceEntity.insertHistoricTaskInstance  - ==&gt; Parameters: a6e847bd-c6c9-11ed-aa5a-de215c025445(String), simpleProcess:1:a6dcaf6e-c6c9-11ed-aa5a-de215c025445(String), a6e5d69b-c6c9-11ed-aa5a-de215c025445(String), a6e5d69b-c6c9-11ed-aa5a-de215c025445(String), null, null, null, null, null, 2001-01-01 01:23:46.0(Timestamp), null, null, null, null, task4(String), null, 50(Integer), null, null, (String)
10:48:10,937 [pool-23-thread-9] DEBUG org.activiti.engine.impl.persistence.entity.ProcessDefinitionEntity.selectLatestProcessDefinitionByKey  - &lt;==      Total: 1
10:48:10,937 [pool-23-thread-5] DEBUG org.activiti.engine.impl.persistence.entity.TaskEntity.insertTask  - ==&gt;  Preparing: insert into ACT_RU_TASK (ID_, REV_, NAME_, PARENT_TASK_ID_, DESCRIPTION_, PRIORITY_, CREATE_TIME_, OWNER_, ASSIGNEE_, DELEGATION_, EXECUTION_ID_, PROC_INST_ID_, PROC_DEF_ID_, TASK_DEF_KEY_, DUE_DATE_, CATEGORY_, SUSPENSION_STATE_, TENANT_ID_, FORM_KEY_) values (?, 1, ?, ?, ?, ?, ?, ?, ?, ?, ?, ?, ?, ?, ?, ?, ?, ?, ? ) 
10:48:10,937 [pool-23-thread-10] DEBUG org.activiti.engine.impl.persistence.entity.HistoricProcessInstanceEntity.insertHistoricProcessInstance  - &lt;==    Updates: 1
10:48:10,937 [pool-23-thread-5] DEBUG org.activiti.engine.impl.persistence.entity.TaskEntity.insertTask  - ==&gt; Parameters: a6e70f34-c6c9-11ed-aa5a-de215c025445(String), null, null, null, 50(Integer), 2001-01-01 01:23:46.0(Timestamp), null, null, null, a6e49e04-c6c9-11ed-aa5a-de215c025445(String), a6e49e04-c6c9-11ed-aa5a-de215c025445(String), simpleProcess:1:a6dcaf6e-c6c9-11ed-aa5a-de215c025445(String), task4(String), null, null, 1(Integer), (String), null
10:48:10,937 [pool-23-thread-7] DEBUG org.apache.ibatis.transaction.jdbc.JdbcTransaction  - Closing JDBC Connection [conn150: url=jdbc:h2:mem:activiti-uuid-generator-test user=SA]
10:48:10,937 [pool-23-thread-7] DEBUG org.apache.ibatis.datasource.pooled.PooledDataSource  - Returned connection 2049392199 to pool.
10:48:10,936 [pool-23-thread-2] DEBUG org.apache.ibatis.transaction.jdbc.JdbcTransaction  - Committing JDBC Connection [conn148: url=jdbc:h2:mem:activiti-uuid-generator-test user=SA]
10:48:10,936 [pool-23-thread-4] DEBUG org.activiti.engine.impl.persistence.entity.ProcessDefinitionEntity.selectLatestProcessDefinitionByKey  - ==&gt; Parameters: simpleProcess(String), simpleProcess(String)
10:48:10,938 [pool-23-thread-2] DEBUG org.activiti.engine.impl.cfg.standalone.StandaloneMybatisTransactionContext  - firing event committed...
10:48:10,938 [pool-23-thread-2] DEBUG org.apache.ibatis.transaction.jdbc.JdbcTransaction  - Resetting autocommit to true on JDBC Connection [conn148: url=jdbc:h2:mem:activiti-uuid-generator-test user=SA]
10:48:10,938 [pool-23-thread-4] DEBUG org.activiti.engine.impl.persistence.entity.ProcessDefinitionEntity.selectLatestProcessDefinitionByKey  - &lt;==      Total: 1
10:48:10,936 [pool-23-thread-1] DEBUG org.activiti.engine.impl.persistence.entity.TaskEntity.selectTasksByExecutionId  - &lt;==      Total: 0
10:48:10,938 [pool-23-thread-4] DEBUG org.activiti.engine.impl.persistence.entity.ExecutionEntity  - initializing ProcessInstance[a6e93223-c6c9-11ed-aa5a-de215c025445]
10:48:10,938 [pool-23-thread-2] DEBUG org.apache.ibatis.transaction.jdbc.JdbcTransaction  - Closing JDBC Connection [conn148: url=jdbc:h2:mem:activiti-uuid-generator-test user=SA]
10:48:10,938 [pool-23-thread-10] DEBUG org.activiti.engine.impl.persistence.entity.HistoricActivityInstanceEntity.bulkInsertHistoricActivityInstance  - ==&gt;  Preparing: insert into ACT_HI_ACTINST ( ID_, PROC_DEF_ID_, PROC_INST_ID_, EXECUTION_ID_, ACT_ID_, TASK_ID_, CALL_PROC_INST_ID_, ACT_NAME_, ACT_TYPE_, ASSIGNEE_, START_TIME_, END_TIME_, DURATION_, TENANT_ID_ ) values (?, ?, ?, ?, ?, ?, ?, ?, ?, ?, ?, ?, ?, ?) , (?, ?, ?, ?, ?, ?, ?, ?, ?, ?, ?, ?, ?, ?) , (?, ?, ?, ?, ?, ?, ?, ?, ?, ?, ?, ?, ?, ?) , (?, ?, ?, ?, ?, ?, ?, ?, ?, ?, ?, ?, ?, ?) , (?, ?, ?, ?, ?, ?, ?, ?, ?, ?, ?, ?, ?, ?) 
10:48:10,937 [pool-23-thread-7] DEBUG org.activiti.engine.impl.interceptor.LogInterceptor  - --- StartProcessInstanceCmd finished --------------------------------------------------------
10:48:10,938 [pool-23-thread-7] DEBUG org.activiti.engine.impl.interceptor.LogInterceptor  - 

10:48:10,937 [pool-23-thread-5] DEBUG org.activiti.engine.impl.persistence.entity.TaskEntity.insertTask  - &lt;==    Updates: 1
10:48:10,937 [pool-23-thread-9] DEBUG org.activiti.engine.impl.persistence.entity.ExecutionEntity  - initializing ProcessInstance[a6e90b12-c6c9-11ed-aa5a-de215c025445]
10:48:10,937 [pool-23-thread-3] DEBUG org.activiti.engine.impl.persistence.entity.HistoricTaskInstanceEntity.insertHistoricTaskInstance  - &lt;==    Updates: 1
10:48:10,938 [pool-23-thread-3] DEBUG org.activiti.engine.impl.db.DbSqlSession  - inserting: HistoricProcessInstanceEntity[superProcessInstanceId=null]
10:48:10,937 [pool-23-thread-8] DEBUG org.activiti.engine.impl.persistence.entity.TaskEntity.selectTasksByExecutionId  - ==&gt;  Preparing: select distinct T.* from ACT_RU_TASK T where T.EXECUTION_ID_ = ? 
10:48:10,937 [pool-23-thread-6] DEBUG org.activiti.engine.impl.persistence.entity.ProcessDefinitionEntity.selectLatestProcessDefinitionByKey  - &lt;==      Total: 1
10:48:10,938 [pool-23-thread-8] DEBUG org.activiti.engine.impl.persistence.entity.TaskEntity.selectTasksByExecutionId  - ==&gt; Parameters: a6e44fe0-c6c9-11ed-aa5a-de215c025445(String)
10:48:10,938 [pool-23-thread-3] DEBUG org.activiti.engine.impl.persistence.entity.HistoricProcessInstanceEntity.insertHistoricProcessInstance  - ==&gt;  Preparing: insert into ACT_HI_PROCINST ( ID_, PROC_INST_ID_, BUSINESS_KEY_, PROC_DEF_ID_, START_TIME_, END_TIME_, DURATION_, START_USER_ID_, START_ACT_ID_, END_ACT_ID_, SUPER_PROCESS_INSTANCE_ID_, DELETE_REASON_, TENANT_ID_, NAME_ ) values ( ?, ?, ?, ?, ?, ?, ?, ?, ?, ?, ?, ?, ?, ? ) 
10:48:10,938 [pool-23-thread-9] DEBUG org.activiti.engine.impl.history.DefaultHistoryManager  - Current history level: AUDIT, level required: ACTIVITY
10:48:10,938 [pool-23-thread-10] DEBUG org.activiti.engine.impl.persistence.entity.HistoricActivityInstanceEntity.bulkInsertHistoricActivityInstance  - ==&gt; Parameters: a6e5af88-c6c9-11ed-aa5a-de215c025445(String), simpleProcess:1:a6dcaf6e-c6c9-11ed-aa5a-de215c025445(String), a6e56165-c6c9-11ed-aa5a-de215c025445(String), a6e56165-c6c9-11ed-aa5a-de215c025445(String), theStart(String), null, null, null, startEvent(String), null, 2001-01-01 01:23:46.0(Timestamp), 2001-01-01 01:23:46.0(Timestamp), 0(Long), (String), a6e699f7-c6c9-11ed-aa5a-de215c025445(String), simpleProcess:1:a6dcaf6e-c6c9-11ed-aa5a-de215c025445(String), a6e56165-c6c9-11ed-aa5a-de215c025445(String), a6e56165-c6c9-11ed-aa5a-de215c025445(String), task1(String), null, null, null, manualTask(String), null, 2001-01-01 01:23:46.0(Timestamp), 2001-01-01 01:23:46.0(Timestamp), 0(Long), (String), a6e6e821-c6c9-11ed-aa5a-de215c025445(String), simpleProcess:1:a6dcaf6e-c6c9-11ed-aa5a-de215c025445(String), a6e56165-c6c9-11ed-aa5a-de215c025445(String), a6e56165-c6c9-11ed-aa5a-de215c025445(String), task2(String), null, null, null, manualTask(String), null, 2001-01-01 01:23:46.0(Timestamp), 2001-01-01 01:23:46.0(Timestamp), 0(Long), (String), a6e78465-c6c9-11ed-aa5a-de215c025445(String), simpleProcess:1:a6dcaf6e-c6c9-11ed-aa5a-de215c025445(String), a6e56165-c6c9-11ed-aa5a-de215c025445(String), a6e56165-c6c9-11ed-aa5a-de215c025445(String), task3(String), null, null, null, manualTask(String), null, 2001-01-01 01:23:46.0(Timestamp), 2001-01-01 01:23:46.0(Timestamp), 0(Long), (String), a6e7d289-c6c9-11ed-aa5a-de215c025445(String), simpleProcess:1:a6dcaf6e-c6c9-11ed-aa5a-de215c025445(String), a6e56165-c6c9-11ed-aa5a-de215c025445(String), a6e56165-c6c9-11ed-aa5a-de215c025445(String), task4(String), a6e7d28a-c6c9-11ed-aa5a-de215c025445(String), null, null, userTask(String), null, 2001-01-01 01:23:46.0(Timestamp), null, null, (String)
10:48:10,938 [pool-23-thread-5] DEBUG org.activiti.engine.impl.cfg.standalone.StandaloneMybatisTransactionContext  - firing event committing...
10:48:10,938 [pool-23-thread-10] DEBUG org.activiti.engine.impl.persistence.entity.HistoricActivityInstanceEntity.bulkInsertHistoricActivityInstance  - &lt;==    Updates: 5
10:48:10,938 [pool-23-thread-10] DEBUG org.activiti.engine.impl.db.DbSqlSession  - inserting: ProcessInstance[a6e56165-c6c9-11ed-aa5a-de215c025445]
10:48:10,938 [pool-23-thread-7] DEBUG org.activiti.engine.impl.interceptor.LogInterceptor  - 

10:48:10,938 [pool-23-thread-2] DEBUG org.apache.ibatis.datasource.pooled.PooledDataSource  - Returned connection 1099218109 to pool.
10:48:10,939 [pool-23-thread-2] DEBUG org.activiti.engine.impl.interceptor.LogInterceptor  - --- StartProcessInstanceCmd finished --------------------------------------------------------
10:48:10,939 [pool-23-thread-2] DEBUG org.activiti.engine.impl.interceptor.LogInterceptor  - 

10:48:10,938 [pool-23-thread-4] DEBUG org.activiti.engine.impl.history.DefaultHistoryManager  - Current history level: AUDIT, level required: ACTIVITY
10:48:10,938 [pool-23-thread-1] DEBUG org.activiti.engine.impl.history.DefaultHistoryManager  - Current history level: AUDIT, level required: AUDIT
10:48:10,939 [pool-23-thread-4] DEBUG org.activiti.engine.impl.pvm.runtime.AtomicOperationActivityExecute  - ProcessInstance[a6e93223-c6c9-11ed-aa5a-de215c025445] executes Activity(theStart): org.activiti.engine.impl.bpmn.behavior.NoneStartEventActivityBehavior
10:48:10,939 [pool-23-thread-2] DEBUG org.activiti.engine.impl.interceptor.LogInterceptor  - 

10:48:10,939 [pool-23-thread-2] DEBUG org.activiti.engine.impl.interceptor.LogInterceptor  - --- starting StartProcessInstanceCmd --------------------------------------------------------
10:48:10,939 [pool-23-thread-7] DEBUG org.activiti.engine.impl.interceptor.LogInterceptor  - --- starting StartProcessInstanceCmd --------------------------------------------------------
10:48:10,938 [pool-23-thread-10] DEBUG org.activiti.engine.impl.persistence.entity.ExecutionEntity.insertExecution  - ==&gt;  Preparing: insert into ACT_RU_EXECUTION (ID_, REV_, PROC_INST_ID_, BUSINESS_KEY_, PROC_DEF_ID_, ACT_ID_, IS_ACTIVE_, IS_CONCURRENT_, IS_SCOPE_,IS_EVENT_SCOPE_, PARENT_ID_, SUPER_EXEC_, SUSPENSION_STATE_, CACHED_ENT_STATE_, TENANT_ID_, NAME_) values ( ?, 1, ?, ?, ?, ?, ?, ?, ?, ?, ?, ?, ?, ?, ?, ? ) 
10:48:10,938 [pool-23-thread-5] DEBUG org.activiti.engine.impl.cfg.standalone.StandaloneMybatisTransactionContext  - committing the ibatis sql session...
10:48:10,939 [pool-23-thread-10] DEBUG org.activiti.engine.impl.persistence.entity.ExecutionEntity.insertExecution  - ==&gt; Parameters: a6e56165-c6c9-11ed-aa5a-de215c025445(String), a6e56165-c6c9-11ed-aa5a-de215c025445(String), null, simpleProcess:1:a6dcaf6e-c6c9-11ed-aa5a-de215c025445(String), task4(String), true(Boolean), false(Boolean), true(Boolean), false(Boolean), null, null, 1(Integer), 2(Integer), (String), null
10:48:10,938 [pool-23-thread-9] DEBUG org.activiti.engine.impl.pvm.runtime.AtomicOperationActivityExecute  - ProcessInstance[a6e90b12-c6c9-11ed-aa5a-de215c025445] executes Activity(theStart): org.activiti.engine.impl.bpmn.behavior.NoneStartEventActivityBehavior
10:48:10,938 [pool-23-thread-3] DEBUG org.activiti.engine.impl.persistence.entity.HistoricProcessInstanceEntity.insertHistoricProcessInstance  - ==&gt; Parameters: a6e5d69b-c6c9-11ed-aa5a-de215c025445(String), a6e5d69b-c6c9-11ed-aa5a-de215c025445(String), null, simpleProcess:1:a6dcaf6e-c6c9-11ed-aa5a-de215c025445(String), 2001-01-01 01:23:46.0(Timestamp), null, null, null, theStart(String), null, null, null, (String), null
10:48:10,938 [pool-23-thread-8] DEBUG org.activiti.engine.impl.persistence.entity.TaskEntity.selectTasksByExecutionId  - &lt;==      Total: 0
10:48:10,939 [pool-23-thread-8] DEBUG org.activiti.engine.impl.history.DefaultHistoryManager  - Current history level: AUDIT, level required: AUDIT
10:48:10,938 [pool-23-thread-6] DEBUG org.activiti.engine.impl.persistence.entity.ExecutionEntity  - initializing ProcessInstance[a6e93224-c6c9-11ed-aa5a-de215c025445]
10:48:10,939 [pool-23-thread-8] DEBUG org.activiti.engine.impl.history.DefaultHistoryManager  - Current history level: AUDIT, level required: AUDIT
10:48:10,939 [pool-23-thread-8] DEBUG org.activiti.engine.impl.history.DefaultHistoryManager  - Current history level: AUDIT, level required: AUDIT
10:48:10,939 [pool-23-thread-3] DEBUG org.activiti.engine.impl.persistence.entity.HistoricProcessInstanceEntity.insertHistoricProcessInstance  - &lt;==    Updates: 1
10:48:10,939 [pool-23-thread-9] DEBUG org.activiti.engine.impl.persistence.entity.JobEntity.selectJobsByExecutionId  - ==&gt;  Preparing: select * from ACT_RU_JOB J where J.EXECUTION_ID_ = ? 
10:48:10,939 [pool-23-thread-10] DEBUG org.activiti.engine.impl.persistence.entity.ExecutionEntity.insertExecution  - &lt;==    Updates: 1
10:48:10,939 [pool-23-thread-10] DEBUG org.activiti.engine.impl.db.DbSqlSession  - inserting: Task[id=a6e7d28a-c6c9-11ed-aa5a-de215c025445, name=null]
10:48:10,939 [pool-23-thread-5] DEBUG org.apache.ibatis.transaction.jdbc.JdbcTransaction  - Committing JDBC Connection [conn147: url=jdbc:h2:mem:activiti-uuid-generator-test user=SA]
10:48:10,939 [pool-23-thread-7] DEBUG org.apache.ibatis.transaction.jdbc.JdbcTransaction  - Opening JDBC Connection
10:48:10,939 [pool-23-thread-5] DEBUG org.activiti.engine.impl.cfg.standalone.StandaloneMybatisTransactionContext  - firing event committed...
10:48:10,940 [pool-23-thread-5] DEBUG org.apache.ibatis.transaction.jdbc.JdbcTransaction  - Resetting autocommit to true on JDBC Connection [conn147: url=jdbc:h2:mem:activiti-uuid-generator-test user=SA]
10:48:10,940 [pool-23-thread-5] DEBUG org.apache.ibatis.transaction.jdbc.JdbcTransaction  - Closing JDBC Connection [conn147: url=jdbc:h2:mem:activiti-uuid-generator-test user=SA]
10:48:10,939 [pool-23-thread-2] DEBUG org.apache.ibatis.transaction.jdbc.JdbcTransaction  - Opening JDBC Connection
10:48:10,939 [pool-23-thread-4] DEBUG org.activiti.engine.impl.persistence.entity.JobEntity.selectJobsByExecutionId  - ==&gt;  Preparing: select * from ACT_RU_JOB J where J.EXECUTION_ID_ = ? 
10:48:10,939 [pool-23-thread-1] DEBUG org.activiti.engine.impl.history.DefaultHistoryManager  - Current history level: AUDIT, level required: AUDIT
10:48:10,940 [pool-23-thread-1] DEBUG org.activiti.engine.impl.history.DefaultHistoryManager  - Current history level: AUDIT, level required: AUDIT
10:48:10,940 [pool-23-thread-4] DEBUG org.activiti.engine.impl.persistence.entity.JobEntity.selectJobsByExecutionId  - ==&gt; Parameters: a6e93223-c6c9-11ed-aa5a-de215c025445(String)
10:48:10,939 [pool-23-thread-7] DEBUG org.apache.ibatis.datasource.pooled.PooledDataSource  - Checked out connection 2049392199 from pool.
10:48:10,939 [pool-23-thread-3] DEBUG org.activiti.engine.impl.persistence.entity.HistoricActivityInstanceEntity.bulkInsertHistoricActivityInstance  - ==&gt;  Preparing: insert into ACT_HI_ACTINST ( ID_, PROC_DEF_ID_, PROC_INST_ID_, EXECUTION_ID_, ACT_ID_, TASK_ID_, CALL_PROC_INST_ID_, ACT_NAME_, ACT_TYPE_, ASSIGNEE_, START_TIME_, END_TIME_, DURATION_, TENANT_ID_ ) values (?, ?, ?, ?, ?, ?, ?, ?, ?, ?, ?, ?, ?, ?) , (?, ?, ?, ?, ?, ?, ?, ?, ?, ?, ?, ?, ?, ?) , (?, ?, ?, ?, ?, ?, ?, ?, ?, ?, ?, ?, ?, ?) , (?, ?, ?, ?, ?, ?, ?, ?, ?, ?, ?, ?, ?, ?) , (?, ?, ?, ?, ?, ?, ?, ?, ?, ?, ?, ?, ?, ?) 
10:48:10,939 [pool-23-thread-10] DEBUG org.activiti.engine.impl.persistence.entity.TaskEntity.insertTask  - ==&gt;  Preparing: insert into ACT_RU_TASK (ID_, REV_, NAME_, PARENT_TASK_ID_, DESCRIPTION_, PRIORITY_, CREATE_TIME_, OWNER_, ASSIGNEE_, DELEGATION_, EXECUTION_ID_, PROC_INST_ID_, PROC_DEF_ID_, TASK_DEF_KEY_, DUE_DATE_, CATEGORY_, SUSPENSION_STATE_, TENANT_ID_, FORM_KEY_) values (?, 1, ?, ?, ?, ?, ?, ?, ?, ?, ?, ?, ?, ?, ?, ?, ?, ?, ? ) 
10:48:10,939 [pool-23-thread-9] DEBUG org.activiti.engine.impl.persistence.entity.JobEntity.selectJobsByExecutionId  - ==&gt; Parameters: a6e90b12-c6c9-11ed-aa5a-de215c025445(String)
10:48:10,940 [pool-23-thread-3] DEBUG org.activiti.engine.impl.persistence.entity.HistoricActivityInstanceEntity.bulkInsertHistoricActivityInstance  - ==&gt; Parameters: a6e624c0-c6c9-11ed-aa5a-de215c025445(String), simpleProcess:1:a6dcaf6e-c6c9-11ed-aa5a-de215c025445(String), a6e5d69b-c6c9-11ed-aa5a-de215c025445(String), a6e5d69b-c6c9-11ed-aa5a-de215c025445(String), theStart(String), null, null, null, startEvent(String), null, 2001-01-01 01:23:46.0(Timestamp), 2001-01-01 01:23:46.0(Timestamp), 0(Long), (String), a6e70f32-c6c9-11ed-aa5a-de215c025445(String), simpleProcess:1:a6dcaf6e-c6c9-11ed-aa5a-de215c025445(String), a6e5d69b-c6c9-11ed-aa5a-de215c025445(String), a6e5d69b-c6c9-11ed-aa5a-de215c025445(String), task1(String), null, null, null, manualTask(String), null, 2001-01-01 01:23:46.0(Timestamp), 2001-01-01 01:23:46.0(Timestamp), 0(Long), (String), a6e78467-c6c9-11ed-aa5a-de215c025445(String), simpleProcess:1:a6dcaf6e-c6c9-11ed-aa5a-de215c025445(String), a6e5d69b-c6c9-11ed-aa5a-de215c025445(String), a6e5d69b-c6c9-11ed-aa5a-de215c025445(String), task2(String), null, null, null, manualTask(String), null, 2001-01-01 01:23:46.0(Timestamp), 2001-01-01 01:23:46.0(Timestamp), 0(Long), (String), a6e7ab78-c6c9-11ed-aa5a-de215c025445(String), simpleProcess:1:a6dcaf6e-c6c9-11ed-aa5a-de215c025445(String), a6e5d69b-c6c9-11ed-aa5a-de215c025445(String), a6e5d69b-c6c9-11ed-aa5a-de215c025445(String), task3(String), null, null, null, manualTask(String), null, 2001-01-01 01:23:46.0(Timestamp), 2001-01-01 01:23:46.0(Timestamp), 0(Long), (String), a6e847bc-c6c9-11ed-aa5a-de215c025445(String), simpleProcess:1:a6dcaf6e-c6c9-11ed-aa5a-de215c025445(String), a6e5d69b-c6c9-11ed-aa5a-de215c025445(String), a6e5d69b-c6c9-11ed-aa5a-de215c025445(String), task4(String), a6e847bd-c6c9-11ed-aa5a-de215c025445(String), null, null, userTask(String), null, 2001-01-01 01:23:46.0(Timestamp), null, null, (String)
10:48:10,939 [pool-23-thread-8] DEBUG org.activiti.engine.impl.history.DefaultHistoryManager  - Current history level: AUDIT, level required: ACTIVITY
10:48:10,939 [pool-23-thread-6] DEBUG org.activiti.engine.impl.history.DefaultHistoryManager  - Current history level: AUDIT, level required: ACTIVITY
10:48:10,940 [pool-23-thread-8] DEBUG org.activiti.engine.impl.db.DbSqlSession  -   insert ProcessInstance[a6e44fe0-c6c9-11ed-aa5a-de215c025445]
10:48:10,940 [pool-23-thread-8] DEBUG org.activiti.engine.impl.db.DbSqlSession  -   insert HistoricProcessInstanceEntity[superProcessInstanceId=null]
10:48:10,940 [pool-23-thread-8] DEBUG org.activiti.engine.impl.db.DbSqlSession  -   insert Task[id=a6e90b11-c6c9-11ed-aa5a-de215c025445, name=null]
10:48:10,940 [pool-23-thread-8] DEBUG org.activiti.engine.impl.db.DbSqlSession  -   insert HistoricTaskInstanceEntity[id=a6e90b11-c6c9-11ed-aa5a-de215c025445, name=null]
10:48:10,940 [pool-23-thread-8] DEBUG org.activiti.engine.impl.db.DbSqlSession  -   insert HistoricActivityInstanceEntity[activityId=theStart, activityName=null]
10:48:10,940 [pool-23-thread-8] DEBUG org.activiti.engine.impl.db.DbSqlSession  -   insert HistoricActivityInstanceEntity[activityId=task1, activityName=null]
10:48:10,940 [pool-23-thread-8] DEBUG org.activiti.engine.impl.db.DbSqlSession  -   insert HistoricActivityInstanceEntity[activityId=task2, activityName=null]
10:48:10,940 [pool-23-thread-8] DEBUG org.activiti.engine.impl.db.DbSqlSession  -   insert HistoricActivityInstanceEntity[activityId=task3, activityName=null]
10:48:10,940 [pool-23-thread-8] DEBUG org.activiti.engine.impl.db.DbSqlSession  -   insert HistoricActivityInstanceEntity[activityId=task4, activityName=null]
10:48:10,940 [pool-23-thread-8] DEBUG org.activiti.engine.impl.db.DbSqlSession  - flush summary: 9 insert, 0 update, 0 delete.
10:48:10,940 [pool-23-thread-8] DEBUG org.activiti.engine.impl.db.DbSqlSession  - now executing flush...
10:48:10,940 [pool-23-thread-8] DEBUG org.activiti.engine.impl.db.DbSqlSession  - inserting: HistoricTaskInstanceEntity[id=a6e90b11-c6c9-11ed-aa5a-de215c025445, name=null]
10:48:10,940 [pool-23-thread-3] DEBUG org.activiti.engine.impl.persistence.entity.HistoricActivityInstanceEntity.bulkInsertHistoricActivityInstance  - &lt;==    Updates: 5
10:48:10,940 [pool-23-thread-3] DEBUG org.activiti.engine.impl.db.DbSqlSession  - inserting: ProcessInstance[a6e5d69b-c6c9-11ed-aa5a-de215c025445]
10:48:10,940 [pool-23-thread-10] DEBUG org.activiti.engine.impl.persistence.entity.TaskEntity.insertTask  - ==&gt; Parameters: a6e7d28a-c6c9-11ed-aa5a-de215c025445(String), null, null, null, 50(Integer), 2001-01-01 01:23:46.0(Timestamp), null, null, null, a6e56165-c6c9-11ed-aa5a-de215c025445(String), a6e56165-c6c9-11ed-aa5a-de215c025445(String), simpleProcess:1:a6dcaf6e-c6c9-11ed-aa5a-de215c025445(String), task4(String), null, null, 1(Integer), (String), null
10:48:10,940 [pool-23-thread-9] DEBUG org.activiti.engine.impl.persistence.entity.JobEntity.selectJobsByExecutionId  - &lt;==      Total: 0
10:48:10,941 [pool-23-thread-10] DEBUG org.activiti.engine.impl.persistence.entity.TaskEntity.insertTask  - &lt;==    Updates: 1
10:48:10,941 [pool-23-thread-10] DEBUG org.activiti.engine.impl.cfg.standalone.StandaloneMybatisTransactionContext  - firing event committing...
10:48:10,941 [pool-23-thread-10] DEBUG org.activiti.engine.impl.cfg.standalone.StandaloneMybatisTransactionContext  - committing the ibatis sql session...
10:48:10,941 [pool-23-thread-10] DEBUG org.apache.ibatis.transaction.jdbc.JdbcTransaction  - Committing JDBC Connection [conn149: url=jdbc:h2:mem:activiti-uuid-generator-test user=SA]
10:48:10,940 [pool-23-thread-2] DEBUG org.apache.ibatis.datasource.pooled.PooledDataSource  - Checked out connection 1099218109 from pool.
10:48:10,940 [pool-23-thread-7] DEBUG org.apache.ibatis.transaction.jdbc.JdbcTransaction  - Setting autocommit to false on JDBC Connection [conn150: url=jdbc:h2:mem:activiti-uuid-generator-test user=SA]
10:48:10,940 [pool-23-thread-4] DEBUG org.activiti.engine.impl.persistence.entity.JobEntity.selectJobsByExecutionId  - &lt;==      Total: 0
10:48:10,941 [pool-23-thread-4] DEBUG org.activiti.engine.impl.bpmn.behavior.BpmnActivityBehavior  - Leaving activity &apos;theStart&apos;
10:48:10,940 [pool-23-thread-1] DEBUG org.activiti.engine.impl.history.DefaultHistoryManager  - Current history level: AUDIT, level required: ACTIVITY
10:48:10,941 [pool-23-thread-4] DEBUG org.activiti.engine.impl.history.DefaultHistoryManager  - Current history level: AUDIT, level required: ACTIVITY
10:48:10,941 [pool-23-thread-7] DEBUG org.activiti.engine.impl.persistence.entity.ProcessDefinitionEntity.selectLatestProcessDefinitionByKey  - ==&gt;  Preparing: select * from ACT_RE_PROCDEF where KEY_ = ? and (TENANT_ID_ = &apos;&apos; or TENANT_ID_ is null) and VERSION_ = (select max(VERSION_) from ACT_RE_PROCDEF where KEY_ = ? and (TENANT_ID_ = &apos;&apos; or TENANT_ID_ is null)) 
10:48:10,941 [pool-23-thread-5] DEBUG org.apache.ibatis.datasource.pooled.PooledDataSource  - Returned connection 391030253 to pool.
10:48:10,941 [pool-23-thread-5] DEBUG org.activiti.engine.impl.interceptor.LogInterceptor  - --- StartProcessInstanceCmd finished --------------------------------------------------------
10:48:10,941 [pool-23-thread-5] DEBUG org.activiti.engine.impl.interceptor.LogInterceptor  - 

10:48:10,941 [pool-23-thread-2] DEBUG org.apache.ibatis.transaction.jdbc.JdbcTransaction  - Setting autocommit to false on JDBC Connection [conn148: url=jdbc:h2:mem:activiti-uuid-generator-test user=SA]
10:48:10,941 [pool-23-thread-10] DEBUG org.activiti.engine.impl.cfg.standalone.StandaloneMybatisTransactionContext  - firing event committed...
10:48:10,941 [pool-23-thread-10] DEBUG org.apache.ibatis.transaction.jdbc.JdbcTransaction  - Resetting autocommit to true on JDBC Connection [conn149: url=jdbc:h2:mem:activiti-uuid-generator-test user=SA]
10:48:10,941 [pool-23-thread-9] DEBUG org.activiti.engine.impl.bpmn.behavior.BpmnActivityBehavior  - Leaving activity &apos;theStart&apos;
10:48:10,940 [pool-23-thread-3] DEBUG org.activiti.engine.impl.persistence.entity.ExecutionEntity.insertExecution  - ==&gt;  Preparing: insert into ACT_RU_EXECUTION (ID_, REV_, PROC_INST_ID_, BUSINESS_KEY_, PROC_DEF_ID_, ACT_ID_, IS_ACTIVE_, IS_CONCURRENT_, IS_SCOPE_,IS_EVENT_SCOPE_, PARENT_ID_, SUPER_EXEC_, SUSPENSION_STATE_, CACHED_ENT_STATE_, TENANT_ID_, NAME_) values ( ?, 1, ?, ?, ?, ?, ?, ?, ?, ?, ?, ?, ?, ?, ?, ? ) 
10:48:10,940 [pool-23-thread-8] DEBUG org.activiti.engine.impl.persistence.entity.HistoricTaskInstanceEntity.insertHistoricTaskInstance  - ==&gt;  Preparing: insert into ACT_HI_TASKINST ( ID_, PROC_DEF_ID_, PROC_INST_ID_, EXECUTION_ID_, NAME_, PARENT_TASK_ID_, DESCRIPTION_, OWNER_, ASSIGNEE_, START_TIME_, CLAIM_TIME_, END_TIME_, DURATION_, DELETE_REASON_, TASK_DEF_KEY_, FORM_KEY_, PRIORITY_, DUE_DATE_, CATEGORY_, TENANT_ID_ ) values ( ?, ?, ?, ?, ?, ?, ?, ?, ?, ?, ?, ?, ?, ?, ?, ?, ?, ?, ?, ? ) 
10:48:10,940 [pool-23-thread-6] DEBUG org.activiti.engine.impl.pvm.runtime.AtomicOperationActivityExecute  - ProcessInstance[a6e93224-c6c9-11ed-aa5a-de215c025445] executes Activity(theStart): org.activiti.engine.impl.bpmn.behavior.NoneStartEventActivityBehavior
10:48:10,941 [pool-23-thread-3] DEBUG org.activiti.engine.impl.persistence.entity.ExecutionEntity.insertExecution  - ==&gt; Parameters: a6e5d69b-c6c9-11ed-aa5a-de215c025445(String), a6e5d69b-c6c9-11ed-aa5a-de215c025445(String), null, simpleProcess:1:a6dcaf6e-c6c9-11ed-aa5a-de215c025445(String), task4(String), true(Boolean), false(Boolean), true(Boolean), false(Boolean), null, null, 1(Integer), 2(Integer), (String), null
10:48:10,941 [pool-23-thread-9] DEBUG org.activiti.engine.impl.history.DefaultHistoryManager  - Current history level: AUDIT, level required: ACTIVITY
10:48:10,941 [pool-23-thread-10] DEBUG org.apache.ibatis.transaction.jdbc.JdbcTransaction  - Closing JDBC Connection [conn149: url=jdbc:h2:mem:activiti-uuid-generator-test user=SA]
10:48:10,941 [pool-23-thread-10] DEBUG org.apache.ibatis.datasource.pooled.PooledDataSource  - Returned connection 416618450 to pool.
10:48:10,941 [pool-23-thread-10] DEBUG org.activiti.engine.impl.interceptor.LogInterceptor  - --- StartProcessInstanceCmd finished --------------------------------------------------------
10:48:10,941 [pool-23-thread-10] DEBUG org.activiti.engine.impl.interceptor.LogInterceptor  - 

10:48:10,941 [pool-23-thread-2] DEBUG org.activiti.engine.impl.persistence.entity.ProcessDefinitionEntity.selectLatestProcessDefinitionByKey  - ==&gt;  Preparing: select * from ACT_RE_PROCDEF where KEY_ = ? and (TENANT_ID_ = &apos;&apos; or TENANT_ID_ is null) and VERSION_ = (select max(VERSION_) from ACT_RE_PROCDEF where KEY_ = ? and (TENANT_ID_ = &apos;&apos; or TENANT_ID_ is null)) 
10:48:10,941 [pool-23-thread-5] DEBUG org.activiti.engine.impl.interceptor.LogInterceptor  - 

10:48:10,942 [pool-23-thread-5] DEBUG org.activiti.engine.impl.interceptor.LogInterceptor  - --- starting StartProcessInstanceCmd --------------------------------------------------------
10:48:10,941 [pool-23-thread-7] DEBUG org.activiti.engine.impl.persistence.entity.ProcessDefinitionEntity.selectLatestProcessDefinitionByKey  - ==&gt; Parameters: simpleProcess(String), simpleProcess(String)
10:48:10,941 [pool-23-thread-4] DEBUG org.activiti.engine.impl.pvm.runtime.AtomicOperationTransitionNotifyListenerTake  - ProcessInstance[a6e93223-c6c9-11ed-aa5a-de215c025445] takes transition (theStart)--flow1--&gt;(task1)
10:48:10,941 [pool-23-thread-1] DEBUG org.activiti.engine.impl.db.DbSqlSession  -   insert ProcessInstance[a6e4ec2d-c6c9-11ed-aa5a-de215c025445]
10:48:10,942 [pool-23-thread-1] DEBUG org.activiti.engine.impl.db.DbSqlSession  -   insert HistoricProcessInstanceEntity[superProcessInstanceId=null]
10:48:10,942 [pool-23-thread-1] DEBUG org.activiti.engine.impl.db.DbSqlSession  -   insert Task[id=a6e895df-c6c9-11ed-aa5a-de215c025445, name=null]
10:48:10,942 [pool-23-thread-1] DEBUG org.activiti.engine.impl.db.DbSqlSession  -   insert HistoricTaskInstanceEntity[id=a6e895df-c6c9-11ed-aa5a-de215c025445, name=null]
10:48:10,942 [pool-23-thread-1] DEBUG org.activiti.engine.impl.db.DbSqlSession  -   insert HistoricActivityInstanceEntity[activityId=theStart, activityName=null]
10:48:10,942 [pool-23-thread-1] DEBUG org.activiti.engine.impl.db.DbSqlSession  -   insert HistoricActivityInstanceEntity[activityId=task1, activityName=null]
10:48:10,942 [pool-23-thread-1] DEBUG org.activiti.engine.impl.db.DbSqlSession  -   insert HistoricActivityInstanceEntity[activityId=task2, activityName=null]
10:48:10,942 [pool-23-thread-1] DEBUG org.activiti.engine.impl.db.DbSqlSession  -   insert HistoricActivityInstanceEntity[activityId=task3, activityName=null]
10:48:10,942 [pool-23-thread-1] DEBUG org.activiti.engine.impl.db.DbSqlSession  -   insert HistoricActivityInstanceEntity[activityId=task4, activityName=null]
10:48:10,942 [pool-23-thread-1] DEBUG org.activiti.engine.impl.db.DbSqlSession  - flush summary: 9 insert, 0 update, 0 delete.
10:48:10,942 [pool-23-thread-1] DEBUG org.activiti.engine.impl.db.DbSqlSession  - now executing flush...
10:48:10,942 [pool-23-thread-1] DEBUG org.activiti.engine.impl.db.DbSqlSession  - inserting: HistoricTaskInstanceEntity[id=a6e895df-c6c9-11ed-aa5a-de215c025445, name=null]
10:48:10,942 [pool-23-thread-4] DEBUG org.activiti.engine.impl.history.DefaultHistoryManager  - Current history level: AUDIT, level required: ACTIVITY
10:48:10,942 [pool-23-thread-4] DEBUG org.activiti.engine.impl.pvm.runtime.AtomicOperationActivityExecute  - ProcessInstance[a6e93223-c6c9-11ed-aa5a-de215c025445] executes Activity(task1): org.activiti.engine.impl.bpmn.behavior.ManualTaskActivityBehavior
10:48:10,942 [pool-23-thread-7] DEBUG org.activiti.engine.impl.persistence.entity.ProcessDefinitionEntity.selectLatestProcessDefinitionByKey  - &lt;==      Total: 1
10:48:10,942 [pool-23-thread-5] DEBUG org.apache.ibatis.transaction.jdbc.JdbcTransaction  - Opening JDBC Connection
10:48:10,942 [pool-23-thread-5] DEBUG org.apache.ibatis.datasource.pooled.PooledDataSource  - Checked out connection 391030253 from pool.
10:48:10,942 [pool-23-thread-5] DEBUG org.apache.ibatis.transaction.jdbc.JdbcTransaction  - Setting autocommit to false on JDBC Connection [conn147: url=jdbc:h2:mem:activiti-uuid-generator-test user=SA]
10:48:10,942 [pool-23-thread-2] DEBUG org.activiti.engine.impl.persistence.entity.ProcessDefinitionEntity.selectLatestProcessDefinitionByKey  - ==&gt; Parameters: simpleProcess(String), simpleProcess(String)
10:48:10,941 [pool-23-thread-10] DEBUG org.activiti.engine.impl.interceptor.LogInterceptor  - 

10:48:10,942 [pool-23-thread-10] DEBUG org.activiti.engine.impl.interceptor.LogInterceptor  - --- starting StartProcessInstanceCmd --------------------------------------------------------
10:48:10,941 [pool-23-thread-9] DEBUG org.activiti.engine.impl.pvm.runtime.AtomicOperationTransitionNotifyListenerTake  - ProcessInstance[a6e90b12-c6c9-11ed-aa5a-de215c025445] takes transition (theStart)--flow1--&gt;(task1)
10:48:10,941 [pool-23-thread-3] DEBUG org.activiti.engine.impl.persistence.entity.ExecutionEntity.insertExecution  - &lt;==    Updates: 1
10:48:10,943 [pool-23-thread-3] DEBUG org.activiti.engine.impl.db.DbSqlSession  - inserting: Task[id=a6e847bd-c6c9-11ed-aa5a-de215c025445, name=null]
10:48:10,941 [pool-23-thread-8] DEBUG org.activiti.engine.impl.persistence.entity.HistoricTaskInstanceEntity.insertHistoricTaskInstance  - ==&gt; Parameters: a6e90b11-c6c9-11ed-aa5a-de215c025445(String), simpleProcess:1:a6dcaf6e-c6c9-11ed-aa5a-de215c025445(String), a6e44fe0-c6c9-11ed-aa5a-de215c025445(String), a6e44fe0-c6c9-11ed-aa5a-de215c025445(String), null, null, null, null, null, 2001-01-01 01:23:46.0(Timestamp), null, null, null, null, task4(String), null, 50(Integer), null, null, (String)
10:48:10,941 [pool-23-thread-6] DEBUG org.activiti.engine.impl.persistence.entity.JobEntity.selectJobsByExecutionId  - ==&gt;  Preparing: select * from ACT_RU_JOB J where J.EXECUTION_ID_ = ? 
10:48:10,943 [pool-23-thread-8] DEBUG org.activiti.engine.impl.persistence.entity.HistoricTaskInstanceEntity.insertHistoricTaskInstance  - &lt;==    Updates: 1
10:48:10,943 [pool-23-thread-3] DEBUG org.activiti.engine.impl.persistence.entity.TaskEntity.insertTask  - ==&gt;  Preparing: insert into ACT_RU_TASK (ID_, REV_, NAME_, PARENT_TASK_ID_, DESCRIPTION_, PRIORITY_, CREATE_TIME_, OWNER_, ASSIGNEE_, DELEGATION_, EXECUTION_ID_, PROC_INST_ID_, PROC_DEF_ID_, TASK_DEF_KEY_, DUE_DATE_, CATEGORY_, SUSPENSION_STATE_, TENANT_ID_, FORM_KEY_) values (?, 1, ?, ?, ?, ?, ?, ?, ?, ?, ?, ?, ?, ?, ?, ?, ?, ?, ? ) 
10:48:10,943 [pool-23-thread-9] DEBUG org.activiti.engine.impl.history.DefaultHistoryManager  - Current history level: AUDIT, level required: ACTIVITY
10:48:10,943 [pool-23-thread-2] DEBUG org.activiti.engine.impl.persistence.entity.ProcessDefinitionEntity.selectLatestProcessDefinitionByKey  - &lt;==      Total: 1
10:48:10,943 [pool-23-thread-10] DEBUG org.apache.ibatis.transaction.jdbc.JdbcTransaction  - Opening JDBC Connection
10:48:10,943 [pool-23-thread-10] DEBUG org.apache.ibatis.datasource.pooled.PooledDataSource  - Checked out connection 416618450 from pool.
10:48:10,943 [pool-23-thread-10] DEBUG org.apache.ibatis.transaction.jdbc.JdbcTransaction  - Setting autocommit to false on JDBC Connection [conn149: url=jdbc:h2:mem:activiti-uuid-generator-test user=SA]
10:48:10,942 [pool-23-thread-5] DEBUG org.activiti.engine.impl.persistence.entity.ProcessDefinitionEntity.selectLatestProcessDefinitionByKey  - ==&gt;  Preparing: select * from ACT_RE_PROCDEF where KEY_ = ? and (TENANT_ID_ = &apos;&apos; or TENANT_ID_ is null) and VERSION_ = (select max(VERSION_) from ACT_RE_PROCDEF where KEY_ = ? and (TENANT_ID_ = &apos;&apos; or TENANT_ID_ is null)) 
10:48:10,942 [pool-23-thread-7] DEBUG org.activiti.engine.impl.persistence.entity.ExecutionEntity  - initializing ProcessInstance[a6e9ce69-c6c9-11ed-aa5a-de215c025445]
10:48:10,942 [pool-23-thread-4] DEBUG org.activiti.engine.impl.bpmn.behavior.BpmnActivityBehavior  - Leaving activity &apos;task1&apos;
10:48:10,942 [pool-23-thread-1] DEBUG org.activiti.engine.impl.persistence.entity.HistoricTaskInstanceEntity.insertHistoricTaskInstance  - ==&gt;  Preparing: insert into ACT_HI_TASKINST ( ID_, PROC_DEF_ID_, PROC_INST_ID_, EXECUTION_ID_, NAME_, PARENT_TASK_ID_, DESCRIPTION_, OWNER_, ASSIGNEE_, START_TIME_, CLAIM_TIME_, END_TIME_, DURATION_, DELETE_REASON_, TASK_DEF_KEY_, FORM_KEY_, PRIORITY_, DUE_DATE_, CATEGORY_, TENANT_ID_ ) values ( ?, ?, ?, ?, ?, ?, ?, ?, ?, ?, ?, ?, ?, ?, ?, ?, ?, ?, ?, ? ) 
10:48:10,943 [pool-23-thread-4] DEBUG org.activiti.engine.impl.history.DefaultHistoryManager  - Current history level: AUDIT, level required: ACTIVITY
10:48:10,943 [pool-23-thread-1] DEBUG org.activiti.engine.impl.persistence.entity.HistoricTaskInstanceEntity.insertHistoricTaskInstance  - ==&gt; Parameters: a6e895df-c6c9-11ed-aa5a-de215c025445(String), simpleProcess:1:a6dcaf6e-c6c9-11ed-aa5a-de215c025445(String), a6e4ec2d-c6c9-11ed-aa5a-de215c025445(String), a6e4ec2d-c6c9-11ed-aa5a-de215c025445(String), null, null, null, null, null, 2001-01-01 01:23:46.0(Timestamp), null, null, null, null, task4(String), null, 50(Integer), null, null, (String)
10:48:10,943 [pool-23-thread-7] DEBUG org.activiti.engine.impl.history.DefaultHistoryManager  - Current history level: AUDIT, level required: ACTIVITY
10:48:10,943 [pool-23-thread-5] DEBUG org.activiti.engine.impl.persistence.entity.ProcessDefinitionEntity.selectLatestProcessDefinitionByKey  - ==&gt; Parameters: simpleProcess(String), simpleProcess(String)
10:48:10,943 [pool-23-thread-10] DEBUG org.activiti.engine.impl.persistence.entity.ProcessDefinitionEntity.selectLatestProcessDefinitionByKey  - ==&gt;  Preparing: select * from ACT_RE_PROCDEF where KEY_ = ? and (TENANT_ID_ = &apos;&apos; or TENANT_ID_ is null) and VERSION_ = (select max(VERSION_) from ACT_RE_PROCDEF where KEY_ = ? and (TENANT_ID_ = &apos;&apos; or TENANT_ID_ is null)) 
10:48:10,943 [pool-23-thread-5] DEBUG org.activiti.engine.impl.persistence.entity.ProcessDefinitionEntity.selectLatestProcessDefinitionByKey  - &lt;==      Total: 1
10:48:10,943 [pool-23-thread-2] DEBUG org.activiti.engine.impl.persistence.entity.ExecutionEntity  - initializing ProcessInstance[a6e9f57b-c6c9-11ed-aa5a-de215c025445]
10:48:10,943 [pool-23-thread-9] DEBUG org.activiti.engine.impl.pvm.runtime.AtomicOperationActivityExecute  - ProcessInstance[a6e90b12-c6c9-11ed-aa5a-de215c025445] executes Activity(task1): org.activiti.engine.impl.bpmn.behavior.ManualTaskActivityBehavior
10:48:10,943 [pool-23-thread-3] DEBUG org.activiti.engine.impl.persistence.entity.TaskEntity.insertTask  - ==&gt; Parameters: a6e847bd-c6c9-11ed-aa5a-de215c025445(String), null, null, null, 50(Integer), 2001-01-01 01:23:46.0(Timestamp), null, null, null, a6e5d69b-c6c9-11ed-aa5a-de215c025445(String), a6e5d69b-c6c9-11ed-aa5a-de215c025445(String), simpleProcess:1:a6dcaf6e-c6c9-11ed-aa5a-de215c025445(String), task4(String), null, null, 1(Integer), (String), null
10:48:10,943 [pool-23-thread-8] DEBUG org.activiti.engine.impl.db.DbSqlSession  - inserting: HistoricProcessInstanceEntity[superProcessInstanceId=null]
10:48:10,943 [pool-23-thread-6] DEBUG org.activiti.engine.impl.persistence.entity.JobEntity.selectJobsByExecutionId  - ==&gt; Parameters: a6e93224-c6c9-11ed-aa5a-de215c025445(String)
10:48:10,943 [pool-23-thread-8] DEBUG org.activiti.engine.impl.persistence.entity.HistoricProcessInstanceEntity.insertHistoricProcessInstance  - ==&gt;  Preparing: insert into ACT_HI_PROCINST ( ID_, PROC_INST_ID_, BUSINESS_KEY_, PROC_DEF_ID_, START_TIME_, END_TIME_, DURATION_, START_USER_ID_, START_ACT_ID_, END_ACT_ID_, SUPER_PROCESS_INSTANCE_ID_, DELETE_REASON_, TENANT_ID_, NAME_ ) values ( ?, ?, ?, ?, ?, ?, ?, ?, ?, ?, ?, ?, ?, ? ) 
10:48:10,943 [pool-23-thread-3] DEBUG org.activiti.engine.impl.persistence.entity.TaskEntity.insertTask  - &lt;==    Updates: 1
10:48:10,944 [pool-23-thread-8] DEBUG org.activiti.engine.impl.persistence.entity.HistoricProcessInstanceEntity.insertHistoricProcessInstance  - ==&gt; Parameters: a6e44fe0-c6c9-11ed-aa5a-de215c025445(String), a6e44fe0-c6c9-11ed-aa5a-de215c025445(String), null, simpleProcess:1:a6dcaf6e-c6c9-11ed-aa5a-de215c025445(String), 2001-01-01 01:23:46.0(Timestamp), null, null, null, theStart(String), null, null, null, (String), null
10:48:10,943 [pool-23-thread-9] DEBUG org.activiti.engine.impl.bpmn.behavior.BpmnActivityBehavior  - Leaving activity &apos;task1&apos;
10:48:10,944 [pool-23-thread-9] DEBUG org.activiti.engine.impl.history.DefaultHistoryManager  - Current history level: AUDIT, level required: ACTIVITY
10:48:10,943 [pool-23-thread-2] DEBUG org.activiti.engine.impl.history.DefaultHistoryManager  - Current history level: AUDIT, level required: ACTIVITY
10:48:10,943 [pool-23-thread-5] DEBUG org.activiti.engine.impl.persistence.entity.ExecutionEntity  - initializing ProcessInstance[a6e9f57d-c6c9-11ed-aa5a-de215c025445]
10:48:10,944 [pool-23-thread-5] DEBUG org.activiti.engine.impl.history.DefaultHistoryManager  - Current history level: AUDIT, level required: ACTIVITY
10:48:10,943 [pool-23-thread-10] DEBUG org.activiti.engine.impl.persistence.entity.ProcessDefinitionEntity.selectLatestProcessDefinitionByKey  - ==&gt; Parameters: simpleProcess(String), simpleProcess(String)
10:48:10,944 [pool-23-thread-5] DEBUG org.activiti.engine.impl.pvm.runtime.AtomicOperationActivityExecute  - ProcessInstance[a6e9f57d-c6c9-11ed-aa5a-de215c025445] executes Activity(theStart): org.activiti.engine.impl.bpmn.behavior.NoneStartEventActivityBehavior
10:48:10,944 [pool-23-thread-10] DEBUG org.activiti.engine.impl.persistence.entity.ProcessDefinitionEntity.selectLatestProcessDefinitionByKey  - &lt;==      Total: 1
10:48:10,943 [pool-23-thread-7] DEBUG org.activiti.engine.impl.pvm.runtime.AtomicOperationActivityExecute  - ProcessInstance[a6e9ce69-c6c9-11ed-aa5a-de215c025445] executes Activity(theStart): org.activiti.engine.impl.bpmn.behavior.NoneStartEventActivityBehavior
10:48:10,943 [pool-23-thread-1] DEBUG org.activiti.engine.impl.persistence.entity.HistoricTaskInstanceEntity.insertHistoricTaskInstance  - &lt;==    Updates: 1
10:48:10,944 [pool-23-thread-1] DEBUG org.activiti.engine.impl.db.DbSqlSession  - inserting: HistoricProcessInstanceEntity[superProcessInstanceId=null]
10:48:10,943 [pool-23-thread-4] DEBUG org.activiti.engine.impl.pvm.runtime.AtomicOperationTransitionNotifyListenerTake  - ProcessInstance[a6e93223-c6c9-11ed-aa5a-de215c025445] takes transition (task1)--flow2--&gt;(task2)
10:48:10,944 [pool-23-thread-1] DEBUG org.activiti.engine.impl.persistence.entity.HistoricProcessInstanceEntity.insertHistoricProcessInstance  - ==&gt;  Preparing: insert into ACT_HI_PROCINST ( ID_, PROC_INST_ID_, BUSINESS_KEY_, PROC_DEF_ID_, START_TIME_, END_TIME_, DURATION_, START_USER_ID_, START_ACT_ID_, END_ACT_ID_, SUPER_PROCESS_INSTANCE_ID_, DELETE_REASON_, TENANT_ID_, NAME_ ) values ( ?, ?, ?, ?, ?, ?, ?, ?, ?, ?, ?, ?, ?, ? ) 
10:48:10,944 [pool-23-thread-7] DEBUG org.activiti.engine.impl.persistence.entity.JobEntity.selectJobsByExecutionId  - ==&gt;  Preparing: select * from ACT_RU_JOB J where J.EXECUTION_ID_ = ? 
10:48:10,944 [pool-23-thread-10] DEBUG org.activiti.engine.impl.persistence.entity.ExecutionEntity  - initializing ProcessInstance[a6ea1c90-c6c9-11ed-aa5a-de215c025445]
10:48:10,944 [pool-23-thread-5] DEBUG org.activiti.engine.impl.persistence.entity.JobEntity.selectJobsByExecutionId  - ==&gt;  Preparing: select * from ACT_RU_JOB J where J.EXECUTION_ID_ = ? 
10:48:10,944 [pool-23-thread-2] DEBUG org.activiti.engine.impl.pvm.runtime.AtomicOperationActivityExecute  - ProcessInstance[a6e9f57b-c6c9-11ed-aa5a-de215c025445] executes Activity(theStart): org.activiti.engine.impl.bpmn.behavior.NoneStartEventActivityBehavior
10:48:10,944 [pool-23-thread-9] DEBUG org.activiti.engine.impl.pvm.runtime.AtomicOperationTransitionNotifyListenerTake  - ProcessInstance[a6e90b12-c6c9-11ed-aa5a-de215c025445] takes transition (task1)--flow2--&gt;(task2)
10:48:10,944 [pool-23-thread-8] DEBUG org.activiti.engine.impl.persistence.entity.HistoricProcessInstanceEntity.insertHistoricProcessInstance  - &lt;==    Updates: 1
10:48:10,944 [pool-23-thread-3] DEBUG org.activiti.engine.impl.cfg.standalone.StandaloneMybatisTransactionContext  - firing event committing...
10:48:10,944 [pool-23-thread-3] DEBUG org.activiti.engine.impl.cfg.standalone.StandaloneMybatisTransactionContext  - committing the ibatis sql session...
10:48:10,944 [pool-23-thread-6] DEBUG org.activiti.engine.impl.persistence.entity.JobEntity.selectJobsByExecutionId  - &lt;==      Total: 0
10:48:10,944 [pool-23-thread-3] DEBUG org.apache.ibatis.transaction.jdbc.JdbcTransaction  - Committing JDBC Connection [conn146: url=jdbc:h2:mem:activiti-uuid-generator-test user=SA]
10:48:10,944 [pool-23-thread-9] DEBUG org.activiti.engine.impl.history.DefaultHistoryManager  - Current history level: AUDIT, level required: ACTIVITY
10:48:10,944 [pool-23-thread-2] DEBUG org.activiti.engine.impl.persistence.entity.JobEntity.selectJobsByExecutionId  - ==&gt;  Preparing: select * from ACT_RU_JOB J where J.EXECUTION_ID_ = ? 
10:48:10,944 [pool-23-thread-5] DEBUG org.activiti.engine.impl.persistence.entity.JobEntity.selectJobsByExecutionId  - ==&gt; Parameters: a6e9f57d-c6c9-11ed-aa5a-de215c025445(String)
10:48:10,944 [pool-23-thread-10] DEBUG org.activiti.engine.impl.history.DefaultHistoryManager  - Current history level: AUDIT, level required: ACTIVITY
10:48:10,944 [pool-23-thread-7] DEBUG org.activiti.engine.impl.persistence.entity.JobEntity.selectJobsByExecutionId  - ==&gt; Parameters: a6e9ce69-c6c9-11ed-aa5a-de215c025445(String)
10:48:10,944 [pool-23-thread-1] DEBUG org.activiti.engine.impl.persistence.entity.HistoricProcessInstanceEntity.insertHistoricProcessInstance  - ==&gt; Parameters: a6e4ec2d-c6c9-11ed-aa5a-de215c025445(String), a6e4ec2d-c6c9-11ed-aa5a-de215c025445(String), null, simpleProcess:1:a6dcaf6e-c6c9-11ed-aa5a-de215c025445(String), 2001-01-01 01:23:46.0(Timestamp), null, null, null, theStart(String), null, null, null, (String), null
10:48:10,945 [pool-23-thread-10] DEBUG org.activiti.engine.impl.pvm.runtime.AtomicOperationActivityExecute  - ProcessInstance[a6ea1c90-c6c9-11ed-aa5a-de215c025445] executes Activity(theStart): org.activiti.engine.impl.bpmn.behavior.NoneStartEventActivityBehavior
10:48:10,944 [pool-23-thread-4] DEBUG org.activiti.engine.impl.history.DefaultHistoryManager  - Current history level: AUDIT, level required: ACTIVITY
10:48:10,945 [pool-23-thread-10] DEBUG org.activiti.engine.impl.persistence.entity.JobEntity.selectJobsByExecutionId  - ==&gt;  Preparing: select * from ACT_RU_JOB J where J.EXECUTION_ID_ = ? 
10:48:10,945 [pool-23-thread-1] DEBUG org.activiti.engine.impl.persistence.entity.HistoricProcessInstanceEntity.insertHistoricProcessInstance  - &lt;==    Updates: 1
10:48:10,945 [pool-23-thread-7] DEBUG org.activiti.engine.impl.persistence.entity.JobEntity.selectJobsByExecutionId  - &lt;==      Total: 0
10:48:10,945 [pool-23-thread-5] DEBUG org.activiti.engine.impl.persistence.entity.JobEntity.selectJobsByExecutionId  - &lt;==      Total: 0
10:48:10,945 [pool-23-thread-5] DEBUG org.activiti.engine.impl.bpmn.behavior.BpmnActivityBehavior  - Leaving activity &apos;theStart&apos;
10:48:10,945 [pool-23-thread-2] DEBUG org.activiti.engine.impl.persistence.entity.JobEntity.selectJobsByExecutionId  - ==&gt; Parameters: a6e9f57b-c6c9-11ed-aa5a-de215c025445(String)
10:48:10,945 [pool-23-thread-9] DEBUG org.activiti.engine.impl.pvm.runtime.AtomicOperationActivityExecute  - ProcessInstance[a6e90b12-c6c9-11ed-aa5a-de215c025445] executes Activity(task2): org.activiti.engine.impl.bpmn.behavior.ManualTaskActivityBehavior
10:48:10,945 [pool-23-thread-1] DEBUG org.activiti.engine.impl.persistence.entity.HistoricActivityInstanceEntity.bulkInsertHistoricActivityInstance  - ==&gt;  Preparing: insert into ACT_HI_ACTINST ( ID_, PROC_DEF_ID_, PROC_INST_ID_, EXECUTION_ID_, ACT_ID_, TASK_ID_, CALL_PROC_INST_ID_, ACT_NAME_, ACT_TYPE_, ASSIGNEE_, START_TIME_, END_TIME_, DURATION_, TENANT_ID_ ) values (?, ?, ?, ?, ?, ?, ?, ?, ?, ?, ?, ?, ?, ?) , (?, ?, ?, ?, ?, ?, ?, ?, ?, ?, ?, ?, ?, ?) , (?, ?, ?, ?, ?, ?, ?, ?, ?, ?, ?, ?, ?, ?) , (?, ?, ?, ?, ?, ?, ?, ?, ?, ?, ?, ?, ?, ?) , (?, ?, ?, ?, ?, ?, ?, ?, ?, ?, ?, ?, ?, ?) 
10:48:10,945 [pool-23-thread-8] DEBUG org.activiti.engine.impl.persistence.entity.HistoricActivityInstanceEntity.bulkInsertHistoricActivityInstance  - ==&gt;  Preparing: insert into ACT_HI_ACTINST ( ID_, PROC_DEF_ID_, PROC_INST_ID_, EXECUTION_ID_, ACT_ID_, TASK_ID_, CALL_PROC_INST_ID_, ACT_NAME_, ACT_TYPE_, ASSIGNEE_, START_TIME_, END_TIME_, DURATION_, TENANT_ID_ ) values (?, ?, ?, ?, ?, ?, ?, ?, ?, ?, ?, ?, ?, ?) , (?, ?, ?, ?, ?, ?, ?, ?, ?, ?, ?, ?, ?, ?) , (?, ?, ?, ?, ?, ?, ?, ?, ?, ?, ?, ?, ?, ?) , (?, ?, ?, ?, ?, ?, ?, ?, ?, ?, ?, ?, ?, ?) , (?, ?, ?, ?, ?, ?, ?, ?, ?, ?, ?, ?, ?, ?) 
10:48:10,945 [pool-23-thread-3] DEBUG org.activiti.engine.impl.cfg.standalone.StandaloneMybatisTransactionContext  - firing event committed...
10:48:10,946 [pool-23-thread-3] DEBUG org.apache.ibatis.transaction.jdbc.JdbcTransaction  - Resetting autocommit to true on JDBC Connection [conn146: url=jdbc:h2:mem:activiti-uuid-generator-test user=SA]
10:48:10,944 [pool-23-thread-6] DEBUG org.activiti.engine.impl.bpmn.behavior.BpmnActivityBehavior  - Leaving activity &apos;theStart&apos;
10:48:10,946 [pool-23-thread-8] DEBUG org.activiti.engine.impl.persistence.entity.HistoricActivityInstanceEntity.bulkInsertHistoricActivityInstance  - ==&gt; Parameters: a6e44fe3-c6c9-11ed-aa5a-de215c025445(String), simpleProcess:1:a6dcaf6e-c6c9-11ed-aa5a-de215c025445(String), a6e44fe0-c6c9-11ed-aa5a-de215c025445(String), a6e44fe0-c6c9-11ed-aa5a-de215c025445(String), theStart(String), null, null, null, startEvent(String), null, 2001-01-01 01:23:46.0(Timestamp), 2001-01-01 01:23:46.0(Timestamp), 0(Long), (String), a6e58876-c6c9-11ed-aa5a-de215c025445(String), simpleProcess:1:a6dcaf6e-c6c9-11ed-aa5a-de215c025445(String), a6e44fe0-c6c9-11ed-aa5a-de215c025445(String), a6e44fe0-c6c9-11ed-aa5a-de215c025445(String), task1(String), null, null, null, manualTask(String), null, 2001-01-01 01:23:46.0(Timestamp), 2001-01-01 01:23:46.0(Timestamp), 0(Long), (String), a6e6e81f-c6c9-11ed-aa5a-de215c025445(String), simpleProcess:1:a6dcaf6e-c6c9-11ed-aa5a-de215c025445(String), a6e44fe0-c6c9-11ed-aa5a-de215c025445(String), a6e44fe0-c6c9-11ed-aa5a-de215c025445(String), task2(String), null, null, null, manualTask(String), null, 2001-01-01 01:23:46.0(Timestamp), 2001-01-01 01:23:46.0(Timestamp), 0(Long), (String), a6e7f99b-c6c9-11ed-aa5a-de215c025445(String), simpleProcess:1:a6dcaf6e-c6c9-11ed-aa5a-de215c025445(String), a6e44fe0-c6c9-11ed-aa5a-de215c025445(String), a6e44fe0-c6c9-11ed-aa5a-de215c025445(String), task3(String), null, null, null, manualTask(String), null, 2001-01-01 01:23:46.0(Timestamp), 2001-01-01 01:23:46.0(Timestamp), 0(Long), (String), a6e8bcf0-c6c9-11ed-aa5a-de215c025445(String), simpleProcess:1:a6dcaf6e-c6c9-11ed-aa5a-de215c025445(String), a6e44fe0-c6c9-11ed-aa5a-de215c025445(String), a6e44fe0-c6c9-11ed-aa5a-de215c025445(String), task4(String), a6e90b11-c6c9-11ed-aa5a-de215c025445(String), null, null, userTask(String), null, 2001-01-01 01:23:46.0(Timestamp), null, null, (String)
10:48:10,946 [pool-23-thread-1] DEBUG org.activiti.engine.impl.persistence.entity.HistoricActivityInstanceEntity.bulkInsertHistoricActivityInstance  - ==&gt; Parameters: a6e5133f-c6c9-11ed-aa5a-de215c025445(String), simpleProcess:1:a6dcaf6e-c6c9-11ed-aa5a-de215c025445(String), a6e4ec2d-c6c9-11ed-aa5a-de215c025445(String), a6e4ec2d-c6c9-11ed-aa5a-de215c025445(String), theStart(String), null, null, null, startEvent(String), null, 2001-01-01 01:23:46.0(Timestamp), 2001-01-01 01:23:46.0(Timestamp), 0(Long), (String), a6e5d69d-c6c9-11ed-aa5a-de215c025445(String), simpleProcess:1:a6dcaf6e-c6c9-11ed-aa5a-de215c025445(String), a6e4ec2d-c6c9-11ed-aa5a-de215c025445(String), a6e4ec2d-c6c9-11ed-aa5a-de215c025445(String), task1(String), null, null, null, manualTask(String), null, 2001-01-01 01:23:46.0(Timestamp), 2001-01-01 01:23:46.0(Timestamp), 0(Long), (String), a6e699f9-c6c9-11ed-aa5a-de215c025445(String), simpleProcess:1:a6dcaf6e-c6c9-11ed-aa5a-de215c025445(String), a6e4ec2d-c6c9-11ed-aa5a-de215c025445(String), a6e4ec2d-c6c9-11ed-aa5a-de215c025445(String), task2(String), null, null, null, manualTask(String), null, 2001-01-01 01:23:46.0(Timestamp), 2001-01-01 01:23:46.0(Timestamp), 0(Long), (String), a6e78466-c6c9-11ed-aa5a-de215c025445(String), simpleProcess:1:a6dcaf6e-c6c9-11ed-aa5a-de215c025445(String), a6e4ec2d-c6c9-11ed-aa5a-de215c025445(String), a6e4ec2d-c6c9-11ed-aa5a-de215c025445(String), task3(String), null, null, null, manualTask(String), null, 2001-01-01 01:23:46.0(Timestamp), 2001-01-01 01:23:46.0(Timestamp), 0(Long), (String), a6e847be-c6c9-11ed-aa5a-de215c025445(String), simpleProcess:1:a6dcaf6e-c6c9-11ed-aa5a-de215c025445(String), a6e4ec2d-c6c9-11ed-aa5a-de215c025445(String), a6e4ec2d-c6c9-11ed-aa5a-de215c025445(String), task4(String), a6e895df-c6c9-11ed-aa5a-de215c025445(String), null, null, userTask(String), null, 2001-01-01 01:23:46.0(Timestamp), null, null, (String)
10:48:10,946 [pool-23-thread-3] DEBUG org.apache.ibatis.transaction.jdbc.JdbcTransaction  - Closing JDBC Connection [conn146: url=jdbc:h2:mem:activiti-uuid-generator-test user=SA]
10:48:10,945 [pool-23-thread-9] DEBUG org.activiti.engine.impl.bpmn.behavior.BpmnActivityBehavior  - Leaving activity &apos;task2&apos;
10:48:10,945 [pool-23-thread-2] DEBUG org.activiti.engine.impl.persistence.entity.JobEntity.selectJobsByExecutionId  - &lt;==      Total: 0
10:48:10,946 [pool-23-thread-2] DEBUG org.activiti.engine.impl.bpmn.behavior.BpmnActivityBehavior  - Leaving activity &apos;theStart&apos;
10:48:10,945 [pool-23-thread-5] DEBUG org.activiti.engine.impl.history.DefaultHistoryManager  - Current history level: AUDIT, level required: ACTIVITY
10:48:10,945 [pool-23-thread-7] DEBUG org.activiti.engine.impl.bpmn.behavior.BpmnActivityBehavior  - Leaving activity &apos;theStart&apos;
10:48:10,945 [pool-23-thread-10] DEBUG org.activiti.engine.impl.persistence.entity.JobEntity.selectJobsByExecutionId  - ==&gt; Parameters: a6ea1c90-c6c9-11ed-aa5a-de215c025445(String)
10:48:10,945 [pool-23-thread-4] DEBUG org.activiti.engine.impl.pvm.runtime.AtomicOperationActivityExecute  - ProcessInstance[a6e93223-c6c9-11ed-aa5a-de215c025445] executes Activity(task2): org.activiti.engine.impl.bpmn.behavior.ManualTaskActivityBehavior
10:48:10,946 [pool-23-thread-10] DEBUG org.activiti.engine.impl.persistence.entity.JobEntity.selectJobsByExecutionId  - &lt;==      Total: 0
10:48:10,946 [pool-23-thread-10] DEBUG org.activiti.engine.impl.bpmn.behavior.BpmnActivityBehavior  - Leaving activity &apos;theStart&apos;
10:48:10,946 [pool-23-thread-7] DEBUG org.activiti.engine.impl.history.DefaultHistoryManager  - Current history level: AUDIT, level required: ACTIVITY
10:48:10,946 [pool-23-thread-5] DEBUG org.activiti.engine.impl.pvm.runtime.AtomicOperationTransitionNotifyListenerTake  - ProcessInstance[a6e9f57d-c6c9-11ed-aa5a-de215c025445] takes transition (theStart)--flow1--&gt;(task1)
10:48:10,946 [pool-23-thread-2] DEBUG org.activiti.engine.impl.history.DefaultHistoryManager  - Current history level: AUDIT, level required: ACTIVITY
10:48:10,946 [pool-23-thread-9] DEBUG org.activiti.engine.impl.history.DefaultHistoryManager  - Current history level: AUDIT, level required: ACTIVITY
10:48:10,946 [pool-23-thread-3] DEBUG org.apache.ibatis.datasource.pooled.PooledDataSource  - Returned connection 88071124 to pool.
10:48:10,946 [pool-23-thread-1] DEBUG org.activiti.engine.impl.persistence.entity.HistoricActivityInstanceEntity.bulkInsertHistoricActivityInstance  - &lt;==    Updates: 5
10:48:10,946 [pool-23-thread-1] DEBUG org.activiti.engine.impl.db.DbSqlSession  - inserting: ProcessInstance[a6e4ec2d-c6c9-11ed-aa5a-de215c025445]
10:48:10,946 [pool-23-thread-1] DEBUG org.activiti.engine.impl.persistence.entity.ExecutionEntity.insertExecution  - ==&gt;  Preparing: insert into ACT_RU_EXECUTION (ID_, REV_, PROC_INST_ID_, BUSINESS_KEY_, PROC_DEF_ID_, ACT_ID_, IS_ACTIVE_, IS_CONCURRENT_, IS_SCOPE_,IS_EVENT_SCOPE_, PARENT_ID_, SUPER_EXEC_, SUSPENSION_STATE_, CACHED_ENT_STATE_, TENANT_ID_, NAME_) values ( ?, 1, ?, ?, ?, ?, ?, ?, ?, ?, ?, ?, ?, ?, ?, ? ) 
10:48:10,946 [pool-23-thread-8] DEBUG org.activiti.engine.impl.persistence.entity.HistoricActivityInstanceEntity.bulkInsertHistoricActivityInstance  - &lt;==    Updates: 5
10:48:10,946 [pool-23-thread-6] DEBUG org.activiti.engine.impl.history.DefaultHistoryManager  - Current history level: AUDIT, level required: ACTIVITY
10:48:10,947 [pool-23-thread-8] DEBUG org.activiti.engine.impl.db.DbSqlSession  - inserting: ProcessInstance[a6e44fe0-c6c9-11ed-aa5a-de215c025445]
10:48:10,946 [pool-23-thread-1] DEBUG org.activiti.engine.impl.persistence.entity.ExecutionEntity.insertExecution  - ==&gt; Parameters: a6e4ec2d-c6c9-11ed-aa5a-de215c025445(String), a6e4ec2d-c6c9-11ed-aa5a-de215c025445(String), null, simpleProcess:1:a6dcaf6e-c6c9-11ed-aa5a-de215c025445(String), task4(String), true(Boolean), false(Boolean), true(Boolean), false(Boolean), null, null, 1(Integer), 2(Integer), (String), null
10:48:10,946 [pool-23-thread-3] DEBUG org.activiti.engine.impl.interceptor.LogInterceptor  - --- StartProcessInstanceCmd finished --------------------------------------------------------
10:48:10,947 [pool-23-thread-1] DEBUG org.activiti.engine.impl.persistence.entity.ExecutionEntity.insertExecution  - &lt;==    Updates: 1
10:48:10,946 [pool-23-thread-9] DEBUG org.activiti.engine.impl.pvm.runtime.AtomicOperationTransitionNotifyListenerTake  - ProcessInstance[a6e90b12-c6c9-11ed-aa5a-de215c025445] takes transition (task2)--flow3--&gt;(task3)
10:48:10,946 [pool-23-thread-2] DEBUG org.activiti.engine.impl.pvm.runtime.AtomicOperationTransitionNotifyListenerTake  - ProcessInstance[a6e9f57b-c6c9-11ed-aa5a-de215c025445] takes transition (theStart)--flow1--&gt;(task1)
10:48:10,946 [pool-23-thread-5] DEBUG org.activiti.engine.impl.history.DefaultHistoryManager  - Current history level: AUDIT, level required: ACTIVITY
10:48:10,946 [pool-23-thread-7] DEBUG org.activiti.engine.impl.pvm.runtime.AtomicOperationTransitionNotifyListenerTake  - ProcessInstance[a6e9ce69-c6c9-11ed-aa5a-de215c025445] takes transition (theStart)--flow1--&gt;(task1)
10:48:10,946 [pool-23-thread-10] DEBUG org.activiti.engine.impl.history.DefaultHistoryManager  - Current history level: AUDIT, level required: ACTIVITY
10:48:10,946 [pool-23-thread-4] DEBUG org.activiti.engine.impl.bpmn.behavior.BpmnActivityBehavior  - Leaving activity &apos;task2&apos;
10:48:10,947 [pool-23-thread-10] DEBUG org.activiti.engine.impl.pvm.runtime.AtomicOperationTransitionNotifyListenerTake  - ProcessInstance[a6ea1c90-c6c9-11ed-aa5a-de215c025445] takes transition (theStart)--flow1--&gt;(task1)
10:48:10,947 [pool-23-thread-7] DEBUG org.activiti.engine.impl.history.DefaultHistoryManager  - Current history level: AUDIT, level required: ACTIVITY
10:48:10,947 [pool-23-thread-5] DEBUG org.activiti.engine.impl.pvm.runtime.AtomicOperationActivityExecute  - ProcessInstance[a6e9f57d-c6c9-11ed-aa5a-de215c025445] executes Activity(task1): org.activiti.engine.impl.bpmn.behavior.ManualTaskActivityBehavior
10:48:10,947 [pool-23-thread-2] DEBUG org.activiti.engine.impl.history.DefaultHistoryManager  - Current history level: AUDIT, level required: ACTIVITY
10:48:10,947 [pool-23-thread-9] DEBUG org.activiti.engine.impl.history.DefaultHistoryManager  - Current history level: AUDIT, level required: ACTIVITY
10:48:10,947 [pool-23-thread-1] DEBUG org.activiti.engine.impl.db.DbSqlSession  - inserting: Task[id=a6e895df-c6c9-11ed-aa5a-de215c025445, name=null]
10:48:10,947 [pool-23-thread-3] DEBUG org.activiti.engine.impl.interceptor.LogInterceptor  - 

10:48:10,947 [pool-23-thread-8] DEBUG org.activiti.engine.impl.persistence.entity.ExecutionEntity.insertExecution  - ==&gt;  Preparing: insert into ACT_RU_EXECUTION (ID_, REV_, PROC_INST_ID_, BUSINESS_KEY_, PROC_DEF_ID_, ACT_ID_, IS_ACTIVE_, IS_CONCURRENT_, IS_SCOPE_,IS_EVENT_SCOPE_, PARENT_ID_, SUPER_EXEC_, SUSPENSION_STATE_, CACHED_ENT_STATE_, TENANT_ID_, NAME_) values ( ?, 1, ?, ?, ?, ?, ?, ?, ?, ?, ?, ?, ?, ?, ?, ? ) 
10:48:10,947 [pool-23-thread-6] DEBUG org.activiti.engine.impl.pvm.runtime.AtomicOperationTransitionNotifyListenerTake  - ProcessInstance[a6e93224-c6c9-11ed-aa5a-de215c025445] takes transition (theStart)--flow1--&gt;(task1)
10:48:10,947 [pool-23-thread-8] DEBUG org.activiti.engine.impl.persistence.entity.ExecutionEntity.insertExecution  - ==&gt; Parameters: a6e44fe0-c6c9-11ed-aa5a-de215c025445(String), a6e44fe0-c6c9-11ed-aa5a-de215c025445(String), null, simpleProcess:1:a6dcaf6e-c6c9-11ed-aa5a-de215c025445(String), task4(String), true(Boolean), false(Boolean), true(Boolean), false(Boolean), null, null, 1(Integer), 2(Integer), (String), null
10:48:10,947 [pool-23-thread-3] DEBUG org.activiti.engine.impl.interceptor.LogInterceptor  - 

10:48:10,947 [pool-23-thread-3] DEBUG org.activiti.engine.impl.interceptor.LogInterceptor  - --- starting StartProcessInstanceCmd --------------------------------------------------------
10:48:10,947 [pool-23-thread-1] DEBUG org.activiti.engine.impl.persistence.entity.TaskEntity.insertTask  - ==&gt;  Preparing: insert into ACT_RU_TASK (ID_, REV_, NAME_, PARENT_TASK_ID_, DESCRIPTION_, PRIORITY_, CREATE_TIME_, OWNER_, ASSIGNEE_, DELEGATION_, EXECUTION_ID_, PROC_INST_ID_, PROC_DEF_ID_, TASK_DEF_KEY_, DUE_DATE_, CATEGORY_, SUSPENSION_STATE_, TENANT_ID_, FORM_KEY_) values (?, 1, ?, ?, ?, ?, ?, ?, ?, ?, ?, ?, ?, ?, ?, ?, ?, ?, ? ) 
10:48:10,947 [pool-23-thread-9] DEBUG org.activiti.engine.impl.pvm.runtime.AtomicOperationActivityExecute  - ProcessInstance[a6e90b12-c6c9-11ed-aa5a-de215c025445] executes Activity(task3): org.activiti.engine.impl.bpmn.behavior.ManualTaskActivityBehavior
10:48:10,947 [pool-23-thread-2] DEBUG org.activiti.engine.impl.pvm.runtime.AtomicOperationActivityExecute  - ProcessInstance[a6e9f57b-c6c9-11ed-aa5a-de215c025445] executes Activity(task1): org.activiti.engine.impl.bpmn.behavior.ManualTaskActivityBehavior
10:48:10,948 [pool-23-thread-2] DEBUG org.activiti.engine.impl.bpmn.behavior.BpmnActivityBehavior  - Leaving activity &apos;task1&apos;
10:48:10,947 [pool-23-thread-5] DEBUG org.activiti.engine.impl.bpmn.behavior.BpmnActivityBehavior  - Leaving activity &apos;task1&apos;
10:48:10,947 [pool-23-thread-7] DEBUG org.activiti.engine.impl.pvm.runtime.AtomicOperationActivityExecute  - ProcessInstance[a6e9ce69-c6c9-11ed-aa5a-de215c025445] executes Activity(task1): org.activiti.engine.impl.bpmn.behavior.ManualTaskActivityBehavior
10:48:10,948 [pool-23-thread-7] DEBUG org.activiti.engine.impl.bpmn.behavior.BpmnActivityBehavior  - Leaving activity &apos;task1&apos;
10:48:10,948 [pool-23-thread-7] DEBUG org.activiti.engine.impl.history.DefaultHistoryManager  - Current history level: AUDIT, level required: ACTIVITY
10:48:10,947 [pool-23-thread-10] DEBUG org.activiti.engine.impl.history.DefaultHistoryManager  - Current history level: AUDIT, level required: ACTIVITY
10:48:10,947 [pool-23-thread-4] DEBUG org.activiti.engine.impl.history.DefaultHistoryManager  - Current history level: AUDIT, level required: ACTIVITY
10:48:10,948 [pool-23-thread-10] DEBUG org.activiti.engine.impl.pvm.runtime.AtomicOperationActivityExecute  - ProcessInstance[a6ea1c90-c6c9-11ed-aa5a-de215c025445] executes Activity(task1): org.activiti.engine.impl.bpmn.behavior.ManualTaskActivityBehavior
10:48:10,948 [pool-23-thread-7] DEBUG org.activiti.engine.impl.pvm.runtime.AtomicOperationTransitionNotifyListenerTake  - ProcessInstance[a6e9ce69-c6c9-11ed-aa5a-de215c025445] takes transition (task1)--flow2--&gt;(task2)
10:48:10,948 [pool-23-thread-5] DEBUG org.activiti.engine.impl.history.DefaultHistoryManager  - Current history level: AUDIT, level required: ACTIVITY
10:48:10,948 [pool-23-thread-2] DEBUG org.activiti.engine.impl.history.DefaultHistoryManager  - Current history level: AUDIT, level required: ACTIVITY
10:48:10,948 [pool-23-thread-9] DEBUG org.activiti.engine.impl.bpmn.behavior.BpmnActivityBehavior  - Leaving activity &apos;task3&apos;
10:48:10,948 [pool-23-thread-9] DEBUG org.activiti.engine.impl.history.DefaultHistoryManager  - Current history level: AUDIT, level required: ACTIVITY
10:48:10,948 [pool-23-thread-1] DEBUG org.activiti.engine.impl.persistence.entity.TaskEntity.insertTask  - ==&gt; Parameters: a6e895df-c6c9-11ed-aa5a-de215c025445(String), null, null, null, 50(Integer), 2001-01-01 01:23:46.0(Timestamp), null, null, null, a6e4ec2d-c6c9-11ed-aa5a-de215c025445(String), a6e4ec2d-c6c9-11ed-aa5a-de215c025445(String), simpleProcess:1:a6dcaf6e-c6c9-11ed-aa5a-de215c025445(String), task4(String), null, null, 1(Integer), (String), null
10:48:10,947 [pool-23-thread-3] DEBUG org.apache.ibatis.transaction.jdbc.JdbcTransaction  - Opening JDBC Connection
10:48:10,948 [pool-23-thread-1] DEBUG org.activiti.engine.impl.persistence.entity.TaskEntity.insertTask  - &lt;==    Updates: 1
10:48:10,947 [pool-23-thread-8] DEBUG org.activiti.engine.impl.persistence.entity.ExecutionEntity.insertExecution  - &lt;==    Updates: 1
10:48:10,948 [pool-23-thread-8] DEBUG org.activiti.engine.impl.db.DbSqlSession  - inserting: Task[id=a6e90b11-c6c9-11ed-aa5a-de215c025445, name=null]
10:48:10,947 [pool-23-thread-6] DEBUG org.activiti.engine.impl.history.DefaultHistoryManager  - Current history level: AUDIT, level required: ACTIVITY
10:48:10,948 [pool-23-thread-8] DEBUG org.activiti.engine.impl.persistence.entity.TaskEntity.insertTask  - ==&gt;  Preparing: insert into ACT_RU_TASK (ID_, REV_, NAME_, PARENT_TASK_ID_, DESCRIPTION_, PRIORITY_, CREATE_TIME_, OWNER_, ASSIGNEE_, DELEGATION_, EXECUTION_ID_, PROC_INST_ID_, PROC_DEF_ID_, TASK_DEF_KEY_, DUE_DATE_, CATEGORY_, SUSPENSION_STATE_, TENANT_ID_, FORM_KEY_) values (?, 1, ?, ?, ?, ?, ?, ?, ?, ?, ?, ?, ?, ?, ?, ?, ?, ?, ? ) 
10:48:10,948 [pool-23-thread-1] DEBUG org.activiti.engine.impl.cfg.standalone.StandaloneMybatisTransactionContext  - firing event committing...
10:48:10,948 [pool-23-thread-8] DEBUG org.activiti.engine.impl.persistence.entity.TaskEntity.insertTask  - ==&gt; Parameters: a6e90b11-c6c9-11ed-aa5a-de215c025445(String), null, null, null, 50(Integer), 2001-01-01 01:23:46.0(Timestamp), null, null, null, a6e44fe0-c6c9-11ed-aa5a-de215c025445(String), a6e44fe0-c6c9-11ed-aa5a-de215c025445(String), simpleProcess:1:a6dcaf6e-c6c9-11ed-aa5a-de215c025445(String), task4(String), null, null, 1(Integer), (String), null
10:48:10,948 [pool-23-thread-3] DEBUG org.apache.ibatis.datasource.pooled.PooledDataSource  - Checked out connection 88071124 from pool.
10:48:10,948 [pool-23-thread-3] DEBUG org.apache.ibatis.transaction.jdbc.JdbcTransaction  - Setting autocommit to false on JDBC Connection [conn146: url=jdbc:h2:mem:activiti-uuid-generator-test user=SA]
10:48:10,948 [pool-23-thread-9] DEBUG org.activiti.engine.impl.pvm.runtime.AtomicOperationTransitionNotifyListenerTake  - ProcessInstance[a6e90b12-c6c9-11ed-aa5a-de215c025445] takes transition (task3)--flow4--&gt;(task4)
10:48:10,948 [pool-23-thread-2] DEBUG org.activiti.engine.impl.pvm.runtime.AtomicOperationTransitionNotifyListenerTake  - ProcessInstance[a6e9f57b-c6c9-11ed-aa5a-de215c025445] takes transition (task1)--flow2--&gt;(task2)
10:48:10,948 [pool-23-thread-5] DEBUG org.activiti.engine.impl.pvm.runtime.AtomicOperationTransitionNotifyListenerTake  - ProcessInstance[a6e9f57d-c6c9-11ed-aa5a-de215c025445] takes transition (task1)--flow2--&gt;(task2)
10:48:10,948 [pool-23-thread-7] DEBUG org.activiti.engine.impl.history.DefaultHistoryManager  - Current history level: AUDIT, level required: ACTIVITY
10:48:10,948 [pool-23-thread-10] DEBUG org.activiti.engine.impl.bpmn.behavior.BpmnActivityBehavior  - Leaving activity &apos;task1&apos;
10:48:10,949 [pool-23-thread-10] DEBUG org.activiti.engine.impl.history.DefaultHistoryManager  - Current history level: AUDIT, level required: ACTIVITY
10:48:10,948 [pool-23-thread-4] DEBUG org.activiti.engine.impl.pvm.runtime.AtomicOperationTransitionNotifyListenerTake  - ProcessInstance[a6e93223-c6c9-11ed-aa5a-de215c025445] takes transition (task2)--flow3--&gt;(task3)
10:48:10,949 [pool-23-thread-10] DEBUG org.activiti.engine.impl.pvm.runtime.AtomicOperationTransitionNotifyListenerTake  - ProcessInstance[a6ea1c90-c6c9-11ed-aa5a-de215c025445] takes transition (task1)--flow2--&gt;(task2)
10:48:10,949 [pool-23-thread-10] DEBUG org.activiti.engine.impl.history.DefaultHistoryManager  - Current history level: AUDIT, level required: ACTIVITY
10:48:10,949 [pool-23-thread-7] DEBUG org.activiti.engine.impl.pvm.runtime.AtomicOperationActivityExecute  - ProcessInstance[a6e9ce69-c6c9-11ed-aa5a-de215c025445] executes Activity(task2): org.activiti.engine.impl.bpmn.behavior.ManualTaskActivityBehavior
10:48:10,949 [pool-23-thread-5] DEBUG org.activiti.engine.impl.history.DefaultHistoryManager  - Current history level: AUDIT, level required: ACTIVITY
10:48:10,949 [pool-23-thread-2] DEBUG org.activiti.engine.impl.history.DefaultHistoryManager  - Current history level: AUDIT, level required: ACTIVITY
10:48:10,949 [pool-23-thread-9] DEBUG org.activiti.engine.impl.history.DefaultHistoryManager  - Current history level: AUDIT, level required: ACTIVITY
10:48:10,948 [pool-23-thread-3] DEBUG org.activiti.engine.impl.persistence.entity.ProcessDefinitionEntity.selectLatestProcessDefinitionByKey  - ==&gt;  Preparing: select * from ACT_RE_PROCDEF where KEY_ = ? and (TENANT_ID_ = &apos;&apos; or TENANT_ID_ is null) and VERSION_ = (select max(VERSION_) from ACT_RE_PROCDEF where KEY_ = ? and (TENANT_ID_ = &apos;&apos; or TENANT_ID_ is null)) 
10:48:10,948 [pool-23-thread-8] DEBUG org.activiti.engine.impl.persistence.entity.TaskEntity.insertTask  - &lt;==    Updates: 1
10:48:10,948 [pool-23-thread-1] DEBUG org.activiti.engine.impl.cfg.standalone.StandaloneMybatisTransactionContext  - committing the ibatis sql session...
10:48:10,949 [pool-23-thread-1] DEBUG org.apache.ibatis.transaction.jdbc.JdbcTransaction  - Committing JDBC Connection [conn151: url=jdbc:h2:mem:activiti-uuid-generator-test user=SA]
10:48:10,948 [pool-23-thread-6] DEBUG org.activiti.engine.impl.pvm.runtime.AtomicOperationActivityExecute  - ProcessInstance[a6e93224-c6c9-11ed-aa5a-de215c025445] executes Activity(task1): org.activiti.engine.impl.bpmn.behavior.ManualTaskActivityBehavior
10:48:10,949 [pool-23-thread-1] DEBUG org.activiti.engine.impl.cfg.standalone.StandaloneMybatisTransactionContext  - firing event committed...
10:48:10,949 [pool-23-thread-1] DEBUG org.apache.ibatis.transaction.jdbc.JdbcTransaction  - Resetting autocommit to true on JDBC Connection [conn151: url=jdbc:h2:mem:activiti-uuid-generator-test user=SA]
10:48:10,949 [pool-23-thread-1] DEBUG org.apache.ibatis.transaction.jdbc.JdbcTransaction  - Closing JDBC Connection [conn151: url=jdbc:h2:mem:activiti-uuid-generator-test user=SA]
10:48:10,949 [pool-23-thread-1] DEBUG org.apache.ibatis.datasource.pooled.PooledDataSource  - Returned connection 2119021267 to pool.
10:48:10,949 [pool-23-thread-8] DEBUG org.activiti.engine.impl.cfg.standalone.StandaloneMybatisTransactionContext  - firing event committing...
10:48:10,949 [pool-23-thread-8] DEBUG org.activiti.engine.impl.cfg.standalone.StandaloneMybatisTransactionContext  - committing the ibatis sql session...
10:48:10,949 [pool-23-thread-8] DEBUG org.apache.ibatis.transaction.jdbc.JdbcTransaction  - Committing JDBC Connection [conn155: url=jdbc:h2:mem:activiti-uuid-generator-test user=SA]
10:48:10,949 [pool-23-thread-3] DEBUG org.activiti.engine.impl.persistence.entity.ProcessDefinitionEntity.selectLatestProcessDefinitionByKey  - ==&gt; Parameters: simpleProcess(String), simpleProcess(String)
10:48:10,949 [pool-23-thread-9] DEBUG org.activiti.engine.impl.pvm.runtime.AtomicOperationActivityExecute  - ProcessInstance[a6e90b12-c6c9-11ed-aa5a-de215c025445] executes Activity(task4): org.activiti.engine.impl.bpmn.behavior.UserTaskActivityBehavior
10:48:10,949 [pool-23-thread-3] DEBUG org.activiti.engine.impl.persistence.entity.ProcessDefinitionEntity.selectLatestProcessDefinitionByKey  - &lt;==      Total: 1
10:48:10,949 [pool-23-thread-2] DEBUG org.activiti.engine.impl.pvm.runtime.AtomicOperationActivityExecute  - ProcessInstance[a6e9f57b-c6c9-11ed-aa5a-de215c025445] executes Activity(task2): org.activiti.engine.impl.bpmn.behavior.ManualTaskActivityBehavior
10:48:10,950 [pool-23-thread-2] DEBUG org.activiti.engine.impl.bpmn.behavior.BpmnActivityBehavior  - Leaving activity &apos;task2&apos;
10:48:10,949 [pool-23-thread-5] DEBUG org.activiti.engine.impl.pvm.runtime.AtomicOperationActivityExecute  - ProcessInstance[a6e9f57d-c6c9-11ed-aa5a-de215c025445] executes Activity(task2): org.activiti.engine.impl.bpmn.behavior.ManualTaskActivityBehavior
10:48:10,949 [pool-23-thread-7] DEBUG org.activiti.engine.impl.bpmn.behavior.BpmnActivityBehavior  - Leaving activity &apos;task2&apos;
10:48:10,950 [pool-23-thread-7] DEBUG org.activiti.engine.impl.history.DefaultHistoryManager  - Current history level: AUDIT, level required: ACTIVITY
10:48:10,949 [pool-23-thread-10] DEBUG org.activiti.engine.impl.pvm.runtime.AtomicOperationActivityExecute  - ProcessInstance[a6ea1c90-c6c9-11ed-aa5a-de215c025445] executes Activity(task2): org.activiti.engine.impl.bpmn.behavior.ManualTaskActivityBehavior
10:48:10,950 [pool-23-thread-10] DEBUG org.activiti.engine.impl.bpmn.behavior.BpmnActivityBehavior  - Leaving activity &apos;task2&apos;
10:48:10,949 [pool-23-thread-4] DEBUG org.activiti.engine.impl.history.DefaultHistoryManager  - Current history level: AUDIT, level required: ACTIVITY
10:48:10,950 [pool-23-thread-10] DEBUG org.activiti.engine.impl.history.DefaultHistoryManager  - Current history level: AUDIT, level required: ACTIVITY
10:48:10,950 [pool-23-thread-7] DEBUG org.activiti.engine.impl.pvm.runtime.AtomicOperationTransitionNotifyListenerTake  - ProcessInstance[a6e9ce69-c6c9-11ed-aa5a-de215c025445] takes transition (task2)--flow3--&gt;(task3)
10:48:10,950 [pool-23-thread-5] DEBUG org.activiti.engine.impl.bpmn.behavior.BpmnActivityBehavior  - Leaving activity &apos;task2&apos;
10:48:10,950 [pool-23-thread-2] DEBUG org.activiti.engine.impl.history.DefaultHistoryManager  - Current history level: AUDIT, level required: ACTIVITY
10:48:10,950 [pool-23-thread-3] DEBUG org.activiti.engine.impl.persistence.entity.ExecutionEntity  - initializing ProcessInstance[a6eb0700-c6c9-11ed-aa5a-de215c025445]
10:48:10,950 [pool-23-thread-9] DEBUG org.activiti.engine.impl.persistence.entity.TaskEntity.selectTasksByExecutionId  - ==&gt;  Preparing: select distinct T.* from ACT_RU_TASK T where T.EXECUTION_ID_ = ? 
10:48:10,949 [pool-23-thread-8] DEBUG org.activiti.engine.impl.cfg.standalone.StandaloneMybatisTransactionContext  - firing event committed...
10:48:10,950 [pool-23-thread-8] DEBUG org.apache.ibatis.transaction.jdbc.JdbcTransaction  - Resetting autocommit to true on JDBC Connection [conn155: url=jdbc:h2:mem:activiti-uuid-generator-test user=SA]
10:48:10,949 [pool-23-thread-1] DEBUG org.activiti.engine.impl.interceptor.LogInterceptor  - --- StartProcessInstanceCmd finished --------------------------------------------------------
10:48:10,950 [pool-23-thread-1] DEBUG org.activiti.engine.impl.interceptor.LogInterceptor  - 

10:48:10,949 [pool-23-thread-6] DEBUG org.activiti.engine.impl.bpmn.behavior.BpmnActivityBehavior  - Leaving activity &apos;task1&apos;
10:48:10,950 [pool-23-thread-1] DEBUG org.activiti.engine.impl.interceptor.LogInterceptor  - 

10:48:10,950 [pool-23-thread-1] DEBUG org.activiti.engine.impl.interceptor.LogInterceptor  - --- starting StartProcessInstanceCmd --------------------------------------------------------
10:48:10,950 [pool-23-thread-8] DEBUG org.apache.ibatis.transaction.jdbc.JdbcTransaction  - Closing JDBC Connection [conn155: url=jdbc:h2:mem:activiti-uuid-generator-test user=SA]
10:48:10,950 [pool-23-thread-8] DEBUG org.apache.ibatis.datasource.pooled.PooledDataSource  - Returned connection 1225090506 to pool.
10:48:10,950 [pool-23-thread-9] DEBUG org.activiti.engine.impl.persistence.entity.TaskEntity.selectTasksByExecutionId  - ==&gt; Parameters: a6e90b12-c6c9-11ed-aa5a-de215c025445(String)
10:48:10,950 [pool-23-thread-3] DEBUG org.activiti.engine.impl.history.DefaultHistoryManager  - Current history level: AUDIT, level required: ACTIVITY
10:48:10,950 [pool-23-thread-2] DEBUG org.activiti.engine.impl.pvm.runtime.AtomicOperationTransitionNotifyListenerTake  - ProcessInstance[a6e9f57b-c6c9-11ed-aa5a-de215c025445] takes transition (task2)--flow3--&gt;(task3)
10:48:10,950 [pool-23-thread-5] DEBUG org.activiti.engine.impl.history.DefaultHistoryManager  - Current history level: AUDIT, level required: ACTIVITY
10:48:10,950 [pool-23-thread-7] DEBUG org.activiti.engine.impl.history.DefaultHistoryManager  - Current history level: AUDIT, level required: ACTIVITY
10:48:10,950 [pool-23-thread-10] DEBUG org.activiti.engine.impl.pvm.runtime.AtomicOperationTransitionNotifyListenerTake  - ProcessInstance[a6ea1c90-c6c9-11ed-aa5a-de215c025445] takes transition (task2)--flow3--&gt;(task3)
10:48:10,950 [pool-23-thread-4] DEBUG org.activiti.engine.impl.pvm.runtime.AtomicOperationActivityExecute  - ProcessInstance[a6e93223-c6c9-11ed-aa5a-de215c025445] executes Activity(task3): org.activiti.engine.impl.bpmn.behavior.ManualTaskActivityBehavior
10:48:10,952 [pool-23-thread-10] DEBUG org.activiti.engine.impl.history.DefaultHistoryManager  - Current history level: AUDIT, level required: ACTIVITY
10:48:10,952 [pool-23-thread-7] DEBUG org.activiti.engine.impl.pvm.runtime.AtomicOperationActivityExecute  - ProcessInstance[a6e9ce69-c6c9-11ed-aa5a-de215c025445] executes Activity(task3): org.activiti.engine.impl.bpmn.behavior.ManualTaskActivityBehavior
10:48:10,952 [pool-23-thread-7] DEBUG org.activiti.engine.impl.bpmn.behavior.BpmnActivityBehavior  - Leaving activity &apos;task3&apos;
10:48:10,952 [pool-23-thread-5] DEBUG org.activiti.engine.impl.pvm.runtime.AtomicOperationTransitionNotifyListenerTake  - ProcessInstance[a6e9f57d-c6c9-11ed-aa5a-de215c025445] takes transition (task2)--flow3--&gt;(task3)
10:48:10,952 [pool-23-thread-2] DEBUG org.activiti.engine.impl.history.DefaultHistoryManager  - Current history level: AUDIT, level required: ACTIVITY
10:48:10,952 [pool-23-thread-3] DEBUG org.activiti.engine.impl.pvm.runtime.AtomicOperationActivityExecute  - ProcessInstance[a6eb0700-c6c9-11ed-aa5a-de215c025445] executes Activity(theStart): org.activiti.engine.impl.bpmn.behavior.NoneStartEventActivityBehavior
10:48:10,950 [pool-23-thread-9] DEBUG org.activiti.engine.impl.persistence.entity.TaskEntity.selectTasksByExecutionId  - &lt;==      Total: 0
10:48:10,952 [pool-23-thread-9] DEBUG org.activiti.engine.impl.history.DefaultHistoryManager  - Current history level: AUDIT, level required: AUDIT
10:48:10,950 [pool-23-thread-8] DEBUG org.activiti.engine.impl.interceptor.LogInterceptor  - --- StartProcessInstanceCmd finished --------------------------------------------------------
10:48:10,952 [pool-23-thread-8] DEBUG org.activiti.engine.impl.interceptor.LogInterceptor  - 

10:48:10,950 [pool-23-thread-1] DEBUG org.apache.ibatis.transaction.jdbc.JdbcTransaction  - Opening JDBC Connection
10:48:10,952 [pool-23-thread-1] DEBUG org.apache.ibatis.datasource.pooled.PooledDataSource  - Checked out connection 2119021267 from pool.
10:48:10,952 [pool-23-thread-1] DEBUG org.apache.ibatis.transaction.jdbc.JdbcTransaction  - Setting autocommit to false on JDBC Connection [conn151: url=jdbc:h2:mem:activiti-uuid-generator-test user=SA]
10:48:10,950 [pool-23-thread-6] DEBUG org.activiti.engine.impl.history.DefaultHistoryManager  - Current history level: AUDIT, level required: ACTIVITY
10:48:10,952 [pool-23-thread-1] DEBUG org.activiti.engine.impl.persistence.entity.ProcessDefinitionEntity.selectLatestProcessDefinitionByKey  - ==&gt;  Preparing: select * from ACT_RE_PROCDEF where KEY_ = ? and (TENANT_ID_ = &apos;&apos; or TENANT_ID_ is null) and VERSION_ = (select max(VERSION_) from ACT_RE_PROCDEF where KEY_ = ? and (TENANT_ID_ = &apos;&apos; or TENANT_ID_ is null)) 
10:48:10,952 [pool-23-thread-8] DEBUG org.activiti.engine.impl.interceptor.LogInterceptor  - 

10:48:10,952 [pool-23-thread-8] DEBUG org.activiti.engine.impl.interceptor.LogInterceptor  - --- starting StartProcessInstanceCmd --------------------------------------------------------
10:48:10,952 [pool-23-thread-9] DEBUG org.activiti.engine.impl.history.DefaultHistoryManager  - Current history level: AUDIT, level required: AUDIT
10:48:10,952 [pool-23-thread-3] DEBUG org.activiti.engine.impl.persistence.entity.JobEntity.selectJobsByExecutionId  - ==&gt;  Preparing: select * from ACT_RU_JOB J where J.EXECUTION_ID_ = ? 
10:48:10,952 [pool-23-thread-2] DEBUG org.activiti.engine.impl.pvm.runtime.AtomicOperationActivityExecute  - ProcessInstance[a6e9f57b-c6c9-11ed-aa5a-de215c025445] executes Activity(task3): org.activiti.engine.impl.bpmn.behavior.ManualTaskActivityBehavior
10:48:10,952 [pool-23-thread-5] DEBUG org.activiti.engine.impl.history.DefaultHistoryManager  - Current history level: AUDIT, level required: ACTIVITY
10:48:10,952 [pool-23-thread-7] DEBUG org.activiti.engine.impl.history.DefaultHistoryManager  - Current history level: AUDIT, level required: ACTIVITY
10:48:10,952 [pool-23-thread-10] DEBUG org.activiti.engine.impl.pvm.runtime.AtomicOperationActivityExecute  - ProcessInstance[a6ea1c90-c6c9-11ed-aa5a-de215c025445] executes Activity(task3): org.activiti.engine.impl.bpmn.behavior.ManualTaskActivityBehavior
10:48:10,952 [pool-23-thread-4] DEBUG org.activiti.engine.impl.bpmn.behavior.BpmnActivityBehavior  - Leaving activity &apos;task3&apos;
10:48:10,953 [pool-23-thread-10] DEBUG org.activiti.engine.impl.bpmn.behavior.BpmnActivityBehavior  - Leaving activity &apos;task3&apos;
10:48:10,953 [pool-23-thread-7] DEBUG org.activiti.engine.impl.pvm.runtime.AtomicOperationTransitionNotifyListenerTake  - ProcessInstance[a6e9ce69-c6c9-11ed-aa5a-de215c025445] takes transition (task3)--flow4--&gt;(task4)
10:48:10,953 [pool-23-thread-5] DEBUG org.activiti.engine.impl.pvm.runtime.AtomicOperationActivityExecute  - ProcessInstance[a6e9f57d-c6c9-11ed-aa5a-de215c025445] executes Activity(task3): org.activiti.engine.impl.bpmn.behavior.ManualTaskActivityBehavior
10:48:10,953 [pool-23-thread-5] DEBUG org.activiti.engine.impl.bpmn.behavior.BpmnActivityBehavior  - Leaving activity &apos;task3&apos;
10:48:10,953 [pool-23-thread-5] DEBUG org.activiti.engine.impl.history.DefaultHistoryManager  - Current history level: AUDIT, level required: ACTIVITY
10:48:10,953 [pool-23-thread-2] DEBUG org.activiti.engine.impl.bpmn.behavior.BpmnActivityBehavior  - Leaving activity &apos;task3&apos;
10:48:10,953 [pool-23-thread-2] DEBUG org.activiti.engine.impl.history.DefaultHistoryManager  - Current history level: AUDIT, level required: ACTIVITY
10:48:10,952 [pool-23-thread-3] DEBUG org.activiti.engine.impl.persistence.entity.JobEntity.selectJobsByExecutionId  - ==&gt; Parameters: a6eb0700-c6c9-11ed-aa5a-de215c025445(String)
10:48:10,952 [pool-23-thread-9] DEBUG org.activiti.engine.impl.history.DefaultHistoryManager  - Current history level: AUDIT, level required: AUDIT
10:48:10,952 [pool-23-thread-8] DEBUG org.apache.ibatis.transaction.jdbc.JdbcTransaction  - Opening JDBC Connection
10:48:10,953 [pool-23-thread-8] DEBUG org.apache.ibatis.datasource.pooled.PooledDataSource  - Checked out connection 1225090506 from pool.
10:48:10,953 [pool-23-thread-8] DEBUG org.apache.ibatis.transaction.jdbc.JdbcTransaction  - Setting autocommit to false on JDBC Connection [conn155: url=jdbc:h2:mem:activiti-uuid-generator-test user=SA]
10:48:10,952 [pool-23-thread-1] DEBUG org.activiti.engine.impl.persistence.entity.ProcessDefinitionEntity.selectLatestProcessDefinitionByKey  - ==&gt; Parameters: simpleProcess(String), simpleProcess(String)
10:48:10,952 [pool-23-thread-6] DEBUG org.activiti.engine.impl.pvm.runtime.AtomicOperationTransitionNotifyListenerTake  - ProcessInstance[a6e93224-c6c9-11ed-aa5a-de215c025445] takes transition (task1)--flow2--&gt;(task2)
10:48:10,953 [pool-23-thread-1] DEBUG org.activiti.engine.impl.persistence.entity.ProcessDefinitionEntity.selectLatestProcessDefinitionByKey  - &lt;==      Total: 1
10:48:10,953 [pool-23-thread-8] DEBUG org.activiti.engine.impl.persistence.entity.ProcessDefinitionEntity.selectLatestProcessDefinitionByKey  - ==&gt;  Preparing: select * from ACT_RE_PROCDEF where KEY_ = ? and (TENANT_ID_ = &apos;&apos; or TENANT_ID_ is null) and VERSION_ = (select max(VERSION_) from ACT_RE_PROCDEF where KEY_ = ? and (TENANT_ID_ = &apos;&apos; or TENANT_ID_ is null)) 
10:48:10,953 [pool-23-thread-9] DEBUG org.activiti.engine.impl.history.DefaultHistoryManager  - Current history level: AUDIT, level required: ACTIVITY
10:48:10,953 [pool-23-thread-3] DEBUG org.activiti.engine.impl.persistence.entity.JobEntity.selectJobsByExecutionId  - &lt;==      Total: 0
10:48:10,953 [pool-23-thread-3] DEBUG org.activiti.engine.impl.bpmn.behavior.BpmnActivityBehavior  - Leaving activity &apos;theStart&apos;
10:48:10,953 [pool-23-thread-2] DEBUG org.activiti.engine.impl.pvm.runtime.AtomicOperationTransitionNotifyListenerTake  - ProcessInstance[a6e9f57b-c6c9-11ed-aa5a-de215c025445] takes transition (task3)--flow4--&gt;(task4)
10:48:10,953 [pool-23-thread-5] DEBUG org.activiti.engine.impl.pvm.runtime.AtomicOperationTransitionNotifyListenerTake  - ProcessInstance[a6e9f57d-c6c9-11ed-aa5a-de215c025445] takes transition (task3)--flow4--&gt;(task4)
10:48:10,953 [pool-23-thread-7] DEBUG org.activiti.engine.impl.history.DefaultHistoryManager  - Current history level: AUDIT, level required: ACTIVITY
10:48:10,953 [pool-23-thread-10] DEBUG org.activiti.engine.impl.history.DefaultHistoryManager  - Current history level: AUDIT, level required: ACTIVITY
10:48:10,953 [pool-23-thread-4] DEBUG org.activiti.engine.impl.history.DefaultHistoryManager  - Current history level: AUDIT, level required: ACTIVITY
10:48:10,954 [pool-23-thread-10] DEBUG org.activiti.engine.impl.pvm.runtime.AtomicOperationTransitionNotifyListenerTake  - ProcessInstance[a6ea1c90-c6c9-11ed-aa5a-de215c025445] takes transition (task3)--flow4--&gt;(task4)
10:48:10,954 [pool-23-thread-10] DEBUG org.activiti.engine.impl.history.DefaultHistoryManager  - Current history level: AUDIT, level required: ACTIVITY
10:48:10,954 [pool-23-thread-7] DEBUG org.activiti.engine.impl.pvm.runtime.AtomicOperationActivityExecute  - ProcessInstance[a6e9ce69-c6c9-11ed-aa5a-de215c025445] executes Activity(task4): org.activiti.engine.impl.bpmn.behavior.UserTaskActivityBehavior
10:48:10,954 [pool-23-thread-5] DEBUG org.activiti.engine.impl.history.DefaultHistoryManager  - Current history level: AUDIT, level required: ACTIVITY
10:48:10,954 [pool-23-thread-2] DEBUG org.activiti.engine.impl.history.DefaultHistoryManager  - Current history level: AUDIT, level required: ACTIVITY
10:48:10,954 [pool-23-thread-3] DEBUG org.activiti.engine.impl.history.DefaultHistoryManager  - Current history level: AUDIT, level required: ACTIVITY
10:48:10,953 [pool-23-thread-9] DEBUG org.activiti.engine.impl.db.DbSqlSession  -   insert ProcessInstance[a6e90b12-c6c9-11ed-aa5a-de215c025445]
10:48:10,954 [pool-23-thread-9] DEBUG org.activiti.engine.impl.db.DbSqlSession  -   insert HistoricProcessInstanceEntity[superProcessInstanceId=null]
10:48:10,954 [pool-23-thread-9] DEBUG org.activiti.engine.impl.db.DbSqlSession  -   insert Task[id=a6eb06ff-c6c9-11ed-aa5a-de215c025445, name=null]
10:48:10,954 [pool-23-thread-9] DEBUG org.activiti.engine.impl.db.DbSqlSession  -   insert HistoricTaskInstanceEntity[id=a6eb06ff-c6c9-11ed-aa5a-de215c025445, name=null]
10:48:10,954 [pool-23-thread-9] DEBUG org.activiti.engine.impl.db.DbSqlSession  -   insert HistoricActivityInstanceEntity[activityId=theStart, activityName=null]
10:48:10,954 [pool-23-thread-9] DEBUG org.activiti.engine.impl.db.DbSqlSession  -   insert HistoricActivityInstanceEntity[activityId=task1, activityName=null]
10:48:10,954 [pool-23-thread-9] DEBUG org.activiti.engine.impl.db.DbSqlSession  -   insert HistoricActivityInstanceEntity[activityId=task2, activityName=null]
10:48:10,954 [pool-23-thread-9] DEBUG org.activiti.engine.impl.db.DbSqlSession  -   insert HistoricActivityInstanceEntity[activityId=task3, activityName=null]
10:48:10,954 [pool-23-thread-9] DEBUG org.activiti.engine.impl.db.DbSqlSession  -   insert HistoricActivityInstanceEntity[activityId=task4, activityName=null]
10:48:10,954 [pool-23-thread-9] DEBUG org.activiti.engine.impl.db.DbSqlSession  - flush summary: 9 insert, 0 update, 0 delete.
10:48:10,954 [pool-23-thread-9] DEBUG org.activiti.engine.impl.db.DbSqlSession  - now executing flush...
10:48:10,954 [pool-23-thread-9] DEBUG org.activiti.engine.impl.db.DbSqlSession  - inserting: HistoricTaskInstanceEntity[id=a6eb06ff-c6c9-11ed-aa5a-de215c025445, name=null]
10:48:10,953 [pool-23-thread-8] DEBUG org.activiti.engine.impl.persistence.entity.ProcessDefinitionEntity.selectLatestProcessDefinitionByKey  - ==&gt; Parameters: simpleProcess(String), simpleProcess(String)
10:48:10,953 [pool-23-thread-1] DEBUG org.activiti.engine.impl.persistence.entity.ExecutionEntity  - initializing ProcessInstance[a6eb7c37-c6c9-11ed-aa5a-de215c025445]
10:48:10,954 [pool-23-thread-8] DEBUG org.activiti.engine.impl.persistence.entity.ProcessDefinitionEntity.selectLatestProcessDefinitionByKey  - &lt;==      Total: 1
10:48:10,953 [pool-23-thread-6] DEBUG org.activiti.engine.impl.history.DefaultHistoryManager  - Current history level: AUDIT, level required: ACTIVITY
10:48:10,954 [pool-23-thread-8] DEBUG org.activiti.engine.impl.persistence.entity.ExecutionEntity  - initializing ProcessInstance[a6eba34d-c6c9-11ed-aa5a-de215c025445]
10:48:10,954 [pool-23-thread-1] DEBUG org.activiti.engine.impl.history.DefaultHistoryManager  - Current history level: AUDIT, level required: ACTIVITY
10:48:10,954 [pool-23-thread-9] DEBUG org.activiti.engine.impl.persistence.entity.HistoricTaskInstanceEntity.insertHistoricTaskInstance  - ==&gt;  Preparing: insert into ACT_HI_TASKINST ( ID_, PROC_DEF_ID_, PROC_INST_ID_, EXECUTION_ID_, NAME_, PARENT_TASK_ID_, DESCRIPTION_, OWNER_, ASSIGNEE_, START_TIME_, CLAIM_TIME_, END_TIME_, DURATION_, DELETE_REASON_, TASK_DEF_KEY_, FORM_KEY_, PRIORITY_, DUE_DATE_, CATEGORY_, TENANT_ID_ ) values ( ?, ?, ?, ?, ?, ?, ?, ?, ?, ?, ?, ?, ?, ?, ?, ?, ?, ?, ?, ? ) 
10:48:10,954 [pool-23-thread-3] DEBUG org.activiti.engine.impl.pvm.runtime.AtomicOperationTransitionNotifyListenerTake  - ProcessInstance[a6eb0700-c6c9-11ed-aa5a-de215c025445] takes transition (theStart)--flow1--&gt;(task1)
10:48:10,955 [pool-23-thread-9] DEBUG org.activiti.engine.impl.persistence.entity.HistoricTaskInstanceEntity.insertHistoricTaskInstance  - ==&gt; Parameters: a6eb06ff-c6c9-11ed-aa5a-de215c025445(String), simpleProcess:1:a6dcaf6e-c6c9-11ed-aa5a-de215c025445(String), a6e90b12-c6c9-11ed-aa5a-de215c025445(String), a6e90b12-c6c9-11ed-aa5a-de215c025445(String), null, null, null, null, null, 2001-01-01 01:23:46.0(Timestamp), null, null, null, null, task4(String), null, 50(Integer), null, null, (String)
10:48:10,954 [pool-23-thread-2] DEBUG org.activiti.engine.impl.pvm.runtime.AtomicOperationActivityExecute  - ProcessInstance[a6e9f57b-c6c9-11ed-aa5a-de215c025445] executes Activity(task4): org.activiti.engine.impl.bpmn.behavior.UserTaskActivityBehavior
10:48:10,954 [pool-23-thread-5] DEBUG org.activiti.engine.impl.pvm.runtime.AtomicOperationActivityExecute  - ProcessInstance[a6e9f57d-c6c9-11ed-aa5a-de215c025445] executes Activity(task4): org.activiti.engine.impl.bpmn.behavior.UserTaskActivityBehavior
10:48:10,954 [pool-23-thread-7] DEBUG org.activiti.engine.impl.persistence.entity.TaskEntity.selectTasksByExecutionId  - ==&gt;  Preparing: select distinct T.* from ACT_RU_TASK T where T.EXECUTION_ID_ = ? 
10:48:10,954 [pool-23-thread-10] DEBUG org.activiti.engine.impl.pvm.runtime.AtomicOperationActivityExecute  - ProcessInstance[a6ea1c90-c6c9-11ed-aa5a-de215c025445] executes Activity(task4): org.activiti.engine.impl.bpmn.behavior.UserTaskActivityBehavior
10:48:10,954 [pool-23-thread-4] DEBUG org.activiti.engine.impl.pvm.runtime.AtomicOperationTransitionNotifyListenerTake  - ProcessInstance[a6e93223-c6c9-11ed-aa5a-de215c025445] takes transition (task3)--flow4--&gt;(task4)
10:48:10,955 [pool-23-thread-10] DEBUG org.activiti.engine.impl.persistence.entity.TaskEntity.selectTasksByExecutionId  - ==&gt;  Preparing: select distinct T.* from ACT_RU_TASK T where T.EXECUTION_ID_ = ? 
10:48:10,955 [pool-23-thread-7] DEBUG org.activiti.engine.impl.persistence.entity.TaskEntity.selectTasksByExecutionId  - ==&gt; Parameters: a6e9ce69-c6c9-11ed-aa5a-de215c025445(String)
10:48:10,955 [pool-23-thread-5] DEBUG org.activiti.engine.impl.persistence.entity.TaskEntity.selectTasksByExecutionId  - ==&gt;  Preparing: select distinct T.* from ACT_RU_TASK T where T.EXECUTION_ID_ = ? 
10:48:10,955 [pool-23-thread-2] DEBUG org.activiti.engine.impl.persistence.entity.TaskEntity.selectTasksByExecutionId  - ==&gt;  Preparing: select distinct T.* from ACT_RU_TASK T where T.EXECUTION_ID_ = ? 
10:48:10,955 [pool-23-thread-9] DEBUG org.activiti.engine.impl.persistence.entity.HistoricTaskInstanceEntity.insertHistoricTaskInstance  - &lt;==    Updates: 1
10:48:10,955 [pool-23-thread-3] DEBUG org.activiti.engine.impl.history.DefaultHistoryManager  - Current history level: AUDIT, level required: ACTIVITY
10:48:10,955 [pool-23-thread-1] DEBUG org.activiti.engine.impl.pvm.runtime.AtomicOperationActivityExecute  - ProcessInstance[a6eb7c37-c6c9-11ed-aa5a-de215c025445] executes Activity(theStart): org.activiti.engine.impl.bpmn.behavior.NoneStartEventActivityBehavior
10:48:10,955 [pool-23-thread-8] DEBUG org.activiti.engine.impl.history.DefaultHistoryManager  - Current history level: AUDIT, level required: ACTIVITY
10:48:10,954 [pool-23-thread-6] DEBUG org.activiti.engine.impl.pvm.runtime.AtomicOperationActivityExecute  - ProcessInstance[a6e93224-c6c9-11ed-aa5a-de215c025445] executes Activity(task2): org.activiti.engine.impl.bpmn.behavior.ManualTaskActivityBehavior
10:48:10,955 [pool-23-thread-8] DEBUG org.activiti.engine.impl.pvm.runtime.AtomicOperationActivityExecute  - ProcessInstance[a6eba34d-c6c9-11ed-aa5a-de215c025445] executes Activity(theStart): org.activiti.engine.impl.bpmn.behavior.NoneStartEventActivityBehavior
10:48:10,955 [pool-23-thread-1] DEBUG org.activiti.engine.impl.persistence.entity.JobEntity.selectJobsByExecutionId  - ==&gt;  Preparing: select * from ACT_RU_JOB J where J.EXECUTION_ID_ = ? 
10:48:10,955 [pool-23-thread-3] DEBUG org.activiti.engine.impl.pvm.runtime.AtomicOperationActivityExecute  - ProcessInstance[a6eb0700-c6c9-11ed-aa5a-de215c025445] executes Activity(task1): org.activiti.engine.impl.bpmn.behavior.ManualTaskActivityBehavior
10:48:10,956 [pool-23-thread-3] DEBUG org.activiti.engine.impl.bpmn.behavior.BpmnActivityBehavior  - Leaving activity &apos;task1&apos;
10:48:10,955 [pool-23-thread-9] DEBUG org.activiti.engine.impl.db.DbSqlSession  - inserting: HistoricProcessInstanceEntity[superProcessInstanceId=null]
10:48:10,956 [pool-23-thread-9] DEBUG org.activiti.engine.impl.persistence.entity.HistoricProcessInstanceEntity.insertHistoricProcessInstance  - ==&gt;  Preparing: insert into ACT_HI_PROCINST ( ID_, PROC_INST_ID_, BUSINESS_KEY_, PROC_DEF_ID_, START_TIME_, END_TIME_, DURATION_, START_USER_ID_, START_ACT_ID_, END_ACT_ID_, SUPER_PROCESS_INSTANCE_ID_, DELETE_REASON_, TENANT_ID_, NAME_ ) values ( ?, ?, ?, ?, ?, ?, ?, ?, ?, ?, ?, ?, ?, ? ) 
10:48:10,955 [pool-23-thread-2] DEBUG org.activiti.engine.impl.persistence.entity.TaskEntity.selectTasksByExecutionId  - ==&gt; Parameters: a6e9f57b-c6c9-11ed-aa5a-de215c025445(String)
10:48:10,955 [pool-23-thread-5] DEBUG org.activiti.engine.impl.persistence.entity.TaskEntity.selectTasksByExecutionId  - ==&gt; Parameters: a6e9f57d-c6c9-11ed-aa5a-de215c025445(String)
10:48:10,955 [pool-23-thread-7] DEBUG org.activiti.engine.impl.persistence.entity.TaskEntity.selectTasksByExecutionId  - &lt;==      Total: 0
10:48:10,956 [pool-23-thread-7] DEBUG org.activiti.engine.impl.history.DefaultHistoryManager  - Current history level: AUDIT, level required: AUDIT
10:48:10,955 [pool-23-thread-10] DEBUG org.activiti.engine.impl.persistence.entity.TaskEntity.selectTasksByExecutionId  - ==&gt; Parameters: a6ea1c90-c6c9-11ed-aa5a-de215c025445(String)
10:48:10,955 [pool-23-thread-4] DEBUG org.activiti.engine.impl.history.DefaultHistoryManager  - Current history level: AUDIT, level required: ACTIVITY
10:48:10,956 [pool-23-thread-10] DEBUG org.activiti.engine.impl.persistence.entity.TaskEntity.selectTasksByExecutionId  - &lt;==      Total: 0
10:48:10,956 [pool-23-thread-10] DEBUG org.activiti.engine.impl.history.DefaultHistoryManager  - Current history level: AUDIT, level required: AUDIT
10:48:10,956 [pool-23-thread-7] DEBUG org.activiti.engine.impl.history.DefaultHistoryManager  - Current history level: AUDIT, level required: AUDIT
10:48:10,956 [pool-23-thread-7] DEBUG org.activiti.engine.impl.history.DefaultHistoryManager  - Current history level: AUDIT, level required: AUDIT
10:48:10,956 [pool-23-thread-5] DEBUG org.activiti.engine.impl.persistence.entity.TaskEntity.selectTasksByExecutionId  - &lt;==      Total: 0
10:48:10,956 [pool-23-thread-5] DEBUG org.activiti.engine.impl.history.DefaultHistoryManager  - Current history level: AUDIT, level required: AUDIT
10:48:10,956 [pool-23-thread-5] DEBUG org.activiti.engine.impl.history.DefaultHistoryManager  - Current history level: AUDIT, level required: AUDIT
10:48:10,956 [pool-23-thread-5] DEBUG org.activiti.engine.impl.history.DefaultHistoryManager  - Current history level: AUDIT, level required: AUDIT
10:48:10,956 [pool-23-thread-2] DEBUG org.activiti.engine.impl.persistence.entity.TaskEntity.selectTasksByExecutionId  - &lt;==      Total: 0
10:48:10,956 [pool-23-thread-2] DEBUG org.activiti.engine.impl.history.DefaultHistoryManager  - Current history level: AUDIT, level required: AUDIT
10:48:10,956 [pool-23-thread-2] DEBUG org.activiti.engine.impl.history.DefaultHistoryManager  - Current history level: AUDIT, level required: AUDIT
10:48:10,956 [pool-23-thread-2] DEBUG org.activiti.engine.impl.history.DefaultHistoryManager  - Current history level: AUDIT, level required: AUDIT
10:48:10,957 [pool-23-thread-2] DEBUG org.activiti.engine.impl.history.DefaultHistoryManager  - Current history level: AUDIT, level required: ACTIVITY
10:48:10,956 [pool-23-thread-9] DEBUG org.activiti.engine.impl.persistence.entity.HistoricProcessInstanceEntity.insertHistoricProcessInstance  - ==&gt; Parameters: a6e90b12-c6c9-11ed-aa5a-de215c025445(String), a6e90b12-c6c9-11ed-aa5a-de215c025445(String), null, simpleProcess:1:a6dcaf6e-c6c9-11ed-aa5a-de215c025445(String), 2001-01-01 01:23:46.0(Timestamp), null, null, null, theStart(String), null, null, null, (String), null
10:48:10,956 [pool-23-thread-3] DEBUG org.activiti.engine.impl.history.DefaultHistoryManager  - Current history level: AUDIT, level required: ACTIVITY
10:48:10,955 [pool-23-thread-1] DEBUG org.activiti.engine.impl.persistence.entity.JobEntity.selectJobsByExecutionId  - ==&gt; Parameters: a6eb7c37-c6c9-11ed-aa5a-de215c025445(String)
10:48:10,955 [pool-23-thread-8] DEBUG org.activiti.engine.impl.persistence.entity.JobEntity.selectJobsByExecutionId  - ==&gt;  Preparing: select * from ACT_RU_JOB J where J.EXECUTION_ID_ = ? 
10:48:10,955 [pool-23-thread-6] DEBUG org.activiti.engine.impl.bpmn.behavior.BpmnActivityBehavior  - Leaving activity &apos;task2&apos;
10:48:10,957 [pool-23-thread-8] DEBUG org.activiti.engine.impl.persistence.entity.JobEntity.selectJobsByExecutionId  - ==&gt; Parameters: a6eba34d-c6c9-11ed-aa5a-de215c025445(String)
10:48:10,957 [pool-23-thread-1] DEBUG org.activiti.engine.impl.persistence.entity.JobEntity.selectJobsByExecutionId  - &lt;==      Total: 0
10:48:10,957 [pool-23-thread-1] DEBUG org.activiti.engine.impl.bpmn.behavior.BpmnActivityBehavior  - Leaving activity &apos;theStart&apos;
10:48:10,957 [pool-23-thread-3] DEBUG org.activiti.engine.impl.pvm.runtime.AtomicOperationTransitionNotifyListenerTake  - ProcessInstance[a6eb0700-c6c9-11ed-aa5a-de215c025445] takes transition (task1)--flow2--&gt;(task2)
10:48:10,957 [pool-23-thread-9] DEBUG org.activiti.engine.impl.persistence.entity.HistoricProcessInstanceEntity.insertHistoricProcessInstance  - &lt;==    Updates: 1
10:48:10,957 [pool-23-thread-2] DEBUG org.activiti.engine.impl.db.DbSqlSession  -   insert ProcessInstance[a6e9f57b-c6c9-11ed-aa5a-de215c025445]
10:48:10,957 [pool-23-thread-2] DEBUG org.activiti.engine.impl.db.DbSqlSession  -   insert HistoricProcessInstanceEntity[superProcessInstanceId=null]
10:48:10,957 [pool-23-thread-2] DEBUG org.activiti.engine.impl.db.DbSqlSession  -   insert Task[id=a6ebca60-c6c9-11ed-aa5a-de215c025445, name=null]
10:48:10,957 [pool-23-thread-2] DEBUG org.activiti.engine.impl.db.DbSqlSession  -   insert HistoricTaskInstanceEntity[id=a6ebca60-c6c9-11ed-aa5a-de215c025445, name=null]
10:48:10,957 [pool-23-thread-2] DEBUG org.activiti.engine.impl.db.DbSqlSession  -   insert HistoricActivityInstanceEntity[activityId=theStart, activityName=null]
10:48:10,957 [pool-23-thread-2] DEBUG org.activiti.engine.impl.db.DbSqlSession  -   insert HistoricActivityInstanceEntity[activityId=task1, activityName=null]
10:48:10,957 [pool-23-thread-2] DEBUG org.activiti.engine.impl.db.DbSqlSession  -   insert HistoricActivityInstanceEntity[activityId=task2, activityName=null]
10:48:10,957 [pool-23-thread-2] DEBUG org.activiti.engine.impl.db.DbSqlSession  -   insert HistoricActivityInstanceEntity[activityId=task3, activityName=null]
10:48:10,957 [pool-23-thread-2] DEBUG org.activiti.engine.impl.db.DbSqlSession  -   insert HistoricActivityInstanceEntity[activityId=task4, activityName=null]
10:48:10,957 [pool-23-thread-2] DEBUG org.activiti.engine.impl.db.DbSqlSession  - flush summary: 9 insert, 0 update, 0 delete.
10:48:10,957 [pool-23-thread-2] DEBUG org.activiti.engine.impl.db.DbSqlSession  - now executing flush...
10:48:10,957 [pool-23-thread-2] DEBUG org.activiti.engine.impl.db.DbSqlSession  - inserting: HistoricTaskInstanceEntity[id=a6ebca60-c6c9-11ed-aa5a-de215c025445, name=null]
10:48:10,956 [pool-23-thread-5] DEBUG org.activiti.engine.impl.history.DefaultHistoryManager  - Current history level: AUDIT, level required: ACTIVITY
10:48:10,956 [pool-23-thread-7] DEBUG org.activiti.engine.impl.history.DefaultHistoryManager  - Current history level: AUDIT, level required: ACTIVITY
10:48:10,956 [pool-23-thread-10] DEBUG org.activiti.engine.impl.history.DefaultHistoryManager  - Current history level: AUDIT, level required: AUDIT
10:48:10,957 [pool-23-thread-10] DEBUG org.activiti.engine.impl.history.DefaultHistoryManager  - Current history level: AUDIT, level required: AUDIT
10:48:10,956 [pool-23-thread-4] DEBUG org.activiti.engine.impl.pvm.runtime.AtomicOperationActivityExecute  - ProcessInstance[a6e93223-c6c9-11ed-aa5a-de215c025445] executes Activity(task4): org.activiti.engine.impl.bpmn.behavior.UserTaskActivityBehavior
10:48:10,957 [pool-23-thread-10] DEBUG org.activiti.engine.impl.history.DefaultHistoryManager  - Current history level: AUDIT, level required: ACTIVITY
10:48:10,957 [pool-23-thread-7] DEBUG org.activiti.engine.impl.db.DbSqlSession  -   insert ProcessInstance[a6e9ce69-c6c9-11ed-aa5a-de215c025445]
10:48:10,958 [pool-23-thread-7] DEBUG org.activiti.engine.impl.db.DbSqlSession  -   insert HistoricProcessInstanceEntity[superProcessInstanceId=null]
10:48:10,958 [pool-23-thread-7] DEBUG org.activiti.engine.impl.db.DbSqlSession  -   insert Task[id=a6eba34a-c6c9-11ed-aa5a-de215c025445, name=null]
10:48:10,958 [pool-23-thread-7] DEBUG org.activiti.engine.impl.db.DbSqlSession  -   insert HistoricTaskInstanceEntity[id=a6eba34a-c6c9-11ed-aa5a-de215c025445, name=null]
10:48:10,958 [pool-23-thread-7] DEBUG org.activiti.engine.impl.db.DbSqlSession  -   insert HistoricActivityInstanceEntity[activityId=theStart, activityName=null]
10:48:10,958 [pool-23-thread-7] DEBUG org.activiti.engine.impl.db.DbSqlSession  -   insert HistoricActivityInstanceEntity[activityId=task1, activityName=null]
10:48:10,958 [pool-23-thread-7] DEBUG org.activiti.engine.impl.db.DbSqlSession  -   insert HistoricActivityInstanceEntity[activityId=task2, activityName=null]
10:48:10,958 [pool-23-thread-7] DEBUG org.activiti.engine.impl.db.DbSqlSession  -   insert HistoricActivityInstanceEntity[activityId=task3, activityName=null]
10:48:10,958 [pool-23-thread-7] DEBUG org.activiti.engine.impl.db.DbSqlSession  -   insert HistoricActivityInstanceEntity[activityId=task4, activityName=null]
10:48:10,958 [pool-23-thread-7] DEBUG org.activiti.engine.impl.db.DbSqlSession  - flush summary: 9 insert, 0 update, 0 delete.
10:48:10,958 [pool-23-thread-7] DEBUG org.activiti.engine.impl.db.DbSqlSession  - now executing flush...
10:48:10,958 [pool-23-thread-7] DEBUG org.activiti.engine.impl.db.DbSqlSession  - inserting: HistoricTaskInstanceEntity[id=a6eba34a-c6c9-11ed-aa5a-de215c025445, name=null]
10:48:10,957 [pool-23-thread-5] DEBUG org.activiti.engine.impl.db.DbSqlSession  -   insert ProcessInstance[a6e9f57d-c6c9-11ed-aa5a-de215c025445]
10:48:10,958 [pool-23-thread-5] DEBUG org.activiti.engine.impl.db.DbSqlSession  -   insert HistoricProcessInstanceEntity[superProcessInstanceId=null]
10:48:10,958 [pool-23-thread-5] DEBUG org.activiti.engine.impl.db.DbSqlSession  -   insert Task[id=a6ebca61-c6c9-11ed-aa5a-de215c025445, name=null]
10:48:10,958 [pool-23-thread-5] DEBUG org.activiti.engine.impl.db.DbSqlSession  -   insert HistoricTaskInstanceEntity[id=a6ebca61-c6c9-11ed-aa5a-de215c025445, name=null]
10:48:10,958 [pool-23-thread-5] DEBUG org.activiti.engine.impl.db.DbSqlSession  -   insert HistoricActivityInstanceEntity[activityId=theStart, activityName=null]
10:48:10,958 [pool-23-thread-5] DEBUG org.activiti.engine.impl.db.DbSqlSession  -   insert HistoricActivityInstanceEntity[activityId=task1, activityName=null]
10:48:10,958 [pool-23-thread-5] DEBUG org.activiti.engine.impl.db.DbSqlSession  -   insert HistoricActivityInstanceEntity[activityId=task2, activityName=null]
10:48:10,958 [pool-23-thread-5] DEBUG org.activiti.engine.impl.db.DbSqlSession  -   insert HistoricActivityInstanceEntity[activityId=task3, activityName=null]
10:48:10,958 [pool-23-thread-5] DEBUG org.activiti.engine.impl.db.DbSqlSession  -   insert HistoricActivityInstanceEntity[activityId=task4, activityName=null]
10:48:10,958 [pool-23-thread-5] DEBUG org.activiti.engine.impl.db.DbSqlSession  - flush summary: 9 insert, 0 update, 0 delete.
10:48:10,958 [pool-23-thread-5] DEBUG org.activiti.engine.impl.db.DbSqlSession  - now executing flush...
10:48:10,958 [pool-23-thread-5] DEBUG org.activiti.engine.impl.db.DbSqlSession  - inserting: HistoricTaskInstanceEntity[id=a6ebca61-c6c9-11ed-aa5a-de215c025445, name=null]
10:48:10,957 [pool-23-thread-2] DEBUG org.activiti.engine.impl.persistence.entity.HistoricTaskInstanceEntity.insertHistoricTaskInstance  - ==&gt;  Preparing: insert into ACT_HI_TASKINST ( ID_, PROC_DEF_ID_, PROC_INST_ID_, EXECUTION_ID_, NAME_, PARENT_TASK_ID_, DESCRIPTION_, OWNER_, ASSIGNEE_, START_TIME_, CLAIM_TIME_, END_TIME_, DURATION_, DELETE_REASON_, TASK_DEF_KEY_, FORM_KEY_, PRIORITY_, DUE_DATE_, CATEGORY_, TENANT_ID_ ) values ( ?, ?, ?, ?, ?, ?, ?, ?, ?, ?, ?, ?, ?, ?, ?, ?, ?, ?, ?, ? ) 
10:48:10,957 [pool-23-thread-9] DEBUG org.activiti.engine.impl.persistence.entity.HistoricActivityInstanceEntity.bulkInsertHistoricActivityInstance  - ==&gt;  Preparing: insert into ACT_HI_ACTINST ( ID_, PROC_DEF_ID_, PROC_INST_ID_, EXECUTION_ID_, ACT_ID_, TASK_ID_, CALL_PROC_INST_ID_, ACT_NAME_, ACT_TYPE_, ASSIGNEE_, START_TIME_, END_TIME_, DURATION_, TENANT_ID_ ) values (?, ?, ?, ?, ?, ?, ?, ?, ?, ?, ?, ?, ?, ?) , (?, ?, ?, ?, ?, ?, ?, ?, ?, ?, ?, ?, ?, ?) , (?, ?, ?, ?, ?, ?, ?, ?, ?, ?, ?, ?, ?, ?) , (?, ?, ?, ?, ?, ?, ?, ?, ?, ?, ?, ?, ?, ?) , (?, ?, ?, ?, ?, ?, ?, ?, ?, ?, ?, ?, ?, ?) 
10:48:10,958 [pool-23-thread-2] DEBUG org.activiti.engine.impl.persistence.entity.HistoricTaskInstanceEntity.insertHistoricTaskInstance  - ==&gt; Parameters: a6ebca60-c6c9-11ed-aa5a-de215c025445(String), simpleProcess:1:a6dcaf6e-c6c9-11ed-aa5a-de215c025445(String), a6e9f57b-c6c9-11ed-aa5a-de215c025445(String), a6e9f57b-c6c9-11ed-aa5a-de215c025445(String), null, null, null, null, null, 2001-01-01 01:23:46.0(Timestamp), null, null, null, null, task4(String), null, 50(Integer), null, null, (String)
10:48:10,957 [pool-23-thread-3] DEBUG org.activiti.engine.impl.history.DefaultHistoryManager  - Current history level: AUDIT, level required: ACTIVITY
10:48:10,957 [pool-23-thread-1] DEBUG org.activiti.engine.impl.history.DefaultHistoryManager  - Current history level: AUDIT, level required: ACTIVITY
10:48:10,957 [pool-23-thread-8] DEBUG org.activiti.engine.impl.persistence.entity.JobEntity.selectJobsByExecutionId  - &lt;==      Total: 0
10:48:10,958 [pool-23-thread-8] DEBUG org.activiti.engine.impl.bpmn.behavior.BpmnActivityBehavior  - Leaving activity &apos;theStart&apos;
10:48:10,957 [pool-23-thread-6] DEBUG org.activiti.engine.impl.history.DefaultHistoryManager  - Current history level: AUDIT, level required: ACTIVITY
10:48:10,958 [pool-23-thread-8] DEBUG org.activiti.engine.impl.history.DefaultHistoryManager  - Current history level: AUDIT, level required: ACTIVITY
10:48:10,958 [pool-23-thread-1] DEBUG org.activiti.engine.impl.pvm.runtime.AtomicOperationTransitionNotifyListenerTake  - ProcessInstance[a6eb7c37-c6c9-11ed-aa5a-de215c025445] takes transition (theStart)--flow1--&gt;(task1)
10:48:10,958 [pool-23-thread-9] DEBUG org.activiti.engine.impl.persistence.entity.HistoricActivityInstanceEntity.bulkInsertHistoricActivityInstance  - ==&gt; Parameters: a6e93225-c6c9-11ed-aa5a-de215c025445(String), simpleProcess:1:a6dcaf6e-c6c9-11ed-aa5a-de215c025445(String), a6e90b12-c6c9-11ed-aa5a-de215c025445(String), a6e90b12-c6c9-11ed-aa5a-de215c025445(String), theStart(String), null, null, null, startEvent(String), null, 2001-01-01 01:23:46.0(Timestamp), 2001-01-01 01:23:46.0(Timestamp), 0(Long), (String), a6e9f57a-c6c9-11ed-aa5a-de215c025445(String), simpleProcess:1:a6dcaf6e-c6c9-11ed-aa5a-de215c025445(String), a6e90b12-c6c9-11ed-aa5a-de215c025445(String), a6e90b12-c6c9-11ed-aa5a-de215c025445(String), task1(String), null, null, null, manualTask(String), null, 2001-01-01 01:23:46.0(Timestamp), 2001-01-01 01:23:46.0(Timestamp), 0(Long), (String), a6ea43a1-c6c9-11ed-aa5a-de215c025445(String), simpleProcess:1:a6dcaf6e-c6c9-11ed-aa5a-de215c025445(String), a6e90b12-c6c9-11ed-aa5a-de215c025445(String), a6e90b12-c6c9-11ed-aa5a-de215c025445(String), task2(String), null, null, null, manualTask(String), null, 2001-01-01 01:23:46.0(Timestamp), 2001-01-01 01:23:46.0(Timestamp), 0(Long), (String), a6ea91c7-c6c9-11ed-aa5a-de215c025445(String), simpleProcess:1:a6dcaf6e-c6c9-11ed-aa5a-de215c025445(String), a6e90b12-c6c9-11ed-aa5a-de215c025445(String), a6e90b12-c6c9-11ed-aa5a-de215c025445(String), task3(String), null, null, null, manualTask(String), null, 2001-01-01 01:23:46.0(Timestamp), 2001-01-01 01:23:46.0(Timestamp), 0(Long), (String), a6eadfee-c6c9-11ed-aa5a-de215c025445(String), simpleProcess:1:a6dcaf6e-c6c9-11ed-aa5a-de215c025445(String), a6e90b12-c6c9-11ed-aa5a-de215c025445(String), a6e90b12-c6c9-11ed-aa5a-de215c025445(String), task4(String), a6eb06ff-c6c9-11ed-aa5a-de215c025445(String), null, null, userTask(String), null, 2001-01-01 01:23:46.0(Timestamp), null, null, (String)
10:48:10,958 [pool-23-thread-3] DEBUG org.activiti.engine.impl.pvm.runtime.AtomicOperationActivityExecute  - ProcessInstance[a6eb0700-c6c9-11ed-aa5a-de215c025445] executes Activity(task2): org.activiti.engine.impl.bpmn.behavior.ManualTaskActivityBehavior
10:48:10,959 [pool-23-thread-3] DEBUG org.activiti.engine.impl.bpmn.behavior.BpmnActivityBehavior  - Leaving activity &apos;task2&apos;
10:48:10,958 [pool-23-thread-2] DEBUG org.activiti.engine.impl.persistence.entity.HistoricTaskInstanceEntity.insertHistoricTaskInstance  - &lt;==    Updates: 1
10:48:10,959 [pool-23-thread-2] DEBUG org.activiti.engine.impl.db.DbSqlSession  - inserting: HistoricProcessInstanceEntity[superProcessInstanceId=null]
10:48:10,958 [pool-23-thread-5] DEBUG org.activiti.engine.impl.persistence.entity.HistoricTaskInstanceEntity.insertHistoricTaskInstance  - ==&gt;  Preparing: insert into ACT_HI_TASKINST ( ID_, PROC_DEF_ID_, PROC_INST_ID_, EXECUTION_ID_, NAME_, PARENT_TASK_ID_, DESCRIPTION_, OWNER_, ASSIGNEE_, START_TIME_, CLAIM_TIME_, END_TIME_, DURATION_, DELETE_REASON_, TASK_DEF_KEY_, FORM_KEY_, PRIORITY_, DUE_DATE_, CATEGORY_, TENANT_ID_ ) values ( ?, ?, ?, ?, ?, ?, ?, ?, ?, ?, ?, ?, ?, ?, ?, ?, ?, ?, ?, ? ) 
10:48:10,958 [pool-23-thread-7] DEBUG org.activiti.engine.impl.persistence.entity.HistoricTaskInstanceEntity.insertHistoricTaskInstance  - ==&gt;  Preparing: insert into ACT_HI_TASKINST ( ID_, PROC_DEF_ID_, PROC_INST_ID_, EXECUTION_ID_, NAME_, PARENT_TASK_ID_, DESCRIPTION_, OWNER_, ASSIGNEE_, START_TIME_, CLAIM_TIME_, END_TIME_, DURATION_, DELETE_REASON_, TASK_DEF_KEY_, FORM_KEY_, PRIORITY_, DUE_DATE_, CATEGORY_, TENANT_ID_ ) values ( ?, ?, ?, ?, ?, ?, ?, ?, ?, ?, ?, ?, ?, ?, ?, ?, ?, ?, ?, ? ) 
10:48:10,958 [pool-23-thread-10] DEBUG org.activiti.engine.impl.db.DbSqlSession  -   insert ProcessInstance[a6ea1c90-c6c9-11ed-aa5a-de215c025445]
10:48:10,959 [pool-23-thread-10] DEBUG org.activiti.engine.impl.db.DbSqlSession  -   insert HistoricProcessInstanceEntity[superProcessInstanceId=null]
10:48:10,959 [pool-23-thread-10] DEBUG org.activiti.engine.impl.db.DbSqlSession  -   insert Task[id=a6ebca62-c6c9-11ed-aa5a-de215c025445, name=null]
10:48:10,959 [pool-23-thread-10] DEBUG org.activiti.engine.impl.db.DbSqlSession  -   insert HistoricTaskInstanceEntity[id=a6ebca62-c6c9-11ed-aa5a-de215c025445, name=null]
10:48:10,959 [pool-23-thread-10] DEBUG org.activiti.engine.impl.db.DbSqlSession  -   insert HistoricActivityInstanceEntity[activityId=theStart, activityName=null]
10:48:10,959 [pool-23-thread-10] DEBUG org.activiti.engine.impl.db.DbSqlSession  -   insert HistoricActivityInstanceEntity[activityId=task1, activityName=null]
10:48:10,959 [pool-23-thread-10] DEBUG org.activiti.engine.impl.db.DbSqlSession  -   insert HistoricActivityInstanceEntity[activityId=task2, activityName=null]
10:48:10,959 [pool-23-thread-10] DEBUG org.activiti.engine.impl.db.DbSqlSession  -   insert HistoricActivityInstanceEntity[activityId=task3, activityName=null]
10:48:10,959 [pool-23-thread-10] DEBUG org.activiti.engine.impl.db.DbSqlSession  -   insert HistoricActivityInstanceEntity[activityId=task4, activityName=null]
10:48:10,959 [pool-23-thread-10] DEBUG org.activiti.engine.impl.db.DbSqlSession  - flush summary: 9 insert, 0 update, 0 delete.
10:48:10,959 [pool-23-thread-10] DEBUG org.activiti.engine.impl.db.DbSqlSession  - now executing flush...
10:48:10,959 [pool-23-thread-10] DEBUG org.activiti.engine.impl.db.DbSqlSession  - inserting: HistoricTaskInstanceEntity[id=a6ebca62-c6c9-11ed-aa5a-de215c025445, name=null]
10:48:10,958 [pool-23-thread-4] DEBUG org.activiti.engine.impl.persistence.entity.TaskEntity.selectTasksByExecutionId  - ==&gt;  Preparing: select distinct T.* from ACT_RU_TASK T where T.EXECUTION_ID_ = ? 
10:48:10,959 [pool-23-thread-10] DEBUG org.activiti.engine.impl.persistence.entity.HistoricTaskInstanceEntity.insertHistoricTaskInstance  - ==&gt;  Preparing: insert into ACT_HI_TASKINST ( ID_, PROC_DEF_ID_, PROC_INST_ID_, EXECUTION_ID_, NAME_, PARENT_TASK_ID_, DESCRIPTION_, OWNER_, ASSIGNEE_, START_TIME_, CLAIM_TIME_, END_TIME_, DURATION_, DELETE_REASON_, TASK_DEF_KEY_, FORM_KEY_, PRIORITY_, DUE_DATE_, CATEGORY_, TENANT_ID_ ) values ( ?, ?, ?, ?, ?, ?, ?, ?, ?, ?, ?, ?, ?, ?, ?, ?, ?, ?, ?, ? ) 
10:48:10,959 [pool-23-thread-4] DEBUG org.activiti.engine.impl.persistence.entity.TaskEntity.selectTasksByExecutionId  - ==&gt; Parameters: a6e93223-c6c9-11ed-aa5a-de215c025445(String)
10:48:10,959 [pool-23-thread-7] DEBUG org.activiti.engine.impl.persistence.entity.HistoricTaskInstanceEntity.insertHistoricTaskInstance  - ==&gt; Parameters: a6eba34a-c6c9-11ed-aa5a-de215c025445(String), simpleProcess:1:a6dcaf6e-c6c9-11ed-aa5a-de215c025445(String), a6e9ce69-c6c9-11ed-aa5a-de215c025445(String), a6e9ce69-c6c9-11ed-aa5a-de215c025445(String), null, null, null, null, null, 2001-01-01 01:23:46.0(Timestamp), null, null, null, null, task4(String), null, 50(Integer), null, null, (String)
10:48:10,959 [pool-23-thread-5] DEBUG org.activiti.engine.impl.persistence.entity.HistoricTaskInstanceEntity.insertHistoricTaskInstance  - ==&gt; Parameters: a6ebca61-c6c9-11ed-aa5a-de215c025445(String), simpleProcess:1:a6dcaf6e-c6c9-11ed-aa5a-de215c025445(String), a6e9f57d-c6c9-11ed-aa5a-de215c025445(String), a6e9f57d-c6c9-11ed-aa5a-de215c025445(String), null, null, null, null, null, 2001-01-01 01:23:46.0(Timestamp), null, null, null, null, task4(String), null, 50(Integer), null, null, (String)
10:48:10,959 [pool-23-thread-2] DEBUG org.activiti.engine.impl.persistence.entity.HistoricProcessInstanceEntity.insertHistoricProcessInstance  - ==&gt;  Preparing: insert into ACT_HI_PROCINST ( ID_, PROC_INST_ID_, BUSINESS_KEY_, PROC_DEF_ID_, START_TIME_, END_TIME_, DURATION_, START_USER_ID_, START_ACT_ID_, END_ACT_ID_, SUPER_PROCESS_INSTANCE_ID_, DELETE_REASON_, TENANT_ID_, NAME_ ) values ( ?, ?, ?, ?, ?, ?, ?, ?, ?, ?, ?, ?, ?, ? ) 
10:48:10,959 [pool-23-thread-3] DEBUG org.activiti.engine.impl.history.DefaultHistoryManager  - Current history level: AUDIT, level required: ACTIVITY
10:48:10,959 [pool-23-thread-9] DEBUG org.activiti.engine.impl.persistence.entity.HistoricActivityInstanceEntity.bulkInsertHistoricActivityInstance  - &lt;==    Updates: 5
10:48:10,959 [pool-23-thread-9] DEBUG org.activiti.engine.impl.db.DbSqlSession  - inserting: ProcessInstance[a6e90b12-c6c9-11ed-aa5a-de215c025445]
10:48:10,959 [pool-23-thread-1] DEBUG org.activiti.engine.impl.history.DefaultHistoryManager  - Current history level: AUDIT, level required: ACTIVITY
10:48:10,959 [pool-23-thread-8] DEBUG org.activiti.engine.impl.pvm.runtime.AtomicOperationTransitionNotifyListenerTake  - ProcessInstance[a6eba34d-c6c9-11ed-aa5a-de215c025445] takes transition (theStart)--flow1--&gt;(task1)
10:48:10,958 [pool-23-thread-6] DEBUG org.activiti.engine.impl.pvm.runtime.AtomicOperationTransitionNotifyListenerTake  - ProcessInstance[a6e93224-c6c9-11ed-aa5a-de215c025445] takes transition (task2)--flow3--&gt;(task3)
10:48:10,960 [pool-23-thread-8] DEBUG org.activiti.engine.impl.history.DefaultHistoryManager  - Current history level: AUDIT, level required: ACTIVITY
10:48:10,960 [pool-23-thread-1] DEBUG org.activiti.engine.impl.pvm.runtime.AtomicOperationActivityExecute  - ProcessInstance[a6eb7c37-c6c9-11ed-aa5a-de215c025445] executes Activity(task1): org.activiti.engine.impl.bpmn.behavior.ManualTaskActivityBehavior
10:48:10,960 [pool-23-thread-9] DEBUG org.activiti.engine.impl.persistence.entity.ExecutionEntity.insertExecution  - ==&gt;  Preparing: insert into ACT_RU_EXECUTION (ID_, REV_, PROC_INST_ID_, BUSINESS_KEY_, PROC_DEF_ID_, ACT_ID_, IS_ACTIVE_, IS_CONCURRENT_, IS_SCOPE_,IS_EVENT_SCOPE_, PARENT_ID_, SUPER_EXEC_, SUSPENSION_STATE_, CACHED_ENT_STATE_, TENANT_ID_, NAME_) values ( ?, 1, ?, ?, ?, ?, ?, ?, ?, ?, ?, ?, ?, ?, ?, ? ) 
10:48:10,959 [pool-23-thread-3] DEBUG org.activiti.engine.impl.pvm.runtime.AtomicOperationTransitionNotifyListenerTake  - ProcessInstance[a6eb0700-c6c9-11ed-aa5a-de215c025445] takes transition (task2)--flow3--&gt;(task3)
10:48:10,959 [pool-23-thread-2] DEBUG org.activiti.engine.impl.persistence.entity.HistoricProcessInstanceEntity.insertHistoricProcessInstance  - ==&gt; Parameters: a6e9f57b-c6c9-11ed-aa5a-de215c025445(String), a6e9f57b-c6c9-11ed-aa5a-de215c025445(String), null, simpleProcess:1:a6dcaf6e-c6c9-11ed-aa5a-de215c025445(String), 2001-01-01 01:23:46.0(Timestamp), null, null, null, theStart(String), null, null, null, (String), null
10:48:10,959 [pool-23-thread-5] DEBUG org.activiti.engine.impl.persistence.entity.HistoricTaskInstanceEntity.insertHistoricTaskInstance  - &lt;==    Updates: 1
10:48:10,960 [pool-23-thread-5] DEBUG org.activiti.engine.impl.db.DbSqlSession  - inserting: HistoricProcessInstanceEntity[superProcessInstanceId=null]
10:48:10,959 [pool-23-thread-7] DEBUG org.activiti.engine.impl.persistence.entity.HistoricTaskInstanceEntity.insertHistoricTaskInstance  - &lt;==    Updates: 1
10:48:10,960 [pool-23-thread-7] DEBUG org.activiti.engine.impl.db.DbSqlSession  - inserting: HistoricProcessInstanceEntity[superProcessInstanceId=null]
10:48:10,959 [pool-23-thread-4] DEBUG org.activiti.engine.impl.persistence.entity.TaskEntity.selectTasksByExecutionId  - &lt;==      Total: 0
10:48:10,960 [pool-23-thread-4] DEBUG org.activiti.engine.impl.history.DefaultHistoryManager  - Current history level: AUDIT, level required: AUDIT
10:48:10,959 [pool-23-thread-10] DEBUG org.activiti.engine.impl.persistence.entity.HistoricTaskInstanceEntity.insertHistoricTaskInstance  - ==&gt; Parameters: a6ebca62-c6c9-11ed-aa5a-de215c025445(String), simpleProcess:1:a6dcaf6e-c6c9-11ed-aa5a-de215c025445(String), a6ea1c90-c6c9-11ed-aa5a-de215c025445(String), a6ea1c90-c6c9-11ed-aa5a-de215c025445(String), null, null, null, null, null, 2001-01-01 01:23:46.0(Timestamp), null, null, null, null, task4(String), null, 50(Integer), null, null, (String)
10:48:10,960 [pool-23-thread-4] DEBUG org.activiti.engine.impl.history.DefaultHistoryManager  - Current history level: AUDIT, level required: AUDIT
10:48:10,960 [pool-23-thread-4] DEBUG org.activiti.engine.impl.history.DefaultHistoryManager  - Current history level: AUDIT, level required: AUDIT
10:48:10,960 [pool-23-thread-7] DEBUG org.activiti.engine.impl.persistence.entity.HistoricProcessInstanceEntity.insertHistoricProcessInstance  - ==&gt;  Preparing: insert into ACT_HI_PROCINST ( ID_, PROC_INST_ID_, BUSINESS_KEY_, PROC_DEF_ID_, START_TIME_, END_TIME_, DURATION_, START_USER_ID_, START_ACT_ID_, END_ACT_ID_, SUPER_PROCESS_INSTANCE_ID_, DELETE_REASON_, TENANT_ID_, NAME_ ) values ( ?, ?, ?, ?, ?, ?, ?, ?, ?, ?, ?, ?, ?, ? ) 
10:48:10,960 [pool-23-thread-5] DEBUG org.activiti.engine.impl.persistence.entity.HistoricProcessInstanceEntity.insertHistoricProcessInstance  - ==&gt;  Preparing: insert into ACT_HI_PROCINST ( ID_, PROC_INST_ID_, BUSINESS_KEY_, PROC_DEF_ID_, START_TIME_, END_TIME_, DURATION_, START_USER_ID_, START_ACT_ID_, END_ACT_ID_, SUPER_PROCESS_INSTANCE_ID_, DELETE_REASON_, TENANT_ID_, NAME_ ) values ( ?, ?, ?, ?, ?, ?, ?, ?, ?, ?, ?, ?, ?, ? ) 
10:48:10,960 [pool-23-thread-2] DEBUG org.activiti.engine.impl.persistence.entity.HistoricProcessInstanceEntity.insertHistoricProcessInstance  - &lt;==    Updates: 1
10:48:10,960 [pool-23-thread-3] DEBUG org.activiti.engine.impl.history.DefaultHistoryManager  - Current history level: AUDIT, level required: ACTIVITY
10:48:10,960 [pool-23-thread-9] DEBUG org.activiti.engine.impl.persistence.entity.ExecutionEntity.insertExecution  - ==&gt; Parameters: a6e90b12-c6c9-11ed-aa5a-de215c025445(String), a6e90b12-c6c9-11ed-aa5a-de215c025445(String), null, simpleProcess:1:a6dcaf6e-c6c9-11ed-aa5a-de215c025445(String), task4(String), true(Boolean), false(Boolean), true(Boolean), false(Boolean), null, null, 1(Integer), 2(Integer), (String), null
10:48:10,960 [pool-23-thread-1] DEBUG org.activiti.engine.impl.bpmn.behavior.BpmnActivityBehavior  - Leaving activity &apos;task1&apos;
10:48:10,961 [pool-23-thread-2] DEBUG org.activiti.engine.impl.persistence.entity.HistoricActivityInstanceEntity.bulkInsertHistoricActivityInstance  - ==&gt;  Preparing: insert into ACT_HI_ACTINST ( ID_, PROC_DEF_ID_, PROC_INST_ID_, EXECUTION_ID_, ACT_ID_, TASK_ID_, CALL_PROC_INST_ID_, ACT_NAME_, ACT_TYPE_, ASSIGNEE_, START_TIME_, END_TIME_, DURATION_, TENANT_ID_ ) values (?, ?, ?, ?, ?, ?, ?, ?, ?, ?, ?, ?, ?, ?) , (?, ?, ?, ?, ?, ?, ?, ?, ?, ?, ?, ?, ?, ?) , (?, ?, ?, ?, ?, ?, ?, ?, ?, ?, ?, ?, ?, ?) , (?, ?, ?, ?, ?, ?, ?, ?, ?, ?, ?, ?, ?, ?) , (?, ?, ?, ?, ?, ?, ?, ?, ?, ?, ?, ?, ?, ?) 
10:48:10,960 [pool-23-thread-8] DEBUG org.activiti.engine.impl.pvm.runtime.AtomicOperationActivityExecute  - ProcessInstance[a6eba34d-c6c9-11ed-aa5a-de215c025445] executes Activity(task1): org.activiti.engine.impl.bpmn.behavior.ManualTaskActivityBehavior
10:48:10,960 [pool-23-thread-6] DEBUG org.activiti.engine.impl.history.DefaultHistoryManager  - Current history level: AUDIT, level required: ACTIVITY
10:48:10,961 [pool-23-thread-2] DEBUG org.activiti.engine.impl.persistence.entity.HistoricActivityInstanceEntity.bulkInsertHistoricActivityInstance  - ==&gt; Parameters: a6ea1c8e-c6c9-11ed-aa5a-de215c025445(String), simpleProcess:1:a6dcaf6e-c6c9-11ed-aa5a-de215c025445(String), a6e9f57b-c6c9-11ed-aa5a-de215c025445(String), a6e9f57b-c6c9-11ed-aa5a-de215c025445(String), theStart(String), null, null, null, startEvent(String), null, 2001-01-01 01:23:46.0(Timestamp), 2001-01-01 01:23:46.0(Timestamp), 0(Long), (String), a6ea91c6-c6c9-11ed-aa5a-de215c025445(String), simpleProcess:1:a6dcaf6e-c6c9-11ed-aa5a-de215c025445(String), a6e9f57b-c6c9-11ed-aa5a-de215c025445(String), a6e9f57b-c6c9-11ed-aa5a-de215c025445(String), task1(String), null, null, null, manualTask(String), null, 2001-01-01 01:23:46.0(Timestamp), 2001-01-01 01:23:46.0(Timestamp), 0(Long), (String), a6eadfed-c6c9-11ed-aa5a-de215c025445(String), simpleProcess:1:a6dcaf6e-c6c9-11ed-aa5a-de215c025445(String), a6e9f57b-c6c9-11ed-aa5a-de215c025445(String), a6e9f57b-c6c9-11ed-aa5a-de215c025445(String), task2(String), null, null, null, manualTask(String), null, 2001-01-01 01:23:46.0(Timestamp), 2001-01-01 01:23:46.0(Timestamp), 0(Long), (String), a6eb5525-c6c9-11ed-aa5a-de215c025445(String), simpleProcess:1:a6dcaf6e-c6c9-11ed-aa5a-de215c025445(String), a6e9f57b-c6c9-11ed-aa5a-de215c025445(String), a6e9f57b-c6c9-11ed-aa5a-de215c025445(String), task3(String), null, null, null, manualTask(String), null, 2001-01-01 01:23:46.0(Timestamp), 2001-01-01 01:23:46.0(Timestamp), 0(Long), (String), a6eba34c-c6c9-11ed-aa5a-de215c025445(String), simpleProcess:1:a6dcaf6e-c6c9-11ed-aa5a-de215c025445(String), a6e9f57b-c6c9-11ed-aa5a-de215c025445(String), a6e9f57b-c6c9-11ed-aa5a-de215c025445(String), task4(String), a6ebca60-c6c9-11ed-aa5a-de215c025445(String), null, null, userTask(String), null, 2001-01-01 01:23:46.0(Timestamp), null, null, (String)
10:48:10,961 [pool-23-thread-8] DEBUG org.activiti.engine.impl.bpmn.behavior.BpmnActivityBehavior  - Leaving activity &apos;task1&apos;
10:48:10,961 [pool-23-thread-8] DEBUG org.activiti.engine.impl.history.DefaultHistoryManager  - Current history level: AUDIT, level required: ACTIVITY
10:48:10,961 [pool-23-thread-1] DEBUG org.activiti.engine.impl.history.DefaultHistoryManager  - Current history level: AUDIT, level required: ACTIVITY
10:48:10,960 [pool-23-thread-9] DEBUG org.activiti.engine.impl.persistence.entity.ExecutionEntity.insertExecution  - &lt;==    Updates: 1
10:48:10,960 [pool-23-thread-3] DEBUG org.activiti.engine.impl.pvm.runtime.AtomicOperationActivityExecute  - ProcessInstance[a6eb0700-c6c9-11ed-aa5a-de215c025445] executes Activity(task3): org.activiti.engine.impl.bpmn.behavior.ManualTaskActivityBehavior
10:48:10,960 [pool-23-thread-5] DEBUG org.activiti.engine.impl.persistence.entity.HistoricProcessInstanceEntity.insertHistoricProcessInstance  - ==&gt; Parameters: a6e9f57d-c6c9-11ed-aa5a-de215c025445(String), a6e9f57d-c6c9-11ed-aa5a-de215c025445(String), null, simpleProcess:1:a6dcaf6e-c6c9-11ed-aa5a-de215c025445(String), 2001-01-01 01:23:46.0(Timestamp), null, null, null, theStart(String), null, null, null, (String), null
10:48:10,960 [pool-23-thread-7] DEBUG org.activiti.engine.impl.persistence.entity.HistoricProcessInstanceEntity.insertHistoricProcessInstance  - ==&gt; Parameters: a6e9ce69-c6c9-11ed-aa5a-de215c025445(String), a6e9ce69-c6c9-11ed-aa5a-de215c025445(String), null, simpleProcess:1:a6dcaf6e-c6c9-11ed-aa5a-de215c025445(String), 2001-01-01 01:23:46.0(Timestamp), null, null, null, theStart(String), null, null, null, (String), null
10:48:10,960 [pool-23-thread-4] DEBUG org.activiti.engine.impl.history.DefaultHistoryManager  - Current history level: AUDIT, level required: ACTIVITY
10:48:10,960 [pool-23-thread-10] DEBUG org.activiti.engine.impl.persistence.entity.HistoricTaskInstanceEntity.insertHistoricTaskInstance  - &lt;==    Updates: 1
10:48:10,961 [pool-23-thread-10] DEBUG org.activiti.engine.impl.db.DbSqlSession  - inserting: HistoricProcessInstanceEntity[superProcessInstanceId=null]
10:48:10,961 [pool-23-thread-4] DEBUG org.activiti.engine.impl.db.DbSqlSession  -   insert ProcessInstance[a6e93223-c6c9-11ed-aa5a-de215c025445]
10:48:10,961 [pool-23-thread-4] DEBUG org.activiti.engine.impl.db.DbSqlSession  -   insert HistoricProcessInstanceEntity[superProcessInstanceId=null]
10:48:10,962 [pool-23-thread-4] DEBUG org.activiti.engine.impl.db.DbSqlSession  -   insert Task[id=a6ec3f96-c6c9-11ed-aa5a-de215c025445, name=null]
10:48:10,962 [pool-23-thread-4] DEBUG org.activiti.engine.impl.db.DbSqlSession  -   insert HistoricTaskInstanceEntity[id=a6ec3f96-c6c9-11ed-aa5a-de215c025445, name=null]
10:48:10,962 [pool-23-thread-4] DEBUG org.activiti.engine.impl.db.DbSqlSession  -   insert HistoricActivityInstanceEntity[activityId=theStart, activityName=null]
10:48:10,962 [pool-23-thread-4] DEBUG org.activiti.engine.impl.db.DbSqlSession  -   insert HistoricActivityInstanceEntity[activityId=task1, activityName=null]
10:48:10,962 [pool-23-thread-4] DEBUG org.activiti.engine.impl.db.DbSqlSession  -   insert HistoricActivityInstanceEntity[activityId=task2, activityName=null]
10:48:10,962 [pool-23-thread-4] DEBUG org.activiti.engine.impl.db.DbSqlSession  -   insert HistoricActivityInstanceEntity[activityId=task3, activityName=null]
10:48:10,962 [pool-23-thread-4] DEBUG org.activiti.engine.impl.db.DbSqlSession  -   insert HistoricActivityInstanceEntity[activityId=task4, activityName=null]
10:48:10,962 [pool-23-thread-4] DEBUG org.activiti.engine.impl.db.DbSqlSession  - flush summary: 9 insert, 0 update, 0 delete.
10:48:10,962 [pool-23-thread-4] DEBUG org.activiti.engine.impl.db.DbSqlSession  - now executing flush...
10:48:10,962 [pool-23-thread-4] DEBUG org.activiti.engine.impl.db.DbSqlSession  - inserting: HistoricTaskInstanceEntity[id=a6ec3f96-c6c9-11ed-aa5a-de215c025445, name=null]
10:48:10,961 [pool-23-thread-7] DEBUG org.activiti.engine.impl.persistence.entity.HistoricProcessInstanceEntity.insertHistoricProcessInstance  - &lt;==    Updates: 1
10:48:10,961 [pool-23-thread-5] DEBUG org.activiti.engine.impl.persistence.entity.HistoricProcessInstanceEntity.insertHistoricProcessInstance  - &lt;==    Updates: 1
10:48:10,961 [pool-23-thread-3] DEBUG org.activiti.engine.impl.bpmn.behavior.BpmnActivityBehavior  - Leaving activity &apos;task3&apos;
10:48:10,962 [pool-23-thread-3] DEBUG org.activiti.engine.impl.history.DefaultHistoryManager  - Current history level: AUDIT, level required: ACTIVITY
10:48:10,961 [pool-23-thread-9] DEBUG org.activiti.engine.impl.db.DbSqlSession  - inserting: Task[id=a6eb06ff-c6c9-11ed-aa5a-de215c025445, name=null]
10:48:10,961 [pool-23-thread-1] DEBUG org.activiti.engine.impl.pvm.runtime.AtomicOperationTransitionNotifyListenerTake  - ProcessInstance[a6eb7c37-c6c9-11ed-aa5a-de215c025445] takes transition (task1)--flow2--&gt;(task2)
10:48:10,961 [pool-23-thread-8] DEBUG org.activiti.engine.impl.pvm.runtime.AtomicOperationTransitionNotifyListenerTake  - ProcessInstance[a6eba34d-c6c9-11ed-aa5a-de215c025445] takes transition (task1)--flow2--&gt;(task2)
10:48:10,962 [pool-23-thread-8] DEBUG org.activiti.engine.impl.history.DefaultHistoryManager  - Current history level: AUDIT, level required: ACTIVITY
10:48:10,961 [pool-23-thread-2] DEBUG org.activiti.engine.impl.persistence.entity.HistoricActivityInstanceEntity.bulkInsertHistoricActivityInstance  - &lt;==    Updates: 5
10:48:10,962 [pool-23-thread-2] DEBUG org.activiti.engine.impl.db.DbSqlSession  - inserting: ProcessInstance[a6e9f57b-c6c9-11ed-aa5a-de215c025445]
10:48:10,961 [pool-23-thread-6] DEBUG org.activiti.engine.impl.pvm.runtime.AtomicOperationActivityExecute  - ProcessInstance[a6e93224-c6c9-11ed-aa5a-de215c025445] executes Activity(task3): org.activiti.engine.impl.bpmn.behavior.ManualTaskActivityBehavior
10:48:10,962 [pool-23-thread-2] DEBUG org.activiti.engine.impl.persistence.entity.ExecutionEntity.insertExecution  - ==&gt;  Preparing: insert into ACT_RU_EXECUTION (ID_, REV_, PROC_INST_ID_, BUSINESS_KEY_, PROC_DEF_ID_, ACT_ID_, IS_ACTIVE_, IS_CONCURRENT_, IS_SCOPE_,IS_EVENT_SCOPE_, PARENT_ID_, SUPER_EXEC_, SUSPENSION_STATE_, CACHED_ENT_STATE_, TENANT_ID_, NAME_) values ( ?, 1, ?, ?, ?, ?, ?, ?, ?, ?, ?, ?, ?, ?, ?, ? ) 
10:48:10,962 [pool-23-thread-8] DEBUG org.activiti.engine.impl.pvm.runtime.AtomicOperationActivityExecute  - ProcessInstance[a6eba34d-c6c9-11ed-aa5a-de215c025445] executes Activity(task2): org.activiti.engine.impl.bpmn.behavior.ManualTaskActivityBehavior
10:48:10,963 [pool-23-thread-8] DEBUG org.activiti.engine.impl.bpmn.behavior.BpmnActivityBehavior  - Leaving activity &apos;task2&apos;
10:48:10,962 [pool-23-thread-5] DEBUG org.activiti.engine.impl.persistence.entity.HistoricActivityInstanceEntity.bulkInsertHistoricActivityInstance  - ==&gt;  Preparing: insert into ACT_HI_ACTINST ( ID_, PROC_DEF_ID_, PROC_INST_ID_, EXECUTION_ID_, ACT_ID_, TASK_ID_, CALL_PROC_INST_ID_, ACT_NAME_, ACT_TYPE_, ASSIGNEE_, START_TIME_, END_TIME_, DURATION_, TENANT_ID_ ) values (?, ?, ?, ?, ?, ?, ?, ?, ?, ?, ?, ?, ?, ?) , (?, ?, ?, ?, ?, ?, ?, ?, ?, ?, ?, ?, ?, ?) , (?, ?, ?, ?, ?, ?, ?, ?, ?, ?, ?, ?, ?, ?) , (?, ?, ?, ?, ?, ?, ?, ?, ?, ?, ?, ?, ?, ?) , (?, ?, ?, ?, ?, ?, ?, ?, ?, ?, ?, ?, ?, ?) 
10:48:10,962 [pool-23-thread-1] DEBUG org.activiti.engine.impl.history.DefaultHistoryManager  - Current history level: AUDIT, level required: ACTIVITY
10:48:10,962 [pool-23-thread-7] DEBUG org.activiti.engine.impl.persistence.entity.HistoricActivityInstanceEntity.bulkInsertHistoricActivityInstance  - ==&gt;  Preparing: insert into ACT_HI_ACTINST ( ID_, PROC_DEF_ID_, PROC_INST_ID_, EXECUTION_ID_, ACT_ID_, TASK_ID_, CALL_PROC_INST_ID_, ACT_NAME_, ACT_TYPE_, ASSIGNEE_, START_TIME_, END_TIME_, DURATION_, TENANT_ID_ ) values (?, ?, ?, ?, ?, ?, ?, ?, ?, ?, ?, ?, ?, ?) , (?, ?, ?, ?, ?, ?, ?, ?, ?, ?, ?, ?, ?, ?) , (?, ?, ?, ?, ?, ?, ?, ?, ?, ?, ?, ?, ?, ?) , (?, ?, ?, ?, ?, ?, ?, ?, ?, ?, ?, ?, ?, ?) , (?, ?, ?, ?, ?, ?, ?, ?, ?, ?, ?, ?, ?, ?) 
10:48:10,962 [pool-23-thread-9] DEBUG org.activiti.engine.impl.persistence.entity.TaskEntity.insertTask  - ==&gt;  Preparing: insert into ACT_RU_TASK (ID_, REV_, NAME_, PARENT_TASK_ID_, DESCRIPTION_, PRIORITY_, CREATE_TIME_, OWNER_, ASSIGNEE_, DELEGATION_, EXECUTION_ID_, PROC_INST_ID_, PROC_DEF_ID_, TASK_DEF_KEY_, DUE_DATE_, CATEGORY_, SUSPENSION_STATE_, TENANT_ID_, FORM_KEY_) values (?, 1, ?, ?, ?, ?, ?, ?, ?, ?, ?, ?, ?, ?, ?, ?, ?, ?, ? ) 
10:48:10,962 [pool-23-thread-3] DEBUG org.activiti.engine.impl.pvm.runtime.AtomicOperationTransitionNotifyListenerTake  - ProcessInstance[a6eb0700-c6c9-11ed-aa5a-de215c025445] takes transition (task3)--flow4--&gt;(task4)
10:48:10,963 [pool-23-thread-3] DEBUG org.activiti.engine.impl.history.DefaultHistoryManager  - Current history level: AUDIT, level required: ACTIVITY
10:48:10,963 [pool-23-thread-3] DEBUG org.activiti.engine.impl.pvm.runtime.AtomicOperationActivityExecute  - ProcessInstance[a6eb0700-c6c9-11ed-aa5a-de215c025445] executes Activity(task4): org.activiti.engine.impl.bpmn.behavior.UserTaskActivityBehavior
10:48:10,962 [pool-23-thread-4] DEBUG org.activiti.engine.impl.persistence.entity.HistoricTaskInstanceEntity.insertHistoricTaskInstance  - ==&gt;  Preparing: insert into ACT_HI_TASKINST ( ID_, PROC_DEF_ID_, PROC_INST_ID_, EXECUTION_ID_, NAME_, PARENT_TASK_ID_, DESCRIPTION_, OWNER_, ASSIGNEE_, START_TIME_, CLAIM_TIME_, END_TIME_, DURATION_, DELETE_REASON_, TASK_DEF_KEY_, FORM_KEY_, PRIORITY_, DUE_DATE_, CATEGORY_, TENANT_ID_ ) values ( ?, ?, ?, ?, ?, ?, ?, ?, ?, ?, ?, ?, ?, ?, ?, ?, ?, ?, ?, ? ) 
10:48:10,961 [pool-23-thread-10] DEBUG org.activiti.engine.impl.persistence.entity.HistoricProcessInstanceEntity.insertHistoricProcessInstance  - ==&gt;  Preparing: insert into ACT_HI_PROCINST ( ID_, PROC_INST_ID_, BUSINESS_KEY_, PROC_DEF_ID_, START_TIME_, END_TIME_, DURATION_, START_USER_ID_, START_ACT_ID_, END_ACT_ID_, SUPER_PROCESS_INSTANCE_ID_, DELETE_REASON_, TENANT_ID_, NAME_ ) values ( ?, ?, ?, ?, ?, ?, ?, ?, ?, ?, ?, ?, ?, ? ) 
10:48:10,963 [pool-23-thread-4] DEBUG org.activiti.engine.impl.persistence.entity.HistoricTaskInstanceEntity.insertHistoricTaskInstance  - ==&gt; Parameters: a6ec3f96-c6c9-11ed-aa5a-de215c025445(String), simpleProcess:1:a6dcaf6e-c6c9-11ed-aa5a-de215c025445(String), a6e93223-c6c9-11ed-aa5a-de215c025445(String), a6e93223-c6c9-11ed-aa5a-de215c025445(String), null, null, null, null, null, 2001-01-01 01:23:46.0(Timestamp), null, null, null, null, task4(String), null, 50(Integer), null, null, (String)
10:48:10,963 [pool-23-thread-10] DEBUG org.activiti.engine.impl.persistence.entity.HistoricProcessInstanceEntity.insertHistoricProcessInstance  - ==&gt; Parameters: a6ea1c90-c6c9-11ed-aa5a-de215c025445(String), a6ea1c90-c6c9-11ed-aa5a-de215c025445(String), null, simpleProcess:1:a6dcaf6e-c6c9-11ed-aa5a-de215c025445(String), 2001-01-01 01:23:46.0(Timestamp), null, null, null, theStart(String), null, null, null, (String), null
10:48:10,963 [pool-23-thread-4] DEBUG org.activiti.engine.impl.persistence.entity.HistoricTaskInstanceEntity.insertHistoricTaskInstance  - &lt;==    Updates: 1
10:48:10,963 [pool-23-thread-4] DEBUG org.activiti.engine.impl.db.DbSqlSession  - inserting: HistoricProcessInstanceEntity[superProcessInstanceId=null]
10:48:10,963 [pool-23-thread-3] DEBUG org.activiti.engine.impl.persistence.entity.TaskEntity.selectTasksByExecutionId  - ==&gt;  Preparing: select distinct T.* from ACT_RU_TASK T where T.EXECUTION_ID_ = ? 
10:48:10,963 [pool-23-thread-3] DEBUG org.activiti.engine.impl.persistence.entity.TaskEntity.selectTasksByExecutionId  - ==&gt; Parameters: a6eb0700-c6c9-11ed-aa5a-de215c025445(String)
10:48:10,963 [pool-23-thread-9] DEBUG org.activiti.engine.impl.persistence.entity.TaskEntity.insertTask  - ==&gt; Parameters: a6eb06ff-c6c9-11ed-aa5a-de215c025445(String), null, null, null, 50(Integer), 2001-01-01 01:23:46.0(Timestamp), null, null, null, a6e90b12-c6c9-11ed-aa5a-de215c025445(String), a6e90b12-c6c9-11ed-aa5a-de215c025445(String), simpleProcess:1:a6dcaf6e-c6c9-11ed-aa5a-de215c025445(String), task4(String), null, null, 1(Integer), (String), null
10:48:10,963 [pool-23-thread-7] DEBUG org.activiti.engine.impl.persistence.entity.HistoricActivityInstanceEntity.bulkInsertHistoricActivityInstance  - ==&gt; Parameters: a6e9f57c-c6c9-11ed-aa5a-de215c025445(String), simpleProcess:1:a6dcaf6e-c6c9-11ed-aa5a-de215c025445(String), a6e9ce69-c6c9-11ed-aa5a-de215c025445(String), a6e9ce69-c6c9-11ed-aa5a-de215c025445(String), theStart(String), null, null, null, startEvent(String), null, 2001-01-01 01:23:46.0(Timestamp), 2001-01-01 01:23:46.0(Timestamp), 0(Long), (String), a6ea91c5-c6c9-11ed-aa5a-de215c025445(String), simpleProcess:1:a6dcaf6e-c6c9-11ed-aa5a-de215c025445(String), a6e9ce69-c6c9-11ed-aa5a-de215c025445(String), a6e9ce69-c6c9-11ed-aa5a-de215c025445(String), task1(String), null, null, null, manualTask(String), null, 2001-01-01 01:23:46.0(Timestamp), 2001-01-01 01:23:46.0(Timestamp), 0(Long), (String), a6eadfea-c6c9-11ed-aa5a-de215c025445(String), simpleProcess:1:a6dcaf6e-c6c9-11ed-aa5a-de215c025445(String), a6e9ce69-c6c9-11ed-aa5a-de215c025445(String), a6e9ce69-c6c9-11ed-aa5a-de215c025445(String), task2(String), null, null, null, manualTask(String), null, 2001-01-01 01:23:46.0(Timestamp), 2001-01-01 01:23:46.0(Timestamp), 0(Long), (String), a6eb5523-c6c9-11ed-aa5a-de215c025445(String), simpleProcess:1:a6dcaf6e-c6c9-11ed-aa5a-de215c025445(String), a6e9ce69-c6c9-11ed-aa5a-de215c025445(String), a6e9ce69-c6c9-11ed-aa5a-de215c025445(String), task3(String), null, null, null, manualTask(String), null, 2001-01-01 01:23:46.0(Timestamp), 2001-01-01 01:23:46.0(Timestamp), 0(Long), (String), a6eba348-c6c9-11ed-aa5a-de215c025445(String), simpleProcess:1:a6dcaf6e-c6c9-11ed-aa5a-de215c025445(String), a6e9ce69-c6c9-11ed-aa5a-de215c025445(String), a6e9ce69-c6c9-11ed-aa5a-de215c025445(String), task4(String), a6eba34a-c6c9-11ed-aa5a-de215c025445(String), null, null, userTask(String), null, 2001-01-01 01:23:46.0(Timestamp), null, null, (String)
10:48:10,964 [pool-23-thread-9] DEBUG org.activiti.engine.impl.persistence.entity.TaskEntity.insertTask  - &lt;==    Updates: 1
10:48:10,964 [pool-23-thread-9] DEBUG org.activiti.engine.impl.cfg.standalone.StandaloneMybatisTransactionContext  - firing event committing...
10:48:10,964 [pool-23-thread-9] DEBUG org.activiti.engine.impl.cfg.standalone.StandaloneMybatisTransactionContext  - committing the ibatis sql session...
10:48:10,963 [pool-23-thread-1] DEBUG org.activiti.engine.impl.pvm.runtime.AtomicOperationActivityExecute  - ProcessInstance[a6eb7c37-c6c9-11ed-aa5a-de215c025445] executes Activity(task2): org.activiti.engine.impl.bpmn.behavior.ManualTaskActivityBehavior
10:48:10,964 [pool-23-thread-1] DEBUG org.activiti.engine.impl.bpmn.behavior.BpmnActivityBehavior  - Leaving activity &apos;task2&apos;
10:48:10,964 [pool-23-thread-1] DEBUG org.activiti.engine.impl.history.DefaultHistoryManager  - Current history level: AUDIT, level required: ACTIVITY
10:48:10,964 [pool-23-thread-1] DEBUG org.activiti.engine.impl.pvm.runtime.AtomicOperationTransitionNotifyListenerTake  - ProcessInstance[a6eb7c37-c6c9-11ed-aa5a-de215c025445] takes transition (task2)--flow3--&gt;(task3)
10:48:10,964 [pool-23-thread-1] DEBUG org.activiti.engine.impl.history.DefaultHistoryManager  - Current history level: AUDIT, level required: ACTIVITY
10:48:10,963 [pool-23-thread-5] DEBUG org.activiti.engine.impl.persistence.entity.HistoricActivityInstanceEntity.bulkInsertHistoricActivityInstance  - ==&gt; Parameters: a6ea1c8f-c6c9-11ed-aa5a-de215c025445(String), simpleProcess:1:a6dcaf6e-c6c9-11ed-aa5a-de215c025445(String), a6e9f57d-c6c9-11ed-aa5a-de215c025445(String), a6e9f57d-c6c9-11ed-aa5a-de215c025445(String), theStart(String), null, null, null, startEvent(String), null, 2001-01-01 01:23:46.0(Timestamp), 2001-01-01 01:23:46.0(Timestamp), 0(Long), (String), a6ea91c4-c6c9-11ed-aa5a-de215c025445(String), simpleProcess:1:a6dcaf6e-c6c9-11ed-aa5a-de215c025445(String), a6e9f57d-c6c9-11ed-aa5a-de215c025445(String), a6e9f57d-c6c9-11ed-aa5a-de215c025445(String), task1(String), null, null, null, manualTask(String), null, 2001-01-01 01:23:46.0(Timestamp), 2001-01-01 01:23:46.0(Timestamp), 0(Long), (String), a6eadfec-c6c9-11ed-aa5a-de215c025445(String), simpleProcess:1:a6dcaf6e-c6c9-11ed-aa5a-de215c025445(String), a6e9f57d-c6c9-11ed-aa5a-de215c025445(String), a6e9f57d-c6c9-11ed-aa5a-de215c025445(String), task2(String), null, null, null, manualTask(String), null, 2001-01-01 01:23:46.0(Timestamp), 2001-01-01 01:23:46.0(Timestamp), 0(Long), (String), a6eb7c36-c6c9-11ed-aa5a-de215c025445(String), simpleProcess:1:a6dcaf6e-c6c9-11ed-aa5a-de215c025445(String), a6e9f57d-c6c9-11ed-aa5a-de215c025445(String), a6e9f57d-c6c9-11ed-aa5a-de215c025445(String), task3(String), null, null, null, manualTask(String), null, 2001-01-01 01:23:46.0(Timestamp), 2001-01-01 01:23:46.0(Timestamp), 0(Long), (String), a6eba34b-c6c9-11ed-aa5a-de215c025445(String), simpleProcess:1:a6dcaf6e-c6c9-11ed-aa5a-de215c025445(String), a6e9f57d-c6c9-11ed-aa5a-de215c025445(String), a6e9f57d-c6c9-11ed-aa5a-de215c025445(String), task4(String), a6ebca61-c6c9-11ed-aa5a-de215c025445(String), null, null, userTask(String), null, 2001-01-01 01:23:46.0(Timestamp), null, null, (String)
10:48:10,963 [pool-23-thread-8] DEBUG org.activiti.engine.impl.history.DefaultHistoryManager  - Current history level: AUDIT, level required: ACTIVITY
10:48:10,964 [pool-23-thread-5] DEBUG org.activiti.engine.impl.persistence.entity.HistoricActivityInstanceEntity.bulkInsertHistoricActivityInstance  - &lt;==    Updates: 5
10:48:10,963 [pool-23-thread-2] DEBUG org.activiti.engine.impl.persistence.entity.ExecutionEntity.insertExecution  - ==&gt; Parameters: a6e9f57b-c6c9-11ed-aa5a-de215c025445(String), a6e9f57b-c6c9-11ed-aa5a-de215c025445(String), null, simpleProcess:1:a6dcaf6e-c6c9-11ed-aa5a-de215c025445(String), task4(String), true(Boolean), false(Boolean), true(Boolean), false(Boolean), null, null, 1(Integer), 2(Integer), (String), null
10:48:10,964 [pool-23-thread-2] DEBUG org.activiti.engine.impl.persistence.entity.ExecutionEntity.insertExecution  - &lt;==    Updates: 1
10:48:10,964 [pool-23-thread-2] DEBUG org.activiti.engine.impl.db.DbSqlSession  - inserting: Task[id=a6ebca60-c6c9-11ed-aa5a-de215c025445, name=null]
10:48:10,964 [pool-23-thread-2] DEBUG org.activiti.engine.impl.persistence.entity.TaskEntity.insertTask  - ==&gt;  Preparing: insert into ACT_RU_TASK (ID_, REV_, NAME_, PARENT_TASK_ID_, DESCRIPTION_, PRIORITY_, CREATE_TIME_, OWNER_, ASSIGNEE_, DELEGATION_, EXECUTION_ID_, PROC_INST_ID_, PROC_DEF_ID_, TASK_DEF_KEY_, DUE_DATE_, CATEGORY_, SUSPENSION_STATE_, TENANT_ID_, FORM_KEY_) values (?, 1, ?, ?, ?, ?, ?, ?, ?, ?, ?, ?, ?, ?, ?, ?, ?, ?, ? ) 
10:48:10,964 [pool-23-thread-2] DEBUG org.activiti.engine.impl.persistence.entity.TaskEntity.insertTask  - ==&gt; Parameters: a6ebca60-c6c9-11ed-aa5a-de215c025445(String), null, null, null, 50(Integer), 2001-01-01 01:23:46.0(Timestamp), null, null, null, a6e9f57b-c6c9-11ed-aa5a-de215c025445(String), a6e9f57b-c6c9-11ed-aa5a-de215c025445(String), simpleProcess:1:a6dcaf6e-c6c9-11ed-aa5a-de215c025445(String), task4(String), null, null, 1(Integer), (String), null
10:48:10,963 [pool-23-thread-6] DEBUG org.activiti.engine.impl.bpmn.behavior.BpmnActivityBehavior  - Leaving activity &apos;task3&apos;
10:48:10,964 [pool-23-thread-2] DEBUG org.activiti.engine.impl.persistence.entity.TaskEntity.insertTask  - &lt;==    Updates: 1
10:48:10,964 [pool-23-thread-2] DEBUG org.activiti.engine.impl.cfg.standalone.StandaloneMybatisTransactionContext  - firing event committing...
10:48:10,964 [pool-23-thread-2] DEBUG org.activiti.engine.impl.cfg.standalone.StandaloneMybatisTransactionContext  - committing the ibatis sql session...
10:48:10,964 [pool-23-thread-2] DEBUG org.apache.ibatis.transaction.jdbc.JdbcTransaction  - Committing JDBC Connection [conn148: url=jdbc:h2:mem:activiti-uuid-generator-test user=SA]
10:48:10,964 [pool-23-thread-5] DEBUG org.activiti.engine.impl.db.DbSqlSession  - inserting: ProcessInstance[a6e9f57d-c6c9-11ed-aa5a-de215c025445]
10:48:10,964 [pool-23-thread-8] DEBUG org.activiti.engine.impl.pvm.runtime.AtomicOperationTransitionNotifyListenerTake  - ProcessInstance[a6eba34d-c6c9-11ed-aa5a-de215c025445] takes transition (task2)--flow3--&gt;(task3)
10:48:10,964 [pool-23-thread-8] DEBUG org.activiti.engine.impl.history.DefaultHistoryManager  - Current history level: AUDIT, level required: ACTIVITY
10:48:10,965 [pool-23-thread-8] DEBUG org.activiti.engine.impl.pvm.runtime.AtomicOperationActivityExecute  - ProcessInstance[a6eba34d-c6c9-11ed-aa5a-de215c025445] executes Activity(task3): org.activiti.engine.impl.bpmn.behavior.ManualTaskActivityBehavior
10:48:10,965 [pool-23-thread-8] DEBUG org.activiti.engine.impl.bpmn.behavior.BpmnActivityBehavior  - Leaving activity &apos;task3&apos;
10:48:10,965 [pool-23-thread-8] DEBUG org.activiti.engine.impl.history.DefaultHistoryManager  - Current history level: AUDIT, level required: ACTIVITY
10:48:10,965 [pool-23-thread-8] DEBUG org.activiti.engine.impl.pvm.runtime.AtomicOperationTransitionNotifyListenerTake  - ProcessInstance[a6eba34d-c6c9-11ed-aa5a-de215c025445] takes transition (task3)--flow4--&gt;(task4)
10:48:10,965 [pool-23-thread-8] DEBUG org.activiti.engine.impl.history.DefaultHistoryManager  - Current history level: AUDIT, level required: ACTIVITY
10:48:10,965 [pool-23-thread-8] DEBUG org.activiti.engine.impl.pvm.runtime.AtomicOperationActivityExecute  - ProcessInstance[a6eba34d-c6c9-11ed-aa5a-de215c025445] executes Activity(task4): org.activiti.engine.impl.bpmn.behavior.UserTaskActivityBehavior
10:48:10,965 [pool-23-thread-8] DEBUG org.activiti.engine.impl.persistence.entity.TaskEntity.selectTasksByExecutionId  - ==&gt;  Preparing: select distinct T.* from ACT_RU_TASK T where T.EXECUTION_ID_ = ? 
10:48:10,965 [pool-23-thread-8] DEBUG org.activiti.engine.impl.persistence.entity.TaskEntity.selectTasksByExecutionId  - ==&gt; Parameters: a6eba34d-c6c9-11ed-aa5a-de215c025445(String)
10:48:10,965 [pool-23-thread-8] DEBUG org.activiti.engine.impl.persistence.entity.TaskEntity.selectTasksByExecutionId  - &lt;==      Total: 0
10:48:10,964 [pool-23-thread-1] DEBUG org.activiti.engine.impl.pvm.runtime.AtomicOperationActivityExecute  - ProcessInstance[a6eb7c37-c6c9-11ed-aa5a-de215c025445] executes Activity(task3): org.activiti.engine.impl.bpmn.behavior.ManualTaskActivityBehavior
10:48:10,964 [pool-23-thread-9] DEBUG org.apache.ibatis.transaction.jdbc.JdbcTransaction  - Committing JDBC Connection [conn153: url=jdbc:h2:mem:activiti-uuid-generator-test user=SA]
10:48:10,964 [pool-23-thread-7] DEBUG org.activiti.engine.impl.persistence.entity.HistoricActivityInstanceEntity.bulkInsertHistoricActivityInstance  - &lt;==    Updates: 5
10:48:10,965 [pool-23-thread-7] DEBUG org.activiti.engine.impl.db.DbSqlSession  - inserting: ProcessInstance[a6e9ce69-c6c9-11ed-aa5a-de215c025445]
10:48:10,963 [pool-23-thread-3] DEBUG org.activiti.engine.impl.persistence.entity.TaskEntity.selectTasksByExecutionId  - &lt;==      Total: 0
10:48:10,965 [pool-23-thread-3] DEBUG org.activiti.engine.impl.history.DefaultHistoryManager  - Current history level: AUDIT, level required: AUDIT
10:48:10,963 [pool-23-thread-4] DEBUG org.activiti.engine.impl.persistence.entity.HistoricProcessInstanceEntity.insertHistoricProcessInstance  - ==&gt;  Preparing: insert into ACT_HI_PROCINST ( ID_, PROC_INST_ID_, BUSINESS_KEY_, PROC_DEF_ID_, START_TIME_, END_TIME_, DURATION_, START_USER_ID_, START_ACT_ID_, END_ACT_ID_, SUPER_PROCESS_INSTANCE_ID_, DELETE_REASON_, TENANT_ID_, NAME_ ) values ( ?, ?, ?, ?, ?, ?, ?, ?, ?, ?, ?, ?, ?, ? ) 
10:48:10,963 [pool-23-thread-10] DEBUG org.activiti.engine.impl.persistence.entity.HistoricProcessInstanceEntity.insertHistoricProcessInstance  - &lt;==    Updates: 1
10:48:10,965 [pool-23-thread-4] DEBUG org.activiti.engine.impl.persistence.entity.HistoricProcessInstanceEntity.insertHistoricProcessInstance  - ==&gt; Parameters: a6e93223-c6c9-11ed-aa5a-de215c025445(String), a6e93223-c6c9-11ed-aa5a-de215c025445(String), null, simpleProcess:1:a6dcaf6e-c6c9-11ed-aa5a-de215c025445(String), 2001-01-01 01:23:46.0(Timestamp), null, null, null, theStart(String), null, null, null, (String), null
10:48:10,965 [pool-23-thread-3] DEBUG org.activiti.engine.impl.history.DefaultHistoryManager  - Current history level: AUDIT, level required: AUDIT
10:48:10,965 [pool-23-thread-3] DEBUG org.activiti.engine.impl.history.DefaultHistoryManager  - Current history level: AUDIT, level required: AUDIT
10:48:10,965 [pool-23-thread-7] DEBUG org.activiti.engine.impl.persistence.entity.ExecutionEntity.insertExecution  - ==&gt;  Preparing: insert into ACT_RU_EXECUTION (ID_, REV_, PROC_INST_ID_, BUSINESS_KEY_, PROC_DEF_ID_, ACT_ID_, IS_ACTIVE_, IS_CONCURRENT_, IS_SCOPE_,IS_EVENT_SCOPE_, PARENT_ID_, SUPER_EXEC_, SUSPENSION_STATE_, CACHED_ENT_STATE_, TENANT_ID_, NAME_) values ( ?, 1, ?, ?, ?, ?, ?, ?, ?, ?, ?, ?, ?, ?, ?, ? ) 
10:48:10,965 [pool-23-thread-9] DEBUG org.activiti.engine.impl.cfg.standalone.StandaloneMybatisTransactionContext  - firing event committed...
10:48:10,965 [pool-23-thread-1] DEBUG org.activiti.engine.impl.bpmn.behavior.BpmnActivityBehavior  - Leaving activity &apos;task3&apos;
10:48:10,965 [pool-23-thread-8] DEBUG org.activiti.engine.impl.history.DefaultHistoryManager  - Current history level: AUDIT, level required: AUDIT
10:48:10,966 [pool-23-thread-8] DEBUG org.activiti.engine.impl.history.DefaultHistoryManager  - Current history level: AUDIT, level required: AUDIT
10:48:10,966 [pool-23-thread-8] DEBUG org.activiti.engine.impl.history.DefaultHistoryManager  - Current history level: AUDIT, level required: AUDIT
10:48:10,964 [pool-23-thread-5] DEBUG org.activiti.engine.impl.persistence.entity.ExecutionEntity.insertExecution  - ==&gt;  Preparing: insert into ACT_RU_EXECUTION (ID_, REV_, PROC_INST_ID_, BUSINESS_KEY_, PROC_DEF_ID_, ACT_ID_, IS_ACTIVE_, IS_CONCURRENT_, IS_SCOPE_,IS_EVENT_SCOPE_, PARENT_ID_, SUPER_EXEC_, SUSPENSION_STATE_, CACHED_ENT_STATE_, TENANT_ID_, NAME_) values ( ?, 1, ?, ?, ?, ?, ?, ?, ?, ?, ?, ?, ?, ?, ?, ? ) 
10:48:10,964 [pool-23-thread-2] DEBUG org.activiti.engine.impl.cfg.standalone.StandaloneMybatisTransactionContext  - firing event committed...
10:48:10,966 [pool-23-thread-5] DEBUG org.activiti.engine.impl.persistence.entity.ExecutionEntity.insertExecution  - ==&gt; Parameters: a6e9f57d-c6c9-11ed-aa5a-de215c025445(String), a6e9f57d-c6c9-11ed-aa5a-de215c025445(String), null, simpleProcess:1:a6dcaf6e-c6c9-11ed-aa5a-de215c025445(String), task4(String), true(Boolean), false(Boolean), true(Boolean), false(Boolean), null, null, 1(Integer), 2(Integer), (String), null
10:48:10,964 [pool-23-thread-6] DEBUG org.activiti.engine.impl.history.DefaultHistoryManager  - Current history level: AUDIT, level required: ACTIVITY
10:48:10,966 [pool-23-thread-5] DEBUG org.activiti.engine.impl.persistence.entity.ExecutionEntity.insertExecution  - &lt;==    Updates: 1
10:48:10,966 [pool-23-thread-2] DEBUG org.apache.ibatis.transaction.jdbc.JdbcTransaction  - Resetting autocommit to true on JDBC Connection [conn148: url=jdbc:h2:mem:activiti-uuid-generator-test user=SA]
10:48:10,966 [pool-23-thread-8] DEBUG org.activiti.engine.impl.history.DefaultHistoryManager  - Current history level: AUDIT, level required: ACTIVITY
10:48:10,966 [pool-23-thread-1] DEBUG org.activiti.engine.impl.history.DefaultHistoryManager  - Current history level: AUDIT, level required: ACTIVITY
10:48:10,966 [pool-23-thread-9] DEBUG org.apache.ibatis.transaction.jdbc.JdbcTransaction  - Resetting autocommit to true on JDBC Connection [conn153: url=jdbc:h2:mem:activiti-uuid-generator-test user=SA]
10:48:10,966 [pool-23-thread-9] DEBUG org.apache.ibatis.transaction.jdbc.JdbcTransaction  - Closing JDBC Connection [conn153: url=jdbc:h2:mem:activiti-uuid-generator-test user=SA]
10:48:10,966 [pool-23-thread-7] DEBUG org.activiti.engine.impl.persistence.entity.ExecutionEntity.insertExecution  - ==&gt; Parameters: a6e9ce69-c6c9-11ed-aa5a-de215c025445(String), a6e9ce69-c6c9-11ed-aa5a-de215c025445(String), null, simpleProcess:1:a6dcaf6e-c6c9-11ed-aa5a-de215c025445(String), task4(String), true(Boolean), false(Boolean), true(Boolean), false(Boolean), null, null, 1(Integer), 2(Integer), (String), null
10:48:10,966 [pool-23-thread-10] DEBUG org.activiti.engine.impl.persistence.entity.HistoricActivityInstanceEntity.bulkInsertHistoricActivityInstance  - ==&gt;  Preparing: insert into ACT_HI_ACTINST ( ID_, PROC_DEF_ID_, PROC_INST_ID_, EXECUTION_ID_, ACT_ID_, TASK_ID_, CALL_PROC_INST_ID_, ACT_NAME_, ACT_TYPE_, ASSIGNEE_, START_TIME_, END_TIME_, DURATION_, TENANT_ID_ ) values (?, ?, ?, ?, ?, ?, ?, ?, ?, ?, ?, ?, ?, ?) , (?, ?, ?, ?, ?, ?, ?, ?, ?, ?, ?, ?, ?, ?) , (?, ?, ?, ?, ?, ?, ?, ?, ?, ?, ?, ?, ?, ?) , (?, ?, ?, ?, ?, ?, ?, ?, ?, ?, ?, ?, ?, ?) , (?, ?, ?, ?, ?, ?, ?, ?, ?, ?, ?, ?, ?, ?) 
10:48:10,966 [pool-23-thread-3] DEBUG org.activiti.engine.impl.history.DefaultHistoryManager  - Current history level: AUDIT, level required: ACTIVITY
10:48:10,967 [pool-23-thread-10] DEBUG org.activiti.engine.impl.persistence.entity.HistoricActivityInstanceEntity.bulkInsertHistoricActivityInstance  - ==&gt; Parameters: a6ea43a2-c6c9-11ed-aa5a-de215c025445(String), simpleProcess:1:a6dcaf6e-c6c9-11ed-aa5a-de215c025445(String), a6ea1c90-c6c9-11ed-aa5a-de215c025445(String), a6ea1c90-c6c9-11ed-aa5a-de215c025445(String), theStart(String), null, null, null, startEvent(String), null, 2001-01-01 01:23:46.0(Timestamp), 2001-01-01 01:23:46.0(Timestamp), 0(Long), (String), a6eab8d8-c6c9-11ed-aa5a-de215c025445(String), simpleProcess:1:a6dcaf6e-c6c9-11ed-aa5a-de215c025445(String), a6ea1c90-c6c9-11ed-aa5a-de215c025445(String), a6ea1c90-c6c9-11ed-aa5a-de215c025445(String), task1(String), null, null, null, manualTask(String), null, 2001-01-01 01:23:46.0(Timestamp), 2001-01-01 01:23:46.0(Timestamp), 0(Long), (String), a6eadfeb-c6c9-11ed-aa5a-de215c025445(String), simpleProcess:1:a6dcaf6e-c6c9-11ed-aa5a-de215c025445(String), a6ea1c90-c6c9-11ed-aa5a-de215c025445(String), a6ea1c90-c6c9-11ed-aa5a-de215c025445(String), task2(String), null, null, null, manualTask(String), null, 2001-01-01 01:23:46.0(Timestamp), 2001-01-01 01:23:46.0(Timestamp), 0(Long), (String), a6eb5524-c6c9-11ed-aa5a-de215c025445(String), simpleProcess:1:a6dcaf6e-c6c9-11ed-aa5a-de215c025445(String), a6ea1c90-c6c9-11ed-aa5a-de215c025445(String), a6ea1c90-c6c9-11ed-aa5a-de215c025445(String), task3(String), null, null, null, manualTask(String), null, 2001-01-01 01:23:46.0(Timestamp), 2001-01-01 01:23:46.0(Timestamp), 0(Long), (String), a6eba349-c6c9-11ed-aa5a-de215c025445(String), simpleProcess:1:a6dcaf6e-c6c9-11ed-aa5a-de215c025445(String), a6ea1c90-c6c9-11ed-aa5a-de215c025445(String), a6ea1c90-c6c9-11ed-aa5a-de215c025445(String), task4(String), a6ebca62-c6c9-11ed-aa5a-de215c025445(String), null, null, userTask(String), null, 2001-01-01 01:23:46.0(Timestamp), null, null, (String)
10:48:10,965 [pool-23-thread-4] DEBUG org.activiti.engine.impl.persistence.entity.HistoricProcessInstanceEntity.insertHistoricProcessInstance  - &lt;==    Updates: 1
10:48:10,967 [pool-23-thread-10] DEBUG org.activiti.engine.impl.persistence.entity.HistoricActivityInstanceEntity.bulkInsertHistoricActivityInstance  - &lt;==    Updates: 5
10:48:10,967 [pool-23-thread-10] DEBUG org.activiti.engine.impl.db.DbSqlSession  - inserting: ProcessInstance[a6ea1c90-c6c9-11ed-aa5a-de215c025445]
10:48:10,967 [pool-23-thread-3] DEBUG org.activiti.engine.impl.db.DbSqlSession  -   insert ProcessInstance[a6eb0700-c6c9-11ed-aa5a-de215c025445]
10:48:10,967 [pool-23-thread-3] DEBUG org.activiti.engine.impl.db.DbSqlSession  -   insert HistoricProcessInstanceEntity[superProcessInstanceId=null]
10:48:10,967 [pool-23-thread-3] DEBUG org.activiti.engine.impl.db.DbSqlSession  -   insert Task[id=a6ed02ef-c6c9-11ed-aa5a-de215c025445, name=null]
10:48:10,967 [pool-23-thread-3] DEBUG org.activiti.engine.impl.db.DbSqlSession  -   insert HistoricTaskInstanceEntity[id=a6ed02ef-c6c9-11ed-aa5a-de215c025445, name=null]
10:48:10,967 [pool-23-thread-3] DEBUG org.activiti.engine.impl.db.DbSqlSession  -   insert HistoricActivityInstanceEntity[activityId=theStart, activityName=null]
10:48:10,967 [pool-23-thread-3] DEBUG org.activiti.engine.impl.db.DbSqlSession  -   insert HistoricActivityInstanceEntity[activityId=task1, activityName=null]
10:48:10,967 [pool-23-thread-3] DEBUG org.activiti.engine.impl.db.DbSqlSession  -   insert HistoricActivityInstanceEntity[activityId=task2, activityName=null]
10:48:10,967 [pool-23-thread-3] DEBUG org.activiti.engine.impl.db.DbSqlSession  -   insert HistoricActivityInstanceEntity[activityId=task3, activityName=null]
10:48:10,967 [pool-23-thread-3] DEBUG org.activiti.engine.impl.db.DbSqlSession  -   insert HistoricActivityInstanceEntity[activityId=task4, activityName=null]
10:48:10,967 [pool-23-thread-3] DEBUG org.activiti.engine.impl.db.DbSqlSession  - flush summary: 9 insert, 0 update, 0 delete.
10:48:10,967 [pool-23-thread-3] DEBUG org.activiti.engine.impl.db.DbSqlSession  - now executing flush...
10:48:10,967 [pool-23-thread-3] DEBUG org.activiti.engine.impl.db.DbSqlSession  - inserting: HistoricTaskInstanceEntity[id=a6ed02ef-c6c9-11ed-aa5a-de215c025445, name=null]
10:48:10,966 [pool-23-thread-7] DEBUG org.activiti.engine.impl.persistence.entity.ExecutionEntity.insertExecution  - &lt;==    Updates: 1
10:48:10,967 [pool-23-thread-7] DEBUG org.activiti.engine.impl.db.DbSqlSession  - inserting: Task[id=a6eba34a-c6c9-11ed-aa5a-de215c025445, name=null]
10:48:10,966 [pool-23-thread-9] DEBUG org.apache.ibatis.datasource.pooled.PooledDataSource  - Returned connection 1805157850 to pool.
10:48:10,966 [pool-23-thread-1] DEBUG org.activiti.engine.impl.pvm.runtime.AtomicOperationTransitionNotifyListenerTake  - ProcessInstance[a6eb7c37-c6c9-11ed-aa5a-de215c025445] takes transition (task3)--flow4--&gt;(task4)
10:48:10,966 [pool-23-thread-8] DEBUG org.activiti.engine.impl.db.DbSqlSession  -   insert ProcessInstance[a6eba34d-c6c9-11ed-aa5a-de215c025445]
10:48:10,967 [pool-23-thread-8] DEBUG org.activiti.engine.impl.db.DbSqlSession  -   insert HistoricProcessInstanceEntity[superProcessInstanceId=null]
10:48:10,968 [pool-23-thread-8] DEBUG org.activiti.engine.impl.db.DbSqlSession  -   insert Task[id=a6ed5113-c6c9-11ed-aa5a-de215c025445, name=null]
10:48:10,968 [pool-23-thread-8] DEBUG org.activiti.engine.impl.db.DbSqlSession  -   insert HistoricTaskInstanceEntity[id=a6ed5113-c6c9-11ed-aa5a-de215c025445, name=null]
10:48:10,968 [pool-23-thread-8] DEBUG org.activiti.engine.impl.db.DbSqlSession  -   insert HistoricActivityInstanceEntity[activityId=theStart, activityName=null]
10:48:10,968 [pool-23-thread-8] DEBUG org.activiti.engine.impl.db.DbSqlSession  -   insert HistoricActivityInstanceEntity[activityId=task1, activityName=null]
10:48:10,968 [pool-23-thread-8] DEBUG org.activiti.engine.impl.db.DbSqlSession  -   insert HistoricActivityInstanceEntity[activityId=task2, activityName=null]
10:48:10,968 [pool-23-thread-8] DEBUG org.activiti.engine.impl.db.DbSqlSession  -   insert HistoricActivityInstanceEntity[activityId=task3, activityName=null]
10:48:10,968 [pool-23-thread-8] DEBUG org.activiti.engine.impl.db.DbSqlSession  -   insert HistoricActivityInstanceEntity[activityId=task4, activityName=null]
10:48:10,968 [pool-23-thread-8] DEBUG org.activiti.engine.impl.db.DbSqlSession  - flush summary: 9 insert, 0 update, 0 delete.
10:48:10,968 [pool-23-thread-8] DEBUG org.activiti.engine.impl.db.DbSqlSession  - now executing flush...
10:48:10,968 [pool-23-thread-8] DEBUG org.activiti.engine.impl.db.DbSqlSession  - inserting: HistoricTaskInstanceEntity[id=a6ed5113-c6c9-11ed-aa5a-de215c025445, name=null]
10:48:10,966 [pool-23-thread-2] DEBUG org.apache.ibatis.transaction.jdbc.JdbcTransaction  - Closing JDBC Connection [conn148: url=jdbc:h2:mem:activiti-uuid-generator-test user=SA]
10:48:10,968 [pool-23-thread-2] DEBUG org.apache.ibatis.datasource.pooled.PooledDataSource  - Returned connection 1099218109 to pool.
10:48:10,968 [pool-23-thread-2] DEBUG org.activiti.engine.impl.interceptor.LogInterceptor  - --- StartProcessInstanceCmd finished --------------------------------------------------------
10:48:10,968 [pool-23-thread-2] DEBUG org.activiti.engine.impl.interceptor.LogInterceptor  - 

10:48:10,966 [pool-23-thread-5] DEBUG org.activiti.engine.impl.db.DbSqlSession  - inserting: Task[id=a6ebca61-c6c9-11ed-aa5a-de215c025445, name=null]
10:48:10,966 [pool-23-thread-6] DEBUG org.activiti.engine.impl.pvm.runtime.AtomicOperationTransitionNotifyListenerTake  - ProcessInstance[a6e93224-c6c9-11ed-aa5a-de215c025445] takes transition (task3)--flow4--&gt;(task4)
10:48:10,968 [pool-23-thread-5] DEBUG org.activiti.engine.impl.persistence.entity.TaskEntity.insertTask  - ==&gt;  Preparing: insert into ACT_RU_TASK (ID_, REV_, NAME_, PARENT_TASK_ID_, DESCRIPTION_, PRIORITY_, CREATE_TIME_, OWNER_, ASSIGNEE_, DELEGATION_, EXECUTION_ID_, PROC_INST_ID_, PROC_DEF_ID_, TASK_DEF_KEY_, DUE_DATE_, CATEGORY_, SUSPENSION_STATE_, TENANT_ID_, FORM_KEY_) values (?, 1, ?, ?, ?, ?, ?, ?, ?, ?, ?, ?, ?, ?, ?, ?, ?, ?, ? ) 
10:48:10,968 [pool-23-thread-2] DEBUG org.activiti.engine.impl.interceptor.LogInterceptor  - 

10:48:10,968 [pool-23-thread-5] DEBUG org.activiti.engine.impl.persistence.entity.TaskEntity.insertTask  - ==&gt; Parameters: a6ebca61-c6c9-11ed-aa5a-de215c025445(String), null, null, null, 50(Integer), 2001-01-01 01:23:46.0(Timestamp), null, null, null, a6e9f57d-c6c9-11ed-aa5a-de215c025445(String), a6e9f57d-c6c9-11ed-aa5a-de215c025445(String), simpleProcess:1:a6dcaf6e-c6c9-11ed-aa5a-de215c025445(String), task4(String), null, null, 1(Integer), (String), null
10:48:10,968 [pool-23-thread-8] DEBUG org.activiti.engine.impl.persistence.entity.HistoricTaskInstanceEntity.insertHistoricTaskInstance  - ==&gt;  Preparing: insert into ACT_HI_TASKINST ( ID_, PROC_DEF_ID_, PROC_INST_ID_, EXECUTION_ID_, NAME_, PARENT_TASK_ID_, DESCRIPTION_, OWNER_, ASSIGNEE_, START_TIME_, CLAIM_TIME_, END_TIME_, DURATION_, DELETE_REASON_, TASK_DEF_KEY_, FORM_KEY_, PRIORITY_, DUE_DATE_, CATEGORY_, TENANT_ID_ ) values ( ?, ?, ?, ?, ?, ?, ?, ?, ?, ?, ?, ?, ?, ?, ?, ?, ?, ?, ?, ? ) 
10:48:10,967 [pool-23-thread-1] DEBUG org.activiti.engine.impl.history.DefaultHistoryManager  - Current history level: AUDIT, level required: ACTIVITY
10:48:10,967 [pool-23-thread-9] DEBUG org.activiti.engine.impl.interceptor.LogInterceptor  - --- StartProcessInstanceCmd finished --------------------------------------------------------
10:48:10,968 [pool-23-thread-9] DEBUG org.activiti.engine.impl.interceptor.LogInterceptor  - 

10:48:10,967 [pool-23-thread-7] DEBUG org.activiti.engine.impl.persistence.entity.TaskEntity.insertTask  - ==&gt;  Preparing: insert into ACT_RU_TASK (ID_, REV_, NAME_, PARENT_TASK_ID_, DESCRIPTION_, PRIORITY_, CREATE_TIME_, OWNER_, ASSIGNEE_, DELEGATION_, EXECUTION_ID_, PROC_INST_ID_, PROC_DEF_ID_, TASK_DEF_KEY_, DUE_DATE_, CATEGORY_, SUSPENSION_STATE_, TENANT_ID_, FORM_KEY_) values (?, 1, ?, ?, ?, ?, ?, ?, ?, ?, ?, ?, ?, ?, ?, ?, ?, ?, ? ) 
10:48:10,967 [pool-23-thread-3] DEBUG org.activiti.engine.impl.persistence.entity.HistoricTaskInstanceEntity.insertHistoricTaskInstance  - ==&gt;  Preparing: insert into ACT_HI_TASKINST ( ID_, PROC_DEF_ID_, PROC_INST_ID_, EXECUTION_ID_, NAME_, PARENT_TASK_ID_, DESCRIPTION_, OWNER_, ASSIGNEE_, START_TIME_, CLAIM_TIME_, END_TIME_, DURATION_, DELETE_REASON_, TASK_DEF_KEY_, FORM_KEY_, PRIORITY_, DUE_DATE_, CATEGORY_, TENANT_ID_ ) values ( ?, ?, ?, ?, ?, ?, ?, ?, ?, ?, ?, ?, ?, ?, ?, ?, ?, ?, ?, ? ) 
10:48:10,967 [pool-23-thread-4] DEBUG org.activiti.engine.impl.persistence.entity.HistoricActivityInstanceEntity.bulkInsertHistoricActivityInstance  - ==&gt;  Preparing: insert into ACT_HI_ACTINST ( ID_, PROC_DEF_ID_, PROC_INST_ID_, EXECUTION_ID_, ACT_ID_, TASK_ID_, CALL_PROC_INST_ID_, ACT_NAME_, ACT_TYPE_, ASSIGNEE_, START_TIME_, END_TIME_, DURATION_, TENANT_ID_ ) values (?, ?, ?, ?, ?, ?, ?, ?, ?, ?, ?, ?, ?, ?) , (?, ?, ?, ?, ?, ?, ?, ?, ?, ?, ?, ?, ?, ?) , (?, ?, ?, ?, ?, ?, ?, ?, ?, ?, ?, ?, ?, ?) , (?, ?, ?, ?, ?, ?, ?, ?, ?, ?, ?, ?, ?, ?) , (?, ?, ?, ?, ?, ?, ?, ?, ?, ?, ?, ?, ?, ?) 
10:48:10,967 [pool-23-thread-10] DEBUG org.activiti.engine.impl.persistence.entity.ExecutionEntity.insertExecution  - ==&gt;  Preparing: insert into ACT_RU_EXECUTION (ID_, REV_, PROC_INST_ID_, BUSINESS_KEY_, PROC_DEF_ID_, ACT_ID_, IS_ACTIVE_, IS_CONCURRENT_, IS_SCOPE_,IS_EVENT_SCOPE_, PARENT_ID_, SUPER_EXEC_, SUSPENSION_STATE_, CACHED_ENT_STATE_, TENANT_ID_, NAME_) values ( ?, 1, ?, ?, ?, ?, ?, ?, ?, ?, ?, ?, ?, ?, ?, ? ) 
10:48:10,968 [pool-23-thread-3] DEBUG org.activiti.engine.impl.persistence.entity.HistoricTaskInstanceEntity.insertHistoricTaskInstance  - ==&gt; Parameters: a6ed02ef-c6c9-11ed-aa5a-de215c025445(String), simpleProcess:1:a6dcaf6e-c6c9-11ed-aa5a-de215c025445(String), a6eb0700-c6c9-11ed-aa5a-de215c025445(String), a6eb0700-c6c9-11ed-aa5a-de215c025445(String), null, null, null, null, null, 2001-01-01 01:23:46.0(Timestamp), null, null, null, null, task4(String), null, 50(Integer), null, null, (String)
10:48:10,968 [pool-23-thread-7] DEBUG org.activiti.engine.impl.persistence.entity.TaskEntity.insertTask  - ==&gt; Parameters: a6eba34a-c6c9-11ed-aa5a-de215c025445(String), null, null, null, 50(Integer), 2001-01-01 01:23:46.0(Timestamp), null, null, null, a6e9ce69-c6c9-11ed-aa5a-de215c025445(String), a6e9ce69-c6c9-11ed-aa5a-de215c025445(String), simpleProcess:1:a6dcaf6e-c6c9-11ed-aa5a-de215c025445(String), task4(String), null, null, 1(Integer), (String), null
10:48:10,968 [pool-23-thread-9] DEBUG org.activiti.engine.impl.interceptor.LogInterceptor  - 

10:48:10,969 [pool-23-thread-9] DEBUG org.activiti.engine.impl.interceptor.LogInterceptor  - --- starting StartProcessInstanceCmd --------------------------------------------------------
10:48:10,968 [pool-23-thread-1] DEBUG org.activiti.engine.impl.pvm.runtime.AtomicOperationActivityExecute  - ProcessInstance[a6eb7c37-c6c9-11ed-aa5a-de215c025445] executes Activity(task4): org.activiti.engine.impl.bpmn.behavior.UserTaskActivityBehavior
10:48:10,968 [pool-23-thread-8] DEBUG org.activiti.engine.impl.persistence.entity.HistoricTaskInstanceEntity.insertHistoricTaskInstance  - ==&gt; Parameters: a6ed5113-c6c9-11ed-aa5a-de215c025445(String), simpleProcess:1:a6dcaf6e-c6c9-11ed-aa5a-de215c025445(String), a6eba34d-c6c9-11ed-aa5a-de215c025445(String), a6eba34d-c6c9-11ed-aa5a-de215c025445(String), null, null, null, null, null, 2001-01-01 01:23:46.0(Timestamp), null, null, null, null, task4(String), null, 50(Integer), null, null, (String)
10:48:10,968 [pool-23-thread-5] DEBUG org.activiti.engine.impl.persistence.entity.TaskEntity.insertTask  - &lt;==    Updates: 1
10:48:10,969 [pool-23-thread-5] DEBUG org.activiti.engine.impl.cfg.standalone.StandaloneMybatisTransactionContext  - firing event committing...
10:48:10,969 [pool-23-thread-5] DEBUG org.activiti.engine.impl.cfg.standalone.StandaloneMybatisTransactionContext  - committing the ibatis sql session...
10:48:10,969 [pool-23-thread-5] DEBUG org.apache.ibatis.transaction.jdbc.JdbcTransaction  - Committing JDBC Connection [conn147: url=jdbc:h2:mem:activiti-uuid-generator-test user=SA]
10:48:10,968 [pool-23-thread-2] DEBUG org.activiti.engine.impl.interceptor.LogInterceptor  - --- starting StartProcessInstanceCmd --------------------------------------------------------
10:48:10,969 [pool-23-thread-5] DEBUG org.activiti.engine.impl.cfg.standalone.StandaloneMybatisTransactionContext  - firing event committed...
10:48:10,969 [pool-23-thread-5] DEBUG org.apache.ibatis.transaction.jdbc.JdbcTransaction  - Resetting autocommit to true on JDBC Connection [conn147: url=jdbc:h2:mem:activiti-uuid-generator-test user=SA]
10:48:10,969 [pool-23-thread-5] DEBUG org.apache.ibatis.transaction.jdbc.JdbcTransaction  - Closing JDBC Connection [conn147: url=jdbc:h2:mem:activiti-uuid-generator-test user=SA]
10:48:10,969 [pool-23-thread-5] DEBUG org.apache.ibatis.datasource.pooled.PooledDataSource  - Returned connection 391030253 to pool.
10:48:10,969 [pool-23-thread-5] DEBUG org.activiti.engine.impl.interceptor.LogInterceptor  - --- StartProcessInstanceCmd finished --------------------------------------------------------
10:48:10,969 [pool-23-thread-5] DEBUG org.activiti.engine.impl.interceptor.LogInterceptor  - 

10:48:10,968 [pool-23-thread-6] DEBUG org.activiti.engine.impl.history.DefaultHistoryManager  - Current history level: AUDIT, level required: ACTIVITY
10:48:10,969 [pool-23-thread-5] DEBUG org.activiti.engine.impl.interceptor.LogInterceptor  - 

10:48:10,970 [pool-23-thread-5] DEBUG org.activiti.engine.impl.interceptor.LogInterceptor  - --- starting StartProcessInstanceCmd --------------------------------------------------------
10:48:10,969 [pool-23-thread-2] DEBUG org.apache.ibatis.transaction.jdbc.JdbcTransaction  - Opening JDBC Connection
10:48:10,970 [pool-23-thread-2] DEBUG org.apache.ibatis.datasource.pooled.PooledDataSource  - Checked out connection 1805157850 from pool.
10:48:10,970 [pool-23-thread-2] DEBUG org.apache.ibatis.transaction.jdbc.JdbcTransaction  - Setting autocommit to false on JDBC Connection [conn153: url=jdbc:h2:mem:activiti-uuid-generator-test user=SA]
10:48:10,969 [pool-23-thread-8] DEBUG org.activiti.engine.impl.persistence.entity.HistoricTaskInstanceEntity.insertHistoricTaskInstance  - &lt;==    Updates: 1
10:48:10,970 [pool-23-thread-8] DEBUG org.activiti.engine.impl.db.DbSqlSession  - inserting: HistoricProcessInstanceEntity[superProcessInstanceId=null]
10:48:10,969 [pool-23-thread-1] DEBUG org.activiti.engine.impl.persistence.entity.TaskEntity.selectTasksByExecutionId  - ==&gt;  Preparing: select distinct T.* from ACT_RU_TASK T where T.EXECUTION_ID_ = ? 
10:48:10,969 [pool-23-thread-9] DEBUG org.apache.ibatis.transaction.jdbc.JdbcTransaction  - Opening JDBC Connection
10:48:10,970 [pool-23-thread-9] DEBUG org.apache.ibatis.datasource.pooled.PooledDataSource  - Checked out connection 1099218109 from pool.
10:48:10,970 [pool-23-thread-9] DEBUG org.apache.ibatis.transaction.jdbc.JdbcTransaction  - Setting autocommit to false on JDBC Connection [conn148: url=jdbc:h2:mem:activiti-uuid-generator-test user=SA]
10:48:10,969 [pool-23-thread-4] DEBUG org.activiti.engine.impl.persistence.entity.HistoricActivityInstanceEntity.bulkInsertHistoricActivityInstance  - ==&gt; Parameters: a6e95936-c6c9-11ed-aa5a-de215c025445(String), simpleProcess:1:a6dcaf6e-c6c9-11ed-aa5a-de215c025445(String), a6e93223-c6c9-11ed-aa5a-de215c025445(String), a6e93223-c6c9-11ed-aa5a-de215c025445(String), theStart(String), null, null, null, startEvent(String), null, 2001-01-01 01:23:46.0(Timestamp), 2001-01-01 01:23:46.0(Timestamp), 0(Long), (String), a6e9ce68-c6c9-11ed-aa5a-de215c025445(String), simpleProcess:1:a6dcaf6e-c6c9-11ed-aa5a-de215c025445(String), a6e93223-c6c9-11ed-aa5a-de215c025445(String), a6e93223-c6c9-11ed-aa5a-de215c025445(String), task1(String), null, null, null, manualTask(String), null, 2001-01-01 01:23:46.0(Timestamp), 2001-01-01 01:23:46.0(Timestamp), 0(Long), (String), a6ea43a3-c6c9-11ed-aa5a-de215c025445(String), simpleProcess:1:a6dcaf6e-c6c9-11ed-aa5a-de215c025445(String), a6e93223-c6c9-11ed-aa5a-de215c025445(String), a6e93223-c6c9-11ed-aa5a-de215c025445(String), task2(String), null, null, null, manualTask(String), null, 2001-01-01 01:23:46.0(Timestamp), 2001-01-01 01:23:46.0(Timestamp), 0(Long), (String), a6eb0701-c6c9-11ed-aa5a-de215c025445(String), simpleProcess:1:a6dcaf6e-c6c9-11ed-aa5a-de215c025445(String), a6e93223-c6c9-11ed-aa5a-de215c025445(String), a6e93223-c6c9-11ed-aa5a-de215c025445(String), task3(String), null, null, null, manualTask(String), null, 2001-01-01 01:23:46.0(Timestamp), 2001-01-01 01:23:46.0(Timestamp), 0(Long), (String), a6ebf175-c6c9-11ed-aa5a-de215c025445(String), simpleProcess:1:a6dcaf6e-c6c9-11ed-aa5a-de215c025445(String), a6e93223-c6c9-11ed-aa5a-de215c025445(String), a6e93223-c6c9-11ed-aa5a-de215c025445(String), task4(String), a6ec3f96-c6c9-11ed-aa5a-de215c025445(String), null, null, userTask(String), null, 2001-01-01 01:23:46.0(Timestamp), null, null, (String)
10:48:10,969 [pool-23-thread-7] DEBUG org.activiti.engine.impl.persistence.entity.TaskEntity.insertTask  - &lt;==    Updates: 1
10:48:10,970 [pool-23-thread-4] DEBUG org.activiti.engine.impl.persistence.entity.HistoricActivityInstanceEntity.bulkInsertHistoricActivityInstance  - &lt;==    Updates: 5
10:48:10,970 [pool-23-thread-4] DEBUG org.activiti.engine.impl.db.DbSqlSession  - inserting: ProcessInstance[a6e93223-c6c9-11ed-aa5a-de215c025445]
10:48:10,969 [pool-23-thread-3] DEBUG org.activiti.engine.impl.persistence.entity.HistoricTaskInstanceEntity.insertHistoricTaskInstance  - &lt;==    Updates: 1
10:48:10,970 [pool-23-thread-3] DEBUG org.activiti.engine.impl.db.DbSqlSession  - inserting: HistoricProcessInstanceEntity[superProcessInstanceId=null]
10:48:10,969 [pool-23-thread-10] DEBUG org.activiti.engine.impl.persistence.entity.ExecutionEntity.insertExecution  - ==&gt; Parameters: a6ea1c90-c6c9-11ed-aa5a-de215c025445(String), a6ea1c90-c6c9-11ed-aa5a-de215c025445(String), null, simpleProcess:1:a6dcaf6e-c6c9-11ed-aa5a-de215c025445(String), task4(String), true(Boolean), false(Boolean), true(Boolean), false(Boolean), null, null, 1(Integer), 2(Integer), (String), null
10:48:10,970 [pool-23-thread-3] DEBUG org.activiti.engine.impl.persistence.entity.HistoricProcessInstanceEntity.insertHistoricProcessInstance  - ==&gt;  Preparing: insert into ACT_HI_PROCINST ( ID_, PROC_INST_ID_, BUSINESS_KEY_, PROC_DEF_ID_, START_TIME_, END_TIME_, DURATION_, START_USER_ID_, START_ACT_ID_, END_ACT_ID_, SUPER_PROCESS_INSTANCE_ID_, DELETE_REASON_, TENANT_ID_, NAME_ ) values ( ?, ?, ?, ?, ?, ?, ?, ?, ?, ?, ?, ?, ?, ? ) 
10:48:10,970 [pool-23-thread-4] DEBUG org.activiti.engine.impl.persistence.entity.ExecutionEntity.insertExecution  - ==&gt;  Preparing: insert into ACT_RU_EXECUTION (ID_, REV_, PROC_INST_ID_, BUSINESS_KEY_, PROC_DEF_ID_, ACT_ID_, IS_ACTIVE_, IS_CONCURRENT_, IS_SCOPE_,IS_EVENT_SCOPE_, PARENT_ID_, SUPER_EXEC_, SUSPENSION_STATE_, CACHED_ENT_STATE_, TENANT_ID_, NAME_) values ( ?, 1, ?, ?, ?, ?, ?, ?, ?, ?, ?, ?, ?, ?, ?, ? ) 
10:48:10,970 [pool-23-thread-7] DEBUG org.activiti.engine.impl.cfg.standalone.StandaloneMybatisTransactionContext  - firing event committing...
10:48:10,971 [pool-23-thread-7] DEBUG org.activiti.engine.impl.cfg.standalone.StandaloneMybatisTransactionContext  - committing the ibatis sql session...
10:48:10,971 [pool-23-thread-7] DEBUG org.apache.ibatis.transaction.jdbc.JdbcTransaction  - Committing JDBC Connection [conn150: url=jdbc:h2:mem:activiti-uuid-generator-test user=SA]
10:48:10,970 [pool-23-thread-9] DEBUG org.activiti.engine.impl.persistence.entity.ProcessDefinitionEntity.selectLatestProcessDefinitionByKey  - ==&gt;  Preparing: select * from ACT_RE_PROCDEF where KEY_ = ? and (TENANT_ID_ = &apos;&apos; or TENANT_ID_ is null) and VERSION_ = (select max(VERSION_) from ACT_RE_PROCDEF where KEY_ = ? and (TENANT_ID_ = &apos;&apos; or TENANT_ID_ is null)) 
10:48:10,970 [pool-23-thread-1] DEBUG org.activiti.engine.impl.persistence.entity.TaskEntity.selectTasksByExecutionId  - ==&gt; Parameters: a6eb7c37-c6c9-11ed-aa5a-de215c025445(String)
10:48:10,970 [pool-23-thread-8] DEBUG org.activiti.engine.impl.persistence.entity.HistoricProcessInstanceEntity.insertHistoricProcessInstance  - ==&gt;  Preparing: insert into ACT_HI_PROCINST ( ID_, PROC_INST_ID_, BUSINESS_KEY_, PROC_DEF_ID_, START_TIME_, END_TIME_, DURATION_, START_USER_ID_, START_ACT_ID_, END_ACT_ID_, SUPER_PROCESS_INSTANCE_ID_, DELETE_REASON_, TENANT_ID_, NAME_ ) values ( ?, ?, ?, ?, ?, ?, ?, ?, ?, ?, ?, ?, ?, ? ) 
10:48:10,970 [pool-23-thread-2] DEBUG org.activiti.engine.impl.persistence.entity.ProcessDefinitionEntity.selectLatestProcessDefinitionByKey  - ==&gt;  Preparing: select * from ACT_RE_PROCDEF where KEY_ = ? and (TENANT_ID_ = &apos;&apos; or TENANT_ID_ is null) and VERSION_ = (select max(VERSION_) from ACT_RE_PROCDEF where KEY_ = ? and (TENANT_ID_ = &apos;&apos; or TENANT_ID_ is null)) 
10:48:10,970 [pool-23-thread-5] DEBUG org.apache.ibatis.transaction.jdbc.JdbcTransaction  - Opening JDBC Connection
10:48:10,971 [pool-23-thread-5] DEBUG org.apache.ibatis.datasource.pooled.PooledDataSource  - Checked out connection 391030253 from pool.
10:48:10,971 [pool-23-thread-5] DEBUG org.apache.ibatis.transaction.jdbc.JdbcTransaction  - Setting autocommit to false on JDBC Connection [conn147: url=jdbc:h2:mem:activiti-uuid-generator-test user=SA]
10:48:10,970 [pool-23-thread-6] DEBUG org.activiti.engine.impl.pvm.runtime.AtomicOperationActivityExecute  - ProcessInstance[a6e93224-c6c9-11ed-aa5a-de215c025445] executes Activity(task4): org.activiti.engine.impl.bpmn.behavior.UserTaskActivityBehavior
10:48:10,971 [pool-23-thread-5] DEBUG org.activiti.engine.impl.persistence.entity.ProcessDefinitionEntity.selectLatestProcessDefinitionByKey  - ==&gt;  Preparing: select * from ACT_RE_PROCDEF where KEY_ = ? and (TENANT_ID_ = &apos;&apos; or TENANT_ID_ is null) and VERSION_ = (select max(VERSION_) from ACT_RE_PROCDEF where KEY_ = ? and (TENANT_ID_ = &apos;&apos; or TENANT_ID_ is null)) 
10:48:10,971 [pool-23-thread-2] DEBUG org.activiti.engine.impl.persistence.entity.ProcessDefinitionEntity.selectLatestProcessDefinitionByKey  - ==&gt; Parameters: simpleProcess(String), simpleProcess(String)
10:48:10,971 [pool-23-thread-8] DEBUG org.activiti.engine.impl.persistence.entity.HistoricProcessInstanceEntity.insertHistoricProcessInstance  - ==&gt; Parameters: a6eba34d-c6c9-11ed-aa5a-de215c025445(String), a6eba34d-c6c9-11ed-aa5a-de215c025445(String), null, simpleProcess:1:a6dcaf6e-c6c9-11ed-aa5a-de215c025445(String), 2001-01-01 01:23:46.0(Timestamp), null, null, null, theStart(String), null, null, null, (String), null
10:48:10,972 [pool-23-thread-2] DEBUG org.activiti.engine.impl.persistence.entity.ProcessDefinitionEntity.selectLatestProcessDefinitionByKey  - &lt;==      Total: 1
10:48:10,971 [pool-23-thread-1] DEBUG org.activiti.engine.impl.persistence.entity.TaskEntity.selectTasksByExecutionId  - &lt;==      Total: 0
10:48:10,972 [pool-23-thread-1] DEBUG org.activiti.engine.impl.history.DefaultHistoryManager  - Current history level: AUDIT, level required: AUDIT
10:48:10,971 [pool-23-thread-9] DEBUG org.activiti.engine.impl.persistence.entity.ProcessDefinitionEntity.selectLatestProcessDefinitionByKey  - ==&gt; Parameters: simpleProcess(String), simpleProcess(String)
10:48:10,971 [pool-23-thread-7] DEBUG org.activiti.engine.impl.cfg.standalone.StandaloneMybatisTransactionContext  - firing event committed...
10:48:10,972 [pool-23-thread-7] DEBUG org.apache.ibatis.transaction.jdbc.JdbcTransaction  - Resetting autocommit to true on JDBC Connection [conn150: url=jdbc:h2:mem:activiti-uuid-generator-test user=SA]
10:48:10,972 [pool-23-thread-7] DEBUG org.apache.ibatis.transaction.jdbc.JdbcTransaction  - Closing JDBC Connection [conn150: url=jdbc:h2:mem:activiti-uuid-generator-test user=SA]
10:48:10,972 [pool-23-thread-7] DEBUG org.apache.ibatis.datasource.pooled.PooledDataSource  - Returned connection 2049392199 to pool.
10:48:10,972 [pool-23-thread-7] DEBUG org.activiti.engine.impl.interceptor.LogInterceptor  - --- StartProcessInstanceCmd finished --------------------------------------------------------
10:48:10,972 [pool-23-thread-7] DEBUG org.activiti.engine.impl.interceptor.LogInterceptor  - 

10:48:10,971 [pool-23-thread-4] DEBUG org.activiti.engine.impl.persistence.entity.ExecutionEntity.insertExecution  - ==&gt; Parameters: a6e93223-c6c9-11ed-aa5a-de215c025445(String), a6e93223-c6c9-11ed-aa5a-de215c025445(String), null, simpleProcess:1:a6dcaf6e-c6c9-11ed-aa5a-de215c025445(String), task4(String), true(Boolean), false(Boolean), true(Boolean), false(Boolean), null, null, 1(Integer), 2(Integer), (String), null
10:48:10,971 [pool-23-thread-3] DEBUG org.activiti.engine.impl.persistence.entity.HistoricProcessInstanceEntity.insertHistoricProcessInstance  - ==&gt; Parameters: a6eb0700-c6c9-11ed-aa5a-de215c025445(String), a6eb0700-c6c9-11ed-aa5a-de215c025445(String), null, simpleProcess:1:a6dcaf6e-c6c9-11ed-aa5a-de215c025445(String), 2001-01-01 01:23:46.0(Timestamp), null, null, null, theStart(String), null, null, null, (String), null
10:48:10,971 [pool-23-thread-10] DEBUG org.activiti.engine.impl.persistence.entity.ExecutionEntity.insertExecution  - &lt;==    Updates: 1
10:48:10,972 [pool-23-thread-3] DEBUG org.activiti.engine.impl.persistence.entity.HistoricProcessInstanceEntity.insertHistoricProcessInstance  - &lt;==    Updates: 1
10:48:10,972 [pool-23-thread-4] DEBUG org.activiti.engine.impl.persistence.entity.ExecutionEntity.insertExecution  - &lt;==    Updates: 1
10:48:10,973 [pool-23-thread-4] DEBUG org.activiti.engine.impl.db.DbSqlSession  - inserting: Task[id=a6ec3f96-c6c9-11ed-aa5a-de215c025445, name=null]
10:48:10,972 [pool-23-thread-7] DEBUG org.activiti.engine.impl.interceptor.LogInterceptor  - 

10:48:10,973 [pool-23-thread-7] DEBUG org.activiti.engine.impl.interceptor.LogInterceptor  - --- starting StartProcessInstanceCmd --------------------------------------------------------
10:48:10,972 [pool-23-thread-9] DEBUG org.activiti.engine.impl.persistence.entity.ProcessDefinitionEntity.selectLatestProcessDefinitionByKey  - &lt;==      Total: 1
10:48:10,972 [pool-23-thread-1] DEBUG org.activiti.engine.impl.history.DefaultHistoryManager  - Current history level: AUDIT, level required: AUDIT
10:48:10,972 [pool-23-thread-2] DEBUG org.activiti.engine.impl.persistence.entity.ExecutionEntity  - initializing ProcessInstance[a6ee6288-c6c9-11ed-aa5a-de215c025445]
10:48:10,973 [pool-23-thread-2] DEBUG org.activiti.engine.impl.history.DefaultHistoryManager  - Current history level: AUDIT, level required: ACTIVITY
10:48:10,972 [pool-23-thread-8] DEBUG org.activiti.engine.impl.persistence.entity.HistoricProcessInstanceEntity.insertHistoricProcessInstance  - &lt;==    Updates: 1
10:48:10,972 [pool-23-thread-5] DEBUG org.activiti.engine.impl.persistence.entity.ProcessDefinitionEntity.selectLatestProcessDefinitionByKey  - ==&gt; Parameters: simpleProcess(String), simpleProcess(String)
10:48:10,972 [pool-23-thread-6] DEBUG org.activiti.engine.impl.persistence.entity.TaskEntity.selectTasksByExecutionId  - ==&gt;  Preparing: select distinct T.* from ACT_RU_TASK T where T.EXECUTION_ID_ = ? 
10:48:10,973 [pool-23-thread-5] DEBUG org.activiti.engine.impl.persistence.entity.ProcessDefinitionEntity.selectLatestProcessDefinitionByKey  - &lt;==      Total: 1
10:48:10,973 [pool-23-thread-2] DEBUG org.activiti.engine.impl.pvm.runtime.AtomicOperationActivityExecute  - ProcessInstance[a6ee6288-c6c9-11ed-aa5a-de215c025445] executes Activity(theStart): org.activiti.engine.impl.bpmn.behavior.NoneStartEventActivityBehavior
10:48:10,973 [pool-23-thread-3] DEBUG org.activiti.engine.impl.persistence.entity.HistoricActivityInstanceEntity.bulkInsertHistoricActivityInstance  - ==&gt;  Preparing: insert into ACT_HI_ACTINST ( ID_, PROC_DEF_ID_, PROC_INST_ID_, EXECUTION_ID_, ACT_ID_, TASK_ID_, CALL_PROC_INST_ID_, ACT_NAME_, ACT_TYPE_, ASSIGNEE_, START_TIME_, END_TIME_, DURATION_, TENANT_ID_ ) values (?, ?, ?, ?, ?, ?, ?, ?, ?, ?, ?, ?, ?, ?) , (?, ?, ?, ?, ?, ?, ?, ?, ?, ?, ?, ?, ?, ?) , (?, ?, ?, ?, ?, ?, ?, ?, ?, ?, ?, ?, ?, ?) , (?, ?, ?, ?, ?, ?, ?, ?, ?, ?, ?, ?, ?, ?) , (?, ?, ?, ?, ?, ?, ?, ?, ?, ?, ?, ?, ?, ?) 
10:48:10,973 [pool-23-thread-1] DEBUG org.activiti.engine.impl.history.DefaultHistoryManager  - Current history level: AUDIT, level required: AUDIT
10:48:10,973 [pool-23-thread-9] DEBUG org.activiti.engine.impl.persistence.entity.ExecutionEntity  - initializing ProcessInstance[a6ee8999-c6c9-11ed-aa5a-de215c025445]
10:48:10,973 [pool-23-thread-7] DEBUG org.apache.ibatis.transaction.jdbc.JdbcTransaction  - Opening JDBC Connection
10:48:10,974 [pool-23-thread-7] DEBUG org.apache.ibatis.datasource.pooled.PooledDataSource  - Checked out connection 2049392199 from pool.
10:48:10,974 [pool-23-thread-7] DEBUG org.apache.ibatis.transaction.jdbc.JdbcTransaction  - Setting autocommit to false on JDBC Connection [conn150: url=jdbc:h2:mem:activiti-uuid-generator-test user=SA]
10:48:10,974 [pool-23-thread-7] DEBUG org.activiti.engine.impl.persistence.entity.ProcessDefinitionEntity.selectLatestProcessDefinitionByKey  - ==&gt;  Preparing: select * from ACT_RE_PROCDEF where KEY_ = ? and (TENANT_ID_ = &apos;&apos; or TENANT_ID_ is null) and VERSION_ = (select max(VERSION_) from ACT_RE_PROCDEF where KEY_ = ? and (TENANT_ID_ = &apos;&apos; or TENANT_ID_ is null)) 
10:48:10,973 [pool-23-thread-4] DEBUG org.activiti.engine.impl.persistence.entity.TaskEntity.insertTask  - ==&gt;  Preparing: insert into ACT_RU_TASK (ID_, REV_, NAME_, PARENT_TASK_ID_, DESCRIPTION_, PRIORITY_, CREATE_TIME_, OWNER_, ASSIGNEE_, DELEGATION_, EXECUTION_ID_, PROC_INST_ID_, PROC_DEF_ID_, TASK_DEF_KEY_, DUE_DATE_, CATEGORY_, SUSPENSION_STATE_, TENANT_ID_, FORM_KEY_) values (?, 1, ?, ?, ?, ?, ?, ?, ?, ?, ?, ?, ?, ?, ?, ?, ?, ?, ? ) 
10:48:10,973 [pool-23-thread-10] DEBUG org.activiti.engine.impl.db.DbSqlSession  - inserting: Task[id=a6ebca62-c6c9-11ed-aa5a-de215c025445, name=null]
10:48:10,974 [pool-23-thread-4] DEBUG org.activiti.engine.impl.persistence.entity.TaskEntity.insertTask  - ==&gt; Parameters: a6ec3f96-c6c9-11ed-aa5a-de215c025445(String), null, null, null, 50(Integer), 2001-01-01 01:23:46.0(Timestamp), null, null, null, a6e93223-c6c9-11ed-aa5a-de215c025445(String), a6e93223-c6c9-11ed-aa5a-de215c025445(String), simpleProcess:1:a6dcaf6e-c6c9-11ed-aa5a-de215c025445(String), task4(String), null, null, 1(Integer), (String), null
10:48:10,974 [pool-23-thread-10] DEBUG org.activiti.engine.impl.persistence.entity.TaskEntity.insertTask  - ==&gt;  Preparing: insert into ACT_RU_TASK (ID_, REV_, NAME_, PARENT_TASK_ID_, DESCRIPTION_, PRIORITY_, CREATE_TIME_, OWNER_, ASSIGNEE_, DELEGATION_, EXECUTION_ID_, PROC_INST_ID_, PROC_DEF_ID_, TASK_DEF_KEY_, DUE_DATE_, CATEGORY_, SUSPENSION_STATE_, TENANT_ID_, FORM_KEY_) values (?, 1, ?, ?, ?, ?, ?, ?, ?, ?, ?, ?, ?, ?, ?, ?, ?, ?, ? ) 
10:48:10,974 [pool-23-thread-4] DEBUG org.activiti.engine.impl.persistence.entity.TaskEntity.insertTask  - &lt;==    Updates: 1
10:48:10,974 [pool-23-thread-10] DEBUG org.activiti.engine.impl.persistence.entity.TaskEntity.insertTask  - ==&gt; Parameters: a6ebca62-c6c9-11ed-aa5a-de215c025445(String), null, null, null, 50(Integer), 2001-01-01 01:23:46.0(Timestamp), null, null, null, a6ea1c90-c6c9-11ed-aa5a-de215c025445(String), a6ea1c90-c6c9-11ed-aa5a-de215c025445(String), simpleProcess:1:a6dcaf6e-c6c9-11ed-aa5a-de215c025445(String), task4(String), null, null, 1(Integer), (String), null
10:48:10,974 [pool-23-thread-7] DEBUG org.activiti.engine.impl.persistence.entity.ProcessDefinitionEntity.selectLatestProcessDefinitionByKey  - ==&gt; Parameters: simpleProcess(String), simpleProcess(String)
10:48:10,974 [pool-23-thread-3] DEBUG org.activiti.engine.impl.persistence.entity.HistoricActivityInstanceEntity.bulkInsertHistoricActivityInstance  - ==&gt; Parameters: a6eb0702-c6c9-11ed-aa5a-de215c025445(String), simpleProcess:1:a6dcaf6e-c6c9-11ed-aa5a-de215c025445(String), a6eb0700-c6c9-11ed-aa5a-de215c025445(String), a6eb0700-c6c9-11ed-aa5a-de215c025445(String), theStart(String), null, null, null, startEvent(String), null, 2001-01-01 01:23:46.0(Timestamp), 2001-01-01 01:23:46.0(Timestamp), 0(Long), (String), a6ebca63-c6c9-11ed-aa5a-de215c025445(String), simpleProcess:1:a6dcaf6e-c6c9-11ed-aa5a-de215c025445(String), a6eb0700-c6c9-11ed-aa5a-de215c025445(String), a6eb0700-c6c9-11ed-aa5a-de215c025445(String), task1(String), null, null, null, manualTask(String), null, 2001-01-01 01:23:46.0(Timestamp), 2001-01-01 01:23:46.0(Timestamp), 0(Long), (String), a6ec3f97-c6c9-11ed-aa5a-de215c025445(String), simpleProcess:1:a6dcaf6e-c6c9-11ed-aa5a-de215c025445(String), a6eb0700-c6c9-11ed-aa5a-de215c025445(String), a6eb0700-c6c9-11ed-aa5a-de215c025445(String), task2(String), null, null, null, manualTask(String), null, 2001-01-01 01:23:46.0(Timestamp), 2001-01-01 01:23:46.0(Timestamp), 0(Long), (String), a6ec8dba-c6c9-11ed-aa5a-de215c025445(String), simpleProcess:1:a6dcaf6e-c6c9-11ed-aa5a-de215c025445(String), a6eb0700-c6c9-11ed-aa5a-de215c025445(String), a6eb0700-c6c9-11ed-aa5a-de215c025445(String), task3(String), null, null, null, manualTask(String), null, 2001-01-01 01:23:46.0(Timestamp), 2001-01-01 01:23:46.0(Timestamp), 0(Long), (String), a6ed02ee-c6c9-11ed-aa5a-de215c025445(String), simpleProcess:1:a6dcaf6e-c6c9-11ed-aa5a-de215c025445(String), a6eb0700-c6c9-11ed-aa5a-de215c025445(String), a6eb0700-c6c9-11ed-aa5a-de215c025445(String), task4(String), a6ed02ef-c6c9-11ed-aa5a-de215c025445(String), null, null, userTask(String), null, 2001-01-01 01:23:46.0(Timestamp), null, null, (String)
10:48:10,973 [pool-23-thread-9] DEBUG org.activiti.engine.impl.history.DefaultHistoryManager  - Current history level: AUDIT, level required: ACTIVITY
10:48:10,974 [pool-23-thread-3] DEBUG org.activiti.engine.impl.persistence.entity.HistoricActivityInstanceEntity.bulkInsertHistoricActivityInstance  - &lt;==    Updates: 5
10:48:10,974 [pool-23-thread-3] DEBUG org.activiti.engine.impl.db.DbSqlSession  - inserting: ProcessInstance[a6eb0700-c6c9-11ed-aa5a-de215c025445]
10:48:10,973 [pool-23-thread-1] DEBUG org.activiti.engine.impl.history.DefaultHistoryManager  - Current history level: AUDIT, level required: ACTIVITY
10:48:10,973 [pool-23-thread-8] DEBUG org.activiti.engine.impl.persistence.entity.HistoricActivityInstanceEntity.bulkInsertHistoricActivityInstance  - ==&gt;  Preparing: insert into ACT_HI_ACTINST ( ID_, PROC_DEF_ID_, PROC_INST_ID_, EXECUTION_ID_, ACT_ID_, TASK_ID_, CALL_PROC_INST_ID_, ACT_NAME_, ACT_TYPE_, ASSIGNEE_, START_TIME_, END_TIME_, DURATION_, TENANT_ID_ ) values (?, ?, ?, ?, ?, ?, ?, ?, ?, ?, ?, ?, ?, ?) , (?, ?, ?, ?, ?, ?, ?, ?, ?, ?, ?, ?, ?, ?) , (?, ?, ?, ?, ?, ?, ?, ?, ?, ?, ?, ?, ?, ?) , (?, ?, ?, ?, ?, ?, ?, ?, ?, ?, ?, ?, ?, ?) , (?, ?, ?, ?, ?, ?, ?, ?, ?, ?, ?, ?, ?, ?) 
10:48:10,973 [pool-23-thread-2] DEBUG org.activiti.engine.impl.persistence.entity.JobEntity.selectJobsByExecutionId  - ==&gt;  Preparing: select * from ACT_RU_JOB J where J.EXECUTION_ID_ = ? 
10:48:10,973 [pool-23-thread-5] DEBUG org.activiti.engine.impl.persistence.entity.ExecutionEntity  - initializing ProcessInstance[a6ee899b-c6c9-11ed-aa5a-de215c025445]
10:48:10,973 [pool-23-thread-6] DEBUG org.activiti.engine.impl.persistence.entity.TaskEntity.selectTasksByExecutionId  - ==&gt; Parameters: a6e93224-c6c9-11ed-aa5a-de215c025445(String)
10:48:10,974 [pool-23-thread-8] DEBUG org.activiti.engine.impl.persistence.entity.HistoricActivityInstanceEntity.bulkInsertHistoricActivityInstance  - ==&gt; Parameters: a6ebca64-c6c9-11ed-aa5a-de215c025445(String), simpleProcess:1:a6dcaf6e-c6c9-11ed-aa5a-de215c025445(String), a6eba34d-c6c9-11ed-aa5a-de215c025445(String), a6eba34d-c6c9-11ed-aa5a-de215c025445(String), theStart(String), null, null, null, startEvent(String), null, 2001-01-01 01:23:46.0(Timestamp), 2001-01-01 01:23:46.0(Timestamp), 0(Long), (String), a6ec8db9-c6c9-11ed-aa5a-de215c025445(String), simpleProcess:1:a6dcaf6e-c6c9-11ed-aa5a-de215c025445(String), a6eba34d-c6c9-11ed-aa5a-de215c025445(String), a6eba34d-c6c9-11ed-aa5a-de215c025445(String), task1(String), null, null, null, manualTask(String), null, 2001-01-01 01:23:46.0(Timestamp), 2001-01-01 01:23:46.0(Timestamp), 0(Long), (String), a6ecdbdc-c6c9-11ed-aa5a-de215c025445(String), simpleProcess:1:a6dcaf6e-c6c9-11ed-aa5a-de215c025445(String), a6eba34d-c6c9-11ed-aa5a-de215c025445(String), a6eba34d-c6c9-11ed-aa5a-de215c025445(String), task2(String), null, null, null, manualTask(String), null, 2001-01-01 01:23:46.0(Timestamp), 2001-01-01 01:23:46.0(Timestamp), 0(Long), (String), a6ed5111-c6c9-11ed-aa5a-de215c025445(String), simpleProcess:1:a6dcaf6e-c6c9-11ed-aa5a-de215c025445(String), a6eba34d-c6c9-11ed-aa5a-de215c025445(String), a6eba34d-c6c9-11ed-aa5a-de215c025445(String), task3(String), null, null, null, manualTask(String), null, 2001-01-01 01:23:46.0(Timestamp), 2001-01-01 01:23:46.0(Timestamp), 0(Long), (String), a6ed5112-c6c9-11ed-aa5a-de215c025445(String), simpleProcess:1:a6dcaf6e-c6c9-11ed-aa5a-de215c025445(String), a6eba34d-c6c9-11ed-aa5a-de215c025445(String), a6eba34d-c6c9-11ed-aa5a-de215c025445(String), task4(String), a6ed5113-c6c9-11ed-aa5a-de215c025445(String), null, null, userTask(String), null, 2001-01-01 01:23:46.0(Timestamp), null, null, (String)
10:48:10,974 [pool-23-thread-5] DEBUG org.activiti.engine.impl.history.DefaultHistoryManager  - Current history level: AUDIT, level required: ACTIVITY
10:48:10,974 [pool-23-thread-8] DEBUG org.activiti.engine.impl.persistence.entity.HistoricActivityInstanceEntity.bulkInsertHistoricActivityInstance  - &lt;==    Updates: 5
10:48:10,974 [pool-23-thread-5] DEBUG org.activiti.engine.impl.pvm.runtime.AtomicOperationActivityExecute  - ProcessInstance[a6ee899b-c6c9-11ed-aa5a-de215c025445] executes Activity(theStart): org.activiti.engine.impl.bpmn.behavior.NoneStartEventActivityBehavior
10:48:10,974 [pool-23-thread-2] DEBUG org.activiti.engine.impl.persistence.entity.JobEntity.selectJobsByExecutionId  - ==&gt; Parameters: a6ee6288-c6c9-11ed-aa5a-de215c025445(String)
10:48:10,974 [pool-23-thread-1] DEBUG org.activiti.engine.impl.db.DbSqlSession  -   insert ProcessInstance[a6eb7c37-c6c9-11ed-aa5a-de215c025445]
10:48:10,975 [pool-23-thread-1] DEBUG org.activiti.engine.impl.db.DbSqlSession  -   insert HistoricProcessInstanceEntity[superProcessInstanceId=null]
10:48:10,975 [pool-23-thread-1] DEBUG org.activiti.engine.impl.db.DbSqlSession  -   insert Task[id=a6eded55-c6c9-11ed-aa5a-de215c025445, name=null]
10:48:10,975 [pool-23-thread-1] DEBUG org.activiti.engine.impl.db.DbSqlSession  -   insert HistoricTaskInstanceEntity[id=a6eded55-c6c9-11ed-aa5a-de215c025445, name=null]
10:48:10,975 [pool-23-thread-1] DEBUG org.activiti.engine.impl.db.DbSqlSession  -   insert HistoricActivityInstanceEntity[activityId=theStart, activityName=null]
10:48:10,975 [pool-23-thread-1] DEBUG org.activiti.engine.impl.db.DbSqlSession  -   insert HistoricActivityInstanceEntity[activityId=task1, activityName=null]
10:48:10,975 [pool-23-thread-1] DEBUG org.activiti.engine.impl.db.DbSqlSession  -   insert HistoricActivityInstanceEntity[activityId=task2, activityName=null]
10:48:10,975 [pool-23-thread-1] DEBUG org.activiti.engine.impl.db.DbSqlSession  -   insert HistoricActivityInstanceEntity[activityId=task3, activityName=null]
10:48:10,975 [pool-23-thread-1] DEBUG org.activiti.engine.impl.db.DbSqlSession  -   insert HistoricActivityInstanceEntity[activityId=task4, activityName=null]
10:48:10,975 [pool-23-thread-1] DEBUG org.activiti.engine.impl.db.DbSqlSession  - flush summary: 9 insert, 0 update, 0 delete.
10:48:10,975 [pool-23-thread-1] DEBUG org.activiti.engine.impl.db.DbSqlSession  - now executing flush...
10:48:10,975 [pool-23-thread-1] DEBUG org.activiti.engine.impl.db.DbSqlSession  - inserting: HistoricTaskInstanceEntity[id=a6eded55-c6c9-11ed-aa5a-de215c025445, name=null]
10:48:10,974 [pool-23-thread-3] DEBUG org.activiti.engine.impl.persistence.entity.ExecutionEntity.insertExecution  - ==&gt;  Preparing: insert into ACT_RU_EXECUTION (ID_, REV_, PROC_INST_ID_, BUSINESS_KEY_, PROC_DEF_ID_, ACT_ID_, IS_ACTIVE_, IS_CONCURRENT_, IS_SCOPE_,IS_EVENT_SCOPE_, PARENT_ID_, SUPER_EXEC_, SUSPENSION_STATE_, CACHED_ENT_STATE_, TENANT_ID_, NAME_) values ( ?, 1, ?, ?, ?, ?, ?, ?, ?, ?, ?, ?, ?, ?, ?, ? ) 
10:48:10,974 [pool-23-thread-9] DEBUG org.activiti.engine.impl.pvm.runtime.AtomicOperationActivityExecute  - ProcessInstance[a6ee8999-c6c9-11ed-aa5a-de215c025445] executes Activity(theStart): org.activiti.engine.impl.bpmn.behavior.NoneStartEventActivityBehavior
10:48:10,974 [pool-23-thread-7] DEBUG org.activiti.engine.impl.persistence.entity.ProcessDefinitionEntity.selectLatestProcessDefinitionByKey  - &lt;==      Total: 1
10:48:10,974 [pool-23-thread-10] DEBUG org.activiti.engine.impl.persistence.entity.TaskEntity.insertTask  - &lt;==    Updates: 1
10:48:10,974 [pool-23-thread-4] DEBUG org.activiti.engine.impl.cfg.standalone.StandaloneMybatisTransactionContext  - firing event committing...
10:48:10,975 [pool-23-thread-4] DEBUG org.activiti.engine.impl.cfg.standalone.StandaloneMybatisTransactionContext  - committing the ibatis sql session...
10:48:10,975 [pool-23-thread-4] DEBUG org.apache.ibatis.transaction.jdbc.JdbcTransaction  - Committing JDBC Connection [conn154: url=jdbc:h2:mem:activiti-uuid-generator-test user=SA]
10:48:10,975 [pool-23-thread-10] DEBUG org.activiti.engine.impl.cfg.standalone.StandaloneMybatisTransactionContext  - firing event committing...
10:48:10,975 [pool-23-thread-4] DEBUG org.activiti.engine.impl.cfg.standalone.StandaloneMybatisTransactionContext  - firing event committed...
10:48:10,975 [pool-23-thread-4] DEBUG org.apache.ibatis.transaction.jdbc.JdbcTransaction  - Resetting autocommit to true on JDBC Connection [conn154: url=jdbc:h2:mem:activiti-uuid-generator-test user=SA]
10:48:10,975 [pool-23-thread-4] DEBUG org.apache.ibatis.transaction.jdbc.JdbcTransaction  - Closing JDBC Connection [conn154: url=jdbc:h2:mem:activiti-uuid-generator-test user=SA]
10:48:10,975 [pool-23-thread-4] DEBUG org.apache.ibatis.datasource.pooled.PooledDataSource  - Returned connection 640090337 to pool.
10:48:10,975 [pool-23-thread-7] DEBUG org.activiti.engine.impl.persistence.entity.ExecutionEntity  - initializing ProcessInstance[a6eed7be-c6c9-11ed-aa5a-de215c025445]
10:48:10,975 [pool-23-thread-7] DEBUG org.activiti.engine.impl.history.DefaultHistoryManager  - Current history level: AUDIT, level required: ACTIVITY
10:48:10,975 [pool-23-thread-9] DEBUG org.activiti.engine.impl.persistence.entity.JobEntity.selectJobsByExecutionId  - ==&gt;  Preparing: select * from ACT_RU_JOB J where J.EXECUTION_ID_ = ? 
10:48:10,975 [pool-23-thread-3] DEBUG org.activiti.engine.impl.persistence.entity.ExecutionEntity.insertExecution  - ==&gt; Parameters: a6eb0700-c6c9-11ed-aa5a-de215c025445(String), a6eb0700-c6c9-11ed-aa5a-de215c025445(String), null, simpleProcess:1:a6dcaf6e-c6c9-11ed-aa5a-de215c025445(String), task4(String), true(Boolean), false(Boolean), true(Boolean), false(Boolean), null, null, 1(Integer), 2(Integer), (String), null
10:48:10,975 [pool-23-thread-1] DEBUG org.activiti.engine.impl.persistence.entity.HistoricTaskInstanceEntity.insertHistoricTaskInstance  - ==&gt;  Preparing: insert into ACT_HI_TASKINST ( ID_, PROC_DEF_ID_, PROC_INST_ID_, EXECUTION_ID_, NAME_, PARENT_TASK_ID_, DESCRIPTION_, OWNER_, ASSIGNEE_, START_TIME_, CLAIM_TIME_, END_TIME_, DURATION_, DELETE_REASON_, TASK_DEF_KEY_, FORM_KEY_, PRIORITY_, DUE_DATE_, CATEGORY_, TENANT_ID_ ) values ( ?, ?, ?, ?, ?, ?, ?, ?, ?, ?, ?, ?, ?, ?, ?, ?, ?, ?, ?, ? ) 
10:48:10,975 [pool-23-thread-2] DEBUG org.activiti.engine.impl.persistence.entity.JobEntity.selectJobsByExecutionId  - &lt;==      Total: 0
10:48:10,975 [pool-23-thread-2] DEBUG org.activiti.engine.impl.bpmn.behavior.BpmnActivityBehavior  - Leaving activity &apos;theStart&apos;
10:48:10,974 [pool-23-thread-5] DEBUG org.activiti.engine.impl.persistence.entity.JobEntity.selectJobsByExecutionId  - ==&gt;  Preparing: select * from ACT_RU_JOB J where J.EXECUTION_ID_ = ? 
10:48:10,974 [pool-23-thread-8] DEBUG org.activiti.engine.impl.db.DbSqlSession  - inserting: ProcessInstance[a6eba34d-c6c9-11ed-aa5a-de215c025445]
10:48:10,974 [pool-23-thread-6] DEBUG org.activiti.engine.impl.persistence.entity.TaskEntity.selectTasksByExecutionId  - &lt;==      Total: 0
10:48:10,976 [pool-23-thread-8] DEBUG org.activiti.engine.impl.persistence.entity.ExecutionEntity.insertExecution  - ==&gt;  Preparing: insert into ACT_RU_EXECUTION (ID_, REV_, PROC_INST_ID_, BUSINESS_KEY_, PROC_DEF_ID_, ACT_ID_, IS_ACTIVE_, IS_CONCURRENT_, IS_SCOPE_,IS_EVENT_SCOPE_, PARENT_ID_, SUPER_EXEC_, SUSPENSION_STATE_, CACHED_ENT_STATE_, TENANT_ID_, NAME_) values ( ?, 1, ?, ?, ?, ?, ?, ?, ?, ?, ?, ?, ?, ?, ?, ? ) 
10:48:10,975 [pool-23-thread-5] DEBUG org.activiti.engine.impl.persistence.entity.JobEntity.selectJobsByExecutionId  - ==&gt; Parameters: a6ee899b-c6c9-11ed-aa5a-de215c025445(String)
10:48:10,975 [pool-23-thread-2] DEBUG org.activiti.engine.impl.history.DefaultHistoryManager  - Current history level: AUDIT, level required: ACTIVITY
10:48:10,975 [pool-23-thread-1] DEBUG org.activiti.engine.impl.persistence.entity.HistoricTaskInstanceEntity.insertHistoricTaskInstance  - ==&gt; Parameters: a6eded55-c6c9-11ed-aa5a-de215c025445(String), simpleProcess:1:a6dcaf6e-c6c9-11ed-aa5a-de215c025445(String), a6eb7c37-c6c9-11ed-aa5a-de215c025445(String), a6eb7c37-c6c9-11ed-aa5a-de215c025445(String), null, null, null, null, null, 2001-01-01 01:23:46.0(Timestamp), null, null, null, null, task4(String), null, 50(Integer), null, null, (String)
10:48:10,975 [pool-23-thread-3] DEBUG org.activiti.engine.impl.persistence.entity.ExecutionEntity.insertExecution  - &lt;==    Updates: 1
10:48:10,976 [pool-23-thread-3] DEBUG org.activiti.engine.impl.db.DbSqlSession  - inserting: Task[id=a6ed02ef-c6c9-11ed-aa5a-de215c025445, name=null]
10:48:10,975 [pool-23-thread-9] DEBUG org.activiti.engine.impl.persistence.entity.JobEntity.selectJobsByExecutionId  - ==&gt; Parameters: a6ee8999-c6c9-11ed-aa5a-de215c025445(String)
10:48:10,975 [pool-23-thread-7] DEBUG org.activiti.engine.impl.pvm.runtime.AtomicOperationActivityExecute  - ProcessInstance[a6eed7be-c6c9-11ed-aa5a-de215c025445] executes Activity(theStart): org.activiti.engine.impl.bpmn.behavior.NoneStartEventActivityBehavior
10:48:10,975 [pool-23-thread-4] DEBUG org.activiti.engine.impl.interceptor.LogInterceptor  - --- StartProcessInstanceCmd finished --------------------------------------------------------
10:48:10,976 [pool-23-thread-4] DEBUG org.activiti.engine.impl.interceptor.LogInterceptor  - 

10:48:10,975 [pool-23-thread-10] DEBUG org.activiti.engine.impl.cfg.standalone.StandaloneMybatisTransactionContext  - committing the ibatis sql session...
10:48:10,976 [pool-23-thread-10] DEBUG org.apache.ibatis.transaction.jdbc.JdbcTransaction  - Committing JDBC Connection [conn149: url=jdbc:h2:mem:activiti-uuid-generator-test user=SA]
10:48:10,976 [pool-23-thread-4] DEBUG org.activiti.engine.impl.interceptor.LogInterceptor  - 

10:48:10,976 [pool-23-thread-4] DEBUG org.activiti.engine.impl.interceptor.LogInterceptor  - --- starting StartProcessInstanceCmd --------------------------------------------------------
10:48:10,976 [pool-23-thread-7] DEBUG org.activiti.engine.impl.persistence.entity.JobEntity.selectJobsByExecutionId  - ==&gt;  Preparing: select * from ACT_RU_JOB J where J.EXECUTION_ID_ = ? 
10:48:10,976 [pool-23-thread-9] DEBUG org.activiti.engine.impl.persistence.entity.JobEntity.selectJobsByExecutionId  - &lt;==      Total: 0
10:48:10,976 [pool-23-thread-9] DEBUG org.activiti.engine.impl.bpmn.behavior.BpmnActivityBehavior  - Leaving activity &apos;theStart&apos;
10:48:10,976 [pool-23-thread-3] DEBUG org.activiti.engine.impl.persistence.entity.TaskEntity.insertTask  - ==&gt;  Preparing: insert into ACT_RU_TASK (ID_, REV_, NAME_, PARENT_TASK_ID_, DESCRIPTION_, PRIORITY_, CREATE_TIME_, OWNER_, ASSIGNEE_, DELEGATION_, EXECUTION_ID_, PROC_INST_ID_, PROC_DEF_ID_, TASK_DEF_KEY_, DUE_DATE_, CATEGORY_, SUSPENSION_STATE_, TENANT_ID_, FORM_KEY_) values (?, 1, ?, ?, ?, ?, ?, ?, ?, ?, ?, ?, ?, ?, ?, ?, ?, ?, ? ) 
10:48:10,976 [pool-23-thread-1] DEBUG org.activiti.engine.impl.persistence.entity.HistoricTaskInstanceEntity.insertHistoricTaskInstance  - &lt;==    Updates: 1
10:48:10,976 [pool-23-thread-1] DEBUG org.activiti.engine.impl.db.DbSqlSession  - inserting: HistoricProcessInstanceEntity[superProcessInstanceId=null]
10:48:10,976 [pool-23-thread-2] DEBUG org.activiti.engine.impl.pvm.runtime.AtomicOperationTransitionNotifyListenerTake  - ProcessInstance[a6ee6288-c6c9-11ed-aa5a-de215c025445] takes transition (theStart)--flow1--&gt;(task1)
10:48:10,976 [pool-23-thread-5] DEBUG org.activiti.engine.impl.persistence.entity.JobEntity.selectJobsByExecutionId  - &lt;==      Total: 0
10:48:10,976 [pool-23-thread-5] DEBUG org.activiti.engine.impl.bpmn.behavior.BpmnActivityBehavior  - Leaving activity &apos;theStart&apos;
10:48:10,976 [pool-23-thread-5] DEBUG org.activiti.engine.impl.history.DefaultHistoryManager  - Current history level: AUDIT, level required: ACTIVITY
10:48:10,976 [pool-23-thread-8] DEBUG org.activiti.engine.impl.persistence.entity.ExecutionEntity.insertExecution  - ==&gt; Parameters: a6eba34d-c6c9-11ed-aa5a-de215c025445(String), a6eba34d-c6c9-11ed-aa5a-de215c025445(String), null, simpleProcess:1:a6dcaf6e-c6c9-11ed-aa5a-de215c025445(String), task4(String), true(Boolean), false(Boolean), true(Boolean), false(Boolean), null, null, 1(Integer), 2(Integer), (String), null
10:48:10,976 [pool-23-thread-6] DEBUG org.activiti.engine.impl.history.DefaultHistoryManager  - Current history level: AUDIT, level required: AUDIT
10:48:10,976 [pool-23-thread-8] DEBUG org.activiti.engine.impl.persistence.entity.ExecutionEntity.insertExecution  - &lt;==    Updates: 1
10:48:10,977 [pool-23-thread-8] DEBUG org.activiti.engine.impl.db.DbSqlSession  - inserting: Task[id=a6ed5113-c6c9-11ed-aa5a-de215c025445, name=null]
10:48:10,977 [Thread-112] DEBUG org.activiti.engine.impl.asyncexecutor.AcquireAsyncJobsDueRunnable  - async job acquisition thread woke up
10:48:10,977 [Thread-112] DEBUG org.activiti.engine.impl.interceptor.LogInterceptor  - 

10:48:10,977 [Thread-112] DEBUG org.activiti.engine.impl.interceptor.LogInterceptor  - --- starting AcquireAsyncJobsDueCmd --------------------------------------------------------
10:48:10,976 [pool-23-thread-5] DEBUG org.activiti.engine.impl.pvm.runtime.AtomicOperationTransitionNotifyListenerTake  - ProcessInstance[a6ee899b-c6c9-11ed-aa5a-de215c025445] takes transition (theStart)--flow1--&gt;(task1)
10:48:10,977 [pool-23-thread-5] DEBUG org.activiti.engine.impl.history.DefaultHistoryManager  - Current history level: AUDIT, level required: ACTIVITY
10:48:10,977 [pool-23-thread-5] DEBUG org.activiti.engine.impl.pvm.runtime.AtomicOperationActivityExecute  - ProcessInstance[a6ee899b-c6c9-11ed-aa5a-de215c025445] executes Activity(task1): org.activiti.engine.impl.bpmn.behavior.ManualTaskActivityBehavior
10:48:10,977 [pool-23-thread-5] DEBUG org.activiti.engine.impl.bpmn.behavior.BpmnActivityBehavior  - Leaving activity &apos;task1&apos;
10:48:10,977 [pool-23-thread-5] DEBUG org.activiti.engine.impl.history.DefaultHistoryManager  - Current history level: AUDIT, level required: ACTIVITY
10:48:10,976 [pool-23-thread-2] DEBUG org.activiti.engine.impl.history.DefaultHistoryManager  - Current history level: AUDIT, level required: ACTIVITY
10:48:10,976 [pool-23-thread-1] DEBUG org.activiti.engine.impl.persistence.entity.HistoricProcessInstanceEntity.insertHistoricProcessInstance  - ==&gt;  Preparing: insert into ACT_HI_PROCINST ( ID_, PROC_INST_ID_, BUSINESS_KEY_, PROC_DEF_ID_, START_TIME_, END_TIME_, DURATION_, START_USER_ID_, START_ACT_ID_, END_ACT_ID_, SUPER_PROCESS_INSTANCE_ID_, DELETE_REASON_, TENANT_ID_, NAME_ ) values ( ?, ?, ?, ?, ?, ?, ?, ?, ?, ?, ?, ?, ?, ? ) 
10:48:10,977 [pool-23-thread-1] DEBUG org.activiti.engine.impl.persistence.entity.HistoricProcessInstanceEntity.insertHistoricProcessInstance  - ==&gt; Parameters: a6eb7c37-c6c9-11ed-aa5a-de215c025445(String), a6eb7c37-c6c9-11ed-aa5a-de215c025445(String), null, simpleProcess:1:a6dcaf6e-c6c9-11ed-aa5a-de215c025445(String), 2001-01-01 01:23:46.0(Timestamp), null, null, null, theStart(String), null, null, null, (String), null
10:48:10,976 [pool-23-thread-3] DEBUG org.activiti.engine.impl.persistence.entity.TaskEntity.insertTask  - ==&gt; Parameters: a6ed02ef-c6c9-11ed-aa5a-de215c025445(String), null, null, null, 50(Integer), 2001-01-01 01:23:46.0(Timestamp), null, null, null, a6eb0700-c6c9-11ed-aa5a-de215c025445(String), a6eb0700-c6c9-11ed-aa5a-de215c025445(String), simpleProcess:1:a6dcaf6e-c6c9-11ed-aa5a-de215c025445(String), task4(String), null, null, 1(Integer), (String), null
10:48:10,976 [pool-23-thread-9] DEBUG org.activiti.engine.impl.history.DefaultHistoryManager  - Current history level: AUDIT, level required: ACTIVITY
10:48:10,976 [pool-23-thread-7] DEBUG org.activiti.engine.impl.persistence.entity.JobEntity.selectJobsByExecutionId  - ==&gt; Parameters: a6eed7be-c6c9-11ed-aa5a-de215c025445(String)
10:48:10,976 [pool-23-thread-4] DEBUG org.apache.ibatis.transaction.jdbc.JdbcTransaction  - Opening JDBC Connection
10:48:10,977 [pool-23-thread-4] DEBUG org.apache.ibatis.datasource.pooled.PooledDataSource  - Checked out connection 640090337 from pool.
10:48:10,977 [pool-23-thread-4] DEBUG org.apache.ibatis.transaction.jdbc.JdbcTransaction  - Setting autocommit to false on JDBC Connection [conn154: url=jdbc:h2:mem:activiti-uuid-generator-test user=SA]
10:48:10,977 [pool-23-thread-4] DEBUG org.activiti.engine.impl.persistence.entity.ProcessDefinitionEntity.selectLatestProcessDefinitionByKey  - ==&gt;  Preparing: select * from ACT_RE_PROCDEF where KEY_ = ? and (TENANT_ID_ = &apos;&apos; or TENANT_ID_ is null) and VERSION_ = (select max(VERSION_) from ACT_RE_PROCDEF where KEY_ = ? and (TENANT_ID_ = &apos;&apos; or TENANT_ID_ is null)) 
10:48:10,977 [pool-23-thread-4] DEBUG org.activiti.engine.impl.persistence.entity.ProcessDefinitionEntity.selectLatestProcessDefinitionByKey  - ==&gt; Parameters: simpleProcess(String), simpleProcess(String)
10:48:10,977 [pool-23-thread-4] DEBUG org.activiti.engine.impl.persistence.entity.ProcessDefinitionEntity.selectLatestProcessDefinitionByKey  - &lt;==      Total: 1
10:48:10,977 [pool-23-thread-4] DEBUG org.activiti.engine.impl.persistence.entity.ExecutionEntity  - initializing ProcessInstance[a6ef25e2-c6c9-11ed-aa5a-de215c025445]
10:48:10,977 [pool-23-thread-4] DEBUG org.activiti.engine.impl.history.DefaultHistoryManager  - Current history level: AUDIT, level required: ACTIVITY
10:48:10,976 [pool-23-thread-10] DEBUG org.activiti.engine.impl.cfg.standalone.StandaloneMybatisTransactionContext  - firing event committed...
10:48:10,978 [pool-23-thread-10] DEBUG org.apache.ibatis.transaction.jdbc.JdbcTransaction  - Resetting autocommit to true on JDBC Connection [conn149: url=jdbc:h2:mem:activiti-uuid-generator-test user=SA]
10:48:10,977 [pool-23-thread-4] DEBUG org.activiti.engine.impl.pvm.runtime.AtomicOperationActivityExecute  - ProcessInstance[a6ef25e2-c6c9-11ed-aa5a-de215c025445] executes Activity(theStart): org.activiti.engine.impl.bpmn.behavior.NoneStartEventActivityBehavior
10:48:10,977 [pool-23-thread-7] DEBUG org.activiti.engine.impl.persistence.entity.JobEntity.selectJobsByExecutionId  - &lt;==      Total: 0
10:48:10,978 [pool-23-thread-7] DEBUG org.activiti.engine.impl.bpmn.behavior.BpmnActivityBehavior  - Leaving activity &apos;theStart&apos;
10:48:10,978 [pool-23-thread-7] DEBUG org.activiti.engine.impl.history.DefaultHistoryManager  - Current history level: AUDIT, level required: ACTIVITY
10:48:10,978 [pool-23-thread-7] DEBUG org.activiti.engine.impl.pvm.runtime.AtomicOperationTransitionNotifyListenerTake  - ProcessInstance[a6eed7be-c6c9-11ed-aa5a-de215c025445] takes transition (theStart)--flow1--&gt;(task1)
10:48:10,978 [pool-23-thread-7] DEBUG org.activiti.engine.impl.history.DefaultHistoryManager  - Current history level: AUDIT, level required: ACTIVITY
10:48:10,977 [pool-23-thread-9] DEBUG org.activiti.engine.impl.pvm.runtime.AtomicOperationTransitionNotifyListenerTake  - ProcessInstance[a6ee8999-c6c9-11ed-aa5a-de215c025445] takes transition (theStart)--flow1--&gt;(task1)
10:48:10,977 [pool-23-thread-3] DEBUG org.activiti.engine.impl.persistence.entity.TaskEntity.insertTask  - &lt;==    Updates: 1
10:48:10,978 [pool-23-thread-3] DEBUG org.activiti.engine.impl.cfg.standalone.StandaloneMybatisTransactionContext  - firing event committing...
10:48:10,978 [pool-23-thread-3] DEBUG org.activiti.engine.impl.cfg.standalone.StandaloneMybatisTransactionContext  - committing the ibatis sql session...
10:48:10,978 [pool-23-thread-3] DEBUG org.apache.ibatis.transaction.jdbc.JdbcTransaction  - Committing JDBC Connection [conn146: url=jdbc:h2:mem:activiti-uuid-generator-test user=SA]
10:48:10,977 [pool-23-thread-1] DEBUG org.activiti.engine.impl.persistence.entity.HistoricProcessInstanceEntity.insertHistoricProcessInstance  - &lt;==    Updates: 1
10:48:10,978 [pool-23-thread-3] DEBUG org.activiti.engine.impl.cfg.standalone.StandaloneMybatisTransactionContext  - firing event committed...
10:48:10,978 [pool-23-thread-3] DEBUG org.apache.ibatis.transaction.jdbc.JdbcTransaction  - Resetting autocommit to true on JDBC Connection [conn146: url=jdbc:h2:mem:activiti-uuid-generator-test user=SA]
10:48:10,978 [pool-23-thread-3] DEBUG org.apache.ibatis.transaction.jdbc.JdbcTransaction  - Closing JDBC Connection [conn146: url=jdbc:h2:mem:activiti-uuid-generator-test user=SA]
10:48:10,978 [pool-23-thread-3] DEBUG org.apache.ibatis.datasource.pooled.PooledDataSource  - Returned connection 88071124 to pool.
10:48:10,978 [pool-23-thread-3] DEBUG org.activiti.engine.impl.interceptor.LogInterceptor  - --- StartProcessInstanceCmd finished --------------------------------------------------------
10:48:10,978 [pool-23-thread-3] DEBUG org.activiti.engine.impl.interceptor.LogInterceptor  - 

10:48:10,977 [pool-23-thread-2] DEBUG org.activiti.engine.impl.pvm.runtime.AtomicOperationActivityExecute  - ProcessInstance[a6ee6288-c6c9-11ed-aa5a-de215c025445] executes Activity(task1): org.activiti.engine.impl.bpmn.behavior.ManualTaskActivityBehavior
10:48:10,977 [pool-23-thread-5] DEBUG org.activiti.engine.impl.pvm.runtime.AtomicOperationTransitionNotifyListenerTake  - ProcessInstance[a6ee899b-c6c9-11ed-aa5a-de215c025445] takes transition (task1)--flow2--&gt;(task2)
10:48:10,978 [pool-23-thread-5] DEBUG org.activiti.engine.impl.history.DefaultHistoryManager  - Current history level: AUDIT, level required: ACTIVITY
10:48:10,978 [pool-23-thread-5] DEBUG org.activiti.engine.impl.pvm.runtime.AtomicOperationActivityExecute  - ProcessInstance[a6ee899b-c6c9-11ed-aa5a-de215c025445] executes Activity(task2): org.activiti.engine.impl.bpmn.behavior.ManualTaskActivityBehavior
10:48:10,978 [pool-23-thread-5] DEBUG org.activiti.engine.impl.bpmn.behavior.BpmnActivityBehavior  - Leaving activity &apos;task2&apos;
10:48:10,978 [pool-23-thread-5] DEBUG org.activiti.engine.impl.history.DefaultHistoryManager  - Current history level: AUDIT, level required: ACTIVITY
10:48:10,978 [pool-23-thread-5] DEBUG org.activiti.engine.impl.pvm.runtime.AtomicOperationTransitionNotifyListenerTake  - ProcessInstance[a6ee899b-c6c9-11ed-aa5a-de215c025445] takes transition (task2)--flow3--&gt;(task3)
10:48:10,978 [pool-23-thread-5] DEBUG org.activiti.engine.impl.history.DefaultHistoryManager  - Current history level: AUDIT, level required: ACTIVITY
10:48:10,977 [Thread-112] DEBUG org.apache.ibatis.transaction.jdbc.JdbcTransaction  - Opening JDBC Connection
10:48:10,979 [Thread-112] DEBUG org.apache.ibatis.datasource.pooled.PooledDataSource  - Checked out connection 58501658 from pool.
10:48:10,979 [Thread-112] DEBUG org.apache.ibatis.transaction.jdbc.JdbcTransaction  - Setting autocommit to false on JDBC Connection [conn68: url=jdbc:h2:mem:activiti-AsyncExecutorTest user=SA]
10:48:10,977 [Thread-103] DEBUG org.activiti.engine.impl.asyncexecutor.AcquireAsyncJobsDueRunnable  - async job acquisition thread woke up
10:48:10,979 [Thread-103] DEBUG org.activiti.engine.impl.interceptor.LogInterceptor  - 

10:48:10,979 [Thread-103] DEBUG org.activiti.engine.impl.interceptor.LogInterceptor  - --- starting AcquireAsyncJobsDueCmd --------------------------------------------------------
10:48:10,977 [pool-23-thread-8] DEBUG org.activiti.engine.impl.persistence.entity.TaskEntity.insertTask  - ==&gt;  Preparing: insert into ACT_RU_TASK (ID_, REV_, NAME_, PARENT_TASK_ID_, DESCRIPTION_, PRIORITY_, CREATE_TIME_, OWNER_, ASSIGNEE_, DELEGATION_, EXECUTION_ID_, PROC_INST_ID_, PROC_DEF_ID_, TASK_DEF_KEY_, DUE_DATE_, CATEGORY_, SUSPENSION_STATE_, TENANT_ID_, FORM_KEY_) values (?, 1, ?, ?, ?, ?, ?, ?, ?, ?, ?, ?, ?, ?, ?, ?, ?, ?, ? ) 
10:48:10,977 [Thread-106] DEBUG org.activiti.engine.impl.asyncexecutor.AcquireAsyncJobsDueRunnable  - async job acquisition thread woke up
10:48:10,979 [pool-23-thread-8] DEBUG org.activiti.engine.impl.persistence.entity.TaskEntity.insertTask  - ==&gt; Parameters: a6ed5113-c6c9-11ed-aa5a-de215c025445(String), null, null, null, 50(Integer), 2001-01-01 01:23:46.0(Timestamp), null, null, null, a6eba34d-c6c9-11ed-aa5a-de215c025445(String), a6eba34d-c6c9-11ed-aa5a-de215c025445(String), simpleProcess:1:a6dcaf6e-c6c9-11ed-aa5a-de215c025445(String), task4(String), null, null, 1(Integer), (String), null
10:48:10,979 [pool-23-thread-8] DEBUG org.activiti.engine.impl.persistence.entity.TaskEntity.insertTask  - &lt;==    Updates: 1
10:48:10,979 [pool-23-thread-8] DEBUG org.activiti.engine.impl.cfg.standalone.StandaloneMybatisTransactionContext  - firing event committing...
10:48:10,979 [pool-23-thread-8] DEBUG org.activiti.engine.impl.cfg.standalone.StandaloneMybatisTransactionContext  - committing the ibatis sql session...
10:48:10,979 [pool-23-thread-8] DEBUG org.apache.ibatis.transaction.jdbc.JdbcTransaction  - Committing JDBC Connection [conn155: url=jdbc:h2:mem:activiti-uuid-generator-test user=SA]
10:48:10,979 [pool-23-thread-8] DEBUG org.activiti.engine.impl.cfg.standalone.StandaloneMybatisTransactionContext  - firing event committed...
10:48:10,979 [pool-23-thread-8] DEBUG org.apache.ibatis.transaction.jdbc.JdbcTransaction  - Resetting autocommit to true on JDBC Connection [conn155: url=jdbc:h2:mem:activiti-uuid-generator-test user=SA]
10:48:10,979 [pool-23-thread-8] DEBUG org.apache.ibatis.transaction.jdbc.JdbcTransaction  - Closing JDBC Connection [conn155: url=jdbc:h2:mem:activiti-uuid-generator-test user=SA]
10:48:10,979 [pool-23-thread-8] DEBUG org.apache.ibatis.datasource.pooled.PooledDataSource  - Returned connection 1225090506 to pool.
10:48:10,979 [pool-23-thread-8] DEBUG org.activiti.engine.impl.interceptor.LogInterceptor  - --- StartProcessInstanceCmd finished --------------------------------------------------------
10:48:10,979 [pool-23-thread-8] DEBUG org.activiti.engine.impl.interceptor.LogInterceptor  - 

10:48:10,979 [pool-23-thread-8] DEBUG org.activiti.engine.impl.interceptor.LogInterceptor  - 

10:48:10,979 [pool-23-thread-8] DEBUG org.activiti.engine.impl.interceptor.LogInterceptor  - --- starting StartProcessInstanceCmd --------------------------------------------------------
10:48:10,977 [Thread-105] DEBUG org.activiti.engine.impl.asyncexecutor.AcquireTimerJobsRunnable  - timer job acquisition thread woke up
10:48:10,979 [Thread-105] DEBUG org.activiti.engine.impl.interceptor.LogInterceptor  - 

10:48:10,979 [Thread-105] DEBUG org.activiti.engine.impl.interceptor.LogInterceptor  - --- starting AcquireTimerJobsCmd --------------------------------------------------------
10:48:10,977 [Thread-102] DEBUG org.activiti.engine.impl.asyncexecutor.AcquireTimerJobsRunnable  - timer job acquisition thread woke up
10:48:10,979 [Thread-102] DEBUG org.activiti.engine.impl.interceptor.LogInterceptor  - 

10:48:10,979 [Thread-102] DEBUG org.activiti.engine.impl.interceptor.LogInterceptor  - --- starting AcquireTimerJobsCmd --------------------------------------------------------
10:48:10,979 [Thread-102] DEBUG org.apache.ibatis.transaction.jdbc.JdbcTransaction  - Opening JDBC Connection
10:48:10,979 [Thread-102] DEBUG org.apache.ibatis.datasource.pooled.PooledDataSource  - Checked out connection 720039383 from pool.
10:48:10,979 [Thread-102] DEBUG org.apache.ibatis.transaction.jdbc.JdbcTransaction  - Setting autocommit to false on JDBC Connection [conn59: url=jdbc:h2:mem:activiti-AsyncExecutorTest user=SA]
10:48:10,979 [Thread-102] DEBUG org.activiti.engine.impl.persistence.entity.JobEntity.selectNextTimerJobsToExecute  - ==&gt;  Preparing: select RES.* from ACT_RU_JOB RES LEFT OUTER JOIN ACT_RU_EXECUTION PI ON PI.ID_ = RES.PROCESS_INSTANCE_ID_ where (RES.RETRIES_ &gt; 0) and (RES.DUEDATE_ is null or RES.DUEDATE_ &lt;= ?) and (RES.LOCK_OWNER_ is null or RES.LOCK_EXP_TIME_ &lt;= ?) and TYPE_ = &apos;timer&apos; and ( (RES.EXECUTION_ID_ is null) or (PI.SUSPENSION_STATE_ = 1) ) LIMIT ? OFFSET ? 
10:48:10,977 [Thread-111] DEBUG org.activiti.engine.impl.asyncexecutor.AcquireTimerJobsRunnable  - timer job acquisition thread woke up
10:48:10,979 [Thread-111] DEBUG org.activiti.engine.impl.interceptor.LogInterceptor  - 

10:48:10,979 [Thread-111] DEBUG org.activiti.engine.impl.interceptor.LogInterceptor  - --- starting AcquireTimerJobsCmd --------------------------------------------------------
10:48:10,980 [Thread-111] DEBUG org.apache.ibatis.transaction.jdbc.JdbcTransaction  - Opening JDBC Connection
10:48:10,980 [Thread-111] DEBUG org.apache.ibatis.datasource.pooled.PooledDataSource  - Checked out connection 1863805930 from pool.
10:48:10,980 [Thread-111] DEBUG org.apache.ibatis.transaction.jdbc.JdbcTransaction  - Setting autocommit to false on JDBC Connection [conn69: url=jdbc:h2:mem:activiti-AsyncExecutorTest user=SA]
10:48:10,977 [pool-23-thread-6] DEBUG org.activiti.engine.impl.history.DefaultHistoryManager  - Current history level: AUDIT, level required: AUDIT
10:48:10,980 [pool-23-thread-6] DEBUG org.activiti.engine.impl.history.DefaultHistoryManager  - Current history level: AUDIT, level required: AUDIT
10:48:10,980 [Thread-111] DEBUG org.activiti.engine.impl.persistence.entity.JobEntity.selectNextTimerJobsToExecute  - ==&gt;  Preparing: select RES.* from ACT_RU_JOB RES LEFT OUTER JOIN ACT_RU_EXECUTION PI ON PI.ID_ = RES.PROCESS_INSTANCE_ID_ where (RES.RETRIES_ &gt; 0) and (RES.DUEDATE_ is null or RES.DUEDATE_ &lt;= ?) and (RES.LOCK_OWNER_ is null or RES.LOCK_EXP_TIME_ &lt;= ?) and TYPE_ = &apos;timer&apos; and ( (RES.EXECUTION_ID_ is null) or (PI.SUSPENSION_STATE_ = 1) ) LIMIT ? OFFSET ? 
10:48:10,979 [Thread-102] DEBUG org.activiti.engine.impl.persistence.entity.JobEntity.selectNextTimerJobsToExecute  - ==&gt; Parameters: 2001-01-01 01:23:46.0(Timestamp), 2001-01-01 01:23:46.0(Timestamp), 1(Integer), 0(Integer)
10:48:10,979 [Thread-105] DEBUG org.apache.ibatis.transaction.jdbc.JdbcTransaction  - Opening JDBC Connection
10:48:10,980 [Thread-105] DEBUG org.apache.ibatis.datasource.pooled.PooledDataSource  - Checked out connection 54468349 from pool.
10:48:10,980 [Thread-105] DEBUG org.apache.ibatis.transaction.jdbc.JdbcTransaction  - Setting autocommit to false on JDBC Connection [conn64: url=jdbc:h2:mem:activiti-AsyncExecutorTest user=SA]
10:48:10,979 [pool-23-thread-8] DEBUG org.apache.ibatis.transaction.jdbc.JdbcTransaction  - Opening JDBC Connection
10:48:10,980 [pool-23-thread-8] DEBUG org.apache.ibatis.datasource.pooled.PooledDataSource  - Checked out connection 88071124 from pool.
10:48:10,980 [pool-23-thread-8] DEBUG org.apache.ibatis.transaction.jdbc.JdbcTransaction  - Setting autocommit to false on JDBC Connection [conn146: url=jdbc:h2:mem:activiti-uuid-generator-test user=SA]
10:48:10,979 [Thread-106] DEBUG org.activiti.engine.impl.interceptor.LogInterceptor  - 

10:48:10,980 [Thread-106] DEBUG org.activiti.engine.impl.interceptor.LogInterceptor  - --- starting AcquireAsyncJobsDueCmd --------------------------------------------------------
10:48:10,979 [Thread-103] DEBUG org.apache.ibatis.transaction.jdbc.JdbcTransaction  - Opening JDBC Connection
10:48:10,980 [Thread-103] DEBUG org.apache.ibatis.datasource.pooled.PooledDataSource  - Checked out connection 157985567 from pool.
10:48:10,980 [Thread-103] DEBUG org.apache.ibatis.transaction.jdbc.JdbcTransaction  - Setting autocommit to false on JDBC Connection [conn61: url=jdbc:h2:mem:activiti-AsyncExecutorTest user=SA]
10:48:10,979 [Thread-112] DEBUG org.activiti.engine.impl.persistence.entity.JobEntity.selectAsyncJobsDueToExecute  - ==&gt;  Preparing: select RES.* from ACT_RU_JOB RES LEFT OUTER JOIN ACT_RU_EXECUTION PI ON PI.ID_ = RES.PROCESS_INSTANCE_ID_ where RES.RETRIES_ &gt; 0 and RES.DUEDATE_ is not null and RES.DUEDATE_ &lt;= ? and (RES.LOCK_EXP_TIME_ is null or RES.LOCK_EXP_TIME_ &lt;= ?) and TYPE_ = &apos;message&apos; and ( (RES.EXECUTION_ID_ is null) or (PI.SUSPENSION_STATE_ = 1) ) LIMIT ? OFFSET ? 
10:48:10,978 [pool-23-thread-5] DEBUG org.activiti.engine.impl.pvm.runtime.AtomicOperationActivityExecute  - ProcessInstance[a6ee899b-c6c9-11ed-aa5a-de215c025445] executes Activity(task3): org.activiti.engine.impl.bpmn.behavior.ManualTaskActivityBehavior
10:48:10,978 [pool-23-thread-1] DEBUG org.activiti.engine.impl.persistence.entity.HistoricActivityInstanceEntity.bulkInsertHistoricActivityInstance  - ==&gt;  Preparing: insert into ACT_HI_ACTINST ( ID_, PROC_DEF_ID_, PROC_INST_ID_, EXECUTION_ID_, ACT_ID_, TASK_ID_, CALL_PROC_INST_ID_, ACT_NAME_, ACT_TYPE_, ASSIGNEE_, START_TIME_, END_TIME_, DURATION_, TENANT_ID_ ) values (?, ?, ?, ?, ?, ?, ?, ?, ?, ?, ?, ?, ?, ?) , (?, ?, ?, ?, ?, ?, ?, ?, ?, ?, ?, ?, ?, ?) , (?, ?, ?, ?, ?, ?, ?, ?, ?, ?, ?, ?, ?, ?) , (?, ?, ?, ?, ?, ?, ?, ?, ?, ?, ?, ?, ?, ?) , (?, ?, ?, ?, ?, ?, ?, ?, ?, ?, ?, ?, ?, ?) 
10:48:10,978 [pool-23-thread-2] DEBUG org.activiti.engine.impl.bpmn.behavior.BpmnActivityBehavior  - Leaving activity &apos;task1&apos;
10:48:10,978 [pool-23-thread-3] DEBUG org.activiti.engine.impl.interceptor.LogInterceptor  - 

10:48:10,980 [pool-23-thread-3] DEBUG org.activiti.engine.impl.interceptor.LogInterceptor  - --- starting StartProcessInstanceCmd --------------------------------------------------------
10:48:10,980 [pool-23-thread-3] DEBUG org.apache.ibatis.transaction.jdbc.JdbcTransaction  - Opening JDBC Connection
10:48:10,980 [pool-23-thread-3] DEBUG org.apache.ibatis.datasource.pooled.PooledDataSource  - Checked out connection 1225090506 from pool.
10:48:10,980 [pool-23-thread-3] DEBUG org.apache.ibatis.transaction.jdbc.JdbcTransaction  - Setting autocommit to false on JDBC Connection [conn155: url=jdbc:h2:mem:activiti-uuid-generator-test user=SA]
10:48:10,978 [pool-23-thread-9] DEBUG org.activiti.engine.impl.history.DefaultHistoryManager  - Current history level: AUDIT, level required: ACTIVITY
10:48:10,978 [pool-23-thread-7] DEBUG org.activiti.engine.impl.pvm.runtime.AtomicOperationActivityExecute  - ProcessInstance[a6eed7be-c6c9-11ed-aa5a-de215c025445] executes Activity(task1): org.activiti.engine.impl.bpmn.behavior.ManualTaskActivityBehavior
10:48:10,978 [pool-23-thread-4] DEBUG org.activiti.engine.impl.persistence.entity.JobEntity.selectJobsByExecutionId  - ==&gt;  Preparing: select * from ACT_RU_JOB J where J.EXECUTION_ID_ = ? 
10:48:10,978 [pool-23-thread-10] DEBUG org.apache.ibatis.transaction.jdbc.JdbcTransaction  - Closing JDBC Connection [conn149: url=jdbc:h2:mem:activiti-uuid-generator-test user=SA]
10:48:10,981 [pool-23-thread-10] DEBUG org.apache.ibatis.datasource.pooled.PooledDataSource  - Returned connection 416618450 to pool.
10:48:10,981 [pool-23-thread-10] DEBUG org.activiti.engine.impl.interceptor.LogInterceptor  - --- StartProcessInstanceCmd finished --------------------------------------------------------
10:48:10,981 [pool-23-thread-10] DEBUG org.activiti.engine.impl.interceptor.LogInterceptor  - 

10:48:10,981 [pool-23-thread-4] DEBUG org.activiti.engine.impl.persistence.entity.JobEntity.selectJobsByExecutionId  - ==&gt; Parameters: a6ef25e2-c6c9-11ed-aa5a-de215c025445(String)
10:48:10,981 [pool-23-thread-7] DEBUG org.activiti.engine.impl.bpmn.behavior.BpmnActivityBehavior  - Leaving activity &apos;task1&apos;
10:48:10,981 [pool-23-thread-9] DEBUG org.activiti.engine.impl.pvm.runtime.AtomicOperationActivityExecute  - ProcessInstance[a6ee8999-c6c9-11ed-aa5a-de215c025445] executes Activity(task1): org.activiti.engine.impl.bpmn.behavior.ManualTaskActivityBehavior
10:48:10,980 [pool-23-thread-3] DEBUG org.activiti.engine.impl.persistence.entity.ProcessDefinitionEntity.selectLatestProcessDefinitionByKey  - ==&gt;  Preparing: select * from ACT_RE_PROCDEF where KEY_ = ? and (TENANT_ID_ = &apos;&apos; or TENANT_ID_ is null) and VERSION_ = (select max(VERSION_) from ACT_RE_PROCDEF where KEY_ = ? and (TENANT_ID_ = &apos;&apos; or TENANT_ID_ is null)) 
10:48:10,980 [pool-23-thread-1] DEBUG org.activiti.engine.impl.persistence.entity.HistoricActivityInstanceEntity.bulkInsertHistoricActivityInstance  - ==&gt; Parameters: a6ebca5f-c6c9-11ed-aa5a-de215c025445(String), simpleProcess:1:a6dcaf6e-c6c9-11ed-aa5a-de215c025445(String), a6eb7c37-c6c9-11ed-aa5a-de215c025445(String), a6eb7c37-c6c9-11ed-aa5a-de215c025445(String), theStart(String), null, null, null, startEvent(String), null, 2001-01-01 01:23:46.0(Timestamp), 2001-01-01 01:23:46.0(Timestamp), 0(Long), (String), a6ec8db8-c6c9-11ed-aa5a-de215c025445(String), simpleProcess:1:a6dcaf6e-c6c9-11ed-aa5a-de215c025445(String), a6eb7c37-c6c9-11ed-aa5a-de215c025445(String), a6eb7c37-c6c9-11ed-aa5a-de215c025445(String), task1(String), null, null, null, manualTask(String), null, 2001-01-01 01:23:46.0(Timestamp), 2001-01-01 01:23:46.0(Timestamp), 0(Long), (String), a6ed02ed-c6c9-11ed-aa5a-de215c025445(String), simpleProcess:1:a6dcaf6e-c6c9-11ed-aa5a-de215c025445(String), a6eb7c37-c6c9-11ed-aa5a-de215c025445(String), a6eb7c37-c6c9-11ed-aa5a-de215c025445(String), task2(String), null, null, null, manualTask(String), null, 2001-01-01 01:23:46.0(Timestamp), 2001-01-01 01:23:46.0(Timestamp), 0(Long), (String), a6ed2a00-c6c9-11ed-aa5a-de215c025445(String), simpleProcess:1:a6dcaf6e-c6c9-11ed-aa5a-de215c025445(String), a6eb7c37-c6c9-11ed-aa5a-de215c025445(String), a6eb7c37-c6c9-11ed-aa5a-de215c025445(String), task3(String), null, null, null, manualTask(String), null, 2001-01-01 01:23:46.0(Timestamp), 2001-01-01 01:23:46.0(Timestamp), 0(Long), (String), a6edc644-c6c9-11ed-aa5a-de215c025445(String), simpleProcess:1:a6dcaf6e-c6c9-11ed-aa5a-de215c025445(String), a6eb7c37-c6c9-11ed-aa5a-de215c025445(String), a6eb7c37-c6c9-11ed-aa5a-de215c025445(String), task4(String), a6eded55-c6c9-11ed-aa5a-de215c025445(String), null, null, userTask(String), null, 2001-01-01 01:23:46.0(Timestamp), null, null, (String)
10:48:10,980 [pool-23-thread-2] DEBUG org.activiti.engine.impl.history.DefaultHistoryManager  - Current history level: AUDIT, level required: ACTIVITY
10:48:10,981 [pool-23-thread-1] DEBUG org.activiti.engine.impl.persistence.entity.HistoricActivityInstanceEntity.bulkInsertHistoricActivityInstance  - &lt;==    Updates: 5
10:48:10,981 [pool-23-thread-1] DEBUG org.activiti.engine.impl.db.DbSqlSession  - inserting: ProcessInstance[a6eb7c37-c6c9-11ed-aa5a-de215c025445]
10:48:10,980 [pool-23-thread-5] DEBUG org.activiti.engine.impl.bpmn.behavior.BpmnActivityBehavior  - Leaving activity &apos;task3&apos;
10:48:10,981 [pool-23-thread-5] DEBUG org.activiti.engine.impl.history.DefaultHistoryManager  - Current history level: AUDIT, level required: ACTIVITY
10:48:10,980 [Thread-112] DEBUG org.activiti.engine.impl.persistence.entity.JobEntity.selectAsyncJobsDueToExecute  - ==&gt; Parameters: 2001-01-01 01:23:46.0(Timestamp), 2001-01-01 01:23:46.0(Timestamp), 1(Integer), 0(Integer)
10:48:10,980 [Thread-103] DEBUG org.activiti.engine.impl.persistence.entity.JobEntity.selectAsyncJobsDueToExecute  - ==&gt;  Preparing: select RES.* from ACT_RU_JOB RES LEFT OUTER JOIN ACT_RU_EXECUTION PI ON PI.ID_ = RES.PROCESS_INSTANCE_ID_ where RES.RETRIES_ &gt; 0 and RES.DUEDATE_ is not null and RES.DUEDATE_ &lt;= ? and (RES.LOCK_EXP_TIME_ is null or RES.LOCK_EXP_TIME_ &lt;= ?) and TYPE_ = &apos;message&apos; and ( (RES.EXECUTION_ID_ is null) or (PI.SUSPENSION_STATE_ = 1) ) LIMIT ? OFFSET ? 
10:48:10,980 [Thread-106] DEBUG org.apache.ibatis.transaction.jdbc.JdbcTransaction  - Opening JDBC Connection
10:48:10,981 [Thread-106] DEBUG org.apache.ibatis.datasource.pooled.PooledDataSource  - Checked out connection 1970103261 from pool.
10:48:10,981 [Thread-106] DEBUG org.apache.ibatis.transaction.jdbc.JdbcTransaction  - Setting autocommit to false on JDBC Connection [conn63: url=jdbc:h2:mem:activiti-AsyncExecutorTest user=SA]
10:48:10,980 [pool-23-thread-8] DEBUG org.activiti.engine.impl.persistence.entity.ProcessDefinitionEntity.selectLatestProcessDefinitionByKey  - ==&gt;  Preparing: select * from ACT_RE_PROCDEF where KEY_ = ? and (TENANT_ID_ = &apos;&apos; or TENANT_ID_ is null) and VERSION_ = (select max(VERSION_) from ACT_RE_PROCDEF where KEY_ = ? and (TENANT_ID_ = &apos;&apos; or TENANT_ID_ is null)) 
10:48:10,980 [Thread-105] DEBUG org.activiti.engine.impl.persistence.entity.JobEntity.selectNextTimerJobsToExecute  - ==&gt;  Preparing: select RES.* from ACT_RU_JOB RES LEFT OUTER JOIN ACT_RU_EXECUTION PI ON PI.ID_ = RES.PROCESS_INSTANCE_ID_ where (RES.RETRIES_ &gt; 0) and (RES.DUEDATE_ is null or RES.DUEDATE_ &lt;= ?) and (RES.LOCK_OWNER_ is null or RES.LOCK_EXP_TIME_ &lt;= ?) and TYPE_ = &apos;timer&apos; and ( (RES.EXECUTION_ID_ is null) or (PI.SUSPENSION_STATE_ = 1) ) LIMIT ? OFFSET ? 
10:48:10,980 [Thread-102] DEBUG org.activiti.engine.impl.persistence.entity.JobEntity.selectNextTimerJobsToExecute  - &lt;==      Total: 0
10:48:10,980 [Thread-111] DEBUG org.activiti.engine.impl.persistence.entity.JobEntity.selectNextTimerJobsToExecute  - ==&gt; Parameters: 2001-01-01 01:23:46.0(Timestamp), 2001-01-01 01:23:46.0(Timestamp), 1(Integer), 0(Integer)
10:48:10,980 [pool-23-thread-6] DEBUG org.activiti.engine.impl.history.DefaultHistoryManager  - Current history level: AUDIT, level required: ACTIVITY
10:48:10,981 [Thread-111] DEBUG org.activiti.engine.impl.persistence.entity.JobEntity.selectNextTimerJobsToExecute  - &lt;==      Total: 0
10:48:10,981 [Thread-102] DEBUG org.activiti.engine.impl.db.DbSqlSession  - flush summary: 0 insert, 0 update, 0 delete.
10:48:10,982 [Thread-102] DEBUG org.activiti.engine.impl.db.DbSqlSession  - now executing flush...
10:48:10,982 [Thread-102] DEBUG org.activiti.engine.impl.cfg.standalone.StandaloneMybatisTransactionContext  - firing event committing...
10:48:10,982 [Thread-102] DEBUG org.activiti.engine.impl.cfg.standalone.StandaloneMybatisTransactionContext  - committing the ibatis sql session...
10:48:10,982 [Thread-102] DEBUG org.activiti.engine.impl.cfg.standalone.StandaloneMybatisTransactionContext  - firing event committed...
10:48:10,982 [Thread-102] DEBUG org.apache.ibatis.transaction.jdbc.JdbcTransaction  - Resetting autocommit to true on JDBC Connection [conn59: url=jdbc:h2:mem:activiti-AsyncExecutorTest user=SA]
10:48:10,981 [Thread-105] DEBUG org.activiti.engine.impl.persistence.entity.JobEntity.selectNextTimerJobsToExecute  - ==&gt; Parameters: 2001-01-01 01:23:46.0(Timestamp), 2001-01-01 01:23:46.0(Timestamp), 1(Integer), 0(Integer)
10:48:10,981 [pool-23-thread-8] DEBUG org.activiti.engine.impl.persistence.entity.ProcessDefinitionEntity.selectLatestProcessDefinitionByKey  - ==&gt; Parameters: simpleProcess(String), simpleProcess(String)
10:48:10,981 [Thread-106] DEBUG org.activiti.engine.impl.persistence.entity.JobEntity.selectAsyncJobsDueToExecute  - ==&gt;  Preparing: select RES.* from ACT_RU_JOB RES LEFT OUTER JOIN ACT_RU_EXECUTION PI ON PI.ID_ = RES.PROCESS_INSTANCE_ID_ where RES.RETRIES_ &gt; 0 and RES.DUEDATE_ is not null and RES.DUEDATE_ &lt;= ? and (RES.LOCK_EXP_TIME_ is null or RES.LOCK_EXP_TIME_ &lt;= ?) and TYPE_ = &apos;message&apos; and ( (RES.EXECUTION_ID_ is null) or (PI.SUSPENSION_STATE_ = 1) ) LIMIT ? OFFSET ? 
10:48:10,981 [Thread-103] DEBUG org.activiti.engine.impl.persistence.entity.JobEntity.selectAsyncJobsDueToExecute  - ==&gt; Parameters: 2001-01-01 01:23:46.0(Timestamp), 2001-01-01 01:23:46.0(Timestamp), 1(Integer), 0(Integer)
10:48:10,981 [Thread-112] DEBUG org.activiti.engine.impl.persistence.entity.JobEntity.selectAsyncJobsDueToExecute  - &lt;==      Total: 0
10:48:10,981 [pool-23-thread-5] DEBUG org.activiti.engine.impl.pvm.runtime.AtomicOperationTransitionNotifyListenerTake  - ProcessInstance[a6ee899b-c6c9-11ed-aa5a-de215c025445] takes transition (task3)--flow4--&gt;(task4)
10:48:10,981 [pool-23-thread-1] DEBUG org.activiti.engine.impl.persistence.entity.ExecutionEntity.insertExecution  - ==&gt;  Preparing: insert into ACT_RU_EXECUTION (ID_, REV_, PROC_INST_ID_, BUSINESS_KEY_, PROC_DEF_ID_, ACT_ID_, IS_ACTIVE_, IS_CONCURRENT_, IS_SCOPE_,IS_EVENT_SCOPE_, PARENT_ID_, SUPER_EXEC_, SUSPENSION_STATE_, CACHED_ENT_STATE_, TENANT_ID_, NAME_) values ( ?, 1, ?, ?, ?, ?, ?, ?, ?, ?, ?, ?, ?, ?, ?, ? ) 
10:48:10,981 [pool-23-thread-2] DEBUG org.activiti.engine.impl.pvm.runtime.AtomicOperationTransitionNotifyListenerTake  - ProcessInstance[a6ee6288-c6c9-11ed-aa5a-de215c025445] takes transition (task1)--flow2--&gt;(task2)
10:48:10,981 [pool-23-thread-3] DEBUG org.activiti.engine.impl.persistence.entity.ProcessDefinitionEntity.selectLatestProcessDefinitionByKey  - ==&gt; Parameters: simpleProcess(String), simpleProcess(String)
10:48:10,981 [pool-23-thread-9] DEBUG org.activiti.engine.impl.bpmn.behavior.BpmnActivityBehavior  - Leaving activity &apos;task1&apos;
10:48:10,982 [pool-23-thread-3] DEBUG org.activiti.engine.impl.persistence.entity.ProcessDefinitionEntity.selectLatestProcessDefinitionByKey  - &lt;==      Total: 1
10:48:10,981 [pool-23-thread-7] DEBUG org.activiti.engine.impl.history.DefaultHistoryManager  - Current history level: AUDIT, level required: ACTIVITY
10:48:10,981 [pool-23-thread-4] DEBUG org.activiti.engine.impl.persistence.entity.JobEntity.selectJobsByExecutionId  - &lt;==      Total: 0
10:48:10,982 [pool-23-thread-4] DEBUG org.activiti.engine.impl.bpmn.behavior.BpmnActivityBehavior  - Leaving activity &apos;theStart&apos;
10:48:10,982 [pool-23-thread-4] DEBUG org.activiti.engine.impl.history.DefaultHistoryManager  - Current history level: AUDIT, level required: ACTIVITY
10:48:10,981 [pool-23-thread-10] DEBUG org.activiti.engine.impl.interceptor.LogInterceptor  - 

10:48:10,982 [pool-23-thread-10] DEBUG org.activiti.engine.impl.interceptor.LogInterceptor  - --- starting StartProcessInstanceCmd --------------------------------------------------------
10:48:10,982 [pool-23-thread-4] DEBUG org.activiti.engine.impl.pvm.runtime.AtomicOperationTransitionNotifyListenerTake  - ProcessInstance[a6ef25e2-c6c9-11ed-aa5a-de215c025445] takes transition (theStart)--flow1--&gt;(task1)
10:48:10,982 [pool-23-thread-7] DEBUG org.activiti.engine.impl.pvm.runtime.AtomicOperationTransitionNotifyListenerTake  - ProcessInstance[a6eed7be-c6c9-11ed-aa5a-de215c025445] takes transition (task1)--flow2--&gt;(task2)
10:48:10,982 [pool-23-thread-3] DEBUG org.activiti.engine.impl.persistence.entity.ExecutionEntity  - initializing ProcessInstance[a6efe938-c6c9-11ed-aa5a-de215c025445]
10:48:10,982 [pool-23-thread-3] DEBUG org.activiti.engine.impl.history.DefaultHistoryManager  - Current history level: AUDIT, level required: ACTIVITY
10:48:10,982 [pool-23-thread-9] DEBUG org.activiti.engine.impl.history.DefaultHistoryManager  - Current history level: AUDIT, level required: ACTIVITY
10:48:10,982 [pool-23-thread-9] DEBUG org.activiti.engine.impl.pvm.runtime.AtomicOperationTransitionNotifyListenerTake  - ProcessInstance[a6ee8999-c6c9-11ed-aa5a-de215c025445] takes transition (task1)--flow2--&gt;(task2)
10:48:10,983 [pool-23-thread-9] DEBUG org.activiti.engine.impl.history.DefaultHistoryManager  - Current history level: AUDIT, level required: ACTIVITY
10:48:10,982 [pool-23-thread-2] DEBUG org.activiti.engine.impl.history.DefaultHistoryManager  - Current history level: AUDIT, level required: ACTIVITY
10:48:10,982 [pool-23-thread-1] DEBUG org.activiti.engine.impl.persistence.entity.ExecutionEntity.insertExecution  - ==&gt; Parameters: a6eb7c37-c6c9-11ed-aa5a-de215c025445(String), a6eb7c37-c6c9-11ed-aa5a-de215c025445(String), null, simpleProcess:1:a6dcaf6e-c6c9-11ed-aa5a-de215c025445(String), task4(String), true(Boolean), false(Boolean), true(Boolean), false(Boolean), null, null, 1(Integer), 2(Integer), (String), null
10:48:10,982 [pool-23-thread-5] DEBUG org.activiti.engine.impl.history.DefaultHistoryManager  - Current history level: AUDIT, level required: ACTIVITY
10:48:10,982 [Thread-112] DEBUG org.activiti.engine.impl.db.DbSqlSession  - flush summary: 0 insert, 0 update, 0 delete.
10:48:10,983 [Thread-112] DEBUG org.activiti.engine.impl.db.DbSqlSession  - now executing flush...
10:48:10,983 [Thread-112] DEBUG org.activiti.engine.impl.cfg.standalone.StandaloneMybatisTransactionContext  - firing event committing...
10:48:10,983 [Thread-112] DEBUG org.activiti.engine.impl.cfg.standalone.StandaloneMybatisTransactionContext  - committing the ibatis sql session...
10:48:10,983 [Thread-112] DEBUG org.activiti.engine.impl.cfg.standalone.StandaloneMybatisTransactionContext  - firing event committed...
10:48:10,983 [Thread-112] DEBUG org.apache.ibatis.transaction.jdbc.JdbcTransaction  - Resetting autocommit to true on JDBC Connection [conn68: url=jdbc:h2:mem:activiti-AsyncExecutorTest user=SA]
10:48:10,983 [Thread-112] DEBUG org.apache.ibatis.transaction.jdbc.JdbcTransaction  - Closing JDBC Connection [conn68: url=jdbc:h2:mem:activiti-AsyncExecutorTest user=SA]
10:48:10,983 [Thread-112] DEBUG org.apache.ibatis.datasource.pooled.PooledDataSource  - Returned connection 58501658 to pool.
10:48:10,983 [Thread-112] DEBUG org.activiti.engine.impl.interceptor.LogInterceptor  - --- AcquireAsyncJobsDueCmd finished --------------------------------------------------------
10:48:10,983 [Thread-112] DEBUG org.activiti.engine.impl.interceptor.LogInterceptor  - 

10:48:10,982 [Thread-103] DEBUG org.activiti.engine.impl.persistence.entity.JobEntity.selectAsyncJobsDueToExecute  - &lt;==      Total: 0
10:48:10,982 [pool-23-thread-8] DEBUG org.activiti.engine.impl.persistence.entity.ProcessDefinitionEntity.selectLatestProcessDefinitionByKey  - &lt;==      Total: 1
10:48:10,982 [Thread-106] DEBUG org.activiti.engine.impl.persistence.entity.JobEntity.selectAsyncJobsDueToExecute  - ==&gt; Parameters: 2001-01-01 01:23:46.0(Timestamp), 2001-01-01 01:23:46.0(Timestamp), 1(Integer), 0(Integer)
10:48:10,982 [Thread-105] DEBUG org.activiti.engine.impl.persistence.entity.JobEntity.selectNextTimerJobsToExecute  - &lt;==      Total: 0
10:48:10,983 [Thread-105] DEBUG org.activiti.engine.impl.db.DbSqlSession  - flush summary: 0 insert, 0 update, 0 delete.
10:48:10,983 [Thread-105] DEBUG org.activiti.engine.impl.db.DbSqlSession  - now executing flush...
10:48:10,983 [Thread-105] DEBUG org.activiti.engine.impl.cfg.standalone.StandaloneMybatisTransactionContext  - firing event committing...
10:48:10,983 [Thread-105] DEBUG org.activiti.engine.impl.cfg.standalone.StandaloneMybatisTransactionContext  - committing the ibatis sql session...
10:48:10,983 [Thread-105] DEBUG org.activiti.engine.impl.cfg.standalone.StandaloneMybatisTransactionContext  - firing event committed...
10:48:10,983 [Thread-105] DEBUG org.apache.ibatis.transaction.jdbc.JdbcTransaction  - Resetting autocommit to true on JDBC Connection [conn64: url=jdbc:h2:mem:activiti-AsyncExecutorTest user=SA]
10:48:10,983 [Thread-105] DEBUG org.apache.ibatis.transaction.jdbc.JdbcTransaction  - Closing JDBC Connection [conn64: url=jdbc:h2:mem:activiti-AsyncExecutorTest user=SA]
10:48:10,983 [Thread-105] DEBUG org.apache.ibatis.datasource.pooled.PooledDataSource  - Returned connection 54468349 to pool.
10:48:10,983 [Thread-105] DEBUG org.activiti.engine.impl.interceptor.LogInterceptor  - --- AcquireTimerJobsCmd finished --------------------------------------------------------
10:48:10,983 [Thread-105] DEBUG org.activiti.engine.impl.interceptor.LogInterceptor  - 

10:48:10,982 [Thread-102] DEBUG org.apache.ibatis.transaction.jdbc.JdbcTransaction  - Closing JDBC Connection [conn59: url=jdbc:h2:mem:activiti-AsyncExecutorTest user=SA]
10:48:10,983 [Thread-102] DEBUG org.apache.ibatis.datasource.pooled.PooledDataSource  - Returned connection 720039383 to pool.
10:48:10,983 [Thread-102] DEBUG org.activiti.engine.impl.interceptor.LogInterceptor  - --- AcquireTimerJobsCmd finished --------------------------------------------------------
10:48:10,983 [Thread-102] DEBUG org.activiti.engine.impl.interceptor.LogInterceptor  - 

10:48:10,982 [Thread-111] DEBUG org.activiti.engine.impl.db.DbSqlSession  - flush summary: 0 insert, 0 update, 0 delete.
10:48:10,983 [Thread-111] DEBUG org.activiti.engine.impl.db.DbSqlSession  - now executing flush...
10:48:10,984 [Thread-111] DEBUG org.activiti.engine.impl.cfg.standalone.StandaloneMybatisTransactionContext  - firing event committing...
10:48:10,984 [Thread-111] DEBUG org.activiti.engine.impl.cfg.standalone.StandaloneMybatisTransactionContext  - committing the ibatis sql session...
10:48:10,984 [Thread-111] DEBUG org.activiti.engine.impl.cfg.standalone.StandaloneMybatisTransactionContext  - firing event committed...
10:48:10,984 [Thread-111] DEBUG org.apache.ibatis.transaction.jdbc.JdbcTransaction  - Resetting autocommit to true on JDBC Connection [conn69: url=jdbc:h2:mem:activiti-AsyncExecutorTest user=SA]
10:48:10,984 [Thread-111] DEBUG org.apache.ibatis.transaction.jdbc.JdbcTransaction  - Closing JDBC Connection [conn69: url=jdbc:h2:mem:activiti-AsyncExecutorTest user=SA]
10:48:10,984 [Thread-111] DEBUG org.apache.ibatis.datasource.pooled.PooledDataSource  - Returned connection 1863805930 to pool.
10:48:10,984 [Thread-111] DEBUG org.activiti.engine.impl.interceptor.LogInterceptor  - --- AcquireTimerJobsCmd finished --------------------------------------------------------
10:48:10,984 [Thread-111] DEBUG org.activiti.engine.impl.interceptor.LogInterceptor  - 

10:48:10,984 [Thread-111] DEBUG org.activiti.engine.impl.asyncexecutor.AcquireTimerJobsRunnable  - timer job acquisition thread sleeping for 50 millis
10:48:10,981 [pool-23-thread-6] DEBUG org.activiti.engine.impl.db.DbSqlSession  -   insert ProcessInstance[a6e93224-c6c9-11ed-aa5a-de215c025445]
10:48:10,984 [pool-23-thread-6] DEBUG org.activiti.engine.impl.db.DbSqlSession  -   insert HistoricProcessInstanceEntity[superProcessInstanceId=null]
10:48:10,984 [pool-23-thread-6] DEBUG org.activiti.engine.impl.db.DbSqlSession  -   insert Task[id=a6ee6287-c6c9-11ed-aa5a-de215c025445, name=null]
10:48:10,984 [pool-23-thread-6] DEBUG org.activiti.engine.impl.db.DbSqlSession  -   insert HistoricTaskInstanceEntity[id=a6ee6287-c6c9-11ed-aa5a-de215c025445, name=null]
10:48:10,984 [pool-23-thread-6] DEBUG org.activiti.engine.impl.db.DbSqlSession  -   insert HistoricActivityInstanceEntity[activityId=theStart, activityName=null]
10:48:10,984 [pool-23-thread-6] DEBUG org.activiti.engine.impl.db.DbSqlSession  -   insert HistoricActivityInstanceEntity[activityId=task1, activityName=null]
10:48:10,984 [pool-23-thread-6] DEBUG org.activiti.engine.impl.db.DbSqlSession  -   insert HistoricActivityInstanceEntity[activityId=task2, activityName=null]
10:48:10,984 [pool-23-thread-6] DEBUG org.activiti.engine.impl.db.DbSqlSession  -   insert HistoricActivityInstanceEntity[activityId=task3, activityName=null]
10:48:10,984 [pool-23-thread-6] DEBUG org.activiti.engine.impl.db.DbSqlSession  -   insert HistoricActivityInstanceEntity[activityId=task4, activityName=null]
10:48:10,984 [pool-23-thread-6] DEBUG org.activiti.engine.impl.db.DbSqlSession  - flush summary: 9 insert, 0 update, 0 delete.
10:48:10,984 [pool-23-thread-6] DEBUG org.activiti.engine.impl.db.DbSqlSession  - now executing flush...
10:48:10,984 [pool-23-thread-6] DEBUG org.activiti.engine.impl.db.DbSqlSession  - inserting: HistoricTaskInstanceEntity[id=a6ee6287-c6c9-11ed-aa5a-de215c025445, name=null]
10:48:10,983 [Thread-102] DEBUG org.activiti.engine.impl.asyncexecutor.AcquireTimerJobsRunnable  - timer job acquisition thread sleeping for 50 millis
10:48:10,983 [Thread-105] DEBUG org.activiti.engine.impl.asyncexecutor.AcquireTimerJobsRunnable  - timer job acquisition thread sleeping for 50 millis
10:48:10,983 [Thread-106] DEBUG org.activiti.engine.impl.persistence.entity.JobEntity.selectAsyncJobsDueToExecute  - &lt;==      Total: 0
10:48:10,983 [pool-23-thread-8] DEBUG org.activiti.engine.impl.persistence.entity.ExecutionEntity  - initializing ProcessInstance[a6f0104d-c6c9-11ed-aa5a-de215c025445]
10:48:10,984 [pool-23-thread-8] DEBUG org.activiti.engine.impl.history.DefaultHistoryManager  - Current history level: AUDIT, level required: ACTIVITY
10:48:10,983 [Thread-103] DEBUG org.activiti.engine.impl.db.DbSqlSession  - flush summary: 0 insert, 0 update, 0 delete.
10:48:10,984 [Thread-103] DEBUG org.activiti.engine.impl.db.DbSqlSession  - now executing flush...
10:48:10,984 [Thread-103] DEBUG org.activiti.engine.impl.cfg.standalone.StandaloneMybatisTransactionContext  - firing event committing...
10:48:10,984 [Thread-103] DEBUG org.activiti.engine.impl.cfg.standalone.StandaloneMybatisTransactionContext  - committing the ibatis sql session...
10:48:10,984 [Thread-103] DEBUG org.activiti.engine.impl.cfg.standalone.StandaloneMybatisTransactionContext  - firing event committed...
10:48:10,984 [Thread-103] DEBUG org.apache.ibatis.transaction.jdbc.JdbcTransaction  - Resetting autocommit to true on JDBC Connection [conn61: url=jdbc:h2:mem:activiti-AsyncExecutorTest user=SA]
10:48:10,983 [Thread-112] DEBUG org.activiti.engine.impl.asyncexecutor.AcquireAsyncJobsDueRunnable  - async job acquisition thread sleeping for 50 millis
10:48:10,983 [pool-23-thread-5] DEBUG org.activiti.engine.impl.pvm.runtime.AtomicOperationActivityExecute  - ProcessInstance[a6ee899b-c6c9-11ed-aa5a-de215c025445] executes Activity(task4): org.activiti.engine.impl.bpmn.behavior.UserTaskActivityBehavior
10:48:10,983 [pool-23-thread-1] DEBUG org.activiti.engine.impl.persistence.entity.ExecutionEntity.insertExecution  - &lt;==    Updates: 1
10:48:10,984 [pool-23-thread-5] DEBUG org.activiti.engine.impl.persistence.entity.TaskEntity.selectTasksByExecutionId  - ==&gt;  Preparing: select distinct T.* from ACT_RU_TASK T where T.EXECUTION_ID_ = ? 
10:48:10,983 [pool-23-thread-2] DEBUG org.activiti.engine.impl.pvm.runtime.AtomicOperationActivityExecute  - ProcessInstance[a6ee6288-c6c9-11ed-aa5a-de215c025445] executes Activity(task2): org.activiti.engine.impl.bpmn.behavior.ManualTaskActivityBehavior
10:48:10,983 [pool-23-thread-9] DEBUG org.activiti.engine.impl.pvm.runtime.AtomicOperationActivityExecute  - ProcessInstance[a6ee8999-c6c9-11ed-aa5a-de215c025445] executes Activity(task2): org.activiti.engine.impl.bpmn.behavior.ManualTaskActivityBehavior
10:48:10,982 [pool-23-thread-3] DEBUG org.activiti.engine.impl.pvm.runtime.AtomicOperationActivityExecute  - ProcessInstance[a6efe938-c6c9-11ed-aa5a-de215c025445] executes Activity(theStart): org.activiti.engine.impl.bpmn.behavior.NoneStartEventActivityBehavior
10:48:10,982 [pool-23-thread-7] DEBUG org.activiti.engine.impl.history.DefaultHistoryManager  - Current history level: AUDIT, level required: ACTIVITY
10:48:10,982 [pool-23-thread-4] DEBUG org.activiti.engine.impl.history.DefaultHistoryManager  - Current history level: AUDIT, level required: ACTIVITY
10:48:10,982 [pool-23-thread-10] DEBUG org.apache.ibatis.transaction.jdbc.JdbcTransaction  - Opening JDBC Connection
10:48:10,985 [pool-23-thread-4] DEBUG org.activiti.engine.impl.pvm.runtime.AtomicOperationActivityExecute  - ProcessInstance[a6ef25e2-c6c9-11ed-aa5a-de215c025445] executes Activity(task1): org.activiti.engine.impl.bpmn.behavior.ManualTaskActivityBehavior
10:48:10,985 [pool-23-thread-4] DEBUG org.activiti.engine.impl.bpmn.behavior.BpmnActivityBehavior  - Leaving activity &apos;task1&apos;
10:48:10,985 [pool-23-thread-10] DEBUG org.apache.ibatis.datasource.pooled.PooledDataSource  - Checked out connection 416618450 from pool.
10:48:10,985 [pool-23-thread-10] DEBUG org.apache.ibatis.transaction.jdbc.JdbcTransaction  - Setting autocommit to false on JDBC Connection [conn149: url=jdbc:h2:mem:activiti-uuid-generator-test user=SA]
10:48:10,985 [pool-23-thread-7] DEBUG org.activiti.engine.impl.pvm.runtime.AtomicOperationActivityExecute  - ProcessInstance[a6eed7be-c6c9-11ed-aa5a-de215c025445] executes Activity(task2): org.activiti.engine.impl.bpmn.behavior.ManualTaskActivityBehavior
10:48:10,985 [pool-23-thread-7] DEBUG org.activiti.engine.impl.bpmn.behavior.BpmnActivityBehavior  - Leaving activity &apos;task2&apos;
10:48:10,985 [pool-23-thread-7] DEBUG org.activiti.engine.impl.history.DefaultHistoryManager  - Current history level: AUDIT, level required: ACTIVITY
10:48:10,985 [pool-23-thread-3] DEBUG org.activiti.engine.impl.persistence.entity.JobEntity.selectJobsByExecutionId  - ==&gt;  Preparing: select * from ACT_RU_JOB J where J.EXECUTION_ID_ = ? 
10:48:10,985 [pool-23-thread-9] DEBUG org.activiti.engine.impl.bpmn.behavior.BpmnActivityBehavior  - Leaving activity &apos;task2&apos;
10:48:10,985 [pool-23-thread-2] DEBUG org.activiti.engine.impl.bpmn.behavior.BpmnActivityBehavior  - Leaving activity &apos;task2&apos;
10:48:10,985 [pool-23-thread-5] DEBUG org.activiti.engine.impl.persistence.entity.TaskEntity.selectTasksByExecutionId  - ==&gt; Parameters: a6ee899b-c6c9-11ed-aa5a-de215c025445(String)
10:48:10,984 [pool-23-thread-1] DEBUG org.activiti.engine.impl.db.DbSqlSession  - inserting: Task[id=a6eded55-c6c9-11ed-aa5a-de215c025445, name=null]
10:48:10,984 [Thread-103] DEBUG org.apache.ibatis.transaction.jdbc.JdbcTransaction  - Closing JDBC Connection [conn61: url=jdbc:h2:mem:activiti-AsyncExecutorTest user=SA]
10:48:10,985 [Thread-103] DEBUG org.apache.ibatis.datasource.pooled.PooledDataSource  - Returned connection 157985567 to pool.
10:48:10,985 [Thread-103] DEBUG org.activiti.engine.impl.interceptor.LogInterceptor  - --- AcquireAsyncJobsDueCmd finished --------------------------------------------------------
10:48:10,985 [Thread-103] DEBUG org.activiti.engine.impl.interceptor.LogInterceptor  - 

10:48:10,984 [pool-23-thread-8] DEBUG org.activiti.engine.impl.pvm.runtime.AtomicOperationActivityExecute  - ProcessInstance[a6f0104d-c6c9-11ed-aa5a-de215c025445] executes Activity(theStart): org.activiti.engine.impl.bpmn.behavior.NoneStartEventActivityBehavior
10:48:10,984 [Thread-106] DEBUG org.activiti.engine.impl.db.DbSqlSession  - flush summary: 0 insert, 0 update, 0 delete.
10:48:10,986 [Thread-106] DEBUG org.activiti.engine.impl.db.DbSqlSession  - now executing flush...
10:48:10,986 [Thread-106] DEBUG org.activiti.engine.impl.cfg.standalone.StandaloneMybatisTransactionContext  - firing event committing...
10:48:10,986 [Thread-106] DEBUG org.activiti.engine.impl.cfg.standalone.StandaloneMybatisTransactionContext  - committing the ibatis sql session...
10:48:10,986 [Thread-106] DEBUG org.activiti.engine.impl.cfg.standalone.StandaloneMybatisTransactionContext  - firing event committed...
10:48:10,986 [Thread-106] DEBUG org.apache.ibatis.transaction.jdbc.JdbcTransaction  - Resetting autocommit to true on JDBC Connection [conn63: url=jdbc:h2:mem:activiti-AsyncExecutorTest user=SA]
10:48:10,984 [pool-23-thread-6] DEBUG org.activiti.engine.impl.persistence.entity.HistoricTaskInstanceEntity.insertHistoricTaskInstance  - ==&gt;  Preparing: insert into ACT_HI_TASKINST ( ID_, PROC_DEF_ID_, PROC_INST_ID_, EXECUTION_ID_, NAME_, PARENT_TASK_ID_, DESCRIPTION_, OWNER_, ASSIGNEE_, START_TIME_, CLAIM_TIME_, END_TIME_, DURATION_, DELETE_REASON_, TASK_DEF_KEY_, FORM_KEY_, PRIORITY_, DUE_DATE_, CATEGORY_, TENANT_ID_ ) values ( ?, ?, ?, ?, ?, ?, ?, ?, ?, ?, ?, ?, ?, ?, ?, ?, ?, ?, ?, ? ) 
10:48:10,986 [Thread-106] DEBUG org.apache.ibatis.transaction.jdbc.JdbcTransaction  - Closing JDBC Connection [conn63: url=jdbc:h2:mem:activiti-AsyncExecutorTest user=SA]
10:48:10,986 [pool-23-thread-6] DEBUG org.activiti.engine.impl.persistence.entity.HistoricTaskInstanceEntity.insertHistoricTaskInstance  - ==&gt; Parameters: a6ee6287-c6c9-11ed-aa5a-de215c025445(String), simpleProcess:1:a6dcaf6e-c6c9-11ed-aa5a-de215c025445(String), a6e93224-c6c9-11ed-aa5a-de215c025445(String), a6e93224-c6c9-11ed-aa5a-de215c025445(String), null, null, null, null, null, 2001-01-01 01:23:46.0(Timestamp), null, null, null, null, task4(String), null, 50(Integer), null, null, (String)
10:48:10,985 [pool-23-thread-8] DEBUG org.activiti.engine.impl.persistence.entity.JobEntity.selectJobsByExecutionId  - ==&gt;  Preparing: select * from ACT_RU_JOB J where J.EXECUTION_ID_ = ? 
10:48:10,985 [Thread-103] DEBUG org.activiti.engine.impl.asyncexecutor.AcquireAsyncJobsDueRunnable  - async job acquisition thread sleeping for 50 millis
10:48:10,985 [pool-23-thread-1] DEBUG org.activiti.engine.impl.persistence.entity.TaskEntity.insertTask  - ==&gt;  Preparing: insert into ACT_RU_TASK (ID_, REV_, NAME_, PARENT_TASK_ID_, DESCRIPTION_, PRIORITY_, CREATE_TIME_, OWNER_, ASSIGNEE_, DELEGATION_, EXECUTION_ID_, PROC_INST_ID_, PROC_DEF_ID_, TASK_DEF_KEY_, DUE_DATE_, CATEGORY_, SUSPENSION_STATE_, TENANT_ID_, FORM_KEY_) values (?, 1, ?, ?, ?, ?, ?, ?, ?, ?, ?, ?, ?, ?, ?, ?, ?, ?, ? ) 
10:48:10,985 [pool-23-thread-5] DEBUG org.activiti.engine.impl.persistence.entity.TaskEntity.selectTasksByExecutionId  - &lt;==      Total: 0
10:48:10,985 [pool-23-thread-2] DEBUG org.activiti.engine.impl.history.DefaultHistoryManager  - Current history level: AUDIT, level required: ACTIVITY
10:48:10,985 [pool-23-thread-9] DEBUG org.activiti.engine.impl.history.DefaultHistoryManager  - Current history level: AUDIT, level required: ACTIVITY
10:48:10,985 [pool-23-thread-3] DEBUG org.activiti.engine.impl.persistence.entity.JobEntity.selectJobsByExecutionId  - ==&gt; Parameters: a6efe938-c6c9-11ed-aa5a-de215c025445(String)
10:48:10,985 [pool-23-thread-7] DEBUG org.activiti.engine.impl.pvm.runtime.AtomicOperationTransitionNotifyListenerTake  - ProcessInstance[a6eed7be-c6c9-11ed-aa5a-de215c025445] takes transition (task2)--flow3--&gt;(task3)
10:48:10,985 [pool-23-thread-10] DEBUG org.activiti.engine.impl.persistence.entity.ProcessDefinitionEntity.selectLatestProcessDefinitionByKey  - ==&gt;  Preparing: select * from ACT_RE_PROCDEF where KEY_ = ? and (TENANT_ID_ = &apos;&apos; or TENANT_ID_ is null) and VERSION_ = (select max(VERSION_) from ACT_RE_PROCDEF where KEY_ = ? and (TENANT_ID_ = &apos;&apos; or TENANT_ID_ is null)) 
10:48:10,985 [pool-23-thread-4] DEBUG org.activiti.engine.impl.history.DefaultHistoryManager  - Current history level: AUDIT, level required: ACTIVITY
10:48:10,986 [pool-23-thread-10] DEBUG org.activiti.engine.impl.persistence.entity.ProcessDefinitionEntity.selectLatestProcessDefinitionByKey  - ==&gt; Parameters: simpleProcess(String), simpleProcess(String)
10:48:10,986 [pool-23-thread-7] DEBUG org.activiti.engine.impl.history.DefaultHistoryManager  - Current history level: AUDIT, level required: ACTIVITY
10:48:10,986 [pool-23-thread-10] DEBUG org.activiti.engine.impl.persistence.entity.ProcessDefinitionEntity.selectLatestProcessDefinitionByKey  - &lt;==      Total: 1
10:48:10,986 [pool-23-thread-3] DEBUG org.activiti.engine.impl.persistence.entity.JobEntity.selectJobsByExecutionId  - &lt;==      Total: 0
10:48:10,986 [pool-23-thread-3] DEBUG org.activiti.engine.impl.bpmn.behavior.BpmnActivityBehavior  - Leaving activity &apos;theStart&apos;
10:48:10,986 [pool-23-thread-9] DEBUG org.activiti.engine.impl.pvm.runtime.AtomicOperationTransitionNotifyListenerTake  - ProcessInstance[a6ee8999-c6c9-11ed-aa5a-de215c025445] takes transition (task2)--flow3--&gt;(task3)
10:48:10,986 [pool-23-thread-2] DEBUG org.activiti.engine.impl.pvm.runtime.AtomicOperationTransitionNotifyListenerTake  - ProcessInstance[a6ee6288-c6c9-11ed-aa5a-de215c025445] takes transition (task2)--flow3--&gt;(task3)
10:48:10,986 [pool-23-thread-5] DEBUG org.activiti.engine.impl.history.DefaultHistoryManager  - Current history level: AUDIT, level required: AUDIT
10:48:10,986 [pool-23-thread-1] DEBUG org.activiti.engine.impl.persistence.entity.TaskEntity.insertTask  - ==&gt; Parameters: a6eded55-c6c9-11ed-aa5a-de215c025445(String), null, null, null, 50(Integer), 2001-01-01 01:23:46.0(Timestamp), null, null, null, a6eb7c37-c6c9-11ed-aa5a-de215c025445(String), a6eb7c37-c6c9-11ed-aa5a-de215c025445(String), simpleProcess:1:a6dcaf6e-c6c9-11ed-aa5a-de215c025445(String), task4(String), null, null, 1(Integer), (String), null
10:48:10,986 [pool-23-thread-8] DEBUG org.activiti.engine.impl.persistence.entity.JobEntity.selectJobsByExecutionId  - ==&gt; Parameters: a6f0104d-c6c9-11ed-aa5a-de215c025445(String)
10:48:10,987 [pool-23-thread-1] DEBUG org.activiti.engine.impl.persistence.entity.TaskEntity.insertTask  - &lt;==    Updates: 1
10:48:10,986 [pool-23-thread-6] DEBUG org.activiti.engine.impl.persistence.entity.HistoricTaskInstanceEntity.insertHistoricTaskInstance  - &lt;==    Updates: 1
10:48:10,987 [pool-23-thread-6] DEBUG org.activiti.engine.impl.db.DbSqlSession  - inserting: HistoricProcessInstanceEntity[superProcessInstanceId=null]
10:48:10,986 [Thread-106] DEBUG org.apache.ibatis.datasource.pooled.PooledDataSource  - Returned connection 1970103261 to pool.
10:48:11,008 [Thread-106] DEBUG org.activiti.engine.impl.interceptor.LogInterceptor  - --- AcquireAsyncJobsDueCmd finished --------------------------------------------------------
10:48:11,010 [Thread-106] DEBUG org.activiti.engine.impl.interceptor.LogInterceptor  - 

10:48:10,987 [pool-23-thread-6] DEBUG org.activiti.engine.impl.persistence.entity.HistoricProcessInstanceEntity.insertHistoricProcessInstance  - ==&gt;  Preparing: insert into ACT_HI_PROCINST ( ID_, PROC_INST_ID_, BUSINESS_KEY_, PROC_DEF_ID_, START_TIME_, END_TIME_, DURATION_, START_USER_ID_, START_ACT_ID_, END_ACT_ID_, SUPER_PROCESS_INSTANCE_ID_, DELETE_REASON_, TENANT_ID_, NAME_ ) values ( ?, ?, ?, ?, ?, ?, ?, ?, ?, ?, ?, ?, ?, ? ) 
10:48:11,010 [pool-23-thread-6] DEBUG org.activiti.engine.impl.persistence.entity.HistoricProcessInstanceEntity.insertHistoricProcessInstance  - ==&gt; Parameters: a6e93224-c6c9-11ed-aa5a-de215c025445(String), a6e93224-c6c9-11ed-aa5a-de215c025445(String), null, simpleProcess:1:a6dcaf6e-c6c9-11ed-aa5a-de215c025445(String), 2001-01-01 01:23:46.0(Timestamp), null, null, null, theStart(String), null, null, null, (String), null
10:48:10,987 [pool-23-thread-1] DEBUG org.activiti.engine.impl.cfg.standalone.StandaloneMybatisTransactionContext  - firing event committing...
10:48:11,011 [pool-23-thread-1] DEBUG org.activiti.engine.impl.cfg.standalone.StandaloneMybatisTransactionContext  - committing the ibatis sql session...
10:48:10,987 [pool-23-thread-8] DEBUG org.activiti.engine.impl.persistence.entity.JobEntity.selectJobsByExecutionId  - &lt;==      Total: 0
10:48:10,987 [pool-23-thread-5] DEBUG org.activiti.engine.impl.history.DefaultHistoryManager  - Current history level: AUDIT, level required: AUDIT
10:48:10,987 [pool-23-thread-2] DEBUG org.activiti.engine.impl.history.DefaultHistoryManager  - Current history level: AUDIT, level required: ACTIVITY
10:48:10,987 [pool-23-thread-9] DEBUG org.activiti.engine.impl.history.DefaultHistoryManager  - Current history level: AUDIT, level required: ACTIVITY
10:48:10,986 [pool-23-thread-3] DEBUG org.activiti.engine.impl.history.DefaultHistoryManager  - Current history level: AUDIT, level required: ACTIVITY
10:48:10,986 [pool-23-thread-10] DEBUG org.activiti.engine.impl.persistence.entity.ExecutionEntity  - initializing ProcessInstance[a6f08583-c6c9-11ed-aa5a-de215c025445]
10:48:10,986 [pool-23-thread-7] DEBUG org.activiti.engine.impl.pvm.runtime.AtomicOperationActivityExecute  - ProcessInstance[a6eed7be-c6c9-11ed-aa5a-de215c025445] executes Activity(task3): org.activiti.engine.impl.bpmn.behavior.ManualTaskActivityBehavior
10:48:10,986 [pool-23-thread-4] DEBUG org.activiti.engine.impl.pvm.runtime.AtomicOperationTransitionNotifyListenerTake  - ProcessInstance[a6ef25e2-c6c9-11ed-aa5a-de215c025445] takes transition (task1)--flow2--&gt;(task2)
10:48:11,011 [pool-23-thread-7] DEBUG org.activiti.engine.impl.bpmn.behavior.BpmnActivityBehavior  - Leaving activity &apos;task3&apos;
10:48:11,011 [pool-23-thread-10] DEBUG org.activiti.engine.impl.history.DefaultHistoryManager  - Current history level: AUDIT, level required: ACTIVITY
10:48:11,011 [pool-23-thread-3] DEBUG org.activiti.engine.impl.pvm.runtime.AtomicOperationTransitionNotifyListenerTake  - ProcessInstance[a6efe938-c6c9-11ed-aa5a-de215c025445] takes transition (theStart)--flow1--&gt;(task1)
10:48:11,011 [pool-23-thread-9] DEBUG org.activiti.engine.impl.pvm.runtime.AtomicOperationActivityExecute  - ProcessInstance[a6ee8999-c6c9-11ed-aa5a-de215c025445] executes Activity(task3): org.activiti.engine.impl.bpmn.behavior.ManualTaskActivityBehavior
10:48:11,011 [pool-23-thread-2] DEBUG org.activiti.engine.impl.pvm.runtime.AtomicOperationActivityExecute  - ProcessInstance[a6ee6288-c6c9-11ed-aa5a-de215c025445] executes Activity(task3): org.activiti.engine.impl.bpmn.behavior.ManualTaskActivityBehavior
10:48:11,011 [pool-23-thread-2] DEBUG org.activiti.engine.impl.bpmn.behavior.BpmnActivityBehavior  - Leaving activity &apos;task3&apos;
10:48:11,011 [pool-23-thread-5] DEBUG org.activiti.engine.impl.history.DefaultHistoryManager  - Current history level: AUDIT, level required: AUDIT
10:48:11,011 [pool-23-thread-8] DEBUG org.activiti.engine.impl.bpmn.behavior.BpmnActivityBehavior  - Leaving activity &apos;theStart&apos;
10:48:11,011 [pool-23-thread-1] DEBUG org.apache.ibatis.transaction.jdbc.JdbcTransaction  - Committing JDBC Connection [conn151: url=jdbc:h2:mem:activiti-uuid-generator-test user=SA]
10:48:11,011 [pool-23-thread-6] DEBUG org.activiti.engine.impl.persistence.entity.HistoricProcessInstanceEntity.insertHistoricProcessInstance  - &lt;==    Updates: 1
10:48:11,012 [pool-23-thread-1] DEBUG org.activiti.engine.impl.cfg.standalone.StandaloneMybatisTransactionContext  - firing event committed...
10:48:11,010 [Thread-106] DEBUG org.activiti.engine.impl.asyncexecutor.AcquireAsyncJobsDueRunnable  - async job acquisition thread sleeping for 50 millis
10:48:11,012 [pool-23-thread-1] DEBUG org.apache.ibatis.transaction.jdbc.JdbcTransaction  - Resetting autocommit to true on JDBC Connection [conn151: url=jdbc:h2:mem:activiti-uuid-generator-test user=SA]
10:48:11,012 [pool-23-thread-8] DEBUG org.activiti.engine.impl.history.DefaultHistoryManager  - Current history level: AUDIT, level required: ACTIVITY
10:48:11,012 [pool-23-thread-5] DEBUG org.activiti.engine.impl.history.DefaultHistoryManager  - Current history level: AUDIT, level required: ACTIVITY
10:48:11,012 [pool-23-thread-2] DEBUG org.activiti.engine.impl.history.DefaultHistoryManager  - Current history level: AUDIT, level required: ACTIVITY
10:48:11,011 [pool-23-thread-9] DEBUG org.activiti.engine.impl.bpmn.behavior.BpmnActivityBehavior  - Leaving activity &apos;task3&apos;
10:48:11,011 [pool-23-thread-3] DEBUG org.activiti.engine.impl.history.DefaultHistoryManager  - Current history level: AUDIT, level required: ACTIVITY
10:48:11,011 [pool-23-thread-10] DEBUG org.activiti.engine.impl.pvm.runtime.AtomicOperationActivityExecute  - ProcessInstance[a6f08583-c6c9-11ed-aa5a-de215c025445] executes Activity(theStart): org.activiti.engine.impl.bpmn.behavior.NoneStartEventActivityBehavior
10:48:11,011 [pool-23-thread-7] DEBUG org.activiti.engine.impl.history.DefaultHistoryManager  - Current history level: AUDIT, level required: ACTIVITY
10:48:11,012 [pool-23-thread-7] DEBUG org.activiti.engine.impl.pvm.runtime.AtomicOperationTransitionNotifyListenerTake  - ProcessInstance[a6eed7be-c6c9-11ed-aa5a-de215c025445] takes transition (task3)--flow4--&gt;(task4)
10:48:11,011 [pool-23-thread-4] DEBUG org.activiti.engine.impl.history.DefaultHistoryManager  - Current history level: AUDIT, level required: ACTIVITY
10:48:11,012 [pool-23-thread-7] DEBUG org.activiti.engine.impl.history.DefaultHistoryManager  - Current history level: AUDIT, level required: ACTIVITY
10:48:11,012 [pool-23-thread-10] DEBUG org.activiti.engine.impl.persistence.entity.JobEntity.selectJobsByExecutionId  - ==&gt;  Preparing: select * from ACT_RU_JOB J where J.EXECUTION_ID_ = ? 
10:48:11,012 [pool-23-thread-3] DEBUG org.activiti.engine.impl.pvm.runtime.AtomicOperationActivityExecute  - ProcessInstance[a6efe938-c6c9-11ed-aa5a-de215c025445] executes Activity(task1): org.activiti.engine.impl.bpmn.behavior.ManualTaskActivityBehavior
10:48:11,012 [pool-23-thread-3] DEBUG org.activiti.engine.impl.bpmn.behavior.BpmnActivityBehavior  - Leaving activity &apos;task1&apos;
10:48:11,012 [pool-23-thread-3] DEBUG org.activiti.engine.impl.history.DefaultHistoryManager  - Current history level: AUDIT, level required: ACTIVITY
10:48:11,013 [pool-23-thread-3] DEBUG org.activiti.engine.impl.pvm.runtime.AtomicOperationTransitionNotifyListenerTake  - ProcessInstance[a6efe938-c6c9-11ed-aa5a-de215c025445] takes transition (task1)--flow2--&gt;(task2)
10:48:11,013 [pool-23-thread-3] DEBUG org.activiti.engine.impl.history.DefaultHistoryManager  - Current history level: AUDIT, level required: ACTIVITY
10:48:11,013 [pool-23-thread-3] DEBUG org.activiti.engine.impl.pvm.runtime.AtomicOperationActivityExecute  - ProcessInstance[a6efe938-c6c9-11ed-aa5a-de215c025445] executes Activity(task2): org.activiti.engine.impl.bpmn.behavior.ManualTaskActivityBehavior
10:48:11,013 [pool-23-thread-3] DEBUG org.activiti.engine.impl.bpmn.behavior.BpmnActivityBehavior  - Leaving activity &apos;task2&apos;
10:48:11,013 [pool-23-thread-3] DEBUG org.activiti.engine.impl.history.DefaultHistoryManager  - Current history level: AUDIT, level required: ACTIVITY
10:48:11,013 [pool-23-thread-3] DEBUG org.activiti.engine.impl.pvm.runtime.AtomicOperationTransitionNotifyListenerTake  - ProcessInstance[a6efe938-c6c9-11ed-aa5a-de215c025445] takes transition (task2)--flow3--&gt;(task3)
10:48:11,013 [pool-23-thread-3] DEBUG org.activiti.engine.impl.history.DefaultHistoryManager  - Current history level: AUDIT, level required: ACTIVITY
10:48:11,013 [pool-23-thread-3] DEBUG org.activiti.engine.impl.pvm.runtime.AtomicOperationActivityExecute  - ProcessInstance[a6efe938-c6c9-11ed-aa5a-de215c025445] executes Activity(task3): org.activiti.engine.impl.bpmn.behavior.ManualTaskActivityBehavior
10:48:11,013 [pool-23-thread-3] DEBUG org.activiti.engine.impl.bpmn.behavior.BpmnActivityBehavior  - Leaving activity &apos;task3&apos;
10:48:11,013 [pool-23-thread-3] DEBUG org.activiti.engine.impl.history.DefaultHistoryManager  - Current history level: AUDIT, level required: ACTIVITY
10:48:11,013 [pool-23-thread-3] DEBUG org.activiti.engine.impl.pvm.runtime.AtomicOperationTransitionNotifyListenerTake  - ProcessInstance[a6efe938-c6c9-11ed-aa5a-de215c025445] takes transition (task3)--flow4--&gt;(task4)
10:48:11,013 [pool-23-thread-3] DEBUG org.activiti.engine.impl.history.DefaultHistoryManager  - Current history level: AUDIT, level required: ACTIVITY
10:48:11,013 [pool-23-thread-3] DEBUG org.activiti.engine.impl.pvm.runtime.AtomicOperationActivityExecute  - ProcessInstance[a6efe938-c6c9-11ed-aa5a-de215c025445] executes Activity(task4): org.activiti.engine.impl.bpmn.behavior.UserTaskActivityBehavior
10:48:11,012 [pool-23-thread-9] DEBUG org.activiti.engine.impl.history.DefaultHistoryManager  - Current history level: AUDIT, level required: ACTIVITY
10:48:11,012 [pool-23-thread-2] DEBUG org.activiti.engine.impl.pvm.runtime.AtomicOperationTransitionNotifyListenerTake  - ProcessInstance[a6ee6288-c6c9-11ed-aa5a-de215c025445] takes transition (task3)--flow4--&gt;(task4)
10:48:11,013 [pool-23-thread-2] DEBUG org.activiti.engine.impl.history.DefaultHistoryManager  - Current history level: AUDIT, level required: ACTIVITY
10:48:11,012 [pool-23-thread-5] DEBUG org.activiti.engine.impl.db.DbSqlSession  -   insert ProcessInstance[a6ee899b-c6c9-11ed-aa5a-de215c025445]
10:48:11,013 [pool-23-thread-5] DEBUG org.activiti.engine.impl.db.DbSqlSession  -   insert HistoricProcessInstanceEntity[superProcessInstanceId=null]
10:48:11,013 [pool-23-thread-5] DEBUG org.activiti.engine.impl.db.DbSqlSession  -   insert Task[id=a6f0375f-c6c9-11ed-aa5a-de215c025445, name=null]
10:48:11,013 [pool-23-thread-5] DEBUG org.activiti.engine.impl.db.DbSqlSession  -   insert HistoricTaskInstanceEntity[id=a6f0375f-c6c9-11ed-aa5a-de215c025445, name=null]
10:48:11,013 [pool-23-thread-5] DEBUG org.activiti.engine.impl.db.DbSqlSession  -   insert HistoricActivityInstanceEntity[activityId=theStart, activityName=null]
10:48:11,013 [pool-23-thread-5] DEBUG org.activiti.engine.impl.db.DbSqlSession  -   insert HistoricActivityInstanceEntity[activityId=task1, activityName=null]
10:48:11,013 [pool-23-thread-5] DEBUG org.activiti.engine.impl.db.DbSqlSession  -   insert HistoricActivityInstanceEntity[activityId=task2, activityName=null]
10:48:11,013 [pool-23-thread-5] DEBUG org.activiti.engine.impl.db.DbSqlSession  -   insert HistoricActivityInstanceEntity[activityId=task3, activityName=null]
10:48:11,013 [pool-23-thread-5] DEBUG org.activiti.engine.impl.db.DbSqlSession  -   insert HistoricActivityInstanceEntity[activityId=task4, activityName=null]
10:48:11,013 [pool-23-thread-5] DEBUG org.activiti.engine.impl.db.DbSqlSession  - flush summary: 9 insert, 0 update, 0 delete.
10:48:11,013 [pool-23-thread-5] DEBUG org.activiti.engine.impl.db.DbSqlSession  - now executing flush...
10:48:11,013 [pool-23-thread-5] DEBUG org.activiti.engine.impl.db.DbSqlSession  - inserting: HistoricTaskInstanceEntity[id=a6f0375f-c6c9-11ed-aa5a-de215c025445, name=null]
10:48:11,012 [pool-23-thread-6] DEBUG org.activiti.engine.impl.persistence.entity.HistoricActivityInstanceEntity.bulkInsertHistoricActivityInstance  - ==&gt;  Preparing: insert into ACT_HI_ACTINST ( ID_, PROC_DEF_ID_, PROC_INST_ID_, EXECUTION_ID_, ACT_ID_, TASK_ID_, CALL_PROC_INST_ID_, ACT_NAME_, ACT_TYPE_, ASSIGNEE_, START_TIME_, END_TIME_, DURATION_, TENANT_ID_ ) values (?, ?, ?, ?, ?, ?, ?, ?, ?, ?, ?, ?, ?, ?) , (?, ?, ?, ?, ?, ?, ?, ?, ?, ?, ?, ?, ?, ?) , (?, ?, ?, ?, ?, ?, ?, ?, ?, ?, ?, ?, ?, ?) , (?, ?, ?, ?, ?, ?, ?, ?, ?, ?, ?, ?, ?, ?) , (?, ?, ?, ?, ?, ?, ?, ?, ?, ?, ?, ?, ?, ?) 
10:48:11,012 [pool-23-thread-8] DEBUG org.activiti.engine.impl.pvm.runtime.AtomicOperationTransitionNotifyListenerTake  - ProcessInstance[a6f0104d-c6c9-11ed-aa5a-de215c025445] takes transition (theStart)--flow1--&gt;(task1)
10:48:11,012 [pool-23-thread-1] DEBUG org.apache.ibatis.transaction.jdbc.JdbcTransaction  - Closing JDBC Connection [conn151: url=jdbc:h2:mem:activiti-uuid-generator-test user=SA]
10:48:11,014 [pool-23-thread-8] DEBUG org.activiti.engine.impl.history.DefaultHistoryManager  - Current history level: AUDIT, level required: ACTIVITY
10:48:11,013 [pool-23-thread-5] DEBUG org.activiti.engine.impl.persistence.entity.HistoricTaskInstanceEntity.insertHistoricTaskInstance  - ==&gt;  Preparing: insert into ACT_HI_TASKINST ( ID_, PROC_DEF_ID_, PROC_INST_ID_, EXECUTION_ID_, NAME_, PARENT_TASK_ID_, DESCRIPTION_, OWNER_, ASSIGNEE_, START_TIME_, CLAIM_TIME_, END_TIME_, DURATION_, DELETE_REASON_, TASK_DEF_KEY_, FORM_KEY_, PRIORITY_, DUE_DATE_, CATEGORY_, TENANT_ID_ ) values ( ?, ?, ?, ?, ?, ?, ?, ?, ?, ?, ?, ?, ?, ?, ?, ?, ?, ?, ?, ? ) 
10:48:11,013 [pool-23-thread-2] DEBUG org.activiti.engine.impl.pvm.runtime.AtomicOperationActivityExecute  - ProcessInstance[a6ee6288-c6c9-11ed-aa5a-de215c025445] executes Activity(task4): org.activiti.engine.impl.bpmn.behavior.UserTaskActivityBehavior
10:48:11,013 [pool-23-thread-9] DEBUG org.activiti.engine.impl.pvm.runtime.AtomicOperationTransitionNotifyListenerTake  - ProcessInstance[a6ee8999-c6c9-11ed-aa5a-de215c025445] takes transition (task3)--flow4--&gt;(task4)
10:48:11,013 [pool-23-thread-3] DEBUG org.activiti.engine.impl.persistence.entity.TaskEntity.selectTasksByExecutionId  - ==&gt;  Preparing: select distinct T.* from ACT_RU_TASK T where T.EXECUTION_ID_ = ? 
10:48:11,012 [pool-23-thread-10] DEBUG org.activiti.engine.impl.persistence.entity.JobEntity.selectJobsByExecutionId  - ==&gt; Parameters: a6f08583-c6c9-11ed-aa5a-de215c025445(String)
10:48:11,012 [pool-23-thread-7] DEBUG org.activiti.engine.impl.pvm.runtime.AtomicOperationActivityExecute  - ProcessInstance[a6eed7be-c6c9-11ed-aa5a-de215c025445] executes Activity(task4): org.activiti.engine.impl.bpmn.behavior.UserTaskActivityBehavior
10:48:11,012 [pool-23-thread-4] DEBUG org.activiti.engine.impl.pvm.runtime.AtomicOperationActivityExecute  - ProcessInstance[a6ef25e2-c6c9-11ed-aa5a-de215c025445] executes Activity(task2): org.activiti.engine.impl.bpmn.behavior.ManualTaskActivityBehavior
10:48:11,014 [pool-23-thread-7] DEBUG org.activiti.engine.impl.persistence.entity.TaskEntity.selectTasksByExecutionId  - ==&gt;  Preparing: select distinct T.* from ACT_RU_TASK T where T.EXECUTION_ID_ = ? 
10:48:11,014 [pool-23-thread-7] DEBUG org.activiti.engine.impl.persistence.entity.TaskEntity.selectTasksByExecutionId  - ==&gt; Parameters: a6eed7be-c6c9-11ed-aa5a-de215c025445(String)
10:48:11,014 [pool-23-thread-10] DEBUG org.activiti.engine.impl.persistence.entity.JobEntity.selectJobsByExecutionId  - &lt;==      Total: 0
10:48:11,014 [pool-23-thread-3] DEBUG org.activiti.engine.impl.persistence.entity.TaskEntity.selectTasksByExecutionId  - ==&gt; Parameters: a6efe938-c6c9-11ed-aa5a-de215c025445(String)
10:48:11,014 [pool-23-thread-9] DEBUG org.activiti.engine.impl.history.DefaultHistoryManager  - Current history level: AUDIT, level required: ACTIVITY
10:48:11,014 [pool-23-thread-2] DEBUG org.activiti.engine.impl.persistence.entity.TaskEntity.selectTasksByExecutionId  - ==&gt;  Preparing: select distinct T.* from ACT_RU_TASK T where T.EXECUTION_ID_ = ? 
10:48:11,014 [pool-23-thread-5] DEBUG org.activiti.engine.impl.persistence.entity.HistoricTaskInstanceEntity.insertHistoricTaskInstance  - ==&gt; Parameters: a6f0375f-c6c9-11ed-aa5a-de215c025445(String), simpleProcess:1:a6dcaf6e-c6c9-11ed-aa5a-de215c025445(String), a6ee899b-c6c9-11ed-aa5a-de215c025445(String), a6ee899b-c6c9-11ed-aa5a-de215c025445(String), null, null, null, null, null, 2001-01-01 01:23:46.0(Timestamp), null, null, null, null, task4(String), null, 50(Integer), null, null, (String)
10:48:11,014 [pool-23-thread-8] DEBUG org.activiti.engine.impl.pvm.runtime.AtomicOperationActivityExecute  - ProcessInstance[a6f0104d-c6c9-11ed-aa5a-de215c025445] executes Activity(task1): org.activiti.engine.impl.bpmn.behavior.ManualTaskActivityBehavior
10:48:11,014 [pool-23-thread-8] DEBUG org.activiti.engine.impl.bpmn.behavior.BpmnActivityBehavior  - Leaving activity &apos;task1&apos;
10:48:11,014 [pool-23-thread-8] DEBUG org.activiti.engine.impl.history.DefaultHistoryManager  - Current history level: AUDIT, level required: ACTIVITY
10:48:11,014 [pool-23-thread-6] DEBUG org.activiti.engine.impl.persistence.entity.HistoricActivityInstanceEntity.bulkInsertHistoricActivityInstance  - ==&gt; Parameters: a6e98047-c6c9-11ed-aa5a-de215c025445(String), simpleProcess:1:a6dcaf6e-c6c9-11ed-aa5a-de215c025445(String), a6e93224-c6c9-11ed-aa5a-de215c025445(String), a6e93224-c6c9-11ed-aa5a-de215c025445(String), theStart(String), null, null, null, startEvent(String), null, 2001-01-01 01:23:46.0(Timestamp), 2001-01-01 01:23:46.0(Timestamp), 0(Long), (String), a6eab8d9-c6c9-11ed-aa5a-de215c025445(String), simpleProcess:1:a6dcaf6e-c6c9-11ed-aa5a-de215c025445(String), a6e93224-c6c9-11ed-aa5a-de215c025445(String), a6e93224-c6c9-11ed-aa5a-de215c025445(String), task1(String), null, null, null, manualTask(String), null, 2001-01-01 01:23:46.0(Timestamp), 2001-01-01 01:23:46.0(Timestamp), 0(Long), (String), a6eba34e-c6c9-11ed-aa5a-de215c025445(String), simpleProcess:1:a6dcaf6e-c6c9-11ed-aa5a-de215c025445(String), a6e93224-c6c9-11ed-aa5a-de215c025445(String), a6e93224-c6c9-11ed-aa5a-de215c025445(String), task2(String), null, null, null, manualTask(String), null, 2001-01-01 01:23:46.0(Timestamp), 2001-01-01 01:23:46.0(Timestamp), 0(Long), (String), a6ecb4cb-c6c9-11ed-aa5a-de215c025445(String), simpleProcess:1:a6dcaf6e-c6c9-11ed-aa5a-de215c025445(String), a6e93224-c6c9-11ed-aa5a-de215c025445(String), a6e93224-c6c9-11ed-aa5a-de215c025445(String), task3(String), null, null, null, manualTask(String), null, 2001-01-01 01:23:46.0(Timestamp), 2001-01-01 01:23:46.0(Timestamp), 0(Long), (String), a6ee1466-c6c9-11ed-aa5a-de215c025445(String), simpleProcess:1:a6dcaf6e-c6c9-11ed-aa5a-de215c025445(String), a6e93224-c6c9-11ed-aa5a-de215c025445(String), a6e93224-c6c9-11ed-aa5a-de215c025445(String), task4(String), a6ee6287-c6c9-11ed-aa5a-de215c025445(String), null, null, userTask(String), null, 2001-01-01 01:23:46.0(Timestamp), null, null, (String)
10:48:11,014 [pool-23-thread-1] DEBUG org.apache.ibatis.datasource.pooled.PooledDataSource  - Returned connection 2119021267 to pool.
10:48:11,015 [pool-23-thread-6] DEBUG org.activiti.engine.impl.persistence.entity.HistoricActivityInstanceEntity.bulkInsertHistoricActivityInstance  - &lt;==    Updates: 5
10:48:11,015 [pool-23-thread-6] DEBUG org.activiti.engine.impl.db.DbSqlSession  - inserting: ProcessInstance[a6e93224-c6c9-11ed-aa5a-de215c025445]
10:48:11,014 [pool-23-thread-8] DEBUG org.activiti.engine.impl.pvm.runtime.AtomicOperationTransitionNotifyListenerTake  - ProcessInstance[a6f0104d-c6c9-11ed-aa5a-de215c025445] takes transition (task1)--flow2--&gt;(task2)
10:48:11,014 [pool-23-thread-5] DEBUG org.activiti.engine.impl.persistence.entity.HistoricTaskInstanceEntity.insertHistoricTaskInstance  - &lt;==    Updates: 1
10:48:11,015 [pool-23-thread-5] DEBUG org.activiti.engine.impl.db.DbSqlSession  - inserting: HistoricProcessInstanceEntity[superProcessInstanceId=null]
10:48:11,014 [pool-23-thread-2] DEBUG org.activiti.engine.impl.persistence.entity.TaskEntity.selectTasksByExecutionId  - ==&gt; Parameters: a6ee6288-c6c9-11ed-aa5a-de215c025445(String)
10:48:11,014 [pool-23-thread-9] DEBUG org.activiti.engine.impl.pvm.runtime.AtomicOperationActivityExecute  - ProcessInstance[a6ee8999-c6c9-11ed-aa5a-de215c025445] executes Activity(task4): org.activiti.engine.impl.bpmn.behavior.UserTaskActivityBehavior
10:48:11,014 [pool-23-thread-3] DEBUG org.activiti.engine.impl.persistence.entity.TaskEntity.selectTasksByExecutionId  - &lt;==      Total: 0
10:48:11,015 [pool-23-thread-3] DEBUG org.activiti.engine.impl.history.DefaultHistoryManager  - Current history level: AUDIT, level required: AUDIT
10:48:11,014 [pool-23-thread-10] DEBUG org.activiti.engine.impl.bpmn.behavior.BpmnActivityBehavior  - Leaving activity &apos;theStart&apos;
10:48:11,014 [pool-23-thread-7] DEBUG org.activiti.engine.impl.persistence.entity.TaskEntity.selectTasksByExecutionId  - &lt;==      Total: 0
10:48:11,014 [pool-23-thread-4] DEBUG org.activiti.engine.impl.bpmn.behavior.BpmnActivityBehavior  - Leaving activity &apos;task2&apos;
10:48:11,015 [pool-23-thread-4] DEBUG org.activiti.engine.impl.history.DefaultHistoryManager  - Current history level: AUDIT, level required: ACTIVITY
10:48:11,015 [pool-23-thread-7] DEBUG org.activiti.engine.impl.history.DefaultHistoryManager  - Current history level: AUDIT, level required: AUDIT
10:48:11,015 [pool-23-thread-7] DEBUG org.activiti.engine.impl.history.DefaultHistoryManager  - Current history level: AUDIT, level required: AUDIT
10:48:11,015 [pool-23-thread-7] DEBUG org.activiti.engine.impl.history.DefaultHistoryManager  - Current history level: AUDIT, level required: AUDIT
10:48:11,015 [pool-23-thread-10] DEBUG org.activiti.engine.impl.history.DefaultHistoryManager  - Current history level: AUDIT, level required: ACTIVITY
10:48:11,015 [pool-23-thread-10] DEBUG org.activiti.engine.impl.pvm.runtime.AtomicOperationTransitionNotifyListenerTake  - ProcessInstance[a6f08583-c6c9-11ed-aa5a-de215c025445] takes transition (theStart)--flow1--&gt;(task1)
10:48:11,015 [pool-23-thread-3] DEBUG org.activiti.engine.impl.history.DefaultHistoryManager  - Current history level: AUDIT, level required: AUDIT
10:48:11,015 [pool-23-thread-3] DEBUG org.activiti.engine.impl.history.DefaultHistoryManager  - Current history level: AUDIT, level required: AUDIT
10:48:11,015 [pool-23-thread-3] DEBUG org.activiti.engine.impl.history.DefaultHistoryManager  - Current history level: AUDIT, level required: ACTIVITY
10:48:11,015 [pool-23-thread-9] DEBUG org.activiti.engine.impl.persistence.entity.TaskEntity.selectTasksByExecutionId  - ==&gt;  Preparing: select distinct T.* from ACT_RU_TASK T where T.EXECUTION_ID_ = ? 
10:48:11,015 [pool-23-thread-2] DEBUG org.activiti.engine.impl.persistence.entity.TaskEntity.selectTasksByExecutionId  - &lt;==      Total: 0
10:48:11,016 [pool-23-thread-2] DEBUG org.activiti.engine.impl.history.DefaultHistoryManager  - Current history level: AUDIT, level required: AUDIT
10:48:11,016 [pool-23-thread-2] DEBUG org.activiti.engine.impl.history.DefaultHistoryManager  - Current history level: AUDIT, level required: AUDIT
10:48:11,016 [pool-23-thread-2] DEBUG org.activiti.engine.impl.history.DefaultHistoryManager  - Current history level: AUDIT, level required: AUDIT
10:48:11,016 [pool-23-thread-2] DEBUG org.activiti.engine.impl.history.DefaultHistoryManager  - Current history level: AUDIT, level required: ACTIVITY
10:48:11,015 [pool-23-thread-5] DEBUG org.activiti.engine.impl.persistence.entity.HistoricProcessInstanceEntity.insertHistoricProcessInstance  - ==&gt;  Preparing: insert into ACT_HI_PROCINST ( ID_, PROC_INST_ID_, BUSINESS_KEY_, PROC_DEF_ID_, START_TIME_, END_TIME_, DURATION_, START_USER_ID_, START_ACT_ID_, END_ACT_ID_, SUPER_PROCESS_INSTANCE_ID_, DELETE_REASON_, TENANT_ID_, NAME_ ) values ( ?, ?, ?, ?, ?, ?, ?, ?, ?, ?, ?, ?, ?, ? ) 
10:48:11,015 [pool-23-thread-8] DEBUG org.activiti.engine.impl.history.DefaultHistoryManager  - Current history level: AUDIT, level required: ACTIVITY
10:48:11,015 [pool-23-thread-6] DEBUG org.activiti.engine.impl.persistence.entity.ExecutionEntity.insertExecution  - ==&gt;  Preparing: insert into ACT_RU_EXECUTION (ID_, REV_, PROC_INST_ID_, BUSINESS_KEY_, PROC_DEF_ID_, ACT_ID_, IS_ACTIVE_, IS_CONCURRENT_, IS_SCOPE_,IS_EVENT_SCOPE_, PARENT_ID_, SUPER_EXEC_, SUSPENSION_STATE_, CACHED_ENT_STATE_, TENANT_ID_, NAME_) values ( ?, 1, ?, ?, ?, ?, ?, ?, ?, ?, ?, ?, ?, ?, ?, ? ) 
10:48:11,015 [pool-23-thread-1] DEBUG org.activiti.engine.impl.interceptor.LogInterceptor  - --- StartProcessInstanceCmd finished --------------------------------------------------------
10:48:11,016 [pool-23-thread-6] DEBUG org.activiti.engine.impl.persistence.entity.ExecutionEntity.insertExecution  - ==&gt; Parameters: a6e93224-c6c9-11ed-aa5a-de215c025445(String), a6e93224-c6c9-11ed-aa5a-de215c025445(String), null, simpleProcess:1:a6dcaf6e-c6c9-11ed-aa5a-de215c025445(String), task4(String), true(Boolean), false(Boolean), true(Boolean), false(Boolean), null, null, 1(Integer), 2(Integer), (String), null
10:48:11,016 [pool-23-thread-8] DEBUG org.activiti.engine.impl.pvm.runtime.AtomicOperationActivityExecute  - ProcessInstance[a6f0104d-c6c9-11ed-aa5a-de215c025445] executes Activity(task2): org.activiti.engine.impl.bpmn.behavior.ManualTaskActivityBehavior
10:48:11,016 [pool-23-thread-5] DEBUG org.activiti.engine.impl.persistence.entity.HistoricProcessInstanceEntity.insertHistoricProcessInstance  - ==&gt; Parameters: a6ee899b-c6c9-11ed-aa5a-de215c025445(String), a6ee899b-c6c9-11ed-aa5a-de215c025445(String), null, simpleProcess:1:a6dcaf6e-c6c9-11ed-aa5a-de215c025445(String), 2001-01-01 01:23:46.0(Timestamp), null, null, null, theStart(String), null, null, null, (String), null
10:48:11,016 [pool-23-thread-2] DEBUG org.activiti.engine.impl.db.DbSqlSession  -   insert ProcessInstance[a6ee6288-c6c9-11ed-aa5a-de215c025445]
10:48:11,016 [pool-23-thread-2] DEBUG org.activiti.engine.impl.db.DbSqlSession  -   insert HistoricProcessInstanceEntity[superProcessInstanceId=null]
10:48:11,016 [pool-23-thread-2] DEBUG org.activiti.engine.impl.db.DbSqlSession  -   insert Task[id=a6f4cb50-c6c9-11ed-aa5a-de215c025445, name=null]
10:48:11,016 [pool-23-thread-2] DEBUG org.activiti.engine.impl.db.DbSqlSession  -   insert HistoricTaskInstanceEntity[id=a6f4cb50-c6c9-11ed-aa5a-de215c025445, name=null]
10:48:11,016 [pool-23-thread-2] DEBUG org.activiti.engine.impl.db.DbSqlSession  -   insert HistoricActivityInstanceEntity[activityId=theStart, activityName=null]
10:48:11,016 [pool-23-thread-2] DEBUG org.activiti.engine.impl.db.DbSqlSession  -   insert HistoricActivityInstanceEntity[activityId=task1, activityName=null]
10:48:11,016 [pool-23-thread-2] DEBUG org.activiti.engine.impl.db.DbSqlSession  -   insert HistoricActivityInstanceEntity[activityId=task2, activityName=null]
10:48:11,016 [pool-23-thread-2] DEBUG org.activiti.engine.impl.db.DbSqlSession  -   insert HistoricActivityInstanceEntity[activityId=task3, activityName=null]
10:48:11,016 [pool-23-thread-2] DEBUG org.activiti.engine.impl.db.DbSqlSession  -   insert HistoricActivityInstanceEntity[activityId=task4, activityName=null]
10:48:11,016 [pool-23-thread-2] DEBUG org.activiti.engine.impl.db.DbSqlSession  - flush summary: 9 insert, 0 update, 0 delete.
10:48:11,016 [pool-23-thread-2] DEBUG org.activiti.engine.impl.db.DbSqlSession  - now executing flush...
10:48:11,016 [pool-23-thread-2] DEBUG org.activiti.engine.impl.db.DbSqlSession  - inserting: HistoricTaskInstanceEntity[id=a6f4cb50-c6c9-11ed-aa5a-de215c025445, name=null]
10:48:11,016 [pool-23-thread-9] DEBUG org.activiti.engine.impl.persistence.entity.TaskEntity.selectTasksByExecutionId  - ==&gt; Parameters: a6ee8999-c6c9-11ed-aa5a-de215c025445(String)
10:48:11,015 [pool-23-thread-3] DEBUG org.activiti.engine.impl.db.DbSqlSession  -   insert ProcessInstance[a6efe938-c6c9-11ed-aa5a-de215c025445]
10:48:11,016 [pool-23-thread-3] DEBUG org.activiti.engine.impl.db.DbSqlSession  -   insert HistoricProcessInstanceEntity[superProcessInstanceId=null]
10:48:11,016 [pool-23-thread-3] DEBUG org.activiti.engine.impl.db.DbSqlSession  -   insert Task[id=a6f4a43d-c6c9-11ed-aa5a-de215c025445, name=null]
10:48:11,016 [pool-23-thread-3] DEBUG org.activiti.engine.impl.db.DbSqlSession  -   insert HistoricTaskInstanceEntity[id=a6f4a43d-c6c9-11ed-aa5a-de215c025445, name=null]
10:48:11,016 [pool-23-thread-3] DEBUG org.activiti.engine.impl.db.DbSqlSession  -   insert HistoricActivityInstanceEntity[activityId=theStart, activityName=null]
10:48:11,017 [pool-23-thread-3] DEBUG org.activiti.engine.impl.db.DbSqlSession  -   insert HistoricActivityInstanceEntity[activityId=task1, activityName=null]
10:48:11,017 [pool-23-thread-3] DEBUG org.activiti.engine.impl.db.DbSqlSession  -   insert HistoricActivityInstanceEntity[activityId=task2, activityName=null]
10:48:11,017 [pool-23-thread-3] DEBUG org.activiti.engine.impl.db.DbSqlSession  -   insert HistoricActivityInstanceEntity[activityId=task3, activityName=null]
10:48:11,017 [pool-23-thread-3] DEBUG org.activiti.engine.impl.db.DbSqlSession  -   insert HistoricActivityInstanceEntity[activityId=task4, activityName=null]
10:48:11,017 [pool-23-thread-3] DEBUG org.activiti.engine.impl.db.DbSqlSession  - flush summary: 9 insert, 0 update, 0 delete.
10:48:11,017 [pool-23-thread-3] DEBUG org.activiti.engine.impl.db.DbSqlSession  - now executing flush...
10:48:11,017 [pool-23-thread-3] DEBUG org.activiti.engine.impl.db.DbSqlSession  - inserting: HistoricTaskInstanceEntity[id=a6f4a43d-c6c9-11ed-aa5a-de215c025445, name=null]
10:48:11,015 [pool-23-thread-10] DEBUG org.activiti.engine.impl.history.DefaultHistoryManager  - Current history level: AUDIT, level required: ACTIVITY
10:48:11,015 [pool-23-thread-7] DEBUG org.activiti.engine.impl.history.DefaultHistoryManager  - Current history level: AUDIT, level required: ACTIVITY
10:48:11,015 [pool-23-thread-4] DEBUG org.activiti.engine.impl.pvm.runtime.AtomicOperationTransitionNotifyListenerTake  - ProcessInstance[a6ef25e2-c6c9-11ed-aa5a-de215c025445] takes transition (task2)--flow3--&gt;(task3)
10:48:11,017 [pool-23-thread-7] DEBUG org.activiti.engine.impl.db.DbSqlSession  -   insert ProcessInstance[a6eed7be-c6c9-11ed-aa5a-de215c025445]
10:48:11,017 [pool-23-thread-7] DEBUG org.activiti.engine.impl.db.DbSqlSession  -   insert HistoricProcessInstanceEntity[superProcessInstanceId=null]
10:48:11,017 [pool-23-thread-7] DEBUG org.activiti.engine.impl.db.DbSqlSession  -   insert Task[id=a6f4cb51-c6c9-11ed-aa5a-de215c025445, name=null]
10:48:11,017 [pool-23-thread-7] DEBUG org.activiti.engine.impl.db.DbSqlSession  -   insert HistoricTaskInstanceEntity[id=a6f4cb51-c6c9-11ed-aa5a-de215c025445, name=null]
10:48:11,017 [pool-23-thread-7] DEBUG org.activiti.engine.impl.db.DbSqlSession  -   insert HistoricActivityInstanceEntity[activityId=theStart, activityName=null]
10:48:11,017 [pool-23-thread-7] DEBUG org.activiti.engine.impl.db.DbSqlSession  -   insert HistoricActivityInstanceEntity[activityId=task1, activityName=null]
10:48:11,017 [pool-23-thread-7] DEBUG org.activiti.engine.impl.db.DbSqlSession  -   insert HistoricActivityInstanceEntity[activityId=task2, activityName=null]
10:48:11,017 [pool-23-thread-7] DEBUG org.activiti.engine.impl.db.DbSqlSession  -   insert HistoricActivityInstanceEntity[activityId=task3, activityName=null]
10:48:11,017 [pool-23-thread-7] DEBUG org.activiti.engine.impl.db.DbSqlSession  -   insert HistoricActivityInstanceEntity[activityId=task4, activityName=null]
10:48:11,017 [pool-23-thread-7] DEBUG org.activiti.engine.impl.db.DbSqlSession  - flush summary: 9 insert, 0 update, 0 delete.
10:48:11,017 [pool-23-thread-7] DEBUG org.activiti.engine.impl.db.DbSqlSession  - now executing flush...
10:48:11,017 [pool-23-thread-7] DEBUG org.activiti.engine.impl.db.DbSqlSession  - inserting: HistoricTaskInstanceEntity[id=a6f4cb51-c6c9-11ed-aa5a-de215c025445, name=null]
10:48:11,017 [pool-23-thread-10] DEBUG org.activiti.engine.impl.pvm.runtime.AtomicOperationActivityExecute  - ProcessInstance[a6f08583-c6c9-11ed-aa5a-de215c025445] executes Activity(task1): org.activiti.engine.impl.bpmn.behavior.ManualTaskActivityBehavior
10:48:11,017 [pool-23-thread-3] DEBUG org.activiti.engine.impl.persistence.entity.HistoricTaskInstanceEntity.insertHistoricTaskInstance  - ==&gt;  Preparing: insert into ACT_HI_TASKINST ( ID_, PROC_DEF_ID_, PROC_INST_ID_, EXECUTION_ID_, NAME_, PARENT_TASK_ID_, DESCRIPTION_, OWNER_, ASSIGNEE_, START_TIME_, CLAIM_TIME_, END_TIME_, DURATION_, DELETE_REASON_, TASK_DEF_KEY_, FORM_KEY_, PRIORITY_, DUE_DATE_, CATEGORY_, TENANT_ID_ ) values ( ?, ?, ?, ?, ?, ?, ?, ?, ?, ?, ?, ?, ?, ?, ?, ?, ?, ?, ?, ? ) 
10:48:11,016 [pool-23-thread-9] DEBUG org.activiti.engine.impl.persistence.entity.TaskEntity.selectTasksByExecutionId  - &lt;==      Total: 0
10:48:11,017 [pool-23-thread-9] DEBUG org.activiti.engine.impl.history.DefaultHistoryManager  - Current history level: AUDIT, level required: AUDIT
10:48:11,017 [pool-23-thread-9] DEBUG org.activiti.engine.impl.history.DefaultHistoryManager  - Current history level: AUDIT, level required: AUDIT
10:48:11,017 [pool-23-thread-9] DEBUG org.activiti.engine.impl.history.DefaultHistoryManager  - Current history level: AUDIT, level required: AUDIT
10:48:11,018 [pool-23-thread-9] DEBUG org.activiti.engine.impl.history.DefaultHistoryManager  - Current history level: AUDIT, level required: ACTIVITY
10:48:11,016 [pool-23-thread-2] DEBUG org.activiti.engine.impl.persistence.entity.HistoricTaskInstanceEntity.insertHistoricTaskInstance  - ==&gt;  Preparing: insert into ACT_HI_TASKINST ( ID_, PROC_DEF_ID_, PROC_INST_ID_, EXECUTION_ID_, NAME_, PARENT_TASK_ID_, DESCRIPTION_, OWNER_, ASSIGNEE_, START_TIME_, CLAIM_TIME_, END_TIME_, DURATION_, DELETE_REASON_, TASK_DEF_KEY_, FORM_KEY_, PRIORITY_, DUE_DATE_, CATEGORY_, TENANT_ID_ ) values ( ?, ?, ?, ?, ?, ?, ?, ?, ?, ?, ?, ?, ?, ?, ?, ?, ?, ?, ?, ? ) 
10:48:11,016 [pool-23-thread-5] DEBUG org.activiti.engine.impl.persistence.entity.HistoricProcessInstanceEntity.insertHistoricProcessInstance  - &lt;==    Updates: 1
10:48:11,016 [pool-23-thread-8] DEBUG org.activiti.engine.impl.bpmn.behavior.BpmnActivityBehavior  - Leaving activity &apos;task2&apos;
10:48:11,016 [pool-23-thread-6] DEBUG org.activiti.engine.impl.persistence.entity.ExecutionEntity.insertExecution  - &lt;==    Updates: 1
10:48:11,018 [pool-23-thread-6] DEBUG org.activiti.engine.impl.db.DbSqlSession  - inserting: Task[id=a6ee6287-c6c9-11ed-aa5a-de215c025445, name=null]
10:48:11,016 [pool-23-thread-1] DEBUG org.activiti.engine.impl.interceptor.LogInterceptor  - 

10:48:11,018 [pool-23-thread-6] DEBUG org.activiti.engine.impl.persistence.entity.TaskEntity.insertTask  - ==&gt;  Preparing: insert into ACT_RU_TASK (ID_, REV_, NAME_, PARENT_TASK_ID_, DESCRIPTION_, PRIORITY_, CREATE_TIME_, OWNER_, ASSIGNEE_, DELEGATION_, EXECUTION_ID_, PROC_INST_ID_, PROC_DEF_ID_, TASK_DEF_KEY_, DUE_DATE_, CATEGORY_, SUSPENSION_STATE_, TENANT_ID_, FORM_KEY_) values (?, 1, ?, ?, ?, ?, ?, ?, ?, ?, ?, ?, ?, ?, ?, ?, ?, ?, ? ) 
10:48:11,018 [pool-23-thread-8] DEBUG org.activiti.engine.impl.history.DefaultHistoryManager  - Current history level: AUDIT, level required: ACTIVITY
10:48:11,018 [pool-23-thread-2] DEBUG org.activiti.engine.impl.persistence.entity.HistoricTaskInstanceEntity.insertHistoricTaskInstance  - ==&gt; Parameters: a6f4cb50-c6c9-11ed-aa5a-de215c025445(String), simpleProcess:1:a6dcaf6e-c6c9-11ed-aa5a-de215c025445(String), a6ee6288-c6c9-11ed-aa5a-de215c025445(String), a6ee6288-c6c9-11ed-aa5a-de215c025445(String), null, null, null, null, null, 2001-01-01 01:23:46.0(Timestamp), null, null, null, null, task4(String), null, 50(Integer), null, null, (String)
10:48:11,018 [pool-23-thread-9] DEBUG org.activiti.engine.impl.db.DbSqlSession  -   insert ProcessInstance[a6ee8999-c6c9-11ed-aa5a-de215c025445]
10:48:11,018 [pool-23-thread-9] DEBUG org.activiti.engine.impl.db.DbSqlSession  -   insert HistoricProcessInstanceEntity[superProcessInstanceId=null]
10:48:11,018 [pool-23-thread-9] DEBUG org.activiti.engine.impl.db.DbSqlSession  -   insert Task[id=a6f4f263-c6c9-11ed-aa5a-de215c025445, name=null]
10:48:11,018 [pool-23-thread-9] DEBUG org.activiti.engine.impl.db.DbSqlSession  -   insert HistoricTaskInstanceEntity[id=a6f4f263-c6c9-11ed-aa5a-de215c025445, name=null]
10:48:11,018 [pool-23-thread-9] DEBUG org.activiti.engine.impl.db.DbSqlSession  -   insert HistoricActivityInstanceEntity[activityId=theStart, activityName=null]
10:48:11,018 [pool-23-thread-9] DEBUG org.activiti.engine.impl.db.DbSqlSession  -   insert HistoricActivityInstanceEntity[activityId=task1, activityName=null]
10:48:11,018 [pool-23-thread-9] DEBUG org.activiti.engine.impl.db.DbSqlSession  -   insert HistoricActivityInstanceEntity[activityId=task2, activityName=null]
10:48:11,018 [pool-23-thread-9] DEBUG org.activiti.engine.impl.db.DbSqlSession  -   insert HistoricActivityInstanceEntity[activityId=task3, activityName=null]
10:48:11,018 [pool-23-thread-9] DEBUG org.activiti.engine.impl.db.DbSqlSession  -   insert HistoricActivityInstanceEntity[activityId=task4, activityName=null]
10:48:11,018 [pool-23-thread-9] DEBUG org.activiti.engine.impl.db.DbSqlSession  - flush summary: 9 insert, 0 update, 0 delete.
10:48:11,018 [pool-23-thread-9] DEBUG org.activiti.engine.impl.db.DbSqlSession  - now executing flush...
10:48:11,018 [pool-23-thread-9] DEBUG org.activiti.engine.impl.db.DbSqlSession  - inserting: HistoricTaskInstanceEntity[id=a6f4f263-c6c9-11ed-aa5a-de215c025445, name=null]
10:48:11,017 [pool-23-thread-3] DEBUG org.activiti.engine.impl.persistence.entity.HistoricTaskInstanceEntity.insertHistoricTaskInstance  - ==&gt; Parameters: a6f4a43d-c6c9-11ed-aa5a-de215c025445(String), simpleProcess:1:a6dcaf6e-c6c9-11ed-aa5a-de215c025445(String), a6efe938-c6c9-11ed-aa5a-de215c025445(String), a6efe938-c6c9-11ed-aa5a-de215c025445(String), null, null, null, null, null, 2001-01-01 01:23:46.0(Timestamp), null, null, null, null, task4(String), null, 50(Integer), null, null, (String)
10:48:11,018 [pool-23-thread-3] DEBUG org.activiti.engine.impl.persistence.entity.HistoricTaskInstanceEntity.insertHistoricTaskInstance  - &lt;==    Updates: 1
10:48:11,018 [pool-23-thread-3] DEBUG org.activiti.engine.impl.db.DbSqlSession  - inserting: HistoricProcessInstanceEntity[superProcessInstanceId=null]
10:48:11,017 [pool-23-thread-10] DEBUG org.activiti.engine.impl.bpmn.behavior.BpmnActivityBehavior  - Leaving activity &apos;task1&apos;
10:48:11,018 [pool-23-thread-10] DEBUG org.activiti.engine.impl.history.DefaultHistoryManager  - Current history level: AUDIT, level required: ACTIVITY
10:48:11,017 [pool-23-thread-7] DEBUG org.activiti.engine.impl.persistence.entity.HistoricTaskInstanceEntity.insertHistoricTaskInstance  - ==&gt;  Preparing: insert into ACT_HI_TASKINST ( ID_, PROC_DEF_ID_, PROC_INST_ID_, EXECUTION_ID_, NAME_, PARENT_TASK_ID_, DESCRIPTION_, OWNER_, ASSIGNEE_, START_TIME_, CLAIM_TIME_, END_TIME_, DURATION_, DELETE_REASON_, TASK_DEF_KEY_, FORM_KEY_, PRIORITY_, DUE_DATE_, CATEGORY_, TENANT_ID_ ) values ( ?, ?, ?, ?, ?, ?, ?, ?, ?, ?, ?, ?, ?, ?, ?, ?, ?, ?, ?, ? ) 
10:48:11,017 [pool-23-thread-4] DEBUG org.activiti.engine.impl.history.DefaultHistoryManager  - Current history level: AUDIT, level required: ACTIVITY
10:48:11,018 [pool-23-thread-7] DEBUG org.activiti.engine.impl.persistence.entity.HistoricTaskInstanceEntity.insertHistoricTaskInstance  - ==&gt; Parameters: a6f4cb51-c6c9-11ed-aa5a-de215c025445(String), simpleProcess:1:a6dcaf6e-c6c9-11ed-aa5a-de215c025445(String), a6eed7be-c6c9-11ed-aa5a-de215c025445(String), a6eed7be-c6c9-11ed-aa5a-de215c025445(String), null, null, null, null, null, 2001-01-01 01:23:46.0(Timestamp), null, null, null, null, task4(String), null, 50(Integer), null, null, (String)
10:48:11,018 [pool-23-thread-10] DEBUG org.activiti.engine.impl.pvm.runtime.AtomicOperationTransitionNotifyListenerTake  - ProcessInstance[a6f08583-c6c9-11ed-aa5a-de215c025445] takes transition (task1)--flow2--&gt;(task2)
10:48:11,018 [pool-23-thread-3] DEBUG org.activiti.engine.impl.persistence.entity.HistoricProcessInstanceEntity.insertHistoricProcessInstance  - ==&gt;  Preparing: insert into ACT_HI_PROCINST ( ID_, PROC_INST_ID_, BUSINESS_KEY_, PROC_DEF_ID_, START_TIME_, END_TIME_, DURATION_, START_USER_ID_, START_ACT_ID_, END_ACT_ID_, SUPER_PROCESS_INSTANCE_ID_, DELETE_REASON_, TENANT_ID_, NAME_ ) values ( ?, ?, ?, ?, ?, ?, ?, ?, ?, ?, ?, ?, ?, ? ) 
10:48:11,019 [pool-23-thread-3] DEBUG org.activiti.engine.impl.persistence.entity.HistoricProcessInstanceEntity.insertHistoricProcessInstance  - ==&gt; Parameters: a6efe938-c6c9-11ed-aa5a-de215c025445(String), a6efe938-c6c9-11ed-aa5a-de215c025445(String), null, simpleProcess:1:a6dcaf6e-c6c9-11ed-aa5a-de215c025445(String), 2001-01-01 01:23:46.0(Timestamp), null, null, null, theStart(String), null, null, null, (String), null
10:48:11,018 [pool-23-thread-9] DEBUG org.activiti.engine.impl.persistence.entity.HistoricTaskInstanceEntity.insertHistoricTaskInstance  - ==&gt;  Preparing: insert into ACT_HI_TASKINST ( ID_, PROC_DEF_ID_, PROC_INST_ID_, EXECUTION_ID_, NAME_, PARENT_TASK_ID_, DESCRIPTION_, OWNER_, ASSIGNEE_, START_TIME_, CLAIM_TIME_, END_TIME_, DURATION_, DELETE_REASON_, TASK_DEF_KEY_, FORM_KEY_, PRIORITY_, DUE_DATE_, CATEGORY_, TENANT_ID_ ) values ( ?, ?, ?, ?, ?, ?, ?, ?, ?, ?, ?, ?, ?, ?, ?, ?, ?, ?, ?, ? ) 
10:48:11,018 [pool-23-thread-2] DEBUG org.activiti.engine.impl.persistence.entity.HistoricTaskInstanceEntity.insertHistoricTaskInstance  - &lt;==    Updates: 1
10:48:11,019 [pool-23-thread-9] DEBUG org.activiti.engine.impl.persistence.entity.HistoricTaskInstanceEntity.insertHistoricTaskInstance  - ==&gt; Parameters: a6f4f263-c6c9-11ed-aa5a-de215c025445(String), simpleProcess:1:a6dcaf6e-c6c9-11ed-aa5a-de215c025445(String), a6ee8999-c6c9-11ed-aa5a-de215c025445(String), a6ee8999-c6c9-11ed-aa5a-de215c025445(String), null, null, null, null, null, 2001-01-01 01:23:46.0(Timestamp), null, null, null, null, task4(String), null, 50(Integer), null, null, (String)
10:48:11,018 [pool-23-thread-8] DEBUG org.activiti.engine.impl.pvm.runtime.AtomicOperationTransitionNotifyListenerTake  - ProcessInstance[a6f0104d-c6c9-11ed-aa5a-de215c025445] takes transition (task2)--flow3--&gt;(task3)
10:48:11,018 [pool-23-thread-6] DEBUG org.activiti.engine.impl.persistence.entity.TaskEntity.insertTask  - ==&gt; Parameters: a6ee6287-c6c9-11ed-aa5a-de215c025445(String), null, null, null, 50(Integer), 2001-01-01 01:23:46.0(Timestamp), null, null, null, a6e93224-c6c9-11ed-aa5a-de215c025445(String), a6e93224-c6c9-11ed-aa5a-de215c025445(String), simpleProcess:1:a6dcaf6e-c6c9-11ed-aa5a-de215c025445(String), task4(String), null, null, 1(Integer), (String), null
10:48:11,018 [pool-23-thread-5] DEBUG org.activiti.engine.impl.persistence.entity.HistoricActivityInstanceEntity.bulkInsertHistoricActivityInstance  - ==&gt;  Preparing: insert into ACT_HI_ACTINST ( ID_, PROC_DEF_ID_, PROC_INST_ID_, EXECUTION_ID_, ACT_ID_, TASK_ID_, CALL_PROC_INST_ID_, ACT_NAME_, ACT_TYPE_, ASSIGNEE_, START_TIME_, END_TIME_, DURATION_, TENANT_ID_ ) values (?, ?, ?, ?, ?, ?, ?, ?, ?, ?, ?, ?, ?, ?) , (?, ?, ?, ?, ?, ?, ?, ?, ?, ?, ?, ?, ?, ?) , (?, ?, ?, ?, ?, ?, ?, ?, ?, ?, ?, ?, ?, ?) , (?, ?, ?, ?, ?, ?, ?, ?, ?, ?, ?, ?, ?, ?) , (?, ?, ?, ?, ?, ?, ?, ?, ?, ?, ?, ?, ?, ?) 
10:48:11,018 [pool-23-thread-1] DEBUG org.activiti.engine.impl.interceptor.LogInterceptor  - 

10:48:11,019 [pool-23-thread-1] DEBUG org.activiti.engine.impl.interceptor.LogInterceptor  - --- starting StartProcessInstanceCmd --------------------------------------------------------
10:48:11,019 [pool-23-thread-6] DEBUG org.activiti.engine.impl.persistence.entity.TaskEntity.insertTask  - &lt;==    Updates: 1
10:48:11,019 [pool-23-thread-5] DEBUG org.activiti.engine.impl.persistence.entity.HistoricActivityInstanceEntity.bulkInsertHistoricActivityInstance  - ==&gt; Parameters: a6eeb0ad-c6c9-11ed-aa5a-de215c025445(String), simpleProcess:1:a6dcaf6e-c6c9-11ed-aa5a-de215c025445(String), a6ee899b-c6c9-11ed-aa5a-de215c025445(String), a6ee899b-c6c9-11ed-aa5a-de215c025445(String), theStart(String), null, null, null, startEvent(String), null, 2001-01-01 01:23:46.0(Timestamp), 2001-01-01 01:23:46.0(Timestamp), 0(Long), (String), a6ef25e0-c6c9-11ed-aa5a-de215c025445(String), simpleProcess:1:a6dcaf6e-c6c9-11ed-aa5a-de215c025445(String), a6ee899b-c6c9-11ed-aa5a-de215c025445(String), a6ee899b-c6c9-11ed-aa5a-de215c025445(String), task1(String), null, null, null, manualTask(String), null, 2001-01-01 01:23:46.0(Timestamp), 2001-01-01 01:23:46.0(Timestamp), 0(Long), (String), a6ef4cf5-c6c9-11ed-aa5a-de215c025445(String), simpleProcess:1:a6dcaf6e-c6c9-11ed-aa5a-de215c025445(String), a6ee899b-c6c9-11ed-aa5a-de215c025445(String), a6ee899b-c6c9-11ed-aa5a-de215c025445(String), task2(String), null, null, null, manualTask(String), null, 2001-01-01 01:23:46.0(Timestamp), 2001-01-01 01:23:46.0(Timestamp), 0(Long), (String), a6ef4cf6-c6c9-11ed-aa5a-de215c025445(String), simpleProcess:1:a6dcaf6e-c6c9-11ed-aa5a-de215c025445(String), a6ee899b-c6c9-11ed-aa5a-de215c025445(String), a6ee899b-c6c9-11ed-aa5a-de215c025445(String), task3(String), null, null, null, manualTask(String), null, 2001-01-01 01:23:46.0(Timestamp), 2001-01-01 01:23:46.0(Timestamp), 0(Long), (String), a6f0104c-c6c9-11ed-aa5a-de215c025445(String), simpleProcess:1:a6dcaf6e-c6c9-11ed-aa5a-de215c025445(String), a6ee899b-c6c9-11ed-aa5a-de215c025445(String), a6ee899b-c6c9-11ed-aa5a-de215c025445(String), task4(String), a6f0375f-c6c9-11ed-aa5a-de215c025445(String), null, null, userTask(String), null, 2001-01-01 01:23:46.0(Timestamp), null, null, (String)
10:48:11,019 [pool-23-thread-8] DEBUG org.activiti.engine.impl.history.DefaultHistoryManager  - Current history level: AUDIT, level required: ACTIVITY
10:48:11,019 [pool-23-thread-9] DEBUG org.activiti.engine.impl.persistence.entity.HistoricTaskInstanceEntity.insertHistoricTaskInstance  - &lt;==    Updates: 1
10:48:11,019 [pool-23-thread-2] DEBUG org.activiti.engine.impl.db.DbSqlSession  - inserting: HistoricProcessInstanceEntity[superProcessInstanceId=null]
10:48:11,019 [pool-23-thread-2] DEBUG org.activiti.engine.impl.persistence.entity.HistoricProcessInstanceEntity.insertHistoricProcessInstance  - ==&gt;  Preparing: insert into ACT_HI_PROCINST ( ID_, PROC_INST_ID_, BUSINESS_KEY_, PROC_DEF_ID_, START_TIME_, END_TIME_, DURATION_, START_USER_ID_, START_ACT_ID_, END_ACT_ID_, SUPER_PROCESS_INSTANCE_ID_, DELETE_REASON_, TENANT_ID_, NAME_ ) values ( ?, ?, ?, ?, ?, ?, ?, ?, ?, ?, ?, ?, ?, ? ) 
10:48:11,019 [pool-23-thread-3] DEBUG org.activiti.engine.impl.persistence.entity.HistoricProcessInstanceEntity.insertHistoricProcessInstance  - &lt;==    Updates: 1
10:48:11,019 [pool-23-thread-10] DEBUG org.activiti.engine.impl.history.DefaultHistoryManager  - Current history level: AUDIT, level required: ACTIVITY
10:48:11,019 [pool-23-thread-7] DEBUG org.activiti.engine.impl.persistence.entity.HistoricTaskInstanceEntity.insertHistoricTaskInstance  - &lt;==    Updates: 1
10:48:11,019 [pool-23-thread-7] DEBUG org.activiti.engine.impl.db.DbSqlSession  - inserting: HistoricProcessInstanceEntity[superProcessInstanceId=null]
10:48:11,019 [pool-23-thread-4] DEBUG org.activiti.engine.impl.pvm.runtime.AtomicOperationActivityExecute  - ProcessInstance[a6ef25e2-c6c9-11ed-aa5a-de215c025445] executes Activity(task3): org.activiti.engine.impl.bpmn.behavior.ManualTaskActivityBehavior
10:48:11,019 [pool-23-thread-7] DEBUG org.activiti.engine.impl.persistence.entity.HistoricProcessInstanceEntity.insertHistoricProcessInstance  - ==&gt;  Preparing: insert into ACT_HI_PROCINST ( ID_, PROC_INST_ID_, BUSINESS_KEY_, PROC_DEF_ID_, START_TIME_, END_TIME_, DURATION_, START_USER_ID_, START_ACT_ID_, END_ACT_ID_, SUPER_PROCESS_INSTANCE_ID_, DELETE_REASON_, TENANT_ID_, NAME_ ) values ( ?, ?, ?, ?, ?, ?, ?, ?, ?, ?, ?, ?, ?, ? ) 
10:48:11,019 [pool-23-thread-10] DEBUG org.activiti.engine.impl.pvm.runtime.AtomicOperationActivityExecute  - ProcessInstance[a6f08583-c6c9-11ed-aa5a-de215c025445] executes Activity(task2): org.activiti.engine.impl.bpmn.behavior.ManualTaskActivityBehavior
10:48:11,019 [pool-23-thread-10] DEBUG org.activiti.engine.impl.bpmn.behavior.BpmnActivityBehavior  - Leaving activity &apos;task2&apos;
10:48:11,019 [pool-23-thread-2] DEBUG org.activiti.engine.impl.persistence.entity.HistoricProcessInstanceEntity.insertHistoricProcessInstance  - ==&gt; Parameters: a6ee6288-c6c9-11ed-aa5a-de215c025445(String), a6ee6288-c6c9-11ed-aa5a-de215c025445(String), null, simpleProcess:1:a6dcaf6e-c6c9-11ed-aa5a-de215c025445(String), 2001-01-01 01:23:46.0(Timestamp), null, null, null, theStart(String), null, null, null, (String), null
10:48:11,019 [pool-23-thread-9] DEBUG org.activiti.engine.impl.db.DbSqlSession  - inserting: HistoricProcessInstanceEntity[superProcessInstanceId=null]
10:48:11,019 [pool-23-thread-8] DEBUG org.activiti.engine.impl.pvm.runtime.AtomicOperationActivityExecute  - ProcessInstance[a6f0104d-c6c9-11ed-aa5a-de215c025445] executes Activity(task3): org.activiti.engine.impl.bpmn.behavior.ManualTaskActivityBehavior
10:48:11,019 [pool-23-thread-5] DEBUG org.activiti.engine.impl.persistence.entity.HistoricActivityInstanceEntity.bulkInsertHistoricActivityInstance  - &lt;==    Updates: 5
10:48:11,020 [pool-23-thread-5] DEBUG org.activiti.engine.impl.db.DbSqlSession  - inserting: ProcessInstance[a6ee899b-c6c9-11ed-aa5a-de215c025445]
10:48:11,019 [pool-23-thread-6] DEBUG org.activiti.engine.impl.cfg.standalone.StandaloneMybatisTransactionContext  - firing event committing...
10:48:11,020 [pool-23-thread-6] DEBUG org.activiti.engine.impl.cfg.standalone.StandaloneMybatisTransactionContext  - committing the ibatis sql session...
10:48:11,019 [pool-23-thread-1] DEBUG org.apache.ibatis.transaction.jdbc.JdbcTransaction  - Opening JDBC Connection
10:48:11,020 [pool-23-thread-1] DEBUG org.apache.ibatis.datasource.pooled.PooledDataSource  - Checked out connection 2119021267 from pool.
10:48:11,020 [pool-23-thread-6] DEBUG org.apache.ibatis.transaction.jdbc.JdbcTransaction  - Committing JDBC Connection [conn152: url=jdbc:h2:mem:activiti-uuid-generator-test user=SA]
10:48:11,020 [pool-23-thread-5] DEBUG org.activiti.engine.impl.persistence.entity.ExecutionEntity.insertExecution  - ==&gt;  Preparing: insert into ACT_RU_EXECUTION (ID_, REV_, PROC_INST_ID_, BUSINESS_KEY_, PROC_DEF_ID_, ACT_ID_, IS_ACTIVE_, IS_CONCURRENT_, IS_SCOPE_,IS_EVENT_SCOPE_, PARENT_ID_, SUPER_EXEC_, SUSPENSION_STATE_, CACHED_ENT_STATE_, TENANT_ID_, NAME_) values ( ?, 1, ?, ?, ?, ?, ?, ?, ?, ?, ?, ?, ?, ?, ?, ? ) 
10:48:11,020 [pool-23-thread-6] DEBUG org.activiti.engine.impl.cfg.standalone.StandaloneMybatisTransactionContext  - firing event committed...
10:48:11,020 [pool-23-thread-8] DEBUG org.activiti.engine.impl.bpmn.behavior.BpmnActivityBehavior  - Leaving activity &apos;task3&apos;
10:48:11,020 [pool-23-thread-9] DEBUG org.activiti.engine.impl.persistence.entity.HistoricProcessInstanceEntity.insertHistoricProcessInstance  - ==&gt;  Preparing: insert into ACT_HI_PROCINST ( ID_, PROC_INST_ID_, BUSINESS_KEY_, PROC_DEF_ID_, START_TIME_, END_TIME_, DURATION_, START_USER_ID_, START_ACT_ID_, END_ACT_ID_, SUPER_PROCESS_INSTANCE_ID_, DELETE_REASON_, TENANT_ID_, NAME_ ) values ( ?, ?, ?, ?, ?, ?, ?, ?, ?, ?, ?, ?, ?, ? ) 
10:48:11,020 [pool-23-thread-2] DEBUG org.activiti.engine.impl.persistence.entity.HistoricProcessInstanceEntity.insertHistoricProcessInstance  - &lt;==    Updates: 1
10:48:11,020 [pool-23-thread-10] DEBUG org.activiti.engine.impl.history.DefaultHistoryManager  - Current history level: AUDIT, level required: ACTIVITY
10:48:11,019 [pool-23-thread-7] DEBUG org.activiti.engine.impl.persistence.entity.HistoricProcessInstanceEntity.insertHistoricProcessInstance  - ==&gt; Parameters: a6eed7be-c6c9-11ed-aa5a-de215c025445(String), a6eed7be-c6c9-11ed-aa5a-de215c025445(String), null, simpleProcess:1:a6dcaf6e-c6c9-11ed-aa5a-de215c025445(String), 2001-01-01 01:23:46.0(Timestamp), null, null, null, theStart(String), null, null, null, (String), null
10:48:11,019 [pool-23-thread-3] DEBUG org.activiti.engine.impl.persistence.entity.HistoricActivityInstanceEntity.bulkInsertHistoricActivityInstance  - ==&gt;  Preparing: insert into ACT_HI_ACTINST ( ID_, PROC_DEF_ID_, PROC_INST_ID_, EXECUTION_ID_, ACT_ID_, TASK_ID_, CALL_PROC_INST_ID_, ACT_NAME_, ACT_TYPE_, ASSIGNEE_, START_TIME_, END_TIME_, DURATION_, TENANT_ID_ ) values (?, ?, ?, ?, ?, ?, ?, ?, ?, ?, ?, ?, ?, ?) , (?, ?, ?, ?, ?, ?, ?, ?, ?, ?, ?, ?, ?, ?) , (?, ?, ?, ?, ?, ?, ?, ?, ?, ?, ?, ?, ?, ?) , (?, ?, ?, ?, ?, ?, ?, ?, ?, ?, ?, ?, ?, ?) , (?, ?, ?, ?, ?, ?, ?, ?, ?, ?, ?, ?, ?, ?) 
10:48:11,019 [pool-23-thread-4] DEBUG org.activiti.engine.impl.bpmn.behavior.BpmnActivityBehavior  - Leaving activity &apos;task3&apos;
10:48:11,020 [pool-23-thread-7] DEBUG org.activiti.engine.impl.persistence.entity.HistoricProcessInstanceEntity.insertHistoricProcessInstance  - &lt;==    Updates: 1
10:48:11,020 [pool-23-thread-10] DEBUG org.activiti.engine.impl.pvm.runtime.AtomicOperationTransitionNotifyListenerTake  - ProcessInstance[a6f08583-c6c9-11ed-aa5a-de215c025445] takes transition (task2)--flow3--&gt;(task3)
10:48:11,020 [pool-23-thread-9] DEBUG org.activiti.engine.impl.persistence.entity.HistoricProcessInstanceEntity.insertHistoricProcessInstance  - ==&gt; Parameters: a6ee8999-c6c9-11ed-aa5a-de215c025445(String), a6ee8999-c6c9-11ed-aa5a-de215c025445(String), null, simpleProcess:1:a6dcaf6e-c6c9-11ed-aa5a-de215c025445(String), 2001-01-01 01:23:46.0(Timestamp), null, null, null, theStart(String), null, null, null, (String), null
10:48:11,020 [pool-23-thread-8] DEBUG org.activiti.engine.impl.history.DefaultHistoryManager  - Current history level: AUDIT, level required: ACTIVITY
10:48:11,020 [pool-23-thread-6] DEBUG org.apache.ibatis.transaction.jdbc.JdbcTransaction  - Resetting autocommit to true on JDBC Connection [conn152: url=jdbc:h2:mem:activiti-uuid-generator-test user=SA]
10:48:11,020 [pool-23-thread-6] DEBUG org.apache.ibatis.transaction.jdbc.JdbcTransaction  - Closing JDBC Connection [conn152: url=jdbc:h2:mem:activiti-uuid-generator-test user=SA]
10:48:11,020 [pool-23-thread-7] DEBUG org.activiti.engine.impl.persistence.entity.HistoricActivityInstanceEntity.bulkInsertHistoricActivityInstance  - ==&gt;  Preparing: insert into ACT_HI_ACTINST ( ID_, PROC_DEF_ID_, PROC_INST_ID_, EXECUTION_ID_, ACT_ID_, TASK_ID_, CALL_PROC_INST_ID_, ACT_NAME_, ACT_TYPE_, ASSIGNEE_, START_TIME_, END_TIME_, DURATION_, TENANT_ID_ ) values (?, ?, ?, ?, ?, ?, ?, ?, ?, ?, ?, ?, ?, ?) , (?, ?, ?, ?, ?, ?, ?, ?, ?, ?, ?, ?, ?, ?) , (?, ?, ?, ?, ?, ?, ?, ?, ?, ?, ?, ?, ?, ?) , (?, ?, ?, ?, ?, ?, ?, ?, ?, ?, ?, ?, ?, ?) , (?, ?, ?, ?, ?, ?, ?, ?, ?, ?, ?, ?, ?, ?) 
10:48:11,020 [pool-23-thread-5] DEBUG org.activiti.engine.impl.persistence.entity.ExecutionEntity.insertExecution  - ==&gt; Parameters: a6ee899b-c6c9-11ed-aa5a-de215c025445(String), a6ee899b-c6c9-11ed-aa5a-de215c025445(String), null, simpleProcess:1:a6dcaf6e-c6c9-11ed-aa5a-de215c025445(String), task4(String), true(Boolean), false(Boolean), true(Boolean), false(Boolean), null, null, 1(Integer), 2(Integer), (String), null
10:48:11,020 [pool-23-thread-1] DEBUG org.apache.ibatis.transaction.jdbc.JdbcTransaction  - Setting autocommit to false on JDBC Connection [conn151: url=jdbc:h2:mem:activiti-uuid-generator-test user=SA]
10:48:11,021 [pool-23-thread-5] DEBUG org.activiti.engine.impl.persistence.entity.ExecutionEntity.insertExecution  - &lt;==    Updates: 1
10:48:11,020 [pool-23-thread-6] DEBUG org.apache.ibatis.datasource.pooled.PooledDataSource  - Returned connection 1865681564 to pool.
10:48:11,021 [pool-23-thread-6] DEBUG org.activiti.engine.impl.interceptor.LogInterceptor  - --- StartProcessInstanceCmd finished --------------------------------------------------------
10:48:11,021 [pool-23-thread-6] DEBUG org.activiti.engine.impl.interceptor.LogInterceptor  - 

10:48:11,020 [pool-23-thread-8] DEBUG org.activiti.engine.impl.pvm.runtime.AtomicOperationTransitionNotifyListenerTake  - ProcessInstance[a6f0104d-c6c9-11ed-aa5a-de215c025445] takes transition (task3)--flow4--&gt;(task4)
10:48:11,020 [pool-23-thread-9] DEBUG org.activiti.engine.impl.persistence.entity.HistoricProcessInstanceEntity.insertHistoricProcessInstance  - &lt;==    Updates: 1
10:48:11,020 [pool-23-thread-10] DEBUG org.activiti.engine.impl.history.DefaultHistoryManager  - Current history level: AUDIT, level required: ACTIVITY
10:48:11,020 [pool-23-thread-3] DEBUG org.activiti.engine.impl.persistence.entity.HistoricActivityInstanceEntity.bulkInsertHistoricActivityInstance  - ==&gt; Parameters: a6efe939-c6c9-11ed-aa5a-de215c025445(String), simpleProcess:1:a6dcaf6e-c6c9-11ed-aa5a-de215c025445(String), a6efe938-c6c9-11ed-aa5a-de215c025445(String), a6efe938-c6c9-11ed-aa5a-de215c025445(String), theStart(String), null, null, null, startEvent(String), null, 2001-01-01 01:23:46.0(Timestamp), 2001-01-01 01:23:46.0(Timestamp), 0(Long), (String), a6f47d27-c6c9-11ed-aa5a-de215c025445(String), simpleProcess:1:a6dcaf6e-c6c9-11ed-aa5a-de215c025445(String), a6efe938-c6c9-11ed-aa5a-de215c025445(String), a6efe938-c6c9-11ed-aa5a-de215c025445(String), task1(String), null, null, null, manualTask(String), null, 2001-01-01 01:23:46.0(Timestamp), 2001-01-01 01:23:46.0(Timestamp), 0(Long), (String), a6f4a43a-c6c9-11ed-aa5a-de215c025445(String), simpleProcess:1:a6dcaf6e-c6c9-11ed-aa5a-de215c025445(String), a6efe938-c6c9-11ed-aa5a-de215c025445(String), a6efe938-c6c9-11ed-aa5a-de215c025445(String), task2(String), null, null, null, manualTask(String), null, 2001-01-01 01:23:46.0(Timestamp), 2001-01-01 01:23:46.0(Timestamp), 0(Long), (String), a6f4a43b-c6c9-11ed-aa5a-de215c025445(String), simpleProcess:1:a6dcaf6e-c6c9-11ed-aa5a-de215c025445(String), a6efe938-c6c9-11ed-aa5a-de215c025445(String), a6efe938-c6c9-11ed-aa5a-de215c025445(String), task3(String), null, null, null, manualTask(String), null, 2001-01-01 01:23:46.0(Timestamp), 2001-01-01 01:23:46.0(Timestamp), 0(Long), (String), a6f4a43c-c6c9-11ed-aa5a-de215c025445(String), simpleProcess:1:a6dcaf6e-c6c9-11ed-aa5a-de215c025445(String), a6efe938-c6c9-11ed-aa5a-de215c025445(String), a6efe938-c6c9-11ed-aa5a-de215c025445(String), task4(String), a6f4a43d-c6c9-11ed-aa5a-de215c025445(String), null, null, userTask(String), null, 2001-01-01 01:23:46.0(Timestamp), null, null, (String)
10:48:11,020 [pool-23-thread-2] DEBUG org.activiti.engine.impl.persistence.entity.HistoricActivityInstanceEntity.bulkInsertHistoricActivityInstance  - ==&gt;  Preparing: insert into ACT_HI_ACTINST ( ID_, PROC_DEF_ID_, PROC_INST_ID_, EXECUTION_ID_, ACT_ID_, TASK_ID_, CALL_PROC_INST_ID_, ACT_NAME_, ACT_TYPE_, ASSIGNEE_, START_TIME_, END_TIME_, DURATION_, TENANT_ID_ ) values (?, ?, ?, ?, ?, ?, ?, ?, ?, ?, ?, ?, ?, ?) , (?, ?, ?, ?, ?, ?, ?, ?, ?, ?, ?, ?, ?, ?) , (?, ?, ?, ?, ?, ?, ?, ?, ?, ?, ?, ?, ?, ?) , (?, ?, ?, ?, ?, ?, ?, ?, ?, ?, ?, ?, ?, ?) , (?, ?, ?, ?, ?, ?, ?, ?, ?, ?, ?, ?, ?, ?) 
10:48:11,021 [pool-23-thread-3] DEBUG org.activiti.engine.impl.persistence.entity.HistoricActivityInstanceEntity.bulkInsertHistoricActivityInstance  - &lt;==    Updates: 5
10:48:11,021 [pool-23-thread-3] DEBUG org.activiti.engine.impl.db.DbSqlSession  - inserting: ProcessInstance[a6efe938-c6c9-11ed-aa5a-de215c025445]
10:48:11,021 [pool-23-thread-9] DEBUG org.activiti.engine.impl.persistence.entity.HistoricActivityInstanceEntity.bulkInsertHistoricActivityInstance  - ==&gt;  Preparing: insert into ACT_HI_ACTINST ( ID_, PROC_DEF_ID_, PROC_INST_ID_, EXECUTION_ID_, ACT_ID_, TASK_ID_, CALL_PROC_INST_ID_, ACT_NAME_, ACT_TYPE_, ASSIGNEE_, START_TIME_, END_TIME_, DURATION_, TENANT_ID_ ) values (?, ?, ?, ?, ?, ?, ?, ?, ?, ?, ?, ?, ?, ?) , (?, ?, ?, ?, ?, ?, ?, ?, ?, ?, ?, ?, ?, ?) , (?, ?, ?, ?, ?, ?, ?, ?, ?, ?, ?, ?, ?, ?) , (?, ?, ?, ?, ?, ?, ?, ?, ?, ?, ?, ?, ?, ?) , (?, ?, ?, ?, ?, ?, ?, ?, ?, ?, ?, ?, ?, ?) 
10:48:11,020 [pool-23-thread-4] DEBUG org.activiti.engine.impl.history.DefaultHistoryManager  - Current history level: AUDIT, level required: ACTIVITY
10:48:11,021 [pool-23-thread-2] DEBUG org.activiti.engine.impl.persistence.entity.HistoricActivityInstanceEntity.bulkInsertHistoricActivityInstance  - ==&gt; Parameters: a6ee899a-c6c9-11ed-aa5a-de215c025445(String), simpleProcess:1:a6dcaf6e-c6c9-11ed-aa5a-de215c025445(String), a6ee6288-c6c9-11ed-aa5a-de215c025445(String), a6ee6288-c6c9-11ed-aa5a-de215c025445(String), theStart(String), null, null, null, startEvent(String), null, 2001-01-01 01:23:46.0(Timestamp), 2001-01-01 01:23:46.0(Timestamp), 0(Long), (String), a6ef25e1-c6c9-11ed-aa5a-de215c025445(String), simpleProcess:1:a6dcaf6e-c6c9-11ed-aa5a-de215c025445(String), a6ee6288-c6c9-11ed-aa5a-de215c025445(String), a6ee6288-c6c9-11ed-aa5a-de215c025445(String), task1(String), null, null, null, manualTask(String), null, 2001-01-01 01:23:46.0(Timestamp), 2001-01-01 01:23:46.0(Timestamp), 0(Long), (String), a6f0104b-c6c9-11ed-aa5a-de215c025445(String), simpleProcess:1:a6dcaf6e-c6c9-11ed-aa5a-de215c025445(String), a6ee6288-c6c9-11ed-aa5a-de215c025445(String), a6ee6288-c6c9-11ed-aa5a-de215c025445(String), task2(String), null, null, null, manualTask(String), null, 2001-01-01 01:23:46.0(Timestamp), 2001-01-01 01:23:46.0(Timestamp), 0(Long), (String), a6f45614-c6c9-11ed-aa5a-de215c025445(String), simpleProcess:1:a6dcaf6e-c6c9-11ed-aa5a-de215c025445(String), a6ee6288-c6c9-11ed-aa5a-de215c025445(String), a6ee6288-c6c9-11ed-aa5a-de215c025445(String), task3(String), null, null, null, manualTask(String), null, 2001-01-01 01:23:46.0(Timestamp), 2001-01-01 01:23:46.0(Timestamp), 0(Long), (String), a6f4a43e-c6c9-11ed-aa5a-de215c025445(String), simpleProcess:1:a6dcaf6e-c6c9-11ed-aa5a-de215c025445(String), a6ee6288-c6c9-11ed-aa5a-de215c025445(String), a6ee6288-c6c9-11ed-aa5a-de215c025445(String), task4(String), a6f4cb50-c6c9-11ed-aa5a-de215c025445(String), null, null, userTask(String), null, 2001-01-01 01:23:46.0(Timestamp), null, null, (String)
10:48:11,021 [pool-23-thread-3] DEBUG org.activiti.engine.impl.persistence.entity.ExecutionEntity.insertExecution  - ==&gt;  Preparing: insert into ACT_RU_EXECUTION (ID_, REV_, PROC_INST_ID_, BUSINESS_KEY_, PROC_DEF_ID_, ACT_ID_, IS_ACTIVE_, IS_CONCURRENT_, IS_SCOPE_,IS_EVENT_SCOPE_, PARENT_ID_, SUPER_EXEC_, SUSPENSION_STATE_, CACHED_ENT_STATE_, TENANT_ID_, NAME_) values ( ?, 1, ?, ?, ?, ?, ?, ?, ?, ?, ?, ?, ?, ?, ?, ? ) 
10:48:11,021 [pool-23-thread-2] DEBUG org.activiti.engine.impl.persistence.entity.HistoricActivityInstanceEntity.bulkInsertHistoricActivityInstance  - &lt;==    Updates: 5
10:48:11,021 [pool-23-thread-3] DEBUG org.activiti.engine.impl.persistence.entity.ExecutionEntity.insertExecution  - ==&gt; Parameters: a6efe938-c6c9-11ed-aa5a-de215c025445(String), a6efe938-c6c9-11ed-aa5a-de215c025445(String), null, simpleProcess:1:a6dcaf6e-c6c9-11ed-aa5a-de215c025445(String), task4(String), true(Boolean), false(Boolean), true(Boolean), false(Boolean), null, null, 1(Integer), 2(Integer), (String), null
10:48:11,021 [pool-23-thread-10] DEBUG org.activiti.engine.impl.pvm.runtime.AtomicOperationActivityExecute  - ProcessInstance[a6f08583-c6c9-11ed-aa5a-de215c025445] executes Activity(task3): org.activiti.engine.impl.bpmn.behavior.ManualTaskActivityBehavior
10:48:11,021 [pool-23-thread-8] DEBUG org.activiti.engine.impl.history.DefaultHistoryManager  - Current history level: AUDIT, level required: ACTIVITY
10:48:11,021 [pool-23-thread-6] DEBUG org.activiti.engine.impl.interceptor.LogInterceptor  - 

10:48:11,021 [pool-23-thread-5] DEBUG org.activiti.engine.impl.db.DbSqlSession  - inserting: Task[id=a6f0375f-c6c9-11ed-aa5a-de215c025445, name=null]
10:48:11,021 [pool-23-thread-7] DEBUG org.activiti.engine.impl.persistence.entity.HistoricActivityInstanceEntity.bulkInsertHistoricActivityInstance  - ==&gt; Parameters: a6eed7bf-c6c9-11ed-aa5a-de215c025445(String), simpleProcess:1:a6dcaf6e-c6c9-11ed-aa5a-de215c025445(String), a6eed7be-c6c9-11ed-aa5a-de215c025445(String), a6eed7be-c6c9-11ed-aa5a-de215c025445(String), theStart(String), null, null, null, startEvent(String), null, 2001-01-01 01:23:46.0(Timestamp), 2001-01-01 01:23:46.0(Timestamp), 0(Long), (String), a6ef4cf4-c6c9-11ed-aa5a-de215c025445(String), simpleProcess:1:a6dcaf6e-c6c9-11ed-aa5a-de215c025445(String), a6eed7be-c6c9-11ed-aa5a-de215c025445(String), a6eed7be-c6c9-11ed-aa5a-de215c025445(String), task1(String), null, null, null, manualTask(String), null, 2001-01-01 01:23:46.0(Timestamp), 2001-01-01 01:23:46.0(Timestamp), 0(Long), (String), a6f05e70-c6c9-11ed-aa5a-de215c025445(String), simpleProcess:1:a6dcaf6e-c6c9-11ed-aa5a-de215c025445(String), a6eed7be-c6c9-11ed-aa5a-de215c025445(String), a6eed7be-c6c9-11ed-aa5a-de215c025445(String), task2(String), null, null, null, manualTask(String), null, 2001-01-01 01:23:46.0(Timestamp), 2001-01-01 01:23:46.0(Timestamp), 0(Long), (String), a6f08582-c6c9-11ed-aa5a-de215c025445(String), simpleProcess:1:a6dcaf6e-c6c9-11ed-aa5a-de215c025445(String), a6eed7be-c6c9-11ed-aa5a-de215c025445(String), a6eed7be-c6c9-11ed-aa5a-de215c025445(String), task3(String), null, null, null, manualTask(String), null, 2001-01-01 01:23:46.0(Timestamp), 2001-01-01 01:23:46.0(Timestamp), 0(Long), (String), a6f47d29-c6c9-11ed-aa5a-de215c025445(String), simpleProcess:1:a6dcaf6e-c6c9-11ed-aa5a-de215c025445(String), a6eed7be-c6c9-11ed-aa5a-de215c025445(String), a6eed7be-c6c9-11ed-aa5a-de215c025445(String), task4(String), a6f4cb51-c6c9-11ed-aa5a-de215c025445(String), null, null, userTask(String), null, 2001-01-01 01:23:46.0(Timestamp), null, null, (String)
10:48:11,021 [pool-23-thread-1] DEBUG org.activiti.engine.impl.persistence.entity.ProcessDefinitionEntity.selectLatestProcessDefinitionByKey  - ==&gt;  Preparing: select * from ACT_RE_PROCDEF where KEY_ = ? and (TENANT_ID_ = &apos;&apos; or TENANT_ID_ is null) and VERSION_ = (select max(VERSION_) from ACT_RE_PROCDEF where KEY_ = ? and (TENANT_ID_ = &apos;&apos; or TENANT_ID_ is null)) 
10:48:11,022 [pool-23-thread-7] DEBUG org.activiti.engine.impl.persistence.entity.HistoricActivityInstanceEntity.bulkInsertHistoricActivityInstance  - &lt;==    Updates: 5
10:48:11,022 [pool-23-thread-7] DEBUG org.activiti.engine.impl.db.DbSqlSession  - inserting: ProcessInstance[a6eed7be-c6c9-11ed-aa5a-de215c025445]
10:48:11,022 [pool-23-thread-1] DEBUG org.activiti.engine.impl.persistence.entity.ProcessDefinitionEntity.selectLatestProcessDefinitionByKey  - ==&gt; Parameters: simpleProcess(String), simpleProcess(String)
10:48:11,022 [pool-23-thread-5] DEBUG org.activiti.engine.impl.persistence.entity.TaskEntity.insertTask  - ==&gt;  Preparing: insert into ACT_RU_TASK (ID_, REV_, NAME_, PARENT_TASK_ID_, DESCRIPTION_, PRIORITY_, CREATE_TIME_, OWNER_, ASSIGNEE_, DELEGATION_, EXECUTION_ID_, PROC_INST_ID_, PROC_DEF_ID_, TASK_DEF_KEY_, DUE_DATE_, CATEGORY_, SUSPENSION_STATE_, TENANT_ID_, FORM_KEY_) values (?, 1, ?, ?, ?, ?, ?, ?, ?, ?, ?, ?, ?, ?, ?, ?, ?, ?, ? ) 
10:48:11,021 [pool-23-thread-6] DEBUG org.activiti.engine.impl.interceptor.LogInterceptor  - --- starting StartProcessInstanceCmd --------------------------------------------------------
10:48:11,021 [pool-23-thread-8] DEBUG org.activiti.engine.impl.pvm.runtime.AtomicOperationActivityExecute  - ProcessInstance[a6f0104d-c6c9-11ed-aa5a-de215c025445] executes Activity(task4): org.activiti.engine.impl.bpmn.behavior.UserTaskActivityBehavior
10:48:11,021 [pool-23-thread-10] DEBUG org.activiti.engine.impl.bpmn.behavior.BpmnActivityBehavior  - Leaving activity &apos;task3&apos;
10:48:11,021 [pool-23-thread-3] DEBUG org.activiti.engine.impl.persistence.entity.ExecutionEntity.insertExecution  - &lt;==    Updates: 1
10:48:11,022 [pool-23-thread-3] DEBUG org.activiti.engine.impl.db.DbSqlSession  - inserting: Task[id=a6f4a43d-c6c9-11ed-aa5a-de215c025445, name=null]
10:48:11,021 [pool-23-thread-2] DEBUG org.activiti.engine.impl.db.DbSqlSession  - inserting: ProcessInstance[a6ee6288-c6c9-11ed-aa5a-de215c025445]
10:48:11,021 [pool-23-thread-9] DEBUG org.activiti.engine.impl.persistence.entity.HistoricActivityInstanceEntity.bulkInsertHistoricActivityInstance  - ==&gt; Parameters: a6eeb0ac-c6c9-11ed-aa5a-de215c025445(String), simpleProcess:1:a6dcaf6e-c6c9-11ed-aa5a-de215c025445(String), a6ee8999-c6c9-11ed-aa5a-de215c025445(String), a6ee8999-c6c9-11ed-aa5a-de215c025445(String), theStart(String), null, null, null, startEvent(String), null, 2001-01-01 01:23:46.0(Timestamp), 2001-01-01 01:23:46.0(Timestamp), 0(Long), (String), a6efc227-c6c9-11ed-aa5a-de215c025445(String), simpleProcess:1:a6dcaf6e-c6c9-11ed-aa5a-de215c025445(String), a6ee8999-c6c9-11ed-aa5a-de215c025445(String), a6ee8999-c6c9-11ed-aa5a-de215c025445(String), task1(String), null, null, null, manualTask(String), null, 2001-01-01 01:23:46.0(Timestamp), 2001-01-01 01:23:46.0(Timestamp), 0(Long), (String), a6f0104a-c6c9-11ed-aa5a-de215c025445(String), simpleProcess:1:a6dcaf6e-c6c9-11ed-aa5a-de215c025445(String), a6ee8999-c6c9-11ed-aa5a-de215c025445(String), a6ee8999-c6c9-11ed-aa5a-de215c025445(String), task2(String), null, null, null, manualTask(String), null, 2001-01-01 01:23:46.0(Timestamp), 2001-01-01 01:23:46.0(Timestamp), 0(Long), (String), a6f45615-c6c9-11ed-aa5a-de215c025445(String), simpleProcess:1:a6dcaf6e-c6c9-11ed-aa5a-de215c025445(String), a6ee8999-c6c9-11ed-aa5a-de215c025445(String), a6ee8999-c6c9-11ed-aa5a-de215c025445(String), task3(String), null, null, null, manualTask(String), null, 2001-01-01 01:23:46.0(Timestamp), 2001-01-01 01:23:46.0(Timestamp), 0(Long), (String), a6f4cb52-c6c9-11ed-aa5a-de215c025445(String), simpleProcess:1:a6dcaf6e-c6c9-11ed-aa5a-de215c025445(String), a6ee8999-c6c9-11ed-aa5a-de215c025445(String), a6ee8999-c6c9-11ed-aa5a-de215c025445(String), task4(String), a6f4f263-c6c9-11ed-aa5a-de215c025445(String), null, null, userTask(String), null, 2001-01-01 01:23:46.0(Timestamp), null, null, (String)
10:48:11,021 [pool-23-thread-4] DEBUG org.activiti.engine.impl.pvm.runtime.AtomicOperationTransitionNotifyListenerTake  - ProcessInstance[a6ef25e2-c6c9-11ed-aa5a-de215c025445] takes transition (task3)--flow4--&gt;(task4)
10:48:11,022 [pool-23-thread-9] DEBUG org.activiti.engine.impl.persistence.entity.HistoricActivityInstanceEntity.bulkInsertHistoricActivityInstance  - &lt;==    Updates: 5
10:48:11,022 [pool-23-thread-9] DEBUG org.activiti.engine.impl.db.DbSqlSession  - inserting: ProcessInstance[a6ee8999-c6c9-11ed-aa5a-de215c025445]
10:48:11,022 [pool-23-thread-2] DEBUG org.activiti.engine.impl.persistence.entity.ExecutionEntity.insertExecution  - ==&gt;  Preparing: insert into ACT_RU_EXECUTION (ID_, REV_, PROC_INST_ID_, BUSINESS_KEY_, PROC_DEF_ID_, ACT_ID_, IS_ACTIVE_, IS_CONCURRENT_, IS_SCOPE_,IS_EVENT_SCOPE_, PARENT_ID_, SUPER_EXEC_, SUSPENSION_STATE_, CACHED_ENT_STATE_, TENANT_ID_, NAME_) values ( ?, 1, ?, ?, ?, ?, ?, ?, ?, ?, ?, ?, ?, ?, ?, ? ) 
10:48:11,022 [pool-23-thread-3] DEBUG org.activiti.engine.impl.persistence.entity.TaskEntity.insertTask  - ==&gt;  Preparing: insert into ACT_RU_TASK (ID_, REV_, NAME_, PARENT_TASK_ID_, DESCRIPTION_, PRIORITY_, CREATE_TIME_, OWNER_, ASSIGNEE_, DELEGATION_, EXECUTION_ID_, PROC_INST_ID_, PROC_DEF_ID_, TASK_DEF_KEY_, DUE_DATE_, CATEGORY_, SUSPENSION_STATE_, TENANT_ID_, FORM_KEY_) values (?, 1, ?, ?, ?, ?, ?, ?, ?, ?, ?, ?, ?, ?, ?, ?, ?, ?, ? ) 
10:48:11,022 [pool-23-thread-10] DEBUG org.activiti.engine.impl.history.DefaultHistoryManager  - Current history level: AUDIT, level required: ACTIVITY
10:48:11,022 [pool-23-thread-8] DEBUG org.activiti.engine.impl.persistence.entity.TaskEntity.selectTasksByExecutionId  - ==&gt;  Preparing: select distinct T.* from ACT_RU_TASK T where T.EXECUTION_ID_ = ? 
10:48:11,022 [pool-23-thread-6] DEBUG org.apache.ibatis.transaction.jdbc.JdbcTransaction  - Opening JDBC Connection
10:48:11,022 [pool-23-thread-6] DEBUG org.apache.ibatis.datasource.pooled.PooledDataSource  - Checked out connection 1865681564 from pool.
10:48:11,022 [pool-23-thread-6] DEBUG org.apache.ibatis.transaction.jdbc.JdbcTransaction  - Setting autocommit to false on JDBC Connection [conn152: url=jdbc:h2:mem:activiti-uuid-generator-test user=SA]
10:48:11,022 [pool-23-thread-5] DEBUG org.activiti.engine.impl.persistence.entity.TaskEntity.insertTask  - ==&gt; Parameters: a6f0375f-c6c9-11ed-aa5a-de215c025445(String), null, null, null, 50(Integer), 2001-01-01 01:23:46.0(Timestamp), null, null, null, a6ee899b-c6c9-11ed-aa5a-de215c025445(String), a6ee899b-c6c9-11ed-aa5a-de215c025445(String), simpleProcess:1:a6dcaf6e-c6c9-11ed-aa5a-de215c025445(String), task4(String), null, null, 1(Integer), (String), null
10:48:11,022 [pool-23-thread-1] DEBUG org.activiti.engine.impl.persistence.entity.ProcessDefinitionEntity.selectLatestProcessDefinitionByKey  - &lt;==      Total: 1
10:48:11,022 [pool-23-thread-7] DEBUG org.activiti.engine.impl.persistence.entity.ExecutionEntity.insertExecution  - ==&gt;  Preparing: insert into ACT_RU_EXECUTION (ID_, REV_, PROC_INST_ID_, BUSINESS_KEY_, PROC_DEF_ID_, ACT_ID_, IS_ACTIVE_, IS_CONCURRENT_, IS_SCOPE_,IS_EVENT_SCOPE_, PARENT_ID_, SUPER_EXEC_, SUSPENSION_STATE_, CACHED_ENT_STATE_, TENANT_ID_, NAME_) values ( ?, 1, ?, ?, ?, ?, ?, ?, ?, ?, ?, ?, ?, ?, ?, ? ) 
10:48:11,023 [pool-23-thread-1] DEBUG org.activiti.engine.impl.persistence.entity.ExecutionEntity  - initializing ProcessInstance[a6f62aec-c6c9-11ed-aa5a-de215c025445]
10:48:11,023 [pool-23-thread-5] DEBUG org.activiti.engine.impl.persistence.entity.TaskEntity.insertTask  - &lt;==    Updates: 1
10:48:11,023 [pool-23-thread-5] DEBUG org.activiti.engine.impl.cfg.standalone.StandaloneMybatisTransactionContext  - firing event committing...
10:48:11,023 [pool-23-thread-5] DEBUG org.activiti.engine.impl.cfg.standalone.StandaloneMybatisTransactionContext  - committing the ibatis sql session...
10:48:11,023 [pool-23-thread-5] DEBUG org.apache.ibatis.transaction.jdbc.JdbcTransaction  - Committing JDBC Connection [conn147: url=jdbc:h2:mem:activiti-uuid-generator-test user=SA]
10:48:11,022 [pool-23-thread-6] DEBUG org.activiti.engine.impl.persistence.entity.ProcessDefinitionEntity.selectLatestProcessDefinitionByKey  - ==&gt;  Preparing: select * from ACT_RE_PROCDEF where KEY_ = ? and (TENANT_ID_ = &apos;&apos; or TENANT_ID_ is null) and VERSION_ = (select max(VERSION_) from ACT_RE_PROCDEF where KEY_ = ? and (TENANT_ID_ = &apos;&apos; or TENANT_ID_ is null)) 
10:48:11,023 [pool-23-thread-5] DEBUG org.activiti.engine.impl.cfg.standalone.StandaloneMybatisTransactionContext  - firing event committed...
10:48:11,023 [pool-23-thread-5] DEBUG org.apache.ibatis.transaction.jdbc.JdbcTransaction  - Resetting autocommit to true on JDBC Connection [conn147: url=jdbc:h2:mem:activiti-uuid-generator-test user=SA]
10:48:11,023 [pool-23-thread-5] DEBUG org.apache.ibatis.transaction.jdbc.JdbcTransaction  - Closing JDBC Connection [conn147: url=jdbc:h2:mem:activiti-uuid-generator-test user=SA]
10:48:11,023 [pool-23-thread-5] DEBUG org.apache.ibatis.datasource.pooled.PooledDataSource  - Returned connection 391030253 to pool.
10:48:11,022 [pool-23-thread-8] DEBUG org.activiti.engine.impl.persistence.entity.TaskEntity.selectTasksByExecutionId  - ==&gt; Parameters: a6f0104d-c6c9-11ed-aa5a-de215c025445(String)
10:48:11,022 [pool-23-thread-10] DEBUG org.activiti.engine.impl.pvm.runtime.AtomicOperationTransitionNotifyListenerTake  - ProcessInstance[a6f08583-c6c9-11ed-aa5a-de215c025445] takes transition (task3)--flow4--&gt;(task4)
10:48:11,022 [pool-23-thread-3] DEBUG org.activiti.engine.impl.persistence.entity.TaskEntity.insertTask  - ==&gt; Parameters: a6f4a43d-c6c9-11ed-aa5a-de215c025445(String), null, null, null, 50(Integer), 2001-01-01 01:23:46.0(Timestamp), null, null, null, a6efe938-c6c9-11ed-aa5a-de215c025445(String), a6efe938-c6c9-11ed-aa5a-de215c025445(String), simpleProcess:1:a6dcaf6e-c6c9-11ed-aa5a-de215c025445(String), task4(String), null, null, 1(Integer), (String), null
10:48:11,022 [pool-23-thread-2] DEBUG org.activiti.engine.impl.persistence.entity.ExecutionEntity.insertExecution  - ==&gt; Parameters: a6ee6288-c6c9-11ed-aa5a-de215c025445(String), a6ee6288-c6c9-11ed-aa5a-de215c025445(String), null, simpleProcess:1:a6dcaf6e-c6c9-11ed-aa5a-de215c025445(String), task4(String), true(Boolean), false(Boolean), true(Boolean), false(Boolean), null, null, 1(Integer), 2(Integer), (String), null
10:48:11,023 [pool-23-thread-3] DEBUG org.activiti.engine.impl.persistence.entity.TaskEntity.insertTask  - &lt;==    Updates: 1
10:48:11,023 [pool-23-thread-2] DEBUG org.activiti.engine.impl.persistence.entity.ExecutionEntity.insertExecution  - &lt;==    Updates: 1
10:48:11,023 [pool-23-thread-2] DEBUG org.activiti.engine.impl.db.DbSqlSession  - inserting: Task[id=a6f4cb50-c6c9-11ed-aa5a-de215c025445, name=null]
10:48:11,022 [pool-23-thread-9] DEBUG org.activiti.engine.impl.persistence.entity.ExecutionEntity.insertExecution  - ==&gt;  Preparing: insert into ACT_RU_EXECUTION (ID_, REV_, PROC_INST_ID_, BUSINESS_KEY_, PROC_DEF_ID_, ACT_ID_, IS_ACTIVE_, IS_CONCURRENT_, IS_SCOPE_,IS_EVENT_SCOPE_, PARENT_ID_, SUPER_EXEC_, SUSPENSION_STATE_, CACHED_ENT_STATE_, TENANT_ID_, NAME_) values ( ?, 1, ?, ?, ?, ?, ?, ?, ?, ?, ?, ?, ?, ?, ?, ? ) 
10:48:11,022 [pool-23-thread-4] DEBUG org.activiti.engine.impl.history.DefaultHistoryManager  - Current history level: AUDIT, level required: ACTIVITY
10:48:11,023 [pool-23-thread-9] DEBUG org.activiti.engine.impl.persistence.entity.ExecutionEntity.insertExecution  - ==&gt; Parameters: a6ee8999-c6c9-11ed-aa5a-de215c025445(String), a6ee8999-c6c9-11ed-aa5a-de215c025445(String), null, simpleProcess:1:a6dcaf6e-c6c9-11ed-aa5a-de215c025445(String), task4(String), true(Boolean), false(Boolean), true(Boolean), false(Boolean), null, null, 1(Integer), 2(Integer), (String), null
10:48:11,023 [pool-23-thread-2] DEBUG org.activiti.engine.impl.persistence.entity.TaskEntity.insertTask  - ==&gt;  Preparing: insert into ACT_RU_TASK (ID_, REV_, NAME_, PARENT_TASK_ID_, DESCRIPTION_, PRIORITY_, CREATE_TIME_, OWNER_, ASSIGNEE_, DELEGATION_, EXECUTION_ID_, PROC_INST_ID_, PROC_DEF_ID_, TASK_DEF_KEY_, DUE_DATE_, CATEGORY_, SUSPENSION_STATE_, TENANT_ID_, FORM_KEY_) values (?, 1, ?, ?, ?, ?, ?, ?, ?, ?, ?, ?, ?, ?, ?, ?, ?, ?, ? ) 
10:48:11,023 [pool-23-thread-3] DEBUG org.activiti.engine.impl.cfg.standalone.StandaloneMybatisTransactionContext  - firing event committing...
10:48:11,023 [pool-23-thread-3] DEBUG org.activiti.engine.impl.cfg.standalone.StandaloneMybatisTransactionContext  - committing the ibatis sql session...
10:48:11,023 [pool-23-thread-3] DEBUG org.apache.ibatis.transaction.jdbc.JdbcTransaction  - Committing JDBC Connection [conn155: url=jdbc:h2:mem:activiti-uuid-generator-test user=SA]
10:48:11,023 [pool-23-thread-10] DEBUG org.activiti.engine.impl.history.DefaultHistoryManager  - Current history level: AUDIT, level required: ACTIVITY
10:48:11,023 [pool-23-thread-8] DEBUG org.activiti.engine.impl.persistence.entity.TaskEntity.selectTasksByExecutionId  - &lt;==      Total: 0
10:48:11,024 [pool-23-thread-8] DEBUG org.activiti.engine.impl.history.DefaultHistoryManager  - Current history level: AUDIT, level required: AUDIT
10:48:11,023 [pool-23-thread-5] DEBUG org.activiti.engine.impl.interceptor.LogInterceptor  - --- StartProcessInstanceCmd finished --------------------------------------------------------
10:48:11,024 [pool-23-thread-5] DEBUG org.activiti.engine.impl.interceptor.LogInterceptor  - 

10:48:11,023 [pool-23-thread-6] DEBUG org.activiti.engine.impl.persistence.entity.ProcessDefinitionEntity.selectLatestProcessDefinitionByKey  - ==&gt; Parameters: simpleProcess(String), simpleProcess(String)
10:48:11,023 [pool-23-thread-1] DEBUG org.activiti.engine.impl.history.DefaultHistoryManager  - Current history level: AUDIT, level required: ACTIVITY
10:48:11,023 [pool-23-thread-7] DEBUG org.activiti.engine.impl.persistence.entity.ExecutionEntity.insertExecution  - ==&gt; Parameters: a6eed7be-c6c9-11ed-aa5a-de215c025445(String), a6eed7be-c6c9-11ed-aa5a-de215c025445(String), null, simpleProcess:1:a6dcaf6e-c6c9-11ed-aa5a-de215c025445(String), task4(String), true(Boolean), false(Boolean), true(Boolean), false(Boolean), null, null, 1(Integer), 2(Integer), (String), null
10:48:11,024 [pool-23-thread-1] DEBUG org.activiti.engine.impl.pvm.runtime.AtomicOperationActivityExecute  - ProcessInstance[a6f62aec-c6c9-11ed-aa5a-de215c025445] executes Activity(theStart): org.activiti.engine.impl.bpmn.behavior.NoneStartEventActivityBehavior
10:48:11,024 [pool-23-thread-7] DEBUG org.activiti.engine.impl.persistence.entity.ExecutionEntity.insertExecution  - &lt;==    Updates: 1
10:48:11,024 [pool-23-thread-7] DEBUG org.activiti.engine.impl.db.DbSqlSession  - inserting: Task[id=a6f4cb51-c6c9-11ed-aa5a-de215c025445, name=null]
10:48:11,024 [pool-23-thread-6] DEBUG org.activiti.engine.impl.persistence.entity.ProcessDefinitionEntity.selectLatestProcessDefinitionByKey  - &lt;==      Total: 1
10:48:11,024 [pool-23-thread-6] DEBUG org.activiti.engine.impl.persistence.entity.ExecutionEntity  - initializing ProcessInstance[a6f65200-c6c9-11ed-aa5a-de215c025445]
10:48:11,024 [pool-23-thread-6] DEBUG org.activiti.engine.impl.history.DefaultHistoryManager  - Current history level: AUDIT, level required: ACTIVITY
10:48:11,024 [pool-23-thread-6] DEBUG org.activiti.engine.impl.pvm.runtime.AtomicOperationActivityExecute  - ProcessInstance[a6f65200-c6c9-11ed-aa5a-de215c025445] executes Activity(theStart): org.activiti.engine.impl.bpmn.behavior.NoneStartEventActivityBehavior
10:48:11,024 [pool-23-thread-6] DEBUG org.activiti.engine.impl.persistence.entity.JobEntity.selectJobsByExecutionId  - ==&gt;  Preparing: select * from ACT_RU_JOB J where J.EXECUTION_ID_ = ? 
10:48:11,024 [pool-23-thread-6] DEBUG org.activiti.engine.impl.persistence.entity.JobEntity.selectJobsByExecutionId  - ==&gt; Parameters: a6f65200-c6c9-11ed-aa5a-de215c025445(String)
10:48:11,024 [pool-23-thread-6] DEBUG org.activiti.engine.impl.persistence.entity.JobEntity.selectJobsByExecutionId  - &lt;==      Total: 0
10:48:11,024 [pool-23-thread-6] DEBUG org.activiti.engine.impl.bpmn.behavior.BpmnActivityBehavior  - Leaving activity &apos;theStart&apos;
10:48:11,024 [pool-23-thread-6] DEBUG org.activiti.engine.impl.history.DefaultHistoryManager  - Current history level: AUDIT, level required: ACTIVITY
10:48:11,024 [pool-23-thread-6] DEBUG org.activiti.engine.impl.pvm.runtime.AtomicOperationTransitionNotifyListenerTake  - ProcessInstance[a6f65200-c6c9-11ed-aa5a-de215c025445] takes transition (theStart)--flow1--&gt;(task1)
10:48:11,024 [pool-23-thread-5] DEBUG org.activiti.engine.impl.interceptor.LogInterceptor  - 

10:48:11,025 [pool-23-thread-5] DEBUG org.activiti.engine.impl.interceptor.LogInterceptor  - --- starting StartProcessInstanceCmd --------------------------------------------------------
10:48:11,025 [pool-23-thread-5] DEBUG org.apache.ibatis.transaction.jdbc.JdbcTransaction  - Opening JDBC Connection
10:48:11,025 [pool-23-thread-5] DEBUG org.apache.ibatis.datasource.pooled.PooledDataSource  - Checked out connection 391030253 from pool.
10:48:11,024 [pool-23-thread-8] DEBUG org.activiti.engine.impl.history.DefaultHistoryManager  - Current history level: AUDIT, level required: AUDIT
10:48:11,025 [pool-23-thread-8] DEBUG org.activiti.engine.impl.history.DefaultHistoryManager  - Current history level: AUDIT, level required: AUDIT
10:48:11,023 [pool-23-thread-10] DEBUG org.activiti.engine.impl.pvm.runtime.AtomicOperationActivityExecute  - ProcessInstance[a6f08583-c6c9-11ed-aa5a-de215c025445] executes Activity(task4): org.activiti.engine.impl.bpmn.behavior.UserTaskActivityBehavior
10:48:11,023 [pool-23-thread-3] DEBUG org.activiti.engine.impl.cfg.standalone.StandaloneMybatisTransactionContext  - firing event committed...
10:48:11,025 [pool-23-thread-3] DEBUG org.apache.ibatis.transaction.jdbc.JdbcTransaction  - Resetting autocommit to true on JDBC Connection [conn155: url=jdbc:h2:mem:activiti-uuid-generator-test user=SA]
10:48:11,025 [pool-23-thread-3] DEBUG org.apache.ibatis.transaction.jdbc.JdbcTransaction  - Closing JDBC Connection [conn155: url=jdbc:h2:mem:activiti-uuid-generator-test user=SA]
10:48:11,023 [pool-23-thread-2] DEBUG org.activiti.engine.impl.persistence.entity.TaskEntity.insertTask  - ==&gt; Parameters: a6f4cb50-c6c9-11ed-aa5a-de215c025445(String), null, null, null, 50(Integer), 2001-01-01 01:23:46.0(Timestamp), null, null, null, a6ee6288-c6c9-11ed-aa5a-de215c025445(String), a6ee6288-c6c9-11ed-aa5a-de215c025445(String), simpleProcess:1:a6dcaf6e-c6c9-11ed-aa5a-de215c025445(String), task4(String), null, null, 1(Integer), (String), null
10:48:11,023 [pool-23-thread-9] DEBUG org.activiti.engine.impl.persistence.entity.ExecutionEntity.insertExecution  - &lt;==    Updates: 1
10:48:11,025 [pool-23-thread-2] DEBUG org.activiti.engine.impl.persistence.entity.TaskEntity.insertTask  - &lt;==    Updates: 1
10:48:11,025 [pool-23-thread-2] DEBUG org.activiti.engine.impl.cfg.standalone.StandaloneMybatisTransactionContext  - firing event committing...
10:48:11,025 [pool-23-thread-2] DEBUG org.activiti.engine.impl.cfg.standalone.StandaloneMybatisTransactionContext  - committing the ibatis sql session...
10:48:11,023 [pool-23-thread-4] DEBUG org.activiti.engine.impl.pvm.runtime.AtomicOperationActivityExecute  - ProcessInstance[a6ef25e2-c6c9-11ed-aa5a-de215c025445] executes Activity(task4): org.activiti.engine.impl.bpmn.behavior.UserTaskActivityBehavior
10:48:11,025 [pool-23-thread-4] DEBUG org.activiti.engine.impl.persistence.entity.TaskEntity.selectTasksByExecutionId  - ==&gt;  Preparing: select distinct T.* from ACT_RU_TASK T where T.EXECUTION_ID_ = ? 
10:48:11,025 [pool-23-thread-4] DEBUG org.activiti.engine.impl.persistence.entity.TaskEntity.selectTasksByExecutionId  - ==&gt; Parameters: a6ef25e2-c6c9-11ed-aa5a-de215c025445(String)
10:48:11,025 [pool-23-thread-4] DEBUG org.activiti.engine.impl.persistence.entity.TaskEntity.selectTasksByExecutionId  - &lt;==      Total: 0
10:48:11,025 [pool-23-thread-4] DEBUG org.activiti.engine.impl.history.DefaultHistoryManager  - Current history level: AUDIT, level required: AUDIT
10:48:11,025 [pool-23-thread-4] DEBUG org.activiti.engine.impl.history.DefaultHistoryManager  - Current history level: AUDIT, level required: AUDIT
10:48:11,025 [pool-23-thread-4] DEBUG org.activiti.engine.impl.history.DefaultHistoryManager  - Current history level: AUDIT, level required: AUDIT
10:48:11,025 [pool-23-thread-4] DEBUG org.activiti.engine.impl.history.DefaultHistoryManager  - Current history level: AUDIT, level required: ACTIVITY
10:48:11,025 [pool-23-thread-4] DEBUG org.activiti.engine.impl.db.DbSqlSession  -   insert ProcessInstance[a6ef25e2-c6c9-11ed-aa5a-de215c025445]
10:48:11,025 [pool-23-thread-4] DEBUG org.activiti.engine.impl.db.DbSqlSession  -   insert HistoricProcessInstanceEntity[superProcessInstanceId=null]
10:48:11,026 [pool-23-thread-4] DEBUG org.activiti.engine.impl.db.DbSqlSession  -   insert Task[id=a6f67813-c6c9-11ed-aa5a-de215c025445, name=null]
10:48:11,026 [pool-23-thread-4] DEBUG org.activiti.engine.impl.db.DbSqlSession  -   insert HistoricTaskInstanceEntity[id=a6f67813-c6c9-11ed-aa5a-de215c025445, name=null]
10:48:11,026 [pool-23-thread-4] DEBUG org.activiti.engine.impl.db.DbSqlSession  -   insert HistoricActivityInstanceEntity[activityId=theStart, activityName=null]
10:48:11,025 [pool-23-thread-2] DEBUG org.apache.ibatis.transaction.jdbc.JdbcTransaction  - Committing JDBC Connection [conn153: url=jdbc:h2:mem:activiti-uuid-generator-test user=SA]
10:48:11,025 [pool-23-thread-9] DEBUG org.activiti.engine.impl.db.DbSqlSession  - inserting: Task[id=a6f4f263-c6c9-11ed-aa5a-de215c025445, name=null]
10:48:11,026 [pool-23-thread-2] DEBUG org.activiti.engine.impl.cfg.standalone.StandaloneMybatisTransactionContext  - firing event committed...
10:48:11,026 [pool-23-thread-2] DEBUG org.apache.ibatis.transaction.jdbc.JdbcTransaction  - Resetting autocommit to true on JDBC Connection [conn153: url=jdbc:h2:mem:activiti-uuid-generator-test user=SA]
10:48:11,026 [pool-23-thread-2] DEBUG org.apache.ibatis.transaction.jdbc.JdbcTransaction  - Closing JDBC Connection [conn153: url=jdbc:h2:mem:activiti-uuid-generator-test user=SA]
10:48:11,025 [pool-23-thread-3] DEBUG org.apache.ibatis.datasource.pooled.PooledDataSource  - Returned connection 1225090506 to pool.
10:48:11,026 [pool-23-thread-2] DEBUG org.apache.ibatis.datasource.pooled.PooledDataSource  - Returned connection 1805157850 to pool.
10:48:11,026 [pool-23-thread-2] DEBUG org.activiti.engine.impl.interceptor.LogInterceptor  - --- StartProcessInstanceCmd finished --------------------------------------------------------
10:48:11,026 [pool-23-thread-2] DEBUG org.activiti.engine.impl.interceptor.LogInterceptor  - 

10:48:11,025 [pool-23-thread-10] DEBUG org.activiti.engine.impl.persistence.entity.TaskEntity.selectTasksByExecutionId  - ==&gt;  Preparing: select distinct T.* from ACT_RU_TASK T where T.EXECUTION_ID_ = ? 
10:48:11,026 [pool-23-thread-10] DEBUG org.activiti.engine.impl.persistence.entity.TaskEntity.selectTasksByExecutionId  - ==&gt; Parameters: a6f08583-c6c9-11ed-aa5a-de215c025445(String)
10:48:11,026 [pool-23-thread-10] DEBUG org.activiti.engine.impl.persistence.entity.TaskEntity.selectTasksByExecutionId  - &lt;==      Total: 0
10:48:11,026 [pool-23-thread-10] DEBUG org.activiti.engine.impl.history.DefaultHistoryManager  - Current history level: AUDIT, level required: AUDIT
10:48:11,026 [pool-23-thread-10] DEBUG org.activiti.engine.impl.history.DefaultHistoryManager  - Current history level: AUDIT, level required: AUDIT
10:48:11,026 [pool-23-thread-10] DEBUG org.activiti.engine.impl.history.DefaultHistoryManager  - Current history level: AUDIT, level required: AUDIT
10:48:11,026 [pool-23-thread-10] DEBUG org.activiti.engine.impl.history.DefaultHistoryManager  - Current history level: AUDIT, level required: ACTIVITY
10:48:11,025 [pool-23-thread-8] DEBUG org.activiti.engine.impl.history.DefaultHistoryManager  - Current history level: AUDIT, level required: ACTIVITY
10:48:11,026 [pool-23-thread-8] DEBUG org.activiti.engine.impl.db.DbSqlSession  -   insert ProcessInstance[a6f0104d-c6c9-11ed-aa5a-de215c025445]
10:48:11,026 [pool-23-thread-8] DEBUG org.activiti.engine.impl.db.DbSqlSession  -   insert HistoricProcessInstanceEntity[superProcessInstanceId=null]
10:48:11,026 [pool-23-thread-8] DEBUG org.activiti.engine.impl.db.DbSqlSession  -   insert Task[id=a6f603db-c6c9-11ed-aa5a-de215c025445, name=null]
10:48:11,026 [pool-23-thread-8] DEBUG org.activiti.engine.impl.db.DbSqlSession  -   insert HistoricTaskInstanceEntity[id=a6f603db-c6c9-11ed-aa5a-de215c025445, name=null]
10:48:11,026 [pool-23-thread-8] DEBUG org.activiti.engine.impl.db.DbSqlSession  -   insert HistoricActivityInstanceEntity[activityId=theStart, activityName=null]
10:48:11,026 [pool-23-thread-8] DEBUG org.activiti.engine.impl.db.DbSqlSession  -   insert HistoricActivityInstanceEntity[activityId=task1, activityName=null]
10:48:11,026 [pool-23-thread-8] DEBUG org.activiti.engine.impl.db.DbSqlSession  -   insert HistoricActivityInstanceEntity[activityId=task2, activityName=null]
10:48:11,026 [pool-23-thread-8] DEBUG org.activiti.engine.impl.db.DbSqlSession  -   insert HistoricActivityInstanceEntity[activityId=task3, activityName=null]
10:48:11,026 [pool-23-thread-8] DEBUG org.activiti.engine.impl.db.DbSqlSession  -   insert HistoricActivityInstanceEntity[activityId=task4, activityName=null]
10:48:11,026 [pool-23-thread-8] DEBUG org.activiti.engine.impl.db.DbSqlSession  - flush summary: 9 insert, 0 update, 0 delete.
10:48:11,027 [pool-23-thread-8] DEBUG org.activiti.engine.impl.db.DbSqlSession  - now executing flush...
10:48:11,027 [pool-23-thread-8] DEBUG org.activiti.engine.impl.db.DbSqlSession  - inserting: HistoricTaskInstanceEntity[id=a6f603db-c6c9-11ed-aa5a-de215c025445, name=null]
10:48:11,025 [pool-23-thread-5] DEBUG org.apache.ibatis.transaction.jdbc.JdbcTransaction  - Setting autocommit to false on JDBC Connection [conn147: url=jdbc:h2:mem:activiti-uuid-generator-test user=SA]
10:48:11,027 [pool-23-thread-5] DEBUG org.activiti.engine.impl.persistence.entity.ProcessDefinitionEntity.selectLatestProcessDefinitionByKey  - ==&gt;  Preparing: select * from ACT_RE_PROCDEF where KEY_ = ? and (TENANT_ID_ = &apos;&apos; or TENANT_ID_ is null) and VERSION_ = (select max(VERSION_) from ACT_RE_PROCDEF where KEY_ = ? and (TENANT_ID_ = &apos;&apos; or TENANT_ID_ is null)) 
10:48:11,027 [pool-23-thread-5] DEBUG org.activiti.engine.impl.persistence.entity.ProcessDefinitionEntity.selectLatestProcessDefinitionByKey  - ==&gt; Parameters: simpleProcess(String), simpleProcess(String)
10:48:11,024 [pool-23-thread-6] DEBUG org.activiti.engine.impl.history.DefaultHistoryManager  - Current history level: AUDIT, level required: ACTIVITY
10:48:11,024 [pool-23-thread-7] DEBUG org.activiti.engine.impl.persistence.entity.TaskEntity.insertTask  - ==&gt;  Preparing: insert into ACT_RU_TASK (ID_, REV_, NAME_, PARENT_TASK_ID_, DESCRIPTION_, PRIORITY_, CREATE_TIME_, OWNER_, ASSIGNEE_, DELEGATION_, EXECUTION_ID_, PROC_INST_ID_, PROC_DEF_ID_, TASK_DEF_KEY_, DUE_DATE_, CATEGORY_, SUSPENSION_STATE_, TENANT_ID_, FORM_KEY_) values (?, 1, ?, ?, ?, ?, ?, ?, ?, ?, ?, ?, ?, ?, ?, ?, ?, ?, ? ) 
10:48:11,027 [pool-23-thread-7] DEBUG org.activiti.engine.impl.persistence.entity.TaskEntity.insertTask  - ==&gt; Parameters: a6f4cb51-c6c9-11ed-aa5a-de215c025445(String), null, null, null, 50(Integer), 2001-01-01 01:23:46.0(Timestamp), null, null, null, a6eed7be-c6c9-11ed-aa5a-de215c025445(String), a6eed7be-c6c9-11ed-aa5a-de215c025445(String), simpleProcess:1:a6dcaf6e-c6c9-11ed-aa5a-de215c025445(String), task4(String), null, null, 1(Integer), (String), null
10:48:11,024 [pool-23-thread-1] DEBUG org.activiti.engine.impl.persistence.entity.JobEntity.selectJobsByExecutionId  - ==&gt;  Preparing: select * from ACT_RU_JOB J where J.EXECUTION_ID_ = ? 
10:48:11,027 [pool-23-thread-7] DEBUG org.activiti.engine.impl.persistence.entity.TaskEntity.insertTask  - &lt;==    Updates: 1
10:48:11,027 [pool-23-thread-7] DEBUG org.activiti.engine.impl.cfg.standalone.StandaloneMybatisTransactionContext  - firing event committing...
10:48:11,027 [pool-23-thread-7] DEBUG org.activiti.engine.impl.cfg.standalone.StandaloneMybatisTransactionContext  - committing the ibatis sql session...
10:48:11,027 [pool-23-thread-7] DEBUG org.apache.ibatis.transaction.jdbc.JdbcTransaction  - Committing JDBC Connection [conn150: url=jdbc:h2:mem:activiti-uuid-generator-test user=SA]
10:48:11,027 [pool-23-thread-6] DEBUG org.activiti.engine.impl.pvm.runtime.AtomicOperationActivityExecute  - ProcessInstance[a6f65200-c6c9-11ed-aa5a-de215c025445] executes Activity(task1): org.activiti.engine.impl.bpmn.behavior.ManualTaskActivityBehavior
10:48:11,027 [pool-23-thread-5] DEBUG org.activiti.engine.impl.persistence.entity.ProcessDefinitionEntity.selectLatestProcessDefinitionByKey  - &lt;==      Total: 1
10:48:11,027 [pool-23-thread-8] DEBUG org.activiti.engine.impl.persistence.entity.HistoricTaskInstanceEntity.insertHistoricTaskInstance  - ==&gt;  Preparing: insert into ACT_HI_TASKINST ( ID_, PROC_DEF_ID_, PROC_INST_ID_, EXECUTION_ID_, NAME_, PARENT_TASK_ID_, DESCRIPTION_, OWNER_, ASSIGNEE_, START_TIME_, CLAIM_TIME_, END_TIME_, DURATION_, DELETE_REASON_, TASK_DEF_KEY_, FORM_KEY_, PRIORITY_, DUE_DATE_, CATEGORY_, TENANT_ID_ ) values ( ?, ?, ?, ?, ?, ?, ?, ?, ?, ?, ?, ?, ?, ?, ?, ?, ?, ?, ?, ? ) 
10:48:11,027 [pool-23-thread-8] DEBUG org.activiti.engine.impl.persistence.entity.HistoricTaskInstanceEntity.insertHistoricTaskInstance  - ==&gt; Parameters: a6f603db-c6c9-11ed-aa5a-de215c025445(String), simpleProcess:1:a6dcaf6e-c6c9-11ed-aa5a-de215c025445(String), a6f0104d-c6c9-11ed-aa5a-de215c025445(String), a6f0104d-c6c9-11ed-aa5a-de215c025445(String), null, null, null, null, null, 2001-01-01 01:23:46.0(Timestamp), null, null, null, null, task4(String), null, 50(Integer), null, null, (String)
10:48:11,027 [pool-23-thread-8] DEBUG org.activiti.engine.impl.persistence.entity.HistoricTaskInstanceEntity.insertHistoricTaskInstance  - &lt;==    Updates: 1
10:48:11,027 [pool-23-thread-8] DEBUG org.activiti.engine.impl.db.DbSqlSession  - inserting: HistoricProcessInstanceEntity[superProcessInstanceId=null]
10:48:11,026 [pool-23-thread-10] DEBUG org.activiti.engine.impl.db.DbSqlSession  -   insert ProcessInstance[a6f08583-c6c9-11ed-aa5a-de215c025445]
10:48:11,027 [pool-23-thread-10] DEBUG org.activiti.engine.impl.db.DbSqlSession  -   insert HistoricProcessInstanceEntity[superProcessInstanceId=null]
10:48:11,027 [pool-23-thread-10] DEBUG org.activiti.engine.impl.db.DbSqlSession  -   insert Task[id=a6f67812-c6c9-11ed-aa5a-de215c025445, name=null]
10:48:11,027 [pool-23-thread-10] DEBUG org.activiti.engine.impl.db.DbSqlSession  -   insert HistoricTaskInstanceEntity[id=a6f67812-c6c9-11ed-aa5a-de215c025445, name=null]
10:48:11,027 [pool-23-thread-10] DEBUG org.activiti.engine.impl.db.DbSqlSession  -   insert HistoricActivityInstanceEntity[activityId=theStart, activityName=null]
10:48:11,027 [pool-23-thread-10] DEBUG org.activiti.engine.impl.db.DbSqlSession  -   insert HistoricActivityInstanceEntity[activityId=task1, activityName=null]
10:48:11,027 [pool-23-thread-10] DEBUG org.activiti.engine.impl.db.DbSqlSession  -   insert HistoricActivityInstanceEntity[activityId=task2, activityName=null]
10:48:11,027 [pool-23-thread-10] DEBUG org.activiti.engine.impl.db.DbSqlSession  -   insert HistoricActivityInstanceEntity[activityId=task3, activityName=null]
10:48:11,027 [pool-23-thread-10] DEBUG org.activiti.engine.impl.db.DbSqlSession  -   insert HistoricActivityInstanceEntity[activityId=task4, activityName=null]
10:48:11,028 [pool-23-thread-10] DEBUG org.activiti.engine.impl.db.DbSqlSession  - flush summary: 9 insert, 0 update, 0 delete.
10:48:11,028 [pool-23-thread-10] DEBUG org.activiti.engine.impl.db.DbSqlSession  - now executing flush...
10:48:11,028 [pool-23-thread-10] DEBUG org.activiti.engine.impl.db.DbSqlSession  - inserting: HistoricTaskInstanceEntity[id=a6f67812-c6c9-11ed-aa5a-de215c025445, name=null]
10:48:11,026 [pool-23-thread-2] DEBUG org.activiti.engine.impl.interceptor.LogInterceptor  - 

10:48:11,028 [pool-23-thread-2] DEBUG org.activiti.engine.impl.interceptor.LogInterceptor  - --- starting StartProcessInstanceCmd --------------------------------------------------------
10:48:11,028 [pool-23-thread-2] DEBUG org.apache.ibatis.transaction.jdbc.JdbcTransaction  - Opening JDBC Connection
10:48:11,028 [pool-23-thread-2] DEBUG org.apache.ibatis.datasource.pooled.PooledDataSource  - Checked out connection 1225090506 from pool.
10:48:11,028 [pool-23-thread-2] DEBUG org.apache.ibatis.transaction.jdbc.JdbcTransaction  - Setting autocommit to false on JDBC Connection [conn155: url=jdbc:h2:mem:activiti-uuid-generator-test user=SA]
10:48:11,026 [pool-23-thread-3] DEBUG org.activiti.engine.impl.interceptor.LogInterceptor  - --- StartProcessInstanceCmd finished --------------------------------------------------------
10:48:11,028 [pool-23-thread-3] DEBUG org.activiti.engine.impl.interceptor.LogInterceptor  - 

10:48:11,026 [pool-23-thread-9] DEBUG org.activiti.engine.impl.persistence.entity.TaskEntity.insertTask  - ==&gt;  Preparing: insert into ACT_RU_TASK (ID_, REV_, NAME_, PARENT_TASK_ID_, DESCRIPTION_, PRIORITY_, CREATE_TIME_, OWNER_, ASSIGNEE_, DELEGATION_, EXECUTION_ID_, PROC_INST_ID_, PROC_DEF_ID_, TASK_DEF_KEY_, DUE_DATE_, CATEGORY_, SUSPENSION_STATE_, TENANT_ID_, FORM_KEY_) values (?, 1, ?, ?, ?, ?, ?, ?, ?, ?, ?, ?, ?, ?, ?, ?, ?, ?, ? ) 
10:48:11,026 [pool-23-thread-4] DEBUG org.activiti.engine.impl.db.DbSqlSession  -   insert HistoricActivityInstanceEntity[activityId=task1, activityName=null]
10:48:11,028 [pool-23-thread-4] DEBUG org.activiti.engine.impl.db.DbSqlSession  -   insert HistoricActivityInstanceEntity[activityId=task2, activityName=null]
10:48:11,028 [pool-23-thread-4] DEBUG org.activiti.engine.impl.db.DbSqlSession  -   insert HistoricActivityInstanceEntity[activityId=task3, activityName=null]
10:48:11,028 [pool-23-thread-4] DEBUG org.activiti.engine.impl.db.DbSqlSession  -   insert HistoricActivityInstanceEntity[activityId=task4, activityName=null]
10:48:11,028 [pool-23-thread-4] DEBUG org.activiti.engine.impl.db.DbSqlSession  - flush summary: 9 insert, 0 update, 0 delete.
10:48:11,028 [pool-23-thread-4] DEBUG org.activiti.engine.impl.db.DbSqlSession  - now executing flush...
10:48:11,028 [pool-23-thread-4] DEBUG org.activiti.engine.impl.db.DbSqlSession  - inserting: HistoricTaskInstanceEntity[id=a6f67813-c6c9-11ed-aa5a-de215c025445, name=null]
10:48:11,028 [pool-23-thread-9] DEBUG org.activiti.engine.impl.persistence.entity.TaskEntity.insertTask  - ==&gt; Parameters: a6f4f263-c6c9-11ed-aa5a-de215c025445(String), null, null, null, 50(Integer), 2001-01-01 01:23:46.0(Timestamp), null, null, null, a6ee8999-c6c9-11ed-aa5a-de215c025445(String), a6ee8999-c6c9-11ed-aa5a-de215c025445(String), simpleProcess:1:a6dcaf6e-c6c9-11ed-aa5a-de215c025445(String), task4(String), null, null, 1(Integer), (String), null
10:48:11,028 [pool-23-thread-3] DEBUG org.activiti.engine.impl.interceptor.LogInterceptor  - 

10:48:11,028 [pool-23-thread-3] DEBUG org.activiti.engine.impl.interceptor.LogInterceptor  - --- starting StartProcessInstanceCmd --------------------------------------------------------
10:48:11,028 [pool-23-thread-3] DEBUG org.apache.ibatis.transaction.jdbc.JdbcTransaction  - Opening JDBC Connection
10:48:11,028 [pool-23-thread-3] DEBUG org.apache.ibatis.datasource.pooled.PooledDataSource  - Checked out connection 1805157850 from pool.
10:48:11,028 [pool-23-thread-3] DEBUG org.apache.ibatis.transaction.jdbc.JdbcTransaction  - Setting autocommit to false on JDBC Connection [conn153: url=jdbc:h2:mem:activiti-uuid-generator-test user=SA]
10:48:11,028 [pool-23-thread-2] DEBUG org.activiti.engine.impl.persistence.entity.ProcessDefinitionEntity.selectLatestProcessDefinitionByKey  - ==&gt;  Preparing: select * from ACT_RE_PROCDEF where KEY_ = ? and (TENANT_ID_ = &apos;&apos; or TENANT_ID_ is null) and VERSION_ = (select max(VERSION_) from ACT_RE_PROCDEF where KEY_ = ? and (TENANT_ID_ = &apos;&apos; or TENANT_ID_ is null)) 
10:48:11,028 [pool-23-thread-10] DEBUG org.activiti.engine.impl.persistence.entity.HistoricTaskInstanceEntity.insertHistoricTaskInstance  - ==&gt;  Preparing: insert into ACT_HI_TASKINST ( ID_, PROC_DEF_ID_, PROC_INST_ID_, EXECUTION_ID_, NAME_, PARENT_TASK_ID_, DESCRIPTION_, OWNER_, ASSIGNEE_, START_TIME_, CLAIM_TIME_, END_TIME_, DURATION_, DELETE_REASON_, TASK_DEF_KEY_, FORM_KEY_, PRIORITY_, DUE_DATE_, CATEGORY_, TENANT_ID_ ) values ( ?, ?, ?, ?, ?, ?, ?, ?, ?, ?, ?, ?, ?, ?, ?, ?, ?, ?, ?, ? ) 
10:48:11,027 [pool-23-thread-8] DEBUG org.activiti.engine.impl.persistence.entity.HistoricProcessInstanceEntity.insertHistoricProcessInstance  - ==&gt;  Preparing: insert into ACT_HI_PROCINST ( ID_, PROC_INST_ID_, BUSINESS_KEY_, PROC_DEF_ID_, START_TIME_, END_TIME_, DURATION_, START_USER_ID_, START_ACT_ID_, END_ACT_ID_, SUPER_PROCESS_INSTANCE_ID_, DELETE_REASON_, TENANT_ID_, NAME_ ) values ( ?, ?, ?, ?, ?, ?, ?, ?, ?, ?, ?, ?, ?, ? ) 
10:48:11,027 [pool-23-thread-5] DEBUG org.activiti.engine.impl.persistence.entity.ExecutionEntity  - initializing ProcessInstance[a6f6c635-c6c9-11ed-aa5a-de215c025445]
10:48:11,028 [pool-23-thread-8] DEBUG org.activiti.engine.impl.persistence.entity.HistoricProcessInstanceEntity.insertHistoricProcessInstance  - ==&gt; Parameters: a6f0104d-c6c9-11ed-aa5a-de215c025445(String), a6f0104d-c6c9-11ed-aa5a-de215c025445(String), null, simpleProcess:1:a6dcaf6e-c6c9-11ed-aa5a-de215c025445(String), 2001-01-01 01:23:46.0(Timestamp), null, null, null, theStart(String), null, null, null, (String), null
10:48:11,028 [pool-23-thread-8] DEBUG org.activiti.engine.impl.persistence.entity.HistoricProcessInstanceEntity.insertHistoricProcessInstance  - &lt;==    Updates: 1
10:48:11,027 [pool-23-thread-6] DEBUG org.activiti.engine.impl.bpmn.behavior.BpmnActivityBehavior  - Leaving activity &apos;task1&apos;
10:48:11,027 [pool-23-thread-7] DEBUG org.activiti.engine.impl.cfg.standalone.StandaloneMybatisTransactionContext  - firing event committed...
10:48:11,029 [pool-23-thread-7] DEBUG org.apache.ibatis.transaction.jdbc.JdbcTransaction  - Resetting autocommit to true on JDBC Connection [conn150: url=jdbc:h2:mem:activiti-uuid-generator-test user=SA]
10:48:11,029 [pool-23-thread-7] DEBUG org.apache.ibatis.transaction.jdbc.JdbcTransaction  - Closing JDBC Connection [conn150: url=jdbc:h2:mem:activiti-uuid-generator-test user=SA]
10:48:11,027 [pool-23-thread-1] DEBUG org.activiti.engine.impl.persistence.entity.JobEntity.selectJobsByExecutionId  - ==&gt; Parameters: a6f62aec-c6c9-11ed-aa5a-de215c025445(String)
10:48:11,029 [pool-23-thread-8] DEBUG org.activiti.engine.impl.persistence.entity.HistoricActivityInstanceEntity.bulkInsertHistoricActivityInstance  - ==&gt;  Preparing: insert into ACT_HI_ACTINST ( ID_, PROC_DEF_ID_, PROC_INST_ID_, EXECUTION_ID_, ACT_ID_, TASK_ID_, CALL_PROC_INST_ID_, ACT_NAME_, ACT_TYPE_, ASSIGNEE_, START_TIME_, END_TIME_, DURATION_, TENANT_ID_ ) values (?, ?, ?, ?, ?, ?, ?, ?, ?, ?, ?, ?, ?, ?) , (?, ?, ?, ?, ?, ?, ?, ?, ?, ?, ?, ?, ?, ?) , (?, ?, ?, ?, ?, ?, ?, ?, ?, ?, ?, ?, ?, ?) , (?, ?, ?, ?, ?, ?, ?, ?, ?, ?, ?, ?, ?, ?) , (?, ?, ?, ?, ?, ?, ?, ?, ?, ?, ?, ?, ?, ?) 
10:48:11,029 [pool-23-thread-7] DEBUG org.apache.ibatis.datasource.pooled.PooledDataSource  - Returned connection 2049392199 to pool.
10:48:11,029 [pool-23-thread-7] DEBUG org.activiti.engine.impl.interceptor.LogInterceptor  - --- StartProcessInstanceCmd finished --------------------------------------------------------
10:48:11,029 [pool-23-thread-7] DEBUG org.activiti.engine.impl.interceptor.LogInterceptor  - 

10:48:11,028 [pool-23-thread-6] DEBUG org.activiti.engine.impl.history.DefaultHistoryManager  - Current history level: AUDIT, level required: ACTIVITY
10:48:11,028 [pool-23-thread-5] DEBUG org.activiti.engine.impl.history.DefaultHistoryManager  - Current history level: AUDIT, level required: ACTIVITY
10:48:11,029 [pool-23-thread-5] DEBUG org.activiti.engine.impl.pvm.runtime.AtomicOperationActivityExecute  - ProcessInstance[a6f6c635-c6c9-11ed-aa5a-de215c025445] executes Activity(theStart): org.activiti.engine.impl.bpmn.behavior.NoneStartEventActivityBehavior
10:48:11,028 [pool-23-thread-10] DEBUG org.activiti.engine.impl.persistence.entity.HistoricTaskInstanceEntity.insertHistoricTaskInstance  - ==&gt; Parameters: a6f67812-c6c9-11ed-aa5a-de215c025445(String), simpleProcess:1:a6dcaf6e-c6c9-11ed-aa5a-de215c025445(String), a6f08583-c6c9-11ed-aa5a-de215c025445(String), a6f08583-c6c9-11ed-aa5a-de215c025445(String), null, null, null, null, null, 2001-01-01 01:23:46.0(Timestamp), null, null, null, null, task4(String), null, 50(Integer), null, null, (String)
10:48:11,028 [pool-23-thread-2] DEBUG org.activiti.engine.impl.persistence.entity.ProcessDefinitionEntity.selectLatestProcessDefinitionByKey  - ==&gt; Parameters: simpleProcess(String), simpleProcess(String)
10:48:11,028 [pool-23-thread-3] DEBUG org.activiti.engine.impl.persistence.entity.ProcessDefinitionEntity.selectLatestProcessDefinitionByKey  - ==&gt;  Preparing: select * from ACT_RE_PROCDEF where KEY_ = ? and (TENANT_ID_ = &apos;&apos; or TENANT_ID_ is null) and VERSION_ = (select max(VERSION_) from ACT_RE_PROCDEF where KEY_ = ? and (TENANT_ID_ = &apos;&apos; or TENANT_ID_ is null)) 
10:48:11,028 [pool-23-thread-9] DEBUG org.activiti.engine.impl.persistence.entity.TaskEntity.insertTask  - &lt;==    Updates: 1
10:48:11,029 [pool-23-thread-9] DEBUG org.activiti.engine.impl.cfg.standalone.StandaloneMybatisTransactionContext  - firing event committing...
10:48:11,029 [pool-23-thread-9] DEBUG org.activiti.engine.impl.cfg.standalone.StandaloneMybatisTransactionContext  - committing the ibatis sql session...
10:48:11,029 [pool-23-thread-9] DEBUG org.apache.ibatis.transaction.jdbc.JdbcTransaction  - Committing JDBC Connection [conn148: url=jdbc:h2:mem:activiti-uuid-generator-test user=SA]
10:48:11,028 [pool-23-thread-4] DEBUG org.activiti.engine.impl.persistence.entity.HistoricTaskInstanceEntity.insertHistoricTaskInstance  - ==&gt;  Preparing: insert into ACT_HI_TASKINST ( ID_, PROC_DEF_ID_, PROC_INST_ID_, EXECUTION_ID_, NAME_, PARENT_TASK_ID_, DESCRIPTION_, OWNER_, ASSIGNEE_, START_TIME_, CLAIM_TIME_, END_TIME_, DURATION_, DELETE_REASON_, TASK_DEF_KEY_, FORM_KEY_, PRIORITY_, DUE_DATE_, CATEGORY_, TENANT_ID_ ) values ( ?, ?, ?, ?, ?, ?, ?, ?, ?, ?, ?, ?, ?, ?, ?, ?, ?, ?, ?, ? ) 
10:48:11,029 [pool-23-thread-9] DEBUG org.activiti.engine.impl.cfg.standalone.StandaloneMybatisTransactionContext  - firing event committed...
10:48:11,029 [pool-23-thread-9] DEBUG org.apache.ibatis.transaction.jdbc.JdbcTransaction  - Resetting autocommit to true on JDBC Connection [conn148: url=jdbc:h2:mem:activiti-uuid-generator-test user=SA]
10:48:11,029 [pool-23-thread-9] DEBUG org.apache.ibatis.transaction.jdbc.JdbcTransaction  - Closing JDBC Connection [conn148: url=jdbc:h2:mem:activiti-uuid-generator-test user=SA]
10:48:11,029 [pool-23-thread-9] DEBUG org.apache.ibatis.datasource.pooled.PooledDataSource  - Returned connection 1099218109 to pool.
10:48:11,029 [pool-23-thread-9] DEBUG org.activiti.engine.impl.interceptor.LogInterceptor  - --- StartProcessInstanceCmd finished --------------------------------------------------------
10:48:11,029 [pool-23-thread-9] DEBUG org.activiti.engine.impl.interceptor.LogInterceptor  - 

10:48:11,029 [pool-23-thread-3] DEBUG org.activiti.engine.impl.persistence.entity.ProcessDefinitionEntity.selectLatestProcessDefinitionByKey  - ==&gt; Parameters: simpleProcess(String), simpleProcess(String)
10:48:11,029 [pool-23-thread-3] DEBUG org.activiti.engine.impl.persistence.entity.ProcessDefinitionEntity.selectLatestProcessDefinitionByKey  - &lt;==      Total: 1
10:48:11,029 [pool-23-thread-2] DEBUG org.activiti.engine.impl.persistence.entity.ProcessDefinitionEntity.selectLatestProcessDefinitionByKey  - &lt;==      Total: 1
10:48:11,029 [pool-23-thread-10] DEBUG org.activiti.engine.impl.persistence.entity.HistoricTaskInstanceEntity.insertHistoricTaskInstance  - &lt;==    Updates: 1
10:48:11,030 [pool-23-thread-10] DEBUG org.activiti.engine.impl.db.DbSqlSession  - inserting: HistoricProcessInstanceEntity[superProcessInstanceId=null]
10:48:11,030 [pool-23-thread-10] DEBUG org.activiti.engine.impl.persistence.entity.HistoricProcessInstanceEntity.insertHistoricProcessInstance  - ==&gt;  Preparing: insert into ACT_HI_PROCINST ( ID_, PROC_INST_ID_, BUSINESS_KEY_, PROC_DEF_ID_, START_TIME_, END_TIME_, DURATION_, START_USER_ID_, START_ACT_ID_, END_ACT_ID_, SUPER_PROCESS_INSTANCE_ID_, DELETE_REASON_, TENANT_ID_, NAME_ ) values ( ?, ?, ?, ?, ?, ?, ?, ?, ?, ?, ?, ?, ?, ? ) 
10:48:11,030 [pool-23-thread-10] DEBUG org.activiti.engine.impl.persistence.entity.HistoricProcessInstanceEntity.insertHistoricProcessInstance  - ==&gt; Parameters: a6f08583-c6c9-11ed-aa5a-de215c025445(String), a6f08583-c6c9-11ed-aa5a-de215c025445(String), null, simpleProcess:1:a6dcaf6e-c6c9-11ed-aa5a-de215c025445(String), 2001-01-01 01:23:46.0(Timestamp), null, null, null, theStart(String), null, null, null, (String), null
10:48:11,030 [pool-23-thread-10] DEBUG org.activiti.engine.impl.persistence.entity.HistoricProcessInstanceEntity.insertHistoricProcessInstance  - &lt;==    Updates: 1
10:48:11,029 [pool-23-thread-5] DEBUG org.activiti.engine.impl.persistence.entity.JobEntity.selectJobsByExecutionId  - ==&gt;  Preparing: select * from ACT_RU_JOB J where J.EXECUTION_ID_ = ? 
10:48:11,030 [pool-23-thread-5] DEBUG org.activiti.engine.impl.persistence.entity.JobEntity.selectJobsByExecutionId  - ==&gt; Parameters: a6f6c635-c6c9-11ed-aa5a-de215c025445(String)
10:48:11,029 [pool-23-thread-6] DEBUG org.activiti.engine.impl.pvm.runtime.AtomicOperationTransitionNotifyListenerTake  - ProcessInstance[a6f65200-c6c9-11ed-aa5a-de215c025445] takes transition (task1)--flow2--&gt;(task2)
10:48:11,030 [pool-23-thread-6] DEBUG org.activiti.engine.impl.history.DefaultHistoryManager  - Current history level: AUDIT, level required: ACTIVITY
10:48:11,030 [pool-23-thread-6] DEBUG org.activiti.engine.impl.pvm.runtime.AtomicOperationActivityExecute  - ProcessInstance[a6f65200-c6c9-11ed-aa5a-de215c025445] executes Activity(task2): org.activiti.engine.impl.bpmn.behavior.ManualTaskActivityBehavior
10:48:11,030 [pool-23-thread-6] DEBUG org.activiti.engine.impl.bpmn.behavior.BpmnActivityBehavior  - Leaving activity &apos;task2&apos;
10:48:11,030 [pool-23-thread-6] DEBUG org.activiti.engine.impl.history.DefaultHistoryManager  - Current history level: AUDIT, level required: ACTIVITY
10:48:11,030 [pool-23-thread-6] DEBUG org.activiti.engine.impl.pvm.runtime.AtomicOperationTransitionNotifyListenerTake  - ProcessInstance[a6f65200-c6c9-11ed-aa5a-de215c025445] takes transition (task2)--flow3--&gt;(task3)
10:48:11,030 [pool-23-thread-6] DEBUG org.activiti.engine.impl.history.DefaultHistoryManager  - Current history level: AUDIT, level required: ACTIVITY
10:48:11,030 [pool-23-thread-6] DEBUG org.activiti.engine.impl.pvm.runtime.AtomicOperationActivityExecute  - ProcessInstance[a6f65200-c6c9-11ed-aa5a-de215c025445] executes Activity(task3): org.activiti.engine.impl.bpmn.behavior.ManualTaskActivityBehavior
10:48:11,030 [pool-23-thread-6] DEBUG org.activiti.engine.impl.bpmn.behavior.BpmnActivityBehavior  - Leaving activity &apos;task3&apos;
10:48:11,030 [pool-23-thread-6] DEBUG org.activiti.engine.impl.history.DefaultHistoryManager  - Current history level: AUDIT, level required: ACTIVITY
10:48:11,029 [pool-23-thread-8] DEBUG org.activiti.engine.impl.persistence.entity.HistoricActivityInstanceEntity.bulkInsertHistoricActivityInstance  - ==&gt; Parameters: a6f0375e-c6c9-11ed-aa5a-de215c025445(String), simpleProcess:1:a6dcaf6e-c6c9-11ed-aa5a-de215c025445(String), a6f0104d-c6c9-11ed-aa5a-de215c025445(String), a6f0104d-c6c9-11ed-aa5a-de215c025445(String), theStart(String), null, null, null, startEvent(String), null, 2001-01-01 01:23:46.0(Timestamp), 2001-01-01 01:23:46.0(Timestamp), 0(Long), (String), a6f4cb4f-c6c9-11ed-aa5a-de215c025445(String), simpleProcess:1:a6dcaf6e-c6c9-11ed-aa5a-de215c025445(String), a6f0104d-c6c9-11ed-aa5a-de215c025445(String), a6f0104d-c6c9-11ed-aa5a-de215c025445(String), task1(String), null, null, null, manualTask(String), null, 2001-01-01 01:23:46.0(Timestamp), 2001-01-01 01:23:46.0(Timestamp), 0(Long), (String), a6f51974-c6c9-11ed-aa5a-de215c025445(String), simpleProcess:1:a6dcaf6e-c6c9-11ed-aa5a-de215c025445(String), a6f0104d-c6c9-11ed-aa5a-de215c025445(String), a6f0104d-c6c9-11ed-aa5a-de215c025445(String), task2(String), null, null, null, manualTask(String), null, 2001-01-01 01:23:46.0(Timestamp), 2001-01-01 01:23:46.0(Timestamp), 0(Long), (String), a6f58ea7-c6c9-11ed-aa5a-de215c025445(String), simpleProcess:1:a6dcaf6e-c6c9-11ed-aa5a-de215c025445(String), a6f0104d-c6c9-11ed-aa5a-de215c025445(String), a6f0104d-c6c9-11ed-aa5a-de215c025445(String), task3(String), null, null, null, manualTask(String), null, 2001-01-01 01:23:46.0(Timestamp), 2001-01-01 01:23:46.0(Timestamp), 0(Long), (String), a6f5dcca-c6c9-11ed-aa5a-de215c025445(String), simpleProcess:1:a6dcaf6e-c6c9-11ed-aa5a-de215c025445(String), a6f0104d-c6c9-11ed-aa5a-de215c025445(String), a6f0104d-c6c9-11ed-aa5a-de215c025445(String), task4(String), a6f603db-c6c9-11ed-aa5a-de215c025445(String), null, null, userTask(String), null, 2001-01-01 01:23:46.0(Timestamp), null, null, (String)
10:48:11,029 [pool-23-thread-7] DEBUG org.activiti.engine.impl.interceptor.LogInterceptor  - 

10:48:11,030 [pool-23-thread-7] DEBUG org.activiti.engine.impl.interceptor.LogInterceptor  - --- starting StartProcessInstanceCmd --------------------------------------------------------
10:48:11,030 [pool-23-thread-7] DEBUG org.apache.ibatis.transaction.jdbc.JdbcTransaction  - Opening JDBC Connection
10:48:11,030 [pool-23-thread-7] DEBUG org.apache.ibatis.datasource.pooled.PooledDataSource  - Checked out connection 2049392199 from pool.
10:48:11,030 [pool-23-thread-7] DEBUG org.apache.ibatis.transaction.jdbc.JdbcTransaction  - Setting autocommit to false on JDBC Connection [conn150: url=jdbc:h2:mem:activiti-uuid-generator-test user=SA]
10:48:11,029 [pool-23-thread-1] DEBUG org.activiti.engine.impl.persistence.entity.JobEntity.selectJobsByExecutionId  - &lt;==      Total: 0
10:48:11,030 [pool-23-thread-7] DEBUG org.activiti.engine.impl.persistence.entity.ProcessDefinitionEntity.selectLatestProcessDefinitionByKey  - ==&gt;  Preparing: select * from ACT_RE_PROCDEF where KEY_ = ? and (TENANT_ID_ = &apos;&apos; or TENANT_ID_ is null) and VERSION_ = (select max(VERSION_) from ACT_RE_PROCDEF where KEY_ = ? and (TENANT_ID_ = &apos;&apos; or TENANT_ID_ is null)) 
10:48:11,030 [pool-23-thread-8] DEBUG org.activiti.engine.impl.persistence.entity.HistoricActivityInstanceEntity.bulkInsertHistoricActivityInstance  - &lt;==    Updates: 5
10:48:11,031 [pool-23-thread-8] DEBUG org.activiti.engine.impl.db.DbSqlSession  - inserting: ProcessInstance[a6f0104d-c6c9-11ed-aa5a-de215c025445]
10:48:11,030 [pool-23-thread-6] DEBUG org.activiti.engine.impl.pvm.runtime.AtomicOperationTransitionNotifyListenerTake  - ProcessInstance[a6f65200-c6c9-11ed-aa5a-de215c025445] takes transition (task3)--flow4--&gt;(task4)
10:48:11,030 [pool-23-thread-10] DEBUG org.activiti.engine.impl.persistence.entity.HistoricActivityInstanceEntity.bulkInsertHistoricActivityInstance  - ==&gt;  Preparing: insert into ACT_HI_ACTINST ( ID_, PROC_DEF_ID_, PROC_INST_ID_, EXECUTION_ID_, ACT_ID_, TASK_ID_, CALL_PROC_INST_ID_, ACT_NAME_, ACT_TYPE_, ASSIGNEE_, START_TIME_, END_TIME_, DURATION_, TENANT_ID_ ) values (?, ?, ?, ?, ?, ?, ?, ?, ?, ?, ?, ?, ?, ?) , (?, ?, ?, ?, ?, ?, ?, ?, ?, ?, ?, ?, ?, ?) , (?, ?, ?, ?, ?, ?, ?, ?, ?, ?, ?, ?, ?, ?) , (?, ?, ?, ?, ?, ?, ?, ?, ?, ?, ?, ?, ?, ?) , (?, ?, ?, ?, ?, ?, ?, ?, ?, ?, ?, ?, ?, ?) 
10:48:11,030 [pool-23-thread-5] DEBUG org.activiti.engine.impl.persistence.entity.JobEntity.selectJobsByExecutionId  - &lt;==      Total: 0
10:48:11,031 [pool-23-thread-5] DEBUG org.activiti.engine.impl.bpmn.behavior.BpmnActivityBehavior  - Leaving activity &apos;theStart&apos;
10:48:11,030 [pool-23-thread-2] DEBUG org.activiti.engine.impl.persistence.entity.ExecutionEntity  - initializing ProcessInstance[a6f73b68-c6c9-11ed-aa5a-de215c025445]
10:48:11,029 [pool-23-thread-3] DEBUG org.activiti.engine.impl.persistence.entity.ExecutionEntity  - initializing ProcessInstance[a6f71457-c6c9-11ed-aa5a-de215c025445]
10:48:11,029 [pool-23-thread-9] DEBUG org.activiti.engine.impl.interceptor.LogInterceptor  - 

10:48:11,031 [pool-23-thread-9] DEBUG org.activiti.engine.impl.interceptor.LogInterceptor  - --- starting StartProcessInstanceCmd --------------------------------------------------------
10:48:11,029 [pool-23-thread-4] DEBUG org.activiti.engine.impl.persistence.entity.HistoricTaskInstanceEntity.insertHistoricTaskInstance  - ==&gt; Parameters: a6f67813-c6c9-11ed-aa5a-de215c025445(String), simpleProcess:1:a6dcaf6e-c6c9-11ed-aa5a-de215c025445(String), a6ef25e2-c6c9-11ed-aa5a-de215c025445(String), a6ef25e2-c6c9-11ed-aa5a-de215c025445(String), null, null, null, null, null, 2001-01-01 01:23:46.0(Timestamp), null, null, null, null, task4(String), null, 50(Integer), null, null, (String)
10:48:11,031 [pool-23-thread-9] DEBUG org.apache.ibatis.transaction.jdbc.JdbcTransaction  - Opening JDBC Connection
10:48:11,031 [pool-23-thread-9] DEBUG org.apache.ibatis.datasource.pooled.PooledDataSource  - Checked out connection 1099218109 from pool.
10:48:11,031 [pool-23-thread-9] DEBUG org.apache.ibatis.transaction.jdbc.JdbcTransaction  - Setting autocommit to false on JDBC Connection [conn148: url=jdbc:h2:mem:activiti-uuid-generator-test user=SA]
10:48:11,031 [pool-23-thread-3] DEBUG org.activiti.engine.impl.history.DefaultHistoryManager  - Current history level: AUDIT, level required: ACTIVITY
10:48:11,031 [pool-23-thread-2] DEBUG org.activiti.engine.impl.history.DefaultHistoryManager  - Current history level: AUDIT, level required: ACTIVITY
10:48:11,031 [pool-23-thread-10] DEBUG org.activiti.engine.impl.persistence.entity.HistoricActivityInstanceEntity.bulkInsertHistoricActivityInstance  - ==&gt; Parameters: a6f45616-c6c9-11ed-aa5a-de215c025445(String), simpleProcess:1:a6dcaf6e-c6c9-11ed-aa5a-de215c025445(String), a6f08583-c6c9-11ed-aa5a-de215c025445(String), a6f08583-c6c9-11ed-aa5a-de215c025445(String), theStart(String), null, null, null, startEvent(String), null, 2001-01-01 01:23:46.0(Timestamp), 2001-01-01 01:23:46.0(Timestamp), 0(Long), (String), a6f54085-c6c9-11ed-aa5a-de215c025445(String), simpleProcess:1:a6dcaf6e-c6c9-11ed-aa5a-de215c025445(String), a6f08583-c6c9-11ed-aa5a-de215c025445(String), a6f08583-c6c9-11ed-aa5a-de215c025445(String), task1(String), null, null, null, manualTask(String), null, 2001-01-01 01:23:46.0(Timestamp), 2001-01-01 01:23:46.0(Timestamp), 0(Long), (String), a6f58ea8-c6c9-11ed-aa5a-de215c025445(String), simpleProcess:1:a6dcaf6e-c6c9-11ed-aa5a-de215c025445(String), a6f08583-c6c9-11ed-aa5a-de215c025445(String), a6f08583-c6c9-11ed-aa5a-de215c025445(String), task2(String), null, null, null, manualTask(String), null, 2001-01-01 01:23:46.0(Timestamp), 2001-01-01 01:23:46.0(Timestamp), 0(Long), (String), a6f5dcc9-c6c9-11ed-aa5a-de215c025445(String), simpleProcess:1:a6dcaf6e-c6c9-11ed-aa5a-de215c025445(String), a6f08583-c6c9-11ed-aa5a-de215c025445(String), a6f08583-c6c9-11ed-aa5a-de215c025445(String), task3(String), null, null, null, manualTask(String), null, 2001-01-01 01:23:46.0(Timestamp), 2001-01-01 01:23:46.0(Timestamp), 0(Long), (String), a6f62aee-c6c9-11ed-aa5a-de215c025445(String), simpleProcess:1:a6dcaf6e-c6c9-11ed-aa5a-de215c025445(String), a6f08583-c6c9-11ed-aa5a-de215c025445(String), a6f08583-c6c9-11ed-aa5a-de215c025445(String), task4(String), a6f67812-c6c9-11ed-aa5a-de215c025445(String), null, null, userTask(String), null, 2001-01-01 01:23:46.0(Timestamp), null, null, (String)
10:48:11,031 [pool-23-thread-5] DEBUG org.activiti.engine.impl.history.DefaultHistoryManager  - Current history level: AUDIT, level required: ACTIVITY
10:48:11,031 [pool-23-thread-10] DEBUG org.activiti.engine.impl.persistence.entity.HistoricActivityInstanceEntity.bulkInsertHistoricActivityInstance  - &lt;==    Updates: 5
10:48:11,031 [pool-23-thread-10] DEBUG org.activiti.engine.impl.db.DbSqlSession  - inserting: ProcessInstance[a6f08583-c6c9-11ed-aa5a-de215c025445]
10:48:11,031 [pool-23-thread-6] DEBUG org.activiti.engine.impl.history.DefaultHistoryManager  - Current history level: AUDIT, level required: ACTIVITY
10:48:11,031 [pool-23-thread-6] DEBUG org.activiti.engine.impl.pvm.runtime.AtomicOperationActivityExecute  - ProcessInstance[a6f65200-c6c9-11ed-aa5a-de215c025445] executes Activity(task4): org.activiti.engine.impl.bpmn.behavior.UserTaskActivityBehavior
10:48:11,031 [pool-23-thread-8] DEBUG org.activiti.engine.impl.persistence.entity.ExecutionEntity.insertExecution  - ==&gt;  Preparing: insert into ACT_RU_EXECUTION (ID_, REV_, PROC_INST_ID_, BUSINESS_KEY_, PROC_DEF_ID_, ACT_ID_, IS_ACTIVE_, IS_CONCURRENT_, IS_SCOPE_,IS_EVENT_SCOPE_, PARENT_ID_, SUPER_EXEC_, SUSPENSION_STATE_, CACHED_ENT_STATE_, TENANT_ID_, NAME_) values ( ?, 1, ?, ?, ?, ?, ?, ?, ?, ?, ?, ?, ?, ?, ?, ? ) 
10:48:11,031 [pool-23-thread-7] DEBUG org.activiti.engine.impl.persistence.entity.ProcessDefinitionEntity.selectLatestProcessDefinitionByKey  - ==&gt; Parameters: simpleProcess(String), simpleProcess(String)
10:48:11,031 [pool-23-thread-1] DEBUG org.activiti.engine.impl.bpmn.behavior.BpmnActivityBehavior  - Leaving activity &apos;theStart&apos;
10:48:11,031 [pool-23-thread-8] DEBUG org.activiti.engine.impl.persistence.entity.ExecutionEntity.insertExecution  - ==&gt; Parameters: a6f0104d-c6c9-11ed-aa5a-de215c025445(String), a6f0104d-c6c9-11ed-aa5a-de215c025445(String), null, simpleProcess:1:a6dcaf6e-c6c9-11ed-aa5a-de215c025445(String), task4(String), true(Boolean), false(Boolean), true(Boolean), false(Boolean), null, null, 1(Integer), 2(Integer), (String), null
10:48:11,031 [pool-23-thread-6] DEBUG org.activiti.engine.impl.persistence.entity.TaskEntity.selectTasksByExecutionId  - ==&gt;  Preparing: select distinct T.* from ACT_RU_TASK T where T.EXECUTION_ID_ = ? 
10:48:11,031 [pool-23-thread-10] DEBUG org.activiti.engine.impl.persistence.entity.ExecutionEntity.insertExecution  - ==&gt;  Preparing: insert into ACT_RU_EXECUTION (ID_, REV_, PROC_INST_ID_, BUSINESS_KEY_, PROC_DEF_ID_, ACT_ID_, IS_ACTIVE_, IS_CONCURRENT_, IS_SCOPE_,IS_EVENT_SCOPE_, PARENT_ID_, SUPER_EXEC_, SUSPENSION_STATE_, CACHED_ENT_STATE_, TENANT_ID_, NAME_) values ( ?, 1, ?, ?, ?, ?, ?, ?, ?, ?, ?, ?, ?, ?, ?, ? ) 
10:48:11,031 [pool-23-thread-5] DEBUG org.activiti.engine.impl.pvm.runtime.AtomicOperationTransitionNotifyListenerTake  - ProcessInstance[a6f6c635-c6c9-11ed-aa5a-de215c025445] takes transition (theStart)--flow1--&gt;(task1)
10:48:11,031 [pool-23-thread-2] DEBUG org.activiti.engine.impl.pvm.runtime.AtomicOperationActivityExecute  - ProcessInstance[a6f73b68-c6c9-11ed-aa5a-de215c025445] executes Activity(theStart): org.activiti.engine.impl.bpmn.behavior.NoneStartEventActivityBehavior
10:48:11,031 [pool-23-thread-3] DEBUG org.activiti.engine.impl.pvm.runtime.AtomicOperationActivityExecute  - ProcessInstance[a6f71457-c6c9-11ed-aa5a-de215c025445] executes Activity(theStart): org.activiti.engine.impl.bpmn.behavior.NoneStartEventActivityBehavior
10:48:11,031 [pool-23-thread-9] DEBUG org.activiti.engine.impl.persistence.entity.ProcessDefinitionEntity.selectLatestProcessDefinitionByKey  - ==&gt;  Preparing: select * from ACT_RE_PROCDEF where KEY_ = ? and (TENANT_ID_ = &apos;&apos; or TENANT_ID_ is null) and VERSION_ = (select max(VERSION_) from ACT_RE_PROCDEF where KEY_ = ? and (TENANT_ID_ = &apos;&apos; or TENANT_ID_ is null)) 
10:48:11,031 [pool-23-thread-4] DEBUG org.activiti.engine.impl.persistence.entity.HistoricTaskInstanceEntity.insertHistoricTaskInstance  - &lt;==    Updates: 1
10:48:11,032 [pool-23-thread-4] DEBUG org.activiti.engine.impl.db.DbSqlSession  - inserting: HistoricProcessInstanceEntity[superProcessInstanceId=null]
10:48:11,032 [pool-23-thread-9] DEBUG org.activiti.engine.impl.persistence.entity.ProcessDefinitionEntity.selectLatestProcessDefinitionByKey  - ==&gt; Parameters: simpleProcess(String), simpleProcess(String)
10:48:11,032 [pool-23-thread-3] DEBUG org.activiti.engine.impl.persistence.entity.JobEntity.selectJobsByExecutionId  - ==&gt;  Preparing: select * from ACT_RU_JOB J where J.EXECUTION_ID_ = ? 
10:48:11,032 [pool-23-thread-9] DEBUG org.activiti.engine.impl.persistence.entity.ProcessDefinitionEntity.selectLatestProcessDefinitionByKey  - &lt;==      Total: 1
10:48:11,032 [pool-23-thread-2] DEBUG org.activiti.engine.impl.persistence.entity.JobEntity.selectJobsByExecutionId  - ==&gt;  Preparing: select * from ACT_RU_JOB J where J.EXECUTION_ID_ = ? 
10:48:11,032 [pool-23-thread-5] DEBUG org.activiti.engine.impl.history.DefaultHistoryManager  - Current history level: AUDIT, level required: ACTIVITY
10:48:11,032 [pool-23-thread-10] DEBUG org.activiti.engine.impl.persistence.entity.ExecutionEntity.insertExecution  - ==&gt; Parameters: a6f08583-c6c9-11ed-aa5a-de215c025445(String), a6f08583-c6c9-11ed-aa5a-de215c025445(String), null, simpleProcess:1:a6dcaf6e-c6c9-11ed-aa5a-de215c025445(String), task4(String), true(Boolean), false(Boolean), true(Boolean), false(Boolean), null, null, 1(Integer), 2(Integer), (String), null
10:48:11,032 [pool-23-thread-6] DEBUG org.activiti.engine.impl.persistence.entity.TaskEntity.selectTasksByExecutionId  - ==&gt; Parameters: a6f65200-c6c9-11ed-aa5a-de215c025445(String)
10:48:11,032 [pool-23-thread-8] DEBUG org.activiti.engine.impl.persistence.entity.ExecutionEntity.insertExecution  - &lt;==    Updates: 1
10:48:11,032 [pool-23-thread-8] DEBUG org.activiti.engine.impl.db.DbSqlSession  - inserting: Task[id=a6f603db-c6c9-11ed-aa5a-de215c025445, name=null]
10:48:11,031 [pool-23-thread-7] DEBUG org.activiti.engine.impl.persistence.entity.ProcessDefinitionEntity.selectLatestProcessDefinitionByKey  - &lt;==      Total: 1
10:48:11,032 [pool-23-thread-1] DEBUG org.activiti.engine.impl.history.DefaultHistoryManager  - Current history level: AUDIT, level required: ACTIVITY
10:48:11,032 [pool-23-thread-7] DEBUG org.activiti.engine.impl.persistence.entity.ExecutionEntity  - initializing ProcessInstance[a6f78991-c6c9-11ed-aa5a-de215c025445]
10:48:11,032 [pool-23-thread-8] DEBUG org.activiti.engine.impl.persistence.entity.TaskEntity.insertTask  - ==&gt;  Preparing: insert into ACT_RU_TASK (ID_, REV_, NAME_, PARENT_TASK_ID_, DESCRIPTION_, PRIORITY_, CREATE_TIME_, OWNER_, ASSIGNEE_, DELEGATION_, EXECUTION_ID_, PROC_INST_ID_, PROC_DEF_ID_, TASK_DEF_KEY_, DUE_DATE_, CATEGORY_, SUSPENSION_STATE_, TENANT_ID_, FORM_KEY_) values (?, 1, ?, ?, ?, ?, ?, ?, ?, ?, ?, ?, ?, ?, ?, ?, ?, ?, ? ) 
10:48:11,032 [pool-23-thread-6] DEBUG org.activiti.engine.impl.persistence.entity.TaskEntity.selectTasksByExecutionId  - &lt;==      Total: 0
10:48:11,032 [pool-23-thread-6] DEBUG org.activiti.engine.impl.history.DefaultHistoryManager  - Current history level: AUDIT, level required: AUDIT
10:48:11,032 [pool-23-thread-10] DEBUG org.activiti.engine.impl.persistence.entity.ExecutionEntity.insertExecution  - &lt;==    Updates: 1
10:48:11,033 [pool-23-thread-10] DEBUG org.activiti.engine.impl.db.DbSqlSession  - inserting: Task[id=a6f67812-c6c9-11ed-aa5a-de215c025445, name=null]
10:48:11,032 [pool-23-thread-5] DEBUG org.activiti.engine.impl.pvm.runtime.AtomicOperationActivityExecute  - ProcessInstance[a6f6c635-c6c9-11ed-aa5a-de215c025445] executes Activity(task1): org.activiti.engine.impl.bpmn.behavior.ManualTaskActivityBehavior
10:48:11,032 [pool-23-thread-2] DEBUG org.activiti.engine.impl.persistence.entity.JobEntity.selectJobsByExecutionId  - ==&gt; Parameters: a6f73b68-c6c9-11ed-aa5a-de215c025445(String)
10:48:11,032 [pool-23-thread-9] DEBUG org.activiti.engine.impl.persistence.entity.ExecutionEntity  - initializing ProcessInstance[a6f7898f-c6c9-11ed-aa5a-de215c025445]
10:48:11,033 [pool-23-thread-9] DEBUG org.activiti.engine.impl.history.DefaultHistoryManager  - Current history level: AUDIT, level required: ACTIVITY
10:48:11,032 [pool-23-thread-3] DEBUG org.activiti.engine.impl.persistence.entity.JobEntity.selectJobsByExecutionId  - ==&gt; Parameters: a6f71457-c6c9-11ed-aa5a-de215c025445(String)
10:48:11,032 [pool-23-thread-4] DEBUG org.activiti.engine.impl.persistence.entity.HistoricProcessInstanceEntity.insertHistoricProcessInstance  - ==&gt;  Preparing: insert into ACT_HI_PROCINST ( ID_, PROC_INST_ID_, BUSINESS_KEY_, PROC_DEF_ID_, START_TIME_, END_TIME_, DURATION_, START_USER_ID_, START_ACT_ID_, END_ACT_ID_, SUPER_PROCESS_INSTANCE_ID_, DELETE_REASON_, TENANT_ID_, NAME_ ) values ( ?, ?, ?, ?, ?, ?, ?, ?, ?, ?, ?, ?, ?, ? ) 
10:48:11,033 [pool-23-thread-3] DEBUG org.activiti.engine.impl.persistence.entity.JobEntity.selectJobsByExecutionId  - &lt;==      Total: 0
10:48:11,033 [pool-23-thread-3] DEBUG org.activiti.engine.impl.bpmn.behavior.BpmnActivityBehavior  - Leaving activity &apos;theStart&apos;
10:48:11,033 [pool-23-thread-9] DEBUG org.activiti.engine.impl.pvm.runtime.AtomicOperationActivityExecute  - ProcessInstance[a6f7898f-c6c9-11ed-aa5a-de215c025445] executes Activity(theStart): org.activiti.engine.impl.bpmn.behavior.NoneStartEventActivityBehavior
10:48:11,033 [pool-23-thread-2] DEBUG org.activiti.engine.impl.persistence.entity.JobEntity.selectJobsByExecutionId  - &lt;==      Total: 0
10:48:11,033 [pool-23-thread-2] DEBUG org.activiti.engine.impl.bpmn.behavior.BpmnActivityBehavior  - Leaving activity &apos;theStart&apos;
10:48:11,033 [pool-23-thread-5] DEBUG org.activiti.engine.impl.bpmn.behavior.BpmnActivityBehavior  - Leaving activity &apos;task1&apos;
10:48:11,033 [pool-23-thread-10] DEBUG org.activiti.engine.impl.persistence.entity.TaskEntity.insertTask  - ==&gt;  Preparing: insert into ACT_RU_TASK (ID_, REV_, NAME_, PARENT_TASK_ID_, DESCRIPTION_, PRIORITY_, CREATE_TIME_, OWNER_, ASSIGNEE_, DELEGATION_, EXECUTION_ID_, PROC_INST_ID_, PROC_DEF_ID_, TASK_DEF_KEY_, DUE_DATE_, CATEGORY_, SUSPENSION_STATE_, TENANT_ID_, FORM_KEY_) values (?, 1, ?, ?, ?, ?, ?, ?, ?, ?, ?, ?, ?, ?, ?, ?, ?, ?, ? ) 
10:48:11,033 [pool-23-thread-6] DEBUG org.activiti.engine.impl.history.DefaultHistoryManager  - Current history level: AUDIT, level required: AUDIT
10:48:11,033 [pool-23-thread-6] DEBUG org.activiti.engine.impl.history.DefaultHistoryManager  - Current history level: AUDIT, level required: AUDIT
10:48:11,032 [pool-23-thread-8] DEBUG org.activiti.engine.impl.persistence.entity.TaskEntity.insertTask  - ==&gt; Parameters: a6f603db-c6c9-11ed-aa5a-de215c025445(String), null, null, null, 50(Integer), 2001-01-01 01:23:46.0(Timestamp), null, null, null, a6f0104d-c6c9-11ed-aa5a-de215c025445(String), a6f0104d-c6c9-11ed-aa5a-de215c025445(String), simpleProcess:1:a6dcaf6e-c6c9-11ed-aa5a-de215c025445(String), task4(String), null, null, 1(Integer), (String), null
10:48:11,032 [pool-23-thread-7] DEBUG org.activiti.engine.impl.history.DefaultHistoryManager  - Current history level: AUDIT, level required: ACTIVITY
10:48:11,033 [pool-23-thread-8] DEBUG org.activiti.engine.impl.persistence.entity.TaskEntity.insertTask  - &lt;==    Updates: 1
10:48:11,032 [pool-23-thread-1] DEBUG org.activiti.engine.impl.pvm.runtime.AtomicOperationTransitionNotifyListenerTake  - ProcessInstance[a6f62aec-c6c9-11ed-aa5a-de215c025445] takes transition (theStart)--flow1--&gt;(task1)
10:48:11,033 [pool-23-thread-8] DEBUG org.activiti.engine.impl.cfg.standalone.StandaloneMybatisTransactionContext  - firing event committing...
10:48:11,033 [pool-23-thread-8] DEBUG org.activiti.engine.impl.cfg.standalone.StandaloneMybatisTransactionContext  - committing the ibatis sql session...
10:48:11,033 [pool-23-thread-8] DEBUG org.apache.ibatis.transaction.jdbc.JdbcTransaction  - Committing JDBC Connection [conn146: url=jdbc:h2:mem:activiti-uuid-generator-test user=SA]
10:48:11,033 [pool-23-thread-7] DEBUG org.activiti.engine.impl.pvm.runtime.AtomicOperationActivityExecute  - ProcessInstance[a6f78991-c6c9-11ed-aa5a-de215c025445] executes Activity(theStart): org.activiti.engine.impl.bpmn.behavior.NoneStartEventActivityBehavior
10:48:11,033 [pool-23-thread-8] DEBUG org.activiti.engine.impl.cfg.standalone.StandaloneMybatisTransactionContext  - firing event committed...
10:48:11,033 [pool-23-thread-8] DEBUG org.apache.ibatis.transaction.jdbc.JdbcTransaction  - Resetting autocommit to true on JDBC Connection [conn146: url=jdbc:h2:mem:activiti-uuid-generator-test user=SA]
10:48:11,033 [pool-23-thread-6] DEBUG org.activiti.engine.impl.history.DefaultHistoryManager  - Current history level: AUDIT, level required: ACTIVITY
10:48:11,033 [pool-23-thread-10] DEBUG org.activiti.engine.impl.persistence.entity.TaskEntity.insertTask  - ==&gt; Parameters: a6f67812-c6c9-11ed-aa5a-de215c025445(String), null, null, null, 50(Integer), 2001-01-01 01:23:46.0(Timestamp), null, null, null, a6f08583-c6c9-11ed-aa5a-de215c025445(String), a6f08583-c6c9-11ed-aa5a-de215c025445(String), simpleProcess:1:a6dcaf6e-c6c9-11ed-aa5a-de215c025445(String), task4(String), null, null, 1(Integer), (String), null
10:48:11,033 [pool-23-thread-5] DEBUG org.activiti.engine.impl.history.DefaultHistoryManager  - Current history level: AUDIT, level required: ACTIVITY
10:48:11,034 [pool-23-thread-10] DEBUG org.activiti.engine.impl.persistence.entity.TaskEntity.insertTask  - &lt;==    Updates: 1
10:48:11,034 [pool-23-thread-10] DEBUG org.activiti.engine.impl.cfg.standalone.StandaloneMybatisTransactionContext  - firing event committing...
10:48:11,034 [pool-23-thread-10] DEBUG org.activiti.engine.impl.cfg.standalone.StandaloneMybatisTransactionContext  - committing the ibatis sql session...
10:48:11,034 [pool-23-thread-10] DEBUG org.apache.ibatis.transaction.jdbc.JdbcTransaction  - Committing JDBC Connection [conn149: url=jdbc:h2:mem:activiti-uuid-generator-test user=SA]
10:48:11,033 [pool-23-thread-2] DEBUG org.activiti.engine.impl.history.DefaultHistoryManager  - Current history level: AUDIT, level required: ACTIVITY
10:48:11,033 [pool-23-thread-9] DEBUG org.activiti.engine.impl.persistence.entity.JobEntity.selectJobsByExecutionId  - ==&gt;  Preparing: select * from ACT_RU_JOB J where J.EXECUTION_ID_ = ? 
10:48:11,033 [pool-23-thread-3] DEBUG org.activiti.engine.impl.history.DefaultHistoryManager  - Current history level: AUDIT, level required: ACTIVITY
10:48:11,033 [pool-23-thread-4] DEBUG org.activiti.engine.impl.persistence.entity.HistoricProcessInstanceEntity.insertHistoricProcessInstance  - ==&gt; Parameters: a6ef25e2-c6c9-11ed-aa5a-de215c025445(String), a6ef25e2-c6c9-11ed-aa5a-de215c025445(String), null, simpleProcess:1:a6dcaf6e-c6c9-11ed-aa5a-de215c025445(String), 2001-01-01 01:23:46.0(Timestamp), null, null, null, theStart(String), null, null, null, (String), null
10:48:11,034 [pool-23-thread-3] DEBUG org.activiti.engine.impl.pvm.runtime.AtomicOperationTransitionNotifyListenerTake  - ProcessInstance[a6f71457-c6c9-11ed-aa5a-de215c025445] takes transition (theStart)--flow1--&gt;(task1)
10:48:11,034 [pool-23-thread-9] DEBUG org.activiti.engine.impl.persistence.entity.JobEntity.selectJobsByExecutionId  - ==&gt; Parameters: a6f7898f-c6c9-11ed-aa5a-de215c025445(String)
10:48:11,034 [pool-23-thread-2] DEBUG org.activiti.engine.impl.pvm.runtime.AtomicOperationTransitionNotifyListenerTake  - ProcessInstance[a6f73b68-c6c9-11ed-aa5a-de215c025445] takes transition (theStart)--flow1--&gt;(task1)
10:48:11,034 [pool-23-thread-10] DEBUG org.activiti.engine.impl.cfg.standalone.StandaloneMybatisTransactionContext  - firing event committed...
10:48:11,034 [pool-23-thread-10] DEBUG org.apache.ibatis.transaction.jdbc.JdbcTransaction  - Resetting autocommit to true on JDBC Connection [conn149: url=jdbc:h2:mem:activiti-uuid-generator-test user=SA]
10:48:11,034 [pool-23-thread-5] DEBUG org.activiti.engine.impl.pvm.runtime.AtomicOperationTransitionNotifyListenerTake  - ProcessInstance[a6f6c635-c6c9-11ed-aa5a-de215c025445] takes transition (task1)--flow2--&gt;(task2)
10:48:11,034 [pool-23-thread-5] DEBUG org.activiti.engine.impl.history.DefaultHistoryManager  - Current history level: AUDIT, level required: ACTIVITY
10:48:11,034 [pool-23-thread-8] DEBUG org.apache.ibatis.transaction.jdbc.JdbcTransaction  - Closing JDBC Connection [conn146: url=jdbc:h2:mem:activiti-uuid-generator-test user=SA]
10:48:11,034 [pool-23-thread-8] DEBUG org.apache.ibatis.datasource.pooled.PooledDataSource  - Returned connection 88071124 to pool.
10:48:11,034 [pool-23-thread-6] DEBUG org.activiti.engine.impl.db.DbSqlSession  -   insert ProcessInstance[a6f65200-c6c9-11ed-aa5a-de215c025445]
10:48:11,034 [pool-23-thread-6] DEBUG org.activiti.engine.impl.db.DbSqlSession  -   insert HistoricProcessInstanceEntity[superProcessInstanceId=null]
10:48:11,034 [pool-23-thread-6] DEBUG org.activiti.engine.impl.db.DbSqlSession  -   insert Task[id=a6f7627e-c6c9-11ed-aa5a-de215c025445, name=null]
10:48:11,034 [pool-23-thread-6] DEBUG org.activiti.engine.impl.db.DbSqlSession  -   insert HistoricTaskInstanceEntity[id=a6f7627e-c6c9-11ed-aa5a-de215c025445, name=null]
10:48:11,034 [pool-23-thread-6] DEBUG org.activiti.engine.impl.db.DbSqlSession  -   insert HistoricActivityInstanceEntity[activityId=theStart, activityName=null]
10:48:11,034 [pool-23-thread-6] DEBUG org.activiti.engine.impl.db.DbSqlSession  -   insert HistoricActivityInstanceEntity[activityId=task1, activityName=null]
10:48:11,034 [pool-23-thread-6] DEBUG org.activiti.engine.impl.db.DbSqlSession  -   insert HistoricActivityInstanceEntity[activityId=task2, activityName=null]
10:48:11,034 [pool-23-thread-6] DEBUG org.activiti.engine.impl.db.DbSqlSession  -   insert HistoricActivityInstanceEntity[activityId=task3, activityName=null]
10:48:11,034 [pool-23-thread-6] DEBUG org.activiti.engine.impl.db.DbSqlSession  -   insert HistoricActivityInstanceEntity[activityId=task4, activityName=null]
10:48:11,035 [pool-23-thread-6] DEBUG org.activiti.engine.impl.db.DbSqlSession  - flush summary: 9 insert, 0 update, 0 delete.
10:48:11,035 [pool-23-thread-6] DEBUG org.activiti.engine.impl.db.DbSqlSession  - now executing flush...
10:48:11,035 [pool-23-thread-6] DEBUG org.activiti.engine.impl.db.DbSqlSession  - inserting: HistoricTaskInstanceEntity[id=a6f7627e-c6c9-11ed-aa5a-de215c025445, name=null]
10:48:11,033 [pool-23-thread-7] DEBUG org.activiti.engine.impl.persistence.entity.JobEntity.selectJobsByExecutionId  - ==&gt;  Preparing: select * from ACT_RU_JOB J where J.EXECUTION_ID_ = ? 
10:48:11,033 [pool-23-thread-1] DEBUG org.activiti.engine.impl.history.DefaultHistoryManager  - Current history level: AUDIT, level required: ACTIVITY
10:48:11,035 [pool-23-thread-7] DEBUG org.activiti.engine.impl.persistence.entity.JobEntity.selectJobsByExecutionId  - ==&gt; Parameters: a6f78991-c6c9-11ed-aa5a-de215c025445(String)
10:48:11,035 [pool-23-thread-6] DEBUG org.activiti.engine.impl.persistence.entity.HistoricTaskInstanceEntity.insertHistoricTaskInstance  - ==&gt;  Preparing: insert into ACT_HI_TASKINST ( ID_, PROC_DEF_ID_, PROC_INST_ID_, EXECUTION_ID_, NAME_, PARENT_TASK_ID_, DESCRIPTION_, OWNER_, ASSIGNEE_, START_TIME_, CLAIM_TIME_, END_TIME_, DURATION_, DELETE_REASON_, TASK_DEF_KEY_, FORM_KEY_, PRIORITY_, DUE_DATE_, CATEGORY_, TENANT_ID_ ) values ( ?, ?, ?, ?, ?, ?, ?, ?, ?, ?, ?, ?, ?, ?, ?, ?, ?, ?, ?, ? ) 
10:48:11,034 [pool-23-thread-8] DEBUG org.activiti.engine.impl.interceptor.LogInterceptor  - --- StartProcessInstanceCmd finished --------------------------------------------------------
10:48:11,035 [pool-23-thread-8] DEBUG org.activiti.engine.impl.interceptor.LogInterceptor  - 

10:48:11,034 [pool-23-thread-5] DEBUG org.activiti.engine.impl.pvm.runtime.AtomicOperationActivityExecute  - ProcessInstance[a6f6c635-c6c9-11ed-aa5a-de215c025445] executes Activity(task2): org.activiti.engine.impl.bpmn.behavior.ManualTaskActivityBehavior
10:48:11,034 [pool-23-thread-10] DEBUG org.apache.ibatis.transaction.jdbc.JdbcTransaction  - Closing JDBC Connection [conn149: url=jdbc:h2:mem:activiti-uuid-generator-test user=SA]
10:48:11,035 [pool-23-thread-10] DEBUG org.apache.ibatis.datasource.pooled.PooledDataSource  - Returned connection 416618450 to pool.
10:48:11,034 [pool-23-thread-2] DEBUG org.activiti.engine.impl.history.DefaultHistoryManager  - Current history level: AUDIT, level required: ACTIVITY
10:48:11,034 [pool-23-thread-9] DEBUG org.activiti.engine.impl.persistence.entity.JobEntity.selectJobsByExecutionId  - &lt;==      Total: 0
10:48:11,034 [pool-23-thread-3] DEBUG org.activiti.engine.impl.history.DefaultHistoryManager  - Current history level: AUDIT, level required: ACTIVITY
10:48:11,034 [pool-23-thread-4] DEBUG org.activiti.engine.impl.persistence.entity.HistoricProcessInstanceEntity.insertHistoricProcessInstance  - &lt;==    Updates: 1
10:48:11,035 [pool-23-thread-3] DEBUG org.activiti.engine.impl.pvm.runtime.AtomicOperationActivityExecute  - ProcessInstance[a6f71457-c6c9-11ed-aa5a-de215c025445] executes Activity(task1): org.activiti.engine.impl.bpmn.behavior.ManualTaskActivityBehavior
10:48:11,035 [pool-23-thread-9] DEBUG org.activiti.engine.impl.bpmn.behavior.BpmnActivityBehavior  - Leaving activity &apos;theStart&apos;
10:48:11,035 [pool-23-thread-2] DEBUG org.activiti.engine.impl.pvm.runtime.AtomicOperationActivityExecute  - ProcessInstance[a6f73b68-c6c9-11ed-aa5a-de215c025445] executes Activity(task1): org.activiti.engine.impl.bpmn.behavior.ManualTaskActivityBehavior
10:48:11,035 [pool-23-thread-2] DEBUG org.activiti.engine.impl.bpmn.behavior.BpmnActivityBehavior  - Leaving activity &apos;task1&apos;
10:48:11,035 [pool-23-thread-10] DEBUG org.activiti.engine.impl.interceptor.LogInterceptor  - --- StartProcessInstanceCmd finished --------------------------------------------------------
10:48:11,035 [pool-23-thread-10] DEBUG org.activiti.engine.impl.interceptor.LogInterceptor  - 

10:48:11,035 [pool-23-thread-5] DEBUG org.activiti.engine.impl.bpmn.behavior.BpmnActivityBehavior  - Leaving activity &apos;task2&apos;
10:48:11,035 [pool-23-thread-5] DEBUG org.activiti.engine.impl.history.DefaultHistoryManager  - Current history level: AUDIT, level required: ACTIVITY
10:48:11,035 [pool-23-thread-8] DEBUG org.activiti.engine.impl.interceptor.LogInterceptor  - 

10:48:11,035 [pool-23-thread-8] DEBUG org.activiti.engine.impl.interceptor.LogInterceptor  - --- starting StartProcessInstanceCmd --------------------------------------------------------
10:48:11,035 [pool-23-thread-6] DEBUG org.activiti.engine.impl.persistence.entity.HistoricTaskInstanceEntity.insertHistoricTaskInstance  - ==&gt; Parameters: a6f7627e-c6c9-11ed-aa5a-de215c025445(String), simpleProcess:1:a6dcaf6e-c6c9-11ed-aa5a-de215c025445(String), a6f65200-c6c9-11ed-aa5a-de215c025445(String), a6f65200-c6c9-11ed-aa5a-de215c025445(String), null, null, null, null, null, 2001-01-01 01:23:46.0(Timestamp), null, null, null, null, task4(String), null, 50(Integer), null, null, (String)
10:48:11,035 [pool-23-thread-7] DEBUG org.activiti.engine.impl.persistence.entity.JobEntity.selectJobsByExecutionId  - &lt;==      Total: 0
10:48:11,036 [pool-23-thread-7] DEBUG org.activiti.engine.impl.bpmn.behavior.BpmnActivityBehavior  - Leaving activity &apos;theStart&apos;
10:48:11,035 [pool-23-thread-1] DEBUG org.activiti.engine.impl.pvm.runtime.AtomicOperationActivityExecute  - ProcessInstance[a6f62aec-c6c9-11ed-aa5a-de215c025445] executes Activity(task1): org.activiti.engine.impl.bpmn.behavior.ManualTaskActivityBehavior
10:48:11,036 [pool-23-thread-7] DEBUG org.activiti.engine.impl.history.DefaultHistoryManager  - Current history level: AUDIT, level required: ACTIVITY
10:48:11,036 [pool-23-thread-6] DEBUG org.activiti.engine.impl.persistence.entity.HistoricTaskInstanceEntity.insertHistoricTaskInstance  - &lt;==    Updates: 1
10:48:11,036 [pool-23-thread-6] DEBUG org.activiti.engine.impl.db.DbSqlSession  - inserting: HistoricProcessInstanceEntity[superProcessInstanceId=null]
10:48:11,036 [pool-23-thread-8] DEBUG org.apache.ibatis.transaction.jdbc.JdbcTransaction  - Opening JDBC Connection
10:48:11,036 [pool-23-thread-8] DEBUG org.apache.ibatis.datasource.pooled.PooledDataSource  - Checked out connection 88071124 from pool.
10:48:11,035 [pool-23-thread-5] DEBUG org.activiti.engine.impl.pvm.runtime.AtomicOperationTransitionNotifyListenerTake  - ProcessInstance[a6f6c635-c6c9-11ed-aa5a-de215c025445] takes transition (task2)--flow3--&gt;(task3)
10:48:11,035 [pool-23-thread-4] DEBUG org.activiti.engine.impl.persistence.entity.HistoricActivityInstanceEntity.bulkInsertHistoricActivityInstance  - ==&gt;  Preparing: insert into ACT_HI_ACTINST ( ID_, PROC_DEF_ID_, PROC_INST_ID_, EXECUTION_ID_, ACT_ID_, TASK_ID_, CALL_PROC_INST_ID_, ACT_NAME_, ACT_TYPE_, ASSIGNEE_, START_TIME_, END_TIME_, DURATION_, TENANT_ID_ ) values (?, ?, ?, ?, ?, ?, ?, ?, ?, ?, ?, ?, ?, ?) , (?, ?, ?, ?, ?, ?, ?, ?, ?, ?, ?, ?, ?, ?) , (?, ?, ?, ?, ?, ?, ?, ?, ?, ?, ?, ?, ?, ?) , (?, ?, ?, ?, ?, ?, ?, ?, ?, ?, ?, ?, ?, ?) , (?, ?, ?, ?, ?, ?, ?, ?, ?, ?, ?, ?, ?, ?) 
10:48:11,035 [pool-23-thread-10] DEBUG org.activiti.engine.impl.interceptor.LogInterceptor  - 

10:48:11,036 [pool-23-thread-10] DEBUG org.activiti.engine.impl.interceptor.LogInterceptor  - --- starting StartProcessInstanceCmd --------------------------------------------------------
10:48:11,035 [pool-23-thread-2] DEBUG org.activiti.engine.impl.history.DefaultHistoryManager  - Current history level: AUDIT, level required: ACTIVITY
10:48:11,036 [pool-23-thread-4] DEBUG org.activiti.engine.impl.persistence.entity.HistoricActivityInstanceEntity.bulkInsertHistoricActivityInstance  - ==&gt; Parameters: a6ef25e3-c6c9-11ed-aa5a-de215c025445(String), simpleProcess:1:a6dcaf6e-c6c9-11ed-aa5a-de215c025445(String), a6ef25e2-c6c9-11ed-aa5a-de215c025445(String), a6ef25e2-c6c9-11ed-aa5a-de215c025445(String), theStart(String), null, null, null, startEvent(String), null, 2001-01-01 01:23:46.0(Timestamp), 2001-01-01 01:23:46.0(Timestamp), 0(Long), (String), a6f05e71-c6c9-11ed-aa5a-de215c025445(String), simpleProcess:1:a6dcaf6e-c6c9-11ed-aa5a-de215c025445(String), a6ef25e2-c6c9-11ed-aa5a-de215c025445(String), a6ef25e2-c6c9-11ed-aa5a-de215c025445(String), task1(String), null, null, null, manualTask(String), null, 2001-01-01 01:23:46.0(Timestamp), 2001-01-01 01:23:46.0(Timestamp), 0(Long), (String), a6f47d28-c6c9-11ed-aa5a-de215c025445(String), simpleProcess:1:a6dcaf6e-c6c9-11ed-aa5a-de215c025445(String), a6ef25e2-c6c9-11ed-aa5a-de215c025445(String), a6ef25e2-c6c9-11ed-aa5a-de215c025445(String), task2(String), null, null, null, manualTask(String), null, 2001-01-01 01:23:46.0(Timestamp), 2001-01-01 01:23:46.0(Timestamp), 0(Long), (String), a6f58ea6-c6c9-11ed-aa5a-de215c025445(String), simpleProcess:1:a6dcaf6e-c6c9-11ed-aa5a-de215c025445(String), a6ef25e2-c6c9-11ed-aa5a-de215c025445(String), a6ef25e2-c6c9-11ed-aa5a-de215c025445(String), task3(String), null, null, null, manualTask(String), null, 2001-01-01 01:23:46.0(Timestamp), 2001-01-01 01:23:46.0(Timestamp), 0(Long), (String), a6f62aed-c6c9-11ed-aa5a-de215c025445(String), simpleProcess:1:a6dcaf6e-c6c9-11ed-aa5a-de215c025445(String), a6ef25e2-c6c9-11ed-aa5a-de215c025445(String), a6ef25e2-c6c9-11ed-aa5a-de215c025445(String), task4(String), a6f67813-c6c9-11ed-aa5a-de215c025445(String), null, null, userTask(String), null, 2001-01-01 01:23:46.0(Timestamp), null, null, (String)
10:48:11,035 [pool-23-thread-9] DEBUG org.activiti.engine.impl.history.DefaultHistoryManager  - Current history level: AUDIT, level required: ACTIVITY
10:48:11,036 [pool-23-thread-4] DEBUG org.activiti.engine.impl.persistence.entity.HistoricActivityInstanceEntity.bulkInsertHistoricActivityInstance  - &lt;==    Updates: 5
10:48:11,035 [pool-23-thread-3] DEBUG org.activiti.engine.impl.bpmn.behavior.BpmnActivityBehavior  - Leaving activity &apos;task1&apos;
10:48:11,036 [pool-23-thread-4] DEBUG org.activiti.engine.impl.db.DbSqlSession  - inserting: ProcessInstance[a6ef25e2-c6c9-11ed-aa5a-de215c025445]
10:48:11,036 [pool-23-thread-9] DEBUG org.activiti.engine.impl.pvm.runtime.AtomicOperationTransitionNotifyListenerTake  - ProcessInstance[a6f7898f-c6c9-11ed-aa5a-de215c025445] takes transition (theStart)--flow1--&gt;(task1)
10:48:11,036 [pool-23-thread-2] DEBUG org.activiti.engine.impl.pvm.runtime.AtomicOperationTransitionNotifyListenerTake  - ProcessInstance[a6f73b68-c6c9-11ed-aa5a-de215c025445] takes transition (task1)--flow2--&gt;(task2)
10:48:11,036 [pool-23-thread-2] DEBUG org.activiti.engine.impl.history.DefaultHistoryManager  - Current history level: AUDIT, level required: ACTIVITY
10:48:11,036 [pool-23-thread-10] DEBUG org.apache.ibatis.transaction.jdbc.JdbcTransaction  - Opening JDBC Connection
10:48:11,036 [pool-23-thread-10] DEBUG org.apache.ibatis.datasource.pooled.PooledDataSource  - Checked out connection 416618450 from pool.
10:48:11,036 [pool-23-thread-10] DEBUG org.apache.ibatis.transaction.jdbc.JdbcTransaction  - Setting autocommit to false on JDBC Connection [conn149: url=jdbc:h2:mem:activiti-uuid-generator-test user=SA]
10:48:11,036 [pool-23-thread-5] DEBUG org.activiti.engine.impl.history.DefaultHistoryManager  - Current history level: AUDIT, level required: ACTIVITY
10:48:11,036 [pool-23-thread-8] DEBUG org.apache.ibatis.transaction.jdbc.JdbcTransaction  - Setting autocommit to false on JDBC Connection [conn146: url=jdbc:h2:mem:activiti-uuid-generator-test user=SA]
10:48:11,036 [pool-23-thread-6] DEBUG org.activiti.engine.impl.persistence.entity.HistoricProcessInstanceEntity.insertHistoricProcessInstance  - ==&gt;  Preparing: insert into ACT_HI_PROCINST ( ID_, PROC_INST_ID_, BUSINESS_KEY_, PROC_DEF_ID_, START_TIME_, END_TIME_, DURATION_, START_USER_ID_, START_ACT_ID_, END_ACT_ID_, SUPER_PROCESS_INSTANCE_ID_, DELETE_REASON_, TENANT_ID_, NAME_ ) values ( ?, ?, ?, ?, ?, ?, ?, ?, ?, ?, ?, ?, ?, ? ) 
10:48:11,036 [pool-23-thread-7] DEBUG org.activiti.engine.impl.pvm.runtime.AtomicOperationTransitionNotifyListenerTake  - ProcessInstance[a6f78991-c6c9-11ed-aa5a-de215c025445] takes transition (theStart)--flow1--&gt;(task1)
10:48:11,036 [pool-23-thread-1] DEBUG org.activiti.engine.impl.bpmn.behavior.BpmnActivityBehavior  - Leaving activity &apos;task1&apos;
10:48:11,037 [pool-23-thread-7] DEBUG org.activiti.engine.impl.history.DefaultHistoryManager  - Current history level: AUDIT, level required: ACTIVITY
10:48:11,037 [pool-23-thread-6] DEBUG org.activiti.engine.impl.persistence.entity.HistoricProcessInstanceEntity.insertHistoricProcessInstance  - ==&gt; Parameters: a6f65200-c6c9-11ed-aa5a-de215c025445(String), a6f65200-c6c9-11ed-aa5a-de215c025445(String), null, simpleProcess:1:a6dcaf6e-c6c9-11ed-aa5a-de215c025445(String), 2001-01-01 01:23:46.0(Timestamp), null, null, null, theStart(String), null, null, null, (String), null
10:48:11,036 [pool-23-thread-8] DEBUG org.activiti.engine.impl.persistence.entity.ProcessDefinitionEntity.selectLatestProcessDefinitionByKey  - ==&gt;  Preparing: select * from ACT_RE_PROCDEF where KEY_ = ? and (TENANT_ID_ = &apos;&apos; or TENANT_ID_ is null) and VERSION_ = (select max(VERSION_) from ACT_RE_PROCDEF where KEY_ = ? and (TENANT_ID_ = &apos;&apos; or TENANT_ID_ is null)) 
10:48:11,036 [pool-23-thread-5] DEBUG org.activiti.engine.impl.pvm.runtime.AtomicOperationActivityExecute  - ProcessInstance[a6f6c635-c6c9-11ed-aa5a-de215c025445] executes Activity(task3): org.activiti.engine.impl.bpmn.behavior.ManualTaskActivityBehavior
10:48:11,037 [pool-23-thread-5] DEBUG org.activiti.engine.impl.bpmn.behavior.BpmnActivityBehavior  - Leaving activity &apos;task3&apos;
10:48:11,036 [pool-23-thread-10] DEBUG org.activiti.engine.impl.persistence.entity.ProcessDefinitionEntity.selectLatestProcessDefinitionByKey  - ==&gt;  Preparing: select * from ACT_RE_PROCDEF where KEY_ = ? and (TENANT_ID_ = &apos;&apos; or TENANT_ID_ is null) and VERSION_ = (select max(VERSION_) from ACT_RE_PROCDEF where KEY_ = ? and (TENANT_ID_ = &apos;&apos; or TENANT_ID_ is null)) 
10:48:11,036 [pool-23-thread-2] DEBUG org.activiti.engine.impl.pvm.runtime.AtomicOperationActivityExecute  - ProcessInstance[a6f73b68-c6c9-11ed-aa5a-de215c025445] executes Activity(task2): org.activiti.engine.impl.bpmn.behavior.ManualTaskActivityBehavior
10:48:11,037 [pool-23-thread-2] DEBUG org.activiti.engine.impl.bpmn.behavior.BpmnActivityBehavior  - Leaving activity &apos;task2&apos;
10:48:11,037 [pool-23-thread-2] DEBUG org.activiti.engine.impl.history.DefaultHistoryManager  - Current history level: AUDIT, level required: ACTIVITY
10:48:11,036 [pool-23-thread-9] DEBUG org.activiti.engine.impl.history.DefaultHistoryManager  - Current history level: AUDIT, level required: ACTIVITY
10:48:11,037 [pool-23-thread-9] DEBUG org.activiti.engine.impl.pvm.runtime.AtomicOperationActivityExecute  - ProcessInstance[a6f7898f-c6c9-11ed-aa5a-de215c025445] executes Activity(task1): org.activiti.engine.impl.bpmn.behavior.ManualTaskActivityBehavior
10:48:11,036 [pool-23-thread-4] DEBUG org.activiti.engine.impl.persistence.entity.ExecutionEntity.insertExecution  - ==&gt;  Preparing: insert into ACT_RU_EXECUTION (ID_, REV_, PROC_INST_ID_, BUSINESS_KEY_, PROC_DEF_ID_, ACT_ID_, IS_ACTIVE_, IS_CONCURRENT_, IS_SCOPE_,IS_EVENT_SCOPE_, PARENT_ID_, SUPER_EXEC_, SUSPENSION_STATE_, CACHED_ENT_STATE_, TENANT_ID_, NAME_) values ( ?, 1, ?, ?, ?, ?, ?, ?, ?, ?, ?, ?, ?, ?, ?, ? ) 
10:48:11,036 [pool-23-thread-3] DEBUG org.activiti.engine.impl.history.DefaultHistoryManager  - Current history level: AUDIT, level required: ACTIVITY
10:48:11,037 [pool-23-thread-4] DEBUG org.activiti.engine.impl.persistence.entity.ExecutionEntity.insertExecution  - ==&gt; Parameters: a6ef25e2-c6c9-11ed-aa5a-de215c025445(String), a6ef25e2-c6c9-11ed-aa5a-de215c025445(String), null, simpleProcess:1:a6dcaf6e-c6c9-11ed-aa5a-de215c025445(String), task4(String), true(Boolean), false(Boolean), true(Boolean), false(Boolean), null, null, 1(Integer), 2(Integer), (String), null
10:48:11,037 [pool-23-thread-9] DEBUG org.activiti.engine.impl.bpmn.behavior.BpmnActivityBehavior  - Leaving activity &apos;task1&apos;
10:48:11,037 [pool-23-thread-9] DEBUG org.activiti.engine.impl.history.DefaultHistoryManager  - Current history level: AUDIT, level required: ACTIVITY
10:48:11,037 [pool-23-thread-9] DEBUG org.activiti.engine.impl.pvm.runtime.AtomicOperationTransitionNotifyListenerTake  - ProcessInstance[a6f7898f-c6c9-11ed-aa5a-de215c025445] takes transition (task1)--flow2--&gt;(task2)
10:48:11,037 [pool-23-thread-2] DEBUG org.activiti.engine.impl.pvm.runtime.AtomicOperationTransitionNotifyListenerTake  - ProcessInstance[a6f73b68-c6c9-11ed-aa5a-de215c025445] takes transition (task2)--flow3--&gt;(task3)
10:48:11,037 [pool-23-thread-10] DEBUG org.activiti.engine.impl.persistence.entity.ProcessDefinitionEntity.selectLatestProcessDefinitionByKey  - ==&gt; Parameters: simpleProcess(String), simpleProcess(String)
10:48:11,037 [pool-23-thread-5] DEBUG org.activiti.engine.impl.history.DefaultHistoryManager  - Current history level: AUDIT, level required: ACTIVITY
10:48:11,037 [pool-23-thread-10] DEBUG org.activiti.engine.impl.persistence.entity.ProcessDefinitionEntity.selectLatestProcessDefinitionByKey  - &lt;==      Total: 1
10:48:11,037 [pool-23-thread-8] DEBUG org.activiti.engine.impl.persistence.entity.ProcessDefinitionEntity.selectLatestProcessDefinitionByKey  - ==&gt; Parameters: simpleProcess(String), simpleProcess(String)
10:48:11,037 [pool-23-thread-6] DEBUG org.activiti.engine.impl.persistence.entity.HistoricProcessInstanceEntity.insertHistoricProcessInstance  - &lt;==    Updates: 1
10:48:11,038 [pool-23-thread-8] DEBUG org.activiti.engine.impl.persistence.entity.ProcessDefinitionEntity.selectLatestProcessDefinitionByKey  - &lt;==      Total: 1
10:48:11,037 [pool-23-thread-7] DEBUG org.activiti.engine.impl.pvm.runtime.AtomicOperationActivityExecute  - ProcessInstance[a6f78991-c6c9-11ed-aa5a-de215c025445] executes Activity(task1): org.activiti.engine.impl.bpmn.behavior.ManualTaskActivityBehavior
10:48:11,037 [pool-23-thread-1] DEBUG org.activiti.engine.impl.history.DefaultHistoryManager  - Current history level: AUDIT, level required: ACTIVITY
10:48:11,038 [pool-23-thread-7] DEBUG org.activiti.engine.impl.bpmn.behavior.BpmnActivityBehavior  - Leaving activity &apos;task1&apos;
10:48:11,038 [pool-23-thread-8] DEBUG org.activiti.engine.impl.persistence.entity.ExecutionEntity  - initializing ProcessInstance[a6f873fd-c6c9-11ed-aa5a-de215c025445]
10:48:11,037 [pool-23-thread-10] DEBUG org.activiti.engine.impl.persistence.entity.ExecutionEntity  - initializing ProcessInstance[a6f84cec-c6c9-11ed-aa5a-de215c025445]
10:48:11,037 [pool-23-thread-5] DEBUG org.activiti.engine.impl.pvm.runtime.AtomicOperationTransitionNotifyListenerTake  - ProcessInstance[a6f6c635-c6c9-11ed-aa5a-de215c025445] takes transition (task3)--flow4--&gt;(task4)
10:48:11,037 [pool-23-thread-2] DEBUG org.activiti.engine.impl.history.DefaultHistoryManager  - Current history level: AUDIT, level required: ACTIVITY
10:48:11,037 [pool-23-thread-9] DEBUG org.activiti.engine.impl.history.DefaultHistoryManager  - Current history level: AUDIT, level required: ACTIVITY
10:48:11,037 [pool-23-thread-4] DEBUG org.activiti.engine.impl.persistence.entity.ExecutionEntity.insertExecution  - &lt;==    Updates: 1
10:48:11,038 [pool-23-thread-4] DEBUG org.activiti.engine.impl.db.DbSqlSession  - inserting: Task[id=a6f67813-c6c9-11ed-aa5a-de215c025445, name=null]
10:48:11,037 [pool-23-thread-3] DEBUG org.activiti.engine.impl.pvm.runtime.AtomicOperationTransitionNotifyListenerTake  - ProcessInstance[a6f71457-c6c9-11ed-aa5a-de215c025445] takes transition (task1)--flow2--&gt;(task2)
10:48:11,038 [pool-23-thread-4] DEBUG org.activiti.engine.impl.persistence.entity.TaskEntity.insertTask  - ==&gt;  Preparing: insert into ACT_RU_TASK (ID_, REV_, NAME_, PARENT_TASK_ID_, DESCRIPTION_, PRIORITY_, CREATE_TIME_, OWNER_, ASSIGNEE_, DELEGATION_, EXECUTION_ID_, PROC_INST_ID_, PROC_DEF_ID_, TASK_DEF_KEY_, DUE_DATE_, CATEGORY_, SUSPENSION_STATE_, TENANT_ID_, FORM_KEY_) values (?, 1, ?, ?, ?, ?, ?, ?, ?, ?, ?, ?, ?, ?, ?, ?, ?, ?, ? ) 
10:48:11,038 [pool-23-thread-9] DEBUG org.activiti.engine.impl.pvm.runtime.AtomicOperationActivityExecute  - ProcessInstance[a6f7898f-c6c9-11ed-aa5a-de215c025445] executes Activity(task2): org.activiti.engine.impl.bpmn.behavior.ManualTaskActivityBehavior
10:48:11,038 [pool-23-thread-2] DEBUG org.activiti.engine.impl.pvm.runtime.AtomicOperationActivityExecute  - ProcessInstance[a6f73b68-c6c9-11ed-aa5a-de215c025445] executes Activity(task3): org.activiti.engine.impl.bpmn.behavior.ManualTaskActivityBehavior
10:48:11,038 [pool-23-thread-5] DEBUG org.activiti.engine.impl.history.DefaultHistoryManager  - Current history level: AUDIT, level required: ACTIVITY
10:48:11,038 [pool-23-thread-10] DEBUG org.activiti.engine.impl.history.DefaultHistoryManager  - Current history level: AUDIT, level required: ACTIVITY
10:48:11,038 [pool-23-thread-6] DEBUG org.activiti.engine.impl.persistence.entity.HistoricActivityInstanceEntity.bulkInsertHistoricActivityInstance  - ==&gt;  Preparing: insert into ACT_HI_ACTINST ( ID_, PROC_DEF_ID_, PROC_INST_ID_, EXECUTION_ID_, ACT_ID_, TASK_ID_, CALL_PROC_INST_ID_, ACT_NAME_, ACT_TYPE_, ASSIGNEE_, START_TIME_, END_TIME_, DURATION_, TENANT_ID_ ) values (?, ?, ?, ?, ?, ?, ?, ?, ?, ?, ?, ?, ?, ?) , (?, ?, ?, ?, ?, ?, ?, ?, ?, ?, ?, ?, ?, ?) , (?, ?, ?, ?, ?, ?, ?, ?, ?, ?, ?, ?, ?, ?) , (?, ?, ?, ?, ?, ?, ?, ?, ?, ?, ?, ?, ?, ?) , (?, ?, ?, ?, ?, ?, ?, ?, ?, ?, ?, ?, ?, ?) 
10:48:11,038 [pool-23-thread-8] DEBUG org.activiti.engine.impl.history.DefaultHistoryManager  - Current history level: AUDIT, level required: ACTIVITY
10:48:11,038 [pool-23-thread-7] DEBUG org.activiti.engine.impl.history.DefaultHistoryManager  - Current history level: AUDIT, level required: ACTIVITY
10:48:11,038 [pool-23-thread-1] DEBUG org.activiti.engine.impl.pvm.runtime.AtomicOperationTransitionNotifyListenerTake  - ProcessInstance[a6f62aec-c6c9-11ed-aa5a-de215c025445] takes transition (task1)--flow2--&gt;(task2)
10:48:11,038 [pool-23-thread-6] DEBUG org.activiti.engine.impl.persistence.entity.HistoricActivityInstanceEntity.bulkInsertHistoricActivityInstance  - ==&gt; Parameters: a6f65201-c6c9-11ed-aa5a-de215c025445(String), simpleProcess:1:a6dcaf6e-c6c9-11ed-aa5a-de215c025445(String), a6f65200-c6c9-11ed-aa5a-de215c025445(String), a6f65200-c6c9-11ed-aa5a-de215c025445(String), theStart(String), null, null, null, startEvent(String), null, 2001-01-01 01:23:46.0(Timestamp), 2001-01-01 01:23:46.0(Timestamp), 0(Long), (String), a6f6c634-c6c9-11ed-aa5a-de215c025445(String), simpleProcess:1:a6dcaf6e-c6c9-11ed-aa5a-de215c025445(String), a6f65200-c6c9-11ed-aa5a-de215c025445(String), a6f65200-c6c9-11ed-aa5a-de215c025445(String), task1(String), null, null, null, manualTask(String), null, 2001-01-01 01:23:46.0(Timestamp), 2001-01-01 01:23:46.0(Timestamp), 0(Long), (String), a6f73b69-c6c9-11ed-aa5a-de215c025445(String), simpleProcess:1:a6dcaf6e-c6c9-11ed-aa5a-de215c025445(String), a6f65200-c6c9-11ed-aa5a-de215c025445(String), a6f65200-c6c9-11ed-aa5a-de215c025445(String), task2(String), null, null, null, manualTask(String), null, 2001-01-01 01:23:46.0(Timestamp), 2001-01-01 01:23:46.0(Timestamp), 0(Long), (String), a6f73b6a-c6c9-11ed-aa5a-de215c025445(String), simpleProcess:1:a6dcaf6e-c6c9-11ed-aa5a-de215c025445(String), a6f65200-c6c9-11ed-aa5a-de215c025445(String), a6f65200-c6c9-11ed-aa5a-de215c025445(String), task3(String), null, null, null, manualTask(String), null, 2001-01-01 01:23:46.0(Timestamp), 2001-01-01 01:23:46.0(Timestamp), 0(Long), (String), a6f7627d-c6c9-11ed-aa5a-de215c025445(String), simpleProcess:1:a6dcaf6e-c6c9-11ed-aa5a-de215c025445(String), a6f65200-c6c9-11ed-aa5a-de215c025445(String), a6f65200-c6c9-11ed-aa5a-de215c025445(String), task4(String), a6f7627e-c6c9-11ed-aa5a-de215c025445(String), null, null, userTask(String), null, 2001-01-01 01:23:46.0(Timestamp), null, null, (String)
10:48:11,038 [pool-23-thread-7] DEBUG org.activiti.engine.impl.pvm.runtime.AtomicOperationTransitionNotifyListenerTake  - ProcessInstance[a6f78991-c6c9-11ed-aa5a-de215c025445] takes transition (task1)--flow2--&gt;(task2)
10:48:11,038 [pool-23-thread-8] DEBUG org.activiti.engine.impl.pvm.runtime.AtomicOperationActivityExecute  - ProcessInstance[a6f873fd-c6c9-11ed-aa5a-de215c025445] executes Activity(theStart): org.activiti.engine.impl.bpmn.behavior.NoneStartEventActivityBehavior
10:48:11,038 [pool-23-thread-10] DEBUG org.activiti.engine.impl.pvm.runtime.AtomicOperationActivityExecute  - ProcessInstance[a6f84cec-c6c9-11ed-aa5a-de215c025445] executes Activity(theStart): org.activiti.engine.impl.bpmn.behavior.NoneStartEventActivityBehavior
10:48:11,039 [pool-23-thread-10] DEBUG org.activiti.engine.impl.persistence.entity.JobEntity.selectJobsByExecutionId  - ==&gt;  Preparing: select * from ACT_RU_JOB J where J.EXECUTION_ID_ = ? 
10:48:11,038 [pool-23-thread-5] DEBUG org.activiti.engine.impl.pvm.runtime.AtomicOperationActivityExecute  - ProcessInstance[a6f6c635-c6c9-11ed-aa5a-de215c025445] executes Activity(task4): org.activiti.engine.impl.bpmn.behavior.UserTaskActivityBehavior
10:48:11,038 [pool-23-thread-2] DEBUG org.activiti.engine.impl.bpmn.behavior.BpmnActivityBehavior  - Leaving activity &apos;task3&apos;
10:48:11,038 [pool-23-thread-9] DEBUG org.activiti.engine.impl.bpmn.behavior.BpmnActivityBehavior  - Leaving activity &apos;task2&apos;
10:48:11,038 [pool-23-thread-4] DEBUG org.activiti.engine.impl.persistence.entity.TaskEntity.insertTask  - ==&gt; Parameters: a6f67813-c6c9-11ed-aa5a-de215c025445(String), null, null, null, 50(Integer), 2001-01-01 01:23:46.0(Timestamp), null, null, null, a6ef25e2-c6c9-11ed-aa5a-de215c025445(String), a6ef25e2-c6c9-11ed-aa5a-de215c025445(String), simpleProcess:1:a6dcaf6e-c6c9-11ed-aa5a-de215c025445(String), task4(String), null, null, 1(Integer), (String), null
10:48:11,038 [pool-23-thread-3] DEBUG org.activiti.engine.impl.history.DefaultHistoryManager  - Current history level: AUDIT, level required: ACTIVITY
10:48:11,039 [pool-23-thread-4] DEBUG org.activiti.engine.impl.persistence.entity.TaskEntity.insertTask  - &lt;==    Updates: 1
10:48:11,039 [pool-23-thread-9] DEBUG org.activiti.engine.impl.history.DefaultHistoryManager  - Current history level: AUDIT, level required: ACTIVITY
10:48:11,039 [pool-23-thread-2] DEBUG org.activiti.engine.impl.history.DefaultHistoryManager  - Current history level: AUDIT, level required: ACTIVITY
10:48:11,039 [pool-23-thread-5] DEBUG org.activiti.engine.impl.persistence.entity.TaskEntity.selectTasksByExecutionId  - ==&gt;  Preparing: select distinct T.* from ACT_RU_TASK T where T.EXECUTION_ID_ = ? 
10:48:11,039 [pool-23-thread-10] DEBUG org.activiti.engine.impl.persistence.entity.JobEntity.selectJobsByExecutionId  - ==&gt; Parameters: a6f84cec-c6c9-11ed-aa5a-de215c025445(String)
10:48:11,039 [pool-23-thread-8] DEBUG org.activiti.engine.impl.persistence.entity.JobEntity.selectJobsByExecutionId  - ==&gt;  Preparing: select * from ACT_RU_JOB J where J.EXECUTION_ID_ = ? 
10:48:11,039 [pool-23-thread-7] DEBUG org.activiti.engine.impl.history.DefaultHistoryManager  - Current history level: AUDIT, level required: ACTIVITY
10:48:11,039 [pool-23-thread-6] DEBUG org.activiti.engine.impl.persistence.entity.HistoricActivityInstanceEntity.bulkInsertHistoricActivityInstance  - &lt;==    Updates: 5
10:48:11,039 [pool-23-thread-6] DEBUG org.activiti.engine.impl.db.DbSqlSession  - inserting: ProcessInstance[a6f65200-c6c9-11ed-aa5a-de215c025445]
10:48:11,038 [pool-23-thread-1] DEBUG org.activiti.engine.impl.history.DefaultHistoryManager  - Current history level: AUDIT, level required: ACTIVITY
10:48:11,039 [pool-23-thread-6] DEBUG org.activiti.engine.impl.persistence.entity.ExecutionEntity.insertExecution  - ==&gt;  Preparing: insert into ACT_RU_EXECUTION (ID_, REV_, PROC_INST_ID_, BUSINESS_KEY_, PROC_DEF_ID_, ACT_ID_, IS_ACTIVE_, IS_CONCURRENT_, IS_SCOPE_,IS_EVENT_SCOPE_, PARENT_ID_, SUPER_EXEC_, SUSPENSION_STATE_, CACHED_ENT_STATE_, TENANT_ID_, NAME_) values ( ?, 1, ?, ?, ?, ?, ?, ?, ?, ?, ?, ?, ?, ?, ?, ? ) 
10:48:11,039 [pool-23-thread-7] DEBUG org.activiti.engine.impl.pvm.runtime.AtomicOperationActivityExecute  - ProcessInstance[a6f78991-c6c9-11ed-aa5a-de215c025445] executes Activity(task2): org.activiti.engine.impl.bpmn.behavior.ManualTaskActivityBehavior
10:48:11,039 [pool-23-thread-7] DEBUG org.activiti.engine.impl.bpmn.behavior.BpmnActivityBehavior  - Leaving activity &apos;task2&apos;
10:48:11,039 [pool-23-thread-8] DEBUG org.activiti.engine.impl.persistence.entity.JobEntity.selectJobsByExecutionId  - ==&gt; Parameters: a6f873fd-c6c9-11ed-aa5a-de215c025445(String)
10:48:11,039 [pool-23-thread-10] DEBUG org.activiti.engine.impl.persistence.entity.JobEntity.selectJobsByExecutionId  - &lt;==      Total: 0
10:48:11,039 [pool-23-thread-10] DEBUG org.activiti.engine.impl.bpmn.behavior.BpmnActivityBehavior  - Leaving activity &apos;theStart&apos;
10:48:11,040 [pool-23-thread-10] DEBUG org.activiti.engine.impl.history.DefaultHistoryManager  - Current history level: AUDIT, level required: ACTIVITY
10:48:11,039 [pool-23-thread-5] DEBUG org.activiti.engine.impl.persistence.entity.TaskEntity.selectTasksByExecutionId  - ==&gt; Parameters: a6f6c635-c6c9-11ed-aa5a-de215c025445(String)
10:48:11,039 [pool-23-thread-2] DEBUG org.activiti.engine.impl.pvm.runtime.AtomicOperationTransitionNotifyListenerTake  - ProcessInstance[a6f73b68-c6c9-11ed-aa5a-de215c025445] takes transition (task3)--flow4--&gt;(task4)
10:48:11,039 [pool-23-thread-9] DEBUG org.activiti.engine.impl.pvm.runtime.AtomicOperationTransitionNotifyListenerTake  - ProcessInstance[a6f7898f-c6c9-11ed-aa5a-de215c025445] takes transition (task2)--flow3--&gt;(task3)
10:48:11,039 [pool-23-thread-4] DEBUG org.activiti.engine.impl.cfg.standalone.StandaloneMybatisTransactionContext  - firing event committing...
10:48:11,040 [pool-23-thread-4] DEBUG org.activiti.engine.impl.cfg.standalone.StandaloneMybatisTransactionContext  - committing the ibatis sql session...
10:48:11,039 [pool-23-thread-3] DEBUG org.activiti.engine.impl.pvm.runtime.AtomicOperationActivityExecute  - ProcessInstance[a6f71457-c6c9-11ed-aa5a-de215c025445] executes Activity(task2): org.activiti.engine.impl.bpmn.behavior.ManualTaskActivityBehavior
10:48:11,040 [pool-23-thread-4] DEBUG org.apache.ibatis.transaction.jdbc.JdbcTransaction  - Committing JDBC Connection [conn154: url=jdbc:h2:mem:activiti-uuid-generator-test user=SA]
10:48:11,040 [pool-23-thread-9] DEBUG org.activiti.engine.impl.history.DefaultHistoryManager  - Current history level: AUDIT, level required: ACTIVITY
10:48:11,040 [pool-23-thread-4] DEBUG org.activiti.engine.impl.cfg.standalone.StandaloneMybatisTransactionContext  - firing event committed...
10:48:11,040 [pool-23-thread-4] DEBUG org.apache.ibatis.transaction.jdbc.JdbcTransaction  - Resetting autocommit to true on JDBC Connection [conn154: url=jdbc:h2:mem:activiti-uuid-generator-test user=SA]
10:48:11,040 [pool-23-thread-2] DEBUG org.activiti.engine.impl.history.DefaultHistoryManager  - Current history level: AUDIT, level required: ACTIVITY
10:48:11,040 [pool-23-thread-5] DEBUG org.activiti.engine.impl.persistence.entity.TaskEntity.selectTasksByExecutionId  - &lt;==      Total: 0
10:48:11,040 [pool-23-thread-5] DEBUG org.activiti.engine.impl.history.DefaultHistoryManager  - Current history level: AUDIT, level required: AUDIT
10:48:11,040 [Thread-103] DEBUG org.activiti.engine.impl.asyncexecutor.AcquireAsyncJobsDueRunnable  - async job acquisition thread woke up
10:48:11,040 [Thread-102] DEBUG org.activiti.engine.impl.asyncexecutor.AcquireTimerJobsRunnable  - timer job acquisition thread woke up
10:48:11,040 [Thread-102] DEBUG org.activiti.engine.impl.interceptor.LogInterceptor  - 

10:48:11,040 [Thread-102] DEBUG org.activiti.engine.impl.interceptor.LogInterceptor  - --- starting AcquireTimerJobsCmd --------------------------------------------------------
10:48:11,040 [Thread-105] DEBUG org.activiti.engine.impl.asyncexecutor.AcquireTimerJobsRunnable  - timer job acquisition thread woke up
10:48:11,040 [Thread-105] DEBUG org.activiti.engine.impl.interceptor.LogInterceptor  - 

10:48:11,040 [Thread-105] DEBUG org.activiti.engine.impl.interceptor.LogInterceptor  - --- starting AcquireTimerJobsCmd --------------------------------------------------------
10:48:11,040 [Thread-111] DEBUG org.activiti.engine.impl.asyncexecutor.AcquireTimerJobsRunnable  - timer job acquisition thread woke up
10:48:11,040 [Thread-111] DEBUG org.activiti.engine.impl.interceptor.LogInterceptor  - 

10:48:11,041 [Thread-111] DEBUG org.activiti.engine.impl.interceptor.LogInterceptor  - --- starting AcquireTimerJobsCmd --------------------------------------------------------
10:48:11,040 [Thread-112] DEBUG org.activiti.engine.impl.asyncexecutor.AcquireAsyncJobsDueRunnable  - async job acquisition thread woke up
10:48:11,041 [Thread-112] DEBUG org.activiti.engine.impl.interceptor.LogInterceptor  - 

10:48:11,041 [Thread-112] DEBUG org.activiti.engine.impl.interceptor.LogInterceptor  - --- starting AcquireAsyncJobsDueCmd --------------------------------------------------------
10:48:11,040 [pool-23-thread-10] DEBUG org.activiti.engine.impl.pvm.runtime.AtomicOperationTransitionNotifyListenerTake  - ProcessInstance[a6f84cec-c6c9-11ed-aa5a-de215c025445] takes transition (theStart)--flow1--&gt;(task1)
10:48:11,039 [pool-23-thread-8] DEBUG org.activiti.engine.impl.persistence.entity.JobEntity.selectJobsByExecutionId  - &lt;==      Total: 0
10:48:11,039 [pool-23-thread-7] DEBUG org.activiti.engine.impl.history.DefaultHistoryManager  - Current history level: AUDIT, level required: ACTIVITY
10:48:11,039 [pool-23-thread-6] DEBUG org.activiti.engine.impl.persistence.entity.ExecutionEntity.insertExecution  - ==&gt; Parameters: a6f65200-c6c9-11ed-aa5a-de215c025445(String), a6f65200-c6c9-11ed-aa5a-de215c025445(String), null, simpleProcess:1:a6dcaf6e-c6c9-11ed-aa5a-de215c025445(String), task4(String), true(Boolean), false(Boolean), true(Boolean), false(Boolean), null, null, 1(Integer), 2(Integer), (String), null
10:48:11,039 [pool-23-thread-1] DEBUG org.activiti.engine.impl.pvm.runtime.AtomicOperationActivityExecute  - ProcessInstance[a6f62aec-c6c9-11ed-aa5a-de215c025445] executes Activity(task2): org.activiti.engine.impl.bpmn.behavior.ManualTaskActivityBehavior
10:48:11,041 [pool-23-thread-1] DEBUG org.activiti.engine.impl.bpmn.behavior.BpmnActivityBehavior  - Leaving activity &apos;task2&apos;
10:48:11,041 [pool-23-thread-6] DEBUG org.activiti.engine.impl.persistence.entity.ExecutionEntity.insertExecution  - &lt;==    Updates: 1
10:48:11,041 [pool-23-thread-7] DEBUG org.activiti.engine.impl.pvm.runtime.AtomicOperationTransitionNotifyListenerTake  - ProcessInstance[a6f78991-c6c9-11ed-aa5a-de215c025445] takes transition (task2)--flow3--&gt;(task3)
10:48:11,041 [pool-23-thread-8] DEBUG org.activiti.engine.impl.bpmn.behavior.BpmnActivityBehavior  - Leaving activity &apos;theStart&apos;
10:48:11,041 [pool-23-thread-10] DEBUG org.activiti.engine.impl.history.DefaultHistoryManager  - Current history level: AUDIT, level required: ACTIVITY
10:48:11,041 [Thread-112] DEBUG org.apache.ibatis.transaction.jdbc.JdbcTransaction  - Opening JDBC Connection
10:48:11,041 [Thread-112] DEBUG org.apache.ibatis.datasource.pooled.PooledDataSource  - Checked out connection 604408605 from pool.
10:48:11,041 [Thread-111] DEBUG org.apache.ibatis.transaction.jdbc.JdbcTransaction  - Opening JDBC Connection
10:48:11,041 [Thread-111] DEBUG org.apache.ibatis.datasource.pooled.PooledDataSource  - Checked out connection 58501658 from pool.
10:48:11,041 [Thread-111] DEBUG org.apache.ibatis.transaction.jdbc.JdbcTransaction  - Setting autocommit to false on JDBC Connection [conn68: url=jdbc:h2:mem:activiti-AsyncExecutorTest user=SA]
10:48:11,040 [Thread-105] DEBUG org.apache.ibatis.transaction.jdbc.JdbcTransaction  - Opening JDBC Connection
10:48:11,041 [Thread-105] DEBUG org.apache.ibatis.datasource.pooled.PooledDataSource  - Checked out connection 996762054 from pool.
10:48:11,041 [Thread-105] DEBUG org.apache.ibatis.transaction.jdbc.JdbcTransaction  - Setting autocommit to false on JDBC Connection [conn65: url=jdbc:h2:mem:activiti-AsyncExecutorTest user=SA]
10:48:11,040 [Thread-102] DEBUG org.apache.ibatis.transaction.jdbc.JdbcTransaction  - Opening JDBC Connection
10:48:11,041 [Thread-102] DEBUG org.apache.ibatis.datasource.pooled.PooledDataSource  - Checked out connection 33534803 from pool.
10:48:11,041 [Thread-102] DEBUG org.apache.ibatis.transaction.jdbc.JdbcTransaction  - Setting autocommit to false on JDBC Connection [conn60: url=jdbc:h2:mem:activiti-AsyncExecutorTest user=SA]
10:48:11,040 [Thread-103] DEBUG org.activiti.engine.impl.interceptor.LogInterceptor  - 

10:48:11,041 [Thread-103] DEBUG org.activiti.engine.impl.interceptor.LogInterceptor  - --- starting AcquireAsyncJobsDueCmd --------------------------------------------------------
10:48:11,040 [pool-23-thread-5] DEBUG org.activiti.engine.impl.history.DefaultHistoryManager  - Current history level: AUDIT, level required: AUDIT
10:48:11,040 [pool-23-thread-2] DEBUG org.activiti.engine.impl.pvm.runtime.AtomicOperationActivityExecute  - ProcessInstance[a6f73b68-c6c9-11ed-aa5a-de215c025445] executes Activity(task4): org.activiti.engine.impl.bpmn.behavior.UserTaskActivityBehavior
10:48:11,042 [pool-23-thread-2] DEBUG org.activiti.engine.impl.persistence.entity.TaskEntity.selectTasksByExecutionId  - ==&gt;  Preparing: select distinct T.* from ACT_RU_TASK T where T.EXECUTION_ID_ = ? 
10:48:11,040 [pool-23-thread-4] DEBUG org.apache.ibatis.transaction.jdbc.JdbcTransaction  - Closing JDBC Connection [conn154: url=jdbc:h2:mem:activiti-uuid-generator-test user=SA]
10:48:11,042 [pool-23-thread-4] DEBUG org.apache.ibatis.datasource.pooled.PooledDataSource  - Returned connection 640090337 to pool.
10:48:11,040 [pool-23-thread-9] DEBUG org.activiti.engine.impl.pvm.runtime.AtomicOperationActivityExecute  - ProcessInstance[a6f7898f-c6c9-11ed-aa5a-de215c025445] executes Activity(task3): org.activiti.engine.impl.bpmn.behavior.ManualTaskActivityBehavior
10:48:11,040 [pool-23-thread-3] DEBUG org.activiti.engine.impl.bpmn.behavior.BpmnActivityBehavior  - Leaving activity &apos;task2&apos;
10:48:11,042 [pool-23-thread-9] DEBUG org.activiti.engine.impl.bpmn.behavior.BpmnActivityBehavior  - Leaving activity &apos;task3&apos;
10:48:11,042 [pool-23-thread-4] DEBUG org.activiti.engine.impl.interceptor.LogInterceptor  - --- StartProcessInstanceCmd finished --------------------------------------------------------
10:48:11,042 [pool-23-thread-4] DEBUG org.activiti.engine.impl.interceptor.LogInterceptor  - 

10:48:11,042 [pool-23-thread-2] DEBUG org.activiti.engine.impl.persistence.entity.TaskEntity.selectTasksByExecutionId  - ==&gt; Parameters: a6f73b68-c6c9-11ed-aa5a-de215c025445(String)
10:48:11,042 [pool-23-thread-5] DEBUG org.activiti.engine.impl.history.DefaultHistoryManager  - Current history level: AUDIT, level required: AUDIT
10:48:11,041 [Thread-103] DEBUG org.apache.ibatis.transaction.jdbc.JdbcTransaction  - Opening JDBC Connection
10:48:11,042 [Thread-103] DEBUG org.apache.ibatis.datasource.pooled.PooledDataSource  - Checked out connection 720039383 from pool.
10:48:11,042 [Thread-103] DEBUG org.apache.ibatis.transaction.jdbc.JdbcTransaction  - Setting autocommit to false on JDBC Connection [conn59: url=jdbc:h2:mem:activiti-AsyncExecutorTest user=SA]
10:48:11,041 [Thread-102] DEBUG org.activiti.engine.impl.persistence.entity.JobEntity.selectNextTimerJobsToExecute  - ==&gt;  Preparing: select RES.* from ACT_RU_JOB RES LEFT OUTER JOIN ACT_RU_EXECUTION PI ON PI.ID_ = RES.PROCESS_INSTANCE_ID_ where (RES.RETRIES_ &gt; 0) and (RES.DUEDATE_ is null or RES.DUEDATE_ &lt;= ?) and (RES.LOCK_OWNER_ is null or RES.LOCK_EXP_TIME_ &lt;= ?) and TYPE_ = &apos;timer&apos; and ( (RES.EXECUTION_ID_ is null) or (PI.SUSPENSION_STATE_ = 1) ) LIMIT ? OFFSET ? 
10:48:11,041 [Thread-105] DEBUG org.activiti.engine.impl.persistence.entity.JobEntity.selectNextTimerJobsToExecute  - ==&gt;  Preparing: select RES.* from ACT_RU_JOB RES LEFT OUTER JOIN ACT_RU_EXECUTION PI ON PI.ID_ = RES.PROCESS_INSTANCE_ID_ where (RES.RETRIES_ &gt; 0) and (RES.DUEDATE_ is null or RES.DUEDATE_ &lt;= ?) and (RES.LOCK_OWNER_ is null or RES.LOCK_EXP_TIME_ &lt;= ?) and TYPE_ = &apos;timer&apos; and ( (RES.EXECUTION_ID_ is null) or (PI.SUSPENSION_STATE_ = 1) ) LIMIT ? OFFSET ? 
10:48:11,041 [Thread-111] DEBUG org.activiti.engine.impl.persistence.entity.JobEntity.selectNextTimerJobsToExecute  - ==&gt;  Preparing: select RES.* from ACT_RU_JOB RES LEFT OUTER JOIN ACT_RU_EXECUTION PI ON PI.ID_ = RES.PROCESS_INSTANCE_ID_ where (RES.RETRIES_ &gt; 0) and (RES.DUEDATE_ is null or RES.DUEDATE_ &lt;= ?) and (RES.LOCK_OWNER_ is null or RES.LOCK_EXP_TIME_ &lt;= ?) and TYPE_ = &apos;timer&apos; and ( (RES.EXECUTION_ID_ is null) or (PI.SUSPENSION_STATE_ = 1) ) LIMIT ? OFFSET ? 
10:48:11,041 [Thread-112] DEBUG org.apache.ibatis.transaction.jdbc.JdbcTransaction  - Setting autocommit to false on JDBC Connection [conn70: url=jdbc:h2:mem:activiti-AsyncExecutorTest user=SA]
10:48:11,041 [pool-23-thread-10] DEBUG org.activiti.engine.impl.pvm.runtime.AtomicOperationActivityExecute  - ProcessInstance[a6f84cec-c6c9-11ed-aa5a-de215c025445] executes Activity(task1): org.activiti.engine.impl.bpmn.behavior.ManualTaskActivityBehavior
10:48:11,042 [pool-23-thread-10] DEBUG org.activiti.engine.impl.bpmn.behavior.BpmnActivityBehavior  - Leaving activity &apos;task1&apos;
10:48:11,042 [pool-23-thread-10] DEBUG org.activiti.engine.impl.history.DefaultHistoryManager  - Current history level: AUDIT, level required: ACTIVITY
10:48:11,041 [pool-23-thread-8] DEBUG org.activiti.engine.impl.history.DefaultHistoryManager  - Current history level: AUDIT, level required: ACTIVITY
10:48:11,041 [pool-23-thread-7] DEBUG org.activiti.engine.impl.history.DefaultHistoryManager  - Current history level: AUDIT, level required: ACTIVITY
10:48:11,041 [pool-23-thread-6] DEBUG org.activiti.engine.impl.db.DbSqlSession  - inserting: Task[id=a6f7627e-c6c9-11ed-aa5a-de215c025445, name=null]
10:48:11,041 [pool-23-thread-1] DEBUG org.activiti.engine.impl.history.DefaultHistoryManager  - Current history level: AUDIT, level required: ACTIVITY
10:48:11,043 [pool-23-thread-6] DEBUG org.activiti.engine.impl.persistence.entity.TaskEntity.insertTask  - ==&gt;  Preparing: insert into ACT_RU_TASK (ID_, REV_, NAME_, PARENT_TASK_ID_, DESCRIPTION_, PRIORITY_, CREATE_TIME_, OWNER_, ASSIGNEE_, DELEGATION_, EXECUTION_ID_, PROC_INST_ID_, PROC_DEF_ID_, TASK_DEF_KEY_, DUE_DATE_, CATEGORY_, SUSPENSION_STATE_, TENANT_ID_, FORM_KEY_) values (?, 1, ?, ?, ?, ?, ?, ?, ?, ?, ?, ?, ?, ?, ?, ?, ?, ?, ? ) 
10:48:11,042 [pool-23-thread-7] DEBUG org.activiti.engine.impl.pvm.runtime.AtomicOperationActivityExecute  - ProcessInstance[a6f78991-c6c9-11ed-aa5a-de215c025445] executes Activity(task3): org.activiti.engine.impl.bpmn.behavior.ManualTaskActivityBehavior
10:48:11,043 [pool-23-thread-7] DEBUG org.activiti.engine.impl.bpmn.behavior.BpmnActivityBehavior  - Leaving activity &apos;task3&apos;
10:48:11,043 [pool-23-thread-7] DEBUG org.activiti.engine.impl.history.DefaultHistoryManager  - Current history level: AUDIT, level required: ACTIVITY
10:48:11,042 [pool-23-thread-8] DEBUG org.activiti.engine.impl.pvm.runtime.AtomicOperationTransitionNotifyListenerTake  - ProcessInstance[a6f873fd-c6c9-11ed-aa5a-de215c025445] takes transition (theStart)--flow1--&gt;(task1)
10:48:11,042 [pool-23-thread-10] DEBUG org.activiti.engine.impl.pvm.runtime.AtomicOperationTransitionNotifyListenerTake  - ProcessInstance[a6f84cec-c6c9-11ed-aa5a-de215c025445] takes transition (task1)--flow2--&gt;(task2)
10:48:11,042 [Thread-112] DEBUG org.activiti.engine.impl.persistence.entity.JobEntity.selectAsyncJobsDueToExecute  - ==&gt;  Preparing: select RES.* from ACT_RU_JOB RES LEFT OUTER JOIN ACT_RU_EXECUTION PI ON PI.ID_ = RES.PROCESS_INSTANCE_ID_ where RES.RETRIES_ &gt; 0 and RES.DUEDATE_ is not null and RES.DUEDATE_ &lt;= ? and (RES.LOCK_EXP_TIME_ is null or RES.LOCK_EXP_TIME_ &lt;= ?) and TYPE_ = &apos;message&apos; and ( (RES.EXECUTION_ID_ is null) or (PI.SUSPENSION_STATE_ = 1) ) LIMIT ? OFFSET ? 
10:48:11,042 [Thread-111] DEBUG org.activiti.engine.impl.persistence.entity.JobEntity.selectNextTimerJobsToExecute  - ==&gt; Parameters: 2001-01-01 01:23:46.0(Timestamp), 2001-01-01 01:23:46.0(Timestamp), 1(Integer), 0(Integer)
10:48:11,042 [Thread-105] DEBUG org.activiti.engine.impl.persistence.entity.JobEntity.selectNextTimerJobsToExecute  - ==&gt; Parameters: 2001-01-01 01:23:46.0(Timestamp), 2001-01-01 01:23:46.0(Timestamp), 1(Integer), 0(Integer)
10:48:11,042 [Thread-102] DEBUG org.activiti.engine.impl.persistence.entity.JobEntity.selectNextTimerJobsToExecute  - ==&gt; Parameters: 2001-01-01 01:23:46.0(Timestamp), 2001-01-01 01:23:46.0(Timestamp), 1(Integer), 0(Integer)
10:48:11,042 [Thread-103] DEBUG org.activiti.engine.impl.persistence.entity.JobEntity.selectAsyncJobsDueToExecute  - ==&gt;  Preparing: select RES.* from ACT_RU_JOB RES LEFT OUTER JOIN ACT_RU_EXECUTION PI ON PI.ID_ = RES.PROCESS_INSTANCE_ID_ where RES.RETRIES_ &gt; 0 and RES.DUEDATE_ is not null and RES.DUEDATE_ &lt;= ? and (RES.LOCK_EXP_TIME_ is null or RES.LOCK_EXP_TIME_ &lt;= ?) and TYPE_ = &apos;message&apos; and ( (RES.EXECUTION_ID_ is null) or (PI.SUSPENSION_STATE_ = 1) ) LIMIT ? OFFSET ? 
10:48:11,042 [pool-23-thread-5] DEBUG org.activiti.engine.impl.history.DefaultHistoryManager  - Current history level: AUDIT, level required: ACTIVITY
10:48:11,042 [pool-23-thread-2] DEBUG org.activiti.engine.impl.persistence.entity.TaskEntity.selectTasksByExecutionId  - &lt;==      Total: 0
10:48:11,043 [pool-23-thread-2] DEBUG org.activiti.engine.impl.history.DefaultHistoryManager  - Current history level: AUDIT, level required: AUDIT
10:48:11,042 [pool-23-thread-4] DEBUG org.activiti.engine.impl.interceptor.LogInterceptor  - 

10:48:11,043 [pool-23-thread-4] DEBUG org.activiti.engine.impl.interceptor.LogInterceptor  - --- starting StartProcessInstanceCmd --------------------------------------------------------
10:48:11,042 [pool-23-thread-9] DEBUG org.activiti.engine.impl.history.DefaultHistoryManager  - Current history level: AUDIT, level required: ACTIVITY
10:48:11,042 [pool-23-thread-3] DEBUG org.activiti.engine.impl.history.DefaultHistoryManager  - Current history level: AUDIT, level required: ACTIVITY
10:48:11,043 [pool-23-thread-9] DEBUG org.activiti.engine.impl.pvm.runtime.AtomicOperationTransitionNotifyListenerTake  - ProcessInstance[a6f7898f-c6c9-11ed-aa5a-de215c025445] takes transition (task3)--flow4--&gt;(task4)
10:48:11,043 [pool-23-thread-4] DEBUG org.apache.ibatis.transaction.jdbc.JdbcTransaction  - Opening JDBC Connection
10:48:11,043 [pool-23-thread-4] DEBUG org.apache.ibatis.datasource.pooled.PooledDataSource  - Checked out connection 640090337 from pool.
10:48:11,043 [pool-23-thread-4] DEBUG org.apache.ibatis.transaction.jdbc.JdbcTransaction  - Setting autocommit to false on JDBC Connection [conn154: url=jdbc:h2:mem:activiti-uuid-generator-test user=SA]
10:48:11,043 [pool-23-thread-2] DEBUG org.activiti.engine.impl.history.DefaultHistoryManager  - Current history level: AUDIT, level required: AUDIT
10:48:11,043 [pool-23-thread-2] DEBUG org.activiti.engine.impl.history.DefaultHistoryManager  - Current history level: AUDIT, level required: AUDIT
10:48:11,043 [pool-23-thread-5] DEBUG org.activiti.engine.impl.db.DbSqlSession  -   insert ProcessInstance[a6f6c635-c6c9-11ed-aa5a-de215c025445]
10:48:11,044 [pool-23-thread-5] DEBUG org.activiti.engine.impl.db.DbSqlSession  -   insert HistoricProcessInstanceEntity[superProcessInstanceId=null]
10:48:11,044 [pool-23-thread-5] DEBUG org.activiti.engine.impl.db.DbSqlSession  -   insert Task[id=a6f89b13-c6c9-11ed-aa5a-de215c025445, name=null]
10:48:11,044 [pool-23-thread-5] DEBUG org.activiti.engine.impl.db.DbSqlSession  -   insert HistoricTaskInstanceEntity[id=a6f89b13-c6c9-11ed-aa5a-de215c025445, name=null]
10:48:11,044 [pool-23-thread-5] DEBUG org.activiti.engine.impl.db.DbSqlSession  -   insert HistoricActivityInstanceEntity[activityId=theStart, activityName=null]
10:48:11,044 [pool-23-thread-5] DEBUG org.activiti.engine.impl.db.DbSqlSession  -   insert HistoricActivityInstanceEntity[activityId=task1, activityName=null]
10:48:11,044 [pool-23-thread-5] DEBUG org.activiti.engine.impl.db.DbSqlSession  -   insert HistoricActivityInstanceEntity[activityId=task2, activityName=null]
10:48:11,044 [pool-23-thread-5] DEBUG org.activiti.engine.impl.db.DbSqlSession  -   insert HistoricActivityInstanceEntity[activityId=task3, activityName=null]
10:48:11,044 [pool-23-thread-5] DEBUG org.activiti.engine.impl.db.DbSqlSession  -   insert HistoricActivityInstanceEntity[activityId=task4, activityName=null]
10:48:11,044 [pool-23-thread-5] DEBUG org.activiti.engine.impl.db.DbSqlSession  - flush summary: 9 insert, 0 update, 0 delete.
10:48:11,044 [pool-23-thread-5] DEBUG org.activiti.engine.impl.db.DbSqlSession  - now executing flush...
10:48:11,044 [pool-23-thread-5] DEBUG org.activiti.engine.impl.db.DbSqlSession  - inserting: HistoricTaskInstanceEntity[id=a6f89b13-c6c9-11ed-aa5a-de215c025445, name=null]
10:48:11,043 [Thread-103] DEBUG org.activiti.engine.impl.persistence.entity.JobEntity.selectAsyncJobsDueToExecute  - ==&gt; Parameters: 2001-01-01 01:23:46.0(Timestamp), 2001-01-01 01:23:46.0(Timestamp), 1(Integer), 0(Integer)
10:48:11,043 [Thread-102] DEBUG org.activiti.engine.impl.persistence.entity.JobEntity.selectNextTimerJobsToExecute  - &lt;==      Total: 0
10:48:11,043 [Thread-105] DEBUG org.activiti.engine.impl.persistence.entity.JobEntity.selectNextTimerJobsToExecute  - &lt;==      Total: 0
10:48:11,043 [Thread-111] DEBUG org.activiti.engine.impl.persistence.entity.JobEntity.selectNextTimerJobsToExecute  - &lt;==      Total: 0
10:48:11,044 [Thread-111] DEBUG org.activiti.engine.impl.db.DbSqlSession  - flush summary: 0 insert, 0 update, 0 delete.
10:48:11,044 [Thread-111] DEBUG org.activiti.engine.impl.db.DbSqlSession  - now executing flush...
10:48:11,044 [Thread-111] DEBUG org.activiti.engine.impl.cfg.standalone.StandaloneMybatisTransactionContext  - firing event committing...
10:48:11,044 [Thread-111] DEBUG org.activiti.engine.impl.cfg.standalone.StandaloneMybatisTransactionContext  - committing the ibatis sql session...
10:48:11,044 [Thread-111] DEBUG org.activiti.engine.impl.cfg.standalone.StandaloneMybatisTransactionContext  - firing event committed...
10:48:11,044 [Thread-111] DEBUG org.apache.ibatis.transaction.jdbc.JdbcTransaction  - Resetting autocommit to true on JDBC Connection [conn68: url=jdbc:h2:mem:activiti-AsyncExecutorTest user=SA]
10:48:11,043 [Thread-112] DEBUG org.activiti.engine.impl.persistence.entity.JobEntity.selectAsyncJobsDueToExecute  - ==&gt; Parameters: 2001-01-01 01:23:46.0(Timestamp), 2001-01-01 01:23:46.0(Timestamp), 1(Integer), 0(Integer)
10:48:11,043 [pool-23-thread-10] DEBUG org.activiti.engine.impl.history.DefaultHistoryManager  - Current history level: AUDIT, level required: ACTIVITY
10:48:11,044 [pool-23-thread-10] DEBUG org.activiti.engine.impl.pvm.runtime.AtomicOperationActivityExecute  - ProcessInstance[a6f84cec-c6c9-11ed-aa5a-de215c025445] executes Activity(task2): org.activiti.engine.impl.bpmn.behavior.ManualTaskActivityBehavior
10:48:11,044 [pool-23-thread-10] DEBUG org.activiti.engine.impl.bpmn.behavior.BpmnActivityBehavior  - Leaving activity &apos;task2&apos;
10:48:11,043 [pool-23-thread-8] DEBUG org.activiti.engine.impl.history.DefaultHistoryManager  - Current history level: AUDIT, level required: ACTIVITY
10:48:11,043 [pool-23-thread-7] DEBUG org.activiti.engine.impl.pvm.runtime.AtomicOperationTransitionNotifyListenerTake  - ProcessInstance[a6f78991-c6c9-11ed-aa5a-de215c025445] takes transition (task3)--flow4--&gt;(task4)
10:48:11,043 [pool-23-thread-6] DEBUG org.activiti.engine.impl.persistence.entity.TaskEntity.insertTask  - ==&gt; Parameters: a6f7627e-c6c9-11ed-aa5a-de215c025445(String), null, null, null, 50(Integer), 2001-01-01 01:23:46.0(Timestamp), null, null, null, a6f65200-c6c9-11ed-aa5a-de215c025445(String), a6f65200-c6c9-11ed-aa5a-de215c025445(String), simpleProcess:1:a6dcaf6e-c6c9-11ed-aa5a-de215c025445(String), task4(String), null, null, 1(Integer), (String), null
10:48:11,043 [pool-23-thread-1] DEBUG org.activiti.engine.impl.pvm.runtime.AtomicOperationTransitionNotifyListenerTake  - ProcessInstance[a6f62aec-c6c9-11ed-aa5a-de215c025445] takes transition (task2)--flow3--&gt;(task3)
10:48:11,044 [pool-23-thread-6] DEBUG org.activiti.engine.impl.persistence.entity.TaskEntity.insertTask  - &lt;==    Updates: 1
10:48:11,044 [pool-23-thread-7] DEBUG org.activiti.engine.impl.history.DefaultHistoryManager  - Current history level: AUDIT, level required: ACTIVITY
10:48:11,044 [pool-23-thread-8] DEBUG org.activiti.engine.impl.pvm.runtime.AtomicOperationActivityExecute  - ProcessInstance[a6f873fd-c6c9-11ed-aa5a-de215c025445] executes Activity(task1): org.activiti.engine.impl.bpmn.behavior.ManualTaskActivityBehavior
10:48:11,045 [pool-23-thread-8] DEBUG org.activiti.engine.impl.bpmn.behavior.BpmnActivityBehavior  - Leaving activity &apos;task1&apos;
10:48:11,044 [pool-23-thread-10] DEBUG org.activiti.engine.impl.history.DefaultHistoryManager  - Current history level: AUDIT, level required: ACTIVITY
10:48:11,044 [Thread-112] DEBUG org.activiti.engine.impl.persistence.entity.JobEntity.selectAsyncJobsDueToExecute  - &lt;==      Total: 0
10:48:11,044 [Thread-111] DEBUG org.apache.ibatis.transaction.jdbc.JdbcTransaction  - Closing JDBC Connection [conn68: url=jdbc:h2:mem:activiti-AsyncExecutorTest user=SA]
10:48:11,045 [Thread-111] DEBUG org.apache.ibatis.datasource.pooled.PooledDataSource  - Returned connection 58501658 to pool.
10:48:11,045 [Thread-111] DEBUG org.activiti.engine.impl.interceptor.LogInterceptor  - --- AcquireTimerJobsCmd finished --------------------------------------------------------
10:48:11,045 [Thread-111] DEBUG org.activiti.engine.impl.interceptor.LogInterceptor  - 

10:48:11,044 [Thread-105] DEBUG org.activiti.engine.impl.db.DbSqlSession  - flush summary: 0 insert, 0 update, 0 delete.
10:48:11,045 [Thread-105] DEBUG org.activiti.engine.impl.db.DbSqlSession  - now executing flush...
10:48:11,045 [Thread-105] DEBUG org.activiti.engine.impl.cfg.standalone.StandaloneMybatisTransactionContext  - firing event committing...
10:48:11,045 [Thread-105] DEBUG org.activiti.engine.impl.cfg.standalone.StandaloneMybatisTransactionContext  - committing the ibatis sql session...
10:48:11,045 [Thread-105] DEBUG org.activiti.engine.impl.cfg.standalone.StandaloneMybatisTransactionContext  - firing event committed...
10:48:11,045 [Thread-105] DEBUG org.apache.ibatis.transaction.jdbc.JdbcTransaction  - Resetting autocommit to true on JDBC Connection [conn65: url=jdbc:h2:mem:activiti-AsyncExecutorTest user=SA]
10:48:11,044 [Thread-102] DEBUG org.activiti.engine.impl.db.DbSqlSession  - flush summary: 0 insert, 0 update, 0 delete.
10:48:11,045 [Thread-102] DEBUG org.activiti.engine.impl.db.DbSqlSession  - now executing flush...
10:48:11,045 [Thread-102] DEBUG org.activiti.engine.impl.cfg.standalone.StandaloneMybatisTransactionContext  - firing event committing...
10:48:11,045 [Thread-102] DEBUG org.activiti.engine.impl.cfg.standalone.StandaloneMybatisTransactionContext  - committing the ibatis sql session...
10:48:11,045 [Thread-102] DEBUG org.activiti.engine.impl.cfg.standalone.StandaloneMybatisTransactionContext  - firing event committed...
10:48:11,045 [Thread-102] DEBUG org.apache.ibatis.transaction.jdbc.JdbcTransaction  - Resetting autocommit to true on JDBC Connection [conn60: url=jdbc:h2:mem:activiti-AsyncExecutorTest user=SA]
10:48:11,044 [Thread-103] DEBUG org.activiti.engine.impl.persistence.entity.JobEntity.selectAsyncJobsDueToExecute  - &lt;==      Total: 0
10:48:11,044 [pool-23-thread-5] DEBUG org.activiti.engine.impl.persistence.entity.HistoricTaskInstanceEntity.insertHistoricTaskInstance  - ==&gt;  Preparing: insert into ACT_HI_TASKINST ( ID_, PROC_DEF_ID_, PROC_INST_ID_, EXECUTION_ID_, NAME_, PARENT_TASK_ID_, DESCRIPTION_, OWNER_, ASSIGNEE_, START_TIME_, CLAIM_TIME_, END_TIME_, DURATION_, DELETE_REASON_, TASK_DEF_KEY_, FORM_KEY_, PRIORITY_, DUE_DATE_, CATEGORY_, TENANT_ID_ ) values ( ?, ?, ?, ?, ?, ?, ?, ?, ?, ?, ?, ?, ?, ?, ?, ?, ?, ?, ?, ? ) 
10:48:11,044 [pool-23-thread-2] DEBUG org.activiti.engine.impl.history.DefaultHistoryManager  - Current history level: AUDIT, level required: ACTIVITY
10:48:11,043 [pool-23-thread-4] DEBUG org.activiti.engine.impl.persistence.entity.ProcessDefinitionEntity.selectLatestProcessDefinitionByKey  - ==&gt;  Preparing: select * from ACT_RE_PROCDEF where KEY_ = ? and (TENANT_ID_ = &apos;&apos; or TENANT_ID_ is null) and VERSION_ = (select max(VERSION_) from ACT_RE_PROCDEF where KEY_ = ? and (TENANT_ID_ = &apos;&apos; or TENANT_ID_ is null)) 
10:48:11,043 [pool-23-thread-9] DEBUG org.activiti.engine.impl.history.DefaultHistoryManager  - Current history level: AUDIT, level required: ACTIVITY
10:48:11,043 [pool-23-thread-3] DEBUG org.activiti.engine.impl.pvm.runtime.AtomicOperationTransitionNotifyListenerTake  - ProcessInstance[a6f71457-c6c9-11ed-aa5a-de215c025445] takes transition (task2)--flow3--&gt;(task3)
10:48:11,045 [pool-23-thread-9] DEBUG org.activiti.engine.impl.pvm.runtime.AtomicOperationActivityExecute  - ProcessInstance[a6f7898f-c6c9-11ed-aa5a-de215c025445] executes Activity(task4): org.activiti.engine.impl.bpmn.behavior.UserTaskActivityBehavior
10:48:11,045 [pool-23-thread-4] DEBUG org.activiti.engine.impl.persistence.entity.ProcessDefinitionEntity.selectLatestProcessDefinitionByKey  - ==&gt; Parameters: simpleProcess(String), simpleProcess(String)
10:48:11,045 [pool-23-thread-2] DEBUG org.activiti.engine.impl.db.DbSqlSession  -   insert ProcessInstance[a6f73b68-c6c9-11ed-aa5a-de215c025445]
10:48:11,046 [pool-23-thread-2] DEBUG org.activiti.engine.impl.db.DbSqlSession  -   insert HistoricProcessInstanceEntity[superProcessInstanceId=null]
10:48:11,046 [pool-23-thread-2] DEBUG org.activiti.engine.impl.db.DbSqlSession  -   insert Task[id=a6f9104a-c6c9-11ed-aa5a-de215c025445, name=null]
10:48:11,046 [pool-23-thread-2] DEBUG org.activiti.engine.impl.db.DbSqlSession  -   insert HistoricTaskInstanceEntity[id=a6f9104a-c6c9-11ed-aa5a-de215c025445, name=null]
10:48:11,046 [pool-23-thread-2] DEBUG org.activiti.engine.impl.db.DbSqlSession  -   insert HistoricActivityInstanceEntity[activityId=theStart, activityName=null]
10:48:11,046 [pool-23-thread-2] DEBUG org.activiti.engine.impl.db.DbSqlSession  -   insert HistoricActivityInstanceEntity[activityId=task1, activityName=null]
10:48:11,046 [pool-23-thread-2] DEBUG org.activiti.engine.impl.db.DbSqlSession  -   insert HistoricActivityInstanceEntity[activityId=task2, activityName=null]
10:48:11,046 [pool-23-thread-2] DEBUG org.activiti.engine.impl.db.DbSqlSession  -   insert HistoricActivityInstanceEntity[activityId=task3, activityName=null]
10:48:11,046 [pool-23-thread-2] DEBUG org.activiti.engine.impl.db.DbSqlSession  -   insert HistoricActivityInstanceEntity[activityId=task4, activityName=null]
10:48:11,046 [pool-23-thread-2] DEBUG org.activiti.engine.impl.db.DbSqlSession  - flush summary: 9 insert, 0 update, 0 delete.
10:48:11,046 [pool-23-thread-2] DEBUG org.activiti.engine.impl.db.DbSqlSession  - now executing flush...
10:48:11,046 [pool-23-thread-2] DEBUG org.activiti.engine.impl.db.DbSqlSession  - inserting: HistoricTaskInstanceEntity[id=a6f9104a-c6c9-11ed-aa5a-de215c025445, name=null]
10:48:11,045 [pool-23-thread-5] DEBUG org.activiti.engine.impl.persistence.entity.HistoricTaskInstanceEntity.insertHistoricTaskInstance  - ==&gt; Parameters: a6f89b13-c6c9-11ed-aa5a-de215c025445(String), simpleProcess:1:a6dcaf6e-c6c9-11ed-aa5a-de215c025445(String), a6f6c635-c6c9-11ed-aa5a-de215c025445(String), a6f6c635-c6c9-11ed-aa5a-de215c025445(String), null, null, null, null, null, 2001-01-01 01:23:46.0(Timestamp), null, null, null, null, task4(String), null, 50(Integer), null, null, (String)
10:48:11,045 [Thread-103] DEBUG org.activiti.engine.impl.db.DbSqlSession  - flush summary: 0 insert, 0 update, 0 delete.
10:48:11,046 [Thread-103] DEBUG org.activiti.engine.impl.db.DbSqlSession  - now executing flush...
10:48:11,046 [Thread-103] DEBUG org.activiti.engine.impl.cfg.standalone.StandaloneMybatisTransactionContext  - firing event committing...
10:48:11,046 [Thread-103] DEBUG org.activiti.engine.impl.cfg.standalone.StandaloneMybatisTransactionContext  - committing the ibatis sql session...
10:48:11,046 [Thread-103] DEBUG org.activiti.engine.impl.cfg.standalone.StandaloneMybatisTransactionContext  - firing event committed...
10:48:11,046 [Thread-103] DEBUG org.apache.ibatis.transaction.jdbc.JdbcTransaction  - Resetting autocommit to true on JDBC Connection [conn59: url=jdbc:h2:mem:activiti-AsyncExecutorTest user=SA]
10:48:11,046 [Thread-103] DEBUG org.apache.ibatis.transaction.jdbc.JdbcTransaction  - Closing JDBC Connection [conn59: url=jdbc:h2:mem:activiti-AsyncExecutorTest user=SA]
10:48:11,046 [Thread-103] DEBUG org.apache.ibatis.datasource.pooled.PooledDataSource  - Returned connection 720039383 to pool.
10:48:11,046 [Thread-103] DEBUG org.activiti.engine.impl.interceptor.LogInterceptor  - --- AcquireAsyncJobsDueCmd finished --------------------------------------------------------
10:48:11,046 [Thread-103] DEBUG org.activiti.engine.impl.interceptor.LogInterceptor  - 

10:48:11,045 [Thread-102] DEBUG org.apache.ibatis.transaction.jdbc.JdbcTransaction  - Closing JDBC Connection [conn60: url=jdbc:h2:mem:activiti-AsyncExecutorTest user=SA]
10:48:11,046 [Thread-102] DEBUG org.apache.ibatis.datasource.pooled.PooledDataSource  - Returned connection 33534803 to pool.
10:48:11,046 [Thread-102] DEBUG org.activiti.engine.impl.interceptor.LogInterceptor  - --- AcquireTimerJobsCmd finished --------------------------------------------------------
10:48:11,046 [Thread-102] DEBUG org.activiti.engine.impl.interceptor.LogInterceptor  - 

10:48:11,045 [Thread-105] DEBUG org.apache.ibatis.transaction.jdbc.JdbcTransaction  - Closing JDBC Connection [conn65: url=jdbc:h2:mem:activiti-AsyncExecutorTest user=SA]
10:48:11,046 [Thread-105] DEBUG org.apache.ibatis.datasource.pooled.PooledDataSource  - Returned connection 996762054 to pool.
10:48:11,046 [Thread-105] DEBUG org.activiti.engine.impl.interceptor.LogInterceptor  - --- AcquireTimerJobsCmd finished --------------------------------------------------------
10:48:11,046 [Thread-105] DEBUG org.activiti.engine.impl.interceptor.LogInterceptor  - 

10:48:11,045 [Thread-111] DEBUG org.activiti.engine.impl.asyncexecutor.AcquireTimerJobsRunnable  - timer job acquisition thread sleeping for 50 millis
10:48:11,045 [Thread-112] DEBUG org.activiti.engine.impl.db.DbSqlSession  - flush summary: 0 insert, 0 update, 0 delete.
10:48:11,046 [Thread-112] DEBUG org.activiti.engine.impl.db.DbSqlSession  - now executing flush...
10:48:11,046 [Thread-112] DEBUG org.activiti.engine.impl.cfg.standalone.StandaloneMybatisTransactionContext  - firing event committing...
10:48:11,046 [Thread-112] DEBUG org.activiti.engine.impl.cfg.standalone.StandaloneMybatisTransactionContext  - committing the ibatis sql session...
10:48:11,046 [Thread-112] DEBUG org.activiti.engine.impl.cfg.standalone.StandaloneMybatisTransactionContext  - firing event committed...
10:48:11,046 [Thread-112] DEBUG org.apache.ibatis.transaction.jdbc.JdbcTransaction  - Resetting autocommit to true on JDBC Connection [conn70: url=jdbc:h2:mem:activiti-AsyncExecutorTest user=SA]
10:48:11,046 [Thread-112] DEBUG org.apache.ibatis.transaction.jdbc.JdbcTransaction  - Closing JDBC Connection [conn70: url=jdbc:h2:mem:activiti-AsyncExecutorTest user=SA]
10:48:11,046 [Thread-112] DEBUG org.apache.ibatis.datasource.pooled.PooledDataSource  - Returned connection 604408605 to pool.
10:48:11,047 [Thread-112] DEBUG org.activiti.engine.impl.interceptor.LogInterceptor  - --- AcquireAsyncJobsDueCmd finished --------------------------------------------------------
10:48:11,047 [Thread-112] DEBUG org.activiti.engine.impl.interceptor.LogInterceptor  - 

10:48:11,047 [Thread-112] DEBUG org.activiti.engine.impl.asyncexecutor.AcquireAsyncJobsDueRunnable  - async job acquisition thread sleeping for 50 millis
10:48:11,045 [pool-23-thread-10] DEBUG org.activiti.engine.impl.pvm.runtime.AtomicOperationTransitionNotifyListenerTake  - ProcessInstance[a6f84cec-c6c9-11ed-aa5a-de215c025445] takes transition (task2)--flow3--&gt;(task3)
10:48:11,045 [pool-23-thread-8] DEBUG org.activiti.engine.impl.history.DefaultHistoryManager  - Current history level: AUDIT, level required: ACTIVITY
10:48:11,045 [pool-23-thread-7] DEBUG org.activiti.engine.impl.pvm.runtime.AtomicOperationActivityExecute  - ProcessInstance[a6f78991-c6c9-11ed-aa5a-de215c025445] executes Activity(task4): org.activiti.engine.impl.bpmn.behavior.UserTaskActivityBehavior
10:48:11,044 [pool-23-thread-6] DEBUG org.activiti.engine.impl.cfg.standalone.StandaloneMybatisTransactionContext  - firing event committing...
10:48:11,047 [pool-23-thread-6] DEBUG org.activiti.engine.impl.cfg.standalone.StandaloneMybatisTransactionContext  - committing the ibatis sql session...
10:48:11,047 [pool-23-thread-6] DEBUG org.apache.ibatis.transaction.jdbc.JdbcTransaction  - Committing JDBC Connection [conn152: url=jdbc:h2:mem:activiti-uuid-generator-test user=SA]
10:48:11,044 [pool-23-thread-1] DEBUG org.activiti.engine.impl.history.DefaultHistoryManager  - Current history level: AUDIT, level required: ACTIVITY
10:48:11,047 [pool-23-thread-6] DEBUG org.activiti.engine.impl.cfg.standalone.StandaloneMybatisTransactionContext  - firing event committed...
10:48:11,047 [pool-23-thread-6] DEBUG org.apache.ibatis.transaction.jdbc.JdbcTransaction  - Resetting autocommit to true on JDBC Connection [conn152: url=jdbc:h2:mem:activiti-uuid-generator-test user=SA]
10:48:11,047 [pool-23-thread-6] DEBUG org.apache.ibatis.transaction.jdbc.JdbcTransaction  - Closing JDBC Connection [conn152: url=jdbc:h2:mem:activiti-uuid-generator-test user=SA]
10:48:11,047 [pool-23-thread-6] DEBUG org.apache.ibatis.datasource.pooled.PooledDataSource  - Returned connection 1865681564 to pool.
10:48:11,047 [pool-23-thread-6] DEBUG org.activiti.engine.impl.interceptor.LogInterceptor  - --- StartProcessInstanceCmd finished --------------------------------------------------------
10:48:11,047 [pool-23-thread-6] DEBUG org.activiti.engine.impl.interceptor.LogInterceptor  - 

10:48:11,047 [pool-23-thread-7] DEBUG org.activiti.engine.impl.persistence.entity.TaskEntity.selectTasksByExecutionId  - ==&gt;  Preparing: select distinct T.* from ACT_RU_TASK T where T.EXECUTION_ID_ = ? 
10:48:11,047 [pool-23-thread-8] DEBUG org.activiti.engine.impl.pvm.runtime.AtomicOperationTransitionNotifyListenerTake  - ProcessInstance[a6f873fd-c6c9-11ed-aa5a-de215c025445] takes transition (task1)--flow2--&gt;(task2)
10:48:11,047 [pool-23-thread-10] DEBUG org.activiti.engine.impl.history.DefaultHistoryManager  - Current history level: AUDIT, level required: ACTIVITY
10:48:11,046 [Thread-105] DEBUG org.activiti.engine.impl.asyncexecutor.AcquireTimerJobsRunnable  - timer job acquisition thread sleeping for 50 millis
10:48:11,046 [Thread-102] DEBUG org.activiti.engine.impl.asyncexecutor.AcquireTimerJobsRunnable  - timer job acquisition thread sleeping for 50 millis
10:48:11,046 [Thread-103] DEBUG org.activiti.engine.impl.asyncexecutor.AcquireAsyncJobsDueRunnable  - async job acquisition thread sleeping for 50 millis
10:48:11,046 [pool-23-thread-5] DEBUG org.activiti.engine.impl.persistence.entity.HistoricTaskInstanceEntity.insertHistoricTaskInstance  - &lt;==    Updates: 1
10:48:11,047 [pool-23-thread-5] DEBUG org.activiti.engine.impl.db.DbSqlSession  - inserting: HistoricProcessInstanceEntity[superProcessInstanceId=null]
10:48:11,046 [pool-23-thread-2] DEBUG org.activiti.engine.impl.persistence.entity.HistoricTaskInstanceEntity.insertHistoricTaskInstance  - ==&gt;  Preparing: insert into ACT_HI_TASKINST ( ID_, PROC_DEF_ID_, PROC_INST_ID_, EXECUTION_ID_, NAME_, PARENT_TASK_ID_, DESCRIPTION_, OWNER_, ASSIGNEE_, START_TIME_, CLAIM_TIME_, END_TIME_, DURATION_, DELETE_REASON_, TASK_DEF_KEY_, FORM_KEY_, PRIORITY_, DUE_DATE_, CATEGORY_, TENANT_ID_ ) values ( ?, ?, ?, ?, ?, ?, ?, ?, ?, ?, ?, ?, ?, ?, ?, ?, ?, ?, ?, ? ) 
10:48:11,046 [pool-23-thread-4] DEBUG org.activiti.engine.impl.persistence.entity.ProcessDefinitionEntity.selectLatestProcessDefinitionByKey  - &lt;==      Total: 1
10:48:11,047 [pool-23-thread-2] DEBUG org.activiti.engine.impl.persistence.entity.HistoricTaskInstanceEntity.insertHistoricTaskInstance  - ==&gt; Parameters: a6f9104a-c6c9-11ed-aa5a-de215c025445(String), simpleProcess:1:a6dcaf6e-c6c9-11ed-aa5a-de215c025445(String), a6f73b68-c6c9-11ed-aa5a-de215c025445(String), a6f73b68-c6c9-11ed-aa5a-de215c025445(String), null, null, null, null, null, 2001-01-01 01:23:46.0(Timestamp), null, null, null, null, task4(String), null, 50(Integer), null, null, (String)
10:48:11,045 [pool-23-thread-9] DEBUG org.activiti.engine.impl.persistence.entity.TaskEntity.selectTasksByExecutionId  - ==&gt;  Preparing: select distinct T.* from ACT_RU_TASK T where T.EXECUTION_ID_ = ? 
10:48:11,045 [pool-23-thread-3] DEBUG org.activiti.engine.impl.history.DefaultHistoryManager  - Current history level: AUDIT, level required: ACTIVITY
10:48:11,048 [pool-23-thread-9] DEBUG org.activiti.engine.impl.persistence.entity.TaskEntity.selectTasksByExecutionId  - ==&gt; Parameters: a6f7898f-c6c9-11ed-aa5a-de215c025445(String)
10:48:11,047 [pool-23-thread-2] DEBUG org.activiti.engine.impl.persistence.entity.HistoricTaskInstanceEntity.insertHistoricTaskInstance  - &lt;==    Updates: 1
10:48:11,048 [pool-23-thread-2] DEBUG org.activiti.engine.impl.db.DbSqlSession  - inserting: HistoricProcessInstanceEntity[superProcessInstanceId=null]
10:48:11,047 [pool-23-thread-4] DEBUG org.activiti.engine.impl.persistence.entity.ExecutionEntity  - initializing ProcessInstance[a6f9d3a4-c6c9-11ed-aa5a-de215c025445]
10:48:11,047 [pool-23-thread-5] DEBUG org.activiti.engine.impl.persistence.entity.HistoricProcessInstanceEntity.insertHistoricProcessInstance  - ==&gt;  Preparing: insert into ACT_HI_PROCINST ( ID_, PROC_INST_ID_, BUSINESS_KEY_, PROC_DEF_ID_, START_TIME_, END_TIME_, DURATION_, START_USER_ID_, START_ACT_ID_, END_ACT_ID_, SUPER_PROCESS_INSTANCE_ID_, DELETE_REASON_, TENANT_ID_, NAME_ ) values ( ?, ?, ?, ?, ?, ?, ?, ?, ?, ?, ?, ?, ?, ? ) 
10:48:11,047 [pool-23-thread-10] DEBUG org.activiti.engine.impl.pvm.runtime.AtomicOperationActivityExecute  - ProcessInstance[a6f84cec-c6c9-11ed-aa5a-de215c025445] executes Activity(task3): org.activiti.engine.impl.bpmn.behavior.ManualTaskActivityBehavior
10:48:11,048 [pool-23-thread-10] DEBUG org.activiti.engine.impl.bpmn.behavior.BpmnActivityBehavior  - Leaving activity &apos;task3&apos;
10:48:11,047 [pool-23-thread-8] DEBUG org.activiti.engine.impl.history.DefaultHistoryManager  - Current history level: AUDIT, level required: ACTIVITY
10:48:11,047 [pool-23-thread-7] DEBUG org.activiti.engine.impl.persistence.entity.TaskEntity.selectTasksByExecutionId  - ==&gt; Parameters: a6f78991-c6c9-11ed-aa5a-de215c025445(String)
10:48:11,047 [pool-23-thread-6] DEBUG org.activiti.engine.impl.interceptor.LogInterceptor  - 

10:48:11,048 [pool-23-thread-6] DEBUG org.activiti.engine.impl.interceptor.LogInterceptor  - --- starting StartProcessInstanceCmd --------------------------------------------------------
10:48:11,047 [pool-23-thread-1] DEBUG org.activiti.engine.impl.pvm.runtime.AtomicOperationActivityExecute  - ProcessInstance[a6f62aec-c6c9-11ed-aa5a-de215c025445] executes Activity(task3): org.activiti.engine.impl.bpmn.behavior.ManualTaskActivityBehavior
10:48:11,048 [pool-23-thread-6] DEBUG org.apache.ibatis.transaction.jdbc.JdbcTransaction  - Opening JDBC Connection
10:48:11,048 [pool-23-thread-6] DEBUG org.apache.ibatis.datasource.pooled.PooledDataSource  - Checked out connection 1865681564 from pool.
10:48:11,048 [pool-23-thread-6] DEBUG org.apache.ibatis.transaction.jdbc.JdbcTransaction  - Setting autocommit to false on JDBC Connection [conn152: url=jdbc:h2:mem:activiti-uuid-generator-test user=SA]
10:48:11,048 [pool-23-thread-7] DEBUG org.activiti.engine.impl.persistence.entity.TaskEntity.selectTasksByExecutionId  - &lt;==      Total: 0
10:48:11,048 [pool-23-thread-7] DEBUG org.activiti.engine.impl.history.DefaultHistoryManager  - Current history level: AUDIT, level required: AUDIT
10:48:11,048 [pool-23-thread-8] DEBUG org.activiti.engine.impl.pvm.runtime.AtomicOperationActivityExecute  - ProcessInstance[a6f873fd-c6c9-11ed-aa5a-de215c025445] executes Activity(task2): org.activiti.engine.impl.bpmn.behavior.ManualTaskActivityBehavior
10:48:11,048 [pool-23-thread-8] DEBUG org.activiti.engine.impl.bpmn.behavior.BpmnActivityBehavior  - Leaving activity &apos;task2&apos;
10:48:11,048 [pool-23-thread-10] DEBUG org.activiti.engine.impl.history.DefaultHistoryManager  - Current history level: AUDIT, level required: ACTIVITY
10:48:11,048 [pool-23-thread-5] DEBUG org.activiti.engine.impl.persistence.entity.HistoricProcessInstanceEntity.insertHistoricProcessInstance  - ==&gt; Parameters: a6f6c635-c6c9-11ed-aa5a-de215c025445(String), a6f6c635-c6c9-11ed-aa5a-de215c025445(String), null, simpleProcess:1:a6dcaf6e-c6c9-11ed-aa5a-de215c025445(String), 2001-01-01 01:23:46.0(Timestamp), null, null, null, theStart(String), null, null, null, (String), null
10:48:11,048 [pool-23-thread-4] DEBUG org.activiti.engine.impl.history.DefaultHistoryManager  - Current history level: AUDIT, level required: ACTIVITY
10:48:11,048 [pool-23-thread-2] DEBUG org.activiti.engine.impl.persistence.entity.HistoricProcessInstanceEntity.insertHistoricProcessInstance  - ==&gt;  Preparing: insert into ACT_HI_PROCINST ( ID_, PROC_INST_ID_, BUSINESS_KEY_, PROC_DEF_ID_, START_TIME_, END_TIME_, DURATION_, START_USER_ID_, START_ACT_ID_, END_ACT_ID_, SUPER_PROCESS_INSTANCE_ID_, DELETE_REASON_, TENANT_ID_, NAME_ ) values ( ?, ?, ?, ?, ?, ?, ?, ?, ?, ?, ?, ?, ?, ? ) 
10:48:11,048 [pool-23-thread-9] DEBUG org.activiti.engine.impl.persistence.entity.TaskEntity.selectTasksByExecutionId  - &lt;==      Total: 0
10:48:11,049 [pool-23-thread-9] DEBUG org.activiti.engine.impl.history.DefaultHistoryManager  - Current history level: AUDIT, level required: AUDIT
10:48:11,048 [pool-23-thread-3] DEBUG org.activiti.engine.impl.pvm.runtime.AtomicOperationActivityExecute  - ProcessInstance[a6f71457-c6c9-11ed-aa5a-de215c025445] executes Activity(task3): org.activiti.engine.impl.bpmn.behavior.ManualTaskActivityBehavior
10:48:11,049 [pool-23-thread-9] DEBUG org.activiti.engine.impl.history.DefaultHistoryManager  - Current history level: AUDIT, level required: AUDIT
10:48:11,049 [pool-23-thread-9] DEBUG org.activiti.engine.impl.history.DefaultHistoryManager  - Current history level: AUDIT, level required: AUDIT
10:48:11,049 [pool-23-thread-2] DEBUG org.activiti.engine.impl.persistence.entity.HistoricProcessInstanceEntity.insertHistoricProcessInstance  - ==&gt; Parameters: a6f73b68-c6c9-11ed-aa5a-de215c025445(String), a6f73b68-c6c9-11ed-aa5a-de215c025445(String), null, simpleProcess:1:a6dcaf6e-c6c9-11ed-aa5a-de215c025445(String), 2001-01-01 01:23:46.0(Timestamp), null, null, null, theStart(String), null, null, null, (String), null
10:48:11,049 [pool-23-thread-2] DEBUG org.activiti.engine.impl.persistence.entity.HistoricProcessInstanceEntity.insertHistoricProcessInstance  - &lt;==    Updates: 1
10:48:11,049 [pool-23-thread-4] DEBUG org.activiti.engine.impl.pvm.runtime.AtomicOperationActivityExecute  - ProcessInstance[a6f9d3a4-c6c9-11ed-aa5a-de215c025445] executes Activity(theStart): org.activiti.engine.impl.bpmn.behavior.NoneStartEventActivityBehavior
10:48:11,049 [pool-23-thread-5] DEBUG org.activiti.engine.impl.persistence.entity.HistoricProcessInstanceEntity.insertHistoricProcessInstance  - &lt;==    Updates: 1
10:48:11,048 [pool-23-thread-10] DEBUG org.activiti.engine.impl.pvm.runtime.AtomicOperationTransitionNotifyListenerTake  - ProcessInstance[a6f84cec-c6c9-11ed-aa5a-de215c025445] takes transition (task3)--flow4--&gt;(task4)
10:48:11,048 [pool-23-thread-8] DEBUG org.activiti.engine.impl.history.DefaultHistoryManager  - Current history level: AUDIT, level required: ACTIVITY
10:48:11,048 [pool-23-thread-7] DEBUG org.activiti.engine.impl.history.DefaultHistoryManager  - Current history level: AUDIT, level required: AUDIT
10:48:11,049 [pool-23-thread-7] DEBUG org.activiti.engine.impl.history.DefaultHistoryManager  - Current history level: AUDIT, level required: AUDIT
10:48:11,048 [pool-23-thread-6] DEBUG org.activiti.engine.impl.persistence.entity.ProcessDefinitionEntity.selectLatestProcessDefinitionByKey  - ==&gt;  Preparing: select * from ACT_RE_PROCDEF where KEY_ = ? and (TENANT_ID_ = &apos;&apos; or TENANT_ID_ is null) and VERSION_ = (select max(VERSION_) from ACT_RE_PROCDEF where KEY_ = ? and (TENANT_ID_ = &apos;&apos; or TENANT_ID_ is null)) 
10:48:11,048 [pool-23-thread-1] DEBUG org.activiti.engine.impl.bpmn.behavior.BpmnActivityBehavior  - Leaving activity &apos;task3&apos;
10:48:11,049 [pool-23-thread-6] DEBUG org.activiti.engine.impl.persistence.entity.ProcessDefinitionEntity.selectLatestProcessDefinitionByKey  - ==&gt; Parameters: simpleProcess(String), simpleProcess(String)
10:48:11,049 [pool-23-thread-7] DEBUG org.activiti.engine.impl.history.DefaultHistoryManager  - Current history level: AUDIT, level required: ACTIVITY
10:48:11,049 [pool-23-thread-6] DEBUG org.activiti.engine.impl.persistence.entity.ProcessDefinitionEntity.selectLatestProcessDefinitionByKey  - &lt;==      Total: 1
10:48:11,049 [pool-23-thread-5] DEBUG org.activiti.engine.impl.persistence.entity.HistoricActivityInstanceEntity.bulkInsertHistoricActivityInstance  - ==&gt;  Preparing: insert into ACT_HI_ACTINST ( ID_, PROC_DEF_ID_, PROC_INST_ID_, EXECUTION_ID_, ACT_ID_, TASK_ID_, CALL_PROC_INST_ID_, ACT_NAME_, ACT_TYPE_, ASSIGNEE_, START_TIME_, END_TIME_, DURATION_, TENANT_ID_ ) values (?, ?, ?, ?, ?, ?, ?, ?, ?, ?, ?, ?, ?, ?) , (?, ?, ?, ?, ?, ?, ?, ?, ?, ?, ?, ?, ?, ?) , (?, ?, ?, ?, ?, ?, ?, ?, ?, ?, ?, ?, ?, ?) , (?, ?, ?, ?, ?, ?, ?, ?, ?, ?, ?, ?, ?, ?) , (?, ?, ?, ?, ?, ?, ?, ?, ?, ?, ?, ?, ?, ?) 
10:48:11,049 [pool-23-thread-2] DEBUG org.activiti.engine.impl.persistence.entity.HistoricActivityInstanceEntity.bulkInsertHistoricActivityInstance  - ==&gt;  Preparing: insert into ACT_HI_ACTINST ( ID_, PROC_DEF_ID_, PROC_INST_ID_, EXECUTION_ID_, ACT_ID_, TASK_ID_, CALL_PROC_INST_ID_, ACT_NAME_, ACT_TYPE_, ASSIGNEE_, START_TIME_, END_TIME_, DURATION_, TENANT_ID_ ) values (?, ?, ?, ?, ?, ?, ?, ?, ?, ?, ?, ?, ?, ?) , (?, ?, ?, ?, ?, ?, ?, ?, ?, ?, ?, ?, ?, ?) , (?, ?, ?, ?, ?, ?, ?, ?, ?, ?, ?, ?, ?, ?) , (?, ?, ?, ?, ?, ?, ?, ?, ?, ?, ?, ?, ?, ?) , (?, ?, ?, ?, ?, ?, ?, ?, ?, ?, ?, ?, ?, ?) 
10:48:11,049 [pool-23-thread-8] DEBUG org.activiti.engine.impl.pvm.runtime.AtomicOperationTransitionNotifyListenerTake  - ProcessInstance[a6f873fd-c6c9-11ed-aa5a-de215c025445] takes transition (task2)--flow3--&gt;(task3)
10:48:11,049 [pool-23-thread-10] DEBUG org.activiti.engine.impl.history.DefaultHistoryManager  - Current history level: AUDIT, level required: ACTIVITY
10:48:11,050 [pool-23-thread-2] DEBUG org.activiti.engine.impl.persistence.entity.HistoricActivityInstanceEntity.bulkInsertHistoricActivityInstance  - ==&gt; Parameters: a6f7627c-c6c9-11ed-aa5a-de215c025445(String), simpleProcess:1:a6dcaf6e-c6c9-11ed-aa5a-de215c025445(String), a6f73b68-c6c9-11ed-aa5a-de215c025445(String), a6f73b68-c6c9-11ed-aa5a-de215c025445(String), theStart(String), null, null, null, startEvent(String), null, 2001-01-01 01:23:46.0(Timestamp), 2001-01-01 01:23:46.0(Timestamp), 0(Long), (String), a6f7fec6-c6c9-11ed-aa5a-de215c025445(String), simpleProcess:1:a6dcaf6e-c6c9-11ed-aa5a-de215c025445(String), a6f73b68-c6c9-11ed-aa5a-de215c025445(String), a6f73b68-c6c9-11ed-aa5a-de215c025445(String), task1(String), null, null, null, manualTask(String), null, 2001-01-01 01:23:46.0(Timestamp), 2001-01-01 01:23:46.0(Timestamp), 0(Long), (String), a6f825d8-c6c9-11ed-aa5a-de215c025445(String), simpleProcess:1:a6dcaf6e-c6c9-11ed-aa5a-de215c025445(String), a6f73b68-c6c9-11ed-aa5a-de215c025445(String), a6f73b68-c6c9-11ed-aa5a-de215c025445(String), task2(String), null, null, null, manualTask(String), null, 2001-01-01 01:23:46.0(Timestamp), 2001-01-01 01:23:46.0(Timestamp), 0(Long), (String), a6f873fe-c6c9-11ed-aa5a-de215c025445(String), simpleProcess:1:a6dcaf6e-c6c9-11ed-aa5a-de215c025445(String), a6f73b68-c6c9-11ed-aa5a-de215c025445(String), a6f73b68-c6c9-11ed-aa5a-de215c025445(String), task3(String), null, null, null, manualTask(String), null, 2001-01-01 01:23:46.0(Timestamp), 2001-01-01 01:23:46.0(Timestamp), 0(Long), (String), a6f8c228-c6c9-11ed-aa5a-de215c025445(String), simpleProcess:1:a6dcaf6e-c6c9-11ed-aa5a-de215c025445(String), a6f73b68-c6c9-11ed-aa5a-de215c025445(String), a6f73b68-c6c9-11ed-aa5a-de215c025445(String), task4(String), a6f9104a-c6c9-11ed-aa5a-de215c025445(String), null, null, userTask(String), null, 2001-01-01 01:23:46.0(Timestamp), null, null, (String)
10:48:11,049 [pool-23-thread-4] DEBUG org.activiti.engine.impl.persistence.entity.JobEntity.selectJobsByExecutionId  - ==&gt;  Preparing: select * from ACT_RU_JOB J where J.EXECUTION_ID_ = ? 
10:48:11,050 [pool-23-thread-2] DEBUG org.activiti.engine.impl.persistence.entity.HistoricActivityInstanceEntity.bulkInsertHistoricActivityInstance  - &lt;==    Updates: 5
10:48:11,050 [pool-23-thread-2] DEBUG org.activiti.engine.impl.db.DbSqlSession  - inserting: ProcessInstance[a6f73b68-c6c9-11ed-aa5a-de215c025445]
10:48:11,049 [pool-23-thread-9] DEBUG org.activiti.engine.impl.history.DefaultHistoryManager  - Current history level: AUDIT, level required: ACTIVITY
10:48:11,049 [pool-23-thread-3] DEBUG org.activiti.engine.impl.bpmn.behavior.BpmnActivityBehavior  - Leaving activity &apos;task3&apos;
10:48:11,050 [pool-23-thread-9] DEBUG org.activiti.engine.impl.db.DbSqlSession  -   insert ProcessInstance[a6f7898f-c6c9-11ed-aa5a-de215c025445]
10:48:11,050 [pool-23-thread-9] DEBUG org.activiti.engine.impl.db.DbSqlSession  -   insert HistoricProcessInstanceEntity[superProcessInstanceId=null]
10:48:11,050 [pool-23-thread-9] DEBUG org.activiti.engine.impl.db.DbSqlSession  -   insert Task[id=a6f98580-c6c9-11ed-aa5a-de215c025445, name=null]
10:48:11,050 [pool-23-thread-9] DEBUG org.activiti.engine.impl.db.DbSqlSession  -   insert HistoricTaskInstanceEntity[id=a6f98580-c6c9-11ed-aa5a-de215c025445, name=null]
10:48:11,050 [pool-23-thread-9] DEBUG org.activiti.engine.impl.db.DbSqlSession  -   insert HistoricActivityInstanceEntity[activityId=theStart, activityName=null]
10:48:11,050 [pool-23-thread-9] DEBUG org.activiti.engine.impl.db.DbSqlSession  -   insert HistoricActivityInstanceEntity[activityId=task1, activityName=null]
10:48:11,050 [pool-23-thread-9] DEBUG org.activiti.engine.impl.db.DbSqlSession  -   insert HistoricActivityInstanceEntity[activityId=task2, activityName=null]
10:48:11,050 [pool-23-thread-9] DEBUG org.activiti.engine.impl.db.DbSqlSession  -   insert HistoricActivityInstanceEntity[activityId=task3, activityName=null]
10:48:11,050 [pool-23-thread-9] DEBUG org.activiti.engine.impl.db.DbSqlSession  -   insert HistoricActivityInstanceEntity[activityId=task4, activityName=null]
10:48:11,050 [pool-23-thread-9] DEBUG org.activiti.engine.impl.db.DbSqlSession  - flush summary: 9 insert, 0 update, 0 delete.
10:48:11,050 [pool-23-thread-9] DEBUG org.activiti.engine.impl.db.DbSqlSession  - now executing flush...
10:48:11,050 [pool-23-thread-9] DEBUG org.activiti.engine.impl.db.DbSqlSession  - inserting: HistoricTaskInstanceEntity[id=a6f98580-c6c9-11ed-aa5a-de215c025445, name=null]
10:48:11,050 [pool-23-thread-2] DEBUG org.activiti.engine.impl.persistence.entity.ExecutionEntity.insertExecution  - ==&gt;  Preparing: insert into ACT_RU_EXECUTION (ID_, REV_, PROC_INST_ID_, BUSINESS_KEY_, PROC_DEF_ID_, ACT_ID_, IS_ACTIVE_, IS_CONCURRENT_, IS_SCOPE_,IS_EVENT_SCOPE_, PARENT_ID_, SUPER_EXEC_, SUSPENSION_STATE_, CACHED_ENT_STATE_, TENANT_ID_, NAME_) values ( ?, 1, ?, ?, ?, ?, ?, ?, ?, ?, ?, ?, ?, ?, ?, ? ) 
10:48:11,050 [pool-23-thread-4] DEBUG org.activiti.engine.impl.persistence.entity.JobEntity.selectJobsByExecutionId  - ==&gt; Parameters: a6f9d3a4-c6c9-11ed-aa5a-de215c025445(String)
10:48:11,050 [pool-23-thread-10] DEBUG org.activiti.engine.impl.pvm.runtime.AtomicOperationActivityExecute  - ProcessInstance[a6f84cec-c6c9-11ed-aa5a-de215c025445] executes Activity(task4): org.activiti.engine.impl.bpmn.behavior.UserTaskActivityBehavior
10:48:11,050 [pool-23-thread-5] DEBUG org.activiti.engine.impl.persistence.entity.HistoricActivityInstanceEntity.bulkInsertHistoricActivityInstance  - ==&gt; Parameters: a6f71456-c6c9-11ed-aa5a-de215c025445(String), simpleProcess:1:a6dcaf6e-c6c9-11ed-aa5a-de215c025445(String), a6f6c635-c6c9-11ed-aa5a-de215c025445(String), a6f6c635-c6c9-11ed-aa5a-de215c025445(String), theStart(String), null, null, null, startEvent(String), null, 2001-01-01 01:23:46.0(Timestamp), 2001-01-01 01:23:46.0(Timestamp), 0(Long), (String), a6f78990-c6c9-11ed-aa5a-de215c025445(String), simpleProcess:1:a6dcaf6e-c6c9-11ed-aa5a-de215c025445(String), a6f6c635-c6c9-11ed-aa5a-de215c025445(String), a6f6c635-c6c9-11ed-aa5a-de215c025445(String), task1(String), null, null, null, manualTask(String), null, 2001-01-01 01:23:46.0(Timestamp), 2001-01-01 01:23:46.0(Timestamp), 0(Long), (String), a6f7d7b4-c6c9-11ed-aa5a-de215c025445(String), simpleProcess:1:a6dcaf6e-c6c9-11ed-aa5a-de215c025445(String), a6f6c635-c6c9-11ed-aa5a-de215c025445(String), a6f6c635-c6c9-11ed-aa5a-de215c025445(String), task2(String), null, null, null, manualTask(String), null, 2001-01-01 01:23:46.0(Timestamp), 2001-01-01 01:23:46.0(Timestamp), 0(Long), (String), a6f825d9-c6c9-11ed-aa5a-de215c025445(String), simpleProcess:1:a6dcaf6e-c6c9-11ed-aa5a-de215c025445(String), a6f6c635-c6c9-11ed-aa5a-de215c025445(String), a6f6c635-c6c9-11ed-aa5a-de215c025445(String), task3(String), null, null, null, manualTask(String), null, 2001-01-01 01:23:46.0(Timestamp), 2001-01-01 01:23:46.0(Timestamp), 0(Long), (String), a6f87400-c6c9-11ed-aa5a-de215c025445(String), simpleProcess:1:a6dcaf6e-c6c9-11ed-aa5a-de215c025445(String), a6f6c635-c6c9-11ed-aa5a-de215c025445(String), a6f6c635-c6c9-11ed-aa5a-de215c025445(String), task4(String), a6f89b13-c6c9-11ed-aa5a-de215c025445(String), null, null, userTask(String), null, 2001-01-01 01:23:46.0(Timestamp), null, null, (String)
10:48:11,050 [pool-23-thread-8] DEBUG org.activiti.engine.impl.history.DefaultHistoryManager  - Current history level: AUDIT, level required: ACTIVITY
10:48:11,049 [pool-23-thread-6] DEBUG org.activiti.engine.impl.persistence.entity.ExecutionEntity  - initializing ProcessInstance[a6fa21c8-c6c9-11ed-aa5a-de215c025445]
10:48:11,049 [pool-23-thread-7] DEBUG org.activiti.engine.impl.db.DbSqlSession  -   insert ProcessInstance[a6f78991-c6c9-11ed-aa5a-de215c025445]
10:48:11,050 [pool-23-thread-7] DEBUG org.activiti.engine.impl.db.DbSqlSession  -   insert HistoricProcessInstanceEntity[superProcessInstanceId=null]
10:48:11,050 [pool-23-thread-7] DEBUG org.activiti.engine.impl.db.DbSqlSession  -   insert Task[id=a6f9d3a1-c6c9-11ed-aa5a-de215c025445, name=null]
10:48:11,050 [pool-23-thread-7] DEBUG org.activiti.engine.impl.db.DbSqlSession  -   insert HistoricTaskInstanceEntity[id=a6f9d3a1-c6c9-11ed-aa5a-de215c025445, name=null]
10:48:11,051 [pool-23-thread-7] DEBUG org.activiti.engine.impl.db.DbSqlSession  -   insert HistoricActivityInstanceEntity[activityId=theStart, activityName=null]
10:48:11,051 [pool-23-thread-7] DEBUG org.activiti.engine.impl.db.DbSqlSession  -   insert HistoricActivityInstanceEntity[activityId=task1, activityName=null]
10:48:11,051 [pool-23-thread-7] DEBUG org.activiti.engine.impl.db.DbSqlSession  -   insert HistoricActivityInstanceEntity[activityId=task2, activityName=null]
10:48:11,051 [pool-23-thread-7] DEBUG org.activiti.engine.impl.db.DbSqlSession  -   insert HistoricActivityInstanceEntity[activityId=task3, activityName=null]
10:48:11,051 [pool-23-thread-7] DEBUG org.activiti.engine.impl.db.DbSqlSession  -   insert HistoricActivityInstanceEntity[activityId=task4, activityName=null]
10:48:11,051 [pool-23-thread-7] DEBUG org.activiti.engine.impl.db.DbSqlSession  - flush summary: 9 insert, 0 update, 0 delete.
10:48:11,051 [pool-23-thread-7] DEBUG org.activiti.engine.impl.db.DbSqlSession  - now executing flush...
10:48:11,051 [pool-23-thread-7] DEBUG org.activiti.engine.impl.db.DbSqlSession  - inserting: HistoricTaskInstanceEntity[id=a6f9d3a1-c6c9-11ed-aa5a-de215c025445, name=null]
10:48:11,049 [pool-23-thread-1] DEBUG org.activiti.engine.impl.history.DefaultHistoryManager  - Current history level: AUDIT, level required: ACTIVITY
10:48:11,051 [pool-23-thread-7] DEBUG org.activiti.engine.impl.persistence.entity.HistoricTaskInstanceEntity.insertHistoricTaskInstance  - ==&gt;  Preparing: insert into ACT_HI_TASKINST ( ID_, PROC_DEF_ID_, PROC_INST_ID_, EXECUTION_ID_, NAME_, PARENT_TASK_ID_, DESCRIPTION_, OWNER_, ASSIGNEE_, START_TIME_, CLAIM_TIME_, END_TIME_, DURATION_, DELETE_REASON_, TASK_DEF_KEY_, FORM_KEY_, PRIORITY_, DUE_DATE_, CATEGORY_, TENANT_ID_ ) values ( ?, ?, ?, ?, ?, ?, ?, ?, ?, ?, ?, ?, ?, ?, ?, ?, ?, ?, ?, ? ) 
10:48:11,050 [pool-23-thread-6] DEBUG org.activiti.engine.impl.history.DefaultHistoryManager  - Current history level: AUDIT, level required: ACTIVITY
10:48:11,051 [pool-23-thread-7] DEBUG org.activiti.engine.impl.persistence.entity.HistoricTaskInstanceEntity.insertHistoricTaskInstance  - ==&gt; Parameters: a6f9d3a1-c6c9-11ed-aa5a-de215c025445(String), simpleProcess:1:a6dcaf6e-c6c9-11ed-aa5a-de215c025445(String), a6f78991-c6c9-11ed-aa5a-de215c025445(String), a6f78991-c6c9-11ed-aa5a-de215c025445(String), null, null, null, null, null, 2001-01-01 01:23:46.0(Timestamp), null, null, null, null, task4(String), null, 50(Integer), null, null, (String)
10:48:11,050 [pool-23-thread-8] DEBUG org.activiti.engine.impl.pvm.runtime.AtomicOperationActivityExecute  - ProcessInstance[a6f873fd-c6c9-11ed-aa5a-de215c025445] executes Activity(task3): org.activiti.engine.impl.bpmn.behavior.ManualTaskActivityBehavior
10:48:11,051 [pool-23-thread-8] DEBUG org.activiti.engine.impl.bpmn.behavior.BpmnActivityBehavior  - Leaving activity &apos;task3&apos;
10:48:11,050 [pool-23-thread-5] DEBUG org.activiti.engine.impl.persistence.entity.HistoricActivityInstanceEntity.bulkInsertHistoricActivityInstance  - &lt;==    Updates: 5
10:48:11,051 [pool-23-thread-5] DEBUG org.activiti.engine.impl.db.DbSqlSession  - inserting: ProcessInstance[a6f6c635-c6c9-11ed-aa5a-de215c025445]
10:48:11,050 [pool-23-thread-10] DEBUG org.activiti.engine.impl.persistence.entity.TaskEntity.selectTasksByExecutionId  - ==&gt;  Preparing: select distinct T.* from ACT_RU_TASK T where T.EXECUTION_ID_ = ? 
10:48:11,050 [pool-23-thread-4] DEBUG org.activiti.engine.impl.persistence.entity.JobEntity.selectJobsByExecutionId  - &lt;==      Total: 0
10:48:11,051 [pool-23-thread-4] DEBUG org.activiti.engine.impl.bpmn.behavior.BpmnActivityBehavior  - Leaving activity &apos;theStart&apos;
10:48:11,050 [pool-23-thread-2] DEBUG org.activiti.engine.impl.persistence.entity.ExecutionEntity.insertExecution  - ==&gt; Parameters: a6f73b68-c6c9-11ed-aa5a-de215c025445(String), a6f73b68-c6c9-11ed-aa5a-de215c025445(String), null, simpleProcess:1:a6dcaf6e-c6c9-11ed-aa5a-de215c025445(String), task4(String), true(Boolean), false(Boolean), true(Boolean), false(Boolean), null, null, 1(Integer), 2(Integer), (String), null
10:48:11,050 [pool-23-thread-9] DEBUG org.activiti.engine.impl.persistence.entity.HistoricTaskInstanceEntity.insertHistoricTaskInstance  - ==&gt;  Preparing: insert into ACT_HI_TASKINST ( ID_, PROC_DEF_ID_, PROC_INST_ID_, EXECUTION_ID_, NAME_, PARENT_TASK_ID_, DESCRIPTION_, OWNER_, ASSIGNEE_, START_TIME_, CLAIM_TIME_, END_TIME_, DURATION_, DELETE_REASON_, TASK_DEF_KEY_, FORM_KEY_, PRIORITY_, DUE_DATE_, CATEGORY_, TENANT_ID_ ) values ( ?, ?, ?, ?, ?, ?, ?, ?, ?, ?, ?, ?, ?, ?, ?, ?, ?, ?, ?, ? ) 
10:48:11,050 [pool-23-thread-3] DEBUG org.activiti.engine.impl.history.DefaultHistoryManager  - Current history level: AUDIT, level required: ACTIVITY
10:48:11,051 [pool-23-thread-9] DEBUG org.activiti.engine.impl.persistence.entity.HistoricTaskInstanceEntity.insertHistoricTaskInstance  - ==&gt; Parameters: a6f98580-c6c9-11ed-aa5a-de215c025445(String), simpleProcess:1:a6dcaf6e-c6c9-11ed-aa5a-de215c025445(String), a6f7898f-c6c9-11ed-aa5a-de215c025445(String), a6f7898f-c6c9-11ed-aa5a-de215c025445(String), null, null, null, null, null, 2001-01-01 01:23:46.0(Timestamp), null, null, null, null, task4(String), null, 50(Integer), null, null, (String)
10:48:11,051 [pool-23-thread-2] DEBUG org.activiti.engine.impl.persistence.entity.ExecutionEntity.insertExecution  - &lt;==    Updates: 1
10:48:11,051 [pool-23-thread-2] DEBUG org.activiti.engine.impl.db.DbSqlSession  - inserting: Task[id=a6f9104a-c6c9-11ed-aa5a-de215c025445, name=null]
10:48:11,051 [pool-23-thread-4] DEBUG org.activiti.engine.impl.history.DefaultHistoryManager  - Current history level: AUDIT, level required: ACTIVITY
10:48:11,051 [pool-23-thread-10] DEBUG org.activiti.engine.impl.persistence.entity.TaskEntity.selectTasksByExecutionId  - ==&gt; Parameters: a6f84cec-c6c9-11ed-aa5a-de215c025445(String)
10:48:11,051 [pool-23-thread-5] DEBUG org.activiti.engine.impl.persistence.entity.ExecutionEntity.insertExecution  - ==&gt;  Preparing: insert into ACT_RU_EXECUTION (ID_, REV_, PROC_INST_ID_, BUSINESS_KEY_, PROC_DEF_ID_, ACT_ID_, IS_ACTIVE_, IS_CONCURRENT_, IS_SCOPE_,IS_EVENT_SCOPE_, PARENT_ID_, SUPER_EXEC_, SUSPENSION_STATE_, CACHED_ENT_STATE_, TENANT_ID_, NAME_) values ( ?, 1, ?, ?, ?, ?, ?, ?, ?, ?, ?, ?, ?, ?, ?, ? ) 
10:48:11,051 [pool-23-thread-8] DEBUG org.activiti.engine.impl.history.DefaultHistoryManager  - Current history level: AUDIT, level required: ACTIVITY
10:48:11,051 [pool-23-thread-7] DEBUG org.activiti.engine.impl.persistence.entity.HistoricTaskInstanceEntity.insertHistoricTaskInstance  - &lt;==    Updates: 1
10:48:11,052 [pool-23-thread-7] DEBUG org.activiti.engine.impl.db.DbSqlSession  - inserting: HistoricProcessInstanceEntity[superProcessInstanceId=null]
10:48:11,051 [pool-23-thread-6] DEBUG org.activiti.engine.impl.pvm.runtime.AtomicOperationActivityExecute  - ProcessInstance[a6fa21c8-c6c9-11ed-aa5a-de215c025445] executes Activity(theStart): org.activiti.engine.impl.bpmn.behavior.NoneStartEventActivityBehavior
10:48:11,051 [pool-23-thread-1] DEBUG org.activiti.engine.impl.pvm.runtime.AtomicOperationTransitionNotifyListenerTake  - ProcessInstance[a6f62aec-c6c9-11ed-aa5a-de215c025445] takes transition (task3)--flow4--&gt;(task4)
10:48:11,052 [pool-23-thread-6] DEBUG org.activiti.engine.impl.persistence.entity.JobEntity.selectJobsByExecutionId  - ==&gt;  Preparing: select * from ACT_RU_JOB J where J.EXECUTION_ID_ = ? 
10:48:11,052 [pool-23-thread-7] DEBUG org.activiti.engine.impl.persistence.entity.HistoricProcessInstanceEntity.insertHistoricProcessInstance  - ==&gt;  Preparing: insert into ACT_HI_PROCINST ( ID_, PROC_INST_ID_, BUSINESS_KEY_, PROC_DEF_ID_, START_TIME_, END_TIME_, DURATION_, START_USER_ID_, START_ACT_ID_, END_ACT_ID_, SUPER_PROCESS_INSTANCE_ID_, DELETE_REASON_, TENANT_ID_, NAME_ ) values ( ?, ?, ?, ?, ?, ?, ?, ?, ?, ?, ?, ?, ?, ? ) 
10:48:11,052 [pool-23-thread-8] DEBUG org.activiti.engine.impl.pvm.runtime.AtomicOperationTransitionNotifyListenerTake  - ProcessInstance[a6f873fd-c6c9-11ed-aa5a-de215c025445] takes transition (task3)--flow4--&gt;(task4)
10:48:11,052 [pool-23-thread-5] DEBUG org.activiti.engine.impl.persistence.entity.ExecutionEntity.insertExecution  - ==&gt; Parameters: a6f6c635-c6c9-11ed-aa5a-de215c025445(String), a6f6c635-c6c9-11ed-aa5a-de215c025445(String), null, simpleProcess:1:a6dcaf6e-c6c9-11ed-aa5a-de215c025445(String), task4(String), true(Boolean), false(Boolean), true(Boolean), false(Boolean), null, null, 1(Integer), 2(Integer), (String), null
10:48:11,051 [pool-23-thread-10] DEBUG org.activiti.engine.impl.persistence.entity.TaskEntity.selectTasksByExecutionId  - &lt;==      Total: 0
10:48:11,052 [pool-23-thread-10] DEBUG org.activiti.engine.impl.history.DefaultHistoryManager  - Current history level: AUDIT, level required: AUDIT
10:48:11,052 [pool-23-thread-10] DEBUG org.activiti.engine.impl.history.DefaultHistoryManager  - Current history level: AUDIT, level required: AUDIT
10:48:11,052 [pool-23-thread-10] DEBUG org.activiti.engine.impl.history.DefaultHistoryManager  - Current history level: AUDIT, level required: AUDIT
10:48:11,051 [pool-23-thread-4] DEBUG org.activiti.engine.impl.pvm.runtime.AtomicOperationTransitionNotifyListenerTake  - ProcessInstance[a6f9d3a4-c6c9-11ed-aa5a-de215c025445] takes transition (theStart)--flow1--&gt;(task1)
10:48:11,051 [pool-23-thread-2] DEBUG org.activiti.engine.impl.persistence.entity.TaskEntity.insertTask  - ==&gt;  Preparing: insert into ACT_RU_TASK (ID_, REV_, NAME_, PARENT_TASK_ID_, DESCRIPTION_, PRIORITY_, CREATE_TIME_, OWNER_, ASSIGNEE_, DELEGATION_, EXECUTION_ID_, PROC_INST_ID_, PROC_DEF_ID_, TASK_DEF_KEY_, DUE_DATE_, CATEGORY_, SUSPENSION_STATE_, TENANT_ID_, FORM_KEY_) values (?, 1, ?, ?, ?, ?, ?, ?, ?, ?, ?, ?, ?, ?, ?, ?, ?, ?, ? ) 
10:48:11,051 [pool-23-thread-9] DEBUG org.activiti.engine.impl.persistence.entity.HistoricTaskInstanceEntity.insertHistoricTaskInstance  - &lt;==    Updates: 1
10:48:11,052 [pool-23-thread-2] DEBUG org.activiti.engine.impl.persistence.entity.TaskEntity.insertTask  - ==&gt; Parameters: a6f9104a-c6c9-11ed-aa5a-de215c025445(String), null, null, null, 50(Integer), 2001-01-01 01:23:46.0(Timestamp), null, null, null, a6f73b68-c6c9-11ed-aa5a-de215c025445(String), a6f73b68-c6c9-11ed-aa5a-de215c025445(String), simpleProcess:1:a6dcaf6e-c6c9-11ed-aa5a-de215c025445(String), task4(String), null, null, 1(Integer), (String), null
10:48:11,051 [pool-23-thread-3] DEBUG org.activiti.engine.impl.pvm.runtime.AtomicOperationTransitionNotifyListenerTake  - ProcessInstance[a6f71457-c6c9-11ed-aa5a-de215c025445] takes transition (task3)--flow4--&gt;(task4)
10:48:11,052 [pool-23-thread-3] DEBUG org.activiti.engine.impl.history.DefaultHistoryManager  - Current history level: AUDIT, level required: ACTIVITY
10:48:11,052 [pool-23-thread-2] DEBUG org.activiti.engine.impl.persistence.entity.TaskEntity.insertTask  - &lt;==    Updates: 1
10:48:11,052 [pool-23-thread-9] DEBUG org.activiti.engine.impl.db.DbSqlSession  - inserting: HistoricProcessInstanceEntity[superProcessInstanceId=null]
10:48:11,052 [pool-23-thread-4] DEBUG org.activiti.engine.impl.history.DefaultHistoryManager  - Current history level: AUDIT, level required: ACTIVITY
10:48:11,052 [pool-23-thread-10] DEBUG org.activiti.engine.impl.history.DefaultHistoryManager  - Current history level: AUDIT, level required: ACTIVITY
10:48:11,052 [pool-23-thread-5] DEBUG org.activiti.engine.impl.persistence.entity.ExecutionEntity.insertExecution  - &lt;==    Updates: 1
10:48:11,053 [pool-23-thread-5] DEBUG org.activiti.engine.impl.db.DbSqlSession  - inserting: Task[id=a6f89b13-c6c9-11ed-aa5a-de215c025445, name=null]
10:48:11,052 [pool-23-thread-8] DEBUG org.activiti.engine.impl.history.DefaultHistoryManager  - Current history level: AUDIT, level required: ACTIVITY
10:48:11,052 [pool-23-thread-7] DEBUG org.activiti.engine.impl.persistence.entity.HistoricProcessInstanceEntity.insertHistoricProcessInstance  - ==&gt; Parameters: a6f78991-c6c9-11ed-aa5a-de215c025445(String), a6f78991-c6c9-11ed-aa5a-de215c025445(String), null, simpleProcess:1:a6dcaf6e-c6c9-11ed-aa5a-de215c025445(String), 2001-01-01 01:23:46.0(Timestamp), null, null, null, theStart(String), null, null, null, (String), null
10:48:11,052 [pool-23-thread-6] DEBUG org.activiti.engine.impl.persistence.entity.JobEntity.selectJobsByExecutionId  - ==&gt; Parameters: a6fa21c8-c6c9-11ed-aa5a-de215c025445(String)
10:48:11,052 [pool-23-thread-1] DEBUG org.activiti.engine.impl.history.DefaultHistoryManager  - Current history level: AUDIT, level required: ACTIVITY
10:48:11,053 [pool-23-thread-6] DEBUG org.activiti.engine.impl.persistence.entity.JobEntity.selectJobsByExecutionId  - &lt;==      Total: 0
10:48:11,053 [pool-23-thread-6] DEBUG org.activiti.engine.impl.bpmn.behavior.BpmnActivityBehavior  - Leaving activity &apos;theStart&apos;
10:48:11,053 [pool-23-thread-7] DEBUG org.activiti.engine.impl.persistence.entity.HistoricProcessInstanceEntity.insertHistoricProcessInstance  - &lt;==    Updates: 1
10:48:11,053 [pool-23-thread-8] DEBUG org.activiti.engine.impl.pvm.runtime.AtomicOperationActivityExecute  - ProcessInstance[a6f873fd-c6c9-11ed-aa5a-de215c025445] executes Activity(task4): org.activiti.engine.impl.bpmn.behavior.UserTaskActivityBehavior
10:48:11,053 [pool-23-thread-5] DEBUG org.activiti.engine.impl.persistence.entity.TaskEntity.insertTask  - ==&gt;  Preparing: insert into ACT_RU_TASK (ID_, REV_, NAME_, PARENT_TASK_ID_, DESCRIPTION_, PRIORITY_, CREATE_TIME_, OWNER_, ASSIGNEE_, DELEGATION_, EXECUTION_ID_, PROC_INST_ID_, PROC_DEF_ID_, TASK_DEF_KEY_, DUE_DATE_, CATEGORY_, SUSPENSION_STATE_, TENANT_ID_, FORM_KEY_) values (?, 1, ?, ?, ?, ?, ?, ?, ?, ?, ?, ?, ?, ?, ?, ?, ?, ?, ? ) 
10:48:11,052 [pool-23-thread-10] DEBUG org.activiti.engine.impl.db.DbSqlSession  -   insert ProcessInstance[a6f84cec-c6c9-11ed-aa5a-de215c025445]
10:48:11,053 [pool-23-thread-10] DEBUG org.activiti.engine.impl.db.DbSqlSession  -   insert HistoricProcessInstanceEntity[superProcessInstanceId=null]
10:48:11,053 [pool-23-thread-10] DEBUG org.activiti.engine.impl.db.DbSqlSession  -   insert Task[id=a6fa48da-c6c9-11ed-aa5a-de215c025445, name=null]
10:48:11,053 [pool-23-thread-10] DEBUG org.activiti.engine.impl.db.DbSqlSession  -   insert HistoricTaskInstanceEntity[id=a6fa48da-c6c9-11ed-aa5a-de215c025445, name=null]
10:48:11,053 [pool-23-thread-10] DEBUG org.activiti.engine.impl.db.DbSqlSession  -   insert HistoricActivityInstanceEntity[activityId=theStart, activityName=null]
10:48:11,053 [pool-23-thread-10] DEBUG org.activiti.engine.impl.db.DbSqlSession  -   insert HistoricActivityInstanceEntity[activityId=task1, activityName=null]
10:48:11,053 [pool-23-thread-10] DEBUG org.activiti.engine.impl.db.DbSqlSession  -   insert HistoricActivityInstanceEntity[activityId=task2, activityName=null]
10:48:11,053 [pool-23-thread-10] DEBUG org.activiti.engine.impl.db.DbSqlSession  -   insert HistoricActivityInstanceEntity[activityId=task3, activityName=null]
10:48:11,053 [pool-23-thread-10] DEBUG org.activiti.engine.impl.db.DbSqlSession  -   insert HistoricActivityInstanceEntity[activityId=task4, activityName=null]
10:48:11,053 [pool-23-thread-10] DEBUG org.activiti.engine.impl.db.DbSqlSession  - flush summary: 9 insert, 0 update, 0 delete.
10:48:11,053 [pool-23-thread-10] DEBUG org.activiti.engine.impl.db.DbSqlSession  - now executing flush...
10:48:11,053 [pool-23-thread-10] DEBUG org.activiti.engine.impl.db.DbSqlSession  - inserting: HistoricTaskInstanceEntity[id=a6fa48da-c6c9-11ed-aa5a-de215c025445, name=null]
10:48:11,052 [pool-23-thread-4] DEBUG org.activiti.engine.impl.pvm.runtime.AtomicOperationActivityExecute  - ProcessInstance[a6f9d3a4-c6c9-11ed-aa5a-de215c025445] executes Activity(task1): org.activiti.engine.impl.bpmn.behavior.ManualTaskActivityBehavior
10:48:11,053 [pool-23-thread-4] DEBUG org.activiti.engine.impl.bpmn.behavior.BpmnActivityBehavior  - Leaving activity &apos;task1&apos;
10:48:11,052 [pool-23-thread-9] DEBUG org.activiti.engine.impl.persistence.entity.HistoricProcessInstanceEntity.insertHistoricProcessInstance  - ==&gt;  Preparing: insert into ACT_HI_PROCINST ( ID_, PROC_INST_ID_, BUSINESS_KEY_, PROC_DEF_ID_, START_TIME_, END_TIME_, DURATION_, START_USER_ID_, START_ACT_ID_, END_ACT_ID_, SUPER_PROCESS_INSTANCE_ID_, DELETE_REASON_, TENANT_ID_, NAME_ ) values ( ?, ?, ?, ?, ?, ?, ?, ?, ?, ?, ?, ?, ?, ? ) 
10:48:11,052 [pool-23-thread-2] DEBUG org.activiti.engine.impl.cfg.standalone.StandaloneMybatisTransactionContext  - firing event committing...
10:48:11,053 [pool-23-thread-2] DEBUG org.activiti.engine.impl.cfg.standalone.StandaloneMybatisTransactionContext  - committing the ibatis sql session...
10:48:11,052 [pool-23-thread-3] DEBUG org.activiti.engine.impl.pvm.runtime.AtomicOperationActivityExecute  - ProcessInstance[a6f71457-c6c9-11ed-aa5a-de215c025445] executes Activity(task4): org.activiti.engine.impl.bpmn.behavior.UserTaskActivityBehavior
10:48:11,053 [pool-23-thread-2] DEBUG org.apache.ibatis.transaction.jdbc.JdbcTransaction  - Committing JDBC Connection [conn155: url=jdbc:h2:mem:activiti-uuid-generator-test user=SA]
10:48:11,053 [pool-23-thread-9] DEBUG org.activiti.engine.impl.persistence.entity.HistoricProcessInstanceEntity.insertHistoricProcessInstance  - ==&gt; Parameters: a6f7898f-c6c9-11ed-aa5a-de215c025445(String), a6f7898f-c6c9-11ed-aa5a-de215c025445(String), null, simpleProcess:1:a6dcaf6e-c6c9-11ed-aa5a-de215c025445(String), 2001-01-01 01:23:46.0(Timestamp), null, null, null, theStart(String), null, null, null, (String), null
10:48:11,054 [pool-23-thread-2] DEBUG org.activiti.engine.impl.cfg.standalone.StandaloneMybatisTransactionContext  - firing event committed...
10:48:11,054 [pool-23-thread-9] DEBUG org.activiti.engine.impl.persistence.entity.HistoricProcessInstanceEntity.insertHistoricProcessInstance  - &lt;==    Updates: 1
10:48:11,053 [pool-23-thread-4] DEBUG org.activiti.engine.impl.history.DefaultHistoryManager  - Current history level: AUDIT, level required: ACTIVITY
10:48:11,053 [pool-23-thread-10] DEBUG org.activiti.engine.impl.persistence.entity.HistoricTaskInstanceEntity.insertHistoricTaskInstance  - ==&gt;  Preparing: insert into ACT_HI_TASKINST ( ID_, PROC_DEF_ID_, PROC_INST_ID_, EXECUTION_ID_, NAME_, PARENT_TASK_ID_, DESCRIPTION_, OWNER_, ASSIGNEE_, START_TIME_, CLAIM_TIME_, END_TIME_, DURATION_, DELETE_REASON_, TASK_DEF_KEY_, FORM_KEY_, PRIORITY_, DUE_DATE_, CATEGORY_, TENANT_ID_ ) values ( ?, ?, ?, ?, ?, ?, ?, ?, ?, ?, ?, ?, ?, ?, ?, ?, ?, ?, ?, ? ) 
10:48:11,053 [pool-23-thread-7] DEBUG org.activiti.engine.impl.persistence.entity.HistoricActivityInstanceEntity.bulkInsertHistoricActivityInstance  - ==&gt;  Preparing: insert into ACT_HI_ACTINST ( ID_, PROC_DEF_ID_, PROC_INST_ID_, EXECUTION_ID_, ACT_ID_, TASK_ID_, CALL_PROC_INST_ID_, ACT_NAME_, ACT_TYPE_, ASSIGNEE_, START_TIME_, END_TIME_, DURATION_, TENANT_ID_ ) values (?, ?, ?, ?, ?, ?, ?, ?, ?, ?, ?, ?, ?, ?) , (?, ?, ?, ?, ?, ?, ?, ?, ?, ?, ?, ?, ?, ?) , (?, ?, ?, ?, ?, ?, ?, ?, ?, ?, ?, ?, ?, ?) , (?, ?, ?, ?, ?, ?, ?, ?, ?, ?, ?, ?, ?, ?) , (?, ?, ?, ?, ?, ?, ?, ?, ?, ?, ?, ?, ?, ?) 
10:48:11,053 [pool-23-thread-5] DEBUG org.activiti.engine.impl.persistence.entity.TaskEntity.insertTask  - ==&gt; Parameters: a6f89b13-c6c9-11ed-aa5a-de215c025445(String), null, null, null, 50(Integer), 2001-01-01 01:23:46.0(Timestamp), null, null, null, a6f6c635-c6c9-11ed-aa5a-de215c025445(String), a6f6c635-c6c9-11ed-aa5a-de215c025445(String), simpleProcess:1:a6dcaf6e-c6c9-11ed-aa5a-de215c025445(String), task4(String), null, null, 1(Integer), (String), null
10:48:11,053 [pool-23-thread-8] DEBUG org.activiti.engine.impl.persistence.entity.TaskEntity.selectTasksByExecutionId  - ==&gt;  Preparing: select distinct T.* from ACT_RU_TASK T where T.EXECUTION_ID_ = ? 
10:48:11,054 [pool-23-thread-7] DEBUG org.activiti.engine.impl.persistence.entity.HistoricActivityInstanceEntity.bulkInsertHistoricActivityInstance  - ==&gt; Parameters: a6f7b0a3-c6c9-11ed-aa5a-de215c025445(String), simpleProcess:1:a6dcaf6e-c6c9-11ed-aa5a-de215c025445(String), a6f78991-c6c9-11ed-aa5a-de215c025445(String), a6f78991-c6c9-11ed-aa5a-de215c025445(String), theStart(String), null, null, null, startEvent(String), null, 2001-01-01 01:23:46.0(Timestamp), 2001-01-01 01:23:46.0(Timestamp), 0(Long), (String), a6f84cea-c6c9-11ed-aa5a-de215c025445(String), simpleProcess:1:a6dcaf6e-c6c9-11ed-aa5a-de215c025445(String), a6f78991-c6c9-11ed-aa5a-de215c025445(String), a6f78991-c6c9-11ed-aa5a-de215c025445(String), task1(String), null, null, null, manualTask(String), null, 2001-01-01 01:23:46.0(Timestamp), 2001-01-01 01:23:46.0(Timestamp), 0(Long), (String), a6f89b15-c6c9-11ed-aa5a-de215c025445(String), simpleProcess:1:a6dcaf6e-c6c9-11ed-aa5a-de215c025445(String), a6f78991-c6c9-11ed-aa5a-de215c025445(String), a6f78991-c6c9-11ed-aa5a-de215c025445(String), task2(String), null, null, null, manualTask(String), null, 2001-01-01 01:23:46.0(Timestamp), 2001-01-01 01:23:46.0(Timestamp), 0(Long), (String), a6f9104b-c6c9-11ed-aa5a-de215c025445(String), simpleProcess:1:a6dcaf6e-c6c9-11ed-aa5a-de215c025445(String), a6f78991-c6c9-11ed-aa5a-de215c025445(String), a6f78991-c6c9-11ed-aa5a-de215c025445(String), task3(String), null, null, null, manualTask(String), null, 2001-01-01 01:23:46.0(Timestamp), 2001-01-01 01:23:46.0(Timestamp), 0(Long), (String), a6f9857e-c6c9-11ed-aa5a-de215c025445(String), simpleProcess:1:a6dcaf6e-c6c9-11ed-aa5a-de215c025445(String), a6f78991-c6c9-11ed-aa5a-de215c025445(String), a6f78991-c6c9-11ed-aa5a-de215c025445(String), task4(String), a6f9d3a1-c6c9-11ed-aa5a-de215c025445(String), null, null, userTask(String), null, 2001-01-01 01:23:46.0(Timestamp), null, null, (String)
10:48:11,053 [pool-23-thread-6] DEBUG org.activiti.engine.impl.history.DefaultHistoryManager  - Current history level: AUDIT, level required: ACTIVITY
10:48:11,054 [pool-23-thread-7] DEBUG org.activiti.engine.impl.persistence.entity.HistoricActivityInstanceEntity.bulkInsertHistoricActivityInstance  - &lt;==    Updates: 5
10:48:11,054 [pool-23-thread-7] DEBUG org.activiti.engine.impl.db.DbSqlSession  - inserting: ProcessInstance[a6f78991-c6c9-11ed-aa5a-de215c025445]
10:48:11,053 [pool-23-thread-1] DEBUG org.activiti.engine.impl.pvm.runtime.AtomicOperationActivityExecute  - ProcessInstance[a6f62aec-c6c9-11ed-aa5a-de215c025445] executes Activity(task4): org.activiti.engine.impl.bpmn.behavior.UserTaskActivityBehavior
10:48:11,054 [pool-23-thread-7] DEBUG org.activiti.engine.impl.persistence.entity.ExecutionEntity.insertExecution  - ==&gt;  Preparing: insert into ACT_RU_EXECUTION (ID_, REV_, PROC_INST_ID_, BUSINESS_KEY_, PROC_DEF_ID_, ACT_ID_, IS_ACTIVE_, IS_CONCURRENT_, IS_SCOPE_,IS_EVENT_SCOPE_, PARENT_ID_, SUPER_EXEC_, SUSPENSION_STATE_, CACHED_ENT_STATE_, TENANT_ID_, NAME_) values ( ?, 1, ?, ?, ?, ?, ?, ?, ?, ?, ?, ?, ?, ?, ?, ? ) 
10:48:11,054 [pool-23-thread-6] DEBUG org.activiti.engine.impl.pvm.runtime.AtomicOperationTransitionNotifyListenerTake  - ProcessInstance[a6fa21c8-c6c9-11ed-aa5a-de215c025445] takes transition (theStart)--flow1--&gt;(task1)
10:48:11,054 [pool-23-thread-8] DEBUG org.activiti.engine.impl.persistence.entity.TaskEntity.selectTasksByExecutionId  - ==&gt; Parameters: a6f873fd-c6c9-11ed-aa5a-de215c025445(String)
10:48:11,054 [pool-23-thread-9] DEBUG org.activiti.engine.impl.persistence.entity.HistoricActivityInstanceEntity.bulkInsertHistoricActivityInstance  - ==&gt;  Preparing: insert into ACT_HI_ACTINST ( ID_, PROC_DEF_ID_, PROC_INST_ID_, EXECUTION_ID_, ACT_ID_, TASK_ID_, CALL_PROC_INST_ID_, ACT_NAME_, ACT_TYPE_, ASSIGNEE_, START_TIME_, END_TIME_, DURATION_, TENANT_ID_ ) values (?, ?, ?, ?, ?, ?, ?, ?, ?, ?, ?, ?, ?, ?) , (?, ?, ?, ?, ?, ?, ?, ?, ?, ?, ?, ?, ?, ?) , (?, ?, ?, ?, ?, ?, ?, ?, ?, ?, ?, ?, ?, ?) , (?, ?, ?, ?, ?, ?, ?, ?, ?, ?, ?, ?, ?, ?) , (?, ?, ?, ?, ?, ?, ?, ?, ?, ?, ?, ?, ?, ?) 
10:48:11,054 [pool-23-thread-5] DEBUG org.activiti.engine.impl.persistence.entity.TaskEntity.insertTask  - &lt;==    Updates: 1
10:48:11,054 [pool-23-thread-5] DEBUG org.activiti.engine.impl.cfg.standalone.StandaloneMybatisTransactionContext  - firing event committing...
10:48:11,054 [pool-23-thread-5] DEBUG org.activiti.engine.impl.cfg.standalone.StandaloneMybatisTransactionContext  - committing the ibatis sql session...
10:48:11,054 [pool-23-thread-5] DEBUG org.apache.ibatis.transaction.jdbc.JdbcTransaction  - Committing JDBC Connection [conn147: url=jdbc:h2:mem:activiti-uuid-generator-test user=SA]
10:48:11,054 [pool-23-thread-10] DEBUG org.activiti.engine.impl.persistence.entity.HistoricTaskInstanceEntity.insertHistoricTaskInstance  - ==&gt; Parameters: a6fa48da-c6c9-11ed-aa5a-de215c025445(String), simpleProcess:1:a6dcaf6e-c6c9-11ed-aa5a-de215c025445(String), a6f84cec-c6c9-11ed-aa5a-de215c025445(String), a6f84cec-c6c9-11ed-aa5a-de215c025445(String), null, null, null, null, null, 2001-01-01 01:23:46.0(Timestamp), null, null, null, null, task4(String), null, 50(Integer), null, null, (String)
10:48:11,054 [pool-23-thread-4] DEBUG org.activiti.engine.impl.pvm.runtime.AtomicOperationTransitionNotifyListenerTake  - ProcessInstance[a6f9d3a4-c6c9-11ed-aa5a-de215c025445] takes transition (task1)--flow2--&gt;(task2)
10:48:11,054 [pool-23-thread-2] DEBUG org.apache.ibatis.transaction.jdbc.JdbcTransaction  - Resetting autocommit to true on JDBC Connection [conn155: url=jdbc:h2:mem:activiti-uuid-generator-test user=SA]
10:48:11,054 [pool-23-thread-2] DEBUG org.apache.ibatis.transaction.jdbc.JdbcTransaction  - Closing JDBC Connection [conn155: url=jdbc:h2:mem:activiti-uuid-generator-test user=SA]
10:48:11,054 [pool-23-thread-2] DEBUG org.apache.ibatis.datasource.pooled.PooledDataSource  - Returned connection 1225090506 to pool.
10:48:11,055 [pool-23-thread-2] DEBUG org.activiti.engine.impl.interceptor.LogInterceptor  - --- StartProcessInstanceCmd finished --------------------------------------------------------
10:48:11,055 [pool-23-thread-2] DEBUG org.activiti.engine.impl.interceptor.LogInterceptor  - 

10:48:11,053 [pool-23-thread-3] DEBUG org.activiti.engine.impl.persistence.entity.TaskEntity.selectTasksByExecutionId  - ==&gt;  Preparing: select distinct T.* from ACT_RU_TASK T where T.EXECUTION_ID_ = ? 
10:48:11,055 [pool-23-thread-2] DEBUG org.activiti.engine.impl.interceptor.LogInterceptor  - 

10:48:11,055 [pool-23-thread-2] DEBUG org.activiti.engine.impl.interceptor.LogInterceptor  - --- starting TaskQueryImpl --------------------------------------------------------
10:48:11,054 [pool-23-thread-4] DEBUG org.activiti.engine.impl.history.DefaultHistoryManager  - Current history level: AUDIT, level required: ACTIVITY
10:48:11,054 [pool-23-thread-10] DEBUG org.activiti.engine.impl.persistence.entity.HistoricTaskInstanceEntity.insertHistoricTaskInstance  - &lt;==    Updates: 1
10:48:11,055 [pool-23-thread-10] DEBUG org.activiti.engine.impl.db.DbSqlSession  - inserting: HistoricProcessInstanceEntity[superProcessInstanceId=null]
10:48:11,054 [pool-23-thread-5] DEBUG org.activiti.engine.impl.cfg.standalone.StandaloneMybatisTransactionContext  - firing event committed...
10:48:11,055 [pool-23-thread-5] DEBUG org.apache.ibatis.transaction.jdbc.JdbcTransaction  - Resetting autocommit to true on JDBC Connection [conn147: url=jdbc:h2:mem:activiti-uuid-generator-test user=SA]
10:48:11,055 [pool-23-thread-5] DEBUG org.apache.ibatis.transaction.jdbc.JdbcTransaction  - Closing JDBC Connection [conn147: url=jdbc:h2:mem:activiti-uuid-generator-test user=SA]
10:48:11,055 [pool-23-thread-5] DEBUG org.apache.ibatis.datasource.pooled.PooledDataSource  - Returned connection 391030253 to pool.
10:48:11,054 [pool-23-thread-9] DEBUG org.activiti.engine.impl.persistence.entity.HistoricActivityInstanceEntity.bulkInsertHistoricActivityInstance  - ==&gt; Parameters: a6f7b0a2-c6c9-11ed-aa5a-de215c025445(String), simpleProcess:1:a6dcaf6e-c6c9-11ed-aa5a-de215c025445(String), a6f7898f-c6c9-11ed-aa5a-de215c025445(String), a6f7898f-c6c9-11ed-aa5a-de215c025445(String), theStart(String), null, null, null, startEvent(String), null, 2001-01-01 01:23:46.0(Timestamp), 2001-01-01 01:23:46.0(Timestamp), 0(Long), (String), a6f84ceb-c6c9-11ed-aa5a-de215c025445(String), simpleProcess:1:a6dcaf6e-c6c9-11ed-aa5a-de215c025445(String), a6f7898f-c6c9-11ed-aa5a-de215c025445(String), a6f7898f-c6c9-11ed-aa5a-de215c025445(String), task1(String), null, null, null, manualTask(String), null, 2001-01-01 01:23:46.0(Timestamp), 2001-01-01 01:23:46.0(Timestamp), 0(Long), (String), a6f873ff-c6c9-11ed-aa5a-de215c025445(String), simpleProcess:1:a6dcaf6e-c6c9-11ed-aa5a-de215c025445(String), a6f7898f-c6c9-11ed-aa5a-de215c025445(String), a6f7898f-c6c9-11ed-aa5a-de215c025445(String), task2(String), null, null, null, manualTask(String), null, 2001-01-01 01:23:46.0(Timestamp), 2001-01-01 01:23:46.0(Timestamp), 0(Long), (String), a6f8c227-c6c9-11ed-aa5a-de215c025445(String), simpleProcess:1:a6dcaf6e-c6c9-11ed-aa5a-de215c025445(String), a6f7898f-c6c9-11ed-aa5a-de215c025445(String), a6f7898f-c6c9-11ed-aa5a-de215c025445(String), task3(String), null, null, null, manualTask(String), null, 2001-01-01 01:23:46.0(Timestamp), 2001-01-01 01:23:46.0(Timestamp), 0(Long), (String), a6f9857f-c6c9-11ed-aa5a-de215c025445(String), simpleProcess:1:a6dcaf6e-c6c9-11ed-aa5a-de215c025445(String), a6f7898f-c6c9-11ed-aa5a-de215c025445(String), a6f7898f-c6c9-11ed-aa5a-de215c025445(String), task4(String), a6f98580-c6c9-11ed-aa5a-de215c025445(String), null, null, userTask(String), null, 2001-01-01 01:23:46.0(Timestamp), null, null, (String)
10:48:11,054 [pool-23-thread-8] DEBUG org.activiti.engine.impl.persistence.entity.TaskEntity.selectTasksByExecutionId  - &lt;==      Total: 0
10:48:11,055 [pool-23-thread-8] DEBUG org.activiti.engine.impl.history.DefaultHistoryManager  - Current history level: AUDIT, level required: AUDIT
10:48:11,054 [pool-23-thread-6] DEBUG org.activiti.engine.impl.history.DefaultHistoryManager  - Current history level: AUDIT, level required: ACTIVITY
10:48:11,054 [pool-23-thread-7] DEBUG org.activiti.engine.impl.persistence.entity.ExecutionEntity.insertExecution  - ==&gt; Parameters: a6f78991-c6c9-11ed-aa5a-de215c025445(String), a6f78991-c6c9-11ed-aa5a-de215c025445(String), null, simpleProcess:1:a6dcaf6e-c6c9-11ed-aa5a-de215c025445(String), task4(String), true(Boolean), false(Boolean), true(Boolean), false(Boolean), null, null, 1(Integer), 2(Integer), (String), null
10:48:11,055 [pool-23-thread-2] DEBUG org.apache.ibatis.transaction.jdbc.JdbcTransaction  - Opening JDBC Connection
10:48:11,055 [pool-23-thread-7] DEBUG org.activiti.engine.impl.persistence.entity.ExecutionEntity.insertExecution  - &lt;==    Updates: 1
10:48:11,055 [pool-23-thread-7] DEBUG org.activiti.engine.impl.db.DbSqlSession  - inserting: Task[id=a6f9d3a1-c6c9-11ed-aa5a-de215c025445, name=null]
10:48:11,054 [pool-23-thread-1] DEBUG org.activiti.engine.impl.persistence.entity.TaskEntity.selectTasksByExecutionId  - ==&gt;  Preparing: select distinct T.* from ACT_RU_TASK T where T.EXECUTION_ID_ = ? 
10:48:11,055 [pool-23-thread-7] DEBUG org.activiti.engine.impl.persistence.entity.TaskEntity.insertTask  - ==&gt;  Preparing: insert into ACT_RU_TASK (ID_, REV_, NAME_, PARENT_TASK_ID_, DESCRIPTION_, PRIORITY_, CREATE_TIME_, OWNER_, ASSIGNEE_, DELEGATION_, EXECUTION_ID_, PROC_INST_ID_, PROC_DEF_ID_, TASK_DEF_KEY_, DUE_DATE_, CATEGORY_, SUSPENSION_STATE_, TENANT_ID_, FORM_KEY_) values (?, 1, ?, ?, ?, ?, ?, ?, ?, ?, ?, ?, ?, ?, ?, ?, ?, ?, ? ) 
10:48:11,055 [pool-23-thread-2] DEBUG org.apache.ibatis.datasource.pooled.PooledDataSource  - Checked out connection 1225090506 from pool.
10:48:11,055 [pool-23-thread-2] DEBUG org.apache.ibatis.transaction.jdbc.JdbcTransaction  - Setting autocommit to false on JDBC Connection [conn155: url=jdbc:h2:mem:activiti-uuid-generator-test user=SA]
10:48:11,055 [pool-23-thread-6] DEBUG org.activiti.engine.impl.pvm.runtime.AtomicOperationActivityExecute  - ProcessInstance[a6fa21c8-c6c9-11ed-aa5a-de215c025445] executes Activity(task1): org.activiti.engine.impl.bpmn.behavior.ManualTaskActivityBehavior
10:48:11,055 [pool-23-thread-6] DEBUG org.activiti.engine.impl.bpmn.behavior.BpmnActivityBehavior  - Leaving activity &apos;task1&apos;
10:48:11,055 [pool-23-thread-8] DEBUG org.activiti.engine.impl.history.DefaultHistoryManager  - Current history level: AUDIT, level required: AUDIT
10:48:11,055 [pool-23-thread-9] DEBUG org.activiti.engine.impl.persistence.entity.HistoricActivityInstanceEntity.bulkInsertHistoricActivityInstance  - &lt;==    Updates: 5
10:48:11,055 [pool-23-thread-5] DEBUG org.activiti.engine.impl.interceptor.LogInterceptor  - --- StartProcessInstanceCmd finished --------------------------------------------------------
10:48:11,056 [pool-23-thread-5] DEBUG org.activiti.engine.impl.interceptor.LogInterceptor  - 

10:48:11,055 [pool-23-thread-10] DEBUG org.activiti.engine.impl.persistence.entity.HistoricProcessInstanceEntity.insertHistoricProcessInstance  - ==&gt;  Preparing: insert into ACT_HI_PROCINST ( ID_, PROC_INST_ID_, BUSINESS_KEY_, PROC_DEF_ID_, START_TIME_, END_TIME_, DURATION_, START_USER_ID_, START_ACT_ID_, END_ACT_ID_, SUPER_PROCESS_INSTANCE_ID_, DELETE_REASON_, TENANT_ID_, NAME_ ) values ( ?, ?, ?, ?, ?, ?, ?, ?, ?, ?, ?, ?, ?, ? ) 
10:48:11,055 [pool-23-thread-4] DEBUG org.activiti.engine.impl.pvm.runtime.AtomicOperationActivityExecute  - ProcessInstance[a6f9d3a4-c6c9-11ed-aa5a-de215c025445] executes Activity(task2): org.activiti.engine.impl.bpmn.behavior.ManualTaskActivityBehavior
10:48:11,055 [pool-23-thread-3] DEBUG org.activiti.engine.impl.persistence.entity.TaskEntity.selectTasksByExecutionId  - ==&gt; Parameters: a6f71457-c6c9-11ed-aa5a-de215c025445(String)
10:48:11,056 [pool-23-thread-4] DEBUG org.activiti.engine.impl.bpmn.behavior.BpmnActivityBehavior  - Leaving activity &apos;task2&apos;
10:48:11,056 [pool-23-thread-10] DEBUG org.activiti.engine.impl.persistence.entity.HistoricProcessInstanceEntity.insertHistoricProcessInstance  - ==&gt; Parameters: a6f84cec-c6c9-11ed-aa5a-de215c025445(String), a6f84cec-c6c9-11ed-aa5a-de215c025445(String), null, simpleProcess:1:a6dcaf6e-c6c9-11ed-aa5a-de215c025445(String), 2001-01-01 01:23:46.0(Timestamp), null, null, null, theStart(String), null, null, null, (String), null
10:48:11,056 [pool-23-thread-9] DEBUG org.activiti.engine.impl.db.DbSqlSession  - inserting: ProcessInstance[a6f7898f-c6c9-11ed-aa5a-de215c025445]
10:48:11,056 [pool-23-thread-8] DEBUG org.activiti.engine.impl.history.DefaultHistoryManager  - Current history level: AUDIT, level required: AUDIT
10:48:11,056 [pool-23-thread-6] DEBUG org.activiti.engine.impl.history.DefaultHistoryManager  - Current history level: AUDIT, level required: ACTIVITY
10:48:11,055 [pool-23-thread-2] DEBUG org.activiti.engine.impl.persistence.entity.TaskEntity.selectTaskByQueryCriteria  - ==&gt;  Preparing: select distinct RES.* from ACT_RU_TASK RES order by order by RES.ID_ asc LIMIT ? OFFSET ? 
10:48:11,055 [pool-23-thread-7] DEBUG org.activiti.engine.impl.persistence.entity.TaskEntity.insertTask  - ==&gt; Parameters: a6f9d3a1-c6c9-11ed-aa5a-de215c025445(String), null, null, null, 50(Integer), 2001-01-01 01:23:46.0(Timestamp), null, null, null, a6f78991-c6c9-11ed-aa5a-de215c025445(String), a6f78991-c6c9-11ed-aa5a-de215c025445(String), simpleProcess:1:a6dcaf6e-c6c9-11ed-aa5a-de215c025445(String), task4(String), null, null, 1(Integer), (String), null
10:48:11,055 [pool-23-thread-1] DEBUG org.activiti.engine.impl.persistence.entity.TaskEntity.selectTasksByExecutionId  - ==&gt; Parameters: a6f62aec-c6c9-11ed-aa5a-de215c025445(String)
10:48:11,057 [pool-23-thread-2] DEBUG org.activiti.engine.impl.interceptor.CommandContext  - Error while closing command context
org.apache.ibatis.exceptions.PersistenceException: 
### Error querying database.  Cause: org.h2.jdbc.JdbcSQLException: Syntax error in SQL statement &quot;SELECT DISTINCT RES.* 
       
    FROM ACT_RU_TASK RES
     
     
     
     
    
     
     
     
      
   
    
     ORDER BY  ORDER[*] BY RES.ID_ ASC  
    LIMIT ? OFFSET ? &quot;; expected &quot;=, NOT, EXISTS, INTERSECTS, SELECT, FROM&quot;; SQL statement:
select distinct RES.* 
       
    from ACT_RU_TASK RES
     
     
     
     
    
     
     
     
      
   
    
     order by  order by RES.ID_ asc  
    LIMIT ? OFFSET ? [42001-176]
### The error may exist in org/activiti/db/mapping/entity/Task.xml
### The error may involve org.activiti.engine.impl.persistence.entity.TaskEntity.selectTaskByQueryCriteria
### The error occurred while executing a query
### SQL: select distinct RES.*              from ACT_RU_TASK RES                                                                     order by  order by RES.ID_ asc       LIMIT ? OFFSET ?
### Cause: org.h2.jdbc.JdbcSQLException: Syntax error in SQL statement &quot;SELECT DISTINCT RES.* 
       
    FROM ACT_RU_TASK RES
     
     
     
     
    
     
     
     
      
   
    
     ORDER BY  ORDER[*] BY RES.ID_ ASC  
    LIMIT ? OFFSET ? &quot;; expected &quot;=, NOT, EXISTS, INTERSECTS, SELECT, FROM&quot;; SQL statement:
select distinct RES.* 
       
    from ACT_RU_TASK RES
     
     
     
     
    
     
     
     
      
   
    
     order by  order by RES.ID_ asc  
    LIMIT ? OFFSET ? [42001-176]
	at org.apache.ibatis.exceptions.ExceptionFactory.wrapException(ExceptionFactory.java:30)
	at org.apache.ibatis.session.defaults.DefaultSqlSession.selectList(DefaultSqlSession.java:122)
	at org.apache.ibatis.session.defaults.DefaultSqlSession.selectList(DefaultSqlSession.java:113)
	at org.activiti.engine.impl.db.DbSqlSession.selectListWithRawParameter(DbSqlSession.java:438)
	at org.activiti.engine.impl.db.DbSqlSession.selectList(DbSqlSession.java:429)
	at org.activiti.engine.impl.persistence.entity.TaskEntityManager.findTasksByQueryCriteria(TaskEntityManager.java:135)
	at org.activiti.engine.impl.TaskQueryImpl.executeList(TaskQueryImpl.java:1256)
	at org.activiti.engine.impl.AbstractQuery.execute(AbstractQuery.java:164)
	at org.activiti.engine.impl.interceptor.CommandInvoker.execute(CommandInvoker.java:24)
	at org.activiti.engine.impl.interceptor.CommandContextInterceptor.execute(CommandContextInterceptor.java:57)
	at org.activiti.engine.impl.interceptor.LogInterceptor.execute(LogInterceptor.java:37)
	at org.activiti.engine.impl.cfg.CommandExecutorImpl.execute(CommandExecutorImpl.java:40)
	at org.activiti.engine.impl.cfg.CommandExecutorImpl.execute(CommandExecutorImpl.java:35)
	at org.activiti.engine.impl.AbstractQuery.list(AbstractQuery.java:138)
	at org.activiti.standalone.idgenerator.UuidGeneratorTest$2.run(UuidGeneratorTest.java:59)
	at java.util.concurrent.ThreadPoolExecutor.runWorker(ThreadPoolExecutor.java:1149)
	at java.util.concurrent.ThreadPoolExecutor$Worker.run(ThreadPoolExecutor.java:624)
	at java.lang.Thread.run(Thread.java:750)
Caused by: org.h2.jdbc.JdbcSQLException: Syntax error in SQL statement &quot;SELECT DISTINCT RES.* 
       
    FROM ACT_RU_TASK RES
     
     
     
     
    
     
     
     
      
   
    
     ORDER BY  ORDER[*] BY RES.ID_ ASC  
    LIMIT ? OFFSET ? &quot;; expected &quot;=, NOT, EXISTS, INTERSECTS, SELECT, FROM&quot;; SQL statement:
select distinct RES.* 
       
    from ACT_RU_TASK RES
     
     
     
     
    
     
     
     
      
   
    
     order by  order by RES.ID_ asc  
    LIMIT ? OFFSET ? [42001-176]
	at org.h2.message.DbException.getJdbcSQLException(DbException.java:344)
	at org.h2.message.DbException.getSyntaxError(DbException.java:204)
	at org.h2.command.Parser.getSyntaxError(Parser.java:524)
	at org.h2.command.Parser.readTerm(Parser.java:2688)
	at org.h2.command.Parser.readFactor(Parser.java:2244)
	at org.h2.command.Parser.readSum(Parser.java:2231)
	at org.h2.command.Parser.readConcat(Parser.java:2201)
	at org.h2.command.Parser.readCondition(Parser.java:2051)
	at org.h2.command.Parser.readAnd(Parser.java:2023)
	at org.h2.command.Parser.readExpression(Parser.java:2015)
	at org.h2.command.Parser.parseEndOfQuery(Parser.java:1726)
	at org.h2.command.Parser.parseSelectUnionExtension(Parser.java:1706)
	at org.h2.command.Parser.parseSelectUnion(Parser.java:1675)
	at org.h2.command.Parser.parseSelect(Parser.java:1662)
	at org.h2.command.Parser.parsePrepared(Parser.java:434)
	at org.h2.command.Parser.parse(Parser.java:306)
	at org.h2.command.Parser.parse(Parser.java:282)
	at org.h2.command.Parser.prepareCommand(Parser.java:243)
	at org.h2.engine.Session.prepareLocal(Session.java:442)
	at org.h2.engine.Session.prepareCommand(Session.java:384)
	at org.h2.jdbc.JdbcConnection.prepareCommand(JdbcConnection.java:1188)
	at org.h2.jdbc.JdbcPreparedStatement.&lt;init&gt;(JdbcPreparedStatement.java:73)
	at org.h2.jdbc.JdbcConnection.prepareStatement(JdbcConnection.java:276)
	at sun.reflect.GeneratedMethodAccessor6.invoke(Unknown Source)
	at sun.reflect.DelegatingMethodAccessorImpl.invoke(DelegatingMethodAccessorImpl.java:43)
	at java.lang.reflect.Method.invoke(Method.java:498)
	at org.apache.ibatis.datasource.pooled.PooledConnection.invoke(PooledConnection.java:245)
	at com.sun.proxy.$Proxy12.prepareStatement(Unknown Source)
	at sun.reflect.GeneratedMethodAccessor6.invoke(Unknown Source)
	at sun.reflect.DelegatingMethodAccessorImpl.invoke(DelegatingMethodAccessorImpl.java:43)
	at java.lang.reflect.Method.invoke(Method.java:498)
	at org.apache.ibatis.logging.jdbc.ConnectionLogger.invoke(ConnectionLogger.java:55)
	at com.sun.proxy.$Proxy12.prepareStatement(Unknown Source)
	at org.apache.ibatis.executor.statement.PreparedStatementHandler.instantiateStatement(PreparedStatementHandler.java:79)
	at org.apache.ibatis.executor.statement.BaseStatementHandler.prepare(BaseStatementHandler.java:88)
	at org.apache.ibatis.executor.statement.RoutingStatementHandler.prepare(RoutingStatementHandler.java:58)
	at org.apache.ibatis.executor.SimpleExecutor.prepareStatement(SimpleExecutor.java:76)
	at org.apache.ibatis.executor.SimpleExecutor.doQuery(SimpleExecutor.java:61)
	at org.apache.ibatis.executor.BaseExecutor.queryFromDatabase(BaseExecutor.java:303)
	at org.apache.ibatis.executor.BaseExecutor.query(BaseExecutor.java:154)
	at org.apache.ibatis.executor.CachingExecutor.query(CachingExecutor.java:102)
	at org.apache.ibatis.executor.CachingExecutor.query(CachingExecutor.java:82)
	at org.apache.ibatis.session.defaults.DefaultSqlSession.selectList(DefaultSqlSession.java:120)
	... 16 more
10:48:11,057 [pool-23-thread-2] DEBUG org.activiti.engine.impl.cfg.standalone.StandaloneMybatisTransactionContext  - firing event rolling back...
10:48:11,057 [pool-23-thread-2] DEBUG org.activiti.engine.impl.cfg.standalone.StandaloneMybatisTransactionContext  - rolling back ibatis sql session...
10:48:11,057 [pool-23-thread-2] DEBUG org.activiti.engine.impl.cfg.standalone.StandaloneMybatisTransactionContext  - firing event rolled back...
10:48:11,057 [pool-23-thread-2] DEBUG org.apache.ibatis.transaction.jdbc.JdbcTransaction  - Resetting autocommit to true on JDBC Connection [conn155: url=jdbc:h2:mem:activiti-uuid-generator-test user=SA]
10:48:11,057 [pool-23-thread-7] DEBUG org.activiti.engine.impl.persistence.entity.TaskEntity.insertTask  - &lt;==    Updates: 1
10:48:11,057 [pool-23-thread-7] DEBUG org.activiti.engine.impl.cfg.standalone.StandaloneMybatisTransactionContext  - firing event committing...
10:48:11,057 [pool-23-thread-7] DEBUG org.activiti.engine.impl.cfg.standalone.StandaloneMybatisTransactionContext  - committing the ibatis sql session...
10:48:11,057 [pool-23-thread-7] DEBUG org.apache.ibatis.transaction.jdbc.JdbcTransaction  - Committing JDBC Connection [conn150: url=jdbc:h2:mem:activiti-uuid-generator-test user=SA]
10:48:11,057 [pool-23-thread-6] DEBUG org.activiti.engine.impl.pvm.runtime.AtomicOperationTransitionNotifyListenerTake  - ProcessInstance[a6fa21c8-c6c9-11ed-aa5a-de215c025445] takes transition (task1)--flow2--&gt;(task2)
10:48:11,057 [pool-23-thread-8] DEBUG org.activiti.engine.impl.history.DefaultHistoryManager  - Current history level: AUDIT, level required: ACTIVITY
10:48:11,057 [pool-23-thread-9] DEBUG org.activiti.engine.impl.persistence.entity.ExecutionEntity.insertExecution  - ==&gt;  Preparing: insert into ACT_RU_EXECUTION (ID_, REV_, PROC_INST_ID_, BUSINESS_KEY_, PROC_DEF_ID_, ACT_ID_, IS_ACTIVE_, IS_CONCURRENT_, IS_SCOPE_,IS_EVENT_SCOPE_, PARENT_ID_, SUPER_EXEC_, SUSPENSION_STATE_, CACHED_ENT_STATE_, TENANT_ID_, NAME_) values ( ?, 1, ?, ?, ?, ?, ?, ?, ?, ?, ?, ?, ?, ?, ?, ? ) 
10:48:11,056 [pool-23-thread-10] DEBUG org.activiti.engine.impl.persistence.entity.HistoricProcessInstanceEntity.insertHistoricProcessInstance  - &lt;==    Updates: 1
10:48:11,056 [pool-23-thread-4] DEBUG org.activiti.engine.impl.history.DefaultHistoryManager  - Current history level: AUDIT, level required: ACTIVITY
10:48:11,056 [pool-23-thread-3] DEBUG org.activiti.engine.impl.persistence.entity.TaskEntity.selectTasksByExecutionId  - &lt;==      Total: 0
10:48:11,057 [pool-23-thread-4] DEBUG org.activiti.engine.impl.pvm.runtime.AtomicOperationTransitionNotifyListenerTake  - ProcessInstance[a6f9d3a4-c6c9-11ed-aa5a-de215c025445] takes transition (task2)--flow3--&gt;(task3)
10:48:11,057 [pool-23-thread-9] DEBUG org.activiti.engine.impl.persistence.entity.ExecutionEntity.insertExecution  - ==&gt; Parameters: a6f7898f-c6c9-11ed-aa5a-de215c025445(String), a6f7898f-c6c9-11ed-aa5a-de215c025445(String), null, simpleProcess:1:a6dcaf6e-c6c9-11ed-aa5a-de215c025445(String), task4(String), true(Boolean), false(Boolean), true(Boolean), false(Boolean), null, null, 1(Integer), 2(Integer), (String), null
10:48:11,057 [pool-23-thread-8] DEBUG org.activiti.engine.impl.db.DbSqlSession  -   insert ProcessInstance[a6f873fd-c6c9-11ed-aa5a-de215c025445]
10:48:11,058 [pool-23-thread-8] DEBUG org.activiti.engine.impl.db.DbSqlSession  -   insert HistoricProcessInstanceEntity[superProcessInstanceId=null]
10:48:11,058 [pool-23-thread-8] DEBUG org.activiti.engine.impl.db.DbSqlSession  -   insert Task[id=a6fabe11-c6c9-11ed-aa5a-de215c025445, name=null]
10:48:11,058 [pool-23-thread-8] DEBUG org.activiti.engine.impl.db.DbSqlSession  -   insert HistoricTaskInstanceEntity[id=a6fabe11-c6c9-11ed-aa5a-de215c025445, name=null]
10:48:11,058 [pool-23-thread-8] DEBUG org.activiti.engine.impl.db.DbSqlSession  -   insert HistoricActivityInstanceEntity[activityId=theStart, activityName=null]
10:48:11,058 [pool-23-thread-8] DEBUG org.activiti.engine.impl.db.DbSqlSession  -   insert HistoricActivityInstanceEntity[activityId=task1, activityName=null]
10:48:11,058 [pool-23-thread-8] DEBUG org.activiti.engine.impl.db.DbSqlSession  -   insert HistoricActivityInstanceEntity[activityId=task2, activityName=null]
10:48:11,058 [pool-23-thread-8] DEBUG org.activiti.engine.impl.db.DbSqlSession  -   insert HistoricActivityInstanceEntity[activityId=task3, activityName=null]
10:48:11,058 [pool-23-thread-8] DEBUG org.activiti.engine.impl.db.DbSqlSession  -   insert HistoricActivityInstanceEntity[activityId=task4, activityName=null]
10:48:11,058 [pool-23-thread-8] DEBUG org.activiti.engine.impl.db.DbSqlSession  - flush summary: 9 insert, 0 update, 0 delete.
10:48:11,058 [pool-23-thread-8] DEBUG org.activiti.engine.impl.db.DbSqlSession  - now executing flush...
10:48:11,058 [pool-23-thread-8] DEBUG org.activiti.engine.impl.db.DbSqlSession  - inserting: HistoricTaskInstanceEntity[id=a6fabe11-c6c9-11ed-aa5a-de215c025445, name=null]
10:48:11,057 [pool-23-thread-6] DEBUG org.activiti.engine.impl.history.DefaultHistoryManager  - Current history level: AUDIT, level required: ACTIVITY
10:48:11,058 [pool-23-thread-6] DEBUG org.activiti.engine.impl.pvm.runtime.AtomicOperationActivityExecute  - ProcessInstance[a6fa21c8-c6c9-11ed-aa5a-de215c025445] executes Activity(task2): org.activiti.engine.impl.bpmn.behavior.ManualTaskActivityBehavior
10:48:11,058 [pool-23-thread-6] DEBUG org.activiti.engine.impl.bpmn.behavior.BpmnActivityBehavior  - Leaving activity &apos;task2&apos;
10:48:11,057 [pool-23-thread-7] DEBUG org.activiti.engine.impl.cfg.standalone.StandaloneMybatisTransactionContext  - firing event committed...
10:48:11,058 [pool-23-thread-7] DEBUG org.apache.ibatis.transaction.jdbc.JdbcTransaction  - Resetting autocommit to true on JDBC Connection [conn150: url=jdbc:h2:mem:activiti-uuid-generator-test user=SA]
10:48:11,058 [pool-23-thread-7] DEBUG org.apache.ibatis.transaction.jdbc.JdbcTransaction  - Closing JDBC Connection [conn150: url=jdbc:h2:mem:activiti-uuid-generator-test user=SA]
10:48:11,058 [pool-23-thread-7] DEBUG org.apache.ibatis.datasource.pooled.PooledDataSource  - Returned connection 2049392199 to pool.
10:48:11,058 [pool-23-thread-7] DEBUG org.activiti.engine.impl.interceptor.LogInterceptor  - --- StartProcessInstanceCmd finished --------------------------------------------------------
10:48:11,058 [pool-23-thread-7] DEBUG org.activiti.engine.impl.interceptor.LogInterceptor  - 

10:48:11,057 [pool-23-thread-2] DEBUG org.apache.ibatis.transaction.jdbc.JdbcTransaction  - Closing JDBC Connection [conn155: url=jdbc:h2:mem:activiti-uuid-generator-test user=SA]
10:48:11,058 [pool-23-thread-2] DEBUG org.apache.ibatis.datasource.pooled.PooledDataSource  - Returned connection 1225090506 to pool.
10:48:11,057 [pool-23-thread-1] DEBUG org.activiti.engine.impl.persistence.entity.TaskEntity.selectTasksByExecutionId  - &lt;==      Total: 0
10:48:11,058 [pool-23-thread-2] DEBUG org.activiti.engine.impl.interceptor.LogInterceptor  - --- TaskQueryImpl finished --------------------------------------------------------
10:48:11,058 [pool-23-thread-2] DEBUG org.activiti.engine.impl.interceptor.LogInterceptor  - 

10:48:11,058 [pool-23-thread-6] DEBUG org.activiti.engine.impl.history.DefaultHistoryManager  - Current history level: AUDIT, level required: ACTIVITY
10:48:11,058 [pool-23-thread-8] DEBUG org.activiti.engine.impl.persistence.entity.HistoricTaskInstanceEntity.insertHistoricTaskInstance  - ==&gt;  Preparing: insert into ACT_HI_TASKINST ( ID_, PROC_DEF_ID_, PROC_INST_ID_, EXECUTION_ID_, NAME_, PARENT_TASK_ID_, DESCRIPTION_, OWNER_, ASSIGNEE_, START_TIME_, CLAIM_TIME_, END_TIME_, DURATION_, DELETE_REASON_, TASK_DEF_KEY_, FORM_KEY_, PRIORITY_, DUE_DATE_, CATEGORY_, TENANT_ID_ ) values ( ?, ?, ?, ?, ?, ?, ?, ?, ?, ?, ?, ?, ?, ?, ?, ?, ?, ?, ?, ? ) 
10:48:11,058 [pool-23-thread-9] DEBUG org.activiti.engine.impl.persistence.entity.ExecutionEntity.insertExecution  - &lt;==    Updates: 1
10:48:11,058 [pool-23-thread-10] DEBUG org.activiti.engine.impl.persistence.entity.HistoricActivityInstanceEntity.bulkInsertHistoricActivityInstance  - ==&gt;  Preparing: insert into ACT_HI_ACTINST ( ID_, PROC_DEF_ID_, PROC_INST_ID_, EXECUTION_ID_, ACT_ID_, TASK_ID_, CALL_PROC_INST_ID_, ACT_NAME_, ACT_TYPE_, ASSIGNEE_, START_TIME_, END_TIME_, DURATION_, TENANT_ID_ ) values (?, ?, ?, ?, ?, ?, ?, ?, ?, ?, ?, ?, ?, ?) , (?, ?, ?, ?, ?, ?, ?, ?, ?, ?, ?, ?, ?, ?) , (?, ?, ?, ?, ?, ?, ?, ?, ?, ?, ?, ?, ?, ?) , (?, ?, ?, ?, ?, ?, ?, ?, ?, ?, ?, ?, ?, ?) , (?, ?, ?, ?, ?, ?, ?, ?, ?, ?, ?, ?, ?, ?) 
10:48:11,057 [pool-23-thread-4] DEBUG org.activiti.engine.impl.history.DefaultHistoryManager  - Current history level: AUDIT, level required: ACTIVITY
10:48:11,057 [pool-23-thread-3] DEBUG org.activiti.engine.impl.history.DefaultHistoryManager  - Current history level: AUDIT, level required: AUDIT
10:48:11,059 [pool-23-thread-4] DEBUG org.activiti.engine.impl.pvm.runtime.AtomicOperationActivityExecute  - ProcessInstance[a6f9d3a4-c6c9-11ed-aa5a-de215c025445] executes Activity(task3): org.activiti.engine.impl.bpmn.behavior.ManualTaskActivityBehavior
10:48:11,059 [pool-23-thread-4] DEBUG org.activiti.engine.impl.bpmn.behavior.BpmnActivityBehavior  - Leaving activity &apos;task3&apos;
10:48:11,058 [pool-23-thread-9] DEBUG org.activiti.engine.impl.db.DbSqlSession  - inserting: Task[id=a6f98580-c6c9-11ed-aa5a-de215c025445, name=null]
10:48:11,059 [pool-23-thread-9] DEBUG org.activiti.engine.impl.persistence.entity.TaskEntity.insertTask  - ==&gt;  Preparing: insert into ACT_RU_TASK (ID_, REV_, NAME_, PARENT_TASK_ID_, DESCRIPTION_, PRIORITY_, CREATE_TIME_, OWNER_, ASSIGNEE_, DELEGATION_, EXECUTION_ID_, PROC_INST_ID_, PROC_DEF_ID_, TASK_DEF_KEY_, DUE_DATE_, CATEGORY_, SUSPENSION_STATE_, TENANT_ID_, FORM_KEY_) values (?, 1, ?, ?, ?, ?, ?, ?, ?, ?, ?, ?, ?, ?, ?, ?, ?, ?, ? ) 
10:48:11,058 [pool-23-thread-8] DEBUG org.activiti.engine.impl.persistence.entity.HistoricTaskInstanceEntity.insertHistoricTaskInstance  - ==&gt; Parameters: a6fabe11-c6c9-11ed-aa5a-de215c025445(String), simpleProcess:1:a6dcaf6e-c6c9-11ed-aa5a-de215c025445(String), a6f873fd-c6c9-11ed-aa5a-de215c025445(String), a6f873fd-c6c9-11ed-aa5a-de215c025445(String), null, null, null, null, null, 2001-01-01 01:23:46.0(Timestamp), null, null, null, null, task4(String), null, 50(Integer), null, null, (String)
10:48:11,058 [pool-23-thread-6] DEBUG org.activiti.engine.impl.pvm.runtime.AtomicOperationTransitionNotifyListenerTake  - ProcessInstance[a6fa21c8-c6c9-11ed-aa5a-de215c025445] takes transition (task2)--flow3--&gt;(task3)
10:48:11,059 [pool-23-thread-6] DEBUG org.activiti.engine.impl.history.DefaultHistoryManager  - Current history level: AUDIT, level required: ACTIVITY
10:48:11,058 [pool-23-thread-1] DEBUG org.activiti.engine.impl.history.DefaultHistoryManager  - Current history level: AUDIT, level required: AUDIT
10:48:11,059 [pool-23-thread-6] DEBUG org.activiti.engine.impl.pvm.runtime.AtomicOperationActivityExecute  - ProcessInstance[a6fa21c8-c6c9-11ed-aa5a-de215c025445] executes Activity(task3): org.activiti.engine.impl.bpmn.behavior.ManualTaskActivityBehavior
10:48:11,059 [pool-23-thread-6] DEBUG org.activiti.engine.impl.bpmn.behavior.BpmnActivityBehavior  - Leaving activity &apos;task3&apos;
10:48:11,059 [pool-23-thread-6] DEBUG org.activiti.engine.impl.history.DefaultHistoryManager  - Current history level: AUDIT, level required: ACTIVITY
10:48:11,059 [pool-23-thread-6] DEBUG org.activiti.engine.impl.pvm.runtime.AtomicOperationTransitionNotifyListenerTake  - ProcessInstance[a6fa21c8-c6c9-11ed-aa5a-de215c025445] takes transition (task3)--flow4--&gt;(task4)
10:48:11,059 [pool-23-thread-6] DEBUG org.activiti.engine.impl.history.DefaultHistoryManager  - Current history level: AUDIT, level required: ACTIVITY
10:48:11,059 [pool-23-thread-6] DEBUG org.activiti.engine.impl.pvm.runtime.AtomicOperationActivityExecute  - ProcessInstance[a6fa21c8-c6c9-11ed-aa5a-de215c025445] executes Activity(task4): org.activiti.engine.impl.bpmn.behavior.UserTaskActivityBehavior
10:48:11,059 [pool-23-thread-6] DEBUG org.activiti.engine.impl.persistence.entity.TaskEntity.selectTasksByExecutionId  - ==&gt;  Preparing: select distinct T.* from ACT_RU_TASK T where T.EXECUTION_ID_ = ? 
10:48:11,059 [pool-23-thread-6] DEBUG org.activiti.engine.impl.persistence.entity.TaskEntity.selectTasksByExecutionId  - ==&gt; Parameters: a6fa21c8-c6c9-11ed-aa5a-de215c025445(String)
10:48:11,059 [pool-23-thread-8] DEBUG org.activiti.engine.impl.persistence.entity.HistoricTaskInstanceEntity.insertHistoricTaskInstance  - &lt;==    Updates: 1
10:48:11,059 [pool-23-thread-8] DEBUG org.activiti.engine.impl.db.DbSqlSession  - inserting: HistoricProcessInstanceEntity[superProcessInstanceId=null]
10:48:11,059 [pool-23-thread-9] DEBUG org.activiti.engine.impl.persistence.entity.TaskEntity.insertTask  - ==&gt; Parameters: a6f98580-c6c9-11ed-aa5a-de215c025445(String), null, null, null, 50(Integer), 2001-01-01 01:23:46.0(Timestamp), null, null, null, a6f7898f-c6c9-11ed-aa5a-de215c025445(String), a6f7898f-c6c9-11ed-aa5a-de215c025445(String), simpleProcess:1:a6dcaf6e-c6c9-11ed-aa5a-de215c025445(String), task4(String), null, null, 1(Integer), (String), null
10:48:11,060 [pool-23-thread-9] DEBUG org.activiti.engine.impl.persistence.entity.TaskEntity.insertTask  - &lt;==    Updates: 1
10:48:11,059 [pool-23-thread-4] DEBUG org.activiti.engine.impl.history.DefaultHistoryManager  - Current history level: AUDIT, level required: ACTIVITY
10:48:11,059 [pool-23-thread-10] DEBUG org.activiti.engine.impl.persistence.entity.HistoricActivityInstanceEntity.bulkInsertHistoricActivityInstance  - ==&gt; Parameters: a6f87401-c6c9-11ed-aa5a-de215c025445(String), simpleProcess:1:a6dcaf6e-c6c9-11ed-aa5a-de215c025445(String), a6f84cec-c6c9-11ed-aa5a-de215c025445(String), a6f84cec-c6c9-11ed-aa5a-de215c025445(String), theStart(String), null, null, null, startEvent(String), null, 2001-01-01 01:23:46.0(Timestamp), 2001-01-01 01:23:46.0(Timestamp), 0(Long), (String), a6f8e939-c6c9-11ed-aa5a-de215c025445(String), simpleProcess:1:a6dcaf6e-c6c9-11ed-aa5a-de215c025445(String), a6f84cec-c6c9-11ed-aa5a-de215c025445(String), a6f84cec-c6c9-11ed-aa5a-de215c025445(String), task1(String), null, null, null, manualTask(String), null, 2001-01-01 01:23:46.0(Timestamp), 2001-01-01 01:23:46.0(Timestamp), 0(Long), (String), a6f95e6c-c6c9-11ed-aa5a-de215c025445(String), simpleProcess:1:a6dcaf6e-c6c9-11ed-aa5a-de215c025445(String), a6f84cec-c6c9-11ed-aa5a-de215c025445(String), a6f84cec-c6c9-11ed-aa5a-de215c025445(String), task2(String), null, null, null, manualTask(String), null, 2001-01-01 01:23:46.0(Timestamp), 2001-01-01 01:23:46.0(Timestamp), 0(Long), (String), a6f9d3a3-c6c9-11ed-aa5a-de215c025445(String), simpleProcess:1:a6dcaf6e-c6c9-11ed-aa5a-de215c025445(String), a6f84cec-c6c9-11ed-aa5a-de215c025445(String), a6f84cec-c6c9-11ed-aa5a-de215c025445(String), task3(String), null, null, null, manualTask(String), null, 2001-01-01 01:23:46.0(Timestamp), 2001-01-01 01:23:46.0(Timestamp), 0(Long), (String), a6fa48d9-c6c9-11ed-aa5a-de215c025445(String), simpleProcess:1:a6dcaf6e-c6c9-11ed-aa5a-de215c025445(String), a6f84cec-c6c9-11ed-aa5a-de215c025445(String), a6f84cec-c6c9-11ed-aa5a-de215c025445(String), task4(String), a6fa48da-c6c9-11ed-aa5a-de215c025445(String), null, null, userTask(String), null, 2001-01-01 01:23:46.0(Timestamp), null, null, (String)
10:48:11,059 [pool-23-thread-3] DEBUG org.activiti.engine.impl.history.DefaultHistoryManager  - Current history level: AUDIT, level required: AUDIT
10:48:11,060 [pool-23-thread-3] DEBUG org.activiti.engine.impl.history.DefaultHistoryManager  - Current history level: AUDIT, level required: AUDIT
10:48:11,060 [pool-23-thread-10] DEBUG org.activiti.engine.impl.persistence.entity.HistoricActivityInstanceEntity.bulkInsertHistoricActivityInstance  - &lt;==    Updates: 5
10:48:11,060 [pool-23-thread-4] DEBUG org.activiti.engine.impl.pvm.runtime.AtomicOperationTransitionNotifyListenerTake  - ProcessInstance[a6f9d3a4-c6c9-11ed-aa5a-de215c025445] takes transition (task3)--flow4--&gt;(task4)
10:48:11,060 [pool-23-thread-4] DEBUG org.activiti.engine.impl.history.DefaultHistoryManager  - Current history level: AUDIT, level required: ACTIVITY
10:48:11,060 [pool-23-thread-9] DEBUG org.activiti.engine.impl.cfg.standalone.StandaloneMybatisTransactionContext  - firing event committing...
10:48:11,060 [pool-23-thread-9] DEBUG org.activiti.engine.impl.cfg.standalone.StandaloneMybatisTransactionContext  - committing the ibatis sql session...
10:48:11,060 [pool-23-thread-9] DEBUG org.apache.ibatis.transaction.jdbc.JdbcTransaction  - Committing JDBC Connection [conn148: url=jdbc:h2:mem:activiti-uuid-generator-test user=SA]
10:48:11,059 [pool-23-thread-8] DEBUG org.activiti.engine.impl.persistence.entity.HistoricProcessInstanceEntity.insertHistoricProcessInstance  - ==&gt;  Preparing: insert into ACT_HI_PROCINST ( ID_, PROC_INST_ID_, BUSINESS_KEY_, PROC_DEF_ID_, START_TIME_, END_TIME_, DURATION_, START_USER_ID_, START_ACT_ID_, END_ACT_ID_, SUPER_PROCESS_INSTANCE_ID_, DELETE_REASON_, TENANT_ID_, NAME_ ) values ( ?, ?, ?, ?, ?, ?, ?, ?, ?, ?, ?, ?, ?, ? ) 
10:48:11,060 [pool-23-thread-9] DEBUG org.activiti.engine.impl.cfg.standalone.StandaloneMybatisTransactionContext  - firing event committed...
10:48:11,060 [pool-23-thread-9] DEBUG org.apache.ibatis.transaction.jdbc.JdbcTransaction  - Resetting autocommit to true on JDBC Connection [conn148: url=jdbc:h2:mem:activiti-uuid-generator-test user=SA]
10:48:11,060 [pool-23-thread-9] DEBUG org.apache.ibatis.transaction.jdbc.JdbcTransaction  - Closing JDBC Connection [conn148: url=jdbc:h2:mem:activiti-uuid-generator-test user=SA]
10:48:11,060 [pool-23-thread-9] DEBUG org.apache.ibatis.datasource.pooled.PooledDataSource  - Returned connection 1099218109 to pool.
10:48:11,059 [pool-23-thread-6] DEBUG org.activiti.engine.impl.persistence.entity.TaskEntity.selectTasksByExecutionId  - &lt;==      Total: 0
10:48:11,060 [pool-23-thread-6] DEBUG org.activiti.engine.impl.history.DefaultHistoryManager  - Current history level: AUDIT, level required: AUDIT
10:48:11,059 [pool-23-thread-1] DEBUG org.activiti.engine.impl.history.DefaultHistoryManager  - Current history level: AUDIT, level required: AUDIT
10:48:11,060 [pool-23-thread-1] DEBUG org.activiti.engine.impl.history.DefaultHistoryManager  - Current history level: AUDIT, level required: AUDIT
10:48:11,060 [pool-23-thread-1] DEBUG org.activiti.engine.impl.history.DefaultHistoryManager  - Current history level: AUDIT, level required: ACTIVITY
10:48:11,060 [pool-23-thread-1] DEBUG org.activiti.engine.impl.db.DbSqlSession  -   insert ProcessInstance[a6f62aec-c6c9-11ed-aa5a-de215c025445]
10:48:11,060 [pool-23-thread-1] DEBUG org.activiti.engine.impl.db.DbSqlSession  -   insert HistoricProcessInstanceEntity[superProcessInstanceId=null]
10:48:11,060 [pool-23-thread-1] DEBUG org.activiti.engine.impl.db.DbSqlSession  -   insert Task[id=a6fae523-c6c9-11ed-aa5a-de215c025445, name=null]
10:48:11,060 [pool-23-thread-6] DEBUG org.activiti.engine.impl.history.DefaultHistoryManager  - Current history level: AUDIT, level required: AUDIT
10:48:11,060 [pool-23-thread-9] DEBUG org.activiti.engine.impl.interceptor.LogInterceptor  - --- StartProcessInstanceCmd finished --------------------------------------------------------
10:48:11,061 [pool-23-thread-9] DEBUG org.activiti.engine.impl.interceptor.LogInterceptor  - 

10:48:11,060 [pool-23-thread-8] DEBUG org.activiti.engine.impl.persistence.entity.HistoricProcessInstanceEntity.insertHistoricProcessInstance  - ==&gt; Parameters: a6f873fd-c6c9-11ed-aa5a-de215c025445(String), a6f873fd-c6c9-11ed-aa5a-de215c025445(String), null, simpleProcess:1:a6dcaf6e-c6c9-11ed-aa5a-de215c025445(String), 2001-01-01 01:23:46.0(Timestamp), null, null, null, theStart(String), null, null, null, (String), null
10:48:11,060 [pool-23-thread-4] DEBUG org.activiti.engine.impl.pvm.runtime.AtomicOperationActivityExecute  - ProcessInstance[a6f9d3a4-c6c9-11ed-aa5a-de215c025445] executes Activity(task4): org.activiti.engine.impl.bpmn.behavior.UserTaskActivityBehavior
10:48:11,060 [pool-23-thread-10] DEBUG org.activiti.engine.impl.db.DbSqlSession  - inserting: ProcessInstance[a6f84cec-c6c9-11ed-aa5a-de215c025445]
10:48:11,060 [pool-23-thread-3] DEBUG org.activiti.engine.impl.history.DefaultHistoryManager  - Current history level: AUDIT, level required: ACTIVITY
10:48:11,061 [pool-23-thread-3] DEBUG org.activiti.engine.impl.db.DbSqlSession  -   insert ProcessInstance[a6f71457-c6c9-11ed-aa5a-de215c025445]
10:48:11,061 [pool-23-thread-10] DEBUG org.activiti.engine.impl.persistence.entity.ExecutionEntity.insertExecution  - ==&gt;  Preparing: insert into ACT_RU_EXECUTION (ID_, REV_, PROC_INST_ID_, BUSINESS_KEY_, PROC_DEF_ID_, ACT_ID_, IS_ACTIVE_, IS_CONCURRENT_, IS_SCOPE_,IS_EVENT_SCOPE_, PARENT_ID_, SUPER_EXEC_, SUSPENSION_STATE_, CACHED_ENT_STATE_, TENANT_ID_, NAME_) values ( ?, 1, ?, ?, ?, ?, ?, ?, ?, ?, ?, ?, ?, ?, ?, ? ) 
10:48:11,061 [pool-23-thread-4] DEBUG org.activiti.engine.impl.persistence.entity.TaskEntity.selectTasksByExecutionId  - ==&gt;  Preparing: select distinct T.* from ACT_RU_TASK T where T.EXECUTION_ID_ = ? 
10:48:11,061 [pool-23-thread-4] DEBUG org.activiti.engine.impl.persistence.entity.TaskEntity.selectTasksByExecutionId  - ==&gt; Parameters: a6f9d3a4-c6c9-11ed-aa5a-de215c025445(String)
10:48:11,061 [pool-23-thread-8] DEBUG org.activiti.engine.impl.persistence.entity.HistoricProcessInstanceEntity.insertHistoricProcessInstance  - &lt;==    Updates: 1
10:48:11,061 [pool-23-thread-6] DEBUG org.activiti.engine.impl.history.DefaultHistoryManager  - Current history level: AUDIT, level required: AUDIT
10:48:11,060 [pool-23-thread-1] DEBUG org.activiti.engine.impl.db.DbSqlSession  -   insert HistoricTaskInstanceEntity[id=a6fae523-c6c9-11ed-aa5a-de215c025445, name=null]
10:48:11,061 [pool-23-thread-1] DEBUG org.activiti.engine.impl.db.DbSqlSession  -   insert HistoricActivityInstanceEntity[activityId=theStart, activityName=null]
10:48:11,061 [pool-23-thread-1] DEBUG org.activiti.engine.impl.db.DbSqlSession  -   insert HistoricActivityInstanceEntity[activityId=task1, activityName=null]
10:48:11,061 [pool-23-thread-1] DEBUG org.activiti.engine.impl.db.DbSqlSession  -   insert HistoricActivityInstanceEntity[activityId=task2, activityName=null]
10:48:11,061 [pool-23-thread-1] DEBUG org.activiti.engine.impl.db.DbSqlSession  -   insert HistoricActivityInstanceEntity[activityId=task3, activityName=null]
10:48:11,062 [pool-23-thread-1] DEBUG org.activiti.engine.impl.db.DbSqlSession  -   insert HistoricActivityInstanceEntity[activityId=task4, activityName=null]
10:48:11,062 [pool-23-thread-1] DEBUG org.activiti.engine.impl.db.DbSqlSession  - flush summary: 9 insert, 0 update, 0 delete.
10:48:11,062 [pool-23-thread-1] DEBUG org.activiti.engine.impl.db.DbSqlSession  - now executing flush...
10:48:11,062 [pool-23-thread-1] DEBUG org.activiti.engine.impl.db.DbSqlSession  - inserting: HistoricTaskInstanceEntity[id=a6fae523-c6c9-11ed-aa5a-de215c025445, name=null]
10:48:11,062 [pool-23-thread-1] DEBUG org.activiti.engine.impl.persistence.entity.HistoricTaskInstanceEntity.insertHistoricTaskInstance  - ==&gt;  Preparing: insert into ACT_HI_TASKINST ( ID_, PROC_DEF_ID_, PROC_INST_ID_, EXECUTION_ID_, NAME_, PARENT_TASK_ID_, DESCRIPTION_, OWNER_, ASSIGNEE_, START_TIME_, CLAIM_TIME_, END_TIME_, DURATION_, DELETE_REASON_, TASK_DEF_KEY_, FORM_KEY_, PRIORITY_, DUE_DATE_, CATEGORY_, TENANT_ID_ ) values ( ?, ?, ?, ?, ?, ?, ?, ?, ?, ?, ?, ?, ?, ?, ?, ?, ?, ?, ?, ? ) 
10:48:11,062 [pool-23-thread-1] DEBUG org.activiti.engine.impl.persistence.entity.HistoricTaskInstanceEntity.insertHistoricTaskInstance  - ==&gt; Parameters: a6fae523-c6c9-11ed-aa5a-de215c025445(String), simpleProcess:1:a6dcaf6e-c6c9-11ed-aa5a-de215c025445(String), a6f62aec-c6c9-11ed-aa5a-de215c025445(String), a6f62aec-c6c9-11ed-aa5a-de215c025445(String), null, null, null, null, null, 2001-01-01 01:23:46.0(Timestamp), null, null, null, null, task4(String), null, 50(Integer), null, null, (String)
10:48:11,062 [pool-23-thread-1] DEBUG org.activiti.engine.impl.persistence.entity.HistoricTaskInstanceEntity.insertHistoricTaskInstance  - &lt;==    Updates: 1
10:48:11,062 [pool-23-thread-1] DEBUG org.activiti.engine.impl.db.DbSqlSession  - inserting: HistoricProcessInstanceEntity[superProcessInstanceId=null]
10:48:11,061 [pool-23-thread-6] DEBUG org.activiti.engine.impl.history.DefaultHistoryManager  - Current history level: AUDIT, level required: ACTIVITY
10:48:11,062 [pool-23-thread-6] DEBUG org.activiti.engine.impl.db.DbSqlSession  -   insert ProcessInstance[a6fa21c8-c6c9-11ed-aa5a-de215c025445]
10:48:11,062 [pool-23-thread-6] DEBUG org.activiti.engine.impl.db.DbSqlSession  -   insert HistoricProcessInstanceEntity[superProcessInstanceId=null]
10:48:11,062 [pool-23-thread-6] DEBUG org.activiti.engine.impl.db.DbSqlSession  -   insert Task[id=a6fba87a-c6c9-11ed-aa5a-de215c025445, name=null]
10:48:11,062 [pool-23-thread-6] DEBUG org.activiti.engine.impl.db.DbSqlSession  -   insert HistoricTaskInstanceEntity[id=a6fba87a-c6c9-11ed-aa5a-de215c025445, name=null]
10:48:11,062 [pool-23-thread-6] DEBUG org.activiti.engine.impl.db.DbSqlSession  -   insert HistoricActivityInstanceEntity[activityId=theStart, activityName=null]
10:48:11,062 [pool-23-thread-6] DEBUG org.activiti.engine.impl.db.DbSqlSession  -   insert HistoricActivityInstanceEntity[activityId=task1, activityName=null]
10:48:11,062 [pool-23-thread-6] DEBUG org.activiti.engine.impl.db.DbSqlSession  -   insert HistoricActivityInstanceEntity[activityId=task2, activityName=null]
10:48:11,062 [pool-23-thread-6] DEBUG org.activiti.engine.impl.db.DbSqlSession  -   insert HistoricActivityInstanceEntity[activityId=task3, activityName=null]
10:48:11,062 [pool-23-thread-6] DEBUG org.activiti.engine.impl.db.DbSqlSession  -   insert HistoricActivityInstanceEntity[activityId=task4, activityName=null]
10:48:11,062 [pool-23-thread-6] DEBUG org.activiti.engine.impl.db.DbSqlSession  - flush summary: 9 insert, 0 update, 0 delete.
10:48:11,062 [pool-23-thread-6] DEBUG org.activiti.engine.impl.db.DbSqlSession  - now executing flush...
10:48:11,062 [pool-23-thread-6] DEBUG org.activiti.engine.impl.db.DbSqlSession  - inserting: HistoricTaskInstanceEntity[id=a6fba87a-c6c9-11ed-aa5a-de215c025445, name=null]
10:48:11,061 [pool-23-thread-4] DEBUG org.activiti.engine.impl.persistence.entity.TaskEntity.selectTasksByExecutionId  - &lt;==      Total: 0
10:48:11,062 [pool-23-thread-4] DEBUG org.activiti.engine.impl.history.DefaultHistoryManager  - Current history level: AUDIT, level required: AUDIT
10:48:11,062 [pool-23-thread-4] DEBUG org.activiti.engine.impl.history.DefaultHistoryManager  - Current history level: AUDIT, level required: AUDIT
10:48:11,062 [pool-23-thread-4] DEBUG org.activiti.engine.impl.history.DefaultHistoryManager  - Current history level: AUDIT, level required: AUDIT
10:48:11,062 [pool-23-thread-4] DEBUG org.activiti.engine.impl.history.DefaultHistoryManager  - Current history level: AUDIT, level required: ACTIVITY
10:48:11,061 [pool-23-thread-10] DEBUG org.activiti.engine.impl.persistence.entity.ExecutionEntity.insertExecution  - ==&gt; Parameters: a6f84cec-c6c9-11ed-aa5a-de215c025445(String), a6f84cec-c6c9-11ed-aa5a-de215c025445(String), null, simpleProcess:1:a6dcaf6e-c6c9-11ed-aa5a-de215c025445(String), task4(String), true(Boolean), false(Boolean), true(Boolean), false(Boolean), null, null, 1(Integer), 2(Integer), (String), null
10:48:11,061 [pool-23-thread-3] DEBUG org.activiti.engine.impl.db.DbSqlSession  -   insert HistoricProcessInstanceEntity[superProcessInstanceId=null]
10:48:11,062 [pool-23-thread-3] DEBUG org.activiti.engine.impl.db.DbSqlSession  -   insert Task[id=a6fabe12-c6c9-11ed-aa5a-de215c025445, name=null]
10:48:11,062 [pool-23-thread-3] DEBUG org.activiti.engine.impl.db.DbSqlSession  -   insert HistoricTaskInstanceEntity[id=a6fabe12-c6c9-11ed-aa5a-de215c025445, name=null]
10:48:11,062 [pool-23-thread-3] DEBUG org.activiti.engine.impl.db.DbSqlSession  -   insert HistoricActivityInstanceEntity[activityId=theStart, activityName=null]
10:48:11,062 [pool-23-thread-3] DEBUG org.activiti.engine.impl.db.DbSqlSession  -   insert HistoricActivityInstanceEntity[activityId=task1, activityName=null]
10:48:11,063 [pool-23-thread-3] DEBUG org.activiti.engine.impl.db.DbSqlSession  -   insert HistoricActivityInstanceEntity[activityId=task2, activityName=null]
10:48:11,063 [pool-23-thread-3] DEBUG org.activiti.engine.impl.db.DbSqlSession  -   insert HistoricActivityInstanceEntity[activityId=task3, activityName=null]
10:48:11,063 [pool-23-thread-3] DEBUG org.activiti.engine.impl.db.DbSqlSession  -   insert HistoricActivityInstanceEntity[activityId=task4, activityName=null]
10:48:11,063 [pool-23-thread-3] DEBUG org.activiti.engine.impl.db.DbSqlSession  - flush summary: 9 insert, 0 update, 0 delete.
10:48:11,063 [pool-23-thread-3] DEBUG org.activiti.engine.impl.db.DbSqlSession  - now executing flush...
10:48:11,063 [pool-23-thread-3] DEBUG org.activiti.engine.impl.db.DbSqlSession  - inserting: HistoricTaskInstanceEntity[id=a6fabe12-c6c9-11ed-aa5a-de215c025445, name=null]
10:48:11,062 [pool-23-thread-4] DEBUG org.activiti.engine.impl.db.DbSqlSession  -   insert ProcessInstance[a6f9d3a4-c6c9-11ed-aa5a-de215c025445]
10:48:11,063 [pool-23-thread-4] DEBUG org.activiti.engine.impl.db.DbSqlSession  -   insert HistoricProcessInstanceEntity[superProcessInstanceId=null]
10:48:11,063 [pool-23-thread-4] DEBUG org.activiti.engine.impl.db.DbSqlSession  -   insert Task[id=a6fbf69c-c6c9-11ed-aa5a-de215c025445, name=null]
10:48:11,063 [pool-23-thread-4] DEBUG org.activiti.engine.impl.db.DbSqlSession  -   insert HistoricTaskInstanceEntity[id=a6fbf69c-c6c9-11ed-aa5a-de215c025445, name=null]
10:48:11,062 [pool-23-thread-6] DEBUG org.activiti.engine.impl.persistence.entity.HistoricTaskInstanceEntity.insertHistoricTaskInstance  - ==&gt;  Preparing: insert into ACT_HI_TASKINST ( ID_, PROC_DEF_ID_, PROC_INST_ID_, EXECUTION_ID_, NAME_, PARENT_TASK_ID_, DESCRIPTION_, OWNER_, ASSIGNEE_, START_TIME_, CLAIM_TIME_, END_TIME_, DURATION_, DELETE_REASON_, TASK_DEF_KEY_, FORM_KEY_, PRIORITY_, DUE_DATE_, CATEGORY_, TENANT_ID_ ) values ( ?, ?, ?, ?, ?, ?, ?, ?, ?, ?, ?, ?, ?, ?, ?, ?, ?, ?, ?, ? ) 
10:48:11,062 [pool-23-thread-1] DEBUG org.activiti.engine.impl.persistence.entity.HistoricProcessInstanceEntity.insertHistoricProcessInstance  - ==&gt;  Preparing: insert into ACT_HI_PROCINST ( ID_, PROC_INST_ID_, BUSINESS_KEY_, PROC_DEF_ID_, START_TIME_, END_TIME_, DURATION_, START_USER_ID_, START_ACT_ID_, END_ACT_ID_, SUPER_PROCESS_INSTANCE_ID_, DELETE_REASON_, TENANT_ID_, NAME_ ) values ( ?, ?, ?, ?, ?, ?, ?, ?, ?, ?, ?, ?, ?, ? ) 
10:48:11,062 [pool-23-thread-8] DEBUG org.activiti.engine.impl.persistence.entity.HistoricActivityInstanceEntity.bulkInsertHistoricActivityInstance  - ==&gt;  Preparing: insert into ACT_HI_ACTINST ( ID_, PROC_DEF_ID_, PROC_INST_ID_, EXECUTION_ID_, ACT_ID_, TASK_ID_, CALL_PROC_INST_ID_, ACT_NAME_, ACT_TYPE_, ASSIGNEE_, START_TIME_, END_TIME_, DURATION_, TENANT_ID_ ) values (?, ?, ?, ?, ?, ?, ?, ?, ?, ?, ?, ?, ?, ?) , (?, ?, ?, ?, ?, ?, ?, ?, ?, ?, ?, ?, ?, ?) , (?, ?, ?, ?, ?, ?, ?, ?, ?, ?, ?, ?, ?, ?) , (?, ?, ?, ?, ?, ?, ?, ?, ?, ?, ?, ?, ?, ?) , (?, ?, ?, ?, ?, ?, ?, ?, ?, ?, ?, ?, ?, ?) 
10:48:11,063 [pool-23-thread-1] DEBUG org.activiti.engine.impl.persistence.entity.HistoricProcessInstanceEntity.insertHistoricProcessInstance  - ==&gt; Parameters: a6f62aec-c6c9-11ed-aa5a-de215c025445(String), a6f62aec-c6c9-11ed-aa5a-de215c025445(String), null, simpleProcess:1:a6dcaf6e-c6c9-11ed-aa5a-de215c025445(String), 2001-01-01 01:23:46.0(Timestamp), null, null, null, theStart(String), null, null, null, (String), null
10:48:11,063 [pool-23-thread-1] DEBUG org.activiti.engine.impl.persistence.entity.HistoricProcessInstanceEntity.insertHistoricProcessInstance  - &lt;==    Updates: 1
10:48:11,063 [pool-23-thread-6] DEBUG org.activiti.engine.impl.persistence.entity.HistoricTaskInstanceEntity.insertHistoricTaskInstance  - ==&gt; Parameters: a6fba87a-c6c9-11ed-aa5a-de215c025445(String), simpleProcess:1:a6dcaf6e-c6c9-11ed-aa5a-de215c025445(String), a6fa21c8-c6c9-11ed-aa5a-de215c025445(String), a6fa21c8-c6c9-11ed-aa5a-de215c025445(String), null, null, null, null, null, 2001-01-01 01:23:46.0(Timestamp), null, null, null, null, task4(String), null, 50(Integer), null, null, (String)
10:48:11,063 [pool-23-thread-6] DEBUG org.activiti.engine.impl.persistence.entity.HistoricTaskInstanceEntity.insertHistoricTaskInstance  - &lt;==    Updates: 1
10:48:11,063 [pool-23-thread-4] DEBUG org.activiti.engine.impl.db.DbSqlSession  -   insert HistoricActivityInstanceEntity[activityId=theStart, activityName=null]
10:48:11,063 [pool-23-thread-4] DEBUG org.activiti.engine.impl.db.DbSqlSession  -   insert HistoricActivityInstanceEntity[activityId=task1, activityName=null]
10:48:11,063 [pool-23-thread-4] DEBUG org.activiti.engine.impl.db.DbSqlSession  -   insert HistoricActivityInstanceEntity[activityId=task2, activityName=null]
10:48:11,063 [pool-23-thread-4] DEBUG org.activiti.engine.impl.db.DbSqlSession  -   insert HistoricActivityInstanceEntity[activityId=task3, activityName=null]
10:48:11,063 [pool-23-thread-4] DEBUG org.activiti.engine.impl.db.DbSqlSession  -   insert HistoricActivityInstanceEntity[activityId=task4, activityName=null]
10:48:11,063 [pool-23-thread-4] DEBUG org.activiti.engine.impl.db.DbSqlSession  - flush summary: 9 insert, 0 update, 0 delete.
10:48:11,063 [pool-23-thread-4] DEBUG org.activiti.engine.impl.db.DbSqlSession  - now executing flush...
10:48:11,063 [pool-23-thread-4] DEBUG org.activiti.engine.impl.db.DbSqlSession  - inserting: HistoricTaskInstanceEntity[id=a6fbf69c-c6c9-11ed-aa5a-de215c025445, name=null]
10:48:11,063 [pool-23-thread-3] DEBUG org.activiti.engine.impl.persistence.entity.HistoricTaskInstanceEntity.insertHistoricTaskInstance  - ==&gt;  Preparing: insert into ACT_HI_TASKINST ( ID_, PROC_DEF_ID_, PROC_INST_ID_, EXECUTION_ID_, NAME_, PARENT_TASK_ID_, DESCRIPTION_, OWNER_, ASSIGNEE_, START_TIME_, CLAIM_TIME_, END_TIME_, DURATION_, DELETE_REASON_, TASK_DEF_KEY_, FORM_KEY_, PRIORITY_, DUE_DATE_, CATEGORY_, TENANT_ID_ ) values ( ?, ?, ?, ?, ?, ?, ?, ?, ?, ?, ?, ?, ?, ?, ?, ?, ?, ?, ?, ? ) 
10:48:11,062 [pool-23-thread-10] DEBUG org.activiti.engine.impl.persistence.entity.ExecutionEntity.insertExecution  - &lt;==    Updates: 1
10:48:11,063 [pool-23-thread-3] DEBUG org.activiti.engine.impl.persistence.entity.HistoricTaskInstanceEntity.insertHistoricTaskInstance  - ==&gt; Parameters: a6fabe12-c6c9-11ed-aa5a-de215c025445(String), simpleProcess:1:a6dcaf6e-c6c9-11ed-aa5a-de215c025445(String), a6f71457-c6c9-11ed-aa5a-de215c025445(String), a6f71457-c6c9-11ed-aa5a-de215c025445(String), null, null, null, null, null, 2001-01-01 01:23:46.0(Timestamp), null, null, null, null, task4(String), null, 50(Integer), null, null, (String)
10:48:11,063 [pool-23-thread-4] DEBUG org.activiti.engine.impl.persistence.entity.HistoricTaskInstanceEntity.insertHistoricTaskInstance  - ==&gt;  Preparing: insert into ACT_HI_TASKINST ( ID_, PROC_DEF_ID_, PROC_INST_ID_, EXECUTION_ID_, NAME_, PARENT_TASK_ID_, DESCRIPTION_, OWNER_, ASSIGNEE_, START_TIME_, CLAIM_TIME_, END_TIME_, DURATION_, DELETE_REASON_, TASK_DEF_KEY_, FORM_KEY_, PRIORITY_, DUE_DATE_, CATEGORY_, TENANT_ID_ ) values ( ?, ?, ?, ?, ?, ?, ?, ?, ?, ?, ?, ?, ?, ?, ?, ?, ?, ?, ?, ? ) 
10:48:11,063 [pool-23-thread-4] DEBUG org.activiti.engine.impl.persistence.entity.HistoricTaskInstanceEntity.insertHistoricTaskInstance  - ==&gt; Parameters: a6fbf69c-c6c9-11ed-aa5a-de215c025445(String), simpleProcess:1:a6dcaf6e-c6c9-11ed-aa5a-de215c025445(String), a6f9d3a4-c6c9-11ed-aa5a-de215c025445(String), a6f9d3a4-c6c9-11ed-aa5a-de215c025445(String), null, null, null, null, null, 2001-01-01 01:23:46.0(Timestamp), null, null, null, null, task4(String), null, 50(Integer), null, null, (String)
10:48:11,063 [pool-23-thread-4] DEBUG org.activiti.engine.impl.persistence.entity.HistoricTaskInstanceEntity.insertHistoricTaskInstance  - &lt;==    Updates: 1
10:48:11,064 [pool-23-thread-4] DEBUG org.activiti.engine.impl.db.DbSqlSession  - inserting: HistoricProcessInstanceEntity[superProcessInstanceId=null]
10:48:11,064 [pool-23-thread-4] DEBUG org.activiti.engine.impl.persistence.entity.HistoricProcessInstanceEntity.insertHistoricProcessInstance  - ==&gt;  Preparing: insert into ACT_HI_PROCINST ( ID_, PROC_INST_ID_, BUSINESS_KEY_, PROC_DEF_ID_, START_TIME_, END_TIME_, DURATION_, START_USER_ID_, START_ACT_ID_, END_ACT_ID_, SUPER_PROCESS_INSTANCE_ID_, DELETE_REASON_, TENANT_ID_, NAME_ ) values ( ?, ?, ?, ?, ?, ?, ?, ?, ?, ?, ?, ?, ?, ? ) 
10:48:11,064 [pool-23-thread-4] DEBUG org.activiti.engine.impl.persistence.entity.HistoricProcessInstanceEntity.insertHistoricProcessInstance  - ==&gt; Parameters: a6f9d3a4-c6c9-11ed-aa5a-de215c025445(String), a6f9d3a4-c6c9-11ed-aa5a-de215c025445(String), null, simpleProcess:1:a6dcaf6e-c6c9-11ed-aa5a-de215c025445(String), 2001-01-01 01:23:46.0(Timestamp), null, null, null, theStart(String), null, null, null, (String), null
10:48:11,064 [pool-23-thread-4] DEBUG org.activiti.engine.impl.persistence.entity.HistoricProcessInstanceEntity.insertHistoricProcessInstance  - &lt;==    Updates: 1
10:48:11,063 [pool-23-thread-1] DEBUG org.activiti.engine.impl.persistence.entity.HistoricActivityInstanceEntity.bulkInsertHistoricActivityInstance  - ==&gt;  Preparing: insert into ACT_HI_ACTINST ( ID_, PROC_DEF_ID_, PROC_INST_ID_, EXECUTION_ID_, ACT_ID_, TASK_ID_, CALL_PROC_INST_ID_, ACT_NAME_, ACT_TYPE_, ASSIGNEE_, START_TIME_, END_TIME_, DURATION_, TENANT_ID_ ) values (?, ?, ?, ?, ?, ?, ?, ?, ?, ?, ?, ?, ?, ?) , (?, ?, ?, ?, ?, ?, ?, ?, ?, ?, ?, ?, ?, ?) , (?, ?, ?, ?, ?, ?, ?, ?, ?, ?, ?, ?, ?, ?) , (?, ?, ?, ?, ?, ?, ?, ?, ?, ?, ?, ?, ?, ?) , (?, ?, ?, ?, ?, ?, ?, ?, ?, ?, ?, ?, ?, ?) 
10:48:11,063 [pool-23-thread-6] DEBUG org.activiti.engine.impl.db.DbSqlSession  - inserting: HistoricProcessInstanceEntity[superProcessInstanceId=null]
10:48:11,063 [pool-23-thread-8] DEBUG org.activiti.engine.impl.persistence.entity.HistoricActivityInstanceEntity.bulkInsertHistoricActivityInstance  - ==&gt; Parameters: a6f87402-c6c9-11ed-aa5a-de215c025445(String), simpleProcess:1:a6dcaf6e-c6c9-11ed-aa5a-de215c025445(String), a6f873fd-c6c9-11ed-aa5a-de215c025445(String), a6f873fd-c6c9-11ed-aa5a-de215c025445(String), theStart(String), null, null, null, startEvent(String), null, 2001-01-01 01:23:46.0(Timestamp), 2001-01-01 01:23:46.0(Timestamp), 0(Long), (String), a6f95e6d-c6c9-11ed-aa5a-de215c025445(String), simpleProcess:1:a6dcaf6e-c6c9-11ed-aa5a-de215c025445(String), a6f873fd-c6c9-11ed-aa5a-de215c025445(String), a6f873fd-c6c9-11ed-aa5a-de215c025445(String), task1(String), null, null, null, manualTask(String), null, 2001-01-01 01:23:46.0(Timestamp), 2001-01-01 01:23:46.0(Timestamp), 0(Long), (String), a6f9fab6-c6c9-11ed-aa5a-de215c025445(String), simpleProcess:1:a6dcaf6e-c6c9-11ed-aa5a-de215c025445(String), a6f873fd-c6c9-11ed-aa5a-de215c025445(String), a6f873fd-c6c9-11ed-aa5a-de215c025445(String), task2(String), null, null, null, manualTask(String), null, 2001-01-01 01:23:46.0(Timestamp), 2001-01-01 01:23:46.0(Timestamp), 0(Long), (String), a6fa48db-c6c9-11ed-aa5a-de215c025445(String), simpleProcess:1:a6dcaf6e-c6c9-11ed-aa5a-de215c025445(String), a6f873fd-c6c9-11ed-aa5a-de215c025445(String), a6f873fd-c6c9-11ed-aa5a-de215c025445(String), task3(String), null, null, null, manualTask(String), null, 2001-01-01 01:23:46.0(Timestamp), 2001-01-01 01:23:46.0(Timestamp), 0(Long), (String), a6fabe0f-c6c9-11ed-aa5a-de215c025445(String), simpleProcess:1:a6dcaf6e-c6c9-11ed-aa5a-de215c025445(String), a6f873fd-c6c9-11ed-aa5a-de215c025445(String), a6f873fd-c6c9-11ed-aa5a-de215c025445(String), task4(String), a6fabe11-c6c9-11ed-aa5a-de215c025445(String), null, null, userTask(String), null, 2001-01-01 01:23:46.0(Timestamp), null, null, (String)
10:48:11,064 [pool-23-thread-4] DEBUG org.activiti.engine.impl.persistence.entity.HistoricActivityInstanceEntity.bulkInsertHistoricActivityInstance  - ==&gt;  Preparing: insert into ACT_HI_ACTINST ( ID_, PROC_DEF_ID_, PROC_INST_ID_, EXECUTION_ID_, ACT_ID_, TASK_ID_, CALL_PROC_INST_ID_, ACT_NAME_, ACT_TYPE_, ASSIGNEE_, START_TIME_, END_TIME_, DURATION_, TENANT_ID_ ) values (?, ?, ?, ?, ?, ?, ?, ?, ?, ?, ?, ?, ?, ?) , (?, ?, ?, ?, ?, ?, ?, ?, ?, ?, ?, ?, ?, ?) , (?, ?, ?, ?, ?, ?, ?, ?, ?, ?, ?, ?, ?, ?) , (?, ?, ?, ?, ?, ?, ?, ?, ?, ?, ?, ?, ?, ?) , (?, ?, ?, ?, ?, ?, ?, ?, ?, ?, ?, ?, ?, ?) 
10:48:11,064 [pool-23-thread-8] DEBUG org.activiti.engine.impl.persistence.entity.HistoricActivityInstanceEntity.bulkInsertHistoricActivityInstance  - &lt;==    Updates: 5
10:48:11,064 [pool-23-thread-8] DEBUG org.activiti.engine.impl.db.DbSqlSession  - inserting: ProcessInstance[a6f873fd-c6c9-11ed-aa5a-de215c025445]
10:48:11,064 [pool-23-thread-6] DEBUG org.activiti.engine.impl.persistence.entity.HistoricProcessInstanceEntity.insertHistoricProcessInstance  - ==&gt;  Preparing: insert into ACT_HI_PROCINST ( ID_, PROC_INST_ID_, BUSINESS_KEY_, PROC_DEF_ID_, START_TIME_, END_TIME_, DURATION_, START_USER_ID_, START_ACT_ID_, END_ACT_ID_, SUPER_PROCESS_INSTANCE_ID_, DELETE_REASON_, TENANT_ID_, NAME_ ) values ( ?, ?, ?, ?, ?, ?, ?, ?, ?, ?, ?, ?, ?, ? ) 
10:48:11,064 [pool-23-thread-4] DEBUG org.activiti.engine.impl.persistence.entity.HistoricActivityInstanceEntity.bulkInsertHistoricActivityInstance  - ==&gt; Parameters: a6fa21c7-c6c9-11ed-aa5a-de215c025445(String), simpleProcess:1:a6dcaf6e-c6c9-11ed-aa5a-de215c025445(String), a6f9d3a4-c6c9-11ed-aa5a-de215c025445(String), a6f9d3a4-c6c9-11ed-aa5a-de215c025445(String), theStart(String), null, null, null, startEvent(String), null, 2001-01-01 01:23:46.0(Timestamp), 2001-01-01 01:23:46.0(Timestamp), 0(Long), (String), a6fa96fe-c6c9-11ed-aa5a-de215c025445(String), simpleProcess:1:a6dcaf6e-c6c9-11ed-aa5a-de215c025445(String), a6f9d3a4-c6c9-11ed-aa5a-de215c025445(String), a6f9d3a4-c6c9-11ed-aa5a-de215c025445(String), task1(String), null, null, null, manualTask(String), null, 2001-01-01 01:23:46.0(Timestamp), 2001-01-01 01:23:46.0(Timestamp), 0(Long), (String), a6fb0c34-c6c9-11ed-aa5a-de215c025445(String), simpleProcess:1:a6dcaf6e-c6c9-11ed-aa5a-de215c025445(String), a6f9d3a4-c6c9-11ed-aa5a-de215c025445(String), a6f9d3a4-c6c9-11ed-aa5a-de215c025445(String), task2(String), null, null, null, manualTask(String), null, 2001-01-01 01:23:46.0(Timestamp), 2001-01-01 01:23:46.0(Timestamp), 0(Long), (String), a6fba877-c6c9-11ed-aa5a-de215c025445(String), simpleProcess:1:a6dcaf6e-c6c9-11ed-aa5a-de215c025445(String), a6f9d3a4-c6c9-11ed-aa5a-de215c025445(String), a6f9d3a4-c6c9-11ed-aa5a-de215c025445(String), task3(String), null, null, null, manualTask(String), null, 2001-01-01 01:23:46.0(Timestamp), 2001-01-01 01:23:46.0(Timestamp), 0(Long), (String), a6fbcf8b-c6c9-11ed-aa5a-de215c025445(String), simpleProcess:1:a6dcaf6e-c6c9-11ed-aa5a-de215c025445(String), a6f9d3a4-c6c9-11ed-aa5a-de215c025445(String), a6f9d3a4-c6c9-11ed-aa5a-de215c025445(String), task4(String), a6fbf69c-c6c9-11ed-aa5a-de215c025445(String), null, null, userTask(String), null, 2001-01-01 01:23:46.0(Timestamp), null, null, (String)
10:48:11,063 [pool-23-thread-3] DEBUG org.activiti.engine.impl.persistence.entity.HistoricTaskInstanceEntity.insertHistoricTaskInstance  - &lt;==    Updates: 1
10:48:11,064 [pool-23-thread-4] DEBUG org.activiti.engine.impl.persistence.entity.HistoricActivityInstanceEntity.bulkInsertHistoricActivityInstance  - &lt;==    Updates: 5
10:48:11,064 [pool-23-thread-4] DEBUG org.activiti.engine.impl.db.DbSqlSession  - inserting: ProcessInstance[a6f9d3a4-c6c9-11ed-aa5a-de215c025445]
10:48:11,063 [pool-23-thread-10] DEBUG org.activiti.engine.impl.db.DbSqlSession  - inserting: Task[id=a6fa48da-c6c9-11ed-aa5a-de215c025445, name=null]
10:48:11,064 [pool-23-thread-4] DEBUG org.activiti.engine.impl.persistence.entity.ExecutionEntity.insertExecution  - ==&gt;  Preparing: insert into ACT_RU_EXECUTION (ID_, REV_, PROC_INST_ID_, BUSINESS_KEY_, PROC_DEF_ID_, ACT_ID_, IS_ACTIVE_, IS_CONCURRENT_, IS_SCOPE_,IS_EVENT_SCOPE_, PARENT_ID_, SUPER_EXEC_, SUSPENSION_STATE_, CACHED_ENT_STATE_, TENANT_ID_, NAME_) values ( ?, 1, ?, ?, ?, ?, ?, ?, ?, ?, ?, ?, ?, ?, ?, ? ) 
10:48:11,064 [pool-23-thread-3] DEBUG org.activiti.engine.impl.db.DbSqlSession  - inserting: HistoricProcessInstanceEntity[superProcessInstanceId=null]
10:48:11,064 [pool-23-thread-6] DEBUG org.activiti.engine.impl.persistence.entity.HistoricProcessInstanceEntity.insertHistoricProcessInstance  - ==&gt; Parameters: a6fa21c8-c6c9-11ed-aa5a-de215c025445(String), a6fa21c8-c6c9-11ed-aa5a-de215c025445(String), null, simpleProcess:1:a6dcaf6e-c6c9-11ed-aa5a-de215c025445(String), 2001-01-01 01:23:46.0(Timestamp), null, null, null, theStart(String), null, null, null, (String), null
10:48:11,064 [pool-23-thread-8] DEBUG org.activiti.engine.impl.persistence.entity.ExecutionEntity.insertExecution  - ==&gt;  Preparing: insert into ACT_RU_EXECUTION (ID_, REV_, PROC_INST_ID_, BUSINESS_KEY_, PROC_DEF_ID_, ACT_ID_, IS_ACTIVE_, IS_CONCURRENT_, IS_SCOPE_,IS_EVENT_SCOPE_, PARENT_ID_, SUPER_EXEC_, SUSPENSION_STATE_, CACHED_ENT_STATE_, TENANT_ID_, NAME_) values ( ?, 1, ?, ?, ?, ?, ?, ?, ?, ?, ?, ?, ?, ?, ?, ? ) 
10:48:11,064 [pool-23-thread-1] DEBUG org.activiti.engine.impl.persistence.entity.HistoricActivityInstanceEntity.bulkInsertHistoricActivityInstance  - ==&gt; Parameters: a6f651ff-c6c9-11ed-aa5a-de215c025445(String), simpleProcess:1:a6dcaf6e-c6c9-11ed-aa5a-de215c025445(String), a6f62aec-c6c9-11ed-aa5a-de215c025445(String), a6f62aec-c6c9-11ed-aa5a-de215c025445(String), theStart(String), null, null, null, startEvent(String), null, 2001-01-01 01:23:46.0(Timestamp), 2001-01-01 01:23:46.0(Timestamp), 0(Long), (String), a6f7fec5-c6c9-11ed-aa5a-de215c025445(String), simpleProcess:1:a6dcaf6e-c6c9-11ed-aa5a-de215c025445(String), a6f62aec-c6c9-11ed-aa5a-de215c025445(String), a6f62aec-c6c9-11ed-aa5a-de215c025445(String), task1(String), null, null, null, manualTask(String), null, 2001-01-01 01:23:46.0(Timestamp), 2001-01-01 01:23:46.0(Timestamp), 0(Long), (String), a6f89b16-c6c9-11ed-aa5a-de215c025445(String), simpleProcess:1:a6dcaf6e-c6c9-11ed-aa5a-de215c025445(String), a6f62aec-c6c9-11ed-aa5a-de215c025445(String), a6f62aec-c6c9-11ed-aa5a-de215c025445(String), task2(String), null, null, null, manualTask(String), null, 2001-01-01 01:23:46.0(Timestamp), 2001-01-01 01:23:46.0(Timestamp), 0(Long), (String), a6f9d3a2-c6c9-11ed-aa5a-de215c025445(String), simpleProcess:1:a6dcaf6e-c6c9-11ed-aa5a-de215c025445(String), a6f62aec-c6c9-11ed-aa5a-de215c025445(String), a6f62aec-c6c9-11ed-aa5a-de215c025445(String), task3(String), null, null, null, manualTask(String), null, 2001-01-01 01:23:46.0(Timestamp), 2001-01-01 01:23:46.0(Timestamp), 0(Long), (String), a6fabe10-c6c9-11ed-aa5a-de215c025445(String), simpleProcess:1:a6dcaf6e-c6c9-11ed-aa5a-de215c025445(String), a6f62aec-c6c9-11ed-aa5a-de215c025445(String), a6f62aec-c6c9-11ed-aa5a-de215c025445(String), task4(String), a6fae523-c6c9-11ed-aa5a-de215c025445(String), null, null, userTask(String), null, 2001-01-01 01:23:46.0(Timestamp), null, null, (String)
10:48:11,064 [pool-23-thread-8] DEBUG org.activiti.engine.impl.persistence.entity.ExecutionEntity.insertExecution  - ==&gt; Parameters: a6f873fd-c6c9-11ed-aa5a-de215c025445(String), a6f873fd-c6c9-11ed-aa5a-de215c025445(String), null, simpleProcess:1:a6dcaf6e-c6c9-11ed-aa5a-de215c025445(String), task4(String), true(Boolean), false(Boolean), true(Boolean), false(Boolean), null, null, 1(Integer), 2(Integer), (String), null
10:48:11,064 [pool-23-thread-6] DEBUG org.activiti.engine.impl.persistence.entity.HistoricProcessInstanceEntity.insertHistoricProcessInstance  - &lt;==    Updates: 1
10:48:11,064 [pool-23-thread-3] DEBUG org.activiti.engine.impl.persistence.entity.HistoricProcessInstanceEntity.insertHistoricProcessInstance  - ==&gt;  Preparing: insert into ACT_HI_PROCINST ( ID_, PROC_INST_ID_, BUSINESS_KEY_, PROC_DEF_ID_, START_TIME_, END_TIME_, DURATION_, START_USER_ID_, START_ACT_ID_, END_ACT_ID_, SUPER_PROCESS_INSTANCE_ID_, DELETE_REASON_, TENANT_ID_, NAME_ ) values ( ?, ?, ?, ?, ?, ?, ?, ?, ?, ?, ?, ?, ?, ? ) 
10:48:11,064 [pool-23-thread-4] DEBUG org.activiti.engine.impl.persistence.entity.ExecutionEntity.insertExecution  - ==&gt; Parameters: a6f9d3a4-c6c9-11ed-aa5a-de215c025445(String), a6f9d3a4-c6c9-11ed-aa5a-de215c025445(String), null, simpleProcess:1:a6dcaf6e-c6c9-11ed-aa5a-de215c025445(String), task4(String), true(Boolean), false(Boolean), true(Boolean), false(Boolean), null, null, 1(Integer), 2(Integer), (String), null
10:48:11,064 [pool-23-thread-10] DEBUG org.activiti.engine.impl.persistence.entity.TaskEntity.insertTask  - ==&gt;  Preparing: insert into ACT_RU_TASK (ID_, REV_, NAME_, PARENT_TASK_ID_, DESCRIPTION_, PRIORITY_, CREATE_TIME_, OWNER_, ASSIGNEE_, DELEGATION_, EXECUTION_ID_, PROC_INST_ID_, PROC_DEF_ID_, TASK_DEF_KEY_, DUE_DATE_, CATEGORY_, SUSPENSION_STATE_, TENANT_ID_, FORM_KEY_) values (?, 1, ?, ?, ?, ?, ?, ?, ?, ?, ?, ?, ?, ?, ?, ?, ?, ?, ? ) 
10:48:11,065 [pool-23-thread-4] DEBUG org.activiti.engine.impl.persistence.entity.ExecutionEntity.insertExecution  - &lt;==    Updates: 1
10:48:11,065 [pool-23-thread-4] DEBUG org.activiti.engine.impl.db.DbSqlSession  - inserting: Task[id=a6fbf69c-c6c9-11ed-aa5a-de215c025445, name=null]
10:48:11,064 [pool-23-thread-3] DEBUG org.activiti.engine.impl.persistence.entity.HistoricProcessInstanceEntity.insertHistoricProcessInstance  - ==&gt; Parameters: a6f71457-c6c9-11ed-aa5a-de215c025445(String), a6f71457-c6c9-11ed-aa5a-de215c025445(String), null, simpleProcess:1:a6dcaf6e-c6c9-11ed-aa5a-de215c025445(String), 2001-01-01 01:23:46.0(Timestamp), null, null, null, theStart(String), null, null, null, (String), null
10:48:11,064 [pool-23-thread-8] DEBUG org.activiti.engine.impl.persistence.entity.ExecutionEntity.insertExecution  - &lt;==    Updates: 1
10:48:11,065 [pool-23-thread-8] DEBUG org.activiti.engine.impl.db.DbSqlSession  - inserting: Task[id=a6fabe11-c6c9-11ed-aa5a-de215c025445, name=null]
10:48:11,064 [pool-23-thread-1] DEBUG org.activiti.engine.impl.persistence.entity.HistoricActivityInstanceEntity.bulkInsertHistoricActivityInstance  - &lt;==    Updates: 5
10:48:11,065 [pool-23-thread-1] DEBUG org.activiti.engine.impl.db.DbSqlSession  - inserting: ProcessInstance[a6f62aec-c6c9-11ed-aa5a-de215c025445]
10:48:11,065 [pool-23-thread-8] DEBUG org.activiti.engine.impl.persistence.entity.TaskEntity.insertTask  - ==&gt;  Preparing: insert into ACT_RU_TASK (ID_, REV_, NAME_, PARENT_TASK_ID_, DESCRIPTION_, PRIORITY_, CREATE_TIME_, OWNER_, ASSIGNEE_, DELEGATION_, EXECUTION_ID_, PROC_INST_ID_, PROC_DEF_ID_, TASK_DEF_KEY_, DUE_DATE_, CATEGORY_, SUSPENSION_STATE_, TENANT_ID_, FORM_KEY_) values (?, 1, ?, ?, ?, ?, ?, ?, ?, ?, ?, ?, ?, ?, ?, ?, ?, ?, ? ) 
10:48:11,065 [pool-23-thread-3] DEBUG org.activiti.engine.impl.persistence.entity.HistoricProcessInstanceEntity.insertHistoricProcessInstance  - &lt;==    Updates: 1
10:48:11,065 [pool-23-thread-6] DEBUG org.activiti.engine.impl.persistence.entity.HistoricActivityInstanceEntity.bulkInsertHistoricActivityInstance  - ==&gt;  Preparing: insert into ACT_HI_ACTINST ( ID_, PROC_DEF_ID_, PROC_INST_ID_, EXECUTION_ID_, ACT_ID_, TASK_ID_, CALL_PROC_INST_ID_, ACT_NAME_, ACT_TYPE_, ASSIGNEE_, START_TIME_, END_TIME_, DURATION_, TENANT_ID_ ) values (?, ?, ?, ?, ?, ?, ?, ?, ?, ?, ?, ?, ?, ?) , (?, ?, ?, ?, ?, ?, ?, ?, ?, ?, ?, ?, ?, ?) , (?, ?, ?, ?, ?, ?, ?, ?, ?, ?, ?, ?, ?, ?) , (?, ?, ?, ?, ?, ?, ?, ?, ?, ?, ?, ?, ?, ?) , (?, ?, ?, ?, ?, ?, ?, ?, ?, ?, ?, ?, ?, ?) 
10:48:11,065 [pool-23-thread-4] DEBUG org.activiti.engine.impl.persistence.entity.TaskEntity.insertTask  - ==&gt;  Preparing: insert into ACT_RU_TASK (ID_, REV_, NAME_, PARENT_TASK_ID_, DESCRIPTION_, PRIORITY_, CREATE_TIME_, OWNER_, ASSIGNEE_, DELEGATION_, EXECUTION_ID_, PROC_INST_ID_, PROC_DEF_ID_, TASK_DEF_KEY_, DUE_DATE_, CATEGORY_, SUSPENSION_STATE_, TENANT_ID_, FORM_KEY_) values (?, 1, ?, ?, ?, ?, ?, ?, ?, ?, ?, ?, ?, ?, ?, ?, ?, ?, ? ) 
10:48:11,065 [pool-23-thread-10] DEBUG org.activiti.engine.impl.persistence.entity.TaskEntity.insertTask  - ==&gt; Parameters: a6fa48da-c6c9-11ed-aa5a-de215c025445(String), null, null, null, 50(Integer), 2001-01-01 01:23:46.0(Timestamp), null, null, null, a6f84cec-c6c9-11ed-aa5a-de215c025445(String), a6f84cec-c6c9-11ed-aa5a-de215c025445(String), simpleProcess:1:a6dcaf6e-c6c9-11ed-aa5a-de215c025445(String), task4(String), null, null, 1(Integer), (String), null
10:48:11,065 [pool-23-thread-4] DEBUG org.activiti.engine.impl.persistence.entity.TaskEntity.insertTask  - ==&gt; Parameters: a6fbf69c-c6c9-11ed-aa5a-de215c025445(String), null, null, null, 50(Integer), 2001-01-01 01:23:46.0(Timestamp), null, null, null, a6f9d3a4-c6c9-11ed-aa5a-de215c025445(String), a6f9d3a4-c6c9-11ed-aa5a-de215c025445(String), simpleProcess:1:a6dcaf6e-c6c9-11ed-aa5a-de215c025445(String), task4(String), null, null, 1(Integer), (String), null
10:48:11,065 [pool-23-thread-8] DEBUG org.activiti.engine.impl.persistence.entity.TaskEntity.insertTask  - ==&gt; Parameters: a6fabe11-c6c9-11ed-aa5a-de215c025445(String), null, null, null, 50(Integer), 2001-01-01 01:23:46.0(Timestamp), null, null, null, a6f873fd-c6c9-11ed-aa5a-de215c025445(String), a6f873fd-c6c9-11ed-aa5a-de215c025445(String), simpleProcess:1:a6dcaf6e-c6c9-11ed-aa5a-de215c025445(String), task4(String), null, null, 1(Integer), (String), null
10:48:11,065 [pool-23-thread-1] DEBUG org.activiti.engine.impl.persistence.entity.ExecutionEntity.insertExecution  - ==&gt;  Preparing: insert into ACT_RU_EXECUTION (ID_, REV_, PROC_INST_ID_, BUSINESS_KEY_, PROC_DEF_ID_, ACT_ID_, IS_ACTIVE_, IS_CONCURRENT_, IS_SCOPE_,IS_EVENT_SCOPE_, PARENT_ID_, SUPER_EXEC_, SUSPENSION_STATE_, CACHED_ENT_STATE_, TENANT_ID_, NAME_) values ( ?, 1, ?, ?, ?, ?, ?, ?, ?, ?, ?, ?, ?, ?, ?, ? ) 
10:48:11,065 [pool-23-thread-8] DEBUG org.activiti.engine.impl.persistence.entity.TaskEntity.insertTask  - &lt;==    Updates: 1
10:48:11,065 [pool-23-thread-3] DEBUG org.activiti.engine.impl.persistence.entity.HistoricActivityInstanceEntity.bulkInsertHistoricActivityInstance  - ==&gt;  Preparing: insert into ACT_HI_ACTINST ( ID_, PROC_DEF_ID_, PROC_INST_ID_, EXECUTION_ID_, ACT_ID_, TASK_ID_, CALL_PROC_INST_ID_, ACT_NAME_, ACT_TYPE_, ASSIGNEE_, START_TIME_, END_TIME_, DURATION_, TENANT_ID_ ) values (?, ?, ?, ?, ?, ?, ?, ?, ?, ?, ?, ?, ?, ?) , (?, ?, ?, ?, ?, ?, ?, ?, ?, ?, ?, ?, ?, ?) , (?, ?, ?, ?, ?, ?, ?, ?, ?, ?, ?, ?, ?, ?) , (?, ?, ?, ?, ?, ?, ?, ?, ?, ?, ?, ?, ?, ?) , (?, ?, ?, ?, ?, ?, ?, ?, ?, ?, ?, ?, ?, ?) 
10:48:11,065 [pool-23-thread-4] DEBUG org.activiti.engine.impl.persistence.entity.TaskEntity.insertTask  - &lt;==    Updates: 1
10:48:11,065 [pool-23-thread-4] DEBUG org.activiti.engine.impl.cfg.standalone.StandaloneMybatisTransactionContext  - firing event committing...
10:48:11,065 [pool-23-thread-4] DEBUG org.activiti.engine.impl.cfg.standalone.StandaloneMybatisTransactionContext  - committing the ibatis sql session...
10:48:11,065 [pool-23-thread-4] DEBUG org.apache.ibatis.transaction.jdbc.JdbcTransaction  - Committing JDBC Connection [conn154: url=jdbc:h2:mem:activiti-uuid-generator-test user=SA]
10:48:11,065 [pool-23-thread-10] DEBUG org.activiti.engine.impl.persistence.entity.TaskEntity.insertTask  - &lt;==    Updates: 1
10:48:11,065 [pool-23-thread-10] DEBUG org.activiti.engine.impl.cfg.standalone.StandaloneMybatisTransactionContext  - firing event committing...
10:48:11,065 [pool-23-thread-10] DEBUG org.activiti.engine.impl.cfg.standalone.StandaloneMybatisTransactionContext  - committing the ibatis sql session...
10:48:11,065 [pool-23-thread-10] DEBUG org.apache.ibatis.transaction.jdbc.JdbcTransaction  - Committing JDBC Connection [conn149: url=jdbc:h2:mem:activiti-uuid-generator-test user=SA]
10:48:11,065 [pool-23-thread-6] DEBUG org.activiti.engine.impl.persistence.entity.HistoricActivityInstanceEntity.bulkInsertHistoricActivityInstance  - ==&gt; Parameters: a6fa6fec-c6c9-11ed-aa5a-de215c025445(String), simpleProcess:1:a6dcaf6e-c6c9-11ed-aa5a-de215c025445(String), a6fa21c8-c6c9-11ed-aa5a-de215c025445(String), a6fa21c8-c6c9-11ed-aa5a-de215c025445(String), theStart(String), null, null, null, startEvent(String), null, 2001-01-01 01:23:46.0(Timestamp), 2001-01-01 01:23:46.0(Timestamp), 0(Long), (String), a6fb0c35-c6c9-11ed-aa5a-de215c025445(String), simpleProcess:1:a6dcaf6e-c6c9-11ed-aa5a-de215c025445(String), a6fa21c8-c6c9-11ed-aa5a-de215c025445(String), a6fa21c8-c6c9-11ed-aa5a-de215c025445(String), task1(String), null, null, null, manualTask(String), null, 2001-01-01 01:23:46.0(Timestamp), 2001-01-01 01:23:46.0(Timestamp), 0(Long), (String), a6fb8166-c6c9-11ed-aa5a-de215c025445(String), simpleProcess:1:a6dcaf6e-c6c9-11ed-aa5a-de215c025445(String), a6fa21c8-c6c9-11ed-aa5a-de215c025445(String), a6fa21c8-c6c9-11ed-aa5a-de215c025445(String), task2(String), null, null, null, manualTask(String), null, 2001-01-01 01:23:46.0(Timestamp), 2001-01-01 01:23:46.0(Timestamp), 0(Long), (String), a6fba878-c6c9-11ed-aa5a-de215c025445(String), simpleProcess:1:a6dcaf6e-c6c9-11ed-aa5a-de215c025445(String), a6fa21c8-c6c9-11ed-aa5a-de215c025445(String), a6fa21c8-c6c9-11ed-aa5a-de215c025445(String), task3(String), null, null, null, manualTask(String), null, 2001-01-01 01:23:46.0(Timestamp), 2001-01-01 01:23:46.0(Timestamp), 0(Long), (String), a6fba879-c6c9-11ed-aa5a-de215c025445(String), simpleProcess:1:a6dcaf6e-c6c9-11ed-aa5a-de215c025445(String), a6fa21c8-c6c9-11ed-aa5a-de215c025445(String), a6fa21c8-c6c9-11ed-aa5a-de215c025445(String), task4(String), a6fba87a-c6c9-11ed-aa5a-de215c025445(String), null, null, userTask(String), null, 2001-01-01 01:23:46.0(Timestamp), null, null, (String)
10:48:11,065 [pool-23-thread-10] DEBUG org.activiti.engine.impl.cfg.standalone.StandaloneMybatisTransactionContext  - firing event committed...
10:48:11,065 [pool-23-thread-10] DEBUG org.apache.ibatis.transaction.jdbc.JdbcTransaction  - Resetting autocommit to true on JDBC Connection [conn149: url=jdbc:h2:mem:activiti-uuid-generator-test user=SA]
10:48:11,065 [pool-23-thread-10] DEBUG org.apache.ibatis.transaction.jdbc.JdbcTransaction  - Closing JDBC Connection [conn149: url=jdbc:h2:mem:activiti-uuid-generator-test user=SA]
10:48:11,065 [pool-23-thread-10] DEBUG org.apache.ibatis.datasource.pooled.PooledDataSource  - Returned connection 416618450 to pool.
10:48:11,065 [pool-23-thread-4] DEBUG org.activiti.engine.impl.cfg.standalone.StandaloneMybatisTransactionContext  - firing event committed...
10:48:11,066 [pool-23-thread-4] DEBUG org.apache.ibatis.transaction.jdbc.JdbcTransaction  - Resetting autocommit to true on JDBC Connection [conn154: url=jdbc:h2:mem:activiti-uuid-generator-test user=SA]
10:48:11,066 [pool-23-thread-4] DEBUG org.apache.ibatis.transaction.jdbc.JdbcTransaction  - Closing JDBC Connection [conn154: url=jdbc:h2:mem:activiti-uuid-generator-test user=SA]
10:48:11,065 [pool-23-thread-3] DEBUG org.activiti.engine.impl.persistence.entity.HistoricActivityInstanceEntity.bulkInsertHistoricActivityInstance  - ==&gt; Parameters: a6f7627b-c6c9-11ed-aa5a-de215c025445(String), simpleProcess:1:a6dcaf6e-c6c9-11ed-aa5a-de215c025445(String), a6f71457-c6c9-11ed-aa5a-de215c025445(String), a6f71457-c6c9-11ed-aa5a-de215c025445(String), theStart(String), null, null, null, startEvent(String), null, 2001-01-01 01:23:46.0(Timestamp), 2001-01-01 01:23:46.0(Timestamp), 0(Long), (String), a6f7fec7-c6c9-11ed-aa5a-de215c025445(String), simpleProcess:1:a6dcaf6e-c6c9-11ed-aa5a-de215c025445(String), a6f71457-c6c9-11ed-aa5a-de215c025445(String), a6f71457-c6c9-11ed-aa5a-de215c025445(String), task1(String), null, null, null, manualTask(String), null, 2001-01-01 01:23:46.0(Timestamp), 2001-01-01 01:23:46.0(Timestamp), 0(Long), (String), a6f89b14-c6c9-11ed-aa5a-de215c025445(String), simpleProcess:1:a6dcaf6e-c6c9-11ed-aa5a-de215c025445(String), a6f71457-c6c9-11ed-aa5a-de215c025445(String), a6f71457-c6c9-11ed-aa5a-de215c025445(String), task2(String), null, null, null, manualTask(String), null, 2001-01-01 01:23:46.0(Timestamp), 2001-01-01 01:23:46.0(Timestamp), 0(Long), (String), a6f9fab5-c6c9-11ed-aa5a-de215c025445(String), simpleProcess:1:a6dcaf6e-c6c9-11ed-aa5a-de215c025445(String), a6f71457-c6c9-11ed-aa5a-de215c025445(String), a6f71457-c6c9-11ed-aa5a-de215c025445(String), task3(String), null, null, null, manualTask(String), null, 2001-01-01 01:23:46.0(Timestamp), 2001-01-01 01:23:46.0(Timestamp), 0(Long), (String), a6fa96fd-c6c9-11ed-aa5a-de215c025445(String), simpleProcess:1:a6dcaf6e-c6c9-11ed-aa5a-de215c025445(String), a6f71457-c6c9-11ed-aa5a-de215c025445(String), a6f71457-c6c9-11ed-aa5a-de215c025445(String), task4(String), a6fabe12-c6c9-11ed-aa5a-de215c025445(String), null, null, userTask(String), null, 2001-01-01 01:23:46.0(Timestamp), null, null, (String)
10:48:11,065 [pool-23-thread-8] DEBUG org.activiti.engine.impl.cfg.standalone.StandaloneMybatisTransactionContext  - firing event committing...
10:48:11,066 [pool-23-thread-8] DEBUG org.activiti.engine.impl.cfg.standalone.StandaloneMybatisTransactionContext  - committing the ibatis sql session...
10:48:11,066 [pool-23-thread-8] DEBUG org.apache.ibatis.transaction.jdbc.JdbcTransaction  - Committing JDBC Connection [conn146: url=jdbc:h2:mem:activiti-uuid-generator-test user=SA]
10:48:11,065 [pool-23-thread-1] DEBUG org.activiti.engine.impl.persistence.entity.ExecutionEntity.insertExecution  - ==&gt; Parameters: a6f62aec-c6c9-11ed-aa5a-de215c025445(String), a6f62aec-c6c9-11ed-aa5a-de215c025445(String), null, simpleProcess:1:a6dcaf6e-c6c9-11ed-aa5a-de215c025445(String), task4(String), true(Boolean), false(Boolean), true(Boolean), false(Boolean), null, null, 1(Integer), 2(Integer), (String), null
10:48:11,066 [pool-23-thread-8] DEBUG org.activiti.engine.impl.cfg.standalone.StandaloneMybatisTransactionContext  - firing event committed...
10:48:11,066 [pool-23-thread-8] DEBUG org.apache.ibatis.transaction.jdbc.JdbcTransaction  - Resetting autocommit to true on JDBC Connection [conn146: url=jdbc:h2:mem:activiti-uuid-generator-test user=SA]
10:48:11,066 [pool-23-thread-8] DEBUG org.apache.ibatis.transaction.jdbc.JdbcTransaction  - Closing JDBC Connection [conn146: url=jdbc:h2:mem:activiti-uuid-generator-test user=SA]
10:48:11,066 [pool-23-thread-3] DEBUG org.activiti.engine.impl.persistence.entity.HistoricActivityInstanceEntity.bulkInsertHistoricActivityInstance  - &lt;==    Updates: 5
10:48:11,066 [pool-23-thread-3] DEBUG org.activiti.engine.impl.db.DbSqlSession  - inserting: ProcessInstance[a6f71457-c6c9-11ed-aa5a-de215c025445]
10:48:11,066 [pool-23-thread-4] DEBUG org.apache.ibatis.datasource.pooled.PooledDataSource  - Closed connection 640090337.
10:48:11,066 [pool-23-thread-10] DEBUG org.activiti.engine.impl.interceptor.LogInterceptor  - --- StartProcessInstanceCmd finished --------------------------------------------------------
10:48:11,066 [pool-23-thread-8] DEBUG org.apache.ibatis.datasource.pooled.PooledDataSource  - Closed connection 88071124.
10:48:11,066 [pool-23-thread-8] DEBUG org.activiti.engine.impl.interceptor.LogInterceptor  - --- StartProcessInstanceCmd finished --------------------------------------------------------
10:48:11,066 [pool-23-thread-8] DEBUG org.activiti.engine.impl.interceptor.LogInterceptor  - 

10:48:11,065 [pool-23-thread-6] DEBUG org.activiti.engine.impl.persistence.entity.HistoricActivityInstanceEntity.bulkInsertHistoricActivityInstance  - &lt;==    Updates: 5
10:48:11,066 [pool-23-thread-6] DEBUG org.activiti.engine.impl.db.DbSqlSession  - inserting: ProcessInstance[a6fa21c8-c6c9-11ed-aa5a-de215c025445]
10:48:11,066 [pool-23-thread-10] DEBUG org.activiti.engine.impl.interceptor.LogInterceptor  - 

10:48:11,066 [pool-23-thread-4] DEBUG org.activiti.engine.impl.interceptor.LogInterceptor  - --- StartProcessInstanceCmd finished --------------------------------------------------------
10:48:11,066 [pool-23-thread-4] DEBUG org.activiti.engine.impl.interceptor.LogInterceptor  - 

10:48:11,066 [pool-23-thread-3] DEBUG org.activiti.engine.impl.persistence.entity.ExecutionEntity.insertExecution  - ==&gt;  Preparing: insert into ACT_RU_EXECUTION (ID_, REV_, PROC_INST_ID_, BUSINESS_KEY_, PROC_DEF_ID_, ACT_ID_, IS_ACTIVE_, IS_CONCURRENT_, IS_SCOPE_,IS_EVENT_SCOPE_, PARENT_ID_, SUPER_EXEC_, SUSPENSION_STATE_, CACHED_ENT_STATE_, TENANT_ID_, NAME_) values ( ?, 1, ?, ?, ?, ?, ?, ?, ?, ?, ?, ?, ?, ?, ?, ? ) 
10:48:11,066 [pool-23-thread-1] DEBUG org.activiti.engine.impl.persistence.entity.ExecutionEntity.insertExecution  - &lt;==    Updates: 1
10:48:11,066 [pool-23-thread-1] DEBUG org.activiti.engine.impl.db.DbSqlSession  - inserting: Task[id=a6fae523-c6c9-11ed-aa5a-de215c025445, name=null]
10:48:11,066 [pool-23-thread-3] DEBUG org.activiti.engine.impl.persistence.entity.ExecutionEntity.insertExecution  - ==&gt; Parameters: a6f71457-c6c9-11ed-aa5a-de215c025445(String), a6f71457-c6c9-11ed-aa5a-de215c025445(String), null, simpleProcess:1:a6dcaf6e-c6c9-11ed-aa5a-de215c025445(String), task4(String), true(Boolean), false(Boolean), true(Boolean), false(Boolean), null, null, 1(Integer), 2(Integer), (String), null
10:48:11,066 [pool-23-thread-6] DEBUG org.activiti.engine.impl.persistence.entity.ExecutionEntity.insertExecution  - ==&gt;  Preparing: insert into ACT_RU_EXECUTION (ID_, REV_, PROC_INST_ID_, BUSINESS_KEY_, PROC_DEF_ID_, ACT_ID_, IS_ACTIVE_, IS_CONCURRENT_, IS_SCOPE_,IS_EVENT_SCOPE_, PARENT_ID_, SUPER_EXEC_, SUSPENSION_STATE_, CACHED_ENT_STATE_, TENANT_ID_, NAME_) values ( ?, 1, ?, ?, ?, ?, ?, ?, ?, ?, ?, ?, ?, ?, ?, ? ) 
10:48:11,066 [pool-23-thread-3] DEBUG org.activiti.engine.impl.persistence.entity.ExecutionEntity.insertExecution  - &lt;==    Updates: 1
10:48:11,067 [pool-23-thread-3] DEBUG org.activiti.engine.impl.db.DbSqlSession  - inserting: Task[id=a6fabe12-c6c9-11ed-aa5a-de215c025445, name=null]
10:48:11,066 [pool-23-thread-1] DEBUG org.activiti.engine.impl.persistence.entity.TaskEntity.insertTask  - ==&gt;  Preparing: insert into ACT_RU_TASK (ID_, REV_, NAME_, PARENT_TASK_ID_, DESCRIPTION_, PRIORITY_, CREATE_TIME_, OWNER_, ASSIGNEE_, DELEGATION_, EXECUTION_ID_, PROC_INST_ID_, PROC_DEF_ID_, TASK_DEF_KEY_, DUE_DATE_, CATEGORY_, SUSPENSION_STATE_, TENANT_ID_, FORM_KEY_) values (?, 1, ?, ?, ?, ?, ?, ?, ?, ?, ?, ?, ?, ?, ?, ?, ?, ?, ? ) 
10:48:11,067 [pool-23-thread-3] DEBUG org.activiti.engine.impl.persistence.entity.TaskEntity.insertTask  - ==&gt;  Preparing: insert into ACT_RU_TASK (ID_, REV_, NAME_, PARENT_TASK_ID_, DESCRIPTION_, PRIORITY_, CREATE_TIME_, OWNER_, ASSIGNEE_, DELEGATION_, EXECUTION_ID_, PROC_INST_ID_, PROC_DEF_ID_, TASK_DEF_KEY_, DUE_DATE_, CATEGORY_, SUSPENSION_STATE_, TENANT_ID_, FORM_KEY_) values (?, 1, ?, ?, ?, ?, ?, ?, ?, ?, ?, ?, ?, ?, ?, ?, ?, ?, ? ) 
10:48:11,067 [pool-23-thread-6] DEBUG org.activiti.engine.impl.persistence.entity.ExecutionEntity.insertExecution  - ==&gt; Parameters: a6fa21c8-c6c9-11ed-aa5a-de215c025445(String), a6fa21c8-c6c9-11ed-aa5a-de215c025445(String), null, simpleProcess:1:a6dcaf6e-c6c9-11ed-aa5a-de215c025445(String), task4(String), true(Boolean), false(Boolean), true(Boolean), false(Boolean), null, null, 1(Integer), 2(Integer), (String), null
10:48:11,067 [pool-23-thread-3] DEBUG org.activiti.engine.impl.persistence.entity.TaskEntity.insertTask  - ==&gt; Parameters: a6fabe12-c6c9-11ed-aa5a-de215c025445(String), null, null, null, 50(Integer), 2001-01-01 01:23:46.0(Timestamp), null, null, null, a6f71457-c6c9-11ed-aa5a-de215c025445(String), a6f71457-c6c9-11ed-aa5a-de215c025445(String), simpleProcess:1:a6dcaf6e-c6c9-11ed-aa5a-de215c025445(String), task4(String), null, null, 1(Integer), (String), null
10:48:11,067 [pool-23-thread-1] DEBUG org.activiti.engine.impl.persistence.entity.TaskEntity.insertTask  - ==&gt; Parameters: a6fae523-c6c9-11ed-aa5a-de215c025445(String), null, null, null, 50(Integer), 2001-01-01 01:23:46.0(Timestamp), null, null, null, a6f62aec-c6c9-11ed-aa5a-de215c025445(String), a6f62aec-c6c9-11ed-aa5a-de215c025445(String), simpleProcess:1:a6dcaf6e-c6c9-11ed-aa5a-de215c025445(String), task4(String), null, null, 1(Integer), (String), null
10:48:11,067 [pool-23-thread-3] DEBUG org.activiti.engine.impl.persistence.entity.TaskEntity.insertTask  - &lt;==    Updates: 1
10:48:11,067 [pool-23-thread-3] DEBUG org.activiti.engine.impl.cfg.standalone.StandaloneMybatisTransactionContext  - firing event committing...
10:48:11,067 [pool-23-thread-3] DEBUG org.activiti.engine.impl.cfg.standalone.StandaloneMybatisTransactionContext  - committing the ibatis sql session...
10:48:11,067 [pool-23-thread-3] DEBUG org.apache.ibatis.transaction.jdbc.JdbcTransaction  - Committing JDBC Connection [conn153: url=jdbc:h2:mem:activiti-uuid-generator-test user=SA]
10:48:11,067 [pool-23-thread-6] DEBUG org.activiti.engine.impl.persistence.entity.ExecutionEntity.insertExecution  - &lt;==    Updates: 1
10:48:11,067 [pool-23-thread-3] DEBUG org.activiti.engine.impl.cfg.standalone.StandaloneMybatisTransactionContext  - firing event committed...
10:48:11,067 [pool-23-thread-3] DEBUG org.apache.ibatis.transaction.jdbc.JdbcTransaction  - Resetting autocommit to true on JDBC Connection [conn153: url=jdbc:h2:mem:activiti-uuid-generator-test user=SA]
10:48:11,067 [pool-23-thread-3] DEBUG org.apache.ibatis.transaction.jdbc.JdbcTransaction  - Closing JDBC Connection [conn153: url=jdbc:h2:mem:activiti-uuid-generator-test user=SA]
10:48:11,067 [pool-23-thread-6] DEBUG org.activiti.engine.impl.db.DbSqlSession  - inserting: Task[id=a6fba87a-c6c9-11ed-aa5a-de215c025445, name=null]
10:48:11,067 [pool-23-thread-1] DEBUG org.activiti.engine.impl.persistence.entity.TaskEntity.insertTask  - &lt;==    Updates: 1
10:48:11,067 [pool-23-thread-1] DEBUG org.activiti.engine.impl.cfg.standalone.StandaloneMybatisTransactionContext  - firing event committing...
10:48:11,067 [pool-23-thread-1] DEBUG org.activiti.engine.impl.cfg.standalone.StandaloneMybatisTransactionContext  - committing the ibatis sql session...
10:48:11,067 [pool-23-thread-1] DEBUG org.apache.ibatis.transaction.jdbc.JdbcTransaction  - Committing JDBC Connection [conn151: url=jdbc:h2:mem:activiti-uuid-generator-test user=SA]
10:48:11,067 [pool-23-thread-6] DEBUG org.activiti.engine.impl.persistence.entity.TaskEntity.insertTask  - ==&gt;  Preparing: insert into ACT_RU_TASK (ID_, REV_, NAME_, PARENT_TASK_ID_, DESCRIPTION_, PRIORITY_, CREATE_TIME_, OWNER_, ASSIGNEE_, DELEGATION_, EXECUTION_ID_, PROC_INST_ID_, PROC_DEF_ID_, TASK_DEF_KEY_, DUE_DATE_, CATEGORY_, SUSPENSION_STATE_, TENANT_ID_, FORM_KEY_) values (?, 1, ?, ?, ?, ?, ?, ?, ?, ?, ?, ?, ?, ?, ?, ?, ?, ?, ? ) 
10:48:11,067 [pool-23-thread-3] DEBUG org.apache.ibatis.datasource.pooled.PooledDataSource  - Closed connection 1805157850.
10:48:11,067 [pool-23-thread-6] DEBUG org.activiti.engine.impl.persistence.entity.TaskEntity.insertTask  - ==&gt; Parameters: a6fba87a-c6c9-11ed-aa5a-de215c025445(String), null, null, null, 50(Integer), 2001-01-01 01:23:46.0(Timestamp), null, null, null, a6fa21c8-c6c9-11ed-aa5a-de215c025445(String), a6fa21c8-c6c9-11ed-aa5a-de215c025445(String), simpleProcess:1:a6dcaf6e-c6c9-11ed-aa5a-de215c025445(String), task4(String), null, null, 1(Integer), (String), null
10:48:11,067 [pool-23-thread-1] DEBUG org.activiti.engine.impl.cfg.standalone.StandaloneMybatisTransactionContext  - firing event committed...
10:48:11,067 [pool-23-thread-6] DEBUG org.activiti.engine.impl.persistence.entity.TaskEntity.insertTask  - &lt;==    Updates: 1
10:48:11,067 [pool-23-thread-6] DEBUG org.activiti.engine.impl.cfg.standalone.StandaloneMybatisTransactionContext  - firing event committing...
10:48:11,067 [pool-23-thread-6] DEBUG org.activiti.engine.impl.cfg.standalone.StandaloneMybatisTransactionContext  - committing the ibatis sql session...
10:48:11,067 [pool-23-thread-6] DEBUG org.apache.ibatis.transaction.jdbc.JdbcTransaction  - Committing JDBC Connection [conn152: url=jdbc:h2:mem:activiti-uuid-generator-test user=SA]
10:48:11,067 [pool-23-thread-3] DEBUG org.activiti.engine.impl.interceptor.LogInterceptor  - --- StartProcessInstanceCmd finished --------------------------------------------------------
10:48:11,067 [pool-23-thread-6] DEBUG org.activiti.engine.impl.cfg.standalone.StandaloneMybatisTransactionContext  - firing event committed...
10:48:11,068 [pool-23-thread-6] DEBUG org.apache.ibatis.transaction.jdbc.JdbcTransaction  - Resetting autocommit to true on JDBC Connection [conn152: url=jdbc:h2:mem:activiti-uuid-generator-test user=SA]
10:48:11,068 [pool-23-thread-6] DEBUG org.apache.ibatis.transaction.jdbc.JdbcTransaction  - Closing JDBC Connection [conn152: url=jdbc:h2:mem:activiti-uuid-generator-test user=SA]
10:48:11,067 [pool-23-thread-1] DEBUG org.apache.ibatis.transaction.jdbc.JdbcTransaction  - Resetting autocommit to true on JDBC Connection [conn151: url=jdbc:h2:mem:activiti-uuid-generator-test user=SA]
10:48:11,068 [pool-23-thread-1] DEBUG org.apache.ibatis.transaction.jdbc.JdbcTransaction  - Closing JDBC Connection [conn151: url=jdbc:h2:mem:activiti-uuid-generator-test user=SA]
10:48:11,068 [pool-23-thread-6] DEBUG org.apache.ibatis.datasource.pooled.PooledDataSource  - Closed connection 1865681564.
10:48:11,068 [pool-23-thread-3] DEBUG org.activiti.engine.impl.interceptor.LogInterceptor  - 

10:48:11,068 [pool-23-thread-1] DEBUG org.apache.ibatis.datasource.pooled.PooledDataSource  - Closed connection 2119021267.
10:48:11,068 [pool-23-thread-6] DEBUG org.activiti.engine.impl.interceptor.LogInterceptor  - --- StartProcessInstanceCmd finished --------------------------------------------------------
10:48:11,068 [pool-23-thread-6] DEBUG org.activiti.engine.impl.interceptor.LogInterceptor  - 

10:48:11,068 [pool-23-thread-1] DEBUG org.activiti.engine.impl.interceptor.LogInterceptor  - --- StartProcessInstanceCmd finished --------------------------------------------------------
10:48:11,068 [pool-23-thread-1] DEBUG org.activiti.engine.impl.interceptor.LogInterceptor  - 

10:48:11,068 [main] DEBUG org.activiti.engine.impl.interceptor.LogInterceptor  - 

10:48:11,068 [main] DEBUG org.activiti.engine.impl.interceptor.LogInterceptor  - --- starting HistoricProcessInstanceQueryImpl --------------------------------------------------------
10:48:11,068 [main] DEBUG org.activiti.engine.impl.history.DefaultHistoryManager  - Current history level: AUDIT
10:48:11,068 [main] DEBUG org.apache.ibatis.transaction.jdbc.JdbcTransaction  - Opening JDBC Connection
10:48:11,068 [main] DEBUG org.apache.ibatis.datasource.pooled.PooledDataSource  - Checked out connection 391030253 from pool.
10:48:11,068 [main] DEBUG org.apache.ibatis.transaction.jdbc.JdbcTransaction  - Setting autocommit to false on JDBC Connection [conn147: url=jdbc:h2:mem:activiti-uuid-generator-test user=SA]
10:48:11,068 [main] DEBUG org.activiti.engine.impl.persistence.entity.HistoricProcessInstanceEntity.selectHistoricProcessInstanceCountByQueryCriteria  - ==&gt;  Preparing: select count(distinct RES.ID_) from ACT_HI_PROCINST RES 
10:48:11,068 [main] DEBUG org.activiti.engine.impl.persistence.entity.HistoricProcessInstanceEntity.selectHistoricProcessInstanceCountByQueryCriteria  - ==&gt; Parameters: 
10:48:11,069 [main] DEBUG org.activiti.engine.impl.persistence.entity.HistoricProcessInstanceEntity.selectHistoricProcessInstanceCountByQueryCriteria  - &lt;==      Total: 1
10:48:11,069 [main] DEBUG org.activiti.engine.impl.db.DbSqlSession  - flush summary: 0 insert, 0 update, 0 delete.
10:48:11,069 [main] DEBUG org.activiti.engine.impl.db.DbSqlSession  - now executing flush...
10:48:11,069 [main] DEBUG org.activiti.engine.impl.cfg.standalone.StandaloneMybatisTransactionContext  - firing event committing...
10:48:11,069 [main] DEBUG org.activiti.engine.impl.cfg.standalone.StandaloneMybatisTransactionContext  - committing the ibatis sql session...
10:48:11,069 [main] DEBUG org.activiti.engine.impl.cfg.standalone.StandaloneMybatisTransactionContext  - firing event committed...
10:48:11,069 [main] DEBUG org.apache.ibatis.transaction.jdbc.JdbcTransaction  - Resetting autocommit to true on JDBC Connection [conn147: url=jdbc:h2:mem:activiti-uuid-generator-test user=SA]
10:48:11,069 [main] DEBUG org.apache.ibatis.transaction.jdbc.JdbcTransaction  - Closing JDBC Connection [conn147: url=jdbc:h2:mem:activiti-uuid-generator-test user=SA]
10:48:11,069 [main] DEBUG org.apache.ibatis.datasource.pooled.PooledDataSource  - Returned connection 391030253 to pool.
10:48:11,069 [main] DEBUG org.activiti.engine.impl.interceptor.LogInterceptor  - --- HistoricProcessInstanceQueryImpl finished --------------------------------------------------------
10:48:11,069 [main] DEBUG org.activiti.engine.impl.interceptor.LogInterceptor  - 

10:48:11,069 [main] DEBUG org.activiti.engine.impl.test.PvmTestCase  - #### END UuidGeneratorTest.testUuidGeneratorUsage #############################################################
10:48:11,069 [main] DEBUG org.activiti.engine.impl.test.TestHelper  - annotation @Deployment deletes deployment for UuidGeneratorTest.testUuidGeneratorUsage
10:48:11,069 [main] DEBUG org.activiti.engine.impl.interceptor.LogInterceptor  - 

10:48:11,069 [main] DEBUG org.activiti.engine.impl.interceptor.LogInterceptor  - --- starting DeleteDeploymentCmd --------------------------------------------------------
10:48:11,069 [main] DEBUG org.apache.ibatis.transaction.jdbc.JdbcTransaction  - Opening JDBC Connection
10:48:11,069 [main] DEBUG org.apache.ibatis.datasource.pooled.PooledDataSource  - Checked out connection 2049392199 from pool.
10:48:11,069 [main] DEBUG org.apache.ibatis.transaction.jdbc.JdbcTransaction  - Setting autocommit to false on JDBC Connection [conn150: url=jdbc:h2:mem:activiti-uuid-generator-test user=SA]
10:48:11,069 [main] DEBUG org.activiti.engine.impl.persistence.entity.DeploymentEntity.selectDeploymentById  - ==&gt;  Preparing: select * from ACT_RE_DEPLOYMENT where ID_ = ? 
10:48:11,069 [main] DEBUG org.activiti.engine.impl.persistence.entity.DeploymentEntity.selectDeploymentById  - ==&gt; Parameters: a6db9dfc-c6c9-11ed-aa5a-de215c025445(String)
10:48:11,069 [main] DEBUG org.activiti.engine.impl.persistence.entity.DeploymentEntity.selectDeploymentById  - &lt;==      Total: 1
10:48:11,070 [main] DEBUG org.activiti.engine.impl.persistence.entity.ProcessDefinitionEntity.selectProcessDefinitionsByQueryCriteria  - ==&gt;  Preparing: select RES.* from ACT_RE_PROCDEF RES WHERE RES.DEPLOYMENT_ID_ = ? order by order by RES.ID_ asc LIMIT ? OFFSET ? 
10:48:11,070 [main] DEBUG org.activiti.engine.impl.interceptor.CommandContext  - Error while closing command context
org.apache.ibatis.exceptions.PersistenceException: 
### Error querying database.  Cause: org.h2.jdbc.JdbcSQLException: Syntax error in SQL statement &quot;SELECT RES.* 
       
    FROM ACT_RE_PROCDEF RES
     
     WHERE  RES.DEPLOYMENT_ID_ = ? 
   
     ORDER BY  ORDER[*] BY RES.ID_ ASC  
    LIMIT ? OFFSET ? &quot;; expected &quot;=, NOT, EXISTS, INTERSECTS, SELECT, FROM&quot;; SQL statement:
select RES.* 
       
    from ACT_RE_PROCDEF RES
     
     WHERE  RES.DEPLOYMENT_ID_ = ? 
   
     order by  order by RES.ID_ asc  
    LIMIT ? OFFSET ? [42001-176]
### The error may exist in org/activiti/db/mapping/entity/ProcessDefinition.xml
### The error may involve org.activiti.engine.impl.persistence.entity.ProcessDefinitionEntity.selectProcessDefinitionsByQueryCriteria
### The error occurred while executing a query
### SQL: select RES.*              from ACT_RE_PROCDEF RES            WHERE  RES.DEPLOYMENT_ID_ = ?           order by  order by RES.ID_ asc       LIMIT ? OFFSET ?
### Cause: org.h2.jdbc.JdbcSQLException: Syntax error in SQL statement &quot;SELECT RES.* 
       
    FROM ACT_RE_PROCDEF RES
     
     WHERE  RES.DEPLOYMENT_ID_ = ? 
   
     ORDER BY  ORDER[*] BY RES.ID_ ASC  
    LIMIT ? OFFSET ? &quot;; expected &quot;=, NOT, EXISTS, INTERSECTS, SELECT, FROM&quot;; SQL statement:
select RES.* 
       
    from ACT_RE_PROCDEF RES
     
     WHERE  RES.DEPLOYMENT_ID_ = ? 
   
     order by  order by RES.ID_ asc  
    LIMIT ? OFFSET ? [42001-176]
	at org.apache.ibatis.exceptions.ExceptionFactory.wrapException(ExceptionFactory.java:30)
	at org.apache.ibatis.session.defaults.DefaultSqlSession.selectList(DefaultSqlSession.java:122)
	at org.apache.ibatis.session.defaults.DefaultSqlSession.selectList(DefaultSqlSession.java:113)
	at org.activiti.engine.impl.db.DbSqlSession.selectListWithRawParameter(DbSqlSession.java:438)
	at org.activiti.engine.impl.db.DbSqlSession.selectList(DbSqlSession.java:429)
	at org.activiti.engine.impl.db.DbSqlSession.selectList(DbSqlSession.java:419)
	at org.activiti.engine.impl.persistence.entity.ProcessDefinitionEntityManager.findProcessDefinitionsByQueryCriteria(ProcessDefinitionEntityManager.java:57)
	at org.activiti.engine.impl.ProcessDefinitionQueryImpl.executeList(ProcessDefinitionQueryImpl.java:307)
	at org.activiti.engine.impl.AbstractQuery.list(AbstractQuery.java:140)
	at org.activiti.engine.impl.persistence.deploy.DeploymentManager.removeDeployment(DeploymentManager.java:187)
	at org.activiti.engine.impl.cmd.DeleteDeploymentCmd.execute(DeleteDeploymentCmd.java:44)
	at org.activiti.engine.impl.cmd.DeleteDeploymentCmd.execute(DeleteDeploymentCmd.java:24)
	at org.activiti.engine.impl.interceptor.CommandInvoker.execute(CommandInvoker.java:24)
	at org.activiti.engine.impl.interceptor.CommandContextInterceptor.execute(CommandContextInterceptor.java:57)
	at org.activiti.engine.impl.interceptor.LogInterceptor.execute(LogInterceptor.java:37)
	at org.activiti.engine.impl.cfg.CommandExecutorImpl.execute(CommandExecutorImpl.java:40)
	at org.activiti.engine.impl.cfg.CommandExecutorImpl.execute(CommandExecutorImpl.java:35)
	at org.activiti.engine.impl.RepositoryServiceImpl.deleteDeployment(RepositoryServiceImpl.java:90)
	at org.activiti.engine.impl.test.TestHelper.annotationDeploymentTearDown(TestHelper.java:116)
	at org.activiti.engine.impl.test.AbstractActivitiTestCase.runBare(AbstractActivitiTestCase.java:116)
	at junit.framework.TestResult$1.protect(TestResult.java:122)
	at junit.framework.TestResult.runProtected(TestResult.java:142)
	at junit.framework.TestResult.run(TestResult.java:125)
	at junit.framework.TestCase.run(TestCase.java:129)
	at junit.framework.TestSuite.runTest(TestSuite.java:255)
	at junit.framework.TestSuite.run(TestSuite.java:250)
	at org.junit.internal.runners.JUnit38ClassRunner.run(JUnit38ClassRunner.java:84)
	at org.apache.maven.surefire.junit4.JUnit4TestSet.execute(JUnit4TestSet.java:35)
	at org.apache.maven.surefire.junit4.JUnit4Provider.executeTestSet(JUnit4Provider.java:146)
	at org.apache.maven.surefire.junit4.JUnit4Provider.invoke(JUnit4Provider.java:97)
	at sun.reflect.NativeMethodAccessorImpl.invoke0(Native Method)
	at sun.reflect.NativeMethodAccessorImpl.invoke(NativeMethodAccessorImpl.java:62)
	at sun.reflect.DelegatingMethodAccessorImpl.invoke(DelegatingMethodAccessorImpl.java:43)
	at java.lang.reflect.Method.invoke(Method.java:498)
	at org.apache.maven.surefire.booter.ProviderFactory$ClassLoaderProxy.invoke(ProviderFactory.java:103)
	at com.sun.proxy.$Proxy0.invoke(Unknown Source)
	at org.apache.maven.surefire.booter.SurefireStarter.invokeProvider(SurefireStarter.java:145)
	at org.apache.maven.surefire.booter.SurefireStarter.runSuitesInProcess(SurefireStarter.java:87)
	at org.apache.maven.surefire.booter.ForkedBooter.main(ForkedBooter.java:69)
Caused by: org.h2.jdbc.JdbcSQLException: Syntax error in SQL statement &quot;SELECT RES.* 
       
    FROM ACT_RE_PROCDEF RES
     
     WHERE  RES.DEPLOYMENT_ID_ = ? 
   
     ORDER BY  ORDER[*] BY RES.ID_ ASC  
    LIMIT ? OFFSET ? &quot;; expected &quot;=, NOT, EXISTS, INTERSECTS, SELECT, FROM&quot;; SQL statement:
select RES.* 
       
    from ACT_RE_PROCDEF RES
     
     WHERE  RES.DEPLOYMENT_ID_ = ? 
   
     order by  order by RES.ID_ asc  
    LIMIT ? OFFSET ? [42001-176]
	at org.h2.message.DbException.getJdbcSQLException(DbException.java:344)
	at org.h2.message.DbException.getSyntaxError(DbException.java:204)
	at org.h2.command.Parser.getSyntaxError(Parser.java:524)
	at org.h2.command.Parser.readTerm(Parser.java:2688)
	at org.h2.command.Parser.readFactor(Parser.java:2244)
	at org.h2.command.Parser.readSum(Parser.java:2231)
	at org.h2.command.Parser.readConcat(Parser.java:2201)
	at org.h2.command.Parser.readCondition(Parser.java:2051)
	at org.h2.command.Parser.readAnd(Parser.java:2023)
	at org.h2.command.Parser.readExpression(Parser.java:2015)
	at org.h2.command.Parser.parseEndOfQuery(Parser.java:1726)
	at org.h2.command.Parser.parseSelectUnionExtension(Parser.java:1706)
	at org.h2.command.Parser.parseSelectUnion(Parser.java:1675)
	at org.h2.command.Parser.parseSelect(Parser.java:1662)
	at org.h2.command.Parser.parsePrepared(Parser.java:434)
	at org.h2.command.Parser.parse(Parser.java:306)
	at org.h2.command.Parser.parse(Parser.java:282)
	at org.h2.command.Parser.prepareCommand(Parser.java:243)
	at org.h2.engine.Session.prepareLocal(Session.java:442)
	at org.h2.engine.Session.prepareCommand(Session.java:384)
	at org.h2.jdbc.JdbcConnection.prepareCommand(JdbcConnection.java:1188)
	at org.h2.jdbc.JdbcPreparedStatement.&lt;init&gt;(JdbcPreparedStatement.java:73)
	at org.h2.jdbc.JdbcConnection.prepareStatement(JdbcConnection.java:276)
	at sun.reflect.GeneratedMethodAccessor6.invoke(Unknown Source)
	at sun.reflect.DelegatingMethodAccessorImpl.invoke(DelegatingMethodAccessorImpl.java:43)
	at java.lang.reflect.Method.invoke(Method.java:498)
	at org.apache.ibatis.datasource.pooled.PooledConnection.invoke(PooledConnection.java:245)
	at com.sun.proxy.$Proxy12.prepareStatement(Unknown Source)
	at sun.reflect.GeneratedMethodAccessor6.invoke(Unknown Source)
	at sun.reflect.DelegatingMethodAccessorImpl.invoke(DelegatingMethodAccessorImpl.java:43)
	at java.lang.reflect.Method.invoke(Method.java:498)
	at org.apache.ibatis.logging.jdbc.ConnectionLogger.invoke(ConnectionLogger.java:55)
	at com.sun.proxy.$Proxy12.prepareStatement(Unknown Source)
	at org.apache.ibatis.executor.statement.PreparedStatementHandler.instantiateStatement(PreparedStatementHandler.java:79)
	at org.apache.ibatis.executor.statement.BaseStatementHandler.prepare(BaseStatementHandler.java:88)
	at org.apache.ibatis.executor.statement.RoutingStatementHandler.prepare(RoutingStatementHandler.java:58)
	at org.apache.ibatis.executor.SimpleExecutor.prepareStatement(SimpleExecutor.java:76)
	at org.apache.ibatis.executor.SimpleExecutor.doQuery(SimpleExecutor.java:61)
	at org.apache.ibatis.executor.BaseExecutor.queryFromDatabase(BaseExecutor.java:303)
	at org.apache.ibatis.executor.BaseExecutor.query(BaseExecutor.java:154)
	at org.apache.ibatis.executor.CachingExecutor.query(CachingExecutor.java:102)
	at org.apache.ibatis.executor.CachingExecutor.query(CachingExecutor.java:82)
	at org.apache.ibatis.session.defaults.DefaultSqlSession.selectList(DefaultSqlSession.java:120)
	... 37 more
10:48:11,070 [main] DEBUG org.activiti.engine.impl.cfg.standalone.StandaloneMybatisTransactionContext  - firing event rolling back...
10:48:11,070 [main] DEBUG org.activiti.engine.impl.cfg.standalone.StandaloneMybatisTransactionContext  - rolling back ibatis sql session...
10:48:11,070 [main] DEBUG org.activiti.engine.impl.cfg.standalone.StandaloneMybatisTransactionContext  - firing event rolled back...
10:48:11,070 [main] DEBUG org.apache.ibatis.transaction.jdbc.JdbcTransaction  - Resetting autocommit to true on JDBC Connection [conn150: url=jdbc:h2:mem:activiti-uuid-generator-test user=SA]
10:48:11,070 [main] DEBUG org.apache.ibatis.transaction.jdbc.JdbcTransaction  - Closing JDBC Connection [conn150: url=jdbc:h2:mem:activiti-uuid-generator-test user=SA]
10:48:11,070 [main] DEBUG org.apache.ibatis.datasource.pooled.PooledDataSource  - Returned connection 2049392199 to pool.
10:48:11,070 [main] DEBUG org.activiti.engine.impl.interceptor.LogInterceptor  - --- DeleteDeploymentCmd finished --------------------------------------------------------
10:48:11,070 [main] DEBUG org.activiti.engine.impl.interceptor.LogInterceptor  - 

</system-out>
    <system-err>Exception in thread &quot;pool-23-thread-2&quot; org.apache.ibatis.exceptions.PersistenceException: 
### Error querying database.  Cause: org.h2.jdbc.JdbcSQLException: Syntax error in SQL statement &quot;SELECT DISTINCT RES.* 
       
    FROM ACT_RU_TASK RES
     
     
     
     
    
     
     
     
      
   
    
     ORDER BY  ORDER[*] BY RES.ID_ ASC  
    LIMIT ? OFFSET ? &quot;; expected &quot;=, NOT, EXISTS, INTERSECTS, SELECT, FROM&quot;; SQL statement:
select distinct RES.* 
       
    from ACT_RU_TASK RES
     
     
     
     
    
     
     
     
      
   
    
     order by  order by RES.ID_ asc  
    LIMIT ? OFFSET ? [42001-176]
### The error may exist in org/activiti/db/mapping/entity/Task.xml
### The error may involve org.activiti.engine.impl.persistence.entity.TaskEntity.selectTaskByQueryCriteria
### The error occurred while executing a query
### SQL: select distinct RES.*              from ACT_RU_TASK RES                                                                     order by  order by RES.ID_ asc       LIMIT ? OFFSET ?
### Cause: org.h2.jdbc.JdbcSQLException: Syntax error in SQL statement &quot;SELECT DISTINCT RES.* 
       
    FROM ACT_RU_TASK RES
     
     
     
     
    
     
     
     
      
   
    
     ORDER BY  ORDER[*] BY RES.ID_ ASC  
    LIMIT ? OFFSET ? &quot;; expected &quot;=, NOT, EXISTS, INTERSECTS, SELECT, FROM&quot;; SQL statement:
select distinct RES.* 
       
    from ACT_RU_TASK RES
     
     
     
     
    
     
     
     
      
   
    
     order by  order by RES.ID_ asc  
    LIMIT ? OFFSET ? [42001-176]
	at org.apache.ibatis.exceptions.ExceptionFactory.wrapException(ExceptionFactory.java:30)
	at org.apache.ibatis.session.defaults.DefaultSqlSession.selectList(DefaultSqlSession.java:122)
	at org.apache.ibatis.session.defaults.DefaultSqlSession.selectList(DefaultSqlSession.java:113)
	at org.activiti.engine.impl.db.DbSqlSession.selectListWithRawParameter(DbSqlSession.java:438)
	at org.activiti.engine.impl.db.DbSqlSession.selectList(DbSqlSession.java:429)
	at org.activiti.engine.impl.persistence.entity.TaskEntityManager.findTasksByQueryCriteria(TaskEntityManager.java:135)
	at org.activiti.engine.impl.TaskQueryImpl.executeList(TaskQueryImpl.java:1256)
	at org.activiti.engine.impl.AbstractQuery.execute(AbstractQuery.java:164)
	at org.activiti.engine.impl.interceptor.CommandInvoker.execute(CommandInvoker.java:24)
	at org.activiti.engine.impl.interceptor.CommandContextInterceptor.execute(CommandContextInterceptor.java:57)
	at org.activiti.engine.impl.interceptor.LogInterceptor.execute(LogInterceptor.java:37)
	at org.activiti.engine.impl.cfg.CommandExecutorImpl.execute(CommandExecutorImpl.java:40)
	at org.activiti.engine.impl.cfg.CommandExecutorImpl.execute(CommandExecutorImpl.java:35)
	at org.activiti.engine.impl.AbstractQuery.list(AbstractQuery.java:138)
	at org.activiti.standalone.idgenerator.UuidGeneratorTest$2.run(UuidGeneratorTest.java:59)
	at java.util.concurrent.ThreadPoolExecutor.runWorker(ThreadPoolExecutor.java:1149)
	at java.util.concurrent.ThreadPoolExecutor$Worker.run(ThreadPoolExecutor.java:624)
	at java.lang.Thread.run(Thread.java:750)
Caused by: org.h2.jdbc.JdbcSQLException: Syntax error in SQL statement &quot;SELECT DISTINCT RES.* 
       
    FROM ACT_RU_TASK RES
     
     
     
     
    
     
     
     
      
   
    
     ORDER BY  ORDER[*] BY RES.ID_ ASC  
    LIMIT ? OFFSET ? &quot;; expected &quot;=, NOT, EXISTS, INTERSECTS, SELECT, FROM&quot;; SQL statement:
select distinct RES.* 
       
    from ACT_RU_TASK RES
     
     
     
     
    
     
     
     
      
   
    
     order by  order by RES.ID_ asc  
    LIMIT ? OFFSET ? [42001-176]
	at org.h2.message.DbException.getJdbcSQLException(DbException.java:344)
	at org.h2.message.DbException.getSyntaxError(DbException.java:204)
	at org.h2.command.Parser.getSyntaxError(Parser.java:524)
	at org.h2.command.Parser.readTerm(Parser.java:2688)
	at org.h2.command.Parser.readFactor(Parser.java:2244)
	at org.h2.command.Parser.readSum(Parser.java:2231)
	at org.h2.command.Parser.readConcat(Parser.java:2201)
	at org.h2.command.Parser.readCondition(Parser.java:2051)
	at org.h2.command.Parser.readAnd(Parser.java:2023)
	at org.h2.command.Parser.readExpression(Parser.java:2015)
	at org.h2.command.Parser.parseEndOfQuery(Parser.java:1726)
	at org.h2.command.Parser.parseSelectUnionExtension(Parser.java:1706)
	at org.h2.command.Parser.parseSelectUnion(Parser.java:1675)
	at org.h2.command.Parser.parseSelect(Parser.java:1662)
	at org.h2.command.Parser.parsePrepared(Parser.java:434)
	at org.h2.command.Parser.parse(Parser.java:306)
	at org.h2.command.Parser.parse(Parser.java:282)
	at org.h2.command.Parser.prepareCommand(Parser.java:243)
	at org.h2.engine.Session.prepareLocal(Session.java:442)
	at org.h2.engine.Session.prepareCommand(Session.java:384)
	at org.h2.jdbc.JdbcConnection.prepareCommand(JdbcConnection.java:1188)
	at org.h2.jdbc.JdbcPreparedStatement.&lt;init&gt;(JdbcPreparedStatement.java:73)
	at org.h2.jdbc.JdbcConnection.prepareStatement(JdbcConnection.java:276)
	at sun.reflect.GeneratedMethodAccessor6.invoke(Unknown Source)
	at sun.reflect.DelegatingMethodAccessorImpl.invoke(DelegatingMethodAccessorImpl.java:43)
	at java.lang.reflect.Method.invoke(Method.java:498)
	at org.apache.ibatis.datasource.pooled.PooledConnection.invoke(PooledConnection.java:245)
	at com.sun.proxy.$Proxy12.prepareStatement(Unknown Source)
	at sun.reflect.GeneratedMethodAccessor6.invoke(Unknown Source)
	at sun.reflect.DelegatingMethodAccessorImpl.invoke(DelegatingMethodAccessorImpl.java:43)
	at java.lang.reflect.Method.invoke(Method.java:498)
	at org.apache.ibatis.logging.jdbc.ConnectionLogger.invoke(ConnectionLogger.java:55)
	at com.sun.proxy.$Proxy12.prepareStatement(Unknown Source)
	at org.apache.ibatis.executor.statement.PreparedStatementHandler.instantiateStatement(PreparedStatementHandler.java:79)
	at org.apache.ibatis.executor.statement.BaseStatementHandler.prepare(BaseStatementHandler.java:88)
	at org.apache.ibatis.executor.statement.RoutingStatementHandler.prepare(RoutingStatementHandler.java:58)
	at org.apache.ibatis.executor.SimpleExecutor.prepareStatement(SimpleExecutor.java:76)
	at org.apache.ibatis.executor.SimpleExecutor.doQuery(SimpleExecutor.java:61)
	at org.apache.ibatis.executor.BaseExecutor.queryFromDatabase(BaseExecutor.java:303)
	at org.apache.ibatis.executor.BaseExecutor.query(BaseExecutor.java:154)
	at org.apache.ibatis.executor.CachingExecutor.query(CachingExecutor.java:102)
	at org.apache.ibatis.executor.CachingExecutor.query(CachingExecutor.java:82)
	at org.apache.ibatis.session.defaults.DefaultSqlSession.selectList(DefaultSqlSession.java:120)
	... 16 more
</system-err>
  </testcase>
</testsuite>