<?xml version="1.0" encoding="UTF-8" ?>
<testsuite tests="10" failures="1" name="org.activiti.engine.test.db.ProcessInstanceMigrationTest" time="0.156" errors="8" skipped="0">
  <properties>
    <property name="idea.version" value="2022.3.1"/>
    <property name="java.runtime.name" value="Java(TM) SE Runtime Environment"/>
    <property name="sun.boot.library.path" value="C:\Program Files\Java\jdk1.8.0_351\jre\bin"/>
    <property name="java.vm.version" value="25.351-b10"/>
    <property name="java.vm.vendor" value="Oracle Corporation"/>
    <property name="java.vendor.url" value="http://java.oracle.com/"/>
    <property name="path.separator" value=";"/>
    <property name="java.vm.name" value="Java HotSpot(TM) 64-Bit Server VM"/>
    <property name="file.encoding.pkg" value="sun.io"/>
    <property name="user.script" value=""/>
    <property name="user.country" value="CN"/>
    <property name="sun.java.launcher" value="SUN_STANDARD"/>
    <property name="sun.os.patch.level" value=""/>
    <property name="java.vm.specification.name" value="Java Virtual Machine Specification"/>
    <property name="user.dir" value="D:\xinchuang\activiti-engine-5.19.0.2"/>
    <property name="java.runtime.version" value="1.8.0_351-b10"/>
    <property name="java.awt.graphicsenv" value="sun.awt.Win32GraphicsEnvironment"/>
    <property name="basedir" value="D:\xinchuang\activiti-engine-5.19.0.2"/>
    <property name="java.endorsed.dirs" value="C:\Program Files\Java\jdk1.8.0_351\jre\lib\endorsed"/>
    <property name="os.arch" value="amd64"/>
    <property name="surefire.real.class.path" value="D:\xinchuang\activiti-engine-5.19.0.2\target\surefire\surefirebooter2972839343429811619.jar"/>
    <property name="java.io.tmpdir" value="C:\Users\ryan\AppData\Local\Temp\"/>
    <property name="line.separator" value="
"/>
    <property name="java.vm.specification.vendor" value="Oracle Corporation"/>
    <property name="user.variant" value=""/>
    <property name="os.name" value="Windows 11"/>
    <property name="sun.jnu.encoding" value="GBK"/>
    <property name="java.library.path" value="C:\Program Files\Java\jdk1.8.0_351\jre\bin;C:\WINDOWS\Sun\Java\bin;C:\WINDOWS\system32;C:\WINDOWS;C:\Program Files (x86)\Common Files\Oracle\Java\javapath;D:\Program Files (x86)\VMware\VMware Workstation\bin\;C:\ProgramData\Oracle\Java\javapath;C:\WINDOWS\system32;C:\WINDOWS;C:\WINDOWS\System32\Wbem;C:\WINDOWS\System32\WindowsPowerShell\v1.0\;C:\WINDOWS\System32\OpenSSH\;d:\Program Files\Git\cmd;D:\Program Files\apache-maven-3.6.1\bin;C:\Program Files\Java\jdk1.8.0_351\bin;D:\Program Files\nodejs\;C:\Program Files\Bandizip\;D:\Program Files (x86)\NetSarang\Xshell 7\;D:\Program Files (x86)\NetSarang\Xftp 7\;D:\Program Files\cmder;;C:\Program Files (x86)\Tencent\微信web开发者工具\dll;C:\Users\ryan\.app\;C:\Users\ryan\AppData\Local\Programs\Python\Python38\Scripts\;C:\Users\ryan\AppData\Local\Programs\Python\Python38\;C:\Users\ryan\AppData\Local\Microsoft\WindowsApps;D:\Program Files\Microsoft VS Code\bin;C:\Users\ryan\AppData\Roaming\npm;d:\Program Files\JetBrains\IntelliJ IDEA 2020.3\bin;;d:\Program Files\JetBrains\DataGrip 2021.1.3\bin;;;."/>
    <property name="surefire.test.class.path" value="D:\xinchuang\activiti-engine-5.19.0.2\target\test-classes;D:\xinchuang\activiti-engine-5.19.0.2\target\classes;D:\Program Files\apache-maven-3.6.1\shanxi\org\activiti\activiti-bpmn-converter\5.19.0.2\activiti-bpmn-converter-5.19.0.2.jar;D:\Program Files\apache-maven-3.6.1\shanxi\org\activiti\activiti-bpmn-model\5.19.0.2\activiti-bpmn-model-5.19.0.2.jar;D:\Program Files\apache-maven-3.6.1\shanxi\com\fasterxml\jackson\core\jackson-core\2.2.3\jackson-core-2.2.3.jar;D:\Program Files\apache-maven-3.6.1\shanxi\com\fasterxml\jackson\core\jackson-databind\2.2.3\jackson-databind-2.2.3.jar;D:\Program Files\apache-maven-3.6.1\shanxi\com\fasterxml\jackson\core\jackson-annotations\2.2.3\jackson-annotations-2.2.3.jar;D:\Program Files\apache-maven-3.6.1\shanxi\org\activiti\activiti-process-validation\5.19.0.2\activiti-process-validation-5.19.0.2.jar;D:\Program Files\apache-maven-3.6.1\shanxi\org\activiti\activiti-image-generator\5.19.0.2\activiti-image-generator-5.19.0.2.jar;D:\Program Files\apache-maven-3.6.1\shanxi\org\apache\commons\commons-email\1.4\commons-email-1.4.jar;D:\Program Files\apache-maven-3.6.1\shanxi\com\sun\mail\javax.mail\1.5.2\javax.mail-1.5.2.jar;D:\Program Files\apache-maven-3.6.1\shanxi\javax\activation\activation\1.1.1\activation-1.1.1.jar;D:\Program Files\apache-maven-3.6.1\shanxi\org\apache\commons\commons-lang3\3.3.2\commons-lang3-3.3.2.jar;D:\Program Files\apache-maven-3.6.1\shanxi\org\mybatis\mybatis\3.3.0\mybatis-3.3.0.jar;D:\Program Files\apache-maven-3.6.1\shanxi\org\springframework\spring-beans\4.1.5.RELEASE\spring-beans-4.1.5.RELEASE.jar;D:\Program Files\apache-maven-3.6.1\shanxi\org\springframework\spring-core\4.1.5.RELEASE\spring-core-4.1.5.RELEASE.jar;D:\Program Files\apache-maven-3.6.1\shanxi\junit\junit\4.11\junit-4.11.jar;D:\Program Files\apache-maven-3.6.1\shanxi\org\hamcrest\hamcrest-core\1.3\hamcrest-core-1.3.jar;D:\Program Files\apache-maven-3.6.1\shanxi\org\codehaus\groovy\groovy-all\2.4.3\groovy-all-2.4.3.jar;D:\Program Files\apache-maven-3.6.1\shanxi\org\drools\drools-core\5.5.0.Final\drools-core-5.5.0.Final.jar;D:\Program Files\apache-maven-3.6.1\shanxi\org\mvel\mvel2\2.1.3.Final\mvel2-2.1.3.Final.jar;D:\Program Files\apache-maven-3.6.1\shanxi\org\drools\knowledge-api\5.5.0.Final\knowledge-api-5.5.0.Final.jar;D:\Program Files\apache-maven-3.6.1\shanxi\org\drools\knowledge-internal-api\5.5.0.Final\knowledge-internal-api-5.5.0.Final.jar;D:\Program Files\apache-maven-3.6.1\shanxi\org\drools\drools-compiler\5.5.0.Final\drools-compiler-5.5.0.Final.jar;D:\Program Files\apache-maven-3.6.1\shanxi\org\antlr\antlr-runtime\3.3\antlr-runtime-3.3.jar;D:\Program Files\apache-maven-3.6.1\shanxi\org\antlr\antlr\3.3\antlr-3.3.jar;D:\Program Files\apache-maven-3.6.1\shanxi\org\antlr\stringtemplate\3.2.1\stringtemplate-3.2.1.jar;D:\Program Files\apache-maven-3.6.1\shanxi\antlr\antlr\2.7.7\antlr-2.7.7.jar;D:\Program Files\apache-maven-3.6.1\shanxi\org\eclipse\jdt\core\compiler\ecj\3.5.1\ecj-3.5.1.jar;D:\Program Files\apache-maven-3.6.1\shanxi\com\thoughtworks\xstream\xstream\1.4.1\xstream-1.4.1.jar;D:\Program Files\apache-maven-3.6.1\shanxi\xmlpull\xmlpull\1.1.3.1\xmlpull-1.1.3.1.jar;D:\Program Files\apache-maven-3.6.1\shanxi\xpp3\xpp3_min\1.1.4c\xpp3_min-1.1.4c.jar;D:\Program Files\apache-maven-3.6.1\shanxi\javax\persistence\persistence-api\1.0\persistence-api-1.0.jar;D:\Program Files\apache-maven-3.6.1\shanxi\org\apache\geronimo\specs\geronimo-jta_1.1_spec\1.1.1\geronimo-jta_1.1_spec-1.1.1.jar;D:\Program Files\apache-maven-3.6.1\shanxi\javax\enterprise\concurrent\javax.enterprise.concurrent-api\1.0\javax.enterprise.concurrent-api-1.0.jar;D:\Program Files\apache-maven-3.6.1\shanxi\com\h2database\h2\1.3.176\h2-1.3.176.jar;D:\Program Files\apache-maven-3.6.1\shanxi\org\mockito\mockito-core\1.8.2\mockito-core-1.8.2.jar;D:\Program Files\apache-maven-3.6.1\shanxi\org\objenesis\objenesis\1.0\objenesis-1.0.jar;D:\Program Files\apache-maven-3.6.1\shanxi\org\apache\openjpa\openjpa\1.2.2\openjpa-1.2.2.jar;D:\Program Files\apache-maven-3.6.1\shanxi\net\sourceforge\serp\serp\1.13.1\serp-1.13.1.jar;D:\Program Files\apache-maven-3.6.1\shanxi\commons-lang\commons-lang\2.1\commons-lang-2.1.jar;D:\Program Files\apache-maven-3.6.1\shanxi\commons-collections\commons-collections\3.2\commons-collections-3.2.jar;D:\Program Files\apache-maven-3.6.1\shanxi\commons-pool\commons-pool\1.3\commons-pool-1.3.jar;D:\Program Files\apache-maven-3.6.1\shanxi\org\apache\geronimo\specs\geronimo-jms_1.1_spec\1.0.1\geronimo-jms_1.1_spec-1.0.1.jar;D:\Program Files\apache-maven-3.6.1\shanxi\org\apache\geronimo\specs\geronimo-jpa_3.0_spec\1.0\geronimo-jpa_3.0_spec-1.0.jar;D:\Program Files\apache-maven-3.6.1\shanxi\org\subethamail\subethasmtp-wiser\1.2\subethasmtp-wiser-1.2.jar;D:\Program Files\apache-maven-3.6.1\shanxi\org\subethamail\subethasmtp-smtp\1.2\subethasmtp-smtp-1.2.jar;D:\Program Files\apache-maven-3.6.1\shanxi\javax\mail\mail\1.4.1\mail-1.4.1.jar;D:\Program Files\apache-maven-3.6.1\shanxi\mysql\mysql-connector-java\5.1.27\mysql-connector-java-5.1.27.jar;D:\Program Files\apache-maven-3.6.1\shanxi\org\postgresql\postgresql\9.4-1201-jdbc4\postgresql-9.4-1201-jdbc4.jar;D:\Program Files\apache-maven-3.6.1\shanxi\net\sourceforge\jtds\jtds\1.3.0\jtds-1.3.0.jar;D:\Program Files\apache-maven-3.6.1\shanxi\com\fasterxml\uuid\java-uuid-generator\3.1.3\java-uuid-generator-3.1.3.jar;D:\Program Files\apache-maven-3.6.1\shanxi\log4j\log4j\1.2.13\log4j-1.2.13.jar;D:\Program Files\apache-maven-3.6.1\shanxi\commons-io\commons-io\2.0.1\commons-io-2.0.1.jar;D:\Program Files\apache-maven-3.6.1\shanxi\joda-time\joda-time\2.6\joda-time-2.6.jar;D:\Program Files\apache-maven-3.6.1\shanxi\org\slf4j\slf4j-api\1.7.6\slf4j-api-1.7.6.jar;D:\Program Files\apache-maven-3.6.1\shanxi\org\slf4j\jcl-over-slf4j\1.7.6\jcl-over-slf4j-1.7.6.jar;D:\Program Files\apache-maven-3.6.1\shanxi\org\slf4j\slf4j-log4j12\1.7.6\slf4j-log4j12-1.7.6.jar;D:\Program Files\apache-maven-3.6.1\shanxi\com\googlecode\catch-exception\catch-exception\1.2.0\catch-exception-1.2.0.jar;D:\Program Files\apache-maven-3.6.1\shanxi\org\codehaus\btm\btm\2.1.3\btm-2.1.3.jar;D:\Program Files\apache-maven-3.6.1\shanxi\javax\transaction\jta\1.1\jta-1.1.jar;"/>
    <property name="sun.awt.enableExtraMouseButtons" value="true"/>
    <property name="java.specification.name" value="Java Platform API Specification"/>
    <property name="java.class.version" value="52.0"/>
    <property name="sun.management.compiler" value="HotSpot 64-Bit Tiered Compilers"/>
    <property name="maven.repo.local" value="D:\Program Files\apache-maven-3.6.1\shanxi"/>
    <property name="os.version" value="10.0"/>
    <property name="user.home" value="C:\Users\ryan"/>
    <property name="user.timezone" value="Asia/Shanghai"/>
    <property name="java.awt.printerjob" value="sun.awt.windows.WPrinterJob"/>
    <property name="java.specification.version" value="1.8"/>
    <property name="file.encoding" value="GBK"/>
    <property name="user.name" value="ryan"/>
    <property name="java.class.path" value="D:\xinchuang\activiti-engine-5.19.0.2\target\test-classes;D:\xinchuang\activiti-engine-5.19.0.2\target\classes;D:\Program Files\apache-maven-3.6.1\shanxi\org\activiti\activiti-bpmn-converter\5.19.0.2\activiti-bpmn-converter-5.19.0.2.jar;D:\Program Files\apache-maven-3.6.1\shanxi\org\activiti\activiti-bpmn-model\5.19.0.2\activiti-bpmn-model-5.19.0.2.jar;D:\Program Files\apache-maven-3.6.1\shanxi\com\fasterxml\jackson\core\jackson-core\2.2.3\jackson-core-2.2.3.jar;D:\Program Files\apache-maven-3.6.1\shanxi\com\fasterxml\jackson\core\jackson-databind\2.2.3\jackson-databind-2.2.3.jar;D:\Program Files\apache-maven-3.6.1\shanxi\com\fasterxml\jackson\core\jackson-annotations\2.2.3\jackson-annotations-2.2.3.jar;D:\Program Files\apache-maven-3.6.1\shanxi\org\activiti\activiti-process-validation\5.19.0.2\activiti-process-validation-5.19.0.2.jar;D:\Program Files\apache-maven-3.6.1\shanxi\org\activiti\activiti-image-generator\5.19.0.2\activiti-image-generator-5.19.0.2.jar;D:\Program Files\apache-maven-3.6.1\shanxi\org\apache\commons\commons-email\1.4\commons-email-1.4.jar;D:\Program Files\apache-maven-3.6.1\shanxi\com\sun\mail\javax.mail\1.5.2\javax.mail-1.5.2.jar;D:\Program Files\apache-maven-3.6.1\shanxi\javax\activation\activation\1.1.1\activation-1.1.1.jar;D:\Program Files\apache-maven-3.6.1\shanxi\org\apache\commons\commons-lang3\3.3.2\commons-lang3-3.3.2.jar;D:\Program Files\apache-maven-3.6.1\shanxi\org\mybatis\mybatis\3.3.0\mybatis-3.3.0.jar;D:\Program Files\apache-maven-3.6.1\shanxi\org\springframework\spring-beans\4.1.5.RELEASE\spring-beans-4.1.5.RELEASE.jar;D:\Program Files\apache-maven-3.6.1\shanxi\org\springframework\spring-core\4.1.5.RELEASE\spring-core-4.1.5.RELEASE.jar;D:\Program Files\apache-maven-3.6.1\shanxi\junit\junit\4.11\junit-4.11.jar;D:\Program Files\apache-maven-3.6.1\shanxi\org\hamcrest\hamcrest-core\1.3\hamcrest-core-1.3.jar;D:\Program Files\apache-maven-3.6.1\shanxi\org\codehaus\groovy\groovy-all\2.4.3\groovy-all-2.4.3.jar;D:\Program Files\apache-maven-3.6.1\shanxi\org\drools\drools-core\5.5.0.Final\drools-core-5.5.0.Final.jar;D:\Program Files\apache-maven-3.6.1\shanxi\org\mvel\mvel2\2.1.3.Final\mvel2-2.1.3.Final.jar;D:\Program Files\apache-maven-3.6.1\shanxi\org\drools\knowledge-api\5.5.0.Final\knowledge-api-5.5.0.Final.jar;D:\Program Files\apache-maven-3.6.1\shanxi\org\drools\knowledge-internal-api\5.5.0.Final\knowledge-internal-api-5.5.0.Final.jar;D:\Program Files\apache-maven-3.6.1\shanxi\org\drools\drools-compiler\5.5.0.Final\drools-compiler-5.5.0.Final.jar;D:\Program Files\apache-maven-3.6.1\shanxi\org\antlr\antlr-runtime\3.3\antlr-runtime-3.3.jar;D:\Program Files\apache-maven-3.6.1\shanxi\org\antlr\antlr\3.3\antlr-3.3.jar;D:\Program Files\apache-maven-3.6.1\shanxi\org\antlr\stringtemplate\3.2.1\stringtemplate-3.2.1.jar;D:\Program Files\apache-maven-3.6.1\shanxi\antlr\antlr\2.7.7\antlr-2.7.7.jar;D:\Program Files\apache-maven-3.6.1\shanxi\org\eclipse\jdt\core\compiler\ecj\3.5.1\ecj-3.5.1.jar;D:\Program Files\apache-maven-3.6.1\shanxi\com\thoughtworks\xstream\xstream\1.4.1\xstream-1.4.1.jar;D:\Program Files\apache-maven-3.6.1\shanxi\xmlpull\xmlpull\1.1.3.1\xmlpull-1.1.3.1.jar;D:\Program Files\apache-maven-3.6.1\shanxi\xpp3\xpp3_min\1.1.4c\xpp3_min-1.1.4c.jar;D:\Program Files\apache-maven-3.6.1\shanxi\javax\persistence\persistence-api\1.0\persistence-api-1.0.jar;D:\Program Files\apache-maven-3.6.1\shanxi\org\apache\geronimo\specs\geronimo-jta_1.1_spec\1.1.1\geronimo-jta_1.1_spec-1.1.1.jar;D:\Program Files\apache-maven-3.6.1\shanxi\javax\enterprise\concurrent\javax.enterprise.concurrent-api\1.0\javax.enterprise.concurrent-api-1.0.jar;D:\Program Files\apache-maven-3.6.1\shanxi\com\h2database\h2\1.3.176\h2-1.3.176.jar;D:\Program Files\apache-maven-3.6.1\shanxi\org\mockito\mockito-core\1.8.2\mockito-core-1.8.2.jar;D:\Program Files\apache-maven-3.6.1\shanxi\org\objenesis\objenesis\1.0\objenesis-1.0.jar;D:\Program Files\apache-maven-3.6.1\shanxi\org\apache\openjpa\openjpa\1.2.2\openjpa-1.2.2.jar;D:\Program Files\apache-maven-3.6.1\shanxi\net\sourceforge\serp\serp\1.13.1\serp-1.13.1.jar;D:\Program Files\apache-maven-3.6.1\shanxi\commons-lang\commons-lang\2.1\commons-lang-2.1.jar;D:\Program Files\apache-maven-3.6.1\shanxi\commons-collections\commons-collections\3.2\commons-collections-3.2.jar;D:\Program Files\apache-maven-3.6.1\shanxi\commons-pool\commons-pool\1.3\commons-pool-1.3.jar;D:\Program Files\apache-maven-3.6.1\shanxi\org\apache\geronimo\specs\geronimo-jms_1.1_spec\1.0.1\geronimo-jms_1.1_spec-1.0.1.jar;D:\Program Files\apache-maven-3.6.1\shanxi\org\apache\geronimo\specs\geronimo-jpa_3.0_spec\1.0\geronimo-jpa_3.0_spec-1.0.jar;D:\Program Files\apache-maven-3.6.1\shanxi\org\subethamail\subethasmtp-wiser\1.2\subethasmtp-wiser-1.2.jar;D:\Program Files\apache-maven-3.6.1\shanxi\org\subethamail\subethasmtp-smtp\1.2\subethasmtp-smtp-1.2.jar;D:\Program Files\apache-maven-3.6.1\shanxi\javax\mail\mail\1.4.1\mail-1.4.1.jar;D:\Program Files\apache-maven-3.6.1\shanxi\mysql\mysql-connector-java\5.1.27\mysql-connector-java-5.1.27.jar;D:\Program Files\apache-maven-3.6.1\shanxi\org\postgresql\postgresql\9.4-1201-jdbc4\postgresql-9.4-1201-jdbc4.jar;D:\Program Files\apache-maven-3.6.1\shanxi\net\sourceforge\jtds\jtds\1.3.0\jtds-1.3.0.jar;D:\Program Files\apache-maven-3.6.1\shanxi\com\fasterxml\uuid\java-uuid-generator\3.1.3\java-uuid-generator-3.1.3.jar;D:\Program Files\apache-maven-3.6.1\shanxi\log4j\log4j\1.2.13\log4j-1.2.13.jar;D:\Program Files\apache-maven-3.6.1\shanxi\commons-io\commons-io\2.0.1\commons-io-2.0.1.jar;D:\Program Files\apache-maven-3.6.1\shanxi\joda-time\joda-time\2.6\joda-time-2.6.jar;D:\Program Files\apache-maven-3.6.1\shanxi\org\slf4j\slf4j-api\1.7.6\slf4j-api-1.7.6.jar;D:\Program Files\apache-maven-3.6.1\shanxi\org\slf4j\jcl-over-slf4j\1.7.6\jcl-over-slf4j-1.7.6.jar;D:\Program Files\apache-maven-3.6.1\shanxi\org\slf4j\slf4j-log4j12\1.7.6\slf4j-log4j12-1.7.6.jar;D:\Program Files\apache-maven-3.6.1\shanxi\com\googlecode\catch-exception\catch-exception\1.2.0\catch-exception-1.2.0.jar;D:\Program Files\apache-maven-3.6.1\shanxi\org\codehaus\btm\btm\2.1.3\btm-2.1.3.jar;D:\Program Files\apache-maven-3.6.1\shanxi\javax\transaction\jta\1.1\jta-1.1.jar;"/>
    <property name="java.vm.specification.version" value="1.8"/>
    <property name="sun.arch.data.model" value="64"/>
    <property name="java.home" value="C:\Program Files\Java\jdk1.8.0_351\jre"/>
    <property name="sun.java.command" value="D:\xinchuang\activiti-engine-5.19.0.2\target\surefire\surefirebooter2972839343429811619.jar D:\xinchuang\activiti-engine-5.19.0.2\target\surefire\surefire1197127065150889766tmp D:\xinchuang\activiti-engine-5.19.0.2\target\surefire\surefire3285776718944652178tmp"/>
    <property name="java.specification.vendor" value="Oracle Corporation"/>
    <property name="user.language" value="en"/>
    <property name="awt.toolkit" value="sun.awt.windows.WToolkit"/>
    <property name="java.vm.info" value="mixed mode"/>
    <property name="java.version" value="1.8.0_351"/>
    <property name="java.ext.dirs" value="C:\Program Files\Java\jdk1.8.0_351\jre\lib\ext;C:\WINDOWS\Sun\Java\lib\ext"/>
    <property name="sun.boot.class.path" value="C:\Program Files\Java\jdk1.8.0_351\jre\lib\resources.jar;C:\Program Files\Java\jdk1.8.0_351\jre\lib\rt.jar;C:\Program Files\Java\jdk1.8.0_351\jre\lib\jsse.jar;C:\Program Files\Java\jdk1.8.0_351\jre\lib\jce.jar;C:\Program Files\Java\jdk1.8.0_351\jre\lib\charsets.jar;C:\Program Files\Java\jdk1.8.0_351\jre\lib\jfr.jar;C:\Program Files\Java\jdk1.8.0_351\jre\classes"/>
    <property name="java.vendor" value="Oracle Corporation"/>
    <property name="java.specification.maintenance.version" value="4"/>
    <property name="localRepository" value="D:\Program Files\apache-maven-3.6.1\shanxi"/>
    <property name="file.separator" value="\"/>
    <property name="java.vendor.url.bug" value="http://bugreport.sun.com/bugreport/"/>
    <property name="sun.cpu.endian" value="little"/>
    <property name="sun.io.unicode.encoding" value="UnicodeLittle"/>
    <property name="sun.desktop" value="windows"/>
    <property name="sun.cpu.isalist" value="amd64"/>
  </properties>
  <testcase classname="org.activiti.engine.test.db.ProcessInstanceMigrationTest" name="testSetProcessDefinitionVersionPIIsSubExecution" time="0.012">
    <error message="
### Error querying database.  Cause: org.h2.jdbc.JdbcSQLException: Syntax error in SQL statement &quot;SELECT RES.* 
       
    FROM ACT_RE_PROCDEF RES
     
     WHERE  RES.DEPLOYMENT_ID_ = ? 
   
     ORDER BY  ORDER[*] BY RES.ID_ ASC  
    LIMIT ? OFFSET ? &quot;; expected &quot;=, NOT, EXISTS, INTERSECTS, SELECT, FROM&quot;; SQL statement:
select RES.* 
       
    from ACT_RE_PROCDEF RES
     
     WHERE  RES.DEPLOYMENT_ID_ = ? 
   
     order by  order by RES.ID_ asc  
    LIMIT ? OFFSET ? [42001-176]
### The error may exist in org/activiti/db/mapping/entity/ProcessDefinition.xml
### The error may involve org.activiti.engine.impl.persistence.entity.ProcessDefinitionEntity.selectProcessDefinitionsByQueryCriteria
### The error occurred while executing a query
### SQL: select RES.*              from ACT_RE_PROCDEF RES            WHERE  RES.DEPLOYMENT_ID_ = ?           order by  order by RES.ID_ asc       LIMIT ? OFFSET ?
### Cause: org.h2.jdbc.JdbcSQLException: Syntax error in SQL statement &quot;SELECT RES.* 
       
    FROM ACT_RE_PROCDEF RES
     
     WHERE  RES.DEPLOYMENT_ID_ = ? 
   
     ORDER BY  ORDER[*] BY RES.ID_ ASC  
    LIMIT ? OFFSET ? &quot;; expected &quot;=, NOT, EXISTS, INTERSECTS, SELECT, FROM&quot;; SQL statement:
select RES.* 
       
    from ACT_RE_PROCDEF RES
     
     WHERE  RES.DEPLOYMENT_ID_ = ? 
   
     order by  order by RES.ID_ asc  
    LIMIT ? OFFSET ? [42001-176]" type="org.apache.ibatis.exceptions.PersistenceException">org.apache.ibatis.exceptions.PersistenceException: 
### Error querying database.  Cause: org.h2.jdbc.JdbcSQLException: Syntax error in SQL statement &quot;SELECT RES.* 
       
    FROM ACT_RE_PROCDEF RES
     
     WHERE  RES.DEPLOYMENT_ID_ = ? 
   
     ORDER BY  ORDER[*] BY RES.ID_ ASC  
    LIMIT ? OFFSET ? &quot;; expected &quot;=, NOT, EXISTS, INTERSECTS, SELECT, FROM&quot;; SQL statement:
select RES.* 
       
    from ACT_RE_PROCDEF RES
     
     WHERE  RES.DEPLOYMENT_ID_ = ? 
   
     order by  order by RES.ID_ asc  
    LIMIT ? OFFSET ? [42001-176]
### The error may exist in org/activiti/db/mapping/entity/ProcessDefinition.xml
### The error may involve org.activiti.engine.impl.persistence.entity.ProcessDefinitionEntity.selectProcessDefinitionsByQueryCriteria
### The error occurred while executing a query
### SQL: select RES.*              from ACT_RE_PROCDEF RES            WHERE  RES.DEPLOYMENT_ID_ = ?           order by  order by RES.ID_ asc       LIMIT ? OFFSET ?
### Cause: org.h2.jdbc.JdbcSQLException: Syntax error in SQL statement &quot;SELECT RES.* 
       
    FROM ACT_RE_PROCDEF RES
     
     WHERE  RES.DEPLOYMENT_ID_ = ? 
   
     ORDER BY  ORDER[*] BY RES.ID_ ASC  
    LIMIT ? OFFSET ? &quot;; expected &quot;=, NOT, EXISTS, INTERSECTS, SELECT, FROM&quot;; SQL statement:
select RES.* 
       
    from ACT_RE_PROCDEF RES
     
     WHERE  RES.DEPLOYMENT_ID_ = ? 
   
     order by  order by RES.ID_ asc  
    LIMIT ? OFFSET ? [42001-176]
	at org.apache.ibatis.exceptions.ExceptionFactory.wrapException(ExceptionFactory.java:30)
	at org.apache.ibatis.session.defaults.DefaultSqlSession.selectList(DefaultSqlSession.java:122)
	at org.apache.ibatis.session.defaults.DefaultSqlSession.selectList(DefaultSqlSession.java:113)
	at org.activiti.engine.impl.db.DbSqlSession.selectListWithRawParameter(DbSqlSession.java:438)
	at org.activiti.engine.impl.db.DbSqlSession.selectList(DbSqlSession.java:429)
	at org.activiti.engine.impl.db.DbSqlSession.selectList(DbSqlSession.java:419)
	at org.activiti.engine.impl.persistence.entity.ProcessDefinitionEntityManager.findProcessDefinitionsByQueryCriteria(ProcessDefinitionEntityManager.java:57)
	at org.activiti.engine.impl.ProcessDefinitionQueryImpl.executeList(ProcessDefinitionQueryImpl.java:307)
	at org.activiti.engine.impl.AbstractQuery.list(AbstractQuery.java:140)
	at org.activiti.engine.impl.persistence.deploy.DeploymentManager.removeDeployment(DeploymentManager.java:187)
	at org.activiti.engine.impl.cmd.DeleteDeploymentCmd.execute(DeleteDeploymentCmd.java:44)
	at org.activiti.engine.impl.cmd.DeleteDeploymentCmd.execute(DeleteDeploymentCmd.java:24)
	at org.activiti.engine.impl.interceptor.CommandInvoker.execute(CommandInvoker.java:24)
	at org.activiti.engine.impl.interceptor.CommandContextInterceptor.execute(CommandContextInterceptor.java:57)
	at org.activiti.engine.impl.interceptor.LogInterceptor.execute(LogInterceptor.java:37)
	at org.activiti.engine.impl.cfg.CommandExecutorImpl.execute(CommandExecutorImpl.java:40)
	at org.activiti.engine.impl.cfg.CommandExecutorImpl.execute(CommandExecutorImpl.java:35)
	at org.activiti.engine.impl.RepositoryServiceImpl.deleteDeployment(RepositoryServiceImpl.java:90)
	at org.activiti.engine.impl.test.TestHelper.annotationDeploymentTearDown(TestHelper.java:116)
	at org.activiti.engine.impl.test.AbstractActivitiTestCase.runBare(AbstractActivitiTestCase.java:116)
	at junit.framework.TestResult$1.protect(TestResult.java:122)
	at junit.framework.TestResult.runProtected(TestResult.java:142)
	at junit.framework.TestResult.run(TestResult.java:125)
	at junit.framework.TestCase.run(TestCase.java:129)
	at junit.framework.TestSuite.runTest(TestSuite.java:255)
	at junit.framework.TestSuite.run(TestSuite.java:250)
	at org.junit.internal.runners.JUnit38ClassRunner.run(JUnit38ClassRunner.java:84)
	at org.apache.maven.surefire.junit4.JUnit4TestSet.execute(JUnit4TestSet.java:35)
	at org.apache.maven.surefire.junit4.JUnit4Provider.executeTestSet(JUnit4Provider.java:146)
	at org.apache.maven.surefire.junit4.JUnit4Provider.invoke(JUnit4Provider.java:97)
	at sun.reflect.NativeMethodAccessorImpl.invoke0(Native Method)
	at sun.reflect.NativeMethodAccessorImpl.invoke(NativeMethodAccessorImpl.java:62)
	at sun.reflect.DelegatingMethodAccessorImpl.invoke(DelegatingMethodAccessorImpl.java:43)
	at java.lang.reflect.Method.invoke(Method.java:498)
	at org.apache.maven.surefire.booter.ProviderFactory$ClassLoaderProxy.invoke(ProviderFactory.java:103)
	at com.sun.proxy.$Proxy0.invoke(Unknown Source)
	at org.apache.maven.surefire.booter.SurefireStarter.invokeProvider(SurefireStarter.java:145)
	at org.apache.maven.surefire.booter.SurefireStarter.runSuitesInProcess(SurefireStarter.java:87)
	at org.apache.maven.surefire.booter.ForkedBooter.main(ForkedBooter.java:69)
Caused by: org.h2.jdbc.JdbcSQLException: Syntax error in SQL statement &quot;SELECT RES.* 
       
    FROM ACT_RE_PROCDEF RES
     
     WHERE  RES.DEPLOYMENT_ID_ = ? 
   
     ORDER BY  ORDER[*] BY RES.ID_ ASC  
    LIMIT ? OFFSET ? &quot;; expected &quot;=, NOT, EXISTS, INTERSECTS, SELECT, FROM&quot;; SQL statement:
select RES.* 
       
    from ACT_RE_PROCDEF RES
     
     WHERE  RES.DEPLOYMENT_ID_ = ? 
   
     order by  order by RES.ID_ asc  
    LIMIT ? OFFSET ? [42001-176]
	at org.h2.message.DbException.getJdbcSQLException(DbException.java:344)
	at org.h2.message.DbException.getSyntaxError(DbException.java:204)
	at org.h2.command.Parser.getSyntaxError(Parser.java:524)
	at org.h2.command.Parser.readTerm(Parser.java:2688)
	at org.h2.command.Parser.readFactor(Parser.java:2244)
	at org.h2.command.Parser.readSum(Parser.java:2231)
	at org.h2.command.Parser.readConcat(Parser.java:2201)
	at org.h2.command.Parser.readCondition(Parser.java:2051)
	at org.h2.command.Parser.readAnd(Parser.java:2023)
	at org.h2.command.Parser.readExpression(Parser.java:2015)
	at org.h2.command.Parser.parseEndOfQuery(Parser.java:1726)
	at org.h2.command.Parser.parseSelectUnionExtension(Parser.java:1706)
	at org.h2.command.Parser.parseSelectUnion(Parser.java:1675)
	at org.h2.command.Parser.parseSelect(Parser.java:1662)
	at org.h2.command.Parser.parsePrepared(Parser.java:434)
	at org.h2.command.Parser.parse(Parser.java:306)
	at org.h2.command.Parser.parse(Parser.java:282)
	at org.h2.command.Parser.prepareCommand(Parser.java:243)
	at org.h2.engine.Session.prepareLocal(Session.java:442)
	at org.h2.engine.Session.prepareCommand(Session.java:384)
	at org.h2.jdbc.JdbcConnection.prepareCommand(JdbcConnection.java:1188)
	at org.h2.jdbc.JdbcPreparedStatement.&lt;init&gt;(JdbcPreparedStatement.java:73)
	at org.h2.jdbc.JdbcConnection.prepareStatement(JdbcConnection.java:276)
	at sun.reflect.GeneratedMethodAccessor6.invoke(Unknown Source)
	at sun.reflect.DelegatingMethodAccessorImpl.invoke(DelegatingMethodAccessorImpl.java:43)
	at java.lang.reflect.Method.invoke(Method.java:498)
	at org.apache.ibatis.datasource.pooled.PooledConnection.invoke(PooledConnection.java:245)
	at com.sun.proxy.$Proxy12.prepareStatement(Unknown Source)
	at sun.reflect.GeneratedMethodAccessor6.invoke(Unknown Source)
	at sun.reflect.DelegatingMethodAccessorImpl.invoke(DelegatingMethodAccessorImpl.java:43)
	at java.lang.reflect.Method.invoke(Method.java:498)
	at org.apache.ibatis.logging.jdbc.ConnectionLogger.invoke(ConnectionLogger.java:55)
	at com.sun.proxy.$Proxy12.prepareStatement(Unknown Source)
	at org.apache.ibatis.executor.statement.PreparedStatementHandler.instantiateStatement(PreparedStatementHandler.java:79)
	at org.apache.ibatis.executor.statement.BaseStatementHandler.prepare(BaseStatementHandler.java:88)
	at org.apache.ibatis.executor.statement.RoutingStatementHandler.prepare(RoutingStatementHandler.java:58)
	at org.apache.ibatis.executor.SimpleExecutor.prepareStatement(SimpleExecutor.java:76)
	at org.apache.ibatis.executor.SimpleExecutor.doQuery(SimpleExecutor.java:61)
	at org.apache.ibatis.executor.BaseExecutor.queryFromDatabase(BaseExecutor.java:303)
	at org.apache.ibatis.executor.BaseExecutor.query(BaseExecutor.java:154)
	at org.apache.ibatis.executor.CachingExecutor.query(CachingExecutor.java:102)
	at org.apache.ibatis.executor.CachingExecutor.query(CachingExecutor.java:82)
	at org.apache.ibatis.session.defaults.DefaultSqlSession.selectList(DefaultSqlSession.java:120)
	... 37 more
</error>
    <system-out>@SLTests run: 4, Failures: 0, Errors: 4, Skipped: 0, Time elapsed: 0.155 sec &lt;&lt;&lt; FAILURE!
@SLRunning org.activiti.engine.test.db.ProcessInstanceMigrationTest
10:47:16,819 [main] DEBUG org.activiti.engine.impl.test.TestHelper  - annotation @Deployment creates deployment for ProcessInstanceMigrationTest.testSetProcessDefinitionVersionPIIsSubExecution
10:47:16,820 [main] DEBUG org.activiti.engine.impl.interceptor.LogInterceptor  - 

10:47:16,820 [main] DEBUG org.activiti.engine.impl.interceptor.LogInterceptor  - --- starting DeployCmd --------------------------------------------------------
10:47:16,820 [main] DEBUG org.activiti.engine.impl.bpmn.deployer.BpmnDeployer  - Processing deployment ProcessInstanceMigrationTest.testSetProcessDefinitionVersionPIIsSubExecution
10:47:16,820 [main] INFO  org.activiti.engine.impl.bpmn.deployer.BpmnDeployer  - Processing resource org/activiti/examples/bpmn/gateway/ParallelGatewayTest.testForkJoin.bpmn20.xml
10:47:16,825 [main] DEBUG org.activiti.engine.impl.bpmn.parser.handler.ProcessParseHandler  - Parsing process forkJoin
10:47:16,825 [main] DEBUG org.activiti.engine.impl.bpmn.parser.handler.AbstractBpmnParseHandler  - Parsing activity fork
10:47:16,825 [main] DEBUG org.activiti.engine.impl.bpmn.parser.handler.AbstractBpmnParseHandler  - Parsing activity receivePayment
10:47:16,825 [main] DEBUG org.activiti.engine.impl.bpmn.parser.handler.AbstractBpmnParseHandler  - Parsing activity shipOrder
10:47:16,825 [main] DEBUG org.activiti.engine.impl.bpmn.parser.handler.AbstractBpmnParseHandler  - Parsing activity join
10:47:16,825 [main] DEBUG org.activiti.engine.impl.bpmn.parser.handler.AbstractBpmnParseHandler  - Parsing activity archiveOrder
10:47:16,825 [main] DEBUG org.activiti.engine.impl.bpmn.parser.handler.AbstractBpmnParseHandler  - Parsing activity theStart
10:47:16,825 [main] DEBUG org.activiti.engine.impl.bpmn.parser.handler.AbstractBpmnParseHandler  - Parsing activity theEnd
10:47:16,825 [main] DEBUG org.apache.ibatis.transaction.jdbc.JdbcTransaction  - Opening JDBC Connection
10:47:16,825 [main] DEBUG org.apache.ibatis.datasource.pooled.PooledDataSource  - Checked out connection 486346394 from pool.
10:47:16,825 [main] DEBUG org.apache.ibatis.transaction.jdbc.JdbcTransaction  - Setting autocommit to false on JDBC Connection [conn6: url=jdbc:h2:mem:activiti user=SA]
10:47:16,825 [main] DEBUG org.activiti.engine.impl.persistence.entity.ProcessDefinitionEntity.selectLatestProcessDefinitionByKey  - ==&gt;  Preparing: select * from ACT_RE_PROCDEF where KEY_ = ? and (TENANT_ID_ = &apos;&apos; or TENANT_ID_ is null) and VERSION_ = (select max(VERSION_) from ACT_RE_PROCDEF where KEY_ = ? and (TENANT_ID_ = &apos;&apos; or TENANT_ID_ is null)) 
10:47:16,825 [main] DEBUG org.activiti.engine.impl.persistence.entity.ProcessDefinitionEntity.selectLatestProcessDefinitionByKey  - ==&gt; Parameters: forkJoin(String), forkJoin(String)
10:47:16,825 [main] DEBUG org.activiti.engine.impl.persistence.entity.ProcessDefinitionEntity.selectLatestProcessDefinitionByKey  - &lt;==      Total: 0
10:47:16,826 [main] DEBUG org.activiti.engine.impl.persistence.entity.JobEntity.selectJobByTypeAndProcessDefinitionKeyNoTenantId  - ==&gt;  Preparing: select J.* from ACT_RU_JOB J inner join ACT_RE_PROCDEF P on J.PROC_DEF_ID_ = P.ID_ where J.HANDLER_TYPE_ = ? and P.KEY_ = ? and (P.TENANT_ID_ = &apos;&apos; or P.TENANT_ID_ is null) 
10:47:16,826 [main] DEBUG org.activiti.engine.impl.persistence.entity.JobEntity.selectJobByTypeAndProcessDefinitionKeyNoTenantId  - ==&gt; Parameters: timer-start-event(String), forkJoin(String)
10:47:16,826 [main] DEBUG org.activiti.engine.impl.persistence.entity.JobEntity.selectJobByTypeAndProcessDefinitionKeyNoTenantId  - &lt;==      Total: 0
10:47:16,826 [main] DEBUG org.activiti.engine.impl.persistence.entity.ProcessDefinitionInfoEntity.selectProcessDefinitionInfoByProcessDefinitionId  - ==&gt;  Preparing: select * from ACT_PROCDEF_INFO where PROC_DEF_ID_ = ? 
10:47:16,826 [main] DEBUG org.activiti.engine.impl.persistence.entity.ProcessDefinitionInfoEntity.selectProcessDefinitionInfoByProcessDefinitionId  - ==&gt; Parameters: forkJoin:1:648(String)
10:47:16,826 [main] DEBUG org.activiti.engine.impl.persistence.entity.ProcessDefinitionInfoEntity.selectProcessDefinitionInfoByProcessDefinitionId  - &lt;==      Total: 0
10:47:16,826 [main] DEBUG org.activiti.engine.impl.interceptor.LogInterceptor  - 

10:47:16,826 [main] DEBUG org.activiti.engine.impl.interceptor.LogInterceptor  - --- starting GetProcessDefinitionInfoCmd --------------------------------------------------------
10:47:16,826 [main] DEBUG org.activiti.engine.impl.interceptor.CommandContextInterceptor  - Valid context found. Reusing it for the current command &apos;org.activiti.engine.impl.cmd.GetProcessDefinitionInfoCmd&apos;
10:47:16,826 [main] DEBUG org.activiti.engine.impl.interceptor.LogInterceptor  - 

10:47:16,826 [main] DEBUG org.activiti.engine.impl.interceptor.LogInterceptor  - --- starting  --------------------------------------------------------
10:47:16,826 [main] DEBUG org.activiti.engine.impl.interceptor.CommandContextInterceptor  - Valid context found. Reusing it for the current command &apos;null&apos;
10:47:16,826 [main] DEBUG org.activiti.engine.impl.interceptor.LogInterceptor  - ---  finished --------------------------------------------------------
10:47:16,826 [main] DEBUG org.activiti.engine.impl.interceptor.LogInterceptor  - 

10:47:16,826 [main] DEBUG org.activiti.engine.impl.interceptor.LogInterceptor  - --- GetProcessDefinitionInfoCmd finished --------------------------------------------------------
10:47:16,826 [main] DEBUG org.activiti.engine.impl.interceptor.LogInterceptor  - 

10:47:16,826 [main] DEBUG org.activiti.engine.impl.db.DbSqlSession  -   insert ResourceEntity[id=647, name=org/activiti/examples/bpmn/gateway/ParallelGatewayTest.testForkJoin.bpmn20.xml]
10:47:16,826 [main] DEBUG org.activiti.engine.impl.db.DbSqlSession  -   insert DeploymentEntity[id=646, name=ProcessInstanceMigrationTest.testSetProcessDefinitionVersionPIIsSubExecution]
10:47:16,826 [main] DEBUG org.activiti.engine.impl.db.DbSqlSession  -   insert ProcessDefinitionEntity[forkJoin:1:648]
10:47:16,826 [main] DEBUG org.activiti.engine.impl.db.DbSqlSession  - flush summary: 3 insert, 0 update, 0 delete.
10:47:16,826 [main] DEBUG org.activiti.engine.impl.db.DbSqlSession  - now executing flush...
10:47:16,826 [main] DEBUG org.activiti.engine.impl.db.DbSqlSession  - inserting: ProcessDefinitionEntity[forkJoin:1:648]
10:47:16,826 [main] DEBUG org.activiti.engine.impl.persistence.entity.ProcessDefinitionEntity.insertProcessDefinition  - ==&gt;  Preparing: insert into ACT_RE_PROCDEF(ID_, REV_, CATEGORY_, NAME_, KEY_, VERSION_, DEPLOYMENT_ID_, RESOURCE_NAME_, DGRM_RESOURCE_NAME_, DESCRIPTION_, HAS_START_FORM_KEY_, HAS_GRAPHICAL_NOTATION_ , SUSPENSION_STATE_, TENANT_ID_) values (?, 1, ?, ?, ?, ?, ?, ?, ?, ?, ?, ?, ?, ?) 
10:47:16,826 [main] DEBUG org.activiti.engine.impl.persistence.entity.ProcessDefinitionEntity.insertProcessDefinition  - ==&gt; Parameters: forkJoin:1:648(String), Examples(String), null, forkJoin(String), 1(Integer), 646(String), org/activiti/examples/bpmn/gateway/ParallelGatewayTest.testForkJoin.bpmn20.xml(String), null, null, false(Boolean), false(Boolean), 1(Integer), (String)
10:47:16,826 [main] DEBUG org.activiti.engine.impl.persistence.entity.ProcessDefinitionEntity.insertProcessDefinition  - &lt;==    Updates: 1
10:47:16,826 [main] DEBUG org.activiti.engine.impl.db.DbSqlSession  - inserting: DeploymentEntity[id=646, name=ProcessInstanceMigrationTest.testSetProcessDefinitionVersionPIIsSubExecution]
10:47:16,826 [main] DEBUG org.activiti.engine.impl.persistence.entity.DeploymentEntity.insertDeployment  - ==&gt;  Preparing: insert into ACT_RE_DEPLOYMENT(ID_, NAME_, CATEGORY_, TENANT_ID_, DEPLOY_TIME_) values(?, ?, ?, ?, ?) 
10:47:16,826 [main] DEBUG org.activiti.engine.impl.persistence.entity.DeploymentEntity.insertDeployment  - ==&gt; Parameters: 646(String), ProcessInstanceMigrationTest.testSetProcessDefinitionVersionPIIsSubExecution(String), null, (String), 2015-01-01 00:00:00.0(Timestamp)
10:47:16,826 [main] DEBUG org.activiti.engine.impl.persistence.entity.DeploymentEntity.insertDeployment  - &lt;==    Updates: 1
10:47:16,826 [main] DEBUG org.activiti.engine.impl.db.DbSqlSession  - inserting: ResourceEntity[id=647, name=org/activiti/examples/bpmn/gateway/ParallelGatewayTest.testForkJoin.bpmn20.xml]
10:47:16,826 [main] DEBUG org.activiti.engine.impl.persistence.entity.ResourceEntity.insertResource  - ==&gt;  Preparing: insert into ACT_GE_BYTEARRAY(ID_, REV_, NAME_, BYTES_, DEPLOYMENT_ID_, GENERATED_) values (?, 1, ?, ?, ?, ?) 
10:47:16,826 [main] DEBUG org.activiti.engine.impl.persistence.entity.ResourceEntity.insertResource  - ==&gt; Parameters: 647(String), org/activiti/examples/bpmn/gateway/ParallelGatewayTest.testForkJoin.bpmn20.xml(String), java.io.ByteArrayInputStream@2499e4dd(ByteArrayInputStream), 646(String), false(Boolean)
10:47:16,827 [main] DEBUG org.activiti.engine.impl.persistence.entity.ResourceEntity.insertResource  - &lt;==    Updates: 1
10:47:16,827 [main] DEBUG org.activiti.engine.impl.cfg.standalone.StandaloneMybatisTransactionContext  - firing event committing...
10:47:16,827 [main] DEBUG org.activiti.engine.impl.cfg.standalone.StandaloneMybatisTransactionContext  - committing the ibatis sql session...
10:47:16,827 [main] DEBUG org.apache.ibatis.transaction.jdbc.JdbcTransaction  - Committing JDBC Connection [conn6: url=jdbc:h2:mem:activiti user=SA]
10:47:16,827 [main] DEBUG org.activiti.engine.impl.cfg.standalone.StandaloneMybatisTransactionContext  - firing event committed...
10:47:16,827 [main] DEBUG org.apache.ibatis.transaction.jdbc.JdbcTransaction  - Resetting autocommit to true on JDBC Connection [conn6: url=jdbc:h2:mem:activiti user=SA]
10:47:16,827 [main] DEBUG org.apache.ibatis.transaction.jdbc.JdbcTransaction  - Closing JDBC Connection [conn6: url=jdbc:h2:mem:activiti user=SA]
10:47:16,827 [main] DEBUG org.apache.ibatis.datasource.pooled.PooledDataSource  - Returned connection 486346394 to pool.
10:47:16,827 [main] DEBUG org.activiti.engine.impl.interceptor.LogInterceptor  - --- DeployCmd finished --------------------------------------------------------
10:47:16,827 [main] DEBUG org.activiti.engine.impl.interceptor.LogInterceptor  - 

10:47:16,827 [main] DEBUG org.activiti.engine.impl.test.PvmTestCase  - 

10:47:16,827 [main] DEBUG org.activiti.engine.impl.test.PvmTestCase  - #### START ProcessInstanceMigrationTest.testSetProcessDefinitionVersionPIIsSubExecution ###########################################################
10:47:16,827 [main] DEBUG org.activiti.engine.impl.interceptor.LogInterceptor  - 

10:47:16,827 [main] DEBUG org.activiti.engine.impl.interceptor.LogInterceptor  - --- starting StartProcessInstanceCmd --------------------------------------------------------
10:47:16,827 [main] DEBUG org.apache.ibatis.transaction.jdbc.JdbcTransaction  - Opening JDBC Connection
10:47:16,827 [main] DEBUG org.apache.ibatis.datasource.pooled.PooledDataSource  - Checked out connection 297240765 from pool.
10:47:16,827 [main] DEBUG org.apache.ibatis.transaction.jdbc.JdbcTransaction  - Setting autocommit to false on JDBC Connection [conn4: url=jdbc:h2:mem:activiti user=SA]
10:47:16,827 [main] DEBUG org.activiti.engine.impl.persistence.entity.ProcessDefinitionEntity.selectLatestProcessDefinitionByKey  - ==&gt;  Preparing: select * from ACT_RE_PROCDEF where KEY_ = ? and (TENANT_ID_ = &apos;&apos; or TENANT_ID_ is null) and VERSION_ = (select max(VERSION_) from ACT_RE_PROCDEF where KEY_ = ? and (TENANT_ID_ = &apos;&apos; or TENANT_ID_ is null)) 
10:47:16,827 [main] DEBUG org.activiti.engine.impl.persistence.entity.ProcessDefinitionEntity.selectLatestProcessDefinitionByKey  - ==&gt; Parameters: forkJoin(String), forkJoin(String)
10:47:16,827 [main] DEBUG org.activiti.engine.impl.persistence.entity.ProcessDefinitionEntity.selectLatestProcessDefinitionByKey  - &lt;==      Total: 1
10:47:16,827 [main] DEBUG org.activiti.engine.impl.persistence.entity.ExecutionEntity  - initializing ProcessInstance[649]
10:47:16,827 [main] DEBUG org.activiti.engine.impl.history.DefaultHistoryManager  - Current history level: FULL, level required: ACTIVITY
10:47:16,827 [main] DEBUG org.activiti.engine.impl.pvm.runtime.AtomicOperationActivityExecute  - ProcessInstance[649] executes Activity(theStart): org.activiti.engine.impl.bpmn.behavior.NoneStartEventActivityBehavior
10:47:16,827 [main] DEBUG org.activiti.engine.impl.persistence.entity.JobEntity.selectJobsByExecutionId  - ==&gt;  Preparing: select * from ACT_RU_JOB J where J.EXECUTION_ID_ = ? 
10:47:16,827 [main] DEBUG org.activiti.engine.impl.persistence.entity.JobEntity.selectJobsByExecutionId  - ==&gt; Parameters: 649(String)
10:47:16,827 [main] DEBUG org.activiti.engine.impl.persistence.entity.JobEntity.selectJobsByExecutionId  - &lt;==      Total: 0
10:47:16,827 [main] DEBUG org.activiti.engine.impl.bpmn.behavior.BpmnActivityBehavior  - Leaving activity &apos;theStart&apos;
10:47:16,827 [main] DEBUG org.activiti.engine.impl.history.DefaultHistoryManager  - Current history level: FULL, level required: ACTIVITY
10:47:16,828 [main] DEBUG org.activiti.engine.impl.pvm.runtime.AtomicOperationTransitionNotifyListenerTake  - ProcessInstance[649] takes transition (theStart)--flow1--&gt;(fork)
10:47:16,828 [main] DEBUG org.activiti.engine.impl.history.DefaultHistoryManager  - Current history level: FULL, level required: ACTIVITY
10:47:16,828 [main] DEBUG org.activiti.engine.impl.pvm.runtime.AtomicOperationActivityExecute  - ProcessInstance[649] executes Activity(fork): org.activiti.engine.impl.bpmn.behavior.ParallelGatewayActivityBehavior
10:47:16,828 [main] DEBUG org.activiti.engine.impl.persistence.entity.ExecutionEntity  - inactive concurrent executions in &apos;Activity(fork)&apos;: [ProcessInstance[649]]
10:47:16,828 [main] DEBUG org.activiti.engine.impl.persistence.entity.ExecutionEntity  - other concurrent executions: []
10:47:16,828 [main] DEBUG org.activiti.engine.impl.history.DefaultHistoryManager  - Current history level: FULL, level required: ACTIVITY
10:47:16,828 [main] DEBUG org.activiti.engine.impl.bpmn.behavior.ParallelGatewayActivityBehavior  - parallel gateway &apos;fork&apos; activates: 1 of 1 joined
10:47:16,828 [main] DEBUG org.activiti.engine.impl.persistence.entity.ExecutionEntity  - transitions to take concurrent: [(fork)--&gt;(receivePayment), (fork)--&gt;(shipOrder)]
10:47:16,828 [main] DEBUG org.activiti.engine.impl.persistence.entity.ExecutionEntity  - active concurrent executions: []
10:47:16,828 [main] DEBUG org.activiti.engine.impl.persistence.entity.ExecutionEntity  - recyclable executions for reuse: []
10:47:16,828 [main] DEBUG org.activiti.engine.impl.persistence.entity.ExecutionEntity  - Child execution ScopeExecution[652] created with parent 
10:47:16,828 [main] DEBUG org.activiti.engine.impl.persistence.entity.ExecutionEntity  - new ScopeExecution[652] with parent ProcessInstance[649] created to take transition (fork)--&gt;(receivePayment)
10:47:16,828 [main] DEBUG org.activiti.engine.impl.persistence.entity.ExecutionEntity  - Child execution ScopeExecution[653] created with parent 
10:47:16,828 [main] DEBUG org.activiti.engine.impl.persistence.entity.ExecutionEntity  - new ScopeExecution[653] with parent ProcessInstance[649] created to take transition (fork)--&gt;(shipOrder)
10:47:16,828 [main] DEBUG org.activiti.engine.impl.history.DefaultHistoryManager  - Current history level: FULL, level required: ACTIVITY
10:47:16,828 [main] DEBUG org.activiti.engine.impl.persistence.entity.HistoricActivityInstanceEntity.selectHistoricActivityInstancesByQueryCriteria  - ==&gt;  Preparing: select RES.* from ACT_HI_ACTINST RES WHERE RES.EXECUTION_ID_ = ? and RES.ACT_ID_ = ? and RES.END_TIME_ is null order by order by RES.ID_ asc LIMIT ? OFFSET ? 
10:47:16,828 [main] DEBUG org.activiti.engine.impl.interceptor.CommandContext  - Error while closing command context
org.apache.ibatis.exceptions.PersistenceException: 
### Error querying database.  Cause: org.h2.jdbc.JdbcSQLException: Syntax error in SQL statement &quot;SELECT RES.* 
     
    FROM ACT_HI_ACTINST RES
     WHERE  RES.EXECUTION_ID_ = ?
      
      
      
        AND RES.ACT_ID_ = ?
      
      
      
      
      
      
      
      
        AND RES.END_TIME_ IS NULL 
   
     ORDER BY  ORDER[*] BY RES.ID_ ASC  
    LIMIT ? OFFSET ? &quot;; expected &quot;=, NOT, EXISTS, INTERSECTS, SELECT, FROM&quot;; SQL statement:
select RES.* 
     
    from ACT_HI_ACTINST RES
     WHERE  RES.EXECUTION_ID_ = ?
      
      
      
        and RES.ACT_ID_ = ?
      
      
      
      
      
      
      
      
        and RES.END_TIME_ is null 
   
     order by  order by RES.ID_ asc  
    LIMIT ? OFFSET ? [42001-176]
### The error may exist in org/activiti/db/mapping/entity/HistoricActivityInstance.xml
### The error may involve org.activiti.engine.impl.persistence.entity.HistoricActivityInstanceEntity.selectHistoricActivityInstancesByQueryCriteria
### The error occurred while executing a query
### SQL: select RES.*            from ACT_HI_ACTINST RES      WHERE  RES.EXECUTION_ID_ = ?                              and RES.ACT_ID_ = ?                                                                 and RES.END_TIME_ is null           order by  order by RES.ID_ asc       LIMIT ? OFFSET ?
### Cause: org.h2.jdbc.JdbcSQLException: Syntax error in SQL statement &quot;SELECT RES.* 
     
    FROM ACT_HI_ACTINST RES
     WHERE  RES.EXECUTION_ID_ = ?
      
      
      
        AND RES.ACT_ID_ = ?
      
      
      
      
      
      
      
      
        AND RES.END_TIME_ IS NULL 
   
     ORDER BY  ORDER[*] BY RES.ID_ ASC  
    LIMIT ? OFFSET ? &quot;; expected &quot;=, NOT, EXISTS, INTERSECTS, SELECT, FROM&quot;; SQL statement:
select RES.* 
     
    from ACT_HI_ACTINST RES
     WHERE  RES.EXECUTION_ID_ = ?
      
      
      
        and RES.ACT_ID_ = ?
      
      
      
      
      
      
      
      
        and RES.END_TIME_ is null 
   
     order by  order by RES.ID_ asc  
    LIMIT ? OFFSET ? [42001-176]
	at org.apache.ibatis.exceptions.ExceptionFactory.wrapException(ExceptionFactory.java:30)
	at org.apache.ibatis.session.defaults.DefaultSqlSession.selectList(DefaultSqlSession.java:122)
	at org.apache.ibatis.session.defaults.DefaultSqlSession.selectList(DefaultSqlSession.java:113)
	at org.activiti.engine.impl.db.DbSqlSession.selectListWithRawParameter(DbSqlSession.java:438)
	at org.activiti.engine.impl.db.DbSqlSession.selectList(DbSqlSession.java:429)
	at org.activiti.engine.impl.db.DbSqlSession.selectList(DbSqlSession.java:419)
	at org.activiti.engine.impl.persistence.entity.HistoricActivityInstanceEntityManager.findHistoricActivityInstancesByQueryCriteria(HistoricActivityInstanceEntityManager.java:56)
	at org.activiti.engine.impl.HistoricActivityInstanceQueryImpl.executeList(HistoricActivityInstanceQueryImpl.java:70)
	at org.activiti.engine.impl.AbstractQuery.listPage(AbstractQuery.java:151)
	at org.activiti.engine.impl.history.DefaultHistoryManager.findActivityInstance(DefaultHistoryManager.java:355)
	at org.activiti.engine.impl.history.DefaultHistoryManager.recordActivityEnd(DefaultHistoryManager.java:281)
	at org.activiti.engine.impl.history.handler.ActivityInstanceEndHandler.notify(ActivityInstanceEndHandler.java:29)
	at org.activiti.engine.impl.pvm.runtime.AbstractEventAtomicOperation.execute(AbstractEventAtomicOperation.java:42)
	at org.activiti.engine.impl.interceptor.CommandContext.performOperation(CommandContext.java:97)
	at org.activiti.engine.impl.persistence.entity.ExecutionEntity.performOperationSync(ExecutionEntity.java:636)
	at org.activiti.engine.impl.persistence.entity.ExecutionEntity.performOperation(ExecutionEntity.java:629)
	at org.activiti.engine.impl.persistence.entity.ExecutionEntity.take(ExecutionEntity.java:453)
	at org.activiti.engine.impl.pvm.runtime.OutgoingExecution.take(OutgoingExecution.java:48)
	at org.activiti.engine.impl.persistence.entity.ExecutionEntity.takeAll(ExecutionEntity.java:589)
	at org.activiti.engine.impl.bpmn.behavior.ParallelGatewayActivityBehavior.execute(ParallelGatewayActivityBehavior.java:78)
	at org.activiti.engine.impl.pvm.runtime.AtomicOperationActivityExecute.execute(AtomicOperationActivityExecute.java:60)
	at org.activiti.engine.impl.interceptor.CommandContext.performOperation(CommandContext.java:97)
	at org.activiti.engine.impl.persistence.entity.ExecutionEntity.performOperationSync(ExecutionEntity.java:636)
	at org.activiti.engine.impl.persistence.entity.ExecutionEntity.performOperation(ExecutionEntity.java:629)
	at org.activiti.engine.impl.pvm.runtime.AtomicOperationTransitionNotifyListenerStart.eventNotificationsCompleted(AtomicOperationTransitionNotifyListenerStart.java:52)
	at org.activiti.engine.impl.pvm.runtime.AbstractEventAtomicOperation.execute(AbstractEventAtomicOperation.java:56)
	at org.activiti.engine.impl.interceptor.CommandContext.performOperation(CommandContext.java:97)
	at org.activiti.engine.impl.persistence.entity.ExecutionEntity.performOperationSync(ExecutionEntity.java:636)
	at org.activiti.engine.impl.persistence.entity.ExecutionEntity.performOperation(ExecutionEntity.java:629)
	at org.activiti.engine.impl.pvm.runtime.AbstractEventAtomicOperation.execute(AbstractEventAtomicOperation.java:49)
	at org.activiti.engine.impl.interceptor.CommandContext.performOperation(CommandContext.java:97)
	at org.activiti.engine.impl.persistence.entity.ExecutionEntity.performOperationSync(ExecutionEntity.java:636)
	at org.activiti.engine.impl.persistence.entity.ExecutionEntity.performOperation(ExecutionEntity.java:629)
	at org.activiti.engine.impl.pvm.runtime.AtomicOperationTransitionCreateScope.execute(AtomicOperationTransitionCreateScope.java:49)
	at org.activiti.engine.impl.interceptor.CommandContext.performOperation(CommandContext.java:97)
	at org.activiti.engine.impl.persistence.entity.ExecutionEntity.performOperationSync(ExecutionEntity.java:636)
	at org.activiti.engine.impl.persistence.entity.ExecutionEntity.performOperation(ExecutionEntity.java:629)
	at org.activiti.engine.impl.pvm.runtime.AtomicOperationTransitionNotifyListenerTake.execute(AtomicOperationTransitionNotifyListenerTake.java:80)
	at org.activiti.engine.impl.interceptor.CommandContext.performOperation(CommandContext.java:97)
	at org.activiti.engine.impl.persistence.entity.ExecutionEntity.performOperationSync(ExecutionEntity.java:636)
	at org.activiti.engine.impl.persistence.entity.ExecutionEntity.performOperation(ExecutionEntity.java:629)
	at org.activiti.engine.impl.pvm.runtime.AtomicOperationTransitionDestroyScope.execute(AtomicOperationTransitionDestroyScope.java:116)
	at org.activiti.engine.impl.interceptor.CommandContext.performOperation(CommandContext.java:97)
	at org.activiti.engine.impl.persistence.entity.ExecutionEntity.performOperationSync(ExecutionEntity.java:636)
	at org.activiti.engine.impl.persistence.entity.ExecutionEntity.performOperation(ExecutionEntity.java:629)
	at org.activiti.engine.impl.pvm.runtime.AtomicOperationTransitionNotifyListenerEnd.eventNotificationsCompleted(AtomicOperationTransitionNotifyListenerEnd.java:35)
	at org.activiti.engine.impl.pvm.runtime.AbstractEventAtomicOperation.execute(AbstractEventAtomicOperation.java:56)
	at org.activiti.engine.impl.interceptor.CommandContext.performOperation(CommandContext.java:97)
	at org.activiti.engine.impl.persistence.entity.ExecutionEntity.performOperationSync(ExecutionEntity.java:636)
	at org.activiti.engine.impl.persistence.entity.ExecutionEntity.performOperation(ExecutionEntity.java:629)
	at org.activiti.engine.impl.pvm.runtime.AbstractEventAtomicOperation.execute(AbstractEventAtomicOperation.java:49)
	at org.activiti.engine.impl.interceptor.CommandContext.performOperation(CommandContext.java:97)
	at org.activiti.engine.impl.persistence.entity.ExecutionEntity.performOperationSync(ExecutionEntity.java:636)
	at org.activiti.engine.impl.persistence.entity.ExecutionEntity.performOperation(ExecutionEntity.java:629)
	at org.activiti.engine.impl.persistence.entity.ExecutionEntity.take(ExecutionEntity.java:453)
	at org.activiti.engine.impl.persistence.entity.ExecutionEntity.take(ExecutionEntity.java:431)
	at org.activiti.engine.impl.bpmn.behavior.BpmnActivityBehavior.performOutgoingBehavior(BpmnActivityBehavior.java:140)
	at org.activiti.engine.impl.bpmn.behavior.BpmnActivityBehavior.performDefaultOutgoingBehavior(BpmnActivityBehavior.java:66)
	at org.activiti.engine.impl.bpmn.behavior.FlowNodeActivityBehavior.leave(FlowNodeActivityBehavior.java:44)
	at org.activiti.engine.impl.bpmn.behavior.FlowNodeActivityBehavior.execute(FlowNodeActivityBehavior.java:36)
	at org.activiti.engine.impl.pvm.runtime.AtomicOperationActivityExecute.execute(AtomicOperationActivityExecute.java:60)
	at org.activiti.engine.impl.interceptor.CommandContext.performOperation(CommandContext.java:97)
	at org.activiti.engine.impl.persistence.entity.ExecutionEntity.performOperationSync(ExecutionEntity.java:636)
	at org.activiti.engine.impl.persistence.entity.ExecutionEntity.performOperation(ExecutionEntity.java:629)
	at org.activiti.engine.impl.pvm.runtime.AtomicOperationProcessStartInitial.eventNotificationsCompleted(AtomicOperationProcessStartInitial.java:45)
	at org.activiti.engine.impl.pvm.runtime.AbstractEventAtomicOperation.execute(AbstractEventAtomicOperation.java:56)
	at org.activiti.engine.impl.interceptor.CommandContext.performOperation(CommandContext.java:97)
	at org.activiti.engine.impl.persistence.entity.ExecutionEntity.performOperationSync(ExecutionEntity.java:636)
	at org.activiti.engine.impl.persistence.entity.ExecutionEntity.performOperation(ExecutionEntity.java:629)
	at org.activiti.engine.impl.pvm.runtime.AtomicOperationProcessStart.eventNotificationsCompleted(AtomicOperationProcessStart.java:64)
	at org.activiti.engine.impl.pvm.runtime.AbstractEventAtomicOperation.execute(AbstractEventAtomicOperation.java:56)
	at org.activiti.engine.impl.interceptor.CommandContext.performOperation(CommandContext.java:97)
	at org.activiti.engine.impl.persistence.entity.ExecutionEntity.performOperationSync(ExecutionEntity.java:636)
	at org.activiti.engine.impl.persistence.entity.ExecutionEntity.performOperation(ExecutionEntity.java:629)
	at org.activiti.engine.impl.persistence.entity.ExecutionEntity.start(ExecutionEntity.java:381)
	at org.activiti.engine.impl.cmd.StartProcessInstanceCmd.execute(StartProcessInstanceCmd.java:110)
	at org.activiti.engine.impl.cmd.StartProcessInstanceCmd.execute(StartProcessInstanceCmd.java:37)
	at org.activiti.engine.impl.interceptor.CommandInvoker.execute(CommandInvoker.java:24)
	at org.activiti.engine.impl.interceptor.CommandContextInterceptor.execute(CommandContextInterceptor.java:57)
	at org.activiti.engine.impl.interceptor.LogInterceptor.execute(LogInterceptor.java:37)
	at org.activiti.engine.impl.cfg.CommandExecutorImpl.execute(CommandExecutorImpl.java:40)
	at org.activiti.engine.impl.cfg.CommandExecutorImpl.execute(CommandExecutorImpl.java:35)
	at org.activiti.engine.impl.RuntimeServiceImpl.startProcessInstanceByKey(RuntimeServiceImpl.java:69)
	at org.activiti.engine.test.db.ProcessInstanceMigrationTest.testSetProcessDefinitionVersionPIIsSubExecution(ProcessInstanceMigrationTest.java:92)
	at sun.reflect.NativeMethodAccessorImpl.invoke0(Native Method)
	at sun.reflect.NativeMethodAccessorImpl.invoke(NativeMethodAccessorImpl.java:62)
	at sun.reflect.DelegatingMethodAccessorImpl.invoke(DelegatingMethodAccessorImpl.java:43)
	at java.lang.reflect.Method.invoke(Method.java:498)
	at junit.framework.TestCase.runTest(TestCase.java:176)
	at org.activiti.engine.impl.test.PvmTestCase.runTest(PvmTestCase.java:65)
	at junit.framework.TestCase.runBare(TestCase.java:141)
	at org.activiti.engine.impl.test.AbstractActivitiTestCase.runBare(AbstractActivitiTestCase.java:100)
	at junit.framework.TestResult$1.protect(TestResult.java:122)
	at junit.framework.TestResult.runProtected(TestResult.java:142)
	at junit.framework.TestResult.run(TestResult.java:125)
	at junit.framework.TestCase.run(TestCase.java:129)
	at junit.framework.TestSuite.runTest(TestSuite.java:255)
	at junit.framework.TestSuite.run(TestSuite.java:250)
	at org.junit.internal.runners.JUnit38ClassRunner.run(JUnit38ClassRunner.java:84)
	at org.apache.maven.surefire.junit4.JUnit4TestSet.execute(JUnit4TestSet.java:35)
	at org.apache.maven.surefire.junit4.JUnit4Provider.executeTestSet(JUnit4Provider.java:146)
	at org.apache.maven.surefire.junit4.JUnit4Provider.invoke(JUnit4Provider.java:97)
	at sun.reflect.NativeMethodAccessorImpl.invoke0(Native Method)
	at sun.reflect.NativeMethodAccessorImpl.invoke(NativeMethodAccessorImpl.java:62)
	at sun.reflect.DelegatingMethodAccessorImpl.invoke(DelegatingMethodAccessorImpl.java:43)
	at java.lang.reflect.Method.invoke(Method.java:498)
	at org.apache.maven.surefire.booter.ProviderFactory$ClassLoaderProxy.invoke(ProviderFactory.java:103)
	at com.sun.proxy.$Proxy0.invoke(Unknown Source)
	at org.apache.maven.surefire.booter.SurefireStarter.invokeProvider(SurefireStarter.java:145)
	at org.apache.maven.surefire.booter.SurefireStarter.runSuitesInProcess(SurefireStarter.java:87)
	at org.apache.maven.surefire.booter.ForkedBooter.main(ForkedBooter.java:69)
Caused by: org.h2.jdbc.JdbcSQLException: Syntax error in SQL statement &quot;SELECT RES.* 
     
    FROM ACT_HI_ACTINST RES
     WHERE  RES.EXECUTION_ID_ = ?
      
      
      
        AND RES.ACT_ID_ = ?
      
      
      
      
      
      
      
      
        AND RES.END_TIME_ IS NULL 
   
     ORDER BY  ORDER[*] BY RES.ID_ ASC  
    LIMIT ? OFFSET ? &quot;; expected &quot;=, NOT, EXISTS, INTERSECTS, SELECT, FROM&quot;; SQL statement:
select RES.* 
     
    from ACT_HI_ACTINST RES
     WHERE  RES.EXECUTION_ID_ = ?
      
      
      
        and RES.ACT_ID_ = ?
      
      
      
      
      
      
      
      
        and RES.END_TIME_ is null 
   
     order by  order by RES.ID_ asc  
    LIMIT ? OFFSET ? [42001-176]
	at org.h2.message.DbException.getJdbcSQLException(DbException.java:344)
	at org.h2.message.DbException.getSyntaxError(DbException.java:204)
	at org.h2.command.Parser.getSyntaxError(Parser.java:524)
	at org.h2.command.Parser.readTerm(Parser.java:2688)
	at org.h2.command.Parser.readFactor(Parser.java:2244)
	at org.h2.command.Parser.readSum(Parser.java:2231)
	at org.h2.command.Parser.readConcat(Parser.java:2201)
	at org.h2.command.Parser.readCondition(Parser.java:2051)
	at org.h2.command.Parser.readAnd(Parser.java:2023)
	at org.h2.command.Parser.readExpression(Parser.java:2015)
	at org.h2.command.Parser.parseEndOfQuery(Parser.java:1726)
	at org.h2.command.Parser.parseSelectUnionExtension(Parser.java:1706)
	at org.h2.command.Parser.parseSelectUnion(Parser.java:1675)
	at org.h2.command.Parser.parseSelect(Parser.java:1662)
	at org.h2.command.Parser.parsePrepared(Parser.java:434)
	at org.h2.command.Parser.parse(Parser.java:306)
	at org.h2.command.Parser.parse(Parser.java:282)
	at org.h2.command.Parser.prepareCommand(Parser.java:243)
	at org.h2.engine.Session.prepareLocal(Session.java:442)
	at org.h2.engine.Session.prepareCommand(Session.java:384)
	at org.h2.jdbc.JdbcConnection.prepareCommand(JdbcConnection.java:1188)
	at org.h2.jdbc.JdbcPreparedStatement.&lt;init&gt;(JdbcPreparedStatement.java:73)
	at org.h2.jdbc.JdbcConnection.prepareStatement(JdbcConnection.java:276)
	at sun.reflect.GeneratedMethodAccessor6.invoke(Unknown Source)
	at sun.reflect.DelegatingMethodAccessorImpl.invoke(DelegatingMethodAccessorImpl.java:43)
	at java.lang.reflect.Method.invoke(Method.java:498)
	at org.apache.ibatis.datasource.pooled.PooledConnection.invoke(PooledConnection.java:245)
	at com.sun.proxy.$Proxy12.prepareStatement(Unknown Source)
	at sun.reflect.GeneratedMethodAccessor6.invoke(Unknown Source)
	at sun.reflect.DelegatingMethodAccessorImpl.invoke(DelegatingMethodAccessorImpl.java:43)
	at java.lang.reflect.Method.invoke(Method.java:498)
	at org.apache.ibatis.logging.jdbc.ConnectionLogger.invoke(ConnectionLogger.java:55)
	at com.sun.proxy.$Proxy12.prepareStatement(Unknown Source)
	at org.apache.ibatis.executor.statement.PreparedStatementHandler.instantiateStatement(PreparedStatementHandler.java:79)
	at org.apache.ibatis.executor.statement.BaseStatementHandler.prepare(BaseStatementHandler.java:88)
	at org.apache.ibatis.executor.statement.RoutingStatementHandler.prepare(RoutingStatementHandler.java:58)
	at org.apache.ibatis.executor.SimpleExecutor.prepareStatement(SimpleExecutor.java:76)
	at org.apache.ibatis.executor.SimpleExecutor.doQuery(SimpleExecutor.java:61)
	at org.apache.ibatis.executor.BaseExecutor.queryFromDatabase(BaseExecutor.java:303)
	at org.apache.ibatis.executor.BaseExecutor.query(BaseExecutor.java:154)
	at org.apache.ibatis.executor.CachingExecutor.query(CachingExecutor.java:102)
	at org.apache.ibatis.executor.CachingExecutor.query(CachingExecutor.java:82)
	at org.apache.ibatis.session.defaults.DefaultSqlSession.selectList(DefaultSqlSession.java:120)
	... 109 more
10:47:16,829 [main] DEBUG org.activiti.engine.impl.cfg.standalone.StandaloneMybatisTransactionContext  - firing event rolling back...
10:47:16,829 [main] DEBUG org.activiti.engine.impl.cfg.standalone.StandaloneMybatisTransactionContext  - rolling back ibatis sql session...
10:47:16,829 [main] DEBUG org.activiti.engine.impl.cfg.standalone.StandaloneMybatisTransactionContext  - firing event rolled back...
10:47:16,829 [main] DEBUG org.apache.ibatis.transaction.jdbc.JdbcTransaction  - Resetting autocommit to true on JDBC Connection [conn4: url=jdbc:h2:mem:activiti user=SA]
10:47:16,829 [main] DEBUG org.apache.ibatis.transaction.jdbc.JdbcTransaction  - Closing JDBC Connection [conn4: url=jdbc:h2:mem:activiti user=SA]
10:47:16,829 [main] DEBUG org.apache.ibatis.datasource.pooled.PooledDataSource  - Returned connection 297240765 to pool.
10:47:16,829 [main] DEBUG org.activiti.engine.impl.interceptor.LogInterceptor  - --- StartProcessInstanceCmd finished --------------------------------------------------------
10:47:16,829 [main] DEBUG org.activiti.engine.impl.interceptor.LogInterceptor  - 

10:47:16,829 [main] ERROR org.activiti.engine.impl.test.PvmTestCase  - 

10:47:16,829 [main] ERROR org.activiti.engine.impl.test.PvmTestCase  - EXCEPTION: org.apache.ibatis.exceptions.PersistenceException: 
### Error querying database.  Cause: org.h2.jdbc.JdbcSQLException: Syntax error in SQL statement &quot;SELECT RES.* 
     
    FROM ACT_HI_ACTINST RES
     WHERE  RES.EXECUTION_ID_ = ?
      
      
      
        AND RES.ACT_ID_ = ?
      
      
      
      
      
      
      
      
        AND RES.END_TIME_ IS NULL 
   
     ORDER BY  ORDER[*] BY RES.ID_ ASC  
    LIMIT ? OFFSET ? &quot;; expected &quot;=, NOT, EXISTS, INTERSECTS, SELECT, FROM&quot;; SQL statement:
select RES.* 
     
    from ACT_HI_ACTINST RES
     WHERE  RES.EXECUTION_ID_ = ?
      
      
      
        and RES.ACT_ID_ = ?
      
      
      
      
      
      
      
      
        and RES.END_TIME_ is null 
   
     order by  order by RES.ID_ asc  
    LIMIT ? OFFSET ? [42001-176]
### The error may exist in org/activiti/db/mapping/entity/HistoricActivityInstance.xml
### The error may involve org.activiti.engine.impl.persistence.entity.HistoricActivityInstanceEntity.selectHistoricActivityInstancesByQueryCriteria
### The error occurred while executing a query
### SQL: select RES.*            from ACT_HI_ACTINST RES      WHERE  RES.EXECUTION_ID_ = ?                              and RES.ACT_ID_ = ?                                                                 and RES.END_TIME_ is null           order by  order by RES.ID_ asc       LIMIT ? OFFSET ?
### Cause: org.h2.jdbc.JdbcSQLException: Syntax error in SQL statement &quot;SELECT RES.* 
     
    FROM ACT_HI_ACTINST RES
     WHERE  RES.EXECUTION_ID_ = ?
      
      
      
        AND RES.ACT_ID_ = ?
      
      
      
      
      
      
      
      
        AND RES.END_TIME_ IS NULL 
   
     ORDER BY  ORDER[*] BY RES.ID_ ASC  
    LIMIT ? OFFSET ? &quot;; expected &quot;=, NOT, EXISTS, INTERSECTS, SELECT, FROM&quot;; SQL statement:
select RES.* 
     
    from ACT_HI_ACTINST RES
     WHERE  RES.EXECUTION_ID_ = ?
      
      
      
        and RES.ACT_ID_ = ?
      
      
      
      
      
      
      
      
        and RES.END_TIME_ is null 
   
     order by  order by RES.ID_ asc  
    LIMIT ? OFFSET ? [42001-176]
org.apache.ibatis.exceptions.PersistenceException: 
### Error querying database.  Cause: org.h2.jdbc.JdbcSQLException: Syntax error in SQL statement &quot;SELECT RES.* 
     
    FROM ACT_HI_ACTINST RES
     WHERE  RES.EXECUTION_ID_ = ?
      
      
      
        AND RES.ACT_ID_ = ?
      
      
      
      
      
      
      
      
        AND RES.END_TIME_ IS NULL 
   
     ORDER BY  ORDER[*] BY RES.ID_ ASC  
    LIMIT ? OFFSET ? &quot;; expected &quot;=, NOT, EXISTS, INTERSECTS, SELECT, FROM&quot;; SQL statement:
select RES.* 
     
    from ACT_HI_ACTINST RES
     WHERE  RES.EXECUTION_ID_ = ?
      
      
      
        and RES.ACT_ID_ = ?
      
      
      
      
      
      
      
      
        and RES.END_TIME_ is null 
   
     order by  order by RES.ID_ asc  
    LIMIT ? OFFSET ? [42001-176]
### The error may exist in org/activiti/db/mapping/entity/HistoricActivityInstance.xml
### The error may involve org.activiti.engine.impl.persistence.entity.HistoricActivityInstanceEntity.selectHistoricActivityInstancesByQueryCriteria
### The error occurred while executing a query
### SQL: select RES.*            from ACT_HI_ACTINST RES      WHERE  RES.EXECUTION_ID_ = ?                              and RES.ACT_ID_ = ?                                                                 and RES.END_TIME_ is null           order by  order by RES.ID_ asc       LIMIT ? OFFSET ?
### Cause: org.h2.jdbc.JdbcSQLException: Syntax error in SQL statement &quot;SELECT RES.* 
     
    FROM ACT_HI_ACTINST RES
     WHERE  RES.EXECUTION_ID_ = ?
      
      
      
        AND RES.ACT_ID_ = ?
      
      
      
      
      
      
      
      
        AND RES.END_TIME_ IS NULL 
   
     ORDER BY  ORDER[*] BY RES.ID_ ASC  
    LIMIT ? OFFSET ? &quot;; expected &quot;=, NOT, EXISTS, INTERSECTS, SELECT, FROM&quot;; SQL statement:
select RES.* 
     
    from ACT_HI_ACTINST RES
     WHERE  RES.EXECUTION_ID_ = ?
      
      
      
        and RES.ACT_ID_ = ?
      
      
      
      
      
      
      
      
        and RES.END_TIME_ is null 
   
     order by  order by RES.ID_ asc  
    LIMIT ? OFFSET ? [42001-176]
	at org.apache.ibatis.exceptions.ExceptionFactory.wrapException(ExceptionFactory.java:30)
	at org.apache.ibatis.session.defaults.DefaultSqlSession.selectList(DefaultSqlSession.java:122)
	at org.apache.ibatis.session.defaults.DefaultSqlSession.selectList(DefaultSqlSession.java:113)
	at org.activiti.engine.impl.db.DbSqlSession.selectListWithRawParameter(DbSqlSession.java:438)
	at org.activiti.engine.impl.db.DbSqlSession.selectList(DbSqlSession.java:429)
	at org.activiti.engine.impl.db.DbSqlSession.selectList(DbSqlSession.java:419)
	at org.activiti.engine.impl.persistence.entity.HistoricActivityInstanceEntityManager.findHistoricActivityInstancesByQueryCriteria(HistoricActivityInstanceEntityManager.java:56)
	at org.activiti.engine.impl.HistoricActivityInstanceQueryImpl.executeList(HistoricActivityInstanceQueryImpl.java:70)
	at org.activiti.engine.impl.AbstractQuery.listPage(AbstractQuery.java:151)
	at org.activiti.engine.impl.history.DefaultHistoryManager.findActivityInstance(DefaultHistoryManager.java:355)
	at org.activiti.engine.impl.history.DefaultHistoryManager.recordActivityEnd(DefaultHistoryManager.java:281)
	at org.activiti.engine.impl.history.handler.ActivityInstanceEndHandler.notify(ActivityInstanceEndHandler.java:29)
	at org.activiti.engine.impl.pvm.runtime.AbstractEventAtomicOperation.execute(AbstractEventAtomicOperation.java:42)
	at org.activiti.engine.impl.interceptor.CommandContext.performOperation(CommandContext.java:97)
	at org.activiti.engine.impl.persistence.entity.ExecutionEntity.performOperationSync(ExecutionEntity.java:636)
	at org.activiti.engine.impl.persistence.entity.ExecutionEntity.performOperation(ExecutionEntity.java:629)
	at org.activiti.engine.impl.persistence.entity.ExecutionEntity.take(ExecutionEntity.java:453)
	at org.activiti.engine.impl.pvm.runtime.OutgoingExecution.take(OutgoingExecution.java:48)
	at org.activiti.engine.impl.persistence.entity.ExecutionEntity.takeAll(ExecutionEntity.java:589)
	at org.activiti.engine.impl.bpmn.behavior.ParallelGatewayActivityBehavior.execute(ParallelGatewayActivityBehavior.java:78)
	at org.activiti.engine.impl.pvm.runtime.AtomicOperationActivityExecute.execute(AtomicOperationActivityExecute.java:60)
	at org.activiti.engine.impl.interceptor.CommandContext.performOperation(CommandContext.java:97)
	at org.activiti.engine.impl.persistence.entity.ExecutionEntity.performOperationSync(ExecutionEntity.java:636)
	at org.activiti.engine.impl.persistence.entity.ExecutionEntity.performOperation(ExecutionEntity.java:629)
	at org.activiti.engine.impl.pvm.runtime.AtomicOperationTransitionNotifyListenerStart.eventNotificationsCompleted(AtomicOperationTransitionNotifyListenerStart.java:52)
	at org.activiti.engine.impl.pvm.runtime.AbstractEventAtomicOperation.execute(AbstractEventAtomicOperation.java:56)
	at org.activiti.engine.impl.interceptor.CommandContext.performOperation(CommandContext.java:97)
	at org.activiti.engine.impl.persistence.entity.ExecutionEntity.performOperationSync(ExecutionEntity.java:636)
	at org.activiti.engine.impl.persistence.entity.ExecutionEntity.performOperation(ExecutionEntity.java:629)
	at org.activiti.engine.impl.pvm.runtime.AbstractEventAtomicOperation.execute(AbstractEventAtomicOperation.java:49)
	at org.activiti.engine.impl.interceptor.CommandContext.performOperation(CommandContext.java:97)
	at org.activiti.engine.impl.persistence.entity.ExecutionEntity.performOperationSync(ExecutionEntity.java:636)
	at org.activiti.engine.impl.persistence.entity.ExecutionEntity.performOperation(ExecutionEntity.java:629)
	at org.activiti.engine.impl.pvm.runtime.AtomicOperationTransitionCreateScope.execute(AtomicOperationTransitionCreateScope.java:49)
	at org.activiti.engine.impl.interceptor.CommandContext.performOperation(CommandContext.java:97)
	at org.activiti.engine.impl.persistence.entity.ExecutionEntity.performOperationSync(ExecutionEntity.java:636)
	at org.activiti.engine.impl.persistence.entity.ExecutionEntity.performOperation(ExecutionEntity.java:629)
	at org.activiti.engine.impl.pvm.runtime.AtomicOperationTransitionNotifyListenerTake.execute(AtomicOperationTransitionNotifyListenerTake.java:80)
	at org.activiti.engine.impl.interceptor.CommandContext.performOperation(CommandContext.java:97)
	at org.activiti.engine.impl.persistence.entity.ExecutionEntity.performOperationSync(ExecutionEntity.java:636)
	at org.activiti.engine.impl.persistence.entity.ExecutionEntity.performOperation(ExecutionEntity.java:629)
	at org.activiti.engine.impl.pvm.runtime.AtomicOperationTransitionDestroyScope.execute(AtomicOperationTransitionDestroyScope.java:116)
	at org.activiti.engine.impl.interceptor.CommandContext.performOperation(CommandContext.java:97)
	at org.activiti.engine.impl.persistence.entity.ExecutionEntity.performOperationSync(ExecutionEntity.java:636)
	at org.activiti.engine.impl.persistence.entity.ExecutionEntity.performOperation(ExecutionEntity.java:629)
	at org.activiti.engine.impl.pvm.runtime.AtomicOperationTransitionNotifyListenerEnd.eventNotificationsCompleted(AtomicOperationTransitionNotifyListenerEnd.java:35)
	at org.activiti.engine.impl.pvm.runtime.AbstractEventAtomicOperation.execute(AbstractEventAtomicOperation.java:56)
	at org.activiti.engine.impl.interceptor.CommandContext.performOperation(CommandContext.java:97)
	at org.activiti.engine.impl.persistence.entity.ExecutionEntity.performOperationSync(ExecutionEntity.java:636)
	at org.activiti.engine.impl.persistence.entity.ExecutionEntity.performOperation(ExecutionEntity.java:629)
	at org.activiti.engine.impl.pvm.runtime.AbstractEventAtomicOperation.execute(AbstractEventAtomicOperation.java:49)
	at org.activiti.engine.impl.interceptor.CommandContext.performOperation(CommandContext.java:97)
	at org.activiti.engine.impl.persistence.entity.ExecutionEntity.performOperationSync(ExecutionEntity.java:636)
	at org.activiti.engine.impl.persistence.entity.ExecutionEntity.performOperation(ExecutionEntity.java:629)
	at org.activiti.engine.impl.persistence.entity.ExecutionEntity.take(ExecutionEntity.java:453)
	at org.activiti.engine.impl.persistence.entity.ExecutionEntity.take(ExecutionEntity.java:431)
	at org.activiti.engine.impl.bpmn.behavior.BpmnActivityBehavior.performOutgoingBehavior(BpmnActivityBehavior.java:140)
	at org.activiti.engine.impl.bpmn.behavior.BpmnActivityBehavior.performDefaultOutgoingBehavior(BpmnActivityBehavior.java:66)
	at org.activiti.engine.impl.bpmn.behavior.FlowNodeActivityBehavior.leave(FlowNodeActivityBehavior.java:44)
	at org.activiti.engine.impl.bpmn.behavior.FlowNodeActivityBehavior.execute(FlowNodeActivityBehavior.java:36)
	at org.activiti.engine.impl.pvm.runtime.AtomicOperationActivityExecute.execute(AtomicOperationActivityExecute.java:60)
	at org.activiti.engine.impl.interceptor.CommandContext.performOperation(CommandContext.java:97)
	at org.activiti.engine.impl.persistence.entity.ExecutionEntity.performOperationSync(ExecutionEntity.java:636)
	at org.activiti.engine.impl.persistence.entity.ExecutionEntity.performOperation(ExecutionEntity.java:629)
	at org.activiti.engine.impl.pvm.runtime.AtomicOperationProcessStartInitial.eventNotificationsCompleted(AtomicOperationProcessStartInitial.java:45)
	at org.activiti.engine.impl.pvm.runtime.AbstractEventAtomicOperation.execute(AbstractEventAtomicOperation.java:56)
	at org.activiti.engine.impl.interceptor.CommandContext.performOperation(CommandContext.java:97)
	at org.activiti.engine.impl.persistence.entity.ExecutionEntity.performOperationSync(ExecutionEntity.java:636)
	at org.activiti.engine.impl.persistence.entity.ExecutionEntity.performOperation(ExecutionEntity.java:629)
	at org.activiti.engine.impl.pvm.runtime.AtomicOperationProcessStart.eventNotificationsCompleted(AtomicOperationProcessStart.java:64)
	at org.activiti.engine.impl.pvm.runtime.AbstractEventAtomicOperation.execute(AbstractEventAtomicOperation.java:56)
	at org.activiti.engine.impl.interceptor.CommandContext.performOperation(CommandContext.java:97)
	at org.activiti.engine.impl.persistence.entity.ExecutionEntity.performOperationSync(ExecutionEntity.java:636)
	at org.activiti.engine.impl.persistence.entity.ExecutionEntity.performOperation(ExecutionEntity.java:629)
	at org.activiti.engine.impl.persistence.entity.ExecutionEntity.start(ExecutionEntity.java:381)
	at org.activiti.engine.impl.cmd.StartProcessInstanceCmd.execute(StartProcessInstanceCmd.java:110)
	at org.activiti.engine.impl.cmd.StartProcessInstanceCmd.execute(StartProcessInstanceCmd.java:37)
	at org.activiti.engine.impl.interceptor.CommandInvoker.execute(CommandInvoker.java:24)
	at org.activiti.engine.impl.interceptor.CommandContextInterceptor.execute(CommandContextInterceptor.java:57)
	at org.activiti.engine.impl.interceptor.LogInterceptor.execute(LogInterceptor.java:37)
	at org.activiti.engine.impl.cfg.CommandExecutorImpl.execute(CommandExecutorImpl.java:40)
	at org.activiti.engine.impl.cfg.CommandExecutorImpl.execute(CommandExecutorImpl.java:35)
	at org.activiti.engine.impl.RuntimeServiceImpl.startProcessInstanceByKey(RuntimeServiceImpl.java:69)
	at org.activiti.engine.test.db.ProcessInstanceMigrationTest.testSetProcessDefinitionVersionPIIsSubExecution(ProcessInstanceMigrationTest.java:92)
	at sun.reflect.NativeMethodAccessorImpl.invoke0(Native Method)
	at sun.reflect.NativeMethodAccessorImpl.invoke(NativeMethodAccessorImpl.java:62)
	at sun.reflect.DelegatingMethodAccessorImpl.invoke(DelegatingMethodAccessorImpl.java:43)
	at java.lang.reflect.Method.invoke(Method.java:498)
	at junit.framework.TestCase.runTest(TestCase.java:176)
	at org.activiti.engine.impl.test.PvmTestCase.runTest(PvmTestCase.java:65)
	at junit.framework.TestCase.runBare(TestCase.java:141)
	at org.activiti.engine.impl.test.AbstractActivitiTestCase.runBare(AbstractActivitiTestCase.java:100)
	at junit.framework.TestResult$1.protect(TestResult.java:122)
	at junit.framework.TestResult.runProtected(TestResult.java:142)
	at junit.framework.TestResult.run(TestResult.java:125)
	at junit.framework.TestCase.run(TestCase.java:129)
	at junit.framework.TestSuite.runTest(TestSuite.java:255)
	at junit.framework.TestSuite.run(TestSuite.java:250)
	at org.junit.internal.runners.JUnit38ClassRunner.run(JUnit38ClassRunner.java:84)
	at org.apache.maven.surefire.junit4.JUnit4TestSet.execute(JUnit4TestSet.java:35)
	at org.apache.maven.surefire.junit4.JUnit4Provider.executeTestSet(JUnit4Provider.java:146)
	at org.apache.maven.surefire.junit4.JUnit4Provider.invoke(JUnit4Provider.java:97)
	at sun.reflect.NativeMethodAccessorImpl.invoke0(Native Method)
	at sun.reflect.NativeMethodAccessorImpl.invoke(NativeMethodAccessorImpl.java:62)
	at sun.reflect.DelegatingMethodAccessorImpl.invoke(DelegatingMethodAccessorImpl.java:43)
	at java.lang.reflect.Method.invoke(Method.java:498)
	at org.apache.maven.surefire.booter.ProviderFactory$ClassLoaderProxy.invoke(ProviderFactory.java:103)
	at com.sun.proxy.$Proxy0.invoke(Unknown Source)
	at org.apache.maven.surefire.booter.SurefireStarter.invokeProvider(SurefireStarter.java:145)
	at org.apache.maven.surefire.booter.SurefireStarter.runSuitesInProcess(SurefireStarter.java:87)
	at org.apache.maven.surefire.booter.ForkedBooter.main(ForkedBooter.java:69)
Caused by: org.h2.jdbc.JdbcSQLException: Syntax error in SQL statement &quot;SELECT RES.* 
     
    FROM ACT_HI_ACTINST RES
     WHERE  RES.EXECUTION_ID_ = ?
      
      
      
        AND RES.ACT_ID_ = ?
      
      
      
      
      
      
      
      
        AND RES.END_TIME_ IS NULL 
   
     ORDER BY  ORDER[*] BY RES.ID_ ASC  
    LIMIT ? OFFSET ? &quot;; expected &quot;=, NOT, EXISTS, INTERSECTS, SELECT, FROM&quot;; SQL statement:
select RES.* 
     
    from ACT_HI_ACTINST RES
     WHERE  RES.EXECUTION_ID_ = ?
      
      
      
        and RES.ACT_ID_ = ?
      
      
      
      
      
      
      
      
        and RES.END_TIME_ is null 
   
     order by  order by RES.ID_ asc  
    LIMIT ? OFFSET ? [42001-176]
	at org.h2.message.DbException.getJdbcSQLException(DbException.java:344)
	at org.h2.message.DbException.getSyntaxError(DbException.java:204)
	at org.h2.command.Parser.getSyntaxError(Parser.java:524)
	at org.h2.command.Parser.readTerm(Parser.java:2688)
	at org.h2.command.Parser.readFactor(Parser.java:2244)
	at org.h2.command.Parser.readSum(Parser.java:2231)
	at org.h2.command.Parser.readConcat(Parser.java:2201)
	at org.h2.command.Parser.readCondition(Parser.java:2051)
	at org.h2.command.Parser.readAnd(Parser.java:2023)
	at org.h2.command.Parser.readExpression(Parser.java:2015)
	at org.h2.command.Parser.parseEndOfQuery(Parser.java:1726)
	at org.h2.command.Parser.parseSelectUnionExtension(Parser.java:1706)
	at org.h2.command.Parser.parseSelectUnion(Parser.java:1675)
	at org.h2.command.Parser.parseSelect(Parser.java:1662)
	at org.h2.command.Parser.parsePrepared(Parser.java:434)
	at org.h2.command.Parser.parse(Parser.java:306)
	at org.h2.command.Parser.parse(Parser.java:282)
	at org.h2.command.Parser.prepareCommand(Parser.java:243)
	at org.h2.engine.Session.prepareLocal(Session.java:442)
	at org.h2.engine.Session.prepareCommand(Session.java:384)
	at org.h2.jdbc.JdbcConnection.prepareCommand(JdbcConnection.java:1188)
	at org.h2.jdbc.JdbcPreparedStatement.&lt;init&gt;(JdbcPreparedStatement.java:73)
	at org.h2.jdbc.JdbcConnection.prepareStatement(JdbcConnection.java:276)
	at sun.reflect.GeneratedMethodAccessor6.invoke(Unknown Source)
	at sun.reflect.DelegatingMethodAccessorImpl.invoke(DelegatingMethodAccessorImpl.java:43)
	at java.lang.reflect.Method.invoke(Method.java:498)
	at org.apache.ibatis.datasource.pooled.PooledConnection.invoke(PooledConnection.java:245)
	at com.sun.proxy.$Proxy12.prepareStatement(Unknown Source)
	at sun.reflect.GeneratedMethodAccessor6.invoke(Unknown Source)
	at sun.reflect.DelegatingMethodAccessorImpl.invoke(DelegatingMethodAccessorImpl.java:43)
	at java.lang.reflect.Method.invoke(Method.java:498)
	at org.apache.ibatis.logging.jdbc.ConnectionLogger.invoke(ConnectionLogger.java:55)
	at com.sun.proxy.$Proxy12.prepareStatement(Unknown Source)
	at org.apache.ibatis.executor.statement.PreparedStatementHandler.instantiateStatement(PreparedStatementHandler.java:79)
	at org.apache.ibatis.executor.statement.BaseStatementHandler.prepare(BaseStatementHandler.java:88)
	at org.apache.ibatis.executor.statement.RoutingStatementHandler.prepare(RoutingStatementHandler.java:58)
	at org.apache.ibatis.executor.SimpleExecutor.prepareStatement(SimpleExecutor.java:76)
	at org.apache.ibatis.executor.SimpleExecutor.doQuery(SimpleExecutor.java:61)
	at org.apache.ibatis.executor.BaseExecutor.queryFromDatabase(BaseExecutor.java:303)
	at org.apache.ibatis.executor.BaseExecutor.query(BaseExecutor.java:154)
	at org.apache.ibatis.executor.CachingExecutor.query(CachingExecutor.java:102)
	at org.apache.ibatis.executor.CachingExecutor.query(CachingExecutor.java:82)
	at org.apache.ibatis.session.defaults.DefaultSqlSession.selectList(DefaultSqlSession.java:120)
	... 109 more
10:47:16,829 [main] DEBUG org.activiti.engine.impl.test.PvmTestCase  - #### END ProcessInstanceMigrationTest.testSetProcessDefinitionVersionPIIsSubExecution #############################################################
10:47:16,829 [main] ERROR org.activiti.engine.impl.test.PvmTestCase  - 

10:47:16,829 [main] ERROR org.activiti.engine.impl.test.PvmTestCase  - EXCEPTION: org.apache.ibatis.exceptions.PersistenceException: 
### Error querying database.  Cause: org.h2.jdbc.JdbcSQLException: Syntax error in SQL statement &quot;SELECT RES.* 
     
    FROM ACT_HI_ACTINST RES
     WHERE  RES.EXECUTION_ID_ = ?
      
      
      
        AND RES.ACT_ID_ = ?
      
      
      
      
      
      
      
      
        AND RES.END_TIME_ IS NULL 
   
     ORDER BY  ORDER[*] BY RES.ID_ ASC  
    LIMIT ? OFFSET ? &quot;; expected &quot;=, NOT, EXISTS, INTERSECTS, SELECT, FROM&quot;; SQL statement:
select RES.* 
     
    from ACT_HI_ACTINST RES
     WHERE  RES.EXECUTION_ID_ = ?
      
      
      
        and RES.ACT_ID_ = ?
      
      
      
      
      
      
      
      
        and RES.END_TIME_ is null 
   
     order by  order by RES.ID_ asc  
    LIMIT ? OFFSET ? [42001-176]
### The error may exist in org/activiti/db/mapping/entity/HistoricActivityInstance.xml
### The error may involve org.activiti.engine.impl.persistence.entity.HistoricActivityInstanceEntity.selectHistoricActivityInstancesByQueryCriteria
### The error occurred while executing a query
### SQL: select RES.*            from ACT_HI_ACTINST RES      WHERE  RES.EXECUTION_ID_ = ?                              and RES.ACT_ID_ = ?                                                                 and RES.END_TIME_ is null           order by  order by RES.ID_ asc       LIMIT ? OFFSET ?
### Cause: org.h2.jdbc.JdbcSQLException: Syntax error in SQL statement &quot;SELECT RES.* 
     
    FROM ACT_HI_ACTINST RES
     WHERE  RES.EXECUTION_ID_ = ?
      
      
      
        AND RES.ACT_ID_ = ?
      
      
      
      
      
      
      
      
        AND RES.END_TIME_ IS NULL 
   
     ORDER BY  ORDER[*] BY RES.ID_ ASC  
    LIMIT ? OFFSET ? &quot;; expected &quot;=, NOT, EXISTS, INTERSECTS, SELECT, FROM&quot;; SQL statement:
select RES.* 
     
    from ACT_HI_ACTINST RES
     WHERE  RES.EXECUTION_ID_ = ?
      
      
      
        and RES.ACT_ID_ = ?
      
      
      
      
      
      
      
      
        and RES.END_TIME_ is null 
   
     order by  order by RES.ID_ asc  
    LIMIT ? OFFSET ? [42001-176]
org.apache.ibatis.exceptions.PersistenceException: 
### Error querying database.  Cause: org.h2.jdbc.JdbcSQLException: Syntax error in SQL statement &quot;SELECT RES.* 
     
    FROM ACT_HI_ACTINST RES
     WHERE  RES.EXECUTION_ID_ = ?
      
      
      
        AND RES.ACT_ID_ = ?
      
      
      
      
      
      
      
      
        AND RES.END_TIME_ IS NULL 
   
     ORDER BY  ORDER[*] BY RES.ID_ ASC  
    LIMIT ? OFFSET ? &quot;; expected &quot;=, NOT, EXISTS, INTERSECTS, SELECT, FROM&quot;; SQL statement:
select RES.* 
     
    from ACT_HI_ACTINST RES
     WHERE  RES.EXECUTION_ID_ = ?
      
      
      
        and RES.ACT_ID_ = ?
      
      
      
      
      
      
      
      
        and RES.END_TIME_ is null 
   
     order by  order by RES.ID_ asc  
    LIMIT ? OFFSET ? [42001-176]
### The error may exist in org/activiti/db/mapping/entity/HistoricActivityInstance.xml
### The error may involve org.activiti.engine.impl.persistence.entity.HistoricActivityInstanceEntity.selectHistoricActivityInstancesByQueryCriteria
### The error occurred while executing a query
### SQL: select RES.*            from ACT_HI_ACTINST RES      WHERE  RES.EXECUTION_ID_ = ?                              and RES.ACT_ID_ = ?                                                                 and RES.END_TIME_ is null           order by  order by RES.ID_ asc       LIMIT ? OFFSET ?
### Cause: org.h2.jdbc.JdbcSQLException: Syntax error in SQL statement &quot;SELECT RES.* 
     
    FROM ACT_HI_ACTINST RES
     WHERE  RES.EXECUTION_ID_ = ?
      
      
      
        AND RES.ACT_ID_ = ?
      
      
      
      
      
      
      
      
        AND RES.END_TIME_ IS NULL 
   
     ORDER BY  ORDER[*] BY RES.ID_ ASC  
    LIMIT ? OFFSET ? &quot;; expected &quot;=, NOT, EXISTS, INTERSECTS, SELECT, FROM&quot;; SQL statement:
select RES.* 
     
    from ACT_HI_ACTINST RES
     WHERE  RES.EXECUTION_ID_ = ?
      
      
      
        and RES.ACT_ID_ = ?
      
      
      
      
      
      
      
      
        and RES.END_TIME_ is null 
   
     order by  order by RES.ID_ asc  
    LIMIT ? OFFSET ? [42001-176]
	at org.apache.ibatis.exceptions.ExceptionFactory.wrapException(ExceptionFactory.java:30)
	at org.apache.ibatis.session.defaults.DefaultSqlSession.selectList(DefaultSqlSession.java:122)
	at org.apache.ibatis.session.defaults.DefaultSqlSession.selectList(DefaultSqlSession.java:113)
	at org.activiti.engine.impl.db.DbSqlSession.selectListWithRawParameter(DbSqlSession.java:438)
	at org.activiti.engine.impl.db.DbSqlSession.selectList(DbSqlSession.java:429)
	at org.activiti.engine.impl.db.DbSqlSession.selectList(DbSqlSession.java:419)
	at org.activiti.engine.impl.persistence.entity.HistoricActivityInstanceEntityManager.findHistoricActivityInstancesByQueryCriteria(HistoricActivityInstanceEntityManager.java:56)
	at org.activiti.engine.impl.HistoricActivityInstanceQueryImpl.executeList(HistoricActivityInstanceQueryImpl.java:70)
	at org.activiti.engine.impl.AbstractQuery.listPage(AbstractQuery.java:151)
	at org.activiti.engine.impl.history.DefaultHistoryManager.findActivityInstance(DefaultHistoryManager.java:355)
	at org.activiti.engine.impl.history.DefaultHistoryManager.recordActivityEnd(DefaultHistoryManager.java:281)
	at org.activiti.engine.impl.history.handler.ActivityInstanceEndHandler.notify(ActivityInstanceEndHandler.java:29)
	at org.activiti.engine.impl.pvm.runtime.AbstractEventAtomicOperation.execute(AbstractEventAtomicOperation.java:42)
	at org.activiti.engine.impl.interceptor.CommandContext.performOperation(CommandContext.java:97)
	at org.activiti.engine.impl.persistence.entity.ExecutionEntity.performOperationSync(ExecutionEntity.java:636)
	at org.activiti.engine.impl.persistence.entity.ExecutionEntity.performOperation(ExecutionEntity.java:629)
	at org.activiti.engine.impl.persistence.entity.ExecutionEntity.take(ExecutionEntity.java:453)
	at org.activiti.engine.impl.pvm.runtime.OutgoingExecution.take(OutgoingExecution.java:48)
	at org.activiti.engine.impl.persistence.entity.ExecutionEntity.takeAll(ExecutionEntity.java:589)
	at org.activiti.engine.impl.bpmn.behavior.ParallelGatewayActivityBehavior.execute(ParallelGatewayActivityBehavior.java:78)
	at org.activiti.engine.impl.pvm.runtime.AtomicOperationActivityExecute.execute(AtomicOperationActivityExecute.java:60)
	at org.activiti.engine.impl.interceptor.CommandContext.performOperation(CommandContext.java:97)
	at org.activiti.engine.impl.persistence.entity.ExecutionEntity.performOperationSync(ExecutionEntity.java:636)
	at org.activiti.engine.impl.persistence.entity.ExecutionEntity.performOperation(ExecutionEntity.java:629)
	at org.activiti.engine.impl.pvm.runtime.AtomicOperationTransitionNotifyListenerStart.eventNotificationsCompleted(AtomicOperationTransitionNotifyListenerStart.java:52)
	at org.activiti.engine.impl.pvm.runtime.AbstractEventAtomicOperation.execute(AbstractEventAtomicOperation.java:56)
	at org.activiti.engine.impl.interceptor.CommandContext.performOperation(CommandContext.java:97)
	at org.activiti.engine.impl.persistence.entity.ExecutionEntity.performOperationSync(ExecutionEntity.java:636)
	at org.activiti.engine.impl.persistence.entity.ExecutionEntity.performOperation(ExecutionEntity.java:629)
	at org.activiti.engine.impl.pvm.runtime.AbstractEventAtomicOperation.execute(AbstractEventAtomicOperation.java:49)
	at org.activiti.engine.impl.interceptor.CommandContext.performOperation(CommandContext.java:97)
	at org.activiti.engine.impl.persistence.entity.ExecutionEntity.performOperationSync(ExecutionEntity.java:636)
	at org.activiti.engine.impl.persistence.entity.ExecutionEntity.performOperation(ExecutionEntity.java:629)
	at org.activiti.engine.impl.pvm.runtime.AtomicOperationTransitionCreateScope.execute(AtomicOperationTransitionCreateScope.java:49)
	at org.activiti.engine.impl.interceptor.CommandContext.performOperation(CommandContext.java:97)
	at org.activiti.engine.impl.persistence.entity.ExecutionEntity.performOperationSync(ExecutionEntity.java:636)
	at org.activiti.engine.impl.persistence.entity.ExecutionEntity.performOperation(ExecutionEntity.java:629)
	at org.activiti.engine.impl.pvm.runtime.AtomicOperationTransitionNotifyListenerTake.execute(AtomicOperationTransitionNotifyListenerTake.java:80)
	at org.activiti.engine.impl.interceptor.CommandContext.performOperation(CommandContext.java:97)
	at org.activiti.engine.impl.persistence.entity.ExecutionEntity.performOperationSync(ExecutionEntity.java:636)
	at org.activiti.engine.impl.persistence.entity.ExecutionEntity.performOperation(ExecutionEntity.java:629)
	at org.activiti.engine.impl.pvm.runtime.AtomicOperationTransitionDestroyScope.execute(AtomicOperationTransitionDestroyScope.java:116)
	at org.activiti.engine.impl.interceptor.CommandContext.performOperation(CommandContext.java:97)
	at org.activiti.engine.impl.persistence.entity.ExecutionEntity.performOperationSync(ExecutionEntity.java:636)
	at org.activiti.engine.impl.persistence.entity.ExecutionEntity.performOperation(ExecutionEntity.java:629)
	at org.activiti.engine.impl.pvm.runtime.AtomicOperationTransitionNotifyListenerEnd.eventNotificationsCompleted(AtomicOperationTransitionNotifyListenerEnd.java:35)
	at org.activiti.engine.impl.pvm.runtime.AbstractEventAtomicOperation.execute(AbstractEventAtomicOperation.java:56)
	at org.activiti.engine.impl.interceptor.CommandContext.performOperation(CommandContext.java:97)
	at org.activiti.engine.impl.persistence.entity.ExecutionEntity.performOperationSync(ExecutionEntity.java:636)
	at org.activiti.engine.impl.persistence.entity.ExecutionEntity.performOperation(ExecutionEntity.java:629)
	at org.activiti.engine.impl.pvm.runtime.AbstractEventAtomicOperation.execute(AbstractEventAtomicOperation.java:49)
	at org.activiti.engine.impl.interceptor.CommandContext.performOperation(CommandContext.java:97)
	at org.activiti.engine.impl.persistence.entity.ExecutionEntity.performOperationSync(ExecutionEntity.java:636)
	at org.activiti.engine.impl.persistence.entity.ExecutionEntity.performOperation(ExecutionEntity.java:629)
	at org.activiti.engine.impl.persistence.entity.ExecutionEntity.take(ExecutionEntity.java:453)
	at org.activiti.engine.impl.persistence.entity.ExecutionEntity.take(ExecutionEntity.java:431)
	at org.activiti.engine.impl.bpmn.behavior.BpmnActivityBehavior.performOutgoingBehavior(BpmnActivityBehavior.java:140)
	at org.activiti.engine.impl.bpmn.behavior.BpmnActivityBehavior.performDefaultOutgoingBehavior(BpmnActivityBehavior.java:66)
	at org.activiti.engine.impl.bpmn.behavior.FlowNodeActivityBehavior.leave(FlowNodeActivityBehavior.java:44)
	at org.activiti.engine.impl.bpmn.behavior.FlowNodeActivityBehavior.execute(FlowNodeActivityBehavior.java:36)
	at org.activiti.engine.impl.pvm.runtime.AtomicOperationActivityExecute.execute(AtomicOperationActivityExecute.java:60)
	at org.activiti.engine.impl.interceptor.CommandContext.performOperation(CommandContext.java:97)
	at org.activiti.engine.impl.persistence.entity.ExecutionEntity.performOperationSync(ExecutionEntity.java:636)
	at org.activiti.engine.impl.persistence.entity.ExecutionEntity.performOperation(ExecutionEntity.java:629)
	at org.activiti.engine.impl.pvm.runtime.AtomicOperationProcessStartInitial.eventNotificationsCompleted(AtomicOperationProcessStartInitial.java:45)
	at org.activiti.engine.impl.pvm.runtime.AbstractEventAtomicOperation.execute(AbstractEventAtomicOperation.java:56)
	at org.activiti.engine.impl.interceptor.CommandContext.performOperation(CommandContext.java:97)
	at org.activiti.engine.impl.persistence.entity.ExecutionEntity.performOperationSync(ExecutionEntity.java:636)
	at org.activiti.engine.impl.persistence.entity.ExecutionEntity.performOperation(ExecutionEntity.java:629)
	at org.activiti.engine.impl.pvm.runtime.AtomicOperationProcessStart.eventNotificationsCompleted(AtomicOperationProcessStart.java:64)
	at org.activiti.engine.impl.pvm.runtime.AbstractEventAtomicOperation.execute(AbstractEventAtomicOperation.java:56)
	at org.activiti.engine.impl.interceptor.CommandContext.performOperation(CommandContext.java:97)
	at org.activiti.engine.impl.persistence.entity.ExecutionEntity.performOperationSync(ExecutionEntity.java:636)
	at org.activiti.engine.impl.persistence.entity.ExecutionEntity.performOperation(ExecutionEntity.java:629)
	at org.activiti.engine.impl.persistence.entity.ExecutionEntity.start(ExecutionEntity.java:381)
	at org.activiti.engine.impl.cmd.StartProcessInstanceCmd.execute(StartProcessInstanceCmd.java:110)
	at org.activiti.engine.impl.cmd.StartProcessInstanceCmd.execute(StartProcessInstanceCmd.java:37)
	at org.activiti.engine.impl.interceptor.CommandInvoker.execute(CommandInvoker.java:24)
	at org.activiti.engine.impl.interceptor.CommandContextInterceptor.execute(CommandContextInterceptor.java:57)
	at org.activiti.engine.impl.interceptor.LogInterceptor.execute(LogInterceptor.java:37)
	at org.activiti.engine.impl.cfg.CommandExecutorImpl.execute(CommandExecutorImpl.java:40)
	at org.activiti.engine.impl.cfg.CommandExecutorImpl.execute(CommandExecutorImpl.java:35)
	at org.activiti.engine.impl.RuntimeServiceImpl.startProcessInstanceByKey(RuntimeServiceImpl.java:69)
	at org.activiti.engine.test.db.ProcessInstanceMigrationTest.testSetProcessDefinitionVersionPIIsSubExecution(ProcessInstanceMigrationTest.java:92)
	at sun.reflect.NativeMethodAccessorImpl.invoke0(Native Method)
	at sun.reflect.NativeMethodAccessorImpl.invoke(NativeMethodAccessorImpl.java:62)
	at sun.reflect.DelegatingMethodAccessorImpl.invoke(DelegatingMethodAccessorImpl.java:43)
	at java.lang.reflect.Method.invoke(Method.java:498)
	at junit.framework.TestCase.runTest(TestCase.java:176)
	at org.activiti.engine.impl.test.PvmTestCase.runTest(PvmTestCase.java:65)
	at junit.framework.TestCase.runBare(TestCase.java:141)
	at org.activiti.engine.impl.test.AbstractActivitiTestCase.runBare(AbstractActivitiTestCase.java:100)
	at junit.framework.TestResult$1.protect(TestResult.java:122)
	at junit.framework.TestResult.runProtected(TestResult.java:142)
	at junit.framework.TestResult.run(TestResult.java:125)
	at junit.framework.TestCase.run(TestCase.java:129)
	at junit.framework.TestSuite.runTest(TestSuite.java:255)
	at junit.framework.TestSuite.run(TestSuite.java:250)
	at org.junit.internal.runners.JUnit38ClassRunner.run(JUnit38ClassRunner.java:84)
	at org.apache.maven.surefire.junit4.JUnit4TestSet.execute(JUnit4TestSet.java:35)
	at org.apache.maven.surefire.junit4.JUnit4Provider.executeTestSet(JUnit4Provider.java:146)
	at org.apache.maven.surefire.junit4.JUnit4Provider.invoke(JUnit4Provider.java:97)
	at sun.reflect.NativeMethodAccessorImpl.invoke0(Native Method)
	at sun.reflect.NativeMethodAccessorImpl.invoke(NativeMethodAccessorImpl.java:62)
	at sun.reflect.DelegatingMethodAccessorImpl.invoke(DelegatingMethodAccessorImpl.java:43)
	at java.lang.reflect.Method.invoke(Method.java:498)
	at org.apache.maven.surefire.booter.ProviderFactory$ClassLoaderProxy.invoke(ProviderFactory.java:103)
	at com.sun.proxy.$Proxy0.invoke(Unknown Source)
	at org.apache.maven.surefire.booter.SurefireStarter.invokeProvider(SurefireStarter.java:145)
	at org.apache.maven.surefire.booter.SurefireStarter.runSuitesInProcess(SurefireStarter.java:87)
	at org.apache.maven.surefire.booter.ForkedBooter.main(ForkedBooter.java:69)
Caused by: org.h2.jdbc.JdbcSQLException: Syntax error in SQL statement &quot;SELECT RES.* 
     
    FROM ACT_HI_ACTINST RES
     WHERE  RES.EXECUTION_ID_ = ?
      
      
      
        AND RES.ACT_ID_ = ?
      
      
      
      
      
      
      
      
        AND RES.END_TIME_ IS NULL 
   
     ORDER BY  ORDER[*] BY RES.ID_ ASC  
    LIMIT ? OFFSET ? &quot;; expected &quot;=, NOT, EXISTS, INTERSECTS, SELECT, FROM&quot;; SQL statement:
select RES.* 
     
    from ACT_HI_ACTINST RES
     WHERE  RES.EXECUTION_ID_ = ?
      
      
      
        and RES.ACT_ID_ = ?
      
      
      
      
      
      
      
      
        and RES.END_TIME_ is null 
   
     order by  order by RES.ID_ asc  
    LIMIT ? OFFSET ? [42001-176]
	at org.h2.message.DbException.getJdbcSQLException(DbException.java:344)
	at org.h2.message.DbException.getSyntaxError(DbException.java:204)
	at org.h2.command.Parser.getSyntaxError(Parser.java:524)
	at org.h2.command.Parser.readTerm(Parser.java:2688)
	at org.h2.command.Parser.readFactor(Parser.java:2244)
	at org.h2.command.Parser.readSum(Parser.java:2231)
	at org.h2.command.Parser.readConcat(Parser.java:2201)
	at org.h2.command.Parser.readCondition(Parser.java:2051)
	at org.h2.command.Parser.readAnd(Parser.java:2023)
	at org.h2.command.Parser.readExpression(Parser.java:2015)
	at org.h2.command.Parser.parseEndOfQuery(Parser.java:1726)
	at org.h2.command.Parser.parseSelectUnionExtension(Parser.java:1706)
	at org.h2.command.Parser.parseSelectUnion(Parser.java:1675)
	at org.h2.command.Parser.parseSelect(Parser.java:1662)
	at org.h2.command.Parser.parsePrepared(Parser.java:434)
	at org.h2.command.Parser.parse(Parser.java:306)
	at org.h2.command.Parser.parse(Parser.java:282)
	at org.h2.command.Parser.prepareCommand(Parser.java:243)
	at org.h2.engine.Session.prepareLocal(Session.java:442)
	at org.h2.engine.Session.prepareCommand(Session.java:384)
	at org.h2.jdbc.JdbcConnection.prepareCommand(JdbcConnection.java:1188)
	at org.h2.jdbc.JdbcPreparedStatement.&lt;init&gt;(JdbcPreparedStatement.java:73)
	at org.h2.jdbc.JdbcConnection.prepareStatement(JdbcConnection.java:276)
	at sun.reflect.GeneratedMethodAccessor6.invoke(Unknown Source)
	at sun.reflect.DelegatingMethodAccessorImpl.invoke(DelegatingMethodAccessorImpl.java:43)
	at java.lang.reflect.Method.invoke(Method.java:498)
	at org.apache.ibatis.datasource.pooled.PooledConnection.invoke(PooledConnection.java:245)
	at com.sun.proxy.$Proxy12.prepareStatement(Unknown Source)
	at sun.reflect.GeneratedMethodAccessor6.invoke(Unknown Source)
	at sun.reflect.DelegatingMethodAccessorImpl.invoke(DelegatingMethodAccessorImpl.java:43)
	at java.lang.reflect.Method.invoke(Method.java:498)
	at org.apache.ibatis.logging.jdbc.ConnectionLogger.invoke(ConnectionLogger.java:55)
	at com.sun.proxy.$Proxy12.prepareStatement(Unknown Source)
	at org.apache.ibatis.executor.statement.PreparedStatementHandler.instantiateStatement(PreparedStatementHandler.java:79)
	at org.apache.ibatis.executor.statement.BaseStatementHandler.prepare(BaseStatementHandler.java:88)
	at org.apache.ibatis.executor.statement.RoutingStatementHandler.prepare(RoutingStatementHandler.java:58)
	at org.apache.ibatis.executor.SimpleExecutor.prepareStatement(SimpleExecutor.java:76)
	at org.apache.ibatis.executor.SimpleExecutor.doQuery(SimpleExecutor.java:61)
	at org.apache.ibatis.executor.BaseExecutor.queryFromDatabase(BaseExecutor.java:303)
	at org.apache.ibatis.executor.BaseExecutor.query(BaseExecutor.java:154)
	at org.apache.ibatis.executor.CachingExecutor.query(CachingExecutor.java:102)
	at org.apache.ibatis.executor.CachingExecutor.query(CachingExecutor.java:82)
	at org.apache.ibatis.session.defaults.DefaultSqlSession.selectList(DefaultSqlSession.java:120)
	... 109 more
10:47:16,830 [main] DEBUG org.activiti.engine.impl.test.TestHelper  - annotation @Deployment deletes deployment for ProcessInstanceMigrationTest.testSetProcessDefinitionVersionPIIsSubExecution
10:47:16,830 [main] DEBUG org.activiti.engine.impl.interceptor.LogInterceptor  - 

10:47:16,830 [main] DEBUG org.activiti.engine.impl.interceptor.LogInterceptor  - --- starting DeleteDeploymentCmd --------------------------------------------------------
10:47:16,830 [main] DEBUG org.apache.ibatis.transaction.jdbc.JdbcTransaction  - Opening JDBC Connection
10:47:16,830 [main] DEBUG org.apache.ibatis.datasource.pooled.PooledDataSource  - Checked out connection 363509958 from pool.
10:47:16,830 [main] DEBUG org.apache.ibatis.transaction.jdbc.JdbcTransaction  - Setting autocommit to false on JDBC Connection [conn2: url=jdbc:h2:mem:activiti user=SA]
10:47:16,830 [main] DEBUG org.activiti.engine.impl.persistence.entity.DeploymentEntity.selectDeploymentById  - ==&gt;  Preparing: select * from ACT_RE_DEPLOYMENT where ID_ = ? 
10:47:16,830 [main] DEBUG org.activiti.engine.impl.persistence.entity.DeploymentEntity.selectDeploymentById  - ==&gt; Parameters: 646(String)
10:47:16,830 [main] DEBUG org.activiti.engine.impl.persistence.entity.DeploymentEntity.selectDeploymentById  - &lt;==      Total: 1
10:47:16,830 [main] DEBUG org.activiti.engine.impl.persistence.entity.ProcessDefinitionEntity.selectProcessDefinitionsByQueryCriteria  - ==&gt;  Preparing: select RES.* from ACT_RE_PROCDEF RES WHERE RES.DEPLOYMENT_ID_ = ? order by order by RES.ID_ asc LIMIT ? OFFSET ? 
10:47:16,830 [main] DEBUG org.activiti.engine.impl.interceptor.CommandContext  - Error while closing command context
org.apache.ibatis.exceptions.PersistenceException: 
### Error querying database.  Cause: org.h2.jdbc.JdbcSQLException: Syntax error in SQL statement &quot;SELECT RES.* 
       
    FROM ACT_RE_PROCDEF RES
     
     WHERE  RES.DEPLOYMENT_ID_ = ? 
   
     ORDER BY  ORDER[*] BY RES.ID_ ASC  
    LIMIT ? OFFSET ? &quot;; expected &quot;=, NOT, EXISTS, INTERSECTS, SELECT, FROM&quot;; SQL statement:
select RES.* 
       
    from ACT_RE_PROCDEF RES
     
     WHERE  RES.DEPLOYMENT_ID_ = ? 
   
     order by  order by RES.ID_ asc  
    LIMIT ? OFFSET ? [42001-176]
### The error may exist in org/activiti/db/mapping/entity/ProcessDefinition.xml
### The error may involve org.activiti.engine.impl.persistence.entity.ProcessDefinitionEntity.selectProcessDefinitionsByQueryCriteria
### The error occurred while executing a query
### SQL: select RES.*              from ACT_RE_PROCDEF RES            WHERE  RES.DEPLOYMENT_ID_ = ?           order by  order by RES.ID_ asc       LIMIT ? OFFSET ?
### Cause: org.h2.jdbc.JdbcSQLException: Syntax error in SQL statement &quot;SELECT RES.* 
       
    FROM ACT_RE_PROCDEF RES
     
     WHERE  RES.DEPLOYMENT_ID_ = ? 
   
     ORDER BY  ORDER[*] BY RES.ID_ ASC  
    LIMIT ? OFFSET ? &quot;; expected &quot;=, NOT, EXISTS, INTERSECTS, SELECT, FROM&quot;; SQL statement:
select RES.* 
       
    from ACT_RE_PROCDEF RES
     
     WHERE  RES.DEPLOYMENT_ID_ = ? 
   
     order by  order by RES.ID_ asc  
    LIMIT ? OFFSET ? [42001-176]
	at org.apache.ibatis.exceptions.ExceptionFactory.wrapException(ExceptionFactory.java:30)
	at org.apache.ibatis.session.defaults.DefaultSqlSession.selectList(DefaultSqlSession.java:122)
	at org.apache.ibatis.session.defaults.DefaultSqlSession.selectList(DefaultSqlSession.java:113)
	at org.activiti.engine.impl.db.DbSqlSession.selectListWithRawParameter(DbSqlSession.java:438)
	at org.activiti.engine.impl.db.DbSqlSession.selectList(DbSqlSession.java:429)
	at org.activiti.engine.impl.db.DbSqlSession.selectList(DbSqlSession.java:419)
	at org.activiti.engine.impl.persistence.entity.ProcessDefinitionEntityManager.findProcessDefinitionsByQueryCriteria(ProcessDefinitionEntityManager.java:57)
	at org.activiti.engine.impl.ProcessDefinitionQueryImpl.executeList(ProcessDefinitionQueryImpl.java:307)
	at org.activiti.engine.impl.AbstractQuery.list(AbstractQuery.java:140)
	at org.activiti.engine.impl.persistence.deploy.DeploymentManager.removeDeployment(DeploymentManager.java:187)
	at org.activiti.engine.impl.cmd.DeleteDeploymentCmd.execute(DeleteDeploymentCmd.java:44)
	at org.activiti.engine.impl.cmd.DeleteDeploymentCmd.execute(DeleteDeploymentCmd.java:24)
	at org.activiti.engine.impl.interceptor.CommandInvoker.execute(CommandInvoker.java:24)
	at org.activiti.engine.impl.interceptor.CommandContextInterceptor.execute(CommandContextInterceptor.java:57)
	at org.activiti.engine.impl.interceptor.LogInterceptor.execute(LogInterceptor.java:37)
	at org.activiti.engine.impl.cfg.CommandExecutorImpl.execute(CommandExecutorImpl.java:40)
	at org.activiti.engine.impl.cfg.CommandExecutorImpl.execute(CommandExecutorImpl.java:35)
	at org.activiti.engine.impl.RepositoryServiceImpl.deleteDeployment(RepositoryServiceImpl.java:90)
	at org.activiti.engine.impl.test.TestHelper.annotationDeploymentTearDown(TestHelper.java:116)
	at org.activiti.engine.impl.test.AbstractActivitiTestCase.runBare(AbstractActivitiTestCase.java:116)
	at junit.framework.TestResult$1.protect(TestResult.java:122)
	at junit.framework.TestResult.runProtected(TestResult.java:142)
	at junit.framework.TestResult.run(TestResult.java:125)
	at junit.framework.TestCase.run(TestCase.java:129)
	at junit.framework.TestSuite.runTest(TestSuite.java:255)
	at junit.framework.TestSuite.run(TestSuite.java:250)
	at org.junit.internal.runners.JUnit38ClassRunner.run(JUnit38ClassRunner.java:84)
	at org.apache.maven.surefire.junit4.JUnit4TestSet.execute(JUnit4TestSet.java:35)
	at org.apache.maven.surefire.junit4.JUnit4Provider.executeTestSet(JUnit4Provider.java:146)
	at org.apache.maven.surefire.junit4.JUnit4Provider.invoke(JUnit4Provider.java:97)
	at sun.reflect.NativeMethodAccessorImpl.invoke0(Native Method)
	at sun.reflect.NativeMethodAccessorImpl.invoke(NativeMethodAccessorImpl.java:62)
	at sun.reflect.DelegatingMethodAccessorImpl.invoke(DelegatingMethodAccessorImpl.java:43)
	at java.lang.reflect.Method.invoke(Method.java:498)
	at org.apache.maven.surefire.booter.ProviderFactory$ClassLoaderProxy.invoke(ProviderFactory.java:103)
	at com.sun.proxy.$Proxy0.invoke(Unknown Source)
	at org.apache.maven.surefire.booter.SurefireStarter.invokeProvider(SurefireStarter.java:145)
	at org.apache.maven.surefire.booter.SurefireStarter.runSuitesInProcess(SurefireStarter.java:87)
	at org.apache.maven.surefire.booter.ForkedBooter.main(ForkedBooter.java:69)
Caused by: org.h2.jdbc.JdbcSQLException: Syntax error in SQL statement &quot;SELECT RES.* 
       
    FROM ACT_RE_PROCDEF RES
     
     WHERE  RES.DEPLOYMENT_ID_ = ? 
   
     ORDER BY  ORDER[*] BY RES.ID_ ASC  
    LIMIT ? OFFSET ? &quot;; expected &quot;=, NOT, EXISTS, INTERSECTS, SELECT, FROM&quot;; SQL statement:
select RES.* 
       
    from ACT_RE_PROCDEF RES
     
     WHERE  RES.DEPLOYMENT_ID_ = ? 
   
     order by  order by RES.ID_ asc  
    LIMIT ? OFFSET ? [42001-176]
	at org.h2.message.DbException.getJdbcSQLException(DbException.java:344)
	at org.h2.message.DbException.getSyntaxError(DbException.java:204)
	at org.h2.command.Parser.getSyntaxError(Parser.java:524)
	at org.h2.command.Parser.readTerm(Parser.java:2688)
	at org.h2.command.Parser.readFactor(Parser.java:2244)
	at org.h2.command.Parser.readSum(Parser.java:2231)
	at org.h2.command.Parser.readConcat(Parser.java:2201)
	at org.h2.command.Parser.readCondition(Parser.java:2051)
	at org.h2.command.Parser.readAnd(Parser.java:2023)
	at org.h2.command.Parser.readExpression(Parser.java:2015)
	at org.h2.command.Parser.parseEndOfQuery(Parser.java:1726)
	at org.h2.command.Parser.parseSelectUnionExtension(Parser.java:1706)
	at org.h2.command.Parser.parseSelectUnion(Parser.java:1675)
	at org.h2.command.Parser.parseSelect(Parser.java:1662)
	at org.h2.command.Parser.parsePrepared(Parser.java:434)
	at org.h2.command.Parser.parse(Parser.java:306)
	at org.h2.command.Parser.parse(Parser.java:282)
	at org.h2.command.Parser.prepareCommand(Parser.java:243)
	at org.h2.engine.Session.prepareLocal(Session.java:442)
	at org.h2.engine.Session.prepareCommand(Session.java:384)
	at org.h2.jdbc.JdbcConnection.prepareCommand(JdbcConnection.java:1188)
	at org.h2.jdbc.JdbcPreparedStatement.&lt;init&gt;(JdbcPreparedStatement.java:73)
	at org.h2.jdbc.JdbcConnection.prepareStatement(JdbcConnection.java:276)
	at sun.reflect.GeneratedMethodAccessor6.invoke(Unknown Source)
	at sun.reflect.DelegatingMethodAccessorImpl.invoke(DelegatingMethodAccessorImpl.java:43)
	at java.lang.reflect.Method.invoke(Method.java:498)
	at org.apache.ibatis.datasource.pooled.PooledConnection.invoke(PooledConnection.java:245)
	at com.sun.proxy.$Proxy12.prepareStatement(Unknown Source)
	at sun.reflect.GeneratedMethodAccessor6.invoke(Unknown Source)
	at sun.reflect.DelegatingMethodAccessorImpl.invoke(DelegatingMethodAccessorImpl.java:43)
	at java.lang.reflect.Method.invoke(Method.java:498)
	at org.apache.ibatis.logging.jdbc.ConnectionLogger.invoke(ConnectionLogger.java:55)
	at com.sun.proxy.$Proxy12.prepareStatement(Unknown Source)
	at org.apache.ibatis.executor.statement.PreparedStatementHandler.instantiateStatement(PreparedStatementHandler.java:79)
	at org.apache.ibatis.executor.statement.BaseStatementHandler.prepare(BaseStatementHandler.java:88)
	at org.apache.ibatis.executor.statement.RoutingStatementHandler.prepare(RoutingStatementHandler.java:58)
	at org.apache.ibatis.executor.SimpleExecutor.prepareStatement(SimpleExecutor.java:76)
	at org.apache.ibatis.executor.SimpleExecutor.doQuery(SimpleExecutor.java:61)
	at org.apache.ibatis.executor.BaseExecutor.queryFromDatabase(BaseExecutor.java:303)
	at org.apache.ibatis.executor.BaseExecutor.query(BaseExecutor.java:154)
	at org.apache.ibatis.executor.CachingExecutor.query(CachingExecutor.java:102)
	at org.apache.ibatis.executor.CachingExecutor.query(CachingExecutor.java:82)
	at org.apache.ibatis.session.defaults.DefaultSqlSession.selectList(DefaultSqlSession.java:120)
	... 37 more
10:47:16,830 [main] DEBUG org.activiti.engine.impl.cfg.standalone.StandaloneMybatisTransactionContext  - firing event rolling back...
10:47:16,830 [main] DEBUG org.activiti.engine.impl.cfg.standalone.StandaloneMybatisTransactionContext  - rolling back ibatis sql session...
10:47:16,830 [main] DEBUG org.activiti.engine.impl.cfg.standalone.StandaloneMybatisTransactionContext  - firing event rolled back...
10:47:16,830 [main] DEBUG org.apache.ibatis.transaction.jdbc.JdbcTransaction  - Resetting autocommit to true on JDBC Connection [conn2: url=jdbc:h2:mem:activiti user=SA]
10:47:16,830 [main] DEBUG org.apache.ibatis.transaction.jdbc.JdbcTransaction  - Closing JDBC Connection [conn2: url=jdbc:h2:mem:activiti user=SA]
10:47:16,830 [main] DEBUG org.apache.ibatis.datasource.pooled.PooledDataSource  - Returned connection 363509958 to pool.
10:47:16,830 [main] DEBUG org.activiti.engine.impl.interceptor.LogInterceptor  - --- DeleteDeploymentCmd finished --------------------------------------------------------
10:47:16,830 [main] DEBUG org.activiti.engine.impl.interceptor.LogInterceptor  - 

</system-out>
  </testcase>
  <testcase classname="org.activiti.engine.test.db.ProcessInstanceMigrationTest" name="testSetProcessDefinitionVersionWithWithTask" time="0.03">
    <error message="
### Error querying database.  Cause: org.h2.jdbc.JdbcSQLException: Syntax error in SQL statement &quot;SELECT RES.* 
       
    FROM ACT_RE_PROCDEF RES
     
     WHERE  RES.DEPLOYMENT_ID_ = ? 
   
     ORDER BY  ORDER[*] BY RES.ID_ ASC  
    LIMIT ? OFFSET ? &quot;; expected &quot;=, NOT, EXISTS, INTERSECTS, SELECT, FROM&quot;; SQL statement:
select RES.* 
       
    from ACT_RE_PROCDEF RES
     
     WHERE  RES.DEPLOYMENT_ID_ = ? 
   
     order by  order by RES.ID_ asc  
    LIMIT ? OFFSET ? [42001-176]
### The error may exist in org/activiti/db/mapping/entity/ProcessDefinition.xml
### The error may involve org.activiti.engine.impl.persistence.entity.ProcessDefinitionEntity.selectProcessDefinitionsByQueryCriteria
### The error occurred while executing a query
### SQL: select RES.*              from ACT_RE_PROCDEF RES            WHERE  RES.DEPLOYMENT_ID_ = ?           order by  order by RES.ID_ asc       LIMIT ? OFFSET ?
### Cause: org.h2.jdbc.JdbcSQLException: Syntax error in SQL statement &quot;SELECT RES.* 
       
    FROM ACT_RE_PROCDEF RES
     
     WHERE  RES.DEPLOYMENT_ID_ = ? 
   
     ORDER BY  ORDER[*] BY RES.ID_ ASC  
    LIMIT ? OFFSET ? &quot;; expected &quot;=, NOT, EXISTS, INTERSECTS, SELECT, FROM&quot;; SQL statement:
select RES.* 
       
    from ACT_RE_PROCDEF RES
     
     WHERE  RES.DEPLOYMENT_ID_ = ? 
   
     order by  order by RES.ID_ asc  
    LIMIT ? OFFSET ? [42001-176]" type="org.apache.ibatis.exceptions.PersistenceException">org.apache.ibatis.exceptions.PersistenceException: 
### Error querying database.  Cause: org.h2.jdbc.JdbcSQLException: Syntax error in SQL statement &quot;SELECT RES.* 
       
    FROM ACT_RE_PROCDEF RES
     
     WHERE  RES.DEPLOYMENT_ID_ = ? 
   
     ORDER BY  ORDER[*] BY RES.ID_ ASC  
    LIMIT ? OFFSET ? &quot;; expected &quot;=, NOT, EXISTS, INTERSECTS, SELECT, FROM&quot;; SQL statement:
select RES.* 
       
    from ACT_RE_PROCDEF RES
     
     WHERE  RES.DEPLOYMENT_ID_ = ? 
   
     order by  order by RES.ID_ asc  
    LIMIT ? OFFSET ? [42001-176]
### The error may exist in org/activiti/db/mapping/entity/ProcessDefinition.xml
### The error may involve org.activiti.engine.impl.persistence.entity.ProcessDefinitionEntity.selectProcessDefinitionsByQueryCriteria
### The error occurred while executing a query
### SQL: select RES.*              from ACT_RE_PROCDEF RES            WHERE  RES.DEPLOYMENT_ID_ = ?           order by  order by RES.ID_ asc       LIMIT ? OFFSET ?
### Cause: org.h2.jdbc.JdbcSQLException: Syntax error in SQL statement &quot;SELECT RES.* 
       
    FROM ACT_RE_PROCDEF RES
     
     WHERE  RES.DEPLOYMENT_ID_ = ? 
   
     ORDER BY  ORDER[*] BY RES.ID_ ASC  
    LIMIT ? OFFSET ? &quot;; expected &quot;=, NOT, EXISTS, INTERSECTS, SELECT, FROM&quot;; SQL statement:
select RES.* 
       
    from ACT_RE_PROCDEF RES
     
     WHERE  RES.DEPLOYMENT_ID_ = ? 
   
     order by  order by RES.ID_ asc  
    LIMIT ? OFFSET ? [42001-176]
	at org.apache.ibatis.exceptions.ExceptionFactory.wrapException(ExceptionFactory.java:30)
	at org.apache.ibatis.session.defaults.DefaultSqlSession.selectList(DefaultSqlSession.java:122)
	at org.apache.ibatis.session.defaults.DefaultSqlSession.selectList(DefaultSqlSession.java:113)
	at org.activiti.engine.impl.db.DbSqlSession.selectListWithRawParameter(DbSqlSession.java:438)
	at org.activiti.engine.impl.db.DbSqlSession.selectList(DbSqlSession.java:429)
	at org.activiti.engine.impl.db.DbSqlSession.selectList(DbSqlSession.java:419)
	at org.activiti.engine.impl.persistence.entity.ProcessDefinitionEntityManager.findProcessDefinitionsByQueryCriteria(ProcessDefinitionEntityManager.java:57)
	at org.activiti.engine.impl.ProcessDefinitionQueryImpl.executeList(ProcessDefinitionQueryImpl.java:307)
	at org.activiti.engine.impl.AbstractQuery.list(AbstractQuery.java:140)
	at org.activiti.engine.impl.persistence.deploy.DeploymentManager.removeDeployment(DeploymentManager.java:187)
	at org.activiti.engine.impl.cmd.DeleteDeploymentCmd.execute(DeleteDeploymentCmd.java:44)
	at org.activiti.engine.impl.cmd.DeleteDeploymentCmd.execute(DeleteDeploymentCmd.java:24)
	at org.activiti.engine.impl.interceptor.CommandInvoker.execute(CommandInvoker.java:24)
	at org.activiti.engine.impl.interceptor.CommandContextInterceptor.execute(CommandContextInterceptor.java:57)
	at org.activiti.engine.impl.interceptor.LogInterceptor.execute(LogInterceptor.java:37)
	at org.activiti.engine.impl.cfg.CommandExecutorImpl.execute(CommandExecutorImpl.java:40)
	at org.activiti.engine.impl.cfg.CommandExecutorImpl.execute(CommandExecutorImpl.java:35)
	at org.activiti.engine.impl.RepositoryServiceImpl.deleteDeployment(RepositoryServiceImpl.java:90)
	at org.activiti.engine.impl.test.TestHelper.annotationDeploymentTearDown(TestHelper.java:116)
	at org.activiti.engine.impl.test.AbstractActivitiTestCase.runBare(AbstractActivitiTestCase.java:116)
	at junit.framework.TestResult$1.protect(TestResult.java:122)
	at junit.framework.TestResult.runProtected(TestResult.java:142)
	at junit.framework.TestResult.run(TestResult.java:125)
	at junit.framework.TestCase.run(TestCase.java:129)
	at junit.framework.TestSuite.runTest(TestSuite.java:255)
	at junit.framework.TestSuite.run(TestSuite.java:250)
	at org.junit.internal.runners.JUnit38ClassRunner.run(JUnit38ClassRunner.java:84)
	at org.apache.maven.surefire.junit4.JUnit4TestSet.execute(JUnit4TestSet.java:35)
	at org.apache.maven.surefire.junit4.JUnit4Provider.executeTestSet(JUnit4Provider.java:146)
	at org.apache.maven.surefire.junit4.JUnit4Provider.invoke(JUnit4Provider.java:97)
	at sun.reflect.NativeMethodAccessorImpl.invoke0(Native Method)
	at sun.reflect.NativeMethodAccessorImpl.invoke(NativeMethodAccessorImpl.java:62)
	at sun.reflect.DelegatingMethodAccessorImpl.invoke(DelegatingMethodAccessorImpl.java:43)
	at java.lang.reflect.Method.invoke(Method.java:498)
	at org.apache.maven.surefire.booter.ProviderFactory$ClassLoaderProxy.invoke(ProviderFactory.java:103)
	at com.sun.proxy.$Proxy0.invoke(Unknown Source)
	at org.apache.maven.surefire.booter.SurefireStarter.invokeProvider(SurefireStarter.java:145)
	at org.apache.maven.surefire.booter.SurefireStarter.runSuitesInProcess(SurefireStarter.java:87)
	at org.apache.maven.surefire.booter.ForkedBooter.main(ForkedBooter.java:69)
Caused by: org.h2.jdbc.JdbcSQLException: Syntax error in SQL statement &quot;SELECT RES.* 
       
    FROM ACT_RE_PROCDEF RES
     
     WHERE  RES.DEPLOYMENT_ID_ = ? 
   
     ORDER BY  ORDER[*] BY RES.ID_ ASC  
    LIMIT ? OFFSET ? &quot;; expected &quot;=, NOT, EXISTS, INTERSECTS, SELECT, FROM&quot;; SQL statement:
select RES.* 
       
    from ACT_RE_PROCDEF RES
     
     WHERE  RES.DEPLOYMENT_ID_ = ? 
   
     order by  order by RES.ID_ asc  
    LIMIT ? OFFSET ? [42001-176]
	at org.h2.message.DbException.getJdbcSQLException(DbException.java:344)
	at org.h2.message.DbException.getSyntaxError(DbException.java:204)
	at org.h2.command.Parser.getSyntaxError(Parser.java:524)
	at org.h2.command.Parser.readTerm(Parser.java:2688)
	at org.h2.command.Parser.readFactor(Parser.java:2244)
	at org.h2.command.Parser.readSum(Parser.java:2231)
	at org.h2.command.Parser.readConcat(Parser.java:2201)
	at org.h2.command.Parser.readCondition(Parser.java:2051)
	at org.h2.command.Parser.readAnd(Parser.java:2023)
	at org.h2.command.Parser.readExpression(Parser.java:2015)
	at org.h2.command.Parser.parseEndOfQuery(Parser.java:1726)
	at org.h2.command.Parser.parseSelectUnionExtension(Parser.java:1706)
	at org.h2.command.Parser.parseSelectUnion(Parser.java:1675)
	at org.h2.command.Parser.parseSelect(Parser.java:1662)
	at org.h2.command.Parser.parsePrepared(Parser.java:434)
	at org.h2.command.Parser.parse(Parser.java:306)
	at org.h2.command.Parser.parse(Parser.java:282)
	at org.h2.command.Parser.prepareCommand(Parser.java:243)
	at org.h2.engine.Session.prepareLocal(Session.java:442)
	at org.h2.engine.Session.prepareCommand(Session.java:384)
	at org.h2.jdbc.JdbcConnection.prepareCommand(JdbcConnection.java:1188)
	at org.h2.jdbc.JdbcPreparedStatement.&lt;init&gt;(JdbcPreparedStatement.java:73)
	at org.h2.jdbc.JdbcConnection.prepareStatement(JdbcConnection.java:276)
	at sun.reflect.GeneratedMethodAccessor6.invoke(Unknown Source)
	at sun.reflect.DelegatingMethodAccessorImpl.invoke(DelegatingMethodAccessorImpl.java:43)
	at java.lang.reflect.Method.invoke(Method.java:498)
	at org.apache.ibatis.datasource.pooled.PooledConnection.invoke(PooledConnection.java:245)
	at com.sun.proxy.$Proxy12.prepareStatement(Unknown Source)
	at sun.reflect.GeneratedMethodAccessor6.invoke(Unknown Source)
	at sun.reflect.DelegatingMethodAccessorImpl.invoke(DelegatingMethodAccessorImpl.java:43)
	at java.lang.reflect.Method.invoke(Method.java:498)
	at org.apache.ibatis.logging.jdbc.ConnectionLogger.invoke(ConnectionLogger.java:55)
	at com.sun.proxy.$Proxy12.prepareStatement(Unknown Source)
	at org.apache.ibatis.executor.statement.PreparedStatementHandler.instantiateStatement(PreparedStatementHandler.java:79)
	at org.apache.ibatis.executor.statement.BaseStatementHandler.prepare(BaseStatementHandler.java:88)
	at org.apache.ibatis.executor.statement.RoutingStatementHandler.prepare(RoutingStatementHandler.java:58)
	at org.apache.ibatis.executor.SimpleExecutor.prepareStatement(SimpleExecutor.java:76)
	at org.apache.ibatis.executor.SimpleExecutor.doQuery(SimpleExecutor.java:61)
	at org.apache.ibatis.executor.BaseExecutor.queryFromDatabase(BaseExecutor.java:303)
	at org.apache.ibatis.executor.BaseExecutor.query(BaseExecutor.java:154)
	at org.apache.ibatis.executor.CachingExecutor.query(CachingExecutor.java:102)
	at org.apache.ibatis.executor.CachingExecutor.query(CachingExecutor.java:82)
	at org.apache.ibatis.session.defaults.DefaultSqlSession.selectList(DefaultSqlSession.java:120)
	... 37 more
</error>
    <system-out>10:47:16,831 [main] DEBUG org.activiti.engine.impl.test.TestHelper  - annotation @Deployment creates deployment for ProcessInstanceMigrationTest.testSetProcessDefinitionVersionWithWithTask
10:47:16,832 [main] DEBUG org.activiti.engine.impl.interceptor.LogInterceptor  - 

10:47:16,832 [main] DEBUG org.activiti.engine.impl.interceptor.LogInterceptor  - --- starting DeployCmd --------------------------------------------------------
10:47:16,832 [main] DEBUG org.activiti.engine.impl.bpmn.deployer.BpmnDeployer  - Processing deployment ProcessInstanceMigrationTest.testSetProcessDefinitionVersionWithWithTask
10:47:16,832 [main] INFO  org.activiti.engine.impl.bpmn.deployer.BpmnDeployer  - Processing resource org/activiti/engine/test/db/ProcessInstanceMigrationTest.testSetProcessDefinitionVersionWithTask.bpmn20.xml
10:47:16,837 [main] DEBUG org.activiti.engine.impl.bpmn.parser.handler.ProcessParseHandler  - Parsing process userTask
10:47:16,837 [main] DEBUG org.activiti.engine.impl.bpmn.parser.handler.AbstractBpmnParseHandler  - Parsing activity waitState1
10:47:16,837 [main] DEBUG org.activiti.engine.impl.bpmn.parser.handler.AbstractBpmnParseHandler  - Parsing activity theStart
10:47:16,837 [main] DEBUG org.activiti.engine.impl.bpmn.parser.handler.AbstractBpmnParseHandler  - Parsing activity theEnd
10:47:16,837 [main] DEBUG org.apache.ibatis.transaction.jdbc.JdbcTransaction  - Opening JDBC Connection
10:47:16,837 [main] DEBUG org.apache.ibatis.datasource.pooled.PooledDataSource  - Checked out connection 180014677 from pool.
10:47:16,837 [main] DEBUG org.apache.ibatis.transaction.jdbc.JdbcTransaction  - Setting autocommit to false on JDBC Connection [conn3: url=jdbc:h2:mem:activiti user=SA]
10:47:16,838 [main] DEBUG org.activiti.engine.impl.persistence.entity.ProcessDefinitionEntity.selectLatestProcessDefinitionByKey  - ==&gt;  Preparing: select * from ACT_RE_PROCDEF where KEY_ = ? and (TENANT_ID_ = &apos;&apos; or TENANT_ID_ is null) and VERSION_ = (select max(VERSION_) from ACT_RE_PROCDEF where KEY_ = ? and (TENANT_ID_ = &apos;&apos; or TENANT_ID_ is null)) 
10:47:16,838 [main] DEBUG org.activiti.engine.impl.persistence.entity.ProcessDefinitionEntity.selectLatestProcessDefinitionByKey  - ==&gt; Parameters: userTask(String), userTask(String)
10:47:16,838 [main] DEBUG org.activiti.engine.impl.persistence.entity.ProcessDefinitionEntity.selectLatestProcessDefinitionByKey  - &lt;==      Total: 0
10:47:16,838 [main] DEBUG org.activiti.engine.impl.persistence.entity.JobEntity.selectJobByTypeAndProcessDefinitionKeyNoTenantId  - ==&gt;  Preparing: select J.* from ACT_RU_JOB J inner join ACT_RE_PROCDEF P on J.PROC_DEF_ID_ = P.ID_ where J.HANDLER_TYPE_ = ? and P.KEY_ = ? and (P.TENANT_ID_ = &apos;&apos; or P.TENANT_ID_ is null) 
10:47:16,838 [main] DEBUG org.activiti.engine.impl.persistence.entity.JobEntity.selectJobByTypeAndProcessDefinitionKeyNoTenantId  - ==&gt; Parameters: timer-start-event(String), userTask(String)
10:47:16,838 [main] DEBUG org.activiti.engine.impl.persistence.entity.JobEntity.selectJobByTypeAndProcessDefinitionKeyNoTenantId  - &lt;==      Total: 0
10:47:16,838 [main] DEBUG org.activiti.engine.impl.persistence.entity.ProcessDefinitionInfoEntity.selectProcessDefinitionInfoByProcessDefinitionId  - ==&gt;  Preparing: select * from ACT_PROCDEF_INFO where PROC_DEF_ID_ = ? 
10:47:16,838 [main] DEBUG org.activiti.engine.impl.persistence.entity.ProcessDefinitionInfoEntity.selectProcessDefinitionInfoByProcessDefinitionId  - ==&gt; Parameters: userTask:1:656(String)
10:47:16,838 [main] DEBUG org.activiti.engine.impl.persistence.entity.ProcessDefinitionInfoEntity.selectProcessDefinitionInfoByProcessDefinitionId  - &lt;==      Total: 0
10:47:16,838 [main] DEBUG org.activiti.engine.impl.interceptor.LogInterceptor  - 

10:47:16,838 [main] DEBUG org.activiti.engine.impl.interceptor.LogInterceptor  - --- starting GetProcessDefinitionInfoCmd --------------------------------------------------------
10:47:16,838 [main] DEBUG org.activiti.engine.impl.interceptor.CommandContextInterceptor  - Valid context found. Reusing it for the current command &apos;org.activiti.engine.impl.cmd.GetProcessDefinitionInfoCmd&apos;
10:47:16,838 [main] DEBUG org.activiti.engine.impl.interceptor.LogInterceptor  - 

10:47:16,838 [main] DEBUG org.activiti.engine.impl.interceptor.LogInterceptor  - --- starting  --------------------------------------------------------
10:47:16,838 [main] DEBUG org.activiti.engine.impl.interceptor.CommandContextInterceptor  - Valid context found. Reusing it for the current command &apos;null&apos;
10:47:16,838 [main] DEBUG org.activiti.engine.impl.interceptor.LogInterceptor  - ---  finished --------------------------------------------------------
10:47:16,838 [main] DEBUG org.activiti.engine.impl.interceptor.LogInterceptor  - 

10:47:16,838 [main] DEBUG org.activiti.engine.impl.interceptor.LogInterceptor  - --- GetProcessDefinitionInfoCmd finished --------------------------------------------------------
10:47:16,839 [main] DEBUG org.activiti.engine.impl.interceptor.LogInterceptor  - 

10:47:16,839 [main] DEBUG org.activiti.engine.impl.db.DbSqlSession  -   insert ResourceEntity[id=655, name=org/activiti/engine/test/db/ProcessInstanceMigrationTest.testSetProcessDefinitionVersionWithTask.bpmn20.xml]
10:47:16,839 [main] DEBUG org.activiti.engine.impl.db.DbSqlSession  -   insert DeploymentEntity[id=654, name=ProcessInstanceMigrationTest.testSetProcessDefinitionVersionWithWithTask]
10:47:16,839 [main] DEBUG org.activiti.engine.impl.db.DbSqlSession  -   insert ProcessDefinitionEntity[userTask:1:656]
10:47:16,839 [main] DEBUG org.activiti.engine.impl.db.DbSqlSession  - flush summary: 3 insert, 0 update, 0 delete.
10:47:16,839 [main] DEBUG org.activiti.engine.impl.db.DbSqlSession  - now executing flush...
10:47:16,839 [main] DEBUG org.activiti.engine.impl.db.DbSqlSession  - inserting: ProcessDefinitionEntity[userTask:1:656]
10:47:16,839 [main] DEBUG org.activiti.engine.impl.persistence.entity.ProcessDefinitionEntity.insertProcessDefinition  - ==&gt;  Preparing: insert into ACT_RE_PROCDEF(ID_, REV_, CATEGORY_, NAME_, KEY_, VERSION_, DEPLOYMENT_ID_, RESOURCE_NAME_, DGRM_RESOURCE_NAME_, DESCRIPTION_, HAS_START_FORM_KEY_, HAS_GRAPHICAL_NOTATION_ , SUSPENSION_STATE_, TENANT_ID_) values (?, 1, ?, ?, ?, ?, ?, ?, ?, ?, ?, ?, ?, ?) 
10:47:16,839 [main] DEBUG org.activiti.engine.impl.persistence.entity.ProcessDefinitionEntity.insertProcessDefinition  - ==&gt; Parameters: userTask:1:656(String), Examples(String), null, userTask(String), 1(Integer), 654(String), org/activiti/engine/test/db/ProcessInstanceMigrationTest.testSetProcessDefinitionVersionWithTask.bpmn20.xml(String), null, null, false(Boolean), false(Boolean), 1(Integer), (String)
10:47:16,839 [main] DEBUG org.activiti.engine.impl.persistence.entity.ProcessDefinitionEntity.insertProcessDefinition  - &lt;==    Updates: 1
10:47:16,839 [main] DEBUG org.activiti.engine.impl.db.DbSqlSession  - inserting: DeploymentEntity[id=654, name=ProcessInstanceMigrationTest.testSetProcessDefinitionVersionWithWithTask]
10:47:16,839 [main] DEBUG org.activiti.engine.impl.persistence.entity.DeploymentEntity.insertDeployment  - ==&gt;  Preparing: insert into ACT_RE_DEPLOYMENT(ID_, NAME_, CATEGORY_, TENANT_ID_, DEPLOY_TIME_) values(?, ?, ?, ?, ?) 
10:47:16,839 [main] DEBUG org.activiti.engine.impl.persistence.entity.DeploymentEntity.insertDeployment  - ==&gt; Parameters: 654(String), ProcessInstanceMigrationTest.testSetProcessDefinitionVersionWithWithTask(String), null, (String), 2015-01-01 00:00:00.0(Timestamp)
10:47:16,839 [main] DEBUG org.activiti.engine.impl.persistence.entity.DeploymentEntity.insertDeployment  - &lt;==    Updates: 1
10:47:16,839 [main] DEBUG org.activiti.engine.impl.db.DbSqlSession  - inserting: ResourceEntity[id=655, name=org/activiti/engine/test/db/ProcessInstanceMigrationTest.testSetProcessDefinitionVersionWithTask.bpmn20.xml]
10:47:16,839 [main] DEBUG org.activiti.engine.impl.persistence.entity.ResourceEntity.insertResource  - ==&gt;  Preparing: insert into ACT_GE_BYTEARRAY(ID_, REV_, NAME_, BYTES_, DEPLOYMENT_ID_, GENERATED_) values (?, 1, ?, ?, ?, ?) 
10:47:16,839 [main] DEBUG org.activiti.engine.impl.persistence.entity.ResourceEntity.insertResource  - ==&gt; Parameters: 655(String), org/activiti/engine/test/db/ProcessInstanceMigrationTest.testSetProcessDefinitionVersionWithTask.bpmn20.xml(String), java.io.ByteArrayInputStream@35c4686e(ByteArrayInputStream), 654(String), false(Boolean)
10:47:16,839 [main] DEBUG org.activiti.engine.impl.persistence.entity.ResourceEntity.insertResource  - &lt;==    Updates: 1
10:47:16,839 [main] DEBUG org.activiti.engine.impl.cfg.standalone.StandaloneMybatisTransactionContext  - firing event committing...
10:47:16,839 [main] DEBUG org.activiti.engine.impl.cfg.standalone.StandaloneMybatisTransactionContext  - committing the ibatis sql session...
10:47:16,839 [main] DEBUG org.apache.ibatis.transaction.jdbc.JdbcTransaction  - Committing JDBC Connection [conn3: url=jdbc:h2:mem:activiti user=SA]
10:47:16,839 [main] DEBUG org.activiti.engine.impl.cfg.standalone.StandaloneMybatisTransactionContext  - firing event committed...
10:47:16,839 [main] DEBUG org.apache.ibatis.transaction.jdbc.JdbcTransaction  - Resetting autocommit to true on JDBC Connection [conn3: url=jdbc:h2:mem:activiti user=SA]
10:47:16,840 [main] DEBUG org.apache.ibatis.transaction.jdbc.JdbcTransaction  - Closing JDBC Connection [conn3: url=jdbc:h2:mem:activiti user=SA]
10:47:16,840 [main] DEBUG org.apache.ibatis.datasource.pooled.PooledDataSource  - Returned connection 180014677 to pool.
10:47:16,840 [main] DEBUG org.activiti.engine.impl.interceptor.LogInterceptor  - --- DeployCmd finished --------------------------------------------------------
10:47:16,840 [main] DEBUG org.activiti.engine.impl.interceptor.LogInterceptor  - 

10:47:16,840 [main] DEBUG org.activiti.engine.impl.test.PvmTestCase  - 

10:47:16,840 [main] DEBUG org.activiti.engine.impl.test.PvmTestCase  - #### START ProcessInstanceMigrationTest.testSetProcessDefinitionVersionWithWithTask ###########################################################
10:47:16,840 [main] DEBUG org.activiti.engine.impl.interceptor.LogInterceptor  - 

10:47:16,840 [main] DEBUG org.activiti.engine.impl.interceptor.LogInterceptor  - --- starting StartProcessInstanceCmd --------------------------------------------------------
10:47:16,840 [main] DEBUG org.apache.ibatis.transaction.jdbc.JdbcTransaction  - Opening JDBC Connection
10:47:16,840 [main] DEBUG org.apache.ibatis.datasource.pooled.PooledDataSource  - Checked out connection 486346394 from pool.
10:47:16,840 [main] DEBUG org.apache.ibatis.transaction.jdbc.JdbcTransaction  - Setting autocommit to false on JDBC Connection [conn6: url=jdbc:h2:mem:activiti user=SA]
10:47:16,840 [main] DEBUG org.activiti.engine.impl.persistence.entity.ProcessDefinitionEntity.selectLatestProcessDefinitionByKey  - ==&gt;  Preparing: select * from ACT_RE_PROCDEF where KEY_ = ? and (TENANT_ID_ = &apos;&apos; or TENANT_ID_ is null) and VERSION_ = (select max(VERSION_) from ACT_RE_PROCDEF where KEY_ = ? and (TENANT_ID_ = &apos;&apos; or TENANT_ID_ is null)) 
10:47:16,840 [main] DEBUG org.activiti.engine.impl.persistence.entity.ProcessDefinitionEntity.selectLatestProcessDefinitionByKey  - ==&gt; Parameters: userTask(String), userTask(String)
10:47:16,840 [main] DEBUG org.activiti.engine.impl.persistence.entity.ProcessDefinitionEntity.selectLatestProcessDefinitionByKey  - &lt;==      Total: 1
10:47:16,840 [main] DEBUG org.activiti.engine.impl.persistence.entity.ExecutionEntity  - initializing ProcessInstance[657]
10:47:16,840 [main] DEBUG org.activiti.engine.impl.history.DefaultHistoryManager  - Current history level: FULL, level required: ACTIVITY
10:47:16,840 [main] DEBUG org.activiti.engine.impl.pvm.runtime.AtomicOperationActivityExecute  - ProcessInstance[657] executes Activity(theStart): org.activiti.engine.impl.bpmn.behavior.NoneStartEventActivityBehavior
10:47:16,840 [main] DEBUG org.activiti.engine.impl.persistence.entity.JobEntity.selectJobsByExecutionId  - ==&gt;  Preparing: select * from ACT_RU_JOB J where J.EXECUTION_ID_ = ? 
10:47:16,841 [main] DEBUG org.activiti.engine.impl.persistence.entity.JobEntity.selectJobsByExecutionId  - ==&gt; Parameters: 657(String)
10:47:16,841 [main] DEBUG org.activiti.engine.impl.persistence.entity.JobEntity.selectJobsByExecutionId  - &lt;==      Total: 0
10:47:16,841 [main] DEBUG org.activiti.engine.impl.bpmn.behavior.BpmnActivityBehavior  - Leaving activity &apos;theStart&apos;
10:47:16,841 [main] DEBUG org.activiti.engine.impl.history.DefaultHistoryManager  - Current history level: FULL, level required: ACTIVITY
10:47:16,841 [main] DEBUG org.activiti.engine.impl.pvm.runtime.AtomicOperationTransitionNotifyListenerTake  - ProcessInstance[657] takes transition (theStart)--flow1--&gt;(waitState1)
10:47:16,841 [main] DEBUG org.activiti.engine.impl.history.DefaultHistoryManager  - Current history level: FULL, level required: ACTIVITY
10:47:16,841 [main] DEBUG org.activiti.engine.impl.pvm.runtime.AtomicOperationActivityExecute  - ProcessInstance[657] executes Activity(waitState1): org.activiti.engine.impl.bpmn.behavior.UserTaskActivityBehavior
10:47:16,841 [main] DEBUG org.activiti.engine.impl.persistence.entity.TaskEntity.selectTasksByExecutionId  - ==&gt;  Preparing: select distinct T.* from ACT_RU_TASK T where T.EXECUTION_ID_ = ? 
10:47:16,841 [main] DEBUG org.activiti.engine.impl.persistence.entity.TaskEntity.selectTasksByExecutionId  - ==&gt; Parameters: 657(String)
10:47:16,841 [main] DEBUG org.activiti.engine.impl.persistence.entity.TaskEntity.selectTasksByExecutionId  - &lt;==      Total: 0
10:47:16,841 [main] DEBUG org.activiti.engine.impl.history.DefaultHistoryManager  - Current history level: FULL, level required: AUDIT
10:47:16,841 [main] DEBUG org.activiti.engine.impl.history.DefaultHistoryManager  - Current history level: FULL, level required: AUDIT
10:47:16,841 [main] DEBUG org.activiti.engine.impl.interceptor.LogInterceptor  - 

10:47:16,841 [main] DEBUG org.activiti.engine.impl.interceptor.LogInterceptor  - --- starting  --------------------------------------------------------
10:47:16,841 [main] DEBUG org.activiti.engine.impl.interceptor.CommandContextInterceptor  - Valid context found. Reusing it for the current command &apos;null&apos;
10:47:16,842 [main] DEBUG org.activiti.engine.impl.persistence.entity.ProcessDefinitionInfoEntity.selectProcessDefinitionInfoByProcessDefinitionId  - ==&gt;  Preparing: select * from ACT_PROCDEF_INFO where PROC_DEF_ID_ = ? 
10:47:16,842 [main] DEBUG org.activiti.engine.impl.persistence.entity.ProcessDefinitionInfoEntity.selectProcessDefinitionInfoByProcessDefinitionId  - ==&gt; Parameters: userTask:1:656(String)
10:47:16,842 [main] DEBUG org.activiti.engine.impl.persistence.entity.ProcessDefinitionInfoEntity.selectProcessDefinitionInfoByProcessDefinitionId  - &lt;==      Total: 0
10:47:16,842 [main] DEBUG org.activiti.engine.impl.interceptor.LogInterceptor  - ---  finished --------------------------------------------------------
10:47:16,842 [main] DEBUG org.activiti.engine.impl.interceptor.LogInterceptor  - 

10:47:16,842 [main] DEBUG org.activiti.engine.impl.history.DefaultHistoryManager  - Current history level: FULL, level required: AUDIT
10:47:16,842 [main] DEBUG org.activiti.engine.impl.history.DefaultHistoryManager  - Current history level: FULL, level required: AUDIT
10:47:16,842 [main] DEBUG org.activiti.engine.impl.history.DefaultHistoryManager  - Current history level: FULL, level required: ACTIVITY
10:47:16,842 [main] DEBUG org.activiti.engine.impl.db.DbSqlSession  -   insert ProcessInstance[657]
10:47:16,842 [main] DEBUG org.activiti.engine.impl.db.DbSqlSession  -   insert HistoricProcessInstanceEntity[superProcessInstanceId=null]
10:47:16,842 [main] DEBUG org.activiti.engine.impl.db.DbSqlSession  -   insert Task[id=660, name=Wait State 1]
10:47:16,842 [main] DEBUG org.activiti.engine.impl.db.DbSqlSession  -   insert HistoricTaskInstanceEntity[id=660, name=Wait State 1]
10:47:16,842 [main] DEBUG org.activiti.engine.impl.db.DbSqlSession  -   insert HistoricActivityInstanceEntity[activityId=theStart, activityName=null]
10:47:16,842 [main] DEBUG org.activiti.engine.impl.db.DbSqlSession  -   insert HistoricActivityInstanceEntity[activityId=waitState1, activityName=Wait State 1]
10:47:16,842 [main] DEBUG org.activiti.engine.impl.db.DbSqlSession  - flush summary: 6 insert, 0 update, 0 delete.
10:47:16,842 [main] DEBUG org.activiti.engine.impl.db.DbSqlSession  - now executing flush...
10:47:16,842 [main] DEBUG org.activiti.engine.impl.db.DbSqlSession  - inserting: HistoricTaskInstanceEntity[id=660, name=Wait State 1]
10:47:16,842 [main] DEBUG org.activiti.engine.impl.persistence.entity.HistoricTaskInstanceEntity.insertHistoricTaskInstance  - ==&gt;  Preparing: insert into ACT_HI_TASKINST ( ID_, PROC_DEF_ID_, PROC_INST_ID_, EXECUTION_ID_, NAME_, PARENT_TASK_ID_, DESCRIPTION_, OWNER_, ASSIGNEE_, START_TIME_, CLAIM_TIME_, END_TIME_, DURATION_, DELETE_REASON_, TASK_DEF_KEY_, FORM_KEY_, PRIORITY_, DUE_DATE_, CATEGORY_, TENANT_ID_ ) values ( ?, ?, ?, ?, ?, ?, ?, ?, ?, ?, ?, ?, ?, ?, ?, ?, ?, ?, ?, ? ) 
10:47:16,843 [main] DEBUG org.activiti.engine.impl.persistence.entity.HistoricTaskInstanceEntity.insertHistoricTaskInstance  - ==&gt; Parameters: 660(String), userTask:1:656(String), 657(String), 657(String), Wait State 1(String), null, null, null, null, 2015-01-01 00:00:00.0(Timestamp), null, null, null, null, waitState1(String), null, 50(Integer), null, null, (String)
10:47:16,843 [main] DEBUG org.activiti.engine.impl.persistence.entity.HistoricTaskInstanceEntity.insertHistoricTaskInstance  - &lt;==    Updates: 1
10:47:16,843 [main] DEBUG org.activiti.engine.impl.db.DbSqlSession  - inserting: HistoricProcessInstanceEntity[superProcessInstanceId=null]
10:47:16,843 [main] DEBUG org.activiti.engine.impl.persistence.entity.HistoricProcessInstanceEntity.insertHistoricProcessInstance  - ==&gt;  Preparing: insert into ACT_HI_PROCINST ( ID_, PROC_INST_ID_, BUSINESS_KEY_, PROC_DEF_ID_, START_TIME_, END_TIME_, DURATION_, START_USER_ID_, START_ACT_ID_, END_ACT_ID_, SUPER_PROCESS_INSTANCE_ID_, DELETE_REASON_, TENANT_ID_, NAME_ ) values ( ?, ?, ?, ?, ?, ?, ?, ?, ?, ?, ?, ?, ?, ? ) 
10:47:16,843 [main] DEBUG org.activiti.engine.impl.persistence.entity.HistoricProcessInstanceEntity.insertHistoricProcessInstance  - ==&gt; Parameters: 657(String), 657(String), null, userTask:1:656(String), 2015-01-01 00:00:00.0(Timestamp), null, null, null, theStart(String), null, null, null, (String), null
10:47:16,843 [main] DEBUG org.activiti.engine.impl.persistence.entity.HistoricProcessInstanceEntity.insertHistoricProcessInstance  - &lt;==    Updates: 1
10:47:16,843 [main] DEBUG org.activiti.engine.impl.persistence.entity.HistoricActivityInstanceEntity.bulkInsertHistoricActivityInstance  - ==&gt;  Preparing: insert into ACT_HI_ACTINST ( ID_, PROC_DEF_ID_, PROC_INST_ID_, EXECUTION_ID_, ACT_ID_, TASK_ID_, CALL_PROC_INST_ID_, ACT_NAME_, ACT_TYPE_, ASSIGNEE_, START_TIME_, END_TIME_, DURATION_, TENANT_ID_ ) values (?, ?, ?, ?, ?, ?, ?, ?, ?, ?, ?, ?, ?, ?) , (?, ?, ?, ?, ?, ?, ?, ?, ?, ?, ?, ?, ?, ?) 
10:47:16,843 [main] DEBUG org.activiti.engine.impl.persistence.entity.HistoricActivityInstanceEntity.bulkInsertHistoricActivityInstance  - ==&gt; Parameters: 658(String), userTask:1:656(String), 657(String), 657(String), theStart(String), null, null, null, startEvent(String), null, 2015-01-01 00:00:00.0(Timestamp), 2015-01-01 00:00:00.0(Timestamp), 0(Long), (String), 659(String), userTask:1:656(String), 657(String), 657(String), waitState1(String), 660(String), null, Wait State 1(String), userTask(String), null, 2015-01-01 00:00:00.0(Timestamp), null, null, (String)
10:47:16,843 [main] DEBUG org.activiti.engine.impl.persistence.entity.HistoricActivityInstanceEntity.bulkInsertHistoricActivityInstance  - &lt;==    Updates: 2
10:47:16,843 [main] DEBUG org.activiti.engine.impl.db.DbSqlSession  - inserting: ProcessInstance[657]
10:47:16,843 [main] DEBUG org.activiti.engine.impl.persistence.entity.ExecutionEntity.insertExecution  - ==&gt;  Preparing: insert into ACT_RU_EXECUTION (ID_, REV_, PROC_INST_ID_, BUSINESS_KEY_, PROC_DEF_ID_, ACT_ID_, IS_ACTIVE_, IS_CONCURRENT_, IS_SCOPE_,IS_EVENT_SCOPE_, PARENT_ID_, SUPER_EXEC_, SUSPENSION_STATE_, CACHED_ENT_STATE_, TENANT_ID_, NAME_) values ( ?, 1, ?, ?, ?, ?, ?, ?, ?, ?, ?, ?, ?, ?, ?, ? ) 
10:47:16,843 [main] DEBUG org.activiti.engine.impl.persistence.entity.ExecutionEntity.insertExecution  - ==&gt; Parameters: 657(String), 657(String), null, userTask:1:656(String), waitState1(String), true(Boolean), false(Boolean), true(Boolean), false(Boolean), null, null, 1(Integer), 2(Integer), (String), null
10:47:16,843 [main] DEBUG org.activiti.engine.impl.persistence.entity.ExecutionEntity.insertExecution  - &lt;==    Updates: 1
10:47:16,844 [main] DEBUG org.activiti.engine.impl.db.DbSqlSession  - inserting: Task[id=660, name=Wait State 1]
10:47:16,844 [main] DEBUG org.activiti.engine.impl.persistence.entity.TaskEntity.insertTask  - ==&gt;  Preparing: insert into ACT_RU_TASK (ID_, REV_, NAME_, PARENT_TASK_ID_, DESCRIPTION_, PRIORITY_, CREATE_TIME_, OWNER_, ASSIGNEE_, DELEGATION_, EXECUTION_ID_, PROC_INST_ID_, PROC_DEF_ID_, TASK_DEF_KEY_, DUE_DATE_, CATEGORY_, SUSPENSION_STATE_, TENANT_ID_, FORM_KEY_) values (?, 1, ?, ?, ?, ?, ?, ?, ?, ?, ?, ?, ?, ?, ?, ?, ?, ?, ? ) 
10:47:16,844 [main] DEBUG org.activiti.engine.impl.persistence.entity.TaskEntity.insertTask  - ==&gt; Parameters: 660(String), Wait State 1(String), null, null, 50(Integer), 2015-01-01 00:00:00.0(Timestamp), null, null, null, 657(String), 657(String), userTask:1:656(String), waitState1(String), null, null, 1(Integer), (String), null
10:47:16,844 [main] DEBUG org.activiti.engine.impl.persistence.entity.TaskEntity.insertTask  - &lt;==    Updates: 1
10:47:16,844 [main] DEBUG org.activiti.engine.impl.cfg.standalone.StandaloneMybatisTransactionContext  - firing event committing...
10:47:16,844 [main] DEBUG org.activiti.engine.impl.cfg.standalone.StandaloneMybatisTransactionContext  - committing the ibatis sql session...
10:47:16,844 [main] DEBUG org.apache.ibatis.transaction.jdbc.JdbcTransaction  - Committing JDBC Connection [conn6: url=jdbc:h2:mem:activiti user=SA]
10:47:16,844 [main] DEBUG org.activiti.engine.impl.cfg.standalone.StandaloneMybatisTransactionContext  - firing event committed...
10:47:16,844 [main] DEBUG org.apache.ibatis.transaction.jdbc.JdbcTransaction  - Resetting autocommit to true on JDBC Connection [conn6: url=jdbc:h2:mem:activiti user=SA]
10:47:16,844 [main] DEBUG org.apache.ibatis.transaction.jdbc.JdbcTransaction  - Closing JDBC Connection [conn6: url=jdbc:h2:mem:activiti user=SA]
10:47:16,844 [main] DEBUG org.apache.ibatis.datasource.pooled.PooledDataSource  - Returned connection 486346394 to pool.
10:47:16,844 [main] DEBUG org.activiti.engine.impl.interceptor.LogInterceptor  - --- StartProcessInstanceCmd finished --------------------------------------------------------
10:47:16,844 [main] DEBUG org.activiti.engine.impl.interceptor.LogInterceptor  - 

10:47:16,844 [main] DEBUG org.activiti.engine.impl.interceptor.LogInterceptor  - 

10:47:16,844 [main] DEBUG org.activiti.engine.impl.interceptor.LogInterceptor  - --- starting TaskQueryImpl --------------------------------------------------------
10:47:16,844 [main] DEBUG org.apache.ibatis.transaction.jdbc.JdbcTransaction  - Opening JDBC Connection
10:47:16,844 [main] DEBUG org.apache.ibatis.datasource.pooled.PooledDataSource  - Checked out connection 297240765 from pool.
10:47:16,844 [main] DEBUG org.apache.ibatis.transaction.jdbc.JdbcTransaction  - Setting autocommit to false on JDBC Connection [conn4: url=jdbc:h2:mem:activiti user=SA]
10:47:16,845 [main] DEBUG org.activiti.engine.impl.persistence.entity.TaskEntity.selectTaskCountByQueryCriteria  - ==&gt;  Preparing: select count(distinct RES.ID_) from ACT_RU_TASK RES WHERE RES.PROC_INST_ID_ = ? 
10:47:16,845 [main] DEBUG org.activiti.engine.impl.persistence.entity.TaskEntity.selectTaskCountByQueryCriteria  - ==&gt; Parameters: 657(String)
10:47:16,845 [main] DEBUG org.activiti.engine.impl.persistence.entity.TaskEntity.selectTaskCountByQueryCriteria  - &lt;==      Total: 1
10:47:16,845 [main] DEBUG org.activiti.engine.impl.db.DbSqlSession  - flush summary: 0 insert, 0 update, 0 delete.
10:47:16,845 [main] DEBUG org.activiti.engine.impl.db.DbSqlSession  - now executing flush...
10:47:16,845 [main] DEBUG org.activiti.engine.impl.cfg.standalone.StandaloneMybatisTransactionContext  - firing event committing...
10:47:16,845 [main] DEBUG org.activiti.engine.impl.cfg.standalone.StandaloneMybatisTransactionContext  - committing the ibatis sql session...
10:47:16,845 [main] DEBUG org.activiti.engine.impl.cfg.standalone.StandaloneMybatisTransactionContext  - firing event committed...
10:47:16,845 [main] DEBUG org.apache.ibatis.transaction.jdbc.JdbcTransaction  - Resetting autocommit to true on JDBC Connection [conn4: url=jdbc:h2:mem:activiti user=SA]
10:47:16,845 [main] DEBUG org.apache.ibatis.transaction.jdbc.JdbcTransaction  - Closing JDBC Connection [conn4: url=jdbc:h2:mem:activiti user=SA]
10:47:16,845 [main] DEBUG org.apache.ibatis.datasource.pooled.PooledDataSource  - Returned connection 297240765 to pool.
10:47:16,845 [main] DEBUG org.activiti.engine.impl.interceptor.LogInterceptor  - --- TaskQueryImpl finished --------------------------------------------------------
10:47:16,845 [main] DEBUG org.activiti.engine.impl.interceptor.LogInterceptor  - 

10:47:16,846 [main] DEBUG org.activiti.engine.impl.interceptor.LogInterceptor  - 

10:47:16,846 [main] DEBUG org.activiti.engine.impl.interceptor.LogInterceptor  - --- starting DeployCmd --------------------------------------------------------
10:47:16,846 [main] DEBUG org.activiti.engine.impl.bpmn.deployer.BpmnDeployer  - Processing deployment null
10:47:16,846 [main] INFO  org.activiti.engine.impl.bpmn.deployer.BpmnDeployer  - Processing resource org/activiti/engine/test/db/ProcessInstanceMigrationTest.testSetProcessDefinitionVersionWithTaskV2.bpmn20.xml
10:47:16,853 [main] DEBUG org.activiti.engine.impl.bpmn.parser.handler.ProcessParseHandler  - Parsing process userTask
10:47:16,853 [main] DEBUG org.activiti.engine.impl.bpmn.parser.handler.AbstractBpmnParseHandler  - Parsing activity waitState1
10:47:16,854 [main] DEBUG org.activiti.engine.impl.bpmn.parser.handler.AbstractBpmnParseHandler  - Parsing activity theStart
10:47:16,854 [main] DEBUG org.activiti.engine.impl.bpmn.parser.handler.AbstractBpmnParseHandler  - Parsing activity theEnd
10:47:16,854 [main] DEBUG org.apache.ibatis.transaction.jdbc.JdbcTransaction  - Opening JDBC Connection
10:47:16,854 [main] DEBUG org.apache.ibatis.datasource.pooled.PooledDataSource  - Checked out connection 363509958 from pool.
10:47:16,854 [main] DEBUG org.apache.ibatis.transaction.jdbc.JdbcTransaction  - Setting autocommit to false on JDBC Connection [conn2: url=jdbc:h2:mem:activiti user=SA]
10:47:16,854 [main] DEBUG org.activiti.engine.impl.persistence.entity.ProcessDefinitionEntity.selectLatestProcessDefinitionByKey  - ==&gt;  Preparing: select * from ACT_RE_PROCDEF where KEY_ = ? and (TENANT_ID_ = &apos;&apos; or TENANT_ID_ is null) and VERSION_ = (select max(VERSION_) from ACT_RE_PROCDEF where KEY_ = ? and (TENANT_ID_ = &apos;&apos; or TENANT_ID_ is null)) 
10:47:16,854 [main] DEBUG org.activiti.engine.impl.persistence.entity.ProcessDefinitionEntity.selectLatestProcessDefinitionByKey  - ==&gt; Parameters: userTask(String), userTask(String)
10:47:16,854 [main] DEBUG org.activiti.engine.impl.persistence.entity.ProcessDefinitionEntity.selectLatestProcessDefinitionByKey  - &lt;==      Total: 1
10:47:16,854 [main] DEBUG org.activiti.engine.impl.persistence.entity.JobEntity.selectJobByTypeAndProcessDefinitionKeyNoTenantId  - ==&gt;  Preparing: select J.* from ACT_RU_JOB J inner join ACT_RE_PROCDEF P on J.PROC_DEF_ID_ = P.ID_ where J.HANDLER_TYPE_ = ? and P.KEY_ = ? and (P.TENANT_ID_ = &apos;&apos; or P.TENANT_ID_ is null) 
10:47:16,854 [main] DEBUG org.activiti.engine.impl.persistence.entity.JobEntity.selectJobByTypeAndProcessDefinitionKeyNoTenantId  - ==&gt; Parameters: timer-start-event(String), userTask(String)
10:47:16,854 [main] DEBUG org.activiti.engine.impl.persistence.entity.JobEntity.selectJobByTypeAndProcessDefinitionKeyNoTenantId  - &lt;==      Total: 0
10:47:16,855 [main] DEBUG org.activiti.engine.impl.persistence.entity.EventSubscriptionEntity.selectEventSubscriptionsByConfiguration  - ==&gt;  Preparing: select * from ACT_RU_EVENT_SUBSCR where (EVENT_TYPE_ = ?) and ( (CONFIGURATION_ = ?) or (PROC_DEF_ID_ = ?) ) and (TENANT_ID_ = &apos;&apos; or TENANT_ID_ is null) 
10:47:16,855 [main] DEBUG org.activiti.engine.impl.persistence.entity.EventSubscriptionEntity.selectEventSubscriptionsByConfiguration  - ==&gt; Parameters: message(String), userTask:1:656(String), userTask:1:656(String)
10:47:16,855 [main] DEBUG org.activiti.engine.impl.persistence.entity.EventSubscriptionEntity.selectEventSubscriptionsByConfiguration  - &lt;==      Total: 0
10:47:16,855 [main] DEBUG org.activiti.engine.impl.persistence.entity.EventSubscriptionEntity.selectEventSubscriptionsByConfiguration  - ==&gt;  Preparing: select * from ACT_RU_EVENT_SUBSCR where (EVENT_TYPE_ = ?) and ( (CONFIGURATION_ = ?) or (PROC_DEF_ID_ = ?) ) and (TENANT_ID_ = &apos;&apos; or TENANT_ID_ is null) 
10:47:16,855 [main] DEBUG org.activiti.engine.impl.persistence.entity.EventSubscriptionEntity.selectEventSubscriptionsByConfiguration  - ==&gt; Parameters: signal(String), userTask:1:656(String), userTask:1:656(String)
10:47:16,855 [main] DEBUG org.activiti.engine.impl.persistence.entity.EventSubscriptionEntity.selectEventSubscriptionsByConfiguration  - &lt;==      Total: 0
10:47:16,855 [main] DEBUG org.activiti.engine.impl.persistence.entity.ProcessDefinitionInfoEntity.selectProcessDefinitionInfoByProcessDefinitionId  - ==&gt;  Preparing: select * from ACT_PROCDEF_INFO where PROC_DEF_ID_ = ? 
10:47:16,855 [main] DEBUG org.activiti.engine.impl.persistence.entity.ProcessDefinitionInfoEntity.selectProcessDefinitionInfoByProcessDefinitionId  - ==&gt; Parameters: userTask:2:663(String)
10:47:16,855 [main] DEBUG org.activiti.engine.impl.persistence.entity.ProcessDefinitionInfoEntity.selectProcessDefinitionInfoByProcessDefinitionId  - &lt;==      Total: 0
10:47:16,855 [main] DEBUG org.activiti.engine.impl.interceptor.LogInterceptor  - 

10:47:16,855 [main] DEBUG org.activiti.engine.impl.interceptor.LogInterceptor  - --- starting GetProcessDefinitionInfoCmd --------------------------------------------------------
10:47:16,855 [main] DEBUG org.activiti.engine.impl.interceptor.CommandContextInterceptor  - Valid context found. Reusing it for the current command &apos;org.activiti.engine.impl.cmd.GetProcessDefinitionInfoCmd&apos;
10:47:16,855 [main] DEBUG org.activiti.engine.impl.interceptor.LogInterceptor  - 

10:47:16,855 [main] DEBUG org.activiti.engine.impl.interceptor.LogInterceptor  - --- starting  --------------------------------------------------------
10:47:16,855 [main] DEBUG org.activiti.engine.impl.interceptor.CommandContextInterceptor  - Valid context found. Reusing it for the current command &apos;null&apos;
10:47:16,855 [main] DEBUG org.activiti.engine.impl.interceptor.LogInterceptor  - ---  finished --------------------------------------------------------
10:47:16,855 [main] DEBUG org.activiti.engine.impl.interceptor.LogInterceptor  - 

10:47:16,855 [main] DEBUG org.activiti.engine.impl.interceptor.LogInterceptor  - --- GetProcessDefinitionInfoCmd finished --------------------------------------------------------
10:47:16,855 [main] DEBUG org.activiti.engine.impl.interceptor.LogInterceptor  - 

10:47:16,855 [main] DEBUG org.activiti.engine.impl.db.DbSqlSession  -   insert ResourceEntity[id=662, name=org/activiti/engine/test/db/ProcessInstanceMigrationTest.testSetProcessDefinitionVersionWithTaskV2.bpmn20.xml]
10:47:16,855 [main] DEBUG org.activiti.engine.impl.db.DbSqlSession  -   insert DeploymentEntity[id=661, name=null]
10:47:16,855 [main] DEBUG org.activiti.engine.impl.db.DbSqlSession  -   insert ProcessDefinitionEntity[userTask:2:663]
10:47:16,855 [main] DEBUG org.activiti.engine.impl.db.DbSqlSession  - flush summary: 3 insert, 0 update, 0 delete.
10:47:16,855 [main] DEBUG org.activiti.engine.impl.db.DbSqlSession  - now executing flush...
10:47:16,855 [main] DEBUG org.activiti.engine.impl.db.DbSqlSession  - inserting: ProcessDefinitionEntity[userTask:2:663]
10:47:16,855 [main] DEBUG org.activiti.engine.impl.persistence.entity.ProcessDefinitionEntity.insertProcessDefinition  - ==&gt;  Preparing: insert into ACT_RE_PROCDEF(ID_, REV_, CATEGORY_, NAME_, KEY_, VERSION_, DEPLOYMENT_ID_, RESOURCE_NAME_, DGRM_RESOURCE_NAME_, DESCRIPTION_, HAS_START_FORM_KEY_, HAS_GRAPHICAL_NOTATION_ , SUSPENSION_STATE_, TENANT_ID_) values (?, 1, ?, ?, ?, ?, ?, ?, ?, ?, ?, ?, ?, ?) 
10:47:16,855 [main] DEBUG org.activiti.engine.impl.persistence.entity.ProcessDefinitionEntity.insertProcessDefinition  - ==&gt; Parameters: userTask:2:663(String), Examples(String), null, userTask(String), 2(Integer), 661(String), org/activiti/engine/test/db/ProcessInstanceMigrationTest.testSetProcessDefinitionVersionWithTaskV2.bpmn20.xml(String), null, null, false(Boolean), false(Boolean), 1(Integer), (String)
10:47:16,855 [main] DEBUG org.activiti.engine.impl.persistence.entity.ProcessDefinitionEntity.insertProcessDefinition  - &lt;==    Updates: 1
10:47:16,855 [main] DEBUG org.activiti.engine.impl.db.DbSqlSession  - inserting: DeploymentEntity[id=661, name=null]
10:47:16,855 [main] DEBUG org.activiti.engine.impl.persistence.entity.DeploymentEntity.insertDeployment  - ==&gt;  Preparing: insert into ACT_RE_DEPLOYMENT(ID_, NAME_, CATEGORY_, TENANT_ID_, DEPLOY_TIME_) values(?, ?, ?, ?, ?) 
10:47:16,856 [main] DEBUG org.activiti.engine.impl.persistence.entity.DeploymentEntity.insertDeployment  - ==&gt; Parameters: 661(String), null, null, (String), 2015-01-01 00:00:00.0(Timestamp)
10:47:16,856 [main] DEBUG org.activiti.engine.impl.persistence.entity.DeploymentEntity.insertDeployment  - &lt;==    Updates: 1
10:47:16,856 [main] DEBUG org.activiti.engine.impl.db.DbSqlSession  - inserting: ResourceEntity[id=662, name=org/activiti/engine/test/db/ProcessInstanceMigrationTest.testSetProcessDefinitionVersionWithTaskV2.bpmn20.xml]
10:47:16,856 [main] DEBUG org.activiti.engine.impl.persistence.entity.ResourceEntity.insertResource  - ==&gt;  Preparing: insert into ACT_GE_BYTEARRAY(ID_, REV_, NAME_, BYTES_, DEPLOYMENT_ID_, GENERATED_) values (?, 1, ?, ?, ?, ?) 
10:47:16,856 [main] DEBUG org.activiti.engine.impl.persistence.entity.ResourceEntity.insertResource  - ==&gt; Parameters: 662(String), org/activiti/engine/test/db/ProcessInstanceMigrationTest.testSetProcessDefinitionVersionWithTaskV2.bpmn20.xml(String), java.io.ByteArrayInputStream@40a75caf(ByteArrayInputStream), 661(String), false(Boolean)
10:47:16,856 [main] DEBUG org.activiti.engine.impl.persistence.entity.ResourceEntity.insertResource  - &lt;==    Updates: 1
10:47:16,856 [main] DEBUG org.activiti.engine.impl.cfg.standalone.StandaloneMybatisTransactionContext  - firing event committing...
10:47:16,856 [main] DEBUG org.activiti.engine.impl.cfg.standalone.StandaloneMybatisTransactionContext  - committing the ibatis sql session...
10:47:16,856 [main] DEBUG org.apache.ibatis.transaction.jdbc.JdbcTransaction  - Committing JDBC Connection [conn2: url=jdbc:h2:mem:activiti user=SA]
10:47:16,856 [main] DEBUG org.activiti.engine.impl.cfg.standalone.StandaloneMybatisTransactionContext  - firing event committed...
10:47:16,856 [main] DEBUG org.apache.ibatis.transaction.jdbc.JdbcTransaction  - Resetting autocommit to true on JDBC Connection [conn2: url=jdbc:h2:mem:activiti user=SA]
10:47:16,856 [main] DEBUG org.apache.ibatis.transaction.jdbc.JdbcTransaction  - Closing JDBC Connection [conn2: url=jdbc:h2:mem:activiti user=SA]
10:47:16,856 [main] DEBUG org.apache.ibatis.datasource.pooled.PooledDataSource  - Returned connection 363509958 to pool.
10:47:16,856 [main] DEBUG org.activiti.engine.impl.interceptor.LogInterceptor  - --- DeployCmd finished --------------------------------------------------------
10:47:16,856 [main] DEBUG org.activiti.engine.impl.interceptor.LogInterceptor  - 

10:47:16,856 [main] DEBUG org.activiti.engine.impl.interceptor.LogInterceptor  - 

10:47:16,856 [main] DEBUG org.activiti.engine.impl.interceptor.LogInterceptor  - --- starting ProcessDefinitionQueryImpl --------------------------------------------------------
10:47:16,856 [main] DEBUG org.apache.ibatis.transaction.jdbc.JdbcTransaction  - Opening JDBC Connection
10:47:16,856 [main] DEBUG org.apache.ibatis.datasource.pooled.PooledDataSource  - Checked out connection 180014677 from pool.
10:47:16,856 [main] DEBUG org.apache.ibatis.transaction.jdbc.JdbcTransaction  - Setting autocommit to false on JDBC Connection [conn3: url=jdbc:h2:mem:activiti user=SA]
10:47:16,856 [main] DEBUG org.activiti.engine.impl.persistence.entity.ProcessDefinitionEntity.selectProcessDefinitionCountByQueryCriteria  - ==&gt;  Preparing: select count(RES.ID_) from ACT_RE_PROCDEF RES WHERE RES.KEY_ = ? 
10:47:16,856 [main] DEBUG org.activiti.engine.impl.persistence.entity.ProcessDefinitionEntity.selectProcessDefinitionCountByQueryCriteria  - ==&gt; Parameters: userTask(String)
10:47:16,856 [main] DEBUG org.activiti.engine.impl.persistence.entity.ProcessDefinitionEntity.selectProcessDefinitionCountByQueryCriteria  - &lt;==      Total: 1
10:47:16,856 [main] DEBUG org.activiti.engine.impl.db.DbSqlSession  - flush summary: 0 insert, 0 update, 0 delete.
10:47:16,856 [main] DEBUG org.activiti.engine.impl.db.DbSqlSession  - now executing flush...
10:47:16,856 [main] DEBUG org.activiti.engine.impl.cfg.standalone.StandaloneMybatisTransactionContext  - firing event committing...
10:47:16,856 [main] DEBUG org.activiti.engine.impl.cfg.standalone.StandaloneMybatisTransactionContext  - committing the ibatis sql session...
10:47:16,856 [main] DEBUG org.activiti.engine.impl.cfg.standalone.StandaloneMybatisTransactionContext  - firing event committed...
10:47:16,856 [main] DEBUG org.apache.ibatis.transaction.jdbc.JdbcTransaction  - Resetting autocommit to true on JDBC Connection [conn3: url=jdbc:h2:mem:activiti user=SA]
10:47:16,856 [main] DEBUG org.apache.ibatis.transaction.jdbc.JdbcTransaction  - Closing JDBC Connection [conn3: url=jdbc:h2:mem:activiti user=SA]
10:47:16,856 [main] DEBUG org.apache.ibatis.datasource.pooled.PooledDataSource  - Returned connection 180014677 to pool.
10:47:16,856 [main] DEBUG org.activiti.engine.impl.interceptor.LogInterceptor  - --- ProcessDefinitionQueryImpl finished --------------------------------------------------------
10:47:16,857 [main] DEBUG org.activiti.engine.impl.interceptor.LogInterceptor  - 

10:47:16,857 [main] DEBUG org.activiti.engine.impl.interceptor.LogInterceptor  - 

10:47:16,857 [main] DEBUG org.activiti.engine.impl.interceptor.LogInterceptor  - --- starting ProcessDefinitionQueryImpl --------------------------------------------------------
10:47:16,857 [main] DEBUG org.apache.ibatis.transaction.jdbc.JdbcTransaction  - Opening JDBC Connection
10:47:16,857 [main] DEBUG org.apache.ibatis.datasource.pooled.PooledDataSource  - Checked out connection 486346394 from pool.
10:47:16,857 [main] DEBUG org.apache.ibatis.transaction.jdbc.JdbcTransaction  - Setting autocommit to false on JDBC Connection [conn6: url=jdbc:h2:mem:activiti user=SA]
10:47:16,857 [main] DEBUG org.activiti.engine.impl.persistence.entity.ProcessDefinitionEntity.selectProcessDefinitionsByQueryCriteria  - ==&gt;  Preparing: select RES.* from ACT_RE_PROCDEF RES WHERE RES.KEY_ = ? and RES.VERSION_ = ? order by order by RES.ID_ asc LIMIT ? OFFSET ? 
10:47:16,857 [main] DEBUG org.activiti.engine.impl.interceptor.CommandContext  - Error while closing command context
org.apache.ibatis.exceptions.PersistenceException: 
### Error querying database.  Cause: org.h2.jdbc.JdbcSQLException: Syntax error in SQL statement &quot;SELECT RES.* 
       
    FROM ACT_RE_PROCDEF RES
     
     WHERE  RES.KEY_ = ?
      
      
      
      
      
        AND RES.VERSION_ = ? 
   
     ORDER BY  ORDER[*] BY RES.ID_ ASC  
    LIMIT ? OFFSET ? &quot;; expected &quot;=, NOT, EXISTS, INTERSECTS, SELECT, FROM&quot;; SQL statement:
select RES.* 
       
    from ACT_RE_PROCDEF RES
     
     WHERE  RES.KEY_ = ?
      
      
      
      
      
        and RES.VERSION_ = ? 
   
     order by  order by RES.ID_ asc  
    LIMIT ? OFFSET ? [42001-176]
### The error may exist in org/activiti/db/mapping/entity/ProcessDefinition.xml
### The error may involve org.activiti.engine.impl.persistence.entity.ProcessDefinitionEntity.selectProcessDefinitionsByQueryCriteria
### The error occurred while executing a query
### SQL: select RES.*              from ACT_RE_PROCDEF RES            WHERE  RES.KEY_ = ?                                            and RES.VERSION_ = ?           order by  order by RES.ID_ asc       LIMIT ? OFFSET ?
### Cause: org.h2.jdbc.JdbcSQLException: Syntax error in SQL statement &quot;SELECT RES.* 
       
    FROM ACT_RE_PROCDEF RES
     
     WHERE  RES.KEY_ = ?
      
      
      
      
      
        AND RES.VERSION_ = ? 
   
     ORDER BY  ORDER[*] BY RES.ID_ ASC  
    LIMIT ? OFFSET ? &quot;; expected &quot;=, NOT, EXISTS, INTERSECTS, SELECT, FROM&quot;; SQL statement:
select RES.* 
       
    from ACT_RE_PROCDEF RES
     
     WHERE  RES.KEY_ = ?
      
      
      
      
      
        and RES.VERSION_ = ? 
   
     order by  order by RES.ID_ asc  
    LIMIT ? OFFSET ? [42001-176]
	at org.apache.ibatis.exceptions.ExceptionFactory.wrapException(ExceptionFactory.java:30)
	at org.apache.ibatis.session.defaults.DefaultSqlSession.selectList(DefaultSqlSession.java:122)
	at org.apache.ibatis.session.defaults.DefaultSqlSession.selectList(DefaultSqlSession.java:113)
	at org.activiti.engine.impl.db.DbSqlSession.selectListWithRawParameter(DbSqlSession.java:438)
	at org.activiti.engine.impl.db.DbSqlSession.selectList(DbSqlSession.java:429)
	at org.activiti.engine.impl.db.DbSqlSession.selectList(DbSqlSession.java:419)
	at org.activiti.engine.impl.persistence.entity.ProcessDefinitionEntityManager.findProcessDefinitionsByQueryCriteria(ProcessDefinitionEntityManager.java:57)
	at org.activiti.engine.impl.ProcessDefinitionQueryImpl.executeList(ProcessDefinitionQueryImpl.java:307)
	at org.activiti.engine.impl.AbstractQuery.executeSingleResult(AbstractQuery.java:183)
	at org.activiti.engine.impl.AbstractQuery.execute(AbstractQuery.java:166)
	at org.activiti.engine.impl.interceptor.CommandInvoker.execute(CommandInvoker.java:24)
	at org.activiti.engine.impl.interceptor.CommandContextInterceptor.execute(CommandContextInterceptor.java:57)
	at org.activiti.engine.impl.interceptor.LogInterceptor.execute(LogInterceptor.java:37)
	at org.activiti.engine.impl.cfg.CommandExecutorImpl.execute(CommandExecutorImpl.java:40)
	at org.activiti.engine.impl.cfg.CommandExecutorImpl.execute(CommandExecutorImpl.java:35)
	at org.activiti.engine.impl.AbstractQuery.singleResult(AbstractQuery.java:129)
	at org.activiti.engine.test.db.ProcessInstanceMigrationTest.testSetProcessDefinitionVersionWithWithTask(ProcessInstanceMigrationTest.java:289)
	at sun.reflect.NativeMethodAccessorImpl.invoke0(Native Method)
	at sun.reflect.NativeMethodAccessorImpl.invoke(NativeMethodAccessorImpl.java:62)
	at sun.reflect.DelegatingMethodAccessorImpl.invoke(DelegatingMethodAccessorImpl.java:43)
	at java.lang.reflect.Method.invoke(Method.java:498)
	at junit.framework.TestCase.runTest(TestCase.java:176)
	at org.activiti.engine.impl.test.PvmTestCase.runTest(PvmTestCase.java:65)
	at junit.framework.TestCase.runBare(TestCase.java:141)
	at org.activiti.engine.impl.test.AbstractActivitiTestCase.runBare(AbstractActivitiTestCase.java:100)
	at junit.framework.TestResult$1.protect(TestResult.java:122)
	at junit.framework.TestResult.runProtected(TestResult.java:142)
	at junit.framework.TestResult.run(TestResult.java:125)
	at junit.framework.TestCase.run(TestCase.java:129)
	at junit.framework.TestSuite.runTest(TestSuite.java:255)
	at junit.framework.TestSuite.run(TestSuite.java:250)
	at org.junit.internal.runners.JUnit38ClassRunner.run(JUnit38ClassRunner.java:84)
	at org.apache.maven.surefire.junit4.JUnit4TestSet.execute(JUnit4TestSet.java:35)
	at org.apache.maven.surefire.junit4.JUnit4Provider.executeTestSet(JUnit4Provider.java:146)
	at org.apache.maven.surefire.junit4.JUnit4Provider.invoke(JUnit4Provider.java:97)
	at sun.reflect.NativeMethodAccessorImpl.invoke0(Native Method)
	at sun.reflect.NativeMethodAccessorImpl.invoke(NativeMethodAccessorImpl.java:62)
	at sun.reflect.DelegatingMethodAccessorImpl.invoke(DelegatingMethodAccessorImpl.java:43)
	at java.lang.reflect.Method.invoke(Method.java:498)
	at org.apache.maven.surefire.booter.ProviderFactory$ClassLoaderProxy.invoke(ProviderFactory.java:103)
	at com.sun.proxy.$Proxy0.invoke(Unknown Source)
	at org.apache.maven.surefire.booter.SurefireStarter.invokeProvider(SurefireStarter.java:145)
	at org.apache.maven.surefire.booter.SurefireStarter.runSuitesInProcess(SurefireStarter.java:87)
	at org.apache.maven.surefire.booter.ForkedBooter.main(ForkedBooter.java:69)
Caused by: org.h2.jdbc.JdbcSQLException: Syntax error in SQL statement &quot;SELECT RES.* 
       
    FROM ACT_RE_PROCDEF RES
     
     WHERE  RES.KEY_ = ?
      
      
      
      
      
        AND RES.VERSION_ = ? 
   
     ORDER BY  ORDER[*] BY RES.ID_ ASC  
    LIMIT ? OFFSET ? &quot;; expected &quot;=, NOT, EXISTS, INTERSECTS, SELECT, FROM&quot;; SQL statement:
select RES.* 
       
    from ACT_RE_PROCDEF RES
     
     WHERE  RES.KEY_ = ?
      
      
      
      
      
        and RES.VERSION_ = ? 
   
     order by  order by RES.ID_ asc  
    LIMIT ? OFFSET ? [42001-176]
	at org.h2.message.DbException.getJdbcSQLException(DbException.java:344)
	at org.h2.message.DbException.getSyntaxError(DbException.java:204)
	at org.h2.command.Parser.getSyntaxError(Parser.java:524)
	at org.h2.command.Parser.readTerm(Parser.java:2688)
	at org.h2.command.Parser.readFactor(Parser.java:2244)
	at org.h2.command.Parser.readSum(Parser.java:2231)
	at org.h2.command.Parser.readConcat(Parser.java:2201)
	at org.h2.command.Parser.readCondition(Parser.java:2051)
	at org.h2.command.Parser.readAnd(Parser.java:2023)
	at org.h2.command.Parser.readExpression(Parser.java:2015)
	at org.h2.command.Parser.parseEndOfQuery(Parser.java:1726)
	at org.h2.command.Parser.parseSelectUnionExtension(Parser.java:1706)
	at org.h2.command.Parser.parseSelectUnion(Parser.java:1675)
	at org.h2.command.Parser.parseSelect(Parser.java:1662)
	at org.h2.command.Parser.parsePrepared(Parser.java:434)
	at org.h2.command.Parser.parse(Parser.java:306)
	at org.h2.command.Parser.parse(Parser.java:282)
	at org.h2.command.Parser.prepareCommand(Parser.java:243)
	at org.h2.engine.Session.prepareLocal(Session.java:442)
	at org.h2.engine.Session.prepareCommand(Session.java:384)
	at org.h2.jdbc.JdbcConnection.prepareCommand(JdbcConnection.java:1188)
	at org.h2.jdbc.JdbcPreparedStatement.&lt;init&gt;(JdbcPreparedStatement.java:73)
	at org.h2.jdbc.JdbcConnection.prepareStatement(JdbcConnection.java:276)
	at sun.reflect.GeneratedMethodAccessor6.invoke(Unknown Source)
	at sun.reflect.DelegatingMethodAccessorImpl.invoke(DelegatingMethodAccessorImpl.java:43)
	at java.lang.reflect.Method.invoke(Method.java:498)
	at org.apache.ibatis.datasource.pooled.PooledConnection.invoke(PooledConnection.java:245)
	at com.sun.proxy.$Proxy12.prepareStatement(Unknown Source)
	at sun.reflect.GeneratedMethodAccessor6.invoke(Unknown Source)
	at sun.reflect.DelegatingMethodAccessorImpl.invoke(DelegatingMethodAccessorImpl.java:43)
	at java.lang.reflect.Method.invoke(Method.java:498)
	at org.apache.ibatis.logging.jdbc.ConnectionLogger.invoke(ConnectionLogger.java:55)
	at com.sun.proxy.$Proxy12.prepareStatement(Unknown Source)
	at org.apache.ibatis.executor.statement.PreparedStatementHandler.instantiateStatement(PreparedStatementHandler.java:79)
	at org.apache.ibatis.executor.statement.BaseStatementHandler.prepare(BaseStatementHandler.java:88)
	at org.apache.ibatis.executor.statement.RoutingStatementHandler.prepare(RoutingStatementHandler.java:58)
	at org.apache.ibatis.executor.SimpleExecutor.prepareStatement(SimpleExecutor.java:76)
	at org.apache.ibatis.executor.SimpleExecutor.doQuery(SimpleExecutor.java:61)
	at org.apache.ibatis.executor.BaseExecutor.queryFromDatabase(BaseExecutor.java:303)
	at org.apache.ibatis.executor.BaseExecutor.query(BaseExecutor.java:154)
	at org.apache.ibatis.executor.CachingExecutor.query(CachingExecutor.java:102)
	at org.apache.ibatis.executor.CachingExecutor.query(CachingExecutor.java:82)
	at org.apache.ibatis.session.defaults.DefaultSqlSession.selectList(DefaultSqlSession.java:120)
	... 42 more
10:47:16,857 [main] DEBUG org.activiti.engine.impl.cfg.standalone.StandaloneMybatisTransactionContext  - firing event rolling back...
10:47:16,857 [main] DEBUG org.activiti.engine.impl.cfg.standalone.StandaloneMybatisTransactionContext  - rolling back ibatis sql session...
10:47:16,857 [main] DEBUG org.activiti.engine.impl.cfg.standalone.StandaloneMybatisTransactionContext  - firing event rolled back...
10:47:16,857 [main] DEBUG org.apache.ibatis.transaction.jdbc.JdbcTransaction  - Resetting autocommit to true on JDBC Connection [conn6: url=jdbc:h2:mem:activiti user=SA]
10:47:16,857 [main] DEBUG org.apache.ibatis.transaction.jdbc.JdbcTransaction  - Closing JDBC Connection [conn6: url=jdbc:h2:mem:activiti user=SA]
10:47:16,857 [main] DEBUG org.apache.ibatis.datasource.pooled.PooledDataSource  - Returned connection 486346394 to pool.
10:47:16,857 [main] DEBUG org.activiti.engine.impl.interceptor.LogInterceptor  - --- ProcessDefinitionQueryImpl finished --------------------------------------------------------
10:47:16,857 [main] DEBUG org.activiti.engine.impl.interceptor.LogInterceptor  - 

10:47:16,859 [main] DEBUG org.activiti.engine.impl.test.PvmTestCase  - #### END ProcessInstanceMigrationTest.testSetProcessDefinitionVersionWithWithTask #############################################################
10:47:16,859 [main] DEBUG org.activiti.engine.impl.test.TestHelper  - annotation @Deployment deletes deployment for ProcessInstanceMigrationTest.testSetProcessDefinitionVersionWithWithTask
10:47:16,859 [main] DEBUG org.activiti.engine.impl.interceptor.LogInterceptor  - 

10:47:16,859 [main] DEBUG org.activiti.engine.impl.interceptor.LogInterceptor  - --- starting DeleteDeploymentCmd --------------------------------------------------------
10:47:16,859 [main] DEBUG org.apache.ibatis.transaction.jdbc.JdbcTransaction  - Opening JDBC Connection
10:47:16,859 [main] DEBUG org.apache.ibatis.datasource.pooled.PooledDataSource  - Checked out connection 297240765 from pool.
10:47:16,860 [main] DEBUG org.apache.ibatis.transaction.jdbc.JdbcTransaction  - Setting autocommit to false on JDBC Connection [conn4: url=jdbc:h2:mem:activiti user=SA]
10:47:16,860 [main] DEBUG org.activiti.engine.impl.persistence.entity.DeploymentEntity.selectDeploymentById  - ==&gt;  Preparing: select * from ACT_RE_DEPLOYMENT where ID_ = ? 
10:47:16,860 [main] DEBUG org.activiti.engine.impl.persistence.entity.DeploymentEntity.selectDeploymentById  - ==&gt; Parameters: 654(String)
10:47:16,860 [main] DEBUG org.activiti.engine.impl.persistence.entity.DeploymentEntity.selectDeploymentById  - &lt;==      Total: 1
10:47:16,860 [main] DEBUG org.activiti.engine.impl.persistence.entity.ProcessDefinitionEntity.selectProcessDefinitionsByQueryCriteria  - ==&gt;  Preparing: select RES.* from ACT_RE_PROCDEF RES WHERE RES.DEPLOYMENT_ID_ = ? order by order by RES.ID_ asc LIMIT ? OFFSET ? 
10:47:16,860 [main] DEBUG org.activiti.engine.impl.interceptor.CommandContext  - Error while closing command context
org.apache.ibatis.exceptions.PersistenceException: 
### Error querying database.  Cause: org.h2.jdbc.JdbcSQLException: Syntax error in SQL statement &quot;SELECT RES.* 
       
    FROM ACT_RE_PROCDEF RES
     
     WHERE  RES.DEPLOYMENT_ID_ = ? 
   
     ORDER BY  ORDER[*] BY RES.ID_ ASC  
    LIMIT ? OFFSET ? &quot;; expected &quot;=, NOT, EXISTS, INTERSECTS, SELECT, FROM&quot;; SQL statement:
select RES.* 
       
    from ACT_RE_PROCDEF RES
     
     WHERE  RES.DEPLOYMENT_ID_ = ? 
   
     order by  order by RES.ID_ asc  
    LIMIT ? OFFSET ? [42001-176]
### The error may exist in org/activiti/db/mapping/entity/ProcessDefinition.xml
### The error may involve org.activiti.engine.impl.persistence.entity.ProcessDefinitionEntity.selectProcessDefinitionsByQueryCriteria
### The error occurred while executing a query
### SQL: select RES.*              from ACT_RE_PROCDEF RES            WHERE  RES.DEPLOYMENT_ID_ = ?           order by  order by RES.ID_ asc       LIMIT ? OFFSET ?
### Cause: org.h2.jdbc.JdbcSQLException: Syntax error in SQL statement &quot;SELECT RES.* 
       
    FROM ACT_RE_PROCDEF RES
     
     WHERE  RES.DEPLOYMENT_ID_ = ? 
   
     ORDER BY  ORDER[*] BY RES.ID_ ASC  
    LIMIT ? OFFSET ? &quot;; expected &quot;=, NOT, EXISTS, INTERSECTS, SELECT, FROM&quot;; SQL statement:
select RES.* 
       
    from ACT_RE_PROCDEF RES
     
     WHERE  RES.DEPLOYMENT_ID_ = ? 
   
     order by  order by RES.ID_ asc  
    LIMIT ? OFFSET ? [42001-176]
	at org.apache.ibatis.exceptions.ExceptionFactory.wrapException(ExceptionFactory.java:30)
	at org.apache.ibatis.session.defaults.DefaultSqlSession.selectList(DefaultSqlSession.java:122)
	at org.apache.ibatis.session.defaults.DefaultSqlSession.selectList(DefaultSqlSession.java:113)
	at org.activiti.engine.impl.db.DbSqlSession.selectListWithRawParameter(DbSqlSession.java:438)
	at org.activiti.engine.impl.db.DbSqlSession.selectList(DbSqlSession.java:429)
	at org.activiti.engine.impl.db.DbSqlSession.selectList(DbSqlSession.java:419)
	at org.activiti.engine.impl.persistence.entity.ProcessDefinitionEntityManager.findProcessDefinitionsByQueryCriteria(ProcessDefinitionEntityManager.java:57)
	at org.activiti.engine.impl.ProcessDefinitionQueryImpl.executeList(ProcessDefinitionQueryImpl.java:307)
	at org.activiti.engine.impl.AbstractQuery.list(AbstractQuery.java:140)
	at org.activiti.engine.impl.persistence.deploy.DeploymentManager.removeDeployment(DeploymentManager.java:187)
	at org.activiti.engine.impl.cmd.DeleteDeploymentCmd.execute(DeleteDeploymentCmd.java:44)
	at org.activiti.engine.impl.cmd.DeleteDeploymentCmd.execute(DeleteDeploymentCmd.java:24)
	at org.activiti.engine.impl.interceptor.CommandInvoker.execute(CommandInvoker.java:24)
	at org.activiti.engine.impl.interceptor.CommandContextInterceptor.execute(CommandContextInterceptor.java:57)
	at org.activiti.engine.impl.interceptor.LogInterceptor.execute(LogInterceptor.java:37)
	at org.activiti.engine.impl.cfg.CommandExecutorImpl.execute(CommandExecutorImpl.java:40)
	at org.activiti.engine.impl.cfg.CommandExecutorImpl.execute(CommandExecutorImpl.java:35)
	at org.activiti.engine.impl.RepositoryServiceImpl.deleteDeployment(RepositoryServiceImpl.java:90)
	at org.activiti.engine.impl.test.TestHelper.annotationDeploymentTearDown(TestHelper.java:116)
	at org.activiti.engine.impl.test.AbstractActivitiTestCase.runBare(AbstractActivitiTestCase.java:116)
	at junit.framework.TestResult$1.protect(TestResult.java:122)
	at junit.framework.TestResult.runProtected(TestResult.java:142)
	at junit.framework.TestResult.run(TestResult.java:125)
	at junit.framework.TestCase.run(TestCase.java:129)
	at junit.framework.TestSuite.runTest(TestSuite.java:255)
	at junit.framework.TestSuite.run(TestSuite.java:250)
	at org.junit.internal.runners.JUnit38ClassRunner.run(JUnit38ClassRunner.java:84)
	at org.apache.maven.surefire.junit4.JUnit4TestSet.execute(JUnit4TestSet.java:35)
	at org.apache.maven.surefire.junit4.JUnit4Provider.executeTestSet(JUnit4Provider.java:146)
	at org.apache.maven.surefire.junit4.JUnit4Provider.invoke(JUnit4Provider.java:97)
	at sun.reflect.NativeMethodAccessorImpl.invoke0(Native Method)
	at sun.reflect.NativeMethodAccessorImpl.invoke(NativeMethodAccessorImpl.java:62)
	at sun.reflect.DelegatingMethodAccessorImpl.invoke(DelegatingMethodAccessorImpl.java:43)
	at java.lang.reflect.Method.invoke(Method.java:498)
	at org.apache.maven.surefire.booter.ProviderFactory$ClassLoaderProxy.invoke(ProviderFactory.java:103)
	at com.sun.proxy.$Proxy0.invoke(Unknown Source)
	at org.apache.maven.surefire.booter.SurefireStarter.invokeProvider(SurefireStarter.java:145)
	at org.apache.maven.surefire.booter.SurefireStarter.runSuitesInProcess(SurefireStarter.java:87)
	at org.apache.maven.surefire.booter.ForkedBooter.main(ForkedBooter.java:69)
Caused by: org.h2.jdbc.JdbcSQLException: Syntax error in SQL statement &quot;SELECT RES.* 
       
    FROM ACT_RE_PROCDEF RES
     
     WHERE  RES.DEPLOYMENT_ID_ = ? 
   
     ORDER BY  ORDER[*] BY RES.ID_ ASC  
    LIMIT ? OFFSET ? &quot;; expected &quot;=, NOT, EXISTS, INTERSECTS, SELECT, FROM&quot;; SQL statement:
select RES.* 
       
    from ACT_RE_PROCDEF RES
     
     WHERE  RES.DEPLOYMENT_ID_ = ? 
   
     order by  order by RES.ID_ asc  
    LIMIT ? OFFSET ? [42001-176]
	at org.h2.message.DbException.getJdbcSQLException(DbException.java:344)
	at org.h2.message.DbException.getSyntaxError(DbException.java:204)
	at org.h2.command.Parser.getSyntaxError(Parser.java:524)
	at org.h2.command.Parser.readTerm(Parser.java:2688)
	at org.h2.command.Parser.readFactor(Parser.java:2244)
	at org.h2.command.Parser.readSum(Parser.java:2231)
	at org.h2.command.Parser.readConcat(Parser.java:2201)
	at org.h2.command.Parser.readCondition(Parser.java:2051)
	at org.h2.command.Parser.readAnd(Parser.java:2023)
	at org.h2.command.Parser.readExpression(Parser.java:2015)
	at org.h2.command.Parser.parseEndOfQuery(Parser.java:1726)
	at org.h2.command.Parser.parseSelectUnionExtension(Parser.java:1706)
	at org.h2.command.Parser.parseSelectUnion(Parser.java:1675)
	at org.h2.command.Parser.parseSelect(Parser.java:1662)
	at org.h2.command.Parser.parsePrepared(Parser.java:434)
	at org.h2.command.Parser.parse(Parser.java:306)
	at org.h2.command.Parser.parse(Parser.java:282)
	at org.h2.command.Parser.prepareCommand(Parser.java:243)
	at org.h2.engine.Session.prepareLocal(Session.java:442)
	at org.h2.engine.Session.prepareCommand(Session.java:384)
	at org.h2.jdbc.JdbcConnection.prepareCommand(JdbcConnection.java:1188)
	at org.h2.jdbc.JdbcPreparedStatement.&lt;init&gt;(JdbcPreparedStatement.java:73)
	at org.h2.jdbc.JdbcConnection.prepareStatement(JdbcConnection.java:276)
	at sun.reflect.GeneratedMethodAccessor6.invoke(Unknown Source)
	at sun.reflect.DelegatingMethodAccessorImpl.invoke(DelegatingMethodAccessorImpl.java:43)
	at java.lang.reflect.Method.invoke(Method.java:498)
	at org.apache.ibatis.datasource.pooled.PooledConnection.invoke(PooledConnection.java:245)
	at com.sun.proxy.$Proxy12.prepareStatement(Unknown Source)
	at sun.reflect.GeneratedMethodAccessor6.invoke(Unknown Source)
	at sun.reflect.DelegatingMethodAccessorImpl.invoke(DelegatingMethodAccessorImpl.java:43)
	at java.lang.reflect.Method.invoke(Method.java:498)
	at org.apache.ibatis.logging.jdbc.ConnectionLogger.invoke(ConnectionLogger.java:55)
	at com.sun.proxy.$Proxy12.prepareStatement(Unknown Source)
	at org.apache.ibatis.executor.statement.PreparedStatementHandler.instantiateStatement(PreparedStatementHandler.java:79)
	at org.apache.ibatis.executor.statement.BaseStatementHandler.prepare(BaseStatementHandler.java:88)
	at org.apache.ibatis.executor.statement.RoutingStatementHandler.prepare(RoutingStatementHandler.java:58)
	at org.apache.ibatis.executor.SimpleExecutor.prepareStatement(SimpleExecutor.java:76)
	at org.apache.ibatis.executor.SimpleExecutor.doQuery(SimpleExecutor.java:61)
	at org.apache.ibatis.executor.BaseExecutor.queryFromDatabase(BaseExecutor.java:303)
	at org.apache.ibatis.executor.BaseExecutor.query(BaseExecutor.java:154)
	at org.apache.ibatis.executor.CachingExecutor.query(CachingExecutor.java:102)
	at org.apache.ibatis.executor.CachingExecutor.query(CachingExecutor.java:82)
	at org.apache.ibatis.session.defaults.DefaultSqlSession.selectList(DefaultSqlSession.java:120)
	... 37 more
10:47:16,860 [main] DEBUG org.activiti.engine.impl.cfg.standalone.StandaloneMybatisTransactionContext  - firing event rolling back...
10:47:16,860 [main] DEBUG org.activiti.engine.impl.cfg.standalone.StandaloneMybatisTransactionContext  - rolling back ibatis sql session...
10:47:16,860 [main] DEBUG org.activiti.engine.impl.cfg.standalone.StandaloneMybatisTransactionContext  - firing event rolled back...
10:47:16,860 [main] DEBUG org.apache.ibatis.transaction.jdbc.JdbcTransaction  - Resetting autocommit to true on JDBC Connection [conn4: url=jdbc:h2:mem:activiti user=SA]
10:47:16,860 [main] DEBUG org.apache.ibatis.transaction.jdbc.JdbcTransaction  - Closing JDBC Connection [conn4: url=jdbc:h2:mem:activiti user=SA]
10:47:16,860 [main] DEBUG org.apache.ibatis.datasource.pooled.PooledDataSource  - Returned connection 297240765 to pool.
10:47:16,860 [main] DEBUG org.activiti.engine.impl.interceptor.LogInterceptor  - --- DeleteDeploymentCmd finished --------------------------------------------------------
10:47:16,860 [main] DEBUG org.activiti.engine.impl.interceptor.LogInterceptor  - 

</system-out>
    <system-err>org.apache.ibatis.exceptions.PersistenceException: 
### Error querying database.  Cause: org.h2.jdbc.JdbcSQLException: Syntax error in SQL statement &quot;SELECT RES.* 
       
    FROM ACT_RE_PROCDEF RES
     
     WHERE  RES.KEY_ = ?
      
      
      
      
      
        AND RES.VERSION_ = ? 
   
     ORDER BY  ORDER[*] BY RES.ID_ ASC  
    LIMIT ? OFFSET ? &quot;; expected &quot;=, NOT, EXISTS, INTERSECTS, SELECT, FROM&quot;; SQL statement:
select RES.* 
       
    from ACT_RE_PROCDEF RES
     
     WHERE  RES.KEY_ = ?
      
      
      
      
      
        and RES.VERSION_ = ? 
   
     order by  order by RES.ID_ asc  
    LIMIT ? OFFSET ? [42001-176]
### The error may exist in org/activiti/db/mapping/entity/ProcessDefinition.xml
### The error may involve org.activiti.engine.impl.persistence.entity.ProcessDefinitionEntity.selectProcessDefinitionsByQueryCriteria
### The error occurred while executing a query
### SQL: select RES.*              from ACT_RE_PROCDEF RES            WHERE  RES.KEY_ = ?                                            and RES.VERSION_ = ?           order by  order by RES.ID_ asc       LIMIT ? OFFSET ?
### Cause: org.h2.jdbc.JdbcSQLException: Syntax error in SQL statement &quot;SELECT RES.* 
       
    FROM ACT_RE_PROCDEF RES
     
     WHERE  RES.KEY_ = ?
      
      
      
      
      
        AND RES.VERSION_ = ? 
   
     ORDER BY  ORDER[*] BY RES.ID_ ASC  
    LIMIT ? OFFSET ? &quot;; expected &quot;=, NOT, EXISTS, INTERSECTS, SELECT, FROM&quot;; SQL statement:
select RES.* 
       
    from ACT_RE_PROCDEF RES
     
     WHERE  RES.KEY_ = ?
      
      
      
      
      
        and RES.VERSION_ = ? 
   
     order by  order by RES.ID_ asc  
    LIMIT ? OFFSET ? [42001-176]
	at org.apache.ibatis.exceptions.ExceptionFactory.wrapException(ExceptionFactory.java:30)
	at org.apache.ibatis.session.defaults.DefaultSqlSession.selectList(DefaultSqlSession.java:122)
	at org.apache.ibatis.session.defaults.DefaultSqlSession.selectList(DefaultSqlSession.java:113)
	at org.activiti.engine.impl.db.DbSqlSession.selectListWithRawParameter(DbSqlSession.java:438)
	at org.activiti.engine.impl.db.DbSqlSession.selectList(DbSqlSession.java:429)
	at org.activiti.engine.impl.db.DbSqlSession.selectList(DbSqlSession.java:419)
	at org.activiti.engine.impl.persistence.entity.ProcessDefinitionEntityManager.findProcessDefinitionsByQueryCriteria(ProcessDefinitionEntityManager.java:57)
	at org.activiti.engine.impl.ProcessDefinitionQueryImpl.executeList(ProcessDefinitionQueryImpl.java:307)
	at org.activiti.engine.impl.AbstractQuery.executeSingleResult(AbstractQuery.java:183)
	at org.activiti.engine.impl.AbstractQuery.execute(AbstractQuery.java:166)
	at org.activiti.engine.impl.interceptor.CommandInvoker.execute(CommandInvoker.java:24)
	at org.activiti.engine.impl.interceptor.CommandContextInterceptor.execute(CommandContextInterceptor.java:57)
	at org.activiti.engine.impl.interceptor.LogInterceptor.execute(LogInterceptor.java:37)
	at org.activiti.engine.impl.cfg.CommandExecutorImpl.execute(CommandExecutorImpl.java:40)
	at org.activiti.engine.impl.cfg.CommandExecutorImpl.execute(CommandExecutorImpl.java:35)
	at org.activiti.engine.impl.AbstractQuery.singleResult(AbstractQuery.java:129)
	at org.activiti.engine.test.db.ProcessInstanceMigrationTest.testSetProcessDefinitionVersionWithWithTask(ProcessInstanceMigrationTest.java:289)
	at sun.reflect.NativeMethodAccessorImpl.invoke0(Native Method)
	at sun.reflect.NativeMethodAccessorImpl.invoke(NativeMethodAccessorImpl.java:62)
	at sun.reflect.DelegatingMethodAccessorImpl.invoke(DelegatingMethodAccessorImpl.java:43)
	at java.lang.reflect.Method.invoke(Method.java:498)
	at junit.framework.TestCase.runTest(TestCase.java:176)
	at org.activiti.engine.impl.test.PvmTestCase.runTest(PvmTestCase.java:65)
	at junit.framework.TestCase.runBare(TestCase.java:141)
	at org.activiti.engine.impl.test.AbstractActivitiTestCase.runBare(AbstractActivitiTestCase.java:100)
	at junit.framework.TestResult$1.protect(TestResult.java:122)
	at junit.framework.TestResult.runProtected(TestResult.java:142)
	at junit.framework.TestResult.run(TestResult.java:125)
	at junit.framework.TestCase.run(TestCase.java:129)
	at junit.framework.TestSuite.runTest(TestSuite.java:255)
	at junit.framework.TestSuite.run(TestSuite.java:250)
	at org.junit.internal.runners.JUnit38ClassRunner.run(JUnit38ClassRunner.java:84)
	at org.apache.maven.surefire.junit4.JUnit4TestSet.execute(JUnit4TestSet.java:35)
	at org.apache.maven.surefire.junit4.JUnit4Provider.executeTestSet(JUnit4Provider.java:146)
	at org.apache.maven.surefire.junit4.JUnit4Provider.invoke(JUnit4Provider.java:97)
	at sun.reflect.NativeMethodAccessorImpl.invoke0(Native Method)
	at sun.reflect.NativeMethodAccessorImpl.invoke(NativeMethodAccessorImpl.java:62)
	at sun.reflect.DelegatingMethodAccessorImpl.invoke(DelegatingMethodAccessorImpl.java:43)
	at java.lang.reflect.Method.invoke(Method.java:498)
	at org.apache.maven.surefire.booter.ProviderFactory$ClassLoaderProxy.invoke(ProviderFactory.java:103)
	at com.sun.proxy.$Proxy0.invoke(Unknown Source)
	at org.apache.maven.surefire.booter.SurefireStarter.invokeProvider(SurefireStarter.java:145)
	at org.apache.maven.surefire.booter.SurefireStarter.runSuitesInProcess(SurefireStarter.java:87)
	at org.apache.maven.surefire.booter.ForkedBooter.main(ForkedBooter.java:69)
Caused by: org.h2.jdbc.JdbcSQLException: Syntax error in SQL statement &quot;SELECT RES.* 
       
    FROM ACT_RE_PROCDEF RES
     
     WHERE  RES.KEY_ = ?
      
      
      
      
      
        AND RES.VERSION_ = ? 
   
     ORDER BY  ORDER[*] BY RES.ID_ ASC  
    LIMIT ? OFFSET ? &quot;; expected &quot;=, NOT, EXISTS, INTERSECTS, SELECT, FROM&quot;; SQL statement:
select RES.* 
       
    from ACT_RE_PROCDEF RES
     
     WHERE  RES.KEY_ = ?
      
      
      
      
      
        and RES.VERSION_ = ? 
   
     order by  order by RES.ID_ asc  
    LIMIT ? OFFSET ? [42001-176]
	at org.h2.message.DbException.getJdbcSQLException(DbException.java:344)
	at org.h2.message.DbException.getSyntaxError(DbException.java:204)
	at org.h2.command.Parser.getSyntaxError(Parser.java:524)
	at org.h2.command.Parser.readTerm(Parser.java:2688)
	at org.h2.command.Parser.readFactor(Parser.java:2244)
	at org.h2.command.Parser.readSum(Parser.java:2231)
	at org.h2.command.Parser.readConcat(Parser.java:2201)
	at org.h2.command.Parser.readCondition(Parser.java:2051)
	at org.h2.command.Parser.readAnd(Parser.java:2023)
	at org.h2.command.Parser.readExpression(Parser.java:2015)
	at org.h2.command.Parser.parseEndOfQuery(Parser.java:1726)
	at org.h2.command.Parser.parseSelectUnionExtension(Parser.java:1706)
	at org.h2.command.Parser.parseSelectUnion(Parser.java:1675)
	at org.h2.command.Parser.parseSelect(Parser.java:1662)
	at org.h2.command.Parser.parsePrepared(Parser.java:434)
	at org.h2.command.Parser.parse(Parser.java:306)
	at org.h2.command.Parser.parse(Parser.java:282)
	at org.h2.command.Parser.prepareCommand(Parser.java:243)
	at org.h2.engine.Session.prepareLocal(Session.java:442)
	at org.h2.engine.Session.prepareCommand(Session.java:384)
	at org.h2.jdbc.JdbcConnection.prepareCommand(JdbcConnection.java:1188)
	at org.h2.jdbc.JdbcPreparedStatement.&lt;init&gt;(JdbcPreparedStatement.java:73)
	at org.h2.jdbc.JdbcConnection.prepareStatement(JdbcConnection.java:276)
	at sun.reflect.GeneratedMethodAccessor6.invoke(Unknown Source)
	at sun.reflect.DelegatingMethodAccessorImpl.invoke(DelegatingMethodAccessorImpl.java:43)
	at java.lang.reflect.Method.invoke(Method.java:498)
	at org.apache.ibatis.datasource.pooled.PooledConnection.invoke(PooledConnection.java:245)
	at com.sun.proxy.$Proxy12.prepareStatement(Unknown Source)
	at sun.reflect.GeneratedMethodAccessor6.invoke(Unknown Source)
	at sun.reflect.DelegatingMethodAccessorImpl.invoke(DelegatingMethodAccessorImpl.java:43)
	at java.lang.reflect.Method.invoke(Method.java:498)
	at org.apache.ibatis.logging.jdbc.ConnectionLogger.invoke(ConnectionLogger.java:55)
	at com.sun.proxy.$Proxy12.prepareStatement(Unknown Source)
	at org.apache.ibatis.executor.statement.PreparedStatementHandler.instantiateStatement(PreparedStatementHandler.java:79)
	at org.apache.ibatis.executor.statement.BaseStatementHandler.prepare(BaseStatementHandler.java:88)
	at org.apache.ibatis.executor.statement.RoutingStatementHandler.prepare(RoutingStatementHandler.java:58)
	at org.apache.ibatis.executor.SimpleExecutor.prepareStatement(SimpleExecutor.java:76)
	at org.apache.ibatis.executor.SimpleExecutor.doQuery(SimpleExecutor.java:61)
	at org.apache.ibatis.executor.BaseExecutor.queryFromDatabase(BaseExecutor.java:303)
	at org.apache.ibatis.executor.BaseExecutor.query(BaseExecutor.java:154)
	at org.apache.ibatis.executor.CachingExecutor.query(CachingExecutor.java:102)
	at org.apache.ibatis.executor.CachingExecutor.query(CachingExecutor.java:82)
	at org.apache.ibatis.session.defaults.DefaultSqlSession.selectList(DefaultSqlSession.java:120)
	... 42 more
</system-err>
  </testcase>
  <testcase classname="org.activiti.engine.test.db.ProcessInstanceMigrationTest" name="testSetProcessDefinitionVersionSubExecutionsNested" time="0.014">
    <error message="
### Error querying database.  Cause: org.h2.jdbc.JdbcSQLException: Syntax error in SQL statement &quot;SELECT RES.* 
       
    FROM ACT_RE_PROCDEF RES
     
     WHERE  RES.DEPLOYMENT_ID_ = ? 
   
     ORDER BY  ORDER[*] BY RES.ID_ ASC  
    LIMIT ? OFFSET ? &quot;; expected &quot;=, NOT, EXISTS, INTERSECTS, SELECT, FROM&quot;; SQL statement:
select RES.* 
       
    from ACT_RE_PROCDEF RES
     
     WHERE  RES.DEPLOYMENT_ID_ = ? 
   
     order by  order by RES.ID_ asc  
    LIMIT ? OFFSET ? [42001-176]
### The error may exist in org/activiti/db/mapping/entity/ProcessDefinition.xml
### The error may involve org.activiti.engine.impl.persistence.entity.ProcessDefinitionEntity.selectProcessDefinitionsByQueryCriteria
### The error occurred while executing a query
### SQL: select RES.*              from ACT_RE_PROCDEF RES            WHERE  RES.DEPLOYMENT_ID_ = ?           order by  order by RES.ID_ asc       LIMIT ? OFFSET ?
### Cause: org.h2.jdbc.JdbcSQLException: Syntax error in SQL statement &quot;SELECT RES.* 
       
    FROM ACT_RE_PROCDEF RES
     
     WHERE  RES.DEPLOYMENT_ID_ = ? 
   
     ORDER BY  ORDER[*] BY RES.ID_ ASC  
    LIMIT ? OFFSET ? &quot;; expected &quot;=, NOT, EXISTS, INTERSECTS, SELECT, FROM&quot;; SQL statement:
select RES.* 
       
    from ACT_RE_PROCDEF RES
     
     WHERE  RES.DEPLOYMENT_ID_ = ? 
   
     order by  order by RES.ID_ asc  
    LIMIT ? OFFSET ? [42001-176]" type="org.apache.ibatis.exceptions.PersistenceException">org.apache.ibatis.exceptions.PersistenceException: 
### Error querying database.  Cause: org.h2.jdbc.JdbcSQLException: Syntax error in SQL statement &quot;SELECT RES.* 
       
    FROM ACT_RE_PROCDEF RES
     
     WHERE  RES.DEPLOYMENT_ID_ = ? 
   
     ORDER BY  ORDER[*] BY RES.ID_ ASC  
    LIMIT ? OFFSET ? &quot;; expected &quot;=, NOT, EXISTS, INTERSECTS, SELECT, FROM&quot;; SQL statement:
select RES.* 
       
    from ACT_RE_PROCDEF RES
     
     WHERE  RES.DEPLOYMENT_ID_ = ? 
   
     order by  order by RES.ID_ asc  
    LIMIT ? OFFSET ? [42001-176]
### The error may exist in org/activiti/db/mapping/entity/ProcessDefinition.xml
### The error may involve org.activiti.engine.impl.persistence.entity.ProcessDefinitionEntity.selectProcessDefinitionsByQueryCriteria
### The error occurred while executing a query
### SQL: select RES.*              from ACT_RE_PROCDEF RES            WHERE  RES.DEPLOYMENT_ID_ = ?           order by  order by RES.ID_ asc       LIMIT ? OFFSET ?
### Cause: org.h2.jdbc.JdbcSQLException: Syntax error in SQL statement &quot;SELECT RES.* 
       
    FROM ACT_RE_PROCDEF RES
     
     WHERE  RES.DEPLOYMENT_ID_ = ? 
   
     ORDER BY  ORDER[*] BY RES.ID_ ASC  
    LIMIT ? OFFSET ? &quot;; expected &quot;=, NOT, EXISTS, INTERSECTS, SELECT, FROM&quot;; SQL statement:
select RES.* 
       
    from ACT_RE_PROCDEF RES
     
     WHERE  RES.DEPLOYMENT_ID_ = ? 
   
     order by  order by RES.ID_ asc  
    LIMIT ? OFFSET ? [42001-176]
	at org.apache.ibatis.exceptions.ExceptionFactory.wrapException(ExceptionFactory.java:30)
	at org.apache.ibatis.session.defaults.DefaultSqlSession.selectList(DefaultSqlSession.java:122)
	at org.apache.ibatis.session.defaults.DefaultSqlSession.selectList(DefaultSqlSession.java:113)
	at org.activiti.engine.impl.db.DbSqlSession.selectListWithRawParameter(DbSqlSession.java:438)
	at org.activiti.engine.impl.db.DbSqlSession.selectList(DbSqlSession.java:429)
	at org.activiti.engine.impl.db.DbSqlSession.selectList(DbSqlSession.java:419)
	at org.activiti.engine.impl.persistence.entity.ProcessDefinitionEntityManager.findProcessDefinitionsByQueryCriteria(ProcessDefinitionEntityManager.java:57)
	at org.activiti.engine.impl.ProcessDefinitionQueryImpl.executeList(ProcessDefinitionQueryImpl.java:307)
	at org.activiti.engine.impl.AbstractQuery.list(AbstractQuery.java:140)
	at org.activiti.engine.impl.persistence.deploy.DeploymentManager.removeDeployment(DeploymentManager.java:187)
	at org.activiti.engine.impl.cmd.DeleteDeploymentCmd.execute(DeleteDeploymentCmd.java:44)
	at org.activiti.engine.impl.cmd.DeleteDeploymentCmd.execute(DeleteDeploymentCmd.java:24)
	at org.activiti.engine.impl.interceptor.CommandInvoker.execute(CommandInvoker.java:24)
	at org.activiti.engine.impl.interceptor.CommandContextInterceptor.execute(CommandContextInterceptor.java:57)
	at org.activiti.engine.impl.interceptor.LogInterceptor.execute(LogInterceptor.java:37)
	at org.activiti.engine.impl.cfg.CommandExecutorImpl.execute(CommandExecutorImpl.java:40)
	at org.activiti.engine.impl.cfg.CommandExecutorImpl.execute(CommandExecutorImpl.java:35)
	at org.activiti.engine.impl.RepositoryServiceImpl.deleteDeployment(RepositoryServiceImpl.java:90)
	at org.activiti.engine.impl.test.TestHelper.annotationDeploymentTearDown(TestHelper.java:116)
	at org.activiti.engine.impl.test.AbstractActivitiTestCase.runBare(AbstractActivitiTestCase.java:116)
	at junit.framework.TestResult$1.protect(TestResult.java:122)
	at junit.framework.TestResult.runProtected(TestResult.java:142)
	at junit.framework.TestResult.run(TestResult.java:125)
	at junit.framework.TestCase.run(TestCase.java:129)
	at junit.framework.TestSuite.runTest(TestSuite.java:255)
	at junit.framework.TestSuite.run(TestSuite.java:250)
	at org.junit.internal.runners.JUnit38ClassRunner.run(JUnit38ClassRunner.java:84)
	at org.apache.maven.surefire.junit4.JUnit4TestSet.execute(JUnit4TestSet.java:35)
	at org.apache.maven.surefire.junit4.JUnit4Provider.executeTestSet(JUnit4Provider.java:146)
	at org.apache.maven.surefire.junit4.JUnit4Provider.invoke(JUnit4Provider.java:97)
	at sun.reflect.NativeMethodAccessorImpl.invoke0(Native Method)
	at sun.reflect.NativeMethodAccessorImpl.invoke(NativeMethodAccessorImpl.java:62)
	at sun.reflect.DelegatingMethodAccessorImpl.invoke(DelegatingMethodAccessorImpl.java:43)
	at java.lang.reflect.Method.invoke(Method.java:498)
	at org.apache.maven.surefire.booter.ProviderFactory$ClassLoaderProxy.invoke(ProviderFactory.java:103)
	at com.sun.proxy.$Proxy0.invoke(Unknown Source)
	at org.apache.maven.surefire.booter.SurefireStarter.invokeProvider(SurefireStarter.java:145)
	at org.apache.maven.surefire.booter.SurefireStarter.runSuitesInProcess(SurefireStarter.java:87)
	at org.apache.maven.surefire.booter.ForkedBooter.main(ForkedBooter.java:69)
Caused by: org.h2.jdbc.JdbcSQLException: Syntax error in SQL statement &quot;SELECT RES.* 
       
    FROM ACT_RE_PROCDEF RES
     
     WHERE  RES.DEPLOYMENT_ID_ = ? 
   
     ORDER BY  ORDER[*] BY RES.ID_ ASC  
    LIMIT ? OFFSET ? &quot;; expected &quot;=, NOT, EXISTS, INTERSECTS, SELECT, FROM&quot;; SQL statement:
select RES.* 
       
    from ACT_RE_PROCDEF RES
     
     WHERE  RES.DEPLOYMENT_ID_ = ? 
   
     order by  order by RES.ID_ asc  
    LIMIT ? OFFSET ? [42001-176]
	at org.h2.message.DbException.getJdbcSQLException(DbException.java:344)
	at org.h2.message.DbException.getSyntaxError(DbException.java:204)
	at org.h2.command.Parser.getSyntaxError(Parser.java:524)
	at org.h2.command.Parser.readTerm(Parser.java:2688)
	at org.h2.command.Parser.readFactor(Parser.java:2244)
	at org.h2.command.Parser.readSum(Parser.java:2231)
	at org.h2.command.Parser.readConcat(Parser.java:2201)
	at org.h2.command.Parser.readCondition(Parser.java:2051)
	at org.h2.command.Parser.readAnd(Parser.java:2023)
	at org.h2.command.Parser.readExpression(Parser.java:2015)
	at org.h2.command.Parser.parseEndOfQuery(Parser.java:1726)
	at org.h2.command.Parser.parseSelectUnionExtension(Parser.java:1706)
	at org.h2.command.Parser.parseSelectUnion(Parser.java:1675)
	at org.h2.command.Parser.parseSelect(Parser.java:1662)
	at org.h2.command.Parser.parsePrepared(Parser.java:434)
	at org.h2.command.Parser.parse(Parser.java:306)
	at org.h2.command.Parser.parse(Parser.java:282)
	at org.h2.command.Parser.prepareCommand(Parser.java:243)
	at org.h2.engine.Session.prepareLocal(Session.java:442)
	at org.h2.engine.Session.prepareCommand(Session.java:384)
	at org.h2.jdbc.JdbcConnection.prepareCommand(JdbcConnection.java:1188)
	at org.h2.jdbc.JdbcPreparedStatement.&lt;init&gt;(JdbcPreparedStatement.java:73)
	at org.h2.jdbc.JdbcConnection.prepareStatement(JdbcConnection.java:276)
	at sun.reflect.GeneratedMethodAccessor6.invoke(Unknown Source)
	at sun.reflect.DelegatingMethodAccessorImpl.invoke(DelegatingMethodAccessorImpl.java:43)
	at java.lang.reflect.Method.invoke(Method.java:498)
	at org.apache.ibatis.datasource.pooled.PooledConnection.invoke(PooledConnection.java:245)
	at com.sun.proxy.$Proxy12.prepareStatement(Unknown Source)
	at sun.reflect.GeneratedMethodAccessor6.invoke(Unknown Source)
	at sun.reflect.DelegatingMethodAccessorImpl.invoke(DelegatingMethodAccessorImpl.java:43)
	at java.lang.reflect.Method.invoke(Method.java:498)
	at org.apache.ibatis.logging.jdbc.ConnectionLogger.invoke(ConnectionLogger.java:55)
	at com.sun.proxy.$Proxy12.prepareStatement(Unknown Source)
	at org.apache.ibatis.executor.statement.PreparedStatementHandler.instantiateStatement(PreparedStatementHandler.java:79)
	at org.apache.ibatis.executor.statement.BaseStatementHandler.prepare(BaseStatementHandler.java:88)
	at org.apache.ibatis.executor.statement.RoutingStatementHandler.prepare(RoutingStatementHandler.java:58)
	at org.apache.ibatis.executor.SimpleExecutor.prepareStatement(SimpleExecutor.java:76)
	at org.apache.ibatis.executor.SimpleExecutor.doQuery(SimpleExecutor.java:61)
	at org.apache.ibatis.executor.BaseExecutor.queryFromDatabase(BaseExecutor.java:303)
	at org.apache.ibatis.executor.BaseExecutor.query(BaseExecutor.java:154)
	at org.apache.ibatis.executor.CachingExecutor.query(CachingExecutor.java:102)
	at org.apache.ibatis.executor.CachingExecutor.query(CachingExecutor.java:82)
	at org.apache.ibatis.session.defaults.DefaultSqlSession.selectList(DefaultSqlSession.java:120)
	... 37 more
</error>
    <system-out>10:47:16,861 [main] DEBUG org.activiti.engine.impl.test.TestHelper  - annotation @Deployment creates deployment for ProcessInstanceMigrationTest.testSetProcessDefinitionVersionSubExecutionsNested
10:47:16,861 [main] DEBUG org.activiti.engine.impl.interceptor.LogInterceptor  - 

10:47:16,862 [main] DEBUG org.activiti.engine.impl.interceptor.LogInterceptor  - --- starting DeployCmd --------------------------------------------------------
10:47:16,862 [main] DEBUG org.activiti.engine.impl.bpmn.deployer.BpmnDeployer  - Processing deployment ProcessInstanceMigrationTest.testSetProcessDefinitionVersionSubExecutionsNested
10:47:16,862 [main] INFO  org.activiti.engine.impl.bpmn.deployer.BpmnDeployer  - Processing resource org/activiti/engine/test/db/ProcessInstanceMigrationTest.testSetProcessDefinitionVersionSubExecutionsNested.bpmn20.xml
10:47:16,866 [main] DEBUG org.activiti.engine.impl.bpmn.parser.handler.ProcessParseHandler  - Parsing process forkJoinNested
10:47:16,866 [main] DEBUG org.activiti.engine.impl.bpmn.parser.handler.AbstractBpmnParseHandler  - Parsing activity fork
10:47:16,866 [main] DEBUG org.activiti.engine.impl.bpmn.parser.handler.AbstractBpmnParseHandler  - Parsing activity receivePayment
10:47:16,866 [main] DEBUG org.activiti.engine.impl.bpmn.parser.handler.AbstractBpmnParseHandler  - Parsing activity shipOrder
10:47:16,866 [main] DEBUG org.activiti.engine.impl.bpmn.parser.handler.AbstractBpmnParseHandler  - Parsing activity join
10:47:16,866 [main] DEBUG org.activiti.engine.impl.bpmn.parser.handler.AbstractBpmnParseHandler  - Parsing activity archiveOrder
10:47:16,866 [main] DEBUG org.activiti.engine.impl.bpmn.parser.handler.AbstractBpmnParseHandler  - Parsing activity theStart
10:47:16,866 [main] DEBUG org.activiti.engine.impl.bpmn.parser.handler.AbstractBpmnParseHandler  - Parsing activity theEnd
10:47:16,867 [main] DEBUG org.activiti.engine.impl.bpmn.parser.handler.AbstractBpmnParseHandler  - Parsing activity escalationTimer
10:47:16,867 [main] DEBUG org.apache.ibatis.transaction.jdbc.JdbcTransaction  - Opening JDBC Connection
10:47:16,867 [main] DEBUG org.apache.ibatis.datasource.pooled.PooledDataSource  - Checked out connection 363509958 from pool.
10:47:16,867 [main] DEBUG org.apache.ibatis.transaction.jdbc.JdbcTransaction  - Setting autocommit to false on JDBC Connection [conn2: url=jdbc:h2:mem:activiti user=SA]
10:47:16,867 [main] DEBUG org.activiti.engine.impl.persistence.entity.ProcessDefinitionEntity.selectLatestProcessDefinitionByKey  - ==&gt;  Preparing: select * from ACT_RE_PROCDEF where KEY_ = ? and (TENANT_ID_ = &apos;&apos; or TENANT_ID_ is null) and VERSION_ = (select max(VERSION_) from ACT_RE_PROCDEF where KEY_ = ? and (TENANT_ID_ = &apos;&apos; or TENANT_ID_ is null)) 
10:47:16,867 [main] DEBUG org.activiti.engine.impl.persistence.entity.ProcessDefinitionEntity.selectLatestProcessDefinitionByKey  - ==&gt; Parameters: forkJoinNested(String), forkJoinNested(String)
10:47:16,867 [main] DEBUG org.activiti.engine.impl.persistence.entity.ProcessDefinitionEntity.selectLatestProcessDefinitionByKey  - &lt;==      Total: 0
10:47:16,867 [main] DEBUG org.activiti.engine.impl.persistence.entity.JobEntity.selectJobByTypeAndProcessDefinitionKeyNoTenantId  - ==&gt;  Preparing: select J.* from ACT_RU_JOB J inner join ACT_RE_PROCDEF P on J.PROC_DEF_ID_ = P.ID_ where J.HANDLER_TYPE_ = ? and P.KEY_ = ? and (P.TENANT_ID_ = &apos;&apos; or P.TENANT_ID_ is null) 
10:47:16,867 [main] DEBUG org.activiti.engine.impl.persistence.entity.JobEntity.selectJobByTypeAndProcessDefinitionKeyNoTenantId  - ==&gt; Parameters: timer-start-event(String), forkJoinNested(String)
10:47:16,867 [main] DEBUG org.activiti.engine.impl.persistence.entity.JobEntity.selectJobByTypeAndProcessDefinitionKeyNoTenantId  - &lt;==      Total: 0
10:47:16,867 [main] DEBUG org.activiti.engine.impl.persistence.entity.ProcessDefinitionInfoEntity.selectProcessDefinitionInfoByProcessDefinitionId  - ==&gt;  Preparing: select * from ACT_PROCDEF_INFO where PROC_DEF_ID_ = ? 
10:47:16,867 [main] DEBUG org.activiti.engine.impl.persistence.entity.ProcessDefinitionInfoEntity.selectProcessDefinitionInfoByProcessDefinitionId  - ==&gt; Parameters: forkJoinNested:1:666(String)
10:47:16,867 [main] DEBUG org.activiti.engine.impl.persistence.entity.ProcessDefinitionInfoEntity.selectProcessDefinitionInfoByProcessDefinitionId  - &lt;==      Total: 0
10:47:16,867 [main] DEBUG org.activiti.engine.impl.interceptor.LogInterceptor  - 

10:47:16,867 [main] DEBUG org.activiti.engine.impl.interceptor.LogInterceptor  - --- starting GetProcessDefinitionInfoCmd --------------------------------------------------------
10:47:16,868 [main] DEBUG org.activiti.engine.impl.interceptor.CommandContextInterceptor  - Valid context found. Reusing it for the current command &apos;org.activiti.engine.impl.cmd.GetProcessDefinitionInfoCmd&apos;
10:47:16,868 [main] DEBUG org.activiti.engine.impl.interceptor.LogInterceptor  - 

10:47:16,868 [main] DEBUG org.activiti.engine.impl.interceptor.LogInterceptor  - --- starting  --------------------------------------------------------
10:47:16,868 [main] DEBUG org.activiti.engine.impl.interceptor.CommandContextInterceptor  - Valid context found. Reusing it for the current command &apos;null&apos;
10:47:16,868 [main] DEBUG org.activiti.engine.impl.interceptor.LogInterceptor  - ---  finished --------------------------------------------------------
10:47:16,868 [main] DEBUG org.activiti.engine.impl.interceptor.LogInterceptor  - 

10:47:16,868 [main] DEBUG org.activiti.engine.impl.interceptor.LogInterceptor  - --- GetProcessDefinitionInfoCmd finished --------------------------------------------------------
10:47:16,868 [main] DEBUG org.activiti.engine.impl.interceptor.LogInterceptor  - 

10:47:16,868 [main] DEBUG org.activiti.engine.impl.db.DbSqlSession  -   insert ResourceEntity[id=665, name=org/activiti/engine/test/db/ProcessInstanceMigrationTest.testSetProcessDefinitionVersionSubExecutionsNested.bpmn20.xml]
10:47:16,868 [main] DEBUG org.activiti.engine.impl.db.DbSqlSession  -   insert DeploymentEntity[id=664, name=ProcessInstanceMigrationTest.testSetProcessDefinitionVersionSubExecutionsNested]
10:47:16,868 [main] DEBUG org.activiti.engine.impl.db.DbSqlSession  -   insert ProcessDefinitionEntity[forkJoinNested:1:666]
10:47:16,868 [main] DEBUG org.activiti.engine.impl.db.DbSqlSession  - flush summary: 3 insert, 0 update, 0 delete.
10:47:16,868 [main] DEBUG org.activiti.engine.impl.db.DbSqlSession  - now executing flush...
10:47:16,868 [main] DEBUG org.activiti.engine.impl.db.DbSqlSession  - inserting: ProcessDefinitionEntity[forkJoinNested:1:666]
10:47:16,868 [main] DEBUG org.activiti.engine.impl.persistence.entity.ProcessDefinitionEntity.insertProcessDefinition  - ==&gt;  Preparing: insert into ACT_RE_PROCDEF(ID_, REV_, CATEGORY_, NAME_, KEY_, VERSION_, DEPLOYMENT_ID_, RESOURCE_NAME_, DGRM_RESOURCE_NAME_, DESCRIPTION_, HAS_START_FORM_KEY_, HAS_GRAPHICAL_NOTATION_ , SUSPENSION_STATE_, TENANT_ID_) values (?, 1, ?, ?, ?, ?, ?, ?, ?, ?, ?, ?, ?, ?) 
10:47:16,868 [main] DEBUG org.activiti.engine.impl.persistence.entity.ProcessDefinitionEntity.insertProcessDefinition  - ==&gt; Parameters: forkJoinNested:1:666(String), Examples(String), null, forkJoinNested(String), 1(Integer), 664(String), org/activiti/engine/test/db/ProcessInstanceMigrationTest.testSetProcessDefinitionVersionSubExecutionsNested.bpmn20.xml(String), null, null, false(Boolean), false(Boolean), 1(Integer), (String)
10:47:16,868 [main] DEBUG org.activiti.engine.impl.persistence.entity.ProcessDefinitionEntity.insertProcessDefinition  - &lt;==    Updates: 1
10:47:16,868 [main] DEBUG org.activiti.engine.impl.db.DbSqlSession  - inserting: DeploymentEntity[id=664, name=ProcessInstanceMigrationTest.testSetProcessDefinitionVersionSubExecutionsNested]
10:47:16,868 [main] DEBUG org.activiti.engine.impl.persistence.entity.DeploymentEntity.insertDeployment  - ==&gt;  Preparing: insert into ACT_RE_DEPLOYMENT(ID_, NAME_, CATEGORY_, TENANT_ID_, DEPLOY_TIME_) values(?, ?, ?, ?, ?) 
10:47:16,868 [main] DEBUG org.activiti.engine.impl.persistence.entity.DeploymentEntity.insertDeployment  - ==&gt; Parameters: 664(String), ProcessInstanceMigrationTest.testSetProcessDefinitionVersionSubExecutionsNested(String), null, (String), 2015-01-01 00:00:00.0(Timestamp)
10:47:16,868 [main] DEBUG org.activiti.engine.impl.persistence.entity.DeploymentEntity.insertDeployment  - &lt;==    Updates: 1
10:47:16,868 [main] DEBUG org.activiti.engine.impl.db.DbSqlSession  - inserting: ResourceEntity[id=665, name=org/activiti/engine/test/db/ProcessInstanceMigrationTest.testSetProcessDefinitionVersionSubExecutionsNested.bpmn20.xml]
10:47:16,869 [main] DEBUG org.activiti.engine.impl.persistence.entity.ResourceEntity.insertResource  - ==&gt;  Preparing: insert into ACT_GE_BYTEARRAY(ID_, REV_, NAME_, BYTES_, DEPLOYMENT_ID_, GENERATED_) values (?, 1, ?, ?, ?, ?) 
10:47:16,869 [main] DEBUG org.activiti.engine.impl.persistence.entity.ResourceEntity.insertResource  - ==&gt; Parameters: 665(String), org/activiti/engine/test/db/ProcessInstanceMigrationTest.testSetProcessDefinitionVersionSubExecutionsNested.bpmn20.xml(String), java.io.ByteArrayInputStream@53278352(ByteArrayInputStream), 664(String), false(Boolean)
10:47:16,869 [main] DEBUG org.activiti.engine.impl.persistence.entity.ResourceEntity.insertResource  - &lt;==    Updates: 1
10:47:16,869 [main] DEBUG org.activiti.engine.impl.cfg.standalone.StandaloneMybatisTransactionContext  - firing event committing...
10:47:16,869 [main] DEBUG org.activiti.engine.impl.cfg.standalone.StandaloneMybatisTransactionContext  - committing the ibatis sql session...
10:47:16,869 [main] DEBUG org.apache.ibatis.transaction.jdbc.JdbcTransaction  - Committing JDBC Connection [conn2: url=jdbc:h2:mem:activiti user=SA]
10:47:16,869 [main] DEBUG org.activiti.engine.impl.cfg.standalone.StandaloneMybatisTransactionContext  - firing event committed...
10:47:16,869 [main] DEBUG org.apache.ibatis.transaction.jdbc.JdbcTransaction  - Resetting autocommit to true on JDBC Connection [conn2: url=jdbc:h2:mem:activiti user=SA]
10:47:16,869 [main] DEBUG org.apache.ibatis.transaction.jdbc.JdbcTransaction  - Closing JDBC Connection [conn2: url=jdbc:h2:mem:activiti user=SA]
10:47:16,869 [main] DEBUG org.apache.ibatis.datasource.pooled.PooledDataSource  - Returned connection 363509958 to pool.
10:47:16,869 [main] DEBUG org.activiti.engine.impl.interceptor.LogInterceptor  - --- DeployCmd finished --------------------------------------------------------
10:47:16,869 [main] DEBUG org.activiti.engine.impl.interceptor.LogInterceptor  - 

10:47:16,869 [main] DEBUG org.activiti.engine.impl.test.PvmTestCase  - 

10:47:16,869 [main] DEBUG org.activiti.engine.impl.test.PvmTestCase  - #### START ProcessInstanceMigrationTest.testSetProcessDefinitionVersionSubExecutionsNested ###########################################################
10:47:16,869 [main] DEBUG org.activiti.engine.impl.interceptor.LogInterceptor  - 

10:47:16,869 [main] DEBUG org.activiti.engine.impl.interceptor.LogInterceptor  - --- starting StartProcessInstanceCmd --------------------------------------------------------
10:47:16,869 [main] DEBUG org.apache.ibatis.transaction.jdbc.JdbcTransaction  - Opening JDBC Connection
10:47:16,869 [main] DEBUG org.apache.ibatis.datasource.pooled.PooledDataSource  - Checked out connection 180014677 from pool.
10:47:16,869 [main] DEBUG org.apache.ibatis.transaction.jdbc.JdbcTransaction  - Setting autocommit to false on JDBC Connection [conn3: url=jdbc:h2:mem:activiti user=SA]
10:47:16,869 [main] DEBUG org.activiti.engine.impl.persistence.entity.ProcessDefinitionEntity.selectLatestProcessDefinitionByKey  - ==&gt;  Preparing: select * from ACT_RE_PROCDEF where KEY_ = ? and (TENANT_ID_ = &apos;&apos; or TENANT_ID_ is null) and VERSION_ = (select max(VERSION_) from ACT_RE_PROCDEF where KEY_ = ? and (TENANT_ID_ = &apos;&apos; or TENANT_ID_ is null)) 
10:47:16,869 [main] DEBUG org.activiti.engine.impl.persistence.entity.ProcessDefinitionEntity.selectLatestProcessDefinitionByKey  - ==&gt; Parameters: forkJoinNested(String), forkJoinNested(String)
10:47:16,870 [main] DEBUG org.activiti.engine.impl.persistence.entity.ProcessDefinitionEntity.selectLatestProcessDefinitionByKey  - &lt;==      Total: 1
10:47:16,870 [main] DEBUG org.activiti.engine.impl.persistence.entity.ExecutionEntity  - initializing ProcessInstance[667]
10:47:16,870 [main] DEBUG org.activiti.engine.impl.history.DefaultHistoryManager  - Current history level: FULL, level required: ACTIVITY
10:47:16,870 [main] DEBUG org.activiti.engine.impl.pvm.runtime.AtomicOperationActivityExecute  - ProcessInstance[667] executes Activity(theStart): org.activiti.engine.impl.bpmn.behavior.NoneStartEventActivityBehavior
10:47:16,870 [main] DEBUG org.activiti.engine.impl.persistence.entity.JobEntity.selectJobsByExecutionId  - ==&gt;  Preparing: select * from ACT_RU_JOB J where J.EXECUTION_ID_ = ? 
10:47:16,870 [main] DEBUG org.activiti.engine.impl.persistence.entity.JobEntity.selectJobsByExecutionId  - ==&gt; Parameters: 667(String)
10:47:16,870 [main] DEBUG org.activiti.engine.impl.persistence.entity.JobEntity.selectJobsByExecutionId  - &lt;==      Total: 0
10:47:16,870 [main] DEBUG org.activiti.engine.impl.bpmn.behavior.BpmnActivityBehavior  - Leaving activity &apos;theStart&apos;
10:47:16,870 [main] DEBUG org.activiti.engine.impl.history.DefaultHistoryManager  - Current history level: FULL, level required: ACTIVITY
10:47:16,870 [main] DEBUG org.activiti.engine.impl.pvm.runtime.AtomicOperationTransitionNotifyListenerTake  - ProcessInstance[667] takes transition (theStart)--flow1--&gt;(fork)
10:47:16,870 [main] DEBUG org.activiti.engine.impl.history.DefaultHistoryManager  - Current history level: FULL, level required: ACTIVITY
10:47:16,870 [main] DEBUG org.activiti.engine.impl.pvm.runtime.AtomicOperationActivityExecute  - ProcessInstance[667] executes Activity(fork): org.activiti.engine.impl.bpmn.behavior.ParallelGatewayActivityBehavior
10:47:16,870 [main] DEBUG org.activiti.engine.impl.persistence.entity.ExecutionEntity  - inactive concurrent executions in &apos;Activity(fork)&apos;: [ProcessInstance[667]]
10:47:16,870 [main] DEBUG org.activiti.engine.impl.persistence.entity.ExecutionEntity  - other concurrent executions: []
10:47:16,870 [main] DEBUG org.activiti.engine.impl.history.DefaultHistoryManager  - Current history level: FULL, level required: ACTIVITY
10:47:16,870 [main] DEBUG org.activiti.engine.impl.bpmn.behavior.ParallelGatewayActivityBehavior  - parallel gateway &apos;fork&apos; activates: 1 of 1 joined
10:47:16,871 [main] DEBUG org.activiti.engine.impl.persistence.entity.ExecutionEntity  - transitions to take concurrent: [(fork)--&gt;(receivePayment), (fork)--&gt;(shipOrder)]
10:47:16,871 [main] DEBUG org.activiti.engine.impl.persistence.entity.ExecutionEntity  - active concurrent executions: []
10:47:16,871 [main] DEBUG org.activiti.engine.impl.persistence.entity.ExecutionEntity  - recyclable executions for reuse: []
10:47:16,871 [main] DEBUG org.activiti.engine.impl.persistence.entity.ExecutionEntity  - Child execution ScopeExecution[670] created with parent 
10:47:16,871 [main] DEBUG org.activiti.engine.impl.persistence.entity.ExecutionEntity  - new ScopeExecution[670] with parent ProcessInstance[667] created to take transition (fork)--&gt;(receivePayment)
10:47:16,871 [main] DEBUG org.activiti.engine.impl.persistence.entity.ExecutionEntity  - Child execution ScopeExecution[671] created with parent 
10:47:16,871 [main] DEBUG org.activiti.engine.impl.persistence.entity.ExecutionEntity  - new ScopeExecution[671] with parent ProcessInstance[667] created to take transition (fork)--&gt;(shipOrder)
10:47:16,871 [main] DEBUG org.activiti.engine.impl.history.DefaultHistoryManager  - Current history level: FULL, level required: ACTIVITY
10:47:16,871 [main] DEBUG org.activiti.engine.impl.persistence.entity.HistoricActivityInstanceEntity.selectHistoricActivityInstancesByQueryCriteria  - ==&gt;  Preparing: select RES.* from ACT_HI_ACTINST RES WHERE RES.EXECUTION_ID_ = ? and RES.ACT_ID_ = ? and RES.END_TIME_ is null order by order by RES.ID_ asc LIMIT ? OFFSET ? 
10:47:16,871 [main] DEBUG org.activiti.engine.impl.interceptor.CommandContext  - Error while closing command context
org.apache.ibatis.exceptions.PersistenceException: 
### Error querying database.  Cause: org.h2.jdbc.JdbcSQLException: Syntax error in SQL statement &quot;SELECT RES.* 
     
    FROM ACT_HI_ACTINST RES
     WHERE  RES.EXECUTION_ID_ = ?
      
      
      
        AND RES.ACT_ID_ = ?
      
      
      
      
      
      
      
      
        AND RES.END_TIME_ IS NULL 
   
     ORDER BY  ORDER[*] BY RES.ID_ ASC  
    LIMIT ? OFFSET ? &quot;; expected &quot;=, NOT, EXISTS, INTERSECTS, SELECT, FROM&quot;; SQL statement:
select RES.* 
     
    from ACT_HI_ACTINST RES
     WHERE  RES.EXECUTION_ID_ = ?
      
      
      
        and RES.ACT_ID_ = ?
      
      
      
      
      
      
      
      
        and RES.END_TIME_ is null 
   
     order by  order by RES.ID_ asc  
    LIMIT ? OFFSET ? [42001-176]
### The error may exist in org/activiti/db/mapping/entity/HistoricActivityInstance.xml
### The error may involve org.activiti.engine.impl.persistence.entity.HistoricActivityInstanceEntity.selectHistoricActivityInstancesByQueryCriteria
### The error occurred while executing a query
### SQL: select RES.*            from ACT_HI_ACTINST RES      WHERE  RES.EXECUTION_ID_ = ?                              and RES.ACT_ID_ = ?                                                                 and RES.END_TIME_ is null           order by  order by RES.ID_ asc       LIMIT ? OFFSET ?
### Cause: org.h2.jdbc.JdbcSQLException: Syntax error in SQL statement &quot;SELECT RES.* 
     
    FROM ACT_HI_ACTINST RES
     WHERE  RES.EXECUTION_ID_ = ?
      
      
      
        AND RES.ACT_ID_ = ?
      
      
      
      
      
      
      
      
        AND RES.END_TIME_ IS NULL 
   
     ORDER BY  ORDER[*] BY RES.ID_ ASC  
    LIMIT ? OFFSET ? &quot;; expected &quot;=, NOT, EXISTS, INTERSECTS, SELECT, FROM&quot;; SQL statement:
select RES.* 
     
    from ACT_HI_ACTINST RES
     WHERE  RES.EXECUTION_ID_ = ?
      
      
      
        and RES.ACT_ID_ = ?
      
      
      
      
      
      
      
      
        and RES.END_TIME_ is null 
   
     order by  order by RES.ID_ asc  
    LIMIT ? OFFSET ? [42001-176]
	at org.apache.ibatis.exceptions.ExceptionFactory.wrapException(ExceptionFactory.java:30)
	at org.apache.ibatis.session.defaults.DefaultSqlSession.selectList(DefaultSqlSession.java:122)
	at org.apache.ibatis.session.defaults.DefaultSqlSession.selectList(DefaultSqlSession.java:113)
	at org.activiti.engine.impl.db.DbSqlSession.selectListWithRawParameter(DbSqlSession.java:438)
	at org.activiti.engine.impl.db.DbSqlSession.selectList(DbSqlSession.java:429)
	at org.activiti.engine.impl.db.DbSqlSession.selectList(DbSqlSession.java:419)
	at org.activiti.engine.impl.persistence.entity.HistoricActivityInstanceEntityManager.findHistoricActivityInstancesByQueryCriteria(HistoricActivityInstanceEntityManager.java:56)
	at org.activiti.engine.impl.HistoricActivityInstanceQueryImpl.executeList(HistoricActivityInstanceQueryImpl.java:70)
	at org.activiti.engine.impl.AbstractQuery.listPage(AbstractQuery.java:151)
	at org.activiti.engine.impl.history.DefaultHistoryManager.findActivityInstance(DefaultHistoryManager.java:355)
	at org.activiti.engine.impl.history.DefaultHistoryManager.recordActivityEnd(DefaultHistoryManager.java:281)
	at org.activiti.engine.impl.history.handler.ActivityInstanceEndHandler.notify(ActivityInstanceEndHandler.java:29)
	at org.activiti.engine.impl.pvm.runtime.AbstractEventAtomicOperation.execute(AbstractEventAtomicOperation.java:42)
	at org.activiti.engine.impl.interceptor.CommandContext.performOperation(CommandContext.java:97)
	at org.activiti.engine.impl.persistence.entity.ExecutionEntity.performOperationSync(ExecutionEntity.java:636)
	at org.activiti.engine.impl.persistence.entity.ExecutionEntity.performOperation(ExecutionEntity.java:629)
	at org.activiti.engine.impl.persistence.entity.ExecutionEntity.take(ExecutionEntity.java:453)
	at org.activiti.engine.impl.pvm.runtime.OutgoingExecution.take(OutgoingExecution.java:48)
	at org.activiti.engine.impl.persistence.entity.ExecutionEntity.takeAll(ExecutionEntity.java:589)
	at org.activiti.engine.impl.bpmn.behavior.ParallelGatewayActivityBehavior.execute(ParallelGatewayActivityBehavior.java:78)
	at org.activiti.engine.impl.pvm.runtime.AtomicOperationActivityExecute.execute(AtomicOperationActivityExecute.java:60)
	at org.activiti.engine.impl.interceptor.CommandContext.performOperation(CommandContext.java:97)
	at org.activiti.engine.impl.persistence.entity.ExecutionEntity.performOperationSync(ExecutionEntity.java:636)
	at org.activiti.engine.impl.persistence.entity.ExecutionEntity.performOperation(ExecutionEntity.java:629)
	at org.activiti.engine.impl.pvm.runtime.AtomicOperationTransitionNotifyListenerStart.eventNotificationsCompleted(AtomicOperationTransitionNotifyListenerStart.java:52)
	at org.activiti.engine.impl.pvm.runtime.AbstractEventAtomicOperation.execute(AbstractEventAtomicOperation.java:56)
	at org.activiti.engine.impl.interceptor.CommandContext.performOperation(CommandContext.java:97)
	at org.activiti.engine.impl.persistence.entity.ExecutionEntity.performOperationSync(ExecutionEntity.java:636)
	at org.activiti.engine.impl.persistence.entity.ExecutionEntity.performOperation(ExecutionEntity.java:629)
	at org.activiti.engine.impl.pvm.runtime.AbstractEventAtomicOperation.execute(AbstractEventAtomicOperation.java:49)
	at org.activiti.engine.impl.interceptor.CommandContext.performOperation(CommandContext.java:97)
	at org.activiti.engine.impl.persistence.entity.ExecutionEntity.performOperationSync(ExecutionEntity.java:636)
	at org.activiti.engine.impl.persistence.entity.ExecutionEntity.performOperation(ExecutionEntity.java:629)
	at org.activiti.engine.impl.pvm.runtime.AtomicOperationTransitionCreateScope.execute(AtomicOperationTransitionCreateScope.java:49)
	at org.activiti.engine.impl.interceptor.CommandContext.performOperation(CommandContext.java:97)
	at org.activiti.engine.impl.persistence.entity.ExecutionEntity.performOperationSync(ExecutionEntity.java:636)
	at org.activiti.engine.impl.persistence.entity.ExecutionEntity.performOperation(ExecutionEntity.java:629)
	at org.activiti.engine.impl.pvm.runtime.AtomicOperationTransitionNotifyListenerTake.execute(AtomicOperationTransitionNotifyListenerTake.java:80)
	at org.activiti.engine.impl.interceptor.CommandContext.performOperation(CommandContext.java:97)
	at org.activiti.engine.impl.persistence.entity.ExecutionEntity.performOperationSync(ExecutionEntity.java:636)
	at org.activiti.engine.impl.persistence.entity.ExecutionEntity.performOperation(ExecutionEntity.java:629)
	at org.activiti.engine.impl.pvm.runtime.AtomicOperationTransitionDestroyScope.execute(AtomicOperationTransitionDestroyScope.java:116)
	at org.activiti.engine.impl.interceptor.CommandContext.performOperation(CommandContext.java:97)
	at org.activiti.engine.impl.persistence.entity.ExecutionEntity.performOperationSync(ExecutionEntity.java:636)
	at org.activiti.engine.impl.persistence.entity.ExecutionEntity.performOperation(ExecutionEntity.java:629)
	at org.activiti.engine.impl.pvm.runtime.AtomicOperationTransitionNotifyListenerEnd.eventNotificationsCompleted(AtomicOperationTransitionNotifyListenerEnd.java:35)
	at org.activiti.engine.impl.pvm.runtime.AbstractEventAtomicOperation.execute(AbstractEventAtomicOperation.java:56)
	at org.activiti.engine.impl.interceptor.CommandContext.performOperation(CommandContext.java:97)
	at org.activiti.engine.impl.persistence.entity.ExecutionEntity.performOperationSync(ExecutionEntity.java:636)
	at org.activiti.engine.impl.persistence.entity.ExecutionEntity.performOperation(ExecutionEntity.java:629)
	at org.activiti.engine.impl.pvm.runtime.AbstractEventAtomicOperation.execute(AbstractEventAtomicOperation.java:49)
	at org.activiti.engine.impl.interceptor.CommandContext.performOperation(CommandContext.java:97)
	at org.activiti.engine.impl.persistence.entity.ExecutionEntity.performOperationSync(ExecutionEntity.java:636)
	at org.activiti.engine.impl.persistence.entity.ExecutionEntity.performOperation(ExecutionEntity.java:629)
	at org.activiti.engine.impl.persistence.entity.ExecutionEntity.take(ExecutionEntity.java:453)
	at org.activiti.engine.impl.persistence.entity.ExecutionEntity.take(ExecutionEntity.java:431)
	at org.activiti.engine.impl.bpmn.behavior.BpmnActivityBehavior.performOutgoingBehavior(BpmnActivityBehavior.java:140)
	at org.activiti.engine.impl.bpmn.behavior.BpmnActivityBehavior.performDefaultOutgoingBehavior(BpmnActivityBehavior.java:66)
	at org.activiti.engine.impl.bpmn.behavior.FlowNodeActivityBehavior.leave(FlowNodeActivityBehavior.java:44)
	at org.activiti.engine.impl.bpmn.behavior.FlowNodeActivityBehavior.execute(FlowNodeActivityBehavior.java:36)
	at org.activiti.engine.impl.pvm.runtime.AtomicOperationActivityExecute.execute(AtomicOperationActivityExecute.java:60)
	at org.activiti.engine.impl.interceptor.CommandContext.performOperation(CommandContext.java:97)
	at org.activiti.engine.impl.persistence.entity.ExecutionEntity.performOperationSync(ExecutionEntity.java:636)
	at org.activiti.engine.impl.persistence.entity.ExecutionEntity.performOperation(ExecutionEntity.java:629)
	at org.activiti.engine.impl.pvm.runtime.AtomicOperationProcessStartInitial.eventNotificationsCompleted(AtomicOperationProcessStartInitial.java:45)
	at org.activiti.engine.impl.pvm.runtime.AbstractEventAtomicOperation.execute(AbstractEventAtomicOperation.java:56)
	at org.activiti.engine.impl.interceptor.CommandContext.performOperation(CommandContext.java:97)
	at org.activiti.engine.impl.persistence.entity.ExecutionEntity.performOperationSync(ExecutionEntity.java:636)
	at org.activiti.engine.impl.persistence.entity.ExecutionEntity.performOperation(ExecutionEntity.java:629)
	at org.activiti.engine.impl.pvm.runtime.AtomicOperationProcessStart.eventNotificationsCompleted(AtomicOperationProcessStart.java:64)
	at org.activiti.engine.impl.pvm.runtime.AbstractEventAtomicOperation.execute(AbstractEventAtomicOperation.java:56)
	at org.activiti.engine.impl.interceptor.CommandContext.performOperation(CommandContext.java:97)
	at org.activiti.engine.impl.persistence.entity.ExecutionEntity.performOperationSync(ExecutionEntity.java:636)
	at org.activiti.engine.impl.persistence.entity.ExecutionEntity.performOperation(ExecutionEntity.java:629)
	at org.activiti.engine.impl.persistence.entity.ExecutionEntity.start(ExecutionEntity.java:381)
	at org.activiti.engine.impl.cmd.StartProcessInstanceCmd.execute(StartProcessInstanceCmd.java:110)
	at org.activiti.engine.impl.cmd.StartProcessInstanceCmd.execute(StartProcessInstanceCmd.java:37)
	at org.activiti.engine.impl.interceptor.CommandInvoker.execute(CommandInvoker.java:24)
	at org.activiti.engine.impl.interceptor.CommandContextInterceptor.execute(CommandContextInterceptor.java:57)
	at org.activiti.engine.impl.interceptor.LogInterceptor.execute(LogInterceptor.java:37)
	at org.activiti.engine.impl.cfg.CommandExecutorImpl.execute(CommandExecutorImpl.java:40)
	at org.activiti.engine.impl.cfg.CommandExecutorImpl.execute(CommandExecutorImpl.java:35)
	at org.activiti.engine.impl.RuntimeServiceImpl.startProcessInstanceByKey(RuntimeServiceImpl.java:69)
	at org.activiti.engine.test.db.ProcessInstanceMigrationTest.testSetProcessDefinitionVersionSubExecutionsNested(ProcessInstanceMigrationTest.java:315)
	at sun.reflect.NativeMethodAccessorImpl.invoke0(Native Method)
	at sun.reflect.NativeMethodAccessorImpl.invoke(NativeMethodAccessorImpl.java:62)
	at sun.reflect.DelegatingMethodAccessorImpl.invoke(DelegatingMethodAccessorImpl.java:43)
	at java.lang.reflect.Method.invoke(Method.java:498)
	at junit.framework.TestCase.runTest(TestCase.java:176)
	at org.activiti.engine.impl.test.PvmTestCase.runTest(PvmTestCase.java:65)
	at junit.framework.TestCase.runBare(TestCase.java:141)
	at org.activiti.engine.impl.test.AbstractActivitiTestCase.runBare(AbstractActivitiTestCase.java:100)
	at junit.framework.TestResult$1.protect(TestResult.java:122)
	at junit.framework.TestResult.runProtected(TestResult.java:142)
	at junit.framework.TestResult.run(TestResult.java:125)
	at junit.framework.TestCase.run(TestCase.java:129)
	at junit.framework.TestSuite.runTest(TestSuite.java:255)
	at junit.framework.TestSuite.run(TestSuite.java:250)
	at org.junit.internal.runners.JUnit38ClassRunner.run(JUnit38ClassRunner.java:84)
	at org.apache.maven.surefire.junit4.JUnit4TestSet.execute(JUnit4TestSet.java:35)
	at org.apache.maven.surefire.junit4.JUnit4Provider.executeTestSet(JUnit4Provider.java:146)
	at org.apache.maven.surefire.junit4.JUnit4Provider.invoke(JUnit4Provider.java:97)
	at sun.reflect.NativeMethodAccessorImpl.invoke0(Native Method)
	at sun.reflect.NativeMethodAccessorImpl.invoke(NativeMethodAccessorImpl.java:62)
	at sun.reflect.DelegatingMethodAccessorImpl.invoke(DelegatingMethodAccessorImpl.java:43)
	at java.lang.reflect.Method.invoke(Method.java:498)
	at org.apache.maven.surefire.booter.ProviderFactory$ClassLoaderProxy.invoke(ProviderFactory.java:103)
	at com.sun.proxy.$Proxy0.invoke(Unknown Source)
	at org.apache.maven.surefire.booter.SurefireStarter.invokeProvider(SurefireStarter.java:145)
	at org.apache.maven.surefire.booter.SurefireStarter.runSuitesInProcess(SurefireStarter.java:87)
	at org.apache.maven.surefire.booter.ForkedBooter.main(ForkedBooter.java:69)
Caused by: org.h2.jdbc.JdbcSQLException: Syntax error in SQL statement &quot;SELECT RES.* 
     
    FROM ACT_HI_ACTINST RES
     WHERE  RES.EXECUTION_ID_ = ?
      
      
      
        AND RES.ACT_ID_ = ?
      
      
      
      
      
      
      
      
        AND RES.END_TIME_ IS NULL 
   
     ORDER BY  ORDER[*] BY RES.ID_ ASC  
    LIMIT ? OFFSET ? &quot;; expected &quot;=, NOT, EXISTS, INTERSECTS, SELECT, FROM&quot;; SQL statement:
select RES.* 
     
    from ACT_HI_ACTINST RES
     WHERE  RES.EXECUTION_ID_ = ?
      
      
      
        and RES.ACT_ID_ = ?
      
      
      
      
      
      
      
      
        and RES.END_TIME_ is null 
   
     order by  order by RES.ID_ asc  
    LIMIT ? OFFSET ? [42001-176]
	at org.h2.message.DbException.getJdbcSQLException(DbException.java:344)
	at org.h2.message.DbException.getSyntaxError(DbException.java:204)
	at org.h2.command.Parser.getSyntaxError(Parser.java:524)
	at org.h2.command.Parser.readTerm(Parser.java:2688)
	at org.h2.command.Parser.readFactor(Parser.java:2244)
	at org.h2.command.Parser.readSum(Parser.java:2231)
	at org.h2.command.Parser.readConcat(Parser.java:2201)
	at org.h2.command.Parser.readCondition(Parser.java:2051)
	at org.h2.command.Parser.readAnd(Parser.java:2023)
	at org.h2.command.Parser.readExpression(Parser.java:2015)
	at org.h2.command.Parser.parseEndOfQuery(Parser.java:1726)
	at org.h2.command.Parser.parseSelectUnionExtension(Parser.java:1706)
	at org.h2.command.Parser.parseSelectUnion(Parser.java:1675)
	at org.h2.command.Parser.parseSelect(Parser.java:1662)
	at org.h2.command.Parser.parsePrepared(Parser.java:434)
	at org.h2.command.Parser.parse(Parser.java:306)
	at org.h2.command.Parser.parse(Parser.java:282)
	at org.h2.command.Parser.prepareCommand(Parser.java:243)
	at org.h2.engine.Session.prepareLocal(Session.java:442)
	at org.h2.engine.Session.prepareCommand(Session.java:384)
	at org.h2.jdbc.JdbcConnection.prepareCommand(JdbcConnection.java:1188)
	at org.h2.jdbc.JdbcPreparedStatement.&lt;init&gt;(JdbcPreparedStatement.java:73)
	at org.h2.jdbc.JdbcConnection.prepareStatement(JdbcConnection.java:276)
	at sun.reflect.GeneratedMethodAccessor6.invoke(Unknown Source)
	at sun.reflect.DelegatingMethodAccessorImpl.invoke(DelegatingMethodAccessorImpl.java:43)
	at java.lang.reflect.Method.invoke(Method.java:498)
	at org.apache.ibatis.datasource.pooled.PooledConnection.invoke(PooledConnection.java:245)
	at com.sun.proxy.$Proxy12.prepareStatement(Unknown Source)
	at sun.reflect.GeneratedMethodAccessor6.invoke(Unknown Source)
	at sun.reflect.DelegatingMethodAccessorImpl.invoke(DelegatingMethodAccessorImpl.java:43)
	at java.lang.reflect.Method.invoke(Method.java:498)
	at org.apache.ibatis.logging.jdbc.ConnectionLogger.invoke(ConnectionLogger.java:55)
	at com.sun.proxy.$Proxy12.prepareStatement(Unknown Source)
	at org.apache.ibatis.executor.statement.PreparedStatementHandler.instantiateStatement(PreparedStatementHandler.java:79)
	at org.apache.ibatis.executor.statement.BaseStatementHandler.prepare(BaseStatementHandler.java:88)
	at org.apache.ibatis.executor.statement.RoutingStatementHandler.prepare(RoutingStatementHandler.java:58)
	at org.apache.ibatis.executor.SimpleExecutor.prepareStatement(SimpleExecutor.java:76)
	at org.apache.ibatis.executor.SimpleExecutor.doQuery(SimpleExecutor.java:61)
	at org.apache.ibatis.executor.BaseExecutor.queryFromDatabase(BaseExecutor.java:303)
	at org.apache.ibatis.executor.BaseExecutor.query(BaseExecutor.java:154)
	at org.apache.ibatis.executor.CachingExecutor.query(CachingExecutor.java:102)
	at org.apache.ibatis.executor.CachingExecutor.query(CachingExecutor.java:82)
	at org.apache.ibatis.session.defaults.DefaultSqlSession.selectList(DefaultSqlSession.java:120)
	... 109 more
10:47:16,872 [main] DEBUG org.activiti.engine.impl.cfg.standalone.StandaloneMybatisTransactionContext  - firing event rolling back...
10:47:16,872 [main] DEBUG org.activiti.engine.impl.cfg.standalone.StandaloneMybatisTransactionContext  - rolling back ibatis sql session...
10:47:16,872 [main] DEBUG org.activiti.engine.impl.cfg.standalone.StandaloneMybatisTransactionContext  - firing event rolled back...
10:47:16,872 [main] DEBUG org.apache.ibatis.transaction.jdbc.JdbcTransaction  - Resetting autocommit to true on JDBC Connection [conn3: url=jdbc:h2:mem:activiti user=SA]
10:47:16,872 [main] DEBUG org.apache.ibatis.transaction.jdbc.JdbcTransaction  - Closing JDBC Connection [conn3: url=jdbc:h2:mem:activiti user=SA]
10:47:16,872 [main] DEBUG org.apache.ibatis.datasource.pooled.PooledDataSource  - Returned connection 180014677 to pool.
10:47:16,872 [main] DEBUG org.activiti.engine.impl.interceptor.LogInterceptor  - --- StartProcessInstanceCmd finished --------------------------------------------------------
10:47:16,872 [main] DEBUG org.activiti.engine.impl.interceptor.LogInterceptor  - 

10:47:16,872 [main] ERROR org.activiti.engine.impl.test.PvmTestCase  - 

10:47:16,872 [main] ERROR org.activiti.engine.impl.test.PvmTestCase  - EXCEPTION: org.apache.ibatis.exceptions.PersistenceException: 
### Error querying database.  Cause: org.h2.jdbc.JdbcSQLException: Syntax error in SQL statement &quot;SELECT RES.* 
     
    FROM ACT_HI_ACTINST RES
     WHERE  RES.EXECUTION_ID_ = ?
      
      
      
        AND RES.ACT_ID_ = ?
      
      
      
      
      
      
      
      
        AND RES.END_TIME_ IS NULL 
   
     ORDER BY  ORDER[*] BY RES.ID_ ASC  
    LIMIT ? OFFSET ? &quot;; expected &quot;=, NOT, EXISTS, INTERSECTS, SELECT, FROM&quot;; SQL statement:
select RES.* 
     
    from ACT_HI_ACTINST RES
     WHERE  RES.EXECUTION_ID_ = ?
      
      
      
        and RES.ACT_ID_ = ?
      
      
      
      
      
      
      
      
        and RES.END_TIME_ is null 
   
     order by  order by RES.ID_ asc  
    LIMIT ? OFFSET ? [42001-176]
### The error may exist in org/activiti/db/mapping/entity/HistoricActivityInstance.xml
### The error may involve org.activiti.engine.impl.persistence.entity.HistoricActivityInstanceEntity.selectHistoricActivityInstancesByQueryCriteria
### The error occurred while executing a query
### SQL: select RES.*            from ACT_HI_ACTINST RES      WHERE  RES.EXECUTION_ID_ = ?                              and RES.ACT_ID_ = ?                                                                 and RES.END_TIME_ is null           order by  order by RES.ID_ asc       LIMIT ? OFFSET ?
### Cause: org.h2.jdbc.JdbcSQLException: Syntax error in SQL statement &quot;SELECT RES.* 
     
    FROM ACT_HI_ACTINST RES
     WHERE  RES.EXECUTION_ID_ = ?
      
      
      
        AND RES.ACT_ID_ = ?
      
      
      
      
      
      
      
      
        AND RES.END_TIME_ IS NULL 
   
     ORDER BY  ORDER[*] BY RES.ID_ ASC  
    LIMIT ? OFFSET ? &quot;; expected &quot;=, NOT, EXISTS, INTERSECTS, SELECT, FROM&quot;; SQL statement:
select RES.* 
     
    from ACT_HI_ACTINST RES
     WHERE  RES.EXECUTION_ID_ = ?
      
      
      
        and RES.ACT_ID_ = ?
      
      
      
      
      
      
      
      
        and RES.END_TIME_ is null 
   
     order by  order by RES.ID_ asc  
    LIMIT ? OFFSET ? [42001-176]
org.apache.ibatis.exceptions.PersistenceException: 
### Error querying database.  Cause: org.h2.jdbc.JdbcSQLException: Syntax error in SQL statement &quot;SELECT RES.* 
     
    FROM ACT_HI_ACTINST RES
     WHERE  RES.EXECUTION_ID_ = ?
      
      
      
        AND RES.ACT_ID_ = ?
      
      
      
      
      
      
      
      
        AND RES.END_TIME_ IS NULL 
   
     ORDER BY  ORDER[*] BY RES.ID_ ASC  
    LIMIT ? OFFSET ? &quot;; expected &quot;=, NOT, EXISTS, INTERSECTS, SELECT, FROM&quot;; SQL statement:
select RES.* 
     
    from ACT_HI_ACTINST RES
     WHERE  RES.EXECUTION_ID_ = ?
      
      
      
        and RES.ACT_ID_ = ?
      
      
      
      
      
      
      
      
        and RES.END_TIME_ is null 
   
     order by  order by RES.ID_ asc  
    LIMIT ? OFFSET ? [42001-176]
### The error may exist in org/activiti/db/mapping/entity/HistoricActivityInstance.xml
### The error may involve org.activiti.engine.impl.persistence.entity.HistoricActivityInstanceEntity.selectHistoricActivityInstancesByQueryCriteria
### The error occurred while executing a query
### SQL: select RES.*            from ACT_HI_ACTINST RES      WHERE  RES.EXECUTION_ID_ = ?                              and RES.ACT_ID_ = ?                                                                 and RES.END_TIME_ is null           order by  order by RES.ID_ asc       LIMIT ? OFFSET ?
### Cause: org.h2.jdbc.JdbcSQLException: Syntax error in SQL statement &quot;SELECT RES.* 
     
    FROM ACT_HI_ACTINST RES
     WHERE  RES.EXECUTION_ID_ = ?
      
      
      
        AND RES.ACT_ID_ = ?
      
      
      
      
      
      
      
      
        AND RES.END_TIME_ IS NULL 
   
     ORDER BY  ORDER[*] BY RES.ID_ ASC  
    LIMIT ? OFFSET ? &quot;; expected &quot;=, NOT, EXISTS, INTERSECTS, SELECT, FROM&quot;; SQL statement:
select RES.* 
     
    from ACT_HI_ACTINST RES
     WHERE  RES.EXECUTION_ID_ = ?
      
      
      
        and RES.ACT_ID_ = ?
      
      
      
      
      
      
      
      
        and RES.END_TIME_ is null 
   
     order by  order by RES.ID_ asc  
    LIMIT ? OFFSET ? [42001-176]
	at org.apache.ibatis.exceptions.ExceptionFactory.wrapException(ExceptionFactory.java:30)
	at org.apache.ibatis.session.defaults.DefaultSqlSession.selectList(DefaultSqlSession.java:122)
	at org.apache.ibatis.session.defaults.DefaultSqlSession.selectList(DefaultSqlSession.java:113)
	at org.activiti.engine.impl.db.DbSqlSession.selectListWithRawParameter(DbSqlSession.java:438)
	at org.activiti.engine.impl.db.DbSqlSession.selectList(DbSqlSession.java:429)
	at org.activiti.engine.impl.db.DbSqlSession.selectList(DbSqlSession.java:419)
	at org.activiti.engine.impl.persistence.entity.HistoricActivityInstanceEntityManager.findHistoricActivityInstancesByQueryCriteria(HistoricActivityInstanceEntityManager.java:56)
	at org.activiti.engine.impl.HistoricActivityInstanceQueryImpl.executeList(HistoricActivityInstanceQueryImpl.java:70)
	at org.activiti.engine.impl.AbstractQuery.listPage(AbstractQuery.java:151)
	at org.activiti.engine.impl.history.DefaultHistoryManager.findActivityInstance(DefaultHistoryManager.java:355)
	at org.activiti.engine.impl.history.DefaultHistoryManager.recordActivityEnd(DefaultHistoryManager.java:281)
	at org.activiti.engine.impl.history.handler.ActivityInstanceEndHandler.notify(ActivityInstanceEndHandler.java:29)
	at org.activiti.engine.impl.pvm.runtime.AbstractEventAtomicOperation.execute(AbstractEventAtomicOperation.java:42)
	at org.activiti.engine.impl.interceptor.CommandContext.performOperation(CommandContext.java:97)
	at org.activiti.engine.impl.persistence.entity.ExecutionEntity.performOperationSync(ExecutionEntity.java:636)
	at org.activiti.engine.impl.persistence.entity.ExecutionEntity.performOperation(ExecutionEntity.java:629)
	at org.activiti.engine.impl.persistence.entity.ExecutionEntity.take(ExecutionEntity.java:453)
	at org.activiti.engine.impl.pvm.runtime.OutgoingExecution.take(OutgoingExecution.java:48)
	at org.activiti.engine.impl.persistence.entity.ExecutionEntity.takeAll(ExecutionEntity.java:589)
	at org.activiti.engine.impl.bpmn.behavior.ParallelGatewayActivityBehavior.execute(ParallelGatewayActivityBehavior.java:78)
	at org.activiti.engine.impl.pvm.runtime.AtomicOperationActivityExecute.execute(AtomicOperationActivityExecute.java:60)
	at org.activiti.engine.impl.interceptor.CommandContext.performOperation(CommandContext.java:97)
	at org.activiti.engine.impl.persistence.entity.ExecutionEntity.performOperationSync(ExecutionEntity.java:636)
	at org.activiti.engine.impl.persistence.entity.ExecutionEntity.performOperation(ExecutionEntity.java:629)
	at org.activiti.engine.impl.pvm.runtime.AtomicOperationTransitionNotifyListenerStart.eventNotificationsCompleted(AtomicOperationTransitionNotifyListenerStart.java:52)
	at org.activiti.engine.impl.pvm.runtime.AbstractEventAtomicOperation.execute(AbstractEventAtomicOperation.java:56)
	at org.activiti.engine.impl.interceptor.CommandContext.performOperation(CommandContext.java:97)
	at org.activiti.engine.impl.persistence.entity.ExecutionEntity.performOperationSync(ExecutionEntity.java:636)
	at org.activiti.engine.impl.persistence.entity.ExecutionEntity.performOperation(ExecutionEntity.java:629)
	at org.activiti.engine.impl.pvm.runtime.AbstractEventAtomicOperation.execute(AbstractEventAtomicOperation.java:49)
	at org.activiti.engine.impl.interceptor.CommandContext.performOperation(CommandContext.java:97)
	at org.activiti.engine.impl.persistence.entity.ExecutionEntity.performOperationSync(ExecutionEntity.java:636)
	at org.activiti.engine.impl.persistence.entity.ExecutionEntity.performOperation(ExecutionEntity.java:629)
	at org.activiti.engine.impl.pvm.runtime.AtomicOperationTransitionCreateScope.execute(AtomicOperationTransitionCreateScope.java:49)
	at org.activiti.engine.impl.interceptor.CommandContext.performOperation(CommandContext.java:97)
	at org.activiti.engine.impl.persistence.entity.ExecutionEntity.performOperationSync(ExecutionEntity.java:636)
	at org.activiti.engine.impl.persistence.entity.ExecutionEntity.performOperation(ExecutionEntity.java:629)
	at org.activiti.engine.impl.pvm.runtime.AtomicOperationTransitionNotifyListenerTake.execute(AtomicOperationTransitionNotifyListenerTake.java:80)
	at org.activiti.engine.impl.interceptor.CommandContext.performOperation(CommandContext.java:97)
	at org.activiti.engine.impl.persistence.entity.ExecutionEntity.performOperationSync(ExecutionEntity.java:636)
	at org.activiti.engine.impl.persistence.entity.ExecutionEntity.performOperation(ExecutionEntity.java:629)
	at org.activiti.engine.impl.pvm.runtime.AtomicOperationTransitionDestroyScope.execute(AtomicOperationTransitionDestroyScope.java:116)
	at org.activiti.engine.impl.interceptor.CommandContext.performOperation(CommandContext.java:97)
	at org.activiti.engine.impl.persistence.entity.ExecutionEntity.performOperationSync(ExecutionEntity.java:636)
	at org.activiti.engine.impl.persistence.entity.ExecutionEntity.performOperation(ExecutionEntity.java:629)
	at org.activiti.engine.impl.pvm.runtime.AtomicOperationTransitionNotifyListenerEnd.eventNotificationsCompleted(AtomicOperationTransitionNotifyListenerEnd.java:35)
	at org.activiti.engine.impl.pvm.runtime.AbstractEventAtomicOperation.execute(AbstractEventAtomicOperation.java:56)
	at org.activiti.engine.impl.interceptor.CommandContext.performOperation(CommandContext.java:97)
	at org.activiti.engine.impl.persistence.entity.ExecutionEntity.performOperationSync(ExecutionEntity.java:636)
	at org.activiti.engine.impl.persistence.entity.ExecutionEntity.performOperation(ExecutionEntity.java:629)
	at org.activiti.engine.impl.pvm.runtime.AbstractEventAtomicOperation.execute(AbstractEventAtomicOperation.java:49)
	at org.activiti.engine.impl.interceptor.CommandContext.performOperation(CommandContext.java:97)
	at org.activiti.engine.impl.persistence.entity.ExecutionEntity.performOperationSync(ExecutionEntity.java:636)
	at org.activiti.engine.impl.persistence.entity.ExecutionEntity.performOperation(ExecutionEntity.java:629)
	at org.activiti.engine.impl.persistence.entity.ExecutionEntity.take(ExecutionEntity.java:453)
	at org.activiti.engine.impl.persistence.entity.ExecutionEntity.take(ExecutionEntity.java:431)
	at org.activiti.engine.impl.bpmn.behavior.BpmnActivityBehavior.performOutgoingBehavior(BpmnActivityBehavior.java:140)
	at org.activiti.engine.impl.bpmn.behavior.BpmnActivityBehavior.performDefaultOutgoingBehavior(BpmnActivityBehavior.java:66)
	at org.activiti.engine.impl.bpmn.behavior.FlowNodeActivityBehavior.leave(FlowNodeActivityBehavior.java:44)
	at org.activiti.engine.impl.bpmn.behavior.FlowNodeActivityBehavior.execute(FlowNodeActivityBehavior.java:36)
	at org.activiti.engine.impl.pvm.runtime.AtomicOperationActivityExecute.execute(AtomicOperationActivityExecute.java:60)
	at org.activiti.engine.impl.interceptor.CommandContext.performOperation(CommandContext.java:97)
	at org.activiti.engine.impl.persistence.entity.ExecutionEntity.performOperationSync(ExecutionEntity.java:636)
	at org.activiti.engine.impl.persistence.entity.ExecutionEntity.performOperation(ExecutionEntity.java:629)
	at org.activiti.engine.impl.pvm.runtime.AtomicOperationProcessStartInitial.eventNotificationsCompleted(AtomicOperationProcessStartInitial.java:45)
	at org.activiti.engine.impl.pvm.runtime.AbstractEventAtomicOperation.execute(AbstractEventAtomicOperation.java:56)
	at org.activiti.engine.impl.interceptor.CommandContext.performOperation(CommandContext.java:97)
	at org.activiti.engine.impl.persistence.entity.ExecutionEntity.performOperationSync(ExecutionEntity.java:636)
	at org.activiti.engine.impl.persistence.entity.ExecutionEntity.performOperation(ExecutionEntity.java:629)
	at org.activiti.engine.impl.pvm.runtime.AtomicOperationProcessStart.eventNotificationsCompleted(AtomicOperationProcessStart.java:64)
	at org.activiti.engine.impl.pvm.runtime.AbstractEventAtomicOperation.execute(AbstractEventAtomicOperation.java:56)
	at org.activiti.engine.impl.interceptor.CommandContext.performOperation(CommandContext.java:97)
	at org.activiti.engine.impl.persistence.entity.ExecutionEntity.performOperationSync(ExecutionEntity.java:636)
	at org.activiti.engine.impl.persistence.entity.ExecutionEntity.performOperation(ExecutionEntity.java:629)
	at org.activiti.engine.impl.persistence.entity.ExecutionEntity.start(ExecutionEntity.java:381)
	at org.activiti.engine.impl.cmd.StartProcessInstanceCmd.execute(StartProcessInstanceCmd.java:110)
	at org.activiti.engine.impl.cmd.StartProcessInstanceCmd.execute(StartProcessInstanceCmd.java:37)
	at org.activiti.engine.impl.interceptor.CommandInvoker.execute(CommandInvoker.java:24)
	at org.activiti.engine.impl.interceptor.CommandContextInterceptor.execute(CommandContextInterceptor.java:57)
	at org.activiti.engine.impl.interceptor.LogInterceptor.execute(LogInterceptor.java:37)
	at org.activiti.engine.impl.cfg.CommandExecutorImpl.execute(CommandExecutorImpl.java:40)
	at org.activiti.engine.impl.cfg.CommandExecutorImpl.execute(CommandExecutorImpl.java:35)
	at org.activiti.engine.impl.RuntimeServiceImpl.startProcessInstanceByKey(RuntimeServiceImpl.java:69)
	at org.activiti.engine.test.db.ProcessInstanceMigrationTest.testSetProcessDefinitionVersionSubExecutionsNested(ProcessInstanceMigrationTest.java:315)
	at sun.reflect.NativeMethodAccessorImpl.invoke0(Native Method)
	at sun.reflect.NativeMethodAccessorImpl.invoke(NativeMethodAccessorImpl.java:62)
	at sun.reflect.DelegatingMethodAccessorImpl.invoke(DelegatingMethodAccessorImpl.java:43)
	at java.lang.reflect.Method.invoke(Method.java:498)
	at junit.framework.TestCase.runTest(TestCase.java:176)
	at org.activiti.engine.impl.test.PvmTestCase.runTest(PvmTestCase.java:65)
	at junit.framework.TestCase.runBare(TestCase.java:141)
	at org.activiti.engine.impl.test.AbstractActivitiTestCase.runBare(AbstractActivitiTestCase.java:100)
	at junit.framework.TestResult$1.protect(TestResult.java:122)
	at junit.framework.TestResult.runProtected(TestResult.java:142)
	at junit.framework.TestResult.run(TestResult.java:125)
	at junit.framework.TestCase.run(TestCase.java:129)
	at junit.framework.TestSuite.runTest(TestSuite.java:255)
	at junit.framework.TestSuite.run(TestSuite.java:250)
	at org.junit.internal.runners.JUnit38ClassRunner.run(JUnit38ClassRunner.java:84)
	at org.apache.maven.surefire.junit4.JUnit4TestSet.execute(JUnit4TestSet.java:35)
	at org.apache.maven.surefire.junit4.JUnit4Provider.executeTestSet(JUnit4Provider.java:146)
	at org.apache.maven.surefire.junit4.JUnit4Provider.invoke(JUnit4Provider.java:97)
	at sun.reflect.NativeMethodAccessorImpl.invoke0(Native Method)
	at sun.reflect.NativeMethodAccessorImpl.invoke(NativeMethodAccessorImpl.java:62)
	at sun.reflect.DelegatingMethodAccessorImpl.invoke(DelegatingMethodAccessorImpl.java:43)
	at java.lang.reflect.Method.invoke(Method.java:498)
	at org.apache.maven.surefire.booter.ProviderFactory$ClassLoaderProxy.invoke(ProviderFactory.java:103)
	at com.sun.proxy.$Proxy0.invoke(Unknown Source)
	at org.apache.maven.surefire.booter.SurefireStarter.invokeProvider(SurefireStarter.java:145)
	at org.apache.maven.surefire.booter.SurefireStarter.runSuitesInProcess(SurefireStarter.java:87)
	at org.apache.maven.surefire.booter.ForkedBooter.main(ForkedBooter.java:69)
Caused by: org.h2.jdbc.JdbcSQLException: Syntax error in SQL statement &quot;SELECT RES.* 
     
    FROM ACT_HI_ACTINST RES
     WHERE  RES.EXECUTION_ID_ = ?
      
      
      
        AND RES.ACT_ID_ = ?
      
      
      
      
      
      
      
      
        AND RES.END_TIME_ IS NULL 
   
     ORDER BY  ORDER[*] BY RES.ID_ ASC  
    LIMIT ? OFFSET ? &quot;; expected &quot;=, NOT, EXISTS, INTERSECTS, SELECT, FROM&quot;; SQL statement:
select RES.* 
     
    from ACT_HI_ACTINST RES
     WHERE  RES.EXECUTION_ID_ = ?
      
      
      
        and RES.ACT_ID_ = ?
      
      
      
      
      
      
      
      
        and RES.END_TIME_ is null 
   
     order by  order by RES.ID_ asc  
    LIMIT ? OFFSET ? [42001-176]
	at org.h2.message.DbException.getJdbcSQLException(DbException.java:344)
	at org.h2.message.DbException.getSyntaxError(DbException.java:204)
	at org.h2.command.Parser.getSyntaxError(Parser.java:524)
	at org.h2.command.Parser.readTerm(Parser.java:2688)
	at org.h2.command.Parser.readFactor(Parser.java:2244)
	at org.h2.command.Parser.readSum(Parser.java:2231)
	at org.h2.command.Parser.readConcat(Parser.java:2201)
	at org.h2.command.Parser.readCondition(Parser.java:2051)
	at org.h2.command.Parser.readAnd(Parser.java:2023)
	at org.h2.command.Parser.readExpression(Parser.java:2015)
	at org.h2.command.Parser.parseEndOfQuery(Parser.java:1726)
	at org.h2.command.Parser.parseSelectUnionExtension(Parser.java:1706)
	at org.h2.command.Parser.parseSelectUnion(Parser.java:1675)
	at org.h2.command.Parser.parseSelect(Parser.java:1662)
	at org.h2.command.Parser.parsePrepared(Parser.java:434)
	at org.h2.command.Parser.parse(Parser.java:306)
	at org.h2.command.Parser.parse(Parser.java:282)
	at org.h2.command.Parser.prepareCommand(Parser.java:243)
	at org.h2.engine.Session.prepareLocal(Session.java:442)
	at org.h2.engine.Session.prepareCommand(Session.java:384)
	at org.h2.jdbc.JdbcConnection.prepareCommand(JdbcConnection.java:1188)
	at org.h2.jdbc.JdbcPreparedStatement.&lt;init&gt;(JdbcPreparedStatement.java:73)
	at org.h2.jdbc.JdbcConnection.prepareStatement(JdbcConnection.java:276)
	at sun.reflect.GeneratedMethodAccessor6.invoke(Unknown Source)
	at sun.reflect.DelegatingMethodAccessorImpl.invoke(DelegatingMethodAccessorImpl.java:43)
	at java.lang.reflect.Method.invoke(Method.java:498)
	at org.apache.ibatis.datasource.pooled.PooledConnection.invoke(PooledConnection.java:245)
	at com.sun.proxy.$Proxy12.prepareStatement(Unknown Source)
	at sun.reflect.GeneratedMethodAccessor6.invoke(Unknown Source)
	at sun.reflect.DelegatingMethodAccessorImpl.invoke(DelegatingMethodAccessorImpl.java:43)
	at java.lang.reflect.Method.invoke(Method.java:498)
	at org.apache.ibatis.logging.jdbc.ConnectionLogger.invoke(ConnectionLogger.java:55)
	at com.sun.proxy.$Proxy12.prepareStatement(Unknown Source)
	at org.apache.ibatis.executor.statement.PreparedStatementHandler.instantiateStatement(PreparedStatementHandler.java:79)
	at org.apache.ibatis.executor.statement.BaseStatementHandler.prepare(BaseStatementHandler.java:88)
	at org.apache.ibatis.executor.statement.RoutingStatementHandler.prepare(RoutingStatementHandler.java:58)
	at org.apache.ibatis.executor.SimpleExecutor.prepareStatement(SimpleExecutor.java:76)
	at org.apache.ibatis.executor.SimpleExecutor.doQuery(SimpleExecutor.java:61)
	at org.apache.ibatis.executor.BaseExecutor.queryFromDatabase(BaseExecutor.java:303)
	at org.apache.ibatis.executor.BaseExecutor.query(BaseExecutor.java:154)
	at org.apache.ibatis.executor.CachingExecutor.query(CachingExecutor.java:102)
	at org.apache.ibatis.executor.CachingExecutor.query(CachingExecutor.java:82)
	at org.apache.ibatis.session.defaults.DefaultSqlSession.selectList(DefaultSqlSession.java:120)
	... 109 more
10:47:16,873 [main] DEBUG org.activiti.engine.impl.test.PvmTestCase  - #### END ProcessInstanceMigrationTest.testSetProcessDefinitionVersionSubExecutionsNested #############################################################
10:47:16,873 [main] ERROR org.activiti.engine.impl.test.PvmTestCase  - 

10:47:16,873 [main] ERROR org.activiti.engine.impl.test.PvmTestCase  - EXCEPTION: org.apache.ibatis.exceptions.PersistenceException: 
### Error querying database.  Cause: org.h2.jdbc.JdbcSQLException: Syntax error in SQL statement &quot;SELECT RES.* 
     
    FROM ACT_HI_ACTINST RES
     WHERE  RES.EXECUTION_ID_ = ?
      
      
      
        AND RES.ACT_ID_ = ?
      
      
      
      
      
      
      
      
        AND RES.END_TIME_ IS NULL 
   
     ORDER BY  ORDER[*] BY RES.ID_ ASC  
    LIMIT ? OFFSET ? &quot;; expected &quot;=, NOT, EXISTS, INTERSECTS, SELECT, FROM&quot;; SQL statement:
select RES.* 
     
    from ACT_HI_ACTINST RES
     WHERE  RES.EXECUTION_ID_ = ?
      
      
      
        and RES.ACT_ID_ = ?
      
      
      
      
      
      
      
      
        and RES.END_TIME_ is null 
   
     order by  order by RES.ID_ asc  
    LIMIT ? OFFSET ? [42001-176]
### The error may exist in org/activiti/db/mapping/entity/HistoricActivityInstance.xml
### The error may involve org.activiti.engine.impl.persistence.entity.HistoricActivityInstanceEntity.selectHistoricActivityInstancesByQueryCriteria
### The error occurred while executing a query
### SQL: select RES.*            from ACT_HI_ACTINST RES      WHERE  RES.EXECUTION_ID_ = ?                              and RES.ACT_ID_ = ?                                                                 and RES.END_TIME_ is null           order by  order by RES.ID_ asc       LIMIT ? OFFSET ?
### Cause: org.h2.jdbc.JdbcSQLException: Syntax error in SQL statement &quot;SELECT RES.* 
     
    FROM ACT_HI_ACTINST RES
     WHERE  RES.EXECUTION_ID_ = ?
      
      
      
        AND RES.ACT_ID_ = ?
      
      
      
      
      
      
      
      
        AND RES.END_TIME_ IS NULL 
   
     ORDER BY  ORDER[*] BY RES.ID_ ASC  
    LIMIT ? OFFSET ? &quot;; expected &quot;=, NOT, EXISTS, INTERSECTS, SELECT, FROM&quot;; SQL statement:
select RES.* 
     
    from ACT_HI_ACTINST RES
     WHERE  RES.EXECUTION_ID_ = ?
      
      
      
        and RES.ACT_ID_ = ?
      
      
      
      
      
      
      
      
        and RES.END_TIME_ is null 
   
     order by  order by RES.ID_ asc  
    LIMIT ? OFFSET ? [42001-176]
org.apache.ibatis.exceptions.PersistenceException: 
### Error querying database.  Cause: org.h2.jdbc.JdbcSQLException: Syntax error in SQL statement &quot;SELECT RES.* 
     
    FROM ACT_HI_ACTINST RES
     WHERE  RES.EXECUTION_ID_ = ?
      
      
      
        AND RES.ACT_ID_ = ?
      
      
      
      
      
      
      
      
        AND RES.END_TIME_ IS NULL 
   
     ORDER BY  ORDER[*] BY RES.ID_ ASC  
    LIMIT ? OFFSET ? &quot;; expected &quot;=, NOT, EXISTS, INTERSECTS, SELECT, FROM&quot;; SQL statement:
select RES.* 
     
    from ACT_HI_ACTINST RES
     WHERE  RES.EXECUTION_ID_ = ?
      
      
      
        and RES.ACT_ID_ = ?
      
      
      
      
      
      
      
      
        and RES.END_TIME_ is null 
   
     order by  order by RES.ID_ asc  
    LIMIT ? OFFSET ? [42001-176]
### The error may exist in org/activiti/db/mapping/entity/HistoricActivityInstance.xml
### The error may involve org.activiti.engine.impl.persistence.entity.HistoricActivityInstanceEntity.selectHistoricActivityInstancesByQueryCriteria
### The error occurred while executing a query
### SQL: select RES.*            from ACT_HI_ACTINST RES      WHERE  RES.EXECUTION_ID_ = ?                              and RES.ACT_ID_ = ?                                                                 and RES.END_TIME_ is null           order by  order by RES.ID_ asc       LIMIT ? OFFSET ?
### Cause: org.h2.jdbc.JdbcSQLException: Syntax error in SQL statement &quot;SELECT RES.* 
     
    FROM ACT_HI_ACTINST RES
     WHERE  RES.EXECUTION_ID_ = ?
      
      
      
        AND RES.ACT_ID_ = ?
      
      
      
      
      
      
      
      
        AND RES.END_TIME_ IS NULL 
   
     ORDER BY  ORDER[*] BY RES.ID_ ASC  
    LIMIT ? OFFSET ? &quot;; expected &quot;=, NOT, EXISTS, INTERSECTS, SELECT, FROM&quot;; SQL statement:
select RES.* 
     
    from ACT_HI_ACTINST RES
     WHERE  RES.EXECUTION_ID_ = ?
      
      
      
        and RES.ACT_ID_ = ?
      
      
      
      
      
      
      
      
        and RES.END_TIME_ is null 
   
     order by  order by RES.ID_ asc  
    LIMIT ? OFFSET ? [42001-176]
	at org.apache.ibatis.exceptions.ExceptionFactory.wrapException(ExceptionFactory.java:30)
	at org.apache.ibatis.session.defaults.DefaultSqlSession.selectList(DefaultSqlSession.java:122)
	at org.apache.ibatis.session.defaults.DefaultSqlSession.selectList(DefaultSqlSession.java:113)
	at org.activiti.engine.impl.db.DbSqlSession.selectListWithRawParameter(DbSqlSession.java:438)
	at org.activiti.engine.impl.db.DbSqlSession.selectList(DbSqlSession.java:429)
	at org.activiti.engine.impl.db.DbSqlSession.selectList(DbSqlSession.java:419)
	at org.activiti.engine.impl.persistence.entity.HistoricActivityInstanceEntityManager.findHistoricActivityInstancesByQueryCriteria(HistoricActivityInstanceEntityManager.java:56)
	at org.activiti.engine.impl.HistoricActivityInstanceQueryImpl.executeList(HistoricActivityInstanceQueryImpl.java:70)
	at org.activiti.engine.impl.AbstractQuery.listPage(AbstractQuery.java:151)
	at org.activiti.engine.impl.history.DefaultHistoryManager.findActivityInstance(DefaultHistoryManager.java:355)
	at org.activiti.engine.impl.history.DefaultHistoryManager.recordActivityEnd(DefaultHistoryManager.java:281)
	at org.activiti.engine.impl.history.handler.ActivityInstanceEndHandler.notify(ActivityInstanceEndHandler.java:29)
	at org.activiti.engine.impl.pvm.runtime.AbstractEventAtomicOperation.execute(AbstractEventAtomicOperation.java:42)
	at org.activiti.engine.impl.interceptor.CommandContext.performOperation(CommandContext.java:97)
	at org.activiti.engine.impl.persistence.entity.ExecutionEntity.performOperationSync(ExecutionEntity.java:636)
	at org.activiti.engine.impl.persistence.entity.ExecutionEntity.performOperation(ExecutionEntity.java:629)
	at org.activiti.engine.impl.persistence.entity.ExecutionEntity.take(ExecutionEntity.java:453)
	at org.activiti.engine.impl.pvm.runtime.OutgoingExecution.take(OutgoingExecution.java:48)
	at org.activiti.engine.impl.persistence.entity.ExecutionEntity.takeAll(ExecutionEntity.java:589)
	at org.activiti.engine.impl.bpmn.behavior.ParallelGatewayActivityBehavior.execute(ParallelGatewayActivityBehavior.java:78)
	at org.activiti.engine.impl.pvm.runtime.AtomicOperationActivityExecute.execute(AtomicOperationActivityExecute.java:60)
	at org.activiti.engine.impl.interceptor.CommandContext.performOperation(CommandContext.java:97)
	at org.activiti.engine.impl.persistence.entity.ExecutionEntity.performOperationSync(ExecutionEntity.java:636)
	at org.activiti.engine.impl.persistence.entity.ExecutionEntity.performOperation(ExecutionEntity.java:629)
	at org.activiti.engine.impl.pvm.runtime.AtomicOperationTransitionNotifyListenerStart.eventNotificationsCompleted(AtomicOperationTransitionNotifyListenerStart.java:52)
	at org.activiti.engine.impl.pvm.runtime.AbstractEventAtomicOperation.execute(AbstractEventAtomicOperation.java:56)
	at org.activiti.engine.impl.interceptor.CommandContext.performOperation(CommandContext.java:97)
	at org.activiti.engine.impl.persistence.entity.ExecutionEntity.performOperationSync(ExecutionEntity.java:636)
	at org.activiti.engine.impl.persistence.entity.ExecutionEntity.performOperation(ExecutionEntity.java:629)
	at org.activiti.engine.impl.pvm.runtime.AbstractEventAtomicOperation.execute(AbstractEventAtomicOperation.java:49)
	at org.activiti.engine.impl.interceptor.CommandContext.performOperation(CommandContext.java:97)
	at org.activiti.engine.impl.persistence.entity.ExecutionEntity.performOperationSync(ExecutionEntity.java:636)
	at org.activiti.engine.impl.persistence.entity.ExecutionEntity.performOperation(ExecutionEntity.java:629)
	at org.activiti.engine.impl.pvm.runtime.AtomicOperationTransitionCreateScope.execute(AtomicOperationTransitionCreateScope.java:49)
	at org.activiti.engine.impl.interceptor.CommandContext.performOperation(CommandContext.java:97)
	at org.activiti.engine.impl.persistence.entity.ExecutionEntity.performOperationSync(ExecutionEntity.java:636)
	at org.activiti.engine.impl.persistence.entity.ExecutionEntity.performOperation(ExecutionEntity.java:629)
	at org.activiti.engine.impl.pvm.runtime.AtomicOperationTransitionNotifyListenerTake.execute(AtomicOperationTransitionNotifyListenerTake.java:80)
	at org.activiti.engine.impl.interceptor.CommandContext.performOperation(CommandContext.java:97)
	at org.activiti.engine.impl.persistence.entity.ExecutionEntity.performOperationSync(ExecutionEntity.java:636)
	at org.activiti.engine.impl.persistence.entity.ExecutionEntity.performOperation(ExecutionEntity.java:629)
	at org.activiti.engine.impl.pvm.runtime.AtomicOperationTransitionDestroyScope.execute(AtomicOperationTransitionDestroyScope.java:116)
	at org.activiti.engine.impl.interceptor.CommandContext.performOperation(CommandContext.java:97)
	at org.activiti.engine.impl.persistence.entity.ExecutionEntity.performOperationSync(ExecutionEntity.java:636)
	at org.activiti.engine.impl.persistence.entity.ExecutionEntity.performOperation(ExecutionEntity.java:629)
	at org.activiti.engine.impl.pvm.runtime.AtomicOperationTransitionNotifyListenerEnd.eventNotificationsCompleted(AtomicOperationTransitionNotifyListenerEnd.java:35)
	at org.activiti.engine.impl.pvm.runtime.AbstractEventAtomicOperation.execute(AbstractEventAtomicOperation.java:56)
	at org.activiti.engine.impl.interceptor.CommandContext.performOperation(CommandContext.java:97)
	at org.activiti.engine.impl.persistence.entity.ExecutionEntity.performOperationSync(ExecutionEntity.java:636)
	at org.activiti.engine.impl.persistence.entity.ExecutionEntity.performOperation(ExecutionEntity.java:629)
	at org.activiti.engine.impl.pvm.runtime.AbstractEventAtomicOperation.execute(AbstractEventAtomicOperation.java:49)
	at org.activiti.engine.impl.interceptor.CommandContext.performOperation(CommandContext.java:97)
	at org.activiti.engine.impl.persistence.entity.ExecutionEntity.performOperationSync(ExecutionEntity.java:636)
	at org.activiti.engine.impl.persistence.entity.ExecutionEntity.performOperation(ExecutionEntity.java:629)
	at org.activiti.engine.impl.persistence.entity.ExecutionEntity.take(ExecutionEntity.java:453)
	at org.activiti.engine.impl.persistence.entity.ExecutionEntity.take(ExecutionEntity.java:431)
	at org.activiti.engine.impl.bpmn.behavior.BpmnActivityBehavior.performOutgoingBehavior(BpmnActivityBehavior.java:140)
	at org.activiti.engine.impl.bpmn.behavior.BpmnActivityBehavior.performDefaultOutgoingBehavior(BpmnActivityBehavior.java:66)
	at org.activiti.engine.impl.bpmn.behavior.FlowNodeActivityBehavior.leave(FlowNodeActivityBehavior.java:44)
	at org.activiti.engine.impl.bpmn.behavior.FlowNodeActivityBehavior.execute(FlowNodeActivityBehavior.java:36)
	at org.activiti.engine.impl.pvm.runtime.AtomicOperationActivityExecute.execute(AtomicOperationActivityExecute.java:60)
	at org.activiti.engine.impl.interceptor.CommandContext.performOperation(CommandContext.java:97)
	at org.activiti.engine.impl.persistence.entity.ExecutionEntity.performOperationSync(ExecutionEntity.java:636)
	at org.activiti.engine.impl.persistence.entity.ExecutionEntity.performOperation(ExecutionEntity.java:629)
	at org.activiti.engine.impl.pvm.runtime.AtomicOperationProcessStartInitial.eventNotificationsCompleted(AtomicOperationProcessStartInitial.java:45)
	at org.activiti.engine.impl.pvm.runtime.AbstractEventAtomicOperation.execute(AbstractEventAtomicOperation.java:56)
	at org.activiti.engine.impl.interceptor.CommandContext.performOperation(CommandContext.java:97)
	at org.activiti.engine.impl.persistence.entity.ExecutionEntity.performOperationSync(ExecutionEntity.java:636)
	at org.activiti.engine.impl.persistence.entity.ExecutionEntity.performOperation(ExecutionEntity.java:629)
	at org.activiti.engine.impl.pvm.runtime.AtomicOperationProcessStart.eventNotificationsCompleted(AtomicOperationProcessStart.java:64)
	at org.activiti.engine.impl.pvm.runtime.AbstractEventAtomicOperation.execute(AbstractEventAtomicOperation.java:56)
	at org.activiti.engine.impl.interceptor.CommandContext.performOperation(CommandContext.java:97)
	at org.activiti.engine.impl.persistence.entity.ExecutionEntity.performOperationSync(ExecutionEntity.java:636)
	at org.activiti.engine.impl.persistence.entity.ExecutionEntity.performOperation(ExecutionEntity.java:629)
	at org.activiti.engine.impl.persistence.entity.ExecutionEntity.start(ExecutionEntity.java:381)
	at org.activiti.engine.impl.cmd.StartProcessInstanceCmd.execute(StartProcessInstanceCmd.java:110)
	at org.activiti.engine.impl.cmd.StartProcessInstanceCmd.execute(StartProcessInstanceCmd.java:37)
	at org.activiti.engine.impl.interceptor.CommandInvoker.execute(CommandInvoker.java:24)
	at org.activiti.engine.impl.interceptor.CommandContextInterceptor.execute(CommandContextInterceptor.java:57)
	at org.activiti.engine.impl.interceptor.LogInterceptor.execute(LogInterceptor.java:37)
	at org.activiti.engine.impl.cfg.CommandExecutorImpl.execute(CommandExecutorImpl.java:40)
	at org.activiti.engine.impl.cfg.CommandExecutorImpl.execute(CommandExecutorImpl.java:35)
	at org.activiti.engine.impl.RuntimeServiceImpl.startProcessInstanceByKey(RuntimeServiceImpl.java:69)
	at org.activiti.engine.test.db.ProcessInstanceMigrationTest.testSetProcessDefinitionVersionSubExecutionsNested(ProcessInstanceMigrationTest.java:315)
	at sun.reflect.NativeMethodAccessorImpl.invoke0(Native Method)
	at sun.reflect.NativeMethodAccessorImpl.invoke(NativeMethodAccessorImpl.java:62)
	at sun.reflect.DelegatingMethodAccessorImpl.invoke(DelegatingMethodAccessorImpl.java:43)
	at java.lang.reflect.Method.invoke(Method.java:498)
	at junit.framework.TestCase.runTest(TestCase.java:176)
	at org.activiti.engine.impl.test.PvmTestCase.runTest(PvmTestCase.java:65)
	at junit.framework.TestCase.runBare(TestCase.java:141)
	at org.activiti.engine.impl.test.AbstractActivitiTestCase.runBare(AbstractActivitiTestCase.java:100)
	at junit.framework.TestResult$1.protect(TestResult.java:122)
	at junit.framework.TestResult.runProtected(TestResult.java:142)
	at junit.framework.TestResult.run(TestResult.java:125)
	at junit.framework.TestCase.run(TestCase.java:129)
	at junit.framework.TestSuite.runTest(TestSuite.java:255)
	at junit.framework.TestSuite.run(TestSuite.java:250)
	at org.junit.internal.runners.JUnit38ClassRunner.run(JUnit38ClassRunner.java:84)
	at org.apache.maven.surefire.junit4.JUnit4TestSet.execute(JUnit4TestSet.java:35)
	at org.apache.maven.surefire.junit4.JUnit4Provider.executeTestSet(JUnit4Provider.java:146)
	at org.apache.maven.surefire.junit4.JUnit4Provider.invoke(JUnit4Provider.java:97)
	at sun.reflect.NativeMethodAccessorImpl.invoke0(Native Method)
	at sun.reflect.NativeMethodAccessorImpl.invoke(NativeMethodAccessorImpl.java:62)
	at sun.reflect.DelegatingMethodAccessorImpl.invoke(DelegatingMethodAccessorImpl.java:43)
	at java.lang.reflect.Method.invoke(Method.java:498)
	at org.apache.maven.surefire.booter.ProviderFactory$ClassLoaderProxy.invoke(ProviderFactory.java:103)
	at com.sun.proxy.$Proxy0.invoke(Unknown Source)
	at org.apache.maven.surefire.booter.SurefireStarter.invokeProvider(SurefireStarter.java:145)
	at org.apache.maven.surefire.booter.SurefireStarter.runSuitesInProcess(SurefireStarter.java:87)
	at org.apache.maven.surefire.booter.ForkedBooter.main(ForkedBooter.java:69)
Caused by: org.h2.jdbc.JdbcSQLException: Syntax error in SQL statement &quot;SELECT RES.* 
     
    FROM ACT_HI_ACTINST RES
     WHERE  RES.EXECUTION_ID_ = ?
      
      
      
        AND RES.ACT_ID_ = ?
      
      
      
      
      
      
      
      
        AND RES.END_TIME_ IS NULL 
   
     ORDER BY  ORDER[*] BY RES.ID_ ASC  
    LIMIT ? OFFSET ? &quot;; expected &quot;=, NOT, EXISTS, INTERSECTS, SELECT, FROM&quot;; SQL statement:
select RES.* 
     
    from ACT_HI_ACTINST RES
     WHERE  RES.EXECUTION_ID_ = ?
      
      
      
        and RES.ACT_ID_ = ?
      
      
      
      
      
      
      
      
        and RES.END_TIME_ is null 
   
     order by  order by RES.ID_ asc  
    LIMIT ? OFFSET ? [42001-176]
	at org.h2.message.DbException.getJdbcSQLException(DbException.java:344)
	at org.h2.message.DbException.getSyntaxError(DbException.java:204)
	at org.h2.command.Parser.getSyntaxError(Parser.java:524)
	at org.h2.command.Parser.readTerm(Parser.java:2688)
	at org.h2.command.Parser.readFactor(Parser.java:2244)
	at org.h2.command.Parser.readSum(Parser.java:2231)
	at org.h2.command.Parser.readConcat(Parser.java:2201)
	at org.h2.command.Parser.readCondition(Parser.java:2051)
	at org.h2.command.Parser.readAnd(Parser.java:2023)
	at org.h2.command.Parser.readExpression(Parser.java:2015)
	at org.h2.command.Parser.parseEndOfQuery(Parser.java:1726)
	at org.h2.command.Parser.parseSelectUnionExtension(Parser.java:1706)
	at org.h2.command.Parser.parseSelectUnion(Parser.java:1675)
	at org.h2.command.Parser.parseSelect(Parser.java:1662)
	at org.h2.command.Parser.parsePrepared(Parser.java:434)
	at org.h2.command.Parser.parse(Parser.java:306)
	at org.h2.command.Parser.parse(Parser.java:282)
	at org.h2.command.Parser.prepareCommand(Parser.java:243)
	at org.h2.engine.Session.prepareLocal(Session.java:442)
	at org.h2.engine.Session.prepareCommand(Session.java:384)
	at org.h2.jdbc.JdbcConnection.prepareCommand(JdbcConnection.java:1188)
	at org.h2.jdbc.JdbcPreparedStatement.&lt;init&gt;(JdbcPreparedStatement.java:73)
	at org.h2.jdbc.JdbcConnection.prepareStatement(JdbcConnection.java:276)
	at sun.reflect.GeneratedMethodAccessor6.invoke(Unknown Source)
	at sun.reflect.DelegatingMethodAccessorImpl.invoke(DelegatingMethodAccessorImpl.java:43)
	at java.lang.reflect.Method.invoke(Method.java:498)
	at org.apache.ibatis.datasource.pooled.PooledConnection.invoke(PooledConnection.java:245)
	at com.sun.proxy.$Proxy12.prepareStatement(Unknown Source)
	at sun.reflect.GeneratedMethodAccessor6.invoke(Unknown Source)
	at sun.reflect.DelegatingMethodAccessorImpl.invoke(DelegatingMethodAccessorImpl.java:43)
	at java.lang.reflect.Method.invoke(Method.java:498)
	at org.apache.ibatis.logging.jdbc.ConnectionLogger.invoke(ConnectionLogger.java:55)
	at com.sun.proxy.$Proxy12.prepareStatement(Unknown Source)
	at org.apache.ibatis.executor.statement.PreparedStatementHandler.instantiateStatement(PreparedStatementHandler.java:79)
	at org.apache.ibatis.executor.statement.BaseStatementHandler.prepare(BaseStatementHandler.java:88)
	at org.apache.ibatis.executor.statement.RoutingStatementHandler.prepare(RoutingStatementHandler.java:58)
	at org.apache.ibatis.executor.SimpleExecutor.prepareStatement(SimpleExecutor.java:76)
	at org.apache.ibatis.executor.SimpleExecutor.doQuery(SimpleExecutor.java:61)
	at org.apache.ibatis.executor.BaseExecutor.queryFromDatabase(BaseExecutor.java:303)
	at org.apache.ibatis.executor.BaseExecutor.query(BaseExecutor.java:154)
	at org.apache.ibatis.executor.CachingExecutor.query(CachingExecutor.java:102)
	at org.apache.ibatis.executor.CachingExecutor.query(CachingExecutor.java:82)
	at org.apache.ibatis.session.defaults.DefaultSqlSession.selectList(DefaultSqlSession.java:120)
	... 109 more
10:47:16,873 [main] DEBUG org.activiti.engine.impl.test.TestHelper  - annotation @Deployment deletes deployment for ProcessInstanceMigrationTest.testSetProcessDefinitionVersionSubExecutionsNested
10:47:16,873 [main] DEBUG org.activiti.engine.impl.interceptor.LogInterceptor  - 

10:47:16,873 [main] DEBUG org.activiti.engine.impl.interceptor.LogInterceptor  - --- starting DeleteDeploymentCmd --------------------------------------------------------
10:47:16,873 [main] DEBUG org.apache.ibatis.transaction.jdbc.JdbcTransaction  - Opening JDBC Connection
10:47:16,873 [main] DEBUG org.apache.ibatis.datasource.pooled.PooledDataSource  - Checked out connection 486346394 from pool.
10:47:16,873 [main] DEBUG org.apache.ibatis.transaction.jdbc.JdbcTransaction  - Setting autocommit to false on JDBC Connection [conn6: url=jdbc:h2:mem:activiti user=SA]
10:47:16,873 [main] DEBUG org.activiti.engine.impl.persistence.entity.DeploymentEntity.selectDeploymentById  - ==&gt;  Preparing: select * from ACT_RE_DEPLOYMENT where ID_ = ? 
10:47:16,873 [main] DEBUG org.activiti.engine.impl.persistence.entity.DeploymentEntity.selectDeploymentById  - ==&gt; Parameters: 664(String)
10:47:16,873 [main] DEBUG org.activiti.engine.impl.persistence.entity.DeploymentEntity.selectDeploymentById  - &lt;==      Total: 1
10:47:16,873 [main] DEBUG org.activiti.engine.impl.persistence.entity.ProcessDefinitionEntity.selectProcessDefinitionsByQueryCriteria  - ==&gt;  Preparing: select RES.* from ACT_RE_PROCDEF RES WHERE RES.DEPLOYMENT_ID_ = ? order by order by RES.ID_ asc LIMIT ? OFFSET ? 
10:47:16,874 [main] DEBUG org.activiti.engine.impl.interceptor.CommandContext  - Error while closing command context
org.apache.ibatis.exceptions.PersistenceException: 
### Error querying database.  Cause: org.h2.jdbc.JdbcSQLException: Syntax error in SQL statement &quot;SELECT RES.* 
       
    FROM ACT_RE_PROCDEF RES
     
     WHERE  RES.DEPLOYMENT_ID_ = ? 
   
     ORDER BY  ORDER[*] BY RES.ID_ ASC  
    LIMIT ? OFFSET ? &quot;; expected &quot;=, NOT, EXISTS, INTERSECTS, SELECT, FROM&quot;; SQL statement:
select RES.* 
       
    from ACT_RE_PROCDEF RES
     
     WHERE  RES.DEPLOYMENT_ID_ = ? 
   
     order by  order by RES.ID_ asc  
    LIMIT ? OFFSET ? [42001-176]
### The error may exist in org/activiti/db/mapping/entity/ProcessDefinition.xml
### The error may involve org.activiti.engine.impl.persistence.entity.ProcessDefinitionEntity.selectProcessDefinitionsByQueryCriteria
### The error occurred while executing a query
### SQL: select RES.*              from ACT_RE_PROCDEF RES            WHERE  RES.DEPLOYMENT_ID_ = ?           order by  order by RES.ID_ asc       LIMIT ? OFFSET ?
### Cause: org.h2.jdbc.JdbcSQLException: Syntax error in SQL statement &quot;SELECT RES.* 
       
    FROM ACT_RE_PROCDEF RES
     
     WHERE  RES.DEPLOYMENT_ID_ = ? 
   
     ORDER BY  ORDER[*] BY RES.ID_ ASC  
    LIMIT ? OFFSET ? &quot;; expected &quot;=, NOT, EXISTS, INTERSECTS, SELECT, FROM&quot;; SQL statement:
select RES.* 
       
    from ACT_RE_PROCDEF RES
     
     WHERE  RES.DEPLOYMENT_ID_ = ? 
   
     order by  order by RES.ID_ asc  
    LIMIT ? OFFSET ? [42001-176]
	at org.apache.ibatis.exceptions.ExceptionFactory.wrapException(ExceptionFactory.java:30)
	at org.apache.ibatis.session.defaults.DefaultSqlSession.selectList(DefaultSqlSession.java:122)
	at org.apache.ibatis.session.defaults.DefaultSqlSession.selectList(DefaultSqlSession.java:113)
	at org.activiti.engine.impl.db.DbSqlSession.selectListWithRawParameter(DbSqlSession.java:438)
	at org.activiti.engine.impl.db.DbSqlSession.selectList(DbSqlSession.java:429)
	at org.activiti.engine.impl.db.DbSqlSession.selectList(DbSqlSession.java:419)
	at org.activiti.engine.impl.persistence.entity.ProcessDefinitionEntityManager.findProcessDefinitionsByQueryCriteria(ProcessDefinitionEntityManager.java:57)
	at org.activiti.engine.impl.ProcessDefinitionQueryImpl.executeList(ProcessDefinitionQueryImpl.java:307)
	at org.activiti.engine.impl.AbstractQuery.list(AbstractQuery.java:140)
	at org.activiti.engine.impl.persistence.deploy.DeploymentManager.removeDeployment(DeploymentManager.java:187)
	at org.activiti.engine.impl.cmd.DeleteDeploymentCmd.execute(DeleteDeploymentCmd.java:44)
	at org.activiti.engine.impl.cmd.DeleteDeploymentCmd.execute(DeleteDeploymentCmd.java:24)
	at org.activiti.engine.impl.interceptor.CommandInvoker.execute(CommandInvoker.java:24)
	at org.activiti.engine.impl.interceptor.CommandContextInterceptor.execute(CommandContextInterceptor.java:57)
	at org.activiti.engine.impl.interceptor.LogInterceptor.execute(LogInterceptor.java:37)
	at org.activiti.engine.impl.cfg.CommandExecutorImpl.execute(CommandExecutorImpl.java:40)
	at org.activiti.engine.impl.cfg.CommandExecutorImpl.execute(CommandExecutorImpl.java:35)
	at org.activiti.engine.impl.RepositoryServiceImpl.deleteDeployment(RepositoryServiceImpl.java:90)
	at org.activiti.engine.impl.test.TestHelper.annotationDeploymentTearDown(TestHelper.java:116)
	at org.activiti.engine.impl.test.AbstractActivitiTestCase.runBare(AbstractActivitiTestCase.java:116)
	at junit.framework.TestResult$1.protect(TestResult.java:122)
	at junit.framework.TestResult.runProtected(TestResult.java:142)
	at junit.framework.TestResult.run(TestResult.java:125)
	at junit.framework.TestCase.run(TestCase.java:129)
	at junit.framework.TestSuite.runTest(TestSuite.java:255)
	at junit.framework.TestSuite.run(TestSuite.java:250)
	at org.junit.internal.runners.JUnit38ClassRunner.run(JUnit38ClassRunner.java:84)
	at org.apache.maven.surefire.junit4.JUnit4TestSet.execute(JUnit4TestSet.java:35)
	at org.apache.maven.surefire.junit4.JUnit4Provider.executeTestSet(JUnit4Provider.java:146)
	at org.apache.maven.surefire.junit4.JUnit4Provider.invoke(JUnit4Provider.java:97)
	at sun.reflect.NativeMethodAccessorImpl.invoke0(Native Method)
	at sun.reflect.NativeMethodAccessorImpl.invoke(NativeMethodAccessorImpl.java:62)
	at sun.reflect.DelegatingMethodAccessorImpl.invoke(DelegatingMethodAccessorImpl.java:43)
	at java.lang.reflect.Method.invoke(Method.java:498)
	at org.apache.maven.surefire.booter.ProviderFactory$ClassLoaderProxy.invoke(ProviderFactory.java:103)
	at com.sun.proxy.$Proxy0.invoke(Unknown Source)
	at org.apache.maven.surefire.booter.SurefireStarter.invokeProvider(SurefireStarter.java:145)
	at org.apache.maven.surefire.booter.SurefireStarter.runSuitesInProcess(SurefireStarter.java:87)
	at org.apache.maven.surefire.booter.ForkedBooter.main(ForkedBooter.java:69)
Caused by: org.h2.jdbc.JdbcSQLException: Syntax error in SQL statement &quot;SELECT RES.* 
       
    FROM ACT_RE_PROCDEF RES
     
     WHERE  RES.DEPLOYMENT_ID_ = ? 
   
     ORDER BY  ORDER[*] BY RES.ID_ ASC  
    LIMIT ? OFFSET ? &quot;; expected &quot;=, NOT, EXISTS, INTERSECTS, SELECT, FROM&quot;; SQL statement:
select RES.* 
       
    from ACT_RE_PROCDEF RES
     
     WHERE  RES.DEPLOYMENT_ID_ = ? 
   
     order by  order by RES.ID_ asc  
    LIMIT ? OFFSET ? [42001-176]
	at org.h2.message.DbException.getJdbcSQLException(DbException.java:344)
	at org.h2.message.DbException.getSyntaxError(DbException.java:204)
	at org.h2.command.Parser.getSyntaxError(Parser.java:524)
	at org.h2.command.Parser.readTerm(Parser.java:2688)
	at org.h2.command.Parser.readFactor(Parser.java:2244)
	at org.h2.command.Parser.readSum(Parser.java:2231)
	at org.h2.command.Parser.readConcat(Parser.java:2201)
	at org.h2.command.Parser.readCondition(Parser.java:2051)
	at org.h2.command.Parser.readAnd(Parser.java:2023)
	at org.h2.command.Parser.readExpression(Parser.java:2015)
	at org.h2.command.Parser.parseEndOfQuery(Parser.java:1726)
	at org.h2.command.Parser.parseSelectUnionExtension(Parser.java:1706)
	at org.h2.command.Parser.parseSelectUnion(Parser.java:1675)
	at org.h2.command.Parser.parseSelect(Parser.java:1662)
	at org.h2.command.Parser.parsePrepared(Parser.java:434)
	at org.h2.command.Parser.parse(Parser.java:306)
	at org.h2.command.Parser.parse(Parser.java:282)
	at org.h2.command.Parser.prepareCommand(Parser.java:243)
	at org.h2.engine.Session.prepareLocal(Session.java:442)
	at org.h2.engine.Session.prepareCommand(Session.java:384)
	at org.h2.jdbc.JdbcConnection.prepareCommand(JdbcConnection.java:1188)
	at org.h2.jdbc.JdbcPreparedStatement.&lt;init&gt;(JdbcPreparedStatement.java:73)
	at org.h2.jdbc.JdbcConnection.prepareStatement(JdbcConnection.java:276)
	at sun.reflect.GeneratedMethodAccessor6.invoke(Unknown Source)
	at sun.reflect.DelegatingMethodAccessorImpl.invoke(DelegatingMethodAccessorImpl.java:43)
	at java.lang.reflect.Method.invoke(Method.java:498)
	at org.apache.ibatis.datasource.pooled.PooledConnection.invoke(PooledConnection.java:245)
	at com.sun.proxy.$Proxy12.prepareStatement(Unknown Source)
	at sun.reflect.GeneratedMethodAccessor6.invoke(Unknown Source)
	at sun.reflect.DelegatingMethodAccessorImpl.invoke(DelegatingMethodAccessorImpl.java:43)
	at java.lang.reflect.Method.invoke(Method.java:498)
	at org.apache.ibatis.logging.jdbc.ConnectionLogger.invoke(ConnectionLogger.java:55)
	at com.sun.proxy.$Proxy12.prepareStatement(Unknown Source)
	at org.apache.ibatis.executor.statement.PreparedStatementHandler.instantiateStatement(PreparedStatementHandler.java:79)
	at org.apache.ibatis.executor.statement.BaseStatementHandler.prepare(BaseStatementHandler.java:88)
	at org.apache.ibatis.executor.statement.RoutingStatementHandler.prepare(RoutingStatementHandler.java:58)
	at org.apache.ibatis.executor.SimpleExecutor.prepareStatement(SimpleExecutor.java:76)
	at org.apache.ibatis.executor.SimpleExecutor.doQuery(SimpleExecutor.java:61)
	at org.apache.ibatis.executor.BaseExecutor.queryFromDatabase(BaseExecutor.java:303)
	at org.apache.ibatis.executor.BaseExecutor.query(BaseExecutor.java:154)
	at org.apache.ibatis.executor.CachingExecutor.query(CachingExecutor.java:102)
	at org.apache.ibatis.executor.CachingExecutor.query(CachingExecutor.java:82)
	at org.apache.ibatis.session.defaults.DefaultSqlSession.selectList(DefaultSqlSession.java:120)
	... 37 more
10:47:16,874 [main] DEBUG org.activiti.engine.impl.cfg.standalone.StandaloneMybatisTransactionContext  - firing event rolling back...
10:47:16,874 [main] DEBUG org.activiti.engine.impl.cfg.standalone.StandaloneMybatisTransactionContext  - rolling back ibatis sql session...
10:47:16,874 [main] DEBUG org.activiti.engine.impl.cfg.standalone.StandaloneMybatisTransactionContext  - firing event rolled back...
10:47:16,874 [main] DEBUG org.apache.ibatis.transaction.jdbc.JdbcTransaction  - Resetting autocommit to true on JDBC Connection [conn6: url=jdbc:h2:mem:activiti user=SA]
10:47:16,874 [main] DEBUG org.apache.ibatis.transaction.jdbc.JdbcTransaction  - Closing JDBC Connection [conn6: url=jdbc:h2:mem:activiti user=SA]
10:47:16,874 [main] DEBUG org.apache.ibatis.datasource.pooled.PooledDataSource  - Returned connection 486346394 to pool.
10:47:16,874 [main] DEBUG org.activiti.engine.impl.interceptor.LogInterceptor  - --- DeleteDeploymentCmd finished --------------------------------------------------------
10:47:16,874 [main] DEBUG org.activiti.engine.impl.interceptor.LogInterceptor  - 

</system-out>
  </testcase>
  <testcase classname="org.activiti.engine.test.db.ProcessInstanceMigrationTest" name="testSetProcessDefinitionVersionSubExecutions" time="0.016">
    <error message="
### Error querying database.  Cause: org.h2.jdbc.JdbcSQLException: Syntax error in SQL statement &quot;SELECT RES.* 
       
    FROM ACT_RE_PROCDEF RES
     
     WHERE  RES.DEPLOYMENT_ID_ = ? 
   
     ORDER BY  ORDER[*] BY RES.ID_ ASC  
    LIMIT ? OFFSET ? &quot;; expected &quot;=, NOT, EXISTS, INTERSECTS, SELECT, FROM&quot;; SQL statement:
select RES.* 
       
    from ACT_RE_PROCDEF RES
     
     WHERE  RES.DEPLOYMENT_ID_ = ? 
   
     order by  order by RES.ID_ asc  
    LIMIT ? OFFSET ? [42001-176]
### The error may exist in org/activiti/db/mapping/entity/ProcessDefinition.xml
### The error may involve org.activiti.engine.impl.persistence.entity.ProcessDefinitionEntity.selectProcessDefinitionsByQueryCriteria
### The error occurred while executing a query
### SQL: select RES.*              from ACT_RE_PROCDEF RES            WHERE  RES.DEPLOYMENT_ID_ = ?           order by  order by RES.ID_ asc       LIMIT ? OFFSET ?
### Cause: org.h2.jdbc.JdbcSQLException: Syntax error in SQL statement &quot;SELECT RES.* 
       
    FROM ACT_RE_PROCDEF RES
     
     WHERE  RES.DEPLOYMENT_ID_ = ? 
   
     ORDER BY  ORDER[*] BY RES.ID_ ASC  
    LIMIT ? OFFSET ? &quot;; expected &quot;=, NOT, EXISTS, INTERSECTS, SELECT, FROM&quot;; SQL statement:
select RES.* 
       
    from ACT_RE_PROCDEF RES
     
     WHERE  RES.DEPLOYMENT_ID_ = ? 
   
     order by  order by RES.ID_ asc  
    LIMIT ? OFFSET ? [42001-176]" type="org.apache.ibatis.exceptions.PersistenceException">org.apache.ibatis.exceptions.PersistenceException: 
### Error querying database.  Cause: org.h2.jdbc.JdbcSQLException: Syntax error in SQL statement &quot;SELECT RES.* 
       
    FROM ACT_RE_PROCDEF RES
     
     WHERE  RES.DEPLOYMENT_ID_ = ? 
   
     ORDER BY  ORDER[*] BY RES.ID_ ASC  
    LIMIT ? OFFSET ? &quot;; expected &quot;=, NOT, EXISTS, INTERSECTS, SELECT, FROM&quot;; SQL statement:
select RES.* 
       
    from ACT_RE_PROCDEF RES
     
     WHERE  RES.DEPLOYMENT_ID_ = ? 
   
     order by  order by RES.ID_ asc  
    LIMIT ? OFFSET ? [42001-176]
### The error may exist in org/activiti/db/mapping/entity/ProcessDefinition.xml
### The error may involve org.activiti.engine.impl.persistence.entity.ProcessDefinitionEntity.selectProcessDefinitionsByQueryCriteria
### The error occurred while executing a query
### SQL: select RES.*              from ACT_RE_PROCDEF RES            WHERE  RES.DEPLOYMENT_ID_ = ?           order by  order by RES.ID_ asc       LIMIT ? OFFSET ?
### Cause: org.h2.jdbc.JdbcSQLException: Syntax error in SQL statement &quot;SELECT RES.* 
       
    FROM ACT_RE_PROCDEF RES
     
     WHERE  RES.DEPLOYMENT_ID_ = ? 
   
     ORDER BY  ORDER[*] BY RES.ID_ ASC  
    LIMIT ? OFFSET ? &quot;; expected &quot;=, NOT, EXISTS, INTERSECTS, SELECT, FROM&quot;; SQL statement:
select RES.* 
       
    from ACT_RE_PROCDEF RES
     
     WHERE  RES.DEPLOYMENT_ID_ = ? 
   
     order by  order by RES.ID_ asc  
    LIMIT ? OFFSET ? [42001-176]
	at org.apache.ibatis.exceptions.ExceptionFactory.wrapException(ExceptionFactory.java:30)
	at org.apache.ibatis.session.defaults.DefaultSqlSession.selectList(DefaultSqlSession.java:122)
	at org.apache.ibatis.session.defaults.DefaultSqlSession.selectList(DefaultSqlSession.java:113)
	at org.activiti.engine.impl.db.DbSqlSession.selectListWithRawParameter(DbSqlSession.java:438)
	at org.activiti.engine.impl.db.DbSqlSession.selectList(DbSqlSession.java:429)
	at org.activiti.engine.impl.db.DbSqlSession.selectList(DbSqlSession.java:419)
	at org.activiti.engine.impl.persistence.entity.ProcessDefinitionEntityManager.findProcessDefinitionsByQueryCriteria(ProcessDefinitionEntityManager.java:57)
	at org.activiti.engine.impl.ProcessDefinitionQueryImpl.executeList(ProcessDefinitionQueryImpl.java:307)
	at org.activiti.engine.impl.AbstractQuery.list(AbstractQuery.java:140)
	at org.activiti.engine.impl.persistence.deploy.DeploymentManager.removeDeployment(DeploymentManager.java:187)
	at org.activiti.engine.impl.cmd.DeleteDeploymentCmd.execute(DeleteDeploymentCmd.java:44)
	at org.activiti.engine.impl.cmd.DeleteDeploymentCmd.execute(DeleteDeploymentCmd.java:24)
	at org.activiti.engine.impl.interceptor.CommandInvoker.execute(CommandInvoker.java:24)
	at org.activiti.engine.impl.interceptor.CommandContextInterceptor.execute(CommandContextInterceptor.java:57)
	at org.activiti.engine.impl.interceptor.LogInterceptor.execute(LogInterceptor.java:37)
	at org.activiti.engine.impl.cfg.CommandExecutorImpl.execute(CommandExecutorImpl.java:40)
	at org.activiti.engine.impl.cfg.CommandExecutorImpl.execute(CommandExecutorImpl.java:35)
	at org.activiti.engine.impl.RepositoryServiceImpl.deleteDeployment(RepositoryServiceImpl.java:90)
	at org.activiti.engine.impl.test.TestHelper.annotationDeploymentTearDown(TestHelper.java:116)
	at org.activiti.engine.impl.test.AbstractActivitiTestCase.runBare(AbstractActivitiTestCase.java:116)
	at junit.framework.TestResult$1.protect(TestResult.java:122)
	at junit.framework.TestResult.runProtected(TestResult.java:142)
	at junit.framework.TestResult.run(TestResult.java:125)
	at junit.framework.TestCase.run(TestCase.java:129)
	at junit.framework.TestSuite.runTest(TestSuite.java:255)
	at junit.framework.TestSuite.run(TestSuite.java:250)
	at org.junit.internal.runners.JUnit38ClassRunner.run(JUnit38ClassRunner.java:84)
	at org.apache.maven.surefire.junit4.JUnit4TestSet.execute(JUnit4TestSet.java:35)
	at org.apache.maven.surefire.junit4.JUnit4Provider.executeTestSet(JUnit4Provider.java:146)
	at org.apache.maven.surefire.junit4.JUnit4Provider.invoke(JUnit4Provider.java:97)
	at sun.reflect.NativeMethodAccessorImpl.invoke0(Native Method)
	at sun.reflect.NativeMethodAccessorImpl.invoke(NativeMethodAccessorImpl.java:62)
	at sun.reflect.DelegatingMethodAccessorImpl.invoke(DelegatingMethodAccessorImpl.java:43)
	at java.lang.reflect.Method.invoke(Method.java:498)
	at org.apache.maven.surefire.booter.ProviderFactory$ClassLoaderProxy.invoke(ProviderFactory.java:103)
	at com.sun.proxy.$Proxy0.invoke(Unknown Source)
	at org.apache.maven.surefire.booter.SurefireStarter.invokeProvider(SurefireStarter.java:145)
	at org.apache.maven.surefire.booter.SurefireStarter.runSuitesInProcess(SurefireStarter.java:87)
	at org.apache.maven.surefire.booter.ForkedBooter.main(ForkedBooter.java:69)
Caused by: org.h2.jdbc.JdbcSQLException: Syntax error in SQL statement &quot;SELECT RES.* 
       
    FROM ACT_RE_PROCDEF RES
     
     WHERE  RES.DEPLOYMENT_ID_ = ? 
   
     ORDER BY  ORDER[*] BY RES.ID_ ASC  
    LIMIT ? OFFSET ? &quot;; expected &quot;=, NOT, EXISTS, INTERSECTS, SELECT, FROM&quot;; SQL statement:
select RES.* 
       
    from ACT_RE_PROCDEF RES
     
     WHERE  RES.DEPLOYMENT_ID_ = ? 
   
     order by  order by RES.ID_ asc  
    LIMIT ? OFFSET ? [42001-176]
	at org.h2.message.DbException.getJdbcSQLException(DbException.java:344)
	at org.h2.message.DbException.getSyntaxError(DbException.java:204)
	at org.h2.command.Parser.getSyntaxError(Parser.java:524)
	at org.h2.command.Parser.readTerm(Parser.java:2688)
	at org.h2.command.Parser.readFactor(Parser.java:2244)
	at org.h2.command.Parser.readSum(Parser.java:2231)
	at org.h2.command.Parser.readConcat(Parser.java:2201)
	at org.h2.command.Parser.readCondition(Parser.java:2051)
	at org.h2.command.Parser.readAnd(Parser.java:2023)
	at org.h2.command.Parser.readExpression(Parser.java:2015)
	at org.h2.command.Parser.parseEndOfQuery(Parser.java:1726)
	at org.h2.command.Parser.parseSelectUnionExtension(Parser.java:1706)
	at org.h2.command.Parser.parseSelectUnion(Parser.java:1675)
	at org.h2.command.Parser.parseSelect(Parser.java:1662)
	at org.h2.command.Parser.parsePrepared(Parser.java:434)
	at org.h2.command.Parser.parse(Parser.java:306)
	at org.h2.command.Parser.parse(Parser.java:282)
	at org.h2.command.Parser.prepareCommand(Parser.java:243)
	at org.h2.engine.Session.prepareLocal(Session.java:442)
	at org.h2.engine.Session.prepareCommand(Session.java:384)
	at org.h2.jdbc.JdbcConnection.prepareCommand(JdbcConnection.java:1188)
	at org.h2.jdbc.JdbcPreparedStatement.&lt;init&gt;(JdbcPreparedStatement.java:73)
	at org.h2.jdbc.JdbcConnection.prepareStatement(JdbcConnection.java:276)
	at sun.reflect.GeneratedMethodAccessor6.invoke(Unknown Source)
	at sun.reflect.DelegatingMethodAccessorImpl.invoke(DelegatingMethodAccessorImpl.java:43)
	at java.lang.reflect.Method.invoke(Method.java:498)
	at org.apache.ibatis.datasource.pooled.PooledConnection.invoke(PooledConnection.java:245)
	at com.sun.proxy.$Proxy12.prepareStatement(Unknown Source)
	at sun.reflect.GeneratedMethodAccessor6.invoke(Unknown Source)
	at sun.reflect.DelegatingMethodAccessorImpl.invoke(DelegatingMethodAccessorImpl.java:43)
	at java.lang.reflect.Method.invoke(Method.java:498)
	at org.apache.ibatis.logging.jdbc.ConnectionLogger.invoke(ConnectionLogger.java:55)
	at com.sun.proxy.$Proxy12.prepareStatement(Unknown Source)
	at org.apache.ibatis.executor.statement.PreparedStatementHandler.instantiateStatement(PreparedStatementHandler.java:79)
	at org.apache.ibatis.executor.statement.BaseStatementHandler.prepare(BaseStatementHandler.java:88)
	at org.apache.ibatis.executor.statement.RoutingStatementHandler.prepare(RoutingStatementHandler.java:58)
	at org.apache.ibatis.executor.SimpleExecutor.prepareStatement(SimpleExecutor.java:76)
	at org.apache.ibatis.executor.SimpleExecutor.doQuery(SimpleExecutor.java:61)
	at org.apache.ibatis.executor.BaseExecutor.queryFromDatabase(BaseExecutor.java:303)
	at org.apache.ibatis.executor.BaseExecutor.query(BaseExecutor.java:154)
	at org.apache.ibatis.executor.CachingExecutor.query(CachingExecutor.java:102)
	at org.apache.ibatis.executor.CachingExecutor.query(CachingExecutor.java:82)
	at org.apache.ibatis.session.defaults.DefaultSqlSession.selectList(DefaultSqlSession.java:120)
	... 37 more
</error>
    <system-out>10:47:16,875 [main] DEBUG org.activiti.engine.impl.test.TestHelper  - annotation @Deployment creates deployment for ProcessInstanceMigrationTest.testSetProcessDefinitionVersionSubExecutions
10:47:16,875 [main] DEBUG org.activiti.engine.impl.interceptor.LogInterceptor  - 

10:47:16,875 [main] DEBUG org.activiti.engine.impl.interceptor.LogInterceptor  - --- starting DeployCmd --------------------------------------------------------
10:47:16,876 [main] DEBUG org.activiti.engine.impl.bpmn.deployer.BpmnDeployer  - Processing deployment ProcessInstanceMigrationTest.testSetProcessDefinitionVersionSubExecutions
10:47:16,876 [main] INFO  org.activiti.engine.impl.bpmn.deployer.BpmnDeployer  - Processing resource org/activiti/examples/bpmn/gateway/ParallelGatewayTest.testForkJoin.bpmn20.xml
10:47:16,882 [main] DEBUG org.activiti.engine.impl.bpmn.parser.handler.ProcessParseHandler  - Parsing process forkJoin
10:47:16,882 [main] DEBUG org.activiti.engine.impl.bpmn.parser.handler.AbstractBpmnParseHandler  - Parsing activity fork
10:47:16,882 [main] DEBUG org.activiti.engine.impl.bpmn.parser.handler.AbstractBpmnParseHandler  - Parsing activity receivePayment
10:47:16,882 [main] DEBUG org.activiti.engine.impl.bpmn.parser.handler.AbstractBpmnParseHandler  - Parsing activity shipOrder
10:47:16,882 [main] DEBUG org.activiti.engine.impl.bpmn.parser.handler.AbstractBpmnParseHandler  - Parsing activity join
10:47:16,883 [main] DEBUG org.activiti.engine.impl.bpmn.parser.handler.AbstractBpmnParseHandler  - Parsing activity archiveOrder
10:47:16,883 [main] DEBUG org.activiti.engine.impl.bpmn.parser.handler.AbstractBpmnParseHandler  - Parsing activity theStart
10:47:16,883 [main] DEBUG org.activiti.engine.impl.bpmn.parser.handler.AbstractBpmnParseHandler  - Parsing activity theEnd
10:47:16,883 [main] DEBUG org.apache.ibatis.transaction.jdbc.JdbcTransaction  - Opening JDBC Connection
10:47:16,883 [main] DEBUG org.apache.ibatis.datasource.pooled.PooledDataSource  - Checked out connection 297240765 from pool.
10:47:16,883 [main] DEBUG org.apache.ibatis.transaction.jdbc.JdbcTransaction  - Setting autocommit to false on JDBC Connection [conn4: url=jdbc:h2:mem:activiti user=SA]
10:47:16,883 [main] DEBUG org.activiti.engine.impl.persistence.entity.ProcessDefinitionEntity.selectLatestProcessDefinitionByKey  - ==&gt;  Preparing: select * from ACT_RE_PROCDEF where KEY_ = ? and (TENANT_ID_ = &apos;&apos; or TENANT_ID_ is null) and VERSION_ = (select max(VERSION_) from ACT_RE_PROCDEF where KEY_ = ? and (TENANT_ID_ = &apos;&apos; or TENANT_ID_ is null)) 
10:47:16,883 [main] DEBUG org.activiti.engine.impl.persistence.entity.ProcessDefinitionEntity.selectLatestProcessDefinitionByKey  - ==&gt; Parameters: forkJoin(String), forkJoin(String)
10:47:16,883 [main] DEBUG org.activiti.engine.impl.persistence.entity.ProcessDefinitionEntity.selectLatestProcessDefinitionByKey  - &lt;==      Total: 1
10:47:16,883 [main] DEBUG org.activiti.engine.impl.persistence.entity.JobEntity.selectJobByTypeAndProcessDefinitionKeyNoTenantId  - ==&gt;  Preparing: select J.* from ACT_RU_JOB J inner join ACT_RE_PROCDEF P on J.PROC_DEF_ID_ = P.ID_ where J.HANDLER_TYPE_ = ? and P.KEY_ = ? and (P.TENANT_ID_ = &apos;&apos; or P.TENANT_ID_ is null) 
10:47:16,883 [main] DEBUG org.activiti.engine.impl.persistence.entity.JobEntity.selectJobByTypeAndProcessDefinitionKeyNoTenantId  - ==&gt; Parameters: timer-start-event(String), forkJoin(String)
10:47:16,883 [main] DEBUG org.activiti.engine.impl.persistence.entity.JobEntity.selectJobByTypeAndProcessDefinitionKeyNoTenantId  - &lt;==      Total: 0
10:47:16,883 [main] DEBUG org.activiti.engine.impl.persistence.entity.EventSubscriptionEntity.selectEventSubscriptionsByConfiguration  - ==&gt;  Preparing: select * from ACT_RU_EVENT_SUBSCR where (EVENT_TYPE_ = ?) and ( (CONFIGURATION_ = ?) or (PROC_DEF_ID_ = ?) ) and (TENANT_ID_ = &apos;&apos; or TENANT_ID_ is null) 
10:47:16,883 [main] DEBUG org.activiti.engine.impl.persistence.entity.EventSubscriptionEntity.selectEventSubscriptionsByConfiguration  - ==&gt; Parameters: message(String), forkJoin:1:648(String), forkJoin:1:648(String)
10:47:16,883 [main] DEBUG org.activiti.engine.impl.persistence.entity.EventSubscriptionEntity.selectEventSubscriptionsByConfiguration  - &lt;==      Total: 0
10:47:16,884 [main] DEBUG org.activiti.engine.impl.persistence.entity.EventSubscriptionEntity.selectEventSubscriptionsByConfiguration  - ==&gt;  Preparing: select * from ACT_RU_EVENT_SUBSCR where (EVENT_TYPE_ = ?) and ( (CONFIGURATION_ = ?) or (PROC_DEF_ID_ = ?) ) and (TENANT_ID_ = &apos;&apos; or TENANT_ID_ is null) 
10:47:16,884 [main] DEBUG org.activiti.engine.impl.persistence.entity.EventSubscriptionEntity.selectEventSubscriptionsByConfiguration  - ==&gt; Parameters: signal(String), forkJoin:1:648(String), forkJoin:1:648(String)
10:47:16,884 [main] DEBUG org.activiti.engine.impl.persistence.entity.EventSubscriptionEntity.selectEventSubscriptionsByConfiguration  - &lt;==      Total: 0
10:47:16,884 [main] DEBUG org.activiti.engine.impl.persistence.entity.ProcessDefinitionInfoEntity.selectProcessDefinitionInfoByProcessDefinitionId  - ==&gt;  Preparing: select * from ACT_PROCDEF_INFO where PROC_DEF_ID_ = ? 
10:47:16,884 [main] DEBUG org.activiti.engine.impl.persistence.entity.ProcessDefinitionInfoEntity.selectProcessDefinitionInfoByProcessDefinitionId  - ==&gt; Parameters: forkJoin:2:674(String)
10:47:16,884 [main] DEBUG org.activiti.engine.impl.persistence.entity.ProcessDefinitionInfoEntity.selectProcessDefinitionInfoByProcessDefinitionId  - &lt;==      Total: 0
10:47:16,884 [main] DEBUG org.activiti.engine.impl.interceptor.LogInterceptor  - 

10:47:16,884 [main] DEBUG org.activiti.engine.impl.interceptor.LogInterceptor  - --- starting GetProcessDefinitionInfoCmd --------------------------------------------------------
10:47:16,884 [main] DEBUG org.activiti.engine.impl.interceptor.CommandContextInterceptor  - Valid context found. Reusing it for the current command &apos;org.activiti.engine.impl.cmd.GetProcessDefinitionInfoCmd&apos;
10:47:16,884 [main] DEBUG org.activiti.engine.impl.interceptor.LogInterceptor  - 

10:47:16,884 [main] DEBUG org.activiti.engine.impl.interceptor.LogInterceptor  - --- starting  --------------------------------------------------------
10:47:16,884 [main] DEBUG org.activiti.engine.impl.interceptor.CommandContextInterceptor  - Valid context found. Reusing it for the current command &apos;null&apos;
10:47:16,884 [main] DEBUG org.activiti.engine.impl.interceptor.LogInterceptor  - ---  finished --------------------------------------------------------
10:47:16,884 [main] DEBUG org.activiti.engine.impl.interceptor.LogInterceptor  - 

10:47:16,884 [main] DEBUG org.activiti.engine.impl.interceptor.LogInterceptor  - --- GetProcessDefinitionInfoCmd finished --------------------------------------------------------
10:47:16,885 [main] DEBUG org.activiti.engine.impl.interceptor.LogInterceptor  - 

10:47:16,885 [main] DEBUG org.activiti.engine.impl.db.DbSqlSession  -   insert ResourceEntity[id=673, name=org/activiti/examples/bpmn/gateway/ParallelGatewayTest.testForkJoin.bpmn20.xml]
10:47:16,885 [main] DEBUG org.activiti.engine.impl.db.DbSqlSession  -   insert DeploymentEntity[id=672, name=ProcessInstanceMigrationTest.testSetProcessDefinitionVersionSubExecutions]
10:47:16,885 [main] DEBUG org.activiti.engine.impl.db.DbSqlSession  -   insert ProcessDefinitionEntity[forkJoin:2:674]
10:47:16,885 [main] DEBUG org.activiti.engine.impl.db.DbSqlSession  - flush summary: 3 insert, 0 update, 0 delete.
10:47:16,885 [main] DEBUG org.activiti.engine.impl.db.DbSqlSession  - now executing flush...
10:47:16,885 [main] DEBUG org.activiti.engine.impl.db.DbSqlSession  - inserting: ProcessDefinitionEntity[forkJoin:2:674]
10:47:16,885 [main] DEBUG org.activiti.engine.impl.persistence.entity.ProcessDefinitionEntity.insertProcessDefinition  - ==&gt;  Preparing: insert into ACT_RE_PROCDEF(ID_, REV_, CATEGORY_, NAME_, KEY_, VERSION_, DEPLOYMENT_ID_, RESOURCE_NAME_, DGRM_RESOURCE_NAME_, DESCRIPTION_, HAS_START_FORM_KEY_, HAS_GRAPHICAL_NOTATION_ , SUSPENSION_STATE_, TENANT_ID_) values (?, 1, ?, ?, ?, ?, ?, ?, ?, ?, ?, ?, ?, ?) 
10:47:16,885 [main] DEBUG org.activiti.engine.impl.persistence.entity.ProcessDefinitionEntity.insertProcessDefinition  - ==&gt; Parameters: forkJoin:2:674(String), Examples(String), null, forkJoin(String), 2(Integer), 672(String), org/activiti/examples/bpmn/gateway/ParallelGatewayTest.testForkJoin.bpmn20.xml(String), null, null, false(Boolean), false(Boolean), 1(Integer), (String)
10:47:16,885 [main] DEBUG org.activiti.engine.impl.persistence.entity.ProcessDefinitionEntity.insertProcessDefinition  - &lt;==    Updates: 1
10:47:16,885 [main] DEBUG org.activiti.engine.impl.db.DbSqlSession  - inserting: DeploymentEntity[id=672, name=ProcessInstanceMigrationTest.testSetProcessDefinitionVersionSubExecutions]
10:47:16,885 [main] DEBUG org.activiti.engine.impl.persistence.entity.DeploymentEntity.insertDeployment  - ==&gt;  Preparing: insert into ACT_RE_DEPLOYMENT(ID_, NAME_, CATEGORY_, TENANT_ID_, DEPLOY_TIME_) values(?, ?, ?, ?, ?) 
10:47:16,885 [main] DEBUG org.activiti.engine.impl.persistence.entity.DeploymentEntity.insertDeployment  - ==&gt; Parameters: 672(String), ProcessInstanceMigrationTest.testSetProcessDefinitionVersionSubExecutions(String), null, (String), 2015-01-01 00:00:00.0(Timestamp)
10:47:16,885 [main] DEBUG org.activiti.engine.impl.persistence.entity.DeploymentEntity.insertDeployment  - &lt;==    Updates: 1
10:47:16,885 [main] DEBUG org.activiti.engine.impl.db.DbSqlSession  - inserting: ResourceEntity[id=673, name=org/activiti/examples/bpmn/gateway/ParallelGatewayTest.testForkJoin.bpmn20.xml]
10:47:16,885 [main] DEBUG org.activiti.engine.impl.persistence.entity.ResourceEntity.insertResource  - ==&gt;  Preparing: insert into ACT_GE_BYTEARRAY(ID_, REV_, NAME_, BYTES_, DEPLOYMENT_ID_, GENERATED_) values (?, 1, ?, ?, ?, ?) 
10:47:16,885 [main] DEBUG org.activiti.engine.impl.persistence.entity.ResourceEntity.insertResource  - ==&gt; Parameters: 673(String), org/activiti/examples/bpmn/gateway/ParallelGatewayTest.testForkJoin.bpmn20.xml(String), java.io.ByteArrayInputStream@43b7cc23(ByteArrayInputStream), 672(String), false(Boolean)
10:47:16,885 [main] DEBUG org.activiti.engine.impl.persistence.entity.ResourceEntity.insertResource  - &lt;==    Updates: 1
10:47:16,885 [main] DEBUG org.activiti.engine.impl.cfg.standalone.StandaloneMybatisTransactionContext  - firing event committing...
10:47:16,885 [main] DEBUG org.activiti.engine.impl.cfg.standalone.StandaloneMybatisTransactionContext  - committing the ibatis sql session...
10:47:16,886 [main] DEBUG org.apache.ibatis.transaction.jdbc.JdbcTransaction  - Committing JDBC Connection [conn4: url=jdbc:h2:mem:activiti user=SA]
10:47:16,886 [main] DEBUG org.activiti.engine.impl.cfg.standalone.StandaloneMybatisTransactionContext  - firing event committed...
10:47:16,886 [main] DEBUG org.apache.ibatis.transaction.jdbc.JdbcTransaction  - Resetting autocommit to true on JDBC Connection [conn4: url=jdbc:h2:mem:activiti user=SA]
10:47:16,886 [main] DEBUG org.apache.ibatis.transaction.jdbc.JdbcTransaction  - Closing JDBC Connection [conn4: url=jdbc:h2:mem:activiti user=SA]
10:47:16,886 [main] DEBUG org.apache.ibatis.datasource.pooled.PooledDataSource  - Returned connection 297240765 to pool.
10:47:16,886 [main] DEBUG org.activiti.engine.impl.interceptor.LogInterceptor  - --- DeployCmd finished --------------------------------------------------------
10:47:16,886 [main] DEBUG org.activiti.engine.impl.interceptor.LogInterceptor  - 

10:47:16,886 [main] DEBUG org.activiti.engine.impl.test.PvmTestCase  - 

10:47:16,886 [main] DEBUG org.activiti.engine.impl.test.PvmTestCase  - #### START ProcessInstanceMigrationTest.testSetProcessDefinitionVersionSubExecutions ###########################################################
10:47:16,886 [main] DEBUG org.activiti.engine.impl.interceptor.LogInterceptor  - 

10:47:16,886 [main] DEBUG org.activiti.engine.impl.interceptor.LogInterceptor  - --- starting StartProcessInstanceCmd --------------------------------------------------------
10:47:16,886 [main] DEBUG org.apache.ibatis.transaction.jdbc.JdbcTransaction  - Opening JDBC Connection
10:47:16,886 [main] DEBUG org.apache.ibatis.datasource.pooled.PooledDataSource  - Checked out connection 363509958 from pool.
10:47:16,886 [main] DEBUG org.apache.ibatis.transaction.jdbc.JdbcTransaction  - Setting autocommit to false on JDBC Connection [conn2: url=jdbc:h2:mem:activiti user=SA]
10:47:16,886 [main] DEBUG org.activiti.engine.impl.persistence.entity.ProcessDefinitionEntity.selectLatestProcessDefinitionByKey  - ==&gt;  Preparing: select * from ACT_RE_PROCDEF where KEY_ = ? and (TENANT_ID_ = &apos;&apos; or TENANT_ID_ is null) and VERSION_ = (select max(VERSION_) from ACT_RE_PROCDEF where KEY_ = ? and (TENANT_ID_ = &apos;&apos; or TENANT_ID_ is null)) 
10:47:16,886 [main] DEBUG org.activiti.engine.impl.persistence.entity.ProcessDefinitionEntity.selectLatestProcessDefinitionByKey  - ==&gt; Parameters: forkJoin(String), forkJoin(String)
10:47:16,886 [main] DEBUG org.activiti.engine.impl.persistence.entity.ProcessDefinitionEntity.selectLatestProcessDefinitionByKey  - &lt;==      Total: 1
10:47:16,886 [main] DEBUG org.activiti.engine.impl.persistence.entity.ExecutionEntity  - initializing ProcessInstance[675]
10:47:16,886 [main] DEBUG org.activiti.engine.impl.history.DefaultHistoryManager  - Current history level: FULL, level required: ACTIVITY
10:47:16,886 [main] DEBUG org.activiti.engine.impl.pvm.runtime.AtomicOperationActivityExecute  - ProcessInstance[675] executes Activity(theStart): org.activiti.engine.impl.bpmn.behavior.NoneStartEventActivityBehavior
10:47:16,887 [main] DEBUG org.activiti.engine.impl.persistence.entity.JobEntity.selectJobsByExecutionId  - ==&gt;  Preparing: select * from ACT_RU_JOB J where J.EXECUTION_ID_ = ? 
10:47:16,887 [main] DEBUG org.activiti.engine.impl.persistence.entity.JobEntity.selectJobsByExecutionId  - ==&gt; Parameters: 675(String)
10:47:16,887 [main] DEBUG org.activiti.engine.impl.persistence.entity.JobEntity.selectJobsByExecutionId  - &lt;==      Total: 0
10:47:16,887 [main] DEBUG org.activiti.engine.impl.bpmn.behavior.BpmnActivityBehavior  - Leaving activity &apos;theStart&apos;
10:47:16,887 [main] DEBUG org.activiti.engine.impl.history.DefaultHistoryManager  - Current history level: FULL, level required: ACTIVITY
10:47:16,887 [main] DEBUG org.activiti.engine.impl.pvm.runtime.AtomicOperationTransitionNotifyListenerTake  - ProcessInstance[675] takes transition (theStart)--flow1--&gt;(fork)
10:47:16,887 [main] DEBUG org.activiti.engine.impl.history.DefaultHistoryManager  - Current history level: FULL, level required: ACTIVITY
10:47:16,887 [main] DEBUG org.activiti.engine.impl.pvm.runtime.AtomicOperationActivityExecute  - ProcessInstance[675] executes Activity(fork): org.activiti.engine.impl.bpmn.behavior.ParallelGatewayActivityBehavior
10:47:16,887 [main] DEBUG org.activiti.engine.impl.persistence.entity.ExecutionEntity  - inactive concurrent executions in &apos;Activity(fork)&apos;: [ProcessInstance[675]]
10:47:16,887 [main] DEBUG org.activiti.engine.impl.persistence.entity.ExecutionEntity  - other concurrent executions: []
10:47:16,887 [main] DEBUG org.activiti.engine.impl.history.DefaultHistoryManager  - Current history level: FULL, level required: ACTIVITY
10:47:16,887 [main] DEBUG org.activiti.engine.impl.bpmn.behavior.ParallelGatewayActivityBehavior  - parallel gateway &apos;fork&apos; activates: 1 of 1 joined
10:47:16,887 [main] DEBUG org.activiti.engine.impl.persistence.entity.ExecutionEntity  - transitions to take concurrent: [(fork)--&gt;(receivePayment), (fork)--&gt;(shipOrder)]
10:47:16,887 [main] DEBUG org.activiti.engine.impl.persistence.entity.ExecutionEntity  - active concurrent executions: []
10:47:16,887 [main] DEBUG org.activiti.engine.impl.persistence.entity.ExecutionEntity  - recyclable executions for reuse: []
10:47:16,887 [main] DEBUG org.activiti.engine.impl.persistence.entity.ExecutionEntity  - Child execution ScopeExecution[678] created with parent 
10:47:16,887 [main] DEBUG org.activiti.engine.impl.persistence.entity.ExecutionEntity  - new ScopeExecution[678] with parent ProcessInstance[675] created to take transition (fork)--&gt;(receivePayment)
10:47:16,887 [main] DEBUG org.activiti.engine.impl.persistence.entity.ExecutionEntity  - Child execution ScopeExecution[679] created with parent 
10:47:16,887 [main] DEBUG org.activiti.engine.impl.persistence.entity.ExecutionEntity  - new ScopeExecution[679] with parent ProcessInstance[675] created to take transition (fork)--&gt;(shipOrder)
10:47:16,888 [main] DEBUG org.activiti.engine.impl.history.DefaultHistoryManager  - Current history level: FULL, level required: ACTIVITY
10:47:16,888 [main] DEBUG org.activiti.engine.impl.persistence.entity.HistoricActivityInstanceEntity.selectHistoricActivityInstancesByQueryCriteria  - ==&gt;  Preparing: select RES.* from ACT_HI_ACTINST RES WHERE RES.EXECUTION_ID_ = ? and RES.ACT_ID_ = ? and RES.END_TIME_ is null order by order by RES.ID_ asc LIMIT ? OFFSET ? 
10:47:16,888 [main] DEBUG org.activiti.engine.impl.interceptor.CommandContext  - Error while closing command context
org.apache.ibatis.exceptions.PersistenceException: 
### Error querying database.  Cause: org.h2.jdbc.JdbcSQLException: Syntax error in SQL statement &quot;SELECT RES.* 
     
    FROM ACT_HI_ACTINST RES
     WHERE  RES.EXECUTION_ID_ = ?
      
      
      
        AND RES.ACT_ID_ = ?
      
      
      
      
      
      
      
      
        AND RES.END_TIME_ IS NULL 
   
     ORDER BY  ORDER[*] BY RES.ID_ ASC  
    LIMIT ? OFFSET ? &quot;; expected &quot;=, NOT, EXISTS, INTERSECTS, SELECT, FROM&quot;; SQL statement:
select RES.* 
     
    from ACT_HI_ACTINST RES
     WHERE  RES.EXECUTION_ID_ = ?
      
      
      
        and RES.ACT_ID_ = ?
      
      
      
      
      
      
      
      
        and RES.END_TIME_ is null 
   
     order by  order by RES.ID_ asc  
    LIMIT ? OFFSET ? [42001-176]
### The error may exist in org/activiti/db/mapping/entity/HistoricActivityInstance.xml
### The error may involve org.activiti.engine.impl.persistence.entity.HistoricActivityInstanceEntity.selectHistoricActivityInstancesByQueryCriteria
### The error occurred while executing a query
### SQL: select RES.*            from ACT_HI_ACTINST RES      WHERE  RES.EXECUTION_ID_ = ?                              and RES.ACT_ID_ = ?                                                                 and RES.END_TIME_ is null           order by  order by RES.ID_ asc       LIMIT ? OFFSET ?
### Cause: org.h2.jdbc.JdbcSQLException: Syntax error in SQL statement &quot;SELECT RES.* 
     
    FROM ACT_HI_ACTINST RES
     WHERE  RES.EXECUTION_ID_ = ?
      
      
      
        AND RES.ACT_ID_ = ?
      
      
      
      
      
      
      
      
        AND RES.END_TIME_ IS NULL 
   
     ORDER BY  ORDER[*] BY RES.ID_ ASC  
    LIMIT ? OFFSET ? &quot;; expected &quot;=, NOT, EXISTS, INTERSECTS, SELECT, FROM&quot;; SQL statement:
select RES.* 
     
    from ACT_HI_ACTINST RES
     WHERE  RES.EXECUTION_ID_ = ?
      
      
      
        and RES.ACT_ID_ = ?
      
      
      
      
      
      
      
      
        and RES.END_TIME_ is null 
   
     order by  order by RES.ID_ asc  
    LIMIT ? OFFSET ? [42001-176]
	at org.apache.ibatis.exceptions.ExceptionFactory.wrapException(ExceptionFactory.java:30)
	at org.apache.ibatis.session.defaults.DefaultSqlSession.selectList(DefaultSqlSession.java:122)
	at org.apache.ibatis.session.defaults.DefaultSqlSession.selectList(DefaultSqlSession.java:113)
	at org.activiti.engine.impl.db.DbSqlSession.selectListWithRawParameter(DbSqlSession.java:438)
	at org.activiti.engine.impl.db.DbSqlSession.selectList(DbSqlSession.java:429)
	at org.activiti.engine.impl.db.DbSqlSession.selectList(DbSqlSession.java:419)
	at org.activiti.engine.impl.persistence.entity.HistoricActivityInstanceEntityManager.findHistoricActivityInstancesByQueryCriteria(HistoricActivityInstanceEntityManager.java:56)
	at org.activiti.engine.impl.HistoricActivityInstanceQueryImpl.executeList(HistoricActivityInstanceQueryImpl.java:70)
	at org.activiti.engine.impl.AbstractQuery.listPage(AbstractQuery.java:151)
	at org.activiti.engine.impl.history.DefaultHistoryManager.findActivityInstance(DefaultHistoryManager.java:355)
	at org.activiti.engine.impl.history.DefaultHistoryManager.recordActivityEnd(DefaultHistoryManager.java:281)
	at org.activiti.engine.impl.history.handler.ActivityInstanceEndHandler.notify(ActivityInstanceEndHandler.java:29)
	at org.activiti.engine.impl.pvm.runtime.AbstractEventAtomicOperation.execute(AbstractEventAtomicOperation.java:42)
	at org.activiti.engine.impl.interceptor.CommandContext.performOperation(CommandContext.java:97)
	at org.activiti.engine.impl.persistence.entity.ExecutionEntity.performOperationSync(ExecutionEntity.java:636)
	at org.activiti.engine.impl.persistence.entity.ExecutionEntity.performOperation(ExecutionEntity.java:629)
	at org.activiti.engine.impl.persistence.entity.ExecutionEntity.take(ExecutionEntity.java:453)
	at org.activiti.engine.impl.pvm.runtime.OutgoingExecution.take(OutgoingExecution.java:48)
	at org.activiti.engine.impl.persistence.entity.ExecutionEntity.takeAll(ExecutionEntity.java:589)
	at org.activiti.engine.impl.bpmn.behavior.ParallelGatewayActivityBehavior.execute(ParallelGatewayActivityBehavior.java:78)
	at org.activiti.engine.impl.pvm.runtime.AtomicOperationActivityExecute.execute(AtomicOperationActivityExecute.java:60)
	at org.activiti.engine.impl.interceptor.CommandContext.performOperation(CommandContext.java:97)
	at org.activiti.engine.impl.persistence.entity.ExecutionEntity.performOperationSync(ExecutionEntity.java:636)
	at org.activiti.engine.impl.persistence.entity.ExecutionEntity.performOperation(ExecutionEntity.java:629)
	at org.activiti.engine.impl.pvm.runtime.AtomicOperationTransitionNotifyListenerStart.eventNotificationsCompleted(AtomicOperationTransitionNotifyListenerStart.java:52)
	at org.activiti.engine.impl.pvm.runtime.AbstractEventAtomicOperation.execute(AbstractEventAtomicOperation.java:56)
	at org.activiti.engine.impl.interceptor.CommandContext.performOperation(CommandContext.java:97)
	at org.activiti.engine.impl.persistence.entity.ExecutionEntity.performOperationSync(ExecutionEntity.java:636)
	at org.activiti.engine.impl.persistence.entity.ExecutionEntity.performOperation(ExecutionEntity.java:629)
	at org.activiti.engine.impl.pvm.runtime.AbstractEventAtomicOperation.execute(AbstractEventAtomicOperation.java:49)
	at org.activiti.engine.impl.interceptor.CommandContext.performOperation(CommandContext.java:97)
	at org.activiti.engine.impl.persistence.entity.ExecutionEntity.performOperationSync(ExecutionEntity.java:636)
	at org.activiti.engine.impl.persistence.entity.ExecutionEntity.performOperation(ExecutionEntity.java:629)
	at org.activiti.engine.impl.pvm.runtime.AtomicOperationTransitionCreateScope.execute(AtomicOperationTransitionCreateScope.java:49)
	at org.activiti.engine.impl.interceptor.CommandContext.performOperation(CommandContext.java:97)
	at org.activiti.engine.impl.persistence.entity.ExecutionEntity.performOperationSync(ExecutionEntity.java:636)
	at org.activiti.engine.impl.persistence.entity.ExecutionEntity.performOperation(ExecutionEntity.java:629)
	at org.activiti.engine.impl.pvm.runtime.AtomicOperationTransitionNotifyListenerTake.execute(AtomicOperationTransitionNotifyListenerTake.java:80)
	at org.activiti.engine.impl.interceptor.CommandContext.performOperation(CommandContext.java:97)
	at org.activiti.engine.impl.persistence.entity.ExecutionEntity.performOperationSync(ExecutionEntity.java:636)
	at org.activiti.engine.impl.persistence.entity.ExecutionEntity.performOperation(ExecutionEntity.java:629)
	at org.activiti.engine.impl.pvm.runtime.AtomicOperationTransitionDestroyScope.execute(AtomicOperationTransitionDestroyScope.java:116)
	at org.activiti.engine.impl.interceptor.CommandContext.performOperation(CommandContext.java:97)
	at org.activiti.engine.impl.persistence.entity.ExecutionEntity.performOperationSync(ExecutionEntity.java:636)
	at org.activiti.engine.impl.persistence.entity.ExecutionEntity.performOperation(ExecutionEntity.java:629)
	at org.activiti.engine.impl.pvm.runtime.AtomicOperationTransitionNotifyListenerEnd.eventNotificationsCompleted(AtomicOperationTransitionNotifyListenerEnd.java:35)
	at org.activiti.engine.impl.pvm.runtime.AbstractEventAtomicOperation.execute(AbstractEventAtomicOperation.java:56)
	at org.activiti.engine.impl.interceptor.CommandContext.performOperation(CommandContext.java:97)
	at org.activiti.engine.impl.persistence.entity.ExecutionEntity.performOperationSync(ExecutionEntity.java:636)
	at org.activiti.engine.impl.persistence.entity.ExecutionEntity.performOperation(ExecutionEntity.java:629)
	at org.activiti.engine.impl.pvm.runtime.AbstractEventAtomicOperation.execute(AbstractEventAtomicOperation.java:49)
	at org.activiti.engine.impl.interceptor.CommandContext.performOperation(CommandContext.java:97)
	at org.activiti.engine.impl.persistence.entity.ExecutionEntity.performOperationSync(ExecutionEntity.java:636)
	at org.activiti.engine.impl.persistence.entity.ExecutionEntity.performOperation(ExecutionEntity.java:629)
	at org.activiti.engine.impl.persistence.entity.ExecutionEntity.take(ExecutionEntity.java:453)
	at org.activiti.engine.impl.persistence.entity.ExecutionEntity.take(ExecutionEntity.java:431)
	at org.activiti.engine.impl.bpmn.behavior.BpmnActivityBehavior.performOutgoingBehavior(BpmnActivityBehavior.java:140)
	at org.activiti.engine.impl.bpmn.behavior.BpmnActivityBehavior.performDefaultOutgoingBehavior(BpmnActivityBehavior.java:66)
	at org.activiti.engine.impl.bpmn.behavior.FlowNodeActivityBehavior.leave(FlowNodeActivityBehavior.java:44)
	at org.activiti.engine.impl.bpmn.behavior.FlowNodeActivityBehavior.execute(FlowNodeActivityBehavior.java:36)
	at org.activiti.engine.impl.pvm.runtime.AtomicOperationActivityExecute.execute(AtomicOperationActivityExecute.java:60)
	at org.activiti.engine.impl.interceptor.CommandContext.performOperation(CommandContext.java:97)
	at org.activiti.engine.impl.persistence.entity.ExecutionEntity.performOperationSync(ExecutionEntity.java:636)
	at org.activiti.engine.impl.persistence.entity.ExecutionEntity.performOperation(ExecutionEntity.java:629)
	at org.activiti.engine.impl.pvm.runtime.AtomicOperationProcessStartInitial.eventNotificationsCompleted(AtomicOperationProcessStartInitial.java:45)
	at org.activiti.engine.impl.pvm.runtime.AbstractEventAtomicOperation.execute(AbstractEventAtomicOperation.java:56)
	at org.activiti.engine.impl.interceptor.CommandContext.performOperation(CommandContext.java:97)
	at org.activiti.engine.impl.persistence.entity.ExecutionEntity.performOperationSync(ExecutionEntity.java:636)
	at org.activiti.engine.impl.persistence.entity.ExecutionEntity.performOperation(ExecutionEntity.java:629)
	at org.activiti.engine.impl.pvm.runtime.AtomicOperationProcessStart.eventNotificationsCompleted(AtomicOperationProcessStart.java:64)
	at org.activiti.engine.impl.pvm.runtime.AbstractEventAtomicOperation.execute(AbstractEventAtomicOperation.java:56)
	at org.activiti.engine.impl.interceptor.CommandContext.performOperation(CommandContext.java:97)
	at org.activiti.engine.impl.persistence.entity.ExecutionEntity.performOperationSync(ExecutionEntity.java:636)
	at org.activiti.engine.impl.persistence.entity.ExecutionEntity.performOperation(ExecutionEntity.java:629)
	at org.activiti.engine.impl.persistence.entity.ExecutionEntity.start(ExecutionEntity.java:381)
	at org.activiti.engine.impl.cmd.StartProcessInstanceCmd.execute(StartProcessInstanceCmd.java:110)
	at org.activiti.engine.impl.cmd.StartProcessInstanceCmd.execute(StartProcessInstanceCmd.java:37)
	at org.activiti.engine.impl.interceptor.CommandInvoker.execute(CommandInvoker.java:24)
	at org.activiti.engine.impl.interceptor.CommandContextInterceptor.execute(CommandContextInterceptor.java:57)
	at org.activiti.engine.impl.interceptor.LogInterceptor.execute(LogInterceptor.java:37)
	at org.activiti.engine.impl.cfg.CommandExecutorImpl.execute(CommandExecutorImpl.java:40)
	at org.activiti.engine.impl.cfg.CommandExecutorImpl.execute(CommandExecutorImpl.java:35)
	at org.activiti.engine.impl.RuntimeServiceImpl.startProcessInstanceByKey(RuntimeServiceImpl.java:69)
	at org.activiti.engine.test.db.ProcessInstanceMigrationTest.testSetProcessDefinitionVersionSubExecutions(ProcessInstanceMigrationTest.java:207)
	at sun.reflect.NativeMethodAccessorImpl.invoke0(Native Method)
	at sun.reflect.NativeMethodAccessorImpl.invoke(NativeMethodAccessorImpl.java:62)
	at sun.reflect.DelegatingMethodAccessorImpl.invoke(DelegatingMethodAccessorImpl.java:43)
	at java.lang.reflect.Method.invoke(Method.java:498)
	at junit.framework.TestCase.runTest(TestCase.java:176)
	at org.activiti.engine.impl.test.PvmTestCase.runTest(PvmTestCase.java:65)
	at junit.framework.TestCase.runBare(TestCase.java:141)
	at org.activiti.engine.impl.test.AbstractActivitiTestCase.runBare(AbstractActivitiTestCase.java:100)
	at junit.framework.TestResult$1.protect(TestResult.java:122)
	at junit.framework.TestResult.runProtected(TestResult.java:142)
	at junit.framework.TestResult.run(TestResult.java:125)
	at junit.framework.TestCase.run(TestCase.java:129)
	at junit.framework.TestSuite.runTest(TestSuite.java:255)
	at junit.framework.TestSuite.run(TestSuite.java:250)
	at org.junit.internal.runners.JUnit38ClassRunner.run(JUnit38ClassRunner.java:84)
	at org.apache.maven.surefire.junit4.JUnit4TestSet.execute(JUnit4TestSet.java:35)
	at org.apache.maven.surefire.junit4.JUnit4Provider.executeTestSet(JUnit4Provider.java:146)
	at org.apache.maven.surefire.junit4.JUnit4Provider.invoke(JUnit4Provider.java:97)
	at sun.reflect.NativeMethodAccessorImpl.invoke0(Native Method)
	at sun.reflect.NativeMethodAccessorImpl.invoke(NativeMethodAccessorImpl.java:62)
	at sun.reflect.DelegatingMethodAccessorImpl.invoke(DelegatingMethodAccessorImpl.java:43)
	at java.lang.reflect.Method.invoke(Method.java:498)
	at org.apache.maven.surefire.booter.ProviderFactory$ClassLoaderProxy.invoke(ProviderFactory.java:103)
	at com.sun.proxy.$Proxy0.invoke(Unknown Source)
	at org.apache.maven.surefire.booter.SurefireStarter.invokeProvider(SurefireStarter.java:145)
	at org.apache.maven.surefire.booter.SurefireStarter.runSuitesInProcess(SurefireStarter.java:87)
	at org.apache.maven.surefire.booter.ForkedBooter.main(ForkedBooter.java:69)
Caused by: org.h2.jdbc.JdbcSQLException: Syntax error in SQL statement &quot;SELECT RES.* 
     
    FROM ACT_HI_ACTINST RES
     WHERE  RES.EXECUTION_ID_ = ?
      
      
      
        AND RES.ACT_ID_ = ?
      
      
      
      
      
      
      
      
        AND RES.END_TIME_ IS NULL 
   
     ORDER BY  ORDER[*] BY RES.ID_ ASC  
    LIMIT ? OFFSET ? &quot;; expected &quot;=, NOT, EXISTS, INTERSECTS, SELECT, FROM&quot;; SQL statement:
select RES.* 
     
    from ACT_HI_ACTINST RES
     WHERE  RES.EXECUTION_ID_ = ?
      
      
      
        and RES.ACT_ID_ = ?
      
      
      
      
      
      
      
      
        and RES.END_TIME_ is null 
   
     order by  order by RES.ID_ asc  
    LIMIT ? OFFSET ? [42001-176]
	at org.h2.message.DbException.getJdbcSQLException(DbException.java:344)
	at org.h2.message.DbException.getSyntaxError(DbException.java:204)
	at org.h2.command.Parser.getSyntaxError(Parser.java:524)
	at org.h2.command.Parser.readTerm(Parser.java:2688)
	at org.h2.command.Parser.readFactor(Parser.java:2244)
	at org.h2.command.Parser.readSum(Parser.java:2231)
	at org.h2.command.Parser.readConcat(Parser.java:2201)
	at org.h2.command.Parser.readCondition(Parser.java:2051)
	at org.h2.command.Parser.readAnd(Parser.java:2023)
	at org.h2.command.Parser.readExpression(Parser.java:2015)
	at org.h2.command.Parser.parseEndOfQuery(Parser.java:1726)
	at org.h2.command.Parser.parseSelectUnionExtension(Parser.java:1706)
	at org.h2.command.Parser.parseSelectUnion(Parser.java:1675)
	at org.h2.command.Parser.parseSelect(Parser.java:1662)
	at org.h2.command.Parser.parsePrepared(Parser.java:434)
	at org.h2.command.Parser.parse(Parser.java:306)
	at org.h2.command.Parser.parse(Parser.java:282)
	at org.h2.command.Parser.prepareCommand(Parser.java:243)
	at org.h2.engine.Session.prepareLocal(Session.java:442)
	at org.h2.engine.Session.prepareCommand(Session.java:384)
	at org.h2.jdbc.JdbcConnection.prepareCommand(JdbcConnection.java:1188)
	at org.h2.jdbc.JdbcPreparedStatement.&lt;init&gt;(JdbcPreparedStatement.java:73)
	at org.h2.jdbc.JdbcConnection.prepareStatement(JdbcConnection.java:276)
	at sun.reflect.GeneratedMethodAccessor6.invoke(Unknown Source)
	at sun.reflect.DelegatingMethodAccessorImpl.invoke(DelegatingMethodAccessorImpl.java:43)
	at java.lang.reflect.Method.invoke(Method.java:498)
	at org.apache.ibatis.datasource.pooled.PooledConnection.invoke(PooledConnection.java:245)
	at com.sun.proxy.$Proxy12.prepareStatement(Unknown Source)
	at sun.reflect.GeneratedMethodAccessor6.invoke(Unknown Source)
	at sun.reflect.DelegatingMethodAccessorImpl.invoke(DelegatingMethodAccessorImpl.java:43)
	at java.lang.reflect.Method.invoke(Method.java:498)
	at org.apache.ibatis.logging.jdbc.ConnectionLogger.invoke(ConnectionLogger.java:55)
	at com.sun.proxy.$Proxy12.prepareStatement(Unknown Source)
	at org.apache.ibatis.executor.statement.PreparedStatementHandler.instantiateStatement(PreparedStatementHandler.java:79)
	at org.apache.ibatis.executor.statement.BaseStatementHandler.prepare(BaseStatementHandler.java:88)
	at org.apache.ibatis.executor.statement.RoutingStatementHandler.prepare(RoutingStatementHandler.java:58)
	at org.apache.ibatis.executor.SimpleExecutor.prepareStatement(SimpleExecutor.java:76)
	at org.apache.ibatis.executor.SimpleExecutor.doQuery(SimpleExecutor.java:61)
	at org.apache.ibatis.executor.BaseExecutor.queryFromDatabase(BaseExecutor.java:303)
	at org.apache.ibatis.executor.BaseExecutor.query(BaseExecutor.java:154)
	at org.apache.ibatis.executor.CachingExecutor.query(CachingExecutor.java:102)
	at org.apache.ibatis.executor.CachingExecutor.query(CachingExecutor.java:82)
	at org.apache.ibatis.session.defaults.DefaultSqlSession.selectList(DefaultSqlSession.java:120)
	... 109 more
10:47:16,889 [main] DEBUG org.activiti.engine.impl.cfg.standalone.StandaloneMybatisTransactionContext  - firing event rolling back...
10:47:16,889 [main] DEBUG org.activiti.engine.impl.cfg.standalone.StandaloneMybatisTransactionContext  - rolling back ibatis sql session...
10:47:16,889 [main] DEBUG org.activiti.engine.impl.cfg.standalone.StandaloneMybatisTransactionContext  - firing event rolled back...
10:47:16,889 [main] DEBUG org.apache.ibatis.transaction.jdbc.JdbcTransaction  - Resetting autocommit to true on JDBC Connection [conn2: url=jdbc:h2:mem:activiti user=SA]
10:47:16,889 [main] DEBUG org.apache.ibatis.transaction.jdbc.JdbcTransaction  - Closing JDBC Connection [conn2: url=jdbc:h2:mem:activiti user=SA]
10:47:16,889 [main] DEBUG org.apache.ibatis.datasource.pooled.PooledDataSource  - Returned connection 363509958 to pool.
10:47:16,889 [main] DEBUG org.activiti.engine.impl.interceptor.LogInterceptor  - --- StartProcessInstanceCmd finished --------------------------------------------------------
10:47:16,889 [main] DEBUG org.activiti.engine.impl.interceptor.LogInterceptor  - 

10:47:16,889 [main] ERROR org.activiti.engine.impl.test.PvmTestCase  - 

10:47:16,889 [main] ERROR org.activiti.engine.impl.test.PvmTestCase  - EXCEPTION: org.apache.ibatis.exceptions.PersistenceException: 
### Error querying database.  Cause: org.h2.jdbc.JdbcSQLException: Syntax error in SQL statement &quot;SELECT RES.* 
     
    FROM ACT_HI_ACTINST RES
     WHERE  RES.EXECUTION_ID_ = ?
      
      
      
        AND RES.ACT_ID_ = ?
      
      
      
      
      
      
      
      
        AND RES.END_TIME_ IS NULL 
   
     ORDER BY  ORDER[*] BY RES.ID_ ASC  
    LIMIT ? OFFSET ? &quot;; expected &quot;=, NOT, EXISTS, INTERSECTS, SELECT, FROM&quot;; SQL statement:
select RES.* 
     
    from ACT_HI_ACTINST RES
     WHERE  RES.EXECUTION_ID_ = ?
      
      
      
        and RES.ACT_ID_ = ?
      
      
      
      
      
      
      
      
        and RES.END_TIME_ is null 
   
     order by  order by RES.ID_ asc  
    LIMIT ? OFFSET ? [42001-176]
### The error may exist in org/activiti/db/mapping/entity/HistoricActivityInstance.xml
### The error may involve org.activiti.engine.impl.persistence.entity.HistoricActivityInstanceEntity.selectHistoricActivityInstancesByQueryCriteria
### The error occurred while executing a query
### SQL: select RES.*            from ACT_HI_ACTINST RES      WHERE  RES.EXECUTION_ID_ = ?                              and RES.ACT_ID_ = ?                                                                 and RES.END_TIME_ is null           order by  order by RES.ID_ asc       LIMIT ? OFFSET ?
### Cause: org.h2.jdbc.JdbcSQLException: Syntax error in SQL statement &quot;SELECT RES.* 
     
    FROM ACT_HI_ACTINST RES
     WHERE  RES.EXECUTION_ID_ = ?
      
      
      
        AND RES.ACT_ID_ = ?
      
      
      
      
      
      
      
      
        AND RES.END_TIME_ IS NULL 
   
     ORDER BY  ORDER[*] BY RES.ID_ ASC  
    LIMIT ? OFFSET ? &quot;; expected &quot;=, NOT, EXISTS, INTERSECTS, SELECT, FROM&quot;; SQL statement:
select RES.* 
     
    from ACT_HI_ACTINST RES
     WHERE  RES.EXECUTION_ID_ = ?
      
      
      
        and RES.ACT_ID_ = ?
      
      
      
      
      
      
      
      
        and RES.END_TIME_ is null 
   
     order by  order by RES.ID_ asc  
    LIMIT ? OFFSET ? [42001-176]
org.apache.ibatis.exceptions.PersistenceException: 
### Error querying database.  Cause: org.h2.jdbc.JdbcSQLException: Syntax error in SQL statement &quot;SELECT RES.* 
     
    FROM ACT_HI_ACTINST RES
     WHERE  RES.EXECUTION_ID_ = ?
      
      
      
        AND RES.ACT_ID_ = ?
      
      
      
      
      
      
      
      
        AND RES.END_TIME_ IS NULL 
   
     ORDER BY  ORDER[*] BY RES.ID_ ASC  
    LIMIT ? OFFSET ? &quot;; expected &quot;=, NOT, EXISTS, INTERSECTS, SELECT, FROM&quot;; SQL statement:
select RES.* 
     
    from ACT_HI_ACTINST RES
     WHERE  RES.EXECUTION_ID_ = ?
      
      
      
        and RES.ACT_ID_ = ?
      
      
      
      
      
      
      
      
        and RES.END_TIME_ is null 
   
     order by  order by RES.ID_ asc  
    LIMIT ? OFFSET ? [42001-176]
### The error may exist in org/activiti/db/mapping/entity/HistoricActivityInstance.xml
### The error may involve org.activiti.engine.impl.persistence.entity.HistoricActivityInstanceEntity.selectHistoricActivityInstancesByQueryCriteria
### The error occurred while executing a query
### SQL: select RES.*            from ACT_HI_ACTINST RES      WHERE  RES.EXECUTION_ID_ = ?                              and RES.ACT_ID_ = ?                                                                 and RES.END_TIME_ is null           order by  order by RES.ID_ asc       LIMIT ? OFFSET ?
### Cause: org.h2.jdbc.JdbcSQLException: Syntax error in SQL statement &quot;SELECT RES.* 
     
    FROM ACT_HI_ACTINST RES
     WHERE  RES.EXECUTION_ID_ = ?
      
      
      
        AND RES.ACT_ID_ = ?
      
      
      
      
      
      
      
      
        AND RES.END_TIME_ IS NULL 
   
     ORDER BY  ORDER[*] BY RES.ID_ ASC  
    LIMIT ? OFFSET ? &quot;; expected &quot;=, NOT, EXISTS, INTERSECTS, SELECT, FROM&quot;; SQL statement:
select RES.* 
     
    from ACT_HI_ACTINST RES
     WHERE  RES.EXECUTION_ID_ = ?
      
      
      
        and RES.ACT_ID_ = ?
      
      
      
      
      
      
      
      
        and RES.END_TIME_ is null 
   
     order by  order by RES.ID_ asc  
    LIMIT ? OFFSET ? [42001-176]
	at org.apache.ibatis.exceptions.ExceptionFactory.wrapException(ExceptionFactory.java:30)
	at org.apache.ibatis.session.defaults.DefaultSqlSession.selectList(DefaultSqlSession.java:122)
	at org.apache.ibatis.session.defaults.DefaultSqlSession.selectList(DefaultSqlSession.java:113)
	at org.activiti.engine.impl.db.DbSqlSession.selectListWithRawParameter(DbSqlSession.java:438)
	at org.activiti.engine.impl.db.DbSqlSession.selectList(DbSqlSession.java:429)
	at org.activiti.engine.impl.db.DbSqlSession.selectList(DbSqlSession.java:419)
	at org.activiti.engine.impl.persistence.entity.HistoricActivityInstanceEntityManager.findHistoricActivityInstancesByQueryCriteria(HistoricActivityInstanceEntityManager.java:56)
	at org.activiti.engine.impl.HistoricActivityInstanceQueryImpl.executeList(HistoricActivityInstanceQueryImpl.java:70)
	at org.activiti.engine.impl.AbstractQuery.listPage(AbstractQuery.java:151)
	at org.activiti.engine.impl.history.DefaultHistoryManager.findActivityInstance(DefaultHistoryManager.java:355)
	at org.activiti.engine.impl.history.DefaultHistoryManager.recordActivityEnd(DefaultHistoryManager.java:281)
	at org.activiti.engine.impl.history.handler.ActivityInstanceEndHandler.notify(ActivityInstanceEndHandler.java:29)
	at org.activiti.engine.impl.pvm.runtime.AbstractEventAtomicOperation.execute(AbstractEventAtomicOperation.java:42)
	at org.activiti.engine.impl.interceptor.CommandContext.performOperation(CommandContext.java:97)
	at org.activiti.engine.impl.persistence.entity.ExecutionEntity.performOperationSync(ExecutionEntity.java:636)
	at org.activiti.engine.impl.persistence.entity.ExecutionEntity.performOperation(ExecutionEntity.java:629)
	at org.activiti.engine.impl.persistence.entity.ExecutionEntity.take(ExecutionEntity.java:453)
	at org.activiti.engine.impl.pvm.runtime.OutgoingExecution.take(OutgoingExecution.java:48)
	at org.activiti.engine.impl.persistence.entity.ExecutionEntity.takeAll(ExecutionEntity.java:589)
	at org.activiti.engine.impl.bpmn.behavior.ParallelGatewayActivityBehavior.execute(ParallelGatewayActivityBehavior.java:78)
	at org.activiti.engine.impl.pvm.runtime.AtomicOperationActivityExecute.execute(AtomicOperationActivityExecute.java:60)
	at org.activiti.engine.impl.interceptor.CommandContext.performOperation(CommandContext.java:97)
	at org.activiti.engine.impl.persistence.entity.ExecutionEntity.performOperationSync(ExecutionEntity.java:636)
	at org.activiti.engine.impl.persistence.entity.ExecutionEntity.performOperation(ExecutionEntity.java:629)
	at org.activiti.engine.impl.pvm.runtime.AtomicOperationTransitionNotifyListenerStart.eventNotificationsCompleted(AtomicOperationTransitionNotifyListenerStart.java:52)
	at org.activiti.engine.impl.pvm.runtime.AbstractEventAtomicOperation.execute(AbstractEventAtomicOperation.java:56)
	at org.activiti.engine.impl.interceptor.CommandContext.performOperation(CommandContext.java:97)
	at org.activiti.engine.impl.persistence.entity.ExecutionEntity.performOperationSync(ExecutionEntity.java:636)
	at org.activiti.engine.impl.persistence.entity.ExecutionEntity.performOperation(ExecutionEntity.java:629)
	at org.activiti.engine.impl.pvm.runtime.AbstractEventAtomicOperation.execute(AbstractEventAtomicOperation.java:49)
	at org.activiti.engine.impl.interceptor.CommandContext.performOperation(CommandContext.java:97)
	at org.activiti.engine.impl.persistence.entity.ExecutionEntity.performOperationSync(ExecutionEntity.java:636)
	at org.activiti.engine.impl.persistence.entity.ExecutionEntity.performOperation(ExecutionEntity.java:629)
	at org.activiti.engine.impl.pvm.runtime.AtomicOperationTransitionCreateScope.execute(AtomicOperationTransitionCreateScope.java:49)
	at org.activiti.engine.impl.interceptor.CommandContext.performOperation(CommandContext.java:97)
	at org.activiti.engine.impl.persistence.entity.ExecutionEntity.performOperationSync(ExecutionEntity.java:636)
	at org.activiti.engine.impl.persistence.entity.ExecutionEntity.performOperation(ExecutionEntity.java:629)
	at org.activiti.engine.impl.pvm.runtime.AtomicOperationTransitionNotifyListenerTake.execute(AtomicOperationTransitionNotifyListenerTake.java:80)
	at org.activiti.engine.impl.interceptor.CommandContext.performOperation(CommandContext.java:97)
	at org.activiti.engine.impl.persistence.entity.ExecutionEntity.performOperationSync(ExecutionEntity.java:636)
	at org.activiti.engine.impl.persistence.entity.ExecutionEntity.performOperation(ExecutionEntity.java:629)
	at org.activiti.engine.impl.pvm.runtime.AtomicOperationTransitionDestroyScope.execute(AtomicOperationTransitionDestroyScope.java:116)
	at org.activiti.engine.impl.interceptor.CommandContext.performOperation(CommandContext.java:97)
	at org.activiti.engine.impl.persistence.entity.ExecutionEntity.performOperationSync(ExecutionEntity.java:636)
	at org.activiti.engine.impl.persistence.entity.ExecutionEntity.performOperation(ExecutionEntity.java:629)
	at org.activiti.engine.impl.pvm.runtime.AtomicOperationTransitionNotifyListenerEnd.eventNotificationsCompleted(AtomicOperationTransitionNotifyListenerEnd.java:35)
	at org.activiti.engine.impl.pvm.runtime.AbstractEventAtomicOperation.execute(AbstractEventAtomicOperation.java:56)
	at org.activiti.engine.impl.interceptor.CommandContext.performOperation(CommandContext.java:97)
	at org.activiti.engine.impl.persistence.entity.ExecutionEntity.performOperationSync(ExecutionEntity.java:636)
	at org.activiti.engine.impl.persistence.entity.ExecutionEntity.performOperation(ExecutionEntity.java:629)
	at org.activiti.engine.impl.pvm.runtime.AbstractEventAtomicOperation.execute(AbstractEventAtomicOperation.java:49)
	at org.activiti.engine.impl.interceptor.CommandContext.performOperation(CommandContext.java:97)
	at org.activiti.engine.impl.persistence.entity.ExecutionEntity.performOperationSync(ExecutionEntity.java:636)
	at org.activiti.engine.impl.persistence.entity.ExecutionEntity.performOperation(ExecutionEntity.java:629)
	at org.activiti.engine.impl.persistence.entity.ExecutionEntity.take(ExecutionEntity.java:453)
	at org.activiti.engine.impl.persistence.entity.ExecutionEntity.take(ExecutionEntity.java:431)
	at org.activiti.engine.impl.bpmn.behavior.BpmnActivityBehavior.performOutgoingBehavior(BpmnActivityBehavior.java:140)
	at org.activiti.engine.impl.bpmn.behavior.BpmnActivityBehavior.performDefaultOutgoingBehavior(BpmnActivityBehavior.java:66)
	at org.activiti.engine.impl.bpmn.behavior.FlowNodeActivityBehavior.leave(FlowNodeActivityBehavior.java:44)
	at org.activiti.engine.impl.bpmn.behavior.FlowNodeActivityBehavior.execute(FlowNodeActivityBehavior.java:36)
	at org.activiti.engine.impl.pvm.runtime.AtomicOperationActivityExecute.execute(AtomicOperationActivityExecute.java:60)
	at org.activiti.engine.impl.interceptor.CommandContext.performOperation(CommandContext.java:97)
	at org.activiti.engine.impl.persistence.entity.ExecutionEntity.performOperationSync(ExecutionEntity.java:636)
	at org.activiti.engine.impl.persistence.entity.ExecutionEntity.performOperation(ExecutionEntity.java:629)
	at org.activiti.engine.impl.pvm.runtime.AtomicOperationProcessStartInitial.eventNotificationsCompleted(AtomicOperationProcessStartInitial.java:45)
	at org.activiti.engine.impl.pvm.runtime.AbstractEventAtomicOperation.execute(AbstractEventAtomicOperation.java:56)
	at org.activiti.engine.impl.interceptor.CommandContext.performOperation(CommandContext.java:97)
	at org.activiti.engine.impl.persistence.entity.ExecutionEntity.performOperationSync(ExecutionEntity.java:636)
	at org.activiti.engine.impl.persistence.entity.ExecutionEntity.performOperation(ExecutionEntity.java:629)
	at org.activiti.engine.impl.pvm.runtime.AtomicOperationProcessStart.eventNotificationsCompleted(AtomicOperationProcessStart.java:64)
	at org.activiti.engine.impl.pvm.runtime.AbstractEventAtomicOperation.execute(AbstractEventAtomicOperation.java:56)
	at org.activiti.engine.impl.interceptor.CommandContext.performOperation(CommandContext.java:97)
	at org.activiti.engine.impl.persistence.entity.ExecutionEntity.performOperationSync(ExecutionEntity.java:636)
	at org.activiti.engine.impl.persistence.entity.ExecutionEntity.performOperation(ExecutionEntity.java:629)
	at org.activiti.engine.impl.persistence.entity.ExecutionEntity.start(ExecutionEntity.java:381)
	at org.activiti.engine.impl.cmd.StartProcessInstanceCmd.execute(StartProcessInstanceCmd.java:110)
	at org.activiti.engine.impl.cmd.StartProcessInstanceCmd.execute(StartProcessInstanceCmd.java:37)
	at org.activiti.engine.impl.interceptor.CommandInvoker.execute(CommandInvoker.java:24)
	at org.activiti.engine.impl.interceptor.CommandContextInterceptor.execute(CommandContextInterceptor.java:57)
	at org.activiti.engine.impl.interceptor.LogInterceptor.execute(LogInterceptor.java:37)
	at org.activiti.engine.impl.cfg.CommandExecutorImpl.execute(CommandExecutorImpl.java:40)
	at org.activiti.engine.impl.cfg.CommandExecutorImpl.execute(CommandExecutorImpl.java:35)
	at org.activiti.engine.impl.RuntimeServiceImpl.startProcessInstanceByKey(RuntimeServiceImpl.java:69)
	at org.activiti.engine.test.db.ProcessInstanceMigrationTest.testSetProcessDefinitionVersionSubExecutions(ProcessInstanceMigrationTest.java:207)
	at sun.reflect.NativeMethodAccessorImpl.invoke0(Native Method)
	at sun.reflect.NativeMethodAccessorImpl.invoke(NativeMethodAccessorImpl.java:62)
	at sun.reflect.DelegatingMethodAccessorImpl.invoke(DelegatingMethodAccessorImpl.java:43)
	at java.lang.reflect.Method.invoke(Method.java:498)
	at junit.framework.TestCase.runTest(TestCase.java:176)
	at org.activiti.engine.impl.test.PvmTestCase.runTest(PvmTestCase.java:65)
	at junit.framework.TestCase.runBare(TestCase.java:141)
	at org.activiti.engine.impl.test.AbstractActivitiTestCase.runBare(AbstractActivitiTestCase.java:100)
	at junit.framework.TestResult$1.protect(TestResult.java:122)
	at junit.framework.TestResult.runProtected(TestResult.java:142)
	at junit.framework.TestResult.run(TestResult.java:125)
	at junit.framework.TestCase.run(TestCase.java:129)
	at junit.framework.TestSuite.runTest(TestSuite.java:255)
	at junit.framework.TestSuite.run(TestSuite.java:250)
	at org.junit.internal.runners.JUnit38ClassRunner.run(JUnit38ClassRunner.java:84)
	at org.apache.maven.surefire.junit4.JUnit4TestSet.execute(JUnit4TestSet.java:35)
	at org.apache.maven.surefire.junit4.JUnit4Provider.executeTestSet(JUnit4Provider.java:146)
	at org.apache.maven.surefire.junit4.JUnit4Provider.invoke(JUnit4Provider.java:97)
	at sun.reflect.NativeMethodAccessorImpl.invoke0(Native Method)
	at sun.reflect.NativeMethodAccessorImpl.invoke(NativeMethodAccessorImpl.java:62)
	at sun.reflect.DelegatingMethodAccessorImpl.invoke(DelegatingMethodAccessorImpl.java:43)
	at java.lang.reflect.Method.invoke(Method.java:498)
	at org.apache.maven.surefire.booter.ProviderFactory$ClassLoaderProxy.invoke(ProviderFactory.java:103)
	at com.sun.proxy.$Proxy0.invoke(Unknown Source)
	at org.apache.maven.surefire.booter.SurefireStarter.invokeProvider(SurefireStarter.java:145)
	at org.apache.maven.surefire.booter.SurefireStarter.runSuitesInProcess(SurefireStarter.java:87)
	at org.apache.maven.surefire.booter.ForkedBooter.main(ForkedBooter.java:69)
Caused by: org.h2.jdbc.JdbcSQLException: Syntax error in SQL statement &quot;SELECT RES.* 
     
    FROM ACT_HI_ACTINST RES
     WHERE  RES.EXECUTION_ID_ = ?
      
      
      
        AND RES.ACT_ID_ = ?
      
      
      
      
      
      
      
      
        AND RES.END_TIME_ IS NULL 
   
     ORDER BY  ORDER[*] BY RES.ID_ ASC  
    LIMIT ? OFFSET ? &quot;; expected &quot;=, NOT, EXISTS, INTERSECTS, SELECT, FROM&quot;; SQL statement:
select RES.* 
     
    from ACT_HI_ACTINST RES
     WHERE  RES.EXECUTION_ID_ = ?
      
      
      
        and RES.ACT_ID_ = ?
      
      
      
      
      
      
      
      
        and RES.END_TIME_ is null 
   
     order by  order by RES.ID_ asc  
    LIMIT ? OFFSET ? [42001-176]
	at org.h2.message.DbException.getJdbcSQLException(DbException.java:344)
	at org.h2.message.DbException.getSyntaxError(DbException.java:204)
	at org.h2.command.Parser.getSyntaxError(Parser.java:524)
	at org.h2.command.Parser.readTerm(Parser.java:2688)
	at org.h2.command.Parser.readFactor(Parser.java:2244)
	at org.h2.command.Parser.readSum(Parser.java:2231)
	at org.h2.command.Parser.readConcat(Parser.java:2201)
	at org.h2.command.Parser.readCondition(Parser.java:2051)
	at org.h2.command.Parser.readAnd(Parser.java:2023)
	at org.h2.command.Parser.readExpression(Parser.java:2015)
	at org.h2.command.Parser.parseEndOfQuery(Parser.java:1726)
	at org.h2.command.Parser.parseSelectUnionExtension(Parser.java:1706)
	at org.h2.command.Parser.parseSelectUnion(Parser.java:1675)
	at org.h2.command.Parser.parseSelect(Parser.java:1662)
	at org.h2.command.Parser.parsePrepared(Parser.java:434)
	at org.h2.command.Parser.parse(Parser.java:306)
	at org.h2.command.Parser.parse(Parser.java:282)
	at org.h2.command.Parser.prepareCommand(Parser.java:243)
	at org.h2.engine.Session.prepareLocal(Session.java:442)
	at org.h2.engine.Session.prepareCommand(Session.java:384)
	at org.h2.jdbc.JdbcConnection.prepareCommand(JdbcConnection.java:1188)
	at org.h2.jdbc.JdbcPreparedStatement.&lt;init&gt;(JdbcPreparedStatement.java:73)
	at org.h2.jdbc.JdbcConnection.prepareStatement(JdbcConnection.java:276)
	at sun.reflect.GeneratedMethodAccessor6.invoke(Unknown Source)
	at sun.reflect.DelegatingMethodAccessorImpl.invoke(DelegatingMethodAccessorImpl.java:43)
	at java.lang.reflect.Method.invoke(Method.java:498)
	at org.apache.ibatis.datasource.pooled.PooledConnection.invoke(PooledConnection.java:245)
	at com.sun.proxy.$Proxy12.prepareStatement(Unknown Source)
	at sun.reflect.GeneratedMethodAccessor6.invoke(Unknown Source)
	at sun.reflect.DelegatingMethodAccessorImpl.invoke(DelegatingMethodAccessorImpl.java:43)
	at java.lang.reflect.Method.invoke(Method.java:498)
	at org.apache.ibatis.logging.jdbc.ConnectionLogger.invoke(ConnectionLogger.java:55)
	at com.sun.proxy.$Proxy12.prepareStatement(Unknown Source)
	at org.apache.ibatis.executor.statement.PreparedStatementHandler.instantiateStatement(PreparedStatementHandler.java:79)
	at org.apache.ibatis.executor.statement.BaseStatementHandler.prepare(BaseStatementHandler.java:88)
	at org.apache.ibatis.executor.statement.RoutingStatementHandler.prepare(RoutingStatementHandler.java:58)
	at org.apache.ibatis.executor.SimpleExecutor.prepareStatement(SimpleExecutor.java:76)
	at org.apache.ibatis.executor.SimpleExecutor.doQuery(SimpleExecutor.java:61)
	at org.apache.ibatis.executor.BaseExecutor.queryFromDatabase(BaseExecutor.java:303)
	at org.apache.ibatis.executor.BaseExecutor.query(BaseExecutor.java:154)
	at org.apache.ibatis.executor.CachingExecutor.query(CachingExecutor.java:102)
	at org.apache.ibatis.executor.CachingExecutor.query(CachingExecutor.java:82)
	at org.apache.ibatis.session.defaults.DefaultSqlSession.selectList(DefaultSqlSession.java:120)
	... 109 more
10:47:16,889 [main] DEBUG org.activiti.engine.impl.test.PvmTestCase  - #### END ProcessInstanceMigrationTest.testSetProcessDefinitionVersionSubExecutions #############################################################
10:47:16,889 [main] ERROR org.activiti.engine.impl.test.PvmTestCase  - 

10:47:16,889 [main] ERROR org.activiti.engine.impl.test.PvmTestCase  - EXCEPTION: org.apache.ibatis.exceptions.PersistenceException: 
### Error querying database.  Cause: org.h2.jdbc.JdbcSQLException: Syntax error in SQL statement &quot;SELECT RES.* 
     
    FROM ACT_HI_ACTINST RES
     WHERE  RES.EXECUTION_ID_ = ?
      
      
      
        AND RES.ACT_ID_ = ?
      
      
      
      
      
      
      
      
        AND RES.END_TIME_ IS NULL 
   
     ORDER BY  ORDER[*] BY RES.ID_ ASC  
    LIMIT ? OFFSET ? &quot;; expected &quot;=, NOT, EXISTS, INTERSECTS, SELECT, FROM&quot;; SQL statement:
select RES.* 
     
    from ACT_HI_ACTINST RES
     WHERE  RES.EXECUTION_ID_ = ?
      
      
      
        and RES.ACT_ID_ = ?
      
      
      
      
      
      
      
      
        and RES.END_TIME_ is null 
   
     order by  order by RES.ID_ asc  
    LIMIT ? OFFSET ? [42001-176]
### The error may exist in org/activiti/db/mapping/entity/HistoricActivityInstance.xml
### The error may involve org.activiti.engine.impl.persistence.entity.HistoricActivityInstanceEntity.selectHistoricActivityInstancesByQueryCriteria
### The error occurred while executing a query
### SQL: select RES.*            from ACT_HI_ACTINST RES      WHERE  RES.EXECUTION_ID_ = ?                              and RES.ACT_ID_ = ?                                                                 and RES.END_TIME_ is null           order by  order by RES.ID_ asc       LIMIT ? OFFSET ?
### Cause: org.h2.jdbc.JdbcSQLException: Syntax error in SQL statement &quot;SELECT RES.* 
     
    FROM ACT_HI_ACTINST RES
     WHERE  RES.EXECUTION_ID_ = ?
      
      
      
        AND RES.ACT_ID_ = ?
      
      
      
      
      
      
      
      
        AND RES.END_TIME_ IS NULL 
   
     ORDER BY  ORDER[*] BY RES.ID_ ASC  
    LIMIT ? OFFSET ? &quot;; expected &quot;=, NOT, EXISTS, INTERSECTS, SELECT, FROM&quot;; SQL statement:
select RES.* 
     
    from ACT_HI_ACTINST RES
     WHERE  RES.EXECUTION_ID_ = ?
      
      
      
        and RES.ACT_ID_ = ?
      
      
      
      
      
      
      
      
        and RES.END_TIME_ is null 
   
     order by  order by RES.ID_ asc  
    LIMIT ? OFFSET ? [42001-176]
org.apache.ibatis.exceptions.PersistenceException: 
### Error querying database.  Cause: org.h2.jdbc.JdbcSQLException: Syntax error in SQL statement &quot;SELECT RES.* 
     
    FROM ACT_HI_ACTINST RES
     WHERE  RES.EXECUTION_ID_ = ?
      
      
      
        AND RES.ACT_ID_ = ?
      
      
      
      
      
      
      
      
        AND RES.END_TIME_ IS NULL 
   
     ORDER BY  ORDER[*] BY RES.ID_ ASC  
    LIMIT ? OFFSET ? &quot;; expected &quot;=, NOT, EXISTS, INTERSECTS, SELECT, FROM&quot;; SQL statement:
select RES.* 
     
    from ACT_HI_ACTINST RES
     WHERE  RES.EXECUTION_ID_ = ?
      
      
      
        and RES.ACT_ID_ = ?
      
      
      
      
      
      
      
      
        and RES.END_TIME_ is null 
   
     order by  order by RES.ID_ asc  
    LIMIT ? OFFSET ? [42001-176]
### The error may exist in org/activiti/db/mapping/entity/HistoricActivityInstance.xml
### The error may involve org.activiti.engine.impl.persistence.entity.HistoricActivityInstanceEntity.selectHistoricActivityInstancesByQueryCriteria
### The error occurred while executing a query
### SQL: select RES.*            from ACT_HI_ACTINST RES      WHERE  RES.EXECUTION_ID_ = ?                              and RES.ACT_ID_ = ?                                                                 and RES.END_TIME_ is null           order by  order by RES.ID_ asc       LIMIT ? OFFSET ?
### Cause: org.h2.jdbc.JdbcSQLException: Syntax error in SQL statement &quot;SELECT RES.* 
     
    FROM ACT_HI_ACTINST RES
     WHERE  RES.EXECUTION_ID_ = ?
      
      
      
        AND RES.ACT_ID_ = ?
      
      
      
      
      
      
      
      
        AND RES.END_TIME_ IS NULL 
   
     ORDER BY  ORDER[*] BY RES.ID_ ASC  
    LIMIT ? OFFSET ? &quot;; expected &quot;=, NOT, EXISTS, INTERSECTS, SELECT, FROM&quot;; SQL statement:
select RES.* 
     
    from ACT_HI_ACTINST RES
     WHERE  RES.EXECUTION_ID_ = ?
      
      
      
        and RES.ACT_ID_ = ?
      
      
      
      
      
      
      
      
        and RES.END_TIME_ is null 
   
     order by  order by RES.ID_ asc  
    LIMIT ? OFFSET ? [42001-176]
	at org.apache.ibatis.exceptions.ExceptionFactory.wrapException(ExceptionFactory.java:30)
	at org.apache.ibatis.session.defaults.DefaultSqlSession.selectList(DefaultSqlSession.java:122)
	at org.apache.ibatis.session.defaults.DefaultSqlSession.selectList(DefaultSqlSession.java:113)
	at org.activiti.engine.impl.db.DbSqlSession.selectListWithRawParameter(DbSqlSession.java:438)
	at org.activiti.engine.impl.db.DbSqlSession.selectList(DbSqlSession.java:429)
	at org.activiti.engine.impl.db.DbSqlSession.selectList(DbSqlSession.java:419)
	at org.activiti.engine.impl.persistence.entity.HistoricActivityInstanceEntityManager.findHistoricActivityInstancesByQueryCriteria(HistoricActivityInstanceEntityManager.java:56)
	at org.activiti.engine.impl.HistoricActivityInstanceQueryImpl.executeList(HistoricActivityInstanceQueryImpl.java:70)
	at org.activiti.engine.impl.AbstractQuery.listPage(AbstractQuery.java:151)
	at org.activiti.engine.impl.history.DefaultHistoryManager.findActivityInstance(DefaultHistoryManager.java:355)
	at org.activiti.engine.impl.history.DefaultHistoryManager.recordActivityEnd(DefaultHistoryManager.java:281)
	at org.activiti.engine.impl.history.handler.ActivityInstanceEndHandler.notify(ActivityInstanceEndHandler.java:29)
	at org.activiti.engine.impl.pvm.runtime.AbstractEventAtomicOperation.execute(AbstractEventAtomicOperation.java:42)
	at org.activiti.engine.impl.interceptor.CommandContext.performOperation(CommandContext.java:97)
	at org.activiti.engine.impl.persistence.entity.ExecutionEntity.performOperationSync(ExecutionEntity.java:636)
	at org.activiti.engine.impl.persistence.entity.ExecutionEntity.performOperation(ExecutionEntity.java:629)
	at org.activiti.engine.impl.persistence.entity.ExecutionEntity.take(ExecutionEntity.java:453)
	at org.activiti.engine.impl.pvm.runtime.OutgoingExecution.take(OutgoingExecution.java:48)
	at org.activiti.engine.impl.persistence.entity.ExecutionEntity.takeAll(ExecutionEntity.java:589)
	at org.activiti.engine.impl.bpmn.behavior.ParallelGatewayActivityBehavior.execute(ParallelGatewayActivityBehavior.java:78)
	at org.activiti.engine.impl.pvm.runtime.AtomicOperationActivityExecute.execute(AtomicOperationActivityExecute.java:60)
	at org.activiti.engine.impl.interceptor.CommandContext.performOperation(CommandContext.java:97)
	at org.activiti.engine.impl.persistence.entity.ExecutionEntity.performOperationSync(ExecutionEntity.java:636)
	at org.activiti.engine.impl.persistence.entity.ExecutionEntity.performOperation(ExecutionEntity.java:629)
	at org.activiti.engine.impl.pvm.runtime.AtomicOperationTransitionNotifyListenerStart.eventNotificationsCompleted(AtomicOperationTransitionNotifyListenerStart.java:52)
	at org.activiti.engine.impl.pvm.runtime.AbstractEventAtomicOperation.execute(AbstractEventAtomicOperation.java:56)
	at org.activiti.engine.impl.interceptor.CommandContext.performOperation(CommandContext.java:97)
	at org.activiti.engine.impl.persistence.entity.ExecutionEntity.performOperationSync(ExecutionEntity.java:636)
	at org.activiti.engine.impl.persistence.entity.ExecutionEntity.performOperation(ExecutionEntity.java:629)
	at org.activiti.engine.impl.pvm.runtime.AbstractEventAtomicOperation.execute(AbstractEventAtomicOperation.java:49)
	at org.activiti.engine.impl.interceptor.CommandContext.performOperation(CommandContext.java:97)
	at org.activiti.engine.impl.persistence.entity.ExecutionEntity.performOperationSync(ExecutionEntity.java:636)
	at org.activiti.engine.impl.persistence.entity.ExecutionEntity.performOperation(ExecutionEntity.java:629)
	at org.activiti.engine.impl.pvm.runtime.AtomicOperationTransitionCreateScope.execute(AtomicOperationTransitionCreateScope.java:49)
	at org.activiti.engine.impl.interceptor.CommandContext.performOperation(CommandContext.java:97)
	at org.activiti.engine.impl.persistence.entity.ExecutionEntity.performOperationSync(ExecutionEntity.java:636)
	at org.activiti.engine.impl.persistence.entity.ExecutionEntity.performOperation(ExecutionEntity.java:629)
	at org.activiti.engine.impl.pvm.runtime.AtomicOperationTransitionNotifyListenerTake.execute(AtomicOperationTransitionNotifyListenerTake.java:80)
	at org.activiti.engine.impl.interceptor.CommandContext.performOperation(CommandContext.java:97)
	at org.activiti.engine.impl.persistence.entity.ExecutionEntity.performOperationSync(ExecutionEntity.java:636)
	at org.activiti.engine.impl.persistence.entity.ExecutionEntity.performOperation(ExecutionEntity.java:629)
	at org.activiti.engine.impl.pvm.runtime.AtomicOperationTransitionDestroyScope.execute(AtomicOperationTransitionDestroyScope.java:116)
	at org.activiti.engine.impl.interceptor.CommandContext.performOperation(CommandContext.java:97)
	at org.activiti.engine.impl.persistence.entity.ExecutionEntity.performOperationSync(ExecutionEntity.java:636)
	at org.activiti.engine.impl.persistence.entity.ExecutionEntity.performOperation(ExecutionEntity.java:629)
	at org.activiti.engine.impl.pvm.runtime.AtomicOperationTransitionNotifyListenerEnd.eventNotificationsCompleted(AtomicOperationTransitionNotifyListenerEnd.java:35)
	at org.activiti.engine.impl.pvm.runtime.AbstractEventAtomicOperation.execute(AbstractEventAtomicOperation.java:56)
	at org.activiti.engine.impl.interceptor.CommandContext.performOperation(CommandContext.java:97)
	at org.activiti.engine.impl.persistence.entity.ExecutionEntity.performOperationSync(ExecutionEntity.java:636)
	at org.activiti.engine.impl.persistence.entity.ExecutionEntity.performOperation(ExecutionEntity.java:629)
	at org.activiti.engine.impl.pvm.runtime.AbstractEventAtomicOperation.execute(AbstractEventAtomicOperation.java:49)
	at org.activiti.engine.impl.interceptor.CommandContext.performOperation(CommandContext.java:97)
	at org.activiti.engine.impl.persistence.entity.ExecutionEntity.performOperationSync(ExecutionEntity.java:636)
	at org.activiti.engine.impl.persistence.entity.ExecutionEntity.performOperation(ExecutionEntity.java:629)
	at org.activiti.engine.impl.persistence.entity.ExecutionEntity.take(ExecutionEntity.java:453)
	at org.activiti.engine.impl.persistence.entity.ExecutionEntity.take(ExecutionEntity.java:431)
	at org.activiti.engine.impl.bpmn.behavior.BpmnActivityBehavior.performOutgoingBehavior(BpmnActivityBehavior.java:140)
	at org.activiti.engine.impl.bpmn.behavior.BpmnActivityBehavior.performDefaultOutgoingBehavior(BpmnActivityBehavior.java:66)
	at org.activiti.engine.impl.bpmn.behavior.FlowNodeActivityBehavior.leave(FlowNodeActivityBehavior.java:44)
	at org.activiti.engine.impl.bpmn.behavior.FlowNodeActivityBehavior.execute(FlowNodeActivityBehavior.java:36)
	at org.activiti.engine.impl.pvm.runtime.AtomicOperationActivityExecute.execute(AtomicOperationActivityExecute.java:60)
	at org.activiti.engine.impl.interceptor.CommandContext.performOperation(CommandContext.java:97)
	at org.activiti.engine.impl.persistence.entity.ExecutionEntity.performOperationSync(ExecutionEntity.java:636)
	at org.activiti.engine.impl.persistence.entity.ExecutionEntity.performOperation(ExecutionEntity.java:629)
	at org.activiti.engine.impl.pvm.runtime.AtomicOperationProcessStartInitial.eventNotificationsCompleted(AtomicOperationProcessStartInitial.java:45)
	at org.activiti.engine.impl.pvm.runtime.AbstractEventAtomicOperation.execute(AbstractEventAtomicOperation.java:56)
	at org.activiti.engine.impl.interceptor.CommandContext.performOperation(CommandContext.java:97)
	at org.activiti.engine.impl.persistence.entity.ExecutionEntity.performOperationSync(ExecutionEntity.java:636)
	at org.activiti.engine.impl.persistence.entity.ExecutionEntity.performOperation(ExecutionEntity.java:629)
	at org.activiti.engine.impl.pvm.runtime.AtomicOperationProcessStart.eventNotificationsCompleted(AtomicOperationProcessStart.java:64)
	at org.activiti.engine.impl.pvm.runtime.AbstractEventAtomicOperation.execute(AbstractEventAtomicOperation.java:56)
	at org.activiti.engine.impl.interceptor.CommandContext.performOperation(CommandContext.java:97)
	at org.activiti.engine.impl.persistence.entity.ExecutionEntity.performOperationSync(ExecutionEntity.java:636)
	at org.activiti.engine.impl.persistence.entity.ExecutionEntity.performOperation(ExecutionEntity.java:629)
	at org.activiti.engine.impl.persistence.entity.ExecutionEntity.start(ExecutionEntity.java:381)
	at org.activiti.engine.impl.cmd.StartProcessInstanceCmd.execute(StartProcessInstanceCmd.java:110)
	at org.activiti.engine.impl.cmd.StartProcessInstanceCmd.execute(StartProcessInstanceCmd.java:37)
	at org.activiti.engine.impl.interceptor.CommandInvoker.execute(CommandInvoker.java:24)
	at org.activiti.engine.impl.interceptor.CommandContextInterceptor.execute(CommandContextInterceptor.java:57)
	at org.activiti.engine.impl.interceptor.LogInterceptor.execute(LogInterceptor.java:37)
	at org.activiti.engine.impl.cfg.CommandExecutorImpl.execute(CommandExecutorImpl.java:40)
	at org.activiti.engine.impl.cfg.CommandExecutorImpl.execute(CommandExecutorImpl.java:35)
	at org.activiti.engine.impl.RuntimeServiceImpl.startProcessInstanceByKey(RuntimeServiceImpl.java:69)
	at org.activiti.engine.test.db.ProcessInstanceMigrationTest.testSetProcessDefinitionVersionSubExecutions(ProcessInstanceMigrationTest.java:207)
	at sun.reflect.NativeMethodAccessorImpl.invoke0(Native Method)
	at sun.reflect.NativeMethodAccessorImpl.invoke(NativeMethodAccessorImpl.java:62)
	at sun.reflect.DelegatingMethodAccessorImpl.invoke(DelegatingMethodAccessorImpl.java:43)
	at java.lang.reflect.Method.invoke(Method.java:498)
	at junit.framework.TestCase.runTest(TestCase.java:176)
	at org.activiti.engine.impl.test.PvmTestCase.runTest(PvmTestCase.java:65)
	at junit.framework.TestCase.runBare(TestCase.java:141)
	at org.activiti.engine.impl.test.AbstractActivitiTestCase.runBare(AbstractActivitiTestCase.java:100)
	at junit.framework.TestResult$1.protect(TestResult.java:122)
	at junit.framework.TestResult.runProtected(TestResult.java:142)
	at junit.framework.TestResult.run(TestResult.java:125)
	at junit.framework.TestCase.run(TestCase.java:129)
	at junit.framework.TestSuite.runTest(TestSuite.java:255)
	at junit.framework.TestSuite.run(TestSuite.java:250)
	at org.junit.internal.runners.JUnit38ClassRunner.run(JUnit38ClassRunner.java:84)
	at org.apache.maven.surefire.junit4.JUnit4TestSet.execute(JUnit4TestSet.java:35)
	at org.apache.maven.surefire.junit4.JUnit4Provider.executeTestSet(JUnit4Provider.java:146)
	at org.apache.maven.surefire.junit4.JUnit4Provider.invoke(JUnit4Provider.java:97)
	at sun.reflect.NativeMethodAccessorImpl.invoke0(Native Method)
	at sun.reflect.NativeMethodAccessorImpl.invoke(NativeMethodAccessorImpl.java:62)
	at sun.reflect.DelegatingMethodAccessorImpl.invoke(DelegatingMethodAccessorImpl.java:43)
	at java.lang.reflect.Method.invoke(Method.java:498)
	at org.apache.maven.surefire.booter.ProviderFactory$ClassLoaderProxy.invoke(ProviderFactory.java:103)
	at com.sun.proxy.$Proxy0.invoke(Unknown Source)
	at org.apache.maven.surefire.booter.SurefireStarter.invokeProvider(SurefireStarter.java:145)
	at org.apache.maven.surefire.booter.SurefireStarter.runSuitesInProcess(SurefireStarter.java:87)
	at org.apache.maven.surefire.booter.ForkedBooter.main(ForkedBooter.java:69)
Caused by: org.h2.jdbc.JdbcSQLException: Syntax error in SQL statement &quot;SELECT RES.* 
     
    FROM ACT_HI_ACTINST RES
     WHERE  RES.EXECUTION_ID_ = ?
      
      
      
        AND RES.ACT_ID_ = ?
      
      
      
      
      
      
      
      
        AND RES.END_TIME_ IS NULL 
   
     ORDER BY  ORDER[*] BY RES.ID_ ASC  
    LIMIT ? OFFSET ? &quot;; expected &quot;=, NOT, EXISTS, INTERSECTS, SELECT, FROM&quot;; SQL statement:
select RES.* 
     
    from ACT_HI_ACTINST RES
     WHERE  RES.EXECUTION_ID_ = ?
      
      
      
        and RES.ACT_ID_ = ?
      
      
      
      
      
      
      
      
        and RES.END_TIME_ is null 
   
     order by  order by RES.ID_ asc  
    LIMIT ? OFFSET ? [42001-176]
	at org.h2.message.DbException.getJdbcSQLException(DbException.java:344)
	at org.h2.message.DbException.getSyntaxError(DbException.java:204)
	at org.h2.command.Parser.getSyntaxError(Parser.java:524)
	at org.h2.command.Parser.readTerm(Parser.java:2688)
	at org.h2.command.Parser.readFactor(Parser.java:2244)
	at org.h2.command.Parser.readSum(Parser.java:2231)
	at org.h2.command.Parser.readConcat(Parser.java:2201)
	at org.h2.command.Parser.readCondition(Parser.java:2051)
	at org.h2.command.Parser.readAnd(Parser.java:2023)
	at org.h2.command.Parser.readExpression(Parser.java:2015)
	at org.h2.command.Parser.parseEndOfQuery(Parser.java:1726)
	at org.h2.command.Parser.parseSelectUnionExtension(Parser.java:1706)
	at org.h2.command.Parser.parseSelectUnion(Parser.java:1675)
	at org.h2.command.Parser.parseSelect(Parser.java:1662)
	at org.h2.command.Parser.parsePrepared(Parser.java:434)
	at org.h2.command.Parser.parse(Parser.java:306)
	at org.h2.command.Parser.parse(Parser.java:282)
	at org.h2.command.Parser.prepareCommand(Parser.java:243)
	at org.h2.engine.Session.prepareLocal(Session.java:442)
	at org.h2.engine.Session.prepareCommand(Session.java:384)
	at org.h2.jdbc.JdbcConnection.prepareCommand(JdbcConnection.java:1188)
	at org.h2.jdbc.JdbcPreparedStatement.&lt;init&gt;(JdbcPreparedStatement.java:73)
	at org.h2.jdbc.JdbcConnection.prepareStatement(JdbcConnection.java:276)
	at sun.reflect.GeneratedMethodAccessor6.invoke(Unknown Source)
	at sun.reflect.DelegatingMethodAccessorImpl.invoke(DelegatingMethodAccessorImpl.java:43)
	at java.lang.reflect.Method.invoke(Method.java:498)
	at org.apache.ibatis.datasource.pooled.PooledConnection.invoke(PooledConnection.java:245)
	at com.sun.proxy.$Proxy12.prepareStatement(Unknown Source)
	at sun.reflect.GeneratedMethodAccessor6.invoke(Unknown Source)
	at sun.reflect.DelegatingMethodAccessorImpl.invoke(DelegatingMethodAccessorImpl.java:43)
	at java.lang.reflect.Method.invoke(Method.java:498)
	at org.apache.ibatis.logging.jdbc.ConnectionLogger.invoke(ConnectionLogger.java:55)
	at com.sun.proxy.$Proxy12.prepareStatement(Unknown Source)
	at org.apache.ibatis.executor.statement.PreparedStatementHandler.instantiateStatement(PreparedStatementHandler.java:79)
	at org.apache.ibatis.executor.statement.BaseStatementHandler.prepare(BaseStatementHandler.java:88)
	at org.apache.ibatis.executor.statement.RoutingStatementHandler.prepare(RoutingStatementHandler.java:58)
	at org.apache.ibatis.executor.SimpleExecutor.prepareStatement(SimpleExecutor.java:76)
	at org.apache.ibatis.executor.SimpleExecutor.doQuery(SimpleExecutor.java:61)
	at org.apache.ibatis.executor.BaseExecutor.queryFromDatabase(BaseExecutor.java:303)
	at org.apache.ibatis.executor.BaseExecutor.query(BaseExecutor.java:154)
	at org.apache.ibatis.executor.CachingExecutor.query(CachingExecutor.java:102)
	at org.apache.ibatis.executor.CachingExecutor.query(CachingExecutor.java:82)
	at org.apache.ibatis.session.defaults.DefaultSqlSession.selectList(DefaultSqlSession.java:120)
	... 109 more
10:47:16,890 [main] DEBUG org.activiti.engine.impl.test.TestHelper  - annotation @Deployment deletes deployment for ProcessInstanceMigrationTest.testSetProcessDefinitionVersionSubExecutions
10:47:16,890 [main] DEBUG org.activiti.engine.impl.interceptor.LogInterceptor  - 

10:47:16,890 [main] DEBUG org.activiti.engine.impl.interceptor.LogInterceptor  - --- starting DeleteDeploymentCmd --------------------------------------------------------
10:47:16,890 [main] DEBUG org.apache.ibatis.transaction.jdbc.JdbcTransaction  - Opening JDBC Connection
10:47:16,890 [main] DEBUG org.apache.ibatis.datasource.pooled.PooledDataSource  - Checked out connection 180014677 from pool.
10:47:16,890 [main] DEBUG org.apache.ibatis.transaction.jdbc.JdbcTransaction  - Setting autocommit to false on JDBC Connection [conn3: url=jdbc:h2:mem:activiti user=SA]
10:47:16,890 [main] DEBUG org.activiti.engine.impl.persistence.entity.DeploymentEntity.selectDeploymentById  - ==&gt;  Preparing: select * from ACT_RE_DEPLOYMENT where ID_ = ? 
10:47:16,890 [main] DEBUG org.activiti.engine.impl.persistence.entity.DeploymentEntity.selectDeploymentById  - ==&gt; Parameters: 672(String)
10:47:16,890 [main] DEBUG org.activiti.engine.impl.persistence.entity.DeploymentEntity.selectDeploymentById  - &lt;==      Total: 1
10:47:16,890 [main] DEBUG org.activiti.engine.impl.persistence.entity.ProcessDefinitionEntity.selectProcessDefinitionsByQueryCriteria  - ==&gt;  Preparing: select RES.* from ACT_RE_PROCDEF RES WHERE RES.DEPLOYMENT_ID_ = ? order by order by RES.ID_ asc LIMIT ? OFFSET ? 
10:47:16,890 [main] DEBUG org.activiti.engine.impl.interceptor.CommandContext  - Error while closing command context
org.apache.ibatis.exceptions.PersistenceException: 
### Error querying database.  Cause: org.h2.jdbc.JdbcSQLException: Syntax error in SQL statement &quot;SELECT RES.* 
       
    FROM ACT_RE_PROCDEF RES
     
     WHERE  RES.DEPLOYMENT_ID_ = ? 
   
     ORDER BY  ORDER[*] BY RES.ID_ ASC  
    LIMIT ? OFFSET ? &quot;; expected &quot;=, NOT, EXISTS, INTERSECTS, SELECT, FROM&quot;; SQL statement:
select RES.* 
       
    from ACT_RE_PROCDEF RES
     
     WHERE  RES.DEPLOYMENT_ID_ = ? 
   
     order by  order by RES.ID_ asc  
    LIMIT ? OFFSET ? [42001-176]
### The error may exist in org/activiti/db/mapping/entity/ProcessDefinition.xml
### The error may involve org.activiti.engine.impl.persistence.entity.ProcessDefinitionEntity.selectProcessDefinitionsByQueryCriteria
### The error occurred while executing a query
### SQL: select RES.*              from ACT_RE_PROCDEF RES            WHERE  RES.DEPLOYMENT_ID_ = ?           order by  order by RES.ID_ asc       LIMIT ? OFFSET ?
### Cause: org.h2.jdbc.JdbcSQLException: Syntax error in SQL statement &quot;SELECT RES.* 
       
    FROM ACT_RE_PROCDEF RES
     
     WHERE  RES.DEPLOYMENT_ID_ = ? 
   
     ORDER BY  ORDER[*] BY RES.ID_ ASC  
    LIMIT ? OFFSET ? &quot;; expected &quot;=, NOT, EXISTS, INTERSECTS, SELECT, FROM&quot;; SQL statement:
select RES.* 
       
    from ACT_RE_PROCDEF RES
     
     WHERE  RES.DEPLOYMENT_ID_ = ? 
   
     order by  order by RES.ID_ asc  
    LIMIT ? OFFSET ? [42001-176]
	at org.apache.ibatis.exceptions.ExceptionFactory.wrapException(ExceptionFactory.java:30)
	at org.apache.ibatis.session.defaults.DefaultSqlSession.selectList(DefaultSqlSession.java:122)
	at org.apache.ibatis.session.defaults.DefaultSqlSession.selectList(DefaultSqlSession.java:113)
	at org.activiti.engine.impl.db.DbSqlSession.selectListWithRawParameter(DbSqlSession.java:438)
	at org.activiti.engine.impl.db.DbSqlSession.selectList(DbSqlSession.java:429)
	at org.activiti.engine.impl.db.DbSqlSession.selectList(DbSqlSession.java:419)
	at org.activiti.engine.impl.persistence.entity.ProcessDefinitionEntityManager.findProcessDefinitionsByQueryCriteria(ProcessDefinitionEntityManager.java:57)
	at org.activiti.engine.impl.ProcessDefinitionQueryImpl.executeList(ProcessDefinitionQueryImpl.java:307)
	at org.activiti.engine.impl.AbstractQuery.list(AbstractQuery.java:140)
	at org.activiti.engine.impl.persistence.deploy.DeploymentManager.removeDeployment(DeploymentManager.java:187)
	at org.activiti.engine.impl.cmd.DeleteDeploymentCmd.execute(DeleteDeploymentCmd.java:44)
	at org.activiti.engine.impl.cmd.DeleteDeploymentCmd.execute(DeleteDeploymentCmd.java:24)
	at org.activiti.engine.impl.interceptor.CommandInvoker.execute(CommandInvoker.java:24)
	at org.activiti.engine.impl.interceptor.CommandContextInterceptor.execute(CommandContextInterceptor.java:57)
	at org.activiti.engine.impl.interceptor.LogInterceptor.execute(LogInterceptor.java:37)
	at org.activiti.engine.impl.cfg.CommandExecutorImpl.execute(CommandExecutorImpl.java:40)
	at org.activiti.engine.impl.cfg.CommandExecutorImpl.execute(CommandExecutorImpl.java:35)
	at org.activiti.engine.impl.RepositoryServiceImpl.deleteDeployment(RepositoryServiceImpl.java:90)
	at org.activiti.engine.impl.test.TestHelper.annotationDeploymentTearDown(TestHelper.java:116)
	at org.activiti.engine.impl.test.AbstractActivitiTestCase.runBare(AbstractActivitiTestCase.java:116)
	at junit.framework.TestResult$1.protect(TestResult.java:122)
	at junit.framework.TestResult.runProtected(TestResult.java:142)
	at junit.framework.TestResult.run(TestResult.java:125)
	at junit.framework.TestCase.run(TestCase.java:129)
	at junit.framework.TestSuite.runTest(TestSuite.java:255)
	at junit.framework.TestSuite.run(TestSuite.java:250)
	at org.junit.internal.runners.JUnit38ClassRunner.run(JUnit38ClassRunner.java:84)
	at org.apache.maven.surefire.junit4.JUnit4TestSet.execute(JUnit4TestSet.java:35)
	at org.apache.maven.surefire.junit4.JUnit4Provider.executeTestSet(JUnit4Provider.java:146)
	at org.apache.maven.surefire.junit4.JUnit4Provider.invoke(JUnit4Provider.java:97)
	at sun.reflect.NativeMethodAccessorImpl.invoke0(Native Method)
	at sun.reflect.NativeMethodAccessorImpl.invoke(NativeMethodAccessorImpl.java:62)
	at sun.reflect.DelegatingMethodAccessorImpl.invoke(DelegatingMethodAccessorImpl.java:43)
	at java.lang.reflect.Method.invoke(Method.java:498)
	at org.apache.maven.surefire.booter.ProviderFactory$ClassLoaderProxy.invoke(ProviderFactory.java:103)
	at com.sun.proxy.$Proxy0.invoke(Unknown Source)
	at org.apache.maven.surefire.booter.SurefireStarter.invokeProvider(SurefireStarter.java:145)
	at org.apache.maven.surefire.booter.SurefireStarter.runSuitesInProcess(SurefireStarter.java:87)
	at org.apache.maven.surefire.booter.ForkedBooter.main(ForkedBooter.java:69)
Caused by: org.h2.jdbc.JdbcSQLException: Syntax error in SQL statement &quot;SELECT RES.* 
       
    FROM ACT_RE_PROCDEF RES
     
     WHERE  RES.DEPLOYMENT_ID_ = ? 
   
     ORDER BY  ORDER[*] BY RES.ID_ ASC  
    LIMIT ? OFFSET ? &quot;; expected &quot;=, NOT, EXISTS, INTERSECTS, SELECT, FROM&quot;; SQL statement:
select RES.* 
       
    from ACT_RE_PROCDEF RES
     
     WHERE  RES.DEPLOYMENT_ID_ = ? 
   
     order by  order by RES.ID_ asc  
    LIMIT ? OFFSET ? [42001-176]
	at org.h2.message.DbException.getJdbcSQLException(DbException.java:344)
	at org.h2.message.DbException.getSyntaxError(DbException.java:204)
	at org.h2.command.Parser.getSyntaxError(Parser.java:524)
	at org.h2.command.Parser.readTerm(Parser.java:2688)
	at org.h2.command.Parser.readFactor(Parser.java:2244)
	at org.h2.command.Parser.readSum(Parser.java:2231)
	at org.h2.command.Parser.readConcat(Parser.java:2201)
	at org.h2.command.Parser.readCondition(Parser.java:2051)
	at org.h2.command.Parser.readAnd(Parser.java:2023)
	at org.h2.command.Parser.readExpression(Parser.java:2015)
	at org.h2.command.Parser.parseEndOfQuery(Parser.java:1726)
	at org.h2.command.Parser.parseSelectUnionExtension(Parser.java:1706)
	at org.h2.command.Parser.parseSelectUnion(Parser.java:1675)
	at org.h2.command.Parser.parseSelect(Parser.java:1662)
	at org.h2.command.Parser.parsePrepared(Parser.java:434)
	at org.h2.command.Parser.parse(Parser.java:306)
	at org.h2.command.Parser.parse(Parser.java:282)
	at org.h2.command.Parser.prepareCommand(Parser.java:243)
	at org.h2.engine.Session.prepareLocal(Session.java:442)
	at org.h2.engine.Session.prepareCommand(Session.java:384)
	at org.h2.jdbc.JdbcConnection.prepareCommand(JdbcConnection.java:1188)
	at org.h2.jdbc.JdbcPreparedStatement.&lt;init&gt;(JdbcPreparedStatement.java:73)
	at org.h2.jdbc.JdbcConnection.prepareStatement(JdbcConnection.java:276)
	at sun.reflect.GeneratedMethodAccessor6.invoke(Unknown Source)
	at sun.reflect.DelegatingMethodAccessorImpl.invoke(DelegatingMethodAccessorImpl.java:43)
	at java.lang.reflect.Method.invoke(Method.java:498)
	at org.apache.ibatis.datasource.pooled.PooledConnection.invoke(PooledConnection.java:245)
	at com.sun.proxy.$Proxy12.prepareStatement(Unknown Source)
	at sun.reflect.GeneratedMethodAccessor6.invoke(Unknown Source)
	at sun.reflect.DelegatingMethodAccessorImpl.invoke(DelegatingMethodAccessorImpl.java:43)
	at java.lang.reflect.Method.invoke(Method.java:498)
	at org.apache.ibatis.logging.jdbc.ConnectionLogger.invoke(ConnectionLogger.java:55)
	at com.sun.proxy.$Proxy12.prepareStatement(Unknown Source)
	at org.apache.ibatis.executor.statement.PreparedStatementHandler.instantiateStatement(PreparedStatementHandler.java:79)
	at org.apache.ibatis.executor.statement.BaseStatementHandler.prepare(BaseStatementHandler.java:88)
	at org.apache.ibatis.executor.statement.RoutingStatementHandler.prepare(RoutingStatementHandler.java:58)
	at org.apache.ibatis.executor.SimpleExecutor.prepareStatement(SimpleExecutor.java:76)
	at org.apache.ibatis.executor.SimpleExecutor.doQuery(SimpleExecutor.java:61)
	at org.apache.ibatis.executor.BaseExecutor.queryFromDatabase(BaseExecutor.java:303)
	at org.apache.ibatis.executor.BaseExecutor.query(BaseExecutor.java:154)
	at org.apache.ibatis.executor.CachingExecutor.query(CachingExecutor.java:102)
	at org.apache.ibatis.executor.CachingExecutor.query(CachingExecutor.java:82)
	at org.apache.ibatis.session.defaults.DefaultSqlSession.selectList(DefaultSqlSession.java:120)
	... 37 more
10:47:16,891 [main] DEBUG org.activiti.engine.impl.cfg.standalone.StandaloneMybatisTransactionContext  - firing event rolling back...
10:47:16,891 [main] DEBUG org.activiti.engine.impl.cfg.standalone.StandaloneMybatisTransactionContext  - rolling back ibatis sql session...
10:47:16,891 [main] DEBUG org.activiti.engine.impl.cfg.standalone.StandaloneMybatisTransactionContext  - firing event rolled back...
10:47:16,891 [main] DEBUG org.apache.ibatis.transaction.jdbc.JdbcTransaction  - Resetting autocommit to true on JDBC Connection [conn3: url=jdbc:h2:mem:activiti user=SA]
10:47:16,891 [main] DEBUG org.apache.ibatis.transaction.jdbc.JdbcTransaction  - Closing JDBC Connection [conn3: url=jdbc:h2:mem:activiti user=SA]
10:47:16,891 [main] DEBUG org.apache.ibatis.datasource.pooled.PooledDataSource  - Returned connection 180014677 to pool.
10:47:16,891 [main] DEBUG org.activiti.engine.impl.interceptor.LogInterceptor  - --- DeleteDeploymentCmd finished --------------------------------------------------------
10:47:16,891 [main] DEBUG org.activiti.engine.impl.interceptor.LogInterceptor  - 

</system-out>
  </testcase>
  <testcase classname="org.activiti.engine.test.db.ProcessInstanceMigrationTest" name="testSetProcessDefinitionVersionNonExistingPD" time="0.016">
    <error message="
### Error querying database.  Cause: org.h2.jdbc.JdbcSQLException: Syntax error in SQL statement &quot;SELECT RES.* 
       
    FROM ACT_RE_PROCDEF RES
     
     WHERE  RES.DEPLOYMENT_ID_ = ? 
   
     ORDER BY  ORDER[*] BY RES.ID_ ASC  
    LIMIT ? OFFSET ? &quot;; expected &quot;=, NOT, EXISTS, INTERSECTS, SELECT, FROM&quot;; SQL statement:
select RES.* 
       
    from ACT_RE_PROCDEF RES
     
     WHERE  RES.DEPLOYMENT_ID_ = ? 
   
     order by  order by RES.ID_ asc  
    LIMIT ? OFFSET ? [42001-176]
### The error may exist in org/activiti/db/mapping/entity/ProcessDefinition.xml
### The error may involve org.activiti.engine.impl.persistence.entity.ProcessDefinitionEntity.selectProcessDefinitionsByQueryCriteria
### The error occurred while executing a query
### SQL: select RES.*              from ACT_RE_PROCDEF RES            WHERE  RES.DEPLOYMENT_ID_ = ?           order by  order by RES.ID_ asc       LIMIT ? OFFSET ?
### Cause: org.h2.jdbc.JdbcSQLException: Syntax error in SQL statement &quot;SELECT RES.* 
       
    FROM ACT_RE_PROCDEF RES
     
     WHERE  RES.DEPLOYMENT_ID_ = ? 
   
     ORDER BY  ORDER[*] BY RES.ID_ ASC  
    LIMIT ? OFFSET ? &quot;; expected &quot;=, NOT, EXISTS, INTERSECTS, SELECT, FROM&quot;; SQL statement:
select RES.* 
       
    from ACT_RE_PROCDEF RES
     
     WHERE  RES.DEPLOYMENT_ID_ = ? 
   
     order by  order by RES.ID_ asc  
    LIMIT ? OFFSET ? [42001-176]" type="org.apache.ibatis.exceptions.PersistenceException">org.apache.ibatis.exceptions.PersistenceException: 
### Error querying database.  Cause: org.h2.jdbc.JdbcSQLException: Syntax error in SQL statement &quot;SELECT RES.* 
       
    FROM ACT_RE_PROCDEF RES
     
     WHERE  RES.DEPLOYMENT_ID_ = ? 
   
     ORDER BY  ORDER[*] BY RES.ID_ ASC  
    LIMIT ? OFFSET ? &quot;; expected &quot;=, NOT, EXISTS, INTERSECTS, SELECT, FROM&quot;; SQL statement:
select RES.* 
       
    from ACT_RE_PROCDEF RES
     
     WHERE  RES.DEPLOYMENT_ID_ = ? 
   
     order by  order by RES.ID_ asc  
    LIMIT ? OFFSET ? [42001-176]
### The error may exist in org/activiti/db/mapping/entity/ProcessDefinition.xml
### The error may involve org.activiti.engine.impl.persistence.entity.ProcessDefinitionEntity.selectProcessDefinitionsByQueryCriteria
### The error occurred while executing a query
### SQL: select RES.*              from ACT_RE_PROCDEF RES            WHERE  RES.DEPLOYMENT_ID_ = ?           order by  order by RES.ID_ asc       LIMIT ? OFFSET ?
### Cause: org.h2.jdbc.JdbcSQLException: Syntax error in SQL statement &quot;SELECT RES.* 
       
    FROM ACT_RE_PROCDEF RES
     
     WHERE  RES.DEPLOYMENT_ID_ = ? 
   
     ORDER BY  ORDER[*] BY RES.ID_ ASC  
    LIMIT ? OFFSET ? &quot;; expected &quot;=, NOT, EXISTS, INTERSECTS, SELECT, FROM&quot;; SQL statement:
select RES.* 
       
    from ACT_RE_PROCDEF RES
     
     WHERE  RES.DEPLOYMENT_ID_ = ? 
   
     order by  order by RES.ID_ asc  
    LIMIT ? OFFSET ? [42001-176]
	at org.apache.ibatis.exceptions.ExceptionFactory.wrapException(ExceptionFactory.java:30)
	at org.apache.ibatis.session.defaults.DefaultSqlSession.selectList(DefaultSqlSession.java:122)
	at org.apache.ibatis.session.defaults.DefaultSqlSession.selectList(DefaultSqlSession.java:113)
	at org.activiti.engine.impl.db.DbSqlSession.selectListWithRawParameter(DbSqlSession.java:438)
	at org.activiti.engine.impl.db.DbSqlSession.selectList(DbSqlSession.java:429)
	at org.activiti.engine.impl.db.DbSqlSession.selectList(DbSqlSession.java:419)
	at org.activiti.engine.impl.persistence.entity.ProcessDefinitionEntityManager.findProcessDefinitionsByQueryCriteria(ProcessDefinitionEntityManager.java:57)
	at org.activiti.engine.impl.ProcessDefinitionQueryImpl.executeList(ProcessDefinitionQueryImpl.java:307)
	at org.activiti.engine.impl.AbstractQuery.list(AbstractQuery.java:140)
	at org.activiti.engine.impl.persistence.deploy.DeploymentManager.removeDeployment(DeploymentManager.java:187)
	at org.activiti.engine.impl.cmd.DeleteDeploymentCmd.execute(DeleteDeploymentCmd.java:44)
	at org.activiti.engine.impl.cmd.DeleteDeploymentCmd.execute(DeleteDeploymentCmd.java:24)
	at org.activiti.engine.impl.interceptor.CommandInvoker.execute(CommandInvoker.java:24)
	at org.activiti.engine.impl.interceptor.CommandContextInterceptor.execute(CommandContextInterceptor.java:57)
	at org.activiti.engine.impl.interceptor.LogInterceptor.execute(LogInterceptor.java:37)
	at org.activiti.engine.impl.cfg.CommandExecutorImpl.execute(CommandExecutorImpl.java:40)
	at org.activiti.engine.impl.cfg.CommandExecutorImpl.execute(CommandExecutorImpl.java:35)
	at org.activiti.engine.impl.RepositoryServiceImpl.deleteDeployment(RepositoryServiceImpl.java:90)
	at org.activiti.engine.impl.test.TestHelper.annotationDeploymentTearDown(TestHelper.java:116)
	at org.activiti.engine.impl.test.AbstractActivitiTestCase.runBare(AbstractActivitiTestCase.java:116)
	at junit.framework.TestResult$1.protect(TestResult.java:122)
	at junit.framework.TestResult.runProtected(TestResult.java:142)
	at junit.framework.TestResult.run(TestResult.java:125)
	at junit.framework.TestCase.run(TestCase.java:129)
	at junit.framework.TestSuite.runTest(TestSuite.java:255)
	at junit.framework.TestSuite.run(TestSuite.java:250)
	at org.junit.internal.runners.JUnit38ClassRunner.run(JUnit38ClassRunner.java:84)
	at org.apache.maven.surefire.junit4.JUnit4TestSet.execute(JUnit4TestSet.java:35)
	at org.apache.maven.surefire.junit4.JUnit4Provider.executeTestSet(JUnit4Provider.java:146)
	at org.apache.maven.surefire.junit4.JUnit4Provider.invoke(JUnit4Provider.java:97)
	at sun.reflect.NativeMethodAccessorImpl.invoke0(Native Method)
	at sun.reflect.NativeMethodAccessorImpl.invoke(NativeMethodAccessorImpl.java:62)
	at sun.reflect.DelegatingMethodAccessorImpl.invoke(DelegatingMethodAccessorImpl.java:43)
	at java.lang.reflect.Method.invoke(Method.java:498)
	at org.apache.maven.surefire.booter.ProviderFactory$ClassLoaderProxy.invoke(ProviderFactory.java:103)
	at com.sun.proxy.$Proxy0.invoke(Unknown Source)
	at org.apache.maven.surefire.booter.SurefireStarter.invokeProvider(SurefireStarter.java:145)
	at org.apache.maven.surefire.booter.SurefireStarter.runSuitesInProcess(SurefireStarter.java:87)
	at org.apache.maven.surefire.booter.ForkedBooter.main(ForkedBooter.java:69)
Caused by: org.h2.jdbc.JdbcSQLException: Syntax error in SQL statement &quot;SELECT RES.* 
       
    FROM ACT_RE_PROCDEF RES
     
     WHERE  RES.DEPLOYMENT_ID_ = ? 
   
     ORDER BY  ORDER[*] BY RES.ID_ ASC  
    LIMIT ? OFFSET ? &quot;; expected &quot;=, NOT, EXISTS, INTERSECTS, SELECT, FROM&quot;; SQL statement:
select RES.* 
       
    from ACT_RE_PROCDEF RES
     
     WHERE  RES.DEPLOYMENT_ID_ = ? 
   
     order by  order by RES.ID_ asc  
    LIMIT ? OFFSET ? [42001-176]
	at org.h2.message.DbException.getJdbcSQLException(DbException.java:344)
	at org.h2.message.DbException.getSyntaxError(DbException.java:204)
	at org.h2.command.Parser.getSyntaxError(Parser.java:524)
	at org.h2.command.Parser.readTerm(Parser.java:2688)
	at org.h2.command.Parser.readFactor(Parser.java:2244)
	at org.h2.command.Parser.readSum(Parser.java:2231)
	at org.h2.command.Parser.readConcat(Parser.java:2201)
	at org.h2.command.Parser.readCondition(Parser.java:2051)
	at org.h2.command.Parser.readAnd(Parser.java:2023)
	at org.h2.command.Parser.readExpression(Parser.java:2015)
	at org.h2.command.Parser.parseEndOfQuery(Parser.java:1726)
	at org.h2.command.Parser.parseSelectUnionExtension(Parser.java:1706)
	at org.h2.command.Parser.parseSelectUnion(Parser.java:1675)
	at org.h2.command.Parser.parseSelect(Parser.java:1662)
	at org.h2.command.Parser.parsePrepared(Parser.java:434)
	at org.h2.command.Parser.parse(Parser.java:306)
	at org.h2.command.Parser.parse(Parser.java:282)
	at org.h2.command.Parser.prepareCommand(Parser.java:243)
	at org.h2.engine.Session.prepareLocal(Session.java:442)
	at org.h2.engine.Session.prepareCommand(Session.java:384)
	at org.h2.jdbc.JdbcConnection.prepareCommand(JdbcConnection.java:1188)
	at org.h2.jdbc.JdbcPreparedStatement.&lt;init&gt;(JdbcPreparedStatement.java:73)
	at org.h2.jdbc.JdbcConnection.prepareStatement(JdbcConnection.java:276)
	at sun.reflect.GeneratedMethodAccessor6.invoke(Unknown Source)
	at sun.reflect.DelegatingMethodAccessorImpl.invoke(DelegatingMethodAccessorImpl.java:43)
	at java.lang.reflect.Method.invoke(Method.java:498)
	at org.apache.ibatis.datasource.pooled.PooledConnection.invoke(PooledConnection.java:245)
	at com.sun.proxy.$Proxy12.prepareStatement(Unknown Source)
	at sun.reflect.GeneratedMethodAccessor6.invoke(Unknown Source)
	at sun.reflect.DelegatingMethodAccessorImpl.invoke(DelegatingMethodAccessorImpl.java:43)
	at java.lang.reflect.Method.invoke(Method.java:498)
	at org.apache.ibatis.logging.jdbc.ConnectionLogger.invoke(ConnectionLogger.java:55)
	at com.sun.proxy.$Proxy12.prepareStatement(Unknown Source)
	at org.apache.ibatis.executor.statement.PreparedStatementHandler.instantiateStatement(PreparedStatementHandler.java:79)
	at org.apache.ibatis.executor.statement.BaseStatementHandler.prepare(BaseStatementHandler.java:88)
	at org.apache.ibatis.executor.statement.RoutingStatementHandler.prepare(RoutingStatementHandler.java:58)
	at org.apache.ibatis.executor.SimpleExecutor.prepareStatement(SimpleExecutor.java:76)
	at org.apache.ibatis.executor.SimpleExecutor.doQuery(SimpleExecutor.java:61)
	at org.apache.ibatis.executor.BaseExecutor.queryFromDatabase(BaseExecutor.java:303)
	at org.apache.ibatis.executor.BaseExecutor.query(BaseExecutor.java:154)
	at org.apache.ibatis.executor.CachingExecutor.query(CachingExecutor.java:102)
	at org.apache.ibatis.executor.CachingExecutor.query(CachingExecutor.java:82)
	at org.apache.ibatis.session.defaults.DefaultSqlSession.selectList(DefaultSqlSession.java:120)
	... 37 more
</error>
    <system-out>10:47:16,892 [main] DEBUG org.activiti.engine.impl.test.TestHelper  - annotation @Deployment creates deployment for ProcessInstanceMigrationTest.testSetProcessDefinitionVersionNonExistingPD
10:47:16,893 [main] DEBUG org.activiti.engine.impl.interceptor.LogInterceptor  - 

10:47:16,893 [main] DEBUG org.activiti.engine.impl.interceptor.LogInterceptor  - --- starting DeployCmd --------------------------------------------------------
10:47:16,893 [main] DEBUG org.activiti.engine.impl.bpmn.deployer.BpmnDeployer  - Processing deployment ProcessInstanceMigrationTest.testSetProcessDefinitionVersionNonExistingPD
10:47:16,893 [main] INFO  org.activiti.engine.impl.bpmn.deployer.BpmnDeployer  - Processing resource org/activiti/engine/test/db/ProcessInstanceMigrationTest.testSetProcessDefinitionVersion.bpmn20.xml
10:47:16,899 [main] DEBUG org.activiti.engine.impl.bpmn.parser.handler.ProcessParseHandler  - Parsing process receiveTask
10:47:16,899 [main] DEBUG org.activiti.engine.impl.bpmn.parser.handler.AbstractBpmnParseHandler  - Parsing activity waitState1
10:47:16,899 [main] DEBUG org.activiti.engine.impl.bpmn.parser.handler.AbstractBpmnParseHandler  - Parsing activity waitState2
10:47:16,899 [main] DEBUG org.activiti.engine.impl.bpmn.parser.handler.AbstractBpmnParseHandler  - Parsing activity theStart
10:47:16,899 [main] DEBUG org.activiti.engine.impl.bpmn.parser.handler.AbstractBpmnParseHandler  - Parsing activity theEnd
10:47:16,899 [main] DEBUG org.apache.ibatis.transaction.jdbc.JdbcTransaction  - Opening JDBC Connection
10:47:16,900 [main] DEBUG org.apache.ibatis.datasource.pooled.PooledDataSource  - Checked out connection 486346394 from pool.
10:47:16,900 [main] DEBUG org.apache.ibatis.transaction.jdbc.JdbcTransaction  - Setting autocommit to false on JDBC Connection [conn6: url=jdbc:h2:mem:activiti user=SA]
10:47:16,900 [main] DEBUG org.activiti.engine.impl.persistence.entity.ProcessDefinitionEntity.selectLatestProcessDefinitionByKey  - ==&gt;  Preparing: select * from ACT_RE_PROCDEF where KEY_ = ? and (TENANT_ID_ = &apos;&apos; or TENANT_ID_ is null) and VERSION_ = (select max(VERSION_) from ACT_RE_PROCDEF where KEY_ = ? and (TENANT_ID_ = &apos;&apos; or TENANT_ID_ is null)) 
10:47:16,900 [main] DEBUG org.activiti.engine.impl.persistence.entity.ProcessDefinitionEntity.selectLatestProcessDefinitionByKey  - ==&gt; Parameters: receiveTask(String), receiveTask(String)
10:47:16,900 [main] DEBUG org.activiti.engine.impl.persistence.entity.ProcessDefinitionEntity.selectLatestProcessDefinitionByKey  - &lt;==      Total: 0
10:47:16,900 [main] DEBUG org.activiti.engine.impl.persistence.entity.JobEntity.selectJobByTypeAndProcessDefinitionKeyNoTenantId  - ==&gt;  Preparing: select J.* from ACT_RU_JOB J inner join ACT_RE_PROCDEF P on J.PROC_DEF_ID_ = P.ID_ where J.HANDLER_TYPE_ = ? and P.KEY_ = ? and (P.TENANT_ID_ = &apos;&apos; or P.TENANT_ID_ is null) 
10:47:16,900 [main] DEBUG org.activiti.engine.impl.persistence.entity.JobEntity.selectJobByTypeAndProcessDefinitionKeyNoTenantId  - ==&gt; Parameters: timer-start-event(String), receiveTask(String)
10:47:16,900 [main] DEBUG org.activiti.engine.impl.persistence.entity.JobEntity.selectJobByTypeAndProcessDefinitionKeyNoTenantId  - &lt;==      Total: 0
10:47:16,900 [main] DEBUG org.activiti.engine.impl.persistence.entity.ProcessDefinitionInfoEntity.selectProcessDefinitionInfoByProcessDefinitionId  - ==&gt;  Preparing: select * from ACT_PROCDEF_INFO where PROC_DEF_ID_ = ? 
10:47:16,900 [main] DEBUG org.activiti.engine.impl.persistence.entity.ProcessDefinitionInfoEntity.selectProcessDefinitionInfoByProcessDefinitionId  - ==&gt; Parameters: receiveTask:1:682(String)
10:47:16,900 [main] DEBUG org.activiti.engine.impl.persistence.entity.ProcessDefinitionInfoEntity.selectProcessDefinitionInfoByProcessDefinitionId  - &lt;==      Total: 0
10:47:16,900 [main] DEBUG org.activiti.engine.impl.interceptor.LogInterceptor  - 

10:47:16,900 [main] DEBUG org.activiti.engine.impl.interceptor.LogInterceptor  - --- starting GetProcessDefinitionInfoCmd --------------------------------------------------------
10:47:16,900 [main] DEBUG org.activiti.engine.impl.interceptor.CommandContextInterceptor  - Valid context found. Reusing it for the current command &apos;org.activiti.engine.impl.cmd.GetProcessDefinitionInfoCmd&apos;
10:47:16,900 [main] DEBUG org.activiti.engine.impl.interceptor.LogInterceptor  - 

10:47:16,900 [main] DEBUG org.activiti.engine.impl.interceptor.LogInterceptor  - --- starting  --------------------------------------------------------
10:47:16,900 [main] DEBUG org.activiti.engine.impl.interceptor.CommandContextInterceptor  - Valid context found. Reusing it for the current command &apos;null&apos;
10:47:16,900 [main] DEBUG org.activiti.engine.impl.interceptor.LogInterceptor  - ---  finished --------------------------------------------------------
10:47:16,900 [main] DEBUG org.activiti.engine.impl.interceptor.LogInterceptor  - 

10:47:16,900 [main] DEBUG org.activiti.engine.impl.interceptor.LogInterceptor  - --- GetProcessDefinitionInfoCmd finished --------------------------------------------------------
10:47:16,900 [main] DEBUG org.activiti.engine.impl.interceptor.LogInterceptor  - 

10:47:16,900 [main] DEBUG org.activiti.engine.impl.db.DbSqlSession  -   insert ResourceEntity[id=681, name=org/activiti/engine/test/db/ProcessInstanceMigrationTest.testSetProcessDefinitionVersion.bpmn20.xml]
10:47:16,900 [main] DEBUG org.activiti.engine.impl.db.DbSqlSession  -   insert DeploymentEntity[id=680, name=ProcessInstanceMigrationTest.testSetProcessDefinitionVersionNonExistingPD]
10:47:16,900 [main] DEBUG org.activiti.engine.impl.db.DbSqlSession  -   insert ProcessDefinitionEntity[receiveTask:1:682]
10:47:16,900 [main] DEBUG org.activiti.engine.impl.db.DbSqlSession  - flush summary: 3 insert, 0 update, 0 delete.
10:47:16,900 [main] DEBUG org.activiti.engine.impl.db.DbSqlSession  - now executing flush...
10:47:16,900 [main] DEBUG org.activiti.engine.impl.db.DbSqlSession  - inserting: ProcessDefinitionEntity[receiveTask:1:682]
10:47:16,900 [main] DEBUG org.activiti.engine.impl.persistence.entity.ProcessDefinitionEntity.insertProcessDefinition  - ==&gt;  Preparing: insert into ACT_RE_PROCDEF(ID_, REV_, CATEGORY_, NAME_, KEY_, VERSION_, DEPLOYMENT_ID_, RESOURCE_NAME_, DGRM_RESOURCE_NAME_, DESCRIPTION_, HAS_START_FORM_KEY_, HAS_GRAPHICAL_NOTATION_ , SUSPENSION_STATE_, TENANT_ID_) values (?, 1, ?, ?, ?, ?, ?, ?, ?, ?, ?, ?, ?, ?) 
10:47:16,901 [main] DEBUG org.activiti.engine.impl.persistence.entity.ProcessDefinitionEntity.insertProcessDefinition  - ==&gt; Parameters: receiveTask:1:682(String), Examples(String), null, receiveTask(String), 1(Integer), 680(String), org/activiti/engine/test/db/ProcessInstanceMigrationTest.testSetProcessDefinitionVersion.bpmn20.xml(String), null, null, false(Boolean), false(Boolean), 1(Integer), (String)
10:47:16,901 [main] DEBUG org.activiti.engine.impl.persistence.entity.ProcessDefinitionEntity.insertProcessDefinition  - &lt;==    Updates: 1
10:47:16,901 [main] DEBUG org.activiti.engine.impl.db.DbSqlSession  - inserting: DeploymentEntity[id=680, name=ProcessInstanceMigrationTest.testSetProcessDefinitionVersionNonExistingPD]
10:47:16,901 [main] DEBUG org.activiti.engine.impl.persistence.entity.DeploymentEntity.insertDeployment  - ==&gt;  Preparing: insert into ACT_RE_DEPLOYMENT(ID_, NAME_, CATEGORY_, TENANT_ID_, DEPLOY_TIME_) values(?, ?, ?, ?, ?) 
10:47:16,901 [main] DEBUG org.activiti.engine.impl.persistence.entity.DeploymentEntity.insertDeployment  - ==&gt; Parameters: 680(String), ProcessInstanceMigrationTest.testSetProcessDefinitionVersionNonExistingPD(String), null, (String), 2015-01-01 00:00:00.0(Timestamp)
10:47:16,901 [main] DEBUG org.activiti.engine.impl.persistence.entity.DeploymentEntity.insertDeployment  - &lt;==    Updates: 1
10:47:16,901 [main] DEBUG org.activiti.engine.impl.db.DbSqlSession  - inserting: ResourceEntity[id=681, name=org/activiti/engine/test/db/ProcessInstanceMigrationTest.testSetProcessDefinitionVersion.bpmn20.xml]
10:47:16,901 [main] DEBUG org.activiti.engine.impl.persistence.entity.ResourceEntity.insertResource  - ==&gt;  Preparing: insert into ACT_GE_BYTEARRAY(ID_, REV_, NAME_, BYTES_, DEPLOYMENT_ID_, GENERATED_) values (?, 1, ?, ?, ?, ?) 
10:47:16,901 [main] DEBUG org.activiti.engine.impl.persistence.entity.ResourceEntity.insertResource  - ==&gt; Parameters: 681(String), org/activiti/engine/test/db/ProcessInstanceMigrationTest.testSetProcessDefinitionVersion.bpmn20.xml(String), java.io.ByteArrayInputStream@71404204(ByteArrayInputStream), 680(String), false(Boolean)
10:47:16,901 [main] DEBUG org.activiti.engine.impl.persistence.entity.ResourceEntity.insertResource  - &lt;==    Updates: 1
10:47:16,901 [main] DEBUG org.activiti.engine.impl.cfg.standalone.StandaloneMybatisTransactionContext  - firing event committing...
10:47:16,901 [main] DEBUG org.activiti.engine.impl.cfg.standalone.StandaloneMybatisTransactionContext  - committing the ibatis sql session...
10:47:16,901 [main] DEBUG org.apache.ibatis.transaction.jdbc.JdbcTransaction  - Committing JDBC Connection [conn6: url=jdbc:h2:mem:activiti user=SA]
10:47:16,901 [main] DEBUG org.activiti.engine.impl.cfg.standalone.StandaloneMybatisTransactionContext  - firing event committed...
10:47:16,901 [main] DEBUG org.apache.ibatis.transaction.jdbc.JdbcTransaction  - Resetting autocommit to true on JDBC Connection [conn6: url=jdbc:h2:mem:activiti user=SA]
10:47:16,901 [main] DEBUG org.apache.ibatis.transaction.jdbc.JdbcTransaction  - Closing JDBC Connection [conn6: url=jdbc:h2:mem:activiti user=SA]
10:47:16,901 [main] DEBUG org.apache.ibatis.datasource.pooled.PooledDataSource  - Returned connection 486346394 to pool.
10:47:16,901 [main] DEBUG org.activiti.engine.impl.interceptor.LogInterceptor  - --- DeployCmd finished --------------------------------------------------------
10:47:16,901 [main] DEBUG org.activiti.engine.impl.interceptor.LogInterceptor  - 

10:47:16,901 [main] DEBUG org.activiti.engine.impl.test.PvmTestCase  - 

10:47:16,901 [main] DEBUG org.activiti.engine.impl.test.PvmTestCase  - #### START ProcessInstanceMigrationTest.testSetProcessDefinitionVersionNonExistingPD ###########################################################
10:47:16,901 [main] DEBUG org.activiti.engine.impl.interceptor.LogInterceptor  - 

10:47:16,901 [main] DEBUG org.activiti.engine.impl.interceptor.LogInterceptor  - --- starting StartProcessInstanceCmd --------------------------------------------------------
10:47:16,901 [main] DEBUG org.apache.ibatis.transaction.jdbc.JdbcTransaction  - Opening JDBC Connection
10:47:16,901 [main] DEBUG org.apache.ibatis.datasource.pooled.PooledDataSource  - Checked out connection 297240765 from pool.
10:47:16,901 [main] DEBUG org.apache.ibatis.transaction.jdbc.JdbcTransaction  - Setting autocommit to false on JDBC Connection [conn4: url=jdbc:h2:mem:activiti user=SA]
10:47:16,901 [main] DEBUG org.activiti.engine.impl.persistence.entity.ProcessDefinitionEntity.selectLatestProcessDefinitionByKey  - ==&gt;  Preparing: select * from ACT_RE_PROCDEF where KEY_ = ? and (TENANT_ID_ = &apos;&apos; or TENANT_ID_ is null) and VERSION_ = (select max(VERSION_) from ACT_RE_PROCDEF where KEY_ = ? and (TENANT_ID_ = &apos;&apos; or TENANT_ID_ is null)) 
10:47:16,901 [main] DEBUG org.activiti.engine.impl.persistence.entity.ProcessDefinitionEntity.selectLatestProcessDefinitionByKey  - ==&gt; Parameters: receiveTask(String), receiveTask(String)
10:47:16,901 [main] DEBUG org.activiti.engine.impl.persistence.entity.ProcessDefinitionEntity.selectLatestProcessDefinitionByKey  - &lt;==      Total: 1
10:47:16,901 [main] DEBUG org.activiti.engine.impl.persistence.entity.ExecutionEntity  - initializing ProcessInstance[683]
10:47:16,901 [main] DEBUG org.activiti.engine.impl.history.DefaultHistoryManager  - Current history level: FULL, level required: ACTIVITY
10:47:16,902 [main] DEBUG org.activiti.engine.impl.pvm.runtime.AtomicOperationActivityExecute  - ProcessInstance[683] executes Activity(theStart): org.activiti.engine.impl.bpmn.behavior.NoneStartEventActivityBehavior
10:47:16,902 [main] DEBUG org.activiti.engine.impl.persistence.entity.JobEntity.selectJobsByExecutionId  - ==&gt;  Preparing: select * from ACT_RU_JOB J where J.EXECUTION_ID_ = ? 
10:47:16,902 [main] DEBUG org.activiti.engine.impl.persistence.entity.JobEntity.selectJobsByExecutionId  - ==&gt; Parameters: 683(String)
10:47:16,902 [main] DEBUG org.activiti.engine.impl.persistence.entity.JobEntity.selectJobsByExecutionId  - &lt;==      Total: 0
10:47:16,902 [main] DEBUG org.activiti.engine.impl.bpmn.behavior.BpmnActivityBehavior  - Leaving activity &apos;theStart&apos;
10:47:16,902 [main] DEBUG org.activiti.engine.impl.history.DefaultHistoryManager  - Current history level: FULL, level required: ACTIVITY
10:47:16,902 [main] DEBUG org.activiti.engine.impl.pvm.runtime.AtomicOperationTransitionNotifyListenerTake  - ProcessInstance[683] takes transition (theStart)--flow1--&gt;(waitState1)
10:47:16,902 [main] DEBUG org.activiti.engine.impl.history.DefaultHistoryManager  - Current history level: FULL, level required: ACTIVITY
10:47:16,902 [main] DEBUG org.activiti.engine.impl.pvm.runtime.AtomicOperationActivityExecute  - ProcessInstance[683] executes Activity(waitState1): org.activiti.engine.impl.bpmn.behavior.ReceiveTaskActivityBehavior
10:47:16,902 [main] DEBUG org.activiti.engine.impl.db.DbSqlSession  -   insert ProcessInstance[683]
10:47:16,902 [main] DEBUG org.activiti.engine.impl.db.DbSqlSession  -   insert HistoricProcessInstanceEntity[superProcessInstanceId=null]
10:47:16,902 [main] DEBUG org.activiti.engine.impl.db.DbSqlSession  -   insert HistoricActivityInstanceEntity[activityId=theStart, activityName=null]
10:47:16,903 [main] DEBUG org.activiti.engine.impl.db.DbSqlSession  -   insert HistoricActivityInstanceEntity[activityId=waitState1, activityName=Wait State 1]
10:47:16,903 [main] DEBUG org.activiti.engine.impl.db.DbSqlSession  - flush summary: 4 insert, 0 update, 0 delete.
10:47:16,903 [main] DEBUG org.activiti.engine.impl.db.DbSqlSession  - now executing flush...
10:47:16,903 [main] DEBUG org.activiti.engine.impl.db.DbSqlSession  - inserting: HistoricProcessInstanceEntity[superProcessInstanceId=null]
10:47:16,903 [main] DEBUG org.activiti.engine.impl.persistence.entity.HistoricProcessInstanceEntity.insertHistoricProcessInstance  - ==&gt;  Preparing: insert into ACT_HI_PROCINST ( ID_, PROC_INST_ID_, BUSINESS_KEY_, PROC_DEF_ID_, START_TIME_, END_TIME_, DURATION_, START_USER_ID_, START_ACT_ID_, END_ACT_ID_, SUPER_PROCESS_INSTANCE_ID_, DELETE_REASON_, TENANT_ID_, NAME_ ) values ( ?, ?, ?, ?, ?, ?, ?, ?, ?, ?, ?, ?, ?, ? ) 
10:47:16,903 [main] DEBUG org.activiti.engine.impl.persistence.entity.HistoricProcessInstanceEntity.insertHistoricProcessInstance  - ==&gt; Parameters: 683(String), 683(String), null, receiveTask:1:682(String), 2015-01-01 00:00:00.0(Timestamp), null, null, null, theStart(String), null, null, null, (String), null
10:47:16,903 [main] DEBUG org.activiti.engine.impl.persistence.entity.HistoricProcessInstanceEntity.insertHistoricProcessInstance  - &lt;==    Updates: 1
10:47:16,903 [main] DEBUG org.activiti.engine.impl.persistence.entity.HistoricActivityInstanceEntity.bulkInsertHistoricActivityInstance  - ==&gt;  Preparing: insert into ACT_HI_ACTINST ( ID_, PROC_DEF_ID_, PROC_INST_ID_, EXECUTION_ID_, ACT_ID_, TASK_ID_, CALL_PROC_INST_ID_, ACT_NAME_, ACT_TYPE_, ASSIGNEE_, START_TIME_, END_TIME_, DURATION_, TENANT_ID_ ) values (?, ?, ?, ?, ?, ?, ?, ?, ?, ?, ?, ?, ?, ?) , (?, ?, ?, ?, ?, ?, ?, ?, ?, ?, ?, ?, ?, ?) 
10:47:16,903 [main] DEBUG org.activiti.engine.impl.persistence.entity.HistoricActivityInstanceEntity.bulkInsertHistoricActivityInstance  - ==&gt; Parameters: 684(String), receiveTask:1:682(String), 683(String), 683(String), theStart(String), null, null, null, startEvent(String), null, 2015-01-01 00:00:00.0(Timestamp), 2015-01-01 00:00:00.0(Timestamp), 0(Long), (String), 685(String), receiveTask:1:682(String), 683(String), 683(String), waitState1(String), null, null, Wait State 1(String), receiveTask(String), null, 2015-01-01 00:00:00.0(Timestamp), null, null, (String)
10:47:16,903 [main] DEBUG org.activiti.engine.impl.persistence.entity.HistoricActivityInstanceEntity.bulkInsertHistoricActivityInstance  - &lt;==    Updates: 2
10:47:16,903 [main] DEBUG org.activiti.engine.impl.db.DbSqlSession  - inserting: ProcessInstance[683]
10:47:16,903 [main] DEBUG org.activiti.engine.impl.persistence.entity.ExecutionEntity.insertExecution  - ==&gt;  Preparing: insert into ACT_RU_EXECUTION (ID_, REV_, PROC_INST_ID_, BUSINESS_KEY_, PROC_DEF_ID_, ACT_ID_, IS_ACTIVE_, IS_CONCURRENT_, IS_SCOPE_,IS_EVENT_SCOPE_, PARENT_ID_, SUPER_EXEC_, SUSPENSION_STATE_, CACHED_ENT_STATE_, TENANT_ID_, NAME_) values ( ?, 1, ?, ?, ?, ?, ?, ?, ?, ?, ?, ?, ?, ?, ?, ? ) 
10:47:16,903 [main] DEBUG org.activiti.engine.impl.persistence.entity.ExecutionEntity.insertExecution  - ==&gt; Parameters: 683(String), 683(String), null, receiveTask:1:682(String), waitState1(String), true(Boolean), false(Boolean), true(Boolean), false(Boolean), null, null, 1(Integer), 2(Integer), (String), null
10:47:16,903 [main] DEBUG org.activiti.engine.impl.persistence.entity.ExecutionEntity.insertExecution  - &lt;==    Updates: 1
10:47:16,903 [main] DEBUG org.activiti.engine.impl.cfg.standalone.StandaloneMybatisTransactionContext  - firing event committing...
10:47:16,903 [main] DEBUG org.activiti.engine.impl.cfg.standalone.StandaloneMybatisTransactionContext  - committing the ibatis sql session...
10:47:16,903 [main] DEBUG org.apache.ibatis.transaction.jdbc.JdbcTransaction  - Committing JDBC Connection [conn4: url=jdbc:h2:mem:activiti user=SA]
10:47:16,903 [main] DEBUG org.activiti.engine.impl.cfg.standalone.StandaloneMybatisTransactionContext  - firing event committed...
10:47:16,903 [main] DEBUG org.apache.ibatis.transaction.jdbc.JdbcTransaction  - Resetting autocommit to true on JDBC Connection [conn4: url=jdbc:h2:mem:activiti user=SA]
10:47:16,903 [main] DEBUG org.apache.ibatis.transaction.jdbc.JdbcTransaction  - Closing JDBC Connection [conn4: url=jdbc:h2:mem:activiti user=SA]
10:47:16,903 [main] DEBUG org.apache.ibatis.datasource.pooled.PooledDataSource  - Returned connection 297240765 to pool.
10:47:16,903 [main] DEBUG org.activiti.engine.impl.interceptor.LogInterceptor  - --- StartProcessInstanceCmd finished --------------------------------------------------------
10:47:16,903 [main] DEBUG org.activiti.engine.impl.interceptor.LogInterceptor  - 

10:47:16,905 [main] DEBUG org.activiti.engine.impl.interceptor.LogInterceptor  - 

10:47:16,905 [main] DEBUG org.activiti.engine.impl.interceptor.LogInterceptor  - --- starting SetProcessDefinitionVersionCmd --------------------------------------------------------
10:47:16,905 [main] DEBUG org.apache.ibatis.transaction.jdbc.JdbcTransaction  - Opening JDBC Connection
10:47:16,905 [main] DEBUG org.apache.ibatis.datasource.pooled.PooledDataSource  - Checked out connection 363509958 from pool.
10:47:16,905 [main] DEBUG org.apache.ibatis.transaction.jdbc.JdbcTransaction  - Setting autocommit to false on JDBC Connection [conn2: url=jdbc:h2:mem:activiti user=SA]
10:47:16,905 [main] DEBUG org.activiti.engine.impl.persistence.entity.ExecutionEntity.selectExecution  - ==&gt;  Preparing: select * from ACT_RU_EXECUTION where ID_ = ? 
10:47:16,905 [main] DEBUG org.activiti.engine.impl.persistence.entity.ExecutionEntity.selectExecution  - ==&gt; Parameters: 683(String)
10:47:16,905 [main] DEBUG org.activiti.engine.impl.persistence.entity.ExecutionEntity.selectExecution  - &lt;==      Total: 1
10:47:16,905 [main] DEBUG org.activiti.engine.impl.persistence.entity.ProcessDefinitionEntity.selectProcessDefinitionsByQueryCriteria  - ==&gt;  Preparing: select RES.* from ACT_RE_PROCDEF RES WHERE RES.KEY_ = ? and RES.VERSION_ = ? order by order by RES.ID_ asc LIMIT ? OFFSET ? 
10:47:16,905 [main] DEBUG org.activiti.engine.impl.interceptor.CommandContext  - Error while closing command context
org.apache.ibatis.exceptions.PersistenceException: 
### Error querying database.  Cause: org.h2.jdbc.JdbcSQLException: Syntax error in SQL statement &quot;SELECT RES.* 
       
    FROM ACT_RE_PROCDEF RES
     
     WHERE  RES.KEY_ = ?
      
      
      
      
      
        AND RES.VERSION_ = ? 
   
     ORDER BY  ORDER[*] BY RES.ID_ ASC  
    LIMIT ? OFFSET ? &quot;; expected &quot;=, NOT, EXISTS, INTERSECTS, SELECT, FROM&quot;; SQL statement:
select RES.* 
       
    from ACT_RE_PROCDEF RES
     
     WHERE  RES.KEY_ = ?
      
      
      
      
      
        and RES.VERSION_ = ? 
   
     order by  order by RES.ID_ asc  
    LIMIT ? OFFSET ? [42001-176]
### The error may exist in org/activiti/db/mapping/entity/ProcessDefinition.xml
### The error may involve org.activiti.engine.impl.persistence.entity.ProcessDefinitionEntity.selectProcessDefinitionsByQueryCriteria
### The error occurred while executing a query
### SQL: select RES.*              from ACT_RE_PROCDEF RES            WHERE  RES.KEY_ = ?                                            and RES.VERSION_ = ?           order by  order by RES.ID_ asc       LIMIT ? OFFSET ?
### Cause: org.h2.jdbc.JdbcSQLException: Syntax error in SQL statement &quot;SELECT RES.* 
       
    FROM ACT_RE_PROCDEF RES
     
     WHERE  RES.KEY_ = ?
      
      
      
      
      
        AND RES.VERSION_ = ? 
   
     ORDER BY  ORDER[*] BY RES.ID_ ASC  
    LIMIT ? OFFSET ? &quot;; expected &quot;=, NOT, EXISTS, INTERSECTS, SELECT, FROM&quot;; SQL statement:
select RES.* 
       
    from ACT_RE_PROCDEF RES
     
     WHERE  RES.KEY_ = ?
      
      
      
      
      
        and RES.VERSION_ = ? 
   
     order by  order by RES.ID_ asc  
    LIMIT ? OFFSET ? [42001-176]
	at org.apache.ibatis.exceptions.ExceptionFactory.wrapException(ExceptionFactory.java:30)
	at org.apache.ibatis.session.defaults.DefaultSqlSession.selectList(DefaultSqlSession.java:122)
	at org.apache.ibatis.session.defaults.DefaultSqlSession.selectList(DefaultSqlSession.java:113)
	at org.activiti.engine.impl.db.DbSqlSession.selectListWithRawParameter(DbSqlSession.java:438)
	at org.activiti.engine.impl.db.DbSqlSession.selectList(DbSqlSession.java:429)
	at org.activiti.engine.impl.db.DbSqlSession.selectList(DbSqlSession.java:419)
	at org.activiti.engine.impl.persistence.entity.ProcessDefinitionEntityManager.findProcessDefinitionsByQueryCriteria(ProcessDefinitionEntityManager.java:57)
	at org.activiti.engine.impl.persistence.entity.ProcessDefinitionEntityManager.findProcessDefinitionByKeyAndVersion(ProcessDefinitionEntityManager.java:94)
	at org.activiti.engine.impl.persistence.deploy.DeploymentManager.findDeployedProcessDefinitionByKeyAndVersion(DeploymentManager.java:147)
	at org.activiti.engine.impl.cmd.SetProcessDefinitionVersionCmd.execute(SetProcessDefinitionVersionCmd.java:108)
	at org.activiti.engine.impl.cmd.SetProcessDefinitionVersionCmd.execute(SetProcessDefinitionVersionCmd.java:59)
	at org.activiti.engine.impl.interceptor.CommandInvoker.execute(CommandInvoker.java:24)
	at org.activiti.engine.impl.interceptor.CommandContextInterceptor.execute(CommandContextInterceptor.java:57)
	at org.activiti.engine.impl.interceptor.LogInterceptor.execute(LogInterceptor.java:37)
	at org.activiti.engine.impl.cfg.CommandExecutorImpl.execute(CommandExecutorImpl.java:40)
	at org.activiti.engine.impl.cfg.CommandExecutorImpl.execute(CommandExecutorImpl.java:35)
	at org.activiti.engine.test.db.ProcessInstanceMigrationTest.testSetProcessDefinitionVersionNonExistingPD(ProcessInstanceMigrationTest.java:114)
	at sun.reflect.NativeMethodAccessorImpl.invoke0(Native Method)
	at sun.reflect.NativeMethodAccessorImpl.invoke(NativeMethodAccessorImpl.java:62)
	at sun.reflect.DelegatingMethodAccessorImpl.invoke(DelegatingMethodAccessorImpl.java:43)
	at java.lang.reflect.Method.invoke(Method.java:498)
	at junit.framework.TestCase.runTest(TestCase.java:176)
	at org.activiti.engine.impl.test.PvmTestCase.runTest(PvmTestCase.java:65)
	at junit.framework.TestCase.runBare(TestCase.java:141)
	at org.activiti.engine.impl.test.AbstractActivitiTestCase.runBare(AbstractActivitiTestCase.java:100)
	at junit.framework.TestResult$1.protect(TestResult.java:122)
	at junit.framework.TestResult.runProtected(TestResult.java:142)
	at junit.framework.TestResult.run(TestResult.java:125)
	at junit.framework.TestCase.run(TestCase.java:129)
	at junit.framework.TestSuite.runTest(TestSuite.java:255)
	at junit.framework.TestSuite.run(TestSuite.java:250)
	at org.junit.internal.runners.JUnit38ClassRunner.run(JUnit38ClassRunner.java:84)
	at org.apache.maven.surefire.junit4.JUnit4TestSet.execute(JUnit4TestSet.java:35)
	at org.apache.maven.surefire.junit4.JUnit4Provider.executeTestSet(JUnit4Provider.java:146)
	at org.apache.maven.surefire.junit4.JUnit4Provider.invoke(JUnit4Provider.java:97)
	at sun.reflect.NativeMethodAccessorImpl.invoke0(Native Method)
	at sun.reflect.NativeMethodAccessorImpl.invoke(NativeMethodAccessorImpl.java:62)
	at sun.reflect.DelegatingMethodAccessorImpl.invoke(DelegatingMethodAccessorImpl.java:43)
	at java.lang.reflect.Method.invoke(Method.java:498)
	at org.apache.maven.surefire.booter.ProviderFactory$ClassLoaderProxy.invoke(ProviderFactory.java:103)
	at com.sun.proxy.$Proxy0.invoke(Unknown Source)
	at org.apache.maven.surefire.booter.SurefireStarter.invokeProvider(SurefireStarter.java:145)
	at org.apache.maven.surefire.booter.SurefireStarter.runSuitesInProcess(SurefireStarter.java:87)
	at org.apache.maven.surefire.booter.ForkedBooter.main(ForkedBooter.java:69)
Caused by: org.h2.jdbc.JdbcSQLException: Syntax error in SQL statement &quot;SELECT RES.* 
       
    FROM ACT_RE_PROCDEF RES
     
     WHERE  RES.KEY_ = ?
      
      
      
      
      
        AND RES.VERSION_ = ? 
   
     ORDER BY  ORDER[*] BY RES.ID_ ASC  
    LIMIT ? OFFSET ? &quot;; expected &quot;=, NOT, EXISTS, INTERSECTS, SELECT, FROM&quot;; SQL statement:
select RES.* 
       
    from ACT_RE_PROCDEF RES
     
     WHERE  RES.KEY_ = ?
      
      
      
      
      
        and RES.VERSION_ = ? 
   
     order by  order by RES.ID_ asc  
    LIMIT ? OFFSET ? [42001-176]
	at org.h2.message.DbException.getJdbcSQLException(DbException.java:344)
	at org.h2.message.DbException.getSyntaxError(DbException.java:204)
	at org.h2.command.Parser.getSyntaxError(Parser.java:524)
	at org.h2.command.Parser.readTerm(Parser.java:2688)
	at org.h2.command.Parser.readFactor(Parser.java:2244)
	at org.h2.command.Parser.readSum(Parser.java:2231)
	at org.h2.command.Parser.readConcat(Parser.java:2201)
	at org.h2.command.Parser.readCondition(Parser.java:2051)
	at org.h2.command.Parser.readAnd(Parser.java:2023)
	at org.h2.command.Parser.readExpression(Parser.java:2015)
	at org.h2.command.Parser.parseEndOfQuery(Parser.java:1726)
	at org.h2.command.Parser.parseSelectUnionExtension(Parser.java:1706)
	at org.h2.command.Parser.parseSelectUnion(Parser.java:1675)
	at org.h2.command.Parser.parseSelect(Parser.java:1662)
	at org.h2.command.Parser.parsePrepared(Parser.java:434)
	at org.h2.command.Parser.parse(Parser.java:306)
	at org.h2.command.Parser.parse(Parser.java:282)
	at org.h2.command.Parser.prepareCommand(Parser.java:243)
	at org.h2.engine.Session.prepareLocal(Session.java:442)
	at org.h2.engine.Session.prepareCommand(Session.java:384)
	at org.h2.jdbc.JdbcConnection.prepareCommand(JdbcConnection.java:1188)
	at org.h2.jdbc.JdbcPreparedStatement.&lt;init&gt;(JdbcPreparedStatement.java:73)
	at org.h2.jdbc.JdbcConnection.prepareStatement(JdbcConnection.java:276)
	at sun.reflect.GeneratedMethodAccessor6.invoke(Unknown Source)
	at sun.reflect.DelegatingMethodAccessorImpl.invoke(DelegatingMethodAccessorImpl.java:43)
	at java.lang.reflect.Method.invoke(Method.java:498)
	at org.apache.ibatis.datasource.pooled.PooledConnection.invoke(PooledConnection.java:245)
	at com.sun.proxy.$Proxy12.prepareStatement(Unknown Source)
	at sun.reflect.GeneratedMethodAccessor6.invoke(Unknown Source)
	at sun.reflect.DelegatingMethodAccessorImpl.invoke(DelegatingMethodAccessorImpl.java:43)
	at java.lang.reflect.Method.invoke(Method.java:498)
	at org.apache.ibatis.logging.jdbc.ConnectionLogger.invoke(ConnectionLogger.java:55)
	at com.sun.proxy.$Proxy12.prepareStatement(Unknown Source)
	at org.apache.ibatis.executor.statement.PreparedStatementHandler.instantiateStatement(PreparedStatementHandler.java:79)
	at org.apache.ibatis.executor.statement.BaseStatementHandler.prepare(BaseStatementHandler.java:88)
	at org.apache.ibatis.executor.statement.RoutingStatementHandler.prepare(RoutingStatementHandler.java:58)
	at org.apache.ibatis.executor.SimpleExecutor.prepareStatement(SimpleExecutor.java:76)
	at org.apache.ibatis.executor.SimpleExecutor.doQuery(SimpleExecutor.java:61)
	at org.apache.ibatis.executor.BaseExecutor.queryFromDatabase(BaseExecutor.java:303)
	at org.apache.ibatis.executor.BaseExecutor.query(BaseExecutor.java:154)
	at org.apache.ibatis.executor.CachingExecutor.query(CachingExecutor.java:102)
	at org.apache.ibatis.executor.CachingExecutor.query(CachingExecutor.java:82)
	at org.apache.ibatis.session.defaults.DefaultSqlSession.selectList(DefaultSqlSession.java:120)
	... 42 more
10:47:16,905 [main] DEBUG org.activiti.engine.impl.cfg.standalone.StandaloneMybatisTransactionContext  - firing event rolling back...
10:47:16,905 [main] DEBUG org.activiti.engine.impl.cfg.standalone.StandaloneMybatisTransactionContext  - rolling back ibatis sql session...
10:47:16,906 [main] DEBUG org.activiti.engine.impl.cfg.standalone.StandaloneMybatisTransactionContext  - firing event rolled back...
10:47:16,906 [main] DEBUG org.apache.ibatis.transaction.jdbc.JdbcTransaction  - Resetting autocommit to true on JDBC Connection [conn2: url=jdbc:h2:mem:activiti user=SA]
10:47:16,906 [main] DEBUG org.apache.ibatis.transaction.jdbc.JdbcTransaction  - Closing JDBC Connection [conn2: url=jdbc:h2:mem:activiti user=SA]
10:47:16,906 [main] DEBUG org.apache.ibatis.datasource.pooled.PooledDataSource  - Returned connection 363509958 to pool.
10:47:16,906 [main] DEBUG org.activiti.engine.impl.interceptor.LogInterceptor  - --- SetProcessDefinitionVersionCmd finished --------------------------------------------------------
10:47:16,906 [main] DEBUG org.activiti.engine.impl.interceptor.LogInterceptor  - 

10:47:16,906 [main] ERROR org.activiti.engine.impl.test.PvmTestCase  - 

10:47:16,906 [main] ERROR org.activiti.engine.impl.test.PvmTestCase  - EXCEPTION: org.apache.ibatis.exceptions.PersistenceException: 
### Error querying database.  Cause: org.h2.jdbc.JdbcSQLException: Syntax error in SQL statement &quot;SELECT RES.* 
       
    FROM ACT_RE_PROCDEF RES
     
     WHERE  RES.KEY_ = ?
      
      
      
      
      
        AND RES.VERSION_ = ? 
   
     ORDER BY  ORDER[*] BY RES.ID_ ASC  
    LIMIT ? OFFSET ? &quot;; expected &quot;=, NOT, EXISTS, INTERSECTS, SELECT, FROM&quot;; SQL statement:
select RES.* 
       
    from ACT_RE_PROCDEF RES
     
     WHERE  RES.KEY_ = ?
      
      
      
      
      
        and RES.VERSION_ = ? 
   
     order by  order by RES.ID_ asc  
    LIMIT ? OFFSET ? [42001-176]
### The error may exist in org/activiti/db/mapping/entity/ProcessDefinition.xml
### The error may involve org.activiti.engine.impl.persistence.entity.ProcessDefinitionEntity.selectProcessDefinitionsByQueryCriteria
### The error occurred while executing a query
### SQL: select RES.*              from ACT_RE_PROCDEF RES            WHERE  RES.KEY_ = ?                                            and RES.VERSION_ = ?           order by  order by RES.ID_ asc       LIMIT ? OFFSET ?
### Cause: org.h2.jdbc.JdbcSQLException: Syntax error in SQL statement &quot;SELECT RES.* 
       
    FROM ACT_RE_PROCDEF RES
     
     WHERE  RES.KEY_ = ?
      
      
      
      
      
        AND RES.VERSION_ = ? 
   
     ORDER BY  ORDER[*] BY RES.ID_ ASC  
    LIMIT ? OFFSET ? &quot;; expected &quot;=, NOT, EXISTS, INTERSECTS, SELECT, FROM&quot;; SQL statement:
select RES.* 
       
    from ACT_RE_PROCDEF RES
     
     WHERE  RES.KEY_ = ?
      
      
      
      
      
        and RES.VERSION_ = ? 
   
     order by  order by RES.ID_ asc  
    LIMIT ? OFFSET ? [42001-176]
org.apache.ibatis.exceptions.PersistenceException: 
### Error querying database.  Cause: org.h2.jdbc.JdbcSQLException: Syntax error in SQL statement &quot;SELECT RES.* 
       
    FROM ACT_RE_PROCDEF RES
     
     WHERE  RES.KEY_ = ?
      
      
      
      
      
        AND RES.VERSION_ = ? 
   
     ORDER BY  ORDER[*] BY RES.ID_ ASC  
    LIMIT ? OFFSET ? &quot;; expected &quot;=, NOT, EXISTS, INTERSECTS, SELECT, FROM&quot;; SQL statement:
select RES.* 
       
    from ACT_RE_PROCDEF RES
     
     WHERE  RES.KEY_ = ?
      
      
      
      
      
        and RES.VERSION_ = ? 
   
     order by  order by RES.ID_ asc  
    LIMIT ? OFFSET ? [42001-176]
### The error may exist in org/activiti/db/mapping/entity/ProcessDefinition.xml
### The error may involve org.activiti.engine.impl.persistence.entity.ProcessDefinitionEntity.selectProcessDefinitionsByQueryCriteria
### The error occurred while executing a query
### SQL: select RES.*              from ACT_RE_PROCDEF RES            WHERE  RES.KEY_ = ?                                            and RES.VERSION_ = ?           order by  order by RES.ID_ asc       LIMIT ? OFFSET ?
### Cause: org.h2.jdbc.JdbcSQLException: Syntax error in SQL statement &quot;SELECT RES.* 
       
    FROM ACT_RE_PROCDEF RES
     
     WHERE  RES.KEY_ = ?
      
      
      
      
      
        AND RES.VERSION_ = ? 
   
     ORDER BY  ORDER[*] BY RES.ID_ ASC  
    LIMIT ? OFFSET ? &quot;; expected &quot;=, NOT, EXISTS, INTERSECTS, SELECT, FROM&quot;; SQL statement:
select RES.* 
       
    from ACT_RE_PROCDEF RES
     
     WHERE  RES.KEY_ = ?
      
      
      
      
      
        and RES.VERSION_ = ? 
   
     order by  order by RES.ID_ asc  
    LIMIT ? OFFSET ? [42001-176]
	at org.apache.ibatis.exceptions.ExceptionFactory.wrapException(ExceptionFactory.java:30)
	at org.apache.ibatis.session.defaults.DefaultSqlSession.selectList(DefaultSqlSession.java:122)
	at org.apache.ibatis.session.defaults.DefaultSqlSession.selectList(DefaultSqlSession.java:113)
	at org.activiti.engine.impl.db.DbSqlSession.selectListWithRawParameter(DbSqlSession.java:438)
	at org.activiti.engine.impl.db.DbSqlSession.selectList(DbSqlSession.java:429)
	at org.activiti.engine.impl.db.DbSqlSession.selectList(DbSqlSession.java:419)
	at org.activiti.engine.impl.persistence.entity.ProcessDefinitionEntityManager.findProcessDefinitionsByQueryCriteria(ProcessDefinitionEntityManager.java:57)
	at org.activiti.engine.impl.persistence.entity.ProcessDefinitionEntityManager.findProcessDefinitionByKeyAndVersion(ProcessDefinitionEntityManager.java:94)
	at org.activiti.engine.impl.persistence.deploy.DeploymentManager.findDeployedProcessDefinitionByKeyAndVersion(DeploymentManager.java:147)
	at org.activiti.engine.impl.cmd.SetProcessDefinitionVersionCmd.execute(SetProcessDefinitionVersionCmd.java:108)
	at org.activiti.engine.impl.cmd.SetProcessDefinitionVersionCmd.execute(SetProcessDefinitionVersionCmd.java:59)
	at org.activiti.engine.impl.interceptor.CommandInvoker.execute(CommandInvoker.java:24)
	at org.activiti.engine.impl.interceptor.CommandContextInterceptor.execute(CommandContextInterceptor.java:57)
	at org.activiti.engine.impl.interceptor.LogInterceptor.execute(LogInterceptor.java:37)
	at org.activiti.engine.impl.cfg.CommandExecutorImpl.execute(CommandExecutorImpl.java:40)
	at org.activiti.engine.impl.cfg.CommandExecutorImpl.execute(CommandExecutorImpl.java:35)
	at org.activiti.engine.test.db.ProcessInstanceMigrationTest.testSetProcessDefinitionVersionNonExistingPD(ProcessInstanceMigrationTest.java:114)
	at sun.reflect.NativeMethodAccessorImpl.invoke0(Native Method)
	at sun.reflect.NativeMethodAccessorImpl.invoke(NativeMethodAccessorImpl.java:62)
	at sun.reflect.DelegatingMethodAccessorImpl.invoke(DelegatingMethodAccessorImpl.java:43)
	at java.lang.reflect.Method.invoke(Method.java:498)
	at junit.framework.TestCase.runTest(TestCase.java:176)
	at org.activiti.engine.impl.test.PvmTestCase.runTest(PvmTestCase.java:65)
	at junit.framework.TestCase.runBare(TestCase.java:141)
	at org.activiti.engine.impl.test.AbstractActivitiTestCase.runBare(AbstractActivitiTestCase.java:100)
	at junit.framework.TestResult$1.protect(TestResult.java:122)
	at junit.framework.TestResult.runProtected(TestResult.java:142)
	at junit.framework.TestResult.run(TestResult.java:125)
	at junit.framework.TestCase.run(TestCase.java:129)
	at junit.framework.TestSuite.runTest(TestSuite.java:255)
	at junit.framework.TestSuite.run(TestSuite.java:250)
	at org.junit.internal.runners.JUnit38ClassRunner.run(JUnit38ClassRunner.java:84)
	at org.apache.maven.surefire.junit4.JUnit4TestSet.execute(JUnit4TestSet.java:35)
	at org.apache.maven.surefire.junit4.JUnit4Provider.executeTestSet(JUnit4Provider.java:146)
	at org.apache.maven.surefire.junit4.JUnit4Provider.invoke(JUnit4Provider.java:97)
	at sun.reflect.NativeMethodAccessorImpl.invoke0(Native Method)
	at sun.reflect.NativeMethodAccessorImpl.invoke(NativeMethodAccessorImpl.java:62)
	at sun.reflect.DelegatingMethodAccessorImpl.invoke(DelegatingMethodAccessorImpl.java:43)
	at java.lang.reflect.Method.invoke(Method.java:498)
	at org.apache.maven.surefire.booter.ProviderFactory$ClassLoaderProxy.invoke(ProviderFactory.java:103)
	at com.sun.proxy.$Proxy0.invoke(Unknown Source)
	at org.apache.maven.surefire.booter.SurefireStarter.invokeProvider(SurefireStarter.java:145)
	at org.apache.maven.surefire.booter.SurefireStarter.runSuitesInProcess(SurefireStarter.java:87)
	at org.apache.maven.surefire.booter.ForkedBooter.main(ForkedBooter.java:69)
Caused by: org.h2.jdbc.JdbcSQLException: Syntax error in SQL statement &quot;SELECT RES.* 
       
    FROM ACT_RE_PROCDEF RES
     
     WHERE  RES.KEY_ = ?
      
      
      
      
      
        AND RES.VERSION_ = ? 
   
     ORDER BY  ORDER[*] BY RES.ID_ ASC  
    LIMIT ? OFFSET ? &quot;; expected &quot;=, NOT, EXISTS, INTERSECTS, SELECT, FROM&quot;; SQL statement:
select RES.* 
       
    from ACT_RE_PROCDEF RES
     
     WHERE  RES.KEY_ = ?
      
      
      
      
      
        and RES.VERSION_ = ? 
   
     order by  order by RES.ID_ asc  
    LIMIT ? OFFSET ? [42001-176]
	at org.h2.message.DbException.getJdbcSQLException(DbException.java:344)
	at org.h2.message.DbException.getSyntaxError(DbException.java:204)
	at org.h2.command.Parser.getSyntaxError(Parser.java:524)
	at org.h2.command.Parser.readTerm(Parser.java:2688)
	at org.h2.command.Parser.readFactor(Parser.java:2244)
	at org.h2.command.Parser.readSum(Parser.java:2231)
	at org.h2.command.Parser.readConcat(Parser.java:2201)
	at org.h2.command.Parser.readCondition(Parser.java:2051)
	at org.h2.command.Parser.readAnd(Parser.java:2023)
	at org.h2.command.Parser.readExpression(Parser.java:2015)
	at org.h2.command.Parser.parseEndOfQuery(Parser.java:1726)
	at org.h2.command.Parser.parseSelectUnionExtension(Parser.java:1706)
	at org.h2.command.Parser.parseSelectUnion(Parser.java:1675)
	at org.h2.command.Parser.parseSelect(Parser.java:1662)
	at org.h2.command.Parser.parsePrepared(Parser.java:434)
	at org.h2.command.Parser.parse(Parser.java:306)
	at org.h2.command.Parser.parse(Parser.java:282)
	at org.h2.command.Parser.prepareCommand(Parser.java:243)
	at org.h2.engine.Session.prepareLocal(Session.java:442)
	at org.h2.engine.Session.prepareCommand(Session.java:384)
	at org.h2.jdbc.JdbcConnection.prepareCommand(JdbcConnection.java:1188)
	at org.h2.jdbc.JdbcPreparedStatement.&lt;init&gt;(JdbcPreparedStatement.java:73)
	at org.h2.jdbc.JdbcConnection.prepareStatement(JdbcConnection.java:276)
	at sun.reflect.GeneratedMethodAccessor6.invoke(Unknown Source)
	at sun.reflect.DelegatingMethodAccessorImpl.invoke(DelegatingMethodAccessorImpl.java:43)
	at java.lang.reflect.Method.invoke(Method.java:498)
	at org.apache.ibatis.datasource.pooled.PooledConnection.invoke(PooledConnection.java:245)
	at com.sun.proxy.$Proxy12.prepareStatement(Unknown Source)
	at sun.reflect.GeneratedMethodAccessor6.invoke(Unknown Source)
	at sun.reflect.DelegatingMethodAccessorImpl.invoke(DelegatingMethodAccessorImpl.java:43)
	at java.lang.reflect.Method.invoke(Method.java:498)
	at org.apache.ibatis.logging.jdbc.ConnectionLogger.invoke(ConnectionLogger.java:55)
	at com.sun.proxy.$Proxy12.prepareStatement(Unknown Source)
	at org.apache.ibatis.executor.statement.PreparedStatementHandler.instantiateStatement(PreparedStatementHandler.java:79)
	at org.apache.ibatis.executor.statement.BaseStatementHandler.prepare(BaseStatementHandler.java:88)
	at org.apache.ibatis.executor.statement.RoutingStatementHandler.prepare(RoutingStatementHandler.java:58)
	at org.apache.ibatis.executor.SimpleExecutor.prepareStatement(SimpleExecutor.java:76)
	at org.apache.ibatis.executor.SimpleExecutor.doQuery(SimpleExecutor.java:61)
	at org.apache.ibatis.executor.BaseExecutor.queryFromDatabase(BaseExecutor.java:303)
	at org.apache.ibatis.executor.BaseExecutor.query(BaseExecutor.java:154)
	at org.apache.ibatis.executor.CachingExecutor.query(CachingExecutor.java:102)
	at org.apache.ibatis.executor.CachingExecutor.query(CachingExecutor.java:82)
	at org.apache.ibatis.session.defaults.DefaultSqlSession.selectList(DefaultSqlSession.java:120)
	... 42 more
10:47:16,906 [main] DEBUG org.activiti.engine.impl.test.PvmTestCase  - #### END ProcessInstanceMigrationTest.testSetProcessDefinitionVersionNonExistingPD #############################################################
10:47:16,906 [main] ERROR org.activiti.engine.impl.test.PvmTestCase  - 

10:47:16,906 [main] ERROR org.activiti.engine.impl.test.PvmTestCase  - EXCEPTION: org.apache.ibatis.exceptions.PersistenceException: 
### Error querying database.  Cause: org.h2.jdbc.JdbcSQLException: Syntax error in SQL statement &quot;SELECT RES.* 
       
    FROM ACT_RE_PROCDEF RES
     
     WHERE  RES.KEY_ = ?
      
      
      
      
      
        AND RES.VERSION_ = ? 
   
     ORDER BY  ORDER[*] BY RES.ID_ ASC  
    LIMIT ? OFFSET ? &quot;; expected &quot;=, NOT, EXISTS, INTERSECTS, SELECT, FROM&quot;; SQL statement:
select RES.* 
       
    from ACT_RE_PROCDEF RES
     
     WHERE  RES.KEY_ = ?
      
      
      
      
      
        and RES.VERSION_ = ? 
   
     order by  order by RES.ID_ asc  
    LIMIT ? OFFSET ? [42001-176]
### The error may exist in org/activiti/db/mapping/entity/ProcessDefinition.xml
### The error may involve org.activiti.engine.impl.persistence.entity.ProcessDefinitionEntity.selectProcessDefinitionsByQueryCriteria
### The error occurred while executing a query
### SQL: select RES.*              from ACT_RE_PROCDEF RES            WHERE  RES.KEY_ = ?                                            and RES.VERSION_ = ?           order by  order by RES.ID_ asc       LIMIT ? OFFSET ?
### Cause: org.h2.jdbc.JdbcSQLException: Syntax error in SQL statement &quot;SELECT RES.* 
       
    FROM ACT_RE_PROCDEF RES
     
     WHERE  RES.KEY_ = ?
      
      
      
      
      
        AND RES.VERSION_ = ? 
   
     ORDER BY  ORDER[*] BY RES.ID_ ASC  
    LIMIT ? OFFSET ? &quot;; expected &quot;=, NOT, EXISTS, INTERSECTS, SELECT, FROM&quot;; SQL statement:
select RES.* 
       
    from ACT_RE_PROCDEF RES
     
     WHERE  RES.KEY_ = ?
      
      
      
      
      
        and RES.VERSION_ = ? 
   
     order by  order by RES.ID_ asc  
    LIMIT ? OFFSET ? [42001-176]
org.apache.ibatis.exceptions.PersistenceException: 
### Error querying database.  Cause: org.h2.jdbc.JdbcSQLException: Syntax error in SQL statement &quot;SELECT RES.* 
       
    FROM ACT_RE_PROCDEF RES
     
     WHERE  RES.KEY_ = ?
      
      
      
      
      
        AND RES.VERSION_ = ? 
   
     ORDER BY  ORDER[*] BY RES.ID_ ASC  
    LIMIT ? OFFSET ? &quot;; expected &quot;=, NOT, EXISTS, INTERSECTS, SELECT, FROM&quot;; SQL statement:
select RES.* 
       
    from ACT_RE_PROCDEF RES
     
     WHERE  RES.KEY_ = ?
      
      
      
      
      
        and RES.VERSION_ = ? 
   
     order by  order by RES.ID_ asc  
    LIMIT ? OFFSET ? [42001-176]
### The error may exist in org/activiti/db/mapping/entity/ProcessDefinition.xml
### The error may involve org.activiti.engine.impl.persistence.entity.ProcessDefinitionEntity.selectProcessDefinitionsByQueryCriteria
### The error occurred while executing a query
### SQL: select RES.*              from ACT_RE_PROCDEF RES            WHERE  RES.KEY_ = ?                                            and RES.VERSION_ = ?           order by  order by RES.ID_ asc       LIMIT ? OFFSET ?
### Cause: org.h2.jdbc.JdbcSQLException: Syntax error in SQL statement &quot;SELECT RES.* 
       
    FROM ACT_RE_PROCDEF RES
     
     WHERE  RES.KEY_ = ?
      
      
      
      
      
        AND RES.VERSION_ = ? 
   
     ORDER BY  ORDER[*] BY RES.ID_ ASC  
    LIMIT ? OFFSET ? &quot;; expected &quot;=, NOT, EXISTS, INTERSECTS, SELECT, FROM&quot;; SQL statement:
select RES.* 
       
    from ACT_RE_PROCDEF RES
     
     WHERE  RES.KEY_ = ?
      
      
      
      
      
        and RES.VERSION_ = ? 
   
     order by  order by RES.ID_ asc  
    LIMIT ? OFFSET ? [42001-176]
	at org.apache.ibatis.exceptions.ExceptionFactory.wrapException(ExceptionFactory.java:30)
	at org.apache.ibatis.session.defaults.DefaultSqlSession.selectList(DefaultSqlSession.java:122)
	at org.apache.ibatis.session.defaults.DefaultSqlSession.selectList(DefaultSqlSession.java:113)
	at org.activiti.engine.impl.db.DbSqlSession.selectListWithRawParameter(DbSqlSession.java:438)
	at org.activiti.engine.impl.db.DbSqlSession.selectList(DbSqlSession.java:429)
	at org.activiti.engine.impl.db.DbSqlSession.selectList(DbSqlSession.java:419)
	at org.activiti.engine.impl.persistence.entity.ProcessDefinitionEntityManager.findProcessDefinitionsByQueryCriteria(ProcessDefinitionEntityManager.java:57)
	at org.activiti.engine.impl.persistence.entity.ProcessDefinitionEntityManager.findProcessDefinitionByKeyAndVersion(ProcessDefinitionEntityManager.java:94)
	at org.activiti.engine.impl.persistence.deploy.DeploymentManager.findDeployedProcessDefinitionByKeyAndVersion(DeploymentManager.java:147)
	at org.activiti.engine.impl.cmd.SetProcessDefinitionVersionCmd.execute(SetProcessDefinitionVersionCmd.java:108)
	at org.activiti.engine.impl.cmd.SetProcessDefinitionVersionCmd.execute(SetProcessDefinitionVersionCmd.java:59)
	at org.activiti.engine.impl.interceptor.CommandInvoker.execute(CommandInvoker.java:24)
	at org.activiti.engine.impl.interceptor.CommandContextInterceptor.execute(CommandContextInterceptor.java:57)
	at org.activiti.engine.impl.interceptor.LogInterceptor.execute(LogInterceptor.java:37)
	at org.activiti.engine.impl.cfg.CommandExecutorImpl.execute(CommandExecutorImpl.java:40)
	at org.activiti.engine.impl.cfg.CommandExecutorImpl.execute(CommandExecutorImpl.java:35)
	at org.activiti.engine.test.db.ProcessInstanceMigrationTest.testSetProcessDefinitionVersionNonExistingPD(ProcessInstanceMigrationTest.java:114)
	at sun.reflect.NativeMethodAccessorImpl.invoke0(Native Method)
	at sun.reflect.NativeMethodAccessorImpl.invoke(NativeMethodAccessorImpl.java:62)
	at sun.reflect.DelegatingMethodAccessorImpl.invoke(DelegatingMethodAccessorImpl.java:43)
	at java.lang.reflect.Method.invoke(Method.java:498)
	at junit.framework.TestCase.runTest(TestCase.java:176)
	at org.activiti.engine.impl.test.PvmTestCase.runTest(PvmTestCase.java:65)
	at junit.framework.TestCase.runBare(TestCase.java:141)
	at org.activiti.engine.impl.test.AbstractActivitiTestCase.runBare(AbstractActivitiTestCase.java:100)
	at junit.framework.TestResult$1.protect(TestResult.java:122)
	at junit.framework.TestResult.runProtected(TestResult.java:142)
	at junit.framework.TestResult.run(TestResult.java:125)
	at junit.framework.TestCase.run(TestCase.java:129)
	at junit.framework.TestSuite.runTest(TestSuite.java:255)
	at junit.framework.TestSuite.run(TestSuite.java:250)
	at org.junit.internal.runners.JUnit38ClassRunner.run(JUnit38ClassRunner.java:84)
	at org.apache.maven.surefire.junit4.JUnit4TestSet.execute(JUnit4TestSet.java:35)
	at org.apache.maven.surefire.junit4.JUnit4Provider.executeTestSet(JUnit4Provider.java:146)
	at org.apache.maven.surefire.junit4.JUnit4Provider.invoke(JUnit4Provider.java:97)
	at sun.reflect.NativeMethodAccessorImpl.invoke0(Native Method)
	at sun.reflect.NativeMethodAccessorImpl.invoke(NativeMethodAccessorImpl.java:62)
	at sun.reflect.DelegatingMethodAccessorImpl.invoke(DelegatingMethodAccessorImpl.java:43)
	at java.lang.reflect.Method.invoke(Method.java:498)
	at org.apache.maven.surefire.booter.ProviderFactory$ClassLoaderProxy.invoke(ProviderFactory.java:103)
	at com.sun.proxy.$Proxy0.invoke(Unknown Source)
	at org.apache.maven.surefire.booter.SurefireStarter.invokeProvider(SurefireStarter.java:145)
	at org.apache.maven.surefire.booter.SurefireStarter.runSuitesInProcess(SurefireStarter.java:87)
	at org.apache.maven.surefire.booter.ForkedBooter.main(ForkedBooter.java:69)
Caused by: org.h2.jdbc.JdbcSQLException: Syntax error in SQL statement &quot;SELECT RES.* 
       
    FROM ACT_RE_PROCDEF RES
     
     WHERE  RES.KEY_ = ?
      
      
      
      
      
        AND RES.VERSION_ = ? 
   
     ORDER BY  ORDER[*] BY RES.ID_ ASC  
    LIMIT ? OFFSET ? &quot;; expected &quot;=, NOT, EXISTS, INTERSECTS, SELECT, FROM&quot;; SQL statement:
select RES.* 
       
    from ACT_RE_PROCDEF RES
     
     WHERE  RES.KEY_ = ?
      
      
      
      
      
        and RES.VERSION_ = ? 
   
     order by  order by RES.ID_ asc  
    LIMIT ? OFFSET ? [42001-176]
	at org.h2.message.DbException.getJdbcSQLException(DbException.java:344)
	at org.h2.message.DbException.getSyntaxError(DbException.java:204)
	at org.h2.command.Parser.getSyntaxError(Parser.java:524)
	at org.h2.command.Parser.readTerm(Parser.java:2688)
	at org.h2.command.Parser.readFactor(Parser.java:2244)
	at org.h2.command.Parser.readSum(Parser.java:2231)
	at org.h2.command.Parser.readConcat(Parser.java:2201)
	at org.h2.command.Parser.readCondition(Parser.java:2051)
	at org.h2.command.Parser.readAnd(Parser.java:2023)
	at org.h2.command.Parser.readExpression(Parser.java:2015)
	at org.h2.command.Parser.parseEndOfQuery(Parser.java:1726)
	at org.h2.command.Parser.parseSelectUnionExtension(Parser.java:1706)
	at org.h2.command.Parser.parseSelectUnion(Parser.java:1675)
	at org.h2.command.Parser.parseSelect(Parser.java:1662)
	at org.h2.command.Parser.parsePrepared(Parser.java:434)
	at org.h2.command.Parser.parse(Parser.java:306)
	at org.h2.command.Parser.parse(Parser.java:282)
	at org.h2.command.Parser.prepareCommand(Parser.java:243)
	at org.h2.engine.Session.prepareLocal(Session.java:442)
	at org.h2.engine.Session.prepareCommand(Session.java:384)
	at org.h2.jdbc.JdbcConnection.prepareCommand(JdbcConnection.java:1188)
	at org.h2.jdbc.JdbcPreparedStatement.&lt;init&gt;(JdbcPreparedStatement.java:73)
	at org.h2.jdbc.JdbcConnection.prepareStatement(JdbcConnection.java:276)
	at sun.reflect.GeneratedMethodAccessor6.invoke(Unknown Source)
	at sun.reflect.DelegatingMethodAccessorImpl.invoke(DelegatingMethodAccessorImpl.java:43)
	at java.lang.reflect.Method.invoke(Method.java:498)
	at org.apache.ibatis.datasource.pooled.PooledConnection.invoke(PooledConnection.java:245)
	at com.sun.proxy.$Proxy12.prepareStatement(Unknown Source)
	at sun.reflect.GeneratedMethodAccessor6.invoke(Unknown Source)
	at sun.reflect.DelegatingMethodAccessorImpl.invoke(DelegatingMethodAccessorImpl.java:43)
	at java.lang.reflect.Method.invoke(Method.java:498)
	at org.apache.ibatis.logging.jdbc.ConnectionLogger.invoke(ConnectionLogger.java:55)
	at com.sun.proxy.$Proxy12.prepareStatement(Unknown Source)
	at org.apache.ibatis.executor.statement.PreparedStatementHandler.instantiateStatement(PreparedStatementHandler.java:79)
	at org.apache.ibatis.executor.statement.BaseStatementHandler.prepare(BaseStatementHandler.java:88)
	at org.apache.ibatis.executor.statement.RoutingStatementHandler.prepare(RoutingStatementHandler.java:58)
	at org.apache.ibatis.executor.SimpleExecutor.prepareStatement(SimpleExecutor.java:76)
	at org.apache.ibatis.executor.SimpleExecutor.doQuery(SimpleExecutor.java:61)
	at org.apache.ibatis.executor.BaseExecutor.queryFromDatabase(BaseExecutor.java:303)
	at org.apache.ibatis.executor.BaseExecutor.query(BaseExecutor.java:154)
	at org.apache.ibatis.executor.CachingExecutor.query(CachingExecutor.java:102)
	at org.apache.ibatis.executor.CachingExecutor.query(CachingExecutor.java:82)
	at org.apache.ibatis.session.defaults.DefaultSqlSession.selectList(DefaultSqlSession.java:120)
	... 42 more
10:47:16,906 [main] DEBUG org.activiti.engine.impl.test.TestHelper  - annotation @Deployment deletes deployment for ProcessInstanceMigrationTest.testSetProcessDefinitionVersionNonExistingPD
10:47:16,906 [main] DEBUG org.activiti.engine.impl.interceptor.LogInterceptor  - 

10:47:16,906 [main] DEBUG org.activiti.engine.impl.interceptor.LogInterceptor  - --- starting DeleteDeploymentCmd --------------------------------------------------------
10:47:16,906 [main] DEBUG org.apache.ibatis.transaction.jdbc.JdbcTransaction  - Opening JDBC Connection
10:47:16,906 [main] DEBUG org.apache.ibatis.datasource.pooled.PooledDataSource  - Checked out connection 180014677 from pool.
10:47:16,906 [main] DEBUG org.apache.ibatis.transaction.jdbc.JdbcTransaction  - Setting autocommit to false on JDBC Connection [conn3: url=jdbc:h2:mem:activiti user=SA]
10:47:16,906 [main] DEBUG org.activiti.engine.impl.persistence.entity.DeploymentEntity.selectDeploymentById  - ==&gt;  Preparing: select * from ACT_RE_DEPLOYMENT where ID_ = ? 
10:47:16,906 [main] DEBUG org.activiti.engine.impl.persistence.entity.DeploymentEntity.selectDeploymentById  - ==&gt; Parameters: 680(String)
10:47:16,906 [main] DEBUG org.activiti.engine.impl.persistence.entity.DeploymentEntity.selectDeploymentById  - &lt;==      Total: 1
10:47:16,906 [main] DEBUG org.activiti.engine.impl.persistence.entity.ProcessDefinitionEntity.selectProcessDefinitionsByQueryCriteria  - ==&gt;  Preparing: select RES.* from ACT_RE_PROCDEF RES WHERE RES.DEPLOYMENT_ID_ = ? order by order by RES.ID_ asc LIMIT ? OFFSET ? 
10:47:16,906 [main] DEBUG org.activiti.engine.impl.interceptor.CommandContext  - Error while closing command context
org.apache.ibatis.exceptions.PersistenceException: 
### Error querying database.  Cause: org.h2.jdbc.JdbcSQLException: Syntax error in SQL statement &quot;SELECT RES.* 
       
    FROM ACT_RE_PROCDEF RES
     
     WHERE  RES.DEPLOYMENT_ID_ = ? 
   
     ORDER BY  ORDER[*] BY RES.ID_ ASC  
    LIMIT ? OFFSET ? &quot;; expected &quot;=, NOT, EXISTS, INTERSECTS, SELECT, FROM&quot;; SQL statement:
select RES.* 
       
    from ACT_RE_PROCDEF RES
     
     WHERE  RES.DEPLOYMENT_ID_ = ? 
   
     order by  order by RES.ID_ asc  
    LIMIT ? OFFSET ? [42001-176]
### The error may exist in org/activiti/db/mapping/entity/ProcessDefinition.xml
### The error may involve org.activiti.engine.impl.persistence.entity.ProcessDefinitionEntity.selectProcessDefinitionsByQueryCriteria
### The error occurred while executing a query
### SQL: select RES.*              from ACT_RE_PROCDEF RES            WHERE  RES.DEPLOYMENT_ID_ = ?           order by  order by RES.ID_ asc       LIMIT ? OFFSET ?
### Cause: org.h2.jdbc.JdbcSQLException: Syntax error in SQL statement &quot;SELECT RES.* 
       
    FROM ACT_RE_PROCDEF RES
     
     WHERE  RES.DEPLOYMENT_ID_ = ? 
   
     ORDER BY  ORDER[*] BY RES.ID_ ASC  
    LIMIT ? OFFSET ? &quot;; expected &quot;=, NOT, EXISTS, INTERSECTS, SELECT, FROM&quot;; SQL statement:
select RES.* 
       
    from ACT_RE_PROCDEF RES
     
     WHERE  RES.DEPLOYMENT_ID_ = ? 
   
     order by  order by RES.ID_ asc  
    LIMIT ? OFFSET ? [42001-176]
	at org.apache.ibatis.exceptions.ExceptionFactory.wrapException(ExceptionFactory.java:30)
	at org.apache.ibatis.session.defaults.DefaultSqlSession.selectList(DefaultSqlSession.java:122)
	at org.apache.ibatis.session.defaults.DefaultSqlSession.selectList(DefaultSqlSession.java:113)
	at org.activiti.engine.impl.db.DbSqlSession.selectListWithRawParameter(DbSqlSession.java:438)
	at org.activiti.engine.impl.db.DbSqlSession.selectList(DbSqlSession.java:429)
	at org.activiti.engine.impl.db.DbSqlSession.selectList(DbSqlSession.java:419)
	at org.activiti.engine.impl.persistence.entity.ProcessDefinitionEntityManager.findProcessDefinitionsByQueryCriteria(ProcessDefinitionEntityManager.java:57)
	at org.activiti.engine.impl.ProcessDefinitionQueryImpl.executeList(ProcessDefinitionQueryImpl.java:307)
	at org.activiti.engine.impl.AbstractQuery.list(AbstractQuery.java:140)
	at org.activiti.engine.impl.persistence.deploy.DeploymentManager.removeDeployment(DeploymentManager.java:187)
	at org.activiti.engine.impl.cmd.DeleteDeploymentCmd.execute(DeleteDeploymentCmd.java:44)
	at org.activiti.engine.impl.cmd.DeleteDeploymentCmd.execute(DeleteDeploymentCmd.java:24)
	at org.activiti.engine.impl.interceptor.CommandInvoker.execute(CommandInvoker.java:24)
	at org.activiti.engine.impl.interceptor.CommandContextInterceptor.execute(CommandContextInterceptor.java:57)
	at org.activiti.engine.impl.interceptor.LogInterceptor.execute(LogInterceptor.java:37)
	at org.activiti.engine.impl.cfg.CommandExecutorImpl.execute(CommandExecutorImpl.java:40)
	at org.activiti.engine.impl.cfg.CommandExecutorImpl.execute(CommandExecutorImpl.java:35)
	at org.activiti.engine.impl.RepositoryServiceImpl.deleteDeployment(RepositoryServiceImpl.java:90)
	at org.activiti.engine.impl.test.TestHelper.annotationDeploymentTearDown(TestHelper.java:116)
	at org.activiti.engine.impl.test.AbstractActivitiTestCase.runBare(AbstractActivitiTestCase.java:116)
	at junit.framework.TestResult$1.protect(TestResult.java:122)
	at junit.framework.TestResult.runProtected(TestResult.java:142)
	at junit.framework.TestResult.run(TestResult.java:125)
	at junit.framework.TestCase.run(TestCase.java:129)
	at junit.framework.TestSuite.runTest(TestSuite.java:255)
	at junit.framework.TestSuite.run(TestSuite.java:250)
	at org.junit.internal.runners.JUnit38ClassRunner.run(JUnit38ClassRunner.java:84)
	at org.apache.maven.surefire.junit4.JUnit4TestSet.execute(JUnit4TestSet.java:35)
	at org.apache.maven.surefire.junit4.JUnit4Provider.executeTestSet(JUnit4Provider.java:146)
	at org.apache.maven.surefire.junit4.JUnit4Provider.invoke(JUnit4Provider.java:97)
	at sun.reflect.NativeMethodAccessorImpl.invoke0(Native Method)
	at sun.reflect.NativeMethodAccessorImpl.invoke(NativeMethodAccessorImpl.java:62)
	at sun.reflect.DelegatingMethodAccessorImpl.invoke(DelegatingMethodAccessorImpl.java:43)
	at java.lang.reflect.Method.invoke(Method.java:498)
	at org.apache.maven.surefire.booter.ProviderFactory$ClassLoaderProxy.invoke(ProviderFactory.java:103)
	at com.sun.proxy.$Proxy0.invoke(Unknown Source)
	at org.apache.maven.surefire.booter.SurefireStarter.invokeProvider(SurefireStarter.java:145)
	at org.apache.maven.surefire.booter.SurefireStarter.runSuitesInProcess(SurefireStarter.java:87)
	at org.apache.maven.surefire.booter.ForkedBooter.main(ForkedBooter.java:69)
Caused by: org.h2.jdbc.JdbcSQLException: Syntax error in SQL statement &quot;SELECT RES.* 
       
    FROM ACT_RE_PROCDEF RES
     
     WHERE  RES.DEPLOYMENT_ID_ = ? 
   
     ORDER BY  ORDER[*] BY RES.ID_ ASC  
    LIMIT ? OFFSET ? &quot;; expected &quot;=, NOT, EXISTS, INTERSECTS, SELECT, FROM&quot;; SQL statement:
select RES.* 
       
    from ACT_RE_PROCDEF RES
     
     WHERE  RES.DEPLOYMENT_ID_ = ? 
   
     order by  order by RES.ID_ asc  
    LIMIT ? OFFSET ? [42001-176]
	at org.h2.message.DbException.getJdbcSQLException(DbException.java:344)
	at org.h2.message.DbException.getSyntaxError(DbException.java:204)
	at org.h2.command.Parser.getSyntaxError(Parser.java:524)
	at org.h2.command.Parser.readTerm(Parser.java:2688)
	at org.h2.command.Parser.readFactor(Parser.java:2244)
	at org.h2.command.Parser.readSum(Parser.java:2231)
	at org.h2.command.Parser.readConcat(Parser.java:2201)
	at org.h2.command.Parser.readCondition(Parser.java:2051)
	at org.h2.command.Parser.readAnd(Parser.java:2023)
	at org.h2.command.Parser.readExpression(Parser.java:2015)
	at org.h2.command.Parser.parseEndOfQuery(Parser.java:1726)
	at org.h2.command.Parser.parseSelectUnionExtension(Parser.java:1706)
	at org.h2.command.Parser.parseSelectUnion(Parser.java:1675)
	at org.h2.command.Parser.parseSelect(Parser.java:1662)
	at org.h2.command.Parser.parsePrepared(Parser.java:434)
	at org.h2.command.Parser.parse(Parser.java:306)
	at org.h2.command.Parser.parse(Parser.java:282)
	at org.h2.command.Parser.prepareCommand(Parser.java:243)
	at org.h2.engine.Session.prepareLocal(Session.java:442)
	at org.h2.engine.Session.prepareCommand(Session.java:384)
	at org.h2.jdbc.JdbcConnection.prepareCommand(JdbcConnection.java:1188)
	at org.h2.jdbc.JdbcPreparedStatement.&lt;init&gt;(JdbcPreparedStatement.java:73)
	at org.h2.jdbc.JdbcConnection.prepareStatement(JdbcConnection.java:276)
	at sun.reflect.GeneratedMethodAccessor6.invoke(Unknown Source)
	at sun.reflect.DelegatingMethodAccessorImpl.invoke(DelegatingMethodAccessorImpl.java:43)
	at java.lang.reflect.Method.invoke(Method.java:498)
	at org.apache.ibatis.datasource.pooled.PooledConnection.invoke(PooledConnection.java:245)
	at com.sun.proxy.$Proxy12.prepareStatement(Unknown Source)
	at sun.reflect.GeneratedMethodAccessor6.invoke(Unknown Source)
	at sun.reflect.DelegatingMethodAccessorImpl.invoke(DelegatingMethodAccessorImpl.java:43)
	at java.lang.reflect.Method.invoke(Method.java:498)
	at org.apache.ibatis.logging.jdbc.ConnectionLogger.invoke(ConnectionLogger.java:55)
	at com.sun.proxy.$Proxy12.prepareStatement(Unknown Source)
	at org.apache.ibatis.executor.statement.PreparedStatementHandler.instantiateStatement(PreparedStatementHandler.java:79)
	at org.apache.ibatis.executor.statement.BaseStatementHandler.prepare(BaseStatementHandler.java:88)
	at org.apache.ibatis.executor.statement.RoutingStatementHandler.prepare(RoutingStatementHandler.java:58)
	at org.apache.ibatis.executor.SimpleExecutor.prepareStatement(SimpleExecutor.java:76)
	at org.apache.ibatis.executor.SimpleExecutor.doQuery(SimpleExecutor.java:61)
	at org.apache.ibatis.executor.BaseExecutor.queryFromDatabase(BaseExecutor.java:303)
	at org.apache.ibatis.executor.BaseExecutor.query(BaseExecutor.java:154)
	at org.apache.ibatis.executor.CachingExecutor.query(CachingExecutor.java:102)
	at org.apache.ibatis.executor.CachingExecutor.query(CachingExecutor.java:82)
	at org.apache.ibatis.session.defaults.DefaultSqlSession.selectList(DefaultSqlSession.java:120)
	... 37 more
10:47:16,907 [main] DEBUG org.activiti.engine.impl.cfg.standalone.StandaloneMybatisTransactionContext  - firing event rolling back...
10:47:16,907 [main] DEBUG org.activiti.engine.impl.cfg.standalone.StandaloneMybatisTransactionContext  - rolling back ibatis sql session...
10:47:16,907 [main] DEBUG org.activiti.engine.impl.cfg.standalone.StandaloneMybatisTransactionContext  - firing event rolled back...
10:47:16,907 [main] DEBUG org.apache.ibatis.transaction.jdbc.JdbcTransaction  - Resetting autocommit to true on JDBC Connection [conn3: url=jdbc:h2:mem:activiti user=SA]
10:47:16,907 [main] DEBUG org.apache.ibatis.transaction.jdbc.JdbcTransaction  - Closing JDBC Connection [conn3: url=jdbc:h2:mem:activiti user=SA]
10:47:16,907 [main] DEBUG org.apache.ibatis.datasource.pooled.PooledDataSource  - Returned connection 180014677 to pool.
10:47:16,907 [main] DEBUG org.activiti.engine.impl.interceptor.LogInterceptor  - --- DeleteDeploymentCmd finished --------------------------------------------------------
10:47:16,907 [main] DEBUG org.activiti.engine.impl.interceptor.LogInterceptor  - 

</system-out>
  </testcase>
  <testcase classname="org.activiti.engine.test.db.ProcessInstanceMigrationTest" name="testSetProcessDefinitionVersionNonExistingPI" time="0.016">
    <failure message="DB NOT CLEAN: 
  ACT_GE_BYTEARRAY: 6 record(s)   ACT_RU_TASK: 1 record(s)   ACT_RE_DEPLOYMENT: 6 record(s)   ACT_RE_PROCDEF: 6 record(s)   ACT_HI_PROCINST: 2 record(s)   ACT_HI_ACTINST: 4 record(s)   ACT_RU_EXECUTION: 2 record(s)   ACT_HI_TASKINST: 1 record(s) " type="java.lang.AssertionError">java.lang.AssertionError: DB NOT CLEAN: 
  ACT_GE_BYTEARRAY: 6 record(s)   ACT_RU_TASK: 1 record(s)   ACT_RE_DEPLOYMENT: 6 record(s)   ACT_RE_PROCDEF: 6 record(s)   ACT_HI_PROCINST: 2 record(s)   ACT_HI_ACTINST: 4 record(s)   ACT_RU_EXECUTION: 2 record(s)   ACT_HI_TASKINST: 1 record(s) 
	at org.junit.Assert.fail(Assert.java:88)
	at org.activiti.engine.impl.test.AbstractActivitiTestCase.assertAndEnsureCleanDb(AbstractActivitiTestCase.java:171)
	at org.activiti.engine.impl.test.AbstractActivitiTestCase.runBare(AbstractActivitiTestCase.java:125)
	at junit.framework.TestResult$1.protect(TestResult.java:122)
	at junit.framework.TestResult.runProtected(TestResult.java:142)
	at junit.framework.TestResult.run(TestResult.java:125)
	at junit.framework.TestCase.run(TestCase.java:129)
	at junit.framework.TestSuite.runTest(TestSuite.java:255)
	at junit.framework.TestSuite.run(TestSuite.java:250)
	at org.junit.internal.runners.JUnit38ClassRunner.run(JUnit38ClassRunner.java:84)
	at org.apache.maven.surefire.junit4.JUnit4TestSet.execute(JUnit4TestSet.java:35)
	at org.apache.maven.surefire.junit4.JUnit4Provider.executeTestSet(JUnit4Provider.java:146)
	at org.apache.maven.surefire.junit4.JUnit4Provider.invoke(JUnit4Provider.java:97)
	at sun.reflect.NativeMethodAccessorImpl.invoke0(Native Method)
	at sun.reflect.NativeMethodAccessorImpl.invoke(NativeMethodAccessorImpl.java:62)
	at sun.reflect.DelegatingMethodAccessorImpl.invoke(DelegatingMethodAccessorImpl.java:43)
	at java.lang.reflect.Method.invoke(Method.java:498)
	at org.apache.maven.surefire.booter.ProviderFactory$ClassLoaderProxy.invoke(ProviderFactory.java:103)
	at com.sun.proxy.$Proxy0.invoke(Unknown Source)
	at org.apache.maven.surefire.booter.SurefireStarter.invokeProvider(SurefireStarter.java:145)
	at org.apache.maven.surefire.booter.SurefireStarter.runSuitesInProcess(SurefireStarter.java:87)
	at org.apache.maven.surefire.booter.ForkedBooter.main(ForkedBooter.java:69)
</failure>
    <system-out>10:47:16,907 [main] DEBUG org.activiti.engine.impl.test.PvmTestCase  - 

10:47:16,907 [main] DEBUG org.activiti.engine.impl.test.PvmTestCase  - #### START ProcessInstanceMigrationTest.testSetProcessDefinitionVersionNonExistingPI ###########################################################
10:47:16,907 [main] DEBUG org.activiti.engine.impl.interceptor.LogInterceptor  - 

10:47:16,907 [main] DEBUG org.activiti.engine.impl.interceptor.LogInterceptor  - --- starting SetProcessDefinitionVersionCmd --------------------------------------------------------
10:47:16,907 [main] DEBUG org.apache.ibatis.transaction.jdbc.JdbcTransaction  - Opening JDBC Connection
10:47:16,907 [main] DEBUG org.apache.ibatis.datasource.pooled.PooledDataSource  - Checked out connection 486346394 from pool.
10:47:16,907 [main] DEBUG org.apache.ibatis.transaction.jdbc.JdbcTransaction  - Setting autocommit to false on JDBC Connection [conn6: url=jdbc:h2:mem:activiti user=SA]
10:47:16,907 [main] DEBUG org.activiti.engine.impl.persistence.entity.ExecutionEntity.selectExecution  - ==&gt;  Preparing: select * from ACT_RU_EXECUTION where ID_ = ? 
10:47:16,907 [main] DEBUG org.activiti.engine.impl.persistence.entity.ExecutionEntity.selectExecution  - ==&gt; Parameters: 42(String)
10:47:16,907 [main] DEBUG org.activiti.engine.impl.persistence.entity.ExecutionEntity.selectExecution  - &lt;==      Total: 0
10:47:16,907 [main] DEBUG org.activiti.engine.impl.interceptor.CommandContext  - Error while closing command context
org.activiti.engine.ActivitiObjectNotFoundException: No process instance found for id = &apos;42&apos;.
	at org.activiti.engine.impl.cmd.SetProcessDefinitionVersionCmd.execute(SetProcessDefinitionVersionCmd.java:86)
	at org.activiti.engine.impl.cmd.SetProcessDefinitionVersionCmd.execute(SetProcessDefinitionVersionCmd.java:59)
	at org.activiti.engine.impl.interceptor.CommandInvoker.execute(CommandInvoker.java:24)
	at org.activiti.engine.impl.interceptor.CommandContextInterceptor.execute(CommandContextInterceptor.java:57)
	at org.activiti.engine.impl.interceptor.LogInterceptor.execute(LogInterceptor.java:37)
	at org.activiti.engine.impl.cfg.CommandExecutorImpl.execute(CommandExecutorImpl.java:40)
	at org.activiti.engine.impl.cfg.CommandExecutorImpl.execute(CommandExecutorImpl.java:35)
	at org.activiti.engine.test.db.ProcessInstanceMigrationTest.testSetProcessDefinitionVersionNonExistingPI(ProcessInstanceMigrationTest.java:81)
	at sun.reflect.NativeMethodAccessorImpl.invoke0(Native Method)
	at sun.reflect.NativeMethodAccessorImpl.invoke(NativeMethodAccessorImpl.java:62)
	at sun.reflect.DelegatingMethodAccessorImpl.invoke(DelegatingMethodAccessorImpl.java:43)
	at java.lang.reflect.Method.invoke(Method.java:498)
	at junit.framework.TestCase.runTest(TestCase.java:176)
	at org.activiti.engine.impl.test.PvmTestCase.runTest(PvmTestCase.java:65)
	at junit.framework.TestCase.runBare(TestCase.java:141)
	at org.activiti.engine.impl.test.AbstractActivitiTestCase.runBare(AbstractActivitiTestCase.java:100)
	at junit.framework.TestResult$1.protect(TestResult.java:122)
	at junit.framework.TestResult.runProtected(TestResult.java:142)
	at junit.framework.TestResult.run(TestResult.java:125)
	at junit.framework.TestCase.run(TestCase.java:129)
	at junit.framework.TestSuite.runTest(TestSuite.java:255)
	at junit.framework.TestSuite.run(TestSuite.java:250)
	at org.junit.internal.runners.JUnit38ClassRunner.run(JUnit38ClassRunner.java:84)
	at org.apache.maven.surefire.junit4.JUnit4TestSet.execute(JUnit4TestSet.java:35)
	at org.apache.maven.surefire.junit4.JUnit4Provider.executeTestSet(JUnit4Provider.java:146)
	at org.apache.maven.surefire.junit4.JUnit4Provider.invoke(JUnit4Provider.java:97)
	at sun.reflect.NativeMethodAccessorImpl.invoke0(Native Method)
	at sun.reflect.NativeMethodAccessorImpl.invoke(NativeMethodAccessorImpl.java:62)
	at sun.reflect.DelegatingMethodAccessorImpl.invoke(DelegatingMethodAccessorImpl.java:43)
	at java.lang.reflect.Method.invoke(Method.java:498)
	at org.apache.maven.surefire.booter.ProviderFactory$ClassLoaderProxy.invoke(ProviderFactory.java:103)
	at com.sun.proxy.$Proxy0.invoke(Unknown Source)
	at org.apache.maven.surefire.booter.SurefireStarter.invokeProvider(SurefireStarter.java:145)
	at org.apache.maven.surefire.booter.SurefireStarter.runSuitesInProcess(SurefireStarter.java:87)
	at org.apache.maven.surefire.booter.ForkedBooter.main(ForkedBooter.java:69)
10:47:16,908 [main] DEBUG org.activiti.engine.impl.cfg.standalone.StandaloneMybatisTransactionContext  - firing event rolling back...
10:47:16,908 [main] DEBUG org.activiti.engine.impl.cfg.standalone.StandaloneMybatisTransactionContext  - rolling back ibatis sql session...
10:47:16,908 [main] DEBUG org.activiti.engine.impl.cfg.standalone.StandaloneMybatisTransactionContext  - firing event rolled back...
10:47:16,908 [main] DEBUG org.apache.ibatis.transaction.jdbc.JdbcTransaction  - Resetting autocommit to true on JDBC Connection [conn6: url=jdbc:h2:mem:activiti user=SA]
10:47:16,908 [main] DEBUG org.apache.ibatis.transaction.jdbc.JdbcTransaction  - Closing JDBC Connection [conn6: url=jdbc:h2:mem:activiti user=SA]
10:47:16,908 [main] DEBUG org.apache.ibatis.datasource.pooled.PooledDataSource  - Returned connection 486346394 to pool.
10:47:16,908 [main] DEBUG org.activiti.engine.impl.interceptor.LogInterceptor  - --- SetProcessDefinitionVersionCmd finished --------------------------------------------------------
10:47:16,908 [main] DEBUG org.activiti.engine.impl.interceptor.LogInterceptor  - 

10:47:16,908 [main] DEBUG org.activiti.engine.impl.test.PvmTestCase  - #### END ProcessInstanceMigrationTest.testSetProcessDefinitionVersionNonExistingPI #############################################################
10:47:16,908 [main] DEBUG org.activiti.engine.impl.test.PvmTestCase  - verifying that db is clean after test
10:47:16,908 [main] DEBUG org.activiti.engine.impl.interceptor.LogInterceptor  - 

10:47:16,908 [main] DEBUG org.activiti.engine.impl.interceptor.LogInterceptor  - --- starting GetTableCountCmd --------------------------------------------------------
10:47:16,908 [main] DEBUG org.apache.ibatis.transaction.jdbc.JdbcTransaction  - Opening JDBC Connection
10:47:16,908 [main] DEBUG org.apache.ibatis.datasource.pooled.PooledDataSource  - Checked out connection 297240765 from pool.
10:47:16,908 [main] DEBUG org.apache.ibatis.transaction.jdbc.JdbcTransaction  - Setting autocommit to false on JDBC Connection [conn4: url=jdbc:h2:mem:activiti user=SA]
10:47:16,908 [main] DEBUG org.activiti.engine.impl.persistence.entity.TableDataManager  - retrieving activiti tables from jdbc metadata
10:47:16,908 [main] DEBUG org.activiti.engine.impl.persistence.entity.TableDataManager  -   retrieved activiti table name ACT_EVT_LOG
10:47:16,908 [main] DEBUG org.activiti.engine.impl.persistence.entity.TableDataManager  -   retrieved activiti table name ACT_GE_BYTEARRAY
10:47:16,908 [main] DEBUG org.activiti.engine.impl.persistence.entity.TableDataManager  -   retrieved activiti table name ACT_GE_PROPERTY
10:47:16,908 [main] DEBUG org.activiti.engine.impl.persistence.entity.TableDataManager  -   retrieved activiti table name ACT_HI_ACTINST
10:47:16,908 [main] DEBUG org.activiti.engine.impl.persistence.entity.TableDataManager  -   retrieved activiti table name ACT_HI_ATTACHMENT
10:47:16,908 [main] DEBUG org.activiti.engine.impl.persistence.entity.TableDataManager  -   retrieved activiti table name ACT_HI_COMMENT
10:47:16,909 [main] DEBUG org.activiti.engine.impl.persistence.entity.TableDataManager  -   retrieved activiti table name ACT_HI_DETAIL
10:47:16,909 [main] DEBUG org.activiti.engine.impl.persistence.entity.TableDataManager  -   retrieved activiti table name ACT_HI_IDENTITYLINK
10:47:16,909 [main] DEBUG org.activiti.engine.impl.persistence.entity.TableDataManager  -   retrieved activiti table name ACT_HI_PROCINST
10:47:16,909 [main] DEBUG org.activiti.engine.impl.persistence.entity.TableDataManager  -   retrieved activiti table name ACT_HI_TASKINST
10:47:16,909 [main] DEBUG org.activiti.engine.impl.persistence.entity.TableDataManager  -   retrieved activiti table name ACT_HI_VARINST
10:47:16,909 [main] DEBUG org.activiti.engine.impl.persistence.entity.TableDataManager  -   retrieved activiti table name ACT_ID_GROUP
10:47:16,909 [main] DEBUG org.activiti.engine.impl.persistence.entity.TableDataManager  -   retrieved activiti table name ACT_ID_INFO
10:47:16,909 [main] DEBUG org.activiti.engine.impl.persistence.entity.TableDataManager  -   retrieved activiti table name ACT_ID_MEMBERSHIP
10:47:16,909 [main] DEBUG org.activiti.engine.impl.persistence.entity.TableDataManager  -   retrieved activiti table name ACT_ID_USER
10:47:16,909 [main] DEBUG org.activiti.engine.impl.persistence.entity.TableDataManager  -   retrieved activiti table name ACT_PROCDEF_INFO
10:47:16,909 [main] DEBUG org.activiti.engine.impl.persistence.entity.TableDataManager  -   retrieved activiti table name ACT_RE_DEPLOYMENT
10:47:16,909 [main] DEBUG org.activiti.engine.impl.persistence.entity.TableDataManager  -   retrieved activiti table name ACT_RE_MODEL
10:47:16,909 [main] DEBUG org.activiti.engine.impl.persistence.entity.TableDataManager  -   retrieved activiti table name ACT_RE_PROCDEF
10:47:16,909 [main] DEBUG org.activiti.engine.impl.persistence.entity.TableDataManager  -   retrieved activiti table name ACT_RU_EVENT_SUBSCR
10:47:16,909 [main] DEBUG org.activiti.engine.impl.persistence.entity.TableDataManager  -   retrieved activiti table name ACT_RU_EXECUTION
10:47:16,909 [main] DEBUG org.activiti.engine.impl.persistence.entity.TableDataManager  -   retrieved activiti table name ACT_RU_IDENTITYLINK
10:47:16,909 [main] DEBUG org.activiti.engine.impl.persistence.entity.TableDataManager  -   retrieved activiti table name ACT_RU_JOB
10:47:16,909 [main] DEBUG org.activiti.engine.impl.persistence.entity.TableDataManager  -   retrieved activiti table name ACT_RU_TASK
10:47:16,909 [main] DEBUG org.activiti.engine.impl.persistence.entity.TableDataManager  -   retrieved activiti table name ACT_RU_VARIABLE
10:47:16,909 [main] DEBUG org.activiti.engine.impl.persistence.entity.TableDataManager  - selecting table count for ACT_EVT_LOG
10:47:16,909 [main] DEBUG org.activiti.engine.impl.TablePageMap.selectTableCount  - ==&gt;  Preparing: select count(*) from ACT_EVT_LOG 
10:47:16,909 [main] DEBUG org.activiti.engine.impl.TablePageMap.selectTableCount  - ==&gt; Parameters: 
10:47:16,909 [main] DEBUG org.activiti.engine.impl.TablePageMap.selectTableCount  - &lt;==      Total: 1
10:47:16,909 [main] DEBUG org.activiti.engine.impl.persistence.entity.TableDataManager  - selecting table count for ACT_GE_BYTEARRAY
10:47:16,909 [main] DEBUG org.activiti.engine.impl.TablePageMap.selectTableCount  - ==&gt;  Preparing: select count(*) from ACT_GE_BYTEARRAY 
10:47:16,909 [main] DEBUG org.activiti.engine.impl.TablePageMap.selectTableCount  - ==&gt; Parameters: 
10:47:16,909 [main] DEBUG org.activiti.engine.impl.TablePageMap.selectTableCount  - &lt;==      Total: 1
10:47:16,909 [main] DEBUG org.activiti.engine.impl.persistence.entity.TableDataManager  - selecting table count for ACT_GE_PROPERTY
10:47:16,909 [main] DEBUG org.activiti.engine.impl.TablePageMap.selectTableCount  - ==&gt;  Preparing: select count(*) from ACT_GE_PROPERTY 
10:47:16,909 [main] DEBUG org.activiti.engine.impl.TablePageMap.selectTableCount  - ==&gt; Parameters: 
10:47:16,909 [main] DEBUG org.activiti.engine.impl.TablePageMap.selectTableCount  - &lt;==      Total: 1
10:47:16,909 [main] DEBUG org.activiti.engine.impl.persistence.entity.TableDataManager  - selecting table count for ACT_HI_ACTINST
10:47:16,909 [main] DEBUG org.activiti.engine.impl.TablePageMap.selectTableCount  - ==&gt;  Preparing: select count(*) from ACT_HI_ACTINST 
10:47:16,909 [main] DEBUG org.activiti.engine.impl.TablePageMap.selectTableCount  - ==&gt; Parameters: 
10:47:16,909 [main] DEBUG org.activiti.engine.impl.TablePageMap.selectTableCount  - &lt;==      Total: 1
10:47:16,909 [main] DEBUG org.activiti.engine.impl.persistence.entity.TableDataManager  - selecting table count for ACT_HI_ATTACHMENT
10:47:16,909 [main] DEBUG org.activiti.engine.impl.TablePageMap.selectTableCount  - ==&gt;  Preparing: select count(*) from ACT_HI_ATTACHMENT 
10:47:16,909 [main] DEBUG org.activiti.engine.impl.TablePageMap.selectTableCount  - ==&gt; Parameters: 
10:47:16,909 [main] DEBUG org.activiti.engine.impl.TablePageMap.selectTableCount  - &lt;==      Total: 1
10:47:16,909 [main] DEBUG org.activiti.engine.impl.persistence.entity.TableDataManager  - selecting table count for ACT_HI_COMMENT
10:47:16,909 [main] DEBUG org.activiti.engine.impl.TablePageMap.selectTableCount  - ==&gt;  Preparing: select count(*) from ACT_HI_COMMENT 
10:47:16,909 [main] DEBUG org.activiti.engine.impl.TablePageMap.selectTableCount  - ==&gt; Parameters: 
10:47:16,909 [main] DEBUG org.activiti.engine.impl.TablePageMap.selectTableCount  - &lt;==      Total: 1
10:47:16,909 [main] DEBUG org.activiti.engine.impl.persistence.entity.TableDataManager  - selecting table count for ACT_HI_DETAIL
10:47:16,909 [main] DEBUG org.activiti.engine.impl.TablePageMap.selectTableCount  - ==&gt;  Preparing: select count(*) from ACT_HI_DETAIL 
10:47:16,909 [main] DEBUG org.activiti.engine.impl.TablePageMap.selectTableCount  - ==&gt; Parameters: 
10:47:16,909 [main] DEBUG org.activiti.engine.impl.TablePageMap.selectTableCount  - &lt;==      Total: 1
10:47:16,909 [main] DEBUG org.activiti.engine.impl.persistence.entity.TableDataManager  - selecting table count for ACT_HI_IDENTITYLINK
10:47:16,909 [main] DEBUG org.activiti.engine.impl.TablePageMap.selectTableCount  - ==&gt;  Preparing: select count(*) from ACT_HI_IDENTITYLINK 
10:47:16,909 [main] DEBUG org.activiti.engine.impl.TablePageMap.selectTableCount  - ==&gt; Parameters: 
10:47:16,909 [main] DEBUG org.activiti.engine.impl.TablePageMap.selectTableCount  - &lt;==      Total: 1
10:47:16,909 [main] DEBUG org.activiti.engine.impl.persistence.entity.TableDataManager  - selecting table count for ACT_HI_PROCINST
10:47:16,909 [main] DEBUG org.activiti.engine.impl.TablePageMap.selectTableCount  - ==&gt;  Preparing: select count(*) from ACT_HI_PROCINST 
10:47:16,909 [main] DEBUG org.activiti.engine.impl.TablePageMap.selectTableCount  - ==&gt; Parameters: 
10:47:16,909 [main] DEBUG org.activiti.engine.impl.TablePageMap.selectTableCount  - &lt;==      Total: 1
10:47:16,909 [main] DEBUG org.activiti.engine.impl.persistence.entity.TableDataManager  - selecting table count for ACT_HI_TASKINST
10:47:16,909 [main] DEBUG org.activiti.engine.impl.TablePageMap.selectTableCount  - ==&gt;  Preparing: select count(*) from ACT_HI_TASKINST 
10:47:16,909 [main] DEBUG org.activiti.engine.impl.TablePageMap.selectTableCount  - ==&gt; Parameters: 
10:47:16,909 [main] DEBUG org.activiti.engine.impl.TablePageMap.selectTableCount  - &lt;==      Total: 1
10:47:16,909 [main] DEBUG org.activiti.engine.impl.persistence.entity.TableDataManager  - selecting table count for ACT_HI_VARINST
10:47:16,909 [main] DEBUG org.activiti.engine.impl.TablePageMap.selectTableCount  - ==&gt;  Preparing: select count(*) from ACT_HI_VARINST 
10:47:16,909 [main] DEBUG org.activiti.engine.impl.TablePageMap.selectTableCount  - ==&gt; Parameters: 
10:47:16,909 [main] DEBUG org.activiti.engine.impl.TablePageMap.selectTableCount  - &lt;==      Total: 1
10:47:16,909 [main] DEBUG org.activiti.engine.impl.persistence.entity.TableDataManager  - selecting table count for ACT_ID_GROUP
10:47:16,910 [main] DEBUG org.activiti.engine.impl.TablePageMap.selectTableCount  - ==&gt;  Preparing: select count(*) from ACT_ID_GROUP 
10:47:16,910 [main] DEBUG org.activiti.engine.impl.TablePageMap.selectTableCount  - ==&gt; Parameters: 
10:47:16,910 [main] DEBUG org.activiti.engine.impl.TablePageMap.selectTableCount  - &lt;==      Total: 1
10:47:16,910 [main] DEBUG org.activiti.engine.impl.persistence.entity.TableDataManager  - selecting table count for ACT_ID_INFO
10:47:16,910 [main] DEBUG org.activiti.engine.impl.TablePageMap.selectTableCount  - ==&gt;  Preparing: select count(*) from ACT_ID_INFO 
10:47:16,910 [main] DEBUG org.activiti.engine.impl.TablePageMap.selectTableCount  - ==&gt; Parameters: 
10:47:16,910 [main] DEBUG org.activiti.engine.impl.TablePageMap.selectTableCount  - &lt;==      Total: 1
10:47:16,910 [main] DEBUG org.activiti.engine.impl.persistence.entity.TableDataManager  - selecting table count for ACT_ID_MEMBERSHIP
10:47:16,910 [main] DEBUG org.activiti.engine.impl.TablePageMap.selectTableCount  - ==&gt;  Preparing: select count(*) from ACT_ID_MEMBERSHIP 
10:47:16,910 [main] DEBUG org.activiti.engine.impl.TablePageMap.selectTableCount  - ==&gt; Parameters: 
10:47:16,910 [main] DEBUG org.activiti.engine.impl.TablePageMap.selectTableCount  - &lt;==      Total: 1
10:47:16,910 [main] DEBUG org.activiti.engine.impl.persistence.entity.TableDataManager  - selecting table count for ACT_ID_USER
10:47:16,910 [main] DEBUG org.activiti.engine.impl.TablePageMap.selectTableCount  - ==&gt;  Preparing: select count(*) from ACT_ID_USER 
10:47:16,910 [main] DEBUG org.activiti.engine.impl.TablePageMap.selectTableCount  - ==&gt; Parameters: 
10:47:16,910 [main] DEBUG org.activiti.engine.impl.TablePageMap.selectTableCount  - &lt;==      Total: 1
10:47:16,910 [main] DEBUG org.activiti.engine.impl.persistence.entity.TableDataManager  - selecting table count for ACT_PROCDEF_INFO
10:47:16,910 [main] DEBUG org.activiti.engine.impl.TablePageMap.selectTableCount  - ==&gt;  Preparing: select count(*) from ACT_PROCDEF_INFO 
10:47:16,910 [main] DEBUG org.activiti.engine.impl.TablePageMap.selectTableCount  - ==&gt; Parameters: 
10:47:16,910 [main] DEBUG org.activiti.engine.impl.TablePageMap.selectTableCount  - &lt;==      Total: 1
10:47:16,910 [main] DEBUG org.activiti.engine.impl.persistence.entity.TableDataManager  - selecting table count for ACT_RE_DEPLOYMENT
10:47:16,910 [main] DEBUG org.activiti.engine.impl.TablePageMap.selectTableCount  - ==&gt;  Preparing: select count(*) from ACT_RE_DEPLOYMENT 
10:47:16,910 [main] DEBUG org.activiti.engine.impl.TablePageMap.selectTableCount  - ==&gt; Parameters: 
10:47:16,910 [main] DEBUG org.activiti.engine.impl.TablePageMap.selectTableCount  - &lt;==      Total: 1
10:47:16,910 [main] DEBUG org.activiti.engine.impl.persistence.entity.TableDataManager  - selecting table count for ACT_RE_MODEL
10:47:16,910 [main] DEBUG org.activiti.engine.impl.TablePageMap.selectTableCount  - ==&gt;  Preparing: select count(*) from ACT_RE_MODEL 
10:47:16,910 [main] DEBUG org.activiti.engine.impl.TablePageMap.selectTableCount  - ==&gt; Parameters: 
10:47:16,910 [main] DEBUG org.activiti.engine.impl.TablePageMap.selectTableCount  - &lt;==      Total: 1
10:47:16,910 [main] DEBUG org.activiti.engine.impl.persistence.entity.TableDataManager  - selecting table count for ACT_RE_PROCDEF
10:47:16,910 [main] DEBUG org.activiti.engine.impl.TablePageMap.selectTableCount  - ==&gt;  Preparing: select count(*) from ACT_RE_PROCDEF 
10:47:16,910 [main] DEBUG org.activiti.engine.impl.TablePageMap.selectTableCount  - ==&gt; Parameters: 
10:47:16,910 [main] DEBUG org.activiti.engine.impl.TablePageMap.selectTableCount  - &lt;==      Total: 1
10:47:16,910 [main] DEBUG org.activiti.engine.impl.persistence.entity.TableDataManager  - selecting table count for ACT_RU_EVENT_SUBSCR
10:47:16,910 [main] DEBUG org.activiti.engine.impl.TablePageMap.selectTableCount  - ==&gt;  Preparing: select count(*) from ACT_RU_EVENT_SUBSCR 
10:47:16,910 [main] DEBUG org.activiti.engine.impl.TablePageMap.selectTableCount  - ==&gt; Parameters: 
10:47:16,910 [main] DEBUG org.activiti.engine.impl.TablePageMap.selectTableCount  - &lt;==      Total: 1
10:47:16,910 [main] DEBUG org.activiti.engine.impl.persistence.entity.TableDataManager  - selecting table count for ACT_RU_EXECUTION
10:47:16,910 [main] DEBUG org.activiti.engine.impl.TablePageMap.selectTableCount  - ==&gt;  Preparing: select count(*) from ACT_RU_EXECUTION 
10:47:16,910 [main] DEBUG org.activiti.engine.impl.TablePageMap.selectTableCount  - ==&gt; Parameters: 
10:47:16,910 [main] DEBUG org.activiti.engine.impl.TablePageMap.selectTableCount  - &lt;==      Total: 1
10:47:16,910 [main] DEBUG org.activiti.engine.impl.persistence.entity.TableDataManager  - selecting table count for ACT_RU_IDENTITYLINK
10:47:16,910 [main] DEBUG org.activiti.engine.impl.TablePageMap.selectTableCount  - ==&gt;  Preparing: select count(*) from ACT_RU_IDENTITYLINK 
10:47:16,911 [main] DEBUG org.activiti.engine.impl.TablePageMap.selectTableCount  - ==&gt; Parameters: 
10:47:16,911 [main] DEBUG org.activiti.engine.impl.TablePageMap.selectTableCount  - &lt;==      Total: 1
10:47:16,911 [main] DEBUG org.activiti.engine.impl.persistence.entity.TableDataManager  - selecting table count for ACT_RU_JOB
10:47:16,911 [main] DEBUG org.activiti.engine.impl.TablePageMap.selectTableCount  - ==&gt;  Preparing: select count(*) from ACT_RU_JOB 
10:47:16,911 [main] DEBUG org.activiti.engine.impl.TablePageMap.selectTableCount  - ==&gt; Parameters: 
10:47:16,911 [main] DEBUG org.activiti.engine.impl.TablePageMap.selectTableCount  - &lt;==      Total: 1
10:47:16,911 [main] DEBUG org.activiti.engine.impl.persistence.entity.TableDataManager  - selecting table count for ACT_RU_TASK
10:47:16,911 [main] DEBUG org.activiti.engine.impl.TablePageMap.selectTableCount  - ==&gt;  Preparing: select count(*) from ACT_RU_TASK 
10:47:16,911 [main] DEBUG org.activiti.engine.impl.TablePageMap.selectTableCount  - ==&gt; Parameters: 
10:47:16,911 [main] DEBUG org.activiti.engine.impl.TablePageMap.selectTableCount  - &lt;==      Total: 1
10:47:16,911 [main] DEBUG org.activiti.engine.impl.persistence.entity.TableDataManager  - selecting table count for ACT_RU_VARIABLE
10:47:16,911 [main] DEBUG org.activiti.engine.impl.TablePageMap.selectTableCount  - ==&gt;  Preparing: select count(*) from ACT_RU_VARIABLE 
10:47:16,911 [main] DEBUG org.activiti.engine.impl.TablePageMap.selectTableCount  - ==&gt; Parameters: 
10:47:16,911 [main] DEBUG org.activiti.engine.impl.TablePageMap.selectTableCount  - &lt;==      Total: 1
10:47:16,911 [main] DEBUG org.activiti.engine.impl.persistence.entity.TableDataManager  - Number of rows per activiti table: {ACT_RU_EVENT_SUBSCR=0, ACT_ID_USER=0, ACT_HI_ATTACHMENT=0, ACT_GE_BYTEARRAY=6, ACT_RE_MODEL=0, ACT_RU_VARIABLE=0, ACT_RU_TASK=1, ACT_RE_DEPLOYMENT=6, ACT_RE_PROCDEF=6, ACT_ID_GROUP=0, ACT_HI_VARINST=0, ACT_HI_COMMENT=0, ACT_HI_PROCINST=2, ACT_ID_INFO=0, ACT_ID_MEMBERSHIP=0, ACT_RU_JOB=0, ACT_PROCDEF_INFO=0, ACT_HI_ACTINST=4, ACT_RU_EXECUTION=2, ACT_HI_TASKINST=1, ACT_HI_DETAIL=0, ACT_EVT_LOG=0, ACT_HI_IDENTITYLINK=0, ACT_RU_IDENTITYLINK=0, ACT_GE_PROPERTY=3}
10:47:16,911 [main] DEBUG org.activiti.engine.impl.db.DbSqlSession  - flush summary: 0 insert, 0 update, 0 delete.
10:47:16,911 [main] DEBUG org.activiti.engine.impl.db.DbSqlSession  - now executing flush...
10:47:16,911 [main] DEBUG org.activiti.engine.impl.cfg.standalone.StandaloneMybatisTransactionContext  - firing event committing...
10:47:16,911 [main] DEBUG org.activiti.engine.impl.cfg.standalone.StandaloneMybatisTransactionContext  - committing the ibatis sql session...
10:47:16,911 [main] DEBUG org.activiti.engine.impl.cfg.standalone.StandaloneMybatisTransactionContext  - firing event committed...
10:47:16,911 [main] DEBUG org.apache.ibatis.transaction.jdbc.JdbcTransaction  - Resetting autocommit to true on JDBC Connection [conn4: url=jdbc:h2:mem:activiti user=SA]
10:47:16,911 [main] DEBUG org.apache.ibatis.transaction.jdbc.JdbcTransaction  - Closing JDBC Connection [conn4: url=jdbc:h2:mem:activiti user=SA]
10:47:16,911 [main] DEBUG org.apache.ibatis.datasource.pooled.PooledDataSource  - Returned connection 297240765 to pool.
10:47:16,911 [main] DEBUG org.activiti.engine.impl.interceptor.LogInterceptor  - --- GetTableCountCmd finished --------------------------------------------------------
10:47:16,911 [main] DEBUG org.activiti.engine.impl.interceptor.LogInterceptor  - 

10:47:16,911 [main] ERROR org.activiti.engine.impl.test.PvmTestCase  - 

10:47:16,911 [main] ERROR org.activiti.engine.impl.test.PvmTestCase  - DB NOT CLEAN: 
  ACT_GE_BYTEARRAY: 6 record(s)   ACT_RU_TASK: 1 record(s)   ACT_RE_DEPLOYMENT: 6 record(s)   ACT_RE_PROCDEF: 6 record(s)   ACT_HI_PROCINST: 2 record(s)   ACT_HI_ACTINST: 4 record(s)   ACT_RU_EXECUTION: 2 record(s)   ACT_HI_TASKINST: 1 record(s) 
10:47:16,911 [main] INFO  org.activiti.engine.impl.test.PvmTestCase  - dropping and recreating db
10:47:16,911 [main] DEBUG org.activiti.engine.impl.interceptor.LogInterceptor  - 

10:47:16,911 [main] DEBUG org.activiti.engine.impl.interceptor.LogInterceptor  - --- starting  --------------------------------------------------------
10:47:16,911 [main] INFO  org.activiti.engine.impl.db.DbSqlSession  - performing drop on engine with resource org/activiti/db/drop/activiti.h2.drop.engine.sql
10:47:16,911 [main] DEBUG org.apache.ibatis.transaction.jdbc.JdbcTransaction  - Opening JDBC Connection
10:47:16,911 [main] DEBUG org.apache.ibatis.datasource.pooled.PooledDataSource  - Checked out connection 363509958 from pool.
10:47:16,911 [main] DEBUG org.apache.ibatis.transaction.jdbc.JdbcTransaction  - Setting autocommit to false on JDBC Connection [conn2: url=jdbc:h2:mem:activiti user=SA]
10:47:16,912 [main] DEBUG org.activiti.engine.impl.db.DbSqlSession  - SQL: drop table if exists ACT_GE_PROPERTY cascade constraints
10:47:16,912 [main] DEBUG org.activiti.engine.impl.db.DbSqlSession  - SQL: drop table if exists ACT_GE_BYTEARRAY cascade constraints
10:47:16,912 [main] DEBUG org.activiti.engine.impl.db.DbSqlSession  - SQL: drop table if exists ACT_RE_DEPLOYMENT cascade constraints
10:47:16,912 [main] DEBUG org.activiti.engine.impl.db.DbSqlSession  - SQL: drop table if exists ACT_RE_MODEL cascade constraints
10:47:16,912 [main] DEBUG org.activiti.engine.impl.db.DbSqlSession  - SQL: drop table if exists ACT_RU_EXECUTION cascade constraints
10:47:16,912 [main] DEBUG org.activiti.engine.impl.db.DbSqlSession  - SQL: drop table if exists ACT_RU_JOB cascade constraints
10:47:16,912 [main] DEBUG org.activiti.engine.impl.db.DbSqlSession  - SQL: drop table if exists ACT_RE_PROCDEF cascade constraints
10:47:16,912 [main] DEBUG org.activiti.engine.impl.db.DbSqlSession  - SQL: drop table if exists ACT_RU_TASK cascade constraints
10:47:16,912 [main] DEBUG org.activiti.engine.impl.db.DbSqlSession  - SQL: drop table if exists ACT_RU_IDENTITYLINK cascade constraints
10:47:16,912 [main] DEBUG org.activiti.engine.impl.db.DbSqlSession  - SQL: drop table if exists ACT_RU_VARIABLE cascade constraints
10:47:16,912 [main] DEBUG org.activiti.engine.impl.db.DbSqlSession  - SQL: drop table if exists ACT_RU_EVENT_SUBSCR cascade constraints
10:47:16,912 [main] DEBUG org.activiti.engine.impl.db.DbSqlSession  - SQL: drop table if exists ACT_EVT_LOG cascade constraints
10:47:16,912 [main] DEBUG org.activiti.engine.impl.db.DbSqlSession  - SQL: drop table if exists ACT_PROCDEF_INFO cascade constraints
10:47:16,912 [main] DEBUG org.activiti.engine.impl.db.DbSqlSession  - SQL: drop index if exists ACT_IDX_EXEC_BUSKEY
10:47:16,912 [main] DEBUG org.activiti.engine.impl.db.DbSqlSession  - SQL: drop index if exists ACT_IDX_TASK_CREATE
10:47:16,913 [main] DEBUG org.activiti.engine.impl.db.DbSqlSession  - SQL: drop index if exists ACT_IDX_IDENT_LNK_USER
10:47:16,913 [main] DEBUG org.activiti.engine.impl.db.DbSqlSession  - SQL: drop index if exists ACT_IDX_IDENT_LNK_GROUP
10:47:16,913 [main] DEBUG org.activiti.engine.impl.db.DbSqlSession  - SQL: drop index if exists ACT_IDX_VARIABLE_TASK_ID
10:47:16,913 [main] DEBUG org.activiti.engine.impl.db.DbSqlSession  - SQL: drop index if exists ACT_IDX_EVENT_SUBSCR_CONFIG_
10:47:16,913 [main] DEBUG org.activiti.engine.impl.db.DbSqlSession  - SQL: drop index if exists ACT_IDX_ATHRZ_PROCEDEF
10:47:16,913 [main] DEBUG org.activiti.engine.impl.db.DbSqlSession  - SQL: drop index if exists ACT_IDX_INFO_PROCDEF
10:47:16,913 [main] DEBUG org.activiti.engine.impl.db.DbSqlSession  - activiti db schema drop for component engine successful
10:47:16,913 [main] INFO  org.activiti.engine.impl.db.DbSqlSession  - performing drop on history with resource org/activiti/db/drop/activiti.h2.drop.history.sql
10:47:16,913 [main] DEBUG org.activiti.engine.impl.db.DbSqlSession  - SQL: drop table if exists ACT_HI_PROCINST cascade constraints
10:47:16,913 [main] DEBUG org.activiti.engine.impl.db.DbSqlSession  - SQL: drop table if exists ACT_HI_ACTINST cascade constraints
10:47:16,913 [main] DEBUG org.activiti.engine.impl.db.DbSqlSession  - SQL: drop table if exists ACT_HI_VARINST cascade constraints
10:47:16,913 [main] DEBUG org.activiti.engine.impl.db.DbSqlSession  - SQL: drop table if exists ACT_HI_TASKINST cascade constraints
10:47:16,913 [main] DEBUG org.activiti.engine.impl.db.DbSqlSession  - SQL: drop table if exists ACT_HI_DETAIL cascade constraints
10:47:16,913 [main] DEBUG org.activiti.engine.impl.db.DbSqlSession  - SQL: drop table if exists ACT_HI_COMMENT cascade constraints
10:47:16,913 [main] DEBUG org.activiti.engine.impl.db.DbSqlSession  - SQL: drop table if exists ACT_HI_ATTACHMENT cascade constraints
10:47:16,913 [main] DEBUG org.activiti.engine.impl.db.DbSqlSession  - SQL: drop table if exists ACT_HI_IDENTITYLINK cascade constraints
10:47:16,913 [main] DEBUG org.activiti.engine.impl.db.DbSqlSession  - SQL: drop index if exists ACT_IDX_HI_PRO_INST_END
10:47:16,913 [main] DEBUG org.activiti.engine.impl.db.DbSqlSession  - SQL: drop index if exists ACT_IDX_HI_PRO_I_BUSKEY
10:47:16,913 [main] DEBUG org.activiti.engine.impl.db.DbSqlSession  - SQL: drop index if exists ACT_IDX_HI_ACT_INST_START
10:47:16,913 [main] DEBUG org.activiti.engine.impl.db.DbSqlSession  - SQL: drop index if exists ACT_IDX_HI_ACT_INST_END
10:47:16,913 [main] DEBUG org.activiti.engine.impl.db.DbSqlSession  - SQL: drop index if exists ACT_IDX_HI_DETAIL_PROC_INST
10:47:16,913 [main] DEBUG org.activiti.engine.impl.db.DbSqlSession  - SQL: drop index if exists ACT_IDX_HI_DETAIL_ACT_INST
10:47:16,913 [main] DEBUG org.activiti.engine.impl.db.DbSqlSession  - SQL: drop index if exists ACT_IDX_HI_DETAIL_TIME
10:47:16,913 [main] DEBUG org.activiti.engine.impl.db.DbSqlSession  - SQL: drop index if exists ACT_IDX_HI_DETAIL_NAME
10:47:16,913 [main] DEBUG org.activiti.engine.impl.db.DbSqlSession  - SQL: drop index if exists ACT_IDX_HI_DETAIL_TASK_ID
10:47:16,913 [main] DEBUG org.activiti.engine.impl.db.DbSqlSession  - SQL: drop index if exists ACT_IDX_HI_PROCVAR_PROC_INST
10:47:16,913 [main] DEBUG org.activiti.engine.impl.db.DbSqlSession  - SQL: drop index if exists ACT_IDX_HI_PROCVAR_NAME_TYPE
10:47:16,913 [main] DEBUG org.activiti.engine.impl.db.DbSqlSession  - SQL: drop index if exists ACT_IDX_HI_ACT_INST_PROCINST
10:47:16,913 [main] DEBUG org.activiti.engine.impl.db.DbSqlSession  - SQL: drop index if exists ACT_IDX_HI_IDENT_LNK_USER
10:47:16,913 [main] DEBUG org.activiti.engine.impl.db.DbSqlSession  - SQL: drop index if exists ACT_IDX_HI_IDENT_LNK_TASK
10:47:16,914 [main] DEBUG org.activiti.engine.impl.db.DbSqlSession  - SQL: drop index if exists ACT_IDX_HI_IDENT_LNK_PROCINST
10:47:16,914 [main] DEBUG org.activiti.engine.impl.db.DbSqlSession  - SQL: drop index if exists ACT_IDX_HI_TASK_INST_PROCINST
10:47:16,914 [main] DEBUG org.activiti.engine.impl.db.DbSqlSession  - activiti db schema drop for component history successful
10:47:16,914 [main] INFO  org.activiti.engine.impl.db.DbSqlSession  - performing drop on identity with resource org/activiti/db/drop/activiti.h2.drop.identity.sql
10:47:16,914 [main] DEBUG org.activiti.engine.impl.db.DbSqlSession  - SQL: drop table if exists ACT_ID_INFO cascade constraints
10:47:16,914 [main] DEBUG org.activiti.engine.impl.db.DbSqlSession  - SQL: drop table if exists ACT_ID_GROUP cascade constraints
10:47:16,914 [main] DEBUG org.activiti.engine.impl.db.DbSqlSession  - SQL: drop table if exists ACT_ID_MEMBERSHIP cascade constraints
10:47:16,914 [main] DEBUG org.activiti.engine.impl.db.DbSqlSession  - SQL: drop table if exists ACT_ID_USER cascade constraints
10:47:16,914 [main] DEBUG org.activiti.engine.impl.db.DbSqlSession  - activiti db schema drop for component identity successful
10:47:16,914 [main] INFO  org.activiti.engine.impl.db.DbSqlSession  - performing create on engine with resource org/activiti/db/create/activiti.h2.create.engine.sql
10:47:16,915 [main] DEBUG org.activiti.engine.impl.db.DbSqlSession  - SQL: create table ACT_GE_PROPERTY ( 
NAME_ varchar(64), 
VALUE_ varchar(300), 
REV_ integer, 
primary key (NAME_) 
)
10:47:16,915 [main] DEBUG org.activiti.engine.impl.db.DbSqlSession  - SQL: insert into ACT_GE_PROPERTY 
values (&apos;schema.version&apos;, &apos;5.20.0.0&apos;, 1)
10:47:16,915 [main] DEBUG org.activiti.engine.impl.db.DbSqlSession  - SQL: insert into ACT_GE_PROPERTY 
values (&apos;schema.history&apos;, &apos;create(5.20.0.0)&apos;, 1)
10:47:16,915 [main] DEBUG org.activiti.engine.impl.db.DbSqlSession  - SQL: insert into ACT_GE_PROPERTY 
values (&apos;next.dbid&apos;, &apos;1&apos;, 1)
10:47:16,915 [main] DEBUG org.activiti.engine.impl.db.DbSqlSession  - SQL: create table ACT_GE_BYTEARRAY ( 
ID_ varchar(64), 
REV_ integer, 
NAME_ varchar(255), 
DEPLOYMENT_ID_ varchar(64), 
BYTES_ longvarbinary, 
GENERATED_ bit, 
primary key (ID_) 
)
10:47:16,915 [main] DEBUG org.activiti.engine.impl.db.DbSqlSession  - SQL: create table ACT_RE_DEPLOYMENT ( 
ID_ varchar(64), 
NAME_ varchar(255), 
CATEGORY_ varchar(255), 
TENANT_ID_ varchar(255) default &apos;&apos;, 
DEPLOY_TIME_ timestamp, 
primary key (ID_) 
)
10:47:16,915 [main] DEBUG org.activiti.engine.impl.db.DbSqlSession  - SQL: create table ACT_RE_MODEL ( 
ID_ varchar(64) not null, 
REV_ integer, 
NAME_ varchar(255), 
KEY_ varchar(255), 
CATEGORY_ varchar(255), 
CREATE_TIME_ timestamp, 
LAST_UPDATE_TIME_ timestamp, 
VERSION_ integer, 
META_INFO_ varchar(4000), 
DEPLOYMENT_ID_ varchar(64), 
EDITOR_SOURCE_VALUE_ID_ varchar(64), 
EDITOR_SOURCE_EXTRA_VALUE_ID_ varchar(64), 
TENANT_ID_ varchar(255) default &apos;&apos;, 
primary key (ID_) 
)
10:47:16,915 [main] DEBUG org.activiti.engine.impl.db.DbSqlSession  - SQL: create table ACT_RU_EXECUTION ( 
ID_ varchar(64), 
REV_ integer, 
PROC_INST_ID_ varchar(64), 
BUSINESS_KEY_ varchar(255), 
PARENT_ID_ varchar(64), 
PROC_DEF_ID_ varchar(64), 
SUPER_EXEC_ varchar(64), 
ACT_ID_ varchar(255), 
IS_ACTIVE_ bit, 
IS_CONCURRENT_ bit, 
IS_SCOPE_ bit, 
IS_EVENT_SCOPE_ bit, 
SUSPENSION_STATE_ integer, 
CACHED_ENT_STATE_ integer, 
TENANT_ID_ varchar(255) default &apos;&apos;, 
NAME_ varchar(255), 
LOCK_TIME_ timestamp, 
primary key (ID_) 
)
10:47:16,915 [main] DEBUG org.activiti.engine.impl.db.DbSqlSession  - SQL: create table ACT_RU_JOB ( 
ID_ varchar(64) NOT NULL, 
REV_ integer, 
TYPE_ varchar(255) NOT NULL, 
LOCK_EXP_TIME_ timestamp, 
LOCK_OWNER_ varchar(255), 
EXCLUSIVE_ boolean, 
EXECUTION_ID_ varchar(64), 
PROCESS_INSTANCE_ID_ varchar(64), 
PROC_DEF_ID_ varchar(64), 
RETRIES_ integer, 
EXCEPTION_STACK_ID_ varchar(64), 
EXCEPTION_MSG_ varchar(4000), 
DUEDATE_ timestamp, 
REPEAT_ varchar(255), 
HANDLER_TYPE_ varchar(255), 
HANDLER_CFG_ varchar(4000), 
TENANT_ID_ varchar(255) default &apos;&apos;, 
primary key (ID_) 
)
10:47:16,915 [main] DEBUG org.activiti.engine.impl.db.DbSqlSession  - SQL: create table ACT_RE_PROCDEF ( 
ID_ varchar(64) NOT NULL, 
REV_ integer, 
CATEGORY_ varchar(255), 
NAME_ varchar(255), 
KEY_ varchar(255) NOT NULL, 
VERSION_ integer NOT NULL, 
DEPLOYMENT_ID_ varchar(64), 
RESOURCE_NAME_ varchar(4000), 
DGRM_RESOURCE_NAME_ varchar(4000), 
DESCRIPTION_ varchar(4000), 
HAS_START_FORM_KEY_ bit, 
HAS_GRAPHICAL_NOTATION_ bit, 
SUSPENSION_STATE_ integer, 
TENANT_ID_ varchar(255) default &apos;&apos;, 
primary key (ID_) 
)
10:47:16,915 [main] DEBUG org.activiti.engine.impl.db.DbSqlSession  - SQL: create table ACT_RU_TASK ( 
ID_ varchar(64), 
REV_ integer, 
EXECUTION_ID_ varchar(64), 
PROC_INST_ID_ varchar(64), 
PROC_DEF_ID_ varchar(64), 
NAME_ varchar(255), 
PARENT_TASK_ID_ varchar(64), 
DESCRIPTION_ varchar(4000), 
TASK_DEF_KEY_ varchar(255), 
OWNER_ varchar(255), 
ASSIGNEE_ varchar(255), 
DELEGATION_ varchar(64), 
PRIORITY_ integer, 
CREATE_TIME_ timestamp, 
DUE_DATE_ timestamp, 
CATEGORY_ varchar(255), 
SUSPENSION_STATE_ integer, 
TENANT_ID_ varchar(255) default &apos;&apos;, 
FORM_KEY_ varchar(255), 
primary key (ID_) 
)
10:47:16,916 [main] DEBUG org.activiti.engine.impl.db.DbSqlSession  - SQL: create table ACT_RU_IDENTITYLINK ( 
ID_ varchar(64), 
REV_ integer, 
GROUP_ID_ varchar(255), 
TYPE_ varchar(255), 
USER_ID_ varchar(255), 
TASK_ID_ varchar(64), 
PROC_INST_ID_ varchar(64) null, 
PROC_DEF_ID_ varchar(64), 
primary key (ID_) 
)
10:47:16,916 [main] DEBUG org.activiti.engine.impl.db.DbSqlSession  - SQL: create table ACT_RU_VARIABLE ( 
ID_ varchar(64) not null, 
REV_ integer, 
TYPE_ varchar(255) not null, 
NAME_ varchar(255) not null, 
EXECUTION_ID_ varchar(64), 
PROC_INST_ID_ varchar(64), 
TASK_ID_ varchar(64), 
BYTEARRAY_ID_ varchar(64), 
DOUBLE_ double, 
LONG_ bigint, 
TEXT_ varchar(4000), 
TEXT2_ varchar(4000), 
primary key (ID_) 
)
10:47:16,916 [main] DEBUG org.activiti.engine.impl.db.DbSqlSession  - SQL: create table ACT_RU_EVENT_SUBSCR ( 
ID_ varchar(64) not null, 
REV_ integer, 
EVENT_TYPE_ varchar(255) not null, 
EVENT_NAME_ varchar(255), 
EXECUTION_ID_ varchar(64), 
PROC_INST_ID_ varchar(64), 
ACTIVITY_ID_ varchar(64), 
CONFIGURATION_ varchar(255), 
CREATED_ timestamp not null, 
PROC_DEF_ID_ varchar(64), 
TENANT_ID_ varchar(255) default &apos;&apos;, 
primary key (ID_) 
)
10:47:16,916 [main] DEBUG org.activiti.engine.impl.db.DbSqlSession  - SQL: create table ACT_EVT_LOG ( 
LOG_NR_ identity, 
TYPE_ varchar(64), 
PROC_DEF_ID_ varchar(64), 
PROC_INST_ID_ varchar(64), 
EXECUTION_ID_ varchar(64), 
TASK_ID_ varchar(64), 
TIME_STAMP_ timestamp not null, 
USER_ID_ varchar(255), 
DATA_ longvarbinary, 
LOCK_OWNER_ varchar(255), 
LOCK_TIME_ timestamp, 
IS_PROCESSED_ bit default 0 
)
10:47:16,916 [main] DEBUG org.activiti.engine.impl.db.DbSqlSession  - SQL: create table ACT_PROCDEF_INFO ( 
ID_ varchar(64) not null, 
PROC_DEF_ID_ varchar(64) not null, 
REV_ integer, 
INFO_JSON_ID_ varchar(64), 
primary key (ID_) 
)
10:47:16,916 [main] DEBUG org.activiti.engine.impl.db.DbSqlSession  - SQL: create index ACT_IDX_EXEC_BUSKEY on ACT_RU_EXECUTION(BUSINESS_KEY_)
10:47:16,916 [main] DEBUG org.activiti.engine.impl.db.DbSqlSession  - SQL: create index ACT_IDX_TASK_CREATE on ACT_RU_TASK(CREATE_TIME_)
10:47:16,916 [main] DEBUG org.activiti.engine.impl.db.DbSqlSession  - SQL: create index ACT_IDX_IDENT_LNK_USER on ACT_RU_IDENTITYLINK(USER_ID_)
10:47:16,916 [main] DEBUG org.activiti.engine.impl.db.DbSqlSession  - SQL: create index ACT_IDX_IDENT_LNK_GROUP on ACT_RU_IDENTITYLINK(GROUP_ID_)
10:47:16,916 [main] DEBUG org.activiti.engine.impl.db.DbSqlSession  - SQL: create index ACT_IDX_EVENT_SUBSCR_CONFIG_ on ACT_RU_EVENT_SUBSCR(CONFIGURATION_)
10:47:16,916 [main] DEBUG org.activiti.engine.impl.db.DbSqlSession  - SQL: create index ACT_IDX_VARIABLE_TASK_ID on ACT_RU_VARIABLE(TASK_ID_)
10:47:16,916 [main] DEBUG org.activiti.engine.impl.db.DbSqlSession  - SQL: create index ACT_IDX_ATHRZ_PROCEDEF on ACT_RU_IDENTITYLINK(PROC_DEF_ID_)
10:47:16,916 [main] DEBUG org.activiti.engine.impl.db.DbSqlSession  - SQL: create index ACT_IDX_INFO_PROCDEF on ACT_PROCDEF_INFO(PROC_DEF_ID_)
10:47:16,916 [main] DEBUG org.activiti.engine.impl.db.DbSqlSession  - SQL: alter table ACT_GE_BYTEARRAY 
add constraint ACT_FK_BYTEARR_DEPL 
foreign key (DEPLOYMENT_ID_) 
references ACT_RE_DEPLOYMENT
10:47:16,917 [main] DEBUG org.activiti.engine.impl.db.DbSqlSession  - SQL: alter table ACT_RE_PROCDEF 
add constraint ACT_UNIQ_PROCDEF 
unique (KEY_,VERSION_, TENANT_ID_)
10:47:16,917 [main] DEBUG org.activiti.engine.impl.db.DbSqlSession  - SQL: alter table ACT_RU_EXECUTION 
add constraint ACT_FK_EXE_PROCINST 
foreign key (PROC_INST_ID_) 
references ACT_RU_EXECUTION
10:47:16,917 [main] DEBUG org.activiti.engine.impl.db.DbSqlSession  - SQL: alter table ACT_RU_EXECUTION 
add constraint ACT_FK_EXE_PARENT 
foreign key (PARENT_ID_) 
references ACT_RU_EXECUTION
10:47:16,917 [main] DEBUG org.activiti.engine.impl.db.DbSqlSession  - SQL: alter table ACT_RU_EXECUTION 
add constraint ACT_FK_EXE_SUPER 
foreign key (SUPER_EXEC_) 
references ACT_RU_EXECUTION
10:47:16,917 [main] DEBUG org.activiti.engine.impl.db.DbSqlSession  - SQL: alter table ACT_RU_EXECUTION 
add constraint ACT_FK_EXE_PROCDEF 
foreign key (PROC_DEF_ID_) 
references ACT_RE_PROCDEF (ID_)
10:47:16,917 [main] DEBUG org.activiti.engine.impl.db.DbSqlSession  - SQL: alter table ACT_RU_IDENTITYLINK 
add constraint ACT_FK_TSKASS_TASK 
foreign key (TASK_ID_) 
references ACT_RU_TASK
10:47:16,917 [main] DEBUG org.activiti.engine.impl.db.DbSqlSession  - SQL: alter table ACT_RU_IDENTITYLINK 
add constraint ACT_FK_ATHRZ_PROCEDEF 
foreign key (PROC_DEF_ID_) 
references ACT_RE_PROCDEF
10:47:16,918 [main] DEBUG org.activiti.engine.impl.db.DbSqlSession  - SQL: alter table ACT_RU_IDENTITYLINK 
add constraint ACT_FK_IDL_PROCINST 
foreign key (PROC_INST_ID_) 
references ACT_RU_EXECUTION (ID_)
10:47:16,918 [main] DEBUG org.activiti.engine.impl.db.DbSqlSession  - SQL: alter table ACT_RU_TASK 
add constraint ACT_FK_TASK_EXE 
foreign key (EXECUTION_ID_) 
references ACT_RU_EXECUTION
10:47:16,918 [main] DEBUG org.activiti.engine.impl.db.DbSqlSession  - SQL: alter table ACT_RU_TASK 
add constraint ACT_FK_TASK_PROCINST 
foreign key (PROC_INST_ID_) 
references ACT_RU_EXECUTION
10:47:16,918 [main] DEBUG org.activiti.engine.impl.db.DbSqlSession  - SQL: alter table ACT_RU_TASK 
add constraint ACT_FK_TASK_PROCDEF 
foreign key (PROC_DEF_ID_) 
references ACT_RE_PROCDEF
10:47:16,918 [main] DEBUG org.activiti.engine.impl.db.DbSqlSession  - SQL: alter table ACT_RU_VARIABLE 
add constraint ACT_FK_VAR_EXE 
foreign key (EXECUTION_ID_) 
references ACT_RU_EXECUTION
10:47:16,918 [main] DEBUG org.activiti.engine.impl.db.DbSqlSession  - SQL: alter table ACT_RU_VARIABLE 
add constraint ACT_FK_VAR_PROCINST 
foreign key (PROC_INST_ID_) 
references ACT_RU_EXECUTION
10:47:16,919 [main] DEBUG org.activiti.engine.impl.db.DbSqlSession  - SQL: alter table ACT_RU_VARIABLE 
add constraint ACT_FK_VAR_BYTEARRAY 
foreign key (BYTEARRAY_ID_) 
references ACT_GE_BYTEARRAY
10:47:16,919 [main] DEBUG org.activiti.engine.impl.db.DbSqlSession  - SQL: alter table ACT_RU_JOB 
add constraint ACT_FK_JOB_EXCEPTION 
foreign key (EXCEPTION_STACK_ID_) 
references ACT_GE_BYTEARRAY
10:47:16,919 [main] DEBUG org.activiti.engine.impl.db.DbSqlSession  - SQL: alter table ACT_RU_EVENT_SUBSCR 
add constraint ACT_FK_EVENT_EXEC 
foreign key (EXECUTION_ID_) 
references ACT_RU_EXECUTION
10:47:16,919 [main] DEBUG org.activiti.engine.impl.db.DbSqlSession  - SQL: alter table ACT_RE_MODEL 
add constraint ACT_FK_MODEL_SOURCE 
foreign key (EDITOR_SOURCE_VALUE_ID_) 
references ACT_GE_BYTEARRAY (ID_)
10:47:16,919 [main] DEBUG org.activiti.engine.impl.db.DbSqlSession  - SQL: alter table ACT_RE_MODEL 
add constraint ACT_FK_MODEL_SOURCE_EXTRA 
foreign key (EDITOR_SOURCE_EXTRA_VALUE_ID_) 
references ACT_GE_BYTEARRAY (ID_)
10:47:16,919 [main] DEBUG org.activiti.engine.impl.db.DbSqlSession  - SQL: alter table ACT_RE_MODEL 
add constraint ACT_FK_MODEL_DEPLOYMENT 
foreign key (DEPLOYMENT_ID_) 
references ACT_RE_DEPLOYMENT (ID_)
10:47:16,919 [main] DEBUG org.activiti.engine.impl.db.DbSqlSession  - SQL: alter table ACT_PROCDEF_INFO 
add constraint ACT_FK_INFO_JSON_BA 
foreign key (INFO_JSON_ID_) 
references ACT_GE_BYTEARRAY (ID_)
10:47:16,920 [main] DEBUG org.activiti.engine.impl.db.DbSqlSession  - SQL: alter table ACT_PROCDEF_INFO 
add constraint ACT_FK_INFO_PROCDEF 
foreign key (PROC_DEF_ID_) 
references ACT_RE_PROCDEF (ID_)
10:47:16,920 [main] DEBUG org.activiti.engine.impl.db.DbSqlSession  - SQL: alter table ACT_PROCDEF_INFO 
add constraint ACT_UNIQ_INFO_PROCDEF 
unique (PROC_DEF_ID_)
10:47:16,920 [main] DEBUG org.activiti.engine.impl.db.DbSqlSession  - activiti db schema create for component engine successful
10:47:16,920 [main] INFO  org.activiti.engine.impl.db.DbSqlSession  - performing create on history with resource org/activiti/db/create/activiti.h2.create.history.sql
10:47:16,920 [main] DEBUG org.activiti.engine.impl.db.DbSqlSession  - SQL: create table ACT_HI_PROCINST ( 
ID_ varchar(64) not null, 
PROC_INST_ID_ varchar(64) not null, 
BUSINESS_KEY_ varchar(255), 
PROC_DEF_ID_ varchar(64) not null, 
START_TIME_ timestamp not null, 
END_TIME_ timestamp, 
DURATION_ bigint, 
START_USER_ID_ varchar(255), 
START_ACT_ID_ varchar(255), 
END_ACT_ID_ varchar(255), 
SUPER_PROCESS_INSTANCE_ID_ varchar(64), 
DELETE_REASON_ varchar(4000), 
TENANT_ID_ varchar(255) default &apos;&apos;, 
NAME_ varchar(255), 
primary key (ID_), 
unique (PROC_INST_ID_) 
)
10:47:16,920 [main] DEBUG org.activiti.engine.impl.db.DbSqlSession  - SQL: create table ACT_HI_ACTINST ( 
ID_ varchar(64) not null, 
PROC_DEF_ID_ varchar(64) not null, 
PROC_INST_ID_ varchar(64) not null, 
EXECUTION_ID_ varchar(64) not null, 
ACT_ID_ varchar(255) not null, 
TASK_ID_ varchar(64), 
CALL_PROC_INST_ID_ varchar(64), 
ACT_NAME_ varchar(255), 
ACT_TYPE_ varchar(255) not null, 
ASSIGNEE_ varchar(255), 
START_TIME_ timestamp not null, 
END_TIME_ timestamp, 
DURATION_ bigint, 
TENANT_ID_ varchar(255) default &apos;&apos;, 
primary key (ID_) 
)
10:47:16,920 [main] DEBUG org.activiti.engine.impl.db.DbSqlSession  - SQL: create table ACT_HI_TASKINST ( 
ID_ varchar(64) not null, 
PROC_DEF_ID_ varchar(64), 
TASK_DEF_KEY_ varchar(255), 
PROC_INST_ID_ varchar(64), 
EXECUTION_ID_ varchar(64), 
NAME_ varchar(255), 
PARENT_TASK_ID_ varchar(64), 
DESCRIPTION_ varchar(4000), 
OWNER_ varchar(255), 
ASSIGNEE_ varchar(255), 
START_TIME_ timestamp not null, 
CLAIM_TIME_ timestamp, 
END_TIME_ timestamp, 
DURATION_ bigint, 
DELETE_REASON_ varchar(4000), 
PRIORITY_ integer, 
DUE_DATE_ timestamp, 
FORM_KEY_ varchar(255), 
CATEGORY_ varchar(255), 
TENANT_ID_ varchar(255) default &apos;&apos;, 
primary key (ID_) 
)
10:47:16,920 [main] DEBUG org.activiti.engine.impl.db.DbSqlSession  - SQL: create table ACT_HI_VARINST ( 
ID_ varchar(64) not null, 
PROC_INST_ID_ varchar(64), 
EXECUTION_ID_ varchar(64), 
TASK_ID_ varchar(64), 
NAME_ varchar(255) not null, 
VAR_TYPE_ varchar(100), 
REV_ integer, 
BYTEARRAY_ID_ varchar(64), 
DOUBLE_ double, 
LONG_ bigint, 
TEXT_ varchar(4000), 
TEXT2_ varchar(4000), 
CREATE_TIME_ timestamp, 
LAST_UPDATED_TIME_ timestamp, 
primary key (ID_) 
)
10:47:16,921 [main] DEBUG org.activiti.engine.impl.db.DbSqlSession  - SQL: create table ACT_HI_DETAIL ( 
ID_ varchar(64) not null, 
TYPE_ varchar(255) not null, 
TIME_ timestamp not null, 
NAME_ varchar(255), 
PROC_INST_ID_ varchar(64), 
EXECUTION_ID_ varchar(64), 
TASK_ID_ varchar(64), 
ACT_INST_ID_ varchar(64), 
VAR_TYPE_ varchar(255), 
REV_ integer, 
BYTEARRAY_ID_ varchar(64), 
DOUBLE_ double, 
LONG_ bigint, 
TEXT_ varchar(4000), 
TEXT2_ varchar(4000), 
primary key (ID_) 
)
10:47:16,921 [main] DEBUG org.activiti.engine.impl.db.DbSqlSession  - SQL: create table ACT_HI_COMMENT ( 
ID_ varchar(64) not null, 
TYPE_ varchar(255), 
TIME_ timestamp not null, 
USER_ID_ varchar(255), 
TASK_ID_ varchar(64), 
PROC_INST_ID_ varchar(64), 
ACTION_ varchar(255), 
MESSAGE_ varchar(4000), 
FULL_MSG_ longvarbinary, 
primary key (ID_) 
)
10:47:16,921 [main] DEBUG org.activiti.engine.impl.db.DbSqlSession  - SQL: create table ACT_HI_ATTACHMENT ( 
ID_ varchar(64) not null, 
REV_ integer, 
USER_ID_ varchar(255), 
NAME_ varchar(255), 
DESCRIPTION_ varchar(4000), 
TYPE_ varchar(255), 
TASK_ID_ varchar(64), 
PROC_INST_ID_ varchar(64), 
URL_ varchar(4000), 
CONTENT_ID_ varchar(64), 
TIME_ timestamp, 
primary key (ID_) 
)
10:47:16,921 [main] DEBUG org.activiti.engine.impl.db.DbSqlSession  - SQL: create table ACT_HI_IDENTITYLINK ( 
ID_ varchar(64), 
GROUP_ID_ varchar(255), 
TYPE_ varchar(255), 
USER_ID_ varchar(255), 
TASK_ID_ varchar(64), 
PROC_INST_ID_ varchar(64) null, 
primary key (ID_) 
)
10:47:16,921 [main] DEBUG org.activiti.engine.impl.db.DbSqlSession  - SQL: create index ACT_IDX_HI_PRO_INST_END on ACT_HI_PROCINST(END_TIME_)
10:47:16,921 [main] DEBUG org.activiti.engine.impl.db.DbSqlSession  - SQL: create index ACT_IDX_HI_PRO_I_BUSKEY on ACT_HI_PROCINST(BUSINESS_KEY_)
10:47:16,921 [main] DEBUG org.activiti.engine.impl.db.DbSqlSession  - SQL: create index ACT_IDX_HI_ACT_INST_START on ACT_HI_ACTINST(START_TIME_)
10:47:16,921 [main] DEBUG org.activiti.engine.impl.db.DbSqlSession  - SQL: create index ACT_IDX_HI_ACT_INST_END on ACT_HI_ACTINST(END_TIME_)
10:47:16,921 [main] DEBUG org.activiti.engine.impl.db.DbSqlSession  - SQL: create index ACT_IDX_HI_DETAIL_PROC_INST on ACT_HI_DETAIL(PROC_INST_ID_)
10:47:16,921 [main] DEBUG org.activiti.engine.impl.db.DbSqlSession  - SQL: create index ACT_IDX_HI_DETAIL_ACT_INST on ACT_HI_DETAIL(ACT_INST_ID_)
10:47:16,921 [main] DEBUG org.activiti.engine.impl.db.DbSqlSession  - SQL: create index ACT_IDX_HI_DETAIL_TIME on ACT_HI_DETAIL(TIME_)
10:47:16,921 [main] DEBUG org.activiti.engine.impl.db.DbSqlSession  - SQL: create index ACT_IDX_HI_DETAIL_NAME on ACT_HI_DETAIL(NAME_)
10:47:16,921 [main] DEBUG org.activiti.engine.impl.db.DbSqlSession  - SQL: create index ACT_IDX_HI_DETAIL_TASK_ID on ACT_HI_DETAIL(TASK_ID_)
10:47:16,921 [main] DEBUG org.activiti.engine.impl.db.DbSqlSession  - SQL: create index ACT_IDX_HI_PROCVAR_PROC_INST on ACT_HI_VARINST(PROC_INST_ID_)
10:47:16,921 [main] DEBUG org.activiti.engine.impl.db.DbSqlSession  - SQL: create index ACT_IDX_HI_PROCVAR_NAME_TYPE on ACT_HI_VARINST(NAME_, VAR_TYPE_)
10:47:16,921 [main] DEBUG org.activiti.engine.impl.db.DbSqlSession  - SQL: create index ACT_IDX_HI_PROCVAR_TASK_ID on ACT_HI_VARINST(TASK_ID_)
10:47:16,921 [main] DEBUG org.activiti.engine.impl.db.DbSqlSession  - SQL: create index ACT_IDX_HI_ACT_INST_PROCINST on ACT_HI_ACTINST(PROC_INST_ID_, ACT_ID_)
10:47:16,921 [main] DEBUG org.activiti.engine.impl.db.DbSqlSession  - SQL: create index ACT_IDX_HI_IDENT_LNK_USER on ACT_HI_IDENTITYLINK(USER_ID_)
10:47:16,921 [main] DEBUG org.activiti.engine.impl.db.DbSqlSession  - SQL: create index ACT_IDX_HI_IDENT_LNK_TASK on ACT_HI_IDENTITYLINK(TASK_ID_)
10:47:16,922 [main] DEBUG org.activiti.engine.impl.db.DbSqlSession  - SQL: create index ACT_IDX_HI_IDENT_LNK_PROCINST on ACT_HI_IDENTITYLINK(PROC_INST_ID_)
10:47:16,922 [main] DEBUG org.activiti.engine.impl.db.DbSqlSession  - SQL: create index ACT_IDX_HI_ACT_INST_EXEC on ACT_HI_ACTINST(EXECUTION_ID_, ACT_ID_)
10:47:16,922 [main] DEBUG org.activiti.engine.impl.db.DbSqlSession  - SQL: create index ACT_IDX_HI_TASK_INST_PROCINST on ACT_HI_TASKINST(PROC_INST_ID_)
10:47:16,922 [main] DEBUG org.activiti.engine.impl.db.DbSqlSession  - activiti db schema create for component history successful
10:47:16,922 [main] INFO  org.activiti.engine.impl.db.DbSqlSession  - performing create on identity with resource org/activiti/db/create/activiti.h2.create.identity.sql
10:47:16,922 [main] DEBUG org.activiti.engine.impl.db.DbSqlSession  - SQL: create table ACT_ID_GROUP ( 
ID_ varchar(64), 
REV_ integer, 
NAME_ varchar(255), 
TYPE_ varchar(255), 
primary key (ID_) 
)
10:47:16,922 [main] DEBUG org.activiti.engine.impl.db.DbSqlSession  - SQL: create table ACT_ID_MEMBERSHIP ( 
USER_ID_ varchar(64), 
GROUP_ID_ varchar(64), 
primary key (USER_ID_, GROUP_ID_) 
)
10:47:16,922 [main] DEBUG org.activiti.engine.impl.db.DbSqlSession  - SQL: create table ACT_ID_USER ( 
ID_ varchar(64), 
REV_ integer, 
FIRST_ varchar(255), 
LAST_ varchar(255), 
EMAIL_ varchar(255), 
PWD_ varchar(255), 
PICTURE_ID_ varchar(64), 
primary key (ID_) 
)
10:47:16,922 [main] DEBUG org.activiti.engine.impl.db.DbSqlSession  - SQL: create table ACT_ID_INFO ( 
ID_ varchar(64), 
REV_ integer, 
USER_ID_ varchar(64), 
TYPE_ varchar(64), 
KEY_ varchar(255), 
VALUE_ varchar(255), 
PASSWORD_ longvarbinary, 
PARENT_ID_ varchar(255), 
primary key (ID_) 
)
10:47:16,922 [main] DEBUG org.activiti.engine.impl.db.DbSqlSession  - SQL: alter table ACT_ID_MEMBERSHIP 
add constraint ACT_FK_MEMB_GROUP 
foreign key (GROUP_ID_) 
references ACT_ID_GROUP
10:47:16,922 [main] DEBUG org.activiti.engine.impl.db.DbSqlSession  - SQL: alter table ACT_ID_MEMBERSHIP 
add constraint ACT_FK_MEMB_USER 
foreign key (USER_ID_) 
references ACT_ID_USER
10:47:16,922 [main] DEBUG org.activiti.engine.impl.db.DbSqlSession  - activiti db schema create for component identity successful
10:47:16,923 [main] DEBUG org.activiti.engine.impl.db.DbSqlSession  - flush summary: 0 insert, 0 update, 0 delete.
10:47:16,923 [main] DEBUG org.activiti.engine.impl.db.DbSqlSession  - now executing flush...
10:47:16,923 [main] DEBUG org.activiti.engine.impl.cfg.standalone.StandaloneMybatisTransactionContext  - firing event committing...
10:47:16,923 [main] DEBUG org.activiti.engine.impl.cfg.standalone.StandaloneMybatisTransactionContext  - committing the ibatis sql session...
10:47:16,923 [main] DEBUG org.activiti.engine.impl.cfg.standalone.StandaloneMybatisTransactionContext  - firing event committed...
10:47:16,923 [main] DEBUG org.apache.ibatis.transaction.jdbc.JdbcTransaction  - Resetting autocommit to true on JDBC Connection [conn2: url=jdbc:h2:mem:activiti user=SA]
10:47:16,923 [main] DEBUG org.apache.ibatis.transaction.jdbc.JdbcTransaction  - Closing JDBC Connection [conn2: url=jdbc:h2:mem:activiti user=SA]
10:47:16,923 [main] DEBUG org.apache.ibatis.datasource.pooled.PooledDataSource  - Returned connection 363509958 to pool.
10:47:16,923 [main] DEBUG org.activiti.engine.impl.interceptor.LogInterceptor  - ---  finished --------------------------------------------------------
10:47:16,923 [main] DEBUG org.activiti.engine.impl.interceptor.LogInterceptor  - 

</system-out>
  </testcase>
  <testcase classname="org.activiti.engine.test.db.ProcessInstanceMigrationTest" name="testSetProcessDefinitionVersionEmptyArguments" time="0.005"/>
  <testcase classname="org.activiti.engine.test.db.ProcessInstanceMigrationTest" name="testSetProcessDefinitionVersionWithCallActivity" time="0.019">
    <error message="
### Error querying database.  Cause: org.h2.jdbc.JdbcSQLException: Syntax error in SQL statement &quot;SELECT RES.* 
       
    FROM ACT_RE_PROCDEF RES
     
     WHERE  RES.DEPLOYMENT_ID_ = ? 
   
     ORDER BY  ORDER[*] BY RES.ID_ ASC  
    LIMIT ? OFFSET ? &quot;; expected &quot;=, NOT, EXISTS, INTERSECTS, SELECT, FROM&quot;; SQL statement:
select RES.* 
       
    from ACT_RE_PROCDEF RES
     
     WHERE  RES.DEPLOYMENT_ID_ = ? 
   
     order by  order by RES.ID_ asc  
    LIMIT ? OFFSET ? [42001-176]
### The error may exist in org/activiti/db/mapping/entity/ProcessDefinition.xml
### The error may involve org.activiti.engine.impl.persistence.entity.ProcessDefinitionEntity.selectProcessDefinitionsByQueryCriteria
### The error occurred while executing a query
### SQL: select RES.*              from ACT_RE_PROCDEF RES            WHERE  RES.DEPLOYMENT_ID_ = ?           order by  order by RES.ID_ asc       LIMIT ? OFFSET ?
### Cause: org.h2.jdbc.JdbcSQLException: Syntax error in SQL statement &quot;SELECT RES.* 
       
    FROM ACT_RE_PROCDEF RES
     
     WHERE  RES.DEPLOYMENT_ID_ = ? 
   
     ORDER BY  ORDER[*] BY RES.ID_ ASC  
    LIMIT ? OFFSET ? &quot;; expected &quot;=, NOT, EXISTS, INTERSECTS, SELECT, FROM&quot;; SQL statement:
select RES.* 
       
    from ACT_RE_PROCDEF RES
     
     WHERE  RES.DEPLOYMENT_ID_ = ? 
   
     order by  order by RES.ID_ asc  
    LIMIT ? OFFSET ? [42001-176]" type="org.apache.ibatis.exceptions.PersistenceException">org.apache.ibatis.exceptions.PersistenceException: 
### Error querying database.  Cause: org.h2.jdbc.JdbcSQLException: Syntax error in SQL statement &quot;SELECT RES.* 
       
    FROM ACT_RE_PROCDEF RES
     
     WHERE  RES.DEPLOYMENT_ID_ = ? 
   
     ORDER BY  ORDER[*] BY RES.ID_ ASC  
    LIMIT ? OFFSET ? &quot;; expected &quot;=, NOT, EXISTS, INTERSECTS, SELECT, FROM&quot;; SQL statement:
select RES.* 
       
    from ACT_RE_PROCDEF RES
     
     WHERE  RES.DEPLOYMENT_ID_ = ? 
   
     order by  order by RES.ID_ asc  
    LIMIT ? OFFSET ? [42001-176]
### The error may exist in org/activiti/db/mapping/entity/ProcessDefinition.xml
### The error may involve org.activiti.engine.impl.persistence.entity.ProcessDefinitionEntity.selectProcessDefinitionsByQueryCriteria
### The error occurred while executing a query
### SQL: select RES.*              from ACT_RE_PROCDEF RES            WHERE  RES.DEPLOYMENT_ID_ = ?           order by  order by RES.ID_ asc       LIMIT ? OFFSET ?
### Cause: org.h2.jdbc.JdbcSQLException: Syntax error in SQL statement &quot;SELECT RES.* 
       
    FROM ACT_RE_PROCDEF RES
     
     WHERE  RES.DEPLOYMENT_ID_ = ? 
   
     ORDER BY  ORDER[*] BY RES.ID_ ASC  
    LIMIT ? OFFSET ? &quot;; expected &quot;=, NOT, EXISTS, INTERSECTS, SELECT, FROM&quot;; SQL statement:
select RES.* 
       
    from ACT_RE_PROCDEF RES
     
     WHERE  RES.DEPLOYMENT_ID_ = ? 
   
     order by  order by RES.ID_ asc  
    LIMIT ? OFFSET ? [42001-176]
	at org.apache.ibatis.exceptions.ExceptionFactory.wrapException(ExceptionFactory.java:30)
	at org.apache.ibatis.session.defaults.DefaultSqlSession.selectList(DefaultSqlSession.java:122)
	at org.apache.ibatis.session.defaults.DefaultSqlSession.selectList(DefaultSqlSession.java:113)
	at org.activiti.engine.impl.db.DbSqlSession.selectListWithRawParameter(DbSqlSession.java:438)
	at org.activiti.engine.impl.db.DbSqlSession.selectList(DbSqlSession.java:429)
	at org.activiti.engine.impl.db.DbSqlSession.selectList(DbSqlSession.java:419)
	at org.activiti.engine.impl.persistence.entity.ProcessDefinitionEntityManager.findProcessDefinitionsByQueryCriteria(ProcessDefinitionEntityManager.java:57)
	at org.activiti.engine.impl.ProcessDefinitionQueryImpl.executeList(ProcessDefinitionQueryImpl.java:307)
	at org.activiti.engine.impl.AbstractQuery.list(AbstractQuery.java:140)
	at org.activiti.engine.impl.persistence.deploy.DeploymentManager.removeDeployment(DeploymentManager.java:187)
	at org.activiti.engine.impl.cmd.DeleteDeploymentCmd.execute(DeleteDeploymentCmd.java:44)
	at org.activiti.engine.impl.cmd.DeleteDeploymentCmd.execute(DeleteDeploymentCmd.java:24)
	at org.activiti.engine.impl.interceptor.CommandInvoker.execute(CommandInvoker.java:24)
	at org.activiti.engine.impl.interceptor.CommandContextInterceptor.execute(CommandContextInterceptor.java:57)
	at org.activiti.engine.impl.interceptor.LogInterceptor.execute(LogInterceptor.java:37)
	at org.activiti.engine.impl.cfg.CommandExecutorImpl.execute(CommandExecutorImpl.java:40)
	at org.activiti.engine.impl.cfg.CommandExecutorImpl.execute(CommandExecutorImpl.java:35)
	at org.activiti.engine.impl.RepositoryServiceImpl.deleteDeployment(RepositoryServiceImpl.java:90)
	at org.activiti.engine.impl.test.TestHelper.annotationDeploymentTearDown(TestHelper.java:116)
	at org.activiti.engine.impl.test.AbstractActivitiTestCase.runBare(AbstractActivitiTestCase.java:116)
	at junit.framework.TestResult$1.protect(TestResult.java:122)
	at junit.framework.TestResult.runProtected(TestResult.java:142)
	at junit.framework.TestResult.run(TestResult.java:125)
	at junit.framework.TestCase.run(TestCase.java:129)
	at junit.framework.TestSuite.runTest(TestSuite.java:255)
	at junit.framework.TestSuite.run(TestSuite.java:250)
	at org.junit.internal.runners.JUnit38ClassRunner.run(JUnit38ClassRunner.java:84)
	at org.apache.maven.surefire.junit4.JUnit4TestSet.execute(JUnit4TestSet.java:35)
	at org.apache.maven.surefire.junit4.JUnit4Provider.executeTestSet(JUnit4Provider.java:146)
	at org.apache.maven.surefire.junit4.JUnit4Provider.invoke(JUnit4Provider.java:97)
	at sun.reflect.NativeMethodAccessorImpl.invoke0(Native Method)
	at sun.reflect.NativeMethodAccessorImpl.invoke(NativeMethodAccessorImpl.java:62)
	at sun.reflect.DelegatingMethodAccessorImpl.invoke(DelegatingMethodAccessorImpl.java:43)
	at java.lang.reflect.Method.invoke(Method.java:498)
	at org.apache.maven.surefire.booter.ProviderFactory$ClassLoaderProxy.invoke(ProviderFactory.java:103)
	at com.sun.proxy.$Proxy0.invoke(Unknown Source)
	at org.apache.maven.surefire.booter.SurefireStarter.invokeProvider(SurefireStarter.java:145)
	at org.apache.maven.surefire.booter.SurefireStarter.runSuitesInProcess(SurefireStarter.java:87)
	at org.apache.maven.surefire.booter.ForkedBooter.main(ForkedBooter.java:69)
Caused by: org.h2.jdbc.JdbcSQLException: Syntax error in SQL statement &quot;SELECT RES.* 
       
    FROM ACT_RE_PROCDEF RES
     
     WHERE  RES.DEPLOYMENT_ID_ = ? 
   
     ORDER BY  ORDER[*] BY RES.ID_ ASC  
    LIMIT ? OFFSET ? &quot;; expected &quot;=, NOT, EXISTS, INTERSECTS, SELECT, FROM&quot;; SQL statement:
select RES.* 
       
    from ACT_RE_PROCDEF RES
     
     WHERE  RES.DEPLOYMENT_ID_ = ? 
   
     order by  order by RES.ID_ asc  
    LIMIT ? OFFSET ? [42001-176]
	at org.h2.message.DbException.getJdbcSQLException(DbException.java:344)
	at org.h2.message.DbException.getSyntaxError(DbException.java:204)
	at org.h2.command.Parser.getSyntaxError(Parser.java:524)
	at org.h2.command.Parser.readTerm(Parser.java:2688)
	at org.h2.command.Parser.readFactor(Parser.java:2244)
	at org.h2.command.Parser.readSum(Parser.java:2231)
	at org.h2.command.Parser.readConcat(Parser.java:2201)
	at org.h2.command.Parser.readCondition(Parser.java:2051)
	at org.h2.command.Parser.readAnd(Parser.java:2023)
	at org.h2.command.Parser.readExpression(Parser.java:2015)
	at org.h2.command.Parser.parseEndOfQuery(Parser.java:1726)
	at org.h2.command.Parser.parseSelectUnionExtension(Parser.java:1706)
	at org.h2.command.Parser.parseSelectUnion(Parser.java:1675)
	at org.h2.command.Parser.parseSelect(Parser.java:1662)
	at org.h2.command.Parser.parsePrepared(Parser.java:434)
	at org.h2.command.Parser.parse(Parser.java:306)
	at org.h2.command.Parser.parse(Parser.java:282)
	at org.h2.command.Parser.prepareCommand(Parser.java:243)
	at org.h2.engine.Session.prepareLocal(Session.java:442)
	at org.h2.engine.Session.prepareCommand(Session.java:384)
	at org.h2.jdbc.JdbcConnection.prepareCommand(JdbcConnection.java:1188)
	at org.h2.jdbc.JdbcPreparedStatement.&lt;init&gt;(JdbcPreparedStatement.java:73)
	at org.h2.jdbc.JdbcConnection.prepareStatement(JdbcConnection.java:276)
	at sun.reflect.GeneratedMethodAccessor6.invoke(Unknown Source)
	at sun.reflect.DelegatingMethodAccessorImpl.invoke(DelegatingMethodAccessorImpl.java:43)
	at java.lang.reflect.Method.invoke(Method.java:498)
	at org.apache.ibatis.datasource.pooled.PooledConnection.invoke(PooledConnection.java:245)
	at com.sun.proxy.$Proxy12.prepareStatement(Unknown Source)
	at sun.reflect.GeneratedMethodAccessor6.invoke(Unknown Source)
	at sun.reflect.DelegatingMethodAccessorImpl.invoke(DelegatingMethodAccessorImpl.java:43)
	at java.lang.reflect.Method.invoke(Method.java:498)
	at org.apache.ibatis.logging.jdbc.ConnectionLogger.invoke(ConnectionLogger.java:55)
	at com.sun.proxy.$Proxy12.prepareStatement(Unknown Source)
	at org.apache.ibatis.executor.statement.PreparedStatementHandler.instantiateStatement(PreparedStatementHandler.java:79)
	at org.apache.ibatis.executor.statement.BaseStatementHandler.prepare(BaseStatementHandler.java:88)
	at org.apache.ibatis.executor.statement.RoutingStatementHandler.prepare(RoutingStatementHandler.java:58)
	at org.apache.ibatis.executor.SimpleExecutor.prepareStatement(SimpleExecutor.java:76)
	at org.apache.ibatis.executor.SimpleExecutor.doQuery(SimpleExecutor.java:61)
	at org.apache.ibatis.executor.BaseExecutor.queryFromDatabase(BaseExecutor.java:303)
	at org.apache.ibatis.executor.BaseExecutor.query(BaseExecutor.java:154)
	at org.apache.ibatis.executor.CachingExecutor.query(CachingExecutor.java:102)
	at org.apache.ibatis.executor.CachingExecutor.query(CachingExecutor.java:82)
	at org.apache.ibatis.session.defaults.DefaultSqlSession.selectList(DefaultSqlSession.java:120)
	... 37 more
</error>
    <system-out>10:47:16,928 [main] DEBUG org.activiti.engine.impl.test.TestHelper  - annotation @Deployment creates deployment for ProcessInstanceMigrationTest.testSetProcessDefinitionVersionWithCallActivity
10:47:16,929 [main] DEBUG org.activiti.engine.impl.interceptor.LogInterceptor  - 

10:47:16,929 [main] DEBUG org.activiti.engine.impl.interceptor.LogInterceptor  - --- starting DeployCmd --------------------------------------------------------
10:47:16,929 [main] DEBUG org.activiti.engine.impl.bpmn.deployer.BpmnDeployer  - Processing deployment ProcessInstanceMigrationTest.testSetProcessDefinitionVersionWithCallActivity
10:47:16,929 [main] INFO  org.activiti.engine.impl.bpmn.deployer.BpmnDeployer  - Processing resource org/activiti/engine/test/db/ProcessInstanceMigrationTest.withCallActivity.bpmn20.xml
10:47:16,936 [main] DEBUG org.activiti.engine.impl.bpmn.parser.handler.ProcessParseHandler  - Parsing process parentProcess
10:47:16,936 [main] DEBUG org.activiti.engine.impl.bpmn.parser.handler.AbstractBpmnParseHandler  - Parsing activity callActivity1
10:47:16,936 [main] DEBUG org.activiti.engine.impl.bpmn.parser.handler.AbstractBpmnParseHandler  - Parsing activity theStart1
10:47:16,936 [main] DEBUG org.activiti.engine.impl.bpmn.parser.handler.AbstractBpmnParseHandler  - Parsing activity theEnd1
10:47:16,936 [main] DEBUG org.activiti.engine.impl.bpmn.parser.handler.ProcessParseHandler  - Parsing process childProcess
10:47:16,936 [main] DEBUG org.activiti.engine.impl.bpmn.parser.handler.AbstractBpmnParseHandler  - Parsing activity waitState1
10:47:16,936 [main] DEBUG org.activiti.engine.impl.bpmn.parser.handler.AbstractBpmnParseHandler  - Parsing activity theStart2
10:47:16,936 [main] DEBUG org.activiti.engine.impl.bpmn.parser.handler.AbstractBpmnParseHandler  - Parsing activity theEnd2
10:47:16,936 [main] DEBUG org.apache.ibatis.transaction.jdbc.JdbcTransaction  - Opening JDBC Connection
10:47:16,936 [main] DEBUG org.apache.ibatis.datasource.pooled.PooledDataSource  - Checked out connection 486346394 from pool.
10:47:16,936 [main] DEBUG org.apache.ibatis.transaction.jdbc.JdbcTransaction  - Setting autocommit to false on JDBC Connection [conn6: url=jdbc:h2:mem:activiti user=SA]
10:47:16,936 [main] DEBUG org.activiti.engine.impl.persistence.entity.ProcessDefinitionEntity.selectLatestProcessDefinitionByKey  - ==&gt;  Preparing: select * from ACT_RE_PROCDEF where KEY_ = ? and (TENANT_ID_ = &apos;&apos; or TENANT_ID_ is null) and VERSION_ = (select max(VERSION_) from ACT_RE_PROCDEF where KEY_ = ? and (TENANT_ID_ = &apos;&apos; or TENANT_ID_ is null)) 
10:47:16,936 [main] DEBUG org.activiti.engine.impl.persistence.entity.ProcessDefinitionEntity.selectLatestProcessDefinitionByKey  - ==&gt; Parameters: parentProcess(String), parentProcess(String)
10:47:16,937 [main] DEBUG org.activiti.engine.impl.persistence.entity.ProcessDefinitionEntity.selectLatestProcessDefinitionByKey  - &lt;==      Total: 0
10:47:16,937 [main] DEBUG org.activiti.engine.impl.persistence.entity.JobEntity.selectJobByTypeAndProcessDefinitionKeyNoTenantId  - ==&gt;  Preparing: select J.* from ACT_RU_JOB J inner join ACT_RE_PROCDEF P on J.PROC_DEF_ID_ = P.ID_ where J.HANDLER_TYPE_ = ? and P.KEY_ = ? and (P.TENANT_ID_ = &apos;&apos; or P.TENANT_ID_ is null) 
10:47:16,937 [main] DEBUG org.activiti.engine.impl.persistence.entity.JobEntity.selectJobByTypeAndProcessDefinitionKeyNoTenantId  - ==&gt; Parameters: timer-start-event(String), parentProcess(String)
10:47:16,937 [main] DEBUG org.activiti.engine.impl.persistence.entity.JobEntity.selectJobByTypeAndProcessDefinitionKeyNoTenantId  - &lt;==      Total: 0
10:47:16,937 [main] DEBUG org.activiti.engine.impl.persistence.entity.ProcessDefinitionInfoEntity.selectProcessDefinitionInfoByProcessDefinitionId  - ==&gt;  Preparing: select * from ACT_PROCDEF_INFO where PROC_DEF_ID_ = ? 
10:47:16,937 [main] DEBUG org.activiti.engine.impl.persistence.entity.ProcessDefinitionInfoEntity.selectProcessDefinitionInfoByProcessDefinitionId  - ==&gt; Parameters: parentProcess:1:688(String)
10:47:16,937 [main] DEBUG org.activiti.engine.impl.persistence.entity.ProcessDefinitionInfoEntity.selectProcessDefinitionInfoByProcessDefinitionId  - &lt;==      Total: 0
10:47:16,937 [main] DEBUG org.activiti.engine.impl.interceptor.LogInterceptor  - 

10:47:16,937 [main] DEBUG org.activiti.engine.impl.interceptor.LogInterceptor  - --- starting GetProcessDefinitionInfoCmd --------------------------------------------------------
10:47:16,937 [main] DEBUG org.activiti.engine.impl.interceptor.CommandContextInterceptor  - Valid context found. Reusing it for the current command &apos;org.activiti.engine.impl.cmd.GetProcessDefinitionInfoCmd&apos;
10:47:16,937 [main] DEBUG org.activiti.engine.impl.interceptor.LogInterceptor  - 

10:47:16,937 [main] DEBUG org.activiti.engine.impl.interceptor.LogInterceptor  - --- starting  --------------------------------------------------------
10:47:16,937 [main] DEBUG org.activiti.engine.impl.interceptor.CommandContextInterceptor  - Valid context found. Reusing it for the current command &apos;null&apos;
10:47:16,937 [main] DEBUG org.activiti.engine.impl.interceptor.LogInterceptor  - ---  finished --------------------------------------------------------
10:47:16,937 [main] DEBUG org.activiti.engine.impl.interceptor.LogInterceptor  - 

10:47:16,937 [main] DEBUG org.activiti.engine.impl.interceptor.LogInterceptor  - --- GetProcessDefinitionInfoCmd finished --------------------------------------------------------
10:47:16,937 [main] DEBUG org.activiti.engine.impl.interceptor.LogInterceptor  - 

10:47:16,937 [main] DEBUG org.activiti.engine.impl.persistence.entity.ProcessDefinitionEntity.selectLatestProcessDefinitionByKey  - ==&gt;  Preparing: select * from ACT_RE_PROCDEF where KEY_ = ? and (TENANT_ID_ = &apos;&apos; or TENANT_ID_ is null) and VERSION_ = (select max(VERSION_) from ACT_RE_PROCDEF where KEY_ = ? and (TENANT_ID_ = &apos;&apos; or TENANT_ID_ is null)) 
10:47:16,937 [main] DEBUG org.activiti.engine.impl.persistence.entity.ProcessDefinitionEntity.selectLatestProcessDefinitionByKey  - ==&gt; Parameters: childProcess(String), childProcess(String)
10:47:16,937 [main] DEBUG org.activiti.engine.impl.persistence.entity.ProcessDefinitionEntity.selectLatestProcessDefinitionByKey  - &lt;==      Total: 0
10:47:16,937 [main] DEBUG org.activiti.engine.impl.persistence.entity.JobEntity.selectJobByTypeAndProcessDefinitionKeyNoTenantId  - ==&gt;  Preparing: select J.* from ACT_RU_JOB J inner join ACT_RE_PROCDEF P on J.PROC_DEF_ID_ = P.ID_ where J.HANDLER_TYPE_ = ? and P.KEY_ = ? and (P.TENANT_ID_ = &apos;&apos; or P.TENANT_ID_ is null) 
10:47:16,938 [main] DEBUG org.activiti.engine.impl.persistence.entity.JobEntity.selectJobByTypeAndProcessDefinitionKeyNoTenantId  - ==&gt; Parameters: timer-start-event(String), childProcess(String)
10:47:16,938 [main] DEBUG org.activiti.engine.impl.persistence.entity.JobEntity.selectJobByTypeAndProcessDefinitionKeyNoTenantId  - &lt;==      Total: 0
10:47:16,938 [main] DEBUG org.activiti.engine.impl.persistence.entity.ProcessDefinitionInfoEntity.selectProcessDefinitionInfoByProcessDefinitionId  - ==&gt;  Preparing: select * from ACT_PROCDEF_INFO where PROC_DEF_ID_ = ? 
10:47:16,938 [main] DEBUG org.activiti.engine.impl.persistence.entity.ProcessDefinitionInfoEntity.selectProcessDefinitionInfoByProcessDefinitionId  - ==&gt; Parameters: childProcess:1:689(String)
10:47:16,938 [main] DEBUG org.activiti.engine.impl.persistence.entity.ProcessDefinitionInfoEntity.selectProcessDefinitionInfoByProcessDefinitionId  - &lt;==      Total: 0
10:47:16,938 [main] DEBUG org.activiti.engine.impl.interceptor.LogInterceptor  - 

10:47:16,938 [main] DEBUG org.activiti.engine.impl.interceptor.LogInterceptor  - --- starting GetProcessDefinitionInfoCmd --------------------------------------------------------
10:47:16,938 [main] DEBUG org.activiti.engine.impl.interceptor.CommandContextInterceptor  - Valid context found. Reusing it for the current command &apos;org.activiti.engine.impl.cmd.GetProcessDefinitionInfoCmd&apos;
10:47:16,938 [main] DEBUG org.activiti.engine.impl.interceptor.LogInterceptor  - 

10:47:16,938 [main] DEBUG org.activiti.engine.impl.interceptor.LogInterceptor  - --- starting  --------------------------------------------------------
10:47:16,938 [main] DEBUG org.activiti.engine.impl.interceptor.CommandContextInterceptor  - Valid context found. Reusing it for the current command &apos;null&apos;
10:47:16,938 [main] DEBUG org.activiti.engine.impl.interceptor.LogInterceptor  - ---  finished --------------------------------------------------------
10:47:16,938 [main] DEBUG org.activiti.engine.impl.interceptor.LogInterceptor  - 

10:47:16,938 [main] DEBUG org.activiti.engine.impl.interceptor.LogInterceptor  - --- GetProcessDefinitionInfoCmd finished --------------------------------------------------------
10:47:16,938 [main] DEBUG org.activiti.engine.impl.interceptor.LogInterceptor  - 

10:47:16,938 [main] DEBUG org.activiti.engine.impl.db.DbSqlSession  -   insert ResourceEntity[id=687, name=org/activiti/engine/test/db/ProcessInstanceMigrationTest.withCallActivity.bpmn20.xml]
10:47:16,938 [main] DEBUG org.activiti.engine.impl.db.DbSqlSession  -   insert DeploymentEntity[id=686, name=ProcessInstanceMigrationTest.testSetProcessDefinitionVersionWithCallActivity]
10:47:16,938 [main] DEBUG org.activiti.engine.impl.db.DbSqlSession  -   insert ProcessDefinitionEntity[parentProcess:1:688]
10:47:16,938 [main] DEBUG org.activiti.engine.impl.db.DbSqlSession  -   insert ProcessDefinitionEntity[childProcess:1:689]
10:47:16,938 [main] DEBUG org.activiti.engine.impl.db.DbSqlSession  - flush summary: 4 insert, 0 update, 0 delete.
10:47:16,938 [main] DEBUG org.activiti.engine.impl.db.DbSqlSession  - now executing flush...
10:47:16,938 [main] DEBUG org.activiti.engine.impl.persistence.entity.ProcessDefinitionEntity.bulkInsertProcessDefinition  - ==&gt;  Preparing: INSERT INTO ACT_RE_PROCDEF(ID_, REV_, CATEGORY_, NAME_, KEY_, VERSION_, DEPLOYMENT_ID_, RESOURCE_NAME_, DGRM_RESOURCE_NAME_, DESCRIPTION_, HAS_START_FORM_KEY_, HAS_GRAPHICAL_NOTATION_ , SUSPENSION_STATE_, TENANT_ID_) VALUES (?, 1, ?, ?, ?, ?, ?, ?, ?, ?, ?, ?, ?, ?) , (?, 1, ?, ?, ?, ?, ?, ?, ?, ?, ?, ?, ?, ?) 
10:47:16,939 [main] DEBUG org.activiti.engine.impl.persistence.entity.ProcessDefinitionEntity.bulkInsertProcessDefinition  - ==&gt; Parameters: parentProcess:1:688(String), Examples(String), null, parentProcess(String), 1(Integer), 686(String), org/activiti/engine/test/db/ProcessInstanceMigrationTest.withCallActivity.bpmn20.xml(String), null, null, false(Boolean), false(Boolean), 1(Integer), (String), childProcess:1:689(String), Examples(String), null, childProcess(String), 1(Integer), 686(String), org/activiti/engine/test/db/ProcessInstanceMigrationTest.withCallActivity.bpmn20.xml(String), null, null, false(Boolean), false(Boolean), 1(Integer), (String)
10:47:16,939 [main] DEBUG org.activiti.engine.impl.persistence.entity.ProcessDefinitionEntity.bulkInsertProcessDefinition  - &lt;==    Updates: 2
10:47:16,939 [main] DEBUG org.activiti.engine.impl.db.DbSqlSession  - inserting: DeploymentEntity[id=686, name=ProcessInstanceMigrationTest.testSetProcessDefinitionVersionWithCallActivity]
10:47:16,939 [main] DEBUG org.activiti.engine.impl.persistence.entity.DeploymentEntity.insertDeployment  - ==&gt;  Preparing: insert into ACT_RE_DEPLOYMENT(ID_, NAME_, CATEGORY_, TENANT_ID_, DEPLOY_TIME_) values(?, ?, ?, ?, ?) 
10:47:16,939 [main] DEBUG org.activiti.engine.impl.persistence.entity.DeploymentEntity.insertDeployment  - ==&gt; Parameters: 686(String), ProcessInstanceMigrationTest.testSetProcessDefinitionVersionWithCallActivity(String), null, (String), 2023-03-20 10:47:16.929(Timestamp)
10:47:16,939 [main] DEBUG org.activiti.engine.impl.persistence.entity.DeploymentEntity.insertDeployment  - &lt;==    Updates: 1
10:47:16,939 [main] DEBUG org.activiti.engine.impl.db.DbSqlSession  - inserting: ResourceEntity[id=687, name=org/activiti/engine/test/db/ProcessInstanceMigrationTest.withCallActivity.bpmn20.xml]
10:47:16,939 [main] DEBUG org.activiti.engine.impl.persistence.entity.ResourceEntity.insertResource  - ==&gt;  Preparing: insert into ACT_GE_BYTEARRAY(ID_, REV_, NAME_, BYTES_, DEPLOYMENT_ID_, GENERATED_) values (?, 1, ?, ?, ?, ?) 
10:47:16,939 [main] DEBUG org.activiti.engine.impl.persistence.entity.ResourceEntity.insertResource  - ==&gt; Parameters: 687(String), org/activiti/engine/test/db/ProcessInstanceMigrationTest.withCallActivity.bpmn20.xml(String), java.io.ByteArrayInputStream@4ea556b3(ByteArrayInputStream), 686(String), false(Boolean)
10:47:16,939 [main] DEBUG org.activiti.engine.impl.persistence.entity.ResourceEntity.insertResource  - &lt;==    Updates: 1
10:47:16,939 [main] DEBUG org.activiti.engine.impl.cfg.standalone.StandaloneMybatisTransactionContext  - firing event committing...
10:47:16,939 [main] DEBUG org.activiti.engine.impl.cfg.standalone.StandaloneMybatisTransactionContext  - committing the ibatis sql session...
10:47:16,939 [main] DEBUG org.apache.ibatis.transaction.jdbc.JdbcTransaction  - Committing JDBC Connection [conn6: url=jdbc:h2:mem:activiti user=SA]
10:47:16,939 [main] DEBUG org.activiti.engine.impl.cfg.standalone.StandaloneMybatisTransactionContext  - firing event committed...
10:47:16,939 [main] DEBUG org.apache.ibatis.transaction.jdbc.JdbcTransaction  - Resetting autocommit to true on JDBC Connection [conn6: url=jdbc:h2:mem:activiti user=SA]
10:47:16,939 [main] DEBUG org.apache.ibatis.transaction.jdbc.JdbcTransaction  - Closing JDBC Connection [conn6: url=jdbc:h2:mem:activiti user=SA]
10:47:16,939 [main] DEBUG org.apache.ibatis.datasource.pooled.PooledDataSource  - Returned connection 486346394 to pool.
10:47:16,939 [main] DEBUG org.activiti.engine.impl.interceptor.LogInterceptor  - --- DeployCmd finished --------------------------------------------------------
10:47:16,939 [main] DEBUG org.activiti.engine.impl.interceptor.LogInterceptor  - 

10:47:16,939 [main] DEBUG org.activiti.engine.impl.test.PvmTestCase  - 

10:47:16,939 [main] DEBUG org.activiti.engine.impl.test.PvmTestCase  - #### START ProcessInstanceMigrationTest.testSetProcessDefinitionVersionWithCallActivity ###########################################################
10:47:16,940 [main] DEBUG org.activiti.engine.impl.interceptor.LogInterceptor  - 

10:47:16,940 [main] DEBUG org.activiti.engine.impl.interceptor.LogInterceptor  - --- starting StartProcessInstanceCmd --------------------------------------------------------
10:47:16,940 [main] DEBUG org.apache.ibatis.transaction.jdbc.JdbcTransaction  - Opening JDBC Connection
10:47:16,940 [main] DEBUG org.apache.ibatis.datasource.pooled.PooledDataSource  - Checked out connection 297240765 from pool.
10:47:16,940 [main] DEBUG org.apache.ibatis.transaction.jdbc.JdbcTransaction  - Setting autocommit to false on JDBC Connection [conn4: url=jdbc:h2:mem:activiti user=SA]
10:47:16,940 [main] DEBUG org.activiti.engine.impl.persistence.entity.ProcessDefinitionEntity.selectLatestProcessDefinitionByKey  - ==&gt;  Preparing: select * from ACT_RE_PROCDEF where KEY_ = ? and (TENANT_ID_ = &apos;&apos; or TENANT_ID_ is null) and VERSION_ = (select max(VERSION_) from ACT_RE_PROCDEF where KEY_ = ? and (TENANT_ID_ = &apos;&apos; or TENANT_ID_ is null)) 
10:47:16,940 [main] DEBUG org.activiti.engine.impl.persistence.entity.ProcessDefinitionEntity.selectLatestProcessDefinitionByKey  - ==&gt; Parameters: parentProcess(String), parentProcess(String)
10:47:16,940 [main] DEBUG org.activiti.engine.impl.persistence.entity.ProcessDefinitionEntity.selectLatestProcessDefinitionByKey  - &lt;==      Total: 1
10:47:16,940 [main] DEBUG org.activiti.engine.impl.persistence.entity.ExecutionEntity  - initializing ProcessInstance[690]
10:47:16,940 [main] DEBUG org.activiti.engine.impl.history.DefaultHistoryManager  - Current history level: FULL, level required: ACTIVITY
10:47:16,940 [main] DEBUG org.activiti.engine.impl.pvm.runtime.AtomicOperationActivityExecute  - ProcessInstance[690] executes Activity(theStart1): org.activiti.engine.impl.bpmn.behavior.NoneStartEventActivityBehavior
10:47:16,940 [main] DEBUG org.activiti.engine.impl.persistence.entity.JobEntity.selectJobsByExecutionId  - ==&gt;  Preparing: select * from ACT_RU_JOB J where J.EXECUTION_ID_ = ? 
10:47:16,940 [main] DEBUG org.activiti.engine.impl.persistence.entity.JobEntity.selectJobsByExecutionId  - ==&gt; Parameters: 690(String)
10:47:16,940 [main] DEBUG org.activiti.engine.impl.persistence.entity.JobEntity.selectJobsByExecutionId  - &lt;==      Total: 0
10:47:16,940 [main] DEBUG org.activiti.engine.impl.bpmn.behavior.BpmnActivityBehavior  - Leaving activity &apos;theStart1&apos;
10:47:16,940 [main] DEBUG org.activiti.engine.impl.history.DefaultHistoryManager  - Current history level: FULL, level required: ACTIVITY
10:47:16,941 [main] DEBUG org.activiti.engine.impl.pvm.runtime.AtomicOperationTransitionNotifyListenerTake  - ProcessInstance[690] takes transition (theStart1)--flow1--&gt;(callActivity1)
10:47:16,941 [main] DEBUG org.activiti.engine.impl.persistence.entity.ExecutionEntity  - Child execution ScopeExecution[692] created with parent 
10:47:16,941 [main] DEBUG org.activiti.engine.impl.pvm.runtime.AtomicOperationTransitionCreateScope  - create scope: parent ProcessInstance[690] continues as execution ScopeExecution[692]
10:47:16,941 [main] DEBUG org.activiti.engine.impl.persistence.entity.ExecutionEntity  - initializing ScopeExecution[692]
10:47:16,941 [main] DEBUG org.activiti.engine.impl.history.DefaultHistoryManager  - Current history level: FULL, level required: ACTIVITY
10:47:16,941 [main] DEBUG org.activiti.engine.impl.pvm.runtime.AtomicOperationActivityExecute  - ScopeExecution[692] executes Activity(callActivity1): org.activiti.engine.impl.bpmn.behavior.CallActivityBehavior
10:47:16,941 [main] DEBUG org.activiti.engine.impl.persistence.entity.ProcessDefinitionEntity.selectLatestProcessDefinitionByKey  - ==&gt;  Preparing: select * from ACT_RE_PROCDEF where KEY_ = ? and (TENANT_ID_ = &apos;&apos; or TENANT_ID_ is null) and VERSION_ = (select max(VERSION_) from ACT_RE_PROCDEF where KEY_ = ? and (TENANT_ID_ = &apos;&apos; or TENANT_ID_ is null)) 
10:47:16,941 [main] DEBUG org.activiti.engine.impl.persistence.entity.ProcessDefinitionEntity.selectLatestProcessDefinitionByKey  - ==&gt; Parameters: childProcess(String), childProcess(String)
10:47:16,941 [main] DEBUG org.activiti.engine.impl.persistence.entity.ProcessDefinitionEntity.selectLatestProcessDefinitionByKey  - &lt;==      Total: 1
10:47:16,941 [main] DEBUG org.activiti.engine.impl.history.DefaultHistoryManager  - Current history level: FULL, level required: ACTIVITY
10:47:16,941 [main] DEBUG org.activiti.engine.impl.persistence.entity.VariableInstanceEntity.selectVariablesByExecutionId  - ==&gt;  Preparing: select * from ACT_RU_VARIABLE where EXECUTION_ID_ = ? and TASK_ID_ is null 
10:47:16,941 [main] DEBUG org.activiti.engine.impl.persistence.entity.VariableInstanceEntity.selectVariablesByExecutionId  - ==&gt; Parameters: 694(String)
10:47:16,941 [main] DEBUG org.activiti.engine.impl.persistence.entity.VariableInstanceEntity.selectVariablesByExecutionId  - &lt;==      Total: 0
10:47:16,941 [main] DEBUG org.activiti.engine.impl.pvm.runtime.AtomicOperationActivityExecute  - ProcessInstance[694] executes Activity(theStart2): org.activiti.engine.impl.bpmn.behavior.NoneStartEventActivityBehavior
10:47:16,941 [main] DEBUG org.activiti.engine.impl.persistence.entity.JobEntity.selectJobsByExecutionId  - ==&gt;  Preparing: select * from ACT_RU_JOB J where J.EXECUTION_ID_ = ? 
10:47:16,942 [main] DEBUG org.activiti.engine.impl.persistence.entity.JobEntity.selectJobsByExecutionId  - ==&gt; Parameters: 694(String)
10:47:16,942 [main] DEBUG org.activiti.engine.impl.persistence.entity.JobEntity.selectJobsByExecutionId  - &lt;==      Total: 0
10:47:16,942 [main] DEBUG org.activiti.engine.impl.bpmn.behavior.BpmnActivityBehavior  - Leaving activity &apos;theStart2&apos;
10:47:16,942 [main] DEBUG org.activiti.engine.impl.history.DefaultHistoryManager  - Current history level: FULL, level required: ACTIVITY
10:47:16,942 [main] DEBUG org.activiti.engine.impl.pvm.runtime.AtomicOperationTransitionNotifyListenerTake  - ProcessInstance[694] takes transition (theStart2)--flow3--&gt;(waitState1)
10:47:16,942 [main] DEBUG org.activiti.engine.impl.history.DefaultHistoryManager  - Current history level: FULL, level required: ACTIVITY
10:47:16,942 [main] DEBUG org.activiti.engine.impl.pvm.runtime.AtomicOperationActivityExecute  - ProcessInstance[694] executes Activity(waitState1): org.activiti.engine.impl.bpmn.behavior.ReceiveTaskActivityBehavior
10:47:16,942 [main] DEBUG org.activiti.engine.impl.db.DbSqlSession  -   insert ProcessInstance[690]
10:47:16,942 [main] DEBUG org.activiti.engine.impl.db.DbSqlSession  -   insert ScopeExecution[692]
10:47:16,942 [main] DEBUG org.activiti.engine.impl.db.DbSqlSession  -   insert ProcessInstance[694]
10:47:16,942 [main] DEBUG org.activiti.engine.impl.db.DbSqlSession  -   insert HistoricProcessInstanceEntity[superProcessInstanceId=null]
10:47:16,942 [main] DEBUG org.activiti.engine.impl.db.DbSqlSession  -   insert HistoricProcessInstanceEntity[superProcessInstanceId=690]
10:47:16,942 [main] DEBUG org.activiti.engine.impl.db.DbSqlSession  -   insert HistoricActivityInstanceEntity[activityId=theStart1, activityName=null]
10:47:16,942 [main] DEBUG org.activiti.engine.impl.db.DbSqlSession  -   insert HistoricActivityInstanceEntity[activityId=callActivity1, activityName=Call Activity]
10:47:16,942 [main] DEBUG org.activiti.engine.impl.db.DbSqlSession  -   insert HistoricActivityInstanceEntity[activityId=theStart2, activityName=null]
10:47:16,942 [main] DEBUG org.activiti.engine.impl.db.DbSqlSession  -   insert HistoricActivityInstanceEntity[activityId=waitState1, activityName=Wait State 1]
10:47:16,942 [main] DEBUG org.activiti.engine.impl.db.DbSqlSession  - flush summary: 9 insert, 0 update, 0 delete.
10:47:16,942 [main] DEBUG org.activiti.engine.impl.db.DbSqlSession  - now executing flush...
10:47:16,942 [main] DEBUG org.activiti.engine.impl.persistence.entity.HistoricProcessInstanceEntity.bulkInsertHistoricProcessInstance  - ==&gt;  Preparing: insert into ACT_HI_PROCINST ( ID_, PROC_INST_ID_, BUSINESS_KEY_, PROC_DEF_ID_, START_TIME_, END_TIME_, DURATION_, START_USER_ID_, START_ACT_ID_, END_ACT_ID_, SUPER_PROCESS_INSTANCE_ID_, DELETE_REASON_, TENANT_ID_, NAME_ ) values (?, ?, ?, ?, ?, ?, ?, ?, ?, ?, ?, ?, ?, ?) , (?, ?, ?, ?, ?, ?, ?, ?, ?, ?, ?, ?, ?, ?) 
10:47:16,943 [main] DEBUG org.activiti.engine.impl.persistence.entity.HistoricProcessInstanceEntity.bulkInsertHistoricProcessInstance  - ==&gt; Parameters: 690(String), 690(String), null, parentProcess:1:688(String), 2023-03-20 10:47:16.94(Timestamp), null, null, null, theStart1(String), null, null, null, (String), null, 694(String), 694(String), null, childProcess:1:689(String), 2023-03-20 10:47:16.941(Timestamp), null, null, null, theStart2(String), null, 690(String), null, (String), null
10:47:16,943 [main] DEBUG org.activiti.engine.impl.persistence.entity.HistoricProcessInstanceEntity.bulkInsertHistoricProcessInstance  - &lt;==    Updates: 2
10:47:16,943 [main] DEBUG org.activiti.engine.impl.persistence.entity.HistoricActivityInstanceEntity.bulkInsertHistoricActivityInstance  - ==&gt;  Preparing: insert into ACT_HI_ACTINST ( ID_, PROC_DEF_ID_, PROC_INST_ID_, EXECUTION_ID_, ACT_ID_, TASK_ID_, CALL_PROC_INST_ID_, ACT_NAME_, ACT_TYPE_, ASSIGNEE_, START_TIME_, END_TIME_, DURATION_, TENANT_ID_ ) values (?, ?, ?, ?, ?, ?, ?, ?, ?, ?, ?, ?, ?, ?) , (?, ?, ?, ?, ?, ?, ?, ?, ?, ?, ?, ?, ?, ?) , (?, ?, ?, ?, ?, ?, ?, ?, ?, ?, ?, ?, ?, ?) , (?, ?, ?, ?, ?, ?, ?, ?, ?, ?, ?, ?, ?, ?) 
10:47:16,943 [main] DEBUG org.activiti.engine.impl.persistence.entity.HistoricActivityInstanceEntity.bulkInsertHistoricActivityInstance  - ==&gt; Parameters: 691(String), parentProcess:1:688(String), 690(String), 690(String), theStart1(String), null, null, null, startEvent(String), null, 2023-03-20 10:47:16.94(Timestamp), 2023-03-20 10:47:16.94(Timestamp), 0(Long), (String), 693(String), parentProcess:1:688(String), 690(String), 692(String), callActivity1(String), null, 694(String), Call Activity(String), callActivity(String), null, 2023-03-20 10:47:16.941(Timestamp), null, null, (String), 695(String), childProcess:1:689(String), 694(String), 694(String), theStart2(String), null, null, null, startEvent(String), null, 2023-03-20 10:47:16.941(Timestamp), 2023-03-20 10:47:16.942(Timestamp), 1(Long), (String), 696(String), childProcess:1:689(String), 694(String), 694(String), waitState1(String), null, null, Wait State 1(String), receiveTask(String), null, 2023-03-20 10:47:16.942(Timestamp), null, null, (String)
10:47:16,943 [main] DEBUG org.activiti.engine.impl.persistence.entity.HistoricActivityInstanceEntity.bulkInsertHistoricActivityInstance  - &lt;==    Updates: 4
10:47:16,943 [main] DEBUG org.activiti.engine.impl.persistence.entity.ExecutionEntity.bulkInsertExecution  - ==&gt;  Preparing: insert into ACT_RU_EXECUTION (ID_, REV_, PROC_INST_ID_, BUSINESS_KEY_, PROC_DEF_ID_, ACT_ID_, IS_ACTIVE_, IS_CONCURRENT_, IS_SCOPE_,IS_EVENT_SCOPE_, PARENT_ID_, SUPER_EXEC_, SUSPENSION_STATE_, CACHED_ENT_STATE_, TENANT_ID_, NAME_) values (?, 1, ?, ?, ?, ?, ?, ?, ?, ?, ?, ?, ?, ?, ?, ?) , (?, 1, ?, ?, ?, ?, ?, ?, ?, ?, ?, ?, ?, ?, ?, ?) , (?, 1, ?, ?, ?, ?, ?, ?, ?, ?, ?, ?, ?, ?, ?, ?) 
10:47:16,944 [main] DEBUG org.activiti.engine.impl.persistence.entity.ExecutionEntity.bulkInsertExecution  - ==&gt; Parameters: 690(String), 690(String), null, parentProcess:1:688(String), null, false(Boolean), false(Boolean), true(Boolean), false(Boolean), null, null, 1(Integer), 2(Integer), (String), null, 692(String), 690(String), null, parentProcess:1:688(String), callActivity1(String), true(Boolean), false(Boolean), true(Boolean), false(Boolean), 690(String), null, 1(Integer), 6(Integer), (String), null, 694(String), 694(String), null, childProcess:1:689(String), waitState1(String), true(Boolean), false(Boolean), true(Boolean), false(Boolean), null, 692(String), 1(Integer), 3(Integer), (String), null
10:47:16,944 [main] DEBUG org.activiti.engine.impl.persistence.entity.ExecutionEntity.bulkInsertExecution  - &lt;==    Updates: 3
10:47:16,944 [main] DEBUG org.activiti.engine.impl.cfg.standalone.StandaloneMybatisTransactionContext  - firing event committing...
10:47:16,944 [main] DEBUG org.activiti.engine.impl.cfg.standalone.StandaloneMybatisTransactionContext  - committing the ibatis sql session...
10:47:16,944 [main] DEBUG org.apache.ibatis.transaction.jdbc.JdbcTransaction  - Committing JDBC Connection [conn4: url=jdbc:h2:mem:activiti user=SA]
10:47:16,944 [main] DEBUG org.activiti.engine.impl.cfg.standalone.StandaloneMybatisTransactionContext  - firing event committed...
10:47:16,944 [main] DEBUG org.apache.ibatis.transaction.jdbc.JdbcTransaction  - Resetting autocommit to true on JDBC Connection [conn4: url=jdbc:h2:mem:activiti user=SA]
10:47:16,944 [main] DEBUG org.apache.ibatis.transaction.jdbc.JdbcTransaction  - Closing JDBC Connection [conn4: url=jdbc:h2:mem:activiti user=SA]
10:47:16,944 [main] DEBUG org.apache.ibatis.datasource.pooled.PooledDataSource  - Returned connection 297240765 to pool.
10:47:16,944 [main] DEBUG org.activiti.engine.impl.interceptor.LogInterceptor  - --- StartProcessInstanceCmd finished --------------------------------------------------------
10:47:16,944 [main] DEBUG org.activiti.engine.impl.interceptor.LogInterceptor  - 

10:47:16,944 [main] DEBUG org.activiti.engine.impl.interceptor.LogInterceptor  - 

10:47:16,944 [main] DEBUG org.activiti.engine.impl.interceptor.LogInterceptor  - --- starting ExecutionQueryImpl --------------------------------------------------------
10:47:16,944 [main] DEBUG org.apache.ibatis.transaction.jdbc.JdbcTransaction  - Opening JDBC Connection
10:47:16,944 [main] DEBUG org.apache.ibatis.datasource.pooled.PooledDataSource  - Checked out connection 363509958 from pool.
10:47:16,944 [main] DEBUG org.apache.ibatis.transaction.jdbc.JdbcTransaction  - Setting autocommit to false on JDBC Connection [conn2: url=jdbc:h2:mem:activiti user=SA]
10:47:16,944 [main] DEBUG org.activiti.engine.impl.persistence.entity.ExecutionEntity.selectExecutionsByQueryCriteria  - ==&gt;  Preparing: select distinct RES.* , P.KEY_ as ProcessDefinitionKey, P.ID_ as ProcessDefinitionId from ACT_RU_EXECUTION RES inner join ACT_RE_PROCDEF P on RES.PROC_DEF_ID_ = P.ID_ WHERE P.KEY_ = ? and RES.ACT_ID_ = ? and RES.IS_ACTIVE_ = ? order by order by RES.ID_ asc LIMIT ? OFFSET ? 
10:47:16,945 [main] DEBUG org.activiti.engine.impl.interceptor.CommandContext  - Error while closing command context
org.apache.ibatis.exceptions.PersistenceException: 
### Error querying database.  Cause: org.h2.jdbc.JdbcSQLException: Syntax error in SQL statement &quot;SELECT DISTINCT RES.* , P.KEY_ AS PROCESSDEFINITIONKEY, P.ID_ AS PROCESSDEFINITIONID
       
    FROM ACT_RU_EXECUTION RES
    INNER JOIN ACT_RE_PROCDEF P ON RES.PROC_DEF_ID_ = P.ID_
     
     
     
     
     
     
     WHERE  P.KEY_ = ?
      
      
      
      
      
      
      
      
      
        AND RES.ACT_ID_ = ? AND RES.IS_ACTIVE_ = ? 
   
   
     ORDER BY  ORDER[*] BY RES.ID_ ASC  
    LIMIT ? OFFSET ? &quot;; expected &quot;=, NOT, EXISTS, INTERSECTS, SELECT, FROM&quot;; SQL statement:
select distinct RES.* , P.KEY_ as ProcessDefinitionKey, P.ID_ as ProcessDefinitionId
       
    from ACT_RU_EXECUTION RES
    inner join ACT_RE_PROCDEF P on RES.PROC_DEF_ID_ = P.ID_
     
     
     
     
     
     
     WHERE  P.KEY_ = ?
      
      
      
      
      
      
      
      
      
        and RES.ACT_ID_ = ? and RES.IS_ACTIVE_ = ? 
   
   
     order by  order by RES.ID_ asc  
    LIMIT ? OFFSET ? [42001-176]
### The error may exist in org/activiti/db/mapping/entity/Execution.xml
### The error may involve org.activiti.engine.impl.persistence.entity.ExecutionEntity.selectExecutionsByQueryCriteria
### The error occurred while executing a query
### SQL: select distinct RES.* , P.KEY_ as ProcessDefinitionKey, P.ID_ as ProcessDefinitionId             from ACT_RU_EXECUTION RES     inner join ACT_RE_PROCDEF P on RES.PROC_DEF_ID_ = P.ID_                                          WHERE  P.KEY_ = ?                                                                        and RES.ACT_ID_ = ? and RES.IS_ACTIVE_ = ?               order by  order by RES.ID_ asc       LIMIT ? OFFSET ?
### Cause: org.h2.jdbc.JdbcSQLException: Syntax error in SQL statement &quot;SELECT DISTINCT RES.* , P.KEY_ AS PROCESSDEFINITIONKEY, P.ID_ AS PROCESSDEFINITIONID
       
    FROM ACT_RU_EXECUTION RES
    INNER JOIN ACT_RE_PROCDEF P ON RES.PROC_DEF_ID_ = P.ID_
     
     
     
     
     
     
     WHERE  P.KEY_ = ?
      
      
      
      
      
      
      
      
      
        AND RES.ACT_ID_ = ? AND RES.IS_ACTIVE_ = ? 
   
   
     ORDER BY  ORDER[*] BY RES.ID_ ASC  
    LIMIT ? OFFSET ? &quot;; expected &quot;=, NOT, EXISTS, INTERSECTS, SELECT, FROM&quot;; SQL statement:
select distinct RES.* , P.KEY_ as ProcessDefinitionKey, P.ID_ as ProcessDefinitionId
       
    from ACT_RU_EXECUTION RES
    inner join ACT_RE_PROCDEF P on RES.PROC_DEF_ID_ = P.ID_
     
     
     
     
     
     
     WHERE  P.KEY_ = ?
      
      
      
      
      
      
      
      
      
        and RES.ACT_ID_ = ? and RES.IS_ACTIVE_ = ? 
   
   
     order by  order by RES.ID_ asc  
    LIMIT ? OFFSET ? [42001-176]
	at org.apache.ibatis.exceptions.ExceptionFactory.wrapException(ExceptionFactory.java:30)
	at org.apache.ibatis.session.defaults.DefaultSqlSession.selectList(DefaultSqlSession.java:122)
	at org.apache.ibatis.session.defaults.DefaultSqlSession.selectList(DefaultSqlSession.java:113)
	at org.activiti.engine.impl.db.DbSqlSession.selectListWithRawParameter(DbSqlSession.java:438)
	at org.activiti.engine.impl.db.DbSqlSession.selectList(DbSqlSession.java:429)
	at org.activiti.engine.impl.db.DbSqlSession.selectList(DbSqlSession.java:419)
	at org.activiti.engine.impl.persistence.entity.ExecutionEntityManager.findExecutionsByQueryCriteria(ExecutionEntityManager.java:118)
	at org.activiti.engine.impl.ExecutionQueryImpl.executeList(ExecutionQueryImpl.java:303)
	at org.activiti.engine.impl.AbstractQuery.executeSingleResult(AbstractQuery.java:183)
	at org.activiti.engine.impl.AbstractQuery.execute(AbstractQuery.java:166)
	at org.activiti.engine.impl.interceptor.CommandInvoker.execute(CommandInvoker.java:24)
	at org.activiti.engine.impl.interceptor.CommandContextInterceptor.execute(CommandContextInterceptor.java:57)
	at org.activiti.engine.impl.interceptor.LogInterceptor.execute(LogInterceptor.java:37)
	at org.activiti.engine.impl.cfg.CommandExecutorImpl.execute(CommandExecutorImpl.java:40)
	at org.activiti.engine.impl.cfg.CommandExecutorImpl.execute(CommandExecutorImpl.java:35)
	at org.activiti.engine.impl.AbstractQuery.singleResult(AbstractQuery.java:129)
	at org.activiti.engine.test.db.ProcessInstanceMigrationTest.testSetProcessDefinitionVersionWithCallActivity(ProcessInstanceMigrationTest.java:249)
	at sun.reflect.NativeMethodAccessorImpl.invoke0(Native Method)
	at sun.reflect.NativeMethodAccessorImpl.invoke(NativeMethodAccessorImpl.java:62)
	at sun.reflect.DelegatingMethodAccessorImpl.invoke(DelegatingMethodAccessorImpl.java:43)
	at java.lang.reflect.Method.invoke(Method.java:498)
	at junit.framework.TestCase.runTest(TestCase.java:176)
	at org.activiti.engine.impl.test.PvmTestCase.runTest(PvmTestCase.java:65)
	at junit.framework.TestCase.runBare(TestCase.java:141)
	at org.activiti.engine.impl.test.AbstractActivitiTestCase.runBare(AbstractActivitiTestCase.java:100)
	at junit.framework.TestResult$1.protect(TestResult.java:122)
	at junit.framework.TestResult.runProtected(TestResult.java:142)
	at junit.framework.TestResult.run(TestResult.java:125)
	at junit.framework.TestCase.run(TestCase.java:129)
	at junit.framework.TestSuite.runTest(TestSuite.java:255)
	at junit.framework.TestSuite.run(TestSuite.java:250)
	at org.junit.internal.runners.JUnit38ClassRunner.run(JUnit38ClassRunner.java:84)
	at org.apache.maven.surefire.junit4.JUnit4TestSet.execute(JUnit4TestSet.java:35)
	at org.apache.maven.surefire.junit4.JUnit4Provider.executeTestSet(JUnit4Provider.java:146)
	at org.apache.maven.surefire.junit4.JUnit4Provider.invoke(JUnit4Provider.java:97)
	at sun.reflect.NativeMethodAccessorImpl.invoke0(Native Method)
	at sun.reflect.NativeMethodAccessorImpl.invoke(NativeMethodAccessorImpl.java:62)
	at sun.reflect.DelegatingMethodAccessorImpl.invoke(DelegatingMethodAccessorImpl.java:43)
	at java.lang.reflect.Method.invoke(Method.java:498)
	at org.apache.maven.surefire.booter.ProviderFactory$ClassLoaderProxy.invoke(ProviderFactory.java:103)
	at com.sun.proxy.$Proxy0.invoke(Unknown Source)
	at org.apache.maven.surefire.booter.SurefireStarter.invokeProvider(SurefireStarter.java:145)
	at org.apache.maven.surefire.booter.SurefireStarter.runSuitesInProcess(SurefireStarter.java:87)
	at org.apache.maven.surefire.booter.ForkedBooter.main(ForkedBooter.java:69)
Caused by: org.h2.jdbc.JdbcSQLException: Syntax error in SQL statement &quot;SELECT DISTINCT RES.* , P.KEY_ AS PROCESSDEFINITIONKEY, P.ID_ AS PROCESSDEFINITIONID
       
    FROM ACT_RU_EXECUTION RES
    INNER JOIN ACT_RE_PROCDEF P ON RES.PROC_DEF_ID_ = P.ID_
     
     
     
     
     
     
     WHERE  P.KEY_ = ?
      
      
      
      
      
      
      
      
      
        AND RES.ACT_ID_ = ? AND RES.IS_ACTIVE_ = ? 
   
   
     ORDER BY  ORDER[*] BY RES.ID_ ASC  
    LIMIT ? OFFSET ? &quot;; expected &quot;=, NOT, EXISTS, INTERSECTS, SELECT, FROM&quot;; SQL statement:
select distinct RES.* , P.KEY_ as ProcessDefinitionKey, P.ID_ as ProcessDefinitionId
       
    from ACT_RU_EXECUTION RES
    inner join ACT_RE_PROCDEF P on RES.PROC_DEF_ID_ = P.ID_
     
     
     
     
     
     
     WHERE  P.KEY_ = ?
      
      
      
      
      
      
      
      
      
        and RES.ACT_ID_ = ? and RES.IS_ACTIVE_ = ? 
   
   
     order by  order by RES.ID_ asc  
    LIMIT ? OFFSET ? [42001-176]
	at org.h2.message.DbException.getJdbcSQLException(DbException.java:344)
	at org.h2.message.DbException.getSyntaxError(DbException.java:204)
	at org.h2.command.Parser.getSyntaxError(Parser.java:524)
	at org.h2.command.Parser.readTerm(Parser.java:2688)
	at org.h2.command.Parser.readFactor(Parser.java:2244)
	at org.h2.command.Parser.readSum(Parser.java:2231)
	at org.h2.command.Parser.readConcat(Parser.java:2201)
	at org.h2.command.Parser.readCondition(Parser.java:2051)
	at org.h2.command.Parser.readAnd(Parser.java:2023)
	at org.h2.command.Parser.readExpression(Parser.java:2015)
	at org.h2.command.Parser.parseEndOfQuery(Parser.java:1726)
	at org.h2.command.Parser.parseSelectUnionExtension(Parser.java:1706)
	at org.h2.command.Parser.parseSelectUnion(Parser.java:1675)
	at org.h2.command.Parser.parseSelect(Parser.java:1662)
	at org.h2.command.Parser.parsePrepared(Parser.java:434)
	at org.h2.command.Parser.parse(Parser.java:306)
	at org.h2.command.Parser.parse(Parser.java:282)
	at org.h2.command.Parser.prepareCommand(Parser.java:243)
	at org.h2.engine.Session.prepareLocal(Session.java:442)
	at org.h2.engine.Session.prepareCommand(Session.java:384)
	at org.h2.jdbc.JdbcConnection.prepareCommand(JdbcConnection.java:1188)
	at org.h2.jdbc.JdbcPreparedStatement.&lt;init&gt;(JdbcPreparedStatement.java:73)
	at org.h2.jdbc.JdbcConnection.prepareStatement(JdbcConnection.java:276)
	at sun.reflect.GeneratedMethodAccessor6.invoke(Unknown Source)
	at sun.reflect.DelegatingMethodAccessorImpl.invoke(DelegatingMethodAccessorImpl.java:43)
	at java.lang.reflect.Method.invoke(Method.java:498)
	at org.apache.ibatis.datasource.pooled.PooledConnection.invoke(PooledConnection.java:245)
	at com.sun.proxy.$Proxy12.prepareStatement(Unknown Source)
	at sun.reflect.GeneratedMethodAccessor6.invoke(Unknown Source)
	at sun.reflect.DelegatingMethodAccessorImpl.invoke(DelegatingMethodAccessorImpl.java:43)
	at java.lang.reflect.Method.invoke(Method.java:498)
	at org.apache.ibatis.logging.jdbc.ConnectionLogger.invoke(ConnectionLogger.java:55)
	at com.sun.proxy.$Proxy12.prepareStatement(Unknown Source)
	at org.apache.ibatis.executor.statement.PreparedStatementHandler.instantiateStatement(PreparedStatementHandler.java:79)
	at org.apache.ibatis.executor.statement.BaseStatementHandler.prepare(BaseStatementHandler.java:88)
	at org.apache.ibatis.executor.statement.RoutingStatementHandler.prepare(RoutingStatementHandler.java:58)
	at org.apache.ibatis.executor.SimpleExecutor.prepareStatement(SimpleExecutor.java:76)
	at org.apache.ibatis.executor.SimpleExecutor.doQuery(SimpleExecutor.java:61)
	at org.apache.ibatis.executor.BaseExecutor.queryFromDatabase(BaseExecutor.java:303)
	at org.apache.ibatis.executor.BaseExecutor.query(BaseExecutor.java:154)
	at org.apache.ibatis.executor.CachingExecutor.query(CachingExecutor.java:102)
	at org.apache.ibatis.executor.CachingExecutor.query(CachingExecutor.java:82)
	at org.apache.ibatis.session.defaults.DefaultSqlSession.selectList(DefaultSqlSession.java:120)
	... 42 more
10:47:16,945 [main] DEBUG org.activiti.engine.impl.cfg.standalone.StandaloneMybatisTransactionContext  - firing event rolling back...
10:47:16,945 [main] DEBUG org.activiti.engine.impl.cfg.standalone.StandaloneMybatisTransactionContext  - rolling back ibatis sql session...
10:47:16,945 [main] DEBUG org.activiti.engine.impl.cfg.standalone.StandaloneMybatisTransactionContext  - firing event rolled back...
10:47:16,945 [main] DEBUG org.apache.ibatis.transaction.jdbc.JdbcTransaction  - Resetting autocommit to true on JDBC Connection [conn2: url=jdbc:h2:mem:activiti user=SA]
10:47:16,945 [main] DEBUG org.apache.ibatis.transaction.jdbc.JdbcTransaction  - Closing JDBC Connection [conn2: url=jdbc:h2:mem:activiti user=SA]
10:47:16,945 [main] DEBUG org.apache.ibatis.datasource.pooled.PooledDataSource  - Returned connection 363509958 to pool.
10:47:16,945 [main] DEBUG org.activiti.engine.impl.interceptor.LogInterceptor  - --- ExecutionQueryImpl finished --------------------------------------------------------
10:47:16,945 [main] DEBUG org.activiti.engine.impl.interceptor.LogInterceptor  - 

10:47:16,945 [main] ERROR org.activiti.engine.impl.test.PvmTestCase  - 

10:47:16,945 [main] ERROR org.activiti.engine.impl.test.PvmTestCase  - EXCEPTION: org.apache.ibatis.exceptions.PersistenceException: 
### Error querying database.  Cause: org.h2.jdbc.JdbcSQLException: Syntax error in SQL statement &quot;SELECT DISTINCT RES.* , P.KEY_ AS PROCESSDEFINITIONKEY, P.ID_ AS PROCESSDEFINITIONID
       
    FROM ACT_RU_EXECUTION RES
    INNER JOIN ACT_RE_PROCDEF P ON RES.PROC_DEF_ID_ = P.ID_
     
     
     
     
     
     
     WHERE  P.KEY_ = ?
      
      
      
      
      
      
      
      
      
        AND RES.ACT_ID_ = ? AND RES.IS_ACTIVE_ = ? 
   
   
     ORDER BY  ORDER[*] BY RES.ID_ ASC  
    LIMIT ? OFFSET ? &quot;; expected &quot;=, NOT, EXISTS, INTERSECTS, SELECT, FROM&quot;; SQL statement:
select distinct RES.* , P.KEY_ as ProcessDefinitionKey, P.ID_ as ProcessDefinitionId
       
    from ACT_RU_EXECUTION RES
    inner join ACT_RE_PROCDEF P on RES.PROC_DEF_ID_ = P.ID_
     
     
     
     
     
     
     WHERE  P.KEY_ = ?
      
      
      
      
      
      
      
      
      
        and RES.ACT_ID_ = ? and RES.IS_ACTIVE_ = ? 
   
   
     order by  order by RES.ID_ asc  
    LIMIT ? OFFSET ? [42001-176]
### The error may exist in org/activiti/db/mapping/entity/Execution.xml
### The error may involve org.activiti.engine.impl.persistence.entity.ExecutionEntity.selectExecutionsByQueryCriteria
### The error occurred while executing a query
### SQL: select distinct RES.* , P.KEY_ as ProcessDefinitionKey, P.ID_ as ProcessDefinitionId             from ACT_RU_EXECUTION RES     inner join ACT_RE_PROCDEF P on RES.PROC_DEF_ID_ = P.ID_                                          WHERE  P.KEY_ = ?                                                                        and RES.ACT_ID_ = ? and RES.IS_ACTIVE_ = ?               order by  order by RES.ID_ asc       LIMIT ? OFFSET ?
### Cause: org.h2.jdbc.JdbcSQLException: Syntax error in SQL statement &quot;SELECT DISTINCT RES.* , P.KEY_ AS PROCESSDEFINITIONKEY, P.ID_ AS PROCESSDEFINITIONID
       
    FROM ACT_RU_EXECUTION RES
    INNER JOIN ACT_RE_PROCDEF P ON RES.PROC_DEF_ID_ = P.ID_
     
     
     
     
     
     
     WHERE  P.KEY_ = ?
      
      
      
      
      
      
      
      
      
        AND RES.ACT_ID_ = ? AND RES.IS_ACTIVE_ = ? 
   
   
     ORDER BY  ORDER[*] BY RES.ID_ ASC  
    LIMIT ? OFFSET ? &quot;; expected &quot;=, NOT, EXISTS, INTERSECTS, SELECT, FROM&quot;; SQL statement:
select distinct RES.* , P.KEY_ as ProcessDefinitionKey, P.ID_ as ProcessDefinitionId
       
    from ACT_RU_EXECUTION RES
    inner join ACT_RE_PROCDEF P on RES.PROC_DEF_ID_ = P.ID_
     
     
     
     
     
     
     WHERE  P.KEY_ = ?
      
      
      
      
      
      
      
      
      
        and RES.ACT_ID_ = ? and RES.IS_ACTIVE_ = ? 
   
   
     order by  order by RES.ID_ asc  
    LIMIT ? OFFSET ? [42001-176]
org.apache.ibatis.exceptions.PersistenceException: 
### Error querying database.  Cause: org.h2.jdbc.JdbcSQLException: Syntax error in SQL statement &quot;SELECT DISTINCT RES.* , P.KEY_ AS PROCESSDEFINITIONKEY, P.ID_ AS PROCESSDEFINITIONID
       
    FROM ACT_RU_EXECUTION RES
    INNER JOIN ACT_RE_PROCDEF P ON RES.PROC_DEF_ID_ = P.ID_
     
     
     
     
     
     
     WHERE  P.KEY_ = ?
      
      
      
      
      
      
      
      
      
        AND RES.ACT_ID_ = ? AND RES.IS_ACTIVE_ = ? 
   
   
     ORDER BY  ORDER[*] BY RES.ID_ ASC  
    LIMIT ? OFFSET ? &quot;; expected &quot;=, NOT, EXISTS, INTERSECTS, SELECT, FROM&quot;; SQL statement:
select distinct RES.* , P.KEY_ as ProcessDefinitionKey, P.ID_ as ProcessDefinitionId
       
    from ACT_RU_EXECUTION RES
    inner join ACT_RE_PROCDEF P on RES.PROC_DEF_ID_ = P.ID_
     
     
     
     
     
     
     WHERE  P.KEY_ = ?
      
      
      
      
      
      
      
      
      
        and RES.ACT_ID_ = ? and RES.IS_ACTIVE_ = ? 
   
   
     order by  order by RES.ID_ asc  
    LIMIT ? OFFSET ? [42001-176]
### The error may exist in org/activiti/db/mapping/entity/Execution.xml
### The error may involve org.activiti.engine.impl.persistence.entity.ExecutionEntity.selectExecutionsByQueryCriteria
### The error occurred while executing a query
### SQL: select distinct RES.* , P.KEY_ as ProcessDefinitionKey, P.ID_ as ProcessDefinitionId             from ACT_RU_EXECUTION RES     inner join ACT_RE_PROCDEF P on RES.PROC_DEF_ID_ = P.ID_                                          WHERE  P.KEY_ = ?                                                                        and RES.ACT_ID_ = ? and RES.IS_ACTIVE_ = ?               order by  order by RES.ID_ asc       LIMIT ? OFFSET ?
### Cause: org.h2.jdbc.JdbcSQLException: Syntax error in SQL statement &quot;SELECT DISTINCT RES.* , P.KEY_ AS PROCESSDEFINITIONKEY, P.ID_ AS PROCESSDEFINITIONID
       
    FROM ACT_RU_EXECUTION RES
    INNER JOIN ACT_RE_PROCDEF P ON RES.PROC_DEF_ID_ = P.ID_
     
     
     
     
     
     
     WHERE  P.KEY_ = ?
      
      
      
      
      
      
      
      
      
        AND RES.ACT_ID_ = ? AND RES.IS_ACTIVE_ = ? 
   
   
     ORDER BY  ORDER[*] BY RES.ID_ ASC  
    LIMIT ? OFFSET ? &quot;; expected &quot;=, NOT, EXISTS, INTERSECTS, SELECT, FROM&quot;; SQL statement:
select distinct RES.* , P.KEY_ as ProcessDefinitionKey, P.ID_ as ProcessDefinitionId
       
    from ACT_RU_EXECUTION RES
    inner join ACT_RE_PROCDEF P on RES.PROC_DEF_ID_ = P.ID_
     
     
     
     
     
     
     WHERE  P.KEY_ = ?
      
      
      
      
      
      
      
      
      
        and RES.ACT_ID_ = ? and RES.IS_ACTIVE_ = ? 
   
   
     order by  order by RES.ID_ asc  
    LIMIT ? OFFSET ? [42001-176]
	at org.apache.ibatis.exceptions.ExceptionFactory.wrapException(ExceptionFactory.java:30)
	at org.apache.ibatis.session.defaults.DefaultSqlSession.selectList(DefaultSqlSession.java:122)
	at org.apache.ibatis.session.defaults.DefaultSqlSession.selectList(DefaultSqlSession.java:113)
	at org.activiti.engine.impl.db.DbSqlSession.selectListWithRawParameter(DbSqlSession.java:438)
	at org.activiti.engine.impl.db.DbSqlSession.selectList(DbSqlSession.java:429)
	at org.activiti.engine.impl.db.DbSqlSession.selectList(DbSqlSession.java:419)
	at org.activiti.engine.impl.persistence.entity.ExecutionEntityManager.findExecutionsByQueryCriteria(ExecutionEntityManager.java:118)
	at org.activiti.engine.impl.ExecutionQueryImpl.executeList(ExecutionQueryImpl.java:303)
	at org.activiti.engine.impl.AbstractQuery.executeSingleResult(AbstractQuery.java:183)
	at org.activiti.engine.impl.AbstractQuery.execute(AbstractQuery.java:166)
	at org.activiti.engine.impl.interceptor.CommandInvoker.execute(CommandInvoker.java:24)
	at org.activiti.engine.impl.interceptor.CommandContextInterceptor.execute(CommandContextInterceptor.java:57)
	at org.activiti.engine.impl.interceptor.LogInterceptor.execute(LogInterceptor.java:37)
	at org.activiti.engine.impl.cfg.CommandExecutorImpl.execute(CommandExecutorImpl.java:40)
	at org.activiti.engine.impl.cfg.CommandExecutorImpl.execute(CommandExecutorImpl.java:35)
	at org.activiti.engine.impl.AbstractQuery.singleResult(AbstractQuery.java:129)
	at org.activiti.engine.test.db.ProcessInstanceMigrationTest.testSetProcessDefinitionVersionWithCallActivity(ProcessInstanceMigrationTest.java:249)
	at sun.reflect.NativeMethodAccessorImpl.invoke0(Native Method)
	at sun.reflect.NativeMethodAccessorImpl.invoke(NativeMethodAccessorImpl.java:62)
	at sun.reflect.DelegatingMethodAccessorImpl.invoke(DelegatingMethodAccessorImpl.java:43)
	at java.lang.reflect.Method.invoke(Method.java:498)
	at junit.framework.TestCase.runTest(TestCase.java:176)
	at org.activiti.engine.impl.test.PvmTestCase.runTest(PvmTestCase.java:65)
	at junit.framework.TestCase.runBare(TestCase.java:141)
	at org.activiti.engine.impl.test.AbstractActivitiTestCase.runBare(AbstractActivitiTestCase.java:100)
	at junit.framework.TestResult$1.protect(TestResult.java:122)
	at junit.framework.TestResult.runProtected(TestResult.java:142)
	at junit.framework.TestResult.run(TestResult.java:125)
	at junit.framework.TestCase.run(TestCase.java:129)
	at junit.framework.TestSuite.runTest(TestSuite.java:255)
	at junit.framework.TestSuite.run(TestSuite.java:250)
	at org.junit.internal.runners.JUnit38ClassRunner.run(JUnit38ClassRunner.java:84)
	at org.apache.maven.surefire.junit4.JUnit4TestSet.execute(JUnit4TestSet.java:35)
	at org.apache.maven.surefire.junit4.JUnit4Provider.executeTestSet(JUnit4Provider.java:146)
	at org.apache.maven.surefire.junit4.JUnit4Provider.invoke(JUnit4Provider.java:97)
	at sun.reflect.NativeMethodAccessorImpl.invoke0(Native Method)
	at sun.reflect.NativeMethodAccessorImpl.invoke(NativeMethodAccessorImpl.java:62)
	at sun.reflect.DelegatingMethodAccessorImpl.invoke(DelegatingMethodAccessorImpl.java:43)
	at java.lang.reflect.Method.invoke(Method.java:498)
	at org.apache.maven.surefire.booter.ProviderFactory$ClassLoaderProxy.invoke(ProviderFactory.java:103)
	at com.sun.proxy.$Proxy0.invoke(Unknown Source)
	at org.apache.maven.surefire.booter.SurefireStarter.invokeProvider(SurefireStarter.java:145)
	at org.apache.maven.surefire.booter.SurefireStarter.runSuitesInProcess(SurefireStarter.java:87)
	at org.apache.maven.surefire.booter.ForkedBooter.main(ForkedBooter.java:69)
Caused by: org.h2.jdbc.JdbcSQLException: Syntax error in SQL statement &quot;SELECT DISTINCT RES.* , P.KEY_ AS PROCESSDEFINITIONKEY, P.ID_ AS PROCESSDEFINITIONID
       
    FROM ACT_RU_EXECUTION RES
    INNER JOIN ACT_RE_PROCDEF P ON RES.PROC_DEF_ID_ = P.ID_
     
     
     
     
     
     
     WHERE  P.KEY_ = ?
      
      
      
      
      
      
      
      
      
        AND RES.ACT_ID_ = ? AND RES.IS_ACTIVE_ = ? 
   
   
     ORDER BY  ORDER[*] BY RES.ID_ ASC  
    LIMIT ? OFFSET ? &quot;; expected &quot;=, NOT, EXISTS, INTERSECTS, SELECT, FROM&quot;; SQL statement:
select distinct RES.* , P.KEY_ as ProcessDefinitionKey, P.ID_ as ProcessDefinitionId
       
    from ACT_RU_EXECUTION RES
    inner join ACT_RE_PROCDEF P on RES.PROC_DEF_ID_ = P.ID_
     
     
     
     
     
     
     WHERE  P.KEY_ = ?
      
      
      
      
      
      
      
      
      
        and RES.ACT_ID_ = ? and RES.IS_ACTIVE_ = ? 
   
   
     order by  order by RES.ID_ asc  
    LIMIT ? OFFSET ? [42001-176]
	at org.h2.message.DbException.getJdbcSQLException(DbException.java:344)
	at org.h2.message.DbException.getSyntaxError(DbException.java:204)
	at org.h2.command.Parser.getSyntaxError(Parser.java:524)
	at org.h2.command.Parser.readTerm(Parser.java:2688)
	at org.h2.command.Parser.readFactor(Parser.java:2244)
	at org.h2.command.Parser.readSum(Parser.java:2231)
	at org.h2.command.Parser.readConcat(Parser.java:2201)
	at org.h2.command.Parser.readCondition(Parser.java:2051)
	at org.h2.command.Parser.readAnd(Parser.java:2023)
	at org.h2.command.Parser.readExpression(Parser.java:2015)
	at org.h2.command.Parser.parseEndOfQuery(Parser.java:1726)
	at org.h2.command.Parser.parseSelectUnionExtension(Parser.java:1706)
	at org.h2.command.Parser.parseSelectUnion(Parser.java:1675)
	at org.h2.command.Parser.parseSelect(Parser.java:1662)
	at org.h2.command.Parser.parsePrepared(Parser.java:434)
	at org.h2.command.Parser.parse(Parser.java:306)
	at org.h2.command.Parser.parse(Parser.java:282)
	at org.h2.command.Parser.prepareCommand(Parser.java:243)
	at org.h2.engine.Session.prepareLocal(Session.java:442)
	at org.h2.engine.Session.prepareCommand(Session.java:384)
	at org.h2.jdbc.JdbcConnection.prepareCommand(JdbcConnection.java:1188)
	at org.h2.jdbc.JdbcPreparedStatement.&lt;init&gt;(JdbcPreparedStatement.java:73)
	at org.h2.jdbc.JdbcConnection.prepareStatement(JdbcConnection.java:276)
	at sun.reflect.GeneratedMethodAccessor6.invoke(Unknown Source)
	at sun.reflect.DelegatingMethodAccessorImpl.invoke(DelegatingMethodAccessorImpl.java:43)
	at java.lang.reflect.Method.invoke(Method.java:498)
	at org.apache.ibatis.datasource.pooled.PooledConnection.invoke(PooledConnection.java:245)
	at com.sun.proxy.$Proxy12.prepareStatement(Unknown Source)
	at sun.reflect.GeneratedMethodAccessor6.invoke(Unknown Source)
	at sun.reflect.DelegatingMethodAccessorImpl.invoke(DelegatingMethodAccessorImpl.java:43)
	at java.lang.reflect.Method.invoke(Method.java:498)
	at org.apache.ibatis.logging.jdbc.ConnectionLogger.invoke(ConnectionLogger.java:55)
	at com.sun.proxy.$Proxy12.prepareStatement(Unknown Source)
	at org.apache.ibatis.executor.statement.PreparedStatementHandler.instantiateStatement(PreparedStatementHandler.java:79)
	at org.apache.ibatis.executor.statement.BaseStatementHandler.prepare(BaseStatementHandler.java:88)
	at org.apache.ibatis.executor.statement.RoutingStatementHandler.prepare(RoutingStatementHandler.java:58)
	at org.apache.ibatis.executor.SimpleExecutor.prepareStatement(SimpleExecutor.java:76)
	at org.apache.ibatis.executor.SimpleExecutor.doQuery(SimpleExecutor.java:61)
	at org.apache.ibatis.executor.BaseExecutor.queryFromDatabase(BaseExecutor.java:303)
	at org.apache.ibatis.executor.BaseExecutor.query(BaseExecutor.java:154)
	at org.apache.ibatis.executor.CachingExecutor.query(CachingExecutor.java:102)
	at org.apache.ibatis.executor.CachingExecutor.query(CachingExecutor.java:82)
	at org.apache.ibatis.session.defaults.DefaultSqlSession.selectList(DefaultSqlSession.java:120)
	... 42 more
10:47:16,945 [main] DEBUG org.activiti.engine.impl.test.PvmTestCase  - #### END ProcessInstanceMigrationTest.testSetProcessDefinitionVersionWithCallActivity #############################################################
10:47:16,945 [main] ERROR org.activiti.engine.impl.test.PvmTestCase  - 

10:47:16,946 [main] ERROR org.activiti.engine.impl.test.PvmTestCase  - EXCEPTION: org.apache.ibatis.exceptions.PersistenceException: 
### Error querying database.  Cause: org.h2.jdbc.JdbcSQLException: Syntax error in SQL statement &quot;SELECT DISTINCT RES.* , P.KEY_ AS PROCESSDEFINITIONKEY, P.ID_ AS PROCESSDEFINITIONID
       
    FROM ACT_RU_EXECUTION RES
    INNER JOIN ACT_RE_PROCDEF P ON RES.PROC_DEF_ID_ = P.ID_
     
     
     
     
     
     
     WHERE  P.KEY_ = ?
      
      
      
      
      
      
      
      
      
        AND RES.ACT_ID_ = ? AND RES.IS_ACTIVE_ = ? 
   
   
     ORDER BY  ORDER[*] BY RES.ID_ ASC  
    LIMIT ? OFFSET ? &quot;; expected &quot;=, NOT, EXISTS, INTERSECTS, SELECT, FROM&quot;; SQL statement:
select distinct RES.* , P.KEY_ as ProcessDefinitionKey, P.ID_ as ProcessDefinitionId
       
    from ACT_RU_EXECUTION RES
    inner join ACT_RE_PROCDEF P on RES.PROC_DEF_ID_ = P.ID_
     
     
     
     
     
     
     WHERE  P.KEY_ = ?
      
      
      
      
      
      
      
      
      
        and RES.ACT_ID_ = ? and RES.IS_ACTIVE_ = ? 
   
   
     order by  order by RES.ID_ asc  
    LIMIT ? OFFSET ? [42001-176]
### The error may exist in org/activiti/db/mapping/entity/Execution.xml
### The error may involve org.activiti.engine.impl.persistence.entity.ExecutionEntity.selectExecutionsByQueryCriteria
### The error occurred while executing a query
### SQL: select distinct RES.* , P.KEY_ as ProcessDefinitionKey, P.ID_ as ProcessDefinitionId             from ACT_RU_EXECUTION RES     inner join ACT_RE_PROCDEF P on RES.PROC_DEF_ID_ = P.ID_                                          WHERE  P.KEY_ = ?                                                                        and RES.ACT_ID_ = ? and RES.IS_ACTIVE_ = ?               order by  order by RES.ID_ asc       LIMIT ? OFFSET ?
### Cause: org.h2.jdbc.JdbcSQLException: Syntax error in SQL statement &quot;SELECT DISTINCT RES.* , P.KEY_ AS PROCESSDEFINITIONKEY, P.ID_ AS PROCESSDEFINITIONID
       
    FROM ACT_RU_EXECUTION RES
    INNER JOIN ACT_RE_PROCDEF P ON RES.PROC_DEF_ID_ = P.ID_
     
     
     
     
     
     
     WHERE  P.KEY_ = ?
      
      
      
      
      
      
      
      
      
        AND RES.ACT_ID_ = ? AND RES.IS_ACTIVE_ = ? 
   
   
     ORDER BY  ORDER[*] BY RES.ID_ ASC  
    LIMIT ? OFFSET ? &quot;; expected &quot;=, NOT, EXISTS, INTERSECTS, SELECT, FROM&quot;; SQL statement:
select distinct RES.* , P.KEY_ as ProcessDefinitionKey, P.ID_ as ProcessDefinitionId
       
    from ACT_RU_EXECUTION RES
    inner join ACT_RE_PROCDEF P on RES.PROC_DEF_ID_ = P.ID_
     
     
     
     
     
     
     WHERE  P.KEY_ = ?
      
      
      
      
      
      
      
      
      
        and RES.ACT_ID_ = ? and RES.IS_ACTIVE_ = ? 
   
   
     order by  order by RES.ID_ asc  
    LIMIT ? OFFSET ? [42001-176]
org.apache.ibatis.exceptions.PersistenceException: 
### Error querying database.  Cause: org.h2.jdbc.JdbcSQLException: Syntax error in SQL statement &quot;SELECT DISTINCT RES.* , P.KEY_ AS PROCESSDEFINITIONKEY, P.ID_ AS PROCESSDEFINITIONID
       
    FROM ACT_RU_EXECUTION RES
    INNER JOIN ACT_RE_PROCDEF P ON RES.PROC_DEF_ID_ = P.ID_
     
     
     
     
     
     
     WHERE  P.KEY_ = ?
      
      
      
      
      
      
      
      
      
        AND RES.ACT_ID_ = ? AND RES.IS_ACTIVE_ = ? 
   
   
     ORDER BY  ORDER[*] BY RES.ID_ ASC  
    LIMIT ? OFFSET ? &quot;; expected &quot;=, NOT, EXISTS, INTERSECTS, SELECT, FROM&quot;; SQL statement:
select distinct RES.* , P.KEY_ as ProcessDefinitionKey, P.ID_ as ProcessDefinitionId
       
    from ACT_RU_EXECUTION RES
    inner join ACT_RE_PROCDEF P on RES.PROC_DEF_ID_ = P.ID_
     
     
     
     
     
     
     WHERE  P.KEY_ = ?
      
      
      
      
      
      
      
      
      
        and RES.ACT_ID_ = ? and RES.IS_ACTIVE_ = ? 
   
   
     order by  order by RES.ID_ asc  
    LIMIT ? OFFSET ? [42001-176]
### The error may exist in org/activiti/db/mapping/entity/Execution.xml
### The error may involve org.activiti.engine.impl.persistence.entity.ExecutionEntity.selectExecutionsByQueryCriteria
### The error occurred while executing a query
### SQL: select distinct RES.* , P.KEY_ as ProcessDefinitionKey, P.ID_ as ProcessDefinitionId             from ACT_RU_EXECUTION RES     inner join ACT_RE_PROCDEF P on RES.PROC_DEF_ID_ = P.ID_                                          WHERE  P.KEY_ = ?                                                                        and RES.ACT_ID_ = ? and RES.IS_ACTIVE_ = ?               order by  order by RES.ID_ asc       LIMIT ? OFFSET ?
### Cause: org.h2.jdbc.JdbcSQLException: Syntax error in SQL statement &quot;SELECT DISTINCT RES.* , P.KEY_ AS PROCESSDEFINITIONKEY, P.ID_ AS PROCESSDEFINITIONID
       
    FROM ACT_RU_EXECUTION RES
    INNER JOIN ACT_RE_PROCDEF P ON RES.PROC_DEF_ID_ = P.ID_
     
     
     
     
     
     
     WHERE  P.KEY_ = ?
      
      
      
      
      
      
      
      
      
        AND RES.ACT_ID_ = ? AND RES.IS_ACTIVE_ = ? 
   
   
     ORDER BY  ORDER[*] BY RES.ID_ ASC  
    LIMIT ? OFFSET ? &quot;; expected &quot;=, NOT, EXISTS, INTERSECTS, SELECT, FROM&quot;; SQL statement:
select distinct RES.* , P.KEY_ as ProcessDefinitionKey, P.ID_ as ProcessDefinitionId
       
    from ACT_RU_EXECUTION RES
    inner join ACT_RE_PROCDEF P on RES.PROC_DEF_ID_ = P.ID_
     
     
     
     
     
     
     WHERE  P.KEY_ = ?
      
      
      
      
      
      
      
      
      
        and RES.ACT_ID_ = ? and RES.IS_ACTIVE_ = ? 
   
   
     order by  order by RES.ID_ asc  
    LIMIT ? OFFSET ? [42001-176]
	at org.apache.ibatis.exceptions.ExceptionFactory.wrapException(ExceptionFactory.java:30)
	at org.apache.ibatis.session.defaults.DefaultSqlSession.selectList(DefaultSqlSession.java:122)
	at org.apache.ibatis.session.defaults.DefaultSqlSession.selectList(DefaultSqlSession.java:113)
	at org.activiti.engine.impl.db.DbSqlSession.selectListWithRawParameter(DbSqlSession.java:438)
	at org.activiti.engine.impl.db.DbSqlSession.selectList(DbSqlSession.java:429)
	at org.activiti.engine.impl.db.DbSqlSession.selectList(DbSqlSession.java:419)
	at org.activiti.engine.impl.persistence.entity.ExecutionEntityManager.findExecutionsByQueryCriteria(ExecutionEntityManager.java:118)
	at org.activiti.engine.impl.ExecutionQueryImpl.executeList(ExecutionQueryImpl.java:303)
	at org.activiti.engine.impl.AbstractQuery.executeSingleResult(AbstractQuery.java:183)
	at org.activiti.engine.impl.AbstractQuery.execute(AbstractQuery.java:166)
	at org.activiti.engine.impl.interceptor.CommandInvoker.execute(CommandInvoker.java:24)
	at org.activiti.engine.impl.interceptor.CommandContextInterceptor.execute(CommandContextInterceptor.java:57)
	at org.activiti.engine.impl.interceptor.LogInterceptor.execute(LogInterceptor.java:37)
	at org.activiti.engine.impl.cfg.CommandExecutorImpl.execute(CommandExecutorImpl.java:40)
	at org.activiti.engine.impl.cfg.CommandExecutorImpl.execute(CommandExecutorImpl.java:35)
	at org.activiti.engine.impl.AbstractQuery.singleResult(AbstractQuery.java:129)
	at org.activiti.engine.test.db.ProcessInstanceMigrationTest.testSetProcessDefinitionVersionWithCallActivity(ProcessInstanceMigrationTest.java:249)
	at sun.reflect.NativeMethodAccessorImpl.invoke0(Native Method)
	at sun.reflect.NativeMethodAccessorImpl.invoke(NativeMethodAccessorImpl.java:62)
	at sun.reflect.DelegatingMethodAccessorImpl.invoke(DelegatingMethodAccessorImpl.java:43)
	at java.lang.reflect.Method.invoke(Method.java:498)
	at junit.framework.TestCase.runTest(TestCase.java:176)
	at org.activiti.engine.impl.test.PvmTestCase.runTest(PvmTestCase.java:65)
	at junit.framework.TestCase.runBare(TestCase.java:141)
	at org.activiti.engine.impl.test.AbstractActivitiTestCase.runBare(AbstractActivitiTestCase.java:100)
	at junit.framework.TestResult$1.protect(TestResult.java:122)
	at junit.framework.TestResult.runProtected(TestResult.java:142)
	at junit.framework.TestResult.run(TestResult.java:125)
	at junit.framework.TestCase.run(TestCase.java:129)
	at junit.framework.TestSuite.runTest(TestSuite.java:255)
	at junit.framework.TestSuite.run(TestSuite.java:250)
	at org.junit.internal.runners.JUnit38ClassRunner.run(JUnit38ClassRunner.java:84)
	at org.apache.maven.surefire.junit4.JUnit4TestSet.execute(JUnit4TestSet.java:35)
	at org.apache.maven.surefire.junit4.JUnit4Provider.executeTestSet(JUnit4Provider.java:146)
	at org.apache.maven.surefire.junit4.JUnit4Provider.invoke(JUnit4Provider.java:97)
	at sun.reflect.NativeMethodAccessorImpl.invoke0(Native Method)
	at sun.reflect.NativeMethodAccessorImpl.invoke(NativeMethodAccessorImpl.java:62)
	at sun.reflect.DelegatingMethodAccessorImpl.invoke(DelegatingMethodAccessorImpl.java:43)
	at java.lang.reflect.Method.invoke(Method.java:498)
	at org.apache.maven.surefire.booter.ProviderFactory$ClassLoaderProxy.invoke(ProviderFactory.java:103)
	at com.sun.proxy.$Proxy0.invoke(Unknown Source)
	at org.apache.maven.surefire.booter.SurefireStarter.invokeProvider(SurefireStarter.java:145)
	at org.apache.maven.surefire.booter.SurefireStarter.runSuitesInProcess(SurefireStarter.java:87)
	at org.apache.maven.surefire.booter.ForkedBooter.main(ForkedBooter.java:69)
Caused by: org.h2.jdbc.JdbcSQLException: Syntax error in SQL statement &quot;SELECT DISTINCT RES.* , P.KEY_ AS PROCESSDEFINITIONKEY, P.ID_ AS PROCESSDEFINITIONID
       
    FROM ACT_RU_EXECUTION RES
    INNER JOIN ACT_RE_PROCDEF P ON RES.PROC_DEF_ID_ = P.ID_
     
     
     
     
     
     
     WHERE  P.KEY_ = ?
      
      
      
      
      
      
      
      
      
        AND RES.ACT_ID_ = ? AND RES.IS_ACTIVE_ = ? 
   
   
     ORDER BY  ORDER[*] BY RES.ID_ ASC  
    LIMIT ? OFFSET ? &quot;; expected &quot;=, NOT, EXISTS, INTERSECTS, SELECT, FROM&quot;; SQL statement:
select distinct RES.* , P.KEY_ as ProcessDefinitionKey, P.ID_ as ProcessDefinitionId
       
    from ACT_RU_EXECUTION RES
    inner join ACT_RE_PROCDEF P on RES.PROC_DEF_ID_ = P.ID_
     
     
     
     
     
     
     WHERE  P.KEY_ = ?
      
      
      
      
      
      
      
      
      
        and RES.ACT_ID_ = ? and RES.IS_ACTIVE_ = ? 
   
   
     order by  order by RES.ID_ asc  
    LIMIT ? OFFSET ? [42001-176]
	at org.h2.message.DbException.getJdbcSQLException(DbException.java:344)
	at org.h2.message.DbException.getSyntaxError(DbException.java:204)
	at org.h2.command.Parser.getSyntaxError(Parser.java:524)
	at org.h2.command.Parser.readTerm(Parser.java:2688)
	at org.h2.command.Parser.readFactor(Parser.java:2244)
	at org.h2.command.Parser.readSum(Parser.java:2231)
	at org.h2.command.Parser.readConcat(Parser.java:2201)
	at org.h2.command.Parser.readCondition(Parser.java:2051)
	at org.h2.command.Parser.readAnd(Parser.java:2023)
	at org.h2.command.Parser.readExpression(Parser.java:2015)
	at org.h2.command.Parser.parseEndOfQuery(Parser.java:1726)
	at org.h2.command.Parser.parseSelectUnionExtension(Parser.java:1706)
	at org.h2.command.Parser.parseSelectUnion(Parser.java:1675)
	at org.h2.command.Parser.parseSelect(Parser.java:1662)
	at org.h2.command.Parser.parsePrepared(Parser.java:434)
	at org.h2.command.Parser.parse(Parser.java:306)
	at org.h2.command.Parser.parse(Parser.java:282)
	at org.h2.command.Parser.prepareCommand(Parser.java:243)
	at org.h2.engine.Session.prepareLocal(Session.java:442)
	at org.h2.engine.Session.prepareCommand(Session.java:384)
	at org.h2.jdbc.JdbcConnection.prepareCommand(JdbcConnection.java:1188)
	at org.h2.jdbc.JdbcPreparedStatement.&lt;init&gt;(JdbcPreparedStatement.java:73)
	at org.h2.jdbc.JdbcConnection.prepareStatement(JdbcConnection.java:276)
	at sun.reflect.GeneratedMethodAccessor6.invoke(Unknown Source)
	at sun.reflect.DelegatingMethodAccessorImpl.invoke(DelegatingMethodAccessorImpl.java:43)
	at java.lang.reflect.Method.invoke(Method.java:498)
	at org.apache.ibatis.datasource.pooled.PooledConnection.invoke(PooledConnection.java:245)
	at com.sun.proxy.$Proxy12.prepareStatement(Unknown Source)
	at sun.reflect.GeneratedMethodAccessor6.invoke(Unknown Source)
	at sun.reflect.DelegatingMethodAccessorImpl.invoke(DelegatingMethodAccessorImpl.java:43)
	at java.lang.reflect.Method.invoke(Method.java:498)
	at org.apache.ibatis.logging.jdbc.ConnectionLogger.invoke(ConnectionLogger.java:55)
	at com.sun.proxy.$Proxy12.prepareStatement(Unknown Source)
	at org.apache.ibatis.executor.statement.PreparedStatementHandler.instantiateStatement(PreparedStatementHandler.java:79)
	at org.apache.ibatis.executor.statement.BaseStatementHandler.prepare(BaseStatementHandler.java:88)
	at org.apache.ibatis.executor.statement.RoutingStatementHandler.prepare(RoutingStatementHandler.java:58)
	at org.apache.ibatis.executor.SimpleExecutor.prepareStatement(SimpleExecutor.java:76)
	at org.apache.ibatis.executor.SimpleExecutor.doQuery(SimpleExecutor.java:61)
	at org.apache.ibatis.executor.BaseExecutor.queryFromDatabase(BaseExecutor.java:303)
	at org.apache.ibatis.executor.BaseExecutor.query(BaseExecutor.java:154)
	at org.apache.ibatis.executor.CachingExecutor.query(CachingExecutor.java:102)
	at org.apache.ibatis.executor.CachingExecutor.query(CachingExecutor.java:82)
	at org.apache.ibatis.session.defaults.DefaultSqlSession.selectList(DefaultSqlSession.java:120)
	... 42 more
10:47:16,946 [main] DEBUG org.activiti.engine.impl.test.TestHelper  - annotation @Deployment deletes deployment for ProcessInstanceMigrationTest.testSetProcessDefinitionVersionWithCallActivity
10:47:16,946 [main] DEBUG org.activiti.engine.impl.interceptor.LogInterceptor  - 

10:47:16,946 [main] DEBUG org.activiti.engine.impl.interceptor.LogInterceptor  - --- starting DeleteDeploymentCmd --------------------------------------------------------
10:47:16,946 [main] DEBUG org.apache.ibatis.transaction.jdbc.JdbcTransaction  - Opening JDBC Connection
10:47:16,946 [main] DEBUG org.apache.ibatis.datasource.pooled.PooledDataSource  - Checked out connection 180014677 from pool.
10:47:16,946 [main] DEBUG org.apache.ibatis.transaction.jdbc.JdbcTransaction  - Setting autocommit to false on JDBC Connection [conn3: url=jdbc:h2:mem:activiti user=SA]
10:47:16,946 [main] DEBUG org.activiti.engine.impl.persistence.entity.DeploymentEntity.selectDeploymentById  - ==&gt;  Preparing: select * from ACT_RE_DEPLOYMENT where ID_ = ? 
10:47:16,946 [main] DEBUG org.activiti.engine.impl.persistence.entity.DeploymentEntity.selectDeploymentById  - ==&gt; Parameters: 686(String)
10:47:16,946 [main] DEBUG org.activiti.engine.impl.persistence.entity.DeploymentEntity.selectDeploymentById  - &lt;==      Total: 1
10:47:16,946 [main] DEBUG org.activiti.engine.impl.persistence.entity.ProcessDefinitionEntity.selectProcessDefinitionsByQueryCriteria  - ==&gt;  Preparing: select RES.* from ACT_RE_PROCDEF RES WHERE RES.DEPLOYMENT_ID_ = ? order by order by RES.ID_ asc LIMIT ? OFFSET ? 
10:47:16,946 [main] DEBUG org.activiti.engine.impl.interceptor.CommandContext  - Error while closing command context
org.apache.ibatis.exceptions.PersistenceException: 
### Error querying database.  Cause: org.h2.jdbc.JdbcSQLException: Syntax error in SQL statement &quot;SELECT RES.* 
       
    FROM ACT_RE_PROCDEF RES
     
     WHERE  RES.DEPLOYMENT_ID_ = ? 
   
     ORDER BY  ORDER[*] BY RES.ID_ ASC  
    LIMIT ? OFFSET ? &quot;; expected &quot;=, NOT, EXISTS, INTERSECTS, SELECT, FROM&quot;; SQL statement:
select RES.* 
       
    from ACT_RE_PROCDEF RES
     
     WHERE  RES.DEPLOYMENT_ID_ = ? 
   
     order by  order by RES.ID_ asc  
    LIMIT ? OFFSET ? [42001-176]
### The error may exist in org/activiti/db/mapping/entity/ProcessDefinition.xml
### The error may involve org.activiti.engine.impl.persistence.entity.ProcessDefinitionEntity.selectProcessDefinitionsByQueryCriteria
### The error occurred while executing a query
### SQL: select RES.*              from ACT_RE_PROCDEF RES            WHERE  RES.DEPLOYMENT_ID_ = ?           order by  order by RES.ID_ asc       LIMIT ? OFFSET ?
### Cause: org.h2.jdbc.JdbcSQLException: Syntax error in SQL statement &quot;SELECT RES.* 
       
    FROM ACT_RE_PROCDEF RES
     
     WHERE  RES.DEPLOYMENT_ID_ = ? 
   
     ORDER BY  ORDER[*] BY RES.ID_ ASC  
    LIMIT ? OFFSET ? &quot;; expected &quot;=, NOT, EXISTS, INTERSECTS, SELECT, FROM&quot;; SQL statement:
select RES.* 
       
    from ACT_RE_PROCDEF RES
     
     WHERE  RES.DEPLOYMENT_ID_ = ? 
   
     order by  order by RES.ID_ asc  
    LIMIT ? OFFSET ? [42001-176]
	at org.apache.ibatis.exceptions.ExceptionFactory.wrapException(ExceptionFactory.java:30)
	at org.apache.ibatis.session.defaults.DefaultSqlSession.selectList(DefaultSqlSession.java:122)
	at org.apache.ibatis.session.defaults.DefaultSqlSession.selectList(DefaultSqlSession.java:113)
	at org.activiti.engine.impl.db.DbSqlSession.selectListWithRawParameter(DbSqlSession.java:438)
	at org.activiti.engine.impl.db.DbSqlSession.selectList(DbSqlSession.java:429)
	at org.activiti.engine.impl.db.DbSqlSession.selectList(DbSqlSession.java:419)
	at org.activiti.engine.impl.persistence.entity.ProcessDefinitionEntityManager.findProcessDefinitionsByQueryCriteria(ProcessDefinitionEntityManager.java:57)
	at org.activiti.engine.impl.ProcessDefinitionQueryImpl.executeList(ProcessDefinitionQueryImpl.java:307)
	at org.activiti.engine.impl.AbstractQuery.list(AbstractQuery.java:140)
	at org.activiti.engine.impl.persistence.deploy.DeploymentManager.removeDeployment(DeploymentManager.java:187)
	at org.activiti.engine.impl.cmd.DeleteDeploymentCmd.execute(DeleteDeploymentCmd.java:44)
	at org.activiti.engine.impl.cmd.DeleteDeploymentCmd.execute(DeleteDeploymentCmd.java:24)
	at org.activiti.engine.impl.interceptor.CommandInvoker.execute(CommandInvoker.java:24)
	at org.activiti.engine.impl.interceptor.CommandContextInterceptor.execute(CommandContextInterceptor.java:57)
	at org.activiti.engine.impl.interceptor.LogInterceptor.execute(LogInterceptor.java:37)
	at org.activiti.engine.impl.cfg.CommandExecutorImpl.execute(CommandExecutorImpl.java:40)
	at org.activiti.engine.impl.cfg.CommandExecutorImpl.execute(CommandExecutorImpl.java:35)
	at org.activiti.engine.impl.RepositoryServiceImpl.deleteDeployment(RepositoryServiceImpl.java:90)
	at org.activiti.engine.impl.test.TestHelper.annotationDeploymentTearDown(TestHelper.java:116)
	at org.activiti.engine.impl.test.AbstractActivitiTestCase.runBare(AbstractActivitiTestCase.java:116)
	at junit.framework.TestResult$1.protect(TestResult.java:122)
	at junit.framework.TestResult.runProtected(TestResult.java:142)
	at junit.framework.TestResult.run(TestResult.java:125)
	at junit.framework.TestCase.run(TestCase.java:129)
	at junit.framework.TestSuite.runTest(TestSuite.java:255)
	at junit.framework.TestSuite.run(TestSuite.java:250)
	at org.junit.internal.runners.JUnit38ClassRunner.run(JUnit38ClassRunner.java:84)
	at org.apache.maven.surefire.junit4.JUnit4TestSet.execute(JUnit4TestSet.java:35)
	at org.apache.maven.surefire.junit4.JUnit4Provider.executeTestSet(JUnit4Provider.java:146)
	at org.apache.maven.surefire.junit4.JUnit4Provider.invoke(JUnit4Provider.java:97)
	at sun.reflect.NativeMethodAccessorImpl.invoke0(Native Method)
	at sun.reflect.NativeMethodAccessorImpl.invoke(NativeMethodAccessorImpl.java:62)
	at sun.reflect.DelegatingMethodAccessorImpl.invoke(DelegatingMethodAccessorImpl.java:43)
	at java.lang.reflect.Method.invoke(Method.java:498)
	at org.apache.maven.surefire.booter.ProviderFactory$ClassLoaderProxy.invoke(ProviderFactory.java:103)
	at com.sun.proxy.$Proxy0.invoke(Unknown Source)
	at org.apache.maven.surefire.booter.SurefireStarter.invokeProvider(SurefireStarter.java:145)
	at org.apache.maven.surefire.booter.SurefireStarter.runSuitesInProcess(SurefireStarter.java:87)
	at org.apache.maven.surefire.booter.ForkedBooter.main(ForkedBooter.java:69)
Caused by: org.h2.jdbc.JdbcSQLException: Syntax error in SQL statement &quot;SELECT RES.* 
       
    FROM ACT_RE_PROCDEF RES
     
     WHERE  RES.DEPLOYMENT_ID_ = ? 
   
     ORDER BY  ORDER[*] BY RES.ID_ ASC  
    LIMIT ? OFFSET ? &quot;; expected &quot;=, NOT, EXISTS, INTERSECTS, SELECT, FROM&quot;; SQL statement:
select RES.* 
       
    from ACT_RE_PROCDEF RES
     
     WHERE  RES.DEPLOYMENT_ID_ = ? 
   
     order by  order by RES.ID_ asc  
    LIMIT ? OFFSET ? [42001-176]
	at org.h2.message.DbException.getJdbcSQLException(DbException.java:344)
	at org.h2.message.DbException.getSyntaxError(DbException.java:204)
	at org.h2.command.Parser.getSyntaxError(Parser.java:524)
	at org.h2.command.Parser.readTerm(Parser.java:2688)
	at org.h2.command.Parser.readFactor(Parser.java:2244)
	at org.h2.command.Parser.readSum(Parser.java:2231)
	at org.h2.command.Parser.readConcat(Parser.java:2201)
	at org.h2.command.Parser.readCondition(Parser.java:2051)
	at org.h2.command.Parser.readAnd(Parser.java:2023)
	at org.h2.command.Parser.readExpression(Parser.java:2015)
	at org.h2.command.Parser.parseEndOfQuery(Parser.java:1726)
	at org.h2.command.Parser.parseSelectUnionExtension(Parser.java:1706)
	at org.h2.command.Parser.parseSelectUnion(Parser.java:1675)
	at org.h2.command.Parser.parseSelect(Parser.java:1662)
	at org.h2.command.Parser.parsePrepared(Parser.java:434)
	at org.h2.command.Parser.parse(Parser.java:306)
	at org.h2.command.Parser.parse(Parser.java:282)
	at org.h2.command.Parser.prepareCommand(Parser.java:243)
	at org.h2.engine.Session.prepareLocal(Session.java:442)
	at org.h2.engine.Session.prepareCommand(Session.java:384)
	at org.h2.jdbc.JdbcConnection.prepareCommand(JdbcConnection.java:1188)
	at org.h2.jdbc.JdbcPreparedStatement.&lt;init&gt;(JdbcPreparedStatement.java:73)
	at org.h2.jdbc.JdbcConnection.prepareStatement(JdbcConnection.java:276)
	at sun.reflect.GeneratedMethodAccessor6.invoke(Unknown Source)
	at sun.reflect.DelegatingMethodAccessorImpl.invoke(DelegatingMethodAccessorImpl.java:43)
	at java.lang.reflect.Method.invoke(Method.java:498)
	at org.apache.ibatis.datasource.pooled.PooledConnection.invoke(PooledConnection.java:245)
	at com.sun.proxy.$Proxy12.prepareStatement(Unknown Source)
	at sun.reflect.GeneratedMethodAccessor6.invoke(Unknown Source)
	at sun.reflect.DelegatingMethodAccessorImpl.invoke(DelegatingMethodAccessorImpl.java:43)
	at java.lang.reflect.Method.invoke(Method.java:498)
	at org.apache.ibatis.logging.jdbc.ConnectionLogger.invoke(ConnectionLogger.java:55)
	at com.sun.proxy.$Proxy12.prepareStatement(Unknown Source)
	at org.apache.ibatis.executor.statement.PreparedStatementHandler.instantiateStatement(PreparedStatementHandler.java:79)
	at org.apache.ibatis.executor.statement.BaseStatementHandler.prepare(BaseStatementHandler.java:88)
	at org.apache.ibatis.executor.statement.RoutingStatementHandler.prepare(RoutingStatementHandler.java:58)
	at org.apache.ibatis.executor.SimpleExecutor.prepareStatement(SimpleExecutor.java:76)
	at org.apache.ibatis.executor.SimpleExecutor.doQuery(SimpleExecutor.java:61)
	at org.apache.ibatis.executor.BaseExecutor.queryFromDatabase(BaseExecutor.java:303)
	at org.apache.ibatis.executor.BaseExecutor.query(BaseExecutor.java:154)
	at org.apache.ibatis.executor.CachingExecutor.query(CachingExecutor.java:102)
	at org.apache.ibatis.executor.CachingExecutor.query(CachingExecutor.java:82)
	at org.apache.ibatis.session.defaults.DefaultSqlSession.selectList(DefaultSqlSession.java:120)
	... 37 more
10:47:16,947 [main] DEBUG org.activiti.engine.impl.cfg.standalone.StandaloneMybatisTransactionContext  - firing event rolling back...
10:47:16,947 [main] DEBUG org.activiti.engine.impl.cfg.standalone.StandaloneMybatisTransactionContext  - rolling back ibatis sql session...
10:47:16,947 [main] DEBUG org.activiti.engine.impl.cfg.standalone.StandaloneMybatisTransactionContext  - firing event rolled back...
10:47:16,947 [main] DEBUG org.apache.ibatis.transaction.jdbc.JdbcTransaction  - Resetting autocommit to true on JDBC Connection [conn3: url=jdbc:h2:mem:activiti user=SA]
10:47:16,947 [main] DEBUG org.apache.ibatis.transaction.jdbc.JdbcTransaction  - Closing JDBC Connection [conn3: url=jdbc:h2:mem:activiti user=SA]
10:47:16,947 [main] DEBUG org.apache.ibatis.datasource.pooled.PooledDataSource  - Returned connection 180014677 to pool.
10:47:16,947 [main] DEBUG org.activiti.engine.impl.interceptor.LogInterceptor  - --- DeleteDeploymentCmd finished --------------------------------------------------------
10:47:16,947 [main] DEBUG org.activiti.engine.impl.interceptor.LogInterceptor  - 

</system-out>
  </testcase>
  <testcase classname="org.activiti.engine.test.db.ProcessInstanceMigrationTest" name="testSetProcessDefinitionVersionActivityMissing" time="0.012">
    <error message="
### Error querying database.  Cause: org.h2.jdbc.JdbcSQLException: Syntax error in SQL statement &quot;SELECT RES.* 
       
    FROM ACT_RE_PROCDEF RES
     
     WHERE  RES.DEPLOYMENT_ID_ = ? 
   
     ORDER BY  ORDER[*] BY RES.ID_ ASC  
    LIMIT ? OFFSET ? &quot;; expected &quot;=, NOT, EXISTS, INTERSECTS, SELECT, FROM&quot;; SQL statement:
select RES.* 
       
    from ACT_RE_PROCDEF RES
     
     WHERE  RES.DEPLOYMENT_ID_ = ? 
   
     order by  order by RES.ID_ asc  
    LIMIT ? OFFSET ? [42001-176]
### The error may exist in org/activiti/db/mapping/entity/ProcessDefinition.xml
### The error may involve org.activiti.engine.impl.persistence.entity.ProcessDefinitionEntity.selectProcessDefinitionsByQueryCriteria
### The error occurred while executing a query
### SQL: select RES.*              from ACT_RE_PROCDEF RES            WHERE  RES.DEPLOYMENT_ID_ = ?           order by  order by RES.ID_ asc       LIMIT ? OFFSET ?
### Cause: org.h2.jdbc.JdbcSQLException: Syntax error in SQL statement &quot;SELECT RES.* 
       
    FROM ACT_RE_PROCDEF RES
     
     WHERE  RES.DEPLOYMENT_ID_ = ? 
   
     ORDER BY  ORDER[*] BY RES.ID_ ASC  
    LIMIT ? OFFSET ? &quot;; expected &quot;=, NOT, EXISTS, INTERSECTS, SELECT, FROM&quot;; SQL statement:
select RES.* 
       
    from ACT_RE_PROCDEF RES
     
     WHERE  RES.DEPLOYMENT_ID_ = ? 
   
     order by  order by RES.ID_ asc  
    LIMIT ? OFFSET ? [42001-176]" type="org.apache.ibatis.exceptions.PersistenceException">org.apache.ibatis.exceptions.PersistenceException: 
### Error querying database.  Cause: org.h2.jdbc.JdbcSQLException: Syntax error in SQL statement &quot;SELECT RES.* 
       
    FROM ACT_RE_PROCDEF RES
     
     WHERE  RES.DEPLOYMENT_ID_ = ? 
   
     ORDER BY  ORDER[*] BY RES.ID_ ASC  
    LIMIT ? OFFSET ? &quot;; expected &quot;=, NOT, EXISTS, INTERSECTS, SELECT, FROM&quot;; SQL statement:
select RES.* 
       
    from ACT_RE_PROCDEF RES
     
     WHERE  RES.DEPLOYMENT_ID_ = ? 
   
     order by  order by RES.ID_ asc  
    LIMIT ? OFFSET ? [42001-176]
### The error may exist in org/activiti/db/mapping/entity/ProcessDefinition.xml
### The error may involve org.activiti.engine.impl.persistence.entity.ProcessDefinitionEntity.selectProcessDefinitionsByQueryCriteria
### The error occurred while executing a query
### SQL: select RES.*              from ACT_RE_PROCDEF RES            WHERE  RES.DEPLOYMENT_ID_ = ?           order by  order by RES.ID_ asc       LIMIT ? OFFSET ?
### Cause: org.h2.jdbc.JdbcSQLException: Syntax error in SQL statement &quot;SELECT RES.* 
       
    FROM ACT_RE_PROCDEF RES
     
     WHERE  RES.DEPLOYMENT_ID_ = ? 
   
     ORDER BY  ORDER[*] BY RES.ID_ ASC  
    LIMIT ? OFFSET ? &quot;; expected &quot;=, NOT, EXISTS, INTERSECTS, SELECT, FROM&quot;; SQL statement:
select RES.* 
       
    from ACT_RE_PROCDEF RES
     
     WHERE  RES.DEPLOYMENT_ID_ = ? 
   
     order by  order by RES.ID_ asc  
    LIMIT ? OFFSET ? [42001-176]
	at org.apache.ibatis.exceptions.ExceptionFactory.wrapException(ExceptionFactory.java:30)
	at org.apache.ibatis.session.defaults.DefaultSqlSession.selectList(DefaultSqlSession.java:122)
	at org.apache.ibatis.session.defaults.DefaultSqlSession.selectList(DefaultSqlSession.java:113)
	at org.activiti.engine.impl.db.DbSqlSession.selectListWithRawParameter(DbSqlSession.java:438)
	at org.activiti.engine.impl.db.DbSqlSession.selectList(DbSqlSession.java:429)
	at org.activiti.engine.impl.db.DbSqlSession.selectList(DbSqlSession.java:419)
	at org.activiti.engine.impl.persistence.entity.ProcessDefinitionEntityManager.findProcessDefinitionsByQueryCriteria(ProcessDefinitionEntityManager.java:57)
	at org.activiti.engine.impl.ProcessDefinitionQueryImpl.executeList(ProcessDefinitionQueryImpl.java:307)
	at org.activiti.engine.impl.AbstractQuery.list(AbstractQuery.java:140)
	at org.activiti.engine.impl.persistence.deploy.DeploymentManager.removeDeployment(DeploymentManager.java:187)
	at org.activiti.engine.impl.cmd.DeleteDeploymentCmd.execute(DeleteDeploymentCmd.java:44)
	at org.activiti.engine.impl.cmd.DeleteDeploymentCmd.execute(DeleteDeploymentCmd.java:24)
	at org.activiti.engine.impl.interceptor.CommandInvoker.execute(CommandInvoker.java:24)
	at org.activiti.engine.impl.interceptor.CommandContextInterceptor.execute(CommandContextInterceptor.java:57)
	at org.activiti.engine.impl.interceptor.LogInterceptor.execute(LogInterceptor.java:37)
	at org.activiti.engine.impl.cfg.CommandExecutorImpl.execute(CommandExecutorImpl.java:40)
	at org.activiti.engine.impl.cfg.CommandExecutorImpl.execute(CommandExecutorImpl.java:35)
	at org.activiti.engine.impl.RepositoryServiceImpl.deleteDeployment(RepositoryServiceImpl.java:90)
	at org.activiti.engine.impl.test.TestHelper.annotationDeploymentTearDown(TestHelper.java:116)
	at org.activiti.engine.impl.test.AbstractActivitiTestCase.runBare(AbstractActivitiTestCase.java:116)
	at junit.framework.TestResult$1.protect(TestResult.java:122)
	at junit.framework.TestResult.runProtected(TestResult.java:142)
	at junit.framework.TestResult.run(TestResult.java:125)
	at junit.framework.TestCase.run(TestCase.java:129)
	at junit.framework.TestSuite.runTest(TestSuite.java:255)
	at junit.framework.TestSuite.run(TestSuite.java:250)
	at org.junit.internal.runners.JUnit38ClassRunner.run(JUnit38ClassRunner.java:84)
	at org.apache.maven.surefire.junit4.JUnit4TestSet.execute(JUnit4TestSet.java:35)
	at org.apache.maven.surefire.junit4.JUnit4Provider.executeTestSet(JUnit4Provider.java:146)
	at org.apache.maven.surefire.junit4.JUnit4Provider.invoke(JUnit4Provider.java:97)
	at sun.reflect.NativeMethodAccessorImpl.invoke0(Native Method)
	at sun.reflect.NativeMethodAccessorImpl.invoke(NativeMethodAccessorImpl.java:62)
	at sun.reflect.DelegatingMethodAccessorImpl.invoke(DelegatingMethodAccessorImpl.java:43)
	at java.lang.reflect.Method.invoke(Method.java:498)
	at org.apache.maven.surefire.booter.ProviderFactory$ClassLoaderProxy.invoke(ProviderFactory.java:103)
	at com.sun.proxy.$Proxy0.invoke(Unknown Source)
	at org.apache.maven.surefire.booter.SurefireStarter.invokeProvider(SurefireStarter.java:145)
	at org.apache.maven.surefire.booter.SurefireStarter.runSuitesInProcess(SurefireStarter.java:87)
	at org.apache.maven.surefire.booter.ForkedBooter.main(ForkedBooter.java:69)
Caused by: org.h2.jdbc.JdbcSQLException: Syntax error in SQL statement &quot;SELECT RES.* 
       
    FROM ACT_RE_PROCDEF RES
     
     WHERE  RES.DEPLOYMENT_ID_ = ? 
   
     ORDER BY  ORDER[*] BY RES.ID_ ASC  
    LIMIT ? OFFSET ? &quot;; expected &quot;=, NOT, EXISTS, INTERSECTS, SELECT, FROM&quot;; SQL statement:
select RES.* 
       
    from ACT_RE_PROCDEF RES
     
     WHERE  RES.DEPLOYMENT_ID_ = ? 
   
     order by  order by RES.ID_ asc  
    LIMIT ? OFFSET ? [42001-176]
	at org.h2.message.DbException.getJdbcSQLException(DbException.java:344)
	at org.h2.message.DbException.getSyntaxError(DbException.java:204)
	at org.h2.command.Parser.getSyntaxError(Parser.java:524)
	at org.h2.command.Parser.readTerm(Parser.java:2688)
	at org.h2.command.Parser.readFactor(Parser.java:2244)
	at org.h2.command.Parser.readSum(Parser.java:2231)
	at org.h2.command.Parser.readConcat(Parser.java:2201)
	at org.h2.command.Parser.readCondition(Parser.java:2051)
	at org.h2.command.Parser.readAnd(Parser.java:2023)
	at org.h2.command.Parser.readExpression(Parser.java:2015)
	at org.h2.command.Parser.parseEndOfQuery(Parser.java:1726)
	at org.h2.command.Parser.parseSelectUnionExtension(Parser.java:1706)
	at org.h2.command.Parser.parseSelectUnion(Parser.java:1675)
	at org.h2.command.Parser.parseSelect(Parser.java:1662)
	at org.h2.command.Parser.parsePrepared(Parser.java:434)
	at org.h2.command.Parser.parse(Parser.java:306)
	at org.h2.command.Parser.parse(Parser.java:282)
	at org.h2.command.Parser.prepareCommand(Parser.java:243)
	at org.h2.engine.Session.prepareLocal(Session.java:442)
	at org.h2.engine.Session.prepareCommand(Session.java:384)
	at org.h2.jdbc.JdbcConnection.prepareCommand(JdbcConnection.java:1188)
	at org.h2.jdbc.JdbcPreparedStatement.&lt;init&gt;(JdbcPreparedStatement.java:73)
	at org.h2.jdbc.JdbcConnection.prepareStatement(JdbcConnection.java:276)
	at sun.reflect.GeneratedMethodAccessor6.invoke(Unknown Source)
	at sun.reflect.DelegatingMethodAccessorImpl.invoke(DelegatingMethodAccessorImpl.java:43)
	at java.lang.reflect.Method.invoke(Method.java:498)
	at org.apache.ibatis.datasource.pooled.PooledConnection.invoke(PooledConnection.java:245)
	at com.sun.proxy.$Proxy12.prepareStatement(Unknown Source)
	at sun.reflect.GeneratedMethodAccessor6.invoke(Unknown Source)
	at sun.reflect.DelegatingMethodAccessorImpl.invoke(DelegatingMethodAccessorImpl.java:43)
	at java.lang.reflect.Method.invoke(Method.java:498)
	at org.apache.ibatis.logging.jdbc.ConnectionLogger.invoke(ConnectionLogger.java:55)
	at com.sun.proxy.$Proxy12.prepareStatement(Unknown Source)
	at org.apache.ibatis.executor.statement.PreparedStatementHandler.instantiateStatement(PreparedStatementHandler.java:79)
	at org.apache.ibatis.executor.statement.BaseStatementHandler.prepare(BaseStatementHandler.java:88)
	at org.apache.ibatis.executor.statement.RoutingStatementHandler.prepare(RoutingStatementHandler.java:58)
	at org.apache.ibatis.executor.SimpleExecutor.prepareStatement(SimpleExecutor.java:76)
	at org.apache.ibatis.executor.SimpleExecutor.doQuery(SimpleExecutor.java:61)
	at org.apache.ibatis.executor.BaseExecutor.queryFromDatabase(BaseExecutor.java:303)
	at org.apache.ibatis.executor.BaseExecutor.query(BaseExecutor.java:154)
	at org.apache.ibatis.executor.CachingExecutor.query(CachingExecutor.java:102)
	at org.apache.ibatis.executor.CachingExecutor.query(CachingExecutor.java:82)
	at org.apache.ibatis.session.defaults.DefaultSqlSession.selectList(DefaultSqlSession.java:120)
	... 37 more
</error>
    <system-out>10:47:16,947 [main] DEBUG org.activiti.engine.impl.test.TestHelper  - annotation @Deployment creates deployment for ProcessInstanceMigrationTest.testSetProcessDefinitionVersionActivityMissing
10:47:16,948 [main] DEBUG org.activiti.engine.impl.interceptor.LogInterceptor  - 

10:47:16,948 [main] DEBUG org.activiti.engine.impl.interceptor.LogInterceptor  - --- starting DeployCmd --------------------------------------------------------
10:47:16,948 [main] DEBUG org.activiti.engine.impl.bpmn.deployer.BpmnDeployer  - Processing deployment ProcessInstanceMigrationTest.testSetProcessDefinitionVersionActivityMissing
10:47:16,948 [main] INFO  org.activiti.engine.impl.bpmn.deployer.BpmnDeployer  - Processing resource org/activiti/engine/test/db/ProcessInstanceMigrationTest.testSetProcessDefinitionVersion.bpmn20.xml
10:47:16,953 [main] DEBUG org.activiti.engine.impl.bpmn.parser.handler.ProcessParseHandler  - Parsing process receiveTask
10:47:16,954 [main] DEBUG org.activiti.engine.impl.bpmn.parser.handler.AbstractBpmnParseHandler  - Parsing activity waitState1
10:47:16,954 [main] DEBUG org.activiti.engine.impl.bpmn.parser.handler.AbstractBpmnParseHandler  - Parsing activity waitState2
10:47:16,954 [main] DEBUG org.activiti.engine.impl.bpmn.parser.handler.AbstractBpmnParseHandler  - Parsing activity theStart
10:47:16,954 [main] DEBUG org.activiti.engine.impl.bpmn.parser.handler.AbstractBpmnParseHandler  - Parsing activity theEnd
10:47:16,954 [main] DEBUG org.apache.ibatis.transaction.jdbc.JdbcTransaction  - Opening JDBC Connection
10:47:16,954 [main] DEBUG org.apache.ibatis.datasource.pooled.PooledDataSource  - Checked out connection 486346394 from pool.
10:47:16,954 [main] DEBUG org.apache.ibatis.transaction.jdbc.JdbcTransaction  - Setting autocommit to false on JDBC Connection [conn6: url=jdbc:h2:mem:activiti user=SA]
10:47:16,954 [main] DEBUG org.activiti.engine.impl.persistence.entity.ProcessDefinitionEntity.selectLatestProcessDefinitionByKey  - ==&gt;  Preparing: select * from ACT_RE_PROCDEF where KEY_ = ? and (TENANT_ID_ = &apos;&apos; or TENANT_ID_ is null) and VERSION_ = (select max(VERSION_) from ACT_RE_PROCDEF where KEY_ = ? and (TENANT_ID_ = &apos;&apos; or TENANT_ID_ is null)) 
10:47:16,954 [main] DEBUG org.activiti.engine.impl.persistence.entity.ProcessDefinitionEntity.selectLatestProcessDefinitionByKey  - ==&gt; Parameters: receiveTask(String), receiveTask(String)
10:47:16,954 [main] DEBUG org.activiti.engine.impl.persistence.entity.ProcessDefinitionEntity.selectLatestProcessDefinitionByKey  - &lt;==      Total: 0
10:47:16,954 [main] DEBUG org.activiti.engine.impl.persistence.entity.JobEntity.selectJobByTypeAndProcessDefinitionKeyNoTenantId  - ==&gt;  Preparing: select J.* from ACT_RU_JOB J inner join ACT_RE_PROCDEF P on J.PROC_DEF_ID_ = P.ID_ where J.HANDLER_TYPE_ = ? and P.KEY_ = ? and (P.TENANT_ID_ = &apos;&apos; or P.TENANT_ID_ is null) 
10:47:16,954 [main] DEBUG org.activiti.engine.impl.persistence.entity.JobEntity.selectJobByTypeAndProcessDefinitionKeyNoTenantId  - ==&gt; Parameters: timer-start-event(String), receiveTask(String)
10:47:16,954 [main] DEBUG org.activiti.engine.impl.persistence.entity.JobEntity.selectJobByTypeAndProcessDefinitionKeyNoTenantId  - &lt;==      Total: 0
10:47:16,954 [main] DEBUG org.activiti.engine.impl.persistence.entity.ProcessDefinitionInfoEntity.selectProcessDefinitionInfoByProcessDefinitionId  - ==&gt;  Preparing: select * from ACT_PROCDEF_INFO where PROC_DEF_ID_ = ? 
10:47:16,954 [main] DEBUG org.activiti.engine.impl.persistence.entity.ProcessDefinitionInfoEntity.selectProcessDefinitionInfoByProcessDefinitionId  - ==&gt; Parameters: receiveTask:1:699(String)
10:47:16,954 [main] DEBUG org.activiti.engine.impl.persistence.entity.ProcessDefinitionInfoEntity.selectProcessDefinitionInfoByProcessDefinitionId  - &lt;==      Total: 0
10:47:16,954 [main] DEBUG org.activiti.engine.impl.interceptor.LogInterceptor  - 

10:47:16,954 [main] DEBUG org.activiti.engine.impl.interceptor.LogInterceptor  - --- starting GetProcessDefinitionInfoCmd --------------------------------------------------------
10:47:16,954 [main] DEBUG org.activiti.engine.impl.interceptor.CommandContextInterceptor  - Valid context found. Reusing it for the current command &apos;org.activiti.engine.impl.cmd.GetProcessDefinitionInfoCmd&apos;
10:47:16,954 [main] DEBUG org.activiti.engine.impl.interceptor.LogInterceptor  - 

10:47:16,954 [main] DEBUG org.activiti.engine.impl.interceptor.LogInterceptor  - --- starting  --------------------------------------------------------
10:47:16,954 [main] DEBUG org.activiti.engine.impl.interceptor.CommandContextInterceptor  - Valid context found. Reusing it for the current command &apos;null&apos;
10:47:16,954 [main] DEBUG org.activiti.engine.impl.interceptor.LogInterceptor  - ---  finished --------------------------------------------------------
10:47:16,954 [main] DEBUG org.activiti.engine.impl.interceptor.LogInterceptor  - 

10:47:16,954 [main] DEBUG org.activiti.engine.impl.interceptor.LogInterceptor  - --- GetProcessDefinitionInfoCmd finished --------------------------------------------------------
10:47:16,954 [main] DEBUG org.activiti.engine.impl.interceptor.LogInterceptor  - 

10:47:16,954 [main] DEBUG org.activiti.engine.impl.db.DbSqlSession  -   insert ResourceEntity[id=698, name=org/activiti/engine/test/db/ProcessInstanceMigrationTest.testSetProcessDefinitionVersion.bpmn20.xml]
10:47:16,955 [main] DEBUG org.activiti.engine.impl.db.DbSqlSession  -   insert DeploymentEntity[id=697, name=ProcessInstanceMigrationTest.testSetProcessDefinitionVersionActivityMissing]
10:47:16,955 [main] DEBUG org.activiti.engine.impl.db.DbSqlSession  -   insert ProcessDefinitionEntity[receiveTask:1:699]
10:47:16,955 [main] DEBUG org.activiti.engine.impl.db.DbSqlSession  - flush summary: 3 insert, 0 update, 0 delete.
10:47:16,955 [main] DEBUG org.activiti.engine.impl.db.DbSqlSession  - now executing flush...
10:47:16,955 [main] DEBUG org.activiti.engine.impl.db.DbSqlSession  - inserting: ProcessDefinitionEntity[receiveTask:1:699]
10:47:16,955 [main] DEBUG org.activiti.engine.impl.persistence.entity.ProcessDefinitionEntity.insertProcessDefinition  - ==&gt;  Preparing: insert into ACT_RE_PROCDEF(ID_, REV_, CATEGORY_, NAME_, KEY_, VERSION_, DEPLOYMENT_ID_, RESOURCE_NAME_, DGRM_RESOURCE_NAME_, DESCRIPTION_, HAS_START_FORM_KEY_, HAS_GRAPHICAL_NOTATION_ , SUSPENSION_STATE_, TENANT_ID_) values (?, 1, ?, ?, ?, ?, ?, ?, ?, ?, ?, ?, ?, ?) 
10:47:16,955 [main] DEBUG org.activiti.engine.impl.persistence.entity.ProcessDefinitionEntity.insertProcessDefinition  - ==&gt; Parameters: receiveTask:1:699(String), Examples(String), null, receiveTask(String), 1(Integer), 697(String), org/activiti/engine/test/db/ProcessInstanceMigrationTest.testSetProcessDefinitionVersion.bpmn20.xml(String), null, null, false(Boolean), false(Boolean), 1(Integer), (String)
10:47:16,955 [main] DEBUG org.activiti.engine.impl.persistence.entity.ProcessDefinitionEntity.insertProcessDefinition  - &lt;==    Updates: 1
10:47:16,955 [main] DEBUG org.activiti.engine.impl.db.DbSqlSession  - inserting: DeploymentEntity[id=697, name=ProcessInstanceMigrationTest.testSetProcessDefinitionVersionActivityMissing]
10:47:16,955 [main] DEBUG org.activiti.engine.impl.persistence.entity.DeploymentEntity.insertDeployment  - ==&gt;  Preparing: insert into ACT_RE_DEPLOYMENT(ID_, NAME_, CATEGORY_, TENANT_ID_, DEPLOY_TIME_) values(?, ?, ?, ?, ?) 
10:47:16,955 [main] DEBUG org.activiti.engine.impl.persistence.entity.DeploymentEntity.insertDeployment  - ==&gt; Parameters: 697(String), ProcessInstanceMigrationTest.testSetProcessDefinitionVersionActivityMissing(String), null, (String), 2023-03-20 10:47:16.948(Timestamp)
10:47:16,955 [main] DEBUG org.activiti.engine.impl.persistence.entity.DeploymentEntity.insertDeployment  - &lt;==    Updates: 1
10:47:16,955 [main] DEBUG org.activiti.engine.impl.db.DbSqlSession  - inserting: ResourceEntity[id=698, name=org/activiti/engine/test/db/ProcessInstanceMigrationTest.testSetProcessDefinitionVersion.bpmn20.xml]
10:47:16,955 [main] DEBUG org.activiti.engine.impl.persistence.entity.ResourceEntity.insertResource  - ==&gt;  Preparing: insert into ACT_GE_BYTEARRAY(ID_, REV_, NAME_, BYTES_, DEPLOYMENT_ID_, GENERATED_) values (?, 1, ?, ?, ?, ?) 
10:47:16,955 [main] DEBUG org.activiti.engine.impl.persistence.entity.ResourceEntity.insertResource  - ==&gt; Parameters: 698(String), org/activiti/engine/test/db/ProcessInstanceMigrationTest.testSetProcessDefinitionVersion.bpmn20.xml(String), java.io.ByteArrayInputStream@506e1d0f(ByteArrayInputStream), 697(String), false(Boolean)
10:47:16,955 [main] DEBUG org.activiti.engine.impl.persistence.entity.ResourceEntity.insertResource  - &lt;==    Updates: 1
10:47:16,955 [main] DEBUG org.activiti.engine.impl.cfg.standalone.StandaloneMybatisTransactionContext  - firing event committing...
10:47:16,955 [main] DEBUG org.activiti.engine.impl.cfg.standalone.StandaloneMybatisTransactionContext  - committing the ibatis sql session...
10:47:16,955 [main] DEBUG org.apache.ibatis.transaction.jdbc.JdbcTransaction  - Committing JDBC Connection [conn6: url=jdbc:h2:mem:activiti user=SA]
10:47:16,955 [main] DEBUG org.activiti.engine.impl.cfg.standalone.StandaloneMybatisTransactionContext  - firing event committed...
10:47:16,955 [main] DEBUG org.apache.ibatis.transaction.jdbc.JdbcTransaction  - Resetting autocommit to true on JDBC Connection [conn6: url=jdbc:h2:mem:activiti user=SA]
10:47:16,955 [main] DEBUG org.apache.ibatis.transaction.jdbc.JdbcTransaction  - Closing JDBC Connection [conn6: url=jdbc:h2:mem:activiti user=SA]
10:47:16,955 [main] DEBUG org.apache.ibatis.datasource.pooled.PooledDataSource  - Returned connection 486346394 to pool.
10:47:16,955 [main] DEBUG org.activiti.engine.impl.interceptor.LogInterceptor  - --- DeployCmd finished --------------------------------------------------------
10:47:16,955 [main] DEBUG org.activiti.engine.impl.interceptor.LogInterceptor  - 

10:47:16,955 [main] DEBUG org.activiti.engine.impl.test.PvmTestCase  - 

10:47:16,955 [main] DEBUG org.activiti.engine.impl.test.PvmTestCase  - #### START ProcessInstanceMigrationTest.testSetProcessDefinitionVersionActivityMissing ###########################################################
10:47:16,955 [main] DEBUG org.activiti.engine.impl.interceptor.LogInterceptor  - 

10:47:16,955 [main] DEBUG org.activiti.engine.impl.interceptor.LogInterceptor  - --- starting StartProcessInstanceCmd --------------------------------------------------------
10:47:16,955 [main] DEBUG org.apache.ibatis.transaction.jdbc.JdbcTransaction  - Opening JDBC Connection
10:47:16,955 [main] DEBUG org.apache.ibatis.datasource.pooled.PooledDataSource  - Checked out connection 297240765 from pool.
10:47:16,955 [main] DEBUG org.apache.ibatis.transaction.jdbc.JdbcTransaction  - Setting autocommit to false on JDBC Connection [conn4: url=jdbc:h2:mem:activiti user=SA]
10:47:16,955 [main] DEBUG org.activiti.engine.impl.persistence.entity.ProcessDefinitionEntity.selectLatestProcessDefinitionByKey  - ==&gt;  Preparing: select * from ACT_RE_PROCDEF where KEY_ = ? and (TENANT_ID_ = &apos;&apos; or TENANT_ID_ is null) and VERSION_ = (select max(VERSION_) from ACT_RE_PROCDEF where KEY_ = ? and (TENANT_ID_ = &apos;&apos; or TENANT_ID_ is null)) 
10:47:16,955 [main] DEBUG org.activiti.engine.impl.persistence.entity.ProcessDefinitionEntity.selectLatestProcessDefinitionByKey  - ==&gt; Parameters: receiveTask(String), receiveTask(String)
10:47:16,956 [main] DEBUG org.activiti.engine.impl.persistence.entity.ProcessDefinitionEntity.selectLatestProcessDefinitionByKey  - &lt;==      Total: 1
10:47:16,956 [main] DEBUG org.activiti.engine.impl.persistence.entity.ExecutionEntity  - initializing ProcessInstance[700]
10:47:16,956 [main] DEBUG org.activiti.engine.impl.history.DefaultHistoryManager  - Current history level: FULL, level required: ACTIVITY
10:47:16,956 [main] DEBUG org.activiti.engine.impl.pvm.runtime.AtomicOperationActivityExecute  - ProcessInstance[700] executes Activity(theStart): org.activiti.engine.impl.bpmn.behavior.NoneStartEventActivityBehavior
10:47:16,956 [main] DEBUG org.activiti.engine.impl.persistence.entity.JobEntity.selectJobsByExecutionId  - ==&gt;  Preparing: select * from ACT_RU_JOB J where J.EXECUTION_ID_ = ? 
10:47:16,956 [main] DEBUG org.activiti.engine.impl.persistence.entity.JobEntity.selectJobsByExecutionId  - ==&gt; Parameters: 700(String)
10:47:16,956 [main] DEBUG org.activiti.engine.impl.persistence.entity.JobEntity.selectJobsByExecutionId  - &lt;==      Total: 0
10:47:16,956 [main] DEBUG org.activiti.engine.impl.bpmn.behavior.BpmnActivityBehavior  - Leaving activity &apos;theStart&apos;
10:47:16,956 [main] DEBUG org.activiti.engine.impl.history.DefaultHistoryManager  - Current history level: FULL, level required: ACTIVITY
10:47:16,956 [main] DEBUG org.activiti.engine.impl.pvm.runtime.AtomicOperationTransitionNotifyListenerTake  - ProcessInstance[700] takes transition (theStart)--flow1--&gt;(waitState1)
10:47:16,956 [main] DEBUG org.activiti.engine.impl.history.DefaultHistoryManager  - Current history level: FULL, level required: ACTIVITY
10:47:16,956 [main] DEBUG org.activiti.engine.impl.pvm.runtime.AtomicOperationActivityExecute  - ProcessInstance[700] executes Activity(waitState1): org.activiti.engine.impl.bpmn.behavior.ReceiveTaskActivityBehavior
10:47:16,956 [main] DEBUG org.activiti.engine.impl.db.DbSqlSession  -   insert ProcessInstance[700]
10:47:16,956 [main] DEBUG org.activiti.engine.impl.db.DbSqlSession  -   insert HistoricProcessInstanceEntity[superProcessInstanceId=null]
10:47:16,956 [main] DEBUG org.activiti.engine.impl.db.DbSqlSession  -   insert HistoricActivityInstanceEntity[activityId=theStart, activityName=null]
10:47:16,956 [main] DEBUG org.activiti.engine.impl.db.DbSqlSession  -   insert HistoricActivityInstanceEntity[activityId=waitState1, activityName=Wait State 1]
10:47:16,956 [main] DEBUG org.activiti.engine.impl.db.DbSqlSession  - flush summary: 4 insert, 0 update, 0 delete.
10:47:16,956 [main] DEBUG org.activiti.engine.impl.db.DbSqlSession  - now executing flush...
10:47:16,956 [main] DEBUG org.activiti.engine.impl.db.DbSqlSession  - inserting: HistoricProcessInstanceEntity[superProcessInstanceId=null]
10:47:16,956 [main] DEBUG org.activiti.engine.impl.persistence.entity.HistoricProcessInstanceEntity.insertHistoricProcessInstance  - ==&gt;  Preparing: insert into ACT_HI_PROCINST ( ID_, PROC_INST_ID_, BUSINESS_KEY_, PROC_DEF_ID_, START_TIME_, END_TIME_, DURATION_, START_USER_ID_, START_ACT_ID_, END_ACT_ID_, SUPER_PROCESS_INSTANCE_ID_, DELETE_REASON_, TENANT_ID_, NAME_ ) values ( ?, ?, ?, ?, ?, ?, ?, ?, ?, ?, ?, ?, ?, ? ) 
10:47:16,956 [main] DEBUG org.activiti.engine.impl.persistence.entity.HistoricProcessInstanceEntity.insertHistoricProcessInstance  - ==&gt; Parameters: 700(String), 700(String), null, receiveTask:1:699(String), 2023-03-20 10:47:16.956(Timestamp), null, null, null, theStart(String), null, null, null, (String), null
10:47:16,956 [main] DEBUG org.activiti.engine.impl.persistence.entity.HistoricProcessInstanceEntity.insertHistoricProcessInstance  - &lt;==    Updates: 1
10:47:16,956 [main] DEBUG org.activiti.engine.impl.persistence.entity.HistoricActivityInstanceEntity.bulkInsertHistoricActivityInstance  - ==&gt;  Preparing: insert into ACT_HI_ACTINST ( ID_, PROC_DEF_ID_, PROC_INST_ID_, EXECUTION_ID_, ACT_ID_, TASK_ID_, CALL_PROC_INST_ID_, ACT_NAME_, ACT_TYPE_, ASSIGNEE_, START_TIME_, END_TIME_, DURATION_, TENANT_ID_ ) values (?, ?, ?, ?, ?, ?, ?, ?, ?, ?, ?, ?, ?, ?) , (?, ?, ?, ?, ?, ?, ?, ?, ?, ?, ?, ?, ?, ?) 
10:47:16,956 [main] DEBUG org.activiti.engine.impl.persistence.entity.HistoricActivityInstanceEntity.bulkInsertHistoricActivityInstance  - ==&gt; Parameters: 701(String), receiveTask:1:699(String), 700(String), 700(String), theStart(String), null, null, null, startEvent(String), null, 2023-03-20 10:47:16.956(Timestamp), 2023-03-20 10:47:16.956(Timestamp), 0(Long), (String), 702(String), receiveTask:1:699(String), 700(String), 700(String), waitState1(String), null, null, Wait State 1(String), receiveTask(String), null, 2023-03-20 10:47:16.956(Timestamp), null, null, (String)
10:47:16,957 [main] DEBUG org.activiti.engine.impl.persistence.entity.HistoricActivityInstanceEntity.bulkInsertHistoricActivityInstance  - &lt;==    Updates: 2
10:47:16,957 [main] DEBUG org.activiti.engine.impl.db.DbSqlSession  - inserting: ProcessInstance[700]
10:47:16,957 [main] DEBUG org.activiti.engine.impl.persistence.entity.ExecutionEntity.insertExecution  - ==&gt;  Preparing: insert into ACT_RU_EXECUTION (ID_, REV_, PROC_INST_ID_, BUSINESS_KEY_, PROC_DEF_ID_, ACT_ID_, IS_ACTIVE_, IS_CONCURRENT_, IS_SCOPE_,IS_EVENT_SCOPE_, PARENT_ID_, SUPER_EXEC_, SUSPENSION_STATE_, CACHED_ENT_STATE_, TENANT_ID_, NAME_) values ( ?, 1, ?, ?, ?, ?, ?, ?, ?, ?, ?, ?, ?, ?, ?, ? ) 
10:47:16,957 [main] DEBUG org.activiti.engine.impl.persistence.entity.ExecutionEntity.insertExecution  - ==&gt; Parameters: 700(String), 700(String), null, receiveTask:1:699(String), waitState1(String), true(Boolean), false(Boolean), true(Boolean), false(Boolean), null, null, 1(Integer), 2(Integer), (String), null
10:47:16,957 [main] DEBUG org.activiti.engine.impl.persistence.entity.ExecutionEntity.insertExecution  - &lt;==    Updates: 1
10:47:16,957 [main] DEBUG org.activiti.engine.impl.cfg.standalone.StandaloneMybatisTransactionContext  - firing event committing...
10:47:16,957 [main] DEBUG org.activiti.engine.impl.cfg.standalone.StandaloneMybatisTransactionContext  - committing the ibatis sql session...
10:47:16,957 [main] DEBUG org.apache.ibatis.transaction.jdbc.JdbcTransaction  - Committing JDBC Connection [conn4: url=jdbc:h2:mem:activiti user=SA]
10:47:16,957 [main] DEBUG org.activiti.engine.impl.cfg.standalone.StandaloneMybatisTransactionContext  - firing event committed...
10:47:16,957 [main] DEBUG org.apache.ibatis.transaction.jdbc.JdbcTransaction  - Resetting autocommit to true on JDBC Connection [conn4: url=jdbc:h2:mem:activiti user=SA]
10:47:16,957 [main] DEBUG org.apache.ibatis.transaction.jdbc.JdbcTransaction  - Closing JDBC Connection [conn4: url=jdbc:h2:mem:activiti user=SA]
10:47:16,957 [main] DEBUG org.apache.ibatis.datasource.pooled.PooledDataSource  - Returned connection 297240765 to pool.
10:47:16,957 [main] DEBUG org.activiti.engine.impl.interceptor.LogInterceptor  - --- StartProcessInstanceCmd finished --------------------------------------------------------
10:47:16,957 [main] DEBUG org.activiti.engine.impl.interceptor.LogInterceptor  - 

10:47:16,957 [main] DEBUG org.activiti.engine.impl.interceptor.LogInterceptor  - 

10:47:16,957 [main] DEBUG org.activiti.engine.impl.interceptor.LogInterceptor  - --- starting ExecutionQueryImpl --------------------------------------------------------
10:47:16,957 [main] DEBUG org.apache.ibatis.transaction.jdbc.JdbcTransaction  - Opening JDBC Connection
10:47:16,957 [main] DEBUG org.apache.ibatis.datasource.pooled.PooledDataSource  - Checked out connection 363509958 from pool.
10:47:16,957 [main] DEBUG org.apache.ibatis.transaction.jdbc.JdbcTransaction  - Setting autocommit to false on JDBC Connection [conn2: url=jdbc:h2:mem:activiti user=SA]
10:47:16,957 [main] DEBUG org.activiti.engine.impl.persistence.entity.ExecutionEntity.selectExecutionsByQueryCriteria  - ==&gt;  Preparing: select distinct RES.* , P.KEY_ as ProcessDefinitionKey, P.ID_ as ProcessDefinitionId from ACT_RU_EXECUTION RES inner join ACT_RE_PROCDEF P on RES.PROC_DEF_ID_ = P.ID_ WHERE RES.ACT_ID_ = ? and RES.IS_ACTIVE_ = ? order by order by RES.ID_ asc LIMIT ? OFFSET ? 
10:47:16,957 [main] DEBUG org.activiti.engine.impl.interceptor.CommandContext  - Error while closing command context
org.apache.ibatis.exceptions.PersistenceException: 
### Error querying database.  Cause: org.h2.jdbc.JdbcSQLException: Syntax error in SQL statement &quot;SELECT DISTINCT RES.* , P.KEY_ AS PROCESSDEFINITIONKEY, P.ID_ AS PROCESSDEFINITIONID
       
    FROM ACT_RU_EXECUTION RES
    INNER JOIN ACT_RE_PROCDEF P ON RES.PROC_DEF_ID_ = P.ID_
     
     
     
     
     
     
     WHERE  RES.ACT_ID_ = ? AND RES.IS_ACTIVE_ = ? 
   
   
     ORDER BY  ORDER[*] BY RES.ID_ ASC  
    LIMIT ? OFFSET ? &quot;; expected &quot;=, NOT, EXISTS, INTERSECTS, SELECT, FROM&quot;; SQL statement:
select distinct RES.* , P.KEY_ as ProcessDefinitionKey, P.ID_ as ProcessDefinitionId
       
    from ACT_RU_EXECUTION RES
    inner join ACT_RE_PROCDEF P on RES.PROC_DEF_ID_ = P.ID_
     
     
     
     
     
     
     WHERE  RES.ACT_ID_ = ? and RES.IS_ACTIVE_ = ? 
   
   
     order by  order by RES.ID_ asc  
    LIMIT ? OFFSET ? [42001-176]
### The error may exist in org/activiti/db/mapping/entity/Execution.xml
### The error may involve org.activiti.engine.impl.persistence.entity.ExecutionEntity.selectExecutionsByQueryCriteria
### The error occurred while executing a query
### SQL: select distinct RES.* , P.KEY_ as ProcessDefinitionKey, P.ID_ as ProcessDefinitionId             from ACT_RU_EXECUTION RES     inner join ACT_RE_PROCDEF P on RES.PROC_DEF_ID_ = P.ID_                                          WHERE  RES.ACT_ID_ = ? and RES.IS_ACTIVE_ = ?               order by  order by RES.ID_ asc       LIMIT ? OFFSET ?
### Cause: org.h2.jdbc.JdbcSQLException: Syntax error in SQL statement &quot;SELECT DISTINCT RES.* , P.KEY_ AS PROCESSDEFINITIONKEY, P.ID_ AS PROCESSDEFINITIONID
       
    FROM ACT_RU_EXECUTION RES
    INNER JOIN ACT_RE_PROCDEF P ON RES.PROC_DEF_ID_ = P.ID_
     
     
     
     
     
     
     WHERE  RES.ACT_ID_ = ? AND RES.IS_ACTIVE_ = ? 
   
   
     ORDER BY  ORDER[*] BY RES.ID_ ASC  
    LIMIT ? OFFSET ? &quot;; expected &quot;=, NOT, EXISTS, INTERSECTS, SELECT, FROM&quot;; SQL statement:
select distinct RES.* , P.KEY_ as ProcessDefinitionKey, P.ID_ as ProcessDefinitionId
       
    from ACT_RU_EXECUTION RES
    inner join ACT_RE_PROCDEF P on RES.PROC_DEF_ID_ = P.ID_
     
     
     
     
     
     
     WHERE  RES.ACT_ID_ = ? and RES.IS_ACTIVE_ = ? 
   
   
     order by  order by RES.ID_ asc  
    LIMIT ? OFFSET ? [42001-176]
	at org.apache.ibatis.exceptions.ExceptionFactory.wrapException(ExceptionFactory.java:30)
	at org.apache.ibatis.session.defaults.DefaultSqlSession.selectList(DefaultSqlSession.java:122)
	at org.apache.ibatis.session.defaults.DefaultSqlSession.selectList(DefaultSqlSession.java:113)
	at org.activiti.engine.impl.db.DbSqlSession.selectListWithRawParameter(DbSqlSession.java:438)
	at org.activiti.engine.impl.db.DbSqlSession.selectList(DbSqlSession.java:429)
	at org.activiti.engine.impl.db.DbSqlSession.selectList(DbSqlSession.java:419)
	at org.activiti.engine.impl.persistence.entity.ExecutionEntityManager.findExecutionsByQueryCriteria(ExecutionEntityManager.java:118)
	at org.activiti.engine.impl.ExecutionQueryImpl.executeList(ExecutionQueryImpl.java:303)
	at org.activiti.engine.impl.AbstractQuery.executeSingleResult(AbstractQuery.java:183)
	at org.activiti.engine.impl.AbstractQuery.execute(AbstractQuery.java:166)
	at org.activiti.engine.impl.interceptor.CommandInvoker.execute(CommandInvoker.java:24)
	at org.activiti.engine.impl.interceptor.CommandContextInterceptor.execute(CommandContextInterceptor.java:57)
	at org.activiti.engine.impl.interceptor.LogInterceptor.execute(LogInterceptor.java:37)
	at org.activiti.engine.impl.cfg.CommandExecutorImpl.execute(CommandExecutorImpl.java:40)
	at org.activiti.engine.impl.cfg.CommandExecutorImpl.execute(CommandExecutorImpl.java:35)
	at org.activiti.engine.impl.AbstractQuery.singleResult(AbstractQuery.java:129)
	at org.activiti.engine.test.db.ProcessInstanceMigrationTest.testSetProcessDefinitionVersionActivityMissing(ProcessInstanceMigrationTest.java:130)
	at sun.reflect.NativeMethodAccessorImpl.invoke0(Native Method)
	at sun.reflect.NativeMethodAccessorImpl.invoke(NativeMethodAccessorImpl.java:62)
	at sun.reflect.DelegatingMethodAccessorImpl.invoke(DelegatingMethodAccessorImpl.java:43)
	at java.lang.reflect.Method.invoke(Method.java:498)
	at junit.framework.TestCase.runTest(TestCase.java:176)
	at org.activiti.engine.impl.test.PvmTestCase.runTest(PvmTestCase.java:65)
	at junit.framework.TestCase.runBare(TestCase.java:141)
	at org.activiti.engine.impl.test.AbstractActivitiTestCase.runBare(AbstractActivitiTestCase.java:100)
	at junit.framework.TestResult$1.protect(TestResult.java:122)
	at junit.framework.TestResult.runProtected(TestResult.java:142)
	at junit.framework.TestResult.run(TestResult.java:125)
	at junit.framework.TestCase.run(TestCase.java:129)
	at junit.framework.TestSuite.runTest(TestSuite.java:255)
	at junit.framework.TestSuite.run(TestSuite.java:250)
	at org.junit.internal.runners.JUnit38ClassRunner.run(JUnit38ClassRunner.java:84)
	at org.apache.maven.surefire.junit4.JUnit4TestSet.execute(JUnit4TestSet.java:35)
	at org.apache.maven.surefire.junit4.JUnit4Provider.executeTestSet(JUnit4Provider.java:146)
	at org.apache.maven.surefire.junit4.JUnit4Provider.invoke(JUnit4Provider.java:97)
	at sun.reflect.NativeMethodAccessorImpl.invoke0(Native Method)
	at sun.reflect.NativeMethodAccessorImpl.invoke(NativeMethodAccessorImpl.java:62)
	at sun.reflect.DelegatingMethodAccessorImpl.invoke(DelegatingMethodAccessorImpl.java:43)
	at java.lang.reflect.Method.invoke(Method.java:498)
	at org.apache.maven.surefire.booter.ProviderFactory$ClassLoaderProxy.invoke(ProviderFactory.java:103)
	at com.sun.proxy.$Proxy0.invoke(Unknown Source)
	at org.apache.maven.surefire.booter.SurefireStarter.invokeProvider(SurefireStarter.java:145)
	at org.apache.maven.surefire.booter.SurefireStarter.runSuitesInProcess(SurefireStarter.java:87)
	at org.apache.maven.surefire.booter.ForkedBooter.main(ForkedBooter.java:69)
Caused by: org.h2.jdbc.JdbcSQLException: Syntax error in SQL statement &quot;SELECT DISTINCT RES.* , P.KEY_ AS PROCESSDEFINITIONKEY, P.ID_ AS PROCESSDEFINITIONID
       
    FROM ACT_RU_EXECUTION RES
    INNER JOIN ACT_RE_PROCDEF P ON RES.PROC_DEF_ID_ = P.ID_
     
     
     
     
     
     
     WHERE  RES.ACT_ID_ = ? AND RES.IS_ACTIVE_ = ? 
   
   
     ORDER BY  ORDER[*] BY RES.ID_ ASC  
    LIMIT ? OFFSET ? &quot;; expected &quot;=, NOT, EXISTS, INTERSECTS, SELECT, FROM&quot;; SQL statement:
select distinct RES.* , P.KEY_ as ProcessDefinitionKey, P.ID_ as ProcessDefinitionId
       
    from ACT_RU_EXECUTION RES
    inner join ACT_RE_PROCDEF P on RES.PROC_DEF_ID_ = P.ID_
     
     
     
     
     
     
     WHERE  RES.ACT_ID_ = ? and RES.IS_ACTIVE_ = ? 
   
   
     order by  order by RES.ID_ asc  
    LIMIT ? OFFSET ? [42001-176]
	at org.h2.message.DbException.getJdbcSQLException(DbException.java:344)
	at org.h2.message.DbException.getSyntaxError(DbException.java:204)
	at org.h2.command.Parser.getSyntaxError(Parser.java:524)
	at org.h2.command.Parser.readTerm(Parser.java:2688)
	at org.h2.command.Parser.readFactor(Parser.java:2244)
	at org.h2.command.Parser.readSum(Parser.java:2231)
	at org.h2.command.Parser.readConcat(Parser.java:2201)
	at org.h2.command.Parser.readCondition(Parser.java:2051)
	at org.h2.command.Parser.readAnd(Parser.java:2023)
	at org.h2.command.Parser.readExpression(Parser.java:2015)
	at org.h2.command.Parser.parseEndOfQuery(Parser.java:1726)
	at org.h2.command.Parser.parseSelectUnionExtension(Parser.java:1706)
	at org.h2.command.Parser.parseSelectUnion(Parser.java:1675)
	at org.h2.command.Parser.parseSelect(Parser.java:1662)
	at org.h2.command.Parser.parsePrepared(Parser.java:434)
	at org.h2.command.Parser.parse(Parser.java:306)
	at org.h2.command.Parser.parse(Parser.java:282)
	at org.h2.command.Parser.prepareCommand(Parser.java:243)
	at org.h2.engine.Session.prepareLocal(Session.java:442)
	at org.h2.engine.Session.prepareCommand(Session.java:384)
	at org.h2.jdbc.JdbcConnection.prepareCommand(JdbcConnection.java:1188)
	at org.h2.jdbc.JdbcPreparedStatement.&lt;init&gt;(JdbcPreparedStatement.java:73)
	at org.h2.jdbc.JdbcConnection.prepareStatement(JdbcConnection.java:276)
	at sun.reflect.GeneratedMethodAccessor6.invoke(Unknown Source)
	at sun.reflect.DelegatingMethodAccessorImpl.invoke(DelegatingMethodAccessorImpl.java:43)
	at java.lang.reflect.Method.invoke(Method.java:498)
	at org.apache.ibatis.datasource.pooled.PooledConnection.invoke(PooledConnection.java:245)
	at com.sun.proxy.$Proxy12.prepareStatement(Unknown Source)
	at sun.reflect.GeneratedMethodAccessor6.invoke(Unknown Source)
	at sun.reflect.DelegatingMethodAccessorImpl.invoke(DelegatingMethodAccessorImpl.java:43)
	at java.lang.reflect.Method.invoke(Method.java:498)
	at org.apache.ibatis.logging.jdbc.ConnectionLogger.invoke(ConnectionLogger.java:55)
	at com.sun.proxy.$Proxy12.prepareStatement(Unknown Source)
	at org.apache.ibatis.executor.statement.PreparedStatementHandler.instantiateStatement(PreparedStatementHandler.java:79)
	at org.apache.ibatis.executor.statement.BaseStatementHandler.prepare(BaseStatementHandler.java:88)
	at org.apache.ibatis.executor.statement.RoutingStatementHandler.prepare(RoutingStatementHandler.java:58)
	at org.apache.ibatis.executor.SimpleExecutor.prepareStatement(SimpleExecutor.java:76)
	at org.apache.ibatis.executor.SimpleExecutor.doQuery(SimpleExecutor.java:61)
	at org.apache.ibatis.executor.BaseExecutor.queryFromDatabase(BaseExecutor.java:303)
	at org.apache.ibatis.executor.BaseExecutor.query(BaseExecutor.java:154)
	at org.apache.ibatis.executor.CachingExecutor.query(CachingExecutor.java:102)
	at org.apache.ibatis.executor.CachingExecutor.query(CachingExecutor.java:82)
	at org.apache.ibatis.session.defaults.DefaultSqlSession.selectList(DefaultSqlSession.java:120)
	... 42 more
10:47:16,958 [main] DEBUG org.activiti.engine.impl.cfg.standalone.StandaloneMybatisTransactionContext  - firing event rolling back...
10:47:16,958 [main] DEBUG org.activiti.engine.impl.cfg.standalone.StandaloneMybatisTransactionContext  - rolling back ibatis sql session...
10:47:16,958 [main] DEBUG org.activiti.engine.impl.cfg.standalone.StandaloneMybatisTransactionContext  - firing event rolled back...
10:47:16,958 [main] DEBUG org.apache.ibatis.transaction.jdbc.JdbcTransaction  - Resetting autocommit to true on JDBC Connection [conn2: url=jdbc:h2:mem:activiti user=SA]
10:47:16,958 [main] DEBUG org.apache.ibatis.transaction.jdbc.JdbcTransaction  - Closing JDBC Connection [conn2: url=jdbc:h2:mem:activiti user=SA]
10:47:16,958 [main] DEBUG org.apache.ibatis.datasource.pooled.PooledDataSource  - Returned connection 363509958 to pool.
10:47:16,958 [main] DEBUG org.activiti.engine.impl.interceptor.LogInterceptor  - --- ExecutionQueryImpl finished --------------------------------------------------------
10:47:16,958 [main] DEBUG org.activiti.engine.impl.interceptor.LogInterceptor  - 

10:47:16,958 [main] ERROR org.activiti.engine.impl.test.PvmTestCase  - 

10:47:16,958 [main] ERROR org.activiti.engine.impl.test.PvmTestCase  - EXCEPTION: org.apache.ibatis.exceptions.PersistenceException: 
### Error querying database.  Cause: org.h2.jdbc.JdbcSQLException: Syntax error in SQL statement &quot;SELECT DISTINCT RES.* , P.KEY_ AS PROCESSDEFINITIONKEY, P.ID_ AS PROCESSDEFINITIONID
       
    FROM ACT_RU_EXECUTION RES
    INNER JOIN ACT_RE_PROCDEF P ON RES.PROC_DEF_ID_ = P.ID_
     
     
     
     
     
     
     WHERE  RES.ACT_ID_ = ? AND RES.IS_ACTIVE_ = ? 
   
   
     ORDER BY  ORDER[*] BY RES.ID_ ASC  
    LIMIT ? OFFSET ? &quot;; expected &quot;=, NOT, EXISTS, INTERSECTS, SELECT, FROM&quot;; SQL statement:
select distinct RES.* , P.KEY_ as ProcessDefinitionKey, P.ID_ as ProcessDefinitionId
       
    from ACT_RU_EXECUTION RES
    inner join ACT_RE_PROCDEF P on RES.PROC_DEF_ID_ = P.ID_
     
     
     
     
     
     
     WHERE  RES.ACT_ID_ = ? and RES.IS_ACTIVE_ = ? 
   
   
     order by  order by RES.ID_ asc  
    LIMIT ? OFFSET ? [42001-176]
### The error may exist in org/activiti/db/mapping/entity/Execution.xml
### The error may involve org.activiti.engine.impl.persistence.entity.ExecutionEntity.selectExecutionsByQueryCriteria
### The error occurred while executing a query
### SQL: select distinct RES.* , P.KEY_ as ProcessDefinitionKey, P.ID_ as ProcessDefinitionId             from ACT_RU_EXECUTION RES     inner join ACT_RE_PROCDEF P on RES.PROC_DEF_ID_ = P.ID_                                          WHERE  RES.ACT_ID_ = ? and RES.IS_ACTIVE_ = ?               order by  order by RES.ID_ asc       LIMIT ? OFFSET ?
### Cause: org.h2.jdbc.JdbcSQLException: Syntax error in SQL statement &quot;SELECT DISTINCT RES.* , P.KEY_ AS PROCESSDEFINITIONKEY, P.ID_ AS PROCESSDEFINITIONID
       
    FROM ACT_RU_EXECUTION RES
    INNER JOIN ACT_RE_PROCDEF P ON RES.PROC_DEF_ID_ = P.ID_
     
     
     
     
     
     
     WHERE  RES.ACT_ID_ = ? AND RES.IS_ACTIVE_ = ? 
   
   
     ORDER BY  ORDER[*] BY RES.ID_ ASC  
    LIMIT ? OFFSET ? &quot;; expected &quot;=, NOT, EXISTS, INTERSECTS, SELECT, FROM&quot;; SQL statement:
select distinct RES.* , P.KEY_ as ProcessDefinitionKey, P.ID_ as ProcessDefinitionId
       
    from ACT_RU_EXECUTION RES
    inner join ACT_RE_PROCDEF P on RES.PROC_DEF_ID_ = P.ID_
     
     
     
     
     
     
     WHERE  RES.ACT_ID_ = ? and RES.IS_ACTIVE_ = ? 
   
   
     order by  order by RES.ID_ asc  
    LIMIT ? OFFSET ? [42001-176]
org.apache.ibatis.exceptions.PersistenceException: 
### Error querying database.  Cause: org.h2.jdbc.JdbcSQLException: Syntax error in SQL statement &quot;SELECT DISTINCT RES.* , P.KEY_ AS PROCESSDEFINITIONKEY, P.ID_ AS PROCESSDEFINITIONID
       
    FROM ACT_RU_EXECUTION RES
    INNER JOIN ACT_RE_PROCDEF P ON RES.PROC_DEF_ID_ = P.ID_
     
     
     
     
     
     
     WHERE  RES.ACT_ID_ = ? AND RES.IS_ACTIVE_ = ? 
   
   
     ORDER BY  ORDER[*] BY RES.ID_ ASC  
    LIMIT ? OFFSET ? &quot;; expected &quot;=, NOT, EXISTS, INTERSECTS, SELECT, FROM&quot;; SQL statement:
select distinct RES.* , P.KEY_ as ProcessDefinitionKey, P.ID_ as ProcessDefinitionId
       
    from ACT_RU_EXECUTION RES
    inner join ACT_RE_PROCDEF P on RES.PROC_DEF_ID_ = P.ID_
     
     
     
     
     
     
     WHERE  RES.ACT_ID_ = ? and RES.IS_ACTIVE_ = ? 
   
   
     order by  order by RES.ID_ asc  
    LIMIT ? OFFSET ? [42001-176]
### The error may exist in org/activiti/db/mapping/entity/Execution.xml
### The error may involve org.activiti.engine.impl.persistence.entity.ExecutionEntity.selectExecutionsByQueryCriteria
### The error occurred while executing a query
### SQL: select distinct RES.* , P.KEY_ as ProcessDefinitionKey, P.ID_ as ProcessDefinitionId             from ACT_RU_EXECUTION RES     inner join ACT_RE_PROCDEF P on RES.PROC_DEF_ID_ = P.ID_                                          WHERE  RES.ACT_ID_ = ? and RES.IS_ACTIVE_ = ?               order by  order by RES.ID_ asc       LIMIT ? OFFSET ?
### Cause: org.h2.jdbc.JdbcSQLException: Syntax error in SQL statement &quot;SELECT DISTINCT RES.* , P.KEY_ AS PROCESSDEFINITIONKEY, P.ID_ AS PROCESSDEFINITIONID
       
    FROM ACT_RU_EXECUTION RES
    INNER JOIN ACT_RE_PROCDEF P ON RES.PROC_DEF_ID_ = P.ID_
     
     
     
     
     
     
     WHERE  RES.ACT_ID_ = ? AND RES.IS_ACTIVE_ = ? 
   
   
     ORDER BY  ORDER[*] BY RES.ID_ ASC  
    LIMIT ? OFFSET ? &quot;; expected &quot;=, NOT, EXISTS, INTERSECTS, SELECT, FROM&quot;; SQL statement:
select distinct RES.* , P.KEY_ as ProcessDefinitionKey, P.ID_ as ProcessDefinitionId
       
    from ACT_RU_EXECUTION RES
    inner join ACT_RE_PROCDEF P on RES.PROC_DEF_ID_ = P.ID_
     
     
     
     
     
     
     WHERE  RES.ACT_ID_ = ? and RES.IS_ACTIVE_ = ? 
   
   
     order by  order by RES.ID_ asc  
    LIMIT ? OFFSET ? [42001-176]
	at org.apache.ibatis.exceptions.ExceptionFactory.wrapException(ExceptionFactory.java:30)
	at org.apache.ibatis.session.defaults.DefaultSqlSession.selectList(DefaultSqlSession.java:122)
	at org.apache.ibatis.session.defaults.DefaultSqlSession.selectList(DefaultSqlSession.java:113)
	at org.activiti.engine.impl.db.DbSqlSession.selectListWithRawParameter(DbSqlSession.java:438)
	at org.activiti.engine.impl.db.DbSqlSession.selectList(DbSqlSession.java:429)
	at org.activiti.engine.impl.db.DbSqlSession.selectList(DbSqlSession.java:419)
	at org.activiti.engine.impl.persistence.entity.ExecutionEntityManager.findExecutionsByQueryCriteria(ExecutionEntityManager.java:118)
	at org.activiti.engine.impl.ExecutionQueryImpl.executeList(ExecutionQueryImpl.java:303)
	at org.activiti.engine.impl.AbstractQuery.executeSingleResult(AbstractQuery.java:183)
	at org.activiti.engine.impl.AbstractQuery.execute(AbstractQuery.java:166)
	at org.activiti.engine.impl.interceptor.CommandInvoker.execute(CommandInvoker.java:24)
	at org.activiti.engine.impl.interceptor.CommandContextInterceptor.execute(CommandContextInterceptor.java:57)
	at org.activiti.engine.impl.interceptor.LogInterceptor.execute(LogInterceptor.java:37)
	at org.activiti.engine.impl.cfg.CommandExecutorImpl.execute(CommandExecutorImpl.java:40)
	at org.activiti.engine.impl.cfg.CommandExecutorImpl.execute(CommandExecutorImpl.java:35)
	at org.activiti.engine.impl.AbstractQuery.singleResult(AbstractQuery.java:129)
	at org.activiti.engine.test.db.ProcessInstanceMigrationTest.testSetProcessDefinitionVersionActivityMissing(ProcessInstanceMigrationTest.java:130)
	at sun.reflect.NativeMethodAccessorImpl.invoke0(Native Method)
	at sun.reflect.NativeMethodAccessorImpl.invoke(NativeMethodAccessorImpl.java:62)
	at sun.reflect.DelegatingMethodAccessorImpl.invoke(DelegatingMethodAccessorImpl.java:43)
	at java.lang.reflect.Method.invoke(Method.java:498)
	at junit.framework.TestCase.runTest(TestCase.java:176)
	at org.activiti.engine.impl.test.PvmTestCase.runTest(PvmTestCase.java:65)
	at junit.framework.TestCase.runBare(TestCase.java:141)
	at org.activiti.engine.impl.test.AbstractActivitiTestCase.runBare(AbstractActivitiTestCase.java:100)
	at junit.framework.TestResult$1.protect(TestResult.java:122)
	at junit.framework.TestResult.runProtected(TestResult.java:142)
	at junit.framework.TestResult.run(TestResult.java:125)
	at junit.framework.TestCase.run(TestCase.java:129)
	at junit.framework.TestSuite.runTest(TestSuite.java:255)
	at junit.framework.TestSuite.run(TestSuite.java:250)
	at org.junit.internal.runners.JUnit38ClassRunner.run(JUnit38ClassRunner.java:84)
	at org.apache.maven.surefire.junit4.JUnit4TestSet.execute(JUnit4TestSet.java:35)
	at org.apache.maven.surefire.junit4.JUnit4Provider.executeTestSet(JUnit4Provider.java:146)
	at org.apache.maven.surefire.junit4.JUnit4Provider.invoke(JUnit4Provider.java:97)
	at sun.reflect.NativeMethodAccessorImpl.invoke0(Native Method)
	at sun.reflect.NativeMethodAccessorImpl.invoke(NativeMethodAccessorImpl.java:62)
	at sun.reflect.DelegatingMethodAccessorImpl.invoke(DelegatingMethodAccessorImpl.java:43)
	at java.lang.reflect.Method.invoke(Method.java:498)
	at org.apache.maven.surefire.booter.ProviderFactory$ClassLoaderProxy.invoke(ProviderFactory.java:103)
	at com.sun.proxy.$Proxy0.invoke(Unknown Source)
	at org.apache.maven.surefire.booter.SurefireStarter.invokeProvider(SurefireStarter.java:145)
	at org.apache.maven.surefire.booter.SurefireStarter.runSuitesInProcess(SurefireStarter.java:87)
	at org.apache.maven.surefire.booter.ForkedBooter.main(ForkedBooter.java:69)
Caused by: org.h2.jdbc.JdbcSQLException: Syntax error in SQL statement &quot;SELECT DISTINCT RES.* , P.KEY_ AS PROCESSDEFINITIONKEY, P.ID_ AS PROCESSDEFINITIONID
       
    FROM ACT_RU_EXECUTION RES
    INNER JOIN ACT_RE_PROCDEF P ON RES.PROC_DEF_ID_ = P.ID_
     
     
     
     
     
     
     WHERE  RES.ACT_ID_ = ? AND RES.IS_ACTIVE_ = ? 
   
   
     ORDER BY  ORDER[*] BY RES.ID_ ASC  
    LIMIT ? OFFSET ? &quot;; expected &quot;=, NOT, EXISTS, INTERSECTS, SELECT, FROM&quot;; SQL statement:
select distinct RES.* , P.KEY_ as ProcessDefinitionKey, P.ID_ as ProcessDefinitionId
       
    from ACT_RU_EXECUTION RES
    inner join ACT_RE_PROCDEF P on RES.PROC_DEF_ID_ = P.ID_
     
     
     
     
     
     
     WHERE  RES.ACT_ID_ = ? and RES.IS_ACTIVE_ = ? 
   
   
     order by  order by RES.ID_ asc  
    LIMIT ? OFFSET ? [42001-176]
	at org.h2.message.DbException.getJdbcSQLException(DbException.java:344)
	at org.h2.message.DbException.getSyntaxError(DbException.java:204)
	at org.h2.command.Parser.getSyntaxError(Parser.java:524)
	at org.h2.command.Parser.readTerm(Parser.java:2688)
	at org.h2.command.Parser.readFactor(Parser.java:2244)
	at org.h2.command.Parser.readSum(Parser.java:2231)
	at org.h2.command.Parser.readConcat(Parser.java:2201)
	at org.h2.command.Parser.readCondition(Parser.java:2051)
	at org.h2.command.Parser.readAnd(Parser.java:2023)
	at org.h2.command.Parser.readExpression(Parser.java:2015)
	at org.h2.command.Parser.parseEndOfQuery(Parser.java:1726)
	at org.h2.command.Parser.parseSelectUnionExtension(Parser.java:1706)
	at org.h2.command.Parser.parseSelectUnion(Parser.java:1675)
	at org.h2.command.Parser.parseSelect(Parser.java:1662)
	at org.h2.command.Parser.parsePrepared(Parser.java:434)
	at org.h2.command.Parser.parse(Parser.java:306)
	at org.h2.command.Parser.parse(Parser.java:282)
	at org.h2.command.Parser.prepareCommand(Parser.java:243)
	at org.h2.engine.Session.prepareLocal(Session.java:442)
	at org.h2.engine.Session.prepareCommand(Session.java:384)
	at org.h2.jdbc.JdbcConnection.prepareCommand(JdbcConnection.java:1188)
	at org.h2.jdbc.JdbcPreparedStatement.&lt;init&gt;(JdbcPreparedStatement.java:73)
	at org.h2.jdbc.JdbcConnection.prepareStatement(JdbcConnection.java:276)
	at sun.reflect.GeneratedMethodAccessor6.invoke(Unknown Source)
	at sun.reflect.DelegatingMethodAccessorImpl.invoke(DelegatingMethodAccessorImpl.java:43)
	at java.lang.reflect.Method.invoke(Method.java:498)
	at org.apache.ibatis.datasource.pooled.PooledConnection.invoke(PooledConnection.java:245)
	at com.sun.proxy.$Proxy12.prepareStatement(Unknown Source)
	at sun.reflect.GeneratedMethodAccessor6.invoke(Unknown Source)
	at sun.reflect.DelegatingMethodAccessorImpl.invoke(DelegatingMethodAccessorImpl.java:43)
	at java.lang.reflect.Method.invoke(Method.java:498)
	at org.apache.ibatis.logging.jdbc.ConnectionLogger.invoke(ConnectionLogger.java:55)
	at com.sun.proxy.$Proxy12.prepareStatement(Unknown Source)
	at org.apache.ibatis.executor.statement.PreparedStatementHandler.instantiateStatement(PreparedStatementHandler.java:79)
	at org.apache.ibatis.executor.statement.BaseStatementHandler.prepare(BaseStatementHandler.java:88)
	at org.apache.ibatis.executor.statement.RoutingStatementHandler.prepare(RoutingStatementHandler.java:58)
	at org.apache.ibatis.executor.SimpleExecutor.prepareStatement(SimpleExecutor.java:76)
	at org.apache.ibatis.executor.SimpleExecutor.doQuery(SimpleExecutor.java:61)
	at org.apache.ibatis.executor.BaseExecutor.queryFromDatabase(BaseExecutor.java:303)
	at org.apache.ibatis.executor.BaseExecutor.query(BaseExecutor.java:154)
	at org.apache.ibatis.executor.CachingExecutor.query(CachingExecutor.java:102)
	at org.apache.ibatis.executor.CachingExecutor.query(CachingExecutor.java:82)
	at org.apache.ibatis.session.defaults.DefaultSqlSession.selectList(DefaultSqlSession.java:120)
	... 42 more
10:47:16,958 [main] DEBUG org.activiti.engine.impl.test.PvmTestCase  - #### END ProcessInstanceMigrationTest.testSetProcessDefinitionVersionActivityMissing #############################################################
10:47:16,958 [main] ERROR org.activiti.engine.impl.test.PvmTestCase  - 

10:47:16,958 [main] ERROR org.activiti.engine.impl.test.PvmTestCase  - EXCEPTION: org.apache.ibatis.exceptions.PersistenceException: 
### Error querying database.  Cause: org.h2.jdbc.JdbcSQLException: Syntax error in SQL statement &quot;SELECT DISTINCT RES.* , P.KEY_ AS PROCESSDEFINITIONKEY, P.ID_ AS PROCESSDEFINITIONID
       
    FROM ACT_RU_EXECUTION RES
    INNER JOIN ACT_RE_PROCDEF P ON RES.PROC_DEF_ID_ = P.ID_
     
     
     
     
     
     
     WHERE  RES.ACT_ID_ = ? AND RES.IS_ACTIVE_ = ? 
   
   
     ORDER BY  ORDER[*] BY RES.ID_ ASC  
    LIMIT ? OFFSET ? &quot;; expected &quot;=, NOT, EXISTS, INTERSECTS, SELECT, FROM&quot;; SQL statement:
select distinct RES.* , P.KEY_ as ProcessDefinitionKey, P.ID_ as ProcessDefinitionId
       
    from ACT_RU_EXECUTION RES
    inner join ACT_RE_PROCDEF P on RES.PROC_DEF_ID_ = P.ID_
     
     
     
     
     
     
     WHERE  RES.ACT_ID_ = ? and RES.IS_ACTIVE_ = ? 
   
   
     order by  order by RES.ID_ asc  
    LIMIT ? OFFSET ? [42001-176]
### The error may exist in org/activiti/db/mapping/entity/Execution.xml
### The error may involve org.activiti.engine.impl.persistence.entity.ExecutionEntity.selectExecutionsByQueryCriteria
### The error occurred while executing a query
### SQL: select distinct RES.* , P.KEY_ as ProcessDefinitionKey, P.ID_ as ProcessDefinitionId             from ACT_RU_EXECUTION RES     inner join ACT_RE_PROCDEF P on RES.PROC_DEF_ID_ = P.ID_                                          WHERE  RES.ACT_ID_ = ? and RES.IS_ACTIVE_ = ?               order by  order by RES.ID_ asc       LIMIT ? OFFSET ?
### Cause: org.h2.jdbc.JdbcSQLException: Syntax error in SQL statement &quot;SELECT DISTINCT RES.* , P.KEY_ AS PROCESSDEFINITIONKEY, P.ID_ AS PROCESSDEFINITIONID
       
    FROM ACT_RU_EXECUTION RES
    INNER JOIN ACT_RE_PROCDEF P ON RES.PROC_DEF_ID_ = P.ID_
     
     
     
     
     
     
     WHERE  RES.ACT_ID_ = ? AND RES.IS_ACTIVE_ = ? 
   
   
     ORDER BY  ORDER[*] BY RES.ID_ ASC  
    LIMIT ? OFFSET ? &quot;; expected &quot;=, NOT, EXISTS, INTERSECTS, SELECT, FROM&quot;; SQL statement:
select distinct RES.* , P.KEY_ as ProcessDefinitionKey, P.ID_ as ProcessDefinitionId
       
    from ACT_RU_EXECUTION RES
    inner join ACT_RE_PROCDEF P on RES.PROC_DEF_ID_ = P.ID_
     
     
     
     
     
     
     WHERE  RES.ACT_ID_ = ? and RES.IS_ACTIVE_ = ? 
   
   
     order by  order by RES.ID_ asc  
    LIMIT ? OFFSET ? [42001-176]
org.apache.ibatis.exceptions.PersistenceException: 
### Error querying database.  Cause: org.h2.jdbc.JdbcSQLException: Syntax error in SQL statement &quot;SELECT DISTINCT RES.* , P.KEY_ AS PROCESSDEFINITIONKEY, P.ID_ AS PROCESSDEFINITIONID
       
    FROM ACT_RU_EXECUTION RES
    INNER JOIN ACT_RE_PROCDEF P ON RES.PROC_DEF_ID_ = P.ID_
     
     
     
     
     
     
     WHERE  RES.ACT_ID_ = ? AND RES.IS_ACTIVE_ = ? 
   
   
     ORDER BY  ORDER[*] BY RES.ID_ ASC  
    LIMIT ? OFFSET ? &quot;; expected &quot;=, NOT, EXISTS, INTERSECTS, SELECT, FROM&quot;; SQL statement:
select distinct RES.* , P.KEY_ as ProcessDefinitionKey, P.ID_ as ProcessDefinitionId
       
    from ACT_RU_EXECUTION RES
    inner join ACT_RE_PROCDEF P on RES.PROC_DEF_ID_ = P.ID_
     
     
     
     
     
     
     WHERE  RES.ACT_ID_ = ? and RES.IS_ACTIVE_ = ? 
   
   
     order by  order by RES.ID_ asc  
    LIMIT ? OFFSET ? [42001-176]
### The error may exist in org/activiti/db/mapping/entity/Execution.xml
### The error may involve org.activiti.engine.impl.persistence.entity.ExecutionEntity.selectExecutionsByQueryCriteria
### The error occurred while executing a query
### SQL: select distinct RES.* , P.KEY_ as ProcessDefinitionKey, P.ID_ as ProcessDefinitionId             from ACT_RU_EXECUTION RES     inner join ACT_RE_PROCDEF P on RES.PROC_DEF_ID_ = P.ID_                                          WHERE  RES.ACT_ID_ = ? and RES.IS_ACTIVE_ = ?               order by  order by RES.ID_ asc       LIMIT ? OFFSET ?
### Cause: org.h2.jdbc.JdbcSQLException: Syntax error in SQL statement &quot;SELECT DISTINCT RES.* , P.KEY_ AS PROCESSDEFINITIONKEY, P.ID_ AS PROCESSDEFINITIONID
       
    FROM ACT_RU_EXECUTION RES
    INNER JOIN ACT_RE_PROCDEF P ON RES.PROC_DEF_ID_ = P.ID_
     
     
     
     
     
     
     WHERE  RES.ACT_ID_ = ? AND RES.IS_ACTIVE_ = ? 
   
   
     ORDER BY  ORDER[*] BY RES.ID_ ASC  
    LIMIT ? OFFSET ? &quot;; expected &quot;=, NOT, EXISTS, INTERSECTS, SELECT, FROM&quot;; SQL statement:
select distinct RES.* , P.KEY_ as ProcessDefinitionKey, P.ID_ as ProcessDefinitionId
       
    from ACT_RU_EXECUTION RES
    inner join ACT_RE_PROCDEF P on RES.PROC_DEF_ID_ = P.ID_
     
     
     
     
     
     
     WHERE  RES.ACT_ID_ = ? and RES.IS_ACTIVE_ = ? 
   
   
     order by  order by RES.ID_ asc  
    LIMIT ? OFFSET ? [42001-176]
	at org.apache.ibatis.exceptions.ExceptionFactory.wrapException(ExceptionFactory.java:30)
	at org.apache.ibatis.session.defaults.DefaultSqlSession.selectList(DefaultSqlSession.java:122)
	at org.apache.ibatis.session.defaults.DefaultSqlSession.selectList(DefaultSqlSession.java:113)
	at org.activiti.engine.impl.db.DbSqlSession.selectListWithRawParameter(DbSqlSession.java:438)
	at org.activiti.engine.impl.db.DbSqlSession.selectList(DbSqlSession.java:429)
	at org.activiti.engine.impl.db.DbSqlSession.selectList(DbSqlSession.java:419)
	at org.activiti.engine.impl.persistence.entity.ExecutionEntityManager.findExecutionsByQueryCriteria(ExecutionEntityManager.java:118)
	at org.activiti.engine.impl.ExecutionQueryImpl.executeList(ExecutionQueryImpl.java:303)
	at org.activiti.engine.impl.AbstractQuery.executeSingleResult(AbstractQuery.java:183)
	at org.activiti.engine.impl.AbstractQuery.execute(AbstractQuery.java:166)
	at org.activiti.engine.impl.interceptor.CommandInvoker.execute(CommandInvoker.java:24)
	at org.activiti.engine.impl.interceptor.CommandContextInterceptor.execute(CommandContextInterceptor.java:57)
	at org.activiti.engine.impl.interceptor.LogInterceptor.execute(LogInterceptor.java:37)
	at org.activiti.engine.impl.cfg.CommandExecutorImpl.execute(CommandExecutorImpl.java:40)
	at org.activiti.engine.impl.cfg.CommandExecutorImpl.execute(CommandExecutorImpl.java:35)
	at org.activiti.engine.impl.AbstractQuery.singleResult(AbstractQuery.java:129)
	at org.activiti.engine.test.db.ProcessInstanceMigrationTest.testSetProcessDefinitionVersionActivityMissing(ProcessInstanceMigrationTest.java:130)
	at sun.reflect.NativeMethodAccessorImpl.invoke0(Native Method)
	at sun.reflect.NativeMethodAccessorImpl.invoke(NativeMethodAccessorImpl.java:62)
	at sun.reflect.DelegatingMethodAccessorImpl.invoke(DelegatingMethodAccessorImpl.java:43)
	at java.lang.reflect.Method.invoke(Method.java:498)
	at junit.framework.TestCase.runTest(TestCase.java:176)
	at org.activiti.engine.impl.test.PvmTestCase.runTest(PvmTestCase.java:65)
	at junit.framework.TestCase.runBare(TestCase.java:141)
	at org.activiti.engine.impl.test.AbstractActivitiTestCase.runBare(AbstractActivitiTestCase.java:100)
	at junit.framework.TestResult$1.protect(TestResult.java:122)
	at junit.framework.TestResult.runProtected(TestResult.java:142)
	at junit.framework.TestResult.run(TestResult.java:125)
	at junit.framework.TestCase.run(TestCase.java:129)
	at junit.framework.TestSuite.runTest(TestSuite.java:255)
	at junit.framework.TestSuite.run(TestSuite.java:250)
	at org.junit.internal.runners.JUnit38ClassRunner.run(JUnit38ClassRunner.java:84)
	at org.apache.maven.surefire.junit4.JUnit4TestSet.execute(JUnit4TestSet.java:35)
	at org.apache.maven.surefire.junit4.JUnit4Provider.executeTestSet(JUnit4Provider.java:146)
	at org.apache.maven.surefire.junit4.JUnit4Provider.invoke(JUnit4Provider.java:97)
	at sun.reflect.NativeMethodAccessorImpl.invoke0(Native Method)
	at sun.reflect.NativeMethodAccessorImpl.invoke(NativeMethodAccessorImpl.java:62)
	at sun.reflect.DelegatingMethodAccessorImpl.invoke(DelegatingMethodAccessorImpl.java:43)
	at java.lang.reflect.Method.invoke(Method.java:498)
	at org.apache.maven.surefire.booter.ProviderFactory$ClassLoaderProxy.invoke(ProviderFactory.java:103)
	at com.sun.proxy.$Proxy0.invoke(Unknown Source)
	at org.apache.maven.surefire.booter.SurefireStarter.invokeProvider(SurefireStarter.java:145)
	at org.apache.maven.surefire.booter.SurefireStarter.runSuitesInProcess(SurefireStarter.java:87)
	at org.apache.maven.surefire.booter.ForkedBooter.main(ForkedBooter.java:69)
Caused by: org.h2.jdbc.JdbcSQLException: Syntax error in SQL statement &quot;SELECT DISTINCT RES.* , P.KEY_ AS PROCESSDEFINITIONKEY, P.ID_ AS PROCESSDEFINITIONID
       
    FROM ACT_RU_EXECUTION RES
    INNER JOIN ACT_RE_PROCDEF P ON RES.PROC_DEF_ID_ = P.ID_
     
     
     
     
     
     
     WHERE  RES.ACT_ID_ = ? AND RES.IS_ACTIVE_ = ? 
   
   
     ORDER BY  ORDER[*] BY RES.ID_ ASC  
    LIMIT ? OFFSET ? &quot;; expected &quot;=, NOT, EXISTS, INTERSECTS, SELECT, FROM&quot;; SQL statement:
select distinct RES.* , P.KEY_ as ProcessDefinitionKey, P.ID_ as ProcessDefinitionId
       
    from ACT_RU_EXECUTION RES
    inner join ACT_RE_PROCDEF P on RES.PROC_DEF_ID_ = P.ID_
     
     
     
     
     
     
     WHERE  RES.ACT_ID_ = ? and RES.IS_ACTIVE_ = ? 
   
   
     order by  order by RES.ID_ asc  
    LIMIT ? OFFSET ? [42001-176]
	at org.h2.message.DbException.getJdbcSQLException(DbException.java:344)
	at org.h2.message.DbException.getSyntaxError(DbException.java:204)
	at org.h2.command.Parser.getSyntaxError(Parser.java:524)
	at org.h2.command.Parser.readTerm(Parser.java:2688)
	at org.h2.command.Parser.readFactor(Parser.java:2244)
	at org.h2.command.Parser.readSum(Parser.java:2231)
	at org.h2.command.Parser.readConcat(Parser.java:2201)
	at org.h2.command.Parser.readCondition(Parser.java:2051)
	at org.h2.command.Parser.readAnd(Parser.java:2023)
	at org.h2.command.Parser.readExpression(Parser.java:2015)
	at org.h2.command.Parser.parseEndOfQuery(Parser.java:1726)
	at org.h2.command.Parser.parseSelectUnionExtension(Parser.java:1706)
	at org.h2.command.Parser.parseSelectUnion(Parser.java:1675)
	at org.h2.command.Parser.parseSelect(Parser.java:1662)
	at org.h2.command.Parser.parsePrepared(Parser.java:434)
	at org.h2.command.Parser.parse(Parser.java:306)
	at org.h2.command.Parser.parse(Parser.java:282)
	at org.h2.command.Parser.prepareCommand(Parser.java:243)
	at org.h2.engine.Session.prepareLocal(Session.java:442)
	at org.h2.engine.Session.prepareCommand(Session.java:384)
	at org.h2.jdbc.JdbcConnection.prepareCommand(JdbcConnection.java:1188)
	at org.h2.jdbc.JdbcPreparedStatement.&lt;init&gt;(JdbcPreparedStatement.java:73)
	at org.h2.jdbc.JdbcConnection.prepareStatement(JdbcConnection.java:276)
	at sun.reflect.GeneratedMethodAccessor6.invoke(Unknown Source)
	at sun.reflect.DelegatingMethodAccessorImpl.invoke(DelegatingMethodAccessorImpl.java:43)
	at java.lang.reflect.Method.invoke(Method.java:498)
	at org.apache.ibatis.datasource.pooled.PooledConnection.invoke(PooledConnection.java:245)
	at com.sun.proxy.$Proxy12.prepareStatement(Unknown Source)
	at sun.reflect.GeneratedMethodAccessor6.invoke(Unknown Source)
	at sun.reflect.DelegatingMethodAccessorImpl.invoke(DelegatingMethodAccessorImpl.java:43)
	at java.lang.reflect.Method.invoke(Method.java:498)
	at org.apache.ibatis.logging.jdbc.ConnectionLogger.invoke(ConnectionLogger.java:55)
	at com.sun.proxy.$Proxy12.prepareStatement(Unknown Source)
	at org.apache.ibatis.executor.statement.PreparedStatementHandler.instantiateStatement(PreparedStatementHandler.java:79)
	at org.apache.ibatis.executor.statement.BaseStatementHandler.prepare(BaseStatementHandler.java:88)
	at org.apache.ibatis.executor.statement.RoutingStatementHandler.prepare(RoutingStatementHandler.java:58)
	at org.apache.ibatis.executor.SimpleExecutor.prepareStatement(SimpleExecutor.java:76)
	at org.apache.ibatis.executor.SimpleExecutor.doQuery(SimpleExecutor.java:61)
	at org.apache.ibatis.executor.BaseExecutor.queryFromDatabase(BaseExecutor.java:303)
	at org.apache.ibatis.executor.BaseExecutor.query(BaseExecutor.java:154)
	at org.apache.ibatis.executor.CachingExecutor.query(CachingExecutor.java:102)
	at org.apache.ibatis.executor.CachingExecutor.query(CachingExecutor.java:82)
	at org.apache.ibatis.session.defaults.DefaultSqlSession.selectList(DefaultSqlSession.java:120)
	... 42 more
10:47:16,958 [main] DEBUG org.activiti.engine.impl.test.TestHelper  - annotation @Deployment deletes deployment for ProcessInstanceMigrationTest.testSetProcessDefinitionVersionActivityMissing
10:47:16,958 [main] DEBUG org.activiti.engine.impl.interceptor.LogInterceptor  - 

10:47:16,958 [main] DEBUG org.activiti.engine.impl.interceptor.LogInterceptor  - --- starting DeleteDeploymentCmd --------------------------------------------------------
10:47:16,958 [main] DEBUG org.apache.ibatis.transaction.jdbc.JdbcTransaction  - Opening JDBC Connection
10:47:16,958 [main] DEBUG org.apache.ibatis.datasource.pooled.PooledDataSource  - Checked out connection 180014677 from pool.
10:47:16,958 [main] DEBUG org.apache.ibatis.transaction.jdbc.JdbcTransaction  - Setting autocommit to false on JDBC Connection [conn3: url=jdbc:h2:mem:activiti user=SA]
10:47:16,958 [main] DEBUG org.activiti.engine.impl.persistence.entity.DeploymentEntity.selectDeploymentById  - ==&gt;  Preparing: select * from ACT_RE_DEPLOYMENT where ID_ = ? 
10:47:16,958 [main] DEBUG org.activiti.engine.impl.persistence.entity.DeploymentEntity.selectDeploymentById  - ==&gt; Parameters: 697(String)
10:47:16,958 [main] DEBUG org.activiti.engine.impl.persistence.entity.DeploymentEntity.selectDeploymentById  - &lt;==      Total: 1
10:47:16,958 [main] DEBUG org.activiti.engine.impl.persistence.entity.ProcessDefinitionEntity.selectProcessDefinitionsByQueryCriteria  - ==&gt;  Preparing: select RES.* from ACT_RE_PROCDEF RES WHERE RES.DEPLOYMENT_ID_ = ? order by order by RES.ID_ asc LIMIT ? OFFSET ? 
10:47:16,958 [main] DEBUG org.activiti.engine.impl.interceptor.CommandContext  - Error while closing command context
org.apache.ibatis.exceptions.PersistenceException: 
### Error querying database.  Cause: org.h2.jdbc.JdbcSQLException: Syntax error in SQL statement &quot;SELECT RES.* 
       
    FROM ACT_RE_PROCDEF RES
     
     WHERE  RES.DEPLOYMENT_ID_ = ? 
   
     ORDER BY  ORDER[*] BY RES.ID_ ASC  
    LIMIT ? OFFSET ? &quot;; expected &quot;=, NOT, EXISTS, INTERSECTS, SELECT, FROM&quot;; SQL statement:
select RES.* 
       
    from ACT_RE_PROCDEF RES
     
     WHERE  RES.DEPLOYMENT_ID_ = ? 
   
     order by  order by RES.ID_ asc  
    LIMIT ? OFFSET ? [42001-176]
### The error may exist in org/activiti/db/mapping/entity/ProcessDefinition.xml
### The error may involve org.activiti.engine.impl.persistence.entity.ProcessDefinitionEntity.selectProcessDefinitionsByQueryCriteria
### The error occurred while executing a query
### SQL: select RES.*              from ACT_RE_PROCDEF RES            WHERE  RES.DEPLOYMENT_ID_ = ?           order by  order by RES.ID_ asc       LIMIT ? OFFSET ?
### Cause: org.h2.jdbc.JdbcSQLException: Syntax error in SQL statement &quot;SELECT RES.* 
       
    FROM ACT_RE_PROCDEF RES
     
     WHERE  RES.DEPLOYMENT_ID_ = ? 
   
     ORDER BY  ORDER[*] BY RES.ID_ ASC  
    LIMIT ? OFFSET ? &quot;; expected &quot;=, NOT, EXISTS, INTERSECTS, SELECT, FROM&quot;; SQL statement:
select RES.* 
       
    from ACT_RE_PROCDEF RES
     
     WHERE  RES.DEPLOYMENT_ID_ = ? 
   
     order by  order by RES.ID_ asc  
    LIMIT ? OFFSET ? [42001-176]
	at org.apache.ibatis.exceptions.ExceptionFactory.wrapException(ExceptionFactory.java:30)
	at org.apache.ibatis.session.defaults.DefaultSqlSession.selectList(DefaultSqlSession.java:122)
	at org.apache.ibatis.session.defaults.DefaultSqlSession.selectList(DefaultSqlSession.java:113)
	at org.activiti.engine.impl.db.DbSqlSession.selectListWithRawParameter(DbSqlSession.java:438)
	at org.activiti.engine.impl.db.DbSqlSession.selectList(DbSqlSession.java:429)
	at org.activiti.engine.impl.db.DbSqlSession.selectList(DbSqlSession.java:419)
	at org.activiti.engine.impl.persistence.entity.ProcessDefinitionEntityManager.findProcessDefinitionsByQueryCriteria(ProcessDefinitionEntityManager.java:57)
	at org.activiti.engine.impl.ProcessDefinitionQueryImpl.executeList(ProcessDefinitionQueryImpl.java:307)
	at org.activiti.engine.impl.AbstractQuery.list(AbstractQuery.java:140)
	at org.activiti.engine.impl.persistence.deploy.DeploymentManager.removeDeployment(DeploymentManager.java:187)
	at org.activiti.engine.impl.cmd.DeleteDeploymentCmd.execute(DeleteDeploymentCmd.java:44)
	at org.activiti.engine.impl.cmd.DeleteDeploymentCmd.execute(DeleteDeploymentCmd.java:24)
	at org.activiti.engine.impl.interceptor.CommandInvoker.execute(CommandInvoker.java:24)
	at org.activiti.engine.impl.interceptor.CommandContextInterceptor.execute(CommandContextInterceptor.java:57)
	at org.activiti.engine.impl.interceptor.LogInterceptor.execute(LogInterceptor.java:37)
	at org.activiti.engine.impl.cfg.CommandExecutorImpl.execute(CommandExecutorImpl.java:40)
	at org.activiti.engine.impl.cfg.CommandExecutorImpl.execute(CommandExecutorImpl.java:35)
	at org.activiti.engine.impl.RepositoryServiceImpl.deleteDeployment(RepositoryServiceImpl.java:90)
	at org.activiti.engine.impl.test.TestHelper.annotationDeploymentTearDown(TestHelper.java:116)
	at org.activiti.engine.impl.test.AbstractActivitiTestCase.runBare(AbstractActivitiTestCase.java:116)
	at junit.framework.TestResult$1.protect(TestResult.java:122)
	at junit.framework.TestResult.runProtected(TestResult.java:142)
	at junit.framework.TestResult.run(TestResult.java:125)
	at junit.framework.TestCase.run(TestCase.java:129)
	at junit.framework.TestSuite.runTest(TestSuite.java:255)
	at junit.framework.TestSuite.run(TestSuite.java:250)
	at org.junit.internal.runners.JUnit38ClassRunner.run(JUnit38ClassRunner.java:84)
	at org.apache.maven.surefire.junit4.JUnit4TestSet.execute(JUnit4TestSet.java:35)
	at org.apache.maven.surefire.junit4.JUnit4Provider.executeTestSet(JUnit4Provider.java:146)
	at org.apache.maven.surefire.junit4.JUnit4Provider.invoke(JUnit4Provider.java:97)
	at sun.reflect.NativeMethodAccessorImpl.invoke0(Native Method)
	at sun.reflect.NativeMethodAccessorImpl.invoke(NativeMethodAccessorImpl.java:62)
	at sun.reflect.DelegatingMethodAccessorImpl.invoke(DelegatingMethodAccessorImpl.java:43)
	at java.lang.reflect.Method.invoke(Method.java:498)
	at org.apache.maven.surefire.booter.ProviderFactory$ClassLoaderProxy.invoke(ProviderFactory.java:103)
	at com.sun.proxy.$Proxy0.invoke(Unknown Source)
	at org.apache.maven.surefire.booter.SurefireStarter.invokeProvider(SurefireStarter.java:145)
	at org.apache.maven.surefire.booter.SurefireStarter.runSuitesInProcess(SurefireStarter.java:87)
	at org.apache.maven.surefire.booter.ForkedBooter.main(ForkedBooter.java:69)
Caused by: org.h2.jdbc.JdbcSQLException: Syntax error in SQL statement &quot;SELECT RES.* 
       
    FROM ACT_RE_PROCDEF RES
     
     WHERE  RES.DEPLOYMENT_ID_ = ? 
   
     ORDER BY  ORDER[*] BY RES.ID_ ASC  
    LIMIT ? OFFSET ? &quot;; expected &quot;=, NOT, EXISTS, INTERSECTS, SELECT, FROM&quot;; SQL statement:
select RES.* 
       
    from ACT_RE_PROCDEF RES
     
     WHERE  RES.DEPLOYMENT_ID_ = ? 
   
     order by  order by RES.ID_ asc  
    LIMIT ? OFFSET ? [42001-176]
	at org.h2.message.DbException.getJdbcSQLException(DbException.java:344)
	at org.h2.message.DbException.getSyntaxError(DbException.java:204)
	at org.h2.command.Parser.getSyntaxError(Parser.java:524)
	at org.h2.command.Parser.readTerm(Parser.java:2688)
	at org.h2.command.Parser.readFactor(Parser.java:2244)
	at org.h2.command.Parser.readSum(Parser.java:2231)
	at org.h2.command.Parser.readConcat(Parser.java:2201)
	at org.h2.command.Parser.readCondition(Parser.java:2051)
	at org.h2.command.Parser.readAnd(Parser.java:2023)
	at org.h2.command.Parser.readExpression(Parser.java:2015)
	at org.h2.command.Parser.parseEndOfQuery(Parser.java:1726)
	at org.h2.command.Parser.parseSelectUnionExtension(Parser.java:1706)
	at org.h2.command.Parser.parseSelectUnion(Parser.java:1675)
	at org.h2.command.Parser.parseSelect(Parser.java:1662)
	at org.h2.command.Parser.parsePrepared(Parser.java:434)
	at org.h2.command.Parser.parse(Parser.java:306)
	at org.h2.command.Parser.parse(Parser.java:282)
	at org.h2.command.Parser.prepareCommand(Parser.java:243)
	at org.h2.engine.Session.prepareLocal(Session.java:442)
	at org.h2.engine.Session.prepareCommand(Session.java:384)
	at org.h2.jdbc.JdbcConnection.prepareCommand(JdbcConnection.java:1188)
	at org.h2.jdbc.JdbcPreparedStatement.&lt;init&gt;(JdbcPreparedStatement.java:73)
	at org.h2.jdbc.JdbcConnection.prepareStatement(JdbcConnection.java:276)
	at sun.reflect.GeneratedMethodAccessor6.invoke(Unknown Source)
	at sun.reflect.DelegatingMethodAccessorImpl.invoke(DelegatingMethodAccessorImpl.java:43)
	at java.lang.reflect.Method.invoke(Method.java:498)
	at org.apache.ibatis.datasource.pooled.PooledConnection.invoke(PooledConnection.java:245)
	at com.sun.proxy.$Proxy12.prepareStatement(Unknown Source)
	at sun.reflect.GeneratedMethodAccessor6.invoke(Unknown Source)
	at sun.reflect.DelegatingMethodAccessorImpl.invoke(DelegatingMethodAccessorImpl.java:43)
	at java.lang.reflect.Method.invoke(Method.java:498)
	at org.apache.ibatis.logging.jdbc.ConnectionLogger.invoke(ConnectionLogger.java:55)
	at com.sun.proxy.$Proxy12.prepareStatement(Unknown Source)
	at org.apache.ibatis.executor.statement.PreparedStatementHandler.instantiateStatement(PreparedStatementHandler.java:79)
	at org.apache.ibatis.executor.statement.BaseStatementHandler.prepare(BaseStatementHandler.java:88)
	at org.apache.ibatis.executor.statement.RoutingStatementHandler.prepare(RoutingStatementHandler.java:58)
	at org.apache.ibatis.executor.SimpleExecutor.prepareStatement(SimpleExecutor.java:76)
	at org.apache.ibatis.executor.SimpleExecutor.doQuery(SimpleExecutor.java:61)
	at org.apache.ibatis.executor.BaseExecutor.queryFromDatabase(BaseExecutor.java:303)
	at org.apache.ibatis.executor.BaseExecutor.query(BaseExecutor.java:154)
	at org.apache.ibatis.executor.CachingExecutor.query(CachingExecutor.java:102)
	at org.apache.ibatis.executor.CachingExecutor.query(CachingExecutor.java:82)
	at org.apache.ibatis.session.defaults.DefaultSqlSession.selectList(DefaultSqlSession.java:120)
	... 37 more
10:47:16,959 [main] DEBUG org.activiti.engine.impl.cfg.standalone.StandaloneMybatisTransactionContext  - firing event rolling back...
10:47:16,959 [main] DEBUG org.activiti.engine.impl.cfg.standalone.StandaloneMybatisTransactionContext  - rolling back ibatis sql session...
10:47:16,959 [main] DEBUG org.activiti.engine.impl.cfg.standalone.StandaloneMybatisTransactionContext  - firing event rolled back...
10:47:16,959 [main] DEBUG org.apache.ibatis.transaction.jdbc.JdbcTransaction  - Resetting autocommit to true on JDBC Connection [conn3: url=jdbc:h2:mem:activiti user=SA]
10:47:16,959 [main] DEBUG org.apache.ibatis.transaction.jdbc.JdbcTransaction  - Closing JDBC Connection [conn3: url=jdbc:h2:mem:activiti user=SA]
10:47:16,959 [main] DEBUG org.apache.ibatis.datasource.pooled.PooledDataSource  - Returned connection 180014677 to pool.
10:47:16,959 [main] DEBUG org.activiti.engine.impl.interceptor.LogInterceptor  - --- DeleteDeploymentCmd finished --------------------------------------------------------
10:47:16,959 [main] DEBUG org.activiti.engine.impl.interceptor.LogInterceptor  - 

</system-out>
  </testcase>
  <testcase classname="org.activiti.engine.test.db.ProcessInstanceMigrationTest" name="testSetProcessDefinitionVersion" time="0.014">
    <error message="
### Error querying database.  Cause: org.h2.jdbc.JdbcSQLException: Syntax error in SQL statement &quot;SELECT RES.* 
       
    FROM ACT_RE_PROCDEF RES
     
     WHERE  RES.DEPLOYMENT_ID_ = ? 
   
     ORDER BY  ORDER[*] BY RES.ID_ ASC  
    LIMIT ? OFFSET ? &quot;; expected &quot;=, NOT, EXISTS, INTERSECTS, SELECT, FROM&quot;; SQL statement:
select RES.* 
       
    from ACT_RE_PROCDEF RES
     
     WHERE  RES.DEPLOYMENT_ID_ = ? 
   
     order by  order by RES.ID_ asc  
    LIMIT ? OFFSET ? [42001-176]
### The error may exist in org/activiti/db/mapping/entity/ProcessDefinition.xml
### The error may involve org.activiti.engine.impl.persistence.entity.ProcessDefinitionEntity.selectProcessDefinitionsByQueryCriteria
### The error occurred while executing a query
### SQL: select RES.*              from ACT_RE_PROCDEF RES            WHERE  RES.DEPLOYMENT_ID_ = ?           order by  order by RES.ID_ asc       LIMIT ? OFFSET ?
### Cause: org.h2.jdbc.JdbcSQLException: Syntax error in SQL statement &quot;SELECT RES.* 
       
    FROM ACT_RE_PROCDEF RES
     
     WHERE  RES.DEPLOYMENT_ID_ = ? 
   
     ORDER BY  ORDER[*] BY RES.ID_ ASC  
    LIMIT ? OFFSET ? &quot;; expected &quot;=, NOT, EXISTS, INTERSECTS, SELECT, FROM&quot;; SQL statement:
select RES.* 
       
    from ACT_RE_PROCDEF RES
     
     WHERE  RES.DEPLOYMENT_ID_ = ? 
   
     order by  order by RES.ID_ asc  
    LIMIT ? OFFSET ? [42001-176]" type="org.apache.ibatis.exceptions.PersistenceException">org.apache.ibatis.exceptions.PersistenceException: 
### Error querying database.  Cause: org.h2.jdbc.JdbcSQLException: Syntax error in SQL statement &quot;SELECT RES.* 
       
    FROM ACT_RE_PROCDEF RES
     
     WHERE  RES.DEPLOYMENT_ID_ = ? 
   
     ORDER BY  ORDER[*] BY RES.ID_ ASC  
    LIMIT ? OFFSET ? &quot;; expected &quot;=, NOT, EXISTS, INTERSECTS, SELECT, FROM&quot;; SQL statement:
select RES.* 
       
    from ACT_RE_PROCDEF RES
     
     WHERE  RES.DEPLOYMENT_ID_ = ? 
   
     order by  order by RES.ID_ asc  
    LIMIT ? OFFSET ? [42001-176]
### The error may exist in org/activiti/db/mapping/entity/ProcessDefinition.xml
### The error may involve org.activiti.engine.impl.persistence.entity.ProcessDefinitionEntity.selectProcessDefinitionsByQueryCriteria
### The error occurred while executing a query
### SQL: select RES.*              from ACT_RE_PROCDEF RES            WHERE  RES.DEPLOYMENT_ID_ = ?           order by  order by RES.ID_ asc       LIMIT ? OFFSET ?
### Cause: org.h2.jdbc.JdbcSQLException: Syntax error in SQL statement &quot;SELECT RES.* 
       
    FROM ACT_RE_PROCDEF RES
     
     WHERE  RES.DEPLOYMENT_ID_ = ? 
   
     ORDER BY  ORDER[*] BY RES.ID_ ASC  
    LIMIT ? OFFSET ? &quot;; expected &quot;=, NOT, EXISTS, INTERSECTS, SELECT, FROM&quot;; SQL statement:
select RES.* 
       
    from ACT_RE_PROCDEF RES
     
     WHERE  RES.DEPLOYMENT_ID_ = ? 
   
     order by  order by RES.ID_ asc  
    LIMIT ? OFFSET ? [42001-176]
	at org.apache.ibatis.exceptions.ExceptionFactory.wrapException(ExceptionFactory.java:30)
	at org.apache.ibatis.session.defaults.DefaultSqlSession.selectList(DefaultSqlSession.java:122)
	at org.apache.ibatis.session.defaults.DefaultSqlSession.selectList(DefaultSqlSession.java:113)
	at org.activiti.engine.impl.db.DbSqlSession.selectListWithRawParameter(DbSqlSession.java:438)
	at org.activiti.engine.impl.db.DbSqlSession.selectList(DbSqlSession.java:429)
	at org.activiti.engine.impl.db.DbSqlSession.selectList(DbSqlSession.java:419)
	at org.activiti.engine.impl.persistence.entity.ProcessDefinitionEntityManager.findProcessDefinitionsByQueryCriteria(ProcessDefinitionEntityManager.java:57)
	at org.activiti.engine.impl.ProcessDefinitionQueryImpl.executeList(ProcessDefinitionQueryImpl.java:307)
	at org.activiti.engine.impl.AbstractQuery.list(AbstractQuery.java:140)
	at org.activiti.engine.impl.persistence.deploy.DeploymentManager.removeDeployment(DeploymentManager.java:187)
	at org.activiti.engine.impl.cmd.DeleteDeploymentCmd.execute(DeleteDeploymentCmd.java:44)
	at org.activiti.engine.impl.cmd.DeleteDeploymentCmd.execute(DeleteDeploymentCmd.java:24)
	at org.activiti.engine.impl.interceptor.CommandInvoker.execute(CommandInvoker.java:24)
	at org.activiti.engine.impl.interceptor.CommandContextInterceptor.execute(CommandContextInterceptor.java:57)
	at org.activiti.engine.impl.interceptor.LogInterceptor.execute(LogInterceptor.java:37)
	at org.activiti.engine.impl.cfg.CommandExecutorImpl.execute(CommandExecutorImpl.java:40)
	at org.activiti.engine.impl.cfg.CommandExecutorImpl.execute(CommandExecutorImpl.java:35)
	at org.activiti.engine.impl.RepositoryServiceImpl.deleteDeployment(RepositoryServiceImpl.java:90)
	at org.activiti.engine.impl.test.TestHelper.annotationDeploymentTearDown(TestHelper.java:116)
	at org.activiti.engine.impl.test.AbstractActivitiTestCase.runBare(AbstractActivitiTestCase.java:116)
	at junit.framework.TestResult$1.protect(TestResult.java:122)
	at junit.framework.TestResult.runProtected(TestResult.java:142)
	at junit.framework.TestResult.run(TestResult.java:125)
	at junit.framework.TestCase.run(TestCase.java:129)
	at junit.framework.TestSuite.runTest(TestSuite.java:255)
	at junit.framework.TestSuite.run(TestSuite.java:250)
	at org.junit.internal.runners.JUnit38ClassRunner.run(JUnit38ClassRunner.java:84)
	at org.apache.maven.surefire.junit4.JUnit4TestSet.execute(JUnit4TestSet.java:35)
	at org.apache.maven.surefire.junit4.JUnit4Provider.executeTestSet(JUnit4Provider.java:146)
	at org.apache.maven.surefire.junit4.JUnit4Provider.invoke(JUnit4Provider.java:97)
	at sun.reflect.NativeMethodAccessorImpl.invoke0(Native Method)
	at sun.reflect.NativeMethodAccessorImpl.invoke(NativeMethodAccessorImpl.java:62)
	at sun.reflect.DelegatingMethodAccessorImpl.invoke(DelegatingMethodAccessorImpl.java:43)
	at java.lang.reflect.Method.invoke(Method.java:498)
	at org.apache.maven.surefire.booter.ProviderFactory$ClassLoaderProxy.invoke(ProviderFactory.java:103)
	at com.sun.proxy.$Proxy0.invoke(Unknown Source)
	at org.apache.maven.surefire.booter.SurefireStarter.invokeProvider(SurefireStarter.java:145)
	at org.apache.maven.surefire.booter.SurefireStarter.runSuitesInProcess(SurefireStarter.java:87)
	at org.apache.maven.surefire.booter.ForkedBooter.main(ForkedBooter.java:69)
Caused by: org.h2.jdbc.JdbcSQLException: Syntax error in SQL statement &quot;SELECT RES.* 
       
    FROM ACT_RE_PROCDEF RES
     
     WHERE  RES.DEPLOYMENT_ID_ = ? 
   
     ORDER BY  ORDER[*] BY RES.ID_ ASC  
    LIMIT ? OFFSET ? &quot;; expected &quot;=, NOT, EXISTS, INTERSECTS, SELECT, FROM&quot;; SQL statement:
select RES.* 
       
    from ACT_RE_PROCDEF RES
     
     WHERE  RES.DEPLOYMENT_ID_ = ? 
   
     order by  order by RES.ID_ asc  
    LIMIT ? OFFSET ? [42001-176]
	at org.h2.message.DbException.getJdbcSQLException(DbException.java:344)
	at org.h2.message.DbException.getSyntaxError(DbException.java:204)
	at org.h2.command.Parser.getSyntaxError(Parser.java:524)
	at org.h2.command.Parser.readTerm(Parser.java:2688)
	at org.h2.command.Parser.readFactor(Parser.java:2244)
	at org.h2.command.Parser.readSum(Parser.java:2231)
	at org.h2.command.Parser.readConcat(Parser.java:2201)
	at org.h2.command.Parser.readCondition(Parser.java:2051)
	at org.h2.command.Parser.readAnd(Parser.java:2023)
	at org.h2.command.Parser.readExpression(Parser.java:2015)
	at org.h2.command.Parser.parseEndOfQuery(Parser.java:1726)
	at org.h2.command.Parser.parseSelectUnionExtension(Parser.java:1706)
	at org.h2.command.Parser.parseSelectUnion(Parser.java:1675)
	at org.h2.command.Parser.parseSelect(Parser.java:1662)
	at org.h2.command.Parser.parsePrepared(Parser.java:434)
	at org.h2.command.Parser.parse(Parser.java:306)
	at org.h2.command.Parser.parse(Parser.java:282)
	at org.h2.command.Parser.prepareCommand(Parser.java:243)
	at org.h2.engine.Session.prepareLocal(Session.java:442)
	at org.h2.engine.Session.prepareCommand(Session.java:384)
	at org.h2.jdbc.JdbcConnection.prepareCommand(JdbcConnection.java:1188)
	at org.h2.jdbc.JdbcPreparedStatement.&lt;init&gt;(JdbcPreparedStatement.java:73)
	at org.h2.jdbc.JdbcConnection.prepareStatement(JdbcConnection.java:276)
	at sun.reflect.GeneratedMethodAccessor6.invoke(Unknown Source)
	at sun.reflect.DelegatingMethodAccessorImpl.invoke(DelegatingMethodAccessorImpl.java:43)
	at java.lang.reflect.Method.invoke(Method.java:498)
	at org.apache.ibatis.datasource.pooled.PooledConnection.invoke(PooledConnection.java:245)
	at com.sun.proxy.$Proxy12.prepareStatement(Unknown Source)
	at sun.reflect.GeneratedMethodAccessor6.invoke(Unknown Source)
	at sun.reflect.DelegatingMethodAccessorImpl.invoke(DelegatingMethodAccessorImpl.java:43)
	at java.lang.reflect.Method.invoke(Method.java:498)
	at org.apache.ibatis.logging.jdbc.ConnectionLogger.invoke(ConnectionLogger.java:55)
	at com.sun.proxy.$Proxy12.prepareStatement(Unknown Source)
	at org.apache.ibatis.executor.statement.PreparedStatementHandler.instantiateStatement(PreparedStatementHandler.java:79)
	at org.apache.ibatis.executor.statement.BaseStatementHandler.prepare(BaseStatementHandler.java:88)
	at org.apache.ibatis.executor.statement.RoutingStatementHandler.prepare(RoutingStatementHandler.java:58)
	at org.apache.ibatis.executor.SimpleExecutor.prepareStatement(SimpleExecutor.java:76)
	at org.apache.ibatis.executor.SimpleExecutor.doQuery(SimpleExecutor.java:61)
	at org.apache.ibatis.executor.BaseExecutor.queryFromDatabase(BaseExecutor.java:303)
	at org.apache.ibatis.executor.BaseExecutor.query(BaseExecutor.java:154)
	at org.apache.ibatis.executor.CachingExecutor.query(CachingExecutor.java:102)
	at org.apache.ibatis.executor.CachingExecutor.query(CachingExecutor.java:82)
	at org.apache.ibatis.session.defaults.DefaultSqlSession.selectList(DefaultSqlSession.java:120)
	... 37 more
</error>
    <system-out>10:47:16,959 [main] DEBUG org.activiti.engine.impl.test.TestHelper  - annotation @Deployment creates deployment for ProcessInstanceMigrationTest.testSetProcessDefinitionVersion
10:47:16,960 [main] DEBUG org.activiti.engine.impl.interceptor.LogInterceptor  - 

10:47:16,960 [main] DEBUG org.activiti.engine.impl.interceptor.LogInterceptor  - --- starting DeployCmd --------------------------------------------------------
10:47:16,960 [main] DEBUG org.activiti.engine.impl.bpmn.deployer.BpmnDeployer  - Processing deployment ProcessInstanceMigrationTest.testSetProcessDefinitionVersion
10:47:16,960 [main] INFO  org.activiti.engine.impl.bpmn.deployer.BpmnDeployer  - Processing resource org/activiti/engine/test/db/ProcessInstanceMigrationTest.testSetProcessDefinitionVersion.bpmn20.xml
10:47:16,966 [main] DEBUG org.activiti.engine.impl.bpmn.parser.handler.ProcessParseHandler  - Parsing process receiveTask
10:47:16,966 [main] DEBUG org.activiti.engine.impl.bpmn.parser.handler.AbstractBpmnParseHandler  - Parsing activity waitState1
10:47:16,966 [main] DEBUG org.activiti.engine.impl.bpmn.parser.handler.AbstractBpmnParseHandler  - Parsing activity waitState2
10:47:16,966 [main] DEBUG org.activiti.engine.impl.bpmn.parser.handler.AbstractBpmnParseHandler  - Parsing activity theStart
10:47:16,966 [main] DEBUG org.activiti.engine.impl.bpmn.parser.handler.AbstractBpmnParseHandler  - Parsing activity theEnd
10:47:16,966 [main] DEBUG org.apache.ibatis.transaction.jdbc.JdbcTransaction  - Opening JDBC Connection
10:47:16,966 [main] DEBUG org.apache.ibatis.datasource.pooled.PooledDataSource  - Checked out connection 486346394 from pool.
10:47:16,967 [main] DEBUG org.apache.ibatis.transaction.jdbc.JdbcTransaction  - Setting autocommit to false on JDBC Connection [conn6: url=jdbc:h2:mem:activiti user=SA]
10:47:16,967 [main] DEBUG org.activiti.engine.impl.persistence.entity.ProcessDefinitionEntity.selectLatestProcessDefinitionByKey  - ==&gt;  Preparing: select * from ACT_RE_PROCDEF where KEY_ = ? and (TENANT_ID_ = &apos;&apos; or TENANT_ID_ is null) and VERSION_ = (select max(VERSION_) from ACT_RE_PROCDEF where KEY_ = ? and (TENANT_ID_ = &apos;&apos; or TENANT_ID_ is null)) 
10:47:16,967 [main] DEBUG org.activiti.engine.impl.persistence.entity.ProcessDefinitionEntity.selectLatestProcessDefinitionByKey  - ==&gt; Parameters: receiveTask(String), receiveTask(String)
10:47:16,967 [main] DEBUG org.activiti.engine.impl.persistence.entity.ProcessDefinitionEntity.selectLatestProcessDefinitionByKey  - &lt;==      Total: 1
10:47:16,967 [main] DEBUG org.activiti.engine.impl.persistence.entity.JobEntity.selectJobByTypeAndProcessDefinitionKeyNoTenantId  - ==&gt;  Preparing: select J.* from ACT_RU_JOB J inner join ACT_RE_PROCDEF P on J.PROC_DEF_ID_ = P.ID_ where J.HANDLER_TYPE_ = ? and P.KEY_ = ? and (P.TENANT_ID_ = &apos;&apos; or P.TENANT_ID_ is null) 
10:47:16,967 [main] DEBUG org.activiti.engine.impl.persistence.entity.JobEntity.selectJobByTypeAndProcessDefinitionKeyNoTenantId  - ==&gt; Parameters: timer-start-event(String), receiveTask(String)
10:47:16,967 [main] DEBUG org.activiti.engine.impl.persistence.entity.JobEntity.selectJobByTypeAndProcessDefinitionKeyNoTenantId  - &lt;==      Total: 0
10:47:16,967 [main] DEBUG org.activiti.engine.impl.persistence.entity.EventSubscriptionEntity.selectEventSubscriptionsByConfiguration  - ==&gt;  Preparing: select * from ACT_RU_EVENT_SUBSCR where (EVENT_TYPE_ = ?) and ( (CONFIGURATION_ = ?) or (PROC_DEF_ID_ = ?) ) and (TENANT_ID_ = &apos;&apos; or TENANT_ID_ is null) 
10:47:16,967 [main] DEBUG org.activiti.engine.impl.persistence.entity.EventSubscriptionEntity.selectEventSubscriptionsByConfiguration  - ==&gt; Parameters: message(String), receiveTask:1:699(String), receiveTask:1:699(String)
10:47:16,967 [main] DEBUG org.activiti.engine.impl.persistence.entity.EventSubscriptionEntity.selectEventSubscriptionsByConfiguration  - &lt;==      Total: 0
10:47:16,967 [main] DEBUG org.activiti.engine.impl.persistence.entity.EventSubscriptionEntity.selectEventSubscriptionsByConfiguration  - ==&gt;  Preparing: select * from ACT_RU_EVENT_SUBSCR where (EVENT_TYPE_ = ?) and ( (CONFIGURATION_ = ?) or (PROC_DEF_ID_ = ?) ) and (TENANT_ID_ = &apos;&apos; or TENANT_ID_ is null) 
10:47:16,967 [main] DEBUG org.activiti.engine.impl.persistence.entity.EventSubscriptionEntity.selectEventSubscriptionsByConfiguration  - ==&gt; Parameters: signal(String), receiveTask:1:699(String), receiveTask:1:699(String)
10:47:16,967 [main] DEBUG org.activiti.engine.impl.persistence.entity.EventSubscriptionEntity.selectEventSubscriptionsByConfiguration  - &lt;==      Total: 0
10:47:16,967 [main] DEBUG org.activiti.engine.impl.persistence.entity.ProcessDefinitionInfoEntity.selectProcessDefinitionInfoByProcessDefinitionId  - ==&gt;  Preparing: select * from ACT_PROCDEF_INFO where PROC_DEF_ID_ = ? 
10:47:16,968 [main] DEBUG org.activiti.engine.impl.persistence.entity.ProcessDefinitionInfoEntity.selectProcessDefinitionInfoByProcessDefinitionId  - ==&gt; Parameters: receiveTask:2:705(String)
10:47:16,968 [main] DEBUG org.activiti.engine.impl.persistence.entity.ProcessDefinitionInfoEntity.selectProcessDefinitionInfoByProcessDefinitionId  - &lt;==      Total: 0
10:47:16,968 [main] DEBUG org.activiti.engine.impl.interceptor.LogInterceptor  - 

10:47:16,968 [main] DEBUG org.activiti.engine.impl.interceptor.LogInterceptor  - --- starting GetProcessDefinitionInfoCmd --------------------------------------------------------
10:47:16,968 [main] DEBUG org.activiti.engine.impl.interceptor.CommandContextInterceptor  - Valid context found. Reusing it for the current command &apos;org.activiti.engine.impl.cmd.GetProcessDefinitionInfoCmd&apos;
10:47:16,968 [main] DEBUG org.activiti.engine.impl.interceptor.LogInterceptor  - 

10:47:16,968 [main] DEBUG org.activiti.engine.impl.interceptor.LogInterceptor  - --- starting  --------------------------------------------------------
10:47:16,968 [main] DEBUG org.activiti.engine.impl.interceptor.CommandContextInterceptor  - Valid context found. Reusing it for the current command &apos;null&apos;
10:47:16,968 [main] DEBUG org.activiti.engine.impl.interceptor.LogInterceptor  - ---  finished --------------------------------------------------------
10:47:16,968 [main] DEBUG org.activiti.engine.impl.interceptor.LogInterceptor  - 

10:47:16,968 [main] DEBUG org.activiti.engine.impl.interceptor.LogInterceptor  - --- GetProcessDefinitionInfoCmd finished --------------------------------------------------------
10:47:16,968 [main] DEBUG org.activiti.engine.impl.interceptor.LogInterceptor  - 

10:47:16,968 [main] DEBUG org.activiti.engine.impl.db.DbSqlSession  -   insert ResourceEntity[id=704, name=org/activiti/engine/test/db/ProcessInstanceMigrationTest.testSetProcessDefinitionVersion.bpmn20.xml]
10:47:16,968 [main] DEBUG org.activiti.engine.impl.db.DbSqlSession  -   insert DeploymentEntity[id=703, name=ProcessInstanceMigrationTest.testSetProcessDefinitionVersion]
10:47:16,968 [main] DEBUG org.activiti.engine.impl.db.DbSqlSession  -   insert ProcessDefinitionEntity[receiveTask:2:705]
10:47:16,968 [main] DEBUG org.activiti.engine.impl.db.DbSqlSession  - flush summary: 3 insert, 0 update, 0 delete.
10:47:16,968 [main] DEBUG org.activiti.engine.impl.db.DbSqlSession  - now executing flush...
10:47:16,968 [main] DEBUG org.activiti.engine.impl.db.DbSqlSession  - inserting: ProcessDefinitionEntity[receiveTask:2:705]
10:47:16,968 [main] DEBUG org.activiti.engine.impl.persistence.entity.ProcessDefinitionEntity.insertProcessDefinition  - ==&gt;  Preparing: insert into ACT_RE_PROCDEF(ID_, REV_, CATEGORY_, NAME_, KEY_, VERSION_, DEPLOYMENT_ID_, RESOURCE_NAME_, DGRM_RESOURCE_NAME_, DESCRIPTION_, HAS_START_FORM_KEY_, HAS_GRAPHICAL_NOTATION_ , SUSPENSION_STATE_, TENANT_ID_) values (?, 1, ?, ?, ?, ?, ?, ?, ?, ?, ?, ?, ?, ?) 
10:47:16,968 [main] DEBUG org.activiti.engine.impl.persistence.entity.ProcessDefinitionEntity.insertProcessDefinition  - ==&gt; Parameters: receiveTask:2:705(String), Examples(String), null, receiveTask(String), 2(Integer), 703(String), org/activiti/engine/test/db/ProcessInstanceMigrationTest.testSetProcessDefinitionVersion.bpmn20.xml(String), null, null, false(Boolean), false(Boolean), 1(Integer), (String)
10:47:16,968 [main] DEBUG org.activiti.engine.impl.persistence.entity.ProcessDefinitionEntity.insertProcessDefinition  - &lt;==    Updates: 1
10:47:16,968 [main] DEBUG org.activiti.engine.impl.db.DbSqlSession  - inserting: DeploymentEntity[id=703, name=ProcessInstanceMigrationTest.testSetProcessDefinitionVersion]
10:47:16,968 [main] DEBUG org.activiti.engine.impl.persistence.entity.DeploymentEntity.insertDeployment  - ==&gt;  Preparing: insert into ACT_RE_DEPLOYMENT(ID_, NAME_, CATEGORY_, TENANT_ID_, DEPLOY_TIME_) values(?, ?, ?, ?, ?) 
10:47:16,968 [main] DEBUG org.activiti.engine.impl.persistence.entity.DeploymentEntity.insertDeployment  - ==&gt; Parameters: 703(String), ProcessInstanceMigrationTest.testSetProcessDefinitionVersion(String), null, (String), 2023-03-20 10:47:16.96(Timestamp)
10:47:16,968 [main] DEBUG org.activiti.engine.impl.persistence.entity.DeploymentEntity.insertDeployment  - &lt;==    Updates: 1
10:47:16,968 [main] DEBUG org.activiti.engine.impl.db.DbSqlSession  - inserting: ResourceEntity[id=704, name=org/activiti/engine/test/db/ProcessInstanceMigrationTest.testSetProcessDefinitionVersion.bpmn20.xml]
10:47:16,969 [main] DEBUG org.activiti.engine.impl.persistence.entity.ResourceEntity.insertResource  - ==&gt;  Preparing: insert into ACT_GE_BYTEARRAY(ID_, REV_, NAME_, BYTES_, DEPLOYMENT_ID_, GENERATED_) values (?, 1, ?, ?, ?, ?) 
10:47:16,969 [main] DEBUG org.activiti.engine.impl.persistence.entity.ResourceEntity.insertResource  - ==&gt; Parameters: 704(String), org/activiti/engine/test/db/ProcessInstanceMigrationTest.testSetProcessDefinitionVersion.bpmn20.xml(String), java.io.ByteArrayInputStream@376a3c2b(ByteArrayInputStream), 703(String), false(Boolean)
10:47:16,969 [main] DEBUG org.activiti.engine.impl.persistence.entity.ResourceEntity.insertResource  - &lt;==    Updates: 1
10:47:16,969 [main] DEBUG org.activiti.engine.impl.cfg.standalone.StandaloneMybatisTransactionContext  - firing event committing...
10:47:16,969 [main] DEBUG org.activiti.engine.impl.cfg.standalone.StandaloneMybatisTransactionContext  - committing the ibatis sql session...
10:47:16,969 [main] DEBUG org.apache.ibatis.transaction.jdbc.JdbcTransaction  - Committing JDBC Connection [conn6: url=jdbc:h2:mem:activiti user=SA]
10:47:16,969 [main] DEBUG org.activiti.engine.impl.cfg.standalone.StandaloneMybatisTransactionContext  - firing event committed...
10:47:16,969 [main] DEBUG org.apache.ibatis.transaction.jdbc.JdbcTransaction  - Resetting autocommit to true on JDBC Connection [conn6: url=jdbc:h2:mem:activiti user=SA]
10:47:16,969 [main] DEBUG org.apache.ibatis.transaction.jdbc.JdbcTransaction  - Closing JDBC Connection [conn6: url=jdbc:h2:mem:activiti user=SA]
10:47:16,969 [main] DEBUG org.apache.ibatis.datasource.pooled.PooledDataSource  - Returned connection 486346394 to pool.
10:47:16,969 [main] DEBUG org.activiti.engine.impl.interceptor.LogInterceptor  - --- DeployCmd finished --------------------------------------------------------
10:47:16,969 [main] DEBUG org.activiti.engine.impl.interceptor.LogInterceptor  - 

10:47:16,969 [main] DEBUG org.activiti.engine.impl.test.PvmTestCase  - 

10:47:16,969 [main] DEBUG org.activiti.engine.impl.test.PvmTestCase  - #### START ProcessInstanceMigrationTest.testSetProcessDefinitionVersion ###########################################################
10:47:16,969 [main] DEBUG org.activiti.engine.impl.interceptor.LogInterceptor  - 

10:47:16,969 [main] DEBUG org.activiti.engine.impl.interceptor.LogInterceptor  - --- starting StartProcessInstanceCmd --------------------------------------------------------
10:47:16,969 [main] DEBUG org.apache.ibatis.transaction.jdbc.JdbcTransaction  - Opening JDBC Connection
10:47:16,969 [main] DEBUG org.apache.ibatis.datasource.pooled.PooledDataSource  - Checked out connection 297240765 from pool.
10:47:16,969 [main] DEBUG org.apache.ibatis.transaction.jdbc.JdbcTransaction  - Setting autocommit to false on JDBC Connection [conn4: url=jdbc:h2:mem:activiti user=SA]
10:47:16,969 [main] DEBUG org.activiti.engine.impl.persistence.entity.ProcessDefinitionEntity.selectLatestProcessDefinitionByKey  - ==&gt;  Preparing: select * from ACT_RE_PROCDEF where KEY_ = ? and (TENANT_ID_ = &apos;&apos; or TENANT_ID_ is null) and VERSION_ = (select max(VERSION_) from ACT_RE_PROCDEF where KEY_ = ? and (TENANT_ID_ = &apos;&apos; or TENANT_ID_ is null)) 
10:47:16,969 [main] DEBUG org.activiti.engine.impl.persistence.entity.ProcessDefinitionEntity.selectLatestProcessDefinitionByKey  - ==&gt; Parameters: receiveTask(String), receiveTask(String)
10:47:16,969 [main] DEBUG org.activiti.engine.impl.persistence.entity.ProcessDefinitionEntity.selectLatestProcessDefinitionByKey  - &lt;==      Total: 1
10:47:16,969 [main] DEBUG org.activiti.engine.impl.persistence.entity.ExecutionEntity  - initializing ProcessInstance[706]
10:47:16,969 [main] DEBUG org.activiti.engine.impl.history.DefaultHistoryManager  - Current history level: FULL, level required: ACTIVITY
10:47:16,970 [main] DEBUG org.activiti.engine.impl.pvm.runtime.AtomicOperationActivityExecute  - ProcessInstance[706] executes Activity(theStart): org.activiti.engine.impl.bpmn.behavior.NoneStartEventActivityBehavior
10:47:16,970 [main] DEBUG org.activiti.engine.impl.persistence.entity.JobEntity.selectJobsByExecutionId  - ==&gt;  Preparing: select * from ACT_RU_JOB J where J.EXECUTION_ID_ = ? 
10:47:16,970 [main] DEBUG org.activiti.engine.impl.persistence.entity.JobEntity.selectJobsByExecutionId  - ==&gt; Parameters: 706(String)
10:47:16,970 [main] DEBUG org.activiti.engine.impl.persistence.entity.JobEntity.selectJobsByExecutionId  - &lt;==      Total: 0
10:47:16,970 [main] DEBUG org.activiti.engine.impl.bpmn.behavior.BpmnActivityBehavior  - Leaving activity &apos;theStart&apos;
10:47:16,970 [main] DEBUG org.activiti.engine.impl.history.DefaultHistoryManager  - Current history level: FULL, level required: ACTIVITY
10:47:16,970 [main] DEBUG org.activiti.engine.impl.pvm.runtime.AtomicOperationTransitionNotifyListenerTake  - ProcessInstance[706] takes transition (theStart)--flow1--&gt;(waitState1)
10:47:16,970 [main] DEBUG org.activiti.engine.impl.history.DefaultHistoryManager  - Current history level: FULL, level required: ACTIVITY
10:47:16,970 [main] DEBUG org.activiti.engine.impl.pvm.runtime.AtomicOperationActivityExecute  - ProcessInstance[706] executes Activity(waitState1): org.activiti.engine.impl.bpmn.behavior.ReceiveTaskActivityBehavior
10:47:16,970 [main] DEBUG org.activiti.engine.impl.db.DbSqlSession  -   insert ProcessInstance[706]
10:47:16,970 [main] DEBUG org.activiti.engine.impl.db.DbSqlSession  -   insert HistoricProcessInstanceEntity[superProcessInstanceId=null]
10:47:16,970 [main] DEBUG org.activiti.engine.impl.db.DbSqlSession  -   insert HistoricActivityInstanceEntity[activityId=theStart, activityName=null]
10:47:16,970 [main] DEBUG org.activiti.engine.impl.db.DbSqlSession  -   insert HistoricActivityInstanceEntity[activityId=waitState1, activityName=Wait State 1]
10:47:16,970 [main] DEBUG org.activiti.engine.impl.db.DbSqlSession  - flush summary: 4 insert, 0 update, 0 delete.
10:47:16,970 [main] DEBUG org.activiti.engine.impl.db.DbSqlSession  - now executing flush...
10:47:16,970 [main] DEBUG org.activiti.engine.impl.db.DbSqlSession  - inserting: HistoricProcessInstanceEntity[superProcessInstanceId=null]
10:47:16,970 [main] DEBUG org.activiti.engine.impl.persistence.entity.HistoricProcessInstanceEntity.insertHistoricProcessInstance  - ==&gt;  Preparing: insert into ACT_HI_PROCINST ( ID_, PROC_INST_ID_, BUSINESS_KEY_, PROC_DEF_ID_, START_TIME_, END_TIME_, DURATION_, START_USER_ID_, START_ACT_ID_, END_ACT_ID_, SUPER_PROCESS_INSTANCE_ID_, DELETE_REASON_, TENANT_ID_, NAME_ ) values ( ?, ?, ?, ?, ?, ?, ?, ?, ?, ?, ?, ?, ?, ? ) 
10:47:16,970 [main] DEBUG org.activiti.engine.impl.persistence.entity.HistoricProcessInstanceEntity.insertHistoricProcessInstance  - ==&gt; Parameters: 706(String), 706(String), null, receiveTask:2:705(String), 2023-03-20 10:47:16.97(Timestamp), null, null, null, theStart(String), null, null, null, (String), null
10:47:16,970 [main] DEBUG org.activiti.engine.impl.persistence.entity.HistoricProcessInstanceEntity.insertHistoricProcessInstance  - &lt;==    Updates: 1
10:47:16,970 [main] DEBUG org.activiti.engine.impl.persistence.entity.HistoricActivityInstanceEntity.bulkInsertHistoricActivityInstance  - ==&gt;  Preparing: insert into ACT_HI_ACTINST ( ID_, PROC_DEF_ID_, PROC_INST_ID_, EXECUTION_ID_, ACT_ID_, TASK_ID_, CALL_PROC_INST_ID_, ACT_NAME_, ACT_TYPE_, ASSIGNEE_, START_TIME_, END_TIME_, DURATION_, TENANT_ID_ ) values (?, ?, ?, ?, ?, ?, ?, ?, ?, ?, ?, ?, ?, ?) , (?, ?, ?, ?, ?, ?, ?, ?, ?, ?, ?, ?, ?, ?) 
10:47:16,970 [main] DEBUG org.activiti.engine.impl.persistence.entity.HistoricActivityInstanceEntity.bulkInsertHistoricActivityInstance  - ==&gt; Parameters: 707(String), receiveTask:2:705(String), 706(String), 706(String), theStart(String), null, null, null, startEvent(String), null, 2023-03-20 10:47:16.97(Timestamp), 2023-03-20 10:47:16.97(Timestamp), 0(Long), (String), 708(String), receiveTask:2:705(String), 706(String), 706(String), waitState1(String), null, null, Wait State 1(String), receiveTask(String), null, 2023-03-20 10:47:16.97(Timestamp), null, null, (String)
10:47:16,971 [main] DEBUG org.activiti.engine.impl.persistence.entity.HistoricActivityInstanceEntity.bulkInsertHistoricActivityInstance  - &lt;==    Updates: 2
10:47:16,971 [main] DEBUG org.activiti.engine.impl.db.DbSqlSession  - inserting: ProcessInstance[706]
10:47:16,971 [main] DEBUG org.activiti.engine.impl.persistence.entity.ExecutionEntity.insertExecution  - ==&gt;  Preparing: insert into ACT_RU_EXECUTION (ID_, REV_, PROC_INST_ID_, BUSINESS_KEY_, PROC_DEF_ID_, ACT_ID_, IS_ACTIVE_, IS_CONCURRENT_, IS_SCOPE_,IS_EVENT_SCOPE_, PARENT_ID_, SUPER_EXEC_, SUSPENSION_STATE_, CACHED_ENT_STATE_, TENANT_ID_, NAME_) values ( ?, 1, ?, ?, ?, ?, ?, ?, ?, ?, ?, ?, ?, ?, ?, ? ) 
10:47:16,971 [main] DEBUG org.activiti.engine.impl.persistence.entity.ExecutionEntity.insertExecution  - ==&gt; Parameters: 706(String), 706(String), null, receiveTask:2:705(String), waitState1(String), true(Boolean), false(Boolean), true(Boolean), false(Boolean), null, null, 1(Integer), 2(Integer), (String), null
10:47:16,971 [main] DEBUG org.activiti.engine.impl.persistence.entity.ExecutionEntity.insertExecution  - &lt;==    Updates: 1
10:47:16,971 [main] DEBUG org.activiti.engine.impl.cfg.standalone.StandaloneMybatisTransactionContext  - firing event committing...
10:47:16,971 [main] DEBUG org.activiti.engine.impl.cfg.standalone.StandaloneMybatisTransactionContext  - committing the ibatis sql session...
10:47:16,971 [main] DEBUG org.apache.ibatis.transaction.jdbc.JdbcTransaction  - Committing JDBC Connection [conn4: url=jdbc:h2:mem:activiti user=SA]
10:47:16,971 [main] DEBUG org.activiti.engine.impl.cfg.standalone.StandaloneMybatisTransactionContext  - firing event committed...
10:47:16,971 [main] DEBUG org.apache.ibatis.transaction.jdbc.JdbcTransaction  - Resetting autocommit to true on JDBC Connection [conn4: url=jdbc:h2:mem:activiti user=SA]
10:47:16,971 [main] DEBUG org.apache.ibatis.transaction.jdbc.JdbcTransaction  - Closing JDBC Connection [conn4: url=jdbc:h2:mem:activiti user=SA]
10:47:16,971 [main] DEBUG org.apache.ibatis.datasource.pooled.PooledDataSource  - Returned connection 297240765 to pool.
10:47:16,971 [main] DEBUG org.activiti.engine.impl.interceptor.LogInterceptor  - --- StartProcessInstanceCmd finished --------------------------------------------------------
10:47:16,971 [main] DEBUG org.activiti.engine.impl.interceptor.LogInterceptor  - 

10:47:16,971 [main] DEBUG org.activiti.engine.impl.interceptor.LogInterceptor  - 

10:47:16,971 [main] DEBUG org.activiti.engine.impl.interceptor.LogInterceptor  - --- starting ExecutionQueryImpl --------------------------------------------------------
10:47:16,971 [main] DEBUG org.apache.ibatis.transaction.jdbc.JdbcTransaction  - Opening JDBC Connection
10:47:16,971 [main] DEBUG org.apache.ibatis.datasource.pooled.PooledDataSource  - Checked out connection 363509958 from pool.
10:47:16,971 [main] DEBUG org.apache.ibatis.transaction.jdbc.JdbcTransaction  - Setting autocommit to false on JDBC Connection [conn2: url=jdbc:h2:mem:activiti user=SA]
10:47:16,971 [main] DEBUG org.activiti.engine.impl.persistence.entity.ExecutionEntity.selectExecutionsByQueryCriteria  - ==&gt;  Preparing: select distinct RES.* , P.KEY_ as ProcessDefinitionKey, P.ID_ as ProcessDefinitionId from ACT_RU_EXECUTION RES inner join ACT_RE_PROCDEF P on RES.PROC_DEF_ID_ = P.ID_ WHERE RES.PROC_INST_ID_ = ? and RES.ACT_ID_ = ? and RES.IS_ACTIVE_ = ? order by order by RES.ID_ asc LIMIT ? OFFSET ? 
10:47:16,971 [main] DEBUG org.activiti.engine.impl.interceptor.CommandContext  - Error while closing command context
org.apache.ibatis.exceptions.PersistenceException: 
### Error querying database.  Cause: org.h2.jdbc.JdbcSQLException: Syntax error in SQL statement &quot;SELECT DISTINCT RES.* , P.KEY_ AS PROCESSDEFINITIONKEY, P.ID_ AS PROCESSDEFINITIONID
       
    FROM ACT_RU_EXECUTION RES
    INNER JOIN ACT_RE_PROCDEF P ON RES.PROC_DEF_ID_ = P.ID_
     
     
     
     
     
     
     WHERE  RES.PROC_INST_ID_ = ?
      
      
      
      
      
        AND RES.ACT_ID_ = ? AND RES.IS_ACTIVE_ = ? 
   
   
     ORDER BY  ORDER[*] BY RES.ID_ ASC  
    LIMIT ? OFFSET ? &quot;; expected &quot;=, NOT, EXISTS, INTERSECTS, SELECT, FROM&quot;; SQL statement:
select distinct RES.* , P.KEY_ as ProcessDefinitionKey, P.ID_ as ProcessDefinitionId
       
    from ACT_RU_EXECUTION RES
    inner join ACT_RE_PROCDEF P on RES.PROC_DEF_ID_ = P.ID_
     
     
     
     
     
     
     WHERE  RES.PROC_INST_ID_ = ?
      
      
      
      
      
        and RES.ACT_ID_ = ? and RES.IS_ACTIVE_ = ? 
   
   
     order by  order by RES.ID_ asc  
    LIMIT ? OFFSET ? [42001-176]
### The error may exist in org/activiti/db/mapping/entity/Execution.xml
### The error may involve org.activiti.engine.impl.persistence.entity.ExecutionEntity.selectExecutionsByQueryCriteria
### The error occurred while executing a query
### SQL: select distinct RES.* , P.KEY_ as ProcessDefinitionKey, P.ID_ as ProcessDefinitionId             from ACT_RU_EXECUTION RES     inner join ACT_RE_PROCDEF P on RES.PROC_DEF_ID_ = P.ID_                                          WHERE  RES.PROC_INST_ID_ = ?                                            and RES.ACT_ID_ = ? and RES.IS_ACTIVE_ = ?               order by  order by RES.ID_ asc       LIMIT ? OFFSET ?
### Cause: org.h2.jdbc.JdbcSQLException: Syntax error in SQL statement &quot;SELECT DISTINCT RES.* , P.KEY_ AS PROCESSDEFINITIONKEY, P.ID_ AS PROCESSDEFINITIONID
       
    FROM ACT_RU_EXECUTION RES
    INNER JOIN ACT_RE_PROCDEF P ON RES.PROC_DEF_ID_ = P.ID_
     
     
     
     
     
     
     WHERE  RES.PROC_INST_ID_ = ?
      
      
      
      
      
        AND RES.ACT_ID_ = ? AND RES.IS_ACTIVE_ = ? 
   
   
     ORDER BY  ORDER[*] BY RES.ID_ ASC  
    LIMIT ? OFFSET ? &quot;; expected &quot;=, NOT, EXISTS, INTERSECTS, SELECT, FROM&quot;; SQL statement:
select distinct RES.* , P.KEY_ as ProcessDefinitionKey, P.ID_ as ProcessDefinitionId
       
    from ACT_RU_EXECUTION RES
    inner join ACT_RE_PROCDEF P on RES.PROC_DEF_ID_ = P.ID_
     
     
     
     
     
     
     WHERE  RES.PROC_INST_ID_ = ?
      
      
      
      
      
        and RES.ACT_ID_ = ? and RES.IS_ACTIVE_ = ? 
   
   
     order by  order by RES.ID_ asc  
    LIMIT ? OFFSET ? [42001-176]
	at org.apache.ibatis.exceptions.ExceptionFactory.wrapException(ExceptionFactory.java:30)
	at org.apache.ibatis.session.defaults.DefaultSqlSession.selectList(DefaultSqlSession.java:122)
	at org.apache.ibatis.session.defaults.DefaultSqlSession.selectList(DefaultSqlSession.java:113)
	at org.activiti.engine.impl.db.DbSqlSession.selectListWithRawParameter(DbSqlSession.java:438)
	at org.activiti.engine.impl.db.DbSqlSession.selectList(DbSqlSession.java:429)
	at org.activiti.engine.impl.db.DbSqlSession.selectList(DbSqlSession.java:419)
	at org.activiti.engine.impl.persistence.entity.ExecutionEntityManager.findExecutionsByQueryCriteria(ExecutionEntityManager.java:118)
	at org.activiti.engine.impl.ExecutionQueryImpl.executeList(ExecutionQueryImpl.java:303)
	at org.activiti.engine.impl.AbstractQuery.executeSingleResult(AbstractQuery.java:183)
	at org.activiti.engine.impl.AbstractQuery.execute(AbstractQuery.java:166)
	at org.activiti.engine.impl.interceptor.CommandInvoker.execute(CommandInvoker.java:24)
	at org.activiti.engine.impl.interceptor.CommandContextInterceptor.execute(CommandContextInterceptor.java:57)
	at org.activiti.engine.impl.interceptor.LogInterceptor.execute(LogInterceptor.java:37)
	at org.activiti.engine.impl.cfg.CommandExecutorImpl.execute(CommandExecutorImpl.java:40)
	at org.activiti.engine.impl.cfg.CommandExecutorImpl.execute(CommandExecutorImpl.java:35)
	at org.activiti.engine.impl.AbstractQuery.singleResult(AbstractQuery.java:129)
	at org.activiti.engine.test.db.ProcessInstanceMigrationTest.testSetProcessDefinitionVersion(ProcessInstanceMigrationTest.java:163)
	at sun.reflect.NativeMethodAccessorImpl.invoke0(Native Method)
	at sun.reflect.NativeMethodAccessorImpl.invoke(NativeMethodAccessorImpl.java:62)
	at sun.reflect.DelegatingMethodAccessorImpl.invoke(DelegatingMethodAccessorImpl.java:43)
	at java.lang.reflect.Method.invoke(Method.java:498)
	at junit.framework.TestCase.runTest(TestCase.java:176)
	at org.activiti.engine.impl.test.PvmTestCase.runTest(PvmTestCase.java:65)
	at junit.framework.TestCase.runBare(TestCase.java:141)
	at org.activiti.engine.impl.test.AbstractActivitiTestCase.runBare(AbstractActivitiTestCase.java:100)
	at junit.framework.TestResult$1.protect(TestResult.java:122)
	at junit.framework.TestResult.runProtected(TestResult.java:142)
	at junit.framework.TestResult.run(TestResult.java:125)
	at junit.framework.TestCase.run(TestCase.java:129)
	at junit.framework.TestSuite.runTest(TestSuite.java:255)
	at junit.framework.TestSuite.run(TestSuite.java:250)
	at org.junit.internal.runners.JUnit38ClassRunner.run(JUnit38ClassRunner.java:84)
	at org.apache.maven.surefire.junit4.JUnit4TestSet.execute(JUnit4TestSet.java:35)
	at org.apache.maven.surefire.junit4.JUnit4Provider.executeTestSet(JUnit4Provider.java:146)
	at org.apache.maven.surefire.junit4.JUnit4Provider.invoke(JUnit4Provider.java:97)
	at sun.reflect.NativeMethodAccessorImpl.invoke0(Native Method)
	at sun.reflect.NativeMethodAccessorImpl.invoke(NativeMethodAccessorImpl.java:62)
	at sun.reflect.DelegatingMethodAccessorImpl.invoke(DelegatingMethodAccessorImpl.java:43)
	at java.lang.reflect.Method.invoke(Method.java:498)
	at org.apache.maven.surefire.booter.ProviderFactory$ClassLoaderProxy.invoke(ProviderFactory.java:103)
	at com.sun.proxy.$Proxy0.invoke(Unknown Source)
	at org.apache.maven.surefire.booter.SurefireStarter.invokeProvider(SurefireStarter.java:145)
	at org.apache.maven.surefire.booter.SurefireStarter.runSuitesInProcess(SurefireStarter.java:87)
	at org.apache.maven.surefire.booter.ForkedBooter.main(ForkedBooter.java:69)
Caused by: org.h2.jdbc.JdbcSQLException: Syntax error in SQL statement &quot;SELECT DISTINCT RES.* , P.KEY_ AS PROCESSDEFINITIONKEY, P.ID_ AS PROCESSDEFINITIONID
       
    FROM ACT_RU_EXECUTION RES
    INNER JOIN ACT_RE_PROCDEF P ON RES.PROC_DEF_ID_ = P.ID_
     
     
     
     
     
     
     WHERE  RES.PROC_INST_ID_ = ?
      
      
      
      
      
        AND RES.ACT_ID_ = ? AND RES.IS_ACTIVE_ = ? 
   
   
     ORDER BY  ORDER[*] BY RES.ID_ ASC  
    LIMIT ? OFFSET ? &quot;; expected &quot;=, NOT, EXISTS, INTERSECTS, SELECT, FROM&quot;; SQL statement:
select distinct RES.* , P.KEY_ as ProcessDefinitionKey, P.ID_ as ProcessDefinitionId
       
    from ACT_RU_EXECUTION RES
    inner join ACT_RE_PROCDEF P on RES.PROC_DEF_ID_ = P.ID_
     
     
     
     
     
     
     WHERE  RES.PROC_INST_ID_ = ?
      
      
      
      
      
        and RES.ACT_ID_ = ? and RES.IS_ACTIVE_ = ? 
   
   
     order by  order by RES.ID_ asc  
    LIMIT ? OFFSET ? [42001-176]
	at org.h2.message.DbException.getJdbcSQLException(DbException.java:344)
	at org.h2.message.DbException.getSyntaxError(DbException.java:204)
	at org.h2.command.Parser.getSyntaxError(Parser.java:524)
	at org.h2.command.Parser.readTerm(Parser.java:2688)
	at org.h2.command.Parser.readFactor(Parser.java:2244)
	at org.h2.command.Parser.readSum(Parser.java:2231)
	at org.h2.command.Parser.readConcat(Parser.java:2201)
	at org.h2.command.Parser.readCondition(Parser.java:2051)
	at org.h2.command.Parser.readAnd(Parser.java:2023)
	at org.h2.command.Parser.readExpression(Parser.java:2015)
	at org.h2.command.Parser.parseEndOfQuery(Parser.java:1726)
	at org.h2.command.Parser.parseSelectUnionExtension(Parser.java:1706)
	at org.h2.command.Parser.parseSelectUnion(Parser.java:1675)
	at org.h2.command.Parser.parseSelect(Parser.java:1662)
	at org.h2.command.Parser.parsePrepared(Parser.java:434)
	at org.h2.command.Parser.parse(Parser.java:306)
	at org.h2.command.Parser.parse(Parser.java:282)
	at org.h2.command.Parser.prepareCommand(Parser.java:243)
	at org.h2.engine.Session.prepareLocal(Session.java:442)
	at org.h2.engine.Session.prepareCommand(Session.java:384)
	at org.h2.jdbc.JdbcConnection.prepareCommand(JdbcConnection.java:1188)
	at org.h2.jdbc.JdbcPreparedStatement.&lt;init&gt;(JdbcPreparedStatement.java:73)
	at org.h2.jdbc.JdbcConnection.prepareStatement(JdbcConnection.java:276)
	at sun.reflect.GeneratedMethodAccessor6.invoke(Unknown Source)
	at sun.reflect.DelegatingMethodAccessorImpl.invoke(DelegatingMethodAccessorImpl.java:43)
	at java.lang.reflect.Method.invoke(Method.java:498)
	at org.apache.ibatis.datasource.pooled.PooledConnection.invoke(PooledConnection.java:245)
	at com.sun.proxy.$Proxy12.prepareStatement(Unknown Source)
	at sun.reflect.GeneratedMethodAccessor6.invoke(Unknown Source)
	at sun.reflect.DelegatingMethodAccessorImpl.invoke(DelegatingMethodAccessorImpl.java:43)
	at java.lang.reflect.Method.invoke(Method.java:498)
	at org.apache.ibatis.logging.jdbc.ConnectionLogger.invoke(ConnectionLogger.java:55)
	at com.sun.proxy.$Proxy12.prepareStatement(Unknown Source)
	at org.apache.ibatis.executor.statement.PreparedStatementHandler.instantiateStatement(PreparedStatementHandler.java:79)
	at org.apache.ibatis.executor.statement.BaseStatementHandler.prepare(BaseStatementHandler.java:88)
	at org.apache.ibatis.executor.statement.RoutingStatementHandler.prepare(RoutingStatementHandler.java:58)
	at org.apache.ibatis.executor.SimpleExecutor.prepareStatement(SimpleExecutor.java:76)
	at org.apache.ibatis.executor.SimpleExecutor.doQuery(SimpleExecutor.java:61)
	at org.apache.ibatis.executor.BaseExecutor.queryFromDatabase(BaseExecutor.java:303)
	at org.apache.ibatis.executor.BaseExecutor.query(BaseExecutor.java:154)
	at org.apache.ibatis.executor.CachingExecutor.query(CachingExecutor.java:102)
	at org.apache.ibatis.executor.CachingExecutor.query(CachingExecutor.java:82)
	at org.apache.ibatis.session.defaults.DefaultSqlSession.selectList(DefaultSqlSession.java:120)
	... 42 more
10:47:16,972 [main] DEBUG org.activiti.engine.impl.cfg.standalone.StandaloneMybatisTransactionContext  - firing event rolling back...
10:47:16,972 [main] DEBUG org.activiti.engine.impl.cfg.standalone.StandaloneMybatisTransactionContext  - rolling back ibatis sql session...
10:47:16,972 [main] DEBUG org.activiti.engine.impl.cfg.standalone.StandaloneMybatisTransactionContext  - firing event rolled back...
10:47:16,972 [main] DEBUG org.apache.ibatis.transaction.jdbc.JdbcTransaction  - Resetting autocommit to true on JDBC Connection [conn2: url=jdbc:h2:mem:activiti user=SA]
10:47:16,972 [main] DEBUG org.apache.ibatis.transaction.jdbc.JdbcTransaction  - Closing JDBC Connection [conn2: url=jdbc:h2:mem:activiti user=SA]
10:47:16,972 [main] DEBUG org.apache.ibatis.datasource.pooled.PooledDataSource  - Returned connection 363509958 to pool.
10:47:16,972 [main] DEBUG org.activiti.engine.impl.interceptor.LogInterceptor  - --- ExecutionQueryImpl finished --------------------------------------------------------
10:47:16,972 [main] DEBUG org.activiti.engine.impl.interceptor.LogInterceptor  - 

10:47:16,972 [main] ERROR org.activiti.engine.impl.test.PvmTestCase  - 

10:47:16,972 [main] ERROR org.activiti.engine.impl.test.PvmTestCase  - EXCEPTION: org.apache.ibatis.exceptions.PersistenceException: 
### Error querying database.  Cause: org.h2.jdbc.JdbcSQLException: Syntax error in SQL statement &quot;SELECT DISTINCT RES.* , P.KEY_ AS PROCESSDEFINITIONKEY, P.ID_ AS PROCESSDEFINITIONID
       
    FROM ACT_RU_EXECUTION RES
    INNER JOIN ACT_RE_PROCDEF P ON RES.PROC_DEF_ID_ = P.ID_
     
     
     
     
     
     
     WHERE  RES.PROC_INST_ID_ = ?
      
      
      
      
      
        AND RES.ACT_ID_ = ? AND RES.IS_ACTIVE_ = ? 
   
   
     ORDER BY  ORDER[*] BY RES.ID_ ASC  
    LIMIT ? OFFSET ? &quot;; expected &quot;=, NOT, EXISTS, INTERSECTS, SELECT, FROM&quot;; SQL statement:
select distinct RES.* , P.KEY_ as ProcessDefinitionKey, P.ID_ as ProcessDefinitionId
       
    from ACT_RU_EXECUTION RES
    inner join ACT_RE_PROCDEF P on RES.PROC_DEF_ID_ = P.ID_
     
     
     
     
     
     
     WHERE  RES.PROC_INST_ID_ = ?
      
      
      
      
      
        and RES.ACT_ID_ = ? and RES.IS_ACTIVE_ = ? 
   
   
     order by  order by RES.ID_ asc  
    LIMIT ? OFFSET ? [42001-176]
### The error may exist in org/activiti/db/mapping/entity/Execution.xml
### The error may involve org.activiti.engine.impl.persistence.entity.ExecutionEntity.selectExecutionsByQueryCriteria
### The error occurred while executing a query
### SQL: select distinct RES.* , P.KEY_ as ProcessDefinitionKey, P.ID_ as ProcessDefinitionId             from ACT_RU_EXECUTION RES     inner join ACT_RE_PROCDEF P on RES.PROC_DEF_ID_ = P.ID_                                          WHERE  RES.PROC_INST_ID_ = ?                                            and RES.ACT_ID_ = ? and RES.IS_ACTIVE_ = ?               order by  order by RES.ID_ asc       LIMIT ? OFFSET ?
### Cause: org.h2.jdbc.JdbcSQLException: Syntax error in SQL statement &quot;SELECT DISTINCT RES.* , P.KEY_ AS PROCESSDEFINITIONKEY, P.ID_ AS PROCESSDEFINITIONID
       
    FROM ACT_RU_EXECUTION RES
    INNER JOIN ACT_RE_PROCDEF P ON RES.PROC_DEF_ID_ = P.ID_
     
     
     
     
     
     
     WHERE  RES.PROC_INST_ID_ = ?
      
      
      
      
      
        AND RES.ACT_ID_ = ? AND RES.IS_ACTIVE_ = ? 
   
   
     ORDER BY  ORDER[*] BY RES.ID_ ASC  
    LIMIT ? OFFSET ? &quot;; expected &quot;=, NOT, EXISTS, INTERSECTS, SELECT, FROM&quot;; SQL statement:
select distinct RES.* , P.KEY_ as ProcessDefinitionKey, P.ID_ as ProcessDefinitionId
       
    from ACT_RU_EXECUTION RES
    inner join ACT_RE_PROCDEF P on RES.PROC_DEF_ID_ = P.ID_
     
     
     
     
     
     
     WHERE  RES.PROC_INST_ID_ = ?
      
      
      
      
      
        and RES.ACT_ID_ = ? and RES.IS_ACTIVE_ = ? 
   
   
     order by  order by RES.ID_ asc  
    LIMIT ? OFFSET ? [42001-176]
org.apache.ibatis.exceptions.PersistenceException: 
### Error querying database.  Cause: org.h2.jdbc.JdbcSQLException: Syntax error in SQL statement &quot;SELECT DISTINCT RES.* , P.KEY_ AS PROCESSDEFINITIONKEY, P.ID_ AS PROCESSDEFINITIONID
       
    FROM ACT_RU_EXECUTION RES
    INNER JOIN ACT_RE_PROCDEF P ON RES.PROC_DEF_ID_ = P.ID_
     
     
     
     
     
     
     WHERE  RES.PROC_INST_ID_ = ?
      
      
      
      
      
        AND RES.ACT_ID_ = ? AND RES.IS_ACTIVE_ = ? 
   
   
     ORDER BY  ORDER[*] BY RES.ID_ ASC  
    LIMIT ? OFFSET ? &quot;; expected &quot;=, NOT, EXISTS, INTERSECTS, SELECT, FROM&quot;; SQL statement:
select distinct RES.* , P.KEY_ as ProcessDefinitionKey, P.ID_ as ProcessDefinitionId
       
    from ACT_RU_EXECUTION RES
    inner join ACT_RE_PROCDEF P on RES.PROC_DEF_ID_ = P.ID_
     
     
     
     
     
     
     WHERE  RES.PROC_INST_ID_ = ?
      
      
      
      
      
        and RES.ACT_ID_ = ? and RES.IS_ACTIVE_ = ? 
   
   
     order by  order by RES.ID_ asc  
    LIMIT ? OFFSET ? [42001-176]
### The error may exist in org/activiti/db/mapping/entity/Execution.xml
### The error may involve org.activiti.engine.impl.persistence.entity.ExecutionEntity.selectExecutionsByQueryCriteria
### The error occurred while executing a query
### SQL: select distinct RES.* , P.KEY_ as ProcessDefinitionKey, P.ID_ as ProcessDefinitionId             from ACT_RU_EXECUTION RES     inner join ACT_RE_PROCDEF P on RES.PROC_DEF_ID_ = P.ID_                                          WHERE  RES.PROC_INST_ID_ = ?                                            and RES.ACT_ID_ = ? and RES.IS_ACTIVE_ = ?               order by  order by RES.ID_ asc       LIMIT ? OFFSET ?
### Cause: org.h2.jdbc.JdbcSQLException: Syntax error in SQL statement &quot;SELECT DISTINCT RES.* , P.KEY_ AS PROCESSDEFINITIONKEY, P.ID_ AS PROCESSDEFINITIONID
       
    FROM ACT_RU_EXECUTION RES
    INNER JOIN ACT_RE_PROCDEF P ON RES.PROC_DEF_ID_ = P.ID_
     
     
     
     
     
     
     WHERE  RES.PROC_INST_ID_ = ?
      
      
      
      
      
        AND RES.ACT_ID_ = ? AND RES.IS_ACTIVE_ = ? 
   
   
     ORDER BY  ORDER[*] BY RES.ID_ ASC  
    LIMIT ? OFFSET ? &quot;; expected &quot;=, NOT, EXISTS, INTERSECTS, SELECT, FROM&quot;; SQL statement:
select distinct RES.* , P.KEY_ as ProcessDefinitionKey, P.ID_ as ProcessDefinitionId
       
    from ACT_RU_EXECUTION RES
    inner join ACT_RE_PROCDEF P on RES.PROC_DEF_ID_ = P.ID_
     
     
     
     
     
     
     WHERE  RES.PROC_INST_ID_ = ?
      
      
      
      
      
        and RES.ACT_ID_ = ? and RES.IS_ACTIVE_ = ? 
   
   
     order by  order by RES.ID_ asc  
    LIMIT ? OFFSET ? [42001-176]
	at org.apache.ibatis.exceptions.ExceptionFactory.wrapException(ExceptionFactory.java:30)
	at org.apache.ibatis.session.defaults.DefaultSqlSession.selectList(DefaultSqlSession.java:122)
	at org.apache.ibatis.session.defaults.DefaultSqlSession.selectList(DefaultSqlSession.java:113)
	at org.activiti.engine.impl.db.DbSqlSession.selectListWithRawParameter(DbSqlSession.java:438)
	at org.activiti.engine.impl.db.DbSqlSession.selectList(DbSqlSession.java:429)
	at org.activiti.engine.impl.db.DbSqlSession.selectList(DbSqlSession.java:419)
	at org.activiti.engine.impl.persistence.entity.ExecutionEntityManager.findExecutionsByQueryCriteria(ExecutionEntityManager.java:118)
	at org.activiti.engine.impl.ExecutionQueryImpl.executeList(ExecutionQueryImpl.java:303)
	at org.activiti.engine.impl.AbstractQuery.executeSingleResult(AbstractQuery.java:183)
	at org.activiti.engine.impl.AbstractQuery.execute(AbstractQuery.java:166)
	at org.activiti.engine.impl.interceptor.CommandInvoker.execute(CommandInvoker.java:24)
	at org.activiti.engine.impl.interceptor.CommandContextInterceptor.execute(CommandContextInterceptor.java:57)
	at org.activiti.engine.impl.interceptor.LogInterceptor.execute(LogInterceptor.java:37)
	at org.activiti.engine.impl.cfg.CommandExecutorImpl.execute(CommandExecutorImpl.java:40)
	at org.activiti.engine.impl.cfg.CommandExecutorImpl.execute(CommandExecutorImpl.java:35)
	at org.activiti.engine.impl.AbstractQuery.singleResult(AbstractQuery.java:129)
	at org.activiti.engine.test.db.ProcessInstanceMigrationTest.testSetProcessDefinitionVersion(ProcessInstanceMigrationTest.java:163)
	at sun.reflect.NativeMethodAccessorImpl.invoke0(Native Method)
	at sun.reflect.NativeMethodAccessorImpl.invoke(NativeMethodAccessorImpl.java:62)
	at sun.reflect.DelegatingMethodAccessorImpl.invoke(DelegatingMethodAccessorImpl.java:43)
	at java.lang.reflect.Method.invoke(Method.java:498)
	at junit.framework.TestCase.runTest(TestCase.java:176)
	at org.activiti.engine.impl.test.PvmTestCase.runTest(PvmTestCase.java:65)
	at junit.framework.TestCase.runBare(TestCase.java:141)
	at org.activiti.engine.impl.test.AbstractActivitiTestCase.runBare(AbstractActivitiTestCase.java:100)
	at junit.framework.TestResult$1.protect(TestResult.java:122)
	at junit.framework.TestResult.runProtected(TestResult.java:142)
	at junit.framework.TestResult.run(TestResult.java:125)
	at junit.framework.TestCase.run(TestCase.java:129)
	at junit.framework.TestSuite.runTest(TestSuite.java:255)
	at junit.framework.TestSuite.run(TestSuite.java:250)
	at org.junit.internal.runners.JUnit38ClassRunner.run(JUnit38ClassRunner.java:84)
	at org.apache.maven.surefire.junit4.JUnit4TestSet.execute(JUnit4TestSet.java:35)
	at org.apache.maven.surefire.junit4.JUnit4Provider.executeTestSet(JUnit4Provider.java:146)
	at org.apache.maven.surefire.junit4.JUnit4Provider.invoke(JUnit4Provider.java:97)
	at sun.reflect.NativeMethodAccessorImpl.invoke0(Native Method)
	at sun.reflect.NativeMethodAccessorImpl.invoke(NativeMethodAccessorImpl.java:62)
	at sun.reflect.DelegatingMethodAccessorImpl.invoke(DelegatingMethodAccessorImpl.java:43)
	at java.lang.reflect.Method.invoke(Method.java:498)
	at org.apache.maven.surefire.booter.ProviderFactory$ClassLoaderProxy.invoke(ProviderFactory.java:103)
	at com.sun.proxy.$Proxy0.invoke(Unknown Source)
	at org.apache.maven.surefire.booter.SurefireStarter.invokeProvider(SurefireStarter.java:145)
	at org.apache.maven.surefire.booter.SurefireStarter.runSuitesInProcess(SurefireStarter.java:87)
	at org.apache.maven.surefire.booter.ForkedBooter.main(ForkedBooter.java:69)
Caused by: org.h2.jdbc.JdbcSQLException: Syntax error in SQL statement &quot;SELECT DISTINCT RES.* , P.KEY_ AS PROCESSDEFINITIONKEY, P.ID_ AS PROCESSDEFINITIONID
       
    FROM ACT_RU_EXECUTION RES
    INNER JOIN ACT_RE_PROCDEF P ON RES.PROC_DEF_ID_ = P.ID_
     
     
     
     
     
     
     WHERE  RES.PROC_INST_ID_ = ?
      
      
      
      
      
        AND RES.ACT_ID_ = ? AND RES.IS_ACTIVE_ = ? 
   
   
     ORDER BY  ORDER[*] BY RES.ID_ ASC  
    LIMIT ? OFFSET ? &quot;; expected &quot;=, NOT, EXISTS, INTERSECTS, SELECT, FROM&quot;; SQL statement:
select distinct RES.* , P.KEY_ as ProcessDefinitionKey, P.ID_ as ProcessDefinitionId
       
    from ACT_RU_EXECUTION RES
    inner join ACT_RE_PROCDEF P on RES.PROC_DEF_ID_ = P.ID_
     
     
     
     
     
     
     WHERE  RES.PROC_INST_ID_ = ?
      
      
      
      
      
        and RES.ACT_ID_ = ? and RES.IS_ACTIVE_ = ? 
   
   
     order by  order by RES.ID_ asc  
    LIMIT ? OFFSET ? [42001-176]
	at org.h2.message.DbException.getJdbcSQLException(DbException.java:344)
	at org.h2.message.DbException.getSyntaxError(DbException.java:204)
	at org.h2.command.Parser.getSyntaxError(Parser.java:524)
	at org.h2.command.Parser.readTerm(Parser.java:2688)
	at org.h2.command.Parser.readFactor(Parser.java:2244)
	at org.h2.command.Parser.readSum(Parser.java:2231)
	at org.h2.command.Parser.readConcat(Parser.java:2201)
	at org.h2.command.Parser.readCondition(Parser.java:2051)
	at org.h2.command.Parser.readAnd(Parser.java:2023)
	at org.h2.command.Parser.readExpression(Parser.java:2015)
	at org.h2.command.Parser.parseEndOfQuery(Parser.java:1726)
	at org.h2.command.Parser.parseSelectUnionExtension(Parser.java:1706)
	at org.h2.command.Parser.parseSelectUnion(Parser.java:1675)
	at org.h2.command.Parser.parseSelect(Parser.java:1662)
	at org.h2.command.Parser.parsePrepared(Parser.java:434)
	at org.h2.command.Parser.parse(Parser.java:306)
	at org.h2.command.Parser.parse(Parser.java:282)
	at org.h2.command.Parser.prepareCommand(Parser.java:243)
	at org.h2.engine.Session.prepareLocal(Session.java:442)
	at org.h2.engine.Session.prepareCommand(Session.java:384)
	at org.h2.jdbc.JdbcConnection.prepareCommand(JdbcConnection.java:1188)
	at org.h2.jdbc.JdbcPreparedStatement.&lt;init&gt;(JdbcPreparedStatement.java:73)
	at org.h2.jdbc.JdbcConnection.prepareStatement(JdbcConnection.java:276)
	at sun.reflect.GeneratedMethodAccessor6.invoke(Unknown Source)
	at sun.reflect.DelegatingMethodAccessorImpl.invoke(DelegatingMethodAccessorImpl.java:43)
	at java.lang.reflect.Method.invoke(Method.java:498)
	at org.apache.ibatis.datasource.pooled.PooledConnection.invoke(PooledConnection.java:245)
	at com.sun.proxy.$Proxy12.prepareStatement(Unknown Source)
	at sun.reflect.GeneratedMethodAccessor6.invoke(Unknown Source)
	at sun.reflect.DelegatingMethodAccessorImpl.invoke(DelegatingMethodAccessorImpl.java:43)
	at java.lang.reflect.Method.invoke(Method.java:498)
	at org.apache.ibatis.logging.jdbc.ConnectionLogger.invoke(ConnectionLogger.java:55)
	at com.sun.proxy.$Proxy12.prepareStatement(Unknown Source)
	at org.apache.ibatis.executor.statement.PreparedStatementHandler.instantiateStatement(PreparedStatementHandler.java:79)
	at org.apache.ibatis.executor.statement.BaseStatementHandler.prepare(BaseStatementHandler.java:88)
	at org.apache.ibatis.executor.statement.RoutingStatementHandler.prepare(RoutingStatementHandler.java:58)
	at org.apache.ibatis.executor.SimpleExecutor.prepareStatement(SimpleExecutor.java:76)
	at org.apache.ibatis.executor.SimpleExecutor.doQuery(SimpleExecutor.java:61)
	at org.apache.ibatis.executor.BaseExecutor.queryFromDatabase(BaseExecutor.java:303)
	at org.apache.ibatis.executor.BaseExecutor.query(BaseExecutor.java:154)
	at org.apache.ibatis.executor.CachingExecutor.query(CachingExecutor.java:102)
	at org.apache.ibatis.executor.CachingExecutor.query(CachingExecutor.java:82)
	at org.apache.ibatis.session.defaults.DefaultSqlSession.selectList(DefaultSqlSession.java:120)
	... 42 more
10:47:16,972 [main] DEBUG org.activiti.engine.impl.test.PvmTestCase  - #### END ProcessInstanceMigrationTest.testSetProcessDefinitionVersion #############################################################
10:47:16,972 [main] ERROR org.activiti.engine.impl.test.PvmTestCase  - 

10:47:16,972 [main] ERROR org.activiti.engine.impl.test.PvmTestCase  - EXCEPTION: org.apache.ibatis.exceptions.PersistenceException: 
### Error querying database.  Cause: org.h2.jdbc.JdbcSQLException: Syntax error in SQL statement &quot;SELECT DISTINCT RES.* , P.KEY_ AS PROCESSDEFINITIONKEY, P.ID_ AS PROCESSDEFINITIONID
       
    FROM ACT_RU_EXECUTION RES
    INNER JOIN ACT_RE_PROCDEF P ON RES.PROC_DEF_ID_ = P.ID_
     
     
     
     
     
     
     WHERE  RES.PROC_INST_ID_ = ?
      
      
      
      
      
        AND RES.ACT_ID_ = ? AND RES.IS_ACTIVE_ = ? 
   
   
     ORDER BY  ORDER[*] BY RES.ID_ ASC  
    LIMIT ? OFFSET ? &quot;; expected &quot;=, NOT, EXISTS, INTERSECTS, SELECT, FROM&quot;; SQL statement:
select distinct RES.* , P.KEY_ as ProcessDefinitionKey, P.ID_ as ProcessDefinitionId
       
    from ACT_RU_EXECUTION RES
    inner join ACT_RE_PROCDEF P on RES.PROC_DEF_ID_ = P.ID_
     
     
     
     
     
     
     WHERE  RES.PROC_INST_ID_ = ?
      
      
      
      
      
        and RES.ACT_ID_ = ? and RES.IS_ACTIVE_ = ? 
   
   
     order by  order by RES.ID_ asc  
    LIMIT ? OFFSET ? [42001-176]
### The error may exist in org/activiti/db/mapping/entity/Execution.xml
### The error may involve org.activiti.engine.impl.persistence.entity.ExecutionEntity.selectExecutionsByQueryCriteria
### The error occurred while executing a query
### SQL: select distinct RES.* , P.KEY_ as ProcessDefinitionKey, P.ID_ as ProcessDefinitionId             from ACT_RU_EXECUTION RES     inner join ACT_RE_PROCDEF P on RES.PROC_DEF_ID_ = P.ID_                                          WHERE  RES.PROC_INST_ID_ = ?                                            and RES.ACT_ID_ = ? and RES.IS_ACTIVE_ = ?               order by  order by RES.ID_ asc       LIMIT ? OFFSET ?
### Cause: org.h2.jdbc.JdbcSQLException: Syntax error in SQL statement &quot;SELECT DISTINCT RES.* , P.KEY_ AS PROCESSDEFINITIONKEY, P.ID_ AS PROCESSDEFINITIONID
       
    FROM ACT_RU_EXECUTION RES
    INNER JOIN ACT_RE_PROCDEF P ON RES.PROC_DEF_ID_ = P.ID_
     
     
     
     
     
     
     WHERE  RES.PROC_INST_ID_ = ?
      
      
      
      
      
        AND RES.ACT_ID_ = ? AND RES.IS_ACTIVE_ = ? 
   
   
     ORDER BY  ORDER[*] BY RES.ID_ ASC  
    LIMIT ? OFFSET ? &quot;; expected &quot;=, NOT, EXISTS, INTERSECTS, SELECT, FROM&quot;; SQL statement:
select distinct RES.* , P.KEY_ as ProcessDefinitionKey, P.ID_ as ProcessDefinitionId
       
    from ACT_RU_EXECUTION RES
    inner join ACT_RE_PROCDEF P on RES.PROC_DEF_ID_ = P.ID_
     
     
     
     
     
     
     WHERE  RES.PROC_INST_ID_ = ?
      
      
      
      
      
        and RES.ACT_ID_ = ? and RES.IS_ACTIVE_ = ? 
   
   
     order by  order by RES.ID_ asc  
    LIMIT ? OFFSET ? [42001-176]
org.apache.ibatis.exceptions.PersistenceException: 
### Error querying database.  Cause: org.h2.jdbc.JdbcSQLException: Syntax error in SQL statement &quot;SELECT DISTINCT RES.* , P.KEY_ AS PROCESSDEFINITIONKEY, P.ID_ AS PROCESSDEFINITIONID
       
    FROM ACT_RU_EXECUTION RES
    INNER JOIN ACT_RE_PROCDEF P ON RES.PROC_DEF_ID_ = P.ID_
     
     
     
     
     
     
     WHERE  RES.PROC_INST_ID_ = ?
      
      
      
      
      
        AND RES.ACT_ID_ = ? AND RES.IS_ACTIVE_ = ? 
   
   
     ORDER BY  ORDER[*] BY RES.ID_ ASC  
    LIMIT ? OFFSET ? &quot;; expected &quot;=, NOT, EXISTS, INTERSECTS, SELECT, FROM&quot;; SQL statement:
select distinct RES.* , P.KEY_ as ProcessDefinitionKey, P.ID_ as ProcessDefinitionId
       
    from ACT_RU_EXECUTION RES
    inner join ACT_RE_PROCDEF P on RES.PROC_DEF_ID_ = P.ID_
     
     
     
     
     
     
     WHERE  RES.PROC_INST_ID_ = ?
      
      
      
      
      
        and RES.ACT_ID_ = ? and RES.IS_ACTIVE_ = ? 
   
   
     order by  order by RES.ID_ asc  
    LIMIT ? OFFSET ? [42001-176]
### The error may exist in org/activiti/db/mapping/entity/Execution.xml
### The error may involve org.activiti.engine.impl.persistence.entity.ExecutionEntity.selectExecutionsByQueryCriteria
### The error occurred while executing a query
### SQL: select distinct RES.* , P.KEY_ as ProcessDefinitionKey, P.ID_ as ProcessDefinitionId             from ACT_RU_EXECUTION RES     inner join ACT_RE_PROCDEF P on RES.PROC_DEF_ID_ = P.ID_                                          WHERE  RES.PROC_INST_ID_ = ?                                            and RES.ACT_ID_ = ? and RES.IS_ACTIVE_ = ?               order by  order by RES.ID_ asc       LIMIT ? OFFSET ?
### Cause: org.h2.jdbc.JdbcSQLException: Syntax error in SQL statement &quot;SELECT DISTINCT RES.* , P.KEY_ AS PROCESSDEFINITIONKEY, P.ID_ AS PROCESSDEFINITIONID
       
    FROM ACT_RU_EXECUTION RES
    INNER JOIN ACT_RE_PROCDEF P ON RES.PROC_DEF_ID_ = P.ID_
     
     
     
     
     
     
     WHERE  RES.PROC_INST_ID_ = ?
      
      
      
      
      
        AND RES.ACT_ID_ = ? AND RES.IS_ACTIVE_ = ? 
   
   
     ORDER BY  ORDER[*] BY RES.ID_ ASC  
    LIMIT ? OFFSET ? &quot;; expected &quot;=, NOT, EXISTS, INTERSECTS, SELECT, FROM&quot;; SQL statement:
select distinct RES.* , P.KEY_ as ProcessDefinitionKey, P.ID_ as ProcessDefinitionId
       
    from ACT_RU_EXECUTION RES
    inner join ACT_RE_PROCDEF P on RES.PROC_DEF_ID_ = P.ID_
     
     
     
     
     
     
     WHERE  RES.PROC_INST_ID_ = ?
      
      
      
      
      
        and RES.ACT_ID_ = ? and RES.IS_ACTIVE_ = ? 
   
   
     order by  order by RES.ID_ asc  
    LIMIT ? OFFSET ? [42001-176]
	at org.apache.ibatis.exceptions.ExceptionFactory.wrapException(ExceptionFactory.java:30)
	at org.apache.ibatis.session.defaults.DefaultSqlSession.selectList(DefaultSqlSession.java:122)
	at org.apache.ibatis.session.defaults.DefaultSqlSession.selectList(DefaultSqlSession.java:113)
	at org.activiti.engine.impl.db.DbSqlSession.selectListWithRawParameter(DbSqlSession.java:438)
	at org.activiti.engine.impl.db.DbSqlSession.selectList(DbSqlSession.java:429)
	at org.activiti.engine.impl.db.DbSqlSession.selectList(DbSqlSession.java:419)
	at org.activiti.engine.impl.persistence.entity.ExecutionEntityManager.findExecutionsByQueryCriteria(ExecutionEntityManager.java:118)
	at org.activiti.engine.impl.ExecutionQueryImpl.executeList(ExecutionQueryImpl.java:303)
	at org.activiti.engine.impl.AbstractQuery.executeSingleResult(AbstractQuery.java:183)
	at org.activiti.engine.impl.AbstractQuery.execute(AbstractQuery.java:166)
	at org.activiti.engine.impl.interceptor.CommandInvoker.execute(CommandInvoker.java:24)
	at org.activiti.engine.impl.interceptor.CommandContextInterceptor.execute(CommandContextInterceptor.java:57)
	at org.activiti.engine.impl.interceptor.LogInterceptor.execute(LogInterceptor.java:37)
	at org.activiti.engine.impl.cfg.CommandExecutorImpl.execute(CommandExecutorImpl.java:40)
	at org.activiti.engine.impl.cfg.CommandExecutorImpl.execute(CommandExecutorImpl.java:35)
	at org.activiti.engine.impl.AbstractQuery.singleResult(AbstractQuery.java:129)
	at org.activiti.engine.test.db.ProcessInstanceMigrationTest.testSetProcessDefinitionVersion(ProcessInstanceMigrationTest.java:163)
	at sun.reflect.NativeMethodAccessorImpl.invoke0(Native Method)
	at sun.reflect.NativeMethodAccessorImpl.invoke(NativeMethodAccessorImpl.java:62)
	at sun.reflect.DelegatingMethodAccessorImpl.invoke(DelegatingMethodAccessorImpl.java:43)
	at java.lang.reflect.Method.invoke(Method.java:498)
	at junit.framework.TestCase.runTest(TestCase.java:176)
	at org.activiti.engine.impl.test.PvmTestCase.runTest(PvmTestCase.java:65)
	at junit.framework.TestCase.runBare(TestCase.java:141)
	at org.activiti.engine.impl.test.AbstractActivitiTestCase.runBare(AbstractActivitiTestCase.java:100)
	at junit.framework.TestResult$1.protect(TestResult.java:122)
	at junit.framework.TestResult.runProtected(TestResult.java:142)
	at junit.framework.TestResult.run(TestResult.java:125)
	at junit.framework.TestCase.run(TestCase.java:129)
	at junit.framework.TestSuite.runTest(TestSuite.java:255)
	at junit.framework.TestSuite.run(TestSuite.java:250)
	at org.junit.internal.runners.JUnit38ClassRunner.run(JUnit38ClassRunner.java:84)
	at org.apache.maven.surefire.junit4.JUnit4TestSet.execute(JUnit4TestSet.java:35)
	at org.apache.maven.surefire.junit4.JUnit4Provider.executeTestSet(JUnit4Provider.java:146)
	at org.apache.maven.surefire.junit4.JUnit4Provider.invoke(JUnit4Provider.java:97)
	at sun.reflect.NativeMethodAccessorImpl.invoke0(Native Method)
	at sun.reflect.NativeMethodAccessorImpl.invoke(NativeMethodAccessorImpl.java:62)
	at sun.reflect.DelegatingMethodAccessorImpl.invoke(DelegatingMethodAccessorImpl.java:43)
	at java.lang.reflect.Method.invoke(Method.java:498)
	at org.apache.maven.surefire.booter.ProviderFactory$ClassLoaderProxy.invoke(ProviderFactory.java:103)
	at com.sun.proxy.$Proxy0.invoke(Unknown Source)
	at org.apache.maven.surefire.booter.SurefireStarter.invokeProvider(SurefireStarter.java:145)
	at org.apache.maven.surefire.booter.SurefireStarter.runSuitesInProcess(SurefireStarter.java:87)
	at org.apache.maven.surefire.booter.ForkedBooter.main(ForkedBooter.java:69)
Caused by: org.h2.jdbc.JdbcSQLException: Syntax error in SQL statement &quot;SELECT DISTINCT RES.* , P.KEY_ AS PROCESSDEFINITIONKEY, P.ID_ AS PROCESSDEFINITIONID
       
    FROM ACT_RU_EXECUTION RES
    INNER JOIN ACT_RE_PROCDEF P ON RES.PROC_DEF_ID_ = P.ID_
     
     
     
     
     
     
     WHERE  RES.PROC_INST_ID_ = ?
      
      
      
      
      
        AND RES.ACT_ID_ = ? AND RES.IS_ACTIVE_ = ? 
   
   
     ORDER BY  ORDER[*] BY RES.ID_ ASC  
    LIMIT ? OFFSET ? &quot;; expected &quot;=, NOT, EXISTS, INTERSECTS, SELECT, FROM&quot;; SQL statement:
select distinct RES.* , P.KEY_ as ProcessDefinitionKey, P.ID_ as ProcessDefinitionId
       
    from ACT_RU_EXECUTION RES
    inner join ACT_RE_PROCDEF P on RES.PROC_DEF_ID_ = P.ID_
     
     
     
     
     
     
     WHERE  RES.PROC_INST_ID_ = ?
      
      
      
      
      
        and RES.ACT_ID_ = ? and RES.IS_ACTIVE_ = ? 
   
   
     order by  order by RES.ID_ asc  
    LIMIT ? OFFSET ? [42001-176]
	at org.h2.message.DbException.getJdbcSQLException(DbException.java:344)
	at org.h2.message.DbException.getSyntaxError(DbException.java:204)
	at org.h2.command.Parser.getSyntaxError(Parser.java:524)
	at org.h2.command.Parser.readTerm(Parser.java:2688)
	at org.h2.command.Parser.readFactor(Parser.java:2244)
	at org.h2.command.Parser.readSum(Parser.java:2231)
	at org.h2.command.Parser.readConcat(Parser.java:2201)
	at org.h2.command.Parser.readCondition(Parser.java:2051)
	at org.h2.command.Parser.readAnd(Parser.java:2023)
	at org.h2.command.Parser.readExpression(Parser.java:2015)
	at org.h2.command.Parser.parseEndOfQuery(Parser.java:1726)
	at org.h2.command.Parser.parseSelectUnionExtension(Parser.java:1706)
	at org.h2.command.Parser.parseSelectUnion(Parser.java:1675)
	at org.h2.command.Parser.parseSelect(Parser.java:1662)
	at org.h2.command.Parser.parsePrepared(Parser.java:434)
	at org.h2.command.Parser.parse(Parser.java:306)
	at org.h2.command.Parser.parse(Parser.java:282)
	at org.h2.command.Parser.prepareCommand(Parser.java:243)
	at org.h2.engine.Session.prepareLocal(Session.java:442)
	at org.h2.engine.Session.prepareCommand(Session.java:384)
	at org.h2.jdbc.JdbcConnection.prepareCommand(JdbcConnection.java:1188)
	at org.h2.jdbc.JdbcPreparedStatement.&lt;init&gt;(JdbcPreparedStatement.java:73)
	at org.h2.jdbc.JdbcConnection.prepareStatement(JdbcConnection.java:276)
	at sun.reflect.GeneratedMethodAccessor6.invoke(Unknown Source)
	at sun.reflect.DelegatingMethodAccessorImpl.invoke(DelegatingMethodAccessorImpl.java:43)
	at java.lang.reflect.Method.invoke(Method.java:498)
	at org.apache.ibatis.datasource.pooled.PooledConnection.invoke(PooledConnection.java:245)
	at com.sun.proxy.$Proxy12.prepareStatement(Unknown Source)
	at sun.reflect.GeneratedMethodAccessor6.invoke(Unknown Source)
	at sun.reflect.DelegatingMethodAccessorImpl.invoke(DelegatingMethodAccessorImpl.java:43)
	at java.lang.reflect.Method.invoke(Method.java:498)
	at org.apache.ibatis.logging.jdbc.ConnectionLogger.invoke(ConnectionLogger.java:55)
	at com.sun.proxy.$Proxy12.prepareStatement(Unknown Source)
	at org.apache.ibatis.executor.statement.PreparedStatementHandler.instantiateStatement(PreparedStatementHandler.java:79)
	at org.apache.ibatis.executor.statement.BaseStatementHandler.prepare(BaseStatementHandler.java:88)
	at org.apache.ibatis.executor.statement.RoutingStatementHandler.prepare(RoutingStatementHandler.java:58)
	at org.apache.ibatis.executor.SimpleExecutor.prepareStatement(SimpleExecutor.java:76)
	at org.apache.ibatis.executor.SimpleExecutor.doQuery(SimpleExecutor.java:61)
	at org.apache.ibatis.executor.BaseExecutor.queryFromDatabase(BaseExecutor.java:303)
	at org.apache.ibatis.executor.BaseExecutor.query(BaseExecutor.java:154)
	at org.apache.ibatis.executor.CachingExecutor.query(CachingExecutor.java:102)
	at org.apache.ibatis.executor.CachingExecutor.query(CachingExecutor.java:82)
	at org.apache.ibatis.session.defaults.DefaultSqlSession.selectList(DefaultSqlSession.java:120)
	... 42 more
10:47:16,972 [main] DEBUG org.activiti.engine.impl.test.TestHelper  - annotation @Deployment deletes deployment for ProcessInstanceMigrationTest.testSetProcessDefinitionVersion
10:47:16,972 [main] DEBUG org.activiti.engine.impl.interceptor.LogInterceptor  - 

10:47:16,972 [main] DEBUG org.activiti.engine.impl.interceptor.LogInterceptor  - --- starting DeleteDeploymentCmd --------------------------------------------------------
10:47:16,972 [main] DEBUG org.apache.ibatis.transaction.jdbc.JdbcTransaction  - Opening JDBC Connection
10:47:16,972 [main] DEBUG org.apache.ibatis.datasource.pooled.PooledDataSource  - Checked out connection 180014677 from pool.
10:47:16,972 [main] DEBUG org.apache.ibatis.transaction.jdbc.JdbcTransaction  - Setting autocommit to false on JDBC Connection [conn3: url=jdbc:h2:mem:activiti user=SA]
10:47:16,972 [main] DEBUG org.activiti.engine.impl.persistence.entity.DeploymentEntity.selectDeploymentById  - ==&gt;  Preparing: select * from ACT_RE_DEPLOYMENT where ID_ = ? 
10:47:16,972 [main] DEBUG org.activiti.engine.impl.persistence.entity.DeploymentEntity.selectDeploymentById  - ==&gt; Parameters: 703(String)
10:47:16,972 [main] DEBUG org.activiti.engine.impl.persistence.entity.DeploymentEntity.selectDeploymentById  - &lt;==      Total: 1
10:47:16,973 [main] DEBUG org.activiti.engine.impl.persistence.entity.ProcessDefinitionEntity.selectProcessDefinitionsByQueryCriteria  - ==&gt;  Preparing: select RES.* from ACT_RE_PROCDEF RES WHERE RES.DEPLOYMENT_ID_ = ? order by order by RES.ID_ asc LIMIT ? OFFSET ? 
10:47:16,973 [main] DEBUG org.activiti.engine.impl.interceptor.CommandContext  - Error while closing command context
org.apache.ibatis.exceptions.PersistenceException: 
### Error querying database.  Cause: org.h2.jdbc.JdbcSQLException: Syntax error in SQL statement &quot;SELECT RES.* 
       
    FROM ACT_RE_PROCDEF RES
     
     WHERE  RES.DEPLOYMENT_ID_ = ? 
   
     ORDER BY  ORDER[*] BY RES.ID_ ASC  
    LIMIT ? OFFSET ? &quot;; expected &quot;=, NOT, EXISTS, INTERSECTS, SELECT, FROM&quot;; SQL statement:
select RES.* 
       
    from ACT_RE_PROCDEF RES
     
     WHERE  RES.DEPLOYMENT_ID_ = ? 
   
     order by  order by RES.ID_ asc  
    LIMIT ? OFFSET ? [42001-176]
### The error may exist in org/activiti/db/mapping/entity/ProcessDefinition.xml
### The error may involve org.activiti.engine.impl.persistence.entity.ProcessDefinitionEntity.selectProcessDefinitionsByQueryCriteria
### The error occurred while executing a query
### SQL: select RES.*              from ACT_RE_PROCDEF RES            WHERE  RES.DEPLOYMENT_ID_ = ?           order by  order by RES.ID_ asc       LIMIT ? OFFSET ?
### Cause: org.h2.jdbc.JdbcSQLException: Syntax error in SQL statement &quot;SELECT RES.* 
       
    FROM ACT_RE_PROCDEF RES
     
     WHERE  RES.DEPLOYMENT_ID_ = ? 
   
     ORDER BY  ORDER[*] BY RES.ID_ ASC  
    LIMIT ? OFFSET ? &quot;; expected &quot;=, NOT, EXISTS, INTERSECTS, SELECT, FROM&quot;; SQL statement:
select RES.* 
       
    from ACT_RE_PROCDEF RES
     
     WHERE  RES.DEPLOYMENT_ID_ = ? 
   
     order by  order by RES.ID_ asc  
    LIMIT ? OFFSET ? [42001-176]
	at org.apache.ibatis.exceptions.ExceptionFactory.wrapException(ExceptionFactory.java:30)
	at org.apache.ibatis.session.defaults.DefaultSqlSession.selectList(DefaultSqlSession.java:122)
	at org.apache.ibatis.session.defaults.DefaultSqlSession.selectList(DefaultSqlSession.java:113)
	at org.activiti.engine.impl.db.DbSqlSession.selectListWithRawParameter(DbSqlSession.java:438)
	at org.activiti.engine.impl.db.DbSqlSession.selectList(DbSqlSession.java:429)
	at org.activiti.engine.impl.db.DbSqlSession.selectList(DbSqlSession.java:419)
	at org.activiti.engine.impl.persistence.entity.ProcessDefinitionEntityManager.findProcessDefinitionsByQueryCriteria(ProcessDefinitionEntityManager.java:57)
	at org.activiti.engine.impl.ProcessDefinitionQueryImpl.executeList(ProcessDefinitionQueryImpl.java:307)
	at org.activiti.engine.impl.AbstractQuery.list(AbstractQuery.java:140)
	at org.activiti.engine.impl.persistence.deploy.DeploymentManager.removeDeployment(DeploymentManager.java:187)
	at org.activiti.engine.impl.cmd.DeleteDeploymentCmd.execute(DeleteDeploymentCmd.java:44)
	at org.activiti.engine.impl.cmd.DeleteDeploymentCmd.execute(DeleteDeploymentCmd.java:24)
	at org.activiti.engine.impl.interceptor.CommandInvoker.execute(CommandInvoker.java:24)
	at org.activiti.engine.impl.interceptor.CommandContextInterceptor.execute(CommandContextInterceptor.java:57)
	at org.activiti.engine.impl.interceptor.LogInterceptor.execute(LogInterceptor.java:37)
	at org.activiti.engine.impl.cfg.CommandExecutorImpl.execute(CommandExecutorImpl.java:40)
	at org.activiti.engine.impl.cfg.CommandExecutorImpl.execute(CommandExecutorImpl.java:35)
	at org.activiti.engine.impl.RepositoryServiceImpl.deleteDeployment(RepositoryServiceImpl.java:90)
	at org.activiti.engine.impl.test.TestHelper.annotationDeploymentTearDown(TestHelper.java:116)
	at org.activiti.engine.impl.test.AbstractActivitiTestCase.runBare(AbstractActivitiTestCase.java:116)
	at junit.framework.TestResult$1.protect(TestResult.java:122)
	at junit.framework.TestResult.runProtected(TestResult.java:142)
	at junit.framework.TestResult.run(TestResult.java:125)
	at junit.framework.TestCase.run(TestCase.java:129)
	at junit.framework.TestSuite.runTest(TestSuite.java:255)
	at junit.framework.TestSuite.run(TestSuite.java:250)
	at org.junit.internal.runners.JUnit38ClassRunner.run(JUnit38ClassRunner.java:84)
	at org.apache.maven.surefire.junit4.JUnit4TestSet.execute(JUnit4TestSet.java:35)
	at org.apache.maven.surefire.junit4.JUnit4Provider.executeTestSet(JUnit4Provider.java:146)
	at org.apache.maven.surefire.junit4.JUnit4Provider.invoke(JUnit4Provider.java:97)
	at sun.reflect.NativeMethodAccessorImpl.invoke0(Native Method)
	at sun.reflect.NativeMethodAccessorImpl.invoke(NativeMethodAccessorImpl.java:62)
	at sun.reflect.DelegatingMethodAccessorImpl.invoke(DelegatingMethodAccessorImpl.java:43)
	at java.lang.reflect.Method.invoke(Method.java:498)
	at org.apache.maven.surefire.booter.ProviderFactory$ClassLoaderProxy.invoke(ProviderFactory.java:103)
	at com.sun.proxy.$Proxy0.invoke(Unknown Source)
	at org.apache.maven.surefire.booter.SurefireStarter.invokeProvider(SurefireStarter.java:145)
	at org.apache.maven.surefire.booter.SurefireStarter.runSuitesInProcess(SurefireStarter.java:87)
	at org.apache.maven.surefire.booter.ForkedBooter.main(ForkedBooter.java:69)
Caused by: org.h2.jdbc.JdbcSQLException: Syntax error in SQL statement &quot;SELECT RES.* 
       
    FROM ACT_RE_PROCDEF RES
     
     WHERE  RES.DEPLOYMENT_ID_ = ? 
   
     ORDER BY  ORDER[*] BY RES.ID_ ASC  
    LIMIT ? OFFSET ? &quot;; expected &quot;=, NOT, EXISTS, INTERSECTS, SELECT, FROM&quot;; SQL statement:
select RES.* 
       
    from ACT_RE_PROCDEF RES
     
     WHERE  RES.DEPLOYMENT_ID_ = ? 
   
     order by  order by RES.ID_ asc  
    LIMIT ? OFFSET ? [42001-176]
	at org.h2.message.DbException.getJdbcSQLException(DbException.java:344)
	at org.h2.message.DbException.getSyntaxError(DbException.java:204)
	at org.h2.command.Parser.getSyntaxError(Parser.java:524)
	at org.h2.command.Parser.readTerm(Parser.java:2688)
	at org.h2.command.Parser.readFactor(Parser.java:2244)
	at org.h2.command.Parser.readSum(Parser.java:2231)
	at org.h2.command.Parser.readConcat(Parser.java:2201)
	at org.h2.command.Parser.readCondition(Parser.java:2051)
	at org.h2.command.Parser.readAnd(Parser.java:2023)
	at org.h2.command.Parser.readExpression(Parser.java:2015)
	at org.h2.command.Parser.parseEndOfQuery(Parser.java:1726)
	at org.h2.command.Parser.parseSelectUnionExtension(Parser.java:1706)
	at org.h2.command.Parser.parseSelectUnion(Parser.java:1675)
	at org.h2.command.Parser.parseSelect(Parser.java:1662)
	at org.h2.command.Parser.parsePrepared(Parser.java:434)
	at org.h2.command.Parser.parse(Parser.java:306)
	at org.h2.command.Parser.parse(Parser.java:282)
	at org.h2.command.Parser.prepareCommand(Parser.java:243)
	at org.h2.engine.Session.prepareLocal(Session.java:442)
	at org.h2.engine.Session.prepareCommand(Session.java:384)
	at org.h2.jdbc.JdbcConnection.prepareCommand(JdbcConnection.java:1188)
	at org.h2.jdbc.JdbcPreparedStatement.&lt;init&gt;(JdbcPreparedStatement.java:73)
	at org.h2.jdbc.JdbcConnection.prepareStatement(JdbcConnection.java:276)
	at sun.reflect.GeneratedMethodAccessor6.invoke(Unknown Source)
	at sun.reflect.DelegatingMethodAccessorImpl.invoke(DelegatingMethodAccessorImpl.java:43)
	at java.lang.reflect.Method.invoke(Method.java:498)
	at org.apache.ibatis.datasource.pooled.PooledConnection.invoke(PooledConnection.java:245)
	at com.sun.proxy.$Proxy12.prepareStatement(Unknown Source)
	at sun.reflect.GeneratedMethodAccessor6.invoke(Unknown Source)
	at sun.reflect.DelegatingMethodAccessorImpl.invoke(DelegatingMethodAccessorImpl.java:43)
	at java.lang.reflect.Method.invoke(Method.java:498)
	at org.apache.ibatis.logging.jdbc.ConnectionLogger.invoke(ConnectionLogger.java:55)
	at com.sun.proxy.$Proxy12.prepareStatement(Unknown Source)
	at org.apache.ibatis.executor.statement.PreparedStatementHandler.instantiateStatement(PreparedStatementHandler.java:79)
	at org.apache.ibatis.executor.statement.BaseStatementHandler.prepare(BaseStatementHandler.java:88)
	at org.apache.ibatis.executor.statement.RoutingStatementHandler.prepare(RoutingStatementHandler.java:58)
	at org.apache.ibatis.executor.SimpleExecutor.prepareStatement(SimpleExecutor.java:76)
	at org.apache.ibatis.executor.SimpleExecutor.doQuery(SimpleExecutor.java:61)
	at org.apache.ibatis.executor.BaseExecutor.queryFromDatabase(BaseExecutor.java:303)
	at org.apache.ibatis.executor.BaseExecutor.query(BaseExecutor.java:154)
	at org.apache.ibatis.executor.CachingExecutor.query(CachingExecutor.java:102)
	at org.apache.ibatis.executor.CachingExecutor.query(CachingExecutor.java:82)
	at org.apache.ibatis.session.defaults.DefaultSqlSession.selectList(DefaultSqlSession.java:120)
	... 37 more
10:47:16,973 [main] DEBUG org.activiti.engine.impl.cfg.standalone.StandaloneMybatisTransactionContext  - firing event rolling back...
10:47:16,973 [main] DEBUG org.activiti.engine.impl.cfg.standalone.StandaloneMybatisTransactionContext  - rolling back ibatis sql session...
10:47:16,973 [main] DEBUG org.activiti.engine.impl.cfg.standalone.StandaloneMybatisTransactionContext  - firing event rolled back...
10:47:16,973 [main] DEBUG org.apache.ibatis.transaction.jdbc.JdbcTransaction  - Resetting autocommit to true on JDBC Connection [conn3: url=jdbc:h2:mem:activiti user=SA]
10:47:16,973 [main] DEBUG org.apache.ibatis.transaction.jdbc.JdbcTransaction  - Closing JDBC Connection [conn3: url=jdbc:h2:mem:activiti user=SA]
10:47:16,973 [main] DEBUG org.apache.ibatis.datasource.pooled.PooledDataSource  - Returned connection 180014677 to pool.
10:47:16,973 [main] DEBUG org.activiti.engine.impl.interceptor.LogInterceptor  - --- DeleteDeploymentCmd finished --------------------------------------------------------
10:47:16,973 [main] DEBUG org.activiti.engine.impl.interceptor.LogInterceptor  - 

</system-out>
  </testcase>
</testsuite>