<?xml version="1.0" encoding="UTF-8" ?>
<testsuite tests="1" failures="0" name="org.activiti.engine.test.jobexecutor.JobExecutorTest" time="8.028" errors="1" skipped="0">
  <properties>
    <property name="idea.version" value="2022.3.1"/>
    <property name="java.runtime.name" value="Java(TM) SE Runtime Environment"/>
    <property name="sun.boot.library.path" value="C:\Program Files\Java\jdk1.8.0_351\jre\bin"/>
    <property name="java.vm.version" value="25.351-b10"/>
    <property name="java.vm.vendor" value="Oracle Corporation"/>
    <property name="java.vendor.url" value="http://java.oracle.com/"/>
    <property name="path.separator" value=";"/>
    <property name="java.vm.name" value="Java HotSpot(TM) 64-Bit Server VM"/>
    <property name="file.encoding.pkg" value="sun.io"/>
    <property name="user.script" value=""/>
    <property name="user.country" value="CN"/>
    <property name="sun.java.launcher" value="SUN_STANDARD"/>
    <property name="sun.os.patch.level" value=""/>
    <property name="java.vm.specification.name" value="Java Virtual Machine Specification"/>
    <property name="user.dir" value="D:\xinchuang\activiti-engine-5.19.0.2"/>
    <property name="java.runtime.version" value="1.8.0_351-b10"/>
    <property name="java.awt.graphicsenv" value="sun.awt.Win32GraphicsEnvironment"/>
    <property name="basedir" value="D:\xinchuang\activiti-engine-5.19.0.2"/>
    <property name="java.endorsed.dirs" value="C:\Program Files\Java\jdk1.8.0_351\jre\lib\endorsed"/>
    <property name="os.arch" value="amd64"/>
    <property name="surefire.real.class.path" value="D:\xinchuang\activiti-engine-5.19.0.2\target\surefire\surefirebooter2972839343429811619.jar"/>
    <property name="java.io.tmpdir" value="C:\Users\ryan\AppData\Local\Temp\"/>
    <property name="line.separator" value="
"/>
    <property name="java.vm.specification.vendor" value="Oracle Corporation"/>
    <property name="user.variant" value=""/>
    <property name="os.name" value="Windows 11"/>
    <property name="sun.jnu.encoding" value="GBK"/>
    <property name="java.library.path" value="C:\Program Files\Java\jdk1.8.0_351\jre\bin;C:\WINDOWS\Sun\Java\bin;C:\WINDOWS\system32;C:\WINDOWS;C:\Program Files (x86)\Common Files\Oracle\Java\javapath;D:\Program Files (x86)\VMware\VMware Workstation\bin\;C:\ProgramData\Oracle\Java\javapath;C:\WINDOWS\system32;C:\WINDOWS;C:\WINDOWS\System32\Wbem;C:\WINDOWS\System32\WindowsPowerShell\v1.0\;C:\WINDOWS\System32\OpenSSH\;d:\Program Files\Git\cmd;D:\Program Files\apache-maven-3.6.1\bin;C:\Program Files\Java\jdk1.8.0_351\bin;D:\Program Files\nodejs\;C:\Program Files\Bandizip\;D:\Program Files (x86)\NetSarang\Xshell 7\;D:\Program Files (x86)\NetSarang\Xftp 7\;D:\Program Files\cmder;;C:\Program Files (x86)\Tencent\微信web开发者工具\dll;C:\Users\ryan\.app\;C:\Users\ryan\AppData\Local\Programs\Python\Python38\Scripts\;C:\Users\ryan\AppData\Local\Programs\Python\Python38\;C:\Users\ryan\AppData\Local\Microsoft\WindowsApps;D:\Program Files\Microsoft VS Code\bin;C:\Users\ryan\AppData\Roaming\npm;d:\Program Files\JetBrains\IntelliJ IDEA 2020.3\bin;;d:\Program Files\JetBrains\DataGrip 2021.1.3\bin;;;."/>
    <property name="surefire.test.class.path" value="D:\xinchuang\activiti-engine-5.19.0.2\target\test-classes;D:\xinchuang\activiti-engine-5.19.0.2\target\classes;D:\Program Files\apache-maven-3.6.1\shanxi\org\activiti\activiti-bpmn-converter\5.19.0.2\activiti-bpmn-converter-5.19.0.2.jar;D:\Program Files\apache-maven-3.6.1\shanxi\org\activiti\activiti-bpmn-model\5.19.0.2\activiti-bpmn-model-5.19.0.2.jar;D:\Program Files\apache-maven-3.6.1\shanxi\com\fasterxml\jackson\core\jackson-core\2.2.3\jackson-core-2.2.3.jar;D:\Program Files\apache-maven-3.6.1\shanxi\com\fasterxml\jackson\core\jackson-databind\2.2.3\jackson-databind-2.2.3.jar;D:\Program Files\apache-maven-3.6.1\shanxi\com\fasterxml\jackson\core\jackson-annotations\2.2.3\jackson-annotations-2.2.3.jar;D:\Program Files\apache-maven-3.6.1\shanxi\org\activiti\activiti-process-validation\5.19.0.2\activiti-process-validation-5.19.0.2.jar;D:\Program Files\apache-maven-3.6.1\shanxi\org\activiti\activiti-image-generator\5.19.0.2\activiti-image-generator-5.19.0.2.jar;D:\Program Files\apache-maven-3.6.1\shanxi\org\apache\commons\commons-email\1.4\commons-email-1.4.jar;D:\Program Files\apache-maven-3.6.1\shanxi\com\sun\mail\javax.mail\1.5.2\javax.mail-1.5.2.jar;D:\Program Files\apache-maven-3.6.1\shanxi\javax\activation\activation\1.1.1\activation-1.1.1.jar;D:\Program Files\apache-maven-3.6.1\shanxi\org\apache\commons\commons-lang3\3.3.2\commons-lang3-3.3.2.jar;D:\Program Files\apache-maven-3.6.1\shanxi\org\mybatis\mybatis\3.3.0\mybatis-3.3.0.jar;D:\Program Files\apache-maven-3.6.1\shanxi\org\springframework\spring-beans\4.1.5.RELEASE\spring-beans-4.1.5.RELEASE.jar;D:\Program Files\apache-maven-3.6.1\shanxi\org\springframework\spring-core\4.1.5.RELEASE\spring-core-4.1.5.RELEASE.jar;D:\Program Files\apache-maven-3.6.1\shanxi\junit\junit\4.11\junit-4.11.jar;D:\Program Files\apache-maven-3.6.1\shanxi\org\hamcrest\hamcrest-core\1.3\hamcrest-core-1.3.jar;D:\Program Files\apache-maven-3.6.1\shanxi\org\codehaus\groovy\groovy-all\2.4.3\groovy-all-2.4.3.jar;D:\Program Files\apache-maven-3.6.1\shanxi\org\drools\drools-core\5.5.0.Final\drools-core-5.5.0.Final.jar;D:\Program Files\apache-maven-3.6.1\shanxi\org\mvel\mvel2\2.1.3.Final\mvel2-2.1.3.Final.jar;D:\Program Files\apache-maven-3.6.1\shanxi\org\drools\knowledge-api\5.5.0.Final\knowledge-api-5.5.0.Final.jar;D:\Program Files\apache-maven-3.6.1\shanxi\org\drools\knowledge-internal-api\5.5.0.Final\knowledge-internal-api-5.5.0.Final.jar;D:\Program Files\apache-maven-3.6.1\shanxi\org\drools\drools-compiler\5.5.0.Final\drools-compiler-5.5.0.Final.jar;D:\Program Files\apache-maven-3.6.1\shanxi\org\antlr\antlr-runtime\3.3\antlr-runtime-3.3.jar;D:\Program Files\apache-maven-3.6.1\shanxi\org\antlr\antlr\3.3\antlr-3.3.jar;D:\Program Files\apache-maven-3.6.1\shanxi\org\antlr\stringtemplate\3.2.1\stringtemplate-3.2.1.jar;D:\Program Files\apache-maven-3.6.1\shanxi\antlr\antlr\2.7.7\antlr-2.7.7.jar;D:\Program Files\apache-maven-3.6.1\shanxi\org\eclipse\jdt\core\compiler\ecj\3.5.1\ecj-3.5.1.jar;D:\Program Files\apache-maven-3.6.1\shanxi\com\thoughtworks\xstream\xstream\1.4.1\xstream-1.4.1.jar;D:\Program Files\apache-maven-3.6.1\shanxi\xmlpull\xmlpull\1.1.3.1\xmlpull-1.1.3.1.jar;D:\Program Files\apache-maven-3.6.1\shanxi\xpp3\xpp3_min\1.1.4c\xpp3_min-1.1.4c.jar;D:\Program Files\apache-maven-3.6.1\shanxi\javax\persistence\persistence-api\1.0\persistence-api-1.0.jar;D:\Program Files\apache-maven-3.6.1\shanxi\org\apache\geronimo\specs\geronimo-jta_1.1_spec\1.1.1\geronimo-jta_1.1_spec-1.1.1.jar;D:\Program Files\apache-maven-3.6.1\shanxi\javax\enterprise\concurrent\javax.enterprise.concurrent-api\1.0\javax.enterprise.concurrent-api-1.0.jar;D:\Program Files\apache-maven-3.6.1\shanxi\com\h2database\h2\1.3.176\h2-1.3.176.jar;D:\Program Files\apache-maven-3.6.1\shanxi\org\mockito\mockito-core\1.8.2\mockito-core-1.8.2.jar;D:\Program Files\apache-maven-3.6.1\shanxi\org\objenesis\objenesis\1.0\objenesis-1.0.jar;D:\Program Files\apache-maven-3.6.1\shanxi\org\apache\openjpa\openjpa\1.2.2\openjpa-1.2.2.jar;D:\Program Files\apache-maven-3.6.1\shanxi\net\sourceforge\serp\serp\1.13.1\serp-1.13.1.jar;D:\Program Files\apache-maven-3.6.1\shanxi\commons-lang\commons-lang\2.1\commons-lang-2.1.jar;D:\Program Files\apache-maven-3.6.1\shanxi\commons-collections\commons-collections\3.2\commons-collections-3.2.jar;D:\Program Files\apache-maven-3.6.1\shanxi\commons-pool\commons-pool\1.3\commons-pool-1.3.jar;D:\Program Files\apache-maven-3.6.1\shanxi\org\apache\geronimo\specs\geronimo-jms_1.1_spec\1.0.1\geronimo-jms_1.1_spec-1.0.1.jar;D:\Program Files\apache-maven-3.6.1\shanxi\org\apache\geronimo\specs\geronimo-jpa_3.0_spec\1.0\geronimo-jpa_3.0_spec-1.0.jar;D:\Program Files\apache-maven-3.6.1\shanxi\org\subethamail\subethasmtp-wiser\1.2\subethasmtp-wiser-1.2.jar;D:\Program Files\apache-maven-3.6.1\shanxi\org\subethamail\subethasmtp-smtp\1.2\subethasmtp-smtp-1.2.jar;D:\Program Files\apache-maven-3.6.1\shanxi\javax\mail\mail\1.4.1\mail-1.4.1.jar;D:\Program Files\apache-maven-3.6.1\shanxi\mysql\mysql-connector-java\5.1.27\mysql-connector-java-5.1.27.jar;D:\Program Files\apache-maven-3.6.1\shanxi\org\postgresql\postgresql\9.4-1201-jdbc4\postgresql-9.4-1201-jdbc4.jar;D:\Program Files\apache-maven-3.6.1\shanxi\net\sourceforge\jtds\jtds\1.3.0\jtds-1.3.0.jar;D:\Program Files\apache-maven-3.6.1\shanxi\com\fasterxml\uuid\java-uuid-generator\3.1.3\java-uuid-generator-3.1.3.jar;D:\Program Files\apache-maven-3.6.1\shanxi\log4j\log4j\1.2.13\log4j-1.2.13.jar;D:\Program Files\apache-maven-3.6.1\shanxi\commons-io\commons-io\2.0.1\commons-io-2.0.1.jar;D:\Program Files\apache-maven-3.6.1\shanxi\joda-time\joda-time\2.6\joda-time-2.6.jar;D:\Program Files\apache-maven-3.6.1\shanxi\org\slf4j\slf4j-api\1.7.6\slf4j-api-1.7.6.jar;D:\Program Files\apache-maven-3.6.1\shanxi\org\slf4j\jcl-over-slf4j\1.7.6\jcl-over-slf4j-1.7.6.jar;D:\Program Files\apache-maven-3.6.1\shanxi\org\slf4j\slf4j-log4j12\1.7.6\slf4j-log4j12-1.7.6.jar;D:\Program Files\apache-maven-3.6.1\shanxi\com\googlecode\catch-exception\catch-exception\1.2.0\catch-exception-1.2.0.jar;D:\Program Files\apache-maven-3.6.1\shanxi\org\codehaus\btm\btm\2.1.3\btm-2.1.3.jar;D:\Program Files\apache-maven-3.6.1\shanxi\javax\transaction\jta\1.1\jta-1.1.jar;"/>
    <property name="sun.awt.enableExtraMouseButtons" value="true"/>
    <property name="java.specification.name" value="Java Platform API Specification"/>
    <property name="java.class.version" value="52.0"/>
    <property name="sun.management.compiler" value="HotSpot 64-Bit Tiered Compilers"/>
    <property name="maven.repo.local" value="D:\Program Files\apache-maven-3.6.1\shanxi"/>
    <property name="os.version" value="10.0"/>
    <property name="user.home" value="C:\Users\ryan"/>
    <property name="user.timezone" value="Asia/Shanghai"/>
    <property name="java.awt.printerjob" value="sun.awt.windows.WPrinterJob"/>
    <property name="java.specification.version" value="1.8"/>
    <property name="file.encoding" value="GBK"/>
    <property name="user.name" value="ryan"/>
    <property name="java.class.path" value="D:\xinchuang\activiti-engine-5.19.0.2\target\test-classes;D:\xinchuang\activiti-engine-5.19.0.2\target\classes;D:\Program Files\apache-maven-3.6.1\shanxi\org\activiti\activiti-bpmn-converter\5.19.0.2\activiti-bpmn-converter-5.19.0.2.jar;D:\Program Files\apache-maven-3.6.1\shanxi\org\activiti\activiti-bpmn-model\5.19.0.2\activiti-bpmn-model-5.19.0.2.jar;D:\Program Files\apache-maven-3.6.1\shanxi\com\fasterxml\jackson\core\jackson-core\2.2.3\jackson-core-2.2.3.jar;D:\Program Files\apache-maven-3.6.1\shanxi\com\fasterxml\jackson\core\jackson-databind\2.2.3\jackson-databind-2.2.3.jar;D:\Program Files\apache-maven-3.6.1\shanxi\com\fasterxml\jackson\core\jackson-annotations\2.2.3\jackson-annotations-2.2.3.jar;D:\Program Files\apache-maven-3.6.1\shanxi\org\activiti\activiti-process-validation\5.19.0.2\activiti-process-validation-5.19.0.2.jar;D:\Program Files\apache-maven-3.6.1\shanxi\org\activiti\activiti-image-generator\5.19.0.2\activiti-image-generator-5.19.0.2.jar;D:\Program Files\apache-maven-3.6.1\shanxi\org\apache\commons\commons-email\1.4\commons-email-1.4.jar;D:\Program Files\apache-maven-3.6.1\shanxi\com\sun\mail\javax.mail\1.5.2\javax.mail-1.5.2.jar;D:\Program Files\apache-maven-3.6.1\shanxi\javax\activation\activation\1.1.1\activation-1.1.1.jar;D:\Program Files\apache-maven-3.6.1\shanxi\org\apache\commons\commons-lang3\3.3.2\commons-lang3-3.3.2.jar;D:\Program Files\apache-maven-3.6.1\shanxi\org\mybatis\mybatis\3.3.0\mybatis-3.3.0.jar;D:\Program Files\apache-maven-3.6.1\shanxi\org\springframework\spring-beans\4.1.5.RELEASE\spring-beans-4.1.5.RELEASE.jar;D:\Program Files\apache-maven-3.6.1\shanxi\org\springframework\spring-core\4.1.5.RELEASE\spring-core-4.1.5.RELEASE.jar;D:\Program Files\apache-maven-3.6.1\shanxi\junit\junit\4.11\junit-4.11.jar;D:\Program Files\apache-maven-3.6.1\shanxi\org\hamcrest\hamcrest-core\1.3\hamcrest-core-1.3.jar;D:\Program Files\apache-maven-3.6.1\shanxi\org\codehaus\groovy\groovy-all\2.4.3\groovy-all-2.4.3.jar;D:\Program Files\apache-maven-3.6.1\shanxi\org\drools\drools-core\5.5.0.Final\drools-core-5.5.0.Final.jar;D:\Program Files\apache-maven-3.6.1\shanxi\org\mvel\mvel2\2.1.3.Final\mvel2-2.1.3.Final.jar;D:\Program Files\apache-maven-3.6.1\shanxi\org\drools\knowledge-api\5.5.0.Final\knowledge-api-5.5.0.Final.jar;D:\Program Files\apache-maven-3.6.1\shanxi\org\drools\knowledge-internal-api\5.5.0.Final\knowledge-internal-api-5.5.0.Final.jar;D:\Program Files\apache-maven-3.6.1\shanxi\org\drools\drools-compiler\5.5.0.Final\drools-compiler-5.5.0.Final.jar;D:\Program Files\apache-maven-3.6.1\shanxi\org\antlr\antlr-runtime\3.3\antlr-runtime-3.3.jar;D:\Program Files\apache-maven-3.6.1\shanxi\org\antlr\antlr\3.3\antlr-3.3.jar;D:\Program Files\apache-maven-3.6.1\shanxi\org\antlr\stringtemplate\3.2.1\stringtemplate-3.2.1.jar;D:\Program Files\apache-maven-3.6.1\shanxi\antlr\antlr\2.7.7\antlr-2.7.7.jar;D:\Program Files\apache-maven-3.6.1\shanxi\org\eclipse\jdt\core\compiler\ecj\3.5.1\ecj-3.5.1.jar;D:\Program Files\apache-maven-3.6.1\shanxi\com\thoughtworks\xstream\xstream\1.4.1\xstream-1.4.1.jar;D:\Program Files\apache-maven-3.6.1\shanxi\xmlpull\xmlpull\1.1.3.1\xmlpull-1.1.3.1.jar;D:\Program Files\apache-maven-3.6.1\shanxi\xpp3\xpp3_min\1.1.4c\xpp3_min-1.1.4c.jar;D:\Program Files\apache-maven-3.6.1\shanxi\javax\persistence\persistence-api\1.0\persistence-api-1.0.jar;D:\Program Files\apache-maven-3.6.1\shanxi\org\apache\geronimo\specs\geronimo-jta_1.1_spec\1.1.1\geronimo-jta_1.1_spec-1.1.1.jar;D:\Program Files\apache-maven-3.6.1\shanxi\javax\enterprise\concurrent\javax.enterprise.concurrent-api\1.0\javax.enterprise.concurrent-api-1.0.jar;D:\Program Files\apache-maven-3.6.1\shanxi\com\h2database\h2\1.3.176\h2-1.3.176.jar;D:\Program Files\apache-maven-3.6.1\shanxi\org\mockito\mockito-core\1.8.2\mockito-core-1.8.2.jar;D:\Program Files\apache-maven-3.6.1\shanxi\org\objenesis\objenesis\1.0\objenesis-1.0.jar;D:\Program Files\apache-maven-3.6.1\shanxi\org\apache\openjpa\openjpa\1.2.2\openjpa-1.2.2.jar;D:\Program Files\apache-maven-3.6.1\shanxi\net\sourceforge\serp\serp\1.13.1\serp-1.13.1.jar;D:\Program Files\apache-maven-3.6.1\shanxi\commons-lang\commons-lang\2.1\commons-lang-2.1.jar;D:\Program Files\apache-maven-3.6.1\shanxi\commons-collections\commons-collections\3.2\commons-collections-3.2.jar;D:\Program Files\apache-maven-3.6.1\shanxi\commons-pool\commons-pool\1.3\commons-pool-1.3.jar;D:\Program Files\apache-maven-3.6.1\shanxi\org\apache\geronimo\specs\geronimo-jms_1.1_spec\1.0.1\geronimo-jms_1.1_spec-1.0.1.jar;D:\Program Files\apache-maven-3.6.1\shanxi\org\apache\geronimo\specs\geronimo-jpa_3.0_spec\1.0\geronimo-jpa_3.0_spec-1.0.jar;D:\Program Files\apache-maven-3.6.1\shanxi\org\subethamail\subethasmtp-wiser\1.2\subethasmtp-wiser-1.2.jar;D:\Program Files\apache-maven-3.6.1\shanxi\org\subethamail\subethasmtp-smtp\1.2\subethasmtp-smtp-1.2.jar;D:\Program Files\apache-maven-3.6.1\shanxi\javax\mail\mail\1.4.1\mail-1.4.1.jar;D:\Program Files\apache-maven-3.6.1\shanxi\mysql\mysql-connector-java\5.1.27\mysql-connector-java-5.1.27.jar;D:\Program Files\apache-maven-3.6.1\shanxi\org\postgresql\postgresql\9.4-1201-jdbc4\postgresql-9.4-1201-jdbc4.jar;D:\Program Files\apache-maven-3.6.1\shanxi\net\sourceforge\jtds\jtds\1.3.0\jtds-1.3.0.jar;D:\Program Files\apache-maven-3.6.1\shanxi\com\fasterxml\uuid\java-uuid-generator\3.1.3\java-uuid-generator-3.1.3.jar;D:\Program Files\apache-maven-3.6.1\shanxi\log4j\log4j\1.2.13\log4j-1.2.13.jar;D:\Program Files\apache-maven-3.6.1\shanxi\commons-io\commons-io\2.0.1\commons-io-2.0.1.jar;D:\Program Files\apache-maven-3.6.1\shanxi\joda-time\joda-time\2.6\joda-time-2.6.jar;D:\Program Files\apache-maven-3.6.1\shanxi\org\slf4j\slf4j-api\1.7.6\slf4j-api-1.7.6.jar;D:\Program Files\apache-maven-3.6.1\shanxi\org\slf4j\jcl-over-slf4j\1.7.6\jcl-over-slf4j-1.7.6.jar;D:\Program Files\apache-maven-3.6.1\shanxi\org\slf4j\slf4j-log4j12\1.7.6\slf4j-log4j12-1.7.6.jar;D:\Program Files\apache-maven-3.6.1\shanxi\com\googlecode\catch-exception\catch-exception\1.2.0\catch-exception-1.2.0.jar;D:\Program Files\apache-maven-3.6.1\shanxi\org\codehaus\btm\btm\2.1.3\btm-2.1.3.jar;D:\Program Files\apache-maven-3.6.1\shanxi\javax\transaction\jta\1.1\jta-1.1.jar;"/>
    <property name="java.vm.specification.version" value="1.8"/>
    <property name="sun.arch.data.model" value="64"/>
    <property name="java.home" value="C:\Program Files\Java\jdk1.8.0_351\jre"/>
    <property name="sun.java.command" value="D:\xinchuang\activiti-engine-5.19.0.2\target\surefire\surefirebooter2972839343429811619.jar D:\xinchuang\activiti-engine-5.19.0.2\target\surefire\surefire1197127065150889766tmp D:\xinchuang\activiti-engine-5.19.0.2\target\surefire\surefire3285776718944652178tmp"/>
    <property name="java.specification.vendor" value="Oracle Corporation"/>
    <property name="user.language" value="en"/>
    <property name="awt.toolkit" value="sun.awt.windows.WToolkit"/>
    <property name="java.vm.info" value="mixed mode"/>
    <property name="java.version" value="1.8.0_351"/>
    <property name="java.ext.dirs" value="C:\Program Files\Java\jdk1.8.0_351\jre\lib\ext;C:\WINDOWS\Sun\Java\lib\ext"/>
    <property name="sun.boot.class.path" value="C:\Program Files\Java\jdk1.8.0_351\jre\lib\resources.jar;C:\Program Files\Java\jdk1.8.0_351\jre\lib\rt.jar;C:\Program Files\Java\jdk1.8.0_351\jre\lib\jsse.jar;C:\Program Files\Java\jdk1.8.0_351\jre\lib\jce.jar;C:\Program Files\Java\jdk1.8.0_351\jre\lib\charsets.jar;C:\Program Files\Java\jdk1.8.0_351\jre\lib\jfr.jar;C:\Program Files\Java\jdk1.8.0_351\jre\classes"/>
    <property name="java.vendor" value="Oracle Corporation"/>
    <property name="java.specification.maintenance.version" value="4"/>
    <property name="localRepository" value="D:\Program Files\apache-maven-3.6.1\shanxi"/>
    <property name="file.separator" value="\"/>
    <property name="java.vendor.url.bug" value="http://bugreport.sun.com/bugreport/"/>
    <property name="sun.cpu.endian" value="little"/>
    <property name="sun.io.unicode.encoding" value="UnicodeLittle"/>
    <property name="sun.desktop" value="windows"/>
    <property name="sun.cpu.isalist" value="amd64"/>
  </properties>
  <testcase classname="org.activiti.engine.test.jobexecutor.JobExecutorTest" name="testBasicJobExecutorOperation" time="8.025">
    <error message="time limit of 8000 was exceeded" type="org.activiti.engine.ActivitiException">org.activiti.engine.ActivitiException: time limit of 8000 was exceeded
	at org.activiti.engine.impl.test.JobTestHelper.waitForJobExecutorToProcessAllJobs(JobTestHelper.java:86)
	at org.activiti.engine.impl.test.JobTestHelper.waitForJobExecutorToProcessAllJobs(JobTestHelper.java:47)
	at org.activiti.engine.impl.test.AbstractActivitiTestCase.waitForJobExecutorToProcessAllJobs(AbstractActivitiTestCase.java:204)
	at org.activiti.engine.test.jobexecutor.JobExecutorTest.testBasicJobExecutorOperation(JobExecutorTest.java:53)
	at sun.reflect.NativeMethodAccessorImpl.invoke0(Native Method)
	at sun.reflect.NativeMethodAccessorImpl.invoke(NativeMethodAccessorImpl.java:62)
	at sun.reflect.DelegatingMethodAccessorImpl.invoke(DelegatingMethodAccessorImpl.java:43)
	at java.lang.reflect.Method.invoke(Method.java:498)
	at junit.framework.TestCase.runTest(TestCase.java:176)
	at org.activiti.engine.impl.test.PvmTestCase.runTest(PvmTestCase.java:65)
	at junit.framework.TestCase.runBare(TestCase.java:141)
	at org.activiti.engine.impl.test.AbstractActivitiTestCase.runBare(AbstractActivitiTestCase.java:100)
	at junit.framework.TestResult$1.protect(TestResult.java:122)
	at junit.framework.TestResult.runProtected(TestResult.java:142)
	at junit.framework.TestResult.run(TestResult.java:125)
	at junit.framework.TestCase.run(TestCase.java:129)
	at junit.framework.TestSuite.runTest(TestSuite.java:255)
	at junit.framework.TestSuite.run(TestSuite.java:250)
	at org.junit.internal.runners.JUnit38ClassRunner.run(JUnit38ClassRunner.java:84)
	at org.apache.maven.surefire.junit4.JUnit4TestSet.execute(JUnit4TestSet.java:35)
	at org.apache.maven.surefire.junit4.JUnit4Provider.executeTestSet(JUnit4Provider.java:146)
	at org.apache.maven.surefire.junit4.JUnit4Provider.invoke(JUnit4Provider.java:97)
	at sun.reflect.NativeMethodAccessorImpl.invoke0(Native Method)
	at sun.reflect.NativeMethodAccessorImpl.invoke(NativeMethodAccessorImpl.java:62)
	at sun.reflect.DelegatingMethodAccessorImpl.invoke(DelegatingMethodAccessorImpl.java:43)
	at java.lang.reflect.Method.invoke(Method.java:498)
	at org.apache.maven.surefire.booter.ProviderFactory$ClassLoaderProxy.invoke(ProviderFactory.java:103)
	at com.sun.proxy.$Proxy0.invoke(Unknown Source)
	at org.apache.maven.surefire.booter.SurefireStarter.invokeProvider(SurefireStarter.java:145)
	at org.apache.maven.surefire.booter.SurefireStarter.runSuitesInProcess(SurefireStarter.java:87)
	at org.apache.maven.surefire.booter.ForkedBooter.main(ForkedBooter.java:69)
</error>
    <system-out>@SLTests run: 1, Failures: 0, Errors: 1, Skipped: 0, Time elapsed: 0.636 sec &lt;&lt;&lt; FAILURE!
@SLRunning org.activiti.engine.test.jobexecutor.JobExecutorTest
10:47:50,666 [main] DEBUG org.activiti.engine.impl.test.PvmTestCase  - 

10:47:50,666 [main] DEBUG org.activiti.engine.impl.test.PvmTestCase  - #### START JobExecutorTest.testBasicJobExecutorOperation ###########################################################
10:47:50,667 [main] DEBUG org.activiti.engine.impl.interceptor.LogInterceptor  - 

10:47:50,667 [main] DEBUG org.activiti.engine.impl.interceptor.LogInterceptor  - --- starting  --------------------------------------------------------
10:47:50,667 [main] DEBUG org.activiti.engine.impl.db.DbSqlSession  -   insert JobEntity [id=1249]
10:47:50,667 [main] DEBUG org.activiti.engine.impl.db.DbSqlSession  -   insert JobEntity [id=1250]
10:47:50,667 [main] DEBUG org.activiti.engine.impl.db.DbSqlSession  -   insert JobEntity [id=1251]
10:47:50,667 [main] DEBUG org.activiti.engine.impl.db.DbSqlSession  -   insert JobEntity [id=1252]
10:47:50,667 [main] DEBUG org.activiti.engine.impl.db.DbSqlSession  -   insert JobEntity [id=1253]
10:47:50,667 [main] DEBUG org.activiti.engine.impl.db.DbSqlSession  -   insert JobEntity [id=1254]
10:47:50,667 [main] DEBUG org.activiti.engine.impl.db.DbSqlSession  -   insert JobEntity [id=1255]
10:47:50,667 [main] DEBUG org.activiti.engine.impl.db.DbSqlSession  - flush summary: 7 insert, 0 update, 0 delete.
10:47:50,667 [main] DEBUG org.activiti.engine.impl.db.DbSqlSession  - now executing flush...
10:47:50,668 [main] DEBUG org.apache.ibatis.transaction.jdbc.JdbcTransaction  - Opening JDBC Connection
10:47:50,668 [main] DEBUG org.apache.ibatis.datasource.pooled.PooledDataSource  - Checked out connection 486346394 from pool.
10:47:50,668 [main] DEBUG org.apache.ibatis.transaction.jdbc.JdbcTransaction  - Setting autocommit to false on JDBC Connection [conn6: url=jdbc:h2:mem:activiti user=SA]
10:47:50,668 [main] DEBUG org.activiti.engine.impl.persistence.entity.JobEntity.bulkInsertTimer  - ==&gt;  Preparing: INSERT INTO ACT_RU_JOB ( ID_, REV_, TYPE_, LOCK_OWNER_, LOCK_EXP_TIME_, EXCLUSIVE_, EXECUTION_ID_, PROCESS_INSTANCE_ID_, PROC_DEF_ID_, RETRIES_, EXCEPTION_STACK_ID_, EXCEPTION_MSG_, DUEDATE_, REPEAT_, HANDLER_TYPE_, HANDLER_CFG_, TENANT_ID_) VALUES (?, 1, ?, ?, ?, ?, ?, ?, ?, ?, ?, ?, ?, ?, ?, ?, ?) , (?, 1, ?, ?, ?, ?, ?, ?, ?, ?, ?, ?, ?, ?, ?, ?, ?) , (?, 1, ?, ?, ?, ?, ?, ?, ?, ?, ?, ?, ?, ?, ?, ?, ?) 
10:47:50,668 [main] DEBUG org.activiti.engine.impl.persistence.entity.JobEntity.bulkInsertTimer  - ==&gt; Parameters: 1253(String), timer(String), null, null, true(Boolean), null, null, null, 3(Integer), null, null, 2023-03-20 10:47:50.667(Timestamp), null, tweet(String), timer-one(String), (String), 1254(String), timer(String), null, null, true(Boolean), null, null, null, 3(Integer), null, null, 2023-03-20 10:47:50.667(Timestamp), null, tweet(String), timer-one(String), (String), 1255(String), timer(String), null, null, true(Boolean), null, null, null, 3(Integer), null, null, 2023-03-20 10:47:50.667(Timestamp), null, tweet(String), timer-two(String), (String)
10:47:50,668 [main] DEBUG org.activiti.engine.impl.persistence.entity.JobEntity.bulkInsertTimer  - &lt;==    Updates: 3
10:47:50,668 [main] DEBUG org.activiti.engine.impl.persistence.entity.JobEntity.bulkInsertMessage  - ==&gt;  Preparing: INSERT INTO ACT_RU_JOB ( ID_, REV_, TYPE_, LOCK_OWNER_, LOCK_EXP_TIME_, EXCLUSIVE_, EXECUTION_ID_, PROCESS_INSTANCE_ID_, PROC_DEF_ID_, DUEDATE_, RETRIES_, EXCEPTION_STACK_ID_, EXCEPTION_MSG_, HANDLER_TYPE_, HANDLER_CFG_, TENANT_ID_) VALUES (?, 1, ?, ?, ?, ?, ?, ?, ?, ?, ?, ?, ?, ?, ?, ?) , (?, 1, ?, ?, ?, ?, ?, ?, ?, ?, ?, ?, ?, ?, ?, ?) , (?, 1, ?, ?, ?, ?, ?, ?, ?, ?, ?, ?, ?, ?, ?, ?) , (?, 1, ?, ?, ?, ?, ?, ?, ?, ?, ?, ?, ?, ?, ?, ?) 
10:47:50,668 [main] DEBUG org.activiti.engine.impl.persistence.entity.JobEntity.bulkInsertMessage  - ==&gt; Parameters: 1249(String), message(String), null, null, true(Boolean), null, null, null, 2023-03-20 10:52:50.667(Timestamp), 3(Integer), null, null, tweet(String), message-one(String), (String), 1250(String), message(String), null, null, true(Boolean), null, null, null, 2023-03-20 10:52:50.667(Timestamp), 3(Integer), null, null, tweet(String), message-two(String), (String), 1251(String), message(String), null, null, true(Boolean), null, null, null, 2023-03-20 10:52:50.667(Timestamp), 3(Integer), null, null, tweet(String), message-three(String), (String), 1252(String), message(String), null, null, true(Boolean), null, null, null, 2023-03-20 10:52:50.667(Timestamp), 3(Integer), null, null, tweet(String), message-four(String), (String)
10:47:50,668 [main] DEBUG org.activiti.engine.impl.persistence.entity.JobEntity.bulkInsertMessage  - &lt;==    Updates: 4
10:47:50,668 [main] DEBUG org.activiti.engine.impl.cfg.standalone.StandaloneMybatisTransactionContext  - firing event committing...
10:47:50,668 [main] DEBUG org.activiti.engine.impl.cfg.standalone.StandaloneMybatisTransactionContext  - committing the ibatis sql session...
10:47:50,668 [main] DEBUG org.apache.ibatis.transaction.jdbc.JdbcTransaction  - Committing JDBC Connection [conn6: url=jdbc:h2:mem:activiti user=SA]
10:47:50,669 [main] DEBUG org.activiti.engine.impl.cfg.standalone.StandaloneMybatisTransactionContext  - firing event committed...
10:47:50,669 [main] DEBUG org.activiti.engine.impl.jobexecutor.AsyncJobAddedNotification  - notifying job executor of new job
10:47:50,669 [main] DEBUG org.activiti.engine.impl.jobexecutor.AsyncJobAddedNotification  - notifying job executor of new job
10:47:50,669 [main] DEBUG org.activiti.engine.impl.jobexecutor.AsyncJobAddedNotification  - notifying job executor of new job
10:47:50,669 [main] DEBUG org.activiti.engine.impl.jobexecutor.AsyncJobAddedNotification  - notifying job executor of new job
10:47:50,669 [main] DEBUG org.apache.ibatis.transaction.jdbc.JdbcTransaction  - Resetting autocommit to true on JDBC Connection [conn6: url=jdbc:h2:mem:activiti user=SA]
10:47:50,669 [main] DEBUG org.apache.ibatis.transaction.jdbc.JdbcTransaction  - Closing JDBC Connection [conn6: url=jdbc:h2:mem:activiti user=SA]
10:47:50,669 [main] DEBUG org.apache.ibatis.datasource.pooled.PooledDataSource  - Returned connection 486346394 to pool.
10:47:50,669 [main] DEBUG org.activiti.engine.impl.interceptor.LogInterceptor  - ---  finished --------------------------------------------------------
10:47:50,669 [main] DEBUG org.activiti.engine.impl.interceptor.LogInterceptor  - 

10:47:50,669 [main] INFO  org.activiti.engine.impl.asyncexecutor.DefaultAsyncJobExecutor  - Starting up the default async job executor [org.activiti.engine.impl.asyncexecutor.DefaultAsyncJobExecutor].
10:47:50,669 [main] INFO  org.activiti.engine.impl.asyncexecutor.DefaultAsyncJobExecutor  - Creating executor service with corePoolSize 2, maxPoolSize 10 and keepAliveTime 5000
10:47:50,669 [Thread-118] INFO  org.activiti.engine.impl.asyncexecutor.AcquireAsyncJobsDueRunnable  - {} starting to acquire async jobs due
10:47:50,669 [Thread-118] DEBUG org.activiti.engine.impl.interceptor.LogInterceptor  - 

10:47:50,669 [Thread-118] DEBUG org.activiti.engine.impl.interceptor.LogInterceptor  - --- starting AcquireAsyncJobsDueCmd --------------------------------------------------------
10:47:50,669 [pool-22-thread-2] DEBUG org.activiti.engine.impl.interceptor.LogInterceptor  - 

10:47:50,670 [pool-22-thread-2] DEBUG org.activiti.engine.impl.interceptor.LogInterceptor  - --- starting LockExclusiveJobCmd --------------------------------------------------------
10:47:50,669 [pool-22-thread-1] DEBUG org.activiti.engine.impl.interceptor.LogInterceptor  - 

10:47:50,670 [pool-22-thread-1] DEBUG org.activiti.engine.impl.interceptor.LogInterceptor  - --- starting LockExclusiveJobCmd --------------------------------------------------------
10:47:50,670 [pool-22-thread-1] DEBUG org.activiti.engine.impl.cmd.LockExclusiveJobCmd  - Executing lock exclusive job 1249 null
10:47:50,670 [pool-22-thread-1] DEBUG org.activiti.engine.impl.cfg.standalone.StandaloneMybatisTransactionContext  - firing event committing...
10:47:50,670 [pool-22-thread-1] DEBUG org.activiti.engine.impl.cfg.standalone.StandaloneMybatisTransactionContext  - committing the ibatis sql session...
10:47:50,670 [pool-22-thread-1] DEBUG org.activiti.engine.impl.cfg.standalone.StandaloneMybatisTransactionContext  - firing event committed...
10:47:50,670 [pool-22-thread-1] DEBUG org.activiti.engine.impl.interceptor.LogInterceptor  - --- LockExclusiveJobCmd finished --------------------------------------------------------
10:47:50,670 [pool-22-thread-1] DEBUG org.activiti.engine.impl.interceptor.LogInterceptor  - 

10:47:50,670 [pool-22-thread-1] DEBUG org.activiti.engine.impl.interceptor.LogInterceptor  - 

10:47:50,670 [pool-22-thread-1] DEBUG org.activiti.engine.impl.interceptor.LogInterceptor  - --- starting ExecuteAsyncJobCmd --------------------------------------------------------
10:47:50,670 [pool-22-thread-1] DEBUG org.activiti.engine.impl.cmd.ExecuteAsyncJobCmd  - Executing async job 1249
10:47:50,669 [Thread-117] INFO  org.activiti.engine.impl.asyncexecutor.AcquireTimerJobsRunnable  - {} starting to acquire async jobs due
10:47:50,670 [Thread-117] DEBUG org.activiti.engine.impl.interceptor.LogInterceptor  - 

10:47:50,670 [Thread-117] DEBUG org.activiti.engine.impl.interceptor.LogInterceptor  - --- starting AcquireTimerJobsCmd --------------------------------------------------------
10:47:50,670 [pool-22-thread-1] DEBUG org.activiti.engine.impl.db.DbSqlSession  -   delete JobEntity [id=1249]
10:47:50,670 [pool-22-thread-1] DEBUG org.activiti.engine.impl.db.DbSqlSession  - flush summary: 0 insert, 0 update, 1 delete.
10:47:50,670 [pool-22-thread-1] DEBUG org.activiti.engine.impl.db.DbSqlSession  - now executing flush...
10:47:50,670 [pool-22-thread-1] DEBUG org.activiti.engine.impl.db.DbSqlSession  - executing: delete JobEntity [id=1249]
10:47:50,670 [pool-22-thread-1] DEBUG org.apache.ibatis.transaction.jdbc.JdbcTransaction  - Opening JDBC Connection
10:47:50,670 [pool-22-thread-1] DEBUG org.apache.ibatis.datasource.pooled.PooledDataSource  - Checked out connection 297240765 from pool.
10:47:50,670 [pool-22-thread-1] DEBUG org.apache.ibatis.transaction.jdbc.JdbcTransaction  - Setting autocommit to false on JDBC Connection [conn4: url=jdbc:h2:mem:activiti user=SA]
10:47:50,670 [pool-22-thread-2] DEBUG org.activiti.engine.impl.cmd.LockExclusiveJobCmd  - Executing lock exclusive job 1250 null
10:47:50,670 [pool-22-thread-2] DEBUG org.activiti.engine.impl.cfg.standalone.StandaloneMybatisTransactionContext  - firing event committing...
10:47:50,670 [pool-22-thread-2] DEBUG org.activiti.engine.impl.cfg.standalone.StandaloneMybatisTransactionContext  - committing the ibatis sql session...
10:47:50,670 [pool-22-thread-2] DEBUG org.activiti.engine.impl.cfg.standalone.StandaloneMybatisTransactionContext  - firing event committed...
10:47:50,670 [pool-22-thread-2] DEBUG org.activiti.engine.impl.interceptor.LogInterceptor  - --- LockExclusiveJobCmd finished --------------------------------------------------------
10:47:50,670 [pool-22-thread-2] DEBUG org.activiti.engine.impl.interceptor.LogInterceptor  - 

10:47:50,670 [pool-22-thread-2] DEBUG org.activiti.engine.impl.interceptor.LogInterceptor  - 

10:47:50,670 [pool-22-thread-2] DEBUG org.activiti.engine.impl.interceptor.LogInterceptor  - --- starting ExecuteAsyncJobCmd --------------------------------------------------------
10:47:50,670 [pool-22-thread-2] DEBUG org.activiti.engine.impl.cmd.ExecuteAsyncJobCmd  - Executing async job 1250
10:47:50,671 [pool-22-thread-2] DEBUG org.activiti.engine.impl.db.DbSqlSession  -   delete JobEntity [id=1250]
10:47:50,671 [pool-22-thread-2] DEBUG org.activiti.engine.impl.db.DbSqlSession  - flush summary: 0 insert, 0 update, 1 delete.
10:47:50,671 [pool-22-thread-2] DEBUG org.activiti.engine.impl.db.DbSqlSession  - now executing flush...
10:47:50,671 [pool-22-thread-2] DEBUG org.activiti.engine.impl.db.DbSqlSession  - executing: delete JobEntity [id=1250]
10:47:50,671 [pool-22-thread-2] DEBUG org.apache.ibatis.transaction.jdbc.JdbcTransaction  - Opening JDBC Connection
10:47:50,671 [pool-22-thread-2] DEBUG org.apache.ibatis.datasource.pooled.PooledDataSource  - Checked out connection 180014677 from pool.
10:47:50,669 [Thread-118] DEBUG org.apache.ibatis.transaction.jdbc.JdbcTransaction  - Opening JDBC Connection
10:47:50,671 [Thread-118] DEBUG org.apache.ibatis.datasource.pooled.PooledDataSource  - Checked out connection 363509958 from pool.
10:47:50,671 [Thread-118] DEBUG org.apache.ibatis.transaction.jdbc.JdbcTransaction  - Setting autocommit to false on JDBC Connection [conn2: url=jdbc:h2:mem:activiti user=SA]
10:47:50,671 [pool-22-thread-2] DEBUG org.apache.ibatis.transaction.jdbc.JdbcTransaction  - Setting autocommit to false on JDBC Connection [conn3: url=jdbc:h2:mem:activiti user=SA]
10:47:50,671 [pool-22-thread-2] DEBUG org.activiti.engine.impl.persistence.entity.JobEntity.deleteMessage  - ==&gt;  Preparing: delete from ACT_RU_JOB where ID_ = ? and REV_ = ? 
10:47:50,670 [pool-22-thread-1] DEBUG org.activiti.engine.impl.persistence.entity.JobEntity.deleteMessage  - ==&gt;  Preparing: delete from ACT_RU_JOB where ID_ = ? and REV_ = ? 
10:47:50,670 [Thread-117] DEBUG org.apache.ibatis.transaction.jdbc.JdbcTransaction  - Opening JDBC Connection
10:47:50,671 [Thread-117] DEBUG org.apache.ibatis.datasource.pooled.PooledDataSource  - Checked out connection 486346394 from pool.
10:47:50,671 [Thread-117] DEBUG org.apache.ibatis.transaction.jdbc.JdbcTransaction  - Setting autocommit to false on JDBC Connection [conn6: url=jdbc:h2:mem:activiti user=SA]
10:47:50,671 [Thread-117] DEBUG org.activiti.engine.impl.persistence.entity.JobEntity.selectNextTimerJobsToExecute  - ==&gt;  Preparing: select RES.* from ACT_RU_JOB RES LEFT OUTER JOIN ACT_RU_EXECUTION PI ON PI.ID_ = RES.PROCESS_INSTANCE_ID_ where (RES.RETRIES_ &gt; 0) and (RES.DUEDATE_ is null or RES.DUEDATE_ &lt;= ?) and (RES.LOCK_OWNER_ is null or RES.LOCK_EXP_TIME_ &lt;= ?) and TYPE_ = &apos;timer&apos; and ( (RES.EXECUTION_ID_ is null) or (PI.SUSPENSION_STATE_ = 1) ) LIMIT ? OFFSET ? 
10:47:50,671 [Thread-117] DEBUG org.activiti.engine.impl.persistence.entity.JobEntity.selectNextTimerJobsToExecute  - ==&gt; Parameters: 2023-03-20 10:48:50.669(Timestamp), 2023-03-20 10:48:50.669(Timestamp), 1(Integer), 0(Integer)
10:47:50,671 [pool-22-thread-1] DEBUG org.activiti.engine.impl.persistence.entity.JobEntity.deleteMessage  - ==&gt; Parameters: 1249(String), 1(Integer)
10:47:50,671 [pool-22-thread-2] DEBUG org.activiti.engine.impl.persistence.entity.JobEntity.deleteMessage  - ==&gt; Parameters: 1250(String), 1(Integer)
10:47:50,671 [Thread-118] DEBUG org.activiti.engine.impl.persistence.entity.JobEntity.selectAsyncJobsDueToExecute  - ==&gt;  Preparing: select RES.* from ACT_RU_JOB RES LEFT OUTER JOIN ACT_RU_EXECUTION PI ON PI.ID_ = RES.PROCESS_INSTANCE_ID_ where RES.RETRIES_ &gt; 0 and RES.DUEDATE_ is not null and RES.DUEDATE_ &lt;= ? and (RES.LOCK_EXP_TIME_ is null or RES.LOCK_EXP_TIME_ &lt;= ?) and TYPE_ = &apos;message&apos; and ( (RES.EXECUTION_ID_ is null) or (PI.SUSPENSION_STATE_ = 1) ) LIMIT ? OFFSET ? 
10:47:50,671 [Thread-117] DEBUG org.activiti.engine.impl.persistence.entity.JobEntity.selectNextTimerJobsToExecute  - &lt;==      Total: 1
10:47:50,671 [Thread-117] DEBUG org.activiti.engine.impl.db.DbSqlSession  -   update JobEntity [id=1253]
10:47:50,671 [Thread-117] DEBUG org.activiti.engine.impl.db.DbSqlSession  - flush summary: 0 insert, 1 update, 0 delete.
10:47:50,671 [Thread-117] DEBUG org.activiti.engine.impl.db.DbSqlSession  - now executing flush...
10:47:50,671 [Thread-117] DEBUG org.activiti.engine.impl.db.DbSqlSession  - updating: JobEntity [id=1253]
10:47:50,671 [pool-22-thread-1] DEBUG org.activiti.engine.impl.persistence.entity.JobEntity.deleteMessage  - &lt;==    Updates: 1
10:47:50,672 [pool-22-thread-1] DEBUG org.activiti.engine.impl.cfg.standalone.StandaloneMybatisTransactionContext  - firing event committing...
10:47:50,672 [pool-22-thread-1] DEBUG org.activiti.engine.impl.cfg.standalone.StandaloneMybatisTransactionContext  - committing the ibatis sql session...
10:47:50,672 [pool-22-thread-1] DEBUG org.apache.ibatis.transaction.jdbc.JdbcTransaction  - Committing JDBC Connection [conn4: url=jdbc:h2:mem:activiti user=SA]
10:47:50,672 [Thread-117] DEBUG org.activiti.engine.impl.persistence.entity.JobEntity.updateTimer  - ==&gt;  Preparing: update ACT_RU_JOB SET REV_ = ?, LOCK_EXP_TIME_ = ?, LOCK_OWNER_ = ?, RETRIES_ = ?, EXCEPTION_STACK_ID_ = ?, EXCEPTION_MSG_ = ?, DUEDATE_ = ? where ID_= ? and REV_ = ? 
10:47:50,671 [Thread-118] DEBUG org.activiti.engine.impl.persistence.entity.JobEntity.selectAsyncJobsDueToExecute  - ==&gt; Parameters: 2023-03-20 10:48:50.669(Timestamp), 2023-03-20 10:48:50.669(Timestamp), 1(Integer), 0(Integer)
10:47:50,672 [Thread-117] DEBUG org.activiti.engine.impl.persistence.entity.JobEntity.updateTimer  - ==&gt; Parameters: 2(Integer), 2023-03-20 10:53:50.669(Timestamp), a4bfaf97-1918-458a-9372-225acf844469(String), 3(Integer), null, null, 2023-03-20 10:47:50.667(Timestamp), 1253(String), 1(Integer)
10:47:50,672 [pool-22-thread-2] DEBUG org.activiti.engine.impl.persistence.entity.JobEntity.deleteMessage  - &lt;==    Updates: 1
10:47:50,672 [pool-22-thread-2] DEBUG org.activiti.engine.impl.cfg.standalone.StandaloneMybatisTransactionContext  - firing event committing...
10:47:50,672 [pool-22-thread-2] DEBUG org.activiti.engine.impl.cfg.standalone.StandaloneMybatisTransactionContext  - committing the ibatis sql session...
10:47:50,672 [pool-22-thread-2] DEBUG org.apache.ibatis.transaction.jdbc.JdbcTransaction  - Committing JDBC Connection [conn3: url=jdbc:h2:mem:activiti user=SA]
10:47:50,672 [pool-22-thread-1] DEBUG org.activiti.engine.impl.cfg.standalone.StandaloneMybatisTransactionContext  - firing event committed...
10:47:50,672 [Thread-117] DEBUG org.activiti.engine.impl.persistence.entity.JobEntity.updateTimer  - &lt;==    Updates: 1
10:47:50,672 [Thread-117] DEBUG org.activiti.engine.impl.cfg.standalone.StandaloneMybatisTransactionContext  - firing event committing...
10:47:50,672 [Thread-117] DEBUG org.activiti.engine.impl.cfg.standalone.StandaloneMybatisTransactionContext  - committing the ibatis sql session...
10:47:50,672 [Thread-117] DEBUG org.apache.ibatis.transaction.jdbc.JdbcTransaction  - Committing JDBC Connection [conn6: url=jdbc:h2:mem:activiti user=SA]
10:47:50,672 [Thread-117] DEBUG org.activiti.engine.impl.cfg.standalone.StandaloneMybatisTransactionContext  - firing event committed...
10:47:50,672 [Thread-118] DEBUG org.activiti.engine.impl.persistence.entity.JobEntity.selectAsyncJobsDueToExecute  - &lt;==      Total: 0
10:47:50,672 [Thread-118] DEBUG org.activiti.engine.impl.db.DbSqlSession  - flush summary: 0 insert, 0 update, 0 delete.
10:47:50,672 [Thread-118] DEBUG org.activiti.engine.impl.db.DbSqlSession  - now executing flush...
10:47:50,672 [Thread-118] DEBUG org.activiti.engine.impl.cfg.standalone.StandaloneMybatisTransactionContext  - firing event committing...
10:47:50,672 [Thread-118] DEBUG org.activiti.engine.impl.cfg.standalone.StandaloneMybatisTransactionContext  - committing the ibatis sql session...
10:47:50,672 [Thread-118] DEBUG org.activiti.engine.impl.cfg.standalone.StandaloneMybatisTransactionContext  - firing event committed...
10:47:50,672 [Thread-118] DEBUG org.apache.ibatis.transaction.jdbc.JdbcTransaction  - Resetting autocommit to true on JDBC Connection [conn2: url=jdbc:h2:mem:activiti user=SA]
10:47:50,672 [Thread-118] DEBUG org.apache.ibatis.transaction.jdbc.JdbcTransaction  - Closing JDBC Connection [conn2: url=jdbc:h2:mem:activiti user=SA]
10:47:50,672 [Thread-118] DEBUG org.apache.ibatis.datasource.pooled.PooledDataSource  - Returned connection 363509958 to pool.
10:47:50,672 [Thread-118] DEBUG org.activiti.engine.impl.interceptor.LogInterceptor  - --- AcquireAsyncJobsDueCmd finished --------------------------------------------------------
10:47:50,672 [Thread-118] DEBUG org.activiti.engine.impl.interceptor.LogInterceptor  - 

10:47:50,672 [pool-22-thread-2] DEBUG org.activiti.engine.impl.cfg.standalone.StandaloneMybatisTransactionContext  - firing event committed...
10:47:50,672 [pool-22-thread-2] DEBUG org.apache.ibatis.transaction.jdbc.JdbcTransaction  - Resetting autocommit to true on JDBC Connection [conn3: url=jdbc:h2:mem:activiti user=SA]
10:47:50,672 [pool-22-thread-2] DEBUG org.apache.ibatis.transaction.jdbc.JdbcTransaction  - Closing JDBC Connection [conn3: url=jdbc:h2:mem:activiti user=SA]
10:47:50,672 [Thread-118] DEBUG org.activiti.engine.impl.asyncexecutor.AcquireAsyncJobsDueRunnable  - async job acquisition thread sleeping for 1000 millis
10:47:50,672 [Thread-117] DEBUG org.apache.ibatis.transaction.jdbc.JdbcTransaction  - Resetting autocommit to true on JDBC Connection [conn6: url=jdbc:h2:mem:activiti user=SA]
10:47:50,672 [Thread-117] DEBUG org.apache.ibatis.transaction.jdbc.JdbcTransaction  - Closing JDBC Connection [conn6: url=jdbc:h2:mem:activiti user=SA]
10:47:50,672 [pool-22-thread-1] DEBUG org.apache.ibatis.transaction.jdbc.JdbcTransaction  - Resetting autocommit to true on JDBC Connection [conn4: url=jdbc:h2:mem:activiti user=SA]
10:47:50,673 [pool-22-thread-1] DEBUG org.apache.ibatis.transaction.jdbc.JdbcTransaction  - Closing JDBC Connection [conn4: url=jdbc:h2:mem:activiti user=SA]
10:47:50,672 [pool-22-thread-2] DEBUG org.apache.ibatis.datasource.pooled.PooledDataSource  - Returned connection 180014677 to pool.
10:47:50,673 [pool-22-thread-2] DEBUG org.activiti.engine.impl.interceptor.LogInterceptor  - --- ExecuteAsyncJobCmd finished --------------------------------------------------------
10:47:50,673 [pool-22-thread-2] DEBUG org.activiti.engine.impl.interceptor.LogInterceptor  - 

10:47:50,673 [pool-22-thread-2] DEBUG org.activiti.engine.impl.interceptor.LogInterceptor  - 

10:47:50,673 [pool-22-thread-2] DEBUG org.activiti.engine.impl.interceptor.LogInterceptor  - --- starting UnlockExclusiveJobCmd --------------------------------------------------------
10:47:50,673 [pool-22-thread-2] DEBUG org.activiti.engine.impl.cmd.UnlockExclusiveJobCmd  - Unlocking exclusive job 1250
10:47:50,673 [pool-22-thread-2] DEBUG org.activiti.engine.impl.cfg.standalone.StandaloneMybatisTransactionContext  - firing event committing...
10:47:50,673 [pool-22-thread-2] DEBUG org.activiti.engine.impl.cfg.standalone.StandaloneMybatisTransactionContext  - committing the ibatis sql session...
10:47:50,673 [pool-22-thread-2] DEBUG org.activiti.engine.impl.cfg.standalone.StandaloneMybatisTransactionContext  - firing event committed...
10:47:50,673 [pool-22-thread-1] DEBUG org.apache.ibatis.datasource.pooled.PooledDataSource  - Returned connection 297240765 to pool.
10:47:50,673 [pool-22-thread-2] DEBUG org.activiti.engine.impl.interceptor.LogInterceptor  - --- UnlockExclusiveJobCmd finished --------------------------------------------------------
10:47:50,673 [pool-22-thread-2] DEBUG org.activiti.engine.impl.interceptor.LogInterceptor  - 

10:47:50,673 [Thread-117] DEBUG org.apache.ibatis.datasource.pooled.PooledDataSource  - Returned connection 486346394 to pool.
10:47:50,673 [Thread-117] DEBUG org.activiti.engine.impl.interceptor.LogInterceptor  - --- AcquireTimerJobsCmd finished --------------------------------------------------------
10:47:50,673 [Thread-117] DEBUG org.activiti.engine.impl.interceptor.LogInterceptor  - 

10:47:50,673 [pool-22-thread-1] DEBUG org.activiti.engine.impl.interceptor.LogInterceptor  - --- ExecuteAsyncJobCmd finished --------------------------------------------------------
10:47:50,673 [pool-22-thread-1] DEBUG org.activiti.engine.impl.interceptor.LogInterceptor  - 

10:47:50,673 [pool-22-thread-1] DEBUG org.activiti.engine.impl.interceptor.LogInterceptor  - 

10:47:50,673 [pool-22-thread-1] DEBUG org.activiti.engine.impl.interceptor.LogInterceptor  - --- starting UnlockExclusiveJobCmd --------------------------------------------------------
10:47:50,673 [Thread-117] DEBUG org.activiti.engine.impl.interceptor.LogInterceptor  - 

10:47:50,673 [Thread-117] DEBUG org.activiti.engine.impl.interceptor.LogInterceptor  - --- starting AcquireTimerJobsCmd --------------------------------------------------------
10:47:50,673 [pool-22-thread-2] DEBUG org.activiti.engine.impl.interceptor.LogInterceptor  - 

10:47:50,673 [pool-22-thread-2] DEBUG org.activiti.engine.impl.interceptor.LogInterceptor  - --- starting LockExclusiveJobCmd --------------------------------------------------------
10:47:50,673 [pool-22-thread-2] DEBUG org.activiti.engine.impl.cmd.LockExclusiveJobCmd  - Executing lock exclusive job 1251 null
10:47:50,673 [pool-22-thread-2] DEBUG org.activiti.engine.impl.cfg.standalone.StandaloneMybatisTransactionContext  - firing event committing...
10:47:50,673 [Thread-117] DEBUG org.apache.ibatis.transaction.jdbc.JdbcTransaction  - Opening JDBC Connection
10:47:50,673 [Thread-117] DEBUG org.apache.ibatis.datasource.pooled.PooledDataSource  - Checked out connection 363509958 from pool.
10:47:50,673 [pool-22-thread-1] DEBUG org.activiti.engine.impl.cmd.UnlockExclusiveJobCmd  - Unlocking exclusive job 1249
10:47:50,673 [pool-22-thread-1] DEBUG org.activiti.engine.impl.cfg.standalone.StandaloneMybatisTransactionContext  - firing event committing...
10:47:50,673 [pool-22-thread-1] DEBUG org.activiti.engine.impl.cfg.standalone.StandaloneMybatisTransactionContext  - committing the ibatis sql session...
10:47:50,673 [pool-22-thread-1] DEBUG org.activiti.engine.impl.cfg.standalone.StandaloneMybatisTransactionContext  - firing event committed...
10:47:50,673 [Thread-117] DEBUG org.apache.ibatis.transaction.jdbc.JdbcTransaction  - Setting autocommit to false on JDBC Connection [conn2: url=jdbc:h2:mem:activiti user=SA]
10:47:50,673 [pool-22-thread-2] DEBUG org.activiti.engine.impl.cfg.standalone.StandaloneMybatisTransactionContext  - committing the ibatis sql session...
10:47:50,673 [pool-22-thread-2] DEBUG org.activiti.engine.impl.cfg.standalone.StandaloneMybatisTransactionContext  - firing event committed...
10:47:50,674 [pool-22-thread-2] DEBUG org.activiti.engine.impl.interceptor.LogInterceptor  - --- LockExclusiveJobCmd finished --------------------------------------------------------
10:47:50,674 [pool-22-thread-2] DEBUG org.activiti.engine.impl.interceptor.LogInterceptor  - 

10:47:50,674 [pool-22-thread-2] DEBUG org.activiti.engine.impl.interceptor.LogInterceptor  - 

10:47:50,674 [pool-22-thread-2] DEBUG org.activiti.engine.impl.interceptor.LogInterceptor  - --- starting ExecuteAsyncJobCmd --------------------------------------------------------
10:47:50,674 [pool-22-thread-2] DEBUG org.activiti.engine.impl.cmd.ExecuteAsyncJobCmd  - Executing async job 1251
10:47:50,674 [pool-22-thread-2] DEBUG org.activiti.engine.impl.db.DbSqlSession  -   delete JobEntity [id=1251]
10:47:50,674 [pool-22-thread-2] DEBUG org.activiti.engine.impl.db.DbSqlSession  - flush summary: 0 insert, 0 update, 1 delete.
10:47:50,674 [pool-22-thread-2] DEBUG org.activiti.engine.impl.db.DbSqlSession  - now executing flush...
10:47:50,674 [pool-22-thread-2] DEBUG org.activiti.engine.impl.db.DbSqlSession  - executing: delete JobEntity [id=1251]
10:47:50,674 [pool-22-thread-2] DEBUG org.apache.ibatis.transaction.jdbc.JdbcTransaction  - Opening JDBC Connection
10:47:50,673 [Thread-117] DEBUG org.activiti.engine.impl.persistence.entity.JobEntity.selectNextTimerJobsToExecute  - ==&gt;  Preparing: select RES.* from ACT_RU_JOB RES LEFT OUTER JOIN ACT_RU_EXECUTION PI ON PI.ID_ = RES.PROCESS_INSTANCE_ID_ where (RES.RETRIES_ &gt; 0) and (RES.DUEDATE_ is null or RES.DUEDATE_ &lt;= ?) and (RES.LOCK_OWNER_ is null or RES.LOCK_EXP_TIME_ &lt;= ?) and TYPE_ = &apos;timer&apos; and ( (RES.EXECUTION_ID_ is null) or (PI.SUSPENSION_STATE_ = 1) ) LIMIT ? OFFSET ? 
10:47:50,673 [pool-22-thread-1] DEBUG org.activiti.engine.impl.interceptor.LogInterceptor  - --- UnlockExclusiveJobCmd finished --------------------------------------------------------
10:47:50,674 [pool-22-thread-1] DEBUG org.activiti.engine.impl.interceptor.LogInterceptor  - 

10:47:50,674 [pool-22-thread-2] DEBUG org.apache.ibatis.datasource.pooled.PooledDataSource  - Checked out connection 180014677 from pool.
10:47:50,674 [pool-22-thread-2] DEBUG org.apache.ibatis.transaction.jdbc.JdbcTransaction  - Setting autocommit to false on JDBC Connection [conn3: url=jdbc:h2:mem:activiti user=SA]
10:47:50,674 [pool-22-thread-2] DEBUG org.activiti.engine.impl.persistence.entity.JobEntity.deleteMessage  - ==&gt;  Preparing: delete from ACT_RU_JOB where ID_ = ? and REV_ = ? 
10:47:50,674 [Thread-117] DEBUG org.activiti.engine.impl.persistence.entity.JobEntity.selectNextTimerJobsToExecute  - ==&gt; Parameters: 2023-03-20 10:48:50.669(Timestamp), 2023-03-20 10:48:50.669(Timestamp), 1(Integer), 0(Integer)
10:47:50,674 [pool-22-thread-1] DEBUG org.activiti.engine.impl.interceptor.LogInterceptor  - 

10:47:50,674 [pool-22-thread-1] DEBUG org.activiti.engine.impl.interceptor.LogInterceptor  - --- starting LockExclusiveJobCmd --------------------------------------------------------
10:47:50,674 [pool-22-thread-1] DEBUG org.activiti.engine.impl.cmd.LockExclusiveJobCmd  - Executing lock exclusive job 1252 null
10:47:50,674 [pool-22-thread-1] DEBUG org.activiti.engine.impl.cfg.standalone.StandaloneMybatisTransactionContext  - firing event committing...
10:47:50,674 [pool-22-thread-1] DEBUG org.activiti.engine.impl.cfg.standalone.StandaloneMybatisTransactionContext  - committing the ibatis sql session...
10:47:50,674 [pool-22-thread-1] DEBUG org.activiti.engine.impl.cfg.standalone.StandaloneMybatisTransactionContext  - firing event committed...
10:47:50,674 [pool-22-thread-1] DEBUG org.activiti.engine.impl.interceptor.LogInterceptor  - --- LockExclusiveJobCmd finished --------------------------------------------------------
10:47:50,674 [pool-22-thread-1] DEBUG org.activiti.engine.impl.interceptor.LogInterceptor  - 

10:47:50,674 [pool-22-thread-1] DEBUG org.activiti.engine.impl.interceptor.LogInterceptor  - 

10:47:50,674 [pool-22-thread-1] DEBUG org.activiti.engine.impl.interceptor.LogInterceptor  - --- starting ExecuteAsyncJobCmd --------------------------------------------------------
10:47:50,674 [pool-22-thread-1] DEBUG org.activiti.engine.impl.cmd.ExecuteAsyncJobCmd  - Executing async job 1252
10:47:50,674 [pool-22-thread-2] DEBUG org.activiti.engine.impl.persistence.entity.JobEntity.deleteMessage  - ==&gt; Parameters: 1251(String), 1(Integer)
10:47:50,674 [pool-22-thread-1] DEBUG org.activiti.engine.impl.db.DbSqlSession  -   delete JobEntity [id=1252]
10:47:50,674 [pool-22-thread-1] DEBUG org.activiti.engine.impl.db.DbSqlSession  - flush summary: 0 insert, 0 update, 1 delete.
10:47:50,674 [pool-22-thread-1] DEBUG org.activiti.engine.impl.db.DbSqlSession  - now executing flush...
10:47:50,674 [pool-22-thread-1] DEBUG org.activiti.engine.impl.db.DbSqlSession  - executing: delete JobEntity [id=1252]
10:47:50,674 [pool-22-thread-1] DEBUG org.apache.ibatis.transaction.jdbc.JdbcTransaction  - Opening JDBC Connection
10:47:50,674 [pool-22-thread-1] DEBUG org.apache.ibatis.datasource.pooled.PooledDataSource  - Checked out connection 297240765 from pool.
10:47:50,674 [pool-22-thread-1] DEBUG org.apache.ibatis.transaction.jdbc.JdbcTransaction  - Setting autocommit to false on JDBC Connection [conn4: url=jdbc:h2:mem:activiti user=SA]
10:47:50,674 [pool-22-thread-1] DEBUG org.activiti.engine.impl.persistence.entity.JobEntity.deleteMessage  - ==&gt;  Preparing: delete from ACT_RU_JOB where ID_ = ? and REV_ = ? 
10:47:50,674 [Thread-117] DEBUG org.activiti.engine.impl.persistence.entity.JobEntity.selectNextTimerJobsToExecute  - &lt;==      Total: 1
10:47:50,674 [pool-22-thread-1] DEBUG org.activiti.engine.impl.persistence.entity.JobEntity.deleteMessage  - ==&gt; Parameters: 1252(String), 1(Integer)
10:47:50,674 [pool-22-thread-2] DEBUG org.activiti.engine.impl.persistence.entity.JobEntity.deleteMessage  - &lt;==    Updates: 1
10:47:50,675 [pool-22-thread-2] DEBUG org.activiti.engine.impl.cfg.standalone.StandaloneMybatisTransactionContext  - firing event committing...
10:47:50,675 [pool-22-thread-2] DEBUG org.activiti.engine.impl.cfg.standalone.StandaloneMybatisTransactionContext  - committing the ibatis sql session...
10:47:50,675 [pool-22-thread-2] DEBUG org.apache.ibatis.transaction.jdbc.JdbcTransaction  - Committing JDBC Connection [conn3: url=jdbc:h2:mem:activiti user=SA]
10:47:50,674 [Thread-117] DEBUG org.activiti.engine.impl.db.DbSqlSession  -   update JobEntity [id=1254]
10:47:50,675 [Thread-117] DEBUG org.activiti.engine.impl.db.DbSqlSession  - flush summary: 0 insert, 1 update, 0 delete.
10:47:50,675 [Thread-117] DEBUG org.activiti.engine.impl.db.DbSqlSession  - now executing flush...
10:47:50,675 [Thread-117] DEBUG org.activiti.engine.impl.db.DbSqlSession  - updating: JobEntity [id=1254]
10:47:50,675 [pool-22-thread-1] DEBUG org.activiti.engine.impl.persistence.entity.JobEntity.deleteMessage  - &lt;==    Updates: 1
10:47:50,675 [pool-22-thread-1] DEBUG org.activiti.engine.impl.cfg.standalone.StandaloneMybatisTransactionContext  - firing event committing...
10:47:50,675 [pool-22-thread-1] DEBUG org.activiti.engine.impl.cfg.standalone.StandaloneMybatisTransactionContext  - committing the ibatis sql session...
10:47:50,675 [pool-22-thread-1] DEBUG org.apache.ibatis.transaction.jdbc.JdbcTransaction  - Committing JDBC Connection [conn4: url=jdbc:h2:mem:activiti user=SA]
10:47:50,675 [pool-22-thread-1] DEBUG org.activiti.engine.impl.cfg.standalone.StandaloneMybatisTransactionContext  - firing event committed...
10:47:50,675 [pool-22-thread-1] DEBUG org.apache.ibatis.transaction.jdbc.JdbcTransaction  - Resetting autocommit to true on JDBC Connection [conn4: url=jdbc:h2:mem:activiti user=SA]
10:47:50,675 [pool-22-thread-1] DEBUG org.apache.ibatis.transaction.jdbc.JdbcTransaction  - Closing JDBC Connection [conn4: url=jdbc:h2:mem:activiti user=SA]
10:47:50,675 [pool-22-thread-2] DEBUG org.activiti.engine.impl.cfg.standalone.StandaloneMybatisTransactionContext  - firing event committed...
10:47:50,675 [pool-22-thread-2] DEBUG org.apache.ibatis.transaction.jdbc.JdbcTransaction  - Resetting autocommit to true on JDBC Connection [conn3: url=jdbc:h2:mem:activiti user=SA]
10:47:50,675 [pool-22-thread-2] DEBUG org.apache.ibatis.transaction.jdbc.JdbcTransaction  - Closing JDBC Connection [conn3: url=jdbc:h2:mem:activiti user=SA]
10:47:50,675 [pool-22-thread-1] DEBUG org.apache.ibatis.datasource.pooled.PooledDataSource  - Returned connection 297240765 to pool.
10:47:50,675 [Thread-117] DEBUG org.activiti.engine.impl.persistence.entity.JobEntity.updateTimer  - ==&gt;  Preparing: update ACT_RU_JOB SET REV_ = ?, LOCK_EXP_TIME_ = ?, LOCK_OWNER_ = ?, RETRIES_ = ?, EXCEPTION_STACK_ID_ = ?, EXCEPTION_MSG_ = ?, DUEDATE_ = ? where ID_= ? and REV_ = ? 
10:47:50,675 [pool-22-thread-2] DEBUG org.apache.ibatis.datasource.pooled.PooledDataSource  - Returned connection 180014677 to pool.
10:47:50,675 [Thread-117] DEBUG org.activiti.engine.impl.persistence.entity.JobEntity.updateTimer  - ==&gt; Parameters: 2(Integer), 2023-03-20 10:53:50.669(Timestamp), a4bfaf97-1918-458a-9372-225acf844469(String), 3(Integer), null, null, 2023-03-20 10:47:50.667(Timestamp), 1254(String), 1(Integer)
10:47:50,675 [pool-22-thread-1] DEBUG org.activiti.engine.impl.interceptor.LogInterceptor  - --- ExecuteAsyncJobCmd finished --------------------------------------------------------
10:47:50,675 [pool-22-thread-1] DEBUG org.activiti.engine.impl.interceptor.LogInterceptor  - 

10:47:50,675 [pool-22-thread-1] DEBUG org.activiti.engine.impl.interceptor.LogInterceptor  - 

10:47:50,675 [pool-22-thread-1] DEBUG org.activiti.engine.impl.interceptor.LogInterceptor  - --- starting UnlockExclusiveJobCmd --------------------------------------------------------
10:47:50,675 [pool-22-thread-1] DEBUG org.activiti.engine.impl.cmd.UnlockExclusiveJobCmd  - Unlocking exclusive job 1252
10:47:50,675 [pool-22-thread-1] DEBUG org.activiti.engine.impl.cfg.standalone.StandaloneMybatisTransactionContext  - firing event committing...
10:47:50,675 [pool-22-thread-1] DEBUG org.activiti.engine.impl.cfg.standalone.StandaloneMybatisTransactionContext  - committing the ibatis sql session...
10:47:50,675 [pool-22-thread-1] DEBUG org.activiti.engine.impl.cfg.standalone.StandaloneMybatisTransactionContext  - firing event committed...
10:47:50,675 [pool-22-thread-1] DEBUG org.activiti.engine.impl.interceptor.LogInterceptor  - --- UnlockExclusiveJobCmd finished --------------------------------------------------------
10:47:50,675 [pool-22-thread-1] DEBUG org.activiti.engine.impl.interceptor.LogInterceptor  - 

10:47:50,675 [Thread-117] DEBUG org.activiti.engine.impl.persistence.entity.JobEntity.updateTimer  - &lt;==    Updates: 1
10:47:50,675 [Thread-117] DEBUG org.activiti.engine.impl.cfg.standalone.StandaloneMybatisTransactionContext  - firing event committing...
10:47:50,675 [Thread-117] DEBUG org.activiti.engine.impl.cfg.standalone.StandaloneMybatisTransactionContext  - committing the ibatis sql session...
10:47:50,675 [Thread-117] DEBUG org.apache.ibatis.transaction.jdbc.JdbcTransaction  - Committing JDBC Connection [conn2: url=jdbc:h2:mem:activiti user=SA]
10:47:50,675 [Thread-117] DEBUG org.activiti.engine.impl.cfg.standalone.StandaloneMybatisTransactionContext  - firing event committed...
10:47:50,675 [Thread-117] DEBUG org.apache.ibatis.transaction.jdbc.JdbcTransaction  - Resetting autocommit to true on JDBC Connection [conn2: url=jdbc:h2:mem:activiti user=SA]
10:47:50,675 [Thread-117] DEBUG org.apache.ibatis.transaction.jdbc.JdbcTransaction  - Closing JDBC Connection [conn2: url=jdbc:h2:mem:activiti user=SA]
10:47:50,675 [Thread-117] DEBUG org.apache.ibatis.datasource.pooled.PooledDataSource  - Returned connection 363509958 to pool.
10:47:50,675 [Thread-117] DEBUG org.activiti.engine.impl.interceptor.LogInterceptor  - --- AcquireTimerJobsCmd finished --------------------------------------------------------
10:47:50,675 [Thread-117] DEBUG org.activiti.engine.impl.interceptor.LogInterceptor  - 

10:47:50,675 [pool-22-thread-2] DEBUG org.activiti.engine.impl.interceptor.LogInterceptor  - --- ExecuteAsyncJobCmd finished --------------------------------------------------------
10:47:50,675 [pool-22-thread-2] DEBUG org.activiti.engine.impl.interceptor.LogInterceptor  - 

10:47:50,675 [pool-22-thread-2] DEBUG org.activiti.engine.impl.interceptor.LogInterceptor  - 

10:47:50,675 [pool-22-thread-2] DEBUG org.activiti.engine.impl.interceptor.LogInterceptor  - --- starting UnlockExclusiveJobCmd --------------------------------------------------------
10:47:50,676 [pool-22-thread-2] DEBUG org.activiti.engine.impl.cmd.UnlockExclusiveJobCmd  - Unlocking exclusive job 1251
10:47:50,676 [pool-22-thread-2] DEBUG org.activiti.engine.impl.cfg.standalone.StandaloneMybatisTransactionContext  - firing event committing...
10:47:50,676 [pool-22-thread-2] DEBUG org.activiti.engine.impl.cfg.standalone.StandaloneMybatisTransactionContext  - committing the ibatis sql session...
10:47:50,676 [pool-22-thread-2] DEBUG org.activiti.engine.impl.cfg.standalone.StandaloneMybatisTransactionContext  - firing event committed...
10:47:50,676 [pool-22-thread-2] DEBUG org.activiti.engine.impl.interceptor.LogInterceptor  - --- UnlockExclusiveJobCmd finished --------------------------------------------------------
10:47:50,676 [pool-22-thread-2] DEBUG org.activiti.engine.impl.interceptor.LogInterceptor  - 

10:47:50,675 [Thread-117] DEBUG org.activiti.engine.impl.interceptor.LogInterceptor  - 

10:47:50,676 [Thread-117] DEBUG org.activiti.engine.impl.interceptor.LogInterceptor  - --- starting AcquireTimerJobsCmd --------------------------------------------------------
10:47:50,675 [pool-22-thread-1] DEBUG org.activiti.engine.impl.interceptor.LogInterceptor  - 

10:47:50,676 [pool-22-thread-1] DEBUG org.activiti.engine.impl.interceptor.LogInterceptor  - --- starting LockExclusiveJobCmd --------------------------------------------------------
10:47:50,676 [pool-22-thread-1] DEBUG org.activiti.engine.impl.cmd.LockExclusiveJobCmd  - Executing lock exclusive job 1253 null
10:47:50,676 [pool-22-thread-1] DEBUG org.activiti.engine.impl.cfg.standalone.StandaloneMybatisTransactionContext  - firing event committing...
10:47:50,676 [pool-22-thread-1] DEBUG org.activiti.engine.impl.cfg.standalone.StandaloneMybatisTransactionContext  - committing the ibatis sql session...
10:47:50,676 [pool-22-thread-1] DEBUG org.activiti.engine.impl.cfg.standalone.StandaloneMybatisTransactionContext  - firing event committed...
10:47:50,676 [pool-22-thread-1] DEBUG org.activiti.engine.impl.interceptor.LogInterceptor  - --- LockExclusiveJobCmd finished --------------------------------------------------------
10:47:50,676 [pool-22-thread-1] DEBUG org.activiti.engine.impl.interceptor.LogInterceptor  - 

10:47:50,676 [pool-22-thread-1] DEBUG org.activiti.engine.impl.interceptor.LogInterceptor  - 

10:47:50,676 [pool-22-thread-1] DEBUG org.activiti.engine.impl.interceptor.LogInterceptor  - --- starting ExecuteAsyncJobCmd --------------------------------------------------------
10:47:50,676 [pool-22-thread-1] DEBUG org.activiti.engine.impl.cmd.ExecuteAsyncJobCmd  - Executing async job 1253
10:47:50,676 [Thread-117] DEBUG org.apache.ibatis.transaction.jdbc.JdbcTransaction  - Opening JDBC Connection
10:47:50,676 [Thread-117] DEBUG org.apache.ibatis.datasource.pooled.PooledDataSource  - Checked out connection 486346394 from pool.
10:47:50,676 [Thread-117] DEBUG org.apache.ibatis.transaction.jdbc.JdbcTransaction  - Setting autocommit to false on JDBC Connection [conn6: url=jdbc:h2:mem:activiti user=SA]
10:47:50,676 [pool-22-thread-2] DEBUG org.activiti.engine.impl.interceptor.LogInterceptor  - 

10:47:50,676 [pool-22-thread-2] DEBUG org.activiti.engine.impl.interceptor.LogInterceptor  - --- starting LockExclusiveJobCmd --------------------------------------------------------
10:47:50,676 [pool-22-thread-2] DEBUG org.activiti.engine.impl.cmd.LockExclusiveJobCmd  - Executing lock exclusive job 1254 null
10:47:50,676 [pool-22-thread-2] DEBUG org.activiti.engine.impl.cfg.standalone.StandaloneMybatisTransactionContext  - firing event committing...
10:47:50,676 [pool-22-thread-2] DEBUG org.activiti.engine.impl.cfg.standalone.StandaloneMybatisTransactionContext  - committing the ibatis sql session...
10:47:50,676 [pool-22-thread-2] DEBUG org.activiti.engine.impl.cfg.standalone.StandaloneMybatisTransactionContext  - firing event committed...
10:47:50,676 [pool-22-thread-2] DEBUG org.activiti.engine.impl.interceptor.LogInterceptor  - --- LockExclusiveJobCmd finished --------------------------------------------------------
10:47:50,676 [pool-22-thread-2] DEBUG org.activiti.engine.impl.interceptor.LogInterceptor  - 

10:47:50,676 [pool-22-thread-2] DEBUG org.activiti.engine.impl.interceptor.LogInterceptor  - 

10:47:50,676 [pool-22-thread-2] DEBUG org.activiti.engine.impl.interceptor.LogInterceptor  - --- starting ExecuteAsyncJobCmd --------------------------------------------------------
10:47:50,676 [pool-22-thread-2] DEBUG org.activiti.engine.impl.cmd.ExecuteAsyncJobCmd  - Executing async job 1254
10:47:50,676 [pool-22-thread-2] DEBUG org.activiti.engine.impl.persistence.entity.TimerEntity  - Timer 1254 fired. Deleting timer.
10:47:50,676 [Thread-117] DEBUG org.activiti.engine.impl.persistence.entity.JobEntity.selectNextTimerJobsToExecute  - ==&gt;  Preparing: select RES.* from ACT_RU_JOB RES LEFT OUTER JOIN ACT_RU_EXECUTION PI ON PI.ID_ = RES.PROCESS_INSTANCE_ID_ where (RES.RETRIES_ &gt; 0) and (RES.DUEDATE_ is null or RES.DUEDATE_ &lt;= ?) and (RES.LOCK_OWNER_ is null or RES.LOCK_EXP_TIME_ &lt;= ?) and TYPE_ = &apos;timer&apos; and ( (RES.EXECUTION_ID_ is null) or (PI.SUSPENSION_STATE_ = 1) ) LIMIT ? OFFSET ? 
10:47:50,676 [pool-22-thread-1] DEBUG org.activiti.engine.impl.persistence.entity.TimerEntity  - Timer 1253 fired. Deleting timer.
10:47:50,676 [Thread-117] DEBUG org.activiti.engine.impl.persistence.entity.JobEntity.selectNextTimerJobsToExecute  - ==&gt; Parameters: 2023-03-20 10:48:50.669(Timestamp), 2023-03-20 10:48:50.669(Timestamp), 1(Integer), 0(Integer)
10:47:50,676 [pool-22-thread-2] DEBUG org.activiti.engine.impl.db.DbSqlSession  -   delete JobEntity [id=1254]
10:47:50,676 [pool-22-thread-2] DEBUG org.activiti.engine.impl.db.DbSqlSession  - flush summary: 0 insert, 0 update, 1 delete.
10:47:50,676 [pool-22-thread-2] DEBUG org.activiti.engine.impl.db.DbSqlSession  - now executing flush...
10:47:50,676 [pool-22-thread-2] DEBUG org.activiti.engine.impl.db.DbSqlSession  - executing: delete JobEntity [id=1254]
10:47:50,676 [pool-22-thread-2] DEBUG org.apache.ibatis.transaction.jdbc.JdbcTransaction  - Opening JDBC Connection
10:47:50,676 [pool-22-thread-2] DEBUG org.apache.ibatis.datasource.pooled.PooledDataSource  - Checked out connection 297240765 from pool.
10:47:50,676 [pool-22-thread-2] DEBUG org.apache.ibatis.transaction.jdbc.JdbcTransaction  - Setting autocommit to false on JDBC Connection [conn4: url=jdbc:h2:mem:activiti user=SA]
10:47:50,676 [pool-22-thread-2] DEBUG org.activiti.engine.impl.persistence.entity.JobEntity.deleteTimer  - ==&gt;  Preparing: delete from ACT_RU_JOB where ID_ = ? and REV_ = ? 
10:47:50,676 [pool-22-thread-1] DEBUG org.activiti.engine.impl.db.DbSqlSession  -   delete JobEntity [id=1253]
10:47:50,676 [pool-22-thread-1] DEBUG org.activiti.engine.impl.db.DbSqlSession  - flush summary: 0 insert, 0 update, 1 delete.
10:47:50,676 [pool-22-thread-1] DEBUG org.activiti.engine.impl.db.DbSqlSession  - now executing flush...
10:47:50,677 [pool-22-thread-1] DEBUG org.activiti.engine.impl.db.DbSqlSession  - executing: delete JobEntity [id=1253]
10:47:50,677 [pool-22-thread-1] DEBUG org.apache.ibatis.transaction.jdbc.JdbcTransaction  - Opening JDBC Connection
10:47:50,677 [pool-22-thread-1] DEBUG org.apache.ibatis.datasource.pooled.PooledDataSource  - Checked out connection 180014677 from pool.
10:47:50,677 [pool-22-thread-1] DEBUG org.apache.ibatis.transaction.jdbc.JdbcTransaction  - Setting autocommit to false on JDBC Connection [conn3: url=jdbc:h2:mem:activiti user=SA]
10:47:50,676 [pool-22-thread-2] DEBUG org.activiti.engine.impl.persistence.entity.JobEntity.deleteTimer  - ==&gt; Parameters: 1254(String), 2(Integer)
10:47:50,676 [Thread-117] DEBUG org.activiti.engine.impl.persistence.entity.JobEntity.selectNextTimerJobsToExecute  - &lt;==      Total: 1
10:47:50,677 [pool-22-thread-2] DEBUG org.activiti.engine.impl.persistence.entity.JobEntity.deleteTimer  - &lt;==    Updates: 1
10:47:50,677 [pool-22-thread-2] DEBUG org.activiti.engine.impl.cfg.standalone.StandaloneMybatisTransactionContext  - firing event committing...
10:47:50,677 [pool-22-thread-2] DEBUG org.activiti.engine.impl.cfg.standalone.StandaloneMybatisTransactionContext  - committing the ibatis sql session...
10:47:50,677 [pool-22-thread-2] DEBUG org.apache.ibatis.transaction.jdbc.JdbcTransaction  - Committing JDBC Connection [conn4: url=jdbc:h2:mem:activiti user=SA]
10:47:50,677 [pool-22-thread-2] DEBUG org.activiti.engine.impl.cfg.standalone.StandaloneMybatisTransactionContext  - firing event committed...
10:47:50,677 [pool-22-thread-2] DEBUG org.apache.ibatis.transaction.jdbc.JdbcTransaction  - Resetting autocommit to true on JDBC Connection [conn4: url=jdbc:h2:mem:activiti user=SA]
10:47:50,677 [pool-22-thread-2] DEBUG org.apache.ibatis.transaction.jdbc.JdbcTransaction  - Closing JDBC Connection [conn4: url=jdbc:h2:mem:activiti user=SA]
10:47:50,677 [pool-22-thread-2] DEBUG org.apache.ibatis.datasource.pooled.PooledDataSource  - Returned connection 297240765 to pool.
10:47:50,677 [pool-22-thread-2] DEBUG org.activiti.engine.impl.interceptor.LogInterceptor  - --- ExecuteAsyncJobCmd finished --------------------------------------------------------
10:47:50,677 [pool-22-thread-2] DEBUG org.activiti.engine.impl.interceptor.LogInterceptor  - 

10:47:50,677 [pool-22-thread-2] DEBUG org.activiti.engine.impl.interceptor.LogInterceptor  - 

10:47:50,677 [pool-22-thread-2] DEBUG org.activiti.engine.impl.interceptor.LogInterceptor  - --- starting UnlockExclusiveJobCmd --------------------------------------------------------
10:47:50,677 [pool-22-thread-2] DEBUG org.activiti.engine.impl.cmd.UnlockExclusiveJobCmd  - Unlocking exclusive job 1254
10:47:50,677 [pool-22-thread-2] DEBUG org.activiti.engine.impl.cfg.standalone.StandaloneMybatisTransactionContext  - firing event committing...
10:47:50,677 [pool-22-thread-2] DEBUG org.activiti.engine.impl.cfg.standalone.StandaloneMybatisTransactionContext  - committing the ibatis sql session...
10:47:50,677 [pool-22-thread-2] DEBUG org.activiti.engine.impl.cfg.standalone.StandaloneMybatisTransactionContext  - firing event committed...
10:47:50,677 [pool-22-thread-2] DEBUG org.activiti.engine.impl.interceptor.LogInterceptor  - --- UnlockExclusiveJobCmd finished --------------------------------------------------------
10:47:50,677 [pool-22-thread-2] DEBUG org.activiti.engine.impl.interceptor.LogInterceptor  - 

10:47:50,677 [pool-22-thread-1] DEBUG org.activiti.engine.impl.persistence.entity.JobEntity.deleteTimer  - ==&gt;  Preparing: delete from ACT_RU_JOB where ID_ = ? and REV_ = ? 
10:47:50,677 [Thread-117] DEBUG org.activiti.engine.impl.db.DbSqlSession  -   update JobEntity [id=1255]
10:47:50,677 [Thread-117] DEBUG org.activiti.engine.impl.db.DbSqlSession  - flush summary: 0 insert, 1 update, 0 delete.
10:47:50,677 [Thread-117] DEBUG org.activiti.engine.impl.db.DbSqlSession  - now executing flush...
10:47:50,677 [Thread-117] DEBUG org.activiti.engine.impl.db.DbSqlSession  - updating: JobEntity [id=1255]
10:47:50,677 [pool-22-thread-1] DEBUG org.activiti.engine.impl.persistence.entity.JobEntity.deleteTimer  - ==&gt; Parameters: 1253(String), 2(Integer)
10:47:50,677 [Thread-117] DEBUG org.activiti.engine.impl.persistence.entity.JobEntity.updateTimer  - ==&gt;  Preparing: update ACT_RU_JOB SET REV_ = ?, LOCK_EXP_TIME_ = ?, LOCK_OWNER_ = ?, RETRIES_ = ?, EXCEPTION_STACK_ID_ = ?, EXCEPTION_MSG_ = ?, DUEDATE_ = ? where ID_= ? and REV_ = ? 
10:47:50,677 [pool-22-thread-1] DEBUG org.activiti.engine.impl.persistence.entity.JobEntity.deleteTimer  - &lt;==    Updates: 1
10:47:50,677 [pool-22-thread-1] DEBUG org.activiti.engine.impl.cfg.standalone.StandaloneMybatisTransactionContext  - firing event committing...
10:47:50,677 [pool-22-thread-1] DEBUG org.activiti.engine.impl.cfg.standalone.StandaloneMybatisTransactionContext  - committing the ibatis sql session...
10:47:50,677 [pool-22-thread-1] DEBUG org.apache.ibatis.transaction.jdbc.JdbcTransaction  - Committing JDBC Connection [conn3: url=jdbc:h2:mem:activiti user=SA]
10:47:50,677 [pool-22-thread-1] DEBUG org.activiti.engine.impl.cfg.standalone.StandaloneMybatisTransactionContext  - firing event committed...
10:47:50,677 [pool-22-thread-1] DEBUG org.apache.ibatis.transaction.jdbc.JdbcTransaction  - Resetting autocommit to true on JDBC Connection [conn3: url=jdbc:h2:mem:activiti user=SA]
10:47:50,677 [pool-22-thread-1] DEBUG org.apache.ibatis.transaction.jdbc.JdbcTransaction  - Closing JDBC Connection [conn3: url=jdbc:h2:mem:activiti user=SA]
10:47:50,677 [pool-22-thread-1] DEBUG org.apache.ibatis.datasource.pooled.PooledDataSource  - Returned connection 180014677 to pool.
10:47:50,677 [pool-22-thread-1] DEBUG org.activiti.engine.impl.interceptor.LogInterceptor  - --- ExecuteAsyncJobCmd finished --------------------------------------------------------
10:47:50,677 [pool-22-thread-1] DEBUG org.activiti.engine.impl.interceptor.LogInterceptor  - 

10:47:50,677 [pool-22-thread-1] DEBUG org.activiti.engine.impl.interceptor.LogInterceptor  - 

10:47:50,677 [pool-22-thread-1] DEBUG org.activiti.engine.impl.interceptor.LogInterceptor  - --- starting UnlockExclusiveJobCmd --------------------------------------------------------
10:47:50,677 [pool-22-thread-1] DEBUG org.activiti.engine.impl.cmd.UnlockExclusiveJobCmd  - Unlocking exclusive job 1253
10:47:50,677 [pool-22-thread-1] DEBUG org.activiti.engine.impl.cfg.standalone.StandaloneMybatisTransactionContext  - firing event committing...
10:47:50,677 [pool-22-thread-1] DEBUG org.activiti.engine.impl.cfg.standalone.StandaloneMybatisTransactionContext  - committing the ibatis sql session...
10:47:50,678 [pool-22-thread-1] DEBUG org.activiti.engine.impl.cfg.standalone.StandaloneMybatisTransactionContext  - firing event committed...
10:47:50,678 [pool-22-thread-1] DEBUG org.activiti.engine.impl.interceptor.LogInterceptor  - --- UnlockExclusiveJobCmd finished --------------------------------------------------------
10:47:50,678 [pool-22-thread-1] DEBUG org.activiti.engine.impl.interceptor.LogInterceptor  - 

10:47:50,677 [Thread-117] DEBUG org.activiti.engine.impl.persistence.entity.JobEntity.updateTimer  - ==&gt; Parameters: 2(Integer), 2023-03-20 10:53:50.669(Timestamp), a4bfaf97-1918-458a-9372-225acf844469(String), 3(Integer), null, null, 2023-03-20 10:47:50.667(Timestamp), 1255(String), 1(Integer)
10:47:50,678 [Thread-117] DEBUG org.activiti.engine.impl.persistence.entity.JobEntity.updateTimer  - &lt;==    Updates: 1
10:47:50,678 [Thread-117] DEBUG org.activiti.engine.impl.cfg.standalone.StandaloneMybatisTransactionContext  - firing event committing...
10:47:50,678 [Thread-117] DEBUG org.activiti.engine.impl.cfg.standalone.StandaloneMybatisTransactionContext  - committing the ibatis sql session...
10:47:50,678 [Thread-117] DEBUG org.apache.ibatis.transaction.jdbc.JdbcTransaction  - Committing JDBC Connection [conn6: url=jdbc:h2:mem:activiti user=SA]
10:47:50,678 [Thread-117] DEBUG org.activiti.engine.impl.cfg.standalone.StandaloneMybatisTransactionContext  - firing event committed...
10:47:50,678 [Thread-117] DEBUG org.apache.ibatis.transaction.jdbc.JdbcTransaction  - Resetting autocommit to true on JDBC Connection [conn6: url=jdbc:h2:mem:activiti user=SA]
10:47:50,678 [Thread-117] DEBUG org.apache.ibatis.transaction.jdbc.JdbcTransaction  - Closing JDBC Connection [conn6: url=jdbc:h2:mem:activiti user=SA]
10:47:50,678 [Thread-117] DEBUG org.apache.ibatis.datasource.pooled.PooledDataSource  - Returned connection 486346394 to pool.
10:47:50,678 [Thread-117] DEBUG org.activiti.engine.impl.interceptor.LogInterceptor  - --- AcquireTimerJobsCmd finished --------------------------------------------------------
10:47:50,678 [Thread-117] DEBUG org.activiti.engine.impl.interceptor.LogInterceptor  - 

10:47:50,678 [Thread-117] DEBUG org.activiti.engine.impl.interceptor.LogInterceptor  - 

10:47:50,678 [Thread-117] DEBUG org.activiti.engine.impl.interceptor.LogInterceptor  - --- starting AcquireTimerJobsCmd --------------------------------------------------------
10:47:50,678 [pool-22-thread-2] DEBUG org.activiti.engine.impl.interceptor.LogInterceptor  - 

10:47:50,678 [pool-22-thread-2] DEBUG org.activiti.engine.impl.interceptor.LogInterceptor  - --- starting LockExclusiveJobCmd --------------------------------------------------------
10:47:50,678 [pool-22-thread-2] DEBUG org.activiti.engine.impl.cmd.LockExclusiveJobCmd  - Executing lock exclusive job 1255 null
10:47:50,678 [pool-22-thread-2] DEBUG org.activiti.engine.impl.cfg.standalone.StandaloneMybatisTransactionContext  - firing event committing...
10:47:50,678 [pool-22-thread-2] DEBUG org.activiti.engine.impl.cfg.standalone.StandaloneMybatisTransactionContext  - committing the ibatis sql session...
10:47:50,678 [pool-22-thread-2] DEBUG org.activiti.engine.impl.cfg.standalone.StandaloneMybatisTransactionContext  - firing event committed...
10:47:50,678 [pool-22-thread-2] DEBUG org.activiti.engine.impl.interceptor.LogInterceptor  - --- LockExclusiveJobCmd finished --------------------------------------------------------
10:47:50,678 [pool-22-thread-2] DEBUG org.activiti.engine.impl.interceptor.LogInterceptor  - 

10:47:50,678 [pool-22-thread-2] DEBUG org.activiti.engine.impl.interceptor.LogInterceptor  - 

10:47:50,678 [pool-22-thread-2] DEBUG org.activiti.engine.impl.interceptor.LogInterceptor  - --- starting ExecuteAsyncJobCmd --------------------------------------------------------
10:47:50,678 [pool-22-thread-2] DEBUG org.activiti.engine.impl.cmd.ExecuteAsyncJobCmd  - Executing async job 1255
10:47:50,678 [Thread-117] DEBUG org.apache.ibatis.transaction.jdbc.JdbcTransaction  - Opening JDBC Connection
10:47:50,678 [pool-22-thread-2] DEBUG org.activiti.engine.impl.persistence.entity.TimerEntity  - Timer 1255 fired. Deleting timer.
10:47:50,678 [Thread-117] DEBUG org.apache.ibatis.datasource.pooled.PooledDataSource  - Checked out connection 363509958 from pool.
10:47:50,678 [Thread-117] DEBUG org.apache.ibatis.transaction.jdbc.JdbcTransaction  - Setting autocommit to false on JDBC Connection [conn2: url=jdbc:h2:mem:activiti user=SA]
10:47:50,678 [pool-22-thread-2] DEBUG org.activiti.engine.impl.db.DbSqlSession  -   delete JobEntity [id=1255]
10:47:50,678 [pool-22-thread-2] DEBUG org.activiti.engine.impl.db.DbSqlSession  - flush summary: 0 insert, 0 update, 1 delete.
10:47:50,678 [pool-22-thread-2] DEBUG org.activiti.engine.impl.db.DbSqlSession  - now executing flush...
10:47:50,678 [pool-22-thread-2] DEBUG org.activiti.engine.impl.db.DbSqlSession  - executing: delete JobEntity [id=1255]
10:47:50,678 [pool-22-thread-2] DEBUG org.apache.ibatis.transaction.jdbc.JdbcTransaction  - Opening JDBC Connection
10:47:50,678 [pool-22-thread-2] DEBUG org.apache.ibatis.datasource.pooled.PooledDataSource  - Checked out connection 297240765 from pool.
10:47:50,678 [pool-22-thread-2] DEBUG org.apache.ibatis.transaction.jdbc.JdbcTransaction  - Setting autocommit to false on JDBC Connection [conn4: url=jdbc:h2:mem:activiti user=SA]
10:47:50,678 [pool-22-thread-2] DEBUG org.activiti.engine.impl.persistence.entity.JobEntity.deleteTimer  - ==&gt;  Preparing: delete from ACT_RU_JOB where ID_ = ? and REV_ = ? 
10:47:50,678 [Thread-117] DEBUG org.activiti.engine.impl.persistence.entity.JobEntity.selectNextTimerJobsToExecute  - ==&gt;  Preparing: select RES.* from ACT_RU_JOB RES LEFT OUTER JOIN ACT_RU_EXECUTION PI ON PI.ID_ = RES.PROCESS_INSTANCE_ID_ where (RES.RETRIES_ &gt; 0) and (RES.DUEDATE_ is null or RES.DUEDATE_ &lt;= ?) and (RES.LOCK_OWNER_ is null or RES.LOCK_EXP_TIME_ &lt;= ?) and TYPE_ = &apos;timer&apos; and ( (RES.EXECUTION_ID_ is null) or (PI.SUSPENSION_STATE_ = 1) ) LIMIT ? OFFSET ? 
10:47:50,678 [pool-22-thread-2] DEBUG org.activiti.engine.impl.persistence.entity.JobEntity.deleteTimer  - ==&gt; Parameters: 1255(String), 2(Integer)
10:47:50,678 [Thread-117] DEBUG org.activiti.engine.impl.persistence.entity.JobEntity.selectNextTimerJobsToExecute  - ==&gt; Parameters: 2023-03-20 10:48:50.669(Timestamp), 2023-03-20 10:48:50.669(Timestamp), 1(Integer), 0(Integer)
10:47:50,679 [pool-22-thread-2] DEBUG org.activiti.engine.impl.persistence.entity.JobEntity.deleteTimer  - &lt;==    Updates: 1
10:47:50,679 [pool-22-thread-2] DEBUG org.activiti.engine.impl.cfg.standalone.StandaloneMybatisTransactionContext  - firing event committing...
10:47:50,679 [pool-22-thread-2] DEBUG org.activiti.engine.impl.cfg.standalone.StandaloneMybatisTransactionContext  - committing the ibatis sql session...
10:47:50,679 [pool-22-thread-2] DEBUG org.apache.ibatis.transaction.jdbc.JdbcTransaction  - Committing JDBC Connection [conn4: url=jdbc:h2:mem:activiti user=SA]
10:47:50,679 [pool-22-thread-2] DEBUG org.activiti.engine.impl.cfg.standalone.StandaloneMybatisTransactionContext  - firing event committed...
10:47:50,679 [pool-22-thread-2] DEBUG org.apache.ibatis.transaction.jdbc.JdbcTransaction  - Resetting autocommit to true on JDBC Connection [conn4: url=jdbc:h2:mem:activiti user=SA]
10:47:50,679 [pool-22-thread-2] DEBUG org.apache.ibatis.transaction.jdbc.JdbcTransaction  - Closing JDBC Connection [conn4: url=jdbc:h2:mem:activiti user=SA]
10:47:50,679 [pool-22-thread-2] DEBUG org.apache.ibatis.datasource.pooled.PooledDataSource  - Returned connection 297240765 to pool.
10:47:50,679 [pool-22-thread-2] DEBUG org.activiti.engine.impl.interceptor.LogInterceptor  - --- ExecuteAsyncJobCmd finished --------------------------------------------------------
10:47:50,679 [pool-22-thread-2] DEBUG org.activiti.engine.impl.interceptor.LogInterceptor  - 

10:47:50,679 [pool-22-thread-2] DEBUG org.activiti.engine.impl.interceptor.LogInterceptor  - 

10:47:50,679 [pool-22-thread-2] DEBUG org.activiti.engine.impl.interceptor.LogInterceptor  - --- starting UnlockExclusiveJobCmd --------------------------------------------------------
10:47:50,679 [pool-22-thread-2] DEBUG org.activiti.engine.impl.cmd.UnlockExclusiveJobCmd  - Unlocking exclusive job 1255
10:47:50,679 [pool-22-thread-2] DEBUG org.activiti.engine.impl.cfg.standalone.StandaloneMybatisTransactionContext  - firing event committing...
10:47:50,679 [pool-22-thread-2] DEBUG org.activiti.engine.impl.cfg.standalone.StandaloneMybatisTransactionContext  - committing the ibatis sql session...
10:47:50,679 [pool-22-thread-2] DEBUG org.activiti.engine.impl.cfg.standalone.StandaloneMybatisTransactionContext  - firing event committed...
10:47:50,679 [pool-22-thread-2] DEBUG org.activiti.engine.impl.interceptor.LogInterceptor  - --- UnlockExclusiveJobCmd finished --------------------------------------------------------
10:47:50,679 [pool-22-thread-2] DEBUG org.activiti.engine.impl.interceptor.LogInterceptor  - 

10:47:50,679 [Thread-117] DEBUG org.activiti.engine.impl.persistence.entity.JobEntity.selectNextTimerJobsToExecute  - &lt;==      Total: 0
10:47:50,679 [Thread-117] DEBUG org.activiti.engine.impl.db.DbSqlSession  - flush summary: 0 insert, 0 update, 0 delete.
10:47:50,679 [Thread-117] DEBUG org.activiti.engine.impl.db.DbSqlSession  - now executing flush...
10:47:50,679 [Thread-117] DEBUG org.activiti.engine.impl.cfg.standalone.StandaloneMybatisTransactionContext  - firing event committing...
10:47:50,679 [Thread-117] DEBUG org.activiti.engine.impl.cfg.standalone.StandaloneMybatisTransactionContext  - committing the ibatis sql session...
10:47:50,679 [Thread-117] DEBUG org.activiti.engine.impl.cfg.standalone.StandaloneMybatisTransactionContext  - firing event committed...
10:47:50,679 [Thread-117] DEBUG org.apache.ibatis.transaction.jdbc.JdbcTransaction  - Resetting autocommit to true on JDBC Connection [conn2: url=jdbc:h2:mem:activiti user=SA]
10:47:50,679 [Thread-117] DEBUG org.apache.ibatis.transaction.jdbc.JdbcTransaction  - Closing JDBC Connection [conn2: url=jdbc:h2:mem:activiti user=SA]
10:47:50,679 [Thread-117] DEBUG org.apache.ibatis.datasource.pooled.PooledDataSource  - Returned connection 363509958 to pool.
10:47:50,679 [Thread-117] DEBUG org.activiti.engine.impl.interceptor.LogInterceptor  - --- AcquireTimerJobsCmd finished --------------------------------------------------------
10:47:50,679 [Thread-117] DEBUG org.activiti.engine.impl.interceptor.LogInterceptor  - 

10:47:50,679 [Thread-117] DEBUG org.activiti.engine.impl.asyncexecutor.AcquireTimerJobsRunnable  - timer job acquisition thread sleeping for 1000 millis
10:47:50,702 [Thread-112] DEBUG org.activiti.engine.impl.asyncexecutor.AcquireAsyncJobsDueRunnable  - async job acquisition thread woke up
10:47:50,702 [Thread-112] DEBUG org.activiti.engine.impl.interceptor.LogInterceptor  - 

10:47:50,702 [Thread-112] DEBUG org.activiti.engine.impl.interceptor.LogInterceptor  - --- starting AcquireAsyncJobsDueCmd --------------------------------------------------------
10:47:50,702 [Thread-112] DEBUG org.apache.ibatis.transaction.jdbc.JdbcTransaction  - Opening JDBC Connection
10:47:50,702 [Thread-112] DEBUG org.apache.ibatis.datasource.pooled.PooledDataSource  - Checked out connection 1863805930 from pool.
10:47:50,702 [Thread-112] DEBUG org.apache.ibatis.transaction.jdbc.JdbcTransaction  - Setting autocommit to false on JDBC Connection [conn69: url=jdbc:h2:mem:activiti-AsyncExecutorTest user=SA]
10:47:50,702 [Thread-112] DEBUG org.activiti.engine.impl.persistence.entity.JobEntity.selectAsyncJobsDueToExecute  - ==&gt;  Preparing: select RES.* from ACT_RU_JOB RES LEFT OUTER JOIN ACT_RU_EXECUTION PI ON PI.ID_ = RES.PROCESS_INSTANCE_ID_ where RES.RETRIES_ &gt; 0 and RES.DUEDATE_ is not null and RES.DUEDATE_ &lt;= ? and (RES.LOCK_EXP_TIME_ is null or RES.LOCK_EXP_TIME_ &lt;= ?) and TYPE_ = &apos;message&apos; and ( (RES.EXECUTION_ID_ is null) or (PI.SUSPENSION_STATE_ = 1) ) LIMIT ? OFFSET ? 
10:47:50,702 [Thread-112] DEBUG org.activiti.engine.impl.persistence.entity.JobEntity.selectAsyncJobsDueToExecute  - ==&gt; Parameters: 2023-03-20 10:48:50.669(Timestamp), 2023-03-20 10:48:50.669(Timestamp), 1(Integer), 0(Integer)
10:47:50,702 [Thread-112] DEBUG org.activiti.engine.impl.persistence.entity.JobEntity.selectAsyncJobsDueToExecute  - &lt;==      Total: 0
10:47:50,702 [Thread-112] DEBUG org.activiti.engine.impl.db.DbSqlSession  - flush summary: 0 insert, 0 update, 0 delete.
10:47:50,702 [Thread-112] DEBUG org.activiti.engine.impl.db.DbSqlSession  - now executing flush...
10:47:50,702 [Thread-112] DEBUG org.activiti.engine.impl.cfg.standalone.StandaloneMybatisTransactionContext  - firing event committing...
10:47:50,702 [Thread-112] DEBUG org.activiti.engine.impl.cfg.standalone.StandaloneMybatisTransactionContext  - committing the ibatis sql session...
10:47:50,702 [Thread-112] DEBUG org.activiti.engine.impl.cfg.standalone.StandaloneMybatisTransactionContext  - firing event committed...
10:47:50,702 [Thread-112] DEBUG org.apache.ibatis.transaction.jdbc.JdbcTransaction  - Resetting autocommit to true on JDBC Connection [conn69: url=jdbc:h2:mem:activiti-AsyncExecutorTest user=SA]
10:47:50,702 [Thread-112] DEBUG org.apache.ibatis.transaction.jdbc.JdbcTransaction  - Closing JDBC Connection [conn69: url=jdbc:h2:mem:activiti-AsyncExecutorTest user=SA]
10:47:50,703 [Thread-112] DEBUG org.apache.ibatis.datasource.pooled.PooledDataSource  - Returned connection 1863805930 to pool.
10:47:50,703 [Thread-112] DEBUG org.activiti.engine.impl.interceptor.LogInterceptor  - --- AcquireAsyncJobsDueCmd finished --------------------------------------------------------
10:47:50,703 [Thread-112] DEBUG org.activiti.engine.impl.interceptor.LogInterceptor  - 

10:47:50,703 [Thread-112] DEBUG org.activiti.engine.impl.asyncexecutor.AcquireAsyncJobsDueRunnable  - async job acquisition thread sleeping for 50 millis
10:47:50,717 [Thread-103] DEBUG org.activiti.engine.impl.asyncexecutor.AcquireAsyncJobsDueRunnable  - async job acquisition thread woke up
10:47:50,717 [Thread-103] DEBUG org.activiti.engine.impl.interceptor.LogInterceptor  - 

10:47:50,717 [Thread-106] DEBUG org.activiti.engine.impl.asyncexecutor.AcquireAsyncJobsDueRunnable  - async job acquisition thread woke up
10:47:50,717 [Thread-106] DEBUG org.activiti.engine.impl.interceptor.LogInterceptor  - 

10:47:50,717 [Thread-106] DEBUG org.activiti.engine.impl.interceptor.LogInterceptor  - --- starting AcquireAsyncJobsDueCmd --------------------------------------------------------
10:47:50,717 [Thread-111] DEBUG org.activiti.engine.impl.asyncexecutor.AcquireTimerJobsRunnable  - timer job acquisition thread woke up
10:47:50,717 [Thread-111] DEBUG org.activiti.engine.impl.interceptor.LogInterceptor  - 

10:47:50,717 [Thread-111] DEBUG org.activiti.engine.impl.interceptor.LogInterceptor  - --- starting AcquireTimerJobsCmd --------------------------------------------------------
10:47:50,717 [Thread-105] DEBUG org.activiti.engine.impl.asyncexecutor.AcquireTimerJobsRunnable  - timer job acquisition thread woke up
10:47:50,717 [Thread-105] DEBUG org.activiti.engine.impl.interceptor.LogInterceptor  - 

10:47:50,717 [Thread-105] DEBUG org.activiti.engine.impl.interceptor.LogInterceptor  - --- starting AcquireTimerJobsCmd --------------------------------------------------------
10:47:50,717 [Thread-102] DEBUG org.activiti.engine.impl.asyncexecutor.AcquireTimerJobsRunnable  - timer job acquisition thread woke up
10:47:50,717 [Thread-102] DEBUG org.activiti.engine.impl.interceptor.LogInterceptor  - 

10:47:50,717 [Thread-102] DEBUG org.activiti.engine.impl.interceptor.LogInterceptor  - --- starting AcquireTimerJobsCmd --------------------------------------------------------
10:47:50,717 [Thread-105] DEBUG org.apache.ibatis.transaction.jdbc.JdbcTransaction  - Opening JDBC Connection
10:47:50,717 [Thread-111] DEBUG org.apache.ibatis.transaction.jdbc.JdbcTransaction  - Opening JDBC Connection
10:47:50,717 [Thread-111] DEBUG org.apache.ibatis.datasource.pooled.PooledDataSource  - Checked out connection 604408605 from pool.
10:47:50,717 [Thread-106] DEBUG org.apache.ibatis.transaction.jdbc.JdbcTransaction  - Opening JDBC Connection
10:47:50,717 [Thread-103] DEBUG org.activiti.engine.impl.interceptor.LogInterceptor  - --- starting AcquireAsyncJobsDueCmd --------------------------------------------------------
10:47:50,718 [Thread-103] DEBUG org.apache.ibatis.transaction.jdbc.JdbcTransaction  - Opening JDBC Connection
10:47:50,717 [Thread-111] DEBUG org.apache.ibatis.transaction.jdbc.JdbcTransaction  - Setting autocommit to false on JDBC Connection [conn70: url=jdbc:h2:mem:activiti-AsyncExecutorTest user=SA]
10:47:50,717 [Thread-105] DEBUG org.apache.ibatis.datasource.pooled.PooledDataSource  - Checked out connection 54468349 from pool.
10:47:50,717 [Thread-102] DEBUG org.apache.ibatis.transaction.jdbc.JdbcTransaction  - Opening JDBC Connection
10:47:50,718 [Thread-106] DEBUG org.apache.ibatis.datasource.pooled.PooledDataSource  - Checked out connection 1970103261 from pool.
10:47:50,718 [Thread-105] DEBUG org.apache.ibatis.transaction.jdbc.JdbcTransaction  - Setting autocommit to false on JDBC Connection [conn64: url=jdbc:h2:mem:activiti-AsyncExecutorTest user=SA]
10:47:50,718 [Thread-111] DEBUG org.activiti.engine.impl.persistence.entity.JobEntity.selectNextTimerJobsToExecute  - ==&gt;  Preparing: select RES.* from ACT_RU_JOB RES LEFT OUTER JOIN ACT_RU_EXECUTION PI ON PI.ID_ = RES.PROCESS_INSTANCE_ID_ where (RES.RETRIES_ &gt; 0) and (RES.DUEDATE_ is null or RES.DUEDATE_ &lt;= ?) and (RES.LOCK_OWNER_ is null or RES.LOCK_EXP_TIME_ &lt;= ?) and TYPE_ = &apos;timer&apos; and ( (RES.EXECUTION_ID_ is null) or (PI.SUSPENSION_STATE_ = 1) ) LIMIT ? OFFSET ? 
10:47:50,718 [Thread-103] DEBUG org.apache.ibatis.datasource.pooled.PooledDataSource  - Checked out connection 33534803 from pool.
10:47:50,718 [Thread-111] DEBUG org.activiti.engine.impl.persistence.entity.JobEntity.selectNextTimerJobsToExecute  - ==&gt; Parameters: 2023-03-20 10:48:50.669(Timestamp), 2023-03-20 10:48:50.669(Timestamp), 1(Integer), 0(Integer)
10:47:50,718 [Thread-102] DEBUG org.apache.ibatis.datasource.pooled.PooledDataSource  - Checked out connection 720039383 from pool.
10:47:50,718 [Thread-102] DEBUG org.apache.ibatis.transaction.jdbc.JdbcTransaction  - Setting autocommit to false on JDBC Connection [conn59: url=jdbc:h2:mem:activiti-AsyncExecutorTest user=SA]
10:47:50,718 [Thread-103] DEBUG org.apache.ibatis.transaction.jdbc.JdbcTransaction  - Setting autocommit to false on JDBC Connection [conn60: url=jdbc:h2:mem:activiti-AsyncExecutorTest user=SA]
10:47:50,718 [Thread-105] DEBUG org.activiti.engine.impl.persistence.entity.JobEntity.selectNextTimerJobsToExecute  - ==&gt;  Preparing: select RES.* from ACT_RU_JOB RES LEFT OUTER JOIN ACT_RU_EXECUTION PI ON PI.ID_ = RES.PROCESS_INSTANCE_ID_ where (RES.RETRIES_ &gt; 0) and (RES.DUEDATE_ is null or RES.DUEDATE_ &lt;= ?) and (RES.LOCK_OWNER_ is null or RES.LOCK_EXP_TIME_ &lt;= ?) and TYPE_ = &apos;timer&apos; and ( (RES.EXECUTION_ID_ is null) or (PI.SUSPENSION_STATE_ = 1) ) LIMIT ? OFFSET ? 
10:47:50,718 [Thread-106] DEBUG org.apache.ibatis.transaction.jdbc.JdbcTransaction  - Setting autocommit to false on JDBC Connection [conn63: url=jdbc:h2:mem:activiti-AsyncExecutorTest user=SA]
10:47:50,718 [Thread-105] DEBUG org.activiti.engine.impl.persistence.entity.JobEntity.selectNextTimerJobsToExecute  - ==&gt; Parameters: 2023-03-20 10:48:50.669(Timestamp), 2023-03-20 10:48:50.669(Timestamp), 1(Integer), 0(Integer)
10:47:50,718 [Thread-103] DEBUG org.activiti.engine.impl.persistence.entity.JobEntity.selectAsyncJobsDueToExecute  - ==&gt;  Preparing: select RES.* from ACT_RU_JOB RES LEFT OUTER JOIN ACT_RU_EXECUTION PI ON PI.ID_ = RES.PROCESS_INSTANCE_ID_ where RES.RETRIES_ &gt; 0 and RES.DUEDATE_ is not null and RES.DUEDATE_ &lt;= ? and (RES.LOCK_EXP_TIME_ is null or RES.LOCK_EXP_TIME_ &lt;= ?) and TYPE_ = &apos;message&apos; and ( (RES.EXECUTION_ID_ is null) or (PI.SUSPENSION_STATE_ = 1) ) LIMIT ? OFFSET ? 
10:47:50,718 [Thread-102] DEBUG org.activiti.engine.impl.persistence.entity.JobEntity.selectNextTimerJobsToExecute  - ==&gt;  Preparing: select RES.* from ACT_RU_JOB RES LEFT OUTER JOIN ACT_RU_EXECUTION PI ON PI.ID_ = RES.PROCESS_INSTANCE_ID_ where (RES.RETRIES_ &gt; 0) and (RES.DUEDATE_ is null or RES.DUEDATE_ &lt;= ?) and (RES.LOCK_OWNER_ is null or RES.LOCK_EXP_TIME_ &lt;= ?) and TYPE_ = &apos;timer&apos; and ( (RES.EXECUTION_ID_ is null) or (PI.SUSPENSION_STATE_ = 1) ) LIMIT ? OFFSET ? 
10:47:50,718 [Thread-111] DEBUG org.activiti.engine.impl.persistence.entity.JobEntity.selectNextTimerJobsToExecute  - &lt;==      Total: 0
10:47:50,718 [Thread-102] DEBUG org.activiti.engine.impl.persistence.entity.JobEntity.selectNextTimerJobsToExecute  - ==&gt; Parameters: 2023-03-20 10:48:50.669(Timestamp), 2023-03-20 10:48:50.669(Timestamp), 1(Integer), 0(Integer)
10:47:50,718 [Thread-103] DEBUG org.activiti.engine.impl.persistence.entity.JobEntity.selectAsyncJobsDueToExecute  - ==&gt; Parameters: 2023-03-20 10:48:50.669(Timestamp), 2023-03-20 10:48:50.669(Timestamp), 1(Integer), 0(Integer)
10:47:50,718 [Thread-105] DEBUG org.activiti.engine.impl.persistence.entity.JobEntity.selectNextTimerJobsToExecute  - &lt;==      Total: 0
10:47:50,718 [Thread-105] DEBUG org.activiti.engine.impl.db.DbSqlSession  - flush summary: 0 insert, 0 update, 0 delete.
10:47:50,719 [Thread-105] DEBUG org.activiti.engine.impl.db.DbSqlSession  - now executing flush...
10:47:50,718 [Thread-106] DEBUG org.activiti.engine.impl.persistence.entity.JobEntity.selectAsyncJobsDueToExecute  - ==&gt;  Preparing: select RES.* from ACT_RU_JOB RES LEFT OUTER JOIN ACT_RU_EXECUTION PI ON PI.ID_ = RES.PROCESS_INSTANCE_ID_ where RES.RETRIES_ &gt; 0 and RES.DUEDATE_ is not null and RES.DUEDATE_ &lt;= ? and (RES.LOCK_EXP_TIME_ is null or RES.LOCK_EXP_TIME_ &lt;= ?) and TYPE_ = &apos;message&apos; and ( (RES.EXECUTION_ID_ is null) or (PI.SUSPENSION_STATE_ = 1) ) LIMIT ? OFFSET ? 
10:47:50,719 [Thread-105] DEBUG org.activiti.engine.impl.cfg.standalone.StandaloneMybatisTransactionContext  - firing event committing...
10:47:50,719 [Thread-105] DEBUG org.activiti.engine.impl.cfg.standalone.StandaloneMybatisTransactionContext  - committing the ibatis sql session...
10:47:50,719 [Thread-105] DEBUG org.activiti.engine.impl.cfg.standalone.StandaloneMybatisTransactionContext  - firing event committed...
10:47:50,719 [Thread-105] DEBUG org.apache.ibatis.transaction.jdbc.JdbcTransaction  - Resetting autocommit to true on JDBC Connection [conn64: url=jdbc:h2:mem:activiti-AsyncExecutorTest user=SA]
10:47:50,718 [Thread-103] DEBUG org.activiti.engine.impl.persistence.entity.JobEntity.selectAsyncJobsDueToExecute  - &lt;==      Total: 0
10:47:50,718 [Thread-102] DEBUG org.activiti.engine.impl.persistence.entity.JobEntity.selectNextTimerJobsToExecute  - &lt;==      Total: 0
10:47:50,718 [Thread-111] DEBUG org.activiti.engine.impl.db.DbSqlSession  - flush summary: 0 insert, 0 update, 0 delete.
10:47:50,719 [Thread-111] DEBUG org.activiti.engine.impl.db.DbSqlSession  - now executing flush...
10:47:50,719 [Thread-111] DEBUG org.activiti.engine.impl.cfg.standalone.StandaloneMybatisTransactionContext  - firing event committing...
10:47:50,719 [Thread-111] DEBUG org.activiti.engine.impl.cfg.standalone.StandaloneMybatisTransactionContext  - committing the ibatis sql session...
10:47:50,719 [Thread-111] DEBUG org.activiti.engine.impl.cfg.standalone.StandaloneMybatisTransactionContext  - firing event committed...
10:47:50,719 [Thread-111] DEBUG org.apache.ibatis.transaction.jdbc.JdbcTransaction  - Resetting autocommit to true on JDBC Connection [conn70: url=jdbc:h2:mem:activiti-AsyncExecutorTest user=SA]
10:47:50,719 [Thread-111] DEBUG org.apache.ibatis.transaction.jdbc.JdbcTransaction  - Closing JDBC Connection [conn70: url=jdbc:h2:mem:activiti-AsyncExecutorTest user=SA]
10:47:50,719 [Thread-102] DEBUG org.activiti.engine.impl.db.DbSqlSession  - flush summary: 0 insert, 0 update, 0 delete.
10:47:50,719 [Thread-102] DEBUG org.activiti.engine.impl.db.DbSqlSession  - now executing flush...
10:47:50,719 [Thread-102] DEBUG org.activiti.engine.impl.cfg.standalone.StandaloneMybatisTransactionContext  - firing event committing...
10:47:50,719 [Thread-102] DEBUG org.activiti.engine.impl.cfg.standalone.StandaloneMybatisTransactionContext  - committing the ibatis sql session...
10:47:50,719 [Thread-102] DEBUG org.activiti.engine.impl.cfg.standalone.StandaloneMybatisTransactionContext  - firing event committed...
10:47:50,719 [Thread-102] DEBUG org.apache.ibatis.transaction.jdbc.JdbcTransaction  - Resetting autocommit to true on JDBC Connection [conn59: url=jdbc:h2:mem:activiti-AsyncExecutorTest user=SA]
10:47:50,719 [Thread-102] DEBUG org.apache.ibatis.transaction.jdbc.JdbcTransaction  - Closing JDBC Connection [conn59: url=jdbc:h2:mem:activiti-AsyncExecutorTest user=SA]
10:47:50,719 [Thread-102] DEBUG org.apache.ibatis.datasource.pooled.PooledDataSource  - Returned connection 720039383 to pool.
10:47:50,719 [Thread-102] DEBUG org.activiti.engine.impl.interceptor.LogInterceptor  - --- AcquireTimerJobsCmd finished --------------------------------------------------------
10:47:50,719 [Thread-102] DEBUG org.activiti.engine.impl.interceptor.LogInterceptor  - 

10:47:50,719 [Thread-103] DEBUG org.activiti.engine.impl.db.DbSqlSession  - flush summary: 0 insert, 0 update, 0 delete.
10:47:50,719 [Thread-103] DEBUG org.activiti.engine.impl.db.DbSqlSession  - now executing flush...
10:47:50,719 [Thread-103] DEBUG org.activiti.engine.impl.cfg.standalone.StandaloneMybatisTransactionContext  - firing event committing...
10:47:50,719 [Thread-103] DEBUG org.activiti.engine.impl.cfg.standalone.StandaloneMybatisTransactionContext  - committing the ibatis sql session...
10:47:50,719 [Thread-103] DEBUG org.activiti.engine.impl.cfg.standalone.StandaloneMybatisTransactionContext  - firing event committed...
10:47:50,719 [Thread-103] DEBUG org.apache.ibatis.transaction.jdbc.JdbcTransaction  - Resetting autocommit to true on JDBC Connection [conn60: url=jdbc:h2:mem:activiti-AsyncExecutorTest user=SA]
10:47:50,720 [Thread-103] DEBUG org.apache.ibatis.transaction.jdbc.JdbcTransaction  - Closing JDBC Connection [conn60: url=jdbc:h2:mem:activiti-AsyncExecutorTest user=SA]
10:47:50,720 [Thread-103] DEBUG org.apache.ibatis.datasource.pooled.PooledDataSource  - Returned connection 33534803 to pool.
10:47:50,719 [Thread-105] DEBUG org.apache.ibatis.transaction.jdbc.JdbcTransaction  - Closing JDBC Connection [conn64: url=jdbc:h2:mem:activiti-AsyncExecutorTest user=SA]
10:47:50,720 [Thread-105] DEBUG org.apache.ibatis.datasource.pooled.PooledDataSource  - Returned connection 54468349 to pool.
10:47:50,720 [Thread-105] DEBUG org.activiti.engine.impl.interceptor.LogInterceptor  - --- AcquireTimerJobsCmd finished --------------------------------------------------------
10:47:50,720 [Thread-105] DEBUG org.activiti.engine.impl.interceptor.LogInterceptor  - 

10:47:50,720 [Thread-105] DEBUG org.activiti.engine.impl.asyncexecutor.AcquireTimerJobsRunnable  - timer job acquisition thread sleeping for 50 millis
10:47:50,719 [Thread-106] DEBUG org.activiti.engine.impl.persistence.entity.JobEntity.selectAsyncJobsDueToExecute  - ==&gt; Parameters: 2023-03-20 10:48:50.669(Timestamp), 2023-03-20 10:48:50.669(Timestamp), 1(Integer), 0(Integer)
10:47:50,720 [Thread-103] DEBUG org.activiti.engine.impl.interceptor.LogInterceptor  - --- AcquireAsyncJobsDueCmd finished --------------------------------------------------------
10:47:50,720 [Thread-103] DEBUG org.activiti.engine.impl.interceptor.LogInterceptor  - 

10:47:50,719 [Thread-102] DEBUG org.activiti.engine.impl.asyncexecutor.AcquireTimerJobsRunnable  - timer job acquisition thread sleeping for 50 millis
10:47:50,719 [Thread-111] DEBUG org.apache.ibatis.datasource.pooled.PooledDataSource  - Returned connection 604408605 to pool.
10:47:50,720 [Thread-111] DEBUG org.activiti.engine.impl.interceptor.LogInterceptor  - --- AcquireTimerJobsCmd finished --------------------------------------------------------
10:47:50,720 [Thread-111] DEBUG org.activiti.engine.impl.interceptor.LogInterceptor  - 

10:47:50,720 [Thread-111] DEBUG org.activiti.engine.impl.asyncexecutor.AcquireTimerJobsRunnable  - timer job acquisition thread sleeping for 50 millis
10:47:50,720 [Thread-103] DEBUG org.activiti.engine.impl.asyncexecutor.AcquireAsyncJobsDueRunnable  - async job acquisition thread sleeping for 50 millis
10:47:50,720 [Thread-106] DEBUG org.activiti.engine.impl.persistence.entity.JobEntity.selectAsyncJobsDueToExecute  - &lt;==      Total: 0
10:47:50,720 [Thread-106] DEBUG org.activiti.engine.impl.db.DbSqlSession  - flush summary: 0 insert, 0 update, 0 delete.
10:47:50,720 [Thread-106] DEBUG org.activiti.engine.impl.db.DbSqlSession  - now executing flush...
10:47:50,720 [Thread-106] DEBUG org.activiti.engine.impl.cfg.standalone.StandaloneMybatisTransactionContext  - firing event committing...
10:47:50,720 [Thread-106] DEBUG org.activiti.engine.impl.cfg.standalone.StandaloneMybatisTransactionContext  - committing the ibatis sql session...
10:47:50,720 [Thread-106] DEBUG org.activiti.engine.impl.cfg.standalone.StandaloneMybatisTransactionContext  - firing event committed...
10:47:50,720 [Thread-106] DEBUG org.apache.ibatis.transaction.jdbc.JdbcTransaction  - Resetting autocommit to true on JDBC Connection [conn63: url=jdbc:h2:mem:activiti-AsyncExecutorTest user=SA]
10:47:50,720 [Thread-106] DEBUG org.apache.ibatis.transaction.jdbc.JdbcTransaction  - Closing JDBC Connection [conn63: url=jdbc:h2:mem:activiti-AsyncExecutorTest user=SA]
10:47:50,720 [Thread-106] DEBUG org.apache.ibatis.datasource.pooled.PooledDataSource  - Returned connection 1970103261 to pool.
10:47:50,720 [Thread-106] DEBUG org.activiti.engine.impl.interceptor.LogInterceptor  - --- AcquireAsyncJobsDueCmd finished --------------------------------------------------------
10:47:50,720 [Thread-106] DEBUG org.activiti.engine.impl.interceptor.LogInterceptor  - 

10:47:50,720 [Thread-106] DEBUG org.activiti.engine.impl.asyncexecutor.AcquireAsyncJobsDueRunnable  - async job acquisition thread sleeping for 50 millis
10:47:50,764 [Thread-112] DEBUG org.activiti.engine.impl.asyncexecutor.AcquireAsyncJobsDueRunnable  - async job acquisition thread woke up
10:47:50,764 [Thread-112] DEBUG org.activiti.engine.impl.interceptor.LogInterceptor  - 

10:47:50,764 [Thread-112] DEBUG org.activiti.engine.impl.interceptor.LogInterceptor  - --- starting AcquireAsyncJobsDueCmd --------------------------------------------------------
10:47:50,764 [Thread-112] DEBUG org.apache.ibatis.transaction.jdbc.JdbcTransaction  - Opening JDBC Connection
10:47:50,764 [Thread-112] DEBUG org.apache.ibatis.datasource.pooled.PooledDataSource  - Checked out connection 58501658 from pool.
10:47:50,764 [Thread-112] DEBUG org.apache.ibatis.transaction.jdbc.JdbcTransaction  - Setting autocommit to false on JDBC Connection [conn68: url=jdbc:h2:mem:activiti-AsyncExecutorTest user=SA]
10:47:50,764 [Thread-112] DEBUG org.activiti.engine.impl.persistence.entity.JobEntity.selectAsyncJobsDueToExecute  - ==&gt;  Preparing: select RES.* from ACT_RU_JOB RES LEFT OUTER JOIN ACT_RU_EXECUTION PI ON PI.ID_ = RES.PROCESS_INSTANCE_ID_ where RES.RETRIES_ &gt; 0 and RES.DUEDATE_ is not null and RES.DUEDATE_ &lt;= ? and (RES.LOCK_EXP_TIME_ is null or RES.LOCK_EXP_TIME_ &lt;= ?) and TYPE_ = &apos;message&apos; and ( (RES.EXECUTION_ID_ is null) or (PI.SUSPENSION_STATE_ = 1) ) LIMIT ? OFFSET ? 
10:47:50,764 [Thread-112] DEBUG org.activiti.engine.impl.persistence.entity.JobEntity.selectAsyncJobsDueToExecute  - ==&gt; Parameters: 2023-03-20 10:48:50.669(Timestamp), 2023-03-20 10:48:50.669(Timestamp), 1(Integer), 0(Integer)
10:47:50,764 [Thread-112] DEBUG org.activiti.engine.impl.persistence.entity.JobEntity.selectAsyncJobsDueToExecute  - &lt;==      Total: 0
10:47:50,764 [Thread-112] DEBUG org.activiti.engine.impl.db.DbSqlSession  - flush summary: 0 insert, 0 update, 0 delete.
10:47:50,764 [Thread-112] DEBUG org.activiti.engine.impl.db.DbSqlSession  - now executing flush...
10:47:50,764 [Thread-112] DEBUG org.activiti.engine.impl.cfg.standalone.StandaloneMybatisTransactionContext  - firing event committing...
10:47:50,764 [Thread-112] DEBUG org.activiti.engine.impl.cfg.standalone.StandaloneMybatisTransactionContext  - committing the ibatis sql session...
10:47:50,764 [Thread-112] DEBUG org.activiti.engine.impl.cfg.standalone.StandaloneMybatisTransactionContext  - firing event committed...
10:47:50,764 [Thread-112] DEBUG org.apache.ibatis.transaction.jdbc.JdbcTransaction  - Resetting autocommit to true on JDBC Connection [conn68: url=jdbc:h2:mem:activiti-AsyncExecutorTest user=SA]
10:47:50,764 [Thread-112] DEBUG org.apache.ibatis.transaction.jdbc.JdbcTransaction  - Closing JDBC Connection [conn68: url=jdbc:h2:mem:activiti-AsyncExecutorTest user=SA]
10:47:50,764 [Thread-112] DEBUG org.apache.ibatis.datasource.pooled.PooledDataSource  - Returned connection 58501658 to pool.
10:47:50,764 [Thread-112] DEBUG org.activiti.engine.impl.interceptor.LogInterceptor  - --- AcquireAsyncJobsDueCmd finished --------------------------------------------------------
10:47:50,764 [Thread-112] DEBUG org.activiti.engine.impl.interceptor.LogInterceptor  - 

10:47:50,764 [Thread-112] DEBUG org.activiti.engine.impl.asyncexecutor.AcquireAsyncJobsDueRunnable  - async job acquisition thread sleeping for 50 millis
10:47:50,779 [Thread-111] DEBUG org.activiti.engine.impl.asyncexecutor.AcquireTimerJobsRunnable  - timer job acquisition thread woke up
10:47:50,779 [Thread-105] DEBUG org.activiti.engine.impl.asyncexecutor.AcquireTimerJobsRunnable  - timer job acquisition thread woke up
10:47:50,779 [Thread-105] DEBUG org.activiti.engine.impl.interceptor.LogInterceptor  - 

10:47:50,779 [Thread-102] DEBUG org.activiti.engine.impl.asyncexecutor.AcquireTimerJobsRunnable  - timer job acquisition thread woke up
10:47:50,779 [Thread-102] DEBUG org.activiti.engine.impl.interceptor.LogInterceptor  - 

10:47:50,779 [Thread-102] DEBUG org.activiti.engine.impl.interceptor.LogInterceptor  - --- starting AcquireTimerJobsCmd --------------------------------------------------------
10:47:50,779 [Thread-106] DEBUG org.activiti.engine.impl.asyncexecutor.AcquireAsyncJobsDueRunnable  - async job acquisition thread woke up
10:47:50,779 [Thread-106] DEBUG org.activiti.engine.impl.interceptor.LogInterceptor  - 

10:47:50,779 [Thread-106] DEBUG org.activiti.engine.impl.interceptor.LogInterceptor  - --- starting AcquireAsyncJobsDueCmd --------------------------------------------------------
10:47:50,779 [Thread-103] DEBUG org.activiti.engine.impl.asyncexecutor.AcquireAsyncJobsDueRunnable  - async job acquisition thread woke up
10:47:50,779 [Thread-103] DEBUG org.activiti.engine.impl.interceptor.LogInterceptor  - 

10:47:50,779 [Thread-103] DEBUG org.activiti.engine.impl.interceptor.LogInterceptor  - --- starting AcquireAsyncJobsDueCmd --------------------------------------------------------
10:47:50,779 [Thread-106] DEBUG org.apache.ibatis.transaction.jdbc.JdbcTransaction  - Opening JDBC Connection
10:47:50,779 [Thread-106] DEBUG org.apache.ibatis.datasource.pooled.PooledDataSource  - Checked out connection 996762054 from pool.
10:47:50,779 [Thread-102] DEBUG org.apache.ibatis.transaction.jdbc.JdbcTransaction  - Opening JDBC Connection
10:47:50,779 [Thread-102] DEBUG org.apache.ibatis.datasource.pooled.PooledDataSource  - Checked out connection 157985567 from pool.
10:47:50,779 [Thread-105] DEBUG org.activiti.engine.impl.interceptor.LogInterceptor  - --- starting AcquireTimerJobsCmd --------------------------------------------------------
10:47:50,779 [Thread-111] DEBUG org.activiti.engine.impl.interceptor.LogInterceptor  - 

10:47:50,780 [Thread-111] DEBUG org.activiti.engine.impl.interceptor.LogInterceptor  - --- starting AcquireTimerJobsCmd --------------------------------------------------------
10:47:50,779 [Thread-105] DEBUG org.apache.ibatis.transaction.jdbc.JdbcTransaction  - Opening JDBC Connection
10:47:50,780 [Thread-105] DEBUG org.apache.ibatis.datasource.pooled.PooledDataSource  - Checked out connection 54468349 from pool.
10:47:50,779 [Thread-102] DEBUG org.apache.ibatis.transaction.jdbc.JdbcTransaction  - Setting autocommit to false on JDBC Connection [conn61: url=jdbc:h2:mem:activiti-AsyncExecutorTest user=SA]
10:47:50,779 [Thread-106] DEBUG org.apache.ibatis.transaction.jdbc.JdbcTransaction  - Setting autocommit to false on JDBC Connection [conn65: url=jdbc:h2:mem:activiti-AsyncExecutorTest user=SA]
10:47:50,779 [Thread-103] DEBUG org.apache.ibatis.transaction.jdbc.JdbcTransaction  - Opening JDBC Connection
10:47:50,780 [Thread-103] DEBUG org.apache.ibatis.datasource.pooled.PooledDataSource  - Checked out connection 720039383 from pool.
10:47:50,780 [Thread-102] DEBUG org.activiti.engine.impl.persistence.entity.JobEntity.selectNextTimerJobsToExecute  - ==&gt;  Preparing: select RES.* from ACT_RU_JOB RES LEFT OUTER JOIN ACT_RU_EXECUTION PI ON PI.ID_ = RES.PROCESS_INSTANCE_ID_ where (RES.RETRIES_ &gt; 0) and (RES.DUEDATE_ is null or RES.DUEDATE_ &lt;= ?) and (RES.LOCK_OWNER_ is null or RES.LOCK_EXP_TIME_ &lt;= ?) and TYPE_ = &apos;timer&apos; and ( (RES.EXECUTION_ID_ is null) or (PI.SUSPENSION_STATE_ = 1) ) LIMIT ? OFFSET ? 
10:47:50,780 [Thread-105] DEBUG org.apache.ibatis.transaction.jdbc.JdbcTransaction  - Setting autocommit to false on JDBC Connection [conn64: url=jdbc:h2:mem:activiti-AsyncExecutorTest user=SA]
10:47:50,780 [Thread-111] DEBUG org.apache.ibatis.transaction.jdbc.JdbcTransaction  - Opening JDBC Connection
10:47:50,780 [Thread-111] DEBUG org.apache.ibatis.datasource.pooled.PooledDataSource  - Checked out connection 1863805930 from pool.
10:47:50,780 [Thread-105] DEBUG org.activiti.engine.impl.persistence.entity.JobEntity.selectNextTimerJobsToExecute  - ==&gt;  Preparing: select RES.* from ACT_RU_JOB RES LEFT OUTER JOIN ACT_RU_EXECUTION PI ON PI.ID_ = RES.PROCESS_INSTANCE_ID_ where (RES.RETRIES_ &gt; 0) and (RES.DUEDATE_ is null or RES.DUEDATE_ &lt;= ?) and (RES.LOCK_OWNER_ is null or RES.LOCK_EXP_TIME_ &lt;= ?) and TYPE_ = &apos;timer&apos; and ( (RES.EXECUTION_ID_ is null) or (PI.SUSPENSION_STATE_ = 1) ) LIMIT ? OFFSET ? 
10:47:50,780 [Thread-102] DEBUG org.activiti.engine.impl.persistence.entity.JobEntity.selectNextTimerJobsToExecute  - ==&gt; Parameters: 2023-03-20 10:48:50.669(Timestamp), 2023-03-20 10:48:50.669(Timestamp), 1(Integer), 0(Integer)
10:47:50,780 [Thread-106] DEBUG org.activiti.engine.impl.persistence.entity.JobEntity.selectAsyncJobsDueToExecute  - ==&gt;  Preparing: select RES.* from ACT_RU_JOB RES LEFT OUTER JOIN ACT_RU_EXECUTION PI ON PI.ID_ = RES.PROCESS_INSTANCE_ID_ where RES.RETRIES_ &gt; 0 and RES.DUEDATE_ is not null and RES.DUEDATE_ &lt;= ? and (RES.LOCK_EXP_TIME_ is null or RES.LOCK_EXP_TIME_ &lt;= ?) and TYPE_ = &apos;message&apos; and ( (RES.EXECUTION_ID_ is null) or (PI.SUSPENSION_STATE_ = 1) ) LIMIT ? OFFSET ? 
10:47:50,780 [Thread-102] DEBUG org.activiti.engine.impl.persistence.entity.JobEntity.selectNextTimerJobsToExecute  - &lt;==      Total: 0
10:47:50,780 [Thread-103] DEBUG org.apache.ibatis.transaction.jdbc.JdbcTransaction  - Setting autocommit to false on JDBC Connection [conn59: url=jdbc:h2:mem:activiti-AsyncExecutorTest user=SA]
10:47:50,780 [Thread-102] DEBUG org.activiti.engine.impl.db.DbSqlSession  - flush summary: 0 insert, 0 update, 0 delete.
10:47:50,780 [Thread-102] DEBUG org.activiti.engine.impl.db.DbSqlSession  - now executing flush...
10:47:50,780 [Thread-106] DEBUG org.activiti.engine.impl.persistence.entity.JobEntity.selectAsyncJobsDueToExecute  - ==&gt; Parameters: 2023-03-20 10:48:50.669(Timestamp), 2023-03-20 10:48:50.669(Timestamp), 1(Integer), 0(Integer)
10:47:50,780 [Thread-105] DEBUG org.activiti.engine.impl.persistence.entity.JobEntity.selectNextTimerJobsToExecute  - ==&gt; Parameters: 2023-03-20 10:48:50.669(Timestamp), 2023-03-20 10:48:50.669(Timestamp), 1(Integer), 0(Integer)
10:47:50,780 [Thread-111] DEBUG org.apache.ibatis.transaction.jdbc.JdbcTransaction  - Setting autocommit to false on JDBC Connection [conn69: url=jdbc:h2:mem:activiti-AsyncExecutorTest user=SA]
10:47:50,780 [Thread-105] DEBUG org.activiti.engine.impl.persistence.entity.JobEntity.selectNextTimerJobsToExecute  - &lt;==      Total: 0
10:47:50,780 [Thread-106] DEBUG org.activiti.engine.impl.persistence.entity.JobEntity.selectAsyncJobsDueToExecute  - &lt;==      Total: 0
10:47:50,780 [Thread-106] DEBUG org.activiti.engine.impl.db.DbSqlSession  - flush summary: 0 insert, 0 update, 0 delete.
10:47:50,780 [Thread-106] DEBUG org.activiti.engine.impl.db.DbSqlSession  - now executing flush...
10:47:50,780 [Thread-106] DEBUG org.activiti.engine.impl.cfg.standalone.StandaloneMybatisTransactionContext  - firing event committing...
10:47:50,781 [Thread-106] DEBUG org.activiti.engine.impl.cfg.standalone.StandaloneMybatisTransactionContext  - committing the ibatis sql session...
10:47:50,781 [Thread-106] DEBUG org.activiti.engine.impl.cfg.standalone.StandaloneMybatisTransactionContext  - firing event committed...
10:47:50,780 [Thread-102] DEBUG org.activiti.engine.impl.cfg.standalone.StandaloneMybatisTransactionContext  - firing event committing...
10:47:50,781 [Thread-102] DEBUG org.activiti.engine.impl.cfg.standalone.StandaloneMybatisTransactionContext  - committing the ibatis sql session...
10:47:50,781 [Thread-102] DEBUG org.activiti.engine.impl.cfg.standalone.StandaloneMybatisTransactionContext  - firing event committed...
10:47:50,780 [Thread-103] DEBUG org.activiti.engine.impl.persistence.entity.JobEntity.selectAsyncJobsDueToExecute  - ==&gt;  Preparing: select RES.* from ACT_RU_JOB RES LEFT OUTER JOIN ACT_RU_EXECUTION PI ON PI.ID_ = RES.PROCESS_INSTANCE_ID_ where RES.RETRIES_ &gt; 0 and RES.DUEDATE_ is not null and RES.DUEDATE_ &lt;= ? and (RES.LOCK_EXP_TIME_ is null or RES.LOCK_EXP_TIME_ &lt;= ?) and TYPE_ = &apos;message&apos; and ( (RES.EXECUTION_ID_ is null) or (PI.SUSPENSION_STATE_ = 1) ) LIMIT ? OFFSET ? 
10:47:50,781 [Thread-102] DEBUG org.apache.ibatis.transaction.jdbc.JdbcTransaction  - Resetting autocommit to true on JDBC Connection [conn61: url=jdbc:h2:mem:activiti-AsyncExecutorTest user=SA]
10:47:50,781 [Thread-106] DEBUG org.apache.ibatis.transaction.jdbc.JdbcTransaction  - Resetting autocommit to true on JDBC Connection [conn65: url=jdbc:h2:mem:activiti-AsyncExecutorTest user=SA]
10:47:50,781 [Thread-106] DEBUG org.apache.ibatis.transaction.jdbc.JdbcTransaction  - Closing JDBC Connection [conn65: url=jdbc:h2:mem:activiti-AsyncExecutorTest user=SA]
10:47:50,780 [Thread-105] DEBUG org.activiti.engine.impl.db.DbSqlSession  - flush summary: 0 insert, 0 update, 0 delete.
10:47:50,781 [Thread-105] DEBUG org.activiti.engine.impl.db.DbSqlSession  - now executing flush...
10:47:50,781 [Thread-105] DEBUG org.activiti.engine.impl.cfg.standalone.StandaloneMybatisTransactionContext  - firing event committing...
10:47:50,781 [Thread-105] DEBUG org.activiti.engine.impl.cfg.standalone.StandaloneMybatisTransactionContext  - committing the ibatis sql session...
10:47:50,781 [Thread-105] DEBUG org.activiti.engine.impl.cfg.standalone.StandaloneMybatisTransactionContext  - firing event committed...
10:47:50,781 [Thread-105] DEBUG org.apache.ibatis.transaction.jdbc.JdbcTransaction  - Resetting autocommit to true on JDBC Connection [conn64: url=jdbc:h2:mem:activiti-AsyncExecutorTest user=SA]
10:47:50,781 [Thread-105] DEBUG org.apache.ibatis.transaction.jdbc.JdbcTransaction  - Closing JDBC Connection [conn64: url=jdbc:h2:mem:activiti-AsyncExecutorTest user=SA]
10:47:50,780 [Thread-111] DEBUG org.activiti.engine.impl.persistence.entity.JobEntity.selectNextTimerJobsToExecute  - ==&gt;  Preparing: select RES.* from ACT_RU_JOB RES LEFT OUTER JOIN ACT_RU_EXECUTION PI ON PI.ID_ = RES.PROCESS_INSTANCE_ID_ where (RES.RETRIES_ &gt; 0) and (RES.DUEDATE_ is null or RES.DUEDATE_ &lt;= ?) and (RES.LOCK_OWNER_ is null or RES.LOCK_EXP_TIME_ &lt;= ?) and TYPE_ = &apos;timer&apos; and ( (RES.EXECUTION_ID_ is null) or (PI.SUSPENSION_STATE_ = 1) ) LIMIT ? OFFSET ? 
10:47:50,781 [Thread-106] DEBUG org.apache.ibatis.datasource.pooled.PooledDataSource  - Returned connection 996762054 to pool.
10:47:50,781 [Thread-102] DEBUG org.apache.ibatis.transaction.jdbc.JdbcTransaction  - Closing JDBC Connection [conn61: url=jdbc:h2:mem:activiti-AsyncExecutorTest user=SA]
10:47:50,781 [Thread-102] DEBUG org.apache.ibatis.datasource.pooled.PooledDataSource  - Returned connection 157985567 to pool.
10:47:50,781 [Thread-103] DEBUG org.activiti.engine.impl.persistence.entity.JobEntity.selectAsyncJobsDueToExecute  - ==&gt; Parameters: 2023-03-20 10:48:50.669(Timestamp), 2023-03-20 10:48:50.669(Timestamp), 1(Integer), 0(Integer)
10:47:50,781 [Thread-102] DEBUG org.activiti.engine.impl.interceptor.LogInterceptor  - --- AcquireTimerJobsCmd finished --------------------------------------------------------
10:47:50,781 [Thread-102] DEBUG org.activiti.engine.impl.interceptor.LogInterceptor  - 

10:47:50,781 [Thread-105] DEBUG org.apache.ibatis.datasource.pooled.PooledDataSource  - Returned connection 54468349 to pool.
10:47:50,781 [Thread-105] DEBUG org.activiti.engine.impl.interceptor.LogInterceptor  - --- AcquireTimerJobsCmd finished --------------------------------------------------------
10:47:50,781 [Thread-105] DEBUG org.activiti.engine.impl.interceptor.LogInterceptor  - 

10:47:50,781 [Thread-106] DEBUG org.activiti.engine.impl.interceptor.LogInterceptor  - --- AcquireAsyncJobsDueCmd finished --------------------------------------------------------
10:47:50,781 [Thread-106] DEBUG org.activiti.engine.impl.interceptor.LogInterceptor  - 

10:47:50,781 [Thread-106] DEBUG org.activiti.engine.impl.asyncexecutor.AcquireAsyncJobsDueRunnable  - async job acquisition thread sleeping for 50 millis
10:47:50,781 [Thread-111] DEBUG org.activiti.engine.impl.persistence.entity.JobEntity.selectNextTimerJobsToExecute  - ==&gt; Parameters: 2023-03-20 10:48:50.669(Timestamp), 2023-03-20 10:48:50.669(Timestamp), 1(Integer), 0(Integer)
10:47:50,781 [Thread-105] DEBUG org.activiti.engine.impl.asyncexecutor.AcquireTimerJobsRunnable  - timer job acquisition thread sleeping for 50 millis
10:47:50,781 [Thread-102] DEBUG org.activiti.engine.impl.asyncexecutor.AcquireTimerJobsRunnable  - timer job acquisition thread sleeping for 50 millis
10:47:50,781 [Thread-103] DEBUG org.activiti.engine.impl.persistence.entity.JobEntity.selectAsyncJobsDueToExecute  - &lt;==      Total: 0
10:47:50,781 [Thread-111] DEBUG org.activiti.engine.impl.persistence.entity.JobEntity.selectNextTimerJobsToExecute  - &lt;==      Total: 0
10:47:50,781 [Thread-103] DEBUG org.activiti.engine.impl.db.DbSqlSession  - flush summary: 0 insert, 0 update, 0 delete.
10:47:50,781 [Thread-103] DEBUG org.activiti.engine.impl.db.DbSqlSession  - now executing flush...
10:47:50,782 [Thread-103] DEBUG org.activiti.engine.impl.cfg.standalone.StandaloneMybatisTransactionContext  - firing event committing...
10:47:50,782 [Thread-103] DEBUG org.activiti.engine.impl.cfg.standalone.StandaloneMybatisTransactionContext  - committing the ibatis sql session...
10:47:50,782 [Thread-103] DEBUG org.activiti.engine.impl.cfg.standalone.StandaloneMybatisTransactionContext  - firing event committed...
10:47:50,782 [Thread-103] DEBUG org.apache.ibatis.transaction.jdbc.JdbcTransaction  - Resetting autocommit to true on JDBC Connection [conn59: url=jdbc:h2:mem:activiti-AsyncExecutorTest user=SA]
10:47:50,782 [Thread-103] DEBUG org.apache.ibatis.transaction.jdbc.JdbcTransaction  - Closing JDBC Connection [conn59: url=jdbc:h2:mem:activiti-AsyncExecutorTest user=SA]
10:47:50,782 [Thread-103] DEBUG org.apache.ibatis.datasource.pooled.PooledDataSource  - Returned connection 720039383 to pool.
10:47:50,782 [Thread-103] DEBUG org.activiti.engine.impl.interceptor.LogInterceptor  - --- AcquireAsyncJobsDueCmd finished --------------------------------------------------------
10:47:50,782 [Thread-103] DEBUG org.activiti.engine.impl.interceptor.LogInterceptor  - 

10:47:50,782 [Thread-103] DEBUG org.activiti.engine.impl.asyncexecutor.AcquireAsyncJobsDueRunnable  - async job acquisition thread sleeping for 50 millis
10:47:50,781 [Thread-111] DEBUG org.activiti.engine.impl.db.DbSqlSession  - flush summary: 0 insert, 0 update, 0 delete.
10:47:50,782 [Thread-111] DEBUG org.activiti.engine.impl.db.DbSqlSession  - now executing flush...
10:47:50,782 [Thread-111] DEBUG org.activiti.engine.impl.cfg.standalone.StandaloneMybatisTransactionContext  - firing event committing...
10:47:50,782 [Thread-111] DEBUG org.activiti.engine.impl.cfg.standalone.StandaloneMybatisTransactionContext  - committing the ibatis sql session...
10:47:50,782 [Thread-111] DEBUG org.activiti.engine.impl.cfg.standalone.StandaloneMybatisTransactionContext  - firing event committed...
10:47:50,782 [Thread-111] DEBUG org.apache.ibatis.transaction.jdbc.JdbcTransaction  - Resetting autocommit to true on JDBC Connection [conn69: url=jdbc:h2:mem:activiti-AsyncExecutorTest user=SA]
10:47:50,782 [Thread-111] DEBUG org.apache.ibatis.transaction.jdbc.JdbcTransaction  - Closing JDBC Connection [conn69: url=jdbc:h2:mem:activiti-AsyncExecutorTest user=SA]
10:47:50,782 [Thread-111] DEBUG org.apache.ibatis.datasource.pooled.PooledDataSource  - Returned connection 1863805930 to pool.
10:47:50,782 [Thread-111] DEBUG org.activiti.engine.impl.interceptor.LogInterceptor  - --- AcquireTimerJobsCmd finished --------------------------------------------------------
10:47:50,782 [Thread-111] DEBUG org.activiti.engine.impl.interceptor.LogInterceptor  - 

10:47:50,782 [Thread-111] DEBUG org.activiti.engine.impl.asyncexecutor.AcquireTimerJobsRunnable  - timer job acquisition thread sleeping for 50 millis
10:47:50,826 [Thread-112] DEBUG org.activiti.engine.impl.asyncexecutor.AcquireAsyncJobsDueRunnable  - async job acquisition thread woke up
10:47:50,826 [Thread-112] DEBUG org.activiti.engine.impl.interceptor.LogInterceptor  - 

10:47:50,826 [Thread-112] DEBUG org.activiti.engine.impl.interceptor.LogInterceptor  - --- starting AcquireAsyncJobsDueCmd --------------------------------------------------------
10:47:50,826 [Thread-112] DEBUG org.apache.ibatis.transaction.jdbc.JdbcTransaction  - Opening JDBC Connection
10:47:50,826 [Thread-112] DEBUG org.apache.ibatis.datasource.pooled.PooledDataSource  - Checked out connection 604408605 from pool.
10:47:50,826 [Thread-112] DEBUG org.apache.ibatis.transaction.jdbc.JdbcTransaction  - Setting autocommit to false on JDBC Connection [conn70: url=jdbc:h2:mem:activiti-AsyncExecutorTest user=SA]
10:47:50,826 [Thread-112] DEBUG org.activiti.engine.impl.persistence.entity.JobEntity.selectAsyncJobsDueToExecute  - ==&gt;  Preparing: select RES.* from ACT_RU_JOB RES LEFT OUTER JOIN ACT_RU_EXECUTION PI ON PI.ID_ = RES.PROCESS_INSTANCE_ID_ where RES.RETRIES_ &gt; 0 and RES.DUEDATE_ is not null and RES.DUEDATE_ &lt;= ? and (RES.LOCK_EXP_TIME_ is null or RES.LOCK_EXP_TIME_ &lt;= ?) and TYPE_ = &apos;message&apos; and ( (RES.EXECUTION_ID_ is null) or (PI.SUSPENSION_STATE_ = 1) ) LIMIT ? OFFSET ? 
10:47:50,826 [Thread-112] DEBUG org.activiti.engine.impl.persistence.entity.JobEntity.selectAsyncJobsDueToExecute  - ==&gt; Parameters: 2023-03-20 10:48:50.669(Timestamp), 2023-03-20 10:48:50.669(Timestamp), 1(Integer), 0(Integer)
10:47:50,826 [Thread-112] DEBUG org.activiti.engine.impl.persistence.entity.JobEntity.selectAsyncJobsDueToExecute  - &lt;==      Total: 0
10:47:50,826 [Thread-112] DEBUG org.activiti.engine.impl.db.DbSqlSession  - flush summary: 0 insert, 0 update, 0 delete.
10:47:50,826 [Thread-112] DEBUG org.activiti.engine.impl.db.DbSqlSession  - now executing flush...
10:47:50,826 [Thread-112] DEBUG org.activiti.engine.impl.cfg.standalone.StandaloneMybatisTransactionContext  - firing event committing...
10:47:50,826 [Thread-112] DEBUG org.activiti.engine.impl.cfg.standalone.StandaloneMybatisTransactionContext  - committing the ibatis sql session...
10:47:50,826 [Thread-112] DEBUG org.activiti.engine.impl.cfg.standalone.StandaloneMybatisTransactionContext  - firing event committed...
10:47:50,826 [Thread-112] DEBUG org.apache.ibatis.transaction.jdbc.JdbcTransaction  - Resetting autocommit to true on JDBC Connection [conn70: url=jdbc:h2:mem:activiti-AsyncExecutorTest user=SA]
10:47:50,826 [Thread-112] DEBUG org.apache.ibatis.transaction.jdbc.JdbcTransaction  - Closing JDBC Connection [conn70: url=jdbc:h2:mem:activiti-AsyncExecutorTest user=SA]
10:47:50,826 [Thread-112] DEBUG org.apache.ibatis.datasource.pooled.PooledDataSource  - Returned connection 604408605 to pool.
10:47:50,826 [Thread-112] DEBUG org.activiti.engine.impl.interceptor.LogInterceptor  - --- AcquireAsyncJobsDueCmd finished --------------------------------------------------------
10:47:50,826 [Thread-112] DEBUG org.activiti.engine.impl.interceptor.LogInterceptor  - 

10:47:50,827 [Thread-112] DEBUG org.activiti.engine.impl.asyncexecutor.AcquireAsyncJobsDueRunnable  - async job acquisition thread sleeping for 50 millis
10:47:50,842 [Thread-102] DEBUG org.activiti.engine.impl.asyncexecutor.AcquireTimerJobsRunnable  - timer job acquisition thread woke up
10:47:50,842 [Thread-111] DEBUG org.activiti.engine.impl.asyncexecutor.AcquireTimerJobsRunnable  - timer job acquisition thread woke up
10:47:50,842 [Thread-111] DEBUG org.activiti.engine.impl.interceptor.LogInterceptor  - 

10:47:50,842 [Thread-103] DEBUG org.activiti.engine.impl.asyncexecutor.AcquireAsyncJobsDueRunnable  - async job acquisition thread woke up
10:47:50,842 [Thread-103] DEBUG org.activiti.engine.impl.interceptor.LogInterceptor  - 

10:47:50,842 [Thread-103] DEBUG org.activiti.engine.impl.interceptor.LogInterceptor  - --- starting AcquireAsyncJobsDueCmd --------------------------------------------------------
10:47:50,842 [Thread-106] DEBUG org.activiti.engine.impl.asyncexecutor.AcquireAsyncJobsDueRunnable  - async job acquisition thread woke up
10:47:50,842 [Thread-106] DEBUG org.activiti.engine.impl.interceptor.LogInterceptor  - 

10:47:50,842 [Thread-106] DEBUG org.activiti.engine.impl.interceptor.LogInterceptor  - --- starting AcquireAsyncJobsDueCmd --------------------------------------------------------
10:47:50,842 [Thread-105] DEBUG org.activiti.engine.impl.asyncexecutor.AcquireTimerJobsRunnable  - timer job acquisition thread woke up
10:47:50,842 [Thread-105] DEBUG org.activiti.engine.impl.interceptor.LogInterceptor  - 

10:47:50,842 [Thread-105] DEBUG org.activiti.engine.impl.interceptor.LogInterceptor  - --- starting AcquireTimerJobsCmd --------------------------------------------------------
10:47:50,842 [Thread-106] DEBUG org.apache.ibatis.transaction.jdbc.JdbcTransaction  - Opening JDBC Connection
10:47:50,842 [Thread-103] DEBUG org.apache.ibatis.transaction.jdbc.JdbcTransaction  - Opening JDBC Connection
10:47:50,842 [Thread-103] DEBUG org.apache.ibatis.datasource.pooled.PooledDataSource  - Checked out connection 33534803 from pool.
10:47:50,842 [Thread-111] DEBUG org.activiti.engine.impl.interceptor.LogInterceptor  - --- starting AcquireTimerJobsCmd --------------------------------------------------------
10:47:50,842 [Thread-102] DEBUG org.activiti.engine.impl.interceptor.LogInterceptor  - 

10:47:50,842 [Thread-102] DEBUG org.activiti.engine.impl.interceptor.LogInterceptor  - --- starting AcquireTimerJobsCmd --------------------------------------------------------
10:47:50,842 [Thread-111] DEBUG org.apache.ibatis.transaction.jdbc.JdbcTransaction  - Opening JDBC Connection
10:47:50,842 [Thread-111] DEBUG org.apache.ibatis.datasource.pooled.PooledDataSource  - Checked out connection 58501658 from pool.
10:47:50,842 [Thread-103] DEBUG org.apache.ibatis.transaction.jdbc.JdbcTransaction  - Setting autocommit to false on JDBC Connection [conn60: url=jdbc:h2:mem:activiti-AsyncExecutorTest user=SA]
10:47:50,842 [Thread-106] DEBUG org.apache.ibatis.datasource.pooled.PooledDataSource  - Checked out connection 1970103261 from pool.
10:47:50,842 [Thread-106] DEBUG org.apache.ibatis.transaction.jdbc.JdbcTransaction  - Setting autocommit to false on JDBC Connection [conn63: url=jdbc:h2:mem:activiti-AsyncExecutorTest user=SA]
10:47:50,842 [Thread-105] DEBUG org.apache.ibatis.transaction.jdbc.JdbcTransaction  - Opening JDBC Connection
10:47:50,843 [Thread-105] DEBUG org.apache.ibatis.datasource.pooled.PooledDataSource  - Checked out connection 996762054 from pool.
10:47:50,843 [Thread-105] DEBUG org.apache.ibatis.transaction.jdbc.JdbcTransaction  - Setting autocommit to false on JDBC Connection [conn65: url=jdbc:h2:mem:activiti-AsyncExecutorTest user=SA]
10:47:50,843 [Thread-106] DEBUG org.activiti.engine.impl.persistence.entity.JobEntity.selectAsyncJobsDueToExecute  - ==&gt;  Preparing: select RES.* from ACT_RU_JOB RES LEFT OUTER JOIN ACT_RU_EXECUTION PI ON PI.ID_ = RES.PROCESS_INSTANCE_ID_ where RES.RETRIES_ &gt; 0 and RES.DUEDATE_ is not null and RES.DUEDATE_ &lt;= ? and (RES.LOCK_EXP_TIME_ is null or RES.LOCK_EXP_TIME_ &lt;= ?) and TYPE_ = &apos;message&apos; and ( (RES.EXECUTION_ID_ is null) or (PI.SUSPENSION_STATE_ = 1) ) LIMIT ? OFFSET ? 
10:47:50,842 [Thread-103] DEBUG org.activiti.engine.impl.persistence.entity.JobEntity.selectAsyncJobsDueToExecute  - ==&gt;  Preparing: select RES.* from ACT_RU_JOB RES LEFT OUTER JOIN ACT_RU_EXECUTION PI ON PI.ID_ = RES.PROCESS_INSTANCE_ID_ where RES.RETRIES_ &gt; 0 and RES.DUEDATE_ is not null and RES.DUEDATE_ &lt;= ? and (RES.LOCK_EXP_TIME_ is null or RES.LOCK_EXP_TIME_ &lt;= ?) and TYPE_ = &apos;message&apos; and ( (RES.EXECUTION_ID_ is null) or (PI.SUSPENSION_STATE_ = 1) ) LIMIT ? OFFSET ? 
10:47:50,843 [Thread-106] DEBUG org.activiti.engine.impl.persistence.entity.JobEntity.selectAsyncJobsDueToExecute  - ==&gt; Parameters: 2023-03-20 10:48:50.669(Timestamp), 2023-03-20 10:48:50.669(Timestamp), 1(Integer), 0(Integer)
10:47:50,843 [Thread-103] DEBUG org.activiti.engine.impl.persistence.entity.JobEntity.selectAsyncJobsDueToExecute  - ==&gt; Parameters: 2023-03-20 10:48:50.669(Timestamp), 2023-03-20 10:48:50.669(Timestamp), 1(Integer), 0(Integer)
10:47:50,843 [Thread-106] DEBUG org.activiti.engine.impl.persistence.entity.JobEntity.selectAsyncJobsDueToExecute  - &lt;==      Total: 0
10:47:50,842 [Thread-111] DEBUG org.apache.ibatis.transaction.jdbc.JdbcTransaction  - Setting autocommit to false on JDBC Connection [conn68: url=jdbc:h2:mem:activiti-AsyncExecutorTest user=SA]
10:47:50,843 [Thread-111] DEBUG org.activiti.engine.impl.persistence.entity.JobEntity.selectNextTimerJobsToExecute  - ==&gt;  Preparing: select RES.* from ACT_RU_JOB RES LEFT OUTER JOIN ACT_RU_EXECUTION PI ON PI.ID_ = RES.PROCESS_INSTANCE_ID_ where (RES.RETRIES_ &gt; 0) and (RES.DUEDATE_ is null or RES.DUEDATE_ &lt;= ?) and (RES.LOCK_OWNER_ is null or RES.LOCK_EXP_TIME_ &lt;= ?) and TYPE_ = &apos;timer&apos; and ( (RES.EXECUTION_ID_ is null) or (PI.SUSPENSION_STATE_ = 1) ) LIMIT ? OFFSET ? 
10:47:50,842 [Thread-102] DEBUG org.apache.ibatis.transaction.jdbc.JdbcTransaction  - Opening JDBC Connection
10:47:50,843 [Thread-102] DEBUG org.apache.ibatis.datasource.pooled.PooledDataSource  - Checked out connection 157985567 from pool.
10:47:50,843 [Thread-102] DEBUG org.apache.ibatis.transaction.jdbc.JdbcTransaction  - Setting autocommit to false on JDBC Connection [conn61: url=jdbc:h2:mem:activiti-AsyncExecutorTest user=SA]
10:47:50,843 [Thread-111] DEBUG org.activiti.engine.impl.persistence.entity.JobEntity.selectNextTimerJobsToExecute  - ==&gt; Parameters: 2023-03-20 10:48:50.669(Timestamp), 2023-03-20 10:48:50.669(Timestamp), 1(Integer), 0(Integer)
10:47:50,843 [Thread-106] DEBUG org.activiti.engine.impl.db.DbSqlSession  - flush summary: 0 insert, 0 update, 0 delete.
10:47:50,843 [Thread-106] DEBUG org.activiti.engine.impl.db.DbSqlSession  - now executing flush...
10:47:50,843 [Thread-103] DEBUG org.activiti.engine.impl.persistence.entity.JobEntity.selectAsyncJobsDueToExecute  - &lt;==      Total: 0
10:47:50,843 [Thread-105] DEBUG org.activiti.engine.impl.persistence.entity.JobEntity.selectNextTimerJobsToExecute  - ==&gt;  Preparing: select RES.* from ACT_RU_JOB RES LEFT OUTER JOIN ACT_RU_EXECUTION PI ON PI.ID_ = RES.PROCESS_INSTANCE_ID_ where (RES.RETRIES_ &gt; 0) and (RES.DUEDATE_ is null or RES.DUEDATE_ &lt;= ?) and (RES.LOCK_OWNER_ is null or RES.LOCK_EXP_TIME_ &lt;= ?) and TYPE_ = &apos;timer&apos; and ( (RES.EXECUTION_ID_ is null) or (PI.SUSPENSION_STATE_ = 1) ) LIMIT ? OFFSET ? 
10:47:50,843 [Thread-103] DEBUG org.activiti.engine.impl.db.DbSqlSession  - flush summary: 0 insert, 0 update, 0 delete.
10:47:50,843 [Thread-103] DEBUG org.activiti.engine.impl.db.DbSqlSession  - now executing flush...
10:47:50,843 [Thread-103] DEBUG org.activiti.engine.impl.cfg.standalone.StandaloneMybatisTransactionContext  - firing event committing...
10:47:50,843 [Thread-103] DEBUG org.activiti.engine.impl.cfg.standalone.StandaloneMybatisTransactionContext  - committing the ibatis sql session...
10:47:50,843 [Thread-106] DEBUG org.activiti.engine.impl.cfg.standalone.StandaloneMybatisTransactionContext  - firing event committing...
10:47:50,843 [Thread-106] DEBUG org.activiti.engine.impl.cfg.standalone.StandaloneMybatisTransactionContext  - committing the ibatis sql session...
10:47:50,843 [Thread-106] DEBUG org.activiti.engine.impl.cfg.standalone.StandaloneMybatisTransactionContext  - firing event committed...
10:47:50,843 [Thread-111] DEBUG org.activiti.engine.impl.persistence.entity.JobEntity.selectNextTimerJobsToExecute  - &lt;==      Total: 0
10:47:50,843 [Thread-102] DEBUG org.activiti.engine.impl.persistence.entity.JobEntity.selectNextTimerJobsToExecute  - ==&gt;  Preparing: select RES.* from ACT_RU_JOB RES LEFT OUTER JOIN ACT_RU_EXECUTION PI ON PI.ID_ = RES.PROCESS_INSTANCE_ID_ where (RES.RETRIES_ &gt; 0) and (RES.DUEDATE_ is null or RES.DUEDATE_ &lt;= ?) and (RES.LOCK_OWNER_ is null or RES.LOCK_EXP_TIME_ &lt;= ?) and TYPE_ = &apos;timer&apos; and ( (RES.EXECUTION_ID_ is null) or (PI.SUSPENSION_STATE_ = 1) ) LIMIT ? OFFSET ? 
10:47:50,843 [Thread-111] DEBUG org.activiti.engine.impl.db.DbSqlSession  - flush summary: 0 insert, 0 update, 0 delete.
10:47:50,843 [Thread-111] DEBUG org.activiti.engine.impl.db.DbSqlSession  - now executing flush...
10:47:50,843 [Thread-111] DEBUG org.activiti.engine.impl.cfg.standalone.StandaloneMybatisTransactionContext  - firing event committing...
10:47:50,843 [Thread-111] DEBUG org.activiti.engine.impl.cfg.standalone.StandaloneMybatisTransactionContext  - committing the ibatis sql session...
10:47:50,843 [Thread-111] DEBUG org.activiti.engine.impl.cfg.standalone.StandaloneMybatisTransactionContext  - firing event committed...
10:47:50,843 [Thread-111] DEBUG org.apache.ibatis.transaction.jdbc.JdbcTransaction  - Resetting autocommit to true on JDBC Connection [conn68: url=jdbc:h2:mem:activiti-AsyncExecutorTest user=SA]
10:47:50,843 [Thread-106] DEBUG org.apache.ibatis.transaction.jdbc.JdbcTransaction  - Resetting autocommit to true on JDBC Connection [conn63: url=jdbc:h2:mem:activiti-AsyncExecutorTest user=SA]
10:47:50,843 [Thread-106] DEBUG org.apache.ibatis.transaction.jdbc.JdbcTransaction  - Closing JDBC Connection [conn63: url=jdbc:h2:mem:activiti-AsyncExecutorTest user=SA]
10:47:50,843 [Thread-103] DEBUG org.activiti.engine.impl.cfg.standalone.StandaloneMybatisTransactionContext  - firing event committed...
10:47:50,843 [Thread-103] DEBUG org.apache.ibatis.transaction.jdbc.JdbcTransaction  - Resetting autocommit to true on JDBC Connection [conn60: url=jdbc:h2:mem:activiti-AsyncExecutorTest user=SA]
10:47:50,843 [Thread-103] DEBUG org.apache.ibatis.transaction.jdbc.JdbcTransaction  - Closing JDBC Connection [conn60: url=jdbc:h2:mem:activiti-AsyncExecutorTest user=SA]
10:47:50,843 [Thread-105] DEBUG org.activiti.engine.impl.persistence.entity.JobEntity.selectNextTimerJobsToExecute  - ==&gt; Parameters: 2023-03-20 10:48:50.669(Timestamp), 2023-03-20 10:48:50.669(Timestamp), 1(Integer), 0(Integer)
10:47:50,843 [Thread-103] DEBUG org.apache.ibatis.datasource.pooled.PooledDataSource  - Returned connection 33534803 to pool.
10:47:50,843 [Thread-106] DEBUG org.apache.ibatis.datasource.pooled.PooledDataSource  - Returned connection 1970103261 to pool.
10:47:50,843 [Thread-111] DEBUG org.apache.ibatis.transaction.jdbc.JdbcTransaction  - Closing JDBC Connection [conn68: url=jdbc:h2:mem:activiti-AsyncExecutorTest user=SA]
10:47:50,844 [Thread-111] DEBUG org.apache.ibatis.datasource.pooled.PooledDataSource  - Returned connection 58501658 to pool.
10:47:50,844 [Thread-111] DEBUG org.activiti.engine.impl.interceptor.LogInterceptor  - --- AcquireTimerJobsCmd finished --------------------------------------------------------
10:47:50,844 [Thread-111] DEBUG org.activiti.engine.impl.interceptor.LogInterceptor  - 

10:47:50,843 [Thread-102] DEBUG org.activiti.engine.impl.persistence.entity.JobEntity.selectNextTimerJobsToExecute  - ==&gt; Parameters: 2023-03-20 10:48:50.669(Timestamp), 2023-03-20 10:48:50.669(Timestamp), 1(Integer), 0(Integer)
10:47:50,844 [Thread-111] DEBUG org.activiti.engine.impl.asyncexecutor.AcquireTimerJobsRunnable  - timer job acquisition thread sleeping for 50 millis
10:47:50,844 [Thread-106] DEBUG org.activiti.engine.impl.interceptor.LogInterceptor  - --- AcquireAsyncJobsDueCmd finished --------------------------------------------------------
10:47:50,844 [Thread-106] DEBUG org.activiti.engine.impl.interceptor.LogInterceptor  - 

10:47:50,844 [Thread-103] DEBUG org.activiti.engine.impl.interceptor.LogInterceptor  - --- AcquireAsyncJobsDueCmd finished --------------------------------------------------------
10:47:50,844 [Thread-103] DEBUG org.activiti.engine.impl.interceptor.LogInterceptor  - 

10:47:50,844 [Thread-103] DEBUG org.activiti.engine.impl.asyncexecutor.AcquireAsyncJobsDueRunnable  - async job acquisition thread sleeping for 50 millis
10:47:50,844 [Thread-105] DEBUG org.activiti.engine.impl.persistence.entity.JobEntity.selectNextTimerJobsToExecute  - &lt;==      Total: 0
10:47:50,844 [Thread-106] DEBUG org.activiti.engine.impl.asyncexecutor.AcquireAsyncJobsDueRunnable  - async job acquisition thread sleeping for 50 millis
10:47:50,844 [Thread-102] DEBUG org.activiti.engine.impl.persistence.entity.JobEntity.selectNextTimerJobsToExecute  - &lt;==      Total: 0
10:47:50,844 [Thread-102] DEBUG org.activiti.engine.impl.db.DbSqlSession  - flush summary: 0 insert, 0 update, 0 delete.
10:47:50,844 [Thread-102] DEBUG org.activiti.engine.impl.db.DbSqlSession  - now executing flush...
10:47:50,844 [Thread-102] DEBUG org.activiti.engine.impl.cfg.standalone.StandaloneMybatisTransactionContext  - firing event committing...
10:47:50,844 [Thread-102] DEBUG org.activiti.engine.impl.cfg.standalone.StandaloneMybatisTransactionContext  - committing the ibatis sql session...
10:47:50,844 [Thread-102] DEBUG org.activiti.engine.impl.cfg.standalone.StandaloneMybatisTransactionContext  - firing event committed...
10:47:50,844 [Thread-102] DEBUG org.apache.ibatis.transaction.jdbc.JdbcTransaction  - Resetting autocommit to true on JDBC Connection [conn61: url=jdbc:h2:mem:activiti-AsyncExecutorTest user=SA]
10:47:50,844 [Thread-102] DEBUG org.apache.ibatis.transaction.jdbc.JdbcTransaction  - Closing JDBC Connection [conn61: url=jdbc:h2:mem:activiti-AsyncExecutorTest user=SA]
10:47:50,844 [Thread-102] DEBUG org.apache.ibatis.datasource.pooled.PooledDataSource  - Returned connection 157985567 to pool.
10:47:50,844 [Thread-102] DEBUG org.activiti.engine.impl.interceptor.LogInterceptor  - --- AcquireTimerJobsCmd finished --------------------------------------------------------
10:47:50,844 [Thread-102] DEBUG org.activiti.engine.impl.interceptor.LogInterceptor  - 

10:47:50,844 [Thread-102] DEBUG org.activiti.engine.impl.asyncexecutor.AcquireTimerJobsRunnable  - timer job acquisition thread sleeping for 50 millis
10:47:50,844 [Thread-105] DEBUG org.activiti.engine.impl.db.DbSqlSession  - flush summary: 0 insert, 0 update, 0 delete.
10:47:50,844 [Thread-105] DEBUG org.activiti.engine.impl.db.DbSqlSession  - now executing flush...
10:47:50,844 [Thread-105] DEBUG org.activiti.engine.impl.cfg.standalone.StandaloneMybatisTransactionContext  - firing event committing...
10:47:50,844 [Thread-105] DEBUG org.activiti.engine.impl.cfg.standalone.StandaloneMybatisTransactionContext  - committing the ibatis sql session...
10:47:50,844 [Thread-105] DEBUG org.activiti.engine.impl.cfg.standalone.StandaloneMybatisTransactionContext  - firing event committed...
10:47:50,844 [Thread-105] DEBUG org.apache.ibatis.transaction.jdbc.JdbcTransaction  - Resetting autocommit to true on JDBC Connection [conn65: url=jdbc:h2:mem:activiti-AsyncExecutorTest user=SA]
10:47:50,844 [Thread-105] DEBUG org.apache.ibatis.transaction.jdbc.JdbcTransaction  - Closing JDBC Connection [conn65: url=jdbc:h2:mem:activiti-AsyncExecutorTest user=SA]
10:47:50,844 [Thread-105] DEBUG org.apache.ibatis.datasource.pooled.PooledDataSource  - Returned connection 996762054 to pool.
10:47:50,844 [Thread-105] DEBUG org.activiti.engine.impl.interceptor.LogInterceptor  - --- AcquireTimerJobsCmd finished --------------------------------------------------------
10:47:50,844 [Thread-105] DEBUG org.activiti.engine.impl.interceptor.LogInterceptor  - 

10:47:50,844 [Thread-105] DEBUG org.activiti.engine.impl.asyncexecutor.AcquireTimerJobsRunnable  - timer job acquisition thread sleeping for 50 millis
10:47:50,872 [main] DEBUG org.activiti.engine.impl.interceptor.LogInterceptor  - 

10:47:50,872 [main] DEBUG org.activiti.engine.impl.interceptor.LogInterceptor  - --- starting JobQueryImpl --------------------------------------------------------
10:47:50,872 [main] DEBUG org.apache.ibatis.transaction.jdbc.JdbcTransaction  - Opening JDBC Connection
10:47:50,872 [main] DEBUG org.apache.ibatis.datasource.pooled.PooledDataSource  - Checked out connection 180014677 from pool.
10:47:50,872 [main] DEBUG org.apache.ibatis.transaction.jdbc.JdbcTransaction  - Setting autocommit to false on JDBC Connection [conn3: url=jdbc:h2:mem:activiti user=SA]
10:47:50,872 [main] DEBUG org.activiti.engine.impl.persistence.entity.JobEntity.selectJobByQueryCriteria  - ==&gt;  Preparing: select RES.* from ACT_RU_JOB RES order by order by RES.ID_ asc LIMIT ? OFFSET ? 
10:47:50,872 [main] DEBUG org.activiti.engine.impl.interceptor.CommandContext  - Error while closing command context
org.apache.ibatis.exceptions.PersistenceException: 
### Error querying database.  Cause: org.h2.jdbc.JdbcSQLException: Syntax error in SQL statement &quot;SELECT RES.* 
     
    FROM ACT_RU_JOB RES
     
      
   
     ORDER BY  ORDER[*] BY RES.ID_ ASC  
    LIMIT ? OFFSET ? &quot;; expected &quot;=, NOT, EXISTS, INTERSECTS, SELECT, FROM&quot;; SQL statement:
select RES.* 
     
    from ACT_RU_JOB RES
     
      
   
     order by  order by RES.ID_ asc  
    LIMIT ? OFFSET ? [42001-176]
### The error may exist in org/activiti/db/mapping/entity/Job.xml
### The error may involve org.activiti.engine.impl.persistence.entity.JobEntity.selectJobByQueryCriteria
### The error occurred while executing a query
### SQL: select RES.*            from ACT_RU_JOB RES                       order by  order by RES.ID_ asc       LIMIT ? OFFSET ?
### Cause: org.h2.jdbc.JdbcSQLException: Syntax error in SQL statement &quot;SELECT RES.* 
     
    FROM ACT_RU_JOB RES
     
      
   
     ORDER BY  ORDER[*] BY RES.ID_ ASC  
    LIMIT ? OFFSET ? &quot;; expected &quot;=, NOT, EXISTS, INTERSECTS, SELECT, FROM&quot;; SQL statement:
select RES.* 
     
    from ACT_RU_JOB RES
     
      
   
     order by  order by RES.ID_ asc  
    LIMIT ? OFFSET ? [42001-176]
	at org.apache.ibatis.exceptions.ExceptionFactory.wrapException(ExceptionFactory.java:30)
	at org.apache.ibatis.session.defaults.DefaultSqlSession.selectList(DefaultSqlSession.java:122)
	at org.apache.ibatis.session.defaults.DefaultSqlSession.selectList(DefaultSqlSession.java:113)
	at org.activiti.engine.impl.db.DbSqlSession.selectListWithRawParameter(DbSqlSession.java:438)
	at org.activiti.engine.impl.db.DbSqlSession.selectList(DbSqlSession.java:429)
	at org.activiti.engine.impl.db.DbSqlSession.selectList(DbSqlSession.java:419)
	at org.activiti.engine.impl.persistence.entity.JobEntityManager.findJobsByQueryCriteria(JobEntityManager.java:198)
	at org.activiti.engine.impl.JobQueryImpl.executeList(JobQueryImpl.java:243)
	at org.activiti.engine.impl.AbstractQuery.execute(AbstractQuery.java:164)
	at org.activiti.engine.impl.interceptor.CommandInvoker.execute(CommandInvoker.java:24)
	at org.activiti.engine.impl.interceptor.CommandContextInterceptor.execute(CommandContextInterceptor.java:57)
	at org.activiti.engine.impl.interceptor.LogInterceptor.execute(LogInterceptor.java:37)
	at org.activiti.engine.impl.cfg.CommandExecutorImpl.execute(CommandExecutorImpl.java:40)
	at org.activiti.engine.impl.cfg.CommandExecutorImpl.execute(CommandExecutorImpl.java:35)
	at org.activiti.engine.impl.AbstractQuery.list(AbstractQuery.java:138)
	at org.activiti.engine.impl.test.JobTestHelper.areJobsAvailable(JobTestHelper.java:194)
	at org.activiti.engine.impl.test.JobTestHelper.waitForJobExecutorToProcessAllJobs(JobTestHelper.java:74)
	at org.activiti.engine.impl.test.JobTestHelper.waitForJobExecutorToProcessAllJobs(JobTestHelper.java:47)
	at org.activiti.engine.impl.test.AbstractActivitiTestCase.waitForJobExecutorToProcessAllJobs(AbstractActivitiTestCase.java:204)
	at org.activiti.engine.test.jobexecutor.JobExecutorTest.testBasicJobExecutorOperation(JobExecutorTest.java:53)
	at sun.reflect.NativeMethodAccessorImpl.invoke0(Native Method)
	at sun.reflect.NativeMethodAccessorImpl.invoke(NativeMethodAccessorImpl.java:62)
	at sun.reflect.DelegatingMethodAccessorImpl.invoke(DelegatingMethodAccessorImpl.java:43)
	at java.lang.reflect.Method.invoke(Method.java:498)
	at junit.framework.TestCase.runTest(TestCase.java:176)
	at org.activiti.engine.impl.test.PvmTestCase.runTest(PvmTestCase.java:65)
	at junit.framework.TestCase.runBare(TestCase.java:141)
	at org.activiti.engine.impl.test.AbstractActivitiTestCase.runBare(AbstractActivitiTestCase.java:100)
	at junit.framework.TestResult$1.protect(TestResult.java:122)
	at junit.framework.TestResult.runProtected(TestResult.java:142)
	at junit.framework.TestResult.run(TestResult.java:125)
	at junit.framework.TestCase.run(TestCase.java:129)
	at junit.framework.TestSuite.runTest(TestSuite.java:255)
	at junit.framework.TestSuite.run(TestSuite.java:250)
	at org.junit.internal.runners.JUnit38ClassRunner.run(JUnit38ClassRunner.java:84)
	at org.apache.maven.surefire.junit4.JUnit4TestSet.execute(JUnit4TestSet.java:35)
	at org.apache.maven.surefire.junit4.JUnit4Provider.executeTestSet(JUnit4Provider.java:146)
	at org.apache.maven.surefire.junit4.JUnit4Provider.invoke(JUnit4Provider.java:97)
	at sun.reflect.NativeMethodAccessorImpl.invoke0(Native Method)
	at sun.reflect.NativeMethodAccessorImpl.invoke(NativeMethodAccessorImpl.java:62)
	at sun.reflect.DelegatingMethodAccessorImpl.invoke(DelegatingMethodAccessorImpl.java:43)
	at java.lang.reflect.Method.invoke(Method.java:498)
	at org.apache.maven.surefire.booter.ProviderFactory$ClassLoaderProxy.invoke(ProviderFactory.java:103)
	at com.sun.proxy.$Proxy0.invoke(Unknown Source)
	at org.apache.maven.surefire.booter.SurefireStarter.invokeProvider(SurefireStarter.java:145)
	at org.apache.maven.surefire.booter.SurefireStarter.runSuitesInProcess(SurefireStarter.java:87)
	at org.apache.maven.surefire.booter.ForkedBooter.main(ForkedBooter.java:69)
Caused by: org.h2.jdbc.JdbcSQLException: Syntax error in SQL statement &quot;SELECT RES.* 
     
    FROM ACT_RU_JOB RES
     
      
   
     ORDER BY  ORDER[*] BY RES.ID_ ASC  
    LIMIT ? OFFSET ? &quot;; expected &quot;=, NOT, EXISTS, INTERSECTS, SELECT, FROM&quot;; SQL statement:
select RES.* 
     
    from ACT_RU_JOB RES
     
      
   
     order by  order by RES.ID_ asc  
    LIMIT ? OFFSET ? [42001-176]
	at org.h2.message.DbException.getJdbcSQLException(DbException.java:344)
	at org.h2.message.DbException.getSyntaxError(DbException.java:204)
	at org.h2.command.Parser.getSyntaxError(Parser.java:524)
	at org.h2.command.Parser.readTerm(Parser.java:2688)
	at org.h2.command.Parser.readFactor(Parser.java:2244)
	at org.h2.command.Parser.readSum(Parser.java:2231)
	at org.h2.command.Parser.readConcat(Parser.java:2201)
	at org.h2.command.Parser.readCondition(Parser.java:2051)
	at org.h2.command.Parser.readAnd(Parser.java:2023)
	at org.h2.command.Parser.readExpression(Parser.java:2015)
	at org.h2.command.Parser.parseEndOfQuery(Parser.java:1726)
	at org.h2.command.Parser.parseSelectUnionExtension(Parser.java:1706)
	at org.h2.command.Parser.parseSelectUnion(Parser.java:1675)
	at org.h2.command.Parser.parseSelect(Parser.java:1662)
	at org.h2.command.Parser.parsePrepared(Parser.java:434)
	at org.h2.command.Parser.parse(Parser.java:306)
	at org.h2.command.Parser.parse(Parser.java:282)
	at org.h2.command.Parser.prepareCommand(Parser.java:243)
	at org.h2.engine.Session.prepareLocal(Session.java:442)
	at org.h2.engine.Session.prepareCommand(Session.java:384)
	at org.h2.jdbc.JdbcConnection.prepareCommand(JdbcConnection.java:1188)
	at org.h2.jdbc.JdbcPreparedStatement.&lt;init&gt;(JdbcPreparedStatement.java:73)
	at org.h2.jdbc.JdbcConnection.prepareStatement(JdbcConnection.java:276)
	at sun.reflect.GeneratedMethodAccessor6.invoke(Unknown Source)
	at sun.reflect.DelegatingMethodAccessorImpl.invoke(DelegatingMethodAccessorImpl.java:43)
	at java.lang.reflect.Method.invoke(Method.java:498)
	at org.apache.ibatis.datasource.pooled.PooledConnection.invoke(PooledConnection.java:245)
	at com.sun.proxy.$Proxy12.prepareStatement(Unknown Source)
	at sun.reflect.GeneratedMethodAccessor6.invoke(Unknown Source)
	at sun.reflect.DelegatingMethodAccessorImpl.invoke(DelegatingMethodAccessorImpl.java:43)
	at java.lang.reflect.Method.invoke(Method.java:498)
	at org.apache.ibatis.logging.jdbc.ConnectionLogger.invoke(ConnectionLogger.java:55)
	at com.sun.proxy.$Proxy12.prepareStatement(Unknown Source)
	at org.apache.ibatis.executor.statement.PreparedStatementHandler.instantiateStatement(PreparedStatementHandler.java:79)
	at org.apache.ibatis.executor.statement.BaseStatementHandler.prepare(BaseStatementHandler.java:88)
	at org.apache.ibatis.executor.statement.RoutingStatementHandler.prepare(RoutingStatementHandler.java:58)
	at org.apache.ibatis.executor.SimpleExecutor.prepareStatement(SimpleExecutor.java:76)
	at org.apache.ibatis.executor.SimpleExecutor.doQuery(SimpleExecutor.java:61)
	at org.apache.ibatis.executor.BaseExecutor.queryFromDatabase(BaseExecutor.java:303)
	at org.apache.ibatis.executor.BaseExecutor.query(BaseExecutor.java:154)
	at org.apache.ibatis.executor.CachingExecutor.query(CachingExecutor.java:102)
	at org.apache.ibatis.executor.CachingExecutor.query(CachingExecutor.java:82)
	at org.apache.ibatis.session.defaults.DefaultSqlSession.selectList(DefaultSqlSession.java:120)
	... 45 more
10:47:50,872 [main] DEBUG org.activiti.engine.impl.cfg.standalone.StandaloneMybatisTransactionContext  - firing event rolling back...
10:47:50,872 [main] DEBUG org.activiti.engine.impl.cfg.standalone.StandaloneMybatisTransactionContext  - rolling back ibatis sql session...
10:47:50,872 [main] DEBUG org.activiti.engine.impl.cfg.standalone.StandaloneMybatisTransactionContext  - firing event rolled back...
10:47:50,872 [main] DEBUG org.apache.ibatis.transaction.jdbc.JdbcTransaction  - Resetting autocommit to true on JDBC Connection [conn3: url=jdbc:h2:mem:activiti user=SA]
10:47:50,872 [main] DEBUG org.apache.ibatis.transaction.jdbc.JdbcTransaction  - Closing JDBC Connection [conn3: url=jdbc:h2:mem:activiti user=SA]
10:47:50,872 [main] DEBUG org.apache.ibatis.datasource.pooled.PooledDataSource  - Returned connection 180014677 to pool.
10:47:50,873 [main] DEBUG org.activiti.engine.impl.interceptor.LogInterceptor  - --- JobQueryImpl finished --------------------------------------------------------
10:47:50,873 [main] DEBUG org.activiti.engine.impl.interceptor.LogInterceptor  - 

10:47:50,888 [Thread-112] DEBUG org.activiti.engine.impl.asyncexecutor.AcquireAsyncJobsDueRunnable  - async job acquisition thread woke up
10:47:50,888 [Thread-112] DEBUG org.activiti.engine.impl.interceptor.LogInterceptor  - 

10:47:50,888 [Thread-112] DEBUG org.activiti.engine.impl.interceptor.LogInterceptor  - --- starting AcquireAsyncJobsDueCmd --------------------------------------------------------
10:47:50,888 [Thread-112] DEBUG org.apache.ibatis.transaction.jdbc.JdbcTransaction  - Opening JDBC Connection
10:47:50,888 [Thread-112] DEBUG org.apache.ibatis.datasource.pooled.PooledDataSource  - Checked out connection 1863805930 from pool.
10:47:50,888 [Thread-112] DEBUG org.apache.ibatis.transaction.jdbc.JdbcTransaction  - Setting autocommit to false on JDBC Connection [conn69: url=jdbc:h2:mem:activiti-AsyncExecutorTest user=SA]
10:47:50,888 [Thread-112] DEBUG org.activiti.engine.impl.persistence.entity.JobEntity.selectAsyncJobsDueToExecute  - ==&gt;  Preparing: select RES.* from ACT_RU_JOB RES LEFT OUTER JOIN ACT_RU_EXECUTION PI ON PI.ID_ = RES.PROCESS_INSTANCE_ID_ where RES.RETRIES_ &gt; 0 and RES.DUEDATE_ is not null and RES.DUEDATE_ &lt;= ? and (RES.LOCK_EXP_TIME_ is null or RES.LOCK_EXP_TIME_ &lt;= ?) and TYPE_ = &apos;message&apos; and ( (RES.EXECUTION_ID_ is null) or (PI.SUSPENSION_STATE_ = 1) ) LIMIT ? OFFSET ? 
10:47:50,888 [Thread-112] DEBUG org.activiti.engine.impl.persistence.entity.JobEntity.selectAsyncJobsDueToExecute  - ==&gt; Parameters: 2023-03-20 10:48:50.669(Timestamp), 2023-03-20 10:48:50.669(Timestamp), 1(Integer), 0(Integer)
10:47:50,888 [Thread-112] DEBUG org.activiti.engine.impl.persistence.entity.JobEntity.selectAsyncJobsDueToExecute  - &lt;==      Total: 0
10:47:50,888 [Thread-112] DEBUG org.activiti.engine.impl.db.DbSqlSession  - flush summary: 0 insert, 0 update, 0 delete.
10:47:50,888 [Thread-112] DEBUG org.activiti.engine.impl.db.DbSqlSession  - now executing flush...
10:47:50,888 [Thread-112] DEBUG org.activiti.engine.impl.cfg.standalone.StandaloneMybatisTransactionContext  - firing event committing...
10:47:50,888 [Thread-112] DEBUG org.activiti.engine.impl.cfg.standalone.StandaloneMybatisTransactionContext  - committing the ibatis sql session...
10:47:50,888 [Thread-112] DEBUG org.activiti.engine.impl.cfg.standalone.StandaloneMybatisTransactionContext  - firing event committed...
10:47:50,888 [Thread-112] DEBUG org.apache.ibatis.transaction.jdbc.JdbcTransaction  - Resetting autocommit to true on JDBC Connection [conn69: url=jdbc:h2:mem:activiti-AsyncExecutorTest user=SA]
10:47:50,888 [Thread-112] DEBUG org.apache.ibatis.transaction.jdbc.JdbcTransaction  - Closing JDBC Connection [conn69: url=jdbc:h2:mem:activiti-AsyncExecutorTest user=SA]
10:47:50,889 [Thread-112] DEBUG org.apache.ibatis.datasource.pooled.PooledDataSource  - Returned connection 1863805930 to pool.
10:47:50,889 [Thread-112] DEBUG org.activiti.engine.impl.interceptor.LogInterceptor  - --- AcquireAsyncJobsDueCmd finished --------------------------------------------------------
10:47:50,889 [Thread-112] DEBUG org.activiti.engine.impl.interceptor.LogInterceptor  - 

10:47:50,889 [Thread-112] DEBUG org.activiti.engine.impl.asyncexecutor.AcquireAsyncJobsDueRunnable  - async job acquisition thread sleeping for 50 millis
10:47:50,904 [Thread-111] DEBUG org.activiti.engine.impl.asyncexecutor.AcquireTimerJobsRunnable  - timer job acquisition thread woke up
10:47:50,904 [Thread-106] DEBUG org.activiti.engine.impl.asyncexecutor.AcquireAsyncJobsDueRunnable  - async job acquisition thread woke up
10:47:50,904 [Thread-106] DEBUG org.activiti.engine.impl.interceptor.LogInterceptor  - 

10:47:50,904 [Thread-106] DEBUG org.activiti.engine.impl.interceptor.LogInterceptor  - --- starting AcquireAsyncJobsDueCmd --------------------------------------------------------
10:47:50,904 [Thread-102] DEBUG org.activiti.engine.impl.asyncexecutor.AcquireTimerJobsRunnable  - timer job acquisition thread woke up
10:47:50,904 [Thread-102] DEBUG org.activiti.engine.impl.interceptor.LogInterceptor  - 

10:47:50,904 [Thread-102] DEBUG org.activiti.engine.impl.interceptor.LogInterceptor  - --- starting AcquireTimerJobsCmd --------------------------------------------------------
10:47:50,904 [Thread-105] DEBUG org.activiti.engine.impl.asyncexecutor.AcquireTimerJobsRunnable  - timer job acquisition thread woke up
10:47:50,904 [Thread-105] DEBUG org.activiti.engine.impl.interceptor.LogInterceptor  - 

10:47:50,904 [Thread-105] DEBUG org.activiti.engine.impl.interceptor.LogInterceptor  - --- starting AcquireTimerJobsCmd --------------------------------------------------------
10:47:50,904 [Thread-103] DEBUG org.activiti.engine.impl.asyncexecutor.AcquireAsyncJobsDueRunnable  - async job acquisition thread woke up
10:47:50,904 [Thread-103] DEBUG org.activiti.engine.impl.interceptor.LogInterceptor  - 

10:47:50,904 [Thread-103] DEBUG org.activiti.engine.impl.interceptor.LogInterceptor  - --- starting AcquireAsyncJobsDueCmd --------------------------------------------------------
10:47:50,904 [Thread-105] DEBUG org.apache.ibatis.transaction.jdbc.JdbcTransaction  - Opening JDBC Connection
10:47:50,904 [Thread-105] DEBUG org.apache.ibatis.datasource.pooled.PooledDataSource  - Checked out connection 54468349 from pool.
10:47:50,904 [Thread-105] DEBUG org.apache.ibatis.transaction.jdbc.JdbcTransaction  - Setting autocommit to false on JDBC Connection [conn64: url=jdbc:h2:mem:activiti-AsyncExecutorTest user=SA]
10:47:50,904 [Thread-105] DEBUG org.activiti.engine.impl.persistence.entity.JobEntity.selectNextTimerJobsToExecute  - ==&gt;  Preparing: select RES.* from ACT_RU_JOB RES LEFT OUTER JOIN ACT_RU_EXECUTION PI ON PI.ID_ = RES.PROCESS_INSTANCE_ID_ where (RES.RETRIES_ &gt; 0) and (RES.DUEDATE_ is null or RES.DUEDATE_ &lt;= ?) and (RES.LOCK_OWNER_ is null or RES.LOCK_EXP_TIME_ &lt;= ?) and TYPE_ = &apos;timer&apos; and ( (RES.EXECUTION_ID_ is null) or (PI.SUSPENSION_STATE_ = 1) ) LIMIT ? OFFSET ? 
10:47:50,904 [Thread-102] DEBUG org.apache.ibatis.transaction.jdbc.JdbcTransaction  - Opening JDBC Connection
10:47:50,904 [Thread-102] DEBUG org.apache.ibatis.datasource.pooled.PooledDataSource  - Checked out connection 720039383 from pool.
10:47:50,905 [Thread-102] DEBUG org.apache.ibatis.transaction.jdbc.JdbcTransaction  - Setting autocommit to false on JDBC Connection [conn59: url=jdbc:h2:mem:activiti-AsyncExecutorTest user=SA]
10:47:50,905 [Thread-102] DEBUG org.activiti.engine.impl.persistence.entity.JobEntity.selectNextTimerJobsToExecute  - ==&gt;  Preparing: select RES.* from ACT_RU_JOB RES LEFT OUTER JOIN ACT_RU_EXECUTION PI ON PI.ID_ = RES.PROCESS_INSTANCE_ID_ where (RES.RETRIES_ &gt; 0) and (RES.DUEDATE_ is null or RES.DUEDATE_ &lt;= ?) and (RES.LOCK_OWNER_ is null or RES.LOCK_EXP_TIME_ &lt;= ?) and TYPE_ = &apos;timer&apos; and ( (RES.EXECUTION_ID_ is null) or (PI.SUSPENSION_STATE_ = 1) ) LIMIT ? OFFSET ? 
10:47:50,904 [Thread-106] DEBUG org.apache.ibatis.transaction.jdbc.JdbcTransaction  - Opening JDBC Connection
10:47:50,905 [Thread-106] DEBUG org.apache.ibatis.datasource.pooled.PooledDataSource  - Checked out connection 1970103261 from pool.
10:47:50,905 [Thread-106] DEBUG org.apache.ibatis.transaction.jdbc.JdbcTransaction  - Setting autocommit to false on JDBC Connection [conn63: url=jdbc:h2:mem:activiti-AsyncExecutorTest user=SA]
10:47:50,904 [Thread-111] DEBUG org.activiti.engine.impl.interceptor.LogInterceptor  - 

10:47:50,905 [Thread-111] DEBUG org.activiti.engine.impl.interceptor.LogInterceptor  - --- starting AcquireTimerJobsCmd --------------------------------------------------------
10:47:50,905 [Thread-111] DEBUG org.apache.ibatis.transaction.jdbc.JdbcTransaction  - Opening JDBC Connection
10:47:50,905 [Thread-111] DEBUG org.apache.ibatis.datasource.pooled.PooledDataSource  - Checked out connection 604408605 from pool.
10:47:50,905 [Thread-111] DEBUG org.apache.ibatis.transaction.jdbc.JdbcTransaction  - Setting autocommit to false on JDBC Connection [conn70: url=jdbc:h2:mem:activiti-AsyncExecutorTest user=SA]
10:47:50,905 [Thread-111] DEBUG org.activiti.engine.impl.persistence.entity.JobEntity.selectNextTimerJobsToExecute  - ==&gt;  Preparing: select RES.* from ACT_RU_JOB RES LEFT OUTER JOIN ACT_RU_EXECUTION PI ON PI.ID_ = RES.PROCESS_INSTANCE_ID_ where (RES.RETRIES_ &gt; 0) and (RES.DUEDATE_ is null or RES.DUEDATE_ &lt;= ?) and (RES.LOCK_OWNER_ is null or RES.LOCK_EXP_TIME_ &lt;= ?) and TYPE_ = &apos;timer&apos; and ( (RES.EXECUTION_ID_ is null) or (PI.SUSPENSION_STATE_ = 1) ) LIMIT ? OFFSET ? 
10:47:50,905 [Thread-111] DEBUG org.activiti.engine.impl.persistence.entity.JobEntity.selectNextTimerJobsToExecute  - ==&gt; Parameters: 2023-03-20 10:48:50.669(Timestamp), 2023-03-20 10:48:50.669(Timestamp), 1(Integer), 0(Integer)
10:47:50,905 [Thread-106] DEBUG org.activiti.engine.impl.persistence.entity.JobEntity.selectAsyncJobsDueToExecute  - ==&gt;  Preparing: select RES.* from ACT_RU_JOB RES LEFT OUTER JOIN ACT_RU_EXECUTION PI ON PI.ID_ = RES.PROCESS_INSTANCE_ID_ where RES.RETRIES_ &gt; 0 and RES.DUEDATE_ is not null and RES.DUEDATE_ &lt;= ? and (RES.LOCK_EXP_TIME_ is null or RES.LOCK_EXP_TIME_ &lt;= ?) and TYPE_ = &apos;message&apos; and ( (RES.EXECUTION_ID_ is null) or (PI.SUSPENSION_STATE_ = 1) ) LIMIT ? OFFSET ? 
10:47:50,905 [Thread-106] DEBUG org.activiti.engine.impl.persistence.entity.JobEntity.selectAsyncJobsDueToExecute  - ==&gt; Parameters: 2023-03-20 10:48:50.669(Timestamp), 2023-03-20 10:48:50.669(Timestamp), 1(Integer), 0(Integer)
10:47:50,905 [Thread-106] DEBUG org.activiti.engine.impl.persistence.entity.JobEntity.selectAsyncJobsDueToExecute  - &lt;==      Total: 0
10:47:50,905 [Thread-106] DEBUG org.activiti.engine.impl.db.DbSqlSession  - flush summary: 0 insert, 0 update, 0 delete.
10:47:50,905 [Thread-106] DEBUG org.activiti.engine.impl.db.DbSqlSession  - now executing flush...
10:47:50,905 [Thread-106] DEBUG org.activiti.engine.impl.cfg.standalone.StandaloneMybatisTransactionContext  - firing event committing...
10:47:50,905 [Thread-106] DEBUG org.activiti.engine.impl.cfg.standalone.StandaloneMybatisTransactionContext  - committing the ibatis sql session...
10:47:50,905 [Thread-106] DEBUG org.activiti.engine.impl.cfg.standalone.StandaloneMybatisTransactionContext  - firing event committed...
10:47:50,905 [Thread-106] DEBUG org.apache.ibatis.transaction.jdbc.JdbcTransaction  - Resetting autocommit to true on JDBC Connection [conn63: url=jdbc:h2:mem:activiti-AsyncExecutorTest user=SA]
10:47:50,905 [Thread-106] DEBUG org.apache.ibatis.transaction.jdbc.JdbcTransaction  - Closing JDBC Connection [conn63: url=jdbc:h2:mem:activiti-AsyncExecutorTest user=SA]
10:47:50,905 [Thread-102] DEBUG org.activiti.engine.impl.persistence.entity.JobEntity.selectNextTimerJobsToExecute  - ==&gt; Parameters: 2023-03-20 10:48:50.669(Timestamp), 2023-03-20 10:48:50.669(Timestamp), 1(Integer), 0(Integer)
10:47:50,905 [Thread-102] DEBUG org.activiti.engine.impl.persistence.entity.JobEntity.selectNextTimerJobsToExecute  - &lt;==      Total: 0
10:47:50,905 [Thread-102] DEBUG org.activiti.engine.impl.db.DbSqlSession  - flush summary: 0 insert, 0 update, 0 delete.
10:47:50,905 [Thread-102] DEBUG org.activiti.engine.impl.db.DbSqlSession  - now executing flush...
10:47:50,905 [Thread-102] DEBUG org.activiti.engine.impl.cfg.standalone.StandaloneMybatisTransactionContext  - firing event committing...
10:47:50,905 [Thread-102] DEBUG org.activiti.engine.impl.cfg.standalone.StandaloneMybatisTransactionContext  - committing the ibatis sql session...
10:47:50,905 [Thread-102] DEBUG org.activiti.engine.impl.cfg.standalone.StandaloneMybatisTransactionContext  - firing event committed...
10:47:50,906 [Thread-102] DEBUG org.apache.ibatis.transaction.jdbc.JdbcTransaction  - Resetting autocommit to true on JDBC Connection [conn59: url=jdbc:h2:mem:activiti-AsyncExecutorTest user=SA]
10:47:50,906 [Thread-102] DEBUG org.apache.ibatis.transaction.jdbc.JdbcTransaction  - Closing JDBC Connection [conn59: url=jdbc:h2:mem:activiti-AsyncExecutorTest user=SA]
10:47:50,906 [Thread-102] DEBUG org.apache.ibatis.datasource.pooled.PooledDataSource  - Returned connection 720039383 to pool.
10:47:50,904 [Thread-105] DEBUG org.activiti.engine.impl.persistence.entity.JobEntity.selectNextTimerJobsToExecute  - ==&gt; Parameters: 2023-03-20 10:48:50.669(Timestamp), 2023-03-20 10:48:50.669(Timestamp), 1(Integer), 0(Integer)
10:47:50,906 [Thread-105] DEBUG org.activiti.engine.impl.persistence.entity.JobEntity.selectNextTimerJobsToExecute  - &lt;==      Total: 0
10:47:50,904 [Thread-103] DEBUG org.apache.ibatis.transaction.jdbc.JdbcTransaction  - Opening JDBC Connection
10:47:50,906 [Thread-103] DEBUG org.apache.ibatis.datasource.pooled.PooledDataSource  - Checked out connection 33534803 from pool.
10:47:50,906 [Thread-103] DEBUG org.apache.ibatis.transaction.jdbc.JdbcTransaction  - Setting autocommit to false on JDBC Connection [conn60: url=jdbc:h2:mem:activiti-AsyncExecutorTest user=SA]
10:47:50,906 [Thread-103] DEBUG org.activiti.engine.impl.persistence.entity.JobEntity.selectAsyncJobsDueToExecute  - ==&gt;  Preparing: select RES.* from ACT_RU_JOB RES LEFT OUTER JOIN ACT_RU_EXECUTION PI ON PI.ID_ = RES.PROCESS_INSTANCE_ID_ where RES.RETRIES_ &gt; 0 and RES.DUEDATE_ is not null and RES.DUEDATE_ &lt;= ? and (RES.LOCK_EXP_TIME_ is null or RES.LOCK_EXP_TIME_ &lt;= ?) and TYPE_ = &apos;message&apos; and ( (RES.EXECUTION_ID_ is null) or (PI.SUSPENSION_STATE_ = 1) ) LIMIT ? OFFSET ? 
10:47:50,906 [Thread-105] DEBUG org.activiti.engine.impl.db.DbSqlSession  - flush summary: 0 insert, 0 update, 0 delete.
10:47:50,906 [Thread-105] DEBUG org.activiti.engine.impl.db.DbSqlSession  - now executing flush...
10:47:50,906 [Thread-105] DEBUG org.activiti.engine.impl.cfg.standalone.StandaloneMybatisTransactionContext  - firing event committing...
10:47:50,906 [Thread-102] DEBUG org.activiti.engine.impl.interceptor.LogInterceptor  - --- AcquireTimerJobsCmd finished --------------------------------------------------------
10:47:50,906 [Thread-102] DEBUG org.activiti.engine.impl.interceptor.LogInterceptor  - 

10:47:50,906 [Thread-102] DEBUG org.activiti.engine.impl.asyncexecutor.AcquireTimerJobsRunnable  - timer job acquisition thread sleeping for 50 millis
10:47:50,905 [Thread-106] DEBUG org.apache.ibatis.datasource.pooled.PooledDataSource  - Returned connection 1970103261 to pool.
10:47:50,906 [Thread-106] DEBUG org.activiti.engine.impl.interceptor.LogInterceptor  - --- AcquireAsyncJobsDueCmd finished --------------------------------------------------------
10:47:50,906 [Thread-106] DEBUG org.activiti.engine.impl.interceptor.LogInterceptor  - 

10:47:50,906 [Thread-106] DEBUG org.activiti.engine.impl.asyncexecutor.AcquireAsyncJobsDueRunnable  - async job acquisition thread sleeping for 50 millis
10:47:50,905 [Thread-111] DEBUG org.activiti.engine.impl.persistence.entity.JobEntity.selectNextTimerJobsToExecute  - &lt;==      Total: 0
10:47:50,906 [Thread-111] DEBUG org.activiti.engine.impl.db.DbSqlSession  - flush summary: 0 insert, 0 update, 0 delete.
10:47:50,906 [Thread-111] DEBUG org.activiti.engine.impl.db.DbSqlSession  - now executing flush...
10:47:50,906 [Thread-111] DEBUG org.activiti.engine.impl.cfg.standalone.StandaloneMybatisTransactionContext  - firing event committing...
10:47:50,906 [Thread-111] DEBUG org.activiti.engine.impl.cfg.standalone.StandaloneMybatisTransactionContext  - committing the ibatis sql session...
10:47:50,906 [Thread-111] DEBUG org.activiti.engine.impl.cfg.standalone.StandaloneMybatisTransactionContext  - firing event committed...
10:47:50,906 [Thread-111] DEBUG org.apache.ibatis.transaction.jdbc.JdbcTransaction  - Resetting autocommit to true on JDBC Connection [conn70: url=jdbc:h2:mem:activiti-AsyncExecutorTest user=SA]
10:47:50,906 [Thread-111] DEBUG org.apache.ibatis.transaction.jdbc.JdbcTransaction  - Closing JDBC Connection [conn70: url=jdbc:h2:mem:activiti-AsyncExecutorTest user=SA]
10:47:50,906 [Thread-111] DEBUG org.apache.ibatis.datasource.pooled.PooledDataSource  - Returned connection 604408605 to pool.
10:47:50,906 [Thread-111] DEBUG org.activiti.engine.impl.interceptor.LogInterceptor  - --- AcquireTimerJobsCmd finished --------------------------------------------------------
10:47:50,906 [Thread-111] DEBUG org.activiti.engine.impl.interceptor.LogInterceptor  - 

10:47:50,906 [Thread-111] DEBUG org.activiti.engine.impl.asyncexecutor.AcquireTimerJobsRunnable  - timer job acquisition thread sleeping for 50 millis
10:47:50,906 [Thread-105] DEBUG org.activiti.engine.impl.cfg.standalone.StandaloneMybatisTransactionContext  - committing the ibatis sql session...
10:47:50,907 [Thread-105] DEBUG org.activiti.engine.impl.cfg.standalone.StandaloneMybatisTransactionContext  - firing event committed...
10:47:50,907 [Thread-105] DEBUG org.apache.ibatis.transaction.jdbc.JdbcTransaction  - Resetting autocommit to true on JDBC Connection [conn64: url=jdbc:h2:mem:activiti-AsyncExecutorTest user=SA]
10:47:50,907 [Thread-105] DEBUG org.apache.ibatis.transaction.jdbc.JdbcTransaction  - Closing JDBC Connection [conn64: url=jdbc:h2:mem:activiti-AsyncExecutorTest user=SA]
10:47:50,907 [Thread-105] DEBUG org.apache.ibatis.datasource.pooled.PooledDataSource  - Returned connection 54468349 to pool.
10:47:50,907 [Thread-105] DEBUG org.activiti.engine.impl.interceptor.LogInterceptor  - --- AcquireTimerJobsCmd finished --------------------------------------------------------
10:47:50,907 [Thread-105] DEBUG org.activiti.engine.impl.interceptor.LogInterceptor  - 

10:47:50,906 [Thread-103] DEBUG org.activiti.engine.impl.persistence.entity.JobEntity.selectAsyncJobsDueToExecute  - ==&gt; Parameters: 2023-03-20 10:48:50.669(Timestamp), 2023-03-20 10:48:50.669(Timestamp), 1(Integer), 0(Integer)
10:47:50,907 [Thread-103] DEBUG org.activiti.engine.impl.persistence.entity.JobEntity.selectAsyncJobsDueToExecute  - &lt;==      Total: 0
10:47:50,907 [Thread-103] DEBUG org.activiti.engine.impl.db.DbSqlSession  - flush summary: 0 insert, 0 update, 0 delete.
10:47:50,907 [Thread-103] DEBUG org.activiti.engine.impl.db.DbSqlSession  - now executing flush...
10:47:50,907 [Thread-103] DEBUG org.activiti.engine.impl.cfg.standalone.StandaloneMybatisTransactionContext  - firing event committing...
10:47:50,907 [Thread-105] DEBUG org.activiti.engine.impl.asyncexecutor.AcquireTimerJobsRunnable  - timer job acquisition thread sleeping for 50 millis
10:47:50,907 [Thread-103] DEBUG org.activiti.engine.impl.cfg.standalone.StandaloneMybatisTransactionContext  - committing the ibatis sql session...
10:47:50,907 [Thread-103] DEBUG org.activiti.engine.impl.cfg.standalone.StandaloneMybatisTransactionContext  - firing event committed...
10:47:50,907 [Thread-103] DEBUG org.apache.ibatis.transaction.jdbc.JdbcTransaction  - Resetting autocommit to true on JDBC Connection [conn60: url=jdbc:h2:mem:activiti-AsyncExecutorTest user=SA]
10:47:50,907 [Thread-103] DEBUG org.apache.ibatis.transaction.jdbc.JdbcTransaction  - Closing JDBC Connection [conn60: url=jdbc:h2:mem:activiti-AsyncExecutorTest user=SA]
10:47:50,907 [Thread-103] DEBUG org.apache.ibatis.datasource.pooled.PooledDataSource  - Returned connection 33534803 to pool.
10:47:50,907 [Thread-103] DEBUG org.activiti.engine.impl.interceptor.LogInterceptor  - --- AcquireAsyncJobsDueCmd finished --------------------------------------------------------
10:47:50,907 [Thread-103] DEBUG org.activiti.engine.impl.interceptor.LogInterceptor  - 

10:47:50,907 [Thread-103] DEBUG org.activiti.engine.impl.asyncexecutor.AcquireAsyncJobsDueRunnable  - async job acquisition thread sleeping for 50 millis
10:47:50,950 [Thread-112] DEBUG org.activiti.engine.impl.asyncexecutor.AcquireAsyncJobsDueRunnable  - async job acquisition thread woke up
10:47:50,950 [Thread-112] DEBUG org.activiti.engine.impl.interceptor.LogInterceptor  - 

10:47:50,950 [Thread-112] DEBUG org.activiti.engine.impl.interceptor.LogInterceptor  - --- starting AcquireAsyncJobsDueCmd --------------------------------------------------------
10:47:50,950 [Thread-112] DEBUG org.apache.ibatis.transaction.jdbc.JdbcTransaction  - Opening JDBC Connection
10:47:50,950 [Thread-112] DEBUG org.apache.ibatis.datasource.pooled.PooledDataSource  - Checked out connection 58501658 from pool.
10:47:50,950 [Thread-112] DEBUG org.apache.ibatis.transaction.jdbc.JdbcTransaction  - Setting autocommit to false on JDBC Connection [conn68: url=jdbc:h2:mem:activiti-AsyncExecutorTest user=SA]
10:47:50,950 [Thread-112] DEBUG org.activiti.engine.impl.persistence.entity.JobEntity.selectAsyncJobsDueToExecute  - ==&gt;  Preparing: select RES.* from ACT_RU_JOB RES LEFT OUTER JOIN ACT_RU_EXECUTION PI ON PI.ID_ = RES.PROCESS_INSTANCE_ID_ where RES.RETRIES_ &gt; 0 and RES.DUEDATE_ is not null and RES.DUEDATE_ &lt;= ? and (RES.LOCK_EXP_TIME_ is null or RES.LOCK_EXP_TIME_ &lt;= ?) and TYPE_ = &apos;message&apos; and ( (RES.EXECUTION_ID_ is null) or (PI.SUSPENSION_STATE_ = 1) ) LIMIT ? OFFSET ? 
10:47:50,950 [Thread-112] DEBUG org.activiti.engine.impl.persistence.entity.JobEntity.selectAsyncJobsDueToExecute  - ==&gt; Parameters: 2023-03-20 10:48:50.669(Timestamp), 2023-03-20 10:48:50.669(Timestamp), 1(Integer), 0(Integer)
10:47:50,950 [Thread-112] DEBUG org.activiti.engine.impl.persistence.entity.JobEntity.selectAsyncJobsDueToExecute  - &lt;==      Total: 0
10:47:50,950 [Thread-112] DEBUG org.activiti.engine.impl.db.DbSqlSession  - flush summary: 0 insert, 0 update, 0 delete.
10:47:50,950 [Thread-112] DEBUG org.activiti.engine.impl.db.DbSqlSession  - now executing flush...
10:47:50,950 [Thread-112] DEBUG org.activiti.engine.impl.cfg.standalone.StandaloneMybatisTransactionContext  - firing event committing...
10:47:50,950 [Thread-112] DEBUG org.activiti.engine.impl.cfg.standalone.StandaloneMybatisTransactionContext  - committing the ibatis sql session...
10:47:50,950 [Thread-112] DEBUG org.activiti.engine.impl.cfg.standalone.StandaloneMybatisTransactionContext  - firing event committed...
10:47:50,950 [Thread-112] DEBUG org.apache.ibatis.transaction.jdbc.JdbcTransaction  - Resetting autocommit to true on JDBC Connection [conn68: url=jdbc:h2:mem:activiti-AsyncExecutorTest user=SA]
10:47:50,950 [Thread-112] DEBUG org.apache.ibatis.transaction.jdbc.JdbcTransaction  - Closing JDBC Connection [conn68: url=jdbc:h2:mem:activiti-AsyncExecutorTest user=SA]
10:47:50,950 [Thread-112] DEBUG org.apache.ibatis.datasource.pooled.PooledDataSource  - Returned connection 58501658 to pool.
10:47:50,950 [Thread-112] DEBUG org.activiti.engine.impl.interceptor.LogInterceptor  - --- AcquireAsyncJobsDueCmd finished --------------------------------------------------------
10:47:50,950 [Thread-112] DEBUG org.activiti.engine.impl.interceptor.LogInterceptor  - 

10:47:50,950 [Thread-112] DEBUG org.activiti.engine.impl.asyncexecutor.AcquireAsyncJobsDueRunnable  - async job acquisition thread sleeping for 50 millis
10:47:50,965 [Thread-103] DEBUG org.activiti.engine.impl.asyncexecutor.AcquireAsyncJobsDueRunnable  - async job acquisition thread woke up
10:47:50,965 [Thread-103] DEBUG org.activiti.engine.impl.interceptor.LogInterceptor  - 

10:47:50,965 [Thread-103] DEBUG org.activiti.engine.impl.interceptor.LogInterceptor  - --- starting AcquireAsyncJobsDueCmd --------------------------------------------------------
10:47:50,965 [Thread-111] DEBUG org.activiti.engine.impl.asyncexecutor.AcquireTimerJobsRunnable  - timer job acquisition thread woke up
10:47:50,965 [Thread-111] DEBUG org.activiti.engine.impl.interceptor.LogInterceptor  - 

10:47:50,965 [Thread-111] DEBUG org.activiti.engine.impl.interceptor.LogInterceptor  - --- starting AcquireTimerJobsCmd --------------------------------------------------------
10:47:50,965 [Thread-102] DEBUG org.activiti.engine.impl.asyncexecutor.AcquireTimerJobsRunnable  - timer job acquisition thread woke up
10:47:50,965 [Thread-102] DEBUG org.activiti.engine.impl.interceptor.LogInterceptor  - 

10:47:50,965 [Thread-102] DEBUG org.activiti.engine.impl.interceptor.LogInterceptor  - --- starting AcquireTimerJobsCmd --------------------------------------------------------
10:47:50,965 [Thread-105] DEBUG org.activiti.engine.impl.asyncexecutor.AcquireTimerJobsRunnable  - timer job acquisition thread woke up
10:47:50,965 [Thread-105] DEBUG org.activiti.engine.impl.interceptor.LogInterceptor  - 

10:47:50,965 [Thread-105] DEBUG org.activiti.engine.impl.interceptor.LogInterceptor  - --- starting AcquireTimerJobsCmd --------------------------------------------------------
10:47:50,965 [Thread-106] DEBUG org.activiti.engine.impl.asyncexecutor.AcquireAsyncJobsDueRunnable  - async job acquisition thread woke up
10:47:50,966 [Thread-106] DEBUG org.activiti.engine.impl.interceptor.LogInterceptor  - 

10:47:50,966 [Thread-106] DEBUG org.activiti.engine.impl.interceptor.LogInterceptor  - --- starting AcquireAsyncJobsDueCmd --------------------------------------------------------
10:47:50,966 [Thread-105] DEBUG org.apache.ibatis.transaction.jdbc.JdbcTransaction  - Opening JDBC Connection
10:47:50,966 [Thread-105] DEBUG org.apache.ibatis.datasource.pooled.PooledDataSource  - Checked out connection 996762054 from pool.
10:47:50,965 [Thread-102] DEBUG org.apache.ibatis.transaction.jdbc.JdbcTransaction  - Opening JDBC Connection
10:47:50,966 [Thread-102] DEBUG org.apache.ibatis.datasource.pooled.PooledDataSource  - Checked out connection 157985567 from pool.
10:47:50,966 [Thread-102] DEBUG org.apache.ibatis.transaction.jdbc.JdbcTransaction  - Setting autocommit to false on JDBC Connection [conn61: url=jdbc:h2:mem:activiti-AsyncExecutorTest user=SA]
10:47:50,965 [Thread-111] DEBUG org.apache.ibatis.transaction.jdbc.JdbcTransaction  - Opening JDBC Connection
10:47:50,966 [Thread-111] DEBUG org.apache.ibatis.datasource.pooled.PooledDataSource  - Checked out connection 1863805930 from pool.
10:47:50,966 [Thread-111] DEBUG org.apache.ibatis.transaction.jdbc.JdbcTransaction  - Setting autocommit to false on JDBC Connection [conn69: url=jdbc:h2:mem:activiti-AsyncExecutorTest user=SA]
10:47:50,965 [Thread-103] DEBUG org.apache.ibatis.transaction.jdbc.JdbcTransaction  - Opening JDBC Connection
10:47:50,966 [Thread-103] DEBUG org.apache.ibatis.datasource.pooled.PooledDataSource  - Checked out connection 720039383 from pool.
10:47:50,966 [Thread-103] DEBUG org.apache.ibatis.transaction.jdbc.JdbcTransaction  - Setting autocommit to false on JDBC Connection [conn59: url=jdbc:h2:mem:activiti-AsyncExecutorTest user=SA]
10:47:50,966 [Thread-103] DEBUG org.activiti.engine.impl.persistence.entity.JobEntity.selectAsyncJobsDueToExecute  - ==&gt;  Preparing: select RES.* from ACT_RU_JOB RES LEFT OUTER JOIN ACT_RU_EXECUTION PI ON PI.ID_ = RES.PROCESS_INSTANCE_ID_ where RES.RETRIES_ &gt; 0 and RES.DUEDATE_ is not null and RES.DUEDATE_ &lt;= ? and (RES.LOCK_EXP_TIME_ is null or RES.LOCK_EXP_TIME_ &lt;= ?) and TYPE_ = &apos;message&apos; and ( (RES.EXECUTION_ID_ is null) or (PI.SUSPENSION_STATE_ = 1) ) LIMIT ? OFFSET ? 
10:47:50,966 [Thread-111] DEBUG org.activiti.engine.impl.persistence.entity.JobEntity.selectNextTimerJobsToExecute  - ==&gt;  Preparing: select RES.* from ACT_RU_JOB RES LEFT OUTER JOIN ACT_RU_EXECUTION PI ON PI.ID_ = RES.PROCESS_INSTANCE_ID_ where (RES.RETRIES_ &gt; 0) and (RES.DUEDATE_ is null or RES.DUEDATE_ &lt;= ?) and (RES.LOCK_OWNER_ is null or RES.LOCK_EXP_TIME_ &lt;= ?) and TYPE_ = &apos;timer&apos; and ( (RES.EXECUTION_ID_ is null) or (PI.SUSPENSION_STATE_ = 1) ) LIMIT ? OFFSET ? 
10:47:50,966 [Thread-102] DEBUG org.activiti.engine.impl.persistence.entity.JobEntity.selectNextTimerJobsToExecute  - ==&gt;  Preparing: select RES.* from ACT_RU_JOB RES LEFT OUTER JOIN ACT_RU_EXECUTION PI ON PI.ID_ = RES.PROCESS_INSTANCE_ID_ where (RES.RETRIES_ &gt; 0) and (RES.DUEDATE_ is null or RES.DUEDATE_ &lt;= ?) and (RES.LOCK_OWNER_ is null or RES.LOCK_EXP_TIME_ &lt;= ?) and TYPE_ = &apos;timer&apos; and ( (RES.EXECUTION_ID_ is null) or (PI.SUSPENSION_STATE_ = 1) ) LIMIT ? OFFSET ? 
10:47:50,966 [Thread-105] DEBUG org.apache.ibatis.transaction.jdbc.JdbcTransaction  - Setting autocommit to false on JDBC Connection [conn65: url=jdbc:h2:mem:activiti-AsyncExecutorTest user=SA]
10:47:50,966 [Thread-106] DEBUG org.apache.ibatis.transaction.jdbc.JdbcTransaction  - Opening JDBC Connection
10:47:50,966 [Thread-106] DEBUG org.apache.ibatis.datasource.pooled.PooledDataSource  - Checked out connection 1970103261 from pool.
10:47:50,966 [Thread-105] DEBUG org.activiti.engine.impl.persistence.entity.JobEntity.selectNextTimerJobsToExecute  - ==&gt;  Preparing: select RES.* from ACT_RU_JOB RES LEFT OUTER JOIN ACT_RU_EXECUTION PI ON PI.ID_ = RES.PROCESS_INSTANCE_ID_ where (RES.RETRIES_ &gt; 0) and (RES.DUEDATE_ is null or RES.DUEDATE_ &lt;= ?) and (RES.LOCK_OWNER_ is null or RES.LOCK_EXP_TIME_ &lt;= ?) and TYPE_ = &apos;timer&apos; and ( (RES.EXECUTION_ID_ is null) or (PI.SUSPENSION_STATE_ = 1) ) LIMIT ? OFFSET ? 
10:47:50,966 [Thread-102] DEBUG org.activiti.engine.impl.persistence.entity.JobEntity.selectNextTimerJobsToExecute  - ==&gt; Parameters: 2023-03-20 10:48:50.669(Timestamp), 2023-03-20 10:48:50.669(Timestamp), 1(Integer), 0(Integer)
10:47:50,966 [Thread-111] DEBUG org.activiti.engine.impl.persistence.entity.JobEntity.selectNextTimerJobsToExecute  - ==&gt; Parameters: 2023-03-20 10:48:50.669(Timestamp), 2023-03-20 10:48:50.669(Timestamp), 1(Integer), 0(Integer)
10:47:50,967 [Thread-111] DEBUG org.activiti.engine.impl.persistence.entity.JobEntity.selectNextTimerJobsToExecute  - &lt;==      Total: 0
10:47:50,967 [Thread-111] DEBUG org.activiti.engine.impl.db.DbSqlSession  - flush summary: 0 insert, 0 update, 0 delete.
10:47:50,967 [Thread-111] DEBUG org.activiti.engine.impl.db.DbSqlSession  - now executing flush...
10:47:50,967 [Thread-111] DEBUG org.activiti.engine.impl.cfg.standalone.StandaloneMybatisTransactionContext  - firing event committing...
10:47:50,967 [Thread-111] DEBUG org.activiti.engine.impl.cfg.standalone.StandaloneMybatisTransactionContext  - committing the ibatis sql session...
10:47:50,967 [Thread-111] DEBUG org.activiti.engine.impl.cfg.standalone.StandaloneMybatisTransactionContext  - firing event committed...
10:47:50,967 [Thread-111] DEBUG org.apache.ibatis.transaction.jdbc.JdbcTransaction  - Resetting autocommit to true on JDBC Connection [conn69: url=jdbc:h2:mem:activiti-AsyncExecutorTest user=SA]
10:47:50,966 [Thread-103] DEBUG org.activiti.engine.impl.persistence.entity.JobEntity.selectAsyncJobsDueToExecute  - ==&gt; Parameters: 2023-03-20 10:48:50.669(Timestamp), 2023-03-20 10:48:50.669(Timestamp), 1(Integer), 0(Integer)
10:47:50,967 [Thread-111] DEBUG org.apache.ibatis.transaction.jdbc.JdbcTransaction  - Closing JDBC Connection [conn69: url=jdbc:h2:mem:activiti-AsyncExecutorTest user=SA]
10:47:50,967 [Thread-111] DEBUG org.apache.ibatis.datasource.pooled.PooledDataSource  - Returned connection 1863805930 to pool.
10:47:50,967 [Thread-111] DEBUG org.activiti.engine.impl.interceptor.LogInterceptor  - --- AcquireTimerJobsCmd finished --------------------------------------------------------
10:47:50,967 [Thread-111] DEBUG org.activiti.engine.impl.interceptor.LogInterceptor  - 

10:47:50,967 [Thread-102] DEBUG org.activiti.engine.impl.persistence.entity.JobEntity.selectNextTimerJobsToExecute  - &lt;==      Total: 0
10:47:50,967 [Thread-105] DEBUG org.activiti.engine.impl.persistence.entity.JobEntity.selectNextTimerJobsToExecute  - ==&gt; Parameters: 2023-03-20 10:48:50.669(Timestamp), 2023-03-20 10:48:50.669(Timestamp), 1(Integer), 0(Integer)
10:47:50,967 [Thread-105] DEBUG org.activiti.engine.impl.persistence.entity.JobEntity.selectNextTimerJobsToExecute  - &lt;==      Total: 0
10:47:50,967 [Thread-105] DEBUG org.activiti.engine.impl.db.DbSqlSession  - flush summary: 0 insert, 0 update, 0 delete.
10:47:50,967 [Thread-105] DEBUG org.activiti.engine.impl.db.DbSqlSession  - now executing flush...
10:47:50,967 [Thread-105] DEBUG org.activiti.engine.impl.cfg.standalone.StandaloneMybatisTransactionContext  - firing event committing...
10:47:50,967 [Thread-105] DEBUG org.activiti.engine.impl.cfg.standalone.StandaloneMybatisTransactionContext  - committing the ibatis sql session...
10:47:50,967 [Thread-105] DEBUG org.activiti.engine.impl.cfg.standalone.StandaloneMybatisTransactionContext  - firing event committed...
10:47:50,967 [Thread-105] DEBUG org.apache.ibatis.transaction.jdbc.JdbcTransaction  - Resetting autocommit to true on JDBC Connection [conn65: url=jdbc:h2:mem:activiti-AsyncExecutorTest user=SA]
10:47:50,967 [Thread-105] DEBUG org.apache.ibatis.transaction.jdbc.JdbcTransaction  - Closing JDBC Connection [conn65: url=jdbc:h2:mem:activiti-AsyncExecutorTest user=SA]
10:47:50,967 [Thread-105] DEBUG org.apache.ibatis.datasource.pooled.PooledDataSource  - Returned connection 996762054 to pool.
10:47:50,967 [Thread-105] DEBUG org.activiti.engine.impl.interceptor.LogInterceptor  - --- AcquireTimerJobsCmd finished --------------------------------------------------------
10:47:50,967 [Thread-105] DEBUG org.activiti.engine.impl.interceptor.LogInterceptor  - 

10:47:50,967 [Thread-105] DEBUG org.activiti.engine.impl.asyncexecutor.AcquireTimerJobsRunnable  - timer job acquisition thread sleeping for 50 millis
10:47:50,966 [Thread-106] DEBUG org.apache.ibatis.transaction.jdbc.JdbcTransaction  - Setting autocommit to false on JDBC Connection [conn63: url=jdbc:h2:mem:activiti-AsyncExecutorTest user=SA]
10:47:50,967 [Thread-102] DEBUG org.activiti.engine.impl.db.DbSqlSession  - flush summary: 0 insert, 0 update, 0 delete.
10:47:50,967 [Thread-102] DEBUG org.activiti.engine.impl.db.DbSqlSession  - now executing flush...
10:47:50,967 [Thread-102] DEBUG org.activiti.engine.impl.cfg.standalone.StandaloneMybatisTransactionContext  - firing event committing...
10:47:50,968 [Thread-102] DEBUG org.activiti.engine.impl.cfg.standalone.StandaloneMybatisTransactionContext  - committing the ibatis sql session...
10:47:50,968 [Thread-102] DEBUG org.activiti.engine.impl.cfg.standalone.StandaloneMybatisTransactionContext  - firing event committed...
10:47:50,968 [Thread-102] DEBUG org.apache.ibatis.transaction.jdbc.JdbcTransaction  - Resetting autocommit to true on JDBC Connection [conn61: url=jdbc:h2:mem:activiti-AsyncExecutorTest user=SA]
10:47:50,968 [Thread-102] DEBUG org.apache.ibatis.transaction.jdbc.JdbcTransaction  - Closing JDBC Connection [conn61: url=jdbc:h2:mem:activiti-AsyncExecutorTest user=SA]
10:47:50,968 [Thread-102] DEBUG org.apache.ibatis.datasource.pooled.PooledDataSource  - Returned connection 157985567 to pool.
10:47:50,968 [Thread-102] DEBUG org.activiti.engine.impl.interceptor.LogInterceptor  - --- AcquireTimerJobsCmd finished --------------------------------------------------------
10:47:50,968 [Thread-102] DEBUG org.activiti.engine.impl.interceptor.LogInterceptor  - 

10:47:50,968 [Thread-102] DEBUG org.activiti.engine.impl.asyncexecutor.AcquireTimerJobsRunnable  - timer job acquisition thread sleeping for 50 millis
10:47:50,967 [Thread-111] DEBUG org.activiti.engine.impl.asyncexecutor.AcquireTimerJobsRunnable  - timer job acquisition thread sleeping for 50 millis
10:47:50,967 [Thread-103] DEBUG org.activiti.engine.impl.persistence.entity.JobEntity.selectAsyncJobsDueToExecute  - &lt;==      Total: 0
10:47:50,968 [Thread-103] DEBUG org.activiti.engine.impl.db.DbSqlSession  - flush summary: 0 insert, 0 update, 0 delete.
10:47:50,968 [Thread-103] DEBUG org.activiti.engine.impl.db.DbSqlSession  - now executing flush...
10:47:50,968 [Thread-103] DEBUG org.activiti.engine.impl.cfg.standalone.StandaloneMybatisTransactionContext  - firing event committing...
10:47:50,968 [Thread-103] DEBUG org.activiti.engine.impl.cfg.standalone.StandaloneMybatisTransactionContext  - committing the ibatis sql session...
10:47:50,968 [Thread-103] DEBUG org.activiti.engine.impl.cfg.standalone.StandaloneMybatisTransactionContext  - firing event committed...
10:47:50,968 [Thread-103] DEBUG org.apache.ibatis.transaction.jdbc.JdbcTransaction  - Resetting autocommit to true on JDBC Connection [conn59: url=jdbc:h2:mem:activiti-AsyncExecutorTest user=SA]
10:47:50,968 [Thread-103] DEBUG org.apache.ibatis.transaction.jdbc.JdbcTransaction  - Closing JDBC Connection [conn59: url=jdbc:h2:mem:activiti-AsyncExecutorTest user=SA]
10:47:50,968 [Thread-103] DEBUG org.apache.ibatis.datasource.pooled.PooledDataSource  - Returned connection 720039383 to pool.
10:47:50,968 [Thread-103] DEBUG org.activiti.engine.impl.interceptor.LogInterceptor  - --- AcquireAsyncJobsDueCmd finished --------------------------------------------------------
10:47:50,968 [Thread-103] DEBUG org.activiti.engine.impl.interceptor.LogInterceptor  - 

10:47:50,968 [Thread-103] DEBUG org.activiti.engine.impl.asyncexecutor.AcquireAsyncJobsDueRunnable  - async job acquisition thread sleeping for 50 millis
10:47:50,967 [Thread-106] DEBUG org.activiti.engine.impl.persistence.entity.JobEntity.selectAsyncJobsDueToExecute  - ==&gt;  Preparing: select RES.* from ACT_RU_JOB RES LEFT OUTER JOIN ACT_RU_EXECUTION PI ON PI.ID_ = RES.PROCESS_INSTANCE_ID_ where RES.RETRIES_ &gt; 0 and RES.DUEDATE_ is not null and RES.DUEDATE_ &lt;= ? and (RES.LOCK_EXP_TIME_ is null or RES.LOCK_EXP_TIME_ &lt;= ?) and TYPE_ = &apos;message&apos; and ( (RES.EXECUTION_ID_ is null) or (PI.SUSPENSION_STATE_ = 1) ) LIMIT ? OFFSET ? 
10:47:50,968 [Thread-106] DEBUG org.activiti.engine.impl.persistence.entity.JobEntity.selectAsyncJobsDueToExecute  - ==&gt; Parameters: 2023-03-20 10:48:50.669(Timestamp), 2023-03-20 10:48:50.669(Timestamp), 1(Integer), 0(Integer)
10:47:50,968 [Thread-106] DEBUG org.activiti.engine.impl.persistence.entity.JobEntity.selectAsyncJobsDueToExecute  - &lt;==      Total: 0
10:47:50,968 [Thread-106] DEBUG org.activiti.engine.impl.db.DbSqlSession  - flush summary: 0 insert, 0 update, 0 delete.
10:47:50,968 [Thread-106] DEBUG org.activiti.engine.impl.db.DbSqlSession  - now executing flush...
10:47:50,968 [Thread-106] DEBUG org.activiti.engine.impl.cfg.standalone.StandaloneMybatisTransactionContext  - firing event committing...
10:47:50,968 [Thread-106] DEBUG org.activiti.engine.impl.cfg.standalone.StandaloneMybatisTransactionContext  - committing the ibatis sql session...
10:47:50,968 [Thread-106] DEBUG org.activiti.engine.impl.cfg.standalone.StandaloneMybatisTransactionContext  - firing event committed...
10:47:50,968 [Thread-106] DEBUG org.apache.ibatis.transaction.jdbc.JdbcTransaction  - Resetting autocommit to true on JDBC Connection [conn63: url=jdbc:h2:mem:activiti-AsyncExecutorTest user=SA]
10:47:50,968 [Thread-106] DEBUG org.apache.ibatis.transaction.jdbc.JdbcTransaction  - Closing JDBC Connection [conn63: url=jdbc:h2:mem:activiti-AsyncExecutorTest user=SA]
10:47:50,968 [Thread-106] DEBUG org.apache.ibatis.datasource.pooled.PooledDataSource  - Returned connection 1970103261 to pool.
10:47:50,968 [Thread-106] DEBUG org.activiti.engine.impl.interceptor.LogInterceptor  - --- AcquireAsyncJobsDueCmd finished --------------------------------------------------------
10:47:50,968 [Thread-106] DEBUG org.activiti.engine.impl.interceptor.LogInterceptor  - 

10:47:50,968 [Thread-106] DEBUG org.activiti.engine.impl.asyncexecutor.AcquireAsyncJobsDueRunnable  - async job acquisition thread sleeping for 50 millis
10:47:51,012 [Thread-112] DEBUG org.activiti.engine.impl.asyncexecutor.AcquireAsyncJobsDueRunnable  - async job acquisition thread woke up
10:47:51,012 [Thread-112] DEBUG org.activiti.engine.impl.interceptor.LogInterceptor  - 

10:47:51,012 [Thread-112] DEBUG org.activiti.engine.impl.interceptor.LogInterceptor  - --- starting AcquireAsyncJobsDueCmd --------------------------------------------------------
10:47:51,012 [Thread-112] DEBUG org.apache.ibatis.transaction.jdbc.JdbcTransaction  - Opening JDBC Connection
10:47:51,012 [Thread-112] DEBUG org.apache.ibatis.datasource.pooled.PooledDataSource  - Checked out connection 604408605 from pool.
10:47:51,012 [Thread-112] DEBUG org.apache.ibatis.transaction.jdbc.JdbcTransaction  - Setting autocommit to false on JDBC Connection [conn70: url=jdbc:h2:mem:activiti-AsyncExecutorTest user=SA]
10:47:51,012 [Thread-112] DEBUG org.activiti.engine.impl.persistence.entity.JobEntity.selectAsyncJobsDueToExecute  - ==&gt;  Preparing: select RES.* from ACT_RU_JOB RES LEFT OUTER JOIN ACT_RU_EXECUTION PI ON PI.ID_ = RES.PROCESS_INSTANCE_ID_ where RES.RETRIES_ &gt; 0 and RES.DUEDATE_ is not null and RES.DUEDATE_ &lt;= ? and (RES.LOCK_EXP_TIME_ is null or RES.LOCK_EXP_TIME_ &lt;= ?) and TYPE_ = &apos;message&apos; and ( (RES.EXECUTION_ID_ is null) or (PI.SUSPENSION_STATE_ = 1) ) LIMIT ? OFFSET ? 
10:47:51,012 [Thread-112] DEBUG org.activiti.engine.impl.persistence.entity.JobEntity.selectAsyncJobsDueToExecute  - ==&gt; Parameters: 2023-03-20 10:48:50.669(Timestamp), 2023-03-20 10:48:50.669(Timestamp), 1(Integer), 0(Integer)
10:47:51,012 [Thread-112] DEBUG org.activiti.engine.impl.persistence.entity.JobEntity.selectAsyncJobsDueToExecute  - &lt;==      Total: 0
10:47:51,012 [Thread-112] DEBUG org.activiti.engine.impl.db.DbSqlSession  - flush summary: 0 insert, 0 update, 0 delete.
10:47:51,012 [Thread-112] DEBUG org.activiti.engine.impl.db.DbSqlSession  - now executing flush...
10:47:51,013 [Thread-112] DEBUG org.activiti.engine.impl.cfg.standalone.StandaloneMybatisTransactionContext  - firing event committing...
10:47:51,013 [Thread-112] DEBUG org.activiti.engine.impl.cfg.standalone.StandaloneMybatisTransactionContext  - committing the ibatis sql session...
10:47:51,013 [Thread-112] DEBUG org.activiti.engine.impl.cfg.standalone.StandaloneMybatisTransactionContext  - firing event committed...
10:47:51,013 [Thread-112] DEBUG org.apache.ibatis.transaction.jdbc.JdbcTransaction  - Resetting autocommit to true on JDBC Connection [conn70: url=jdbc:h2:mem:activiti-AsyncExecutorTest user=SA]
10:47:51,013 [Thread-112] DEBUG org.apache.ibatis.transaction.jdbc.JdbcTransaction  - Closing JDBC Connection [conn70: url=jdbc:h2:mem:activiti-AsyncExecutorTest user=SA]
10:47:51,013 [Thread-112] DEBUG org.apache.ibatis.datasource.pooled.PooledDataSource  - Returned connection 604408605 to pool.
10:47:51,013 [Thread-112] DEBUG org.activiti.engine.impl.interceptor.LogInterceptor  - --- AcquireAsyncJobsDueCmd finished --------------------------------------------------------
10:47:51,013 [Thread-112] DEBUG org.activiti.engine.impl.interceptor.LogInterceptor  - 

10:47:51,013 [Thread-112] DEBUG org.activiti.engine.impl.asyncexecutor.AcquireAsyncJobsDueRunnable  - async job acquisition thread sleeping for 50 millis
10:47:51,028 [Thread-111] DEBUG org.activiti.engine.impl.asyncexecutor.AcquireTimerJobsRunnable  - timer job acquisition thread woke up
10:47:51,028 [Thread-106] DEBUG org.activiti.engine.impl.asyncexecutor.AcquireAsyncJobsDueRunnable  - async job acquisition thread woke up
10:47:51,028 [Thread-106] DEBUG org.activiti.engine.impl.interceptor.LogInterceptor  - 

10:47:51,028 [Thread-105] DEBUG org.activiti.engine.impl.asyncexecutor.AcquireTimerJobsRunnable  - timer job acquisition thread woke up
10:47:51,028 [Thread-105] DEBUG org.activiti.engine.impl.interceptor.LogInterceptor  - 

10:47:51,028 [Thread-105] DEBUG org.activiti.engine.impl.interceptor.LogInterceptor  - --- starting AcquireTimerJobsCmd --------------------------------------------------------
10:47:51,028 [Thread-103] DEBUG org.activiti.engine.impl.asyncexecutor.AcquireAsyncJobsDueRunnable  - async job acquisition thread woke up
10:47:51,028 [Thread-103] DEBUG org.activiti.engine.impl.interceptor.LogInterceptor  - 

10:47:51,028 [Thread-103] DEBUG org.activiti.engine.impl.interceptor.LogInterceptor  - --- starting AcquireAsyncJobsDueCmd --------------------------------------------------------
10:47:51,028 [Thread-102] DEBUG org.activiti.engine.impl.asyncexecutor.AcquireTimerJobsRunnable  - timer job acquisition thread woke up
10:47:51,028 [Thread-102] DEBUG org.activiti.engine.impl.interceptor.LogInterceptor  - 

10:47:51,028 [Thread-102] DEBUG org.activiti.engine.impl.interceptor.LogInterceptor  - --- starting AcquireTimerJobsCmd --------------------------------------------------------
10:47:51,028 [Thread-103] DEBUG org.apache.ibatis.transaction.jdbc.JdbcTransaction  - Opening JDBC Connection
10:47:51,028 [Thread-105] DEBUG org.apache.ibatis.transaction.jdbc.JdbcTransaction  - Opening JDBC Connection
10:47:51,028 [Thread-105] DEBUG org.apache.ibatis.datasource.pooled.PooledDataSource  - Checked out connection 54468349 from pool.
10:47:51,028 [Thread-106] DEBUG org.activiti.engine.impl.interceptor.LogInterceptor  - --- starting AcquireAsyncJobsDueCmd --------------------------------------------------------
10:47:51,028 [Thread-111] DEBUG org.activiti.engine.impl.interceptor.LogInterceptor  - 

10:47:51,028 [Thread-111] DEBUG org.activiti.engine.impl.interceptor.LogInterceptor  - --- starting AcquireTimerJobsCmd --------------------------------------------------------
10:47:51,028 [Thread-106] DEBUG org.apache.ibatis.transaction.jdbc.JdbcTransaction  - Opening JDBC Connection
10:47:51,028 [Thread-106] DEBUG org.apache.ibatis.datasource.pooled.PooledDataSource  - Checked out connection 996762054 from pool.
10:47:51,028 [Thread-106] DEBUG org.apache.ibatis.transaction.jdbc.JdbcTransaction  - Setting autocommit to false on JDBC Connection [conn65: url=jdbc:h2:mem:activiti-AsyncExecutorTest user=SA]
10:47:51,028 [Thread-105] DEBUG org.apache.ibatis.transaction.jdbc.JdbcTransaction  - Setting autocommit to false on JDBC Connection [conn64: url=jdbc:h2:mem:activiti-AsyncExecutorTest user=SA]
10:47:51,028 [Thread-103] DEBUG org.apache.ibatis.datasource.pooled.PooledDataSource  - Checked out connection 33534803 from pool.
10:47:51,029 [Thread-103] DEBUG org.apache.ibatis.transaction.jdbc.JdbcTransaction  - Setting autocommit to false on JDBC Connection [conn60: url=jdbc:h2:mem:activiti-AsyncExecutorTest user=SA]
10:47:51,028 [Thread-102] DEBUG org.apache.ibatis.transaction.jdbc.JdbcTransaction  - Opening JDBC Connection
10:47:51,029 [Thread-102] DEBUG org.apache.ibatis.datasource.pooled.PooledDataSource  - Checked out connection 157985567 from pool.
10:47:51,029 [Thread-103] DEBUG org.activiti.engine.impl.persistence.entity.JobEntity.selectAsyncJobsDueToExecute  - ==&gt;  Preparing: select RES.* from ACT_RU_JOB RES LEFT OUTER JOIN ACT_RU_EXECUTION PI ON PI.ID_ = RES.PROCESS_INSTANCE_ID_ where RES.RETRIES_ &gt; 0 and RES.DUEDATE_ is not null and RES.DUEDATE_ &lt;= ? and (RES.LOCK_EXP_TIME_ is null or RES.LOCK_EXP_TIME_ &lt;= ?) and TYPE_ = &apos;message&apos; and ( (RES.EXECUTION_ID_ is null) or (PI.SUSPENSION_STATE_ = 1) ) LIMIT ? OFFSET ? 
10:47:51,029 [Thread-105] DEBUG org.activiti.engine.impl.persistence.entity.JobEntity.selectNextTimerJobsToExecute  - ==&gt;  Preparing: select RES.* from ACT_RU_JOB RES LEFT OUTER JOIN ACT_RU_EXECUTION PI ON PI.ID_ = RES.PROCESS_INSTANCE_ID_ where (RES.RETRIES_ &gt; 0) and (RES.DUEDATE_ is null or RES.DUEDATE_ &lt;= ?) and (RES.LOCK_OWNER_ is null or RES.LOCK_EXP_TIME_ &lt;= ?) and TYPE_ = &apos;timer&apos; and ( (RES.EXECUTION_ID_ is null) or (PI.SUSPENSION_STATE_ = 1) ) LIMIT ? OFFSET ? 
10:47:51,028 [Thread-106] DEBUG org.activiti.engine.impl.persistence.entity.JobEntity.selectAsyncJobsDueToExecute  - ==&gt;  Preparing: select RES.* from ACT_RU_JOB RES LEFT OUTER JOIN ACT_RU_EXECUTION PI ON PI.ID_ = RES.PROCESS_INSTANCE_ID_ where RES.RETRIES_ &gt; 0 and RES.DUEDATE_ is not null and RES.DUEDATE_ &lt;= ? and (RES.LOCK_EXP_TIME_ is null or RES.LOCK_EXP_TIME_ &lt;= ?) and TYPE_ = &apos;message&apos; and ( (RES.EXECUTION_ID_ is null) or (PI.SUSPENSION_STATE_ = 1) ) LIMIT ? OFFSET ? 
10:47:51,028 [Thread-111] DEBUG org.apache.ibatis.transaction.jdbc.JdbcTransaction  - Opening JDBC Connection
10:47:51,029 [Thread-111] DEBUG org.apache.ibatis.datasource.pooled.PooledDataSource  - Checked out connection 58501658 from pool.
10:47:51,029 [Thread-111] DEBUG org.apache.ibatis.transaction.jdbc.JdbcTransaction  - Setting autocommit to false on JDBC Connection [conn68: url=jdbc:h2:mem:activiti-AsyncExecutorTest user=SA]
10:47:51,029 [Thread-106] DEBUG org.activiti.engine.impl.persistence.entity.JobEntity.selectAsyncJobsDueToExecute  - ==&gt; Parameters: 2023-03-20 10:48:50.669(Timestamp), 2023-03-20 10:48:50.669(Timestamp), 1(Integer), 0(Integer)
10:47:51,029 [Thread-105] DEBUG org.activiti.engine.impl.persistence.entity.JobEntity.selectNextTimerJobsToExecute  - ==&gt; Parameters: 2023-03-20 10:48:50.669(Timestamp), 2023-03-20 10:48:50.669(Timestamp), 1(Integer), 0(Integer)
10:47:51,029 [Thread-103] DEBUG org.activiti.engine.impl.persistence.entity.JobEntity.selectAsyncJobsDueToExecute  - ==&gt; Parameters: 2023-03-20 10:48:50.669(Timestamp), 2023-03-20 10:48:50.669(Timestamp), 1(Integer), 0(Integer)
10:47:51,029 [Thread-102] DEBUG org.apache.ibatis.transaction.jdbc.JdbcTransaction  - Setting autocommit to false on JDBC Connection [conn61: url=jdbc:h2:mem:activiti-AsyncExecutorTest user=SA]
10:47:51,029 [Thread-103] DEBUG org.activiti.engine.impl.persistence.entity.JobEntity.selectAsyncJobsDueToExecute  - &lt;==      Total: 0
10:47:51,029 [Thread-105] DEBUG org.activiti.engine.impl.persistence.entity.JobEntity.selectNextTimerJobsToExecute  - &lt;==      Total: 0
10:47:51,029 [Thread-106] DEBUG org.activiti.engine.impl.persistence.entity.JobEntity.selectAsyncJobsDueToExecute  - &lt;==      Total: 0
10:47:51,029 [Thread-106] DEBUG org.activiti.engine.impl.db.DbSqlSession  - flush summary: 0 insert, 0 update, 0 delete.
10:47:51,029 [Thread-106] DEBUG org.activiti.engine.impl.db.DbSqlSession  - now executing flush...
10:47:51,029 [Thread-106] DEBUG org.activiti.engine.impl.cfg.standalone.StandaloneMybatisTransactionContext  - firing event committing...
10:47:51,029 [Thread-106] DEBUG org.activiti.engine.impl.cfg.standalone.StandaloneMybatisTransactionContext  - committing the ibatis sql session...
10:47:51,029 [Thread-106] DEBUG org.activiti.engine.impl.cfg.standalone.StandaloneMybatisTransactionContext  - firing event committed...
10:47:51,029 [Thread-111] DEBUG org.activiti.engine.impl.persistence.entity.JobEntity.selectNextTimerJobsToExecute  - ==&gt;  Preparing: select RES.* from ACT_RU_JOB RES LEFT OUTER JOIN ACT_RU_EXECUTION PI ON PI.ID_ = RES.PROCESS_INSTANCE_ID_ where (RES.RETRIES_ &gt; 0) and (RES.DUEDATE_ is null or RES.DUEDATE_ &lt;= ?) and (RES.LOCK_OWNER_ is null or RES.LOCK_EXP_TIME_ &lt;= ?) and TYPE_ = &apos;timer&apos; and ( (RES.EXECUTION_ID_ is null) or (PI.SUSPENSION_STATE_ = 1) ) LIMIT ? OFFSET ? 
10:47:51,029 [Thread-106] DEBUG org.apache.ibatis.transaction.jdbc.JdbcTransaction  - Resetting autocommit to true on JDBC Connection [conn65: url=jdbc:h2:mem:activiti-AsyncExecutorTest user=SA]
10:47:51,029 [Thread-105] DEBUG org.activiti.engine.impl.db.DbSqlSession  - flush summary: 0 insert, 0 update, 0 delete.
10:47:51,030 [Thread-105] DEBUG org.activiti.engine.impl.db.DbSqlSession  - now executing flush...
10:47:51,030 [Thread-105] DEBUG org.activiti.engine.impl.cfg.standalone.StandaloneMybatisTransactionContext  - firing event committing...
10:47:51,030 [Thread-105] DEBUG org.activiti.engine.impl.cfg.standalone.StandaloneMybatisTransactionContext  - committing the ibatis sql session...
10:47:51,030 [Thread-105] DEBUG org.activiti.engine.impl.cfg.standalone.StandaloneMybatisTransactionContext  - firing event committed...
10:47:51,030 [Thread-105] DEBUG org.apache.ibatis.transaction.jdbc.JdbcTransaction  - Resetting autocommit to true on JDBC Connection [conn64: url=jdbc:h2:mem:activiti-AsyncExecutorTest user=SA]
10:47:51,030 [Thread-105] DEBUG org.apache.ibatis.transaction.jdbc.JdbcTransaction  - Closing JDBC Connection [conn64: url=jdbc:h2:mem:activiti-AsyncExecutorTest user=SA]
10:47:51,029 [Thread-103] DEBUG org.activiti.engine.impl.db.DbSqlSession  - flush summary: 0 insert, 0 update, 0 delete.
10:47:51,030 [Thread-103] DEBUG org.activiti.engine.impl.db.DbSqlSession  - now executing flush...
10:47:51,030 [Thread-103] DEBUG org.activiti.engine.impl.cfg.standalone.StandaloneMybatisTransactionContext  - firing event committing...
10:47:51,030 [Thread-103] DEBUG org.activiti.engine.impl.cfg.standalone.StandaloneMybatisTransactionContext  - committing the ibatis sql session...
10:47:51,030 [Thread-103] DEBUG org.activiti.engine.impl.cfg.standalone.StandaloneMybatisTransactionContext  - firing event committed...
10:47:51,030 [Thread-103] DEBUG org.apache.ibatis.transaction.jdbc.JdbcTransaction  - Resetting autocommit to true on JDBC Connection [conn60: url=jdbc:h2:mem:activiti-AsyncExecutorTest user=SA]
10:47:51,030 [Thread-103] DEBUG org.apache.ibatis.transaction.jdbc.JdbcTransaction  - Closing JDBC Connection [conn60: url=jdbc:h2:mem:activiti-AsyncExecutorTest user=SA]
10:47:51,029 [Thread-102] DEBUG org.activiti.engine.impl.persistence.entity.JobEntity.selectNextTimerJobsToExecute  - ==&gt;  Preparing: select RES.* from ACT_RU_JOB RES LEFT OUTER JOIN ACT_RU_EXECUTION PI ON PI.ID_ = RES.PROCESS_INSTANCE_ID_ where (RES.RETRIES_ &gt; 0) and (RES.DUEDATE_ is null or RES.DUEDATE_ &lt;= ?) and (RES.LOCK_OWNER_ is null or RES.LOCK_EXP_TIME_ &lt;= ?) and TYPE_ = &apos;timer&apos; and ( (RES.EXECUTION_ID_ is null) or (PI.SUSPENSION_STATE_ = 1) ) LIMIT ? OFFSET ? 
10:47:51,030 [Thread-103] DEBUG org.apache.ibatis.datasource.pooled.PooledDataSource  - Returned connection 33534803 to pool.
10:47:51,030 [Thread-105] DEBUG org.apache.ibatis.datasource.pooled.PooledDataSource  - Returned connection 54468349 to pool.
10:47:51,030 [Thread-105] DEBUG org.activiti.engine.impl.interceptor.LogInterceptor  - --- AcquireTimerJobsCmd finished --------------------------------------------------------
10:47:51,030 [Thread-105] DEBUG org.activiti.engine.impl.interceptor.LogInterceptor  - 

10:47:51,030 [Thread-106] DEBUG org.apache.ibatis.transaction.jdbc.JdbcTransaction  - Closing JDBC Connection [conn65: url=jdbc:h2:mem:activiti-AsyncExecutorTest user=SA]
10:47:51,030 [Thread-106] DEBUG org.apache.ibatis.datasource.pooled.PooledDataSource  - Returned connection 996762054 to pool.
10:47:51,030 [Thread-111] DEBUG org.activiti.engine.impl.persistence.entity.JobEntity.selectNextTimerJobsToExecute  - ==&gt; Parameters: 2023-03-20 10:48:50.669(Timestamp), 2023-03-20 10:48:50.669(Timestamp), 1(Integer), 0(Integer)
10:47:51,030 [Thread-106] DEBUG org.activiti.engine.impl.interceptor.LogInterceptor  - --- AcquireAsyncJobsDueCmd finished --------------------------------------------------------
10:47:51,030 [Thread-106] DEBUG org.activiti.engine.impl.interceptor.LogInterceptor  - 

10:47:51,030 [Thread-105] DEBUG org.activiti.engine.impl.asyncexecutor.AcquireTimerJobsRunnable  - timer job acquisition thread sleeping for 50 millis
10:47:51,030 [Thread-103] DEBUG org.activiti.engine.impl.interceptor.LogInterceptor  - --- AcquireAsyncJobsDueCmd finished --------------------------------------------------------
10:47:51,030 [Thread-103] DEBUG org.activiti.engine.impl.interceptor.LogInterceptor  - 

10:47:51,030 [Thread-103] DEBUG org.activiti.engine.impl.asyncexecutor.AcquireAsyncJobsDueRunnable  - async job acquisition thread sleeping for 50 millis
10:47:51,030 [Thread-102] DEBUG org.activiti.engine.impl.persistence.entity.JobEntity.selectNextTimerJobsToExecute  - ==&gt; Parameters: 2023-03-20 10:48:50.669(Timestamp), 2023-03-20 10:48:50.669(Timestamp), 1(Integer), 0(Integer)
10:47:51,030 [Thread-106] DEBUG org.activiti.engine.impl.asyncexecutor.AcquireAsyncJobsDueRunnable  - async job acquisition thread sleeping for 50 millis
10:47:51,030 [Thread-111] DEBUG org.activiti.engine.impl.persistence.entity.JobEntity.selectNextTimerJobsToExecute  - &lt;==      Total: 0
10:47:51,030 [Thread-111] DEBUG org.activiti.engine.impl.db.DbSqlSession  - flush summary: 0 insert, 0 update, 0 delete.
10:47:51,030 [Thread-111] DEBUG org.activiti.engine.impl.db.DbSqlSession  - now executing flush...
10:47:51,030 [Thread-111] DEBUG org.activiti.engine.impl.cfg.standalone.StandaloneMybatisTransactionContext  - firing event committing...
10:47:51,030 [Thread-111] DEBUG org.activiti.engine.impl.cfg.standalone.StandaloneMybatisTransactionContext  - committing the ibatis sql session...
10:47:51,031 [Thread-111] DEBUG org.activiti.engine.impl.cfg.standalone.StandaloneMybatisTransactionContext  - firing event committed...
10:47:51,031 [Thread-111] DEBUG org.apache.ibatis.transaction.jdbc.JdbcTransaction  - Resetting autocommit to true on JDBC Connection [conn68: url=jdbc:h2:mem:activiti-AsyncExecutorTest user=SA]
10:47:51,031 [Thread-111] DEBUG org.apache.ibatis.transaction.jdbc.JdbcTransaction  - Closing JDBC Connection [conn68: url=jdbc:h2:mem:activiti-AsyncExecutorTest user=SA]
10:47:51,031 [Thread-111] DEBUG org.apache.ibatis.datasource.pooled.PooledDataSource  - Returned connection 58501658 to pool.
10:47:51,031 [Thread-111] DEBUG org.activiti.engine.impl.interceptor.LogInterceptor  - --- AcquireTimerJobsCmd finished --------------------------------------------------------
10:47:51,031 [Thread-111] DEBUG org.activiti.engine.impl.interceptor.LogInterceptor  - 

10:47:51,030 [Thread-102] DEBUG org.activiti.engine.impl.persistence.entity.JobEntity.selectNextTimerJobsToExecute  - &lt;==      Total: 0
10:47:51,031 [Thread-111] DEBUG org.activiti.engine.impl.asyncexecutor.AcquireTimerJobsRunnable  - timer job acquisition thread sleeping for 50 millis
10:47:51,031 [Thread-102] DEBUG org.activiti.engine.impl.db.DbSqlSession  - flush summary: 0 insert, 0 update, 0 delete.
10:47:51,031 [Thread-102] DEBUG org.activiti.engine.impl.db.DbSqlSession  - now executing flush...
10:47:51,031 [Thread-102] DEBUG org.activiti.engine.impl.cfg.standalone.StandaloneMybatisTransactionContext  - firing event committing...
10:47:51,031 [Thread-102] DEBUG org.activiti.engine.impl.cfg.standalone.StandaloneMybatisTransactionContext  - committing the ibatis sql session...
10:47:51,031 [Thread-102] DEBUG org.activiti.engine.impl.cfg.standalone.StandaloneMybatisTransactionContext  - firing event committed...
10:47:51,031 [Thread-102] DEBUG org.apache.ibatis.transaction.jdbc.JdbcTransaction  - Resetting autocommit to true on JDBC Connection [conn61: url=jdbc:h2:mem:activiti-AsyncExecutorTest user=SA]
10:47:51,031 [Thread-102] DEBUG org.apache.ibatis.transaction.jdbc.JdbcTransaction  - Closing JDBC Connection [conn61: url=jdbc:h2:mem:activiti-AsyncExecutorTest user=SA]
10:47:51,031 [Thread-102] DEBUG org.apache.ibatis.datasource.pooled.PooledDataSource  - Returned connection 157985567 to pool.
10:47:51,031 [Thread-102] DEBUG org.activiti.engine.impl.interceptor.LogInterceptor  - --- AcquireTimerJobsCmd finished --------------------------------------------------------
10:47:51,031 [Thread-102] DEBUG org.activiti.engine.impl.interceptor.LogInterceptor  - 

10:47:51,031 [Thread-102] DEBUG org.activiti.engine.impl.asyncexecutor.AcquireTimerJobsRunnable  - timer job acquisition thread sleeping for 50 millis
10:47:51,076 [Thread-112] DEBUG org.activiti.engine.impl.asyncexecutor.AcquireAsyncJobsDueRunnable  - async job acquisition thread woke up
10:47:51,076 [main] DEBUG org.activiti.engine.impl.interceptor.LogInterceptor  - 

10:47:51,076 [Thread-112] DEBUG org.activiti.engine.impl.interceptor.LogInterceptor  - 

10:47:51,076 [main] DEBUG org.activiti.engine.impl.interceptor.LogInterceptor  - --- starting JobQueryImpl --------------------------------------------------------
10:47:51,076 [Thread-112] DEBUG org.activiti.engine.impl.interceptor.LogInterceptor  - --- starting AcquireAsyncJobsDueCmd --------------------------------------------------------
10:47:51,076 [Thread-112] DEBUG org.apache.ibatis.transaction.jdbc.JdbcTransaction  - Opening JDBC Connection
10:47:51,076 [Thread-112] DEBUG org.apache.ibatis.datasource.pooled.PooledDataSource  - Checked out connection 1863805930 from pool.
10:47:51,076 [Thread-112] DEBUG org.apache.ibatis.transaction.jdbc.JdbcTransaction  - Setting autocommit to false on JDBC Connection [conn69: url=jdbc:h2:mem:activiti-AsyncExecutorTest user=SA]
10:47:51,076 [main] DEBUG org.apache.ibatis.transaction.jdbc.JdbcTransaction  - Opening JDBC Connection
10:47:51,076 [main] DEBUG org.apache.ibatis.datasource.pooled.PooledDataSource  - Checked out connection 486346394 from pool.
10:47:51,076 [Thread-112] DEBUG org.activiti.engine.impl.persistence.entity.JobEntity.selectAsyncJobsDueToExecute  - ==&gt;  Preparing: select RES.* from ACT_RU_JOB RES LEFT OUTER JOIN ACT_RU_EXECUTION PI ON PI.ID_ = RES.PROCESS_INSTANCE_ID_ where RES.RETRIES_ &gt; 0 and RES.DUEDATE_ is not null and RES.DUEDATE_ &lt;= ? and (RES.LOCK_EXP_TIME_ is null or RES.LOCK_EXP_TIME_ &lt;= ?) and TYPE_ = &apos;message&apos; and ( (RES.EXECUTION_ID_ is null) or (PI.SUSPENSION_STATE_ = 1) ) LIMIT ? OFFSET ? 
10:47:51,076 [Thread-112] DEBUG org.activiti.engine.impl.persistence.entity.JobEntity.selectAsyncJobsDueToExecute  - ==&gt; Parameters: 2023-03-20 10:48:50.669(Timestamp), 2023-03-20 10:48:50.669(Timestamp), 1(Integer), 0(Integer)
10:47:51,076 [Thread-112] DEBUG org.activiti.engine.impl.persistence.entity.JobEntity.selectAsyncJobsDueToExecute  - &lt;==      Total: 0
10:47:51,076 [main] DEBUG org.apache.ibatis.transaction.jdbc.JdbcTransaction  - Setting autocommit to false on JDBC Connection [conn6: url=jdbc:h2:mem:activiti user=SA]
10:47:51,077 [main] DEBUG org.activiti.engine.impl.persistence.entity.JobEntity.selectJobByQueryCriteria  - ==&gt;  Preparing: select RES.* from ACT_RU_JOB RES order by order by RES.ID_ asc LIMIT ? OFFSET ? 
10:47:51,076 [Thread-112] DEBUG org.activiti.engine.impl.db.DbSqlSession  - flush summary: 0 insert, 0 update, 0 delete.
10:47:51,077 [Thread-112] DEBUG org.activiti.engine.impl.db.DbSqlSession  - now executing flush...
10:47:51,077 [Thread-112] DEBUG org.activiti.engine.impl.cfg.standalone.StandaloneMybatisTransactionContext  - firing event committing...
10:47:51,077 [Thread-112] DEBUG org.activiti.engine.impl.cfg.standalone.StandaloneMybatisTransactionContext  - committing the ibatis sql session...
10:47:51,077 [Thread-112] DEBUG org.activiti.engine.impl.cfg.standalone.StandaloneMybatisTransactionContext  - firing event committed...
10:47:51,077 [Thread-112] DEBUG org.apache.ibatis.transaction.jdbc.JdbcTransaction  - Resetting autocommit to true on JDBC Connection [conn69: url=jdbc:h2:mem:activiti-AsyncExecutorTest user=SA]
10:47:51,077 [Thread-112] DEBUG org.apache.ibatis.transaction.jdbc.JdbcTransaction  - Closing JDBC Connection [conn69: url=jdbc:h2:mem:activiti-AsyncExecutorTest user=SA]
10:47:51,077 [Thread-112] DEBUG org.apache.ibatis.datasource.pooled.PooledDataSource  - Returned connection 1863805930 to pool.
10:47:51,077 [Thread-112] DEBUG org.activiti.engine.impl.interceptor.LogInterceptor  - --- AcquireAsyncJobsDueCmd finished --------------------------------------------------------
10:47:51,077 [Thread-112] DEBUG org.activiti.engine.impl.interceptor.LogInterceptor  - 

10:47:51,077 [Thread-112] DEBUG org.activiti.engine.impl.asyncexecutor.AcquireAsyncJobsDueRunnable  - async job acquisition thread sleeping for 50 millis
10:47:51,077 [main] DEBUG org.activiti.engine.impl.interceptor.CommandContext  - Error while closing command context
org.apache.ibatis.exceptions.PersistenceException: 
### Error querying database.  Cause: org.h2.jdbc.JdbcSQLException: Syntax error in SQL statement &quot;SELECT RES.* 
     
    FROM ACT_RU_JOB RES
     
      
   
     ORDER BY  ORDER[*] BY RES.ID_ ASC  
    LIMIT ? OFFSET ? &quot;; expected &quot;=, NOT, EXISTS, INTERSECTS, SELECT, FROM&quot;; SQL statement:
select RES.* 
     
    from ACT_RU_JOB RES
     
      
   
     order by  order by RES.ID_ asc  
    LIMIT ? OFFSET ? [42001-176]
### The error may exist in org/activiti/db/mapping/entity/Job.xml
### The error may involve org.activiti.engine.impl.persistence.entity.JobEntity.selectJobByQueryCriteria
### The error occurred while executing a query
### SQL: select RES.*            from ACT_RU_JOB RES                       order by  order by RES.ID_ asc       LIMIT ? OFFSET ?
### Cause: org.h2.jdbc.JdbcSQLException: Syntax error in SQL statement &quot;SELECT RES.* 
     
    FROM ACT_RU_JOB RES
     
      
   
     ORDER BY  ORDER[*] BY RES.ID_ ASC  
    LIMIT ? OFFSET ? &quot;; expected &quot;=, NOT, EXISTS, INTERSECTS, SELECT, FROM&quot;; SQL statement:
select RES.* 
     
    from ACT_RU_JOB RES
     
      
   
     order by  order by RES.ID_ asc  
    LIMIT ? OFFSET ? [42001-176]
	at org.apache.ibatis.exceptions.ExceptionFactory.wrapException(ExceptionFactory.java:30)
	at org.apache.ibatis.session.defaults.DefaultSqlSession.selectList(DefaultSqlSession.java:122)
	at org.apache.ibatis.session.defaults.DefaultSqlSession.selectList(DefaultSqlSession.java:113)
	at org.activiti.engine.impl.db.DbSqlSession.selectListWithRawParameter(DbSqlSession.java:438)
	at org.activiti.engine.impl.db.DbSqlSession.selectList(DbSqlSession.java:429)
	at org.activiti.engine.impl.db.DbSqlSession.selectList(DbSqlSession.java:419)
	at org.activiti.engine.impl.persistence.entity.JobEntityManager.findJobsByQueryCriteria(JobEntityManager.java:198)
	at org.activiti.engine.impl.JobQueryImpl.executeList(JobQueryImpl.java:243)
	at org.activiti.engine.impl.AbstractQuery.execute(AbstractQuery.java:164)
	at org.activiti.engine.impl.interceptor.CommandInvoker.execute(CommandInvoker.java:24)
	at org.activiti.engine.impl.interceptor.CommandContextInterceptor.execute(CommandContextInterceptor.java:57)
	at org.activiti.engine.impl.interceptor.LogInterceptor.execute(LogInterceptor.java:37)
	at org.activiti.engine.impl.cfg.CommandExecutorImpl.execute(CommandExecutorImpl.java:40)
	at org.activiti.engine.impl.cfg.CommandExecutorImpl.execute(CommandExecutorImpl.java:35)
	at org.activiti.engine.impl.AbstractQuery.list(AbstractQuery.java:138)
	at org.activiti.engine.impl.test.JobTestHelper.areJobsAvailable(JobTestHelper.java:194)
	at org.activiti.engine.impl.test.JobTestHelper.waitForJobExecutorToProcessAllJobs(JobTestHelper.java:74)
	at org.activiti.engine.impl.test.JobTestHelper.waitForJobExecutorToProcessAllJobs(JobTestHelper.java:47)
	at org.activiti.engine.impl.test.AbstractActivitiTestCase.waitForJobExecutorToProcessAllJobs(AbstractActivitiTestCase.java:204)
	at org.activiti.engine.test.jobexecutor.JobExecutorTest.testBasicJobExecutorOperation(JobExecutorTest.java:53)
	at sun.reflect.NativeMethodAccessorImpl.invoke0(Native Method)
	at sun.reflect.NativeMethodAccessorImpl.invoke(NativeMethodAccessorImpl.java:62)
	at sun.reflect.DelegatingMethodAccessorImpl.invoke(DelegatingMethodAccessorImpl.java:43)
	at java.lang.reflect.Method.invoke(Method.java:498)
	at junit.framework.TestCase.runTest(TestCase.java:176)
	at org.activiti.engine.impl.test.PvmTestCase.runTest(PvmTestCase.java:65)
	at junit.framework.TestCase.runBare(TestCase.java:141)
	at org.activiti.engine.impl.test.AbstractActivitiTestCase.runBare(AbstractActivitiTestCase.java:100)
	at junit.framework.TestResult$1.protect(TestResult.java:122)
	at junit.framework.TestResult.runProtected(TestResult.java:142)
	at junit.framework.TestResult.run(TestResult.java:125)
	at junit.framework.TestCase.run(TestCase.java:129)
	at junit.framework.TestSuite.runTest(TestSuite.java:255)
	at junit.framework.TestSuite.run(TestSuite.java:250)
	at org.junit.internal.runners.JUnit38ClassRunner.run(JUnit38ClassRunner.java:84)
	at org.apache.maven.surefire.junit4.JUnit4TestSet.execute(JUnit4TestSet.java:35)
	at org.apache.maven.surefire.junit4.JUnit4Provider.executeTestSet(JUnit4Provider.java:146)
	at org.apache.maven.surefire.junit4.JUnit4Provider.invoke(JUnit4Provider.java:97)
	at sun.reflect.NativeMethodAccessorImpl.invoke0(Native Method)
	at sun.reflect.NativeMethodAccessorImpl.invoke(NativeMethodAccessorImpl.java:62)
	at sun.reflect.DelegatingMethodAccessorImpl.invoke(DelegatingMethodAccessorImpl.java:43)
	at java.lang.reflect.Method.invoke(Method.java:498)
	at org.apache.maven.surefire.booter.ProviderFactory$ClassLoaderProxy.invoke(ProviderFactory.java:103)
	at com.sun.proxy.$Proxy0.invoke(Unknown Source)
	at org.apache.maven.surefire.booter.SurefireStarter.invokeProvider(SurefireStarter.java:145)
	at org.apache.maven.surefire.booter.SurefireStarter.runSuitesInProcess(SurefireStarter.java:87)
	at org.apache.maven.surefire.booter.ForkedBooter.main(ForkedBooter.java:69)
Caused by: org.h2.jdbc.JdbcSQLException: Syntax error in SQL statement &quot;SELECT RES.* 
     
    FROM ACT_RU_JOB RES
     
      
   
     ORDER BY  ORDER[*] BY RES.ID_ ASC  
    LIMIT ? OFFSET ? &quot;; expected &quot;=, NOT, EXISTS, INTERSECTS, SELECT, FROM&quot;; SQL statement:
select RES.* 
     
    from ACT_RU_JOB RES
     
      
   
     order by  order by RES.ID_ asc  
    LIMIT ? OFFSET ? [42001-176]
	at org.h2.message.DbException.getJdbcSQLException(DbException.java:344)
	at org.h2.message.DbException.getSyntaxError(DbException.java:204)
	at org.h2.command.Parser.getSyntaxError(Parser.java:524)
	at org.h2.command.Parser.readTerm(Parser.java:2688)
	at org.h2.command.Parser.readFactor(Parser.java:2244)
	at org.h2.command.Parser.readSum(Parser.java:2231)
	at org.h2.command.Parser.readConcat(Parser.java:2201)
	at org.h2.command.Parser.readCondition(Parser.java:2051)
	at org.h2.command.Parser.readAnd(Parser.java:2023)
	at org.h2.command.Parser.readExpression(Parser.java:2015)
	at org.h2.command.Parser.parseEndOfQuery(Parser.java:1726)
	at org.h2.command.Parser.parseSelectUnionExtension(Parser.java:1706)
	at org.h2.command.Parser.parseSelectUnion(Parser.java:1675)
	at org.h2.command.Parser.parseSelect(Parser.java:1662)
	at org.h2.command.Parser.parsePrepared(Parser.java:434)
	at org.h2.command.Parser.parse(Parser.java:306)
	at org.h2.command.Parser.parse(Parser.java:282)
	at org.h2.command.Parser.prepareCommand(Parser.java:243)
	at org.h2.engine.Session.prepareLocal(Session.java:442)
	at org.h2.engine.Session.prepareCommand(Session.java:384)
	at org.h2.jdbc.JdbcConnection.prepareCommand(JdbcConnection.java:1188)
	at org.h2.jdbc.JdbcPreparedStatement.&lt;init&gt;(JdbcPreparedStatement.java:73)
	at org.h2.jdbc.JdbcConnection.prepareStatement(JdbcConnection.java:276)
	at sun.reflect.GeneratedMethodAccessor6.invoke(Unknown Source)
	at sun.reflect.DelegatingMethodAccessorImpl.invoke(DelegatingMethodAccessorImpl.java:43)
	at java.lang.reflect.Method.invoke(Method.java:498)
	at org.apache.ibatis.datasource.pooled.PooledConnection.invoke(PooledConnection.java:245)
	at com.sun.proxy.$Proxy12.prepareStatement(Unknown Source)
	at sun.reflect.GeneratedMethodAccessor6.invoke(Unknown Source)
	at sun.reflect.DelegatingMethodAccessorImpl.invoke(DelegatingMethodAccessorImpl.java:43)
	at java.lang.reflect.Method.invoke(Method.java:498)
	at org.apache.ibatis.logging.jdbc.ConnectionLogger.invoke(ConnectionLogger.java:55)
	at com.sun.proxy.$Proxy12.prepareStatement(Unknown Source)
	at org.apache.ibatis.executor.statement.PreparedStatementHandler.instantiateStatement(PreparedStatementHandler.java:79)
	at org.apache.ibatis.executor.statement.BaseStatementHandler.prepare(BaseStatementHandler.java:88)
	at org.apache.ibatis.executor.statement.RoutingStatementHandler.prepare(RoutingStatementHandler.java:58)
	at org.apache.ibatis.executor.SimpleExecutor.prepareStatement(SimpleExecutor.java:76)
	at org.apache.ibatis.executor.SimpleExecutor.doQuery(SimpleExecutor.java:61)
	at org.apache.ibatis.executor.BaseExecutor.queryFromDatabase(BaseExecutor.java:303)
	at org.apache.ibatis.executor.BaseExecutor.query(BaseExecutor.java:154)
	at org.apache.ibatis.executor.CachingExecutor.query(CachingExecutor.java:102)
	at org.apache.ibatis.executor.CachingExecutor.query(CachingExecutor.java:82)
	at org.apache.ibatis.session.defaults.DefaultSqlSession.selectList(DefaultSqlSession.java:120)
	... 45 more
10:47:51,077 [main] DEBUG org.activiti.engine.impl.cfg.standalone.StandaloneMybatisTransactionContext  - firing event rolling back...
10:47:51,077 [main] DEBUG org.activiti.engine.impl.cfg.standalone.StandaloneMybatisTransactionContext  - rolling back ibatis sql session...
10:47:51,077 [main] DEBUG org.activiti.engine.impl.cfg.standalone.StandaloneMybatisTransactionContext  - firing event rolled back...
10:47:51,077 [main] DEBUG org.apache.ibatis.transaction.jdbc.JdbcTransaction  - Resetting autocommit to true on JDBC Connection [conn6: url=jdbc:h2:mem:activiti user=SA]
10:47:51,077 [main] DEBUG org.apache.ibatis.transaction.jdbc.JdbcTransaction  - Closing JDBC Connection [conn6: url=jdbc:h2:mem:activiti user=SA]
10:47:51,077 [main] DEBUG org.apache.ibatis.datasource.pooled.PooledDataSource  - Returned connection 486346394 to pool.
10:47:51,077 [main] DEBUG org.activiti.engine.impl.interceptor.LogInterceptor  - --- JobQueryImpl finished --------------------------------------------------------
10:47:51,077 [main] DEBUG org.activiti.engine.impl.interceptor.LogInterceptor  - 

10:47:51,092 [Thread-102] DEBUG org.activiti.engine.impl.asyncexecutor.AcquireTimerJobsRunnable  - timer job acquisition thread woke up
10:47:51,092 [Thread-106] DEBUG org.activiti.engine.impl.asyncexecutor.AcquireAsyncJobsDueRunnable  - async job acquisition thread woke up
10:47:51,092 [Thread-106] DEBUG org.activiti.engine.impl.interceptor.LogInterceptor  - 

10:47:51,092 [Thread-106] DEBUG org.activiti.engine.impl.interceptor.LogInterceptor  - --- starting AcquireAsyncJobsDueCmd --------------------------------------------------------
10:47:51,092 [Thread-105] DEBUG org.activiti.engine.impl.asyncexecutor.AcquireTimerJobsRunnable  - timer job acquisition thread woke up
10:47:51,092 [Thread-105] DEBUG org.activiti.engine.impl.interceptor.LogInterceptor  - 

10:47:51,092 [Thread-105] DEBUG org.activiti.engine.impl.interceptor.LogInterceptor  - --- starting AcquireTimerJobsCmd --------------------------------------------------------
10:47:51,092 [Thread-103] DEBUG org.activiti.engine.impl.asyncexecutor.AcquireAsyncJobsDueRunnable  - async job acquisition thread woke up
10:47:51,092 [Thread-103] DEBUG org.activiti.engine.impl.interceptor.LogInterceptor  - 

10:47:51,092 [Thread-103] DEBUG org.activiti.engine.impl.interceptor.LogInterceptor  - --- starting AcquireAsyncJobsDueCmd --------------------------------------------------------
10:47:51,092 [Thread-111] DEBUG org.activiti.engine.impl.asyncexecutor.AcquireTimerJobsRunnable  - timer job acquisition thread woke up
10:47:51,092 [Thread-111] DEBUG org.activiti.engine.impl.interceptor.LogInterceptor  - 

10:47:51,092 [Thread-111] DEBUG org.activiti.engine.impl.interceptor.LogInterceptor  - --- starting AcquireTimerJobsCmd --------------------------------------------------------
10:47:51,092 [Thread-103] DEBUG org.apache.ibatis.transaction.jdbc.JdbcTransaction  - Opening JDBC Connection
10:47:51,092 [Thread-103] DEBUG org.apache.ibatis.datasource.pooled.PooledDataSource  - Checked out connection 720039383 from pool.
10:47:51,092 [Thread-105] DEBUG org.apache.ibatis.transaction.jdbc.JdbcTransaction  - Opening JDBC Connection
10:47:51,092 [Thread-105] DEBUG org.apache.ibatis.datasource.pooled.PooledDataSource  - Checked out connection 1970103261 from pool.
10:47:51,092 [Thread-105] DEBUG org.apache.ibatis.transaction.jdbc.JdbcTransaction  - Setting autocommit to false on JDBC Connection [conn63: url=jdbc:h2:mem:activiti-AsyncExecutorTest user=SA]
10:47:51,092 [Thread-106] DEBUG org.apache.ibatis.transaction.jdbc.JdbcTransaction  - Opening JDBC Connection
10:47:51,092 [Thread-106] DEBUG org.apache.ibatis.datasource.pooled.PooledDataSource  - Checked out connection 54468349 from pool.
10:47:51,092 [Thread-106] DEBUG org.apache.ibatis.transaction.jdbc.JdbcTransaction  - Setting autocommit to false on JDBC Connection [conn64: url=jdbc:h2:mem:activiti-AsyncExecutorTest user=SA]
10:47:51,092 [Thread-102] DEBUG org.activiti.engine.impl.interceptor.LogInterceptor  - 

10:47:51,093 [Thread-102] DEBUG org.activiti.engine.impl.interceptor.LogInterceptor  - --- starting AcquireTimerJobsCmd --------------------------------------------------------
10:47:51,092 [Thread-106] DEBUG org.activiti.engine.impl.persistence.entity.JobEntity.selectAsyncJobsDueToExecute  - ==&gt;  Preparing: select RES.* from ACT_RU_JOB RES LEFT OUTER JOIN ACT_RU_EXECUTION PI ON PI.ID_ = RES.PROCESS_INSTANCE_ID_ where RES.RETRIES_ &gt; 0 and RES.DUEDATE_ is not null and RES.DUEDATE_ &lt;= ? and (RES.LOCK_EXP_TIME_ is null or RES.LOCK_EXP_TIME_ &lt;= ?) and TYPE_ = &apos;message&apos; and ( (RES.EXECUTION_ID_ is null) or (PI.SUSPENSION_STATE_ = 1) ) LIMIT ? OFFSET ? 
10:47:51,092 [Thread-105] DEBUG org.activiti.engine.impl.persistence.entity.JobEntity.selectNextTimerJobsToExecute  - ==&gt;  Preparing: select RES.* from ACT_RU_JOB RES LEFT OUTER JOIN ACT_RU_EXECUTION PI ON PI.ID_ = RES.PROCESS_INSTANCE_ID_ where (RES.RETRIES_ &gt; 0) and (RES.DUEDATE_ is null or RES.DUEDATE_ &lt;= ?) and (RES.LOCK_OWNER_ is null or RES.LOCK_EXP_TIME_ &lt;= ?) and TYPE_ = &apos;timer&apos; and ( (RES.EXECUTION_ID_ is null) or (PI.SUSPENSION_STATE_ = 1) ) LIMIT ? OFFSET ? 
10:47:51,092 [Thread-103] DEBUG org.apache.ibatis.transaction.jdbc.JdbcTransaction  - Setting autocommit to false on JDBC Connection [conn59: url=jdbc:h2:mem:activiti-AsyncExecutorTest user=SA]
10:47:51,092 [Thread-111] DEBUG org.apache.ibatis.transaction.jdbc.JdbcTransaction  - Opening JDBC Connection
10:47:51,093 [Thread-111] DEBUG org.apache.ibatis.datasource.pooled.PooledDataSource  - Checked out connection 604408605 from pool.
10:47:51,093 [Thread-111] DEBUG org.apache.ibatis.transaction.jdbc.JdbcTransaction  - Setting autocommit to false on JDBC Connection [conn70: url=jdbc:h2:mem:activiti-AsyncExecutorTest user=SA]
10:47:51,093 [Thread-103] DEBUG org.activiti.engine.impl.persistence.entity.JobEntity.selectAsyncJobsDueToExecute  - ==&gt;  Preparing: select RES.* from ACT_RU_JOB RES LEFT OUTER JOIN ACT_RU_EXECUTION PI ON PI.ID_ = RES.PROCESS_INSTANCE_ID_ where RES.RETRIES_ &gt; 0 and RES.DUEDATE_ is not null and RES.DUEDATE_ &lt;= ? and (RES.LOCK_EXP_TIME_ is null or RES.LOCK_EXP_TIME_ &lt;= ?) and TYPE_ = &apos;message&apos; and ( (RES.EXECUTION_ID_ is null) or (PI.SUSPENSION_STATE_ = 1) ) LIMIT ? OFFSET ? 
10:47:51,093 [Thread-105] DEBUG org.activiti.engine.impl.persistence.entity.JobEntity.selectNextTimerJobsToExecute  - ==&gt; Parameters: 2023-03-20 10:48:50.669(Timestamp), 2023-03-20 10:48:50.669(Timestamp), 1(Integer), 0(Integer)
10:47:51,093 [Thread-106] DEBUG org.activiti.engine.impl.persistence.entity.JobEntity.selectAsyncJobsDueToExecute  - ==&gt; Parameters: 2023-03-20 10:48:50.669(Timestamp), 2023-03-20 10:48:50.669(Timestamp), 1(Integer), 0(Integer)
10:47:51,093 [Thread-105] DEBUG org.activiti.engine.impl.persistence.entity.JobEntity.selectNextTimerJobsToExecute  - &lt;==      Total: 0
10:47:51,093 [Thread-102] DEBUG org.apache.ibatis.transaction.jdbc.JdbcTransaction  - Opening JDBC Connection
10:47:51,093 [Thread-102] DEBUG org.apache.ibatis.datasource.pooled.PooledDataSource  - Checked out connection 33534803 from pool.
10:47:51,093 [Thread-102] DEBUG org.apache.ibatis.transaction.jdbc.JdbcTransaction  - Setting autocommit to false on JDBC Connection [conn60: url=jdbc:h2:mem:activiti-AsyncExecutorTest user=SA]
10:47:51,093 [Thread-105] DEBUG org.activiti.engine.impl.db.DbSqlSession  - flush summary: 0 insert, 0 update, 0 delete.
10:47:51,093 [Thread-105] DEBUG org.activiti.engine.impl.db.DbSqlSession  - now executing flush...
10:47:51,093 [Thread-106] DEBUG org.activiti.engine.impl.persistence.entity.JobEntity.selectAsyncJobsDueToExecute  - &lt;==      Total: 0
10:47:51,093 [Thread-106] DEBUG org.activiti.engine.impl.db.DbSqlSession  - flush summary: 0 insert, 0 update, 0 delete.
10:47:51,093 [Thread-106] DEBUG org.activiti.engine.impl.db.DbSqlSession  - now executing flush...
10:47:51,093 [Thread-106] DEBUG org.activiti.engine.impl.cfg.standalone.StandaloneMybatisTransactionContext  - firing event committing...
10:47:51,093 [Thread-106] DEBUG org.activiti.engine.impl.cfg.standalone.StandaloneMybatisTransactionContext  - committing the ibatis sql session...
10:47:51,093 [Thread-106] DEBUG org.activiti.engine.impl.cfg.standalone.StandaloneMybatisTransactionContext  - firing event committed...
10:47:51,093 [Thread-106] DEBUG org.apache.ibatis.transaction.jdbc.JdbcTransaction  - Resetting autocommit to true on JDBC Connection [conn64: url=jdbc:h2:mem:activiti-AsyncExecutorTest user=SA]
10:47:51,093 [Thread-103] DEBUG org.activiti.engine.impl.persistence.entity.JobEntity.selectAsyncJobsDueToExecute  - ==&gt; Parameters: 2023-03-20 10:48:50.669(Timestamp), 2023-03-20 10:48:50.669(Timestamp), 1(Integer), 0(Integer)
10:47:51,093 [Thread-111] DEBUG org.activiti.engine.impl.persistence.entity.JobEntity.selectNextTimerJobsToExecute  - ==&gt;  Preparing: select RES.* from ACT_RU_JOB RES LEFT OUTER JOIN ACT_RU_EXECUTION PI ON PI.ID_ = RES.PROCESS_INSTANCE_ID_ where (RES.RETRIES_ &gt; 0) and (RES.DUEDATE_ is null or RES.DUEDATE_ &lt;= ?) and (RES.LOCK_OWNER_ is null or RES.LOCK_EXP_TIME_ &lt;= ?) and TYPE_ = &apos;timer&apos; and ( (RES.EXECUTION_ID_ is null) or (PI.SUSPENSION_STATE_ = 1) ) LIMIT ? OFFSET ? 
10:47:51,093 [Thread-103] DEBUG org.activiti.engine.impl.persistence.entity.JobEntity.selectAsyncJobsDueToExecute  - &lt;==      Total: 0
10:47:51,093 [Thread-103] DEBUG org.activiti.engine.impl.db.DbSqlSession  - flush summary: 0 insert, 0 update, 0 delete.
10:47:51,093 [Thread-103] DEBUG org.activiti.engine.impl.db.DbSqlSession  - now executing flush...
10:47:51,093 [Thread-103] DEBUG org.activiti.engine.impl.cfg.standalone.StandaloneMybatisTransactionContext  - firing event committing...
10:47:51,093 [Thread-103] DEBUG org.activiti.engine.impl.cfg.standalone.StandaloneMybatisTransactionContext  - committing the ibatis sql session...
10:47:51,093 [Thread-103] DEBUG org.activiti.engine.impl.cfg.standalone.StandaloneMybatisTransactionContext  - firing event committed...
10:47:51,093 [Thread-103] DEBUG org.apache.ibatis.transaction.jdbc.JdbcTransaction  - Resetting autocommit to true on JDBC Connection [conn59: url=jdbc:h2:mem:activiti-AsyncExecutorTest user=SA]
10:47:51,093 [Thread-103] DEBUG org.apache.ibatis.transaction.jdbc.JdbcTransaction  - Closing JDBC Connection [conn59: url=jdbc:h2:mem:activiti-AsyncExecutorTest user=SA]
10:47:51,093 [Thread-106] DEBUG org.apache.ibatis.transaction.jdbc.JdbcTransaction  - Closing JDBC Connection [conn64: url=jdbc:h2:mem:activiti-AsyncExecutorTest user=SA]
10:47:51,094 [Thread-106] DEBUG org.apache.ibatis.datasource.pooled.PooledDataSource  - Returned connection 54468349 to pool.
10:47:51,094 [Thread-106] DEBUG org.activiti.engine.impl.interceptor.LogInterceptor  - --- AcquireAsyncJobsDueCmd finished --------------------------------------------------------
10:47:51,094 [Thread-106] DEBUG org.activiti.engine.impl.interceptor.LogInterceptor  - 

10:47:51,093 [Thread-105] DEBUG org.activiti.engine.impl.cfg.standalone.StandaloneMybatisTransactionContext  - firing event committing...
10:47:51,094 [Thread-105] DEBUG org.activiti.engine.impl.cfg.standalone.StandaloneMybatisTransactionContext  - committing the ibatis sql session...
10:47:51,094 [Thread-105] DEBUG org.activiti.engine.impl.cfg.standalone.StandaloneMybatisTransactionContext  - firing event committed...
10:47:51,094 [Thread-105] DEBUG org.apache.ibatis.transaction.jdbc.JdbcTransaction  - Resetting autocommit to true on JDBC Connection [conn63: url=jdbc:h2:mem:activiti-AsyncExecutorTest user=SA]
10:47:51,094 [Thread-105] DEBUG org.apache.ibatis.transaction.jdbc.JdbcTransaction  - Closing JDBC Connection [conn63: url=jdbc:h2:mem:activiti-AsyncExecutorTest user=SA]
10:47:51,094 [Thread-105] DEBUG org.apache.ibatis.datasource.pooled.PooledDataSource  - Returned connection 1970103261 to pool.
10:47:51,094 [Thread-105] DEBUG org.activiti.engine.impl.interceptor.LogInterceptor  - --- AcquireTimerJobsCmd finished --------------------------------------------------------
10:47:51,094 [Thread-105] DEBUG org.activiti.engine.impl.interceptor.LogInterceptor  - 

10:47:51,094 [Thread-105] DEBUG org.activiti.engine.impl.asyncexecutor.AcquireTimerJobsRunnable  - timer job acquisition thread sleeping for 50 millis
10:47:51,093 [Thread-102] DEBUG org.activiti.engine.impl.persistence.entity.JobEntity.selectNextTimerJobsToExecute  - ==&gt;  Preparing: select RES.* from ACT_RU_JOB RES LEFT OUTER JOIN ACT_RU_EXECUTION PI ON PI.ID_ = RES.PROCESS_INSTANCE_ID_ where (RES.RETRIES_ &gt; 0) and (RES.DUEDATE_ is null or RES.DUEDATE_ &lt;= ?) and (RES.LOCK_OWNER_ is null or RES.LOCK_EXP_TIME_ &lt;= ?) and TYPE_ = &apos;timer&apos; and ( (RES.EXECUTION_ID_ is null) or (PI.SUSPENSION_STATE_ = 1) ) LIMIT ? OFFSET ? 
10:47:51,094 [Thread-106] DEBUG org.activiti.engine.impl.asyncexecutor.AcquireAsyncJobsDueRunnable  - async job acquisition thread sleeping for 50 millis
10:47:51,093 [Thread-103] DEBUG org.apache.ibatis.datasource.pooled.PooledDataSource  - Returned connection 720039383 to pool.
10:47:51,094 [Thread-103] DEBUG org.activiti.engine.impl.interceptor.LogInterceptor  - --- AcquireAsyncJobsDueCmd finished --------------------------------------------------------
10:47:51,094 [Thread-103] DEBUG org.activiti.engine.impl.interceptor.LogInterceptor  - 

10:47:51,094 [Thread-103] DEBUG org.activiti.engine.impl.asyncexecutor.AcquireAsyncJobsDueRunnable  - async job acquisition thread sleeping for 50 millis
10:47:51,093 [Thread-111] DEBUG org.activiti.engine.impl.persistence.entity.JobEntity.selectNextTimerJobsToExecute  - ==&gt; Parameters: 2023-03-20 10:48:50.669(Timestamp), 2023-03-20 10:48:50.669(Timestamp), 1(Integer), 0(Integer)
10:47:51,094 [Thread-102] DEBUG org.activiti.engine.impl.persistence.entity.JobEntity.selectNextTimerJobsToExecute  - ==&gt; Parameters: 2023-03-20 10:48:50.669(Timestamp), 2023-03-20 10:48:50.669(Timestamp), 1(Integer), 0(Integer)
10:47:51,094 [Thread-111] DEBUG org.activiti.engine.impl.persistence.entity.JobEntity.selectNextTimerJobsToExecute  - &lt;==      Total: 0
10:47:51,094 [Thread-102] DEBUG org.activiti.engine.impl.persistence.entity.JobEntity.selectNextTimerJobsToExecute  - &lt;==      Total: 0
10:47:51,094 [Thread-102] DEBUG org.activiti.engine.impl.db.DbSqlSession  - flush summary: 0 insert, 0 update, 0 delete.
10:47:51,094 [Thread-102] DEBUG org.activiti.engine.impl.db.DbSqlSession  - now executing flush...
10:47:51,094 [Thread-102] DEBUG org.activiti.engine.impl.cfg.standalone.StandaloneMybatisTransactionContext  - firing event committing...
10:47:51,094 [Thread-102] DEBUG org.activiti.engine.impl.cfg.standalone.StandaloneMybatisTransactionContext  - committing the ibatis sql session...
10:47:51,094 [Thread-102] DEBUG org.activiti.engine.impl.cfg.standalone.StandaloneMybatisTransactionContext  - firing event committed...
10:47:51,094 [Thread-102] DEBUG org.apache.ibatis.transaction.jdbc.JdbcTransaction  - Resetting autocommit to true on JDBC Connection [conn60: url=jdbc:h2:mem:activiti-AsyncExecutorTest user=SA]
10:47:51,094 [Thread-102] DEBUG org.apache.ibatis.transaction.jdbc.JdbcTransaction  - Closing JDBC Connection [conn60: url=jdbc:h2:mem:activiti-AsyncExecutorTest user=SA]
10:47:51,094 [Thread-102] DEBUG org.apache.ibatis.datasource.pooled.PooledDataSource  - Returned connection 33534803 to pool.
10:47:51,094 [Thread-102] DEBUG org.activiti.engine.impl.interceptor.LogInterceptor  - --- AcquireTimerJobsCmd finished --------------------------------------------------------
10:47:51,094 [Thread-102] DEBUG org.activiti.engine.impl.interceptor.LogInterceptor  - 

10:47:51,094 [Thread-102] DEBUG org.activiti.engine.impl.asyncexecutor.AcquireTimerJobsRunnable  - timer job acquisition thread sleeping for 50 millis
10:47:51,094 [Thread-111] DEBUG org.activiti.engine.impl.db.DbSqlSession  - flush summary: 0 insert, 0 update, 0 delete.
10:47:51,094 [Thread-111] DEBUG org.activiti.engine.impl.db.DbSqlSession  - now executing flush...
10:47:51,094 [Thread-111] DEBUG org.activiti.engine.impl.cfg.standalone.StandaloneMybatisTransactionContext  - firing event committing...
10:47:51,094 [Thread-111] DEBUG org.activiti.engine.impl.cfg.standalone.StandaloneMybatisTransactionContext  - committing the ibatis sql session...
10:47:51,094 [Thread-111] DEBUG org.activiti.engine.impl.cfg.standalone.StandaloneMybatisTransactionContext  - firing event committed...
10:47:51,094 [Thread-111] DEBUG org.apache.ibatis.transaction.jdbc.JdbcTransaction  - Resetting autocommit to true on JDBC Connection [conn70: url=jdbc:h2:mem:activiti-AsyncExecutorTest user=SA]
10:47:51,094 [Thread-111] DEBUG org.apache.ibatis.transaction.jdbc.JdbcTransaction  - Closing JDBC Connection [conn70: url=jdbc:h2:mem:activiti-AsyncExecutorTest user=SA]
10:47:51,094 [Thread-111] DEBUG org.apache.ibatis.datasource.pooled.PooledDataSource  - Returned connection 604408605 to pool.
10:47:51,095 [Thread-111] DEBUG org.activiti.engine.impl.interceptor.LogInterceptor  - --- AcquireTimerJobsCmd finished --------------------------------------------------------
10:47:51,095 [Thread-111] DEBUG org.activiti.engine.impl.interceptor.LogInterceptor  - 

10:47:51,095 [Thread-111] DEBUG org.activiti.engine.impl.asyncexecutor.AcquireTimerJobsRunnable  - timer job acquisition thread sleeping for 50 millis
10:47:51,140 [Thread-112] DEBUG org.activiti.engine.impl.asyncexecutor.AcquireAsyncJobsDueRunnable  - async job acquisition thread woke up
10:47:51,140 [Thread-112] DEBUG org.activiti.engine.impl.interceptor.LogInterceptor  - 

10:47:51,140 [Thread-112] DEBUG org.activiti.engine.impl.interceptor.LogInterceptor  - --- starting AcquireAsyncJobsDueCmd --------------------------------------------------------
10:47:51,140 [Thread-112] DEBUG org.apache.ibatis.transaction.jdbc.JdbcTransaction  - Opening JDBC Connection
10:47:51,140 [Thread-112] DEBUG org.apache.ibatis.datasource.pooled.PooledDataSource  - Checked out connection 58501658 from pool.
10:47:51,140 [Thread-112] DEBUG org.apache.ibatis.transaction.jdbc.JdbcTransaction  - Setting autocommit to false on JDBC Connection [conn68: url=jdbc:h2:mem:activiti-AsyncExecutorTest user=SA]
10:47:51,140 [Thread-112] DEBUG org.activiti.engine.impl.persistence.entity.JobEntity.selectAsyncJobsDueToExecute  - ==&gt;  Preparing: select RES.* from ACT_RU_JOB RES LEFT OUTER JOIN ACT_RU_EXECUTION PI ON PI.ID_ = RES.PROCESS_INSTANCE_ID_ where RES.RETRIES_ &gt; 0 and RES.DUEDATE_ is not null and RES.DUEDATE_ &lt;= ? and (RES.LOCK_EXP_TIME_ is null or RES.LOCK_EXP_TIME_ &lt;= ?) and TYPE_ = &apos;message&apos; and ( (RES.EXECUTION_ID_ is null) or (PI.SUSPENSION_STATE_ = 1) ) LIMIT ? OFFSET ? 
10:47:51,140 [Thread-112] DEBUG org.activiti.engine.impl.persistence.entity.JobEntity.selectAsyncJobsDueToExecute  - ==&gt; Parameters: 2023-03-20 10:48:50.669(Timestamp), 2023-03-20 10:48:50.669(Timestamp), 1(Integer), 0(Integer)
10:47:51,140 [Thread-112] DEBUG org.activiti.engine.impl.persistence.entity.JobEntity.selectAsyncJobsDueToExecute  - &lt;==      Total: 0
10:47:51,140 [Thread-112] DEBUG org.activiti.engine.impl.db.DbSqlSession  - flush summary: 0 insert, 0 update, 0 delete.
10:47:51,140 [Thread-112] DEBUG org.activiti.engine.impl.db.DbSqlSession  - now executing flush...
10:47:51,140 [Thread-112] DEBUG org.activiti.engine.impl.cfg.standalone.StandaloneMybatisTransactionContext  - firing event committing...
10:47:51,140 [Thread-112] DEBUG org.activiti.engine.impl.cfg.standalone.StandaloneMybatisTransactionContext  - committing the ibatis sql session...
10:47:51,140 [Thread-112] DEBUG org.activiti.engine.impl.cfg.standalone.StandaloneMybatisTransactionContext  - firing event committed...
10:47:51,140 [Thread-112] DEBUG org.apache.ibatis.transaction.jdbc.JdbcTransaction  - Resetting autocommit to true on JDBC Connection [conn68: url=jdbc:h2:mem:activiti-AsyncExecutorTest user=SA]
10:47:51,140 [Thread-112] DEBUG org.apache.ibatis.transaction.jdbc.JdbcTransaction  - Closing JDBC Connection [conn68: url=jdbc:h2:mem:activiti-AsyncExecutorTest user=SA]
10:47:51,140 [Thread-112] DEBUG org.apache.ibatis.datasource.pooled.PooledDataSource  - Returned connection 58501658 to pool.
10:47:51,141 [Thread-112] DEBUG org.activiti.engine.impl.interceptor.LogInterceptor  - --- AcquireAsyncJobsDueCmd finished --------------------------------------------------------
10:47:51,141 [Thread-112] DEBUG org.activiti.engine.impl.interceptor.LogInterceptor  - 

10:47:51,141 [Thread-112] DEBUG org.activiti.engine.impl.asyncexecutor.AcquireAsyncJobsDueRunnable  - async job acquisition thread sleeping for 50 millis
10:47:51,156 [Thread-106] DEBUG org.activiti.engine.impl.asyncexecutor.AcquireAsyncJobsDueRunnable  - async job acquisition thread woke up
10:47:51,156 [Thread-106] DEBUG org.activiti.engine.impl.interceptor.LogInterceptor  - 

10:47:51,156 [Thread-106] DEBUG org.activiti.engine.impl.interceptor.LogInterceptor  - --- starting AcquireAsyncJobsDueCmd --------------------------------------------------------
10:47:51,156 [Thread-105] DEBUG org.activiti.engine.impl.asyncexecutor.AcquireTimerJobsRunnable  - timer job acquisition thread woke up
10:47:51,156 [Thread-105] DEBUG org.activiti.engine.impl.interceptor.LogInterceptor  - 

10:47:51,156 [Thread-105] DEBUG org.activiti.engine.impl.interceptor.LogInterceptor  - --- starting AcquireTimerJobsCmd --------------------------------------------------------
10:47:51,156 [Thread-111] DEBUG org.activiti.engine.impl.asyncexecutor.AcquireTimerJobsRunnable  - timer job acquisition thread woke up
10:47:51,156 [Thread-111] DEBUG org.activiti.engine.impl.interceptor.LogInterceptor  - 

10:47:51,156 [Thread-111] DEBUG org.activiti.engine.impl.interceptor.LogInterceptor  - --- starting AcquireTimerJobsCmd --------------------------------------------------------
10:47:51,156 [Thread-103] DEBUG org.activiti.engine.impl.asyncexecutor.AcquireAsyncJobsDueRunnable  - async job acquisition thread woke up
10:47:51,156 [Thread-103] DEBUG org.activiti.engine.impl.interceptor.LogInterceptor  - 

10:47:51,156 [Thread-103] DEBUG org.activiti.engine.impl.interceptor.LogInterceptor  - --- starting AcquireAsyncJobsDueCmd --------------------------------------------------------
10:47:51,156 [Thread-102] DEBUG org.activiti.engine.impl.asyncexecutor.AcquireTimerJobsRunnable  - timer job acquisition thread woke up
10:47:51,156 [Thread-102] DEBUG org.activiti.engine.impl.interceptor.LogInterceptor  - 

10:47:51,156 [Thread-102] DEBUG org.activiti.engine.impl.interceptor.LogInterceptor  - --- starting AcquireTimerJobsCmd --------------------------------------------------------
10:47:51,156 [Thread-103] DEBUG org.apache.ibatis.transaction.jdbc.JdbcTransaction  - Opening JDBC Connection
10:47:51,156 [Thread-111] DEBUG org.apache.ibatis.transaction.jdbc.JdbcTransaction  - Opening JDBC Connection
10:47:51,156 [Thread-111] DEBUG org.apache.ibatis.datasource.pooled.PooledDataSource  - Checked out connection 1863805930 from pool.
10:47:51,156 [Thread-105] DEBUG org.apache.ibatis.transaction.jdbc.JdbcTransaction  - Opening JDBC Connection
10:47:51,156 [Thread-105] DEBUG org.apache.ibatis.datasource.pooled.PooledDataSource  - Checked out connection 996762054 from pool.
10:47:51,156 [Thread-105] DEBUG org.apache.ibatis.transaction.jdbc.JdbcTransaction  - Setting autocommit to false on JDBC Connection [conn65: url=jdbc:h2:mem:activiti-AsyncExecutorTest user=SA]
10:47:51,156 [Thread-106] DEBUG org.apache.ibatis.transaction.jdbc.JdbcTransaction  - Opening JDBC Connection
10:47:51,156 [Thread-106] DEBUG org.apache.ibatis.datasource.pooled.PooledDataSource  - Checked out connection 54468349 from pool.
10:47:51,156 [Thread-105] DEBUG org.activiti.engine.impl.persistence.entity.JobEntity.selectNextTimerJobsToExecute  - ==&gt;  Preparing: select RES.* from ACT_RU_JOB RES LEFT OUTER JOIN ACT_RU_EXECUTION PI ON PI.ID_ = RES.PROCESS_INSTANCE_ID_ where (RES.RETRIES_ &gt; 0) and (RES.DUEDATE_ is null or RES.DUEDATE_ &lt;= ?) and (RES.LOCK_OWNER_ is null or RES.LOCK_EXP_TIME_ &lt;= ?) and TYPE_ = &apos;timer&apos; and ( (RES.EXECUTION_ID_ is null) or (PI.SUSPENSION_STATE_ = 1) ) LIMIT ? OFFSET ? 
10:47:51,156 [Thread-111] DEBUG org.apache.ibatis.transaction.jdbc.JdbcTransaction  - Setting autocommit to false on JDBC Connection [conn69: url=jdbc:h2:mem:activiti-AsyncExecutorTest user=SA]
10:47:51,156 [Thread-103] DEBUG org.apache.ibatis.datasource.pooled.PooledDataSource  - Checked out connection 157985567 from pool.
10:47:51,156 [Thread-103] DEBUG org.apache.ibatis.transaction.jdbc.JdbcTransaction  - Setting autocommit to false on JDBC Connection [conn61: url=jdbc:h2:mem:activiti-AsyncExecutorTest user=SA]
10:47:51,156 [Thread-102] DEBUG org.apache.ibatis.transaction.jdbc.JdbcTransaction  - Opening JDBC Connection
10:47:51,156 [Thread-102] DEBUG org.apache.ibatis.datasource.pooled.PooledDataSource  - Checked out connection 720039383 from pool.
10:47:51,156 [Thread-102] DEBUG org.apache.ibatis.transaction.jdbc.JdbcTransaction  - Setting autocommit to false on JDBC Connection [conn59: url=jdbc:h2:mem:activiti-AsyncExecutorTest user=SA]
10:47:51,156 [Thread-103] DEBUG org.activiti.engine.impl.persistence.entity.JobEntity.selectAsyncJobsDueToExecute  - ==&gt;  Preparing: select RES.* from ACT_RU_JOB RES LEFT OUTER JOIN ACT_RU_EXECUTION PI ON PI.ID_ = RES.PROCESS_INSTANCE_ID_ where RES.RETRIES_ &gt; 0 and RES.DUEDATE_ is not null and RES.DUEDATE_ &lt;= ? and (RES.LOCK_EXP_TIME_ is null or RES.LOCK_EXP_TIME_ &lt;= ?) and TYPE_ = &apos;message&apos; and ( (RES.EXECUTION_ID_ is null) or (PI.SUSPENSION_STATE_ = 1) ) LIMIT ? OFFSET ? 
10:47:51,156 [Thread-111] DEBUG org.activiti.engine.impl.persistence.entity.JobEntity.selectNextTimerJobsToExecute  - ==&gt;  Preparing: select RES.* from ACT_RU_JOB RES LEFT OUTER JOIN ACT_RU_EXECUTION PI ON PI.ID_ = RES.PROCESS_INSTANCE_ID_ where (RES.RETRIES_ &gt; 0) and (RES.DUEDATE_ is null or RES.DUEDATE_ &lt;= ?) and (RES.LOCK_OWNER_ is null or RES.LOCK_EXP_TIME_ &lt;= ?) and TYPE_ = &apos;timer&apos; and ( (RES.EXECUTION_ID_ is null) or (PI.SUSPENSION_STATE_ = 1) ) LIMIT ? OFFSET ? 
10:47:51,156 [Thread-105] DEBUG org.activiti.engine.impl.persistence.entity.JobEntity.selectNextTimerJobsToExecute  - ==&gt; Parameters: 2023-03-20 10:48:50.669(Timestamp), 2023-03-20 10:48:50.669(Timestamp), 1(Integer), 0(Integer)
10:47:51,156 [Thread-106] DEBUG org.apache.ibatis.transaction.jdbc.JdbcTransaction  - Setting autocommit to false on JDBC Connection [conn64: url=jdbc:h2:mem:activiti-AsyncExecutorTest user=SA]
10:47:51,156 [Thread-105] DEBUG org.activiti.engine.impl.persistence.entity.JobEntity.selectNextTimerJobsToExecute  - &lt;==      Total: 0
10:47:51,156 [Thread-111] DEBUG org.activiti.engine.impl.persistence.entity.JobEntity.selectNextTimerJobsToExecute  - ==&gt; Parameters: 2023-03-20 10:48:50.669(Timestamp), 2023-03-20 10:48:50.669(Timestamp), 1(Integer), 0(Integer)
10:47:51,156 [Thread-103] DEBUG org.activiti.engine.impl.persistence.entity.JobEntity.selectAsyncJobsDueToExecute  - ==&gt; Parameters: 2023-03-20 10:48:50.669(Timestamp), 2023-03-20 10:48:50.669(Timestamp), 1(Integer), 0(Integer)
10:47:51,156 [Thread-102] DEBUG org.activiti.engine.impl.persistence.entity.JobEntity.selectNextTimerJobsToExecute  - ==&gt;  Preparing: select RES.* from ACT_RU_JOB RES LEFT OUTER JOIN ACT_RU_EXECUTION PI ON PI.ID_ = RES.PROCESS_INSTANCE_ID_ where (RES.RETRIES_ &gt; 0) and (RES.DUEDATE_ is null or RES.DUEDATE_ &lt;= ?) and (RES.LOCK_OWNER_ is null or RES.LOCK_EXP_TIME_ &lt;= ?) and TYPE_ = &apos;timer&apos; and ( (RES.EXECUTION_ID_ is null) or (PI.SUSPENSION_STATE_ = 1) ) LIMIT ? OFFSET ? 
10:47:51,156 [Thread-103] DEBUG org.activiti.engine.impl.persistence.entity.JobEntity.selectAsyncJobsDueToExecute  - &lt;==      Total: 0
10:47:51,156 [Thread-103] DEBUG org.activiti.engine.impl.db.DbSqlSession  - flush summary: 0 insert, 0 update, 0 delete.
10:47:51,156 [Thread-103] DEBUG org.activiti.engine.impl.db.DbSqlSession  - now executing flush...
10:47:51,156 [Thread-103] DEBUG org.activiti.engine.impl.cfg.standalone.StandaloneMybatisTransactionContext  - firing event committing...
10:47:51,156 [Thread-103] DEBUG org.activiti.engine.impl.cfg.standalone.StandaloneMybatisTransactionContext  - committing the ibatis sql session...
10:47:51,156 [Thread-103] DEBUG org.activiti.engine.impl.cfg.standalone.StandaloneMybatisTransactionContext  - firing event committed...
10:47:51,156 [Thread-103] DEBUG org.apache.ibatis.transaction.jdbc.JdbcTransaction  - Resetting autocommit to true on JDBC Connection [conn61: url=jdbc:h2:mem:activiti-AsyncExecutorTest user=SA]
10:47:51,156 [Thread-111] DEBUG org.activiti.engine.impl.persistence.entity.JobEntity.selectNextTimerJobsToExecute  - &lt;==      Total: 0
10:47:51,156 [Thread-111] DEBUG org.activiti.engine.impl.db.DbSqlSession  - flush summary: 0 insert, 0 update, 0 delete.
10:47:51,156 [Thread-111] DEBUG org.activiti.engine.impl.db.DbSqlSession  - now executing flush...
10:47:51,156 [Thread-111] DEBUG org.activiti.engine.impl.cfg.standalone.StandaloneMybatisTransactionContext  - firing event committing...
10:47:51,156 [Thread-111] DEBUG org.activiti.engine.impl.cfg.standalone.StandaloneMybatisTransactionContext  - committing the ibatis sql session...
10:47:51,156 [Thread-111] DEBUG org.activiti.engine.impl.cfg.standalone.StandaloneMybatisTransactionContext  - firing event committed...
10:47:51,156 [Thread-111] DEBUG org.apache.ibatis.transaction.jdbc.JdbcTransaction  - Resetting autocommit to true on JDBC Connection [conn69: url=jdbc:h2:mem:activiti-AsyncExecutorTest user=SA]
10:47:51,156 [Thread-111] DEBUG org.apache.ibatis.transaction.jdbc.JdbcTransaction  - Closing JDBC Connection [conn69: url=jdbc:h2:mem:activiti-AsyncExecutorTest user=SA]
10:47:51,156 [Thread-105] DEBUG org.activiti.engine.impl.db.DbSqlSession  - flush summary: 0 insert, 0 update, 0 delete.
10:47:51,156 [Thread-105] DEBUG org.activiti.engine.impl.db.DbSqlSession  - now executing flush...
10:47:51,156 [Thread-105] DEBUG org.activiti.engine.impl.cfg.standalone.StandaloneMybatisTransactionContext  - firing event committing...
10:47:51,157 [Thread-105] DEBUG org.activiti.engine.impl.cfg.standalone.StandaloneMybatisTransactionContext  - committing the ibatis sql session...
10:47:51,157 [Thread-105] DEBUG org.activiti.engine.impl.cfg.standalone.StandaloneMybatisTransactionContext  - firing event committed...
10:47:51,157 [Thread-105] DEBUG org.apache.ibatis.transaction.jdbc.JdbcTransaction  - Resetting autocommit to true on JDBC Connection [conn65: url=jdbc:h2:mem:activiti-AsyncExecutorTest user=SA]
10:47:51,157 [Thread-105] DEBUG org.apache.ibatis.transaction.jdbc.JdbcTransaction  - Closing JDBC Connection [conn65: url=jdbc:h2:mem:activiti-AsyncExecutorTest user=SA]
10:47:51,156 [Thread-106] DEBUG org.activiti.engine.impl.persistence.entity.JobEntity.selectAsyncJobsDueToExecute  - ==&gt;  Preparing: select RES.* from ACT_RU_JOB RES LEFT OUTER JOIN ACT_RU_EXECUTION PI ON PI.ID_ = RES.PROCESS_INSTANCE_ID_ where RES.RETRIES_ &gt; 0 and RES.DUEDATE_ is not null and RES.DUEDATE_ &lt;= ? and (RES.LOCK_EXP_TIME_ is null or RES.LOCK_EXP_TIME_ &lt;= ?) and TYPE_ = &apos;message&apos; and ( (RES.EXECUTION_ID_ is null) or (PI.SUSPENSION_STATE_ = 1) ) LIMIT ? OFFSET ? 
10:47:51,157 [Thread-105] DEBUG org.apache.ibatis.datasource.pooled.PooledDataSource  - Returned connection 996762054 to pool.
10:47:51,157 [Thread-105] DEBUG org.activiti.engine.impl.interceptor.LogInterceptor  - --- AcquireTimerJobsCmd finished --------------------------------------------------------
10:47:51,157 [Thread-105] DEBUG org.activiti.engine.impl.interceptor.LogInterceptor  - 

10:47:51,156 [Thread-111] DEBUG org.apache.ibatis.datasource.pooled.PooledDataSource  - Returned connection 1863805930 to pool.
10:47:51,157 [Thread-111] DEBUG org.activiti.engine.impl.interceptor.LogInterceptor  - --- AcquireTimerJobsCmd finished --------------------------------------------------------
10:47:51,157 [Thread-111] DEBUG org.activiti.engine.impl.interceptor.LogInterceptor  - 

10:47:51,157 [Thread-111] DEBUG org.activiti.engine.impl.asyncexecutor.AcquireTimerJobsRunnable  - timer job acquisition thread sleeping for 50 millis
10:47:51,156 [Thread-103] DEBUG org.apache.ibatis.transaction.jdbc.JdbcTransaction  - Closing JDBC Connection [conn61: url=jdbc:h2:mem:activiti-AsyncExecutorTest user=SA]
10:47:51,157 [Thread-103] DEBUG org.apache.ibatis.datasource.pooled.PooledDataSource  - Returned connection 157985567 to pool.
10:47:51,157 [Thread-103] DEBUG org.activiti.engine.impl.interceptor.LogInterceptor  - --- AcquireAsyncJobsDueCmd finished --------------------------------------------------------
10:47:51,157 [Thread-103] DEBUG org.activiti.engine.impl.interceptor.LogInterceptor  - 

10:47:51,157 [Thread-103] DEBUG org.activiti.engine.impl.asyncexecutor.AcquireAsyncJobsDueRunnable  - async job acquisition thread sleeping for 50 millis
10:47:51,156 [Thread-102] DEBUG org.activiti.engine.impl.persistence.entity.JobEntity.selectNextTimerJobsToExecute  - ==&gt; Parameters: 2023-03-20 10:48:50.669(Timestamp), 2023-03-20 10:48:50.669(Timestamp), 1(Integer), 0(Integer)
10:47:51,157 [Thread-105] DEBUG org.activiti.engine.impl.asyncexecutor.AcquireTimerJobsRunnable  - timer job acquisition thread sleeping for 50 millis
10:47:51,157 [Thread-106] DEBUG org.activiti.engine.impl.persistence.entity.JobEntity.selectAsyncJobsDueToExecute  - ==&gt; Parameters: 2023-03-20 10:48:50.669(Timestamp), 2023-03-20 10:48:50.669(Timestamp), 1(Integer), 0(Integer)
10:47:51,157 [Thread-102] DEBUG org.activiti.engine.impl.persistence.entity.JobEntity.selectNextTimerJobsToExecute  - &lt;==      Total: 0
10:47:51,157 [Thread-102] DEBUG org.activiti.engine.impl.db.DbSqlSession  - flush summary: 0 insert, 0 update, 0 delete.
10:47:51,157 [Thread-102] DEBUG org.activiti.engine.impl.db.DbSqlSession  - now executing flush...
10:47:51,157 [Thread-102] DEBUG org.activiti.engine.impl.cfg.standalone.StandaloneMybatisTransactionContext  - firing event committing...
10:47:51,157 [Thread-102] DEBUG org.activiti.engine.impl.cfg.standalone.StandaloneMybatisTransactionContext  - committing the ibatis sql session...
10:47:51,157 [Thread-102] DEBUG org.activiti.engine.impl.cfg.standalone.StandaloneMybatisTransactionContext  - firing event committed...
10:47:51,157 [Thread-102] DEBUG org.apache.ibatis.transaction.jdbc.JdbcTransaction  - Resetting autocommit to true on JDBC Connection [conn59: url=jdbc:h2:mem:activiti-AsyncExecutorTest user=SA]
10:47:51,157 [Thread-102] DEBUG org.apache.ibatis.transaction.jdbc.JdbcTransaction  - Closing JDBC Connection [conn59: url=jdbc:h2:mem:activiti-AsyncExecutorTest user=SA]
10:47:51,157 [Thread-102] DEBUG org.apache.ibatis.datasource.pooled.PooledDataSource  - Returned connection 720039383 to pool.
10:47:51,157 [Thread-102] DEBUG org.activiti.engine.impl.interceptor.LogInterceptor  - --- AcquireTimerJobsCmd finished --------------------------------------------------------
10:47:51,157 [Thread-102] DEBUG org.activiti.engine.impl.interceptor.LogInterceptor  - 

10:47:51,157 [Thread-102] DEBUG org.activiti.engine.impl.asyncexecutor.AcquireTimerJobsRunnable  - timer job acquisition thread sleeping for 50 millis
10:47:51,157 [Thread-106] DEBUG org.activiti.engine.impl.persistence.entity.JobEntity.selectAsyncJobsDueToExecute  - &lt;==      Total: 0
10:47:51,157 [Thread-106] DEBUG org.activiti.engine.impl.db.DbSqlSession  - flush summary: 0 insert, 0 update, 0 delete.
10:47:51,157 [Thread-106] DEBUG org.activiti.engine.impl.db.DbSqlSession  - now executing flush...
10:47:51,157 [Thread-106] DEBUG org.activiti.engine.impl.cfg.standalone.StandaloneMybatisTransactionContext  - firing event committing...
10:47:51,157 [Thread-106] DEBUG org.activiti.engine.impl.cfg.standalone.StandaloneMybatisTransactionContext  - committing the ibatis sql session...
10:47:51,157 [Thread-106] DEBUG org.activiti.engine.impl.cfg.standalone.StandaloneMybatisTransactionContext  - firing event committed...
10:47:51,157 [Thread-106] DEBUG org.apache.ibatis.transaction.jdbc.JdbcTransaction  - Resetting autocommit to true on JDBC Connection [conn64: url=jdbc:h2:mem:activiti-AsyncExecutorTest user=SA]
10:47:51,157 [Thread-106] DEBUG org.apache.ibatis.transaction.jdbc.JdbcTransaction  - Closing JDBC Connection [conn64: url=jdbc:h2:mem:activiti-AsyncExecutorTest user=SA]
10:47:51,158 [Thread-106] DEBUG org.apache.ibatis.datasource.pooled.PooledDataSource  - Returned connection 54468349 to pool.
10:47:51,158 [Thread-106] DEBUG org.activiti.engine.impl.interceptor.LogInterceptor  - --- AcquireAsyncJobsDueCmd finished --------------------------------------------------------
10:47:51,158 [Thread-106] DEBUG org.activiti.engine.impl.interceptor.LogInterceptor  - 

10:47:51,158 [Thread-106] DEBUG org.activiti.engine.impl.asyncexecutor.AcquireAsyncJobsDueRunnable  - async job acquisition thread sleeping for 50 millis
10:47:51,203 [Thread-112] DEBUG org.activiti.engine.impl.asyncexecutor.AcquireAsyncJobsDueRunnable  - async job acquisition thread woke up
10:47:51,203 [Thread-112] DEBUG org.activiti.engine.impl.interceptor.LogInterceptor  - 

10:47:51,203 [Thread-112] DEBUG org.activiti.engine.impl.interceptor.LogInterceptor  - --- starting AcquireAsyncJobsDueCmd --------------------------------------------------------
10:47:51,203 [Thread-112] DEBUG org.apache.ibatis.transaction.jdbc.JdbcTransaction  - Opening JDBC Connection
10:47:51,203 [Thread-112] DEBUG org.apache.ibatis.datasource.pooled.PooledDataSource  - Checked out connection 604408605 from pool.
10:47:51,203 [Thread-112] DEBUG org.apache.ibatis.transaction.jdbc.JdbcTransaction  - Setting autocommit to false on JDBC Connection [conn70: url=jdbc:h2:mem:activiti-AsyncExecutorTest user=SA]
10:47:51,203 [Thread-112] DEBUG org.activiti.engine.impl.persistence.entity.JobEntity.selectAsyncJobsDueToExecute  - ==&gt;  Preparing: select RES.* from ACT_RU_JOB RES LEFT OUTER JOIN ACT_RU_EXECUTION PI ON PI.ID_ = RES.PROCESS_INSTANCE_ID_ where RES.RETRIES_ &gt; 0 and RES.DUEDATE_ is not null and RES.DUEDATE_ &lt;= ? and (RES.LOCK_EXP_TIME_ is null or RES.LOCK_EXP_TIME_ &lt;= ?) and TYPE_ = &apos;message&apos; and ( (RES.EXECUTION_ID_ is null) or (PI.SUSPENSION_STATE_ = 1) ) LIMIT ? OFFSET ? 
10:47:51,203 [Thread-112] DEBUG org.activiti.engine.impl.persistence.entity.JobEntity.selectAsyncJobsDueToExecute  - ==&gt; Parameters: 2023-03-20 10:48:50.669(Timestamp), 2023-03-20 10:48:50.669(Timestamp), 1(Integer), 0(Integer)
10:47:51,203 [Thread-112] DEBUG org.activiti.engine.impl.persistence.entity.JobEntity.selectAsyncJobsDueToExecute  - &lt;==      Total: 0
10:47:51,203 [Thread-112] DEBUG org.activiti.engine.impl.db.DbSqlSession  - flush summary: 0 insert, 0 update, 0 delete.
10:47:51,203 [Thread-112] DEBUG org.activiti.engine.impl.db.DbSqlSession  - now executing flush...
10:47:51,203 [Thread-112] DEBUG org.activiti.engine.impl.cfg.standalone.StandaloneMybatisTransactionContext  - firing event committing...
10:47:51,203 [Thread-112] DEBUG org.activiti.engine.impl.cfg.standalone.StandaloneMybatisTransactionContext  - committing the ibatis sql session...
10:47:51,203 [Thread-112] DEBUG org.activiti.engine.impl.cfg.standalone.StandaloneMybatisTransactionContext  - firing event committed...
10:47:51,203 [Thread-112] DEBUG org.apache.ibatis.transaction.jdbc.JdbcTransaction  - Resetting autocommit to true on JDBC Connection [conn70: url=jdbc:h2:mem:activiti-AsyncExecutorTest user=SA]
10:47:51,203 [Thread-112] DEBUG org.apache.ibatis.transaction.jdbc.JdbcTransaction  - Closing JDBC Connection [conn70: url=jdbc:h2:mem:activiti-AsyncExecutorTest user=SA]
10:47:51,203 [Thread-112] DEBUG org.apache.ibatis.datasource.pooled.PooledDataSource  - Returned connection 604408605 to pool.
10:47:51,203 [Thread-112] DEBUG org.activiti.engine.impl.interceptor.LogInterceptor  - --- AcquireAsyncJobsDueCmd finished --------------------------------------------------------
10:47:51,203 [Thread-112] DEBUG org.activiti.engine.impl.interceptor.LogInterceptor  - 

10:47:51,203 [Thread-112] DEBUG org.activiti.engine.impl.asyncexecutor.AcquireAsyncJobsDueRunnable  - async job acquisition thread sleeping for 50 millis
10:47:51,218 [Thread-102] DEBUG org.activiti.engine.impl.asyncexecutor.AcquireTimerJobsRunnable  - timer job acquisition thread woke up
10:47:51,218 [Thread-111] DEBUG org.activiti.engine.impl.asyncexecutor.AcquireTimerJobsRunnable  - timer job acquisition thread woke up
10:47:51,218 [Thread-103] DEBUG org.activiti.engine.impl.asyncexecutor.AcquireAsyncJobsDueRunnable  - async job acquisition thread woke up
10:47:51,218 [Thread-105] DEBUG org.activiti.engine.impl.asyncexecutor.AcquireTimerJobsRunnable  - timer job acquisition thread woke up
10:47:51,218 [Thread-105] DEBUG org.activiti.engine.impl.interceptor.LogInterceptor  - 

10:47:51,218 [Thread-105] DEBUG org.activiti.engine.impl.interceptor.LogInterceptor  - --- starting AcquireTimerJobsCmd --------------------------------------------------------
10:47:51,218 [Thread-103] DEBUG org.activiti.engine.impl.interceptor.LogInterceptor  - 

10:47:51,218 [Thread-103] DEBUG org.activiti.engine.impl.interceptor.LogInterceptor  - --- starting AcquireAsyncJobsDueCmd --------------------------------------------------------
10:47:51,218 [Thread-111] DEBUG org.activiti.engine.impl.interceptor.LogInterceptor  - 

10:47:51,218 [Thread-111] DEBUG org.activiti.engine.impl.interceptor.LogInterceptor  - --- starting AcquireTimerJobsCmd --------------------------------------------------------
10:47:51,218 [Thread-106] DEBUG org.activiti.engine.impl.asyncexecutor.AcquireAsyncJobsDueRunnable  - async job acquisition thread woke up
10:47:51,218 [Thread-106] DEBUG org.activiti.engine.impl.interceptor.LogInterceptor  - 

10:47:51,218 [Thread-106] DEBUG org.activiti.engine.impl.interceptor.LogInterceptor  - --- starting AcquireAsyncJobsDueCmd --------------------------------------------------------
10:47:51,218 [Thread-102] DEBUG org.activiti.engine.impl.interceptor.LogInterceptor  - 

10:47:51,218 [Thread-102] DEBUG org.activiti.engine.impl.interceptor.LogInterceptor  - --- starting AcquireTimerJobsCmd --------------------------------------------------------
10:47:51,218 [Thread-106] DEBUG org.apache.ibatis.transaction.jdbc.JdbcTransaction  - Opening JDBC Connection
10:47:51,218 [Thread-111] DEBUG org.apache.ibatis.transaction.jdbc.JdbcTransaction  - Opening JDBC Connection
10:47:51,218 [Thread-111] DEBUG org.apache.ibatis.datasource.pooled.PooledDataSource  - Checked out connection 58501658 from pool.
10:47:51,218 [Thread-103] DEBUG org.apache.ibatis.transaction.jdbc.JdbcTransaction  - Opening JDBC Connection
10:47:51,219 [Thread-103] DEBUG org.apache.ibatis.datasource.pooled.PooledDataSource  - Checked out connection 33534803 from pool.
10:47:51,219 [Thread-103] DEBUG org.apache.ibatis.transaction.jdbc.JdbcTransaction  - Setting autocommit to false on JDBC Connection [conn60: url=jdbc:h2:mem:activiti-AsyncExecutorTest user=SA]
10:47:51,218 [Thread-105] DEBUG org.apache.ibatis.transaction.jdbc.JdbcTransaction  - Opening JDBC Connection
10:47:51,219 [Thread-103] DEBUG org.activiti.engine.impl.persistence.entity.JobEntity.selectAsyncJobsDueToExecute  - ==&gt;  Preparing: select RES.* from ACT_RU_JOB RES LEFT OUTER JOIN ACT_RU_EXECUTION PI ON PI.ID_ = RES.PROCESS_INSTANCE_ID_ where RES.RETRIES_ &gt; 0 and RES.DUEDATE_ is not null and RES.DUEDATE_ &lt;= ? and (RES.LOCK_EXP_TIME_ is null or RES.LOCK_EXP_TIME_ &lt;= ?) and TYPE_ = &apos;message&apos; and ( (RES.EXECUTION_ID_ is null) or (PI.SUSPENSION_STATE_ = 1) ) LIMIT ? OFFSET ? 
10:47:51,219 [Thread-111] DEBUG org.apache.ibatis.transaction.jdbc.JdbcTransaction  - Setting autocommit to false on JDBC Connection [conn68: url=jdbc:h2:mem:activiti-AsyncExecutorTest user=SA]
10:47:51,219 [Thread-103] DEBUG org.activiti.engine.impl.persistence.entity.JobEntity.selectAsyncJobsDueToExecute  - ==&gt; Parameters: 2023-03-20 10:48:50.669(Timestamp), 2023-03-20 10:48:50.669(Timestamp), 1(Integer), 0(Integer)
10:47:51,218 [Thread-106] DEBUG org.apache.ibatis.datasource.pooled.PooledDataSource  - Checked out connection 1970103261 from pool.
10:47:51,218 [Thread-102] DEBUG org.apache.ibatis.transaction.jdbc.JdbcTransaction  - Opening JDBC Connection
10:47:51,219 [Thread-102] DEBUG org.apache.ibatis.datasource.pooled.PooledDataSource  - Checked out connection 157985567 from pool.
10:47:51,219 [Thread-102] DEBUG org.apache.ibatis.transaction.jdbc.JdbcTransaction  - Setting autocommit to false on JDBC Connection [conn61: url=jdbc:h2:mem:activiti-AsyncExecutorTest user=SA]
10:47:51,219 [Thread-105] DEBUG org.apache.ibatis.datasource.pooled.PooledDataSource  - Checked out connection 996762054 from pool.
10:47:51,219 [Thread-105] DEBUG org.apache.ibatis.transaction.jdbc.JdbcTransaction  - Setting autocommit to false on JDBC Connection [conn65: url=jdbc:h2:mem:activiti-AsyncExecutorTest user=SA]
10:47:51,219 [Thread-106] DEBUG org.apache.ibatis.transaction.jdbc.JdbcTransaction  - Setting autocommit to false on JDBC Connection [conn63: url=jdbc:h2:mem:activiti-AsyncExecutorTest user=SA]
10:47:51,219 [Thread-103] DEBUG org.activiti.engine.impl.persistence.entity.JobEntity.selectAsyncJobsDueToExecute  - &lt;==      Total: 0
10:47:51,219 [Thread-111] DEBUG org.activiti.engine.impl.persistence.entity.JobEntity.selectNextTimerJobsToExecute  - ==&gt;  Preparing: select RES.* from ACT_RU_JOB RES LEFT OUTER JOIN ACT_RU_EXECUTION PI ON PI.ID_ = RES.PROCESS_INSTANCE_ID_ where (RES.RETRIES_ &gt; 0) and (RES.DUEDATE_ is null or RES.DUEDATE_ &lt;= ?) and (RES.LOCK_OWNER_ is null or RES.LOCK_EXP_TIME_ &lt;= ?) and TYPE_ = &apos;timer&apos; and ( (RES.EXECUTION_ID_ is null) or (PI.SUSPENSION_STATE_ = 1) ) LIMIT ? OFFSET ? 
10:47:51,219 [Thread-103] DEBUG org.activiti.engine.impl.db.DbSqlSession  - flush summary: 0 insert, 0 update, 0 delete.
10:47:51,219 [Thread-103] DEBUG org.activiti.engine.impl.db.DbSqlSession  - now executing flush...
10:47:51,219 [Thread-106] DEBUG org.activiti.engine.impl.persistence.entity.JobEntity.selectAsyncJobsDueToExecute  - ==&gt;  Preparing: select RES.* from ACT_RU_JOB RES LEFT OUTER JOIN ACT_RU_EXECUTION PI ON PI.ID_ = RES.PROCESS_INSTANCE_ID_ where RES.RETRIES_ &gt; 0 and RES.DUEDATE_ is not null and RES.DUEDATE_ &lt;= ? and (RES.LOCK_EXP_TIME_ is null or RES.LOCK_EXP_TIME_ &lt;= ?) and TYPE_ = &apos;message&apos; and ( (RES.EXECUTION_ID_ is null) or (PI.SUSPENSION_STATE_ = 1) ) LIMIT ? OFFSET ? 
10:47:51,219 [Thread-105] DEBUG org.activiti.engine.impl.persistence.entity.JobEntity.selectNextTimerJobsToExecute  - ==&gt;  Preparing: select RES.* from ACT_RU_JOB RES LEFT OUTER JOIN ACT_RU_EXECUTION PI ON PI.ID_ = RES.PROCESS_INSTANCE_ID_ where (RES.RETRIES_ &gt; 0) and (RES.DUEDATE_ is null or RES.DUEDATE_ &lt;= ?) and (RES.LOCK_OWNER_ is null or RES.LOCK_EXP_TIME_ &lt;= ?) and TYPE_ = &apos;timer&apos; and ( (RES.EXECUTION_ID_ is null) or (PI.SUSPENSION_STATE_ = 1) ) LIMIT ? OFFSET ? 
10:47:51,219 [Thread-102] DEBUG org.activiti.engine.impl.persistence.entity.JobEntity.selectNextTimerJobsToExecute  - ==&gt;  Preparing: select RES.* from ACT_RU_JOB RES LEFT OUTER JOIN ACT_RU_EXECUTION PI ON PI.ID_ = RES.PROCESS_INSTANCE_ID_ where (RES.RETRIES_ &gt; 0) and (RES.DUEDATE_ is null or RES.DUEDATE_ &lt;= ?) and (RES.LOCK_OWNER_ is null or RES.LOCK_EXP_TIME_ &lt;= ?) and TYPE_ = &apos;timer&apos; and ( (RES.EXECUTION_ID_ is null) or (PI.SUSPENSION_STATE_ = 1) ) LIMIT ? OFFSET ? 
10:47:51,219 [Thread-105] DEBUG org.activiti.engine.impl.persistence.entity.JobEntity.selectNextTimerJobsToExecute  - ==&gt; Parameters: 2023-03-20 10:48:50.669(Timestamp), 2023-03-20 10:48:50.669(Timestamp), 1(Integer), 0(Integer)
10:47:51,219 [Thread-106] DEBUG org.activiti.engine.impl.persistence.entity.JobEntity.selectAsyncJobsDueToExecute  - ==&gt; Parameters: 2023-03-20 10:48:50.669(Timestamp), 2023-03-20 10:48:50.669(Timestamp), 1(Integer), 0(Integer)
10:47:51,219 [Thread-103] DEBUG org.activiti.engine.impl.cfg.standalone.StandaloneMybatisTransactionContext  - firing event committing...
10:47:51,219 [Thread-103] DEBUG org.activiti.engine.impl.cfg.standalone.StandaloneMybatisTransactionContext  - committing the ibatis sql session...
10:47:51,220 [Thread-103] DEBUG org.activiti.engine.impl.cfg.standalone.StandaloneMybatisTransactionContext  - firing event committed...
10:47:51,219 [Thread-111] DEBUG org.activiti.engine.impl.persistence.entity.JobEntity.selectNextTimerJobsToExecute  - ==&gt; Parameters: 2023-03-20 10:48:50.669(Timestamp), 2023-03-20 10:48:50.669(Timestamp), 1(Integer), 0(Integer)
10:47:51,220 [Thread-103] DEBUG org.apache.ibatis.transaction.jdbc.JdbcTransaction  - Resetting autocommit to true on JDBC Connection [conn60: url=jdbc:h2:mem:activiti-AsyncExecutorTest user=SA]
10:47:51,219 [Thread-106] DEBUG org.activiti.engine.impl.persistence.entity.JobEntity.selectAsyncJobsDueToExecute  - &lt;==      Total: 0
10:47:51,219 [Thread-105] DEBUG org.activiti.engine.impl.persistence.entity.JobEntity.selectNextTimerJobsToExecute  - &lt;==      Total: 0
10:47:51,220 [Thread-105] DEBUG org.activiti.engine.impl.db.DbSqlSession  - flush summary: 0 insert, 0 update, 0 delete.
10:47:51,220 [Thread-105] DEBUG org.activiti.engine.impl.db.DbSqlSession  - now executing flush...
10:47:51,220 [Thread-105] DEBUG org.activiti.engine.impl.cfg.standalone.StandaloneMybatisTransactionContext  - firing event committing...
10:47:51,220 [Thread-105] DEBUG org.activiti.engine.impl.cfg.standalone.StandaloneMybatisTransactionContext  - committing the ibatis sql session...
10:47:51,220 [Thread-105] DEBUG org.activiti.engine.impl.cfg.standalone.StandaloneMybatisTransactionContext  - firing event committed...
10:47:51,220 [Thread-105] DEBUG org.apache.ibatis.transaction.jdbc.JdbcTransaction  - Resetting autocommit to true on JDBC Connection [conn65: url=jdbc:h2:mem:activiti-AsyncExecutorTest user=SA]
10:47:51,220 [Thread-105] DEBUG org.apache.ibatis.transaction.jdbc.JdbcTransaction  - Closing JDBC Connection [conn65: url=jdbc:h2:mem:activiti-AsyncExecutorTest user=SA]
10:47:51,219 [Thread-102] DEBUG org.activiti.engine.impl.persistence.entity.JobEntity.selectNextTimerJobsToExecute  - ==&gt; Parameters: 2023-03-20 10:48:50.669(Timestamp), 2023-03-20 10:48:50.669(Timestamp), 1(Integer), 0(Integer)
10:47:51,220 [Thread-105] DEBUG org.apache.ibatis.datasource.pooled.PooledDataSource  - Returned connection 996762054 to pool.
10:47:51,220 [Thread-106] DEBUG org.activiti.engine.impl.db.DbSqlSession  - flush summary: 0 insert, 0 update, 0 delete.
10:47:51,220 [Thread-106] DEBUG org.activiti.engine.impl.db.DbSqlSession  - now executing flush...
10:47:51,220 [Thread-106] DEBUG org.activiti.engine.impl.cfg.standalone.StandaloneMybatisTransactionContext  - firing event committing...
10:47:51,220 [Thread-106] DEBUG org.activiti.engine.impl.cfg.standalone.StandaloneMybatisTransactionContext  - committing the ibatis sql session...
10:47:51,220 [Thread-106] DEBUG org.activiti.engine.impl.cfg.standalone.StandaloneMybatisTransactionContext  - firing event committed...
10:47:51,220 [Thread-106] DEBUG org.apache.ibatis.transaction.jdbc.JdbcTransaction  - Resetting autocommit to true on JDBC Connection [conn63: url=jdbc:h2:mem:activiti-AsyncExecutorTest user=SA]
10:47:51,220 [Thread-106] DEBUG org.apache.ibatis.transaction.jdbc.JdbcTransaction  - Closing JDBC Connection [conn63: url=jdbc:h2:mem:activiti-AsyncExecutorTest user=SA]
10:47:51,220 [Thread-106] DEBUG org.apache.ibatis.datasource.pooled.PooledDataSource  - Returned connection 1970103261 to pool.
10:47:51,220 [Thread-106] DEBUG org.activiti.engine.impl.interceptor.LogInterceptor  - --- AcquireAsyncJobsDueCmd finished --------------------------------------------------------
10:47:51,220 [Thread-106] DEBUG org.activiti.engine.impl.interceptor.LogInterceptor  - 

10:47:51,220 [Thread-103] DEBUG org.apache.ibatis.transaction.jdbc.JdbcTransaction  - Closing JDBC Connection [conn60: url=jdbc:h2:mem:activiti-AsyncExecutorTest user=SA]
10:47:51,220 [Thread-103] DEBUG org.apache.ibatis.datasource.pooled.PooledDataSource  - Returned connection 33534803 to pool.
10:47:51,220 [Thread-103] DEBUG org.activiti.engine.impl.interceptor.LogInterceptor  - --- AcquireAsyncJobsDueCmd finished --------------------------------------------------------
10:47:51,220 [Thread-103] DEBUG org.activiti.engine.impl.interceptor.LogInterceptor  - 

10:47:51,220 [Thread-103] DEBUG org.activiti.engine.impl.asyncexecutor.AcquireAsyncJobsDueRunnable  - async job acquisition thread sleeping for 50 millis
10:47:51,220 [Thread-111] DEBUG org.activiti.engine.impl.persistence.entity.JobEntity.selectNextTimerJobsToExecute  - &lt;==      Total: 0
10:47:51,220 [Thread-106] DEBUG org.activiti.engine.impl.asyncexecutor.AcquireAsyncJobsDueRunnable  - async job acquisition thread sleeping for 50 millis
10:47:51,220 [Thread-105] DEBUG org.activiti.engine.impl.interceptor.LogInterceptor  - --- AcquireTimerJobsCmd finished --------------------------------------------------------
10:47:51,220 [Thread-105] DEBUG org.activiti.engine.impl.interceptor.LogInterceptor  - 

10:47:51,220 [Thread-102] DEBUG org.activiti.engine.impl.persistence.entity.JobEntity.selectNextTimerJobsToExecute  - &lt;==      Total: 0
10:47:51,220 [Thread-102] DEBUG org.activiti.engine.impl.db.DbSqlSession  - flush summary: 0 insert, 0 update, 0 delete.
10:47:51,220 [Thread-102] DEBUG org.activiti.engine.impl.db.DbSqlSession  - now executing flush...
10:47:51,220 [Thread-102] DEBUG org.activiti.engine.impl.cfg.standalone.StandaloneMybatisTransactionContext  - firing event committing...
10:47:51,220 [Thread-102] DEBUG org.activiti.engine.impl.cfg.standalone.StandaloneMybatisTransactionContext  - committing the ibatis sql session...
10:47:51,220 [Thread-102] DEBUG org.activiti.engine.impl.cfg.standalone.StandaloneMybatisTransactionContext  - firing event committed...
10:47:51,221 [Thread-102] DEBUG org.apache.ibatis.transaction.jdbc.JdbcTransaction  - Resetting autocommit to true on JDBC Connection [conn61: url=jdbc:h2:mem:activiti-AsyncExecutorTest user=SA]
10:47:51,221 [Thread-102] DEBUG org.apache.ibatis.transaction.jdbc.JdbcTransaction  - Closing JDBC Connection [conn61: url=jdbc:h2:mem:activiti-AsyncExecutorTest user=SA]
10:47:51,221 [Thread-102] DEBUG org.apache.ibatis.datasource.pooled.PooledDataSource  - Returned connection 157985567 to pool.
10:47:51,221 [Thread-102] DEBUG org.activiti.engine.impl.interceptor.LogInterceptor  - --- AcquireTimerJobsCmd finished --------------------------------------------------------
10:47:51,221 [Thread-102] DEBUG org.activiti.engine.impl.interceptor.LogInterceptor  - 

10:47:51,221 [Thread-102] DEBUG org.activiti.engine.impl.asyncexecutor.AcquireTimerJobsRunnable  - timer job acquisition thread sleeping for 50 millis
10:47:51,220 [Thread-105] DEBUG org.activiti.engine.impl.asyncexecutor.AcquireTimerJobsRunnable  - timer job acquisition thread sleeping for 50 millis
10:47:51,220 [Thread-111] DEBUG org.activiti.engine.impl.db.DbSqlSession  - flush summary: 0 insert, 0 update, 0 delete.
10:47:51,221 [Thread-111] DEBUG org.activiti.engine.impl.db.DbSqlSession  - now executing flush...
10:47:51,221 [Thread-111] DEBUG org.activiti.engine.impl.cfg.standalone.StandaloneMybatisTransactionContext  - firing event committing...
10:47:51,221 [Thread-111] DEBUG org.activiti.engine.impl.cfg.standalone.StandaloneMybatisTransactionContext  - committing the ibatis sql session...
10:47:51,221 [Thread-111] DEBUG org.activiti.engine.impl.cfg.standalone.StandaloneMybatisTransactionContext  - firing event committed...
10:47:51,221 [Thread-111] DEBUG org.apache.ibatis.transaction.jdbc.JdbcTransaction  - Resetting autocommit to true on JDBC Connection [conn68: url=jdbc:h2:mem:activiti-AsyncExecutorTest user=SA]
10:47:51,221 [Thread-111] DEBUG org.apache.ibatis.transaction.jdbc.JdbcTransaction  - Closing JDBC Connection [conn68: url=jdbc:h2:mem:activiti-AsyncExecutorTest user=SA]
10:47:51,221 [Thread-111] DEBUG org.apache.ibatis.datasource.pooled.PooledDataSource  - Returned connection 58501658 to pool.
10:47:51,221 [Thread-111] DEBUG org.activiti.engine.impl.interceptor.LogInterceptor  - --- AcquireTimerJobsCmd finished --------------------------------------------------------
10:47:51,221 [Thread-111] DEBUG org.activiti.engine.impl.interceptor.LogInterceptor  - 

10:47:51,221 [Thread-111] DEBUG org.activiti.engine.impl.asyncexecutor.AcquireTimerJobsRunnable  - timer job acquisition thread sleeping for 50 millis
10:47:51,265 [Thread-112] DEBUG org.activiti.engine.impl.asyncexecutor.AcquireAsyncJobsDueRunnable  - async job acquisition thread woke up
10:47:51,265 [Thread-112] DEBUG org.activiti.engine.impl.interceptor.LogInterceptor  - 

10:47:51,265 [Thread-112] DEBUG org.activiti.engine.impl.interceptor.LogInterceptor  - --- starting AcquireAsyncJobsDueCmd --------------------------------------------------------
10:47:51,265 [Thread-112] DEBUG org.apache.ibatis.transaction.jdbc.JdbcTransaction  - Opening JDBC Connection
10:47:51,265 [Thread-112] DEBUG org.apache.ibatis.datasource.pooled.PooledDataSource  - Checked out connection 1863805930 from pool.
10:47:51,265 [Thread-112] DEBUG org.apache.ibatis.transaction.jdbc.JdbcTransaction  - Setting autocommit to false on JDBC Connection [conn69: url=jdbc:h2:mem:activiti-AsyncExecutorTest user=SA]
10:47:51,265 [Thread-112] DEBUG org.activiti.engine.impl.persistence.entity.JobEntity.selectAsyncJobsDueToExecute  - ==&gt;  Preparing: select RES.* from ACT_RU_JOB RES LEFT OUTER JOIN ACT_RU_EXECUTION PI ON PI.ID_ = RES.PROCESS_INSTANCE_ID_ where RES.RETRIES_ &gt; 0 and RES.DUEDATE_ is not null and RES.DUEDATE_ &lt;= ? and (RES.LOCK_EXP_TIME_ is null or RES.LOCK_EXP_TIME_ &lt;= ?) and TYPE_ = &apos;message&apos; and ( (RES.EXECUTION_ID_ is null) or (PI.SUSPENSION_STATE_ = 1) ) LIMIT ? OFFSET ? 
10:47:51,265 [Thread-112] DEBUG org.activiti.engine.impl.persistence.entity.JobEntity.selectAsyncJobsDueToExecute  - ==&gt; Parameters: 2023-03-20 10:48:50.669(Timestamp), 2023-03-20 10:48:50.669(Timestamp), 1(Integer), 0(Integer)
10:47:51,265 [Thread-112] DEBUG org.activiti.engine.impl.persistence.entity.JobEntity.selectAsyncJobsDueToExecute  - &lt;==      Total: 0
10:47:51,265 [Thread-112] DEBUG org.activiti.engine.impl.db.DbSqlSession  - flush summary: 0 insert, 0 update, 0 delete.
10:47:51,266 [Thread-112] DEBUG org.activiti.engine.impl.db.DbSqlSession  - now executing flush...
10:47:51,266 [Thread-112] DEBUG org.activiti.engine.impl.cfg.standalone.StandaloneMybatisTransactionContext  - firing event committing...
10:47:51,266 [Thread-112] DEBUG org.activiti.engine.impl.cfg.standalone.StandaloneMybatisTransactionContext  - committing the ibatis sql session...
10:47:51,266 [Thread-112] DEBUG org.activiti.engine.impl.cfg.standalone.StandaloneMybatisTransactionContext  - firing event committed...
10:47:51,266 [Thread-112] DEBUG org.apache.ibatis.transaction.jdbc.JdbcTransaction  - Resetting autocommit to true on JDBC Connection [conn69: url=jdbc:h2:mem:activiti-AsyncExecutorTest user=SA]
10:47:51,266 [Thread-112] DEBUG org.apache.ibatis.transaction.jdbc.JdbcTransaction  - Closing JDBC Connection [conn69: url=jdbc:h2:mem:activiti-AsyncExecutorTest user=SA]
10:47:51,266 [Thread-112] DEBUG org.apache.ibatis.datasource.pooled.PooledDataSource  - Returned connection 1863805930 to pool.
10:47:51,266 [Thread-112] DEBUG org.activiti.engine.impl.interceptor.LogInterceptor  - --- AcquireAsyncJobsDueCmd finished --------------------------------------------------------
10:47:51,266 [Thread-112] DEBUG org.activiti.engine.impl.interceptor.LogInterceptor  - 

10:47:51,266 [Thread-112] DEBUG org.activiti.engine.impl.asyncexecutor.AcquireAsyncJobsDueRunnable  - async job acquisition thread sleeping for 50 millis
10:47:51,281 [Thread-106] DEBUG org.activiti.engine.impl.asyncexecutor.AcquireAsyncJobsDueRunnable  - async job acquisition thread woke up
10:47:51,281 [Thread-102] DEBUG org.activiti.engine.impl.asyncexecutor.AcquireTimerJobsRunnable  - timer job acquisition thread woke up
10:47:51,281 [Thread-102] DEBUG org.activiti.engine.impl.interceptor.LogInterceptor  - 

10:47:51,281 [Thread-102] DEBUG org.activiti.engine.impl.interceptor.LogInterceptor  - --- starting AcquireTimerJobsCmd --------------------------------------------------------
10:47:51,281 [Thread-105] DEBUG org.activiti.engine.impl.asyncexecutor.AcquireTimerJobsRunnable  - timer job acquisition thread woke up
10:47:51,281 [Thread-105] DEBUG org.activiti.engine.impl.interceptor.LogInterceptor  - 

10:47:51,281 [Thread-105] DEBUG org.activiti.engine.impl.interceptor.LogInterceptor  - --- starting AcquireTimerJobsCmd --------------------------------------------------------
10:47:51,281 [Thread-111] DEBUG org.activiti.engine.impl.asyncexecutor.AcquireTimerJobsRunnable  - timer job acquisition thread woke up
10:47:51,281 [Thread-111] DEBUG org.activiti.engine.impl.interceptor.LogInterceptor  - 

10:47:51,281 [Thread-111] DEBUG org.activiti.engine.impl.interceptor.LogInterceptor  - --- starting AcquireTimerJobsCmd --------------------------------------------------------
10:47:51,281 [main] DEBUG org.activiti.engine.impl.interceptor.LogInterceptor  - 

10:47:51,281 [main] DEBUG org.activiti.engine.impl.interceptor.LogInterceptor  - --- starting JobQueryImpl --------------------------------------------------------
10:47:51,281 [Thread-103] DEBUG org.activiti.engine.impl.asyncexecutor.AcquireAsyncJobsDueRunnable  - async job acquisition thread woke up
10:47:51,281 [Thread-103] DEBUG org.activiti.engine.impl.interceptor.LogInterceptor  - 

10:47:51,281 [main] DEBUG org.apache.ibatis.transaction.jdbc.JdbcTransaction  - Opening JDBC Connection
10:47:51,281 [Thread-111] DEBUG org.apache.ibatis.transaction.jdbc.JdbcTransaction  - Opening JDBC Connection
10:47:51,281 [Thread-105] DEBUG org.apache.ibatis.transaction.jdbc.JdbcTransaction  - Opening JDBC Connection
10:47:51,282 [Thread-105] DEBUG org.apache.ibatis.datasource.pooled.PooledDataSource  - Checked out connection 54468349 from pool.
10:47:51,281 [Thread-102] DEBUG org.apache.ibatis.transaction.jdbc.JdbcTransaction  - Opening JDBC Connection
10:47:51,282 [Thread-102] DEBUG org.apache.ibatis.datasource.pooled.PooledDataSource  - Checked out connection 720039383 from pool.
10:47:51,282 [Thread-102] DEBUG org.apache.ibatis.transaction.jdbc.JdbcTransaction  - Setting autocommit to false on JDBC Connection [conn59: url=jdbc:h2:mem:activiti-AsyncExecutorTest user=SA]
10:47:51,281 [Thread-106] DEBUG org.activiti.engine.impl.interceptor.LogInterceptor  - 

10:47:51,282 [Thread-106] DEBUG org.activiti.engine.impl.interceptor.LogInterceptor  - --- starting AcquireAsyncJobsDueCmd --------------------------------------------------------
10:47:51,282 [Thread-102] DEBUG org.activiti.engine.impl.persistence.entity.JobEntity.selectNextTimerJobsToExecute  - ==&gt;  Preparing: select RES.* from ACT_RU_JOB RES LEFT OUTER JOIN ACT_RU_EXECUTION PI ON PI.ID_ = RES.PROCESS_INSTANCE_ID_ where (RES.RETRIES_ &gt; 0) and (RES.DUEDATE_ is null or RES.DUEDATE_ &lt;= ?) and (RES.LOCK_OWNER_ is null or RES.LOCK_EXP_TIME_ &lt;= ?) and TYPE_ = &apos;timer&apos; and ( (RES.EXECUTION_ID_ is null) or (PI.SUSPENSION_STATE_ = 1) ) LIMIT ? OFFSET ? 
10:47:51,282 [Thread-105] DEBUG org.apache.ibatis.transaction.jdbc.JdbcTransaction  - Setting autocommit to false on JDBC Connection [conn64: url=jdbc:h2:mem:activiti-AsyncExecutorTest user=SA]
10:47:51,282 [Thread-102] DEBUG org.activiti.engine.impl.persistence.entity.JobEntity.selectNextTimerJobsToExecute  - ==&gt; Parameters: 2023-03-20 10:48:50.669(Timestamp), 2023-03-20 10:48:50.669(Timestamp), 1(Integer), 0(Integer)
10:47:51,282 [Thread-111] DEBUG org.apache.ibatis.datasource.pooled.PooledDataSource  - Checked out connection 604408605 from pool.
10:47:51,282 [Thread-111] DEBUG org.apache.ibatis.transaction.jdbc.JdbcTransaction  - Setting autocommit to false on JDBC Connection [conn70: url=jdbc:h2:mem:activiti-AsyncExecutorTest user=SA]
10:47:51,281 [main] DEBUG org.apache.ibatis.datasource.pooled.PooledDataSource  - Checked out connection 297240765 from pool.
10:47:51,282 [main] DEBUG org.apache.ibatis.transaction.jdbc.JdbcTransaction  - Setting autocommit to false on JDBC Connection [conn4: url=jdbc:h2:mem:activiti user=SA]
10:47:51,281 [Thread-103] DEBUG org.activiti.engine.impl.interceptor.LogInterceptor  - --- starting AcquireAsyncJobsDueCmd --------------------------------------------------------
10:47:51,282 [main] DEBUG org.activiti.engine.impl.persistence.entity.JobEntity.selectJobByQueryCriteria  - ==&gt;  Preparing: select RES.* from ACT_RU_JOB RES order by order by RES.ID_ asc LIMIT ? OFFSET ? 
10:47:51,282 [Thread-111] DEBUG org.activiti.engine.impl.persistence.entity.JobEntity.selectNextTimerJobsToExecute  - ==&gt;  Preparing: select RES.* from ACT_RU_JOB RES LEFT OUTER JOIN ACT_RU_EXECUTION PI ON PI.ID_ = RES.PROCESS_INSTANCE_ID_ where (RES.RETRIES_ &gt; 0) and (RES.DUEDATE_ is null or RES.DUEDATE_ &lt;= ?) and (RES.LOCK_OWNER_ is null or RES.LOCK_EXP_TIME_ &lt;= ?) and TYPE_ = &apos;timer&apos; and ( (RES.EXECUTION_ID_ is null) or (PI.SUSPENSION_STATE_ = 1) ) LIMIT ? OFFSET ? 
10:47:51,282 [Thread-102] DEBUG org.activiti.engine.impl.persistence.entity.JobEntity.selectNextTimerJobsToExecute  - &lt;==      Total: 0
10:47:51,282 [Thread-105] DEBUG org.activiti.engine.impl.persistence.entity.JobEntity.selectNextTimerJobsToExecute  - ==&gt;  Preparing: select RES.* from ACT_RU_JOB RES LEFT OUTER JOIN ACT_RU_EXECUTION PI ON PI.ID_ = RES.PROCESS_INSTANCE_ID_ where (RES.RETRIES_ &gt; 0) and (RES.DUEDATE_ is null or RES.DUEDATE_ &lt;= ?) and (RES.LOCK_OWNER_ is null or RES.LOCK_EXP_TIME_ &lt;= ?) and TYPE_ = &apos;timer&apos; and ( (RES.EXECUTION_ID_ is null) or (PI.SUSPENSION_STATE_ = 1) ) LIMIT ? OFFSET ? 
10:47:51,282 [Thread-106] DEBUG org.apache.ibatis.transaction.jdbc.JdbcTransaction  - Opening JDBC Connection
10:47:51,282 [Thread-106] DEBUG org.apache.ibatis.datasource.pooled.PooledDataSource  - Checked out connection 996762054 from pool.
10:47:51,282 [Thread-106] DEBUG org.apache.ibatis.transaction.jdbc.JdbcTransaction  - Setting autocommit to false on JDBC Connection [conn65: url=jdbc:h2:mem:activiti-AsyncExecutorTest user=SA]
10:47:51,282 [Thread-105] DEBUG org.activiti.engine.impl.persistence.entity.JobEntity.selectNextTimerJobsToExecute  - ==&gt; Parameters: 2023-03-20 10:48:50.669(Timestamp), 2023-03-20 10:48:50.669(Timestamp), 1(Integer), 0(Integer)
10:47:51,282 [main] DEBUG org.activiti.engine.impl.interceptor.CommandContext  - Error while closing command context
org.apache.ibatis.exceptions.PersistenceException: 
### Error querying database.  Cause: org.h2.jdbc.JdbcSQLException: Syntax error in SQL statement &quot;SELECT RES.* 
     
    FROM ACT_RU_JOB RES
     
      
   
     ORDER BY  ORDER[*] BY RES.ID_ ASC  
    LIMIT ? OFFSET ? &quot;; expected &quot;=, NOT, EXISTS, INTERSECTS, SELECT, FROM&quot;; SQL statement:
select RES.* 
     
    from ACT_RU_JOB RES
     
      
   
     order by  order by RES.ID_ asc  
    LIMIT ? OFFSET ? [42001-176]
### The error may exist in org/activiti/db/mapping/entity/Job.xml
### The error may involve org.activiti.engine.impl.persistence.entity.JobEntity.selectJobByQueryCriteria
### The error occurred while executing a query
### SQL: select RES.*            from ACT_RU_JOB RES                       order by  order by RES.ID_ asc       LIMIT ? OFFSET ?
### Cause: org.h2.jdbc.JdbcSQLException: Syntax error in SQL statement &quot;SELECT RES.* 
     
    FROM ACT_RU_JOB RES
     
      
   
     ORDER BY  ORDER[*] BY RES.ID_ ASC  
    LIMIT ? OFFSET ? &quot;; expected &quot;=, NOT, EXISTS, INTERSECTS, SELECT, FROM&quot;; SQL statement:
select RES.* 
     
    from ACT_RU_JOB RES
     
      
   
     order by  order by RES.ID_ asc  
    LIMIT ? OFFSET ? [42001-176]
	at org.apache.ibatis.exceptions.ExceptionFactory.wrapException(ExceptionFactory.java:30)
	at org.apache.ibatis.session.defaults.DefaultSqlSession.selectList(DefaultSqlSession.java:122)
	at org.apache.ibatis.session.defaults.DefaultSqlSession.selectList(DefaultSqlSession.java:113)
	at org.activiti.engine.impl.db.DbSqlSession.selectListWithRawParameter(DbSqlSession.java:438)
	at org.activiti.engine.impl.db.DbSqlSession.selectList(DbSqlSession.java:429)
	at org.activiti.engine.impl.db.DbSqlSession.selectList(DbSqlSession.java:419)
	at org.activiti.engine.impl.persistence.entity.JobEntityManager.findJobsByQueryCriteria(JobEntityManager.java:198)
	at org.activiti.engine.impl.JobQueryImpl.executeList(JobQueryImpl.java:243)
	at org.activiti.engine.impl.AbstractQuery.execute(AbstractQuery.java:164)
	at org.activiti.engine.impl.interceptor.CommandInvoker.execute(CommandInvoker.java:24)
	at org.activiti.engine.impl.interceptor.CommandContextInterceptor.execute(CommandContextInterceptor.java:57)
	at org.activiti.engine.impl.interceptor.LogInterceptor.execute(LogInterceptor.java:37)
	at org.activiti.engine.impl.cfg.CommandExecutorImpl.execute(CommandExecutorImpl.java:40)
	at org.activiti.engine.impl.cfg.CommandExecutorImpl.execute(CommandExecutorImpl.java:35)
	at org.activiti.engine.impl.AbstractQuery.list(AbstractQuery.java:138)
	at org.activiti.engine.impl.test.JobTestHelper.areJobsAvailable(JobTestHelper.java:194)
	at org.activiti.engine.impl.test.JobTestHelper.waitForJobExecutorToProcessAllJobs(JobTestHelper.java:74)
	at org.activiti.engine.impl.test.JobTestHelper.waitForJobExecutorToProcessAllJobs(JobTestHelper.java:47)
	at org.activiti.engine.impl.test.AbstractActivitiTestCase.waitForJobExecutorToProcessAllJobs(AbstractActivitiTestCase.java:204)
	at org.activiti.engine.test.jobexecutor.JobExecutorTest.testBasicJobExecutorOperation(JobExecutorTest.java:53)
	at sun.reflect.NativeMethodAccessorImpl.invoke0(Native Method)
	at sun.reflect.NativeMethodAccessorImpl.invoke(NativeMethodAccessorImpl.java:62)
	at sun.reflect.DelegatingMethodAccessorImpl.invoke(DelegatingMethodAccessorImpl.java:43)
	at java.lang.reflect.Method.invoke(Method.java:498)
	at junit.framework.TestCase.runTest(TestCase.java:176)
	at org.activiti.engine.impl.test.PvmTestCase.runTest(PvmTestCase.java:65)
	at junit.framework.TestCase.runBare(TestCase.java:141)
	at org.activiti.engine.impl.test.AbstractActivitiTestCase.runBare(AbstractActivitiTestCase.java:100)
	at junit.framework.TestResult$1.protect(TestResult.java:122)
	at junit.framework.TestResult.runProtected(TestResult.java:142)
	at junit.framework.TestResult.run(TestResult.java:125)
	at junit.framework.TestCase.run(TestCase.java:129)
	at junit.framework.TestSuite.runTest(TestSuite.java:255)
	at junit.framework.TestSuite.run(TestSuite.java:250)
	at org.junit.internal.runners.JUnit38ClassRunner.run(JUnit38ClassRunner.java:84)
	at org.apache.maven.surefire.junit4.JUnit4TestSet.execute(JUnit4TestSet.java:35)
	at org.apache.maven.surefire.junit4.JUnit4Provider.executeTestSet(JUnit4Provider.java:146)
	at org.apache.maven.surefire.junit4.JUnit4Provider.invoke(JUnit4Provider.java:97)
	at sun.reflect.NativeMethodAccessorImpl.invoke0(Native Method)
	at sun.reflect.NativeMethodAccessorImpl.invoke(NativeMethodAccessorImpl.java:62)
	at sun.reflect.DelegatingMethodAccessorImpl.invoke(DelegatingMethodAccessorImpl.java:43)
	at java.lang.reflect.Method.invoke(Method.java:498)
	at org.apache.maven.surefire.booter.ProviderFactory$ClassLoaderProxy.invoke(ProviderFactory.java:103)
	at com.sun.proxy.$Proxy0.invoke(Unknown Source)
	at org.apache.maven.surefire.booter.SurefireStarter.invokeProvider(SurefireStarter.java:145)
	at org.apache.maven.surefire.booter.SurefireStarter.runSuitesInProcess(SurefireStarter.java:87)
	at org.apache.maven.surefire.booter.ForkedBooter.main(ForkedBooter.java:69)
Caused by: org.h2.jdbc.JdbcSQLException: Syntax error in SQL statement &quot;SELECT RES.* 
     
    FROM ACT_RU_JOB RES
     
      
   
     ORDER BY  ORDER[*] BY RES.ID_ ASC  
    LIMIT ? OFFSET ? &quot;; expected &quot;=, NOT, EXISTS, INTERSECTS, SELECT, FROM&quot;; SQL statement:
select RES.* 
     
    from ACT_RU_JOB RES
     
      
   
     order by  order by RES.ID_ asc  
    LIMIT ? OFFSET ? [42001-176]
	at org.h2.message.DbException.getJdbcSQLException(DbException.java:344)
	at org.h2.message.DbException.getSyntaxError(DbException.java:204)
	at org.h2.command.Parser.getSyntaxError(Parser.java:524)
	at org.h2.command.Parser.readTerm(Parser.java:2688)
	at org.h2.command.Parser.readFactor(Parser.java:2244)
	at org.h2.command.Parser.readSum(Parser.java:2231)
	at org.h2.command.Parser.readConcat(Parser.java:2201)
	at org.h2.command.Parser.readCondition(Parser.java:2051)
	at org.h2.command.Parser.readAnd(Parser.java:2023)
	at org.h2.command.Parser.readExpression(Parser.java:2015)
	at org.h2.command.Parser.parseEndOfQuery(Parser.java:1726)
	at org.h2.command.Parser.parseSelectUnionExtension(Parser.java:1706)
	at org.h2.command.Parser.parseSelectUnion(Parser.java:1675)
	at org.h2.command.Parser.parseSelect(Parser.java:1662)
	at org.h2.command.Parser.parsePrepared(Parser.java:434)
	at org.h2.command.Parser.parse(Parser.java:306)
	at org.h2.command.Parser.parse(Parser.java:282)
	at org.h2.command.Parser.prepareCommand(Parser.java:243)
	at org.h2.engine.Session.prepareLocal(Session.java:442)
	at org.h2.engine.Session.prepareCommand(Session.java:384)
	at org.h2.jdbc.JdbcConnection.prepareCommand(JdbcConnection.java:1188)
	at org.h2.jdbc.JdbcPreparedStatement.&lt;init&gt;(JdbcPreparedStatement.java:73)
	at org.h2.jdbc.JdbcConnection.prepareStatement(JdbcConnection.java:276)
	at sun.reflect.GeneratedMethodAccessor6.invoke(Unknown Source)
	at sun.reflect.DelegatingMethodAccessorImpl.invoke(DelegatingMethodAccessorImpl.java:43)
	at java.lang.reflect.Method.invoke(Method.java:498)
	at org.apache.ibatis.datasource.pooled.PooledConnection.invoke(PooledConnection.java:245)
	at com.sun.proxy.$Proxy12.prepareStatement(Unknown Source)
	at sun.reflect.GeneratedMethodAccessor6.invoke(Unknown Source)
	at sun.reflect.DelegatingMethodAccessorImpl.invoke(DelegatingMethodAccessorImpl.java:43)
	at java.lang.reflect.Method.invoke(Method.java:498)
	at org.apache.ibatis.logging.jdbc.ConnectionLogger.invoke(ConnectionLogger.java:55)
	at com.sun.proxy.$Proxy12.prepareStatement(Unknown Source)
	at org.apache.ibatis.executor.statement.PreparedStatementHandler.instantiateStatement(PreparedStatementHandler.java:79)
	at org.apache.ibatis.executor.statement.BaseStatementHandler.prepare(BaseStatementHandler.java:88)
	at org.apache.ibatis.executor.statement.RoutingStatementHandler.prepare(RoutingStatementHandler.java:58)
	at org.apache.ibatis.executor.SimpleExecutor.prepareStatement(SimpleExecutor.java:76)
	at org.apache.ibatis.executor.SimpleExecutor.doQuery(SimpleExecutor.java:61)
	at org.apache.ibatis.executor.BaseExecutor.queryFromDatabase(BaseExecutor.java:303)
	at org.apache.ibatis.executor.BaseExecutor.query(BaseExecutor.java:154)
	at org.apache.ibatis.executor.CachingExecutor.query(CachingExecutor.java:102)
	at org.apache.ibatis.executor.CachingExecutor.query(CachingExecutor.java:82)
	at org.apache.ibatis.session.defaults.DefaultSqlSession.selectList(DefaultSqlSession.java:120)
	... 45 more
10:47:51,283 [main] DEBUG org.activiti.engine.impl.cfg.standalone.StandaloneMybatisTransactionContext  - firing event rolling back...
10:47:51,283 [main] DEBUG org.activiti.engine.impl.cfg.standalone.StandaloneMybatisTransactionContext  - rolling back ibatis sql session...
10:47:51,283 [main] DEBUG org.activiti.engine.impl.cfg.standalone.StandaloneMybatisTransactionContext  - firing event rolled back...
10:47:51,282 [Thread-102] DEBUG org.activiti.engine.impl.db.DbSqlSession  - flush summary: 0 insert, 0 update, 0 delete.
10:47:51,283 [Thread-102] DEBUG org.activiti.engine.impl.db.DbSqlSession  - now executing flush...
10:47:51,282 [Thread-111] DEBUG org.activiti.engine.impl.persistence.entity.JobEntity.selectNextTimerJobsToExecute  - ==&gt; Parameters: 2023-03-20 10:48:50.669(Timestamp), 2023-03-20 10:48:50.669(Timestamp), 1(Integer), 0(Integer)
10:47:51,282 [Thread-103] DEBUG org.apache.ibatis.transaction.jdbc.JdbcTransaction  - Opening JDBC Connection
10:47:51,283 [Thread-103] DEBUG org.apache.ibatis.datasource.pooled.PooledDataSource  - Checked out connection 33534803 from pool.
10:47:51,283 [Thread-103] DEBUG org.apache.ibatis.transaction.jdbc.JdbcTransaction  - Setting autocommit to false on JDBC Connection [conn60: url=jdbc:h2:mem:activiti-AsyncExecutorTest user=SA]
10:47:51,283 [Thread-111] DEBUG org.activiti.engine.impl.persistence.entity.JobEntity.selectNextTimerJobsToExecute  - &lt;==      Total: 0
10:47:51,283 [Thread-102] DEBUG org.activiti.engine.impl.cfg.standalone.StandaloneMybatisTransactionContext  - firing event committing...
10:47:51,283 [Thread-102] DEBUG org.activiti.engine.impl.cfg.standalone.StandaloneMybatisTransactionContext  - committing the ibatis sql session...
10:47:51,283 [main] DEBUG org.apache.ibatis.transaction.jdbc.JdbcTransaction  - Resetting autocommit to true on JDBC Connection [conn4: url=jdbc:h2:mem:activiti user=SA]
10:47:51,282 [Thread-105] DEBUG org.activiti.engine.impl.persistence.entity.JobEntity.selectNextTimerJobsToExecute  - &lt;==      Total: 0
10:47:51,282 [Thread-106] DEBUG org.activiti.engine.impl.persistence.entity.JobEntity.selectAsyncJobsDueToExecute  - ==&gt;  Preparing: select RES.* from ACT_RU_JOB RES LEFT OUTER JOIN ACT_RU_EXECUTION PI ON PI.ID_ = RES.PROCESS_INSTANCE_ID_ where RES.RETRIES_ &gt; 0 and RES.DUEDATE_ is not null and RES.DUEDATE_ &lt;= ? and (RES.LOCK_EXP_TIME_ is null or RES.LOCK_EXP_TIME_ &lt;= ?) and TYPE_ = &apos;message&apos; and ( (RES.EXECUTION_ID_ is null) or (PI.SUSPENSION_STATE_ = 1) ) LIMIT ? OFFSET ? 
10:47:51,283 [Thread-105] DEBUG org.activiti.engine.impl.db.DbSqlSession  - flush summary: 0 insert, 0 update, 0 delete.
10:47:51,283 [Thread-105] DEBUG org.activiti.engine.impl.db.DbSqlSession  - now executing flush...
10:47:51,283 [Thread-105] DEBUG org.activiti.engine.impl.cfg.standalone.StandaloneMybatisTransactionContext  - firing event committing...
10:47:51,283 [Thread-105] DEBUG org.activiti.engine.impl.cfg.standalone.StandaloneMybatisTransactionContext  - committing the ibatis sql session...
10:47:51,283 [Thread-105] DEBUG org.activiti.engine.impl.cfg.standalone.StandaloneMybatisTransactionContext  - firing event committed...
10:47:51,283 [Thread-105] DEBUG org.apache.ibatis.transaction.jdbc.JdbcTransaction  - Resetting autocommit to true on JDBC Connection [conn64: url=jdbc:h2:mem:activiti-AsyncExecutorTest user=SA]
10:47:51,283 [Thread-105] DEBUG org.apache.ibatis.transaction.jdbc.JdbcTransaction  - Closing JDBC Connection [conn64: url=jdbc:h2:mem:activiti-AsyncExecutorTest user=SA]
10:47:51,283 [main] DEBUG org.apache.ibatis.transaction.jdbc.JdbcTransaction  - Closing JDBC Connection [conn4: url=jdbc:h2:mem:activiti user=SA]
10:47:51,283 [main] DEBUG org.apache.ibatis.datasource.pooled.PooledDataSource  - Returned connection 297240765 to pool.
10:47:51,283 [Thread-102] DEBUG org.activiti.engine.impl.cfg.standalone.StandaloneMybatisTransactionContext  - firing event committed...
10:47:51,283 [Thread-102] DEBUG org.apache.ibatis.transaction.jdbc.JdbcTransaction  - Resetting autocommit to true on JDBC Connection [conn59: url=jdbc:h2:mem:activiti-AsyncExecutorTest user=SA]
10:47:51,283 [Thread-102] DEBUG org.apache.ibatis.transaction.jdbc.JdbcTransaction  - Closing JDBC Connection [conn59: url=jdbc:h2:mem:activiti-AsyncExecutorTest user=SA]
10:47:51,283 [Thread-102] DEBUG org.apache.ibatis.datasource.pooled.PooledDataSource  - Returned connection 720039383 to pool.
10:47:51,284 [Thread-102] DEBUG org.activiti.engine.impl.interceptor.LogInterceptor  - --- AcquireTimerJobsCmd finished --------------------------------------------------------
10:47:51,284 [Thread-102] DEBUG org.activiti.engine.impl.interceptor.LogInterceptor  - 

10:47:51,283 [Thread-111] DEBUG org.activiti.engine.impl.db.DbSqlSession  - flush summary: 0 insert, 0 update, 0 delete.
10:47:51,284 [Thread-111] DEBUG org.activiti.engine.impl.db.DbSqlSession  - now executing flush...
10:47:51,284 [Thread-111] DEBUG org.activiti.engine.impl.cfg.standalone.StandaloneMybatisTransactionContext  - firing event committing...
10:47:51,284 [Thread-111] DEBUG org.activiti.engine.impl.cfg.standalone.StandaloneMybatisTransactionContext  - committing the ibatis sql session...
10:47:51,284 [Thread-111] DEBUG org.activiti.engine.impl.cfg.standalone.StandaloneMybatisTransactionContext  - firing event committed...
10:47:51,284 [Thread-111] DEBUG org.apache.ibatis.transaction.jdbc.JdbcTransaction  - Resetting autocommit to true on JDBC Connection [conn70: url=jdbc:h2:mem:activiti-AsyncExecutorTest user=SA]
10:47:51,284 [Thread-111] DEBUG org.apache.ibatis.transaction.jdbc.JdbcTransaction  - Closing JDBC Connection [conn70: url=jdbc:h2:mem:activiti-AsyncExecutorTest user=SA]
10:47:51,284 [Thread-111] DEBUG org.apache.ibatis.datasource.pooled.PooledDataSource  - Returned connection 604408605 to pool.
10:47:51,284 [Thread-111] DEBUG org.activiti.engine.impl.interceptor.LogInterceptor  - --- AcquireTimerJobsCmd finished --------------------------------------------------------
10:47:51,284 [Thread-111] DEBUG org.activiti.engine.impl.interceptor.LogInterceptor  - 

10:47:51,284 [Thread-111] DEBUG org.activiti.engine.impl.asyncexecutor.AcquireTimerJobsRunnable  - timer job acquisition thread sleeping for 50 millis
10:47:51,283 [Thread-103] DEBUG org.activiti.engine.impl.persistence.entity.JobEntity.selectAsyncJobsDueToExecute  - ==&gt;  Preparing: select RES.* from ACT_RU_JOB RES LEFT OUTER JOIN ACT_RU_EXECUTION PI ON PI.ID_ = RES.PROCESS_INSTANCE_ID_ where RES.RETRIES_ &gt; 0 and RES.DUEDATE_ is not null and RES.DUEDATE_ &lt;= ? and (RES.LOCK_EXP_TIME_ is null or RES.LOCK_EXP_TIME_ &lt;= ?) and TYPE_ = &apos;message&apos; and ( (RES.EXECUTION_ID_ is null) or (PI.SUSPENSION_STATE_ = 1) ) LIMIT ? OFFSET ? 
10:47:51,284 [Thread-102] DEBUG org.activiti.engine.impl.asyncexecutor.AcquireTimerJobsRunnable  - timer job acquisition thread sleeping for 50 millis
10:47:51,283 [main] DEBUG org.activiti.engine.impl.interceptor.LogInterceptor  - --- JobQueryImpl finished --------------------------------------------------------
10:47:51,284 [main] DEBUG org.activiti.engine.impl.interceptor.LogInterceptor  - 

10:47:51,283 [Thread-105] DEBUG org.apache.ibatis.datasource.pooled.PooledDataSource  - Returned connection 54468349 to pool.
10:47:51,284 [Thread-105] DEBUG org.activiti.engine.impl.interceptor.LogInterceptor  - --- AcquireTimerJobsCmd finished --------------------------------------------------------
10:47:51,284 [Thread-105] DEBUG org.activiti.engine.impl.interceptor.LogInterceptor  - 

10:47:51,284 [Thread-105] DEBUG org.activiti.engine.impl.asyncexecutor.AcquireTimerJobsRunnable  - timer job acquisition thread sleeping for 50 millis
10:47:51,283 [Thread-106] DEBUG org.activiti.engine.impl.persistence.entity.JobEntity.selectAsyncJobsDueToExecute  - ==&gt; Parameters: 2023-03-20 10:48:50.669(Timestamp), 2023-03-20 10:48:50.669(Timestamp), 1(Integer), 0(Integer)
10:47:51,284 [Thread-103] DEBUG org.activiti.engine.impl.persistence.entity.JobEntity.selectAsyncJobsDueToExecute  - ==&gt; Parameters: 2023-03-20 10:48:50.669(Timestamp), 2023-03-20 10:48:50.669(Timestamp), 1(Integer), 0(Integer)
10:47:51,284 [Thread-106] DEBUG org.activiti.engine.impl.persistence.entity.JobEntity.selectAsyncJobsDueToExecute  - &lt;==      Total: 0
10:47:51,284 [Thread-103] DEBUG org.activiti.engine.impl.persistence.entity.JobEntity.selectAsyncJobsDueToExecute  - &lt;==      Total: 0
10:47:51,284 [Thread-103] DEBUG org.activiti.engine.impl.db.DbSqlSession  - flush summary: 0 insert, 0 update, 0 delete.
10:47:51,284 [Thread-103] DEBUG org.activiti.engine.impl.db.DbSqlSession  - now executing flush...
10:47:51,284 [Thread-103] DEBUG org.activiti.engine.impl.cfg.standalone.StandaloneMybatisTransactionContext  - firing event committing...
10:47:51,284 [Thread-103] DEBUG org.activiti.engine.impl.cfg.standalone.StandaloneMybatisTransactionContext  - committing the ibatis sql session...
10:47:51,284 [Thread-103] DEBUG org.activiti.engine.impl.cfg.standalone.StandaloneMybatisTransactionContext  - firing event committed...
10:47:51,284 [Thread-103] DEBUG org.apache.ibatis.transaction.jdbc.JdbcTransaction  - Resetting autocommit to true on JDBC Connection [conn60: url=jdbc:h2:mem:activiti-AsyncExecutorTest user=SA]
10:47:51,284 [Thread-103] DEBUG org.apache.ibatis.transaction.jdbc.JdbcTransaction  - Closing JDBC Connection [conn60: url=jdbc:h2:mem:activiti-AsyncExecutorTest user=SA]
10:47:51,284 [Thread-103] DEBUG org.apache.ibatis.datasource.pooled.PooledDataSource  - Returned connection 33534803 to pool.
10:47:51,284 [Thread-103] DEBUG org.activiti.engine.impl.interceptor.LogInterceptor  - --- AcquireAsyncJobsDueCmd finished --------------------------------------------------------
10:47:51,284 [Thread-103] DEBUG org.activiti.engine.impl.interceptor.LogInterceptor  - 

10:47:51,284 [Thread-103] DEBUG org.activiti.engine.impl.asyncexecutor.AcquireAsyncJobsDueRunnable  - async job acquisition thread sleeping for 50 millis
10:47:51,284 [Thread-106] DEBUG org.activiti.engine.impl.db.DbSqlSession  - flush summary: 0 insert, 0 update, 0 delete.
10:47:51,284 [Thread-106] DEBUG org.activiti.engine.impl.db.DbSqlSession  - now executing flush...
10:47:51,284 [Thread-106] DEBUG org.activiti.engine.impl.cfg.standalone.StandaloneMybatisTransactionContext  - firing event committing...
10:47:51,285 [Thread-106] DEBUG org.activiti.engine.impl.cfg.standalone.StandaloneMybatisTransactionContext  - committing the ibatis sql session...
10:47:51,285 [Thread-106] DEBUG org.activiti.engine.impl.cfg.standalone.StandaloneMybatisTransactionContext  - firing event committed...
10:47:51,285 [Thread-106] DEBUG org.apache.ibatis.transaction.jdbc.JdbcTransaction  - Resetting autocommit to true on JDBC Connection [conn65: url=jdbc:h2:mem:activiti-AsyncExecutorTest user=SA]
10:47:51,285 [Thread-106] DEBUG org.apache.ibatis.transaction.jdbc.JdbcTransaction  - Closing JDBC Connection [conn65: url=jdbc:h2:mem:activiti-AsyncExecutorTest user=SA]
10:47:51,285 [Thread-106] DEBUG org.apache.ibatis.datasource.pooled.PooledDataSource  - Returned connection 996762054 to pool.
10:47:51,285 [Thread-106] DEBUG org.activiti.engine.impl.interceptor.LogInterceptor  - --- AcquireAsyncJobsDueCmd finished --------------------------------------------------------
10:47:51,285 [Thread-106] DEBUG org.activiti.engine.impl.interceptor.LogInterceptor  - 

10:47:51,285 [Thread-106] DEBUG org.activiti.engine.impl.asyncexecutor.AcquireAsyncJobsDueRunnable  - async job acquisition thread sleeping for 50 millis
10:47:51,327 [Thread-112] DEBUG org.activiti.engine.impl.asyncexecutor.AcquireAsyncJobsDueRunnable  - async job acquisition thread woke up
10:47:51,327 [Thread-112] DEBUG org.activiti.engine.impl.interceptor.LogInterceptor  - 

10:47:51,327 [Thread-112] DEBUG org.activiti.engine.impl.interceptor.LogInterceptor  - --- starting AcquireAsyncJobsDueCmd --------------------------------------------------------
10:47:51,327 [Thread-112] DEBUG org.apache.ibatis.transaction.jdbc.JdbcTransaction  - Opening JDBC Connection
10:47:51,327 [Thread-112] DEBUG org.apache.ibatis.datasource.pooled.PooledDataSource  - Checked out connection 58501658 from pool.
10:47:51,327 [Thread-112] DEBUG org.apache.ibatis.transaction.jdbc.JdbcTransaction  - Setting autocommit to false on JDBC Connection [conn68: url=jdbc:h2:mem:activiti-AsyncExecutorTest user=SA]
10:47:51,327 [Thread-112] DEBUG org.activiti.engine.impl.persistence.entity.JobEntity.selectAsyncJobsDueToExecute  - ==&gt;  Preparing: select RES.* from ACT_RU_JOB RES LEFT OUTER JOIN ACT_RU_EXECUTION PI ON PI.ID_ = RES.PROCESS_INSTANCE_ID_ where RES.RETRIES_ &gt; 0 and RES.DUEDATE_ is not null and RES.DUEDATE_ &lt;= ? and (RES.LOCK_EXP_TIME_ is null or RES.LOCK_EXP_TIME_ &lt;= ?) and TYPE_ = &apos;message&apos; and ( (RES.EXECUTION_ID_ is null) or (PI.SUSPENSION_STATE_ = 1) ) LIMIT ? OFFSET ? 
10:47:51,327 [Thread-112] DEBUG org.activiti.engine.impl.persistence.entity.JobEntity.selectAsyncJobsDueToExecute  - ==&gt; Parameters: 2023-03-20 10:48:50.669(Timestamp), 2023-03-20 10:48:50.669(Timestamp), 1(Integer), 0(Integer)
10:47:51,327 [Thread-112] DEBUG org.activiti.engine.impl.persistence.entity.JobEntity.selectAsyncJobsDueToExecute  - &lt;==      Total: 0
10:47:51,327 [Thread-112] DEBUG org.activiti.engine.impl.db.DbSqlSession  - flush summary: 0 insert, 0 update, 0 delete.
10:47:51,327 [Thread-112] DEBUG org.activiti.engine.impl.db.DbSqlSession  - now executing flush...
10:47:51,327 [Thread-112] DEBUG org.activiti.engine.impl.cfg.standalone.StandaloneMybatisTransactionContext  - firing event committing...
10:47:51,327 [Thread-112] DEBUG org.activiti.engine.impl.cfg.standalone.StandaloneMybatisTransactionContext  - committing the ibatis sql session...
10:47:51,327 [Thread-112] DEBUG org.activiti.engine.impl.cfg.standalone.StandaloneMybatisTransactionContext  - firing event committed...
10:47:51,327 [Thread-112] DEBUG org.apache.ibatis.transaction.jdbc.JdbcTransaction  - Resetting autocommit to true on JDBC Connection [conn68: url=jdbc:h2:mem:activiti-AsyncExecutorTest user=SA]
10:47:51,327 [Thread-112] DEBUG org.apache.ibatis.transaction.jdbc.JdbcTransaction  - Closing JDBC Connection [conn68: url=jdbc:h2:mem:activiti-AsyncExecutorTest user=SA]
10:47:51,327 [Thread-112] DEBUG org.apache.ibatis.datasource.pooled.PooledDataSource  - Returned connection 58501658 to pool.
10:47:51,327 [Thread-112] DEBUG org.activiti.engine.impl.interceptor.LogInterceptor  - --- AcquireAsyncJobsDueCmd finished --------------------------------------------------------
10:47:51,327 [Thread-112] DEBUG org.activiti.engine.impl.interceptor.LogInterceptor  - 

10:47:51,327 [Thread-112] DEBUG org.activiti.engine.impl.asyncexecutor.AcquireAsyncJobsDueRunnable  - async job acquisition thread sleeping for 50 millis
10:47:51,342 [Thread-105] DEBUG org.activiti.engine.impl.asyncexecutor.AcquireTimerJobsRunnable  - timer job acquisition thread woke up
10:47:51,342 [Thread-103] DEBUG org.activiti.engine.impl.asyncexecutor.AcquireAsyncJobsDueRunnable  - async job acquisition thread woke up
10:47:51,342 [Thread-103] DEBUG org.activiti.engine.impl.interceptor.LogInterceptor  - 

10:47:51,342 [Thread-103] DEBUG org.activiti.engine.impl.interceptor.LogInterceptor  - --- starting AcquireAsyncJobsDueCmd --------------------------------------------------------
10:47:51,342 [Thread-105] DEBUG org.activiti.engine.impl.interceptor.LogInterceptor  - 

10:47:51,342 [Thread-105] DEBUG org.activiti.engine.impl.interceptor.LogInterceptor  - --- starting AcquireTimerJobsCmd --------------------------------------------------------
10:47:51,342 [Thread-111] DEBUG org.activiti.engine.impl.asyncexecutor.AcquireTimerJobsRunnable  - timer job acquisition thread woke up
10:47:51,342 [Thread-111] DEBUG org.activiti.engine.impl.interceptor.LogInterceptor  - 

10:47:51,342 [Thread-111] DEBUG org.activiti.engine.impl.interceptor.LogInterceptor  - --- starting AcquireTimerJobsCmd --------------------------------------------------------
10:47:51,342 [Thread-102] DEBUG org.activiti.engine.impl.asyncexecutor.AcquireTimerJobsRunnable  - timer job acquisition thread woke up
10:47:51,342 [Thread-102] DEBUG org.activiti.engine.impl.interceptor.LogInterceptor  - 

10:47:51,342 [Thread-102] DEBUG org.activiti.engine.impl.interceptor.LogInterceptor  - --- starting AcquireTimerJobsCmd --------------------------------------------------------
10:47:51,342 [Thread-102] DEBUG org.apache.ibatis.transaction.jdbc.JdbcTransaction  - Opening JDBC Connection
10:47:51,342 [Thread-106] DEBUG org.activiti.engine.impl.asyncexecutor.AcquireAsyncJobsDueRunnable  - async job acquisition thread woke up
10:47:51,342 [Thread-106] DEBUG org.activiti.engine.impl.interceptor.LogInterceptor  - 

10:47:51,342 [Thread-106] DEBUG org.activiti.engine.impl.interceptor.LogInterceptor  - --- starting AcquireAsyncJobsDueCmd --------------------------------------------------------
10:47:51,342 [Thread-106] DEBUG org.apache.ibatis.transaction.jdbc.JdbcTransaction  - Opening JDBC Connection
10:47:51,342 [Thread-106] DEBUG org.apache.ibatis.datasource.pooled.PooledDataSource  - Checked out connection 1970103261 from pool.
10:47:51,342 [Thread-102] DEBUG org.apache.ibatis.datasource.pooled.PooledDataSource  - Checked out connection 157985567 from pool.
10:47:51,342 [Thread-102] DEBUG org.apache.ibatis.transaction.jdbc.JdbcTransaction  - Setting autocommit to false on JDBC Connection [conn61: url=jdbc:h2:mem:activiti-AsyncExecutorTest user=SA]
10:47:51,342 [Thread-111] DEBUG org.apache.ibatis.transaction.jdbc.JdbcTransaction  - Opening JDBC Connection
10:47:51,343 [Thread-111] DEBUG org.apache.ibatis.datasource.pooled.PooledDataSource  - Checked out connection 1863805930 from pool.
10:47:51,343 [Thread-111] DEBUG org.apache.ibatis.transaction.jdbc.JdbcTransaction  - Setting autocommit to false on JDBC Connection [conn69: url=jdbc:h2:mem:activiti-AsyncExecutorTest user=SA]
10:47:51,342 [Thread-105] DEBUG org.apache.ibatis.transaction.jdbc.JdbcTransaction  - Opening JDBC Connection
10:47:51,343 [Thread-105] DEBUG org.apache.ibatis.datasource.pooled.PooledDataSource  - Checked out connection 54468349 from pool.
10:47:51,343 [Thread-105] DEBUG org.apache.ibatis.transaction.jdbc.JdbcTransaction  - Setting autocommit to false on JDBC Connection [conn64: url=jdbc:h2:mem:activiti-AsyncExecutorTest user=SA]
10:47:51,342 [Thread-103] DEBUG org.apache.ibatis.transaction.jdbc.JdbcTransaction  - Opening JDBC Connection
10:47:51,343 [Thread-103] DEBUG org.apache.ibatis.datasource.pooled.PooledDataSource  - Checked out connection 720039383 from pool.
10:47:51,343 [Thread-103] DEBUG org.apache.ibatis.transaction.jdbc.JdbcTransaction  - Setting autocommit to false on JDBC Connection [conn59: url=jdbc:h2:mem:activiti-AsyncExecutorTest user=SA]
10:47:51,343 [Thread-105] DEBUG org.activiti.engine.impl.persistence.entity.JobEntity.selectNextTimerJobsToExecute  - ==&gt;  Preparing: select RES.* from ACT_RU_JOB RES LEFT OUTER JOIN ACT_RU_EXECUTION PI ON PI.ID_ = RES.PROCESS_INSTANCE_ID_ where (RES.RETRIES_ &gt; 0) and (RES.DUEDATE_ is null or RES.DUEDATE_ &lt;= ?) and (RES.LOCK_OWNER_ is null or RES.LOCK_EXP_TIME_ &lt;= ?) and TYPE_ = &apos;timer&apos; and ( (RES.EXECUTION_ID_ is null) or (PI.SUSPENSION_STATE_ = 1) ) LIMIT ? OFFSET ? 
10:47:51,343 [Thread-111] DEBUG org.activiti.engine.impl.persistence.entity.JobEntity.selectNextTimerJobsToExecute  - ==&gt;  Preparing: select RES.* from ACT_RU_JOB RES LEFT OUTER JOIN ACT_RU_EXECUTION PI ON PI.ID_ = RES.PROCESS_INSTANCE_ID_ where (RES.RETRIES_ &gt; 0) and (RES.DUEDATE_ is null or RES.DUEDATE_ &lt;= ?) and (RES.LOCK_OWNER_ is null or RES.LOCK_EXP_TIME_ &lt;= ?) and TYPE_ = &apos;timer&apos; and ( (RES.EXECUTION_ID_ is null) or (PI.SUSPENSION_STATE_ = 1) ) LIMIT ? OFFSET ? 
10:47:51,342 [Thread-102] DEBUG org.activiti.engine.impl.persistence.entity.JobEntity.selectNextTimerJobsToExecute  - ==&gt;  Preparing: select RES.* from ACT_RU_JOB RES LEFT OUTER JOIN ACT_RU_EXECUTION PI ON PI.ID_ = RES.PROCESS_INSTANCE_ID_ where (RES.RETRIES_ &gt; 0) and (RES.DUEDATE_ is null or RES.DUEDATE_ &lt;= ?) and (RES.LOCK_OWNER_ is null or RES.LOCK_EXP_TIME_ &lt;= ?) and TYPE_ = &apos;timer&apos; and ( (RES.EXECUTION_ID_ is null) or (PI.SUSPENSION_STATE_ = 1) ) LIMIT ? OFFSET ? 
10:47:51,342 [Thread-106] DEBUG org.apache.ibatis.transaction.jdbc.JdbcTransaction  - Setting autocommit to false on JDBC Connection [conn63: url=jdbc:h2:mem:activiti-AsyncExecutorTest user=SA]
10:47:51,343 [Thread-102] DEBUG org.activiti.engine.impl.persistence.entity.JobEntity.selectNextTimerJobsToExecute  - ==&gt; Parameters: 2023-03-20 10:48:50.669(Timestamp), 2023-03-20 10:48:50.669(Timestamp), 1(Integer), 0(Integer)
10:47:51,343 [Thread-111] DEBUG org.activiti.engine.impl.persistence.entity.JobEntity.selectNextTimerJobsToExecute  - ==&gt; Parameters: 2023-03-20 10:48:50.669(Timestamp), 2023-03-20 10:48:50.669(Timestamp), 1(Integer), 0(Integer)
10:47:51,343 [Thread-105] DEBUG org.activiti.engine.impl.persistence.entity.JobEntity.selectNextTimerJobsToExecute  - ==&gt; Parameters: 2023-03-20 10:48:50.669(Timestamp), 2023-03-20 10:48:50.669(Timestamp), 1(Integer), 0(Integer)
10:47:51,343 [Thread-103] DEBUG org.activiti.engine.impl.persistence.entity.JobEntity.selectAsyncJobsDueToExecute  - ==&gt;  Preparing: select RES.* from ACT_RU_JOB RES LEFT OUTER JOIN ACT_RU_EXECUTION PI ON PI.ID_ = RES.PROCESS_INSTANCE_ID_ where RES.RETRIES_ &gt; 0 and RES.DUEDATE_ is not null and RES.DUEDATE_ &lt;= ? and (RES.LOCK_EXP_TIME_ is null or RES.LOCK_EXP_TIME_ &lt;= ?) and TYPE_ = &apos;message&apos; and ( (RES.EXECUTION_ID_ is null) or (PI.SUSPENSION_STATE_ = 1) ) LIMIT ? OFFSET ? 
10:47:51,343 [Thread-105] DEBUG org.activiti.engine.impl.persistence.entity.JobEntity.selectNextTimerJobsToExecute  - &lt;==      Total: 0
10:47:51,343 [Thread-111] DEBUG org.activiti.engine.impl.persistence.entity.JobEntity.selectNextTimerJobsToExecute  - &lt;==      Total: 0
10:47:51,343 [Thread-111] DEBUG org.activiti.engine.impl.db.DbSqlSession  - flush summary: 0 insert, 0 update, 0 delete.
10:47:51,343 [Thread-111] DEBUG org.activiti.engine.impl.db.DbSqlSession  - now executing flush...
10:47:51,343 [Thread-111] DEBUG org.activiti.engine.impl.cfg.standalone.StandaloneMybatisTransactionContext  - firing event committing...
10:47:51,343 [Thread-111] DEBUG org.activiti.engine.impl.cfg.standalone.StandaloneMybatisTransactionContext  - committing the ibatis sql session...
10:47:51,343 [Thread-111] DEBUG org.activiti.engine.impl.cfg.standalone.StandaloneMybatisTransactionContext  - firing event committed...
10:47:51,343 [Thread-111] DEBUG org.apache.ibatis.transaction.jdbc.JdbcTransaction  - Resetting autocommit to true on JDBC Connection [conn69: url=jdbc:h2:mem:activiti-AsyncExecutorTest user=SA]
10:47:51,343 [Thread-102] DEBUG org.activiti.engine.impl.persistence.entity.JobEntity.selectNextTimerJobsToExecute  - &lt;==      Total: 0
10:47:51,343 [Thread-102] DEBUG org.activiti.engine.impl.db.DbSqlSession  - flush summary: 0 insert, 0 update, 0 delete.
10:47:51,343 [Thread-102] DEBUG org.activiti.engine.impl.db.DbSqlSession  - now executing flush...
10:47:51,343 [Thread-102] DEBUG org.activiti.engine.impl.cfg.standalone.StandaloneMybatisTransactionContext  - firing event committing...
10:47:51,343 [Thread-102] DEBUG org.activiti.engine.impl.cfg.standalone.StandaloneMybatisTransactionContext  - committing the ibatis sql session...
10:47:51,343 [Thread-102] DEBUG org.activiti.engine.impl.cfg.standalone.StandaloneMybatisTransactionContext  - firing event committed...
10:47:51,343 [Thread-102] DEBUG org.apache.ibatis.transaction.jdbc.JdbcTransaction  - Resetting autocommit to true on JDBC Connection [conn61: url=jdbc:h2:mem:activiti-AsyncExecutorTest user=SA]
10:47:51,343 [Thread-102] DEBUG org.apache.ibatis.transaction.jdbc.JdbcTransaction  - Closing JDBC Connection [conn61: url=jdbc:h2:mem:activiti-AsyncExecutorTest user=SA]
10:47:51,343 [Thread-106] DEBUG org.activiti.engine.impl.persistence.entity.JobEntity.selectAsyncJobsDueToExecute  - ==&gt;  Preparing: select RES.* from ACT_RU_JOB RES LEFT OUTER JOIN ACT_RU_EXECUTION PI ON PI.ID_ = RES.PROCESS_INSTANCE_ID_ where RES.RETRIES_ &gt; 0 and RES.DUEDATE_ is not null and RES.DUEDATE_ &lt;= ? and (RES.LOCK_EXP_TIME_ is null or RES.LOCK_EXP_TIME_ &lt;= ?) and TYPE_ = &apos;message&apos; and ( (RES.EXECUTION_ID_ is null) or (PI.SUSPENSION_STATE_ = 1) ) LIMIT ? OFFSET ? 
10:47:51,343 [Thread-102] DEBUG org.apache.ibatis.datasource.pooled.PooledDataSource  - Returned connection 157985567 to pool.
10:47:51,343 [Thread-102] DEBUG org.activiti.engine.impl.interceptor.LogInterceptor  - --- AcquireTimerJobsCmd finished --------------------------------------------------------
10:47:51,344 [Thread-102] DEBUG org.activiti.engine.impl.interceptor.LogInterceptor  - 

10:47:51,343 [Thread-111] DEBUG org.apache.ibatis.transaction.jdbc.JdbcTransaction  - Closing JDBC Connection [conn69: url=jdbc:h2:mem:activiti-AsyncExecutorTest user=SA]
10:47:51,344 [Thread-111] DEBUG org.apache.ibatis.datasource.pooled.PooledDataSource  - Returned connection 1863805930 to pool.
10:47:51,344 [Thread-111] DEBUG org.activiti.engine.impl.interceptor.LogInterceptor  - --- AcquireTimerJobsCmd finished --------------------------------------------------------
10:47:51,344 [Thread-111] DEBUG org.activiti.engine.impl.interceptor.LogInterceptor  - 

10:47:51,343 [Thread-105] DEBUG org.activiti.engine.impl.db.DbSqlSession  - flush summary: 0 insert, 0 update, 0 delete.
10:47:51,344 [Thread-105] DEBUG org.activiti.engine.impl.db.DbSqlSession  - now executing flush...
10:47:51,344 [Thread-105] DEBUG org.activiti.engine.impl.cfg.standalone.StandaloneMybatisTransactionContext  - firing event committing...
10:47:51,344 [Thread-105] DEBUG org.activiti.engine.impl.cfg.standalone.StandaloneMybatisTransactionContext  - committing the ibatis sql session...
10:47:51,344 [Thread-105] DEBUG org.activiti.engine.impl.cfg.standalone.StandaloneMybatisTransactionContext  - firing event committed...
10:47:51,344 [Thread-105] DEBUG org.apache.ibatis.transaction.jdbc.JdbcTransaction  - Resetting autocommit to true on JDBC Connection [conn64: url=jdbc:h2:mem:activiti-AsyncExecutorTest user=SA]
10:47:51,344 [Thread-105] DEBUG org.apache.ibatis.transaction.jdbc.JdbcTransaction  - Closing JDBC Connection [conn64: url=jdbc:h2:mem:activiti-AsyncExecutorTest user=SA]
10:47:51,344 [Thread-105] DEBUG org.apache.ibatis.datasource.pooled.PooledDataSource  - Returned connection 54468349 to pool.
10:47:51,344 [Thread-105] DEBUG org.activiti.engine.impl.interceptor.LogInterceptor  - --- AcquireTimerJobsCmd finished --------------------------------------------------------
10:47:51,344 [Thread-105] DEBUG org.activiti.engine.impl.interceptor.LogInterceptor  - 

10:47:51,344 [Thread-105] DEBUG org.activiti.engine.impl.asyncexecutor.AcquireTimerJobsRunnable  - timer job acquisition thread sleeping for 50 millis
10:47:51,343 [Thread-103] DEBUG org.activiti.engine.impl.persistence.entity.JobEntity.selectAsyncJobsDueToExecute  - ==&gt; Parameters: 2023-03-20 10:48:50.669(Timestamp), 2023-03-20 10:48:50.669(Timestamp), 1(Integer), 0(Integer)
10:47:51,344 [Thread-111] DEBUG org.activiti.engine.impl.asyncexecutor.AcquireTimerJobsRunnable  - timer job acquisition thread sleeping for 50 millis
10:47:51,344 [Thread-102] DEBUG org.activiti.engine.impl.asyncexecutor.AcquireTimerJobsRunnable  - timer job acquisition thread sleeping for 50 millis
10:47:51,343 [Thread-106] DEBUG org.activiti.engine.impl.persistence.entity.JobEntity.selectAsyncJobsDueToExecute  - ==&gt; Parameters: 2023-03-20 10:48:50.669(Timestamp), 2023-03-20 10:48:50.669(Timestamp), 1(Integer), 0(Integer)
10:47:51,344 [Thread-103] DEBUG org.activiti.engine.impl.persistence.entity.JobEntity.selectAsyncJobsDueToExecute  - &lt;==      Total: 0
10:47:51,344 [Thread-106] DEBUG org.activiti.engine.impl.persistence.entity.JobEntity.selectAsyncJobsDueToExecute  - &lt;==      Total: 0
10:47:51,344 [Thread-103] DEBUG org.activiti.engine.impl.db.DbSqlSession  - flush summary: 0 insert, 0 update, 0 delete.
10:47:51,344 [Thread-103] DEBUG org.activiti.engine.impl.db.DbSqlSession  - now executing flush...
10:47:51,344 [Thread-103] DEBUG org.activiti.engine.impl.cfg.standalone.StandaloneMybatisTransactionContext  - firing event committing...
10:47:51,344 [Thread-103] DEBUG org.activiti.engine.impl.cfg.standalone.StandaloneMybatisTransactionContext  - committing the ibatis sql session...
10:47:51,344 [Thread-103] DEBUG org.activiti.engine.impl.cfg.standalone.StandaloneMybatisTransactionContext  - firing event committed...
10:47:51,344 [Thread-103] DEBUG org.apache.ibatis.transaction.jdbc.JdbcTransaction  - Resetting autocommit to true on JDBC Connection [conn59: url=jdbc:h2:mem:activiti-AsyncExecutorTest user=SA]
10:47:51,344 [Thread-103] DEBUG org.apache.ibatis.transaction.jdbc.JdbcTransaction  - Closing JDBC Connection [conn59: url=jdbc:h2:mem:activiti-AsyncExecutorTest user=SA]
10:47:51,345 [Thread-103] DEBUG org.apache.ibatis.datasource.pooled.PooledDataSource  - Returned connection 720039383 to pool.
10:47:51,345 [Thread-103] DEBUG org.activiti.engine.impl.interceptor.LogInterceptor  - --- AcquireAsyncJobsDueCmd finished --------------------------------------------------------
10:47:51,345 [Thread-103] DEBUG org.activiti.engine.impl.interceptor.LogInterceptor  - 

10:47:51,345 [Thread-103] DEBUG org.activiti.engine.impl.asyncexecutor.AcquireAsyncJobsDueRunnable  - async job acquisition thread sleeping for 50 millis
10:47:51,344 [Thread-106] DEBUG org.activiti.engine.impl.db.DbSqlSession  - flush summary: 0 insert, 0 update, 0 delete.
10:47:51,345 [Thread-106] DEBUG org.activiti.engine.impl.db.DbSqlSession  - now executing flush...
10:47:51,345 [Thread-106] DEBUG org.activiti.engine.impl.cfg.standalone.StandaloneMybatisTransactionContext  - firing event committing...
10:47:51,345 [Thread-106] DEBUG org.activiti.engine.impl.cfg.standalone.StandaloneMybatisTransactionContext  - committing the ibatis sql session...
10:47:51,345 [Thread-106] DEBUG org.activiti.engine.impl.cfg.standalone.StandaloneMybatisTransactionContext  - firing event committed...
10:47:51,345 [Thread-106] DEBUG org.apache.ibatis.transaction.jdbc.JdbcTransaction  - Resetting autocommit to true on JDBC Connection [conn63: url=jdbc:h2:mem:activiti-AsyncExecutorTest user=SA]
10:47:51,345 [Thread-106] DEBUG org.apache.ibatis.transaction.jdbc.JdbcTransaction  - Closing JDBC Connection [conn63: url=jdbc:h2:mem:activiti-AsyncExecutorTest user=SA]
10:47:51,345 [Thread-106] DEBUG org.apache.ibatis.datasource.pooled.PooledDataSource  - Returned connection 1970103261 to pool.
10:47:51,345 [Thread-106] DEBUG org.activiti.engine.impl.interceptor.LogInterceptor  - --- AcquireAsyncJobsDueCmd finished --------------------------------------------------------
10:47:51,345 [Thread-106] DEBUG org.activiti.engine.impl.interceptor.LogInterceptor  - 

10:47:51,345 [Thread-106] DEBUG org.activiti.engine.impl.asyncexecutor.AcquireAsyncJobsDueRunnable  - async job acquisition thread sleeping for 50 millis
10:47:51,390 [Thread-112] DEBUG org.activiti.engine.impl.asyncexecutor.AcquireAsyncJobsDueRunnable  - async job acquisition thread woke up
10:47:51,390 [Thread-112] DEBUG org.activiti.engine.impl.interceptor.LogInterceptor  - 

10:47:51,390 [Thread-112] DEBUG org.activiti.engine.impl.interceptor.LogInterceptor  - --- starting AcquireAsyncJobsDueCmd --------------------------------------------------------
10:47:51,390 [Thread-112] DEBUG org.apache.ibatis.transaction.jdbc.JdbcTransaction  - Opening JDBC Connection
10:47:51,390 [Thread-112] DEBUG org.apache.ibatis.datasource.pooled.PooledDataSource  - Checked out connection 604408605 from pool.
10:47:51,390 [Thread-112] DEBUG org.apache.ibatis.transaction.jdbc.JdbcTransaction  - Setting autocommit to false on JDBC Connection [conn70: url=jdbc:h2:mem:activiti-AsyncExecutorTest user=SA]
10:47:51,390 [Thread-112] DEBUG org.activiti.engine.impl.persistence.entity.JobEntity.selectAsyncJobsDueToExecute  - ==&gt;  Preparing: select RES.* from ACT_RU_JOB RES LEFT OUTER JOIN ACT_RU_EXECUTION PI ON PI.ID_ = RES.PROCESS_INSTANCE_ID_ where RES.RETRIES_ &gt; 0 and RES.DUEDATE_ is not null and RES.DUEDATE_ &lt;= ? and (RES.LOCK_EXP_TIME_ is null or RES.LOCK_EXP_TIME_ &lt;= ?) and TYPE_ = &apos;message&apos; and ( (RES.EXECUTION_ID_ is null) or (PI.SUSPENSION_STATE_ = 1) ) LIMIT ? OFFSET ? 
10:47:51,390 [Thread-112] DEBUG org.activiti.engine.impl.persistence.entity.JobEntity.selectAsyncJobsDueToExecute  - ==&gt; Parameters: 2023-03-20 10:48:50.669(Timestamp), 2023-03-20 10:48:50.669(Timestamp), 1(Integer), 0(Integer)
10:47:51,390 [Thread-112] DEBUG org.activiti.engine.impl.persistence.entity.JobEntity.selectAsyncJobsDueToExecute  - &lt;==      Total: 0
10:47:51,390 [Thread-112] DEBUG org.activiti.engine.impl.db.DbSqlSession  - flush summary: 0 insert, 0 update, 0 delete.
10:47:51,390 [Thread-112] DEBUG org.activiti.engine.impl.db.DbSqlSession  - now executing flush...
10:47:51,390 [Thread-112] DEBUG org.activiti.engine.impl.cfg.standalone.StandaloneMybatisTransactionContext  - firing event committing...
10:47:51,390 [Thread-112] DEBUG org.activiti.engine.impl.cfg.standalone.StandaloneMybatisTransactionContext  - committing the ibatis sql session...
10:47:51,390 [Thread-112] DEBUG org.activiti.engine.impl.cfg.standalone.StandaloneMybatisTransactionContext  - firing event committed...
10:47:51,390 [Thread-112] DEBUG org.apache.ibatis.transaction.jdbc.JdbcTransaction  - Resetting autocommit to true on JDBC Connection [conn70: url=jdbc:h2:mem:activiti-AsyncExecutorTest user=SA]
10:47:51,390 [Thread-112] DEBUG org.apache.ibatis.transaction.jdbc.JdbcTransaction  - Closing JDBC Connection [conn70: url=jdbc:h2:mem:activiti-AsyncExecutorTest user=SA]
10:47:51,390 [Thread-112] DEBUG org.apache.ibatis.datasource.pooled.PooledDataSource  - Returned connection 604408605 to pool.
10:47:51,390 [Thread-112] DEBUG org.activiti.engine.impl.interceptor.LogInterceptor  - --- AcquireAsyncJobsDueCmd finished --------------------------------------------------------
10:47:51,390 [Thread-112] DEBUG org.activiti.engine.impl.interceptor.LogInterceptor  - 

10:47:51,391 [Thread-112] DEBUG org.activiti.engine.impl.asyncexecutor.AcquireAsyncJobsDueRunnable  - async job acquisition thread sleeping for 50 millis
10:47:51,406 [Thread-106] DEBUG org.activiti.engine.impl.asyncexecutor.AcquireAsyncJobsDueRunnable  - async job acquisition thread woke up
10:47:51,406 [Thread-105] DEBUG org.activiti.engine.impl.asyncexecutor.AcquireTimerJobsRunnable  - timer job acquisition thread woke up
10:47:51,406 [Thread-105] DEBUG org.activiti.engine.impl.interceptor.LogInterceptor  - 

10:47:51,406 [Thread-111] DEBUG org.activiti.engine.impl.asyncexecutor.AcquireTimerJobsRunnable  - timer job acquisition thread woke up
10:47:51,406 [Thread-102] DEBUG org.activiti.engine.impl.asyncexecutor.AcquireTimerJobsRunnable  - timer job acquisition thread woke up
10:47:51,406 [Thread-102] DEBUG org.activiti.engine.impl.interceptor.LogInterceptor  - 

10:47:51,406 [Thread-102] DEBUG org.activiti.engine.impl.interceptor.LogInterceptor  - --- starting AcquireTimerJobsCmd --------------------------------------------------------
10:47:51,406 [Thread-103] DEBUG org.activiti.engine.impl.asyncexecutor.AcquireAsyncJobsDueRunnable  - async job acquisition thread woke up
10:47:51,406 [Thread-102] DEBUG org.apache.ibatis.transaction.jdbc.JdbcTransaction  - Opening JDBC Connection
10:47:51,406 [Thread-102] DEBUG org.apache.ibatis.datasource.pooled.PooledDataSource  - Checked out connection 33534803 from pool.
10:47:51,406 [Thread-103] DEBUG org.activiti.engine.impl.interceptor.LogInterceptor  - 

10:47:51,406 [Thread-103] DEBUG org.activiti.engine.impl.interceptor.LogInterceptor  - --- starting AcquireAsyncJobsDueCmd --------------------------------------------------------
10:47:51,406 [Thread-111] DEBUG org.activiti.engine.impl.interceptor.LogInterceptor  - 

10:47:51,406 [Thread-111] DEBUG org.activiti.engine.impl.interceptor.LogInterceptor  - --- starting AcquireTimerJobsCmd --------------------------------------------------------
10:47:51,406 [Thread-105] DEBUG org.activiti.engine.impl.interceptor.LogInterceptor  - --- starting AcquireTimerJobsCmd --------------------------------------------------------
10:47:51,406 [Thread-106] DEBUG org.activiti.engine.impl.interceptor.LogInterceptor  - 

10:47:51,406 [Thread-106] DEBUG org.activiti.engine.impl.interceptor.LogInterceptor  - --- starting AcquireAsyncJobsDueCmd --------------------------------------------------------
10:47:51,406 [Thread-106] DEBUG org.apache.ibatis.transaction.jdbc.JdbcTransaction  - Opening JDBC Connection
10:47:51,406 [Thread-106] DEBUG org.apache.ibatis.datasource.pooled.PooledDataSource  - Checked out connection 996762054 from pool.
10:47:51,407 [Thread-106] DEBUG org.apache.ibatis.transaction.jdbc.JdbcTransaction  - Setting autocommit to false on JDBC Connection [conn65: url=jdbc:h2:mem:activiti-AsyncExecutorTest user=SA]
10:47:51,406 [Thread-105] DEBUG org.apache.ibatis.transaction.jdbc.JdbcTransaction  - Opening JDBC Connection
10:47:51,407 [Thread-105] DEBUG org.apache.ibatis.datasource.pooled.PooledDataSource  - Checked out connection 54468349 from pool.
10:47:51,407 [Thread-105] DEBUG org.apache.ibatis.transaction.jdbc.JdbcTransaction  - Setting autocommit to false on JDBC Connection [conn64: url=jdbc:h2:mem:activiti-AsyncExecutorTest user=SA]
10:47:51,406 [Thread-111] DEBUG org.apache.ibatis.transaction.jdbc.JdbcTransaction  - Opening JDBC Connection
10:47:51,407 [Thread-111] DEBUG org.apache.ibatis.datasource.pooled.PooledDataSource  - Checked out connection 58501658 from pool.
10:47:51,407 [Thread-111] DEBUG org.apache.ibatis.transaction.jdbc.JdbcTransaction  - Setting autocommit to false on JDBC Connection [conn68: url=jdbc:h2:mem:activiti-AsyncExecutorTest user=SA]
10:47:51,407 [Thread-111] DEBUG org.activiti.engine.impl.persistence.entity.JobEntity.selectNextTimerJobsToExecute  - ==&gt;  Preparing: select RES.* from ACT_RU_JOB RES LEFT OUTER JOIN ACT_RU_EXECUTION PI ON PI.ID_ = RES.PROCESS_INSTANCE_ID_ where (RES.RETRIES_ &gt; 0) and (RES.DUEDATE_ is null or RES.DUEDATE_ &lt;= ?) and (RES.LOCK_OWNER_ is null or RES.LOCK_EXP_TIME_ &lt;= ?) and TYPE_ = &apos;timer&apos; and ( (RES.EXECUTION_ID_ is null) or (PI.SUSPENSION_STATE_ = 1) ) LIMIT ? OFFSET ? 
10:47:51,406 [Thread-103] DEBUG org.apache.ibatis.transaction.jdbc.JdbcTransaction  - Opening JDBC Connection
10:47:51,407 [Thread-103] DEBUG org.apache.ibatis.datasource.pooled.PooledDataSource  - Checked out connection 157985567 from pool.
10:47:51,407 [Thread-103] DEBUG org.apache.ibatis.transaction.jdbc.JdbcTransaction  - Setting autocommit to false on JDBC Connection [conn61: url=jdbc:h2:mem:activiti-AsyncExecutorTest user=SA]
10:47:51,406 [Thread-102] DEBUG org.apache.ibatis.transaction.jdbc.JdbcTransaction  - Setting autocommit to false on JDBC Connection [conn60: url=jdbc:h2:mem:activiti-AsyncExecutorTest user=SA]
10:47:51,407 [Thread-102] DEBUG org.activiti.engine.impl.persistence.entity.JobEntity.selectNextTimerJobsToExecute  - ==&gt;  Preparing: select RES.* from ACT_RU_JOB RES LEFT OUTER JOIN ACT_RU_EXECUTION PI ON PI.ID_ = RES.PROCESS_INSTANCE_ID_ where (RES.RETRIES_ &gt; 0) and (RES.DUEDATE_ is null or RES.DUEDATE_ &lt;= ?) and (RES.LOCK_OWNER_ is null or RES.LOCK_EXP_TIME_ &lt;= ?) and TYPE_ = &apos;timer&apos; and ( (RES.EXECUTION_ID_ is null) or (PI.SUSPENSION_STATE_ = 1) ) LIMIT ? OFFSET ? 
10:47:51,407 [Thread-103] DEBUG org.activiti.engine.impl.persistence.entity.JobEntity.selectAsyncJobsDueToExecute  - ==&gt;  Preparing: select RES.* from ACT_RU_JOB RES LEFT OUTER JOIN ACT_RU_EXECUTION PI ON PI.ID_ = RES.PROCESS_INSTANCE_ID_ where RES.RETRIES_ &gt; 0 and RES.DUEDATE_ is not null and RES.DUEDATE_ &lt;= ? and (RES.LOCK_EXP_TIME_ is null or RES.LOCK_EXP_TIME_ &lt;= ?) and TYPE_ = &apos;message&apos; and ( (RES.EXECUTION_ID_ is null) or (PI.SUSPENSION_STATE_ = 1) ) LIMIT ? OFFSET ? 
10:47:51,407 [Thread-111] DEBUG org.activiti.engine.impl.persistence.entity.JobEntity.selectNextTimerJobsToExecute  - ==&gt; Parameters: 2023-03-20 10:48:50.669(Timestamp), 2023-03-20 10:48:50.669(Timestamp), 1(Integer), 0(Integer)
10:47:51,407 [Thread-105] DEBUG org.activiti.engine.impl.persistence.entity.JobEntity.selectNextTimerJobsToExecute  - ==&gt;  Preparing: select RES.* from ACT_RU_JOB RES LEFT OUTER JOIN ACT_RU_EXECUTION PI ON PI.ID_ = RES.PROCESS_INSTANCE_ID_ where (RES.RETRIES_ &gt; 0) and (RES.DUEDATE_ is null or RES.DUEDATE_ &lt;= ?) and (RES.LOCK_OWNER_ is null or RES.LOCK_EXP_TIME_ &lt;= ?) and TYPE_ = &apos;timer&apos; and ( (RES.EXECUTION_ID_ is null) or (PI.SUSPENSION_STATE_ = 1) ) LIMIT ? OFFSET ? 
10:47:51,407 [Thread-106] DEBUG org.activiti.engine.impl.persistence.entity.JobEntity.selectAsyncJobsDueToExecute  - ==&gt;  Preparing: select RES.* from ACT_RU_JOB RES LEFT OUTER JOIN ACT_RU_EXECUTION PI ON PI.ID_ = RES.PROCESS_INSTANCE_ID_ where RES.RETRIES_ &gt; 0 and RES.DUEDATE_ is not null and RES.DUEDATE_ &lt;= ? and (RES.LOCK_EXP_TIME_ is null or RES.LOCK_EXP_TIME_ &lt;= ?) and TYPE_ = &apos;message&apos; and ( (RES.EXECUTION_ID_ is null) or (PI.SUSPENSION_STATE_ = 1) ) LIMIT ? OFFSET ? 
10:47:51,407 [Thread-105] DEBUG org.activiti.engine.impl.persistence.entity.JobEntity.selectNextTimerJobsToExecute  - ==&gt; Parameters: 2023-03-20 10:48:50.669(Timestamp), 2023-03-20 10:48:50.669(Timestamp), 1(Integer), 0(Integer)
10:47:51,407 [Thread-111] DEBUG org.activiti.engine.impl.persistence.entity.JobEntity.selectNextTimerJobsToExecute  - &lt;==      Total: 0
10:47:51,407 [Thread-103] DEBUG org.activiti.engine.impl.persistence.entity.JobEntity.selectAsyncJobsDueToExecute  - ==&gt; Parameters: 2023-03-20 10:48:50.669(Timestamp), 2023-03-20 10:48:50.669(Timestamp), 1(Integer), 0(Integer)
10:47:51,407 [Thread-102] DEBUG org.activiti.engine.impl.persistence.entity.JobEntity.selectNextTimerJobsToExecute  - ==&gt; Parameters: 2023-03-20 10:48:50.669(Timestamp), 2023-03-20 10:48:50.669(Timestamp), 1(Integer), 0(Integer)
10:47:51,407 [Thread-103] DEBUG org.activiti.engine.impl.persistence.entity.JobEntity.selectAsyncJobsDueToExecute  - &lt;==      Total: 0
10:47:51,407 [Thread-103] DEBUG org.activiti.engine.impl.db.DbSqlSession  - flush summary: 0 insert, 0 update, 0 delete.
10:47:51,407 [Thread-103] DEBUG org.activiti.engine.impl.db.DbSqlSession  - now executing flush...
10:47:51,407 [Thread-103] DEBUG org.activiti.engine.impl.cfg.standalone.StandaloneMybatisTransactionContext  - firing event committing...
10:47:51,407 [Thread-103] DEBUG org.activiti.engine.impl.cfg.standalone.StandaloneMybatisTransactionContext  - committing the ibatis sql session...
10:47:51,407 [Thread-103] DEBUG org.activiti.engine.impl.cfg.standalone.StandaloneMybatisTransactionContext  - firing event committed...
10:47:51,407 [Thread-103] DEBUG org.apache.ibatis.transaction.jdbc.JdbcTransaction  - Resetting autocommit to true on JDBC Connection [conn61: url=jdbc:h2:mem:activiti-AsyncExecutorTest user=SA]
10:47:51,407 [Thread-111] DEBUG org.activiti.engine.impl.db.DbSqlSession  - flush summary: 0 insert, 0 update, 0 delete.
10:47:51,407 [Thread-111] DEBUG org.activiti.engine.impl.db.DbSqlSession  - now executing flush...
10:47:51,407 [Thread-111] DEBUG org.activiti.engine.impl.cfg.standalone.StandaloneMybatisTransactionContext  - firing event committing...
10:47:51,407 [Thread-111] DEBUG org.activiti.engine.impl.cfg.standalone.StandaloneMybatisTransactionContext  - committing the ibatis sql session...
10:47:51,407 [Thread-111] DEBUG org.activiti.engine.impl.cfg.standalone.StandaloneMybatisTransactionContext  - firing event committed...
10:47:51,407 [Thread-111] DEBUG org.apache.ibatis.transaction.jdbc.JdbcTransaction  - Resetting autocommit to true on JDBC Connection [conn68: url=jdbc:h2:mem:activiti-AsyncExecutorTest user=SA]
10:47:51,407 [Thread-111] DEBUG org.apache.ibatis.transaction.jdbc.JdbcTransaction  - Closing JDBC Connection [conn68: url=jdbc:h2:mem:activiti-AsyncExecutorTest user=SA]
10:47:51,407 [Thread-105] DEBUG org.activiti.engine.impl.persistence.entity.JobEntity.selectNextTimerJobsToExecute  - &lt;==      Total: 0
10:47:51,408 [Thread-105] DEBUG org.activiti.engine.impl.db.DbSqlSession  - flush summary: 0 insert, 0 update, 0 delete.
10:47:51,408 [Thread-105] DEBUG org.activiti.engine.impl.db.DbSqlSession  - now executing flush...
10:47:51,408 [Thread-105] DEBUG org.activiti.engine.impl.cfg.standalone.StandaloneMybatisTransactionContext  - firing event committing...
10:47:51,408 [Thread-105] DEBUG org.activiti.engine.impl.cfg.standalone.StandaloneMybatisTransactionContext  - committing the ibatis sql session...
10:47:51,408 [Thread-105] DEBUG org.activiti.engine.impl.cfg.standalone.StandaloneMybatisTransactionContext  - firing event committed...
10:47:51,408 [Thread-105] DEBUG org.apache.ibatis.transaction.jdbc.JdbcTransaction  - Resetting autocommit to true on JDBC Connection [conn64: url=jdbc:h2:mem:activiti-AsyncExecutorTest user=SA]
10:47:51,408 [Thread-105] DEBUG org.apache.ibatis.transaction.jdbc.JdbcTransaction  - Closing JDBC Connection [conn64: url=jdbc:h2:mem:activiti-AsyncExecutorTest user=SA]
10:47:51,408 [Thread-105] DEBUG org.apache.ibatis.datasource.pooled.PooledDataSource  - Returned connection 54468349 to pool.
10:47:51,408 [Thread-105] DEBUG org.activiti.engine.impl.interceptor.LogInterceptor  - --- AcquireTimerJobsCmd finished --------------------------------------------------------
10:47:51,408 [Thread-105] DEBUG org.activiti.engine.impl.interceptor.LogInterceptor  - 

10:47:51,407 [Thread-106] DEBUG org.activiti.engine.impl.persistence.entity.JobEntity.selectAsyncJobsDueToExecute  - ==&gt; Parameters: 2023-03-20 10:48:50.669(Timestamp), 2023-03-20 10:48:50.669(Timestamp), 1(Integer), 0(Integer)
10:47:51,408 [Thread-105] DEBUG org.activiti.engine.impl.asyncexecutor.AcquireTimerJobsRunnable  - timer job acquisition thread sleeping for 50 millis
10:47:51,408 [Thread-111] DEBUG org.apache.ibatis.datasource.pooled.PooledDataSource  - Returned connection 58501658 to pool.
10:47:51,408 [Thread-111] DEBUG org.activiti.engine.impl.interceptor.LogInterceptor  - --- AcquireTimerJobsCmd finished --------------------------------------------------------
10:47:51,408 [Thread-111] DEBUG org.activiti.engine.impl.interceptor.LogInterceptor  - 

10:47:51,408 [Thread-111] DEBUG org.activiti.engine.impl.asyncexecutor.AcquireTimerJobsRunnable  - timer job acquisition thread sleeping for 50 millis
10:47:51,407 [Thread-103] DEBUG org.apache.ibatis.transaction.jdbc.JdbcTransaction  - Closing JDBC Connection [conn61: url=jdbc:h2:mem:activiti-AsyncExecutorTest user=SA]
10:47:51,408 [Thread-103] DEBUG org.apache.ibatis.datasource.pooled.PooledDataSource  - Returned connection 157985567 to pool.
10:47:51,408 [Thread-103] DEBUG org.activiti.engine.impl.interceptor.LogInterceptor  - --- AcquireAsyncJobsDueCmd finished --------------------------------------------------------
10:47:51,408 [Thread-103] DEBUG org.activiti.engine.impl.interceptor.LogInterceptor  - 

10:47:51,408 [Thread-103] DEBUG org.activiti.engine.impl.asyncexecutor.AcquireAsyncJobsDueRunnable  - async job acquisition thread sleeping for 50 millis
10:47:51,407 [Thread-102] DEBUG org.activiti.engine.impl.persistence.entity.JobEntity.selectNextTimerJobsToExecute  - &lt;==      Total: 0
10:47:51,408 [Thread-102] DEBUG org.activiti.engine.impl.db.DbSqlSession  - flush summary: 0 insert, 0 update, 0 delete.
10:47:51,408 [Thread-102] DEBUG org.activiti.engine.impl.db.DbSqlSession  - now executing flush...
10:47:51,408 [Thread-102] DEBUG org.activiti.engine.impl.cfg.standalone.StandaloneMybatisTransactionContext  - firing event committing...
10:47:51,408 [Thread-102] DEBUG org.activiti.engine.impl.cfg.standalone.StandaloneMybatisTransactionContext  - committing the ibatis sql session...
10:47:51,408 [Thread-102] DEBUG org.activiti.engine.impl.cfg.standalone.StandaloneMybatisTransactionContext  - firing event committed...
10:47:51,408 [Thread-102] DEBUG org.apache.ibatis.transaction.jdbc.JdbcTransaction  - Resetting autocommit to true on JDBC Connection [conn60: url=jdbc:h2:mem:activiti-AsyncExecutorTest user=SA]
10:47:51,408 [Thread-102] DEBUG org.apache.ibatis.transaction.jdbc.JdbcTransaction  - Closing JDBC Connection [conn60: url=jdbc:h2:mem:activiti-AsyncExecutorTest user=SA]
10:47:51,408 [Thread-102] DEBUG org.apache.ibatis.datasource.pooled.PooledDataSource  - Returned connection 33534803 to pool.
10:47:51,408 [Thread-102] DEBUG org.activiti.engine.impl.interceptor.LogInterceptor  - --- AcquireTimerJobsCmd finished --------------------------------------------------------
10:47:51,408 [Thread-102] DEBUG org.activiti.engine.impl.interceptor.LogInterceptor  - 

10:47:51,408 [Thread-102] DEBUG org.activiti.engine.impl.asyncexecutor.AcquireTimerJobsRunnable  - timer job acquisition thread sleeping for 50 millis
10:47:51,408 [Thread-106] DEBUG org.activiti.engine.impl.persistence.entity.JobEntity.selectAsyncJobsDueToExecute  - &lt;==      Total: 0
10:47:51,408 [Thread-106] DEBUG org.activiti.engine.impl.db.DbSqlSession  - flush summary: 0 insert, 0 update, 0 delete.
10:47:51,408 [Thread-106] DEBUG org.activiti.engine.impl.db.DbSqlSession  - now executing flush...
10:47:51,408 [Thread-106] DEBUG org.activiti.engine.impl.cfg.standalone.StandaloneMybatisTransactionContext  - firing event committing...
10:47:51,408 [Thread-106] DEBUG org.activiti.engine.impl.cfg.standalone.StandaloneMybatisTransactionContext  - committing the ibatis sql session...
10:47:51,408 [Thread-106] DEBUG org.activiti.engine.impl.cfg.standalone.StandaloneMybatisTransactionContext  - firing event committed...
10:47:51,408 [Thread-106] DEBUG org.apache.ibatis.transaction.jdbc.JdbcTransaction  - Resetting autocommit to true on JDBC Connection [conn65: url=jdbc:h2:mem:activiti-AsyncExecutorTest user=SA]
10:47:51,408 [Thread-106] DEBUG org.apache.ibatis.transaction.jdbc.JdbcTransaction  - Closing JDBC Connection [conn65: url=jdbc:h2:mem:activiti-AsyncExecutorTest user=SA]
10:47:51,409 [Thread-106] DEBUG org.apache.ibatis.datasource.pooled.PooledDataSource  - Returned connection 996762054 to pool.
10:47:51,409 [Thread-106] DEBUG org.activiti.engine.impl.interceptor.LogInterceptor  - --- AcquireAsyncJobsDueCmd finished --------------------------------------------------------
10:47:51,409 [Thread-106] DEBUG org.activiti.engine.impl.interceptor.LogInterceptor  - 

10:47:51,409 [Thread-106] DEBUG org.activiti.engine.impl.asyncexecutor.AcquireAsyncJobsDueRunnable  - async job acquisition thread sleeping for 50 millis
10:47:51,452 [Thread-112] DEBUG org.activiti.engine.impl.asyncexecutor.AcquireAsyncJobsDueRunnable  - async job acquisition thread woke up
10:47:51,452 [Thread-112] DEBUG org.activiti.engine.impl.interceptor.LogInterceptor  - 

10:47:51,452 [Thread-112] DEBUG org.activiti.engine.impl.interceptor.LogInterceptor  - --- starting AcquireAsyncJobsDueCmd --------------------------------------------------------
10:47:51,452 [Thread-112] DEBUG org.apache.ibatis.transaction.jdbc.JdbcTransaction  - Opening JDBC Connection
10:47:51,452 [Thread-112] DEBUG org.apache.ibatis.datasource.pooled.PooledDataSource  - Checked out connection 1863805930 from pool.
10:47:51,452 [Thread-112] DEBUG org.apache.ibatis.transaction.jdbc.JdbcTransaction  - Setting autocommit to false on JDBC Connection [conn69: url=jdbc:h2:mem:activiti-AsyncExecutorTest user=SA]
10:47:51,452 [Thread-112] DEBUG org.activiti.engine.impl.persistence.entity.JobEntity.selectAsyncJobsDueToExecute  - ==&gt;  Preparing: select RES.* from ACT_RU_JOB RES LEFT OUTER JOIN ACT_RU_EXECUTION PI ON PI.ID_ = RES.PROCESS_INSTANCE_ID_ where RES.RETRIES_ &gt; 0 and RES.DUEDATE_ is not null and RES.DUEDATE_ &lt;= ? and (RES.LOCK_EXP_TIME_ is null or RES.LOCK_EXP_TIME_ &lt;= ?) and TYPE_ = &apos;message&apos; and ( (RES.EXECUTION_ID_ is null) or (PI.SUSPENSION_STATE_ = 1) ) LIMIT ? OFFSET ? 
10:47:51,452 [Thread-112] DEBUG org.activiti.engine.impl.persistence.entity.JobEntity.selectAsyncJobsDueToExecute  - ==&gt; Parameters: 2023-03-20 10:48:50.669(Timestamp), 2023-03-20 10:48:50.669(Timestamp), 1(Integer), 0(Integer)
10:47:51,452 [Thread-112] DEBUG org.activiti.engine.impl.persistence.entity.JobEntity.selectAsyncJobsDueToExecute  - &lt;==      Total: 0
10:47:51,452 [Thread-112] DEBUG org.activiti.engine.impl.db.DbSqlSession  - flush summary: 0 insert, 0 update, 0 delete.
10:47:51,452 [Thread-112] DEBUG org.activiti.engine.impl.db.DbSqlSession  - now executing flush...
10:47:51,452 [Thread-112] DEBUG org.activiti.engine.impl.cfg.standalone.StandaloneMybatisTransactionContext  - firing event committing...
10:47:51,452 [Thread-112] DEBUG org.activiti.engine.impl.cfg.standalone.StandaloneMybatisTransactionContext  - committing the ibatis sql session...
10:47:51,452 [Thread-112] DEBUG org.activiti.engine.impl.cfg.standalone.StandaloneMybatisTransactionContext  - firing event committed...
10:47:51,452 [Thread-112] DEBUG org.apache.ibatis.transaction.jdbc.JdbcTransaction  - Resetting autocommit to true on JDBC Connection [conn69: url=jdbc:h2:mem:activiti-AsyncExecutorTest user=SA]
10:47:51,452 [Thread-112] DEBUG org.apache.ibatis.transaction.jdbc.JdbcTransaction  - Closing JDBC Connection [conn69: url=jdbc:h2:mem:activiti-AsyncExecutorTest user=SA]
10:47:51,452 [Thread-112] DEBUG org.apache.ibatis.datasource.pooled.PooledDataSource  - Returned connection 1863805930 to pool.
10:47:51,452 [Thread-112] DEBUG org.activiti.engine.impl.interceptor.LogInterceptor  - --- AcquireAsyncJobsDueCmd finished --------------------------------------------------------
10:47:51,452 [Thread-112] DEBUG org.activiti.engine.impl.interceptor.LogInterceptor  - 

10:47:51,452 [Thread-112] DEBUG org.activiti.engine.impl.asyncexecutor.AcquireAsyncJobsDueRunnable  - async job acquisition thread sleeping for 50 millis
10:47:51,468 [Thread-102] DEBUG org.activiti.engine.impl.asyncexecutor.AcquireTimerJobsRunnable  - timer job acquisition thread woke up
10:47:51,468 [Thread-105] DEBUG org.activiti.engine.impl.asyncexecutor.AcquireTimerJobsRunnable  - timer job acquisition thread woke up
10:47:51,468 [Thread-105] DEBUG org.activiti.engine.impl.interceptor.LogInterceptor  - 

10:47:51,468 [Thread-111] DEBUG org.activiti.engine.impl.asyncexecutor.AcquireTimerJobsRunnable  - timer job acquisition thread woke up
10:47:51,468 [Thread-111] DEBUG org.activiti.engine.impl.interceptor.LogInterceptor  - 

10:47:51,468 [Thread-111] DEBUG org.activiti.engine.impl.interceptor.LogInterceptor  - --- starting AcquireTimerJobsCmd --------------------------------------------------------
10:47:51,468 [Thread-103] DEBUG org.activiti.engine.impl.asyncexecutor.AcquireAsyncJobsDueRunnable  - async job acquisition thread woke up
10:47:51,468 [Thread-103] DEBUG org.activiti.engine.impl.interceptor.LogInterceptor  - 

10:47:51,468 [Thread-103] DEBUG org.activiti.engine.impl.interceptor.LogInterceptor  - --- starting AcquireAsyncJobsDueCmd --------------------------------------------------------
10:47:51,468 [Thread-106] DEBUG org.activiti.engine.impl.asyncexecutor.AcquireAsyncJobsDueRunnable  - async job acquisition thread woke up
10:47:51,468 [Thread-106] DEBUG org.activiti.engine.impl.interceptor.LogInterceptor  - 

10:47:51,468 [Thread-106] DEBUG org.activiti.engine.impl.interceptor.LogInterceptor  - --- starting AcquireAsyncJobsDueCmd --------------------------------------------------------
10:47:51,468 [Thread-103] DEBUG org.apache.ibatis.transaction.jdbc.JdbcTransaction  - Opening JDBC Connection
10:47:51,468 [Thread-111] DEBUG org.apache.ibatis.transaction.jdbc.JdbcTransaction  - Opening JDBC Connection
10:47:51,468 [Thread-111] DEBUG org.apache.ibatis.datasource.pooled.PooledDataSource  - Checked out connection 604408605 from pool.
10:47:51,468 [Thread-105] DEBUG org.activiti.engine.impl.interceptor.LogInterceptor  - --- starting AcquireTimerJobsCmd --------------------------------------------------------
10:47:51,468 [Thread-102] DEBUG org.activiti.engine.impl.interceptor.LogInterceptor  - 

10:47:51,468 [Thread-102] DEBUG org.activiti.engine.impl.interceptor.LogInterceptor  - --- starting AcquireTimerJobsCmd --------------------------------------------------------
10:47:51,468 [Thread-102] DEBUG org.apache.ibatis.transaction.jdbc.JdbcTransaction  - Opening JDBC Connection
10:47:51,468 [Thread-105] DEBUG org.apache.ibatis.transaction.jdbc.JdbcTransaction  - Opening JDBC Connection
10:47:51,469 [Thread-105] DEBUG org.apache.ibatis.datasource.pooled.PooledDataSource  - Checked out connection 1970103261 from pool.
10:47:51,469 [Thread-105] DEBUG org.apache.ibatis.transaction.jdbc.JdbcTransaction  - Setting autocommit to false on JDBC Connection [conn63: url=jdbc:h2:mem:activiti-AsyncExecutorTest user=SA]
10:47:51,468 [Thread-111] DEBUG org.apache.ibatis.transaction.jdbc.JdbcTransaction  - Setting autocommit to false on JDBC Connection [conn70: url=jdbc:h2:mem:activiti-AsyncExecutorTest user=SA]
10:47:51,468 [Thread-103] DEBUG org.apache.ibatis.datasource.pooled.PooledDataSource  - Checked out connection 720039383 from pool.
10:47:51,468 [Thread-106] DEBUG org.apache.ibatis.transaction.jdbc.JdbcTransaction  - Opening JDBC Connection
10:47:51,469 [Thread-106] DEBUG org.apache.ibatis.datasource.pooled.PooledDataSource  - Checked out connection 54468349 from pool.
10:47:51,469 [Thread-106] DEBUG org.apache.ibatis.transaction.jdbc.JdbcTransaction  - Setting autocommit to false on JDBC Connection [conn64: url=jdbc:h2:mem:activiti-AsyncExecutorTest user=SA]
10:47:51,469 [Thread-102] DEBUG org.apache.ibatis.datasource.pooled.PooledDataSource  - Checked out connection 157985567 from pool.
10:47:51,469 [Thread-102] DEBUG org.apache.ibatis.transaction.jdbc.JdbcTransaction  - Setting autocommit to false on JDBC Connection [conn61: url=jdbc:h2:mem:activiti-AsyncExecutorTest user=SA]
10:47:51,469 [Thread-103] DEBUG org.apache.ibatis.transaction.jdbc.JdbcTransaction  - Setting autocommit to false on JDBC Connection [conn59: url=jdbc:h2:mem:activiti-AsyncExecutorTest user=SA]
10:47:51,469 [Thread-111] DEBUG org.activiti.engine.impl.persistence.entity.JobEntity.selectNextTimerJobsToExecute  - ==&gt;  Preparing: select RES.* from ACT_RU_JOB RES LEFT OUTER JOIN ACT_RU_EXECUTION PI ON PI.ID_ = RES.PROCESS_INSTANCE_ID_ where (RES.RETRIES_ &gt; 0) and (RES.DUEDATE_ is null or RES.DUEDATE_ &lt;= ?) and (RES.LOCK_OWNER_ is null or RES.LOCK_EXP_TIME_ &lt;= ?) and TYPE_ = &apos;timer&apos; and ( (RES.EXECUTION_ID_ is null) or (PI.SUSPENSION_STATE_ = 1) ) LIMIT ? OFFSET ? 
10:47:51,469 [Thread-105] DEBUG org.activiti.engine.impl.persistence.entity.JobEntity.selectNextTimerJobsToExecute  - ==&gt;  Preparing: select RES.* from ACT_RU_JOB RES LEFT OUTER JOIN ACT_RU_EXECUTION PI ON PI.ID_ = RES.PROCESS_INSTANCE_ID_ where (RES.RETRIES_ &gt; 0) and (RES.DUEDATE_ is null or RES.DUEDATE_ &lt;= ?) and (RES.LOCK_OWNER_ is null or RES.LOCK_EXP_TIME_ &lt;= ?) and TYPE_ = &apos;timer&apos; and ( (RES.EXECUTION_ID_ is null) or (PI.SUSPENSION_STATE_ = 1) ) LIMIT ? OFFSET ? 
10:47:51,469 [Thread-103] DEBUG org.activiti.engine.impl.persistence.entity.JobEntity.selectAsyncJobsDueToExecute  - ==&gt;  Preparing: select RES.* from ACT_RU_JOB RES LEFT OUTER JOIN ACT_RU_EXECUTION PI ON PI.ID_ = RES.PROCESS_INSTANCE_ID_ where RES.RETRIES_ &gt; 0 and RES.DUEDATE_ is not null and RES.DUEDATE_ &lt;= ? and (RES.LOCK_EXP_TIME_ is null or RES.LOCK_EXP_TIME_ &lt;= ?) and TYPE_ = &apos;message&apos; and ( (RES.EXECUTION_ID_ is null) or (PI.SUSPENSION_STATE_ = 1) ) LIMIT ? OFFSET ? 
10:47:51,469 [Thread-102] DEBUG org.activiti.engine.impl.persistence.entity.JobEntity.selectNextTimerJobsToExecute  - ==&gt;  Preparing: select RES.* from ACT_RU_JOB RES LEFT OUTER JOIN ACT_RU_EXECUTION PI ON PI.ID_ = RES.PROCESS_INSTANCE_ID_ where (RES.RETRIES_ &gt; 0) and (RES.DUEDATE_ is null or RES.DUEDATE_ &lt;= ?) and (RES.LOCK_OWNER_ is null or RES.LOCK_EXP_TIME_ &lt;= ?) and TYPE_ = &apos;timer&apos; and ( (RES.EXECUTION_ID_ is null) or (PI.SUSPENSION_STATE_ = 1) ) LIMIT ? OFFSET ? 
10:47:51,469 [Thread-102] DEBUG org.activiti.engine.impl.persistence.entity.JobEntity.selectNextTimerJobsToExecute  - ==&gt; Parameters: 2023-03-20 10:48:50.669(Timestamp), 2023-03-20 10:48:50.669(Timestamp), 1(Integer), 0(Integer)
10:47:51,469 [Thread-102] DEBUG org.activiti.engine.impl.persistence.entity.JobEntity.selectNextTimerJobsToExecute  - &lt;==      Total: 0
10:47:51,469 [Thread-102] DEBUG org.activiti.engine.impl.db.DbSqlSession  - flush summary: 0 insert, 0 update, 0 delete.
10:47:51,469 [Thread-102] DEBUG org.activiti.engine.impl.db.DbSqlSession  - now executing flush...
10:47:51,469 [Thread-102] DEBUG org.activiti.engine.impl.cfg.standalone.StandaloneMybatisTransactionContext  - firing event committing...
10:47:51,469 [Thread-102] DEBUG org.activiti.engine.impl.cfg.standalone.StandaloneMybatisTransactionContext  - committing the ibatis sql session...
10:47:51,469 [Thread-102] DEBUG org.activiti.engine.impl.cfg.standalone.StandaloneMybatisTransactionContext  - firing event committed...
10:47:51,469 [Thread-106] DEBUG org.activiti.engine.impl.persistence.entity.JobEntity.selectAsyncJobsDueToExecute  - ==&gt;  Preparing: select RES.* from ACT_RU_JOB RES LEFT OUTER JOIN ACT_RU_EXECUTION PI ON PI.ID_ = RES.PROCESS_INSTANCE_ID_ where RES.RETRIES_ &gt; 0 and RES.DUEDATE_ is not null and RES.DUEDATE_ &lt;= ? and (RES.LOCK_EXP_TIME_ is null or RES.LOCK_EXP_TIME_ &lt;= ?) and TYPE_ = &apos;message&apos; and ( (RES.EXECUTION_ID_ is null) or (PI.SUSPENSION_STATE_ = 1) ) LIMIT ? OFFSET ? 
10:47:51,469 [Thread-102] DEBUG org.apache.ibatis.transaction.jdbc.JdbcTransaction  - Resetting autocommit to true on JDBC Connection [conn61: url=jdbc:h2:mem:activiti-AsyncExecutorTest user=SA]
10:47:51,470 [Thread-102] DEBUG org.apache.ibatis.transaction.jdbc.JdbcTransaction  - Closing JDBC Connection [conn61: url=jdbc:h2:mem:activiti-AsyncExecutorTest user=SA]
10:47:51,470 [Thread-102] DEBUG org.apache.ibatis.datasource.pooled.PooledDataSource  - Returned connection 157985567 to pool.
10:47:51,470 [Thread-102] DEBUG org.activiti.engine.impl.interceptor.LogInterceptor  - --- AcquireTimerJobsCmd finished --------------------------------------------------------
10:47:51,470 [Thread-102] DEBUG org.activiti.engine.impl.interceptor.LogInterceptor  - 

10:47:51,469 [Thread-103] DEBUG org.activiti.engine.impl.persistence.entity.JobEntity.selectAsyncJobsDueToExecute  - ==&gt; Parameters: 2023-03-20 10:48:50.669(Timestamp), 2023-03-20 10:48:50.669(Timestamp), 1(Integer), 0(Integer)
10:47:51,470 [Thread-103] DEBUG org.activiti.engine.impl.persistence.entity.JobEntity.selectAsyncJobsDueToExecute  - &lt;==      Total: 0
10:47:51,470 [Thread-103] DEBUG org.activiti.engine.impl.db.DbSqlSession  - flush summary: 0 insert, 0 update, 0 delete.
10:47:51,470 [Thread-103] DEBUG org.activiti.engine.impl.db.DbSqlSession  - now executing flush...
10:47:51,470 [Thread-103] DEBUG org.activiti.engine.impl.cfg.standalone.StandaloneMybatisTransactionContext  - firing event committing...
10:47:51,470 [Thread-103] DEBUG org.activiti.engine.impl.cfg.standalone.StandaloneMybatisTransactionContext  - committing the ibatis sql session...
10:47:51,470 [Thread-103] DEBUG org.activiti.engine.impl.cfg.standalone.StandaloneMybatisTransactionContext  - firing event committed...
10:47:51,470 [Thread-103] DEBUG org.apache.ibatis.transaction.jdbc.JdbcTransaction  - Resetting autocommit to true on JDBC Connection [conn59: url=jdbc:h2:mem:activiti-AsyncExecutorTest user=SA]
10:47:51,470 [Thread-103] DEBUG org.apache.ibatis.transaction.jdbc.JdbcTransaction  - Closing JDBC Connection [conn59: url=jdbc:h2:mem:activiti-AsyncExecutorTest user=SA]
10:47:51,470 [Thread-103] DEBUG org.apache.ibatis.datasource.pooled.PooledDataSource  - Returned connection 720039383 to pool.
10:47:51,470 [Thread-103] DEBUG org.activiti.engine.impl.interceptor.LogInterceptor  - --- AcquireAsyncJobsDueCmd finished --------------------------------------------------------
10:47:51,470 [Thread-103] DEBUG org.activiti.engine.impl.interceptor.LogInterceptor  - 

10:47:51,470 [Thread-103] DEBUG org.activiti.engine.impl.asyncexecutor.AcquireAsyncJobsDueRunnable  - async job acquisition thread sleeping for 50 millis
10:47:51,469 [Thread-105] DEBUG org.activiti.engine.impl.persistence.entity.JobEntity.selectNextTimerJobsToExecute  - ==&gt; Parameters: 2023-03-20 10:48:50.669(Timestamp), 2023-03-20 10:48:50.669(Timestamp), 1(Integer), 0(Integer)
10:47:51,469 [Thread-111] DEBUG org.activiti.engine.impl.persistence.entity.JobEntity.selectNextTimerJobsToExecute  - ==&gt; Parameters: 2023-03-20 10:48:50.669(Timestamp), 2023-03-20 10:48:50.669(Timestamp), 1(Integer), 0(Integer)
10:47:51,470 [Thread-105] DEBUG org.activiti.engine.impl.persistence.entity.JobEntity.selectNextTimerJobsToExecute  - &lt;==      Total: 0
10:47:51,470 [Thread-102] DEBUG org.activiti.engine.impl.asyncexecutor.AcquireTimerJobsRunnable  - timer job acquisition thread sleeping for 50 millis
10:47:51,470 [Thread-106] DEBUG org.activiti.engine.impl.persistence.entity.JobEntity.selectAsyncJobsDueToExecute  - ==&gt; Parameters: 2023-03-20 10:48:50.669(Timestamp), 2023-03-20 10:48:50.669(Timestamp), 1(Integer), 0(Integer)
10:47:51,470 [Thread-105] DEBUG org.activiti.engine.impl.db.DbSqlSession  - flush summary: 0 insert, 0 update, 0 delete.
10:47:51,470 [Thread-105] DEBUG org.activiti.engine.impl.db.DbSqlSession  - now executing flush...
10:47:51,470 [Thread-105] DEBUG org.activiti.engine.impl.cfg.standalone.StandaloneMybatisTransactionContext  - firing event committing...
10:47:51,470 [Thread-105] DEBUG org.activiti.engine.impl.cfg.standalone.StandaloneMybatisTransactionContext  - committing the ibatis sql session...
10:47:51,470 [Thread-105] DEBUG org.activiti.engine.impl.cfg.standalone.StandaloneMybatisTransactionContext  - firing event committed...
10:47:51,471 [Thread-105] DEBUG org.apache.ibatis.transaction.jdbc.JdbcTransaction  - Resetting autocommit to true on JDBC Connection [conn63: url=jdbc:h2:mem:activiti-AsyncExecutorTest user=SA]
10:47:51,471 [Thread-105] DEBUG org.apache.ibatis.transaction.jdbc.JdbcTransaction  - Closing JDBC Connection [conn63: url=jdbc:h2:mem:activiti-AsyncExecutorTest user=SA]
10:47:51,471 [Thread-105] DEBUG org.apache.ibatis.datasource.pooled.PooledDataSource  - Returned connection 1970103261 to pool.
10:47:51,471 [Thread-105] DEBUG org.activiti.engine.impl.interceptor.LogInterceptor  - --- AcquireTimerJobsCmd finished --------------------------------------------------------
10:47:51,471 [Thread-105] DEBUG org.activiti.engine.impl.interceptor.LogInterceptor  - 

10:47:51,471 [Thread-105] DEBUG org.activiti.engine.impl.asyncexecutor.AcquireTimerJobsRunnable  - timer job acquisition thread sleeping for 50 millis
10:47:51,470 [Thread-111] DEBUG org.activiti.engine.impl.persistence.entity.JobEntity.selectNextTimerJobsToExecute  - &lt;==      Total: 0
10:47:51,471 [Thread-111] DEBUG org.activiti.engine.impl.db.DbSqlSession  - flush summary: 0 insert, 0 update, 0 delete.
10:47:51,471 [Thread-111] DEBUG org.activiti.engine.impl.db.DbSqlSession  - now executing flush...
10:47:51,471 [Thread-111] DEBUG org.activiti.engine.impl.cfg.standalone.StandaloneMybatisTransactionContext  - firing event committing...
10:47:51,471 [Thread-111] DEBUG org.activiti.engine.impl.cfg.standalone.StandaloneMybatisTransactionContext  - committing the ibatis sql session...
10:47:51,471 [Thread-111] DEBUG org.activiti.engine.impl.cfg.standalone.StandaloneMybatisTransactionContext  - firing event committed...
10:47:51,471 [Thread-111] DEBUG org.apache.ibatis.transaction.jdbc.JdbcTransaction  - Resetting autocommit to true on JDBC Connection [conn70: url=jdbc:h2:mem:activiti-AsyncExecutorTest user=SA]
10:47:51,471 [Thread-111] DEBUG org.apache.ibatis.transaction.jdbc.JdbcTransaction  - Closing JDBC Connection [conn70: url=jdbc:h2:mem:activiti-AsyncExecutorTest user=SA]
10:47:51,471 [Thread-111] DEBUG org.apache.ibatis.datasource.pooled.PooledDataSource  - Returned connection 604408605 to pool.
10:47:51,471 [Thread-111] DEBUG org.activiti.engine.impl.interceptor.LogInterceptor  - --- AcquireTimerJobsCmd finished --------------------------------------------------------
10:47:51,471 [Thread-111] DEBUG org.activiti.engine.impl.interceptor.LogInterceptor  - 

10:47:51,471 [Thread-111] DEBUG org.activiti.engine.impl.asyncexecutor.AcquireTimerJobsRunnable  - timer job acquisition thread sleeping for 50 millis
10:47:51,470 [Thread-106] DEBUG org.activiti.engine.impl.persistence.entity.JobEntity.selectAsyncJobsDueToExecute  - &lt;==      Total: 0
10:47:51,471 [Thread-106] DEBUG org.activiti.engine.impl.db.DbSqlSession  - flush summary: 0 insert, 0 update, 0 delete.
10:47:51,471 [Thread-106] DEBUG org.activiti.engine.impl.db.DbSqlSession  - now executing flush...
10:47:51,471 [Thread-106] DEBUG org.activiti.engine.impl.cfg.standalone.StandaloneMybatisTransactionContext  - firing event committing...
10:47:51,471 [Thread-106] DEBUG org.activiti.engine.impl.cfg.standalone.StandaloneMybatisTransactionContext  - committing the ibatis sql session...
10:47:51,471 [Thread-106] DEBUG org.activiti.engine.impl.cfg.standalone.StandaloneMybatisTransactionContext  - firing event committed...
10:47:51,471 [Thread-106] DEBUG org.apache.ibatis.transaction.jdbc.JdbcTransaction  - Resetting autocommit to true on JDBC Connection [conn64: url=jdbc:h2:mem:activiti-AsyncExecutorTest user=SA]
10:47:51,471 [Thread-106] DEBUG org.apache.ibatis.transaction.jdbc.JdbcTransaction  - Closing JDBC Connection [conn64: url=jdbc:h2:mem:activiti-AsyncExecutorTest user=SA]
10:47:51,471 [Thread-106] DEBUG org.apache.ibatis.datasource.pooled.PooledDataSource  - Returned connection 54468349 to pool.
10:47:51,471 [Thread-106] DEBUG org.activiti.engine.impl.interceptor.LogInterceptor  - --- AcquireAsyncJobsDueCmd finished --------------------------------------------------------
10:47:51,471 [Thread-106] DEBUG org.activiti.engine.impl.interceptor.LogInterceptor  - 

10:47:51,471 [Thread-106] DEBUG org.activiti.engine.impl.asyncexecutor.AcquireAsyncJobsDueRunnable  - async job acquisition thread sleeping for 50 millis
10:47:51,484 [main] DEBUG org.activiti.engine.impl.interceptor.LogInterceptor  - 

10:47:51,484 [main] DEBUG org.activiti.engine.impl.interceptor.LogInterceptor  - --- starting JobQueryImpl --------------------------------------------------------
10:47:51,484 [main] DEBUG org.apache.ibatis.transaction.jdbc.JdbcTransaction  - Opening JDBC Connection
10:47:51,484 [main] DEBUG org.apache.ibatis.datasource.pooled.PooledDataSource  - Checked out connection 363509958 from pool.
10:47:51,484 [main] DEBUG org.apache.ibatis.transaction.jdbc.JdbcTransaction  - Setting autocommit to false on JDBC Connection [conn2: url=jdbc:h2:mem:activiti user=SA]
10:47:51,484 [main] DEBUG org.activiti.engine.impl.persistence.entity.JobEntity.selectJobByQueryCriteria  - ==&gt;  Preparing: select RES.* from ACT_RU_JOB RES order by order by RES.ID_ asc LIMIT ? OFFSET ? 
10:47:51,484 [main] DEBUG org.activiti.engine.impl.interceptor.CommandContext  - Error while closing command context
org.apache.ibatis.exceptions.PersistenceException: 
### Error querying database.  Cause: org.h2.jdbc.JdbcSQLException: Syntax error in SQL statement &quot;SELECT RES.* 
     
    FROM ACT_RU_JOB RES
     
      
   
     ORDER BY  ORDER[*] BY RES.ID_ ASC  
    LIMIT ? OFFSET ? &quot;; expected &quot;=, NOT, EXISTS, INTERSECTS, SELECT, FROM&quot;; SQL statement:
select RES.* 
     
    from ACT_RU_JOB RES
     
      
   
     order by  order by RES.ID_ asc  
    LIMIT ? OFFSET ? [42001-176]
### The error may exist in org/activiti/db/mapping/entity/Job.xml
### The error may involve org.activiti.engine.impl.persistence.entity.JobEntity.selectJobByQueryCriteria
### The error occurred while executing a query
### SQL: select RES.*            from ACT_RU_JOB RES                       order by  order by RES.ID_ asc       LIMIT ? OFFSET ?
### Cause: org.h2.jdbc.JdbcSQLException: Syntax error in SQL statement &quot;SELECT RES.* 
     
    FROM ACT_RU_JOB RES
     
      
   
     ORDER BY  ORDER[*] BY RES.ID_ ASC  
    LIMIT ? OFFSET ? &quot;; expected &quot;=, NOT, EXISTS, INTERSECTS, SELECT, FROM&quot;; SQL statement:
select RES.* 
     
    from ACT_RU_JOB RES
     
      
   
     order by  order by RES.ID_ asc  
    LIMIT ? OFFSET ? [42001-176]
	at org.apache.ibatis.exceptions.ExceptionFactory.wrapException(ExceptionFactory.java:30)
	at org.apache.ibatis.session.defaults.DefaultSqlSession.selectList(DefaultSqlSession.java:122)
	at org.apache.ibatis.session.defaults.DefaultSqlSession.selectList(DefaultSqlSession.java:113)
	at org.activiti.engine.impl.db.DbSqlSession.selectListWithRawParameter(DbSqlSession.java:438)
	at org.activiti.engine.impl.db.DbSqlSession.selectList(DbSqlSession.java:429)
	at org.activiti.engine.impl.db.DbSqlSession.selectList(DbSqlSession.java:419)
	at org.activiti.engine.impl.persistence.entity.JobEntityManager.findJobsByQueryCriteria(JobEntityManager.java:198)
	at org.activiti.engine.impl.JobQueryImpl.executeList(JobQueryImpl.java:243)
	at org.activiti.engine.impl.AbstractQuery.execute(AbstractQuery.java:164)
	at org.activiti.engine.impl.interceptor.CommandInvoker.execute(CommandInvoker.java:24)
	at org.activiti.engine.impl.interceptor.CommandContextInterceptor.execute(CommandContextInterceptor.java:57)
	at org.activiti.engine.impl.interceptor.LogInterceptor.execute(LogInterceptor.java:37)
	at org.activiti.engine.impl.cfg.CommandExecutorImpl.execute(CommandExecutorImpl.java:40)
	at org.activiti.engine.impl.cfg.CommandExecutorImpl.execute(CommandExecutorImpl.java:35)
	at org.activiti.engine.impl.AbstractQuery.list(AbstractQuery.java:138)
	at org.activiti.engine.impl.test.JobTestHelper.areJobsAvailable(JobTestHelper.java:194)
	at org.activiti.engine.impl.test.JobTestHelper.waitForJobExecutorToProcessAllJobs(JobTestHelper.java:74)
	at org.activiti.engine.impl.test.JobTestHelper.waitForJobExecutorToProcessAllJobs(JobTestHelper.java:47)
	at org.activiti.engine.impl.test.AbstractActivitiTestCase.waitForJobExecutorToProcessAllJobs(AbstractActivitiTestCase.java:204)
	at org.activiti.engine.test.jobexecutor.JobExecutorTest.testBasicJobExecutorOperation(JobExecutorTest.java:53)
	at sun.reflect.NativeMethodAccessorImpl.invoke0(Native Method)
	at sun.reflect.NativeMethodAccessorImpl.invoke(NativeMethodAccessorImpl.java:62)
	at sun.reflect.DelegatingMethodAccessorImpl.invoke(DelegatingMethodAccessorImpl.java:43)
	at java.lang.reflect.Method.invoke(Method.java:498)
	at junit.framework.TestCase.runTest(TestCase.java:176)
	at org.activiti.engine.impl.test.PvmTestCase.runTest(PvmTestCase.java:65)
	at junit.framework.TestCase.runBare(TestCase.java:141)
	at org.activiti.engine.impl.test.AbstractActivitiTestCase.runBare(AbstractActivitiTestCase.java:100)
	at junit.framework.TestResult$1.protect(TestResult.java:122)
	at junit.framework.TestResult.runProtected(TestResult.java:142)
	at junit.framework.TestResult.run(TestResult.java:125)
	at junit.framework.TestCase.run(TestCase.java:129)
	at junit.framework.TestSuite.runTest(TestSuite.java:255)
	at junit.framework.TestSuite.run(TestSuite.java:250)
	at org.junit.internal.runners.JUnit38ClassRunner.run(JUnit38ClassRunner.java:84)
	at org.apache.maven.surefire.junit4.JUnit4TestSet.execute(JUnit4TestSet.java:35)
	at org.apache.maven.surefire.junit4.JUnit4Provider.executeTestSet(JUnit4Provider.java:146)
	at org.apache.maven.surefire.junit4.JUnit4Provider.invoke(JUnit4Provider.java:97)
	at sun.reflect.NativeMethodAccessorImpl.invoke0(Native Method)
	at sun.reflect.NativeMethodAccessorImpl.invoke(NativeMethodAccessorImpl.java:62)
	at sun.reflect.DelegatingMethodAccessorImpl.invoke(DelegatingMethodAccessorImpl.java:43)
	at java.lang.reflect.Method.invoke(Method.java:498)
	at org.apache.maven.surefire.booter.ProviderFactory$ClassLoaderProxy.invoke(ProviderFactory.java:103)
	at com.sun.proxy.$Proxy0.invoke(Unknown Source)
	at org.apache.maven.surefire.booter.SurefireStarter.invokeProvider(SurefireStarter.java:145)
	at org.apache.maven.surefire.booter.SurefireStarter.runSuitesInProcess(SurefireStarter.java:87)
	at org.apache.maven.surefire.booter.ForkedBooter.main(ForkedBooter.java:69)
Caused by: org.h2.jdbc.JdbcSQLException: Syntax error in SQL statement &quot;SELECT RES.* 
     
    FROM ACT_RU_JOB RES
     
      
   
     ORDER BY  ORDER[*] BY RES.ID_ ASC  
    LIMIT ? OFFSET ? &quot;; expected &quot;=, NOT, EXISTS, INTERSECTS, SELECT, FROM&quot;; SQL statement:
select RES.* 
     
    from ACT_RU_JOB RES
     
      
   
     order by  order by RES.ID_ asc  
    LIMIT ? OFFSET ? [42001-176]
	at org.h2.message.DbException.getJdbcSQLException(DbException.java:344)
	at org.h2.message.DbException.getSyntaxError(DbException.java:204)
	at org.h2.command.Parser.getSyntaxError(Parser.java:524)
	at org.h2.command.Parser.readTerm(Parser.java:2688)
	at org.h2.command.Parser.readFactor(Parser.java:2244)
	at org.h2.command.Parser.readSum(Parser.java:2231)
	at org.h2.command.Parser.readConcat(Parser.java:2201)
	at org.h2.command.Parser.readCondition(Parser.java:2051)
	at org.h2.command.Parser.readAnd(Parser.java:2023)
	at org.h2.command.Parser.readExpression(Parser.java:2015)
	at org.h2.command.Parser.parseEndOfQuery(Parser.java:1726)
	at org.h2.command.Parser.parseSelectUnionExtension(Parser.java:1706)
	at org.h2.command.Parser.parseSelectUnion(Parser.java:1675)
	at org.h2.command.Parser.parseSelect(Parser.java:1662)
	at org.h2.command.Parser.parsePrepared(Parser.java:434)
	at org.h2.command.Parser.parse(Parser.java:306)
	at org.h2.command.Parser.parse(Parser.java:282)
	at org.h2.command.Parser.prepareCommand(Parser.java:243)
	at org.h2.engine.Session.prepareLocal(Session.java:442)
	at org.h2.engine.Session.prepareCommand(Session.java:384)
	at org.h2.jdbc.JdbcConnection.prepareCommand(JdbcConnection.java:1188)
	at org.h2.jdbc.JdbcPreparedStatement.&lt;init&gt;(JdbcPreparedStatement.java:73)
	at org.h2.jdbc.JdbcConnection.prepareStatement(JdbcConnection.java:276)
	at sun.reflect.GeneratedMethodAccessor6.invoke(Unknown Source)
	at sun.reflect.DelegatingMethodAccessorImpl.invoke(DelegatingMethodAccessorImpl.java:43)
	at java.lang.reflect.Method.invoke(Method.java:498)
	at org.apache.ibatis.datasource.pooled.PooledConnection.invoke(PooledConnection.java:245)
	at com.sun.proxy.$Proxy12.prepareStatement(Unknown Source)
	at sun.reflect.GeneratedMethodAccessor6.invoke(Unknown Source)
	at sun.reflect.DelegatingMethodAccessorImpl.invoke(DelegatingMethodAccessorImpl.java:43)
	at java.lang.reflect.Method.invoke(Method.java:498)
	at org.apache.ibatis.logging.jdbc.ConnectionLogger.invoke(ConnectionLogger.java:55)
	at com.sun.proxy.$Proxy12.prepareStatement(Unknown Source)
	at org.apache.ibatis.executor.statement.PreparedStatementHandler.instantiateStatement(PreparedStatementHandler.java:79)
	at org.apache.ibatis.executor.statement.BaseStatementHandler.prepare(BaseStatementHandler.java:88)
	at org.apache.ibatis.executor.statement.RoutingStatementHandler.prepare(RoutingStatementHandler.java:58)
	at org.apache.ibatis.executor.SimpleExecutor.prepareStatement(SimpleExecutor.java:76)
	at org.apache.ibatis.executor.SimpleExecutor.doQuery(SimpleExecutor.java:61)
	at org.apache.ibatis.executor.BaseExecutor.queryFromDatabase(BaseExecutor.java:303)
	at org.apache.ibatis.executor.BaseExecutor.query(BaseExecutor.java:154)
	at org.apache.ibatis.executor.CachingExecutor.query(CachingExecutor.java:102)
	at org.apache.ibatis.executor.CachingExecutor.query(CachingExecutor.java:82)
	at org.apache.ibatis.session.defaults.DefaultSqlSession.selectList(DefaultSqlSession.java:120)
	... 45 more
10:47:51,485 [main] DEBUG org.activiti.engine.impl.cfg.standalone.StandaloneMybatisTransactionContext  - firing event rolling back...
10:47:51,485 [main] DEBUG org.activiti.engine.impl.cfg.standalone.StandaloneMybatisTransactionContext  - rolling back ibatis sql session...
10:47:51,485 [main] DEBUG org.activiti.engine.impl.cfg.standalone.StandaloneMybatisTransactionContext  - firing event rolled back...
10:47:51,485 [main] DEBUG org.apache.ibatis.transaction.jdbc.JdbcTransaction  - Resetting autocommit to true on JDBC Connection [conn2: url=jdbc:h2:mem:activiti user=SA]
10:47:51,485 [main] DEBUG org.apache.ibatis.transaction.jdbc.JdbcTransaction  - Closing JDBC Connection [conn2: url=jdbc:h2:mem:activiti user=SA]
10:47:51,485 [main] DEBUG org.apache.ibatis.datasource.pooled.PooledDataSource  - Returned connection 363509958 to pool.
10:47:51,485 [main] DEBUG org.activiti.engine.impl.interceptor.LogInterceptor  - --- JobQueryImpl finished --------------------------------------------------------
10:47:51,485 [main] DEBUG org.activiti.engine.impl.interceptor.LogInterceptor  - 

10:47:51,516 [Thread-112] DEBUG org.activiti.engine.impl.asyncexecutor.AcquireAsyncJobsDueRunnable  - async job acquisition thread woke up
10:47:51,516 [Thread-112] DEBUG org.activiti.engine.impl.interceptor.LogInterceptor  - 

10:47:51,516 [Thread-112] DEBUG org.activiti.engine.impl.interceptor.LogInterceptor  - --- starting AcquireAsyncJobsDueCmd --------------------------------------------------------
10:47:51,516 [Thread-112] DEBUG org.apache.ibatis.transaction.jdbc.JdbcTransaction  - Opening JDBC Connection
10:47:51,516 [Thread-112] DEBUG org.apache.ibatis.datasource.pooled.PooledDataSource  - Checked out connection 58501658 from pool.
10:47:51,516 [Thread-112] DEBUG org.apache.ibatis.transaction.jdbc.JdbcTransaction  - Setting autocommit to false on JDBC Connection [conn68: url=jdbc:h2:mem:activiti-AsyncExecutorTest user=SA]
10:47:51,516 [Thread-112] DEBUG org.activiti.engine.impl.persistence.entity.JobEntity.selectAsyncJobsDueToExecute  - ==&gt;  Preparing: select RES.* from ACT_RU_JOB RES LEFT OUTER JOIN ACT_RU_EXECUTION PI ON PI.ID_ = RES.PROCESS_INSTANCE_ID_ where RES.RETRIES_ &gt; 0 and RES.DUEDATE_ is not null and RES.DUEDATE_ &lt;= ? and (RES.LOCK_EXP_TIME_ is null or RES.LOCK_EXP_TIME_ &lt;= ?) and TYPE_ = &apos;message&apos; and ( (RES.EXECUTION_ID_ is null) or (PI.SUSPENSION_STATE_ = 1) ) LIMIT ? OFFSET ? 
10:47:51,516 [Thread-112] DEBUG org.activiti.engine.impl.persistence.entity.JobEntity.selectAsyncJobsDueToExecute  - ==&gt; Parameters: 2023-03-20 10:48:50.669(Timestamp), 2023-03-20 10:48:50.669(Timestamp), 1(Integer), 0(Integer)
10:47:51,516 [Thread-112] DEBUG org.activiti.engine.impl.persistence.entity.JobEntity.selectAsyncJobsDueToExecute  - &lt;==      Total: 0
10:47:51,516 [Thread-112] DEBUG org.activiti.engine.impl.db.DbSqlSession  - flush summary: 0 insert, 0 update, 0 delete.
10:47:51,516 [Thread-112] DEBUG org.activiti.engine.impl.db.DbSqlSession  - now executing flush...
10:47:51,516 [Thread-112] DEBUG org.activiti.engine.impl.cfg.standalone.StandaloneMybatisTransactionContext  - firing event committing...
10:47:51,516 [Thread-112] DEBUG org.activiti.engine.impl.cfg.standalone.StandaloneMybatisTransactionContext  - committing the ibatis sql session...
10:47:51,516 [Thread-112] DEBUG org.activiti.engine.impl.cfg.standalone.StandaloneMybatisTransactionContext  - firing event committed...
10:47:51,516 [Thread-112] DEBUG org.apache.ibatis.transaction.jdbc.JdbcTransaction  - Resetting autocommit to true on JDBC Connection [conn68: url=jdbc:h2:mem:activiti-AsyncExecutorTest user=SA]
10:47:51,516 [Thread-112] DEBUG org.apache.ibatis.transaction.jdbc.JdbcTransaction  - Closing JDBC Connection [conn68: url=jdbc:h2:mem:activiti-AsyncExecutorTest user=SA]
10:47:51,516 [Thread-112] DEBUG org.apache.ibatis.datasource.pooled.PooledDataSource  - Returned connection 58501658 to pool.
10:47:51,516 [Thread-112] DEBUG org.activiti.engine.impl.interceptor.LogInterceptor  - --- AcquireAsyncJobsDueCmd finished --------------------------------------------------------
10:47:51,516 [Thread-112] DEBUG org.activiti.engine.impl.interceptor.LogInterceptor  - 

10:47:51,516 [Thread-112] DEBUG org.activiti.engine.impl.asyncexecutor.AcquireAsyncJobsDueRunnable  - async job acquisition thread sleeping for 50 millis
10:47:51,532 [Thread-111] DEBUG org.activiti.engine.impl.asyncexecutor.AcquireTimerJobsRunnable  - timer job acquisition thread woke up
10:47:51,532 [Thread-103] DEBUG org.activiti.engine.impl.asyncexecutor.AcquireAsyncJobsDueRunnable  - async job acquisition thread woke up
10:47:51,532 [Thread-102] DEBUG org.activiti.engine.impl.asyncexecutor.AcquireTimerJobsRunnable  - timer job acquisition thread woke up
10:47:51,532 [Thread-102] DEBUG org.activiti.engine.impl.interceptor.LogInterceptor  - 

10:47:51,532 [Thread-105] DEBUG org.activiti.engine.impl.asyncexecutor.AcquireTimerJobsRunnable  - timer job acquisition thread woke up
10:47:51,532 [Thread-105] DEBUG org.activiti.engine.impl.interceptor.LogInterceptor  - 

10:47:51,532 [Thread-105] DEBUG org.activiti.engine.impl.interceptor.LogInterceptor  - --- starting AcquireTimerJobsCmd --------------------------------------------------------
10:47:51,532 [Thread-106] DEBUG org.activiti.engine.impl.asyncexecutor.AcquireAsyncJobsDueRunnable  - async job acquisition thread woke up
10:47:51,532 [Thread-106] DEBUG org.activiti.engine.impl.interceptor.LogInterceptor  - 

10:47:51,532 [Thread-106] DEBUG org.activiti.engine.impl.interceptor.LogInterceptor  - --- starting AcquireAsyncJobsDueCmd --------------------------------------------------------
10:47:51,532 [Thread-106] DEBUG org.apache.ibatis.transaction.jdbc.JdbcTransaction  - Opening JDBC Connection
10:47:51,533 [Thread-106] DEBUG org.apache.ibatis.datasource.pooled.PooledDataSource  - Checked out connection 996762054 from pool.
10:47:51,533 [Thread-106] DEBUG org.apache.ibatis.transaction.jdbc.JdbcTransaction  - Setting autocommit to false on JDBC Connection [conn65: url=jdbc:h2:mem:activiti-AsyncExecutorTest user=SA]
10:47:51,532 [Thread-105] DEBUG org.apache.ibatis.transaction.jdbc.JdbcTransaction  - Opening JDBC Connection
10:47:51,533 [Thread-105] DEBUG org.apache.ibatis.datasource.pooled.PooledDataSource  - Checked out connection 1970103261 from pool.
10:47:51,533 [Thread-105] DEBUG org.apache.ibatis.transaction.jdbc.JdbcTransaction  - Setting autocommit to false on JDBC Connection [conn63: url=jdbc:h2:mem:activiti-AsyncExecutorTest user=SA]
10:47:51,533 [Thread-105] DEBUG org.activiti.engine.impl.persistence.entity.JobEntity.selectNextTimerJobsToExecute  - ==&gt;  Preparing: select RES.* from ACT_RU_JOB RES LEFT OUTER JOIN ACT_RU_EXECUTION PI ON PI.ID_ = RES.PROCESS_INSTANCE_ID_ where (RES.RETRIES_ &gt; 0) and (RES.DUEDATE_ is null or RES.DUEDATE_ &lt;= ?) and (RES.LOCK_OWNER_ is null or RES.LOCK_EXP_TIME_ &lt;= ?) and TYPE_ = &apos;timer&apos; and ( (RES.EXECUTION_ID_ is null) or (PI.SUSPENSION_STATE_ = 1) ) LIMIT ? OFFSET ? 
10:47:51,532 [Thread-102] DEBUG org.activiti.engine.impl.interceptor.LogInterceptor  - --- starting AcquireTimerJobsCmd --------------------------------------------------------
10:47:51,533 [Thread-102] DEBUG org.apache.ibatis.transaction.jdbc.JdbcTransaction  - Opening JDBC Connection
10:47:51,532 [Thread-103] DEBUG org.activiti.engine.impl.interceptor.LogInterceptor  - 

10:47:51,533 [Thread-103] DEBUG org.activiti.engine.impl.interceptor.LogInterceptor  - --- starting AcquireAsyncJobsDueCmd --------------------------------------------------------
10:47:51,533 [Thread-103] DEBUG org.apache.ibatis.transaction.jdbc.JdbcTransaction  - Opening JDBC Connection
10:47:51,532 [Thread-111] DEBUG org.activiti.engine.impl.interceptor.LogInterceptor  - 

10:47:51,533 [Thread-111] DEBUG org.activiti.engine.impl.interceptor.LogInterceptor  - --- starting AcquireTimerJobsCmd --------------------------------------------------------
10:47:51,533 [Thread-111] DEBUG org.apache.ibatis.transaction.jdbc.JdbcTransaction  - Opening JDBC Connection
10:47:51,533 [Thread-111] DEBUG org.apache.ibatis.datasource.pooled.PooledDataSource  - Checked out connection 1863805930 from pool.
10:47:51,533 [Thread-111] DEBUG org.apache.ibatis.transaction.jdbc.JdbcTransaction  - Setting autocommit to false on JDBC Connection [conn69: url=jdbc:h2:mem:activiti-AsyncExecutorTest user=SA]
10:47:51,533 [Thread-111] DEBUG org.activiti.engine.impl.persistence.entity.JobEntity.selectNextTimerJobsToExecute  - ==&gt;  Preparing: select RES.* from ACT_RU_JOB RES LEFT OUTER JOIN ACT_RU_EXECUTION PI ON PI.ID_ = RES.PROCESS_INSTANCE_ID_ where (RES.RETRIES_ &gt; 0) and (RES.DUEDATE_ is null or RES.DUEDATE_ &lt;= ?) and (RES.LOCK_OWNER_ is null or RES.LOCK_EXP_TIME_ &lt;= ?) and TYPE_ = &apos;timer&apos; and ( (RES.EXECUTION_ID_ is null) or (PI.SUSPENSION_STATE_ = 1) ) LIMIT ? OFFSET ? 
10:47:51,533 [Thread-102] DEBUG org.apache.ibatis.datasource.pooled.PooledDataSource  - Checked out connection 33534803 from pool.
10:47:51,533 [Thread-102] DEBUG org.apache.ibatis.transaction.jdbc.JdbcTransaction  - Setting autocommit to false on JDBC Connection [conn60: url=jdbc:h2:mem:activiti-AsyncExecutorTest user=SA]
10:47:51,533 [Thread-105] DEBUG org.activiti.engine.impl.persistence.entity.JobEntity.selectNextTimerJobsToExecute  - ==&gt; Parameters: 2023-03-20 10:48:50.669(Timestamp), 2023-03-20 10:48:50.669(Timestamp), 1(Integer), 0(Integer)
10:47:51,533 [Thread-105] DEBUG org.activiti.engine.impl.persistence.entity.JobEntity.selectNextTimerJobsToExecute  - &lt;==      Total: 0
10:47:51,533 [Thread-106] DEBUG org.activiti.engine.impl.persistence.entity.JobEntity.selectAsyncJobsDueToExecute  - ==&gt;  Preparing: select RES.* from ACT_RU_JOB RES LEFT OUTER JOIN ACT_RU_EXECUTION PI ON PI.ID_ = RES.PROCESS_INSTANCE_ID_ where RES.RETRIES_ &gt; 0 and RES.DUEDATE_ is not null and RES.DUEDATE_ &lt;= ? and (RES.LOCK_EXP_TIME_ is null or RES.LOCK_EXP_TIME_ &lt;= ?) and TYPE_ = &apos;message&apos; and ( (RES.EXECUTION_ID_ is null) or (PI.SUSPENSION_STATE_ = 1) ) LIMIT ? OFFSET ? 
10:47:51,533 [Thread-106] DEBUG org.activiti.engine.impl.persistence.entity.JobEntity.selectAsyncJobsDueToExecute  - ==&gt; Parameters: 2023-03-20 10:48:50.669(Timestamp), 2023-03-20 10:48:50.669(Timestamp), 1(Integer), 0(Integer)
10:47:51,534 [Thread-106] DEBUG org.activiti.engine.impl.persistence.entity.JobEntity.selectAsyncJobsDueToExecute  - &lt;==      Total: 0
10:47:51,534 [Thread-106] DEBUG org.activiti.engine.impl.db.DbSqlSession  - flush summary: 0 insert, 0 update, 0 delete.
10:47:51,534 [Thread-106] DEBUG org.activiti.engine.impl.db.DbSqlSession  - now executing flush...
10:47:51,534 [Thread-106] DEBUG org.activiti.engine.impl.cfg.standalone.StandaloneMybatisTransactionContext  - firing event committing...
10:47:51,534 [Thread-106] DEBUG org.activiti.engine.impl.cfg.standalone.StandaloneMybatisTransactionContext  - committing the ibatis sql session...
10:47:51,534 [Thread-106] DEBUG org.activiti.engine.impl.cfg.standalone.StandaloneMybatisTransactionContext  - firing event committed...
10:47:51,534 [Thread-106] DEBUG org.apache.ibatis.transaction.jdbc.JdbcTransaction  - Resetting autocommit to true on JDBC Connection [conn65: url=jdbc:h2:mem:activiti-AsyncExecutorTest user=SA]
10:47:51,533 [Thread-105] DEBUG org.activiti.engine.impl.db.DbSqlSession  - flush summary: 0 insert, 0 update, 0 delete.
10:47:51,534 [Thread-105] DEBUG org.activiti.engine.impl.db.DbSqlSession  - now executing flush...
10:47:51,534 [Thread-105] DEBUG org.activiti.engine.impl.cfg.standalone.StandaloneMybatisTransactionContext  - firing event committing...
10:47:51,534 [Thread-105] DEBUG org.activiti.engine.impl.cfg.standalone.StandaloneMybatisTransactionContext  - committing the ibatis sql session...
10:47:51,534 [Thread-105] DEBUG org.activiti.engine.impl.cfg.standalone.StandaloneMybatisTransactionContext  - firing event committed...
10:47:51,534 [Thread-105] DEBUG org.apache.ibatis.transaction.jdbc.JdbcTransaction  - Resetting autocommit to true on JDBC Connection [conn63: url=jdbc:h2:mem:activiti-AsyncExecutorTest user=SA]
10:47:51,534 [Thread-105] DEBUG org.apache.ibatis.transaction.jdbc.JdbcTransaction  - Closing JDBC Connection [conn63: url=jdbc:h2:mem:activiti-AsyncExecutorTest user=SA]
10:47:51,534 [Thread-105] DEBUG org.apache.ibatis.datasource.pooled.PooledDataSource  - Returned connection 1970103261 to pool.
10:47:51,534 [Thread-105] DEBUG org.activiti.engine.impl.interceptor.LogInterceptor  - --- AcquireTimerJobsCmd finished --------------------------------------------------------
10:47:51,534 [Thread-105] DEBUG org.activiti.engine.impl.interceptor.LogInterceptor  - 

10:47:51,533 [Thread-103] DEBUG org.apache.ibatis.datasource.pooled.PooledDataSource  - Checked out connection 157985567 from pool.
10:47:51,534 [Thread-103] DEBUG org.apache.ibatis.transaction.jdbc.JdbcTransaction  - Setting autocommit to false on JDBC Connection [conn61: url=jdbc:h2:mem:activiti-AsyncExecutorTest user=SA]
10:47:51,534 [Thread-103] DEBUG org.activiti.engine.impl.persistence.entity.JobEntity.selectAsyncJobsDueToExecute  - ==&gt;  Preparing: select RES.* from ACT_RU_JOB RES LEFT OUTER JOIN ACT_RU_EXECUTION PI ON PI.ID_ = RES.PROCESS_INSTANCE_ID_ where RES.RETRIES_ &gt; 0 and RES.DUEDATE_ is not null and RES.DUEDATE_ &lt;= ? and (RES.LOCK_EXP_TIME_ is null or RES.LOCK_EXP_TIME_ &lt;= ?) and TYPE_ = &apos;message&apos; and ( (RES.EXECUTION_ID_ is null) or (PI.SUSPENSION_STATE_ = 1) ) LIMIT ? OFFSET ? 
10:47:51,534 [Thread-103] DEBUG org.activiti.engine.impl.persistence.entity.JobEntity.selectAsyncJobsDueToExecute  - ==&gt; Parameters: 2023-03-20 10:48:50.669(Timestamp), 2023-03-20 10:48:50.669(Timestamp), 1(Integer), 0(Integer)
10:47:51,534 [Thread-103] DEBUG org.activiti.engine.impl.persistence.entity.JobEntity.selectAsyncJobsDueToExecute  - &lt;==      Total: 0
10:47:51,534 [Thread-103] DEBUG org.activiti.engine.impl.db.DbSqlSession  - flush summary: 0 insert, 0 update, 0 delete.
10:47:51,534 [Thread-103] DEBUG org.activiti.engine.impl.db.DbSqlSession  - now executing flush...
10:47:51,534 [Thread-103] DEBUG org.activiti.engine.impl.cfg.standalone.StandaloneMybatisTransactionContext  - firing event committing...
10:47:51,534 [Thread-103] DEBUG org.activiti.engine.impl.cfg.standalone.StandaloneMybatisTransactionContext  - committing the ibatis sql session...
10:47:51,534 [Thread-103] DEBUG org.activiti.engine.impl.cfg.standalone.StandaloneMybatisTransactionContext  - firing event committed...
10:47:51,534 [Thread-103] DEBUG org.apache.ibatis.transaction.jdbc.JdbcTransaction  - Resetting autocommit to true on JDBC Connection [conn61: url=jdbc:h2:mem:activiti-AsyncExecutorTest user=SA]
10:47:51,534 [Thread-103] DEBUG org.apache.ibatis.transaction.jdbc.JdbcTransaction  - Closing JDBC Connection [conn61: url=jdbc:h2:mem:activiti-AsyncExecutorTest user=SA]
10:47:51,534 [Thread-103] DEBUG org.apache.ibatis.datasource.pooled.PooledDataSource  - Returned connection 157985567 to pool.
10:47:51,534 [Thread-103] DEBUG org.activiti.engine.impl.interceptor.LogInterceptor  - --- AcquireAsyncJobsDueCmd finished --------------------------------------------------------
10:47:51,534 [Thread-103] DEBUG org.activiti.engine.impl.interceptor.LogInterceptor  - 

10:47:51,534 [Thread-103] DEBUG org.activiti.engine.impl.asyncexecutor.AcquireAsyncJobsDueRunnable  - async job acquisition thread sleeping for 50 millis
10:47:51,533 [Thread-102] DEBUG org.activiti.engine.impl.persistence.entity.JobEntity.selectNextTimerJobsToExecute  - ==&gt;  Preparing: select RES.* from ACT_RU_JOB RES LEFT OUTER JOIN ACT_RU_EXECUTION PI ON PI.ID_ = RES.PROCESS_INSTANCE_ID_ where (RES.RETRIES_ &gt; 0) and (RES.DUEDATE_ is null or RES.DUEDATE_ &lt;= ?) and (RES.LOCK_OWNER_ is null or RES.LOCK_EXP_TIME_ &lt;= ?) and TYPE_ = &apos;timer&apos; and ( (RES.EXECUTION_ID_ is null) or (PI.SUSPENSION_STATE_ = 1) ) LIMIT ? OFFSET ? 
10:47:51,534 [Thread-102] DEBUG org.activiti.engine.impl.persistence.entity.JobEntity.selectNextTimerJobsToExecute  - ==&gt; Parameters: 2023-03-20 10:48:50.669(Timestamp), 2023-03-20 10:48:50.669(Timestamp), 1(Integer), 0(Integer)
10:47:51,533 [Thread-111] DEBUG org.activiti.engine.impl.persistence.entity.JobEntity.selectNextTimerJobsToExecute  - ==&gt; Parameters: 2023-03-20 10:48:50.669(Timestamp), 2023-03-20 10:48:50.669(Timestamp), 1(Integer), 0(Integer)
10:47:51,534 [Thread-102] DEBUG org.activiti.engine.impl.persistence.entity.JobEntity.selectNextTimerJobsToExecute  - &lt;==      Total: 0
10:47:51,535 [Thread-102] DEBUG org.activiti.engine.impl.db.DbSqlSession  - flush summary: 0 insert, 0 update, 0 delete.
10:47:51,535 [Thread-102] DEBUG org.activiti.engine.impl.db.DbSqlSession  - now executing flush...
10:47:51,535 [Thread-102] DEBUG org.activiti.engine.impl.cfg.standalone.StandaloneMybatisTransactionContext  - firing event committing...
10:47:51,535 [Thread-102] DEBUG org.activiti.engine.impl.cfg.standalone.StandaloneMybatisTransactionContext  - committing the ibatis sql session...
10:47:51,535 [Thread-102] DEBUG org.activiti.engine.impl.cfg.standalone.StandaloneMybatisTransactionContext  - firing event committed...
10:47:51,535 [Thread-102] DEBUG org.apache.ibatis.transaction.jdbc.JdbcTransaction  - Resetting autocommit to true on JDBC Connection [conn60: url=jdbc:h2:mem:activiti-AsyncExecutorTest user=SA]
10:47:51,535 [Thread-102] DEBUG org.apache.ibatis.transaction.jdbc.JdbcTransaction  - Closing JDBC Connection [conn60: url=jdbc:h2:mem:activiti-AsyncExecutorTest user=SA]
10:47:51,535 [Thread-102] DEBUG org.apache.ibatis.datasource.pooled.PooledDataSource  - Returned connection 33534803 to pool.
10:47:51,535 [Thread-102] DEBUG org.activiti.engine.impl.interceptor.LogInterceptor  - --- AcquireTimerJobsCmd finished --------------------------------------------------------
10:47:51,535 [Thread-102] DEBUG org.activiti.engine.impl.interceptor.LogInterceptor  - 

10:47:51,534 [Thread-105] DEBUG org.activiti.engine.impl.asyncexecutor.AcquireTimerJobsRunnable  - timer job acquisition thread sleeping for 50 millis
10:47:51,534 [Thread-106] DEBUG org.apache.ibatis.transaction.jdbc.JdbcTransaction  - Closing JDBC Connection [conn65: url=jdbc:h2:mem:activiti-AsyncExecutorTest user=SA]
10:47:51,535 [Thread-106] DEBUG org.apache.ibatis.datasource.pooled.PooledDataSource  - Returned connection 996762054 to pool.
10:47:51,535 [Thread-106] DEBUG org.activiti.engine.impl.interceptor.LogInterceptor  - --- AcquireAsyncJobsDueCmd finished --------------------------------------------------------
10:47:51,535 [Thread-102] DEBUG org.activiti.engine.impl.asyncexecutor.AcquireTimerJobsRunnable  - timer job acquisition thread sleeping for 50 millis
10:47:51,535 [Thread-111] DEBUG org.activiti.engine.impl.persistence.entity.JobEntity.selectNextTimerJobsToExecute  - &lt;==      Total: 0
10:47:51,535 [Thread-111] DEBUG org.activiti.engine.impl.db.DbSqlSession  - flush summary: 0 insert, 0 update, 0 delete.
10:47:51,535 [Thread-111] DEBUG org.activiti.engine.impl.db.DbSqlSession  - now executing flush...
10:47:51,535 [Thread-111] DEBUG org.activiti.engine.impl.cfg.standalone.StandaloneMybatisTransactionContext  - firing event committing...
10:47:51,535 [Thread-111] DEBUG org.activiti.engine.impl.cfg.standalone.StandaloneMybatisTransactionContext  - committing the ibatis sql session...
10:47:51,535 [Thread-111] DEBUG org.activiti.engine.impl.cfg.standalone.StandaloneMybatisTransactionContext  - firing event committed...
10:47:51,535 [Thread-111] DEBUG org.apache.ibatis.transaction.jdbc.JdbcTransaction  - Resetting autocommit to true on JDBC Connection [conn69: url=jdbc:h2:mem:activiti-AsyncExecutorTest user=SA]
10:47:51,535 [Thread-111] DEBUG org.apache.ibatis.transaction.jdbc.JdbcTransaction  - Closing JDBC Connection [conn69: url=jdbc:h2:mem:activiti-AsyncExecutorTest user=SA]
10:47:51,535 [Thread-111] DEBUG org.apache.ibatis.datasource.pooled.PooledDataSource  - Returned connection 1863805930 to pool.
10:47:51,535 [Thread-111] DEBUG org.activiti.engine.impl.interceptor.LogInterceptor  - --- AcquireTimerJobsCmd finished --------------------------------------------------------
10:47:51,535 [Thread-111] DEBUG org.activiti.engine.impl.interceptor.LogInterceptor  - 

10:47:51,535 [Thread-111] DEBUG org.activiti.engine.impl.asyncexecutor.AcquireTimerJobsRunnable  - timer job acquisition thread sleeping for 50 millis
10:47:51,535 [Thread-106] DEBUG org.activiti.engine.impl.interceptor.LogInterceptor  - 

10:47:51,535 [Thread-106] DEBUG org.activiti.engine.impl.asyncexecutor.AcquireAsyncJobsDueRunnable  - async job acquisition thread sleeping for 50 millis
10:47:51,579 [Thread-112] DEBUG org.activiti.engine.impl.asyncexecutor.AcquireAsyncJobsDueRunnable  - async job acquisition thread woke up
10:47:51,579 [Thread-112] DEBUG org.activiti.engine.impl.interceptor.LogInterceptor  - 

10:47:51,579 [Thread-112] DEBUG org.activiti.engine.impl.interceptor.LogInterceptor  - --- starting AcquireAsyncJobsDueCmd --------------------------------------------------------
10:47:51,579 [Thread-112] DEBUG org.apache.ibatis.transaction.jdbc.JdbcTransaction  - Opening JDBC Connection
10:47:51,579 [Thread-112] DEBUG org.apache.ibatis.datasource.pooled.PooledDataSource  - Checked out connection 604408605 from pool.
10:47:51,579 [Thread-112] DEBUG org.apache.ibatis.transaction.jdbc.JdbcTransaction  - Setting autocommit to false on JDBC Connection [conn70: url=jdbc:h2:mem:activiti-AsyncExecutorTest user=SA]
10:47:51,580 [Thread-112] DEBUG org.activiti.engine.impl.persistence.entity.JobEntity.selectAsyncJobsDueToExecute  - ==&gt;  Preparing: select RES.* from ACT_RU_JOB RES LEFT OUTER JOIN ACT_RU_EXECUTION PI ON PI.ID_ = RES.PROCESS_INSTANCE_ID_ where RES.RETRIES_ &gt; 0 and RES.DUEDATE_ is not null and RES.DUEDATE_ &lt;= ? and (RES.LOCK_EXP_TIME_ is null or RES.LOCK_EXP_TIME_ &lt;= ?) and TYPE_ = &apos;message&apos; and ( (RES.EXECUTION_ID_ is null) or (PI.SUSPENSION_STATE_ = 1) ) LIMIT ? OFFSET ? 
10:47:51,580 [Thread-112] DEBUG org.activiti.engine.impl.persistence.entity.JobEntity.selectAsyncJobsDueToExecute  - ==&gt; Parameters: 2023-03-20 10:48:50.669(Timestamp), 2023-03-20 10:48:50.669(Timestamp), 1(Integer), 0(Integer)
10:47:51,580 [Thread-112] DEBUG org.activiti.engine.impl.persistence.entity.JobEntity.selectAsyncJobsDueToExecute  - &lt;==      Total: 0
10:47:51,580 [Thread-112] DEBUG org.activiti.engine.impl.db.DbSqlSession  - flush summary: 0 insert, 0 update, 0 delete.
10:47:51,580 [Thread-112] DEBUG org.activiti.engine.impl.db.DbSqlSession  - now executing flush...
10:47:51,580 [Thread-112] DEBUG org.activiti.engine.impl.cfg.standalone.StandaloneMybatisTransactionContext  - firing event committing...
10:47:51,580 [Thread-112] DEBUG org.activiti.engine.impl.cfg.standalone.StandaloneMybatisTransactionContext  - committing the ibatis sql session...
10:47:51,580 [Thread-112] DEBUG org.activiti.engine.impl.cfg.standalone.StandaloneMybatisTransactionContext  - firing event committed...
10:47:51,580 [Thread-112] DEBUG org.apache.ibatis.transaction.jdbc.JdbcTransaction  - Resetting autocommit to true on JDBC Connection [conn70: url=jdbc:h2:mem:activiti-AsyncExecutorTest user=SA]
10:47:51,580 [Thread-112] DEBUG org.apache.ibatis.transaction.jdbc.JdbcTransaction  - Closing JDBC Connection [conn70: url=jdbc:h2:mem:activiti-AsyncExecutorTest user=SA]
10:47:51,580 [Thread-112] DEBUG org.apache.ibatis.datasource.pooled.PooledDataSource  - Returned connection 604408605 to pool.
10:47:51,580 [Thread-112] DEBUG org.activiti.engine.impl.interceptor.LogInterceptor  - --- AcquireAsyncJobsDueCmd finished --------------------------------------------------------
10:47:51,580 [Thread-112] DEBUG org.activiti.engine.impl.interceptor.LogInterceptor  - 

10:47:51,580 [Thread-112] DEBUG org.activiti.engine.impl.asyncexecutor.AcquireAsyncJobsDueRunnable  - async job acquisition thread sleeping for 50 millis
10:47:51,595 [Thread-111] DEBUG org.activiti.engine.impl.asyncexecutor.AcquireTimerJobsRunnable  - timer job acquisition thread woke up
10:47:51,595 [Thread-105] DEBUG org.activiti.engine.impl.asyncexecutor.AcquireTimerJobsRunnable  - timer job acquisition thread woke up
10:47:51,595 [Thread-105] DEBUG org.activiti.engine.impl.interceptor.LogInterceptor  - 

10:47:51,595 [Thread-105] DEBUG org.activiti.engine.impl.interceptor.LogInterceptor  - --- starting AcquireTimerJobsCmd --------------------------------------------------------
10:47:51,595 [Thread-105] DEBUG org.apache.ibatis.transaction.jdbc.JdbcTransaction  - Opening JDBC Connection
10:47:51,595 [Thread-105] DEBUG org.apache.ibatis.datasource.pooled.PooledDataSource  - Checked out connection 54468349 from pool.
10:47:51,595 [Thread-105] DEBUG org.apache.ibatis.transaction.jdbc.JdbcTransaction  - Setting autocommit to false on JDBC Connection [conn64: url=jdbc:h2:mem:activiti-AsyncExecutorTest user=SA]
10:47:51,595 [Thread-102] DEBUG org.activiti.engine.impl.asyncexecutor.AcquireTimerJobsRunnable  - timer job acquisition thread woke up
10:47:51,595 [Thread-103] DEBUG org.activiti.engine.impl.asyncexecutor.AcquireAsyncJobsDueRunnable  - async job acquisition thread woke up
10:47:51,595 [Thread-103] DEBUG org.activiti.engine.impl.interceptor.LogInterceptor  - 

10:47:51,595 [Thread-103] DEBUG org.activiti.engine.impl.interceptor.LogInterceptor  - --- starting AcquireAsyncJobsDueCmd --------------------------------------------------------
10:47:51,595 [Thread-106] DEBUG org.activiti.engine.impl.asyncexecutor.AcquireAsyncJobsDueRunnable  - async job acquisition thread woke up
10:47:51,595 [Thread-106] DEBUG org.activiti.engine.impl.interceptor.LogInterceptor  - 

10:47:51,595 [Thread-106] DEBUG org.activiti.engine.impl.interceptor.LogInterceptor  - --- starting AcquireAsyncJobsDueCmd --------------------------------------------------------
10:47:51,595 [Thread-103] DEBUG org.apache.ibatis.transaction.jdbc.JdbcTransaction  - Opening JDBC Connection
10:47:51,595 [Thread-103] DEBUG org.apache.ibatis.datasource.pooled.PooledDataSource  - Checked out connection 720039383 from pool.
10:47:51,595 [Thread-103] DEBUG org.apache.ibatis.transaction.jdbc.JdbcTransaction  - Setting autocommit to false on JDBC Connection [conn59: url=jdbc:h2:mem:activiti-AsyncExecutorTest user=SA]
10:47:51,595 [Thread-102] DEBUG org.activiti.engine.impl.interceptor.LogInterceptor  - 

10:47:51,595 [Thread-102] DEBUG org.activiti.engine.impl.interceptor.LogInterceptor  - --- starting AcquireTimerJobsCmd --------------------------------------------------------
10:47:51,595 [Thread-102] DEBUG org.apache.ibatis.transaction.jdbc.JdbcTransaction  - Opening JDBC Connection
10:47:51,595 [Thread-102] DEBUG org.apache.ibatis.datasource.pooled.PooledDataSource  - Checked out connection 157985567 from pool.
10:47:51,595 [Thread-102] DEBUG org.apache.ibatis.transaction.jdbc.JdbcTransaction  - Setting autocommit to false on JDBC Connection [conn61: url=jdbc:h2:mem:activiti-AsyncExecutorTest user=SA]
10:47:51,595 [Thread-102] DEBUG org.activiti.engine.impl.persistence.entity.JobEntity.selectNextTimerJobsToExecute  - ==&gt;  Preparing: select RES.* from ACT_RU_JOB RES LEFT OUTER JOIN ACT_RU_EXECUTION PI ON PI.ID_ = RES.PROCESS_INSTANCE_ID_ where (RES.RETRIES_ &gt; 0) and (RES.DUEDATE_ is null or RES.DUEDATE_ &lt;= ?) and (RES.LOCK_OWNER_ is null or RES.LOCK_EXP_TIME_ &lt;= ?) and TYPE_ = &apos;timer&apos; and ( (RES.EXECUTION_ID_ is null) or (PI.SUSPENSION_STATE_ = 1) ) LIMIT ? OFFSET ? 
10:47:51,595 [Thread-105] DEBUG org.activiti.engine.impl.persistence.entity.JobEntity.selectNextTimerJobsToExecute  - ==&gt;  Preparing: select RES.* from ACT_RU_JOB RES LEFT OUTER JOIN ACT_RU_EXECUTION PI ON PI.ID_ = RES.PROCESS_INSTANCE_ID_ where (RES.RETRIES_ &gt; 0) and (RES.DUEDATE_ is null or RES.DUEDATE_ &lt;= ?) and (RES.LOCK_OWNER_ is null or RES.LOCK_EXP_TIME_ &lt;= ?) and TYPE_ = &apos;timer&apos; and ( (RES.EXECUTION_ID_ is null) or (PI.SUSPENSION_STATE_ = 1) ) LIMIT ? OFFSET ? 
10:47:51,596 [Thread-105] DEBUG org.activiti.engine.impl.persistence.entity.JobEntity.selectNextTimerJobsToExecute  - ==&gt; Parameters: 2023-03-20 10:48:50.669(Timestamp), 2023-03-20 10:48:50.669(Timestamp), 1(Integer), 0(Integer)
10:47:51,595 [Thread-111] DEBUG org.activiti.engine.impl.interceptor.LogInterceptor  - 

10:47:51,596 [Thread-111] DEBUG org.activiti.engine.impl.interceptor.LogInterceptor  - --- starting AcquireTimerJobsCmd --------------------------------------------------------
10:47:51,596 [Thread-111] DEBUG org.apache.ibatis.transaction.jdbc.JdbcTransaction  - Opening JDBC Connection
10:47:51,596 [Thread-111] DEBUG org.apache.ibatis.datasource.pooled.PooledDataSource  - Checked out connection 58501658 from pool.
10:47:51,596 [Thread-111] DEBUG org.apache.ibatis.transaction.jdbc.JdbcTransaction  - Setting autocommit to false on JDBC Connection [conn68: url=jdbc:h2:mem:activiti-AsyncExecutorTest user=SA]
10:47:51,596 [Thread-111] DEBUG org.activiti.engine.impl.persistence.entity.JobEntity.selectNextTimerJobsToExecute  - ==&gt;  Preparing: select RES.* from ACT_RU_JOB RES LEFT OUTER JOIN ACT_RU_EXECUTION PI ON PI.ID_ = RES.PROCESS_INSTANCE_ID_ where (RES.RETRIES_ &gt; 0) and (RES.DUEDATE_ is null or RES.DUEDATE_ &lt;= ?) and (RES.LOCK_OWNER_ is null or RES.LOCK_EXP_TIME_ &lt;= ?) and TYPE_ = &apos;timer&apos; and ( (RES.EXECUTION_ID_ is null) or (PI.SUSPENSION_STATE_ = 1) ) LIMIT ? OFFSET ? 
10:47:51,596 [Thread-111] DEBUG org.activiti.engine.impl.persistence.entity.JobEntity.selectNextTimerJobsToExecute  - ==&gt; Parameters: 2023-03-20 10:48:50.669(Timestamp), 2023-03-20 10:48:50.669(Timestamp), 1(Integer), 0(Integer)
10:47:51,596 [Thread-111] DEBUG org.activiti.engine.impl.persistence.entity.JobEntity.selectNextTimerJobsToExecute  - &lt;==      Total: 0
10:47:51,596 [Thread-105] DEBUG org.activiti.engine.impl.persistence.entity.JobEntity.selectNextTimerJobsToExecute  - &lt;==      Total: 0
10:47:51,596 [Thread-105] DEBUG org.activiti.engine.impl.db.DbSqlSession  - flush summary: 0 insert, 0 update, 0 delete.
10:47:51,596 [Thread-105] DEBUG org.activiti.engine.impl.db.DbSqlSession  - now executing flush...
10:47:51,596 [Thread-105] DEBUG org.activiti.engine.impl.cfg.standalone.StandaloneMybatisTransactionContext  - firing event committing...
10:47:51,596 [Thread-105] DEBUG org.activiti.engine.impl.cfg.standalone.StandaloneMybatisTransactionContext  - committing the ibatis sql session...
10:47:51,596 [Thread-105] DEBUG org.activiti.engine.impl.cfg.standalone.StandaloneMybatisTransactionContext  - firing event committed...
10:47:51,596 [Thread-105] DEBUG org.apache.ibatis.transaction.jdbc.JdbcTransaction  - Resetting autocommit to true on JDBC Connection [conn64: url=jdbc:h2:mem:activiti-AsyncExecutorTest user=SA]
10:47:51,596 [Thread-105] DEBUG org.apache.ibatis.transaction.jdbc.JdbcTransaction  - Closing JDBC Connection [conn64: url=jdbc:h2:mem:activiti-AsyncExecutorTest user=SA]
10:47:51,596 [Thread-105] DEBUG org.apache.ibatis.datasource.pooled.PooledDataSource  - Returned connection 54468349 to pool.
10:47:51,596 [Thread-105] DEBUG org.activiti.engine.impl.interceptor.LogInterceptor  - --- AcquireTimerJobsCmd finished --------------------------------------------------------
10:47:51,596 [Thread-105] DEBUG org.activiti.engine.impl.interceptor.LogInterceptor  - 

10:47:51,595 [Thread-102] DEBUG org.activiti.engine.impl.persistence.entity.JobEntity.selectNextTimerJobsToExecute  - ==&gt; Parameters: 2023-03-20 10:48:50.669(Timestamp), 2023-03-20 10:48:50.669(Timestamp), 1(Integer), 0(Integer)
10:47:51,596 [Thread-102] DEBUG org.activiti.engine.impl.persistence.entity.JobEntity.selectNextTimerJobsToExecute  - &lt;==      Total: 0
10:47:51,596 [Thread-102] DEBUG org.activiti.engine.impl.db.DbSqlSession  - flush summary: 0 insert, 0 update, 0 delete.
10:47:51,595 [Thread-103] DEBUG org.activiti.engine.impl.persistence.entity.JobEntity.selectAsyncJobsDueToExecute  - ==&gt;  Preparing: select RES.* from ACT_RU_JOB RES LEFT OUTER JOIN ACT_RU_EXECUTION PI ON PI.ID_ = RES.PROCESS_INSTANCE_ID_ where RES.RETRIES_ &gt; 0 and RES.DUEDATE_ is not null and RES.DUEDATE_ &lt;= ? and (RES.LOCK_EXP_TIME_ is null or RES.LOCK_EXP_TIME_ &lt;= ?) and TYPE_ = &apos;message&apos; and ( (RES.EXECUTION_ID_ is null) or (PI.SUSPENSION_STATE_ = 1) ) LIMIT ? OFFSET ? 
10:47:51,596 [Thread-103] DEBUG org.activiti.engine.impl.persistence.entity.JobEntity.selectAsyncJobsDueToExecute  - ==&gt; Parameters: 2023-03-20 10:48:50.669(Timestamp), 2023-03-20 10:48:50.669(Timestamp), 1(Integer), 0(Integer)
10:47:51,596 [Thread-103] DEBUG org.activiti.engine.impl.persistence.entity.JobEntity.selectAsyncJobsDueToExecute  - &lt;==      Total: 0
10:47:51,596 [Thread-103] DEBUG org.activiti.engine.impl.db.DbSqlSession  - flush summary: 0 insert, 0 update, 0 delete.
10:47:51,596 [Thread-103] DEBUG org.activiti.engine.impl.db.DbSqlSession  - now executing flush...
10:47:51,595 [Thread-106] DEBUG org.apache.ibatis.transaction.jdbc.JdbcTransaction  - Opening JDBC Connection
10:47:51,596 [Thread-106] DEBUG org.apache.ibatis.datasource.pooled.PooledDataSource  - Checked out connection 1970103261 from pool.
10:47:51,596 [Thread-106] DEBUG org.apache.ibatis.transaction.jdbc.JdbcTransaction  - Setting autocommit to false on JDBC Connection [conn63: url=jdbc:h2:mem:activiti-AsyncExecutorTest user=SA]
10:47:51,596 [Thread-103] DEBUG org.activiti.engine.impl.cfg.standalone.StandaloneMybatisTransactionContext  - firing event committing...
10:47:51,597 [Thread-103] DEBUG org.activiti.engine.impl.cfg.standalone.StandaloneMybatisTransactionContext  - committing the ibatis sql session...
10:47:51,597 [Thread-103] DEBUG org.activiti.engine.impl.cfg.standalone.StandaloneMybatisTransactionContext  - firing event committed...
10:47:51,597 [Thread-103] DEBUG org.apache.ibatis.transaction.jdbc.JdbcTransaction  - Resetting autocommit to true on JDBC Connection [conn59: url=jdbc:h2:mem:activiti-AsyncExecutorTest user=SA]
10:47:51,597 [Thread-103] DEBUG org.apache.ibatis.transaction.jdbc.JdbcTransaction  - Closing JDBC Connection [conn59: url=jdbc:h2:mem:activiti-AsyncExecutorTest user=SA]
10:47:51,597 [Thread-103] DEBUG org.apache.ibatis.datasource.pooled.PooledDataSource  - Returned connection 720039383 to pool.
10:47:51,597 [Thread-103] DEBUG org.activiti.engine.impl.interceptor.LogInterceptor  - --- AcquireAsyncJobsDueCmd finished --------------------------------------------------------
10:47:51,597 [Thread-103] DEBUG org.activiti.engine.impl.interceptor.LogInterceptor  - 

10:47:51,597 [Thread-103] DEBUG org.activiti.engine.impl.asyncexecutor.AcquireAsyncJobsDueRunnable  - async job acquisition thread sleeping for 50 millis
10:47:51,596 [Thread-102] DEBUG org.activiti.engine.impl.db.DbSqlSession  - now executing flush...
10:47:51,597 [Thread-102] DEBUG org.activiti.engine.impl.cfg.standalone.StandaloneMybatisTransactionContext  - firing event committing...
10:47:51,597 [Thread-102] DEBUG org.activiti.engine.impl.cfg.standalone.StandaloneMybatisTransactionContext  - committing the ibatis sql session...
10:47:51,597 [Thread-102] DEBUG org.activiti.engine.impl.cfg.standalone.StandaloneMybatisTransactionContext  - firing event committed...
10:47:51,597 [Thread-102] DEBUG org.apache.ibatis.transaction.jdbc.JdbcTransaction  - Resetting autocommit to true on JDBC Connection [conn61: url=jdbc:h2:mem:activiti-AsyncExecutorTest user=SA]
10:47:51,597 [Thread-102] DEBUG org.apache.ibatis.transaction.jdbc.JdbcTransaction  - Closing JDBC Connection [conn61: url=jdbc:h2:mem:activiti-AsyncExecutorTest user=SA]
10:47:51,597 [Thread-102] DEBUG org.apache.ibatis.datasource.pooled.PooledDataSource  - Returned connection 157985567 to pool.
10:47:51,597 [Thread-102] DEBUG org.activiti.engine.impl.interceptor.LogInterceptor  - --- AcquireTimerJobsCmd finished --------------------------------------------------------
10:47:51,597 [Thread-102] DEBUG org.activiti.engine.impl.interceptor.LogInterceptor  - 

10:47:51,596 [Thread-105] DEBUG org.activiti.engine.impl.asyncexecutor.AcquireTimerJobsRunnable  - timer job acquisition thread sleeping for 50 millis
10:47:51,596 [Thread-111] DEBUG org.activiti.engine.impl.db.DbSqlSession  - flush summary: 0 insert, 0 update, 0 delete.
10:47:51,597 [Thread-111] DEBUG org.activiti.engine.impl.db.DbSqlSession  - now executing flush...
10:47:51,597 [Thread-111] DEBUG org.activiti.engine.impl.cfg.standalone.StandaloneMybatisTransactionContext  - firing event committing...
10:47:51,597 [Thread-111] DEBUG org.activiti.engine.impl.cfg.standalone.StandaloneMybatisTransactionContext  - committing the ibatis sql session...
10:47:51,597 [Thread-111] DEBUG org.activiti.engine.impl.cfg.standalone.StandaloneMybatisTransactionContext  - firing event committed...
10:47:51,597 [Thread-111] DEBUG org.apache.ibatis.transaction.jdbc.JdbcTransaction  - Resetting autocommit to true on JDBC Connection [conn68: url=jdbc:h2:mem:activiti-AsyncExecutorTest user=SA]
10:47:51,597 [Thread-111] DEBUG org.apache.ibatis.transaction.jdbc.JdbcTransaction  - Closing JDBC Connection [conn68: url=jdbc:h2:mem:activiti-AsyncExecutorTest user=SA]
10:47:51,597 [Thread-111] DEBUG org.apache.ibatis.datasource.pooled.PooledDataSource  - Returned connection 58501658 to pool.
10:47:51,597 [Thread-111] DEBUG org.activiti.engine.impl.interceptor.LogInterceptor  - --- AcquireTimerJobsCmd finished --------------------------------------------------------
10:47:51,597 [Thread-111] DEBUG org.activiti.engine.impl.interceptor.LogInterceptor  - 

10:47:51,597 [Thread-111] DEBUG org.activiti.engine.impl.asyncexecutor.AcquireTimerJobsRunnable  - timer job acquisition thread sleeping for 50 millis
10:47:51,597 [Thread-102] DEBUG org.activiti.engine.impl.asyncexecutor.AcquireTimerJobsRunnable  - timer job acquisition thread sleeping for 50 millis
10:47:51,596 [Thread-106] DEBUG org.activiti.engine.impl.persistence.entity.JobEntity.selectAsyncJobsDueToExecute  - ==&gt;  Preparing: select RES.* from ACT_RU_JOB RES LEFT OUTER JOIN ACT_RU_EXECUTION PI ON PI.ID_ = RES.PROCESS_INSTANCE_ID_ where RES.RETRIES_ &gt; 0 and RES.DUEDATE_ is not null and RES.DUEDATE_ &lt;= ? and (RES.LOCK_EXP_TIME_ is null or RES.LOCK_EXP_TIME_ &lt;= ?) and TYPE_ = &apos;message&apos; and ( (RES.EXECUTION_ID_ is null) or (PI.SUSPENSION_STATE_ = 1) ) LIMIT ? OFFSET ? 
10:47:51,597 [Thread-106] DEBUG org.activiti.engine.impl.persistence.entity.JobEntity.selectAsyncJobsDueToExecute  - ==&gt; Parameters: 2023-03-20 10:48:50.669(Timestamp), 2023-03-20 10:48:50.669(Timestamp), 1(Integer), 0(Integer)
10:47:51,597 [Thread-106] DEBUG org.activiti.engine.impl.persistence.entity.JobEntity.selectAsyncJobsDueToExecute  - &lt;==      Total: 0
10:47:51,597 [Thread-106] DEBUG org.activiti.engine.impl.db.DbSqlSession  - flush summary: 0 insert, 0 update, 0 delete.
10:47:51,597 [Thread-106] DEBUG org.activiti.engine.impl.db.DbSqlSession  - now executing flush...
10:47:51,597 [Thread-106] DEBUG org.activiti.engine.impl.cfg.standalone.StandaloneMybatisTransactionContext  - firing event committing...
10:47:51,598 [Thread-106] DEBUG org.activiti.engine.impl.cfg.standalone.StandaloneMybatisTransactionContext  - committing the ibatis sql session...
10:47:51,598 [Thread-106] DEBUG org.activiti.engine.impl.cfg.standalone.StandaloneMybatisTransactionContext  - firing event committed...
10:47:51,598 [Thread-106] DEBUG org.apache.ibatis.transaction.jdbc.JdbcTransaction  - Resetting autocommit to true on JDBC Connection [conn63: url=jdbc:h2:mem:activiti-AsyncExecutorTest user=SA]
10:47:51,598 [Thread-106] DEBUG org.apache.ibatis.transaction.jdbc.JdbcTransaction  - Closing JDBC Connection [conn63: url=jdbc:h2:mem:activiti-AsyncExecutorTest user=SA]
10:47:51,598 [Thread-106] DEBUG org.apache.ibatis.datasource.pooled.PooledDataSource  - Returned connection 1970103261 to pool.
10:47:51,598 [Thread-106] DEBUG org.activiti.engine.impl.interceptor.LogInterceptor  - --- AcquireAsyncJobsDueCmd finished --------------------------------------------------------
10:47:51,598 [Thread-106] DEBUG org.activiti.engine.impl.interceptor.LogInterceptor  - 

10:47:51,598 [Thread-106] DEBUG org.activiti.engine.impl.asyncexecutor.AcquireAsyncJobsDueRunnable  - async job acquisition thread sleeping for 50 millis
10:47:51,642 [Thread-112] DEBUG org.activiti.engine.impl.asyncexecutor.AcquireAsyncJobsDueRunnable  - async job acquisition thread woke up
10:47:51,642 [Thread-112] DEBUG org.activiti.engine.impl.interceptor.LogInterceptor  - 

10:47:51,642 [Thread-112] DEBUG org.activiti.engine.impl.interceptor.LogInterceptor  - --- starting AcquireAsyncJobsDueCmd --------------------------------------------------------
10:47:51,642 [Thread-112] DEBUG org.apache.ibatis.transaction.jdbc.JdbcTransaction  - Opening JDBC Connection
10:47:51,642 [Thread-112] DEBUG org.apache.ibatis.datasource.pooled.PooledDataSource  - Checked out connection 1863805930 from pool.
10:47:51,642 [Thread-112] DEBUG org.apache.ibatis.transaction.jdbc.JdbcTransaction  - Setting autocommit to false on JDBC Connection [conn69: url=jdbc:h2:mem:activiti-AsyncExecutorTest user=SA]
10:47:51,642 [Thread-112] DEBUG org.activiti.engine.impl.persistence.entity.JobEntity.selectAsyncJobsDueToExecute  - ==&gt;  Preparing: select RES.* from ACT_RU_JOB RES LEFT OUTER JOIN ACT_RU_EXECUTION PI ON PI.ID_ = RES.PROCESS_INSTANCE_ID_ where RES.RETRIES_ &gt; 0 and RES.DUEDATE_ is not null and RES.DUEDATE_ &lt;= ? and (RES.LOCK_EXP_TIME_ is null or RES.LOCK_EXP_TIME_ &lt;= ?) and TYPE_ = &apos;message&apos; and ( (RES.EXECUTION_ID_ is null) or (PI.SUSPENSION_STATE_ = 1) ) LIMIT ? OFFSET ? 
10:47:51,642 [Thread-112] DEBUG org.activiti.engine.impl.persistence.entity.JobEntity.selectAsyncJobsDueToExecute  - ==&gt; Parameters: 2023-03-20 10:48:50.669(Timestamp), 2023-03-20 10:48:50.669(Timestamp), 1(Integer), 0(Integer)
10:47:51,642 [Thread-112] DEBUG org.activiti.engine.impl.persistence.entity.JobEntity.selectAsyncJobsDueToExecute  - &lt;==      Total: 0
10:47:51,642 [Thread-112] DEBUG org.activiti.engine.impl.db.DbSqlSession  - flush summary: 0 insert, 0 update, 0 delete.
10:47:51,642 [Thread-112] DEBUG org.activiti.engine.impl.db.DbSqlSession  - now executing flush...
10:47:51,642 [Thread-112] DEBUG org.activiti.engine.impl.cfg.standalone.StandaloneMybatisTransactionContext  - firing event committing...
10:47:51,642 [Thread-112] DEBUG org.activiti.engine.impl.cfg.standalone.StandaloneMybatisTransactionContext  - committing the ibatis sql session...
10:47:51,642 [Thread-112] DEBUG org.activiti.engine.impl.cfg.standalone.StandaloneMybatisTransactionContext  - firing event committed...
10:47:51,642 [Thread-112] DEBUG org.apache.ibatis.transaction.jdbc.JdbcTransaction  - Resetting autocommit to true on JDBC Connection [conn69: url=jdbc:h2:mem:activiti-AsyncExecutorTest user=SA]
10:47:51,642 [Thread-112] DEBUG org.apache.ibatis.transaction.jdbc.JdbcTransaction  - Closing JDBC Connection [conn69: url=jdbc:h2:mem:activiti-AsyncExecutorTest user=SA]
10:47:51,642 [Thread-112] DEBUG org.apache.ibatis.datasource.pooled.PooledDataSource  - Returned connection 1863805930 to pool.
10:47:51,642 [Thread-112] DEBUG org.activiti.engine.impl.interceptor.LogInterceptor  - --- AcquireAsyncJobsDueCmd finished --------------------------------------------------------
10:47:51,642 [Thread-112] DEBUG org.activiti.engine.impl.interceptor.LogInterceptor  - 

10:47:51,642 [Thread-112] DEBUG org.activiti.engine.impl.asyncexecutor.AcquireAsyncJobsDueRunnable  - async job acquisition thread sleeping for 50 millis
10:47:51,658 [Thread-102] DEBUG org.activiti.engine.impl.asyncexecutor.AcquireTimerJobsRunnable  - timer job acquisition thread woke up
10:47:51,658 [Thread-102] DEBUG org.activiti.engine.impl.interceptor.LogInterceptor  - 

10:47:51,658 [Thread-111] DEBUG org.activiti.engine.impl.asyncexecutor.AcquireTimerJobsRunnable  - timer job acquisition thread woke up
10:47:51,658 [Thread-111] DEBUG org.activiti.engine.impl.interceptor.LogInterceptor  - 

10:47:51,658 [Thread-111] DEBUG org.activiti.engine.impl.interceptor.LogInterceptor  - --- starting AcquireTimerJobsCmd --------------------------------------------------------
10:47:51,658 [Thread-105] DEBUG org.activiti.engine.impl.asyncexecutor.AcquireTimerJobsRunnable  - timer job acquisition thread woke up
10:47:51,658 [Thread-105] DEBUG org.activiti.engine.impl.interceptor.LogInterceptor  - 

10:47:51,658 [Thread-105] DEBUG org.activiti.engine.impl.interceptor.LogInterceptor  - --- starting AcquireTimerJobsCmd --------------------------------------------------------
10:47:51,658 [Thread-103] DEBUG org.activiti.engine.impl.asyncexecutor.AcquireAsyncJobsDueRunnable  - async job acquisition thread woke up
10:47:51,658 [Thread-103] DEBUG org.activiti.engine.impl.interceptor.LogInterceptor  - 

10:47:51,658 [Thread-103] DEBUG org.activiti.engine.impl.interceptor.LogInterceptor  - --- starting AcquireAsyncJobsDueCmd --------------------------------------------------------
10:47:51,658 [Thread-103] DEBUG org.apache.ibatis.transaction.jdbc.JdbcTransaction  - Opening JDBC Connection
10:47:51,658 [Thread-103] DEBUG org.apache.ibatis.datasource.pooled.PooledDataSource  - Checked out connection 33534803 from pool.
10:47:51,658 [Thread-103] DEBUG org.apache.ibatis.transaction.jdbc.JdbcTransaction  - Setting autocommit to false on JDBC Connection [conn60: url=jdbc:h2:mem:activiti-AsyncExecutorTest user=SA]
10:47:51,658 [Thread-106] DEBUG org.activiti.engine.impl.asyncexecutor.AcquireAsyncJobsDueRunnable  - async job acquisition thread woke up
10:47:51,658 [Thread-106] DEBUG org.activiti.engine.impl.interceptor.LogInterceptor  - 

10:47:51,658 [Thread-106] DEBUG org.activiti.engine.impl.interceptor.LogInterceptor  - --- starting AcquireAsyncJobsDueCmd --------------------------------------------------------
10:47:51,658 [Thread-106] DEBUG org.apache.ibatis.transaction.jdbc.JdbcTransaction  - Opening JDBC Connection
10:47:51,658 [Thread-106] DEBUG org.apache.ibatis.datasource.pooled.PooledDataSource  - Checked out connection 996762054 from pool.
10:47:51,658 [Thread-106] DEBUG org.apache.ibatis.transaction.jdbc.JdbcTransaction  - Setting autocommit to false on JDBC Connection [conn65: url=jdbc:h2:mem:activiti-AsyncExecutorTest user=SA]
10:47:51,658 [Thread-106] DEBUG org.activiti.engine.impl.persistence.entity.JobEntity.selectAsyncJobsDueToExecute  - ==&gt;  Preparing: select RES.* from ACT_RU_JOB RES LEFT OUTER JOIN ACT_RU_EXECUTION PI ON PI.ID_ = RES.PROCESS_INSTANCE_ID_ where RES.RETRIES_ &gt; 0 and RES.DUEDATE_ is not null and RES.DUEDATE_ &lt;= ? and (RES.LOCK_EXP_TIME_ is null or RES.LOCK_EXP_TIME_ &lt;= ?) and TYPE_ = &apos;message&apos; and ( (RES.EXECUTION_ID_ is null) or (PI.SUSPENSION_STATE_ = 1) ) LIMIT ? OFFSET ? 
10:47:51,658 [Thread-103] DEBUG org.activiti.engine.impl.persistence.entity.JobEntity.selectAsyncJobsDueToExecute  - ==&gt;  Preparing: select RES.* from ACT_RU_JOB RES LEFT OUTER JOIN ACT_RU_EXECUTION PI ON PI.ID_ = RES.PROCESS_INSTANCE_ID_ where RES.RETRIES_ &gt; 0 and RES.DUEDATE_ is not null and RES.DUEDATE_ &lt;= ? and (RES.LOCK_EXP_TIME_ is null or RES.LOCK_EXP_TIME_ &lt;= ?) and TYPE_ = &apos;message&apos; and ( (RES.EXECUTION_ID_ is null) or (PI.SUSPENSION_STATE_ = 1) ) LIMIT ? OFFSET ? 
10:47:51,658 [Thread-103] DEBUG org.activiti.engine.impl.persistence.entity.JobEntity.selectAsyncJobsDueToExecute  - ==&gt; Parameters: 2023-03-20 10:48:50.669(Timestamp), 2023-03-20 10:48:50.669(Timestamp), 1(Integer), 0(Integer)
10:47:51,659 [Thread-103] DEBUG org.activiti.engine.impl.persistence.entity.JobEntity.selectAsyncJobsDueToExecute  - &lt;==      Total: 0
10:47:51,659 [Thread-103] DEBUG org.activiti.engine.impl.db.DbSqlSession  - flush summary: 0 insert, 0 update, 0 delete.
10:47:51,659 [Thread-103] DEBUG org.activiti.engine.impl.db.DbSqlSession  - now executing flush...
10:47:51,659 [Thread-103] DEBUG org.activiti.engine.impl.cfg.standalone.StandaloneMybatisTransactionContext  - firing event committing...
10:47:51,658 [Thread-105] DEBUG org.apache.ibatis.transaction.jdbc.JdbcTransaction  - Opening JDBC Connection
10:47:51,659 [Thread-105] DEBUG org.apache.ibatis.datasource.pooled.PooledDataSource  - Checked out connection 54468349 from pool.
10:47:51,659 [Thread-105] DEBUG org.apache.ibatis.transaction.jdbc.JdbcTransaction  - Setting autocommit to false on JDBC Connection [conn64: url=jdbc:h2:mem:activiti-AsyncExecutorTest user=SA]
10:47:51,658 [Thread-111] DEBUG org.apache.ibatis.transaction.jdbc.JdbcTransaction  - Opening JDBC Connection
10:47:51,659 [Thread-111] DEBUG org.apache.ibatis.datasource.pooled.PooledDataSource  - Checked out connection 604408605 from pool.
10:47:51,659 [Thread-111] DEBUG org.apache.ibatis.transaction.jdbc.JdbcTransaction  - Setting autocommit to false on JDBC Connection [conn70: url=jdbc:h2:mem:activiti-AsyncExecutorTest user=SA]
10:47:51,659 [Thread-111] DEBUG org.activiti.engine.impl.persistence.entity.JobEntity.selectNextTimerJobsToExecute  - ==&gt;  Preparing: select RES.* from ACT_RU_JOB RES LEFT OUTER JOIN ACT_RU_EXECUTION PI ON PI.ID_ = RES.PROCESS_INSTANCE_ID_ where (RES.RETRIES_ &gt; 0) and (RES.DUEDATE_ is null or RES.DUEDATE_ &lt;= ?) and (RES.LOCK_OWNER_ is null or RES.LOCK_EXP_TIME_ &lt;= ?) and TYPE_ = &apos;timer&apos; and ( (RES.EXECUTION_ID_ is null) or (PI.SUSPENSION_STATE_ = 1) ) LIMIT ? OFFSET ? 
10:47:51,659 [Thread-111] DEBUG org.activiti.engine.impl.persistence.entity.JobEntity.selectNextTimerJobsToExecute  - ==&gt; Parameters: 2023-03-20 10:48:50.669(Timestamp), 2023-03-20 10:48:50.669(Timestamp), 1(Integer), 0(Integer)
10:47:51,658 [Thread-102] DEBUG org.activiti.engine.impl.interceptor.LogInterceptor  - --- starting AcquireTimerJobsCmd --------------------------------------------------------
10:47:51,659 [Thread-102] DEBUG org.apache.ibatis.transaction.jdbc.JdbcTransaction  - Opening JDBC Connection
10:47:51,659 [Thread-102] DEBUG org.apache.ibatis.datasource.pooled.PooledDataSource  - Checked out connection 720039383 from pool.
10:47:51,659 [Thread-102] DEBUG org.apache.ibatis.transaction.jdbc.JdbcTransaction  - Setting autocommit to false on JDBC Connection [conn59: url=jdbc:h2:mem:activiti-AsyncExecutorTest user=SA]
10:47:51,659 [Thread-102] DEBUG org.activiti.engine.impl.persistence.entity.JobEntity.selectNextTimerJobsToExecute  - ==&gt;  Preparing: select RES.* from ACT_RU_JOB RES LEFT OUTER JOIN ACT_RU_EXECUTION PI ON PI.ID_ = RES.PROCESS_INSTANCE_ID_ where (RES.RETRIES_ &gt; 0) and (RES.DUEDATE_ is null or RES.DUEDATE_ &lt;= ?) and (RES.LOCK_OWNER_ is null or RES.LOCK_EXP_TIME_ &lt;= ?) and TYPE_ = &apos;timer&apos; and ( (RES.EXECUTION_ID_ is null) or (PI.SUSPENSION_STATE_ = 1) ) LIMIT ? OFFSET ? 
10:47:51,659 [Thread-102] DEBUG org.activiti.engine.impl.persistence.entity.JobEntity.selectNextTimerJobsToExecute  - ==&gt; Parameters: 2023-03-20 10:48:50.669(Timestamp), 2023-03-20 10:48:50.669(Timestamp), 1(Integer), 0(Integer)
10:47:51,659 [Thread-102] DEBUG org.activiti.engine.impl.persistence.entity.JobEntity.selectNextTimerJobsToExecute  - &lt;==      Total: 0
10:47:51,659 [Thread-102] DEBUG org.activiti.engine.impl.db.DbSqlSession  - flush summary: 0 insert, 0 update, 0 delete.
10:47:51,659 [Thread-102] DEBUG org.activiti.engine.impl.db.DbSqlSession  - now executing flush...
10:47:51,659 [Thread-102] DEBUG org.activiti.engine.impl.cfg.standalone.StandaloneMybatisTransactionContext  - firing event committing...
10:47:51,659 [Thread-102] DEBUG org.activiti.engine.impl.cfg.standalone.StandaloneMybatisTransactionContext  - committing the ibatis sql session...
10:47:51,659 [Thread-102] DEBUG org.activiti.engine.impl.cfg.standalone.StandaloneMybatisTransactionContext  - firing event committed...
10:47:51,659 [Thread-102] DEBUG org.apache.ibatis.transaction.jdbc.JdbcTransaction  - Resetting autocommit to true on JDBC Connection [conn59: url=jdbc:h2:mem:activiti-AsyncExecutorTest user=SA]
10:47:51,659 [Thread-111] DEBUG org.activiti.engine.impl.persistence.entity.JobEntity.selectNextTimerJobsToExecute  - &lt;==      Total: 0
10:47:51,659 [Thread-111] DEBUG org.activiti.engine.impl.db.DbSqlSession  - flush summary: 0 insert, 0 update, 0 delete.
10:47:51,659 [Thread-111] DEBUG org.activiti.engine.impl.db.DbSqlSession  - now executing flush...
10:47:51,659 [Thread-111] DEBUG org.activiti.engine.impl.cfg.standalone.StandaloneMybatisTransactionContext  - firing event committing...
10:47:51,659 [Thread-111] DEBUG org.activiti.engine.impl.cfg.standalone.StandaloneMybatisTransactionContext  - committing the ibatis sql session...
10:47:51,659 [Thread-111] DEBUG org.activiti.engine.impl.cfg.standalone.StandaloneMybatisTransactionContext  - firing event committed...
10:47:51,659 [Thread-111] DEBUG org.apache.ibatis.transaction.jdbc.JdbcTransaction  - Resetting autocommit to true on JDBC Connection [conn70: url=jdbc:h2:mem:activiti-AsyncExecutorTest user=SA]
10:47:51,659 [Thread-111] DEBUG org.apache.ibatis.transaction.jdbc.JdbcTransaction  - Closing JDBC Connection [conn70: url=jdbc:h2:mem:activiti-AsyncExecutorTest user=SA]
10:47:51,659 [Thread-111] DEBUG org.apache.ibatis.datasource.pooled.PooledDataSource  - Returned connection 604408605 to pool.
10:47:51,659 [Thread-111] DEBUG org.activiti.engine.impl.interceptor.LogInterceptor  - --- AcquireTimerJobsCmd finished --------------------------------------------------------
10:47:51,659 [Thread-111] DEBUG org.activiti.engine.impl.interceptor.LogInterceptor  - 

10:47:51,659 [Thread-111] DEBUG org.activiti.engine.impl.asyncexecutor.AcquireTimerJobsRunnable  - timer job acquisition thread sleeping for 50 millis
10:47:51,659 [Thread-105] DEBUG org.activiti.engine.impl.persistence.entity.JobEntity.selectNextTimerJobsToExecute  - ==&gt;  Preparing: select RES.* from ACT_RU_JOB RES LEFT OUTER JOIN ACT_RU_EXECUTION PI ON PI.ID_ = RES.PROCESS_INSTANCE_ID_ where (RES.RETRIES_ &gt; 0) and (RES.DUEDATE_ is null or RES.DUEDATE_ &lt;= ?) and (RES.LOCK_OWNER_ is null or RES.LOCK_EXP_TIME_ &lt;= ?) and TYPE_ = &apos;timer&apos; and ( (RES.EXECUTION_ID_ is null) or (PI.SUSPENSION_STATE_ = 1) ) LIMIT ? OFFSET ? 
10:47:51,660 [Thread-105] DEBUG org.activiti.engine.impl.persistence.entity.JobEntity.selectNextTimerJobsToExecute  - ==&gt; Parameters: 2023-03-20 10:48:50.669(Timestamp), 2023-03-20 10:48:50.669(Timestamp), 1(Integer), 0(Integer)
10:47:51,660 [Thread-105] DEBUG org.activiti.engine.impl.persistence.entity.JobEntity.selectNextTimerJobsToExecute  - &lt;==      Total: 0
10:47:51,660 [Thread-105] DEBUG org.activiti.engine.impl.db.DbSqlSession  - flush summary: 0 insert, 0 update, 0 delete.
10:47:51,660 [Thread-105] DEBUG org.activiti.engine.impl.db.DbSqlSession  - now executing flush...
10:47:51,660 [Thread-105] DEBUG org.activiti.engine.impl.cfg.standalone.StandaloneMybatisTransactionContext  - firing event committing...
10:47:51,660 [Thread-105] DEBUG org.activiti.engine.impl.cfg.standalone.StandaloneMybatisTransactionContext  - committing the ibatis sql session...
10:47:51,660 [Thread-105] DEBUG org.activiti.engine.impl.cfg.standalone.StandaloneMybatisTransactionContext  - firing event committed...
10:47:51,660 [Thread-105] DEBUG org.apache.ibatis.transaction.jdbc.JdbcTransaction  - Resetting autocommit to true on JDBC Connection [conn64: url=jdbc:h2:mem:activiti-AsyncExecutorTest user=SA]
10:47:51,660 [Thread-105] DEBUG org.apache.ibatis.transaction.jdbc.JdbcTransaction  - Closing JDBC Connection [conn64: url=jdbc:h2:mem:activiti-AsyncExecutorTest user=SA]
10:47:51,660 [Thread-105] DEBUG org.apache.ibatis.datasource.pooled.PooledDataSource  - Returned connection 54468349 to pool.
10:47:51,660 [Thread-105] DEBUG org.activiti.engine.impl.interceptor.LogInterceptor  - --- AcquireTimerJobsCmd finished --------------------------------------------------------
10:47:51,660 [Thread-105] DEBUG org.activiti.engine.impl.interceptor.LogInterceptor  - 

10:47:51,660 [Thread-105] DEBUG org.activiti.engine.impl.asyncexecutor.AcquireTimerJobsRunnable  - timer job acquisition thread sleeping for 50 millis
10:47:51,659 [Thread-103] DEBUG org.activiti.engine.impl.cfg.standalone.StandaloneMybatisTransactionContext  - committing the ibatis sql session...
10:47:51,660 [Thread-103] DEBUG org.activiti.engine.impl.cfg.standalone.StandaloneMybatisTransactionContext  - firing event committed...
10:47:51,660 [Thread-103] DEBUG org.apache.ibatis.transaction.jdbc.JdbcTransaction  - Resetting autocommit to true on JDBC Connection [conn60: url=jdbc:h2:mem:activiti-AsyncExecutorTest user=SA]
10:47:51,660 [Thread-103] DEBUG org.apache.ibatis.transaction.jdbc.JdbcTransaction  - Closing JDBC Connection [conn60: url=jdbc:h2:mem:activiti-AsyncExecutorTest user=SA]
10:47:51,660 [Thread-103] DEBUG org.apache.ibatis.datasource.pooled.PooledDataSource  - Returned connection 33534803 to pool.
10:47:51,660 [Thread-103] DEBUG org.activiti.engine.impl.interceptor.LogInterceptor  - --- AcquireAsyncJobsDueCmd finished --------------------------------------------------------
10:47:51,660 [Thread-103] DEBUG org.activiti.engine.impl.interceptor.LogInterceptor  - 

10:47:51,660 [Thread-103] DEBUG org.activiti.engine.impl.asyncexecutor.AcquireAsyncJobsDueRunnable  - async job acquisition thread sleeping for 50 millis
10:47:51,658 [Thread-106] DEBUG org.activiti.engine.impl.persistence.entity.JobEntity.selectAsyncJobsDueToExecute  - ==&gt; Parameters: 2023-03-20 10:48:50.669(Timestamp), 2023-03-20 10:48:50.669(Timestamp), 1(Integer), 0(Integer)
10:47:51,660 [Thread-106] DEBUG org.activiti.engine.impl.persistence.entity.JobEntity.selectAsyncJobsDueToExecute  - &lt;==      Total: 0
10:47:51,660 [Thread-106] DEBUG org.activiti.engine.impl.db.DbSqlSession  - flush summary: 0 insert, 0 update, 0 delete.
10:47:51,660 [Thread-106] DEBUG org.activiti.engine.impl.db.DbSqlSession  - now executing flush...
10:47:51,660 [Thread-106] DEBUG org.activiti.engine.impl.cfg.standalone.StandaloneMybatisTransactionContext  - firing event committing...
10:47:51,660 [Thread-106] DEBUG org.activiti.engine.impl.cfg.standalone.StandaloneMybatisTransactionContext  - committing the ibatis sql session...
10:47:51,660 [Thread-106] DEBUG org.activiti.engine.impl.cfg.standalone.StandaloneMybatisTransactionContext  - firing event committed...
10:47:51,660 [Thread-106] DEBUG org.apache.ibatis.transaction.jdbc.JdbcTransaction  - Resetting autocommit to true on JDBC Connection [conn65: url=jdbc:h2:mem:activiti-AsyncExecutorTest user=SA]
10:47:51,659 [Thread-102] DEBUG org.apache.ibatis.transaction.jdbc.JdbcTransaction  - Closing JDBC Connection [conn59: url=jdbc:h2:mem:activiti-AsyncExecutorTest user=SA]
10:47:51,660 [Thread-102] DEBUG org.apache.ibatis.datasource.pooled.PooledDataSource  - Returned connection 720039383 to pool.
10:47:51,660 [Thread-102] DEBUG org.activiti.engine.impl.interceptor.LogInterceptor  - --- AcquireTimerJobsCmd finished --------------------------------------------------------
10:47:51,660 [Thread-102] DEBUG org.activiti.engine.impl.interceptor.LogInterceptor  - 

10:47:51,660 [Thread-102] DEBUG org.activiti.engine.impl.asyncexecutor.AcquireTimerJobsRunnable  - timer job acquisition thread sleeping for 50 millis
10:47:51,660 [Thread-106] DEBUG org.apache.ibatis.transaction.jdbc.JdbcTransaction  - Closing JDBC Connection [conn65: url=jdbc:h2:mem:activiti-AsyncExecutorTest user=SA]
10:47:51,660 [Thread-106] DEBUG org.apache.ibatis.datasource.pooled.PooledDataSource  - Returned connection 996762054 to pool.
10:47:51,660 [Thread-106] DEBUG org.activiti.engine.impl.interceptor.LogInterceptor  - --- AcquireAsyncJobsDueCmd finished --------------------------------------------------------
10:47:51,661 [Thread-106] DEBUG org.activiti.engine.impl.interceptor.LogInterceptor  - 

10:47:51,661 [Thread-106] DEBUG org.activiti.engine.impl.asyncexecutor.AcquireAsyncJobsDueRunnable  - async job acquisition thread sleeping for 50 millis
10:47:51,673 [Thread-118] DEBUG org.activiti.engine.impl.asyncexecutor.AcquireAsyncJobsDueRunnable  - async job acquisition thread woke up
10:47:51,673 [Thread-118] DEBUG org.activiti.engine.impl.interceptor.LogInterceptor  - 

10:47:51,673 [Thread-118] DEBUG org.activiti.engine.impl.interceptor.LogInterceptor  - --- starting AcquireAsyncJobsDueCmd --------------------------------------------------------
10:47:51,673 [Thread-118] DEBUG org.apache.ibatis.transaction.jdbc.JdbcTransaction  - Opening JDBC Connection
10:47:51,673 [Thread-118] DEBUG org.apache.ibatis.datasource.pooled.PooledDataSource  - Checked out connection 180014677 from pool.
10:47:51,673 [Thread-118] DEBUG org.apache.ibatis.transaction.jdbc.JdbcTransaction  - Setting autocommit to false on JDBC Connection [conn3: url=jdbc:h2:mem:activiti user=SA]
10:47:51,673 [Thread-118] DEBUG org.activiti.engine.impl.persistence.entity.JobEntity.selectAsyncJobsDueToExecute  - ==&gt;  Preparing: select RES.* from ACT_RU_JOB RES LEFT OUTER JOIN ACT_RU_EXECUTION PI ON PI.ID_ = RES.PROCESS_INSTANCE_ID_ where RES.RETRIES_ &gt; 0 and RES.DUEDATE_ is not null and RES.DUEDATE_ &lt;= ? and (RES.LOCK_EXP_TIME_ is null or RES.LOCK_EXP_TIME_ &lt;= ?) and TYPE_ = &apos;message&apos; and ( (RES.EXECUTION_ID_ is null) or (PI.SUSPENSION_STATE_ = 1) ) LIMIT ? OFFSET ? 
10:47:51,673 [Thread-118] DEBUG org.activiti.engine.impl.persistence.entity.JobEntity.selectAsyncJobsDueToExecute  - ==&gt; Parameters: 2023-03-20 10:48:50.669(Timestamp), 2023-03-20 10:48:50.669(Timestamp), 1(Integer), 0(Integer)
10:47:51,673 [Thread-118] DEBUG org.activiti.engine.impl.persistence.entity.JobEntity.selectAsyncJobsDueToExecute  - &lt;==      Total: 0
10:47:51,673 [Thread-118] DEBUG org.activiti.engine.impl.db.DbSqlSession  - flush summary: 0 insert, 0 update, 0 delete.
10:47:51,674 [Thread-118] DEBUG org.activiti.engine.impl.db.DbSqlSession  - now executing flush...
10:47:51,674 [Thread-118] DEBUG org.activiti.engine.impl.cfg.standalone.StandaloneMybatisTransactionContext  - firing event committing...
10:47:51,674 [Thread-118] DEBUG org.activiti.engine.impl.cfg.standalone.StandaloneMybatisTransactionContext  - committing the ibatis sql session...
10:47:51,674 [Thread-118] DEBUG org.activiti.engine.impl.cfg.standalone.StandaloneMybatisTransactionContext  - firing event committed...
10:47:51,674 [Thread-118] DEBUG org.apache.ibatis.transaction.jdbc.JdbcTransaction  - Resetting autocommit to true on JDBC Connection [conn3: url=jdbc:h2:mem:activiti user=SA]
10:47:51,674 [Thread-118] DEBUG org.apache.ibatis.transaction.jdbc.JdbcTransaction  - Closing JDBC Connection [conn3: url=jdbc:h2:mem:activiti user=SA]
10:47:51,674 [Thread-118] DEBUG org.apache.ibatis.datasource.pooled.PooledDataSource  - Returned connection 180014677 to pool.
10:47:51,674 [Thread-118] DEBUG org.activiti.engine.impl.interceptor.LogInterceptor  - --- AcquireAsyncJobsDueCmd finished --------------------------------------------------------
10:47:51,674 [Thread-118] DEBUG org.activiti.engine.impl.interceptor.LogInterceptor  - 

10:47:51,674 [Thread-118] DEBUG org.activiti.engine.impl.asyncexecutor.AcquireAsyncJobsDueRunnable  - async job acquisition thread sleeping for 1000 millis
10:47:51,688 [Thread-117] DEBUG org.activiti.engine.impl.asyncexecutor.AcquireTimerJobsRunnable  - timer job acquisition thread woke up
10:47:51,688 [Thread-117] DEBUG org.activiti.engine.impl.interceptor.LogInterceptor  - 

10:47:51,688 [main] DEBUG org.activiti.engine.impl.interceptor.LogInterceptor  - 

10:47:51,688 [main] DEBUG org.activiti.engine.impl.interceptor.LogInterceptor  - --- starting JobQueryImpl --------------------------------------------------------
10:47:51,688 [Thread-117] DEBUG org.activiti.engine.impl.interceptor.LogInterceptor  - --- starting AcquireTimerJobsCmd --------------------------------------------------------
10:47:51,688 [Thread-117] DEBUG org.apache.ibatis.transaction.jdbc.JdbcTransaction  - Opening JDBC Connection
10:47:51,688 [Thread-117] DEBUG org.apache.ibatis.datasource.pooled.PooledDataSource  - Checked out connection 486346394 from pool.
10:47:51,688 [Thread-117] DEBUG org.apache.ibatis.transaction.jdbc.JdbcTransaction  - Setting autocommit to false on JDBC Connection [conn6: url=jdbc:h2:mem:activiti user=SA]
10:47:51,688 [Thread-117] DEBUG org.activiti.engine.impl.persistence.entity.JobEntity.selectNextTimerJobsToExecute  - ==&gt;  Preparing: select RES.* from ACT_RU_JOB RES LEFT OUTER JOIN ACT_RU_EXECUTION PI ON PI.ID_ = RES.PROCESS_INSTANCE_ID_ where (RES.RETRIES_ &gt; 0) and (RES.DUEDATE_ is null or RES.DUEDATE_ &lt;= ?) and (RES.LOCK_OWNER_ is null or RES.LOCK_EXP_TIME_ &lt;= ?) and TYPE_ = &apos;timer&apos; and ( (RES.EXECUTION_ID_ is null) or (PI.SUSPENSION_STATE_ = 1) ) LIMIT ? OFFSET ? 
10:47:51,688 [main] DEBUG org.apache.ibatis.transaction.jdbc.JdbcTransaction  - Opening JDBC Connection
10:47:51,688 [main] DEBUG org.apache.ibatis.datasource.pooled.PooledDataSource  - Checked out connection 297240765 from pool.
10:47:51,688 [main] DEBUG org.apache.ibatis.transaction.jdbc.JdbcTransaction  - Setting autocommit to false on JDBC Connection [conn4: url=jdbc:h2:mem:activiti user=SA]
10:47:51,688 [main] DEBUG org.activiti.engine.impl.persistence.entity.JobEntity.selectJobByQueryCriteria  - ==&gt;  Preparing: select RES.* from ACT_RU_JOB RES order by order by RES.ID_ asc LIMIT ? OFFSET ? 
10:47:51,688 [Thread-117] DEBUG org.activiti.engine.impl.persistence.entity.JobEntity.selectNextTimerJobsToExecute  - ==&gt; Parameters: 2023-03-20 10:48:50.669(Timestamp), 2023-03-20 10:48:50.669(Timestamp), 1(Integer), 0(Integer)
10:47:51,688 [Thread-117] DEBUG org.activiti.engine.impl.persistence.entity.JobEntity.selectNextTimerJobsToExecute  - &lt;==      Total: 0
10:47:51,689 [Thread-117] DEBUG org.activiti.engine.impl.db.DbSqlSession  - flush summary: 0 insert, 0 update, 0 delete.
10:47:51,689 [Thread-117] DEBUG org.activiti.engine.impl.db.DbSqlSession  - now executing flush...
10:47:51,688 [main] DEBUG org.activiti.engine.impl.interceptor.CommandContext  - Error while closing command context
org.apache.ibatis.exceptions.PersistenceException: 
### Error querying database.  Cause: org.h2.jdbc.JdbcSQLException: Syntax error in SQL statement &quot;SELECT RES.* 
     
    FROM ACT_RU_JOB RES
     
      
   
     ORDER BY  ORDER[*] BY RES.ID_ ASC  
    LIMIT ? OFFSET ? &quot;; expected &quot;=, NOT, EXISTS, INTERSECTS, SELECT, FROM&quot;; SQL statement:
select RES.* 
     
    from ACT_RU_JOB RES
     
      
   
     order by  order by RES.ID_ asc  
    LIMIT ? OFFSET ? [42001-176]
### The error may exist in org/activiti/db/mapping/entity/Job.xml
### The error may involve org.activiti.engine.impl.persistence.entity.JobEntity.selectJobByQueryCriteria
### The error occurred while executing a query
### SQL: select RES.*            from ACT_RU_JOB RES                       order by  order by RES.ID_ asc       LIMIT ? OFFSET ?
### Cause: org.h2.jdbc.JdbcSQLException: Syntax error in SQL statement &quot;SELECT RES.* 
     
    FROM ACT_RU_JOB RES
     
      
   
     ORDER BY  ORDER[*] BY RES.ID_ ASC  
    LIMIT ? OFFSET ? &quot;; expected &quot;=, NOT, EXISTS, INTERSECTS, SELECT, FROM&quot;; SQL statement:
select RES.* 
     
    from ACT_RU_JOB RES
     
      
   
     order by  order by RES.ID_ asc  
    LIMIT ? OFFSET ? [42001-176]
	at org.apache.ibatis.exceptions.ExceptionFactory.wrapException(ExceptionFactory.java:30)
	at org.apache.ibatis.session.defaults.DefaultSqlSession.selectList(DefaultSqlSession.java:122)
	at org.apache.ibatis.session.defaults.DefaultSqlSession.selectList(DefaultSqlSession.java:113)
	at org.activiti.engine.impl.db.DbSqlSession.selectListWithRawParameter(DbSqlSession.java:438)
	at org.activiti.engine.impl.db.DbSqlSession.selectList(DbSqlSession.java:429)
	at org.activiti.engine.impl.db.DbSqlSession.selectList(DbSqlSession.java:419)
	at org.activiti.engine.impl.persistence.entity.JobEntityManager.findJobsByQueryCriteria(JobEntityManager.java:198)
	at org.activiti.engine.impl.JobQueryImpl.executeList(JobQueryImpl.java:243)
	at org.activiti.engine.impl.AbstractQuery.execute(AbstractQuery.java:164)
	at org.activiti.engine.impl.interceptor.CommandInvoker.execute(CommandInvoker.java:24)
	at org.activiti.engine.impl.interceptor.CommandContextInterceptor.execute(CommandContextInterceptor.java:57)
	at org.activiti.engine.impl.interceptor.LogInterceptor.execute(LogInterceptor.java:37)
	at org.activiti.engine.impl.cfg.CommandExecutorImpl.execute(CommandExecutorImpl.java:40)
	at org.activiti.engine.impl.cfg.CommandExecutorImpl.execute(CommandExecutorImpl.java:35)
	at org.activiti.engine.impl.AbstractQuery.list(AbstractQuery.java:138)
	at org.activiti.engine.impl.test.JobTestHelper.areJobsAvailable(JobTestHelper.java:194)
	at org.activiti.engine.impl.test.JobTestHelper.waitForJobExecutorToProcessAllJobs(JobTestHelper.java:74)
	at org.activiti.engine.impl.test.JobTestHelper.waitForJobExecutorToProcessAllJobs(JobTestHelper.java:47)
	at org.activiti.engine.impl.test.AbstractActivitiTestCase.waitForJobExecutorToProcessAllJobs(AbstractActivitiTestCase.java:204)
	at org.activiti.engine.test.jobexecutor.JobExecutorTest.testBasicJobExecutorOperation(JobExecutorTest.java:53)
	at sun.reflect.NativeMethodAccessorImpl.invoke0(Native Method)
	at sun.reflect.NativeMethodAccessorImpl.invoke(NativeMethodAccessorImpl.java:62)
	at sun.reflect.DelegatingMethodAccessorImpl.invoke(DelegatingMethodAccessorImpl.java:43)
	at java.lang.reflect.Method.invoke(Method.java:498)
	at junit.framework.TestCase.runTest(TestCase.java:176)
	at org.activiti.engine.impl.test.PvmTestCase.runTest(PvmTestCase.java:65)
	at junit.framework.TestCase.runBare(TestCase.java:141)
	at org.activiti.engine.impl.test.AbstractActivitiTestCase.runBare(AbstractActivitiTestCase.java:100)
	at junit.framework.TestResult$1.protect(TestResult.java:122)
	at junit.framework.TestResult.runProtected(TestResult.java:142)
	at junit.framework.TestResult.run(TestResult.java:125)
	at junit.framework.TestCase.run(TestCase.java:129)
	at junit.framework.TestSuite.runTest(TestSuite.java:255)
	at junit.framework.TestSuite.run(TestSuite.java:250)
	at org.junit.internal.runners.JUnit38ClassRunner.run(JUnit38ClassRunner.java:84)
	at org.apache.maven.surefire.junit4.JUnit4TestSet.execute(JUnit4TestSet.java:35)
	at org.apache.maven.surefire.junit4.JUnit4Provider.executeTestSet(JUnit4Provider.java:146)
	at org.apache.maven.surefire.junit4.JUnit4Provider.invoke(JUnit4Provider.java:97)
	at sun.reflect.NativeMethodAccessorImpl.invoke0(Native Method)
	at sun.reflect.NativeMethodAccessorImpl.invoke(NativeMethodAccessorImpl.java:62)
	at sun.reflect.DelegatingMethodAccessorImpl.invoke(DelegatingMethodAccessorImpl.java:43)
	at java.lang.reflect.Method.invoke(Method.java:498)
	at org.apache.maven.surefire.booter.ProviderFactory$ClassLoaderProxy.invoke(ProviderFactory.java:103)
	at com.sun.proxy.$Proxy0.invoke(Unknown Source)
	at org.apache.maven.surefire.booter.SurefireStarter.invokeProvider(SurefireStarter.java:145)
	at org.apache.maven.surefire.booter.SurefireStarter.runSuitesInProcess(SurefireStarter.java:87)
	at org.apache.maven.surefire.booter.ForkedBooter.main(ForkedBooter.java:69)
Caused by: org.h2.jdbc.JdbcSQLException: Syntax error in SQL statement &quot;SELECT RES.* 
     
    FROM ACT_RU_JOB RES
     
      
   
     ORDER BY  ORDER[*] BY RES.ID_ ASC  
    LIMIT ? OFFSET ? &quot;; expected &quot;=, NOT, EXISTS, INTERSECTS, SELECT, FROM&quot;; SQL statement:
select RES.* 
     
    from ACT_RU_JOB RES
     
      
   
     order by  order by RES.ID_ asc  
    LIMIT ? OFFSET ? [42001-176]
	at org.h2.message.DbException.getJdbcSQLException(DbException.java:344)
	at org.h2.message.DbException.getSyntaxError(DbException.java:204)
	at org.h2.command.Parser.getSyntaxError(Parser.java:524)
	at org.h2.command.Parser.readTerm(Parser.java:2688)
	at org.h2.command.Parser.readFactor(Parser.java:2244)
	at org.h2.command.Parser.readSum(Parser.java:2231)
	at org.h2.command.Parser.readConcat(Parser.java:2201)
	at org.h2.command.Parser.readCondition(Parser.java:2051)
	at org.h2.command.Parser.readAnd(Parser.java:2023)
	at org.h2.command.Parser.readExpression(Parser.java:2015)
	at org.h2.command.Parser.parseEndOfQuery(Parser.java:1726)
	at org.h2.command.Parser.parseSelectUnionExtension(Parser.java:1706)
	at org.h2.command.Parser.parseSelectUnion(Parser.java:1675)
	at org.h2.command.Parser.parseSelect(Parser.java:1662)
	at org.h2.command.Parser.parsePrepared(Parser.java:434)
	at org.h2.command.Parser.parse(Parser.java:306)
	at org.h2.command.Parser.parse(Parser.java:282)
	at org.h2.command.Parser.prepareCommand(Parser.java:243)
	at org.h2.engine.Session.prepareLocal(Session.java:442)
	at org.h2.engine.Session.prepareCommand(Session.java:384)
	at org.h2.jdbc.JdbcConnection.prepareCommand(JdbcConnection.java:1188)
	at org.h2.jdbc.JdbcPreparedStatement.&lt;init&gt;(JdbcPreparedStatement.java:73)
	at org.h2.jdbc.JdbcConnection.prepareStatement(JdbcConnection.java:276)
	at sun.reflect.GeneratedMethodAccessor6.invoke(Unknown Source)
	at sun.reflect.DelegatingMethodAccessorImpl.invoke(DelegatingMethodAccessorImpl.java:43)
	at java.lang.reflect.Method.invoke(Method.java:498)
	at org.apache.ibatis.datasource.pooled.PooledConnection.invoke(PooledConnection.java:245)
	at com.sun.proxy.$Proxy12.prepareStatement(Unknown Source)
	at sun.reflect.GeneratedMethodAccessor6.invoke(Unknown Source)
	at sun.reflect.DelegatingMethodAccessorImpl.invoke(DelegatingMethodAccessorImpl.java:43)
	at java.lang.reflect.Method.invoke(Method.java:498)
	at org.apache.ibatis.logging.jdbc.ConnectionLogger.invoke(ConnectionLogger.java:55)
	at com.sun.proxy.$Proxy12.prepareStatement(Unknown Source)
	at org.apache.ibatis.executor.statement.PreparedStatementHandler.instantiateStatement(PreparedStatementHandler.java:79)
	at org.apache.ibatis.executor.statement.BaseStatementHandler.prepare(BaseStatementHandler.java:88)
	at org.apache.ibatis.executor.statement.RoutingStatementHandler.prepare(RoutingStatementHandler.java:58)
	at org.apache.ibatis.executor.SimpleExecutor.prepareStatement(SimpleExecutor.java:76)
	at org.apache.ibatis.executor.SimpleExecutor.doQuery(SimpleExecutor.java:61)
	at org.apache.ibatis.executor.BaseExecutor.queryFromDatabase(BaseExecutor.java:303)
	at org.apache.ibatis.executor.BaseExecutor.query(BaseExecutor.java:154)
	at org.apache.ibatis.executor.CachingExecutor.query(CachingExecutor.java:102)
	at org.apache.ibatis.executor.CachingExecutor.query(CachingExecutor.java:82)
	at org.apache.ibatis.session.defaults.DefaultSqlSession.selectList(DefaultSqlSession.java:120)
	... 45 more
10:47:51,689 [main] DEBUG org.activiti.engine.impl.cfg.standalone.StandaloneMybatisTransactionContext  - firing event rolling back...
10:47:51,689 [main] DEBUG org.activiti.engine.impl.cfg.standalone.StandaloneMybatisTransactionContext  - rolling back ibatis sql session...
10:47:51,689 [main] DEBUG org.activiti.engine.impl.cfg.standalone.StandaloneMybatisTransactionContext  - firing event rolled back...
10:47:51,689 [main] DEBUG org.apache.ibatis.transaction.jdbc.JdbcTransaction  - Resetting autocommit to true on JDBC Connection [conn4: url=jdbc:h2:mem:activiti user=SA]
10:47:51,689 [main] DEBUG org.apache.ibatis.transaction.jdbc.JdbcTransaction  - Closing JDBC Connection [conn4: url=jdbc:h2:mem:activiti user=SA]
10:47:51,689 [main] DEBUG org.apache.ibatis.datasource.pooled.PooledDataSource  - Returned connection 297240765 to pool.
10:47:51,689 [main] DEBUG org.activiti.engine.impl.interceptor.LogInterceptor  - --- JobQueryImpl finished --------------------------------------------------------
10:47:51,689 [main] DEBUG org.activiti.engine.impl.interceptor.LogInterceptor  - 

10:47:51,689 [Thread-117] DEBUG org.activiti.engine.impl.cfg.standalone.StandaloneMybatisTransactionContext  - firing event committing...
10:47:51,689 [Thread-117] DEBUG org.activiti.engine.impl.cfg.standalone.StandaloneMybatisTransactionContext  - committing the ibatis sql session...
10:47:51,689 [Thread-117] DEBUG org.activiti.engine.impl.cfg.standalone.StandaloneMybatisTransactionContext  - firing event committed...
10:47:51,689 [Thread-117] DEBUG org.apache.ibatis.transaction.jdbc.JdbcTransaction  - Resetting autocommit to true on JDBC Connection [conn6: url=jdbc:h2:mem:activiti user=SA]
10:47:51,689 [Thread-117] DEBUG org.apache.ibatis.transaction.jdbc.JdbcTransaction  - Closing JDBC Connection [conn6: url=jdbc:h2:mem:activiti user=SA]
10:47:51,689 [Thread-117] DEBUG org.apache.ibatis.datasource.pooled.PooledDataSource  - Returned connection 486346394 to pool.
10:47:51,689 [Thread-117] DEBUG org.activiti.engine.impl.interceptor.LogInterceptor  - --- AcquireTimerJobsCmd finished --------------------------------------------------------
10:47:51,689 [Thread-117] DEBUG org.activiti.engine.impl.interceptor.LogInterceptor  - 

10:47:51,689 [Thread-117] DEBUG org.activiti.engine.impl.asyncexecutor.AcquireTimerJobsRunnable  - timer job acquisition thread sleeping for 1000 millis
10:47:51,704 [Thread-112] DEBUG org.activiti.engine.impl.asyncexecutor.AcquireAsyncJobsDueRunnable  - async job acquisition thread woke up
10:47:51,704 [Thread-112] DEBUG org.activiti.engine.impl.interceptor.LogInterceptor  - 

10:47:51,704 [Thread-112] DEBUG org.activiti.engine.impl.interceptor.LogInterceptor  - --- starting AcquireAsyncJobsDueCmd --------------------------------------------------------
10:47:51,704 [Thread-112] DEBUG org.apache.ibatis.transaction.jdbc.JdbcTransaction  - Opening JDBC Connection
10:47:51,704 [Thread-112] DEBUG org.apache.ibatis.datasource.pooled.PooledDataSource  - Checked out connection 58501658 from pool.
10:47:51,704 [Thread-112] DEBUG org.apache.ibatis.transaction.jdbc.JdbcTransaction  - Setting autocommit to false on JDBC Connection [conn68: url=jdbc:h2:mem:activiti-AsyncExecutorTest user=SA]
10:47:51,704 [Thread-112] DEBUG org.activiti.engine.impl.persistence.entity.JobEntity.selectAsyncJobsDueToExecute  - ==&gt;  Preparing: select RES.* from ACT_RU_JOB RES LEFT OUTER JOIN ACT_RU_EXECUTION PI ON PI.ID_ = RES.PROCESS_INSTANCE_ID_ where RES.RETRIES_ &gt; 0 and RES.DUEDATE_ is not null and RES.DUEDATE_ &lt;= ? and (RES.LOCK_EXP_TIME_ is null or RES.LOCK_EXP_TIME_ &lt;= ?) and TYPE_ = &apos;message&apos; and ( (RES.EXECUTION_ID_ is null) or (PI.SUSPENSION_STATE_ = 1) ) LIMIT ? OFFSET ? 
10:47:51,704 [Thread-112] DEBUG org.activiti.engine.impl.persistence.entity.JobEntity.selectAsyncJobsDueToExecute  - ==&gt; Parameters: 2023-03-20 10:48:50.669(Timestamp), 2023-03-20 10:48:50.669(Timestamp), 1(Integer), 0(Integer)
10:47:51,704 [Thread-112] DEBUG org.activiti.engine.impl.persistence.entity.JobEntity.selectAsyncJobsDueToExecute  - &lt;==      Total: 0
10:47:51,704 [Thread-112] DEBUG org.activiti.engine.impl.db.DbSqlSession  - flush summary: 0 insert, 0 update, 0 delete.
10:47:51,704 [Thread-112] DEBUG org.activiti.engine.impl.db.DbSqlSession  - now executing flush...
10:47:51,704 [Thread-112] DEBUG org.activiti.engine.impl.cfg.standalone.StandaloneMybatisTransactionContext  - firing event committing...
10:47:51,704 [Thread-112] DEBUG org.activiti.engine.impl.cfg.standalone.StandaloneMybatisTransactionContext  - committing the ibatis sql session...
10:47:51,704 [Thread-112] DEBUG org.activiti.engine.impl.cfg.standalone.StandaloneMybatisTransactionContext  - firing event committed...
10:47:51,704 [Thread-112] DEBUG org.apache.ibatis.transaction.jdbc.JdbcTransaction  - Resetting autocommit to true on JDBC Connection [conn68: url=jdbc:h2:mem:activiti-AsyncExecutorTest user=SA]
10:47:51,704 [Thread-112] DEBUG org.apache.ibatis.transaction.jdbc.JdbcTransaction  - Closing JDBC Connection [conn68: url=jdbc:h2:mem:activiti-AsyncExecutorTest user=SA]
10:47:51,704 [Thread-112] DEBUG org.apache.ibatis.datasource.pooled.PooledDataSource  - Returned connection 58501658 to pool.
10:47:51,704 [Thread-112] DEBUG org.activiti.engine.impl.interceptor.LogInterceptor  - --- AcquireAsyncJobsDueCmd finished --------------------------------------------------------
10:47:51,704 [Thread-112] DEBUG org.activiti.engine.impl.interceptor.LogInterceptor  - 

10:47:51,704 [Thread-112] DEBUG org.activiti.engine.impl.asyncexecutor.AcquireAsyncJobsDueRunnable  - async job acquisition thread sleeping for 50 millis
10:47:51,720 [Thread-106] DEBUG org.activiti.engine.impl.asyncexecutor.AcquireAsyncJobsDueRunnable  - async job acquisition thread woke up
10:47:51,720 [Thread-111] DEBUG org.activiti.engine.impl.asyncexecutor.AcquireTimerJobsRunnable  - timer job acquisition thread woke up
10:47:51,720 [Thread-111] DEBUG org.activiti.engine.impl.interceptor.LogInterceptor  - 

10:47:51,720 [Thread-111] DEBUG org.activiti.engine.impl.interceptor.LogInterceptor  - --- starting AcquireTimerJobsCmd --------------------------------------------------------
10:47:51,720 [Thread-105] DEBUG org.activiti.engine.impl.asyncexecutor.AcquireTimerJobsRunnable  - timer job acquisition thread woke up
10:47:51,720 [Thread-105] DEBUG org.activiti.engine.impl.interceptor.LogInterceptor  - 

10:47:51,720 [Thread-102] DEBUG org.activiti.engine.impl.asyncexecutor.AcquireTimerJobsRunnable  - timer job acquisition thread woke up
10:47:51,720 [Thread-102] DEBUG org.activiti.engine.impl.interceptor.LogInterceptor  - 

10:47:51,720 [Thread-102] DEBUG org.activiti.engine.impl.interceptor.LogInterceptor  - --- starting AcquireTimerJobsCmd --------------------------------------------------------
10:47:51,720 [Thread-103] DEBUG org.activiti.engine.impl.asyncexecutor.AcquireAsyncJobsDueRunnable  - async job acquisition thread woke up
10:47:51,720 [Thread-103] DEBUG org.activiti.engine.impl.interceptor.LogInterceptor  - 

10:47:51,720 [Thread-103] DEBUG org.activiti.engine.impl.interceptor.LogInterceptor  - --- starting AcquireAsyncJobsDueCmd --------------------------------------------------------
10:47:51,720 [Thread-102] DEBUG org.apache.ibatis.transaction.jdbc.JdbcTransaction  - Opening JDBC Connection
10:47:51,720 [Thread-102] DEBUG org.apache.ibatis.datasource.pooled.PooledDataSource  - Checked out connection 157985567 from pool.
10:47:51,720 [Thread-105] DEBUG org.activiti.engine.impl.interceptor.LogInterceptor  - --- starting AcquireTimerJobsCmd --------------------------------------------------------
10:47:51,720 [Thread-111] DEBUG org.apache.ibatis.transaction.jdbc.JdbcTransaction  - Opening JDBC Connection
10:47:51,720 [Thread-111] DEBUG org.apache.ibatis.datasource.pooled.PooledDataSource  - Checked out connection 1863805930 from pool.
10:47:51,720 [Thread-111] DEBUG org.apache.ibatis.transaction.jdbc.JdbcTransaction  - Setting autocommit to false on JDBC Connection [conn69: url=jdbc:h2:mem:activiti-AsyncExecutorTest user=SA]
10:47:51,720 [Thread-106] DEBUG org.activiti.engine.impl.interceptor.LogInterceptor  - 

10:47:51,721 [Thread-106] DEBUG org.activiti.engine.impl.interceptor.LogInterceptor  - --- starting AcquireAsyncJobsDueCmd --------------------------------------------------------
10:47:51,721 [Thread-111] DEBUG org.activiti.engine.impl.persistence.entity.JobEntity.selectNextTimerJobsToExecute  - ==&gt;  Preparing: select RES.* from ACT_RU_JOB RES LEFT OUTER JOIN ACT_RU_EXECUTION PI ON PI.ID_ = RES.PROCESS_INSTANCE_ID_ where (RES.RETRIES_ &gt; 0) and (RES.DUEDATE_ is null or RES.DUEDATE_ &lt;= ?) and (RES.LOCK_OWNER_ is null or RES.LOCK_EXP_TIME_ &lt;= ?) and TYPE_ = &apos;timer&apos; and ( (RES.EXECUTION_ID_ is null) or (PI.SUSPENSION_STATE_ = 1) ) LIMIT ? OFFSET ? 
10:47:51,720 [Thread-105] DEBUG org.apache.ibatis.transaction.jdbc.JdbcTransaction  - Opening JDBC Connection
10:47:51,721 [Thread-111] DEBUG org.activiti.engine.impl.persistence.entity.JobEntity.selectNextTimerJobsToExecute  - ==&gt; Parameters: 2023-03-20 10:48:50.669(Timestamp), 2023-03-20 10:48:50.669(Timestamp), 1(Integer), 0(Integer)
10:47:51,720 [Thread-102] DEBUG org.apache.ibatis.transaction.jdbc.JdbcTransaction  - Setting autocommit to false on JDBC Connection [conn61: url=jdbc:h2:mem:activiti-AsyncExecutorTest user=SA]
10:47:51,721 [Thread-102] DEBUG org.activiti.engine.impl.persistence.entity.JobEntity.selectNextTimerJobsToExecute  - ==&gt;  Preparing: select RES.* from ACT_RU_JOB RES LEFT OUTER JOIN ACT_RU_EXECUTION PI ON PI.ID_ = RES.PROCESS_INSTANCE_ID_ where (RES.RETRIES_ &gt; 0) and (RES.DUEDATE_ is null or RES.DUEDATE_ &lt;= ?) and (RES.LOCK_OWNER_ is null or RES.LOCK_EXP_TIME_ &lt;= ?) and TYPE_ = &apos;timer&apos; and ( (RES.EXECUTION_ID_ is null) or (PI.SUSPENSION_STATE_ = 1) ) LIMIT ? OFFSET ? 
10:47:51,721 [Thread-102] DEBUG org.activiti.engine.impl.persistence.entity.JobEntity.selectNextTimerJobsToExecute  - ==&gt; Parameters: 2023-03-20 10:48:50.669(Timestamp), 2023-03-20 10:48:50.669(Timestamp), 1(Integer), 0(Integer)
10:47:51,721 [Thread-102] DEBUG org.activiti.engine.impl.persistence.entity.JobEntity.selectNextTimerJobsToExecute  - &lt;==      Total: 0
10:47:51,721 [Thread-102] DEBUG org.activiti.engine.impl.db.DbSqlSession  - flush summary: 0 insert, 0 update, 0 delete.
10:47:51,721 [Thread-102] DEBUG org.activiti.engine.impl.db.DbSqlSession  - now executing flush...
10:47:51,721 [Thread-102] DEBUG org.activiti.engine.impl.cfg.standalone.StandaloneMybatisTransactionContext  - firing event committing...
10:47:51,721 [Thread-102] DEBUG org.activiti.engine.impl.cfg.standalone.StandaloneMybatisTransactionContext  - committing the ibatis sql session...
10:47:51,721 [Thread-102] DEBUG org.activiti.engine.impl.cfg.standalone.StandaloneMybatisTransactionContext  - firing event committed...
10:47:51,721 [Thread-102] DEBUG org.apache.ibatis.transaction.jdbc.JdbcTransaction  - Resetting autocommit to true on JDBC Connection [conn61: url=jdbc:h2:mem:activiti-AsyncExecutorTest user=SA]
10:47:51,720 [Thread-103] DEBUG org.apache.ibatis.transaction.jdbc.JdbcTransaction  - Opening JDBC Connection
10:47:51,721 [Thread-103] DEBUG org.apache.ibatis.datasource.pooled.PooledDataSource  - Checked out connection 33534803 from pool.
10:47:51,721 [Thread-103] DEBUG org.apache.ibatis.transaction.jdbc.JdbcTransaction  - Setting autocommit to false on JDBC Connection [conn60: url=jdbc:h2:mem:activiti-AsyncExecutorTest user=SA]
10:47:51,721 [Thread-102] DEBUG org.apache.ibatis.transaction.jdbc.JdbcTransaction  - Closing JDBC Connection [conn61: url=jdbc:h2:mem:activiti-AsyncExecutorTest user=SA]
10:47:51,721 [Thread-102] DEBUG org.apache.ibatis.datasource.pooled.PooledDataSource  - Returned connection 157985567 to pool.
10:47:51,721 [Thread-111] DEBUG org.activiti.engine.impl.persistence.entity.JobEntity.selectNextTimerJobsToExecute  - &lt;==      Total: 0
10:47:51,721 [Thread-111] DEBUG org.activiti.engine.impl.db.DbSqlSession  - flush summary: 0 insert, 0 update, 0 delete.
10:47:51,721 [Thread-111] DEBUG org.activiti.engine.impl.db.DbSqlSession  - now executing flush...
10:47:51,721 [Thread-111] DEBUG org.activiti.engine.impl.cfg.standalone.StandaloneMybatisTransactionContext  - firing event committing...
10:47:51,721 [Thread-111] DEBUG org.activiti.engine.impl.cfg.standalone.StandaloneMybatisTransactionContext  - committing the ibatis sql session...
10:47:51,721 [Thread-111] DEBUG org.activiti.engine.impl.cfg.standalone.StandaloneMybatisTransactionContext  - firing event committed...
10:47:51,721 [Thread-105] DEBUG org.apache.ibatis.datasource.pooled.PooledDataSource  - Checked out connection 1970103261 from pool.
10:47:51,721 [Thread-105] DEBUG org.apache.ibatis.transaction.jdbc.JdbcTransaction  - Setting autocommit to false on JDBC Connection [conn63: url=jdbc:h2:mem:activiti-AsyncExecutorTest user=SA]
10:47:51,721 [Thread-106] DEBUG org.apache.ibatis.transaction.jdbc.JdbcTransaction  - Opening JDBC Connection
10:47:51,722 [Thread-106] DEBUG org.apache.ibatis.datasource.pooled.PooledDataSource  - Checked out connection 54468349 from pool.
10:47:51,722 [Thread-106] DEBUG org.apache.ibatis.transaction.jdbc.JdbcTransaction  - Setting autocommit to false on JDBC Connection [conn64: url=jdbc:h2:mem:activiti-AsyncExecutorTest user=SA]
10:47:51,722 [Thread-105] DEBUG org.activiti.engine.impl.persistence.entity.JobEntity.selectNextTimerJobsToExecute  - ==&gt;  Preparing: select RES.* from ACT_RU_JOB RES LEFT OUTER JOIN ACT_RU_EXECUTION PI ON PI.ID_ = RES.PROCESS_INSTANCE_ID_ where (RES.RETRIES_ &gt; 0) and (RES.DUEDATE_ is null or RES.DUEDATE_ &lt;= ?) and (RES.LOCK_OWNER_ is null or RES.LOCK_EXP_TIME_ &lt;= ?) and TYPE_ = &apos;timer&apos; and ( (RES.EXECUTION_ID_ is null) or (PI.SUSPENSION_STATE_ = 1) ) LIMIT ? OFFSET ? 
10:47:51,722 [Thread-105] DEBUG org.activiti.engine.impl.persistence.entity.JobEntity.selectNextTimerJobsToExecute  - ==&gt; Parameters: 2023-03-20 10:48:50.669(Timestamp), 2023-03-20 10:48:50.669(Timestamp), 1(Integer), 0(Integer)
10:47:51,721 [Thread-111] DEBUG org.apache.ibatis.transaction.jdbc.JdbcTransaction  - Resetting autocommit to true on JDBC Connection [conn69: url=jdbc:h2:mem:activiti-AsyncExecutorTest user=SA]
10:47:51,722 [Thread-111] DEBUG org.apache.ibatis.transaction.jdbc.JdbcTransaction  - Closing JDBC Connection [conn69: url=jdbc:h2:mem:activiti-AsyncExecutorTest user=SA]
10:47:51,722 [Thread-111] DEBUG org.apache.ibatis.datasource.pooled.PooledDataSource  - Returned connection 1863805930 to pool.
10:47:51,722 [Thread-111] DEBUG org.activiti.engine.impl.interceptor.LogInterceptor  - --- AcquireTimerJobsCmd finished --------------------------------------------------------
10:47:51,722 [Thread-111] DEBUG org.activiti.engine.impl.interceptor.LogInterceptor  - 

10:47:51,722 [Thread-111] DEBUG org.activiti.engine.impl.asyncexecutor.AcquireTimerJobsRunnable  - timer job acquisition thread sleeping for 50 millis
10:47:51,721 [Thread-102] DEBUG org.activiti.engine.impl.interceptor.LogInterceptor  - --- AcquireTimerJobsCmd finished --------------------------------------------------------
10:47:51,722 [Thread-102] DEBUG org.activiti.engine.impl.interceptor.LogInterceptor  - 

10:47:51,722 [Thread-102] DEBUG org.activiti.engine.impl.asyncexecutor.AcquireTimerJobsRunnable  - timer job acquisition thread sleeping for 50 millis
10:47:51,721 [Thread-103] DEBUG org.activiti.engine.impl.persistence.entity.JobEntity.selectAsyncJobsDueToExecute  - ==&gt;  Preparing: select RES.* from ACT_RU_JOB RES LEFT OUTER JOIN ACT_RU_EXECUTION PI ON PI.ID_ = RES.PROCESS_INSTANCE_ID_ where RES.RETRIES_ &gt; 0 and RES.DUEDATE_ is not null and RES.DUEDATE_ &lt;= ? and (RES.LOCK_EXP_TIME_ is null or RES.LOCK_EXP_TIME_ &lt;= ?) and TYPE_ = &apos;message&apos; and ( (RES.EXECUTION_ID_ is null) or (PI.SUSPENSION_STATE_ = 1) ) LIMIT ? OFFSET ? 
10:47:51,722 [Thread-103] DEBUG org.activiti.engine.impl.persistence.entity.JobEntity.selectAsyncJobsDueToExecute  - ==&gt; Parameters: 2023-03-20 10:48:50.669(Timestamp), 2023-03-20 10:48:50.669(Timestamp), 1(Integer), 0(Integer)
10:47:51,722 [Thread-105] DEBUG org.activiti.engine.impl.persistence.entity.JobEntity.selectNextTimerJobsToExecute  - &lt;==      Total: 0
10:47:51,722 [Thread-105] DEBUG org.activiti.engine.impl.db.DbSqlSession  - flush summary: 0 insert, 0 update, 0 delete.
10:47:51,722 [Thread-105] DEBUG org.activiti.engine.impl.db.DbSqlSession  - now executing flush...
10:47:51,722 [Thread-105] DEBUG org.activiti.engine.impl.cfg.standalone.StandaloneMybatisTransactionContext  - firing event committing...
10:47:51,722 [Thread-105] DEBUG org.activiti.engine.impl.cfg.standalone.StandaloneMybatisTransactionContext  - committing the ibatis sql session...
10:47:51,722 [Thread-105] DEBUG org.activiti.engine.impl.cfg.standalone.StandaloneMybatisTransactionContext  - firing event committed...
10:47:51,722 [Thread-105] DEBUG org.apache.ibatis.transaction.jdbc.JdbcTransaction  - Resetting autocommit to true on JDBC Connection [conn63: url=jdbc:h2:mem:activiti-AsyncExecutorTest user=SA]
10:47:51,722 [Thread-105] DEBUG org.apache.ibatis.transaction.jdbc.JdbcTransaction  - Closing JDBC Connection [conn63: url=jdbc:h2:mem:activiti-AsyncExecutorTest user=SA]
10:47:51,722 [Thread-105] DEBUG org.apache.ibatis.datasource.pooled.PooledDataSource  - Returned connection 1970103261 to pool.
10:47:51,722 [Thread-105] DEBUG org.activiti.engine.impl.interceptor.LogInterceptor  - --- AcquireTimerJobsCmd finished --------------------------------------------------------
10:47:51,722 [Thread-105] DEBUG org.activiti.engine.impl.interceptor.LogInterceptor  - 

10:47:51,722 [Thread-105] DEBUG org.activiti.engine.impl.asyncexecutor.AcquireTimerJobsRunnable  - timer job acquisition thread sleeping for 50 millis
10:47:51,722 [Thread-106] DEBUG org.activiti.engine.impl.persistence.entity.JobEntity.selectAsyncJobsDueToExecute  - ==&gt;  Preparing: select RES.* from ACT_RU_JOB RES LEFT OUTER JOIN ACT_RU_EXECUTION PI ON PI.ID_ = RES.PROCESS_INSTANCE_ID_ where RES.RETRIES_ &gt; 0 and RES.DUEDATE_ is not null and RES.DUEDATE_ &lt;= ? and (RES.LOCK_EXP_TIME_ is null or RES.LOCK_EXP_TIME_ &lt;= ?) and TYPE_ = &apos;message&apos; and ( (RES.EXECUTION_ID_ is null) or (PI.SUSPENSION_STATE_ = 1) ) LIMIT ? OFFSET ? 
10:47:51,723 [Thread-106] DEBUG org.activiti.engine.impl.persistence.entity.JobEntity.selectAsyncJobsDueToExecute  - ==&gt; Parameters: 2023-03-20 10:48:50.669(Timestamp), 2023-03-20 10:48:50.669(Timestamp), 1(Integer), 0(Integer)
10:47:51,722 [Thread-103] DEBUG org.activiti.engine.impl.persistence.entity.JobEntity.selectAsyncJobsDueToExecute  - &lt;==      Total: 0
10:47:51,723 [Thread-106] DEBUG org.activiti.engine.impl.persistence.entity.JobEntity.selectAsyncJobsDueToExecute  - &lt;==      Total: 0
10:47:51,723 [Thread-106] DEBUG org.activiti.engine.impl.db.DbSqlSession  - flush summary: 0 insert, 0 update, 0 delete.
10:47:51,723 [Thread-106] DEBUG org.activiti.engine.impl.db.DbSqlSession  - now executing flush...
10:47:51,723 [Thread-106] DEBUG org.activiti.engine.impl.cfg.standalone.StandaloneMybatisTransactionContext  - firing event committing...
10:47:51,723 [Thread-106] DEBUG org.activiti.engine.impl.cfg.standalone.StandaloneMybatisTransactionContext  - committing the ibatis sql session...
10:47:51,723 [Thread-106] DEBUG org.activiti.engine.impl.cfg.standalone.StandaloneMybatisTransactionContext  - firing event committed...
10:47:51,723 [Thread-106] DEBUG org.apache.ibatis.transaction.jdbc.JdbcTransaction  - Resetting autocommit to true on JDBC Connection [conn64: url=jdbc:h2:mem:activiti-AsyncExecutorTest user=SA]
10:47:51,723 [Thread-106] DEBUG org.apache.ibatis.transaction.jdbc.JdbcTransaction  - Closing JDBC Connection [conn64: url=jdbc:h2:mem:activiti-AsyncExecutorTest user=SA]
10:47:51,723 [Thread-106] DEBUG org.apache.ibatis.datasource.pooled.PooledDataSource  - Returned connection 54468349 to pool.
10:47:51,723 [Thread-106] DEBUG org.activiti.engine.impl.interceptor.LogInterceptor  - --- AcquireAsyncJobsDueCmd finished --------------------------------------------------------
10:47:51,723 [Thread-106] DEBUG org.activiti.engine.impl.interceptor.LogInterceptor  - 

10:47:51,723 [Thread-103] DEBUG org.activiti.engine.impl.db.DbSqlSession  - flush summary: 0 insert, 0 update, 0 delete.
10:47:51,723 [Thread-103] DEBUG org.activiti.engine.impl.db.DbSqlSession  - now executing flush...
10:47:51,723 [Thread-103] DEBUG org.activiti.engine.impl.cfg.standalone.StandaloneMybatisTransactionContext  - firing event committing...
10:47:51,723 [Thread-103] DEBUG org.activiti.engine.impl.cfg.standalone.StandaloneMybatisTransactionContext  - committing the ibatis sql session...
10:47:51,723 [Thread-103] DEBUG org.activiti.engine.impl.cfg.standalone.StandaloneMybatisTransactionContext  - firing event committed...
10:47:51,723 [Thread-103] DEBUG org.apache.ibatis.transaction.jdbc.JdbcTransaction  - Resetting autocommit to true on JDBC Connection [conn60: url=jdbc:h2:mem:activiti-AsyncExecutorTest user=SA]
10:47:51,723 [Thread-106] DEBUG org.activiti.engine.impl.asyncexecutor.AcquireAsyncJobsDueRunnable  - async job acquisition thread sleeping for 50 millis
10:47:51,723 [Thread-103] DEBUG org.apache.ibatis.transaction.jdbc.JdbcTransaction  - Closing JDBC Connection [conn60: url=jdbc:h2:mem:activiti-AsyncExecutorTest user=SA]
10:47:51,723 [Thread-103] DEBUG org.apache.ibatis.datasource.pooled.PooledDataSource  - Returned connection 33534803 to pool.
10:47:51,723 [Thread-103] DEBUG org.activiti.engine.impl.interceptor.LogInterceptor  - --- AcquireAsyncJobsDueCmd finished --------------------------------------------------------
10:47:51,723 [Thread-103] DEBUG org.activiti.engine.impl.interceptor.LogInterceptor  - 

10:47:51,723 [Thread-103] DEBUG org.activiti.engine.impl.asyncexecutor.AcquireAsyncJobsDueRunnable  - async job acquisition thread sleeping for 50 millis
10:47:51,766 [Thread-112] DEBUG org.activiti.engine.impl.asyncexecutor.AcquireAsyncJobsDueRunnable  - async job acquisition thread woke up
10:47:51,766 [Thread-112] DEBUG org.activiti.engine.impl.interceptor.LogInterceptor  - 

10:47:51,766 [Thread-112] DEBUG org.activiti.engine.impl.interceptor.LogInterceptor  - --- starting AcquireAsyncJobsDueCmd --------------------------------------------------------
10:47:51,766 [Thread-112] DEBUG org.apache.ibatis.transaction.jdbc.JdbcTransaction  - Opening JDBC Connection
10:47:51,766 [Thread-112] DEBUG org.apache.ibatis.datasource.pooled.PooledDataSource  - Checked out connection 604408605 from pool.
10:47:51,766 [Thread-112] DEBUG org.apache.ibatis.transaction.jdbc.JdbcTransaction  - Setting autocommit to false on JDBC Connection [conn70: url=jdbc:h2:mem:activiti-AsyncExecutorTest user=SA]
10:47:51,766 [Thread-112] DEBUG org.activiti.engine.impl.persistence.entity.JobEntity.selectAsyncJobsDueToExecute  - ==&gt;  Preparing: select RES.* from ACT_RU_JOB RES LEFT OUTER JOIN ACT_RU_EXECUTION PI ON PI.ID_ = RES.PROCESS_INSTANCE_ID_ where RES.RETRIES_ &gt; 0 and RES.DUEDATE_ is not null and RES.DUEDATE_ &lt;= ? and (RES.LOCK_EXP_TIME_ is null or RES.LOCK_EXP_TIME_ &lt;= ?) and TYPE_ = &apos;message&apos; and ( (RES.EXECUTION_ID_ is null) or (PI.SUSPENSION_STATE_ = 1) ) LIMIT ? OFFSET ? 
10:47:51,766 [Thread-112] DEBUG org.activiti.engine.impl.persistence.entity.JobEntity.selectAsyncJobsDueToExecute  - ==&gt; Parameters: 2023-03-20 10:48:50.669(Timestamp), 2023-03-20 10:48:50.669(Timestamp), 1(Integer), 0(Integer)
10:47:51,766 [Thread-112] DEBUG org.activiti.engine.impl.persistence.entity.JobEntity.selectAsyncJobsDueToExecute  - &lt;==      Total: 0
10:47:51,766 [Thread-112] DEBUG org.activiti.engine.impl.db.DbSqlSession  - flush summary: 0 insert, 0 update, 0 delete.
10:47:51,766 [Thread-112] DEBUG org.activiti.engine.impl.db.DbSqlSession  - now executing flush...
10:47:51,767 [Thread-112] DEBUG org.activiti.engine.impl.cfg.standalone.StandaloneMybatisTransactionContext  - firing event committing...
10:47:51,767 [Thread-112] DEBUG org.activiti.engine.impl.cfg.standalone.StandaloneMybatisTransactionContext  - committing the ibatis sql session...
10:47:51,767 [Thread-112] DEBUG org.activiti.engine.impl.cfg.standalone.StandaloneMybatisTransactionContext  - firing event committed...
10:47:51,767 [Thread-112] DEBUG org.apache.ibatis.transaction.jdbc.JdbcTransaction  - Resetting autocommit to true on JDBC Connection [conn70: url=jdbc:h2:mem:activiti-AsyncExecutorTest user=SA]
10:47:51,767 [Thread-112] DEBUG org.apache.ibatis.transaction.jdbc.JdbcTransaction  - Closing JDBC Connection [conn70: url=jdbc:h2:mem:activiti-AsyncExecutorTest user=SA]
10:47:51,767 [Thread-112] DEBUG org.apache.ibatis.datasource.pooled.PooledDataSource  - Returned connection 604408605 to pool.
10:47:51,767 [Thread-112] DEBUG org.activiti.engine.impl.interceptor.LogInterceptor  - --- AcquireAsyncJobsDueCmd finished --------------------------------------------------------
10:47:51,767 [Thread-112] DEBUG org.activiti.engine.impl.interceptor.LogInterceptor  - 

10:47:51,767 [Thread-112] DEBUG org.activiti.engine.impl.asyncexecutor.AcquireAsyncJobsDueRunnable  - async job acquisition thread sleeping for 50 millis
10:47:51,782 [Thread-103] DEBUG org.activiti.engine.impl.asyncexecutor.AcquireAsyncJobsDueRunnable  - async job acquisition thread woke up
10:47:51,782 [Thread-103] DEBUG org.activiti.engine.impl.interceptor.LogInterceptor  - 

10:47:51,782 [Thread-111] DEBUG org.activiti.engine.impl.asyncexecutor.AcquireTimerJobsRunnable  - timer job acquisition thread woke up
10:47:51,782 [Thread-111] DEBUG org.activiti.engine.impl.interceptor.LogInterceptor  - 

10:47:51,782 [Thread-111] DEBUG org.activiti.engine.impl.interceptor.LogInterceptor  - --- starting AcquireTimerJobsCmd --------------------------------------------------------
10:47:51,782 [Thread-105] DEBUG org.activiti.engine.impl.asyncexecutor.AcquireTimerJobsRunnable  - timer job acquisition thread woke up
10:47:51,782 [Thread-105] DEBUG org.activiti.engine.impl.interceptor.LogInterceptor  - 

10:47:51,782 [Thread-105] DEBUG org.activiti.engine.impl.interceptor.LogInterceptor  - --- starting AcquireTimerJobsCmd --------------------------------------------------------
10:47:51,782 [Thread-102] DEBUG org.activiti.engine.impl.asyncexecutor.AcquireTimerJobsRunnable  - timer job acquisition thread woke up
10:47:51,782 [Thread-102] DEBUG org.activiti.engine.impl.interceptor.LogInterceptor  - 

10:47:51,782 [Thread-102] DEBUG org.activiti.engine.impl.interceptor.LogInterceptor  - --- starting AcquireTimerJobsCmd --------------------------------------------------------
10:47:51,782 [Thread-106] DEBUG org.activiti.engine.impl.asyncexecutor.AcquireAsyncJobsDueRunnable  - async job acquisition thread woke up
10:47:51,782 [Thread-106] DEBUG org.activiti.engine.impl.interceptor.LogInterceptor  - 

10:47:51,782 [Thread-106] DEBUG org.activiti.engine.impl.interceptor.LogInterceptor  - --- starting AcquireAsyncJobsDueCmd --------------------------------------------------------
10:47:51,782 [Thread-106] DEBUG org.apache.ibatis.transaction.jdbc.JdbcTransaction  - Opening JDBC Connection
10:47:51,782 [Thread-106] DEBUG org.apache.ibatis.datasource.pooled.PooledDataSource  - Checked out connection 996762054 from pool.
10:47:51,782 [Thread-106] DEBUG org.apache.ibatis.transaction.jdbc.JdbcTransaction  - Setting autocommit to false on JDBC Connection [conn65: url=jdbc:h2:mem:activiti-AsyncExecutorTest user=SA]
10:47:51,782 [Thread-106] DEBUG org.activiti.engine.impl.persistence.entity.JobEntity.selectAsyncJobsDueToExecute  - ==&gt;  Preparing: select RES.* from ACT_RU_JOB RES LEFT OUTER JOIN ACT_RU_EXECUTION PI ON PI.ID_ = RES.PROCESS_INSTANCE_ID_ where RES.RETRIES_ &gt; 0 and RES.DUEDATE_ is not null and RES.DUEDATE_ &lt;= ? and (RES.LOCK_EXP_TIME_ is null or RES.LOCK_EXP_TIME_ &lt;= ?) and TYPE_ = &apos;message&apos; and ( (RES.EXECUTION_ID_ is null) or (PI.SUSPENSION_STATE_ = 1) ) LIMIT ? OFFSET ? 
10:47:51,782 [Thread-102] DEBUG org.apache.ibatis.transaction.jdbc.JdbcTransaction  - Opening JDBC Connection
10:47:51,782 [Thread-102] DEBUG org.apache.ibatis.datasource.pooled.PooledDataSource  - Checked out connection 720039383 from pool.
10:47:51,782 [Thread-102] DEBUG org.apache.ibatis.transaction.jdbc.JdbcTransaction  - Setting autocommit to false on JDBC Connection [conn59: url=jdbc:h2:mem:activiti-AsyncExecutorTest user=SA]
10:47:51,782 [Thread-102] DEBUG org.activiti.engine.impl.persistence.entity.JobEntity.selectNextTimerJobsToExecute  - ==&gt;  Preparing: select RES.* from ACT_RU_JOB RES LEFT OUTER JOIN ACT_RU_EXECUTION PI ON PI.ID_ = RES.PROCESS_INSTANCE_ID_ where (RES.RETRIES_ &gt; 0) and (RES.DUEDATE_ is null or RES.DUEDATE_ &lt;= ?) and (RES.LOCK_OWNER_ is null or RES.LOCK_EXP_TIME_ &lt;= ?) and TYPE_ = &apos;timer&apos; and ( (RES.EXECUTION_ID_ is null) or (PI.SUSPENSION_STATE_ = 1) ) LIMIT ? OFFSET ? 
10:47:51,782 [Thread-102] DEBUG org.activiti.engine.impl.persistence.entity.JobEntity.selectNextTimerJobsToExecute  - ==&gt; Parameters: 2023-03-20 10:48:50.669(Timestamp), 2023-03-20 10:48:50.669(Timestamp), 1(Integer), 0(Integer)
10:47:51,782 [Thread-105] DEBUG org.apache.ibatis.transaction.jdbc.JdbcTransaction  - Opening JDBC Connection
10:47:51,783 [Thread-105] DEBUG org.apache.ibatis.datasource.pooled.PooledDataSource  - Checked out connection 1970103261 from pool.
10:47:51,783 [Thread-105] DEBUG org.apache.ibatis.transaction.jdbc.JdbcTransaction  - Setting autocommit to false on JDBC Connection [conn63: url=jdbc:h2:mem:activiti-AsyncExecutorTest user=SA]
10:47:51,782 [Thread-111] DEBUG org.apache.ibatis.transaction.jdbc.JdbcTransaction  - Opening JDBC Connection
10:47:51,783 [Thread-111] DEBUG org.apache.ibatis.datasource.pooled.PooledDataSource  - Checked out connection 58501658 from pool.
10:47:51,783 [Thread-111] DEBUG org.apache.ibatis.transaction.jdbc.JdbcTransaction  - Setting autocommit to false on JDBC Connection [conn68: url=jdbc:h2:mem:activiti-AsyncExecutorTest user=SA]
10:47:51,782 [Thread-103] DEBUG org.activiti.engine.impl.interceptor.LogInterceptor  - --- starting AcquireAsyncJobsDueCmd --------------------------------------------------------
10:47:51,783 [Thread-103] DEBUG org.apache.ibatis.transaction.jdbc.JdbcTransaction  - Opening JDBC Connection
10:47:51,783 [Thread-103] DEBUG org.apache.ibatis.datasource.pooled.PooledDataSource  - Checked out connection 157985567 from pool.
10:47:51,783 [Thread-111] DEBUG org.activiti.engine.impl.persistence.entity.JobEntity.selectNextTimerJobsToExecute  - ==&gt;  Preparing: select RES.* from ACT_RU_JOB RES LEFT OUTER JOIN ACT_RU_EXECUTION PI ON PI.ID_ = RES.PROCESS_INSTANCE_ID_ where (RES.RETRIES_ &gt; 0) and (RES.DUEDATE_ is null or RES.DUEDATE_ &lt;= ?) and (RES.LOCK_OWNER_ is null or RES.LOCK_EXP_TIME_ &lt;= ?) and TYPE_ = &apos;timer&apos; and ( (RES.EXECUTION_ID_ is null) or (PI.SUSPENSION_STATE_ = 1) ) LIMIT ? OFFSET ? 
10:47:51,783 [Thread-111] DEBUG org.activiti.engine.impl.persistence.entity.JobEntity.selectNextTimerJobsToExecute  - ==&gt; Parameters: 2023-03-20 10:48:50.669(Timestamp), 2023-03-20 10:48:50.669(Timestamp), 1(Integer), 0(Integer)
10:47:51,783 [Thread-111] DEBUG org.activiti.engine.impl.persistence.entity.JobEntity.selectNextTimerJobsToExecute  - &lt;==      Total: 0
10:47:51,783 [Thread-111] DEBUG org.activiti.engine.impl.db.DbSqlSession  - flush summary: 0 insert, 0 update, 0 delete.
10:47:51,783 [Thread-111] DEBUG org.activiti.engine.impl.db.DbSqlSession  - now executing flush...
10:47:51,783 [Thread-111] DEBUG org.activiti.engine.impl.cfg.standalone.StandaloneMybatisTransactionContext  - firing event committing...
10:47:51,783 [Thread-111] DEBUG org.activiti.engine.impl.cfg.standalone.StandaloneMybatisTransactionContext  - committing the ibatis sql session...
10:47:51,783 [Thread-111] DEBUG org.activiti.engine.impl.cfg.standalone.StandaloneMybatisTransactionContext  - firing event committed...
10:47:51,783 [Thread-111] DEBUG org.apache.ibatis.transaction.jdbc.JdbcTransaction  - Resetting autocommit to true on JDBC Connection [conn68: url=jdbc:h2:mem:activiti-AsyncExecutorTest user=SA]
10:47:51,783 [Thread-111] DEBUG org.apache.ibatis.transaction.jdbc.JdbcTransaction  - Closing JDBC Connection [conn68: url=jdbc:h2:mem:activiti-AsyncExecutorTest user=SA]
10:47:51,783 [Thread-111] DEBUG org.apache.ibatis.datasource.pooled.PooledDataSource  - Returned connection 58501658 to pool.
10:47:51,783 [Thread-111] DEBUG org.activiti.engine.impl.interceptor.LogInterceptor  - --- AcquireTimerJobsCmd finished --------------------------------------------------------
10:47:51,783 [Thread-111] DEBUG org.activiti.engine.impl.interceptor.LogInterceptor  - 

10:47:51,783 [Thread-111] DEBUG org.activiti.engine.impl.asyncexecutor.AcquireTimerJobsRunnable  - timer job acquisition thread sleeping for 50 millis
10:47:51,783 [Thread-105] DEBUG org.activiti.engine.impl.persistence.entity.JobEntity.selectNextTimerJobsToExecute  - ==&gt;  Preparing: select RES.* from ACT_RU_JOB RES LEFT OUTER JOIN ACT_RU_EXECUTION PI ON PI.ID_ = RES.PROCESS_INSTANCE_ID_ where (RES.RETRIES_ &gt; 0) and (RES.DUEDATE_ is null or RES.DUEDATE_ &lt;= ?) and (RES.LOCK_OWNER_ is null or RES.LOCK_EXP_TIME_ &lt;= ?) and TYPE_ = &apos;timer&apos; and ( (RES.EXECUTION_ID_ is null) or (PI.SUSPENSION_STATE_ = 1) ) LIMIT ? OFFSET ? 
10:47:51,783 [Thread-105] DEBUG org.activiti.engine.impl.persistence.entity.JobEntity.selectNextTimerJobsToExecute  - ==&gt; Parameters: 2023-03-20 10:48:50.669(Timestamp), 2023-03-20 10:48:50.669(Timestamp), 1(Integer), 0(Integer)
10:47:51,783 [Thread-105] DEBUG org.activiti.engine.impl.persistence.entity.JobEntity.selectNextTimerJobsToExecute  - &lt;==      Total: 0
10:47:51,783 [Thread-105] DEBUG org.activiti.engine.impl.db.DbSqlSession  - flush summary: 0 insert, 0 update, 0 delete.
10:47:51,783 [Thread-105] DEBUG org.activiti.engine.impl.db.DbSqlSession  - now executing flush...
10:47:51,783 [Thread-105] DEBUG org.activiti.engine.impl.cfg.standalone.StandaloneMybatisTransactionContext  - firing event committing...
10:47:51,783 [Thread-105] DEBUG org.activiti.engine.impl.cfg.standalone.StandaloneMybatisTransactionContext  - committing the ibatis sql session...
10:47:51,783 [Thread-105] DEBUG org.activiti.engine.impl.cfg.standalone.StandaloneMybatisTransactionContext  - firing event committed...
10:47:51,783 [Thread-102] DEBUG org.activiti.engine.impl.persistence.entity.JobEntity.selectNextTimerJobsToExecute  - &lt;==      Total: 0
10:47:51,783 [Thread-102] DEBUG org.activiti.engine.impl.db.DbSqlSession  - flush summary: 0 insert, 0 update, 0 delete.
10:47:51,784 [Thread-102] DEBUG org.activiti.engine.impl.db.DbSqlSession  - now executing flush...
10:47:51,784 [Thread-102] DEBUG org.activiti.engine.impl.cfg.standalone.StandaloneMybatisTransactionContext  - firing event committing...
10:47:51,784 [Thread-102] DEBUG org.activiti.engine.impl.cfg.standalone.StandaloneMybatisTransactionContext  - committing the ibatis sql session...
10:47:51,784 [Thread-102] DEBUG org.activiti.engine.impl.cfg.standalone.StandaloneMybatisTransactionContext  - firing event committed...
10:47:51,784 [Thread-102] DEBUG org.apache.ibatis.transaction.jdbc.JdbcTransaction  - Resetting autocommit to true on JDBC Connection [conn59: url=jdbc:h2:mem:activiti-AsyncExecutorTest user=SA]
10:47:51,784 [Thread-102] DEBUG org.apache.ibatis.transaction.jdbc.JdbcTransaction  - Closing JDBC Connection [conn59: url=jdbc:h2:mem:activiti-AsyncExecutorTest user=SA]
10:47:51,782 [Thread-106] DEBUG org.activiti.engine.impl.persistence.entity.JobEntity.selectAsyncJobsDueToExecute  - ==&gt; Parameters: 2023-03-20 10:48:50.669(Timestamp), 2023-03-20 10:48:50.669(Timestamp), 1(Integer), 0(Integer)
10:47:51,784 [Thread-106] DEBUG org.activiti.engine.impl.persistence.entity.JobEntity.selectAsyncJobsDueToExecute  - &lt;==      Total: 0
10:47:51,784 [Thread-106] DEBUG org.activiti.engine.impl.db.DbSqlSession  - flush summary: 0 insert, 0 update, 0 delete.
10:47:51,784 [Thread-106] DEBUG org.activiti.engine.impl.db.DbSqlSession  - now executing flush...
10:47:51,784 [Thread-106] DEBUG org.activiti.engine.impl.cfg.standalone.StandaloneMybatisTransactionContext  - firing event committing...
10:47:51,784 [Thread-106] DEBUG org.activiti.engine.impl.cfg.standalone.StandaloneMybatisTransactionContext  - committing the ibatis sql session...
10:47:51,784 [Thread-106] DEBUG org.activiti.engine.impl.cfg.standalone.StandaloneMybatisTransactionContext  - firing event committed...
10:47:51,784 [Thread-106] DEBUG org.apache.ibatis.transaction.jdbc.JdbcTransaction  - Resetting autocommit to true on JDBC Connection [conn65: url=jdbc:h2:mem:activiti-AsyncExecutorTest user=SA]
10:47:51,784 [Thread-106] DEBUG org.apache.ibatis.transaction.jdbc.JdbcTransaction  - Closing JDBC Connection [conn65: url=jdbc:h2:mem:activiti-AsyncExecutorTest user=SA]
10:47:51,784 [Thread-106] DEBUG org.apache.ibatis.datasource.pooled.PooledDataSource  - Returned connection 996762054 to pool.
10:47:51,784 [Thread-106] DEBUG org.activiti.engine.impl.interceptor.LogInterceptor  - --- AcquireAsyncJobsDueCmd finished --------------------------------------------------------
10:47:51,784 [Thread-106] DEBUG org.activiti.engine.impl.interceptor.LogInterceptor  - 

10:47:51,784 [Thread-106] DEBUG org.activiti.engine.impl.asyncexecutor.AcquireAsyncJobsDueRunnable  - async job acquisition thread sleeping for 50 millis
10:47:51,784 [Thread-102] DEBUG org.apache.ibatis.datasource.pooled.PooledDataSource  - Returned connection 720039383 to pool.
10:47:51,784 [Thread-102] DEBUG org.activiti.engine.impl.interceptor.LogInterceptor  - --- AcquireTimerJobsCmd finished --------------------------------------------------------
10:47:51,784 [Thread-102] DEBUG org.activiti.engine.impl.interceptor.LogInterceptor  - 

10:47:51,784 [Thread-102] DEBUG org.activiti.engine.impl.asyncexecutor.AcquireTimerJobsRunnable  - timer job acquisition thread sleeping for 50 millis
10:47:51,783 [Thread-105] DEBUG org.apache.ibatis.transaction.jdbc.JdbcTransaction  - Resetting autocommit to true on JDBC Connection [conn63: url=jdbc:h2:mem:activiti-AsyncExecutorTest user=SA]
10:47:51,784 [Thread-105] DEBUG org.apache.ibatis.transaction.jdbc.JdbcTransaction  - Closing JDBC Connection [conn63: url=jdbc:h2:mem:activiti-AsyncExecutorTest user=SA]
10:47:51,784 [Thread-105] DEBUG org.apache.ibatis.datasource.pooled.PooledDataSource  - Returned connection 1970103261 to pool.
10:47:51,783 [Thread-103] DEBUG org.apache.ibatis.transaction.jdbc.JdbcTransaction  - Setting autocommit to false on JDBC Connection [conn61: url=jdbc:h2:mem:activiti-AsyncExecutorTest user=SA]
10:47:51,784 [Thread-103] DEBUG org.activiti.engine.impl.persistence.entity.JobEntity.selectAsyncJobsDueToExecute  - ==&gt;  Preparing: select RES.* from ACT_RU_JOB RES LEFT OUTER JOIN ACT_RU_EXECUTION PI ON PI.ID_ = RES.PROCESS_INSTANCE_ID_ where RES.RETRIES_ &gt; 0 and RES.DUEDATE_ is not null and RES.DUEDATE_ &lt;= ? and (RES.LOCK_EXP_TIME_ is null or RES.LOCK_EXP_TIME_ &lt;= ?) and TYPE_ = &apos;message&apos; and ( (RES.EXECUTION_ID_ is null) or (PI.SUSPENSION_STATE_ = 1) ) LIMIT ? OFFSET ? 
10:47:51,784 [Thread-105] DEBUG org.activiti.engine.impl.interceptor.LogInterceptor  - --- AcquireTimerJobsCmd finished --------------------------------------------------------
10:47:51,784 [Thread-105] DEBUG org.activiti.engine.impl.interceptor.LogInterceptor  - 

10:47:51,784 [Thread-105] DEBUG org.activiti.engine.impl.asyncexecutor.AcquireTimerJobsRunnable  - timer job acquisition thread sleeping for 50 millis
10:47:51,784 [Thread-103] DEBUG org.activiti.engine.impl.persistence.entity.JobEntity.selectAsyncJobsDueToExecute  - ==&gt; Parameters: 2023-03-20 10:48:50.669(Timestamp), 2023-03-20 10:48:50.669(Timestamp), 1(Integer), 0(Integer)
10:47:51,785 [Thread-103] DEBUG org.activiti.engine.impl.persistence.entity.JobEntity.selectAsyncJobsDueToExecute  - &lt;==      Total: 0
10:47:51,785 [Thread-103] DEBUG org.activiti.engine.impl.db.DbSqlSession  - flush summary: 0 insert, 0 update, 0 delete.
10:47:51,785 [Thread-103] DEBUG org.activiti.engine.impl.db.DbSqlSession  - now executing flush...
10:47:51,785 [Thread-103] DEBUG org.activiti.engine.impl.cfg.standalone.StandaloneMybatisTransactionContext  - firing event committing...
10:47:51,785 [Thread-103] DEBUG org.activiti.engine.impl.cfg.standalone.StandaloneMybatisTransactionContext  - committing the ibatis sql session...
10:47:51,785 [Thread-103] DEBUG org.activiti.engine.impl.cfg.standalone.StandaloneMybatisTransactionContext  - firing event committed...
10:47:51,785 [Thread-103] DEBUG org.apache.ibatis.transaction.jdbc.JdbcTransaction  - Resetting autocommit to true on JDBC Connection [conn61: url=jdbc:h2:mem:activiti-AsyncExecutorTest user=SA]
10:47:51,785 [Thread-103] DEBUG org.apache.ibatis.transaction.jdbc.JdbcTransaction  - Closing JDBC Connection [conn61: url=jdbc:h2:mem:activiti-AsyncExecutorTest user=SA]
10:47:51,785 [Thread-103] DEBUG org.apache.ibatis.datasource.pooled.PooledDataSource  - Returned connection 157985567 to pool.
10:47:51,785 [Thread-103] DEBUG org.activiti.engine.impl.interceptor.LogInterceptor  - --- AcquireAsyncJobsDueCmd finished --------------------------------------------------------
10:47:51,785 [Thread-103] DEBUG org.activiti.engine.impl.interceptor.LogInterceptor  - 

10:47:51,785 [Thread-103] DEBUG org.activiti.engine.impl.asyncexecutor.AcquireAsyncJobsDueRunnable  - async job acquisition thread sleeping for 50 millis
10:47:51,830 [Thread-112] DEBUG org.activiti.engine.impl.asyncexecutor.AcquireAsyncJobsDueRunnable  - async job acquisition thread woke up
10:47:51,830 [Thread-112] DEBUG org.activiti.engine.impl.interceptor.LogInterceptor  - 

10:47:51,830 [Thread-112] DEBUG org.activiti.engine.impl.interceptor.LogInterceptor  - --- starting AcquireAsyncJobsDueCmd --------------------------------------------------------
10:47:51,830 [Thread-112] DEBUG org.apache.ibatis.transaction.jdbc.JdbcTransaction  - Opening JDBC Connection
10:47:51,830 [Thread-112] DEBUG org.apache.ibatis.datasource.pooled.PooledDataSource  - Checked out connection 1863805930 from pool.
10:47:51,830 [Thread-112] DEBUG org.apache.ibatis.transaction.jdbc.JdbcTransaction  - Setting autocommit to false on JDBC Connection [conn69: url=jdbc:h2:mem:activiti-AsyncExecutorTest user=SA]
10:47:51,830 [Thread-112] DEBUG org.activiti.engine.impl.persistence.entity.JobEntity.selectAsyncJobsDueToExecute  - ==&gt;  Preparing: select RES.* from ACT_RU_JOB RES LEFT OUTER JOIN ACT_RU_EXECUTION PI ON PI.ID_ = RES.PROCESS_INSTANCE_ID_ where RES.RETRIES_ &gt; 0 and RES.DUEDATE_ is not null and RES.DUEDATE_ &lt;= ? and (RES.LOCK_EXP_TIME_ is null or RES.LOCK_EXP_TIME_ &lt;= ?) and TYPE_ = &apos;message&apos; and ( (RES.EXECUTION_ID_ is null) or (PI.SUSPENSION_STATE_ = 1) ) LIMIT ? OFFSET ? 
10:47:51,830 [Thread-112] DEBUG org.activiti.engine.impl.persistence.entity.JobEntity.selectAsyncJobsDueToExecute  - ==&gt; Parameters: 2023-03-20 10:48:50.669(Timestamp), 2023-03-20 10:48:50.669(Timestamp), 1(Integer), 0(Integer)
10:47:51,830 [Thread-112] DEBUG org.activiti.engine.impl.persistence.entity.JobEntity.selectAsyncJobsDueToExecute  - &lt;==      Total: 0
10:47:51,830 [Thread-112] DEBUG org.activiti.engine.impl.db.DbSqlSession  - flush summary: 0 insert, 0 update, 0 delete.
10:47:51,830 [Thread-112] DEBUG org.activiti.engine.impl.db.DbSqlSession  - now executing flush...
10:47:51,830 [Thread-112] DEBUG org.activiti.engine.impl.cfg.standalone.StandaloneMybatisTransactionContext  - firing event committing...
10:47:51,830 [Thread-112] DEBUG org.activiti.engine.impl.cfg.standalone.StandaloneMybatisTransactionContext  - committing the ibatis sql session...
10:47:51,830 [Thread-112] DEBUG org.activiti.engine.impl.cfg.standalone.StandaloneMybatisTransactionContext  - firing event committed...
10:47:51,830 [Thread-112] DEBUG org.apache.ibatis.transaction.jdbc.JdbcTransaction  - Resetting autocommit to true on JDBC Connection [conn69: url=jdbc:h2:mem:activiti-AsyncExecutorTest user=SA]
10:47:51,830 [Thread-112] DEBUG org.apache.ibatis.transaction.jdbc.JdbcTransaction  - Closing JDBC Connection [conn69: url=jdbc:h2:mem:activiti-AsyncExecutorTest user=SA]
10:47:51,830 [Thread-112] DEBUG org.apache.ibatis.datasource.pooled.PooledDataSource  - Returned connection 1863805930 to pool.
10:47:51,830 [Thread-112] DEBUG org.activiti.engine.impl.interceptor.LogInterceptor  - --- AcquireAsyncJobsDueCmd finished --------------------------------------------------------
10:47:51,830 [Thread-112] DEBUG org.activiti.engine.impl.interceptor.LogInterceptor  - 

10:47:51,830 [Thread-112] DEBUG org.activiti.engine.impl.asyncexecutor.AcquireAsyncJobsDueRunnable  - async job acquisition thread sleeping for 50 millis
10:47:51,845 [Thread-103] DEBUG org.activiti.engine.impl.asyncexecutor.AcquireAsyncJobsDueRunnable  - async job acquisition thread woke up
10:47:51,845 [Thread-111] DEBUG org.activiti.engine.impl.asyncexecutor.AcquireTimerJobsRunnable  - timer job acquisition thread woke up
10:47:51,845 [Thread-111] DEBUG org.activiti.engine.impl.interceptor.LogInterceptor  - 

10:47:51,845 [Thread-111] DEBUG org.activiti.engine.impl.interceptor.LogInterceptor  - --- starting AcquireTimerJobsCmd --------------------------------------------------------
10:47:51,845 [Thread-111] DEBUG org.apache.ibatis.transaction.jdbc.JdbcTransaction  - Opening JDBC Connection
10:47:51,845 [Thread-111] DEBUG org.apache.ibatis.datasource.pooled.PooledDataSource  - Checked out connection 604408605 from pool.
10:47:51,845 [Thread-105] DEBUG org.activiti.engine.impl.asyncexecutor.AcquireTimerJobsRunnable  - timer job acquisition thread woke up
10:47:51,845 [Thread-105] DEBUG org.activiti.engine.impl.interceptor.LogInterceptor  - 

10:47:51,845 [Thread-105] DEBUG org.activiti.engine.impl.interceptor.LogInterceptor  - --- starting AcquireTimerJobsCmd --------------------------------------------------------
10:47:51,845 [Thread-106] DEBUG org.activiti.engine.impl.asyncexecutor.AcquireAsyncJobsDueRunnable  - async job acquisition thread woke up
10:47:51,845 [Thread-106] DEBUG org.activiti.engine.impl.interceptor.LogInterceptor  - 

10:47:51,845 [Thread-106] DEBUG org.activiti.engine.impl.interceptor.LogInterceptor  - --- starting AcquireAsyncJobsDueCmd --------------------------------------------------------
10:47:51,845 [Thread-102] DEBUG org.activiti.engine.impl.asyncexecutor.AcquireTimerJobsRunnable  - timer job acquisition thread woke up
10:47:51,845 [Thread-102] DEBUG org.activiti.engine.impl.interceptor.LogInterceptor  - 

10:47:51,845 [Thread-102] DEBUG org.activiti.engine.impl.interceptor.LogInterceptor  - --- starting AcquireTimerJobsCmd --------------------------------------------------------
10:47:51,845 [Thread-106] DEBUG org.apache.ibatis.transaction.jdbc.JdbcTransaction  - Opening JDBC Connection
10:47:51,845 [Thread-106] DEBUG org.apache.ibatis.datasource.pooled.PooledDataSource  - Checked out connection 54468349 from pool.
10:47:51,845 [Thread-106] DEBUG org.apache.ibatis.transaction.jdbc.JdbcTransaction  - Setting autocommit to false on JDBC Connection [conn64: url=jdbc:h2:mem:activiti-AsyncExecutorTest user=SA]
10:47:51,845 [Thread-105] DEBUG org.apache.ibatis.transaction.jdbc.JdbcTransaction  - Opening JDBC Connection
10:47:51,845 [Thread-105] DEBUG org.apache.ibatis.datasource.pooled.PooledDataSource  - Checked out connection 996762054 from pool.
10:47:51,845 [Thread-105] DEBUG org.apache.ibatis.transaction.jdbc.JdbcTransaction  - Setting autocommit to false on JDBC Connection [conn65: url=jdbc:h2:mem:activiti-AsyncExecutorTest user=SA]
10:47:51,845 [Thread-105] DEBUG org.activiti.engine.impl.persistence.entity.JobEntity.selectNextTimerJobsToExecute  - ==&gt;  Preparing: select RES.* from ACT_RU_JOB RES LEFT OUTER JOIN ACT_RU_EXECUTION PI ON PI.ID_ = RES.PROCESS_INSTANCE_ID_ where (RES.RETRIES_ &gt; 0) and (RES.DUEDATE_ is null or RES.DUEDATE_ &lt;= ?) and (RES.LOCK_OWNER_ is null or RES.LOCK_EXP_TIME_ &lt;= ?) and TYPE_ = &apos;timer&apos; and ( (RES.EXECUTION_ID_ is null) or (PI.SUSPENSION_STATE_ = 1) ) LIMIT ? OFFSET ? 
10:47:51,846 [Thread-105] DEBUG org.activiti.engine.impl.persistence.entity.JobEntity.selectNextTimerJobsToExecute  - ==&gt; Parameters: 2023-03-20 10:48:50.669(Timestamp), 2023-03-20 10:48:50.669(Timestamp), 1(Integer), 0(Integer)
10:47:51,845 [Thread-111] DEBUG org.apache.ibatis.transaction.jdbc.JdbcTransaction  - Setting autocommit to false on JDBC Connection [conn70: url=jdbc:h2:mem:activiti-AsyncExecutorTest user=SA]
10:47:51,845 [Thread-103] DEBUG org.activiti.engine.impl.interceptor.LogInterceptor  - 

10:47:51,846 [Thread-103] DEBUG org.activiti.engine.impl.interceptor.LogInterceptor  - --- starting AcquireAsyncJobsDueCmd --------------------------------------------------------
10:47:51,846 [Thread-111] DEBUG org.activiti.engine.impl.persistence.entity.JobEntity.selectNextTimerJobsToExecute  - ==&gt;  Preparing: select RES.* from ACT_RU_JOB RES LEFT OUTER JOIN ACT_RU_EXECUTION PI ON PI.ID_ = RES.PROCESS_INSTANCE_ID_ where (RES.RETRIES_ &gt; 0) and (RES.DUEDATE_ is null or RES.DUEDATE_ &lt;= ?) and (RES.LOCK_OWNER_ is null or RES.LOCK_EXP_TIME_ &lt;= ?) and TYPE_ = &apos;timer&apos; and ( (RES.EXECUTION_ID_ is null) or (PI.SUSPENSION_STATE_ = 1) ) LIMIT ? OFFSET ? 
10:47:51,846 [Thread-105] DEBUG org.activiti.engine.impl.persistence.entity.JobEntity.selectNextTimerJobsToExecute  - &lt;==      Total: 0
10:47:51,846 [Thread-105] DEBUG org.activiti.engine.impl.db.DbSqlSession  - flush summary: 0 insert, 0 update, 0 delete.
10:47:51,846 [Thread-105] DEBUG org.activiti.engine.impl.db.DbSqlSession  - now executing flush...
10:47:51,846 [Thread-105] DEBUG org.activiti.engine.impl.cfg.standalone.StandaloneMybatisTransactionContext  - firing event committing...
10:47:51,846 [Thread-105] DEBUG org.activiti.engine.impl.cfg.standalone.StandaloneMybatisTransactionContext  - committing the ibatis sql session...
10:47:51,846 [Thread-105] DEBUG org.activiti.engine.impl.cfg.standalone.StandaloneMybatisTransactionContext  - firing event committed...
10:47:51,846 [Thread-105] DEBUG org.apache.ibatis.transaction.jdbc.JdbcTransaction  - Resetting autocommit to true on JDBC Connection [conn65: url=jdbc:h2:mem:activiti-AsyncExecutorTest user=SA]
10:47:51,846 [Thread-105] DEBUG org.apache.ibatis.transaction.jdbc.JdbcTransaction  - Closing JDBC Connection [conn65: url=jdbc:h2:mem:activiti-AsyncExecutorTest user=SA]
10:47:51,846 [Thread-105] DEBUG org.apache.ibatis.datasource.pooled.PooledDataSource  - Returned connection 996762054 to pool.
10:47:51,846 [Thread-105] DEBUG org.activiti.engine.impl.interceptor.LogInterceptor  - --- AcquireTimerJobsCmd finished --------------------------------------------------------
10:47:51,846 [Thread-105] DEBUG org.activiti.engine.impl.interceptor.LogInterceptor  - 

10:47:51,846 [Thread-105] DEBUG org.activiti.engine.impl.asyncexecutor.AcquireTimerJobsRunnable  - timer job acquisition thread sleeping for 50 millis
10:47:51,845 [Thread-106] DEBUG org.activiti.engine.impl.persistence.entity.JobEntity.selectAsyncJobsDueToExecute  - ==&gt;  Preparing: select RES.* from ACT_RU_JOB RES LEFT OUTER JOIN ACT_RU_EXECUTION PI ON PI.ID_ = RES.PROCESS_INSTANCE_ID_ where RES.RETRIES_ &gt; 0 and RES.DUEDATE_ is not null and RES.DUEDATE_ &lt;= ? and (RES.LOCK_EXP_TIME_ is null or RES.LOCK_EXP_TIME_ &lt;= ?) and TYPE_ = &apos;message&apos; and ( (RES.EXECUTION_ID_ is null) or (PI.SUSPENSION_STATE_ = 1) ) LIMIT ? OFFSET ? 
10:47:51,846 [Thread-106] DEBUG org.activiti.engine.impl.persistence.entity.JobEntity.selectAsyncJobsDueToExecute  - ==&gt; Parameters: 2023-03-20 10:48:50.669(Timestamp), 2023-03-20 10:48:50.669(Timestamp), 1(Integer), 0(Integer)
10:47:51,846 [Thread-106] DEBUG org.activiti.engine.impl.persistence.entity.JobEntity.selectAsyncJobsDueToExecute  - &lt;==      Total: 0
10:47:51,846 [Thread-106] DEBUG org.activiti.engine.impl.db.DbSqlSession  - flush summary: 0 insert, 0 update, 0 delete.
10:47:51,846 [Thread-106] DEBUG org.activiti.engine.impl.db.DbSqlSession  - now executing flush...
10:47:51,846 [Thread-106] DEBUG org.activiti.engine.impl.cfg.standalone.StandaloneMybatisTransactionContext  - firing event committing...
10:47:51,846 [Thread-106] DEBUG org.activiti.engine.impl.cfg.standalone.StandaloneMybatisTransactionContext  - committing the ibatis sql session...
10:47:51,846 [Thread-106] DEBUG org.activiti.engine.impl.cfg.standalone.StandaloneMybatisTransactionContext  - firing event committed...
10:47:51,846 [Thread-106] DEBUG org.apache.ibatis.transaction.jdbc.JdbcTransaction  - Resetting autocommit to true on JDBC Connection [conn64: url=jdbc:h2:mem:activiti-AsyncExecutorTest user=SA]
10:47:51,846 [Thread-106] DEBUG org.apache.ibatis.transaction.jdbc.JdbcTransaction  - Closing JDBC Connection [conn64: url=jdbc:h2:mem:activiti-AsyncExecutorTest user=SA]
10:47:51,847 [Thread-106] DEBUG org.apache.ibatis.datasource.pooled.PooledDataSource  - Returned connection 54468349 to pool.
10:47:51,847 [Thread-106] DEBUG org.activiti.engine.impl.interceptor.LogInterceptor  - --- AcquireAsyncJobsDueCmd finished --------------------------------------------------------
10:47:51,847 [Thread-106] DEBUG org.activiti.engine.impl.interceptor.LogInterceptor  - 

10:47:51,847 [Thread-106] DEBUG org.activiti.engine.impl.asyncexecutor.AcquireAsyncJobsDueRunnable  - async job acquisition thread sleeping for 50 millis
10:47:51,845 [Thread-102] DEBUG org.apache.ibatis.transaction.jdbc.JdbcTransaction  - Opening JDBC Connection
10:47:51,847 [Thread-102] DEBUG org.apache.ibatis.datasource.pooled.PooledDataSource  - Checked out connection 33534803 from pool.
10:47:51,847 [Thread-102] DEBUG org.apache.ibatis.transaction.jdbc.JdbcTransaction  - Setting autocommit to false on JDBC Connection [conn60: url=jdbc:h2:mem:activiti-AsyncExecutorTest user=SA]
10:47:51,847 [Thread-102] DEBUG org.activiti.engine.impl.persistence.entity.JobEntity.selectNextTimerJobsToExecute  - ==&gt;  Preparing: select RES.* from ACT_RU_JOB RES LEFT OUTER JOIN ACT_RU_EXECUTION PI ON PI.ID_ = RES.PROCESS_INSTANCE_ID_ where (RES.RETRIES_ &gt; 0) and (RES.DUEDATE_ is null or RES.DUEDATE_ &lt;= ?) and (RES.LOCK_OWNER_ is null or RES.LOCK_EXP_TIME_ &lt;= ?) and TYPE_ = &apos;timer&apos; and ( (RES.EXECUTION_ID_ is null) or (PI.SUSPENSION_STATE_ = 1) ) LIMIT ? OFFSET ? 
10:47:51,847 [Thread-102] DEBUG org.activiti.engine.impl.persistence.entity.JobEntity.selectNextTimerJobsToExecute  - ==&gt; Parameters: 2023-03-20 10:48:50.669(Timestamp), 2023-03-20 10:48:50.669(Timestamp), 1(Integer), 0(Integer)
10:47:51,847 [Thread-102] DEBUG org.activiti.engine.impl.persistence.entity.JobEntity.selectNextTimerJobsToExecute  - &lt;==      Total: 0
10:47:51,847 [Thread-102] DEBUG org.activiti.engine.impl.db.DbSqlSession  - flush summary: 0 insert, 0 update, 0 delete.
10:47:51,847 [Thread-102] DEBUG org.activiti.engine.impl.db.DbSqlSession  - now executing flush...
10:47:51,847 [Thread-102] DEBUG org.activiti.engine.impl.cfg.standalone.StandaloneMybatisTransactionContext  - firing event committing...
10:47:51,847 [Thread-102] DEBUG org.activiti.engine.impl.cfg.standalone.StandaloneMybatisTransactionContext  - committing the ibatis sql session...
10:47:51,847 [Thread-102] DEBUG org.activiti.engine.impl.cfg.standalone.StandaloneMybatisTransactionContext  - firing event committed...
10:47:51,847 [Thread-102] DEBUG org.apache.ibatis.transaction.jdbc.JdbcTransaction  - Resetting autocommit to true on JDBC Connection [conn60: url=jdbc:h2:mem:activiti-AsyncExecutorTest user=SA]
10:47:51,847 [Thread-102] DEBUG org.apache.ibatis.transaction.jdbc.JdbcTransaction  - Closing JDBC Connection [conn60: url=jdbc:h2:mem:activiti-AsyncExecutorTest user=SA]
10:47:51,847 [Thread-102] DEBUG org.apache.ibatis.datasource.pooled.PooledDataSource  - Returned connection 33534803 to pool.
10:47:51,847 [Thread-102] DEBUG org.activiti.engine.impl.interceptor.LogInterceptor  - --- AcquireTimerJobsCmd finished --------------------------------------------------------
10:47:51,847 [Thread-102] DEBUG org.activiti.engine.impl.interceptor.LogInterceptor  - 

10:47:51,847 [Thread-102] DEBUG org.activiti.engine.impl.asyncexecutor.AcquireTimerJobsRunnable  - timer job acquisition thread sleeping for 50 millis
10:47:51,846 [Thread-111] DEBUG org.activiti.engine.impl.persistence.entity.JobEntity.selectNextTimerJobsToExecute  - ==&gt; Parameters: 2023-03-20 10:48:50.669(Timestamp), 2023-03-20 10:48:50.669(Timestamp), 1(Integer), 0(Integer)
10:47:51,847 [Thread-111] DEBUG org.activiti.engine.impl.persistence.entity.JobEntity.selectNextTimerJobsToExecute  - &lt;==      Total: 0
10:47:51,847 [Thread-111] DEBUG org.activiti.engine.impl.db.DbSqlSession  - flush summary: 0 insert, 0 update, 0 delete.
10:47:51,847 [Thread-111] DEBUG org.activiti.engine.impl.db.DbSqlSession  - now executing flush...
10:47:51,847 [Thread-111] DEBUG org.activiti.engine.impl.cfg.standalone.StandaloneMybatisTransactionContext  - firing event committing...
10:47:51,847 [Thread-111] DEBUG org.activiti.engine.impl.cfg.standalone.StandaloneMybatisTransactionContext  - committing the ibatis sql session...
10:47:51,847 [Thread-111] DEBUG org.activiti.engine.impl.cfg.standalone.StandaloneMybatisTransactionContext  - firing event committed...
10:47:51,847 [Thread-111] DEBUG org.apache.ibatis.transaction.jdbc.JdbcTransaction  - Resetting autocommit to true on JDBC Connection [conn70: url=jdbc:h2:mem:activiti-AsyncExecutorTest user=SA]
10:47:51,847 [Thread-111] DEBUG org.apache.ibatis.transaction.jdbc.JdbcTransaction  - Closing JDBC Connection [conn70: url=jdbc:h2:mem:activiti-AsyncExecutorTest user=SA]
10:47:51,847 [Thread-111] DEBUG org.apache.ibatis.datasource.pooled.PooledDataSource  - Returned connection 604408605 to pool.
10:47:51,847 [Thread-111] DEBUG org.activiti.engine.impl.interceptor.LogInterceptor  - --- AcquireTimerJobsCmd finished --------------------------------------------------------
10:47:51,847 [Thread-111] DEBUG org.activiti.engine.impl.interceptor.LogInterceptor  - 

10:47:51,847 [Thread-111] DEBUG org.activiti.engine.impl.asyncexecutor.AcquireTimerJobsRunnable  - timer job acquisition thread sleeping for 50 millis
10:47:51,846 [Thread-103] DEBUG org.apache.ibatis.transaction.jdbc.JdbcTransaction  - Opening JDBC Connection
10:47:51,847 [Thread-103] DEBUG org.apache.ibatis.datasource.pooled.PooledDataSource  - Checked out connection 720039383 from pool.
10:47:51,847 [Thread-103] DEBUG org.apache.ibatis.transaction.jdbc.JdbcTransaction  - Setting autocommit to false on JDBC Connection [conn59: url=jdbc:h2:mem:activiti-AsyncExecutorTest user=SA]
10:47:51,847 [Thread-103] DEBUG org.activiti.engine.impl.persistence.entity.JobEntity.selectAsyncJobsDueToExecute  - ==&gt;  Preparing: select RES.* from ACT_RU_JOB RES LEFT OUTER JOIN ACT_RU_EXECUTION PI ON PI.ID_ = RES.PROCESS_INSTANCE_ID_ where RES.RETRIES_ &gt; 0 and RES.DUEDATE_ is not null and RES.DUEDATE_ &lt;= ? and (RES.LOCK_EXP_TIME_ is null or RES.LOCK_EXP_TIME_ &lt;= ?) and TYPE_ = &apos;message&apos; and ( (RES.EXECUTION_ID_ is null) or (PI.SUSPENSION_STATE_ = 1) ) LIMIT ? OFFSET ? 
10:47:51,847 [Thread-103] DEBUG org.activiti.engine.impl.persistence.entity.JobEntity.selectAsyncJobsDueToExecute  - ==&gt; Parameters: 2023-03-20 10:48:50.669(Timestamp), 2023-03-20 10:48:50.669(Timestamp), 1(Integer), 0(Integer)
10:47:51,848 [Thread-103] DEBUG org.activiti.engine.impl.persistence.entity.JobEntity.selectAsyncJobsDueToExecute  - &lt;==      Total: 0
10:47:51,848 [Thread-103] DEBUG org.activiti.engine.impl.db.DbSqlSession  - flush summary: 0 insert, 0 update, 0 delete.
10:47:51,848 [Thread-103] DEBUG org.activiti.engine.impl.db.DbSqlSession  - now executing flush...
10:47:51,848 [Thread-103] DEBUG org.activiti.engine.impl.cfg.standalone.StandaloneMybatisTransactionContext  - firing event committing...
10:47:51,848 [Thread-103] DEBUG org.activiti.engine.impl.cfg.standalone.StandaloneMybatisTransactionContext  - committing the ibatis sql session...
10:47:51,848 [Thread-103] DEBUG org.activiti.engine.impl.cfg.standalone.StandaloneMybatisTransactionContext  - firing event committed...
10:47:51,848 [Thread-103] DEBUG org.apache.ibatis.transaction.jdbc.JdbcTransaction  - Resetting autocommit to true on JDBC Connection [conn59: url=jdbc:h2:mem:activiti-AsyncExecutorTest user=SA]
10:47:51,848 [Thread-103] DEBUG org.apache.ibatis.transaction.jdbc.JdbcTransaction  - Closing JDBC Connection [conn59: url=jdbc:h2:mem:activiti-AsyncExecutorTest user=SA]
10:47:51,848 [Thread-103] DEBUG org.apache.ibatis.datasource.pooled.PooledDataSource  - Returned connection 720039383 to pool.
10:47:51,848 [Thread-103] DEBUG org.activiti.engine.impl.interceptor.LogInterceptor  - --- AcquireAsyncJobsDueCmd finished --------------------------------------------------------
10:47:51,848 [Thread-103] DEBUG org.activiti.engine.impl.interceptor.LogInterceptor  - 

10:47:51,848 [Thread-103] DEBUG org.activiti.engine.impl.asyncexecutor.AcquireAsyncJobsDueRunnable  - async job acquisition thread sleeping for 50 millis
10:47:51,892 [Thread-112] DEBUG org.activiti.engine.impl.asyncexecutor.AcquireAsyncJobsDueRunnable  - async job acquisition thread woke up
10:47:51,892 [main] DEBUG org.activiti.engine.impl.interceptor.LogInterceptor  - 

10:47:51,892 [main] DEBUG org.activiti.engine.impl.interceptor.LogInterceptor  - --- starting JobQueryImpl --------------------------------------------------------
10:47:51,892 [Thread-112] DEBUG org.activiti.engine.impl.interceptor.LogInterceptor  - 

10:47:51,892 [Thread-112] DEBUG org.activiti.engine.impl.interceptor.LogInterceptor  - --- starting AcquireAsyncJobsDueCmd --------------------------------------------------------
10:47:51,892 [Thread-112] DEBUG org.apache.ibatis.transaction.jdbc.JdbcTransaction  - Opening JDBC Connection
10:47:51,892 [Thread-112] DEBUG org.apache.ibatis.datasource.pooled.PooledDataSource  - Checked out connection 58501658 from pool.
10:47:51,892 [main] DEBUG org.apache.ibatis.transaction.jdbc.JdbcTransaction  - Opening JDBC Connection
10:47:51,892 [main] DEBUG org.apache.ibatis.datasource.pooled.PooledDataSource  - Checked out connection 363509958 from pool.
10:47:51,892 [main] DEBUG org.apache.ibatis.transaction.jdbc.JdbcTransaction  - Setting autocommit to false on JDBC Connection [conn2: url=jdbc:h2:mem:activiti user=SA]
10:47:51,892 [main] DEBUG org.activiti.engine.impl.persistence.entity.JobEntity.selectJobByQueryCriteria  - ==&gt;  Preparing: select RES.* from ACT_RU_JOB RES order by order by RES.ID_ asc LIMIT ? OFFSET ? 
10:47:51,892 [Thread-112] DEBUG org.apache.ibatis.transaction.jdbc.JdbcTransaction  - Setting autocommit to false on JDBC Connection [conn68: url=jdbc:h2:mem:activiti-AsyncExecutorTest user=SA]
10:47:51,892 [Thread-112] DEBUG org.activiti.engine.impl.persistence.entity.JobEntity.selectAsyncJobsDueToExecute  - ==&gt;  Preparing: select RES.* from ACT_RU_JOB RES LEFT OUTER JOIN ACT_RU_EXECUTION PI ON PI.ID_ = RES.PROCESS_INSTANCE_ID_ where RES.RETRIES_ &gt; 0 and RES.DUEDATE_ is not null and RES.DUEDATE_ &lt;= ? and (RES.LOCK_EXP_TIME_ is null or RES.LOCK_EXP_TIME_ &lt;= ?) and TYPE_ = &apos;message&apos; and ( (RES.EXECUTION_ID_ is null) or (PI.SUSPENSION_STATE_ = 1) ) LIMIT ? OFFSET ? 
10:47:51,892 [main] DEBUG org.activiti.engine.impl.interceptor.CommandContext  - Error while closing command context
org.apache.ibatis.exceptions.PersistenceException: 
### Error querying database.  Cause: org.h2.jdbc.JdbcSQLException: Syntax error in SQL statement &quot;SELECT RES.* 
     
    FROM ACT_RU_JOB RES
     
      
   
     ORDER BY  ORDER[*] BY RES.ID_ ASC  
    LIMIT ? OFFSET ? &quot;; expected &quot;=, NOT, EXISTS, INTERSECTS, SELECT, FROM&quot;; SQL statement:
select RES.* 
     
    from ACT_RU_JOB RES
     
      
   
     order by  order by RES.ID_ asc  
    LIMIT ? OFFSET ? [42001-176]
### The error may exist in org/activiti/db/mapping/entity/Job.xml
### The error may involve org.activiti.engine.impl.persistence.entity.JobEntity.selectJobByQueryCriteria
### The error occurred while executing a query
### SQL: select RES.*            from ACT_RU_JOB RES                       order by  order by RES.ID_ asc       LIMIT ? OFFSET ?
### Cause: org.h2.jdbc.JdbcSQLException: Syntax error in SQL statement &quot;SELECT RES.* 
     
    FROM ACT_RU_JOB RES
     
      
   
     ORDER BY  ORDER[*] BY RES.ID_ ASC  
    LIMIT ? OFFSET ? &quot;; expected &quot;=, NOT, EXISTS, INTERSECTS, SELECT, FROM&quot;; SQL statement:
select RES.* 
     
    from ACT_RU_JOB RES
     
      
   
     order by  order by RES.ID_ asc  
    LIMIT ? OFFSET ? [42001-176]
	at org.apache.ibatis.exceptions.ExceptionFactory.wrapException(ExceptionFactory.java:30)
	at org.apache.ibatis.session.defaults.DefaultSqlSession.selectList(DefaultSqlSession.java:122)
	at org.apache.ibatis.session.defaults.DefaultSqlSession.selectList(DefaultSqlSession.java:113)
	at org.activiti.engine.impl.db.DbSqlSession.selectListWithRawParameter(DbSqlSession.java:438)
	at org.activiti.engine.impl.db.DbSqlSession.selectList(DbSqlSession.java:429)
	at org.activiti.engine.impl.db.DbSqlSession.selectList(DbSqlSession.java:419)
	at org.activiti.engine.impl.persistence.entity.JobEntityManager.findJobsByQueryCriteria(JobEntityManager.java:198)
	at org.activiti.engine.impl.JobQueryImpl.executeList(JobQueryImpl.java:243)
	at org.activiti.engine.impl.AbstractQuery.execute(AbstractQuery.java:164)
	at org.activiti.engine.impl.interceptor.CommandInvoker.execute(CommandInvoker.java:24)
	at org.activiti.engine.impl.interceptor.CommandContextInterceptor.execute(CommandContextInterceptor.java:57)
	at org.activiti.engine.impl.interceptor.LogInterceptor.execute(LogInterceptor.java:37)
	at org.activiti.engine.impl.cfg.CommandExecutorImpl.execute(CommandExecutorImpl.java:40)
	at org.activiti.engine.impl.cfg.CommandExecutorImpl.execute(CommandExecutorImpl.java:35)
	at org.activiti.engine.impl.AbstractQuery.list(AbstractQuery.java:138)
	at org.activiti.engine.impl.test.JobTestHelper.areJobsAvailable(JobTestHelper.java:194)
	at org.activiti.engine.impl.test.JobTestHelper.waitForJobExecutorToProcessAllJobs(JobTestHelper.java:74)
	at org.activiti.engine.impl.test.JobTestHelper.waitForJobExecutorToProcessAllJobs(JobTestHelper.java:47)
	at org.activiti.engine.impl.test.AbstractActivitiTestCase.waitForJobExecutorToProcessAllJobs(AbstractActivitiTestCase.java:204)
	at org.activiti.engine.test.jobexecutor.JobExecutorTest.testBasicJobExecutorOperation(JobExecutorTest.java:53)
	at sun.reflect.NativeMethodAccessorImpl.invoke0(Native Method)
	at sun.reflect.NativeMethodAccessorImpl.invoke(NativeMethodAccessorImpl.java:62)
	at sun.reflect.DelegatingMethodAccessorImpl.invoke(DelegatingMethodAccessorImpl.java:43)
	at java.lang.reflect.Method.invoke(Method.java:498)
	at junit.framework.TestCase.runTest(TestCase.java:176)
	at org.activiti.engine.impl.test.PvmTestCase.runTest(PvmTestCase.java:65)
	at junit.framework.TestCase.runBare(TestCase.java:141)
	at org.activiti.engine.impl.test.AbstractActivitiTestCase.runBare(AbstractActivitiTestCase.java:100)
	at junit.framework.TestResult$1.protect(TestResult.java:122)
	at junit.framework.TestResult.runProtected(TestResult.java:142)
	at junit.framework.TestResult.run(TestResult.java:125)
	at junit.framework.TestCase.run(TestCase.java:129)
	at junit.framework.TestSuite.runTest(TestSuite.java:255)
	at junit.framework.TestSuite.run(TestSuite.java:250)
	at org.junit.internal.runners.JUnit38ClassRunner.run(JUnit38ClassRunner.java:84)
	at org.apache.maven.surefire.junit4.JUnit4TestSet.execute(JUnit4TestSet.java:35)
	at org.apache.maven.surefire.junit4.JUnit4Provider.executeTestSet(JUnit4Provider.java:146)
	at org.apache.maven.surefire.junit4.JUnit4Provider.invoke(JUnit4Provider.java:97)
	at sun.reflect.NativeMethodAccessorImpl.invoke0(Native Method)
	at sun.reflect.NativeMethodAccessorImpl.invoke(NativeMethodAccessorImpl.java:62)
	at sun.reflect.DelegatingMethodAccessorImpl.invoke(DelegatingMethodAccessorImpl.java:43)
	at java.lang.reflect.Method.invoke(Method.java:498)
	at org.apache.maven.surefire.booter.ProviderFactory$ClassLoaderProxy.invoke(ProviderFactory.java:103)
	at com.sun.proxy.$Proxy0.invoke(Unknown Source)
	at org.apache.maven.surefire.booter.SurefireStarter.invokeProvider(SurefireStarter.java:145)
	at org.apache.maven.surefire.booter.SurefireStarter.runSuitesInProcess(SurefireStarter.java:87)
	at org.apache.maven.surefire.booter.ForkedBooter.main(ForkedBooter.java:69)
Caused by: org.h2.jdbc.JdbcSQLException: Syntax error in SQL statement &quot;SELECT RES.* 
     
    FROM ACT_RU_JOB RES
     
      
   
     ORDER BY  ORDER[*] BY RES.ID_ ASC  
    LIMIT ? OFFSET ? &quot;; expected &quot;=, NOT, EXISTS, INTERSECTS, SELECT, FROM&quot;; SQL statement:
select RES.* 
     
    from ACT_RU_JOB RES
     
      
   
     order by  order by RES.ID_ asc  
    LIMIT ? OFFSET ? [42001-176]
	at org.h2.message.DbException.getJdbcSQLException(DbException.java:344)
	at org.h2.message.DbException.getSyntaxError(DbException.java:204)
	at org.h2.command.Parser.getSyntaxError(Parser.java:524)
	at org.h2.command.Parser.readTerm(Parser.java:2688)
	at org.h2.command.Parser.readFactor(Parser.java:2244)
	at org.h2.command.Parser.readSum(Parser.java:2231)
	at org.h2.command.Parser.readConcat(Parser.java:2201)
	at org.h2.command.Parser.readCondition(Parser.java:2051)
	at org.h2.command.Parser.readAnd(Parser.java:2023)
	at org.h2.command.Parser.readExpression(Parser.java:2015)
	at org.h2.command.Parser.parseEndOfQuery(Parser.java:1726)
	at org.h2.command.Parser.parseSelectUnionExtension(Parser.java:1706)
	at org.h2.command.Parser.parseSelectUnion(Parser.java:1675)
	at org.h2.command.Parser.parseSelect(Parser.java:1662)
	at org.h2.command.Parser.parsePrepared(Parser.java:434)
	at org.h2.command.Parser.parse(Parser.java:306)
	at org.h2.command.Parser.parse(Parser.java:282)
	at org.h2.command.Parser.prepareCommand(Parser.java:243)
	at org.h2.engine.Session.prepareLocal(Session.java:442)
	at org.h2.engine.Session.prepareCommand(Session.java:384)
	at org.h2.jdbc.JdbcConnection.prepareCommand(JdbcConnection.java:1188)
	at org.h2.jdbc.JdbcPreparedStatement.&lt;init&gt;(JdbcPreparedStatement.java:73)
	at org.h2.jdbc.JdbcConnection.prepareStatement(JdbcConnection.java:276)
	at sun.reflect.GeneratedMethodAccessor6.invoke(Unknown Source)
	at sun.reflect.DelegatingMethodAccessorImpl.invoke(DelegatingMethodAccessorImpl.java:43)
	at java.lang.reflect.Method.invoke(Method.java:498)
	at org.apache.ibatis.datasource.pooled.PooledConnection.invoke(PooledConnection.java:245)
	at com.sun.proxy.$Proxy12.prepareStatement(Unknown Source)
	at sun.reflect.GeneratedMethodAccessor6.invoke(Unknown Source)
	at sun.reflect.DelegatingMethodAccessorImpl.invoke(DelegatingMethodAccessorImpl.java:43)
	at java.lang.reflect.Method.invoke(Method.java:498)
	at org.apache.ibatis.logging.jdbc.ConnectionLogger.invoke(ConnectionLogger.java:55)
	at com.sun.proxy.$Proxy12.prepareStatement(Unknown Source)
	at org.apache.ibatis.executor.statement.PreparedStatementHandler.instantiateStatement(PreparedStatementHandler.java:79)
	at org.apache.ibatis.executor.statement.BaseStatementHandler.prepare(BaseStatementHandler.java:88)
	at org.apache.ibatis.executor.statement.RoutingStatementHandler.prepare(RoutingStatementHandler.java:58)
	at org.apache.ibatis.executor.SimpleExecutor.prepareStatement(SimpleExecutor.java:76)
	at org.apache.ibatis.executor.SimpleExecutor.doQuery(SimpleExecutor.java:61)
	at org.apache.ibatis.executor.BaseExecutor.queryFromDatabase(BaseExecutor.java:303)
	at org.apache.ibatis.executor.BaseExecutor.query(BaseExecutor.java:154)
	at org.apache.ibatis.executor.CachingExecutor.query(CachingExecutor.java:102)
	at org.apache.ibatis.executor.CachingExecutor.query(CachingExecutor.java:82)
	at org.apache.ibatis.session.defaults.DefaultSqlSession.selectList(DefaultSqlSession.java:120)
	... 45 more
10:47:51,893 [main] DEBUG org.activiti.engine.impl.cfg.standalone.StandaloneMybatisTransactionContext  - firing event rolling back...
10:47:51,893 [main] DEBUG org.activiti.engine.impl.cfg.standalone.StandaloneMybatisTransactionContext  - rolling back ibatis sql session...
10:47:51,893 [main] DEBUG org.activiti.engine.impl.cfg.standalone.StandaloneMybatisTransactionContext  - firing event rolled back...
10:47:51,893 [main] DEBUG org.apache.ibatis.transaction.jdbc.JdbcTransaction  - Resetting autocommit to true on JDBC Connection [conn2: url=jdbc:h2:mem:activiti user=SA]
10:47:51,893 [main] DEBUG org.apache.ibatis.transaction.jdbc.JdbcTransaction  - Closing JDBC Connection [conn2: url=jdbc:h2:mem:activiti user=SA]
10:47:51,893 [main] DEBUG org.apache.ibatis.datasource.pooled.PooledDataSource  - Returned connection 363509958 to pool.
10:47:51,893 [main] DEBUG org.activiti.engine.impl.interceptor.LogInterceptor  - --- JobQueryImpl finished --------------------------------------------------------
10:47:51,893 [main] DEBUG org.activiti.engine.impl.interceptor.LogInterceptor  - 

10:47:51,892 [Thread-112] DEBUG org.activiti.engine.impl.persistence.entity.JobEntity.selectAsyncJobsDueToExecute  - ==&gt; Parameters: 2023-03-20 10:48:50.669(Timestamp), 2023-03-20 10:48:50.669(Timestamp), 1(Integer), 0(Integer)
10:47:51,893 [Thread-112] DEBUG org.activiti.engine.impl.persistence.entity.JobEntity.selectAsyncJobsDueToExecute  - &lt;==      Total: 0
10:47:51,893 [Thread-112] DEBUG org.activiti.engine.impl.db.DbSqlSession  - flush summary: 0 insert, 0 update, 0 delete.
10:47:51,893 [Thread-112] DEBUG org.activiti.engine.impl.db.DbSqlSession  - now executing flush...
10:47:51,893 [Thread-112] DEBUG org.activiti.engine.impl.cfg.standalone.StandaloneMybatisTransactionContext  - firing event committing...
10:47:51,893 [Thread-112] DEBUG org.activiti.engine.impl.cfg.standalone.StandaloneMybatisTransactionContext  - committing the ibatis sql session...
10:47:51,893 [Thread-112] DEBUG org.activiti.engine.impl.cfg.standalone.StandaloneMybatisTransactionContext  - firing event committed...
10:47:51,893 [Thread-112] DEBUG org.apache.ibatis.transaction.jdbc.JdbcTransaction  - Resetting autocommit to true on JDBC Connection [conn68: url=jdbc:h2:mem:activiti-AsyncExecutorTest user=SA]
10:47:51,893 [Thread-112] DEBUG org.apache.ibatis.transaction.jdbc.JdbcTransaction  - Closing JDBC Connection [conn68: url=jdbc:h2:mem:activiti-AsyncExecutorTest user=SA]
10:47:51,893 [Thread-112] DEBUG org.apache.ibatis.datasource.pooled.PooledDataSource  - Returned connection 58501658 to pool.
10:47:51,893 [Thread-112] DEBUG org.activiti.engine.impl.interceptor.LogInterceptor  - --- AcquireAsyncJobsDueCmd finished --------------------------------------------------------
10:47:51,893 [Thread-112] DEBUG org.activiti.engine.impl.interceptor.LogInterceptor  - 

10:47:51,893 [Thread-112] DEBUG org.activiti.engine.impl.asyncexecutor.AcquireAsyncJobsDueRunnable  - async job acquisition thread sleeping for 50 millis
10:47:51,908 [Thread-111] DEBUG org.activiti.engine.impl.asyncexecutor.AcquireTimerJobsRunnable  - timer job acquisition thread woke up
10:47:51,908 [Thread-111] DEBUG org.activiti.engine.impl.interceptor.LogInterceptor  - 

10:47:51,908 [Thread-111] DEBUG org.activiti.engine.impl.interceptor.LogInterceptor  - --- starting AcquireTimerJobsCmd --------------------------------------------------------
10:47:51,908 [Thread-105] DEBUG org.activiti.engine.impl.asyncexecutor.AcquireTimerJobsRunnable  - timer job acquisition thread woke up
10:47:51,908 [Thread-105] DEBUG org.activiti.engine.impl.interceptor.LogInterceptor  - 

10:47:51,908 [Thread-105] DEBUG org.activiti.engine.impl.interceptor.LogInterceptor  - --- starting AcquireTimerJobsCmd --------------------------------------------------------
10:47:51,908 [Thread-102] DEBUG org.activiti.engine.impl.asyncexecutor.AcquireTimerJobsRunnable  - timer job acquisition thread woke up
10:47:51,908 [Thread-102] DEBUG org.activiti.engine.impl.interceptor.LogInterceptor  - 

10:47:51,908 [Thread-102] DEBUG org.activiti.engine.impl.interceptor.LogInterceptor  - --- starting AcquireTimerJobsCmd --------------------------------------------------------
10:47:51,908 [Thread-103] DEBUG org.activiti.engine.impl.asyncexecutor.AcquireAsyncJobsDueRunnable  - async job acquisition thread woke up
10:47:51,908 [Thread-103] DEBUG org.activiti.engine.impl.interceptor.LogInterceptor  - 

10:47:51,908 [Thread-103] DEBUG org.activiti.engine.impl.interceptor.LogInterceptor  - --- starting AcquireAsyncJobsDueCmd --------------------------------------------------------
10:47:51,908 [Thread-106] DEBUG org.activiti.engine.impl.asyncexecutor.AcquireAsyncJobsDueRunnable  - async job acquisition thread woke up
10:47:51,908 [Thread-106] DEBUG org.activiti.engine.impl.interceptor.LogInterceptor  - 

10:47:51,908 [Thread-106] DEBUG org.activiti.engine.impl.interceptor.LogInterceptor  - --- starting AcquireAsyncJobsDueCmd --------------------------------------------------------
10:47:51,908 [Thread-106] DEBUG org.apache.ibatis.transaction.jdbc.JdbcTransaction  - Opening JDBC Connection
10:47:51,908 [Thread-103] DEBUG org.apache.ibatis.transaction.jdbc.JdbcTransaction  - Opening JDBC Connection
10:47:51,908 [Thread-103] DEBUG org.apache.ibatis.datasource.pooled.PooledDataSource  - Checked out connection 157985567 from pool.
10:47:51,908 [Thread-102] DEBUG org.apache.ibatis.transaction.jdbc.JdbcTransaction  - Opening JDBC Connection
10:47:51,908 [Thread-102] DEBUG org.apache.ibatis.datasource.pooled.PooledDataSource  - Checked out connection 33534803 from pool.
10:47:51,909 [Thread-102] DEBUG org.apache.ibatis.transaction.jdbc.JdbcTransaction  - Setting autocommit to false on JDBC Connection [conn60: url=jdbc:h2:mem:activiti-AsyncExecutorTest user=SA]
10:47:51,909 [Thread-102] DEBUG org.activiti.engine.impl.persistence.entity.JobEntity.selectNextTimerJobsToExecute  - ==&gt;  Preparing: select RES.* from ACT_RU_JOB RES LEFT OUTER JOIN ACT_RU_EXECUTION PI ON PI.ID_ = RES.PROCESS_INSTANCE_ID_ where (RES.RETRIES_ &gt; 0) and (RES.DUEDATE_ is null or RES.DUEDATE_ &lt;= ?) and (RES.LOCK_OWNER_ is null or RES.LOCK_EXP_TIME_ &lt;= ?) and TYPE_ = &apos;timer&apos; and ( (RES.EXECUTION_ID_ is null) or (PI.SUSPENSION_STATE_ = 1) ) LIMIT ? OFFSET ? 
10:47:51,909 [Thread-102] DEBUG org.activiti.engine.impl.persistence.entity.JobEntity.selectNextTimerJobsToExecute  - ==&gt; Parameters: 2023-03-20 10:48:50.669(Timestamp), 2023-03-20 10:48:50.669(Timestamp), 1(Integer), 0(Integer)
10:47:51,909 [Thread-102] DEBUG org.activiti.engine.impl.persistence.entity.JobEntity.selectNextTimerJobsToExecute  - &lt;==      Total: 0
10:47:51,908 [Thread-105] DEBUG org.apache.ibatis.transaction.jdbc.JdbcTransaction  - Opening JDBC Connection
10:47:51,908 [Thread-111] DEBUG org.apache.ibatis.transaction.jdbc.JdbcTransaction  - Opening JDBC Connection
10:47:51,909 [Thread-111] DEBUG org.apache.ibatis.datasource.pooled.PooledDataSource  - Checked out connection 1863805930 from pool.
10:47:51,909 [Thread-111] DEBUG org.apache.ibatis.transaction.jdbc.JdbcTransaction  - Setting autocommit to false on JDBC Connection [conn69: url=jdbc:h2:mem:activiti-AsyncExecutorTest user=SA]
10:47:51,909 [Thread-102] DEBUG org.activiti.engine.impl.db.DbSqlSession  - flush summary: 0 insert, 0 update, 0 delete.
10:47:51,909 [Thread-102] DEBUG org.activiti.engine.impl.db.DbSqlSession  - now executing flush...
10:47:51,909 [Thread-102] DEBUG org.activiti.engine.impl.cfg.standalone.StandaloneMybatisTransactionContext  - firing event committing...
10:47:51,909 [Thread-102] DEBUG org.activiti.engine.impl.cfg.standalone.StandaloneMybatisTransactionContext  - committing the ibatis sql session...
10:47:51,909 [Thread-102] DEBUG org.activiti.engine.impl.cfg.standalone.StandaloneMybatisTransactionContext  - firing event committed...
10:47:51,909 [Thread-102] DEBUG org.apache.ibatis.transaction.jdbc.JdbcTransaction  - Resetting autocommit to true on JDBC Connection [conn60: url=jdbc:h2:mem:activiti-AsyncExecutorTest user=SA]
10:47:51,908 [Thread-103] DEBUG org.apache.ibatis.transaction.jdbc.JdbcTransaction  - Setting autocommit to false on JDBC Connection [conn61: url=jdbc:h2:mem:activiti-AsyncExecutorTest user=SA]
10:47:51,909 [Thread-103] DEBUG org.activiti.engine.impl.persistence.entity.JobEntity.selectAsyncJobsDueToExecute  - ==&gt;  Preparing: select RES.* from ACT_RU_JOB RES LEFT OUTER JOIN ACT_RU_EXECUTION PI ON PI.ID_ = RES.PROCESS_INSTANCE_ID_ where RES.RETRIES_ &gt; 0 and RES.DUEDATE_ is not null and RES.DUEDATE_ &lt;= ? and (RES.LOCK_EXP_TIME_ is null or RES.LOCK_EXP_TIME_ &lt;= ?) and TYPE_ = &apos;message&apos; and ( (RES.EXECUTION_ID_ is null) or (PI.SUSPENSION_STATE_ = 1) ) LIMIT ? OFFSET ? 
10:47:51,908 [Thread-106] DEBUG org.apache.ibatis.datasource.pooled.PooledDataSource  - Checked out connection 1970103261 from pool.
10:47:51,909 [Thread-106] DEBUG org.apache.ibatis.transaction.jdbc.JdbcTransaction  - Setting autocommit to false on JDBC Connection [conn63: url=jdbc:h2:mem:activiti-AsyncExecutorTest user=SA]
10:47:51,909 [Thread-103] DEBUG org.activiti.engine.impl.persistence.entity.JobEntity.selectAsyncJobsDueToExecute  - ==&gt; Parameters: 2023-03-20 10:48:50.669(Timestamp), 2023-03-20 10:48:50.669(Timestamp), 1(Integer), 0(Integer)
10:47:51,909 [Thread-103] DEBUG org.activiti.engine.impl.persistence.entity.JobEntity.selectAsyncJobsDueToExecute  - &lt;==      Total: 0
10:47:51,909 [Thread-102] DEBUG org.apache.ibatis.transaction.jdbc.JdbcTransaction  - Closing JDBC Connection [conn60: url=jdbc:h2:mem:activiti-AsyncExecutorTest user=SA]
10:47:51,909 [Thread-102] DEBUG org.apache.ibatis.datasource.pooled.PooledDataSource  - Returned connection 33534803 to pool.
10:47:51,909 [Thread-111] DEBUG org.activiti.engine.impl.persistence.entity.JobEntity.selectNextTimerJobsToExecute  - ==&gt;  Preparing: select RES.* from ACT_RU_JOB RES LEFT OUTER JOIN ACT_RU_EXECUTION PI ON PI.ID_ = RES.PROCESS_INSTANCE_ID_ where (RES.RETRIES_ &gt; 0) and (RES.DUEDATE_ is null or RES.DUEDATE_ &lt;= ?) and (RES.LOCK_OWNER_ is null or RES.LOCK_EXP_TIME_ &lt;= ?) and TYPE_ = &apos;timer&apos; and ( (RES.EXECUTION_ID_ is null) or (PI.SUSPENSION_STATE_ = 1) ) LIMIT ? OFFSET ? 
10:47:51,910 [Thread-111] DEBUG org.activiti.engine.impl.persistence.entity.JobEntity.selectNextTimerJobsToExecute  - ==&gt; Parameters: 2023-03-20 10:48:50.669(Timestamp), 2023-03-20 10:48:50.669(Timestamp), 1(Integer), 0(Integer)
10:47:51,910 [Thread-111] DEBUG org.activiti.engine.impl.persistence.entity.JobEntity.selectNextTimerJobsToExecute  - &lt;==      Total: 0
10:47:51,910 [Thread-111] DEBUG org.activiti.engine.impl.db.DbSqlSession  - flush summary: 0 insert, 0 update, 0 delete.
10:47:51,910 [Thread-111] DEBUG org.activiti.engine.impl.db.DbSqlSession  - now executing flush...
10:47:51,910 [Thread-111] DEBUG org.activiti.engine.impl.cfg.standalone.StandaloneMybatisTransactionContext  - firing event committing...
10:47:51,910 [Thread-111] DEBUG org.activiti.engine.impl.cfg.standalone.StandaloneMybatisTransactionContext  - committing the ibatis sql session...
10:47:51,910 [Thread-111] DEBUG org.activiti.engine.impl.cfg.standalone.StandaloneMybatisTransactionContext  - firing event committed...
10:47:51,910 [Thread-111] DEBUG org.apache.ibatis.transaction.jdbc.JdbcTransaction  - Resetting autocommit to true on JDBC Connection [conn69: url=jdbc:h2:mem:activiti-AsyncExecutorTest user=SA]
10:47:51,910 [Thread-111] DEBUG org.apache.ibatis.transaction.jdbc.JdbcTransaction  - Closing JDBC Connection [conn69: url=jdbc:h2:mem:activiti-AsyncExecutorTest user=SA]
10:47:51,910 [Thread-111] DEBUG org.apache.ibatis.datasource.pooled.PooledDataSource  - Returned connection 1863805930 to pool.
10:47:51,910 [Thread-111] DEBUG org.activiti.engine.impl.interceptor.LogInterceptor  - --- AcquireTimerJobsCmd finished --------------------------------------------------------
10:47:51,910 [Thread-111] DEBUG org.activiti.engine.impl.interceptor.LogInterceptor  - 

10:47:51,910 [Thread-111] DEBUG org.activiti.engine.impl.asyncexecutor.AcquireTimerJobsRunnable  - timer job acquisition thread sleeping for 50 millis
10:47:51,910 [Thread-102] DEBUG org.activiti.engine.impl.interceptor.LogInterceptor  - --- AcquireTimerJobsCmd finished --------------------------------------------------------
10:47:51,910 [Thread-102] DEBUG org.activiti.engine.impl.interceptor.LogInterceptor  - 

10:47:51,909 [Thread-103] DEBUG org.activiti.engine.impl.db.DbSqlSession  - flush summary: 0 insert, 0 update, 0 delete.
10:47:51,910 [Thread-103] DEBUG org.activiti.engine.impl.db.DbSqlSession  - now executing flush...
10:47:51,910 [Thread-103] DEBUG org.activiti.engine.impl.cfg.standalone.StandaloneMybatisTransactionContext  - firing event committing...
10:47:51,910 [Thread-103] DEBUG org.activiti.engine.impl.cfg.standalone.StandaloneMybatisTransactionContext  - committing the ibatis sql session...
10:47:51,910 [Thread-103] DEBUG org.activiti.engine.impl.cfg.standalone.StandaloneMybatisTransactionContext  - firing event committed...
10:47:51,910 [Thread-103] DEBUG org.apache.ibatis.transaction.jdbc.JdbcTransaction  - Resetting autocommit to true on JDBC Connection [conn61: url=jdbc:h2:mem:activiti-AsyncExecutorTest user=SA]
10:47:51,910 [Thread-103] DEBUG org.apache.ibatis.transaction.jdbc.JdbcTransaction  - Closing JDBC Connection [conn61: url=jdbc:h2:mem:activiti-AsyncExecutorTest user=SA]
10:47:51,910 [Thread-103] DEBUG org.apache.ibatis.datasource.pooled.PooledDataSource  - Returned connection 157985567 to pool.
10:47:51,910 [Thread-103] DEBUG org.activiti.engine.impl.interceptor.LogInterceptor  - --- AcquireAsyncJobsDueCmd finished --------------------------------------------------------
10:47:51,910 [Thread-103] DEBUG org.activiti.engine.impl.interceptor.LogInterceptor  - 

10:47:51,910 [Thread-103] DEBUG org.activiti.engine.impl.asyncexecutor.AcquireAsyncJobsDueRunnable  - async job acquisition thread sleeping for 50 millis
10:47:51,909 [Thread-106] DEBUG org.activiti.engine.impl.persistence.entity.JobEntity.selectAsyncJobsDueToExecute  - ==&gt;  Preparing: select RES.* from ACT_RU_JOB RES LEFT OUTER JOIN ACT_RU_EXECUTION PI ON PI.ID_ = RES.PROCESS_INSTANCE_ID_ where RES.RETRIES_ &gt; 0 and RES.DUEDATE_ is not null and RES.DUEDATE_ &lt;= ? and (RES.LOCK_EXP_TIME_ is null or RES.LOCK_EXP_TIME_ &lt;= ?) and TYPE_ = &apos;message&apos; and ( (RES.EXECUTION_ID_ is null) or (PI.SUSPENSION_STATE_ = 1) ) LIMIT ? OFFSET ? 
10:47:51,910 [Thread-106] DEBUG org.activiti.engine.impl.persistence.entity.JobEntity.selectAsyncJobsDueToExecute  - ==&gt; Parameters: 2023-03-20 10:48:50.669(Timestamp), 2023-03-20 10:48:50.669(Timestamp), 1(Integer), 0(Integer)
10:47:51,910 [Thread-106] DEBUG org.activiti.engine.impl.persistence.entity.JobEntity.selectAsyncJobsDueToExecute  - &lt;==      Total: 0
10:47:51,910 [Thread-106] DEBUG org.activiti.engine.impl.db.DbSqlSession  - flush summary: 0 insert, 0 update, 0 delete.
10:47:51,910 [Thread-106] DEBUG org.activiti.engine.impl.db.DbSqlSession  - now executing flush...
10:47:51,910 [Thread-106] DEBUG org.activiti.engine.impl.cfg.standalone.StandaloneMybatisTransactionContext  - firing event committing...
10:47:51,910 [Thread-106] DEBUG org.activiti.engine.impl.cfg.standalone.StandaloneMybatisTransactionContext  - committing the ibatis sql session...
10:47:51,910 [Thread-106] DEBUG org.activiti.engine.impl.cfg.standalone.StandaloneMybatisTransactionContext  - firing event committed...
10:47:51,911 [Thread-106] DEBUG org.apache.ibatis.transaction.jdbc.JdbcTransaction  - Resetting autocommit to true on JDBC Connection [conn63: url=jdbc:h2:mem:activiti-AsyncExecutorTest user=SA]
10:47:51,911 [Thread-106] DEBUG org.apache.ibatis.transaction.jdbc.JdbcTransaction  - Closing JDBC Connection [conn63: url=jdbc:h2:mem:activiti-AsyncExecutorTest user=SA]
10:47:51,909 [Thread-105] DEBUG org.apache.ibatis.datasource.pooled.PooledDataSource  - Checked out connection 996762054 from pool.
10:47:51,911 [Thread-105] DEBUG org.apache.ibatis.transaction.jdbc.JdbcTransaction  - Setting autocommit to false on JDBC Connection [conn65: url=jdbc:h2:mem:activiti-AsyncExecutorTest user=SA]
10:47:51,910 [Thread-102] DEBUG org.activiti.engine.impl.asyncexecutor.AcquireTimerJobsRunnable  - timer job acquisition thread sleeping for 50 millis
10:47:51,911 [Thread-105] DEBUG org.activiti.engine.impl.persistence.entity.JobEntity.selectNextTimerJobsToExecute  - ==&gt;  Preparing: select RES.* from ACT_RU_JOB RES LEFT OUTER JOIN ACT_RU_EXECUTION PI ON PI.ID_ = RES.PROCESS_INSTANCE_ID_ where (RES.RETRIES_ &gt; 0) and (RES.DUEDATE_ is null or RES.DUEDATE_ &lt;= ?) and (RES.LOCK_OWNER_ is null or RES.LOCK_EXP_TIME_ &lt;= ?) and TYPE_ = &apos;timer&apos; and ( (RES.EXECUTION_ID_ is null) or (PI.SUSPENSION_STATE_ = 1) ) LIMIT ? OFFSET ? 
10:47:51,911 [Thread-105] DEBUG org.activiti.engine.impl.persistence.entity.JobEntity.selectNextTimerJobsToExecute  - ==&gt; Parameters: 2023-03-20 10:48:50.669(Timestamp), 2023-03-20 10:48:50.669(Timestamp), 1(Integer), 0(Integer)
10:47:51,911 [Thread-105] DEBUG org.activiti.engine.impl.persistence.entity.JobEntity.selectNextTimerJobsToExecute  - &lt;==      Total: 0
10:47:51,911 [Thread-105] DEBUG org.activiti.engine.impl.db.DbSqlSession  - flush summary: 0 insert, 0 update, 0 delete.
10:47:51,911 [Thread-105] DEBUG org.activiti.engine.impl.db.DbSqlSession  - now executing flush...
10:47:51,911 [Thread-105] DEBUG org.activiti.engine.impl.cfg.standalone.StandaloneMybatisTransactionContext  - firing event committing...
10:47:51,911 [Thread-105] DEBUG org.activiti.engine.impl.cfg.standalone.StandaloneMybatisTransactionContext  - committing the ibatis sql session...
10:47:51,911 [Thread-105] DEBUG org.activiti.engine.impl.cfg.standalone.StandaloneMybatisTransactionContext  - firing event committed...
10:47:51,911 [Thread-105] DEBUG org.apache.ibatis.transaction.jdbc.JdbcTransaction  - Resetting autocommit to true on JDBC Connection [conn65: url=jdbc:h2:mem:activiti-AsyncExecutorTest user=SA]
10:47:51,911 [Thread-105] DEBUG org.apache.ibatis.transaction.jdbc.JdbcTransaction  - Closing JDBC Connection [conn65: url=jdbc:h2:mem:activiti-AsyncExecutorTest user=SA]
10:47:51,911 [Thread-106] DEBUG org.apache.ibatis.datasource.pooled.PooledDataSource  - Returned connection 1970103261 to pool.
10:47:51,911 [Thread-106] DEBUG org.activiti.engine.impl.interceptor.LogInterceptor  - --- AcquireAsyncJobsDueCmd finished --------------------------------------------------------
10:47:51,911 [Thread-106] DEBUG org.activiti.engine.impl.interceptor.LogInterceptor  - 

10:47:51,911 [Thread-106] DEBUG org.activiti.engine.impl.asyncexecutor.AcquireAsyncJobsDueRunnable  - async job acquisition thread sleeping for 50 millis
10:47:51,911 [Thread-105] DEBUG org.apache.ibatis.datasource.pooled.PooledDataSource  - Returned connection 996762054 to pool.
10:47:51,911 [Thread-105] DEBUG org.activiti.engine.impl.interceptor.LogInterceptor  - --- AcquireTimerJobsCmd finished --------------------------------------------------------
10:47:51,911 [Thread-105] DEBUG org.activiti.engine.impl.interceptor.LogInterceptor  - 

10:47:51,911 [Thread-105] DEBUG org.activiti.engine.impl.asyncexecutor.AcquireTimerJobsRunnable  - timer job acquisition thread sleeping for 50 millis
10:47:51,956 [Thread-112] DEBUG org.activiti.engine.impl.asyncexecutor.AcquireAsyncJobsDueRunnable  - async job acquisition thread woke up
10:47:51,956 [Thread-112] DEBUG org.activiti.engine.impl.interceptor.LogInterceptor  - 

10:47:51,956 [Thread-112] DEBUG org.activiti.engine.impl.interceptor.LogInterceptor  - --- starting AcquireAsyncJobsDueCmd --------------------------------------------------------
10:47:51,956 [Thread-112] DEBUG org.apache.ibatis.transaction.jdbc.JdbcTransaction  - Opening JDBC Connection
10:47:51,956 [Thread-112] DEBUG org.apache.ibatis.datasource.pooled.PooledDataSource  - Checked out connection 604408605 from pool.
10:47:51,956 [Thread-112] DEBUG org.apache.ibatis.transaction.jdbc.JdbcTransaction  - Setting autocommit to false on JDBC Connection [conn70: url=jdbc:h2:mem:activiti-AsyncExecutorTest user=SA]
10:47:51,956 [Thread-112] DEBUG org.activiti.engine.impl.persistence.entity.JobEntity.selectAsyncJobsDueToExecute  - ==&gt;  Preparing: select RES.* from ACT_RU_JOB RES LEFT OUTER JOIN ACT_RU_EXECUTION PI ON PI.ID_ = RES.PROCESS_INSTANCE_ID_ where RES.RETRIES_ &gt; 0 and RES.DUEDATE_ is not null and RES.DUEDATE_ &lt;= ? and (RES.LOCK_EXP_TIME_ is null or RES.LOCK_EXP_TIME_ &lt;= ?) and TYPE_ = &apos;message&apos; and ( (RES.EXECUTION_ID_ is null) or (PI.SUSPENSION_STATE_ = 1) ) LIMIT ? OFFSET ? 
10:47:51,956 [Thread-112] DEBUG org.activiti.engine.impl.persistence.entity.JobEntity.selectAsyncJobsDueToExecute  - ==&gt; Parameters: 2023-03-20 10:48:50.669(Timestamp), 2023-03-20 10:48:50.669(Timestamp), 1(Integer), 0(Integer)
10:47:51,956 [Thread-112] DEBUG org.activiti.engine.impl.persistence.entity.JobEntity.selectAsyncJobsDueToExecute  - &lt;==      Total: 0
10:47:51,956 [Thread-112] DEBUG org.activiti.engine.impl.db.DbSqlSession  - flush summary: 0 insert, 0 update, 0 delete.
10:47:51,956 [Thread-112] DEBUG org.activiti.engine.impl.db.DbSqlSession  - now executing flush...
10:47:51,956 [Thread-112] DEBUG org.activiti.engine.impl.cfg.standalone.StandaloneMybatisTransactionContext  - firing event committing...
10:47:51,956 [Thread-112] DEBUG org.activiti.engine.impl.cfg.standalone.StandaloneMybatisTransactionContext  - committing the ibatis sql session...
10:47:51,956 [Thread-112] DEBUG org.activiti.engine.impl.cfg.standalone.StandaloneMybatisTransactionContext  - firing event committed...
10:47:51,956 [Thread-112] DEBUG org.apache.ibatis.transaction.jdbc.JdbcTransaction  - Resetting autocommit to true on JDBC Connection [conn70: url=jdbc:h2:mem:activiti-AsyncExecutorTest user=SA]
10:47:51,956 [Thread-112] DEBUG org.apache.ibatis.transaction.jdbc.JdbcTransaction  - Closing JDBC Connection [conn70: url=jdbc:h2:mem:activiti-AsyncExecutorTest user=SA]
10:47:51,956 [Thread-112] DEBUG org.apache.ibatis.datasource.pooled.PooledDataSource  - Returned connection 604408605 to pool.
10:47:51,956 [Thread-112] DEBUG org.activiti.engine.impl.interceptor.LogInterceptor  - --- AcquireAsyncJobsDueCmd finished --------------------------------------------------------
10:47:51,956 [Thread-112] DEBUG org.activiti.engine.impl.interceptor.LogInterceptor  - 

10:47:51,956 [Thread-112] DEBUG org.activiti.engine.impl.asyncexecutor.AcquireAsyncJobsDueRunnable  - async job acquisition thread sleeping for 50 millis
10:47:51,972 [Thread-105] DEBUG org.activiti.engine.impl.asyncexecutor.AcquireTimerJobsRunnable  - timer job acquisition thread woke up
10:47:51,972 [Thread-106] DEBUG org.activiti.engine.impl.asyncexecutor.AcquireAsyncJobsDueRunnable  - async job acquisition thread woke up
10:47:51,972 [Thread-106] DEBUG org.activiti.engine.impl.interceptor.LogInterceptor  - 

10:47:51,972 [Thread-106] DEBUG org.activiti.engine.impl.interceptor.LogInterceptor  - --- starting AcquireAsyncJobsDueCmd --------------------------------------------------------
10:47:51,972 [Thread-111] DEBUG org.activiti.engine.impl.asyncexecutor.AcquireTimerJobsRunnable  - timer job acquisition thread woke up
10:47:51,972 [Thread-111] DEBUG org.activiti.engine.impl.interceptor.LogInterceptor  - 

10:47:51,972 [Thread-111] DEBUG org.activiti.engine.impl.interceptor.LogInterceptor  - --- starting AcquireTimerJobsCmd --------------------------------------------------------
10:47:51,972 [Thread-103] DEBUG org.activiti.engine.impl.asyncexecutor.AcquireAsyncJobsDueRunnable  - async job acquisition thread woke up
10:47:51,972 [Thread-103] DEBUG org.activiti.engine.impl.interceptor.LogInterceptor  - 

10:47:51,972 [Thread-103] DEBUG org.activiti.engine.impl.interceptor.LogInterceptor  - --- starting AcquireAsyncJobsDueCmd --------------------------------------------------------
10:47:51,972 [Thread-103] DEBUG org.apache.ibatis.transaction.jdbc.JdbcTransaction  - Opening JDBC Connection
10:47:51,972 [Thread-103] DEBUG org.apache.ibatis.datasource.pooled.PooledDataSource  - Checked out connection 720039383 from pool.
10:47:51,972 [Thread-103] DEBUG org.apache.ibatis.transaction.jdbc.JdbcTransaction  - Setting autocommit to false on JDBC Connection [conn59: url=jdbc:h2:mem:activiti-AsyncExecutorTest user=SA]
10:47:51,972 [Thread-102] DEBUG org.activiti.engine.impl.asyncexecutor.AcquireTimerJobsRunnable  - timer job acquisition thread woke up
10:47:51,972 [Thread-102] DEBUG org.activiti.engine.impl.interceptor.LogInterceptor  - 

10:47:51,972 [Thread-102] DEBUG org.activiti.engine.impl.interceptor.LogInterceptor  - --- starting AcquireTimerJobsCmd --------------------------------------------------------
10:47:51,972 [Thread-102] DEBUG org.apache.ibatis.transaction.jdbc.JdbcTransaction  - Opening JDBC Connection
10:47:51,972 [Thread-102] DEBUG org.apache.ibatis.datasource.pooled.PooledDataSource  - Checked out connection 33534803 from pool.
10:47:51,972 [Thread-102] DEBUG org.apache.ibatis.transaction.jdbc.JdbcTransaction  - Setting autocommit to false on JDBC Connection [conn60: url=jdbc:h2:mem:activiti-AsyncExecutorTest user=SA]
10:47:51,972 [Thread-102] DEBUG org.activiti.engine.impl.persistence.entity.JobEntity.selectNextTimerJobsToExecute  - ==&gt;  Preparing: select RES.* from ACT_RU_JOB RES LEFT OUTER JOIN ACT_RU_EXECUTION PI ON PI.ID_ = RES.PROCESS_INSTANCE_ID_ where (RES.RETRIES_ &gt; 0) and (RES.DUEDATE_ is null or RES.DUEDATE_ &lt;= ?) and (RES.LOCK_OWNER_ is null or RES.LOCK_EXP_TIME_ &lt;= ?) and TYPE_ = &apos;timer&apos; and ( (RES.EXECUTION_ID_ is null) or (PI.SUSPENSION_STATE_ = 1) ) LIMIT ? OFFSET ? 
10:47:51,972 [Thread-102] DEBUG org.activiti.engine.impl.persistence.entity.JobEntity.selectNextTimerJobsToExecute  - ==&gt; Parameters: 2023-03-20 10:48:50.669(Timestamp), 2023-03-20 10:48:50.669(Timestamp), 1(Integer), 0(Integer)
10:47:51,972 [Thread-102] DEBUG org.activiti.engine.impl.persistence.entity.JobEntity.selectNextTimerJobsToExecute  - &lt;==      Total: 0
10:47:51,972 [Thread-102] DEBUG org.activiti.engine.impl.db.DbSqlSession  - flush summary: 0 insert, 0 update, 0 delete.
10:47:51,972 [Thread-102] DEBUG org.activiti.engine.impl.db.DbSqlSession  - now executing flush...
10:47:51,972 [Thread-102] DEBUG org.activiti.engine.impl.cfg.standalone.StandaloneMybatisTransactionContext  - firing event committing...
10:47:51,973 [Thread-102] DEBUG org.activiti.engine.impl.cfg.standalone.StandaloneMybatisTransactionContext  - committing the ibatis sql session...
10:47:51,973 [Thread-102] DEBUG org.activiti.engine.impl.cfg.standalone.StandaloneMybatisTransactionContext  - firing event committed...
10:47:51,973 [Thread-102] DEBUG org.apache.ibatis.transaction.jdbc.JdbcTransaction  - Resetting autocommit to true on JDBC Connection [conn60: url=jdbc:h2:mem:activiti-AsyncExecutorTest user=SA]
10:47:51,973 [Thread-102] DEBUG org.apache.ibatis.transaction.jdbc.JdbcTransaction  - Closing JDBC Connection [conn60: url=jdbc:h2:mem:activiti-AsyncExecutorTest user=SA]
10:47:51,973 [Thread-102] DEBUG org.apache.ibatis.datasource.pooled.PooledDataSource  - Returned connection 33534803 to pool.
10:47:51,973 [Thread-102] DEBUG org.activiti.engine.impl.interceptor.LogInterceptor  - --- AcquireTimerJobsCmd finished --------------------------------------------------------
10:47:51,973 [Thread-102] DEBUG org.activiti.engine.impl.interceptor.LogInterceptor  - 

10:47:51,973 [Thread-102] DEBUG org.activiti.engine.impl.asyncexecutor.AcquireTimerJobsRunnable  - timer job acquisition thread sleeping for 50 millis
10:47:51,972 [Thread-103] DEBUG org.activiti.engine.impl.persistence.entity.JobEntity.selectAsyncJobsDueToExecute  - ==&gt;  Preparing: select RES.* from ACT_RU_JOB RES LEFT OUTER JOIN ACT_RU_EXECUTION PI ON PI.ID_ = RES.PROCESS_INSTANCE_ID_ where RES.RETRIES_ &gt; 0 and RES.DUEDATE_ is not null and RES.DUEDATE_ &lt;= ? and (RES.LOCK_EXP_TIME_ is null or RES.LOCK_EXP_TIME_ &lt;= ?) and TYPE_ = &apos;message&apos; and ( (RES.EXECUTION_ID_ is null) or (PI.SUSPENSION_STATE_ = 1) ) LIMIT ? OFFSET ? 
10:47:51,973 [Thread-103] DEBUG org.activiti.engine.impl.persistence.entity.JobEntity.selectAsyncJobsDueToExecute  - ==&gt; Parameters: 2023-03-20 10:48:50.669(Timestamp), 2023-03-20 10:48:50.669(Timestamp), 1(Integer), 0(Integer)
10:47:51,972 [Thread-111] DEBUG org.apache.ibatis.transaction.jdbc.JdbcTransaction  - Opening JDBC Connection
10:47:51,973 [Thread-111] DEBUG org.apache.ibatis.datasource.pooled.PooledDataSource  - Checked out connection 58501658 from pool.
10:47:51,973 [Thread-111] DEBUG org.apache.ibatis.transaction.jdbc.JdbcTransaction  - Setting autocommit to false on JDBC Connection [conn68: url=jdbc:h2:mem:activiti-AsyncExecutorTest user=SA]
10:47:51,973 [Thread-111] DEBUG org.activiti.engine.impl.persistence.entity.JobEntity.selectNextTimerJobsToExecute  - ==&gt;  Preparing: select RES.* from ACT_RU_JOB RES LEFT OUTER JOIN ACT_RU_EXECUTION PI ON PI.ID_ = RES.PROCESS_INSTANCE_ID_ where (RES.RETRIES_ &gt; 0) and (RES.DUEDATE_ is null or RES.DUEDATE_ &lt;= ?) and (RES.LOCK_OWNER_ is null or RES.LOCK_EXP_TIME_ &lt;= ?) and TYPE_ = &apos;timer&apos; and ( (RES.EXECUTION_ID_ is null) or (PI.SUSPENSION_STATE_ = 1) ) LIMIT ? OFFSET ? 
10:47:51,973 [Thread-111] DEBUG org.activiti.engine.impl.persistence.entity.JobEntity.selectNextTimerJobsToExecute  - ==&gt; Parameters: 2023-03-20 10:48:50.669(Timestamp), 2023-03-20 10:48:50.669(Timestamp), 1(Integer), 0(Integer)
10:47:51,973 [Thread-111] DEBUG org.activiti.engine.impl.persistence.entity.JobEntity.selectNextTimerJobsToExecute  - &lt;==      Total: 0
10:47:51,973 [Thread-111] DEBUG org.activiti.engine.impl.db.DbSqlSession  - flush summary: 0 insert, 0 update, 0 delete.
10:47:51,973 [Thread-111] DEBUG org.activiti.engine.impl.db.DbSqlSession  - now executing flush...
10:47:51,973 [Thread-111] DEBUG org.activiti.engine.impl.cfg.standalone.StandaloneMybatisTransactionContext  - firing event committing...
10:47:51,973 [Thread-111] DEBUG org.activiti.engine.impl.cfg.standalone.StandaloneMybatisTransactionContext  - committing the ibatis sql session...
10:47:51,973 [Thread-111] DEBUG org.activiti.engine.impl.cfg.standalone.StandaloneMybatisTransactionContext  - firing event committed...
10:47:51,972 [Thread-106] DEBUG org.apache.ibatis.transaction.jdbc.JdbcTransaction  - Opening JDBC Connection
10:47:51,973 [Thread-106] DEBUG org.apache.ibatis.datasource.pooled.PooledDataSource  - Checked out connection 54468349 from pool.
10:47:51,973 [Thread-106] DEBUG org.apache.ibatis.transaction.jdbc.JdbcTransaction  - Setting autocommit to false on JDBC Connection [conn64: url=jdbc:h2:mem:activiti-AsyncExecutorTest user=SA]
10:47:51,973 [Thread-106] DEBUG org.activiti.engine.impl.persistence.entity.JobEntity.selectAsyncJobsDueToExecute  - ==&gt;  Preparing: select RES.* from ACT_RU_JOB RES LEFT OUTER JOIN ACT_RU_EXECUTION PI ON PI.ID_ = RES.PROCESS_INSTANCE_ID_ where RES.RETRIES_ &gt; 0 and RES.DUEDATE_ is not null and RES.DUEDATE_ &lt;= ? and (RES.LOCK_EXP_TIME_ is null or RES.LOCK_EXP_TIME_ &lt;= ?) and TYPE_ = &apos;message&apos; and ( (RES.EXECUTION_ID_ is null) or (PI.SUSPENSION_STATE_ = 1) ) LIMIT ? OFFSET ? 
10:47:51,973 [Thread-106] DEBUG org.activiti.engine.impl.persistence.entity.JobEntity.selectAsyncJobsDueToExecute  - ==&gt; Parameters: 2023-03-20 10:48:50.669(Timestamp), 2023-03-20 10:48:50.669(Timestamp), 1(Integer), 0(Integer)
10:47:51,973 [Thread-106] DEBUG org.activiti.engine.impl.persistence.entity.JobEntity.selectAsyncJobsDueToExecute  - &lt;==      Total: 0
10:47:51,973 [Thread-106] DEBUG org.activiti.engine.impl.db.DbSqlSession  - flush summary: 0 insert, 0 update, 0 delete.
10:47:51,973 [Thread-106] DEBUG org.activiti.engine.impl.db.DbSqlSession  - now executing flush...
10:47:51,973 [Thread-106] DEBUG org.activiti.engine.impl.cfg.standalone.StandaloneMybatisTransactionContext  - firing event committing...
10:47:51,973 [Thread-106] DEBUG org.activiti.engine.impl.cfg.standalone.StandaloneMybatisTransactionContext  - committing the ibatis sql session...
10:47:51,973 [Thread-106] DEBUG org.activiti.engine.impl.cfg.standalone.StandaloneMybatisTransactionContext  - firing event committed...
10:47:51,973 [Thread-106] DEBUG org.apache.ibatis.transaction.jdbc.JdbcTransaction  - Resetting autocommit to true on JDBC Connection [conn64: url=jdbc:h2:mem:activiti-AsyncExecutorTest user=SA]
10:47:51,973 [Thread-106] DEBUG org.apache.ibatis.transaction.jdbc.JdbcTransaction  - Closing JDBC Connection [conn64: url=jdbc:h2:mem:activiti-AsyncExecutorTest user=SA]
10:47:51,973 [Thread-106] DEBUG org.apache.ibatis.datasource.pooled.PooledDataSource  - Returned connection 54468349 to pool.
10:47:51,974 [Thread-106] DEBUG org.activiti.engine.impl.interceptor.LogInterceptor  - --- AcquireAsyncJobsDueCmd finished --------------------------------------------------------
10:47:51,974 [Thread-106] DEBUG org.activiti.engine.impl.interceptor.LogInterceptor  - 

10:47:51,974 [Thread-106] DEBUG org.activiti.engine.impl.asyncexecutor.AcquireAsyncJobsDueRunnable  - async job acquisition thread sleeping for 50 millis
10:47:51,972 [Thread-105] DEBUG org.activiti.engine.impl.interceptor.LogInterceptor  - 

10:47:51,974 [Thread-105] DEBUG org.activiti.engine.impl.interceptor.LogInterceptor  - --- starting AcquireTimerJobsCmd --------------------------------------------------------
10:47:51,974 [Thread-105] DEBUG org.apache.ibatis.transaction.jdbc.JdbcTransaction  - Opening JDBC Connection
10:47:51,974 [Thread-105] DEBUG org.apache.ibatis.datasource.pooled.PooledDataSource  - Checked out connection 1970103261 from pool.
10:47:51,974 [Thread-105] DEBUG org.apache.ibatis.transaction.jdbc.JdbcTransaction  - Setting autocommit to false on JDBC Connection [conn63: url=jdbc:h2:mem:activiti-AsyncExecutorTest user=SA]
10:47:51,973 [Thread-111] DEBUG org.apache.ibatis.transaction.jdbc.JdbcTransaction  - Resetting autocommit to true on JDBC Connection [conn68: url=jdbc:h2:mem:activiti-AsyncExecutorTest user=SA]
10:47:51,974 [Thread-111] DEBUG org.apache.ibatis.transaction.jdbc.JdbcTransaction  - Closing JDBC Connection [conn68: url=jdbc:h2:mem:activiti-AsyncExecutorTest user=SA]
10:47:51,974 [Thread-111] DEBUG org.apache.ibatis.datasource.pooled.PooledDataSource  - Returned connection 58501658 to pool.
10:47:51,974 [Thread-111] DEBUG org.activiti.engine.impl.interceptor.LogInterceptor  - --- AcquireTimerJobsCmd finished --------------------------------------------------------
10:47:51,974 [Thread-111] DEBUG org.activiti.engine.impl.interceptor.LogInterceptor  - 

10:47:51,974 [Thread-111] DEBUG org.activiti.engine.impl.asyncexecutor.AcquireTimerJobsRunnable  - timer job acquisition thread sleeping for 50 millis
10:47:51,973 [Thread-103] DEBUG org.activiti.engine.impl.persistence.entity.JobEntity.selectAsyncJobsDueToExecute  - &lt;==      Total: 0
10:47:51,974 [Thread-103] DEBUG org.activiti.engine.impl.db.DbSqlSession  - flush summary: 0 insert, 0 update, 0 delete.
10:47:51,974 [Thread-103] DEBUG org.activiti.engine.impl.db.DbSqlSession  - now executing flush...
10:47:51,974 [Thread-105] DEBUG org.activiti.engine.impl.persistence.entity.JobEntity.selectNextTimerJobsToExecute  - ==&gt;  Preparing: select RES.* from ACT_RU_JOB RES LEFT OUTER JOIN ACT_RU_EXECUTION PI ON PI.ID_ = RES.PROCESS_INSTANCE_ID_ where (RES.RETRIES_ &gt; 0) and (RES.DUEDATE_ is null or RES.DUEDATE_ &lt;= ?) and (RES.LOCK_OWNER_ is null or RES.LOCK_EXP_TIME_ &lt;= ?) and TYPE_ = &apos;timer&apos; and ( (RES.EXECUTION_ID_ is null) or (PI.SUSPENSION_STATE_ = 1) ) LIMIT ? OFFSET ? 
10:47:51,974 [Thread-105] DEBUG org.activiti.engine.impl.persistence.entity.JobEntity.selectNextTimerJobsToExecute  - ==&gt; Parameters: 2023-03-20 10:48:50.669(Timestamp), 2023-03-20 10:48:50.669(Timestamp), 1(Integer), 0(Integer)
10:47:51,974 [Thread-103] DEBUG org.activiti.engine.impl.cfg.standalone.StandaloneMybatisTransactionContext  - firing event committing...
10:47:51,974 [Thread-103] DEBUG org.activiti.engine.impl.cfg.standalone.StandaloneMybatisTransactionContext  - committing the ibatis sql session...
10:47:51,974 [Thread-103] DEBUG org.activiti.engine.impl.cfg.standalone.StandaloneMybatisTransactionContext  - firing event committed...
10:47:51,974 [Thread-105] DEBUG org.activiti.engine.impl.persistence.entity.JobEntity.selectNextTimerJobsToExecute  - &lt;==      Total: 0
10:47:51,974 [Thread-105] DEBUG org.activiti.engine.impl.db.DbSqlSession  - flush summary: 0 insert, 0 update, 0 delete.
10:47:51,974 [Thread-105] DEBUG org.activiti.engine.impl.db.DbSqlSession  - now executing flush...
10:47:51,974 [Thread-105] DEBUG org.activiti.engine.impl.cfg.standalone.StandaloneMybatisTransactionContext  - firing event committing...
10:47:51,974 [Thread-105] DEBUG org.activiti.engine.impl.cfg.standalone.StandaloneMybatisTransactionContext  - committing the ibatis sql session...
10:47:51,974 [Thread-105] DEBUG org.activiti.engine.impl.cfg.standalone.StandaloneMybatisTransactionContext  - firing event committed...
10:47:51,974 [Thread-105] DEBUG org.apache.ibatis.transaction.jdbc.JdbcTransaction  - Resetting autocommit to true on JDBC Connection [conn63: url=jdbc:h2:mem:activiti-AsyncExecutorTest user=SA]
10:47:51,974 [Thread-105] DEBUG org.apache.ibatis.transaction.jdbc.JdbcTransaction  - Closing JDBC Connection [conn63: url=jdbc:h2:mem:activiti-AsyncExecutorTest user=SA]
10:47:51,974 [Thread-105] DEBUG org.apache.ibatis.datasource.pooled.PooledDataSource  - Returned connection 1970103261 to pool.
10:47:51,974 [Thread-105] DEBUG org.activiti.engine.impl.interceptor.LogInterceptor  - --- AcquireTimerJobsCmd finished --------------------------------------------------------
10:47:51,974 [Thread-105] DEBUG org.activiti.engine.impl.interceptor.LogInterceptor  - 

10:47:51,974 [Thread-105] DEBUG org.activiti.engine.impl.asyncexecutor.AcquireTimerJobsRunnable  - timer job acquisition thread sleeping for 50 millis
10:47:51,974 [Thread-103] DEBUG org.apache.ibatis.transaction.jdbc.JdbcTransaction  - Resetting autocommit to true on JDBC Connection [conn59: url=jdbc:h2:mem:activiti-AsyncExecutorTest user=SA]
10:47:51,975 [Thread-103] DEBUG org.apache.ibatis.transaction.jdbc.JdbcTransaction  - Closing JDBC Connection [conn59: url=jdbc:h2:mem:activiti-AsyncExecutorTest user=SA]
10:47:51,975 [Thread-103] DEBUG org.apache.ibatis.datasource.pooled.PooledDataSource  - Returned connection 720039383 to pool.
10:47:51,975 [Thread-103] DEBUG org.activiti.engine.impl.interceptor.LogInterceptor  - --- AcquireAsyncJobsDueCmd finished --------------------------------------------------------
10:47:51,975 [Thread-103] DEBUG org.activiti.engine.impl.interceptor.LogInterceptor  - 

10:47:51,975 [Thread-103] DEBUG org.activiti.engine.impl.asyncexecutor.AcquireAsyncJobsDueRunnable  - async job acquisition thread sleeping for 50 millis
10:47:52,018 [Thread-112] DEBUG org.activiti.engine.impl.asyncexecutor.AcquireAsyncJobsDueRunnable  - async job acquisition thread woke up
10:47:52,018 [Thread-112] DEBUG org.activiti.engine.impl.interceptor.LogInterceptor  - 

10:47:52,018 [Thread-112] DEBUG org.activiti.engine.impl.interceptor.LogInterceptor  - --- starting AcquireAsyncJobsDueCmd --------------------------------------------------------
10:47:52,018 [Thread-112] DEBUG org.apache.ibatis.transaction.jdbc.JdbcTransaction  - Opening JDBC Connection
10:47:52,018 [Thread-112] DEBUG org.apache.ibatis.datasource.pooled.PooledDataSource  - Checked out connection 1863805930 from pool.
10:47:52,018 [Thread-112] DEBUG org.apache.ibatis.transaction.jdbc.JdbcTransaction  - Setting autocommit to false on JDBC Connection [conn69: url=jdbc:h2:mem:activiti-AsyncExecutorTest user=SA]
10:47:52,018 [Thread-112] DEBUG org.activiti.engine.impl.persistence.entity.JobEntity.selectAsyncJobsDueToExecute  - ==&gt;  Preparing: select RES.* from ACT_RU_JOB RES LEFT OUTER JOIN ACT_RU_EXECUTION PI ON PI.ID_ = RES.PROCESS_INSTANCE_ID_ where RES.RETRIES_ &gt; 0 and RES.DUEDATE_ is not null and RES.DUEDATE_ &lt;= ? and (RES.LOCK_EXP_TIME_ is null or RES.LOCK_EXP_TIME_ &lt;= ?) and TYPE_ = &apos;message&apos; and ( (RES.EXECUTION_ID_ is null) or (PI.SUSPENSION_STATE_ = 1) ) LIMIT ? OFFSET ? 
10:47:52,018 [Thread-112] DEBUG org.activiti.engine.impl.persistence.entity.JobEntity.selectAsyncJobsDueToExecute  - ==&gt; Parameters: 2023-03-20 10:48:50.669(Timestamp), 2023-03-20 10:48:50.669(Timestamp), 1(Integer), 0(Integer)
10:47:52,018 [Thread-112] DEBUG org.activiti.engine.impl.persistence.entity.JobEntity.selectAsyncJobsDueToExecute  - &lt;==      Total: 0
10:47:52,018 [Thread-112] DEBUG org.activiti.engine.impl.db.DbSqlSession  - flush summary: 0 insert, 0 update, 0 delete.
10:47:52,018 [Thread-112] DEBUG org.activiti.engine.impl.db.DbSqlSession  - now executing flush...
10:47:52,018 [Thread-112] DEBUG org.activiti.engine.impl.cfg.standalone.StandaloneMybatisTransactionContext  - firing event committing...
10:47:52,018 [Thread-112] DEBUG org.activiti.engine.impl.cfg.standalone.StandaloneMybatisTransactionContext  - committing the ibatis sql session...
10:47:52,018 [Thread-112] DEBUG org.activiti.engine.impl.cfg.standalone.StandaloneMybatisTransactionContext  - firing event committed...
10:47:52,018 [Thread-112] DEBUG org.apache.ibatis.transaction.jdbc.JdbcTransaction  - Resetting autocommit to true on JDBC Connection [conn69: url=jdbc:h2:mem:activiti-AsyncExecutorTest user=SA]
10:47:52,018 [Thread-112] DEBUG org.apache.ibatis.transaction.jdbc.JdbcTransaction  - Closing JDBC Connection [conn69: url=jdbc:h2:mem:activiti-AsyncExecutorTest user=SA]
10:47:52,018 [Thread-112] DEBUG org.apache.ibatis.datasource.pooled.PooledDataSource  - Returned connection 1863805930 to pool.
10:47:52,018 [Thread-112] DEBUG org.activiti.engine.impl.interceptor.LogInterceptor  - --- AcquireAsyncJobsDueCmd finished --------------------------------------------------------
10:47:52,018 [Thread-112] DEBUG org.activiti.engine.impl.interceptor.LogInterceptor  - 

10:47:52,019 [Thread-112] DEBUG org.activiti.engine.impl.asyncexecutor.AcquireAsyncJobsDueRunnable  - async job acquisition thread sleeping for 50 millis
10:47:52,034 [Thread-106] DEBUG org.activiti.engine.impl.asyncexecutor.AcquireAsyncJobsDueRunnable  - async job acquisition thread woke up
10:47:52,034 [Thread-106] DEBUG org.activiti.engine.impl.interceptor.LogInterceptor  - 

10:47:52,034 [Thread-106] DEBUG org.activiti.engine.impl.interceptor.LogInterceptor  - --- starting AcquireAsyncJobsDueCmd --------------------------------------------------------
10:47:52,034 [Thread-106] DEBUG org.apache.ibatis.transaction.jdbc.JdbcTransaction  - Opening JDBC Connection
10:47:52,034 [Thread-103] DEBUG org.activiti.engine.impl.asyncexecutor.AcquireAsyncJobsDueRunnable  - async job acquisition thread woke up
10:47:52,034 [Thread-103] DEBUG org.activiti.engine.impl.interceptor.LogInterceptor  - 

10:47:52,034 [Thread-103] DEBUG org.activiti.engine.impl.interceptor.LogInterceptor  - --- starting AcquireAsyncJobsDueCmd --------------------------------------------------------
10:47:52,034 [Thread-103] DEBUG org.apache.ibatis.transaction.jdbc.JdbcTransaction  - Opening JDBC Connection
10:47:52,034 [Thread-103] DEBUG org.apache.ibatis.datasource.pooled.PooledDataSource  - Checked out connection 157985567 from pool.
10:47:52,034 [Thread-103] DEBUG org.apache.ibatis.transaction.jdbc.JdbcTransaction  - Setting autocommit to false on JDBC Connection [conn61: url=jdbc:h2:mem:activiti-AsyncExecutorTest user=SA]
10:47:52,034 [Thread-103] DEBUG org.activiti.engine.impl.persistence.entity.JobEntity.selectAsyncJobsDueToExecute  - ==&gt;  Preparing: select RES.* from ACT_RU_JOB RES LEFT OUTER JOIN ACT_RU_EXECUTION PI ON PI.ID_ = RES.PROCESS_INSTANCE_ID_ where RES.RETRIES_ &gt; 0 and RES.DUEDATE_ is not null and RES.DUEDATE_ &lt;= ? and (RES.LOCK_EXP_TIME_ is null or RES.LOCK_EXP_TIME_ &lt;= ?) and TYPE_ = &apos;message&apos; and ( (RES.EXECUTION_ID_ is null) or (PI.SUSPENSION_STATE_ = 1) ) LIMIT ? OFFSET ? 
10:47:52,034 [Thread-102] DEBUG org.activiti.engine.impl.asyncexecutor.AcquireTimerJobsRunnable  - timer job acquisition thread woke up
10:47:52,034 [Thread-102] DEBUG org.activiti.engine.impl.interceptor.LogInterceptor  - 

10:47:52,034 [Thread-102] DEBUG org.activiti.engine.impl.interceptor.LogInterceptor  - --- starting AcquireTimerJobsCmd --------------------------------------------------------
10:47:52,034 [Thread-102] DEBUG org.apache.ibatis.transaction.jdbc.JdbcTransaction  - Opening JDBC Connection
10:47:52,034 [Thread-102] DEBUG org.apache.ibatis.datasource.pooled.PooledDataSource  - Checked out connection 33534803 from pool.
10:47:52,034 [Thread-102] DEBUG org.apache.ibatis.transaction.jdbc.JdbcTransaction  - Setting autocommit to false on JDBC Connection [conn60: url=jdbc:h2:mem:activiti-AsyncExecutorTest user=SA]
10:47:52,034 [Thread-102] DEBUG org.activiti.engine.impl.persistence.entity.JobEntity.selectNextTimerJobsToExecute  - ==&gt;  Preparing: select RES.* from ACT_RU_JOB RES LEFT OUTER JOIN ACT_RU_EXECUTION PI ON PI.ID_ = RES.PROCESS_INSTANCE_ID_ where (RES.RETRIES_ &gt; 0) and (RES.DUEDATE_ is null or RES.DUEDATE_ &lt;= ?) and (RES.LOCK_OWNER_ is null or RES.LOCK_EXP_TIME_ &lt;= ?) and TYPE_ = &apos;timer&apos; and ( (RES.EXECUTION_ID_ is null) or (PI.SUSPENSION_STATE_ = 1) ) LIMIT ? OFFSET ? 
10:47:52,034 [Thread-111] DEBUG org.activiti.engine.impl.asyncexecutor.AcquireTimerJobsRunnable  - timer job acquisition thread woke up
10:47:52,034 [Thread-111] DEBUG org.activiti.engine.impl.interceptor.LogInterceptor  - 

10:47:52,034 [Thread-111] DEBUG org.activiti.engine.impl.interceptor.LogInterceptor  - --- starting AcquireTimerJobsCmd --------------------------------------------------------
10:47:52,034 [Thread-111] DEBUG org.apache.ibatis.transaction.jdbc.JdbcTransaction  - Opening JDBC Connection
10:47:52,034 [Thread-111] DEBUG org.apache.ibatis.datasource.pooled.PooledDataSource  - Checked out connection 604408605 from pool.
10:47:52,035 [Thread-111] DEBUG org.apache.ibatis.transaction.jdbc.JdbcTransaction  - Setting autocommit to false on JDBC Connection [conn70: url=jdbc:h2:mem:activiti-AsyncExecutorTest user=SA]
10:47:52,034 [Thread-105] DEBUG org.activiti.engine.impl.asyncexecutor.AcquireTimerJobsRunnable  - timer job acquisition thread woke up
10:47:52,035 [Thread-105] DEBUG org.activiti.engine.impl.interceptor.LogInterceptor  - 

10:47:52,035 [Thread-105] DEBUG org.activiti.engine.impl.interceptor.LogInterceptor  - --- starting AcquireTimerJobsCmd --------------------------------------------------------
10:47:52,035 [Thread-111] DEBUG org.activiti.engine.impl.persistence.entity.JobEntity.selectNextTimerJobsToExecute  - ==&gt;  Preparing: select RES.* from ACT_RU_JOB RES LEFT OUTER JOIN ACT_RU_EXECUTION PI ON PI.ID_ = RES.PROCESS_INSTANCE_ID_ where (RES.RETRIES_ &gt; 0) and (RES.DUEDATE_ is null or RES.DUEDATE_ &lt;= ?) and (RES.LOCK_OWNER_ is null or RES.LOCK_EXP_TIME_ &lt;= ?) and TYPE_ = &apos;timer&apos; and ( (RES.EXECUTION_ID_ is null) or (PI.SUSPENSION_STATE_ = 1) ) LIMIT ? OFFSET ? 
10:47:52,035 [Thread-111] DEBUG org.activiti.engine.impl.persistence.entity.JobEntity.selectNextTimerJobsToExecute  - ==&gt; Parameters: 2023-03-20 10:48:50.669(Timestamp), 2023-03-20 10:48:50.669(Timestamp), 1(Integer), 0(Integer)
10:47:52,035 [Thread-111] DEBUG org.activiti.engine.impl.persistence.entity.JobEntity.selectNextTimerJobsToExecute  - &lt;==      Total: 0
10:47:52,035 [Thread-111] DEBUG org.activiti.engine.impl.db.DbSqlSession  - flush summary: 0 insert, 0 update, 0 delete.
10:47:52,035 [Thread-111] DEBUG org.activiti.engine.impl.db.DbSqlSession  - now executing flush...
10:47:52,035 [Thread-111] DEBUG org.activiti.engine.impl.cfg.standalone.StandaloneMybatisTransactionContext  - firing event committing...
10:47:52,035 [Thread-111] DEBUG org.activiti.engine.impl.cfg.standalone.StandaloneMybatisTransactionContext  - committing the ibatis sql session...
10:47:52,035 [Thread-111] DEBUG org.activiti.engine.impl.cfg.standalone.StandaloneMybatisTransactionContext  - firing event committed...
10:47:52,035 [Thread-111] DEBUG org.apache.ibatis.transaction.jdbc.JdbcTransaction  - Resetting autocommit to true on JDBC Connection [conn70: url=jdbc:h2:mem:activiti-AsyncExecutorTest user=SA]
10:47:52,035 [Thread-111] DEBUG org.apache.ibatis.transaction.jdbc.JdbcTransaction  - Closing JDBC Connection [conn70: url=jdbc:h2:mem:activiti-AsyncExecutorTest user=SA]
10:47:52,035 [Thread-111] DEBUG org.apache.ibatis.datasource.pooled.PooledDataSource  - Returned connection 604408605 to pool.
10:47:52,035 [Thread-111] DEBUG org.activiti.engine.impl.interceptor.LogInterceptor  - --- AcquireTimerJobsCmd finished --------------------------------------------------------
10:47:52,035 [Thread-111] DEBUG org.activiti.engine.impl.interceptor.LogInterceptor  - 

10:47:52,035 [Thread-111] DEBUG org.activiti.engine.impl.asyncexecutor.AcquireTimerJobsRunnable  - timer job acquisition thread sleeping for 50 millis
10:47:52,034 [Thread-102] DEBUG org.activiti.engine.impl.persistence.entity.JobEntity.selectNextTimerJobsToExecute  - ==&gt; Parameters: 2023-03-20 10:48:50.669(Timestamp), 2023-03-20 10:48:50.669(Timestamp), 1(Integer), 0(Integer)
10:47:52,034 [Thread-103] DEBUG org.activiti.engine.impl.persistence.entity.JobEntity.selectAsyncJobsDueToExecute  - ==&gt; Parameters: 2023-03-20 10:48:50.669(Timestamp), 2023-03-20 10:48:50.669(Timestamp), 1(Integer), 0(Integer)
10:47:52,034 [Thread-106] DEBUG org.apache.ibatis.datasource.pooled.PooledDataSource  - Checked out connection 996762054 from pool.
10:47:52,035 [Thread-106] DEBUG org.apache.ibatis.transaction.jdbc.JdbcTransaction  - Setting autocommit to false on JDBC Connection [conn65: url=jdbc:h2:mem:activiti-AsyncExecutorTest user=SA]
10:47:52,035 [Thread-106] DEBUG org.activiti.engine.impl.persistence.entity.JobEntity.selectAsyncJobsDueToExecute  - ==&gt;  Preparing: select RES.* from ACT_RU_JOB RES LEFT OUTER JOIN ACT_RU_EXECUTION PI ON PI.ID_ = RES.PROCESS_INSTANCE_ID_ where RES.RETRIES_ &gt; 0 and RES.DUEDATE_ is not null and RES.DUEDATE_ &lt;= ? and (RES.LOCK_EXP_TIME_ is null or RES.LOCK_EXP_TIME_ &lt;= ?) and TYPE_ = &apos;message&apos; and ( (RES.EXECUTION_ID_ is null) or (PI.SUSPENSION_STATE_ = 1) ) LIMIT ? OFFSET ? 
10:47:52,035 [Thread-106] DEBUG org.activiti.engine.impl.persistence.entity.JobEntity.selectAsyncJobsDueToExecute  - ==&gt; Parameters: 2023-03-20 10:48:50.669(Timestamp), 2023-03-20 10:48:50.669(Timestamp), 1(Integer), 0(Integer)
10:47:52,035 [Thread-106] DEBUG org.activiti.engine.impl.persistence.entity.JobEntity.selectAsyncJobsDueToExecute  - &lt;==      Total: 0
10:47:52,035 [Thread-106] DEBUG org.activiti.engine.impl.db.DbSqlSession  - flush summary: 0 insert, 0 update, 0 delete.
10:47:52,035 [Thread-106] DEBUG org.activiti.engine.impl.db.DbSqlSession  - now executing flush...
10:47:52,035 [Thread-106] DEBUG org.activiti.engine.impl.cfg.standalone.StandaloneMybatisTransactionContext  - firing event committing...
10:47:52,035 [Thread-106] DEBUG org.activiti.engine.impl.cfg.standalone.StandaloneMybatisTransactionContext  - committing the ibatis sql session...
10:47:52,035 [Thread-106] DEBUG org.activiti.engine.impl.cfg.standalone.StandaloneMybatisTransactionContext  - firing event committed...
10:47:52,035 [Thread-106] DEBUG org.apache.ibatis.transaction.jdbc.JdbcTransaction  - Resetting autocommit to true on JDBC Connection [conn65: url=jdbc:h2:mem:activiti-AsyncExecutorTest user=SA]
10:47:52,035 [Thread-106] DEBUG org.apache.ibatis.transaction.jdbc.JdbcTransaction  - Closing JDBC Connection [conn65: url=jdbc:h2:mem:activiti-AsyncExecutorTest user=SA]
10:47:52,035 [Thread-103] DEBUG org.activiti.engine.impl.persistence.entity.JobEntity.selectAsyncJobsDueToExecute  - &lt;==      Total: 0
10:47:52,036 [Thread-103] DEBUG org.activiti.engine.impl.db.DbSqlSession  - flush summary: 0 insert, 0 update, 0 delete.
10:47:52,036 [Thread-103] DEBUG org.activiti.engine.impl.db.DbSqlSession  - now executing flush...
10:47:52,036 [Thread-103] DEBUG org.activiti.engine.impl.cfg.standalone.StandaloneMybatisTransactionContext  - firing event committing...
10:47:52,036 [Thread-103] DEBUG org.activiti.engine.impl.cfg.standalone.StandaloneMybatisTransactionContext  - committing the ibatis sql session...
10:47:52,036 [Thread-103] DEBUG org.activiti.engine.impl.cfg.standalone.StandaloneMybatisTransactionContext  - firing event committed...
10:47:52,035 [Thread-102] DEBUG org.activiti.engine.impl.persistence.entity.JobEntity.selectNextTimerJobsToExecute  - &lt;==      Total: 0
10:47:52,036 [Thread-102] DEBUG org.activiti.engine.impl.db.DbSqlSession  - flush summary: 0 insert, 0 update, 0 delete.
10:47:52,036 [Thread-102] DEBUG org.activiti.engine.impl.db.DbSqlSession  - now executing flush...
10:47:52,036 [Thread-102] DEBUG org.activiti.engine.impl.cfg.standalone.StandaloneMybatisTransactionContext  - firing event committing...
10:47:52,036 [Thread-102] DEBUG org.activiti.engine.impl.cfg.standalone.StandaloneMybatisTransactionContext  - committing the ibatis sql session...
10:47:52,036 [Thread-102] DEBUG org.activiti.engine.impl.cfg.standalone.StandaloneMybatisTransactionContext  - firing event committed...
10:47:52,036 [Thread-102] DEBUG org.apache.ibatis.transaction.jdbc.JdbcTransaction  - Resetting autocommit to true on JDBC Connection [conn60: url=jdbc:h2:mem:activiti-AsyncExecutorTest user=SA]
10:47:52,036 [Thread-102] DEBUG org.apache.ibatis.transaction.jdbc.JdbcTransaction  - Closing JDBC Connection [conn60: url=jdbc:h2:mem:activiti-AsyncExecutorTest user=SA]
10:47:52,036 [Thread-102] DEBUG org.apache.ibatis.datasource.pooled.PooledDataSource  - Returned connection 33534803 to pool.
10:47:52,036 [Thread-102] DEBUG org.activiti.engine.impl.interceptor.LogInterceptor  - --- AcquireTimerJobsCmd finished --------------------------------------------------------
10:47:52,036 [Thread-102] DEBUG org.activiti.engine.impl.interceptor.LogInterceptor  - 

10:47:52,035 [Thread-105] DEBUG org.apache.ibatis.transaction.jdbc.JdbcTransaction  - Opening JDBC Connection
10:47:52,036 [Thread-102] DEBUG org.activiti.engine.impl.asyncexecutor.AcquireTimerJobsRunnable  - timer job acquisition thread sleeping for 50 millis
10:47:52,036 [Thread-103] DEBUG org.apache.ibatis.transaction.jdbc.JdbcTransaction  - Resetting autocommit to true on JDBC Connection [conn61: url=jdbc:h2:mem:activiti-AsyncExecutorTest user=SA]
10:47:52,036 [Thread-103] DEBUG org.apache.ibatis.transaction.jdbc.JdbcTransaction  - Closing JDBC Connection [conn61: url=jdbc:h2:mem:activiti-AsyncExecutorTest user=SA]
10:47:52,036 [Thread-103] DEBUG org.apache.ibatis.datasource.pooled.PooledDataSource  - Returned connection 157985567 to pool.
10:47:52,036 [Thread-103] DEBUG org.activiti.engine.impl.interceptor.LogInterceptor  - --- AcquireAsyncJobsDueCmd finished --------------------------------------------------------
10:47:52,036 [Thread-103] DEBUG org.activiti.engine.impl.interceptor.LogInterceptor  - 

10:47:52,036 [Thread-103] DEBUG org.activiti.engine.impl.asyncexecutor.AcquireAsyncJobsDueRunnable  - async job acquisition thread sleeping for 50 millis
10:47:52,035 [Thread-106] DEBUG org.apache.ibatis.datasource.pooled.PooledDataSource  - Returned connection 996762054 to pool.
10:47:52,036 [Thread-106] DEBUG org.activiti.engine.impl.interceptor.LogInterceptor  - --- AcquireAsyncJobsDueCmd finished --------------------------------------------------------
10:47:52,036 [Thread-106] DEBUG org.activiti.engine.impl.interceptor.LogInterceptor  - 

10:47:52,036 [Thread-106] DEBUG org.activiti.engine.impl.asyncexecutor.AcquireAsyncJobsDueRunnable  - async job acquisition thread sleeping for 50 millis
10:47:52,036 [Thread-105] DEBUG org.apache.ibatis.datasource.pooled.PooledDataSource  - Checked out connection 54468349 from pool.
10:47:52,036 [Thread-105] DEBUG org.apache.ibatis.transaction.jdbc.JdbcTransaction  - Setting autocommit to false on JDBC Connection [conn64: url=jdbc:h2:mem:activiti-AsyncExecutorTest user=SA]
10:47:52,037 [Thread-105] DEBUG org.activiti.engine.impl.persistence.entity.JobEntity.selectNextTimerJobsToExecute  - ==&gt;  Preparing: select RES.* from ACT_RU_JOB RES LEFT OUTER JOIN ACT_RU_EXECUTION PI ON PI.ID_ = RES.PROCESS_INSTANCE_ID_ where (RES.RETRIES_ &gt; 0) and (RES.DUEDATE_ is null or RES.DUEDATE_ &lt;= ?) and (RES.LOCK_OWNER_ is null or RES.LOCK_EXP_TIME_ &lt;= ?) and TYPE_ = &apos;timer&apos; and ( (RES.EXECUTION_ID_ is null) or (PI.SUSPENSION_STATE_ = 1) ) LIMIT ? OFFSET ? 
10:47:52,037 [Thread-105] DEBUG org.activiti.engine.impl.persistence.entity.JobEntity.selectNextTimerJobsToExecute  - ==&gt; Parameters: 2023-03-20 10:48:50.669(Timestamp), 2023-03-20 10:48:50.669(Timestamp), 1(Integer), 0(Integer)
10:47:52,037 [Thread-105] DEBUG org.activiti.engine.impl.persistence.entity.JobEntity.selectNextTimerJobsToExecute  - &lt;==      Total: 0
10:47:52,037 [Thread-105] DEBUG org.activiti.engine.impl.db.DbSqlSession  - flush summary: 0 insert, 0 update, 0 delete.
10:47:52,037 [Thread-105] DEBUG org.activiti.engine.impl.db.DbSqlSession  - now executing flush...
10:47:52,037 [Thread-105] DEBUG org.activiti.engine.impl.cfg.standalone.StandaloneMybatisTransactionContext  - firing event committing...
10:47:52,037 [Thread-105] DEBUG org.activiti.engine.impl.cfg.standalone.StandaloneMybatisTransactionContext  - committing the ibatis sql session...
10:47:52,037 [Thread-105] DEBUG org.activiti.engine.impl.cfg.standalone.StandaloneMybatisTransactionContext  - firing event committed...
10:47:52,037 [Thread-105] DEBUG org.apache.ibatis.transaction.jdbc.JdbcTransaction  - Resetting autocommit to true on JDBC Connection [conn64: url=jdbc:h2:mem:activiti-AsyncExecutorTest user=SA]
10:47:52,037 [Thread-105] DEBUG org.apache.ibatis.transaction.jdbc.JdbcTransaction  - Closing JDBC Connection [conn64: url=jdbc:h2:mem:activiti-AsyncExecutorTest user=SA]
10:47:52,037 [Thread-105] DEBUG org.apache.ibatis.datasource.pooled.PooledDataSource  - Returned connection 54468349 to pool.
10:47:52,037 [Thread-105] DEBUG org.activiti.engine.impl.interceptor.LogInterceptor  - --- AcquireTimerJobsCmd finished --------------------------------------------------------
10:47:52,037 [Thread-105] DEBUG org.activiti.engine.impl.interceptor.LogInterceptor  - 

10:47:52,037 [Thread-105] DEBUG org.activiti.engine.impl.asyncexecutor.AcquireTimerJobsRunnable  - timer job acquisition thread sleeping for 50 millis
10:47:52,082 [Thread-112] DEBUG org.activiti.engine.impl.asyncexecutor.AcquireAsyncJobsDueRunnable  - async job acquisition thread woke up
10:47:52,082 [Thread-112] DEBUG org.activiti.engine.impl.interceptor.LogInterceptor  - 

10:47:52,082 [Thread-112] DEBUG org.activiti.engine.impl.interceptor.LogInterceptor  - --- starting AcquireAsyncJobsDueCmd --------------------------------------------------------
10:47:52,082 [Thread-112] DEBUG org.apache.ibatis.transaction.jdbc.JdbcTransaction  - Opening JDBC Connection
10:47:52,082 [Thread-112] DEBUG org.apache.ibatis.datasource.pooled.PooledDataSource  - Checked out connection 58501658 from pool.
10:47:52,082 [Thread-112] DEBUG org.apache.ibatis.transaction.jdbc.JdbcTransaction  - Setting autocommit to false on JDBC Connection [conn68: url=jdbc:h2:mem:activiti-AsyncExecutorTest user=SA]
10:47:52,082 [Thread-112] DEBUG org.activiti.engine.impl.persistence.entity.JobEntity.selectAsyncJobsDueToExecute  - ==&gt;  Preparing: select RES.* from ACT_RU_JOB RES LEFT OUTER JOIN ACT_RU_EXECUTION PI ON PI.ID_ = RES.PROCESS_INSTANCE_ID_ where RES.RETRIES_ &gt; 0 and RES.DUEDATE_ is not null and RES.DUEDATE_ &lt;= ? and (RES.LOCK_EXP_TIME_ is null or RES.LOCK_EXP_TIME_ &lt;= ?) and TYPE_ = &apos;message&apos; and ( (RES.EXECUTION_ID_ is null) or (PI.SUSPENSION_STATE_ = 1) ) LIMIT ? OFFSET ? 
10:47:52,082 [Thread-112] DEBUG org.activiti.engine.impl.persistence.entity.JobEntity.selectAsyncJobsDueToExecute  - ==&gt; Parameters: 2023-03-20 10:48:50.669(Timestamp), 2023-03-20 10:48:50.669(Timestamp), 1(Integer), 0(Integer)
10:47:52,082 [Thread-112] DEBUG org.activiti.engine.impl.persistence.entity.JobEntity.selectAsyncJobsDueToExecute  - &lt;==      Total: 0
10:47:52,082 [Thread-112] DEBUG org.activiti.engine.impl.db.DbSqlSession  - flush summary: 0 insert, 0 update, 0 delete.
10:47:52,083 [Thread-112] DEBUG org.activiti.engine.impl.db.DbSqlSession  - now executing flush...
10:47:52,083 [Thread-112] DEBUG org.activiti.engine.impl.cfg.standalone.StandaloneMybatisTransactionContext  - firing event committing...
10:47:52,083 [Thread-112] DEBUG org.activiti.engine.impl.cfg.standalone.StandaloneMybatisTransactionContext  - committing the ibatis sql session...
10:47:52,083 [Thread-112] DEBUG org.activiti.engine.impl.cfg.standalone.StandaloneMybatisTransactionContext  - firing event committed...
10:47:52,083 [Thread-112] DEBUG org.apache.ibatis.transaction.jdbc.JdbcTransaction  - Resetting autocommit to true on JDBC Connection [conn68: url=jdbc:h2:mem:activiti-AsyncExecutorTest user=SA]
10:47:52,083 [Thread-112] DEBUG org.apache.ibatis.transaction.jdbc.JdbcTransaction  - Closing JDBC Connection [conn68: url=jdbc:h2:mem:activiti-AsyncExecutorTest user=SA]
10:47:52,083 [Thread-112] DEBUG org.apache.ibatis.datasource.pooled.PooledDataSource  - Returned connection 58501658 to pool.
10:47:52,083 [Thread-112] DEBUG org.activiti.engine.impl.interceptor.LogInterceptor  - --- AcquireAsyncJobsDueCmd finished --------------------------------------------------------
10:47:52,083 [Thread-112] DEBUG org.activiti.engine.impl.interceptor.LogInterceptor  - 

10:47:52,083 [Thread-112] DEBUG org.activiti.engine.impl.asyncexecutor.AcquireAsyncJobsDueRunnable  - async job acquisition thread sleeping for 50 millis
10:47:52,097 [Thread-103] DEBUG org.activiti.engine.impl.asyncexecutor.AcquireAsyncJobsDueRunnable  - async job acquisition thread woke up
10:47:52,097 [Thread-103] DEBUG org.activiti.engine.impl.interceptor.LogInterceptor  - 

10:47:52,097 [Thread-103] DEBUG org.activiti.engine.impl.interceptor.LogInterceptor  - --- starting AcquireAsyncJobsDueCmd --------------------------------------------------------
10:47:52,097 [Thread-102] DEBUG org.activiti.engine.impl.asyncexecutor.AcquireTimerJobsRunnable  - timer job acquisition thread woke up
10:47:52,097 [Thread-102] DEBUG org.activiti.engine.impl.interceptor.LogInterceptor  - 

10:47:52,097 [Thread-105] DEBUG org.activiti.engine.impl.asyncexecutor.AcquireTimerJobsRunnable  - timer job acquisition thread woke up
10:47:52,097 [Thread-105] DEBUG org.activiti.engine.impl.interceptor.LogInterceptor  - 

10:47:52,097 [Thread-105] DEBUG org.activiti.engine.impl.interceptor.LogInterceptor  - --- starting AcquireTimerJobsCmd --------------------------------------------------------
10:47:52,097 [main] DEBUG org.activiti.engine.impl.interceptor.LogInterceptor  - 

10:47:52,097 [main] DEBUG org.activiti.engine.impl.interceptor.LogInterceptor  - --- starting JobQueryImpl --------------------------------------------------------
10:47:52,097 [Thread-106] DEBUG org.activiti.engine.impl.asyncexecutor.AcquireAsyncJobsDueRunnable  - async job acquisition thread woke up
10:47:52,097 [main] DEBUG org.apache.ibatis.transaction.jdbc.JdbcTransaction  - Opening JDBC Connection
10:47:52,097 [main] DEBUG org.apache.ibatis.datasource.pooled.PooledDataSource  - Checked out connection 180014677 from pool.
10:47:52,097 [main] DEBUG org.apache.ibatis.transaction.jdbc.JdbcTransaction  - Setting autocommit to false on JDBC Connection [conn3: url=jdbc:h2:mem:activiti user=SA]
10:47:52,097 [main] DEBUG org.activiti.engine.impl.persistence.entity.JobEntity.selectJobByQueryCriteria  - ==&gt;  Preparing: select RES.* from ACT_RU_JOB RES order by order by RES.ID_ asc LIMIT ? OFFSET ? 
10:47:52,097 [Thread-111] DEBUG org.activiti.engine.impl.asyncexecutor.AcquireTimerJobsRunnable  - timer job acquisition thread woke up
10:47:52,097 [Thread-111] DEBUG org.activiti.engine.impl.interceptor.LogInterceptor  - 

10:47:52,097 [Thread-111] DEBUG org.activiti.engine.impl.interceptor.LogInterceptor  - --- starting AcquireTimerJobsCmd --------------------------------------------------------
10:47:52,097 [Thread-106] DEBUG org.activiti.engine.impl.interceptor.LogInterceptor  - 

10:47:52,098 [Thread-106] DEBUG org.activiti.engine.impl.interceptor.LogInterceptor  - --- starting AcquireAsyncJobsDueCmd --------------------------------------------------------
10:47:52,098 [Thread-106] DEBUG org.apache.ibatis.transaction.jdbc.JdbcTransaction  - Opening JDBC Connection
10:47:52,098 [Thread-106] DEBUG org.apache.ibatis.datasource.pooled.PooledDataSource  - Checked out connection 1970103261 from pool.
10:47:52,098 [Thread-106] DEBUG org.apache.ibatis.transaction.jdbc.JdbcTransaction  - Setting autocommit to false on JDBC Connection [conn63: url=jdbc:h2:mem:activiti-AsyncExecutorTest user=SA]
10:47:52,098 [Thread-106] DEBUG org.activiti.engine.impl.persistence.entity.JobEntity.selectAsyncJobsDueToExecute  - ==&gt;  Preparing: select RES.* from ACT_RU_JOB RES LEFT OUTER JOIN ACT_RU_EXECUTION PI ON PI.ID_ = RES.PROCESS_INSTANCE_ID_ where RES.RETRIES_ &gt; 0 and RES.DUEDATE_ is not null and RES.DUEDATE_ &lt;= ? and (RES.LOCK_EXP_TIME_ is null or RES.LOCK_EXP_TIME_ &lt;= ?) and TYPE_ = &apos;message&apos; and ( (RES.EXECUTION_ID_ is null) or (PI.SUSPENSION_STATE_ = 1) ) LIMIT ? OFFSET ? 
10:47:52,097 [Thread-105] DEBUG org.apache.ibatis.transaction.jdbc.JdbcTransaction  - Opening JDBC Connection
10:47:52,098 [Thread-105] DEBUG org.apache.ibatis.datasource.pooled.PooledDataSource  - Checked out connection 996762054 from pool.
10:47:52,098 [Thread-105] DEBUG org.apache.ibatis.transaction.jdbc.JdbcTransaction  - Setting autocommit to false on JDBC Connection [conn65: url=jdbc:h2:mem:activiti-AsyncExecutorTest user=SA]
10:47:52,097 [Thread-102] DEBUG org.activiti.engine.impl.interceptor.LogInterceptor  - --- starting AcquireTimerJobsCmd --------------------------------------------------------
10:47:52,098 [Thread-102] DEBUG org.apache.ibatis.transaction.jdbc.JdbcTransaction  - Opening JDBC Connection
10:47:52,098 [Thread-102] DEBUG org.apache.ibatis.datasource.pooled.PooledDataSource  - Checked out connection 720039383 from pool.
10:47:52,098 [Thread-102] DEBUG org.apache.ibatis.transaction.jdbc.JdbcTransaction  - Setting autocommit to false on JDBC Connection [conn59: url=jdbc:h2:mem:activiti-AsyncExecutorTest user=SA]
10:47:52,098 [Thread-102] DEBUG org.activiti.engine.impl.persistence.entity.JobEntity.selectNextTimerJobsToExecute  - ==&gt;  Preparing: select RES.* from ACT_RU_JOB RES LEFT OUTER JOIN ACT_RU_EXECUTION PI ON PI.ID_ = RES.PROCESS_INSTANCE_ID_ where (RES.RETRIES_ &gt; 0) and (RES.DUEDATE_ is null or RES.DUEDATE_ &lt;= ?) and (RES.LOCK_OWNER_ is null or RES.LOCK_EXP_TIME_ &lt;= ?) and TYPE_ = &apos;timer&apos; and ( (RES.EXECUTION_ID_ is null) or (PI.SUSPENSION_STATE_ = 1) ) LIMIT ? OFFSET ? 
10:47:52,098 [Thread-102] DEBUG org.activiti.engine.impl.persistence.entity.JobEntity.selectNextTimerJobsToExecute  - ==&gt; Parameters: 2023-03-20 10:48:50.669(Timestamp), 2023-03-20 10:48:50.669(Timestamp), 1(Integer), 0(Integer)
10:47:52,098 [Thread-102] DEBUG org.activiti.engine.impl.persistence.entity.JobEntity.selectNextTimerJobsToExecute  - &lt;==      Total: 0
10:47:52,098 [Thread-102] DEBUG org.activiti.engine.impl.db.DbSqlSession  - flush summary: 0 insert, 0 update, 0 delete.
10:47:52,098 [Thread-102] DEBUG org.activiti.engine.impl.db.DbSqlSession  - now executing flush...
10:47:52,098 [Thread-102] DEBUG org.activiti.engine.impl.cfg.standalone.StandaloneMybatisTransactionContext  - firing event committing...
10:47:52,098 [Thread-102] DEBUG org.activiti.engine.impl.cfg.standalone.StandaloneMybatisTransactionContext  - committing the ibatis sql session...
10:47:52,098 [Thread-102] DEBUG org.activiti.engine.impl.cfg.standalone.StandaloneMybatisTransactionContext  - firing event committed...
10:47:52,097 [Thread-103] DEBUG org.apache.ibatis.transaction.jdbc.JdbcTransaction  - Opening JDBC Connection
10:47:52,098 [Thread-103] DEBUG org.apache.ibatis.datasource.pooled.PooledDataSource  - Checked out connection 33534803 from pool.
10:47:52,098 [Thread-103] DEBUG org.apache.ibatis.transaction.jdbc.JdbcTransaction  - Setting autocommit to false on JDBC Connection [conn60: url=jdbc:h2:mem:activiti-AsyncExecutorTest user=SA]
10:47:52,098 [Thread-102] DEBUG org.apache.ibatis.transaction.jdbc.JdbcTransaction  - Resetting autocommit to true on JDBC Connection [conn59: url=jdbc:h2:mem:activiti-AsyncExecutorTest user=SA]
10:47:52,098 [Thread-102] DEBUG org.apache.ibatis.transaction.jdbc.JdbcTransaction  - Closing JDBC Connection [conn59: url=jdbc:h2:mem:activiti-AsyncExecutorTest user=SA]
10:47:52,098 [Thread-102] DEBUG org.apache.ibatis.datasource.pooled.PooledDataSource  - Returned connection 720039383 to pool.
10:47:52,098 [Thread-102] DEBUG org.activiti.engine.impl.interceptor.LogInterceptor  - --- AcquireTimerJobsCmd finished --------------------------------------------------------
10:47:52,098 [Thread-102] DEBUG org.activiti.engine.impl.interceptor.LogInterceptor  - 

10:47:52,098 [Thread-105] DEBUG org.activiti.engine.impl.persistence.entity.JobEntity.selectNextTimerJobsToExecute  - ==&gt;  Preparing: select RES.* from ACT_RU_JOB RES LEFT OUTER JOIN ACT_RU_EXECUTION PI ON PI.ID_ = RES.PROCESS_INSTANCE_ID_ where (RES.RETRIES_ &gt; 0) and (RES.DUEDATE_ is null or RES.DUEDATE_ &lt;= ?) and (RES.LOCK_OWNER_ is null or RES.LOCK_EXP_TIME_ &lt;= ?) and TYPE_ = &apos;timer&apos; and ( (RES.EXECUTION_ID_ is null) or (PI.SUSPENSION_STATE_ = 1) ) LIMIT ? OFFSET ? 
10:47:52,098 [Thread-105] DEBUG org.activiti.engine.impl.persistence.entity.JobEntity.selectNextTimerJobsToExecute  - ==&gt; Parameters: 2023-03-20 10:48:50.669(Timestamp), 2023-03-20 10:48:50.669(Timestamp), 1(Integer), 0(Integer)
10:47:52,098 [Thread-105] DEBUG org.activiti.engine.impl.persistence.entity.JobEntity.selectNextTimerJobsToExecute  - &lt;==      Total: 0
10:47:52,098 [Thread-105] DEBUG org.activiti.engine.impl.db.DbSqlSession  - flush summary: 0 insert, 0 update, 0 delete.
10:47:52,098 [Thread-105] DEBUG org.activiti.engine.impl.db.DbSqlSession  - now executing flush...
10:47:52,098 [Thread-105] DEBUG org.activiti.engine.impl.cfg.standalone.StandaloneMybatisTransactionContext  - firing event committing...
10:47:52,099 [Thread-105] DEBUG org.activiti.engine.impl.cfg.standalone.StandaloneMybatisTransactionContext  - committing the ibatis sql session...
10:47:52,099 [Thread-105] DEBUG org.activiti.engine.impl.cfg.standalone.StandaloneMybatisTransactionContext  - firing event committed...
10:47:52,099 [Thread-105] DEBUG org.apache.ibatis.transaction.jdbc.JdbcTransaction  - Resetting autocommit to true on JDBC Connection [conn65: url=jdbc:h2:mem:activiti-AsyncExecutorTest user=SA]
10:47:52,099 [Thread-105] DEBUG org.apache.ibatis.transaction.jdbc.JdbcTransaction  - Closing JDBC Connection [conn65: url=jdbc:h2:mem:activiti-AsyncExecutorTest user=SA]
10:47:52,099 [Thread-105] DEBUG org.apache.ibatis.datasource.pooled.PooledDataSource  - Returned connection 996762054 to pool.
10:47:52,099 [Thread-105] DEBUG org.activiti.engine.impl.interceptor.LogInterceptor  - --- AcquireTimerJobsCmd finished --------------------------------------------------------
10:47:52,099 [Thread-105] DEBUG org.activiti.engine.impl.interceptor.LogInterceptor  - 

10:47:52,099 [Thread-105] DEBUG org.activiti.engine.impl.asyncexecutor.AcquireTimerJobsRunnable  - timer job acquisition thread sleeping for 50 millis
10:47:52,098 [Thread-106] DEBUG org.activiti.engine.impl.persistence.entity.JobEntity.selectAsyncJobsDueToExecute  - ==&gt; Parameters: 2023-03-20 10:48:50.669(Timestamp), 2023-03-20 10:48:50.669(Timestamp), 1(Integer), 0(Integer)
10:47:52,099 [Thread-106] DEBUG org.activiti.engine.impl.persistence.entity.JobEntity.selectAsyncJobsDueToExecute  - &lt;==      Total: 0
10:47:52,099 [Thread-106] DEBUG org.activiti.engine.impl.db.DbSqlSession  - flush summary: 0 insert, 0 update, 0 delete.
10:47:52,098 [Thread-111] DEBUG org.apache.ibatis.transaction.jdbc.JdbcTransaction  - Opening JDBC Connection
10:47:52,099 [Thread-111] DEBUG org.apache.ibatis.datasource.pooled.PooledDataSource  - Checked out connection 1863805930 from pool.
10:47:52,099 [Thread-111] DEBUG org.apache.ibatis.transaction.jdbc.JdbcTransaction  - Setting autocommit to false on JDBC Connection [conn69: url=jdbc:h2:mem:activiti-AsyncExecutorTest user=SA]
10:47:52,097 [main] DEBUG org.activiti.engine.impl.interceptor.CommandContext  - Error while closing command context
org.apache.ibatis.exceptions.PersistenceException: 
### Error querying database.  Cause: org.h2.jdbc.JdbcSQLException: Syntax error in SQL statement &quot;SELECT RES.* 
     
    FROM ACT_RU_JOB RES
     
      
   
     ORDER BY  ORDER[*] BY RES.ID_ ASC  
    LIMIT ? OFFSET ? &quot;; expected &quot;=, NOT, EXISTS, INTERSECTS, SELECT, FROM&quot;; SQL statement:
select RES.* 
     
    from ACT_RU_JOB RES
     
      
   
     order by  order by RES.ID_ asc  
    LIMIT ? OFFSET ? [42001-176]
### The error may exist in org/activiti/db/mapping/entity/Job.xml
### The error may involve org.activiti.engine.impl.persistence.entity.JobEntity.selectJobByQueryCriteria
### The error occurred while executing a query
### SQL: select RES.*            from ACT_RU_JOB RES                       order by  order by RES.ID_ asc       LIMIT ? OFFSET ?
### Cause: org.h2.jdbc.JdbcSQLException: Syntax error in SQL statement &quot;SELECT RES.* 
     
    FROM ACT_RU_JOB RES
     
      
   
     ORDER BY  ORDER[*] BY RES.ID_ ASC  
    LIMIT ? OFFSET ? &quot;; expected &quot;=, NOT, EXISTS, INTERSECTS, SELECT, FROM&quot;; SQL statement:
select RES.* 
     
    from ACT_RU_JOB RES
     
      
   
     order by  order by RES.ID_ asc  
    LIMIT ? OFFSET ? [42001-176]
	at org.apache.ibatis.exceptions.ExceptionFactory.wrapException(ExceptionFactory.java:30)
	at org.apache.ibatis.session.defaults.DefaultSqlSession.selectList(DefaultSqlSession.java:122)
	at org.apache.ibatis.session.defaults.DefaultSqlSession.selectList(DefaultSqlSession.java:113)
	at org.activiti.engine.impl.db.DbSqlSession.selectListWithRawParameter(DbSqlSession.java:438)
	at org.activiti.engine.impl.db.DbSqlSession.selectList(DbSqlSession.java:429)
	at org.activiti.engine.impl.db.DbSqlSession.selectList(DbSqlSession.java:419)
	at org.activiti.engine.impl.persistence.entity.JobEntityManager.findJobsByQueryCriteria(JobEntityManager.java:198)
	at org.activiti.engine.impl.JobQueryImpl.executeList(JobQueryImpl.java:243)
	at org.activiti.engine.impl.AbstractQuery.execute(AbstractQuery.java:164)
	at org.activiti.engine.impl.interceptor.CommandInvoker.execute(CommandInvoker.java:24)
	at org.activiti.engine.impl.interceptor.CommandContextInterceptor.execute(CommandContextInterceptor.java:57)
	at org.activiti.engine.impl.interceptor.LogInterceptor.execute(LogInterceptor.java:37)
	at org.activiti.engine.impl.cfg.CommandExecutorImpl.execute(CommandExecutorImpl.java:40)
	at org.activiti.engine.impl.cfg.CommandExecutorImpl.execute(CommandExecutorImpl.java:35)
	at org.activiti.engine.impl.AbstractQuery.list(AbstractQuery.java:138)
	at org.activiti.engine.impl.test.JobTestHelper.areJobsAvailable(JobTestHelper.java:194)
	at org.activiti.engine.impl.test.JobTestHelper.waitForJobExecutorToProcessAllJobs(JobTestHelper.java:74)
	at org.activiti.engine.impl.test.JobTestHelper.waitForJobExecutorToProcessAllJobs(JobTestHelper.java:47)
	at org.activiti.engine.impl.test.AbstractActivitiTestCase.waitForJobExecutorToProcessAllJobs(AbstractActivitiTestCase.java:204)
	at org.activiti.engine.test.jobexecutor.JobExecutorTest.testBasicJobExecutorOperation(JobExecutorTest.java:53)
	at sun.reflect.NativeMethodAccessorImpl.invoke0(Native Method)
	at sun.reflect.NativeMethodAccessorImpl.invoke(NativeMethodAccessorImpl.java:62)
	at sun.reflect.DelegatingMethodAccessorImpl.invoke(DelegatingMethodAccessorImpl.java:43)
	at java.lang.reflect.Method.invoke(Method.java:498)
	at junit.framework.TestCase.runTest(TestCase.java:176)
	at org.activiti.engine.impl.test.PvmTestCase.runTest(PvmTestCase.java:65)
	at junit.framework.TestCase.runBare(TestCase.java:141)
	at org.activiti.engine.impl.test.AbstractActivitiTestCase.runBare(AbstractActivitiTestCase.java:100)
	at junit.framework.TestResult$1.protect(TestResult.java:122)
	at junit.framework.TestResult.runProtected(TestResult.java:142)
	at junit.framework.TestResult.run(TestResult.java:125)
	at junit.framework.TestCase.run(TestCase.java:129)
	at junit.framework.TestSuite.runTest(TestSuite.java:255)
	at junit.framework.TestSuite.run(TestSuite.java:250)
	at org.junit.internal.runners.JUnit38ClassRunner.run(JUnit38ClassRunner.java:84)
	at org.apache.maven.surefire.junit4.JUnit4TestSet.execute(JUnit4TestSet.java:35)
	at org.apache.maven.surefire.junit4.JUnit4Provider.executeTestSet(JUnit4Provider.java:146)
	at org.apache.maven.surefire.junit4.JUnit4Provider.invoke(JUnit4Provider.java:97)
	at sun.reflect.NativeMethodAccessorImpl.invoke0(Native Method)
	at sun.reflect.NativeMethodAccessorImpl.invoke(NativeMethodAccessorImpl.java:62)
	at sun.reflect.DelegatingMethodAccessorImpl.invoke(DelegatingMethodAccessorImpl.java:43)
	at java.lang.reflect.Method.invoke(Method.java:498)
	at org.apache.maven.surefire.booter.ProviderFactory$ClassLoaderProxy.invoke(ProviderFactory.java:103)
	at com.sun.proxy.$Proxy0.invoke(Unknown Source)
	at org.apache.maven.surefire.booter.SurefireStarter.invokeProvider(SurefireStarter.java:145)
	at org.apache.maven.surefire.booter.SurefireStarter.runSuitesInProcess(SurefireStarter.java:87)
	at org.apache.maven.surefire.booter.ForkedBooter.main(ForkedBooter.java:69)
Caused by: org.h2.jdbc.JdbcSQLException: Syntax error in SQL statement &quot;SELECT RES.* 
     
    FROM ACT_RU_JOB RES
     
      
   
     ORDER BY  ORDER[*] BY RES.ID_ ASC  
    LIMIT ? OFFSET ? &quot;; expected &quot;=, NOT, EXISTS, INTERSECTS, SELECT, FROM&quot;; SQL statement:
select RES.* 
     
    from ACT_RU_JOB RES
     
      
   
     order by  order by RES.ID_ asc  
    LIMIT ? OFFSET ? [42001-176]
	at org.h2.message.DbException.getJdbcSQLException(DbException.java:344)
	at org.h2.message.DbException.getSyntaxError(DbException.java:204)
	at org.h2.command.Parser.getSyntaxError(Parser.java:524)
	at org.h2.command.Parser.readTerm(Parser.java:2688)
	at org.h2.command.Parser.readFactor(Parser.java:2244)
	at org.h2.command.Parser.readSum(Parser.java:2231)
	at org.h2.command.Parser.readConcat(Parser.java:2201)
	at org.h2.command.Parser.readCondition(Parser.java:2051)
	at org.h2.command.Parser.readAnd(Parser.java:2023)
	at org.h2.command.Parser.readExpression(Parser.java:2015)
	at org.h2.command.Parser.parseEndOfQuery(Parser.java:1726)
	at org.h2.command.Parser.parseSelectUnionExtension(Parser.java:1706)
	at org.h2.command.Parser.parseSelectUnion(Parser.java:1675)
	at org.h2.command.Parser.parseSelect(Parser.java:1662)
	at org.h2.command.Parser.parsePrepared(Parser.java:434)
	at org.h2.command.Parser.parse(Parser.java:306)
	at org.h2.command.Parser.parse(Parser.java:282)
	at org.h2.command.Parser.prepareCommand(Parser.java:243)
	at org.h2.engine.Session.prepareLocal(Session.java:442)
	at org.h2.engine.Session.prepareCommand(Session.java:384)
	at org.h2.jdbc.JdbcConnection.prepareCommand(JdbcConnection.java:1188)
	at org.h2.jdbc.JdbcPreparedStatement.&lt;init&gt;(JdbcPreparedStatement.java:73)
	at org.h2.jdbc.JdbcConnection.prepareStatement(JdbcConnection.java:276)
	at sun.reflect.GeneratedMethodAccessor6.invoke(Unknown Source)
	at sun.reflect.DelegatingMethodAccessorImpl.invoke(DelegatingMethodAccessorImpl.java:43)
	at java.lang.reflect.Method.invoke(Method.java:498)
	at org.apache.ibatis.datasource.pooled.PooledConnection.invoke(PooledConnection.java:245)
	at com.sun.proxy.$Proxy12.prepareStatement(Unknown Source)
	at sun.reflect.GeneratedMethodAccessor6.invoke(Unknown Source)
	at sun.reflect.DelegatingMethodAccessorImpl.invoke(DelegatingMethodAccessorImpl.java:43)
	at java.lang.reflect.Method.invoke(Method.java:498)
	at org.apache.ibatis.logging.jdbc.ConnectionLogger.invoke(ConnectionLogger.java:55)
	at com.sun.proxy.$Proxy12.prepareStatement(Unknown Source)
	at org.apache.ibatis.executor.statement.PreparedStatementHandler.instantiateStatement(PreparedStatementHandler.java:79)
	at org.apache.ibatis.executor.statement.BaseStatementHandler.prepare(BaseStatementHandler.java:88)
	at org.apache.ibatis.executor.statement.RoutingStatementHandler.prepare(RoutingStatementHandler.java:58)
	at org.apache.ibatis.executor.SimpleExecutor.prepareStatement(SimpleExecutor.java:76)
	at org.apache.ibatis.executor.SimpleExecutor.doQuery(SimpleExecutor.java:61)
	at org.apache.ibatis.executor.BaseExecutor.queryFromDatabase(BaseExecutor.java:303)
	at org.apache.ibatis.executor.BaseExecutor.query(BaseExecutor.java:154)
	at org.apache.ibatis.executor.CachingExecutor.query(CachingExecutor.java:102)
	at org.apache.ibatis.executor.CachingExecutor.query(CachingExecutor.java:82)
	at org.apache.ibatis.session.defaults.DefaultSqlSession.selectList(DefaultSqlSession.java:120)
	... 45 more
10:47:52,099 [main] DEBUG org.activiti.engine.impl.cfg.standalone.StandaloneMybatisTransactionContext  - firing event rolling back...
10:47:52,099 [main] DEBUG org.activiti.engine.impl.cfg.standalone.StandaloneMybatisTransactionContext  - rolling back ibatis sql session...
10:47:52,099 [main] DEBUG org.activiti.engine.impl.cfg.standalone.StandaloneMybatisTransactionContext  - firing event rolled back...
10:47:52,099 [main] DEBUG org.apache.ibatis.transaction.jdbc.JdbcTransaction  - Resetting autocommit to true on JDBC Connection [conn3: url=jdbc:h2:mem:activiti user=SA]
10:47:52,099 [main] DEBUG org.apache.ibatis.transaction.jdbc.JdbcTransaction  - Closing JDBC Connection [conn3: url=jdbc:h2:mem:activiti user=SA]
10:47:52,099 [main] DEBUG org.apache.ibatis.datasource.pooled.PooledDataSource  - Returned connection 180014677 to pool.
10:47:52,099 [main] DEBUG org.activiti.engine.impl.interceptor.LogInterceptor  - --- JobQueryImpl finished --------------------------------------------------------
10:47:52,099 [main] DEBUG org.activiti.engine.impl.interceptor.LogInterceptor  - 

10:47:52,099 [Thread-111] DEBUG org.activiti.engine.impl.persistence.entity.JobEntity.selectNextTimerJobsToExecute  - ==&gt;  Preparing: select RES.* from ACT_RU_JOB RES LEFT OUTER JOIN ACT_RU_EXECUTION PI ON PI.ID_ = RES.PROCESS_INSTANCE_ID_ where (RES.RETRIES_ &gt; 0) and (RES.DUEDATE_ is null or RES.DUEDATE_ &lt;= ?) and (RES.LOCK_OWNER_ is null or RES.LOCK_EXP_TIME_ &lt;= ?) and TYPE_ = &apos;timer&apos; and ( (RES.EXECUTION_ID_ is null) or (PI.SUSPENSION_STATE_ = 1) ) LIMIT ? OFFSET ? 
10:47:52,099 [Thread-111] DEBUG org.activiti.engine.impl.persistence.entity.JobEntity.selectNextTimerJobsToExecute  - ==&gt; Parameters: 2023-03-20 10:48:50.669(Timestamp), 2023-03-20 10:48:50.669(Timestamp), 1(Integer), 0(Integer)
10:47:52,099 [Thread-106] DEBUG org.activiti.engine.impl.db.DbSqlSession  - now executing flush...
10:47:52,100 [Thread-106] DEBUG org.activiti.engine.impl.cfg.standalone.StandaloneMybatisTransactionContext  - firing event committing...
10:47:52,100 [Thread-106] DEBUG org.activiti.engine.impl.cfg.standalone.StandaloneMybatisTransactionContext  - committing the ibatis sql session...
10:47:52,100 [Thread-106] DEBUG org.activiti.engine.impl.cfg.standalone.StandaloneMybatisTransactionContext  - firing event committed...
10:47:52,100 [Thread-106] DEBUG org.apache.ibatis.transaction.jdbc.JdbcTransaction  - Resetting autocommit to true on JDBC Connection [conn63: url=jdbc:h2:mem:activiti-AsyncExecutorTest user=SA]
10:47:52,100 [Thread-106] DEBUG org.apache.ibatis.transaction.jdbc.JdbcTransaction  - Closing JDBC Connection [conn63: url=jdbc:h2:mem:activiti-AsyncExecutorTest user=SA]
10:47:52,100 [Thread-106] DEBUG org.apache.ibatis.datasource.pooled.PooledDataSource  - Returned connection 1970103261 to pool.
10:47:52,100 [Thread-106] DEBUG org.activiti.engine.impl.interceptor.LogInterceptor  - --- AcquireAsyncJobsDueCmd finished --------------------------------------------------------
10:47:52,100 [Thread-106] DEBUG org.activiti.engine.impl.interceptor.LogInterceptor  - 

10:47:52,100 [Thread-106] DEBUG org.activiti.engine.impl.asyncexecutor.AcquireAsyncJobsDueRunnable  - async job acquisition thread sleeping for 50 millis
10:47:52,098 [Thread-102] DEBUG org.activiti.engine.impl.asyncexecutor.AcquireTimerJobsRunnable  - timer job acquisition thread sleeping for 50 millis
10:47:52,098 [Thread-103] DEBUG org.activiti.engine.impl.persistence.entity.JobEntity.selectAsyncJobsDueToExecute  - ==&gt;  Preparing: select RES.* from ACT_RU_JOB RES LEFT OUTER JOIN ACT_RU_EXECUTION PI ON PI.ID_ = RES.PROCESS_INSTANCE_ID_ where RES.RETRIES_ &gt; 0 and RES.DUEDATE_ is not null and RES.DUEDATE_ &lt;= ? and (RES.LOCK_EXP_TIME_ is null or RES.LOCK_EXP_TIME_ &lt;= ?) and TYPE_ = &apos;message&apos; and ( (RES.EXECUTION_ID_ is null) or (PI.SUSPENSION_STATE_ = 1) ) LIMIT ? OFFSET ? 
10:47:52,100 [Thread-103] DEBUG org.activiti.engine.impl.persistence.entity.JobEntity.selectAsyncJobsDueToExecute  - ==&gt; Parameters: 2023-03-20 10:48:50.669(Timestamp), 2023-03-20 10:48:50.669(Timestamp), 1(Integer), 0(Integer)
10:47:52,100 [Thread-103] DEBUG org.activiti.engine.impl.persistence.entity.JobEntity.selectAsyncJobsDueToExecute  - &lt;==      Total: 0
10:47:52,100 [Thread-103] DEBUG org.activiti.engine.impl.db.DbSqlSession  - flush summary: 0 insert, 0 update, 0 delete.
10:47:52,100 [Thread-103] DEBUG org.activiti.engine.impl.db.DbSqlSession  - now executing flush...
10:47:52,100 [Thread-103] DEBUG org.activiti.engine.impl.cfg.standalone.StandaloneMybatisTransactionContext  - firing event committing...
10:47:52,100 [Thread-103] DEBUG org.activiti.engine.impl.cfg.standalone.StandaloneMybatisTransactionContext  - committing the ibatis sql session...
10:47:52,100 [Thread-103] DEBUG org.activiti.engine.impl.cfg.standalone.StandaloneMybatisTransactionContext  - firing event committed...
10:47:52,100 [Thread-103] DEBUG org.apache.ibatis.transaction.jdbc.JdbcTransaction  - Resetting autocommit to true on JDBC Connection [conn60: url=jdbc:h2:mem:activiti-AsyncExecutorTest user=SA]
10:47:52,100 [Thread-103] DEBUG org.apache.ibatis.transaction.jdbc.JdbcTransaction  - Closing JDBC Connection [conn60: url=jdbc:h2:mem:activiti-AsyncExecutorTest user=SA]
10:47:52,100 [Thread-103] DEBUG org.apache.ibatis.datasource.pooled.PooledDataSource  - Returned connection 33534803 to pool.
10:47:52,100 [Thread-103] DEBUG org.activiti.engine.impl.interceptor.LogInterceptor  - --- AcquireAsyncJobsDueCmd finished --------------------------------------------------------
10:47:52,100 [Thread-103] DEBUG org.activiti.engine.impl.interceptor.LogInterceptor  - 

10:47:52,100 [Thread-103] DEBUG org.activiti.engine.impl.asyncexecutor.AcquireAsyncJobsDueRunnable  - async job acquisition thread sleeping for 50 millis
10:47:52,100 [Thread-111] DEBUG org.activiti.engine.impl.persistence.entity.JobEntity.selectNextTimerJobsToExecute  - &lt;==      Total: 0
10:47:52,100 [Thread-111] DEBUG org.activiti.engine.impl.db.DbSqlSession  - flush summary: 0 insert, 0 update, 0 delete.
10:47:52,100 [Thread-111] DEBUG org.activiti.engine.impl.db.DbSqlSession  - now executing flush...
10:47:52,100 [Thread-111] DEBUG org.activiti.engine.impl.cfg.standalone.StandaloneMybatisTransactionContext  - firing event committing...
10:47:52,100 [Thread-111] DEBUG org.activiti.engine.impl.cfg.standalone.StandaloneMybatisTransactionContext  - committing the ibatis sql session...
10:47:52,100 [Thread-111] DEBUG org.activiti.engine.impl.cfg.standalone.StandaloneMybatisTransactionContext  - firing event committed...
10:47:52,100 [Thread-111] DEBUG org.apache.ibatis.transaction.jdbc.JdbcTransaction  - Resetting autocommit to true on JDBC Connection [conn69: url=jdbc:h2:mem:activiti-AsyncExecutorTest user=SA]
10:47:52,100 [Thread-111] DEBUG org.apache.ibatis.transaction.jdbc.JdbcTransaction  - Closing JDBC Connection [conn69: url=jdbc:h2:mem:activiti-AsyncExecutorTest user=SA]
10:47:52,100 [Thread-111] DEBUG org.apache.ibatis.datasource.pooled.PooledDataSource  - Returned connection 1863805930 to pool.
10:47:52,100 [Thread-111] DEBUG org.activiti.engine.impl.interceptor.LogInterceptor  - --- AcquireTimerJobsCmd finished --------------------------------------------------------
10:47:52,100 [Thread-111] DEBUG org.activiti.engine.impl.interceptor.LogInterceptor  - 

10:47:52,100 [Thread-111] DEBUG org.activiti.engine.impl.asyncexecutor.AcquireTimerJobsRunnable  - timer job acquisition thread sleeping for 50 millis
10:47:52,145 [Thread-112] DEBUG org.activiti.engine.impl.asyncexecutor.AcquireAsyncJobsDueRunnable  - async job acquisition thread woke up
10:47:52,145 [Thread-112] DEBUG org.activiti.engine.impl.interceptor.LogInterceptor  - 

10:47:52,145 [Thread-112] DEBUG org.activiti.engine.impl.interceptor.LogInterceptor  - --- starting AcquireAsyncJobsDueCmd --------------------------------------------------------
10:47:52,145 [Thread-112] DEBUG org.apache.ibatis.transaction.jdbc.JdbcTransaction  - Opening JDBC Connection
10:47:52,145 [Thread-112] DEBUG org.apache.ibatis.datasource.pooled.PooledDataSource  - Checked out connection 604408605 from pool.
10:47:52,145 [Thread-112] DEBUG org.apache.ibatis.transaction.jdbc.JdbcTransaction  - Setting autocommit to false on JDBC Connection [conn70: url=jdbc:h2:mem:activiti-AsyncExecutorTest user=SA]
10:47:52,145 [Thread-112] DEBUG org.activiti.engine.impl.persistence.entity.JobEntity.selectAsyncJobsDueToExecute  - ==&gt;  Preparing: select RES.* from ACT_RU_JOB RES LEFT OUTER JOIN ACT_RU_EXECUTION PI ON PI.ID_ = RES.PROCESS_INSTANCE_ID_ where RES.RETRIES_ &gt; 0 and RES.DUEDATE_ is not null and RES.DUEDATE_ &lt;= ? and (RES.LOCK_EXP_TIME_ is null or RES.LOCK_EXP_TIME_ &lt;= ?) and TYPE_ = &apos;message&apos; and ( (RES.EXECUTION_ID_ is null) or (PI.SUSPENSION_STATE_ = 1) ) LIMIT ? OFFSET ? 
10:47:52,145 [Thread-112] DEBUG org.activiti.engine.impl.persistence.entity.JobEntity.selectAsyncJobsDueToExecute  - ==&gt; Parameters: 2023-03-20 10:48:50.669(Timestamp), 2023-03-20 10:48:50.669(Timestamp), 1(Integer), 0(Integer)
10:47:52,145 [Thread-112] DEBUG org.activiti.engine.impl.persistence.entity.JobEntity.selectAsyncJobsDueToExecute  - &lt;==      Total: 0
10:47:52,145 [Thread-112] DEBUG org.activiti.engine.impl.db.DbSqlSession  - flush summary: 0 insert, 0 update, 0 delete.
10:47:52,145 [Thread-112] DEBUG org.activiti.engine.impl.db.DbSqlSession  - now executing flush...
10:47:52,145 [Thread-112] DEBUG org.activiti.engine.impl.cfg.standalone.StandaloneMybatisTransactionContext  - firing event committing...
10:47:52,145 [Thread-112] DEBUG org.activiti.engine.impl.cfg.standalone.StandaloneMybatisTransactionContext  - committing the ibatis sql session...
10:47:52,145 [Thread-112] DEBUG org.activiti.engine.impl.cfg.standalone.StandaloneMybatisTransactionContext  - firing event committed...
10:47:52,145 [Thread-112] DEBUG org.apache.ibatis.transaction.jdbc.JdbcTransaction  - Resetting autocommit to true on JDBC Connection [conn70: url=jdbc:h2:mem:activiti-AsyncExecutorTest user=SA]
10:47:52,145 [Thread-112] DEBUG org.apache.ibatis.transaction.jdbc.JdbcTransaction  - Closing JDBC Connection [conn70: url=jdbc:h2:mem:activiti-AsyncExecutorTest user=SA]
10:47:52,145 [Thread-112] DEBUG org.apache.ibatis.datasource.pooled.PooledDataSource  - Returned connection 604408605 to pool.
10:47:52,145 [Thread-112] DEBUG org.activiti.engine.impl.interceptor.LogInterceptor  - --- AcquireAsyncJobsDueCmd finished --------------------------------------------------------
10:47:52,145 [Thread-112] DEBUG org.activiti.engine.impl.interceptor.LogInterceptor  - 

10:47:52,145 [Thread-112] DEBUG org.activiti.engine.impl.asyncexecutor.AcquireAsyncJobsDueRunnable  - async job acquisition thread sleeping for 50 millis
10:47:52,161 [Thread-111] DEBUG org.activiti.engine.impl.asyncexecutor.AcquireTimerJobsRunnable  - timer job acquisition thread woke up
10:47:52,161 [Thread-105] DEBUG org.activiti.engine.impl.asyncexecutor.AcquireTimerJobsRunnable  - timer job acquisition thread woke up
10:47:52,161 [Thread-105] DEBUG org.activiti.engine.impl.interceptor.LogInterceptor  - 

10:47:52,161 [Thread-105] DEBUG org.activiti.engine.impl.interceptor.LogInterceptor  - --- starting AcquireTimerJobsCmd --------------------------------------------------------
10:47:52,161 [Thread-102] DEBUG org.activiti.engine.impl.asyncexecutor.AcquireTimerJobsRunnable  - timer job acquisition thread woke up
10:47:52,161 [Thread-102] DEBUG org.activiti.engine.impl.interceptor.LogInterceptor  - 

10:47:52,161 [Thread-102] DEBUG org.activiti.engine.impl.interceptor.LogInterceptor  - --- starting AcquireTimerJobsCmd --------------------------------------------------------
10:47:52,161 [Thread-103] DEBUG org.activiti.engine.impl.asyncexecutor.AcquireAsyncJobsDueRunnable  - async job acquisition thread woke up
10:47:52,161 [Thread-103] DEBUG org.activiti.engine.impl.interceptor.LogInterceptor  - 

10:47:52,161 [Thread-103] DEBUG org.activiti.engine.impl.interceptor.LogInterceptor  - --- starting AcquireAsyncJobsDueCmd --------------------------------------------------------
10:47:52,161 [Thread-103] DEBUG org.apache.ibatis.transaction.jdbc.JdbcTransaction  - Opening JDBC Connection
10:47:52,161 [Thread-106] DEBUG org.activiti.engine.impl.asyncexecutor.AcquireAsyncJobsDueRunnable  - async job acquisition thread woke up
10:47:52,161 [Thread-106] DEBUG org.activiti.engine.impl.interceptor.LogInterceptor  - 

10:47:52,161 [Thread-106] DEBUG org.activiti.engine.impl.interceptor.LogInterceptor  - --- starting AcquireAsyncJobsDueCmd --------------------------------------------------------
10:47:52,161 [Thread-106] DEBUG org.apache.ibatis.transaction.jdbc.JdbcTransaction  - Opening JDBC Connection
10:47:52,161 [Thread-106] DEBUG org.apache.ibatis.datasource.pooled.PooledDataSource  - Checked out connection 54468349 from pool.
10:47:52,161 [Thread-103] DEBUG org.apache.ibatis.datasource.pooled.PooledDataSource  - Checked out connection 157985567 from pool.
10:47:52,161 [Thread-103] DEBUG org.apache.ibatis.transaction.jdbc.JdbcTransaction  - Setting autocommit to false on JDBC Connection [conn61: url=jdbc:h2:mem:activiti-AsyncExecutorTest user=SA]
10:47:52,161 [Thread-102] DEBUG org.apache.ibatis.transaction.jdbc.JdbcTransaction  - Opening JDBC Connection
10:47:52,161 [Thread-102] DEBUG org.apache.ibatis.datasource.pooled.PooledDataSource  - Checked out connection 720039383 from pool.
10:47:52,161 [Thread-105] DEBUG org.apache.ibatis.transaction.jdbc.JdbcTransaction  - Opening JDBC Connection
10:47:52,162 [Thread-105] DEBUG org.apache.ibatis.datasource.pooled.PooledDataSource  - Checked out connection 996762054 from pool.
10:47:52,162 [Thread-105] DEBUG org.apache.ibatis.transaction.jdbc.JdbcTransaction  - Setting autocommit to false on JDBC Connection [conn65: url=jdbc:h2:mem:activiti-AsyncExecutorTest user=SA]
10:47:52,161 [Thread-111] DEBUG org.activiti.engine.impl.interceptor.LogInterceptor  - 

10:47:52,162 [Thread-111] DEBUG org.activiti.engine.impl.interceptor.LogInterceptor  - --- starting AcquireTimerJobsCmd --------------------------------------------------------
10:47:52,162 [Thread-111] DEBUG org.apache.ibatis.transaction.jdbc.JdbcTransaction  - Opening JDBC Connection
10:47:52,162 [Thread-105] DEBUG org.activiti.engine.impl.persistence.entity.JobEntity.selectNextTimerJobsToExecute  - ==&gt;  Preparing: select RES.* from ACT_RU_JOB RES LEFT OUTER JOIN ACT_RU_EXECUTION PI ON PI.ID_ = RES.PROCESS_INSTANCE_ID_ where (RES.RETRIES_ &gt; 0) and (RES.DUEDATE_ is null or RES.DUEDATE_ &lt;= ?) and (RES.LOCK_OWNER_ is null or RES.LOCK_EXP_TIME_ &lt;= ?) and TYPE_ = &apos;timer&apos; and ( (RES.EXECUTION_ID_ is null) or (PI.SUSPENSION_STATE_ = 1) ) LIMIT ? OFFSET ? 
10:47:52,162 [Thread-105] DEBUG org.activiti.engine.impl.persistence.entity.JobEntity.selectNextTimerJobsToExecute  - ==&gt; Parameters: 2023-03-20 10:48:50.669(Timestamp), 2023-03-20 10:48:50.669(Timestamp), 1(Integer), 0(Integer)
10:47:52,162 [Thread-105] DEBUG org.activiti.engine.impl.persistence.entity.JobEntity.selectNextTimerJobsToExecute  - &lt;==      Total: 0
10:47:52,162 [Thread-105] DEBUG org.activiti.engine.impl.db.DbSqlSession  - flush summary: 0 insert, 0 update, 0 delete.
10:47:52,162 [Thread-105] DEBUG org.activiti.engine.impl.db.DbSqlSession  - now executing flush...
10:47:52,162 [Thread-105] DEBUG org.activiti.engine.impl.cfg.standalone.StandaloneMybatisTransactionContext  - firing event committing...
10:47:52,162 [Thread-105] DEBUG org.activiti.engine.impl.cfg.standalone.StandaloneMybatisTransactionContext  - committing the ibatis sql session...
10:47:52,162 [Thread-105] DEBUG org.activiti.engine.impl.cfg.standalone.StandaloneMybatisTransactionContext  - firing event committed...
10:47:52,162 [Thread-105] DEBUG org.apache.ibatis.transaction.jdbc.JdbcTransaction  - Resetting autocommit to true on JDBC Connection [conn65: url=jdbc:h2:mem:activiti-AsyncExecutorTest user=SA]
10:47:52,162 [Thread-105] DEBUG org.apache.ibatis.transaction.jdbc.JdbcTransaction  - Closing JDBC Connection [conn65: url=jdbc:h2:mem:activiti-AsyncExecutorTest user=SA]
10:47:52,162 [Thread-105] DEBUG org.apache.ibatis.datasource.pooled.PooledDataSource  - Returned connection 996762054 to pool.
10:47:52,162 [Thread-105] DEBUG org.activiti.engine.impl.interceptor.LogInterceptor  - --- AcquireTimerJobsCmd finished --------------------------------------------------------
10:47:52,162 [Thread-105] DEBUG org.activiti.engine.impl.interceptor.LogInterceptor  - 

10:47:52,162 [Thread-105] DEBUG org.activiti.engine.impl.asyncexecutor.AcquireTimerJobsRunnable  - timer job acquisition thread sleeping for 50 millis
10:47:52,162 [Thread-102] DEBUG org.apache.ibatis.transaction.jdbc.JdbcTransaction  - Setting autocommit to false on JDBC Connection [conn59: url=jdbc:h2:mem:activiti-AsyncExecutorTest user=SA]
10:47:52,162 [Thread-102] DEBUG org.activiti.engine.impl.persistence.entity.JobEntity.selectNextTimerJobsToExecute  - ==&gt;  Preparing: select RES.* from ACT_RU_JOB RES LEFT OUTER JOIN ACT_RU_EXECUTION PI ON PI.ID_ = RES.PROCESS_INSTANCE_ID_ where (RES.RETRIES_ &gt; 0) and (RES.DUEDATE_ is null or RES.DUEDATE_ &lt;= ?) and (RES.LOCK_OWNER_ is null or RES.LOCK_EXP_TIME_ &lt;= ?) and TYPE_ = &apos;timer&apos; and ( (RES.EXECUTION_ID_ is null) or (PI.SUSPENSION_STATE_ = 1) ) LIMIT ? OFFSET ? 
10:47:52,161 [Thread-103] DEBUG org.activiti.engine.impl.persistence.entity.JobEntity.selectAsyncJobsDueToExecute  - ==&gt;  Preparing: select RES.* from ACT_RU_JOB RES LEFT OUTER JOIN ACT_RU_EXECUTION PI ON PI.ID_ = RES.PROCESS_INSTANCE_ID_ where RES.RETRIES_ &gt; 0 and RES.DUEDATE_ is not null and RES.DUEDATE_ &lt;= ? and (RES.LOCK_EXP_TIME_ is null or RES.LOCK_EXP_TIME_ &lt;= ?) and TYPE_ = &apos;message&apos; and ( (RES.EXECUTION_ID_ is null) or (PI.SUSPENSION_STATE_ = 1) ) LIMIT ? OFFSET ? 
10:47:52,162 [Thread-103] DEBUG org.activiti.engine.impl.persistence.entity.JobEntity.selectAsyncJobsDueToExecute  - ==&gt; Parameters: 2023-03-20 10:48:50.669(Timestamp), 2023-03-20 10:48:50.669(Timestamp), 1(Integer), 0(Integer)
10:47:52,162 [Thread-103] DEBUG org.activiti.engine.impl.persistence.entity.JobEntity.selectAsyncJobsDueToExecute  - &lt;==      Total: 0
10:47:52,162 [Thread-103] DEBUG org.activiti.engine.impl.db.DbSqlSession  - flush summary: 0 insert, 0 update, 0 delete.
10:47:52,162 [Thread-103] DEBUG org.activiti.engine.impl.db.DbSqlSession  - now executing flush...
10:47:52,162 [Thread-103] DEBUG org.activiti.engine.impl.cfg.standalone.StandaloneMybatisTransactionContext  - firing event committing...
10:47:52,162 [Thread-103] DEBUG org.activiti.engine.impl.cfg.standalone.StandaloneMybatisTransactionContext  - committing the ibatis sql session...
10:47:52,161 [Thread-106] DEBUG org.apache.ibatis.transaction.jdbc.JdbcTransaction  - Setting autocommit to false on JDBC Connection [conn64: url=jdbc:h2:mem:activiti-AsyncExecutorTest user=SA]
10:47:52,162 [Thread-106] DEBUG org.activiti.engine.impl.persistence.entity.JobEntity.selectAsyncJobsDueToExecute  - ==&gt;  Preparing: select RES.* from ACT_RU_JOB RES LEFT OUTER JOIN ACT_RU_EXECUTION PI ON PI.ID_ = RES.PROCESS_INSTANCE_ID_ where RES.RETRIES_ &gt; 0 and RES.DUEDATE_ is not null and RES.DUEDATE_ &lt;= ? and (RES.LOCK_EXP_TIME_ is null or RES.LOCK_EXP_TIME_ &lt;= ?) and TYPE_ = &apos;message&apos; and ( (RES.EXECUTION_ID_ is null) or (PI.SUSPENSION_STATE_ = 1) ) LIMIT ? OFFSET ? 
10:47:52,162 [Thread-103] DEBUG org.activiti.engine.impl.cfg.standalone.StandaloneMybatisTransactionContext  - firing event committed...
10:47:52,163 [Thread-103] DEBUG org.apache.ibatis.transaction.jdbc.JdbcTransaction  - Resetting autocommit to true on JDBC Connection [conn61: url=jdbc:h2:mem:activiti-AsyncExecutorTest user=SA]
10:47:52,163 [Thread-103] DEBUG org.apache.ibatis.transaction.jdbc.JdbcTransaction  - Closing JDBC Connection [conn61: url=jdbc:h2:mem:activiti-AsyncExecutorTest user=SA]
10:47:52,163 [Thread-103] DEBUG org.apache.ibatis.datasource.pooled.PooledDataSource  - Returned connection 157985567 to pool.
10:47:52,163 [Thread-103] DEBUG org.activiti.engine.impl.interceptor.LogInterceptor  - --- AcquireAsyncJobsDueCmd finished --------------------------------------------------------
10:47:52,163 [Thread-103] DEBUG org.activiti.engine.impl.interceptor.LogInterceptor  - 

10:47:52,162 [Thread-102] DEBUG org.activiti.engine.impl.persistence.entity.JobEntity.selectNextTimerJobsToExecute  - ==&gt; Parameters: 2023-03-20 10:48:50.669(Timestamp), 2023-03-20 10:48:50.669(Timestamp), 1(Integer), 0(Integer)
10:47:52,163 [Thread-102] DEBUG org.activiti.engine.impl.persistence.entity.JobEntity.selectNextTimerJobsToExecute  - &lt;==      Total: 0
10:47:52,163 [Thread-102] DEBUG org.activiti.engine.impl.db.DbSqlSession  - flush summary: 0 insert, 0 update, 0 delete.
10:47:52,163 [Thread-102] DEBUG org.activiti.engine.impl.db.DbSqlSession  - now executing flush...
10:47:52,163 [Thread-102] DEBUG org.activiti.engine.impl.cfg.standalone.StandaloneMybatisTransactionContext  - firing event committing...
10:47:52,163 [Thread-102] DEBUG org.activiti.engine.impl.cfg.standalone.StandaloneMybatisTransactionContext  - committing the ibatis sql session...
10:47:52,163 [Thread-102] DEBUG org.activiti.engine.impl.cfg.standalone.StandaloneMybatisTransactionContext  - firing event committed...
10:47:52,163 [Thread-102] DEBUG org.apache.ibatis.transaction.jdbc.JdbcTransaction  - Resetting autocommit to true on JDBC Connection [conn59: url=jdbc:h2:mem:activiti-AsyncExecutorTest user=SA]
10:47:52,162 [Thread-111] DEBUG org.apache.ibatis.datasource.pooled.PooledDataSource  - Checked out connection 58501658 from pool.
10:47:52,163 [Thread-111] DEBUG org.apache.ibatis.transaction.jdbc.JdbcTransaction  - Setting autocommit to false on JDBC Connection [conn68: url=jdbc:h2:mem:activiti-AsyncExecutorTest user=SA]
10:47:52,163 [Thread-111] DEBUG org.activiti.engine.impl.persistence.entity.JobEntity.selectNextTimerJobsToExecute  - ==&gt;  Preparing: select RES.* from ACT_RU_JOB RES LEFT OUTER JOIN ACT_RU_EXECUTION PI ON PI.ID_ = RES.PROCESS_INSTANCE_ID_ where (RES.RETRIES_ &gt; 0) and (RES.DUEDATE_ is null or RES.DUEDATE_ &lt;= ?) and (RES.LOCK_OWNER_ is null or RES.LOCK_EXP_TIME_ &lt;= ?) and TYPE_ = &apos;timer&apos; and ( (RES.EXECUTION_ID_ is null) or (PI.SUSPENSION_STATE_ = 1) ) LIMIT ? OFFSET ? 
10:47:52,163 [Thread-102] DEBUG org.apache.ibatis.transaction.jdbc.JdbcTransaction  - Closing JDBC Connection [conn59: url=jdbc:h2:mem:activiti-AsyncExecutorTest user=SA]
10:47:52,163 [Thread-102] DEBUG org.apache.ibatis.datasource.pooled.PooledDataSource  - Returned connection 720039383 to pool.
10:47:52,163 [Thread-102] DEBUG org.activiti.engine.impl.interceptor.LogInterceptor  - --- AcquireTimerJobsCmd finished --------------------------------------------------------
10:47:52,163 [Thread-102] DEBUG org.activiti.engine.impl.interceptor.LogInterceptor  - 

10:47:52,163 [Thread-102] DEBUG org.activiti.engine.impl.asyncexecutor.AcquireTimerJobsRunnable  - timer job acquisition thread sleeping for 50 millis
10:47:52,163 [Thread-103] DEBUG org.activiti.engine.impl.asyncexecutor.AcquireAsyncJobsDueRunnable  - async job acquisition thread sleeping for 50 millis
10:47:52,163 [Thread-106] DEBUG org.activiti.engine.impl.persistence.entity.JobEntity.selectAsyncJobsDueToExecute  - ==&gt; Parameters: 2023-03-20 10:48:50.669(Timestamp), 2023-03-20 10:48:50.669(Timestamp), 1(Integer), 0(Integer)
10:47:52,163 [Thread-106] DEBUG org.activiti.engine.impl.persistence.entity.JobEntity.selectAsyncJobsDueToExecute  - &lt;==      Total: 0
10:47:52,163 [Thread-106] DEBUG org.activiti.engine.impl.db.DbSqlSession  - flush summary: 0 insert, 0 update, 0 delete.
10:47:52,163 [Thread-106] DEBUG org.activiti.engine.impl.db.DbSqlSession  - now executing flush...
10:47:52,163 [Thread-106] DEBUG org.activiti.engine.impl.cfg.standalone.StandaloneMybatisTransactionContext  - firing event committing...
10:47:52,163 [Thread-106] DEBUG org.activiti.engine.impl.cfg.standalone.StandaloneMybatisTransactionContext  - committing the ibatis sql session...
10:47:52,163 [Thread-106] DEBUG org.activiti.engine.impl.cfg.standalone.StandaloneMybatisTransactionContext  - firing event committed...
10:47:52,163 [Thread-106] DEBUG org.apache.ibatis.transaction.jdbc.JdbcTransaction  - Resetting autocommit to true on JDBC Connection [conn64: url=jdbc:h2:mem:activiti-AsyncExecutorTest user=SA]
10:47:52,163 [Thread-111] DEBUG org.activiti.engine.impl.persistence.entity.JobEntity.selectNextTimerJobsToExecute  - ==&gt; Parameters: 2023-03-20 10:48:50.669(Timestamp), 2023-03-20 10:48:50.669(Timestamp), 1(Integer), 0(Integer)
10:47:52,163 [Thread-106] DEBUG org.apache.ibatis.transaction.jdbc.JdbcTransaction  - Closing JDBC Connection [conn64: url=jdbc:h2:mem:activiti-AsyncExecutorTest user=SA]
10:47:52,164 [Thread-106] DEBUG org.apache.ibatis.datasource.pooled.PooledDataSource  - Returned connection 54468349 to pool.
10:47:52,164 [Thread-106] DEBUG org.activiti.engine.impl.interceptor.LogInterceptor  - --- AcquireAsyncJobsDueCmd finished --------------------------------------------------------
10:47:52,164 [Thread-106] DEBUG org.activiti.engine.impl.interceptor.LogInterceptor  - 

10:47:52,164 [Thread-106] DEBUG org.activiti.engine.impl.asyncexecutor.AcquireAsyncJobsDueRunnable  - async job acquisition thread sleeping for 50 millis
10:47:52,164 [Thread-111] DEBUG org.activiti.engine.impl.persistence.entity.JobEntity.selectNextTimerJobsToExecute  - &lt;==      Total: 0
10:47:52,164 [Thread-111] DEBUG org.activiti.engine.impl.db.DbSqlSession  - flush summary: 0 insert, 0 update, 0 delete.
10:47:52,164 [Thread-111] DEBUG org.activiti.engine.impl.db.DbSqlSession  - now executing flush...
10:47:52,164 [Thread-111] DEBUG org.activiti.engine.impl.cfg.standalone.StandaloneMybatisTransactionContext  - firing event committing...
10:47:52,164 [Thread-111] DEBUG org.activiti.engine.impl.cfg.standalone.StandaloneMybatisTransactionContext  - committing the ibatis sql session...
10:47:52,164 [Thread-111] DEBUG org.activiti.engine.impl.cfg.standalone.StandaloneMybatisTransactionContext  - firing event committed...
10:47:52,164 [Thread-111] DEBUG org.apache.ibatis.transaction.jdbc.JdbcTransaction  - Resetting autocommit to true on JDBC Connection [conn68: url=jdbc:h2:mem:activiti-AsyncExecutorTest user=SA]
10:47:52,164 [Thread-111] DEBUG org.apache.ibatis.transaction.jdbc.JdbcTransaction  - Closing JDBC Connection [conn68: url=jdbc:h2:mem:activiti-AsyncExecutorTest user=SA]
10:47:52,164 [Thread-111] DEBUG org.apache.ibatis.datasource.pooled.PooledDataSource  - Returned connection 58501658 to pool.
10:47:52,164 [Thread-111] DEBUG org.activiti.engine.impl.interceptor.LogInterceptor  - --- AcquireTimerJobsCmd finished --------------------------------------------------------
10:47:52,164 [Thread-111] DEBUG org.activiti.engine.impl.interceptor.LogInterceptor  - 

10:47:52,164 [Thread-111] DEBUG org.activiti.engine.impl.asyncexecutor.AcquireTimerJobsRunnable  - timer job acquisition thread sleeping for 50 millis
10:47:52,209 [Thread-112] DEBUG org.activiti.engine.impl.asyncexecutor.AcquireAsyncJobsDueRunnable  - async job acquisition thread woke up
10:47:52,209 [Thread-112] DEBUG org.activiti.engine.impl.interceptor.LogInterceptor  - 

10:47:52,209 [Thread-112] DEBUG org.activiti.engine.impl.interceptor.LogInterceptor  - --- starting AcquireAsyncJobsDueCmd --------------------------------------------------------
10:47:52,209 [Thread-112] DEBUG org.apache.ibatis.transaction.jdbc.JdbcTransaction  - Opening JDBC Connection
10:47:52,209 [Thread-112] DEBUG org.apache.ibatis.datasource.pooled.PooledDataSource  - Checked out connection 1863805930 from pool.
10:47:52,209 [Thread-112] DEBUG org.apache.ibatis.transaction.jdbc.JdbcTransaction  - Setting autocommit to false on JDBC Connection [conn69: url=jdbc:h2:mem:activiti-AsyncExecutorTest user=SA]
10:47:52,209 [Thread-112] DEBUG org.activiti.engine.impl.persistence.entity.JobEntity.selectAsyncJobsDueToExecute  - ==&gt;  Preparing: select RES.* from ACT_RU_JOB RES LEFT OUTER JOIN ACT_RU_EXECUTION PI ON PI.ID_ = RES.PROCESS_INSTANCE_ID_ where RES.RETRIES_ &gt; 0 and RES.DUEDATE_ is not null and RES.DUEDATE_ &lt;= ? and (RES.LOCK_EXP_TIME_ is null or RES.LOCK_EXP_TIME_ &lt;= ?) and TYPE_ = &apos;message&apos; and ( (RES.EXECUTION_ID_ is null) or (PI.SUSPENSION_STATE_ = 1) ) LIMIT ? OFFSET ? 
10:47:52,209 [Thread-112] DEBUG org.activiti.engine.impl.persistence.entity.JobEntity.selectAsyncJobsDueToExecute  - ==&gt; Parameters: 2023-03-20 10:48:50.669(Timestamp), 2023-03-20 10:48:50.669(Timestamp), 1(Integer), 0(Integer)
10:47:52,209 [Thread-112] DEBUG org.activiti.engine.impl.persistence.entity.JobEntity.selectAsyncJobsDueToExecute  - &lt;==      Total: 0
10:47:52,209 [Thread-112] DEBUG org.activiti.engine.impl.db.DbSqlSession  - flush summary: 0 insert, 0 update, 0 delete.
10:47:52,209 [Thread-112] DEBUG org.activiti.engine.impl.db.DbSqlSession  - now executing flush...
10:47:52,209 [Thread-112] DEBUG org.activiti.engine.impl.cfg.standalone.StandaloneMybatisTransactionContext  - firing event committing...
10:47:52,209 [Thread-112] DEBUG org.activiti.engine.impl.cfg.standalone.StandaloneMybatisTransactionContext  - committing the ibatis sql session...
10:47:52,209 [Thread-112] DEBUG org.activiti.engine.impl.cfg.standalone.StandaloneMybatisTransactionContext  - firing event committed...
10:47:52,209 [Thread-112] DEBUG org.apache.ibatis.transaction.jdbc.JdbcTransaction  - Resetting autocommit to true on JDBC Connection [conn69: url=jdbc:h2:mem:activiti-AsyncExecutorTest user=SA]
10:47:52,209 [Thread-112] DEBUG org.apache.ibatis.transaction.jdbc.JdbcTransaction  - Closing JDBC Connection [conn69: url=jdbc:h2:mem:activiti-AsyncExecutorTest user=SA]
10:47:52,209 [Thread-112] DEBUG org.apache.ibatis.datasource.pooled.PooledDataSource  - Returned connection 1863805930 to pool.
10:47:52,209 [Thread-112] DEBUG org.activiti.engine.impl.interceptor.LogInterceptor  - --- AcquireAsyncJobsDueCmd finished --------------------------------------------------------
10:47:52,209 [Thread-112] DEBUG org.activiti.engine.impl.interceptor.LogInterceptor  - 

10:47:52,209 [Thread-112] DEBUG org.activiti.engine.impl.asyncexecutor.AcquireAsyncJobsDueRunnable  - async job acquisition thread sleeping for 50 millis
10:47:52,225 [Thread-106] DEBUG org.activiti.engine.impl.asyncexecutor.AcquireAsyncJobsDueRunnable  - async job acquisition thread woke up
10:47:52,225 [Thread-106] DEBUG org.activiti.engine.impl.interceptor.LogInterceptor  - 

10:47:52,225 [Thread-105] DEBUG org.activiti.engine.impl.asyncexecutor.AcquireTimerJobsRunnable  - timer job acquisition thread woke up
10:47:52,225 [Thread-102] DEBUG org.activiti.engine.impl.asyncexecutor.AcquireTimerJobsRunnable  - timer job acquisition thread woke up
10:47:52,225 [Thread-102] DEBUG org.activiti.engine.impl.interceptor.LogInterceptor  - 

10:47:52,225 [Thread-102] DEBUG org.activiti.engine.impl.interceptor.LogInterceptor  - --- starting AcquireTimerJobsCmd --------------------------------------------------------
10:47:52,225 [Thread-103] DEBUG org.activiti.engine.impl.asyncexecutor.AcquireAsyncJobsDueRunnable  - async job acquisition thread woke up
10:47:52,225 [Thread-103] DEBUG org.activiti.engine.impl.interceptor.LogInterceptor  - 

10:47:52,225 [Thread-111] DEBUG org.activiti.engine.impl.asyncexecutor.AcquireTimerJobsRunnable  - timer job acquisition thread woke up
10:47:52,225 [Thread-111] DEBUG org.activiti.engine.impl.interceptor.LogInterceptor  - 

10:47:52,225 [Thread-111] DEBUG org.activiti.engine.impl.interceptor.LogInterceptor  - --- starting AcquireTimerJobsCmd --------------------------------------------------------
10:47:52,225 [Thread-103] DEBUG org.activiti.engine.impl.interceptor.LogInterceptor  - --- starting AcquireAsyncJobsDueCmd --------------------------------------------------------
10:47:52,225 [Thread-102] DEBUG org.apache.ibatis.transaction.jdbc.JdbcTransaction  - Opening JDBC Connection
10:47:52,225 [Thread-105] DEBUG org.activiti.engine.impl.interceptor.LogInterceptor  - 

10:47:52,225 [Thread-105] DEBUG org.activiti.engine.impl.interceptor.LogInterceptor  - --- starting AcquireTimerJobsCmd --------------------------------------------------------
10:47:52,225 [Thread-106] DEBUG org.activiti.engine.impl.interceptor.LogInterceptor  - --- starting AcquireAsyncJobsDueCmd --------------------------------------------------------
10:47:52,225 [Thread-105] DEBUG org.apache.ibatis.transaction.jdbc.JdbcTransaction  - Opening JDBC Connection
10:47:52,225 [Thread-105] DEBUG org.apache.ibatis.datasource.pooled.PooledDataSource  - Checked out connection 1970103261 from pool.
10:47:52,225 [Thread-102] DEBUG org.apache.ibatis.datasource.pooled.PooledDataSource  - Checked out connection 33534803 from pool.
10:47:52,225 [Thread-102] DEBUG org.apache.ibatis.transaction.jdbc.JdbcTransaction  - Setting autocommit to false on JDBC Connection [conn60: url=jdbc:h2:mem:activiti-AsyncExecutorTest user=SA]
10:47:52,225 [Thread-103] DEBUG org.apache.ibatis.transaction.jdbc.JdbcTransaction  - Opening JDBC Connection
10:47:52,226 [Thread-103] DEBUG org.apache.ibatis.datasource.pooled.PooledDataSource  - Checked out connection 157985567 from pool.
10:47:52,226 [Thread-103] DEBUG org.apache.ibatis.transaction.jdbc.JdbcTransaction  - Setting autocommit to false on JDBC Connection [conn61: url=jdbc:h2:mem:activiti-AsyncExecutorTest user=SA]
10:47:52,225 [Thread-111] DEBUG org.apache.ibatis.transaction.jdbc.JdbcTransaction  - Opening JDBC Connection
10:47:52,226 [Thread-111] DEBUG org.apache.ibatis.datasource.pooled.PooledDataSource  - Checked out connection 604408605 from pool.
10:47:52,226 [Thread-111] DEBUG org.apache.ibatis.transaction.jdbc.JdbcTransaction  - Setting autocommit to false on JDBC Connection [conn70: url=jdbc:h2:mem:activiti-AsyncExecutorTest user=SA]
10:47:52,226 [Thread-103] DEBUG org.activiti.engine.impl.persistence.entity.JobEntity.selectAsyncJobsDueToExecute  - ==&gt;  Preparing: select RES.* from ACT_RU_JOB RES LEFT OUTER JOIN ACT_RU_EXECUTION PI ON PI.ID_ = RES.PROCESS_INSTANCE_ID_ where RES.RETRIES_ &gt; 0 and RES.DUEDATE_ is not null and RES.DUEDATE_ &lt;= ? and (RES.LOCK_EXP_TIME_ is null or RES.LOCK_EXP_TIME_ &lt;= ?) and TYPE_ = &apos;message&apos; and ( (RES.EXECUTION_ID_ is null) or (PI.SUSPENSION_STATE_ = 1) ) LIMIT ? OFFSET ? 
10:47:52,226 [Thread-102] DEBUG org.activiti.engine.impl.persistence.entity.JobEntity.selectNextTimerJobsToExecute  - ==&gt;  Preparing: select RES.* from ACT_RU_JOB RES LEFT OUTER JOIN ACT_RU_EXECUTION PI ON PI.ID_ = RES.PROCESS_INSTANCE_ID_ where (RES.RETRIES_ &gt; 0) and (RES.DUEDATE_ is null or RES.DUEDATE_ &lt;= ?) and (RES.LOCK_OWNER_ is null or RES.LOCK_EXP_TIME_ &lt;= ?) and TYPE_ = &apos;timer&apos; and ( (RES.EXECUTION_ID_ is null) or (PI.SUSPENSION_STATE_ = 1) ) LIMIT ? OFFSET ? 
10:47:52,225 [Thread-105] DEBUG org.apache.ibatis.transaction.jdbc.JdbcTransaction  - Setting autocommit to false on JDBC Connection [conn63: url=jdbc:h2:mem:activiti-AsyncExecutorTest user=SA]
10:47:52,225 [Thread-106] DEBUG org.apache.ibatis.transaction.jdbc.JdbcTransaction  - Opening JDBC Connection
10:47:52,226 [Thread-106] DEBUG org.apache.ibatis.datasource.pooled.PooledDataSource  - Checked out connection 996762054 from pool.
10:47:52,226 [Thread-105] DEBUG org.activiti.engine.impl.persistence.entity.JobEntity.selectNextTimerJobsToExecute  - ==&gt;  Preparing: select RES.* from ACT_RU_JOB RES LEFT OUTER JOIN ACT_RU_EXECUTION PI ON PI.ID_ = RES.PROCESS_INSTANCE_ID_ where (RES.RETRIES_ &gt; 0) and (RES.DUEDATE_ is null or RES.DUEDATE_ &lt;= ?) and (RES.LOCK_OWNER_ is null or RES.LOCK_EXP_TIME_ &lt;= ?) and TYPE_ = &apos;timer&apos; and ( (RES.EXECUTION_ID_ is null) or (PI.SUSPENSION_STATE_ = 1) ) LIMIT ? OFFSET ? 
10:47:52,226 [Thread-102] DEBUG org.activiti.engine.impl.persistence.entity.JobEntity.selectNextTimerJobsToExecute  - ==&gt; Parameters: 2023-03-20 10:48:50.669(Timestamp), 2023-03-20 10:48:50.669(Timestamp), 1(Integer), 0(Integer)
10:47:52,226 [Thread-102] DEBUG org.activiti.engine.impl.persistence.entity.JobEntity.selectNextTimerJobsToExecute  - &lt;==      Total: 0
10:47:52,226 [Thread-102] DEBUG org.activiti.engine.impl.db.DbSqlSession  - flush summary: 0 insert, 0 update, 0 delete.
10:47:52,226 [Thread-102] DEBUG org.activiti.engine.impl.db.DbSqlSession  - now executing flush...
10:47:52,226 [Thread-103] DEBUG org.activiti.engine.impl.persistence.entity.JobEntity.selectAsyncJobsDueToExecute  - ==&gt; Parameters: 2023-03-20 10:48:50.669(Timestamp), 2023-03-20 10:48:50.669(Timestamp), 1(Integer), 0(Integer)
10:47:52,226 [Thread-111] DEBUG org.activiti.engine.impl.persistence.entity.JobEntity.selectNextTimerJobsToExecute  - ==&gt;  Preparing: select RES.* from ACT_RU_JOB RES LEFT OUTER JOIN ACT_RU_EXECUTION PI ON PI.ID_ = RES.PROCESS_INSTANCE_ID_ where (RES.RETRIES_ &gt; 0) and (RES.DUEDATE_ is null or RES.DUEDATE_ &lt;= ?) and (RES.LOCK_OWNER_ is null or RES.LOCK_EXP_TIME_ &lt;= ?) and TYPE_ = &apos;timer&apos; and ( (RES.EXECUTION_ID_ is null) or (PI.SUSPENSION_STATE_ = 1) ) LIMIT ? OFFSET ? 
10:47:52,226 [Thread-111] DEBUG org.activiti.engine.impl.persistence.entity.JobEntity.selectNextTimerJobsToExecute  - ==&gt; Parameters: 2023-03-20 10:48:50.669(Timestamp), 2023-03-20 10:48:50.669(Timestamp), 1(Integer), 0(Integer)
10:47:52,226 [Thread-111] DEBUG org.activiti.engine.impl.persistence.entity.JobEntity.selectNextTimerJobsToExecute  - &lt;==      Total: 0
10:47:52,226 [Thread-111] DEBUG org.activiti.engine.impl.db.DbSqlSession  - flush summary: 0 insert, 0 update, 0 delete.
10:47:52,226 [Thread-111] DEBUG org.activiti.engine.impl.db.DbSqlSession  - now executing flush...
10:47:52,226 [Thread-111] DEBUG org.activiti.engine.impl.cfg.standalone.StandaloneMybatisTransactionContext  - firing event committing...
10:47:52,226 [Thread-111] DEBUG org.activiti.engine.impl.cfg.standalone.StandaloneMybatisTransactionContext  - committing the ibatis sql session...
10:47:52,226 [Thread-111] DEBUG org.activiti.engine.impl.cfg.standalone.StandaloneMybatisTransactionContext  - firing event committed...
10:47:52,226 [Thread-111] DEBUG org.apache.ibatis.transaction.jdbc.JdbcTransaction  - Resetting autocommit to true on JDBC Connection [conn70: url=jdbc:h2:mem:activiti-AsyncExecutorTest user=SA]
10:47:52,226 [Thread-111] DEBUG org.apache.ibatis.transaction.jdbc.JdbcTransaction  - Closing JDBC Connection [conn70: url=jdbc:h2:mem:activiti-AsyncExecutorTest user=SA]
10:47:52,226 [Thread-111] DEBUG org.apache.ibatis.datasource.pooled.PooledDataSource  - Returned connection 604408605 to pool.
10:47:52,226 [Thread-111] DEBUG org.activiti.engine.impl.interceptor.LogInterceptor  - --- AcquireTimerJobsCmd finished --------------------------------------------------------
10:47:52,226 [Thread-111] DEBUG org.activiti.engine.impl.interceptor.LogInterceptor  - 

10:47:52,227 [Thread-111] DEBUG org.activiti.engine.impl.asyncexecutor.AcquireTimerJobsRunnable  - timer job acquisition thread sleeping for 50 millis
10:47:52,226 [Thread-103] DEBUG org.activiti.engine.impl.persistence.entity.JobEntity.selectAsyncJobsDueToExecute  - &lt;==      Total: 0
10:47:52,227 [Thread-103] DEBUG org.activiti.engine.impl.db.DbSqlSession  - flush summary: 0 insert, 0 update, 0 delete.
10:47:52,227 [Thread-103] DEBUG org.activiti.engine.impl.db.DbSqlSession  - now executing flush...
10:47:52,227 [Thread-103] DEBUG org.activiti.engine.impl.cfg.standalone.StandaloneMybatisTransactionContext  - firing event committing...
10:47:52,227 [Thread-103] DEBUG org.activiti.engine.impl.cfg.standalone.StandaloneMybatisTransactionContext  - committing the ibatis sql session...
10:47:52,227 [Thread-103] DEBUG org.activiti.engine.impl.cfg.standalone.StandaloneMybatisTransactionContext  - firing event committed...
10:47:52,227 [Thread-103] DEBUG org.apache.ibatis.transaction.jdbc.JdbcTransaction  - Resetting autocommit to true on JDBC Connection [conn61: url=jdbc:h2:mem:activiti-AsyncExecutorTest user=SA]
10:47:52,227 [Thread-103] DEBUG org.apache.ibatis.transaction.jdbc.JdbcTransaction  - Closing JDBC Connection [conn61: url=jdbc:h2:mem:activiti-AsyncExecutorTest user=SA]
10:47:52,226 [Thread-102] DEBUG org.activiti.engine.impl.cfg.standalone.StandaloneMybatisTransactionContext  - firing event committing...
10:47:52,227 [Thread-102] DEBUG org.activiti.engine.impl.cfg.standalone.StandaloneMybatisTransactionContext  - committing the ibatis sql session...
10:47:52,227 [Thread-102] DEBUG org.activiti.engine.impl.cfg.standalone.StandaloneMybatisTransactionContext  - firing event committed...
10:47:52,227 [Thread-102] DEBUG org.apache.ibatis.transaction.jdbc.JdbcTransaction  - Resetting autocommit to true on JDBC Connection [conn60: url=jdbc:h2:mem:activiti-AsyncExecutorTest user=SA]
10:47:52,226 [Thread-105] DEBUG org.activiti.engine.impl.persistence.entity.JobEntity.selectNextTimerJobsToExecute  - ==&gt; Parameters: 2023-03-20 10:48:50.669(Timestamp), 2023-03-20 10:48:50.669(Timestamp), 1(Integer), 0(Integer)
10:47:52,227 [Thread-105] DEBUG org.activiti.engine.impl.persistence.entity.JobEntity.selectNextTimerJobsToExecute  - &lt;==      Total: 0
10:47:52,226 [Thread-106] DEBUG org.apache.ibatis.transaction.jdbc.JdbcTransaction  - Setting autocommit to false on JDBC Connection [conn65: url=jdbc:h2:mem:activiti-AsyncExecutorTest user=SA]
10:47:52,227 [Thread-106] DEBUG org.activiti.engine.impl.persistence.entity.JobEntity.selectAsyncJobsDueToExecute  - ==&gt;  Preparing: select RES.* from ACT_RU_JOB RES LEFT OUTER JOIN ACT_RU_EXECUTION PI ON PI.ID_ = RES.PROCESS_INSTANCE_ID_ where RES.RETRIES_ &gt; 0 and RES.DUEDATE_ is not null and RES.DUEDATE_ &lt;= ? and (RES.LOCK_EXP_TIME_ is null or RES.LOCK_EXP_TIME_ &lt;= ?) and TYPE_ = &apos;message&apos; and ( (RES.EXECUTION_ID_ is null) or (PI.SUSPENSION_STATE_ = 1) ) LIMIT ? OFFSET ? 
10:47:52,227 [Thread-106] DEBUG org.activiti.engine.impl.persistence.entity.JobEntity.selectAsyncJobsDueToExecute  - ==&gt; Parameters: 2023-03-20 10:48:50.669(Timestamp), 2023-03-20 10:48:50.669(Timestamp), 1(Integer), 0(Integer)
10:47:52,227 [Thread-106] DEBUG org.activiti.engine.impl.persistence.entity.JobEntity.selectAsyncJobsDueToExecute  - &lt;==      Total: 0
10:47:52,227 [Thread-106] DEBUG org.activiti.engine.impl.db.DbSqlSession  - flush summary: 0 insert, 0 update, 0 delete.
10:47:52,227 [Thread-106] DEBUG org.activiti.engine.impl.db.DbSqlSession  - now executing flush...
10:47:52,227 [Thread-106] DEBUG org.activiti.engine.impl.cfg.standalone.StandaloneMybatisTransactionContext  - firing event committing...
10:47:52,227 [Thread-106] DEBUG org.activiti.engine.impl.cfg.standalone.StandaloneMybatisTransactionContext  - committing the ibatis sql session...
10:47:52,227 [Thread-106] DEBUG org.activiti.engine.impl.cfg.standalone.StandaloneMybatisTransactionContext  - firing event committed...
10:47:52,227 [Thread-106] DEBUG org.apache.ibatis.transaction.jdbc.JdbcTransaction  - Resetting autocommit to true on JDBC Connection [conn65: url=jdbc:h2:mem:activiti-AsyncExecutorTest user=SA]
10:47:52,227 [Thread-106] DEBUG org.apache.ibatis.transaction.jdbc.JdbcTransaction  - Closing JDBC Connection [conn65: url=jdbc:h2:mem:activiti-AsyncExecutorTest user=SA]
10:47:52,227 [Thread-106] DEBUG org.apache.ibatis.datasource.pooled.PooledDataSource  - Returned connection 996762054 to pool.
10:47:52,227 [Thread-106] DEBUG org.activiti.engine.impl.interceptor.LogInterceptor  - --- AcquireAsyncJobsDueCmd finished --------------------------------------------------------
10:47:52,227 [Thread-106] DEBUG org.activiti.engine.impl.interceptor.LogInterceptor  - 

10:47:52,227 [Thread-106] DEBUG org.activiti.engine.impl.asyncexecutor.AcquireAsyncJobsDueRunnable  - async job acquisition thread sleeping for 50 millis
10:47:52,227 [Thread-105] DEBUG org.activiti.engine.impl.db.DbSqlSession  - flush summary: 0 insert, 0 update, 0 delete.
10:47:52,227 [Thread-105] DEBUG org.activiti.engine.impl.db.DbSqlSession  - now executing flush...
10:47:52,227 [Thread-105] DEBUG org.activiti.engine.impl.cfg.standalone.StandaloneMybatisTransactionContext  - firing event committing...
10:47:52,227 [Thread-105] DEBUG org.activiti.engine.impl.cfg.standalone.StandaloneMybatisTransactionContext  - committing the ibatis sql session...
10:47:52,227 [Thread-105] DEBUG org.activiti.engine.impl.cfg.standalone.StandaloneMybatisTransactionContext  - firing event committed...
10:47:52,227 [Thread-105] DEBUG org.apache.ibatis.transaction.jdbc.JdbcTransaction  - Resetting autocommit to true on JDBC Connection [conn63: url=jdbc:h2:mem:activiti-AsyncExecutorTest user=SA]
10:47:52,227 [Thread-105] DEBUG org.apache.ibatis.transaction.jdbc.JdbcTransaction  - Closing JDBC Connection [conn63: url=jdbc:h2:mem:activiti-AsyncExecutorTest user=SA]
10:47:52,227 [Thread-102] DEBUG org.apache.ibatis.transaction.jdbc.JdbcTransaction  - Closing JDBC Connection [conn60: url=jdbc:h2:mem:activiti-AsyncExecutorTest user=SA]
10:47:52,227 [Thread-103] DEBUG org.apache.ibatis.datasource.pooled.PooledDataSource  - Returned connection 157985567 to pool.
10:47:52,227 [Thread-105] DEBUG org.apache.ibatis.datasource.pooled.PooledDataSource  - Returned connection 1970103261 to pool.
10:47:52,228 [Thread-105] DEBUG org.activiti.engine.impl.interceptor.LogInterceptor  - --- AcquireTimerJobsCmd finished --------------------------------------------------------
10:47:52,228 [Thread-105] DEBUG org.activiti.engine.impl.interceptor.LogInterceptor  - 

10:47:52,228 [Thread-105] DEBUG org.activiti.engine.impl.asyncexecutor.AcquireTimerJobsRunnable  - timer job acquisition thread sleeping for 50 millis
10:47:52,228 [Thread-102] DEBUG org.apache.ibatis.datasource.pooled.PooledDataSource  - Returned connection 33534803 to pool.
10:47:52,228 [Thread-102] DEBUG org.activiti.engine.impl.interceptor.LogInterceptor  - --- AcquireTimerJobsCmd finished --------------------------------------------------------
10:47:52,228 [Thread-102] DEBUG org.activiti.engine.impl.interceptor.LogInterceptor  - 

10:47:52,228 [Thread-103] DEBUG org.activiti.engine.impl.interceptor.LogInterceptor  - --- AcquireAsyncJobsDueCmd finished --------------------------------------------------------
10:47:52,228 [Thread-103] DEBUG org.activiti.engine.impl.interceptor.LogInterceptor  - 

10:47:52,228 [Thread-102] DEBUG org.activiti.engine.impl.asyncexecutor.AcquireTimerJobsRunnable  - timer job acquisition thread sleeping for 50 millis
10:47:52,228 [Thread-103] DEBUG org.activiti.engine.impl.asyncexecutor.AcquireAsyncJobsDueRunnable  - async job acquisition thread sleeping for 50 millis
10:47:52,273 [Thread-112] DEBUG org.activiti.engine.impl.asyncexecutor.AcquireAsyncJobsDueRunnable  - async job acquisition thread woke up
10:47:52,273 [Thread-112] DEBUG org.activiti.engine.impl.interceptor.LogInterceptor  - 

10:47:52,273 [Thread-112] DEBUG org.activiti.engine.impl.interceptor.LogInterceptor  - --- starting AcquireAsyncJobsDueCmd --------------------------------------------------------
10:47:52,273 [Thread-112] DEBUG org.apache.ibatis.transaction.jdbc.JdbcTransaction  - Opening JDBC Connection
10:47:52,273 [Thread-112] DEBUG org.apache.ibatis.datasource.pooled.PooledDataSource  - Checked out connection 58501658 from pool.
10:47:52,273 [Thread-112] DEBUG org.apache.ibatis.transaction.jdbc.JdbcTransaction  - Setting autocommit to false on JDBC Connection [conn68: url=jdbc:h2:mem:activiti-AsyncExecutorTest user=SA]
10:47:52,273 [Thread-112] DEBUG org.activiti.engine.impl.persistence.entity.JobEntity.selectAsyncJobsDueToExecute  - ==&gt;  Preparing: select RES.* from ACT_RU_JOB RES LEFT OUTER JOIN ACT_RU_EXECUTION PI ON PI.ID_ = RES.PROCESS_INSTANCE_ID_ where RES.RETRIES_ &gt; 0 and RES.DUEDATE_ is not null and RES.DUEDATE_ &lt;= ? and (RES.LOCK_EXP_TIME_ is null or RES.LOCK_EXP_TIME_ &lt;= ?) and TYPE_ = &apos;message&apos; and ( (RES.EXECUTION_ID_ is null) or (PI.SUSPENSION_STATE_ = 1) ) LIMIT ? OFFSET ? 
10:47:52,273 [Thread-112] DEBUG org.activiti.engine.impl.persistence.entity.JobEntity.selectAsyncJobsDueToExecute  - ==&gt; Parameters: 2023-03-20 10:48:50.669(Timestamp), 2023-03-20 10:48:50.669(Timestamp), 1(Integer), 0(Integer)
10:47:52,273 [Thread-112] DEBUG org.activiti.engine.impl.persistence.entity.JobEntity.selectAsyncJobsDueToExecute  - &lt;==      Total: 0
10:47:52,273 [Thread-112] DEBUG org.activiti.engine.impl.db.DbSqlSession  - flush summary: 0 insert, 0 update, 0 delete.
10:47:52,273 [Thread-112] DEBUG org.activiti.engine.impl.db.DbSqlSession  - now executing flush...
10:47:52,273 [Thread-112] DEBUG org.activiti.engine.impl.cfg.standalone.StandaloneMybatisTransactionContext  - firing event committing...
10:47:52,273 [Thread-112] DEBUG org.activiti.engine.impl.cfg.standalone.StandaloneMybatisTransactionContext  - committing the ibatis sql session...
10:47:52,273 [Thread-112] DEBUG org.activiti.engine.impl.cfg.standalone.StandaloneMybatisTransactionContext  - firing event committed...
10:47:52,273 [Thread-112] DEBUG org.apache.ibatis.transaction.jdbc.JdbcTransaction  - Resetting autocommit to true on JDBC Connection [conn68: url=jdbc:h2:mem:activiti-AsyncExecutorTest user=SA]
10:47:52,273 [Thread-112] DEBUG org.apache.ibatis.transaction.jdbc.JdbcTransaction  - Closing JDBC Connection [conn68: url=jdbc:h2:mem:activiti-AsyncExecutorTest user=SA]
10:47:52,273 [Thread-112] DEBUG org.apache.ibatis.datasource.pooled.PooledDataSource  - Returned connection 58501658 to pool.
10:47:52,273 [Thread-112] DEBUG org.activiti.engine.impl.interceptor.LogInterceptor  - --- AcquireAsyncJobsDueCmd finished --------------------------------------------------------
10:47:52,273 [Thread-112] DEBUG org.activiti.engine.impl.interceptor.LogInterceptor  - 

10:47:52,273 [Thread-112] DEBUG org.activiti.engine.impl.asyncexecutor.AcquireAsyncJobsDueRunnable  - async job acquisition thread sleeping for 50 millis
10:47:52,288 [Thread-102] DEBUG org.activiti.engine.impl.asyncexecutor.AcquireTimerJobsRunnable  - timer job acquisition thread woke up
10:47:52,288 [Thread-105] DEBUG org.activiti.engine.impl.asyncexecutor.AcquireTimerJobsRunnable  - timer job acquisition thread woke up
10:47:52,288 [Thread-103] DEBUG org.activiti.engine.impl.asyncexecutor.AcquireAsyncJobsDueRunnable  - async job acquisition thread woke up
10:47:52,288 [Thread-103] DEBUG org.activiti.engine.impl.interceptor.LogInterceptor  - 

10:47:52,288 [Thread-103] DEBUG org.activiti.engine.impl.interceptor.LogInterceptor  - --- starting AcquireAsyncJobsDueCmd --------------------------------------------------------
10:47:52,288 [Thread-111] DEBUG org.activiti.engine.impl.asyncexecutor.AcquireTimerJobsRunnable  - timer job acquisition thread woke up
10:47:52,288 [Thread-111] DEBUG org.activiti.engine.impl.interceptor.LogInterceptor  - 

10:47:52,288 [Thread-111] DEBUG org.activiti.engine.impl.interceptor.LogInterceptor  - --- starting AcquireTimerJobsCmd --------------------------------------------------------
10:47:52,288 [Thread-106] DEBUG org.activiti.engine.impl.asyncexecutor.AcquireAsyncJobsDueRunnable  - async job acquisition thread woke up
10:47:52,288 [Thread-106] DEBUG org.activiti.engine.impl.interceptor.LogInterceptor  - 

10:47:52,288 [Thread-106] DEBUG org.activiti.engine.impl.interceptor.LogInterceptor  - --- starting AcquireAsyncJobsDueCmd --------------------------------------------------------
10:47:52,288 [Thread-111] DEBUG org.apache.ibatis.transaction.jdbc.JdbcTransaction  - Opening JDBC Connection
10:47:52,288 [Thread-111] DEBUG org.apache.ibatis.datasource.pooled.PooledDataSource  - Checked out connection 1863805930 from pool.
10:47:52,288 [Thread-103] DEBUG org.apache.ibatis.transaction.jdbc.JdbcTransaction  - Opening JDBC Connection
10:47:52,288 [Thread-103] DEBUG org.apache.ibatis.datasource.pooled.PooledDataSource  - Checked out connection 720039383 from pool.
10:47:52,288 [Thread-103] DEBUG org.apache.ibatis.transaction.jdbc.JdbcTransaction  - Setting autocommit to false on JDBC Connection [conn59: url=jdbc:h2:mem:activiti-AsyncExecutorTest user=SA]
10:47:52,288 [Thread-105] DEBUG org.activiti.engine.impl.interceptor.LogInterceptor  - 

10:47:52,288 [Thread-105] DEBUG org.activiti.engine.impl.interceptor.LogInterceptor  - --- starting AcquireTimerJobsCmd --------------------------------------------------------
10:47:52,288 [Thread-102] DEBUG org.activiti.engine.impl.interceptor.LogInterceptor  - 

10:47:52,288 [Thread-102] DEBUG org.activiti.engine.impl.interceptor.LogInterceptor  - --- starting AcquireTimerJobsCmd --------------------------------------------------------
10:47:52,288 [Thread-102] DEBUG org.apache.ibatis.transaction.jdbc.JdbcTransaction  - Opening JDBC Connection
10:47:52,289 [Thread-102] DEBUG org.apache.ibatis.datasource.pooled.PooledDataSource  - Checked out connection 157985567 from pool.
10:47:52,289 [Thread-102] DEBUG org.apache.ibatis.transaction.jdbc.JdbcTransaction  - Setting autocommit to false on JDBC Connection [conn61: url=jdbc:h2:mem:activiti-AsyncExecutorTest user=SA]
10:47:52,288 [Thread-105] DEBUG org.apache.ibatis.transaction.jdbc.JdbcTransaction  - Opening JDBC Connection
10:47:52,289 [Thread-105] DEBUG org.apache.ibatis.datasource.pooled.PooledDataSource  - Checked out connection 54468349 from pool.
10:47:52,289 [Thread-105] DEBUG org.apache.ibatis.transaction.jdbc.JdbcTransaction  - Setting autocommit to false on JDBC Connection [conn64: url=jdbc:h2:mem:activiti-AsyncExecutorTest user=SA]
10:47:52,288 [Thread-103] DEBUG org.activiti.engine.impl.persistence.entity.JobEntity.selectAsyncJobsDueToExecute  - ==&gt;  Preparing: select RES.* from ACT_RU_JOB RES LEFT OUTER JOIN ACT_RU_EXECUTION PI ON PI.ID_ = RES.PROCESS_INSTANCE_ID_ where RES.RETRIES_ &gt; 0 and RES.DUEDATE_ is not null and RES.DUEDATE_ &lt;= ? and (RES.LOCK_EXP_TIME_ is null or RES.LOCK_EXP_TIME_ &lt;= ?) and TYPE_ = &apos;message&apos; and ( (RES.EXECUTION_ID_ is null) or (PI.SUSPENSION_STATE_ = 1) ) LIMIT ? OFFSET ? 
10:47:52,288 [Thread-111] DEBUG org.apache.ibatis.transaction.jdbc.JdbcTransaction  - Setting autocommit to false on JDBC Connection [conn69: url=jdbc:h2:mem:activiti-AsyncExecutorTest user=SA]
10:47:52,289 [Thread-111] DEBUG org.activiti.engine.impl.persistence.entity.JobEntity.selectNextTimerJobsToExecute  - ==&gt;  Preparing: select RES.* from ACT_RU_JOB RES LEFT OUTER JOIN ACT_RU_EXECUTION PI ON PI.ID_ = RES.PROCESS_INSTANCE_ID_ where (RES.RETRIES_ &gt; 0) and (RES.DUEDATE_ is null or RES.DUEDATE_ &lt;= ?) and (RES.LOCK_OWNER_ is null or RES.LOCK_EXP_TIME_ &lt;= ?) and TYPE_ = &apos;timer&apos; and ( (RES.EXECUTION_ID_ is null) or (PI.SUSPENSION_STATE_ = 1) ) LIMIT ? OFFSET ? 
10:47:52,288 [Thread-106] DEBUG org.apache.ibatis.transaction.jdbc.JdbcTransaction  - Opening JDBC Connection
10:47:52,289 [Thread-106] DEBUG org.apache.ibatis.datasource.pooled.PooledDataSource  - Checked out connection 996762054 from pool.
10:47:52,289 [Thread-106] DEBUG org.apache.ibatis.transaction.jdbc.JdbcTransaction  - Setting autocommit to false on JDBC Connection [conn65: url=jdbc:h2:mem:activiti-AsyncExecutorTest user=SA]
10:47:52,289 [Thread-111] DEBUG org.activiti.engine.impl.persistence.entity.JobEntity.selectNextTimerJobsToExecute  - ==&gt; Parameters: 2023-03-20 10:48:50.669(Timestamp), 2023-03-20 10:48:50.669(Timestamp), 1(Integer), 0(Integer)
10:47:52,289 [Thread-103] DEBUG org.activiti.engine.impl.persistence.entity.JobEntity.selectAsyncJobsDueToExecute  - ==&gt; Parameters: 2023-03-20 10:48:50.669(Timestamp), 2023-03-20 10:48:50.669(Timestamp), 1(Integer), 0(Integer)
10:47:52,289 [Thread-105] DEBUG org.activiti.engine.impl.persistence.entity.JobEntity.selectNextTimerJobsToExecute  - ==&gt;  Preparing: select RES.* from ACT_RU_JOB RES LEFT OUTER JOIN ACT_RU_EXECUTION PI ON PI.ID_ = RES.PROCESS_INSTANCE_ID_ where (RES.RETRIES_ &gt; 0) and (RES.DUEDATE_ is null or RES.DUEDATE_ &lt;= ?) and (RES.LOCK_OWNER_ is null or RES.LOCK_EXP_TIME_ &lt;= ?) and TYPE_ = &apos;timer&apos; and ( (RES.EXECUTION_ID_ is null) or (PI.SUSPENSION_STATE_ = 1) ) LIMIT ? OFFSET ? 
10:47:52,289 [Thread-102] DEBUG org.activiti.engine.impl.persistence.entity.JobEntity.selectNextTimerJobsToExecute  - ==&gt;  Preparing: select RES.* from ACT_RU_JOB RES LEFT OUTER JOIN ACT_RU_EXECUTION PI ON PI.ID_ = RES.PROCESS_INSTANCE_ID_ where (RES.RETRIES_ &gt; 0) and (RES.DUEDATE_ is null or RES.DUEDATE_ &lt;= ?) and (RES.LOCK_OWNER_ is null or RES.LOCK_EXP_TIME_ &lt;= ?) and TYPE_ = &apos;timer&apos; and ( (RES.EXECUTION_ID_ is null) or (PI.SUSPENSION_STATE_ = 1) ) LIMIT ? OFFSET ? 
10:47:52,289 [Thread-105] DEBUG org.activiti.engine.impl.persistence.entity.JobEntity.selectNextTimerJobsToExecute  - ==&gt; Parameters: 2023-03-20 10:48:50.669(Timestamp), 2023-03-20 10:48:50.669(Timestamp), 1(Integer), 0(Integer)
10:47:52,289 [Thread-103] DEBUG org.activiti.engine.impl.persistence.entity.JobEntity.selectAsyncJobsDueToExecute  - &lt;==      Total: 0
10:47:52,289 [Thread-103] DEBUG org.activiti.engine.impl.db.DbSqlSession  - flush summary: 0 insert, 0 update, 0 delete.
10:47:52,289 [Thread-103] DEBUG org.activiti.engine.impl.db.DbSqlSession  - now executing flush...
10:47:52,289 [Thread-103] DEBUG org.activiti.engine.impl.cfg.standalone.StandaloneMybatisTransactionContext  - firing event committing...
10:47:52,289 [Thread-103] DEBUG org.activiti.engine.impl.cfg.standalone.StandaloneMybatisTransactionContext  - committing the ibatis sql session...
10:47:52,289 [Thread-103] DEBUG org.activiti.engine.impl.cfg.standalone.StandaloneMybatisTransactionContext  - firing event committed...
10:47:52,289 [Thread-103] DEBUG org.apache.ibatis.transaction.jdbc.JdbcTransaction  - Resetting autocommit to true on JDBC Connection [conn59: url=jdbc:h2:mem:activiti-AsyncExecutorTest user=SA]
10:47:52,289 [Thread-103] DEBUG org.apache.ibatis.transaction.jdbc.JdbcTransaction  - Closing JDBC Connection [conn59: url=jdbc:h2:mem:activiti-AsyncExecutorTest user=SA]
10:47:52,289 [Thread-103] DEBUG org.apache.ibatis.datasource.pooled.PooledDataSource  - Returned connection 720039383 to pool.
10:47:52,289 [Thread-103] DEBUG org.activiti.engine.impl.interceptor.LogInterceptor  - --- AcquireAsyncJobsDueCmd finished --------------------------------------------------------
10:47:52,289 [Thread-103] DEBUG org.activiti.engine.impl.interceptor.LogInterceptor  - 

10:47:52,289 [Thread-103] DEBUG org.activiti.engine.impl.asyncexecutor.AcquireAsyncJobsDueRunnable  - async job acquisition thread sleeping for 50 millis
10:47:52,289 [Thread-111] DEBUG org.activiti.engine.impl.persistence.entity.JobEntity.selectNextTimerJobsToExecute  - &lt;==      Total: 0
10:47:52,289 [Thread-111] DEBUG org.activiti.engine.impl.db.DbSqlSession  - flush summary: 0 insert, 0 update, 0 delete.
10:47:52,289 [Thread-111] DEBUG org.activiti.engine.impl.db.DbSqlSession  - now executing flush...
10:47:52,289 [Thread-111] DEBUG org.activiti.engine.impl.cfg.standalone.StandaloneMybatisTransactionContext  - firing event committing...
10:47:52,289 [Thread-111] DEBUG org.activiti.engine.impl.cfg.standalone.StandaloneMybatisTransactionContext  - committing the ibatis sql session...
10:47:52,289 [Thread-111] DEBUG org.activiti.engine.impl.cfg.standalone.StandaloneMybatisTransactionContext  - firing event committed...
10:47:52,289 [Thread-111] DEBUG org.apache.ibatis.transaction.jdbc.JdbcTransaction  - Resetting autocommit to true on JDBC Connection [conn69: url=jdbc:h2:mem:activiti-AsyncExecutorTest user=SA]
10:47:52,289 [Thread-111] DEBUG org.apache.ibatis.transaction.jdbc.JdbcTransaction  - Closing JDBC Connection [conn69: url=jdbc:h2:mem:activiti-AsyncExecutorTest user=SA]
10:47:52,290 [Thread-111] DEBUG org.apache.ibatis.datasource.pooled.PooledDataSource  - Returned connection 1863805930 to pool.
10:47:52,290 [Thread-111] DEBUG org.activiti.engine.impl.interceptor.LogInterceptor  - --- AcquireTimerJobsCmd finished --------------------------------------------------------
10:47:52,290 [Thread-111] DEBUG org.activiti.engine.impl.interceptor.LogInterceptor  - 

10:47:52,289 [Thread-106] DEBUG org.activiti.engine.impl.persistence.entity.JobEntity.selectAsyncJobsDueToExecute  - ==&gt;  Preparing: select RES.* from ACT_RU_JOB RES LEFT OUTER JOIN ACT_RU_EXECUTION PI ON PI.ID_ = RES.PROCESS_INSTANCE_ID_ where RES.RETRIES_ &gt; 0 and RES.DUEDATE_ is not null and RES.DUEDATE_ &lt;= ? and (RES.LOCK_EXP_TIME_ is null or RES.LOCK_EXP_TIME_ &lt;= ?) and TYPE_ = &apos;message&apos; and ( (RES.EXECUTION_ID_ is null) or (PI.SUSPENSION_STATE_ = 1) ) LIMIT ? OFFSET ? 
10:47:52,290 [Thread-106] DEBUG org.activiti.engine.impl.persistence.entity.JobEntity.selectAsyncJobsDueToExecute  - ==&gt; Parameters: 2023-03-20 10:48:50.669(Timestamp), 2023-03-20 10:48:50.669(Timestamp), 1(Integer), 0(Integer)
10:47:52,290 [Thread-111] DEBUG org.activiti.engine.impl.asyncexecutor.AcquireTimerJobsRunnable  - timer job acquisition thread sleeping for 50 millis
10:47:52,289 [Thread-105] DEBUG org.activiti.engine.impl.persistence.entity.JobEntity.selectNextTimerJobsToExecute  - &lt;==      Total: 0
10:47:52,289 [Thread-102] DEBUG org.activiti.engine.impl.persistence.entity.JobEntity.selectNextTimerJobsToExecute  - ==&gt; Parameters: 2023-03-20 10:48:50.669(Timestamp), 2023-03-20 10:48:50.669(Timestamp), 1(Integer), 0(Integer)
10:47:52,290 [Thread-102] DEBUG org.activiti.engine.impl.persistence.entity.JobEntity.selectNextTimerJobsToExecute  - &lt;==      Total: 0
10:47:52,290 [Thread-102] DEBUG org.activiti.engine.impl.db.DbSqlSession  - flush summary: 0 insert, 0 update, 0 delete.
10:47:52,290 [Thread-102] DEBUG org.activiti.engine.impl.db.DbSqlSession  - now executing flush...
10:47:52,290 [Thread-102] DEBUG org.activiti.engine.impl.cfg.standalone.StandaloneMybatisTransactionContext  - firing event committing...
10:47:52,290 [Thread-102] DEBUG org.activiti.engine.impl.cfg.standalone.StandaloneMybatisTransactionContext  - committing the ibatis sql session...
10:47:52,290 [Thread-102] DEBUG org.activiti.engine.impl.cfg.standalone.StandaloneMybatisTransactionContext  - firing event committed...
10:47:52,290 [Thread-102] DEBUG org.apache.ibatis.transaction.jdbc.JdbcTransaction  - Resetting autocommit to true on JDBC Connection [conn61: url=jdbc:h2:mem:activiti-AsyncExecutorTest user=SA]
10:47:52,290 [Thread-105] DEBUG org.activiti.engine.impl.db.DbSqlSession  - flush summary: 0 insert, 0 update, 0 delete.
10:47:52,290 [Thread-105] DEBUG org.activiti.engine.impl.db.DbSqlSession  - now executing flush...
10:47:52,290 [Thread-105] DEBUG org.activiti.engine.impl.cfg.standalone.StandaloneMybatisTransactionContext  - firing event committing...
10:47:52,290 [Thread-105] DEBUG org.activiti.engine.impl.cfg.standalone.StandaloneMybatisTransactionContext  - committing the ibatis sql session...
10:47:52,290 [Thread-105] DEBUG org.activiti.engine.impl.cfg.standalone.StandaloneMybatisTransactionContext  - firing event committed...
10:47:52,290 [Thread-106] DEBUG org.activiti.engine.impl.persistence.entity.JobEntity.selectAsyncJobsDueToExecute  - &lt;==      Total: 0
10:47:52,290 [Thread-106] DEBUG org.activiti.engine.impl.db.DbSqlSession  - flush summary: 0 insert, 0 update, 0 delete.
10:47:52,290 [Thread-106] DEBUG org.activiti.engine.impl.db.DbSqlSession  - now executing flush...
10:47:52,290 [Thread-106] DEBUG org.activiti.engine.impl.cfg.standalone.StandaloneMybatisTransactionContext  - firing event committing...
10:47:52,290 [Thread-106] DEBUG org.activiti.engine.impl.cfg.standalone.StandaloneMybatisTransactionContext  - committing the ibatis sql session...
10:47:52,290 [Thread-106] DEBUG org.activiti.engine.impl.cfg.standalone.StandaloneMybatisTransactionContext  - firing event committed...
10:47:52,290 [Thread-106] DEBUG org.apache.ibatis.transaction.jdbc.JdbcTransaction  - Resetting autocommit to true on JDBC Connection [conn65: url=jdbc:h2:mem:activiti-AsyncExecutorTest user=SA]
10:47:52,290 [Thread-106] DEBUG org.apache.ibatis.transaction.jdbc.JdbcTransaction  - Closing JDBC Connection [conn65: url=jdbc:h2:mem:activiti-AsyncExecutorTest user=SA]
10:47:52,290 [Thread-106] DEBUG org.apache.ibatis.datasource.pooled.PooledDataSource  - Returned connection 996762054 to pool.
10:47:52,290 [Thread-106] DEBUG org.activiti.engine.impl.interceptor.LogInterceptor  - --- AcquireAsyncJobsDueCmd finished --------------------------------------------------------
10:47:52,290 [Thread-106] DEBUG org.activiti.engine.impl.interceptor.LogInterceptor  - 

10:47:52,290 [Thread-106] DEBUG org.activiti.engine.impl.asyncexecutor.AcquireAsyncJobsDueRunnable  - async job acquisition thread sleeping for 50 millis
10:47:52,290 [Thread-105] DEBUG org.apache.ibatis.transaction.jdbc.JdbcTransaction  - Resetting autocommit to true on JDBC Connection [conn64: url=jdbc:h2:mem:activiti-AsyncExecutorTest user=SA]
10:47:52,290 [Thread-102] DEBUG org.apache.ibatis.transaction.jdbc.JdbcTransaction  - Closing JDBC Connection [conn61: url=jdbc:h2:mem:activiti-AsyncExecutorTest user=SA]
10:47:52,290 [Thread-102] DEBUG org.apache.ibatis.datasource.pooled.PooledDataSource  - Returned connection 157985567 to pool.
10:47:52,290 [Thread-102] DEBUG org.activiti.engine.impl.interceptor.LogInterceptor  - --- AcquireTimerJobsCmd finished --------------------------------------------------------
10:47:52,290 [Thread-102] DEBUG org.activiti.engine.impl.interceptor.LogInterceptor  - 

10:47:52,290 [Thread-102] DEBUG org.activiti.engine.impl.asyncexecutor.AcquireTimerJobsRunnable  - timer job acquisition thread sleeping for 50 millis
10:47:52,290 [Thread-105] DEBUG org.apache.ibatis.transaction.jdbc.JdbcTransaction  - Closing JDBC Connection [conn64: url=jdbc:h2:mem:activiti-AsyncExecutorTest user=SA]
10:47:52,291 [Thread-105] DEBUG org.apache.ibatis.datasource.pooled.PooledDataSource  - Returned connection 54468349 to pool.
10:47:52,291 [Thread-105] DEBUG org.activiti.engine.impl.interceptor.LogInterceptor  - --- AcquireTimerJobsCmd finished --------------------------------------------------------
10:47:52,291 [Thread-105] DEBUG org.activiti.engine.impl.interceptor.LogInterceptor  - 

10:47:52,291 [Thread-105] DEBUG org.activiti.engine.impl.asyncexecutor.AcquireTimerJobsRunnable  - timer job acquisition thread sleeping for 50 millis
10:47:52,304 [main] DEBUG org.activiti.engine.impl.interceptor.LogInterceptor  - 

10:47:52,304 [main] DEBUG org.activiti.engine.impl.interceptor.LogInterceptor  - --- starting JobQueryImpl --------------------------------------------------------
10:47:52,304 [main] DEBUG org.apache.ibatis.transaction.jdbc.JdbcTransaction  - Opening JDBC Connection
10:47:52,304 [main] DEBUG org.apache.ibatis.datasource.pooled.PooledDataSource  - Checked out connection 297240765 from pool.
10:47:52,304 [main] DEBUG org.apache.ibatis.transaction.jdbc.JdbcTransaction  - Setting autocommit to false on JDBC Connection [conn4: url=jdbc:h2:mem:activiti user=SA]
10:47:52,304 [main] DEBUG org.activiti.engine.impl.persistence.entity.JobEntity.selectJobByQueryCriteria  - ==&gt;  Preparing: select RES.* from ACT_RU_JOB RES order by order by RES.ID_ asc LIMIT ? OFFSET ? 
10:47:52,304 [main] DEBUG org.activiti.engine.impl.interceptor.CommandContext  - Error while closing command context
org.apache.ibatis.exceptions.PersistenceException: 
### Error querying database.  Cause: org.h2.jdbc.JdbcSQLException: Syntax error in SQL statement &quot;SELECT RES.* 
     
    FROM ACT_RU_JOB RES
     
      
   
     ORDER BY  ORDER[*] BY RES.ID_ ASC  
    LIMIT ? OFFSET ? &quot;; expected &quot;=, NOT, EXISTS, INTERSECTS, SELECT, FROM&quot;; SQL statement:
select RES.* 
     
    from ACT_RU_JOB RES
     
      
   
     order by  order by RES.ID_ asc  
    LIMIT ? OFFSET ? [42001-176]
### The error may exist in org/activiti/db/mapping/entity/Job.xml
### The error may involve org.activiti.engine.impl.persistence.entity.JobEntity.selectJobByQueryCriteria
### The error occurred while executing a query
### SQL: select RES.*            from ACT_RU_JOB RES                       order by  order by RES.ID_ asc       LIMIT ? OFFSET ?
### Cause: org.h2.jdbc.JdbcSQLException: Syntax error in SQL statement &quot;SELECT RES.* 
     
    FROM ACT_RU_JOB RES
     
      
   
     ORDER BY  ORDER[*] BY RES.ID_ ASC  
    LIMIT ? OFFSET ? &quot;; expected &quot;=, NOT, EXISTS, INTERSECTS, SELECT, FROM&quot;; SQL statement:
select RES.* 
     
    from ACT_RU_JOB RES
     
      
   
     order by  order by RES.ID_ asc  
    LIMIT ? OFFSET ? [42001-176]
	at org.apache.ibatis.exceptions.ExceptionFactory.wrapException(ExceptionFactory.java:30)
	at org.apache.ibatis.session.defaults.DefaultSqlSession.selectList(DefaultSqlSession.java:122)
	at org.apache.ibatis.session.defaults.DefaultSqlSession.selectList(DefaultSqlSession.java:113)
	at org.activiti.engine.impl.db.DbSqlSession.selectListWithRawParameter(DbSqlSession.java:438)
	at org.activiti.engine.impl.db.DbSqlSession.selectList(DbSqlSession.java:429)
	at org.activiti.engine.impl.db.DbSqlSession.selectList(DbSqlSession.java:419)
	at org.activiti.engine.impl.persistence.entity.JobEntityManager.findJobsByQueryCriteria(JobEntityManager.java:198)
	at org.activiti.engine.impl.JobQueryImpl.executeList(JobQueryImpl.java:243)
	at org.activiti.engine.impl.AbstractQuery.execute(AbstractQuery.java:164)
	at org.activiti.engine.impl.interceptor.CommandInvoker.execute(CommandInvoker.java:24)
	at org.activiti.engine.impl.interceptor.CommandContextInterceptor.execute(CommandContextInterceptor.java:57)
	at org.activiti.engine.impl.interceptor.LogInterceptor.execute(LogInterceptor.java:37)
	at org.activiti.engine.impl.cfg.CommandExecutorImpl.execute(CommandExecutorImpl.java:40)
	at org.activiti.engine.impl.cfg.CommandExecutorImpl.execute(CommandExecutorImpl.java:35)
	at org.activiti.engine.impl.AbstractQuery.list(AbstractQuery.java:138)
	at org.activiti.engine.impl.test.JobTestHelper.areJobsAvailable(JobTestHelper.java:194)
	at org.activiti.engine.impl.test.JobTestHelper.waitForJobExecutorToProcessAllJobs(JobTestHelper.java:74)
	at org.activiti.engine.impl.test.JobTestHelper.waitForJobExecutorToProcessAllJobs(JobTestHelper.java:47)
	at org.activiti.engine.impl.test.AbstractActivitiTestCase.waitForJobExecutorToProcessAllJobs(AbstractActivitiTestCase.java:204)
	at org.activiti.engine.test.jobexecutor.JobExecutorTest.testBasicJobExecutorOperation(JobExecutorTest.java:53)
	at sun.reflect.NativeMethodAccessorImpl.invoke0(Native Method)
	at sun.reflect.NativeMethodAccessorImpl.invoke(NativeMethodAccessorImpl.java:62)
	at sun.reflect.DelegatingMethodAccessorImpl.invoke(DelegatingMethodAccessorImpl.java:43)
	at java.lang.reflect.Method.invoke(Method.java:498)
	at junit.framework.TestCase.runTest(TestCase.java:176)
	at org.activiti.engine.impl.test.PvmTestCase.runTest(PvmTestCase.java:65)
	at junit.framework.TestCase.runBare(TestCase.java:141)
	at org.activiti.engine.impl.test.AbstractActivitiTestCase.runBare(AbstractActivitiTestCase.java:100)
	at junit.framework.TestResult$1.protect(TestResult.java:122)
	at junit.framework.TestResult.runProtected(TestResult.java:142)
	at junit.framework.TestResult.run(TestResult.java:125)
	at junit.framework.TestCase.run(TestCase.java:129)
	at junit.framework.TestSuite.runTest(TestSuite.java:255)
	at junit.framework.TestSuite.run(TestSuite.java:250)
	at org.junit.internal.runners.JUnit38ClassRunner.run(JUnit38ClassRunner.java:84)
	at org.apache.maven.surefire.junit4.JUnit4TestSet.execute(JUnit4TestSet.java:35)
	at org.apache.maven.surefire.junit4.JUnit4Provider.executeTestSet(JUnit4Provider.java:146)
	at org.apache.maven.surefire.junit4.JUnit4Provider.invoke(JUnit4Provider.java:97)
	at sun.reflect.NativeMethodAccessorImpl.invoke0(Native Method)
	at sun.reflect.NativeMethodAccessorImpl.invoke(NativeMethodAccessorImpl.java:62)
	at sun.reflect.DelegatingMethodAccessorImpl.invoke(DelegatingMethodAccessorImpl.java:43)
	at java.lang.reflect.Method.invoke(Method.java:498)
	at org.apache.maven.surefire.booter.ProviderFactory$ClassLoaderProxy.invoke(ProviderFactory.java:103)
	at com.sun.proxy.$Proxy0.invoke(Unknown Source)
	at org.apache.maven.surefire.booter.SurefireStarter.invokeProvider(SurefireStarter.java:145)
	at org.apache.maven.surefire.booter.SurefireStarter.runSuitesInProcess(SurefireStarter.java:87)
	at org.apache.maven.surefire.booter.ForkedBooter.main(ForkedBooter.java:69)
Caused by: org.h2.jdbc.JdbcSQLException: Syntax error in SQL statement &quot;SELECT RES.* 
     
    FROM ACT_RU_JOB RES
     
      
   
     ORDER BY  ORDER[*] BY RES.ID_ ASC  
    LIMIT ? OFFSET ? &quot;; expected &quot;=, NOT, EXISTS, INTERSECTS, SELECT, FROM&quot;; SQL statement:
select RES.* 
     
    from ACT_RU_JOB RES
     
      
   
     order by  order by RES.ID_ asc  
    LIMIT ? OFFSET ? [42001-176]
	at org.h2.message.DbException.getJdbcSQLException(DbException.java:344)
	at org.h2.message.DbException.getSyntaxError(DbException.java:204)
	at org.h2.command.Parser.getSyntaxError(Parser.java:524)
	at org.h2.command.Parser.readTerm(Parser.java:2688)
	at org.h2.command.Parser.readFactor(Parser.java:2244)
	at org.h2.command.Parser.readSum(Parser.java:2231)
	at org.h2.command.Parser.readConcat(Parser.java:2201)
	at org.h2.command.Parser.readCondition(Parser.java:2051)
	at org.h2.command.Parser.readAnd(Parser.java:2023)
	at org.h2.command.Parser.readExpression(Parser.java:2015)
	at org.h2.command.Parser.parseEndOfQuery(Parser.java:1726)
	at org.h2.command.Parser.parseSelectUnionExtension(Parser.java:1706)
	at org.h2.command.Parser.parseSelectUnion(Parser.java:1675)
	at org.h2.command.Parser.parseSelect(Parser.java:1662)
	at org.h2.command.Parser.parsePrepared(Parser.java:434)
	at org.h2.command.Parser.parse(Parser.java:306)
	at org.h2.command.Parser.parse(Parser.java:282)
	at org.h2.command.Parser.prepareCommand(Parser.java:243)
	at org.h2.engine.Session.prepareLocal(Session.java:442)
	at org.h2.engine.Session.prepareCommand(Session.java:384)
	at org.h2.jdbc.JdbcConnection.prepareCommand(JdbcConnection.java:1188)
	at org.h2.jdbc.JdbcPreparedStatement.&lt;init&gt;(JdbcPreparedStatement.java:73)
	at org.h2.jdbc.JdbcConnection.prepareStatement(JdbcConnection.java:276)
	at sun.reflect.GeneratedMethodAccessor6.invoke(Unknown Source)
	at sun.reflect.DelegatingMethodAccessorImpl.invoke(DelegatingMethodAccessorImpl.java:43)
	at java.lang.reflect.Method.invoke(Method.java:498)
	at org.apache.ibatis.datasource.pooled.PooledConnection.invoke(PooledConnection.java:245)
	at com.sun.proxy.$Proxy12.prepareStatement(Unknown Source)
	at sun.reflect.GeneratedMethodAccessor6.invoke(Unknown Source)
	at sun.reflect.DelegatingMethodAccessorImpl.invoke(DelegatingMethodAccessorImpl.java:43)
	at java.lang.reflect.Method.invoke(Method.java:498)
	at org.apache.ibatis.logging.jdbc.ConnectionLogger.invoke(ConnectionLogger.java:55)
	at com.sun.proxy.$Proxy12.prepareStatement(Unknown Source)
	at org.apache.ibatis.executor.statement.PreparedStatementHandler.instantiateStatement(PreparedStatementHandler.java:79)
	at org.apache.ibatis.executor.statement.BaseStatementHandler.prepare(BaseStatementHandler.java:88)
	at org.apache.ibatis.executor.statement.RoutingStatementHandler.prepare(RoutingStatementHandler.java:58)
	at org.apache.ibatis.executor.SimpleExecutor.prepareStatement(SimpleExecutor.java:76)
	at org.apache.ibatis.executor.SimpleExecutor.doQuery(SimpleExecutor.java:61)
	at org.apache.ibatis.executor.BaseExecutor.queryFromDatabase(BaseExecutor.java:303)
	at org.apache.ibatis.executor.BaseExecutor.query(BaseExecutor.java:154)
	at org.apache.ibatis.executor.CachingExecutor.query(CachingExecutor.java:102)
	at org.apache.ibatis.executor.CachingExecutor.query(CachingExecutor.java:82)
	at org.apache.ibatis.session.defaults.DefaultSqlSession.selectList(DefaultSqlSession.java:120)
	... 45 more
10:47:52,305 [main] DEBUG org.activiti.engine.impl.cfg.standalone.StandaloneMybatisTransactionContext  - firing event rolling back...
10:47:52,305 [main] DEBUG org.activiti.engine.impl.cfg.standalone.StandaloneMybatisTransactionContext  - rolling back ibatis sql session...
10:47:52,305 [main] DEBUG org.activiti.engine.impl.cfg.standalone.StandaloneMybatisTransactionContext  - firing event rolled back...
10:47:52,305 [main] DEBUG org.apache.ibatis.transaction.jdbc.JdbcTransaction  - Resetting autocommit to true on JDBC Connection [conn4: url=jdbc:h2:mem:activiti user=SA]
10:47:52,305 [main] DEBUG org.apache.ibatis.transaction.jdbc.JdbcTransaction  - Closing JDBC Connection [conn4: url=jdbc:h2:mem:activiti user=SA]
10:47:52,305 [main] DEBUG org.apache.ibatis.datasource.pooled.PooledDataSource  - Returned connection 297240765 to pool.
10:47:52,305 [main] DEBUG org.activiti.engine.impl.interceptor.LogInterceptor  - --- JobQueryImpl finished --------------------------------------------------------
10:47:52,305 [main] DEBUG org.activiti.engine.impl.interceptor.LogInterceptor  - 

10:47:52,336 [Thread-112] DEBUG org.activiti.engine.impl.asyncexecutor.AcquireAsyncJobsDueRunnable  - async job acquisition thread woke up
10:47:52,336 [Thread-112] DEBUG org.activiti.engine.impl.interceptor.LogInterceptor  - 

10:47:52,336 [Thread-112] DEBUG org.activiti.engine.impl.interceptor.LogInterceptor  - --- starting AcquireAsyncJobsDueCmd --------------------------------------------------------
10:47:52,336 [Thread-112] DEBUG org.apache.ibatis.transaction.jdbc.JdbcTransaction  - Opening JDBC Connection
10:47:52,336 [Thread-112] DEBUG org.apache.ibatis.datasource.pooled.PooledDataSource  - Checked out connection 604408605 from pool.
10:47:52,336 [Thread-112] DEBUG org.apache.ibatis.transaction.jdbc.JdbcTransaction  - Setting autocommit to false on JDBC Connection [conn70: url=jdbc:h2:mem:activiti-AsyncExecutorTest user=SA]
10:47:52,336 [Thread-112] DEBUG org.activiti.engine.impl.persistence.entity.JobEntity.selectAsyncJobsDueToExecute  - ==&gt;  Preparing: select RES.* from ACT_RU_JOB RES LEFT OUTER JOIN ACT_RU_EXECUTION PI ON PI.ID_ = RES.PROCESS_INSTANCE_ID_ where RES.RETRIES_ &gt; 0 and RES.DUEDATE_ is not null and RES.DUEDATE_ &lt;= ? and (RES.LOCK_EXP_TIME_ is null or RES.LOCK_EXP_TIME_ &lt;= ?) and TYPE_ = &apos;message&apos; and ( (RES.EXECUTION_ID_ is null) or (PI.SUSPENSION_STATE_ = 1) ) LIMIT ? OFFSET ? 
10:47:52,336 [Thread-112] DEBUG org.activiti.engine.impl.persistence.entity.JobEntity.selectAsyncJobsDueToExecute  - ==&gt; Parameters: 2023-03-20 10:48:50.669(Timestamp), 2023-03-20 10:48:50.669(Timestamp), 1(Integer), 0(Integer)
10:47:52,336 [Thread-112] DEBUG org.activiti.engine.impl.persistence.entity.JobEntity.selectAsyncJobsDueToExecute  - &lt;==      Total: 0
10:47:52,336 [Thread-112] DEBUG org.activiti.engine.impl.db.DbSqlSession  - flush summary: 0 insert, 0 update, 0 delete.
10:47:52,336 [Thread-112] DEBUG org.activiti.engine.impl.db.DbSqlSession  - now executing flush...
10:47:52,336 [Thread-112] DEBUG org.activiti.engine.impl.cfg.standalone.StandaloneMybatisTransactionContext  - firing event committing...
10:47:52,336 [Thread-112] DEBUG org.activiti.engine.impl.cfg.standalone.StandaloneMybatisTransactionContext  - committing the ibatis sql session...
10:47:52,336 [Thread-112] DEBUG org.activiti.engine.impl.cfg.standalone.StandaloneMybatisTransactionContext  - firing event committed...
10:47:52,336 [Thread-112] DEBUG org.apache.ibatis.transaction.jdbc.JdbcTransaction  - Resetting autocommit to true on JDBC Connection [conn70: url=jdbc:h2:mem:activiti-AsyncExecutorTest user=SA]
10:47:52,336 [Thread-112] DEBUG org.apache.ibatis.transaction.jdbc.JdbcTransaction  - Closing JDBC Connection [conn70: url=jdbc:h2:mem:activiti-AsyncExecutorTest user=SA]
10:47:52,336 [Thread-112] DEBUG org.apache.ibatis.datasource.pooled.PooledDataSource  - Returned connection 604408605 to pool.
10:47:52,336 [Thread-112] DEBUG org.activiti.engine.impl.interceptor.LogInterceptor  - --- AcquireAsyncJobsDueCmd finished --------------------------------------------------------
10:47:52,336 [Thread-112] DEBUG org.activiti.engine.impl.interceptor.LogInterceptor  - 

10:47:52,336 [Thread-112] DEBUG org.activiti.engine.impl.asyncexecutor.AcquireAsyncJobsDueRunnable  - async job acquisition thread sleeping for 50 millis
10:47:52,352 [Thread-106] DEBUG org.activiti.engine.impl.asyncexecutor.AcquireAsyncJobsDueRunnable  - async job acquisition thread woke up
10:47:52,352 [Thread-103] DEBUG org.activiti.engine.impl.asyncexecutor.AcquireAsyncJobsDueRunnable  - async job acquisition thread woke up
10:47:52,352 [Thread-103] DEBUG org.activiti.engine.impl.interceptor.LogInterceptor  - 

10:47:52,352 [Thread-103] DEBUG org.activiti.engine.impl.interceptor.LogInterceptor  - --- starting AcquireAsyncJobsDueCmd --------------------------------------------------------
10:47:52,352 [Thread-111] DEBUG org.activiti.engine.impl.asyncexecutor.AcquireTimerJobsRunnable  - timer job acquisition thread woke up
10:47:52,352 [Thread-111] DEBUG org.activiti.engine.impl.interceptor.LogInterceptor  - 

10:47:52,352 [Thread-111] DEBUG org.activiti.engine.impl.interceptor.LogInterceptor  - --- starting AcquireTimerJobsCmd --------------------------------------------------------
10:47:52,352 [Thread-102] DEBUG org.activiti.engine.impl.asyncexecutor.AcquireTimerJobsRunnable  - timer job acquisition thread woke up
10:47:52,352 [Thread-102] DEBUG org.activiti.engine.impl.interceptor.LogInterceptor  - 

10:47:52,352 [Thread-102] DEBUG org.activiti.engine.impl.interceptor.LogInterceptor  - --- starting AcquireTimerJobsCmd --------------------------------------------------------
10:47:52,352 [Thread-105] DEBUG org.activiti.engine.impl.asyncexecutor.AcquireTimerJobsRunnable  - timer job acquisition thread woke up
10:47:52,352 [Thread-105] DEBUG org.activiti.engine.impl.interceptor.LogInterceptor  - 

10:47:52,352 [Thread-105] DEBUG org.activiti.engine.impl.interceptor.LogInterceptor  - --- starting AcquireTimerJobsCmd --------------------------------------------------------
10:47:52,352 [Thread-102] DEBUG org.apache.ibatis.transaction.jdbc.JdbcTransaction  - Opening JDBC Connection
10:47:52,352 [Thread-102] DEBUG org.apache.ibatis.datasource.pooled.PooledDataSource  - Checked out connection 33534803 from pool.
10:47:52,352 [Thread-111] DEBUG org.apache.ibatis.transaction.jdbc.JdbcTransaction  - Opening JDBC Connection
10:47:52,352 [Thread-111] DEBUG org.apache.ibatis.datasource.pooled.PooledDataSource  - Checked out connection 58501658 from pool.
10:47:52,352 [Thread-111] DEBUG org.apache.ibatis.transaction.jdbc.JdbcTransaction  - Setting autocommit to false on JDBC Connection [conn68: url=jdbc:h2:mem:activiti-AsyncExecutorTest user=SA]
10:47:52,352 [Thread-103] DEBUG org.apache.ibatis.transaction.jdbc.JdbcTransaction  - Opening JDBC Connection
10:47:52,352 [Thread-103] DEBUG org.apache.ibatis.datasource.pooled.PooledDataSource  - Checked out connection 720039383 from pool.
10:47:52,352 [Thread-103] DEBUG org.apache.ibatis.transaction.jdbc.JdbcTransaction  - Setting autocommit to false on JDBC Connection [conn59: url=jdbc:h2:mem:activiti-AsyncExecutorTest user=SA]
10:47:52,352 [Thread-106] DEBUG org.activiti.engine.impl.interceptor.LogInterceptor  - 

10:47:52,352 [Thread-106] DEBUG org.activiti.engine.impl.interceptor.LogInterceptor  - --- starting AcquireAsyncJobsDueCmd --------------------------------------------------------
10:47:52,352 [Thread-106] DEBUG org.apache.ibatis.transaction.jdbc.JdbcTransaction  - Opening JDBC Connection
10:47:52,352 [Thread-106] DEBUG org.apache.ibatis.datasource.pooled.PooledDataSource  - Checked out connection 1970103261 from pool.
10:47:52,352 [Thread-106] DEBUG org.apache.ibatis.transaction.jdbc.JdbcTransaction  - Setting autocommit to false on JDBC Connection [conn63: url=jdbc:h2:mem:activiti-AsyncExecutorTest user=SA]
10:47:52,352 [Thread-106] DEBUG org.activiti.engine.impl.persistence.entity.JobEntity.selectAsyncJobsDueToExecute  - ==&gt;  Preparing: select RES.* from ACT_RU_JOB RES LEFT OUTER JOIN ACT_RU_EXECUTION PI ON PI.ID_ = RES.PROCESS_INSTANCE_ID_ where RES.RETRIES_ &gt; 0 and RES.DUEDATE_ is not null and RES.DUEDATE_ &lt;= ? and (RES.LOCK_EXP_TIME_ is null or RES.LOCK_EXP_TIME_ &lt;= ?) and TYPE_ = &apos;message&apos; and ( (RES.EXECUTION_ID_ is null) or (PI.SUSPENSION_STATE_ = 1) ) LIMIT ? OFFSET ? 
10:47:52,352 [Thread-106] DEBUG org.activiti.engine.impl.persistence.entity.JobEntity.selectAsyncJobsDueToExecute  - ==&gt; Parameters: 2023-03-20 10:48:50.669(Timestamp), 2023-03-20 10:48:50.669(Timestamp), 1(Integer), 0(Integer)
10:47:52,352 [Thread-103] DEBUG org.activiti.engine.impl.persistence.entity.JobEntity.selectAsyncJobsDueToExecute  - ==&gt;  Preparing: select RES.* from ACT_RU_JOB RES LEFT OUTER JOIN ACT_RU_EXECUTION PI ON PI.ID_ = RES.PROCESS_INSTANCE_ID_ where RES.RETRIES_ &gt; 0 and RES.DUEDATE_ is not null and RES.DUEDATE_ &lt;= ? and (RES.LOCK_EXP_TIME_ is null or RES.LOCK_EXP_TIME_ &lt;= ?) and TYPE_ = &apos;message&apos; and ( (RES.EXECUTION_ID_ is null) or (PI.SUSPENSION_STATE_ = 1) ) LIMIT ? OFFSET ? 
10:47:52,352 [Thread-103] DEBUG org.activiti.engine.impl.persistence.entity.JobEntity.selectAsyncJobsDueToExecute  - ==&gt; Parameters: 2023-03-20 10:48:50.669(Timestamp), 2023-03-20 10:48:50.669(Timestamp), 1(Integer), 0(Integer)
10:47:52,352 [Thread-111] DEBUG org.activiti.engine.impl.persistence.entity.JobEntity.selectNextTimerJobsToExecute  - ==&gt;  Preparing: select RES.* from ACT_RU_JOB RES LEFT OUTER JOIN ACT_RU_EXECUTION PI ON PI.ID_ = RES.PROCESS_INSTANCE_ID_ where (RES.RETRIES_ &gt; 0) and (RES.DUEDATE_ is null or RES.DUEDATE_ &lt;= ?) and (RES.LOCK_OWNER_ is null or RES.LOCK_EXP_TIME_ &lt;= ?) and TYPE_ = &apos;timer&apos; and ( (RES.EXECUTION_ID_ is null) or (PI.SUSPENSION_STATE_ = 1) ) LIMIT ? OFFSET ? 
10:47:52,353 [Thread-111] DEBUG org.activiti.engine.impl.persistence.entity.JobEntity.selectNextTimerJobsToExecute  - ==&gt; Parameters: 2023-03-20 10:48:50.669(Timestamp), 2023-03-20 10:48:50.669(Timestamp), 1(Integer), 0(Integer)
10:47:52,353 [Thread-111] DEBUG org.activiti.engine.impl.persistence.entity.JobEntity.selectNextTimerJobsToExecute  - &lt;==      Total: 0
10:47:52,353 [Thread-111] DEBUG org.activiti.engine.impl.db.DbSqlSession  - flush summary: 0 insert, 0 update, 0 delete.
10:47:52,353 [Thread-111] DEBUG org.activiti.engine.impl.db.DbSqlSession  - now executing flush...
10:47:52,353 [Thread-111] DEBUG org.activiti.engine.impl.cfg.standalone.StandaloneMybatisTransactionContext  - firing event committing...
10:47:52,353 [Thread-111] DEBUG org.activiti.engine.impl.cfg.standalone.StandaloneMybatisTransactionContext  - committing the ibatis sql session...
10:47:52,353 [Thread-111] DEBUG org.activiti.engine.impl.cfg.standalone.StandaloneMybatisTransactionContext  - firing event committed...
10:47:52,352 [Thread-102] DEBUG org.apache.ibatis.transaction.jdbc.JdbcTransaction  - Setting autocommit to false on JDBC Connection [conn60: url=jdbc:h2:mem:activiti-AsyncExecutorTest user=SA]
10:47:52,353 [Thread-102] DEBUG org.activiti.engine.impl.persistence.entity.JobEntity.selectNextTimerJobsToExecute  - ==&gt;  Preparing: select RES.* from ACT_RU_JOB RES LEFT OUTER JOIN ACT_RU_EXECUTION PI ON PI.ID_ = RES.PROCESS_INSTANCE_ID_ where (RES.RETRIES_ &gt; 0) and (RES.DUEDATE_ is null or RES.DUEDATE_ &lt;= ?) and (RES.LOCK_OWNER_ is null or RES.LOCK_EXP_TIME_ &lt;= ?) and TYPE_ = &apos;timer&apos; and ( (RES.EXECUTION_ID_ is null) or (PI.SUSPENSION_STATE_ = 1) ) LIMIT ? OFFSET ? 
10:47:52,352 [Thread-105] DEBUG org.apache.ibatis.transaction.jdbc.JdbcTransaction  - Opening JDBC Connection
10:47:52,353 [Thread-105] DEBUG org.apache.ibatis.datasource.pooled.PooledDataSource  - Checked out connection 996762054 from pool.
10:47:52,353 [Thread-105] DEBUG org.apache.ibatis.transaction.jdbc.JdbcTransaction  - Setting autocommit to false on JDBC Connection [conn65: url=jdbc:h2:mem:activiti-AsyncExecutorTest user=SA]
10:47:52,353 [Thread-105] DEBUG org.activiti.engine.impl.persistence.entity.JobEntity.selectNextTimerJobsToExecute  - ==&gt;  Preparing: select RES.* from ACT_RU_JOB RES LEFT OUTER JOIN ACT_RU_EXECUTION PI ON PI.ID_ = RES.PROCESS_INSTANCE_ID_ where (RES.RETRIES_ &gt; 0) and (RES.DUEDATE_ is null or RES.DUEDATE_ &lt;= ?) and (RES.LOCK_OWNER_ is null or RES.LOCK_EXP_TIME_ &lt;= ?) and TYPE_ = &apos;timer&apos; and ( (RES.EXECUTION_ID_ is null) or (PI.SUSPENSION_STATE_ = 1) ) LIMIT ? OFFSET ? 
10:47:52,353 [Thread-102] DEBUG org.activiti.engine.impl.persistence.entity.JobEntity.selectNextTimerJobsToExecute  - ==&gt; Parameters: 2023-03-20 10:48:50.669(Timestamp), 2023-03-20 10:48:50.669(Timestamp), 1(Integer), 0(Integer)
10:47:52,353 [Thread-102] DEBUG org.activiti.engine.impl.persistence.entity.JobEntity.selectNextTimerJobsToExecute  - &lt;==      Total: 0
10:47:52,353 [Thread-111] DEBUG org.apache.ibatis.transaction.jdbc.JdbcTransaction  - Resetting autocommit to true on JDBC Connection [conn68: url=jdbc:h2:mem:activiti-AsyncExecutorTest user=SA]
10:47:52,352 [Thread-103] DEBUG org.activiti.engine.impl.persistence.entity.JobEntity.selectAsyncJobsDueToExecute  - &lt;==      Total: 0
10:47:52,353 [Thread-103] DEBUG org.activiti.engine.impl.db.DbSqlSession  - flush summary: 0 insert, 0 update, 0 delete.
10:47:52,353 [Thread-103] DEBUG org.activiti.engine.impl.db.DbSqlSession  - now executing flush...
10:47:52,353 [Thread-103] DEBUG org.activiti.engine.impl.cfg.standalone.StandaloneMybatisTransactionContext  - firing event committing...
10:47:52,353 [Thread-103] DEBUG org.activiti.engine.impl.cfg.standalone.StandaloneMybatisTransactionContext  - committing the ibatis sql session...
10:47:52,353 [Thread-103] DEBUG org.activiti.engine.impl.cfg.standalone.StandaloneMybatisTransactionContext  - firing event committed...
10:47:52,353 [Thread-103] DEBUG org.apache.ibatis.transaction.jdbc.JdbcTransaction  - Resetting autocommit to true on JDBC Connection [conn59: url=jdbc:h2:mem:activiti-AsyncExecutorTest user=SA]
10:47:52,353 [Thread-103] DEBUG org.apache.ibatis.transaction.jdbc.JdbcTransaction  - Closing JDBC Connection [conn59: url=jdbc:h2:mem:activiti-AsyncExecutorTest user=SA]
10:47:52,353 [Thread-103] DEBUG org.apache.ibatis.datasource.pooled.PooledDataSource  - Returned connection 720039383 to pool.
10:47:52,353 [Thread-103] DEBUG org.activiti.engine.impl.interceptor.LogInterceptor  - --- AcquireAsyncJobsDueCmd finished --------------------------------------------------------
10:47:52,353 [Thread-103] DEBUG org.activiti.engine.impl.interceptor.LogInterceptor  - 

10:47:52,353 [Thread-103] DEBUG org.activiti.engine.impl.asyncexecutor.AcquireAsyncJobsDueRunnable  - async job acquisition thread sleeping for 50 millis
10:47:52,352 [Thread-106] DEBUG org.activiti.engine.impl.persistence.entity.JobEntity.selectAsyncJobsDueToExecute  - &lt;==      Total: 0
10:47:52,353 [Thread-106] DEBUG org.activiti.engine.impl.db.DbSqlSession  - flush summary: 0 insert, 0 update, 0 delete.
10:47:52,353 [Thread-106] DEBUG org.activiti.engine.impl.db.DbSqlSession  - now executing flush...
10:47:52,353 [Thread-111] DEBUG org.apache.ibatis.transaction.jdbc.JdbcTransaction  - Closing JDBC Connection [conn68: url=jdbc:h2:mem:activiti-AsyncExecutorTest user=SA]
10:47:52,354 [Thread-111] DEBUG org.apache.ibatis.datasource.pooled.PooledDataSource  - Returned connection 58501658 to pool.
10:47:52,354 [Thread-111] DEBUG org.activiti.engine.impl.interceptor.LogInterceptor  - --- AcquireTimerJobsCmd finished --------------------------------------------------------
10:47:52,354 [Thread-111] DEBUG org.activiti.engine.impl.interceptor.LogInterceptor  - 

10:47:52,354 [Thread-111] DEBUG org.activiti.engine.impl.asyncexecutor.AcquireTimerJobsRunnable  - timer job acquisition thread sleeping for 50 millis
10:47:52,353 [Thread-102] DEBUG org.activiti.engine.impl.db.DbSqlSession  - flush summary: 0 insert, 0 update, 0 delete.
10:47:52,354 [Thread-102] DEBUG org.activiti.engine.impl.db.DbSqlSession  - now executing flush...
10:47:52,354 [Thread-102] DEBUG org.activiti.engine.impl.cfg.standalone.StandaloneMybatisTransactionContext  - firing event committing...
10:47:52,354 [Thread-102] DEBUG org.activiti.engine.impl.cfg.standalone.StandaloneMybatisTransactionContext  - committing the ibatis sql session...
10:47:52,353 [Thread-105] DEBUG org.activiti.engine.impl.persistence.entity.JobEntity.selectNextTimerJobsToExecute  - ==&gt; Parameters: 2023-03-20 10:48:50.669(Timestamp), 2023-03-20 10:48:50.669(Timestamp), 1(Integer), 0(Integer)
10:47:52,354 [Thread-105] DEBUG org.activiti.engine.impl.persistence.entity.JobEntity.selectNextTimerJobsToExecute  - &lt;==      Total: 0
10:47:52,354 [Thread-105] DEBUG org.activiti.engine.impl.db.DbSqlSession  - flush summary: 0 insert, 0 update, 0 delete.
10:47:52,354 [Thread-102] DEBUG org.activiti.engine.impl.cfg.standalone.StandaloneMybatisTransactionContext  - firing event committed...
10:47:52,354 [Thread-102] DEBUG org.apache.ibatis.transaction.jdbc.JdbcTransaction  - Resetting autocommit to true on JDBC Connection [conn60: url=jdbc:h2:mem:activiti-AsyncExecutorTest user=SA]
10:47:52,354 [Thread-102] DEBUG org.apache.ibatis.transaction.jdbc.JdbcTransaction  - Closing JDBC Connection [conn60: url=jdbc:h2:mem:activiti-AsyncExecutorTest user=SA]
10:47:52,354 [Thread-102] DEBUG org.apache.ibatis.datasource.pooled.PooledDataSource  - Returned connection 33534803 to pool.
10:47:52,354 [Thread-102] DEBUG org.activiti.engine.impl.interceptor.LogInterceptor  - --- AcquireTimerJobsCmd finished --------------------------------------------------------
10:47:52,354 [Thread-102] DEBUG org.activiti.engine.impl.interceptor.LogInterceptor  - 

10:47:52,354 [Thread-102] DEBUG org.activiti.engine.impl.asyncexecutor.AcquireTimerJobsRunnable  - timer job acquisition thread sleeping for 50 millis
10:47:52,354 [Thread-106] DEBUG org.activiti.engine.impl.cfg.standalone.StandaloneMybatisTransactionContext  - firing event committing...
10:47:52,354 [Thread-106] DEBUG org.activiti.engine.impl.cfg.standalone.StandaloneMybatisTransactionContext  - committing the ibatis sql session...
10:47:52,354 [Thread-106] DEBUG org.activiti.engine.impl.cfg.standalone.StandaloneMybatisTransactionContext  - firing event committed...
10:47:52,354 [Thread-106] DEBUG org.apache.ibatis.transaction.jdbc.JdbcTransaction  - Resetting autocommit to true on JDBC Connection [conn63: url=jdbc:h2:mem:activiti-AsyncExecutorTest user=SA]
10:47:52,354 [Thread-106] DEBUG org.apache.ibatis.transaction.jdbc.JdbcTransaction  - Closing JDBC Connection [conn63: url=jdbc:h2:mem:activiti-AsyncExecutorTest user=SA]
10:47:52,354 [Thread-106] DEBUG org.apache.ibatis.datasource.pooled.PooledDataSource  - Returned connection 1970103261 to pool.
10:47:52,354 [Thread-106] DEBUG org.activiti.engine.impl.interceptor.LogInterceptor  - --- AcquireAsyncJobsDueCmd finished --------------------------------------------------------
10:47:52,354 [Thread-106] DEBUG org.activiti.engine.impl.interceptor.LogInterceptor  - 

10:47:52,354 [Thread-106] DEBUG org.activiti.engine.impl.asyncexecutor.AcquireAsyncJobsDueRunnable  - async job acquisition thread sleeping for 50 millis
10:47:52,354 [Thread-105] DEBUG org.activiti.engine.impl.db.DbSqlSession  - now executing flush...
10:47:52,354 [Thread-105] DEBUG org.activiti.engine.impl.cfg.standalone.StandaloneMybatisTransactionContext  - firing event committing...
10:47:52,354 [Thread-105] DEBUG org.activiti.engine.impl.cfg.standalone.StandaloneMybatisTransactionContext  - committing the ibatis sql session...
10:47:52,354 [Thread-105] DEBUG org.activiti.engine.impl.cfg.standalone.StandaloneMybatisTransactionContext  - firing event committed...
10:47:52,354 [Thread-105] DEBUG org.apache.ibatis.transaction.jdbc.JdbcTransaction  - Resetting autocommit to true on JDBC Connection [conn65: url=jdbc:h2:mem:activiti-AsyncExecutorTest user=SA]
10:47:52,354 [Thread-105] DEBUG org.apache.ibatis.transaction.jdbc.JdbcTransaction  - Closing JDBC Connection [conn65: url=jdbc:h2:mem:activiti-AsyncExecutorTest user=SA]
10:47:52,354 [Thread-105] DEBUG org.apache.ibatis.datasource.pooled.PooledDataSource  - Returned connection 996762054 to pool.
10:47:52,355 [Thread-105] DEBUG org.activiti.engine.impl.interceptor.LogInterceptor  - --- AcquireTimerJobsCmd finished --------------------------------------------------------
10:47:52,355 [Thread-105] DEBUG org.activiti.engine.impl.interceptor.LogInterceptor  - 

10:47:52,355 [Thread-105] DEBUG org.activiti.engine.impl.asyncexecutor.AcquireTimerJobsRunnable  - timer job acquisition thread sleeping for 50 millis
10:47:52,399 [Thread-112] DEBUG org.activiti.engine.impl.asyncexecutor.AcquireAsyncJobsDueRunnable  - async job acquisition thread woke up
10:47:52,399 [Thread-112] DEBUG org.activiti.engine.impl.interceptor.LogInterceptor  - 

10:47:52,399 [Thread-112] DEBUG org.activiti.engine.impl.interceptor.LogInterceptor  - --- starting AcquireAsyncJobsDueCmd --------------------------------------------------------
10:47:52,399 [Thread-112] DEBUG org.apache.ibatis.transaction.jdbc.JdbcTransaction  - Opening JDBC Connection
10:47:52,399 [Thread-112] DEBUG org.apache.ibatis.datasource.pooled.PooledDataSource  - Checked out connection 1863805930 from pool.
10:47:52,399 [Thread-112] DEBUG org.apache.ibatis.transaction.jdbc.JdbcTransaction  - Setting autocommit to false on JDBC Connection [conn69: url=jdbc:h2:mem:activiti-AsyncExecutorTest user=SA]
10:47:52,399 [Thread-112] DEBUG org.activiti.engine.impl.persistence.entity.JobEntity.selectAsyncJobsDueToExecute  - ==&gt;  Preparing: select RES.* from ACT_RU_JOB RES LEFT OUTER JOIN ACT_RU_EXECUTION PI ON PI.ID_ = RES.PROCESS_INSTANCE_ID_ where RES.RETRIES_ &gt; 0 and RES.DUEDATE_ is not null and RES.DUEDATE_ &lt;= ? and (RES.LOCK_EXP_TIME_ is null or RES.LOCK_EXP_TIME_ &lt;= ?) and TYPE_ = &apos;message&apos; and ( (RES.EXECUTION_ID_ is null) or (PI.SUSPENSION_STATE_ = 1) ) LIMIT ? OFFSET ? 
10:47:52,399 [Thread-112] DEBUG org.activiti.engine.impl.persistence.entity.JobEntity.selectAsyncJobsDueToExecute  - ==&gt; Parameters: 2023-03-20 10:48:50.669(Timestamp), 2023-03-20 10:48:50.669(Timestamp), 1(Integer), 0(Integer)
10:47:52,399 [Thread-112] DEBUG org.activiti.engine.impl.persistence.entity.JobEntity.selectAsyncJobsDueToExecute  - &lt;==      Total: 0
10:47:52,399 [Thread-112] DEBUG org.activiti.engine.impl.db.DbSqlSession  - flush summary: 0 insert, 0 update, 0 delete.
10:47:52,399 [Thread-112] DEBUG org.activiti.engine.impl.db.DbSqlSession  - now executing flush...
10:47:52,399 [Thread-112] DEBUG org.activiti.engine.impl.cfg.standalone.StandaloneMybatisTransactionContext  - firing event committing...
10:47:52,399 [Thread-112] DEBUG org.activiti.engine.impl.cfg.standalone.StandaloneMybatisTransactionContext  - committing the ibatis sql session...
10:47:52,399 [Thread-112] DEBUG org.activiti.engine.impl.cfg.standalone.StandaloneMybatisTransactionContext  - firing event committed...
10:47:52,399 [Thread-112] DEBUG org.apache.ibatis.transaction.jdbc.JdbcTransaction  - Resetting autocommit to true on JDBC Connection [conn69: url=jdbc:h2:mem:activiti-AsyncExecutorTest user=SA]
10:47:52,399 [Thread-112] DEBUG org.apache.ibatis.transaction.jdbc.JdbcTransaction  - Closing JDBC Connection [conn69: url=jdbc:h2:mem:activiti-AsyncExecutorTest user=SA]
10:47:52,399 [Thread-112] DEBUG org.apache.ibatis.datasource.pooled.PooledDataSource  - Returned connection 1863805930 to pool.
10:47:52,399 [Thread-112] DEBUG org.activiti.engine.impl.interceptor.LogInterceptor  - --- AcquireAsyncJobsDueCmd finished --------------------------------------------------------
10:47:52,399 [Thread-112] DEBUG org.activiti.engine.impl.interceptor.LogInterceptor  - 

10:47:52,399 [Thread-112] DEBUG org.activiti.engine.impl.asyncexecutor.AcquireAsyncJobsDueRunnable  - async job acquisition thread sleeping for 50 millis
10:47:52,415 [Thread-111] DEBUG org.activiti.engine.impl.asyncexecutor.AcquireTimerJobsRunnable  - timer job acquisition thread woke up
10:47:52,415 [Thread-103] DEBUG org.activiti.engine.impl.asyncexecutor.AcquireAsyncJobsDueRunnable  - async job acquisition thread woke up
10:47:52,415 [Thread-103] DEBUG org.activiti.engine.impl.interceptor.LogInterceptor  - 

10:47:52,415 [Thread-103] DEBUG org.activiti.engine.impl.interceptor.LogInterceptor  - --- starting AcquireAsyncJobsDueCmd --------------------------------------------------------
10:47:52,415 [Thread-103] DEBUG org.apache.ibatis.transaction.jdbc.JdbcTransaction  - Opening JDBC Connection
10:47:52,415 [Thread-103] DEBUG org.apache.ibatis.datasource.pooled.PooledDataSource  - Checked out connection 157985567 from pool.
10:47:52,415 [Thread-103] DEBUG org.apache.ibatis.transaction.jdbc.JdbcTransaction  - Setting autocommit to false on JDBC Connection [conn61: url=jdbc:h2:mem:activiti-AsyncExecutorTest user=SA]
10:47:52,415 [Thread-103] DEBUG org.activiti.engine.impl.persistence.entity.JobEntity.selectAsyncJobsDueToExecute  - ==&gt;  Preparing: select RES.* from ACT_RU_JOB RES LEFT OUTER JOIN ACT_RU_EXECUTION PI ON PI.ID_ = RES.PROCESS_INSTANCE_ID_ where RES.RETRIES_ &gt; 0 and RES.DUEDATE_ is not null and RES.DUEDATE_ &lt;= ? and (RES.LOCK_EXP_TIME_ is null or RES.LOCK_EXP_TIME_ &lt;= ?) and TYPE_ = &apos;message&apos; and ( (RES.EXECUTION_ID_ is null) or (PI.SUSPENSION_STATE_ = 1) ) LIMIT ? OFFSET ? 
10:47:52,415 [Thread-102] DEBUG org.activiti.engine.impl.asyncexecutor.AcquireTimerJobsRunnable  - timer job acquisition thread woke up
10:47:52,415 [Thread-102] DEBUG org.activiti.engine.impl.interceptor.LogInterceptor  - 

10:47:52,415 [Thread-102] DEBUG org.activiti.engine.impl.interceptor.LogInterceptor  - --- starting AcquireTimerJobsCmd --------------------------------------------------------
10:47:52,415 [Thread-105] DEBUG org.activiti.engine.impl.asyncexecutor.AcquireTimerJobsRunnable  - timer job acquisition thread woke up
10:47:52,415 [Thread-105] DEBUG org.activiti.engine.impl.interceptor.LogInterceptor  - 

10:47:52,415 [Thread-105] DEBUG org.activiti.engine.impl.interceptor.LogInterceptor  - --- starting AcquireTimerJobsCmd --------------------------------------------------------
10:47:52,415 [Thread-105] DEBUG org.apache.ibatis.transaction.jdbc.JdbcTransaction  - Opening JDBC Connection
10:47:52,415 [Thread-105] DEBUG org.apache.ibatis.datasource.pooled.PooledDataSource  - Checked out connection 54468349 from pool.
10:47:52,415 [Thread-105] DEBUG org.apache.ibatis.transaction.jdbc.JdbcTransaction  - Setting autocommit to false on JDBC Connection [conn64: url=jdbc:h2:mem:activiti-AsyncExecutorTest user=SA]
10:47:52,415 [Thread-106] DEBUG org.activiti.engine.impl.asyncexecutor.AcquireAsyncJobsDueRunnable  - async job acquisition thread woke up
10:47:52,415 [Thread-106] DEBUG org.activiti.engine.impl.interceptor.LogInterceptor  - 

10:47:52,416 [Thread-106] DEBUG org.activiti.engine.impl.interceptor.LogInterceptor  - --- starting AcquireAsyncJobsDueCmd --------------------------------------------------------
10:47:52,416 [Thread-106] DEBUG org.apache.ibatis.transaction.jdbc.JdbcTransaction  - Opening JDBC Connection
10:47:52,415 [Thread-105] DEBUG org.activiti.engine.impl.persistence.entity.JobEntity.selectNextTimerJobsToExecute  - ==&gt;  Preparing: select RES.* from ACT_RU_JOB RES LEFT OUTER JOIN ACT_RU_EXECUTION PI ON PI.ID_ = RES.PROCESS_INSTANCE_ID_ where (RES.RETRIES_ &gt; 0) and (RES.DUEDATE_ is null or RES.DUEDATE_ &lt;= ?) and (RES.LOCK_OWNER_ is null or RES.LOCK_EXP_TIME_ &lt;= ?) and TYPE_ = &apos;timer&apos; and ( (RES.EXECUTION_ID_ is null) or (PI.SUSPENSION_STATE_ = 1) ) LIMIT ? OFFSET ? 
10:47:52,416 [Thread-105] DEBUG org.activiti.engine.impl.persistence.entity.JobEntity.selectNextTimerJobsToExecute  - ==&gt; Parameters: 2023-03-20 10:48:50.669(Timestamp), 2023-03-20 10:48:50.669(Timestamp), 1(Integer), 0(Integer)
10:47:52,415 [Thread-102] DEBUG org.apache.ibatis.transaction.jdbc.JdbcTransaction  - Opening JDBC Connection
10:47:52,416 [Thread-102] DEBUG org.apache.ibatis.datasource.pooled.PooledDataSource  - Checked out connection 720039383 from pool.
10:47:52,416 [Thread-102] DEBUG org.apache.ibatis.transaction.jdbc.JdbcTransaction  - Setting autocommit to false on JDBC Connection [conn59: url=jdbc:h2:mem:activiti-AsyncExecutorTest user=SA]
10:47:52,415 [Thread-103] DEBUG org.activiti.engine.impl.persistence.entity.JobEntity.selectAsyncJobsDueToExecute  - ==&gt; Parameters: 2023-03-20 10:48:50.669(Timestamp), 2023-03-20 10:48:50.669(Timestamp), 1(Integer), 0(Integer)
10:47:52,416 [Thread-103] DEBUG org.activiti.engine.impl.persistence.entity.JobEntity.selectAsyncJobsDueToExecute  - &lt;==      Total: 0
10:47:52,416 [Thread-103] DEBUG org.activiti.engine.impl.db.DbSqlSession  - flush summary: 0 insert, 0 update, 0 delete.
10:47:52,416 [Thread-103] DEBUG org.activiti.engine.impl.db.DbSqlSession  - now executing flush...
10:47:52,416 [Thread-103] DEBUG org.activiti.engine.impl.cfg.standalone.StandaloneMybatisTransactionContext  - firing event committing...
10:47:52,416 [Thread-103] DEBUG org.activiti.engine.impl.cfg.standalone.StandaloneMybatisTransactionContext  - committing the ibatis sql session...
10:47:52,416 [Thread-103] DEBUG org.activiti.engine.impl.cfg.standalone.StandaloneMybatisTransactionContext  - firing event committed...
10:47:52,416 [Thread-103] DEBUG org.apache.ibatis.transaction.jdbc.JdbcTransaction  - Resetting autocommit to true on JDBC Connection [conn61: url=jdbc:h2:mem:activiti-AsyncExecutorTest user=SA]
10:47:52,416 [Thread-103] DEBUG org.apache.ibatis.transaction.jdbc.JdbcTransaction  - Closing JDBC Connection [conn61: url=jdbc:h2:mem:activiti-AsyncExecutorTest user=SA]
10:47:52,416 [Thread-103] DEBUG org.apache.ibatis.datasource.pooled.PooledDataSource  - Returned connection 157985567 to pool.
10:47:52,416 [Thread-103] DEBUG org.activiti.engine.impl.interceptor.LogInterceptor  - --- AcquireAsyncJobsDueCmd finished --------------------------------------------------------
10:47:52,416 [Thread-103] DEBUG org.activiti.engine.impl.interceptor.LogInterceptor  - 

10:47:52,415 [Thread-111] DEBUG org.activiti.engine.impl.interceptor.LogInterceptor  - 

10:47:52,416 [Thread-111] DEBUG org.activiti.engine.impl.interceptor.LogInterceptor  - --- starting AcquireTimerJobsCmd --------------------------------------------------------
10:47:52,416 [Thread-111] DEBUG org.apache.ibatis.transaction.jdbc.JdbcTransaction  - Opening JDBC Connection
10:47:52,416 [Thread-111] DEBUG org.apache.ibatis.datasource.pooled.PooledDataSource  - Checked out connection 604408605 from pool.
10:47:52,416 [Thread-111] DEBUG org.apache.ibatis.transaction.jdbc.JdbcTransaction  - Setting autocommit to false on JDBC Connection [conn70: url=jdbc:h2:mem:activiti-AsyncExecutorTest user=SA]
10:47:52,416 [Thread-111] DEBUG org.activiti.engine.impl.persistence.entity.JobEntity.selectNextTimerJobsToExecute  - ==&gt;  Preparing: select RES.* from ACT_RU_JOB RES LEFT OUTER JOIN ACT_RU_EXECUTION PI ON PI.ID_ = RES.PROCESS_INSTANCE_ID_ where (RES.RETRIES_ &gt; 0) and (RES.DUEDATE_ is null or RES.DUEDATE_ &lt;= ?) and (RES.LOCK_OWNER_ is null or RES.LOCK_EXP_TIME_ &lt;= ?) and TYPE_ = &apos;timer&apos; and ( (RES.EXECUTION_ID_ is null) or (PI.SUSPENSION_STATE_ = 1) ) LIMIT ? OFFSET ? 
10:47:52,416 [Thread-111] DEBUG org.activiti.engine.impl.persistence.entity.JobEntity.selectNextTimerJobsToExecute  - ==&gt; Parameters: 2023-03-20 10:48:50.669(Timestamp), 2023-03-20 10:48:50.669(Timestamp), 1(Integer), 0(Integer)
10:47:52,416 [Thread-111] DEBUG org.activiti.engine.impl.persistence.entity.JobEntity.selectNextTimerJobsToExecute  - &lt;==      Total: 0
10:47:52,416 [Thread-111] DEBUG org.activiti.engine.impl.db.DbSqlSession  - flush summary: 0 insert, 0 update, 0 delete.
10:47:52,416 [Thread-111] DEBUG org.activiti.engine.impl.db.DbSqlSession  - now executing flush...
10:47:52,416 [Thread-111] DEBUG org.activiti.engine.impl.cfg.standalone.StandaloneMybatisTransactionContext  - firing event committing...
10:47:52,416 [Thread-111] DEBUG org.activiti.engine.impl.cfg.standalone.StandaloneMybatisTransactionContext  - committing the ibatis sql session...
10:47:52,416 [Thread-111] DEBUG org.activiti.engine.impl.cfg.standalone.StandaloneMybatisTransactionContext  - firing event committed...
10:47:52,416 [Thread-111] DEBUG org.apache.ibatis.transaction.jdbc.JdbcTransaction  - Resetting autocommit to true on JDBC Connection [conn70: url=jdbc:h2:mem:activiti-AsyncExecutorTest user=SA]
10:47:52,416 [Thread-111] DEBUG org.apache.ibatis.transaction.jdbc.JdbcTransaction  - Closing JDBC Connection [conn70: url=jdbc:h2:mem:activiti-AsyncExecutorTest user=SA]
10:47:52,416 [Thread-111] DEBUG org.apache.ibatis.datasource.pooled.PooledDataSource  - Returned connection 604408605 to pool.
10:47:52,416 [Thread-111] DEBUG org.activiti.engine.impl.interceptor.LogInterceptor  - --- AcquireTimerJobsCmd finished --------------------------------------------------------
10:47:52,416 [Thread-111] DEBUG org.activiti.engine.impl.interceptor.LogInterceptor  - 

10:47:52,416 [Thread-111] DEBUG org.activiti.engine.impl.asyncexecutor.AcquireTimerJobsRunnable  - timer job acquisition thread sleeping for 50 millis
10:47:52,416 [Thread-103] DEBUG org.activiti.engine.impl.asyncexecutor.AcquireAsyncJobsDueRunnable  - async job acquisition thread sleeping for 50 millis
10:47:52,416 [Thread-102] DEBUG org.activiti.engine.impl.persistence.entity.JobEntity.selectNextTimerJobsToExecute  - ==&gt;  Preparing: select RES.* from ACT_RU_JOB RES LEFT OUTER JOIN ACT_RU_EXECUTION PI ON PI.ID_ = RES.PROCESS_INSTANCE_ID_ where (RES.RETRIES_ &gt; 0) and (RES.DUEDATE_ is null or RES.DUEDATE_ &lt;= ?) and (RES.LOCK_OWNER_ is null or RES.LOCK_EXP_TIME_ &lt;= ?) and TYPE_ = &apos;timer&apos; and ( (RES.EXECUTION_ID_ is null) or (PI.SUSPENSION_STATE_ = 1) ) LIMIT ? OFFSET ? 
10:47:52,417 [Thread-102] DEBUG org.activiti.engine.impl.persistence.entity.JobEntity.selectNextTimerJobsToExecute  - ==&gt; Parameters: 2023-03-20 10:48:50.669(Timestamp), 2023-03-20 10:48:50.669(Timestamp), 1(Integer), 0(Integer)
10:47:52,416 [Thread-105] DEBUG org.activiti.engine.impl.persistence.entity.JobEntity.selectNextTimerJobsToExecute  - &lt;==      Total: 0
10:47:52,417 [Thread-105] DEBUG org.activiti.engine.impl.db.DbSqlSession  - flush summary: 0 insert, 0 update, 0 delete.
10:47:52,417 [Thread-105] DEBUG org.activiti.engine.impl.db.DbSqlSession  - now executing flush...
10:47:52,417 [Thread-105] DEBUG org.activiti.engine.impl.cfg.standalone.StandaloneMybatisTransactionContext  - firing event committing...
10:47:52,417 [Thread-105] DEBUG org.activiti.engine.impl.cfg.standalone.StandaloneMybatisTransactionContext  - committing the ibatis sql session...
10:47:52,417 [Thread-105] DEBUG org.activiti.engine.impl.cfg.standalone.StandaloneMybatisTransactionContext  - firing event committed...
10:47:52,417 [Thread-105] DEBUG org.apache.ibatis.transaction.jdbc.JdbcTransaction  - Resetting autocommit to true on JDBC Connection [conn64: url=jdbc:h2:mem:activiti-AsyncExecutorTest user=SA]
10:47:52,416 [Thread-106] DEBUG org.apache.ibatis.datasource.pooled.PooledDataSource  - Checked out connection 1970103261 from pool.
10:47:52,417 [Thread-105] DEBUG org.apache.ibatis.transaction.jdbc.JdbcTransaction  - Closing JDBC Connection [conn64: url=jdbc:h2:mem:activiti-AsyncExecutorTest user=SA]
10:47:52,417 [Thread-105] DEBUG org.apache.ibatis.datasource.pooled.PooledDataSource  - Returned connection 54468349 to pool.
10:47:52,417 [Thread-105] DEBUG org.activiti.engine.impl.interceptor.LogInterceptor  - --- AcquireTimerJobsCmd finished --------------------------------------------------------
10:47:52,417 [Thread-105] DEBUG org.activiti.engine.impl.interceptor.LogInterceptor  - 

10:47:52,417 [Thread-105] DEBUG org.activiti.engine.impl.asyncexecutor.AcquireTimerJobsRunnable  - timer job acquisition thread sleeping for 50 millis
10:47:52,417 [Thread-102] DEBUG org.activiti.engine.impl.persistence.entity.JobEntity.selectNextTimerJobsToExecute  - &lt;==      Total: 0
10:47:52,417 [Thread-102] DEBUG org.activiti.engine.impl.db.DbSqlSession  - flush summary: 0 insert, 0 update, 0 delete.
10:47:52,417 [Thread-102] DEBUG org.activiti.engine.impl.db.DbSqlSession  - now executing flush...
10:47:52,417 [Thread-102] DEBUG org.activiti.engine.impl.cfg.standalone.StandaloneMybatisTransactionContext  - firing event committing...
10:47:52,417 [Thread-102] DEBUG org.activiti.engine.impl.cfg.standalone.StandaloneMybatisTransactionContext  - committing the ibatis sql session...
10:47:52,417 [Thread-102] DEBUG org.activiti.engine.impl.cfg.standalone.StandaloneMybatisTransactionContext  - firing event committed...
10:47:52,417 [Thread-102] DEBUG org.apache.ibatis.transaction.jdbc.JdbcTransaction  - Resetting autocommit to true on JDBC Connection [conn59: url=jdbc:h2:mem:activiti-AsyncExecutorTest user=SA]
10:47:52,417 [Thread-102] DEBUG org.apache.ibatis.transaction.jdbc.JdbcTransaction  - Closing JDBC Connection [conn59: url=jdbc:h2:mem:activiti-AsyncExecutorTest user=SA]
10:47:52,417 [Thread-102] DEBUG org.apache.ibatis.datasource.pooled.PooledDataSource  - Returned connection 720039383 to pool.
10:47:52,417 [Thread-106] DEBUG org.apache.ibatis.transaction.jdbc.JdbcTransaction  - Setting autocommit to false on JDBC Connection [conn63: url=jdbc:h2:mem:activiti-AsyncExecutorTest user=SA]
10:47:52,417 [Thread-106] DEBUG org.activiti.engine.impl.persistence.entity.JobEntity.selectAsyncJobsDueToExecute  - ==&gt;  Preparing: select RES.* from ACT_RU_JOB RES LEFT OUTER JOIN ACT_RU_EXECUTION PI ON PI.ID_ = RES.PROCESS_INSTANCE_ID_ where RES.RETRIES_ &gt; 0 and RES.DUEDATE_ is not null and RES.DUEDATE_ &lt;= ? and (RES.LOCK_EXP_TIME_ is null or RES.LOCK_EXP_TIME_ &lt;= ?) and TYPE_ = &apos;message&apos; and ( (RES.EXECUTION_ID_ is null) or (PI.SUSPENSION_STATE_ = 1) ) LIMIT ? OFFSET ? 
10:47:52,417 [Thread-106] DEBUG org.activiti.engine.impl.persistence.entity.JobEntity.selectAsyncJobsDueToExecute  - ==&gt; Parameters: 2023-03-20 10:48:50.669(Timestamp), 2023-03-20 10:48:50.669(Timestamp), 1(Integer), 0(Integer)
10:47:52,417 [Thread-106] DEBUG org.activiti.engine.impl.persistence.entity.JobEntity.selectAsyncJobsDueToExecute  - &lt;==      Total: 0
10:47:52,417 [Thread-106] DEBUG org.activiti.engine.impl.db.DbSqlSession  - flush summary: 0 insert, 0 update, 0 delete.
10:47:52,417 [Thread-106] DEBUG org.activiti.engine.impl.db.DbSqlSession  - now executing flush...
10:47:52,417 [Thread-106] DEBUG org.activiti.engine.impl.cfg.standalone.StandaloneMybatisTransactionContext  - firing event committing...
10:47:52,417 [Thread-106] DEBUG org.activiti.engine.impl.cfg.standalone.StandaloneMybatisTransactionContext  - committing the ibatis sql session...
10:47:52,417 [Thread-106] DEBUG org.activiti.engine.impl.cfg.standalone.StandaloneMybatisTransactionContext  - firing event committed...
10:47:52,417 [Thread-106] DEBUG org.apache.ibatis.transaction.jdbc.JdbcTransaction  - Resetting autocommit to true on JDBC Connection [conn63: url=jdbc:h2:mem:activiti-AsyncExecutorTest user=SA]
10:47:52,418 [Thread-106] DEBUG org.apache.ibatis.transaction.jdbc.JdbcTransaction  - Closing JDBC Connection [conn63: url=jdbc:h2:mem:activiti-AsyncExecutorTest user=SA]
10:47:52,418 [Thread-106] DEBUG org.apache.ibatis.datasource.pooled.PooledDataSource  - Returned connection 1970103261 to pool.
10:47:52,418 [Thread-106] DEBUG org.activiti.engine.impl.interceptor.LogInterceptor  - --- AcquireAsyncJobsDueCmd finished --------------------------------------------------------
10:47:52,418 [Thread-106] DEBUG org.activiti.engine.impl.interceptor.LogInterceptor  - 

10:47:52,418 [Thread-106] DEBUG org.activiti.engine.impl.asyncexecutor.AcquireAsyncJobsDueRunnable  - async job acquisition thread sleeping for 50 millis
10:47:52,417 [Thread-102] DEBUG org.activiti.engine.impl.interceptor.LogInterceptor  - --- AcquireTimerJobsCmd finished --------------------------------------------------------
10:47:52,418 [Thread-102] DEBUG org.activiti.engine.impl.interceptor.LogInterceptor  - 

10:47:52,418 [Thread-102] DEBUG org.activiti.engine.impl.asyncexecutor.AcquireTimerJobsRunnable  - timer job acquisition thread sleeping for 50 millis
10:47:52,462 [Thread-112] DEBUG org.activiti.engine.impl.asyncexecutor.AcquireAsyncJobsDueRunnable  - async job acquisition thread woke up
10:47:52,462 [Thread-112] DEBUG org.activiti.engine.impl.interceptor.LogInterceptor  - 

10:47:52,462 [Thread-112] DEBUG org.activiti.engine.impl.interceptor.LogInterceptor  - --- starting AcquireAsyncJobsDueCmd --------------------------------------------------------
10:47:52,462 [Thread-112] DEBUG org.apache.ibatis.transaction.jdbc.JdbcTransaction  - Opening JDBC Connection
10:47:52,462 [Thread-112] DEBUG org.apache.ibatis.datasource.pooled.PooledDataSource  - Checked out connection 58501658 from pool.
10:47:52,462 [Thread-112] DEBUG org.apache.ibatis.transaction.jdbc.JdbcTransaction  - Setting autocommit to false on JDBC Connection [conn68: url=jdbc:h2:mem:activiti-AsyncExecutorTest user=SA]
10:47:52,462 [Thread-112] DEBUG org.activiti.engine.impl.persistence.entity.JobEntity.selectAsyncJobsDueToExecute  - ==&gt;  Preparing: select RES.* from ACT_RU_JOB RES LEFT OUTER JOIN ACT_RU_EXECUTION PI ON PI.ID_ = RES.PROCESS_INSTANCE_ID_ where RES.RETRIES_ &gt; 0 and RES.DUEDATE_ is not null and RES.DUEDATE_ &lt;= ? and (RES.LOCK_EXP_TIME_ is null or RES.LOCK_EXP_TIME_ &lt;= ?) and TYPE_ = &apos;message&apos; and ( (RES.EXECUTION_ID_ is null) or (PI.SUSPENSION_STATE_ = 1) ) LIMIT ? OFFSET ? 
10:47:52,462 [Thread-112] DEBUG org.activiti.engine.impl.persistence.entity.JobEntity.selectAsyncJobsDueToExecute  - ==&gt; Parameters: 2023-03-20 10:48:50.669(Timestamp), 2023-03-20 10:48:50.669(Timestamp), 1(Integer), 0(Integer)
10:47:52,462 [Thread-112] DEBUG org.activiti.engine.impl.persistence.entity.JobEntity.selectAsyncJobsDueToExecute  - &lt;==      Total: 0
10:47:52,462 [Thread-112] DEBUG org.activiti.engine.impl.db.DbSqlSession  - flush summary: 0 insert, 0 update, 0 delete.
10:47:52,462 [Thread-112] DEBUG org.activiti.engine.impl.db.DbSqlSession  - now executing flush...
10:47:52,462 [Thread-112] DEBUG org.activiti.engine.impl.cfg.standalone.StandaloneMybatisTransactionContext  - firing event committing...
10:47:52,462 [Thread-112] DEBUG org.activiti.engine.impl.cfg.standalone.StandaloneMybatisTransactionContext  - committing the ibatis sql session...
10:47:52,462 [Thread-112] DEBUG org.activiti.engine.impl.cfg.standalone.StandaloneMybatisTransactionContext  - firing event committed...
10:47:52,462 [Thread-112] DEBUG org.apache.ibatis.transaction.jdbc.JdbcTransaction  - Resetting autocommit to true on JDBC Connection [conn68: url=jdbc:h2:mem:activiti-AsyncExecutorTest user=SA]
10:47:52,462 [Thread-112] DEBUG org.apache.ibatis.transaction.jdbc.JdbcTransaction  - Closing JDBC Connection [conn68: url=jdbc:h2:mem:activiti-AsyncExecutorTest user=SA]
10:47:52,462 [Thread-112] DEBUG org.apache.ibatis.datasource.pooled.PooledDataSource  - Returned connection 58501658 to pool.
10:47:52,462 [Thread-112] DEBUG org.activiti.engine.impl.interceptor.LogInterceptor  - --- AcquireAsyncJobsDueCmd finished --------------------------------------------------------
10:47:52,462 [Thread-112] DEBUG org.activiti.engine.impl.interceptor.LogInterceptor  - 

10:47:52,462 [Thread-112] DEBUG org.activiti.engine.impl.asyncexecutor.AcquireAsyncJobsDueRunnable  - async job acquisition thread sleeping for 50 millis
10:47:52,478 [Thread-106] DEBUG org.activiti.engine.impl.asyncexecutor.AcquireAsyncJobsDueRunnable  - async job acquisition thread woke up
10:47:52,478 [Thread-106] DEBUG org.activiti.engine.impl.interceptor.LogInterceptor  - 

10:47:52,478 [Thread-106] DEBUG org.activiti.engine.impl.interceptor.LogInterceptor  - --- starting AcquireAsyncJobsDueCmd --------------------------------------------------------
10:47:52,478 [Thread-105] DEBUG org.activiti.engine.impl.asyncexecutor.AcquireTimerJobsRunnable  - timer job acquisition thread woke up
10:47:52,478 [Thread-105] DEBUG org.activiti.engine.impl.interceptor.LogInterceptor  - 

10:47:52,478 [Thread-105] DEBUG org.activiti.engine.impl.interceptor.LogInterceptor  - --- starting AcquireTimerJobsCmd --------------------------------------------------------
10:47:52,478 [Thread-111] DEBUG org.activiti.engine.impl.asyncexecutor.AcquireTimerJobsRunnable  - timer job acquisition thread woke up
10:47:52,478 [Thread-111] DEBUG org.activiti.engine.impl.interceptor.LogInterceptor  - 

10:47:52,478 [Thread-111] DEBUG org.activiti.engine.impl.interceptor.LogInterceptor  - --- starting AcquireTimerJobsCmd --------------------------------------------------------
10:47:52,478 [Thread-111] DEBUG org.apache.ibatis.transaction.jdbc.JdbcTransaction  - Opening JDBC Connection
10:47:52,478 [Thread-111] DEBUG org.apache.ibatis.datasource.pooled.PooledDataSource  - Checked out connection 1863805930 from pool.
10:47:52,478 [Thread-111] DEBUG org.apache.ibatis.transaction.jdbc.JdbcTransaction  - Setting autocommit to false on JDBC Connection [conn69: url=jdbc:h2:mem:activiti-AsyncExecutorTest user=SA]
10:47:52,478 [Thread-111] DEBUG org.activiti.engine.impl.persistence.entity.JobEntity.selectNextTimerJobsToExecute  - ==&gt;  Preparing: select RES.* from ACT_RU_JOB RES LEFT OUTER JOIN ACT_RU_EXECUTION PI ON PI.ID_ = RES.PROCESS_INSTANCE_ID_ where (RES.RETRIES_ &gt; 0) and (RES.DUEDATE_ is null or RES.DUEDATE_ &lt;= ?) and (RES.LOCK_OWNER_ is null or RES.LOCK_EXP_TIME_ &lt;= ?) and TYPE_ = &apos;timer&apos; and ( (RES.EXECUTION_ID_ is null) or (PI.SUSPENSION_STATE_ = 1) ) LIMIT ? OFFSET ? 
10:47:52,478 [Thread-103] DEBUG org.activiti.engine.impl.asyncexecutor.AcquireAsyncJobsDueRunnable  - async job acquisition thread woke up
10:47:52,478 [Thread-103] DEBUG org.activiti.engine.impl.interceptor.LogInterceptor  - 

10:47:52,478 [Thread-103] DEBUG org.activiti.engine.impl.interceptor.LogInterceptor  - --- starting AcquireAsyncJobsDueCmd --------------------------------------------------------
10:47:52,478 [Thread-103] DEBUG org.apache.ibatis.transaction.jdbc.JdbcTransaction  - Opening JDBC Connection
10:47:52,478 [Thread-103] DEBUG org.apache.ibatis.datasource.pooled.PooledDataSource  - Checked out connection 33534803 from pool.
10:47:52,478 [Thread-103] DEBUG org.apache.ibatis.transaction.jdbc.JdbcTransaction  - Setting autocommit to false on JDBC Connection [conn60: url=jdbc:h2:mem:activiti-AsyncExecutorTest user=SA]
10:47:52,478 [Thread-103] DEBUG org.activiti.engine.impl.persistence.entity.JobEntity.selectAsyncJobsDueToExecute  - ==&gt;  Preparing: select RES.* from ACT_RU_JOB RES LEFT OUTER JOIN ACT_RU_EXECUTION PI ON PI.ID_ = RES.PROCESS_INSTANCE_ID_ where RES.RETRIES_ &gt; 0 and RES.DUEDATE_ is not null and RES.DUEDATE_ &lt;= ? and (RES.LOCK_EXP_TIME_ is null or RES.LOCK_EXP_TIME_ &lt;= ?) and TYPE_ = &apos;message&apos; and ( (RES.EXECUTION_ID_ is null) or (PI.SUSPENSION_STATE_ = 1) ) LIMIT ? OFFSET ? 
10:47:52,478 [Thread-103] DEBUG org.activiti.engine.impl.persistence.entity.JobEntity.selectAsyncJobsDueToExecute  - ==&gt; Parameters: 2023-03-20 10:48:50.669(Timestamp), 2023-03-20 10:48:50.669(Timestamp), 1(Integer), 0(Integer)
10:47:52,478 [Thread-103] DEBUG org.activiti.engine.impl.persistence.entity.JobEntity.selectAsyncJobsDueToExecute  - &lt;==      Total: 0
10:47:52,479 [Thread-103] DEBUG org.activiti.engine.impl.db.DbSqlSession  - flush summary: 0 insert, 0 update, 0 delete.
10:47:52,479 [Thread-103] DEBUG org.activiti.engine.impl.db.DbSqlSession  - now executing flush...
10:47:52,479 [Thread-103] DEBUG org.activiti.engine.impl.cfg.standalone.StandaloneMybatisTransactionContext  - firing event committing...
10:47:52,479 [Thread-103] DEBUG org.activiti.engine.impl.cfg.standalone.StandaloneMybatisTransactionContext  - committing the ibatis sql session...
10:47:52,479 [Thread-103] DEBUG org.activiti.engine.impl.cfg.standalone.StandaloneMybatisTransactionContext  - firing event committed...
10:47:52,478 [Thread-102] DEBUG org.activiti.engine.impl.asyncexecutor.AcquireTimerJobsRunnable  - timer job acquisition thread woke up
10:47:52,479 [Thread-102] DEBUG org.activiti.engine.impl.interceptor.LogInterceptor  - 

10:47:52,479 [Thread-102] DEBUG org.activiti.engine.impl.interceptor.LogInterceptor  - --- starting AcquireTimerJobsCmd --------------------------------------------------------
10:47:52,479 [Thread-102] DEBUG org.apache.ibatis.transaction.jdbc.JdbcTransaction  - Opening JDBC Connection
10:47:52,479 [Thread-102] DEBUG org.apache.ibatis.datasource.pooled.PooledDataSource  - Checked out connection 157985567 from pool.
10:47:52,479 [Thread-102] DEBUG org.apache.ibatis.transaction.jdbc.JdbcTransaction  - Setting autocommit to false on JDBC Connection [conn61: url=jdbc:h2:mem:activiti-AsyncExecutorTest user=SA]
10:47:52,479 [Thread-102] DEBUG org.activiti.engine.impl.persistence.entity.JobEntity.selectNextTimerJobsToExecute  - ==&gt;  Preparing: select RES.* from ACT_RU_JOB RES LEFT OUTER JOIN ACT_RU_EXECUTION PI ON PI.ID_ = RES.PROCESS_INSTANCE_ID_ where (RES.RETRIES_ &gt; 0) and (RES.DUEDATE_ is null or RES.DUEDATE_ &lt;= ?) and (RES.LOCK_OWNER_ is null or RES.LOCK_EXP_TIME_ &lt;= ?) and TYPE_ = &apos;timer&apos; and ( (RES.EXECUTION_ID_ is null) or (PI.SUSPENSION_STATE_ = 1) ) LIMIT ? OFFSET ? 
10:47:52,479 [Thread-102] DEBUG org.activiti.engine.impl.persistence.entity.JobEntity.selectNextTimerJobsToExecute  - ==&gt; Parameters: 2023-03-20 10:48:50.669(Timestamp), 2023-03-20 10:48:50.669(Timestamp), 1(Integer), 0(Integer)
10:47:52,479 [Thread-102] DEBUG org.activiti.engine.impl.persistence.entity.JobEntity.selectNextTimerJobsToExecute  - &lt;==      Total: 0
10:47:52,479 [Thread-102] DEBUG org.activiti.engine.impl.db.DbSqlSession  - flush summary: 0 insert, 0 update, 0 delete.
10:47:52,479 [Thread-102] DEBUG org.activiti.engine.impl.db.DbSqlSession  - now executing flush...
10:47:52,479 [Thread-102] DEBUG org.activiti.engine.impl.cfg.standalone.StandaloneMybatisTransactionContext  - firing event committing...
10:47:52,479 [Thread-102] DEBUG org.activiti.engine.impl.cfg.standalone.StandaloneMybatisTransactionContext  - committing the ibatis sql session...
10:47:52,479 [Thread-102] DEBUG org.activiti.engine.impl.cfg.standalone.StandaloneMybatisTransactionContext  - firing event committed...
10:47:52,479 [Thread-102] DEBUG org.apache.ibatis.transaction.jdbc.JdbcTransaction  - Resetting autocommit to true on JDBC Connection [conn61: url=jdbc:h2:mem:activiti-AsyncExecutorTest user=SA]
10:47:52,479 [Thread-102] DEBUG org.apache.ibatis.transaction.jdbc.JdbcTransaction  - Closing JDBC Connection [conn61: url=jdbc:h2:mem:activiti-AsyncExecutorTest user=SA]
10:47:52,479 [Thread-102] DEBUG org.apache.ibatis.datasource.pooled.PooledDataSource  - Returned connection 157985567 to pool.
10:47:52,479 [Thread-102] DEBUG org.activiti.engine.impl.interceptor.LogInterceptor  - --- AcquireTimerJobsCmd finished --------------------------------------------------------
10:47:52,479 [Thread-102] DEBUG org.activiti.engine.impl.interceptor.LogInterceptor  - 

10:47:52,479 [Thread-102] DEBUG org.activiti.engine.impl.asyncexecutor.AcquireTimerJobsRunnable  - timer job acquisition thread sleeping for 50 millis
10:47:52,479 [Thread-103] DEBUG org.apache.ibatis.transaction.jdbc.JdbcTransaction  - Resetting autocommit to true on JDBC Connection [conn60: url=jdbc:h2:mem:activiti-AsyncExecutorTest user=SA]
10:47:52,479 [Thread-103] DEBUG org.apache.ibatis.transaction.jdbc.JdbcTransaction  - Closing JDBC Connection [conn60: url=jdbc:h2:mem:activiti-AsyncExecutorTest user=SA]
10:47:52,479 [Thread-103] DEBUG org.apache.ibatis.datasource.pooled.PooledDataSource  - Returned connection 33534803 to pool.
10:47:52,479 [Thread-103] DEBUG org.activiti.engine.impl.interceptor.LogInterceptor  - --- AcquireAsyncJobsDueCmd finished --------------------------------------------------------
10:47:52,479 [Thread-103] DEBUG org.activiti.engine.impl.interceptor.LogInterceptor  - 

10:47:52,479 [Thread-103] DEBUG org.activiti.engine.impl.asyncexecutor.AcquireAsyncJobsDueRunnable  - async job acquisition thread sleeping for 50 millis
10:47:52,478 [Thread-111] DEBUG org.activiti.engine.impl.persistence.entity.JobEntity.selectNextTimerJobsToExecute  - ==&gt; Parameters: 2023-03-20 10:48:50.669(Timestamp), 2023-03-20 10:48:50.669(Timestamp), 1(Integer), 0(Integer)
10:47:52,479 [Thread-111] DEBUG org.activiti.engine.impl.persistence.entity.JobEntity.selectNextTimerJobsToExecute  - &lt;==      Total: 0
10:47:52,478 [Thread-105] DEBUG org.apache.ibatis.transaction.jdbc.JdbcTransaction  - Opening JDBC Connection
10:47:52,479 [Thread-105] DEBUG org.apache.ibatis.datasource.pooled.PooledDataSource  - Checked out connection 996762054 from pool.
10:47:52,479 [Thread-105] DEBUG org.apache.ibatis.transaction.jdbc.JdbcTransaction  - Setting autocommit to false on JDBC Connection [conn65: url=jdbc:h2:mem:activiti-AsyncExecutorTest user=SA]
10:47:52,478 [Thread-106] DEBUG org.apache.ibatis.transaction.jdbc.JdbcTransaction  - Opening JDBC Connection
10:47:52,480 [Thread-106] DEBUG org.apache.ibatis.datasource.pooled.PooledDataSource  - Checked out connection 54468349 from pool.
10:47:52,480 [Thread-106] DEBUG org.apache.ibatis.transaction.jdbc.JdbcTransaction  - Setting autocommit to false on JDBC Connection [conn64: url=jdbc:h2:mem:activiti-AsyncExecutorTest user=SA]
10:47:52,480 [Thread-105] DEBUG org.activiti.engine.impl.persistence.entity.JobEntity.selectNextTimerJobsToExecute  - ==&gt;  Preparing: select RES.* from ACT_RU_JOB RES LEFT OUTER JOIN ACT_RU_EXECUTION PI ON PI.ID_ = RES.PROCESS_INSTANCE_ID_ where (RES.RETRIES_ &gt; 0) and (RES.DUEDATE_ is null or RES.DUEDATE_ &lt;= ?) and (RES.LOCK_OWNER_ is null or RES.LOCK_EXP_TIME_ &lt;= ?) and TYPE_ = &apos;timer&apos; and ( (RES.EXECUTION_ID_ is null) or (PI.SUSPENSION_STATE_ = 1) ) LIMIT ? OFFSET ? 
10:47:52,480 [Thread-105] DEBUG org.activiti.engine.impl.persistence.entity.JobEntity.selectNextTimerJobsToExecute  - ==&gt; Parameters: 2023-03-20 10:48:50.669(Timestamp), 2023-03-20 10:48:50.669(Timestamp), 1(Integer), 0(Integer)
10:47:52,480 [Thread-105] DEBUG org.activiti.engine.impl.persistence.entity.JobEntity.selectNextTimerJobsToExecute  - &lt;==      Total: 0
10:47:52,480 [Thread-105] DEBUG org.activiti.engine.impl.db.DbSqlSession  - flush summary: 0 insert, 0 update, 0 delete.
10:47:52,480 [Thread-105] DEBUG org.activiti.engine.impl.db.DbSqlSession  - now executing flush...
10:47:52,480 [Thread-105] DEBUG org.activiti.engine.impl.cfg.standalone.StandaloneMybatisTransactionContext  - firing event committing...
10:47:52,480 [Thread-105] DEBUG org.activiti.engine.impl.cfg.standalone.StandaloneMybatisTransactionContext  - committing the ibatis sql session...
10:47:52,480 [Thread-105] DEBUG org.activiti.engine.impl.cfg.standalone.StandaloneMybatisTransactionContext  - firing event committed...
10:47:52,479 [Thread-111] DEBUG org.activiti.engine.impl.db.DbSqlSession  - flush summary: 0 insert, 0 update, 0 delete.
10:47:52,480 [Thread-111] DEBUG org.activiti.engine.impl.db.DbSqlSession  - now executing flush...
10:47:52,480 [Thread-111] DEBUG org.activiti.engine.impl.cfg.standalone.StandaloneMybatisTransactionContext  - firing event committing...
10:47:52,480 [Thread-111] DEBUG org.activiti.engine.impl.cfg.standalone.StandaloneMybatisTransactionContext  - committing the ibatis sql session...
10:47:52,480 [Thread-111] DEBUG org.activiti.engine.impl.cfg.standalone.StandaloneMybatisTransactionContext  - firing event committed...
10:47:52,480 [Thread-111] DEBUG org.apache.ibatis.transaction.jdbc.JdbcTransaction  - Resetting autocommit to true on JDBC Connection [conn69: url=jdbc:h2:mem:activiti-AsyncExecutorTest user=SA]
10:47:52,480 [Thread-111] DEBUG org.apache.ibatis.transaction.jdbc.JdbcTransaction  - Closing JDBC Connection [conn69: url=jdbc:h2:mem:activiti-AsyncExecutorTest user=SA]
10:47:52,480 [Thread-111] DEBUG org.apache.ibatis.datasource.pooled.PooledDataSource  - Returned connection 1863805930 to pool.
10:47:52,480 [Thread-111] DEBUG org.activiti.engine.impl.interceptor.LogInterceptor  - --- AcquireTimerJobsCmd finished --------------------------------------------------------
10:47:52,480 [Thread-111] DEBUG org.activiti.engine.impl.interceptor.LogInterceptor  - 

10:47:52,480 [Thread-105] DEBUG org.apache.ibatis.transaction.jdbc.JdbcTransaction  - Resetting autocommit to true on JDBC Connection [conn65: url=jdbc:h2:mem:activiti-AsyncExecutorTest user=SA]
10:47:52,480 [Thread-105] DEBUG org.apache.ibatis.transaction.jdbc.JdbcTransaction  - Closing JDBC Connection [conn65: url=jdbc:h2:mem:activiti-AsyncExecutorTest user=SA]
10:47:52,480 [Thread-105] DEBUG org.apache.ibatis.datasource.pooled.PooledDataSource  - Returned connection 996762054 to pool.
10:47:52,480 [Thread-105] DEBUG org.activiti.engine.impl.interceptor.LogInterceptor  - --- AcquireTimerJobsCmd finished --------------------------------------------------------
10:47:52,480 [Thread-105] DEBUG org.activiti.engine.impl.interceptor.LogInterceptor  - 

10:47:52,480 [Thread-105] DEBUG org.activiti.engine.impl.asyncexecutor.AcquireTimerJobsRunnable  - timer job acquisition thread sleeping for 50 millis
10:47:52,480 [Thread-106] DEBUG org.activiti.engine.impl.persistence.entity.JobEntity.selectAsyncJobsDueToExecute  - ==&gt;  Preparing: select RES.* from ACT_RU_JOB RES LEFT OUTER JOIN ACT_RU_EXECUTION PI ON PI.ID_ = RES.PROCESS_INSTANCE_ID_ where RES.RETRIES_ &gt; 0 and RES.DUEDATE_ is not null and RES.DUEDATE_ &lt;= ? and (RES.LOCK_EXP_TIME_ is null or RES.LOCK_EXP_TIME_ &lt;= ?) and TYPE_ = &apos;message&apos; and ( (RES.EXECUTION_ID_ is null) or (PI.SUSPENSION_STATE_ = 1) ) LIMIT ? OFFSET ? 
10:47:52,480 [Thread-106] DEBUG org.activiti.engine.impl.persistence.entity.JobEntity.selectAsyncJobsDueToExecute  - ==&gt; Parameters: 2023-03-20 10:48:50.669(Timestamp), 2023-03-20 10:48:50.669(Timestamp), 1(Integer), 0(Integer)
10:47:52,480 [Thread-111] DEBUG org.activiti.engine.impl.asyncexecutor.AcquireTimerJobsRunnable  - timer job acquisition thread sleeping for 50 millis
10:47:52,480 [Thread-106] DEBUG org.activiti.engine.impl.persistence.entity.JobEntity.selectAsyncJobsDueToExecute  - &lt;==      Total: 0
10:47:52,481 [Thread-106] DEBUG org.activiti.engine.impl.db.DbSqlSession  - flush summary: 0 insert, 0 update, 0 delete.
10:47:52,481 [Thread-106] DEBUG org.activiti.engine.impl.db.DbSqlSession  - now executing flush...
10:47:52,481 [Thread-106] DEBUG org.activiti.engine.impl.cfg.standalone.StandaloneMybatisTransactionContext  - firing event committing...
10:47:52,481 [Thread-106] DEBUG org.activiti.engine.impl.cfg.standalone.StandaloneMybatisTransactionContext  - committing the ibatis sql session...
10:47:52,481 [Thread-106] DEBUG org.activiti.engine.impl.cfg.standalone.StandaloneMybatisTransactionContext  - firing event committed...
10:47:52,481 [Thread-106] DEBUG org.apache.ibatis.transaction.jdbc.JdbcTransaction  - Resetting autocommit to true on JDBC Connection [conn64: url=jdbc:h2:mem:activiti-AsyncExecutorTest user=SA]
10:47:52,481 [Thread-106] DEBUG org.apache.ibatis.transaction.jdbc.JdbcTransaction  - Closing JDBC Connection [conn64: url=jdbc:h2:mem:activiti-AsyncExecutorTest user=SA]
10:47:52,481 [Thread-106] DEBUG org.apache.ibatis.datasource.pooled.PooledDataSource  - Returned connection 54468349 to pool.
10:47:52,481 [Thread-106] DEBUG org.activiti.engine.impl.interceptor.LogInterceptor  - --- AcquireAsyncJobsDueCmd finished --------------------------------------------------------
10:47:52,481 [Thread-106] DEBUG org.activiti.engine.impl.interceptor.LogInterceptor  - 

10:47:52,481 [Thread-106] DEBUG org.activiti.engine.impl.asyncexecutor.AcquireAsyncJobsDueRunnable  - async job acquisition thread sleeping for 50 millis
10:47:52,510 [main] DEBUG org.activiti.engine.impl.interceptor.LogInterceptor  - 

10:47:52,510 [main] DEBUG org.activiti.engine.impl.interceptor.LogInterceptor  - --- starting JobQueryImpl --------------------------------------------------------
10:47:52,510 [main] DEBUG org.apache.ibatis.transaction.jdbc.JdbcTransaction  - Opening JDBC Connection
10:47:52,510 [main] DEBUG org.apache.ibatis.datasource.pooled.PooledDataSource  - Checked out connection 486346394 from pool.
10:47:52,510 [main] DEBUG org.apache.ibatis.transaction.jdbc.JdbcTransaction  - Setting autocommit to false on JDBC Connection [conn6: url=jdbc:h2:mem:activiti user=SA]
10:47:52,510 [main] DEBUG org.activiti.engine.impl.persistence.entity.JobEntity.selectJobByQueryCriteria  - ==&gt;  Preparing: select RES.* from ACT_RU_JOB RES order by order by RES.ID_ asc LIMIT ? OFFSET ? 
10:47:52,510 [main] DEBUG org.activiti.engine.impl.interceptor.CommandContext  - Error while closing command context
org.apache.ibatis.exceptions.PersistenceException: 
### Error querying database.  Cause: org.h2.jdbc.JdbcSQLException: Syntax error in SQL statement &quot;SELECT RES.* 
     
    FROM ACT_RU_JOB RES
     
      
   
     ORDER BY  ORDER[*] BY RES.ID_ ASC  
    LIMIT ? OFFSET ? &quot;; expected &quot;=, NOT, EXISTS, INTERSECTS, SELECT, FROM&quot;; SQL statement:
select RES.* 
     
    from ACT_RU_JOB RES
     
      
   
     order by  order by RES.ID_ asc  
    LIMIT ? OFFSET ? [42001-176]
### The error may exist in org/activiti/db/mapping/entity/Job.xml
### The error may involve org.activiti.engine.impl.persistence.entity.JobEntity.selectJobByQueryCriteria
### The error occurred while executing a query
### SQL: select RES.*            from ACT_RU_JOB RES                       order by  order by RES.ID_ asc       LIMIT ? OFFSET ?
### Cause: org.h2.jdbc.JdbcSQLException: Syntax error in SQL statement &quot;SELECT RES.* 
     
    FROM ACT_RU_JOB RES
     
      
   
     ORDER BY  ORDER[*] BY RES.ID_ ASC  
    LIMIT ? OFFSET ? &quot;; expected &quot;=, NOT, EXISTS, INTERSECTS, SELECT, FROM&quot;; SQL statement:
select RES.* 
     
    from ACT_RU_JOB RES
     
      
   
     order by  order by RES.ID_ asc  
    LIMIT ? OFFSET ? [42001-176]
	at org.apache.ibatis.exceptions.ExceptionFactory.wrapException(ExceptionFactory.java:30)
	at org.apache.ibatis.session.defaults.DefaultSqlSession.selectList(DefaultSqlSession.java:122)
	at org.apache.ibatis.session.defaults.DefaultSqlSession.selectList(DefaultSqlSession.java:113)
	at org.activiti.engine.impl.db.DbSqlSession.selectListWithRawParameter(DbSqlSession.java:438)
	at org.activiti.engine.impl.db.DbSqlSession.selectList(DbSqlSession.java:429)
	at org.activiti.engine.impl.db.DbSqlSession.selectList(DbSqlSession.java:419)
	at org.activiti.engine.impl.persistence.entity.JobEntityManager.findJobsByQueryCriteria(JobEntityManager.java:198)
	at org.activiti.engine.impl.JobQueryImpl.executeList(JobQueryImpl.java:243)
	at org.activiti.engine.impl.AbstractQuery.execute(AbstractQuery.java:164)
	at org.activiti.engine.impl.interceptor.CommandInvoker.execute(CommandInvoker.java:24)
	at org.activiti.engine.impl.interceptor.CommandContextInterceptor.execute(CommandContextInterceptor.java:57)
	at org.activiti.engine.impl.interceptor.LogInterceptor.execute(LogInterceptor.java:37)
	at org.activiti.engine.impl.cfg.CommandExecutorImpl.execute(CommandExecutorImpl.java:40)
	at org.activiti.engine.impl.cfg.CommandExecutorImpl.execute(CommandExecutorImpl.java:35)
	at org.activiti.engine.impl.AbstractQuery.list(AbstractQuery.java:138)
	at org.activiti.engine.impl.test.JobTestHelper.areJobsAvailable(JobTestHelper.java:194)
	at org.activiti.engine.impl.test.JobTestHelper.waitForJobExecutorToProcessAllJobs(JobTestHelper.java:74)
	at org.activiti.engine.impl.test.JobTestHelper.waitForJobExecutorToProcessAllJobs(JobTestHelper.java:47)
	at org.activiti.engine.impl.test.AbstractActivitiTestCase.waitForJobExecutorToProcessAllJobs(AbstractActivitiTestCase.java:204)
	at org.activiti.engine.test.jobexecutor.JobExecutorTest.testBasicJobExecutorOperation(JobExecutorTest.java:53)
	at sun.reflect.NativeMethodAccessorImpl.invoke0(Native Method)
	at sun.reflect.NativeMethodAccessorImpl.invoke(NativeMethodAccessorImpl.java:62)
	at sun.reflect.DelegatingMethodAccessorImpl.invoke(DelegatingMethodAccessorImpl.java:43)
	at java.lang.reflect.Method.invoke(Method.java:498)
	at junit.framework.TestCase.runTest(TestCase.java:176)
	at org.activiti.engine.impl.test.PvmTestCase.runTest(PvmTestCase.java:65)
	at junit.framework.TestCase.runBare(TestCase.java:141)
	at org.activiti.engine.impl.test.AbstractActivitiTestCase.runBare(AbstractActivitiTestCase.java:100)
	at junit.framework.TestResult$1.protect(TestResult.java:122)
	at junit.framework.TestResult.runProtected(TestResult.java:142)
	at junit.framework.TestResult.run(TestResult.java:125)
	at junit.framework.TestCase.run(TestCase.java:129)
	at junit.framework.TestSuite.runTest(TestSuite.java:255)
	at junit.framework.TestSuite.run(TestSuite.java:250)
	at org.junit.internal.runners.JUnit38ClassRunner.run(JUnit38ClassRunner.java:84)
	at org.apache.maven.surefire.junit4.JUnit4TestSet.execute(JUnit4TestSet.java:35)
	at org.apache.maven.surefire.junit4.JUnit4Provider.executeTestSet(JUnit4Provider.java:146)
	at org.apache.maven.surefire.junit4.JUnit4Provider.invoke(JUnit4Provider.java:97)
	at sun.reflect.NativeMethodAccessorImpl.invoke0(Native Method)
	at sun.reflect.NativeMethodAccessorImpl.invoke(NativeMethodAccessorImpl.java:62)
	at sun.reflect.DelegatingMethodAccessorImpl.invoke(DelegatingMethodAccessorImpl.java:43)
	at java.lang.reflect.Method.invoke(Method.java:498)
	at org.apache.maven.surefire.booter.ProviderFactory$ClassLoaderProxy.invoke(ProviderFactory.java:103)
	at com.sun.proxy.$Proxy0.invoke(Unknown Source)
	at org.apache.maven.surefire.booter.SurefireStarter.invokeProvider(SurefireStarter.java:145)
	at org.apache.maven.surefire.booter.SurefireStarter.runSuitesInProcess(SurefireStarter.java:87)
	at org.apache.maven.surefire.booter.ForkedBooter.main(ForkedBooter.java:69)
Caused by: org.h2.jdbc.JdbcSQLException: Syntax error in SQL statement &quot;SELECT RES.* 
     
    FROM ACT_RU_JOB RES
     
      
   
     ORDER BY  ORDER[*] BY RES.ID_ ASC  
    LIMIT ? OFFSET ? &quot;; expected &quot;=, NOT, EXISTS, INTERSECTS, SELECT, FROM&quot;; SQL statement:
select RES.* 
     
    from ACT_RU_JOB RES
     
      
   
     order by  order by RES.ID_ asc  
    LIMIT ? OFFSET ? [42001-176]
	at org.h2.message.DbException.getJdbcSQLException(DbException.java:344)
	at org.h2.message.DbException.getSyntaxError(DbException.java:204)
	at org.h2.command.Parser.getSyntaxError(Parser.java:524)
	at org.h2.command.Parser.readTerm(Parser.java:2688)
	at org.h2.command.Parser.readFactor(Parser.java:2244)
	at org.h2.command.Parser.readSum(Parser.java:2231)
	at org.h2.command.Parser.readConcat(Parser.java:2201)
	at org.h2.command.Parser.readCondition(Parser.java:2051)
	at org.h2.command.Parser.readAnd(Parser.java:2023)
	at org.h2.command.Parser.readExpression(Parser.java:2015)
	at org.h2.command.Parser.parseEndOfQuery(Parser.java:1726)
	at org.h2.command.Parser.parseSelectUnionExtension(Parser.java:1706)
	at org.h2.command.Parser.parseSelectUnion(Parser.java:1675)
	at org.h2.command.Parser.parseSelect(Parser.java:1662)
	at org.h2.command.Parser.parsePrepared(Parser.java:434)
	at org.h2.command.Parser.parse(Parser.java:306)
	at org.h2.command.Parser.parse(Parser.java:282)
	at org.h2.command.Parser.prepareCommand(Parser.java:243)
	at org.h2.engine.Session.prepareLocal(Session.java:442)
	at org.h2.engine.Session.prepareCommand(Session.java:384)
	at org.h2.jdbc.JdbcConnection.prepareCommand(JdbcConnection.java:1188)
	at org.h2.jdbc.JdbcPreparedStatement.&lt;init&gt;(JdbcPreparedStatement.java:73)
	at org.h2.jdbc.JdbcConnection.prepareStatement(JdbcConnection.java:276)
	at sun.reflect.GeneratedMethodAccessor6.invoke(Unknown Source)
	at sun.reflect.DelegatingMethodAccessorImpl.invoke(DelegatingMethodAccessorImpl.java:43)
	at java.lang.reflect.Method.invoke(Method.java:498)
	at org.apache.ibatis.datasource.pooled.PooledConnection.invoke(PooledConnection.java:245)
	at com.sun.proxy.$Proxy12.prepareStatement(Unknown Source)
	at sun.reflect.GeneratedMethodAccessor6.invoke(Unknown Source)
	at sun.reflect.DelegatingMethodAccessorImpl.invoke(DelegatingMethodAccessorImpl.java:43)
	at java.lang.reflect.Method.invoke(Method.java:498)
	at org.apache.ibatis.logging.jdbc.ConnectionLogger.invoke(ConnectionLogger.java:55)
	at com.sun.proxy.$Proxy12.prepareStatement(Unknown Source)
	at org.apache.ibatis.executor.statement.PreparedStatementHandler.instantiateStatement(PreparedStatementHandler.java:79)
	at org.apache.ibatis.executor.statement.BaseStatementHandler.prepare(BaseStatementHandler.java:88)
	at org.apache.ibatis.executor.statement.RoutingStatementHandler.prepare(RoutingStatementHandler.java:58)
	at org.apache.ibatis.executor.SimpleExecutor.prepareStatement(SimpleExecutor.java:76)
	at org.apache.ibatis.executor.SimpleExecutor.doQuery(SimpleExecutor.java:61)
	at org.apache.ibatis.executor.BaseExecutor.queryFromDatabase(BaseExecutor.java:303)
	at org.apache.ibatis.executor.BaseExecutor.query(BaseExecutor.java:154)
	at org.apache.ibatis.executor.CachingExecutor.query(CachingExecutor.java:102)
	at org.apache.ibatis.executor.CachingExecutor.query(CachingExecutor.java:82)
	at org.apache.ibatis.session.defaults.DefaultSqlSession.selectList(DefaultSqlSession.java:120)
	... 45 more
10:47:52,511 [main] DEBUG org.activiti.engine.impl.cfg.standalone.StandaloneMybatisTransactionContext  - firing event rolling back...
10:47:52,511 [main] DEBUG org.activiti.engine.impl.cfg.standalone.StandaloneMybatisTransactionContext  - rolling back ibatis sql session...
10:47:52,511 [main] DEBUG org.activiti.engine.impl.cfg.standalone.StandaloneMybatisTransactionContext  - firing event rolled back...
10:47:52,511 [main] DEBUG org.apache.ibatis.transaction.jdbc.JdbcTransaction  - Resetting autocommit to true on JDBC Connection [conn6: url=jdbc:h2:mem:activiti user=SA]
10:47:52,511 [main] DEBUG org.apache.ibatis.transaction.jdbc.JdbcTransaction  - Closing JDBC Connection [conn6: url=jdbc:h2:mem:activiti user=SA]
10:47:52,511 [main] DEBUG org.apache.ibatis.datasource.pooled.PooledDataSource  - Returned connection 486346394 to pool.
10:47:52,511 [main] DEBUG org.activiti.engine.impl.interceptor.LogInterceptor  - --- JobQueryImpl finished --------------------------------------------------------
10:47:52,511 [main] DEBUG org.activiti.engine.impl.interceptor.LogInterceptor  - 

10:47:52,526 [Thread-112] DEBUG org.activiti.engine.impl.asyncexecutor.AcquireAsyncJobsDueRunnable  - async job acquisition thread woke up
10:47:52,526 [Thread-112] DEBUG org.activiti.engine.impl.interceptor.LogInterceptor  - 

10:47:52,526 [Thread-112] DEBUG org.activiti.engine.impl.interceptor.LogInterceptor  - --- starting AcquireAsyncJobsDueCmd --------------------------------------------------------
10:47:52,526 [Thread-112] DEBUG org.apache.ibatis.transaction.jdbc.JdbcTransaction  - Opening JDBC Connection
10:47:52,526 [Thread-112] DEBUG org.apache.ibatis.datasource.pooled.PooledDataSource  - Checked out connection 604408605 from pool.
10:47:52,526 [Thread-112] DEBUG org.apache.ibatis.transaction.jdbc.JdbcTransaction  - Setting autocommit to false on JDBC Connection [conn70: url=jdbc:h2:mem:activiti-AsyncExecutorTest user=SA]
10:47:52,526 [Thread-112] DEBUG org.activiti.engine.impl.persistence.entity.JobEntity.selectAsyncJobsDueToExecute  - ==&gt;  Preparing: select RES.* from ACT_RU_JOB RES LEFT OUTER JOIN ACT_RU_EXECUTION PI ON PI.ID_ = RES.PROCESS_INSTANCE_ID_ where RES.RETRIES_ &gt; 0 and RES.DUEDATE_ is not null and RES.DUEDATE_ &lt;= ? and (RES.LOCK_EXP_TIME_ is null or RES.LOCK_EXP_TIME_ &lt;= ?) and TYPE_ = &apos;message&apos; and ( (RES.EXECUTION_ID_ is null) or (PI.SUSPENSION_STATE_ = 1) ) LIMIT ? OFFSET ? 
10:47:52,526 [Thread-112] DEBUG org.activiti.engine.impl.persistence.entity.JobEntity.selectAsyncJobsDueToExecute  - ==&gt; Parameters: 2023-03-20 10:48:50.669(Timestamp), 2023-03-20 10:48:50.669(Timestamp), 1(Integer), 0(Integer)
10:47:52,526 [Thread-112] DEBUG org.activiti.engine.impl.persistence.entity.JobEntity.selectAsyncJobsDueToExecute  - &lt;==      Total: 0
10:47:52,526 [Thread-112] DEBUG org.activiti.engine.impl.db.DbSqlSession  - flush summary: 0 insert, 0 update, 0 delete.
10:47:52,526 [Thread-112] DEBUG org.activiti.engine.impl.db.DbSqlSession  - now executing flush...
10:47:52,526 [Thread-112] DEBUG org.activiti.engine.impl.cfg.standalone.StandaloneMybatisTransactionContext  - firing event committing...
10:47:52,526 [Thread-112] DEBUG org.activiti.engine.impl.cfg.standalone.StandaloneMybatisTransactionContext  - committing the ibatis sql session...
10:47:52,526 [Thread-112] DEBUG org.activiti.engine.impl.cfg.standalone.StandaloneMybatisTransactionContext  - firing event committed...
10:47:52,526 [Thread-112] DEBUG org.apache.ibatis.transaction.jdbc.JdbcTransaction  - Resetting autocommit to true on JDBC Connection [conn70: url=jdbc:h2:mem:activiti-AsyncExecutorTest user=SA]
10:47:52,526 [Thread-112] DEBUG org.apache.ibatis.transaction.jdbc.JdbcTransaction  - Closing JDBC Connection [conn70: url=jdbc:h2:mem:activiti-AsyncExecutorTest user=SA]
10:47:52,526 [Thread-112] DEBUG org.apache.ibatis.datasource.pooled.PooledDataSource  - Returned connection 604408605 to pool.
10:47:52,526 [Thread-112] DEBUG org.activiti.engine.impl.interceptor.LogInterceptor  - --- AcquireAsyncJobsDueCmd finished --------------------------------------------------------
10:47:52,526 [Thread-112] DEBUG org.activiti.engine.impl.interceptor.LogInterceptor  - 

10:47:52,526 [Thread-112] DEBUG org.activiti.engine.impl.asyncexecutor.AcquireAsyncJobsDueRunnable  - async job acquisition thread sleeping for 50 millis
10:47:52,542 [Thread-105] DEBUG org.activiti.engine.impl.asyncexecutor.AcquireTimerJobsRunnable  - timer job acquisition thread woke up
10:47:52,542 [Thread-105] DEBUG org.activiti.engine.impl.interceptor.LogInterceptor  - 

10:47:52,542 [Thread-105] DEBUG org.activiti.engine.impl.interceptor.LogInterceptor  - --- starting AcquireTimerJobsCmd --------------------------------------------------------
10:47:52,542 [Thread-106] DEBUG org.activiti.engine.impl.asyncexecutor.AcquireAsyncJobsDueRunnable  - async job acquisition thread woke up
10:47:52,542 [Thread-106] DEBUG org.activiti.engine.impl.interceptor.LogInterceptor  - 

10:47:52,542 [Thread-106] DEBUG org.activiti.engine.impl.interceptor.LogInterceptor  - --- starting AcquireAsyncJobsDueCmd --------------------------------------------------------
10:47:52,542 [Thread-106] DEBUG org.apache.ibatis.transaction.jdbc.JdbcTransaction  - Opening JDBC Connection
10:47:52,542 [Thread-106] DEBUG org.apache.ibatis.datasource.pooled.PooledDataSource  - Checked out connection 1970103261 from pool.
10:47:52,542 [Thread-106] DEBUG org.apache.ibatis.transaction.jdbc.JdbcTransaction  - Setting autocommit to false on JDBC Connection [conn63: url=jdbc:h2:mem:activiti-AsyncExecutorTest user=SA]
10:47:52,542 [Thread-106] DEBUG org.activiti.engine.impl.persistence.entity.JobEntity.selectAsyncJobsDueToExecute  - ==&gt;  Preparing: select RES.* from ACT_RU_JOB RES LEFT OUTER JOIN ACT_RU_EXECUTION PI ON PI.ID_ = RES.PROCESS_INSTANCE_ID_ where RES.RETRIES_ &gt; 0 and RES.DUEDATE_ is not null and RES.DUEDATE_ &lt;= ? and (RES.LOCK_EXP_TIME_ is null or RES.LOCK_EXP_TIME_ &lt;= ?) and TYPE_ = &apos;message&apos; and ( (RES.EXECUTION_ID_ is null) or (PI.SUSPENSION_STATE_ = 1) ) LIMIT ? OFFSET ? 
10:47:52,542 [Thread-102] DEBUG org.activiti.engine.impl.asyncexecutor.AcquireTimerJobsRunnable  - timer job acquisition thread woke up
10:47:52,542 [Thread-102] DEBUG org.activiti.engine.impl.interceptor.LogInterceptor  - 

10:47:52,542 [Thread-102] DEBUG org.activiti.engine.impl.interceptor.LogInterceptor  - --- starting AcquireTimerJobsCmd --------------------------------------------------------
10:47:52,542 [Thread-103] DEBUG org.activiti.engine.impl.asyncexecutor.AcquireAsyncJobsDueRunnable  - async job acquisition thread woke up
10:47:52,542 [Thread-103] DEBUG org.activiti.engine.impl.interceptor.LogInterceptor  - 

10:47:52,542 [Thread-103] DEBUG org.activiti.engine.impl.interceptor.LogInterceptor  - --- starting AcquireAsyncJobsDueCmd --------------------------------------------------------
10:47:52,542 [Thread-103] DEBUG org.apache.ibatis.transaction.jdbc.JdbcTransaction  - Opening JDBC Connection
10:47:52,542 [Thread-103] DEBUG org.apache.ibatis.datasource.pooled.PooledDataSource  - Checked out connection 720039383 from pool.
10:47:52,542 [Thread-103] DEBUG org.apache.ibatis.transaction.jdbc.JdbcTransaction  - Setting autocommit to false on JDBC Connection [conn59: url=jdbc:h2:mem:activiti-AsyncExecutorTest user=SA]
10:47:52,542 [Thread-103] DEBUG org.activiti.engine.impl.persistence.entity.JobEntity.selectAsyncJobsDueToExecute  - ==&gt;  Preparing: select RES.* from ACT_RU_JOB RES LEFT OUTER JOIN ACT_RU_EXECUTION PI ON PI.ID_ = RES.PROCESS_INSTANCE_ID_ where RES.RETRIES_ &gt; 0 and RES.DUEDATE_ is not null and RES.DUEDATE_ &lt;= ? and (RES.LOCK_EXP_TIME_ is null or RES.LOCK_EXP_TIME_ &lt;= ?) and TYPE_ = &apos;message&apos; and ( (RES.EXECUTION_ID_ is null) or (PI.SUSPENSION_STATE_ = 1) ) LIMIT ? OFFSET ? 
10:47:52,542 [Thread-103] DEBUG org.activiti.engine.impl.persistence.entity.JobEntity.selectAsyncJobsDueToExecute  - ==&gt; Parameters: 2023-03-20 10:48:50.669(Timestamp), 2023-03-20 10:48:50.669(Timestamp), 1(Integer), 0(Integer)
10:47:52,542 [Thread-111] DEBUG org.activiti.engine.impl.asyncexecutor.AcquireTimerJobsRunnable  - timer job acquisition thread woke up
10:47:52,542 [Thread-111] DEBUG org.activiti.engine.impl.interceptor.LogInterceptor  - 

10:47:52,542 [Thread-111] DEBUG org.activiti.engine.impl.interceptor.LogInterceptor  - --- starting AcquireTimerJobsCmd --------------------------------------------------------
10:47:52,542 [Thread-103] DEBUG org.activiti.engine.impl.persistence.entity.JobEntity.selectAsyncJobsDueToExecute  - &lt;==      Total: 0
10:47:52,543 [Thread-103] DEBUG org.activiti.engine.impl.db.DbSqlSession  - flush summary: 0 insert, 0 update, 0 delete.
10:47:52,543 [Thread-103] DEBUG org.activiti.engine.impl.db.DbSqlSession  - now executing flush...
10:47:52,543 [Thread-103] DEBUG org.activiti.engine.impl.cfg.standalone.StandaloneMybatisTransactionContext  - firing event committing...
10:47:52,543 [Thread-103] DEBUG org.activiti.engine.impl.cfg.standalone.StandaloneMybatisTransactionContext  - committing the ibatis sql session...
10:47:52,543 [Thread-103] DEBUG org.activiti.engine.impl.cfg.standalone.StandaloneMybatisTransactionContext  - firing event committed...
10:47:52,543 [Thread-103] DEBUG org.apache.ibatis.transaction.jdbc.JdbcTransaction  - Resetting autocommit to true on JDBC Connection [conn59: url=jdbc:h2:mem:activiti-AsyncExecutorTest user=SA]
10:47:52,543 [Thread-103] DEBUG org.apache.ibatis.transaction.jdbc.JdbcTransaction  - Closing JDBC Connection [conn59: url=jdbc:h2:mem:activiti-AsyncExecutorTest user=SA]
10:47:52,543 [Thread-103] DEBUG org.apache.ibatis.datasource.pooled.PooledDataSource  - Returned connection 720039383 to pool.
10:47:52,542 [Thread-102] DEBUG org.apache.ibatis.transaction.jdbc.JdbcTransaction  - Opening JDBC Connection
10:47:52,543 [Thread-102] DEBUG org.apache.ibatis.datasource.pooled.PooledDataSource  - Checked out connection 157985567 from pool.
10:47:52,543 [Thread-102] DEBUG org.apache.ibatis.transaction.jdbc.JdbcTransaction  - Setting autocommit to false on JDBC Connection [conn61: url=jdbc:h2:mem:activiti-AsyncExecutorTest user=SA]
10:47:52,542 [Thread-106] DEBUG org.activiti.engine.impl.persistence.entity.JobEntity.selectAsyncJobsDueToExecute  - ==&gt; Parameters: 2023-03-20 10:48:50.669(Timestamp), 2023-03-20 10:48:50.669(Timestamp), 1(Integer), 0(Integer)
10:47:52,543 [Thread-106] DEBUG org.activiti.engine.impl.persistence.entity.JobEntity.selectAsyncJobsDueToExecute  - &lt;==      Total: 0
10:47:52,543 [Thread-106] DEBUG org.activiti.engine.impl.db.DbSqlSession  - flush summary: 0 insert, 0 update, 0 delete.
10:47:52,543 [Thread-106] DEBUG org.activiti.engine.impl.db.DbSqlSession  - now executing flush...
10:47:52,543 [Thread-106] DEBUG org.activiti.engine.impl.cfg.standalone.StandaloneMybatisTransactionContext  - firing event committing...
10:47:52,543 [Thread-106] DEBUG org.activiti.engine.impl.cfg.standalone.StandaloneMybatisTransactionContext  - committing the ibatis sql session...
10:47:52,543 [Thread-106] DEBUG org.activiti.engine.impl.cfg.standalone.StandaloneMybatisTransactionContext  - firing event committed...
10:47:52,543 [Thread-106] DEBUG org.apache.ibatis.transaction.jdbc.JdbcTransaction  - Resetting autocommit to true on JDBC Connection [conn63: url=jdbc:h2:mem:activiti-AsyncExecutorTest user=SA]
10:47:52,543 [Thread-106] DEBUG org.apache.ibatis.transaction.jdbc.JdbcTransaction  - Closing JDBC Connection [conn63: url=jdbc:h2:mem:activiti-AsyncExecutorTest user=SA]
10:47:52,543 [Thread-106] DEBUG org.apache.ibatis.datasource.pooled.PooledDataSource  - Returned connection 1970103261 to pool.
10:47:52,543 [Thread-106] DEBUG org.activiti.engine.impl.interceptor.LogInterceptor  - --- AcquireAsyncJobsDueCmd finished --------------------------------------------------------
10:47:52,543 [Thread-106] DEBUG org.activiti.engine.impl.interceptor.LogInterceptor  - 

10:47:52,543 [Thread-106] DEBUG org.activiti.engine.impl.asyncexecutor.AcquireAsyncJobsDueRunnable  - async job acquisition thread sleeping for 50 millis
10:47:52,542 [Thread-105] DEBUG org.apache.ibatis.transaction.jdbc.JdbcTransaction  - Opening JDBC Connection
10:47:52,543 [Thread-105] DEBUG org.apache.ibatis.datasource.pooled.PooledDataSource  - Checked out connection 996762054 from pool.
10:47:52,543 [Thread-105] DEBUG org.apache.ibatis.transaction.jdbc.JdbcTransaction  - Setting autocommit to false on JDBC Connection [conn65: url=jdbc:h2:mem:activiti-AsyncExecutorTest user=SA]
10:47:52,543 [Thread-105] DEBUG org.activiti.engine.impl.persistence.entity.JobEntity.selectNextTimerJobsToExecute  - ==&gt;  Preparing: select RES.* from ACT_RU_JOB RES LEFT OUTER JOIN ACT_RU_EXECUTION PI ON PI.ID_ = RES.PROCESS_INSTANCE_ID_ where (RES.RETRIES_ &gt; 0) and (RES.DUEDATE_ is null or RES.DUEDATE_ &lt;= ?) and (RES.LOCK_OWNER_ is null or RES.LOCK_EXP_TIME_ &lt;= ?) and TYPE_ = &apos;timer&apos; and ( (RES.EXECUTION_ID_ is null) or (PI.SUSPENSION_STATE_ = 1) ) LIMIT ? OFFSET ? 
10:47:52,543 [Thread-105] DEBUG org.activiti.engine.impl.persistence.entity.JobEntity.selectNextTimerJobsToExecute  - ==&gt; Parameters: 2023-03-20 10:48:50.669(Timestamp), 2023-03-20 10:48:50.669(Timestamp), 1(Integer), 0(Integer)
10:47:52,543 [Thread-102] DEBUG org.activiti.engine.impl.persistence.entity.JobEntity.selectNextTimerJobsToExecute  - ==&gt;  Preparing: select RES.* from ACT_RU_JOB RES LEFT OUTER JOIN ACT_RU_EXECUTION PI ON PI.ID_ = RES.PROCESS_INSTANCE_ID_ where (RES.RETRIES_ &gt; 0) and (RES.DUEDATE_ is null or RES.DUEDATE_ &lt;= ?) and (RES.LOCK_OWNER_ is null or RES.LOCK_EXP_TIME_ &lt;= ?) and TYPE_ = &apos;timer&apos; and ( (RES.EXECUTION_ID_ is null) or (PI.SUSPENSION_STATE_ = 1) ) LIMIT ? OFFSET ? 
10:47:52,543 [Thread-102] DEBUG org.activiti.engine.impl.persistence.entity.JobEntity.selectNextTimerJobsToExecute  - ==&gt; Parameters: 2023-03-20 10:48:50.669(Timestamp), 2023-03-20 10:48:50.669(Timestamp), 1(Integer), 0(Integer)
10:47:52,543 [Thread-102] DEBUG org.activiti.engine.impl.persistence.entity.JobEntity.selectNextTimerJobsToExecute  - &lt;==      Total: 0
10:47:52,543 [Thread-102] DEBUG org.activiti.engine.impl.db.DbSqlSession  - flush summary: 0 insert, 0 update, 0 delete.
10:47:52,543 [Thread-102] DEBUG org.activiti.engine.impl.db.DbSqlSession  - now executing flush...
10:47:52,543 [Thread-102] DEBUG org.activiti.engine.impl.cfg.standalone.StandaloneMybatisTransactionContext  - firing event committing...
10:47:52,543 [Thread-102] DEBUG org.activiti.engine.impl.cfg.standalone.StandaloneMybatisTransactionContext  - committing the ibatis sql session...
10:47:52,543 [Thread-102] DEBUG org.activiti.engine.impl.cfg.standalone.StandaloneMybatisTransactionContext  - firing event committed...
10:47:52,543 [Thread-102] DEBUG org.apache.ibatis.transaction.jdbc.JdbcTransaction  - Resetting autocommit to true on JDBC Connection [conn61: url=jdbc:h2:mem:activiti-AsyncExecutorTest user=SA]
10:47:52,544 [Thread-102] DEBUG org.apache.ibatis.transaction.jdbc.JdbcTransaction  - Closing JDBC Connection [conn61: url=jdbc:h2:mem:activiti-AsyncExecutorTest user=SA]
10:47:52,544 [Thread-102] DEBUG org.apache.ibatis.datasource.pooled.PooledDataSource  - Returned connection 157985567 to pool.
10:47:52,544 [Thread-102] DEBUG org.activiti.engine.impl.interceptor.LogInterceptor  - --- AcquireTimerJobsCmd finished --------------------------------------------------------
10:47:52,544 [Thread-102] DEBUG org.activiti.engine.impl.interceptor.LogInterceptor  - 

10:47:52,544 [Thread-102] DEBUG org.activiti.engine.impl.asyncexecutor.AcquireTimerJobsRunnable  - timer job acquisition thread sleeping for 50 millis
10:47:52,543 [Thread-103] DEBUG org.activiti.engine.impl.interceptor.LogInterceptor  - --- AcquireAsyncJobsDueCmd finished --------------------------------------------------------
10:47:52,544 [Thread-103] DEBUG org.activiti.engine.impl.interceptor.LogInterceptor  - 

10:47:52,544 [Thread-103] DEBUG org.activiti.engine.impl.asyncexecutor.AcquireAsyncJobsDueRunnable  - async job acquisition thread sleeping for 50 millis
10:47:52,543 [Thread-111] DEBUG org.apache.ibatis.transaction.jdbc.JdbcTransaction  - Opening JDBC Connection
10:47:52,544 [Thread-111] DEBUG org.apache.ibatis.datasource.pooled.PooledDataSource  - Checked out connection 58501658 from pool.
10:47:52,544 [Thread-111] DEBUG org.apache.ibatis.transaction.jdbc.JdbcTransaction  - Setting autocommit to false on JDBC Connection [conn68: url=jdbc:h2:mem:activiti-AsyncExecutorTest user=SA]
10:47:52,543 [Thread-105] DEBUG org.activiti.engine.impl.persistence.entity.JobEntity.selectNextTimerJobsToExecute  - &lt;==      Total: 0
10:47:52,544 [Thread-105] DEBUG org.activiti.engine.impl.db.DbSqlSession  - flush summary: 0 insert, 0 update, 0 delete.
10:47:52,544 [Thread-105] DEBUG org.activiti.engine.impl.db.DbSqlSession  - now executing flush...
10:47:52,544 [Thread-105] DEBUG org.activiti.engine.impl.cfg.standalone.StandaloneMybatisTransactionContext  - firing event committing...
10:47:52,544 [Thread-105] DEBUG org.activiti.engine.impl.cfg.standalone.StandaloneMybatisTransactionContext  - committing the ibatis sql session...
10:47:52,544 [Thread-105] DEBUG org.activiti.engine.impl.cfg.standalone.StandaloneMybatisTransactionContext  - firing event committed...
10:47:52,544 [Thread-105] DEBUG org.apache.ibatis.transaction.jdbc.JdbcTransaction  - Resetting autocommit to true on JDBC Connection [conn65: url=jdbc:h2:mem:activiti-AsyncExecutorTest user=SA]
10:47:52,544 [Thread-105] DEBUG org.apache.ibatis.transaction.jdbc.JdbcTransaction  - Closing JDBC Connection [conn65: url=jdbc:h2:mem:activiti-AsyncExecutorTest user=SA]
10:47:52,544 [Thread-105] DEBUG org.apache.ibatis.datasource.pooled.PooledDataSource  - Returned connection 996762054 to pool.
10:47:52,544 [Thread-105] DEBUG org.activiti.engine.impl.interceptor.LogInterceptor  - --- AcquireTimerJobsCmd finished --------------------------------------------------------
10:47:52,544 [Thread-105] DEBUG org.activiti.engine.impl.interceptor.LogInterceptor  - 

10:47:52,544 [Thread-105] DEBUG org.activiti.engine.impl.asyncexecutor.AcquireTimerJobsRunnable  - timer job acquisition thread sleeping for 50 millis
10:47:52,544 [Thread-111] DEBUG org.activiti.engine.impl.persistence.entity.JobEntity.selectNextTimerJobsToExecute  - ==&gt;  Preparing: select RES.* from ACT_RU_JOB RES LEFT OUTER JOIN ACT_RU_EXECUTION PI ON PI.ID_ = RES.PROCESS_INSTANCE_ID_ where (RES.RETRIES_ &gt; 0) and (RES.DUEDATE_ is null or RES.DUEDATE_ &lt;= ?) and (RES.LOCK_OWNER_ is null or RES.LOCK_EXP_TIME_ &lt;= ?) and TYPE_ = &apos;timer&apos; and ( (RES.EXECUTION_ID_ is null) or (PI.SUSPENSION_STATE_ = 1) ) LIMIT ? OFFSET ? 
10:47:52,544 [Thread-111] DEBUG org.activiti.engine.impl.persistence.entity.JobEntity.selectNextTimerJobsToExecute  - ==&gt; Parameters: 2023-03-20 10:48:50.669(Timestamp), 2023-03-20 10:48:50.669(Timestamp), 1(Integer), 0(Integer)
10:47:52,544 [Thread-111] DEBUG org.activiti.engine.impl.persistence.entity.JobEntity.selectNextTimerJobsToExecute  - &lt;==      Total: 0
10:47:52,544 [Thread-111] DEBUG org.activiti.engine.impl.db.DbSqlSession  - flush summary: 0 insert, 0 update, 0 delete.
10:47:52,544 [Thread-111] DEBUG org.activiti.engine.impl.db.DbSqlSession  - now executing flush...
10:47:52,544 [Thread-111] DEBUG org.activiti.engine.impl.cfg.standalone.StandaloneMybatisTransactionContext  - firing event committing...
10:47:52,544 [Thread-111] DEBUG org.activiti.engine.impl.cfg.standalone.StandaloneMybatisTransactionContext  - committing the ibatis sql session...
10:47:52,544 [Thread-111] DEBUG org.activiti.engine.impl.cfg.standalone.StandaloneMybatisTransactionContext  - firing event committed...
10:47:52,544 [Thread-111] DEBUG org.apache.ibatis.transaction.jdbc.JdbcTransaction  - Resetting autocommit to true on JDBC Connection [conn68: url=jdbc:h2:mem:activiti-AsyncExecutorTest user=SA]
10:47:52,544 [Thread-111] DEBUG org.apache.ibatis.transaction.jdbc.JdbcTransaction  - Closing JDBC Connection [conn68: url=jdbc:h2:mem:activiti-AsyncExecutorTest user=SA]
10:47:52,544 [Thread-111] DEBUG org.apache.ibatis.datasource.pooled.PooledDataSource  - Returned connection 58501658 to pool.
10:47:52,544 [Thread-111] DEBUG org.activiti.engine.impl.interceptor.LogInterceptor  - --- AcquireTimerJobsCmd finished --------------------------------------------------------
10:47:52,544 [Thread-111] DEBUG org.activiti.engine.impl.interceptor.LogInterceptor  - 

10:47:52,544 [Thread-111] DEBUG org.activiti.engine.impl.asyncexecutor.AcquireTimerJobsRunnable  - timer job acquisition thread sleeping for 50 millis
10:47:52,589 [Thread-112] DEBUG org.activiti.engine.impl.asyncexecutor.AcquireAsyncJobsDueRunnable  - async job acquisition thread woke up
10:47:52,589 [Thread-112] DEBUG org.activiti.engine.impl.interceptor.LogInterceptor  - 

10:47:52,589 [Thread-112] DEBUG org.activiti.engine.impl.interceptor.LogInterceptor  - --- starting AcquireAsyncJobsDueCmd --------------------------------------------------------
10:47:52,589 [Thread-112] DEBUG org.apache.ibatis.transaction.jdbc.JdbcTransaction  - Opening JDBC Connection
10:47:52,589 [Thread-112] DEBUG org.apache.ibatis.datasource.pooled.PooledDataSource  - Checked out connection 1863805930 from pool.
10:47:52,589 [Thread-112] DEBUG org.apache.ibatis.transaction.jdbc.JdbcTransaction  - Setting autocommit to false on JDBC Connection [conn69: url=jdbc:h2:mem:activiti-AsyncExecutorTest user=SA]
10:47:52,589 [Thread-112] DEBUG org.activiti.engine.impl.persistence.entity.JobEntity.selectAsyncJobsDueToExecute  - ==&gt;  Preparing: select RES.* from ACT_RU_JOB RES LEFT OUTER JOIN ACT_RU_EXECUTION PI ON PI.ID_ = RES.PROCESS_INSTANCE_ID_ where RES.RETRIES_ &gt; 0 and RES.DUEDATE_ is not null and RES.DUEDATE_ &lt;= ? and (RES.LOCK_EXP_TIME_ is null or RES.LOCK_EXP_TIME_ &lt;= ?) and TYPE_ = &apos;message&apos; and ( (RES.EXECUTION_ID_ is null) or (PI.SUSPENSION_STATE_ = 1) ) LIMIT ? OFFSET ? 
10:47:52,589 [Thread-112] DEBUG org.activiti.engine.impl.persistence.entity.JobEntity.selectAsyncJobsDueToExecute  - ==&gt; Parameters: 2023-03-20 10:48:50.669(Timestamp), 2023-03-20 10:48:50.669(Timestamp), 1(Integer), 0(Integer)
10:47:52,589 [Thread-112] DEBUG org.activiti.engine.impl.persistence.entity.JobEntity.selectAsyncJobsDueToExecute  - &lt;==      Total: 0
10:47:52,589 [Thread-112] DEBUG org.activiti.engine.impl.db.DbSqlSession  - flush summary: 0 insert, 0 update, 0 delete.
10:47:52,589 [Thread-112] DEBUG org.activiti.engine.impl.db.DbSqlSession  - now executing flush...
10:47:52,589 [Thread-112] DEBUG org.activiti.engine.impl.cfg.standalone.StandaloneMybatisTransactionContext  - firing event committing...
10:47:52,589 [Thread-112] DEBUG org.activiti.engine.impl.cfg.standalone.StandaloneMybatisTransactionContext  - committing the ibatis sql session...
10:47:52,589 [Thread-112] DEBUG org.activiti.engine.impl.cfg.standalone.StandaloneMybatisTransactionContext  - firing event committed...
10:47:52,589 [Thread-112] DEBUG org.apache.ibatis.transaction.jdbc.JdbcTransaction  - Resetting autocommit to true on JDBC Connection [conn69: url=jdbc:h2:mem:activiti-AsyncExecutorTest user=SA]
10:47:52,589 [Thread-112] DEBUG org.apache.ibatis.transaction.jdbc.JdbcTransaction  - Closing JDBC Connection [conn69: url=jdbc:h2:mem:activiti-AsyncExecutorTest user=SA]
10:47:52,589 [Thread-112] DEBUG org.apache.ibatis.datasource.pooled.PooledDataSource  - Returned connection 1863805930 to pool.
10:47:52,589 [Thread-112] DEBUG org.activiti.engine.impl.interceptor.LogInterceptor  - --- AcquireAsyncJobsDueCmd finished --------------------------------------------------------
10:47:52,589 [Thread-112] DEBUG org.activiti.engine.impl.interceptor.LogInterceptor  - 

10:47:52,589 [Thread-112] DEBUG org.activiti.engine.impl.asyncexecutor.AcquireAsyncJobsDueRunnable  - async job acquisition thread sleeping for 50 millis
10:47:52,605 [Thread-106] DEBUG org.activiti.engine.impl.asyncexecutor.AcquireAsyncJobsDueRunnable  - async job acquisition thread woke up
10:47:52,605 [Thread-106] DEBUG org.activiti.engine.impl.interceptor.LogInterceptor  - 

10:47:52,605 [Thread-102] DEBUG org.activiti.engine.impl.asyncexecutor.AcquireTimerJobsRunnable  - timer job acquisition thread woke up
10:47:52,605 [Thread-102] DEBUG org.activiti.engine.impl.interceptor.LogInterceptor  - 

10:47:52,605 [Thread-102] DEBUG org.activiti.engine.impl.interceptor.LogInterceptor  - --- starting AcquireTimerJobsCmd --------------------------------------------------------
10:47:52,605 [Thread-111] DEBUG org.activiti.engine.impl.asyncexecutor.AcquireTimerJobsRunnable  - timer job acquisition thread woke up
10:47:52,605 [Thread-111] DEBUG org.activiti.engine.impl.interceptor.LogInterceptor  - 

10:47:52,605 [Thread-111] DEBUG org.activiti.engine.impl.interceptor.LogInterceptor  - --- starting AcquireTimerJobsCmd --------------------------------------------------------
10:47:52,605 [Thread-103] DEBUG org.activiti.engine.impl.asyncexecutor.AcquireAsyncJobsDueRunnable  - async job acquisition thread woke up
10:47:52,605 [Thread-103] DEBUG org.activiti.engine.impl.interceptor.LogInterceptor  - 

10:47:52,605 [Thread-103] DEBUG org.activiti.engine.impl.interceptor.LogInterceptor  - --- starting AcquireAsyncJobsDueCmd --------------------------------------------------------
10:47:52,605 [Thread-105] DEBUG org.activiti.engine.impl.asyncexecutor.AcquireTimerJobsRunnable  - timer job acquisition thread woke up
10:47:52,605 [Thread-105] DEBUG org.activiti.engine.impl.interceptor.LogInterceptor  - 

10:47:52,605 [Thread-103] DEBUG org.apache.ibatis.transaction.jdbc.JdbcTransaction  - Opening JDBC Connection
10:47:52,605 [Thread-103] DEBUG org.apache.ibatis.datasource.pooled.PooledDataSource  - Checked out connection 33534803 from pool.
10:47:52,605 [Thread-103] DEBUG org.apache.ibatis.transaction.jdbc.JdbcTransaction  - Setting autocommit to false on JDBC Connection [conn60: url=jdbc:h2:mem:activiti-AsyncExecutorTest user=SA]
10:47:52,605 [Thread-103] DEBUG org.activiti.engine.impl.persistence.entity.JobEntity.selectAsyncJobsDueToExecute  - ==&gt;  Preparing: select RES.* from ACT_RU_JOB RES LEFT OUTER JOIN ACT_RU_EXECUTION PI ON PI.ID_ = RES.PROCESS_INSTANCE_ID_ where RES.RETRIES_ &gt; 0 and RES.DUEDATE_ is not null and RES.DUEDATE_ &lt;= ? and (RES.LOCK_EXP_TIME_ is null or RES.LOCK_EXP_TIME_ &lt;= ?) and TYPE_ = &apos;message&apos; and ( (RES.EXECUTION_ID_ is null) or (PI.SUSPENSION_STATE_ = 1) ) LIMIT ? OFFSET ? 
10:47:52,605 [Thread-111] DEBUG org.apache.ibatis.transaction.jdbc.JdbcTransaction  - Opening JDBC Connection
10:47:52,606 [Thread-111] DEBUG org.apache.ibatis.datasource.pooled.PooledDataSource  - Checked out connection 604408605 from pool.
10:47:52,606 [Thread-111] DEBUG org.apache.ibatis.transaction.jdbc.JdbcTransaction  - Setting autocommit to false on JDBC Connection [conn70: url=jdbc:h2:mem:activiti-AsyncExecutorTest user=SA]
10:47:52,606 [Thread-111] DEBUG org.activiti.engine.impl.persistence.entity.JobEntity.selectNextTimerJobsToExecute  - ==&gt;  Preparing: select RES.* from ACT_RU_JOB RES LEFT OUTER JOIN ACT_RU_EXECUTION PI ON PI.ID_ = RES.PROCESS_INSTANCE_ID_ where (RES.RETRIES_ &gt; 0) and (RES.DUEDATE_ is null or RES.DUEDATE_ &lt;= ?) and (RES.LOCK_OWNER_ is null or RES.LOCK_EXP_TIME_ &lt;= ?) and TYPE_ = &apos;timer&apos; and ( (RES.EXECUTION_ID_ is null) or (PI.SUSPENSION_STATE_ = 1) ) LIMIT ? OFFSET ? 
10:47:52,606 [Thread-111] DEBUG org.activiti.engine.impl.persistence.entity.JobEntity.selectNextTimerJobsToExecute  - ==&gt; Parameters: 2023-03-20 10:48:50.669(Timestamp), 2023-03-20 10:48:50.669(Timestamp), 1(Integer), 0(Integer)
10:47:52,605 [Thread-102] DEBUG org.apache.ibatis.transaction.jdbc.JdbcTransaction  - Opening JDBC Connection
10:47:52,606 [Thread-102] DEBUG org.apache.ibatis.datasource.pooled.PooledDataSource  - Checked out connection 720039383 from pool.
10:47:52,606 [Thread-102] DEBUG org.apache.ibatis.transaction.jdbc.JdbcTransaction  - Setting autocommit to false on JDBC Connection [conn59: url=jdbc:h2:mem:activiti-AsyncExecutorTest user=SA]
10:47:52,605 [Thread-106] DEBUG org.activiti.engine.impl.interceptor.LogInterceptor  - --- starting AcquireAsyncJobsDueCmd --------------------------------------------------------
10:47:52,606 [Thread-102] DEBUG org.activiti.engine.impl.persistence.entity.JobEntity.selectNextTimerJobsToExecute  - ==&gt;  Preparing: select RES.* from ACT_RU_JOB RES LEFT OUTER JOIN ACT_RU_EXECUTION PI ON PI.ID_ = RES.PROCESS_INSTANCE_ID_ where (RES.RETRIES_ &gt; 0) and (RES.DUEDATE_ is null or RES.DUEDATE_ &lt;= ?) and (RES.LOCK_OWNER_ is null or RES.LOCK_EXP_TIME_ &lt;= ?) and TYPE_ = &apos;timer&apos; and ( (RES.EXECUTION_ID_ is null) or (PI.SUSPENSION_STATE_ = 1) ) LIMIT ? OFFSET ? 
10:47:52,606 [Thread-111] DEBUG org.activiti.engine.impl.persistence.entity.JobEntity.selectNextTimerJobsToExecute  - &lt;==      Total: 0
10:47:52,606 [Thread-103] DEBUG org.activiti.engine.impl.persistence.entity.JobEntity.selectAsyncJobsDueToExecute  - ==&gt; Parameters: 2023-03-20 10:48:50.669(Timestamp), 2023-03-20 10:48:50.669(Timestamp), 1(Integer), 0(Integer)
10:47:52,606 [Thread-103] DEBUG org.activiti.engine.impl.persistence.entity.JobEntity.selectAsyncJobsDueToExecute  - &lt;==      Total: 0
10:47:52,605 [Thread-105] DEBUG org.activiti.engine.impl.interceptor.LogInterceptor  - --- starting AcquireTimerJobsCmd --------------------------------------------------------
10:47:52,606 [Thread-105] DEBUG org.apache.ibatis.transaction.jdbc.JdbcTransaction  - Opening JDBC Connection
10:47:52,606 [Thread-105] DEBUG org.apache.ibatis.datasource.pooled.PooledDataSource  - Checked out connection 54468349 from pool.
10:47:52,606 [Thread-105] DEBUG org.apache.ibatis.transaction.jdbc.JdbcTransaction  - Setting autocommit to false on JDBC Connection [conn64: url=jdbc:h2:mem:activiti-AsyncExecutorTest user=SA]
10:47:52,606 [Thread-105] DEBUG org.activiti.engine.impl.persistence.entity.JobEntity.selectNextTimerJobsToExecute  - ==&gt;  Preparing: select RES.* from ACT_RU_JOB RES LEFT OUTER JOIN ACT_RU_EXECUTION PI ON PI.ID_ = RES.PROCESS_INSTANCE_ID_ where (RES.RETRIES_ &gt; 0) and (RES.DUEDATE_ is null or RES.DUEDATE_ &lt;= ?) and (RES.LOCK_OWNER_ is null or RES.LOCK_EXP_TIME_ &lt;= ?) and TYPE_ = &apos;timer&apos; and ( (RES.EXECUTION_ID_ is null) or (PI.SUSPENSION_STATE_ = 1) ) LIMIT ? OFFSET ? 
10:47:52,606 [Thread-103] DEBUG org.activiti.engine.impl.db.DbSqlSession  - flush summary: 0 insert, 0 update, 0 delete.
10:47:52,606 [Thread-103] DEBUG org.activiti.engine.impl.db.DbSqlSession  - now executing flush...
10:47:52,606 [Thread-103] DEBUG org.activiti.engine.impl.cfg.standalone.StandaloneMybatisTransactionContext  - firing event committing...
10:47:52,606 [Thread-103] DEBUG org.activiti.engine.impl.cfg.standalone.StandaloneMybatisTransactionContext  - committing the ibatis sql session...
10:47:52,606 [Thread-103] DEBUG org.activiti.engine.impl.cfg.standalone.StandaloneMybatisTransactionContext  - firing event committed...
10:47:52,606 [Thread-103] DEBUG org.apache.ibatis.transaction.jdbc.JdbcTransaction  - Resetting autocommit to true on JDBC Connection [conn60: url=jdbc:h2:mem:activiti-AsyncExecutorTest user=SA]
10:47:52,606 [Thread-103] DEBUG org.apache.ibatis.transaction.jdbc.JdbcTransaction  - Closing JDBC Connection [conn60: url=jdbc:h2:mem:activiti-AsyncExecutorTest user=SA]
10:47:52,606 [Thread-111] DEBUG org.activiti.engine.impl.db.DbSqlSession  - flush summary: 0 insert, 0 update, 0 delete.
10:47:52,607 [Thread-111] DEBUG org.activiti.engine.impl.db.DbSqlSession  - now executing flush...
10:47:52,607 [Thread-111] DEBUG org.activiti.engine.impl.cfg.standalone.StandaloneMybatisTransactionContext  - firing event committing...
10:47:52,607 [Thread-111] DEBUG org.activiti.engine.impl.cfg.standalone.StandaloneMybatisTransactionContext  - committing the ibatis sql session...
10:47:52,607 [Thread-111] DEBUG org.activiti.engine.impl.cfg.standalone.StandaloneMybatisTransactionContext  - firing event committed...
10:47:52,607 [Thread-111] DEBUG org.apache.ibatis.transaction.jdbc.JdbcTransaction  - Resetting autocommit to true on JDBC Connection [conn70: url=jdbc:h2:mem:activiti-AsyncExecutorTest user=SA]
10:47:52,607 [Thread-111] DEBUG org.apache.ibatis.transaction.jdbc.JdbcTransaction  - Closing JDBC Connection [conn70: url=jdbc:h2:mem:activiti-AsyncExecutorTest user=SA]
10:47:52,607 [Thread-111] DEBUG org.apache.ibatis.datasource.pooled.PooledDataSource  - Returned connection 604408605 to pool.
10:47:52,607 [Thread-111] DEBUG org.activiti.engine.impl.interceptor.LogInterceptor  - --- AcquireTimerJobsCmd finished --------------------------------------------------------
10:47:52,607 [Thread-111] DEBUG org.activiti.engine.impl.interceptor.LogInterceptor  - 

10:47:52,606 [Thread-102] DEBUG org.activiti.engine.impl.persistence.entity.JobEntity.selectNextTimerJobsToExecute  - ==&gt; Parameters: 2023-03-20 10:48:50.669(Timestamp), 2023-03-20 10:48:50.669(Timestamp), 1(Integer), 0(Integer)
10:47:52,607 [Thread-102] DEBUG org.activiti.engine.impl.persistence.entity.JobEntity.selectNextTimerJobsToExecute  - &lt;==      Total: 0
10:47:52,606 [Thread-106] DEBUG org.apache.ibatis.transaction.jdbc.JdbcTransaction  - Opening JDBC Connection
10:47:52,607 [Thread-106] DEBUG org.apache.ibatis.datasource.pooled.PooledDataSource  - Checked out connection 1970103261 from pool.
10:47:52,607 [Thread-106] DEBUG org.apache.ibatis.transaction.jdbc.JdbcTransaction  - Setting autocommit to false on JDBC Connection [conn63: url=jdbc:h2:mem:activiti-AsyncExecutorTest user=SA]
10:47:52,607 [Thread-106] DEBUG org.activiti.engine.impl.persistence.entity.JobEntity.selectAsyncJobsDueToExecute  - ==&gt;  Preparing: select RES.* from ACT_RU_JOB RES LEFT OUTER JOIN ACT_RU_EXECUTION PI ON PI.ID_ = RES.PROCESS_INSTANCE_ID_ where RES.RETRIES_ &gt; 0 and RES.DUEDATE_ is not null and RES.DUEDATE_ &lt;= ? and (RES.LOCK_EXP_TIME_ is null or RES.LOCK_EXP_TIME_ &lt;= ?) and TYPE_ = &apos;message&apos; and ( (RES.EXECUTION_ID_ is null) or (PI.SUSPENSION_STATE_ = 1) ) LIMIT ? OFFSET ? 
10:47:52,607 [Thread-106] DEBUG org.activiti.engine.impl.persistence.entity.JobEntity.selectAsyncJobsDueToExecute  - ==&gt; Parameters: 2023-03-20 10:48:50.669(Timestamp), 2023-03-20 10:48:50.669(Timestamp), 1(Integer), 0(Integer)
10:47:52,607 [Thread-106] DEBUG org.activiti.engine.impl.persistence.entity.JobEntity.selectAsyncJobsDueToExecute  - &lt;==      Total: 0
10:47:52,607 [Thread-106] DEBUG org.activiti.engine.impl.db.DbSqlSession  - flush summary: 0 insert, 0 update, 0 delete.
10:47:52,607 [Thread-106] DEBUG org.activiti.engine.impl.db.DbSqlSession  - now executing flush...
10:47:52,607 [Thread-106] DEBUG org.activiti.engine.impl.cfg.standalone.StandaloneMybatisTransactionContext  - firing event committing...
10:47:52,607 [Thread-106] DEBUG org.activiti.engine.impl.cfg.standalone.StandaloneMybatisTransactionContext  - committing the ibatis sql session...
10:47:52,607 [Thread-102] DEBUG org.activiti.engine.impl.db.DbSqlSession  - flush summary: 0 insert, 0 update, 0 delete.
10:47:52,607 [Thread-102] DEBUG org.activiti.engine.impl.db.DbSqlSession  - now executing flush...
10:47:52,607 [Thread-102] DEBUG org.activiti.engine.impl.cfg.standalone.StandaloneMybatisTransactionContext  - firing event committing...
10:47:52,607 [Thread-102] DEBUG org.activiti.engine.impl.cfg.standalone.StandaloneMybatisTransactionContext  - committing the ibatis sql session...
10:47:52,607 [Thread-102] DEBUG org.activiti.engine.impl.cfg.standalone.StandaloneMybatisTransactionContext  - firing event committed...
10:47:52,607 [Thread-102] DEBUG org.apache.ibatis.transaction.jdbc.JdbcTransaction  - Resetting autocommit to true on JDBC Connection [conn59: url=jdbc:h2:mem:activiti-AsyncExecutorTest user=SA]
10:47:52,607 [Thread-102] DEBUG org.apache.ibatis.transaction.jdbc.JdbcTransaction  - Closing JDBC Connection [conn59: url=jdbc:h2:mem:activiti-AsyncExecutorTest user=SA]
10:47:52,607 [Thread-111] DEBUG org.activiti.engine.impl.asyncexecutor.AcquireTimerJobsRunnable  - timer job acquisition thread sleeping for 50 millis
10:47:52,606 [Thread-103] DEBUG org.apache.ibatis.datasource.pooled.PooledDataSource  - Returned connection 33534803 to pool.
10:47:52,607 [Thread-103] DEBUG org.activiti.engine.impl.interceptor.LogInterceptor  - --- AcquireAsyncJobsDueCmd finished --------------------------------------------------------
10:47:52,607 [Thread-103] DEBUG org.activiti.engine.impl.interceptor.LogInterceptor  - 

10:47:52,608 [Thread-103] DEBUG org.activiti.engine.impl.asyncexecutor.AcquireAsyncJobsDueRunnable  - async job acquisition thread sleeping for 50 millis
10:47:52,606 [Thread-105] DEBUG org.activiti.engine.impl.persistence.entity.JobEntity.selectNextTimerJobsToExecute  - ==&gt; Parameters: 2023-03-20 10:48:50.669(Timestamp), 2023-03-20 10:48:50.669(Timestamp), 1(Integer), 0(Integer)
10:47:52,608 [Thread-105] DEBUG org.activiti.engine.impl.persistence.entity.JobEntity.selectNextTimerJobsToExecute  - &lt;==      Total: 0
10:47:52,607 [Thread-102] DEBUG org.apache.ibatis.datasource.pooled.PooledDataSource  - Returned connection 720039383 to pool.
10:47:52,608 [Thread-102] DEBUG org.activiti.engine.impl.interceptor.LogInterceptor  - --- AcquireTimerJobsCmd finished --------------------------------------------------------
10:47:52,608 [Thread-102] DEBUG org.activiti.engine.impl.interceptor.LogInterceptor  - 

10:47:52,608 [Thread-102] DEBUG org.activiti.engine.impl.asyncexecutor.AcquireTimerJobsRunnable  - timer job acquisition thread sleeping for 50 millis
10:47:52,607 [Thread-106] DEBUG org.activiti.engine.impl.cfg.standalone.StandaloneMybatisTransactionContext  - firing event committed...
10:47:52,608 [Thread-106] DEBUG org.apache.ibatis.transaction.jdbc.JdbcTransaction  - Resetting autocommit to true on JDBC Connection [conn63: url=jdbc:h2:mem:activiti-AsyncExecutorTest user=SA]
10:47:52,608 [Thread-106] DEBUG org.apache.ibatis.transaction.jdbc.JdbcTransaction  - Closing JDBC Connection [conn63: url=jdbc:h2:mem:activiti-AsyncExecutorTest user=SA]
10:47:52,608 [Thread-105] DEBUG org.activiti.engine.impl.db.DbSqlSession  - flush summary: 0 insert, 0 update, 0 delete.
10:47:52,608 [Thread-105] DEBUG org.activiti.engine.impl.db.DbSqlSession  - now executing flush...
10:47:52,608 [Thread-105] DEBUG org.activiti.engine.impl.cfg.standalone.StandaloneMybatisTransactionContext  - firing event committing...
10:47:52,608 [Thread-105] DEBUG org.activiti.engine.impl.cfg.standalone.StandaloneMybatisTransactionContext  - committing the ibatis sql session...
10:47:52,608 [Thread-105] DEBUG org.activiti.engine.impl.cfg.standalone.StandaloneMybatisTransactionContext  - firing event committed...
10:47:52,608 [Thread-105] DEBUG org.apache.ibatis.transaction.jdbc.JdbcTransaction  - Resetting autocommit to true on JDBC Connection [conn64: url=jdbc:h2:mem:activiti-AsyncExecutorTest user=SA]
10:47:52,608 [Thread-106] DEBUG org.apache.ibatis.datasource.pooled.PooledDataSource  - Returned connection 1970103261 to pool.
10:47:52,608 [Thread-106] DEBUG org.activiti.engine.impl.interceptor.LogInterceptor  - --- AcquireAsyncJobsDueCmd finished --------------------------------------------------------
10:47:52,608 [Thread-106] DEBUG org.activiti.engine.impl.interceptor.LogInterceptor  - 

10:47:52,608 [Thread-105] DEBUG org.apache.ibatis.transaction.jdbc.JdbcTransaction  - Closing JDBC Connection [conn64: url=jdbc:h2:mem:activiti-AsyncExecutorTest user=SA]
10:47:52,608 [Thread-105] DEBUG org.apache.ibatis.datasource.pooled.PooledDataSource  - Returned connection 54468349 to pool.
10:47:52,608 [Thread-105] DEBUG org.activiti.engine.impl.interceptor.LogInterceptor  - --- AcquireTimerJobsCmd finished --------------------------------------------------------
10:47:52,608 [Thread-105] DEBUG org.activiti.engine.impl.interceptor.LogInterceptor  - 

10:47:52,608 [Thread-105] DEBUG org.activiti.engine.impl.asyncexecutor.AcquireTimerJobsRunnable  - timer job acquisition thread sleeping for 50 millis
10:47:52,608 [Thread-106] DEBUG org.activiti.engine.impl.asyncexecutor.AcquireAsyncJobsDueRunnable  - async job acquisition thread sleeping for 50 millis
10:47:52,652 [Thread-112] DEBUG org.activiti.engine.impl.asyncexecutor.AcquireAsyncJobsDueRunnable  - async job acquisition thread woke up
10:47:52,652 [Thread-112] DEBUG org.activiti.engine.impl.interceptor.LogInterceptor  - 

10:47:52,652 [Thread-112] DEBUG org.activiti.engine.impl.interceptor.LogInterceptor  - --- starting AcquireAsyncJobsDueCmd --------------------------------------------------------
10:47:52,652 [Thread-112] DEBUG org.apache.ibatis.transaction.jdbc.JdbcTransaction  - Opening JDBC Connection
10:47:52,652 [Thread-112] DEBUG org.apache.ibatis.datasource.pooled.PooledDataSource  - Checked out connection 58501658 from pool.
10:47:52,652 [Thread-112] DEBUG org.apache.ibatis.transaction.jdbc.JdbcTransaction  - Setting autocommit to false on JDBC Connection [conn68: url=jdbc:h2:mem:activiti-AsyncExecutorTest user=SA]
10:47:52,652 [Thread-112] DEBUG org.activiti.engine.impl.persistence.entity.JobEntity.selectAsyncJobsDueToExecute  - ==&gt;  Preparing: select RES.* from ACT_RU_JOB RES LEFT OUTER JOIN ACT_RU_EXECUTION PI ON PI.ID_ = RES.PROCESS_INSTANCE_ID_ where RES.RETRIES_ &gt; 0 and RES.DUEDATE_ is not null and RES.DUEDATE_ &lt;= ? and (RES.LOCK_EXP_TIME_ is null or RES.LOCK_EXP_TIME_ &lt;= ?) and TYPE_ = &apos;message&apos; and ( (RES.EXECUTION_ID_ is null) or (PI.SUSPENSION_STATE_ = 1) ) LIMIT ? OFFSET ? 
10:47:52,652 [Thread-112] DEBUG org.activiti.engine.impl.persistence.entity.JobEntity.selectAsyncJobsDueToExecute  - ==&gt; Parameters: 2023-03-20 10:48:50.669(Timestamp), 2023-03-20 10:48:50.669(Timestamp), 1(Integer), 0(Integer)
10:47:52,652 [Thread-112] DEBUG org.activiti.engine.impl.persistence.entity.JobEntity.selectAsyncJobsDueToExecute  - &lt;==      Total: 0
10:47:52,652 [Thread-112] DEBUG org.activiti.engine.impl.db.DbSqlSession  - flush summary: 0 insert, 0 update, 0 delete.
10:47:52,652 [Thread-112] DEBUG org.activiti.engine.impl.db.DbSqlSession  - now executing flush...
10:47:52,652 [Thread-112] DEBUG org.activiti.engine.impl.cfg.standalone.StandaloneMybatisTransactionContext  - firing event committing...
10:47:52,652 [Thread-112] DEBUG org.activiti.engine.impl.cfg.standalone.StandaloneMybatisTransactionContext  - committing the ibatis sql session...
10:47:52,652 [Thread-112] DEBUG org.activiti.engine.impl.cfg.standalone.StandaloneMybatisTransactionContext  - firing event committed...
10:47:52,652 [Thread-112] DEBUG org.apache.ibatis.transaction.jdbc.JdbcTransaction  - Resetting autocommit to true on JDBC Connection [conn68: url=jdbc:h2:mem:activiti-AsyncExecutorTest user=SA]
10:47:52,652 [Thread-112] DEBUG org.apache.ibatis.transaction.jdbc.JdbcTransaction  - Closing JDBC Connection [conn68: url=jdbc:h2:mem:activiti-AsyncExecutorTest user=SA]
10:47:52,652 [Thread-112] DEBUG org.apache.ibatis.datasource.pooled.PooledDataSource  - Returned connection 58501658 to pool.
10:47:52,652 [Thread-112] DEBUG org.activiti.engine.impl.interceptor.LogInterceptor  - --- AcquireAsyncJobsDueCmd finished --------------------------------------------------------
10:47:52,652 [Thread-112] DEBUG org.activiti.engine.impl.interceptor.LogInterceptor  - 

10:47:52,652 [Thread-112] DEBUG org.activiti.engine.impl.asyncexecutor.AcquireAsyncJobsDueRunnable  - async job acquisition thread sleeping for 50 millis
10:47:52,667 [Thread-106] DEBUG org.activiti.engine.impl.asyncexecutor.AcquireAsyncJobsDueRunnable  - async job acquisition thread woke up
10:47:52,667 [Thread-105] DEBUG org.activiti.engine.impl.asyncexecutor.AcquireTimerJobsRunnable  - timer job acquisition thread woke up
10:47:52,667 [Thread-105] DEBUG org.activiti.engine.impl.interceptor.LogInterceptor  - 

10:47:52,667 [Thread-103] DEBUG org.activiti.engine.impl.asyncexecutor.AcquireAsyncJobsDueRunnable  - async job acquisition thread woke up
10:47:52,667 [Thread-103] DEBUG org.activiti.engine.impl.interceptor.LogInterceptor  - 

10:47:52,667 [Thread-103] DEBUG org.activiti.engine.impl.interceptor.LogInterceptor  - --- starting AcquireAsyncJobsDueCmd --------------------------------------------------------
10:47:52,667 [Thread-102] DEBUG org.activiti.engine.impl.asyncexecutor.AcquireTimerJobsRunnable  - timer job acquisition thread woke up
10:47:52,667 [Thread-102] DEBUG org.activiti.engine.impl.interceptor.LogInterceptor  - 

10:47:52,667 [Thread-103] DEBUG org.apache.ibatis.transaction.jdbc.JdbcTransaction  - Opening JDBC Connection
10:47:52,667 [Thread-111] DEBUG org.activiti.engine.impl.asyncexecutor.AcquireTimerJobsRunnable  - timer job acquisition thread woke up
10:47:52,667 [Thread-111] DEBUG org.activiti.engine.impl.interceptor.LogInterceptor  - 

10:47:52,667 [Thread-111] DEBUG org.activiti.engine.impl.interceptor.LogInterceptor  - --- starting AcquireTimerJobsCmd --------------------------------------------------------
10:47:52,667 [Thread-103] DEBUG org.apache.ibatis.datasource.pooled.PooledDataSource  - Checked out connection 157985567 from pool.
10:47:52,667 [Thread-102] DEBUG org.activiti.engine.impl.interceptor.LogInterceptor  - --- starting AcquireTimerJobsCmd --------------------------------------------------------
10:47:52,667 [Thread-102] DEBUG org.apache.ibatis.transaction.jdbc.JdbcTransaction  - Opening JDBC Connection
10:47:52,667 [Thread-102] DEBUG org.apache.ibatis.datasource.pooled.PooledDataSource  - Checked out connection 33534803 from pool.
10:47:52,667 [Thread-102] DEBUG org.apache.ibatis.transaction.jdbc.JdbcTransaction  - Setting autocommit to false on JDBC Connection [conn60: url=jdbc:h2:mem:activiti-AsyncExecutorTest user=SA]
10:47:52,667 [Thread-102] DEBUG org.activiti.engine.impl.persistence.entity.JobEntity.selectNextTimerJobsToExecute  - ==&gt;  Preparing: select RES.* from ACT_RU_JOB RES LEFT OUTER JOIN ACT_RU_EXECUTION PI ON PI.ID_ = RES.PROCESS_INSTANCE_ID_ where (RES.RETRIES_ &gt; 0) and (RES.DUEDATE_ is null or RES.DUEDATE_ &lt;= ?) and (RES.LOCK_OWNER_ is null or RES.LOCK_EXP_TIME_ &lt;= ?) and TYPE_ = &apos;timer&apos; and ( (RES.EXECUTION_ID_ is null) or (PI.SUSPENSION_STATE_ = 1) ) LIMIT ? OFFSET ? 
10:47:52,667 [Thread-105] DEBUG org.activiti.engine.impl.interceptor.LogInterceptor  - --- starting AcquireTimerJobsCmd --------------------------------------------------------
10:47:52,667 [Thread-106] DEBUG org.activiti.engine.impl.interceptor.LogInterceptor  - 

10:47:52,667 [Thread-106] DEBUG org.activiti.engine.impl.interceptor.LogInterceptor  - --- starting AcquireAsyncJobsDueCmd --------------------------------------------------------
10:47:52,667 [Thread-106] DEBUG org.apache.ibatis.transaction.jdbc.JdbcTransaction  - Opening JDBC Connection
10:47:52,667 [Thread-106] DEBUG org.apache.ibatis.datasource.pooled.PooledDataSource  - Checked out connection 996762054 from pool.
10:47:52,667 [Thread-106] DEBUG org.apache.ibatis.transaction.jdbc.JdbcTransaction  - Setting autocommit to false on JDBC Connection [conn65: url=jdbc:h2:mem:activiti-AsyncExecutorTest user=SA]
10:47:52,667 [Thread-106] DEBUG org.activiti.engine.impl.persistence.entity.JobEntity.selectAsyncJobsDueToExecute  - ==&gt;  Preparing: select RES.* from ACT_RU_JOB RES LEFT OUTER JOIN ACT_RU_EXECUTION PI ON PI.ID_ = RES.PROCESS_INSTANCE_ID_ where RES.RETRIES_ &gt; 0 and RES.DUEDATE_ is not null and RES.DUEDATE_ &lt;= ? and (RES.LOCK_EXP_TIME_ is null or RES.LOCK_EXP_TIME_ &lt;= ?) and TYPE_ = &apos;message&apos; and ( (RES.EXECUTION_ID_ is null) or (PI.SUSPENSION_STATE_ = 1) ) LIMIT ? OFFSET ? 
10:47:52,667 [Thread-105] DEBUG org.apache.ibatis.transaction.jdbc.JdbcTransaction  - Opening JDBC Connection
10:47:52,668 [Thread-105] DEBUG org.apache.ibatis.datasource.pooled.PooledDataSource  - Checked out connection 1970103261 from pool.
10:47:52,667 [Thread-102] DEBUG org.activiti.engine.impl.persistence.entity.JobEntity.selectNextTimerJobsToExecute  - ==&gt; Parameters: 2023-03-20 10:48:50.669(Timestamp), 2023-03-20 10:48:50.669(Timestamp), 1(Integer), 0(Integer)
10:47:52,668 [Thread-102] DEBUG org.activiti.engine.impl.persistence.entity.JobEntity.selectNextTimerJobsToExecute  - &lt;==      Total: 0
10:47:52,667 [Thread-103] DEBUG org.apache.ibatis.transaction.jdbc.JdbcTransaction  - Setting autocommit to false on JDBC Connection [conn61: url=jdbc:h2:mem:activiti-AsyncExecutorTest user=SA]
10:47:52,667 [Thread-111] DEBUG org.apache.ibatis.transaction.jdbc.JdbcTransaction  - Opening JDBC Connection
10:47:52,668 [Thread-111] DEBUG org.apache.ibatis.datasource.pooled.PooledDataSource  - Checked out connection 1863805930 from pool.
10:47:52,668 [Thread-111] DEBUG org.apache.ibatis.transaction.jdbc.JdbcTransaction  - Setting autocommit to false on JDBC Connection [conn69: url=jdbc:h2:mem:activiti-AsyncExecutorTest user=SA]
10:47:52,668 [Thread-103] DEBUG org.activiti.engine.impl.persistence.entity.JobEntity.selectAsyncJobsDueToExecute  - ==&gt;  Preparing: select RES.* from ACT_RU_JOB RES LEFT OUTER JOIN ACT_RU_EXECUTION PI ON PI.ID_ = RES.PROCESS_INSTANCE_ID_ where RES.RETRIES_ &gt; 0 and RES.DUEDATE_ is not null and RES.DUEDATE_ &lt;= ? and (RES.LOCK_EXP_TIME_ is null or RES.LOCK_EXP_TIME_ &lt;= ?) and TYPE_ = &apos;message&apos; and ( (RES.EXECUTION_ID_ is null) or (PI.SUSPENSION_STATE_ = 1) ) LIMIT ? OFFSET ? 
10:47:52,668 [Thread-103] DEBUG org.activiti.engine.impl.persistence.entity.JobEntity.selectAsyncJobsDueToExecute  - ==&gt; Parameters: 2023-03-20 10:48:50.669(Timestamp), 2023-03-20 10:48:50.669(Timestamp), 1(Integer), 0(Integer)
10:47:52,668 [Thread-102] DEBUG org.activiti.engine.impl.db.DbSqlSession  - flush summary: 0 insert, 0 update, 0 delete.
10:47:52,668 [Thread-102] DEBUG org.activiti.engine.impl.db.DbSqlSession  - now executing flush...
10:47:52,668 [Thread-102] DEBUG org.activiti.engine.impl.cfg.standalone.StandaloneMybatisTransactionContext  - firing event committing...
10:47:52,668 [Thread-102] DEBUG org.activiti.engine.impl.cfg.standalone.StandaloneMybatisTransactionContext  - committing the ibatis sql session...
10:47:52,668 [Thread-102] DEBUG org.activiti.engine.impl.cfg.standalone.StandaloneMybatisTransactionContext  - firing event committed...
10:47:52,668 [Thread-105] DEBUG org.apache.ibatis.transaction.jdbc.JdbcTransaction  - Setting autocommit to false on JDBC Connection [conn63: url=jdbc:h2:mem:activiti-AsyncExecutorTest user=SA]
10:47:52,668 [Thread-106] DEBUG org.activiti.engine.impl.persistence.entity.JobEntity.selectAsyncJobsDueToExecute  - ==&gt; Parameters: 2023-03-20 10:48:50.669(Timestamp), 2023-03-20 10:48:50.669(Timestamp), 1(Integer), 0(Integer)
10:47:52,668 [Thread-106] DEBUG org.activiti.engine.impl.persistence.entity.JobEntity.selectAsyncJobsDueToExecute  - &lt;==      Total: 0
10:47:52,668 [Thread-105] DEBUG org.activiti.engine.impl.persistence.entity.JobEntity.selectNextTimerJobsToExecute  - ==&gt;  Preparing: select RES.* from ACT_RU_JOB RES LEFT OUTER JOIN ACT_RU_EXECUTION PI ON PI.ID_ = RES.PROCESS_INSTANCE_ID_ where (RES.RETRIES_ &gt; 0) and (RES.DUEDATE_ is null or RES.DUEDATE_ &lt;= ?) and (RES.LOCK_OWNER_ is null or RES.LOCK_EXP_TIME_ &lt;= ?) and TYPE_ = &apos;timer&apos; and ( (RES.EXECUTION_ID_ is null) or (PI.SUSPENSION_STATE_ = 1) ) LIMIT ? OFFSET ? 
10:47:52,668 [Thread-102] DEBUG org.apache.ibatis.transaction.jdbc.JdbcTransaction  - Resetting autocommit to true on JDBC Connection [conn60: url=jdbc:h2:mem:activiti-AsyncExecutorTest user=SA]
10:47:52,668 [Thread-102] DEBUG org.apache.ibatis.transaction.jdbc.JdbcTransaction  - Closing JDBC Connection [conn60: url=jdbc:h2:mem:activiti-AsyncExecutorTest user=SA]
10:47:52,668 [Thread-102] DEBUG org.apache.ibatis.datasource.pooled.PooledDataSource  - Returned connection 33534803 to pool.
10:47:52,668 [Thread-102] DEBUG org.activiti.engine.impl.interceptor.LogInterceptor  - --- AcquireTimerJobsCmd finished --------------------------------------------------------
10:47:52,668 [Thread-102] DEBUG org.activiti.engine.impl.interceptor.LogInterceptor  - 

10:47:52,668 [Thread-103] DEBUG org.activiti.engine.impl.persistence.entity.JobEntity.selectAsyncJobsDueToExecute  - &lt;==      Total: 0
10:47:52,668 [Thread-111] DEBUG org.activiti.engine.impl.persistence.entity.JobEntity.selectNextTimerJobsToExecute  - ==&gt;  Preparing: select RES.* from ACT_RU_JOB RES LEFT OUTER JOIN ACT_RU_EXECUTION PI ON PI.ID_ = RES.PROCESS_INSTANCE_ID_ where (RES.RETRIES_ &gt; 0) and (RES.DUEDATE_ is null or RES.DUEDATE_ &lt;= ?) and (RES.LOCK_OWNER_ is null or RES.LOCK_EXP_TIME_ &lt;= ?) and TYPE_ = &apos;timer&apos; and ( (RES.EXECUTION_ID_ is null) or (PI.SUSPENSION_STATE_ = 1) ) LIMIT ? OFFSET ? 
10:47:52,668 [Thread-111] DEBUG org.activiti.engine.impl.persistence.entity.JobEntity.selectNextTimerJobsToExecute  - ==&gt; Parameters: 2023-03-20 10:48:50.669(Timestamp), 2023-03-20 10:48:50.669(Timestamp), 1(Integer), 0(Integer)
10:47:52,668 [Thread-111] DEBUG org.activiti.engine.impl.persistence.entity.JobEntity.selectNextTimerJobsToExecute  - &lt;==      Total: 0
10:47:52,668 [Thread-111] DEBUG org.activiti.engine.impl.db.DbSqlSession  - flush summary: 0 insert, 0 update, 0 delete.
10:47:52,668 [Thread-111] DEBUG org.activiti.engine.impl.db.DbSqlSession  - now executing flush...
10:47:52,669 [Thread-111] DEBUG org.activiti.engine.impl.cfg.standalone.StandaloneMybatisTransactionContext  - firing event committing...
10:47:52,669 [Thread-111] DEBUG org.activiti.engine.impl.cfg.standalone.StandaloneMybatisTransactionContext  - committing the ibatis sql session...
10:47:52,669 [Thread-111] DEBUG org.activiti.engine.impl.cfg.standalone.StandaloneMybatisTransactionContext  - firing event committed...
10:47:52,668 [Thread-103] DEBUG org.activiti.engine.impl.db.DbSqlSession  - flush summary: 0 insert, 0 update, 0 delete.
10:47:52,669 [Thread-103] DEBUG org.activiti.engine.impl.db.DbSqlSession  - now executing flush...
10:47:52,669 [Thread-103] DEBUG org.activiti.engine.impl.cfg.standalone.StandaloneMybatisTransactionContext  - firing event committing...
10:47:52,669 [Thread-103] DEBUG org.activiti.engine.impl.cfg.standalone.StandaloneMybatisTransactionContext  - committing the ibatis sql session...
10:47:52,669 [Thread-103] DEBUG org.activiti.engine.impl.cfg.standalone.StandaloneMybatisTransactionContext  - firing event committed...
10:47:52,669 [Thread-103] DEBUG org.apache.ibatis.transaction.jdbc.JdbcTransaction  - Resetting autocommit to true on JDBC Connection [conn61: url=jdbc:h2:mem:activiti-AsyncExecutorTest user=SA]
10:47:52,669 [Thread-103] DEBUG org.apache.ibatis.transaction.jdbc.JdbcTransaction  - Closing JDBC Connection [conn61: url=jdbc:h2:mem:activiti-AsyncExecutorTest user=SA]
10:47:52,669 [Thread-103] DEBUG org.apache.ibatis.datasource.pooled.PooledDataSource  - Returned connection 157985567 to pool.
10:47:52,669 [Thread-103] DEBUG org.activiti.engine.impl.interceptor.LogInterceptor  - --- AcquireAsyncJobsDueCmd finished --------------------------------------------------------
10:47:52,669 [Thread-103] DEBUG org.activiti.engine.impl.interceptor.LogInterceptor  - 

10:47:52,668 [Thread-102] DEBUG org.activiti.engine.impl.asyncexecutor.AcquireTimerJobsRunnable  - timer job acquisition thread sleeping for 50 millis
10:47:52,668 [Thread-105] DEBUG org.activiti.engine.impl.persistence.entity.JobEntity.selectNextTimerJobsToExecute  - ==&gt; Parameters: 2023-03-20 10:48:50.669(Timestamp), 2023-03-20 10:48:50.669(Timestamp), 1(Integer), 0(Integer)
10:47:52,668 [Thread-106] DEBUG org.activiti.engine.impl.db.DbSqlSession  - flush summary: 0 insert, 0 update, 0 delete.
10:47:52,669 [Thread-106] DEBUG org.activiti.engine.impl.db.DbSqlSession  - now executing flush...
10:47:52,669 [Thread-106] DEBUG org.activiti.engine.impl.cfg.standalone.StandaloneMybatisTransactionContext  - firing event committing...
10:47:52,669 [Thread-105] DEBUG org.activiti.engine.impl.persistence.entity.JobEntity.selectNextTimerJobsToExecute  - &lt;==      Total: 0
10:47:52,669 [Thread-103] DEBUG org.activiti.engine.impl.asyncexecutor.AcquireAsyncJobsDueRunnable  - async job acquisition thread sleeping for 50 millis
10:47:52,669 [Thread-111] DEBUG org.apache.ibatis.transaction.jdbc.JdbcTransaction  - Resetting autocommit to true on JDBC Connection [conn69: url=jdbc:h2:mem:activiti-AsyncExecutorTest user=SA]
10:47:52,669 [Thread-111] DEBUG org.apache.ibatis.transaction.jdbc.JdbcTransaction  - Closing JDBC Connection [conn69: url=jdbc:h2:mem:activiti-AsyncExecutorTest user=SA]
10:47:52,669 [Thread-111] DEBUG org.apache.ibatis.datasource.pooled.PooledDataSource  - Returned connection 1863805930 to pool.
10:47:52,669 [Thread-111] DEBUG org.activiti.engine.impl.interceptor.LogInterceptor  - --- AcquireTimerJobsCmd finished --------------------------------------------------------
10:47:52,669 [Thread-111] DEBUG org.activiti.engine.impl.interceptor.LogInterceptor  - 

10:47:52,669 [Thread-105] DEBUG org.activiti.engine.impl.db.DbSqlSession  - flush summary: 0 insert, 0 update, 0 delete.
10:47:52,669 [Thread-105] DEBUG org.activiti.engine.impl.db.DbSqlSession  - now executing flush...
10:47:52,669 [Thread-105] DEBUG org.activiti.engine.impl.cfg.standalone.StandaloneMybatisTransactionContext  - firing event committing...
10:47:52,669 [Thread-105] DEBUG org.activiti.engine.impl.cfg.standalone.StandaloneMybatisTransactionContext  - committing the ibatis sql session...
10:47:52,669 [Thread-105] DEBUG org.activiti.engine.impl.cfg.standalone.StandaloneMybatisTransactionContext  - firing event committed...
10:47:52,669 [Thread-105] DEBUG org.apache.ibatis.transaction.jdbc.JdbcTransaction  - Resetting autocommit to true on JDBC Connection [conn63: url=jdbc:h2:mem:activiti-AsyncExecutorTest user=SA]
10:47:52,669 [Thread-105] DEBUG org.apache.ibatis.transaction.jdbc.JdbcTransaction  - Closing JDBC Connection [conn63: url=jdbc:h2:mem:activiti-AsyncExecutorTest user=SA]
10:47:52,669 [Thread-106] DEBUG org.activiti.engine.impl.cfg.standalone.StandaloneMybatisTransactionContext  - committing the ibatis sql session...
10:47:52,669 [Thread-106] DEBUG org.activiti.engine.impl.cfg.standalone.StandaloneMybatisTransactionContext  - firing event committed...
10:47:52,670 [Thread-106] DEBUG org.apache.ibatis.transaction.jdbc.JdbcTransaction  - Resetting autocommit to true on JDBC Connection [conn65: url=jdbc:h2:mem:activiti-AsyncExecutorTest user=SA]
10:47:52,669 [Thread-105] DEBUG org.apache.ibatis.datasource.pooled.PooledDataSource  - Returned connection 1970103261 to pool.
10:47:52,670 [Thread-105] DEBUG org.activiti.engine.impl.interceptor.LogInterceptor  - --- AcquireTimerJobsCmd finished --------------------------------------------------------
10:47:52,670 [Thread-105] DEBUG org.activiti.engine.impl.interceptor.LogInterceptor  - 

10:47:52,669 [Thread-111] DEBUG org.activiti.engine.impl.asyncexecutor.AcquireTimerJobsRunnable  - timer job acquisition thread sleeping for 50 millis
10:47:52,670 [Thread-105] DEBUG org.activiti.engine.impl.asyncexecutor.AcquireTimerJobsRunnable  - timer job acquisition thread sleeping for 50 millis
10:47:52,670 [Thread-106] DEBUG org.apache.ibatis.transaction.jdbc.JdbcTransaction  - Closing JDBC Connection [conn65: url=jdbc:h2:mem:activiti-AsyncExecutorTest user=SA]
10:47:52,670 [Thread-106] DEBUG org.apache.ibatis.datasource.pooled.PooledDataSource  - Returned connection 996762054 to pool.
10:47:52,670 [Thread-106] DEBUG org.activiti.engine.impl.interceptor.LogInterceptor  - --- AcquireAsyncJobsDueCmd finished --------------------------------------------------------
10:47:52,670 [Thread-106] DEBUG org.activiti.engine.impl.interceptor.LogInterceptor  - 

10:47:52,670 [Thread-106] DEBUG org.activiti.engine.impl.asyncexecutor.AcquireAsyncJobsDueRunnable  - async job acquisition thread sleeping for 50 millis
10:47:52,683 [Thread-118] DEBUG org.activiti.engine.impl.asyncexecutor.AcquireAsyncJobsDueRunnable  - async job acquisition thread woke up
10:47:52,683 [Thread-118] DEBUG org.activiti.engine.impl.interceptor.LogInterceptor  - 

10:47:52,683 [Thread-118] DEBUG org.activiti.engine.impl.interceptor.LogInterceptor  - --- starting AcquireAsyncJobsDueCmd --------------------------------------------------------
10:47:52,683 [Thread-118] DEBUG org.apache.ibatis.transaction.jdbc.JdbcTransaction  - Opening JDBC Connection
10:47:52,683 [Thread-118] DEBUG org.apache.ibatis.datasource.pooled.PooledDataSource  - Checked out connection 363509958 from pool.
10:47:52,683 [Thread-118] DEBUG org.apache.ibatis.transaction.jdbc.JdbcTransaction  - Setting autocommit to false on JDBC Connection [conn2: url=jdbc:h2:mem:activiti user=SA]
10:47:52,683 [Thread-118] DEBUG org.activiti.engine.impl.persistence.entity.JobEntity.selectAsyncJobsDueToExecute  - ==&gt;  Preparing: select RES.* from ACT_RU_JOB RES LEFT OUTER JOIN ACT_RU_EXECUTION PI ON PI.ID_ = RES.PROCESS_INSTANCE_ID_ where RES.RETRIES_ &gt; 0 and RES.DUEDATE_ is not null and RES.DUEDATE_ &lt;= ? and (RES.LOCK_EXP_TIME_ is null or RES.LOCK_EXP_TIME_ &lt;= ?) and TYPE_ = &apos;message&apos; and ( (RES.EXECUTION_ID_ is null) or (PI.SUSPENSION_STATE_ = 1) ) LIMIT ? OFFSET ? 
10:47:52,683 [Thread-118] DEBUG org.activiti.engine.impl.persistence.entity.JobEntity.selectAsyncJobsDueToExecute  - ==&gt; Parameters: 2023-03-20 10:48:50.669(Timestamp), 2023-03-20 10:48:50.669(Timestamp), 1(Integer), 0(Integer)
10:47:52,683 [Thread-118] DEBUG org.activiti.engine.impl.persistence.entity.JobEntity.selectAsyncJobsDueToExecute  - &lt;==      Total: 0
10:47:52,683 [Thread-118] DEBUG org.activiti.engine.impl.db.DbSqlSession  - flush summary: 0 insert, 0 update, 0 delete.
10:47:52,683 [Thread-118] DEBUG org.activiti.engine.impl.db.DbSqlSession  - now executing flush...
10:47:52,683 [Thread-118] DEBUG org.activiti.engine.impl.cfg.standalone.StandaloneMybatisTransactionContext  - firing event committing...
10:47:52,683 [Thread-118] DEBUG org.activiti.engine.impl.cfg.standalone.StandaloneMybatisTransactionContext  - committing the ibatis sql session...
10:47:52,683 [Thread-118] DEBUG org.activiti.engine.impl.cfg.standalone.StandaloneMybatisTransactionContext  - firing event committed...
10:47:52,683 [Thread-118] DEBUG org.apache.ibatis.transaction.jdbc.JdbcTransaction  - Resetting autocommit to true on JDBC Connection [conn2: url=jdbc:h2:mem:activiti user=SA]
10:47:52,683 [Thread-118] DEBUG org.apache.ibatis.transaction.jdbc.JdbcTransaction  - Closing JDBC Connection [conn2: url=jdbc:h2:mem:activiti user=SA]
10:47:52,683 [Thread-118] DEBUG org.apache.ibatis.datasource.pooled.PooledDataSource  - Returned connection 363509958 to pool.
10:47:52,683 [Thread-118] DEBUG org.activiti.engine.impl.interceptor.LogInterceptor  - --- AcquireAsyncJobsDueCmd finished --------------------------------------------------------
10:47:52,683 [Thread-118] DEBUG org.activiti.engine.impl.interceptor.LogInterceptor  - 

10:47:52,683 [Thread-118] DEBUG org.activiti.engine.impl.asyncexecutor.AcquireAsyncJobsDueRunnable  - async job acquisition thread sleeping for 1000 millis
10:47:52,699 [Thread-117] DEBUG org.activiti.engine.impl.asyncexecutor.AcquireTimerJobsRunnable  - timer job acquisition thread woke up
10:47:52,699 [Thread-117] DEBUG org.activiti.engine.impl.interceptor.LogInterceptor  - 

10:47:52,699 [Thread-117] DEBUG org.activiti.engine.impl.interceptor.LogInterceptor  - --- starting AcquireTimerJobsCmd --------------------------------------------------------
10:47:52,699 [Thread-117] DEBUG org.apache.ibatis.transaction.jdbc.JdbcTransaction  - Opening JDBC Connection
10:47:52,699 [Thread-117] DEBUG org.apache.ibatis.datasource.pooled.PooledDataSource  - Checked out connection 180014677 from pool.
10:47:52,699 [Thread-117] DEBUG org.apache.ibatis.transaction.jdbc.JdbcTransaction  - Setting autocommit to false on JDBC Connection [conn3: url=jdbc:h2:mem:activiti user=SA]
10:47:52,699 [Thread-117] DEBUG org.activiti.engine.impl.persistence.entity.JobEntity.selectNextTimerJobsToExecute  - ==&gt;  Preparing: select RES.* from ACT_RU_JOB RES LEFT OUTER JOIN ACT_RU_EXECUTION PI ON PI.ID_ = RES.PROCESS_INSTANCE_ID_ where (RES.RETRIES_ &gt; 0) and (RES.DUEDATE_ is null or RES.DUEDATE_ &lt;= ?) and (RES.LOCK_OWNER_ is null or RES.LOCK_EXP_TIME_ &lt;= ?) and TYPE_ = &apos;timer&apos; and ( (RES.EXECUTION_ID_ is null) or (PI.SUSPENSION_STATE_ = 1) ) LIMIT ? OFFSET ? 
10:47:52,699 [Thread-117] DEBUG org.activiti.engine.impl.persistence.entity.JobEntity.selectNextTimerJobsToExecute  - ==&gt; Parameters: 2023-03-20 10:48:50.669(Timestamp), 2023-03-20 10:48:50.669(Timestamp), 1(Integer), 0(Integer)
10:47:52,699 [Thread-117] DEBUG org.activiti.engine.impl.persistence.entity.JobEntity.selectNextTimerJobsToExecute  - &lt;==      Total: 0
10:47:52,699 [Thread-117] DEBUG org.activiti.engine.impl.db.DbSqlSession  - flush summary: 0 insert, 0 update, 0 delete.
10:47:52,699 [Thread-117] DEBUG org.activiti.engine.impl.db.DbSqlSession  - now executing flush...
10:47:52,699 [Thread-117] DEBUG org.activiti.engine.impl.cfg.standalone.StandaloneMybatisTransactionContext  - firing event committing...
10:47:52,699 [Thread-117] DEBUG org.activiti.engine.impl.cfg.standalone.StandaloneMybatisTransactionContext  - committing the ibatis sql session...
10:47:52,699 [Thread-117] DEBUG org.activiti.engine.impl.cfg.standalone.StandaloneMybatisTransactionContext  - firing event committed...
10:47:52,699 [Thread-117] DEBUG org.apache.ibatis.transaction.jdbc.JdbcTransaction  - Resetting autocommit to true on JDBC Connection [conn3: url=jdbc:h2:mem:activiti user=SA]
10:47:52,699 [Thread-117] DEBUG org.apache.ibatis.transaction.jdbc.JdbcTransaction  - Closing JDBC Connection [conn3: url=jdbc:h2:mem:activiti user=SA]
10:47:52,699 [Thread-117] DEBUG org.apache.ibatis.datasource.pooled.PooledDataSource  - Returned connection 180014677 to pool.
10:47:52,699 [Thread-117] DEBUG org.activiti.engine.impl.interceptor.LogInterceptor  - --- AcquireTimerJobsCmd finished --------------------------------------------------------
10:47:52,699 [Thread-117] DEBUG org.activiti.engine.impl.interceptor.LogInterceptor  - 

10:47:52,699 [Thread-117] DEBUG org.activiti.engine.impl.asyncexecutor.AcquireTimerJobsRunnable  - timer job acquisition thread sleeping for 1000 millis
10:47:52,715 [Thread-112] DEBUG org.activiti.engine.impl.asyncexecutor.AcquireAsyncJobsDueRunnable  - async job acquisition thread woke up
10:47:52,715 [Thread-112] DEBUG org.activiti.engine.impl.interceptor.LogInterceptor  - 

10:47:52,715 [Thread-112] DEBUG org.activiti.engine.impl.interceptor.LogInterceptor  - --- starting AcquireAsyncJobsDueCmd --------------------------------------------------------
10:47:52,715 [Thread-112] DEBUG org.apache.ibatis.transaction.jdbc.JdbcTransaction  - Opening JDBC Connection
10:47:52,715 [Thread-112] DEBUG org.apache.ibatis.datasource.pooled.PooledDataSource  - Checked out connection 604408605 from pool.
10:47:52,715 [main] DEBUG org.activiti.engine.impl.interceptor.LogInterceptor  - 

10:47:52,715 [main] DEBUG org.activiti.engine.impl.interceptor.LogInterceptor  - --- starting JobQueryImpl --------------------------------------------------------
10:47:52,715 [Thread-112] DEBUG org.apache.ibatis.transaction.jdbc.JdbcTransaction  - Setting autocommit to false on JDBC Connection [conn70: url=jdbc:h2:mem:activiti-AsyncExecutorTest user=SA]
10:47:52,715 [main] DEBUG org.apache.ibatis.transaction.jdbc.JdbcTransaction  - Opening JDBC Connection
10:47:52,715 [main] DEBUG org.apache.ibatis.datasource.pooled.PooledDataSource  - Checked out connection 297240765 from pool.
10:47:52,715 [main] DEBUG org.apache.ibatis.transaction.jdbc.JdbcTransaction  - Setting autocommit to false on JDBC Connection [conn4: url=jdbc:h2:mem:activiti user=SA]
10:47:52,715 [main] DEBUG org.activiti.engine.impl.persistence.entity.JobEntity.selectJobByQueryCriteria  - ==&gt;  Preparing: select RES.* from ACT_RU_JOB RES order by order by RES.ID_ asc LIMIT ? OFFSET ? 
10:47:52,715 [Thread-112] DEBUG org.activiti.engine.impl.persistence.entity.JobEntity.selectAsyncJobsDueToExecute  - ==&gt;  Preparing: select RES.* from ACT_RU_JOB RES LEFT OUTER JOIN ACT_RU_EXECUTION PI ON PI.ID_ = RES.PROCESS_INSTANCE_ID_ where RES.RETRIES_ &gt; 0 and RES.DUEDATE_ is not null and RES.DUEDATE_ &lt;= ? and (RES.LOCK_EXP_TIME_ is null or RES.LOCK_EXP_TIME_ &lt;= ?) and TYPE_ = &apos;message&apos; and ( (RES.EXECUTION_ID_ is null) or (PI.SUSPENSION_STATE_ = 1) ) LIMIT ? OFFSET ? 
10:47:52,715 [Thread-112] DEBUG org.activiti.engine.impl.persistence.entity.JobEntity.selectAsyncJobsDueToExecute  - ==&gt; Parameters: 2023-03-20 10:48:50.669(Timestamp), 2023-03-20 10:48:50.669(Timestamp), 1(Integer), 0(Integer)
10:47:52,715 [main] DEBUG org.activiti.engine.impl.interceptor.CommandContext  - Error while closing command context
org.apache.ibatis.exceptions.PersistenceException: 
### Error querying database.  Cause: org.h2.jdbc.JdbcSQLException: Syntax error in SQL statement &quot;SELECT RES.* 
     
    FROM ACT_RU_JOB RES
     
      
   
     ORDER BY  ORDER[*] BY RES.ID_ ASC  
    LIMIT ? OFFSET ? &quot;; expected &quot;=, NOT, EXISTS, INTERSECTS, SELECT, FROM&quot;; SQL statement:
select RES.* 
     
    from ACT_RU_JOB RES
     
      
   
     order by  order by RES.ID_ asc  
    LIMIT ? OFFSET ? [42001-176]
### The error may exist in org/activiti/db/mapping/entity/Job.xml
### The error may involve org.activiti.engine.impl.persistence.entity.JobEntity.selectJobByQueryCriteria
### The error occurred while executing a query
### SQL: select RES.*            from ACT_RU_JOB RES                       order by  order by RES.ID_ asc       LIMIT ? OFFSET ?
### Cause: org.h2.jdbc.JdbcSQLException: Syntax error in SQL statement &quot;SELECT RES.* 
     
    FROM ACT_RU_JOB RES
     
      
   
     ORDER BY  ORDER[*] BY RES.ID_ ASC  
    LIMIT ? OFFSET ? &quot;; expected &quot;=, NOT, EXISTS, INTERSECTS, SELECT, FROM&quot;; SQL statement:
select RES.* 
     
    from ACT_RU_JOB RES
     
      
   
     order by  order by RES.ID_ asc  
    LIMIT ? OFFSET ? [42001-176]
	at org.apache.ibatis.exceptions.ExceptionFactory.wrapException(ExceptionFactory.java:30)
	at org.apache.ibatis.session.defaults.DefaultSqlSession.selectList(DefaultSqlSession.java:122)
	at org.apache.ibatis.session.defaults.DefaultSqlSession.selectList(DefaultSqlSession.java:113)
	at org.activiti.engine.impl.db.DbSqlSession.selectListWithRawParameter(DbSqlSession.java:438)
	at org.activiti.engine.impl.db.DbSqlSession.selectList(DbSqlSession.java:429)
	at org.activiti.engine.impl.db.DbSqlSession.selectList(DbSqlSession.java:419)
	at org.activiti.engine.impl.persistence.entity.JobEntityManager.findJobsByQueryCriteria(JobEntityManager.java:198)
	at org.activiti.engine.impl.JobQueryImpl.executeList(JobQueryImpl.java:243)
	at org.activiti.engine.impl.AbstractQuery.execute(AbstractQuery.java:164)
	at org.activiti.engine.impl.interceptor.CommandInvoker.execute(CommandInvoker.java:24)
	at org.activiti.engine.impl.interceptor.CommandContextInterceptor.execute(CommandContextInterceptor.java:57)
	at org.activiti.engine.impl.interceptor.LogInterceptor.execute(LogInterceptor.java:37)
	at org.activiti.engine.impl.cfg.CommandExecutorImpl.execute(CommandExecutorImpl.java:40)
	at org.activiti.engine.impl.cfg.CommandExecutorImpl.execute(CommandExecutorImpl.java:35)
	at org.activiti.engine.impl.AbstractQuery.list(AbstractQuery.java:138)
	at org.activiti.engine.impl.test.JobTestHelper.areJobsAvailable(JobTestHelper.java:194)
	at org.activiti.engine.impl.test.JobTestHelper.waitForJobExecutorToProcessAllJobs(JobTestHelper.java:74)
	at org.activiti.engine.impl.test.JobTestHelper.waitForJobExecutorToProcessAllJobs(JobTestHelper.java:47)
	at org.activiti.engine.impl.test.AbstractActivitiTestCase.waitForJobExecutorToProcessAllJobs(AbstractActivitiTestCase.java:204)
	at org.activiti.engine.test.jobexecutor.JobExecutorTest.testBasicJobExecutorOperation(JobExecutorTest.java:53)
	at sun.reflect.NativeMethodAccessorImpl.invoke0(Native Method)
	at sun.reflect.NativeMethodAccessorImpl.invoke(NativeMethodAccessorImpl.java:62)
	at sun.reflect.DelegatingMethodAccessorImpl.invoke(DelegatingMethodAccessorImpl.java:43)
	at java.lang.reflect.Method.invoke(Method.java:498)
	at junit.framework.TestCase.runTest(TestCase.java:176)
	at org.activiti.engine.impl.test.PvmTestCase.runTest(PvmTestCase.java:65)
	at junit.framework.TestCase.runBare(TestCase.java:141)
	at org.activiti.engine.impl.test.AbstractActivitiTestCase.runBare(AbstractActivitiTestCase.java:100)
	at junit.framework.TestResult$1.protect(TestResult.java:122)
	at junit.framework.TestResult.runProtected(TestResult.java:142)
	at junit.framework.TestResult.run(TestResult.java:125)
	at junit.framework.TestCase.run(TestCase.java:129)
	at junit.framework.TestSuite.runTest(TestSuite.java:255)
	at junit.framework.TestSuite.run(TestSuite.java:250)
	at org.junit.internal.runners.JUnit38ClassRunner.run(JUnit38ClassRunner.java:84)
	at org.apache.maven.surefire.junit4.JUnit4TestSet.execute(JUnit4TestSet.java:35)
	at org.apache.maven.surefire.junit4.JUnit4Provider.executeTestSet(JUnit4Provider.java:146)
	at org.apache.maven.surefire.junit4.JUnit4Provider.invoke(JUnit4Provider.java:97)
	at sun.reflect.NativeMethodAccessorImpl.invoke0(Native Method)
	at sun.reflect.NativeMethodAccessorImpl.invoke(NativeMethodAccessorImpl.java:62)
	at sun.reflect.DelegatingMethodAccessorImpl.invoke(DelegatingMethodAccessorImpl.java:43)
	at java.lang.reflect.Method.invoke(Method.java:498)
	at org.apache.maven.surefire.booter.ProviderFactory$ClassLoaderProxy.invoke(ProviderFactory.java:103)
	at com.sun.proxy.$Proxy0.invoke(Unknown Source)
	at org.apache.maven.surefire.booter.SurefireStarter.invokeProvider(SurefireStarter.java:145)
	at org.apache.maven.surefire.booter.SurefireStarter.runSuitesInProcess(SurefireStarter.java:87)
	at org.apache.maven.surefire.booter.ForkedBooter.main(ForkedBooter.java:69)
Caused by: org.h2.jdbc.JdbcSQLException: Syntax error in SQL statement &quot;SELECT RES.* 
     
    FROM ACT_RU_JOB RES
     
      
   
     ORDER BY  ORDER[*] BY RES.ID_ ASC  
    LIMIT ? OFFSET ? &quot;; expected &quot;=, NOT, EXISTS, INTERSECTS, SELECT, FROM&quot;; SQL statement:
select RES.* 
     
    from ACT_RU_JOB RES
     
      
   
     order by  order by RES.ID_ asc  
    LIMIT ? OFFSET ? [42001-176]
	at org.h2.message.DbException.getJdbcSQLException(DbException.java:344)
	at org.h2.message.DbException.getSyntaxError(DbException.java:204)
	at org.h2.command.Parser.getSyntaxError(Parser.java:524)
	at org.h2.command.Parser.readTerm(Parser.java:2688)
	at org.h2.command.Parser.readFactor(Parser.java:2244)
	at org.h2.command.Parser.readSum(Parser.java:2231)
	at org.h2.command.Parser.readConcat(Parser.java:2201)
	at org.h2.command.Parser.readCondition(Parser.java:2051)
	at org.h2.command.Parser.readAnd(Parser.java:2023)
	at org.h2.command.Parser.readExpression(Parser.java:2015)
	at org.h2.command.Parser.parseEndOfQuery(Parser.java:1726)
	at org.h2.command.Parser.parseSelectUnionExtension(Parser.java:1706)
	at org.h2.command.Parser.parseSelectUnion(Parser.java:1675)
	at org.h2.command.Parser.parseSelect(Parser.java:1662)
	at org.h2.command.Parser.parsePrepared(Parser.java:434)
	at org.h2.command.Parser.parse(Parser.java:306)
	at org.h2.command.Parser.parse(Parser.java:282)
	at org.h2.command.Parser.prepareCommand(Parser.java:243)
	at org.h2.engine.Session.prepareLocal(Session.java:442)
	at org.h2.engine.Session.prepareCommand(Session.java:384)
	at org.h2.jdbc.JdbcConnection.prepareCommand(JdbcConnection.java:1188)
	at org.h2.jdbc.JdbcPreparedStatement.&lt;init&gt;(JdbcPreparedStatement.java:73)
	at org.h2.jdbc.JdbcConnection.prepareStatement(JdbcConnection.java:276)
	at sun.reflect.GeneratedMethodAccessor6.invoke(Unknown Source)
	at sun.reflect.DelegatingMethodAccessorImpl.invoke(DelegatingMethodAccessorImpl.java:43)
	at java.lang.reflect.Method.invoke(Method.java:498)
	at org.apache.ibatis.datasource.pooled.PooledConnection.invoke(PooledConnection.java:245)
	at com.sun.proxy.$Proxy12.prepareStatement(Unknown Source)
	at sun.reflect.GeneratedMethodAccessor6.invoke(Unknown Source)
	at sun.reflect.DelegatingMethodAccessorImpl.invoke(DelegatingMethodAccessorImpl.java:43)
	at java.lang.reflect.Method.invoke(Method.java:498)
	at org.apache.ibatis.logging.jdbc.ConnectionLogger.invoke(ConnectionLogger.java:55)
	at com.sun.proxy.$Proxy12.prepareStatement(Unknown Source)
	at org.apache.ibatis.executor.statement.PreparedStatementHandler.instantiateStatement(PreparedStatementHandler.java:79)
	at org.apache.ibatis.executor.statement.BaseStatementHandler.prepare(BaseStatementHandler.java:88)
	at org.apache.ibatis.executor.statement.RoutingStatementHandler.prepare(RoutingStatementHandler.java:58)
	at org.apache.ibatis.executor.SimpleExecutor.prepareStatement(SimpleExecutor.java:76)
	at org.apache.ibatis.executor.SimpleExecutor.doQuery(SimpleExecutor.java:61)
	at org.apache.ibatis.executor.BaseExecutor.queryFromDatabase(BaseExecutor.java:303)
	at org.apache.ibatis.executor.BaseExecutor.query(BaseExecutor.java:154)
	at org.apache.ibatis.executor.CachingExecutor.query(CachingExecutor.java:102)
	at org.apache.ibatis.executor.CachingExecutor.query(CachingExecutor.java:82)
	at org.apache.ibatis.session.defaults.DefaultSqlSession.selectList(DefaultSqlSession.java:120)
	... 45 more
10:47:52,716 [main] DEBUG org.activiti.engine.impl.cfg.standalone.StandaloneMybatisTransactionContext  - firing event rolling back...
10:47:52,716 [main] DEBUG org.activiti.engine.impl.cfg.standalone.StandaloneMybatisTransactionContext  - rolling back ibatis sql session...
10:47:52,716 [main] DEBUG org.activiti.engine.impl.cfg.standalone.StandaloneMybatisTransactionContext  - firing event rolled back...
10:47:52,715 [Thread-112] DEBUG org.activiti.engine.impl.persistence.entity.JobEntity.selectAsyncJobsDueToExecute  - &lt;==      Total: 0
10:47:52,716 [main] DEBUG org.apache.ibatis.transaction.jdbc.JdbcTransaction  - Resetting autocommit to true on JDBC Connection [conn4: url=jdbc:h2:mem:activiti user=SA]
10:47:52,716 [main] DEBUG org.apache.ibatis.transaction.jdbc.JdbcTransaction  - Closing JDBC Connection [conn4: url=jdbc:h2:mem:activiti user=SA]
10:47:52,716 [main] DEBUG org.apache.ibatis.datasource.pooled.PooledDataSource  - Returned connection 297240765 to pool.
10:47:52,716 [main] DEBUG org.activiti.engine.impl.interceptor.LogInterceptor  - --- JobQueryImpl finished --------------------------------------------------------
10:47:52,716 [main] DEBUG org.activiti.engine.impl.interceptor.LogInterceptor  - 

10:47:52,716 [Thread-112] DEBUG org.activiti.engine.impl.db.DbSqlSession  - flush summary: 0 insert, 0 update, 0 delete.
10:47:52,716 [Thread-112] DEBUG org.activiti.engine.impl.db.DbSqlSession  - now executing flush...
10:47:52,716 [Thread-112] DEBUG org.activiti.engine.impl.cfg.standalone.StandaloneMybatisTransactionContext  - firing event committing...
10:47:52,716 [Thread-112] DEBUG org.activiti.engine.impl.cfg.standalone.StandaloneMybatisTransactionContext  - committing the ibatis sql session...
10:47:52,716 [Thread-112] DEBUG org.activiti.engine.impl.cfg.standalone.StandaloneMybatisTransactionContext  - firing event committed...
10:47:52,716 [Thread-112] DEBUG org.apache.ibatis.transaction.jdbc.JdbcTransaction  - Resetting autocommit to true on JDBC Connection [conn70: url=jdbc:h2:mem:activiti-AsyncExecutorTest user=SA]
10:47:52,716 [Thread-112] DEBUG org.apache.ibatis.transaction.jdbc.JdbcTransaction  - Closing JDBC Connection [conn70: url=jdbc:h2:mem:activiti-AsyncExecutorTest user=SA]
10:47:52,716 [Thread-112] DEBUG org.apache.ibatis.datasource.pooled.PooledDataSource  - Returned connection 604408605 to pool.
10:47:52,716 [Thread-112] DEBUG org.activiti.engine.impl.interceptor.LogInterceptor  - --- AcquireAsyncJobsDueCmd finished --------------------------------------------------------
10:47:52,716 [Thread-112] DEBUG org.activiti.engine.impl.interceptor.LogInterceptor  - 

10:47:52,716 [Thread-112] DEBUG org.activiti.engine.impl.asyncexecutor.AcquireAsyncJobsDueRunnable  - async job acquisition thread sleeping for 50 millis
10:47:52,731 [Thread-106] DEBUG org.activiti.engine.impl.asyncexecutor.AcquireAsyncJobsDueRunnable  - async job acquisition thread woke up
10:47:52,731 [Thread-102] DEBUG org.activiti.engine.impl.asyncexecutor.AcquireTimerJobsRunnable  - timer job acquisition thread woke up
10:47:52,731 [Thread-102] DEBUG org.activiti.engine.impl.interceptor.LogInterceptor  - 

10:47:52,731 [Thread-102] DEBUG org.activiti.engine.impl.interceptor.LogInterceptor  - --- starting AcquireTimerJobsCmd --------------------------------------------------------
10:47:52,731 [Thread-105] DEBUG org.activiti.engine.impl.asyncexecutor.AcquireTimerJobsRunnable  - timer job acquisition thread woke up
10:47:52,731 [Thread-103] DEBUG org.activiti.engine.impl.asyncexecutor.AcquireAsyncJobsDueRunnable  - async job acquisition thread woke up
10:47:52,731 [Thread-103] DEBUG org.activiti.engine.impl.interceptor.LogInterceptor  - 

10:47:52,731 [Thread-103] DEBUG org.activiti.engine.impl.interceptor.LogInterceptor  - --- starting AcquireAsyncJobsDueCmd --------------------------------------------------------
10:47:52,731 [Thread-111] DEBUG org.activiti.engine.impl.asyncexecutor.AcquireTimerJobsRunnable  - timer job acquisition thread woke up
10:47:52,731 [Thread-111] DEBUG org.activiti.engine.impl.interceptor.LogInterceptor  - 

10:47:52,731 [Thread-111] DEBUG org.activiti.engine.impl.interceptor.LogInterceptor  - --- starting AcquireTimerJobsCmd --------------------------------------------------------
10:47:52,731 [Thread-103] DEBUG org.apache.ibatis.transaction.jdbc.JdbcTransaction  - Opening JDBC Connection
10:47:52,731 [Thread-103] DEBUG org.apache.ibatis.datasource.pooled.PooledDataSource  - Checked out connection 720039383 from pool.
10:47:52,731 [Thread-105] DEBUG org.activiti.engine.impl.interceptor.LogInterceptor  - 

10:47:52,731 [Thread-105] DEBUG org.activiti.engine.impl.interceptor.LogInterceptor  - --- starting AcquireTimerJobsCmd --------------------------------------------------------
10:47:52,731 [Thread-102] DEBUG org.apache.ibatis.transaction.jdbc.JdbcTransaction  - Opening JDBC Connection
10:47:52,731 [Thread-102] DEBUG org.apache.ibatis.datasource.pooled.PooledDataSource  - Checked out connection 33534803 from pool.
10:47:52,731 [Thread-102] DEBUG org.apache.ibatis.transaction.jdbc.JdbcTransaction  - Setting autocommit to false on JDBC Connection [conn60: url=jdbc:h2:mem:activiti-AsyncExecutorTest user=SA]
10:47:52,731 [Thread-106] DEBUG org.activiti.engine.impl.interceptor.LogInterceptor  - 

10:47:52,732 [Thread-106] DEBUG org.activiti.engine.impl.interceptor.LogInterceptor  - --- starting AcquireAsyncJobsDueCmd --------------------------------------------------------
10:47:52,731 [Thread-102] DEBUG org.activiti.engine.impl.persistence.entity.JobEntity.selectNextTimerJobsToExecute  - ==&gt;  Preparing: select RES.* from ACT_RU_JOB RES LEFT OUTER JOIN ACT_RU_EXECUTION PI ON PI.ID_ = RES.PROCESS_INSTANCE_ID_ where (RES.RETRIES_ &gt; 0) and (RES.DUEDATE_ is null or RES.DUEDATE_ &lt;= ?) and (RES.LOCK_OWNER_ is null or RES.LOCK_EXP_TIME_ &lt;= ?) and TYPE_ = &apos;timer&apos; and ( (RES.EXECUTION_ID_ is null) or (PI.SUSPENSION_STATE_ = 1) ) LIMIT ? OFFSET ? 
10:47:52,732 [Thread-102] DEBUG org.activiti.engine.impl.persistence.entity.JobEntity.selectNextTimerJobsToExecute  - ==&gt; Parameters: 2023-03-20 10:48:50.669(Timestamp), 2023-03-20 10:48:50.669(Timestamp), 1(Integer), 0(Integer)
10:47:52,732 [Thread-102] DEBUG org.activiti.engine.impl.persistence.entity.JobEntity.selectNextTimerJobsToExecute  - &lt;==      Total: 0
10:47:52,731 [Thread-105] DEBUG org.apache.ibatis.transaction.jdbc.JdbcTransaction  - Opening JDBC Connection
10:47:52,732 [Thread-105] DEBUG org.apache.ibatis.datasource.pooled.PooledDataSource  - Checked out connection 54468349 from pool.
10:47:52,732 [Thread-105] DEBUG org.apache.ibatis.transaction.jdbc.JdbcTransaction  - Setting autocommit to false on JDBC Connection [conn64: url=jdbc:h2:mem:activiti-AsyncExecutorTest user=SA]
10:47:52,731 [Thread-103] DEBUG org.apache.ibatis.transaction.jdbc.JdbcTransaction  - Setting autocommit to false on JDBC Connection [conn59: url=jdbc:h2:mem:activiti-AsyncExecutorTest user=SA]
10:47:52,732 [Thread-103] DEBUG org.activiti.engine.impl.persistence.entity.JobEntity.selectAsyncJobsDueToExecute  - ==&gt;  Preparing: select RES.* from ACT_RU_JOB RES LEFT OUTER JOIN ACT_RU_EXECUTION PI ON PI.ID_ = RES.PROCESS_INSTANCE_ID_ where RES.RETRIES_ &gt; 0 and RES.DUEDATE_ is not null and RES.DUEDATE_ &lt;= ? and (RES.LOCK_EXP_TIME_ is null or RES.LOCK_EXP_TIME_ &lt;= ?) and TYPE_ = &apos;message&apos; and ( (RES.EXECUTION_ID_ is null) or (PI.SUSPENSION_STATE_ = 1) ) LIMIT ? OFFSET ? 
10:47:52,732 [Thread-103] DEBUG org.activiti.engine.impl.persistence.entity.JobEntity.selectAsyncJobsDueToExecute  - ==&gt; Parameters: 2023-03-20 10:48:50.669(Timestamp), 2023-03-20 10:48:50.669(Timestamp), 1(Integer), 0(Integer)
10:47:52,732 [Thread-103] DEBUG org.activiti.engine.impl.persistence.entity.JobEntity.selectAsyncJobsDueToExecute  - &lt;==      Total: 0
10:47:52,732 [Thread-103] DEBUG org.activiti.engine.impl.db.DbSqlSession  - flush summary: 0 insert, 0 update, 0 delete.
10:47:52,732 [Thread-103] DEBUG org.activiti.engine.impl.db.DbSqlSession  - now executing flush...
10:47:52,732 [Thread-103] DEBUG org.activiti.engine.impl.cfg.standalone.StandaloneMybatisTransactionContext  - firing event committing...
10:47:52,732 [Thread-103] DEBUG org.activiti.engine.impl.cfg.standalone.StandaloneMybatisTransactionContext  - committing the ibatis sql session...
10:47:52,732 [Thread-103] DEBUG org.activiti.engine.impl.cfg.standalone.StandaloneMybatisTransactionContext  - firing event committed...
10:47:52,732 [Thread-103] DEBUG org.apache.ibatis.transaction.jdbc.JdbcTransaction  - Resetting autocommit to true on JDBC Connection [conn59: url=jdbc:h2:mem:activiti-AsyncExecutorTest user=SA]
10:47:52,732 [Thread-103] DEBUG org.apache.ibatis.transaction.jdbc.JdbcTransaction  - Closing JDBC Connection [conn59: url=jdbc:h2:mem:activiti-AsyncExecutorTest user=SA]
10:47:52,732 [Thread-103] DEBUG org.apache.ibatis.datasource.pooled.PooledDataSource  - Returned connection 720039383 to pool.
10:47:52,732 [Thread-103] DEBUG org.activiti.engine.impl.interceptor.LogInterceptor  - --- AcquireAsyncJobsDueCmd finished --------------------------------------------------------
10:47:52,732 [Thread-103] DEBUG org.activiti.engine.impl.interceptor.LogInterceptor  - 

10:47:52,732 [Thread-103] DEBUG org.activiti.engine.impl.asyncexecutor.AcquireAsyncJobsDueRunnable  - async job acquisition thread sleeping for 50 millis
10:47:52,731 [Thread-111] DEBUG org.apache.ibatis.transaction.jdbc.JdbcTransaction  - Opening JDBC Connection
10:47:52,732 [Thread-111] DEBUG org.apache.ibatis.datasource.pooled.PooledDataSource  - Checked out connection 58501658 from pool.
10:47:52,732 [Thread-111] DEBUG org.apache.ibatis.transaction.jdbc.JdbcTransaction  - Setting autocommit to false on JDBC Connection [conn68: url=jdbc:h2:mem:activiti-AsyncExecutorTest user=SA]
10:47:52,732 [Thread-105] DEBUG org.activiti.engine.impl.persistence.entity.JobEntity.selectNextTimerJobsToExecute  - ==&gt;  Preparing: select RES.* from ACT_RU_JOB RES LEFT OUTER JOIN ACT_RU_EXECUTION PI ON PI.ID_ = RES.PROCESS_INSTANCE_ID_ where (RES.RETRIES_ &gt; 0) and (RES.DUEDATE_ is null or RES.DUEDATE_ &lt;= ?) and (RES.LOCK_OWNER_ is null or RES.LOCK_EXP_TIME_ &lt;= ?) and TYPE_ = &apos;timer&apos; and ( (RES.EXECUTION_ID_ is null) or (PI.SUSPENSION_STATE_ = 1) ) LIMIT ? OFFSET ? 
10:47:52,732 [Thread-105] DEBUG org.activiti.engine.impl.persistence.entity.JobEntity.selectNextTimerJobsToExecute  - ==&gt; Parameters: 2023-03-20 10:48:50.669(Timestamp), 2023-03-20 10:48:50.669(Timestamp), 1(Integer), 0(Integer)
10:47:52,732 [Thread-105] DEBUG org.activiti.engine.impl.persistence.entity.JobEntity.selectNextTimerJobsToExecute  - &lt;==      Total: 0
10:47:52,732 [Thread-105] DEBUG org.activiti.engine.impl.db.DbSqlSession  - flush summary: 0 insert, 0 update, 0 delete.
10:47:52,732 [Thread-105] DEBUG org.activiti.engine.impl.db.DbSqlSession  - now executing flush...
10:47:52,732 [Thread-105] DEBUG org.activiti.engine.impl.cfg.standalone.StandaloneMybatisTransactionContext  - firing event committing...
10:47:52,732 [Thread-105] DEBUG org.activiti.engine.impl.cfg.standalone.StandaloneMybatisTransactionContext  - committing the ibatis sql session...
10:47:52,732 [Thread-105] DEBUG org.activiti.engine.impl.cfg.standalone.StandaloneMybatisTransactionContext  - firing event committed...
10:47:52,732 [Thread-105] DEBUG org.apache.ibatis.transaction.jdbc.JdbcTransaction  - Resetting autocommit to true on JDBC Connection [conn64: url=jdbc:h2:mem:activiti-AsyncExecutorTest user=SA]
10:47:52,732 [Thread-105] DEBUG org.apache.ibatis.transaction.jdbc.JdbcTransaction  - Closing JDBC Connection [conn64: url=jdbc:h2:mem:activiti-AsyncExecutorTest user=SA]
10:47:52,732 [Thread-105] DEBUG org.apache.ibatis.datasource.pooled.PooledDataSource  - Returned connection 54468349 to pool.
10:47:52,733 [Thread-105] DEBUG org.activiti.engine.impl.interceptor.LogInterceptor  - --- AcquireTimerJobsCmd finished --------------------------------------------------------
10:47:52,733 [Thread-105] DEBUG org.activiti.engine.impl.interceptor.LogInterceptor  - 

10:47:52,733 [Thread-105] DEBUG org.activiti.engine.impl.asyncexecutor.AcquireTimerJobsRunnable  - timer job acquisition thread sleeping for 50 millis
10:47:52,732 [Thread-102] DEBUG org.activiti.engine.impl.db.DbSqlSession  - flush summary: 0 insert, 0 update, 0 delete.
10:47:52,733 [Thread-102] DEBUG org.activiti.engine.impl.db.DbSqlSession  - now executing flush...
10:47:52,733 [Thread-102] DEBUG org.activiti.engine.impl.cfg.standalone.StandaloneMybatisTransactionContext  - firing event committing...
10:47:52,733 [Thread-102] DEBUG org.activiti.engine.impl.cfg.standalone.StandaloneMybatisTransactionContext  - committing the ibatis sql session...
10:47:52,733 [Thread-102] DEBUG org.activiti.engine.impl.cfg.standalone.StandaloneMybatisTransactionContext  - firing event committed...
10:47:52,733 [Thread-102] DEBUG org.apache.ibatis.transaction.jdbc.JdbcTransaction  - Resetting autocommit to true on JDBC Connection [conn60: url=jdbc:h2:mem:activiti-AsyncExecutorTest user=SA]
10:47:52,733 [Thread-102] DEBUG org.apache.ibatis.transaction.jdbc.JdbcTransaction  - Closing JDBC Connection [conn60: url=jdbc:h2:mem:activiti-AsyncExecutorTest user=SA]
10:47:52,733 [Thread-102] DEBUG org.apache.ibatis.datasource.pooled.PooledDataSource  - Returned connection 33534803 to pool.
10:47:52,733 [Thread-102] DEBUG org.activiti.engine.impl.interceptor.LogInterceptor  - --- AcquireTimerJobsCmd finished --------------------------------------------------------
10:47:52,733 [Thread-102] DEBUG org.activiti.engine.impl.interceptor.LogInterceptor  - 

10:47:52,732 [Thread-106] DEBUG org.apache.ibatis.transaction.jdbc.JdbcTransaction  - Opening JDBC Connection
10:47:52,733 [Thread-106] DEBUG org.apache.ibatis.datasource.pooled.PooledDataSource  - Checked out connection 1970103261 from pool.
10:47:52,733 [Thread-106] DEBUG org.apache.ibatis.transaction.jdbc.JdbcTransaction  - Setting autocommit to false on JDBC Connection [conn63: url=jdbc:h2:mem:activiti-AsyncExecutorTest user=SA]
10:47:52,733 [Thread-106] DEBUG org.activiti.engine.impl.persistence.entity.JobEntity.selectAsyncJobsDueToExecute  - ==&gt;  Preparing: select RES.* from ACT_RU_JOB RES LEFT OUTER JOIN ACT_RU_EXECUTION PI ON PI.ID_ = RES.PROCESS_INSTANCE_ID_ where RES.RETRIES_ &gt; 0 and RES.DUEDATE_ is not null and RES.DUEDATE_ &lt;= ? and (RES.LOCK_EXP_TIME_ is null or RES.LOCK_EXP_TIME_ &lt;= ?) and TYPE_ = &apos;message&apos; and ( (RES.EXECUTION_ID_ is null) or (PI.SUSPENSION_STATE_ = 1) ) LIMIT ? OFFSET ? 
10:47:52,733 [Thread-106] DEBUG org.activiti.engine.impl.persistence.entity.JobEntity.selectAsyncJobsDueToExecute  - ==&gt; Parameters: 2023-03-20 10:48:50.669(Timestamp), 2023-03-20 10:48:50.669(Timestamp), 1(Integer), 0(Integer)
10:47:52,733 [Thread-106] DEBUG org.activiti.engine.impl.persistence.entity.JobEntity.selectAsyncJobsDueToExecute  - &lt;==      Total: 0
10:47:52,733 [Thread-102] DEBUG org.activiti.engine.impl.asyncexecutor.AcquireTimerJobsRunnable  - timer job acquisition thread sleeping for 50 millis
10:47:52,732 [Thread-111] DEBUG org.activiti.engine.impl.persistence.entity.JobEntity.selectNextTimerJobsToExecute  - ==&gt;  Preparing: select RES.* from ACT_RU_JOB RES LEFT OUTER JOIN ACT_RU_EXECUTION PI ON PI.ID_ = RES.PROCESS_INSTANCE_ID_ where (RES.RETRIES_ &gt; 0) and (RES.DUEDATE_ is null or RES.DUEDATE_ &lt;= ?) and (RES.LOCK_OWNER_ is null or RES.LOCK_EXP_TIME_ &lt;= ?) and TYPE_ = &apos;timer&apos; and ( (RES.EXECUTION_ID_ is null) or (PI.SUSPENSION_STATE_ = 1) ) LIMIT ? OFFSET ? 
10:47:52,733 [Thread-111] DEBUG org.activiti.engine.impl.persistence.entity.JobEntity.selectNextTimerJobsToExecute  - ==&gt; Parameters: 2023-03-20 10:48:50.669(Timestamp), 2023-03-20 10:48:50.669(Timestamp), 1(Integer), 0(Integer)
10:47:52,733 [Thread-111] DEBUG org.activiti.engine.impl.persistence.entity.JobEntity.selectNextTimerJobsToExecute  - &lt;==      Total: 0
10:47:52,733 [Thread-111] DEBUG org.activiti.engine.impl.db.DbSqlSession  - flush summary: 0 insert, 0 update, 0 delete.
10:47:52,733 [Thread-111] DEBUG org.activiti.engine.impl.db.DbSqlSession  - now executing flush...
10:47:52,733 [Thread-111] DEBUG org.activiti.engine.impl.cfg.standalone.StandaloneMybatisTransactionContext  - firing event committing...
10:47:52,733 [Thread-111] DEBUG org.activiti.engine.impl.cfg.standalone.StandaloneMybatisTransactionContext  - committing the ibatis sql session...
10:47:52,733 [Thread-111] DEBUG org.activiti.engine.impl.cfg.standalone.StandaloneMybatisTransactionContext  - firing event committed...
10:47:52,733 [Thread-111] DEBUG org.apache.ibatis.transaction.jdbc.JdbcTransaction  - Resetting autocommit to true on JDBC Connection [conn68: url=jdbc:h2:mem:activiti-AsyncExecutorTest user=SA]
10:47:52,733 [Thread-111] DEBUG org.apache.ibatis.transaction.jdbc.JdbcTransaction  - Closing JDBC Connection [conn68: url=jdbc:h2:mem:activiti-AsyncExecutorTest user=SA]
10:47:52,733 [Thread-111] DEBUG org.apache.ibatis.datasource.pooled.PooledDataSource  - Returned connection 58501658 to pool.
10:47:52,733 [Thread-111] DEBUG org.activiti.engine.impl.interceptor.LogInterceptor  - --- AcquireTimerJobsCmd finished --------------------------------------------------------
10:47:52,733 [Thread-111] DEBUG org.activiti.engine.impl.interceptor.LogInterceptor  - 

10:47:52,733 [Thread-111] DEBUG org.activiti.engine.impl.asyncexecutor.AcquireTimerJobsRunnable  - timer job acquisition thread sleeping for 50 millis
10:47:52,733 [Thread-106] DEBUG org.activiti.engine.impl.db.DbSqlSession  - flush summary: 0 insert, 0 update, 0 delete.
10:47:52,733 [Thread-106] DEBUG org.activiti.engine.impl.db.DbSqlSession  - now executing flush...
10:47:52,734 [Thread-106] DEBUG org.activiti.engine.impl.cfg.standalone.StandaloneMybatisTransactionContext  - firing event committing...
10:47:52,734 [Thread-106] DEBUG org.activiti.engine.impl.cfg.standalone.StandaloneMybatisTransactionContext  - committing the ibatis sql session...
10:47:52,734 [Thread-106] DEBUG org.activiti.engine.impl.cfg.standalone.StandaloneMybatisTransactionContext  - firing event committed...
10:47:52,734 [Thread-106] DEBUG org.apache.ibatis.transaction.jdbc.JdbcTransaction  - Resetting autocommit to true on JDBC Connection [conn63: url=jdbc:h2:mem:activiti-AsyncExecutorTest user=SA]
10:47:52,734 [Thread-106] DEBUG org.apache.ibatis.transaction.jdbc.JdbcTransaction  - Closing JDBC Connection [conn63: url=jdbc:h2:mem:activiti-AsyncExecutorTest user=SA]
10:47:52,734 [Thread-106] DEBUG org.apache.ibatis.datasource.pooled.PooledDataSource  - Returned connection 1970103261 to pool.
10:47:52,734 [Thread-106] DEBUG org.activiti.engine.impl.interceptor.LogInterceptor  - --- AcquireAsyncJobsDueCmd finished --------------------------------------------------------
10:47:52,734 [Thread-106] DEBUG org.activiti.engine.impl.interceptor.LogInterceptor  - 

10:47:52,734 [Thread-106] DEBUG org.activiti.engine.impl.asyncexecutor.AcquireAsyncJobsDueRunnable  - async job acquisition thread sleeping for 50 millis
10:47:52,778 [Thread-112] DEBUG org.activiti.engine.impl.asyncexecutor.AcquireAsyncJobsDueRunnable  - async job acquisition thread woke up
10:47:52,778 [Thread-112] DEBUG org.activiti.engine.impl.interceptor.LogInterceptor  - 

10:47:52,778 [Thread-112] DEBUG org.activiti.engine.impl.interceptor.LogInterceptor  - --- starting AcquireAsyncJobsDueCmd --------------------------------------------------------
10:47:52,778 [Thread-112] DEBUG org.apache.ibatis.transaction.jdbc.JdbcTransaction  - Opening JDBC Connection
10:47:52,778 [Thread-112] DEBUG org.apache.ibatis.datasource.pooled.PooledDataSource  - Checked out connection 1863805930 from pool.
10:47:52,778 [Thread-112] DEBUG org.apache.ibatis.transaction.jdbc.JdbcTransaction  - Setting autocommit to false on JDBC Connection [conn69: url=jdbc:h2:mem:activiti-AsyncExecutorTest user=SA]
10:47:52,778 [Thread-112] DEBUG org.activiti.engine.impl.persistence.entity.JobEntity.selectAsyncJobsDueToExecute  - ==&gt;  Preparing: select RES.* from ACT_RU_JOB RES LEFT OUTER JOIN ACT_RU_EXECUTION PI ON PI.ID_ = RES.PROCESS_INSTANCE_ID_ where RES.RETRIES_ &gt; 0 and RES.DUEDATE_ is not null and RES.DUEDATE_ &lt;= ? and (RES.LOCK_EXP_TIME_ is null or RES.LOCK_EXP_TIME_ &lt;= ?) and TYPE_ = &apos;message&apos; and ( (RES.EXECUTION_ID_ is null) or (PI.SUSPENSION_STATE_ = 1) ) LIMIT ? OFFSET ? 
10:47:52,778 [Thread-112] DEBUG org.activiti.engine.impl.persistence.entity.JobEntity.selectAsyncJobsDueToExecute  - ==&gt; Parameters: 2023-03-20 10:48:50.669(Timestamp), 2023-03-20 10:48:50.669(Timestamp), 1(Integer), 0(Integer)
10:47:52,778 [Thread-112] DEBUG org.activiti.engine.impl.persistence.entity.JobEntity.selectAsyncJobsDueToExecute  - &lt;==      Total: 0
10:47:52,778 [Thread-112] DEBUG org.activiti.engine.impl.db.DbSqlSession  - flush summary: 0 insert, 0 update, 0 delete.
10:47:52,778 [Thread-112] DEBUG org.activiti.engine.impl.db.DbSqlSession  - now executing flush...
10:47:52,778 [Thread-112] DEBUG org.activiti.engine.impl.cfg.standalone.StandaloneMybatisTransactionContext  - firing event committing...
10:47:52,778 [Thread-112] DEBUG org.activiti.engine.impl.cfg.standalone.StandaloneMybatisTransactionContext  - committing the ibatis sql session...
10:47:52,778 [Thread-112] DEBUG org.activiti.engine.impl.cfg.standalone.StandaloneMybatisTransactionContext  - firing event committed...
10:47:52,778 [Thread-112] DEBUG org.apache.ibatis.transaction.jdbc.JdbcTransaction  - Resetting autocommit to true on JDBC Connection [conn69: url=jdbc:h2:mem:activiti-AsyncExecutorTest user=SA]
10:47:52,778 [Thread-112] DEBUG org.apache.ibatis.transaction.jdbc.JdbcTransaction  - Closing JDBC Connection [conn69: url=jdbc:h2:mem:activiti-AsyncExecutorTest user=SA]
10:47:52,778 [Thread-112] DEBUG org.apache.ibatis.datasource.pooled.PooledDataSource  - Returned connection 1863805930 to pool.
10:47:52,778 [Thread-112] DEBUG org.activiti.engine.impl.interceptor.LogInterceptor  - --- AcquireAsyncJobsDueCmd finished --------------------------------------------------------
10:47:52,778 [Thread-112] DEBUG org.activiti.engine.impl.interceptor.LogInterceptor  - 

10:47:52,778 [Thread-112] DEBUG org.activiti.engine.impl.asyncexecutor.AcquireAsyncJobsDueRunnable  - async job acquisition thread sleeping for 50 millis
10:47:52,794 [Thread-106] DEBUG org.activiti.engine.impl.asyncexecutor.AcquireAsyncJobsDueRunnable  - async job acquisition thread woke up
10:47:52,794 [Thread-106] DEBUG org.activiti.engine.impl.interceptor.LogInterceptor  - 

10:47:52,794 [Thread-106] DEBUG org.activiti.engine.impl.interceptor.LogInterceptor  - --- starting AcquireAsyncJobsDueCmd --------------------------------------------------------
10:47:52,794 [Thread-103] DEBUG org.activiti.engine.impl.asyncexecutor.AcquireAsyncJobsDueRunnable  - async job acquisition thread woke up
10:47:52,794 [Thread-103] DEBUG org.activiti.engine.impl.interceptor.LogInterceptor  - 

10:47:52,794 [Thread-103] DEBUG org.activiti.engine.impl.interceptor.LogInterceptor  - --- starting AcquireAsyncJobsDueCmd --------------------------------------------------------
10:47:52,794 [Thread-105] DEBUG org.activiti.engine.impl.asyncexecutor.AcquireTimerJobsRunnable  - timer job acquisition thread woke up
10:47:52,794 [Thread-105] DEBUG org.activiti.engine.impl.interceptor.LogInterceptor  - 

10:47:52,794 [Thread-105] DEBUG org.activiti.engine.impl.interceptor.LogInterceptor  - --- starting AcquireTimerJobsCmd --------------------------------------------------------
10:47:52,794 [Thread-105] DEBUG org.apache.ibatis.transaction.jdbc.JdbcTransaction  - Opening JDBC Connection
10:47:52,794 [Thread-102] DEBUG org.activiti.engine.impl.asyncexecutor.AcquireTimerJobsRunnable  - timer job acquisition thread woke up
10:47:52,794 [Thread-102] DEBUG org.activiti.engine.impl.interceptor.LogInterceptor  - 

10:47:52,794 [Thread-102] DEBUG org.activiti.engine.impl.interceptor.LogInterceptor  - --- starting AcquireTimerJobsCmd --------------------------------------------------------
10:47:52,794 [Thread-102] DEBUG org.apache.ibatis.transaction.jdbc.JdbcTransaction  - Opening JDBC Connection
10:47:52,794 [Thread-111] DEBUG org.activiti.engine.impl.asyncexecutor.AcquireTimerJobsRunnable  - timer job acquisition thread woke up
10:47:52,794 [Thread-111] DEBUG org.activiti.engine.impl.interceptor.LogInterceptor  - 

10:47:52,794 [Thread-111] DEBUG org.activiti.engine.impl.interceptor.LogInterceptor  - --- starting AcquireTimerJobsCmd --------------------------------------------------------
10:47:52,794 [Thread-102] DEBUG org.apache.ibatis.datasource.pooled.PooledDataSource  - Checked out connection 157985567 from pool.
10:47:52,794 [Thread-102] DEBUG org.apache.ibatis.transaction.jdbc.JdbcTransaction  - Setting autocommit to false on JDBC Connection [conn61: url=jdbc:h2:mem:activiti-AsyncExecutorTest user=SA]
10:47:52,794 [Thread-105] DEBUG org.apache.ibatis.datasource.pooled.PooledDataSource  - Checked out connection 996762054 from pool.
10:47:52,795 [Thread-105] DEBUG org.apache.ibatis.transaction.jdbc.JdbcTransaction  - Setting autocommit to false on JDBC Connection [conn65: url=jdbc:h2:mem:activiti-AsyncExecutorTest user=SA]
10:47:52,794 [Thread-103] DEBUG org.apache.ibatis.transaction.jdbc.JdbcTransaction  - Opening JDBC Connection
10:47:52,795 [Thread-103] DEBUG org.apache.ibatis.datasource.pooled.PooledDataSource  - Checked out connection 720039383 from pool.
10:47:52,795 [Thread-103] DEBUG org.apache.ibatis.transaction.jdbc.JdbcTransaction  - Setting autocommit to false on JDBC Connection [conn59: url=jdbc:h2:mem:activiti-AsyncExecutorTest user=SA]
10:47:52,795 [Thread-103] DEBUG org.activiti.engine.impl.persistence.entity.JobEntity.selectAsyncJobsDueToExecute  - ==&gt;  Preparing: select RES.* from ACT_RU_JOB RES LEFT OUTER JOIN ACT_RU_EXECUTION PI ON PI.ID_ = RES.PROCESS_INSTANCE_ID_ where RES.RETRIES_ &gt; 0 and RES.DUEDATE_ is not null and RES.DUEDATE_ &lt;= ? and (RES.LOCK_EXP_TIME_ is null or RES.LOCK_EXP_TIME_ &lt;= ?) and TYPE_ = &apos;message&apos; and ( (RES.EXECUTION_ID_ is null) or (PI.SUSPENSION_STATE_ = 1) ) LIMIT ? OFFSET ? 
10:47:52,794 [Thread-106] DEBUG org.apache.ibatis.transaction.jdbc.JdbcTransaction  - Opening JDBC Connection
10:47:52,795 [Thread-106] DEBUG org.apache.ibatis.datasource.pooled.PooledDataSource  - Checked out connection 54468349 from pool.
10:47:52,795 [Thread-106] DEBUG org.apache.ibatis.transaction.jdbc.JdbcTransaction  - Setting autocommit to false on JDBC Connection [conn64: url=jdbc:h2:mem:activiti-AsyncExecutorTest user=SA]
10:47:52,795 [Thread-106] DEBUG org.activiti.engine.impl.persistence.entity.JobEntity.selectAsyncJobsDueToExecute  - ==&gt;  Preparing: select RES.* from ACT_RU_JOB RES LEFT OUTER JOIN ACT_RU_EXECUTION PI ON PI.ID_ = RES.PROCESS_INSTANCE_ID_ where RES.RETRIES_ &gt; 0 and RES.DUEDATE_ is not null and RES.DUEDATE_ &lt;= ? and (RES.LOCK_EXP_TIME_ is null or RES.LOCK_EXP_TIME_ &lt;= ?) and TYPE_ = &apos;message&apos; and ( (RES.EXECUTION_ID_ is null) or (PI.SUSPENSION_STATE_ = 1) ) LIMIT ? OFFSET ? 
10:47:52,795 [Thread-106] DEBUG org.activiti.engine.impl.persistence.entity.JobEntity.selectAsyncJobsDueToExecute  - ==&gt; Parameters: 2023-03-20 10:48:50.669(Timestamp), 2023-03-20 10:48:50.669(Timestamp), 1(Integer), 0(Integer)
10:47:52,795 [Thread-106] DEBUG org.activiti.engine.impl.persistence.entity.JobEntity.selectAsyncJobsDueToExecute  - &lt;==      Total: 0
10:47:52,795 [Thread-106] DEBUG org.activiti.engine.impl.db.DbSqlSession  - flush summary: 0 insert, 0 update, 0 delete.
10:47:52,795 [Thread-106] DEBUG org.activiti.engine.impl.db.DbSqlSession  - now executing flush...
10:47:52,795 [Thread-106] DEBUG org.activiti.engine.impl.cfg.standalone.StandaloneMybatisTransactionContext  - firing event committing...
10:47:52,795 [Thread-106] DEBUG org.activiti.engine.impl.cfg.standalone.StandaloneMybatisTransactionContext  - committing the ibatis sql session...
10:47:52,795 [Thread-106] DEBUG org.activiti.engine.impl.cfg.standalone.StandaloneMybatisTransactionContext  - firing event committed...
10:47:52,795 [Thread-106] DEBUG org.apache.ibatis.transaction.jdbc.JdbcTransaction  - Resetting autocommit to true on JDBC Connection [conn64: url=jdbc:h2:mem:activiti-AsyncExecutorTest user=SA]
10:47:52,795 [Thread-103] DEBUG org.activiti.engine.impl.persistence.entity.JobEntity.selectAsyncJobsDueToExecute  - ==&gt; Parameters: 2023-03-20 10:48:50.669(Timestamp), 2023-03-20 10:48:50.669(Timestamp), 1(Integer), 0(Integer)
10:47:52,795 [Thread-105] DEBUG org.activiti.engine.impl.persistence.entity.JobEntity.selectNextTimerJobsToExecute  - ==&gt;  Preparing: select RES.* from ACT_RU_JOB RES LEFT OUTER JOIN ACT_RU_EXECUTION PI ON PI.ID_ = RES.PROCESS_INSTANCE_ID_ where (RES.RETRIES_ &gt; 0) and (RES.DUEDATE_ is null or RES.DUEDATE_ &lt;= ?) and (RES.LOCK_OWNER_ is null or RES.LOCK_EXP_TIME_ &lt;= ?) and TYPE_ = &apos;timer&apos; and ( (RES.EXECUTION_ID_ is null) or (PI.SUSPENSION_STATE_ = 1) ) LIMIT ? OFFSET ? 
10:47:52,794 [Thread-102] DEBUG org.activiti.engine.impl.persistence.entity.JobEntity.selectNextTimerJobsToExecute  - ==&gt;  Preparing: select RES.* from ACT_RU_JOB RES LEFT OUTER JOIN ACT_RU_EXECUTION PI ON PI.ID_ = RES.PROCESS_INSTANCE_ID_ where (RES.RETRIES_ &gt; 0) and (RES.DUEDATE_ is null or RES.DUEDATE_ &lt;= ?) and (RES.LOCK_OWNER_ is null or RES.LOCK_EXP_TIME_ &lt;= ?) and TYPE_ = &apos;timer&apos; and ( (RES.EXECUTION_ID_ is null) or (PI.SUSPENSION_STATE_ = 1) ) LIMIT ? OFFSET ? 
10:47:52,794 [Thread-111] DEBUG org.apache.ibatis.transaction.jdbc.JdbcTransaction  - Opening JDBC Connection
10:47:52,795 [Thread-111] DEBUG org.apache.ibatis.datasource.pooled.PooledDataSource  - Checked out connection 604408605 from pool.
10:47:52,795 [Thread-111] DEBUG org.apache.ibatis.transaction.jdbc.JdbcTransaction  - Setting autocommit to false on JDBC Connection [conn70: url=jdbc:h2:mem:activiti-AsyncExecutorTest user=SA]
10:47:52,795 [Thread-102] DEBUG org.activiti.engine.impl.persistence.entity.JobEntity.selectNextTimerJobsToExecute  - ==&gt; Parameters: 2023-03-20 10:48:50.669(Timestamp), 2023-03-20 10:48:50.669(Timestamp), 1(Integer), 0(Integer)
10:47:52,795 [Thread-105] DEBUG org.activiti.engine.impl.persistence.entity.JobEntity.selectNextTimerJobsToExecute  - ==&gt; Parameters: 2023-03-20 10:48:50.669(Timestamp), 2023-03-20 10:48:50.669(Timestamp), 1(Integer), 0(Integer)
10:47:52,795 [Thread-103] DEBUG org.activiti.engine.impl.persistence.entity.JobEntity.selectAsyncJobsDueToExecute  - &lt;==      Total: 0
10:47:52,795 [Thread-103] DEBUG org.activiti.engine.impl.db.DbSqlSession  - flush summary: 0 insert, 0 update, 0 delete.
10:47:52,795 [Thread-103] DEBUG org.activiti.engine.impl.db.DbSqlSession  - now executing flush...
10:47:52,795 [Thread-103] DEBUG org.activiti.engine.impl.cfg.standalone.StandaloneMybatisTransactionContext  - firing event committing...
10:47:52,795 [Thread-103] DEBUG org.activiti.engine.impl.cfg.standalone.StandaloneMybatisTransactionContext  - committing the ibatis sql session...
10:47:52,795 [Thread-106] DEBUG org.apache.ibatis.transaction.jdbc.JdbcTransaction  - Closing JDBC Connection [conn64: url=jdbc:h2:mem:activiti-AsyncExecutorTest user=SA]
10:47:52,796 [Thread-106] DEBUG org.apache.ibatis.datasource.pooled.PooledDataSource  - Returned connection 54468349 to pool.
10:47:52,796 [Thread-103] DEBUG org.activiti.engine.impl.cfg.standalone.StandaloneMybatisTransactionContext  - firing event committed...
10:47:52,796 [Thread-103] DEBUG org.apache.ibatis.transaction.jdbc.JdbcTransaction  - Resetting autocommit to true on JDBC Connection [conn59: url=jdbc:h2:mem:activiti-AsyncExecutorTest user=SA]
10:47:52,796 [Thread-103] DEBUG org.apache.ibatis.transaction.jdbc.JdbcTransaction  - Closing JDBC Connection [conn59: url=jdbc:h2:mem:activiti-AsyncExecutorTest user=SA]
10:47:52,796 [Thread-103] DEBUG org.apache.ibatis.datasource.pooled.PooledDataSource  - Returned connection 720039383 to pool.
10:47:52,796 [Thread-103] DEBUG org.activiti.engine.impl.interceptor.LogInterceptor  - --- AcquireAsyncJobsDueCmd finished --------------------------------------------------------
10:47:52,796 [Thread-103] DEBUG org.activiti.engine.impl.interceptor.LogInterceptor  - 

10:47:52,795 [Thread-105] DEBUG org.activiti.engine.impl.persistence.entity.JobEntity.selectNextTimerJobsToExecute  - &lt;==      Total: 0
10:47:52,796 [Thread-105] DEBUG org.activiti.engine.impl.db.DbSqlSession  - flush summary: 0 insert, 0 update, 0 delete.
10:47:52,796 [Thread-105] DEBUG org.activiti.engine.impl.db.DbSqlSession  - now executing flush...
10:47:52,796 [Thread-105] DEBUG org.activiti.engine.impl.cfg.standalone.StandaloneMybatisTransactionContext  - firing event committing...
10:47:52,796 [Thread-105] DEBUG org.activiti.engine.impl.cfg.standalone.StandaloneMybatisTransactionContext  - committing the ibatis sql session...
10:47:52,796 [Thread-105] DEBUG org.activiti.engine.impl.cfg.standalone.StandaloneMybatisTransactionContext  - firing event committed...
10:47:52,796 [Thread-105] DEBUG org.apache.ibatis.transaction.jdbc.JdbcTransaction  - Resetting autocommit to true on JDBC Connection [conn65: url=jdbc:h2:mem:activiti-AsyncExecutorTest user=SA]
10:47:52,796 [Thread-105] DEBUG org.apache.ibatis.transaction.jdbc.JdbcTransaction  - Closing JDBC Connection [conn65: url=jdbc:h2:mem:activiti-AsyncExecutorTest user=SA]
10:47:52,795 [Thread-102] DEBUG org.activiti.engine.impl.persistence.entity.JobEntity.selectNextTimerJobsToExecute  - &lt;==      Total: 0
10:47:52,795 [Thread-111] DEBUG org.activiti.engine.impl.persistence.entity.JobEntity.selectNextTimerJobsToExecute  - ==&gt;  Preparing: select RES.* from ACT_RU_JOB RES LEFT OUTER JOIN ACT_RU_EXECUTION PI ON PI.ID_ = RES.PROCESS_INSTANCE_ID_ where (RES.RETRIES_ &gt; 0) and (RES.DUEDATE_ is null or RES.DUEDATE_ &lt;= ?) and (RES.LOCK_OWNER_ is null or RES.LOCK_EXP_TIME_ &lt;= ?) and TYPE_ = &apos;timer&apos; and ( (RES.EXECUTION_ID_ is null) or (PI.SUSPENSION_STATE_ = 1) ) LIMIT ? OFFSET ? 
10:47:52,796 [Thread-102] DEBUG org.activiti.engine.impl.db.DbSqlSession  - flush summary: 0 insert, 0 update, 0 delete.
10:47:52,796 [Thread-102] DEBUG org.activiti.engine.impl.db.DbSqlSession  - now executing flush...
10:47:52,796 [Thread-102] DEBUG org.activiti.engine.impl.cfg.standalone.StandaloneMybatisTransactionContext  - firing event committing...
10:47:52,796 [Thread-102] DEBUG org.activiti.engine.impl.cfg.standalone.StandaloneMybatisTransactionContext  - committing the ibatis sql session...
10:47:52,796 [Thread-102] DEBUG org.activiti.engine.impl.cfg.standalone.StandaloneMybatisTransactionContext  - firing event committed...
10:47:52,796 [Thread-102] DEBUG org.apache.ibatis.transaction.jdbc.JdbcTransaction  - Resetting autocommit to true on JDBC Connection [conn61: url=jdbc:h2:mem:activiti-AsyncExecutorTest user=SA]
10:47:52,796 [Thread-102] DEBUG org.apache.ibatis.transaction.jdbc.JdbcTransaction  - Closing JDBC Connection [conn61: url=jdbc:h2:mem:activiti-AsyncExecutorTest user=SA]
10:47:52,796 [Thread-102] DEBUG org.apache.ibatis.datasource.pooled.PooledDataSource  - Returned connection 157985567 to pool.
10:47:52,796 [Thread-102] DEBUG org.activiti.engine.impl.interceptor.LogInterceptor  - --- AcquireTimerJobsCmd finished --------------------------------------------------------
10:47:52,796 [Thread-102] DEBUG org.activiti.engine.impl.interceptor.LogInterceptor  - 

10:47:52,796 [Thread-105] DEBUG org.apache.ibatis.datasource.pooled.PooledDataSource  - Returned connection 996762054 to pool.
10:47:52,796 [Thread-105] DEBUG org.activiti.engine.impl.interceptor.LogInterceptor  - --- AcquireTimerJobsCmd finished --------------------------------------------------------
10:47:52,796 [Thread-105] DEBUG org.activiti.engine.impl.interceptor.LogInterceptor  - 

10:47:52,796 [Thread-103] DEBUG org.activiti.engine.impl.asyncexecutor.AcquireAsyncJobsDueRunnable  - async job acquisition thread sleeping for 50 millis
10:47:52,796 [Thread-106] DEBUG org.activiti.engine.impl.interceptor.LogInterceptor  - --- AcquireAsyncJobsDueCmd finished --------------------------------------------------------
10:47:52,796 [Thread-106] DEBUG org.activiti.engine.impl.interceptor.LogInterceptor  - 

10:47:52,796 [Thread-106] DEBUG org.activiti.engine.impl.asyncexecutor.AcquireAsyncJobsDueRunnable  - async job acquisition thread sleeping for 50 millis
10:47:52,796 [Thread-105] DEBUG org.activiti.engine.impl.asyncexecutor.AcquireTimerJobsRunnable  - timer job acquisition thread sleeping for 50 millis
10:47:52,796 [Thread-102] DEBUG org.activiti.engine.impl.asyncexecutor.AcquireTimerJobsRunnable  - timer job acquisition thread sleeping for 50 millis
10:47:52,796 [Thread-111] DEBUG org.activiti.engine.impl.persistence.entity.JobEntity.selectNextTimerJobsToExecute  - ==&gt; Parameters: 2023-03-20 10:48:50.669(Timestamp), 2023-03-20 10:48:50.669(Timestamp), 1(Integer), 0(Integer)
10:47:52,796 [Thread-111] DEBUG org.activiti.engine.impl.persistence.entity.JobEntity.selectNextTimerJobsToExecute  - &lt;==      Total: 0
10:47:52,796 [Thread-111] DEBUG org.activiti.engine.impl.db.DbSqlSession  - flush summary: 0 insert, 0 update, 0 delete.
10:47:52,796 [Thread-111] DEBUG org.activiti.engine.impl.db.DbSqlSession  - now executing flush...
10:47:52,796 [Thread-111] DEBUG org.activiti.engine.impl.cfg.standalone.StandaloneMybatisTransactionContext  - firing event committing...
10:47:52,796 [Thread-111] DEBUG org.activiti.engine.impl.cfg.standalone.StandaloneMybatisTransactionContext  - committing the ibatis sql session...
10:47:52,796 [Thread-111] DEBUG org.activiti.engine.impl.cfg.standalone.StandaloneMybatisTransactionContext  - firing event committed...
10:47:52,796 [Thread-111] DEBUG org.apache.ibatis.transaction.jdbc.JdbcTransaction  - Resetting autocommit to true on JDBC Connection [conn70: url=jdbc:h2:mem:activiti-AsyncExecutorTest user=SA]
10:47:52,797 [Thread-111] DEBUG org.apache.ibatis.transaction.jdbc.JdbcTransaction  - Closing JDBC Connection [conn70: url=jdbc:h2:mem:activiti-AsyncExecutorTest user=SA]
10:47:52,797 [Thread-111] DEBUG org.apache.ibatis.datasource.pooled.PooledDataSource  - Returned connection 604408605 to pool.
10:47:52,797 [Thread-111] DEBUG org.activiti.engine.impl.interceptor.LogInterceptor  - --- AcquireTimerJobsCmd finished --------------------------------------------------------
10:47:52,797 [Thread-111] DEBUG org.activiti.engine.impl.interceptor.LogInterceptor  - 

10:47:52,797 [Thread-111] DEBUG org.activiti.engine.impl.asyncexecutor.AcquireTimerJobsRunnable  - timer job acquisition thread sleeping for 50 millis
10:47:52,841 [Thread-112] DEBUG org.activiti.engine.impl.asyncexecutor.AcquireAsyncJobsDueRunnable  - async job acquisition thread woke up
10:47:52,841 [Thread-112] DEBUG org.activiti.engine.impl.interceptor.LogInterceptor  - 

10:47:52,841 [Thread-112] DEBUG org.activiti.engine.impl.interceptor.LogInterceptor  - --- starting AcquireAsyncJobsDueCmd --------------------------------------------------------
10:47:52,841 [Thread-112] DEBUG org.apache.ibatis.transaction.jdbc.JdbcTransaction  - Opening JDBC Connection
10:47:52,841 [Thread-112] DEBUG org.apache.ibatis.datasource.pooled.PooledDataSource  - Checked out connection 58501658 from pool.
10:47:52,841 [Thread-112] DEBUG org.apache.ibatis.transaction.jdbc.JdbcTransaction  - Setting autocommit to false on JDBC Connection [conn68: url=jdbc:h2:mem:activiti-AsyncExecutorTest user=SA]
10:47:52,841 [Thread-112] DEBUG org.activiti.engine.impl.persistence.entity.JobEntity.selectAsyncJobsDueToExecute  - ==&gt;  Preparing: select RES.* from ACT_RU_JOB RES LEFT OUTER JOIN ACT_RU_EXECUTION PI ON PI.ID_ = RES.PROCESS_INSTANCE_ID_ where RES.RETRIES_ &gt; 0 and RES.DUEDATE_ is not null and RES.DUEDATE_ &lt;= ? and (RES.LOCK_EXP_TIME_ is null or RES.LOCK_EXP_TIME_ &lt;= ?) and TYPE_ = &apos;message&apos; and ( (RES.EXECUTION_ID_ is null) or (PI.SUSPENSION_STATE_ = 1) ) LIMIT ? OFFSET ? 
10:47:52,841 [Thread-112] DEBUG org.activiti.engine.impl.persistence.entity.JobEntity.selectAsyncJobsDueToExecute  - ==&gt; Parameters: 2023-03-20 10:48:50.669(Timestamp), 2023-03-20 10:48:50.669(Timestamp), 1(Integer), 0(Integer)
10:47:52,841 [Thread-112] DEBUG org.activiti.engine.impl.persistence.entity.JobEntity.selectAsyncJobsDueToExecute  - &lt;==      Total: 0
10:47:52,841 [Thread-112] DEBUG org.activiti.engine.impl.db.DbSqlSession  - flush summary: 0 insert, 0 update, 0 delete.
10:47:52,841 [Thread-112] DEBUG org.activiti.engine.impl.db.DbSqlSession  - now executing flush...
10:47:52,841 [Thread-112] DEBUG org.activiti.engine.impl.cfg.standalone.StandaloneMybatisTransactionContext  - firing event committing...
10:47:52,841 [Thread-112] DEBUG org.activiti.engine.impl.cfg.standalone.StandaloneMybatisTransactionContext  - committing the ibatis sql session...
10:47:52,841 [Thread-112] DEBUG org.activiti.engine.impl.cfg.standalone.StandaloneMybatisTransactionContext  - firing event committed...
10:47:52,841 [Thread-112] DEBUG org.apache.ibatis.transaction.jdbc.JdbcTransaction  - Resetting autocommit to true on JDBC Connection [conn68: url=jdbc:h2:mem:activiti-AsyncExecutorTest user=SA]
10:47:52,841 [Thread-112] DEBUG org.apache.ibatis.transaction.jdbc.JdbcTransaction  - Closing JDBC Connection [conn68: url=jdbc:h2:mem:activiti-AsyncExecutorTest user=SA]
10:47:52,841 [Thread-112] DEBUG org.apache.ibatis.datasource.pooled.PooledDataSource  - Returned connection 58501658 to pool.
10:47:52,841 [Thread-112] DEBUG org.activiti.engine.impl.interceptor.LogInterceptor  - --- AcquireAsyncJobsDueCmd finished --------------------------------------------------------
10:47:52,841 [Thread-112] DEBUG org.activiti.engine.impl.interceptor.LogInterceptor  - 

10:47:52,841 [Thread-112] DEBUG org.activiti.engine.impl.asyncexecutor.AcquireAsyncJobsDueRunnable  - async job acquisition thread sleeping for 50 millis
10:47:52,858 [Thread-111] DEBUG org.activiti.engine.impl.asyncexecutor.AcquireTimerJobsRunnable  - timer job acquisition thread woke up
10:47:52,858 [Thread-111] DEBUG org.activiti.engine.impl.interceptor.LogInterceptor  - 

10:47:52,858 [Thread-111] DEBUG org.activiti.engine.impl.interceptor.LogInterceptor  - --- starting AcquireTimerJobsCmd --------------------------------------------------------
10:47:52,858 [Thread-106] DEBUG org.activiti.engine.impl.asyncexecutor.AcquireAsyncJobsDueRunnable  - async job acquisition thread woke up
10:47:52,858 [Thread-106] DEBUG org.activiti.engine.impl.interceptor.LogInterceptor  - 

10:47:52,858 [Thread-106] DEBUG org.activiti.engine.impl.interceptor.LogInterceptor  - --- starting AcquireAsyncJobsDueCmd --------------------------------------------------------
10:47:52,858 [Thread-106] DEBUG org.apache.ibatis.transaction.jdbc.JdbcTransaction  - Opening JDBC Connection
10:47:52,858 [Thread-103] DEBUG org.activiti.engine.impl.asyncexecutor.AcquireAsyncJobsDueRunnable  - async job acquisition thread woke up
10:47:52,858 [Thread-103] DEBUG org.activiti.engine.impl.interceptor.LogInterceptor  - 

10:47:52,858 [Thread-103] DEBUG org.activiti.engine.impl.interceptor.LogInterceptor  - --- starting AcquireAsyncJobsDueCmd --------------------------------------------------------
10:47:52,858 [Thread-105] DEBUG org.activiti.engine.impl.asyncexecutor.AcquireTimerJobsRunnable  - timer job acquisition thread woke up
10:47:52,858 [Thread-105] DEBUG org.activiti.engine.impl.interceptor.LogInterceptor  - 

10:47:52,858 [Thread-105] DEBUG org.activiti.engine.impl.interceptor.LogInterceptor  - --- starting AcquireTimerJobsCmd --------------------------------------------------------
10:47:52,858 [Thread-105] DEBUG org.apache.ibatis.transaction.jdbc.JdbcTransaction  - Opening JDBC Connection
10:47:52,858 [Thread-102] DEBUG org.activiti.engine.impl.asyncexecutor.AcquireTimerJobsRunnable  - timer job acquisition thread woke up
10:47:52,858 [Thread-102] DEBUG org.activiti.engine.impl.interceptor.LogInterceptor  - 

10:47:52,858 [Thread-102] DEBUG org.activiti.engine.impl.interceptor.LogInterceptor  - --- starting AcquireTimerJobsCmd --------------------------------------------------------
10:47:52,858 [Thread-103] DEBUG org.apache.ibatis.transaction.jdbc.JdbcTransaction  - Opening JDBC Connection
10:47:52,859 [Thread-103] DEBUG org.apache.ibatis.datasource.pooled.PooledDataSource  - Checked out connection 33534803 from pool.
10:47:52,858 [Thread-106] DEBUG org.apache.ibatis.datasource.pooled.PooledDataSource  - Checked out connection 1970103261 from pool.
10:47:52,859 [Thread-106] DEBUG org.apache.ibatis.transaction.jdbc.JdbcTransaction  - Setting autocommit to false on JDBC Connection [conn63: url=jdbc:h2:mem:activiti-AsyncExecutorTest user=SA]
10:47:52,858 [Thread-111] DEBUG org.apache.ibatis.transaction.jdbc.JdbcTransaction  - Opening JDBC Connection
10:47:52,859 [Thread-111] DEBUG org.apache.ibatis.datasource.pooled.PooledDataSource  - Checked out connection 1863805930 from pool.
10:47:52,859 [Thread-111] DEBUG org.apache.ibatis.transaction.jdbc.JdbcTransaction  - Setting autocommit to false on JDBC Connection [conn69: url=jdbc:h2:mem:activiti-AsyncExecutorTest user=SA]
10:47:52,859 [Thread-106] DEBUG org.activiti.engine.impl.persistence.entity.JobEntity.selectAsyncJobsDueToExecute  - ==&gt;  Preparing: select RES.* from ACT_RU_JOB RES LEFT OUTER JOIN ACT_RU_EXECUTION PI ON PI.ID_ = RES.PROCESS_INSTANCE_ID_ where RES.RETRIES_ &gt; 0 and RES.DUEDATE_ is not null and RES.DUEDATE_ &lt;= ? and (RES.LOCK_EXP_TIME_ is null or RES.LOCK_EXP_TIME_ &lt;= ?) and TYPE_ = &apos;message&apos; and ( (RES.EXECUTION_ID_ is null) or (PI.SUSPENSION_STATE_ = 1) ) LIMIT ? OFFSET ? 
10:47:52,859 [Thread-105] DEBUG org.apache.ibatis.datasource.pooled.PooledDataSource  - Checked out connection 54468349 from pool.
10:47:52,859 [Thread-105] DEBUG org.apache.ibatis.transaction.jdbc.JdbcTransaction  - Setting autocommit to false on JDBC Connection [conn64: url=jdbc:h2:mem:activiti-AsyncExecutorTest user=SA]
10:47:52,859 [Thread-103] DEBUG org.apache.ibatis.transaction.jdbc.JdbcTransaction  - Setting autocommit to false on JDBC Connection [conn60: url=jdbc:h2:mem:activiti-AsyncExecutorTest user=SA]
10:47:52,858 [Thread-102] DEBUG org.apache.ibatis.transaction.jdbc.JdbcTransaction  - Opening JDBC Connection
10:47:52,859 [Thread-102] DEBUG org.apache.ibatis.datasource.pooled.PooledDataSource  - Checked out connection 720039383 from pool.
10:47:52,859 [Thread-102] DEBUG org.apache.ibatis.transaction.jdbc.JdbcTransaction  - Setting autocommit to false on JDBC Connection [conn59: url=jdbc:h2:mem:activiti-AsyncExecutorTest user=SA]
10:47:52,859 [Thread-102] DEBUG org.activiti.engine.impl.persistence.entity.JobEntity.selectNextTimerJobsToExecute  - ==&gt;  Preparing: select RES.* from ACT_RU_JOB RES LEFT OUTER JOIN ACT_RU_EXECUTION PI ON PI.ID_ = RES.PROCESS_INSTANCE_ID_ where (RES.RETRIES_ &gt; 0) and (RES.DUEDATE_ is null or RES.DUEDATE_ &lt;= ?) and (RES.LOCK_OWNER_ is null or RES.LOCK_EXP_TIME_ &lt;= ?) and TYPE_ = &apos;timer&apos; and ( (RES.EXECUTION_ID_ is null) or (PI.SUSPENSION_STATE_ = 1) ) LIMIT ? OFFSET ? 
10:47:52,859 [Thread-103] DEBUG org.activiti.engine.impl.persistence.entity.JobEntity.selectAsyncJobsDueToExecute  - ==&gt;  Preparing: select RES.* from ACT_RU_JOB RES LEFT OUTER JOIN ACT_RU_EXECUTION PI ON PI.ID_ = RES.PROCESS_INSTANCE_ID_ where RES.RETRIES_ &gt; 0 and RES.DUEDATE_ is not null and RES.DUEDATE_ &lt;= ? and (RES.LOCK_EXP_TIME_ is null or RES.LOCK_EXP_TIME_ &lt;= ?) and TYPE_ = &apos;message&apos; and ( (RES.EXECUTION_ID_ is null) or (PI.SUSPENSION_STATE_ = 1) ) LIMIT ? OFFSET ? 
10:47:52,859 [Thread-105] DEBUG org.activiti.engine.impl.persistence.entity.JobEntity.selectNextTimerJobsToExecute  - ==&gt;  Preparing: select RES.* from ACT_RU_JOB RES LEFT OUTER JOIN ACT_RU_EXECUTION PI ON PI.ID_ = RES.PROCESS_INSTANCE_ID_ where (RES.RETRIES_ &gt; 0) and (RES.DUEDATE_ is null or RES.DUEDATE_ &lt;= ?) and (RES.LOCK_OWNER_ is null or RES.LOCK_EXP_TIME_ &lt;= ?) and TYPE_ = &apos;timer&apos; and ( (RES.EXECUTION_ID_ is null) or (PI.SUSPENSION_STATE_ = 1) ) LIMIT ? OFFSET ? 
10:47:52,859 [Thread-106] DEBUG org.activiti.engine.impl.persistence.entity.JobEntity.selectAsyncJobsDueToExecute  - ==&gt; Parameters: 2023-03-20 10:48:50.669(Timestamp), 2023-03-20 10:48:50.669(Timestamp), 1(Integer), 0(Integer)
10:47:52,859 [Thread-111] DEBUG org.activiti.engine.impl.persistence.entity.JobEntity.selectNextTimerJobsToExecute  - ==&gt;  Preparing: select RES.* from ACT_RU_JOB RES LEFT OUTER JOIN ACT_RU_EXECUTION PI ON PI.ID_ = RES.PROCESS_INSTANCE_ID_ where (RES.RETRIES_ &gt; 0) and (RES.DUEDATE_ is null or RES.DUEDATE_ &lt;= ?) and (RES.LOCK_OWNER_ is null or RES.LOCK_EXP_TIME_ &lt;= ?) and TYPE_ = &apos;timer&apos; and ( (RES.EXECUTION_ID_ is null) or (PI.SUSPENSION_STATE_ = 1) ) LIMIT ? OFFSET ? 
10:47:52,859 [Thread-111] DEBUG org.activiti.engine.impl.persistence.entity.JobEntity.selectNextTimerJobsToExecute  - ==&gt; Parameters: 2023-03-20 10:48:50.669(Timestamp), 2023-03-20 10:48:50.669(Timestamp), 1(Integer), 0(Integer)
10:47:52,859 [Thread-106] DEBUG org.activiti.engine.impl.persistence.entity.JobEntity.selectAsyncJobsDueToExecute  - &lt;==      Total: 0
10:47:52,859 [Thread-105] DEBUG org.activiti.engine.impl.persistence.entity.JobEntity.selectNextTimerJobsToExecute  - ==&gt; Parameters: 2023-03-20 10:48:50.669(Timestamp), 2023-03-20 10:48:50.669(Timestamp), 1(Integer), 0(Integer)
10:47:52,859 [Thread-103] DEBUG org.activiti.engine.impl.persistence.entity.JobEntity.selectAsyncJobsDueToExecute  - ==&gt; Parameters: 2023-03-20 10:48:50.669(Timestamp), 2023-03-20 10:48:50.669(Timestamp), 1(Integer), 0(Integer)
10:47:52,859 [Thread-102] DEBUG org.activiti.engine.impl.persistence.entity.JobEntity.selectNextTimerJobsToExecute  - ==&gt; Parameters: 2023-03-20 10:48:50.669(Timestamp), 2023-03-20 10:48:50.669(Timestamp), 1(Integer), 0(Integer)
10:47:52,859 [Thread-102] DEBUG org.activiti.engine.impl.persistence.entity.JobEntity.selectNextTimerJobsToExecute  - &lt;==      Total: 0
10:47:52,859 [Thread-103] DEBUG org.activiti.engine.impl.persistence.entity.JobEntity.selectAsyncJobsDueToExecute  - &lt;==      Total: 0
10:47:52,859 [Thread-105] DEBUG org.activiti.engine.impl.persistence.entity.JobEntity.selectNextTimerJobsToExecute  - &lt;==      Total: 0
10:47:52,860 [Thread-105] DEBUG org.activiti.engine.impl.db.DbSqlSession  - flush summary: 0 insert, 0 update, 0 delete.
10:47:52,860 [Thread-105] DEBUG org.activiti.engine.impl.db.DbSqlSession  - now executing flush...
10:47:52,860 [Thread-105] DEBUG org.activiti.engine.impl.cfg.standalone.StandaloneMybatisTransactionContext  - firing event committing...
10:47:52,860 [Thread-105] DEBUG org.activiti.engine.impl.cfg.standalone.StandaloneMybatisTransactionContext  - committing the ibatis sql session...
10:47:52,860 [Thread-105] DEBUG org.activiti.engine.impl.cfg.standalone.StandaloneMybatisTransactionContext  - firing event committed...
10:47:52,860 [Thread-105] DEBUG org.apache.ibatis.transaction.jdbc.JdbcTransaction  - Resetting autocommit to true on JDBC Connection [conn64: url=jdbc:h2:mem:activiti-AsyncExecutorTest user=SA]
10:47:52,859 [Thread-106] DEBUG org.activiti.engine.impl.db.DbSqlSession  - flush summary: 0 insert, 0 update, 0 delete.
10:47:52,860 [Thread-106] DEBUG org.activiti.engine.impl.db.DbSqlSession  - now executing flush...
10:47:52,860 [Thread-106] DEBUG org.activiti.engine.impl.cfg.standalone.StandaloneMybatisTransactionContext  - firing event committing...
10:47:52,860 [Thread-106] DEBUG org.activiti.engine.impl.cfg.standalone.StandaloneMybatisTransactionContext  - committing the ibatis sql session...
10:47:52,860 [Thread-106] DEBUG org.activiti.engine.impl.cfg.standalone.StandaloneMybatisTransactionContext  - firing event committed...
10:47:52,860 [Thread-106] DEBUG org.apache.ibatis.transaction.jdbc.JdbcTransaction  - Resetting autocommit to true on JDBC Connection [conn63: url=jdbc:h2:mem:activiti-AsyncExecutorTest user=SA]
10:47:52,860 [Thread-106] DEBUG org.apache.ibatis.transaction.jdbc.JdbcTransaction  - Closing JDBC Connection [conn63: url=jdbc:h2:mem:activiti-AsyncExecutorTest user=SA]
10:47:52,859 [Thread-111] DEBUG org.activiti.engine.impl.persistence.entity.JobEntity.selectNextTimerJobsToExecute  - &lt;==      Total: 0
10:47:52,860 [Thread-111] DEBUG org.activiti.engine.impl.db.DbSqlSession  - flush summary: 0 insert, 0 update, 0 delete.
10:47:52,860 [Thread-111] DEBUG org.activiti.engine.impl.db.DbSqlSession  - now executing flush...
10:47:52,860 [Thread-111] DEBUG org.activiti.engine.impl.cfg.standalone.StandaloneMybatisTransactionContext  - firing event committing...
10:47:52,860 [Thread-111] DEBUG org.activiti.engine.impl.cfg.standalone.StandaloneMybatisTransactionContext  - committing the ibatis sql session...
10:47:52,860 [Thread-111] DEBUG org.activiti.engine.impl.cfg.standalone.StandaloneMybatisTransactionContext  - firing event committed...
10:47:52,860 [Thread-111] DEBUG org.apache.ibatis.transaction.jdbc.JdbcTransaction  - Resetting autocommit to true on JDBC Connection [conn69: url=jdbc:h2:mem:activiti-AsyncExecutorTest user=SA]
10:47:52,860 [Thread-111] DEBUG org.apache.ibatis.transaction.jdbc.JdbcTransaction  - Closing JDBC Connection [conn69: url=jdbc:h2:mem:activiti-AsyncExecutorTest user=SA]
10:47:52,860 [Thread-111] DEBUG org.apache.ibatis.datasource.pooled.PooledDataSource  - Returned connection 1863805930 to pool.
10:47:52,860 [Thread-111] DEBUG org.activiti.engine.impl.interceptor.LogInterceptor  - --- AcquireTimerJobsCmd finished --------------------------------------------------------
10:47:52,860 [Thread-111] DEBUG org.activiti.engine.impl.interceptor.LogInterceptor  - 

10:47:52,860 [Thread-106] DEBUG org.apache.ibatis.datasource.pooled.PooledDataSource  - Returned connection 1970103261 to pool.
10:47:52,860 [Thread-106] DEBUG org.activiti.engine.impl.interceptor.LogInterceptor  - --- AcquireAsyncJobsDueCmd finished --------------------------------------------------------
10:47:52,860 [Thread-106] DEBUG org.activiti.engine.impl.interceptor.LogInterceptor  - 

10:47:52,860 [Thread-105] DEBUG org.apache.ibatis.transaction.jdbc.JdbcTransaction  - Closing JDBC Connection [conn64: url=jdbc:h2:mem:activiti-AsyncExecutorTest user=SA]
10:47:52,860 [Thread-105] DEBUG org.apache.ibatis.datasource.pooled.PooledDataSource  - Returned connection 54468349 to pool.
10:47:52,860 [Thread-105] DEBUG org.activiti.engine.impl.interceptor.LogInterceptor  - --- AcquireTimerJobsCmd finished --------------------------------------------------------
10:47:52,860 [Thread-105] DEBUG org.activiti.engine.impl.interceptor.LogInterceptor  - 

10:47:52,860 [Thread-103] DEBUG org.activiti.engine.impl.db.DbSqlSession  - flush summary: 0 insert, 0 update, 0 delete.
10:47:52,860 [Thread-103] DEBUG org.activiti.engine.impl.db.DbSqlSession  - now executing flush...
10:47:52,860 [Thread-103] DEBUG org.activiti.engine.impl.cfg.standalone.StandaloneMybatisTransactionContext  - firing event committing...
10:47:52,860 [Thread-103] DEBUG org.activiti.engine.impl.cfg.standalone.StandaloneMybatisTransactionContext  - committing the ibatis sql session...
10:47:52,860 [Thread-103] DEBUG org.activiti.engine.impl.cfg.standalone.StandaloneMybatisTransactionContext  - firing event committed...
10:47:52,860 [Thread-103] DEBUG org.apache.ibatis.transaction.jdbc.JdbcTransaction  - Resetting autocommit to true on JDBC Connection [conn60: url=jdbc:h2:mem:activiti-AsyncExecutorTest user=SA]
10:47:52,860 [Thread-103] DEBUG org.apache.ibatis.transaction.jdbc.JdbcTransaction  - Closing JDBC Connection [conn60: url=jdbc:h2:mem:activiti-AsyncExecutorTest user=SA]
10:47:52,860 [Thread-103] DEBUG org.apache.ibatis.datasource.pooled.PooledDataSource  - Returned connection 33534803 to pool.
10:47:52,860 [Thread-103] DEBUG org.activiti.engine.impl.interceptor.LogInterceptor  - --- AcquireAsyncJobsDueCmd finished --------------------------------------------------------
10:47:52,861 [Thread-103] DEBUG org.activiti.engine.impl.interceptor.LogInterceptor  - 

10:47:52,861 [Thread-103] DEBUG org.activiti.engine.impl.asyncexecutor.AcquireAsyncJobsDueRunnable  - async job acquisition thread sleeping for 50 millis
10:47:52,859 [Thread-102] DEBUG org.activiti.engine.impl.db.DbSqlSession  - flush summary: 0 insert, 0 update, 0 delete.
10:47:52,861 [Thread-102] DEBUG org.activiti.engine.impl.db.DbSqlSession  - now executing flush...
10:47:52,861 [Thread-102] DEBUG org.activiti.engine.impl.cfg.standalone.StandaloneMybatisTransactionContext  - firing event committing...
10:47:52,861 [Thread-102] DEBUG org.activiti.engine.impl.cfg.standalone.StandaloneMybatisTransactionContext  - committing the ibatis sql session...
10:47:52,861 [Thread-102] DEBUG org.activiti.engine.impl.cfg.standalone.StandaloneMybatisTransactionContext  - firing event committed...
10:47:52,861 [Thread-102] DEBUG org.apache.ibatis.transaction.jdbc.JdbcTransaction  - Resetting autocommit to true on JDBC Connection [conn59: url=jdbc:h2:mem:activiti-AsyncExecutorTest user=SA]
10:47:52,861 [Thread-102] DEBUG org.apache.ibatis.transaction.jdbc.JdbcTransaction  - Closing JDBC Connection [conn59: url=jdbc:h2:mem:activiti-AsyncExecutorTest user=SA]
10:47:52,861 [Thread-102] DEBUG org.apache.ibatis.datasource.pooled.PooledDataSource  - Returned connection 720039383 to pool.
10:47:52,861 [Thread-102] DEBUG org.activiti.engine.impl.interceptor.LogInterceptor  - --- AcquireTimerJobsCmd finished --------------------------------------------------------
10:47:52,861 [Thread-102] DEBUG org.activiti.engine.impl.interceptor.LogInterceptor  - 

10:47:52,861 [Thread-102] DEBUG org.activiti.engine.impl.asyncexecutor.AcquireTimerJobsRunnable  - timer job acquisition thread sleeping for 50 millis
10:47:52,860 [Thread-105] DEBUG org.activiti.engine.impl.asyncexecutor.AcquireTimerJobsRunnable  - timer job acquisition thread sleeping for 50 millis
10:47:52,860 [Thread-106] DEBUG org.activiti.engine.impl.asyncexecutor.AcquireAsyncJobsDueRunnable  - async job acquisition thread sleeping for 50 millis
10:47:52,860 [Thread-111] DEBUG org.activiti.engine.impl.asyncexecutor.AcquireTimerJobsRunnable  - timer job acquisition thread sleeping for 50 millis
10:47:52,905 [Thread-112] DEBUG org.activiti.engine.impl.asyncexecutor.AcquireAsyncJobsDueRunnable  - async job acquisition thread woke up
10:47:52,905 [Thread-112] DEBUG org.activiti.engine.impl.interceptor.LogInterceptor  - 

10:47:52,905 [Thread-112] DEBUG org.activiti.engine.impl.interceptor.LogInterceptor  - --- starting AcquireAsyncJobsDueCmd --------------------------------------------------------
10:47:52,905 [Thread-112] DEBUG org.apache.ibatis.transaction.jdbc.JdbcTransaction  - Opening JDBC Connection
10:47:52,905 [Thread-112] DEBUG org.apache.ibatis.datasource.pooled.PooledDataSource  - Checked out connection 604408605 from pool.
10:47:52,905 [Thread-112] DEBUG org.apache.ibatis.transaction.jdbc.JdbcTransaction  - Setting autocommit to false on JDBC Connection [conn70: url=jdbc:h2:mem:activiti-AsyncExecutorTest user=SA]
10:47:52,905 [Thread-112] DEBUG org.activiti.engine.impl.persistence.entity.JobEntity.selectAsyncJobsDueToExecute  - ==&gt;  Preparing: select RES.* from ACT_RU_JOB RES LEFT OUTER JOIN ACT_RU_EXECUTION PI ON PI.ID_ = RES.PROCESS_INSTANCE_ID_ where RES.RETRIES_ &gt; 0 and RES.DUEDATE_ is not null and RES.DUEDATE_ &lt;= ? and (RES.LOCK_EXP_TIME_ is null or RES.LOCK_EXP_TIME_ &lt;= ?) and TYPE_ = &apos;message&apos; and ( (RES.EXECUTION_ID_ is null) or (PI.SUSPENSION_STATE_ = 1) ) LIMIT ? OFFSET ? 
10:47:52,905 [Thread-112] DEBUG org.activiti.engine.impl.persistence.entity.JobEntity.selectAsyncJobsDueToExecute  - ==&gt; Parameters: 2023-03-20 10:48:50.669(Timestamp), 2023-03-20 10:48:50.669(Timestamp), 1(Integer), 0(Integer)
10:47:52,905 [Thread-112] DEBUG org.activiti.engine.impl.persistence.entity.JobEntity.selectAsyncJobsDueToExecute  - &lt;==      Total: 0
10:47:52,905 [Thread-112] DEBUG org.activiti.engine.impl.db.DbSqlSession  - flush summary: 0 insert, 0 update, 0 delete.
10:47:52,905 [Thread-112] DEBUG org.activiti.engine.impl.db.DbSqlSession  - now executing flush...
10:47:52,905 [Thread-112] DEBUG org.activiti.engine.impl.cfg.standalone.StandaloneMybatisTransactionContext  - firing event committing...
10:47:52,905 [Thread-112] DEBUG org.activiti.engine.impl.cfg.standalone.StandaloneMybatisTransactionContext  - committing the ibatis sql session...
10:47:52,905 [Thread-112] DEBUG org.activiti.engine.impl.cfg.standalone.StandaloneMybatisTransactionContext  - firing event committed...
10:47:52,905 [Thread-112] DEBUG org.apache.ibatis.transaction.jdbc.JdbcTransaction  - Resetting autocommit to true on JDBC Connection [conn70: url=jdbc:h2:mem:activiti-AsyncExecutorTest user=SA]
10:47:52,905 [Thread-112] DEBUG org.apache.ibatis.transaction.jdbc.JdbcTransaction  - Closing JDBC Connection [conn70: url=jdbc:h2:mem:activiti-AsyncExecutorTest user=SA]
10:47:52,905 [Thread-112] DEBUG org.apache.ibatis.datasource.pooled.PooledDataSource  - Returned connection 604408605 to pool.
10:47:52,905 [Thread-112] DEBUG org.activiti.engine.impl.interceptor.LogInterceptor  - --- AcquireAsyncJobsDueCmd finished --------------------------------------------------------
10:47:52,905 [Thread-112] DEBUG org.activiti.engine.impl.interceptor.LogInterceptor  - 

10:47:52,905 [Thread-112] DEBUG org.activiti.engine.impl.asyncexecutor.AcquireAsyncJobsDueRunnable  - async job acquisition thread sleeping for 50 millis
10:47:52,921 [Thread-105] DEBUG org.activiti.engine.impl.asyncexecutor.AcquireTimerJobsRunnable  - timer job acquisition thread woke up
10:47:52,921 [Thread-105] DEBUG org.activiti.engine.impl.interceptor.LogInterceptor  - 

10:47:52,921 [main] DEBUG org.activiti.engine.impl.interceptor.LogInterceptor  - 

10:47:52,921 [main] DEBUG org.activiti.engine.impl.interceptor.LogInterceptor  - --- starting JobQueryImpl --------------------------------------------------------
10:47:52,921 [Thread-111] DEBUG org.activiti.engine.impl.asyncexecutor.AcquireTimerJobsRunnable  - timer job acquisition thread woke up
10:47:52,921 [Thread-111] DEBUG org.activiti.engine.impl.interceptor.LogInterceptor  - 

10:47:52,921 [Thread-111] DEBUG org.activiti.engine.impl.interceptor.LogInterceptor  - --- starting AcquireTimerJobsCmd --------------------------------------------------------
10:47:52,921 [Thread-106] DEBUG org.activiti.engine.impl.asyncexecutor.AcquireAsyncJobsDueRunnable  - async job acquisition thread woke up
10:47:52,921 [Thread-106] DEBUG org.activiti.engine.impl.interceptor.LogInterceptor  - 

10:47:52,921 [Thread-106] DEBUG org.activiti.engine.impl.interceptor.LogInterceptor  - --- starting AcquireAsyncJobsDueCmd --------------------------------------------------------
10:47:52,921 [Thread-102] DEBUG org.activiti.engine.impl.asyncexecutor.AcquireTimerJobsRunnable  - timer job acquisition thread woke up
10:47:52,921 [Thread-102] DEBUG org.activiti.engine.impl.interceptor.LogInterceptor  - 

10:47:52,921 [Thread-102] DEBUG org.activiti.engine.impl.interceptor.LogInterceptor  - --- starting AcquireTimerJobsCmd --------------------------------------------------------
10:47:52,921 [Thread-103] DEBUG org.activiti.engine.impl.asyncexecutor.AcquireAsyncJobsDueRunnable  - async job acquisition thread woke up
10:47:52,921 [Thread-103] DEBUG org.activiti.engine.impl.interceptor.LogInterceptor  - 

10:47:52,921 [Thread-103] DEBUG org.activiti.engine.impl.interceptor.LogInterceptor  - --- starting AcquireAsyncJobsDueCmd --------------------------------------------------------
10:47:52,921 [Thread-103] DEBUG org.apache.ibatis.transaction.jdbc.JdbcTransaction  - Opening JDBC Connection
10:47:52,921 [Thread-103] DEBUG org.apache.ibatis.datasource.pooled.PooledDataSource  - Checked out connection 157985567 from pool.
10:47:52,921 [Thread-103] DEBUG org.apache.ibatis.transaction.jdbc.JdbcTransaction  - Setting autocommit to false on JDBC Connection [conn61: url=jdbc:h2:mem:activiti-AsyncExecutorTest user=SA]
10:47:52,921 [Thread-102] DEBUG org.apache.ibatis.transaction.jdbc.JdbcTransaction  - Opening JDBC Connection
10:47:52,921 [Thread-102] DEBUG org.apache.ibatis.datasource.pooled.PooledDataSource  - Checked out connection 33534803 from pool.
10:47:52,921 [Thread-106] DEBUG org.apache.ibatis.transaction.jdbc.JdbcTransaction  - Opening JDBC Connection
10:47:52,922 [Thread-106] DEBUG org.apache.ibatis.datasource.pooled.PooledDataSource  - Checked out connection 996762054 from pool.
10:47:52,922 [Thread-106] DEBUG org.apache.ibatis.transaction.jdbc.JdbcTransaction  - Setting autocommit to false on JDBC Connection [conn65: url=jdbc:h2:mem:activiti-AsyncExecutorTest user=SA]
10:47:52,922 [Thread-106] DEBUG org.activiti.engine.impl.persistence.entity.JobEntity.selectAsyncJobsDueToExecute  - ==&gt;  Preparing: select RES.* from ACT_RU_JOB RES LEFT OUTER JOIN ACT_RU_EXECUTION PI ON PI.ID_ = RES.PROCESS_INSTANCE_ID_ where RES.RETRIES_ &gt; 0 and RES.DUEDATE_ is not null and RES.DUEDATE_ &lt;= ? and (RES.LOCK_EXP_TIME_ is null or RES.LOCK_EXP_TIME_ &lt;= ?) and TYPE_ = &apos;message&apos; and ( (RES.EXECUTION_ID_ is null) or (PI.SUSPENSION_STATE_ = 1) ) LIMIT ? OFFSET ? 
10:47:52,921 [Thread-111] DEBUG org.apache.ibatis.transaction.jdbc.JdbcTransaction  - Opening JDBC Connection
10:47:52,922 [Thread-111] DEBUG org.apache.ibatis.datasource.pooled.PooledDataSource  - Checked out connection 58501658 from pool.
10:47:52,922 [Thread-111] DEBUG org.apache.ibatis.transaction.jdbc.JdbcTransaction  - Setting autocommit to false on JDBC Connection [conn68: url=jdbc:h2:mem:activiti-AsyncExecutorTest user=SA]
10:47:52,921 [main] DEBUG org.apache.ibatis.transaction.jdbc.JdbcTransaction  - Opening JDBC Connection
10:47:52,922 [main] DEBUG org.apache.ibatis.datasource.pooled.PooledDataSource  - Checked out connection 486346394 from pool.
10:47:52,922 [main] DEBUG org.apache.ibatis.transaction.jdbc.JdbcTransaction  - Setting autocommit to false on JDBC Connection [conn6: url=jdbc:h2:mem:activiti user=SA]
10:47:52,922 [main] DEBUG org.activiti.engine.impl.persistence.entity.JobEntity.selectJobByQueryCriteria  - ==&gt;  Preparing: select RES.* from ACT_RU_JOB RES order by order by RES.ID_ asc LIMIT ? OFFSET ? 
10:47:52,921 [Thread-105] DEBUG org.activiti.engine.impl.interceptor.LogInterceptor  - --- starting AcquireTimerJobsCmd --------------------------------------------------------
10:47:52,922 [Thread-111] DEBUG org.activiti.engine.impl.persistence.entity.JobEntity.selectNextTimerJobsToExecute  - ==&gt;  Preparing: select RES.* from ACT_RU_JOB RES LEFT OUTER JOIN ACT_RU_EXECUTION PI ON PI.ID_ = RES.PROCESS_INSTANCE_ID_ where (RES.RETRIES_ &gt; 0) and (RES.DUEDATE_ is null or RES.DUEDATE_ &lt;= ?) and (RES.LOCK_OWNER_ is null or RES.LOCK_EXP_TIME_ &lt;= ?) and TYPE_ = &apos;timer&apos; and ( (RES.EXECUTION_ID_ is null) or (PI.SUSPENSION_STATE_ = 1) ) LIMIT ? OFFSET ? 
10:47:52,922 [Thread-106] DEBUG org.activiti.engine.impl.persistence.entity.JobEntity.selectAsyncJobsDueToExecute  - ==&gt; Parameters: 2023-03-20 10:48:50.669(Timestamp), 2023-03-20 10:48:50.669(Timestamp), 1(Integer), 0(Integer)
10:47:52,921 [Thread-102] DEBUG org.apache.ibatis.transaction.jdbc.JdbcTransaction  - Setting autocommit to false on JDBC Connection [conn60: url=jdbc:h2:mem:activiti-AsyncExecutorTest user=SA]
10:47:52,921 [Thread-103] DEBUG org.activiti.engine.impl.persistence.entity.JobEntity.selectAsyncJobsDueToExecute  - ==&gt;  Preparing: select RES.* from ACT_RU_JOB RES LEFT OUTER JOIN ACT_RU_EXECUTION PI ON PI.ID_ = RES.PROCESS_INSTANCE_ID_ where RES.RETRIES_ &gt; 0 and RES.DUEDATE_ is not null and RES.DUEDATE_ &lt;= ? and (RES.LOCK_EXP_TIME_ is null or RES.LOCK_EXP_TIME_ &lt;= ?) and TYPE_ = &apos;message&apos; and ( (RES.EXECUTION_ID_ is null) or (PI.SUSPENSION_STATE_ = 1) ) LIMIT ? OFFSET ? 
10:47:52,922 [Thread-102] DEBUG org.activiti.engine.impl.persistence.entity.JobEntity.selectNextTimerJobsToExecute  - ==&gt;  Preparing: select RES.* from ACT_RU_JOB RES LEFT OUTER JOIN ACT_RU_EXECUTION PI ON PI.ID_ = RES.PROCESS_INSTANCE_ID_ where (RES.RETRIES_ &gt; 0) and (RES.DUEDATE_ is null or RES.DUEDATE_ &lt;= ?) and (RES.LOCK_OWNER_ is null or RES.LOCK_EXP_TIME_ &lt;= ?) and TYPE_ = &apos;timer&apos; and ( (RES.EXECUTION_ID_ is null) or (PI.SUSPENSION_STATE_ = 1) ) LIMIT ? OFFSET ? 
10:47:52,922 [Thread-106] DEBUG org.activiti.engine.impl.persistence.entity.JobEntity.selectAsyncJobsDueToExecute  - &lt;==      Total: 0
10:47:52,922 [main] DEBUG org.activiti.engine.impl.interceptor.CommandContext  - Error while closing command context
org.apache.ibatis.exceptions.PersistenceException: 
### Error querying database.  Cause: org.h2.jdbc.JdbcSQLException: Syntax error in SQL statement &quot;SELECT RES.* 
     
    FROM ACT_RU_JOB RES
     
      
   
     ORDER BY  ORDER[*] BY RES.ID_ ASC  
    LIMIT ? OFFSET ? &quot;; expected &quot;=, NOT, EXISTS, INTERSECTS, SELECT, FROM&quot;; SQL statement:
select RES.* 
     
    from ACT_RU_JOB RES
     
      
   
     order by  order by RES.ID_ asc  
    LIMIT ? OFFSET ? [42001-176]
### The error may exist in org/activiti/db/mapping/entity/Job.xml
### The error may involve org.activiti.engine.impl.persistence.entity.JobEntity.selectJobByQueryCriteria
### The error occurred while executing a query
### SQL: select RES.*            from ACT_RU_JOB RES                       order by  order by RES.ID_ asc       LIMIT ? OFFSET ?
### Cause: org.h2.jdbc.JdbcSQLException: Syntax error in SQL statement &quot;SELECT RES.* 
     
    FROM ACT_RU_JOB RES
     
      
   
     ORDER BY  ORDER[*] BY RES.ID_ ASC  
    LIMIT ? OFFSET ? &quot;; expected &quot;=, NOT, EXISTS, INTERSECTS, SELECT, FROM&quot;; SQL statement:
select RES.* 
     
    from ACT_RU_JOB RES
     
      
   
     order by  order by RES.ID_ asc  
    LIMIT ? OFFSET ? [42001-176]
	at org.apache.ibatis.exceptions.ExceptionFactory.wrapException(ExceptionFactory.java:30)
	at org.apache.ibatis.session.defaults.DefaultSqlSession.selectList(DefaultSqlSession.java:122)
	at org.apache.ibatis.session.defaults.DefaultSqlSession.selectList(DefaultSqlSession.java:113)
	at org.activiti.engine.impl.db.DbSqlSession.selectListWithRawParameter(DbSqlSession.java:438)
	at org.activiti.engine.impl.db.DbSqlSession.selectList(DbSqlSession.java:429)
	at org.activiti.engine.impl.db.DbSqlSession.selectList(DbSqlSession.java:419)
	at org.activiti.engine.impl.persistence.entity.JobEntityManager.findJobsByQueryCriteria(JobEntityManager.java:198)
	at org.activiti.engine.impl.JobQueryImpl.executeList(JobQueryImpl.java:243)
	at org.activiti.engine.impl.AbstractQuery.execute(AbstractQuery.java:164)
	at org.activiti.engine.impl.interceptor.CommandInvoker.execute(CommandInvoker.java:24)
	at org.activiti.engine.impl.interceptor.CommandContextInterceptor.execute(CommandContextInterceptor.java:57)
	at org.activiti.engine.impl.interceptor.LogInterceptor.execute(LogInterceptor.java:37)
	at org.activiti.engine.impl.cfg.CommandExecutorImpl.execute(CommandExecutorImpl.java:40)
	at org.activiti.engine.impl.cfg.CommandExecutorImpl.execute(CommandExecutorImpl.java:35)
	at org.activiti.engine.impl.AbstractQuery.list(AbstractQuery.java:138)
	at org.activiti.engine.impl.test.JobTestHelper.areJobsAvailable(JobTestHelper.java:194)
	at org.activiti.engine.impl.test.JobTestHelper.waitForJobExecutorToProcessAllJobs(JobTestHelper.java:74)
	at org.activiti.engine.impl.test.JobTestHelper.waitForJobExecutorToProcessAllJobs(JobTestHelper.java:47)
	at org.activiti.engine.impl.test.AbstractActivitiTestCase.waitForJobExecutorToProcessAllJobs(AbstractActivitiTestCase.java:204)
	at org.activiti.engine.test.jobexecutor.JobExecutorTest.testBasicJobExecutorOperation(JobExecutorTest.java:53)
	at sun.reflect.NativeMethodAccessorImpl.invoke0(Native Method)
	at sun.reflect.NativeMethodAccessorImpl.invoke(NativeMethodAccessorImpl.java:62)
	at sun.reflect.DelegatingMethodAccessorImpl.invoke(DelegatingMethodAccessorImpl.java:43)
	at java.lang.reflect.Method.invoke(Method.java:498)
	at junit.framework.TestCase.runTest(TestCase.java:176)
	at org.activiti.engine.impl.test.PvmTestCase.runTest(PvmTestCase.java:65)
	at junit.framework.TestCase.runBare(TestCase.java:141)
	at org.activiti.engine.impl.test.AbstractActivitiTestCase.runBare(AbstractActivitiTestCase.java:100)
	at junit.framework.TestResult$1.protect(TestResult.java:122)
	at junit.framework.TestResult.runProtected(TestResult.java:142)
	at junit.framework.TestResult.run(TestResult.java:125)
	at junit.framework.TestCase.run(TestCase.java:129)
	at junit.framework.TestSuite.runTest(TestSuite.java:255)
	at junit.framework.TestSuite.run(TestSuite.java:250)
	at org.junit.internal.runners.JUnit38ClassRunner.run(JUnit38ClassRunner.java:84)
	at org.apache.maven.surefire.junit4.JUnit4TestSet.execute(JUnit4TestSet.java:35)
	at org.apache.maven.surefire.junit4.JUnit4Provider.executeTestSet(JUnit4Provider.java:146)
	at org.apache.maven.surefire.junit4.JUnit4Provider.invoke(JUnit4Provider.java:97)
	at sun.reflect.NativeMethodAccessorImpl.invoke0(Native Method)
	at sun.reflect.NativeMethodAccessorImpl.invoke(NativeMethodAccessorImpl.java:62)
	at sun.reflect.DelegatingMethodAccessorImpl.invoke(DelegatingMethodAccessorImpl.java:43)
	at java.lang.reflect.Method.invoke(Method.java:498)
	at org.apache.maven.surefire.booter.ProviderFactory$ClassLoaderProxy.invoke(ProviderFactory.java:103)
	at com.sun.proxy.$Proxy0.invoke(Unknown Source)
	at org.apache.maven.surefire.booter.SurefireStarter.invokeProvider(SurefireStarter.java:145)
	at org.apache.maven.surefire.booter.SurefireStarter.runSuitesInProcess(SurefireStarter.java:87)
	at org.apache.maven.surefire.booter.ForkedBooter.main(ForkedBooter.java:69)
Caused by: org.h2.jdbc.JdbcSQLException: Syntax error in SQL statement &quot;SELECT RES.* 
     
    FROM ACT_RU_JOB RES
     
      
   
     ORDER BY  ORDER[*] BY RES.ID_ ASC  
    LIMIT ? OFFSET ? &quot;; expected &quot;=, NOT, EXISTS, INTERSECTS, SELECT, FROM&quot;; SQL statement:
select RES.* 
     
    from ACT_RU_JOB RES
     
      
   
     order by  order by RES.ID_ asc  
    LIMIT ? OFFSET ? [42001-176]
	at org.h2.message.DbException.getJdbcSQLException(DbException.java:344)
	at org.h2.message.DbException.getSyntaxError(DbException.java:204)
	at org.h2.command.Parser.getSyntaxError(Parser.java:524)
	at org.h2.command.Parser.readTerm(Parser.java:2688)
	at org.h2.command.Parser.readFactor(Parser.java:2244)
	at org.h2.command.Parser.readSum(Parser.java:2231)
	at org.h2.command.Parser.readConcat(Parser.java:2201)
	at org.h2.command.Parser.readCondition(Parser.java:2051)
	at org.h2.command.Parser.readAnd(Parser.java:2023)
	at org.h2.command.Parser.readExpression(Parser.java:2015)
	at org.h2.command.Parser.parseEndOfQuery(Parser.java:1726)
	at org.h2.command.Parser.parseSelectUnionExtension(Parser.java:1706)
	at org.h2.command.Parser.parseSelectUnion(Parser.java:1675)
	at org.h2.command.Parser.parseSelect(Parser.java:1662)
	at org.h2.command.Parser.parsePrepared(Parser.java:434)
	at org.h2.command.Parser.parse(Parser.java:306)
	at org.h2.command.Parser.parse(Parser.java:282)
	at org.h2.command.Parser.prepareCommand(Parser.java:243)
	at org.h2.engine.Session.prepareLocal(Session.java:442)
	at org.h2.engine.Session.prepareCommand(Session.java:384)
	at org.h2.jdbc.JdbcConnection.prepareCommand(JdbcConnection.java:1188)
	at org.h2.jdbc.JdbcPreparedStatement.&lt;init&gt;(JdbcPreparedStatement.java:73)
	at org.h2.jdbc.JdbcConnection.prepareStatement(JdbcConnection.java:276)
	at sun.reflect.GeneratedMethodAccessor6.invoke(Unknown Source)
	at sun.reflect.DelegatingMethodAccessorImpl.invoke(DelegatingMethodAccessorImpl.java:43)
	at java.lang.reflect.Method.invoke(Method.java:498)
	at org.apache.ibatis.datasource.pooled.PooledConnection.invoke(PooledConnection.java:245)
	at com.sun.proxy.$Proxy12.prepareStatement(Unknown Source)
	at sun.reflect.GeneratedMethodAccessor6.invoke(Unknown Source)
	at sun.reflect.DelegatingMethodAccessorImpl.invoke(DelegatingMethodAccessorImpl.java:43)
	at java.lang.reflect.Method.invoke(Method.java:498)
	at org.apache.ibatis.logging.jdbc.ConnectionLogger.invoke(ConnectionLogger.java:55)
	at com.sun.proxy.$Proxy12.prepareStatement(Unknown Source)
	at org.apache.ibatis.executor.statement.PreparedStatementHandler.instantiateStatement(PreparedStatementHandler.java:79)
	at org.apache.ibatis.executor.statement.BaseStatementHandler.prepare(BaseStatementHandler.java:88)
	at org.apache.ibatis.executor.statement.RoutingStatementHandler.prepare(RoutingStatementHandler.java:58)
	at org.apache.ibatis.executor.SimpleExecutor.prepareStatement(SimpleExecutor.java:76)
	at org.apache.ibatis.executor.SimpleExecutor.doQuery(SimpleExecutor.java:61)
	at org.apache.ibatis.executor.BaseExecutor.queryFromDatabase(BaseExecutor.java:303)
	at org.apache.ibatis.executor.BaseExecutor.query(BaseExecutor.java:154)
	at org.apache.ibatis.executor.CachingExecutor.query(CachingExecutor.java:102)
	at org.apache.ibatis.executor.CachingExecutor.query(CachingExecutor.java:82)
	at org.apache.ibatis.session.defaults.DefaultSqlSession.selectList(DefaultSqlSession.java:120)
	... 45 more
10:47:52,923 [main] DEBUG org.activiti.engine.impl.cfg.standalone.StandaloneMybatisTransactionContext  - firing event rolling back...
10:47:52,923 [main] DEBUG org.activiti.engine.impl.cfg.standalone.StandaloneMybatisTransactionContext  - rolling back ibatis sql session...
10:47:52,923 [main] DEBUG org.activiti.engine.impl.cfg.standalone.StandaloneMybatisTransactionContext  - firing event rolled back...
10:47:52,923 [main] DEBUG org.apache.ibatis.transaction.jdbc.JdbcTransaction  - Resetting autocommit to true on JDBC Connection [conn6: url=jdbc:h2:mem:activiti user=SA]
10:47:52,923 [main] DEBUG org.apache.ibatis.transaction.jdbc.JdbcTransaction  - Closing JDBC Connection [conn6: url=jdbc:h2:mem:activiti user=SA]
10:47:52,923 [main] DEBUG org.apache.ibatis.datasource.pooled.PooledDataSource  - Returned connection 486346394 to pool.
10:47:52,923 [main] DEBUG org.activiti.engine.impl.interceptor.LogInterceptor  - --- JobQueryImpl finished --------------------------------------------------------
10:47:52,923 [main] DEBUG org.activiti.engine.impl.interceptor.LogInterceptor  - 

10:47:52,922 [Thread-111] DEBUG org.activiti.engine.impl.persistence.entity.JobEntity.selectNextTimerJobsToExecute  - ==&gt; Parameters: 2023-03-20 10:48:50.669(Timestamp), 2023-03-20 10:48:50.669(Timestamp), 1(Integer), 0(Integer)
10:47:52,922 [Thread-105] DEBUG org.apache.ibatis.transaction.jdbc.JdbcTransaction  - Opening JDBC Connection
10:47:52,923 [Thread-105] DEBUG org.apache.ibatis.datasource.pooled.PooledDataSource  - Checked out connection 1970103261 from pool.
10:47:52,923 [Thread-105] DEBUG org.apache.ibatis.transaction.jdbc.JdbcTransaction  - Setting autocommit to false on JDBC Connection [conn63: url=jdbc:h2:mem:activiti-AsyncExecutorTest user=SA]
10:47:52,923 [Thread-111] DEBUG org.activiti.engine.impl.persistence.entity.JobEntity.selectNextTimerJobsToExecute  - &lt;==      Total: 0
10:47:52,922 [Thread-106] DEBUG org.activiti.engine.impl.db.DbSqlSession  - flush summary: 0 insert, 0 update, 0 delete.
10:47:52,923 [Thread-106] DEBUG org.activiti.engine.impl.db.DbSqlSession  - now executing flush...
10:47:52,923 [Thread-106] DEBUG org.activiti.engine.impl.cfg.standalone.StandaloneMybatisTransactionContext  - firing event committing...
10:47:52,923 [Thread-106] DEBUG org.activiti.engine.impl.cfg.standalone.StandaloneMybatisTransactionContext  - committing the ibatis sql session...
10:47:52,923 [Thread-106] DEBUG org.activiti.engine.impl.cfg.standalone.StandaloneMybatisTransactionContext  - firing event committed...
10:47:52,923 [Thread-106] DEBUG org.apache.ibatis.transaction.jdbc.JdbcTransaction  - Resetting autocommit to true on JDBC Connection [conn65: url=jdbc:h2:mem:activiti-AsyncExecutorTest user=SA]
10:47:52,923 [Thread-106] DEBUG org.apache.ibatis.transaction.jdbc.JdbcTransaction  - Closing JDBC Connection [conn65: url=jdbc:h2:mem:activiti-AsyncExecutorTest user=SA]
10:47:52,923 [Thread-106] DEBUG org.apache.ibatis.datasource.pooled.PooledDataSource  - Returned connection 996762054 to pool.
10:47:52,923 [Thread-106] DEBUG org.activiti.engine.impl.interceptor.LogInterceptor  - --- AcquireAsyncJobsDueCmd finished --------------------------------------------------------
10:47:52,923 [Thread-106] DEBUG org.activiti.engine.impl.interceptor.LogInterceptor  - 

10:47:52,922 [Thread-102] DEBUG org.activiti.engine.impl.persistence.entity.JobEntity.selectNextTimerJobsToExecute  - ==&gt; Parameters: 2023-03-20 10:48:50.669(Timestamp), 2023-03-20 10:48:50.669(Timestamp), 1(Integer), 0(Integer)
10:47:52,922 [Thread-103] DEBUG org.activiti.engine.impl.persistence.entity.JobEntity.selectAsyncJobsDueToExecute  - ==&gt; Parameters: 2023-03-20 10:48:50.669(Timestamp), 2023-03-20 10:48:50.669(Timestamp), 1(Integer), 0(Integer)
10:47:52,923 [Thread-102] DEBUG org.activiti.engine.impl.persistence.entity.JobEntity.selectNextTimerJobsToExecute  - &lt;==      Total: 0
10:47:52,923 [Thread-106] DEBUG org.activiti.engine.impl.asyncexecutor.AcquireAsyncJobsDueRunnable  - async job acquisition thread sleeping for 50 millis
10:47:52,923 [Thread-111] DEBUG org.activiti.engine.impl.db.DbSqlSession  - flush summary: 0 insert, 0 update, 0 delete.
10:47:52,923 [Thread-111] DEBUG org.activiti.engine.impl.db.DbSqlSession  - now executing flush...
10:47:52,923 [Thread-111] DEBUG org.activiti.engine.impl.cfg.standalone.StandaloneMybatisTransactionContext  - firing event committing...
10:47:52,923 [Thread-111] DEBUG org.activiti.engine.impl.cfg.standalone.StandaloneMybatisTransactionContext  - committing the ibatis sql session...
10:47:52,923 [Thread-111] DEBUG org.activiti.engine.impl.cfg.standalone.StandaloneMybatisTransactionContext  - firing event committed...
10:47:52,923 [Thread-111] DEBUG org.apache.ibatis.transaction.jdbc.JdbcTransaction  - Resetting autocommit to true on JDBC Connection [conn68: url=jdbc:h2:mem:activiti-AsyncExecutorTest user=SA]
10:47:52,924 [Thread-111] DEBUG org.apache.ibatis.transaction.jdbc.JdbcTransaction  - Closing JDBC Connection [conn68: url=jdbc:h2:mem:activiti-AsyncExecutorTest user=SA]
10:47:52,924 [Thread-111] DEBUG org.apache.ibatis.datasource.pooled.PooledDataSource  - Returned connection 58501658 to pool.
10:47:52,924 [Thread-111] DEBUG org.activiti.engine.impl.interceptor.LogInterceptor  - --- AcquireTimerJobsCmd finished --------------------------------------------------------
10:47:52,924 [Thread-111] DEBUG org.activiti.engine.impl.interceptor.LogInterceptor  - 

10:47:52,923 [Thread-105] DEBUG org.activiti.engine.impl.persistence.entity.JobEntity.selectNextTimerJobsToExecute  - ==&gt;  Preparing: select RES.* from ACT_RU_JOB RES LEFT OUTER JOIN ACT_RU_EXECUTION PI ON PI.ID_ = RES.PROCESS_INSTANCE_ID_ where (RES.RETRIES_ &gt; 0) and (RES.DUEDATE_ is null or RES.DUEDATE_ &lt;= ?) and (RES.LOCK_OWNER_ is null or RES.LOCK_EXP_TIME_ &lt;= ?) and TYPE_ = &apos;timer&apos; and ( (RES.EXECUTION_ID_ is null) or (PI.SUSPENSION_STATE_ = 1) ) LIMIT ? OFFSET ? 
10:47:52,924 [Thread-111] DEBUG org.activiti.engine.impl.asyncexecutor.AcquireTimerJobsRunnable  - timer job acquisition thread sleeping for 50 millis
10:47:52,923 [Thread-102] DEBUG org.activiti.engine.impl.db.DbSqlSession  - flush summary: 0 insert, 0 update, 0 delete.
10:47:52,924 [Thread-102] DEBUG org.activiti.engine.impl.db.DbSqlSession  - now executing flush...
10:47:52,924 [Thread-102] DEBUG org.activiti.engine.impl.cfg.standalone.StandaloneMybatisTransactionContext  - firing event committing...
10:47:52,924 [Thread-102] DEBUG org.activiti.engine.impl.cfg.standalone.StandaloneMybatisTransactionContext  - committing the ibatis sql session...
10:47:52,924 [Thread-102] DEBUG org.activiti.engine.impl.cfg.standalone.StandaloneMybatisTransactionContext  - firing event committed...
10:47:52,924 [Thread-102] DEBUG org.apache.ibatis.transaction.jdbc.JdbcTransaction  - Resetting autocommit to true on JDBC Connection [conn60: url=jdbc:h2:mem:activiti-AsyncExecutorTest user=SA]
10:47:52,924 [Thread-102] DEBUG org.apache.ibatis.transaction.jdbc.JdbcTransaction  - Closing JDBC Connection [conn60: url=jdbc:h2:mem:activiti-AsyncExecutorTest user=SA]
10:47:52,924 [Thread-102] DEBUG org.apache.ibatis.datasource.pooled.PooledDataSource  - Returned connection 33534803 to pool.
10:47:52,924 [Thread-102] DEBUG org.activiti.engine.impl.interceptor.LogInterceptor  - --- AcquireTimerJobsCmd finished --------------------------------------------------------
10:47:52,924 [Thread-102] DEBUG org.activiti.engine.impl.interceptor.LogInterceptor  - 

10:47:52,924 [Thread-102] DEBUG org.activiti.engine.impl.asyncexecutor.AcquireTimerJobsRunnable  - timer job acquisition thread sleeping for 50 millis
10:47:52,923 [Thread-103] DEBUG org.activiti.engine.impl.persistence.entity.JobEntity.selectAsyncJobsDueToExecute  - &lt;==      Total: 0
10:47:52,924 [Thread-103] DEBUG org.activiti.engine.impl.db.DbSqlSession  - flush summary: 0 insert, 0 update, 0 delete.
10:47:52,924 [Thread-103] DEBUG org.activiti.engine.impl.db.DbSqlSession  - now executing flush...
10:47:52,924 [Thread-103] DEBUG org.activiti.engine.impl.cfg.standalone.StandaloneMybatisTransactionContext  - firing event committing...
10:47:52,924 [Thread-103] DEBUG org.activiti.engine.impl.cfg.standalone.StandaloneMybatisTransactionContext  - committing the ibatis sql session...
10:47:52,924 [Thread-103] DEBUG org.activiti.engine.impl.cfg.standalone.StandaloneMybatisTransactionContext  - firing event committed...
10:47:52,924 [Thread-103] DEBUG org.apache.ibatis.transaction.jdbc.JdbcTransaction  - Resetting autocommit to true on JDBC Connection [conn61: url=jdbc:h2:mem:activiti-AsyncExecutorTest user=SA]
10:47:52,924 [Thread-103] DEBUG org.apache.ibatis.transaction.jdbc.JdbcTransaction  - Closing JDBC Connection [conn61: url=jdbc:h2:mem:activiti-AsyncExecutorTest user=SA]
10:47:52,924 [Thread-103] DEBUG org.apache.ibatis.datasource.pooled.PooledDataSource  - Returned connection 157985567 to pool.
10:47:52,924 [Thread-103] DEBUG org.activiti.engine.impl.interceptor.LogInterceptor  - --- AcquireAsyncJobsDueCmd finished --------------------------------------------------------
10:47:52,924 [Thread-103] DEBUG org.activiti.engine.impl.interceptor.LogInterceptor  - 

10:47:52,924 [Thread-103] DEBUG org.activiti.engine.impl.asyncexecutor.AcquireAsyncJobsDueRunnable  - async job acquisition thread sleeping for 50 millis
10:47:52,924 [Thread-105] DEBUG org.activiti.engine.impl.persistence.entity.JobEntity.selectNextTimerJobsToExecute  - ==&gt; Parameters: 2023-03-20 10:48:50.669(Timestamp), 2023-03-20 10:48:50.669(Timestamp), 1(Integer), 0(Integer)
10:47:52,924 [Thread-105] DEBUG org.activiti.engine.impl.persistence.entity.JobEntity.selectNextTimerJobsToExecute  - &lt;==      Total: 0
10:47:52,924 [Thread-105] DEBUG org.activiti.engine.impl.db.DbSqlSession  - flush summary: 0 insert, 0 update, 0 delete.
10:47:52,924 [Thread-105] DEBUG org.activiti.engine.impl.db.DbSqlSession  - now executing flush...
10:47:52,924 [Thread-105] DEBUG org.activiti.engine.impl.cfg.standalone.StandaloneMybatisTransactionContext  - firing event committing...
10:47:52,924 [Thread-105] DEBUG org.activiti.engine.impl.cfg.standalone.StandaloneMybatisTransactionContext  - committing the ibatis sql session...
10:47:52,924 [Thread-105] DEBUG org.activiti.engine.impl.cfg.standalone.StandaloneMybatisTransactionContext  - firing event committed...
10:47:52,924 [Thread-105] DEBUG org.apache.ibatis.transaction.jdbc.JdbcTransaction  - Resetting autocommit to true on JDBC Connection [conn63: url=jdbc:h2:mem:activiti-AsyncExecutorTest user=SA]
10:47:52,924 [Thread-105] DEBUG org.apache.ibatis.transaction.jdbc.JdbcTransaction  - Closing JDBC Connection [conn63: url=jdbc:h2:mem:activiti-AsyncExecutorTest user=SA]
10:47:52,924 [Thread-105] DEBUG org.apache.ibatis.datasource.pooled.PooledDataSource  - Returned connection 1970103261 to pool.
10:47:52,924 [Thread-105] DEBUG org.activiti.engine.impl.interceptor.LogInterceptor  - --- AcquireTimerJobsCmd finished --------------------------------------------------------
10:47:52,924 [Thread-105] DEBUG org.activiti.engine.impl.interceptor.LogInterceptor  - 

10:47:52,924 [Thread-105] DEBUG org.activiti.engine.impl.asyncexecutor.AcquireTimerJobsRunnable  - timer job acquisition thread sleeping for 50 millis
10:47:52,969 [Thread-112] DEBUG org.activiti.engine.impl.asyncexecutor.AcquireAsyncJobsDueRunnable  - async job acquisition thread woke up
10:47:52,969 [Thread-112] DEBUG org.activiti.engine.impl.interceptor.LogInterceptor  - 

10:47:52,969 [Thread-112] DEBUG org.activiti.engine.impl.interceptor.LogInterceptor  - --- starting AcquireAsyncJobsDueCmd --------------------------------------------------------
10:47:52,969 [Thread-112] DEBUG org.apache.ibatis.transaction.jdbc.JdbcTransaction  - Opening JDBC Connection
10:47:52,969 [Thread-112] DEBUG org.apache.ibatis.datasource.pooled.PooledDataSource  - Checked out connection 1863805930 from pool.
10:47:52,969 [Thread-112] DEBUG org.apache.ibatis.transaction.jdbc.JdbcTransaction  - Setting autocommit to false on JDBC Connection [conn69: url=jdbc:h2:mem:activiti-AsyncExecutorTest user=SA]
10:47:52,969 [Thread-112] DEBUG org.activiti.engine.impl.persistence.entity.JobEntity.selectAsyncJobsDueToExecute  - ==&gt;  Preparing: select RES.* from ACT_RU_JOB RES LEFT OUTER JOIN ACT_RU_EXECUTION PI ON PI.ID_ = RES.PROCESS_INSTANCE_ID_ where RES.RETRIES_ &gt; 0 and RES.DUEDATE_ is not null and RES.DUEDATE_ &lt;= ? and (RES.LOCK_EXP_TIME_ is null or RES.LOCK_EXP_TIME_ &lt;= ?) and TYPE_ = &apos;message&apos; and ( (RES.EXECUTION_ID_ is null) or (PI.SUSPENSION_STATE_ = 1) ) LIMIT ? OFFSET ? 
10:47:52,969 [Thread-112] DEBUG org.activiti.engine.impl.persistence.entity.JobEntity.selectAsyncJobsDueToExecute  - ==&gt; Parameters: 2023-03-20 10:48:50.669(Timestamp), 2023-03-20 10:48:50.669(Timestamp), 1(Integer), 0(Integer)
10:47:52,969 [Thread-112] DEBUG org.activiti.engine.impl.persistence.entity.JobEntity.selectAsyncJobsDueToExecute  - &lt;==      Total: 0
10:47:52,969 [Thread-112] DEBUG org.activiti.engine.impl.db.DbSqlSession  - flush summary: 0 insert, 0 update, 0 delete.
10:47:52,969 [Thread-112] DEBUG org.activiti.engine.impl.db.DbSqlSession  - now executing flush...
10:47:52,969 [Thread-112] DEBUG org.activiti.engine.impl.cfg.standalone.StandaloneMybatisTransactionContext  - firing event committing...
10:47:52,969 [Thread-112] DEBUG org.activiti.engine.impl.cfg.standalone.StandaloneMybatisTransactionContext  - committing the ibatis sql session...
10:47:52,969 [Thread-112] DEBUG org.activiti.engine.impl.cfg.standalone.StandaloneMybatisTransactionContext  - firing event committed...
10:47:52,969 [Thread-112] DEBUG org.apache.ibatis.transaction.jdbc.JdbcTransaction  - Resetting autocommit to true on JDBC Connection [conn69: url=jdbc:h2:mem:activiti-AsyncExecutorTest user=SA]
10:47:52,969 [Thread-112] DEBUG org.apache.ibatis.transaction.jdbc.JdbcTransaction  - Closing JDBC Connection [conn69: url=jdbc:h2:mem:activiti-AsyncExecutorTest user=SA]
10:47:52,969 [Thread-112] DEBUG org.apache.ibatis.datasource.pooled.PooledDataSource  - Returned connection 1863805930 to pool.
10:47:52,969 [Thread-112] DEBUG org.activiti.engine.impl.interceptor.LogInterceptor  - --- AcquireAsyncJobsDueCmd finished --------------------------------------------------------
10:47:52,969 [Thread-112] DEBUG org.activiti.engine.impl.interceptor.LogInterceptor  - 

10:47:52,969 [Thread-112] DEBUG org.activiti.engine.impl.asyncexecutor.AcquireAsyncJobsDueRunnable  - async job acquisition thread sleeping for 50 millis
10:47:52,985 [Thread-111] DEBUG org.activiti.engine.impl.asyncexecutor.AcquireTimerJobsRunnable  - timer job acquisition thread woke up
10:47:52,985 [Thread-111] DEBUG org.activiti.engine.impl.interceptor.LogInterceptor  - 

10:47:52,985 [Thread-111] DEBUG org.activiti.engine.impl.interceptor.LogInterceptor  - --- starting AcquireTimerJobsCmd --------------------------------------------------------
10:47:52,985 [Thread-111] DEBUG org.apache.ibatis.transaction.jdbc.JdbcTransaction  - Opening JDBC Connection
10:47:52,985 [Thread-111] DEBUG org.apache.ibatis.datasource.pooled.PooledDataSource  - Checked out connection 604408605 from pool.
10:47:52,985 [Thread-111] DEBUG org.apache.ibatis.transaction.jdbc.JdbcTransaction  - Setting autocommit to false on JDBC Connection [conn70: url=jdbc:h2:mem:activiti-AsyncExecutorTest user=SA]
10:47:52,985 [Thread-111] DEBUG org.activiti.engine.impl.persistence.entity.JobEntity.selectNextTimerJobsToExecute  - ==&gt;  Preparing: select RES.* from ACT_RU_JOB RES LEFT OUTER JOIN ACT_RU_EXECUTION PI ON PI.ID_ = RES.PROCESS_INSTANCE_ID_ where (RES.RETRIES_ &gt; 0) and (RES.DUEDATE_ is null or RES.DUEDATE_ &lt;= ?) and (RES.LOCK_OWNER_ is null or RES.LOCK_EXP_TIME_ &lt;= ?) and TYPE_ = &apos;timer&apos; and ( (RES.EXECUTION_ID_ is null) or (PI.SUSPENSION_STATE_ = 1) ) LIMIT ? OFFSET ? 
10:47:52,985 [Thread-105] DEBUG org.activiti.engine.impl.asyncexecutor.AcquireTimerJobsRunnable  - timer job acquisition thread woke up
10:47:52,985 [Thread-105] DEBUG org.activiti.engine.impl.interceptor.LogInterceptor  - 

10:47:52,985 [Thread-105] DEBUG org.activiti.engine.impl.interceptor.LogInterceptor  - --- starting AcquireTimerJobsCmd --------------------------------------------------------
10:47:52,985 [Thread-102] DEBUG org.activiti.engine.impl.asyncexecutor.AcquireTimerJobsRunnable  - timer job acquisition thread woke up
10:47:52,985 [Thread-102] DEBUG org.activiti.engine.impl.interceptor.LogInterceptor  - 

10:47:52,985 [Thread-102] DEBUG org.activiti.engine.impl.interceptor.LogInterceptor  - --- starting AcquireTimerJobsCmd --------------------------------------------------------
10:47:52,985 [Thread-103] DEBUG org.activiti.engine.impl.asyncexecutor.AcquireAsyncJobsDueRunnable  - async job acquisition thread woke up
10:47:52,985 [Thread-103] DEBUG org.activiti.engine.impl.interceptor.LogInterceptor  - 

10:47:52,985 [Thread-103] DEBUG org.activiti.engine.impl.interceptor.LogInterceptor  - --- starting AcquireAsyncJobsDueCmd --------------------------------------------------------
10:47:52,985 [Thread-106] DEBUG org.activiti.engine.impl.asyncexecutor.AcquireAsyncJobsDueRunnable  - async job acquisition thread woke up
10:47:52,985 [Thread-106] DEBUG org.activiti.engine.impl.interceptor.LogInterceptor  - 

10:47:52,985 [Thread-106] DEBUG org.activiti.engine.impl.interceptor.LogInterceptor  - --- starting AcquireAsyncJobsDueCmd --------------------------------------------------------
10:47:52,985 [Thread-103] DEBUG org.apache.ibatis.transaction.jdbc.JdbcTransaction  - Opening JDBC Connection
10:47:52,986 [Thread-103] DEBUG org.apache.ibatis.datasource.pooled.PooledDataSource  - Checked out connection 720039383 from pool.
10:47:52,986 [Thread-103] DEBUG org.apache.ibatis.transaction.jdbc.JdbcTransaction  - Setting autocommit to false on JDBC Connection [conn59: url=jdbc:h2:mem:activiti-AsyncExecutorTest user=SA]
10:47:52,986 [Thread-103] DEBUG org.activiti.engine.impl.persistence.entity.JobEntity.selectAsyncJobsDueToExecute  - ==&gt;  Preparing: select RES.* from ACT_RU_JOB RES LEFT OUTER JOIN ACT_RU_EXECUTION PI ON PI.ID_ = RES.PROCESS_INSTANCE_ID_ where RES.RETRIES_ &gt; 0 and RES.DUEDATE_ is not null and RES.DUEDATE_ &lt;= ? and (RES.LOCK_EXP_TIME_ is null or RES.LOCK_EXP_TIME_ &lt;= ?) and TYPE_ = &apos;message&apos; and ( (RES.EXECUTION_ID_ is null) or (PI.SUSPENSION_STATE_ = 1) ) LIMIT ? OFFSET ? 
10:47:52,986 [Thread-103] DEBUG org.activiti.engine.impl.persistence.entity.JobEntity.selectAsyncJobsDueToExecute  - ==&gt; Parameters: 2023-03-20 10:48:50.669(Timestamp), 2023-03-20 10:48:50.669(Timestamp), 1(Integer), 0(Integer)
10:47:52,986 [Thread-103] DEBUG org.activiti.engine.impl.persistence.entity.JobEntity.selectAsyncJobsDueToExecute  - &lt;==      Total: 0
10:47:52,985 [Thread-102] DEBUG org.apache.ibatis.transaction.jdbc.JdbcTransaction  - Opening JDBC Connection
10:47:52,986 [Thread-102] DEBUG org.apache.ibatis.datasource.pooled.PooledDataSource  - Checked out connection 33534803 from pool.
10:47:52,986 [Thread-102] DEBUG org.apache.ibatis.transaction.jdbc.JdbcTransaction  - Setting autocommit to false on JDBC Connection [conn60: url=jdbc:h2:mem:activiti-AsyncExecutorTest user=SA]
10:47:52,986 [Thread-102] DEBUG org.activiti.engine.impl.persistence.entity.JobEntity.selectNextTimerJobsToExecute  - ==&gt;  Preparing: select RES.* from ACT_RU_JOB RES LEFT OUTER JOIN ACT_RU_EXECUTION PI ON PI.ID_ = RES.PROCESS_INSTANCE_ID_ where (RES.RETRIES_ &gt; 0) and (RES.DUEDATE_ is null or RES.DUEDATE_ &lt;= ?) and (RES.LOCK_OWNER_ is null or RES.LOCK_EXP_TIME_ &lt;= ?) and TYPE_ = &apos;timer&apos; and ( (RES.EXECUTION_ID_ is null) or (PI.SUSPENSION_STATE_ = 1) ) LIMIT ? OFFSET ? 
10:47:52,986 [Thread-102] DEBUG org.activiti.engine.impl.persistence.entity.JobEntity.selectNextTimerJobsToExecute  - ==&gt; Parameters: 2023-03-20 10:48:50.669(Timestamp), 2023-03-20 10:48:50.669(Timestamp), 1(Integer), 0(Integer)
10:47:52,985 [Thread-105] DEBUG org.apache.ibatis.transaction.jdbc.JdbcTransaction  - Opening JDBC Connection
10:47:52,986 [Thread-105] DEBUG org.apache.ibatis.datasource.pooled.PooledDataSource  - Checked out connection 54468349 from pool.
10:47:52,986 [Thread-105] DEBUG org.apache.ibatis.transaction.jdbc.JdbcTransaction  - Setting autocommit to false on JDBC Connection [conn64: url=jdbc:h2:mem:activiti-AsyncExecutorTest user=SA]
10:47:52,986 [Thread-105] DEBUG org.activiti.engine.impl.persistence.entity.JobEntity.selectNextTimerJobsToExecute  - ==&gt;  Preparing: select RES.* from ACT_RU_JOB RES LEFT OUTER JOIN ACT_RU_EXECUTION PI ON PI.ID_ = RES.PROCESS_INSTANCE_ID_ where (RES.RETRIES_ &gt; 0) and (RES.DUEDATE_ is null or RES.DUEDATE_ &lt;= ?) and (RES.LOCK_OWNER_ is null or RES.LOCK_EXP_TIME_ &lt;= ?) and TYPE_ = &apos;timer&apos; and ( (RES.EXECUTION_ID_ is null) or (PI.SUSPENSION_STATE_ = 1) ) LIMIT ? OFFSET ? 
10:47:52,985 [Thread-111] DEBUG org.activiti.engine.impl.persistence.entity.JobEntity.selectNextTimerJobsToExecute  - ==&gt; Parameters: 2023-03-20 10:48:50.669(Timestamp), 2023-03-20 10:48:50.669(Timestamp), 1(Integer), 0(Integer)
10:47:52,986 [Thread-105] DEBUG org.activiti.engine.impl.persistence.entity.JobEntity.selectNextTimerJobsToExecute  - ==&gt; Parameters: 2023-03-20 10:48:50.669(Timestamp), 2023-03-20 10:48:50.669(Timestamp), 1(Integer), 0(Integer)
10:47:52,986 [Thread-102] DEBUG org.activiti.engine.impl.persistence.entity.JobEntity.selectNextTimerJobsToExecute  - &lt;==      Total: 0
10:47:52,986 [Thread-102] DEBUG org.activiti.engine.impl.db.DbSqlSession  - flush summary: 0 insert, 0 update, 0 delete.
10:47:52,986 [Thread-102] DEBUG org.activiti.engine.impl.db.DbSqlSession  - now executing flush...
10:47:52,986 [Thread-102] DEBUG org.activiti.engine.impl.cfg.standalone.StandaloneMybatisTransactionContext  - firing event committing...
10:47:52,986 [Thread-102] DEBUG org.activiti.engine.impl.cfg.standalone.StandaloneMybatisTransactionContext  - committing the ibatis sql session...
10:47:52,986 [Thread-102] DEBUG org.activiti.engine.impl.cfg.standalone.StandaloneMybatisTransactionContext  - firing event committed...
10:47:52,986 [Thread-102] DEBUG org.apache.ibatis.transaction.jdbc.JdbcTransaction  - Resetting autocommit to true on JDBC Connection [conn60: url=jdbc:h2:mem:activiti-AsyncExecutorTest user=SA]
10:47:52,986 [Thread-102] DEBUG org.apache.ibatis.transaction.jdbc.JdbcTransaction  - Closing JDBC Connection [conn60: url=jdbc:h2:mem:activiti-AsyncExecutorTest user=SA]
10:47:52,986 [Thread-103] DEBUG org.activiti.engine.impl.db.DbSqlSession  - flush summary: 0 insert, 0 update, 0 delete.
10:47:52,986 [Thread-103] DEBUG org.activiti.engine.impl.db.DbSqlSession  - now executing flush...
10:47:52,986 [Thread-103] DEBUG org.activiti.engine.impl.cfg.standalone.StandaloneMybatisTransactionContext  - firing event committing...
10:47:52,986 [Thread-103] DEBUG org.activiti.engine.impl.cfg.standalone.StandaloneMybatisTransactionContext  - committing the ibatis sql session...
10:47:52,985 [Thread-106] DEBUG org.apache.ibatis.transaction.jdbc.JdbcTransaction  - Opening JDBC Connection
10:47:52,986 [Thread-106] DEBUG org.apache.ibatis.datasource.pooled.PooledDataSource  - Checked out connection 996762054 from pool.
10:47:52,987 [Thread-106] DEBUG org.apache.ibatis.transaction.jdbc.JdbcTransaction  - Setting autocommit to false on JDBC Connection [conn65: url=jdbc:h2:mem:activiti-AsyncExecutorTest user=SA]
10:47:52,987 [Thread-106] DEBUG org.activiti.engine.impl.persistence.entity.JobEntity.selectAsyncJobsDueToExecute  - ==&gt;  Preparing: select RES.* from ACT_RU_JOB RES LEFT OUTER JOIN ACT_RU_EXECUTION PI ON PI.ID_ = RES.PROCESS_INSTANCE_ID_ where RES.RETRIES_ &gt; 0 and RES.DUEDATE_ is not null and RES.DUEDATE_ &lt;= ? and (RES.LOCK_EXP_TIME_ is null or RES.LOCK_EXP_TIME_ &lt;= ?) and TYPE_ = &apos;message&apos; and ( (RES.EXECUTION_ID_ is null) or (PI.SUSPENSION_STATE_ = 1) ) LIMIT ? OFFSET ? 
10:47:52,987 [Thread-106] DEBUG org.activiti.engine.impl.persistence.entity.JobEntity.selectAsyncJobsDueToExecute  - ==&gt; Parameters: 2023-03-20 10:48:50.669(Timestamp), 2023-03-20 10:48:50.669(Timestamp), 1(Integer), 0(Integer)
10:47:52,987 [Thread-106] DEBUG org.activiti.engine.impl.persistence.entity.JobEntity.selectAsyncJobsDueToExecute  - &lt;==      Total: 0
10:47:52,987 [Thread-106] DEBUG org.activiti.engine.impl.db.DbSqlSession  - flush summary: 0 insert, 0 update, 0 delete.
10:47:52,987 [Thread-106] DEBUG org.activiti.engine.impl.db.DbSqlSession  - now executing flush...
10:47:52,987 [Thread-106] DEBUG org.activiti.engine.impl.cfg.standalone.StandaloneMybatisTransactionContext  - firing event committing...
10:47:52,987 [Thread-106] DEBUG org.activiti.engine.impl.cfg.standalone.StandaloneMybatisTransactionContext  - committing the ibatis sql session...
10:47:52,987 [Thread-106] DEBUG org.activiti.engine.impl.cfg.standalone.StandaloneMybatisTransactionContext  - firing event committed...
10:47:52,987 [Thread-106] DEBUG org.apache.ibatis.transaction.jdbc.JdbcTransaction  - Resetting autocommit to true on JDBC Connection [conn65: url=jdbc:h2:mem:activiti-AsyncExecutorTest user=SA]
10:47:52,987 [Thread-106] DEBUG org.apache.ibatis.transaction.jdbc.JdbcTransaction  - Closing JDBC Connection [conn65: url=jdbc:h2:mem:activiti-AsyncExecutorTest user=SA]
10:47:52,987 [Thread-106] DEBUG org.apache.ibatis.datasource.pooled.PooledDataSource  - Returned connection 996762054 to pool.
10:47:52,987 [Thread-106] DEBUG org.activiti.engine.impl.interceptor.LogInterceptor  - --- AcquireAsyncJobsDueCmd finished --------------------------------------------------------
10:47:52,987 [Thread-106] DEBUG org.activiti.engine.impl.interceptor.LogInterceptor  - 

10:47:52,987 [Thread-106] DEBUG org.activiti.engine.impl.asyncexecutor.AcquireAsyncJobsDueRunnable  - async job acquisition thread sleeping for 50 millis
10:47:52,986 [Thread-103] DEBUG org.activiti.engine.impl.cfg.standalone.StandaloneMybatisTransactionContext  - firing event committed...
10:47:52,987 [Thread-103] DEBUG org.apache.ibatis.transaction.jdbc.JdbcTransaction  - Resetting autocommit to true on JDBC Connection [conn59: url=jdbc:h2:mem:activiti-AsyncExecutorTest user=SA]
10:47:52,987 [Thread-103] DEBUG org.apache.ibatis.transaction.jdbc.JdbcTransaction  - Closing JDBC Connection [conn59: url=jdbc:h2:mem:activiti-AsyncExecutorTest user=SA]
10:47:52,986 [Thread-102] DEBUG org.apache.ibatis.datasource.pooled.PooledDataSource  - Returned connection 33534803 to pool.
10:47:52,986 [Thread-105] DEBUG org.activiti.engine.impl.persistence.entity.JobEntity.selectNextTimerJobsToExecute  - &lt;==      Total: 0
10:47:52,987 [Thread-105] DEBUG org.activiti.engine.impl.db.DbSqlSession  - flush summary: 0 insert, 0 update, 0 delete.
10:47:52,987 [Thread-105] DEBUG org.activiti.engine.impl.db.DbSqlSession  - now executing flush...
10:47:52,987 [Thread-105] DEBUG org.activiti.engine.impl.cfg.standalone.StandaloneMybatisTransactionContext  - firing event committing...
10:47:52,987 [Thread-105] DEBUG org.activiti.engine.impl.cfg.standalone.StandaloneMybatisTransactionContext  - committing the ibatis sql session...
10:47:52,987 [Thread-105] DEBUG org.activiti.engine.impl.cfg.standalone.StandaloneMybatisTransactionContext  - firing event committed...
10:47:52,987 [Thread-105] DEBUG org.apache.ibatis.transaction.jdbc.JdbcTransaction  - Resetting autocommit to true on JDBC Connection [conn64: url=jdbc:h2:mem:activiti-AsyncExecutorTest user=SA]
10:47:52,987 [Thread-105] DEBUG org.apache.ibatis.transaction.jdbc.JdbcTransaction  - Closing JDBC Connection [conn64: url=jdbc:h2:mem:activiti-AsyncExecutorTest user=SA]
10:47:52,987 [Thread-105] DEBUG org.apache.ibatis.datasource.pooled.PooledDataSource  - Returned connection 54468349 to pool.
10:47:52,986 [Thread-111] DEBUG org.activiti.engine.impl.persistence.entity.JobEntity.selectNextTimerJobsToExecute  - &lt;==      Total: 0
10:47:52,987 [Thread-111] DEBUG org.activiti.engine.impl.db.DbSqlSession  - flush summary: 0 insert, 0 update, 0 delete.
10:47:52,987 [Thread-111] DEBUG org.activiti.engine.impl.db.DbSqlSession  - now executing flush...
10:47:52,987 [Thread-111] DEBUG org.activiti.engine.impl.cfg.standalone.StandaloneMybatisTransactionContext  - firing event committing...
10:47:52,988 [Thread-111] DEBUG org.activiti.engine.impl.cfg.standalone.StandaloneMybatisTransactionContext  - committing the ibatis sql session...
10:47:52,988 [Thread-111] DEBUG org.activiti.engine.impl.cfg.standalone.StandaloneMybatisTransactionContext  - firing event committed...
10:47:52,988 [Thread-111] DEBUG org.apache.ibatis.transaction.jdbc.JdbcTransaction  - Resetting autocommit to true on JDBC Connection [conn70: url=jdbc:h2:mem:activiti-AsyncExecutorTest user=SA]
10:47:52,987 [Thread-105] DEBUG org.activiti.engine.impl.interceptor.LogInterceptor  - --- AcquireTimerJobsCmd finished --------------------------------------------------------
10:47:52,988 [Thread-105] DEBUG org.activiti.engine.impl.interceptor.LogInterceptor  - 

10:47:52,988 [Thread-105] DEBUG org.activiti.engine.impl.asyncexecutor.AcquireTimerJobsRunnable  - timer job acquisition thread sleeping for 50 millis
10:47:52,987 [Thread-103] DEBUG org.apache.ibatis.datasource.pooled.PooledDataSource  - Returned connection 720039383 to pool.
10:47:52,988 [Thread-103] DEBUG org.activiti.engine.impl.interceptor.LogInterceptor  - --- AcquireAsyncJobsDueCmd finished --------------------------------------------------------
10:47:52,988 [Thread-103] DEBUG org.activiti.engine.impl.interceptor.LogInterceptor  - 

10:47:52,988 [Thread-103] DEBUG org.activiti.engine.impl.asyncexecutor.AcquireAsyncJobsDueRunnable  - async job acquisition thread sleeping for 50 millis
10:47:52,987 [Thread-102] DEBUG org.activiti.engine.impl.interceptor.LogInterceptor  - --- AcquireTimerJobsCmd finished --------------------------------------------------------
10:47:52,988 [Thread-102] DEBUG org.activiti.engine.impl.interceptor.LogInterceptor  - 

10:47:52,988 [Thread-111] DEBUG org.apache.ibatis.transaction.jdbc.JdbcTransaction  - Closing JDBC Connection [conn70: url=jdbc:h2:mem:activiti-AsyncExecutorTest user=SA]
10:47:52,988 [Thread-111] DEBUG org.apache.ibatis.datasource.pooled.PooledDataSource  - Returned connection 604408605 to pool.
10:47:52,988 [Thread-111] DEBUG org.activiti.engine.impl.interceptor.LogInterceptor  - --- AcquireTimerJobsCmd finished --------------------------------------------------------
10:47:52,988 [Thread-111] DEBUG org.activiti.engine.impl.interceptor.LogInterceptor  - 

10:47:52,988 [Thread-111] DEBUG org.activiti.engine.impl.asyncexecutor.AcquireTimerJobsRunnable  - timer job acquisition thread sleeping for 50 millis
10:47:52,988 [Thread-102] DEBUG org.activiti.engine.impl.asyncexecutor.AcquireTimerJobsRunnable  - timer job acquisition thread sleeping for 50 millis
10:47:53,032 [Thread-112] DEBUG org.activiti.engine.impl.asyncexecutor.AcquireAsyncJobsDueRunnable  - async job acquisition thread woke up
10:47:53,032 [Thread-112] DEBUG org.activiti.engine.impl.interceptor.LogInterceptor  - 

10:47:53,032 [Thread-112] DEBUG org.activiti.engine.impl.interceptor.LogInterceptor  - --- starting AcquireAsyncJobsDueCmd --------------------------------------------------------
10:47:53,032 [Thread-112] DEBUG org.apache.ibatis.transaction.jdbc.JdbcTransaction  - Opening JDBC Connection
10:47:53,032 [Thread-112] DEBUG org.apache.ibatis.datasource.pooled.PooledDataSource  - Checked out connection 58501658 from pool.
10:47:53,032 [Thread-112] DEBUG org.apache.ibatis.transaction.jdbc.JdbcTransaction  - Setting autocommit to false on JDBC Connection [conn68: url=jdbc:h2:mem:activiti-AsyncExecutorTest user=SA]
10:47:53,032 [Thread-112] DEBUG org.activiti.engine.impl.persistence.entity.JobEntity.selectAsyncJobsDueToExecute  - ==&gt;  Preparing: select RES.* from ACT_RU_JOB RES LEFT OUTER JOIN ACT_RU_EXECUTION PI ON PI.ID_ = RES.PROCESS_INSTANCE_ID_ where RES.RETRIES_ &gt; 0 and RES.DUEDATE_ is not null and RES.DUEDATE_ &lt;= ? and (RES.LOCK_EXP_TIME_ is null or RES.LOCK_EXP_TIME_ &lt;= ?) and TYPE_ = &apos;message&apos; and ( (RES.EXECUTION_ID_ is null) or (PI.SUSPENSION_STATE_ = 1) ) LIMIT ? OFFSET ? 
10:47:53,032 [Thread-112] DEBUG org.activiti.engine.impl.persistence.entity.JobEntity.selectAsyncJobsDueToExecute  - ==&gt; Parameters: 2023-03-20 10:48:50.669(Timestamp), 2023-03-20 10:48:50.669(Timestamp), 1(Integer), 0(Integer)
10:47:53,032 [Thread-112] DEBUG org.activiti.engine.impl.persistence.entity.JobEntity.selectAsyncJobsDueToExecute  - &lt;==      Total: 0
10:47:53,032 [Thread-112] DEBUG org.activiti.engine.impl.db.DbSqlSession  - flush summary: 0 insert, 0 update, 0 delete.
10:47:53,032 [Thread-112] DEBUG org.activiti.engine.impl.db.DbSqlSession  - now executing flush...
10:47:53,032 [Thread-112] DEBUG org.activiti.engine.impl.cfg.standalone.StandaloneMybatisTransactionContext  - firing event committing...
10:47:53,032 [Thread-112] DEBUG org.activiti.engine.impl.cfg.standalone.StandaloneMybatisTransactionContext  - committing the ibatis sql session...
10:47:53,032 [Thread-112] DEBUG org.activiti.engine.impl.cfg.standalone.StandaloneMybatisTransactionContext  - firing event committed...
10:47:53,032 [Thread-112] DEBUG org.apache.ibatis.transaction.jdbc.JdbcTransaction  - Resetting autocommit to true on JDBC Connection [conn68: url=jdbc:h2:mem:activiti-AsyncExecutorTest user=SA]
10:47:53,032 [Thread-112] DEBUG org.apache.ibatis.transaction.jdbc.JdbcTransaction  - Closing JDBC Connection [conn68: url=jdbc:h2:mem:activiti-AsyncExecutorTest user=SA]
10:47:53,032 [Thread-112] DEBUG org.apache.ibatis.datasource.pooled.PooledDataSource  - Returned connection 58501658 to pool.
10:47:53,032 [Thread-112] DEBUG org.activiti.engine.impl.interceptor.LogInterceptor  - --- AcquireAsyncJobsDueCmd finished --------------------------------------------------------
10:47:53,032 [Thread-112] DEBUG org.activiti.engine.impl.interceptor.LogInterceptor  - 

10:47:53,032 [Thread-112] DEBUG org.activiti.engine.impl.asyncexecutor.AcquireAsyncJobsDueRunnable  - async job acquisition thread sleeping for 50 millis
10:47:53,048 [Thread-106] DEBUG org.activiti.engine.impl.asyncexecutor.AcquireAsyncJobsDueRunnable  - async job acquisition thread woke up
10:47:53,048 [Thread-105] DEBUG org.activiti.engine.impl.asyncexecutor.AcquireTimerJobsRunnable  - timer job acquisition thread woke up
10:47:53,049 [Thread-105] DEBUG org.activiti.engine.impl.interceptor.LogInterceptor  - 

10:47:53,049 [Thread-105] DEBUG org.activiti.engine.impl.interceptor.LogInterceptor  - --- starting AcquireTimerJobsCmd --------------------------------------------------------
10:47:53,048 [Thread-111] DEBUG org.activiti.engine.impl.asyncexecutor.AcquireTimerJobsRunnable  - timer job acquisition thread woke up
10:47:53,049 [Thread-111] DEBUG org.activiti.engine.impl.interceptor.LogInterceptor  - 

10:47:53,049 [Thread-111] DEBUG org.activiti.engine.impl.interceptor.LogInterceptor  - --- starting AcquireTimerJobsCmd --------------------------------------------------------
10:47:53,048 [Thread-102] DEBUG org.activiti.engine.impl.asyncexecutor.AcquireTimerJobsRunnable  - timer job acquisition thread woke up
10:47:53,049 [Thread-102] DEBUG org.activiti.engine.impl.interceptor.LogInterceptor  - 

10:47:53,049 [Thread-102] DEBUG org.activiti.engine.impl.interceptor.LogInterceptor  - --- starting AcquireTimerJobsCmd --------------------------------------------------------
10:47:53,048 [Thread-103] DEBUG org.activiti.engine.impl.asyncexecutor.AcquireAsyncJobsDueRunnable  - async job acquisition thread woke up
10:47:53,049 [Thread-103] DEBUG org.activiti.engine.impl.interceptor.LogInterceptor  - 

10:47:53,049 [Thread-103] DEBUG org.activiti.engine.impl.interceptor.LogInterceptor  - --- starting AcquireAsyncJobsDueCmd --------------------------------------------------------
10:47:53,049 [Thread-103] DEBUG org.apache.ibatis.transaction.jdbc.JdbcTransaction  - Opening JDBC Connection
10:47:53,049 [Thread-103] DEBUG org.apache.ibatis.datasource.pooled.PooledDataSource  - Checked out connection 157985567 from pool.
10:47:53,049 [Thread-103] DEBUG org.apache.ibatis.transaction.jdbc.JdbcTransaction  - Setting autocommit to false on JDBC Connection [conn61: url=jdbc:h2:mem:activiti-AsyncExecutorTest user=SA]
10:47:53,049 [Thread-103] DEBUG org.activiti.engine.impl.persistence.entity.JobEntity.selectAsyncJobsDueToExecute  - ==&gt;  Preparing: select RES.* from ACT_RU_JOB RES LEFT OUTER JOIN ACT_RU_EXECUTION PI ON PI.ID_ = RES.PROCESS_INSTANCE_ID_ where RES.RETRIES_ &gt; 0 and RES.DUEDATE_ is not null and RES.DUEDATE_ &lt;= ? and (RES.LOCK_EXP_TIME_ is null or RES.LOCK_EXP_TIME_ &lt;= ?) and TYPE_ = &apos;message&apos; and ( (RES.EXECUTION_ID_ is null) or (PI.SUSPENSION_STATE_ = 1) ) LIMIT ? OFFSET ? 
10:47:53,049 [Thread-102] DEBUG org.apache.ibatis.transaction.jdbc.JdbcTransaction  - Opening JDBC Connection
10:47:53,049 [Thread-102] DEBUG org.apache.ibatis.datasource.pooled.PooledDataSource  - Checked out connection 33534803 from pool.
10:47:53,049 [Thread-111] DEBUG org.apache.ibatis.transaction.jdbc.JdbcTransaction  - Opening JDBC Connection
10:47:53,049 [Thread-111] DEBUG org.apache.ibatis.datasource.pooled.PooledDataSource  - Checked out connection 1863805930 from pool.
10:47:53,049 [Thread-111] DEBUG org.apache.ibatis.transaction.jdbc.JdbcTransaction  - Setting autocommit to false on JDBC Connection [conn69: url=jdbc:h2:mem:activiti-AsyncExecutorTest user=SA]
10:47:53,049 [Thread-111] DEBUG org.activiti.engine.impl.persistence.entity.JobEntity.selectNextTimerJobsToExecute  - ==&gt;  Preparing: select RES.* from ACT_RU_JOB RES LEFT OUTER JOIN ACT_RU_EXECUTION PI ON PI.ID_ = RES.PROCESS_INSTANCE_ID_ where (RES.RETRIES_ &gt; 0) and (RES.DUEDATE_ is null or RES.DUEDATE_ &lt;= ?) and (RES.LOCK_OWNER_ is null or RES.LOCK_EXP_TIME_ &lt;= ?) and TYPE_ = &apos;timer&apos; and ( (RES.EXECUTION_ID_ is null) or (PI.SUSPENSION_STATE_ = 1) ) LIMIT ? OFFSET ? 
10:47:53,049 [Thread-105] DEBUG org.apache.ibatis.transaction.jdbc.JdbcTransaction  - Opening JDBC Connection
10:47:53,049 [Thread-105] DEBUG org.apache.ibatis.datasource.pooled.PooledDataSource  - Checked out connection 1970103261 from pool.
10:47:53,049 [Thread-105] DEBUG org.apache.ibatis.transaction.jdbc.JdbcTransaction  - Setting autocommit to false on JDBC Connection [conn63: url=jdbc:h2:mem:activiti-AsyncExecutorTest user=SA]
10:47:53,049 [Thread-106] DEBUG org.activiti.engine.impl.interceptor.LogInterceptor  - 

10:47:53,049 [Thread-106] DEBUG org.activiti.engine.impl.interceptor.LogInterceptor  - --- starting AcquireAsyncJobsDueCmd --------------------------------------------------------
10:47:53,049 [Thread-105] DEBUG org.activiti.engine.impl.persistence.entity.JobEntity.selectNextTimerJobsToExecute  - ==&gt;  Preparing: select RES.* from ACT_RU_JOB RES LEFT OUTER JOIN ACT_RU_EXECUTION PI ON PI.ID_ = RES.PROCESS_INSTANCE_ID_ where (RES.RETRIES_ &gt; 0) and (RES.DUEDATE_ is null or RES.DUEDATE_ &lt;= ?) and (RES.LOCK_OWNER_ is null or RES.LOCK_EXP_TIME_ &lt;= ?) and TYPE_ = &apos;timer&apos; and ( (RES.EXECUTION_ID_ is null) or (PI.SUSPENSION_STATE_ = 1) ) LIMIT ? OFFSET ? 
10:47:53,049 [Thread-105] DEBUG org.activiti.engine.impl.persistence.entity.JobEntity.selectNextTimerJobsToExecute  - ==&gt; Parameters: 2023-03-20 10:48:50.669(Timestamp), 2023-03-20 10:48:50.669(Timestamp), 1(Integer), 0(Integer)
10:47:53,049 [Thread-105] DEBUG org.activiti.engine.impl.persistence.entity.JobEntity.selectNextTimerJobsToExecute  - &lt;==      Total: 0
10:47:53,049 [Thread-105] DEBUG org.activiti.engine.impl.db.DbSqlSession  - flush summary: 0 insert, 0 update, 0 delete.
10:47:53,049 [Thread-105] DEBUG org.activiti.engine.impl.db.DbSqlSession  - now executing flush...
10:47:53,049 [Thread-105] DEBUG org.activiti.engine.impl.cfg.standalone.StandaloneMybatisTransactionContext  - firing event committing...
10:47:53,049 [Thread-105] DEBUG org.activiti.engine.impl.cfg.standalone.StandaloneMybatisTransactionContext  - committing the ibatis sql session...
10:47:53,049 [Thread-105] DEBUG org.activiti.engine.impl.cfg.standalone.StandaloneMybatisTransactionContext  - firing event committed...
10:47:53,049 [Thread-105] DEBUG org.apache.ibatis.transaction.jdbc.JdbcTransaction  - Resetting autocommit to true on JDBC Connection [conn63: url=jdbc:h2:mem:activiti-AsyncExecutorTest user=SA]
10:47:53,049 [Thread-105] DEBUG org.apache.ibatis.transaction.jdbc.JdbcTransaction  - Closing JDBC Connection [conn63: url=jdbc:h2:mem:activiti-AsyncExecutorTest user=SA]
10:47:53,049 [Thread-105] DEBUG org.apache.ibatis.datasource.pooled.PooledDataSource  - Returned connection 1970103261 to pool.
10:47:53,049 [Thread-111] DEBUG org.activiti.engine.impl.persistence.entity.JobEntity.selectNextTimerJobsToExecute  - ==&gt; Parameters: 2023-03-20 10:48:50.669(Timestamp), 2023-03-20 10:48:50.669(Timestamp), 1(Integer), 0(Integer)
10:47:53,049 [Thread-111] DEBUG org.activiti.engine.impl.persistence.entity.JobEntity.selectNextTimerJobsToExecute  - &lt;==      Total: 0
10:47:53,049 [Thread-111] DEBUG org.activiti.engine.impl.db.DbSqlSession  - flush summary: 0 insert, 0 update, 0 delete.
10:47:53,049 [Thread-111] DEBUG org.activiti.engine.impl.db.DbSqlSession  - now executing flush...
10:47:53,049 [Thread-111] DEBUG org.activiti.engine.impl.cfg.standalone.StandaloneMybatisTransactionContext  - firing event committing...
10:47:53,049 [Thread-111] DEBUG org.activiti.engine.impl.cfg.standalone.StandaloneMybatisTransactionContext  - committing the ibatis sql session...
10:47:53,050 [Thread-111] DEBUG org.activiti.engine.impl.cfg.standalone.StandaloneMybatisTransactionContext  - firing event committed...
10:47:53,050 [Thread-111] DEBUG org.apache.ibatis.transaction.jdbc.JdbcTransaction  - Resetting autocommit to true on JDBC Connection [conn69: url=jdbc:h2:mem:activiti-AsyncExecutorTest user=SA]
10:47:53,049 [Thread-102] DEBUG org.apache.ibatis.transaction.jdbc.JdbcTransaction  - Setting autocommit to false on JDBC Connection [conn60: url=jdbc:h2:mem:activiti-AsyncExecutorTest user=SA]
10:47:53,049 [Thread-103] DEBUG org.activiti.engine.impl.persistence.entity.JobEntity.selectAsyncJobsDueToExecute  - ==&gt; Parameters: 2023-03-20 10:48:50.669(Timestamp), 2023-03-20 10:48:50.669(Timestamp), 1(Integer), 0(Integer)
10:47:53,050 [Thread-102] DEBUG org.activiti.engine.impl.persistence.entity.JobEntity.selectNextTimerJobsToExecute  - ==&gt;  Preparing: select RES.* from ACT_RU_JOB RES LEFT OUTER JOIN ACT_RU_EXECUTION PI ON PI.ID_ = RES.PROCESS_INSTANCE_ID_ where (RES.RETRIES_ &gt; 0) and (RES.DUEDATE_ is null or RES.DUEDATE_ &lt;= ?) and (RES.LOCK_OWNER_ is null or RES.LOCK_EXP_TIME_ &lt;= ?) and TYPE_ = &apos;timer&apos; and ( (RES.EXECUTION_ID_ is null) or (PI.SUSPENSION_STATE_ = 1) ) LIMIT ? OFFSET ? 
10:47:53,050 [Thread-111] DEBUG org.apache.ibatis.transaction.jdbc.JdbcTransaction  - Closing JDBC Connection [conn69: url=jdbc:h2:mem:activiti-AsyncExecutorTest user=SA]
10:47:53,050 [Thread-111] DEBUG org.apache.ibatis.datasource.pooled.PooledDataSource  - Returned connection 1863805930 to pool.
10:47:53,050 [Thread-111] DEBUG org.activiti.engine.impl.interceptor.LogInterceptor  - --- AcquireTimerJobsCmd finished --------------------------------------------------------
10:47:53,050 [Thread-111] DEBUG org.activiti.engine.impl.interceptor.LogInterceptor  - 

10:47:53,049 [Thread-105] DEBUG org.activiti.engine.impl.interceptor.LogInterceptor  - --- AcquireTimerJobsCmd finished --------------------------------------------------------
10:47:53,050 [Thread-105] DEBUG org.activiti.engine.impl.interceptor.LogInterceptor  - 

10:47:53,050 [Thread-105] DEBUG org.activiti.engine.impl.asyncexecutor.AcquireTimerJobsRunnable  - timer job acquisition thread sleeping for 50 millis
10:47:53,049 [Thread-106] DEBUG org.apache.ibatis.transaction.jdbc.JdbcTransaction  - Opening JDBC Connection
10:47:53,050 [Thread-106] DEBUG org.apache.ibatis.datasource.pooled.PooledDataSource  - Checked out connection 996762054 from pool.
10:47:53,050 [Thread-106] DEBUG org.apache.ibatis.transaction.jdbc.JdbcTransaction  - Setting autocommit to false on JDBC Connection [conn65: url=jdbc:h2:mem:activiti-AsyncExecutorTest user=SA]
10:47:53,050 [Thread-106] DEBUG org.activiti.engine.impl.persistence.entity.JobEntity.selectAsyncJobsDueToExecute  - ==&gt;  Preparing: select RES.* from ACT_RU_JOB RES LEFT OUTER JOIN ACT_RU_EXECUTION PI ON PI.ID_ = RES.PROCESS_INSTANCE_ID_ where RES.RETRIES_ &gt; 0 and RES.DUEDATE_ is not null and RES.DUEDATE_ &lt;= ? and (RES.LOCK_EXP_TIME_ is null or RES.LOCK_EXP_TIME_ &lt;= ?) and TYPE_ = &apos;message&apos; and ( (RES.EXECUTION_ID_ is null) or (PI.SUSPENSION_STATE_ = 1) ) LIMIT ? OFFSET ? 
10:47:53,050 [Thread-106] DEBUG org.activiti.engine.impl.persistence.entity.JobEntity.selectAsyncJobsDueToExecute  - ==&gt; Parameters: 2023-03-20 10:48:50.669(Timestamp), 2023-03-20 10:48:50.669(Timestamp), 1(Integer), 0(Integer)
10:47:53,050 [Thread-106] DEBUG org.activiti.engine.impl.persistence.entity.JobEntity.selectAsyncJobsDueToExecute  - &lt;==      Total: 0
10:47:53,050 [Thread-106] DEBUG org.activiti.engine.impl.db.DbSqlSession  - flush summary: 0 insert, 0 update, 0 delete.
10:47:53,050 [Thread-106] DEBUG org.activiti.engine.impl.db.DbSqlSession  - now executing flush...
10:47:53,050 [Thread-106] DEBUG org.activiti.engine.impl.cfg.standalone.StandaloneMybatisTransactionContext  - firing event committing...
10:47:53,050 [Thread-106] DEBUG org.activiti.engine.impl.cfg.standalone.StandaloneMybatisTransactionContext  - committing the ibatis sql session...
10:47:53,050 [Thread-106] DEBUG org.activiti.engine.impl.cfg.standalone.StandaloneMybatisTransactionContext  - firing event committed...
10:47:53,050 [Thread-106] DEBUG org.apache.ibatis.transaction.jdbc.JdbcTransaction  - Resetting autocommit to true on JDBC Connection [conn65: url=jdbc:h2:mem:activiti-AsyncExecutorTest user=SA]
10:47:53,050 [Thread-106] DEBUG org.apache.ibatis.transaction.jdbc.JdbcTransaction  - Closing JDBC Connection [conn65: url=jdbc:h2:mem:activiti-AsyncExecutorTest user=SA]
10:47:53,050 [Thread-106] DEBUG org.apache.ibatis.datasource.pooled.PooledDataSource  - Returned connection 996762054 to pool.
10:47:53,050 [Thread-106] DEBUG org.activiti.engine.impl.interceptor.LogInterceptor  - --- AcquireAsyncJobsDueCmd finished --------------------------------------------------------
10:47:53,050 [Thread-106] DEBUG org.activiti.engine.impl.interceptor.LogInterceptor  - 

10:47:53,050 [Thread-106] DEBUG org.activiti.engine.impl.asyncexecutor.AcquireAsyncJobsDueRunnable  - async job acquisition thread sleeping for 50 millis
10:47:53,050 [Thread-111] DEBUG org.activiti.engine.impl.asyncexecutor.AcquireTimerJobsRunnable  - timer job acquisition thread sleeping for 50 millis
10:47:53,050 [Thread-102] DEBUG org.activiti.engine.impl.persistence.entity.JobEntity.selectNextTimerJobsToExecute  - ==&gt; Parameters: 2023-03-20 10:48:50.669(Timestamp), 2023-03-20 10:48:50.669(Timestamp), 1(Integer), 0(Integer)
10:47:53,050 [Thread-103] DEBUG org.activiti.engine.impl.persistence.entity.JobEntity.selectAsyncJobsDueToExecute  - &lt;==      Total: 0
10:47:53,050 [Thread-102] DEBUG org.activiti.engine.impl.persistence.entity.JobEntity.selectNextTimerJobsToExecute  - &lt;==      Total: 0
10:47:53,050 [Thread-102] DEBUG org.activiti.engine.impl.db.DbSqlSession  - flush summary: 0 insert, 0 update, 0 delete.
10:47:53,051 [Thread-102] DEBUG org.activiti.engine.impl.db.DbSqlSession  - now executing flush...
10:47:53,051 [Thread-102] DEBUG org.activiti.engine.impl.cfg.standalone.StandaloneMybatisTransactionContext  - firing event committing...
10:47:53,051 [Thread-102] DEBUG org.activiti.engine.impl.cfg.standalone.StandaloneMybatisTransactionContext  - committing the ibatis sql session...
10:47:53,051 [Thread-102] DEBUG org.activiti.engine.impl.cfg.standalone.StandaloneMybatisTransactionContext  - firing event committed...
10:47:53,051 [Thread-102] DEBUG org.apache.ibatis.transaction.jdbc.JdbcTransaction  - Resetting autocommit to true on JDBC Connection [conn60: url=jdbc:h2:mem:activiti-AsyncExecutorTest user=SA]
10:47:53,051 [Thread-102] DEBUG org.apache.ibatis.transaction.jdbc.JdbcTransaction  - Closing JDBC Connection [conn60: url=jdbc:h2:mem:activiti-AsyncExecutorTest user=SA]
10:47:53,051 [Thread-102] DEBUG org.apache.ibatis.datasource.pooled.PooledDataSource  - Returned connection 33534803 to pool.
10:47:53,051 [Thread-102] DEBUG org.activiti.engine.impl.interceptor.LogInterceptor  - --- AcquireTimerJobsCmd finished --------------------------------------------------------
10:47:53,051 [Thread-102] DEBUG org.activiti.engine.impl.interceptor.LogInterceptor  - 

10:47:53,050 [Thread-103] DEBUG org.activiti.engine.impl.db.DbSqlSession  - flush summary: 0 insert, 0 update, 0 delete.
10:47:53,051 [Thread-103] DEBUG org.activiti.engine.impl.db.DbSqlSession  - now executing flush...
10:47:53,051 [Thread-103] DEBUG org.activiti.engine.impl.cfg.standalone.StandaloneMybatisTransactionContext  - firing event committing...
10:47:53,051 [Thread-103] DEBUG org.activiti.engine.impl.cfg.standalone.StandaloneMybatisTransactionContext  - committing the ibatis sql session...
10:47:53,051 [Thread-103] DEBUG org.activiti.engine.impl.cfg.standalone.StandaloneMybatisTransactionContext  - firing event committed...
10:47:53,051 [Thread-103] DEBUG org.apache.ibatis.transaction.jdbc.JdbcTransaction  - Resetting autocommit to true on JDBC Connection [conn61: url=jdbc:h2:mem:activiti-AsyncExecutorTest user=SA]
10:47:53,051 [Thread-103] DEBUG org.apache.ibatis.transaction.jdbc.JdbcTransaction  - Closing JDBC Connection [conn61: url=jdbc:h2:mem:activiti-AsyncExecutorTest user=SA]
10:47:53,051 [Thread-102] DEBUG org.activiti.engine.impl.asyncexecutor.AcquireTimerJobsRunnable  - timer job acquisition thread sleeping for 50 millis
10:47:53,051 [Thread-103] DEBUG org.apache.ibatis.datasource.pooled.PooledDataSource  - Returned connection 157985567 to pool.
10:47:53,051 [Thread-103] DEBUG org.activiti.engine.impl.interceptor.LogInterceptor  - --- AcquireAsyncJobsDueCmd finished --------------------------------------------------------
10:47:53,051 [Thread-103] DEBUG org.activiti.engine.impl.interceptor.LogInterceptor  - 

10:47:53,051 [Thread-103] DEBUG org.activiti.engine.impl.asyncexecutor.AcquireAsyncJobsDueRunnable  - async job acquisition thread sleeping for 50 millis
10:47:53,096 [Thread-112] DEBUG org.activiti.engine.impl.asyncexecutor.AcquireAsyncJobsDueRunnable  - async job acquisition thread woke up
10:47:53,096 [Thread-112] DEBUG org.activiti.engine.impl.interceptor.LogInterceptor  - 

10:47:53,096 [Thread-112] DEBUG org.activiti.engine.impl.interceptor.LogInterceptor  - --- starting AcquireAsyncJobsDueCmd --------------------------------------------------------
10:47:53,096 [Thread-112] DEBUG org.apache.ibatis.transaction.jdbc.JdbcTransaction  - Opening JDBC Connection
10:47:53,096 [Thread-112] DEBUG org.apache.ibatis.datasource.pooled.PooledDataSource  - Checked out connection 604408605 from pool.
10:47:53,096 [Thread-112] DEBUG org.apache.ibatis.transaction.jdbc.JdbcTransaction  - Setting autocommit to false on JDBC Connection [conn70: url=jdbc:h2:mem:activiti-AsyncExecutorTest user=SA]
10:47:53,096 [Thread-112] DEBUG org.activiti.engine.impl.persistence.entity.JobEntity.selectAsyncJobsDueToExecute  - ==&gt;  Preparing: select RES.* from ACT_RU_JOB RES LEFT OUTER JOIN ACT_RU_EXECUTION PI ON PI.ID_ = RES.PROCESS_INSTANCE_ID_ where RES.RETRIES_ &gt; 0 and RES.DUEDATE_ is not null and RES.DUEDATE_ &lt;= ? and (RES.LOCK_EXP_TIME_ is null or RES.LOCK_EXP_TIME_ &lt;= ?) and TYPE_ = &apos;message&apos; and ( (RES.EXECUTION_ID_ is null) or (PI.SUSPENSION_STATE_ = 1) ) LIMIT ? OFFSET ? 
10:47:53,096 [Thread-112] DEBUG org.activiti.engine.impl.persistence.entity.JobEntity.selectAsyncJobsDueToExecute  - ==&gt; Parameters: 2023-03-20 10:48:50.669(Timestamp), 2023-03-20 10:48:50.669(Timestamp), 1(Integer), 0(Integer)
10:47:53,096 [Thread-112] DEBUG org.activiti.engine.impl.persistence.entity.JobEntity.selectAsyncJobsDueToExecute  - &lt;==      Total: 0
10:47:53,096 [Thread-112] DEBUG org.activiti.engine.impl.db.DbSqlSession  - flush summary: 0 insert, 0 update, 0 delete.
10:47:53,096 [Thread-112] DEBUG org.activiti.engine.impl.db.DbSqlSession  - now executing flush...
10:47:53,096 [Thread-112] DEBUG org.activiti.engine.impl.cfg.standalone.StandaloneMybatisTransactionContext  - firing event committing...
10:47:53,096 [Thread-112] DEBUG org.activiti.engine.impl.cfg.standalone.StandaloneMybatisTransactionContext  - committing the ibatis sql session...
10:47:53,096 [Thread-112] DEBUG org.activiti.engine.impl.cfg.standalone.StandaloneMybatisTransactionContext  - firing event committed...
10:47:53,096 [Thread-112] DEBUG org.apache.ibatis.transaction.jdbc.JdbcTransaction  - Resetting autocommit to true on JDBC Connection [conn70: url=jdbc:h2:mem:activiti-AsyncExecutorTest user=SA]
10:47:53,096 [Thread-112] DEBUG org.apache.ibatis.transaction.jdbc.JdbcTransaction  - Closing JDBC Connection [conn70: url=jdbc:h2:mem:activiti-AsyncExecutorTest user=SA]
10:47:53,096 [Thread-112] DEBUG org.apache.ibatis.datasource.pooled.PooledDataSource  - Returned connection 604408605 to pool.
10:47:53,096 [Thread-112] DEBUG org.activiti.engine.impl.interceptor.LogInterceptor  - --- AcquireAsyncJobsDueCmd finished --------------------------------------------------------
10:47:53,096 [Thread-112] DEBUG org.activiti.engine.impl.interceptor.LogInterceptor  - 

10:47:53,096 [Thread-112] DEBUG org.activiti.engine.impl.asyncexecutor.AcquireAsyncJobsDueRunnable  - async job acquisition thread sleeping for 50 millis
10:47:53,112 [Thread-106] DEBUG org.activiti.engine.impl.asyncexecutor.AcquireAsyncJobsDueRunnable  - async job acquisition thread woke up
10:47:53,112 [Thread-106] DEBUG org.activiti.engine.impl.interceptor.LogInterceptor  - 

10:47:53,112 [Thread-105] DEBUG org.activiti.engine.impl.asyncexecutor.AcquireTimerJobsRunnable  - timer job acquisition thread woke up
10:47:53,112 [Thread-105] DEBUG org.activiti.engine.impl.interceptor.LogInterceptor  - 

10:47:53,112 [Thread-105] DEBUG org.activiti.engine.impl.interceptor.LogInterceptor  - --- starting AcquireTimerJobsCmd --------------------------------------------------------
10:47:53,112 [Thread-111] DEBUG org.activiti.engine.impl.asyncexecutor.AcquireTimerJobsRunnable  - timer job acquisition thread woke up
10:47:53,112 [Thread-111] DEBUG org.activiti.engine.impl.interceptor.LogInterceptor  - 

10:47:53,112 [Thread-111] DEBUG org.activiti.engine.impl.interceptor.LogInterceptor  - --- starting AcquireTimerJobsCmd --------------------------------------------------------
10:47:53,112 [Thread-102] DEBUG org.activiti.engine.impl.asyncexecutor.AcquireTimerJobsRunnable  - timer job acquisition thread woke up
10:47:53,112 [Thread-102] DEBUG org.activiti.engine.impl.interceptor.LogInterceptor  - 

10:47:53,112 [Thread-102] DEBUG org.activiti.engine.impl.interceptor.LogInterceptor  - --- starting AcquireTimerJobsCmd --------------------------------------------------------
10:47:53,112 [Thread-103] DEBUG org.activiti.engine.impl.asyncexecutor.AcquireAsyncJobsDueRunnable  - async job acquisition thread woke up
10:47:53,112 [Thread-103] DEBUG org.activiti.engine.impl.interceptor.LogInterceptor  - 

10:47:53,112 [Thread-103] DEBUG org.activiti.engine.impl.interceptor.LogInterceptor  - --- starting AcquireAsyncJobsDueCmd --------------------------------------------------------
10:47:53,112 [Thread-102] DEBUG org.apache.ibatis.transaction.jdbc.JdbcTransaction  - Opening JDBC Connection
10:47:53,112 [Thread-102] DEBUG org.apache.ibatis.datasource.pooled.PooledDataSource  - Checked out connection 720039383 from pool.
10:47:53,112 [Thread-111] DEBUG org.apache.ibatis.transaction.jdbc.JdbcTransaction  - Opening JDBC Connection
10:47:53,112 [Thread-111] DEBUG org.apache.ibatis.datasource.pooled.PooledDataSource  - Checked out connection 58501658 from pool.
10:47:53,113 [Thread-111] DEBUG org.apache.ibatis.transaction.jdbc.JdbcTransaction  - Setting autocommit to false on JDBC Connection [conn68: url=jdbc:h2:mem:activiti-AsyncExecutorTest user=SA]
10:47:53,113 [Thread-111] DEBUG org.activiti.engine.impl.persistence.entity.JobEntity.selectNextTimerJobsToExecute  - ==&gt;  Preparing: select RES.* from ACT_RU_JOB RES LEFT OUTER JOIN ACT_RU_EXECUTION PI ON PI.ID_ = RES.PROCESS_INSTANCE_ID_ where (RES.RETRIES_ &gt; 0) and (RES.DUEDATE_ is null or RES.DUEDATE_ &lt;= ?) and (RES.LOCK_OWNER_ is null or RES.LOCK_EXP_TIME_ &lt;= ?) and TYPE_ = &apos;timer&apos; and ( (RES.EXECUTION_ID_ is null) or (PI.SUSPENSION_STATE_ = 1) ) LIMIT ? OFFSET ? 
10:47:53,112 [Thread-105] DEBUG org.apache.ibatis.transaction.jdbc.JdbcTransaction  - Opening JDBC Connection
10:47:53,113 [Thread-105] DEBUG org.apache.ibatis.datasource.pooled.PooledDataSource  - Checked out connection 54468349 from pool.
10:47:53,112 [Thread-106] DEBUG org.activiti.engine.impl.interceptor.LogInterceptor  - --- starting AcquireAsyncJobsDueCmd --------------------------------------------------------
10:47:53,113 [Thread-106] DEBUG org.apache.ibatis.transaction.jdbc.JdbcTransaction  - Opening JDBC Connection
10:47:53,113 [Thread-106] DEBUG org.apache.ibatis.datasource.pooled.PooledDataSource  - Checked out connection 1970103261 from pool.
10:47:53,113 [Thread-106] DEBUG org.apache.ibatis.transaction.jdbc.JdbcTransaction  - Setting autocommit to false on JDBC Connection [conn63: url=jdbc:h2:mem:activiti-AsyncExecutorTest user=SA]
10:47:53,113 [Thread-106] DEBUG org.activiti.engine.impl.persistence.entity.JobEntity.selectAsyncJobsDueToExecute  - ==&gt;  Preparing: select RES.* from ACT_RU_JOB RES LEFT OUTER JOIN ACT_RU_EXECUTION PI ON PI.ID_ = RES.PROCESS_INSTANCE_ID_ where RES.RETRIES_ &gt; 0 and RES.DUEDATE_ is not null and RES.DUEDATE_ &lt;= ? and (RES.LOCK_EXP_TIME_ is null or RES.LOCK_EXP_TIME_ &lt;= ?) and TYPE_ = &apos;message&apos; and ( (RES.EXECUTION_ID_ is null) or (PI.SUSPENSION_STATE_ = 1) ) LIMIT ? OFFSET ? 
10:47:53,113 [Thread-105] DEBUG org.apache.ibatis.transaction.jdbc.JdbcTransaction  - Setting autocommit to false on JDBC Connection [conn64: url=jdbc:h2:mem:activiti-AsyncExecutorTest user=SA]
10:47:53,113 [Thread-105] DEBUG org.activiti.engine.impl.persistence.entity.JobEntity.selectNextTimerJobsToExecute  - ==&gt;  Preparing: select RES.* from ACT_RU_JOB RES LEFT OUTER JOIN ACT_RU_EXECUTION PI ON PI.ID_ = RES.PROCESS_INSTANCE_ID_ where (RES.RETRIES_ &gt; 0) and (RES.DUEDATE_ is null or RES.DUEDATE_ &lt;= ?) and (RES.LOCK_OWNER_ is null or RES.LOCK_EXP_TIME_ &lt;= ?) and TYPE_ = &apos;timer&apos; and ( (RES.EXECUTION_ID_ is null) or (PI.SUSPENSION_STATE_ = 1) ) LIMIT ? OFFSET ? 
10:47:53,113 [Thread-111] DEBUG org.activiti.engine.impl.persistence.entity.JobEntity.selectNextTimerJobsToExecute  - ==&gt; Parameters: 2023-03-20 10:48:50.669(Timestamp), 2023-03-20 10:48:50.669(Timestamp), 1(Integer), 0(Integer)
10:47:53,113 [Thread-111] DEBUG org.activiti.engine.impl.persistence.entity.JobEntity.selectNextTimerJobsToExecute  - &lt;==      Total: 0
10:47:53,113 [Thread-111] DEBUG org.activiti.engine.impl.db.DbSqlSession  - flush summary: 0 insert, 0 update, 0 delete.
10:47:53,113 [Thread-111] DEBUG org.activiti.engine.impl.db.DbSqlSession  - now executing flush...
10:47:53,113 [Thread-111] DEBUG org.activiti.engine.impl.cfg.standalone.StandaloneMybatisTransactionContext  - firing event committing...
10:47:53,113 [Thread-111] DEBUG org.activiti.engine.impl.cfg.standalone.StandaloneMybatisTransactionContext  - committing the ibatis sql session...
10:47:53,113 [Thread-111] DEBUG org.activiti.engine.impl.cfg.standalone.StandaloneMybatisTransactionContext  - firing event committed...
10:47:53,113 [Thread-111] DEBUG org.apache.ibatis.transaction.jdbc.JdbcTransaction  - Resetting autocommit to true on JDBC Connection [conn68: url=jdbc:h2:mem:activiti-AsyncExecutorTest user=SA]
10:47:53,113 [Thread-111] DEBUG org.apache.ibatis.transaction.jdbc.JdbcTransaction  - Closing JDBC Connection [conn68: url=jdbc:h2:mem:activiti-AsyncExecutorTest user=SA]
10:47:53,113 [Thread-111] DEBUG org.apache.ibatis.datasource.pooled.PooledDataSource  - Returned connection 58501658 to pool.
10:47:53,113 [Thread-111] DEBUG org.activiti.engine.impl.interceptor.LogInterceptor  - --- AcquireTimerJobsCmd finished --------------------------------------------------------
10:47:53,113 [Thread-111] DEBUG org.activiti.engine.impl.interceptor.LogInterceptor  - 

10:47:53,113 [Thread-111] DEBUG org.activiti.engine.impl.asyncexecutor.AcquireTimerJobsRunnable  - timer job acquisition thread sleeping for 50 millis
10:47:53,112 [Thread-102] DEBUG org.apache.ibatis.transaction.jdbc.JdbcTransaction  - Setting autocommit to false on JDBC Connection [conn59: url=jdbc:h2:mem:activiti-AsyncExecutorTest user=SA]
10:47:53,112 [Thread-103] DEBUG org.apache.ibatis.transaction.jdbc.JdbcTransaction  - Opening JDBC Connection
10:47:53,113 [Thread-103] DEBUG org.apache.ibatis.datasource.pooled.PooledDataSource  - Checked out connection 33534803 from pool.
10:47:53,113 [Thread-103] DEBUG org.apache.ibatis.transaction.jdbc.JdbcTransaction  - Setting autocommit to false on JDBC Connection [conn60: url=jdbc:h2:mem:activiti-AsyncExecutorTest user=SA]
10:47:53,113 [Thread-103] DEBUG org.activiti.engine.impl.persistence.entity.JobEntity.selectAsyncJobsDueToExecute  - ==&gt;  Preparing: select RES.* from ACT_RU_JOB RES LEFT OUTER JOIN ACT_RU_EXECUTION PI ON PI.ID_ = RES.PROCESS_INSTANCE_ID_ where RES.RETRIES_ &gt; 0 and RES.DUEDATE_ is not null and RES.DUEDATE_ &lt;= ? and (RES.LOCK_EXP_TIME_ is null or RES.LOCK_EXP_TIME_ &lt;= ?) and TYPE_ = &apos;message&apos; and ( (RES.EXECUTION_ID_ is null) or (PI.SUSPENSION_STATE_ = 1) ) LIMIT ? OFFSET ? 
10:47:53,113 [Thread-103] DEBUG org.activiti.engine.impl.persistence.entity.JobEntity.selectAsyncJobsDueToExecute  - ==&gt; Parameters: 2023-03-20 10:48:50.669(Timestamp), 2023-03-20 10:48:50.669(Timestamp), 1(Integer), 0(Integer)
10:47:53,113 [Thread-102] DEBUG org.activiti.engine.impl.persistence.entity.JobEntity.selectNextTimerJobsToExecute  - ==&gt;  Preparing: select RES.* from ACT_RU_JOB RES LEFT OUTER JOIN ACT_RU_EXECUTION PI ON PI.ID_ = RES.PROCESS_INSTANCE_ID_ where (RES.RETRIES_ &gt; 0) and (RES.DUEDATE_ is null or RES.DUEDATE_ &lt;= ?) and (RES.LOCK_OWNER_ is null or RES.LOCK_EXP_TIME_ &lt;= ?) and TYPE_ = &apos;timer&apos; and ( (RES.EXECUTION_ID_ is null) or (PI.SUSPENSION_STATE_ = 1) ) LIMIT ? OFFSET ? 
10:47:53,113 [Thread-105] DEBUG org.activiti.engine.impl.persistence.entity.JobEntity.selectNextTimerJobsToExecute  - ==&gt; Parameters: 2023-03-20 10:48:50.669(Timestamp), 2023-03-20 10:48:50.669(Timestamp), 1(Integer), 0(Integer)
10:47:53,113 [Thread-106] DEBUG org.activiti.engine.impl.persistence.entity.JobEntity.selectAsyncJobsDueToExecute  - ==&gt; Parameters: 2023-03-20 10:48:50.669(Timestamp), 2023-03-20 10:48:50.669(Timestamp), 1(Integer), 0(Integer)
10:47:53,114 [Thread-105] DEBUG org.activiti.engine.impl.persistence.entity.JobEntity.selectNextTimerJobsToExecute  - &lt;==      Total: 0
10:47:53,114 [Thread-102] DEBUG org.activiti.engine.impl.persistence.entity.JobEntity.selectNextTimerJobsToExecute  - ==&gt; Parameters: 2023-03-20 10:48:50.669(Timestamp), 2023-03-20 10:48:50.669(Timestamp), 1(Integer), 0(Integer)
10:47:53,114 [Thread-103] DEBUG org.activiti.engine.impl.persistence.entity.JobEntity.selectAsyncJobsDueToExecute  - &lt;==      Total: 0
10:47:53,114 [Thread-102] DEBUG org.activiti.engine.impl.persistence.entity.JobEntity.selectNextTimerJobsToExecute  - &lt;==      Total: 0
10:47:53,114 [Thread-102] DEBUG org.activiti.engine.impl.db.DbSqlSession  - flush summary: 0 insert, 0 update, 0 delete.
10:47:53,114 [Thread-102] DEBUG org.activiti.engine.impl.db.DbSqlSession  - now executing flush...
10:47:53,114 [Thread-102] DEBUG org.activiti.engine.impl.cfg.standalone.StandaloneMybatisTransactionContext  - firing event committing...
10:47:53,114 [Thread-102] DEBUG org.activiti.engine.impl.cfg.standalone.StandaloneMybatisTransactionContext  - committing the ibatis sql session...
10:47:53,114 [Thread-102] DEBUG org.activiti.engine.impl.cfg.standalone.StandaloneMybatisTransactionContext  - firing event committed...
10:47:53,114 [Thread-102] DEBUG org.apache.ibatis.transaction.jdbc.JdbcTransaction  - Resetting autocommit to true on JDBC Connection [conn59: url=jdbc:h2:mem:activiti-AsyncExecutorTest user=SA]
10:47:53,114 [Thread-102] DEBUG org.apache.ibatis.transaction.jdbc.JdbcTransaction  - Closing JDBC Connection [conn59: url=jdbc:h2:mem:activiti-AsyncExecutorTest user=SA]
10:47:53,114 [Thread-102] DEBUG org.apache.ibatis.datasource.pooled.PooledDataSource  - Returned connection 720039383 to pool.
10:47:53,114 [Thread-102] DEBUG org.activiti.engine.impl.interceptor.LogInterceptor  - --- AcquireTimerJobsCmd finished --------------------------------------------------------
10:47:53,114 [Thread-102] DEBUG org.activiti.engine.impl.interceptor.LogInterceptor  - 

10:47:53,114 [Thread-105] DEBUG org.activiti.engine.impl.db.DbSqlSession  - flush summary: 0 insert, 0 update, 0 delete.
10:47:53,114 [Thread-105] DEBUG org.activiti.engine.impl.db.DbSqlSession  - now executing flush...
10:47:53,114 [Thread-105] DEBUG org.activiti.engine.impl.cfg.standalone.StandaloneMybatisTransactionContext  - firing event committing...
10:47:53,114 [Thread-105] DEBUG org.activiti.engine.impl.cfg.standalone.StandaloneMybatisTransactionContext  - committing the ibatis sql session...
10:47:53,114 [Thread-105] DEBUG org.activiti.engine.impl.cfg.standalone.StandaloneMybatisTransactionContext  - firing event committed...
10:47:53,114 [Thread-105] DEBUG org.apache.ibatis.transaction.jdbc.JdbcTransaction  - Resetting autocommit to true on JDBC Connection [conn64: url=jdbc:h2:mem:activiti-AsyncExecutorTest user=SA]
10:47:53,114 [Thread-105] DEBUG org.apache.ibatis.transaction.jdbc.JdbcTransaction  - Closing JDBC Connection [conn64: url=jdbc:h2:mem:activiti-AsyncExecutorTest user=SA]
10:47:53,114 [Thread-106] DEBUG org.activiti.engine.impl.persistence.entity.JobEntity.selectAsyncJobsDueToExecute  - &lt;==      Total: 0
10:47:53,114 [Thread-106] DEBUG org.activiti.engine.impl.db.DbSqlSession  - flush summary: 0 insert, 0 update, 0 delete.
10:47:53,114 [Thread-106] DEBUG org.activiti.engine.impl.db.DbSqlSession  - now executing flush...
10:47:53,114 [Thread-106] DEBUG org.activiti.engine.impl.cfg.standalone.StandaloneMybatisTransactionContext  - firing event committing...
10:47:53,114 [Thread-106] DEBUG org.activiti.engine.impl.cfg.standalone.StandaloneMybatisTransactionContext  - committing the ibatis sql session...
10:47:53,114 [Thread-106] DEBUG org.activiti.engine.impl.cfg.standalone.StandaloneMybatisTransactionContext  - firing event committed...
10:47:53,114 [Thread-106] DEBUG org.apache.ibatis.transaction.jdbc.JdbcTransaction  - Resetting autocommit to true on JDBC Connection [conn63: url=jdbc:h2:mem:activiti-AsyncExecutorTest user=SA]
10:47:53,114 [Thread-106] DEBUG org.apache.ibatis.transaction.jdbc.JdbcTransaction  - Closing JDBC Connection [conn63: url=jdbc:h2:mem:activiti-AsyncExecutorTest user=SA]
10:47:53,114 [Thread-105] DEBUG org.apache.ibatis.datasource.pooled.PooledDataSource  - Returned connection 54468349 to pool.
10:47:53,114 [Thread-102] DEBUG org.activiti.engine.impl.asyncexecutor.AcquireTimerJobsRunnable  - timer job acquisition thread sleeping for 50 millis
10:47:53,114 [Thread-103] DEBUG org.activiti.engine.impl.db.DbSqlSession  - flush summary: 0 insert, 0 update, 0 delete.
10:47:53,114 [Thread-103] DEBUG org.activiti.engine.impl.db.DbSqlSession  - now executing flush...
10:47:53,114 [Thread-103] DEBUG org.activiti.engine.impl.cfg.standalone.StandaloneMybatisTransactionContext  - firing event committing...
10:47:53,114 [Thread-103] DEBUG org.activiti.engine.impl.cfg.standalone.StandaloneMybatisTransactionContext  - committing the ibatis sql session...
10:47:53,114 [Thread-103] DEBUG org.activiti.engine.impl.cfg.standalone.StandaloneMybatisTransactionContext  - firing event committed...
10:47:53,114 [Thread-103] DEBUG org.apache.ibatis.transaction.jdbc.JdbcTransaction  - Resetting autocommit to true on JDBC Connection [conn60: url=jdbc:h2:mem:activiti-AsyncExecutorTest user=SA]
10:47:53,115 [Thread-103] DEBUG org.apache.ibatis.transaction.jdbc.JdbcTransaction  - Closing JDBC Connection [conn60: url=jdbc:h2:mem:activiti-AsyncExecutorTest user=SA]
10:47:53,115 [Thread-103] DEBUG org.apache.ibatis.datasource.pooled.PooledDataSource  - Returned connection 33534803 to pool.
10:47:53,115 [Thread-103] DEBUG org.activiti.engine.impl.interceptor.LogInterceptor  - --- AcquireAsyncJobsDueCmd finished --------------------------------------------------------
10:47:53,115 [Thread-103] DEBUG org.activiti.engine.impl.interceptor.LogInterceptor  - 

10:47:53,114 [Thread-106] DEBUG org.apache.ibatis.datasource.pooled.PooledDataSource  - Returned connection 1970103261 to pool.
10:47:53,115 [Thread-106] DEBUG org.activiti.engine.impl.interceptor.LogInterceptor  - --- AcquireAsyncJobsDueCmd finished --------------------------------------------------------
10:47:53,115 [Thread-106] DEBUG org.activiti.engine.impl.interceptor.LogInterceptor  - 

10:47:53,114 [Thread-105] DEBUG org.activiti.engine.impl.interceptor.LogInterceptor  - --- AcquireTimerJobsCmd finished --------------------------------------------------------
10:47:53,115 [Thread-105] DEBUG org.activiti.engine.impl.interceptor.LogInterceptor  - 

10:47:53,115 [Thread-105] DEBUG org.activiti.engine.impl.asyncexecutor.AcquireTimerJobsRunnable  - timer job acquisition thread sleeping for 50 millis
10:47:53,115 [Thread-106] DEBUG org.activiti.engine.impl.asyncexecutor.AcquireAsyncJobsDueRunnable  - async job acquisition thread sleeping for 50 millis
10:47:53,115 [Thread-103] DEBUG org.activiti.engine.impl.asyncexecutor.AcquireAsyncJobsDueRunnable  - async job acquisition thread sleeping for 50 millis
10:47:53,128 [main] DEBUG org.activiti.engine.impl.interceptor.LogInterceptor  - 

10:47:53,128 [main] DEBUG org.activiti.engine.impl.interceptor.LogInterceptor  - --- starting JobQueryImpl --------------------------------------------------------
10:47:53,128 [main] DEBUG org.apache.ibatis.transaction.jdbc.JdbcTransaction  - Opening JDBC Connection
10:47:53,128 [main] DEBUG org.apache.ibatis.datasource.pooled.PooledDataSource  - Checked out connection 363509958 from pool.
10:47:53,128 [main] DEBUG org.apache.ibatis.transaction.jdbc.JdbcTransaction  - Setting autocommit to false on JDBC Connection [conn2: url=jdbc:h2:mem:activiti user=SA]
10:47:53,128 [main] DEBUG org.activiti.engine.impl.persistence.entity.JobEntity.selectJobByQueryCriteria  - ==&gt;  Preparing: select RES.* from ACT_RU_JOB RES order by order by RES.ID_ asc LIMIT ? OFFSET ? 
10:47:53,128 [main] DEBUG org.activiti.engine.impl.interceptor.CommandContext  - Error while closing command context
org.apache.ibatis.exceptions.PersistenceException: 
### Error querying database.  Cause: org.h2.jdbc.JdbcSQLException: Syntax error in SQL statement &quot;SELECT RES.* 
     
    FROM ACT_RU_JOB RES
     
      
   
     ORDER BY  ORDER[*] BY RES.ID_ ASC  
    LIMIT ? OFFSET ? &quot;; expected &quot;=, NOT, EXISTS, INTERSECTS, SELECT, FROM&quot;; SQL statement:
select RES.* 
     
    from ACT_RU_JOB RES
     
      
   
     order by  order by RES.ID_ asc  
    LIMIT ? OFFSET ? [42001-176]
### The error may exist in org/activiti/db/mapping/entity/Job.xml
### The error may involve org.activiti.engine.impl.persistence.entity.JobEntity.selectJobByQueryCriteria
### The error occurred while executing a query
### SQL: select RES.*            from ACT_RU_JOB RES                       order by  order by RES.ID_ asc       LIMIT ? OFFSET ?
### Cause: org.h2.jdbc.JdbcSQLException: Syntax error in SQL statement &quot;SELECT RES.* 
     
    FROM ACT_RU_JOB RES
     
      
   
     ORDER BY  ORDER[*] BY RES.ID_ ASC  
    LIMIT ? OFFSET ? &quot;; expected &quot;=, NOT, EXISTS, INTERSECTS, SELECT, FROM&quot;; SQL statement:
select RES.* 
     
    from ACT_RU_JOB RES
     
      
   
     order by  order by RES.ID_ asc  
    LIMIT ? OFFSET ? [42001-176]
	at org.apache.ibatis.exceptions.ExceptionFactory.wrapException(ExceptionFactory.java:30)
	at org.apache.ibatis.session.defaults.DefaultSqlSession.selectList(DefaultSqlSession.java:122)
	at org.apache.ibatis.session.defaults.DefaultSqlSession.selectList(DefaultSqlSession.java:113)
	at org.activiti.engine.impl.db.DbSqlSession.selectListWithRawParameter(DbSqlSession.java:438)
	at org.activiti.engine.impl.db.DbSqlSession.selectList(DbSqlSession.java:429)
	at org.activiti.engine.impl.db.DbSqlSession.selectList(DbSqlSession.java:419)
	at org.activiti.engine.impl.persistence.entity.JobEntityManager.findJobsByQueryCriteria(JobEntityManager.java:198)
	at org.activiti.engine.impl.JobQueryImpl.executeList(JobQueryImpl.java:243)
	at org.activiti.engine.impl.AbstractQuery.execute(AbstractQuery.java:164)
	at org.activiti.engine.impl.interceptor.CommandInvoker.execute(CommandInvoker.java:24)
	at org.activiti.engine.impl.interceptor.CommandContextInterceptor.execute(CommandContextInterceptor.java:57)
	at org.activiti.engine.impl.interceptor.LogInterceptor.execute(LogInterceptor.java:37)
	at org.activiti.engine.impl.cfg.CommandExecutorImpl.execute(CommandExecutorImpl.java:40)
	at org.activiti.engine.impl.cfg.CommandExecutorImpl.execute(CommandExecutorImpl.java:35)
	at org.activiti.engine.impl.AbstractQuery.list(AbstractQuery.java:138)
	at org.activiti.engine.impl.test.JobTestHelper.areJobsAvailable(JobTestHelper.java:194)
	at org.activiti.engine.impl.test.JobTestHelper.waitForJobExecutorToProcessAllJobs(JobTestHelper.java:74)
	at org.activiti.engine.impl.test.JobTestHelper.waitForJobExecutorToProcessAllJobs(JobTestHelper.java:47)
	at org.activiti.engine.impl.test.AbstractActivitiTestCase.waitForJobExecutorToProcessAllJobs(AbstractActivitiTestCase.java:204)
	at org.activiti.engine.test.jobexecutor.JobExecutorTest.testBasicJobExecutorOperation(JobExecutorTest.java:53)
	at sun.reflect.NativeMethodAccessorImpl.invoke0(Native Method)
	at sun.reflect.NativeMethodAccessorImpl.invoke(NativeMethodAccessorImpl.java:62)
	at sun.reflect.DelegatingMethodAccessorImpl.invoke(DelegatingMethodAccessorImpl.java:43)
	at java.lang.reflect.Method.invoke(Method.java:498)
	at junit.framework.TestCase.runTest(TestCase.java:176)
	at org.activiti.engine.impl.test.PvmTestCase.runTest(PvmTestCase.java:65)
	at junit.framework.TestCase.runBare(TestCase.java:141)
	at org.activiti.engine.impl.test.AbstractActivitiTestCase.runBare(AbstractActivitiTestCase.java:100)
	at junit.framework.TestResult$1.protect(TestResult.java:122)
	at junit.framework.TestResult.runProtected(TestResult.java:142)
	at junit.framework.TestResult.run(TestResult.java:125)
	at junit.framework.TestCase.run(TestCase.java:129)
	at junit.framework.TestSuite.runTest(TestSuite.java:255)
	at junit.framework.TestSuite.run(TestSuite.java:250)
	at org.junit.internal.runners.JUnit38ClassRunner.run(JUnit38ClassRunner.java:84)
	at org.apache.maven.surefire.junit4.JUnit4TestSet.execute(JUnit4TestSet.java:35)
	at org.apache.maven.surefire.junit4.JUnit4Provider.executeTestSet(JUnit4Provider.java:146)
	at org.apache.maven.surefire.junit4.JUnit4Provider.invoke(JUnit4Provider.java:97)
	at sun.reflect.NativeMethodAccessorImpl.invoke0(Native Method)
	at sun.reflect.NativeMethodAccessorImpl.invoke(NativeMethodAccessorImpl.java:62)
	at sun.reflect.DelegatingMethodAccessorImpl.invoke(DelegatingMethodAccessorImpl.java:43)
	at java.lang.reflect.Method.invoke(Method.java:498)
	at org.apache.maven.surefire.booter.ProviderFactory$ClassLoaderProxy.invoke(ProviderFactory.java:103)
	at com.sun.proxy.$Proxy0.invoke(Unknown Source)
	at org.apache.maven.surefire.booter.SurefireStarter.invokeProvider(SurefireStarter.java:145)
	at org.apache.maven.surefire.booter.SurefireStarter.runSuitesInProcess(SurefireStarter.java:87)
	at org.apache.maven.surefire.booter.ForkedBooter.main(ForkedBooter.java:69)
Caused by: org.h2.jdbc.JdbcSQLException: Syntax error in SQL statement &quot;SELECT RES.* 
     
    FROM ACT_RU_JOB RES
     
      
   
     ORDER BY  ORDER[*] BY RES.ID_ ASC  
    LIMIT ? OFFSET ? &quot;; expected &quot;=, NOT, EXISTS, INTERSECTS, SELECT, FROM&quot;; SQL statement:
select RES.* 
     
    from ACT_RU_JOB RES
     
      
   
     order by  order by RES.ID_ asc  
    LIMIT ? OFFSET ? [42001-176]
	at org.h2.message.DbException.getJdbcSQLException(DbException.java:344)
	at org.h2.message.DbException.getSyntaxError(DbException.java:204)
	at org.h2.command.Parser.getSyntaxError(Parser.java:524)
	at org.h2.command.Parser.readTerm(Parser.java:2688)
	at org.h2.command.Parser.readFactor(Parser.java:2244)
	at org.h2.command.Parser.readSum(Parser.java:2231)
	at org.h2.command.Parser.readConcat(Parser.java:2201)
	at org.h2.command.Parser.readCondition(Parser.java:2051)
	at org.h2.command.Parser.readAnd(Parser.java:2023)
	at org.h2.command.Parser.readExpression(Parser.java:2015)
	at org.h2.command.Parser.parseEndOfQuery(Parser.java:1726)
	at org.h2.command.Parser.parseSelectUnionExtension(Parser.java:1706)
	at org.h2.command.Parser.parseSelectUnion(Parser.java:1675)
	at org.h2.command.Parser.parseSelect(Parser.java:1662)
	at org.h2.command.Parser.parsePrepared(Parser.java:434)
	at org.h2.command.Parser.parse(Parser.java:306)
	at org.h2.command.Parser.parse(Parser.java:282)
	at org.h2.command.Parser.prepareCommand(Parser.java:243)
	at org.h2.engine.Session.prepareLocal(Session.java:442)
	at org.h2.engine.Session.prepareCommand(Session.java:384)
	at org.h2.jdbc.JdbcConnection.prepareCommand(JdbcConnection.java:1188)
	at org.h2.jdbc.JdbcPreparedStatement.&lt;init&gt;(JdbcPreparedStatement.java:73)
	at org.h2.jdbc.JdbcConnection.prepareStatement(JdbcConnection.java:276)
	at sun.reflect.GeneratedMethodAccessor6.invoke(Unknown Source)
	at sun.reflect.DelegatingMethodAccessorImpl.invoke(DelegatingMethodAccessorImpl.java:43)
	at java.lang.reflect.Method.invoke(Method.java:498)
	at org.apache.ibatis.datasource.pooled.PooledConnection.invoke(PooledConnection.java:245)
	at com.sun.proxy.$Proxy12.prepareStatement(Unknown Source)
	at sun.reflect.GeneratedMethodAccessor6.invoke(Unknown Source)
	at sun.reflect.DelegatingMethodAccessorImpl.invoke(DelegatingMethodAccessorImpl.java:43)
	at java.lang.reflect.Method.invoke(Method.java:498)
	at org.apache.ibatis.logging.jdbc.ConnectionLogger.invoke(ConnectionLogger.java:55)
	at com.sun.proxy.$Proxy12.prepareStatement(Unknown Source)
	at org.apache.ibatis.executor.statement.PreparedStatementHandler.instantiateStatement(PreparedStatementHandler.java:79)
	at org.apache.ibatis.executor.statement.BaseStatementHandler.prepare(BaseStatementHandler.java:88)
	at org.apache.ibatis.executor.statement.RoutingStatementHandler.prepare(RoutingStatementHandler.java:58)
	at org.apache.ibatis.executor.SimpleExecutor.prepareStatement(SimpleExecutor.java:76)
	at org.apache.ibatis.executor.SimpleExecutor.doQuery(SimpleExecutor.java:61)
	at org.apache.ibatis.executor.BaseExecutor.queryFromDatabase(BaseExecutor.java:303)
	at org.apache.ibatis.executor.BaseExecutor.query(BaseExecutor.java:154)
	at org.apache.ibatis.executor.CachingExecutor.query(CachingExecutor.java:102)
	at org.apache.ibatis.executor.CachingExecutor.query(CachingExecutor.java:82)
	at org.apache.ibatis.session.defaults.DefaultSqlSession.selectList(DefaultSqlSession.java:120)
	... 45 more
10:47:53,129 [main] DEBUG org.activiti.engine.impl.cfg.standalone.StandaloneMybatisTransactionContext  - firing event rolling back...
10:47:53,129 [main] DEBUG org.activiti.engine.impl.cfg.standalone.StandaloneMybatisTransactionContext  - rolling back ibatis sql session...
10:47:53,129 [main] DEBUG org.activiti.engine.impl.cfg.standalone.StandaloneMybatisTransactionContext  - firing event rolled back...
10:47:53,129 [main] DEBUG org.apache.ibatis.transaction.jdbc.JdbcTransaction  - Resetting autocommit to true on JDBC Connection [conn2: url=jdbc:h2:mem:activiti user=SA]
10:47:53,129 [main] DEBUG org.apache.ibatis.transaction.jdbc.JdbcTransaction  - Closing JDBC Connection [conn2: url=jdbc:h2:mem:activiti user=SA]
10:47:53,129 [main] DEBUG org.apache.ibatis.datasource.pooled.PooledDataSource  - Returned connection 363509958 to pool.
10:47:53,129 [main] DEBUG org.activiti.engine.impl.interceptor.LogInterceptor  - --- JobQueryImpl finished --------------------------------------------------------
10:47:53,129 [main] DEBUG org.activiti.engine.impl.interceptor.LogInterceptor  - 

10:47:53,159 [Thread-112] DEBUG org.activiti.engine.impl.asyncexecutor.AcquireAsyncJobsDueRunnable  - async job acquisition thread woke up
10:47:53,159 [Thread-112] DEBUG org.activiti.engine.impl.interceptor.LogInterceptor  - 

10:47:53,159 [Thread-112] DEBUG org.activiti.engine.impl.interceptor.LogInterceptor  - --- starting AcquireAsyncJobsDueCmd --------------------------------------------------------
10:47:53,159 [Thread-112] DEBUG org.apache.ibatis.transaction.jdbc.JdbcTransaction  - Opening JDBC Connection
10:47:53,159 [Thread-112] DEBUG org.apache.ibatis.datasource.pooled.PooledDataSource  - Checked out connection 1863805930 from pool.
10:47:53,159 [Thread-112] DEBUG org.apache.ibatis.transaction.jdbc.JdbcTransaction  - Setting autocommit to false on JDBC Connection [conn69: url=jdbc:h2:mem:activiti-AsyncExecutorTest user=SA]
10:47:53,159 [Thread-112] DEBUG org.activiti.engine.impl.persistence.entity.JobEntity.selectAsyncJobsDueToExecute  - ==&gt;  Preparing: select RES.* from ACT_RU_JOB RES LEFT OUTER JOIN ACT_RU_EXECUTION PI ON PI.ID_ = RES.PROCESS_INSTANCE_ID_ where RES.RETRIES_ &gt; 0 and RES.DUEDATE_ is not null and RES.DUEDATE_ &lt;= ? and (RES.LOCK_EXP_TIME_ is null or RES.LOCK_EXP_TIME_ &lt;= ?) and TYPE_ = &apos;message&apos; and ( (RES.EXECUTION_ID_ is null) or (PI.SUSPENSION_STATE_ = 1) ) LIMIT ? OFFSET ? 
10:47:53,159 [Thread-112] DEBUG org.activiti.engine.impl.persistence.entity.JobEntity.selectAsyncJobsDueToExecute  - ==&gt; Parameters: 2023-03-20 10:48:50.669(Timestamp), 2023-03-20 10:48:50.669(Timestamp), 1(Integer), 0(Integer)
10:47:53,159 [Thread-112] DEBUG org.activiti.engine.impl.persistence.entity.JobEntity.selectAsyncJobsDueToExecute  - &lt;==      Total: 0
10:47:53,159 [Thread-112] DEBUG org.activiti.engine.impl.db.DbSqlSession  - flush summary: 0 insert, 0 update, 0 delete.
10:47:53,159 [Thread-112] DEBUG org.activiti.engine.impl.db.DbSqlSession  - now executing flush...
10:47:53,159 [Thread-112] DEBUG org.activiti.engine.impl.cfg.standalone.StandaloneMybatisTransactionContext  - firing event committing...
10:47:53,159 [Thread-112] DEBUG org.activiti.engine.impl.cfg.standalone.StandaloneMybatisTransactionContext  - committing the ibatis sql session...
10:47:53,159 [Thread-112] DEBUG org.activiti.engine.impl.cfg.standalone.StandaloneMybatisTransactionContext  - firing event committed...
10:47:53,159 [Thread-112] DEBUG org.apache.ibatis.transaction.jdbc.JdbcTransaction  - Resetting autocommit to true on JDBC Connection [conn69: url=jdbc:h2:mem:activiti-AsyncExecutorTest user=SA]
10:47:53,159 [Thread-112] DEBUG org.apache.ibatis.transaction.jdbc.JdbcTransaction  - Closing JDBC Connection [conn69: url=jdbc:h2:mem:activiti-AsyncExecutorTest user=SA]
10:47:53,159 [Thread-112] DEBUG org.apache.ibatis.datasource.pooled.PooledDataSource  - Returned connection 1863805930 to pool.
10:47:53,159 [Thread-112] DEBUG org.activiti.engine.impl.interceptor.LogInterceptor  - --- AcquireAsyncJobsDueCmd finished --------------------------------------------------------
10:47:53,159 [Thread-112] DEBUG org.activiti.engine.impl.interceptor.LogInterceptor  - 

10:47:53,160 [Thread-112] DEBUG org.activiti.engine.impl.asyncexecutor.AcquireAsyncJobsDueRunnable  - async job acquisition thread sleeping for 50 millis
10:47:53,175 [Thread-103] DEBUG org.activiti.engine.impl.asyncexecutor.AcquireAsyncJobsDueRunnable  - async job acquisition thread woke up
10:47:53,175 [Thread-103] DEBUG org.activiti.engine.impl.interceptor.LogInterceptor  - 

10:47:53,175 [Thread-103] DEBUG org.activiti.engine.impl.interceptor.LogInterceptor  - --- starting AcquireAsyncJobsDueCmd --------------------------------------------------------
10:47:53,175 [Thread-111] DEBUG org.activiti.engine.impl.asyncexecutor.AcquireTimerJobsRunnable  - timer job acquisition thread woke up
10:47:53,175 [Thread-111] DEBUG org.activiti.engine.impl.interceptor.LogInterceptor  - 

10:47:53,175 [Thread-111] DEBUG org.activiti.engine.impl.interceptor.LogInterceptor  - --- starting AcquireTimerJobsCmd --------------------------------------------------------
10:47:53,175 [Thread-111] DEBUG org.apache.ibatis.transaction.jdbc.JdbcTransaction  - Opening JDBC Connection
10:47:53,175 [Thread-111] DEBUG org.apache.ibatis.datasource.pooled.PooledDataSource  - Checked out connection 604408605 from pool.
10:47:53,175 [Thread-111] DEBUG org.apache.ibatis.transaction.jdbc.JdbcTransaction  - Setting autocommit to false on JDBC Connection [conn70: url=jdbc:h2:mem:activiti-AsyncExecutorTest user=SA]
10:47:53,175 [Thread-102] DEBUG org.activiti.engine.impl.asyncexecutor.AcquireTimerJobsRunnable  - timer job acquisition thread woke up
10:47:53,175 [Thread-102] DEBUG org.activiti.engine.impl.interceptor.LogInterceptor  - 

10:47:53,175 [Thread-102] DEBUG org.activiti.engine.impl.interceptor.LogInterceptor  - --- starting AcquireTimerJobsCmd --------------------------------------------------------
10:47:53,175 [Thread-102] DEBUG org.apache.ibatis.transaction.jdbc.JdbcTransaction  - Opening JDBC Connection
10:47:53,175 [Thread-102] DEBUG org.apache.ibatis.datasource.pooled.PooledDataSource  - Checked out connection 157985567 from pool.
10:47:53,175 [Thread-102] DEBUG org.apache.ibatis.transaction.jdbc.JdbcTransaction  - Setting autocommit to false on JDBC Connection [conn61: url=jdbc:h2:mem:activiti-AsyncExecutorTest user=SA]
10:47:53,175 [Thread-102] DEBUG org.activiti.engine.impl.persistence.entity.JobEntity.selectNextTimerJobsToExecute  - ==&gt;  Preparing: select RES.* from ACT_RU_JOB RES LEFT OUTER JOIN ACT_RU_EXECUTION PI ON PI.ID_ = RES.PROCESS_INSTANCE_ID_ where (RES.RETRIES_ &gt; 0) and (RES.DUEDATE_ is null or RES.DUEDATE_ &lt;= ?) and (RES.LOCK_OWNER_ is null or RES.LOCK_EXP_TIME_ &lt;= ?) and TYPE_ = &apos;timer&apos; and ( (RES.EXECUTION_ID_ is null) or (PI.SUSPENSION_STATE_ = 1) ) LIMIT ? OFFSET ? 
10:47:53,175 [Thread-106] DEBUG org.activiti.engine.impl.asyncexecutor.AcquireAsyncJobsDueRunnable  - async job acquisition thread woke up
10:47:53,175 [Thread-106] DEBUG org.activiti.engine.impl.interceptor.LogInterceptor  - 

10:47:53,175 [Thread-106] DEBUG org.activiti.engine.impl.interceptor.LogInterceptor  - --- starting AcquireAsyncJobsDueCmd --------------------------------------------------------
10:47:53,175 [Thread-105] DEBUG org.activiti.engine.impl.asyncexecutor.AcquireTimerJobsRunnable  - timer job acquisition thread woke up
10:47:53,175 [Thread-105] DEBUG org.activiti.engine.impl.interceptor.LogInterceptor  - 

10:47:53,175 [Thread-105] DEBUG org.activiti.engine.impl.interceptor.LogInterceptor  - --- starting AcquireTimerJobsCmd --------------------------------------------------------
10:47:53,176 [Thread-105] DEBUG org.apache.ibatis.transaction.jdbc.JdbcTransaction  - Opening JDBC Connection
10:47:53,176 [Thread-105] DEBUG org.apache.ibatis.datasource.pooled.PooledDataSource  - Checked out connection 996762054 from pool.
10:47:53,176 [Thread-105] DEBUG org.apache.ibatis.transaction.jdbc.JdbcTransaction  - Setting autocommit to false on JDBC Connection [conn65: url=jdbc:h2:mem:activiti-AsyncExecutorTest user=SA]
10:47:53,176 [Thread-105] DEBUG org.activiti.engine.impl.persistence.entity.JobEntity.selectNextTimerJobsToExecute  - ==&gt;  Preparing: select RES.* from ACT_RU_JOB RES LEFT OUTER JOIN ACT_RU_EXECUTION PI ON PI.ID_ = RES.PROCESS_INSTANCE_ID_ where (RES.RETRIES_ &gt; 0) and (RES.DUEDATE_ is null or RES.DUEDATE_ &lt;= ?) and (RES.LOCK_OWNER_ is null or RES.LOCK_EXP_TIME_ &lt;= ?) and TYPE_ = &apos;timer&apos; and ( (RES.EXECUTION_ID_ is null) or (PI.SUSPENSION_STATE_ = 1) ) LIMIT ? OFFSET ? 
10:47:53,176 [Thread-105] DEBUG org.activiti.engine.impl.persistence.entity.JobEntity.selectNextTimerJobsToExecute  - ==&gt; Parameters: 2023-03-20 10:48:50.669(Timestamp), 2023-03-20 10:48:50.669(Timestamp), 1(Integer), 0(Integer)
10:47:53,176 [Thread-105] DEBUG org.activiti.engine.impl.persistence.entity.JobEntity.selectNextTimerJobsToExecute  - &lt;==      Total: 0
10:47:53,176 [Thread-105] DEBUG org.activiti.engine.impl.db.DbSqlSession  - flush summary: 0 insert, 0 update, 0 delete.
10:47:53,176 [Thread-105] DEBUG org.activiti.engine.impl.db.DbSqlSession  - now executing flush...
10:47:53,176 [Thread-105] DEBUG org.activiti.engine.impl.cfg.standalone.StandaloneMybatisTransactionContext  - firing event committing...
10:47:53,176 [Thread-105] DEBUG org.activiti.engine.impl.cfg.standalone.StandaloneMybatisTransactionContext  - committing the ibatis sql session...
10:47:53,176 [Thread-105] DEBUG org.activiti.engine.impl.cfg.standalone.StandaloneMybatisTransactionContext  - firing event committed...
10:47:53,176 [Thread-105] DEBUG org.apache.ibatis.transaction.jdbc.JdbcTransaction  - Resetting autocommit to true on JDBC Connection [conn65: url=jdbc:h2:mem:activiti-AsyncExecutorTest user=SA]
10:47:53,176 [Thread-105] DEBUG org.apache.ibatis.transaction.jdbc.JdbcTransaction  - Closing JDBC Connection [conn65: url=jdbc:h2:mem:activiti-AsyncExecutorTest user=SA]
10:47:53,175 [Thread-106] DEBUG org.apache.ibatis.transaction.jdbc.JdbcTransaction  - Opening JDBC Connection
10:47:53,175 [Thread-102] DEBUG org.activiti.engine.impl.persistence.entity.JobEntity.selectNextTimerJobsToExecute  - ==&gt; Parameters: 2023-03-20 10:48:50.669(Timestamp), 2023-03-20 10:48:50.669(Timestamp), 1(Integer), 0(Integer)
10:47:53,175 [Thread-111] DEBUG org.activiti.engine.impl.persistence.entity.JobEntity.selectNextTimerJobsToExecute  - ==&gt;  Preparing: select RES.* from ACT_RU_JOB RES LEFT OUTER JOIN ACT_RU_EXECUTION PI ON PI.ID_ = RES.PROCESS_INSTANCE_ID_ where (RES.RETRIES_ &gt; 0) and (RES.DUEDATE_ is null or RES.DUEDATE_ &lt;= ?) and (RES.LOCK_OWNER_ is null or RES.LOCK_EXP_TIME_ &lt;= ?) and TYPE_ = &apos;timer&apos; and ( (RES.EXECUTION_ID_ is null) or (PI.SUSPENSION_STATE_ = 1) ) LIMIT ? OFFSET ? 
10:47:53,175 [Thread-103] DEBUG org.apache.ibatis.transaction.jdbc.JdbcTransaction  - Opening JDBC Connection
10:47:53,176 [Thread-103] DEBUG org.apache.ibatis.datasource.pooled.PooledDataSource  - Checked out connection 720039383 from pool.
10:47:53,176 [Thread-103] DEBUG org.apache.ibatis.transaction.jdbc.JdbcTransaction  - Setting autocommit to false on JDBC Connection [conn59: url=jdbc:h2:mem:activiti-AsyncExecutorTest user=SA]
10:47:53,176 [Thread-111] DEBUG org.activiti.engine.impl.persistence.entity.JobEntity.selectNextTimerJobsToExecute  - ==&gt; Parameters: 2023-03-20 10:48:50.669(Timestamp), 2023-03-20 10:48:50.669(Timestamp), 1(Integer), 0(Integer)
10:47:53,176 [Thread-111] DEBUG org.activiti.engine.impl.persistence.entity.JobEntity.selectNextTimerJobsToExecute  - &lt;==      Total: 0
10:47:53,176 [Thread-102] DEBUG org.activiti.engine.impl.persistence.entity.JobEntity.selectNextTimerJobsToExecute  - &lt;==      Total: 0
10:47:53,176 [Thread-105] DEBUG org.apache.ibatis.datasource.pooled.PooledDataSource  - Returned connection 996762054 to pool.
10:47:53,176 [Thread-105] DEBUG org.activiti.engine.impl.interceptor.LogInterceptor  - --- AcquireTimerJobsCmd finished --------------------------------------------------------
10:47:53,176 [Thread-105] DEBUG org.activiti.engine.impl.interceptor.LogInterceptor  - 

10:47:53,176 [Thread-102] DEBUG org.activiti.engine.impl.db.DbSqlSession  - flush summary: 0 insert, 0 update, 0 delete.
10:47:53,176 [Thread-102] DEBUG org.activiti.engine.impl.db.DbSqlSession  - now executing flush...
10:47:53,176 [Thread-102] DEBUG org.activiti.engine.impl.cfg.standalone.StandaloneMybatisTransactionContext  - firing event committing...
10:47:53,176 [Thread-102] DEBUG org.activiti.engine.impl.cfg.standalone.StandaloneMybatisTransactionContext  - committing the ibatis sql session...
10:47:53,176 [Thread-102] DEBUG org.activiti.engine.impl.cfg.standalone.StandaloneMybatisTransactionContext  - firing event committed...
10:47:53,177 [Thread-102] DEBUG org.apache.ibatis.transaction.jdbc.JdbcTransaction  - Resetting autocommit to true on JDBC Connection [conn61: url=jdbc:h2:mem:activiti-AsyncExecutorTest user=SA]
10:47:53,177 [Thread-102] DEBUG org.apache.ibatis.transaction.jdbc.JdbcTransaction  - Closing JDBC Connection [conn61: url=jdbc:h2:mem:activiti-AsyncExecutorTest user=SA]
10:47:53,176 [Thread-111] DEBUG org.activiti.engine.impl.db.DbSqlSession  - flush summary: 0 insert, 0 update, 0 delete.
10:47:53,177 [Thread-111] DEBUG org.activiti.engine.impl.db.DbSqlSession  - now executing flush...
10:47:53,177 [Thread-111] DEBUG org.activiti.engine.impl.cfg.standalone.StandaloneMybatisTransactionContext  - firing event committing...
10:47:53,177 [Thread-111] DEBUG org.activiti.engine.impl.cfg.standalone.StandaloneMybatisTransactionContext  - committing the ibatis sql session...
10:47:53,177 [Thread-111] DEBUG org.activiti.engine.impl.cfg.standalone.StandaloneMybatisTransactionContext  - firing event committed...
10:47:53,177 [Thread-111] DEBUG org.apache.ibatis.transaction.jdbc.JdbcTransaction  - Resetting autocommit to true on JDBC Connection [conn70: url=jdbc:h2:mem:activiti-AsyncExecutorTest user=SA]
10:47:53,177 [Thread-111] DEBUG org.apache.ibatis.transaction.jdbc.JdbcTransaction  - Closing JDBC Connection [conn70: url=jdbc:h2:mem:activiti-AsyncExecutorTest user=SA]
10:47:53,177 [Thread-111] DEBUG org.apache.ibatis.datasource.pooled.PooledDataSource  - Returned connection 604408605 to pool.
10:47:53,177 [Thread-111] DEBUG org.activiti.engine.impl.interceptor.LogInterceptor  - --- AcquireTimerJobsCmd finished --------------------------------------------------------
10:47:53,177 [Thread-111] DEBUG org.activiti.engine.impl.interceptor.LogInterceptor  - 

10:47:53,176 [Thread-103] DEBUG org.activiti.engine.impl.persistence.entity.JobEntity.selectAsyncJobsDueToExecute  - ==&gt;  Preparing: select RES.* from ACT_RU_JOB RES LEFT OUTER JOIN ACT_RU_EXECUTION PI ON PI.ID_ = RES.PROCESS_INSTANCE_ID_ where RES.RETRIES_ &gt; 0 and RES.DUEDATE_ is not null and RES.DUEDATE_ &lt;= ? and (RES.LOCK_EXP_TIME_ is null or RES.LOCK_EXP_TIME_ &lt;= ?) and TYPE_ = &apos;message&apos; and ( (RES.EXECUTION_ID_ is null) or (PI.SUSPENSION_STATE_ = 1) ) LIMIT ? OFFSET ? 
10:47:53,177 [Thread-111] DEBUG org.activiti.engine.impl.asyncexecutor.AcquireTimerJobsRunnable  - timer job acquisition thread sleeping for 50 millis
10:47:53,177 [Thread-102] DEBUG org.apache.ibatis.datasource.pooled.PooledDataSource  - Returned connection 157985567 to pool.
10:47:53,176 [Thread-105] DEBUG org.activiti.engine.impl.asyncexecutor.AcquireTimerJobsRunnable  - timer job acquisition thread sleeping for 50 millis
10:47:53,176 [Thread-106] DEBUG org.apache.ibatis.datasource.pooled.PooledDataSource  - Checked out connection 54468349 from pool.
10:47:53,177 [Thread-106] DEBUG org.apache.ibatis.transaction.jdbc.JdbcTransaction  - Setting autocommit to false on JDBC Connection [conn64: url=jdbc:h2:mem:activiti-AsyncExecutorTest user=SA]
10:47:53,177 [Thread-106] DEBUG org.activiti.engine.impl.persistence.entity.JobEntity.selectAsyncJobsDueToExecute  - ==&gt;  Preparing: select RES.* from ACT_RU_JOB RES LEFT OUTER JOIN ACT_RU_EXECUTION PI ON PI.ID_ = RES.PROCESS_INSTANCE_ID_ where RES.RETRIES_ &gt; 0 and RES.DUEDATE_ is not null and RES.DUEDATE_ &lt;= ? and (RES.LOCK_EXP_TIME_ is null or RES.LOCK_EXP_TIME_ &lt;= ?) and TYPE_ = &apos;message&apos; and ( (RES.EXECUTION_ID_ is null) or (PI.SUSPENSION_STATE_ = 1) ) LIMIT ? OFFSET ? 
10:47:53,177 [Thread-102] DEBUG org.activiti.engine.impl.interceptor.LogInterceptor  - --- AcquireTimerJobsCmd finished --------------------------------------------------------
10:47:53,177 [Thread-102] DEBUG org.activiti.engine.impl.interceptor.LogInterceptor  - 

10:47:53,177 [Thread-102] DEBUG org.activiti.engine.impl.asyncexecutor.AcquireTimerJobsRunnable  - timer job acquisition thread sleeping for 50 millis
10:47:53,177 [Thread-103] DEBUG org.activiti.engine.impl.persistence.entity.JobEntity.selectAsyncJobsDueToExecute  - ==&gt; Parameters: 2023-03-20 10:48:50.669(Timestamp), 2023-03-20 10:48:50.669(Timestamp), 1(Integer), 0(Integer)
10:47:53,177 [Thread-106] DEBUG org.activiti.engine.impl.persistence.entity.JobEntity.selectAsyncJobsDueToExecute  - ==&gt; Parameters: 2023-03-20 10:48:50.669(Timestamp), 2023-03-20 10:48:50.669(Timestamp), 1(Integer), 0(Integer)
10:47:53,177 [Thread-103] DEBUG org.activiti.engine.impl.persistence.entity.JobEntity.selectAsyncJobsDueToExecute  - &lt;==      Total: 0
10:47:53,177 [Thread-103] DEBUG org.activiti.engine.impl.db.DbSqlSession  - flush summary: 0 insert, 0 update, 0 delete.
10:47:53,177 [Thread-103] DEBUG org.activiti.engine.impl.db.DbSqlSession  - now executing flush...
10:47:53,177 [Thread-103] DEBUG org.activiti.engine.impl.cfg.standalone.StandaloneMybatisTransactionContext  - firing event committing...
10:47:53,177 [Thread-103] DEBUG org.activiti.engine.impl.cfg.standalone.StandaloneMybatisTransactionContext  - committing the ibatis sql session...
10:47:53,177 [Thread-103] DEBUG org.activiti.engine.impl.cfg.standalone.StandaloneMybatisTransactionContext  - firing event committed...
10:47:53,177 [Thread-103] DEBUG org.apache.ibatis.transaction.jdbc.JdbcTransaction  - Resetting autocommit to true on JDBC Connection [conn59: url=jdbc:h2:mem:activiti-AsyncExecutorTest user=SA]
10:47:53,177 [Thread-103] DEBUG org.apache.ibatis.transaction.jdbc.JdbcTransaction  - Closing JDBC Connection [conn59: url=jdbc:h2:mem:activiti-AsyncExecutorTest user=SA]
10:47:53,177 [Thread-103] DEBUG org.apache.ibatis.datasource.pooled.PooledDataSource  - Returned connection 720039383 to pool.
10:47:53,177 [Thread-103] DEBUG org.activiti.engine.impl.interceptor.LogInterceptor  - --- AcquireAsyncJobsDueCmd finished --------------------------------------------------------
10:47:53,177 [Thread-103] DEBUG org.activiti.engine.impl.interceptor.LogInterceptor  - 

10:47:53,177 [Thread-103] DEBUG org.activiti.engine.impl.asyncexecutor.AcquireAsyncJobsDueRunnable  - async job acquisition thread sleeping for 50 millis
10:47:53,177 [Thread-106] DEBUG org.activiti.engine.impl.persistence.entity.JobEntity.selectAsyncJobsDueToExecute  - &lt;==      Total: 0
10:47:53,177 [Thread-106] DEBUG org.activiti.engine.impl.db.DbSqlSession  - flush summary: 0 insert, 0 update, 0 delete.
10:47:53,178 [Thread-106] DEBUG org.activiti.engine.impl.db.DbSqlSession  - now executing flush...
10:47:53,178 [Thread-106] DEBUG org.activiti.engine.impl.cfg.standalone.StandaloneMybatisTransactionContext  - firing event committing...
10:47:53,178 [Thread-106] DEBUG org.activiti.engine.impl.cfg.standalone.StandaloneMybatisTransactionContext  - committing the ibatis sql session...
10:47:53,178 [Thread-106] DEBUG org.activiti.engine.impl.cfg.standalone.StandaloneMybatisTransactionContext  - firing event committed...
10:47:53,178 [Thread-106] DEBUG org.apache.ibatis.transaction.jdbc.JdbcTransaction  - Resetting autocommit to true on JDBC Connection [conn64: url=jdbc:h2:mem:activiti-AsyncExecutorTest user=SA]
10:47:53,178 [Thread-106] DEBUG org.apache.ibatis.transaction.jdbc.JdbcTransaction  - Closing JDBC Connection [conn64: url=jdbc:h2:mem:activiti-AsyncExecutorTest user=SA]
10:47:53,178 [Thread-106] DEBUG org.apache.ibatis.datasource.pooled.PooledDataSource  - Returned connection 54468349 to pool.
10:47:53,178 [Thread-106] DEBUG org.activiti.engine.impl.interceptor.LogInterceptor  - --- AcquireAsyncJobsDueCmd finished --------------------------------------------------------
10:47:53,178 [Thread-106] DEBUG org.activiti.engine.impl.interceptor.LogInterceptor  - 

10:47:53,178 [Thread-106] DEBUG org.activiti.engine.impl.asyncexecutor.AcquireAsyncJobsDueRunnable  - async job acquisition thread sleeping for 50 millis
10:47:53,223 [Thread-112] DEBUG org.activiti.engine.impl.asyncexecutor.AcquireAsyncJobsDueRunnable  - async job acquisition thread woke up
10:47:53,223 [Thread-112] DEBUG org.activiti.engine.impl.interceptor.LogInterceptor  - 

10:47:53,223 [Thread-112] DEBUG org.activiti.engine.impl.interceptor.LogInterceptor  - --- starting AcquireAsyncJobsDueCmd --------------------------------------------------------
10:47:53,223 [Thread-112] DEBUG org.apache.ibatis.transaction.jdbc.JdbcTransaction  - Opening JDBC Connection
10:47:53,223 [Thread-112] DEBUG org.apache.ibatis.datasource.pooled.PooledDataSource  - Checked out connection 58501658 from pool.
10:47:53,223 [Thread-112] DEBUG org.apache.ibatis.transaction.jdbc.JdbcTransaction  - Setting autocommit to false on JDBC Connection [conn68: url=jdbc:h2:mem:activiti-AsyncExecutorTest user=SA]
10:47:53,223 [Thread-112] DEBUG org.activiti.engine.impl.persistence.entity.JobEntity.selectAsyncJobsDueToExecute  - ==&gt;  Preparing: select RES.* from ACT_RU_JOB RES LEFT OUTER JOIN ACT_RU_EXECUTION PI ON PI.ID_ = RES.PROCESS_INSTANCE_ID_ where RES.RETRIES_ &gt; 0 and RES.DUEDATE_ is not null and RES.DUEDATE_ &lt;= ? and (RES.LOCK_EXP_TIME_ is null or RES.LOCK_EXP_TIME_ &lt;= ?) and TYPE_ = &apos;message&apos; and ( (RES.EXECUTION_ID_ is null) or (PI.SUSPENSION_STATE_ = 1) ) LIMIT ? OFFSET ? 
10:47:53,223 [Thread-112] DEBUG org.activiti.engine.impl.persistence.entity.JobEntity.selectAsyncJobsDueToExecute  - ==&gt; Parameters: 2023-03-20 10:48:50.669(Timestamp), 2023-03-20 10:48:50.669(Timestamp), 1(Integer), 0(Integer)
10:47:53,223 [Thread-112] DEBUG org.activiti.engine.impl.persistence.entity.JobEntity.selectAsyncJobsDueToExecute  - &lt;==      Total: 0
10:47:53,223 [Thread-112] DEBUG org.activiti.engine.impl.db.DbSqlSession  - flush summary: 0 insert, 0 update, 0 delete.
10:47:53,223 [Thread-112] DEBUG org.activiti.engine.impl.db.DbSqlSession  - now executing flush...
10:47:53,223 [Thread-112] DEBUG org.activiti.engine.impl.cfg.standalone.StandaloneMybatisTransactionContext  - firing event committing...
10:47:53,223 [Thread-112] DEBUG org.activiti.engine.impl.cfg.standalone.StandaloneMybatisTransactionContext  - committing the ibatis sql session...
10:47:53,223 [Thread-112] DEBUG org.activiti.engine.impl.cfg.standalone.StandaloneMybatisTransactionContext  - firing event committed...
10:47:53,223 [Thread-112] DEBUG org.apache.ibatis.transaction.jdbc.JdbcTransaction  - Resetting autocommit to true on JDBC Connection [conn68: url=jdbc:h2:mem:activiti-AsyncExecutorTest user=SA]
10:47:53,224 [Thread-112] DEBUG org.apache.ibatis.transaction.jdbc.JdbcTransaction  - Closing JDBC Connection [conn68: url=jdbc:h2:mem:activiti-AsyncExecutorTest user=SA]
10:47:53,224 [Thread-112] DEBUG org.apache.ibatis.datasource.pooled.PooledDataSource  - Returned connection 58501658 to pool.
10:47:53,224 [Thread-112] DEBUG org.activiti.engine.impl.interceptor.LogInterceptor  - --- AcquireAsyncJobsDueCmd finished --------------------------------------------------------
10:47:53,224 [Thread-112] DEBUG org.activiti.engine.impl.interceptor.LogInterceptor  - 

10:47:53,224 [Thread-112] DEBUG org.activiti.engine.impl.asyncexecutor.AcquireAsyncJobsDueRunnable  - async job acquisition thread sleeping for 50 millis
10:47:53,239 [Thread-106] DEBUG org.activiti.engine.impl.asyncexecutor.AcquireAsyncJobsDueRunnable  - async job acquisition thread woke up
10:47:53,239 [Thread-106] DEBUG org.activiti.engine.impl.interceptor.LogInterceptor  - 

10:47:53,239 [Thread-106] DEBUG org.activiti.engine.impl.interceptor.LogInterceptor  - --- starting AcquireAsyncJobsDueCmd --------------------------------------------------------
10:47:53,239 [Thread-106] DEBUG org.apache.ibatis.transaction.jdbc.JdbcTransaction  - Opening JDBC Connection
10:47:53,239 [Thread-106] DEBUG org.apache.ibatis.datasource.pooled.PooledDataSource  - Checked out connection 1970103261 from pool.
10:47:53,239 [Thread-111] DEBUG org.activiti.engine.impl.asyncexecutor.AcquireTimerJobsRunnable  - timer job acquisition thread woke up
10:47:53,239 [Thread-102] DEBUG org.activiti.engine.impl.asyncexecutor.AcquireTimerJobsRunnable  - timer job acquisition thread woke up
10:47:53,239 [Thread-102] DEBUG org.activiti.engine.impl.interceptor.LogInterceptor  - 

10:47:53,239 [Thread-102] DEBUG org.activiti.engine.impl.interceptor.LogInterceptor  - --- starting AcquireTimerJobsCmd --------------------------------------------------------
10:47:53,239 [Thread-105] DEBUG org.activiti.engine.impl.asyncexecutor.AcquireTimerJobsRunnable  - timer job acquisition thread woke up
10:47:53,239 [Thread-105] DEBUG org.activiti.engine.impl.interceptor.LogInterceptor  - 

10:47:53,239 [Thread-105] DEBUG org.activiti.engine.impl.interceptor.LogInterceptor  - --- starting AcquireTimerJobsCmd --------------------------------------------------------
10:47:53,239 [Thread-103] DEBUG org.activiti.engine.impl.asyncexecutor.AcquireAsyncJobsDueRunnable  - async job acquisition thread woke up
10:47:53,239 [Thread-103] DEBUG org.activiti.engine.impl.interceptor.LogInterceptor  - 

10:47:53,239 [Thread-103] DEBUG org.activiti.engine.impl.interceptor.LogInterceptor  - --- starting AcquireAsyncJobsDueCmd --------------------------------------------------------
10:47:53,239 [Thread-105] DEBUG org.apache.ibatis.transaction.jdbc.JdbcTransaction  - Opening JDBC Connection
10:47:53,239 [Thread-105] DEBUG org.apache.ibatis.datasource.pooled.PooledDataSource  - Checked out connection 996762054 from pool.
10:47:53,239 [Thread-102] DEBUG org.apache.ibatis.transaction.jdbc.JdbcTransaction  - Opening JDBC Connection
10:47:53,240 [Thread-102] DEBUG org.apache.ibatis.datasource.pooled.PooledDataSource  - Checked out connection 33534803 from pool.
10:47:53,240 [Thread-102] DEBUG org.apache.ibatis.transaction.jdbc.JdbcTransaction  - Setting autocommit to false on JDBC Connection [conn60: url=jdbc:h2:mem:activiti-AsyncExecutorTest user=SA]
10:47:53,239 [Thread-111] DEBUG org.activiti.engine.impl.interceptor.LogInterceptor  - 

10:47:53,240 [Thread-111] DEBUG org.activiti.engine.impl.interceptor.LogInterceptor  - --- starting AcquireTimerJobsCmd --------------------------------------------------------
10:47:53,239 [Thread-106] DEBUG org.apache.ibatis.transaction.jdbc.JdbcTransaction  - Setting autocommit to false on JDBC Connection [conn63: url=jdbc:h2:mem:activiti-AsyncExecutorTest user=SA]
10:47:53,240 [Thread-111] DEBUG org.apache.ibatis.transaction.jdbc.JdbcTransaction  - Opening JDBC Connection
10:47:53,240 [Thread-111] DEBUG org.apache.ibatis.datasource.pooled.PooledDataSource  - Checked out connection 1863805930 from pool.
10:47:53,240 [Thread-111] DEBUG org.apache.ibatis.transaction.jdbc.JdbcTransaction  - Setting autocommit to false on JDBC Connection [conn69: url=jdbc:h2:mem:activiti-AsyncExecutorTest user=SA]
10:47:53,240 [Thread-102] DEBUG org.activiti.engine.impl.persistence.entity.JobEntity.selectNextTimerJobsToExecute  - ==&gt;  Preparing: select RES.* from ACT_RU_JOB RES LEFT OUTER JOIN ACT_RU_EXECUTION PI ON PI.ID_ = RES.PROCESS_INSTANCE_ID_ where (RES.RETRIES_ &gt; 0) and (RES.DUEDATE_ is null or RES.DUEDATE_ &lt;= ?) and (RES.LOCK_OWNER_ is null or RES.LOCK_EXP_TIME_ &lt;= ?) and TYPE_ = &apos;timer&apos; and ( (RES.EXECUTION_ID_ is null) or (PI.SUSPENSION_STATE_ = 1) ) LIMIT ? OFFSET ? 
10:47:53,239 [Thread-105] DEBUG org.apache.ibatis.transaction.jdbc.JdbcTransaction  - Setting autocommit to false on JDBC Connection [conn65: url=jdbc:h2:mem:activiti-AsyncExecutorTest user=SA]
10:47:53,240 [Thread-102] DEBUG org.activiti.engine.impl.persistence.entity.JobEntity.selectNextTimerJobsToExecute  - ==&gt; Parameters: 2023-03-20 10:48:50.669(Timestamp), 2023-03-20 10:48:50.669(Timestamp), 1(Integer), 0(Integer)
10:47:53,239 [Thread-103] DEBUG org.apache.ibatis.transaction.jdbc.JdbcTransaction  - Opening JDBC Connection
10:47:53,240 [Thread-103] DEBUG org.apache.ibatis.datasource.pooled.PooledDataSource  - Checked out connection 157985567 from pool.
10:47:53,240 [Thread-103] DEBUG org.apache.ibatis.transaction.jdbc.JdbcTransaction  - Setting autocommit to false on JDBC Connection [conn61: url=jdbc:h2:mem:activiti-AsyncExecutorTest user=SA]
10:47:53,240 [Thread-103] DEBUG org.activiti.engine.impl.persistence.entity.JobEntity.selectAsyncJobsDueToExecute  - ==&gt;  Preparing: select RES.* from ACT_RU_JOB RES LEFT OUTER JOIN ACT_RU_EXECUTION PI ON PI.ID_ = RES.PROCESS_INSTANCE_ID_ where RES.RETRIES_ &gt; 0 and RES.DUEDATE_ is not null and RES.DUEDATE_ &lt;= ? and (RES.LOCK_EXP_TIME_ is null or RES.LOCK_EXP_TIME_ &lt;= ?) and TYPE_ = &apos;message&apos; and ( (RES.EXECUTION_ID_ is null) or (PI.SUSPENSION_STATE_ = 1) ) LIMIT ? OFFSET ? 
10:47:53,240 [Thread-102] DEBUG org.activiti.engine.impl.persistence.entity.JobEntity.selectNextTimerJobsToExecute  - &lt;==      Total: 0
10:47:53,240 [Thread-105] DEBUG org.activiti.engine.impl.persistence.entity.JobEntity.selectNextTimerJobsToExecute  - ==&gt;  Preparing: select RES.* from ACT_RU_JOB RES LEFT OUTER JOIN ACT_RU_EXECUTION PI ON PI.ID_ = RES.PROCESS_INSTANCE_ID_ where (RES.RETRIES_ &gt; 0) and (RES.DUEDATE_ is null or RES.DUEDATE_ &lt;= ?) and (RES.LOCK_OWNER_ is null or RES.LOCK_EXP_TIME_ &lt;= ?) and TYPE_ = &apos;timer&apos; and ( (RES.EXECUTION_ID_ is null) or (PI.SUSPENSION_STATE_ = 1) ) LIMIT ? OFFSET ? 
10:47:53,240 [Thread-105] DEBUG org.activiti.engine.impl.persistence.entity.JobEntity.selectNextTimerJobsToExecute  - ==&gt; Parameters: 2023-03-20 10:48:50.669(Timestamp), 2023-03-20 10:48:50.669(Timestamp), 1(Integer), 0(Integer)
10:47:53,240 [Thread-105] DEBUG org.activiti.engine.impl.persistence.entity.JobEntity.selectNextTimerJobsToExecute  - &lt;==      Total: 0
10:47:53,240 [Thread-105] DEBUG org.activiti.engine.impl.db.DbSqlSession  - flush summary: 0 insert, 0 update, 0 delete.
10:47:53,240 [Thread-105] DEBUG org.activiti.engine.impl.db.DbSqlSession  - now executing flush...
10:47:53,240 [Thread-111] DEBUG org.activiti.engine.impl.persistence.entity.JobEntity.selectNextTimerJobsToExecute  - ==&gt;  Preparing: select RES.* from ACT_RU_JOB RES LEFT OUTER JOIN ACT_RU_EXECUTION PI ON PI.ID_ = RES.PROCESS_INSTANCE_ID_ where (RES.RETRIES_ &gt; 0) and (RES.DUEDATE_ is null or RES.DUEDATE_ &lt;= ?) and (RES.LOCK_OWNER_ is null or RES.LOCK_EXP_TIME_ &lt;= ?) and TYPE_ = &apos;timer&apos; and ( (RES.EXECUTION_ID_ is null) or (PI.SUSPENSION_STATE_ = 1) ) LIMIT ? OFFSET ? 
10:47:53,240 [Thread-106] DEBUG org.activiti.engine.impl.persistence.entity.JobEntity.selectAsyncJobsDueToExecute  - ==&gt;  Preparing: select RES.* from ACT_RU_JOB RES LEFT OUTER JOIN ACT_RU_EXECUTION PI ON PI.ID_ = RES.PROCESS_INSTANCE_ID_ where RES.RETRIES_ &gt; 0 and RES.DUEDATE_ is not null and RES.DUEDATE_ &lt;= ? and (RES.LOCK_EXP_TIME_ is null or RES.LOCK_EXP_TIME_ &lt;= ?) and TYPE_ = &apos;message&apos; and ( (RES.EXECUTION_ID_ is null) or (PI.SUSPENSION_STATE_ = 1) ) LIMIT ? OFFSET ? 
10:47:53,240 [Thread-111] DEBUG org.activiti.engine.impl.persistence.entity.JobEntity.selectNextTimerJobsToExecute  - ==&gt; Parameters: 2023-03-20 10:48:50.669(Timestamp), 2023-03-20 10:48:50.669(Timestamp), 1(Integer), 0(Integer)
10:47:53,240 [Thread-105] DEBUG org.activiti.engine.impl.cfg.standalone.StandaloneMybatisTransactionContext  - firing event committing...
10:47:53,241 [Thread-105] DEBUG org.activiti.engine.impl.cfg.standalone.StandaloneMybatisTransactionContext  - committing the ibatis sql session...
10:47:53,241 [Thread-105] DEBUG org.activiti.engine.impl.cfg.standalone.StandaloneMybatisTransactionContext  - firing event committed...
10:47:53,240 [Thread-102] DEBUG org.activiti.engine.impl.db.DbSqlSession  - flush summary: 0 insert, 0 update, 0 delete.
10:47:53,241 [Thread-102] DEBUG org.activiti.engine.impl.db.DbSqlSession  - now executing flush...
10:47:53,241 [Thread-102] DEBUG org.activiti.engine.impl.cfg.standalone.StandaloneMybatisTransactionContext  - firing event committing...
10:47:53,241 [Thread-102] DEBUG org.activiti.engine.impl.cfg.standalone.StandaloneMybatisTransactionContext  - committing the ibatis sql session...
10:47:53,241 [Thread-102] DEBUG org.activiti.engine.impl.cfg.standalone.StandaloneMybatisTransactionContext  - firing event committed...
10:47:53,241 [Thread-102] DEBUG org.apache.ibatis.transaction.jdbc.JdbcTransaction  - Resetting autocommit to true on JDBC Connection [conn60: url=jdbc:h2:mem:activiti-AsyncExecutorTest user=SA]
10:47:53,240 [Thread-103] DEBUG org.activiti.engine.impl.persistence.entity.JobEntity.selectAsyncJobsDueToExecute  - ==&gt; Parameters: 2023-03-20 10:48:50.669(Timestamp), 2023-03-20 10:48:50.669(Timestamp), 1(Integer), 0(Integer)
10:47:53,241 [Thread-102] DEBUG org.apache.ibatis.transaction.jdbc.JdbcTransaction  - Closing JDBC Connection [conn60: url=jdbc:h2:mem:activiti-AsyncExecutorTest user=SA]
10:47:53,241 [Thread-105] DEBUG org.apache.ibatis.transaction.jdbc.JdbcTransaction  - Resetting autocommit to true on JDBC Connection [conn65: url=jdbc:h2:mem:activiti-AsyncExecutorTest user=SA]
10:47:53,241 [Thread-105] DEBUG org.apache.ibatis.transaction.jdbc.JdbcTransaction  - Closing JDBC Connection [conn65: url=jdbc:h2:mem:activiti-AsyncExecutorTest user=SA]
10:47:53,241 [Thread-105] DEBUG org.apache.ibatis.datasource.pooled.PooledDataSource  - Returned connection 996762054 to pool.
10:47:53,240 [Thread-111] DEBUG org.activiti.engine.impl.persistence.entity.JobEntity.selectNextTimerJobsToExecute  - &lt;==      Total: 0
10:47:53,240 [Thread-106] DEBUG org.activiti.engine.impl.persistence.entity.JobEntity.selectAsyncJobsDueToExecute  - ==&gt; Parameters: 2023-03-20 10:48:50.669(Timestamp), 2023-03-20 10:48:50.669(Timestamp), 1(Integer), 0(Integer)
10:47:53,241 [Thread-111] DEBUG org.activiti.engine.impl.db.DbSqlSession  - flush summary: 0 insert, 0 update, 0 delete.
10:47:53,241 [Thread-111] DEBUG org.activiti.engine.impl.db.DbSqlSession  - now executing flush...
10:47:53,241 [Thread-111] DEBUG org.activiti.engine.impl.cfg.standalone.StandaloneMybatisTransactionContext  - firing event committing...
10:47:53,241 [Thread-111] DEBUG org.activiti.engine.impl.cfg.standalone.StandaloneMybatisTransactionContext  - committing the ibatis sql session...
10:47:53,241 [Thread-111] DEBUG org.activiti.engine.impl.cfg.standalone.StandaloneMybatisTransactionContext  - firing event committed...
10:47:53,241 [Thread-111] DEBUG org.apache.ibatis.transaction.jdbc.JdbcTransaction  - Resetting autocommit to true on JDBC Connection [conn69: url=jdbc:h2:mem:activiti-AsyncExecutorTest user=SA]
10:47:53,241 [Thread-111] DEBUG org.apache.ibatis.transaction.jdbc.JdbcTransaction  - Closing JDBC Connection [conn69: url=jdbc:h2:mem:activiti-AsyncExecutorTest user=SA]
10:47:53,241 [Thread-111] DEBUG org.apache.ibatis.datasource.pooled.PooledDataSource  - Returned connection 1863805930 to pool.
10:47:53,241 [Thread-111] DEBUG org.activiti.engine.impl.interceptor.LogInterceptor  - --- AcquireTimerJobsCmd finished --------------------------------------------------------
10:47:53,241 [Thread-111] DEBUG org.activiti.engine.impl.interceptor.LogInterceptor  - 

10:47:53,241 [Thread-105] DEBUG org.activiti.engine.impl.interceptor.LogInterceptor  - --- AcquireTimerJobsCmd finished --------------------------------------------------------
10:47:53,241 [Thread-105] DEBUG org.activiti.engine.impl.interceptor.LogInterceptor  - 

10:47:53,241 [Thread-105] DEBUG org.activiti.engine.impl.asyncexecutor.AcquireTimerJobsRunnable  - timer job acquisition thread sleeping for 50 millis
10:47:53,241 [Thread-102] DEBUG org.apache.ibatis.datasource.pooled.PooledDataSource  - Returned connection 33534803 to pool.
10:47:53,241 [Thread-102] DEBUG org.activiti.engine.impl.interceptor.LogInterceptor  - --- AcquireTimerJobsCmd finished --------------------------------------------------------
10:47:53,241 [Thread-102] DEBUG org.activiti.engine.impl.interceptor.LogInterceptor  - 

10:47:53,241 [Thread-102] DEBUG org.activiti.engine.impl.asyncexecutor.AcquireTimerJobsRunnable  - timer job acquisition thread sleeping for 50 millis
10:47:53,241 [Thread-103] DEBUG org.activiti.engine.impl.persistence.entity.JobEntity.selectAsyncJobsDueToExecute  - &lt;==      Total: 0
10:47:53,242 [Thread-103] DEBUG org.activiti.engine.impl.db.DbSqlSession  - flush summary: 0 insert, 0 update, 0 delete.
10:47:53,242 [Thread-103] DEBUG org.activiti.engine.impl.db.DbSqlSession  - now executing flush...
10:47:53,241 [Thread-111] DEBUG org.activiti.engine.impl.asyncexecutor.AcquireTimerJobsRunnable  - timer job acquisition thread sleeping for 50 millis
10:47:53,241 [Thread-106] DEBUG org.activiti.engine.impl.persistence.entity.JobEntity.selectAsyncJobsDueToExecute  - &lt;==      Total: 0
10:47:53,242 [Thread-106] DEBUG org.activiti.engine.impl.db.DbSqlSession  - flush summary: 0 insert, 0 update, 0 delete.
10:47:53,242 [Thread-106] DEBUG org.activiti.engine.impl.db.DbSqlSession  - now executing flush...
10:47:53,242 [Thread-106] DEBUG org.activiti.engine.impl.cfg.standalone.StandaloneMybatisTransactionContext  - firing event committing...
10:47:53,242 [Thread-106] DEBUG org.activiti.engine.impl.cfg.standalone.StandaloneMybatisTransactionContext  - committing the ibatis sql session...
10:47:53,242 [Thread-106] DEBUG org.activiti.engine.impl.cfg.standalone.StandaloneMybatisTransactionContext  - firing event committed...
10:47:53,242 [Thread-106] DEBUG org.apache.ibatis.transaction.jdbc.JdbcTransaction  - Resetting autocommit to true on JDBC Connection [conn63: url=jdbc:h2:mem:activiti-AsyncExecutorTest user=SA]
10:47:53,242 [Thread-106] DEBUG org.apache.ibatis.transaction.jdbc.JdbcTransaction  - Closing JDBC Connection [conn63: url=jdbc:h2:mem:activiti-AsyncExecutorTest user=SA]
10:47:53,242 [Thread-106] DEBUG org.apache.ibatis.datasource.pooled.PooledDataSource  - Returned connection 1970103261 to pool.
10:47:53,242 [Thread-106] DEBUG org.activiti.engine.impl.interceptor.LogInterceptor  - --- AcquireAsyncJobsDueCmd finished --------------------------------------------------------
10:47:53,242 [Thread-106] DEBUG org.activiti.engine.impl.interceptor.LogInterceptor  - 

10:47:53,242 [Thread-103] DEBUG org.activiti.engine.impl.cfg.standalone.StandaloneMybatisTransactionContext  - firing event committing...
10:47:53,242 [Thread-103] DEBUG org.activiti.engine.impl.cfg.standalone.StandaloneMybatisTransactionContext  - committing the ibatis sql session...
10:47:53,242 [Thread-103] DEBUG org.activiti.engine.impl.cfg.standalone.StandaloneMybatisTransactionContext  - firing event committed...
10:47:53,242 [Thread-103] DEBUG org.apache.ibatis.transaction.jdbc.JdbcTransaction  - Resetting autocommit to true on JDBC Connection [conn61: url=jdbc:h2:mem:activiti-AsyncExecutorTest user=SA]
10:47:53,242 [Thread-103] DEBUG org.apache.ibatis.transaction.jdbc.JdbcTransaction  - Closing JDBC Connection [conn61: url=jdbc:h2:mem:activiti-AsyncExecutorTest user=SA]
10:47:53,242 [Thread-103] DEBUG org.apache.ibatis.datasource.pooled.PooledDataSource  - Returned connection 157985567 to pool.
10:47:53,242 [Thread-103] DEBUG org.activiti.engine.impl.interceptor.LogInterceptor  - --- AcquireAsyncJobsDueCmd finished --------------------------------------------------------
10:47:53,242 [Thread-103] DEBUG org.activiti.engine.impl.interceptor.LogInterceptor  - 

10:47:53,242 [Thread-103] DEBUG org.activiti.engine.impl.asyncexecutor.AcquireAsyncJobsDueRunnable  - async job acquisition thread sleeping for 50 millis
10:47:53,242 [Thread-106] DEBUG org.activiti.engine.impl.asyncexecutor.AcquireAsyncJobsDueRunnable  - async job acquisition thread sleeping for 50 millis
10:47:53,287 [Thread-112] DEBUG org.activiti.engine.impl.asyncexecutor.AcquireAsyncJobsDueRunnable  - async job acquisition thread woke up
10:47:53,287 [Thread-112] DEBUG org.activiti.engine.impl.interceptor.LogInterceptor  - 

10:47:53,287 [Thread-112] DEBUG org.activiti.engine.impl.interceptor.LogInterceptor  - --- starting AcquireAsyncJobsDueCmd --------------------------------------------------------
10:47:53,287 [Thread-112] DEBUG org.apache.ibatis.transaction.jdbc.JdbcTransaction  - Opening JDBC Connection
10:47:53,287 [Thread-112] DEBUG org.apache.ibatis.datasource.pooled.PooledDataSource  - Checked out connection 604408605 from pool.
10:47:53,287 [Thread-112] DEBUG org.apache.ibatis.transaction.jdbc.JdbcTransaction  - Setting autocommit to false on JDBC Connection [conn70: url=jdbc:h2:mem:activiti-AsyncExecutorTest user=SA]
10:47:53,287 [Thread-112] DEBUG org.activiti.engine.impl.persistence.entity.JobEntity.selectAsyncJobsDueToExecute  - ==&gt;  Preparing: select RES.* from ACT_RU_JOB RES LEFT OUTER JOIN ACT_RU_EXECUTION PI ON PI.ID_ = RES.PROCESS_INSTANCE_ID_ where RES.RETRIES_ &gt; 0 and RES.DUEDATE_ is not null and RES.DUEDATE_ &lt;= ? and (RES.LOCK_EXP_TIME_ is null or RES.LOCK_EXP_TIME_ &lt;= ?) and TYPE_ = &apos;message&apos; and ( (RES.EXECUTION_ID_ is null) or (PI.SUSPENSION_STATE_ = 1) ) LIMIT ? OFFSET ? 
10:47:53,287 [Thread-112] DEBUG org.activiti.engine.impl.persistence.entity.JobEntity.selectAsyncJobsDueToExecute  - ==&gt; Parameters: 2023-03-20 10:48:50.669(Timestamp), 2023-03-20 10:48:50.669(Timestamp), 1(Integer), 0(Integer)
10:47:53,287 [Thread-112] DEBUG org.activiti.engine.impl.persistence.entity.JobEntity.selectAsyncJobsDueToExecute  - &lt;==      Total: 0
10:47:53,287 [Thread-112] DEBUG org.activiti.engine.impl.db.DbSqlSession  - flush summary: 0 insert, 0 update, 0 delete.
10:47:53,287 [Thread-112] DEBUG org.activiti.engine.impl.db.DbSqlSession  - now executing flush...
10:47:53,287 [Thread-112] DEBUG org.activiti.engine.impl.cfg.standalone.StandaloneMybatisTransactionContext  - firing event committing...
10:47:53,287 [Thread-112] DEBUG org.activiti.engine.impl.cfg.standalone.StandaloneMybatisTransactionContext  - committing the ibatis sql session...
10:47:53,287 [Thread-112] DEBUG org.activiti.engine.impl.cfg.standalone.StandaloneMybatisTransactionContext  - firing event committed...
10:47:53,287 [Thread-112] DEBUG org.apache.ibatis.transaction.jdbc.JdbcTransaction  - Resetting autocommit to true on JDBC Connection [conn70: url=jdbc:h2:mem:activiti-AsyncExecutorTest user=SA]
10:47:53,287 [Thread-112] DEBUG org.apache.ibatis.transaction.jdbc.JdbcTransaction  - Closing JDBC Connection [conn70: url=jdbc:h2:mem:activiti-AsyncExecutorTest user=SA]
10:47:53,287 [Thread-112] DEBUG org.apache.ibatis.datasource.pooled.PooledDataSource  - Returned connection 604408605 to pool.
10:47:53,287 [Thread-112] DEBUG org.activiti.engine.impl.interceptor.LogInterceptor  - --- AcquireAsyncJobsDueCmd finished --------------------------------------------------------
10:47:53,287 [Thread-112] DEBUG org.activiti.engine.impl.interceptor.LogInterceptor  - 

10:47:53,287 [Thread-112] DEBUG org.activiti.engine.impl.asyncexecutor.AcquireAsyncJobsDueRunnable  - async job acquisition thread sleeping for 50 millis
10:47:53,302 [Thread-106] DEBUG org.activiti.engine.impl.asyncexecutor.AcquireAsyncJobsDueRunnable  - async job acquisition thread woke up
10:47:53,302 [Thread-106] DEBUG org.activiti.engine.impl.interceptor.LogInterceptor  - 

10:47:53,302 [Thread-106] DEBUG org.activiti.engine.impl.interceptor.LogInterceptor  - --- starting AcquireAsyncJobsDueCmd --------------------------------------------------------
10:47:53,302 [Thread-106] DEBUG org.apache.ibatis.transaction.jdbc.JdbcTransaction  - Opening JDBC Connection
10:47:53,302 [Thread-106] DEBUG org.apache.ibatis.datasource.pooled.PooledDataSource  - Checked out connection 54468349 from pool.
10:47:53,302 [Thread-105] DEBUG org.activiti.engine.impl.asyncexecutor.AcquireTimerJobsRunnable  - timer job acquisition thread woke up
10:47:53,302 [Thread-105] DEBUG org.activiti.engine.impl.interceptor.LogInterceptor  - 

10:47:53,302 [Thread-105] DEBUG org.activiti.engine.impl.interceptor.LogInterceptor  - --- starting AcquireTimerJobsCmd --------------------------------------------------------
10:47:53,302 [Thread-105] DEBUG org.apache.ibatis.transaction.jdbc.JdbcTransaction  - Opening JDBC Connection
10:47:53,302 [Thread-105] DEBUG org.apache.ibatis.datasource.pooled.PooledDataSource  - Checked out connection 996762054 from pool.
10:47:53,302 [Thread-105] DEBUG org.apache.ibatis.transaction.jdbc.JdbcTransaction  - Setting autocommit to false on JDBC Connection [conn65: url=jdbc:h2:mem:activiti-AsyncExecutorTest user=SA]
10:47:53,302 [Thread-105] DEBUG org.activiti.engine.impl.persistence.entity.JobEntity.selectNextTimerJobsToExecute  - ==&gt;  Preparing: select RES.* from ACT_RU_JOB RES LEFT OUTER JOIN ACT_RU_EXECUTION PI ON PI.ID_ = RES.PROCESS_INSTANCE_ID_ where (RES.RETRIES_ &gt; 0) and (RES.DUEDATE_ is null or RES.DUEDATE_ &lt;= ?) and (RES.LOCK_OWNER_ is null or RES.LOCK_EXP_TIME_ &lt;= ?) and TYPE_ = &apos;timer&apos; and ( (RES.EXECUTION_ID_ is null) or (PI.SUSPENSION_STATE_ = 1) ) LIMIT ? OFFSET ? 
10:47:53,302 [Thread-102] DEBUG org.activiti.engine.impl.asyncexecutor.AcquireTimerJobsRunnable  - timer job acquisition thread woke up
10:47:53,302 [Thread-102] DEBUG org.activiti.engine.impl.interceptor.LogInterceptor  - 

10:47:53,302 [Thread-102] DEBUG org.activiti.engine.impl.interceptor.LogInterceptor  - --- starting AcquireTimerJobsCmd --------------------------------------------------------
10:47:53,302 [Thread-111] DEBUG org.activiti.engine.impl.asyncexecutor.AcquireTimerJobsRunnable  - timer job acquisition thread woke up
10:47:53,303 [Thread-111] DEBUG org.activiti.engine.impl.interceptor.LogInterceptor  - 

10:47:53,303 [Thread-111] DEBUG org.activiti.engine.impl.interceptor.LogInterceptor  - --- starting AcquireTimerJobsCmd --------------------------------------------------------
10:47:53,302 [Thread-103] DEBUG org.activiti.engine.impl.asyncexecutor.AcquireAsyncJobsDueRunnable  - async job acquisition thread woke up
10:47:53,303 [Thread-103] DEBUG org.activiti.engine.impl.interceptor.LogInterceptor  - 

10:47:53,303 [Thread-103] DEBUG org.activiti.engine.impl.interceptor.LogInterceptor  - --- starting AcquireAsyncJobsDueCmd --------------------------------------------------------
10:47:53,303 [Thread-103] DEBUG org.apache.ibatis.transaction.jdbc.JdbcTransaction  - Opening JDBC Connection
10:47:53,303 [Thread-103] DEBUG org.apache.ibatis.datasource.pooled.PooledDataSource  - Checked out connection 720039383 from pool.
10:47:53,303 [Thread-103] DEBUG org.apache.ibatis.transaction.jdbc.JdbcTransaction  - Setting autocommit to false on JDBC Connection [conn59: url=jdbc:h2:mem:activiti-AsyncExecutorTest user=SA]
10:47:53,303 [Thread-103] DEBUG org.activiti.engine.impl.persistence.entity.JobEntity.selectAsyncJobsDueToExecute  - ==&gt;  Preparing: select RES.* from ACT_RU_JOB RES LEFT OUTER JOIN ACT_RU_EXECUTION PI ON PI.ID_ = RES.PROCESS_INSTANCE_ID_ where RES.RETRIES_ &gt; 0 and RES.DUEDATE_ is not null and RES.DUEDATE_ &lt;= ? and (RES.LOCK_EXP_TIME_ is null or RES.LOCK_EXP_TIME_ &lt;= ?) and TYPE_ = &apos;message&apos; and ( (RES.EXECUTION_ID_ is null) or (PI.SUSPENSION_STATE_ = 1) ) LIMIT ? OFFSET ? 
10:47:53,303 [Thread-103] DEBUG org.activiti.engine.impl.persistence.entity.JobEntity.selectAsyncJobsDueToExecute  - ==&gt; Parameters: 2023-03-20 10:48:50.669(Timestamp), 2023-03-20 10:48:50.669(Timestamp), 1(Integer), 0(Integer)
10:47:53,303 [Thread-103] DEBUG org.activiti.engine.impl.persistence.entity.JobEntity.selectAsyncJobsDueToExecute  - &lt;==      Total: 0
10:47:53,303 [Thread-103] DEBUG org.activiti.engine.impl.db.DbSqlSession  - flush summary: 0 insert, 0 update, 0 delete.
10:47:53,303 [Thread-103] DEBUG org.activiti.engine.impl.db.DbSqlSession  - now executing flush...
10:47:53,303 [Thread-103] DEBUG org.activiti.engine.impl.cfg.standalone.StandaloneMybatisTransactionContext  - firing event committing...
10:47:53,303 [Thread-103] DEBUG org.activiti.engine.impl.cfg.standalone.StandaloneMybatisTransactionContext  - committing the ibatis sql session...
10:47:53,303 [Thread-103] DEBUG org.activiti.engine.impl.cfg.standalone.StandaloneMybatisTransactionContext  - firing event committed...
10:47:53,303 [Thread-103] DEBUG org.apache.ibatis.transaction.jdbc.JdbcTransaction  - Resetting autocommit to true on JDBC Connection [conn59: url=jdbc:h2:mem:activiti-AsyncExecutorTest user=SA]
10:47:53,303 [Thread-111] DEBUG org.apache.ibatis.transaction.jdbc.JdbcTransaction  - Opening JDBC Connection
10:47:53,303 [Thread-111] DEBUG org.apache.ibatis.datasource.pooled.PooledDataSource  - Checked out connection 58501658 from pool.
10:47:53,302 [Thread-102] DEBUG org.apache.ibatis.transaction.jdbc.JdbcTransaction  - Opening JDBC Connection
10:47:53,303 [Thread-102] DEBUG org.apache.ibatis.datasource.pooled.PooledDataSource  - Checked out connection 33534803 from pool.
10:47:53,303 [Thread-102] DEBUG org.apache.ibatis.transaction.jdbc.JdbcTransaction  - Setting autocommit to false on JDBC Connection [conn60: url=jdbc:h2:mem:activiti-AsyncExecutorTest user=SA]
10:47:53,303 [Thread-102] DEBUG org.activiti.engine.impl.persistence.entity.JobEntity.selectNextTimerJobsToExecute  - ==&gt;  Preparing: select RES.* from ACT_RU_JOB RES LEFT OUTER JOIN ACT_RU_EXECUTION PI ON PI.ID_ = RES.PROCESS_INSTANCE_ID_ where (RES.RETRIES_ &gt; 0) and (RES.DUEDATE_ is null or RES.DUEDATE_ &lt;= ?) and (RES.LOCK_OWNER_ is null or RES.LOCK_EXP_TIME_ &lt;= ?) and TYPE_ = &apos;timer&apos; and ( (RES.EXECUTION_ID_ is null) or (PI.SUSPENSION_STATE_ = 1) ) LIMIT ? OFFSET ? 
10:47:53,303 [Thread-102] DEBUG org.activiti.engine.impl.persistence.entity.JobEntity.selectNextTimerJobsToExecute  - ==&gt; Parameters: 2023-03-20 10:48:50.669(Timestamp), 2023-03-20 10:48:50.669(Timestamp), 1(Integer), 0(Integer)
10:47:53,303 [Thread-102] DEBUG org.activiti.engine.impl.persistence.entity.JobEntity.selectNextTimerJobsToExecute  - &lt;==      Total: 0
10:47:53,303 [Thread-102] DEBUG org.activiti.engine.impl.db.DbSqlSession  - flush summary: 0 insert, 0 update, 0 delete.
10:47:53,302 [Thread-105] DEBUG org.activiti.engine.impl.persistence.entity.JobEntity.selectNextTimerJobsToExecute  - ==&gt; Parameters: 2023-03-20 10:48:50.669(Timestamp), 2023-03-20 10:48:50.669(Timestamp), 1(Integer), 0(Integer)
10:47:53,303 [Thread-105] DEBUG org.activiti.engine.impl.persistence.entity.JobEntity.selectNextTimerJobsToExecute  - &lt;==      Total: 0
10:47:53,302 [Thread-106] DEBUG org.apache.ibatis.transaction.jdbc.JdbcTransaction  - Setting autocommit to false on JDBC Connection [conn64: url=jdbc:h2:mem:activiti-AsyncExecutorTest user=SA]
10:47:53,304 [Thread-106] DEBUG org.activiti.engine.impl.persistence.entity.JobEntity.selectAsyncJobsDueToExecute  - ==&gt;  Preparing: select RES.* from ACT_RU_JOB RES LEFT OUTER JOIN ACT_RU_EXECUTION PI ON PI.ID_ = RES.PROCESS_INSTANCE_ID_ where RES.RETRIES_ &gt; 0 and RES.DUEDATE_ is not null and RES.DUEDATE_ &lt;= ? and (RES.LOCK_EXP_TIME_ is null or RES.LOCK_EXP_TIME_ &lt;= ?) and TYPE_ = &apos;message&apos; and ( (RES.EXECUTION_ID_ is null) or (PI.SUSPENSION_STATE_ = 1) ) LIMIT ? OFFSET ? 
10:47:53,303 [Thread-105] DEBUG org.activiti.engine.impl.db.DbSqlSession  - flush summary: 0 insert, 0 update, 0 delete.
10:47:53,304 [Thread-105] DEBUG org.activiti.engine.impl.db.DbSqlSession  - now executing flush...
10:47:53,304 [Thread-105] DEBUG org.activiti.engine.impl.cfg.standalone.StandaloneMybatisTransactionContext  - firing event committing...
10:47:53,304 [Thread-105] DEBUG org.activiti.engine.impl.cfg.standalone.StandaloneMybatisTransactionContext  - committing the ibatis sql session...
10:47:53,304 [Thread-105] DEBUG org.activiti.engine.impl.cfg.standalone.StandaloneMybatisTransactionContext  - firing event committed...
10:47:53,304 [Thread-105] DEBUG org.apache.ibatis.transaction.jdbc.JdbcTransaction  - Resetting autocommit to true on JDBC Connection [conn65: url=jdbc:h2:mem:activiti-AsyncExecutorTest user=SA]
10:47:53,304 [Thread-105] DEBUG org.apache.ibatis.transaction.jdbc.JdbcTransaction  - Closing JDBC Connection [conn65: url=jdbc:h2:mem:activiti-AsyncExecutorTest user=SA]
10:47:53,304 [Thread-105] DEBUG org.apache.ibatis.datasource.pooled.PooledDataSource  - Returned connection 996762054 to pool.
10:47:53,304 [Thread-105] DEBUG org.activiti.engine.impl.interceptor.LogInterceptor  - --- AcquireTimerJobsCmd finished --------------------------------------------------------
10:47:53,304 [Thread-105] DEBUG org.activiti.engine.impl.interceptor.LogInterceptor  - 

10:47:53,304 [Thread-105] DEBUG org.activiti.engine.impl.asyncexecutor.AcquireTimerJobsRunnable  - timer job acquisition thread sleeping for 50 millis
10:47:53,303 [Thread-102] DEBUG org.activiti.engine.impl.db.DbSqlSession  - now executing flush...
10:47:53,304 [Thread-102] DEBUG org.activiti.engine.impl.cfg.standalone.StandaloneMybatisTransactionContext  - firing event committing...
10:47:53,304 [Thread-102] DEBUG org.activiti.engine.impl.cfg.standalone.StandaloneMybatisTransactionContext  - committing the ibatis sql session...
10:47:53,304 [Thread-102] DEBUG org.activiti.engine.impl.cfg.standalone.StandaloneMybatisTransactionContext  - firing event committed...
10:47:53,304 [Thread-102] DEBUG org.apache.ibatis.transaction.jdbc.JdbcTransaction  - Resetting autocommit to true on JDBC Connection [conn60: url=jdbc:h2:mem:activiti-AsyncExecutorTest user=SA]
10:47:53,304 [Thread-102] DEBUG org.apache.ibatis.transaction.jdbc.JdbcTransaction  - Closing JDBC Connection [conn60: url=jdbc:h2:mem:activiti-AsyncExecutorTest user=SA]
10:47:53,304 [Thread-102] DEBUG org.apache.ibatis.datasource.pooled.PooledDataSource  - Returned connection 33534803 to pool.
10:47:53,304 [Thread-102] DEBUG org.activiti.engine.impl.interceptor.LogInterceptor  - --- AcquireTimerJobsCmd finished --------------------------------------------------------
10:47:53,304 [Thread-102] DEBUG org.activiti.engine.impl.interceptor.LogInterceptor  - 

10:47:53,304 [Thread-102] DEBUG org.activiti.engine.impl.asyncexecutor.AcquireTimerJobsRunnable  - timer job acquisition thread sleeping for 50 millis
10:47:53,303 [Thread-111] DEBUG org.apache.ibatis.transaction.jdbc.JdbcTransaction  - Setting autocommit to false on JDBC Connection [conn68: url=jdbc:h2:mem:activiti-AsyncExecutorTest user=SA]
10:47:53,304 [Thread-111] DEBUG org.activiti.engine.impl.persistence.entity.JobEntity.selectNextTimerJobsToExecute  - ==&gt;  Preparing: select RES.* from ACT_RU_JOB RES LEFT OUTER JOIN ACT_RU_EXECUTION PI ON PI.ID_ = RES.PROCESS_INSTANCE_ID_ where (RES.RETRIES_ &gt; 0) and (RES.DUEDATE_ is null or RES.DUEDATE_ &lt;= ?) and (RES.LOCK_OWNER_ is null or RES.LOCK_EXP_TIME_ &lt;= ?) and TYPE_ = &apos;timer&apos; and ( (RES.EXECUTION_ID_ is null) or (PI.SUSPENSION_STATE_ = 1) ) LIMIT ? OFFSET ? 
10:47:53,303 [Thread-103] DEBUG org.apache.ibatis.transaction.jdbc.JdbcTransaction  - Closing JDBC Connection [conn59: url=jdbc:h2:mem:activiti-AsyncExecutorTest user=SA]
10:47:53,304 [Thread-103] DEBUG org.apache.ibatis.datasource.pooled.PooledDataSource  - Returned connection 720039383 to pool.
10:47:53,304 [Thread-103] DEBUG org.activiti.engine.impl.interceptor.LogInterceptor  - --- AcquireAsyncJobsDueCmd finished --------------------------------------------------------
10:47:53,304 [Thread-103] DEBUG org.activiti.engine.impl.interceptor.LogInterceptor  - 

10:47:53,304 [Thread-103] DEBUG org.activiti.engine.impl.asyncexecutor.AcquireAsyncJobsDueRunnable  - async job acquisition thread sleeping for 50 millis
10:47:53,304 [Thread-111] DEBUG org.activiti.engine.impl.persistence.entity.JobEntity.selectNextTimerJobsToExecute  - ==&gt; Parameters: 2023-03-20 10:48:50.669(Timestamp), 2023-03-20 10:48:50.669(Timestamp), 1(Integer), 0(Integer)
10:47:53,304 [Thread-111] DEBUG org.activiti.engine.impl.persistence.entity.JobEntity.selectNextTimerJobsToExecute  - &lt;==      Total: 0
10:47:53,305 [Thread-111] DEBUG org.activiti.engine.impl.db.DbSqlSession  - flush summary: 0 insert, 0 update, 0 delete.
10:47:53,305 [Thread-111] DEBUG org.activiti.engine.impl.db.DbSqlSession  - now executing flush...
10:47:53,305 [Thread-111] DEBUG org.activiti.engine.impl.cfg.standalone.StandaloneMybatisTransactionContext  - firing event committing...
10:47:53,305 [Thread-111] DEBUG org.activiti.engine.impl.cfg.standalone.StandaloneMybatisTransactionContext  - committing the ibatis sql session...
10:47:53,305 [Thread-111] DEBUG org.activiti.engine.impl.cfg.standalone.StandaloneMybatisTransactionContext  - firing event committed...
10:47:53,305 [Thread-111] DEBUG org.apache.ibatis.transaction.jdbc.JdbcTransaction  - Resetting autocommit to true on JDBC Connection [conn68: url=jdbc:h2:mem:activiti-AsyncExecutorTest user=SA]
10:47:53,305 [Thread-111] DEBUG org.apache.ibatis.transaction.jdbc.JdbcTransaction  - Closing JDBC Connection [conn68: url=jdbc:h2:mem:activiti-AsyncExecutorTest user=SA]
10:47:53,305 [Thread-111] DEBUG org.apache.ibatis.datasource.pooled.PooledDataSource  - Returned connection 58501658 to pool.
10:47:53,305 [Thread-111] DEBUG org.activiti.engine.impl.interceptor.LogInterceptor  - --- AcquireTimerJobsCmd finished --------------------------------------------------------
10:47:53,305 [Thread-111] DEBUG org.activiti.engine.impl.interceptor.LogInterceptor  - 

10:47:53,305 [Thread-111] DEBUG org.activiti.engine.impl.asyncexecutor.AcquireTimerJobsRunnable  - timer job acquisition thread sleeping for 50 millis
10:47:53,304 [Thread-106] DEBUG org.activiti.engine.impl.persistence.entity.JobEntity.selectAsyncJobsDueToExecute  - ==&gt; Parameters: 2023-03-20 10:48:50.669(Timestamp), 2023-03-20 10:48:50.669(Timestamp), 1(Integer), 0(Integer)
10:47:53,305 [Thread-106] DEBUG org.activiti.engine.impl.persistence.entity.JobEntity.selectAsyncJobsDueToExecute  - &lt;==      Total: 0
10:47:53,305 [Thread-106] DEBUG org.activiti.engine.impl.db.DbSqlSession  - flush summary: 0 insert, 0 update, 0 delete.
10:47:53,305 [Thread-106] DEBUG org.activiti.engine.impl.db.DbSqlSession  - now executing flush...
10:47:53,305 [Thread-106] DEBUG org.activiti.engine.impl.cfg.standalone.StandaloneMybatisTransactionContext  - firing event committing...
10:47:53,305 [Thread-106] DEBUG org.activiti.engine.impl.cfg.standalone.StandaloneMybatisTransactionContext  - committing the ibatis sql session...
10:47:53,305 [Thread-106] DEBUG org.activiti.engine.impl.cfg.standalone.StandaloneMybatisTransactionContext  - firing event committed...
10:47:53,305 [Thread-106] DEBUG org.apache.ibatis.transaction.jdbc.JdbcTransaction  - Resetting autocommit to true on JDBC Connection [conn64: url=jdbc:h2:mem:activiti-AsyncExecutorTest user=SA]
10:47:53,305 [Thread-106] DEBUG org.apache.ibatis.transaction.jdbc.JdbcTransaction  - Closing JDBC Connection [conn64: url=jdbc:h2:mem:activiti-AsyncExecutorTest user=SA]
10:47:53,305 [Thread-106] DEBUG org.apache.ibatis.datasource.pooled.PooledDataSource  - Returned connection 54468349 to pool.
10:47:53,305 [Thread-106] DEBUG org.activiti.engine.impl.interceptor.LogInterceptor  - --- AcquireAsyncJobsDueCmd finished --------------------------------------------------------
10:47:53,305 [Thread-106] DEBUG org.activiti.engine.impl.interceptor.LogInterceptor  - 

10:47:53,305 [Thread-106] DEBUG org.activiti.engine.impl.asyncexecutor.AcquireAsyncJobsDueRunnable  - async job acquisition thread sleeping for 50 millis
10:47:53,333 [main] DEBUG org.activiti.engine.impl.interceptor.LogInterceptor  - 

10:47:53,333 [main] DEBUG org.activiti.engine.impl.interceptor.LogInterceptor  - --- starting JobQueryImpl --------------------------------------------------------
10:47:53,333 [main] DEBUG org.apache.ibatis.transaction.jdbc.JdbcTransaction  - Opening JDBC Connection
10:47:53,333 [main] DEBUG org.apache.ibatis.datasource.pooled.PooledDataSource  - Checked out connection 180014677 from pool.
10:47:53,333 [main] DEBUG org.apache.ibatis.transaction.jdbc.JdbcTransaction  - Setting autocommit to false on JDBC Connection [conn3: url=jdbc:h2:mem:activiti user=SA]
10:47:53,333 [main] DEBUG org.activiti.engine.impl.persistence.entity.JobEntity.selectJobByQueryCriteria  - ==&gt;  Preparing: select RES.* from ACT_RU_JOB RES order by order by RES.ID_ asc LIMIT ? OFFSET ? 
10:47:53,333 [main] DEBUG org.activiti.engine.impl.interceptor.CommandContext  - Error while closing command context
org.apache.ibatis.exceptions.PersistenceException: 
### Error querying database.  Cause: org.h2.jdbc.JdbcSQLException: Syntax error in SQL statement &quot;SELECT RES.* 
     
    FROM ACT_RU_JOB RES
     
      
   
     ORDER BY  ORDER[*] BY RES.ID_ ASC  
    LIMIT ? OFFSET ? &quot;; expected &quot;=, NOT, EXISTS, INTERSECTS, SELECT, FROM&quot;; SQL statement:
select RES.* 
     
    from ACT_RU_JOB RES
     
      
   
     order by  order by RES.ID_ asc  
    LIMIT ? OFFSET ? [42001-176]
### The error may exist in org/activiti/db/mapping/entity/Job.xml
### The error may involve org.activiti.engine.impl.persistence.entity.JobEntity.selectJobByQueryCriteria
### The error occurred while executing a query
### SQL: select RES.*            from ACT_RU_JOB RES                       order by  order by RES.ID_ asc       LIMIT ? OFFSET ?
### Cause: org.h2.jdbc.JdbcSQLException: Syntax error in SQL statement &quot;SELECT RES.* 
     
    FROM ACT_RU_JOB RES
     
      
   
     ORDER BY  ORDER[*] BY RES.ID_ ASC  
    LIMIT ? OFFSET ? &quot;; expected &quot;=, NOT, EXISTS, INTERSECTS, SELECT, FROM&quot;; SQL statement:
select RES.* 
     
    from ACT_RU_JOB RES
     
      
   
     order by  order by RES.ID_ asc  
    LIMIT ? OFFSET ? [42001-176]
	at org.apache.ibatis.exceptions.ExceptionFactory.wrapException(ExceptionFactory.java:30)
	at org.apache.ibatis.session.defaults.DefaultSqlSession.selectList(DefaultSqlSession.java:122)
	at org.apache.ibatis.session.defaults.DefaultSqlSession.selectList(DefaultSqlSession.java:113)
	at org.activiti.engine.impl.db.DbSqlSession.selectListWithRawParameter(DbSqlSession.java:438)
	at org.activiti.engine.impl.db.DbSqlSession.selectList(DbSqlSession.java:429)
	at org.activiti.engine.impl.db.DbSqlSession.selectList(DbSqlSession.java:419)
	at org.activiti.engine.impl.persistence.entity.JobEntityManager.findJobsByQueryCriteria(JobEntityManager.java:198)
	at org.activiti.engine.impl.JobQueryImpl.executeList(JobQueryImpl.java:243)
	at org.activiti.engine.impl.AbstractQuery.execute(AbstractQuery.java:164)
	at org.activiti.engine.impl.interceptor.CommandInvoker.execute(CommandInvoker.java:24)
	at org.activiti.engine.impl.interceptor.CommandContextInterceptor.execute(CommandContextInterceptor.java:57)
	at org.activiti.engine.impl.interceptor.LogInterceptor.execute(LogInterceptor.java:37)
	at org.activiti.engine.impl.cfg.CommandExecutorImpl.execute(CommandExecutorImpl.java:40)
	at org.activiti.engine.impl.cfg.CommandExecutorImpl.execute(CommandExecutorImpl.java:35)
	at org.activiti.engine.impl.AbstractQuery.list(AbstractQuery.java:138)
	at org.activiti.engine.impl.test.JobTestHelper.areJobsAvailable(JobTestHelper.java:194)
	at org.activiti.engine.impl.test.JobTestHelper.waitForJobExecutorToProcessAllJobs(JobTestHelper.java:74)
	at org.activiti.engine.impl.test.JobTestHelper.waitForJobExecutorToProcessAllJobs(JobTestHelper.java:47)
	at org.activiti.engine.impl.test.AbstractActivitiTestCase.waitForJobExecutorToProcessAllJobs(AbstractActivitiTestCase.java:204)
	at org.activiti.engine.test.jobexecutor.JobExecutorTest.testBasicJobExecutorOperation(JobExecutorTest.java:53)
	at sun.reflect.NativeMethodAccessorImpl.invoke0(Native Method)
	at sun.reflect.NativeMethodAccessorImpl.invoke(NativeMethodAccessorImpl.java:62)
	at sun.reflect.DelegatingMethodAccessorImpl.invoke(DelegatingMethodAccessorImpl.java:43)
	at java.lang.reflect.Method.invoke(Method.java:498)
	at junit.framework.TestCase.runTest(TestCase.java:176)
	at org.activiti.engine.impl.test.PvmTestCase.runTest(PvmTestCase.java:65)
	at junit.framework.TestCase.runBare(TestCase.java:141)
	at org.activiti.engine.impl.test.AbstractActivitiTestCase.runBare(AbstractActivitiTestCase.java:100)
	at junit.framework.TestResult$1.protect(TestResult.java:122)
	at junit.framework.TestResult.runProtected(TestResult.java:142)
	at junit.framework.TestResult.run(TestResult.java:125)
	at junit.framework.TestCase.run(TestCase.java:129)
	at junit.framework.TestSuite.runTest(TestSuite.java:255)
	at junit.framework.TestSuite.run(TestSuite.java:250)
	at org.junit.internal.runners.JUnit38ClassRunner.run(JUnit38ClassRunner.java:84)
	at org.apache.maven.surefire.junit4.JUnit4TestSet.execute(JUnit4TestSet.java:35)
	at org.apache.maven.surefire.junit4.JUnit4Provider.executeTestSet(JUnit4Provider.java:146)
	at org.apache.maven.surefire.junit4.JUnit4Provider.invoke(JUnit4Provider.java:97)
	at sun.reflect.NativeMethodAccessorImpl.invoke0(Native Method)
	at sun.reflect.NativeMethodAccessorImpl.invoke(NativeMethodAccessorImpl.java:62)
	at sun.reflect.DelegatingMethodAccessorImpl.invoke(DelegatingMethodAccessorImpl.java:43)
	at java.lang.reflect.Method.invoke(Method.java:498)
	at org.apache.maven.surefire.booter.ProviderFactory$ClassLoaderProxy.invoke(ProviderFactory.java:103)
	at com.sun.proxy.$Proxy0.invoke(Unknown Source)
	at org.apache.maven.surefire.booter.SurefireStarter.invokeProvider(SurefireStarter.java:145)
	at org.apache.maven.surefire.booter.SurefireStarter.runSuitesInProcess(SurefireStarter.java:87)
	at org.apache.maven.surefire.booter.ForkedBooter.main(ForkedBooter.java:69)
Caused by: org.h2.jdbc.JdbcSQLException: Syntax error in SQL statement &quot;SELECT RES.* 
     
    FROM ACT_RU_JOB RES
     
      
   
     ORDER BY  ORDER[*] BY RES.ID_ ASC  
    LIMIT ? OFFSET ? &quot;; expected &quot;=, NOT, EXISTS, INTERSECTS, SELECT, FROM&quot;; SQL statement:
select RES.* 
     
    from ACT_RU_JOB RES
     
      
   
     order by  order by RES.ID_ asc  
    LIMIT ? OFFSET ? [42001-176]
	at org.h2.message.DbException.getJdbcSQLException(DbException.java:344)
	at org.h2.message.DbException.getSyntaxError(DbException.java:204)
	at org.h2.command.Parser.getSyntaxError(Parser.java:524)
	at org.h2.command.Parser.readTerm(Parser.java:2688)
	at org.h2.command.Parser.readFactor(Parser.java:2244)
	at org.h2.command.Parser.readSum(Parser.java:2231)
	at org.h2.command.Parser.readConcat(Parser.java:2201)
	at org.h2.command.Parser.readCondition(Parser.java:2051)
	at org.h2.command.Parser.readAnd(Parser.java:2023)
	at org.h2.command.Parser.readExpression(Parser.java:2015)
	at org.h2.command.Parser.parseEndOfQuery(Parser.java:1726)
	at org.h2.command.Parser.parseSelectUnionExtension(Parser.java:1706)
	at org.h2.command.Parser.parseSelectUnion(Parser.java:1675)
	at org.h2.command.Parser.parseSelect(Parser.java:1662)
	at org.h2.command.Parser.parsePrepared(Parser.java:434)
	at org.h2.command.Parser.parse(Parser.java:306)
	at org.h2.command.Parser.parse(Parser.java:282)
	at org.h2.command.Parser.prepareCommand(Parser.java:243)
	at org.h2.engine.Session.prepareLocal(Session.java:442)
	at org.h2.engine.Session.prepareCommand(Session.java:384)
	at org.h2.jdbc.JdbcConnection.prepareCommand(JdbcConnection.java:1188)
	at org.h2.jdbc.JdbcPreparedStatement.&lt;init&gt;(JdbcPreparedStatement.java:73)
	at org.h2.jdbc.JdbcConnection.prepareStatement(JdbcConnection.java:276)
	at sun.reflect.GeneratedMethodAccessor6.invoke(Unknown Source)
	at sun.reflect.DelegatingMethodAccessorImpl.invoke(DelegatingMethodAccessorImpl.java:43)
	at java.lang.reflect.Method.invoke(Method.java:498)
	at org.apache.ibatis.datasource.pooled.PooledConnection.invoke(PooledConnection.java:245)
	at com.sun.proxy.$Proxy12.prepareStatement(Unknown Source)
	at sun.reflect.GeneratedMethodAccessor6.invoke(Unknown Source)
	at sun.reflect.DelegatingMethodAccessorImpl.invoke(DelegatingMethodAccessorImpl.java:43)
	at java.lang.reflect.Method.invoke(Method.java:498)
	at org.apache.ibatis.logging.jdbc.ConnectionLogger.invoke(ConnectionLogger.java:55)
	at com.sun.proxy.$Proxy12.prepareStatement(Unknown Source)
	at org.apache.ibatis.executor.statement.PreparedStatementHandler.instantiateStatement(PreparedStatementHandler.java:79)
	at org.apache.ibatis.executor.statement.BaseStatementHandler.prepare(BaseStatementHandler.java:88)
	at org.apache.ibatis.executor.statement.RoutingStatementHandler.prepare(RoutingStatementHandler.java:58)
	at org.apache.ibatis.executor.SimpleExecutor.prepareStatement(SimpleExecutor.java:76)
	at org.apache.ibatis.executor.SimpleExecutor.doQuery(SimpleExecutor.java:61)
	at org.apache.ibatis.executor.BaseExecutor.queryFromDatabase(BaseExecutor.java:303)
	at org.apache.ibatis.executor.BaseExecutor.query(BaseExecutor.java:154)
	at org.apache.ibatis.executor.CachingExecutor.query(CachingExecutor.java:102)
	at org.apache.ibatis.executor.CachingExecutor.query(CachingExecutor.java:82)
	at org.apache.ibatis.session.defaults.DefaultSqlSession.selectList(DefaultSqlSession.java:120)
	... 45 more
10:47:53,333 [main] DEBUG org.activiti.engine.impl.cfg.standalone.StandaloneMybatisTransactionContext  - firing event rolling back...
10:47:53,333 [main] DEBUG org.activiti.engine.impl.cfg.standalone.StandaloneMybatisTransactionContext  - rolling back ibatis sql session...
10:47:53,333 [main] DEBUG org.activiti.engine.impl.cfg.standalone.StandaloneMybatisTransactionContext  - firing event rolled back...
10:47:53,333 [main] DEBUG org.apache.ibatis.transaction.jdbc.JdbcTransaction  - Resetting autocommit to true on JDBC Connection [conn3: url=jdbc:h2:mem:activiti user=SA]
10:47:53,334 [main] DEBUG org.apache.ibatis.transaction.jdbc.JdbcTransaction  - Closing JDBC Connection [conn3: url=jdbc:h2:mem:activiti user=SA]
10:47:53,334 [main] DEBUG org.apache.ibatis.datasource.pooled.PooledDataSource  - Returned connection 180014677 to pool.
10:47:53,334 [main] DEBUG org.activiti.engine.impl.interceptor.LogInterceptor  - --- JobQueryImpl finished --------------------------------------------------------
10:47:53,334 [main] DEBUG org.activiti.engine.impl.interceptor.LogInterceptor  - 

10:47:53,350 [Thread-112] DEBUG org.activiti.engine.impl.asyncexecutor.AcquireAsyncJobsDueRunnable  - async job acquisition thread woke up
10:47:53,350 [Thread-112] DEBUG org.activiti.engine.impl.interceptor.LogInterceptor  - 

10:47:53,350 [Thread-112] DEBUG org.activiti.engine.impl.interceptor.LogInterceptor  - --- starting AcquireAsyncJobsDueCmd --------------------------------------------------------
10:47:53,350 [Thread-112] DEBUG org.apache.ibatis.transaction.jdbc.JdbcTransaction  - Opening JDBC Connection
10:47:53,350 [Thread-112] DEBUG org.apache.ibatis.datasource.pooled.PooledDataSource  - Checked out connection 1863805930 from pool.
10:47:53,350 [Thread-112] DEBUG org.apache.ibatis.transaction.jdbc.JdbcTransaction  - Setting autocommit to false on JDBC Connection [conn69: url=jdbc:h2:mem:activiti-AsyncExecutorTest user=SA]
10:47:53,350 [Thread-112] DEBUG org.activiti.engine.impl.persistence.entity.JobEntity.selectAsyncJobsDueToExecute  - ==&gt;  Preparing: select RES.* from ACT_RU_JOB RES LEFT OUTER JOIN ACT_RU_EXECUTION PI ON PI.ID_ = RES.PROCESS_INSTANCE_ID_ where RES.RETRIES_ &gt; 0 and RES.DUEDATE_ is not null and RES.DUEDATE_ &lt;= ? and (RES.LOCK_EXP_TIME_ is null or RES.LOCK_EXP_TIME_ &lt;= ?) and TYPE_ = &apos;message&apos; and ( (RES.EXECUTION_ID_ is null) or (PI.SUSPENSION_STATE_ = 1) ) LIMIT ? OFFSET ? 
10:47:53,350 [Thread-112] DEBUG org.activiti.engine.impl.persistence.entity.JobEntity.selectAsyncJobsDueToExecute  - ==&gt; Parameters: 2023-03-20 10:48:50.669(Timestamp), 2023-03-20 10:48:50.669(Timestamp), 1(Integer), 0(Integer)
10:47:53,350 [Thread-112] DEBUG org.activiti.engine.impl.persistence.entity.JobEntity.selectAsyncJobsDueToExecute  - &lt;==      Total: 0
10:47:53,350 [Thread-112] DEBUG org.activiti.engine.impl.db.DbSqlSession  - flush summary: 0 insert, 0 update, 0 delete.
10:47:53,350 [Thread-112] DEBUG org.activiti.engine.impl.db.DbSqlSession  - now executing flush...
10:47:53,350 [Thread-112] DEBUG org.activiti.engine.impl.cfg.standalone.StandaloneMybatisTransactionContext  - firing event committing...
10:47:53,350 [Thread-112] DEBUG org.activiti.engine.impl.cfg.standalone.StandaloneMybatisTransactionContext  - committing the ibatis sql session...
10:47:53,350 [Thread-112] DEBUG org.activiti.engine.impl.cfg.standalone.StandaloneMybatisTransactionContext  - firing event committed...
10:47:53,350 [Thread-112] DEBUG org.apache.ibatis.transaction.jdbc.JdbcTransaction  - Resetting autocommit to true on JDBC Connection [conn69: url=jdbc:h2:mem:activiti-AsyncExecutorTest user=SA]
10:47:53,350 [Thread-112] DEBUG org.apache.ibatis.transaction.jdbc.JdbcTransaction  - Closing JDBC Connection [conn69: url=jdbc:h2:mem:activiti-AsyncExecutorTest user=SA]
10:47:53,350 [Thread-112] DEBUG org.apache.ibatis.datasource.pooled.PooledDataSource  - Returned connection 1863805930 to pool.
10:47:53,350 [Thread-112] DEBUG org.activiti.engine.impl.interceptor.LogInterceptor  - --- AcquireAsyncJobsDueCmd finished --------------------------------------------------------
10:47:53,350 [Thread-112] DEBUG org.activiti.engine.impl.interceptor.LogInterceptor  - 

10:47:53,350 [Thread-112] DEBUG org.activiti.engine.impl.asyncexecutor.AcquireAsyncJobsDueRunnable  - async job acquisition thread sleeping for 50 millis
10:47:53,366 [Thread-111] DEBUG org.activiti.engine.impl.asyncexecutor.AcquireTimerJobsRunnable  - timer job acquisition thread woke up
10:47:53,366 [Thread-102] DEBUG org.activiti.engine.impl.asyncexecutor.AcquireTimerJobsRunnable  - timer job acquisition thread woke up
10:47:53,366 [Thread-102] DEBUG org.activiti.engine.impl.interceptor.LogInterceptor  - 

10:47:53,366 [Thread-103] DEBUG org.activiti.engine.impl.asyncexecutor.AcquireAsyncJobsDueRunnable  - async job acquisition thread woke up
10:47:53,366 [Thread-103] DEBUG org.activiti.engine.impl.interceptor.LogInterceptor  - 

10:47:53,366 [Thread-103] DEBUG org.activiti.engine.impl.interceptor.LogInterceptor  - --- starting AcquireAsyncJobsDueCmd --------------------------------------------------------
10:47:53,366 [Thread-106] DEBUG org.activiti.engine.impl.asyncexecutor.AcquireAsyncJobsDueRunnable  - async job acquisition thread woke up
10:47:53,366 [Thread-106] DEBUG org.activiti.engine.impl.interceptor.LogInterceptor  - 

10:47:53,366 [Thread-106] DEBUG org.activiti.engine.impl.interceptor.LogInterceptor  - --- starting AcquireAsyncJobsDueCmd --------------------------------------------------------
10:47:53,366 [Thread-105] DEBUG org.activiti.engine.impl.asyncexecutor.AcquireTimerJobsRunnable  - timer job acquisition thread woke up
10:47:53,366 [Thread-105] DEBUG org.activiti.engine.impl.interceptor.LogInterceptor  - 

10:47:53,366 [Thread-105] DEBUG org.activiti.engine.impl.interceptor.LogInterceptor  - --- starting AcquireTimerJobsCmd --------------------------------------------------------
10:47:53,366 [Thread-106] DEBUG org.apache.ibatis.transaction.jdbc.JdbcTransaction  - Opening JDBC Connection
10:47:53,366 [Thread-103] DEBUG org.apache.ibatis.transaction.jdbc.JdbcTransaction  - Opening JDBC Connection
10:47:53,366 [Thread-103] DEBUG org.apache.ibatis.datasource.pooled.PooledDataSource  - Checked out connection 157985567 from pool.
10:47:53,366 [Thread-102] DEBUG org.activiti.engine.impl.interceptor.LogInterceptor  - --- starting AcquireTimerJobsCmd --------------------------------------------------------
10:47:53,366 [Thread-111] DEBUG org.activiti.engine.impl.interceptor.LogInterceptor  - 

10:47:53,366 [Thread-111] DEBUG org.activiti.engine.impl.interceptor.LogInterceptor  - --- starting AcquireTimerJobsCmd --------------------------------------------------------
10:47:53,366 [Thread-102] DEBUG org.apache.ibatis.transaction.jdbc.JdbcTransaction  - Opening JDBC Connection
10:47:53,366 [Thread-102] DEBUG org.apache.ibatis.datasource.pooled.PooledDataSource  - Checked out connection 33534803 from pool.
10:47:53,367 [Thread-102] DEBUG org.apache.ibatis.transaction.jdbc.JdbcTransaction  - Setting autocommit to false on JDBC Connection [conn60: url=jdbc:h2:mem:activiti-AsyncExecutorTest user=SA]
10:47:53,367 [Thread-102] DEBUG org.activiti.engine.impl.persistence.entity.JobEntity.selectNextTimerJobsToExecute  - ==&gt;  Preparing: select RES.* from ACT_RU_JOB RES LEFT OUTER JOIN ACT_RU_EXECUTION PI ON PI.ID_ = RES.PROCESS_INSTANCE_ID_ where (RES.RETRIES_ &gt; 0) and (RES.DUEDATE_ is null or RES.DUEDATE_ &lt;= ?) and (RES.LOCK_OWNER_ is null or RES.LOCK_EXP_TIME_ &lt;= ?) and TYPE_ = &apos;timer&apos; and ( (RES.EXECUTION_ID_ is null) or (PI.SUSPENSION_STATE_ = 1) ) LIMIT ? OFFSET ? 
10:47:53,366 [Thread-103] DEBUG org.apache.ibatis.transaction.jdbc.JdbcTransaction  - Setting autocommit to false on JDBC Connection [conn61: url=jdbc:h2:mem:activiti-AsyncExecutorTest user=SA]
10:47:53,366 [Thread-106] DEBUG org.apache.ibatis.datasource.pooled.PooledDataSource  - Checked out connection 1970103261 from pool.
10:47:53,367 [Thread-106] DEBUG org.apache.ibatis.transaction.jdbc.JdbcTransaction  - Setting autocommit to false on JDBC Connection [conn63: url=jdbc:h2:mem:activiti-AsyncExecutorTest user=SA]
10:47:53,366 [Thread-105] DEBUG org.apache.ibatis.transaction.jdbc.JdbcTransaction  - Opening JDBC Connection
10:47:53,367 [Thread-105] DEBUG org.apache.ibatis.datasource.pooled.PooledDataSource  - Checked out connection 996762054 from pool.
10:47:53,367 [Thread-105] DEBUG org.apache.ibatis.transaction.jdbc.JdbcTransaction  - Setting autocommit to false on JDBC Connection [conn65: url=jdbc:h2:mem:activiti-AsyncExecutorTest user=SA]
10:47:53,367 [Thread-106] DEBUG org.activiti.engine.impl.persistence.entity.JobEntity.selectAsyncJobsDueToExecute  - ==&gt;  Preparing: select RES.* from ACT_RU_JOB RES LEFT OUTER JOIN ACT_RU_EXECUTION PI ON PI.ID_ = RES.PROCESS_INSTANCE_ID_ where RES.RETRIES_ &gt; 0 and RES.DUEDATE_ is not null and RES.DUEDATE_ &lt;= ? and (RES.LOCK_EXP_TIME_ is null or RES.LOCK_EXP_TIME_ &lt;= ?) and TYPE_ = &apos;message&apos; and ( (RES.EXECUTION_ID_ is null) or (PI.SUSPENSION_STATE_ = 1) ) LIMIT ? OFFSET ? 
10:47:53,367 [Thread-103] DEBUG org.activiti.engine.impl.persistence.entity.JobEntity.selectAsyncJobsDueToExecute  - ==&gt;  Preparing: select RES.* from ACT_RU_JOB RES LEFT OUTER JOIN ACT_RU_EXECUTION PI ON PI.ID_ = RES.PROCESS_INSTANCE_ID_ where RES.RETRIES_ &gt; 0 and RES.DUEDATE_ is not null and RES.DUEDATE_ &lt;= ? and (RES.LOCK_EXP_TIME_ is null or RES.LOCK_EXP_TIME_ &lt;= ?) and TYPE_ = &apos;message&apos; and ( (RES.EXECUTION_ID_ is null) or (PI.SUSPENSION_STATE_ = 1) ) LIMIT ? OFFSET ? 
10:47:53,367 [Thread-102] DEBUG org.activiti.engine.impl.persistence.entity.JobEntity.selectNextTimerJobsToExecute  - ==&gt; Parameters: 2023-03-20 10:48:50.669(Timestamp), 2023-03-20 10:48:50.669(Timestamp), 1(Integer), 0(Integer)
10:47:53,366 [Thread-111] DEBUG org.apache.ibatis.transaction.jdbc.JdbcTransaction  - Opening JDBC Connection
10:47:53,367 [Thread-111] DEBUG org.apache.ibatis.datasource.pooled.PooledDataSource  - Checked out connection 604408605 from pool.
10:47:53,367 [Thread-102] DEBUG org.activiti.engine.impl.persistence.entity.JobEntity.selectNextTimerJobsToExecute  - &lt;==      Total: 0
10:47:53,367 [Thread-103] DEBUG org.activiti.engine.impl.persistence.entity.JobEntity.selectAsyncJobsDueToExecute  - ==&gt; Parameters: 2023-03-20 10:48:50.669(Timestamp), 2023-03-20 10:48:50.669(Timestamp), 1(Integer), 0(Integer)
10:47:53,367 [Thread-106] DEBUG org.activiti.engine.impl.persistence.entity.JobEntity.selectAsyncJobsDueToExecute  - ==&gt; Parameters: 2023-03-20 10:48:50.669(Timestamp), 2023-03-20 10:48:50.669(Timestamp), 1(Integer), 0(Integer)
10:47:53,367 [Thread-105] DEBUG org.activiti.engine.impl.persistence.entity.JobEntity.selectNextTimerJobsToExecute  - ==&gt;  Preparing: select RES.* from ACT_RU_JOB RES LEFT OUTER JOIN ACT_RU_EXECUTION PI ON PI.ID_ = RES.PROCESS_INSTANCE_ID_ where (RES.RETRIES_ &gt; 0) and (RES.DUEDATE_ is null or RES.DUEDATE_ &lt;= ?) and (RES.LOCK_OWNER_ is null or RES.LOCK_EXP_TIME_ &lt;= ?) and TYPE_ = &apos;timer&apos; and ( (RES.EXECUTION_ID_ is null) or (PI.SUSPENSION_STATE_ = 1) ) LIMIT ? OFFSET ? 
10:47:53,367 [Thread-106] DEBUG org.activiti.engine.impl.persistence.entity.JobEntity.selectAsyncJobsDueToExecute  - &lt;==      Total: 0
10:47:53,367 [Thread-106] DEBUG org.activiti.engine.impl.db.DbSqlSession  - flush summary: 0 insert, 0 update, 0 delete.
10:47:53,367 [Thread-106] DEBUG org.activiti.engine.impl.db.DbSqlSession  - now executing flush...
10:47:53,367 [Thread-106] DEBUG org.activiti.engine.impl.cfg.standalone.StandaloneMybatisTransactionContext  - firing event committing...
10:47:53,367 [Thread-106] DEBUG org.activiti.engine.impl.cfg.standalone.StandaloneMybatisTransactionContext  - committing the ibatis sql session...
10:47:53,367 [Thread-106] DEBUG org.activiti.engine.impl.cfg.standalone.StandaloneMybatisTransactionContext  - firing event committed...
10:47:53,367 [Thread-103] DEBUG org.activiti.engine.impl.persistence.entity.JobEntity.selectAsyncJobsDueToExecute  - &lt;==      Total: 0
10:47:53,367 [Thread-102] DEBUG org.activiti.engine.impl.db.DbSqlSession  - flush summary: 0 insert, 0 update, 0 delete.
10:47:53,368 [Thread-102] DEBUG org.activiti.engine.impl.db.DbSqlSession  - now executing flush...
10:47:53,368 [Thread-102] DEBUG org.activiti.engine.impl.cfg.standalone.StandaloneMybatisTransactionContext  - firing event committing...
10:47:53,368 [Thread-102] DEBUG org.activiti.engine.impl.cfg.standalone.StandaloneMybatisTransactionContext  - committing the ibatis sql session...
10:47:53,368 [Thread-102] DEBUG org.activiti.engine.impl.cfg.standalone.StandaloneMybatisTransactionContext  - firing event committed...
10:47:53,368 [Thread-102] DEBUG org.apache.ibatis.transaction.jdbc.JdbcTransaction  - Resetting autocommit to true on JDBC Connection [conn60: url=jdbc:h2:mem:activiti-AsyncExecutorTest user=SA]
10:47:53,368 [Thread-102] DEBUG org.apache.ibatis.transaction.jdbc.JdbcTransaction  - Closing JDBC Connection [conn60: url=jdbc:h2:mem:activiti-AsyncExecutorTest user=SA]
10:47:53,368 [Thread-102] DEBUG org.apache.ibatis.datasource.pooled.PooledDataSource  - Returned connection 33534803 to pool.
10:47:53,368 [Thread-102] DEBUG org.activiti.engine.impl.interceptor.LogInterceptor  - --- AcquireTimerJobsCmd finished --------------------------------------------------------
10:47:53,368 [Thread-102] DEBUG org.activiti.engine.impl.interceptor.LogInterceptor  - 

10:47:53,368 [Thread-102] DEBUG org.activiti.engine.impl.asyncexecutor.AcquireTimerJobsRunnable  - timer job acquisition thread sleeping for 50 millis
10:47:53,367 [Thread-111] DEBUG org.apache.ibatis.transaction.jdbc.JdbcTransaction  - Setting autocommit to false on JDBC Connection [conn70: url=jdbc:h2:mem:activiti-AsyncExecutorTest user=SA]
10:47:53,368 [Thread-111] DEBUG org.activiti.engine.impl.persistence.entity.JobEntity.selectNextTimerJobsToExecute  - ==&gt;  Preparing: select RES.* from ACT_RU_JOB RES LEFT OUTER JOIN ACT_RU_EXECUTION PI ON PI.ID_ = RES.PROCESS_INSTANCE_ID_ where (RES.RETRIES_ &gt; 0) and (RES.DUEDATE_ is null or RES.DUEDATE_ &lt;= ?) and (RES.LOCK_OWNER_ is null or RES.LOCK_EXP_TIME_ &lt;= ?) and TYPE_ = &apos;timer&apos; and ( (RES.EXECUTION_ID_ is null) or (PI.SUSPENSION_STATE_ = 1) ) LIMIT ? OFFSET ? 
10:47:53,367 [Thread-103] DEBUG org.activiti.engine.impl.db.DbSqlSession  - flush summary: 0 insert, 0 update, 0 delete.
10:47:53,368 [Thread-103] DEBUG org.activiti.engine.impl.db.DbSqlSession  - now executing flush...
10:47:53,368 [Thread-103] DEBUG org.activiti.engine.impl.cfg.standalone.StandaloneMybatisTransactionContext  - firing event committing...
10:47:53,367 [Thread-106] DEBUG org.apache.ibatis.transaction.jdbc.JdbcTransaction  - Resetting autocommit to true on JDBC Connection [conn63: url=jdbc:h2:mem:activiti-AsyncExecutorTest user=SA]
10:47:53,368 [Thread-106] DEBUG org.apache.ibatis.transaction.jdbc.JdbcTransaction  - Closing JDBC Connection [conn63: url=jdbc:h2:mem:activiti-AsyncExecutorTest user=SA]
10:47:53,368 [Thread-106] DEBUG org.apache.ibatis.datasource.pooled.PooledDataSource  - Returned connection 1970103261 to pool.
10:47:53,368 [Thread-106] DEBUG org.activiti.engine.impl.interceptor.LogInterceptor  - --- AcquireAsyncJobsDueCmd finished --------------------------------------------------------
10:47:53,368 [Thread-106] DEBUG org.activiti.engine.impl.interceptor.LogInterceptor  - 

10:47:53,368 [Thread-106] DEBUG org.activiti.engine.impl.asyncexecutor.AcquireAsyncJobsDueRunnable  - async job acquisition thread sleeping for 50 millis
10:47:53,367 [Thread-105] DEBUG org.activiti.engine.impl.persistence.entity.JobEntity.selectNextTimerJobsToExecute  - ==&gt; Parameters: 2023-03-20 10:48:50.669(Timestamp), 2023-03-20 10:48:50.669(Timestamp), 1(Integer), 0(Integer)
10:47:53,368 [Thread-105] DEBUG org.activiti.engine.impl.persistence.entity.JobEntity.selectNextTimerJobsToExecute  - &lt;==      Total: 0
10:47:53,368 [Thread-103] DEBUG org.activiti.engine.impl.cfg.standalone.StandaloneMybatisTransactionContext  - committing the ibatis sql session...
10:47:53,368 [Thread-103] DEBUG org.activiti.engine.impl.cfg.standalone.StandaloneMybatisTransactionContext  - firing event committed...
10:47:53,368 [Thread-103] DEBUG org.apache.ibatis.transaction.jdbc.JdbcTransaction  - Resetting autocommit to true on JDBC Connection [conn61: url=jdbc:h2:mem:activiti-AsyncExecutorTest user=SA]
10:47:53,368 [Thread-103] DEBUG org.apache.ibatis.transaction.jdbc.JdbcTransaction  - Closing JDBC Connection [conn61: url=jdbc:h2:mem:activiti-AsyncExecutorTest user=SA]
10:47:53,368 [Thread-103] DEBUG org.apache.ibatis.datasource.pooled.PooledDataSource  - Returned connection 157985567 to pool.
10:47:53,368 [Thread-103] DEBUG org.activiti.engine.impl.interceptor.LogInterceptor  - --- AcquireAsyncJobsDueCmd finished --------------------------------------------------------
10:47:53,368 [Thread-103] DEBUG org.activiti.engine.impl.interceptor.LogInterceptor  - 

10:47:53,368 [Thread-103] DEBUG org.activiti.engine.impl.asyncexecutor.AcquireAsyncJobsDueRunnable  - async job acquisition thread sleeping for 50 millis
10:47:53,368 [Thread-111] DEBUG org.activiti.engine.impl.persistence.entity.JobEntity.selectNextTimerJobsToExecute  - ==&gt; Parameters: 2023-03-20 10:48:50.669(Timestamp), 2023-03-20 10:48:50.669(Timestamp), 1(Integer), 0(Integer)
10:47:53,369 [Thread-111] DEBUG org.activiti.engine.impl.persistence.entity.JobEntity.selectNextTimerJobsToExecute  - &lt;==      Total: 0
10:47:53,369 [Thread-111] DEBUG org.activiti.engine.impl.db.DbSqlSession  - flush summary: 0 insert, 0 update, 0 delete.
10:47:53,369 [Thread-111] DEBUG org.activiti.engine.impl.db.DbSqlSession  - now executing flush...
10:47:53,369 [Thread-111] DEBUG org.activiti.engine.impl.cfg.standalone.StandaloneMybatisTransactionContext  - firing event committing...
10:47:53,369 [Thread-111] DEBUG org.activiti.engine.impl.cfg.standalone.StandaloneMybatisTransactionContext  - committing the ibatis sql session...
10:47:53,369 [Thread-111] DEBUG org.activiti.engine.impl.cfg.standalone.StandaloneMybatisTransactionContext  - firing event committed...
10:47:53,368 [Thread-105] DEBUG org.activiti.engine.impl.db.DbSqlSession  - flush summary: 0 insert, 0 update, 0 delete.
10:47:53,369 [Thread-105] DEBUG org.activiti.engine.impl.db.DbSqlSession  - now executing flush...
10:47:53,369 [Thread-105] DEBUG org.activiti.engine.impl.cfg.standalone.StandaloneMybatisTransactionContext  - firing event committing...
10:47:53,369 [Thread-105] DEBUG org.activiti.engine.impl.cfg.standalone.StandaloneMybatisTransactionContext  - committing the ibatis sql session...
10:47:53,369 [Thread-105] DEBUG org.activiti.engine.impl.cfg.standalone.StandaloneMybatisTransactionContext  - firing event committed...
10:47:53,369 [Thread-105] DEBUG org.apache.ibatis.transaction.jdbc.JdbcTransaction  - Resetting autocommit to true on JDBC Connection [conn65: url=jdbc:h2:mem:activiti-AsyncExecutorTest user=SA]
10:47:53,369 [Thread-105] DEBUG org.apache.ibatis.transaction.jdbc.JdbcTransaction  - Closing JDBC Connection [conn65: url=jdbc:h2:mem:activiti-AsyncExecutorTest user=SA]
10:47:53,369 [Thread-105] DEBUG org.apache.ibatis.datasource.pooled.PooledDataSource  - Returned connection 996762054 to pool.
10:47:53,369 [Thread-105] DEBUG org.activiti.engine.impl.interceptor.LogInterceptor  - --- AcquireTimerJobsCmd finished --------------------------------------------------------
10:47:53,369 [Thread-105] DEBUG org.activiti.engine.impl.interceptor.LogInterceptor  - 

10:47:53,369 [Thread-105] DEBUG org.activiti.engine.impl.asyncexecutor.AcquireTimerJobsRunnable  - timer job acquisition thread sleeping for 50 millis
10:47:53,369 [Thread-111] DEBUG org.apache.ibatis.transaction.jdbc.JdbcTransaction  - Resetting autocommit to true on JDBC Connection [conn70: url=jdbc:h2:mem:activiti-AsyncExecutorTest user=SA]
10:47:53,369 [Thread-111] DEBUG org.apache.ibatis.transaction.jdbc.JdbcTransaction  - Closing JDBC Connection [conn70: url=jdbc:h2:mem:activiti-AsyncExecutorTest user=SA]
10:47:53,369 [Thread-111] DEBUG org.apache.ibatis.datasource.pooled.PooledDataSource  - Returned connection 604408605 to pool.
10:47:53,369 [Thread-111] DEBUG org.activiti.engine.impl.interceptor.LogInterceptor  - --- AcquireTimerJobsCmd finished --------------------------------------------------------
10:47:53,369 [Thread-111] DEBUG org.activiti.engine.impl.interceptor.LogInterceptor  - 

10:47:53,369 [Thread-111] DEBUG org.activiti.engine.impl.asyncexecutor.AcquireTimerJobsRunnable  - timer job acquisition thread sleeping for 50 millis
10:47:53,412 [Thread-112] DEBUG org.activiti.engine.impl.asyncexecutor.AcquireAsyncJobsDueRunnable  - async job acquisition thread woke up
10:47:53,412 [Thread-112] DEBUG org.activiti.engine.impl.interceptor.LogInterceptor  - 

10:47:53,412 [Thread-112] DEBUG org.activiti.engine.impl.interceptor.LogInterceptor  - --- starting AcquireAsyncJobsDueCmd --------------------------------------------------------
10:47:53,412 [Thread-112] DEBUG org.apache.ibatis.transaction.jdbc.JdbcTransaction  - Opening JDBC Connection
10:47:53,412 [Thread-112] DEBUG org.apache.ibatis.datasource.pooled.PooledDataSource  - Checked out connection 58501658 from pool.
10:47:53,412 [Thread-112] DEBUG org.apache.ibatis.transaction.jdbc.JdbcTransaction  - Setting autocommit to false on JDBC Connection [conn68: url=jdbc:h2:mem:activiti-AsyncExecutorTest user=SA]
10:47:53,412 [Thread-112] DEBUG org.activiti.engine.impl.persistence.entity.JobEntity.selectAsyncJobsDueToExecute  - ==&gt;  Preparing: select RES.* from ACT_RU_JOB RES LEFT OUTER JOIN ACT_RU_EXECUTION PI ON PI.ID_ = RES.PROCESS_INSTANCE_ID_ where RES.RETRIES_ &gt; 0 and RES.DUEDATE_ is not null and RES.DUEDATE_ &lt;= ? and (RES.LOCK_EXP_TIME_ is null or RES.LOCK_EXP_TIME_ &lt;= ?) and TYPE_ = &apos;message&apos; and ( (RES.EXECUTION_ID_ is null) or (PI.SUSPENSION_STATE_ = 1) ) LIMIT ? OFFSET ? 
10:47:53,412 [Thread-112] DEBUG org.activiti.engine.impl.persistence.entity.JobEntity.selectAsyncJobsDueToExecute  - ==&gt; Parameters: 2023-03-20 10:48:50.669(Timestamp), 2023-03-20 10:48:50.669(Timestamp), 1(Integer), 0(Integer)
10:47:53,412 [Thread-112] DEBUG org.activiti.engine.impl.persistence.entity.JobEntity.selectAsyncJobsDueToExecute  - &lt;==      Total: 0
10:47:53,412 [Thread-112] DEBUG org.activiti.engine.impl.db.DbSqlSession  - flush summary: 0 insert, 0 update, 0 delete.
10:47:53,412 [Thread-112] DEBUG org.activiti.engine.impl.db.DbSqlSession  - now executing flush...
10:47:53,412 [Thread-112] DEBUG org.activiti.engine.impl.cfg.standalone.StandaloneMybatisTransactionContext  - firing event committing...
10:47:53,412 [Thread-112] DEBUG org.activiti.engine.impl.cfg.standalone.StandaloneMybatisTransactionContext  - committing the ibatis sql session...
10:47:53,412 [Thread-112] DEBUG org.activiti.engine.impl.cfg.standalone.StandaloneMybatisTransactionContext  - firing event committed...
10:47:53,412 [Thread-112] DEBUG org.apache.ibatis.transaction.jdbc.JdbcTransaction  - Resetting autocommit to true on JDBC Connection [conn68: url=jdbc:h2:mem:activiti-AsyncExecutorTest user=SA]
10:47:53,412 [Thread-112] DEBUG org.apache.ibatis.transaction.jdbc.JdbcTransaction  - Closing JDBC Connection [conn68: url=jdbc:h2:mem:activiti-AsyncExecutorTest user=SA]
10:47:53,412 [Thread-112] DEBUG org.apache.ibatis.datasource.pooled.PooledDataSource  - Returned connection 58501658 to pool.
10:47:53,412 [Thread-112] DEBUG org.activiti.engine.impl.interceptor.LogInterceptor  - --- AcquireAsyncJobsDueCmd finished --------------------------------------------------------
10:47:53,412 [Thread-112] DEBUG org.activiti.engine.impl.interceptor.LogInterceptor  - 

10:47:53,412 [Thread-112] DEBUG org.activiti.engine.impl.asyncexecutor.AcquireAsyncJobsDueRunnable  - async job acquisition thread sleeping for 50 millis
10:47:53,428 [Thread-111] DEBUG org.activiti.engine.impl.asyncexecutor.AcquireTimerJobsRunnable  - timer job acquisition thread woke up
10:47:53,428 [Thread-105] DEBUG org.activiti.engine.impl.asyncexecutor.AcquireTimerJobsRunnable  - timer job acquisition thread woke up
10:47:53,428 [Thread-105] DEBUG org.activiti.engine.impl.interceptor.LogInterceptor  - 

10:47:53,428 [Thread-105] DEBUG org.activiti.engine.impl.interceptor.LogInterceptor  - --- starting AcquireTimerJobsCmd --------------------------------------------------------
10:47:53,428 [Thread-105] DEBUG org.apache.ibatis.transaction.jdbc.JdbcTransaction  - Opening JDBC Connection
10:47:53,428 [Thread-105] DEBUG org.apache.ibatis.datasource.pooled.PooledDataSource  - Checked out connection 54468349 from pool.
10:47:53,428 [Thread-105] DEBUG org.apache.ibatis.transaction.jdbc.JdbcTransaction  - Setting autocommit to false on JDBC Connection [conn64: url=jdbc:h2:mem:activiti-AsyncExecutorTest user=SA]
10:47:53,428 [Thread-105] DEBUG org.activiti.engine.impl.persistence.entity.JobEntity.selectNextTimerJobsToExecute  - ==&gt;  Preparing: select RES.* from ACT_RU_JOB RES LEFT OUTER JOIN ACT_RU_EXECUTION PI ON PI.ID_ = RES.PROCESS_INSTANCE_ID_ where (RES.RETRIES_ &gt; 0) and (RES.DUEDATE_ is null or RES.DUEDATE_ &lt;= ?) and (RES.LOCK_OWNER_ is null or RES.LOCK_EXP_TIME_ &lt;= ?) and TYPE_ = &apos;timer&apos; and ( (RES.EXECUTION_ID_ is null) or (PI.SUSPENSION_STATE_ = 1) ) LIMIT ? OFFSET ? 
10:47:53,428 [Thread-102] DEBUG org.activiti.engine.impl.asyncexecutor.AcquireTimerJobsRunnable  - timer job acquisition thread woke up
10:47:53,428 [Thread-102] DEBUG org.activiti.engine.impl.interceptor.LogInterceptor  - 

10:47:53,428 [Thread-102] DEBUG org.activiti.engine.impl.interceptor.LogInterceptor  - --- starting AcquireTimerJobsCmd --------------------------------------------------------
10:47:53,428 [Thread-102] DEBUG org.apache.ibatis.transaction.jdbc.JdbcTransaction  - Opening JDBC Connection
10:47:53,428 [Thread-102] DEBUG org.apache.ibatis.datasource.pooled.PooledDataSource  - Checked out connection 720039383 from pool.
10:47:53,428 [Thread-102] DEBUG org.apache.ibatis.transaction.jdbc.JdbcTransaction  - Setting autocommit to false on JDBC Connection [conn59: url=jdbc:h2:mem:activiti-AsyncExecutorTest user=SA]
10:47:53,428 [Thread-102] DEBUG org.activiti.engine.impl.persistence.entity.JobEntity.selectNextTimerJobsToExecute  - ==&gt;  Preparing: select RES.* from ACT_RU_JOB RES LEFT OUTER JOIN ACT_RU_EXECUTION PI ON PI.ID_ = RES.PROCESS_INSTANCE_ID_ where (RES.RETRIES_ &gt; 0) and (RES.DUEDATE_ is null or RES.DUEDATE_ &lt;= ?) and (RES.LOCK_OWNER_ is null or RES.LOCK_EXP_TIME_ &lt;= ?) and TYPE_ = &apos;timer&apos; and ( (RES.EXECUTION_ID_ is null) or (PI.SUSPENSION_STATE_ = 1) ) LIMIT ? OFFSET ? 
10:47:53,428 [Thread-106] DEBUG org.activiti.engine.impl.asyncexecutor.AcquireAsyncJobsDueRunnable  - async job acquisition thread woke up
10:47:53,428 [Thread-106] DEBUG org.activiti.engine.impl.interceptor.LogInterceptor  - 

10:47:53,428 [Thread-106] DEBUG org.activiti.engine.impl.interceptor.LogInterceptor  - --- starting AcquireAsyncJobsDueCmd --------------------------------------------------------
10:47:53,428 [Thread-106] DEBUG org.apache.ibatis.transaction.jdbc.JdbcTransaction  - Opening JDBC Connection
10:47:53,428 [Thread-106] DEBUG org.apache.ibatis.datasource.pooled.PooledDataSource  - Checked out connection 1970103261 from pool.
10:47:53,428 [Thread-106] DEBUG org.apache.ibatis.transaction.jdbc.JdbcTransaction  - Setting autocommit to false on JDBC Connection [conn63: url=jdbc:h2:mem:activiti-AsyncExecutorTest user=SA]
10:47:53,428 [Thread-106] DEBUG org.activiti.engine.impl.persistence.entity.JobEntity.selectAsyncJobsDueToExecute  - ==&gt;  Preparing: select RES.* from ACT_RU_JOB RES LEFT OUTER JOIN ACT_RU_EXECUTION PI ON PI.ID_ = RES.PROCESS_INSTANCE_ID_ where RES.RETRIES_ &gt; 0 and RES.DUEDATE_ is not null and RES.DUEDATE_ &lt;= ? and (RES.LOCK_EXP_TIME_ is null or RES.LOCK_EXP_TIME_ &lt;= ?) and TYPE_ = &apos;message&apos; and ( (RES.EXECUTION_ID_ is null) or (PI.SUSPENSION_STATE_ = 1) ) LIMIT ? OFFSET ? 
10:47:53,428 [Thread-106] DEBUG org.activiti.engine.impl.persistence.entity.JobEntity.selectAsyncJobsDueToExecute  - ==&gt; Parameters: 2023-03-20 10:48:50.669(Timestamp), 2023-03-20 10:48:50.669(Timestamp), 1(Integer), 0(Integer)
10:47:53,428 [Thread-106] DEBUG org.activiti.engine.impl.persistence.entity.JobEntity.selectAsyncJobsDueToExecute  - &lt;==      Total: 0
10:47:53,429 [Thread-106] DEBUG org.activiti.engine.impl.db.DbSqlSession  - flush summary: 0 insert, 0 update, 0 delete.
10:47:53,429 [Thread-106] DEBUG org.activiti.engine.impl.db.DbSqlSession  - now executing flush...
10:47:53,429 [Thread-106] DEBUG org.activiti.engine.impl.cfg.standalone.StandaloneMybatisTransactionContext  - firing event committing...
10:47:53,429 [Thread-106] DEBUG org.activiti.engine.impl.cfg.standalone.StandaloneMybatisTransactionContext  - committing the ibatis sql session...
10:47:53,429 [Thread-106] DEBUG org.activiti.engine.impl.cfg.standalone.StandaloneMybatisTransactionContext  - firing event committed...
10:47:53,429 [Thread-106] DEBUG org.apache.ibatis.transaction.jdbc.JdbcTransaction  - Resetting autocommit to true on JDBC Connection [conn63: url=jdbc:h2:mem:activiti-AsyncExecutorTest user=SA]
10:47:53,429 [Thread-106] DEBUG org.apache.ibatis.transaction.jdbc.JdbcTransaction  - Closing JDBC Connection [conn63: url=jdbc:h2:mem:activiti-AsyncExecutorTest user=SA]
10:47:53,429 [Thread-106] DEBUG org.apache.ibatis.datasource.pooled.PooledDataSource  - Returned connection 1970103261 to pool.
10:47:53,429 [Thread-106] DEBUG org.activiti.engine.impl.interceptor.LogInterceptor  - --- AcquireAsyncJobsDueCmd finished --------------------------------------------------------
10:47:53,429 [Thread-106] DEBUG org.activiti.engine.impl.interceptor.LogInterceptor  - 

10:47:53,428 [Thread-103] DEBUG org.activiti.engine.impl.asyncexecutor.AcquireAsyncJobsDueRunnable  - async job acquisition thread woke up
10:47:53,429 [Thread-103] DEBUG org.activiti.engine.impl.interceptor.LogInterceptor  - 

10:47:53,429 [Thread-103] DEBUG org.activiti.engine.impl.interceptor.LogInterceptor  - --- starting AcquireAsyncJobsDueCmd --------------------------------------------------------
10:47:53,429 [Thread-106] DEBUG org.activiti.engine.impl.asyncexecutor.AcquireAsyncJobsDueRunnable  - async job acquisition thread sleeping for 50 millis
10:47:53,428 [Thread-102] DEBUG org.activiti.engine.impl.persistence.entity.JobEntity.selectNextTimerJobsToExecute  - ==&gt; Parameters: 2023-03-20 10:48:50.669(Timestamp), 2023-03-20 10:48:50.669(Timestamp), 1(Integer), 0(Integer)
10:47:53,429 [Thread-102] DEBUG org.activiti.engine.impl.persistence.entity.JobEntity.selectNextTimerJobsToExecute  - &lt;==      Total: 0
10:47:53,429 [Thread-102] DEBUG org.activiti.engine.impl.db.DbSqlSession  - flush summary: 0 insert, 0 update, 0 delete.
10:47:53,429 [Thread-102] DEBUG org.activiti.engine.impl.db.DbSqlSession  - now executing flush...
10:47:53,429 [Thread-102] DEBUG org.activiti.engine.impl.cfg.standalone.StandaloneMybatisTransactionContext  - firing event committing...
10:47:53,429 [Thread-102] DEBUG org.activiti.engine.impl.cfg.standalone.StandaloneMybatisTransactionContext  - committing the ibatis sql session...
10:47:53,429 [Thread-102] DEBUG org.activiti.engine.impl.cfg.standalone.StandaloneMybatisTransactionContext  - firing event committed...
10:47:53,429 [Thread-102] DEBUG org.apache.ibatis.transaction.jdbc.JdbcTransaction  - Resetting autocommit to true on JDBC Connection [conn59: url=jdbc:h2:mem:activiti-AsyncExecutorTest user=SA]
10:47:53,428 [Thread-105] DEBUG org.activiti.engine.impl.persistence.entity.JobEntity.selectNextTimerJobsToExecute  - ==&gt; Parameters: 2023-03-20 10:48:50.669(Timestamp), 2023-03-20 10:48:50.669(Timestamp), 1(Integer), 0(Integer)
10:47:53,429 [Thread-105] DEBUG org.activiti.engine.impl.persistence.entity.JobEntity.selectNextTimerJobsToExecute  - &lt;==      Total: 0
10:47:53,429 [Thread-105] DEBUG org.activiti.engine.impl.db.DbSqlSession  - flush summary: 0 insert, 0 update, 0 delete.
10:47:53,429 [Thread-105] DEBUG org.activiti.engine.impl.db.DbSqlSession  - now executing flush...
10:47:53,429 [Thread-105] DEBUG org.activiti.engine.impl.cfg.standalone.StandaloneMybatisTransactionContext  - firing event committing...
10:47:53,429 [Thread-105] DEBUG org.activiti.engine.impl.cfg.standalone.StandaloneMybatisTransactionContext  - committing the ibatis sql session...
10:47:53,429 [Thread-105] DEBUG org.activiti.engine.impl.cfg.standalone.StandaloneMybatisTransactionContext  - firing event committed...
10:47:53,429 [Thread-105] DEBUG org.apache.ibatis.transaction.jdbc.JdbcTransaction  - Resetting autocommit to true on JDBC Connection [conn64: url=jdbc:h2:mem:activiti-AsyncExecutorTest user=SA]
10:47:53,429 [Thread-105] DEBUG org.apache.ibatis.transaction.jdbc.JdbcTransaction  - Closing JDBC Connection [conn64: url=jdbc:h2:mem:activiti-AsyncExecutorTest user=SA]
10:47:53,429 [Thread-105] DEBUG org.apache.ibatis.datasource.pooled.PooledDataSource  - Returned connection 54468349 to pool.
10:47:53,429 [Thread-105] DEBUG org.activiti.engine.impl.interceptor.LogInterceptor  - --- AcquireTimerJobsCmd finished --------------------------------------------------------
10:47:53,429 [Thread-105] DEBUG org.activiti.engine.impl.interceptor.LogInterceptor  - 

10:47:53,428 [Thread-111] DEBUG org.activiti.engine.impl.interceptor.LogInterceptor  - 

10:47:53,429 [Thread-111] DEBUG org.activiti.engine.impl.interceptor.LogInterceptor  - --- starting AcquireTimerJobsCmd --------------------------------------------------------
10:47:53,429 [Thread-111] DEBUG org.apache.ibatis.transaction.jdbc.JdbcTransaction  - Opening JDBC Connection
10:47:53,429 [Thread-105] DEBUG org.activiti.engine.impl.asyncexecutor.AcquireTimerJobsRunnable  - timer job acquisition thread sleeping for 50 millis
10:47:53,429 [Thread-102] DEBUG org.apache.ibatis.transaction.jdbc.JdbcTransaction  - Closing JDBC Connection [conn59: url=jdbc:h2:mem:activiti-AsyncExecutorTest user=SA]
10:47:53,430 [Thread-102] DEBUG org.apache.ibatis.datasource.pooled.PooledDataSource  - Returned connection 720039383 to pool.
10:47:53,430 [Thread-102] DEBUG org.activiti.engine.impl.interceptor.LogInterceptor  - --- AcquireTimerJobsCmd finished --------------------------------------------------------
10:47:53,430 [Thread-102] DEBUG org.activiti.engine.impl.interceptor.LogInterceptor  - 

10:47:53,430 [Thread-102] DEBUG org.activiti.engine.impl.asyncexecutor.AcquireTimerJobsRunnable  - timer job acquisition thread sleeping for 50 millis
10:47:53,429 [Thread-103] DEBUG org.apache.ibatis.transaction.jdbc.JdbcTransaction  - Opening JDBC Connection
10:47:53,430 [Thread-103] DEBUG org.apache.ibatis.datasource.pooled.PooledDataSource  - Checked out connection 33534803 from pool.
10:47:53,430 [Thread-103] DEBUG org.apache.ibatis.transaction.jdbc.JdbcTransaction  - Setting autocommit to false on JDBC Connection [conn60: url=jdbc:h2:mem:activiti-AsyncExecutorTest user=SA]
10:47:53,430 [Thread-103] DEBUG org.activiti.engine.impl.persistence.entity.JobEntity.selectAsyncJobsDueToExecute  - ==&gt;  Preparing: select RES.* from ACT_RU_JOB RES LEFT OUTER JOIN ACT_RU_EXECUTION PI ON PI.ID_ = RES.PROCESS_INSTANCE_ID_ where RES.RETRIES_ &gt; 0 and RES.DUEDATE_ is not null and RES.DUEDATE_ &lt;= ? and (RES.LOCK_EXP_TIME_ is null or RES.LOCK_EXP_TIME_ &lt;= ?) and TYPE_ = &apos;message&apos; and ( (RES.EXECUTION_ID_ is null) or (PI.SUSPENSION_STATE_ = 1) ) LIMIT ? OFFSET ? 
10:47:53,430 [Thread-103] DEBUG org.activiti.engine.impl.persistence.entity.JobEntity.selectAsyncJobsDueToExecute  - ==&gt; Parameters: 2023-03-20 10:48:50.669(Timestamp), 2023-03-20 10:48:50.669(Timestamp), 1(Integer), 0(Integer)
10:47:53,430 [Thread-103] DEBUG org.activiti.engine.impl.persistence.entity.JobEntity.selectAsyncJobsDueToExecute  - &lt;==      Total: 0
10:47:53,430 [Thread-103] DEBUG org.activiti.engine.impl.db.DbSqlSession  - flush summary: 0 insert, 0 update, 0 delete.
10:47:53,429 [Thread-111] DEBUG org.apache.ibatis.datasource.pooled.PooledDataSource  - Checked out connection 1863805930 from pool.
10:47:53,430 [Thread-111] DEBUG org.apache.ibatis.transaction.jdbc.JdbcTransaction  - Setting autocommit to false on JDBC Connection [conn69: url=jdbc:h2:mem:activiti-AsyncExecutorTest user=SA]
10:47:53,430 [Thread-111] DEBUG org.activiti.engine.impl.persistence.entity.JobEntity.selectNextTimerJobsToExecute  - ==&gt;  Preparing: select RES.* from ACT_RU_JOB RES LEFT OUTER JOIN ACT_RU_EXECUTION PI ON PI.ID_ = RES.PROCESS_INSTANCE_ID_ where (RES.RETRIES_ &gt; 0) and (RES.DUEDATE_ is null or RES.DUEDATE_ &lt;= ?) and (RES.LOCK_OWNER_ is null or RES.LOCK_EXP_TIME_ &lt;= ?) and TYPE_ = &apos;timer&apos; and ( (RES.EXECUTION_ID_ is null) or (PI.SUSPENSION_STATE_ = 1) ) LIMIT ? OFFSET ? 
10:47:53,430 [Thread-111] DEBUG org.activiti.engine.impl.persistence.entity.JobEntity.selectNextTimerJobsToExecute  - ==&gt; Parameters: 2023-03-20 10:48:50.669(Timestamp), 2023-03-20 10:48:50.669(Timestamp), 1(Integer), 0(Integer)
10:47:53,430 [Thread-103] DEBUG org.activiti.engine.impl.db.DbSqlSession  - now executing flush...
10:47:53,430 [Thread-103] DEBUG org.activiti.engine.impl.cfg.standalone.StandaloneMybatisTransactionContext  - firing event committing...
10:47:53,430 [Thread-103] DEBUG org.activiti.engine.impl.cfg.standalone.StandaloneMybatisTransactionContext  - committing the ibatis sql session...
10:47:53,430 [Thread-103] DEBUG org.activiti.engine.impl.cfg.standalone.StandaloneMybatisTransactionContext  - firing event committed...
10:47:53,430 [Thread-103] DEBUG org.apache.ibatis.transaction.jdbc.JdbcTransaction  - Resetting autocommit to true on JDBC Connection [conn60: url=jdbc:h2:mem:activiti-AsyncExecutorTest user=SA]
10:47:53,430 [Thread-103] DEBUG org.apache.ibatis.transaction.jdbc.JdbcTransaction  - Closing JDBC Connection [conn60: url=jdbc:h2:mem:activiti-AsyncExecutorTest user=SA]
10:47:53,430 [Thread-103] DEBUG org.apache.ibatis.datasource.pooled.PooledDataSource  - Returned connection 33534803 to pool.
10:47:53,430 [Thread-103] DEBUG org.activiti.engine.impl.interceptor.LogInterceptor  - --- AcquireAsyncJobsDueCmd finished --------------------------------------------------------
10:47:53,430 [Thread-103] DEBUG org.activiti.engine.impl.interceptor.LogInterceptor  - 

10:47:53,430 [Thread-103] DEBUG org.activiti.engine.impl.asyncexecutor.AcquireAsyncJobsDueRunnable  - async job acquisition thread sleeping for 50 millis
10:47:53,430 [Thread-111] DEBUG org.activiti.engine.impl.persistence.entity.JobEntity.selectNextTimerJobsToExecute  - &lt;==      Total: 0
10:47:53,430 [Thread-111] DEBUG org.activiti.engine.impl.db.DbSqlSession  - flush summary: 0 insert, 0 update, 0 delete.
10:47:53,430 [Thread-111] DEBUG org.activiti.engine.impl.db.DbSqlSession  - now executing flush...
10:47:53,430 [Thread-111] DEBUG org.activiti.engine.impl.cfg.standalone.StandaloneMybatisTransactionContext  - firing event committing...
10:47:53,430 [Thread-111] DEBUG org.activiti.engine.impl.cfg.standalone.StandaloneMybatisTransactionContext  - committing the ibatis sql session...
10:47:53,430 [Thread-111] DEBUG org.activiti.engine.impl.cfg.standalone.StandaloneMybatisTransactionContext  - firing event committed...
10:47:53,430 [Thread-111] DEBUG org.apache.ibatis.transaction.jdbc.JdbcTransaction  - Resetting autocommit to true on JDBC Connection [conn69: url=jdbc:h2:mem:activiti-AsyncExecutorTest user=SA]
10:47:53,430 [Thread-111] DEBUG org.apache.ibatis.transaction.jdbc.JdbcTransaction  - Closing JDBC Connection [conn69: url=jdbc:h2:mem:activiti-AsyncExecutorTest user=SA]
10:47:53,430 [Thread-111] DEBUG org.apache.ibatis.datasource.pooled.PooledDataSource  - Returned connection 1863805930 to pool.
10:47:53,430 [Thread-111] DEBUG org.activiti.engine.impl.interceptor.LogInterceptor  - --- AcquireTimerJobsCmd finished --------------------------------------------------------
10:47:53,431 [Thread-111] DEBUG org.activiti.engine.impl.interceptor.LogInterceptor  - 

10:47:53,431 [Thread-111] DEBUG org.activiti.engine.impl.asyncexecutor.AcquireTimerJobsRunnable  - timer job acquisition thread sleeping for 50 millis
10:47:53,475 [Thread-112] DEBUG org.activiti.engine.impl.asyncexecutor.AcquireAsyncJobsDueRunnable  - async job acquisition thread woke up
10:47:53,475 [Thread-112] DEBUG org.activiti.engine.impl.interceptor.LogInterceptor  - 

10:47:53,475 [Thread-112] DEBUG org.activiti.engine.impl.interceptor.LogInterceptor  - --- starting AcquireAsyncJobsDueCmd --------------------------------------------------------
10:47:53,475 [Thread-112] DEBUG org.apache.ibatis.transaction.jdbc.JdbcTransaction  - Opening JDBC Connection
10:47:53,475 [Thread-112] DEBUG org.apache.ibatis.datasource.pooled.PooledDataSource  - Checked out connection 604408605 from pool.
10:47:53,475 [Thread-112] DEBUG org.apache.ibatis.transaction.jdbc.JdbcTransaction  - Setting autocommit to false on JDBC Connection [conn70: url=jdbc:h2:mem:activiti-AsyncExecutorTest user=SA]
10:47:53,475 [Thread-112] DEBUG org.activiti.engine.impl.persistence.entity.JobEntity.selectAsyncJobsDueToExecute  - ==&gt;  Preparing: select RES.* from ACT_RU_JOB RES LEFT OUTER JOIN ACT_RU_EXECUTION PI ON PI.ID_ = RES.PROCESS_INSTANCE_ID_ where RES.RETRIES_ &gt; 0 and RES.DUEDATE_ is not null and RES.DUEDATE_ &lt;= ? and (RES.LOCK_EXP_TIME_ is null or RES.LOCK_EXP_TIME_ &lt;= ?) and TYPE_ = &apos;message&apos; and ( (RES.EXECUTION_ID_ is null) or (PI.SUSPENSION_STATE_ = 1) ) LIMIT ? OFFSET ? 
10:47:53,475 [Thread-112] DEBUG org.activiti.engine.impl.persistence.entity.JobEntity.selectAsyncJobsDueToExecute  - ==&gt; Parameters: 2023-03-20 10:48:50.669(Timestamp), 2023-03-20 10:48:50.669(Timestamp), 1(Integer), 0(Integer)
10:47:53,475 [Thread-112] DEBUG org.activiti.engine.impl.persistence.entity.JobEntity.selectAsyncJobsDueToExecute  - &lt;==      Total: 0
10:47:53,475 [Thread-112] DEBUG org.activiti.engine.impl.db.DbSqlSession  - flush summary: 0 insert, 0 update, 0 delete.
10:47:53,475 [Thread-112] DEBUG org.activiti.engine.impl.db.DbSqlSession  - now executing flush...
10:47:53,475 [Thread-112] DEBUG org.activiti.engine.impl.cfg.standalone.StandaloneMybatisTransactionContext  - firing event committing...
10:47:53,475 [Thread-112] DEBUG org.activiti.engine.impl.cfg.standalone.StandaloneMybatisTransactionContext  - committing the ibatis sql session...
10:47:53,475 [Thread-112] DEBUG org.activiti.engine.impl.cfg.standalone.StandaloneMybatisTransactionContext  - firing event committed...
10:47:53,475 [Thread-112] DEBUG org.apache.ibatis.transaction.jdbc.JdbcTransaction  - Resetting autocommit to true on JDBC Connection [conn70: url=jdbc:h2:mem:activiti-AsyncExecutorTest user=SA]
10:47:53,476 [Thread-112] DEBUG org.apache.ibatis.transaction.jdbc.JdbcTransaction  - Closing JDBC Connection [conn70: url=jdbc:h2:mem:activiti-AsyncExecutorTest user=SA]
10:47:53,476 [Thread-112] DEBUG org.apache.ibatis.datasource.pooled.PooledDataSource  - Returned connection 604408605 to pool.
10:47:53,476 [Thread-112] DEBUG org.activiti.engine.impl.interceptor.LogInterceptor  - --- AcquireAsyncJobsDueCmd finished --------------------------------------------------------
10:47:53,476 [Thread-112] DEBUG org.activiti.engine.impl.interceptor.LogInterceptor  - 

10:47:53,476 [Thread-112] DEBUG org.activiti.engine.impl.asyncexecutor.AcquireAsyncJobsDueRunnable  - async job acquisition thread sleeping for 50 millis
10:47:53,491 [Thread-111] DEBUG org.activiti.engine.impl.asyncexecutor.AcquireTimerJobsRunnable  - timer job acquisition thread woke up
10:47:53,491 [Thread-103] DEBUG org.activiti.engine.impl.asyncexecutor.AcquireAsyncJobsDueRunnable  - async job acquisition thread woke up
10:47:53,491 [Thread-103] DEBUG org.activiti.engine.impl.interceptor.LogInterceptor  - 

10:47:53,491 [Thread-102] DEBUG org.activiti.engine.impl.asyncexecutor.AcquireTimerJobsRunnable  - timer job acquisition thread woke up
10:47:53,491 [Thread-102] DEBUG org.activiti.engine.impl.interceptor.LogInterceptor  - 

10:47:53,491 [Thread-102] DEBUG org.activiti.engine.impl.interceptor.LogInterceptor  - --- starting AcquireTimerJobsCmd --------------------------------------------------------
10:47:53,491 [Thread-105] DEBUG org.activiti.engine.impl.asyncexecutor.AcquireTimerJobsRunnable  - timer job acquisition thread woke up
10:47:53,491 [Thread-105] DEBUG org.activiti.engine.impl.interceptor.LogInterceptor  - 

10:47:53,491 [Thread-105] DEBUG org.activiti.engine.impl.interceptor.LogInterceptor  - --- starting AcquireTimerJobsCmd --------------------------------------------------------
10:47:53,491 [Thread-106] DEBUG org.activiti.engine.impl.asyncexecutor.AcquireAsyncJobsDueRunnable  - async job acquisition thread woke up
10:47:53,491 [Thread-106] DEBUG org.activiti.engine.impl.interceptor.LogInterceptor  - 

10:47:53,491 [Thread-106] DEBUG org.activiti.engine.impl.interceptor.LogInterceptor  - --- starting AcquireAsyncJobsDueCmd --------------------------------------------------------
10:47:53,491 [Thread-106] DEBUG org.apache.ibatis.transaction.jdbc.JdbcTransaction  - Opening JDBC Connection
10:47:53,491 [Thread-106] DEBUG org.apache.ibatis.datasource.pooled.PooledDataSource  - Checked out connection 996762054 from pool.
10:47:53,491 [Thread-106] DEBUG org.apache.ibatis.transaction.jdbc.JdbcTransaction  - Setting autocommit to false on JDBC Connection [conn65: url=jdbc:h2:mem:activiti-AsyncExecutorTest user=SA]
10:47:53,491 [Thread-105] DEBUG org.apache.ibatis.transaction.jdbc.JdbcTransaction  - Opening JDBC Connection
10:47:53,491 [Thread-105] DEBUG org.apache.ibatis.datasource.pooled.PooledDataSource  - Checked out connection 1970103261 from pool.
10:47:53,491 [Thread-105] DEBUG org.apache.ibatis.transaction.jdbc.JdbcTransaction  - Setting autocommit to false on JDBC Connection [conn63: url=jdbc:h2:mem:activiti-AsyncExecutorTest user=SA]
10:47:53,491 [Thread-102] DEBUG org.apache.ibatis.transaction.jdbc.JdbcTransaction  - Opening JDBC Connection
10:47:53,492 [Thread-102] DEBUG org.apache.ibatis.datasource.pooled.PooledDataSource  - Checked out connection 157985567 from pool.
10:47:53,492 [Thread-102] DEBUG org.apache.ibatis.transaction.jdbc.JdbcTransaction  - Setting autocommit to false on JDBC Connection [conn61: url=jdbc:h2:mem:activiti-AsyncExecutorTest user=SA]
10:47:53,491 [Thread-103] DEBUG org.activiti.engine.impl.interceptor.LogInterceptor  - --- starting AcquireAsyncJobsDueCmd --------------------------------------------------------
10:47:53,492 [Thread-103] DEBUG org.apache.ibatis.transaction.jdbc.JdbcTransaction  - Opening JDBC Connection
10:47:53,491 [Thread-111] DEBUG org.activiti.engine.impl.interceptor.LogInterceptor  - 

10:47:53,492 [Thread-111] DEBUG org.activiti.engine.impl.interceptor.LogInterceptor  - --- starting AcquireTimerJobsCmd --------------------------------------------------------
10:47:53,492 [Thread-111] DEBUG org.apache.ibatis.transaction.jdbc.JdbcTransaction  - Opening JDBC Connection
10:47:53,492 [Thread-111] DEBUG org.apache.ibatis.datasource.pooled.PooledDataSource  - Checked out connection 58501658 from pool.
10:47:53,492 [Thread-111] DEBUG org.apache.ibatis.transaction.jdbc.JdbcTransaction  - Setting autocommit to false on JDBC Connection [conn68: url=jdbc:h2:mem:activiti-AsyncExecutorTest user=SA]
10:47:53,492 [Thread-111] DEBUG org.activiti.engine.impl.persistence.entity.JobEntity.selectNextTimerJobsToExecute  - ==&gt;  Preparing: select RES.* from ACT_RU_JOB RES LEFT OUTER JOIN ACT_RU_EXECUTION PI ON PI.ID_ = RES.PROCESS_INSTANCE_ID_ where (RES.RETRIES_ &gt; 0) and (RES.DUEDATE_ is null or RES.DUEDATE_ &lt;= ?) and (RES.LOCK_OWNER_ is null or RES.LOCK_EXP_TIME_ &lt;= ?) and TYPE_ = &apos;timer&apos; and ( (RES.EXECUTION_ID_ is null) or (PI.SUSPENSION_STATE_ = 1) ) LIMIT ? OFFSET ? 
10:47:53,492 [Thread-111] DEBUG org.activiti.engine.impl.persistence.entity.JobEntity.selectNextTimerJobsToExecute  - ==&gt; Parameters: 2023-03-20 10:48:50.669(Timestamp), 2023-03-20 10:48:50.669(Timestamp), 1(Integer), 0(Integer)
10:47:53,492 [Thread-103] DEBUG org.apache.ibatis.datasource.pooled.PooledDataSource  - Checked out connection 720039383 from pool.
10:47:53,492 [Thread-103] DEBUG org.apache.ibatis.transaction.jdbc.JdbcTransaction  - Setting autocommit to false on JDBC Connection [conn59: url=jdbc:h2:mem:activiti-AsyncExecutorTest user=SA]
10:47:53,492 [Thread-103] DEBUG org.activiti.engine.impl.persistence.entity.JobEntity.selectAsyncJobsDueToExecute  - ==&gt;  Preparing: select RES.* from ACT_RU_JOB RES LEFT OUTER JOIN ACT_RU_EXECUTION PI ON PI.ID_ = RES.PROCESS_INSTANCE_ID_ where RES.RETRIES_ &gt; 0 and RES.DUEDATE_ is not null and RES.DUEDATE_ &lt;= ? and (RES.LOCK_EXP_TIME_ is null or RES.LOCK_EXP_TIME_ &lt;= ?) and TYPE_ = &apos;message&apos; and ( (RES.EXECUTION_ID_ is null) or (PI.SUSPENSION_STATE_ = 1) ) LIMIT ? OFFSET ? 
10:47:53,492 [Thread-103] DEBUG org.activiti.engine.impl.persistence.entity.JobEntity.selectAsyncJobsDueToExecute  - ==&gt; Parameters: 2023-03-20 10:48:50.669(Timestamp), 2023-03-20 10:48:50.669(Timestamp), 1(Integer), 0(Integer)
10:47:53,492 [Thread-103] DEBUG org.activiti.engine.impl.persistence.entity.JobEntity.selectAsyncJobsDueToExecute  - &lt;==      Total: 0
10:47:53,492 [Thread-103] DEBUG org.activiti.engine.impl.db.DbSqlSession  - flush summary: 0 insert, 0 update, 0 delete.
10:47:53,492 [Thread-103] DEBUG org.activiti.engine.impl.db.DbSqlSession  - now executing flush...
10:47:53,492 [Thread-103] DEBUG org.activiti.engine.impl.cfg.standalone.StandaloneMybatisTransactionContext  - firing event committing...
10:47:53,492 [Thread-103] DEBUG org.activiti.engine.impl.cfg.standalone.StandaloneMybatisTransactionContext  - committing the ibatis sql session...
10:47:53,492 [Thread-103] DEBUG org.activiti.engine.impl.cfg.standalone.StandaloneMybatisTransactionContext  - firing event committed...
10:47:53,492 [Thread-103] DEBUG org.apache.ibatis.transaction.jdbc.JdbcTransaction  - Resetting autocommit to true on JDBC Connection [conn59: url=jdbc:h2:mem:activiti-AsyncExecutorTest user=SA]
10:47:53,492 [Thread-102] DEBUG org.activiti.engine.impl.persistence.entity.JobEntity.selectNextTimerJobsToExecute  - ==&gt;  Preparing: select RES.* from ACT_RU_JOB RES LEFT OUTER JOIN ACT_RU_EXECUTION PI ON PI.ID_ = RES.PROCESS_INSTANCE_ID_ where (RES.RETRIES_ &gt; 0) and (RES.DUEDATE_ is null or RES.DUEDATE_ &lt;= ?) and (RES.LOCK_OWNER_ is null or RES.LOCK_EXP_TIME_ &lt;= ?) and TYPE_ = &apos;timer&apos; and ( (RES.EXECUTION_ID_ is null) or (PI.SUSPENSION_STATE_ = 1) ) LIMIT ? OFFSET ? 
10:47:53,492 [Thread-102] DEBUG org.activiti.engine.impl.persistence.entity.JobEntity.selectNextTimerJobsToExecute  - ==&gt; Parameters: 2023-03-20 10:48:50.669(Timestamp), 2023-03-20 10:48:50.669(Timestamp), 1(Integer), 0(Integer)
10:47:53,492 [Thread-102] DEBUG org.activiti.engine.impl.persistence.entity.JobEntity.selectNextTimerJobsToExecute  - &lt;==      Total: 0
10:47:53,492 [Thread-102] DEBUG org.activiti.engine.impl.db.DbSqlSession  - flush summary: 0 insert, 0 update, 0 delete.
10:47:53,492 [Thread-102] DEBUG org.activiti.engine.impl.db.DbSqlSession  - now executing flush...
10:47:53,492 [Thread-105] DEBUG org.activiti.engine.impl.persistence.entity.JobEntity.selectNextTimerJobsToExecute  - ==&gt;  Preparing: select RES.* from ACT_RU_JOB RES LEFT OUTER JOIN ACT_RU_EXECUTION PI ON PI.ID_ = RES.PROCESS_INSTANCE_ID_ where (RES.RETRIES_ &gt; 0) and (RES.DUEDATE_ is null or RES.DUEDATE_ &lt;= ?) and (RES.LOCK_OWNER_ is null or RES.LOCK_EXP_TIME_ &lt;= ?) and TYPE_ = &apos;timer&apos; and ( (RES.EXECUTION_ID_ is null) or (PI.SUSPENSION_STATE_ = 1) ) LIMIT ? OFFSET ? 
10:47:53,491 [Thread-106] DEBUG org.activiti.engine.impl.persistence.entity.JobEntity.selectAsyncJobsDueToExecute  - ==&gt;  Preparing: select RES.* from ACT_RU_JOB RES LEFT OUTER JOIN ACT_RU_EXECUTION PI ON PI.ID_ = RES.PROCESS_INSTANCE_ID_ where RES.RETRIES_ &gt; 0 and RES.DUEDATE_ is not null and RES.DUEDATE_ &lt;= ? and (RES.LOCK_EXP_TIME_ is null or RES.LOCK_EXP_TIME_ &lt;= ?) and TYPE_ = &apos;message&apos; and ( (RES.EXECUTION_ID_ is null) or (PI.SUSPENSION_STATE_ = 1) ) LIMIT ? OFFSET ? 
10:47:53,492 [Thread-106] DEBUG org.activiti.engine.impl.persistence.entity.JobEntity.selectAsyncJobsDueToExecute  - ==&gt; Parameters: 2023-03-20 10:48:50.669(Timestamp), 2023-03-20 10:48:50.669(Timestamp), 1(Integer), 0(Integer)
10:47:53,493 [Thread-106] DEBUG org.activiti.engine.impl.persistence.entity.JobEntity.selectAsyncJobsDueToExecute  - &lt;==      Total: 0
10:47:53,493 [Thread-106] DEBUG org.activiti.engine.impl.db.DbSqlSession  - flush summary: 0 insert, 0 update, 0 delete.
10:47:53,493 [Thread-106] DEBUG org.activiti.engine.impl.db.DbSqlSession  - now executing flush...
10:47:53,493 [Thread-106] DEBUG org.activiti.engine.impl.cfg.standalone.StandaloneMybatisTransactionContext  - firing event committing...
10:47:53,493 [Thread-106] DEBUG org.activiti.engine.impl.cfg.standalone.StandaloneMybatisTransactionContext  - committing the ibatis sql session...
10:47:53,493 [Thread-106] DEBUG org.activiti.engine.impl.cfg.standalone.StandaloneMybatisTransactionContext  - firing event committed...
10:47:53,492 [Thread-105] DEBUG org.activiti.engine.impl.persistence.entity.JobEntity.selectNextTimerJobsToExecute  - ==&gt; Parameters: 2023-03-20 10:48:50.669(Timestamp), 2023-03-20 10:48:50.669(Timestamp), 1(Integer), 0(Integer)
10:47:53,493 [Thread-105] DEBUG org.activiti.engine.impl.persistence.entity.JobEntity.selectNextTimerJobsToExecute  - &lt;==      Total: 0
10:47:53,493 [Thread-105] DEBUG org.activiti.engine.impl.db.DbSqlSession  - flush summary: 0 insert, 0 update, 0 delete.
10:47:53,493 [Thread-105] DEBUG org.activiti.engine.impl.db.DbSqlSession  - now executing flush...
10:47:53,493 [Thread-105] DEBUG org.activiti.engine.impl.cfg.standalone.StandaloneMybatisTransactionContext  - firing event committing...
10:47:53,493 [Thread-105] DEBUG org.activiti.engine.impl.cfg.standalone.StandaloneMybatisTransactionContext  - committing the ibatis sql session...
10:47:53,493 [Thread-105] DEBUG org.activiti.engine.impl.cfg.standalone.StandaloneMybatisTransactionContext  - firing event committed...
10:47:53,493 [Thread-105] DEBUG org.apache.ibatis.transaction.jdbc.JdbcTransaction  - Resetting autocommit to true on JDBC Connection [conn63: url=jdbc:h2:mem:activiti-AsyncExecutorTest user=SA]
10:47:53,492 [Thread-102] DEBUG org.activiti.engine.impl.cfg.standalone.StandaloneMybatisTransactionContext  - firing event committing...
10:47:53,493 [Thread-102] DEBUG org.activiti.engine.impl.cfg.standalone.StandaloneMybatisTransactionContext  - committing the ibatis sql session...
10:47:53,493 [Thread-102] DEBUG org.activiti.engine.impl.cfg.standalone.StandaloneMybatisTransactionContext  - firing event committed...
10:47:53,493 [Thread-102] DEBUG org.apache.ibatis.transaction.jdbc.JdbcTransaction  - Resetting autocommit to true on JDBC Connection [conn61: url=jdbc:h2:mem:activiti-AsyncExecutorTest user=SA]
10:47:53,493 [Thread-102] DEBUG org.apache.ibatis.transaction.jdbc.JdbcTransaction  - Closing JDBC Connection [conn61: url=jdbc:h2:mem:activiti-AsyncExecutorTest user=SA]
10:47:53,493 [Thread-102] DEBUG org.apache.ibatis.datasource.pooled.PooledDataSource  - Returned connection 157985567 to pool.
10:47:53,493 [Thread-102] DEBUG org.activiti.engine.impl.interceptor.LogInterceptor  - --- AcquireTimerJobsCmd finished --------------------------------------------------------
10:47:53,493 [Thread-102] DEBUG org.activiti.engine.impl.interceptor.LogInterceptor  - 

10:47:53,492 [Thread-103] DEBUG org.apache.ibatis.transaction.jdbc.JdbcTransaction  - Closing JDBC Connection [conn59: url=jdbc:h2:mem:activiti-AsyncExecutorTest user=SA]
10:47:53,493 [Thread-103] DEBUG org.apache.ibatis.datasource.pooled.PooledDataSource  - Returned connection 720039383 to pool.
10:47:53,493 [Thread-103] DEBUG org.activiti.engine.impl.interceptor.LogInterceptor  - --- AcquireAsyncJobsDueCmd finished --------------------------------------------------------
10:47:53,493 [Thread-103] DEBUG org.activiti.engine.impl.interceptor.LogInterceptor  - 

10:47:53,493 [Thread-103] DEBUG org.activiti.engine.impl.asyncexecutor.AcquireAsyncJobsDueRunnable  - async job acquisition thread sleeping for 50 millis
10:47:53,492 [Thread-111] DEBUG org.activiti.engine.impl.persistence.entity.JobEntity.selectNextTimerJobsToExecute  - &lt;==      Total: 0
10:47:53,493 [Thread-111] DEBUG org.activiti.engine.impl.db.DbSqlSession  - flush summary: 0 insert, 0 update, 0 delete.
10:47:53,493 [Thread-111] DEBUG org.activiti.engine.impl.db.DbSqlSession  - now executing flush...
10:47:53,493 [Thread-111] DEBUG org.activiti.engine.impl.cfg.standalone.StandaloneMybatisTransactionContext  - firing event committing...
10:47:53,493 [Thread-111] DEBUG org.activiti.engine.impl.cfg.standalone.StandaloneMybatisTransactionContext  - committing the ibatis sql session...
10:47:53,493 [Thread-111] DEBUG org.activiti.engine.impl.cfg.standalone.StandaloneMybatisTransactionContext  - firing event committed...
10:47:53,493 [Thread-111] DEBUG org.apache.ibatis.transaction.jdbc.JdbcTransaction  - Resetting autocommit to true on JDBC Connection [conn68: url=jdbc:h2:mem:activiti-AsyncExecutorTest user=SA]
10:47:53,493 [Thread-111] DEBUG org.apache.ibatis.transaction.jdbc.JdbcTransaction  - Closing JDBC Connection [conn68: url=jdbc:h2:mem:activiti-AsyncExecutorTest user=SA]
10:47:53,493 [Thread-111] DEBUG org.apache.ibatis.datasource.pooled.PooledDataSource  - Returned connection 58501658 to pool.
10:47:53,493 [Thread-102] DEBUG org.activiti.engine.impl.asyncexecutor.AcquireTimerJobsRunnable  - timer job acquisition thread sleeping for 50 millis
10:47:53,493 [Thread-105] DEBUG org.apache.ibatis.transaction.jdbc.JdbcTransaction  - Closing JDBC Connection [conn63: url=jdbc:h2:mem:activiti-AsyncExecutorTest user=SA]
10:47:53,493 [Thread-105] DEBUG org.apache.ibatis.datasource.pooled.PooledDataSource  - Returned connection 1970103261 to pool.
10:47:53,494 [Thread-105] DEBUG org.activiti.engine.impl.interceptor.LogInterceptor  - --- AcquireTimerJobsCmd finished --------------------------------------------------------
10:47:53,494 [Thread-105] DEBUG org.activiti.engine.impl.interceptor.LogInterceptor  - 

10:47:53,494 [Thread-105] DEBUG org.activiti.engine.impl.asyncexecutor.AcquireTimerJobsRunnable  - timer job acquisition thread sleeping for 50 millis
10:47:53,493 [Thread-106] DEBUG org.apache.ibatis.transaction.jdbc.JdbcTransaction  - Resetting autocommit to true on JDBC Connection [conn65: url=jdbc:h2:mem:activiti-AsyncExecutorTest user=SA]
10:47:53,494 [Thread-106] DEBUG org.apache.ibatis.transaction.jdbc.JdbcTransaction  - Closing JDBC Connection [conn65: url=jdbc:h2:mem:activiti-AsyncExecutorTest user=SA]
10:47:53,493 [Thread-111] DEBUG org.activiti.engine.impl.interceptor.LogInterceptor  - --- AcquireTimerJobsCmd finished --------------------------------------------------------
10:47:53,494 [Thread-111] DEBUG org.activiti.engine.impl.interceptor.LogInterceptor  - 

10:47:53,494 [Thread-111] DEBUG org.activiti.engine.impl.asyncexecutor.AcquireTimerJobsRunnable  - timer job acquisition thread sleeping for 50 millis
10:47:53,494 [Thread-106] DEBUG org.apache.ibatis.datasource.pooled.PooledDataSource  - Returned connection 996762054 to pool.
10:47:53,494 [Thread-106] DEBUG org.activiti.engine.impl.interceptor.LogInterceptor  - --- AcquireAsyncJobsDueCmd finished --------------------------------------------------------
10:47:53,494 [Thread-106] DEBUG org.activiti.engine.impl.interceptor.LogInterceptor  - 

10:47:53,494 [Thread-106] DEBUG org.activiti.engine.impl.asyncexecutor.AcquireAsyncJobsDueRunnable  - async job acquisition thread sleeping for 50 millis
10:47:53,538 [Thread-112] DEBUG org.activiti.engine.impl.asyncexecutor.AcquireAsyncJobsDueRunnable  - async job acquisition thread woke up
10:47:53,538 [main] DEBUG org.activiti.engine.impl.interceptor.LogInterceptor  - 

10:47:53,538 [main] DEBUG org.activiti.engine.impl.interceptor.LogInterceptor  - --- starting JobQueryImpl --------------------------------------------------------
10:47:53,538 [Thread-112] DEBUG org.activiti.engine.impl.interceptor.LogInterceptor  - 

10:47:53,538 [Thread-112] DEBUG org.activiti.engine.impl.interceptor.LogInterceptor  - --- starting AcquireAsyncJobsDueCmd --------------------------------------------------------
10:47:53,538 [Thread-112] DEBUG org.apache.ibatis.transaction.jdbc.JdbcTransaction  - Opening JDBC Connection
10:47:53,538 [Thread-112] DEBUG org.apache.ibatis.datasource.pooled.PooledDataSource  - Checked out connection 1863805930 from pool.
10:47:53,538 [main] DEBUG org.apache.ibatis.transaction.jdbc.JdbcTransaction  - Opening JDBC Connection
10:47:53,538 [main] DEBUG org.apache.ibatis.datasource.pooled.PooledDataSource  - Checked out connection 297240765 from pool.
10:47:53,538 [main] DEBUG org.apache.ibatis.transaction.jdbc.JdbcTransaction  - Setting autocommit to false on JDBC Connection [conn4: url=jdbc:h2:mem:activiti user=SA]
10:47:53,538 [main] DEBUG org.activiti.engine.impl.persistence.entity.JobEntity.selectJobByQueryCriteria  - ==&gt;  Preparing: select RES.* from ACT_RU_JOB RES order by order by RES.ID_ asc LIMIT ? OFFSET ? 
10:47:53,538 [Thread-112] DEBUG org.apache.ibatis.transaction.jdbc.JdbcTransaction  - Setting autocommit to false on JDBC Connection [conn69: url=jdbc:h2:mem:activiti-AsyncExecutorTest user=SA]
10:47:53,538 [Thread-112] DEBUG org.activiti.engine.impl.persistence.entity.JobEntity.selectAsyncJobsDueToExecute  - ==&gt;  Preparing: select RES.* from ACT_RU_JOB RES LEFT OUTER JOIN ACT_RU_EXECUTION PI ON PI.ID_ = RES.PROCESS_INSTANCE_ID_ where RES.RETRIES_ &gt; 0 and RES.DUEDATE_ is not null and RES.DUEDATE_ &lt;= ? and (RES.LOCK_EXP_TIME_ is null or RES.LOCK_EXP_TIME_ &lt;= ?) and TYPE_ = &apos;message&apos; and ( (RES.EXECUTION_ID_ is null) or (PI.SUSPENSION_STATE_ = 1) ) LIMIT ? OFFSET ? 
10:47:53,538 [main] DEBUG org.activiti.engine.impl.interceptor.CommandContext  - Error while closing command context
org.apache.ibatis.exceptions.PersistenceException: 
### Error querying database.  Cause: org.h2.jdbc.JdbcSQLException: Syntax error in SQL statement &quot;SELECT RES.* 
     
    FROM ACT_RU_JOB RES
     
      
   
     ORDER BY  ORDER[*] BY RES.ID_ ASC  
    LIMIT ? OFFSET ? &quot;; expected &quot;=, NOT, EXISTS, INTERSECTS, SELECT, FROM&quot;; SQL statement:
select RES.* 
     
    from ACT_RU_JOB RES
     
      
   
     order by  order by RES.ID_ asc  
    LIMIT ? OFFSET ? [42001-176]
### The error may exist in org/activiti/db/mapping/entity/Job.xml
### The error may involve org.activiti.engine.impl.persistence.entity.JobEntity.selectJobByQueryCriteria
### The error occurred while executing a query
### SQL: select RES.*            from ACT_RU_JOB RES                       order by  order by RES.ID_ asc       LIMIT ? OFFSET ?
### Cause: org.h2.jdbc.JdbcSQLException: Syntax error in SQL statement &quot;SELECT RES.* 
     
    FROM ACT_RU_JOB RES
     
      
   
     ORDER BY  ORDER[*] BY RES.ID_ ASC  
    LIMIT ? OFFSET ? &quot;; expected &quot;=, NOT, EXISTS, INTERSECTS, SELECT, FROM&quot;; SQL statement:
select RES.* 
     
    from ACT_RU_JOB RES
     
      
   
     order by  order by RES.ID_ asc  
    LIMIT ? OFFSET ? [42001-176]
	at org.apache.ibatis.exceptions.ExceptionFactory.wrapException(ExceptionFactory.java:30)
	at org.apache.ibatis.session.defaults.DefaultSqlSession.selectList(DefaultSqlSession.java:122)
	at org.apache.ibatis.session.defaults.DefaultSqlSession.selectList(DefaultSqlSession.java:113)
	at org.activiti.engine.impl.db.DbSqlSession.selectListWithRawParameter(DbSqlSession.java:438)
	at org.activiti.engine.impl.db.DbSqlSession.selectList(DbSqlSession.java:429)
	at org.activiti.engine.impl.db.DbSqlSession.selectList(DbSqlSession.java:419)
	at org.activiti.engine.impl.persistence.entity.JobEntityManager.findJobsByQueryCriteria(JobEntityManager.java:198)
	at org.activiti.engine.impl.JobQueryImpl.executeList(JobQueryImpl.java:243)
	at org.activiti.engine.impl.AbstractQuery.execute(AbstractQuery.java:164)
	at org.activiti.engine.impl.interceptor.CommandInvoker.execute(CommandInvoker.java:24)
	at org.activiti.engine.impl.interceptor.CommandContextInterceptor.execute(CommandContextInterceptor.java:57)
	at org.activiti.engine.impl.interceptor.LogInterceptor.execute(LogInterceptor.java:37)
	at org.activiti.engine.impl.cfg.CommandExecutorImpl.execute(CommandExecutorImpl.java:40)
	at org.activiti.engine.impl.cfg.CommandExecutorImpl.execute(CommandExecutorImpl.java:35)
	at org.activiti.engine.impl.AbstractQuery.list(AbstractQuery.java:138)
	at org.activiti.engine.impl.test.JobTestHelper.areJobsAvailable(JobTestHelper.java:194)
	at org.activiti.engine.impl.test.JobTestHelper.waitForJobExecutorToProcessAllJobs(JobTestHelper.java:74)
	at org.activiti.engine.impl.test.JobTestHelper.waitForJobExecutorToProcessAllJobs(JobTestHelper.java:47)
	at org.activiti.engine.impl.test.AbstractActivitiTestCase.waitForJobExecutorToProcessAllJobs(AbstractActivitiTestCase.java:204)
	at org.activiti.engine.test.jobexecutor.JobExecutorTest.testBasicJobExecutorOperation(JobExecutorTest.java:53)
	at sun.reflect.NativeMethodAccessorImpl.invoke0(Native Method)
	at sun.reflect.NativeMethodAccessorImpl.invoke(NativeMethodAccessorImpl.java:62)
	at sun.reflect.DelegatingMethodAccessorImpl.invoke(DelegatingMethodAccessorImpl.java:43)
	at java.lang.reflect.Method.invoke(Method.java:498)
	at junit.framework.TestCase.runTest(TestCase.java:176)
	at org.activiti.engine.impl.test.PvmTestCase.runTest(PvmTestCase.java:65)
	at junit.framework.TestCase.runBare(TestCase.java:141)
	at org.activiti.engine.impl.test.AbstractActivitiTestCase.runBare(AbstractActivitiTestCase.java:100)
	at junit.framework.TestResult$1.protect(TestResult.java:122)
	at junit.framework.TestResult.runProtected(TestResult.java:142)
	at junit.framework.TestResult.run(TestResult.java:125)
	at junit.framework.TestCase.run(TestCase.java:129)
	at junit.framework.TestSuite.runTest(TestSuite.java:255)
	at junit.framework.TestSuite.run(TestSuite.java:250)
	at org.junit.internal.runners.JUnit38ClassRunner.run(JUnit38ClassRunner.java:84)
	at org.apache.maven.surefire.junit4.JUnit4TestSet.execute(JUnit4TestSet.java:35)
	at org.apache.maven.surefire.junit4.JUnit4Provider.executeTestSet(JUnit4Provider.java:146)
	at org.apache.maven.surefire.junit4.JUnit4Provider.invoke(JUnit4Provider.java:97)
	at sun.reflect.NativeMethodAccessorImpl.invoke0(Native Method)
	at sun.reflect.NativeMethodAccessorImpl.invoke(NativeMethodAccessorImpl.java:62)
	at sun.reflect.DelegatingMethodAccessorImpl.invoke(DelegatingMethodAccessorImpl.java:43)
	at java.lang.reflect.Method.invoke(Method.java:498)
	at org.apache.maven.surefire.booter.ProviderFactory$ClassLoaderProxy.invoke(ProviderFactory.java:103)
	at com.sun.proxy.$Proxy0.invoke(Unknown Source)
	at org.apache.maven.surefire.booter.SurefireStarter.invokeProvider(SurefireStarter.java:145)
	at org.apache.maven.surefire.booter.SurefireStarter.runSuitesInProcess(SurefireStarter.java:87)
	at org.apache.maven.surefire.booter.ForkedBooter.main(ForkedBooter.java:69)
Caused by: org.h2.jdbc.JdbcSQLException: Syntax error in SQL statement &quot;SELECT RES.* 
     
    FROM ACT_RU_JOB RES
     
      
   
     ORDER BY  ORDER[*] BY RES.ID_ ASC  
    LIMIT ? OFFSET ? &quot;; expected &quot;=, NOT, EXISTS, INTERSECTS, SELECT, FROM&quot;; SQL statement:
select RES.* 
     
    from ACT_RU_JOB RES
     
      
   
     order by  order by RES.ID_ asc  
    LIMIT ? OFFSET ? [42001-176]
	at org.h2.message.DbException.getJdbcSQLException(DbException.java:344)
	at org.h2.message.DbException.getSyntaxError(DbException.java:204)
	at org.h2.command.Parser.getSyntaxError(Parser.java:524)
	at org.h2.command.Parser.readTerm(Parser.java:2688)
	at org.h2.command.Parser.readFactor(Parser.java:2244)
	at org.h2.command.Parser.readSum(Parser.java:2231)
	at org.h2.command.Parser.readConcat(Parser.java:2201)
	at org.h2.command.Parser.readCondition(Parser.java:2051)
	at org.h2.command.Parser.readAnd(Parser.java:2023)
	at org.h2.command.Parser.readExpression(Parser.java:2015)
	at org.h2.command.Parser.parseEndOfQuery(Parser.java:1726)
	at org.h2.command.Parser.parseSelectUnionExtension(Parser.java:1706)
	at org.h2.command.Parser.parseSelectUnion(Parser.java:1675)
	at org.h2.command.Parser.parseSelect(Parser.java:1662)
	at org.h2.command.Parser.parsePrepared(Parser.java:434)
	at org.h2.command.Parser.parse(Parser.java:306)
	at org.h2.command.Parser.parse(Parser.java:282)
	at org.h2.command.Parser.prepareCommand(Parser.java:243)
	at org.h2.engine.Session.prepareLocal(Session.java:442)
	at org.h2.engine.Session.prepareCommand(Session.java:384)
	at org.h2.jdbc.JdbcConnection.prepareCommand(JdbcConnection.java:1188)
	at org.h2.jdbc.JdbcPreparedStatement.&lt;init&gt;(JdbcPreparedStatement.java:73)
	at org.h2.jdbc.JdbcConnection.prepareStatement(JdbcConnection.java:276)
	at sun.reflect.GeneratedMethodAccessor6.invoke(Unknown Source)
	at sun.reflect.DelegatingMethodAccessorImpl.invoke(DelegatingMethodAccessorImpl.java:43)
	at java.lang.reflect.Method.invoke(Method.java:498)
	at org.apache.ibatis.datasource.pooled.PooledConnection.invoke(PooledConnection.java:245)
	at com.sun.proxy.$Proxy12.prepareStatement(Unknown Source)
	at sun.reflect.GeneratedMethodAccessor6.invoke(Unknown Source)
	at sun.reflect.DelegatingMethodAccessorImpl.invoke(DelegatingMethodAccessorImpl.java:43)
	at java.lang.reflect.Method.invoke(Method.java:498)
	at org.apache.ibatis.logging.jdbc.ConnectionLogger.invoke(ConnectionLogger.java:55)
	at com.sun.proxy.$Proxy12.prepareStatement(Unknown Source)
	at org.apache.ibatis.executor.statement.PreparedStatementHandler.instantiateStatement(PreparedStatementHandler.java:79)
	at org.apache.ibatis.executor.statement.BaseStatementHandler.prepare(BaseStatementHandler.java:88)
	at org.apache.ibatis.executor.statement.RoutingStatementHandler.prepare(RoutingStatementHandler.java:58)
	at org.apache.ibatis.executor.SimpleExecutor.prepareStatement(SimpleExecutor.java:76)
	at org.apache.ibatis.executor.SimpleExecutor.doQuery(SimpleExecutor.java:61)
	at org.apache.ibatis.executor.BaseExecutor.queryFromDatabase(BaseExecutor.java:303)
	at org.apache.ibatis.executor.BaseExecutor.query(BaseExecutor.java:154)
	at org.apache.ibatis.executor.CachingExecutor.query(CachingExecutor.java:102)
	at org.apache.ibatis.executor.CachingExecutor.query(CachingExecutor.java:82)
	at org.apache.ibatis.session.defaults.DefaultSqlSession.selectList(DefaultSqlSession.java:120)
	... 45 more
10:47:53,539 [main] DEBUG org.activiti.engine.impl.cfg.standalone.StandaloneMybatisTransactionContext  - firing event rolling back...
10:47:53,539 [main] DEBUG org.activiti.engine.impl.cfg.standalone.StandaloneMybatisTransactionContext  - rolling back ibatis sql session...
10:47:53,539 [main] DEBUG org.activiti.engine.impl.cfg.standalone.StandaloneMybatisTransactionContext  - firing event rolled back...
10:47:53,539 [main] DEBUG org.apache.ibatis.transaction.jdbc.JdbcTransaction  - Resetting autocommit to true on JDBC Connection [conn4: url=jdbc:h2:mem:activiti user=SA]
10:47:53,539 [main] DEBUG org.apache.ibatis.transaction.jdbc.JdbcTransaction  - Closing JDBC Connection [conn4: url=jdbc:h2:mem:activiti user=SA]
10:47:53,539 [main] DEBUG org.apache.ibatis.datasource.pooled.PooledDataSource  - Returned connection 297240765 to pool.
10:47:53,538 [Thread-112] DEBUG org.activiti.engine.impl.persistence.entity.JobEntity.selectAsyncJobsDueToExecute  - ==&gt; Parameters: 2023-03-20 10:48:50.669(Timestamp), 2023-03-20 10:48:50.669(Timestamp), 1(Integer), 0(Integer)
10:47:53,539 [Thread-112] DEBUG org.activiti.engine.impl.persistence.entity.JobEntity.selectAsyncJobsDueToExecute  - &lt;==      Total: 0
10:47:53,539 [main] DEBUG org.activiti.engine.impl.interceptor.LogInterceptor  - --- JobQueryImpl finished --------------------------------------------------------
10:47:53,539 [main] DEBUG org.activiti.engine.impl.interceptor.LogInterceptor  - 

10:47:53,539 [Thread-112] DEBUG org.activiti.engine.impl.db.DbSqlSession  - flush summary: 0 insert, 0 update, 0 delete.
10:47:53,539 [Thread-112] DEBUG org.activiti.engine.impl.db.DbSqlSession  - now executing flush...
10:47:53,539 [Thread-112] DEBUG org.activiti.engine.impl.cfg.standalone.StandaloneMybatisTransactionContext  - firing event committing...
10:47:53,539 [Thread-112] DEBUG org.activiti.engine.impl.cfg.standalone.StandaloneMybatisTransactionContext  - committing the ibatis sql session...
10:47:53,539 [Thread-112] DEBUG org.activiti.engine.impl.cfg.standalone.StandaloneMybatisTransactionContext  - firing event committed...
10:47:53,539 [Thread-112] DEBUG org.apache.ibatis.transaction.jdbc.JdbcTransaction  - Resetting autocommit to true on JDBC Connection [conn69: url=jdbc:h2:mem:activiti-AsyncExecutorTest user=SA]
10:47:53,539 [Thread-112] DEBUG org.apache.ibatis.transaction.jdbc.JdbcTransaction  - Closing JDBC Connection [conn69: url=jdbc:h2:mem:activiti-AsyncExecutorTest user=SA]
10:47:53,539 [Thread-112] DEBUG org.apache.ibatis.datasource.pooled.PooledDataSource  - Returned connection 1863805930 to pool.
10:47:53,539 [Thread-112] DEBUG org.activiti.engine.impl.interceptor.LogInterceptor  - --- AcquireAsyncJobsDueCmd finished --------------------------------------------------------
10:47:53,539 [Thread-112] DEBUG org.activiti.engine.impl.interceptor.LogInterceptor  - 

10:47:53,539 [Thread-112] DEBUG org.activiti.engine.impl.asyncexecutor.AcquireAsyncJobsDueRunnable  - async job acquisition thread sleeping for 50 millis
10:47:53,554 [Thread-106] DEBUG org.activiti.engine.impl.asyncexecutor.AcquireAsyncJobsDueRunnable  - async job acquisition thread woke up
10:47:53,554 [Thread-106] DEBUG org.activiti.engine.impl.interceptor.LogInterceptor  - 

10:47:53,554 [Thread-106] DEBUG org.activiti.engine.impl.interceptor.LogInterceptor  - --- starting AcquireAsyncJobsDueCmd --------------------------------------------------------
10:47:53,554 [Thread-105] DEBUG org.activiti.engine.impl.asyncexecutor.AcquireTimerJobsRunnable  - timer job acquisition thread woke up
10:47:53,554 [Thread-105] DEBUG org.activiti.engine.impl.interceptor.LogInterceptor  - 

10:47:53,554 [Thread-105] DEBUG org.activiti.engine.impl.interceptor.LogInterceptor  - --- starting AcquireTimerJobsCmd --------------------------------------------------------
10:47:53,554 [Thread-102] DEBUG org.activiti.engine.impl.asyncexecutor.AcquireTimerJobsRunnable  - timer job acquisition thread woke up
10:47:53,554 [Thread-102] DEBUG org.activiti.engine.impl.interceptor.LogInterceptor  - 

10:47:53,554 [Thread-102] DEBUG org.activiti.engine.impl.interceptor.LogInterceptor  - --- starting AcquireTimerJobsCmd --------------------------------------------------------
10:47:53,554 [Thread-103] DEBUG org.activiti.engine.impl.asyncexecutor.AcquireAsyncJobsDueRunnable  - async job acquisition thread woke up
10:47:53,554 [Thread-103] DEBUG org.activiti.engine.impl.interceptor.LogInterceptor  - 

10:47:53,554 [Thread-103] DEBUG org.activiti.engine.impl.interceptor.LogInterceptor  - --- starting AcquireAsyncJobsDueCmd --------------------------------------------------------
10:47:53,554 [Thread-111] DEBUG org.activiti.engine.impl.asyncexecutor.AcquireTimerJobsRunnable  - timer job acquisition thread woke up
10:47:53,554 [Thread-111] DEBUG org.activiti.engine.impl.interceptor.LogInterceptor  - 

10:47:53,554 [Thread-111] DEBUG org.activiti.engine.impl.interceptor.LogInterceptor  - --- starting AcquireTimerJobsCmd --------------------------------------------------------
10:47:53,554 [Thread-103] DEBUG org.apache.ibatis.transaction.jdbc.JdbcTransaction  - Opening JDBC Connection
10:47:53,554 [Thread-102] DEBUG org.apache.ibatis.transaction.jdbc.JdbcTransaction  - Opening JDBC Connection
10:47:53,554 [Thread-105] DEBUG org.apache.ibatis.transaction.jdbc.JdbcTransaction  - Opening JDBC Connection
10:47:53,554 [Thread-105] DEBUG org.apache.ibatis.datasource.pooled.PooledDataSource  - Checked out connection 54468349 from pool.
10:47:53,554 [Thread-106] DEBUG org.apache.ibatis.transaction.jdbc.JdbcTransaction  - Opening JDBC Connection
10:47:53,554 [Thread-106] DEBUG org.apache.ibatis.datasource.pooled.PooledDataSource  - Checked out connection 1970103261 from pool.
10:47:53,554 [Thread-106] DEBUG org.apache.ibatis.transaction.jdbc.JdbcTransaction  - Setting autocommit to false on JDBC Connection [conn63: url=jdbc:h2:mem:activiti-AsyncExecutorTest user=SA]
10:47:53,554 [Thread-105] DEBUG org.apache.ibatis.transaction.jdbc.JdbcTransaction  - Setting autocommit to false on JDBC Connection [conn64: url=jdbc:h2:mem:activiti-AsyncExecutorTest user=SA]
10:47:53,555 [Thread-105] DEBUG org.activiti.engine.impl.persistence.entity.JobEntity.selectNextTimerJobsToExecute  - ==&gt;  Preparing: select RES.* from ACT_RU_JOB RES LEFT OUTER JOIN ACT_RU_EXECUTION PI ON PI.ID_ = RES.PROCESS_INSTANCE_ID_ where (RES.RETRIES_ &gt; 0) and (RES.DUEDATE_ is null or RES.DUEDATE_ &lt;= ?) and (RES.LOCK_OWNER_ is null or RES.LOCK_EXP_TIME_ &lt;= ?) and TYPE_ = &apos;timer&apos; and ( (RES.EXECUTION_ID_ is null) or (PI.SUSPENSION_STATE_ = 1) ) LIMIT ? OFFSET ? 
10:47:53,554 [Thread-103] DEBUG org.apache.ibatis.datasource.pooled.PooledDataSource  - Checked out connection 33534803 from pool.
10:47:53,555 [Thread-103] DEBUG org.apache.ibatis.transaction.jdbc.JdbcTransaction  - Setting autocommit to false on JDBC Connection [conn60: url=jdbc:h2:mem:activiti-AsyncExecutorTest user=SA]
10:47:53,554 [Thread-111] DEBUG org.apache.ibatis.transaction.jdbc.JdbcTransaction  - Opening JDBC Connection
10:47:53,555 [Thread-111] DEBUG org.apache.ibatis.datasource.pooled.PooledDataSource  - Checked out connection 604408605 from pool.
10:47:53,555 [Thread-111] DEBUG org.apache.ibatis.transaction.jdbc.JdbcTransaction  - Setting autocommit to false on JDBC Connection [conn70: url=jdbc:h2:mem:activiti-AsyncExecutorTest user=SA]
10:47:53,555 [Thread-111] DEBUG org.activiti.engine.impl.persistence.entity.JobEntity.selectNextTimerJobsToExecute  - ==&gt;  Preparing: select RES.* from ACT_RU_JOB RES LEFT OUTER JOIN ACT_RU_EXECUTION PI ON PI.ID_ = RES.PROCESS_INSTANCE_ID_ where (RES.RETRIES_ &gt; 0) and (RES.DUEDATE_ is null or RES.DUEDATE_ &lt;= ?) and (RES.LOCK_OWNER_ is null or RES.LOCK_EXP_TIME_ &lt;= ?) and TYPE_ = &apos;timer&apos; and ( (RES.EXECUTION_ID_ is null) or (PI.SUSPENSION_STATE_ = 1) ) LIMIT ? OFFSET ? 
10:47:53,555 [Thread-111] DEBUG org.activiti.engine.impl.persistence.entity.JobEntity.selectNextTimerJobsToExecute  - ==&gt; Parameters: 2023-03-20 10:48:50.669(Timestamp), 2023-03-20 10:48:50.669(Timestamp), 1(Integer), 0(Integer)
10:47:53,555 [Thread-103] DEBUG org.activiti.engine.impl.persistence.entity.JobEntity.selectAsyncJobsDueToExecute  - ==&gt;  Preparing: select RES.* from ACT_RU_JOB RES LEFT OUTER JOIN ACT_RU_EXECUTION PI ON PI.ID_ = RES.PROCESS_INSTANCE_ID_ where RES.RETRIES_ &gt; 0 and RES.DUEDATE_ is not null and RES.DUEDATE_ &lt;= ? and (RES.LOCK_EXP_TIME_ is null or RES.LOCK_EXP_TIME_ &lt;= ?) and TYPE_ = &apos;message&apos; and ( (RES.EXECUTION_ID_ is null) or (PI.SUSPENSION_STATE_ = 1) ) LIMIT ? OFFSET ? 
10:47:53,555 [Thread-103] DEBUG org.activiti.engine.impl.persistence.entity.JobEntity.selectAsyncJobsDueToExecute  - ==&gt; Parameters: 2023-03-20 10:48:50.669(Timestamp), 2023-03-20 10:48:50.669(Timestamp), 1(Integer), 0(Integer)
10:47:53,555 [Thread-103] DEBUG org.activiti.engine.impl.persistence.entity.JobEntity.selectAsyncJobsDueToExecute  - &lt;==      Total: 0
10:47:53,555 [Thread-103] DEBUG org.activiti.engine.impl.db.DbSqlSession  - flush summary: 0 insert, 0 update, 0 delete.
10:47:53,555 [Thread-103] DEBUG org.activiti.engine.impl.db.DbSqlSession  - now executing flush...
10:47:53,555 [Thread-103] DEBUG org.activiti.engine.impl.cfg.standalone.StandaloneMybatisTransactionContext  - firing event committing...
10:47:53,555 [Thread-103] DEBUG org.activiti.engine.impl.cfg.standalone.StandaloneMybatisTransactionContext  - committing the ibatis sql session...
10:47:53,555 [Thread-102] DEBUG org.apache.ibatis.datasource.pooled.PooledDataSource  - Checked out connection 157985567 from pool.
10:47:53,555 [Thread-102] DEBUG org.apache.ibatis.transaction.jdbc.JdbcTransaction  - Setting autocommit to false on JDBC Connection [conn61: url=jdbc:h2:mem:activiti-AsyncExecutorTest user=SA]
10:47:53,555 [Thread-102] DEBUG org.activiti.engine.impl.persistence.entity.JobEntity.selectNextTimerJobsToExecute  - ==&gt;  Preparing: select RES.* from ACT_RU_JOB RES LEFT OUTER JOIN ACT_RU_EXECUTION PI ON PI.ID_ = RES.PROCESS_INSTANCE_ID_ where (RES.RETRIES_ &gt; 0) and (RES.DUEDATE_ is null or RES.DUEDATE_ &lt;= ?) and (RES.LOCK_OWNER_ is null or RES.LOCK_EXP_TIME_ &lt;= ?) and TYPE_ = &apos;timer&apos; and ( (RES.EXECUTION_ID_ is null) or (PI.SUSPENSION_STATE_ = 1) ) LIMIT ? OFFSET ? 
10:47:53,555 [Thread-105] DEBUG org.activiti.engine.impl.persistence.entity.JobEntity.selectNextTimerJobsToExecute  - ==&gt; Parameters: 2023-03-20 10:48:50.669(Timestamp), 2023-03-20 10:48:50.669(Timestamp), 1(Integer), 0(Integer)
10:47:53,555 [Thread-105] DEBUG org.activiti.engine.impl.persistence.entity.JobEntity.selectNextTimerJobsToExecute  - &lt;==      Total: 0
10:47:53,555 [Thread-105] DEBUG org.activiti.engine.impl.db.DbSqlSession  - flush summary: 0 insert, 0 update, 0 delete.
10:47:53,555 [Thread-105] DEBUG org.activiti.engine.impl.db.DbSqlSession  - now executing flush...
10:47:53,555 [Thread-105] DEBUG org.activiti.engine.impl.cfg.standalone.StandaloneMybatisTransactionContext  - firing event committing...
10:47:53,555 [Thread-105] DEBUG org.activiti.engine.impl.cfg.standalone.StandaloneMybatisTransactionContext  - committing the ibatis sql session...
10:47:53,555 [Thread-105] DEBUG org.activiti.engine.impl.cfg.standalone.StandaloneMybatisTransactionContext  - firing event committed...
10:47:53,555 [Thread-105] DEBUG org.apache.ibatis.transaction.jdbc.JdbcTransaction  - Resetting autocommit to true on JDBC Connection [conn64: url=jdbc:h2:mem:activiti-AsyncExecutorTest user=SA]
10:47:53,555 [Thread-105] DEBUG org.apache.ibatis.transaction.jdbc.JdbcTransaction  - Closing JDBC Connection [conn64: url=jdbc:h2:mem:activiti-AsyncExecutorTest user=SA]
10:47:53,555 [Thread-105] DEBUG org.apache.ibatis.datasource.pooled.PooledDataSource  - Returned connection 54468349 to pool.
10:47:53,555 [Thread-105] DEBUG org.activiti.engine.impl.interceptor.LogInterceptor  - --- AcquireTimerJobsCmd finished --------------------------------------------------------
10:47:53,555 [Thread-105] DEBUG org.activiti.engine.impl.interceptor.LogInterceptor  - 

10:47:53,554 [Thread-106] DEBUG org.activiti.engine.impl.persistence.entity.JobEntity.selectAsyncJobsDueToExecute  - ==&gt;  Preparing: select RES.* from ACT_RU_JOB RES LEFT OUTER JOIN ACT_RU_EXECUTION PI ON PI.ID_ = RES.PROCESS_INSTANCE_ID_ where RES.RETRIES_ &gt; 0 and RES.DUEDATE_ is not null and RES.DUEDATE_ &lt;= ? and (RES.LOCK_EXP_TIME_ is null or RES.LOCK_EXP_TIME_ &lt;= ?) and TYPE_ = &apos;message&apos; and ( (RES.EXECUTION_ID_ is null) or (PI.SUSPENSION_STATE_ = 1) ) LIMIT ? OFFSET ? 
10:47:53,555 [Thread-105] DEBUG org.activiti.engine.impl.asyncexecutor.AcquireTimerJobsRunnable  - timer job acquisition thread sleeping for 50 millis
10:47:53,555 [Thread-102] DEBUG org.activiti.engine.impl.persistence.entity.JobEntity.selectNextTimerJobsToExecute  - ==&gt; Parameters: 2023-03-20 10:48:50.669(Timestamp), 2023-03-20 10:48:50.669(Timestamp), 1(Integer), 0(Integer)
10:47:53,556 [Thread-102] DEBUG org.activiti.engine.impl.persistence.entity.JobEntity.selectNextTimerJobsToExecute  - &lt;==      Total: 0
10:47:53,556 [Thread-102] DEBUG org.activiti.engine.impl.db.DbSqlSession  - flush summary: 0 insert, 0 update, 0 delete.
10:47:53,556 [Thread-102] DEBUG org.activiti.engine.impl.db.DbSqlSession  - now executing flush...
10:47:53,556 [Thread-102] DEBUG org.activiti.engine.impl.cfg.standalone.StandaloneMybatisTransactionContext  - firing event committing...
10:47:53,556 [Thread-102] DEBUG org.activiti.engine.impl.cfg.standalone.StandaloneMybatisTransactionContext  - committing the ibatis sql session...
10:47:53,556 [Thread-102] DEBUG org.activiti.engine.impl.cfg.standalone.StandaloneMybatisTransactionContext  - firing event committed...
10:47:53,556 [Thread-102] DEBUG org.apache.ibatis.transaction.jdbc.JdbcTransaction  - Resetting autocommit to true on JDBC Connection [conn61: url=jdbc:h2:mem:activiti-AsyncExecutorTest user=SA]
10:47:53,555 [Thread-103] DEBUG org.activiti.engine.impl.cfg.standalone.StandaloneMybatisTransactionContext  - firing event committed...
10:47:53,556 [Thread-103] DEBUG org.apache.ibatis.transaction.jdbc.JdbcTransaction  - Resetting autocommit to true on JDBC Connection [conn60: url=jdbc:h2:mem:activiti-AsyncExecutorTest user=SA]
10:47:53,556 [Thread-103] DEBUG org.apache.ibatis.transaction.jdbc.JdbcTransaction  - Closing JDBC Connection [conn60: url=jdbc:h2:mem:activiti-AsyncExecutorTest user=SA]
10:47:53,556 [Thread-103] DEBUG org.apache.ibatis.datasource.pooled.PooledDataSource  - Returned connection 33534803 to pool.
10:47:53,556 [Thread-103] DEBUG org.activiti.engine.impl.interceptor.LogInterceptor  - --- AcquireAsyncJobsDueCmd finished --------------------------------------------------------
10:47:53,556 [Thread-103] DEBUG org.activiti.engine.impl.interceptor.LogInterceptor  - 

10:47:53,556 [Thread-103] DEBUG org.activiti.engine.impl.asyncexecutor.AcquireAsyncJobsDueRunnable  - async job acquisition thread sleeping for 50 millis
10:47:53,555 [Thread-111] DEBUG org.activiti.engine.impl.persistence.entity.JobEntity.selectNextTimerJobsToExecute  - &lt;==      Total: 0
10:47:53,556 [Thread-111] DEBUG org.activiti.engine.impl.db.DbSqlSession  - flush summary: 0 insert, 0 update, 0 delete.
10:47:53,556 [Thread-111] DEBUG org.activiti.engine.impl.db.DbSqlSession  - now executing flush...
10:47:53,556 [Thread-111] DEBUG org.activiti.engine.impl.cfg.standalone.StandaloneMybatisTransactionContext  - firing event committing...
10:47:53,556 [Thread-111] DEBUG org.activiti.engine.impl.cfg.standalone.StandaloneMybatisTransactionContext  - committing the ibatis sql session...
10:47:53,556 [Thread-111] DEBUG org.activiti.engine.impl.cfg.standalone.StandaloneMybatisTransactionContext  - firing event committed...
10:47:53,556 [Thread-111] DEBUG org.apache.ibatis.transaction.jdbc.JdbcTransaction  - Resetting autocommit to true on JDBC Connection [conn70: url=jdbc:h2:mem:activiti-AsyncExecutorTest user=SA]
10:47:53,556 [Thread-111] DEBUG org.apache.ibatis.transaction.jdbc.JdbcTransaction  - Closing JDBC Connection [conn70: url=jdbc:h2:mem:activiti-AsyncExecutorTest user=SA]
10:47:53,556 [Thread-111] DEBUG org.apache.ibatis.datasource.pooled.PooledDataSource  - Returned connection 604408605 to pool.
10:47:53,556 [Thread-102] DEBUG org.apache.ibatis.transaction.jdbc.JdbcTransaction  - Closing JDBC Connection [conn61: url=jdbc:h2:mem:activiti-AsyncExecutorTest user=SA]
10:47:53,556 [Thread-102] DEBUG org.apache.ibatis.datasource.pooled.PooledDataSource  - Returned connection 157985567 to pool.
10:47:53,556 [Thread-102] DEBUG org.activiti.engine.impl.interceptor.LogInterceptor  - --- AcquireTimerJobsCmd finished --------------------------------------------------------
10:47:53,556 [Thread-102] DEBUG org.activiti.engine.impl.interceptor.LogInterceptor  - 

10:47:53,556 [Thread-102] DEBUG org.activiti.engine.impl.asyncexecutor.AcquireTimerJobsRunnable  - timer job acquisition thread sleeping for 50 millis
10:47:53,556 [Thread-106] DEBUG org.activiti.engine.impl.persistence.entity.JobEntity.selectAsyncJobsDueToExecute  - ==&gt; Parameters: 2023-03-20 10:48:50.669(Timestamp), 2023-03-20 10:48:50.669(Timestamp), 1(Integer), 0(Integer)
10:47:53,556 [Thread-106] DEBUG org.activiti.engine.impl.persistence.entity.JobEntity.selectAsyncJobsDueToExecute  - &lt;==      Total: 0
10:47:53,556 [Thread-106] DEBUG org.activiti.engine.impl.db.DbSqlSession  - flush summary: 0 insert, 0 update, 0 delete.
10:47:53,556 [Thread-106] DEBUG org.activiti.engine.impl.db.DbSqlSession  - now executing flush...
10:47:53,556 [Thread-106] DEBUG org.activiti.engine.impl.cfg.standalone.StandaloneMybatisTransactionContext  - firing event committing...
10:47:53,556 [Thread-106] DEBUG org.activiti.engine.impl.cfg.standalone.StandaloneMybatisTransactionContext  - committing the ibatis sql session...
10:47:53,557 [Thread-106] DEBUG org.activiti.engine.impl.cfg.standalone.StandaloneMybatisTransactionContext  - firing event committed...
10:47:53,557 [Thread-106] DEBUG org.apache.ibatis.transaction.jdbc.JdbcTransaction  - Resetting autocommit to true on JDBC Connection [conn63: url=jdbc:h2:mem:activiti-AsyncExecutorTest user=SA]
10:47:53,557 [Thread-106] DEBUG org.apache.ibatis.transaction.jdbc.JdbcTransaction  - Closing JDBC Connection [conn63: url=jdbc:h2:mem:activiti-AsyncExecutorTest user=SA]
10:47:53,557 [Thread-106] DEBUG org.apache.ibatis.datasource.pooled.PooledDataSource  - Returned connection 1970103261 to pool.
10:47:53,557 [Thread-106] DEBUG org.activiti.engine.impl.interceptor.LogInterceptor  - --- AcquireAsyncJobsDueCmd finished --------------------------------------------------------
10:47:53,557 [Thread-106] DEBUG org.activiti.engine.impl.interceptor.LogInterceptor  - 

10:47:53,557 [Thread-106] DEBUG org.activiti.engine.impl.asyncexecutor.AcquireAsyncJobsDueRunnable  - async job acquisition thread sleeping for 50 millis
10:47:53,556 [Thread-111] DEBUG org.activiti.engine.impl.interceptor.LogInterceptor  - --- AcquireTimerJobsCmd finished --------------------------------------------------------
10:47:53,557 [Thread-111] DEBUG org.activiti.engine.impl.interceptor.LogInterceptor  - 

10:47:53,557 [Thread-111] DEBUG org.activiti.engine.impl.asyncexecutor.AcquireTimerJobsRunnable  - timer job acquisition thread sleeping for 50 millis
10:47:53,602 [Thread-112] DEBUG org.activiti.engine.impl.asyncexecutor.AcquireAsyncJobsDueRunnable  - async job acquisition thread woke up
10:47:53,602 [Thread-112] DEBUG org.activiti.engine.impl.interceptor.LogInterceptor  - 

10:47:53,602 [Thread-112] DEBUG org.activiti.engine.impl.interceptor.LogInterceptor  - --- starting AcquireAsyncJobsDueCmd --------------------------------------------------------
10:47:53,602 [Thread-112] DEBUG org.apache.ibatis.transaction.jdbc.JdbcTransaction  - Opening JDBC Connection
10:47:53,602 [Thread-112] DEBUG org.apache.ibatis.datasource.pooled.PooledDataSource  - Checked out connection 58501658 from pool.
10:47:53,602 [Thread-112] DEBUG org.apache.ibatis.transaction.jdbc.JdbcTransaction  - Setting autocommit to false on JDBC Connection [conn68: url=jdbc:h2:mem:activiti-AsyncExecutorTest user=SA]
10:47:53,602 [Thread-112] DEBUG org.activiti.engine.impl.persistence.entity.JobEntity.selectAsyncJobsDueToExecute  - ==&gt;  Preparing: select RES.* from ACT_RU_JOB RES LEFT OUTER JOIN ACT_RU_EXECUTION PI ON PI.ID_ = RES.PROCESS_INSTANCE_ID_ where RES.RETRIES_ &gt; 0 and RES.DUEDATE_ is not null and RES.DUEDATE_ &lt;= ? and (RES.LOCK_EXP_TIME_ is null or RES.LOCK_EXP_TIME_ &lt;= ?) and TYPE_ = &apos;message&apos; and ( (RES.EXECUTION_ID_ is null) or (PI.SUSPENSION_STATE_ = 1) ) LIMIT ? OFFSET ? 
10:47:53,602 [Thread-112] DEBUG org.activiti.engine.impl.persistence.entity.JobEntity.selectAsyncJobsDueToExecute  - ==&gt; Parameters: 2023-03-20 10:48:50.669(Timestamp), 2023-03-20 10:48:50.669(Timestamp), 1(Integer), 0(Integer)
10:47:53,602 [Thread-112] DEBUG org.activiti.engine.impl.persistence.entity.JobEntity.selectAsyncJobsDueToExecute  - &lt;==      Total: 0
10:47:53,602 [Thread-112] DEBUG org.activiti.engine.impl.db.DbSqlSession  - flush summary: 0 insert, 0 update, 0 delete.
10:47:53,602 [Thread-112] DEBUG org.activiti.engine.impl.db.DbSqlSession  - now executing flush...
10:47:53,602 [Thread-112] DEBUG org.activiti.engine.impl.cfg.standalone.StandaloneMybatisTransactionContext  - firing event committing...
10:47:53,602 [Thread-112] DEBUG org.activiti.engine.impl.cfg.standalone.StandaloneMybatisTransactionContext  - committing the ibatis sql session...
10:47:53,602 [Thread-112] DEBUG org.activiti.engine.impl.cfg.standalone.StandaloneMybatisTransactionContext  - firing event committed...
10:47:53,602 [Thread-112] DEBUG org.apache.ibatis.transaction.jdbc.JdbcTransaction  - Resetting autocommit to true on JDBC Connection [conn68: url=jdbc:h2:mem:activiti-AsyncExecutorTest user=SA]
10:47:53,602 [Thread-112] DEBUG org.apache.ibatis.transaction.jdbc.JdbcTransaction  - Closing JDBC Connection [conn68: url=jdbc:h2:mem:activiti-AsyncExecutorTest user=SA]
10:47:53,602 [Thread-112] DEBUG org.apache.ibatis.datasource.pooled.PooledDataSource  - Returned connection 58501658 to pool.
10:47:53,602 [Thread-112] DEBUG org.activiti.engine.impl.interceptor.LogInterceptor  - --- AcquireAsyncJobsDueCmd finished --------------------------------------------------------
10:47:53,602 [Thread-112] DEBUG org.activiti.engine.impl.interceptor.LogInterceptor  - 

10:47:53,602 [Thread-112] DEBUG org.activiti.engine.impl.asyncexecutor.AcquireAsyncJobsDueRunnable  - async job acquisition thread sleeping for 50 millis
10:47:53,617 [Thread-111] DEBUG org.activiti.engine.impl.asyncexecutor.AcquireTimerJobsRunnable  - timer job acquisition thread woke up
10:47:53,617 [Thread-111] DEBUG org.activiti.engine.impl.interceptor.LogInterceptor  - 

10:47:53,617 [Thread-111] DEBUG org.activiti.engine.impl.interceptor.LogInterceptor  - --- starting AcquireTimerJobsCmd --------------------------------------------------------
10:47:53,617 [Thread-111] DEBUG org.apache.ibatis.transaction.jdbc.JdbcTransaction  - Opening JDBC Connection
10:47:53,617 [Thread-105] DEBUG org.activiti.engine.impl.asyncexecutor.AcquireTimerJobsRunnable  - timer job acquisition thread woke up
10:47:53,617 [Thread-105] DEBUG org.activiti.engine.impl.interceptor.LogInterceptor  - 

10:47:53,617 [Thread-105] DEBUG org.activiti.engine.impl.interceptor.LogInterceptor  - --- starting AcquireTimerJobsCmd --------------------------------------------------------
10:47:53,617 [Thread-105] DEBUG org.apache.ibatis.transaction.jdbc.JdbcTransaction  - Opening JDBC Connection
10:47:53,617 [Thread-105] DEBUG org.apache.ibatis.datasource.pooled.PooledDataSource  - Checked out connection 996762054 from pool.
10:47:53,617 [Thread-103] DEBUG org.activiti.engine.impl.asyncexecutor.AcquireAsyncJobsDueRunnable  - async job acquisition thread woke up
10:47:53,617 [Thread-103] DEBUG org.activiti.engine.impl.interceptor.LogInterceptor  - 

10:47:53,617 [Thread-103] DEBUG org.activiti.engine.impl.interceptor.LogInterceptor  - --- starting AcquireAsyncJobsDueCmd --------------------------------------------------------
10:47:53,617 [Thread-103] DEBUG org.apache.ibatis.transaction.jdbc.JdbcTransaction  - Opening JDBC Connection
10:47:53,617 [Thread-103] DEBUG org.apache.ibatis.datasource.pooled.PooledDataSource  - Checked out connection 720039383 from pool.
10:47:53,617 [Thread-103] DEBUG org.apache.ibatis.transaction.jdbc.JdbcTransaction  - Setting autocommit to false on JDBC Connection [conn59: url=jdbc:h2:mem:activiti-AsyncExecutorTest user=SA]
10:47:53,617 [Thread-103] DEBUG org.activiti.engine.impl.persistence.entity.JobEntity.selectAsyncJobsDueToExecute  - ==&gt;  Preparing: select RES.* from ACT_RU_JOB RES LEFT OUTER JOIN ACT_RU_EXECUTION PI ON PI.ID_ = RES.PROCESS_INSTANCE_ID_ where RES.RETRIES_ &gt; 0 and RES.DUEDATE_ is not null and RES.DUEDATE_ &lt;= ? and (RES.LOCK_EXP_TIME_ is null or RES.LOCK_EXP_TIME_ &lt;= ?) and TYPE_ = &apos;message&apos; and ( (RES.EXECUTION_ID_ is null) or (PI.SUSPENSION_STATE_ = 1) ) LIMIT ? OFFSET ? 
10:47:53,617 [Thread-102] DEBUG org.activiti.engine.impl.asyncexecutor.AcquireTimerJobsRunnable  - timer job acquisition thread woke up
10:47:53,617 [Thread-102] DEBUG org.activiti.engine.impl.interceptor.LogInterceptor  - 

10:47:53,617 [Thread-102] DEBUG org.activiti.engine.impl.interceptor.LogInterceptor  - --- starting AcquireTimerJobsCmd --------------------------------------------------------
10:47:53,617 [Thread-102] DEBUG org.apache.ibatis.transaction.jdbc.JdbcTransaction  - Opening JDBC Connection
10:47:53,617 [Thread-102] DEBUG org.apache.ibatis.datasource.pooled.PooledDataSource  - Checked out connection 33534803 from pool.
10:47:53,617 [Thread-102] DEBUG org.apache.ibatis.transaction.jdbc.JdbcTransaction  - Setting autocommit to false on JDBC Connection [conn60: url=jdbc:h2:mem:activiti-AsyncExecutorTest user=SA]
10:47:53,617 [Thread-106] DEBUG org.activiti.engine.impl.asyncexecutor.AcquireAsyncJobsDueRunnable  - async job acquisition thread woke up
10:47:53,618 [Thread-106] DEBUG org.activiti.engine.impl.interceptor.LogInterceptor  - 

10:47:53,618 [Thread-106] DEBUG org.activiti.engine.impl.interceptor.LogInterceptor  - --- starting AcquireAsyncJobsDueCmd --------------------------------------------------------
10:47:53,618 [Thread-106] DEBUG org.apache.ibatis.transaction.jdbc.JdbcTransaction  - Opening JDBC Connection
10:47:53,618 [Thread-106] DEBUG org.apache.ibatis.datasource.pooled.PooledDataSource  - Checked out connection 54468349 from pool.
10:47:53,618 [Thread-106] DEBUG org.apache.ibatis.transaction.jdbc.JdbcTransaction  - Setting autocommit to false on JDBC Connection [conn64: url=jdbc:h2:mem:activiti-AsyncExecutorTest user=SA]
10:47:53,618 [Thread-106] DEBUG org.activiti.engine.impl.persistence.entity.JobEntity.selectAsyncJobsDueToExecute  - ==&gt;  Preparing: select RES.* from ACT_RU_JOB RES LEFT OUTER JOIN ACT_RU_EXECUTION PI ON PI.ID_ = RES.PROCESS_INSTANCE_ID_ where RES.RETRIES_ &gt; 0 and RES.DUEDATE_ is not null and RES.DUEDATE_ &lt;= ? and (RES.LOCK_EXP_TIME_ is null or RES.LOCK_EXP_TIME_ &lt;= ?) and TYPE_ = &apos;message&apos; and ( (RES.EXECUTION_ID_ is null) or (PI.SUSPENSION_STATE_ = 1) ) LIMIT ? OFFSET ? 
10:47:53,618 [Thread-106] DEBUG org.activiti.engine.impl.persistence.entity.JobEntity.selectAsyncJobsDueToExecute  - ==&gt; Parameters: 2023-03-20 10:48:50.669(Timestamp), 2023-03-20 10:48:50.669(Timestamp), 1(Integer), 0(Integer)
10:47:53,618 [Thread-106] DEBUG org.activiti.engine.impl.persistence.entity.JobEntity.selectAsyncJobsDueToExecute  - &lt;==      Total: 0
10:47:53,618 [Thread-106] DEBUG org.activiti.engine.impl.db.DbSqlSession  - flush summary: 0 insert, 0 update, 0 delete.
10:47:53,618 [Thread-106] DEBUG org.activiti.engine.impl.db.DbSqlSession  - now executing flush...
10:47:53,618 [Thread-106] DEBUG org.activiti.engine.impl.cfg.standalone.StandaloneMybatisTransactionContext  - firing event committing...
10:47:53,618 [Thread-106] DEBUG org.activiti.engine.impl.cfg.standalone.StandaloneMybatisTransactionContext  - committing the ibatis sql session...
10:47:53,618 [Thread-106] DEBUG org.activiti.engine.impl.cfg.standalone.StandaloneMybatisTransactionContext  - firing event committed...
10:47:53,618 [Thread-106] DEBUG org.apache.ibatis.transaction.jdbc.JdbcTransaction  - Resetting autocommit to true on JDBC Connection [conn64: url=jdbc:h2:mem:activiti-AsyncExecutorTest user=SA]
10:47:53,618 [Thread-106] DEBUG org.apache.ibatis.transaction.jdbc.JdbcTransaction  - Closing JDBC Connection [conn64: url=jdbc:h2:mem:activiti-AsyncExecutorTest user=SA]
10:47:53,618 [Thread-106] DEBUG org.apache.ibatis.datasource.pooled.PooledDataSource  - Returned connection 54468349 to pool.
10:47:53,618 [Thread-106] DEBUG org.activiti.engine.impl.interceptor.LogInterceptor  - --- AcquireAsyncJobsDueCmd finished --------------------------------------------------------
10:47:53,618 [Thread-106] DEBUG org.activiti.engine.impl.interceptor.LogInterceptor  - 

10:47:53,618 [Thread-106] DEBUG org.activiti.engine.impl.asyncexecutor.AcquireAsyncJobsDueRunnable  - async job acquisition thread sleeping for 50 millis
10:47:53,617 [Thread-102] DEBUG org.activiti.engine.impl.persistence.entity.JobEntity.selectNextTimerJobsToExecute  - ==&gt;  Preparing: select RES.* from ACT_RU_JOB RES LEFT OUTER JOIN ACT_RU_EXECUTION PI ON PI.ID_ = RES.PROCESS_INSTANCE_ID_ where (RES.RETRIES_ &gt; 0) and (RES.DUEDATE_ is null or RES.DUEDATE_ &lt;= ?) and (RES.LOCK_OWNER_ is null or RES.LOCK_EXP_TIME_ &lt;= ?) and TYPE_ = &apos;timer&apos; and ( (RES.EXECUTION_ID_ is null) or (PI.SUSPENSION_STATE_ = 1) ) LIMIT ? OFFSET ? 
10:47:53,618 [Thread-102] DEBUG org.activiti.engine.impl.persistence.entity.JobEntity.selectNextTimerJobsToExecute  - ==&gt; Parameters: 2023-03-20 10:48:50.669(Timestamp), 2023-03-20 10:48:50.669(Timestamp), 1(Integer), 0(Integer)
10:47:53,618 [Thread-102] DEBUG org.activiti.engine.impl.persistence.entity.JobEntity.selectNextTimerJobsToExecute  - &lt;==      Total: 0
10:47:53,618 [Thread-102] DEBUG org.activiti.engine.impl.db.DbSqlSession  - flush summary: 0 insert, 0 update, 0 delete.
10:47:53,618 [Thread-102] DEBUG org.activiti.engine.impl.db.DbSqlSession  - now executing flush...
10:47:53,618 [Thread-102] DEBUG org.activiti.engine.impl.cfg.standalone.StandaloneMybatisTransactionContext  - firing event committing...
10:47:53,618 [Thread-102] DEBUG org.activiti.engine.impl.cfg.standalone.StandaloneMybatisTransactionContext  - committing the ibatis sql session...
10:47:53,618 [Thread-102] DEBUG org.activiti.engine.impl.cfg.standalone.StandaloneMybatisTransactionContext  - firing event committed...
10:47:53,618 [Thread-102] DEBUG org.apache.ibatis.transaction.jdbc.JdbcTransaction  - Resetting autocommit to true on JDBC Connection [conn60: url=jdbc:h2:mem:activiti-AsyncExecutorTest user=SA]
10:47:53,618 [Thread-102] DEBUG org.apache.ibatis.transaction.jdbc.JdbcTransaction  - Closing JDBC Connection [conn60: url=jdbc:h2:mem:activiti-AsyncExecutorTest user=SA]
10:47:53,618 [Thread-102] DEBUG org.apache.ibatis.datasource.pooled.PooledDataSource  - Returned connection 33534803 to pool.
10:47:53,618 [Thread-102] DEBUG org.activiti.engine.impl.interceptor.LogInterceptor  - --- AcquireTimerJobsCmd finished --------------------------------------------------------
10:47:53,618 [Thread-102] DEBUG org.activiti.engine.impl.interceptor.LogInterceptor  - 

10:47:53,618 [Thread-102] DEBUG org.activiti.engine.impl.asyncexecutor.AcquireTimerJobsRunnable  - timer job acquisition thread sleeping for 50 millis
10:47:53,617 [Thread-103] DEBUG org.activiti.engine.impl.persistence.entity.JobEntity.selectAsyncJobsDueToExecute  - ==&gt; Parameters: 2023-03-20 10:48:50.669(Timestamp), 2023-03-20 10:48:50.669(Timestamp), 1(Integer), 0(Integer)
10:47:53,618 [Thread-103] DEBUG org.activiti.engine.impl.persistence.entity.JobEntity.selectAsyncJobsDueToExecute  - &lt;==      Total: 0
10:47:53,618 [Thread-103] DEBUG org.activiti.engine.impl.db.DbSqlSession  - flush summary: 0 insert, 0 update, 0 delete.
10:47:53,618 [Thread-103] DEBUG org.activiti.engine.impl.db.DbSqlSession  - now executing flush...
10:47:53,618 [Thread-103] DEBUG org.activiti.engine.impl.cfg.standalone.StandaloneMybatisTransactionContext  - firing event committing...
10:47:53,619 [Thread-103] DEBUG org.activiti.engine.impl.cfg.standalone.StandaloneMybatisTransactionContext  - committing the ibatis sql session...
10:47:53,619 [Thread-103] DEBUG org.activiti.engine.impl.cfg.standalone.StandaloneMybatisTransactionContext  - firing event committed...
10:47:53,619 [Thread-103] DEBUG org.apache.ibatis.transaction.jdbc.JdbcTransaction  - Resetting autocommit to true on JDBC Connection [conn59: url=jdbc:h2:mem:activiti-AsyncExecutorTest user=SA]
10:47:53,619 [Thread-103] DEBUG org.apache.ibatis.transaction.jdbc.JdbcTransaction  - Closing JDBC Connection [conn59: url=jdbc:h2:mem:activiti-AsyncExecutorTest user=SA]
10:47:53,619 [Thread-103] DEBUG org.apache.ibatis.datasource.pooled.PooledDataSource  - Returned connection 720039383 to pool.
10:47:53,619 [Thread-103] DEBUG org.activiti.engine.impl.interceptor.LogInterceptor  - --- AcquireAsyncJobsDueCmd finished --------------------------------------------------------
10:47:53,619 [Thread-103] DEBUG org.activiti.engine.impl.interceptor.LogInterceptor  - 

10:47:53,619 [Thread-103] DEBUG org.activiti.engine.impl.asyncexecutor.AcquireAsyncJobsDueRunnable  - async job acquisition thread sleeping for 50 millis
10:47:53,617 [Thread-105] DEBUG org.apache.ibatis.transaction.jdbc.JdbcTransaction  - Setting autocommit to false on JDBC Connection [conn65: url=jdbc:h2:mem:activiti-AsyncExecutorTest user=SA]
10:47:53,619 [Thread-105] DEBUG org.activiti.engine.impl.persistence.entity.JobEntity.selectNextTimerJobsToExecute  - ==&gt;  Preparing: select RES.* from ACT_RU_JOB RES LEFT OUTER JOIN ACT_RU_EXECUTION PI ON PI.ID_ = RES.PROCESS_INSTANCE_ID_ where (RES.RETRIES_ &gt; 0) and (RES.DUEDATE_ is null or RES.DUEDATE_ &lt;= ?) and (RES.LOCK_OWNER_ is null or RES.LOCK_EXP_TIME_ &lt;= ?) and TYPE_ = &apos;timer&apos; and ( (RES.EXECUTION_ID_ is null) or (PI.SUSPENSION_STATE_ = 1) ) LIMIT ? OFFSET ? 
10:47:53,619 [Thread-105] DEBUG org.activiti.engine.impl.persistence.entity.JobEntity.selectNextTimerJobsToExecute  - ==&gt; Parameters: 2023-03-20 10:48:50.669(Timestamp), 2023-03-20 10:48:50.669(Timestamp), 1(Integer), 0(Integer)
10:47:53,619 [Thread-105] DEBUG org.activiti.engine.impl.persistence.entity.JobEntity.selectNextTimerJobsToExecute  - &lt;==      Total: 0
10:47:53,619 [Thread-105] DEBUG org.activiti.engine.impl.db.DbSqlSession  - flush summary: 0 insert, 0 update, 0 delete.
10:47:53,619 [Thread-105] DEBUG org.activiti.engine.impl.db.DbSqlSession  - now executing flush...
10:47:53,619 [Thread-105] DEBUG org.activiti.engine.impl.cfg.standalone.StandaloneMybatisTransactionContext  - firing event committing...
10:47:53,619 [Thread-105] DEBUG org.activiti.engine.impl.cfg.standalone.StandaloneMybatisTransactionContext  - committing the ibatis sql session...
10:47:53,619 [Thread-105] DEBUG org.activiti.engine.impl.cfg.standalone.StandaloneMybatisTransactionContext  - firing event committed...
10:47:53,619 [Thread-105] DEBUG org.apache.ibatis.transaction.jdbc.JdbcTransaction  - Resetting autocommit to true on JDBC Connection [conn65: url=jdbc:h2:mem:activiti-AsyncExecutorTest user=SA]
10:47:53,619 [Thread-105] DEBUG org.apache.ibatis.transaction.jdbc.JdbcTransaction  - Closing JDBC Connection [conn65: url=jdbc:h2:mem:activiti-AsyncExecutorTest user=SA]
10:47:53,619 [Thread-105] DEBUG org.apache.ibatis.datasource.pooled.PooledDataSource  - Returned connection 996762054 to pool.
10:47:53,619 [Thread-105] DEBUG org.activiti.engine.impl.interceptor.LogInterceptor  - --- AcquireTimerJobsCmd finished --------------------------------------------------------
10:47:53,619 [Thread-105] DEBUG org.activiti.engine.impl.interceptor.LogInterceptor  - 

10:47:53,619 [Thread-105] DEBUG org.activiti.engine.impl.asyncexecutor.AcquireTimerJobsRunnable  - timer job acquisition thread sleeping for 50 millis
10:47:53,617 [Thread-111] DEBUG org.apache.ibatis.datasource.pooled.PooledDataSource  - Checked out connection 1863805930 from pool.
10:47:53,619 [Thread-111] DEBUG org.apache.ibatis.transaction.jdbc.JdbcTransaction  - Setting autocommit to false on JDBC Connection [conn69: url=jdbc:h2:mem:activiti-AsyncExecutorTest user=SA]
10:47:53,619 [Thread-111] DEBUG org.activiti.engine.impl.persistence.entity.JobEntity.selectNextTimerJobsToExecute  - ==&gt;  Preparing: select RES.* from ACT_RU_JOB RES LEFT OUTER JOIN ACT_RU_EXECUTION PI ON PI.ID_ = RES.PROCESS_INSTANCE_ID_ where (RES.RETRIES_ &gt; 0) and (RES.DUEDATE_ is null or RES.DUEDATE_ &lt;= ?) and (RES.LOCK_OWNER_ is null or RES.LOCK_EXP_TIME_ &lt;= ?) and TYPE_ = &apos;timer&apos; and ( (RES.EXECUTION_ID_ is null) or (PI.SUSPENSION_STATE_ = 1) ) LIMIT ? OFFSET ? 
10:47:53,619 [Thread-111] DEBUG org.activiti.engine.impl.persistence.entity.JobEntity.selectNextTimerJobsToExecute  - ==&gt; Parameters: 2023-03-20 10:48:50.669(Timestamp), 2023-03-20 10:48:50.669(Timestamp), 1(Integer), 0(Integer)
10:47:53,619 [Thread-111] DEBUG org.activiti.engine.impl.persistence.entity.JobEntity.selectNextTimerJobsToExecute  - &lt;==      Total: 0
10:47:53,619 [Thread-111] DEBUG org.activiti.engine.impl.db.DbSqlSession  - flush summary: 0 insert, 0 update, 0 delete.
10:47:53,619 [Thread-111] DEBUG org.activiti.engine.impl.db.DbSqlSession  - now executing flush...
10:47:53,619 [Thread-111] DEBUG org.activiti.engine.impl.cfg.standalone.StandaloneMybatisTransactionContext  - firing event committing...
10:47:53,619 [Thread-111] DEBUG org.activiti.engine.impl.cfg.standalone.StandaloneMybatisTransactionContext  - committing the ibatis sql session...
10:47:53,619 [Thread-111] DEBUG org.activiti.engine.impl.cfg.standalone.StandaloneMybatisTransactionContext  - firing event committed...
10:47:53,619 [Thread-111] DEBUG org.apache.ibatis.transaction.jdbc.JdbcTransaction  - Resetting autocommit to true on JDBC Connection [conn69: url=jdbc:h2:mem:activiti-AsyncExecutorTest user=SA]
10:47:53,619 [Thread-111] DEBUG org.apache.ibatis.transaction.jdbc.JdbcTransaction  - Closing JDBC Connection [conn69: url=jdbc:h2:mem:activiti-AsyncExecutorTest user=SA]
10:47:53,619 [Thread-111] DEBUG org.apache.ibatis.datasource.pooled.PooledDataSource  - Returned connection 1863805930 to pool.
10:47:53,619 [Thread-111] DEBUG org.activiti.engine.impl.interceptor.LogInterceptor  - --- AcquireTimerJobsCmd finished --------------------------------------------------------
10:47:53,619 [Thread-111] DEBUG org.activiti.engine.impl.interceptor.LogInterceptor  - 

10:47:53,619 [Thread-111] DEBUG org.activiti.engine.impl.asyncexecutor.AcquireTimerJobsRunnable  - timer job acquisition thread sleeping for 50 millis
10:47:53,664 [Thread-112] DEBUG org.activiti.engine.impl.asyncexecutor.AcquireAsyncJobsDueRunnable  - async job acquisition thread woke up
10:47:53,664 [Thread-112] DEBUG org.activiti.engine.impl.interceptor.LogInterceptor  - 

10:47:53,664 [Thread-112] DEBUG org.activiti.engine.impl.interceptor.LogInterceptor  - --- starting AcquireAsyncJobsDueCmd --------------------------------------------------------
10:47:53,664 [Thread-112] DEBUG org.apache.ibatis.transaction.jdbc.JdbcTransaction  - Opening JDBC Connection
10:47:53,664 [Thread-112] DEBUG org.apache.ibatis.datasource.pooled.PooledDataSource  - Checked out connection 604408605 from pool.
10:47:53,664 [Thread-112] DEBUG org.apache.ibatis.transaction.jdbc.JdbcTransaction  - Setting autocommit to false on JDBC Connection [conn70: url=jdbc:h2:mem:activiti-AsyncExecutorTest user=SA]
10:47:53,664 [Thread-112] DEBUG org.activiti.engine.impl.persistence.entity.JobEntity.selectAsyncJobsDueToExecute  - ==&gt;  Preparing: select RES.* from ACT_RU_JOB RES LEFT OUTER JOIN ACT_RU_EXECUTION PI ON PI.ID_ = RES.PROCESS_INSTANCE_ID_ where RES.RETRIES_ &gt; 0 and RES.DUEDATE_ is not null and RES.DUEDATE_ &lt;= ? and (RES.LOCK_EXP_TIME_ is null or RES.LOCK_EXP_TIME_ &lt;= ?) and TYPE_ = &apos;message&apos; and ( (RES.EXECUTION_ID_ is null) or (PI.SUSPENSION_STATE_ = 1) ) LIMIT ? OFFSET ? 
10:47:53,664 [Thread-112] DEBUG org.activiti.engine.impl.persistence.entity.JobEntity.selectAsyncJobsDueToExecute  - ==&gt; Parameters: 2023-03-20 10:48:50.669(Timestamp), 2023-03-20 10:48:50.669(Timestamp), 1(Integer), 0(Integer)
10:47:53,664 [Thread-112] DEBUG org.activiti.engine.impl.persistence.entity.JobEntity.selectAsyncJobsDueToExecute  - &lt;==      Total: 0
10:47:53,664 [Thread-112] DEBUG org.activiti.engine.impl.db.DbSqlSession  - flush summary: 0 insert, 0 update, 0 delete.
10:47:53,664 [Thread-112] DEBUG org.activiti.engine.impl.db.DbSqlSession  - now executing flush...
10:47:53,664 [Thread-112] DEBUG org.activiti.engine.impl.cfg.standalone.StandaloneMybatisTransactionContext  - firing event committing...
10:47:53,664 [Thread-112] DEBUG org.activiti.engine.impl.cfg.standalone.StandaloneMybatisTransactionContext  - committing the ibatis sql session...
10:47:53,664 [Thread-112] DEBUG org.activiti.engine.impl.cfg.standalone.StandaloneMybatisTransactionContext  - firing event committed...
10:47:53,664 [Thread-112] DEBUG org.apache.ibatis.transaction.jdbc.JdbcTransaction  - Resetting autocommit to true on JDBC Connection [conn70: url=jdbc:h2:mem:activiti-AsyncExecutorTest user=SA]
10:47:53,664 [Thread-112] DEBUG org.apache.ibatis.transaction.jdbc.JdbcTransaction  - Closing JDBC Connection [conn70: url=jdbc:h2:mem:activiti-AsyncExecutorTest user=SA]
10:47:53,664 [Thread-112] DEBUG org.apache.ibatis.datasource.pooled.PooledDataSource  - Returned connection 604408605 to pool.
10:47:53,664 [Thread-112] DEBUG org.activiti.engine.impl.interceptor.LogInterceptor  - --- AcquireAsyncJobsDueCmd finished --------------------------------------------------------
10:47:53,664 [Thread-112] DEBUG org.activiti.engine.impl.interceptor.LogInterceptor  - 

10:47:53,664 [Thread-112] DEBUG org.activiti.engine.impl.asyncexecutor.AcquireAsyncJobsDueRunnable  - async job acquisition thread sleeping for 50 millis
10:47:53,680 [Thread-106] DEBUG org.activiti.engine.impl.asyncexecutor.AcquireAsyncJobsDueRunnable  - async job acquisition thread woke up
10:47:53,680 [Thread-106] DEBUG org.activiti.engine.impl.interceptor.LogInterceptor  - 

10:47:53,680 [Thread-102] DEBUG org.activiti.engine.impl.asyncexecutor.AcquireTimerJobsRunnable  - timer job acquisition thread woke up
10:47:53,680 [Thread-102] DEBUG org.activiti.engine.impl.interceptor.LogInterceptor  - 

10:47:53,680 [Thread-102] DEBUG org.activiti.engine.impl.interceptor.LogInterceptor  - --- starting AcquireTimerJobsCmd --------------------------------------------------------
10:47:53,680 [Thread-102] DEBUG org.apache.ibatis.transaction.jdbc.JdbcTransaction  - Opening JDBC Connection
10:47:53,680 [Thread-102] DEBUG org.apache.ibatis.datasource.pooled.PooledDataSource  - Checked out connection 157985567 from pool.
10:47:53,680 [Thread-102] DEBUG org.apache.ibatis.transaction.jdbc.JdbcTransaction  - Setting autocommit to false on JDBC Connection [conn61: url=jdbc:h2:mem:activiti-AsyncExecutorTest user=SA]
10:47:53,680 [Thread-111] DEBUG org.activiti.engine.impl.asyncexecutor.AcquireTimerJobsRunnable  - timer job acquisition thread woke up
10:47:53,680 [Thread-111] DEBUG org.activiti.engine.impl.interceptor.LogInterceptor  - 

10:47:53,680 [Thread-111] DEBUG org.activiti.engine.impl.interceptor.LogInterceptor  - --- starting AcquireTimerJobsCmd --------------------------------------------------------
10:47:53,680 [Thread-103] DEBUG org.activiti.engine.impl.asyncexecutor.AcquireAsyncJobsDueRunnable  - async job acquisition thread woke up
10:47:53,680 [Thread-103] DEBUG org.activiti.engine.impl.interceptor.LogInterceptor  - 

10:47:53,680 [Thread-103] DEBUG org.activiti.engine.impl.interceptor.LogInterceptor  - --- starting AcquireAsyncJobsDueCmd --------------------------------------------------------
10:47:53,680 [Thread-105] DEBUG org.activiti.engine.impl.asyncexecutor.AcquireTimerJobsRunnable  - timer job acquisition thread woke up
10:47:53,680 [Thread-105] DEBUG org.activiti.engine.impl.interceptor.LogInterceptor  - 

10:47:53,680 [Thread-105] DEBUG org.activiti.engine.impl.interceptor.LogInterceptor  - --- starting AcquireTimerJobsCmd --------------------------------------------------------
10:47:53,680 [Thread-103] DEBUG org.apache.ibatis.transaction.jdbc.JdbcTransaction  - Opening JDBC Connection
10:47:53,681 [Thread-103] DEBUG org.apache.ibatis.datasource.pooled.PooledDataSource  - Checked out connection 33534803 from pool.
10:47:53,681 [Thread-103] DEBUG org.apache.ibatis.transaction.jdbc.JdbcTransaction  - Setting autocommit to false on JDBC Connection [conn60: url=jdbc:h2:mem:activiti-AsyncExecutorTest user=SA]
10:47:53,681 [Thread-103] DEBUG org.activiti.engine.impl.persistence.entity.JobEntity.selectAsyncJobsDueToExecute  - ==&gt;  Preparing: select RES.* from ACT_RU_JOB RES LEFT OUTER JOIN ACT_RU_EXECUTION PI ON PI.ID_ = RES.PROCESS_INSTANCE_ID_ where RES.RETRIES_ &gt; 0 and RES.DUEDATE_ is not null and RES.DUEDATE_ &lt;= ? and (RES.LOCK_EXP_TIME_ is null or RES.LOCK_EXP_TIME_ &lt;= ?) and TYPE_ = &apos;message&apos; and ( (RES.EXECUTION_ID_ is null) or (PI.SUSPENSION_STATE_ = 1) ) LIMIT ? OFFSET ? 
10:47:53,680 [Thread-111] DEBUG org.apache.ibatis.transaction.jdbc.JdbcTransaction  - Opening JDBC Connection
10:47:53,681 [Thread-111] DEBUG org.apache.ibatis.datasource.pooled.PooledDataSource  - Checked out connection 58501658 from pool.
10:47:53,681 [Thread-111] DEBUG org.apache.ibatis.transaction.jdbc.JdbcTransaction  - Setting autocommit to false on JDBC Connection [conn68: url=jdbc:h2:mem:activiti-AsyncExecutorTest user=SA]
10:47:53,681 [Thread-111] DEBUG org.activiti.engine.impl.persistence.entity.JobEntity.selectNextTimerJobsToExecute  - ==&gt;  Preparing: select RES.* from ACT_RU_JOB RES LEFT OUTER JOIN ACT_RU_EXECUTION PI ON PI.ID_ = RES.PROCESS_INSTANCE_ID_ where (RES.RETRIES_ &gt; 0) and (RES.DUEDATE_ is null or RES.DUEDATE_ &lt;= ?) and (RES.LOCK_OWNER_ is null or RES.LOCK_EXP_TIME_ &lt;= ?) and TYPE_ = &apos;timer&apos; and ( (RES.EXECUTION_ID_ is null) or (PI.SUSPENSION_STATE_ = 1) ) LIMIT ? OFFSET ? 
10:47:53,681 [Thread-111] DEBUG org.activiti.engine.impl.persistence.entity.JobEntity.selectNextTimerJobsToExecute  - ==&gt; Parameters: 2023-03-20 10:48:50.669(Timestamp), 2023-03-20 10:48:50.669(Timestamp), 1(Integer), 0(Integer)
10:47:53,681 [Thread-111] DEBUG org.activiti.engine.impl.persistence.entity.JobEntity.selectNextTimerJobsToExecute  - &lt;==      Total: 0
10:47:53,680 [Thread-102] DEBUG org.activiti.engine.impl.persistence.entity.JobEntity.selectNextTimerJobsToExecute  - ==&gt;  Preparing: select RES.* from ACT_RU_JOB RES LEFT OUTER JOIN ACT_RU_EXECUTION PI ON PI.ID_ = RES.PROCESS_INSTANCE_ID_ where (RES.RETRIES_ &gt; 0) and (RES.DUEDATE_ is null or RES.DUEDATE_ &lt;= ?) and (RES.LOCK_OWNER_ is null or RES.LOCK_EXP_TIME_ &lt;= ?) and TYPE_ = &apos;timer&apos; and ( (RES.EXECUTION_ID_ is null) or (PI.SUSPENSION_STATE_ = 1) ) LIMIT ? OFFSET ? 
10:47:53,681 [Thread-102] DEBUG org.activiti.engine.impl.persistence.entity.JobEntity.selectNextTimerJobsToExecute  - ==&gt; Parameters: 2023-03-20 10:48:50.669(Timestamp), 2023-03-20 10:48:50.669(Timestamp), 1(Integer), 0(Integer)
10:47:53,680 [Thread-106] DEBUG org.activiti.engine.impl.interceptor.LogInterceptor  - --- starting AcquireAsyncJobsDueCmd --------------------------------------------------------
10:47:53,681 [Thread-106] DEBUG org.apache.ibatis.transaction.jdbc.JdbcTransaction  - Opening JDBC Connection
10:47:53,681 [Thread-102] DEBUG org.activiti.engine.impl.persistence.entity.JobEntity.selectNextTimerJobsToExecute  - &lt;==      Total: 0
10:47:53,681 [Thread-102] DEBUG org.activiti.engine.impl.db.DbSqlSession  - flush summary: 0 insert, 0 update, 0 delete.
10:47:53,681 [Thread-102] DEBUG org.activiti.engine.impl.db.DbSqlSession  - now executing flush...
10:47:53,681 [Thread-102] DEBUG org.activiti.engine.impl.cfg.standalone.StandaloneMybatisTransactionContext  - firing event committing...
10:47:53,681 [Thread-102] DEBUG org.activiti.engine.impl.cfg.standalone.StandaloneMybatisTransactionContext  - committing the ibatis sql session...
10:47:53,681 [Thread-102] DEBUG org.activiti.engine.impl.cfg.standalone.StandaloneMybatisTransactionContext  - firing event committed...
10:47:53,681 [Thread-111] DEBUG org.activiti.engine.impl.db.DbSqlSession  - flush summary: 0 insert, 0 update, 0 delete.
10:47:53,681 [Thread-111] DEBUG org.activiti.engine.impl.db.DbSqlSession  - now executing flush...
10:47:53,681 [Thread-111] DEBUG org.activiti.engine.impl.cfg.standalone.StandaloneMybatisTransactionContext  - firing event committing...
10:47:53,681 [Thread-111] DEBUG org.activiti.engine.impl.cfg.standalone.StandaloneMybatisTransactionContext  - committing the ibatis sql session...
10:47:53,681 [Thread-111] DEBUG org.activiti.engine.impl.cfg.standalone.StandaloneMybatisTransactionContext  - firing event committed...
10:47:53,681 [Thread-111] DEBUG org.apache.ibatis.transaction.jdbc.JdbcTransaction  - Resetting autocommit to true on JDBC Connection [conn68: url=jdbc:h2:mem:activiti-AsyncExecutorTest user=SA]
10:47:53,681 [Thread-103] DEBUG org.activiti.engine.impl.persistence.entity.JobEntity.selectAsyncJobsDueToExecute  - ==&gt; Parameters: 2023-03-20 10:48:50.669(Timestamp), 2023-03-20 10:48:50.669(Timestamp), 1(Integer), 0(Integer)
10:47:53,682 [Thread-103] DEBUG org.activiti.engine.impl.persistence.entity.JobEntity.selectAsyncJobsDueToExecute  - &lt;==      Total: 0
10:47:53,682 [Thread-103] DEBUG org.activiti.engine.impl.db.DbSqlSession  - flush summary: 0 insert, 0 update, 0 delete.
10:47:53,682 [Thread-103] DEBUG org.activiti.engine.impl.db.DbSqlSession  - now executing flush...
10:47:53,682 [Thread-103] DEBUG org.activiti.engine.impl.cfg.standalone.StandaloneMybatisTransactionContext  - firing event committing...
10:47:53,680 [Thread-105] DEBUG org.apache.ibatis.transaction.jdbc.JdbcTransaction  - Opening JDBC Connection
10:47:53,682 [Thread-103] DEBUG org.activiti.engine.impl.cfg.standalone.StandaloneMybatisTransactionContext  - committing the ibatis sql session...
10:47:53,682 [Thread-103] DEBUG org.activiti.engine.impl.cfg.standalone.StandaloneMybatisTransactionContext  - firing event committed...
10:47:53,682 [Thread-103] DEBUG org.apache.ibatis.transaction.jdbc.JdbcTransaction  - Resetting autocommit to true on JDBC Connection [conn60: url=jdbc:h2:mem:activiti-AsyncExecutorTest user=SA]
10:47:53,682 [Thread-103] DEBUG org.apache.ibatis.transaction.jdbc.JdbcTransaction  - Closing JDBC Connection [conn60: url=jdbc:h2:mem:activiti-AsyncExecutorTest user=SA]
10:47:53,682 [Thread-103] DEBUG org.apache.ibatis.datasource.pooled.PooledDataSource  - Returned connection 33534803 to pool.
10:47:53,681 [Thread-111] DEBUG org.apache.ibatis.transaction.jdbc.JdbcTransaction  - Closing JDBC Connection [conn68: url=jdbc:h2:mem:activiti-AsyncExecutorTest user=SA]
10:47:53,682 [Thread-111] DEBUG org.apache.ibatis.datasource.pooled.PooledDataSource  - Returned connection 58501658 to pool.
10:47:53,681 [Thread-102] DEBUG org.apache.ibatis.transaction.jdbc.JdbcTransaction  - Resetting autocommit to true on JDBC Connection [conn61: url=jdbc:h2:mem:activiti-AsyncExecutorTest user=SA]
10:47:53,682 [Thread-102] DEBUG org.apache.ibatis.transaction.jdbc.JdbcTransaction  - Closing JDBC Connection [conn61: url=jdbc:h2:mem:activiti-AsyncExecutorTest user=SA]
10:47:53,682 [Thread-102] DEBUG org.apache.ibatis.datasource.pooled.PooledDataSource  - Returned connection 157985567 to pool.
10:47:53,682 [Thread-102] DEBUG org.activiti.engine.impl.interceptor.LogInterceptor  - --- AcquireTimerJobsCmd finished --------------------------------------------------------
10:47:53,682 [Thread-102] DEBUG org.activiti.engine.impl.interceptor.LogInterceptor  - 

10:47:53,682 [Thread-102] DEBUG org.activiti.engine.impl.asyncexecutor.AcquireTimerJobsRunnable  - timer job acquisition thread sleeping for 50 millis
10:47:53,681 [Thread-106] DEBUG org.apache.ibatis.datasource.pooled.PooledDataSource  - Checked out connection 1970103261 from pool.
10:47:53,682 [Thread-106] DEBUG org.apache.ibatis.transaction.jdbc.JdbcTransaction  - Setting autocommit to false on JDBC Connection [conn63: url=jdbc:h2:mem:activiti-AsyncExecutorTest user=SA]
10:47:53,682 [Thread-106] DEBUG org.activiti.engine.impl.persistence.entity.JobEntity.selectAsyncJobsDueToExecute  - ==&gt;  Preparing: select RES.* from ACT_RU_JOB RES LEFT OUTER JOIN ACT_RU_EXECUTION PI ON PI.ID_ = RES.PROCESS_INSTANCE_ID_ where RES.RETRIES_ &gt; 0 and RES.DUEDATE_ is not null and RES.DUEDATE_ &lt;= ? and (RES.LOCK_EXP_TIME_ is null or RES.LOCK_EXP_TIME_ &lt;= ?) and TYPE_ = &apos;message&apos; and ( (RES.EXECUTION_ID_ is null) or (PI.SUSPENSION_STATE_ = 1) ) LIMIT ? OFFSET ? 
10:47:53,682 [Thread-111] DEBUG org.activiti.engine.impl.interceptor.LogInterceptor  - --- AcquireTimerJobsCmd finished --------------------------------------------------------
10:47:53,682 [Thread-111] DEBUG org.activiti.engine.impl.interceptor.LogInterceptor  - 

10:47:53,682 [Thread-111] DEBUG org.activiti.engine.impl.asyncexecutor.AcquireTimerJobsRunnable  - timer job acquisition thread sleeping for 50 millis
10:47:53,682 [Thread-103] DEBUG org.activiti.engine.impl.interceptor.LogInterceptor  - --- AcquireAsyncJobsDueCmd finished --------------------------------------------------------
10:47:53,682 [Thread-103] DEBUG org.activiti.engine.impl.interceptor.LogInterceptor  - 

10:47:53,682 [Thread-103] DEBUG org.activiti.engine.impl.asyncexecutor.AcquireAsyncJobsDueRunnable  - async job acquisition thread sleeping for 50 millis
10:47:53,682 [Thread-105] DEBUG org.apache.ibatis.datasource.pooled.PooledDataSource  - Checked out connection 54468349 from pool.
10:47:53,683 [Thread-105] DEBUG org.apache.ibatis.transaction.jdbc.JdbcTransaction  - Setting autocommit to false on JDBC Connection [conn64: url=jdbc:h2:mem:activiti-AsyncExecutorTest user=SA]
10:47:53,683 [Thread-105] DEBUG org.activiti.engine.impl.persistence.entity.JobEntity.selectNextTimerJobsToExecute  - ==&gt;  Preparing: select RES.* from ACT_RU_JOB RES LEFT OUTER JOIN ACT_RU_EXECUTION PI ON PI.ID_ = RES.PROCESS_INSTANCE_ID_ where (RES.RETRIES_ &gt; 0) and (RES.DUEDATE_ is null or RES.DUEDATE_ &lt;= ?) and (RES.LOCK_OWNER_ is null or RES.LOCK_EXP_TIME_ &lt;= ?) and TYPE_ = &apos;timer&apos; and ( (RES.EXECUTION_ID_ is null) or (PI.SUSPENSION_STATE_ = 1) ) LIMIT ? OFFSET ? 
10:47:53,682 [Thread-106] DEBUG org.activiti.engine.impl.persistence.entity.JobEntity.selectAsyncJobsDueToExecute  - ==&gt; Parameters: 2023-03-20 10:48:50.669(Timestamp), 2023-03-20 10:48:50.669(Timestamp), 1(Integer), 0(Integer)
10:47:53,683 [Thread-106] DEBUG org.activiti.engine.impl.persistence.entity.JobEntity.selectAsyncJobsDueToExecute  - &lt;==      Total: 0
10:47:53,683 [Thread-106] DEBUG org.activiti.engine.impl.db.DbSqlSession  - flush summary: 0 insert, 0 update, 0 delete.
10:47:53,683 [Thread-105] DEBUG org.activiti.engine.impl.persistence.entity.JobEntity.selectNextTimerJobsToExecute  - ==&gt; Parameters: 2023-03-20 10:48:50.669(Timestamp), 2023-03-20 10:48:50.669(Timestamp), 1(Integer), 0(Integer)
10:47:53,683 [Thread-105] DEBUG org.activiti.engine.impl.persistence.entity.JobEntity.selectNextTimerJobsToExecute  - &lt;==      Total: 0
10:47:53,683 [Thread-105] DEBUG org.activiti.engine.impl.db.DbSqlSession  - flush summary: 0 insert, 0 update, 0 delete.
10:47:53,683 [Thread-105] DEBUG org.activiti.engine.impl.db.DbSqlSession  - now executing flush...
10:47:53,683 [Thread-105] DEBUG org.activiti.engine.impl.cfg.standalone.StandaloneMybatisTransactionContext  - firing event committing...
10:47:53,683 [Thread-105] DEBUG org.activiti.engine.impl.cfg.standalone.StandaloneMybatisTransactionContext  - committing the ibatis sql session...
10:47:53,683 [Thread-105] DEBUG org.activiti.engine.impl.cfg.standalone.StandaloneMybatisTransactionContext  - firing event committed...
10:47:53,683 [Thread-105] DEBUG org.apache.ibatis.transaction.jdbc.JdbcTransaction  - Resetting autocommit to true on JDBC Connection [conn64: url=jdbc:h2:mem:activiti-AsyncExecutorTest user=SA]
10:47:53,683 [Thread-105] DEBUG org.apache.ibatis.transaction.jdbc.JdbcTransaction  - Closing JDBC Connection [conn64: url=jdbc:h2:mem:activiti-AsyncExecutorTest user=SA]
10:47:53,683 [Thread-105] DEBUG org.apache.ibatis.datasource.pooled.PooledDataSource  - Returned connection 54468349 to pool.
10:47:53,683 [Thread-105] DEBUG org.activiti.engine.impl.interceptor.LogInterceptor  - --- AcquireTimerJobsCmd finished --------------------------------------------------------
10:47:53,683 [Thread-105] DEBUG org.activiti.engine.impl.interceptor.LogInterceptor  - 

10:47:53,683 [Thread-106] DEBUG org.activiti.engine.impl.db.DbSqlSession  - now executing flush...
10:47:53,683 [Thread-106] DEBUG org.activiti.engine.impl.cfg.standalone.StandaloneMybatisTransactionContext  - firing event committing...
10:47:53,683 [Thread-106] DEBUG org.activiti.engine.impl.cfg.standalone.StandaloneMybatisTransactionContext  - committing the ibatis sql session...
10:47:53,683 [Thread-106] DEBUG org.activiti.engine.impl.cfg.standalone.StandaloneMybatisTransactionContext  - firing event committed...
10:47:53,683 [Thread-106] DEBUG org.apache.ibatis.transaction.jdbc.JdbcTransaction  - Resetting autocommit to true on JDBC Connection [conn63: url=jdbc:h2:mem:activiti-AsyncExecutorTest user=SA]
10:47:53,683 [Thread-106] DEBUG org.apache.ibatis.transaction.jdbc.JdbcTransaction  - Closing JDBC Connection [conn63: url=jdbc:h2:mem:activiti-AsyncExecutorTest user=SA]
10:47:53,683 [Thread-106] DEBUG org.apache.ibatis.datasource.pooled.PooledDataSource  - Returned connection 1970103261 to pool.
10:47:53,683 [Thread-106] DEBUG org.activiti.engine.impl.interceptor.LogInterceptor  - --- AcquireAsyncJobsDueCmd finished --------------------------------------------------------
10:47:53,683 [Thread-106] DEBUG org.activiti.engine.impl.interceptor.LogInterceptor  - 

10:47:53,683 [Thread-106] DEBUG org.activiti.engine.impl.asyncexecutor.AcquireAsyncJobsDueRunnable  - async job acquisition thread sleeping for 50 millis
10:47:53,683 [Thread-105] DEBUG org.activiti.engine.impl.asyncexecutor.AcquireTimerJobsRunnable  - timer job acquisition thread sleeping for 50 millis
10:47:53,696 [Thread-118] DEBUG org.activiti.engine.impl.asyncexecutor.AcquireAsyncJobsDueRunnable  - async job acquisition thread woke up
10:47:53,696 [Thread-118] DEBUG org.activiti.engine.impl.interceptor.LogInterceptor  - 

10:47:53,696 [Thread-118] DEBUG org.activiti.engine.impl.interceptor.LogInterceptor  - --- starting AcquireAsyncJobsDueCmd --------------------------------------------------------
10:47:53,696 [Thread-118] DEBUG org.apache.ibatis.transaction.jdbc.JdbcTransaction  - Opening JDBC Connection
10:47:53,696 [Thread-118] DEBUG org.apache.ibatis.datasource.pooled.PooledDataSource  - Checked out connection 486346394 from pool.
10:47:53,696 [Thread-118] DEBUG org.apache.ibatis.transaction.jdbc.JdbcTransaction  - Setting autocommit to false on JDBC Connection [conn6: url=jdbc:h2:mem:activiti user=SA]
10:47:53,696 [Thread-118] DEBUG org.activiti.engine.impl.persistence.entity.JobEntity.selectAsyncJobsDueToExecute  - ==&gt;  Preparing: select RES.* from ACT_RU_JOB RES LEFT OUTER JOIN ACT_RU_EXECUTION PI ON PI.ID_ = RES.PROCESS_INSTANCE_ID_ where RES.RETRIES_ &gt; 0 and RES.DUEDATE_ is not null and RES.DUEDATE_ &lt;= ? and (RES.LOCK_EXP_TIME_ is null or RES.LOCK_EXP_TIME_ &lt;= ?) and TYPE_ = &apos;message&apos; and ( (RES.EXECUTION_ID_ is null) or (PI.SUSPENSION_STATE_ = 1) ) LIMIT ? OFFSET ? 
10:47:53,696 [Thread-118] DEBUG org.activiti.engine.impl.persistence.entity.JobEntity.selectAsyncJobsDueToExecute  - ==&gt; Parameters: 2023-03-20 10:48:50.669(Timestamp), 2023-03-20 10:48:50.669(Timestamp), 1(Integer), 0(Integer)
10:47:53,696 [Thread-118] DEBUG org.activiti.engine.impl.persistence.entity.JobEntity.selectAsyncJobsDueToExecute  - &lt;==      Total: 0
10:47:53,696 [Thread-118] DEBUG org.activiti.engine.impl.db.DbSqlSession  - flush summary: 0 insert, 0 update, 0 delete.
10:47:53,696 [Thread-118] DEBUG org.activiti.engine.impl.db.DbSqlSession  - now executing flush...
10:47:53,696 [Thread-118] DEBUG org.activiti.engine.impl.cfg.standalone.StandaloneMybatisTransactionContext  - firing event committing...
10:47:53,696 [Thread-118] DEBUG org.activiti.engine.impl.cfg.standalone.StandaloneMybatisTransactionContext  - committing the ibatis sql session...
10:47:53,696 [Thread-118] DEBUG org.activiti.engine.impl.cfg.standalone.StandaloneMybatisTransactionContext  - firing event committed...
10:47:53,696 [Thread-118] DEBUG org.apache.ibatis.transaction.jdbc.JdbcTransaction  - Resetting autocommit to true on JDBC Connection [conn6: url=jdbc:h2:mem:activiti user=SA]
10:47:53,696 [Thread-118] DEBUG org.apache.ibatis.transaction.jdbc.JdbcTransaction  - Closing JDBC Connection [conn6: url=jdbc:h2:mem:activiti user=SA]
10:47:53,696 [Thread-118] DEBUG org.apache.ibatis.datasource.pooled.PooledDataSource  - Returned connection 486346394 to pool.
10:47:53,696 [Thread-118] DEBUG org.activiti.engine.impl.interceptor.LogInterceptor  - --- AcquireAsyncJobsDueCmd finished --------------------------------------------------------
10:47:53,697 [Thread-118] DEBUG org.activiti.engine.impl.interceptor.LogInterceptor  - 

10:47:53,697 [Thread-118] DEBUG org.activiti.engine.impl.asyncexecutor.AcquireAsyncJobsDueRunnable  - async job acquisition thread sleeping for 1000 millis
10:47:53,712 [Thread-117] DEBUG org.activiti.engine.impl.asyncexecutor.AcquireTimerJobsRunnable  - timer job acquisition thread woke up
10:47:53,712 [Thread-117] DEBUG org.activiti.engine.impl.interceptor.LogInterceptor  - 

10:47:53,712 [Thread-117] DEBUG org.activiti.engine.impl.interceptor.LogInterceptor  - --- starting AcquireTimerJobsCmd --------------------------------------------------------
10:47:53,712 [Thread-117] DEBUG org.apache.ibatis.transaction.jdbc.JdbcTransaction  - Opening JDBC Connection
10:47:53,712 [Thread-117] DEBUG org.apache.ibatis.datasource.pooled.PooledDataSource  - Checked out connection 363509958 from pool.
10:47:53,712 [Thread-117] DEBUG org.apache.ibatis.transaction.jdbc.JdbcTransaction  - Setting autocommit to false on JDBC Connection [conn2: url=jdbc:h2:mem:activiti user=SA]
10:47:53,712 [Thread-117] DEBUG org.activiti.engine.impl.persistence.entity.JobEntity.selectNextTimerJobsToExecute  - ==&gt;  Preparing: select RES.* from ACT_RU_JOB RES LEFT OUTER JOIN ACT_RU_EXECUTION PI ON PI.ID_ = RES.PROCESS_INSTANCE_ID_ where (RES.RETRIES_ &gt; 0) and (RES.DUEDATE_ is null or RES.DUEDATE_ &lt;= ?) and (RES.LOCK_OWNER_ is null or RES.LOCK_EXP_TIME_ &lt;= ?) and TYPE_ = &apos;timer&apos; and ( (RES.EXECUTION_ID_ is null) or (PI.SUSPENSION_STATE_ = 1) ) LIMIT ? OFFSET ? 
10:47:53,712 [Thread-117] DEBUG org.activiti.engine.impl.persistence.entity.JobEntity.selectNextTimerJobsToExecute  - ==&gt; Parameters: 2023-03-20 10:48:50.669(Timestamp), 2023-03-20 10:48:50.669(Timestamp), 1(Integer), 0(Integer)
10:47:53,712 [Thread-117] DEBUG org.activiti.engine.impl.persistence.entity.JobEntity.selectNextTimerJobsToExecute  - &lt;==      Total: 0
10:47:53,712 [Thread-117] DEBUG org.activiti.engine.impl.db.DbSqlSession  - flush summary: 0 insert, 0 update, 0 delete.
10:47:53,712 [Thread-117] DEBUG org.activiti.engine.impl.db.DbSqlSession  - now executing flush...
10:47:53,712 [Thread-117] DEBUG org.activiti.engine.impl.cfg.standalone.StandaloneMybatisTransactionContext  - firing event committing...
10:47:53,712 [Thread-117] DEBUG org.activiti.engine.impl.cfg.standalone.StandaloneMybatisTransactionContext  - committing the ibatis sql session...
10:47:53,712 [Thread-117] DEBUG org.activiti.engine.impl.cfg.standalone.StandaloneMybatisTransactionContext  - firing event committed...
10:47:53,712 [Thread-117] DEBUG org.apache.ibatis.transaction.jdbc.JdbcTransaction  - Resetting autocommit to true on JDBC Connection [conn2: url=jdbc:h2:mem:activiti user=SA]
10:47:53,712 [Thread-117] DEBUG org.apache.ibatis.transaction.jdbc.JdbcTransaction  - Closing JDBC Connection [conn2: url=jdbc:h2:mem:activiti user=SA]
10:47:53,712 [Thread-117] DEBUG org.apache.ibatis.datasource.pooled.PooledDataSource  - Returned connection 363509958 to pool.
10:47:53,712 [Thread-117] DEBUG org.activiti.engine.impl.interceptor.LogInterceptor  - --- AcquireTimerJobsCmd finished --------------------------------------------------------
10:47:53,712 [Thread-117] DEBUG org.activiti.engine.impl.interceptor.LogInterceptor  - 

10:47:53,712 [Thread-117] DEBUG org.activiti.engine.impl.asyncexecutor.AcquireTimerJobsRunnable  - timer job acquisition thread sleeping for 1000 millis
10:47:53,728 [Thread-112] DEBUG org.activiti.engine.impl.asyncexecutor.AcquireAsyncJobsDueRunnable  - async job acquisition thread woke up
10:47:53,728 [Thread-112] DEBUG org.activiti.engine.impl.interceptor.LogInterceptor  - 

10:47:53,728 [Thread-112] DEBUG org.activiti.engine.impl.interceptor.LogInterceptor  - --- starting AcquireAsyncJobsDueCmd --------------------------------------------------------
10:47:53,728 [Thread-112] DEBUG org.apache.ibatis.transaction.jdbc.JdbcTransaction  - Opening JDBC Connection
10:47:53,728 [Thread-112] DEBUG org.apache.ibatis.datasource.pooled.PooledDataSource  - Checked out connection 1863805930 from pool.
10:47:53,728 [Thread-112] DEBUG org.apache.ibatis.transaction.jdbc.JdbcTransaction  - Setting autocommit to false on JDBC Connection [conn69: url=jdbc:h2:mem:activiti-AsyncExecutorTest user=SA]
10:47:53,728 [Thread-112] DEBUG org.activiti.engine.impl.persistence.entity.JobEntity.selectAsyncJobsDueToExecute  - ==&gt;  Preparing: select RES.* from ACT_RU_JOB RES LEFT OUTER JOIN ACT_RU_EXECUTION PI ON PI.ID_ = RES.PROCESS_INSTANCE_ID_ where RES.RETRIES_ &gt; 0 and RES.DUEDATE_ is not null and RES.DUEDATE_ &lt;= ? and (RES.LOCK_EXP_TIME_ is null or RES.LOCK_EXP_TIME_ &lt;= ?) and TYPE_ = &apos;message&apos; and ( (RES.EXECUTION_ID_ is null) or (PI.SUSPENSION_STATE_ = 1) ) LIMIT ? OFFSET ? 
10:47:53,728 [Thread-112] DEBUG org.activiti.engine.impl.persistence.entity.JobEntity.selectAsyncJobsDueToExecute  - ==&gt; Parameters: 2023-03-20 10:48:50.669(Timestamp), 2023-03-20 10:48:50.669(Timestamp), 1(Integer), 0(Integer)
10:47:53,728 [Thread-112] DEBUG org.activiti.engine.impl.persistence.entity.JobEntity.selectAsyncJobsDueToExecute  - &lt;==      Total: 0
10:47:53,728 [Thread-112] DEBUG org.activiti.engine.impl.db.DbSqlSession  - flush summary: 0 insert, 0 update, 0 delete.
10:47:53,728 [Thread-112] DEBUG org.activiti.engine.impl.db.DbSqlSession  - now executing flush...
10:47:53,728 [Thread-112] DEBUG org.activiti.engine.impl.cfg.standalone.StandaloneMybatisTransactionContext  - firing event committing...
10:47:53,728 [Thread-112] DEBUG org.activiti.engine.impl.cfg.standalone.StandaloneMybatisTransactionContext  - committing the ibatis sql session...
10:47:53,728 [Thread-112] DEBUG org.activiti.engine.impl.cfg.standalone.StandaloneMybatisTransactionContext  - firing event committed...
10:47:53,728 [Thread-112] DEBUG org.apache.ibatis.transaction.jdbc.JdbcTransaction  - Resetting autocommit to true on JDBC Connection [conn69: url=jdbc:h2:mem:activiti-AsyncExecutorTest user=SA]
10:47:53,728 [Thread-112] DEBUG org.apache.ibatis.transaction.jdbc.JdbcTransaction  - Closing JDBC Connection [conn69: url=jdbc:h2:mem:activiti-AsyncExecutorTest user=SA]
10:47:53,728 [Thread-112] DEBUG org.apache.ibatis.datasource.pooled.PooledDataSource  - Returned connection 1863805930 to pool.
10:47:53,728 [Thread-112] DEBUG org.activiti.engine.impl.interceptor.LogInterceptor  - --- AcquireAsyncJobsDueCmd finished --------------------------------------------------------
10:47:53,728 [Thread-112] DEBUG org.activiti.engine.impl.interceptor.LogInterceptor  - 

10:47:53,729 [Thread-112] DEBUG org.activiti.engine.impl.asyncexecutor.AcquireAsyncJobsDueRunnable  - async job acquisition thread sleeping for 50 millis
10:47:53,744 [Thread-103] DEBUG org.activiti.engine.impl.asyncexecutor.AcquireAsyncJobsDueRunnable  - async job acquisition thread woke up
10:47:53,744 [Thread-103] DEBUG org.activiti.engine.impl.interceptor.LogInterceptor  - 

10:47:53,744 [Thread-103] DEBUG org.activiti.engine.impl.interceptor.LogInterceptor  - --- starting AcquireAsyncJobsDueCmd --------------------------------------------------------
10:47:53,744 [main] DEBUG org.activiti.engine.impl.interceptor.LogInterceptor  - 

10:47:53,744 [main] DEBUG org.activiti.engine.impl.interceptor.LogInterceptor  - --- starting JobQueryImpl --------------------------------------------------------
10:47:53,744 [Thread-102] DEBUG org.activiti.engine.impl.asyncexecutor.AcquireTimerJobsRunnable  - timer job acquisition thread woke up
10:47:53,744 [Thread-102] DEBUG org.activiti.engine.impl.interceptor.LogInterceptor  - 

10:47:53,744 [Thread-102] DEBUG org.activiti.engine.impl.interceptor.LogInterceptor  - --- starting AcquireTimerJobsCmd --------------------------------------------------------
10:47:53,744 [Thread-102] DEBUG org.apache.ibatis.transaction.jdbc.JdbcTransaction  - Opening JDBC Connection
10:47:53,744 [Thread-102] DEBUG org.apache.ibatis.datasource.pooled.PooledDataSource  - Checked out connection 720039383 from pool.
10:47:53,744 [Thread-106] DEBUG org.activiti.engine.impl.asyncexecutor.AcquireAsyncJobsDueRunnable  - async job acquisition thread woke up
10:47:53,744 [Thread-106] DEBUG org.activiti.engine.impl.interceptor.LogInterceptor  - 

10:47:53,744 [Thread-106] DEBUG org.activiti.engine.impl.interceptor.LogInterceptor  - --- starting AcquireAsyncJobsDueCmd --------------------------------------------------------
10:47:53,744 [Thread-106] DEBUG org.apache.ibatis.transaction.jdbc.JdbcTransaction  - Opening JDBC Connection
10:47:53,744 [Thread-106] DEBUG org.apache.ibatis.datasource.pooled.PooledDataSource  - Checked out connection 996762054 from pool.
10:47:53,744 [Thread-106] DEBUG org.apache.ibatis.transaction.jdbc.JdbcTransaction  - Setting autocommit to false on JDBC Connection [conn65: url=jdbc:h2:mem:activiti-AsyncExecutorTest user=SA]
10:47:53,744 [Thread-111] DEBUG org.activiti.engine.impl.asyncexecutor.AcquireTimerJobsRunnable  - timer job acquisition thread woke up
10:47:53,744 [Thread-111] DEBUG org.activiti.engine.impl.interceptor.LogInterceptor  - 

10:47:53,744 [Thread-111] DEBUG org.activiti.engine.impl.interceptor.LogInterceptor  - --- starting AcquireTimerJobsCmd --------------------------------------------------------
10:47:53,744 [Thread-111] DEBUG org.apache.ibatis.transaction.jdbc.JdbcTransaction  - Opening JDBC Connection
10:47:53,744 [Thread-111] DEBUG org.apache.ibatis.datasource.pooled.PooledDataSource  - Checked out connection 604408605 from pool.
10:47:53,744 [Thread-111] DEBUG org.apache.ibatis.transaction.jdbc.JdbcTransaction  - Setting autocommit to false on JDBC Connection [conn70: url=jdbc:h2:mem:activiti-AsyncExecutorTest user=SA]
10:47:53,744 [Thread-111] DEBUG org.activiti.engine.impl.persistence.entity.JobEntity.selectNextTimerJobsToExecute  - ==&gt;  Preparing: select RES.* from ACT_RU_JOB RES LEFT OUTER JOIN ACT_RU_EXECUTION PI ON PI.ID_ = RES.PROCESS_INSTANCE_ID_ where (RES.RETRIES_ &gt; 0) and (RES.DUEDATE_ is null or RES.DUEDATE_ &lt;= ?) and (RES.LOCK_OWNER_ is null or RES.LOCK_EXP_TIME_ &lt;= ?) and TYPE_ = &apos;timer&apos; and ( (RES.EXECUTION_ID_ is null) or (PI.SUSPENSION_STATE_ = 1) ) LIMIT ? OFFSET ? 
10:47:53,745 [Thread-111] DEBUG org.activiti.engine.impl.persistence.entity.JobEntity.selectNextTimerJobsToExecute  - ==&gt; Parameters: 2023-03-20 10:48:50.669(Timestamp), 2023-03-20 10:48:50.669(Timestamp), 1(Integer), 0(Integer)
10:47:53,745 [Thread-111] DEBUG org.activiti.engine.impl.persistence.entity.JobEntity.selectNextTimerJobsToExecute  - &lt;==      Total: 0
10:47:53,745 [Thread-111] DEBUG org.activiti.engine.impl.db.DbSqlSession  - flush summary: 0 insert, 0 update, 0 delete.
10:47:53,745 [Thread-111] DEBUG org.activiti.engine.impl.db.DbSqlSession  - now executing flush...
10:47:53,745 [Thread-111] DEBUG org.activiti.engine.impl.cfg.standalone.StandaloneMybatisTransactionContext  - firing event committing...
10:47:53,745 [Thread-111] DEBUG org.activiti.engine.impl.cfg.standalone.StandaloneMybatisTransactionContext  - committing the ibatis sql session...
10:47:53,744 [Thread-105] DEBUG org.activiti.engine.impl.asyncexecutor.AcquireTimerJobsRunnable  - timer job acquisition thread woke up
10:47:53,745 [Thread-105] DEBUG org.activiti.engine.impl.interceptor.LogInterceptor  - 

10:47:53,745 [Thread-105] DEBUG org.activiti.engine.impl.interceptor.LogInterceptor  - --- starting AcquireTimerJobsCmd --------------------------------------------------------
10:47:53,745 [Thread-105] DEBUG org.apache.ibatis.transaction.jdbc.JdbcTransaction  - Opening JDBC Connection
10:47:53,745 [Thread-105] DEBUG org.apache.ibatis.datasource.pooled.PooledDataSource  - Checked out connection 54468349 from pool.
10:47:53,745 [Thread-105] DEBUG org.apache.ibatis.transaction.jdbc.JdbcTransaction  - Setting autocommit to false on JDBC Connection [conn64: url=jdbc:h2:mem:activiti-AsyncExecutorTest user=SA]
10:47:53,745 [Thread-105] DEBUG org.activiti.engine.impl.persistence.entity.JobEntity.selectNextTimerJobsToExecute  - ==&gt;  Preparing: select RES.* from ACT_RU_JOB RES LEFT OUTER JOIN ACT_RU_EXECUTION PI ON PI.ID_ = RES.PROCESS_INSTANCE_ID_ where (RES.RETRIES_ &gt; 0) and (RES.DUEDATE_ is null or RES.DUEDATE_ &lt;= ?) and (RES.LOCK_OWNER_ is null or RES.LOCK_EXP_TIME_ &lt;= ?) and TYPE_ = &apos;timer&apos; and ( (RES.EXECUTION_ID_ is null) or (PI.SUSPENSION_STATE_ = 1) ) LIMIT ? OFFSET ? 
10:47:53,745 [Thread-111] DEBUG org.activiti.engine.impl.cfg.standalone.StandaloneMybatisTransactionContext  - firing event committed...
10:47:53,745 [Thread-111] DEBUG org.apache.ibatis.transaction.jdbc.JdbcTransaction  - Resetting autocommit to true on JDBC Connection [conn70: url=jdbc:h2:mem:activiti-AsyncExecutorTest user=SA]
10:47:53,745 [Thread-111] DEBUG org.apache.ibatis.transaction.jdbc.JdbcTransaction  - Closing JDBC Connection [conn70: url=jdbc:h2:mem:activiti-AsyncExecutorTest user=SA]
10:47:53,744 [Thread-106] DEBUG org.activiti.engine.impl.persistence.entity.JobEntity.selectAsyncJobsDueToExecute  - ==&gt;  Preparing: select RES.* from ACT_RU_JOB RES LEFT OUTER JOIN ACT_RU_EXECUTION PI ON PI.ID_ = RES.PROCESS_INSTANCE_ID_ where RES.RETRIES_ &gt; 0 and RES.DUEDATE_ is not null and RES.DUEDATE_ &lt;= ? and (RES.LOCK_EXP_TIME_ is null or RES.LOCK_EXP_TIME_ &lt;= ?) and TYPE_ = &apos;message&apos; and ( (RES.EXECUTION_ID_ is null) or (PI.SUSPENSION_STATE_ = 1) ) LIMIT ? OFFSET ? 
10:47:53,745 [Thread-106] DEBUG org.activiti.engine.impl.persistence.entity.JobEntity.selectAsyncJobsDueToExecute  - ==&gt; Parameters: 2023-03-20 10:48:50.669(Timestamp), 2023-03-20 10:48:50.669(Timestamp), 1(Integer), 0(Integer)
10:47:53,745 [Thread-106] DEBUG org.activiti.engine.impl.persistence.entity.JobEntity.selectAsyncJobsDueToExecute  - &lt;==      Total: 0
10:47:53,745 [Thread-106] DEBUG org.activiti.engine.impl.db.DbSqlSession  - flush summary: 0 insert, 0 update, 0 delete.
10:47:53,745 [Thread-106] DEBUG org.activiti.engine.impl.db.DbSqlSession  - now executing flush...
10:47:53,744 [Thread-102] DEBUG org.apache.ibatis.transaction.jdbc.JdbcTransaction  - Setting autocommit to false on JDBC Connection [conn59: url=jdbc:h2:mem:activiti-AsyncExecutorTest user=SA]
10:47:53,745 [Thread-102] DEBUG org.activiti.engine.impl.persistence.entity.JobEntity.selectNextTimerJobsToExecute  - ==&gt;  Preparing: select RES.* from ACT_RU_JOB RES LEFT OUTER JOIN ACT_RU_EXECUTION PI ON PI.ID_ = RES.PROCESS_INSTANCE_ID_ where (RES.RETRIES_ &gt; 0) and (RES.DUEDATE_ is null or RES.DUEDATE_ &lt;= ?) and (RES.LOCK_OWNER_ is null or RES.LOCK_EXP_TIME_ &lt;= ?) and TYPE_ = &apos;timer&apos; and ( (RES.EXECUTION_ID_ is null) or (PI.SUSPENSION_STATE_ = 1) ) LIMIT ? OFFSET ? 
10:47:53,745 [Thread-102] DEBUG org.activiti.engine.impl.persistence.entity.JobEntity.selectNextTimerJobsToExecute  - ==&gt; Parameters: 2023-03-20 10:48:50.669(Timestamp), 2023-03-20 10:48:50.669(Timestamp), 1(Integer), 0(Integer)
10:47:53,745 [Thread-102] DEBUG org.activiti.engine.impl.persistence.entity.JobEntity.selectNextTimerJobsToExecute  - &lt;==      Total: 0
10:47:53,745 [Thread-102] DEBUG org.activiti.engine.impl.db.DbSqlSession  - flush summary: 0 insert, 0 update, 0 delete.
10:47:53,745 [Thread-102] DEBUG org.activiti.engine.impl.db.DbSqlSession  - now executing flush...
10:47:53,745 [Thread-102] DEBUG org.activiti.engine.impl.cfg.standalone.StandaloneMybatisTransactionContext  - firing event committing...
10:47:53,745 [Thread-102] DEBUG org.activiti.engine.impl.cfg.standalone.StandaloneMybatisTransactionContext  - committing the ibatis sql session...
10:47:53,745 [Thread-102] DEBUG org.activiti.engine.impl.cfg.standalone.StandaloneMybatisTransactionContext  - firing event committed...
10:47:53,745 [Thread-102] DEBUG org.apache.ibatis.transaction.jdbc.JdbcTransaction  - Resetting autocommit to true on JDBC Connection [conn59: url=jdbc:h2:mem:activiti-AsyncExecutorTest user=SA]
10:47:53,745 [Thread-102] DEBUG org.apache.ibatis.transaction.jdbc.JdbcTransaction  - Closing JDBC Connection [conn59: url=jdbc:h2:mem:activiti-AsyncExecutorTest user=SA]
10:47:53,745 [Thread-102] DEBUG org.apache.ibatis.datasource.pooled.PooledDataSource  - Returned connection 720039383 to pool.
10:47:53,745 [Thread-102] DEBUG org.activiti.engine.impl.interceptor.LogInterceptor  - --- AcquireTimerJobsCmd finished --------------------------------------------------------
10:47:53,745 [Thread-102] DEBUG org.activiti.engine.impl.interceptor.LogInterceptor  - 

10:47:53,745 [Thread-102] DEBUG org.activiti.engine.impl.asyncexecutor.AcquireTimerJobsRunnable  - timer job acquisition thread sleeping for 50 millis
10:47:53,744 [main] DEBUG org.apache.ibatis.transaction.jdbc.JdbcTransaction  - Opening JDBC Connection
10:47:53,746 [main] DEBUG org.apache.ibatis.datasource.pooled.PooledDataSource  - Checked out connection 180014677 from pool.
10:47:53,746 [main] DEBUG org.apache.ibatis.transaction.jdbc.JdbcTransaction  - Setting autocommit to false on JDBC Connection [conn3: url=jdbc:h2:mem:activiti user=SA]
10:47:53,746 [main] DEBUG org.activiti.engine.impl.persistence.entity.JobEntity.selectJobByQueryCriteria  - ==&gt;  Preparing: select RES.* from ACT_RU_JOB RES order by order by RES.ID_ asc LIMIT ? OFFSET ? 
10:47:53,744 [Thread-103] DEBUG org.apache.ibatis.transaction.jdbc.JdbcTransaction  - Opening JDBC Connection
10:47:53,746 [Thread-103] DEBUG org.apache.ibatis.datasource.pooled.PooledDataSource  - Checked out connection 33534803 from pool.
10:47:53,746 [Thread-103] DEBUG org.apache.ibatis.transaction.jdbc.JdbcTransaction  - Setting autocommit to false on JDBC Connection [conn60: url=jdbc:h2:mem:activiti-AsyncExecutorTest user=SA]
10:47:53,746 [Thread-103] DEBUG org.activiti.engine.impl.persistence.entity.JobEntity.selectAsyncJobsDueToExecute  - ==&gt;  Preparing: select RES.* from ACT_RU_JOB RES LEFT OUTER JOIN ACT_RU_EXECUTION PI ON PI.ID_ = RES.PROCESS_INSTANCE_ID_ where RES.RETRIES_ &gt; 0 and RES.DUEDATE_ is not null and RES.DUEDATE_ &lt;= ? and (RES.LOCK_EXP_TIME_ is null or RES.LOCK_EXP_TIME_ &lt;= ?) and TYPE_ = &apos;message&apos; and ( (RES.EXECUTION_ID_ is null) or (PI.SUSPENSION_STATE_ = 1) ) LIMIT ? OFFSET ? 
10:47:53,745 [Thread-106] DEBUG org.activiti.engine.impl.cfg.standalone.StandaloneMybatisTransactionContext  - firing event committing...
10:47:53,746 [Thread-106] DEBUG org.activiti.engine.impl.cfg.standalone.StandaloneMybatisTransactionContext  - committing the ibatis sql session...
10:47:53,746 [Thread-106] DEBUG org.activiti.engine.impl.cfg.standalone.StandaloneMybatisTransactionContext  - firing event committed...
10:47:53,746 [Thread-106] DEBUG org.apache.ibatis.transaction.jdbc.JdbcTransaction  - Resetting autocommit to true on JDBC Connection [conn65: url=jdbc:h2:mem:activiti-AsyncExecutorTest user=SA]
10:47:53,746 [Thread-106] DEBUG org.apache.ibatis.transaction.jdbc.JdbcTransaction  - Closing JDBC Connection [conn65: url=jdbc:h2:mem:activiti-AsyncExecutorTest user=SA]
10:47:53,746 [Thread-106] DEBUG org.apache.ibatis.datasource.pooled.PooledDataSource  - Returned connection 996762054 to pool.
10:47:53,746 [Thread-106] DEBUG org.activiti.engine.impl.interceptor.LogInterceptor  - --- AcquireAsyncJobsDueCmd finished --------------------------------------------------------
10:47:53,746 [Thread-106] DEBUG org.activiti.engine.impl.interceptor.LogInterceptor  - 

10:47:53,746 [Thread-106] DEBUG org.activiti.engine.impl.asyncexecutor.AcquireAsyncJobsDueRunnable  - async job acquisition thread sleeping for 50 millis
10:47:53,745 [Thread-111] DEBUG org.apache.ibatis.datasource.pooled.PooledDataSource  - Returned connection 604408605 to pool.
10:47:53,746 [Thread-111] DEBUG org.activiti.engine.impl.interceptor.LogInterceptor  - --- AcquireTimerJobsCmd finished --------------------------------------------------------
10:47:53,746 [Thread-111] DEBUG org.activiti.engine.impl.interceptor.LogInterceptor  - 

10:47:53,746 [Thread-111] DEBUG org.activiti.engine.impl.asyncexecutor.AcquireTimerJobsRunnable  - timer job acquisition thread sleeping for 50 millis
10:47:53,745 [Thread-105] DEBUG org.activiti.engine.impl.persistence.entity.JobEntity.selectNextTimerJobsToExecute  - ==&gt; Parameters: 2023-03-20 10:48:50.669(Timestamp), 2023-03-20 10:48:50.669(Timestamp), 1(Integer), 0(Integer)
10:47:53,746 [Thread-105] DEBUG org.activiti.engine.impl.persistence.entity.JobEntity.selectNextTimerJobsToExecute  - &lt;==      Total: 0
10:47:53,746 [Thread-105] DEBUG org.activiti.engine.impl.db.DbSqlSession  - flush summary: 0 insert, 0 update, 0 delete.
10:47:53,746 [Thread-105] DEBUG org.activiti.engine.impl.db.DbSqlSession  - now executing flush...
10:47:53,746 [Thread-105] DEBUG org.activiti.engine.impl.cfg.standalone.StandaloneMybatisTransactionContext  - firing event committing...
10:47:53,746 [Thread-105] DEBUG org.activiti.engine.impl.cfg.standalone.StandaloneMybatisTransactionContext  - committing the ibatis sql session...
10:47:53,746 [Thread-105] DEBUG org.activiti.engine.impl.cfg.standalone.StandaloneMybatisTransactionContext  - firing event committed...
10:47:53,746 [Thread-105] DEBUG org.apache.ibatis.transaction.jdbc.JdbcTransaction  - Resetting autocommit to true on JDBC Connection [conn64: url=jdbc:h2:mem:activiti-AsyncExecutorTest user=SA]
10:47:53,746 [Thread-105] DEBUG org.apache.ibatis.transaction.jdbc.JdbcTransaction  - Closing JDBC Connection [conn64: url=jdbc:h2:mem:activiti-AsyncExecutorTest user=SA]
10:47:53,746 [Thread-105] DEBUG org.apache.ibatis.datasource.pooled.PooledDataSource  - Returned connection 54468349 to pool.
10:47:53,746 [Thread-105] DEBUG org.activiti.engine.impl.interceptor.LogInterceptor  - --- AcquireTimerJobsCmd finished --------------------------------------------------------
10:47:53,746 [Thread-105] DEBUG org.activiti.engine.impl.interceptor.LogInterceptor  - 

10:47:53,746 [Thread-105] DEBUG org.activiti.engine.impl.asyncexecutor.AcquireTimerJobsRunnable  - timer job acquisition thread sleeping for 50 millis
10:47:53,746 [Thread-103] DEBUG org.activiti.engine.impl.persistence.entity.JobEntity.selectAsyncJobsDueToExecute  - ==&gt; Parameters: 2023-03-20 10:48:50.669(Timestamp), 2023-03-20 10:48:50.669(Timestamp), 1(Integer), 0(Integer)
10:47:53,747 [Thread-103] DEBUG org.activiti.engine.impl.persistence.entity.JobEntity.selectAsyncJobsDueToExecute  - &lt;==      Total: 0
10:47:53,747 [Thread-103] DEBUG org.activiti.engine.impl.db.DbSqlSession  - flush summary: 0 insert, 0 update, 0 delete.
10:47:53,747 [Thread-103] DEBUG org.activiti.engine.impl.db.DbSqlSession  - now executing flush...
10:47:53,747 [Thread-103] DEBUG org.activiti.engine.impl.cfg.standalone.StandaloneMybatisTransactionContext  - firing event committing...
10:47:53,747 [Thread-103] DEBUG org.activiti.engine.impl.cfg.standalone.StandaloneMybatisTransactionContext  - committing the ibatis sql session...
10:47:53,747 [Thread-103] DEBUG org.activiti.engine.impl.cfg.standalone.StandaloneMybatisTransactionContext  - firing event committed...
10:47:53,747 [Thread-103] DEBUG org.apache.ibatis.transaction.jdbc.JdbcTransaction  - Resetting autocommit to true on JDBC Connection [conn60: url=jdbc:h2:mem:activiti-AsyncExecutorTest user=SA]
10:47:53,747 [Thread-103] DEBUG org.apache.ibatis.transaction.jdbc.JdbcTransaction  - Closing JDBC Connection [conn60: url=jdbc:h2:mem:activiti-AsyncExecutorTest user=SA]
10:47:53,747 [Thread-103] DEBUG org.apache.ibatis.datasource.pooled.PooledDataSource  - Returned connection 33534803 to pool.
10:47:53,747 [Thread-103] DEBUG org.activiti.engine.impl.interceptor.LogInterceptor  - --- AcquireAsyncJobsDueCmd finished --------------------------------------------------------
10:47:53,747 [Thread-103] DEBUG org.activiti.engine.impl.interceptor.LogInterceptor  - 

10:47:53,747 [Thread-103] DEBUG org.activiti.engine.impl.asyncexecutor.AcquireAsyncJobsDueRunnable  - async job acquisition thread sleeping for 50 millis
10:47:53,746 [main] DEBUG org.activiti.engine.impl.interceptor.CommandContext  - Error while closing command context
org.apache.ibatis.exceptions.PersistenceException: 
### Error querying database.  Cause: org.h2.jdbc.JdbcSQLException: Syntax error in SQL statement &quot;SELECT RES.* 
     
    FROM ACT_RU_JOB RES
     
      
   
     ORDER BY  ORDER[*] BY RES.ID_ ASC  
    LIMIT ? OFFSET ? &quot;; expected &quot;=, NOT, EXISTS, INTERSECTS, SELECT, FROM&quot;; SQL statement:
select RES.* 
     
    from ACT_RU_JOB RES
     
      
   
     order by  order by RES.ID_ asc  
    LIMIT ? OFFSET ? [42001-176]
### The error may exist in org/activiti/db/mapping/entity/Job.xml
### The error may involve org.activiti.engine.impl.persistence.entity.JobEntity.selectJobByQueryCriteria
### The error occurred while executing a query
### SQL: select RES.*            from ACT_RU_JOB RES                       order by  order by RES.ID_ asc       LIMIT ? OFFSET ?
### Cause: org.h2.jdbc.JdbcSQLException: Syntax error in SQL statement &quot;SELECT RES.* 
     
    FROM ACT_RU_JOB RES
     
      
   
     ORDER BY  ORDER[*] BY RES.ID_ ASC  
    LIMIT ? OFFSET ? &quot;; expected &quot;=, NOT, EXISTS, INTERSECTS, SELECT, FROM&quot;; SQL statement:
select RES.* 
     
    from ACT_RU_JOB RES
     
      
   
     order by  order by RES.ID_ asc  
    LIMIT ? OFFSET ? [42001-176]
	at org.apache.ibatis.exceptions.ExceptionFactory.wrapException(ExceptionFactory.java:30)
	at org.apache.ibatis.session.defaults.DefaultSqlSession.selectList(DefaultSqlSession.java:122)
	at org.apache.ibatis.session.defaults.DefaultSqlSession.selectList(DefaultSqlSession.java:113)
	at org.activiti.engine.impl.db.DbSqlSession.selectListWithRawParameter(DbSqlSession.java:438)
	at org.activiti.engine.impl.db.DbSqlSession.selectList(DbSqlSession.java:429)
	at org.activiti.engine.impl.db.DbSqlSession.selectList(DbSqlSession.java:419)
	at org.activiti.engine.impl.persistence.entity.JobEntityManager.findJobsByQueryCriteria(JobEntityManager.java:198)
	at org.activiti.engine.impl.JobQueryImpl.executeList(JobQueryImpl.java:243)
	at org.activiti.engine.impl.AbstractQuery.execute(AbstractQuery.java:164)
	at org.activiti.engine.impl.interceptor.CommandInvoker.execute(CommandInvoker.java:24)
	at org.activiti.engine.impl.interceptor.CommandContextInterceptor.execute(CommandContextInterceptor.java:57)
	at org.activiti.engine.impl.interceptor.LogInterceptor.execute(LogInterceptor.java:37)
	at org.activiti.engine.impl.cfg.CommandExecutorImpl.execute(CommandExecutorImpl.java:40)
	at org.activiti.engine.impl.cfg.CommandExecutorImpl.execute(CommandExecutorImpl.java:35)
	at org.activiti.engine.impl.AbstractQuery.list(AbstractQuery.java:138)
	at org.activiti.engine.impl.test.JobTestHelper.areJobsAvailable(JobTestHelper.java:194)
	at org.activiti.engine.impl.test.JobTestHelper.waitForJobExecutorToProcessAllJobs(JobTestHelper.java:74)
	at org.activiti.engine.impl.test.JobTestHelper.waitForJobExecutorToProcessAllJobs(JobTestHelper.java:47)
	at org.activiti.engine.impl.test.AbstractActivitiTestCase.waitForJobExecutorToProcessAllJobs(AbstractActivitiTestCase.java:204)
	at org.activiti.engine.test.jobexecutor.JobExecutorTest.testBasicJobExecutorOperation(JobExecutorTest.java:53)
	at sun.reflect.NativeMethodAccessorImpl.invoke0(Native Method)
	at sun.reflect.NativeMethodAccessorImpl.invoke(NativeMethodAccessorImpl.java:62)
	at sun.reflect.DelegatingMethodAccessorImpl.invoke(DelegatingMethodAccessorImpl.java:43)
	at java.lang.reflect.Method.invoke(Method.java:498)
	at junit.framework.TestCase.runTest(TestCase.java:176)
	at org.activiti.engine.impl.test.PvmTestCase.runTest(PvmTestCase.java:65)
	at junit.framework.TestCase.runBare(TestCase.java:141)
	at org.activiti.engine.impl.test.AbstractActivitiTestCase.runBare(AbstractActivitiTestCase.java:100)
	at junit.framework.TestResult$1.protect(TestResult.java:122)
	at junit.framework.TestResult.runProtected(TestResult.java:142)
	at junit.framework.TestResult.run(TestResult.java:125)
	at junit.framework.TestCase.run(TestCase.java:129)
	at junit.framework.TestSuite.runTest(TestSuite.java:255)
	at junit.framework.TestSuite.run(TestSuite.java:250)
	at org.junit.internal.runners.JUnit38ClassRunner.run(JUnit38ClassRunner.java:84)
	at org.apache.maven.surefire.junit4.JUnit4TestSet.execute(JUnit4TestSet.java:35)
	at org.apache.maven.surefire.junit4.JUnit4Provider.executeTestSet(JUnit4Provider.java:146)
	at org.apache.maven.surefire.junit4.JUnit4Provider.invoke(JUnit4Provider.java:97)
	at sun.reflect.NativeMethodAccessorImpl.invoke0(Native Method)
	at sun.reflect.NativeMethodAccessorImpl.invoke(NativeMethodAccessorImpl.java:62)
	at sun.reflect.DelegatingMethodAccessorImpl.invoke(DelegatingMethodAccessorImpl.java:43)
	at java.lang.reflect.Method.invoke(Method.java:498)
	at org.apache.maven.surefire.booter.ProviderFactory$ClassLoaderProxy.invoke(ProviderFactory.java:103)
	at com.sun.proxy.$Proxy0.invoke(Unknown Source)
	at org.apache.maven.surefire.booter.SurefireStarter.invokeProvider(SurefireStarter.java:145)
	at org.apache.maven.surefire.booter.SurefireStarter.runSuitesInProcess(SurefireStarter.java:87)
	at org.apache.maven.surefire.booter.ForkedBooter.main(ForkedBooter.java:69)
Caused by: org.h2.jdbc.JdbcSQLException: Syntax error in SQL statement &quot;SELECT RES.* 
     
    FROM ACT_RU_JOB RES
     
      
   
     ORDER BY  ORDER[*] BY RES.ID_ ASC  
    LIMIT ? OFFSET ? &quot;; expected &quot;=, NOT, EXISTS, INTERSECTS, SELECT, FROM&quot;; SQL statement:
select RES.* 
     
    from ACT_RU_JOB RES
     
      
   
     order by  order by RES.ID_ asc  
    LIMIT ? OFFSET ? [42001-176]
	at org.h2.message.DbException.getJdbcSQLException(DbException.java:344)
	at org.h2.message.DbException.getSyntaxError(DbException.java:204)
	at org.h2.command.Parser.getSyntaxError(Parser.java:524)
	at org.h2.command.Parser.readTerm(Parser.java:2688)
	at org.h2.command.Parser.readFactor(Parser.java:2244)
	at org.h2.command.Parser.readSum(Parser.java:2231)
	at org.h2.command.Parser.readConcat(Parser.java:2201)
	at org.h2.command.Parser.readCondition(Parser.java:2051)
	at org.h2.command.Parser.readAnd(Parser.java:2023)
	at org.h2.command.Parser.readExpression(Parser.java:2015)
	at org.h2.command.Parser.parseEndOfQuery(Parser.java:1726)
	at org.h2.command.Parser.parseSelectUnionExtension(Parser.java:1706)
	at org.h2.command.Parser.parseSelectUnion(Parser.java:1675)
	at org.h2.command.Parser.parseSelect(Parser.java:1662)
	at org.h2.command.Parser.parsePrepared(Parser.java:434)
	at org.h2.command.Parser.parse(Parser.java:306)
	at org.h2.command.Parser.parse(Parser.java:282)
	at org.h2.command.Parser.prepareCommand(Parser.java:243)
	at org.h2.engine.Session.prepareLocal(Session.java:442)
	at org.h2.engine.Session.prepareCommand(Session.java:384)
	at org.h2.jdbc.JdbcConnection.prepareCommand(JdbcConnection.java:1188)
	at org.h2.jdbc.JdbcPreparedStatement.&lt;init&gt;(JdbcPreparedStatement.java:73)
	at org.h2.jdbc.JdbcConnection.prepareStatement(JdbcConnection.java:276)
	at sun.reflect.GeneratedMethodAccessor6.invoke(Unknown Source)
	at sun.reflect.DelegatingMethodAccessorImpl.invoke(DelegatingMethodAccessorImpl.java:43)
	at java.lang.reflect.Method.invoke(Method.java:498)
	at org.apache.ibatis.datasource.pooled.PooledConnection.invoke(PooledConnection.java:245)
	at com.sun.proxy.$Proxy12.prepareStatement(Unknown Source)
	at sun.reflect.GeneratedMethodAccessor6.invoke(Unknown Source)
	at sun.reflect.DelegatingMethodAccessorImpl.invoke(DelegatingMethodAccessorImpl.java:43)
	at java.lang.reflect.Method.invoke(Method.java:498)
	at org.apache.ibatis.logging.jdbc.ConnectionLogger.invoke(ConnectionLogger.java:55)
	at com.sun.proxy.$Proxy12.prepareStatement(Unknown Source)
	at org.apache.ibatis.executor.statement.PreparedStatementHandler.instantiateStatement(PreparedStatementHandler.java:79)
	at org.apache.ibatis.executor.statement.BaseStatementHandler.prepare(BaseStatementHandler.java:88)
	at org.apache.ibatis.executor.statement.RoutingStatementHandler.prepare(RoutingStatementHandler.java:58)
	at org.apache.ibatis.executor.SimpleExecutor.prepareStatement(SimpleExecutor.java:76)
	at org.apache.ibatis.executor.SimpleExecutor.doQuery(SimpleExecutor.java:61)
	at org.apache.ibatis.executor.BaseExecutor.queryFromDatabase(BaseExecutor.java:303)
	at org.apache.ibatis.executor.BaseExecutor.query(BaseExecutor.java:154)
	at org.apache.ibatis.executor.CachingExecutor.query(CachingExecutor.java:102)
	at org.apache.ibatis.executor.CachingExecutor.query(CachingExecutor.java:82)
	at org.apache.ibatis.session.defaults.DefaultSqlSession.selectList(DefaultSqlSession.java:120)
	... 45 more
10:47:53,747 [main] DEBUG org.activiti.engine.impl.cfg.standalone.StandaloneMybatisTransactionContext  - firing event rolling back...
10:47:53,747 [main] DEBUG org.activiti.engine.impl.cfg.standalone.StandaloneMybatisTransactionContext  - rolling back ibatis sql session...
10:47:53,747 [main] DEBUG org.activiti.engine.impl.cfg.standalone.StandaloneMybatisTransactionContext  - firing event rolled back...
10:47:53,747 [main] DEBUG org.apache.ibatis.transaction.jdbc.JdbcTransaction  - Resetting autocommit to true on JDBC Connection [conn3: url=jdbc:h2:mem:activiti user=SA]
10:47:53,747 [main] DEBUG org.apache.ibatis.transaction.jdbc.JdbcTransaction  - Closing JDBC Connection [conn3: url=jdbc:h2:mem:activiti user=SA]
10:47:53,747 [main] DEBUG org.apache.ibatis.datasource.pooled.PooledDataSource  - Returned connection 180014677 to pool.
10:47:53,747 [main] DEBUG org.activiti.engine.impl.interceptor.LogInterceptor  - --- JobQueryImpl finished --------------------------------------------------------
10:47:53,747 [main] DEBUG org.activiti.engine.impl.interceptor.LogInterceptor  - 

10:47:53,791 [Thread-112] DEBUG org.activiti.engine.impl.asyncexecutor.AcquireAsyncJobsDueRunnable  - async job acquisition thread woke up
10:47:53,791 [Thread-112] DEBUG org.activiti.engine.impl.interceptor.LogInterceptor  - 

10:47:53,791 [Thread-112] DEBUG org.activiti.engine.impl.interceptor.LogInterceptor  - --- starting AcquireAsyncJobsDueCmd --------------------------------------------------------
10:47:53,791 [Thread-112] DEBUG org.apache.ibatis.transaction.jdbc.JdbcTransaction  - Opening JDBC Connection
10:47:53,791 [Thread-112] DEBUG org.apache.ibatis.datasource.pooled.PooledDataSource  - Checked out connection 58501658 from pool.
10:47:53,791 [Thread-112] DEBUG org.apache.ibatis.transaction.jdbc.JdbcTransaction  - Setting autocommit to false on JDBC Connection [conn68: url=jdbc:h2:mem:activiti-AsyncExecutorTest user=SA]
10:47:53,791 [Thread-112] DEBUG org.activiti.engine.impl.persistence.entity.JobEntity.selectAsyncJobsDueToExecute  - ==&gt;  Preparing: select RES.* from ACT_RU_JOB RES LEFT OUTER JOIN ACT_RU_EXECUTION PI ON PI.ID_ = RES.PROCESS_INSTANCE_ID_ where RES.RETRIES_ &gt; 0 and RES.DUEDATE_ is not null and RES.DUEDATE_ &lt;= ? and (RES.LOCK_EXP_TIME_ is null or RES.LOCK_EXP_TIME_ &lt;= ?) and TYPE_ = &apos;message&apos; and ( (RES.EXECUTION_ID_ is null) or (PI.SUSPENSION_STATE_ = 1) ) LIMIT ? OFFSET ? 
10:47:53,791 [Thread-112] DEBUG org.activiti.engine.impl.persistence.entity.JobEntity.selectAsyncJobsDueToExecute  - ==&gt; Parameters: 2023-03-20 10:48:50.669(Timestamp), 2023-03-20 10:48:50.669(Timestamp), 1(Integer), 0(Integer)
10:47:53,791 [Thread-112] DEBUG org.activiti.engine.impl.persistence.entity.JobEntity.selectAsyncJobsDueToExecute  - &lt;==      Total: 0
10:47:53,791 [Thread-112] DEBUG org.activiti.engine.impl.db.DbSqlSession  - flush summary: 0 insert, 0 update, 0 delete.
10:47:53,791 [Thread-112] DEBUG org.activiti.engine.impl.db.DbSqlSession  - now executing flush...
10:47:53,791 [Thread-112] DEBUG org.activiti.engine.impl.cfg.standalone.StandaloneMybatisTransactionContext  - firing event committing...
10:47:53,791 [Thread-112] DEBUG org.activiti.engine.impl.cfg.standalone.StandaloneMybatisTransactionContext  - committing the ibatis sql session...
10:47:53,791 [Thread-112] DEBUG org.activiti.engine.impl.cfg.standalone.StandaloneMybatisTransactionContext  - firing event committed...
10:47:53,791 [Thread-112] DEBUG org.apache.ibatis.transaction.jdbc.JdbcTransaction  - Resetting autocommit to true on JDBC Connection [conn68: url=jdbc:h2:mem:activiti-AsyncExecutorTest user=SA]
10:47:53,791 [Thread-112] DEBUG org.apache.ibatis.transaction.jdbc.JdbcTransaction  - Closing JDBC Connection [conn68: url=jdbc:h2:mem:activiti-AsyncExecutorTest user=SA]
10:47:53,791 [Thread-112] DEBUG org.apache.ibatis.datasource.pooled.PooledDataSource  - Returned connection 58501658 to pool.
10:47:53,791 [Thread-112] DEBUG org.activiti.engine.impl.interceptor.LogInterceptor  - --- AcquireAsyncJobsDueCmd finished --------------------------------------------------------
10:47:53,791 [Thread-112] DEBUG org.activiti.engine.impl.interceptor.LogInterceptor  - 

10:47:53,791 [Thread-112] DEBUG org.activiti.engine.impl.asyncexecutor.AcquireAsyncJobsDueRunnable  - async job acquisition thread sleeping for 50 millis
10:47:53,807 [Thread-102] DEBUG org.activiti.engine.impl.asyncexecutor.AcquireTimerJobsRunnable  - timer job acquisition thread woke up
10:47:53,807 [Thread-106] DEBUG org.activiti.engine.impl.asyncexecutor.AcquireAsyncJobsDueRunnable  - async job acquisition thread woke up
10:47:53,807 [Thread-106] DEBUG org.activiti.engine.impl.interceptor.LogInterceptor  - 

10:47:53,807 [Thread-105] DEBUG org.activiti.engine.impl.asyncexecutor.AcquireTimerJobsRunnable  - timer job acquisition thread woke up
10:47:53,807 [Thread-105] DEBUG org.activiti.engine.impl.interceptor.LogInterceptor  - 

10:47:53,807 [Thread-105] DEBUG org.activiti.engine.impl.interceptor.LogInterceptor  - --- starting AcquireTimerJobsCmd --------------------------------------------------------
10:47:53,807 [Thread-103] DEBUG org.activiti.engine.impl.asyncexecutor.AcquireAsyncJobsDueRunnable  - async job acquisition thread woke up
10:47:53,807 [Thread-103] DEBUG org.activiti.engine.impl.interceptor.LogInterceptor  - 

10:47:53,807 [Thread-103] DEBUG org.activiti.engine.impl.interceptor.LogInterceptor  - --- starting AcquireAsyncJobsDueCmd --------------------------------------------------------
10:47:53,807 [Thread-111] DEBUG org.activiti.engine.impl.asyncexecutor.AcquireTimerJobsRunnable  - timer job acquisition thread woke up
10:47:53,807 [Thread-111] DEBUG org.activiti.engine.impl.interceptor.LogInterceptor  - 

10:47:53,807 [Thread-111] DEBUG org.activiti.engine.impl.interceptor.LogInterceptor  - --- starting AcquireTimerJobsCmd --------------------------------------------------------
10:47:53,807 [Thread-103] DEBUG org.apache.ibatis.transaction.jdbc.JdbcTransaction  - Opening JDBC Connection
10:47:53,807 [Thread-103] DEBUG org.apache.ibatis.datasource.pooled.PooledDataSource  - Checked out connection 157985567 from pool.
10:47:53,807 [Thread-105] DEBUG org.apache.ibatis.transaction.jdbc.JdbcTransaction  - Opening JDBC Connection
10:47:53,807 [Thread-105] DEBUG org.apache.ibatis.datasource.pooled.PooledDataSource  - Checked out connection 1970103261 from pool.
10:47:53,807 [Thread-106] DEBUG org.activiti.engine.impl.interceptor.LogInterceptor  - --- starting AcquireAsyncJobsDueCmd --------------------------------------------------------
10:47:53,807 [Thread-106] DEBUG org.apache.ibatis.transaction.jdbc.JdbcTransaction  - Opening JDBC Connection
10:47:53,807 [Thread-102] DEBUG org.activiti.engine.impl.interceptor.LogInterceptor  - 

10:47:53,808 [Thread-102] DEBUG org.activiti.engine.impl.interceptor.LogInterceptor  - --- starting AcquireTimerJobsCmd --------------------------------------------------------
10:47:53,808 [Thread-102] DEBUG org.apache.ibatis.transaction.jdbc.JdbcTransaction  - Opening JDBC Connection
10:47:53,808 [Thread-102] DEBUG org.apache.ibatis.datasource.pooled.PooledDataSource  - Checked out connection 720039383 from pool.
10:47:53,808 [Thread-102] DEBUG org.apache.ibatis.transaction.jdbc.JdbcTransaction  - Setting autocommit to false on JDBC Connection [conn59: url=jdbc:h2:mem:activiti-AsyncExecutorTest user=SA]
10:47:53,808 [Thread-102] DEBUG org.activiti.engine.impl.persistence.entity.JobEntity.selectNextTimerJobsToExecute  - ==&gt;  Preparing: select RES.* from ACT_RU_JOB RES LEFT OUTER JOIN ACT_RU_EXECUTION PI ON PI.ID_ = RES.PROCESS_INSTANCE_ID_ where (RES.RETRIES_ &gt; 0) and (RES.DUEDATE_ is null or RES.DUEDATE_ &lt;= ?) and (RES.LOCK_OWNER_ is null or RES.LOCK_EXP_TIME_ &lt;= ?) and TYPE_ = &apos;timer&apos; and ( (RES.EXECUTION_ID_ is null) or (PI.SUSPENSION_STATE_ = 1) ) LIMIT ? OFFSET ? 
10:47:53,807 [Thread-106] DEBUG org.apache.ibatis.datasource.pooled.PooledDataSource  - Checked out connection 996762054 from pool.
10:47:53,808 [Thread-106] DEBUG org.apache.ibatis.transaction.jdbc.JdbcTransaction  - Setting autocommit to false on JDBC Connection [conn65: url=jdbc:h2:mem:activiti-AsyncExecutorTest user=SA]
10:47:53,807 [Thread-105] DEBUG org.apache.ibatis.transaction.jdbc.JdbcTransaction  - Setting autocommit to false on JDBC Connection [conn63: url=jdbc:h2:mem:activiti-AsyncExecutorTest user=SA]
10:47:53,808 [Thread-105] DEBUG org.activiti.engine.impl.persistence.entity.JobEntity.selectNextTimerJobsToExecute  - ==&gt;  Preparing: select RES.* from ACT_RU_JOB RES LEFT OUTER JOIN ACT_RU_EXECUTION PI ON PI.ID_ = RES.PROCESS_INSTANCE_ID_ where (RES.RETRIES_ &gt; 0) and (RES.DUEDATE_ is null or RES.DUEDATE_ &lt;= ?) and (RES.LOCK_OWNER_ is null or RES.LOCK_EXP_TIME_ &lt;= ?) and TYPE_ = &apos;timer&apos; and ( (RES.EXECUTION_ID_ is null) or (PI.SUSPENSION_STATE_ = 1) ) LIMIT ? OFFSET ? 
10:47:53,808 [Thread-105] DEBUG org.activiti.engine.impl.persistence.entity.JobEntity.selectNextTimerJobsToExecute  - ==&gt; Parameters: 2023-03-20 10:48:50.669(Timestamp), 2023-03-20 10:48:50.669(Timestamp), 1(Integer), 0(Integer)
10:47:53,808 [Thread-105] DEBUG org.activiti.engine.impl.persistence.entity.JobEntity.selectNextTimerJobsToExecute  - &lt;==      Total: 0
10:47:53,807 [Thread-103] DEBUG org.apache.ibatis.transaction.jdbc.JdbcTransaction  - Setting autocommit to false on JDBC Connection [conn61: url=jdbc:h2:mem:activiti-AsyncExecutorTest user=SA]
10:47:53,808 [Thread-103] DEBUG org.activiti.engine.impl.persistence.entity.JobEntity.selectAsyncJobsDueToExecute  - ==&gt;  Preparing: select RES.* from ACT_RU_JOB RES LEFT OUTER JOIN ACT_RU_EXECUTION PI ON PI.ID_ = RES.PROCESS_INSTANCE_ID_ where RES.RETRIES_ &gt; 0 and RES.DUEDATE_ is not null and RES.DUEDATE_ &lt;= ? and (RES.LOCK_EXP_TIME_ is null or RES.LOCK_EXP_TIME_ &lt;= ?) and TYPE_ = &apos;message&apos; and ( (RES.EXECUTION_ID_ is null) or (PI.SUSPENSION_STATE_ = 1) ) LIMIT ? OFFSET ? 
10:47:53,808 [Thread-103] DEBUG org.activiti.engine.impl.persistence.entity.JobEntity.selectAsyncJobsDueToExecute  - ==&gt; Parameters: 2023-03-20 10:48:50.669(Timestamp), 2023-03-20 10:48:50.669(Timestamp), 1(Integer), 0(Integer)
10:47:53,807 [Thread-111] DEBUG org.apache.ibatis.transaction.jdbc.JdbcTransaction  - Opening JDBC Connection
10:47:53,808 [Thread-111] DEBUG org.apache.ibatis.datasource.pooled.PooledDataSource  - Checked out connection 1863805930 from pool.
10:47:53,808 [Thread-111] DEBUG org.apache.ibatis.transaction.jdbc.JdbcTransaction  - Setting autocommit to false on JDBC Connection [conn69: url=jdbc:h2:mem:activiti-AsyncExecutorTest user=SA]
10:47:53,808 [Thread-111] DEBUG org.activiti.engine.impl.persistence.entity.JobEntity.selectNextTimerJobsToExecute  - ==&gt;  Preparing: select RES.* from ACT_RU_JOB RES LEFT OUTER JOIN ACT_RU_EXECUTION PI ON PI.ID_ = RES.PROCESS_INSTANCE_ID_ where (RES.RETRIES_ &gt; 0) and (RES.DUEDATE_ is null or RES.DUEDATE_ &lt;= ?) and (RES.LOCK_OWNER_ is null or RES.LOCK_EXP_TIME_ &lt;= ?) and TYPE_ = &apos;timer&apos; and ( (RES.EXECUTION_ID_ is null) or (PI.SUSPENSION_STATE_ = 1) ) LIMIT ? OFFSET ? 
10:47:53,808 [Thread-103] DEBUG org.activiti.engine.impl.persistence.entity.JobEntity.selectAsyncJobsDueToExecute  - &lt;==      Total: 0
10:47:53,808 [Thread-103] DEBUG org.activiti.engine.impl.db.DbSqlSession  - flush summary: 0 insert, 0 update, 0 delete.
10:47:53,808 [Thread-103] DEBUG org.activiti.engine.impl.db.DbSqlSession  - now executing flush...
10:47:53,808 [Thread-103] DEBUG org.activiti.engine.impl.cfg.standalone.StandaloneMybatisTransactionContext  - firing event committing...
10:47:53,808 [Thread-103] DEBUG org.activiti.engine.impl.cfg.standalone.StandaloneMybatisTransactionContext  - committing the ibatis sql session...
10:47:53,808 [Thread-103] DEBUG org.activiti.engine.impl.cfg.standalone.StandaloneMybatisTransactionContext  - firing event committed...
10:47:53,808 [Thread-103] DEBUG org.apache.ibatis.transaction.jdbc.JdbcTransaction  - Resetting autocommit to true on JDBC Connection [conn61: url=jdbc:h2:mem:activiti-AsyncExecutorTest user=SA]
10:47:53,808 [Thread-105] DEBUG org.activiti.engine.impl.db.DbSqlSession  - flush summary: 0 insert, 0 update, 0 delete.
10:47:53,808 [Thread-105] DEBUG org.activiti.engine.impl.db.DbSqlSession  - now executing flush...
10:47:53,808 [Thread-105] DEBUG org.activiti.engine.impl.cfg.standalone.StandaloneMybatisTransactionContext  - firing event committing...
10:47:53,808 [Thread-105] DEBUG org.activiti.engine.impl.cfg.standalone.StandaloneMybatisTransactionContext  - committing the ibatis sql session...
10:47:53,808 [Thread-105] DEBUG org.activiti.engine.impl.cfg.standalone.StandaloneMybatisTransactionContext  - firing event committed...
10:47:53,808 [Thread-105] DEBUG org.apache.ibatis.transaction.jdbc.JdbcTransaction  - Resetting autocommit to true on JDBC Connection [conn63: url=jdbc:h2:mem:activiti-AsyncExecutorTest user=SA]
10:47:53,808 [Thread-105] DEBUG org.apache.ibatis.transaction.jdbc.JdbcTransaction  - Closing JDBC Connection [conn63: url=jdbc:h2:mem:activiti-AsyncExecutorTest user=SA]
10:47:53,808 [Thread-105] DEBUG org.apache.ibatis.datasource.pooled.PooledDataSource  - Returned connection 1970103261 to pool.
10:47:53,809 [Thread-105] DEBUG org.activiti.engine.impl.interceptor.LogInterceptor  - --- AcquireTimerJobsCmd finished --------------------------------------------------------
10:47:53,809 [Thread-105] DEBUG org.activiti.engine.impl.interceptor.LogInterceptor  - 

10:47:53,808 [Thread-106] DEBUG org.activiti.engine.impl.persistence.entity.JobEntity.selectAsyncJobsDueToExecute  - ==&gt;  Preparing: select RES.* from ACT_RU_JOB RES LEFT OUTER JOIN ACT_RU_EXECUTION PI ON PI.ID_ = RES.PROCESS_INSTANCE_ID_ where RES.RETRIES_ &gt; 0 and RES.DUEDATE_ is not null and RES.DUEDATE_ &lt;= ? and (RES.LOCK_EXP_TIME_ is null or RES.LOCK_EXP_TIME_ &lt;= ?) and TYPE_ = &apos;message&apos; and ( (RES.EXECUTION_ID_ is null) or (PI.SUSPENSION_STATE_ = 1) ) LIMIT ? OFFSET ? 
10:47:53,809 [Thread-106] DEBUG org.activiti.engine.impl.persistence.entity.JobEntity.selectAsyncJobsDueToExecute  - ==&gt; Parameters: 2023-03-20 10:48:50.669(Timestamp), 2023-03-20 10:48:50.669(Timestamp), 1(Integer), 0(Integer)
10:47:53,809 [Thread-106] DEBUG org.activiti.engine.impl.persistence.entity.JobEntity.selectAsyncJobsDueToExecute  - &lt;==      Total: 0
10:47:53,809 [Thread-106] DEBUG org.activiti.engine.impl.db.DbSqlSession  - flush summary: 0 insert, 0 update, 0 delete.
10:47:53,809 [Thread-106] DEBUG org.activiti.engine.impl.db.DbSqlSession  - now executing flush...
10:47:53,809 [Thread-106] DEBUG org.activiti.engine.impl.cfg.standalone.StandaloneMybatisTransactionContext  - firing event committing...
10:47:53,809 [Thread-106] DEBUG org.activiti.engine.impl.cfg.standalone.StandaloneMybatisTransactionContext  - committing the ibatis sql session...
10:47:53,809 [Thread-106] DEBUG org.activiti.engine.impl.cfg.standalone.StandaloneMybatisTransactionContext  - firing event committed...
10:47:53,809 [Thread-106] DEBUG org.apache.ibatis.transaction.jdbc.JdbcTransaction  - Resetting autocommit to true on JDBC Connection [conn65: url=jdbc:h2:mem:activiti-AsyncExecutorTest user=SA]
10:47:53,809 [Thread-106] DEBUG org.apache.ibatis.transaction.jdbc.JdbcTransaction  - Closing JDBC Connection [conn65: url=jdbc:h2:mem:activiti-AsyncExecutorTest user=SA]
10:47:53,809 [Thread-106] DEBUG org.apache.ibatis.datasource.pooled.PooledDataSource  - Returned connection 996762054 to pool.
10:47:53,809 [Thread-106] DEBUG org.activiti.engine.impl.interceptor.LogInterceptor  - --- AcquireAsyncJobsDueCmd finished --------------------------------------------------------
10:47:53,809 [Thread-106] DEBUG org.activiti.engine.impl.interceptor.LogInterceptor  - 

10:47:53,809 [Thread-106] DEBUG org.activiti.engine.impl.asyncexecutor.AcquireAsyncJobsDueRunnable  - async job acquisition thread sleeping for 50 millis
10:47:53,808 [Thread-102] DEBUG org.activiti.engine.impl.persistence.entity.JobEntity.selectNextTimerJobsToExecute  - ==&gt; Parameters: 2023-03-20 10:48:50.669(Timestamp), 2023-03-20 10:48:50.669(Timestamp), 1(Integer), 0(Integer)
10:47:53,809 [Thread-102] DEBUG org.activiti.engine.impl.persistence.entity.JobEntity.selectNextTimerJobsToExecute  - &lt;==      Total: 0
10:47:53,809 [Thread-102] DEBUG org.activiti.engine.impl.db.DbSqlSession  - flush summary: 0 insert, 0 update, 0 delete.
10:47:53,809 [Thread-102] DEBUG org.activiti.engine.impl.db.DbSqlSession  - now executing flush...
10:47:53,809 [Thread-102] DEBUG org.activiti.engine.impl.cfg.standalone.StandaloneMybatisTransactionContext  - firing event committing...
10:47:53,809 [Thread-102] DEBUG org.activiti.engine.impl.cfg.standalone.StandaloneMybatisTransactionContext  - committing the ibatis sql session...
10:47:53,809 [Thread-102] DEBUG org.activiti.engine.impl.cfg.standalone.StandaloneMybatisTransactionContext  - firing event committed...
10:47:53,809 [Thread-102] DEBUG org.apache.ibatis.transaction.jdbc.JdbcTransaction  - Resetting autocommit to true on JDBC Connection [conn59: url=jdbc:h2:mem:activiti-AsyncExecutorTest user=SA]
10:47:53,809 [Thread-102] DEBUG org.apache.ibatis.transaction.jdbc.JdbcTransaction  - Closing JDBC Connection [conn59: url=jdbc:h2:mem:activiti-AsyncExecutorTest user=SA]
10:47:53,809 [Thread-102] DEBUG org.apache.ibatis.datasource.pooled.PooledDataSource  - Returned connection 720039383 to pool.
10:47:53,809 [Thread-105] DEBUG org.activiti.engine.impl.asyncexecutor.AcquireTimerJobsRunnable  - timer job acquisition thread sleeping for 50 millis
10:47:53,808 [Thread-103] DEBUG org.apache.ibatis.transaction.jdbc.JdbcTransaction  - Closing JDBC Connection [conn61: url=jdbc:h2:mem:activiti-AsyncExecutorTest user=SA]
10:47:53,809 [Thread-103] DEBUG org.apache.ibatis.datasource.pooled.PooledDataSource  - Returned connection 157985567 to pool.
10:47:53,809 [Thread-103] DEBUG org.activiti.engine.impl.interceptor.LogInterceptor  - --- AcquireAsyncJobsDueCmd finished --------------------------------------------------------
10:47:53,809 [Thread-103] DEBUG org.activiti.engine.impl.interceptor.LogInterceptor  - 

10:47:53,809 [Thread-103] DEBUG org.activiti.engine.impl.asyncexecutor.AcquireAsyncJobsDueRunnable  - async job acquisition thread sleeping for 50 millis
10:47:53,808 [Thread-111] DEBUG org.activiti.engine.impl.persistence.entity.JobEntity.selectNextTimerJobsToExecute  - ==&gt; Parameters: 2023-03-20 10:48:50.669(Timestamp), 2023-03-20 10:48:50.669(Timestamp), 1(Integer), 0(Integer)
10:47:53,809 [Thread-111] DEBUG org.activiti.engine.impl.persistence.entity.JobEntity.selectNextTimerJobsToExecute  - &lt;==      Total: 0
10:47:53,809 [Thread-111] DEBUG org.activiti.engine.impl.db.DbSqlSession  - flush summary: 0 insert, 0 update, 0 delete.
10:47:53,809 [Thread-111] DEBUG org.activiti.engine.impl.db.DbSqlSession  - now executing flush...
10:47:53,810 [Thread-111] DEBUG org.activiti.engine.impl.cfg.standalone.StandaloneMybatisTransactionContext  - firing event committing...
10:47:53,810 [Thread-111] DEBUG org.activiti.engine.impl.cfg.standalone.StandaloneMybatisTransactionContext  - committing the ibatis sql session...
10:47:53,810 [Thread-111] DEBUG org.activiti.engine.impl.cfg.standalone.StandaloneMybatisTransactionContext  - firing event committed...
10:47:53,810 [Thread-111] DEBUG org.apache.ibatis.transaction.jdbc.JdbcTransaction  - Resetting autocommit to true on JDBC Connection [conn69: url=jdbc:h2:mem:activiti-AsyncExecutorTest user=SA]
10:47:53,810 [Thread-111] DEBUG org.apache.ibatis.transaction.jdbc.JdbcTransaction  - Closing JDBC Connection [conn69: url=jdbc:h2:mem:activiti-AsyncExecutorTest user=SA]
10:47:53,810 [Thread-111] DEBUG org.apache.ibatis.datasource.pooled.PooledDataSource  - Returned connection 1863805930 to pool.
10:47:53,810 [Thread-111] DEBUG org.activiti.engine.impl.interceptor.LogInterceptor  - --- AcquireTimerJobsCmd finished --------------------------------------------------------
10:47:53,810 [Thread-111] DEBUG org.activiti.engine.impl.interceptor.LogInterceptor  - 

10:47:53,810 [Thread-111] DEBUG org.activiti.engine.impl.asyncexecutor.AcquireTimerJobsRunnable  - timer job acquisition thread sleeping for 50 millis
10:47:53,809 [Thread-102] DEBUG org.activiti.engine.impl.interceptor.LogInterceptor  - --- AcquireTimerJobsCmd finished --------------------------------------------------------
10:47:53,810 [Thread-102] DEBUG org.activiti.engine.impl.interceptor.LogInterceptor  - 

10:47:53,810 [Thread-102] DEBUG org.activiti.engine.impl.asyncexecutor.AcquireTimerJobsRunnable  - timer job acquisition thread sleeping for 50 millis
10:47:53,854 [Thread-112] DEBUG org.activiti.engine.impl.asyncexecutor.AcquireAsyncJobsDueRunnable  - async job acquisition thread woke up
10:47:53,854 [Thread-112] DEBUG org.activiti.engine.impl.interceptor.LogInterceptor  - 

10:47:53,854 [Thread-112] DEBUG org.activiti.engine.impl.interceptor.LogInterceptor  - --- starting AcquireAsyncJobsDueCmd --------------------------------------------------------
10:47:53,854 [Thread-112] DEBUG org.apache.ibatis.transaction.jdbc.JdbcTransaction  - Opening JDBC Connection
10:47:53,854 [Thread-112] DEBUG org.apache.ibatis.datasource.pooled.PooledDataSource  - Checked out connection 604408605 from pool.
10:47:53,854 [Thread-112] DEBUG org.apache.ibatis.transaction.jdbc.JdbcTransaction  - Setting autocommit to false on JDBC Connection [conn70: url=jdbc:h2:mem:activiti-AsyncExecutorTest user=SA]
10:47:53,854 [Thread-112] DEBUG org.activiti.engine.impl.persistence.entity.JobEntity.selectAsyncJobsDueToExecute  - ==&gt;  Preparing: select RES.* from ACT_RU_JOB RES LEFT OUTER JOIN ACT_RU_EXECUTION PI ON PI.ID_ = RES.PROCESS_INSTANCE_ID_ where RES.RETRIES_ &gt; 0 and RES.DUEDATE_ is not null and RES.DUEDATE_ &lt;= ? and (RES.LOCK_EXP_TIME_ is null or RES.LOCK_EXP_TIME_ &lt;= ?) and TYPE_ = &apos;message&apos; and ( (RES.EXECUTION_ID_ is null) or (PI.SUSPENSION_STATE_ = 1) ) LIMIT ? OFFSET ? 
10:47:53,854 [Thread-112] DEBUG org.activiti.engine.impl.persistence.entity.JobEntity.selectAsyncJobsDueToExecute  - ==&gt; Parameters: 2023-03-20 10:48:50.669(Timestamp), 2023-03-20 10:48:50.669(Timestamp), 1(Integer), 0(Integer)
10:47:53,854 [Thread-112] DEBUG org.activiti.engine.impl.persistence.entity.JobEntity.selectAsyncJobsDueToExecute  - &lt;==      Total: 0
10:47:53,854 [Thread-112] DEBUG org.activiti.engine.impl.db.DbSqlSession  - flush summary: 0 insert, 0 update, 0 delete.
10:47:53,854 [Thread-112] DEBUG org.activiti.engine.impl.db.DbSqlSession  - now executing flush...
10:47:53,854 [Thread-112] DEBUG org.activiti.engine.impl.cfg.standalone.StandaloneMybatisTransactionContext  - firing event committing...
10:47:53,854 [Thread-112] DEBUG org.activiti.engine.impl.cfg.standalone.StandaloneMybatisTransactionContext  - committing the ibatis sql session...
10:47:53,854 [Thread-112] DEBUG org.activiti.engine.impl.cfg.standalone.StandaloneMybatisTransactionContext  - firing event committed...
10:47:53,854 [Thread-112] DEBUG org.apache.ibatis.transaction.jdbc.JdbcTransaction  - Resetting autocommit to true on JDBC Connection [conn70: url=jdbc:h2:mem:activiti-AsyncExecutorTest user=SA]
10:47:53,854 [Thread-112] DEBUG org.apache.ibatis.transaction.jdbc.JdbcTransaction  - Closing JDBC Connection [conn70: url=jdbc:h2:mem:activiti-AsyncExecutorTest user=SA]
10:47:53,854 [Thread-112] DEBUG org.apache.ibatis.datasource.pooled.PooledDataSource  - Returned connection 604408605 to pool.
10:47:53,854 [Thread-112] DEBUG org.activiti.engine.impl.interceptor.LogInterceptor  - --- AcquireAsyncJobsDueCmd finished --------------------------------------------------------
10:47:53,854 [Thread-112] DEBUG org.activiti.engine.impl.interceptor.LogInterceptor  - 

10:47:53,854 [Thread-112] DEBUG org.activiti.engine.impl.asyncexecutor.AcquireAsyncJobsDueRunnable  - async job acquisition thread sleeping for 50 millis
10:47:53,870 [Thread-106] DEBUG org.activiti.engine.impl.asyncexecutor.AcquireAsyncJobsDueRunnable  - async job acquisition thread woke up
10:47:53,870 [Thread-106] DEBUG org.activiti.engine.impl.interceptor.LogInterceptor  - 

10:47:53,870 [Thread-106] DEBUG org.activiti.engine.impl.interceptor.LogInterceptor  - --- starting AcquireAsyncJobsDueCmd --------------------------------------------------------
10:47:53,870 [Thread-103] DEBUG org.activiti.engine.impl.asyncexecutor.AcquireAsyncJobsDueRunnable  - async job acquisition thread woke up
10:47:53,870 [Thread-103] DEBUG org.activiti.engine.impl.interceptor.LogInterceptor  - 

10:47:53,870 [Thread-103] DEBUG org.activiti.engine.impl.interceptor.LogInterceptor  - --- starting AcquireAsyncJobsDueCmd --------------------------------------------------------
10:47:53,870 [Thread-103] DEBUG org.apache.ibatis.transaction.jdbc.JdbcTransaction  - Opening JDBC Connection
10:47:53,870 [Thread-103] DEBUG org.apache.ibatis.datasource.pooled.PooledDataSource  - Checked out connection 33534803 from pool.
10:47:53,870 [Thread-103] DEBUG org.apache.ibatis.transaction.jdbc.JdbcTransaction  - Setting autocommit to false on JDBC Connection [conn60: url=jdbc:h2:mem:activiti-AsyncExecutorTest user=SA]
10:47:53,870 [Thread-105] DEBUG org.activiti.engine.impl.asyncexecutor.AcquireTimerJobsRunnable  - timer job acquisition thread woke up
10:47:53,870 [Thread-105] DEBUG org.activiti.engine.impl.interceptor.LogInterceptor  - 

10:47:53,870 [Thread-105] DEBUG org.activiti.engine.impl.interceptor.LogInterceptor  - --- starting AcquireTimerJobsCmd --------------------------------------------------------
10:47:53,870 [Thread-111] DEBUG org.activiti.engine.impl.asyncexecutor.AcquireTimerJobsRunnable  - timer job acquisition thread woke up
10:47:53,870 [Thread-111] DEBUG org.activiti.engine.impl.interceptor.LogInterceptor  - 

10:47:53,870 [Thread-111] DEBUG org.activiti.engine.impl.interceptor.LogInterceptor  - --- starting AcquireTimerJobsCmd --------------------------------------------------------
10:47:53,870 [Thread-102] DEBUG org.activiti.engine.impl.asyncexecutor.AcquireTimerJobsRunnable  - timer job acquisition thread woke up
10:47:53,870 [Thread-102] DEBUG org.activiti.engine.impl.interceptor.LogInterceptor  - 

10:47:53,870 [Thread-102] DEBUG org.activiti.engine.impl.interceptor.LogInterceptor  - --- starting AcquireTimerJobsCmd --------------------------------------------------------
10:47:53,870 [Thread-111] DEBUG org.apache.ibatis.transaction.jdbc.JdbcTransaction  - Opening JDBC Connection
10:47:53,871 [Thread-111] DEBUG org.apache.ibatis.datasource.pooled.PooledDataSource  - Checked out connection 58501658 from pool.
10:47:53,871 [Thread-111] DEBUG org.apache.ibatis.transaction.jdbc.JdbcTransaction  - Setting autocommit to false on JDBC Connection [conn68: url=jdbc:h2:mem:activiti-AsyncExecutorTest user=SA]
10:47:53,871 [Thread-111] DEBUG org.activiti.engine.impl.persistence.entity.JobEntity.selectNextTimerJobsToExecute  - ==&gt;  Preparing: select RES.* from ACT_RU_JOB RES LEFT OUTER JOIN ACT_RU_EXECUTION PI ON PI.ID_ = RES.PROCESS_INSTANCE_ID_ where (RES.RETRIES_ &gt; 0) and (RES.DUEDATE_ is null or RES.DUEDATE_ &lt;= ?) and (RES.LOCK_OWNER_ is null or RES.LOCK_EXP_TIME_ &lt;= ?) and TYPE_ = &apos;timer&apos; and ( (RES.EXECUTION_ID_ is null) or (PI.SUSPENSION_STATE_ = 1) ) LIMIT ? OFFSET ? 
10:47:53,870 [Thread-105] DEBUG org.apache.ibatis.transaction.jdbc.JdbcTransaction  - Opening JDBC Connection
10:47:53,871 [Thread-105] DEBUG org.apache.ibatis.datasource.pooled.PooledDataSource  - Checked out connection 54468349 from pool.
10:47:53,871 [Thread-105] DEBUG org.apache.ibatis.transaction.jdbc.JdbcTransaction  - Setting autocommit to false on JDBC Connection [conn64: url=jdbc:h2:mem:activiti-AsyncExecutorTest user=SA]
10:47:53,871 [Thread-105] DEBUG org.activiti.engine.impl.persistence.entity.JobEntity.selectNextTimerJobsToExecute  - ==&gt;  Preparing: select RES.* from ACT_RU_JOB RES LEFT OUTER JOIN ACT_RU_EXECUTION PI ON PI.ID_ = RES.PROCESS_INSTANCE_ID_ where (RES.RETRIES_ &gt; 0) and (RES.DUEDATE_ is null or RES.DUEDATE_ &lt;= ?) and (RES.LOCK_OWNER_ is null or RES.LOCK_EXP_TIME_ &lt;= ?) and TYPE_ = &apos;timer&apos; and ( (RES.EXECUTION_ID_ is null) or (PI.SUSPENSION_STATE_ = 1) ) LIMIT ? OFFSET ? 
10:47:53,870 [Thread-103] DEBUG org.activiti.engine.impl.persistence.entity.JobEntity.selectAsyncJobsDueToExecute  - ==&gt;  Preparing: select RES.* from ACT_RU_JOB RES LEFT OUTER JOIN ACT_RU_EXECUTION PI ON PI.ID_ = RES.PROCESS_INSTANCE_ID_ where RES.RETRIES_ &gt; 0 and RES.DUEDATE_ is not null and RES.DUEDATE_ &lt;= ? and (RES.LOCK_EXP_TIME_ is null or RES.LOCK_EXP_TIME_ &lt;= ?) and TYPE_ = &apos;message&apos; and ( (RES.EXECUTION_ID_ is null) or (PI.SUSPENSION_STATE_ = 1) ) LIMIT ? OFFSET ? 
10:47:53,871 [Thread-103] DEBUG org.activiti.engine.impl.persistence.entity.JobEntity.selectAsyncJobsDueToExecute  - ==&gt; Parameters: 2023-03-20 10:48:50.669(Timestamp), 2023-03-20 10:48:50.669(Timestamp), 1(Integer), 0(Integer)
10:47:53,870 [Thread-106] DEBUG org.apache.ibatis.transaction.jdbc.JdbcTransaction  - Opening JDBC Connection
10:47:53,871 [Thread-106] DEBUG org.apache.ibatis.datasource.pooled.PooledDataSource  - Checked out connection 1970103261 from pool.
10:47:53,871 [Thread-106] DEBUG org.apache.ibatis.transaction.jdbc.JdbcTransaction  - Setting autocommit to false on JDBC Connection [conn63: url=jdbc:h2:mem:activiti-AsyncExecutorTest user=SA]
10:47:53,871 [Thread-106] DEBUG org.activiti.engine.impl.persistence.entity.JobEntity.selectAsyncJobsDueToExecute  - ==&gt;  Preparing: select RES.* from ACT_RU_JOB RES LEFT OUTER JOIN ACT_RU_EXECUTION PI ON PI.ID_ = RES.PROCESS_INSTANCE_ID_ where RES.RETRIES_ &gt; 0 and RES.DUEDATE_ is not null and RES.DUEDATE_ &lt;= ? and (RES.LOCK_EXP_TIME_ is null or RES.LOCK_EXP_TIME_ &lt;= ?) and TYPE_ = &apos;message&apos; and ( (RES.EXECUTION_ID_ is null) or (PI.SUSPENSION_STATE_ = 1) ) LIMIT ? OFFSET ? 
10:47:53,871 [Thread-106] DEBUG org.activiti.engine.impl.persistence.entity.JobEntity.selectAsyncJobsDueToExecute  - ==&gt; Parameters: 2023-03-20 10:48:50.669(Timestamp), 2023-03-20 10:48:50.669(Timestamp), 1(Integer), 0(Integer)
10:47:53,871 [Thread-106] DEBUG org.activiti.engine.impl.persistence.entity.JobEntity.selectAsyncJobsDueToExecute  - &lt;==      Total: 0
10:47:53,871 [Thread-106] DEBUG org.activiti.engine.impl.db.DbSqlSession  - flush summary: 0 insert, 0 update, 0 delete.
10:47:53,871 [Thread-106] DEBUG org.activiti.engine.impl.db.DbSqlSession  - now executing flush...
10:47:53,871 [Thread-106] DEBUG org.activiti.engine.impl.cfg.standalone.StandaloneMybatisTransactionContext  - firing event committing...
10:47:53,871 [Thread-106] DEBUG org.activiti.engine.impl.cfg.standalone.StandaloneMybatisTransactionContext  - committing the ibatis sql session...
10:47:53,871 [Thread-106] DEBUG org.activiti.engine.impl.cfg.standalone.StandaloneMybatisTransactionContext  - firing event committed...
10:47:53,871 [Thread-106] DEBUG org.apache.ibatis.transaction.jdbc.JdbcTransaction  - Resetting autocommit to true on JDBC Connection [conn63: url=jdbc:h2:mem:activiti-AsyncExecutorTest user=SA]
10:47:53,871 [Thread-106] DEBUG org.apache.ibatis.transaction.jdbc.JdbcTransaction  - Closing JDBC Connection [conn63: url=jdbc:h2:mem:activiti-AsyncExecutorTest user=SA]
10:47:53,871 [Thread-106] DEBUG org.apache.ibatis.datasource.pooled.PooledDataSource  - Returned connection 1970103261 to pool.
10:47:53,871 [Thread-106] DEBUG org.activiti.engine.impl.interceptor.LogInterceptor  - --- AcquireAsyncJobsDueCmd finished --------------------------------------------------------
10:47:53,871 [Thread-106] DEBUG org.activiti.engine.impl.interceptor.LogInterceptor  - 

10:47:53,871 [Thread-106] DEBUG org.activiti.engine.impl.asyncexecutor.AcquireAsyncJobsDueRunnable  - async job acquisition thread sleeping for 50 millis
10:47:53,871 [Thread-103] DEBUG org.activiti.engine.impl.persistence.entity.JobEntity.selectAsyncJobsDueToExecute  - &lt;==      Total: 0
10:47:53,871 [Thread-103] DEBUG org.activiti.engine.impl.db.DbSqlSession  - flush summary: 0 insert, 0 update, 0 delete.
10:47:53,871 [Thread-103] DEBUG org.activiti.engine.impl.db.DbSqlSession  - now executing flush...
10:47:53,871 [Thread-103] DEBUG org.activiti.engine.impl.cfg.standalone.StandaloneMybatisTransactionContext  - firing event committing...
10:47:53,871 [Thread-103] DEBUG org.activiti.engine.impl.cfg.standalone.StandaloneMybatisTransactionContext  - committing the ibatis sql session...
10:47:53,871 [Thread-103] DEBUG org.activiti.engine.impl.cfg.standalone.StandaloneMybatisTransactionContext  - firing event committed...
10:47:53,871 [Thread-103] DEBUG org.apache.ibatis.transaction.jdbc.JdbcTransaction  - Resetting autocommit to true on JDBC Connection [conn60: url=jdbc:h2:mem:activiti-AsyncExecutorTest user=SA]
10:47:53,872 [Thread-103] DEBUG org.apache.ibatis.transaction.jdbc.JdbcTransaction  - Closing JDBC Connection [conn60: url=jdbc:h2:mem:activiti-AsyncExecutorTest user=SA]
10:47:53,872 [Thread-103] DEBUG org.apache.ibatis.datasource.pooled.PooledDataSource  - Returned connection 33534803 to pool.
10:47:53,872 [Thread-103] DEBUG org.activiti.engine.impl.interceptor.LogInterceptor  - --- AcquireAsyncJobsDueCmd finished --------------------------------------------------------
10:47:53,872 [Thread-103] DEBUG org.activiti.engine.impl.interceptor.LogInterceptor  - 

10:47:53,871 [Thread-105] DEBUG org.activiti.engine.impl.persistence.entity.JobEntity.selectNextTimerJobsToExecute  - ==&gt; Parameters: 2023-03-20 10:48:50.669(Timestamp), 2023-03-20 10:48:50.669(Timestamp), 1(Integer), 0(Integer)
10:47:53,872 [Thread-105] DEBUG org.activiti.engine.impl.persistence.entity.JobEntity.selectNextTimerJobsToExecute  - &lt;==      Total: 0
10:47:53,872 [Thread-105] DEBUG org.activiti.engine.impl.db.DbSqlSession  - flush summary: 0 insert, 0 update, 0 delete.
10:47:53,872 [Thread-105] DEBUG org.activiti.engine.impl.db.DbSqlSession  - now executing flush...
10:47:53,872 [Thread-105] DEBUG org.activiti.engine.impl.cfg.standalone.StandaloneMybatisTransactionContext  - firing event committing...
10:47:53,872 [Thread-105] DEBUG org.activiti.engine.impl.cfg.standalone.StandaloneMybatisTransactionContext  - committing the ibatis sql session...
10:47:53,871 [Thread-111] DEBUG org.activiti.engine.impl.persistence.entity.JobEntity.selectNextTimerJobsToExecute  - ==&gt; Parameters: 2023-03-20 10:48:50.669(Timestamp), 2023-03-20 10:48:50.669(Timestamp), 1(Integer), 0(Integer)
10:47:53,872 [Thread-111] DEBUG org.activiti.engine.impl.persistence.entity.JobEntity.selectNextTimerJobsToExecute  - &lt;==      Total: 0
10:47:53,870 [Thread-102] DEBUG org.apache.ibatis.transaction.jdbc.JdbcTransaction  - Opening JDBC Connection
10:47:53,872 [Thread-102] DEBUG org.apache.ibatis.datasource.pooled.PooledDataSource  - Checked out connection 720039383 from pool.
10:47:53,872 [Thread-102] DEBUG org.apache.ibatis.transaction.jdbc.JdbcTransaction  - Setting autocommit to false on JDBC Connection [conn59: url=jdbc:h2:mem:activiti-AsyncExecutorTest user=SA]
10:47:53,872 [Thread-102] DEBUG org.activiti.engine.impl.persistence.entity.JobEntity.selectNextTimerJobsToExecute  - ==&gt;  Preparing: select RES.* from ACT_RU_JOB RES LEFT OUTER JOIN ACT_RU_EXECUTION PI ON PI.ID_ = RES.PROCESS_INSTANCE_ID_ where (RES.RETRIES_ &gt; 0) and (RES.DUEDATE_ is null or RES.DUEDATE_ &lt;= ?) and (RES.LOCK_OWNER_ is null or RES.LOCK_EXP_TIME_ &lt;= ?) and TYPE_ = &apos;timer&apos; and ( (RES.EXECUTION_ID_ is null) or (PI.SUSPENSION_STATE_ = 1) ) LIMIT ? OFFSET ? 
10:47:53,872 [Thread-102] DEBUG org.activiti.engine.impl.persistence.entity.JobEntity.selectNextTimerJobsToExecute  - ==&gt; Parameters: 2023-03-20 10:48:50.669(Timestamp), 2023-03-20 10:48:50.669(Timestamp), 1(Integer), 0(Integer)
10:47:53,872 [Thread-102] DEBUG org.activiti.engine.impl.persistence.entity.JobEntity.selectNextTimerJobsToExecute  - &lt;==      Total: 0
10:47:53,872 [Thread-102] DEBUG org.activiti.engine.impl.db.DbSqlSession  - flush summary: 0 insert, 0 update, 0 delete.
10:47:53,872 [Thread-102] DEBUG org.activiti.engine.impl.db.DbSqlSession  - now executing flush...
10:47:53,872 [Thread-111] DEBUG org.activiti.engine.impl.db.DbSqlSession  - flush summary: 0 insert, 0 update, 0 delete.
10:47:53,872 [Thread-111] DEBUG org.activiti.engine.impl.db.DbSqlSession  - now executing flush...
10:47:53,872 [Thread-111] DEBUG org.activiti.engine.impl.cfg.standalone.StandaloneMybatisTransactionContext  - firing event committing...
10:47:53,872 [Thread-111] DEBUG org.activiti.engine.impl.cfg.standalone.StandaloneMybatisTransactionContext  - committing the ibatis sql session...
10:47:53,872 [Thread-111] DEBUG org.activiti.engine.impl.cfg.standalone.StandaloneMybatisTransactionContext  - firing event committed...
10:47:53,872 [Thread-111] DEBUG org.apache.ibatis.transaction.jdbc.JdbcTransaction  - Resetting autocommit to true on JDBC Connection [conn68: url=jdbc:h2:mem:activiti-AsyncExecutorTest user=SA]
10:47:53,872 [Thread-111] DEBUG org.apache.ibatis.transaction.jdbc.JdbcTransaction  - Closing JDBC Connection [conn68: url=jdbc:h2:mem:activiti-AsyncExecutorTest user=SA]
10:47:53,872 [Thread-105] DEBUG org.activiti.engine.impl.cfg.standalone.StandaloneMybatisTransactionContext  - firing event committed...
10:47:53,872 [Thread-105] DEBUG org.apache.ibatis.transaction.jdbc.JdbcTransaction  - Resetting autocommit to true on JDBC Connection [conn64: url=jdbc:h2:mem:activiti-AsyncExecutorTest user=SA]
10:47:53,872 [Thread-105] DEBUG org.apache.ibatis.transaction.jdbc.JdbcTransaction  - Closing JDBC Connection [conn64: url=jdbc:h2:mem:activiti-AsyncExecutorTest user=SA]
10:47:53,872 [Thread-105] DEBUG org.apache.ibatis.datasource.pooled.PooledDataSource  - Returned connection 54468349 to pool.
10:47:53,872 [Thread-105] DEBUG org.activiti.engine.impl.interceptor.LogInterceptor  - --- AcquireTimerJobsCmd finished --------------------------------------------------------
10:47:53,873 [Thread-105] DEBUG org.activiti.engine.impl.interceptor.LogInterceptor  - 

10:47:53,873 [Thread-105] DEBUG org.activiti.engine.impl.asyncexecutor.AcquireTimerJobsRunnable  - timer job acquisition thread sleeping for 50 millis
10:47:53,872 [Thread-103] DEBUG org.activiti.engine.impl.asyncexecutor.AcquireAsyncJobsDueRunnable  - async job acquisition thread sleeping for 50 millis
10:47:53,872 [Thread-111] DEBUG org.apache.ibatis.datasource.pooled.PooledDataSource  - Returned connection 58501658 to pool.
10:47:53,873 [Thread-111] DEBUG org.activiti.engine.impl.interceptor.LogInterceptor  - --- AcquireTimerJobsCmd finished --------------------------------------------------------
10:47:53,873 [Thread-111] DEBUG org.activiti.engine.impl.interceptor.LogInterceptor  - 

10:47:53,873 [Thread-111] DEBUG org.activiti.engine.impl.asyncexecutor.AcquireTimerJobsRunnable  - timer job acquisition thread sleeping for 50 millis
10:47:53,872 [Thread-102] DEBUG org.activiti.engine.impl.cfg.standalone.StandaloneMybatisTransactionContext  - firing event committing...
10:47:53,873 [Thread-102] DEBUG org.activiti.engine.impl.cfg.standalone.StandaloneMybatisTransactionContext  - committing the ibatis sql session...
10:47:53,873 [Thread-102] DEBUG org.activiti.engine.impl.cfg.standalone.StandaloneMybatisTransactionContext  - firing event committed...
10:47:53,873 [Thread-102] DEBUG org.apache.ibatis.transaction.jdbc.JdbcTransaction  - Resetting autocommit to true on JDBC Connection [conn59: url=jdbc:h2:mem:activiti-AsyncExecutorTest user=SA]
10:47:53,873 [Thread-102] DEBUG org.apache.ibatis.transaction.jdbc.JdbcTransaction  - Closing JDBC Connection [conn59: url=jdbc:h2:mem:activiti-AsyncExecutorTest user=SA]
10:47:53,873 [Thread-102] DEBUG org.apache.ibatis.datasource.pooled.PooledDataSource  - Returned connection 720039383 to pool.
10:47:53,873 [Thread-102] DEBUG org.activiti.engine.impl.interceptor.LogInterceptor  - --- AcquireTimerJobsCmd finished --------------------------------------------------------
10:47:53,873 [Thread-102] DEBUG org.activiti.engine.impl.interceptor.LogInterceptor  - 

10:47:53,873 [Thread-102] DEBUG org.activiti.engine.impl.asyncexecutor.AcquireTimerJobsRunnable  - timer job acquisition thread sleeping for 50 millis
10:47:53,919 [Thread-112] DEBUG org.activiti.engine.impl.asyncexecutor.AcquireAsyncJobsDueRunnable  - async job acquisition thread woke up
10:47:53,919 [Thread-112] DEBUG org.activiti.engine.impl.interceptor.LogInterceptor  - 

10:47:53,919 [Thread-112] DEBUG org.activiti.engine.impl.interceptor.LogInterceptor  - --- starting AcquireAsyncJobsDueCmd --------------------------------------------------------
10:47:53,919 [Thread-112] DEBUG org.apache.ibatis.transaction.jdbc.JdbcTransaction  - Opening JDBC Connection
10:47:53,919 [Thread-112] DEBUG org.apache.ibatis.datasource.pooled.PooledDataSource  - Checked out connection 1863805930 from pool.
10:47:53,919 [Thread-112] DEBUG org.apache.ibatis.transaction.jdbc.JdbcTransaction  - Setting autocommit to false on JDBC Connection [conn69: url=jdbc:h2:mem:activiti-AsyncExecutorTest user=SA]
10:47:53,919 [Thread-112] DEBUG org.activiti.engine.impl.persistence.entity.JobEntity.selectAsyncJobsDueToExecute  - ==&gt;  Preparing: select RES.* from ACT_RU_JOB RES LEFT OUTER JOIN ACT_RU_EXECUTION PI ON PI.ID_ = RES.PROCESS_INSTANCE_ID_ where RES.RETRIES_ &gt; 0 and RES.DUEDATE_ is not null and RES.DUEDATE_ &lt;= ? and (RES.LOCK_EXP_TIME_ is null or RES.LOCK_EXP_TIME_ &lt;= ?) and TYPE_ = &apos;message&apos; and ( (RES.EXECUTION_ID_ is null) or (PI.SUSPENSION_STATE_ = 1) ) LIMIT ? OFFSET ? 
10:47:53,919 [Thread-112] DEBUG org.activiti.engine.impl.persistence.entity.JobEntity.selectAsyncJobsDueToExecute  - ==&gt; Parameters: 2023-03-20 10:48:50.669(Timestamp), 2023-03-20 10:48:50.669(Timestamp), 1(Integer), 0(Integer)
10:47:53,919 [Thread-112] DEBUG org.activiti.engine.impl.persistence.entity.JobEntity.selectAsyncJobsDueToExecute  - &lt;==      Total: 0
10:47:53,919 [Thread-112] DEBUG org.activiti.engine.impl.db.DbSqlSession  - flush summary: 0 insert, 0 update, 0 delete.
10:47:53,919 [Thread-112] DEBUG org.activiti.engine.impl.db.DbSqlSession  - now executing flush...
10:47:53,919 [Thread-112] DEBUG org.activiti.engine.impl.cfg.standalone.StandaloneMybatisTransactionContext  - firing event committing...
10:47:53,919 [Thread-112] DEBUG org.activiti.engine.impl.cfg.standalone.StandaloneMybatisTransactionContext  - committing the ibatis sql session...
10:47:53,919 [Thread-112] DEBUG org.activiti.engine.impl.cfg.standalone.StandaloneMybatisTransactionContext  - firing event committed...
10:47:53,919 [Thread-112] DEBUG org.apache.ibatis.transaction.jdbc.JdbcTransaction  - Resetting autocommit to true on JDBC Connection [conn69: url=jdbc:h2:mem:activiti-AsyncExecutorTest user=SA]
10:47:53,919 [Thread-112] DEBUG org.apache.ibatis.transaction.jdbc.JdbcTransaction  - Closing JDBC Connection [conn69: url=jdbc:h2:mem:activiti-AsyncExecutorTest user=SA]
10:47:53,919 [Thread-112] DEBUG org.apache.ibatis.datasource.pooled.PooledDataSource  - Returned connection 1863805930 to pool.
10:47:53,919 [Thread-112] DEBUG org.activiti.engine.impl.interceptor.LogInterceptor  - --- AcquireAsyncJobsDueCmd finished --------------------------------------------------------
10:47:53,919 [Thread-112] DEBUG org.activiti.engine.impl.interceptor.LogInterceptor  - 

10:47:53,919 [Thread-112] DEBUG org.activiti.engine.impl.asyncexecutor.AcquireAsyncJobsDueRunnable  - async job acquisition thread sleeping for 50 millis
10:47:53,935 [Thread-111] DEBUG org.activiti.engine.impl.asyncexecutor.AcquireTimerJobsRunnable  - timer job acquisition thread woke up
10:47:53,935 [Thread-105] DEBUG org.activiti.engine.impl.asyncexecutor.AcquireTimerJobsRunnable  - timer job acquisition thread woke up
10:47:53,935 [Thread-103] DEBUG org.activiti.engine.impl.asyncexecutor.AcquireAsyncJobsDueRunnable  - async job acquisition thread woke up
10:47:53,935 [Thread-102] DEBUG org.activiti.engine.impl.asyncexecutor.AcquireTimerJobsRunnable  - timer job acquisition thread woke up
10:47:53,935 [Thread-102] DEBUG org.activiti.engine.impl.interceptor.LogInterceptor  - 

10:47:53,935 [Thread-106] DEBUG org.activiti.engine.impl.asyncexecutor.AcquireAsyncJobsDueRunnable  - async job acquisition thread woke up
10:47:53,935 [Thread-106] DEBUG org.activiti.engine.impl.interceptor.LogInterceptor  - 

10:47:53,935 [Thread-106] DEBUG org.activiti.engine.impl.interceptor.LogInterceptor  - --- starting AcquireAsyncJobsDueCmd --------------------------------------------------------
10:47:53,935 [Thread-102] DEBUG org.activiti.engine.impl.interceptor.LogInterceptor  - --- starting AcquireTimerJobsCmd --------------------------------------------------------
10:47:53,935 [Thread-103] DEBUG org.activiti.engine.impl.interceptor.LogInterceptor  - 

10:47:53,935 [Thread-103] DEBUG org.activiti.engine.impl.interceptor.LogInterceptor  - --- starting AcquireAsyncJobsDueCmd --------------------------------------------------------
10:47:53,935 [Thread-103] DEBUG org.apache.ibatis.transaction.jdbc.JdbcTransaction  - Opening JDBC Connection
10:47:53,935 [Thread-103] DEBUG org.apache.ibatis.datasource.pooled.PooledDataSource  - Checked out connection 157985567 from pool.
10:47:53,935 [Thread-105] DEBUG org.activiti.engine.impl.interceptor.LogInterceptor  - 

10:47:53,935 [Thread-105] DEBUG org.activiti.engine.impl.interceptor.LogInterceptor  - --- starting AcquireTimerJobsCmd --------------------------------------------------------
10:47:53,935 [Thread-111] DEBUG org.activiti.engine.impl.interceptor.LogInterceptor  - 

10:47:53,935 [Thread-111] DEBUG org.activiti.engine.impl.interceptor.LogInterceptor  - --- starting AcquireTimerJobsCmd --------------------------------------------------------
10:47:53,935 [Thread-105] DEBUG org.apache.ibatis.transaction.jdbc.JdbcTransaction  - Opening JDBC Connection
10:47:53,935 [Thread-105] DEBUG org.apache.ibatis.datasource.pooled.PooledDataSource  - Checked out connection 996762054 from pool.
10:47:53,935 [Thread-105] DEBUG org.apache.ibatis.transaction.jdbc.JdbcTransaction  - Setting autocommit to false on JDBC Connection [conn65: url=jdbc:h2:mem:activiti-AsyncExecutorTest user=SA]
10:47:53,935 [Thread-103] DEBUG org.apache.ibatis.transaction.jdbc.JdbcTransaction  - Setting autocommit to false on JDBC Connection [conn61: url=jdbc:h2:mem:activiti-AsyncExecutorTest user=SA]
10:47:53,935 [Thread-102] DEBUG org.apache.ibatis.transaction.jdbc.JdbcTransaction  - Opening JDBC Connection
10:47:53,936 [Thread-102] DEBUG org.apache.ibatis.datasource.pooled.PooledDataSource  - Checked out connection 33534803 from pool.
10:47:53,936 [Thread-102] DEBUG org.apache.ibatis.transaction.jdbc.JdbcTransaction  - Setting autocommit to false on JDBC Connection [conn60: url=jdbc:h2:mem:activiti-AsyncExecutorTest user=SA]
10:47:53,935 [Thread-106] DEBUG org.apache.ibatis.transaction.jdbc.JdbcTransaction  - Opening JDBC Connection
10:47:53,936 [Thread-106] DEBUG org.apache.ibatis.datasource.pooled.PooledDataSource  - Checked out connection 1970103261 from pool.
10:47:53,936 [Thread-106] DEBUG org.apache.ibatis.transaction.jdbc.JdbcTransaction  - Setting autocommit to false on JDBC Connection [conn63: url=jdbc:h2:mem:activiti-AsyncExecutorTest user=SA]
10:47:53,936 [Thread-102] DEBUG org.activiti.engine.impl.persistence.entity.JobEntity.selectNextTimerJobsToExecute  - ==&gt;  Preparing: select RES.* from ACT_RU_JOB RES LEFT OUTER JOIN ACT_RU_EXECUTION PI ON PI.ID_ = RES.PROCESS_INSTANCE_ID_ where (RES.RETRIES_ &gt; 0) and (RES.DUEDATE_ is null or RES.DUEDATE_ &lt;= ?) and (RES.LOCK_OWNER_ is null or RES.LOCK_EXP_TIME_ &lt;= ?) and TYPE_ = &apos;timer&apos; and ( (RES.EXECUTION_ID_ is null) or (PI.SUSPENSION_STATE_ = 1) ) LIMIT ? OFFSET ? 
10:47:53,936 [Thread-103] DEBUG org.activiti.engine.impl.persistence.entity.JobEntity.selectAsyncJobsDueToExecute  - ==&gt;  Preparing: select RES.* from ACT_RU_JOB RES LEFT OUTER JOIN ACT_RU_EXECUTION PI ON PI.ID_ = RES.PROCESS_INSTANCE_ID_ where RES.RETRIES_ &gt; 0 and RES.DUEDATE_ is not null and RES.DUEDATE_ &lt;= ? and (RES.LOCK_EXP_TIME_ is null or RES.LOCK_EXP_TIME_ &lt;= ?) and TYPE_ = &apos;message&apos; and ( (RES.EXECUTION_ID_ is null) or (PI.SUSPENSION_STATE_ = 1) ) LIMIT ? OFFSET ? 
10:47:53,936 [Thread-102] DEBUG org.activiti.engine.impl.persistence.entity.JobEntity.selectNextTimerJobsToExecute  - ==&gt; Parameters: 2023-03-20 10:48:50.669(Timestamp), 2023-03-20 10:48:50.669(Timestamp), 1(Integer), 0(Integer)
10:47:53,935 [Thread-105] DEBUG org.activiti.engine.impl.persistence.entity.JobEntity.selectNextTimerJobsToExecute  - ==&gt;  Preparing: select RES.* from ACT_RU_JOB RES LEFT OUTER JOIN ACT_RU_EXECUTION PI ON PI.ID_ = RES.PROCESS_INSTANCE_ID_ where (RES.RETRIES_ &gt; 0) and (RES.DUEDATE_ is null or RES.DUEDATE_ &lt;= ?) and (RES.LOCK_OWNER_ is null or RES.LOCK_EXP_TIME_ &lt;= ?) and TYPE_ = &apos;timer&apos; and ( (RES.EXECUTION_ID_ is null) or (PI.SUSPENSION_STATE_ = 1) ) LIMIT ? OFFSET ? 
10:47:53,935 [Thread-111] DEBUG org.apache.ibatis.transaction.jdbc.JdbcTransaction  - Opening JDBC Connection
10:47:53,936 [Thread-111] DEBUG org.apache.ibatis.datasource.pooled.PooledDataSource  - Checked out connection 604408605 from pool.
10:47:53,936 [Thread-111] DEBUG org.apache.ibatis.transaction.jdbc.JdbcTransaction  - Setting autocommit to false on JDBC Connection [conn70: url=jdbc:h2:mem:activiti-AsyncExecutorTest user=SA]
10:47:53,936 [Thread-105] DEBUG org.activiti.engine.impl.persistence.entity.JobEntity.selectNextTimerJobsToExecute  - ==&gt; Parameters: 2023-03-20 10:48:50.669(Timestamp), 2023-03-20 10:48:50.669(Timestamp), 1(Integer), 0(Integer)
10:47:53,936 [Thread-102] DEBUG org.activiti.engine.impl.persistence.entity.JobEntity.selectNextTimerJobsToExecute  - &lt;==      Total: 0
10:47:53,936 [Thread-103] DEBUG org.activiti.engine.impl.persistence.entity.JobEntity.selectAsyncJobsDueToExecute  - ==&gt; Parameters: 2023-03-20 10:48:50.669(Timestamp), 2023-03-20 10:48:50.669(Timestamp), 1(Integer), 0(Integer)
10:47:53,936 [Thread-106] DEBUG org.activiti.engine.impl.persistence.entity.JobEntity.selectAsyncJobsDueToExecute  - ==&gt;  Preparing: select RES.* from ACT_RU_JOB RES LEFT OUTER JOIN ACT_RU_EXECUTION PI ON PI.ID_ = RES.PROCESS_INSTANCE_ID_ where RES.RETRIES_ &gt; 0 and RES.DUEDATE_ is not null and RES.DUEDATE_ &lt;= ? and (RES.LOCK_EXP_TIME_ is null or RES.LOCK_EXP_TIME_ &lt;= ?) and TYPE_ = &apos;message&apos; and ( (RES.EXECUTION_ID_ is null) or (PI.SUSPENSION_STATE_ = 1) ) LIMIT ? OFFSET ? 
10:47:53,936 [Thread-103] DEBUG org.activiti.engine.impl.persistence.entity.JobEntity.selectAsyncJobsDueToExecute  - &lt;==      Total: 0
10:47:53,936 [Thread-103] DEBUG org.activiti.engine.impl.db.DbSqlSession  - flush summary: 0 insert, 0 update, 0 delete.
10:47:53,936 [Thread-103] DEBUG org.activiti.engine.impl.db.DbSqlSession  - now executing flush...
10:47:53,936 [Thread-102] DEBUG org.activiti.engine.impl.db.DbSqlSession  - flush summary: 0 insert, 0 update, 0 delete.
10:47:53,936 [Thread-102] DEBUG org.activiti.engine.impl.db.DbSqlSession  - now executing flush...
10:47:53,936 [Thread-102] DEBUG org.activiti.engine.impl.cfg.standalone.StandaloneMybatisTransactionContext  - firing event committing...
10:47:53,936 [Thread-102] DEBUG org.activiti.engine.impl.cfg.standalone.StandaloneMybatisTransactionContext  - committing the ibatis sql session...
10:47:53,936 [Thread-102] DEBUG org.activiti.engine.impl.cfg.standalone.StandaloneMybatisTransactionContext  - firing event committed...
10:47:53,936 [Thread-102] DEBUG org.apache.ibatis.transaction.jdbc.JdbcTransaction  - Resetting autocommit to true on JDBC Connection [conn60: url=jdbc:h2:mem:activiti-AsyncExecutorTest user=SA]
10:47:53,936 [Thread-105] DEBUG org.activiti.engine.impl.persistence.entity.JobEntity.selectNextTimerJobsToExecute  - &lt;==      Total: 0
10:47:53,936 [Thread-105] DEBUG org.activiti.engine.impl.db.DbSqlSession  - flush summary: 0 insert, 0 update, 0 delete.
10:47:53,936 [Thread-105] DEBUG org.activiti.engine.impl.db.DbSqlSession  - now executing flush...
10:47:53,936 [Thread-105] DEBUG org.activiti.engine.impl.cfg.standalone.StandaloneMybatisTransactionContext  - firing event committing...
10:47:53,936 [Thread-105] DEBUG org.activiti.engine.impl.cfg.standalone.StandaloneMybatisTransactionContext  - committing the ibatis sql session...
10:47:53,936 [Thread-105] DEBUG org.activiti.engine.impl.cfg.standalone.StandaloneMybatisTransactionContext  - firing event committed...
10:47:53,936 [Thread-105] DEBUG org.apache.ibatis.transaction.jdbc.JdbcTransaction  - Resetting autocommit to true on JDBC Connection [conn65: url=jdbc:h2:mem:activiti-AsyncExecutorTest user=SA]
10:47:53,937 [Thread-105] DEBUG org.apache.ibatis.transaction.jdbc.JdbcTransaction  - Closing JDBC Connection [conn65: url=jdbc:h2:mem:activiti-AsyncExecutorTest user=SA]
10:47:53,936 [Thread-111] DEBUG org.activiti.engine.impl.persistence.entity.JobEntity.selectNextTimerJobsToExecute  - ==&gt;  Preparing: select RES.* from ACT_RU_JOB RES LEFT OUTER JOIN ACT_RU_EXECUTION PI ON PI.ID_ = RES.PROCESS_INSTANCE_ID_ where (RES.RETRIES_ &gt; 0) and (RES.DUEDATE_ is null or RES.DUEDATE_ &lt;= ?) and (RES.LOCK_OWNER_ is null or RES.LOCK_EXP_TIME_ &lt;= ?) and TYPE_ = &apos;timer&apos; and ( (RES.EXECUTION_ID_ is null) or (PI.SUSPENSION_STATE_ = 1) ) LIMIT ? OFFSET ? 
10:47:53,937 [Thread-105] DEBUG org.apache.ibatis.datasource.pooled.PooledDataSource  - Returned connection 996762054 to pool.
10:47:53,936 [Thread-102] DEBUG org.apache.ibatis.transaction.jdbc.JdbcTransaction  - Closing JDBC Connection [conn60: url=jdbc:h2:mem:activiti-AsyncExecutorTest user=SA]
10:47:53,937 [Thread-102] DEBUG org.apache.ibatis.datasource.pooled.PooledDataSource  - Returned connection 33534803 to pool.
10:47:53,937 [Thread-102] DEBUG org.activiti.engine.impl.interceptor.LogInterceptor  - --- AcquireTimerJobsCmd finished --------------------------------------------------------
10:47:53,937 [Thread-102] DEBUG org.activiti.engine.impl.interceptor.LogInterceptor  - 

10:47:53,936 [Thread-103] DEBUG org.activiti.engine.impl.cfg.standalone.StandaloneMybatisTransactionContext  - firing event committing...
10:47:53,937 [Thread-103] DEBUG org.activiti.engine.impl.cfg.standalone.StandaloneMybatisTransactionContext  - committing the ibatis sql session...
10:47:53,937 [Thread-103] DEBUG org.activiti.engine.impl.cfg.standalone.StandaloneMybatisTransactionContext  - firing event committed...
10:47:53,937 [Thread-103] DEBUG org.apache.ibatis.transaction.jdbc.JdbcTransaction  - Resetting autocommit to true on JDBC Connection [conn61: url=jdbc:h2:mem:activiti-AsyncExecutorTest user=SA]
10:47:53,937 [Thread-103] DEBUG org.apache.ibatis.transaction.jdbc.JdbcTransaction  - Closing JDBC Connection [conn61: url=jdbc:h2:mem:activiti-AsyncExecutorTest user=SA]
10:47:53,937 [Thread-103] DEBUG org.apache.ibatis.datasource.pooled.PooledDataSource  - Returned connection 157985567 to pool.
10:47:53,937 [Thread-103] DEBUG org.activiti.engine.impl.interceptor.LogInterceptor  - --- AcquireAsyncJobsDueCmd finished --------------------------------------------------------
10:47:53,937 [Thread-103] DEBUG org.activiti.engine.impl.interceptor.LogInterceptor  - 

10:47:53,937 [Thread-103] DEBUG org.activiti.engine.impl.asyncexecutor.AcquireAsyncJobsDueRunnable  - async job acquisition thread sleeping for 50 millis
10:47:53,936 [Thread-106] DEBUG org.activiti.engine.impl.persistence.entity.JobEntity.selectAsyncJobsDueToExecute  - ==&gt; Parameters: 2023-03-20 10:48:50.669(Timestamp), 2023-03-20 10:48:50.669(Timestamp), 1(Integer), 0(Integer)
10:47:53,937 [Thread-102] DEBUG org.activiti.engine.impl.asyncexecutor.AcquireTimerJobsRunnable  - timer job acquisition thread sleeping for 50 millis
10:47:53,937 [Thread-105] DEBUG org.activiti.engine.impl.interceptor.LogInterceptor  - --- AcquireTimerJobsCmd finished --------------------------------------------------------
10:47:53,937 [Thread-105] DEBUG org.activiti.engine.impl.interceptor.LogInterceptor  - 

10:47:53,937 [Thread-105] DEBUG org.activiti.engine.impl.asyncexecutor.AcquireTimerJobsRunnable  - timer job acquisition thread sleeping for 50 millis
10:47:53,937 [Thread-111] DEBUG org.activiti.engine.impl.persistence.entity.JobEntity.selectNextTimerJobsToExecute  - ==&gt; Parameters: 2023-03-20 10:48:50.669(Timestamp), 2023-03-20 10:48:50.669(Timestamp), 1(Integer), 0(Integer)
10:47:53,937 [Thread-106] DEBUG org.activiti.engine.impl.persistence.entity.JobEntity.selectAsyncJobsDueToExecute  - &lt;==      Total: 0
10:47:53,937 [Thread-111] DEBUG org.activiti.engine.impl.persistence.entity.JobEntity.selectNextTimerJobsToExecute  - &lt;==      Total: 0
10:47:53,937 [Thread-111] DEBUG org.activiti.engine.impl.db.DbSqlSession  - flush summary: 0 insert, 0 update, 0 delete.
10:47:53,937 [Thread-111] DEBUG org.activiti.engine.impl.db.DbSqlSession  - now executing flush...
10:47:53,937 [Thread-111] DEBUG org.activiti.engine.impl.cfg.standalone.StandaloneMybatisTransactionContext  - firing event committing...
10:47:53,937 [Thread-111] DEBUG org.activiti.engine.impl.cfg.standalone.StandaloneMybatisTransactionContext  - committing the ibatis sql session...
10:47:53,937 [Thread-111] DEBUG org.activiti.engine.impl.cfg.standalone.StandaloneMybatisTransactionContext  - firing event committed...
10:47:53,937 [Thread-111] DEBUG org.apache.ibatis.transaction.jdbc.JdbcTransaction  - Resetting autocommit to true on JDBC Connection [conn70: url=jdbc:h2:mem:activiti-AsyncExecutorTest user=SA]
10:47:53,937 [Thread-111] DEBUG org.apache.ibatis.transaction.jdbc.JdbcTransaction  - Closing JDBC Connection [conn70: url=jdbc:h2:mem:activiti-AsyncExecutorTest user=SA]
10:47:53,937 [Thread-111] DEBUG org.apache.ibatis.datasource.pooled.PooledDataSource  - Returned connection 604408605 to pool.
10:47:53,938 [Thread-111] DEBUG org.activiti.engine.impl.interceptor.LogInterceptor  - --- AcquireTimerJobsCmd finished --------------------------------------------------------
10:47:53,938 [Thread-111] DEBUG org.activiti.engine.impl.interceptor.LogInterceptor  - 

10:47:53,938 [Thread-111] DEBUG org.activiti.engine.impl.asyncexecutor.AcquireTimerJobsRunnable  - timer job acquisition thread sleeping for 50 millis
10:47:53,937 [Thread-106] DEBUG org.activiti.engine.impl.db.DbSqlSession  - flush summary: 0 insert, 0 update, 0 delete.
10:47:53,938 [Thread-106] DEBUG org.activiti.engine.impl.db.DbSqlSession  - now executing flush...
10:47:53,938 [Thread-106] DEBUG org.activiti.engine.impl.cfg.standalone.StandaloneMybatisTransactionContext  - firing event committing...
10:47:53,938 [Thread-106] DEBUG org.activiti.engine.impl.cfg.standalone.StandaloneMybatisTransactionContext  - committing the ibatis sql session...
10:47:53,938 [Thread-106] DEBUG org.activiti.engine.impl.cfg.standalone.StandaloneMybatisTransactionContext  - firing event committed...
10:47:53,938 [Thread-106] DEBUG org.apache.ibatis.transaction.jdbc.JdbcTransaction  - Resetting autocommit to true on JDBC Connection [conn63: url=jdbc:h2:mem:activiti-AsyncExecutorTest user=SA]
10:47:53,938 [Thread-106] DEBUG org.apache.ibatis.transaction.jdbc.JdbcTransaction  - Closing JDBC Connection [conn63: url=jdbc:h2:mem:activiti-AsyncExecutorTest user=SA]
10:47:53,938 [Thread-106] DEBUG org.apache.ibatis.datasource.pooled.PooledDataSource  - Returned connection 1970103261 to pool.
10:47:53,938 [Thread-106] DEBUG org.activiti.engine.impl.interceptor.LogInterceptor  - --- AcquireAsyncJobsDueCmd finished --------------------------------------------------------
10:47:53,938 [Thread-106] DEBUG org.activiti.engine.impl.interceptor.LogInterceptor  - 

10:47:53,938 [Thread-106] DEBUG org.activiti.engine.impl.asyncexecutor.AcquireAsyncJobsDueRunnable  - async job acquisition thread sleeping for 50 millis
10:47:53,950 [main] DEBUG org.activiti.engine.impl.interceptor.LogInterceptor  - 

10:47:53,950 [main] DEBUG org.activiti.engine.impl.interceptor.LogInterceptor  - --- starting JobQueryImpl --------------------------------------------------------
10:47:53,950 [main] DEBUG org.apache.ibatis.transaction.jdbc.JdbcTransaction  - Opening JDBC Connection
10:47:53,950 [main] DEBUG org.apache.ibatis.datasource.pooled.PooledDataSource  - Checked out connection 297240765 from pool.
10:47:53,950 [main] DEBUG org.apache.ibatis.transaction.jdbc.JdbcTransaction  - Setting autocommit to false on JDBC Connection [conn4: url=jdbc:h2:mem:activiti user=SA]
10:47:53,950 [main] DEBUG org.activiti.engine.impl.persistence.entity.JobEntity.selectJobByQueryCriteria  - ==&gt;  Preparing: select RES.* from ACT_RU_JOB RES order by order by RES.ID_ asc LIMIT ? OFFSET ? 
10:47:53,950 [main] DEBUG org.activiti.engine.impl.interceptor.CommandContext  - Error while closing command context
org.apache.ibatis.exceptions.PersistenceException: 
### Error querying database.  Cause: org.h2.jdbc.JdbcSQLException: Syntax error in SQL statement &quot;SELECT RES.* 
     
    FROM ACT_RU_JOB RES
     
      
   
     ORDER BY  ORDER[*] BY RES.ID_ ASC  
    LIMIT ? OFFSET ? &quot;; expected &quot;=, NOT, EXISTS, INTERSECTS, SELECT, FROM&quot;; SQL statement:
select RES.* 
     
    from ACT_RU_JOB RES
     
      
   
     order by  order by RES.ID_ asc  
    LIMIT ? OFFSET ? [42001-176]
### The error may exist in org/activiti/db/mapping/entity/Job.xml
### The error may involve org.activiti.engine.impl.persistence.entity.JobEntity.selectJobByQueryCriteria
### The error occurred while executing a query
### SQL: select RES.*            from ACT_RU_JOB RES                       order by  order by RES.ID_ asc       LIMIT ? OFFSET ?
### Cause: org.h2.jdbc.JdbcSQLException: Syntax error in SQL statement &quot;SELECT RES.* 
     
    FROM ACT_RU_JOB RES
     
      
   
     ORDER BY  ORDER[*] BY RES.ID_ ASC  
    LIMIT ? OFFSET ? &quot;; expected &quot;=, NOT, EXISTS, INTERSECTS, SELECT, FROM&quot;; SQL statement:
select RES.* 
     
    from ACT_RU_JOB RES
     
      
   
     order by  order by RES.ID_ asc  
    LIMIT ? OFFSET ? [42001-176]
	at org.apache.ibatis.exceptions.ExceptionFactory.wrapException(ExceptionFactory.java:30)
	at org.apache.ibatis.session.defaults.DefaultSqlSession.selectList(DefaultSqlSession.java:122)
	at org.apache.ibatis.session.defaults.DefaultSqlSession.selectList(DefaultSqlSession.java:113)
	at org.activiti.engine.impl.db.DbSqlSession.selectListWithRawParameter(DbSqlSession.java:438)
	at org.activiti.engine.impl.db.DbSqlSession.selectList(DbSqlSession.java:429)
	at org.activiti.engine.impl.db.DbSqlSession.selectList(DbSqlSession.java:419)
	at org.activiti.engine.impl.persistence.entity.JobEntityManager.findJobsByQueryCriteria(JobEntityManager.java:198)
	at org.activiti.engine.impl.JobQueryImpl.executeList(JobQueryImpl.java:243)
	at org.activiti.engine.impl.AbstractQuery.execute(AbstractQuery.java:164)
	at org.activiti.engine.impl.interceptor.CommandInvoker.execute(CommandInvoker.java:24)
	at org.activiti.engine.impl.interceptor.CommandContextInterceptor.execute(CommandContextInterceptor.java:57)
	at org.activiti.engine.impl.interceptor.LogInterceptor.execute(LogInterceptor.java:37)
	at org.activiti.engine.impl.cfg.CommandExecutorImpl.execute(CommandExecutorImpl.java:40)
	at org.activiti.engine.impl.cfg.CommandExecutorImpl.execute(CommandExecutorImpl.java:35)
	at org.activiti.engine.impl.AbstractQuery.list(AbstractQuery.java:138)
	at org.activiti.engine.impl.test.JobTestHelper.areJobsAvailable(JobTestHelper.java:194)
	at org.activiti.engine.impl.test.JobTestHelper.waitForJobExecutorToProcessAllJobs(JobTestHelper.java:74)
	at org.activiti.engine.impl.test.JobTestHelper.waitForJobExecutorToProcessAllJobs(JobTestHelper.java:47)
	at org.activiti.engine.impl.test.AbstractActivitiTestCase.waitForJobExecutorToProcessAllJobs(AbstractActivitiTestCase.java:204)
	at org.activiti.engine.test.jobexecutor.JobExecutorTest.testBasicJobExecutorOperation(JobExecutorTest.java:53)
	at sun.reflect.NativeMethodAccessorImpl.invoke0(Native Method)
	at sun.reflect.NativeMethodAccessorImpl.invoke(NativeMethodAccessorImpl.java:62)
	at sun.reflect.DelegatingMethodAccessorImpl.invoke(DelegatingMethodAccessorImpl.java:43)
	at java.lang.reflect.Method.invoke(Method.java:498)
	at junit.framework.TestCase.runTest(TestCase.java:176)
	at org.activiti.engine.impl.test.PvmTestCase.runTest(PvmTestCase.java:65)
	at junit.framework.TestCase.runBare(TestCase.java:141)
	at org.activiti.engine.impl.test.AbstractActivitiTestCase.runBare(AbstractActivitiTestCase.java:100)
	at junit.framework.TestResult$1.protect(TestResult.java:122)
	at junit.framework.TestResult.runProtected(TestResult.java:142)
	at junit.framework.TestResult.run(TestResult.java:125)
	at junit.framework.TestCase.run(TestCase.java:129)
	at junit.framework.TestSuite.runTest(TestSuite.java:255)
	at junit.framework.TestSuite.run(TestSuite.java:250)
	at org.junit.internal.runners.JUnit38ClassRunner.run(JUnit38ClassRunner.java:84)
	at org.apache.maven.surefire.junit4.JUnit4TestSet.execute(JUnit4TestSet.java:35)
	at org.apache.maven.surefire.junit4.JUnit4Provider.executeTestSet(JUnit4Provider.java:146)
	at org.apache.maven.surefire.junit4.JUnit4Provider.invoke(JUnit4Provider.java:97)
	at sun.reflect.NativeMethodAccessorImpl.invoke0(Native Method)
	at sun.reflect.NativeMethodAccessorImpl.invoke(NativeMethodAccessorImpl.java:62)
	at sun.reflect.DelegatingMethodAccessorImpl.invoke(DelegatingMethodAccessorImpl.java:43)
	at java.lang.reflect.Method.invoke(Method.java:498)
	at org.apache.maven.surefire.booter.ProviderFactory$ClassLoaderProxy.invoke(ProviderFactory.java:103)
	at com.sun.proxy.$Proxy0.invoke(Unknown Source)
	at org.apache.maven.surefire.booter.SurefireStarter.invokeProvider(SurefireStarter.java:145)
	at org.apache.maven.surefire.booter.SurefireStarter.runSuitesInProcess(SurefireStarter.java:87)
	at org.apache.maven.surefire.booter.ForkedBooter.main(ForkedBooter.java:69)
Caused by: org.h2.jdbc.JdbcSQLException: Syntax error in SQL statement &quot;SELECT RES.* 
     
    FROM ACT_RU_JOB RES
     
      
   
     ORDER BY  ORDER[*] BY RES.ID_ ASC  
    LIMIT ? OFFSET ? &quot;; expected &quot;=, NOT, EXISTS, INTERSECTS, SELECT, FROM&quot;; SQL statement:
select RES.* 
     
    from ACT_RU_JOB RES
     
      
   
     order by  order by RES.ID_ asc  
    LIMIT ? OFFSET ? [42001-176]
	at org.h2.message.DbException.getJdbcSQLException(DbException.java:344)
	at org.h2.message.DbException.getSyntaxError(DbException.java:204)
	at org.h2.command.Parser.getSyntaxError(Parser.java:524)
	at org.h2.command.Parser.readTerm(Parser.java:2688)
	at org.h2.command.Parser.readFactor(Parser.java:2244)
	at org.h2.command.Parser.readSum(Parser.java:2231)
	at org.h2.command.Parser.readConcat(Parser.java:2201)
	at org.h2.command.Parser.readCondition(Parser.java:2051)
	at org.h2.command.Parser.readAnd(Parser.java:2023)
	at org.h2.command.Parser.readExpression(Parser.java:2015)
	at org.h2.command.Parser.parseEndOfQuery(Parser.java:1726)
	at org.h2.command.Parser.parseSelectUnionExtension(Parser.java:1706)
	at org.h2.command.Parser.parseSelectUnion(Parser.java:1675)
	at org.h2.command.Parser.parseSelect(Parser.java:1662)
	at org.h2.command.Parser.parsePrepared(Parser.java:434)
	at org.h2.command.Parser.parse(Parser.java:306)
	at org.h2.command.Parser.parse(Parser.java:282)
	at org.h2.command.Parser.prepareCommand(Parser.java:243)
	at org.h2.engine.Session.prepareLocal(Session.java:442)
	at org.h2.engine.Session.prepareCommand(Session.java:384)
	at org.h2.jdbc.JdbcConnection.prepareCommand(JdbcConnection.java:1188)
	at org.h2.jdbc.JdbcPreparedStatement.&lt;init&gt;(JdbcPreparedStatement.java:73)
	at org.h2.jdbc.JdbcConnection.prepareStatement(JdbcConnection.java:276)
	at sun.reflect.GeneratedMethodAccessor6.invoke(Unknown Source)
	at sun.reflect.DelegatingMethodAccessorImpl.invoke(DelegatingMethodAccessorImpl.java:43)
	at java.lang.reflect.Method.invoke(Method.java:498)
	at org.apache.ibatis.datasource.pooled.PooledConnection.invoke(PooledConnection.java:245)
	at com.sun.proxy.$Proxy12.prepareStatement(Unknown Source)
	at sun.reflect.GeneratedMethodAccessor6.invoke(Unknown Source)
	at sun.reflect.DelegatingMethodAccessorImpl.invoke(DelegatingMethodAccessorImpl.java:43)
	at java.lang.reflect.Method.invoke(Method.java:498)
	at org.apache.ibatis.logging.jdbc.ConnectionLogger.invoke(ConnectionLogger.java:55)
	at com.sun.proxy.$Proxy12.prepareStatement(Unknown Source)
	at org.apache.ibatis.executor.statement.PreparedStatementHandler.instantiateStatement(PreparedStatementHandler.java:79)
	at org.apache.ibatis.executor.statement.BaseStatementHandler.prepare(BaseStatementHandler.java:88)
	at org.apache.ibatis.executor.statement.RoutingStatementHandler.prepare(RoutingStatementHandler.java:58)
	at org.apache.ibatis.executor.SimpleExecutor.prepareStatement(SimpleExecutor.java:76)
	at org.apache.ibatis.executor.SimpleExecutor.doQuery(SimpleExecutor.java:61)
	at org.apache.ibatis.executor.BaseExecutor.queryFromDatabase(BaseExecutor.java:303)
	at org.apache.ibatis.executor.BaseExecutor.query(BaseExecutor.java:154)
	at org.apache.ibatis.executor.CachingExecutor.query(CachingExecutor.java:102)
	at org.apache.ibatis.executor.CachingExecutor.query(CachingExecutor.java:82)
	at org.apache.ibatis.session.defaults.DefaultSqlSession.selectList(DefaultSqlSession.java:120)
	... 45 more
10:47:53,951 [main] DEBUG org.activiti.engine.impl.cfg.standalone.StandaloneMybatisTransactionContext  - firing event rolling back...
10:47:53,951 [main] DEBUG org.activiti.engine.impl.cfg.standalone.StandaloneMybatisTransactionContext  - rolling back ibatis sql session...
10:47:53,951 [main] DEBUG org.activiti.engine.impl.cfg.standalone.StandaloneMybatisTransactionContext  - firing event rolled back...
10:47:53,951 [main] DEBUG org.apache.ibatis.transaction.jdbc.JdbcTransaction  - Resetting autocommit to true on JDBC Connection [conn4: url=jdbc:h2:mem:activiti user=SA]
10:47:53,951 [main] DEBUG org.apache.ibatis.transaction.jdbc.JdbcTransaction  - Closing JDBC Connection [conn4: url=jdbc:h2:mem:activiti user=SA]
10:47:53,951 [main] DEBUG org.apache.ibatis.datasource.pooled.PooledDataSource  - Returned connection 297240765 to pool.
10:47:53,951 [main] DEBUG org.activiti.engine.impl.interceptor.LogInterceptor  - --- JobQueryImpl finished --------------------------------------------------------
10:47:53,951 [main] DEBUG org.activiti.engine.impl.interceptor.LogInterceptor  - 

10:47:53,980 [Thread-112] DEBUG org.activiti.engine.impl.asyncexecutor.AcquireAsyncJobsDueRunnable  - async job acquisition thread woke up
10:47:53,980 [Thread-112] DEBUG org.activiti.engine.impl.interceptor.LogInterceptor  - 

10:47:53,980 [Thread-112] DEBUG org.activiti.engine.impl.interceptor.LogInterceptor  - --- starting AcquireAsyncJobsDueCmd --------------------------------------------------------
10:47:53,980 [Thread-112] DEBUG org.apache.ibatis.transaction.jdbc.JdbcTransaction  - Opening JDBC Connection
10:47:53,980 [Thread-112] DEBUG org.apache.ibatis.datasource.pooled.PooledDataSource  - Checked out connection 58501658 from pool.
10:47:53,980 [Thread-112] DEBUG org.apache.ibatis.transaction.jdbc.JdbcTransaction  - Setting autocommit to false on JDBC Connection [conn68: url=jdbc:h2:mem:activiti-AsyncExecutorTest user=SA]
10:47:53,980 [Thread-112] DEBUG org.activiti.engine.impl.persistence.entity.JobEntity.selectAsyncJobsDueToExecute  - ==&gt;  Preparing: select RES.* from ACT_RU_JOB RES LEFT OUTER JOIN ACT_RU_EXECUTION PI ON PI.ID_ = RES.PROCESS_INSTANCE_ID_ where RES.RETRIES_ &gt; 0 and RES.DUEDATE_ is not null and RES.DUEDATE_ &lt;= ? and (RES.LOCK_EXP_TIME_ is null or RES.LOCK_EXP_TIME_ &lt;= ?) and TYPE_ = &apos;message&apos; and ( (RES.EXECUTION_ID_ is null) or (PI.SUSPENSION_STATE_ = 1) ) LIMIT ? OFFSET ? 
10:47:53,980 [Thread-112] DEBUG org.activiti.engine.impl.persistence.entity.JobEntity.selectAsyncJobsDueToExecute  - ==&gt; Parameters: 2023-03-20 10:48:50.669(Timestamp), 2023-03-20 10:48:50.669(Timestamp), 1(Integer), 0(Integer)
10:47:53,980 [Thread-112] DEBUG org.activiti.engine.impl.persistence.entity.JobEntity.selectAsyncJobsDueToExecute  - &lt;==      Total: 0
10:47:53,980 [Thread-112] DEBUG org.activiti.engine.impl.db.DbSqlSession  - flush summary: 0 insert, 0 update, 0 delete.
10:47:53,980 [Thread-112] DEBUG org.activiti.engine.impl.db.DbSqlSession  - now executing flush...
10:47:53,980 [Thread-112] DEBUG org.activiti.engine.impl.cfg.standalone.StandaloneMybatisTransactionContext  - firing event committing...
10:47:53,980 [Thread-112] DEBUG org.activiti.engine.impl.cfg.standalone.StandaloneMybatisTransactionContext  - committing the ibatis sql session...
10:47:53,980 [Thread-112] DEBUG org.activiti.engine.impl.cfg.standalone.StandaloneMybatisTransactionContext  - firing event committed...
10:47:53,980 [Thread-112] DEBUG org.apache.ibatis.transaction.jdbc.JdbcTransaction  - Resetting autocommit to true on JDBC Connection [conn68: url=jdbc:h2:mem:activiti-AsyncExecutorTest user=SA]
10:47:53,980 [Thread-112] DEBUG org.apache.ibatis.transaction.jdbc.JdbcTransaction  - Closing JDBC Connection [conn68: url=jdbc:h2:mem:activiti-AsyncExecutorTest user=SA]
10:47:53,980 [Thread-112] DEBUG org.apache.ibatis.datasource.pooled.PooledDataSource  - Returned connection 58501658 to pool.
10:47:53,980 [Thread-112] DEBUG org.activiti.engine.impl.interceptor.LogInterceptor  - --- AcquireAsyncJobsDueCmd finished --------------------------------------------------------
10:47:53,980 [Thread-112] DEBUG org.activiti.engine.impl.interceptor.LogInterceptor  - 

10:47:53,981 [Thread-112] DEBUG org.activiti.engine.impl.asyncexecutor.AcquireAsyncJobsDueRunnable  - async job acquisition thread sleeping for 50 millis
10:47:53,996 [Thread-105] DEBUG org.activiti.engine.impl.asyncexecutor.AcquireTimerJobsRunnable  - timer job acquisition thread woke up
10:47:53,996 [Thread-105] DEBUG org.activiti.engine.impl.interceptor.LogInterceptor  - 

10:47:53,996 [Thread-105] DEBUG org.activiti.engine.impl.interceptor.LogInterceptor  - --- starting AcquireTimerJobsCmd --------------------------------------------------------
10:47:53,996 [Thread-105] DEBUG org.apache.ibatis.transaction.jdbc.JdbcTransaction  - Opening JDBC Connection
10:47:53,996 [Thread-102] DEBUG org.activiti.engine.impl.asyncexecutor.AcquireTimerJobsRunnable  - timer job acquisition thread woke up
10:47:53,996 [Thread-102] DEBUG org.activiti.engine.impl.interceptor.LogInterceptor  - 

10:47:53,996 [Thread-102] DEBUG org.activiti.engine.impl.interceptor.LogInterceptor  - --- starting AcquireTimerJobsCmd --------------------------------------------------------
10:47:53,996 [Thread-111] DEBUG org.activiti.engine.impl.asyncexecutor.AcquireTimerJobsRunnable  - timer job acquisition thread woke up
10:47:53,996 [Thread-111] DEBUG org.activiti.engine.impl.interceptor.LogInterceptor  - 

10:47:53,996 [Thread-111] DEBUG org.activiti.engine.impl.interceptor.LogInterceptor  - --- starting AcquireTimerJobsCmd --------------------------------------------------------
10:47:53,996 [Thread-111] DEBUG org.apache.ibatis.transaction.jdbc.JdbcTransaction  - Opening JDBC Connection
10:47:53,996 [Thread-111] DEBUG org.apache.ibatis.datasource.pooled.PooledDataSource  - Checked out connection 1863805930 from pool.
10:47:53,996 [Thread-111] DEBUG org.apache.ibatis.transaction.jdbc.JdbcTransaction  - Setting autocommit to false on JDBC Connection [conn69: url=jdbc:h2:mem:activiti-AsyncExecutorTest user=SA]
10:47:53,996 [Thread-111] DEBUG org.activiti.engine.impl.persistence.entity.JobEntity.selectNextTimerJobsToExecute  - ==&gt;  Preparing: select RES.* from ACT_RU_JOB RES LEFT OUTER JOIN ACT_RU_EXECUTION PI ON PI.ID_ = RES.PROCESS_INSTANCE_ID_ where (RES.RETRIES_ &gt; 0) and (RES.DUEDATE_ is null or RES.DUEDATE_ &lt;= ?) and (RES.LOCK_OWNER_ is null or RES.LOCK_EXP_TIME_ &lt;= ?) and TYPE_ = &apos;timer&apos; and ( (RES.EXECUTION_ID_ is null) or (PI.SUSPENSION_STATE_ = 1) ) LIMIT ? OFFSET ? 
10:47:53,996 [Thread-106] DEBUG org.activiti.engine.impl.asyncexecutor.AcquireAsyncJobsDueRunnable  - async job acquisition thread woke up
10:47:53,996 [Thread-106] DEBUG org.activiti.engine.impl.interceptor.LogInterceptor  - 

10:47:53,996 [Thread-106] DEBUG org.activiti.engine.impl.interceptor.LogInterceptor  - --- starting AcquireAsyncJobsDueCmd --------------------------------------------------------
10:47:53,996 [Thread-103] DEBUG org.activiti.engine.impl.asyncexecutor.AcquireAsyncJobsDueRunnable  - async job acquisition thread woke up
10:47:53,996 [Thread-103] DEBUG org.activiti.engine.impl.interceptor.LogInterceptor  - 

10:47:53,996 [Thread-103] DEBUG org.activiti.engine.impl.interceptor.LogInterceptor  - --- starting AcquireAsyncJobsDueCmd --------------------------------------------------------
10:47:53,996 [Thread-103] DEBUG org.apache.ibatis.transaction.jdbc.JdbcTransaction  - Opening JDBC Connection
10:47:53,996 [Thread-103] DEBUG org.apache.ibatis.datasource.pooled.PooledDataSource  - Checked out connection 720039383 from pool.
10:47:53,996 [Thread-103] DEBUG org.apache.ibatis.transaction.jdbc.JdbcTransaction  - Setting autocommit to false on JDBC Connection [conn59: url=jdbc:h2:mem:activiti-AsyncExecutorTest user=SA]
10:47:53,996 [Thread-103] DEBUG org.activiti.engine.impl.persistence.entity.JobEntity.selectAsyncJobsDueToExecute  - ==&gt;  Preparing: select RES.* from ACT_RU_JOB RES LEFT OUTER JOIN ACT_RU_EXECUTION PI ON PI.ID_ = RES.PROCESS_INSTANCE_ID_ where RES.RETRIES_ &gt; 0 and RES.DUEDATE_ is not null and RES.DUEDATE_ &lt;= ? and (RES.LOCK_EXP_TIME_ is null or RES.LOCK_EXP_TIME_ &lt;= ?) and TYPE_ = &apos;message&apos; and ( (RES.EXECUTION_ID_ is null) or (PI.SUSPENSION_STATE_ = 1) ) LIMIT ? OFFSET ? 
10:47:53,996 [Thread-106] DEBUG org.apache.ibatis.transaction.jdbc.JdbcTransaction  - Opening JDBC Connection
10:47:53,996 [Thread-111] DEBUG org.activiti.engine.impl.persistence.entity.JobEntity.selectNextTimerJobsToExecute  - ==&gt; Parameters: 2023-03-20 10:48:50.669(Timestamp), 2023-03-20 10:48:50.669(Timestamp), 1(Integer), 0(Integer)
10:47:53,997 [Thread-111] DEBUG org.activiti.engine.impl.persistence.entity.JobEntity.selectNextTimerJobsToExecute  - &lt;==      Total: 0
10:47:53,996 [Thread-102] DEBUG org.apache.ibatis.transaction.jdbc.JdbcTransaction  - Opening JDBC Connection
10:47:53,997 [Thread-102] DEBUG org.apache.ibatis.datasource.pooled.PooledDataSource  - Checked out connection 33534803 from pool.
10:47:53,997 [Thread-102] DEBUG org.apache.ibatis.transaction.jdbc.JdbcTransaction  - Setting autocommit to false on JDBC Connection [conn60: url=jdbc:h2:mem:activiti-AsyncExecutorTest user=SA]
10:47:53,996 [Thread-105] DEBUG org.apache.ibatis.datasource.pooled.PooledDataSource  - Checked out connection 54468349 from pool.
10:47:53,997 [Thread-105] DEBUG org.apache.ibatis.transaction.jdbc.JdbcTransaction  - Setting autocommit to false on JDBC Connection [conn64: url=jdbc:h2:mem:activiti-AsyncExecutorTest user=SA]
10:47:53,997 [Thread-105] DEBUG org.activiti.engine.impl.persistence.entity.JobEntity.selectNextTimerJobsToExecute  - ==&gt;  Preparing: select RES.* from ACT_RU_JOB RES LEFT OUTER JOIN ACT_RU_EXECUTION PI ON PI.ID_ = RES.PROCESS_INSTANCE_ID_ where (RES.RETRIES_ &gt; 0) and (RES.DUEDATE_ is null or RES.DUEDATE_ &lt;= ?) and (RES.LOCK_OWNER_ is null or RES.LOCK_EXP_TIME_ &lt;= ?) and TYPE_ = &apos;timer&apos; and ( (RES.EXECUTION_ID_ is null) or (PI.SUSPENSION_STATE_ = 1) ) LIMIT ? OFFSET ? 
10:47:53,997 [Thread-102] DEBUG org.activiti.engine.impl.persistence.entity.JobEntity.selectNextTimerJobsToExecute  - ==&gt;  Preparing: select RES.* from ACT_RU_JOB RES LEFT OUTER JOIN ACT_RU_EXECUTION PI ON PI.ID_ = RES.PROCESS_INSTANCE_ID_ where (RES.RETRIES_ &gt; 0) and (RES.DUEDATE_ is null or RES.DUEDATE_ &lt;= ?) and (RES.LOCK_OWNER_ is null or RES.LOCK_EXP_TIME_ &lt;= ?) and TYPE_ = &apos;timer&apos; and ( (RES.EXECUTION_ID_ is null) or (PI.SUSPENSION_STATE_ = 1) ) LIMIT ? OFFSET ? 
10:47:53,997 [Thread-102] DEBUG org.activiti.engine.impl.persistence.entity.JobEntity.selectNextTimerJobsToExecute  - ==&gt; Parameters: 2023-03-20 10:48:50.669(Timestamp), 2023-03-20 10:48:50.669(Timestamp), 1(Integer), 0(Integer)
10:47:53,997 [Thread-111] DEBUG org.activiti.engine.impl.db.DbSqlSession  - flush summary: 0 insert, 0 update, 0 delete.
10:47:53,997 [Thread-111] DEBUG org.activiti.engine.impl.db.DbSqlSession  - now executing flush...
10:47:53,997 [Thread-111] DEBUG org.activiti.engine.impl.cfg.standalone.StandaloneMybatisTransactionContext  - firing event committing...
10:47:53,997 [Thread-111] DEBUG org.activiti.engine.impl.cfg.standalone.StandaloneMybatisTransactionContext  - committing the ibatis sql session...
10:47:53,997 [Thread-111] DEBUG org.activiti.engine.impl.cfg.standalone.StandaloneMybatisTransactionContext  - firing event committed...
10:47:53,997 [Thread-111] DEBUG org.apache.ibatis.transaction.jdbc.JdbcTransaction  - Resetting autocommit to true on JDBC Connection [conn69: url=jdbc:h2:mem:activiti-AsyncExecutorTest user=SA]
10:47:53,997 [Thread-111] DEBUG org.apache.ibatis.transaction.jdbc.JdbcTransaction  - Closing JDBC Connection [conn69: url=jdbc:h2:mem:activiti-AsyncExecutorTest user=SA]
10:47:53,997 [Thread-111] DEBUG org.apache.ibatis.datasource.pooled.PooledDataSource  - Returned connection 1863805930 to pool.
10:47:53,997 [Thread-111] DEBUG org.activiti.engine.impl.interceptor.LogInterceptor  - --- AcquireTimerJobsCmd finished --------------------------------------------------------
10:47:53,997 [Thread-111] DEBUG org.activiti.engine.impl.interceptor.LogInterceptor  - 

10:47:53,997 [Thread-111] DEBUG org.activiti.engine.impl.asyncexecutor.AcquireTimerJobsRunnable  - timer job acquisition thread sleeping for 50 millis
10:47:53,997 [Thread-103] DEBUG org.activiti.engine.impl.persistence.entity.JobEntity.selectAsyncJobsDueToExecute  - ==&gt; Parameters: 2023-03-20 10:48:50.669(Timestamp), 2023-03-20 10:48:50.669(Timestamp), 1(Integer), 0(Integer)
10:47:53,997 [Thread-103] DEBUG org.activiti.engine.impl.persistence.entity.JobEntity.selectAsyncJobsDueToExecute  - &lt;==      Total: 0
10:47:53,997 [Thread-103] DEBUG org.activiti.engine.impl.db.DbSqlSession  - flush summary: 0 insert, 0 update, 0 delete.
10:47:53,997 [Thread-103] DEBUG org.activiti.engine.impl.db.DbSqlSession  - now executing flush...
10:47:53,997 [Thread-103] DEBUG org.activiti.engine.impl.cfg.standalone.StandaloneMybatisTransactionContext  - firing event committing...
10:47:53,997 [Thread-103] DEBUG org.activiti.engine.impl.cfg.standalone.StandaloneMybatisTransactionContext  - committing the ibatis sql session...
10:47:53,997 [Thread-103] DEBUG org.activiti.engine.impl.cfg.standalone.StandaloneMybatisTransactionContext  - firing event committed...
10:47:53,997 [Thread-102] DEBUG org.activiti.engine.impl.persistence.entity.JobEntity.selectNextTimerJobsToExecute  - &lt;==      Total: 0
10:47:53,998 [Thread-102] DEBUG org.activiti.engine.impl.db.DbSqlSession  - flush summary: 0 insert, 0 update, 0 delete.
10:47:53,998 [Thread-102] DEBUG org.activiti.engine.impl.db.DbSqlSession  - now executing flush...
10:47:53,997 [Thread-106] DEBUG org.apache.ibatis.datasource.pooled.PooledDataSource  - Checked out connection 996762054 from pool.
10:47:53,998 [Thread-106] DEBUG org.apache.ibatis.transaction.jdbc.JdbcTransaction  - Setting autocommit to false on JDBC Connection [conn65: url=jdbc:h2:mem:activiti-AsyncExecutorTest user=SA]
10:47:53,998 [Thread-106] DEBUG org.activiti.engine.impl.persistence.entity.JobEntity.selectAsyncJobsDueToExecute  - ==&gt;  Preparing: select RES.* from ACT_RU_JOB RES LEFT OUTER JOIN ACT_RU_EXECUTION PI ON PI.ID_ = RES.PROCESS_INSTANCE_ID_ where RES.RETRIES_ &gt; 0 and RES.DUEDATE_ is not null and RES.DUEDATE_ &lt;= ? and (RES.LOCK_EXP_TIME_ is null or RES.LOCK_EXP_TIME_ &lt;= ?) and TYPE_ = &apos;message&apos; and ( (RES.EXECUTION_ID_ is null) or (PI.SUSPENSION_STATE_ = 1) ) LIMIT ? OFFSET ? 
10:47:53,998 [Thread-106] DEBUG org.activiti.engine.impl.persistence.entity.JobEntity.selectAsyncJobsDueToExecute  - ==&gt; Parameters: 2023-03-20 10:48:50.669(Timestamp), 2023-03-20 10:48:50.669(Timestamp), 1(Integer), 0(Integer)
10:47:53,998 [Thread-106] DEBUG org.activiti.engine.impl.persistence.entity.JobEntity.selectAsyncJobsDueToExecute  - &lt;==      Total: 0
10:47:53,998 [Thread-106] DEBUG org.activiti.engine.impl.db.DbSqlSession  - flush summary: 0 insert, 0 update, 0 delete.
10:47:53,998 [Thread-106] DEBUG org.activiti.engine.impl.db.DbSqlSession  - now executing flush...
10:47:53,998 [Thread-106] DEBUG org.activiti.engine.impl.cfg.standalone.StandaloneMybatisTransactionContext  - firing event committing...
10:47:53,998 [Thread-106] DEBUG org.activiti.engine.impl.cfg.standalone.StandaloneMybatisTransactionContext  - committing the ibatis sql session...
10:47:53,998 [Thread-106] DEBUG org.activiti.engine.impl.cfg.standalone.StandaloneMybatisTransactionContext  - firing event committed...
10:47:53,998 [Thread-106] DEBUG org.apache.ibatis.transaction.jdbc.JdbcTransaction  - Resetting autocommit to true on JDBC Connection [conn65: url=jdbc:h2:mem:activiti-AsyncExecutorTest user=SA]
10:47:53,998 [Thread-106] DEBUG org.apache.ibatis.transaction.jdbc.JdbcTransaction  - Closing JDBC Connection [conn65: url=jdbc:h2:mem:activiti-AsyncExecutorTest user=SA]
10:47:53,998 [Thread-106] DEBUG org.apache.ibatis.datasource.pooled.PooledDataSource  - Returned connection 996762054 to pool.
10:47:53,998 [Thread-106] DEBUG org.activiti.engine.impl.interceptor.LogInterceptor  - --- AcquireAsyncJobsDueCmd finished --------------------------------------------------------
10:47:53,997 [Thread-105] DEBUG org.activiti.engine.impl.persistence.entity.JobEntity.selectNextTimerJobsToExecute  - ==&gt; Parameters: 2023-03-20 10:48:50.669(Timestamp), 2023-03-20 10:48:50.669(Timestamp), 1(Integer), 0(Integer)
10:47:53,998 [Thread-105] DEBUG org.activiti.engine.impl.persistence.entity.JobEntity.selectNextTimerJobsToExecute  - &lt;==      Total: 0
10:47:53,998 [Thread-105] DEBUG org.activiti.engine.impl.db.DbSqlSession  - flush summary: 0 insert, 0 update, 0 delete.
10:47:53,998 [Thread-106] DEBUG org.activiti.engine.impl.interceptor.LogInterceptor  - 

10:47:53,998 [Thread-106] DEBUG org.activiti.engine.impl.asyncexecutor.AcquireAsyncJobsDueRunnable  - async job acquisition thread sleeping for 50 millis
10:47:53,998 [Thread-102] DEBUG org.activiti.engine.impl.cfg.standalone.StandaloneMybatisTransactionContext  - firing event committing...
10:47:53,998 [Thread-102] DEBUG org.activiti.engine.impl.cfg.standalone.StandaloneMybatisTransactionContext  - committing the ibatis sql session...
10:47:53,998 [Thread-102] DEBUG org.activiti.engine.impl.cfg.standalone.StandaloneMybatisTransactionContext  - firing event committed...
10:47:53,998 [Thread-102] DEBUG org.apache.ibatis.transaction.jdbc.JdbcTransaction  - Resetting autocommit to true on JDBC Connection [conn60: url=jdbc:h2:mem:activiti-AsyncExecutorTest user=SA]
10:47:53,998 [Thread-103] DEBUG org.apache.ibatis.transaction.jdbc.JdbcTransaction  - Resetting autocommit to true on JDBC Connection [conn59: url=jdbc:h2:mem:activiti-AsyncExecutorTest user=SA]
10:47:53,998 [Thread-103] DEBUG org.apache.ibatis.transaction.jdbc.JdbcTransaction  - Closing JDBC Connection [conn59: url=jdbc:h2:mem:activiti-AsyncExecutorTest user=SA]
10:47:53,998 [Thread-103] DEBUG org.apache.ibatis.datasource.pooled.PooledDataSource  - Returned connection 720039383 to pool.
10:47:53,999 [Thread-103] DEBUG org.activiti.engine.impl.interceptor.LogInterceptor  - --- AcquireAsyncJobsDueCmd finished --------------------------------------------------------
10:47:53,999 [Thread-103] DEBUG org.activiti.engine.impl.interceptor.LogInterceptor  - 

10:47:53,999 [Thread-103] DEBUG org.activiti.engine.impl.asyncexecutor.AcquireAsyncJobsDueRunnable  - async job acquisition thread sleeping for 50 millis
10:47:53,998 [Thread-102] DEBUG org.apache.ibatis.transaction.jdbc.JdbcTransaction  - Closing JDBC Connection [conn60: url=jdbc:h2:mem:activiti-AsyncExecutorTest user=SA]
10:47:53,999 [Thread-102] DEBUG org.apache.ibatis.datasource.pooled.PooledDataSource  - Returned connection 33534803 to pool.
10:47:53,999 [Thread-102] DEBUG org.activiti.engine.impl.interceptor.LogInterceptor  - --- AcquireTimerJobsCmd finished --------------------------------------------------------
10:47:53,999 [Thread-102] DEBUG org.activiti.engine.impl.interceptor.LogInterceptor  - 

10:47:53,999 [Thread-102] DEBUG org.activiti.engine.impl.asyncexecutor.AcquireTimerJobsRunnable  - timer job acquisition thread sleeping for 50 millis
10:47:53,998 [Thread-105] DEBUG org.activiti.engine.impl.db.DbSqlSession  - now executing flush...
10:47:53,999 [Thread-105] DEBUG org.activiti.engine.impl.cfg.standalone.StandaloneMybatisTransactionContext  - firing event committing...
10:47:53,999 [Thread-105] DEBUG org.activiti.engine.impl.cfg.standalone.StandaloneMybatisTransactionContext  - committing the ibatis sql session...
10:47:53,999 [Thread-105] DEBUG org.activiti.engine.impl.cfg.standalone.StandaloneMybatisTransactionContext  - firing event committed...
10:47:53,999 [Thread-105] DEBUG org.apache.ibatis.transaction.jdbc.JdbcTransaction  - Resetting autocommit to true on JDBC Connection [conn64: url=jdbc:h2:mem:activiti-AsyncExecutorTest user=SA]
10:47:53,999 [Thread-105] DEBUG org.apache.ibatis.transaction.jdbc.JdbcTransaction  - Closing JDBC Connection [conn64: url=jdbc:h2:mem:activiti-AsyncExecutorTest user=SA]
10:47:53,999 [Thread-105] DEBUG org.apache.ibatis.datasource.pooled.PooledDataSource  - Returned connection 54468349 to pool.
10:47:53,999 [Thread-105] DEBUG org.activiti.engine.impl.interceptor.LogInterceptor  - --- AcquireTimerJobsCmd finished --------------------------------------------------------
10:47:53,999 [Thread-105] DEBUG org.activiti.engine.impl.interceptor.LogInterceptor  - 

10:47:53,999 [Thread-105] DEBUG org.activiti.engine.impl.asyncexecutor.AcquireTimerJobsRunnable  - timer job acquisition thread sleeping for 50 millis
10:47:54,043 [Thread-112] DEBUG org.activiti.engine.impl.asyncexecutor.AcquireAsyncJobsDueRunnable  - async job acquisition thread woke up
10:47:54,043 [Thread-112] DEBUG org.activiti.engine.impl.interceptor.LogInterceptor  - 

10:47:54,043 [Thread-112] DEBUG org.activiti.engine.impl.interceptor.LogInterceptor  - --- starting AcquireAsyncJobsDueCmd --------------------------------------------------------
10:47:54,043 [Thread-112] DEBUG org.apache.ibatis.transaction.jdbc.JdbcTransaction  - Opening JDBC Connection
10:47:54,043 [Thread-112] DEBUG org.apache.ibatis.datasource.pooled.PooledDataSource  - Checked out connection 604408605 from pool.
10:47:54,043 [Thread-112] DEBUG org.apache.ibatis.transaction.jdbc.JdbcTransaction  - Setting autocommit to false on JDBC Connection [conn70: url=jdbc:h2:mem:activiti-AsyncExecutorTest user=SA]
10:47:54,043 [Thread-112] DEBUG org.activiti.engine.impl.persistence.entity.JobEntity.selectAsyncJobsDueToExecute  - ==&gt;  Preparing: select RES.* from ACT_RU_JOB RES LEFT OUTER JOIN ACT_RU_EXECUTION PI ON PI.ID_ = RES.PROCESS_INSTANCE_ID_ where RES.RETRIES_ &gt; 0 and RES.DUEDATE_ is not null and RES.DUEDATE_ &lt;= ? and (RES.LOCK_EXP_TIME_ is null or RES.LOCK_EXP_TIME_ &lt;= ?) and TYPE_ = &apos;message&apos; and ( (RES.EXECUTION_ID_ is null) or (PI.SUSPENSION_STATE_ = 1) ) LIMIT ? OFFSET ? 
10:47:54,043 [Thread-112] DEBUG org.activiti.engine.impl.persistence.entity.JobEntity.selectAsyncJobsDueToExecute  - ==&gt; Parameters: 2023-03-20 10:48:50.669(Timestamp), 2023-03-20 10:48:50.669(Timestamp), 1(Integer), 0(Integer)
10:47:54,043 [Thread-112] DEBUG org.activiti.engine.impl.persistence.entity.JobEntity.selectAsyncJobsDueToExecute  - &lt;==      Total: 0
10:47:54,043 [Thread-112] DEBUG org.activiti.engine.impl.db.DbSqlSession  - flush summary: 0 insert, 0 update, 0 delete.
10:47:54,043 [Thread-112] DEBUG org.activiti.engine.impl.db.DbSqlSession  - now executing flush...
10:47:54,043 [Thread-112] DEBUG org.activiti.engine.impl.cfg.standalone.StandaloneMybatisTransactionContext  - firing event committing...
10:47:54,043 [Thread-112] DEBUG org.activiti.engine.impl.cfg.standalone.StandaloneMybatisTransactionContext  - committing the ibatis sql session...
10:47:54,043 [Thread-112] DEBUG org.activiti.engine.impl.cfg.standalone.StandaloneMybatisTransactionContext  - firing event committed...
10:47:54,043 [Thread-112] DEBUG org.apache.ibatis.transaction.jdbc.JdbcTransaction  - Resetting autocommit to true on JDBC Connection [conn70: url=jdbc:h2:mem:activiti-AsyncExecutorTest user=SA]
10:47:54,043 [Thread-112] DEBUG org.apache.ibatis.transaction.jdbc.JdbcTransaction  - Closing JDBC Connection [conn70: url=jdbc:h2:mem:activiti-AsyncExecutorTest user=SA]
10:47:54,043 [Thread-112] DEBUG org.apache.ibatis.datasource.pooled.PooledDataSource  - Returned connection 604408605 to pool.
10:47:54,043 [Thread-112] DEBUG org.activiti.engine.impl.interceptor.LogInterceptor  - --- AcquireAsyncJobsDueCmd finished --------------------------------------------------------
10:47:54,043 [Thread-112] DEBUG org.activiti.engine.impl.interceptor.LogInterceptor  - 

10:47:54,043 [Thread-112] DEBUG org.activiti.engine.impl.asyncexecutor.AcquireAsyncJobsDueRunnable  - async job acquisition thread sleeping for 50 millis
10:47:54,057 [Thread-103] DEBUG org.activiti.engine.impl.asyncexecutor.AcquireAsyncJobsDueRunnable  - async job acquisition thread woke up
10:47:54,058 [Thread-103] DEBUG org.activiti.engine.impl.interceptor.LogInterceptor  - 

10:47:54,058 [Thread-103] DEBUG org.activiti.engine.impl.interceptor.LogInterceptor  - --- starting AcquireAsyncJobsDueCmd --------------------------------------------------------
10:47:54,058 [Thread-103] DEBUG org.apache.ibatis.transaction.jdbc.JdbcTransaction  - Opening JDBC Connection
10:47:54,058 [Thread-103] DEBUG org.apache.ibatis.datasource.pooled.PooledDataSource  - Checked out connection 157985567 from pool.
10:47:54,058 [Thread-103] DEBUG org.apache.ibatis.transaction.jdbc.JdbcTransaction  - Setting autocommit to false on JDBC Connection [conn61: url=jdbc:h2:mem:activiti-AsyncExecutorTest user=SA]
10:47:54,058 [Thread-103] DEBUG org.activiti.engine.impl.persistence.entity.JobEntity.selectAsyncJobsDueToExecute  - ==&gt;  Preparing: select RES.* from ACT_RU_JOB RES LEFT OUTER JOIN ACT_RU_EXECUTION PI ON PI.ID_ = RES.PROCESS_INSTANCE_ID_ where RES.RETRIES_ &gt; 0 and RES.DUEDATE_ is not null and RES.DUEDATE_ &lt;= ? and (RES.LOCK_EXP_TIME_ is null or RES.LOCK_EXP_TIME_ &lt;= ?) and TYPE_ = &apos;message&apos; and ( (RES.EXECUTION_ID_ is null) or (PI.SUSPENSION_STATE_ = 1) ) LIMIT ? OFFSET ? 
10:47:54,058 [Thread-103] DEBUG org.activiti.engine.impl.persistence.entity.JobEntity.selectAsyncJobsDueToExecute  - ==&gt; Parameters: 2023-03-20 10:48:50.669(Timestamp), 2023-03-20 10:48:50.669(Timestamp), 1(Integer), 0(Integer)
10:47:54,057 [Thread-106] DEBUG org.activiti.engine.impl.asyncexecutor.AcquireAsyncJobsDueRunnable  - async job acquisition thread woke up
10:47:54,058 [Thread-106] DEBUG org.activiti.engine.impl.interceptor.LogInterceptor  - 

10:47:54,058 [Thread-106] DEBUG org.activiti.engine.impl.interceptor.LogInterceptor  - --- starting AcquireAsyncJobsDueCmd --------------------------------------------------------
10:47:54,057 [Thread-111] DEBUG org.activiti.engine.impl.asyncexecutor.AcquireTimerJobsRunnable  - timer job acquisition thread woke up
10:47:54,058 [Thread-111] DEBUG org.activiti.engine.impl.interceptor.LogInterceptor  - 

10:47:54,058 [Thread-111] DEBUG org.activiti.engine.impl.interceptor.LogInterceptor  - --- starting AcquireTimerJobsCmd --------------------------------------------------------
10:47:54,057 [Thread-102] DEBUG org.activiti.engine.impl.asyncexecutor.AcquireTimerJobsRunnable  - timer job acquisition thread woke up
10:47:54,058 [Thread-102] DEBUG org.activiti.engine.impl.interceptor.LogInterceptor  - 

10:47:54,058 [Thread-102] DEBUG org.activiti.engine.impl.interceptor.LogInterceptor  - --- starting AcquireTimerJobsCmd --------------------------------------------------------
10:47:54,058 [Thread-102] DEBUG org.apache.ibatis.transaction.jdbc.JdbcTransaction  - Opening JDBC Connection
10:47:54,058 [Thread-102] DEBUG org.apache.ibatis.datasource.pooled.PooledDataSource  - Checked out connection 720039383 from pool.
10:47:54,058 [Thread-102] DEBUG org.apache.ibatis.transaction.jdbc.JdbcTransaction  - Setting autocommit to false on JDBC Connection [conn59: url=jdbc:h2:mem:activiti-AsyncExecutorTest user=SA]
10:47:54,058 [Thread-102] DEBUG org.activiti.engine.impl.persistence.entity.JobEntity.selectNextTimerJobsToExecute  - ==&gt;  Preparing: select RES.* from ACT_RU_JOB RES LEFT OUTER JOIN ACT_RU_EXECUTION PI ON PI.ID_ = RES.PROCESS_INSTANCE_ID_ where (RES.RETRIES_ &gt; 0) and (RES.DUEDATE_ is null or RES.DUEDATE_ &lt;= ?) and (RES.LOCK_OWNER_ is null or RES.LOCK_EXP_TIME_ &lt;= ?) and TYPE_ = &apos;timer&apos; and ( (RES.EXECUTION_ID_ is null) or (PI.SUSPENSION_STATE_ = 1) ) LIMIT ? OFFSET ? 
10:47:54,058 [Thread-102] DEBUG org.activiti.engine.impl.persistence.entity.JobEntity.selectNextTimerJobsToExecute  - ==&gt; Parameters: 2023-03-20 10:48:50.669(Timestamp), 2023-03-20 10:48:50.669(Timestamp), 1(Integer), 0(Integer)
10:47:54,058 [Thread-102] DEBUG org.activiti.engine.impl.persistence.entity.JobEntity.selectNextTimerJobsToExecute  - &lt;==      Total: 0
10:47:54,058 [Thread-102] DEBUG org.activiti.engine.impl.db.DbSqlSession  - flush summary: 0 insert, 0 update, 0 delete.
10:47:54,058 [Thread-102] DEBUG org.activiti.engine.impl.db.DbSqlSession  - now executing flush...
10:47:54,058 [Thread-102] DEBUG org.activiti.engine.impl.cfg.standalone.StandaloneMybatisTransactionContext  - firing event committing...
10:47:54,058 [Thread-102] DEBUG org.activiti.engine.impl.cfg.standalone.StandaloneMybatisTransactionContext  - committing the ibatis sql session...
10:47:54,058 [Thread-102] DEBUG org.activiti.engine.impl.cfg.standalone.StandaloneMybatisTransactionContext  - firing event committed...
10:47:54,057 [Thread-105] DEBUG org.activiti.engine.impl.asyncexecutor.AcquireTimerJobsRunnable  - timer job acquisition thread woke up
10:47:54,058 [Thread-105] DEBUG org.activiti.engine.impl.interceptor.LogInterceptor  - 

10:47:54,058 [Thread-105] DEBUG org.activiti.engine.impl.interceptor.LogInterceptor  - --- starting AcquireTimerJobsCmd --------------------------------------------------------
10:47:54,058 [Thread-105] DEBUG org.apache.ibatis.transaction.jdbc.JdbcTransaction  - Opening JDBC Connection
10:47:54,058 [Thread-105] DEBUG org.apache.ibatis.datasource.pooled.PooledDataSource  - Checked out connection 1970103261 from pool.
10:47:54,058 [Thread-105] DEBUG org.apache.ibatis.transaction.jdbc.JdbcTransaction  - Setting autocommit to false on JDBC Connection [conn63: url=jdbc:h2:mem:activiti-AsyncExecutorTest user=SA]
10:47:54,058 [Thread-105] DEBUG org.activiti.engine.impl.persistence.entity.JobEntity.selectNextTimerJobsToExecute  - ==&gt;  Preparing: select RES.* from ACT_RU_JOB RES LEFT OUTER JOIN ACT_RU_EXECUTION PI ON PI.ID_ = RES.PROCESS_INSTANCE_ID_ where (RES.RETRIES_ &gt; 0) and (RES.DUEDATE_ is null or RES.DUEDATE_ &lt;= ?) and (RES.LOCK_OWNER_ is null or RES.LOCK_EXP_TIME_ &lt;= ?) and TYPE_ = &apos;timer&apos; and ( (RES.EXECUTION_ID_ is null) or (PI.SUSPENSION_STATE_ = 1) ) LIMIT ? OFFSET ? 
10:47:54,058 [Thread-105] DEBUG org.activiti.engine.impl.persistence.entity.JobEntity.selectNextTimerJobsToExecute  - ==&gt; Parameters: 2023-03-20 10:48:50.669(Timestamp), 2023-03-20 10:48:50.669(Timestamp), 1(Integer), 0(Integer)
10:47:54,058 [Thread-102] DEBUG org.apache.ibatis.transaction.jdbc.JdbcTransaction  - Resetting autocommit to true on JDBC Connection [conn59: url=jdbc:h2:mem:activiti-AsyncExecutorTest user=SA]
10:47:54,058 [Thread-102] DEBUG org.apache.ibatis.transaction.jdbc.JdbcTransaction  - Closing JDBC Connection [conn59: url=jdbc:h2:mem:activiti-AsyncExecutorTest user=SA]
10:47:54,058 [Thread-102] DEBUG org.apache.ibatis.datasource.pooled.PooledDataSource  - Returned connection 720039383 to pool.
10:47:54,058 [Thread-102] DEBUG org.activiti.engine.impl.interceptor.LogInterceptor  - --- AcquireTimerJobsCmd finished --------------------------------------------------------
10:47:54,058 [Thread-102] DEBUG org.activiti.engine.impl.interceptor.LogInterceptor  - 

10:47:54,058 [Thread-102] DEBUG org.activiti.engine.impl.asyncexecutor.AcquireTimerJobsRunnable  - timer job acquisition thread sleeping for 50 millis
10:47:54,058 [Thread-111] DEBUG org.apache.ibatis.transaction.jdbc.JdbcTransaction  - Opening JDBC Connection
10:47:54,058 [Thread-111] DEBUG org.apache.ibatis.datasource.pooled.PooledDataSource  - Checked out connection 58501658 from pool.
10:47:54,058 [Thread-111] DEBUG org.apache.ibatis.transaction.jdbc.JdbcTransaction  - Setting autocommit to false on JDBC Connection [conn68: url=jdbc:h2:mem:activiti-AsyncExecutorTest user=SA]
10:47:54,058 [Thread-111] DEBUG org.activiti.engine.impl.persistence.entity.JobEntity.selectNextTimerJobsToExecute  - ==&gt;  Preparing: select RES.* from ACT_RU_JOB RES LEFT OUTER JOIN ACT_RU_EXECUTION PI ON PI.ID_ = RES.PROCESS_INSTANCE_ID_ where (RES.RETRIES_ &gt; 0) and (RES.DUEDATE_ is null or RES.DUEDATE_ &lt;= ?) and (RES.LOCK_OWNER_ is null or RES.LOCK_EXP_TIME_ &lt;= ?) and TYPE_ = &apos;timer&apos; and ( (RES.EXECUTION_ID_ is null) or (PI.SUSPENSION_STATE_ = 1) ) LIMIT ? OFFSET ? 
10:47:54,058 [Thread-106] DEBUG org.apache.ibatis.transaction.jdbc.JdbcTransaction  - Opening JDBC Connection
10:47:54,058 [Thread-106] DEBUG org.apache.ibatis.datasource.pooled.PooledDataSource  - Checked out connection 996762054 from pool.
10:47:54,058 [Thread-106] DEBUG org.apache.ibatis.transaction.jdbc.JdbcTransaction  - Setting autocommit to false on JDBC Connection [conn65: url=jdbc:h2:mem:activiti-AsyncExecutorTest user=SA]
10:47:54,058 [Thread-103] DEBUG org.activiti.engine.impl.persistence.entity.JobEntity.selectAsyncJobsDueToExecute  - &lt;==      Total: 0
10:47:54,059 [Thread-103] DEBUG org.activiti.engine.impl.db.DbSqlSession  - flush summary: 0 insert, 0 update, 0 delete.
10:47:54,059 [Thread-103] DEBUG org.activiti.engine.impl.db.DbSqlSession  - now executing flush...
10:47:54,059 [Thread-103] DEBUG org.activiti.engine.impl.cfg.standalone.StandaloneMybatisTransactionContext  - firing event committing...
10:47:54,059 [Thread-103] DEBUG org.activiti.engine.impl.cfg.standalone.StandaloneMybatisTransactionContext  - committing the ibatis sql session...
10:47:54,059 [Thread-103] DEBUG org.activiti.engine.impl.cfg.standalone.StandaloneMybatisTransactionContext  - firing event committed...
10:47:54,059 [Thread-103] DEBUG org.apache.ibatis.transaction.jdbc.JdbcTransaction  - Resetting autocommit to true on JDBC Connection [conn61: url=jdbc:h2:mem:activiti-AsyncExecutorTest user=SA]
10:47:54,059 [Thread-103] DEBUG org.apache.ibatis.transaction.jdbc.JdbcTransaction  - Closing JDBC Connection [conn61: url=jdbc:h2:mem:activiti-AsyncExecutorTest user=SA]
10:47:54,059 [Thread-103] DEBUG org.apache.ibatis.datasource.pooled.PooledDataSource  - Returned connection 157985567 to pool.
10:47:54,059 [Thread-103] DEBUG org.activiti.engine.impl.interceptor.LogInterceptor  - --- AcquireAsyncJobsDueCmd finished --------------------------------------------------------
10:47:54,059 [Thread-106] DEBUG org.activiti.engine.impl.persistence.entity.JobEntity.selectAsyncJobsDueToExecute  - ==&gt;  Preparing: select RES.* from ACT_RU_JOB RES LEFT OUTER JOIN ACT_RU_EXECUTION PI ON PI.ID_ = RES.PROCESS_INSTANCE_ID_ where RES.RETRIES_ &gt; 0 and RES.DUEDATE_ is not null and RES.DUEDATE_ &lt;= ? and (RES.LOCK_EXP_TIME_ is null or RES.LOCK_EXP_TIME_ &lt;= ?) and TYPE_ = &apos;message&apos; and ( (RES.EXECUTION_ID_ is null) or (PI.SUSPENSION_STATE_ = 1) ) LIMIT ? OFFSET ? 
10:47:54,059 [Thread-106] DEBUG org.activiti.engine.impl.persistence.entity.JobEntity.selectAsyncJobsDueToExecute  - ==&gt; Parameters: 2023-03-20 10:48:50.669(Timestamp), 2023-03-20 10:48:50.669(Timestamp), 1(Integer), 0(Integer)
10:47:54,059 [Thread-106] DEBUG org.activiti.engine.impl.persistence.entity.JobEntity.selectAsyncJobsDueToExecute  - &lt;==      Total: 0
10:47:54,059 [Thread-106] DEBUG org.activiti.engine.impl.db.DbSqlSession  - flush summary: 0 insert, 0 update, 0 delete.
10:47:54,059 [Thread-106] DEBUG org.activiti.engine.impl.db.DbSqlSession  - now executing flush...
10:47:54,058 [Thread-111] DEBUG org.activiti.engine.impl.persistence.entity.JobEntity.selectNextTimerJobsToExecute  - ==&gt; Parameters: 2023-03-20 10:48:50.669(Timestamp), 2023-03-20 10:48:50.669(Timestamp), 1(Integer), 0(Integer)
10:47:54,059 [Thread-111] DEBUG org.activiti.engine.impl.persistence.entity.JobEntity.selectNextTimerJobsToExecute  - &lt;==      Total: 0
10:47:54,059 [Thread-111] DEBUG org.activiti.engine.impl.db.DbSqlSession  - flush summary: 0 insert, 0 update, 0 delete.
10:47:54,059 [Thread-111] DEBUG org.activiti.engine.impl.db.DbSqlSession  - now executing flush...
10:47:54,059 [Thread-111] DEBUG org.activiti.engine.impl.cfg.standalone.StandaloneMybatisTransactionContext  - firing event committing...
10:47:54,059 [Thread-111] DEBUG org.activiti.engine.impl.cfg.standalone.StandaloneMybatisTransactionContext  - committing the ibatis sql session...
10:47:54,059 [Thread-111] DEBUG org.activiti.engine.impl.cfg.standalone.StandaloneMybatisTransactionContext  - firing event committed...
10:47:54,059 [Thread-111] DEBUG org.apache.ibatis.transaction.jdbc.JdbcTransaction  - Resetting autocommit to true on JDBC Connection [conn68: url=jdbc:h2:mem:activiti-AsyncExecutorTest user=SA]
10:47:54,058 [Thread-105] DEBUG org.activiti.engine.impl.persistence.entity.JobEntity.selectNextTimerJobsToExecute  - &lt;==      Total: 0
10:47:54,059 [Thread-105] DEBUG org.activiti.engine.impl.db.DbSqlSession  - flush summary: 0 insert, 0 update, 0 delete.
10:47:54,059 [Thread-105] DEBUG org.activiti.engine.impl.db.DbSqlSession  - now executing flush...
10:47:54,059 [Thread-105] DEBUG org.activiti.engine.impl.cfg.standalone.StandaloneMybatisTransactionContext  - firing event committing...
10:47:54,059 [Thread-111] DEBUG org.apache.ibatis.transaction.jdbc.JdbcTransaction  - Closing JDBC Connection [conn68: url=jdbc:h2:mem:activiti-AsyncExecutorTest user=SA]
10:47:54,059 [Thread-111] DEBUG org.apache.ibatis.datasource.pooled.PooledDataSource  - Returned connection 58501658 to pool.
10:47:54,059 [Thread-111] DEBUG org.activiti.engine.impl.interceptor.LogInterceptor  - --- AcquireTimerJobsCmd finished --------------------------------------------------------
10:47:54,059 [Thread-111] DEBUG org.activiti.engine.impl.interceptor.LogInterceptor  - 

10:47:54,059 [Thread-111] DEBUG org.activiti.engine.impl.asyncexecutor.AcquireTimerJobsRunnable  - timer job acquisition thread sleeping for 50 millis
10:47:54,059 [Thread-106] DEBUG org.activiti.engine.impl.cfg.standalone.StandaloneMybatisTransactionContext  - firing event committing...
10:47:54,059 [Thread-106] DEBUG org.activiti.engine.impl.cfg.standalone.StandaloneMybatisTransactionContext  - committing the ibatis sql session...
10:47:54,060 [Thread-106] DEBUG org.activiti.engine.impl.cfg.standalone.StandaloneMybatisTransactionContext  - firing event committed...
10:47:54,060 [Thread-106] DEBUG org.apache.ibatis.transaction.jdbc.JdbcTransaction  - Resetting autocommit to true on JDBC Connection [conn65: url=jdbc:h2:mem:activiti-AsyncExecutorTest user=SA]
10:47:54,060 [Thread-106] DEBUG org.apache.ibatis.transaction.jdbc.JdbcTransaction  - Closing JDBC Connection [conn65: url=jdbc:h2:mem:activiti-AsyncExecutorTest user=SA]
10:47:54,060 [Thread-106] DEBUG org.apache.ibatis.datasource.pooled.PooledDataSource  - Returned connection 996762054 to pool.
10:47:54,060 [Thread-106] DEBUG org.activiti.engine.impl.interceptor.LogInterceptor  - --- AcquireAsyncJobsDueCmd finished --------------------------------------------------------
10:47:54,060 [Thread-106] DEBUG org.activiti.engine.impl.interceptor.LogInterceptor  - 

10:47:54,060 [Thread-106] DEBUG org.activiti.engine.impl.asyncexecutor.AcquireAsyncJobsDueRunnable  - async job acquisition thread sleeping for 50 millis
10:47:54,059 [Thread-103] DEBUG org.activiti.engine.impl.interceptor.LogInterceptor  - 

10:47:54,060 [Thread-103] DEBUG org.activiti.engine.impl.asyncexecutor.AcquireAsyncJobsDueRunnable  - async job acquisition thread sleeping for 50 millis
10:47:54,059 [Thread-105] DEBUG org.activiti.engine.impl.cfg.standalone.StandaloneMybatisTransactionContext  - committing the ibatis sql session...
10:47:54,060 [Thread-105] DEBUG org.activiti.engine.impl.cfg.standalone.StandaloneMybatisTransactionContext  - firing event committed...
10:47:54,060 [Thread-105] DEBUG org.apache.ibatis.transaction.jdbc.JdbcTransaction  - Resetting autocommit to true on JDBC Connection [conn63: url=jdbc:h2:mem:activiti-AsyncExecutorTest user=SA]
10:47:54,060 [Thread-105] DEBUG org.apache.ibatis.transaction.jdbc.JdbcTransaction  - Closing JDBC Connection [conn63: url=jdbc:h2:mem:activiti-AsyncExecutorTest user=SA]
10:47:54,060 [Thread-105] DEBUG org.apache.ibatis.datasource.pooled.PooledDataSource  - Returned connection 1970103261 to pool.
10:47:54,060 [Thread-105] DEBUG org.activiti.engine.impl.interceptor.LogInterceptor  - --- AcquireTimerJobsCmd finished --------------------------------------------------------
10:47:54,060 [Thread-105] DEBUG org.activiti.engine.impl.interceptor.LogInterceptor  - 

10:47:54,060 [Thread-105] DEBUG org.activiti.engine.impl.asyncexecutor.AcquireTimerJobsRunnable  - timer job acquisition thread sleeping for 50 millis
10:47:54,104 [Thread-112] DEBUG org.activiti.engine.impl.asyncexecutor.AcquireAsyncJobsDueRunnable  - async job acquisition thread woke up
10:47:54,104 [Thread-112] DEBUG org.activiti.engine.impl.interceptor.LogInterceptor  - 

10:47:54,104 [Thread-112] DEBUG org.activiti.engine.impl.interceptor.LogInterceptor  - --- starting AcquireAsyncJobsDueCmd --------------------------------------------------------
10:47:54,104 [Thread-112] DEBUG org.apache.ibatis.transaction.jdbc.JdbcTransaction  - Opening JDBC Connection
10:47:54,104 [Thread-112] DEBUG org.apache.ibatis.datasource.pooled.PooledDataSource  - Checked out connection 1863805930 from pool.
10:47:54,104 [Thread-112] DEBUG org.apache.ibatis.transaction.jdbc.JdbcTransaction  - Setting autocommit to false on JDBC Connection [conn69: url=jdbc:h2:mem:activiti-AsyncExecutorTest user=SA]
10:47:54,104 [Thread-112] DEBUG org.activiti.engine.impl.persistence.entity.JobEntity.selectAsyncJobsDueToExecute  - ==&gt;  Preparing: select RES.* from ACT_RU_JOB RES LEFT OUTER JOIN ACT_RU_EXECUTION PI ON PI.ID_ = RES.PROCESS_INSTANCE_ID_ where RES.RETRIES_ &gt; 0 and RES.DUEDATE_ is not null and RES.DUEDATE_ &lt;= ? and (RES.LOCK_EXP_TIME_ is null or RES.LOCK_EXP_TIME_ &lt;= ?) and TYPE_ = &apos;message&apos; and ( (RES.EXECUTION_ID_ is null) or (PI.SUSPENSION_STATE_ = 1) ) LIMIT ? OFFSET ? 
10:47:54,104 [Thread-112] DEBUG org.activiti.engine.impl.persistence.entity.JobEntity.selectAsyncJobsDueToExecute  - ==&gt; Parameters: 2023-03-20 10:48:50.669(Timestamp), 2023-03-20 10:48:50.669(Timestamp), 1(Integer), 0(Integer)
10:47:54,104 [Thread-112] DEBUG org.activiti.engine.impl.persistence.entity.JobEntity.selectAsyncJobsDueToExecute  - &lt;==      Total: 0
10:47:54,104 [Thread-112] DEBUG org.activiti.engine.impl.db.DbSqlSession  - flush summary: 0 insert, 0 update, 0 delete.
10:47:54,104 [Thread-112] DEBUG org.activiti.engine.impl.db.DbSqlSession  - now executing flush...
10:47:54,104 [Thread-112] DEBUG org.activiti.engine.impl.cfg.standalone.StandaloneMybatisTransactionContext  - firing event committing...
10:47:54,104 [Thread-112] DEBUG org.activiti.engine.impl.cfg.standalone.StandaloneMybatisTransactionContext  - committing the ibatis sql session...
10:47:54,104 [Thread-112] DEBUG org.activiti.engine.impl.cfg.standalone.StandaloneMybatisTransactionContext  - firing event committed...
10:47:54,104 [Thread-112] DEBUG org.apache.ibatis.transaction.jdbc.JdbcTransaction  - Resetting autocommit to true on JDBC Connection [conn69: url=jdbc:h2:mem:activiti-AsyncExecutorTest user=SA]
10:47:54,105 [Thread-112] DEBUG org.apache.ibatis.transaction.jdbc.JdbcTransaction  - Closing JDBC Connection [conn69: url=jdbc:h2:mem:activiti-AsyncExecutorTest user=SA]
10:47:54,105 [Thread-112] DEBUG org.apache.ibatis.datasource.pooled.PooledDataSource  - Returned connection 1863805930 to pool.
10:47:54,105 [Thread-112] DEBUG org.activiti.engine.impl.interceptor.LogInterceptor  - --- AcquireAsyncJobsDueCmd finished --------------------------------------------------------
10:47:54,105 [Thread-112] DEBUG org.activiti.engine.impl.interceptor.LogInterceptor  - 

10:47:54,105 [Thread-112] DEBUG org.activiti.engine.impl.asyncexecutor.AcquireAsyncJobsDueRunnable  - async job acquisition thread sleeping for 50 millis
10:47:54,121 [Thread-105] DEBUG org.activiti.engine.impl.asyncexecutor.AcquireTimerJobsRunnable  - timer job acquisition thread woke up
10:47:54,121 [Thread-105] DEBUG org.activiti.engine.impl.interceptor.LogInterceptor  - 

10:47:54,121 [Thread-105] DEBUG org.activiti.engine.impl.interceptor.LogInterceptor  - --- starting AcquireTimerJobsCmd --------------------------------------------------------
10:47:54,121 [Thread-105] DEBUG org.apache.ibatis.transaction.jdbc.JdbcTransaction  - Opening JDBC Connection
10:47:54,121 [Thread-105] DEBUG org.apache.ibatis.datasource.pooled.PooledDataSource  - Checked out connection 54468349 from pool.
10:47:54,121 [Thread-105] DEBUG org.apache.ibatis.transaction.jdbc.JdbcTransaction  - Setting autocommit to false on JDBC Connection [conn64: url=jdbc:h2:mem:activiti-AsyncExecutorTest user=SA]
10:47:54,121 [Thread-105] DEBUG org.activiti.engine.impl.persistence.entity.JobEntity.selectNextTimerJobsToExecute  - ==&gt;  Preparing: select RES.* from ACT_RU_JOB RES LEFT OUTER JOIN ACT_RU_EXECUTION PI ON PI.ID_ = RES.PROCESS_INSTANCE_ID_ where (RES.RETRIES_ &gt; 0) and (RES.DUEDATE_ is null or RES.DUEDATE_ &lt;= ?) and (RES.LOCK_OWNER_ is null or RES.LOCK_EXP_TIME_ &lt;= ?) and TYPE_ = &apos;timer&apos; and ( (RES.EXECUTION_ID_ is null) or (PI.SUSPENSION_STATE_ = 1) ) LIMIT ? OFFSET ? 
10:47:54,122 [Thread-105] DEBUG org.activiti.engine.impl.persistence.entity.JobEntity.selectNextTimerJobsToExecute  - ==&gt; Parameters: 2023-03-20 10:48:50.669(Timestamp), 2023-03-20 10:48:50.669(Timestamp), 1(Integer), 0(Integer)
10:47:54,122 [Thread-105] DEBUG org.activiti.engine.impl.persistence.entity.JobEntity.selectNextTimerJobsToExecute  - &lt;==      Total: 0
10:47:54,122 [Thread-105] DEBUG org.activiti.engine.impl.db.DbSqlSession  - flush summary: 0 insert, 0 update, 0 delete.
10:47:54,122 [Thread-105] DEBUG org.activiti.engine.impl.db.DbSqlSession  - now executing flush...
10:47:54,122 [Thread-105] DEBUG org.activiti.engine.impl.cfg.standalone.StandaloneMybatisTransactionContext  - firing event committing...
10:47:54,122 [Thread-105] DEBUG org.activiti.engine.impl.cfg.standalone.StandaloneMybatisTransactionContext  - committing the ibatis sql session...
10:47:54,122 [Thread-105] DEBUG org.activiti.engine.impl.cfg.standalone.StandaloneMybatisTransactionContext  - firing event committed...
10:47:54,122 [Thread-105] DEBUG org.apache.ibatis.transaction.jdbc.JdbcTransaction  - Resetting autocommit to true on JDBC Connection [conn64: url=jdbc:h2:mem:activiti-AsyncExecutorTest user=SA]
10:47:54,122 [Thread-105] DEBUG org.apache.ibatis.transaction.jdbc.JdbcTransaction  - Closing JDBC Connection [conn64: url=jdbc:h2:mem:activiti-AsyncExecutorTest user=SA]
10:47:54,122 [Thread-105] DEBUG org.apache.ibatis.datasource.pooled.PooledDataSource  - Returned connection 54468349 to pool.
10:47:54,122 [Thread-105] DEBUG org.activiti.engine.impl.interceptor.LogInterceptor  - --- AcquireTimerJobsCmd finished --------------------------------------------------------
10:47:54,122 [Thread-105] DEBUG org.activiti.engine.impl.interceptor.LogInterceptor  - 

10:47:54,122 [Thread-105] DEBUG org.activiti.engine.impl.asyncexecutor.AcquireTimerJobsRunnable  - timer job acquisition thread sleeping for 50 millis
10:47:54,122 [Thread-103] DEBUG org.activiti.engine.impl.asyncexecutor.AcquireAsyncJobsDueRunnable  - async job acquisition thread woke up
10:47:54,122 [Thread-103] DEBUG org.activiti.engine.impl.interceptor.LogInterceptor  - 

10:47:54,122 [Thread-103] DEBUG org.activiti.engine.impl.interceptor.LogInterceptor  - --- starting AcquireAsyncJobsDueCmd --------------------------------------------------------
10:47:54,122 [Thread-103] DEBUG org.apache.ibatis.transaction.jdbc.JdbcTransaction  - Opening JDBC Connection
10:47:54,122 [Thread-103] DEBUG org.apache.ibatis.datasource.pooled.PooledDataSource  - Checked out connection 33534803 from pool.
10:47:54,122 [Thread-103] DEBUG org.apache.ibatis.transaction.jdbc.JdbcTransaction  - Setting autocommit to false on JDBC Connection [conn60: url=jdbc:h2:mem:activiti-AsyncExecutorTest user=SA]
10:47:54,122 [Thread-103] DEBUG org.activiti.engine.impl.persistence.entity.JobEntity.selectAsyncJobsDueToExecute  - ==&gt;  Preparing: select RES.* from ACT_RU_JOB RES LEFT OUTER JOIN ACT_RU_EXECUTION PI ON PI.ID_ = RES.PROCESS_INSTANCE_ID_ where RES.RETRIES_ &gt; 0 and RES.DUEDATE_ is not null and RES.DUEDATE_ &lt;= ? and (RES.LOCK_EXP_TIME_ is null or RES.LOCK_EXP_TIME_ &lt;= ?) and TYPE_ = &apos;message&apos; and ( (RES.EXECUTION_ID_ is null) or (PI.SUSPENSION_STATE_ = 1) ) LIMIT ? OFFSET ? 
10:47:54,122 [Thread-103] DEBUG org.activiti.engine.impl.persistence.entity.JobEntity.selectAsyncJobsDueToExecute  - ==&gt; Parameters: 2023-03-20 10:48:50.669(Timestamp), 2023-03-20 10:48:50.669(Timestamp), 1(Integer), 0(Integer)
10:47:54,122 [Thread-103] DEBUG org.activiti.engine.impl.persistence.entity.JobEntity.selectAsyncJobsDueToExecute  - &lt;==      Total: 0
10:47:54,122 [Thread-103] DEBUG org.activiti.engine.impl.db.DbSqlSession  - flush summary: 0 insert, 0 update, 0 delete.
10:47:54,122 [Thread-103] DEBUG org.activiti.engine.impl.db.DbSqlSession  - now executing flush...
10:47:54,122 [Thread-103] DEBUG org.activiti.engine.impl.cfg.standalone.StandaloneMybatisTransactionContext  - firing event committing...
10:47:54,122 [Thread-103] DEBUG org.activiti.engine.impl.cfg.standalone.StandaloneMybatisTransactionContext  - committing the ibatis sql session...
10:47:54,122 [Thread-103] DEBUG org.activiti.engine.impl.cfg.standalone.StandaloneMybatisTransactionContext  - firing event committed...
10:47:54,122 [Thread-103] DEBUG org.apache.ibatis.transaction.jdbc.JdbcTransaction  - Resetting autocommit to true on JDBC Connection [conn60: url=jdbc:h2:mem:activiti-AsyncExecutorTest user=SA]
10:47:54,122 [Thread-103] DEBUG org.apache.ibatis.transaction.jdbc.JdbcTransaction  - Closing JDBC Connection [conn60: url=jdbc:h2:mem:activiti-AsyncExecutorTest user=SA]
10:47:54,122 [Thread-103] DEBUG org.apache.ibatis.datasource.pooled.PooledDataSource  - Returned connection 33534803 to pool.
10:47:54,123 [Thread-103] DEBUG org.activiti.engine.impl.interceptor.LogInterceptor  - --- AcquireAsyncJobsDueCmd finished --------------------------------------------------------
10:47:54,123 [Thread-103] DEBUG org.activiti.engine.impl.interceptor.LogInterceptor  - 

10:47:54,123 [Thread-103] DEBUG org.activiti.engine.impl.asyncexecutor.AcquireAsyncJobsDueRunnable  - async job acquisition thread sleeping for 50 millis
10:47:54,123 [Thread-111] DEBUG org.activiti.engine.impl.asyncexecutor.AcquireTimerJobsRunnable  - timer job acquisition thread woke up
10:47:54,123 [Thread-111] DEBUG org.activiti.engine.impl.interceptor.LogInterceptor  - 

10:47:54,123 [Thread-111] DEBUG org.activiti.engine.impl.interceptor.LogInterceptor  - --- starting AcquireTimerJobsCmd --------------------------------------------------------
10:47:54,123 [Thread-111] DEBUG org.apache.ibatis.transaction.jdbc.JdbcTransaction  - Opening JDBC Connection
10:47:54,123 [Thread-111] DEBUG org.apache.ibatis.datasource.pooled.PooledDataSource  - Checked out connection 604408605 from pool.
10:47:54,123 [Thread-111] DEBUG org.apache.ibatis.transaction.jdbc.JdbcTransaction  - Setting autocommit to false on JDBC Connection [conn70: url=jdbc:h2:mem:activiti-AsyncExecutorTest user=SA]
10:47:54,123 [Thread-111] DEBUG org.activiti.engine.impl.persistence.entity.JobEntity.selectNextTimerJobsToExecute  - ==&gt;  Preparing: select RES.* from ACT_RU_JOB RES LEFT OUTER JOIN ACT_RU_EXECUTION PI ON PI.ID_ = RES.PROCESS_INSTANCE_ID_ where (RES.RETRIES_ &gt; 0) and (RES.DUEDATE_ is null or RES.DUEDATE_ &lt;= ?) and (RES.LOCK_OWNER_ is null or RES.LOCK_EXP_TIME_ &lt;= ?) and TYPE_ = &apos;timer&apos; and ( (RES.EXECUTION_ID_ is null) or (PI.SUSPENSION_STATE_ = 1) ) LIMIT ? OFFSET ? 
10:47:54,123 [Thread-111] DEBUG org.activiti.engine.impl.persistence.entity.JobEntity.selectNextTimerJobsToExecute  - ==&gt; Parameters: 2023-03-20 10:48:50.669(Timestamp), 2023-03-20 10:48:50.669(Timestamp), 1(Integer), 0(Integer)
10:47:54,123 [Thread-111] DEBUG org.activiti.engine.impl.persistence.entity.JobEntity.selectNextTimerJobsToExecute  - &lt;==      Total: 0
10:47:54,123 [Thread-111] DEBUG org.activiti.engine.impl.db.DbSqlSession  - flush summary: 0 insert, 0 update, 0 delete.
10:47:54,123 [Thread-111] DEBUG org.activiti.engine.impl.db.DbSqlSession  - now executing flush...
10:47:54,123 [Thread-111] DEBUG org.activiti.engine.impl.cfg.standalone.StandaloneMybatisTransactionContext  - firing event committing...
10:47:54,123 [Thread-111] DEBUG org.activiti.engine.impl.cfg.standalone.StandaloneMybatisTransactionContext  - committing the ibatis sql session...
10:47:54,123 [Thread-111] DEBUG org.activiti.engine.impl.cfg.standalone.StandaloneMybatisTransactionContext  - firing event committed...
10:47:54,123 [Thread-111] DEBUG org.apache.ibatis.transaction.jdbc.JdbcTransaction  - Resetting autocommit to true on JDBC Connection [conn70: url=jdbc:h2:mem:activiti-AsyncExecutorTest user=SA]
10:47:54,123 [Thread-111] DEBUG org.apache.ibatis.transaction.jdbc.JdbcTransaction  - Closing JDBC Connection [conn70: url=jdbc:h2:mem:activiti-AsyncExecutorTest user=SA]
10:47:54,123 [Thread-111] DEBUG org.apache.ibatis.datasource.pooled.PooledDataSource  - Returned connection 604408605 to pool.
10:47:54,123 [Thread-111] DEBUG org.activiti.engine.impl.interceptor.LogInterceptor  - --- AcquireTimerJobsCmd finished --------------------------------------------------------
10:47:54,123 [Thread-111] DEBUG org.activiti.engine.impl.interceptor.LogInterceptor  - 

10:47:54,123 [Thread-111] DEBUG org.activiti.engine.impl.asyncexecutor.AcquireTimerJobsRunnable  - timer job acquisition thread sleeping for 50 millis
10:47:54,123 [Thread-102] DEBUG org.activiti.engine.impl.asyncexecutor.AcquireTimerJobsRunnable  - timer job acquisition thread woke up
10:47:54,123 [Thread-102] DEBUG org.activiti.engine.impl.interceptor.LogInterceptor  - 

10:47:54,123 [Thread-102] DEBUG org.activiti.engine.impl.interceptor.LogInterceptor  - --- starting AcquireTimerJobsCmd --------------------------------------------------------
10:47:54,123 [Thread-102] DEBUG org.apache.ibatis.transaction.jdbc.JdbcTransaction  - Opening JDBC Connection
10:47:54,123 [Thread-102] DEBUG org.apache.ibatis.datasource.pooled.PooledDataSource  - Checked out connection 720039383 from pool.
10:47:54,123 [Thread-102] DEBUG org.apache.ibatis.transaction.jdbc.JdbcTransaction  - Setting autocommit to false on JDBC Connection [conn59: url=jdbc:h2:mem:activiti-AsyncExecutorTest user=SA]
10:47:54,123 [Thread-102] DEBUG org.activiti.engine.impl.persistence.entity.JobEntity.selectNextTimerJobsToExecute  - ==&gt;  Preparing: select RES.* from ACT_RU_JOB RES LEFT OUTER JOIN ACT_RU_EXECUTION PI ON PI.ID_ = RES.PROCESS_INSTANCE_ID_ where (RES.RETRIES_ &gt; 0) and (RES.DUEDATE_ is null or RES.DUEDATE_ &lt;= ?) and (RES.LOCK_OWNER_ is null or RES.LOCK_EXP_TIME_ &lt;= ?) and TYPE_ = &apos;timer&apos; and ( (RES.EXECUTION_ID_ is null) or (PI.SUSPENSION_STATE_ = 1) ) LIMIT ? OFFSET ? 
10:47:54,123 [Thread-102] DEBUG org.activiti.engine.impl.persistence.entity.JobEntity.selectNextTimerJobsToExecute  - ==&gt; Parameters: 2023-03-20 10:48:50.669(Timestamp), 2023-03-20 10:48:50.669(Timestamp), 1(Integer), 0(Integer)
10:47:54,123 [Thread-102] DEBUG org.activiti.engine.impl.persistence.entity.JobEntity.selectNextTimerJobsToExecute  - &lt;==      Total: 0
10:47:54,123 [Thread-102] DEBUG org.activiti.engine.impl.db.DbSqlSession  - flush summary: 0 insert, 0 update, 0 delete.
10:47:54,124 [Thread-102] DEBUG org.activiti.engine.impl.db.DbSqlSession  - now executing flush...
10:47:54,124 [Thread-102] DEBUG org.activiti.engine.impl.cfg.standalone.StandaloneMybatisTransactionContext  - firing event committing...
10:47:54,124 [Thread-102] DEBUG org.activiti.engine.impl.cfg.standalone.StandaloneMybatisTransactionContext  - committing the ibatis sql session...
10:47:54,124 [Thread-102] DEBUG org.activiti.engine.impl.cfg.standalone.StandaloneMybatisTransactionContext  - firing event committed...
10:47:54,124 [Thread-102] DEBUG org.apache.ibatis.transaction.jdbc.JdbcTransaction  - Resetting autocommit to true on JDBC Connection [conn59: url=jdbc:h2:mem:activiti-AsyncExecutorTest user=SA]
10:47:54,124 [Thread-102] DEBUG org.apache.ibatis.transaction.jdbc.JdbcTransaction  - Closing JDBC Connection [conn59: url=jdbc:h2:mem:activiti-AsyncExecutorTest user=SA]
10:47:54,124 [Thread-102] DEBUG org.apache.ibatis.datasource.pooled.PooledDataSource  - Returned connection 720039383 to pool.
10:47:54,124 [Thread-102] DEBUG org.activiti.engine.impl.interceptor.LogInterceptor  - --- AcquireTimerJobsCmd finished --------------------------------------------------------
10:47:54,124 [Thread-102] DEBUG org.activiti.engine.impl.interceptor.LogInterceptor  - 

10:47:54,124 [Thread-102] DEBUG org.activiti.engine.impl.asyncexecutor.AcquireTimerJobsRunnable  - timer job acquisition thread sleeping for 50 millis
10:47:54,124 [Thread-106] DEBUG org.activiti.engine.impl.asyncexecutor.AcquireAsyncJobsDueRunnable  - async job acquisition thread woke up
10:47:54,125 [Thread-106] DEBUG org.activiti.engine.impl.interceptor.LogInterceptor  - 

10:47:54,125 [Thread-106] DEBUG org.activiti.engine.impl.interceptor.LogInterceptor  - --- starting AcquireAsyncJobsDueCmd --------------------------------------------------------
10:47:54,125 [Thread-106] DEBUG org.apache.ibatis.transaction.jdbc.JdbcTransaction  - Opening JDBC Connection
10:47:54,125 [Thread-106] DEBUG org.apache.ibatis.datasource.pooled.PooledDataSource  - Checked out connection 996762054 from pool.
10:47:54,125 [Thread-106] DEBUG org.apache.ibatis.transaction.jdbc.JdbcTransaction  - Setting autocommit to false on JDBC Connection [conn65: url=jdbc:h2:mem:activiti-AsyncExecutorTest user=SA]
10:47:54,125 [Thread-106] DEBUG org.activiti.engine.impl.persistence.entity.JobEntity.selectAsyncJobsDueToExecute  - ==&gt;  Preparing: select RES.* from ACT_RU_JOB RES LEFT OUTER JOIN ACT_RU_EXECUTION PI ON PI.ID_ = RES.PROCESS_INSTANCE_ID_ where RES.RETRIES_ &gt; 0 and RES.DUEDATE_ is not null and RES.DUEDATE_ &lt;= ? and (RES.LOCK_EXP_TIME_ is null or RES.LOCK_EXP_TIME_ &lt;= ?) and TYPE_ = &apos;message&apos; and ( (RES.EXECUTION_ID_ is null) or (PI.SUSPENSION_STATE_ = 1) ) LIMIT ? OFFSET ? 
10:47:54,125 [Thread-106] DEBUG org.activiti.engine.impl.persistence.entity.JobEntity.selectAsyncJobsDueToExecute  - ==&gt; Parameters: 2023-03-20 10:48:50.669(Timestamp), 2023-03-20 10:48:50.669(Timestamp), 1(Integer), 0(Integer)
10:47:54,125 [Thread-106] DEBUG org.activiti.engine.impl.persistence.entity.JobEntity.selectAsyncJobsDueToExecute  - &lt;==      Total: 0
10:47:54,125 [Thread-106] DEBUG org.activiti.engine.impl.db.DbSqlSession  - flush summary: 0 insert, 0 update, 0 delete.
10:47:54,125 [Thread-106] DEBUG org.activiti.engine.impl.db.DbSqlSession  - now executing flush...
10:47:54,125 [Thread-106] DEBUG org.activiti.engine.impl.cfg.standalone.StandaloneMybatisTransactionContext  - firing event committing...
10:47:54,125 [Thread-106] DEBUG org.activiti.engine.impl.cfg.standalone.StandaloneMybatisTransactionContext  - committing the ibatis sql session...
10:47:54,125 [Thread-106] DEBUG org.activiti.engine.impl.cfg.standalone.StandaloneMybatisTransactionContext  - firing event committed...
10:47:54,125 [Thread-106] DEBUG org.apache.ibatis.transaction.jdbc.JdbcTransaction  - Resetting autocommit to true on JDBC Connection [conn65: url=jdbc:h2:mem:activiti-AsyncExecutorTest user=SA]
10:47:54,125 [Thread-106] DEBUG org.apache.ibatis.transaction.jdbc.JdbcTransaction  - Closing JDBC Connection [conn65: url=jdbc:h2:mem:activiti-AsyncExecutorTest user=SA]
10:47:54,125 [Thread-106] DEBUG org.apache.ibatis.datasource.pooled.PooledDataSource  - Returned connection 996762054 to pool.
10:47:54,125 [Thread-106] DEBUG org.activiti.engine.impl.interceptor.LogInterceptor  - --- AcquireAsyncJobsDueCmd finished --------------------------------------------------------
10:47:54,125 [Thread-106] DEBUG org.activiti.engine.impl.interceptor.LogInterceptor  - 

10:47:54,125 [Thread-106] DEBUG org.activiti.engine.impl.asyncexecutor.AcquireAsyncJobsDueRunnable  - async job acquisition thread sleeping for 50 millis
10:47:54,166 [main] DEBUG org.activiti.engine.impl.interceptor.LogInterceptor  - 

10:47:54,166 [Thread-112] DEBUG org.activiti.engine.impl.asyncexecutor.AcquireAsyncJobsDueRunnable  - async job acquisition thread woke up
10:47:54,166 [Thread-112] DEBUG org.activiti.engine.impl.interceptor.LogInterceptor  - 

10:47:54,166 [main] DEBUG org.activiti.engine.impl.interceptor.LogInterceptor  - --- starting JobQueryImpl --------------------------------------------------------
10:47:54,166 [Thread-112] DEBUG org.activiti.engine.impl.interceptor.LogInterceptor  - --- starting AcquireAsyncJobsDueCmd --------------------------------------------------------
10:47:54,166 [Thread-112] DEBUG org.apache.ibatis.transaction.jdbc.JdbcTransaction  - Opening JDBC Connection
10:47:54,166 [Thread-112] DEBUG org.apache.ibatis.datasource.pooled.PooledDataSource  - Checked out connection 58501658 from pool.
10:47:54,166 [main] DEBUG org.apache.ibatis.transaction.jdbc.JdbcTransaction  - Opening JDBC Connection
10:47:54,166 [main] DEBUG org.apache.ibatis.datasource.pooled.PooledDataSource  - Checked out connection 486346394 from pool.
10:47:54,166 [Thread-112] DEBUG org.apache.ibatis.transaction.jdbc.JdbcTransaction  - Setting autocommit to false on JDBC Connection [conn68: url=jdbc:h2:mem:activiti-AsyncExecutorTest user=SA]
10:47:54,166 [Thread-112] DEBUG org.activiti.engine.impl.persistence.entity.JobEntity.selectAsyncJobsDueToExecute  - ==&gt;  Preparing: select RES.* from ACT_RU_JOB RES LEFT OUTER JOIN ACT_RU_EXECUTION PI ON PI.ID_ = RES.PROCESS_INSTANCE_ID_ where RES.RETRIES_ &gt; 0 and RES.DUEDATE_ is not null and RES.DUEDATE_ &lt;= ? and (RES.LOCK_EXP_TIME_ is null or RES.LOCK_EXP_TIME_ &lt;= ?) and TYPE_ = &apos;message&apos; and ( (RES.EXECUTION_ID_ is null) or (PI.SUSPENSION_STATE_ = 1) ) LIMIT ? OFFSET ? 
10:47:54,166 [main] DEBUG org.apache.ibatis.transaction.jdbc.JdbcTransaction  - Setting autocommit to false on JDBC Connection [conn6: url=jdbc:h2:mem:activiti user=SA]
10:47:54,166 [Thread-112] DEBUG org.activiti.engine.impl.persistence.entity.JobEntity.selectAsyncJobsDueToExecute  - ==&gt; Parameters: 2023-03-20 10:48:50.669(Timestamp), 2023-03-20 10:48:50.669(Timestamp), 1(Integer), 0(Integer)
10:47:54,167 [main] DEBUG org.activiti.engine.impl.persistence.entity.JobEntity.selectJobByQueryCriteria  - ==&gt;  Preparing: select RES.* from ACT_RU_JOB RES order by order by RES.ID_ asc LIMIT ? OFFSET ? 
10:47:54,167 [Thread-112] DEBUG org.activiti.engine.impl.persistence.entity.JobEntity.selectAsyncJobsDueToExecute  - &lt;==      Total: 0
10:47:54,167 [Thread-112] DEBUG org.activiti.engine.impl.db.DbSqlSession  - flush summary: 0 insert, 0 update, 0 delete.
10:47:54,167 [Thread-112] DEBUG org.activiti.engine.impl.db.DbSqlSession  - now executing flush...
10:47:54,167 [main] DEBUG org.activiti.engine.impl.interceptor.CommandContext  - Error while closing command context
org.apache.ibatis.exceptions.PersistenceException: 
### Error querying database.  Cause: org.h2.jdbc.JdbcSQLException: Syntax error in SQL statement &quot;SELECT RES.* 
     
    FROM ACT_RU_JOB RES
     
      
   
     ORDER BY  ORDER[*] BY RES.ID_ ASC  
    LIMIT ? OFFSET ? &quot;; expected &quot;=, NOT, EXISTS, INTERSECTS, SELECT, FROM&quot;; SQL statement:
select RES.* 
     
    from ACT_RU_JOB RES
     
      
   
     order by  order by RES.ID_ asc  
    LIMIT ? OFFSET ? [42001-176]
### The error may exist in org/activiti/db/mapping/entity/Job.xml
### The error may involve org.activiti.engine.impl.persistence.entity.JobEntity.selectJobByQueryCriteria
### The error occurred while executing a query
### SQL: select RES.*            from ACT_RU_JOB RES                       order by  order by RES.ID_ asc       LIMIT ? OFFSET ?
### Cause: org.h2.jdbc.JdbcSQLException: Syntax error in SQL statement &quot;SELECT RES.* 
     
    FROM ACT_RU_JOB RES
     
      
   
     ORDER BY  ORDER[*] BY RES.ID_ ASC  
    LIMIT ? OFFSET ? &quot;; expected &quot;=, NOT, EXISTS, INTERSECTS, SELECT, FROM&quot;; SQL statement:
select RES.* 
     
    from ACT_RU_JOB RES
     
      
   
     order by  order by RES.ID_ asc  
    LIMIT ? OFFSET ? [42001-176]
	at org.apache.ibatis.exceptions.ExceptionFactory.wrapException(ExceptionFactory.java:30)
	at org.apache.ibatis.session.defaults.DefaultSqlSession.selectList(DefaultSqlSession.java:122)
	at org.apache.ibatis.session.defaults.DefaultSqlSession.selectList(DefaultSqlSession.java:113)
	at org.activiti.engine.impl.db.DbSqlSession.selectListWithRawParameter(DbSqlSession.java:438)
	at org.activiti.engine.impl.db.DbSqlSession.selectList(DbSqlSession.java:429)
	at org.activiti.engine.impl.db.DbSqlSession.selectList(DbSqlSession.java:419)
	at org.activiti.engine.impl.persistence.entity.JobEntityManager.findJobsByQueryCriteria(JobEntityManager.java:198)
	at org.activiti.engine.impl.JobQueryImpl.executeList(JobQueryImpl.java:243)
	at org.activiti.engine.impl.AbstractQuery.execute(AbstractQuery.java:164)
	at org.activiti.engine.impl.interceptor.CommandInvoker.execute(CommandInvoker.java:24)
	at org.activiti.engine.impl.interceptor.CommandContextInterceptor.execute(CommandContextInterceptor.java:57)
	at org.activiti.engine.impl.interceptor.LogInterceptor.execute(LogInterceptor.java:37)
	at org.activiti.engine.impl.cfg.CommandExecutorImpl.execute(CommandExecutorImpl.java:40)
	at org.activiti.engine.impl.cfg.CommandExecutorImpl.execute(CommandExecutorImpl.java:35)
	at org.activiti.engine.impl.AbstractQuery.list(AbstractQuery.java:138)
	at org.activiti.engine.impl.test.JobTestHelper.areJobsAvailable(JobTestHelper.java:194)
	at org.activiti.engine.impl.test.JobTestHelper.waitForJobExecutorToProcessAllJobs(JobTestHelper.java:74)
	at org.activiti.engine.impl.test.JobTestHelper.waitForJobExecutorToProcessAllJobs(JobTestHelper.java:47)
	at org.activiti.engine.impl.test.AbstractActivitiTestCase.waitForJobExecutorToProcessAllJobs(AbstractActivitiTestCase.java:204)
	at org.activiti.engine.test.jobexecutor.JobExecutorTest.testBasicJobExecutorOperation(JobExecutorTest.java:53)
	at sun.reflect.NativeMethodAccessorImpl.invoke0(Native Method)
	at sun.reflect.NativeMethodAccessorImpl.invoke(NativeMethodAccessorImpl.java:62)
	at sun.reflect.DelegatingMethodAccessorImpl.invoke(DelegatingMethodAccessorImpl.java:43)
	at java.lang.reflect.Method.invoke(Method.java:498)
	at junit.framework.TestCase.runTest(TestCase.java:176)
	at org.activiti.engine.impl.test.PvmTestCase.runTest(PvmTestCase.java:65)
	at junit.framework.TestCase.runBare(TestCase.java:141)
	at org.activiti.engine.impl.test.AbstractActivitiTestCase.runBare(AbstractActivitiTestCase.java:100)
	at junit.framework.TestResult$1.protect(TestResult.java:122)
	at junit.framework.TestResult.runProtected(TestResult.java:142)
	at junit.framework.TestResult.run(TestResult.java:125)
	at junit.framework.TestCase.run(TestCase.java:129)
	at junit.framework.TestSuite.runTest(TestSuite.java:255)
	at junit.framework.TestSuite.run(TestSuite.java:250)
	at org.junit.internal.runners.JUnit38ClassRunner.run(JUnit38ClassRunner.java:84)
	at org.apache.maven.surefire.junit4.JUnit4TestSet.execute(JUnit4TestSet.java:35)
	at org.apache.maven.surefire.junit4.JUnit4Provider.executeTestSet(JUnit4Provider.java:146)
	at org.apache.maven.surefire.junit4.JUnit4Provider.invoke(JUnit4Provider.java:97)
	at sun.reflect.NativeMethodAccessorImpl.invoke0(Native Method)
	at sun.reflect.NativeMethodAccessorImpl.invoke(NativeMethodAccessorImpl.java:62)
	at sun.reflect.DelegatingMethodAccessorImpl.invoke(DelegatingMethodAccessorImpl.java:43)
	at java.lang.reflect.Method.invoke(Method.java:498)
	at org.apache.maven.surefire.booter.ProviderFactory$ClassLoaderProxy.invoke(ProviderFactory.java:103)
	at com.sun.proxy.$Proxy0.invoke(Unknown Source)
	at org.apache.maven.surefire.booter.SurefireStarter.invokeProvider(SurefireStarter.java:145)
	at org.apache.maven.surefire.booter.SurefireStarter.runSuitesInProcess(SurefireStarter.java:87)
	at org.apache.maven.surefire.booter.ForkedBooter.main(ForkedBooter.java:69)
Caused by: org.h2.jdbc.JdbcSQLException: Syntax error in SQL statement &quot;SELECT RES.* 
     
    FROM ACT_RU_JOB RES
     
      
   
     ORDER BY  ORDER[*] BY RES.ID_ ASC  
    LIMIT ? OFFSET ? &quot;; expected &quot;=, NOT, EXISTS, INTERSECTS, SELECT, FROM&quot;; SQL statement:
select RES.* 
     
    from ACT_RU_JOB RES
     
      
   
     order by  order by RES.ID_ asc  
    LIMIT ? OFFSET ? [42001-176]
	at org.h2.message.DbException.getJdbcSQLException(DbException.java:344)
	at org.h2.message.DbException.getSyntaxError(DbException.java:204)
	at org.h2.command.Parser.getSyntaxError(Parser.java:524)
	at org.h2.command.Parser.readTerm(Parser.java:2688)
	at org.h2.command.Parser.readFactor(Parser.java:2244)
	at org.h2.command.Parser.readSum(Parser.java:2231)
	at org.h2.command.Parser.readConcat(Parser.java:2201)
	at org.h2.command.Parser.readCondition(Parser.java:2051)
	at org.h2.command.Parser.readAnd(Parser.java:2023)
	at org.h2.command.Parser.readExpression(Parser.java:2015)
	at org.h2.command.Parser.parseEndOfQuery(Parser.java:1726)
	at org.h2.command.Parser.parseSelectUnionExtension(Parser.java:1706)
	at org.h2.command.Parser.parseSelectUnion(Parser.java:1675)
	at org.h2.command.Parser.parseSelect(Parser.java:1662)
	at org.h2.command.Parser.parsePrepared(Parser.java:434)
	at org.h2.command.Parser.parse(Parser.java:306)
	at org.h2.command.Parser.parse(Parser.java:282)
	at org.h2.command.Parser.prepareCommand(Parser.java:243)
	at org.h2.engine.Session.prepareLocal(Session.java:442)
	at org.h2.engine.Session.prepareCommand(Session.java:384)
	at org.h2.jdbc.JdbcConnection.prepareCommand(JdbcConnection.java:1188)
	at org.h2.jdbc.JdbcPreparedStatement.&lt;init&gt;(JdbcPreparedStatement.java:73)
	at org.h2.jdbc.JdbcConnection.prepareStatement(JdbcConnection.java:276)
	at sun.reflect.GeneratedMethodAccessor6.invoke(Unknown Source)
	at sun.reflect.DelegatingMethodAccessorImpl.invoke(DelegatingMethodAccessorImpl.java:43)
	at java.lang.reflect.Method.invoke(Method.java:498)
	at org.apache.ibatis.datasource.pooled.PooledConnection.invoke(PooledConnection.java:245)
	at com.sun.proxy.$Proxy12.prepareStatement(Unknown Source)
	at sun.reflect.GeneratedMethodAccessor6.invoke(Unknown Source)
	at sun.reflect.DelegatingMethodAccessorImpl.invoke(DelegatingMethodAccessorImpl.java:43)
	at java.lang.reflect.Method.invoke(Method.java:498)
	at org.apache.ibatis.logging.jdbc.ConnectionLogger.invoke(ConnectionLogger.java:55)
	at com.sun.proxy.$Proxy12.prepareStatement(Unknown Source)
	at org.apache.ibatis.executor.statement.PreparedStatementHandler.instantiateStatement(PreparedStatementHandler.java:79)
	at org.apache.ibatis.executor.statement.BaseStatementHandler.prepare(BaseStatementHandler.java:88)
	at org.apache.ibatis.executor.statement.RoutingStatementHandler.prepare(RoutingStatementHandler.java:58)
	at org.apache.ibatis.executor.SimpleExecutor.prepareStatement(SimpleExecutor.java:76)
	at org.apache.ibatis.executor.SimpleExecutor.doQuery(SimpleExecutor.java:61)
	at org.apache.ibatis.executor.BaseExecutor.queryFromDatabase(BaseExecutor.java:303)
	at org.apache.ibatis.executor.BaseExecutor.query(BaseExecutor.java:154)
	at org.apache.ibatis.executor.CachingExecutor.query(CachingExecutor.java:102)
	at org.apache.ibatis.executor.CachingExecutor.query(CachingExecutor.java:82)
	at org.apache.ibatis.session.defaults.DefaultSqlSession.selectList(DefaultSqlSession.java:120)
	... 45 more
10:47:54,167 [main] DEBUG org.activiti.engine.impl.cfg.standalone.StandaloneMybatisTransactionContext  - firing event rolling back...
10:47:54,167 [main] DEBUG org.activiti.engine.impl.cfg.standalone.StandaloneMybatisTransactionContext  - rolling back ibatis sql session...
10:47:54,167 [Thread-112] DEBUG org.activiti.engine.impl.cfg.standalone.StandaloneMybatisTransactionContext  - firing event committing...
10:47:54,167 [Thread-112] DEBUG org.activiti.engine.impl.cfg.standalone.StandaloneMybatisTransactionContext  - committing the ibatis sql session...
10:47:54,168 [Thread-112] DEBUG org.activiti.engine.impl.cfg.standalone.StandaloneMybatisTransactionContext  - firing event committed...
10:47:54,168 [Thread-112] DEBUG org.apache.ibatis.transaction.jdbc.JdbcTransaction  - Resetting autocommit to true on JDBC Connection [conn68: url=jdbc:h2:mem:activiti-AsyncExecutorTest user=SA]
10:47:54,167 [main] DEBUG org.activiti.engine.impl.cfg.standalone.StandaloneMybatisTransactionContext  - firing event rolled back...
10:47:54,168 [main] DEBUG org.apache.ibatis.transaction.jdbc.JdbcTransaction  - Resetting autocommit to true on JDBC Connection [conn6: url=jdbc:h2:mem:activiti user=SA]
10:47:54,168 [main] DEBUG org.apache.ibatis.transaction.jdbc.JdbcTransaction  - Closing JDBC Connection [conn6: url=jdbc:h2:mem:activiti user=SA]
10:47:54,168 [Thread-112] DEBUG org.apache.ibatis.transaction.jdbc.JdbcTransaction  - Closing JDBC Connection [conn68: url=jdbc:h2:mem:activiti-AsyncExecutorTest user=SA]
10:47:54,168 [Thread-112] DEBUG org.apache.ibatis.datasource.pooled.PooledDataSource  - Returned connection 58501658 to pool.
10:47:54,168 [main] DEBUG org.apache.ibatis.datasource.pooled.PooledDataSource  - Returned connection 486346394 to pool.
10:47:54,168 [Thread-112] DEBUG org.activiti.engine.impl.interceptor.LogInterceptor  - --- AcquireAsyncJobsDueCmd finished --------------------------------------------------------
10:47:54,168 [Thread-112] DEBUG org.activiti.engine.impl.interceptor.LogInterceptor  - 

10:47:54,168 [main] DEBUG org.activiti.engine.impl.interceptor.LogInterceptor  - --- JobQueryImpl finished --------------------------------------------------------
10:47:54,168 [main] DEBUG org.activiti.engine.impl.interceptor.LogInterceptor  - 

10:47:54,168 [Thread-112] DEBUG org.activiti.engine.impl.asyncexecutor.AcquireAsyncJobsDueRunnable  - async job acquisition thread sleeping for 50 millis
10:47:54,182 [Thread-102] DEBUG org.activiti.engine.impl.asyncexecutor.AcquireTimerJobsRunnable  - timer job acquisition thread woke up
10:47:54,182 [Thread-105] DEBUG org.activiti.engine.impl.asyncexecutor.AcquireTimerJobsRunnable  - timer job acquisition thread woke up
10:47:54,182 [Thread-105] DEBUG org.activiti.engine.impl.interceptor.LogInterceptor  - 

10:47:54,182 [Thread-103] DEBUG org.activiti.engine.impl.asyncexecutor.AcquireAsyncJobsDueRunnable  - async job acquisition thread woke up
10:47:54,182 [Thread-103] DEBUG org.activiti.engine.impl.interceptor.LogInterceptor  - 

10:47:54,182 [Thread-103] DEBUG org.activiti.engine.impl.interceptor.LogInterceptor  - --- starting AcquireAsyncJobsDueCmd --------------------------------------------------------
10:47:54,182 [Thread-106] DEBUG org.activiti.engine.impl.asyncexecutor.AcquireAsyncJobsDueRunnable  - async job acquisition thread woke up
10:47:54,182 [Thread-106] DEBUG org.activiti.engine.impl.interceptor.LogInterceptor  - 

10:47:54,182 [Thread-106] DEBUG org.activiti.engine.impl.interceptor.LogInterceptor  - --- starting AcquireAsyncJobsDueCmd --------------------------------------------------------
10:47:54,182 [Thread-111] DEBUG org.activiti.engine.impl.asyncexecutor.AcquireTimerJobsRunnable  - timer job acquisition thread woke up
10:47:54,182 [Thread-111] DEBUG org.activiti.engine.impl.interceptor.LogInterceptor  - 

10:47:54,182 [Thread-111] DEBUG org.activiti.engine.impl.interceptor.LogInterceptor  - --- starting AcquireTimerJobsCmd --------------------------------------------------------
10:47:54,182 [Thread-106] DEBUG org.apache.ibatis.transaction.jdbc.JdbcTransaction  - Opening JDBC Connection
10:47:54,182 [Thread-106] DEBUG org.apache.ibatis.datasource.pooled.PooledDataSource  - Checked out connection 1970103261 from pool.
10:47:54,182 [Thread-103] DEBUG org.apache.ibatis.transaction.jdbc.JdbcTransaction  - Opening JDBC Connection
10:47:54,182 [Thread-103] DEBUG org.apache.ibatis.datasource.pooled.PooledDataSource  - Checked out connection 157985567 from pool.
10:47:54,182 [Thread-103] DEBUG org.apache.ibatis.transaction.jdbc.JdbcTransaction  - Setting autocommit to false on JDBC Connection [conn61: url=jdbc:h2:mem:activiti-AsyncExecutorTest user=SA]
10:47:54,182 [Thread-105] DEBUG org.activiti.engine.impl.interceptor.LogInterceptor  - --- starting AcquireTimerJobsCmd --------------------------------------------------------
10:47:54,182 [Thread-105] DEBUG org.apache.ibatis.transaction.jdbc.JdbcTransaction  - Opening JDBC Connection
10:47:54,182 [Thread-102] DEBUG org.activiti.engine.impl.interceptor.LogInterceptor  - 

10:47:54,183 [Thread-102] DEBUG org.activiti.engine.impl.interceptor.LogInterceptor  - --- starting AcquireTimerJobsCmd --------------------------------------------------------
10:47:54,183 [Thread-102] DEBUG org.apache.ibatis.transaction.jdbc.JdbcTransaction  - Opening JDBC Connection
10:47:54,183 [Thread-105] DEBUG org.apache.ibatis.datasource.pooled.PooledDataSource  - Checked out connection 54468349 from pool.
10:47:54,183 [Thread-105] DEBUG org.apache.ibatis.transaction.jdbc.JdbcTransaction  - Setting autocommit to false on JDBC Connection [conn64: url=jdbc:h2:mem:activiti-AsyncExecutorTest user=SA]
10:47:54,183 [Thread-105] DEBUG org.activiti.engine.impl.persistence.entity.JobEntity.selectNextTimerJobsToExecute  - ==&gt;  Preparing: select RES.* from ACT_RU_JOB RES LEFT OUTER JOIN ACT_RU_EXECUTION PI ON PI.ID_ = RES.PROCESS_INSTANCE_ID_ where (RES.RETRIES_ &gt; 0) and (RES.DUEDATE_ is null or RES.DUEDATE_ &lt;= ?) and (RES.LOCK_OWNER_ is null or RES.LOCK_EXP_TIME_ &lt;= ?) and TYPE_ = &apos;timer&apos; and ( (RES.EXECUTION_ID_ is null) or (PI.SUSPENSION_STATE_ = 1) ) LIMIT ? OFFSET ? 
10:47:54,183 [Thread-105] DEBUG org.activiti.engine.impl.persistence.entity.JobEntity.selectNextTimerJobsToExecute  - ==&gt; Parameters: 2023-03-20 10:48:50.669(Timestamp), 2023-03-20 10:48:50.669(Timestamp), 1(Integer), 0(Integer)
10:47:54,183 [Thread-105] DEBUG org.activiti.engine.impl.persistence.entity.JobEntity.selectNextTimerJobsToExecute  - &lt;==      Total: 0
10:47:54,183 [Thread-105] DEBUG org.activiti.engine.impl.db.DbSqlSession  - flush summary: 0 insert, 0 update, 0 delete.
10:47:54,183 [Thread-105] DEBUG org.activiti.engine.impl.db.DbSqlSession  - now executing flush...
10:47:54,183 [Thread-105] DEBUG org.activiti.engine.impl.cfg.standalone.StandaloneMybatisTransactionContext  - firing event committing...
10:47:54,183 [Thread-105] DEBUG org.activiti.engine.impl.cfg.standalone.StandaloneMybatisTransactionContext  - committing the ibatis sql session...
10:47:54,183 [Thread-105] DEBUG org.activiti.engine.impl.cfg.standalone.StandaloneMybatisTransactionContext  - firing event committed...
10:47:54,183 [Thread-105] DEBUG org.apache.ibatis.transaction.jdbc.JdbcTransaction  - Resetting autocommit to true on JDBC Connection [conn64: url=jdbc:h2:mem:activiti-AsyncExecutorTest user=SA]
10:47:54,182 [Thread-103] DEBUG org.activiti.engine.impl.persistence.entity.JobEntity.selectAsyncJobsDueToExecute  - ==&gt;  Preparing: select RES.* from ACT_RU_JOB RES LEFT OUTER JOIN ACT_RU_EXECUTION PI ON PI.ID_ = RES.PROCESS_INSTANCE_ID_ where RES.RETRIES_ &gt; 0 and RES.DUEDATE_ is not null and RES.DUEDATE_ &lt;= ? and (RES.LOCK_EXP_TIME_ is null or RES.LOCK_EXP_TIME_ &lt;= ?) and TYPE_ = &apos;message&apos; and ( (RES.EXECUTION_ID_ is null) or (PI.SUSPENSION_STATE_ = 1) ) LIMIT ? OFFSET ? 
10:47:54,183 [Thread-103] DEBUG org.activiti.engine.impl.persistence.entity.JobEntity.selectAsyncJobsDueToExecute  - ==&gt; Parameters: 2023-03-20 10:48:50.669(Timestamp), 2023-03-20 10:48:50.669(Timestamp), 1(Integer), 0(Integer)
10:47:54,183 [Thread-103] DEBUG org.activiti.engine.impl.persistence.entity.JobEntity.selectAsyncJobsDueToExecute  - &lt;==      Total: 0
10:47:54,183 [Thread-103] DEBUG org.activiti.engine.impl.db.DbSqlSession  - flush summary: 0 insert, 0 update, 0 delete.
10:47:54,183 [Thread-103] DEBUG org.activiti.engine.impl.db.DbSqlSession  - now executing flush...
10:47:54,183 [Thread-103] DEBUG org.activiti.engine.impl.cfg.standalone.StandaloneMybatisTransactionContext  - firing event committing...
10:47:54,183 [Thread-103] DEBUG org.activiti.engine.impl.cfg.standalone.StandaloneMybatisTransactionContext  - committing the ibatis sql session...
10:47:54,183 [Thread-103] DEBUG org.activiti.engine.impl.cfg.standalone.StandaloneMybatisTransactionContext  - firing event committed...
10:47:54,182 [Thread-106] DEBUG org.apache.ibatis.transaction.jdbc.JdbcTransaction  - Setting autocommit to false on JDBC Connection [conn63: url=jdbc:h2:mem:activiti-AsyncExecutorTest user=SA]
10:47:54,183 [Thread-106] DEBUG org.activiti.engine.impl.persistence.entity.JobEntity.selectAsyncJobsDueToExecute  - ==&gt;  Preparing: select RES.* from ACT_RU_JOB RES LEFT OUTER JOIN ACT_RU_EXECUTION PI ON PI.ID_ = RES.PROCESS_INSTANCE_ID_ where RES.RETRIES_ &gt; 0 and RES.DUEDATE_ is not null and RES.DUEDATE_ &lt;= ? and (RES.LOCK_EXP_TIME_ is null or RES.LOCK_EXP_TIME_ &lt;= ?) and TYPE_ = &apos;message&apos; and ( (RES.EXECUTION_ID_ is null) or (PI.SUSPENSION_STATE_ = 1) ) LIMIT ? OFFSET ? 
10:47:54,182 [Thread-111] DEBUG org.apache.ibatis.transaction.jdbc.JdbcTransaction  - Opening JDBC Connection
10:47:54,183 [Thread-111] DEBUG org.apache.ibatis.datasource.pooled.PooledDataSource  - Checked out connection 1863805930 from pool.
10:47:54,183 [Thread-106] DEBUG org.activiti.engine.impl.persistence.entity.JobEntity.selectAsyncJobsDueToExecute  - ==&gt; Parameters: 2023-03-20 10:48:50.669(Timestamp), 2023-03-20 10:48:50.669(Timestamp), 1(Integer), 0(Integer)
10:47:54,183 [Thread-106] DEBUG org.activiti.engine.impl.persistence.entity.JobEntity.selectAsyncJobsDueToExecute  - &lt;==      Total: 0
10:47:54,183 [Thread-103] DEBUG org.apache.ibatis.transaction.jdbc.JdbcTransaction  - Resetting autocommit to true on JDBC Connection [conn61: url=jdbc:h2:mem:activiti-AsyncExecutorTest user=SA]
10:47:54,184 [Thread-103] DEBUG org.apache.ibatis.transaction.jdbc.JdbcTransaction  - Closing JDBC Connection [conn61: url=jdbc:h2:mem:activiti-AsyncExecutorTest user=SA]
10:47:54,183 [Thread-105] DEBUG org.apache.ibatis.transaction.jdbc.JdbcTransaction  - Closing JDBC Connection [conn64: url=jdbc:h2:mem:activiti-AsyncExecutorTest user=SA]
10:47:54,184 [Thread-105] DEBUG org.apache.ibatis.datasource.pooled.PooledDataSource  - Returned connection 54468349 to pool.
10:47:54,183 [Thread-102] DEBUG org.apache.ibatis.datasource.pooled.PooledDataSource  - Checked out connection 33534803 from pool.
10:47:54,184 [Thread-102] DEBUG org.apache.ibatis.transaction.jdbc.JdbcTransaction  - Setting autocommit to false on JDBC Connection [conn60: url=jdbc:h2:mem:activiti-AsyncExecutorTest user=SA]
10:47:54,184 [Thread-105] DEBUG org.activiti.engine.impl.interceptor.LogInterceptor  - --- AcquireTimerJobsCmd finished --------------------------------------------------------
10:47:54,184 [Thread-105] DEBUG org.activiti.engine.impl.interceptor.LogInterceptor  - 

10:47:54,184 [Thread-106] DEBUG org.activiti.engine.impl.db.DbSqlSession  - flush summary: 0 insert, 0 update, 0 delete.
10:47:54,184 [Thread-106] DEBUG org.activiti.engine.impl.db.DbSqlSession  - now executing flush...
10:47:54,184 [Thread-106] DEBUG org.activiti.engine.impl.cfg.standalone.StandaloneMybatisTransactionContext  - firing event committing...
10:47:54,184 [Thread-106] DEBUG org.activiti.engine.impl.cfg.standalone.StandaloneMybatisTransactionContext  - committing the ibatis sql session...
10:47:54,184 [Thread-106] DEBUG org.activiti.engine.impl.cfg.standalone.StandaloneMybatisTransactionContext  - firing event committed...
10:47:54,184 [Thread-106] DEBUG org.apache.ibatis.transaction.jdbc.JdbcTransaction  - Resetting autocommit to true on JDBC Connection [conn63: url=jdbc:h2:mem:activiti-AsyncExecutorTest user=SA]
10:47:54,184 [Thread-106] DEBUG org.apache.ibatis.transaction.jdbc.JdbcTransaction  - Closing JDBC Connection [conn63: url=jdbc:h2:mem:activiti-AsyncExecutorTest user=SA]
10:47:54,184 [Thread-106] DEBUG org.apache.ibatis.datasource.pooled.PooledDataSource  - Returned connection 1970103261 to pool.
10:47:54,184 [Thread-106] DEBUG org.activiti.engine.impl.interceptor.LogInterceptor  - --- AcquireAsyncJobsDueCmd finished --------------------------------------------------------
10:47:54,184 [Thread-106] DEBUG org.activiti.engine.impl.interceptor.LogInterceptor  - 

10:47:54,184 [Thread-106] DEBUG org.activiti.engine.impl.asyncexecutor.AcquireAsyncJobsDueRunnable  - async job acquisition thread sleeping for 50 millis
10:47:54,183 [Thread-111] DEBUG org.apache.ibatis.transaction.jdbc.JdbcTransaction  - Setting autocommit to false on JDBC Connection [conn69: url=jdbc:h2:mem:activiti-AsyncExecutorTest user=SA]
10:47:54,184 [Thread-111] DEBUG org.activiti.engine.impl.persistence.entity.JobEntity.selectNextTimerJobsToExecute  - ==&gt;  Preparing: select RES.* from ACT_RU_JOB RES LEFT OUTER JOIN ACT_RU_EXECUTION PI ON PI.ID_ = RES.PROCESS_INSTANCE_ID_ where (RES.RETRIES_ &gt; 0) and (RES.DUEDATE_ is null or RES.DUEDATE_ &lt;= ?) and (RES.LOCK_OWNER_ is null or RES.LOCK_EXP_TIME_ &lt;= ?) and TYPE_ = &apos;timer&apos; and ( (RES.EXECUTION_ID_ is null) or (PI.SUSPENSION_STATE_ = 1) ) LIMIT ? OFFSET ? 
10:47:54,184 [Thread-105] DEBUG org.activiti.engine.impl.asyncexecutor.AcquireTimerJobsRunnable  - timer job acquisition thread sleeping for 50 millis
10:47:54,184 [Thread-102] DEBUG org.activiti.engine.impl.persistence.entity.JobEntity.selectNextTimerJobsToExecute  - ==&gt;  Preparing: select RES.* from ACT_RU_JOB RES LEFT OUTER JOIN ACT_RU_EXECUTION PI ON PI.ID_ = RES.PROCESS_INSTANCE_ID_ where (RES.RETRIES_ &gt; 0) and (RES.DUEDATE_ is null or RES.DUEDATE_ &lt;= ?) and (RES.LOCK_OWNER_ is null or RES.LOCK_EXP_TIME_ &lt;= ?) and TYPE_ = &apos;timer&apos; and ( (RES.EXECUTION_ID_ is null) or (PI.SUSPENSION_STATE_ = 1) ) LIMIT ? OFFSET ? 
10:47:54,184 [Thread-102] DEBUG org.activiti.engine.impl.persistence.entity.JobEntity.selectNextTimerJobsToExecute  - ==&gt; Parameters: 2023-03-20 10:48:50.669(Timestamp), 2023-03-20 10:48:50.669(Timestamp), 1(Integer), 0(Integer)
10:47:54,184 [Thread-103] DEBUG org.apache.ibatis.datasource.pooled.PooledDataSource  - Returned connection 157985567 to pool.
10:47:54,185 [Thread-103] DEBUG org.activiti.engine.impl.interceptor.LogInterceptor  - --- AcquireAsyncJobsDueCmd finished --------------------------------------------------------
10:47:54,185 [Thread-103] DEBUG org.activiti.engine.impl.interceptor.LogInterceptor  - 

10:47:54,185 [Thread-103] DEBUG org.activiti.engine.impl.asyncexecutor.AcquireAsyncJobsDueRunnable  - async job acquisition thread sleeping for 50 millis
10:47:54,184 [Thread-102] DEBUG org.activiti.engine.impl.persistence.entity.JobEntity.selectNextTimerJobsToExecute  - &lt;==      Total: 0
10:47:54,185 [Thread-102] DEBUG org.activiti.engine.impl.db.DbSqlSession  - flush summary: 0 insert, 0 update, 0 delete.
10:47:54,185 [Thread-102] DEBUG org.activiti.engine.impl.db.DbSqlSession  - now executing flush...
10:47:54,185 [Thread-102] DEBUG org.activiti.engine.impl.cfg.standalone.StandaloneMybatisTransactionContext  - firing event committing...
10:47:54,185 [Thread-102] DEBUG org.activiti.engine.impl.cfg.standalone.StandaloneMybatisTransactionContext  - committing the ibatis sql session...
10:47:54,185 [Thread-102] DEBUG org.activiti.engine.impl.cfg.standalone.StandaloneMybatisTransactionContext  - firing event committed...
10:47:54,185 [Thread-102] DEBUG org.apache.ibatis.transaction.jdbc.JdbcTransaction  - Resetting autocommit to true on JDBC Connection [conn60: url=jdbc:h2:mem:activiti-AsyncExecutorTest user=SA]
10:47:54,185 [Thread-102] DEBUG org.apache.ibatis.transaction.jdbc.JdbcTransaction  - Closing JDBC Connection [conn60: url=jdbc:h2:mem:activiti-AsyncExecutorTest user=SA]
10:47:54,185 [Thread-102] DEBUG org.apache.ibatis.datasource.pooled.PooledDataSource  - Returned connection 33534803 to pool.
10:47:54,185 [Thread-102] DEBUG org.activiti.engine.impl.interceptor.LogInterceptor  - --- AcquireTimerJobsCmd finished --------------------------------------------------------
10:47:54,185 [Thread-102] DEBUG org.activiti.engine.impl.interceptor.LogInterceptor  - 

10:47:54,184 [Thread-111] DEBUG org.activiti.engine.impl.persistence.entity.JobEntity.selectNextTimerJobsToExecute  - ==&gt; Parameters: 2023-03-20 10:48:50.669(Timestamp), 2023-03-20 10:48:50.669(Timestamp), 1(Integer), 0(Integer)
10:47:54,185 [Thread-111] DEBUG org.activiti.engine.impl.persistence.entity.JobEntity.selectNextTimerJobsToExecute  - &lt;==      Total: 0
10:47:54,185 [Thread-111] DEBUG org.activiti.engine.impl.db.DbSqlSession  - flush summary: 0 insert, 0 update, 0 delete.
10:47:54,185 [Thread-111] DEBUG org.activiti.engine.impl.db.DbSqlSession  - now executing flush...
10:47:54,185 [Thread-111] DEBUG org.activiti.engine.impl.cfg.standalone.StandaloneMybatisTransactionContext  - firing event committing...
10:47:54,185 [Thread-111] DEBUG org.activiti.engine.impl.cfg.standalone.StandaloneMybatisTransactionContext  - committing the ibatis sql session...
10:47:54,185 [Thread-102] DEBUG org.activiti.engine.impl.asyncexecutor.AcquireTimerJobsRunnable  - timer job acquisition thread sleeping for 50 millis
10:47:54,185 [Thread-111] DEBUG org.activiti.engine.impl.cfg.standalone.StandaloneMybatisTransactionContext  - firing event committed...
10:47:54,185 [Thread-111] DEBUG org.apache.ibatis.transaction.jdbc.JdbcTransaction  - Resetting autocommit to true on JDBC Connection [conn69: url=jdbc:h2:mem:activiti-AsyncExecutorTest user=SA]
10:47:54,185 [Thread-111] DEBUG org.apache.ibatis.transaction.jdbc.JdbcTransaction  - Closing JDBC Connection [conn69: url=jdbc:h2:mem:activiti-AsyncExecutorTest user=SA]
10:47:54,185 [Thread-111] DEBUG org.apache.ibatis.datasource.pooled.PooledDataSource  - Returned connection 1863805930 to pool.
10:47:54,185 [Thread-111] DEBUG org.activiti.engine.impl.interceptor.LogInterceptor  - --- AcquireTimerJobsCmd finished --------------------------------------------------------
10:47:54,185 [Thread-111] DEBUG org.activiti.engine.impl.interceptor.LogInterceptor  - 

10:47:54,185 [Thread-111] DEBUG org.activiti.engine.impl.asyncexecutor.AcquireTimerJobsRunnable  - timer job acquisition thread sleeping for 50 millis
10:47:54,230 [Thread-112] DEBUG org.activiti.engine.impl.asyncexecutor.AcquireAsyncJobsDueRunnable  - async job acquisition thread woke up
10:47:54,230 [Thread-112] DEBUG org.activiti.engine.impl.interceptor.LogInterceptor  - 

10:47:54,230 [Thread-112] DEBUG org.activiti.engine.impl.interceptor.LogInterceptor  - --- starting AcquireAsyncJobsDueCmd --------------------------------------------------------
10:47:54,230 [Thread-112] DEBUG org.apache.ibatis.transaction.jdbc.JdbcTransaction  - Opening JDBC Connection
10:47:54,230 [Thread-112] DEBUG org.apache.ibatis.datasource.pooled.PooledDataSource  - Checked out connection 604408605 from pool.
10:47:54,230 [Thread-112] DEBUG org.apache.ibatis.transaction.jdbc.JdbcTransaction  - Setting autocommit to false on JDBC Connection [conn70: url=jdbc:h2:mem:activiti-AsyncExecutorTest user=SA]
10:47:54,230 [Thread-112] DEBUG org.activiti.engine.impl.persistence.entity.JobEntity.selectAsyncJobsDueToExecute  - ==&gt;  Preparing: select RES.* from ACT_RU_JOB RES LEFT OUTER JOIN ACT_RU_EXECUTION PI ON PI.ID_ = RES.PROCESS_INSTANCE_ID_ where RES.RETRIES_ &gt; 0 and RES.DUEDATE_ is not null and RES.DUEDATE_ &lt;= ? and (RES.LOCK_EXP_TIME_ is null or RES.LOCK_EXP_TIME_ &lt;= ?) and TYPE_ = &apos;message&apos; and ( (RES.EXECUTION_ID_ is null) or (PI.SUSPENSION_STATE_ = 1) ) LIMIT ? OFFSET ? 
10:47:54,231 [Thread-112] DEBUG org.activiti.engine.impl.persistence.entity.JobEntity.selectAsyncJobsDueToExecute  - ==&gt; Parameters: 2023-03-20 10:48:50.669(Timestamp), 2023-03-20 10:48:50.669(Timestamp), 1(Integer), 0(Integer)
10:47:54,231 [Thread-112] DEBUG org.activiti.engine.impl.persistence.entity.JobEntity.selectAsyncJobsDueToExecute  - &lt;==      Total: 0
10:47:54,231 [Thread-112] DEBUG org.activiti.engine.impl.db.DbSqlSession  - flush summary: 0 insert, 0 update, 0 delete.
10:47:54,231 [Thread-112] DEBUG org.activiti.engine.impl.db.DbSqlSession  - now executing flush...
10:47:54,231 [Thread-112] DEBUG org.activiti.engine.impl.cfg.standalone.StandaloneMybatisTransactionContext  - firing event committing...
10:47:54,231 [Thread-112] DEBUG org.activiti.engine.impl.cfg.standalone.StandaloneMybatisTransactionContext  - committing the ibatis sql session...
10:47:54,231 [Thread-112] DEBUG org.activiti.engine.impl.cfg.standalone.StandaloneMybatisTransactionContext  - firing event committed...
10:47:54,231 [Thread-112] DEBUG org.apache.ibatis.transaction.jdbc.JdbcTransaction  - Resetting autocommit to true on JDBC Connection [conn70: url=jdbc:h2:mem:activiti-AsyncExecutorTest user=SA]
10:47:54,231 [Thread-112] DEBUG org.apache.ibatis.transaction.jdbc.JdbcTransaction  - Closing JDBC Connection [conn70: url=jdbc:h2:mem:activiti-AsyncExecutorTest user=SA]
10:47:54,231 [Thread-112] DEBUG org.apache.ibatis.datasource.pooled.PooledDataSource  - Returned connection 604408605 to pool.
10:47:54,231 [Thread-112] DEBUG org.activiti.engine.impl.interceptor.LogInterceptor  - --- AcquireAsyncJobsDueCmd finished --------------------------------------------------------
10:47:54,231 [Thread-112] DEBUG org.activiti.engine.impl.interceptor.LogInterceptor  - 

10:47:54,231 [Thread-112] DEBUG org.activiti.engine.impl.asyncexecutor.AcquireAsyncJobsDueRunnable  - async job acquisition thread sleeping for 50 millis
10:47:54,246 [Thread-111] DEBUG org.activiti.engine.impl.asyncexecutor.AcquireTimerJobsRunnable  - timer job acquisition thread woke up
10:47:54,246 [Thread-105] DEBUG org.activiti.engine.impl.asyncexecutor.AcquireTimerJobsRunnable  - timer job acquisition thread woke up
10:47:54,246 [Thread-105] DEBUG org.activiti.engine.impl.interceptor.LogInterceptor  - 

10:47:54,246 [Thread-103] DEBUG org.activiti.engine.impl.asyncexecutor.AcquireAsyncJobsDueRunnable  - async job acquisition thread woke up
10:47:54,246 [Thread-103] DEBUG org.activiti.engine.impl.interceptor.LogInterceptor  - 

10:47:54,246 [Thread-103] DEBUG org.activiti.engine.impl.interceptor.LogInterceptor  - --- starting AcquireAsyncJobsDueCmd --------------------------------------------------------
10:47:54,246 [Thread-106] DEBUG org.activiti.engine.impl.asyncexecutor.AcquireAsyncJobsDueRunnable  - async job acquisition thread woke up
10:47:54,246 [Thread-106] DEBUG org.activiti.engine.impl.interceptor.LogInterceptor  - 

10:47:54,246 [Thread-106] DEBUG org.activiti.engine.impl.interceptor.LogInterceptor  - --- starting AcquireAsyncJobsDueCmd --------------------------------------------------------
10:47:54,246 [Thread-102] DEBUG org.activiti.engine.impl.asyncexecutor.AcquireTimerJobsRunnable  - timer job acquisition thread woke up
10:47:54,246 [Thread-102] DEBUG org.activiti.engine.impl.interceptor.LogInterceptor  - 

10:47:54,246 [Thread-102] DEBUG org.activiti.engine.impl.interceptor.LogInterceptor  - --- starting AcquireTimerJobsCmd --------------------------------------------------------
10:47:54,246 [Thread-106] DEBUG org.apache.ibatis.transaction.jdbc.JdbcTransaction  - Opening JDBC Connection
10:47:54,246 [Thread-103] DEBUG org.apache.ibatis.transaction.jdbc.JdbcTransaction  - Opening JDBC Connection
10:47:54,246 [Thread-103] DEBUG org.apache.ibatis.datasource.pooled.PooledDataSource  - Checked out connection 720039383 from pool.
10:47:54,246 [Thread-105] DEBUG org.activiti.engine.impl.interceptor.LogInterceptor  - --- starting AcquireTimerJobsCmd --------------------------------------------------------
10:47:54,246 [Thread-111] DEBUG org.activiti.engine.impl.interceptor.LogInterceptor  - 

10:47:54,246 [Thread-111] DEBUG org.activiti.engine.impl.interceptor.LogInterceptor  - --- starting AcquireTimerJobsCmd --------------------------------------------------------
10:47:54,246 [Thread-105] DEBUG org.apache.ibatis.transaction.jdbc.JdbcTransaction  - Opening JDBC Connection
10:47:54,246 [Thread-103] DEBUG org.apache.ibatis.transaction.jdbc.JdbcTransaction  - Setting autocommit to false on JDBC Connection [conn59: url=jdbc:h2:mem:activiti-AsyncExecutorTest user=SA]
10:47:54,246 [Thread-106] DEBUG org.apache.ibatis.datasource.pooled.PooledDataSource  - Checked out connection 996762054 from pool.
10:47:54,246 [Thread-106] DEBUG org.apache.ibatis.transaction.jdbc.JdbcTransaction  - Setting autocommit to false on JDBC Connection [conn65: url=jdbc:h2:mem:activiti-AsyncExecutorTest user=SA]
10:47:54,246 [Thread-102] DEBUG org.apache.ibatis.transaction.jdbc.JdbcTransaction  - Opening JDBC Connection
10:47:54,246 [Thread-102] DEBUG org.apache.ibatis.datasource.pooled.PooledDataSource  - Checked out connection 157985567 from pool.
10:47:54,246 [Thread-102] DEBUG org.apache.ibatis.transaction.jdbc.JdbcTransaction  - Setting autocommit to false on JDBC Connection [conn61: url=jdbc:h2:mem:activiti-AsyncExecutorTest user=SA]
10:47:54,246 [Thread-106] DEBUG org.activiti.engine.impl.persistence.entity.JobEntity.selectAsyncJobsDueToExecute  - ==&gt;  Preparing: select RES.* from ACT_RU_JOB RES LEFT OUTER JOIN ACT_RU_EXECUTION PI ON PI.ID_ = RES.PROCESS_INSTANCE_ID_ where RES.RETRIES_ &gt; 0 and RES.DUEDATE_ is not null and RES.DUEDATE_ &lt;= ? and (RES.LOCK_EXP_TIME_ is null or RES.LOCK_EXP_TIME_ &lt;= ?) and TYPE_ = &apos;message&apos; and ( (RES.EXECUTION_ID_ is null) or (PI.SUSPENSION_STATE_ = 1) ) LIMIT ? OFFSET ? 
10:47:54,246 [Thread-105] DEBUG org.apache.ibatis.datasource.pooled.PooledDataSource  - Checked out connection 54468349 from pool.
10:47:54,247 [Thread-105] DEBUG org.apache.ibatis.transaction.jdbc.JdbcTransaction  - Setting autocommit to false on JDBC Connection [conn64: url=jdbc:h2:mem:activiti-AsyncExecutorTest user=SA]
10:47:54,246 [Thread-103] DEBUG org.activiti.engine.impl.persistence.entity.JobEntity.selectAsyncJobsDueToExecute  - ==&gt;  Preparing: select RES.* from ACT_RU_JOB RES LEFT OUTER JOIN ACT_RU_EXECUTION PI ON PI.ID_ = RES.PROCESS_INSTANCE_ID_ where RES.RETRIES_ &gt; 0 and RES.DUEDATE_ is not null and RES.DUEDATE_ &lt;= ? and (RES.LOCK_EXP_TIME_ is null or RES.LOCK_EXP_TIME_ &lt;= ?) and TYPE_ = &apos;message&apos; and ( (RES.EXECUTION_ID_ is null) or (PI.SUSPENSION_STATE_ = 1) ) LIMIT ? OFFSET ? 
10:47:54,247 [Thread-103] DEBUG org.activiti.engine.impl.persistence.entity.JobEntity.selectAsyncJobsDueToExecute  - ==&gt; Parameters: 2023-03-20 10:48:50.669(Timestamp), 2023-03-20 10:48:50.669(Timestamp), 1(Integer), 0(Integer)
10:47:54,246 [Thread-111] DEBUG org.apache.ibatis.transaction.jdbc.JdbcTransaction  - Opening JDBC Connection
10:47:54,247 [Thread-111] DEBUG org.apache.ibatis.datasource.pooled.PooledDataSource  - Checked out connection 58501658 from pool.
10:47:54,247 [Thread-111] DEBUG org.apache.ibatis.transaction.jdbc.JdbcTransaction  - Setting autocommit to false on JDBC Connection [conn68: url=jdbc:h2:mem:activiti-AsyncExecutorTest user=SA]
10:47:54,247 [Thread-111] DEBUG org.activiti.engine.impl.persistence.entity.JobEntity.selectNextTimerJobsToExecute  - ==&gt;  Preparing: select RES.* from ACT_RU_JOB RES LEFT OUTER JOIN ACT_RU_EXECUTION PI ON PI.ID_ = RES.PROCESS_INSTANCE_ID_ where (RES.RETRIES_ &gt; 0) and (RES.DUEDATE_ is null or RES.DUEDATE_ &lt;= ?) and (RES.LOCK_OWNER_ is null or RES.LOCK_EXP_TIME_ &lt;= ?) and TYPE_ = &apos;timer&apos; and ( (RES.EXECUTION_ID_ is null) or (PI.SUSPENSION_STATE_ = 1) ) LIMIT ? OFFSET ? 
10:47:54,247 [Thread-111] DEBUG org.activiti.engine.impl.persistence.entity.JobEntity.selectNextTimerJobsToExecute  - ==&gt; Parameters: 2023-03-20 10:48:50.669(Timestamp), 2023-03-20 10:48:50.669(Timestamp), 1(Integer), 0(Integer)
10:47:54,247 [Thread-111] DEBUG org.activiti.engine.impl.persistence.entity.JobEntity.selectNextTimerJobsToExecute  - &lt;==      Total: 0
10:47:54,247 [Thread-111] DEBUG org.activiti.engine.impl.db.DbSqlSession  - flush summary: 0 insert, 0 update, 0 delete.
10:47:54,247 [Thread-111] DEBUG org.activiti.engine.impl.db.DbSqlSession  - now executing flush...
10:47:54,247 [Thread-111] DEBUG org.activiti.engine.impl.cfg.standalone.StandaloneMybatisTransactionContext  - firing event committing...
10:47:54,247 [Thread-111] DEBUG org.activiti.engine.impl.cfg.standalone.StandaloneMybatisTransactionContext  - committing the ibatis sql session...
10:47:54,247 [Thread-111] DEBUG org.activiti.engine.impl.cfg.standalone.StandaloneMybatisTransactionContext  - firing event committed...
10:47:54,247 [Thread-103] DEBUG org.activiti.engine.impl.persistence.entity.JobEntity.selectAsyncJobsDueToExecute  - &lt;==      Total: 0
10:47:54,247 [Thread-103] DEBUG org.activiti.engine.impl.db.DbSqlSession  - flush summary: 0 insert, 0 update, 0 delete.
10:47:54,247 [Thread-103] DEBUG org.activiti.engine.impl.db.DbSqlSession  - now executing flush...
10:47:54,247 [Thread-103] DEBUG org.activiti.engine.impl.cfg.standalone.StandaloneMybatisTransactionContext  - firing event committing...
10:47:54,247 [Thread-103] DEBUG org.activiti.engine.impl.cfg.standalone.StandaloneMybatisTransactionContext  - committing the ibatis sql session...
10:47:54,247 [Thread-103] DEBUG org.activiti.engine.impl.cfg.standalone.StandaloneMybatisTransactionContext  - firing event committed...
10:47:54,247 [Thread-103] DEBUG org.apache.ibatis.transaction.jdbc.JdbcTransaction  - Resetting autocommit to true on JDBC Connection [conn59: url=jdbc:h2:mem:activiti-AsyncExecutorTest user=SA]
10:47:54,247 [Thread-103] DEBUG org.apache.ibatis.transaction.jdbc.JdbcTransaction  - Closing JDBC Connection [conn59: url=jdbc:h2:mem:activiti-AsyncExecutorTest user=SA]
10:47:54,247 [Thread-103] DEBUG org.apache.ibatis.datasource.pooled.PooledDataSource  - Returned connection 720039383 to pool.
10:47:54,247 [Thread-103] DEBUG org.activiti.engine.impl.interceptor.LogInterceptor  - --- AcquireAsyncJobsDueCmd finished --------------------------------------------------------
10:47:54,247 [Thread-103] DEBUG org.activiti.engine.impl.interceptor.LogInterceptor  - 

10:47:54,247 [Thread-105] DEBUG org.activiti.engine.impl.persistence.entity.JobEntity.selectNextTimerJobsToExecute  - ==&gt;  Preparing: select RES.* from ACT_RU_JOB RES LEFT OUTER JOIN ACT_RU_EXECUTION PI ON PI.ID_ = RES.PROCESS_INSTANCE_ID_ where (RES.RETRIES_ &gt; 0) and (RES.DUEDATE_ is null or RES.DUEDATE_ &lt;= ?) and (RES.LOCK_OWNER_ is null or RES.LOCK_EXP_TIME_ &lt;= ?) and TYPE_ = &apos;timer&apos; and ( (RES.EXECUTION_ID_ is null) or (PI.SUSPENSION_STATE_ = 1) ) LIMIT ? OFFSET ? 
10:47:54,248 [Thread-105] DEBUG org.activiti.engine.impl.persistence.entity.JobEntity.selectNextTimerJobsToExecute  - ==&gt; Parameters: 2023-03-20 10:48:50.669(Timestamp), 2023-03-20 10:48:50.669(Timestamp), 1(Integer), 0(Integer)
10:47:54,247 [Thread-106] DEBUG org.activiti.engine.impl.persistence.entity.JobEntity.selectAsyncJobsDueToExecute  - ==&gt; Parameters: 2023-03-20 10:48:50.669(Timestamp), 2023-03-20 10:48:50.669(Timestamp), 1(Integer), 0(Integer)
10:47:54,248 [Thread-106] DEBUG org.activiti.engine.impl.persistence.entity.JobEntity.selectAsyncJobsDueToExecute  - &lt;==      Total: 0
10:47:54,247 [Thread-102] DEBUG org.activiti.engine.impl.persistence.entity.JobEntity.selectNextTimerJobsToExecute  - ==&gt;  Preparing: select RES.* from ACT_RU_JOB RES LEFT OUTER JOIN ACT_RU_EXECUTION PI ON PI.ID_ = RES.PROCESS_INSTANCE_ID_ where (RES.RETRIES_ &gt; 0) and (RES.DUEDATE_ is null or RES.DUEDATE_ &lt;= ?) and (RES.LOCK_OWNER_ is null or RES.LOCK_EXP_TIME_ &lt;= ?) and TYPE_ = &apos;timer&apos; and ( (RES.EXECUTION_ID_ is null) or (PI.SUSPENSION_STATE_ = 1) ) LIMIT ? OFFSET ? 
10:47:54,248 [Thread-102] DEBUG org.activiti.engine.impl.persistence.entity.JobEntity.selectNextTimerJobsToExecute  - ==&gt; Parameters: 2023-03-20 10:48:50.669(Timestamp), 2023-03-20 10:48:50.669(Timestamp), 1(Integer), 0(Integer)
10:47:54,248 [Thread-106] DEBUG org.activiti.engine.impl.db.DbSqlSession  - flush summary: 0 insert, 0 update, 0 delete.
10:47:54,248 [Thread-106] DEBUG org.activiti.engine.impl.db.DbSqlSession  - now executing flush...
10:47:54,248 [Thread-106] DEBUG org.activiti.engine.impl.cfg.standalone.StandaloneMybatisTransactionContext  - firing event committing...
10:47:54,248 [Thread-106] DEBUG org.activiti.engine.impl.cfg.standalone.StandaloneMybatisTransactionContext  - committing the ibatis sql session...
10:47:54,248 [Thread-106] DEBUG org.activiti.engine.impl.cfg.standalone.StandaloneMybatisTransactionContext  - firing event committed...
10:47:54,248 [Thread-106] DEBUG org.apache.ibatis.transaction.jdbc.JdbcTransaction  - Resetting autocommit to true on JDBC Connection [conn65: url=jdbc:h2:mem:activiti-AsyncExecutorTest user=SA]
10:47:54,248 [Thread-105] DEBUG org.activiti.engine.impl.persistence.entity.JobEntity.selectNextTimerJobsToExecute  - &lt;==      Total: 0
10:47:54,248 [Thread-105] DEBUG org.activiti.engine.impl.db.DbSqlSession  - flush summary: 0 insert, 0 update, 0 delete.
10:47:54,248 [Thread-105] DEBUG org.activiti.engine.impl.db.DbSqlSession  - now executing flush...
10:47:54,247 [Thread-103] DEBUG org.activiti.engine.impl.asyncexecutor.AcquireAsyncJobsDueRunnable  - async job acquisition thread sleeping for 50 millis
10:47:54,247 [Thread-111] DEBUG org.apache.ibatis.transaction.jdbc.JdbcTransaction  - Resetting autocommit to true on JDBC Connection [conn68: url=jdbc:h2:mem:activiti-AsyncExecutorTest user=SA]
10:47:54,248 [Thread-111] DEBUG org.apache.ibatis.transaction.jdbc.JdbcTransaction  - Closing JDBC Connection [conn68: url=jdbc:h2:mem:activiti-AsyncExecutorTest user=SA]
10:47:54,248 [Thread-111] DEBUG org.apache.ibatis.datasource.pooled.PooledDataSource  - Returned connection 58501658 to pool.
10:47:54,248 [Thread-111] DEBUG org.activiti.engine.impl.interceptor.LogInterceptor  - --- AcquireTimerJobsCmd finished --------------------------------------------------------
10:47:54,248 [Thread-111] DEBUG org.activiti.engine.impl.interceptor.LogInterceptor  - 

10:47:54,248 [Thread-111] DEBUG org.activiti.engine.impl.asyncexecutor.AcquireTimerJobsRunnable  - timer job acquisition thread sleeping for 50 millis
10:47:54,248 [Thread-105] DEBUG org.activiti.engine.impl.cfg.standalone.StandaloneMybatisTransactionContext  - firing event committing...
10:47:54,248 [Thread-105] DEBUG org.activiti.engine.impl.cfg.standalone.StandaloneMybatisTransactionContext  - committing the ibatis sql session...
10:47:54,248 [Thread-105] DEBUG org.activiti.engine.impl.cfg.standalone.StandaloneMybatisTransactionContext  - firing event committed...
10:47:54,248 [Thread-106] DEBUG org.apache.ibatis.transaction.jdbc.JdbcTransaction  - Closing JDBC Connection [conn65: url=jdbc:h2:mem:activiti-AsyncExecutorTest user=SA]
10:47:54,248 [Thread-106] DEBUG org.apache.ibatis.datasource.pooled.PooledDataSource  - Returned connection 996762054 to pool.
10:47:54,248 [Thread-106] DEBUG org.activiti.engine.impl.interceptor.LogInterceptor  - --- AcquireAsyncJobsDueCmd finished --------------------------------------------------------
10:47:54,249 [Thread-106] DEBUG org.activiti.engine.impl.interceptor.LogInterceptor  - 

10:47:54,249 [Thread-106] DEBUG org.activiti.engine.impl.asyncexecutor.AcquireAsyncJobsDueRunnable  - async job acquisition thread sleeping for 50 millis
10:47:54,248 [Thread-102] DEBUG org.activiti.engine.impl.persistence.entity.JobEntity.selectNextTimerJobsToExecute  - &lt;==      Total: 0
10:47:54,249 [Thread-102] DEBUG org.activiti.engine.impl.db.DbSqlSession  - flush summary: 0 insert, 0 update, 0 delete.
10:47:54,249 [Thread-102] DEBUG org.activiti.engine.impl.db.DbSqlSession  - now executing flush...
10:47:54,249 [Thread-102] DEBUG org.activiti.engine.impl.cfg.standalone.StandaloneMybatisTransactionContext  - firing event committing...
10:47:54,249 [Thread-102] DEBUG org.activiti.engine.impl.cfg.standalone.StandaloneMybatisTransactionContext  - committing the ibatis sql session...
10:47:54,249 [Thread-102] DEBUG org.activiti.engine.impl.cfg.standalone.StandaloneMybatisTransactionContext  - firing event committed...
10:47:54,249 [Thread-102] DEBUG org.apache.ibatis.transaction.jdbc.JdbcTransaction  - Resetting autocommit to true on JDBC Connection [conn61: url=jdbc:h2:mem:activiti-AsyncExecutorTest user=SA]
10:47:54,249 [Thread-102] DEBUG org.apache.ibatis.transaction.jdbc.JdbcTransaction  - Closing JDBC Connection [conn61: url=jdbc:h2:mem:activiti-AsyncExecutorTest user=SA]
10:47:54,249 [Thread-102] DEBUG org.apache.ibatis.datasource.pooled.PooledDataSource  - Returned connection 157985567 to pool.
10:47:54,249 [Thread-102] DEBUG org.activiti.engine.impl.interceptor.LogInterceptor  - --- AcquireTimerJobsCmd finished --------------------------------------------------------
10:47:54,249 [Thread-102] DEBUG org.activiti.engine.impl.interceptor.LogInterceptor  - 

10:47:54,249 [Thread-102] DEBUG org.activiti.engine.impl.asyncexecutor.AcquireTimerJobsRunnable  - timer job acquisition thread sleeping for 50 millis
10:47:54,248 [Thread-105] DEBUG org.apache.ibatis.transaction.jdbc.JdbcTransaction  - Resetting autocommit to true on JDBC Connection [conn64: url=jdbc:h2:mem:activiti-AsyncExecutorTest user=SA]
10:47:54,249 [Thread-105] DEBUG org.apache.ibatis.transaction.jdbc.JdbcTransaction  - Closing JDBC Connection [conn64: url=jdbc:h2:mem:activiti-AsyncExecutorTest user=SA]
10:47:54,249 [Thread-105] DEBUG org.apache.ibatis.datasource.pooled.PooledDataSource  - Returned connection 54468349 to pool.
10:47:54,249 [Thread-105] DEBUG org.activiti.engine.impl.interceptor.LogInterceptor  - --- AcquireTimerJobsCmd finished --------------------------------------------------------
10:47:54,249 [Thread-105] DEBUG org.activiti.engine.impl.interceptor.LogInterceptor  - 

10:47:54,249 [Thread-105] DEBUG org.activiti.engine.impl.asyncexecutor.AcquireTimerJobsRunnable  - timer job acquisition thread sleeping for 50 millis
10:47:54,293 [Thread-112] DEBUG org.activiti.engine.impl.asyncexecutor.AcquireAsyncJobsDueRunnable  - async job acquisition thread woke up
10:47:54,293 [Thread-112] DEBUG org.activiti.engine.impl.interceptor.LogInterceptor  - 

10:47:54,293 [Thread-112] DEBUG org.activiti.engine.impl.interceptor.LogInterceptor  - --- starting AcquireAsyncJobsDueCmd --------------------------------------------------------
10:47:54,293 [Thread-112] DEBUG org.apache.ibatis.transaction.jdbc.JdbcTransaction  - Opening JDBC Connection
10:47:54,293 [Thread-112] DEBUG org.apache.ibatis.datasource.pooled.PooledDataSource  - Checked out connection 1863805930 from pool.
10:47:54,293 [Thread-112] DEBUG org.apache.ibatis.transaction.jdbc.JdbcTransaction  - Setting autocommit to false on JDBC Connection [conn69: url=jdbc:h2:mem:activiti-AsyncExecutorTest user=SA]
10:47:54,293 [Thread-112] DEBUG org.activiti.engine.impl.persistence.entity.JobEntity.selectAsyncJobsDueToExecute  - ==&gt;  Preparing: select RES.* from ACT_RU_JOB RES LEFT OUTER JOIN ACT_RU_EXECUTION PI ON PI.ID_ = RES.PROCESS_INSTANCE_ID_ where RES.RETRIES_ &gt; 0 and RES.DUEDATE_ is not null and RES.DUEDATE_ &lt;= ? and (RES.LOCK_EXP_TIME_ is null or RES.LOCK_EXP_TIME_ &lt;= ?) and TYPE_ = &apos;message&apos; and ( (RES.EXECUTION_ID_ is null) or (PI.SUSPENSION_STATE_ = 1) ) LIMIT ? OFFSET ? 
10:47:54,293 [Thread-112] DEBUG org.activiti.engine.impl.persistence.entity.JobEntity.selectAsyncJobsDueToExecute  - ==&gt; Parameters: 2023-03-20 10:48:50.669(Timestamp), 2023-03-20 10:48:50.669(Timestamp), 1(Integer), 0(Integer)
10:47:54,293 [Thread-112] DEBUG org.activiti.engine.impl.persistence.entity.JobEntity.selectAsyncJobsDueToExecute  - &lt;==      Total: 0
10:47:54,293 [Thread-112] DEBUG org.activiti.engine.impl.db.DbSqlSession  - flush summary: 0 insert, 0 update, 0 delete.
10:47:54,293 [Thread-112] DEBUG org.activiti.engine.impl.db.DbSqlSession  - now executing flush...
10:47:54,293 [Thread-112] DEBUG org.activiti.engine.impl.cfg.standalone.StandaloneMybatisTransactionContext  - firing event committing...
10:47:54,293 [Thread-112] DEBUG org.activiti.engine.impl.cfg.standalone.StandaloneMybatisTransactionContext  - committing the ibatis sql session...
10:47:54,293 [Thread-112] DEBUG org.activiti.engine.impl.cfg.standalone.StandaloneMybatisTransactionContext  - firing event committed...
10:47:54,293 [Thread-112] DEBUG org.apache.ibatis.transaction.jdbc.JdbcTransaction  - Resetting autocommit to true on JDBC Connection [conn69: url=jdbc:h2:mem:activiti-AsyncExecutorTest user=SA]
10:47:54,293 [Thread-112] DEBUG org.apache.ibatis.transaction.jdbc.JdbcTransaction  - Closing JDBC Connection [conn69: url=jdbc:h2:mem:activiti-AsyncExecutorTest user=SA]
10:47:54,293 [Thread-112] DEBUG org.apache.ibatis.datasource.pooled.PooledDataSource  - Returned connection 1863805930 to pool.
10:47:54,293 [Thread-112] DEBUG org.activiti.engine.impl.interceptor.LogInterceptor  - --- AcquireAsyncJobsDueCmd finished --------------------------------------------------------
10:47:54,293 [Thread-112] DEBUG org.activiti.engine.impl.interceptor.LogInterceptor  - 

10:47:54,293 [Thread-112] DEBUG org.activiti.engine.impl.asyncexecutor.AcquireAsyncJobsDueRunnable  - async job acquisition thread sleeping for 50 millis
10:47:54,309 [Thread-102] DEBUG org.activiti.engine.impl.asyncexecutor.AcquireTimerJobsRunnable  - timer job acquisition thread woke up
10:47:54,309 [Thread-102] DEBUG org.activiti.engine.impl.interceptor.LogInterceptor  - 

10:47:54,309 [Thread-102] DEBUG org.activiti.engine.impl.interceptor.LogInterceptor  - --- starting AcquireTimerJobsCmd --------------------------------------------------------
10:47:54,309 [Thread-103] DEBUG org.activiti.engine.impl.asyncexecutor.AcquireAsyncJobsDueRunnable  - async job acquisition thread woke up
10:47:54,309 [Thread-103] DEBUG org.activiti.engine.impl.interceptor.LogInterceptor  - 

10:47:54,309 [Thread-103] DEBUG org.activiti.engine.impl.interceptor.LogInterceptor  - --- starting AcquireAsyncJobsDueCmd --------------------------------------------------------
10:47:54,309 [Thread-106] DEBUG org.activiti.engine.impl.asyncexecutor.AcquireAsyncJobsDueRunnable  - async job acquisition thread woke up
10:47:54,309 [Thread-106] DEBUG org.activiti.engine.impl.interceptor.LogInterceptor  - 

10:47:54,309 [Thread-106] DEBUG org.activiti.engine.impl.interceptor.LogInterceptor  - --- starting AcquireAsyncJobsDueCmd --------------------------------------------------------
10:47:54,309 [Thread-111] DEBUG org.activiti.engine.impl.asyncexecutor.AcquireTimerJobsRunnable  - timer job acquisition thread woke up
10:47:54,309 [Thread-111] DEBUG org.activiti.engine.impl.interceptor.LogInterceptor  - 

10:47:54,309 [Thread-111] DEBUG org.activiti.engine.impl.interceptor.LogInterceptor  - --- starting AcquireTimerJobsCmd --------------------------------------------------------
10:47:54,309 [Thread-105] DEBUG org.activiti.engine.impl.asyncexecutor.AcquireTimerJobsRunnable  - timer job acquisition thread woke up
10:47:54,309 [Thread-105] DEBUG org.activiti.engine.impl.interceptor.LogInterceptor  - 

10:47:54,309 [Thread-105] DEBUG org.activiti.engine.impl.interceptor.LogInterceptor  - --- starting AcquireTimerJobsCmd --------------------------------------------------------
10:47:54,309 [Thread-105] DEBUG org.apache.ibatis.transaction.jdbc.JdbcTransaction  - Opening JDBC Connection
10:47:54,309 [Thread-105] DEBUG org.apache.ibatis.datasource.pooled.PooledDataSource  - Checked out connection 1970103261 from pool.
10:47:54,309 [Thread-105] DEBUG org.apache.ibatis.transaction.jdbc.JdbcTransaction  - Setting autocommit to false on JDBC Connection [conn63: url=jdbc:h2:mem:activiti-AsyncExecutorTest user=SA]
10:47:54,309 [Thread-111] DEBUG org.apache.ibatis.transaction.jdbc.JdbcTransaction  - Opening JDBC Connection
10:47:54,309 [Thread-111] DEBUG org.apache.ibatis.datasource.pooled.PooledDataSource  - Checked out connection 604408605 from pool.
10:47:54,309 [Thread-106] DEBUG org.apache.ibatis.transaction.jdbc.JdbcTransaction  - Opening JDBC Connection
10:47:54,310 [Thread-106] DEBUG org.apache.ibatis.datasource.pooled.PooledDataSource  - Checked out connection 996762054 from pool.
10:47:54,310 [Thread-106] DEBUG org.apache.ibatis.transaction.jdbc.JdbcTransaction  - Setting autocommit to false on JDBC Connection [conn65: url=jdbc:h2:mem:activiti-AsyncExecutorTest user=SA]
10:47:54,309 [Thread-103] DEBUG org.apache.ibatis.transaction.jdbc.JdbcTransaction  - Opening JDBC Connection
10:47:54,310 [Thread-103] DEBUG org.apache.ibatis.datasource.pooled.PooledDataSource  - Checked out connection 33534803 from pool.
10:47:54,310 [Thread-103] DEBUG org.apache.ibatis.transaction.jdbc.JdbcTransaction  - Setting autocommit to false on JDBC Connection [conn60: url=jdbc:h2:mem:activiti-AsyncExecutorTest user=SA]
10:47:54,309 [Thread-102] DEBUG org.apache.ibatis.transaction.jdbc.JdbcTransaction  - Opening JDBC Connection
10:47:54,310 [Thread-102] DEBUG org.apache.ibatis.datasource.pooled.PooledDataSource  - Checked out connection 720039383 from pool.
10:47:54,310 [Thread-102] DEBUG org.apache.ibatis.transaction.jdbc.JdbcTransaction  - Setting autocommit to false on JDBC Connection [conn59: url=jdbc:h2:mem:activiti-AsyncExecutorTest user=SA]
10:47:54,310 [Thread-102] DEBUG org.activiti.engine.impl.persistence.entity.JobEntity.selectNextTimerJobsToExecute  - ==&gt;  Preparing: select RES.* from ACT_RU_JOB RES LEFT OUTER JOIN ACT_RU_EXECUTION PI ON PI.ID_ = RES.PROCESS_INSTANCE_ID_ where (RES.RETRIES_ &gt; 0) and (RES.DUEDATE_ is null or RES.DUEDATE_ &lt;= ?) and (RES.LOCK_OWNER_ is null or RES.LOCK_EXP_TIME_ &lt;= ?) and TYPE_ = &apos;timer&apos; and ( (RES.EXECUTION_ID_ is null) or (PI.SUSPENSION_STATE_ = 1) ) LIMIT ? OFFSET ? 
10:47:54,310 [Thread-102] DEBUG org.activiti.engine.impl.persistence.entity.JobEntity.selectNextTimerJobsToExecute  - ==&gt; Parameters: 2023-03-20 10:48:50.669(Timestamp), 2023-03-20 10:48:50.669(Timestamp), 1(Integer), 0(Integer)
10:47:54,310 [Thread-103] DEBUG org.activiti.engine.impl.persistence.entity.JobEntity.selectAsyncJobsDueToExecute  - ==&gt;  Preparing: select RES.* from ACT_RU_JOB RES LEFT OUTER JOIN ACT_RU_EXECUTION PI ON PI.ID_ = RES.PROCESS_INSTANCE_ID_ where RES.RETRIES_ &gt; 0 and RES.DUEDATE_ is not null and RES.DUEDATE_ &lt;= ? and (RES.LOCK_EXP_TIME_ is null or RES.LOCK_EXP_TIME_ &lt;= ?) and TYPE_ = &apos;message&apos; and ( (RES.EXECUTION_ID_ is null) or (PI.SUSPENSION_STATE_ = 1) ) LIMIT ? OFFSET ? 
10:47:54,310 [Thread-106] DEBUG org.activiti.engine.impl.persistence.entity.JobEntity.selectAsyncJobsDueToExecute  - ==&gt;  Preparing: select RES.* from ACT_RU_JOB RES LEFT OUTER JOIN ACT_RU_EXECUTION PI ON PI.ID_ = RES.PROCESS_INSTANCE_ID_ where RES.RETRIES_ &gt; 0 and RES.DUEDATE_ is not null and RES.DUEDATE_ &lt;= ? and (RES.LOCK_EXP_TIME_ is null or RES.LOCK_EXP_TIME_ &lt;= ?) and TYPE_ = &apos;message&apos; and ( (RES.EXECUTION_ID_ is null) or (PI.SUSPENSION_STATE_ = 1) ) LIMIT ? OFFSET ? 
10:47:54,310 [Thread-106] DEBUG org.activiti.engine.impl.persistence.entity.JobEntity.selectAsyncJobsDueToExecute  - ==&gt; Parameters: 2023-03-20 10:48:50.669(Timestamp), 2023-03-20 10:48:50.669(Timestamp), 1(Integer), 0(Integer)
10:47:54,310 [Thread-106] DEBUG org.activiti.engine.impl.persistence.entity.JobEntity.selectAsyncJobsDueToExecute  - &lt;==      Total: 0
10:47:54,310 [Thread-111] DEBUG org.apache.ibatis.transaction.jdbc.JdbcTransaction  - Setting autocommit to false on JDBC Connection [conn70: url=jdbc:h2:mem:activiti-AsyncExecutorTest user=SA]
10:47:54,309 [Thread-105] DEBUG org.activiti.engine.impl.persistence.entity.JobEntity.selectNextTimerJobsToExecute  - ==&gt;  Preparing: select RES.* from ACT_RU_JOB RES LEFT OUTER JOIN ACT_RU_EXECUTION PI ON PI.ID_ = RES.PROCESS_INSTANCE_ID_ where (RES.RETRIES_ &gt; 0) and (RES.DUEDATE_ is null or RES.DUEDATE_ &lt;= ?) and (RES.LOCK_OWNER_ is null or RES.LOCK_EXP_TIME_ &lt;= ?) and TYPE_ = &apos;timer&apos; and ( (RES.EXECUTION_ID_ is null) or (PI.SUSPENSION_STATE_ = 1) ) LIMIT ? OFFSET ? 
10:47:54,310 [Thread-105] DEBUG org.activiti.engine.impl.persistence.entity.JobEntity.selectNextTimerJobsToExecute  - ==&gt; Parameters: 2023-03-20 10:48:50.669(Timestamp), 2023-03-20 10:48:50.669(Timestamp), 1(Integer), 0(Integer)
10:47:54,310 [Thread-105] DEBUG org.activiti.engine.impl.persistence.entity.JobEntity.selectNextTimerJobsToExecute  - &lt;==      Total: 0
10:47:54,310 [Thread-105] DEBUG org.activiti.engine.impl.db.DbSqlSession  - flush summary: 0 insert, 0 update, 0 delete.
10:47:54,310 [Thread-105] DEBUG org.activiti.engine.impl.db.DbSqlSession  - now executing flush...
10:47:54,310 [Thread-105] DEBUG org.activiti.engine.impl.cfg.standalone.StandaloneMybatisTransactionContext  - firing event committing...
10:47:54,310 [Thread-105] DEBUG org.activiti.engine.impl.cfg.standalone.StandaloneMybatisTransactionContext  - committing the ibatis sql session...
10:47:54,310 [Thread-105] DEBUG org.activiti.engine.impl.cfg.standalone.StandaloneMybatisTransactionContext  - firing event committed...
10:47:54,310 [Thread-105] DEBUG org.apache.ibatis.transaction.jdbc.JdbcTransaction  - Resetting autocommit to true on JDBC Connection [conn63: url=jdbc:h2:mem:activiti-AsyncExecutorTest user=SA]
10:47:54,310 [Thread-105] DEBUG org.apache.ibatis.transaction.jdbc.JdbcTransaction  - Closing JDBC Connection [conn63: url=jdbc:h2:mem:activiti-AsyncExecutorTest user=SA]
10:47:54,310 [Thread-111] DEBUG org.activiti.engine.impl.persistence.entity.JobEntity.selectNextTimerJobsToExecute  - ==&gt;  Preparing: select RES.* from ACT_RU_JOB RES LEFT OUTER JOIN ACT_RU_EXECUTION PI ON PI.ID_ = RES.PROCESS_INSTANCE_ID_ where (RES.RETRIES_ &gt; 0) and (RES.DUEDATE_ is null or RES.DUEDATE_ &lt;= ?) and (RES.LOCK_OWNER_ is null or RES.LOCK_EXP_TIME_ &lt;= ?) and TYPE_ = &apos;timer&apos; and ( (RES.EXECUTION_ID_ is null) or (PI.SUSPENSION_STATE_ = 1) ) LIMIT ? OFFSET ? 
10:47:54,310 [Thread-106] DEBUG org.activiti.engine.impl.db.DbSqlSession  - flush summary: 0 insert, 0 update, 0 delete.
10:47:54,310 [Thread-106] DEBUG org.activiti.engine.impl.db.DbSqlSession  - now executing flush...
10:47:54,310 [Thread-106] DEBUG org.activiti.engine.impl.cfg.standalone.StandaloneMybatisTransactionContext  - firing event committing...
10:47:54,310 [Thread-106] DEBUG org.activiti.engine.impl.cfg.standalone.StandaloneMybatisTransactionContext  - committing the ibatis sql session...
10:47:54,311 [Thread-106] DEBUG org.activiti.engine.impl.cfg.standalone.StandaloneMybatisTransactionContext  - firing event committed...
10:47:54,311 [Thread-106] DEBUG org.apache.ibatis.transaction.jdbc.JdbcTransaction  - Resetting autocommit to true on JDBC Connection [conn65: url=jdbc:h2:mem:activiti-AsyncExecutorTest user=SA]
10:47:54,311 [Thread-106] DEBUG org.apache.ibatis.transaction.jdbc.JdbcTransaction  - Closing JDBC Connection [conn65: url=jdbc:h2:mem:activiti-AsyncExecutorTest user=SA]
10:47:54,310 [Thread-103] DEBUG org.activiti.engine.impl.persistence.entity.JobEntity.selectAsyncJobsDueToExecute  - ==&gt; Parameters: 2023-03-20 10:48:50.669(Timestamp), 2023-03-20 10:48:50.669(Timestamp), 1(Integer), 0(Integer)
10:47:54,310 [Thread-102] DEBUG org.activiti.engine.impl.persistence.entity.JobEntity.selectNextTimerJobsToExecute  - &lt;==      Total: 0
10:47:54,311 [Thread-102] DEBUG org.activiti.engine.impl.db.DbSqlSession  - flush summary: 0 insert, 0 update, 0 delete.
10:47:54,311 [Thread-102] DEBUG org.activiti.engine.impl.db.DbSqlSession  - now executing flush...
10:47:54,311 [Thread-102] DEBUG org.activiti.engine.impl.cfg.standalone.StandaloneMybatisTransactionContext  - firing event committing...
10:47:54,311 [Thread-102] DEBUG org.activiti.engine.impl.cfg.standalone.StandaloneMybatisTransactionContext  - committing the ibatis sql session...
10:47:54,311 [Thread-103] DEBUG org.activiti.engine.impl.persistence.entity.JobEntity.selectAsyncJobsDueToExecute  - &lt;==      Total: 0
10:47:54,310 [Thread-111] DEBUG org.activiti.engine.impl.persistence.entity.JobEntity.selectNextTimerJobsToExecute  - ==&gt; Parameters: 2023-03-20 10:48:50.669(Timestamp), 2023-03-20 10:48:50.669(Timestamp), 1(Integer), 0(Integer)
10:47:54,311 [Thread-111] DEBUG org.activiti.engine.impl.persistence.entity.JobEntity.selectNextTimerJobsToExecute  - &lt;==      Total: 0
10:47:54,311 [Thread-111] DEBUG org.activiti.engine.impl.db.DbSqlSession  - flush summary: 0 insert, 0 update, 0 delete.
10:47:54,311 [Thread-111] DEBUG org.activiti.engine.impl.db.DbSqlSession  - now executing flush...
10:47:54,311 [Thread-111] DEBUG org.activiti.engine.impl.cfg.standalone.StandaloneMybatisTransactionContext  - firing event committing...
10:47:54,311 [Thread-111] DEBUG org.activiti.engine.impl.cfg.standalone.StandaloneMybatisTransactionContext  - committing the ibatis sql session...
10:47:54,311 [Thread-111] DEBUG org.activiti.engine.impl.cfg.standalone.StandaloneMybatisTransactionContext  - firing event committed...
10:47:54,310 [Thread-105] DEBUG org.apache.ibatis.datasource.pooled.PooledDataSource  - Returned connection 1970103261 to pool.
10:47:54,311 [Thread-111] DEBUG org.apache.ibatis.transaction.jdbc.JdbcTransaction  - Resetting autocommit to true on JDBC Connection [conn70: url=jdbc:h2:mem:activiti-AsyncExecutorTest user=SA]
10:47:54,311 [Thread-111] DEBUG org.apache.ibatis.transaction.jdbc.JdbcTransaction  - Closing JDBC Connection [conn70: url=jdbc:h2:mem:activiti-AsyncExecutorTest user=SA]
10:47:54,311 [Thread-111] DEBUG org.apache.ibatis.datasource.pooled.PooledDataSource  - Returned connection 604408605 to pool.
10:47:54,311 [Thread-111] DEBUG org.activiti.engine.impl.interceptor.LogInterceptor  - --- AcquireTimerJobsCmd finished --------------------------------------------------------
10:47:54,311 [Thread-111] DEBUG org.activiti.engine.impl.interceptor.LogInterceptor  - 

10:47:54,311 [Thread-103] DEBUG org.activiti.engine.impl.db.DbSqlSession  - flush summary: 0 insert, 0 update, 0 delete.
10:47:54,311 [Thread-103] DEBUG org.activiti.engine.impl.db.DbSqlSession  - now executing flush...
10:47:54,311 [Thread-103] DEBUG org.activiti.engine.impl.cfg.standalone.StandaloneMybatisTransactionContext  - firing event committing...
10:47:54,311 [Thread-103] DEBUG org.activiti.engine.impl.cfg.standalone.StandaloneMybatisTransactionContext  - committing the ibatis sql session...
10:47:54,311 [Thread-103] DEBUG org.activiti.engine.impl.cfg.standalone.StandaloneMybatisTransactionContext  - firing event committed...
10:47:54,311 [Thread-103] DEBUG org.apache.ibatis.transaction.jdbc.JdbcTransaction  - Resetting autocommit to true on JDBC Connection [conn60: url=jdbc:h2:mem:activiti-AsyncExecutorTest user=SA]
10:47:54,311 [Thread-103] DEBUG org.apache.ibatis.transaction.jdbc.JdbcTransaction  - Closing JDBC Connection [conn60: url=jdbc:h2:mem:activiti-AsyncExecutorTest user=SA]
10:47:54,311 [Thread-103] DEBUG org.apache.ibatis.datasource.pooled.PooledDataSource  - Returned connection 33534803 to pool.
10:47:54,311 [Thread-103] DEBUG org.activiti.engine.impl.interceptor.LogInterceptor  - --- AcquireAsyncJobsDueCmd finished --------------------------------------------------------
10:47:54,311 [Thread-103] DEBUG org.activiti.engine.impl.interceptor.LogInterceptor  - 

10:47:54,311 [Thread-102] DEBUG org.activiti.engine.impl.cfg.standalone.StandaloneMybatisTransactionContext  - firing event committed...
10:47:54,311 [Thread-102] DEBUG org.apache.ibatis.transaction.jdbc.JdbcTransaction  - Resetting autocommit to true on JDBC Connection [conn59: url=jdbc:h2:mem:activiti-AsyncExecutorTest user=SA]
10:47:54,311 [Thread-102] DEBUG org.apache.ibatis.transaction.jdbc.JdbcTransaction  - Closing JDBC Connection [conn59: url=jdbc:h2:mem:activiti-AsyncExecutorTest user=SA]
10:47:54,311 [Thread-102] DEBUG org.apache.ibatis.datasource.pooled.PooledDataSource  - Returned connection 720039383 to pool.
10:47:54,311 [Thread-102] DEBUG org.activiti.engine.impl.interceptor.LogInterceptor  - --- AcquireTimerJobsCmd finished --------------------------------------------------------
10:47:54,311 [Thread-102] DEBUG org.activiti.engine.impl.interceptor.LogInterceptor  - 

10:47:54,311 [Thread-102] DEBUG org.activiti.engine.impl.asyncexecutor.AcquireTimerJobsRunnable  - timer job acquisition thread sleeping for 50 millis
10:47:54,311 [Thread-103] DEBUG org.activiti.engine.impl.asyncexecutor.AcquireAsyncJobsDueRunnable  - async job acquisition thread sleeping for 50 millis
10:47:54,311 [Thread-111] DEBUG org.activiti.engine.impl.asyncexecutor.AcquireTimerJobsRunnable  - timer job acquisition thread sleeping for 50 millis
10:47:54,311 [Thread-106] DEBUG org.apache.ibatis.datasource.pooled.PooledDataSource  - Returned connection 996762054 to pool.
10:47:54,312 [Thread-106] DEBUG org.activiti.engine.impl.interceptor.LogInterceptor  - --- AcquireAsyncJobsDueCmd finished --------------------------------------------------------
10:47:54,312 [Thread-106] DEBUG org.activiti.engine.impl.interceptor.LogInterceptor  - 

10:47:54,312 [Thread-106] DEBUG org.activiti.engine.impl.asyncexecutor.AcquireAsyncJobsDueRunnable  - async job acquisition thread sleeping for 50 millis
10:47:54,311 [Thread-105] DEBUG org.activiti.engine.impl.interceptor.LogInterceptor  - --- AcquireTimerJobsCmd finished --------------------------------------------------------
10:47:54,312 [Thread-105] DEBUG org.activiti.engine.impl.interceptor.LogInterceptor  - 

10:47:54,312 [Thread-105] DEBUG org.activiti.engine.impl.asyncexecutor.AcquireTimerJobsRunnable  - timer job acquisition thread sleeping for 50 millis
10:47:54,356 [Thread-112] DEBUG org.activiti.engine.impl.asyncexecutor.AcquireAsyncJobsDueRunnable  - async job acquisition thread woke up
10:47:54,356 [Thread-112] DEBUG org.activiti.engine.impl.interceptor.LogInterceptor  - 

10:47:54,356 [Thread-112] DEBUG org.activiti.engine.impl.interceptor.LogInterceptor  - --- starting AcquireAsyncJobsDueCmd --------------------------------------------------------
10:47:54,356 [Thread-112] DEBUG org.apache.ibatis.transaction.jdbc.JdbcTransaction  - Opening JDBC Connection
10:47:54,356 [Thread-112] DEBUG org.apache.ibatis.datasource.pooled.PooledDataSource  - Checked out connection 58501658 from pool.
10:47:54,356 [Thread-112] DEBUG org.apache.ibatis.transaction.jdbc.JdbcTransaction  - Setting autocommit to false on JDBC Connection [conn68: url=jdbc:h2:mem:activiti-AsyncExecutorTest user=SA]
10:47:54,356 [Thread-112] DEBUG org.activiti.engine.impl.persistence.entity.JobEntity.selectAsyncJobsDueToExecute  - ==&gt;  Preparing: select RES.* from ACT_RU_JOB RES LEFT OUTER JOIN ACT_RU_EXECUTION PI ON PI.ID_ = RES.PROCESS_INSTANCE_ID_ where RES.RETRIES_ &gt; 0 and RES.DUEDATE_ is not null and RES.DUEDATE_ &lt;= ? and (RES.LOCK_EXP_TIME_ is null or RES.LOCK_EXP_TIME_ &lt;= ?) and TYPE_ = &apos;message&apos; and ( (RES.EXECUTION_ID_ is null) or (PI.SUSPENSION_STATE_ = 1) ) LIMIT ? OFFSET ? 
10:47:54,356 [Thread-112] DEBUG org.activiti.engine.impl.persistence.entity.JobEntity.selectAsyncJobsDueToExecute  - ==&gt; Parameters: 2023-03-20 10:48:50.669(Timestamp), 2023-03-20 10:48:50.669(Timestamp), 1(Integer), 0(Integer)
10:47:54,356 [Thread-112] DEBUG org.activiti.engine.impl.persistence.entity.JobEntity.selectAsyncJobsDueToExecute  - &lt;==      Total: 0
10:47:54,356 [Thread-112] DEBUG org.activiti.engine.impl.db.DbSqlSession  - flush summary: 0 insert, 0 update, 0 delete.
10:47:54,356 [Thread-112] DEBUG org.activiti.engine.impl.db.DbSqlSession  - now executing flush...
10:47:54,356 [Thread-112] DEBUG org.activiti.engine.impl.cfg.standalone.StandaloneMybatisTransactionContext  - firing event committing...
10:47:54,356 [Thread-112] DEBUG org.activiti.engine.impl.cfg.standalone.StandaloneMybatisTransactionContext  - committing the ibatis sql session...
10:47:54,356 [Thread-112] DEBUG org.activiti.engine.impl.cfg.standalone.StandaloneMybatisTransactionContext  - firing event committed...
10:47:54,356 [Thread-112] DEBUG org.apache.ibatis.transaction.jdbc.JdbcTransaction  - Resetting autocommit to true on JDBC Connection [conn68: url=jdbc:h2:mem:activiti-AsyncExecutorTest user=SA]
10:47:54,356 [Thread-112] DEBUG org.apache.ibatis.transaction.jdbc.JdbcTransaction  - Closing JDBC Connection [conn68: url=jdbc:h2:mem:activiti-AsyncExecutorTest user=SA]
10:47:54,356 [Thread-112] DEBUG org.apache.ibatis.datasource.pooled.PooledDataSource  - Returned connection 58501658 to pool.
10:47:54,356 [Thread-112] DEBUG org.activiti.engine.impl.interceptor.LogInterceptor  - --- AcquireAsyncJobsDueCmd finished --------------------------------------------------------
10:47:54,356 [Thread-112] DEBUG org.activiti.engine.impl.interceptor.LogInterceptor  - 

10:47:54,356 [Thread-112] DEBUG org.activiti.engine.impl.asyncexecutor.AcquireAsyncJobsDueRunnable  - async job acquisition thread sleeping for 50 millis
10:47:54,373 [Thread-111] DEBUG org.activiti.engine.impl.asyncexecutor.AcquireTimerJobsRunnable  - timer job acquisition thread woke up
10:47:54,373 [main] DEBUG org.activiti.engine.impl.interceptor.LogInterceptor  - 

10:47:54,373 [main] DEBUG org.activiti.engine.impl.interceptor.LogInterceptor  - --- starting JobQueryImpl --------------------------------------------------------
10:47:54,373 [Thread-106] DEBUG org.activiti.engine.impl.asyncexecutor.AcquireAsyncJobsDueRunnable  - async job acquisition thread woke up
10:47:54,373 [Thread-106] DEBUG org.activiti.engine.impl.interceptor.LogInterceptor  - 

10:47:54,373 [Thread-106] DEBUG org.activiti.engine.impl.interceptor.LogInterceptor  - --- starting AcquireAsyncJobsDueCmd --------------------------------------------------------
10:47:54,373 [main] DEBUG org.apache.ibatis.transaction.jdbc.JdbcTransaction  - Opening JDBC Connection
10:47:54,373 [main] DEBUG org.apache.ibatis.datasource.pooled.PooledDataSource  - Checked out connection 363509958 from pool.
10:47:54,373 [Thread-105] DEBUG org.activiti.engine.impl.asyncexecutor.AcquireTimerJobsRunnable  - timer job acquisition thread woke up
10:47:54,373 [Thread-105] DEBUG org.activiti.engine.impl.interceptor.LogInterceptor  - 

10:47:54,373 [Thread-105] DEBUG org.activiti.engine.impl.interceptor.LogInterceptor  - --- starting AcquireTimerJobsCmd --------------------------------------------------------
10:47:54,373 [Thread-102] DEBUG org.activiti.engine.impl.asyncexecutor.AcquireTimerJobsRunnable  - timer job acquisition thread woke up
10:47:54,373 [Thread-102] DEBUG org.activiti.engine.impl.interceptor.LogInterceptor  - 

10:47:54,373 [Thread-102] DEBUG org.activiti.engine.impl.interceptor.LogInterceptor  - --- starting AcquireTimerJobsCmd --------------------------------------------------------
10:47:54,373 [Thread-103] DEBUG org.activiti.engine.impl.asyncexecutor.AcquireAsyncJobsDueRunnable  - async job acquisition thread woke up
10:47:54,373 [Thread-103] DEBUG org.activiti.engine.impl.interceptor.LogInterceptor  - 

10:47:54,373 [Thread-103] DEBUG org.activiti.engine.impl.interceptor.LogInterceptor  - --- starting AcquireAsyncJobsDueCmd --------------------------------------------------------
10:47:54,373 [Thread-102] DEBUG org.apache.ibatis.transaction.jdbc.JdbcTransaction  - Opening JDBC Connection
10:47:54,373 [Thread-102] DEBUG org.apache.ibatis.datasource.pooled.PooledDataSource  - Checked out connection 157985567 from pool.
10:47:54,373 [Thread-105] DEBUG org.apache.ibatis.transaction.jdbc.JdbcTransaction  - Opening JDBC Connection
10:47:54,373 [Thread-105] DEBUG org.apache.ibatis.datasource.pooled.PooledDataSource  - Checked out connection 54468349 from pool.
10:47:54,373 [Thread-105] DEBUG org.apache.ibatis.transaction.jdbc.JdbcTransaction  - Setting autocommit to false on JDBC Connection [conn64: url=jdbc:h2:mem:activiti-AsyncExecutorTest user=SA]
10:47:54,373 [Thread-105] DEBUG org.activiti.engine.impl.persistence.entity.JobEntity.selectNextTimerJobsToExecute  - ==&gt;  Preparing: select RES.* from ACT_RU_JOB RES LEFT OUTER JOIN ACT_RU_EXECUTION PI ON PI.ID_ = RES.PROCESS_INSTANCE_ID_ where (RES.RETRIES_ &gt; 0) and (RES.DUEDATE_ is null or RES.DUEDATE_ &lt;= ?) and (RES.LOCK_OWNER_ is null or RES.LOCK_EXP_TIME_ &lt;= ?) and TYPE_ = &apos;timer&apos; and ( (RES.EXECUTION_ID_ is null) or (PI.SUSPENSION_STATE_ = 1) ) LIMIT ? OFFSET ? 
10:47:54,373 [Thread-105] DEBUG org.activiti.engine.impl.persistence.entity.JobEntity.selectNextTimerJobsToExecute  - ==&gt; Parameters: 2023-03-20 10:48:50.669(Timestamp), 2023-03-20 10:48:50.669(Timestamp), 1(Integer), 0(Integer)
10:47:54,373 [main] DEBUG org.apache.ibatis.transaction.jdbc.JdbcTransaction  - Setting autocommit to false on JDBC Connection [conn2: url=jdbc:h2:mem:activiti user=SA]
10:47:54,373 [main] DEBUG org.activiti.engine.impl.persistence.entity.JobEntity.selectJobByQueryCriteria  - ==&gt;  Preparing: select RES.* from ACT_RU_JOB RES order by order by RES.ID_ asc LIMIT ? OFFSET ? 
10:47:54,373 [Thread-106] DEBUG org.apache.ibatis.transaction.jdbc.JdbcTransaction  - Opening JDBC Connection
10:47:54,373 [Thread-106] DEBUG org.apache.ibatis.datasource.pooled.PooledDataSource  - Checked out connection 1970103261 from pool.
10:47:54,373 [Thread-106] DEBUG org.apache.ibatis.transaction.jdbc.JdbcTransaction  - Setting autocommit to false on JDBC Connection [conn63: url=jdbc:h2:mem:activiti-AsyncExecutorTest user=SA]
10:47:54,373 [Thread-106] DEBUG org.activiti.engine.impl.persistence.entity.JobEntity.selectAsyncJobsDueToExecute  - ==&gt;  Preparing: select RES.* from ACT_RU_JOB RES LEFT OUTER JOIN ACT_RU_EXECUTION PI ON PI.ID_ = RES.PROCESS_INSTANCE_ID_ where RES.RETRIES_ &gt; 0 and RES.DUEDATE_ is not null and RES.DUEDATE_ &lt;= ? and (RES.LOCK_EXP_TIME_ is null or RES.LOCK_EXP_TIME_ &lt;= ?) and TYPE_ = &apos;message&apos; and ( (RES.EXECUTION_ID_ is null) or (PI.SUSPENSION_STATE_ = 1) ) LIMIT ? OFFSET ? 
10:47:54,373 [Thread-106] DEBUG org.activiti.engine.impl.persistence.entity.JobEntity.selectAsyncJobsDueToExecute  - ==&gt; Parameters: 2023-03-20 10:48:50.669(Timestamp), 2023-03-20 10:48:50.669(Timestamp), 1(Integer), 0(Integer)
10:47:54,373 [Thread-111] DEBUG org.activiti.engine.impl.interceptor.LogInterceptor  - 

10:47:54,373 [Thread-111] DEBUG org.activiti.engine.impl.interceptor.LogInterceptor  - --- starting AcquireTimerJobsCmd --------------------------------------------------------
10:47:54,373 [Thread-106] DEBUG org.activiti.engine.impl.persistence.entity.JobEntity.selectAsyncJobsDueToExecute  - &lt;==      Total: 0
10:47:54,373 [Thread-106] DEBUG org.activiti.engine.impl.db.DbSqlSession  - flush summary: 0 insert, 0 update, 0 delete.
10:47:54,373 [Thread-106] DEBUG org.activiti.engine.impl.db.DbSqlSession  - now executing flush...
10:47:54,373 [Thread-106] DEBUG org.activiti.engine.impl.cfg.standalone.StandaloneMybatisTransactionContext  - firing event committing...
10:47:54,373 [Thread-106] DEBUG org.activiti.engine.impl.cfg.standalone.StandaloneMybatisTransactionContext  - committing the ibatis sql session...
10:47:54,373 [Thread-106] DEBUG org.activiti.engine.impl.cfg.standalone.StandaloneMybatisTransactionContext  - firing event committed...
10:47:54,373 [Thread-106] DEBUG org.apache.ibatis.transaction.jdbc.JdbcTransaction  - Resetting autocommit to true on JDBC Connection [conn63: url=jdbc:h2:mem:activiti-AsyncExecutorTest user=SA]
10:47:54,373 [Thread-106] DEBUG org.apache.ibatis.transaction.jdbc.JdbcTransaction  - Closing JDBC Connection [conn63: url=jdbc:h2:mem:activiti-AsyncExecutorTest user=SA]
10:47:54,373 [main] DEBUG org.activiti.engine.impl.interceptor.CommandContext  - Error while closing command context
org.apache.ibatis.exceptions.PersistenceException: 
### Error querying database.  Cause: org.h2.jdbc.JdbcSQLException: Syntax error in SQL statement &quot;SELECT RES.* 
     
    FROM ACT_RU_JOB RES
     
      
   
     ORDER BY  ORDER[*] BY RES.ID_ ASC  
    LIMIT ? OFFSET ? &quot;; expected &quot;=, NOT, EXISTS, INTERSECTS, SELECT, FROM&quot;; SQL statement:
select RES.* 
     
    from ACT_RU_JOB RES
     
      
   
     order by  order by RES.ID_ asc  
    LIMIT ? OFFSET ? [42001-176]
### The error may exist in org/activiti/db/mapping/entity/Job.xml
### The error may involve org.activiti.engine.impl.persistence.entity.JobEntity.selectJobByQueryCriteria
### The error occurred while executing a query
### SQL: select RES.*            from ACT_RU_JOB RES                       order by  order by RES.ID_ asc       LIMIT ? OFFSET ?
### Cause: org.h2.jdbc.JdbcSQLException: Syntax error in SQL statement &quot;SELECT RES.* 
     
    FROM ACT_RU_JOB RES
     
      
   
     ORDER BY  ORDER[*] BY RES.ID_ ASC  
    LIMIT ? OFFSET ? &quot;; expected &quot;=, NOT, EXISTS, INTERSECTS, SELECT, FROM&quot;; SQL statement:
select RES.* 
     
    from ACT_RU_JOB RES
     
      
   
     order by  order by RES.ID_ asc  
    LIMIT ? OFFSET ? [42001-176]
	at org.apache.ibatis.exceptions.ExceptionFactory.wrapException(ExceptionFactory.java:30)
	at org.apache.ibatis.session.defaults.DefaultSqlSession.selectList(DefaultSqlSession.java:122)
	at org.apache.ibatis.session.defaults.DefaultSqlSession.selectList(DefaultSqlSession.java:113)
	at org.activiti.engine.impl.db.DbSqlSession.selectListWithRawParameter(DbSqlSession.java:438)
	at org.activiti.engine.impl.db.DbSqlSession.selectList(DbSqlSession.java:429)
	at org.activiti.engine.impl.db.DbSqlSession.selectList(DbSqlSession.java:419)
	at org.activiti.engine.impl.persistence.entity.JobEntityManager.findJobsByQueryCriteria(JobEntityManager.java:198)
	at org.activiti.engine.impl.JobQueryImpl.executeList(JobQueryImpl.java:243)
	at org.activiti.engine.impl.AbstractQuery.execute(AbstractQuery.java:164)
	at org.activiti.engine.impl.interceptor.CommandInvoker.execute(CommandInvoker.java:24)
	at org.activiti.engine.impl.interceptor.CommandContextInterceptor.execute(CommandContextInterceptor.java:57)
	at org.activiti.engine.impl.interceptor.LogInterceptor.execute(LogInterceptor.java:37)
	at org.activiti.engine.impl.cfg.CommandExecutorImpl.execute(CommandExecutorImpl.java:40)
	at org.activiti.engine.impl.cfg.CommandExecutorImpl.execute(CommandExecutorImpl.java:35)
	at org.activiti.engine.impl.AbstractQuery.list(AbstractQuery.java:138)
	at org.activiti.engine.impl.test.JobTestHelper.areJobsAvailable(JobTestHelper.java:194)
	at org.activiti.engine.impl.test.JobTestHelper.waitForJobExecutorToProcessAllJobs(JobTestHelper.java:74)
	at org.activiti.engine.impl.test.JobTestHelper.waitForJobExecutorToProcessAllJobs(JobTestHelper.java:47)
	at org.activiti.engine.impl.test.AbstractActivitiTestCase.waitForJobExecutorToProcessAllJobs(AbstractActivitiTestCase.java:204)
	at org.activiti.engine.test.jobexecutor.JobExecutorTest.testBasicJobExecutorOperation(JobExecutorTest.java:53)
	at sun.reflect.NativeMethodAccessorImpl.invoke0(Native Method)
	at sun.reflect.NativeMethodAccessorImpl.invoke(NativeMethodAccessorImpl.java:62)
	at sun.reflect.DelegatingMethodAccessorImpl.invoke(DelegatingMethodAccessorImpl.java:43)
	at java.lang.reflect.Method.invoke(Method.java:498)
	at junit.framework.TestCase.runTest(TestCase.java:176)
	at org.activiti.engine.impl.test.PvmTestCase.runTest(PvmTestCase.java:65)
	at junit.framework.TestCase.runBare(TestCase.java:141)
	at org.activiti.engine.impl.test.AbstractActivitiTestCase.runBare(AbstractActivitiTestCase.java:100)
	at junit.framework.TestResult$1.protect(TestResult.java:122)
	at junit.framework.TestResult.runProtected(TestResult.java:142)
	at junit.framework.TestResult.run(TestResult.java:125)
	at junit.framework.TestCase.run(TestCase.java:129)
	at junit.framework.TestSuite.runTest(TestSuite.java:255)
	at junit.framework.TestSuite.run(TestSuite.java:250)
	at org.junit.internal.runners.JUnit38ClassRunner.run(JUnit38ClassRunner.java:84)
	at org.apache.maven.surefire.junit4.JUnit4TestSet.execute(JUnit4TestSet.java:35)
	at org.apache.maven.surefire.junit4.JUnit4Provider.executeTestSet(JUnit4Provider.java:146)
	at org.apache.maven.surefire.junit4.JUnit4Provider.invoke(JUnit4Provider.java:97)
	at sun.reflect.NativeMethodAccessorImpl.invoke0(Native Method)
	at sun.reflect.NativeMethodAccessorImpl.invoke(NativeMethodAccessorImpl.java:62)
	at sun.reflect.DelegatingMethodAccessorImpl.invoke(DelegatingMethodAccessorImpl.java:43)
	at java.lang.reflect.Method.invoke(Method.java:498)
	at org.apache.maven.surefire.booter.ProviderFactory$ClassLoaderProxy.invoke(ProviderFactory.java:103)
	at com.sun.proxy.$Proxy0.invoke(Unknown Source)
	at org.apache.maven.surefire.booter.SurefireStarter.invokeProvider(SurefireStarter.java:145)
	at org.apache.maven.surefire.booter.SurefireStarter.runSuitesInProcess(SurefireStarter.java:87)
	at org.apache.maven.surefire.booter.ForkedBooter.main(ForkedBooter.java:69)
Caused by: org.h2.jdbc.JdbcSQLException: Syntax error in SQL statement &quot;SELECT RES.* 
     
    FROM ACT_RU_JOB RES
     
      
   
     ORDER BY  ORDER[*] BY RES.ID_ ASC  
    LIMIT ? OFFSET ? &quot;; expected &quot;=, NOT, EXISTS, INTERSECTS, SELECT, FROM&quot;; SQL statement:
select RES.* 
     
    from ACT_RU_JOB RES
     
      
   
     order by  order by RES.ID_ asc  
    LIMIT ? OFFSET ? [42001-176]
	at org.h2.message.DbException.getJdbcSQLException(DbException.java:344)
	at org.h2.message.DbException.getSyntaxError(DbException.java:204)
	at org.h2.command.Parser.getSyntaxError(Parser.java:524)
	at org.h2.command.Parser.readTerm(Parser.java:2688)
	at org.h2.command.Parser.readFactor(Parser.java:2244)
	at org.h2.command.Parser.readSum(Parser.java:2231)
	at org.h2.command.Parser.readConcat(Parser.java:2201)
	at org.h2.command.Parser.readCondition(Parser.java:2051)
	at org.h2.command.Parser.readAnd(Parser.java:2023)
	at org.h2.command.Parser.readExpression(Parser.java:2015)
	at org.h2.command.Parser.parseEndOfQuery(Parser.java:1726)
	at org.h2.command.Parser.parseSelectUnionExtension(Parser.java:1706)
	at org.h2.command.Parser.parseSelectUnion(Parser.java:1675)
	at org.h2.command.Parser.parseSelect(Parser.java:1662)
	at org.h2.command.Parser.parsePrepared(Parser.java:434)
	at org.h2.command.Parser.parse(Parser.java:306)
	at org.h2.command.Parser.parse(Parser.java:282)
	at org.h2.command.Parser.prepareCommand(Parser.java:243)
	at org.h2.engine.Session.prepareLocal(Session.java:442)
	at org.h2.engine.Session.prepareCommand(Session.java:384)
	at org.h2.jdbc.JdbcConnection.prepareCommand(JdbcConnection.java:1188)
	at org.h2.jdbc.JdbcPreparedStatement.&lt;init&gt;(JdbcPreparedStatement.java:73)
	at org.h2.jdbc.JdbcConnection.prepareStatement(JdbcConnection.java:276)
	at sun.reflect.GeneratedMethodAccessor6.invoke(Unknown Source)
	at sun.reflect.DelegatingMethodAccessorImpl.invoke(DelegatingMethodAccessorImpl.java:43)
	at java.lang.reflect.Method.invoke(Method.java:498)
	at org.apache.ibatis.datasource.pooled.PooledConnection.invoke(PooledConnection.java:245)
	at com.sun.proxy.$Proxy12.prepareStatement(Unknown Source)
	at sun.reflect.GeneratedMethodAccessor6.invoke(Unknown Source)
	at sun.reflect.DelegatingMethodAccessorImpl.invoke(DelegatingMethodAccessorImpl.java:43)
	at java.lang.reflect.Method.invoke(Method.java:498)
	at org.apache.ibatis.logging.jdbc.ConnectionLogger.invoke(ConnectionLogger.java:55)
	at com.sun.proxy.$Proxy12.prepareStatement(Unknown Source)
	at org.apache.ibatis.executor.statement.PreparedStatementHandler.instantiateStatement(PreparedStatementHandler.java:79)
	at org.apache.ibatis.executor.statement.BaseStatementHandler.prepare(BaseStatementHandler.java:88)
	at org.apache.ibatis.executor.statement.RoutingStatementHandler.prepare(RoutingStatementHandler.java:58)
	at org.apache.ibatis.executor.SimpleExecutor.prepareStatement(SimpleExecutor.java:76)
	at org.apache.ibatis.executor.SimpleExecutor.doQuery(SimpleExecutor.java:61)
	at org.apache.ibatis.executor.BaseExecutor.queryFromDatabase(BaseExecutor.java:303)
	at org.apache.ibatis.executor.BaseExecutor.query(BaseExecutor.java:154)
	at org.apache.ibatis.executor.CachingExecutor.query(CachingExecutor.java:102)
	at org.apache.ibatis.executor.CachingExecutor.query(CachingExecutor.java:82)
	at org.apache.ibatis.session.defaults.DefaultSqlSession.selectList(DefaultSqlSession.java:120)
	... 45 more
10:47:54,373 [main] DEBUG org.activiti.engine.impl.cfg.standalone.StandaloneMybatisTransactionContext  - firing event rolling back...
10:47:54,373 [main] DEBUG org.activiti.engine.impl.cfg.standalone.StandaloneMybatisTransactionContext  - rolling back ibatis sql session...
10:47:54,373 [main] DEBUG org.activiti.engine.impl.cfg.standalone.StandaloneMybatisTransactionContext  - firing event rolled back...
10:47:54,374 [main] DEBUG org.apache.ibatis.transaction.jdbc.JdbcTransaction  - Resetting autocommit to true on JDBC Connection [conn2: url=jdbc:h2:mem:activiti user=SA]
10:47:54,374 [main] DEBUG org.apache.ibatis.transaction.jdbc.JdbcTransaction  - Closing JDBC Connection [conn2: url=jdbc:h2:mem:activiti user=SA]
10:47:54,373 [Thread-105] DEBUG org.activiti.engine.impl.persistence.entity.JobEntity.selectNextTimerJobsToExecute  - &lt;==      Total: 0
10:47:54,374 [Thread-105] DEBUG org.activiti.engine.impl.db.DbSqlSession  - flush summary: 0 insert, 0 update, 0 delete.
10:47:54,374 [Thread-105] DEBUG org.activiti.engine.impl.db.DbSqlSession  - now executing flush...
10:47:54,374 [Thread-105] DEBUG org.activiti.engine.impl.cfg.standalone.StandaloneMybatisTransactionContext  - firing event committing...
10:47:54,374 [Thread-105] DEBUG org.activiti.engine.impl.cfg.standalone.StandaloneMybatisTransactionContext  - committing the ibatis sql session...
10:47:54,374 [Thread-105] DEBUG org.activiti.engine.impl.cfg.standalone.StandaloneMybatisTransactionContext  - firing event committed...
10:47:54,374 [Thread-105] DEBUG org.apache.ibatis.transaction.jdbc.JdbcTransaction  - Resetting autocommit to true on JDBC Connection [conn64: url=jdbc:h2:mem:activiti-AsyncExecutorTest user=SA]
10:47:54,373 [Thread-102] DEBUG org.apache.ibatis.transaction.jdbc.JdbcTransaction  - Setting autocommit to false on JDBC Connection [conn61: url=jdbc:h2:mem:activiti-AsyncExecutorTest user=SA]
10:47:54,373 [Thread-103] DEBUG org.apache.ibatis.transaction.jdbc.JdbcTransaction  - Opening JDBC Connection
10:47:54,374 [Thread-103] DEBUG org.apache.ibatis.datasource.pooled.PooledDataSource  - Checked out connection 33534803 from pool.
10:47:54,374 [Thread-103] DEBUG org.apache.ibatis.transaction.jdbc.JdbcTransaction  - Setting autocommit to false on JDBC Connection [conn60: url=jdbc:h2:mem:activiti-AsyncExecutorTest user=SA]
10:47:54,374 [Thread-102] DEBUG org.activiti.engine.impl.persistence.entity.JobEntity.selectNextTimerJobsToExecute  - ==&gt;  Preparing: select RES.* from ACT_RU_JOB RES LEFT OUTER JOIN ACT_RU_EXECUTION PI ON PI.ID_ = RES.PROCESS_INSTANCE_ID_ where (RES.RETRIES_ &gt; 0) and (RES.DUEDATE_ is null or RES.DUEDATE_ &lt;= ?) and (RES.LOCK_OWNER_ is null or RES.LOCK_EXP_TIME_ &lt;= ?) and TYPE_ = &apos;timer&apos; and ( (RES.EXECUTION_ID_ is null) or (PI.SUSPENSION_STATE_ = 1) ) LIMIT ? OFFSET ? 
10:47:54,374 [Thread-102] DEBUG org.activiti.engine.impl.persistence.entity.JobEntity.selectNextTimerJobsToExecute  - ==&gt; Parameters: 2023-03-20 10:48:50.669(Timestamp), 2023-03-20 10:48:50.669(Timestamp), 1(Integer), 0(Integer)
10:47:54,374 [Thread-105] DEBUG org.apache.ibatis.transaction.jdbc.JdbcTransaction  - Closing JDBC Connection [conn64: url=jdbc:h2:mem:activiti-AsyncExecutorTest user=SA]
10:47:54,374 [main] DEBUG org.apache.ibatis.datasource.pooled.PooledDataSource  - Returned connection 363509958 to pool.
10:47:54,375 [main] DEBUG org.activiti.engine.impl.interceptor.LogInterceptor  - --- JobQueryImpl finished --------------------------------------------------------
10:47:54,373 [Thread-106] DEBUG org.apache.ibatis.datasource.pooled.PooledDataSource  - Returned connection 1970103261 to pool.
10:47:54,375 [Thread-106] DEBUG org.activiti.engine.impl.interceptor.LogInterceptor  - --- AcquireAsyncJobsDueCmd finished --------------------------------------------------------
10:47:54,375 [Thread-105] DEBUG org.apache.ibatis.datasource.pooled.PooledDataSource  - Returned connection 54468349 to pool.
10:47:54,375 [Thread-105] DEBUG org.activiti.engine.impl.interceptor.LogInterceptor  - --- AcquireTimerJobsCmd finished --------------------------------------------------------
10:47:54,375 [Thread-105] DEBUG org.activiti.engine.impl.interceptor.LogInterceptor  - 

10:47:54,375 [Thread-105] DEBUG org.activiti.engine.impl.asyncexecutor.AcquireTimerJobsRunnable  - timer job acquisition thread sleeping for 50 millis
10:47:54,373 [Thread-111] DEBUG org.apache.ibatis.transaction.jdbc.JdbcTransaction  - Opening JDBC Connection
10:47:54,375 [Thread-111] DEBUG org.apache.ibatis.datasource.pooled.PooledDataSource  - Checked out connection 1863805930 from pool.
10:47:54,375 [Thread-111] DEBUG org.apache.ibatis.transaction.jdbc.JdbcTransaction  - Setting autocommit to false on JDBC Connection [conn69: url=jdbc:h2:mem:activiti-AsyncExecutorTest user=SA]
10:47:54,375 [Thread-111] DEBUG org.activiti.engine.impl.persistence.entity.JobEntity.selectNextTimerJobsToExecute  - ==&gt;  Preparing: select RES.* from ACT_RU_JOB RES LEFT OUTER JOIN ACT_RU_EXECUTION PI ON PI.ID_ = RES.PROCESS_INSTANCE_ID_ where (RES.RETRIES_ &gt; 0) and (RES.DUEDATE_ is null or RES.DUEDATE_ &lt;= ?) and (RES.LOCK_OWNER_ is null or RES.LOCK_EXP_TIME_ &lt;= ?) and TYPE_ = &apos;timer&apos; and ( (RES.EXECUTION_ID_ is null) or (PI.SUSPENSION_STATE_ = 1) ) LIMIT ? OFFSET ? 
10:47:54,375 [Thread-111] DEBUG org.activiti.engine.impl.persistence.entity.JobEntity.selectNextTimerJobsToExecute  - ==&gt; Parameters: 2023-03-20 10:48:50.669(Timestamp), 2023-03-20 10:48:50.669(Timestamp), 1(Integer), 0(Integer)
10:47:54,375 [Thread-106] DEBUG org.activiti.engine.impl.interceptor.LogInterceptor  - 

10:47:54,375 [Thread-106] DEBUG org.activiti.engine.impl.asyncexecutor.AcquireAsyncJobsDueRunnable  - async job acquisition thread sleeping for 50 millis
10:47:54,375 [main] DEBUG org.activiti.engine.impl.interceptor.LogInterceptor  - 

10:47:54,374 [Thread-102] DEBUG org.activiti.engine.impl.persistence.entity.JobEntity.selectNextTimerJobsToExecute  - &lt;==      Total: 0
10:47:54,375 [Thread-102] DEBUG org.activiti.engine.impl.db.DbSqlSession  - flush summary: 0 insert, 0 update, 0 delete.
10:47:54,375 [Thread-102] DEBUG org.activiti.engine.impl.db.DbSqlSession  - now executing flush...
10:47:54,374 [Thread-103] DEBUG org.activiti.engine.impl.persistence.entity.JobEntity.selectAsyncJobsDueToExecute  - ==&gt;  Preparing: select RES.* from ACT_RU_JOB RES LEFT OUTER JOIN ACT_RU_EXECUTION PI ON PI.ID_ = RES.PROCESS_INSTANCE_ID_ where RES.RETRIES_ &gt; 0 and RES.DUEDATE_ is not null and RES.DUEDATE_ &lt;= ? and (RES.LOCK_EXP_TIME_ is null or RES.LOCK_EXP_TIME_ &lt;= ?) and TYPE_ = &apos;message&apos; and ( (RES.EXECUTION_ID_ is null) or (PI.SUSPENSION_STATE_ = 1) ) LIMIT ? OFFSET ? 
10:47:54,375 [Thread-102] DEBUG org.activiti.engine.impl.cfg.standalone.StandaloneMybatisTransactionContext  - firing event committing...
10:47:54,376 [Thread-102] DEBUG org.activiti.engine.impl.cfg.standalone.StandaloneMybatisTransactionContext  - committing the ibatis sql session...
10:47:54,376 [Thread-102] DEBUG org.activiti.engine.impl.cfg.standalone.StandaloneMybatisTransactionContext  - firing event committed...
10:47:54,376 [Thread-102] DEBUG org.apache.ibatis.transaction.jdbc.JdbcTransaction  - Resetting autocommit to true on JDBC Connection [conn61: url=jdbc:h2:mem:activiti-AsyncExecutorTest user=SA]
10:47:54,376 [Thread-102] DEBUG org.apache.ibatis.transaction.jdbc.JdbcTransaction  - Closing JDBC Connection [conn61: url=jdbc:h2:mem:activiti-AsyncExecutorTest user=SA]
10:47:54,376 [Thread-102] DEBUG org.apache.ibatis.datasource.pooled.PooledDataSource  - Returned connection 157985567 to pool.
10:47:54,376 [Thread-102] DEBUG org.activiti.engine.impl.interceptor.LogInterceptor  - --- AcquireTimerJobsCmd finished --------------------------------------------------------
10:47:54,376 [Thread-102] DEBUG org.activiti.engine.impl.interceptor.LogInterceptor  - 

10:47:54,376 [Thread-102] DEBUG org.activiti.engine.impl.asyncexecutor.AcquireTimerJobsRunnable  - timer job acquisition thread sleeping for 50 millis
10:47:54,375 [Thread-111] DEBUG org.activiti.engine.impl.persistence.entity.JobEntity.selectNextTimerJobsToExecute  - &lt;==      Total: 0
10:47:54,376 [Thread-111] DEBUG org.activiti.engine.impl.db.DbSqlSession  - flush summary: 0 insert, 0 update, 0 delete.
10:47:54,376 [Thread-111] DEBUG org.activiti.engine.impl.db.DbSqlSession  - now executing flush...
10:47:54,376 [Thread-111] DEBUG org.activiti.engine.impl.cfg.standalone.StandaloneMybatisTransactionContext  - firing event committing...
10:47:54,376 [Thread-111] DEBUG org.activiti.engine.impl.cfg.standalone.StandaloneMybatisTransactionContext  - committing the ibatis sql session...
10:47:54,376 [Thread-111] DEBUG org.activiti.engine.impl.cfg.standalone.StandaloneMybatisTransactionContext  - firing event committed...
10:47:54,376 [Thread-111] DEBUG org.apache.ibatis.transaction.jdbc.JdbcTransaction  - Resetting autocommit to true on JDBC Connection [conn69: url=jdbc:h2:mem:activiti-AsyncExecutorTest user=SA]
10:47:54,376 [Thread-111] DEBUG org.apache.ibatis.transaction.jdbc.JdbcTransaction  - Closing JDBC Connection [conn69: url=jdbc:h2:mem:activiti-AsyncExecutorTest user=SA]
10:47:54,376 [Thread-111] DEBUG org.apache.ibatis.datasource.pooled.PooledDataSource  - Returned connection 1863805930 to pool.
10:47:54,376 [Thread-111] DEBUG org.activiti.engine.impl.interceptor.LogInterceptor  - --- AcquireTimerJobsCmd finished --------------------------------------------------------
10:47:54,376 [Thread-111] DEBUG org.activiti.engine.impl.interceptor.LogInterceptor  - 

10:47:54,376 [Thread-111] DEBUG org.activiti.engine.impl.asyncexecutor.AcquireTimerJobsRunnable  - timer job acquisition thread sleeping for 50 millis
10:47:54,376 [Thread-103] DEBUG org.activiti.engine.impl.persistence.entity.JobEntity.selectAsyncJobsDueToExecute  - ==&gt; Parameters: 2023-03-20 10:48:50.669(Timestamp), 2023-03-20 10:48:50.669(Timestamp), 1(Integer), 0(Integer)
10:47:54,376 [Thread-103] DEBUG org.activiti.engine.impl.persistence.entity.JobEntity.selectAsyncJobsDueToExecute  - &lt;==      Total: 0
10:47:54,376 [Thread-103] DEBUG org.activiti.engine.impl.db.DbSqlSession  - flush summary: 0 insert, 0 update, 0 delete.
10:47:54,376 [Thread-103] DEBUG org.activiti.engine.impl.db.DbSqlSession  - now executing flush...
10:47:54,376 [Thread-103] DEBUG org.activiti.engine.impl.cfg.standalone.StandaloneMybatisTransactionContext  - firing event committing...
10:47:54,376 [Thread-103] DEBUG org.activiti.engine.impl.cfg.standalone.StandaloneMybatisTransactionContext  - committing the ibatis sql session...
10:47:54,376 [Thread-103] DEBUG org.activiti.engine.impl.cfg.standalone.StandaloneMybatisTransactionContext  - firing event committed...
10:47:54,376 [Thread-103] DEBUG org.apache.ibatis.transaction.jdbc.JdbcTransaction  - Resetting autocommit to true on JDBC Connection [conn60: url=jdbc:h2:mem:activiti-AsyncExecutorTest user=SA]
10:47:54,376 [Thread-103] DEBUG org.apache.ibatis.transaction.jdbc.JdbcTransaction  - Closing JDBC Connection [conn60: url=jdbc:h2:mem:activiti-AsyncExecutorTest user=SA]
10:47:54,376 [Thread-103] DEBUG org.apache.ibatis.datasource.pooled.PooledDataSource  - Returned connection 33534803 to pool.
10:47:54,376 [Thread-103] DEBUG org.activiti.engine.impl.interceptor.LogInterceptor  - --- AcquireAsyncJobsDueCmd finished --------------------------------------------------------
10:47:54,376 [Thread-103] DEBUG org.activiti.engine.impl.interceptor.LogInterceptor  - 

10:47:54,376 [Thread-103] DEBUG org.activiti.engine.impl.asyncexecutor.AcquireAsyncJobsDueRunnable  - async job acquisition thread sleeping for 50 millis
10:47:54,420 [Thread-112] DEBUG org.activiti.engine.impl.asyncexecutor.AcquireAsyncJobsDueRunnable  - async job acquisition thread woke up
10:47:54,420 [Thread-112] DEBUG org.activiti.engine.impl.interceptor.LogInterceptor  - 

10:47:54,420 [Thread-112] DEBUG org.activiti.engine.impl.interceptor.LogInterceptor  - --- starting AcquireAsyncJobsDueCmd --------------------------------------------------------
10:47:54,420 [Thread-112] DEBUG org.apache.ibatis.transaction.jdbc.JdbcTransaction  - Opening JDBC Connection
10:47:54,420 [Thread-112] DEBUG org.apache.ibatis.datasource.pooled.PooledDataSource  - Checked out connection 604408605 from pool.
10:47:54,420 [Thread-112] DEBUG org.apache.ibatis.transaction.jdbc.JdbcTransaction  - Setting autocommit to false on JDBC Connection [conn70: url=jdbc:h2:mem:activiti-AsyncExecutorTest user=SA]
10:47:54,420 [Thread-112] DEBUG org.activiti.engine.impl.persistence.entity.JobEntity.selectAsyncJobsDueToExecute  - ==&gt;  Preparing: select RES.* from ACT_RU_JOB RES LEFT OUTER JOIN ACT_RU_EXECUTION PI ON PI.ID_ = RES.PROCESS_INSTANCE_ID_ where RES.RETRIES_ &gt; 0 and RES.DUEDATE_ is not null and RES.DUEDATE_ &lt;= ? and (RES.LOCK_EXP_TIME_ is null or RES.LOCK_EXP_TIME_ &lt;= ?) and TYPE_ = &apos;message&apos; and ( (RES.EXECUTION_ID_ is null) or (PI.SUSPENSION_STATE_ = 1) ) LIMIT ? OFFSET ? 
10:47:54,420 [Thread-112] DEBUG org.activiti.engine.impl.persistence.entity.JobEntity.selectAsyncJobsDueToExecute  - ==&gt; Parameters: 2023-03-20 10:48:50.669(Timestamp), 2023-03-20 10:48:50.669(Timestamp), 1(Integer), 0(Integer)
10:47:54,420 [Thread-112] DEBUG org.activiti.engine.impl.persistence.entity.JobEntity.selectAsyncJobsDueToExecute  - &lt;==      Total: 0
10:47:54,420 [Thread-112] DEBUG org.activiti.engine.impl.db.DbSqlSession  - flush summary: 0 insert, 0 update, 0 delete.
10:47:54,420 [Thread-112] DEBUG org.activiti.engine.impl.db.DbSqlSession  - now executing flush...
10:47:54,420 [Thread-112] DEBUG org.activiti.engine.impl.cfg.standalone.StandaloneMybatisTransactionContext  - firing event committing...
10:47:54,420 [Thread-112] DEBUG org.activiti.engine.impl.cfg.standalone.StandaloneMybatisTransactionContext  - committing the ibatis sql session...
10:47:54,420 [Thread-112] DEBUG org.activiti.engine.impl.cfg.standalone.StandaloneMybatisTransactionContext  - firing event committed...
10:47:54,420 [Thread-112] DEBUG org.apache.ibatis.transaction.jdbc.JdbcTransaction  - Resetting autocommit to true on JDBC Connection [conn70: url=jdbc:h2:mem:activiti-AsyncExecutorTest user=SA]
10:47:54,420 [Thread-112] DEBUG org.apache.ibatis.transaction.jdbc.JdbcTransaction  - Closing JDBC Connection [conn70: url=jdbc:h2:mem:activiti-AsyncExecutorTest user=SA]
10:47:54,420 [Thread-112] DEBUG org.apache.ibatis.datasource.pooled.PooledDataSource  - Returned connection 604408605 to pool.
10:47:54,420 [Thread-112] DEBUG org.activiti.engine.impl.interceptor.LogInterceptor  - --- AcquireAsyncJobsDueCmd finished --------------------------------------------------------
10:47:54,420 [Thread-112] DEBUG org.activiti.engine.impl.interceptor.LogInterceptor  - 

10:47:54,420 [Thread-112] DEBUG org.activiti.engine.impl.asyncexecutor.AcquireAsyncJobsDueRunnable  - async job acquisition thread sleeping for 50 millis
10:47:54,435 [Thread-111] DEBUG org.activiti.engine.impl.asyncexecutor.AcquireTimerJobsRunnable  - timer job acquisition thread woke up
10:47:54,435 [Thread-111] DEBUG org.activiti.engine.impl.interceptor.LogInterceptor  - 

10:47:54,435 [Thread-111] DEBUG org.activiti.engine.impl.interceptor.LogInterceptor  - --- starting AcquireTimerJobsCmd --------------------------------------------------------
10:47:54,435 [Thread-106] DEBUG org.activiti.engine.impl.asyncexecutor.AcquireAsyncJobsDueRunnable  - async job acquisition thread woke up
10:47:54,435 [Thread-106] DEBUG org.activiti.engine.impl.interceptor.LogInterceptor  - 

10:47:54,435 [Thread-106] DEBUG org.activiti.engine.impl.interceptor.LogInterceptor  - --- starting AcquireAsyncJobsDueCmd --------------------------------------------------------
10:47:54,435 [Thread-102] DEBUG org.activiti.engine.impl.asyncexecutor.AcquireTimerJobsRunnable  - timer job acquisition thread woke up
10:47:54,435 [Thread-102] DEBUG org.activiti.engine.impl.interceptor.LogInterceptor  - 

10:47:54,435 [Thread-102] DEBUG org.activiti.engine.impl.interceptor.LogInterceptor  - --- starting AcquireTimerJobsCmd --------------------------------------------------------
10:47:54,435 [Thread-102] DEBUG org.apache.ibatis.transaction.jdbc.JdbcTransaction  - Opening JDBC Connection
10:47:54,435 [Thread-102] DEBUG org.apache.ibatis.datasource.pooled.PooledDataSource  - Checked out connection 720039383 from pool.
10:47:54,435 [Thread-102] DEBUG org.apache.ibatis.transaction.jdbc.JdbcTransaction  - Setting autocommit to false on JDBC Connection [conn59: url=jdbc:h2:mem:activiti-AsyncExecutorTest user=SA]
10:47:54,435 [Thread-102] DEBUG org.activiti.engine.impl.persistence.entity.JobEntity.selectNextTimerJobsToExecute  - ==&gt;  Preparing: select RES.* from ACT_RU_JOB RES LEFT OUTER JOIN ACT_RU_EXECUTION PI ON PI.ID_ = RES.PROCESS_INSTANCE_ID_ where (RES.RETRIES_ &gt; 0) and (RES.DUEDATE_ is null or RES.DUEDATE_ &lt;= ?) and (RES.LOCK_OWNER_ is null or RES.LOCK_EXP_TIME_ &lt;= ?) and TYPE_ = &apos;timer&apos; and ( (RES.EXECUTION_ID_ is null) or (PI.SUSPENSION_STATE_ = 1) ) LIMIT ? OFFSET ? 
10:47:54,435 [Thread-102] DEBUG org.activiti.engine.impl.persistence.entity.JobEntity.selectNextTimerJobsToExecute  - ==&gt; Parameters: 2023-03-20 10:48:50.669(Timestamp), 2023-03-20 10:48:50.669(Timestamp), 1(Integer), 0(Integer)
10:47:54,435 [Thread-105] DEBUG org.activiti.engine.impl.asyncexecutor.AcquireTimerJobsRunnable  - timer job acquisition thread woke up
10:47:54,435 [Thread-105] DEBUG org.activiti.engine.impl.interceptor.LogInterceptor  - 

10:47:54,435 [Thread-105] DEBUG org.activiti.engine.impl.interceptor.LogInterceptor  - --- starting AcquireTimerJobsCmd --------------------------------------------------------
10:47:54,435 [Thread-103] DEBUG org.activiti.engine.impl.asyncexecutor.AcquireAsyncJobsDueRunnable  - async job acquisition thread woke up
10:47:54,436 [Thread-103] DEBUG org.activiti.engine.impl.interceptor.LogInterceptor  - 

10:47:54,436 [Thread-103] DEBUG org.activiti.engine.impl.interceptor.LogInterceptor  - --- starting AcquireAsyncJobsDueCmd --------------------------------------------------------
10:47:54,436 [Thread-103] DEBUG org.apache.ibatis.transaction.jdbc.JdbcTransaction  - Opening JDBC Connection
10:47:54,436 [Thread-103] DEBUG org.apache.ibatis.datasource.pooled.PooledDataSource  - Checked out connection 157985567 from pool.
10:47:54,436 [Thread-103] DEBUG org.apache.ibatis.transaction.jdbc.JdbcTransaction  - Setting autocommit to false on JDBC Connection [conn61: url=jdbc:h2:mem:activiti-AsyncExecutorTest user=SA]
10:47:54,435 [Thread-105] DEBUG org.apache.ibatis.transaction.jdbc.JdbcTransaction  - Opening JDBC Connection
10:47:54,436 [Thread-105] DEBUG org.apache.ibatis.datasource.pooled.PooledDataSource  - Checked out connection 996762054 from pool.
10:47:54,436 [Thread-105] DEBUG org.apache.ibatis.transaction.jdbc.JdbcTransaction  - Setting autocommit to false on JDBC Connection [conn65: url=jdbc:h2:mem:activiti-AsyncExecutorTest user=SA]
10:47:54,435 [Thread-102] DEBUG org.activiti.engine.impl.persistence.entity.JobEntity.selectNextTimerJobsToExecute  - &lt;==      Total: 0
10:47:54,436 [Thread-102] DEBUG org.activiti.engine.impl.db.DbSqlSession  - flush summary: 0 insert, 0 update, 0 delete.
10:47:54,436 [Thread-102] DEBUG org.activiti.engine.impl.db.DbSqlSession  - now executing flush...
10:47:54,436 [Thread-102] DEBUG org.activiti.engine.impl.cfg.standalone.StandaloneMybatisTransactionContext  - firing event committing...
10:47:54,436 [Thread-102] DEBUG org.activiti.engine.impl.cfg.standalone.StandaloneMybatisTransactionContext  - committing the ibatis sql session...
10:47:54,436 [Thread-102] DEBUG org.activiti.engine.impl.cfg.standalone.StandaloneMybatisTransactionContext  - firing event committed...
10:47:54,436 [Thread-102] DEBUG org.apache.ibatis.transaction.jdbc.JdbcTransaction  - Resetting autocommit to true on JDBC Connection [conn59: url=jdbc:h2:mem:activiti-AsyncExecutorTest user=SA]
10:47:54,436 [Thread-102] DEBUG org.apache.ibatis.transaction.jdbc.JdbcTransaction  - Closing JDBC Connection [conn59: url=jdbc:h2:mem:activiti-AsyncExecutorTest user=SA]
10:47:54,435 [Thread-106] DEBUG org.apache.ibatis.transaction.jdbc.JdbcTransaction  - Opening JDBC Connection
10:47:54,436 [Thread-106] DEBUG org.apache.ibatis.datasource.pooled.PooledDataSource  - Checked out connection 1970103261 from pool.
10:47:54,436 [Thread-106] DEBUG org.apache.ibatis.transaction.jdbc.JdbcTransaction  - Setting autocommit to false on JDBC Connection [conn63: url=jdbc:h2:mem:activiti-AsyncExecutorTest user=SA]
10:47:54,435 [Thread-111] DEBUG org.apache.ibatis.transaction.jdbc.JdbcTransaction  - Opening JDBC Connection
10:47:54,436 [Thread-111] DEBUG org.apache.ibatis.datasource.pooled.PooledDataSource  - Checked out connection 58501658 from pool.
10:47:54,436 [Thread-111] DEBUG org.apache.ibatis.transaction.jdbc.JdbcTransaction  - Setting autocommit to false on JDBC Connection [conn68: url=jdbc:h2:mem:activiti-AsyncExecutorTest user=SA]
10:47:54,436 [Thread-111] DEBUG org.activiti.engine.impl.persistence.entity.JobEntity.selectNextTimerJobsToExecute  - ==&gt;  Preparing: select RES.* from ACT_RU_JOB RES LEFT OUTER JOIN ACT_RU_EXECUTION PI ON PI.ID_ = RES.PROCESS_INSTANCE_ID_ where (RES.RETRIES_ &gt; 0) and (RES.DUEDATE_ is null or RES.DUEDATE_ &lt;= ?) and (RES.LOCK_OWNER_ is null or RES.LOCK_EXP_TIME_ &lt;= ?) and TYPE_ = &apos;timer&apos; and ( (RES.EXECUTION_ID_ is null) or (PI.SUSPENSION_STATE_ = 1) ) LIMIT ? OFFSET ? 
10:47:54,436 [Thread-106] DEBUG org.activiti.engine.impl.persistence.entity.JobEntity.selectAsyncJobsDueToExecute  - ==&gt;  Preparing: select RES.* from ACT_RU_JOB RES LEFT OUTER JOIN ACT_RU_EXECUTION PI ON PI.ID_ = RES.PROCESS_INSTANCE_ID_ where RES.RETRIES_ &gt; 0 and RES.DUEDATE_ is not null and RES.DUEDATE_ &lt;= ? and (RES.LOCK_EXP_TIME_ is null or RES.LOCK_EXP_TIME_ &lt;= ?) and TYPE_ = &apos;message&apos; and ( (RES.EXECUTION_ID_ is null) or (PI.SUSPENSION_STATE_ = 1) ) LIMIT ? OFFSET ? 
10:47:54,436 [Thread-106] DEBUG org.activiti.engine.impl.persistence.entity.JobEntity.selectAsyncJobsDueToExecute  - ==&gt; Parameters: 2023-03-20 10:48:50.669(Timestamp), 2023-03-20 10:48:50.669(Timestamp), 1(Integer), 0(Integer)
10:47:54,436 [Thread-102] DEBUG org.apache.ibatis.datasource.pooled.PooledDataSource  - Returned connection 720039383 to pool.
10:47:54,436 [Thread-105] DEBUG org.activiti.engine.impl.persistence.entity.JobEntity.selectNextTimerJobsToExecute  - ==&gt;  Preparing: select RES.* from ACT_RU_JOB RES LEFT OUTER JOIN ACT_RU_EXECUTION PI ON PI.ID_ = RES.PROCESS_INSTANCE_ID_ where (RES.RETRIES_ &gt; 0) and (RES.DUEDATE_ is null or RES.DUEDATE_ &lt;= ?) and (RES.LOCK_OWNER_ is null or RES.LOCK_EXP_TIME_ &lt;= ?) and TYPE_ = &apos;timer&apos; and ( (RES.EXECUTION_ID_ is null) or (PI.SUSPENSION_STATE_ = 1) ) LIMIT ? OFFSET ? 
10:47:54,437 [Thread-105] DEBUG org.activiti.engine.impl.persistence.entity.JobEntity.selectNextTimerJobsToExecute  - ==&gt; Parameters: 2023-03-20 10:48:50.669(Timestamp), 2023-03-20 10:48:50.669(Timestamp), 1(Integer), 0(Integer)
10:47:54,437 [Thread-105] DEBUG org.activiti.engine.impl.persistence.entity.JobEntity.selectNextTimerJobsToExecute  - &lt;==      Total: 0
10:47:54,437 [Thread-105] DEBUG org.activiti.engine.impl.db.DbSqlSession  - flush summary: 0 insert, 0 update, 0 delete.
10:47:54,437 [Thread-105] DEBUG org.activiti.engine.impl.db.DbSqlSession  - now executing flush...
10:47:54,437 [Thread-105] DEBUG org.activiti.engine.impl.cfg.standalone.StandaloneMybatisTransactionContext  - firing event committing...
10:47:54,437 [Thread-105] DEBUG org.activiti.engine.impl.cfg.standalone.StandaloneMybatisTransactionContext  - committing the ibatis sql session...
10:47:54,437 [Thread-105] DEBUG org.activiti.engine.impl.cfg.standalone.StandaloneMybatisTransactionContext  - firing event committed...
10:47:54,437 [Thread-105] DEBUG org.apache.ibatis.transaction.jdbc.JdbcTransaction  - Resetting autocommit to true on JDBC Connection [conn65: url=jdbc:h2:mem:activiti-AsyncExecutorTest user=SA]
10:47:54,437 [Thread-105] DEBUG org.apache.ibatis.transaction.jdbc.JdbcTransaction  - Closing JDBC Connection [conn65: url=jdbc:h2:mem:activiti-AsyncExecutorTest user=SA]
10:47:54,437 [Thread-105] DEBUG org.apache.ibatis.datasource.pooled.PooledDataSource  - Returned connection 996762054 to pool.
10:47:54,437 [Thread-105] DEBUG org.activiti.engine.impl.interceptor.LogInterceptor  - --- AcquireTimerJobsCmd finished --------------------------------------------------------
10:47:54,437 [Thread-105] DEBUG org.activiti.engine.impl.interceptor.LogInterceptor  - 

10:47:54,436 [Thread-103] DEBUG org.activiti.engine.impl.persistence.entity.JobEntity.selectAsyncJobsDueToExecute  - ==&gt;  Preparing: select RES.* from ACT_RU_JOB RES LEFT OUTER JOIN ACT_RU_EXECUTION PI ON PI.ID_ = RES.PROCESS_INSTANCE_ID_ where RES.RETRIES_ &gt; 0 and RES.DUEDATE_ is not null and RES.DUEDATE_ &lt;= ? and (RES.LOCK_EXP_TIME_ is null or RES.LOCK_EXP_TIME_ &lt;= ?) and TYPE_ = &apos;message&apos; and ( (RES.EXECUTION_ID_ is null) or (PI.SUSPENSION_STATE_ = 1) ) LIMIT ? OFFSET ? 
10:47:54,437 [Thread-105] DEBUG org.activiti.engine.impl.asyncexecutor.AcquireTimerJobsRunnable  - timer job acquisition thread sleeping for 50 millis
10:47:54,436 [Thread-102] DEBUG org.activiti.engine.impl.interceptor.LogInterceptor  - --- AcquireTimerJobsCmd finished --------------------------------------------------------
10:47:54,437 [Thread-102] DEBUG org.activiti.engine.impl.interceptor.LogInterceptor  - 

10:47:54,437 [Thread-102] DEBUG org.activiti.engine.impl.asyncexecutor.AcquireTimerJobsRunnable  - timer job acquisition thread sleeping for 50 millis
10:47:54,436 [Thread-106] DEBUG org.activiti.engine.impl.persistence.entity.JobEntity.selectAsyncJobsDueToExecute  - &lt;==      Total: 0
10:47:54,437 [Thread-106] DEBUG org.activiti.engine.impl.db.DbSqlSession  - flush summary: 0 insert, 0 update, 0 delete.
10:47:54,437 [Thread-106] DEBUG org.activiti.engine.impl.db.DbSqlSession  - now executing flush...
10:47:54,437 [Thread-106] DEBUG org.activiti.engine.impl.cfg.standalone.StandaloneMybatisTransactionContext  - firing event committing...
10:47:54,437 [Thread-106] DEBUG org.activiti.engine.impl.cfg.standalone.StandaloneMybatisTransactionContext  - committing the ibatis sql session...
10:47:54,437 [Thread-106] DEBUG org.activiti.engine.impl.cfg.standalone.StandaloneMybatisTransactionContext  - firing event committed...
10:47:54,437 [Thread-106] DEBUG org.apache.ibatis.transaction.jdbc.JdbcTransaction  - Resetting autocommit to true on JDBC Connection [conn63: url=jdbc:h2:mem:activiti-AsyncExecutorTest user=SA]
10:47:54,437 [Thread-106] DEBUG org.apache.ibatis.transaction.jdbc.JdbcTransaction  - Closing JDBC Connection [conn63: url=jdbc:h2:mem:activiti-AsyncExecutorTest user=SA]
10:47:54,437 [Thread-106] DEBUG org.apache.ibatis.datasource.pooled.PooledDataSource  - Returned connection 1970103261 to pool.
10:47:54,437 [Thread-106] DEBUG org.activiti.engine.impl.interceptor.LogInterceptor  - --- AcquireAsyncJobsDueCmd finished --------------------------------------------------------
10:47:54,437 [Thread-106] DEBUG org.activiti.engine.impl.interceptor.LogInterceptor  - 

10:47:54,437 [Thread-106] DEBUG org.activiti.engine.impl.asyncexecutor.AcquireAsyncJobsDueRunnable  - async job acquisition thread sleeping for 50 millis
10:47:54,436 [Thread-111] DEBUG org.activiti.engine.impl.persistence.entity.JobEntity.selectNextTimerJobsToExecute  - ==&gt; Parameters: 2023-03-20 10:48:50.669(Timestamp), 2023-03-20 10:48:50.669(Timestamp), 1(Integer), 0(Integer)
10:47:54,437 [Thread-111] DEBUG org.activiti.engine.impl.persistence.entity.JobEntity.selectNextTimerJobsToExecute  - &lt;==      Total: 0
10:47:54,437 [Thread-111] DEBUG org.activiti.engine.impl.db.DbSqlSession  - flush summary: 0 insert, 0 update, 0 delete.
10:47:54,437 [Thread-111] DEBUG org.activiti.engine.impl.db.DbSqlSession  - now executing flush...
10:47:54,437 [Thread-111] DEBUG org.activiti.engine.impl.cfg.standalone.StandaloneMybatisTransactionContext  - firing event committing...
10:47:54,437 [Thread-111] DEBUG org.activiti.engine.impl.cfg.standalone.StandaloneMybatisTransactionContext  - committing the ibatis sql session...
10:47:54,437 [Thread-111] DEBUG org.activiti.engine.impl.cfg.standalone.StandaloneMybatisTransactionContext  - firing event committed...
10:47:54,437 [Thread-111] DEBUG org.apache.ibatis.transaction.jdbc.JdbcTransaction  - Resetting autocommit to true on JDBC Connection [conn68: url=jdbc:h2:mem:activiti-AsyncExecutorTest user=SA]
10:47:54,437 [Thread-111] DEBUG org.apache.ibatis.transaction.jdbc.JdbcTransaction  - Closing JDBC Connection [conn68: url=jdbc:h2:mem:activiti-AsyncExecutorTest user=SA]
10:47:54,437 [Thread-111] DEBUG org.apache.ibatis.datasource.pooled.PooledDataSource  - Returned connection 58501658 to pool.
10:47:54,437 [Thread-111] DEBUG org.activiti.engine.impl.interceptor.LogInterceptor  - --- AcquireTimerJobsCmd finished --------------------------------------------------------
10:47:54,438 [Thread-111] DEBUG org.activiti.engine.impl.interceptor.LogInterceptor  - 

10:47:54,437 [Thread-103] DEBUG org.activiti.engine.impl.persistence.entity.JobEntity.selectAsyncJobsDueToExecute  - ==&gt; Parameters: 2023-03-20 10:48:50.669(Timestamp), 2023-03-20 10:48:50.669(Timestamp), 1(Integer), 0(Integer)
10:47:54,438 [Thread-103] DEBUG org.activiti.engine.impl.persistence.entity.JobEntity.selectAsyncJobsDueToExecute  - &lt;==      Total: 0
10:47:54,438 [Thread-103] DEBUG org.activiti.engine.impl.db.DbSqlSession  - flush summary: 0 insert, 0 update, 0 delete.
10:47:54,438 [Thread-103] DEBUG org.activiti.engine.impl.db.DbSqlSession  - now executing flush...
10:47:54,438 [Thread-103] DEBUG org.activiti.engine.impl.cfg.standalone.StandaloneMybatisTransactionContext  - firing event committing...
10:47:54,438 [Thread-103] DEBUG org.activiti.engine.impl.cfg.standalone.StandaloneMybatisTransactionContext  - committing the ibatis sql session...
10:47:54,438 [Thread-103] DEBUG org.activiti.engine.impl.cfg.standalone.StandaloneMybatisTransactionContext  - firing event committed...
10:47:54,438 [Thread-103] DEBUG org.apache.ibatis.transaction.jdbc.JdbcTransaction  - Resetting autocommit to true on JDBC Connection [conn61: url=jdbc:h2:mem:activiti-AsyncExecutorTest user=SA]
10:47:54,438 [Thread-111] DEBUG org.activiti.engine.impl.asyncexecutor.AcquireTimerJobsRunnable  - timer job acquisition thread sleeping for 50 millis
10:47:54,438 [Thread-103] DEBUG org.apache.ibatis.transaction.jdbc.JdbcTransaction  - Closing JDBC Connection [conn61: url=jdbc:h2:mem:activiti-AsyncExecutorTest user=SA]
10:47:54,438 [Thread-103] DEBUG org.apache.ibatis.datasource.pooled.PooledDataSource  - Returned connection 157985567 to pool.
10:47:54,438 [Thread-103] DEBUG org.activiti.engine.impl.interceptor.LogInterceptor  - --- AcquireAsyncJobsDueCmd finished --------------------------------------------------------
10:47:54,438 [Thread-103] DEBUG org.activiti.engine.impl.interceptor.LogInterceptor  - 

10:47:54,438 [Thread-103] DEBUG org.activiti.engine.impl.asyncexecutor.AcquireAsyncJobsDueRunnable  - async job acquisition thread sleeping for 50 millis
10:47:54,483 [Thread-112] DEBUG org.activiti.engine.impl.asyncexecutor.AcquireAsyncJobsDueRunnable  - async job acquisition thread woke up
10:47:54,483 [Thread-112] DEBUG org.activiti.engine.impl.interceptor.LogInterceptor  - 

10:47:54,483 [Thread-112] DEBUG org.activiti.engine.impl.interceptor.LogInterceptor  - --- starting AcquireAsyncJobsDueCmd --------------------------------------------------------
10:47:54,483 [Thread-112] DEBUG org.apache.ibatis.transaction.jdbc.JdbcTransaction  - Opening JDBC Connection
10:47:54,483 [Thread-112] DEBUG org.apache.ibatis.datasource.pooled.PooledDataSource  - Checked out connection 1863805930 from pool.
10:47:54,483 [Thread-112] DEBUG org.apache.ibatis.transaction.jdbc.JdbcTransaction  - Setting autocommit to false on JDBC Connection [conn69: url=jdbc:h2:mem:activiti-AsyncExecutorTest user=SA]
10:47:54,483 [Thread-112] DEBUG org.activiti.engine.impl.persistence.entity.JobEntity.selectAsyncJobsDueToExecute  - ==&gt;  Preparing: select RES.* from ACT_RU_JOB RES LEFT OUTER JOIN ACT_RU_EXECUTION PI ON PI.ID_ = RES.PROCESS_INSTANCE_ID_ where RES.RETRIES_ &gt; 0 and RES.DUEDATE_ is not null and RES.DUEDATE_ &lt;= ? and (RES.LOCK_EXP_TIME_ is null or RES.LOCK_EXP_TIME_ &lt;= ?) and TYPE_ = &apos;message&apos; and ( (RES.EXECUTION_ID_ is null) or (PI.SUSPENSION_STATE_ = 1) ) LIMIT ? OFFSET ? 
10:47:54,483 [Thread-112] DEBUG org.activiti.engine.impl.persistence.entity.JobEntity.selectAsyncJobsDueToExecute  - ==&gt; Parameters: 2023-03-20 10:48:50.669(Timestamp), 2023-03-20 10:48:50.669(Timestamp), 1(Integer), 0(Integer)
10:47:54,483 [Thread-112] DEBUG org.activiti.engine.impl.persistence.entity.JobEntity.selectAsyncJobsDueToExecute  - &lt;==      Total: 0
10:47:54,483 [Thread-112] DEBUG org.activiti.engine.impl.db.DbSqlSession  - flush summary: 0 insert, 0 update, 0 delete.
10:47:54,483 [Thread-112] DEBUG org.activiti.engine.impl.db.DbSqlSession  - now executing flush...
10:47:54,483 [Thread-112] DEBUG org.activiti.engine.impl.cfg.standalone.StandaloneMybatisTransactionContext  - firing event committing...
10:47:54,483 [Thread-112] DEBUG org.activiti.engine.impl.cfg.standalone.StandaloneMybatisTransactionContext  - committing the ibatis sql session...
10:47:54,483 [Thread-112] DEBUG org.activiti.engine.impl.cfg.standalone.StandaloneMybatisTransactionContext  - firing event committed...
10:47:54,483 [Thread-112] DEBUG org.apache.ibatis.transaction.jdbc.JdbcTransaction  - Resetting autocommit to true on JDBC Connection [conn69: url=jdbc:h2:mem:activiti-AsyncExecutorTest user=SA]
10:47:54,483 [Thread-112] DEBUG org.apache.ibatis.transaction.jdbc.JdbcTransaction  - Closing JDBC Connection [conn69: url=jdbc:h2:mem:activiti-AsyncExecutorTest user=SA]
10:47:54,483 [Thread-112] DEBUG org.apache.ibatis.datasource.pooled.PooledDataSource  - Returned connection 1863805930 to pool.
10:47:54,483 [Thread-112] DEBUG org.activiti.engine.impl.interceptor.LogInterceptor  - --- AcquireAsyncJobsDueCmd finished --------------------------------------------------------
10:47:54,483 [Thread-112] DEBUG org.activiti.engine.impl.interceptor.LogInterceptor  - 

10:47:54,483 [Thread-112] DEBUG org.activiti.engine.impl.asyncexecutor.AcquireAsyncJobsDueRunnable  - async job acquisition thread sleeping for 50 millis
10:47:54,498 [Thread-106] DEBUG org.activiti.engine.impl.asyncexecutor.AcquireAsyncJobsDueRunnable  - async job acquisition thread woke up
10:47:54,498 [Thread-106] DEBUG org.activiti.engine.impl.interceptor.LogInterceptor  - 

10:47:54,498 [Thread-103] DEBUG org.activiti.engine.impl.asyncexecutor.AcquireAsyncJobsDueRunnable  - async job acquisition thread woke up
10:47:54,498 [Thread-103] DEBUG org.activiti.engine.impl.interceptor.LogInterceptor  - 

10:47:54,498 [Thread-103] DEBUG org.activiti.engine.impl.interceptor.LogInterceptor  - --- starting AcquireAsyncJobsDueCmd --------------------------------------------------------
10:47:54,498 [Thread-105] DEBUG org.activiti.engine.impl.asyncexecutor.AcquireTimerJobsRunnable  - timer job acquisition thread woke up
10:47:54,498 [Thread-105] DEBUG org.activiti.engine.impl.interceptor.LogInterceptor  - 

10:47:54,498 [Thread-105] DEBUG org.activiti.engine.impl.interceptor.LogInterceptor  - --- starting AcquireTimerJobsCmd --------------------------------------------------------
10:47:54,498 [Thread-102] DEBUG org.activiti.engine.impl.asyncexecutor.AcquireTimerJobsRunnable  - timer job acquisition thread woke up
10:47:54,498 [Thread-102] DEBUG org.activiti.engine.impl.interceptor.LogInterceptor  - 

10:47:54,498 [Thread-102] DEBUG org.activiti.engine.impl.interceptor.LogInterceptor  - --- starting AcquireTimerJobsCmd --------------------------------------------------------
10:47:54,498 [Thread-111] DEBUG org.activiti.engine.impl.asyncexecutor.AcquireTimerJobsRunnable  - timer job acquisition thread woke up
10:47:54,498 [Thread-111] DEBUG org.activiti.engine.impl.interceptor.LogInterceptor  - 

10:47:54,498 [Thread-111] DEBUG org.activiti.engine.impl.interceptor.LogInterceptor  - --- starting AcquireTimerJobsCmd --------------------------------------------------------
10:47:54,498 [Thread-111] DEBUG org.apache.ibatis.transaction.jdbc.JdbcTransaction  - Opening JDBC Connection
10:47:54,498 [Thread-102] DEBUG org.apache.ibatis.transaction.jdbc.JdbcTransaction  - Opening JDBC Connection
10:47:54,498 [Thread-102] DEBUG org.apache.ibatis.datasource.pooled.PooledDataSource  - Checked out connection 33534803 from pool.
10:47:54,498 [Thread-102] DEBUG org.apache.ibatis.transaction.jdbc.JdbcTransaction  - Setting autocommit to false on JDBC Connection [conn60: url=jdbc:h2:mem:activiti-AsyncExecutorTest user=SA]
10:47:54,498 [Thread-102] DEBUG org.activiti.engine.impl.persistence.entity.JobEntity.selectNextTimerJobsToExecute  - ==&gt;  Preparing: select RES.* from ACT_RU_JOB RES LEFT OUTER JOIN ACT_RU_EXECUTION PI ON PI.ID_ = RES.PROCESS_INSTANCE_ID_ where (RES.RETRIES_ &gt; 0) and (RES.DUEDATE_ is null or RES.DUEDATE_ &lt;= ?) and (RES.LOCK_OWNER_ is null or RES.LOCK_EXP_TIME_ &lt;= ?) and TYPE_ = &apos;timer&apos; and ( (RES.EXECUTION_ID_ is null) or (PI.SUSPENSION_STATE_ = 1) ) LIMIT ? OFFSET ? 
10:47:54,498 [Thread-105] DEBUG org.apache.ibatis.transaction.jdbc.JdbcTransaction  - Opening JDBC Connection
10:47:54,499 [Thread-105] DEBUG org.apache.ibatis.datasource.pooled.PooledDataSource  - Checked out connection 54468349 from pool.
10:47:54,499 [Thread-105] DEBUG org.apache.ibatis.transaction.jdbc.JdbcTransaction  - Setting autocommit to false on JDBC Connection [conn64: url=jdbc:h2:mem:activiti-AsyncExecutorTest user=SA]
10:47:54,499 [Thread-105] DEBUG org.activiti.engine.impl.persistence.entity.JobEntity.selectNextTimerJobsToExecute  - ==&gt;  Preparing: select RES.* from ACT_RU_JOB RES LEFT OUTER JOIN ACT_RU_EXECUTION PI ON PI.ID_ = RES.PROCESS_INSTANCE_ID_ where (RES.RETRIES_ &gt; 0) and (RES.DUEDATE_ is null or RES.DUEDATE_ &lt;= ?) and (RES.LOCK_OWNER_ is null or RES.LOCK_EXP_TIME_ &lt;= ?) and TYPE_ = &apos;timer&apos; and ( (RES.EXECUTION_ID_ is null) or (PI.SUSPENSION_STATE_ = 1) ) LIMIT ? OFFSET ? 
10:47:54,498 [Thread-103] DEBUG org.apache.ibatis.transaction.jdbc.JdbcTransaction  - Opening JDBC Connection
10:47:54,499 [Thread-103] DEBUG org.apache.ibatis.datasource.pooled.PooledDataSource  - Checked out connection 720039383 from pool.
10:47:54,499 [Thread-103] DEBUG org.apache.ibatis.transaction.jdbc.JdbcTransaction  - Setting autocommit to false on JDBC Connection [conn59: url=jdbc:h2:mem:activiti-AsyncExecutorTest user=SA]
10:47:54,499 [Thread-103] DEBUG org.activiti.engine.impl.persistence.entity.JobEntity.selectAsyncJobsDueToExecute  - ==&gt;  Preparing: select RES.* from ACT_RU_JOB RES LEFT OUTER JOIN ACT_RU_EXECUTION PI ON PI.ID_ = RES.PROCESS_INSTANCE_ID_ where RES.RETRIES_ &gt; 0 and RES.DUEDATE_ is not null and RES.DUEDATE_ &lt;= ? and (RES.LOCK_EXP_TIME_ is null or RES.LOCK_EXP_TIME_ &lt;= ?) and TYPE_ = &apos;message&apos; and ( (RES.EXECUTION_ID_ is null) or (PI.SUSPENSION_STATE_ = 1) ) LIMIT ? OFFSET ? 
10:47:54,499 [Thread-103] DEBUG org.activiti.engine.impl.persistence.entity.JobEntity.selectAsyncJobsDueToExecute  - ==&gt; Parameters: 2023-03-20 10:48:50.669(Timestamp), 2023-03-20 10:48:50.669(Timestamp), 1(Integer), 0(Integer)
10:47:54,499 [Thread-103] DEBUG org.activiti.engine.impl.persistence.entity.JobEntity.selectAsyncJobsDueToExecute  - &lt;==      Total: 0
10:47:54,499 [Thread-103] DEBUG org.activiti.engine.impl.db.DbSqlSession  - flush summary: 0 insert, 0 update, 0 delete.
10:47:54,499 [Thread-103] DEBUG org.activiti.engine.impl.db.DbSqlSession  - now executing flush...
10:47:54,499 [Thread-103] DEBUG org.activiti.engine.impl.cfg.standalone.StandaloneMybatisTransactionContext  - firing event committing...
10:47:54,499 [Thread-103] DEBUG org.activiti.engine.impl.cfg.standalone.StandaloneMybatisTransactionContext  - committing the ibatis sql session...
10:47:54,499 [Thread-103] DEBUG org.activiti.engine.impl.cfg.standalone.StandaloneMybatisTransactionContext  - firing event committed...
10:47:54,499 [Thread-103] DEBUG org.apache.ibatis.transaction.jdbc.JdbcTransaction  - Resetting autocommit to true on JDBC Connection [conn59: url=jdbc:h2:mem:activiti-AsyncExecutorTest user=SA]
10:47:54,499 [Thread-103] DEBUG org.apache.ibatis.transaction.jdbc.JdbcTransaction  - Closing JDBC Connection [conn59: url=jdbc:h2:mem:activiti-AsyncExecutorTest user=SA]
10:47:54,499 [Thread-103] DEBUG org.apache.ibatis.datasource.pooled.PooledDataSource  - Returned connection 720039383 to pool.
10:47:54,499 [Thread-103] DEBUG org.activiti.engine.impl.interceptor.LogInterceptor  - --- AcquireAsyncJobsDueCmd finished --------------------------------------------------------
10:47:54,499 [Thread-103] DEBUG org.activiti.engine.impl.interceptor.LogInterceptor  - 

10:47:54,499 [Thread-103] DEBUG org.activiti.engine.impl.asyncexecutor.AcquireAsyncJobsDueRunnable  - async job acquisition thread sleeping for 50 millis
10:47:54,498 [Thread-106] DEBUG org.activiti.engine.impl.interceptor.LogInterceptor  - --- starting AcquireAsyncJobsDueCmd --------------------------------------------------------
10:47:54,499 [Thread-106] DEBUG org.apache.ibatis.transaction.jdbc.JdbcTransaction  - Opening JDBC Connection
10:47:54,499 [Thread-105] DEBUG org.activiti.engine.impl.persistence.entity.JobEntity.selectNextTimerJobsToExecute  - ==&gt; Parameters: 2023-03-20 10:48:50.669(Timestamp), 2023-03-20 10:48:50.669(Timestamp), 1(Integer), 0(Integer)
10:47:54,499 [Thread-105] DEBUG org.activiti.engine.impl.persistence.entity.JobEntity.selectNextTimerJobsToExecute  - &lt;==      Total: 0
10:47:54,499 [Thread-102] DEBUG org.activiti.engine.impl.persistence.entity.JobEntity.selectNextTimerJobsToExecute  - ==&gt; Parameters: 2023-03-20 10:48:50.669(Timestamp), 2023-03-20 10:48:50.669(Timestamp), 1(Integer), 0(Integer)
10:47:54,499 [Thread-102] DEBUG org.activiti.engine.impl.persistence.entity.JobEntity.selectNextTimerJobsToExecute  - &lt;==      Total: 0
10:47:54,499 [Thread-102] DEBUG org.activiti.engine.impl.db.DbSqlSession  - flush summary: 0 insert, 0 update, 0 delete.
10:47:54,499 [Thread-102] DEBUG org.activiti.engine.impl.db.DbSqlSession  - now executing flush...
10:47:54,499 [Thread-102] DEBUG org.activiti.engine.impl.cfg.standalone.StandaloneMybatisTransactionContext  - firing event committing...
10:47:54,500 [Thread-102] DEBUG org.activiti.engine.impl.cfg.standalone.StandaloneMybatisTransactionContext  - committing the ibatis sql session...
10:47:54,500 [Thread-102] DEBUG org.activiti.engine.impl.cfg.standalone.StandaloneMybatisTransactionContext  - firing event committed...
10:47:54,500 [Thread-102] DEBUG org.apache.ibatis.transaction.jdbc.JdbcTransaction  - Resetting autocommit to true on JDBC Connection [conn60: url=jdbc:h2:mem:activiti-AsyncExecutorTest user=SA]
10:47:54,500 [Thread-102] DEBUG org.apache.ibatis.transaction.jdbc.JdbcTransaction  - Closing JDBC Connection [conn60: url=jdbc:h2:mem:activiti-AsyncExecutorTest user=SA]
10:47:54,500 [Thread-102] DEBUG org.apache.ibatis.datasource.pooled.PooledDataSource  - Returned connection 33534803 to pool.
10:47:54,500 [Thread-102] DEBUG org.activiti.engine.impl.interceptor.LogInterceptor  - --- AcquireTimerJobsCmd finished --------------------------------------------------------
10:47:54,500 [Thread-102] DEBUG org.activiti.engine.impl.interceptor.LogInterceptor  - 

10:47:54,500 [Thread-102] DEBUG org.activiti.engine.impl.asyncexecutor.AcquireTimerJobsRunnable  - timer job acquisition thread sleeping for 50 millis
10:47:54,498 [Thread-111] DEBUG org.apache.ibatis.datasource.pooled.PooledDataSource  - Checked out connection 604408605 from pool.
10:47:54,500 [Thread-111] DEBUG org.apache.ibatis.transaction.jdbc.JdbcTransaction  - Setting autocommit to false on JDBC Connection [conn70: url=jdbc:h2:mem:activiti-AsyncExecutorTest user=SA]
10:47:54,500 [Thread-111] DEBUG org.activiti.engine.impl.persistence.entity.JobEntity.selectNextTimerJobsToExecute  - ==&gt;  Preparing: select RES.* from ACT_RU_JOB RES LEFT OUTER JOIN ACT_RU_EXECUTION PI ON PI.ID_ = RES.PROCESS_INSTANCE_ID_ where (RES.RETRIES_ &gt; 0) and (RES.DUEDATE_ is null or RES.DUEDATE_ &lt;= ?) and (RES.LOCK_OWNER_ is null or RES.LOCK_EXP_TIME_ &lt;= ?) and TYPE_ = &apos;timer&apos; and ( (RES.EXECUTION_ID_ is null) or (PI.SUSPENSION_STATE_ = 1) ) LIMIT ? OFFSET ? 
10:47:54,499 [Thread-105] DEBUG org.activiti.engine.impl.db.DbSqlSession  - flush summary: 0 insert, 0 update, 0 delete.
10:47:54,500 [Thread-105] DEBUG org.activiti.engine.impl.db.DbSqlSession  - now executing flush...
10:47:54,500 [Thread-105] DEBUG org.activiti.engine.impl.cfg.standalone.StandaloneMybatisTransactionContext  - firing event committing...
10:47:54,500 [Thread-105] DEBUG org.activiti.engine.impl.cfg.standalone.StandaloneMybatisTransactionContext  - committing the ibatis sql session...
10:47:54,500 [Thread-105] DEBUG org.activiti.engine.impl.cfg.standalone.StandaloneMybatisTransactionContext  - firing event committed...
10:47:54,500 [Thread-105] DEBUG org.apache.ibatis.transaction.jdbc.JdbcTransaction  - Resetting autocommit to true on JDBC Connection [conn64: url=jdbc:h2:mem:activiti-AsyncExecutorTest user=SA]
10:47:54,500 [Thread-105] DEBUG org.apache.ibatis.transaction.jdbc.JdbcTransaction  - Closing JDBC Connection [conn64: url=jdbc:h2:mem:activiti-AsyncExecutorTest user=SA]
10:47:54,499 [Thread-106] DEBUG org.apache.ibatis.datasource.pooled.PooledDataSource  - Checked out connection 996762054 from pool.
10:47:54,500 [Thread-106] DEBUG org.apache.ibatis.transaction.jdbc.JdbcTransaction  - Setting autocommit to false on JDBC Connection [conn65: url=jdbc:h2:mem:activiti-AsyncExecutorTest user=SA]
10:47:54,500 [Thread-111] DEBUG org.activiti.engine.impl.persistence.entity.JobEntity.selectNextTimerJobsToExecute  - ==&gt; Parameters: 2023-03-20 10:48:50.669(Timestamp), 2023-03-20 10:48:50.669(Timestamp), 1(Integer), 0(Integer)
10:47:54,500 [Thread-111] DEBUG org.activiti.engine.impl.persistence.entity.JobEntity.selectNextTimerJobsToExecute  - &lt;==      Total: 0
10:47:54,500 [Thread-111] DEBUG org.activiti.engine.impl.db.DbSqlSession  - flush summary: 0 insert, 0 update, 0 delete.
10:47:54,500 [Thread-111] DEBUG org.activiti.engine.impl.db.DbSqlSession  - now executing flush...
10:47:54,500 [Thread-111] DEBUG org.activiti.engine.impl.cfg.standalone.StandaloneMybatisTransactionContext  - firing event committing...
10:47:54,500 [Thread-111] DEBUG org.activiti.engine.impl.cfg.standalone.StandaloneMybatisTransactionContext  - committing the ibatis sql session...
10:47:54,500 [Thread-111] DEBUG org.activiti.engine.impl.cfg.standalone.StandaloneMybatisTransactionContext  - firing event committed...
10:47:54,500 [Thread-111] DEBUG org.apache.ibatis.transaction.jdbc.JdbcTransaction  - Resetting autocommit to true on JDBC Connection [conn70: url=jdbc:h2:mem:activiti-AsyncExecutorTest user=SA]
10:47:54,500 [Thread-111] DEBUG org.apache.ibatis.transaction.jdbc.JdbcTransaction  - Closing JDBC Connection [conn70: url=jdbc:h2:mem:activiti-AsyncExecutorTest user=SA]
10:47:54,500 [Thread-111] DEBUG org.apache.ibatis.datasource.pooled.PooledDataSource  - Returned connection 604408605 to pool.
10:47:54,500 [Thread-111] DEBUG org.activiti.engine.impl.interceptor.LogInterceptor  - --- AcquireTimerJobsCmd finished --------------------------------------------------------
10:47:54,500 [Thread-111] DEBUG org.activiti.engine.impl.interceptor.LogInterceptor  - 

10:47:54,500 [Thread-106] DEBUG org.activiti.engine.impl.persistence.entity.JobEntity.selectAsyncJobsDueToExecute  - ==&gt;  Preparing: select RES.* from ACT_RU_JOB RES LEFT OUTER JOIN ACT_RU_EXECUTION PI ON PI.ID_ = RES.PROCESS_INSTANCE_ID_ where RES.RETRIES_ &gt; 0 and RES.DUEDATE_ is not null and RES.DUEDATE_ &lt;= ? and (RES.LOCK_EXP_TIME_ is null or RES.LOCK_EXP_TIME_ &lt;= ?) and TYPE_ = &apos;message&apos; and ( (RES.EXECUTION_ID_ is null) or (PI.SUSPENSION_STATE_ = 1) ) LIMIT ? OFFSET ? 
10:47:54,500 [Thread-106] DEBUG org.activiti.engine.impl.persistence.entity.JobEntity.selectAsyncJobsDueToExecute  - ==&gt; Parameters: 2023-03-20 10:48:50.669(Timestamp), 2023-03-20 10:48:50.669(Timestamp), 1(Integer), 0(Integer)
10:47:54,500 [Thread-105] DEBUG org.apache.ibatis.datasource.pooled.PooledDataSource  - Returned connection 54468349 to pool.
10:47:54,501 [Thread-105] DEBUG org.activiti.engine.impl.interceptor.LogInterceptor  - --- AcquireTimerJobsCmd finished --------------------------------------------------------
10:47:54,501 [Thread-105] DEBUG org.activiti.engine.impl.interceptor.LogInterceptor  - 

10:47:54,500 [Thread-106] DEBUG org.activiti.engine.impl.persistence.entity.JobEntity.selectAsyncJobsDueToExecute  - &lt;==      Total: 0
10:47:54,501 [Thread-106] DEBUG org.activiti.engine.impl.db.DbSqlSession  - flush summary: 0 insert, 0 update, 0 delete.
10:47:54,501 [Thread-106] DEBUG org.activiti.engine.impl.db.DbSqlSession  - now executing flush...
10:47:54,501 [Thread-106] DEBUG org.activiti.engine.impl.cfg.standalone.StandaloneMybatisTransactionContext  - firing event committing...
10:47:54,501 [Thread-106] DEBUG org.activiti.engine.impl.cfg.standalone.StandaloneMybatisTransactionContext  - committing the ibatis sql session...
10:47:54,501 [Thread-106] DEBUG org.activiti.engine.impl.cfg.standalone.StandaloneMybatisTransactionContext  - firing event committed...
10:47:54,501 [Thread-106] DEBUG org.apache.ibatis.transaction.jdbc.JdbcTransaction  - Resetting autocommit to true on JDBC Connection [conn65: url=jdbc:h2:mem:activiti-AsyncExecutorTest user=SA]
10:47:54,501 [Thread-106] DEBUG org.apache.ibatis.transaction.jdbc.JdbcTransaction  - Closing JDBC Connection [conn65: url=jdbc:h2:mem:activiti-AsyncExecutorTest user=SA]
10:47:54,501 [Thread-106] DEBUG org.apache.ibatis.datasource.pooled.PooledDataSource  - Returned connection 996762054 to pool.
10:47:54,501 [Thread-106] DEBUG org.activiti.engine.impl.interceptor.LogInterceptor  - --- AcquireAsyncJobsDueCmd finished --------------------------------------------------------
10:47:54,501 [Thread-106] DEBUG org.activiti.engine.impl.interceptor.LogInterceptor  - 

10:47:54,501 [Thread-106] DEBUG org.activiti.engine.impl.asyncexecutor.AcquireAsyncJobsDueRunnable  - async job acquisition thread sleeping for 50 millis
10:47:54,500 [Thread-111] DEBUG org.activiti.engine.impl.asyncexecutor.AcquireTimerJobsRunnable  - timer job acquisition thread sleeping for 50 millis
10:47:54,501 [Thread-105] DEBUG org.activiti.engine.impl.asyncexecutor.AcquireTimerJobsRunnable  - timer job acquisition thread sleeping for 50 millis
10:47:54,546 [Thread-112] DEBUG org.activiti.engine.impl.asyncexecutor.AcquireAsyncJobsDueRunnable  - async job acquisition thread woke up
10:47:54,546 [Thread-112] DEBUG org.activiti.engine.impl.interceptor.LogInterceptor  - 

10:47:54,546 [Thread-112] DEBUG org.activiti.engine.impl.interceptor.LogInterceptor  - --- starting AcquireAsyncJobsDueCmd --------------------------------------------------------
10:47:54,546 [Thread-112] DEBUG org.apache.ibatis.transaction.jdbc.JdbcTransaction  - Opening JDBC Connection
10:47:54,546 [Thread-112] DEBUG org.apache.ibatis.datasource.pooled.PooledDataSource  - Checked out connection 58501658 from pool.
10:47:54,546 [Thread-112] DEBUG org.apache.ibatis.transaction.jdbc.JdbcTransaction  - Setting autocommit to false on JDBC Connection [conn68: url=jdbc:h2:mem:activiti-AsyncExecutorTest user=SA]
10:47:54,546 [Thread-112] DEBUG org.activiti.engine.impl.persistence.entity.JobEntity.selectAsyncJobsDueToExecute  - ==&gt;  Preparing: select RES.* from ACT_RU_JOB RES LEFT OUTER JOIN ACT_RU_EXECUTION PI ON PI.ID_ = RES.PROCESS_INSTANCE_ID_ where RES.RETRIES_ &gt; 0 and RES.DUEDATE_ is not null and RES.DUEDATE_ &lt;= ? and (RES.LOCK_EXP_TIME_ is null or RES.LOCK_EXP_TIME_ &lt;= ?) and TYPE_ = &apos;message&apos; and ( (RES.EXECUTION_ID_ is null) or (PI.SUSPENSION_STATE_ = 1) ) LIMIT ? OFFSET ? 
10:47:54,546 [Thread-112] DEBUG org.activiti.engine.impl.persistence.entity.JobEntity.selectAsyncJobsDueToExecute  - ==&gt; Parameters: 2023-03-20 10:48:50.669(Timestamp), 2023-03-20 10:48:50.669(Timestamp), 1(Integer), 0(Integer)
10:47:54,546 [Thread-112] DEBUG org.activiti.engine.impl.persistence.entity.JobEntity.selectAsyncJobsDueToExecute  - &lt;==      Total: 0
10:47:54,546 [Thread-112] DEBUG org.activiti.engine.impl.db.DbSqlSession  - flush summary: 0 insert, 0 update, 0 delete.
10:47:54,546 [Thread-112] DEBUG org.activiti.engine.impl.db.DbSqlSession  - now executing flush...
10:47:54,546 [Thread-112] DEBUG org.activiti.engine.impl.cfg.standalone.StandaloneMybatisTransactionContext  - firing event committing...
10:47:54,546 [Thread-112] DEBUG org.activiti.engine.impl.cfg.standalone.StandaloneMybatisTransactionContext  - committing the ibatis sql session...
10:47:54,546 [Thread-112] DEBUG org.activiti.engine.impl.cfg.standalone.StandaloneMybatisTransactionContext  - firing event committed...
10:47:54,546 [Thread-112] DEBUG org.apache.ibatis.transaction.jdbc.JdbcTransaction  - Resetting autocommit to true on JDBC Connection [conn68: url=jdbc:h2:mem:activiti-AsyncExecutorTest user=SA]
10:47:54,546 [Thread-112] DEBUG org.apache.ibatis.transaction.jdbc.JdbcTransaction  - Closing JDBC Connection [conn68: url=jdbc:h2:mem:activiti-AsyncExecutorTest user=SA]
10:47:54,546 [Thread-112] DEBUG org.apache.ibatis.datasource.pooled.PooledDataSource  - Returned connection 58501658 to pool.
10:47:54,546 [Thread-112] DEBUG org.activiti.engine.impl.interceptor.LogInterceptor  - --- AcquireAsyncJobsDueCmd finished --------------------------------------------------------
10:47:54,546 [Thread-112] DEBUG org.activiti.engine.impl.interceptor.LogInterceptor  - 

10:47:54,547 [Thread-112] DEBUG org.activiti.engine.impl.asyncexecutor.AcquireAsyncJobsDueRunnable  - async job acquisition thread sleeping for 50 millis
10:47:54,562 [Thread-106] DEBUG org.activiti.engine.impl.asyncexecutor.AcquireAsyncJobsDueRunnable  - async job acquisition thread woke up
10:47:54,562 [Thread-106] DEBUG org.activiti.engine.impl.interceptor.LogInterceptor  - 

10:47:54,562 [Thread-106] DEBUG org.activiti.engine.impl.interceptor.LogInterceptor  - --- starting AcquireAsyncJobsDueCmd --------------------------------------------------------
10:47:54,562 [Thread-103] DEBUG org.activiti.engine.impl.asyncexecutor.AcquireAsyncJobsDueRunnable  - async job acquisition thread woke up
10:47:54,562 [Thread-103] DEBUG org.activiti.engine.impl.interceptor.LogInterceptor  - 

10:47:54,562 [Thread-103] DEBUG org.activiti.engine.impl.interceptor.LogInterceptor  - --- starting AcquireAsyncJobsDueCmd --------------------------------------------------------
10:47:54,562 [Thread-102] DEBUG org.activiti.engine.impl.asyncexecutor.AcquireTimerJobsRunnable  - timer job acquisition thread woke up
10:47:54,562 [Thread-102] DEBUG org.activiti.engine.impl.interceptor.LogInterceptor  - 

10:47:54,562 [Thread-102] DEBUG org.activiti.engine.impl.interceptor.LogInterceptor  - --- starting AcquireTimerJobsCmd --------------------------------------------------------
10:47:54,562 [Thread-105] DEBUG org.activiti.engine.impl.asyncexecutor.AcquireTimerJobsRunnable  - timer job acquisition thread woke up
10:47:54,562 [Thread-105] DEBUG org.activiti.engine.impl.interceptor.LogInterceptor  - 

10:47:54,562 [Thread-105] DEBUG org.activiti.engine.impl.interceptor.LogInterceptor  - --- starting AcquireTimerJobsCmd --------------------------------------------------------
10:47:54,562 [Thread-111] DEBUG org.activiti.engine.impl.asyncexecutor.AcquireTimerJobsRunnable  - timer job acquisition thread woke up
10:47:54,562 [Thread-111] DEBUG org.activiti.engine.impl.interceptor.LogInterceptor  - 

10:47:54,562 [Thread-111] DEBUG org.activiti.engine.impl.interceptor.LogInterceptor  - --- starting AcquireTimerJobsCmd --------------------------------------------------------
10:47:54,562 [Thread-111] DEBUG org.apache.ibatis.transaction.jdbc.JdbcTransaction  - Opening JDBC Connection
10:47:54,562 [Thread-111] DEBUG org.apache.ibatis.datasource.pooled.PooledDataSource  - Checked out connection 1863805930 from pool.
10:47:54,562 [Thread-111] DEBUG org.apache.ibatis.transaction.jdbc.JdbcTransaction  - Setting autocommit to false on JDBC Connection [conn69: url=jdbc:h2:mem:activiti-AsyncExecutorTest user=SA]
10:47:54,562 [Thread-105] DEBUG org.apache.ibatis.transaction.jdbc.JdbcTransaction  - Opening JDBC Connection
10:47:54,562 [Thread-105] DEBUG org.apache.ibatis.datasource.pooled.PooledDataSource  - Checked out connection 1970103261 from pool.
10:47:54,562 [Thread-105] DEBUG org.apache.ibatis.transaction.jdbc.JdbcTransaction  - Setting autocommit to false on JDBC Connection [conn63: url=jdbc:h2:mem:activiti-AsyncExecutorTest user=SA]
10:47:54,563 [Thread-105] DEBUG org.activiti.engine.impl.persistence.entity.JobEntity.selectNextTimerJobsToExecute  - ==&gt;  Preparing: select RES.* from ACT_RU_JOB RES LEFT OUTER JOIN ACT_RU_EXECUTION PI ON PI.ID_ = RES.PROCESS_INSTANCE_ID_ where (RES.RETRIES_ &gt; 0) and (RES.DUEDATE_ is null or RES.DUEDATE_ &lt;= ?) and (RES.LOCK_OWNER_ is null or RES.LOCK_EXP_TIME_ &lt;= ?) and TYPE_ = &apos;timer&apos; and ( (RES.EXECUTION_ID_ is null) or (PI.SUSPENSION_STATE_ = 1) ) LIMIT ? OFFSET ? 
10:47:54,562 [Thread-102] DEBUG org.apache.ibatis.transaction.jdbc.JdbcTransaction  - Opening JDBC Connection
10:47:54,563 [Thread-102] DEBUG org.apache.ibatis.datasource.pooled.PooledDataSource  - Checked out connection 157985567 from pool.
10:47:54,563 [Thread-102] DEBUG org.apache.ibatis.transaction.jdbc.JdbcTransaction  - Setting autocommit to false on JDBC Connection [conn61: url=jdbc:h2:mem:activiti-AsyncExecutorTest user=SA]
10:47:54,563 [Thread-102] DEBUG org.activiti.engine.impl.persistence.entity.JobEntity.selectNextTimerJobsToExecute  - ==&gt;  Preparing: select RES.* from ACT_RU_JOB RES LEFT OUTER JOIN ACT_RU_EXECUTION PI ON PI.ID_ = RES.PROCESS_INSTANCE_ID_ where (RES.RETRIES_ &gt; 0) and (RES.DUEDATE_ is null or RES.DUEDATE_ &lt;= ?) and (RES.LOCK_OWNER_ is null or RES.LOCK_EXP_TIME_ &lt;= ?) and TYPE_ = &apos;timer&apos; and ( (RES.EXECUTION_ID_ is null) or (PI.SUSPENSION_STATE_ = 1) ) LIMIT ? OFFSET ? 
10:47:54,563 [Thread-102] DEBUG org.activiti.engine.impl.persistence.entity.JobEntity.selectNextTimerJobsToExecute  - ==&gt; Parameters: 2023-03-20 10:48:50.669(Timestamp), 2023-03-20 10:48:50.669(Timestamp), 1(Integer), 0(Integer)
10:47:54,563 [Thread-102] DEBUG org.activiti.engine.impl.persistence.entity.JobEntity.selectNextTimerJobsToExecute  - &lt;==      Total: 0
10:47:54,562 [Thread-103] DEBUG org.apache.ibatis.transaction.jdbc.JdbcTransaction  - Opening JDBC Connection
10:47:54,563 [Thread-103] DEBUG org.apache.ibatis.datasource.pooled.PooledDataSource  - Checked out connection 720039383 from pool.
10:47:54,563 [Thread-103] DEBUG org.apache.ibatis.transaction.jdbc.JdbcTransaction  - Setting autocommit to false on JDBC Connection [conn59: url=jdbc:h2:mem:activiti-AsyncExecutorTest user=SA]
10:47:54,563 [Thread-103] DEBUG org.activiti.engine.impl.persistence.entity.JobEntity.selectAsyncJobsDueToExecute  - ==&gt;  Preparing: select RES.* from ACT_RU_JOB RES LEFT OUTER JOIN ACT_RU_EXECUTION PI ON PI.ID_ = RES.PROCESS_INSTANCE_ID_ where RES.RETRIES_ &gt; 0 and RES.DUEDATE_ is not null and RES.DUEDATE_ &lt;= ? and (RES.LOCK_EXP_TIME_ is null or RES.LOCK_EXP_TIME_ &lt;= ?) and TYPE_ = &apos;message&apos; and ( (RES.EXECUTION_ID_ is null) or (PI.SUSPENSION_STATE_ = 1) ) LIMIT ? OFFSET ? 
10:47:54,563 [Thread-103] DEBUG org.activiti.engine.impl.persistence.entity.JobEntity.selectAsyncJobsDueToExecute  - ==&gt; Parameters: 2023-03-20 10:48:50.669(Timestamp), 2023-03-20 10:48:50.669(Timestamp), 1(Integer), 0(Integer)
10:47:54,563 [Thread-103] DEBUG org.activiti.engine.impl.persistence.entity.JobEntity.selectAsyncJobsDueToExecute  - &lt;==      Total: 0
10:47:54,563 [Thread-103] DEBUG org.activiti.engine.impl.db.DbSqlSession  - flush summary: 0 insert, 0 update, 0 delete.
10:47:54,563 [Thread-103] DEBUG org.activiti.engine.impl.db.DbSqlSession  - now executing flush...
10:47:54,562 [Thread-106] DEBUG org.apache.ibatis.transaction.jdbc.JdbcTransaction  - Opening JDBC Connection
10:47:54,563 [Thread-106] DEBUG org.apache.ibatis.datasource.pooled.PooledDataSource  - Checked out connection 54468349 from pool.
10:47:54,563 [Thread-106] DEBUG org.apache.ibatis.transaction.jdbc.JdbcTransaction  - Setting autocommit to false on JDBC Connection [conn64: url=jdbc:h2:mem:activiti-AsyncExecutorTest user=SA]
10:47:54,563 [Thread-103] DEBUG org.activiti.engine.impl.cfg.standalone.StandaloneMybatisTransactionContext  - firing event committing...
10:47:54,563 [Thread-103] DEBUG org.activiti.engine.impl.cfg.standalone.StandaloneMybatisTransactionContext  - committing the ibatis sql session...
10:47:54,563 [Thread-103] DEBUG org.activiti.engine.impl.cfg.standalone.StandaloneMybatisTransactionContext  - firing event committed...
10:47:54,563 [Thread-102] DEBUG org.activiti.engine.impl.db.DbSqlSession  - flush summary: 0 insert, 0 update, 0 delete.
10:47:54,563 [Thread-102] DEBUG org.activiti.engine.impl.db.DbSqlSession  - now executing flush...
10:47:54,563 [Thread-102] DEBUG org.activiti.engine.impl.cfg.standalone.StandaloneMybatisTransactionContext  - firing event committing...
10:47:54,563 [Thread-102] DEBUG org.activiti.engine.impl.cfg.standalone.StandaloneMybatisTransactionContext  - committing the ibatis sql session...
10:47:54,563 [Thread-102] DEBUG org.activiti.engine.impl.cfg.standalone.StandaloneMybatisTransactionContext  - firing event committed...
10:47:54,563 [Thread-102] DEBUG org.apache.ibatis.transaction.jdbc.JdbcTransaction  - Resetting autocommit to true on JDBC Connection [conn61: url=jdbc:h2:mem:activiti-AsyncExecutorTest user=SA]
10:47:54,563 [Thread-105] DEBUG org.activiti.engine.impl.persistence.entity.JobEntity.selectNextTimerJobsToExecute  - ==&gt; Parameters: 2023-03-20 10:48:50.669(Timestamp), 2023-03-20 10:48:50.669(Timestamp), 1(Integer), 0(Integer)
10:47:54,564 [Thread-105] DEBUG org.activiti.engine.impl.persistence.entity.JobEntity.selectNextTimerJobsToExecute  - &lt;==      Total: 0
10:47:54,564 [Thread-105] DEBUG org.activiti.engine.impl.db.DbSqlSession  - flush summary: 0 insert, 0 update, 0 delete.
10:47:54,564 [Thread-105] DEBUG org.activiti.engine.impl.db.DbSqlSession  - now executing flush...
10:47:54,564 [Thread-105] DEBUG org.activiti.engine.impl.cfg.standalone.StandaloneMybatisTransactionContext  - firing event committing...
10:47:54,564 [Thread-105] DEBUG org.activiti.engine.impl.cfg.standalone.StandaloneMybatisTransactionContext  - committing the ibatis sql session...
10:47:54,564 [Thread-105] DEBUG org.activiti.engine.impl.cfg.standalone.StandaloneMybatisTransactionContext  - firing event committed...
10:47:54,564 [Thread-105] DEBUG org.apache.ibatis.transaction.jdbc.JdbcTransaction  - Resetting autocommit to true on JDBC Connection [conn63: url=jdbc:h2:mem:activiti-AsyncExecutorTest user=SA]
10:47:54,564 [Thread-105] DEBUG org.apache.ibatis.transaction.jdbc.JdbcTransaction  - Closing JDBC Connection [conn63: url=jdbc:h2:mem:activiti-AsyncExecutorTest user=SA]
10:47:54,564 [Thread-105] DEBUG org.apache.ibatis.datasource.pooled.PooledDataSource  - Returned connection 1970103261 to pool.
10:47:54,564 [Thread-105] DEBUG org.activiti.engine.impl.interceptor.LogInterceptor  - --- AcquireTimerJobsCmd finished --------------------------------------------------------
10:47:54,564 [Thread-105] DEBUG org.activiti.engine.impl.interceptor.LogInterceptor  - 

10:47:54,564 [Thread-105] DEBUG org.activiti.engine.impl.asyncexecutor.AcquireTimerJobsRunnable  - timer job acquisition thread sleeping for 50 millis
10:47:54,562 [Thread-111] DEBUG org.activiti.engine.impl.persistence.entity.JobEntity.selectNextTimerJobsToExecute  - ==&gt;  Preparing: select RES.* from ACT_RU_JOB RES LEFT OUTER JOIN ACT_RU_EXECUTION PI ON PI.ID_ = RES.PROCESS_INSTANCE_ID_ where (RES.RETRIES_ &gt; 0) and (RES.DUEDATE_ is null or RES.DUEDATE_ &lt;= ?) and (RES.LOCK_OWNER_ is null or RES.LOCK_EXP_TIME_ &lt;= ?) and TYPE_ = &apos;timer&apos; and ( (RES.EXECUTION_ID_ is null) or (PI.SUSPENSION_STATE_ = 1) ) LIMIT ? OFFSET ? 
10:47:54,564 [Thread-111] DEBUG org.activiti.engine.impl.persistence.entity.JobEntity.selectNextTimerJobsToExecute  - ==&gt; Parameters: 2023-03-20 10:48:50.669(Timestamp), 2023-03-20 10:48:50.669(Timestamp), 1(Integer), 0(Integer)
10:47:54,563 [Thread-102] DEBUG org.apache.ibatis.transaction.jdbc.JdbcTransaction  - Closing JDBC Connection [conn61: url=jdbc:h2:mem:activiti-AsyncExecutorTest user=SA]
10:47:54,564 [Thread-102] DEBUG org.apache.ibatis.datasource.pooled.PooledDataSource  - Returned connection 157985567 to pool.
10:47:54,564 [Thread-102] DEBUG org.activiti.engine.impl.interceptor.LogInterceptor  - --- AcquireTimerJobsCmd finished --------------------------------------------------------
10:47:54,564 [Thread-102] DEBUG org.activiti.engine.impl.interceptor.LogInterceptor  - 

10:47:54,564 [Thread-102] DEBUG org.activiti.engine.impl.asyncexecutor.AcquireTimerJobsRunnable  - timer job acquisition thread sleeping for 50 millis
10:47:54,563 [Thread-103] DEBUG org.apache.ibatis.transaction.jdbc.JdbcTransaction  - Resetting autocommit to true on JDBC Connection [conn59: url=jdbc:h2:mem:activiti-AsyncExecutorTest user=SA]
10:47:54,564 [Thread-103] DEBUG org.apache.ibatis.transaction.jdbc.JdbcTransaction  - Closing JDBC Connection [conn59: url=jdbc:h2:mem:activiti-AsyncExecutorTest user=SA]
10:47:54,564 [Thread-103] DEBUG org.apache.ibatis.datasource.pooled.PooledDataSource  - Returned connection 720039383 to pool.
10:47:54,564 [Thread-103] DEBUG org.activiti.engine.impl.interceptor.LogInterceptor  - --- AcquireAsyncJobsDueCmd finished --------------------------------------------------------
10:47:54,564 [Thread-103] DEBUG org.activiti.engine.impl.interceptor.LogInterceptor  - 

10:47:54,564 [Thread-103] DEBUG org.activiti.engine.impl.asyncexecutor.AcquireAsyncJobsDueRunnable  - async job acquisition thread sleeping for 50 millis
10:47:54,563 [Thread-106] DEBUG org.activiti.engine.impl.persistence.entity.JobEntity.selectAsyncJobsDueToExecute  - ==&gt;  Preparing: select RES.* from ACT_RU_JOB RES LEFT OUTER JOIN ACT_RU_EXECUTION PI ON PI.ID_ = RES.PROCESS_INSTANCE_ID_ where RES.RETRIES_ &gt; 0 and RES.DUEDATE_ is not null and RES.DUEDATE_ &lt;= ? and (RES.LOCK_EXP_TIME_ is null or RES.LOCK_EXP_TIME_ &lt;= ?) and TYPE_ = &apos;message&apos; and ( (RES.EXECUTION_ID_ is null) or (PI.SUSPENSION_STATE_ = 1) ) LIMIT ? OFFSET ? 
10:47:54,564 [Thread-106] DEBUG org.activiti.engine.impl.persistence.entity.JobEntity.selectAsyncJobsDueToExecute  - ==&gt; Parameters: 2023-03-20 10:48:50.669(Timestamp), 2023-03-20 10:48:50.669(Timestamp), 1(Integer), 0(Integer)
10:47:54,564 [Thread-111] DEBUG org.activiti.engine.impl.persistence.entity.JobEntity.selectNextTimerJobsToExecute  - &lt;==      Total: 0
10:47:54,565 [Thread-111] DEBUG org.activiti.engine.impl.db.DbSqlSession  - flush summary: 0 insert, 0 update, 0 delete.
10:47:54,565 [Thread-111] DEBUG org.activiti.engine.impl.db.DbSqlSession  - now executing flush...
10:47:54,565 [Thread-111] DEBUG org.activiti.engine.impl.cfg.standalone.StandaloneMybatisTransactionContext  - firing event committing...
10:47:54,565 [Thread-111] DEBUG org.activiti.engine.impl.cfg.standalone.StandaloneMybatisTransactionContext  - committing the ibatis sql session...
10:47:54,565 [Thread-111] DEBUG org.activiti.engine.impl.cfg.standalone.StandaloneMybatisTransactionContext  - firing event committed...
10:47:54,565 [Thread-111] DEBUG org.apache.ibatis.transaction.jdbc.JdbcTransaction  - Resetting autocommit to true on JDBC Connection [conn69: url=jdbc:h2:mem:activiti-AsyncExecutorTest user=SA]
10:47:54,565 [Thread-111] DEBUG org.apache.ibatis.transaction.jdbc.JdbcTransaction  - Closing JDBC Connection [conn69: url=jdbc:h2:mem:activiti-AsyncExecutorTest user=SA]
10:47:54,565 [Thread-111] DEBUG org.apache.ibatis.datasource.pooled.PooledDataSource  - Returned connection 1863805930 to pool.
10:47:54,565 [Thread-111] DEBUG org.activiti.engine.impl.interceptor.LogInterceptor  - --- AcquireTimerJobsCmd finished --------------------------------------------------------
10:47:54,565 [Thread-111] DEBUG org.activiti.engine.impl.interceptor.LogInterceptor  - 

10:47:54,564 [Thread-106] DEBUG org.activiti.engine.impl.persistence.entity.JobEntity.selectAsyncJobsDueToExecute  - &lt;==      Total: 0
10:47:54,565 [Thread-106] DEBUG org.activiti.engine.impl.db.DbSqlSession  - flush summary: 0 insert, 0 update, 0 delete.
10:47:54,565 [Thread-106] DEBUG org.activiti.engine.impl.db.DbSqlSession  - now executing flush...
10:47:54,565 [Thread-106] DEBUG org.activiti.engine.impl.cfg.standalone.StandaloneMybatisTransactionContext  - firing event committing...
10:47:54,565 [Thread-106] DEBUG org.activiti.engine.impl.cfg.standalone.StandaloneMybatisTransactionContext  - committing the ibatis sql session...
10:47:54,565 [Thread-106] DEBUG org.activiti.engine.impl.cfg.standalone.StandaloneMybatisTransactionContext  - firing event committed...
10:47:54,565 [Thread-106] DEBUG org.apache.ibatis.transaction.jdbc.JdbcTransaction  - Resetting autocommit to true on JDBC Connection [conn64: url=jdbc:h2:mem:activiti-AsyncExecutorTest user=SA]
10:47:54,565 [Thread-111] DEBUG org.activiti.engine.impl.asyncexecutor.AcquireTimerJobsRunnable  - timer job acquisition thread sleeping for 50 millis
10:47:54,565 [Thread-106] DEBUG org.apache.ibatis.transaction.jdbc.JdbcTransaction  - Closing JDBC Connection [conn64: url=jdbc:h2:mem:activiti-AsyncExecutorTest user=SA]
10:47:54,565 [Thread-106] DEBUG org.apache.ibatis.datasource.pooled.PooledDataSource  - Returned connection 54468349 to pool.
10:47:54,565 [Thread-106] DEBUG org.activiti.engine.impl.interceptor.LogInterceptor  - --- AcquireAsyncJobsDueCmd finished --------------------------------------------------------
10:47:54,565 [Thread-106] DEBUG org.activiti.engine.impl.interceptor.LogInterceptor  - 

10:47:54,565 [Thread-106] DEBUG org.activiti.engine.impl.asyncexecutor.AcquireAsyncJobsDueRunnable  - async job acquisition thread sleeping for 50 millis
10:47:54,578 [main] DEBUG org.activiti.engine.impl.interceptor.LogInterceptor  - 

10:47:54,578 [main] DEBUG org.activiti.engine.impl.interceptor.LogInterceptor  - --- starting JobQueryImpl --------------------------------------------------------
10:47:54,578 [main] DEBUG org.apache.ibatis.transaction.jdbc.JdbcTransaction  - Opening JDBC Connection
10:47:54,578 [main] DEBUG org.apache.ibatis.datasource.pooled.PooledDataSource  - Checked out connection 180014677 from pool.
10:47:54,578 [main] DEBUG org.apache.ibatis.transaction.jdbc.JdbcTransaction  - Setting autocommit to false on JDBC Connection [conn3: url=jdbc:h2:mem:activiti user=SA]
10:47:54,578 [main] DEBUG org.activiti.engine.impl.persistence.entity.JobEntity.selectJobByQueryCriteria  - ==&gt;  Preparing: select RES.* from ACT_RU_JOB RES order by order by RES.ID_ asc LIMIT ? OFFSET ? 
10:47:54,578 [main] DEBUG org.activiti.engine.impl.interceptor.CommandContext  - Error while closing command context
org.apache.ibatis.exceptions.PersistenceException: 
### Error querying database.  Cause: org.h2.jdbc.JdbcSQLException: Syntax error in SQL statement &quot;SELECT RES.* 
     
    FROM ACT_RU_JOB RES
     
      
   
     ORDER BY  ORDER[*] BY RES.ID_ ASC  
    LIMIT ? OFFSET ? &quot;; expected &quot;=, NOT, EXISTS, INTERSECTS, SELECT, FROM&quot;; SQL statement:
select RES.* 
     
    from ACT_RU_JOB RES
     
      
   
     order by  order by RES.ID_ asc  
    LIMIT ? OFFSET ? [42001-176]
### The error may exist in org/activiti/db/mapping/entity/Job.xml
### The error may involve org.activiti.engine.impl.persistence.entity.JobEntity.selectJobByQueryCriteria
### The error occurred while executing a query
### SQL: select RES.*            from ACT_RU_JOB RES                       order by  order by RES.ID_ asc       LIMIT ? OFFSET ?
### Cause: org.h2.jdbc.JdbcSQLException: Syntax error in SQL statement &quot;SELECT RES.* 
     
    FROM ACT_RU_JOB RES
     
      
   
     ORDER BY  ORDER[*] BY RES.ID_ ASC  
    LIMIT ? OFFSET ? &quot;; expected &quot;=, NOT, EXISTS, INTERSECTS, SELECT, FROM&quot;; SQL statement:
select RES.* 
     
    from ACT_RU_JOB RES
     
      
   
     order by  order by RES.ID_ asc  
    LIMIT ? OFFSET ? [42001-176]
	at org.apache.ibatis.exceptions.ExceptionFactory.wrapException(ExceptionFactory.java:30)
	at org.apache.ibatis.session.defaults.DefaultSqlSession.selectList(DefaultSqlSession.java:122)
	at org.apache.ibatis.session.defaults.DefaultSqlSession.selectList(DefaultSqlSession.java:113)
	at org.activiti.engine.impl.db.DbSqlSession.selectListWithRawParameter(DbSqlSession.java:438)
	at org.activiti.engine.impl.db.DbSqlSession.selectList(DbSqlSession.java:429)
	at org.activiti.engine.impl.db.DbSqlSession.selectList(DbSqlSession.java:419)
	at org.activiti.engine.impl.persistence.entity.JobEntityManager.findJobsByQueryCriteria(JobEntityManager.java:198)
	at org.activiti.engine.impl.JobQueryImpl.executeList(JobQueryImpl.java:243)
	at org.activiti.engine.impl.AbstractQuery.execute(AbstractQuery.java:164)
	at org.activiti.engine.impl.interceptor.CommandInvoker.execute(CommandInvoker.java:24)
	at org.activiti.engine.impl.interceptor.CommandContextInterceptor.execute(CommandContextInterceptor.java:57)
	at org.activiti.engine.impl.interceptor.LogInterceptor.execute(LogInterceptor.java:37)
	at org.activiti.engine.impl.cfg.CommandExecutorImpl.execute(CommandExecutorImpl.java:40)
	at org.activiti.engine.impl.cfg.CommandExecutorImpl.execute(CommandExecutorImpl.java:35)
	at org.activiti.engine.impl.AbstractQuery.list(AbstractQuery.java:138)
	at org.activiti.engine.impl.test.JobTestHelper.areJobsAvailable(JobTestHelper.java:194)
	at org.activiti.engine.impl.test.JobTestHelper.waitForJobExecutorToProcessAllJobs(JobTestHelper.java:74)
	at org.activiti.engine.impl.test.JobTestHelper.waitForJobExecutorToProcessAllJobs(JobTestHelper.java:47)
	at org.activiti.engine.impl.test.AbstractActivitiTestCase.waitForJobExecutorToProcessAllJobs(AbstractActivitiTestCase.java:204)
	at org.activiti.engine.test.jobexecutor.JobExecutorTest.testBasicJobExecutorOperation(JobExecutorTest.java:53)
	at sun.reflect.NativeMethodAccessorImpl.invoke0(Native Method)
	at sun.reflect.NativeMethodAccessorImpl.invoke(NativeMethodAccessorImpl.java:62)
	at sun.reflect.DelegatingMethodAccessorImpl.invoke(DelegatingMethodAccessorImpl.java:43)
	at java.lang.reflect.Method.invoke(Method.java:498)
	at junit.framework.TestCase.runTest(TestCase.java:176)
	at org.activiti.engine.impl.test.PvmTestCase.runTest(PvmTestCase.java:65)
	at junit.framework.TestCase.runBare(TestCase.java:141)
	at org.activiti.engine.impl.test.AbstractActivitiTestCase.runBare(AbstractActivitiTestCase.java:100)
	at junit.framework.TestResult$1.protect(TestResult.java:122)
	at junit.framework.TestResult.runProtected(TestResult.java:142)
	at junit.framework.TestResult.run(TestResult.java:125)
	at junit.framework.TestCase.run(TestCase.java:129)
	at junit.framework.TestSuite.runTest(TestSuite.java:255)
	at junit.framework.TestSuite.run(TestSuite.java:250)
	at org.junit.internal.runners.JUnit38ClassRunner.run(JUnit38ClassRunner.java:84)
	at org.apache.maven.surefire.junit4.JUnit4TestSet.execute(JUnit4TestSet.java:35)
	at org.apache.maven.surefire.junit4.JUnit4Provider.executeTestSet(JUnit4Provider.java:146)
	at org.apache.maven.surefire.junit4.JUnit4Provider.invoke(JUnit4Provider.java:97)
	at sun.reflect.NativeMethodAccessorImpl.invoke0(Native Method)
	at sun.reflect.NativeMethodAccessorImpl.invoke(NativeMethodAccessorImpl.java:62)
	at sun.reflect.DelegatingMethodAccessorImpl.invoke(DelegatingMethodAccessorImpl.java:43)
	at java.lang.reflect.Method.invoke(Method.java:498)
	at org.apache.maven.surefire.booter.ProviderFactory$ClassLoaderProxy.invoke(ProviderFactory.java:103)
	at com.sun.proxy.$Proxy0.invoke(Unknown Source)
	at org.apache.maven.surefire.booter.SurefireStarter.invokeProvider(SurefireStarter.java:145)
	at org.apache.maven.surefire.booter.SurefireStarter.runSuitesInProcess(SurefireStarter.java:87)
	at org.apache.maven.surefire.booter.ForkedBooter.main(ForkedBooter.java:69)
Caused by: org.h2.jdbc.JdbcSQLException: Syntax error in SQL statement &quot;SELECT RES.* 
     
    FROM ACT_RU_JOB RES
     
      
   
     ORDER BY  ORDER[*] BY RES.ID_ ASC  
    LIMIT ? OFFSET ? &quot;; expected &quot;=, NOT, EXISTS, INTERSECTS, SELECT, FROM&quot;; SQL statement:
select RES.* 
     
    from ACT_RU_JOB RES
     
      
   
     order by  order by RES.ID_ asc  
    LIMIT ? OFFSET ? [42001-176]
	at org.h2.message.DbException.getJdbcSQLException(DbException.java:344)
	at org.h2.message.DbException.getSyntaxError(DbException.java:204)
	at org.h2.command.Parser.getSyntaxError(Parser.java:524)
	at org.h2.command.Parser.readTerm(Parser.java:2688)
	at org.h2.command.Parser.readFactor(Parser.java:2244)
	at org.h2.command.Parser.readSum(Parser.java:2231)
	at org.h2.command.Parser.readConcat(Parser.java:2201)
	at org.h2.command.Parser.readCondition(Parser.java:2051)
	at org.h2.command.Parser.readAnd(Parser.java:2023)
	at org.h2.command.Parser.readExpression(Parser.java:2015)
	at org.h2.command.Parser.parseEndOfQuery(Parser.java:1726)
	at org.h2.command.Parser.parseSelectUnionExtension(Parser.java:1706)
	at org.h2.command.Parser.parseSelectUnion(Parser.java:1675)
	at org.h2.command.Parser.parseSelect(Parser.java:1662)
	at org.h2.command.Parser.parsePrepared(Parser.java:434)
	at org.h2.command.Parser.parse(Parser.java:306)
	at org.h2.command.Parser.parse(Parser.java:282)
	at org.h2.command.Parser.prepareCommand(Parser.java:243)
	at org.h2.engine.Session.prepareLocal(Session.java:442)
	at org.h2.engine.Session.prepareCommand(Session.java:384)
	at org.h2.jdbc.JdbcConnection.prepareCommand(JdbcConnection.java:1188)
	at org.h2.jdbc.JdbcPreparedStatement.&lt;init&gt;(JdbcPreparedStatement.java:73)
	at org.h2.jdbc.JdbcConnection.prepareStatement(JdbcConnection.java:276)
	at sun.reflect.GeneratedMethodAccessor6.invoke(Unknown Source)
	at sun.reflect.DelegatingMethodAccessorImpl.invoke(DelegatingMethodAccessorImpl.java:43)
	at java.lang.reflect.Method.invoke(Method.java:498)
	at org.apache.ibatis.datasource.pooled.PooledConnection.invoke(PooledConnection.java:245)
	at com.sun.proxy.$Proxy12.prepareStatement(Unknown Source)
	at sun.reflect.GeneratedMethodAccessor6.invoke(Unknown Source)
	at sun.reflect.DelegatingMethodAccessorImpl.invoke(DelegatingMethodAccessorImpl.java:43)
	at java.lang.reflect.Method.invoke(Method.java:498)
	at org.apache.ibatis.logging.jdbc.ConnectionLogger.invoke(ConnectionLogger.java:55)
	at com.sun.proxy.$Proxy12.prepareStatement(Unknown Source)
	at org.apache.ibatis.executor.statement.PreparedStatementHandler.instantiateStatement(PreparedStatementHandler.java:79)
	at org.apache.ibatis.executor.statement.BaseStatementHandler.prepare(BaseStatementHandler.java:88)
	at org.apache.ibatis.executor.statement.RoutingStatementHandler.prepare(RoutingStatementHandler.java:58)
	at org.apache.ibatis.executor.SimpleExecutor.prepareStatement(SimpleExecutor.java:76)
	at org.apache.ibatis.executor.SimpleExecutor.doQuery(SimpleExecutor.java:61)
	at org.apache.ibatis.executor.BaseExecutor.queryFromDatabase(BaseExecutor.java:303)
	at org.apache.ibatis.executor.BaseExecutor.query(BaseExecutor.java:154)
	at org.apache.ibatis.executor.CachingExecutor.query(CachingExecutor.java:102)
	at org.apache.ibatis.executor.CachingExecutor.query(CachingExecutor.java:82)
	at org.apache.ibatis.session.defaults.DefaultSqlSession.selectList(DefaultSqlSession.java:120)
	... 45 more
10:47:54,578 [main] DEBUG org.activiti.engine.impl.cfg.standalone.StandaloneMybatisTransactionContext  - firing event rolling back...
10:47:54,578 [main] DEBUG org.activiti.engine.impl.cfg.standalone.StandaloneMybatisTransactionContext  - rolling back ibatis sql session...
10:47:54,578 [main] DEBUG org.activiti.engine.impl.cfg.standalone.StandaloneMybatisTransactionContext  - firing event rolled back...
10:47:54,578 [main] DEBUG org.apache.ibatis.transaction.jdbc.JdbcTransaction  - Resetting autocommit to true on JDBC Connection [conn3: url=jdbc:h2:mem:activiti user=SA]
10:47:54,578 [main] DEBUG org.apache.ibatis.transaction.jdbc.JdbcTransaction  - Closing JDBC Connection [conn3: url=jdbc:h2:mem:activiti user=SA]
10:47:54,578 [main] DEBUG org.apache.ibatis.datasource.pooled.PooledDataSource  - Returned connection 180014677 to pool.
10:47:54,578 [main] DEBUG org.activiti.engine.impl.interceptor.LogInterceptor  - --- JobQueryImpl finished --------------------------------------------------------
10:47:54,578 [main] DEBUG org.activiti.engine.impl.interceptor.LogInterceptor  - 

10:47:54,609 [Thread-112] DEBUG org.activiti.engine.impl.asyncexecutor.AcquireAsyncJobsDueRunnable  - async job acquisition thread woke up
10:47:54,609 [Thread-112] DEBUG org.activiti.engine.impl.interceptor.LogInterceptor  - 

10:47:54,609 [Thread-112] DEBUG org.activiti.engine.impl.interceptor.LogInterceptor  - --- starting AcquireAsyncJobsDueCmd --------------------------------------------------------
10:47:54,609 [Thread-112] DEBUG org.apache.ibatis.transaction.jdbc.JdbcTransaction  - Opening JDBC Connection
10:47:54,609 [Thread-112] DEBUG org.apache.ibatis.datasource.pooled.PooledDataSource  - Checked out connection 604408605 from pool.
10:47:54,609 [Thread-112] DEBUG org.apache.ibatis.transaction.jdbc.JdbcTransaction  - Setting autocommit to false on JDBC Connection [conn70: url=jdbc:h2:mem:activiti-AsyncExecutorTest user=SA]
10:47:54,609 [Thread-112] DEBUG org.activiti.engine.impl.persistence.entity.JobEntity.selectAsyncJobsDueToExecute  - ==&gt;  Preparing: select RES.* from ACT_RU_JOB RES LEFT OUTER JOIN ACT_RU_EXECUTION PI ON PI.ID_ = RES.PROCESS_INSTANCE_ID_ where RES.RETRIES_ &gt; 0 and RES.DUEDATE_ is not null and RES.DUEDATE_ &lt;= ? and (RES.LOCK_EXP_TIME_ is null or RES.LOCK_EXP_TIME_ &lt;= ?) and TYPE_ = &apos;message&apos; and ( (RES.EXECUTION_ID_ is null) or (PI.SUSPENSION_STATE_ = 1) ) LIMIT ? OFFSET ? 
10:47:54,609 [Thread-112] DEBUG org.activiti.engine.impl.persistence.entity.JobEntity.selectAsyncJobsDueToExecute  - ==&gt; Parameters: 2023-03-20 10:48:50.669(Timestamp), 2023-03-20 10:48:50.669(Timestamp), 1(Integer), 0(Integer)
10:47:54,609 [Thread-112] DEBUG org.activiti.engine.impl.persistence.entity.JobEntity.selectAsyncJobsDueToExecute  - &lt;==      Total: 0
10:47:54,609 [Thread-112] DEBUG org.activiti.engine.impl.db.DbSqlSession  - flush summary: 0 insert, 0 update, 0 delete.
10:47:54,609 [Thread-112] DEBUG org.activiti.engine.impl.db.DbSqlSession  - now executing flush...
10:47:54,609 [Thread-112] DEBUG org.activiti.engine.impl.cfg.standalone.StandaloneMybatisTransactionContext  - firing event committing...
10:47:54,609 [Thread-112] DEBUG org.activiti.engine.impl.cfg.standalone.StandaloneMybatisTransactionContext  - committing the ibatis sql session...
10:47:54,609 [Thread-112] DEBUG org.activiti.engine.impl.cfg.standalone.StandaloneMybatisTransactionContext  - firing event committed...
10:47:54,609 [Thread-112] DEBUG org.apache.ibatis.transaction.jdbc.JdbcTransaction  - Resetting autocommit to true on JDBC Connection [conn70: url=jdbc:h2:mem:activiti-AsyncExecutorTest user=SA]
10:47:54,609 [Thread-112] DEBUG org.apache.ibatis.transaction.jdbc.JdbcTransaction  - Closing JDBC Connection [conn70: url=jdbc:h2:mem:activiti-AsyncExecutorTest user=SA]
10:47:54,609 [Thread-112] DEBUG org.apache.ibatis.datasource.pooled.PooledDataSource  - Returned connection 604408605 to pool.
10:47:54,609 [Thread-112] DEBUG org.activiti.engine.impl.interceptor.LogInterceptor  - --- AcquireAsyncJobsDueCmd finished --------------------------------------------------------
10:47:54,609 [Thread-112] DEBUG org.activiti.engine.impl.interceptor.LogInterceptor  - 

10:47:54,609 [Thread-112] DEBUG org.activiti.engine.impl.asyncexecutor.AcquireAsyncJobsDueRunnable  - async job acquisition thread sleeping for 50 millis
10:47:54,625 [Thread-106] DEBUG org.activiti.engine.impl.asyncexecutor.AcquireAsyncJobsDueRunnable  - async job acquisition thread woke up
10:47:54,625 [Thread-106] DEBUG org.activiti.engine.impl.interceptor.LogInterceptor  - 

10:47:54,625 [Thread-105] DEBUG org.activiti.engine.impl.asyncexecutor.AcquireTimerJobsRunnable  - timer job acquisition thread woke up
10:47:54,625 [Thread-105] DEBUG org.activiti.engine.impl.interceptor.LogInterceptor  - 

10:47:54,625 [Thread-105] DEBUG org.activiti.engine.impl.interceptor.LogInterceptor  - --- starting AcquireTimerJobsCmd --------------------------------------------------------
10:47:54,625 [Thread-102] DEBUG org.activiti.engine.impl.asyncexecutor.AcquireTimerJobsRunnable  - timer job acquisition thread woke up
10:47:54,625 [Thread-102] DEBUG org.activiti.engine.impl.interceptor.LogInterceptor  - 

10:47:54,625 [Thread-102] DEBUG org.activiti.engine.impl.interceptor.LogInterceptor  - --- starting AcquireTimerJobsCmd --------------------------------------------------------
10:47:54,625 [Thread-102] DEBUG org.apache.ibatis.transaction.jdbc.JdbcTransaction  - Opening JDBC Connection
10:47:54,625 [Thread-102] DEBUG org.apache.ibatis.datasource.pooled.PooledDataSource  - Checked out connection 33534803 from pool.
10:47:54,625 [Thread-102] DEBUG org.apache.ibatis.transaction.jdbc.JdbcTransaction  - Setting autocommit to false on JDBC Connection [conn60: url=jdbc:h2:mem:activiti-AsyncExecutorTest user=SA]
10:47:54,625 [Thread-102] DEBUG org.activiti.engine.impl.persistence.entity.JobEntity.selectNextTimerJobsToExecute  - ==&gt;  Preparing: select RES.* from ACT_RU_JOB RES LEFT OUTER JOIN ACT_RU_EXECUTION PI ON PI.ID_ = RES.PROCESS_INSTANCE_ID_ where (RES.RETRIES_ &gt; 0) and (RES.DUEDATE_ is null or RES.DUEDATE_ &lt;= ?) and (RES.LOCK_OWNER_ is null or RES.LOCK_EXP_TIME_ &lt;= ?) and TYPE_ = &apos;timer&apos; and ( (RES.EXECUTION_ID_ is null) or (PI.SUSPENSION_STATE_ = 1) ) LIMIT ? OFFSET ? 
10:47:54,625 [Thread-102] DEBUG org.activiti.engine.impl.persistence.entity.JobEntity.selectNextTimerJobsToExecute  - ==&gt; Parameters: 2023-03-20 10:48:50.669(Timestamp), 2023-03-20 10:48:50.669(Timestamp), 1(Integer), 0(Integer)
10:47:54,625 [Thread-103] DEBUG org.activiti.engine.impl.asyncexecutor.AcquireAsyncJobsDueRunnable  - async job acquisition thread woke up
10:47:54,625 [Thread-111] DEBUG org.activiti.engine.impl.asyncexecutor.AcquireTimerJobsRunnable  - timer job acquisition thread woke up
10:47:54,626 [Thread-111] DEBUG org.activiti.engine.impl.interceptor.LogInterceptor  - 

10:47:54,626 [Thread-111] DEBUG org.activiti.engine.impl.interceptor.LogInterceptor  - --- starting AcquireTimerJobsCmd --------------------------------------------------------
10:47:54,626 [Thread-103] DEBUG org.activiti.engine.impl.interceptor.LogInterceptor  - 

10:47:54,626 [Thread-103] DEBUG org.activiti.engine.impl.interceptor.LogInterceptor  - --- starting AcquireAsyncJobsDueCmd --------------------------------------------------------
10:47:54,625 [Thread-102] DEBUG org.activiti.engine.impl.persistence.entity.JobEntity.selectNextTimerJobsToExecute  - &lt;==      Total: 0
10:47:54,626 [Thread-102] DEBUG org.activiti.engine.impl.db.DbSqlSession  - flush summary: 0 insert, 0 update, 0 delete.
10:47:54,626 [Thread-102] DEBUG org.activiti.engine.impl.db.DbSqlSession  - now executing flush...
10:47:54,626 [Thread-102] DEBUG org.activiti.engine.impl.cfg.standalone.StandaloneMybatisTransactionContext  - firing event committing...
10:47:54,626 [Thread-102] DEBUG org.activiti.engine.impl.cfg.standalone.StandaloneMybatisTransactionContext  - committing the ibatis sql session...
10:47:54,626 [Thread-102] DEBUG org.activiti.engine.impl.cfg.standalone.StandaloneMybatisTransactionContext  - firing event committed...
10:47:54,626 [Thread-102] DEBUG org.apache.ibatis.transaction.jdbc.JdbcTransaction  - Resetting autocommit to true on JDBC Connection [conn60: url=jdbc:h2:mem:activiti-AsyncExecutorTest user=SA]
10:47:54,626 [Thread-102] DEBUG org.apache.ibatis.transaction.jdbc.JdbcTransaction  - Closing JDBC Connection [conn60: url=jdbc:h2:mem:activiti-AsyncExecutorTest user=SA]
10:47:54,626 [Thread-102] DEBUG org.apache.ibatis.datasource.pooled.PooledDataSource  - Returned connection 33534803 to pool.
10:47:54,625 [Thread-105] DEBUG org.apache.ibatis.transaction.jdbc.JdbcTransaction  - Opening JDBC Connection
10:47:54,626 [Thread-105] DEBUG org.apache.ibatis.datasource.pooled.PooledDataSource  - Checked out connection 996762054 from pool.
10:47:54,626 [Thread-105] DEBUG org.apache.ibatis.transaction.jdbc.JdbcTransaction  - Setting autocommit to false on JDBC Connection [conn65: url=jdbc:h2:mem:activiti-AsyncExecutorTest user=SA]
10:47:54,626 [Thread-105] DEBUG org.activiti.engine.impl.persistence.entity.JobEntity.selectNextTimerJobsToExecute  - ==&gt;  Preparing: select RES.* from ACT_RU_JOB RES LEFT OUTER JOIN ACT_RU_EXECUTION PI ON PI.ID_ = RES.PROCESS_INSTANCE_ID_ where (RES.RETRIES_ &gt; 0) and (RES.DUEDATE_ is null or RES.DUEDATE_ &lt;= ?) and (RES.LOCK_OWNER_ is null or RES.LOCK_EXP_TIME_ &lt;= ?) and TYPE_ = &apos;timer&apos; and ( (RES.EXECUTION_ID_ is null) or (PI.SUSPENSION_STATE_ = 1) ) LIMIT ? OFFSET ? 
10:47:54,626 [Thread-105] DEBUG org.activiti.engine.impl.persistence.entity.JobEntity.selectNextTimerJobsToExecute  - ==&gt; Parameters: 2023-03-20 10:48:50.669(Timestamp), 2023-03-20 10:48:50.669(Timestamp), 1(Integer), 0(Integer)
10:47:54,626 [Thread-105] DEBUG org.activiti.engine.impl.persistence.entity.JobEntity.selectNextTimerJobsToExecute  - &lt;==      Total: 0
10:47:54,626 [Thread-105] DEBUG org.activiti.engine.impl.db.DbSqlSession  - flush summary: 0 insert, 0 update, 0 delete.
10:47:54,626 [Thread-105] DEBUG org.activiti.engine.impl.db.DbSqlSession  - now executing flush...
10:47:54,626 [Thread-105] DEBUG org.activiti.engine.impl.cfg.standalone.StandaloneMybatisTransactionContext  - firing event committing...
10:47:54,626 [Thread-105] DEBUG org.activiti.engine.impl.cfg.standalone.StandaloneMybatisTransactionContext  - committing the ibatis sql session...
10:47:54,626 [Thread-105] DEBUG org.activiti.engine.impl.cfg.standalone.StandaloneMybatisTransactionContext  - firing event committed...
10:47:54,626 [Thread-105] DEBUG org.apache.ibatis.transaction.jdbc.JdbcTransaction  - Resetting autocommit to true on JDBC Connection [conn65: url=jdbc:h2:mem:activiti-AsyncExecutorTest user=SA]
10:47:54,626 [Thread-105] DEBUG org.apache.ibatis.transaction.jdbc.JdbcTransaction  - Closing JDBC Connection [conn65: url=jdbc:h2:mem:activiti-AsyncExecutorTest user=SA]
10:47:54,626 [Thread-105] DEBUG org.apache.ibatis.datasource.pooled.PooledDataSource  - Returned connection 996762054 to pool.
10:47:54,626 [Thread-105] DEBUG org.activiti.engine.impl.interceptor.LogInterceptor  - --- AcquireTimerJobsCmd finished --------------------------------------------------------
10:47:54,626 [Thread-105] DEBUG org.activiti.engine.impl.interceptor.LogInterceptor  - 

10:47:54,626 [Thread-105] DEBUG org.activiti.engine.impl.asyncexecutor.AcquireTimerJobsRunnable  - timer job acquisition thread sleeping for 50 millis
10:47:54,625 [Thread-106] DEBUG org.activiti.engine.impl.interceptor.LogInterceptor  - --- starting AcquireAsyncJobsDueCmd --------------------------------------------------------
10:47:54,626 [Thread-106] DEBUG org.apache.ibatis.transaction.jdbc.JdbcTransaction  - Opening JDBC Connection
10:47:54,626 [Thread-106] DEBUG org.apache.ibatis.datasource.pooled.PooledDataSource  - Checked out connection 1970103261 from pool.
10:47:54,626 [Thread-102] DEBUG org.activiti.engine.impl.interceptor.LogInterceptor  - --- AcquireTimerJobsCmd finished --------------------------------------------------------
10:47:54,626 [Thread-102] DEBUG org.activiti.engine.impl.interceptor.LogInterceptor  - 

10:47:54,627 [Thread-102] DEBUG org.activiti.engine.impl.asyncexecutor.AcquireTimerJobsRunnable  - timer job acquisition thread sleeping for 50 millis
10:47:54,626 [Thread-103] DEBUG org.apache.ibatis.transaction.jdbc.JdbcTransaction  - Opening JDBC Connection
10:47:54,627 [Thread-103] DEBUG org.apache.ibatis.datasource.pooled.PooledDataSource  - Checked out connection 157985567 from pool.
10:47:54,627 [Thread-103] DEBUG org.apache.ibatis.transaction.jdbc.JdbcTransaction  - Setting autocommit to false on JDBC Connection [conn61: url=jdbc:h2:mem:activiti-AsyncExecutorTest user=SA]
10:47:54,626 [Thread-111] DEBUG org.apache.ibatis.transaction.jdbc.JdbcTransaction  - Opening JDBC Connection
10:47:54,627 [Thread-111] DEBUG org.apache.ibatis.datasource.pooled.PooledDataSource  - Checked out connection 58501658 from pool.
10:47:54,627 [Thread-111] DEBUG org.apache.ibatis.transaction.jdbc.JdbcTransaction  - Setting autocommit to false on JDBC Connection [conn68: url=jdbc:h2:mem:activiti-AsyncExecutorTest user=SA]
10:47:54,627 [Thread-103] DEBUG org.activiti.engine.impl.persistence.entity.JobEntity.selectAsyncJobsDueToExecute  - ==&gt;  Preparing: select RES.* from ACT_RU_JOB RES LEFT OUTER JOIN ACT_RU_EXECUTION PI ON PI.ID_ = RES.PROCESS_INSTANCE_ID_ where RES.RETRIES_ &gt; 0 and RES.DUEDATE_ is not null and RES.DUEDATE_ &lt;= ? and (RES.LOCK_EXP_TIME_ is null or RES.LOCK_EXP_TIME_ &lt;= ?) and TYPE_ = &apos;message&apos; and ( (RES.EXECUTION_ID_ is null) or (PI.SUSPENSION_STATE_ = 1) ) LIMIT ? OFFSET ? 
10:47:54,627 [Thread-103] DEBUG org.activiti.engine.impl.persistence.entity.JobEntity.selectAsyncJobsDueToExecute  - ==&gt; Parameters: 2023-03-20 10:48:50.669(Timestamp), 2023-03-20 10:48:50.669(Timestamp), 1(Integer), 0(Integer)
10:47:54,627 [Thread-103] DEBUG org.activiti.engine.impl.persistence.entity.JobEntity.selectAsyncJobsDueToExecute  - &lt;==      Total: 0
10:47:54,627 [Thread-103] DEBUG org.activiti.engine.impl.db.DbSqlSession  - flush summary: 0 insert, 0 update, 0 delete.
10:47:54,627 [Thread-103] DEBUG org.activiti.engine.impl.db.DbSqlSession  - now executing flush...
10:47:54,627 [Thread-103] DEBUG org.activiti.engine.impl.cfg.standalone.StandaloneMybatisTransactionContext  - firing event committing...
10:47:54,627 [Thread-103] DEBUG org.activiti.engine.impl.cfg.standalone.StandaloneMybatisTransactionContext  - committing the ibatis sql session...
10:47:54,627 [Thread-103] DEBUG org.activiti.engine.impl.cfg.standalone.StandaloneMybatisTransactionContext  - firing event committed...
10:47:54,627 [Thread-103] DEBUG org.apache.ibatis.transaction.jdbc.JdbcTransaction  - Resetting autocommit to true on JDBC Connection [conn61: url=jdbc:h2:mem:activiti-AsyncExecutorTest user=SA]
10:47:54,627 [Thread-103] DEBUG org.apache.ibatis.transaction.jdbc.JdbcTransaction  - Closing JDBC Connection [conn61: url=jdbc:h2:mem:activiti-AsyncExecutorTest user=SA]
10:47:54,627 [Thread-103] DEBUG org.apache.ibatis.datasource.pooled.PooledDataSource  - Returned connection 157985567 to pool.
10:47:54,627 [Thread-103] DEBUG org.activiti.engine.impl.interceptor.LogInterceptor  - --- AcquireAsyncJobsDueCmd finished --------------------------------------------------------
10:47:54,627 [Thread-103] DEBUG org.activiti.engine.impl.interceptor.LogInterceptor  - 

10:47:54,627 [Thread-103] DEBUG org.activiti.engine.impl.asyncexecutor.AcquireAsyncJobsDueRunnable  - async job acquisition thread sleeping for 50 millis
10:47:54,626 [Thread-106] DEBUG org.apache.ibatis.transaction.jdbc.JdbcTransaction  - Setting autocommit to false on JDBC Connection [conn63: url=jdbc:h2:mem:activiti-AsyncExecutorTest user=SA]
10:47:54,627 [Thread-106] DEBUG org.activiti.engine.impl.persistence.entity.JobEntity.selectAsyncJobsDueToExecute  - ==&gt;  Preparing: select RES.* from ACT_RU_JOB RES LEFT OUTER JOIN ACT_RU_EXECUTION PI ON PI.ID_ = RES.PROCESS_INSTANCE_ID_ where RES.RETRIES_ &gt; 0 and RES.DUEDATE_ is not null and RES.DUEDATE_ &lt;= ? and (RES.LOCK_EXP_TIME_ is null or RES.LOCK_EXP_TIME_ &lt;= ?) and TYPE_ = &apos;message&apos; and ( (RES.EXECUTION_ID_ is null) or (PI.SUSPENSION_STATE_ = 1) ) LIMIT ? OFFSET ? 
10:47:54,627 [Thread-106] DEBUG org.activiti.engine.impl.persistence.entity.JobEntity.selectAsyncJobsDueToExecute  - ==&gt; Parameters: 2023-03-20 10:48:50.669(Timestamp), 2023-03-20 10:48:50.669(Timestamp), 1(Integer), 0(Integer)
10:47:54,627 [Thread-106] DEBUG org.activiti.engine.impl.persistence.entity.JobEntity.selectAsyncJobsDueToExecute  - &lt;==      Total: 0
10:47:54,627 [Thread-106] DEBUG org.activiti.engine.impl.db.DbSqlSession  - flush summary: 0 insert, 0 update, 0 delete.
10:47:54,627 [Thread-106] DEBUG org.activiti.engine.impl.db.DbSqlSession  - now executing flush...
10:47:54,627 [Thread-106] DEBUG org.activiti.engine.impl.cfg.standalone.StandaloneMybatisTransactionContext  - firing event committing...
10:47:54,627 [Thread-106] DEBUG org.activiti.engine.impl.cfg.standalone.StandaloneMybatisTransactionContext  - committing the ibatis sql session...
10:47:54,627 [Thread-106] DEBUG org.activiti.engine.impl.cfg.standalone.StandaloneMybatisTransactionContext  - firing event committed...
10:47:54,627 [Thread-106] DEBUG org.apache.ibatis.transaction.jdbc.JdbcTransaction  - Resetting autocommit to true on JDBC Connection [conn63: url=jdbc:h2:mem:activiti-AsyncExecutorTest user=SA]
10:47:54,627 [Thread-106] DEBUG org.apache.ibatis.transaction.jdbc.JdbcTransaction  - Closing JDBC Connection [conn63: url=jdbc:h2:mem:activiti-AsyncExecutorTest user=SA]
10:47:54,627 [Thread-106] DEBUG org.apache.ibatis.datasource.pooled.PooledDataSource  - Returned connection 1970103261 to pool.
10:47:54,627 [Thread-106] DEBUG org.activiti.engine.impl.interceptor.LogInterceptor  - --- AcquireAsyncJobsDueCmd finished --------------------------------------------------------
10:47:54,627 [Thread-106] DEBUG org.activiti.engine.impl.interceptor.LogInterceptor  - 

10:47:54,628 [Thread-106] DEBUG org.activiti.engine.impl.asyncexecutor.AcquireAsyncJobsDueRunnable  - async job acquisition thread sleeping for 50 millis
10:47:54,627 [Thread-111] DEBUG org.activiti.engine.impl.persistence.entity.JobEntity.selectNextTimerJobsToExecute  - ==&gt;  Preparing: select RES.* from ACT_RU_JOB RES LEFT OUTER JOIN ACT_RU_EXECUTION PI ON PI.ID_ = RES.PROCESS_INSTANCE_ID_ where (RES.RETRIES_ &gt; 0) and (RES.DUEDATE_ is null or RES.DUEDATE_ &lt;= ?) and (RES.LOCK_OWNER_ is null or RES.LOCK_EXP_TIME_ &lt;= ?) and TYPE_ = &apos;timer&apos; and ( (RES.EXECUTION_ID_ is null) or (PI.SUSPENSION_STATE_ = 1) ) LIMIT ? OFFSET ? 
10:47:54,628 [Thread-111] DEBUG org.activiti.engine.impl.persistence.entity.JobEntity.selectNextTimerJobsToExecute  - ==&gt; Parameters: 2023-03-20 10:48:50.669(Timestamp), 2023-03-20 10:48:50.669(Timestamp), 1(Integer), 0(Integer)
10:47:54,628 [Thread-111] DEBUG org.activiti.engine.impl.persistence.entity.JobEntity.selectNextTimerJobsToExecute  - &lt;==      Total: 0
10:47:54,628 [Thread-111] DEBUG org.activiti.engine.impl.db.DbSqlSession  - flush summary: 0 insert, 0 update, 0 delete.
10:47:54,628 [Thread-111] DEBUG org.activiti.engine.impl.db.DbSqlSession  - now executing flush...
10:47:54,628 [Thread-111] DEBUG org.activiti.engine.impl.cfg.standalone.StandaloneMybatisTransactionContext  - firing event committing...
10:47:54,628 [Thread-111] DEBUG org.activiti.engine.impl.cfg.standalone.StandaloneMybatisTransactionContext  - committing the ibatis sql session...
10:47:54,628 [Thread-111] DEBUG org.activiti.engine.impl.cfg.standalone.StandaloneMybatisTransactionContext  - firing event committed...
10:47:54,628 [Thread-111] DEBUG org.apache.ibatis.transaction.jdbc.JdbcTransaction  - Resetting autocommit to true on JDBC Connection [conn68: url=jdbc:h2:mem:activiti-AsyncExecutorTest user=SA]
10:47:54,628 [Thread-111] DEBUG org.apache.ibatis.transaction.jdbc.JdbcTransaction  - Closing JDBC Connection [conn68: url=jdbc:h2:mem:activiti-AsyncExecutorTest user=SA]
10:47:54,628 [Thread-111] DEBUG org.apache.ibatis.datasource.pooled.PooledDataSource  - Returned connection 58501658 to pool.
10:47:54,628 [Thread-111] DEBUG org.activiti.engine.impl.interceptor.LogInterceptor  - --- AcquireTimerJobsCmd finished --------------------------------------------------------
10:47:54,628 [Thread-111] DEBUG org.activiti.engine.impl.interceptor.LogInterceptor  - 

10:47:54,628 [Thread-111] DEBUG org.activiti.engine.impl.asyncexecutor.AcquireTimerJobsRunnable  - timer job acquisition thread sleeping for 50 millis
10:47:54,673 [Thread-112] DEBUG org.activiti.engine.impl.asyncexecutor.AcquireAsyncJobsDueRunnable  - async job acquisition thread woke up
10:47:54,673 [Thread-112] DEBUG org.activiti.engine.impl.interceptor.LogInterceptor  - 

10:47:54,673 [Thread-112] DEBUG org.activiti.engine.impl.interceptor.LogInterceptor  - --- starting AcquireAsyncJobsDueCmd --------------------------------------------------------
10:47:54,673 [Thread-112] DEBUG org.apache.ibatis.transaction.jdbc.JdbcTransaction  - Opening JDBC Connection
10:47:54,673 [Thread-112] DEBUG org.apache.ibatis.datasource.pooled.PooledDataSource  - Checked out connection 1863805930 from pool.
10:47:54,673 [Thread-112] DEBUG org.apache.ibatis.transaction.jdbc.JdbcTransaction  - Setting autocommit to false on JDBC Connection [conn69: url=jdbc:h2:mem:activiti-AsyncExecutorTest user=SA]
10:47:54,673 [Thread-112] DEBUG org.activiti.engine.impl.persistence.entity.JobEntity.selectAsyncJobsDueToExecute  - ==&gt;  Preparing: select RES.* from ACT_RU_JOB RES LEFT OUTER JOIN ACT_RU_EXECUTION PI ON PI.ID_ = RES.PROCESS_INSTANCE_ID_ where RES.RETRIES_ &gt; 0 and RES.DUEDATE_ is not null and RES.DUEDATE_ &lt;= ? and (RES.LOCK_EXP_TIME_ is null or RES.LOCK_EXP_TIME_ &lt;= ?) and TYPE_ = &apos;message&apos; and ( (RES.EXECUTION_ID_ is null) or (PI.SUSPENSION_STATE_ = 1) ) LIMIT ? OFFSET ? 
10:47:54,673 [Thread-112] DEBUG org.activiti.engine.impl.persistence.entity.JobEntity.selectAsyncJobsDueToExecute  - ==&gt; Parameters: 2023-03-20 10:48:50.669(Timestamp), 2023-03-20 10:48:50.669(Timestamp), 1(Integer), 0(Integer)
10:47:54,673 [Thread-112] DEBUG org.activiti.engine.impl.persistence.entity.JobEntity.selectAsyncJobsDueToExecute  - &lt;==      Total: 0
10:47:54,673 [Thread-112] DEBUG org.activiti.engine.impl.db.DbSqlSession  - flush summary: 0 insert, 0 update, 0 delete.
10:47:54,673 [Thread-112] DEBUG org.activiti.engine.impl.db.DbSqlSession  - now executing flush...
10:47:54,673 [Thread-112] DEBUG org.activiti.engine.impl.cfg.standalone.StandaloneMybatisTransactionContext  - firing event committing...
10:47:54,673 [Thread-112] DEBUG org.activiti.engine.impl.cfg.standalone.StandaloneMybatisTransactionContext  - committing the ibatis sql session...
10:47:54,673 [Thread-112] DEBUG org.activiti.engine.impl.cfg.standalone.StandaloneMybatisTransactionContext  - firing event committed...
10:47:54,673 [Thread-112] DEBUG org.apache.ibatis.transaction.jdbc.JdbcTransaction  - Resetting autocommit to true on JDBC Connection [conn69: url=jdbc:h2:mem:activiti-AsyncExecutorTest user=SA]
10:47:54,673 [Thread-112] DEBUG org.apache.ibatis.transaction.jdbc.JdbcTransaction  - Closing JDBC Connection [conn69: url=jdbc:h2:mem:activiti-AsyncExecutorTest user=SA]
10:47:54,673 [Thread-112] DEBUG org.apache.ibatis.datasource.pooled.PooledDataSource  - Returned connection 1863805930 to pool.
10:47:54,673 [Thread-112] DEBUG org.activiti.engine.impl.interceptor.LogInterceptor  - --- AcquireAsyncJobsDueCmd finished --------------------------------------------------------
10:47:54,674 [Thread-112] DEBUG org.activiti.engine.impl.interceptor.LogInterceptor  - 

10:47:54,674 [Thread-112] DEBUG org.activiti.engine.impl.asyncexecutor.AcquireAsyncJobsDueRunnable  - async job acquisition thread sleeping for 50 millis
10:47:54,688 [Thread-106] DEBUG org.activiti.engine.impl.asyncexecutor.AcquireAsyncJobsDueRunnable  - async job acquisition thread woke up
10:47:54,688 [Thread-111] DEBUG org.activiti.engine.impl.asyncexecutor.AcquireTimerJobsRunnable  - timer job acquisition thread woke up
10:47:54,688 [Thread-111] DEBUG org.activiti.engine.impl.interceptor.LogInterceptor  - 

10:47:54,688 [Thread-103] DEBUG org.activiti.engine.impl.asyncexecutor.AcquireAsyncJobsDueRunnable  - async job acquisition thread woke up
10:47:54,688 [Thread-103] DEBUG org.activiti.engine.impl.interceptor.LogInterceptor  - 

10:47:54,688 [Thread-103] DEBUG org.activiti.engine.impl.interceptor.LogInterceptor  - --- starting AcquireAsyncJobsDueCmd --------------------------------------------------------
10:47:54,688 [Thread-105] DEBUG org.activiti.engine.impl.asyncexecutor.AcquireTimerJobsRunnable  - timer job acquisition thread woke up
10:47:54,688 [Thread-105] DEBUG org.activiti.engine.impl.interceptor.LogInterceptor  - 

10:47:54,688 [Thread-105] DEBUG org.activiti.engine.impl.interceptor.LogInterceptor  - --- starting AcquireTimerJobsCmd --------------------------------------------------------
10:47:54,688 [Thread-105] DEBUG org.apache.ibatis.transaction.jdbc.JdbcTransaction  - Opening JDBC Connection
10:47:54,688 [Thread-102] DEBUG org.activiti.engine.impl.asyncexecutor.AcquireTimerJobsRunnable  - timer job acquisition thread woke up
10:47:54,688 [Thread-102] DEBUG org.activiti.engine.impl.interceptor.LogInterceptor  - 

10:47:54,688 [Thread-102] DEBUG org.activiti.engine.impl.interceptor.LogInterceptor  - --- starting AcquireTimerJobsCmd --------------------------------------------------------
10:47:54,688 [Thread-102] DEBUG org.apache.ibatis.transaction.jdbc.JdbcTransaction  - Opening JDBC Connection
10:47:54,688 [Thread-102] DEBUG org.apache.ibatis.datasource.pooled.PooledDataSource  - Checked out connection 720039383 from pool.
10:47:54,688 [Thread-102] DEBUG org.apache.ibatis.transaction.jdbc.JdbcTransaction  - Setting autocommit to false on JDBC Connection [conn59: url=jdbc:h2:mem:activiti-AsyncExecutorTest user=SA]
10:47:54,688 [Thread-102] DEBUG org.activiti.engine.impl.persistence.entity.JobEntity.selectNextTimerJobsToExecute  - ==&gt;  Preparing: select RES.* from ACT_RU_JOB RES LEFT OUTER JOIN ACT_RU_EXECUTION PI ON PI.ID_ = RES.PROCESS_INSTANCE_ID_ where (RES.RETRIES_ &gt; 0) and (RES.DUEDATE_ is null or RES.DUEDATE_ &lt;= ?) and (RES.LOCK_OWNER_ is null or RES.LOCK_EXP_TIME_ &lt;= ?) and TYPE_ = &apos;timer&apos; and ( (RES.EXECUTION_ID_ is null) or (PI.SUSPENSION_STATE_ = 1) ) LIMIT ? OFFSET ? 
10:47:54,688 [Thread-105] DEBUG org.apache.ibatis.datasource.pooled.PooledDataSource  - Checked out connection 54468349 from pool.
10:47:54,688 [Thread-105] DEBUG org.apache.ibatis.transaction.jdbc.JdbcTransaction  - Setting autocommit to false on JDBC Connection [conn64: url=jdbc:h2:mem:activiti-AsyncExecutorTest user=SA]
10:47:54,689 [Thread-105] DEBUG org.activiti.engine.impl.persistence.entity.JobEntity.selectNextTimerJobsToExecute  - ==&gt;  Preparing: select RES.* from ACT_RU_JOB RES LEFT OUTER JOIN ACT_RU_EXECUTION PI ON PI.ID_ = RES.PROCESS_INSTANCE_ID_ where (RES.RETRIES_ &gt; 0) and (RES.DUEDATE_ is null or RES.DUEDATE_ &lt;= ?) and (RES.LOCK_OWNER_ is null or RES.LOCK_EXP_TIME_ &lt;= ?) and TYPE_ = &apos;timer&apos; and ( (RES.EXECUTION_ID_ is null) or (PI.SUSPENSION_STATE_ = 1) ) LIMIT ? OFFSET ? 
10:47:54,689 [Thread-105] DEBUG org.activiti.engine.impl.persistence.entity.JobEntity.selectNextTimerJobsToExecute  - ==&gt; Parameters: 2023-03-20 10:48:50.669(Timestamp), 2023-03-20 10:48:50.669(Timestamp), 1(Integer), 0(Integer)
10:47:54,688 [Thread-103] DEBUG org.apache.ibatis.transaction.jdbc.JdbcTransaction  - Opening JDBC Connection
10:47:54,689 [Thread-103] DEBUG org.apache.ibatis.datasource.pooled.PooledDataSource  - Checked out connection 33534803 from pool.
10:47:54,689 [Thread-103] DEBUG org.apache.ibatis.transaction.jdbc.JdbcTransaction  - Setting autocommit to false on JDBC Connection [conn60: url=jdbc:h2:mem:activiti-AsyncExecutorTest user=SA]
10:47:54,689 [Thread-103] DEBUG org.activiti.engine.impl.persistence.entity.JobEntity.selectAsyncJobsDueToExecute  - ==&gt;  Preparing: select RES.* from ACT_RU_JOB RES LEFT OUTER JOIN ACT_RU_EXECUTION PI ON PI.ID_ = RES.PROCESS_INSTANCE_ID_ where RES.RETRIES_ &gt; 0 and RES.DUEDATE_ is not null and RES.DUEDATE_ &lt;= ? and (RES.LOCK_EXP_TIME_ is null or RES.LOCK_EXP_TIME_ &lt;= ?) and TYPE_ = &apos;message&apos; and ( (RES.EXECUTION_ID_ is null) or (PI.SUSPENSION_STATE_ = 1) ) LIMIT ? OFFSET ? 
10:47:54,688 [Thread-111] DEBUG org.activiti.engine.impl.interceptor.LogInterceptor  - --- starting AcquireTimerJobsCmd --------------------------------------------------------
10:47:54,689 [Thread-111] DEBUG org.apache.ibatis.transaction.jdbc.JdbcTransaction  - Opening JDBC Connection
10:47:54,689 [Thread-111] DEBUG org.apache.ibatis.datasource.pooled.PooledDataSource  - Checked out connection 604408605 from pool.
10:47:54,689 [Thread-111] DEBUG org.apache.ibatis.transaction.jdbc.JdbcTransaction  - Setting autocommit to false on JDBC Connection [conn70: url=jdbc:h2:mem:activiti-AsyncExecutorTest user=SA]
10:47:54,689 [Thread-111] DEBUG org.activiti.engine.impl.persistence.entity.JobEntity.selectNextTimerJobsToExecute  - ==&gt;  Preparing: select RES.* from ACT_RU_JOB RES LEFT OUTER JOIN ACT_RU_EXECUTION PI ON PI.ID_ = RES.PROCESS_INSTANCE_ID_ where (RES.RETRIES_ &gt; 0) and (RES.DUEDATE_ is null or RES.DUEDATE_ &lt;= ?) and (RES.LOCK_OWNER_ is null or RES.LOCK_EXP_TIME_ &lt;= ?) and TYPE_ = &apos;timer&apos; and ( (RES.EXECUTION_ID_ is null) or (PI.SUSPENSION_STATE_ = 1) ) LIMIT ? OFFSET ? 
10:47:54,689 [Thread-111] DEBUG org.activiti.engine.impl.persistence.entity.JobEntity.selectNextTimerJobsToExecute  - ==&gt; Parameters: 2023-03-20 10:48:50.669(Timestamp), 2023-03-20 10:48:50.669(Timestamp), 1(Integer), 0(Integer)
10:47:54,688 [Thread-106] DEBUG org.activiti.engine.impl.interceptor.LogInterceptor  - 

10:47:54,689 [Thread-106] DEBUG org.activiti.engine.impl.interceptor.LogInterceptor  - --- starting AcquireAsyncJobsDueCmd --------------------------------------------------------
10:47:54,689 [Thread-106] DEBUG org.apache.ibatis.transaction.jdbc.JdbcTransaction  - Opening JDBC Connection
10:47:54,689 [Thread-111] DEBUG org.activiti.engine.impl.persistence.entity.JobEntity.selectNextTimerJobsToExecute  - &lt;==      Total: 0
10:47:54,689 [Thread-111] DEBUG org.activiti.engine.impl.db.DbSqlSession  - flush summary: 0 insert, 0 update, 0 delete.
10:47:54,689 [Thread-111] DEBUG org.activiti.engine.impl.db.DbSqlSession  - now executing flush...
10:47:54,689 [Thread-103] DEBUG org.activiti.engine.impl.persistence.entity.JobEntity.selectAsyncJobsDueToExecute  - ==&gt; Parameters: 2023-03-20 10:48:50.669(Timestamp), 2023-03-20 10:48:50.669(Timestamp), 1(Integer), 0(Integer)
10:47:54,689 [Thread-103] DEBUG org.activiti.engine.impl.persistence.entity.JobEntity.selectAsyncJobsDueToExecute  - &lt;==      Total: 0
10:47:54,689 [Thread-103] DEBUG org.activiti.engine.impl.db.DbSqlSession  - flush summary: 0 insert, 0 update, 0 delete.
10:47:54,689 [Thread-103] DEBUG org.activiti.engine.impl.db.DbSqlSession  - now executing flush...
10:47:54,689 [Thread-103] DEBUG org.activiti.engine.impl.cfg.standalone.StandaloneMybatisTransactionContext  - firing event committing...
10:47:54,689 [Thread-103] DEBUG org.activiti.engine.impl.cfg.standalone.StandaloneMybatisTransactionContext  - committing the ibatis sql session...
10:47:54,689 [Thread-103] DEBUG org.activiti.engine.impl.cfg.standalone.StandaloneMybatisTransactionContext  - firing event committed...
10:47:54,689 [Thread-103] DEBUG org.apache.ibatis.transaction.jdbc.JdbcTransaction  - Resetting autocommit to true on JDBC Connection [conn60: url=jdbc:h2:mem:activiti-AsyncExecutorTest user=SA]
10:47:54,689 [Thread-103] DEBUG org.apache.ibatis.transaction.jdbc.JdbcTransaction  - Closing JDBC Connection [conn60: url=jdbc:h2:mem:activiti-AsyncExecutorTest user=SA]
10:47:54,689 [Thread-103] DEBUG org.apache.ibatis.datasource.pooled.PooledDataSource  - Returned connection 33534803 to pool.
10:47:54,689 [Thread-103] DEBUG org.activiti.engine.impl.interceptor.LogInterceptor  - --- AcquireAsyncJobsDueCmd finished --------------------------------------------------------
10:47:54,689 [Thread-103] DEBUG org.activiti.engine.impl.interceptor.LogInterceptor  - 

10:47:54,689 [Thread-103] DEBUG org.activiti.engine.impl.asyncexecutor.AcquireAsyncJobsDueRunnable  - async job acquisition thread sleeping for 50 millis
10:47:54,689 [Thread-105] DEBUG org.activiti.engine.impl.persistence.entity.JobEntity.selectNextTimerJobsToExecute  - &lt;==      Total: 0
10:47:54,689 [Thread-105] DEBUG org.activiti.engine.impl.db.DbSqlSession  - flush summary: 0 insert, 0 update, 0 delete.
10:47:54,689 [Thread-105] DEBUG org.activiti.engine.impl.db.DbSqlSession  - now executing flush...
10:47:54,689 [Thread-105] DEBUG org.activiti.engine.impl.cfg.standalone.StandaloneMybatisTransactionContext  - firing event committing...
10:47:54,690 [Thread-105] DEBUG org.activiti.engine.impl.cfg.standalone.StandaloneMybatisTransactionContext  - committing the ibatis sql session...
10:47:54,690 [Thread-105] DEBUG org.activiti.engine.impl.cfg.standalone.StandaloneMybatisTransactionContext  - firing event committed...
10:47:54,690 [Thread-105] DEBUG org.apache.ibatis.transaction.jdbc.JdbcTransaction  - Resetting autocommit to true on JDBC Connection [conn64: url=jdbc:h2:mem:activiti-AsyncExecutorTest user=SA]
10:47:54,688 [Thread-102] DEBUG org.activiti.engine.impl.persistence.entity.JobEntity.selectNextTimerJobsToExecute  - ==&gt; Parameters: 2023-03-20 10:48:50.669(Timestamp), 2023-03-20 10:48:50.669(Timestamp), 1(Integer), 0(Integer)
10:47:54,690 [Thread-105] DEBUG org.apache.ibatis.transaction.jdbc.JdbcTransaction  - Closing JDBC Connection [conn64: url=jdbc:h2:mem:activiti-AsyncExecutorTest user=SA]
10:47:54,689 [Thread-111] DEBUG org.activiti.engine.impl.cfg.standalone.StandaloneMybatisTransactionContext  - firing event committing...
10:47:54,690 [Thread-111] DEBUG org.activiti.engine.impl.cfg.standalone.StandaloneMybatisTransactionContext  - committing the ibatis sql session...
10:47:54,690 [Thread-111] DEBUG org.activiti.engine.impl.cfg.standalone.StandaloneMybatisTransactionContext  - firing event committed...
10:47:54,690 [Thread-111] DEBUG org.apache.ibatis.transaction.jdbc.JdbcTransaction  - Resetting autocommit to true on JDBC Connection [conn70: url=jdbc:h2:mem:activiti-AsyncExecutorTest user=SA]
10:47:54,689 [Thread-106] DEBUG org.apache.ibatis.datasource.pooled.PooledDataSource  - Checked out connection 996762054 from pool.
10:47:54,690 [Thread-106] DEBUG org.apache.ibatis.transaction.jdbc.JdbcTransaction  - Setting autocommit to false on JDBC Connection [conn65: url=jdbc:h2:mem:activiti-AsyncExecutorTest user=SA]
10:47:54,690 [Thread-106] DEBUG org.activiti.engine.impl.persistence.entity.JobEntity.selectAsyncJobsDueToExecute  - ==&gt;  Preparing: select RES.* from ACT_RU_JOB RES LEFT OUTER JOIN ACT_RU_EXECUTION PI ON PI.ID_ = RES.PROCESS_INSTANCE_ID_ where RES.RETRIES_ &gt; 0 and RES.DUEDATE_ is not null and RES.DUEDATE_ &lt;= ? and (RES.LOCK_EXP_TIME_ is null or RES.LOCK_EXP_TIME_ &lt;= ?) and TYPE_ = &apos;message&apos; and ( (RES.EXECUTION_ID_ is null) or (PI.SUSPENSION_STATE_ = 1) ) LIMIT ? OFFSET ? 
10:47:54,690 [Thread-111] DEBUG org.apache.ibatis.transaction.jdbc.JdbcTransaction  - Closing JDBC Connection [conn70: url=jdbc:h2:mem:activiti-AsyncExecutorTest user=SA]
10:47:54,690 [Thread-111] DEBUG org.apache.ibatis.datasource.pooled.PooledDataSource  - Returned connection 604408605 to pool.
10:47:54,690 [Thread-111] DEBUG org.activiti.engine.impl.interceptor.LogInterceptor  - --- AcquireTimerJobsCmd finished --------------------------------------------------------
10:47:54,690 [Thread-111] DEBUG org.activiti.engine.impl.interceptor.LogInterceptor  - 

10:47:54,690 [Thread-111] DEBUG org.activiti.engine.impl.asyncexecutor.AcquireTimerJobsRunnable  - timer job acquisition thread sleeping for 50 millis
10:47:54,690 [Thread-102] DEBUG org.activiti.engine.impl.persistence.entity.JobEntity.selectNextTimerJobsToExecute  - &lt;==      Total: 0
10:47:54,690 [Thread-102] DEBUG org.activiti.engine.impl.db.DbSqlSession  - flush summary: 0 insert, 0 update, 0 delete.
10:47:54,690 [Thread-102] DEBUG org.activiti.engine.impl.db.DbSqlSession  - now executing flush...
10:47:54,690 [Thread-102] DEBUG org.activiti.engine.impl.cfg.standalone.StandaloneMybatisTransactionContext  - firing event committing...
10:47:54,690 [Thread-102] DEBUG org.activiti.engine.impl.cfg.standalone.StandaloneMybatisTransactionContext  - committing the ibatis sql session...
10:47:54,690 [Thread-102] DEBUG org.activiti.engine.impl.cfg.standalone.StandaloneMybatisTransactionContext  - firing event committed...
10:47:54,690 [Thread-102] DEBUG org.apache.ibatis.transaction.jdbc.JdbcTransaction  - Resetting autocommit to true on JDBC Connection [conn59: url=jdbc:h2:mem:activiti-AsyncExecutorTest user=SA]
10:47:54,690 [Thread-102] DEBUG org.apache.ibatis.transaction.jdbc.JdbcTransaction  - Closing JDBC Connection [conn59: url=jdbc:h2:mem:activiti-AsyncExecutorTest user=SA]
10:47:54,690 [Thread-102] DEBUG org.apache.ibatis.datasource.pooled.PooledDataSource  - Returned connection 720039383 to pool.
10:47:54,690 [Thread-105] DEBUG org.apache.ibatis.datasource.pooled.PooledDataSource  - Returned connection 54468349 to pool.
10:47:54,690 [Thread-105] DEBUG org.activiti.engine.impl.interceptor.LogInterceptor  - --- AcquireTimerJobsCmd finished --------------------------------------------------------
10:47:54,690 [Thread-105] DEBUG org.activiti.engine.impl.interceptor.LogInterceptor  - 

10:47:54,690 [Thread-105] DEBUG org.activiti.engine.impl.asyncexecutor.AcquireTimerJobsRunnable  - timer job acquisition thread sleeping for 50 millis
10:47:54,690 [Thread-106] DEBUG org.activiti.engine.impl.persistence.entity.JobEntity.selectAsyncJobsDueToExecute  - ==&gt; Parameters: 2023-03-20 10:48:50.669(Timestamp), 2023-03-20 10:48:50.669(Timestamp), 1(Integer), 0(Integer)
10:47:54,690 [Thread-102] DEBUG org.activiti.engine.impl.interceptor.LogInterceptor  - --- AcquireTimerJobsCmd finished --------------------------------------------------------
10:47:54,691 [Thread-102] DEBUG org.activiti.engine.impl.interceptor.LogInterceptor  - 

10:47:54,691 [Thread-102] DEBUG org.activiti.engine.impl.asyncexecutor.AcquireTimerJobsRunnable  - timer job acquisition thread sleeping for 50 millis
10:47:54,691 [Thread-106] DEBUG org.activiti.engine.impl.persistence.entity.JobEntity.selectAsyncJobsDueToExecute  - &lt;==      Total: 0
10:47:54,691 [Thread-106] DEBUG org.activiti.engine.impl.db.DbSqlSession  - flush summary: 0 insert, 0 update, 0 delete.
10:47:54,691 [Thread-106] DEBUG org.activiti.engine.impl.db.DbSqlSession  - now executing flush...
10:47:54,691 [Thread-106] DEBUG org.activiti.engine.impl.cfg.standalone.StandaloneMybatisTransactionContext  - firing event committing...
10:47:54,691 [Thread-106] DEBUG org.activiti.engine.impl.cfg.standalone.StandaloneMybatisTransactionContext  - committing the ibatis sql session...
10:47:54,691 [Thread-106] DEBUG org.activiti.engine.impl.cfg.standalone.StandaloneMybatisTransactionContext  - firing event committed...
10:47:54,691 [Thread-106] DEBUG org.apache.ibatis.transaction.jdbc.JdbcTransaction  - Resetting autocommit to true on JDBC Connection [conn65: url=jdbc:h2:mem:activiti-AsyncExecutorTest user=SA]
10:47:54,691 [Thread-106] DEBUG org.apache.ibatis.transaction.jdbc.JdbcTransaction  - Closing JDBC Connection [conn65: url=jdbc:h2:mem:activiti-AsyncExecutorTest user=SA]
10:47:54,691 [Thread-106] DEBUG org.apache.ibatis.datasource.pooled.PooledDataSource  - Returned connection 996762054 to pool.
10:47:54,691 [Thread-106] DEBUG org.activiti.engine.impl.interceptor.LogInterceptor  - --- AcquireAsyncJobsDueCmd finished --------------------------------------------------------
10:47:54,691 [Thread-106] DEBUG org.activiti.engine.impl.interceptor.LogInterceptor  - 

10:47:54,691 [Thread-106] DEBUG org.activiti.engine.impl.asyncexecutor.AcquireAsyncJobsDueRunnable  - async job acquisition thread sleeping for 50 millis
10:47:54,704 [Thread-118] DEBUG org.activiti.engine.impl.asyncexecutor.AcquireAsyncJobsDueRunnable  - async job acquisition thread woke up
10:47:54,704 [Thread-118] DEBUG org.activiti.engine.impl.interceptor.LogInterceptor  - 

10:47:54,704 [Thread-118] DEBUG org.activiti.engine.impl.interceptor.LogInterceptor  - --- starting AcquireAsyncJobsDueCmd --------------------------------------------------------
10:47:54,704 [Thread-118] DEBUG org.apache.ibatis.transaction.jdbc.JdbcTransaction  - Opening JDBC Connection
10:47:54,704 [Thread-118] DEBUG org.apache.ibatis.datasource.pooled.PooledDataSource  - Checked out connection 297240765 from pool.
10:47:54,704 [Thread-118] DEBUG org.apache.ibatis.transaction.jdbc.JdbcTransaction  - Setting autocommit to false on JDBC Connection [conn4: url=jdbc:h2:mem:activiti user=SA]
10:47:54,704 [Thread-118] DEBUG org.activiti.engine.impl.persistence.entity.JobEntity.selectAsyncJobsDueToExecute  - ==&gt;  Preparing: select RES.* from ACT_RU_JOB RES LEFT OUTER JOIN ACT_RU_EXECUTION PI ON PI.ID_ = RES.PROCESS_INSTANCE_ID_ where RES.RETRIES_ &gt; 0 and RES.DUEDATE_ is not null and RES.DUEDATE_ &lt;= ? and (RES.LOCK_EXP_TIME_ is null or RES.LOCK_EXP_TIME_ &lt;= ?) and TYPE_ = &apos;message&apos; and ( (RES.EXECUTION_ID_ is null) or (PI.SUSPENSION_STATE_ = 1) ) LIMIT ? OFFSET ? 
10:47:54,704 [Thread-118] DEBUG org.activiti.engine.impl.persistence.entity.JobEntity.selectAsyncJobsDueToExecute  - ==&gt; Parameters: 2023-03-20 10:48:50.669(Timestamp), 2023-03-20 10:48:50.669(Timestamp), 1(Integer), 0(Integer)
10:47:54,704 [Thread-118] DEBUG org.activiti.engine.impl.persistence.entity.JobEntity.selectAsyncJobsDueToExecute  - &lt;==      Total: 0
10:47:54,704 [Thread-118] DEBUG org.activiti.engine.impl.db.DbSqlSession  - flush summary: 0 insert, 0 update, 0 delete.
10:47:54,704 [Thread-118] DEBUG org.activiti.engine.impl.db.DbSqlSession  - now executing flush...
10:47:54,704 [Thread-118] DEBUG org.activiti.engine.impl.cfg.standalone.StandaloneMybatisTransactionContext  - firing event committing...
10:47:54,704 [Thread-118] DEBUG org.activiti.engine.impl.cfg.standalone.StandaloneMybatisTransactionContext  - committing the ibatis sql session...
10:47:54,704 [Thread-118] DEBUG org.activiti.engine.impl.cfg.standalone.StandaloneMybatisTransactionContext  - firing event committed...
10:47:54,704 [Thread-118] DEBUG org.apache.ibatis.transaction.jdbc.JdbcTransaction  - Resetting autocommit to true on JDBC Connection [conn4: url=jdbc:h2:mem:activiti user=SA]
10:47:54,704 [Thread-118] DEBUG org.apache.ibatis.transaction.jdbc.JdbcTransaction  - Closing JDBC Connection [conn4: url=jdbc:h2:mem:activiti user=SA]
10:47:54,704 [Thread-118] DEBUG org.apache.ibatis.datasource.pooled.PooledDataSource  - Returned connection 297240765 to pool.
10:47:54,704 [Thread-118] DEBUG org.activiti.engine.impl.interceptor.LogInterceptor  - --- AcquireAsyncJobsDueCmd finished --------------------------------------------------------
10:47:54,704 [Thread-118] DEBUG org.activiti.engine.impl.interceptor.LogInterceptor  - 

10:47:54,704 [Thread-118] DEBUG org.activiti.engine.impl.asyncexecutor.AcquireAsyncJobsDueRunnable  - async job acquisition thread sleeping for 1000 millis
10:47:54,720 [Thread-117] DEBUG org.activiti.engine.impl.asyncexecutor.AcquireTimerJobsRunnable  - timer job acquisition thread woke up
10:47:54,720 [Thread-117] DEBUG org.activiti.engine.impl.interceptor.LogInterceptor  - 

10:47:54,720 [Thread-117] DEBUG org.activiti.engine.impl.interceptor.LogInterceptor  - --- starting AcquireTimerJobsCmd --------------------------------------------------------
10:47:54,720 [Thread-117] DEBUG org.apache.ibatis.transaction.jdbc.JdbcTransaction  - Opening JDBC Connection
10:47:54,720 [Thread-117] DEBUG org.apache.ibatis.datasource.pooled.PooledDataSource  - Checked out connection 486346394 from pool.
10:47:54,720 [Thread-117] DEBUG org.apache.ibatis.transaction.jdbc.JdbcTransaction  - Setting autocommit to false on JDBC Connection [conn6: url=jdbc:h2:mem:activiti user=SA]
10:47:54,720 [Thread-117] DEBUG org.activiti.engine.impl.persistence.entity.JobEntity.selectNextTimerJobsToExecute  - ==&gt;  Preparing: select RES.* from ACT_RU_JOB RES LEFT OUTER JOIN ACT_RU_EXECUTION PI ON PI.ID_ = RES.PROCESS_INSTANCE_ID_ where (RES.RETRIES_ &gt; 0) and (RES.DUEDATE_ is null or RES.DUEDATE_ &lt;= ?) and (RES.LOCK_OWNER_ is null or RES.LOCK_EXP_TIME_ &lt;= ?) and TYPE_ = &apos;timer&apos; and ( (RES.EXECUTION_ID_ is null) or (PI.SUSPENSION_STATE_ = 1) ) LIMIT ? OFFSET ? 
10:47:54,720 [Thread-117] DEBUG org.activiti.engine.impl.persistence.entity.JobEntity.selectNextTimerJobsToExecute  - ==&gt; Parameters: 2023-03-20 10:48:50.669(Timestamp), 2023-03-20 10:48:50.669(Timestamp), 1(Integer), 0(Integer)
10:47:54,720 [Thread-117] DEBUG org.activiti.engine.impl.persistence.entity.JobEntity.selectNextTimerJobsToExecute  - &lt;==      Total: 0
10:47:54,720 [Thread-117] DEBUG org.activiti.engine.impl.db.DbSqlSession  - flush summary: 0 insert, 0 update, 0 delete.
10:47:54,720 [Thread-117] DEBUG org.activiti.engine.impl.db.DbSqlSession  - now executing flush...
10:47:54,720 [Thread-117] DEBUG org.activiti.engine.impl.cfg.standalone.StandaloneMybatisTransactionContext  - firing event committing...
10:47:54,720 [Thread-117] DEBUG org.activiti.engine.impl.cfg.standalone.StandaloneMybatisTransactionContext  - committing the ibatis sql session...
10:47:54,720 [Thread-117] DEBUG org.activiti.engine.impl.cfg.standalone.StandaloneMybatisTransactionContext  - firing event committed...
10:47:54,720 [Thread-117] DEBUG org.apache.ibatis.transaction.jdbc.JdbcTransaction  - Resetting autocommit to true on JDBC Connection [conn6: url=jdbc:h2:mem:activiti user=SA]
10:47:54,720 [Thread-117] DEBUG org.apache.ibatis.transaction.jdbc.JdbcTransaction  - Closing JDBC Connection [conn6: url=jdbc:h2:mem:activiti user=SA]
10:47:54,720 [Thread-117] DEBUG org.apache.ibatis.datasource.pooled.PooledDataSource  - Returned connection 486346394 to pool.
10:47:54,720 [Thread-117] DEBUG org.activiti.engine.impl.interceptor.LogInterceptor  - --- AcquireTimerJobsCmd finished --------------------------------------------------------
10:47:54,720 [Thread-117] DEBUG org.activiti.engine.impl.interceptor.LogInterceptor  - 

10:47:54,720 [Thread-117] DEBUG org.activiti.engine.impl.asyncexecutor.AcquireTimerJobsRunnable  - timer job acquisition thread sleeping for 1000 millis
10:47:54,736 [Thread-112] DEBUG org.activiti.engine.impl.asyncexecutor.AcquireAsyncJobsDueRunnable  - async job acquisition thread woke up
10:47:54,736 [Thread-112] DEBUG org.activiti.engine.impl.interceptor.LogInterceptor  - 

10:47:54,736 [Thread-112] DEBUG org.activiti.engine.impl.interceptor.LogInterceptor  - --- starting AcquireAsyncJobsDueCmd --------------------------------------------------------
10:47:54,736 [Thread-112] DEBUG org.apache.ibatis.transaction.jdbc.JdbcTransaction  - Opening JDBC Connection
10:47:54,736 [Thread-112] DEBUG org.apache.ibatis.datasource.pooled.PooledDataSource  - Checked out connection 58501658 from pool.
10:47:54,736 [Thread-112] DEBUG org.apache.ibatis.transaction.jdbc.JdbcTransaction  - Setting autocommit to false on JDBC Connection [conn68: url=jdbc:h2:mem:activiti-AsyncExecutorTest user=SA]
10:47:54,736 [Thread-112] DEBUG org.activiti.engine.impl.persistence.entity.JobEntity.selectAsyncJobsDueToExecute  - ==&gt;  Preparing: select RES.* from ACT_RU_JOB RES LEFT OUTER JOIN ACT_RU_EXECUTION PI ON PI.ID_ = RES.PROCESS_INSTANCE_ID_ where RES.RETRIES_ &gt; 0 and RES.DUEDATE_ is not null and RES.DUEDATE_ &lt;= ? and (RES.LOCK_EXP_TIME_ is null or RES.LOCK_EXP_TIME_ &lt;= ?) and TYPE_ = &apos;message&apos; and ( (RES.EXECUTION_ID_ is null) or (PI.SUSPENSION_STATE_ = 1) ) LIMIT ? OFFSET ? 
10:47:54,736 [Thread-112] DEBUG org.activiti.engine.impl.persistence.entity.JobEntity.selectAsyncJobsDueToExecute  - ==&gt; Parameters: 2023-03-20 10:48:50.669(Timestamp), 2023-03-20 10:48:50.669(Timestamp), 1(Integer), 0(Integer)
10:47:54,736 [Thread-112] DEBUG org.activiti.engine.impl.persistence.entity.JobEntity.selectAsyncJobsDueToExecute  - &lt;==      Total: 0
10:47:54,736 [Thread-112] DEBUG org.activiti.engine.impl.db.DbSqlSession  - flush summary: 0 insert, 0 update, 0 delete.
10:47:54,736 [Thread-112] DEBUG org.activiti.engine.impl.db.DbSqlSession  - now executing flush...
10:47:54,736 [Thread-112] DEBUG org.activiti.engine.impl.cfg.standalone.StandaloneMybatisTransactionContext  - firing event committing...
10:47:54,736 [Thread-112] DEBUG org.activiti.engine.impl.cfg.standalone.StandaloneMybatisTransactionContext  - committing the ibatis sql session...
10:47:54,736 [Thread-112] DEBUG org.activiti.engine.impl.cfg.standalone.StandaloneMybatisTransactionContext  - firing event committed...
10:47:54,736 [Thread-112] DEBUG org.apache.ibatis.transaction.jdbc.JdbcTransaction  - Resetting autocommit to true on JDBC Connection [conn68: url=jdbc:h2:mem:activiti-AsyncExecutorTest user=SA]
10:47:54,736 [Thread-112] DEBUG org.apache.ibatis.transaction.jdbc.JdbcTransaction  - Closing JDBC Connection [conn68: url=jdbc:h2:mem:activiti-AsyncExecutorTest user=SA]
10:47:54,736 [Thread-112] DEBUG org.apache.ibatis.datasource.pooled.PooledDataSource  - Returned connection 58501658 to pool.
10:47:54,736 [Thread-112] DEBUG org.activiti.engine.impl.interceptor.LogInterceptor  - --- AcquireAsyncJobsDueCmd finished --------------------------------------------------------
10:47:54,736 [Thread-112] DEBUG org.activiti.engine.impl.interceptor.LogInterceptor  - 

10:47:54,736 [Thread-112] DEBUG org.activiti.engine.impl.asyncexecutor.AcquireAsyncJobsDueRunnable  - async job acquisition thread sleeping for 50 millis
10:47:54,752 [Thread-111] DEBUG org.activiti.engine.impl.asyncexecutor.AcquireTimerJobsRunnable  - timer job acquisition thread woke up
10:47:54,752 [Thread-105] DEBUG org.activiti.engine.impl.asyncexecutor.AcquireTimerJobsRunnable  - timer job acquisition thread woke up
10:47:54,752 [Thread-105] DEBUG org.activiti.engine.impl.interceptor.LogInterceptor  - 

10:47:54,752 [Thread-105] DEBUG org.activiti.engine.impl.interceptor.LogInterceptor  - --- starting AcquireTimerJobsCmd --------------------------------------------------------
10:47:54,752 [Thread-105] DEBUG org.apache.ibatis.transaction.jdbc.JdbcTransaction  - Opening JDBC Connection
10:47:54,752 [Thread-105] DEBUG org.apache.ibatis.datasource.pooled.PooledDataSource  - Checked out connection 1970103261 from pool.
10:47:54,752 [Thread-105] DEBUG org.apache.ibatis.transaction.jdbc.JdbcTransaction  - Setting autocommit to false on JDBC Connection [conn63: url=jdbc:h2:mem:activiti-AsyncExecutorTest user=SA]
10:47:54,752 [Thread-102] DEBUG org.activiti.engine.impl.asyncexecutor.AcquireTimerJobsRunnable  - timer job acquisition thread woke up
10:47:54,752 [Thread-102] DEBUG org.activiti.engine.impl.interceptor.LogInterceptor  - 

10:47:54,752 [Thread-102] DEBUG org.activiti.engine.impl.interceptor.LogInterceptor  - --- starting AcquireTimerJobsCmd --------------------------------------------------------
10:47:54,752 [Thread-102] DEBUG org.apache.ibatis.transaction.jdbc.JdbcTransaction  - Opening JDBC Connection
10:47:54,752 [Thread-102] DEBUG org.apache.ibatis.datasource.pooled.PooledDataSource  - Checked out connection 157985567 from pool.
10:47:54,752 [Thread-102] DEBUG org.apache.ibatis.transaction.jdbc.JdbcTransaction  - Setting autocommit to false on JDBC Connection [conn61: url=jdbc:h2:mem:activiti-AsyncExecutorTest user=SA]
10:47:54,752 [Thread-102] DEBUG org.activiti.engine.impl.persistence.entity.JobEntity.selectNextTimerJobsToExecute  - ==&gt;  Preparing: select RES.* from ACT_RU_JOB RES LEFT OUTER JOIN ACT_RU_EXECUTION PI ON PI.ID_ = RES.PROCESS_INSTANCE_ID_ where (RES.RETRIES_ &gt; 0) and (RES.DUEDATE_ is null or RES.DUEDATE_ &lt;= ?) and (RES.LOCK_OWNER_ is null or RES.LOCK_EXP_TIME_ &lt;= ?) and TYPE_ = &apos;timer&apos; and ( (RES.EXECUTION_ID_ is null) or (PI.SUSPENSION_STATE_ = 1) ) LIMIT ? OFFSET ? 
10:47:54,752 [Thread-102] DEBUG org.activiti.engine.impl.persistence.entity.JobEntity.selectNextTimerJobsToExecute  - ==&gt; Parameters: 2023-03-20 10:48:50.669(Timestamp), 2023-03-20 10:48:50.669(Timestamp), 1(Integer), 0(Integer)
10:47:54,752 [Thread-106] DEBUG org.activiti.engine.impl.asyncexecutor.AcquireAsyncJobsDueRunnable  - async job acquisition thread woke up
10:47:54,752 [Thread-106] DEBUG org.activiti.engine.impl.interceptor.LogInterceptor  - 

10:47:54,752 [Thread-106] DEBUG org.activiti.engine.impl.interceptor.LogInterceptor  - --- starting AcquireAsyncJobsDueCmd --------------------------------------------------------
10:47:54,753 [Thread-106] DEBUG org.apache.ibatis.transaction.jdbc.JdbcTransaction  - Opening JDBC Connection
10:47:54,753 [Thread-106] DEBUG org.apache.ibatis.datasource.pooled.PooledDataSource  - Checked out connection 54468349 from pool.
10:47:54,753 [Thread-106] DEBUG org.apache.ibatis.transaction.jdbc.JdbcTransaction  - Setting autocommit to false on JDBC Connection [conn64: url=jdbc:h2:mem:activiti-AsyncExecutorTest user=SA]
10:47:54,752 [Thread-103] DEBUG org.activiti.engine.impl.asyncexecutor.AcquireAsyncJobsDueRunnable  - async job acquisition thread woke up
10:47:54,753 [Thread-103] DEBUG org.activiti.engine.impl.interceptor.LogInterceptor  - 

10:47:54,753 [Thread-103] DEBUG org.activiti.engine.impl.interceptor.LogInterceptor  - --- starting AcquireAsyncJobsDueCmd --------------------------------------------------------
10:47:54,753 [Thread-103] DEBUG org.apache.ibatis.transaction.jdbc.JdbcTransaction  - Opening JDBC Connection
10:47:54,753 [Thread-103] DEBUG org.apache.ibatis.datasource.pooled.PooledDataSource  - Checked out connection 33534803 from pool.
10:47:54,753 [Thread-103] DEBUG org.apache.ibatis.transaction.jdbc.JdbcTransaction  - Setting autocommit to false on JDBC Connection [conn60: url=jdbc:h2:mem:activiti-AsyncExecutorTest user=SA]
10:47:54,753 [Thread-103] DEBUG org.activiti.engine.impl.persistence.entity.JobEntity.selectAsyncJobsDueToExecute  - ==&gt;  Preparing: select RES.* from ACT_RU_JOB RES LEFT OUTER JOIN ACT_RU_EXECUTION PI ON PI.ID_ = RES.PROCESS_INSTANCE_ID_ where RES.RETRIES_ &gt; 0 and RES.DUEDATE_ is not null and RES.DUEDATE_ &lt;= ? and (RES.LOCK_EXP_TIME_ is null or RES.LOCK_EXP_TIME_ &lt;= ?) and TYPE_ = &apos;message&apos; and ( (RES.EXECUTION_ID_ is null) or (PI.SUSPENSION_STATE_ = 1) ) LIMIT ? OFFSET ? 
10:47:54,753 [Thread-106] DEBUG org.activiti.engine.impl.persistence.entity.JobEntity.selectAsyncJobsDueToExecute  - ==&gt;  Preparing: select RES.* from ACT_RU_JOB RES LEFT OUTER JOIN ACT_RU_EXECUTION PI ON PI.ID_ = RES.PROCESS_INSTANCE_ID_ where RES.RETRIES_ &gt; 0 and RES.DUEDATE_ is not null and RES.DUEDATE_ &lt;= ? and (RES.LOCK_EXP_TIME_ is null or RES.LOCK_EXP_TIME_ &lt;= ?) and TYPE_ = &apos;message&apos; and ( (RES.EXECUTION_ID_ is null) or (PI.SUSPENSION_STATE_ = 1) ) LIMIT ? OFFSET ? 
10:47:54,753 [Thread-106] DEBUG org.activiti.engine.impl.persistence.entity.JobEntity.selectAsyncJobsDueToExecute  - ==&gt; Parameters: 2023-03-20 10:48:50.669(Timestamp), 2023-03-20 10:48:50.669(Timestamp), 1(Integer), 0(Integer)
10:47:54,752 [Thread-102] DEBUG org.activiti.engine.impl.persistence.entity.JobEntity.selectNextTimerJobsToExecute  - &lt;==      Total: 0
10:47:54,753 [Thread-102] DEBUG org.activiti.engine.impl.db.DbSqlSession  - flush summary: 0 insert, 0 update, 0 delete.
10:47:54,753 [Thread-102] DEBUG org.activiti.engine.impl.db.DbSqlSession  - now executing flush...
10:47:54,752 [Thread-105] DEBUG org.activiti.engine.impl.persistence.entity.JobEntity.selectNextTimerJobsToExecute  - ==&gt;  Preparing: select RES.* from ACT_RU_JOB RES LEFT OUTER JOIN ACT_RU_EXECUTION PI ON PI.ID_ = RES.PROCESS_INSTANCE_ID_ where (RES.RETRIES_ &gt; 0) and (RES.DUEDATE_ is null or RES.DUEDATE_ &lt;= ?) and (RES.LOCK_OWNER_ is null or RES.LOCK_EXP_TIME_ &lt;= ?) and TYPE_ = &apos;timer&apos; and ( (RES.EXECUTION_ID_ is null) or (PI.SUSPENSION_STATE_ = 1) ) LIMIT ? OFFSET ? 
10:47:54,753 [Thread-105] DEBUG org.activiti.engine.impl.persistence.entity.JobEntity.selectNextTimerJobsToExecute  - ==&gt; Parameters: 2023-03-20 10:48:50.669(Timestamp), 2023-03-20 10:48:50.669(Timestamp), 1(Integer), 0(Integer)
10:47:54,753 [Thread-105] DEBUG org.activiti.engine.impl.persistence.entity.JobEntity.selectNextTimerJobsToExecute  - &lt;==      Total: 0
10:47:54,753 [Thread-105] DEBUG org.activiti.engine.impl.db.DbSqlSession  - flush summary: 0 insert, 0 update, 0 delete.
10:47:54,753 [Thread-105] DEBUG org.activiti.engine.impl.db.DbSqlSession  - now executing flush...
10:47:54,753 [Thread-105] DEBUG org.activiti.engine.impl.cfg.standalone.StandaloneMybatisTransactionContext  - firing event committing...
10:47:54,753 [Thread-105] DEBUG org.activiti.engine.impl.cfg.standalone.StandaloneMybatisTransactionContext  - committing the ibatis sql session...
10:47:54,753 [Thread-105] DEBUG org.activiti.engine.impl.cfg.standalone.StandaloneMybatisTransactionContext  - firing event committed...
10:47:54,753 [Thread-105] DEBUG org.apache.ibatis.transaction.jdbc.JdbcTransaction  - Resetting autocommit to true on JDBC Connection [conn63: url=jdbc:h2:mem:activiti-AsyncExecutorTest user=SA]
10:47:54,753 [Thread-105] DEBUG org.apache.ibatis.transaction.jdbc.JdbcTransaction  - Closing JDBC Connection [conn63: url=jdbc:h2:mem:activiti-AsyncExecutorTest user=SA]
10:47:54,753 [Thread-105] DEBUG org.apache.ibatis.datasource.pooled.PooledDataSource  - Returned connection 1970103261 to pool.
10:47:54,753 [Thread-105] DEBUG org.activiti.engine.impl.interceptor.LogInterceptor  - --- AcquireTimerJobsCmd finished --------------------------------------------------------
10:47:54,753 [Thread-105] DEBUG org.activiti.engine.impl.interceptor.LogInterceptor  - 

10:47:54,752 [Thread-111] DEBUG org.activiti.engine.impl.interceptor.LogInterceptor  - 

10:47:54,753 [Thread-111] DEBUG org.activiti.engine.impl.interceptor.LogInterceptor  - --- starting AcquireTimerJobsCmd --------------------------------------------------------
10:47:54,753 [Thread-111] DEBUG org.apache.ibatis.transaction.jdbc.JdbcTransaction  - Opening JDBC Connection
10:47:54,753 [Thread-111] DEBUG org.apache.ibatis.datasource.pooled.PooledDataSource  - Checked out connection 1863805930 from pool.
10:47:54,753 [Thread-111] DEBUG org.apache.ibatis.transaction.jdbc.JdbcTransaction  - Setting autocommit to false on JDBC Connection [conn69: url=jdbc:h2:mem:activiti-AsyncExecutorTest user=SA]
10:47:54,754 [Thread-111] DEBUG org.activiti.engine.impl.persistence.entity.JobEntity.selectNextTimerJobsToExecute  - ==&gt;  Preparing: select RES.* from ACT_RU_JOB RES LEFT OUTER JOIN ACT_RU_EXECUTION PI ON PI.ID_ = RES.PROCESS_INSTANCE_ID_ where (RES.RETRIES_ &gt; 0) and (RES.DUEDATE_ is null or RES.DUEDATE_ &lt;= ?) and (RES.LOCK_OWNER_ is null or RES.LOCK_EXP_TIME_ &lt;= ?) and TYPE_ = &apos;timer&apos; and ( (RES.EXECUTION_ID_ is null) or (PI.SUSPENSION_STATE_ = 1) ) LIMIT ? OFFSET ? 
10:47:54,753 [Thread-105] DEBUG org.activiti.engine.impl.asyncexecutor.AcquireTimerJobsRunnable  - timer job acquisition thread sleeping for 50 millis
10:47:54,753 [Thread-102] DEBUG org.activiti.engine.impl.cfg.standalone.StandaloneMybatisTransactionContext  - firing event committing...
10:47:54,754 [Thread-102] DEBUG org.activiti.engine.impl.cfg.standalone.StandaloneMybatisTransactionContext  - committing the ibatis sql session...
10:47:54,754 [Thread-102] DEBUG org.activiti.engine.impl.cfg.standalone.StandaloneMybatisTransactionContext  - firing event committed...
10:47:54,754 [Thread-102] DEBUG org.apache.ibatis.transaction.jdbc.JdbcTransaction  - Resetting autocommit to true on JDBC Connection [conn61: url=jdbc:h2:mem:activiti-AsyncExecutorTest user=SA]
10:47:54,754 [Thread-102] DEBUG org.apache.ibatis.transaction.jdbc.JdbcTransaction  - Closing JDBC Connection [conn61: url=jdbc:h2:mem:activiti-AsyncExecutorTest user=SA]
10:47:54,754 [Thread-102] DEBUG org.apache.ibatis.datasource.pooled.PooledDataSource  - Returned connection 157985567 to pool.
10:47:54,754 [Thread-102] DEBUG org.activiti.engine.impl.interceptor.LogInterceptor  - --- AcquireTimerJobsCmd finished --------------------------------------------------------
10:47:54,754 [Thread-102] DEBUG org.activiti.engine.impl.interceptor.LogInterceptor  - 

10:47:54,754 [Thread-102] DEBUG org.activiti.engine.impl.asyncexecutor.AcquireTimerJobsRunnable  - timer job acquisition thread sleeping for 50 millis
10:47:54,753 [Thread-106] DEBUG org.activiti.engine.impl.persistence.entity.JobEntity.selectAsyncJobsDueToExecute  - &lt;==      Total: 0
10:47:54,754 [Thread-106] DEBUG org.activiti.engine.impl.db.DbSqlSession  - flush summary: 0 insert, 0 update, 0 delete.
10:47:54,754 [Thread-106] DEBUG org.activiti.engine.impl.db.DbSqlSession  - now executing flush...
10:47:54,754 [Thread-106] DEBUG org.activiti.engine.impl.cfg.standalone.StandaloneMybatisTransactionContext  - firing event committing...
10:47:54,754 [Thread-106] DEBUG org.activiti.engine.impl.cfg.standalone.StandaloneMybatisTransactionContext  - committing the ibatis sql session...
10:47:54,754 [Thread-106] DEBUG org.activiti.engine.impl.cfg.standalone.StandaloneMybatisTransactionContext  - firing event committed...
10:47:54,754 [Thread-106] DEBUG org.apache.ibatis.transaction.jdbc.JdbcTransaction  - Resetting autocommit to true on JDBC Connection [conn64: url=jdbc:h2:mem:activiti-AsyncExecutorTest user=SA]
10:47:54,754 [Thread-106] DEBUG org.apache.ibatis.transaction.jdbc.JdbcTransaction  - Closing JDBC Connection [conn64: url=jdbc:h2:mem:activiti-AsyncExecutorTest user=SA]
10:47:54,754 [Thread-106] DEBUG org.apache.ibatis.datasource.pooled.PooledDataSource  - Returned connection 54468349 to pool.
10:47:54,754 [Thread-106] DEBUG org.activiti.engine.impl.interceptor.LogInterceptor  - --- AcquireAsyncJobsDueCmd finished --------------------------------------------------------
10:47:54,754 [Thread-106] DEBUG org.activiti.engine.impl.interceptor.LogInterceptor  - 

10:47:54,753 [Thread-103] DEBUG org.activiti.engine.impl.persistence.entity.JobEntity.selectAsyncJobsDueToExecute  - ==&gt; Parameters: 2023-03-20 10:48:50.669(Timestamp), 2023-03-20 10:48:50.669(Timestamp), 1(Integer), 0(Integer)
10:47:54,754 [Thread-103] DEBUG org.activiti.engine.impl.persistence.entity.JobEntity.selectAsyncJobsDueToExecute  - &lt;==      Total: 0
10:47:54,754 [Thread-103] DEBUG org.activiti.engine.impl.db.DbSqlSession  - flush summary: 0 insert, 0 update, 0 delete.
10:47:54,754 [Thread-103] DEBUG org.activiti.engine.impl.db.DbSqlSession  - now executing flush...
10:47:54,754 [Thread-103] DEBUG org.activiti.engine.impl.cfg.standalone.StandaloneMybatisTransactionContext  - firing event committing...
10:47:54,754 [Thread-103] DEBUG org.activiti.engine.impl.cfg.standalone.StandaloneMybatisTransactionContext  - committing the ibatis sql session...
10:47:54,754 [Thread-103] DEBUG org.activiti.engine.impl.cfg.standalone.StandaloneMybatisTransactionContext  - firing event committed...
10:47:54,754 [Thread-103] DEBUG org.apache.ibatis.transaction.jdbc.JdbcTransaction  - Resetting autocommit to true on JDBC Connection [conn60: url=jdbc:h2:mem:activiti-AsyncExecutorTest user=SA]
10:47:54,754 [Thread-103] DEBUG org.apache.ibatis.transaction.jdbc.JdbcTransaction  - Closing JDBC Connection [conn60: url=jdbc:h2:mem:activiti-AsyncExecutorTest user=SA]
10:47:54,754 [Thread-103] DEBUG org.apache.ibatis.datasource.pooled.PooledDataSource  - Returned connection 33534803 to pool.
10:47:54,754 [Thread-103] DEBUG org.activiti.engine.impl.interceptor.LogInterceptor  - --- AcquireAsyncJobsDueCmd finished --------------------------------------------------------
10:47:54,754 [Thread-103] DEBUG org.activiti.engine.impl.interceptor.LogInterceptor  - 

10:47:54,754 [Thread-103] DEBUG org.activiti.engine.impl.asyncexecutor.AcquireAsyncJobsDueRunnable  - async job acquisition thread sleeping for 50 millis
10:47:54,754 [Thread-106] DEBUG org.activiti.engine.impl.asyncexecutor.AcquireAsyncJobsDueRunnable  - async job acquisition thread sleeping for 50 millis
10:47:54,754 [Thread-111] DEBUG org.activiti.engine.impl.persistence.entity.JobEntity.selectNextTimerJobsToExecute  - ==&gt; Parameters: 2023-03-20 10:48:50.669(Timestamp), 2023-03-20 10:48:50.669(Timestamp), 1(Integer), 0(Integer)
10:47:54,754 [Thread-111] DEBUG org.activiti.engine.impl.persistence.entity.JobEntity.selectNextTimerJobsToExecute  - &lt;==      Total: 0
10:47:54,754 [Thread-111] DEBUG org.activiti.engine.impl.db.DbSqlSession  - flush summary: 0 insert, 0 update, 0 delete.
10:47:54,754 [Thread-111] DEBUG org.activiti.engine.impl.db.DbSqlSession  - now executing flush...
10:47:54,754 [Thread-111] DEBUG org.activiti.engine.impl.cfg.standalone.StandaloneMybatisTransactionContext  - firing event committing...
10:47:54,754 [Thread-111] DEBUG org.activiti.engine.impl.cfg.standalone.StandaloneMybatisTransactionContext  - committing the ibatis sql session...
10:47:54,754 [Thread-111] DEBUG org.activiti.engine.impl.cfg.standalone.StandaloneMybatisTransactionContext  - firing event committed...
10:47:54,754 [Thread-111] DEBUG org.apache.ibatis.transaction.jdbc.JdbcTransaction  - Resetting autocommit to true on JDBC Connection [conn69: url=jdbc:h2:mem:activiti-AsyncExecutorTest user=SA]
10:47:54,754 [Thread-111] DEBUG org.apache.ibatis.transaction.jdbc.JdbcTransaction  - Closing JDBC Connection [conn69: url=jdbc:h2:mem:activiti-AsyncExecutorTest user=SA]
10:47:54,754 [Thread-111] DEBUG org.apache.ibatis.datasource.pooled.PooledDataSource  - Returned connection 1863805930 to pool.
10:47:54,754 [Thread-111] DEBUG org.activiti.engine.impl.interceptor.LogInterceptor  - --- AcquireTimerJobsCmd finished --------------------------------------------------------
10:47:54,754 [Thread-111] DEBUG org.activiti.engine.impl.interceptor.LogInterceptor  - 

10:47:54,754 [Thread-111] DEBUG org.activiti.engine.impl.asyncexecutor.AcquireTimerJobsRunnable  - timer job acquisition thread sleeping for 50 millis
10:47:54,783 [main] DEBUG org.activiti.engine.impl.interceptor.LogInterceptor  - 

10:47:54,783 [main] DEBUG org.activiti.engine.impl.interceptor.LogInterceptor  - --- starting JobQueryImpl --------------------------------------------------------
10:47:54,783 [main] DEBUG org.apache.ibatis.transaction.jdbc.JdbcTransaction  - Opening JDBC Connection
10:47:54,783 [main] DEBUG org.apache.ibatis.datasource.pooled.PooledDataSource  - Checked out connection 363509958 from pool.
10:47:54,783 [main] DEBUG org.apache.ibatis.transaction.jdbc.JdbcTransaction  - Setting autocommit to false on JDBC Connection [conn2: url=jdbc:h2:mem:activiti user=SA]
10:47:54,783 [main] DEBUG org.activiti.engine.impl.persistence.entity.JobEntity.selectJobByQueryCriteria  - ==&gt;  Preparing: select RES.* from ACT_RU_JOB RES order by order by RES.ID_ asc LIMIT ? OFFSET ? 
10:47:54,783 [main] DEBUG org.activiti.engine.impl.interceptor.CommandContext  - Error while closing command context
org.apache.ibatis.exceptions.PersistenceException: 
### Error querying database.  Cause: org.h2.jdbc.JdbcSQLException: Syntax error in SQL statement &quot;SELECT RES.* 
     
    FROM ACT_RU_JOB RES
     
      
   
     ORDER BY  ORDER[*] BY RES.ID_ ASC  
    LIMIT ? OFFSET ? &quot;; expected &quot;=, NOT, EXISTS, INTERSECTS, SELECT, FROM&quot;; SQL statement:
select RES.* 
     
    from ACT_RU_JOB RES
     
      
   
     order by  order by RES.ID_ asc  
    LIMIT ? OFFSET ? [42001-176]
### The error may exist in org/activiti/db/mapping/entity/Job.xml
### The error may involve org.activiti.engine.impl.persistence.entity.JobEntity.selectJobByQueryCriteria
### The error occurred while executing a query
### SQL: select RES.*            from ACT_RU_JOB RES                       order by  order by RES.ID_ asc       LIMIT ? OFFSET ?
### Cause: org.h2.jdbc.JdbcSQLException: Syntax error in SQL statement &quot;SELECT RES.* 
     
    FROM ACT_RU_JOB RES
     
      
   
     ORDER BY  ORDER[*] BY RES.ID_ ASC  
    LIMIT ? OFFSET ? &quot;; expected &quot;=, NOT, EXISTS, INTERSECTS, SELECT, FROM&quot;; SQL statement:
select RES.* 
     
    from ACT_RU_JOB RES
     
      
   
     order by  order by RES.ID_ asc  
    LIMIT ? OFFSET ? [42001-176]
	at org.apache.ibatis.exceptions.ExceptionFactory.wrapException(ExceptionFactory.java:30)
	at org.apache.ibatis.session.defaults.DefaultSqlSession.selectList(DefaultSqlSession.java:122)
	at org.apache.ibatis.session.defaults.DefaultSqlSession.selectList(DefaultSqlSession.java:113)
	at org.activiti.engine.impl.db.DbSqlSession.selectListWithRawParameter(DbSqlSession.java:438)
	at org.activiti.engine.impl.db.DbSqlSession.selectList(DbSqlSession.java:429)
	at org.activiti.engine.impl.db.DbSqlSession.selectList(DbSqlSession.java:419)
	at org.activiti.engine.impl.persistence.entity.JobEntityManager.findJobsByQueryCriteria(JobEntityManager.java:198)
	at org.activiti.engine.impl.JobQueryImpl.executeList(JobQueryImpl.java:243)
	at org.activiti.engine.impl.AbstractQuery.execute(AbstractQuery.java:164)
	at org.activiti.engine.impl.interceptor.CommandInvoker.execute(CommandInvoker.java:24)
	at org.activiti.engine.impl.interceptor.CommandContextInterceptor.execute(CommandContextInterceptor.java:57)
	at org.activiti.engine.impl.interceptor.LogInterceptor.execute(LogInterceptor.java:37)
	at org.activiti.engine.impl.cfg.CommandExecutorImpl.execute(CommandExecutorImpl.java:40)
	at org.activiti.engine.impl.cfg.CommandExecutorImpl.execute(CommandExecutorImpl.java:35)
	at org.activiti.engine.impl.AbstractQuery.list(AbstractQuery.java:138)
	at org.activiti.engine.impl.test.JobTestHelper.areJobsAvailable(JobTestHelper.java:194)
	at org.activiti.engine.impl.test.JobTestHelper.waitForJobExecutorToProcessAllJobs(JobTestHelper.java:74)
	at org.activiti.engine.impl.test.JobTestHelper.waitForJobExecutorToProcessAllJobs(JobTestHelper.java:47)
	at org.activiti.engine.impl.test.AbstractActivitiTestCase.waitForJobExecutorToProcessAllJobs(AbstractActivitiTestCase.java:204)
	at org.activiti.engine.test.jobexecutor.JobExecutorTest.testBasicJobExecutorOperation(JobExecutorTest.java:53)
	at sun.reflect.NativeMethodAccessorImpl.invoke0(Native Method)
	at sun.reflect.NativeMethodAccessorImpl.invoke(NativeMethodAccessorImpl.java:62)
	at sun.reflect.DelegatingMethodAccessorImpl.invoke(DelegatingMethodAccessorImpl.java:43)
	at java.lang.reflect.Method.invoke(Method.java:498)
	at junit.framework.TestCase.runTest(TestCase.java:176)
	at org.activiti.engine.impl.test.PvmTestCase.runTest(PvmTestCase.java:65)
	at junit.framework.TestCase.runBare(TestCase.java:141)
	at org.activiti.engine.impl.test.AbstractActivitiTestCase.runBare(AbstractActivitiTestCase.java:100)
	at junit.framework.TestResult$1.protect(TestResult.java:122)
	at junit.framework.TestResult.runProtected(TestResult.java:142)
	at junit.framework.TestResult.run(TestResult.java:125)
	at junit.framework.TestCase.run(TestCase.java:129)
	at junit.framework.TestSuite.runTest(TestSuite.java:255)
	at junit.framework.TestSuite.run(TestSuite.java:250)
	at org.junit.internal.runners.JUnit38ClassRunner.run(JUnit38ClassRunner.java:84)
	at org.apache.maven.surefire.junit4.JUnit4TestSet.execute(JUnit4TestSet.java:35)
	at org.apache.maven.surefire.junit4.JUnit4Provider.executeTestSet(JUnit4Provider.java:146)
	at org.apache.maven.surefire.junit4.JUnit4Provider.invoke(JUnit4Provider.java:97)
	at sun.reflect.NativeMethodAccessorImpl.invoke0(Native Method)
	at sun.reflect.NativeMethodAccessorImpl.invoke(NativeMethodAccessorImpl.java:62)
	at sun.reflect.DelegatingMethodAccessorImpl.invoke(DelegatingMethodAccessorImpl.java:43)
	at java.lang.reflect.Method.invoke(Method.java:498)
	at org.apache.maven.surefire.booter.ProviderFactory$ClassLoaderProxy.invoke(ProviderFactory.java:103)
	at com.sun.proxy.$Proxy0.invoke(Unknown Source)
	at org.apache.maven.surefire.booter.SurefireStarter.invokeProvider(SurefireStarter.java:145)
	at org.apache.maven.surefire.booter.SurefireStarter.runSuitesInProcess(SurefireStarter.java:87)
	at org.apache.maven.surefire.booter.ForkedBooter.main(ForkedBooter.java:69)
Caused by: org.h2.jdbc.JdbcSQLException: Syntax error in SQL statement &quot;SELECT RES.* 
     
    FROM ACT_RU_JOB RES
     
      
   
     ORDER BY  ORDER[*] BY RES.ID_ ASC  
    LIMIT ? OFFSET ? &quot;; expected &quot;=, NOT, EXISTS, INTERSECTS, SELECT, FROM&quot;; SQL statement:
select RES.* 
     
    from ACT_RU_JOB RES
     
      
   
     order by  order by RES.ID_ asc  
    LIMIT ? OFFSET ? [42001-176]
	at org.h2.message.DbException.getJdbcSQLException(DbException.java:344)
	at org.h2.message.DbException.getSyntaxError(DbException.java:204)
	at org.h2.command.Parser.getSyntaxError(Parser.java:524)
	at org.h2.command.Parser.readTerm(Parser.java:2688)
	at org.h2.command.Parser.readFactor(Parser.java:2244)
	at org.h2.command.Parser.readSum(Parser.java:2231)
	at org.h2.command.Parser.readConcat(Parser.java:2201)
	at org.h2.command.Parser.readCondition(Parser.java:2051)
	at org.h2.command.Parser.readAnd(Parser.java:2023)
	at org.h2.command.Parser.readExpression(Parser.java:2015)
	at org.h2.command.Parser.parseEndOfQuery(Parser.java:1726)
	at org.h2.command.Parser.parseSelectUnionExtension(Parser.java:1706)
	at org.h2.command.Parser.parseSelectUnion(Parser.java:1675)
	at org.h2.command.Parser.parseSelect(Parser.java:1662)
	at org.h2.command.Parser.parsePrepared(Parser.java:434)
	at org.h2.command.Parser.parse(Parser.java:306)
	at org.h2.command.Parser.parse(Parser.java:282)
	at org.h2.command.Parser.prepareCommand(Parser.java:243)
	at org.h2.engine.Session.prepareLocal(Session.java:442)
	at org.h2.engine.Session.prepareCommand(Session.java:384)
	at org.h2.jdbc.JdbcConnection.prepareCommand(JdbcConnection.java:1188)
	at org.h2.jdbc.JdbcPreparedStatement.&lt;init&gt;(JdbcPreparedStatement.java:73)
	at org.h2.jdbc.JdbcConnection.prepareStatement(JdbcConnection.java:276)
	at sun.reflect.GeneratedMethodAccessor6.invoke(Unknown Source)
	at sun.reflect.DelegatingMethodAccessorImpl.invoke(DelegatingMethodAccessorImpl.java:43)
	at java.lang.reflect.Method.invoke(Method.java:498)
	at org.apache.ibatis.datasource.pooled.PooledConnection.invoke(PooledConnection.java:245)
	at com.sun.proxy.$Proxy12.prepareStatement(Unknown Source)
	at sun.reflect.GeneratedMethodAccessor6.invoke(Unknown Source)
	at sun.reflect.DelegatingMethodAccessorImpl.invoke(DelegatingMethodAccessorImpl.java:43)
	at java.lang.reflect.Method.invoke(Method.java:498)
	at org.apache.ibatis.logging.jdbc.ConnectionLogger.invoke(ConnectionLogger.java:55)
	at com.sun.proxy.$Proxy12.prepareStatement(Unknown Source)
	at org.apache.ibatis.executor.statement.PreparedStatementHandler.instantiateStatement(PreparedStatementHandler.java:79)
	at org.apache.ibatis.executor.statement.BaseStatementHandler.prepare(BaseStatementHandler.java:88)
	at org.apache.ibatis.executor.statement.RoutingStatementHandler.prepare(RoutingStatementHandler.java:58)
	at org.apache.ibatis.executor.SimpleExecutor.prepareStatement(SimpleExecutor.java:76)
	at org.apache.ibatis.executor.SimpleExecutor.doQuery(SimpleExecutor.java:61)
	at org.apache.ibatis.executor.BaseExecutor.queryFromDatabase(BaseExecutor.java:303)
	at org.apache.ibatis.executor.BaseExecutor.query(BaseExecutor.java:154)
	at org.apache.ibatis.executor.CachingExecutor.query(CachingExecutor.java:102)
	at org.apache.ibatis.executor.CachingExecutor.query(CachingExecutor.java:82)
	at org.apache.ibatis.session.defaults.DefaultSqlSession.selectList(DefaultSqlSession.java:120)
	... 45 more
10:47:54,783 [main] DEBUG org.activiti.engine.impl.cfg.standalone.StandaloneMybatisTransactionContext  - firing event rolling back...
10:47:54,783 [main] DEBUG org.activiti.engine.impl.cfg.standalone.StandaloneMybatisTransactionContext  - rolling back ibatis sql session...
10:47:54,783 [main] DEBUG org.activiti.engine.impl.cfg.standalone.StandaloneMybatisTransactionContext  - firing event rolled back...
10:47:54,783 [main] DEBUG org.apache.ibatis.transaction.jdbc.JdbcTransaction  - Resetting autocommit to true on JDBC Connection [conn2: url=jdbc:h2:mem:activiti user=SA]
10:47:54,784 [main] DEBUG org.apache.ibatis.transaction.jdbc.JdbcTransaction  - Closing JDBC Connection [conn2: url=jdbc:h2:mem:activiti user=SA]
10:47:54,784 [main] DEBUG org.apache.ibatis.datasource.pooled.PooledDataSource  - Returned connection 363509958 to pool.
10:47:54,784 [main] DEBUG org.activiti.engine.impl.interceptor.LogInterceptor  - --- JobQueryImpl finished --------------------------------------------------------
10:47:54,784 [main] DEBUG org.activiti.engine.impl.interceptor.LogInterceptor  - 

10:47:54,798 [Thread-112] DEBUG org.activiti.engine.impl.asyncexecutor.AcquireAsyncJobsDueRunnable  - async job acquisition thread woke up
10:47:54,798 [Thread-112] DEBUG org.activiti.engine.impl.interceptor.LogInterceptor  - 

10:47:54,798 [Thread-112] DEBUG org.activiti.engine.impl.interceptor.LogInterceptor  - --- starting AcquireAsyncJobsDueCmd --------------------------------------------------------
10:47:54,798 [Thread-112] DEBUG org.apache.ibatis.transaction.jdbc.JdbcTransaction  - Opening JDBC Connection
10:47:54,798 [Thread-112] DEBUG org.apache.ibatis.datasource.pooled.PooledDataSource  - Checked out connection 604408605 from pool.
10:47:54,798 [Thread-112] DEBUG org.apache.ibatis.transaction.jdbc.JdbcTransaction  - Setting autocommit to false on JDBC Connection [conn70: url=jdbc:h2:mem:activiti-AsyncExecutorTest user=SA]
10:47:54,798 [Thread-112] DEBUG org.activiti.engine.impl.persistence.entity.JobEntity.selectAsyncJobsDueToExecute  - ==&gt;  Preparing: select RES.* from ACT_RU_JOB RES LEFT OUTER JOIN ACT_RU_EXECUTION PI ON PI.ID_ = RES.PROCESS_INSTANCE_ID_ where RES.RETRIES_ &gt; 0 and RES.DUEDATE_ is not null and RES.DUEDATE_ &lt;= ? and (RES.LOCK_EXP_TIME_ is null or RES.LOCK_EXP_TIME_ &lt;= ?) and TYPE_ = &apos;message&apos; and ( (RES.EXECUTION_ID_ is null) or (PI.SUSPENSION_STATE_ = 1) ) LIMIT ? OFFSET ? 
10:47:54,798 [Thread-112] DEBUG org.activiti.engine.impl.persistence.entity.JobEntity.selectAsyncJobsDueToExecute  - ==&gt; Parameters: 2023-03-20 10:48:50.669(Timestamp), 2023-03-20 10:48:50.669(Timestamp), 1(Integer), 0(Integer)
10:47:54,798 [Thread-112] DEBUG org.activiti.engine.impl.persistence.entity.JobEntity.selectAsyncJobsDueToExecute  - &lt;==      Total: 0
10:47:54,798 [Thread-112] DEBUG org.activiti.engine.impl.db.DbSqlSession  - flush summary: 0 insert, 0 update, 0 delete.
10:47:54,798 [Thread-112] DEBUG org.activiti.engine.impl.db.DbSqlSession  - now executing flush...
10:47:54,798 [Thread-112] DEBUG org.activiti.engine.impl.cfg.standalone.StandaloneMybatisTransactionContext  - firing event committing...
10:47:54,798 [Thread-112] DEBUG org.activiti.engine.impl.cfg.standalone.StandaloneMybatisTransactionContext  - committing the ibatis sql session...
10:47:54,798 [Thread-112] DEBUG org.activiti.engine.impl.cfg.standalone.StandaloneMybatisTransactionContext  - firing event committed...
10:47:54,798 [Thread-112] DEBUG org.apache.ibatis.transaction.jdbc.JdbcTransaction  - Resetting autocommit to true on JDBC Connection [conn70: url=jdbc:h2:mem:activiti-AsyncExecutorTest user=SA]
10:47:54,798 [Thread-112] DEBUG org.apache.ibatis.transaction.jdbc.JdbcTransaction  - Closing JDBC Connection [conn70: url=jdbc:h2:mem:activiti-AsyncExecutorTest user=SA]
10:47:54,798 [Thread-112] DEBUG org.apache.ibatis.datasource.pooled.PooledDataSource  - Returned connection 604408605 to pool.
10:47:54,798 [Thread-112] DEBUG org.activiti.engine.impl.interceptor.LogInterceptor  - --- AcquireAsyncJobsDueCmd finished --------------------------------------------------------
10:47:54,798 [Thread-112] DEBUG org.activiti.engine.impl.interceptor.LogInterceptor  - 

10:47:54,798 [Thread-112] DEBUG org.activiti.engine.impl.asyncexecutor.AcquireAsyncJobsDueRunnable  - async job acquisition thread sleeping for 50 millis
10:47:54,814 [Thread-106] DEBUG org.activiti.engine.impl.asyncexecutor.AcquireAsyncJobsDueRunnable  - async job acquisition thread woke up
10:47:54,814 [Thread-106] DEBUG org.activiti.engine.impl.interceptor.LogInterceptor  - 

10:47:54,814 [Thread-102] DEBUG org.activiti.engine.impl.asyncexecutor.AcquireTimerJobsRunnable  - timer job acquisition thread woke up
10:47:54,814 [Thread-102] DEBUG org.activiti.engine.impl.interceptor.LogInterceptor  - 

10:47:54,814 [Thread-102] DEBUG org.activiti.engine.impl.interceptor.LogInterceptor  - --- starting AcquireTimerJobsCmd --------------------------------------------------------
10:47:54,814 [Thread-102] DEBUG org.apache.ibatis.transaction.jdbc.JdbcTransaction  - Opening JDBC Connection
10:47:54,814 [Thread-102] DEBUG org.apache.ibatis.datasource.pooled.PooledDataSource  - Checked out connection 720039383 from pool.
10:47:54,814 [Thread-102] DEBUG org.apache.ibatis.transaction.jdbc.JdbcTransaction  - Setting autocommit to false on JDBC Connection [conn59: url=jdbc:h2:mem:activiti-AsyncExecutorTest user=SA]
10:47:54,814 [Thread-105] DEBUG org.activiti.engine.impl.asyncexecutor.AcquireTimerJobsRunnable  - timer job acquisition thread woke up
10:47:54,814 [Thread-105] DEBUG org.activiti.engine.impl.interceptor.LogInterceptor  - 

10:47:54,814 [Thread-105] DEBUG org.activiti.engine.impl.interceptor.LogInterceptor  - --- starting AcquireTimerJobsCmd --------------------------------------------------------
10:47:54,814 [Thread-105] DEBUG org.apache.ibatis.transaction.jdbc.JdbcTransaction  - Opening JDBC Connection
10:47:54,814 [Thread-105] DEBUG org.apache.ibatis.datasource.pooled.PooledDataSource  - Checked out connection 996762054 from pool.
10:47:54,814 [Thread-105] DEBUG org.apache.ibatis.transaction.jdbc.JdbcTransaction  - Setting autocommit to false on JDBC Connection [conn65: url=jdbc:h2:mem:activiti-AsyncExecutorTest user=SA]
10:47:54,814 [Thread-105] DEBUG org.activiti.engine.impl.persistence.entity.JobEntity.selectNextTimerJobsToExecute  - ==&gt;  Preparing: select RES.* from ACT_RU_JOB RES LEFT OUTER JOIN ACT_RU_EXECUTION PI ON PI.ID_ = RES.PROCESS_INSTANCE_ID_ where (RES.RETRIES_ &gt; 0) and (RES.DUEDATE_ is null or RES.DUEDATE_ &lt;= ?) and (RES.LOCK_OWNER_ is null or RES.LOCK_EXP_TIME_ &lt;= ?) and TYPE_ = &apos;timer&apos; and ( (RES.EXECUTION_ID_ is null) or (PI.SUSPENSION_STATE_ = 1) ) LIMIT ? OFFSET ? 
10:47:54,814 [Thread-103] DEBUG org.activiti.engine.impl.asyncexecutor.AcquireAsyncJobsDueRunnable  - async job acquisition thread woke up
10:47:54,815 [Thread-103] DEBUG org.activiti.engine.impl.interceptor.LogInterceptor  - 

10:47:54,815 [Thread-103] DEBUG org.activiti.engine.impl.interceptor.LogInterceptor  - --- starting AcquireAsyncJobsDueCmd --------------------------------------------------------
10:47:54,815 [Thread-103] DEBUG org.apache.ibatis.transaction.jdbc.JdbcTransaction  - Opening JDBC Connection
10:47:54,815 [Thread-103] DEBUG org.apache.ibatis.datasource.pooled.PooledDataSource  - Checked out connection 157985567 from pool.
10:47:54,815 [Thread-103] DEBUG org.apache.ibatis.transaction.jdbc.JdbcTransaction  - Setting autocommit to false on JDBC Connection [conn61: url=jdbc:h2:mem:activiti-AsyncExecutorTest user=SA]
10:47:54,814 [Thread-111] DEBUG org.activiti.engine.impl.asyncexecutor.AcquireTimerJobsRunnable  - timer job acquisition thread woke up
10:47:54,815 [Thread-111] DEBUG org.activiti.engine.impl.interceptor.LogInterceptor  - 

10:47:54,815 [Thread-111] DEBUG org.activiti.engine.impl.interceptor.LogInterceptor  - --- starting AcquireTimerJobsCmd --------------------------------------------------------
10:47:54,815 [Thread-111] DEBUG org.apache.ibatis.transaction.jdbc.JdbcTransaction  - Opening JDBC Connection
10:47:54,815 [Thread-111] DEBUG org.apache.ibatis.datasource.pooled.PooledDataSource  - Checked out connection 58501658 from pool.
10:47:54,815 [Thread-111] DEBUG org.apache.ibatis.transaction.jdbc.JdbcTransaction  - Setting autocommit to false on JDBC Connection [conn68: url=jdbc:h2:mem:activiti-AsyncExecutorTest user=SA]
10:47:54,815 [Thread-111] DEBUG org.activiti.engine.impl.persistence.entity.JobEntity.selectNextTimerJobsToExecute  - ==&gt;  Preparing: select RES.* from ACT_RU_JOB RES LEFT OUTER JOIN ACT_RU_EXECUTION PI ON PI.ID_ = RES.PROCESS_INSTANCE_ID_ where (RES.RETRIES_ &gt; 0) and (RES.DUEDATE_ is null or RES.DUEDATE_ &lt;= ?) and (RES.LOCK_OWNER_ is null or RES.LOCK_EXP_TIME_ &lt;= ?) and TYPE_ = &apos;timer&apos; and ( (RES.EXECUTION_ID_ is null) or (PI.SUSPENSION_STATE_ = 1) ) LIMIT ? OFFSET ? 
10:47:54,815 [Thread-103] DEBUG org.activiti.engine.impl.persistence.entity.JobEntity.selectAsyncJobsDueToExecute  - ==&gt;  Preparing: select RES.* from ACT_RU_JOB RES LEFT OUTER JOIN ACT_RU_EXECUTION PI ON PI.ID_ = RES.PROCESS_INSTANCE_ID_ where RES.RETRIES_ &gt; 0 and RES.DUEDATE_ is not null and RES.DUEDATE_ &lt;= ? and (RES.LOCK_EXP_TIME_ is null or RES.LOCK_EXP_TIME_ &lt;= ?) and TYPE_ = &apos;message&apos; and ( (RES.EXECUTION_ID_ is null) or (PI.SUSPENSION_STATE_ = 1) ) LIMIT ? OFFSET ? 
10:47:54,815 [Thread-103] DEBUG org.activiti.engine.impl.persistence.entity.JobEntity.selectAsyncJobsDueToExecute  - ==&gt; Parameters: 2023-03-20 10:48:50.669(Timestamp), 2023-03-20 10:48:50.669(Timestamp), 1(Integer), 0(Integer)
10:47:54,815 [Thread-105] DEBUG org.activiti.engine.impl.persistence.entity.JobEntity.selectNextTimerJobsToExecute  - ==&gt; Parameters: 2023-03-20 10:48:50.669(Timestamp), 2023-03-20 10:48:50.669(Timestamp), 1(Integer), 0(Integer)
10:47:54,815 [Thread-105] DEBUG org.activiti.engine.impl.persistence.entity.JobEntity.selectNextTimerJobsToExecute  - &lt;==      Total: 0
10:47:54,815 [Thread-105] DEBUG org.activiti.engine.impl.db.DbSqlSession  - flush summary: 0 insert, 0 update, 0 delete.
10:47:54,815 [Thread-105] DEBUG org.activiti.engine.impl.db.DbSqlSession  - now executing flush...
10:47:54,815 [Thread-105] DEBUG org.activiti.engine.impl.cfg.standalone.StandaloneMybatisTransactionContext  - firing event committing...
10:47:54,815 [Thread-105] DEBUG org.activiti.engine.impl.cfg.standalone.StandaloneMybatisTransactionContext  - committing the ibatis sql session...
10:47:54,815 [Thread-105] DEBUG org.activiti.engine.impl.cfg.standalone.StandaloneMybatisTransactionContext  - firing event committed...
10:47:54,815 [Thread-105] DEBUG org.apache.ibatis.transaction.jdbc.JdbcTransaction  - Resetting autocommit to true on JDBC Connection [conn65: url=jdbc:h2:mem:activiti-AsyncExecutorTest user=SA]
10:47:54,815 [Thread-105] DEBUG org.apache.ibatis.transaction.jdbc.JdbcTransaction  - Closing JDBC Connection [conn65: url=jdbc:h2:mem:activiti-AsyncExecutorTest user=SA]
10:47:54,815 [Thread-105] DEBUG org.apache.ibatis.datasource.pooled.PooledDataSource  - Returned connection 996762054 to pool.
10:47:54,815 [Thread-105] DEBUG org.activiti.engine.impl.interceptor.LogInterceptor  - --- AcquireTimerJobsCmd finished --------------------------------------------------------
10:47:54,815 [Thread-105] DEBUG org.activiti.engine.impl.interceptor.LogInterceptor  - 

10:47:54,814 [Thread-102] DEBUG org.activiti.engine.impl.persistence.entity.JobEntity.selectNextTimerJobsToExecute  - ==&gt;  Preparing: select RES.* from ACT_RU_JOB RES LEFT OUTER JOIN ACT_RU_EXECUTION PI ON PI.ID_ = RES.PROCESS_INSTANCE_ID_ where (RES.RETRIES_ &gt; 0) and (RES.DUEDATE_ is null or RES.DUEDATE_ &lt;= ?) and (RES.LOCK_OWNER_ is null or RES.LOCK_EXP_TIME_ &lt;= ?) and TYPE_ = &apos;timer&apos; and ( (RES.EXECUTION_ID_ is null) or (PI.SUSPENSION_STATE_ = 1) ) LIMIT ? OFFSET ? 
10:47:54,815 [Thread-102] DEBUG org.activiti.engine.impl.persistence.entity.JobEntity.selectNextTimerJobsToExecute  - ==&gt; Parameters: 2023-03-20 10:48:50.669(Timestamp), 2023-03-20 10:48:50.669(Timestamp), 1(Integer), 0(Integer)
10:47:54,815 [Thread-102] DEBUG org.activiti.engine.impl.persistence.entity.JobEntity.selectNextTimerJobsToExecute  - &lt;==      Total: 0
10:47:54,815 [Thread-102] DEBUG org.activiti.engine.impl.db.DbSqlSession  - flush summary: 0 insert, 0 update, 0 delete.
10:47:54,815 [Thread-102] DEBUG org.activiti.engine.impl.db.DbSqlSession  - now executing flush...
10:47:54,815 [Thread-102] DEBUG org.activiti.engine.impl.cfg.standalone.StandaloneMybatisTransactionContext  - firing event committing...
10:47:54,816 [Thread-102] DEBUG org.activiti.engine.impl.cfg.standalone.StandaloneMybatisTransactionContext  - committing the ibatis sql session...
10:47:54,816 [Thread-102] DEBUG org.activiti.engine.impl.cfg.standalone.StandaloneMybatisTransactionContext  - firing event committed...
10:47:54,816 [Thread-102] DEBUG org.apache.ibatis.transaction.jdbc.JdbcTransaction  - Resetting autocommit to true on JDBC Connection [conn59: url=jdbc:h2:mem:activiti-AsyncExecutorTest user=SA]
10:47:54,816 [Thread-102] DEBUG org.apache.ibatis.transaction.jdbc.JdbcTransaction  - Closing JDBC Connection [conn59: url=jdbc:h2:mem:activiti-AsyncExecutorTest user=SA]
10:47:54,816 [Thread-102] DEBUG org.apache.ibatis.datasource.pooled.PooledDataSource  - Returned connection 720039383 to pool.
10:47:54,816 [Thread-102] DEBUG org.activiti.engine.impl.interceptor.LogInterceptor  - --- AcquireTimerJobsCmd finished --------------------------------------------------------
10:47:54,816 [Thread-102] DEBUG org.activiti.engine.impl.interceptor.LogInterceptor  - 

10:47:54,816 [Thread-102] DEBUG org.activiti.engine.impl.asyncexecutor.AcquireTimerJobsRunnable  - timer job acquisition thread sleeping for 50 millis
10:47:54,814 [Thread-106] DEBUG org.activiti.engine.impl.interceptor.LogInterceptor  - --- starting AcquireAsyncJobsDueCmd --------------------------------------------------------
10:47:54,816 [Thread-106] DEBUG org.apache.ibatis.transaction.jdbc.JdbcTransaction  - Opening JDBC Connection
10:47:54,816 [Thread-106] DEBUG org.apache.ibatis.datasource.pooled.PooledDataSource  - Checked out connection 1970103261 from pool.
10:47:54,816 [Thread-106] DEBUG org.apache.ibatis.transaction.jdbc.JdbcTransaction  - Setting autocommit to false on JDBC Connection [conn63: url=jdbc:h2:mem:activiti-AsyncExecutorTest user=SA]
10:47:54,816 [Thread-106] DEBUG org.activiti.engine.impl.persistence.entity.JobEntity.selectAsyncJobsDueToExecute  - ==&gt;  Preparing: select RES.* from ACT_RU_JOB RES LEFT OUTER JOIN ACT_RU_EXECUTION PI ON PI.ID_ = RES.PROCESS_INSTANCE_ID_ where RES.RETRIES_ &gt; 0 and RES.DUEDATE_ is not null and RES.DUEDATE_ &lt;= ? and (RES.LOCK_EXP_TIME_ is null or RES.LOCK_EXP_TIME_ &lt;= ?) and TYPE_ = &apos;message&apos; and ( (RES.EXECUTION_ID_ is null) or (PI.SUSPENSION_STATE_ = 1) ) LIMIT ? OFFSET ? 
10:47:54,816 [Thread-106] DEBUG org.activiti.engine.impl.persistence.entity.JobEntity.selectAsyncJobsDueToExecute  - ==&gt; Parameters: 2023-03-20 10:48:50.669(Timestamp), 2023-03-20 10:48:50.669(Timestamp), 1(Integer), 0(Integer)
10:47:54,816 [Thread-106] DEBUG org.activiti.engine.impl.persistence.entity.JobEntity.selectAsyncJobsDueToExecute  - &lt;==      Total: 0
10:47:54,816 [Thread-106] DEBUG org.activiti.engine.impl.db.DbSqlSession  - flush summary: 0 insert, 0 update, 0 delete.
10:47:54,816 [Thread-106] DEBUG org.activiti.engine.impl.db.DbSqlSession  - now executing flush...
10:47:54,816 [Thread-106] DEBUG org.activiti.engine.impl.cfg.standalone.StandaloneMybatisTransactionContext  - firing event committing...
10:47:54,816 [Thread-106] DEBUG org.activiti.engine.impl.cfg.standalone.StandaloneMybatisTransactionContext  - committing the ibatis sql session...
10:47:54,816 [Thread-106] DEBUG org.activiti.engine.impl.cfg.standalone.StandaloneMybatisTransactionContext  - firing event committed...
10:47:54,816 [Thread-106] DEBUG org.apache.ibatis.transaction.jdbc.JdbcTransaction  - Resetting autocommit to true on JDBC Connection [conn63: url=jdbc:h2:mem:activiti-AsyncExecutorTest user=SA]
10:47:54,816 [Thread-106] DEBUG org.apache.ibatis.transaction.jdbc.JdbcTransaction  - Closing JDBC Connection [conn63: url=jdbc:h2:mem:activiti-AsyncExecutorTest user=SA]
10:47:54,816 [Thread-106] DEBUG org.apache.ibatis.datasource.pooled.PooledDataSource  - Returned connection 1970103261 to pool.
10:47:54,816 [Thread-106] DEBUG org.activiti.engine.impl.interceptor.LogInterceptor  - --- AcquireAsyncJobsDueCmd finished --------------------------------------------------------
10:47:54,816 [Thread-106] DEBUG org.activiti.engine.impl.interceptor.LogInterceptor  - 

10:47:54,816 [Thread-106] DEBUG org.activiti.engine.impl.asyncexecutor.AcquireAsyncJobsDueRunnable  - async job acquisition thread sleeping for 50 millis
10:47:54,815 [Thread-105] DEBUG org.activiti.engine.impl.asyncexecutor.AcquireTimerJobsRunnable  - timer job acquisition thread sleeping for 50 millis
10:47:54,815 [Thread-103] DEBUG org.activiti.engine.impl.persistence.entity.JobEntity.selectAsyncJobsDueToExecute  - &lt;==      Total: 0
10:47:54,816 [Thread-103] DEBUG org.activiti.engine.impl.db.DbSqlSession  - flush summary: 0 insert, 0 update, 0 delete.
10:47:54,816 [Thread-103] DEBUG org.activiti.engine.impl.db.DbSqlSession  - now executing flush...
10:47:54,816 [Thread-103] DEBUG org.activiti.engine.impl.cfg.standalone.StandaloneMybatisTransactionContext  - firing event committing...
10:47:54,816 [Thread-103] DEBUG org.activiti.engine.impl.cfg.standalone.StandaloneMybatisTransactionContext  - committing the ibatis sql session...
10:47:54,816 [Thread-103] DEBUG org.activiti.engine.impl.cfg.standalone.StandaloneMybatisTransactionContext  - firing event committed...
10:47:54,816 [Thread-103] DEBUG org.apache.ibatis.transaction.jdbc.JdbcTransaction  - Resetting autocommit to true on JDBC Connection [conn61: url=jdbc:h2:mem:activiti-AsyncExecutorTest user=SA]
10:47:54,816 [Thread-103] DEBUG org.apache.ibatis.transaction.jdbc.JdbcTransaction  - Closing JDBC Connection [conn61: url=jdbc:h2:mem:activiti-AsyncExecutorTest user=SA]
10:47:54,816 [Thread-103] DEBUG org.apache.ibatis.datasource.pooled.PooledDataSource  - Returned connection 157985567 to pool.
10:47:54,817 [Thread-103] DEBUG org.activiti.engine.impl.interceptor.LogInterceptor  - --- AcquireAsyncJobsDueCmd finished --------------------------------------------------------
10:47:54,817 [Thread-103] DEBUG org.activiti.engine.impl.interceptor.LogInterceptor  - 

10:47:54,817 [Thread-103] DEBUG org.activiti.engine.impl.asyncexecutor.AcquireAsyncJobsDueRunnable  - async job acquisition thread sleeping for 50 millis
10:47:54,815 [Thread-111] DEBUG org.activiti.engine.impl.persistence.entity.JobEntity.selectNextTimerJobsToExecute  - ==&gt; Parameters: 2023-03-20 10:48:50.669(Timestamp), 2023-03-20 10:48:50.669(Timestamp), 1(Integer), 0(Integer)
10:47:54,817 [Thread-111] DEBUG org.activiti.engine.impl.persistence.entity.JobEntity.selectNextTimerJobsToExecute  - &lt;==      Total: 0
10:47:54,817 [Thread-111] DEBUG org.activiti.engine.impl.db.DbSqlSession  - flush summary: 0 insert, 0 update, 0 delete.
10:47:54,817 [Thread-111] DEBUG org.activiti.engine.impl.db.DbSqlSession  - now executing flush...
10:47:54,817 [Thread-111] DEBUG org.activiti.engine.impl.cfg.standalone.StandaloneMybatisTransactionContext  - firing event committing...
10:47:54,817 [Thread-111] DEBUG org.activiti.engine.impl.cfg.standalone.StandaloneMybatisTransactionContext  - committing the ibatis sql session...
10:47:54,817 [Thread-111] DEBUG org.activiti.engine.impl.cfg.standalone.StandaloneMybatisTransactionContext  - firing event committed...
10:47:54,817 [Thread-111] DEBUG org.apache.ibatis.transaction.jdbc.JdbcTransaction  - Resetting autocommit to true on JDBC Connection [conn68: url=jdbc:h2:mem:activiti-AsyncExecutorTest user=SA]
10:47:54,817 [Thread-111] DEBUG org.apache.ibatis.transaction.jdbc.JdbcTransaction  - Closing JDBC Connection [conn68: url=jdbc:h2:mem:activiti-AsyncExecutorTest user=SA]
10:47:54,817 [Thread-111] DEBUG org.apache.ibatis.datasource.pooled.PooledDataSource  - Returned connection 58501658 to pool.
10:47:54,817 [Thread-111] DEBUG org.activiti.engine.impl.interceptor.LogInterceptor  - --- AcquireTimerJobsCmd finished --------------------------------------------------------
10:47:54,817 [Thread-111] DEBUG org.activiti.engine.impl.interceptor.LogInterceptor  - 

10:47:54,817 [Thread-111] DEBUG org.activiti.engine.impl.asyncexecutor.AcquireTimerJobsRunnable  - timer job acquisition thread sleeping for 50 millis
10:47:54,860 [Thread-112] DEBUG org.activiti.engine.impl.asyncexecutor.AcquireAsyncJobsDueRunnable  - async job acquisition thread woke up
10:47:54,860 [Thread-112] DEBUG org.activiti.engine.impl.interceptor.LogInterceptor  - 

10:47:54,860 [Thread-112] DEBUG org.activiti.engine.impl.interceptor.LogInterceptor  - --- starting AcquireAsyncJobsDueCmd --------------------------------------------------------
10:47:54,860 [Thread-112] DEBUG org.apache.ibatis.transaction.jdbc.JdbcTransaction  - Opening JDBC Connection
10:47:54,860 [Thread-112] DEBUG org.apache.ibatis.datasource.pooled.PooledDataSource  - Checked out connection 1863805930 from pool.
10:47:54,860 [Thread-112] DEBUG org.apache.ibatis.transaction.jdbc.JdbcTransaction  - Setting autocommit to false on JDBC Connection [conn69: url=jdbc:h2:mem:activiti-AsyncExecutorTest user=SA]
10:47:54,860 [Thread-112] DEBUG org.activiti.engine.impl.persistence.entity.JobEntity.selectAsyncJobsDueToExecute  - ==&gt;  Preparing: select RES.* from ACT_RU_JOB RES LEFT OUTER JOIN ACT_RU_EXECUTION PI ON PI.ID_ = RES.PROCESS_INSTANCE_ID_ where RES.RETRIES_ &gt; 0 and RES.DUEDATE_ is not null and RES.DUEDATE_ &lt;= ? and (RES.LOCK_EXP_TIME_ is null or RES.LOCK_EXP_TIME_ &lt;= ?) and TYPE_ = &apos;message&apos; and ( (RES.EXECUTION_ID_ is null) or (PI.SUSPENSION_STATE_ = 1) ) LIMIT ? OFFSET ? 
10:47:54,860 [Thread-112] DEBUG org.activiti.engine.impl.persistence.entity.JobEntity.selectAsyncJobsDueToExecute  - ==&gt; Parameters: 2023-03-20 10:48:50.669(Timestamp), 2023-03-20 10:48:50.669(Timestamp), 1(Integer), 0(Integer)
10:47:54,860 [Thread-112] DEBUG org.activiti.engine.impl.persistence.entity.JobEntity.selectAsyncJobsDueToExecute  - &lt;==      Total: 0
10:47:54,860 [Thread-112] DEBUG org.activiti.engine.impl.db.DbSqlSession  - flush summary: 0 insert, 0 update, 0 delete.
10:47:54,860 [Thread-112] DEBUG org.activiti.engine.impl.db.DbSqlSession  - now executing flush...
10:47:54,860 [Thread-112] DEBUG org.activiti.engine.impl.cfg.standalone.StandaloneMybatisTransactionContext  - firing event committing...
10:47:54,860 [Thread-112] DEBUG org.activiti.engine.impl.cfg.standalone.StandaloneMybatisTransactionContext  - committing the ibatis sql session...
10:47:54,860 [Thread-112] DEBUG org.activiti.engine.impl.cfg.standalone.StandaloneMybatisTransactionContext  - firing event committed...
10:47:54,860 [Thread-112] DEBUG org.apache.ibatis.transaction.jdbc.JdbcTransaction  - Resetting autocommit to true on JDBC Connection [conn69: url=jdbc:h2:mem:activiti-AsyncExecutorTest user=SA]
10:47:54,860 [Thread-112] DEBUG org.apache.ibatis.transaction.jdbc.JdbcTransaction  - Closing JDBC Connection [conn69: url=jdbc:h2:mem:activiti-AsyncExecutorTest user=SA]
10:47:54,860 [Thread-112] DEBUG org.apache.ibatis.datasource.pooled.PooledDataSource  - Returned connection 1863805930 to pool.
10:47:54,860 [Thread-112] DEBUG org.activiti.engine.impl.interceptor.LogInterceptor  - --- AcquireAsyncJobsDueCmd finished --------------------------------------------------------
10:47:54,860 [Thread-112] DEBUG org.activiti.engine.impl.interceptor.LogInterceptor  - 

10:47:54,860 [Thread-112] DEBUG org.activiti.engine.impl.asyncexecutor.AcquireAsyncJobsDueRunnable  - async job acquisition thread sleeping for 50 millis
10:47:54,876 [Thread-103] DEBUG org.activiti.engine.impl.asyncexecutor.AcquireAsyncJobsDueRunnable  - async job acquisition thread woke up
10:47:54,876 [Thread-103] DEBUG org.activiti.engine.impl.interceptor.LogInterceptor  - 

10:47:54,876 [Thread-103] DEBUG org.activiti.engine.impl.interceptor.LogInterceptor  - --- starting AcquireAsyncJobsDueCmd --------------------------------------------------------
10:47:54,876 [Thread-103] DEBUG org.apache.ibatis.transaction.jdbc.JdbcTransaction  - Opening JDBC Connection
10:47:54,876 [Thread-103] DEBUG org.apache.ibatis.datasource.pooled.PooledDataSource  - Checked out connection 33534803 from pool.
10:47:54,876 [Thread-103] DEBUG org.apache.ibatis.transaction.jdbc.JdbcTransaction  - Setting autocommit to false on JDBC Connection [conn60: url=jdbc:h2:mem:activiti-AsyncExecutorTest user=SA]
10:47:54,876 [Thread-103] DEBUG org.activiti.engine.impl.persistence.entity.JobEntity.selectAsyncJobsDueToExecute  - ==&gt;  Preparing: select RES.* from ACT_RU_JOB RES LEFT OUTER JOIN ACT_RU_EXECUTION PI ON PI.ID_ = RES.PROCESS_INSTANCE_ID_ where RES.RETRIES_ &gt; 0 and RES.DUEDATE_ is not null and RES.DUEDATE_ &lt;= ? and (RES.LOCK_EXP_TIME_ is null or RES.LOCK_EXP_TIME_ &lt;= ?) and TYPE_ = &apos;message&apos; and ( (RES.EXECUTION_ID_ is null) or (PI.SUSPENSION_STATE_ = 1) ) LIMIT ? OFFSET ? 
10:47:54,876 [Thread-103] DEBUG org.activiti.engine.impl.persistence.entity.JobEntity.selectAsyncJobsDueToExecute  - ==&gt; Parameters: 2023-03-20 10:48:50.669(Timestamp), 2023-03-20 10:48:50.669(Timestamp), 1(Integer), 0(Integer)
10:47:54,876 [Thread-103] DEBUG org.activiti.engine.impl.persistence.entity.JobEntity.selectAsyncJobsDueToExecute  - &lt;==      Total: 0
10:47:54,876 [Thread-103] DEBUG org.activiti.engine.impl.db.DbSqlSession  - flush summary: 0 insert, 0 update, 0 delete.
10:47:54,876 [Thread-103] DEBUG org.activiti.engine.impl.db.DbSqlSession  - now executing flush...
10:47:54,876 [Thread-103] DEBUG org.activiti.engine.impl.cfg.standalone.StandaloneMybatisTransactionContext  - firing event committing...
10:47:54,876 [Thread-103] DEBUG org.activiti.engine.impl.cfg.standalone.StandaloneMybatisTransactionContext  - committing the ibatis sql session...
10:47:54,876 [Thread-103] DEBUG org.activiti.engine.impl.cfg.standalone.StandaloneMybatisTransactionContext  - firing event committed...
10:47:54,876 [Thread-103] DEBUG org.apache.ibatis.transaction.jdbc.JdbcTransaction  - Resetting autocommit to true on JDBC Connection [conn60: url=jdbc:h2:mem:activiti-AsyncExecutorTest user=SA]
10:47:54,876 [Thread-103] DEBUG org.apache.ibatis.transaction.jdbc.JdbcTransaction  - Closing JDBC Connection [conn60: url=jdbc:h2:mem:activiti-AsyncExecutorTest user=SA]
10:47:54,876 [Thread-103] DEBUG org.apache.ibatis.datasource.pooled.PooledDataSource  - Returned connection 33534803 to pool.
10:47:54,876 [Thread-103] DEBUG org.activiti.engine.impl.interceptor.LogInterceptor  - --- AcquireAsyncJobsDueCmd finished --------------------------------------------------------
10:47:54,876 [Thread-103] DEBUG org.activiti.engine.impl.interceptor.LogInterceptor  - 

10:47:54,876 [Thread-102] DEBUG org.activiti.engine.impl.asyncexecutor.AcquireTimerJobsRunnable  - timer job acquisition thread woke up
10:47:54,876 [Thread-102] DEBUG org.activiti.engine.impl.interceptor.LogInterceptor  - 

10:47:54,876 [Thread-102] DEBUG org.activiti.engine.impl.interceptor.LogInterceptor  - --- starting AcquireTimerJobsCmd --------------------------------------------------------
10:47:54,876 [Thread-102] DEBUG org.apache.ibatis.transaction.jdbc.JdbcTransaction  - Opening JDBC Connection
10:47:54,876 [Thread-102] DEBUG org.apache.ibatis.datasource.pooled.PooledDataSource  - Checked out connection 720039383 from pool.
10:47:54,876 [Thread-102] DEBUG org.apache.ibatis.transaction.jdbc.JdbcTransaction  - Setting autocommit to false on JDBC Connection [conn59: url=jdbc:h2:mem:activiti-AsyncExecutorTest user=SA]
10:47:54,876 [Thread-102] DEBUG org.activiti.engine.impl.persistence.entity.JobEntity.selectNextTimerJobsToExecute  - ==&gt;  Preparing: select RES.* from ACT_RU_JOB RES LEFT OUTER JOIN ACT_RU_EXECUTION PI ON PI.ID_ = RES.PROCESS_INSTANCE_ID_ where (RES.RETRIES_ &gt; 0) and (RES.DUEDATE_ is null or RES.DUEDATE_ &lt;= ?) and (RES.LOCK_OWNER_ is null or RES.LOCK_EXP_TIME_ &lt;= ?) and TYPE_ = &apos;timer&apos; and ( (RES.EXECUTION_ID_ is null) or (PI.SUSPENSION_STATE_ = 1) ) LIMIT ? OFFSET ? 
10:47:54,877 [Thread-102] DEBUG org.activiti.engine.impl.persistence.entity.JobEntity.selectNextTimerJobsToExecute  - ==&gt; Parameters: 2023-03-20 10:48:50.669(Timestamp), 2023-03-20 10:48:50.669(Timestamp), 1(Integer), 0(Integer)
10:47:54,877 [Thread-102] DEBUG org.activiti.engine.impl.persistence.entity.JobEntity.selectNextTimerJobsToExecute  - &lt;==      Total: 0
10:47:54,876 [Thread-111] DEBUG org.activiti.engine.impl.asyncexecutor.AcquireTimerJobsRunnable  - timer job acquisition thread woke up
10:47:54,877 [Thread-111] DEBUG org.activiti.engine.impl.interceptor.LogInterceptor  - 

10:47:54,877 [Thread-111] DEBUG org.activiti.engine.impl.interceptor.LogInterceptor  - --- starting AcquireTimerJobsCmd --------------------------------------------------------
10:47:54,877 [Thread-111] DEBUG org.apache.ibatis.transaction.jdbc.JdbcTransaction  - Opening JDBC Connection
10:47:54,877 [Thread-111] DEBUG org.apache.ibatis.datasource.pooled.PooledDataSource  - Checked out connection 604408605 from pool.
10:47:54,877 [Thread-111] DEBUG org.apache.ibatis.transaction.jdbc.JdbcTransaction  - Setting autocommit to false on JDBC Connection [conn70: url=jdbc:h2:mem:activiti-AsyncExecutorTest user=SA]
10:47:54,876 [Thread-105] DEBUG org.activiti.engine.impl.asyncexecutor.AcquireTimerJobsRunnable  - timer job acquisition thread woke up
10:47:54,877 [Thread-105] DEBUG org.activiti.engine.impl.interceptor.LogInterceptor  - 

10:47:54,877 [Thread-105] DEBUG org.activiti.engine.impl.interceptor.LogInterceptor  - --- starting AcquireTimerJobsCmd --------------------------------------------------------
10:47:54,877 [Thread-105] DEBUG org.apache.ibatis.transaction.jdbc.JdbcTransaction  - Opening JDBC Connection
10:47:54,877 [Thread-105] DEBUG org.apache.ibatis.datasource.pooled.PooledDataSource  - Checked out connection 54468349 from pool.
10:47:54,877 [Thread-105] DEBUG org.apache.ibatis.transaction.jdbc.JdbcTransaction  - Setting autocommit to false on JDBC Connection [conn64: url=jdbc:h2:mem:activiti-AsyncExecutorTest user=SA]
10:47:54,876 [Thread-106] DEBUG org.activiti.engine.impl.asyncexecutor.AcquireAsyncJobsDueRunnable  - async job acquisition thread woke up
10:47:54,877 [Thread-106] DEBUG org.activiti.engine.impl.interceptor.LogInterceptor  - 

10:47:54,877 [Thread-106] DEBUG org.activiti.engine.impl.interceptor.LogInterceptor  - --- starting AcquireAsyncJobsDueCmd --------------------------------------------------------
10:47:54,877 [Thread-106] DEBUG org.apache.ibatis.transaction.jdbc.JdbcTransaction  - Opening JDBC Connection
10:47:54,877 [Thread-106] DEBUG org.apache.ibatis.datasource.pooled.PooledDataSource  - Checked out connection 996762054 from pool.
10:47:54,877 [Thread-106] DEBUG org.apache.ibatis.transaction.jdbc.JdbcTransaction  - Setting autocommit to false on JDBC Connection [conn65: url=jdbc:h2:mem:activiti-AsyncExecutorTest user=SA]
10:47:54,877 [Thread-106] DEBUG org.activiti.engine.impl.persistence.entity.JobEntity.selectAsyncJobsDueToExecute  - ==&gt;  Preparing: select RES.* from ACT_RU_JOB RES LEFT OUTER JOIN ACT_RU_EXECUTION PI ON PI.ID_ = RES.PROCESS_INSTANCE_ID_ where RES.RETRIES_ &gt; 0 and RES.DUEDATE_ is not null and RES.DUEDATE_ &lt;= ? and (RES.LOCK_EXP_TIME_ is null or RES.LOCK_EXP_TIME_ &lt;= ?) and TYPE_ = &apos;message&apos; and ( (RES.EXECUTION_ID_ is null) or (PI.SUSPENSION_STATE_ = 1) ) LIMIT ? OFFSET ? 
10:47:54,877 [Thread-106] DEBUG org.activiti.engine.impl.persistence.entity.JobEntity.selectAsyncJobsDueToExecute  - ==&gt; Parameters: 2023-03-20 10:48:50.669(Timestamp), 2023-03-20 10:48:50.669(Timestamp), 1(Integer), 0(Integer)
10:47:54,877 [Thread-105] DEBUG org.activiti.engine.impl.persistence.entity.JobEntity.selectNextTimerJobsToExecute  - ==&gt;  Preparing: select RES.* from ACT_RU_JOB RES LEFT OUTER JOIN ACT_RU_EXECUTION PI ON PI.ID_ = RES.PROCESS_INSTANCE_ID_ where (RES.RETRIES_ &gt; 0) and (RES.DUEDATE_ is null or RES.DUEDATE_ &lt;= ?) and (RES.LOCK_OWNER_ is null or RES.LOCK_EXP_TIME_ &lt;= ?) and TYPE_ = &apos;timer&apos; and ( (RES.EXECUTION_ID_ is null) or (PI.SUSPENSION_STATE_ = 1) ) LIMIT ? OFFSET ? 
10:47:54,877 [Thread-105] DEBUG org.activiti.engine.impl.persistence.entity.JobEntity.selectNextTimerJobsToExecute  - ==&gt; Parameters: 2023-03-20 10:48:50.669(Timestamp), 2023-03-20 10:48:50.669(Timestamp), 1(Integer), 0(Integer)
10:47:54,877 [Thread-105] DEBUG org.activiti.engine.impl.persistence.entity.JobEntity.selectNextTimerJobsToExecute  - &lt;==      Total: 0
10:47:54,877 [Thread-111] DEBUG org.activiti.engine.impl.persistence.entity.JobEntity.selectNextTimerJobsToExecute  - ==&gt;  Preparing: select RES.* from ACT_RU_JOB RES LEFT OUTER JOIN ACT_RU_EXECUTION PI ON PI.ID_ = RES.PROCESS_INSTANCE_ID_ where (RES.RETRIES_ &gt; 0) and (RES.DUEDATE_ is null or RES.DUEDATE_ &lt;= ?) and (RES.LOCK_OWNER_ is null or RES.LOCK_EXP_TIME_ &lt;= ?) and TYPE_ = &apos;timer&apos; and ( (RES.EXECUTION_ID_ is null) or (PI.SUSPENSION_STATE_ = 1) ) LIMIT ? OFFSET ? 
10:47:54,877 [Thread-111] DEBUG org.activiti.engine.impl.persistence.entity.JobEntity.selectNextTimerJobsToExecute  - ==&gt; Parameters: 2023-03-20 10:48:50.669(Timestamp), 2023-03-20 10:48:50.669(Timestamp), 1(Integer), 0(Integer)
10:47:54,877 [Thread-111] DEBUG org.activiti.engine.impl.persistence.entity.JobEntity.selectNextTimerJobsToExecute  - &lt;==      Total: 0
10:47:54,877 [Thread-111] DEBUG org.activiti.engine.impl.db.DbSqlSession  - flush summary: 0 insert, 0 update, 0 delete.
10:47:54,877 [Thread-111] DEBUG org.activiti.engine.impl.db.DbSqlSession  - now executing flush...
10:47:54,877 [Thread-111] DEBUG org.activiti.engine.impl.cfg.standalone.StandaloneMybatisTransactionContext  - firing event committing...
10:47:54,877 [Thread-111] DEBUG org.activiti.engine.impl.cfg.standalone.StandaloneMybatisTransactionContext  - committing the ibatis sql session...
10:47:54,877 [Thread-111] DEBUG org.activiti.engine.impl.cfg.standalone.StandaloneMybatisTransactionContext  - firing event committed...
10:47:54,877 [Thread-111] DEBUG org.apache.ibatis.transaction.jdbc.JdbcTransaction  - Resetting autocommit to true on JDBC Connection [conn70: url=jdbc:h2:mem:activiti-AsyncExecutorTest user=SA]
10:47:54,877 [Thread-111] DEBUG org.apache.ibatis.transaction.jdbc.JdbcTransaction  - Closing JDBC Connection [conn70: url=jdbc:h2:mem:activiti-AsyncExecutorTest user=SA]
10:47:54,877 [Thread-111] DEBUG org.apache.ibatis.datasource.pooled.PooledDataSource  - Returned connection 604408605 to pool.
10:47:54,877 [Thread-111] DEBUG org.activiti.engine.impl.interceptor.LogInterceptor  - --- AcquireTimerJobsCmd finished --------------------------------------------------------
10:47:54,877 [Thread-111] DEBUG org.activiti.engine.impl.interceptor.LogInterceptor  - 

10:47:54,877 [Thread-111] DEBUG org.activiti.engine.impl.asyncexecutor.AcquireTimerJobsRunnable  - timer job acquisition thread sleeping for 50 millis
10:47:54,877 [Thread-102] DEBUG org.activiti.engine.impl.db.DbSqlSession  - flush summary: 0 insert, 0 update, 0 delete.
10:47:54,877 [Thread-102] DEBUG org.activiti.engine.impl.db.DbSqlSession  - now executing flush...
10:47:54,877 [Thread-102] DEBUG org.activiti.engine.impl.cfg.standalone.StandaloneMybatisTransactionContext  - firing event committing...
10:47:54,877 [Thread-102] DEBUG org.activiti.engine.impl.cfg.standalone.StandaloneMybatisTransactionContext  - committing the ibatis sql session...
10:47:54,877 [Thread-102] DEBUG org.activiti.engine.impl.cfg.standalone.StandaloneMybatisTransactionContext  - firing event committed...
10:47:54,877 [Thread-102] DEBUG org.apache.ibatis.transaction.jdbc.JdbcTransaction  - Resetting autocommit to true on JDBC Connection [conn59: url=jdbc:h2:mem:activiti-AsyncExecutorTest user=SA]
10:47:54,877 [Thread-102] DEBUG org.apache.ibatis.transaction.jdbc.JdbcTransaction  - Closing JDBC Connection [conn59: url=jdbc:h2:mem:activiti-AsyncExecutorTest user=SA]
10:47:54,877 [Thread-102] DEBUG org.apache.ibatis.datasource.pooled.PooledDataSource  - Returned connection 720039383 to pool.
10:47:54,877 [Thread-102] DEBUG org.activiti.engine.impl.interceptor.LogInterceptor  - --- AcquireTimerJobsCmd finished --------------------------------------------------------
10:47:54,877 [Thread-102] DEBUG org.activiti.engine.impl.interceptor.LogInterceptor  - 

10:47:54,877 [Thread-102] DEBUG org.activiti.engine.impl.asyncexecutor.AcquireTimerJobsRunnable  - timer job acquisition thread sleeping for 50 millis
10:47:54,876 [Thread-103] DEBUG org.activiti.engine.impl.asyncexecutor.AcquireAsyncJobsDueRunnable  - async job acquisition thread sleeping for 50 millis
10:47:54,877 [Thread-105] DEBUG org.activiti.engine.impl.db.DbSqlSession  - flush summary: 0 insert, 0 update, 0 delete.
10:47:54,877 [Thread-105] DEBUG org.activiti.engine.impl.db.DbSqlSession  - now executing flush...
10:47:54,877 [Thread-105] DEBUG org.activiti.engine.impl.cfg.standalone.StandaloneMybatisTransactionContext  - firing event committing...
10:47:54,877 [Thread-105] DEBUG org.activiti.engine.impl.cfg.standalone.StandaloneMybatisTransactionContext  - committing the ibatis sql session...
10:47:54,877 [Thread-105] DEBUG org.activiti.engine.impl.cfg.standalone.StandaloneMybatisTransactionContext  - firing event committed...
10:47:54,877 [Thread-105] DEBUG org.apache.ibatis.transaction.jdbc.JdbcTransaction  - Resetting autocommit to true on JDBC Connection [conn64: url=jdbc:h2:mem:activiti-AsyncExecutorTest user=SA]
10:47:54,877 [Thread-105] DEBUG org.apache.ibatis.transaction.jdbc.JdbcTransaction  - Closing JDBC Connection [conn64: url=jdbc:h2:mem:activiti-AsyncExecutorTest user=SA]
10:47:54,877 [Thread-105] DEBUG org.apache.ibatis.datasource.pooled.PooledDataSource  - Returned connection 54468349 to pool.
10:47:54,877 [Thread-105] DEBUG org.activiti.engine.impl.interceptor.LogInterceptor  - --- AcquireTimerJobsCmd finished --------------------------------------------------------
10:47:54,877 [Thread-105] DEBUG org.activiti.engine.impl.interceptor.LogInterceptor  - 

10:47:54,877 [Thread-105] DEBUG org.activiti.engine.impl.asyncexecutor.AcquireTimerJobsRunnable  - timer job acquisition thread sleeping for 50 millis
10:47:54,877 [Thread-106] DEBUG org.activiti.engine.impl.persistence.entity.JobEntity.selectAsyncJobsDueToExecute  - &lt;==      Total: 0
10:47:54,877 [Thread-106] DEBUG org.activiti.engine.impl.db.DbSqlSession  - flush summary: 0 insert, 0 update, 0 delete.
10:47:54,877 [Thread-106] DEBUG org.activiti.engine.impl.db.DbSqlSession  - now executing flush...
10:47:54,877 [Thread-106] DEBUG org.activiti.engine.impl.cfg.standalone.StandaloneMybatisTransactionContext  - firing event committing...
10:47:54,877 [Thread-106] DEBUG org.activiti.engine.impl.cfg.standalone.StandaloneMybatisTransactionContext  - committing the ibatis sql session...
10:47:54,877 [Thread-106] DEBUG org.activiti.engine.impl.cfg.standalone.StandaloneMybatisTransactionContext  - firing event committed...
10:47:54,877 [Thread-106] DEBUG org.apache.ibatis.transaction.jdbc.JdbcTransaction  - Resetting autocommit to true on JDBC Connection [conn65: url=jdbc:h2:mem:activiti-AsyncExecutorTest user=SA]
10:47:54,877 [Thread-106] DEBUG org.apache.ibatis.transaction.jdbc.JdbcTransaction  - Closing JDBC Connection [conn65: url=jdbc:h2:mem:activiti-AsyncExecutorTest user=SA]
10:47:54,877 [Thread-106] DEBUG org.apache.ibatis.datasource.pooled.PooledDataSource  - Returned connection 996762054 to pool.
10:47:54,877 [Thread-106] DEBUG org.activiti.engine.impl.interceptor.LogInterceptor  - --- AcquireAsyncJobsDueCmd finished --------------------------------------------------------
10:47:54,877 [Thread-106] DEBUG org.activiti.engine.impl.interceptor.LogInterceptor  - 

10:47:54,877 [Thread-106] DEBUG org.activiti.engine.impl.asyncexecutor.AcquireAsyncJobsDueRunnable  - async job acquisition thread sleeping for 50 millis
10:47:54,923 [Thread-112] DEBUG org.activiti.engine.impl.asyncexecutor.AcquireAsyncJobsDueRunnable  - async job acquisition thread woke up
10:47:54,923 [Thread-112] DEBUG org.activiti.engine.impl.interceptor.LogInterceptor  - 

10:47:54,923 [Thread-112] DEBUG org.activiti.engine.impl.interceptor.LogInterceptor  - --- starting AcquireAsyncJobsDueCmd --------------------------------------------------------
10:47:54,923 [Thread-112] DEBUG org.apache.ibatis.transaction.jdbc.JdbcTransaction  - Opening JDBC Connection
10:47:54,923 [Thread-112] DEBUG org.apache.ibatis.datasource.pooled.PooledDataSource  - Checked out connection 58501658 from pool.
10:47:54,923 [Thread-112] DEBUG org.apache.ibatis.transaction.jdbc.JdbcTransaction  - Setting autocommit to false on JDBC Connection [conn68: url=jdbc:h2:mem:activiti-AsyncExecutorTest user=SA]
10:47:54,923 [Thread-112] DEBUG org.activiti.engine.impl.persistence.entity.JobEntity.selectAsyncJobsDueToExecute  - ==&gt;  Preparing: select RES.* from ACT_RU_JOB RES LEFT OUTER JOIN ACT_RU_EXECUTION PI ON PI.ID_ = RES.PROCESS_INSTANCE_ID_ where RES.RETRIES_ &gt; 0 and RES.DUEDATE_ is not null and RES.DUEDATE_ &lt;= ? and (RES.LOCK_EXP_TIME_ is null or RES.LOCK_EXP_TIME_ &lt;= ?) and TYPE_ = &apos;message&apos; and ( (RES.EXECUTION_ID_ is null) or (PI.SUSPENSION_STATE_ = 1) ) LIMIT ? OFFSET ? 
10:47:54,923 [Thread-112] DEBUG org.activiti.engine.impl.persistence.entity.JobEntity.selectAsyncJobsDueToExecute  - ==&gt; Parameters: 2023-03-20 10:48:50.669(Timestamp), 2023-03-20 10:48:50.669(Timestamp), 1(Integer), 0(Integer)
10:47:54,923 [Thread-112] DEBUG org.activiti.engine.impl.persistence.entity.JobEntity.selectAsyncJobsDueToExecute  - &lt;==      Total: 0
10:47:54,923 [Thread-112] DEBUG org.activiti.engine.impl.db.DbSqlSession  - flush summary: 0 insert, 0 update, 0 delete.
10:47:54,923 [Thread-112] DEBUG org.activiti.engine.impl.db.DbSqlSession  - now executing flush...
10:47:54,923 [Thread-112] DEBUG org.activiti.engine.impl.cfg.standalone.StandaloneMybatisTransactionContext  - firing event committing...
10:47:54,923 [Thread-112] DEBUG org.activiti.engine.impl.cfg.standalone.StandaloneMybatisTransactionContext  - committing the ibatis sql session...
10:47:54,923 [Thread-112] DEBUG org.activiti.engine.impl.cfg.standalone.StandaloneMybatisTransactionContext  - firing event committed...
10:47:54,923 [Thread-112] DEBUG org.apache.ibatis.transaction.jdbc.JdbcTransaction  - Resetting autocommit to true on JDBC Connection [conn68: url=jdbc:h2:mem:activiti-AsyncExecutorTest user=SA]
10:47:54,923 [Thread-112] DEBUG org.apache.ibatis.transaction.jdbc.JdbcTransaction  - Closing JDBC Connection [conn68: url=jdbc:h2:mem:activiti-AsyncExecutorTest user=SA]
10:47:54,923 [Thread-112] DEBUG org.apache.ibatis.datasource.pooled.PooledDataSource  - Returned connection 58501658 to pool.
10:47:54,923 [Thread-112] DEBUG org.activiti.engine.impl.interceptor.LogInterceptor  - --- AcquireAsyncJobsDueCmd finished --------------------------------------------------------
10:47:54,923 [Thread-112] DEBUG org.activiti.engine.impl.interceptor.LogInterceptor  - 

10:47:54,923 [Thread-112] DEBUG org.activiti.engine.impl.asyncexecutor.AcquireAsyncJobsDueRunnable  - async job acquisition thread sleeping for 50 millis
10:47:54,938 [Thread-106] DEBUG org.activiti.engine.impl.asyncexecutor.AcquireAsyncJobsDueRunnable  - async job acquisition thread woke up
10:47:54,938 [Thread-111] DEBUG org.activiti.engine.impl.asyncexecutor.AcquireTimerJobsRunnable  - timer job acquisition thread woke up
10:47:54,938 [Thread-102] DEBUG org.activiti.engine.impl.asyncexecutor.AcquireTimerJobsRunnable  - timer job acquisition thread woke up
10:47:54,938 [Thread-102] DEBUG org.activiti.engine.impl.interceptor.LogInterceptor  - 

10:47:54,938 [Thread-103] DEBUG org.activiti.engine.impl.asyncexecutor.AcquireAsyncJobsDueRunnable  - async job acquisition thread woke up
10:47:54,938 [Thread-103] DEBUG org.activiti.engine.impl.interceptor.LogInterceptor  - 

10:47:54,938 [Thread-103] DEBUG org.activiti.engine.impl.interceptor.LogInterceptor  - --- starting AcquireAsyncJobsDueCmd --------------------------------------------------------
10:47:54,938 [Thread-105] DEBUG org.activiti.engine.impl.asyncexecutor.AcquireTimerJobsRunnable  - timer job acquisition thread woke up
10:47:54,938 [Thread-103] DEBUG org.apache.ibatis.transaction.jdbc.JdbcTransaction  - Opening JDBC Connection
10:47:54,938 [Thread-103] DEBUG org.apache.ibatis.datasource.pooled.PooledDataSource  - Checked out connection 157985567 from pool.
10:47:54,938 [Thread-103] DEBUG org.apache.ibatis.transaction.jdbc.JdbcTransaction  - Setting autocommit to false on JDBC Connection [conn61: url=jdbc:h2:mem:activiti-AsyncExecutorTest user=SA]
10:47:54,938 [Thread-103] DEBUG org.activiti.engine.impl.persistence.entity.JobEntity.selectAsyncJobsDueToExecute  - ==&gt;  Preparing: select RES.* from ACT_RU_JOB RES LEFT OUTER JOIN ACT_RU_EXECUTION PI ON PI.ID_ = RES.PROCESS_INSTANCE_ID_ where RES.RETRIES_ &gt; 0 and RES.DUEDATE_ is not null and RES.DUEDATE_ &lt;= ? and (RES.LOCK_EXP_TIME_ is null or RES.LOCK_EXP_TIME_ &lt;= ?) and TYPE_ = &apos;message&apos; and ( (RES.EXECUTION_ID_ is null) or (PI.SUSPENSION_STATE_ = 1) ) LIMIT ? OFFSET ? 
10:47:54,939 [Thread-103] DEBUG org.activiti.engine.impl.persistence.entity.JobEntity.selectAsyncJobsDueToExecute  - ==&gt; Parameters: 2023-03-20 10:48:50.669(Timestamp), 2023-03-20 10:48:50.669(Timestamp), 1(Integer), 0(Integer)
10:47:54,938 [Thread-102] DEBUG org.activiti.engine.impl.interceptor.LogInterceptor  - --- starting AcquireTimerJobsCmd --------------------------------------------------------
10:47:54,939 [Thread-102] DEBUG org.apache.ibatis.transaction.jdbc.JdbcTransaction  - Opening JDBC Connection
10:47:54,939 [Thread-102] DEBUG org.apache.ibatis.datasource.pooled.PooledDataSource  - Checked out connection 33534803 from pool.
10:47:54,939 [Thread-102] DEBUG org.apache.ibatis.transaction.jdbc.JdbcTransaction  - Setting autocommit to false on JDBC Connection [conn60: url=jdbc:h2:mem:activiti-AsyncExecutorTest user=SA]
10:47:54,939 [Thread-102] DEBUG org.activiti.engine.impl.persistence.entity.JobEntity.selectNextTimerJobsToExecute  - ==&gt;  Preparing: select RES.* from ACT_RU_JOB RES LEFT OUTER JOIN ACT_RU_EXECUTION PI ON PI.ID_ = RES.PROCESS_INSTANCE_ID_ where (RES.RETRIES_ &gt; 0) and (RES.DUEDATE_ is null or RES.DUEDATE_ &lt;= ?) and (RES.LOCK_OWNER_ is null or RES.LOCK_EXP_TIME_ &lt;= ?) and TYPE_ = &apos;timer&apos; and ( (RES.EXECUTION_ID_ is null) or (PI.SUSPENSION_STATE_ = 1) ) LIMIT ? OFFSET ? 
10:47:54,939 [Thread-102] DEBUG org.activiti.engine.impl.persistence.entity.JobEntity.selectNextTimerJobsToExecute  - ==&gt; Parameters: 2023-03-20 10:48:50.669(Timestamp), 2023-03-20 10:48:50.669(Timestamp), 1(Integer), 0(Integer)
10:47:54,938 [Thread-111] DEBUG org.activiti.engine.impl.interceptor.LogInterceptor  - 

10:47:54,939 [Thread-111] DEBUG org.activiti.engine.impl.interceptor.LogInterceptor  - --- starting AcquireTimerJobsCmd --------------------------------------------------------
10:47:54,939 [Thread-111] DEBUG org.apache.ibatis.transaction.jdbc.JdbcTransaction  - Opening JDBC Connection
10:47:54,939 [Thread-111] DEBUG org.apache.ibatis.datasource.pooled.PooledDataSource  - Checked out connection 1863805930 from pool.
10:47:54,938 [Thread-106] DEBUG org.activiti.engine.impl.interceptor.LogInterceptor  - 

10:47:54,939 [Thread-106] DEBUG org.activiti.engine.impl.interceptor.LogInterceptor  - --- starting AcquireAsyncJobsDueCmd --------------------------------------------------------
10:47:54,939 [Thread-106] DEBUG org.apache.ibatis.transaction.jdbc.JdbcTransaction  - Opening JDBC Connection
10:47:54,939 [Thread-111] DEBUG org.apache.ibatis.transaction.jdbc.JdbcTransaction  - Setting autocommit to false on JDBC Connection [conn69: url=jdbc:h2:mem:activiti-AsyncExecutorTest user=SA]
10:47:54,939 [Thread-111] DEBUG org.activiti.engine.impl.persistence.entity.JobEntity.selectNextTimerJobsToExecute  - ==&gt;  Preparing: select RES.* from ACT_RU_JOB RES LEFT OUTER JOIN ACT_RU_EXECUTION PI ON PI.ID_ = RES.PROCESS_INSTANCE_ID_ where (RES.RETRIES_ &gt; 0) and (RES.DUEDATE_ is null or RES.DUEDATE_ &lt;= ?) and (RES.LOCK_OWNER_ is null or RES.LOCK_EXP_TIME_ &lt;= ?) and TYPE_ = &apos;timer&apos; and ( (RES.EXECUTION_ID_ is null) or (PI.SUSPENSION_STATE_ = 1) ) LIMIT ? OFFSET ? 
10:47:54,939 [Thread-111] DEBUG org.activiti.engine.impl.persistence.entity.JobEntity.selectNextTimerJobsToExecute  - ==&gt; Parameters: 2023-03-20 10:48:50.669(Timestamp), 2023-03-20 10:48:50.669(Timestamp), 1(Integer), 0(Integer)
10:47:54,939 [Thread-111] DEBUG org.activiti.engine.impl.persistence.entity.JobEntity.selectNextTimerJobsToExecute  - &lt;==      Total: 0
10:47:54,939 [Thread-111] DEBUG org.activiti.engine.impl.db.DbSqlSession  - flush summary: 0 insert, 0 update, 0 delete.
10:47:54,939 [Thread-111] DEBUG org.activiti.engine.impl.db.DbSqlSession  - now executing flush...
10:47:54,939 [Thread-111] DEBUG org.activiti.engine.impl.cfg.standalone.StandaloneMybatisTransactionContext  - firing event committing...
10:47:54,939 [Thread-111] DEBUG org.activiti.engine.impl.cfg.standalone.StandaloneMybatisTransactionContext  - committing the ibatis sql session...
10:47:54,939 [Thread-111] DEBUG org.activiti.engine.impl.cfg.standalone.StandaloneMybatisTransactionContext  - firing event committed...
10:47:54,939 [Thread-111] DEBUG org.apache.ibatis.transaction.jdbc.JdbcTransaction  - Resetting autocommit to true on JDBC Connection [conn69: url=jdbc:h2:mem:activiti-AsyncExecutorTest user=SA]
10:47:54,939 [Thread-111] DEBUG org.apache.ibatis.transaction.jdbc.JdbcTransaction  - Closing JDBC Connection [conn69: url=jdbc:h2:mem:activiti-AsyncExecutorTest user=SA]
10:47:54,939 [Thread-111] DEBUG org.apache.ibatis.datasource.pooled.PooledDataSource  - Returned connection 1863805930 to pool.
10:47:54,939 [Thread-111] DEBUG org.activiti.engine.impl.interceptor.LogInterceptor  - --- AcquireTimerJobsCmd finished --------------------------------------------------------
10:47:54,939 [Thread-111] DEBUG org.activiti.engine.impl.interceptor.LogInterceptor  - 

10:47:54,939 [Thread-111] DEBUG org.activiti.engine.impl.asyncexecutor.AcquireTimerJobsRunnable  - timer job acquisition thread sleeping for 50 millis
10:47:54,939 [Thread-102] DEBUG org.activiti.engine.impl.persistence.entity.JobEntity.selectNextTimerJobsToExecute  - &lt;==      Total: 0
10:47:54,939 [Thread-102] DEBUG org.activiti.engine.impl.db.DbSqlSession  - flush summary: 0 insert, 0 update, 0 delete.
10:47:54,939 [Thread-102] DEBUG org.activiti.engine.impl.db.DbSqlSession  - now executing flush...
10:47:54,939 [Thread-102] DEBUG org.activiti.engine.impl.cfg.standalone.StandaloneMybatisTransactionContext  - firing event committing...
10:47:54,940 [Thread-102] DEBUG org.activiti.engine.impl.cfg.standalone.StandaloneMybatisTransactionContext  - committing the ibatis sql session...
10:47:54,940 [Thread-102] DEBUG org.activiti.engine.impl.cfg.standalone.StandaloneMybatisTransactionContext  - firing event committed...
10:47:54,940 [Thread-102] DEBUG org.apache.ibatis.transaction.jdbc.JdbcTransaction  - Resetting autocommit to true on JDBC Connection [conn60: url=jdbc:h2:mem:activiti-AsyncExecutorTest user=SA]
10:47:54,939 [Thread-103] DEBUG org.activiti.engine.impl.persistence.entity.JobEntity.selectAsyncJobsDueToExecute  - &lt;==      Total: 0
10:47:54,940 [Thread-103] DEBUG org.activiti.engine.impl.db.DbSqlSession  - flush summary: 0 insert, 0 update, 0 delete.
10:47:54,940 [Thread-103] DEBUG org.activiti.engine.impl.db.DbSqlSession  - now executing flush...
10:47:54,940 [Thread-103] DEBUG org.activiti.engine.impl.cfg.standalone.StandaloneMybatisTransactionContext  - firing event committing...
10:47:54,940 [Thread-103] DEBUG org.activiti.engine.impl.cfg.standalone.StandaloneMybatisTransactionContext  - committing the ibatis sql session...
10:47:54,940 [Thread-103] DEBUG org.activiti.engine.impl.cfg.standalone.StandaloneMybatisTransactionContext  - firing event committed...
10:47:54,940 [Thread-103] DEBUG org.apache.ibatis.transaction.jdbc.JdbcTransaction  - Resetting autocommit to true on JDBC Connection [conn61: url=jdbc:h2:mem:activiti-AsyncExecutorTest user=SA]
10:47:54,940 [Thread-103] DEBUG org.apache.ibatis.transaction.jdbc.JdbcTransaction  - Closing JDBC Connection [conn61: url=jdbc:h2:mem:activiti-AsyncExecutorTest user=SA]
10:47:54,940 [Thread-103] DEBUG org.apache.ibatis.datasource.pooled.PooledDataSource  - Returned connection 157985567 to pool.
10:47:54,940 [Thread-103] DEBUG org.activiti.engine.impl.interceptor.LogInterceptor  - --- AcquireAsyncJobsDueCmd finished --------------------------------------------------------
10:47:54,940 [Thread-103] DEBUG org.activiti.engine.impl.interceptor.LogInterceptor  - 

10:47:54,940 [Thread-103] DEBUG org.activiti.engine.impl.asyncexecutor.AcquireAsyncJobsDueRunnable  - async job acquisition thread sleeping for 50 millis
10:47:54,938 [Thread-105] DEBUG org.activiti.engine.impl.interceptor.LogInterceptor  - 

10:47:54,940 [Thread-105] DEBUG org.activiti.engine.impl.interceptor.LogInterceptor  - --- starting AcquireTimerJobsCmd --------------------------------------------------------
10:47:54,940 [Thread-105] DEBUG org.apache.ibatis.transaction.jdbc.JdbcTransaction  - Opening JDBC Connection
10:47:54,940 [Thread-102] DEBUG org.apache.ibatis.transaction.jdbc.JdbcTransaction  - Closing JDBC Connection [conn60: url=jdbc:h2:mem:activiti-AsyncExecutorTest user=SA]
10:47:54,940 [Thread-102] DEBUG org.apache.ibatis.datasource.pooled.PooledDataSource  - Returned connection 33534803 to pool.
10:47:54,940 [Thread-102] DEBUG org.activiti.engine.impl.interceptor.LogInterceptor  - --- AcquireTimerJobsCmd finished --------------------------------------------------------
10:47:54,940 [Thread-102] DEBUG org.activiti.engine.impl.interceptor.LogInterceptor  - 

10:47:54,939 [Thread-106] DEBUG org.apache.ibatis.datasource.pooled.PooledDataSource  - Checked out connection 1970103261 from pool.
10:47:54,940 [Thread-106] DEBUG org.apache.ibatis.transaction.jdbc.JdbcTransaction  - Setting autocommit to false on JDBC Connection [conn63: url=jdbc:h2:mem:activiti-AsyncExecutorTest user=SA]
10:47:54,940 [Thread-106] DEBUG org.activiti.engine.impl.persistence.entity.JobEntity.selectAsyncJobsDueToExecute  - ==&gt;  Preparing: select RES.* from ACT_RU_JOB RES LEFT OUTER JOIN ACT_RU_EXECUTION PI ON PI.ID_ = RES.PROCESS_INSTANCE_ID_ where RES.RETRIES_ &gt; 0 and RES.DUEDATE_ is not null and RES.DUEDATE_ &lt;= ? and (RES.LOCK_EXP_TIME_ is null or RES.LOCK_EXP_TIME_ &lt;= ?) and TYPE_ = &apos;message&apos; and ( (RES.EXECUTION_ID_ is null) or (PI.SUSPENSION_STATE_ = 1) ) LIMIT ? OFFSET ? 
10:47:54,940 [Thread-102] DEBUG org.activiti.engine.impl.asyncexecutor.AcquireTimerJobsRunnable  - timer job acquisition thread sleeping for 50 millis
10:47:54,940 [Thread-105] DEBUG org.apache.ibatis.datasource.pooled.PooledDataSource  - Checked out connection 54468349 from pool.
10:47:54,940 [Thread-105] DEBUG org.apache.ibatis.transaction.jdbc.JdbcTransaction  - Setting autocommit to false on JDBC Connection [conn64: url=jdbc:h2:mem:activiti-AsyncExecutorTest user=SA]
10:47:54,940 [Thread-105] DEBUG org.activiti.engine.impl.persistence.entity.JobEntity.selectNextTimerJobsToExecute  - ==&gt;  Preparing: select RES.* from ACT_RU_JOB RES LEFT OUTER JOIN ACT_RU_EXECUTION PI ON PI.ID_ = RES.PROCESS_INSTANCE_ID_ where (RES.RETRIES_ &gt; 0) and (RES.DUEDATE_ is null or RES.DUEDATE_ &lt;= ?) and (RES.LOCK_OWNER_ is null or RES.LOCK_EXP_TIME_ &lt;= ?) and TYPE_ = &apos;timer&apos; and ( (RES.EXECUTION_ID_ is null) or (PI.SUSPENSION_STATE_ = 1) ) LIMIT ? OFFSET ? 
10:47:54,940 [Thread-105] DEBUG org.activiti.engine.impl.persistence.entity.JobEntity.selectNextTimerJobsToExecute  - ==&gt; Parameters: 2023-03-20 10:48:50.669(Timestamp), 2023-03-20 10:48:50.669(Timestamp), 1(Integer), 0(Integer)
10:47:54,940 [Thread-105] DEBUG org.activiti.engine.impl.persistence.entity.JobEntity.selectNextTimerJobsToExecute  - &lt;==      Total: 0
10:47:54,940 [Thread-105] DEBUG org.activiti.engine.impl.db.DbSqlSession  - flush summary: 0 insert, 0 update, 0 delete.
10:47:54,940 [Thread-105] DEBUG org.activiti.engine.impl.db.DbSqlSession  - now executing flush...
10:47:54,940 [Thread-105] DEBUG org.activiti.engine.impl.cfg.standalone.StandaloneMybatisTransactionContext  - firing event committing...
10:47:54,940 [Thread-105] DEBUG org.activiti.engine.impl.cfg.standalone.StandaloneMybatisTransactionContext  - committing the ibatis sql session...
10:47:54,940 [Thread-105] DEBUG org.activiti.engine.impl.cfg.standalone.StandaloneMybatisTransactionContext  - firing event committed...
10:47:54,940 [Thread-105] DEBUG org.apache.ibatis.transaction.jdbc.JdbcTransaction  - Resetting autocommit to true on JDBC Connection [conn64: url=jdbc:h2:mem:activiti-AsyncExecutorTest user=SA]
10:47:54,940 [Thread-105] DEBUG org.apache.ibatis.transaction.jdbc.JdbcTransaction  - Closing JDBC Connection [conn64: url=jdbc:h2:mem:activiti-AsyncExecutorTest user=SA]
10:47:54,941 [Thread-105] DEBUG org.apache.ibatis.datasource.pooled.PooledDataSource  - Returned connection 54468349 to pool.
10:47:54,941 [Thread-105] DEBUG org.activiti.engine.impl.interceptor.LogInterceptor  - --- AcquireTimerJobsCmd finished --------------------------------------------------------
10:47:54,941 [Thread-105] DEBUG org.activiti.engine.impl.interceptor.LogInterceptor  - 

10:47:54,941 [Thread-105] DEBUG org.activiti.engine.impl.asyncexecutor.AcquireTimerJobsRunnable  - timer job acquisition thread sleeping for 50 millis
10:47:54,940 [Thread-106] DEBUG org.activiti.engine.impl.persistence.entity.JobEntity.selectAsyncJobsDueToExecute  - ==&gt; Parameters: 2023-03-20 10:48:50.669(Timestamp), 2023-03-20 10:48:50.669(Timestamp), 1(Integer), 0(Integer)
10:47:54,941 [Thread-106] DEBUG org.activiti.engine.impl.persistence.entity.JobEntity.selectAsyncJobsDueToExecute  - &lt;==      Total: 0
10:47:54,941 [Thread-106] DEBUG org.activiti.engine.impl.db.DbSqlSession  - flush summary: 0 insert, 0 update, 0 delete.
10:47:54,941 [Thread-106] DEBUG org.activiti.engine.impl.db.DbSqlSession  - now executing flush...
10:47:54,941 [Thread-106] DEBUG org.activiti.engine.impl.cfg.standalone.StandaloneMybatisTransactionContext  - firing event committing...
10:47:54,941 [Thread-106] DEBUG org.activiti.engine.impl.cfg.standalone.StandaloneMybatisTransactionContext  - committing the ibatis sql session...
10:47:54,941 [Thread-106] DEBUG org.activiti.engine.impl.cfg.standalone.StandaloneMybatisTransactionContext  - firing event committed...
10:47:54,941 [Thread-106] DEBUG org.apache.ibatis.transaction.jdbc.JdbcTransaction  - Resetting autocommit to true on JDBC Connection [conn63: url=jdbc:h2:mem:activiti-AsyncExecutorTest user=SA]
10:47:54,941 [Thread-106] DEBUG org.apache.ibatis.transaction.jdbc.JdbcTransaction  - Closing JDBC Connection [conn63: url=jdbc:h2:mem:activiti-AsyncExecutorTest user=SA]
10:47:54,941 [Thread-106] DEBUG org.apache.ibatis.datasource.pooled.PooledDataSource  - Returned connection 1970103261 to pool.
10:47:54,941 [Thread-106] DEBUG org.activiti.engine.impl.interceptor.LogInterceptor  - --- AcquireAsyncJobsDueCmd finished --------------------------------------------------------
10:47:54,941 [Thread-106] DEBUG org.activiti.engine.impl.interceptor.LogInterceptor  - 

10:47:54,941 [Thread-106] DEBUG org.activiti.engine.impl.asyncexecutor.AcquireAsyncJobsDueRunnable  - async job acquisition thread sleeping for 50 millis
10:47:54,985 [main] DEBUG org.activiti.engine.impl.interceptor.LogInterceptor  - 

10:47:54,985 [main] DEBUG org.activiti.engine.impl.interceptor.LogInterceptor  - --- starting JobQueryImpl --------------------------------------------------------
10:47:54,985 [Thread-112] DEBUG org.activiti.engine.impl.asyncexecutor.AcquireAsyncJobsDueRunnable  - async job acquisition thread woke up
10:47:54,985 [Thread-112] DEBUG org.activiti.engine.impl.interceptor.LogInterceptor  - 

10:47:54,985 [Thread-112] DEBUG org.activiti.engine.impl.interceptor.LogInterceptor  - --- starting AcquireAsyncJobsDueCmd --------------------------------------------------------
10:47:54,985 [main] DEBUG org.apache.ibatis.transaction.jdbc.JdbcTransaction  - Opening JDBC Connection
10:47:54,985 [main] DEBUG org.apache.ibatis.datasource.pooled.PooledDataSource  - Checked out connection 180014677 from pool.
10:47:54,985 [main] DEBUG org.apache.ibatis.transaction.jdbc.JdbcTransaction  - Setting autocommit to false on JDBC Connection [conn3: url=jdbc:h2:mem:activiti user=SA]
10:47:54,985 [main] DEBUG org.activiti.engine.impl.persistence.entity.JobEntity.selectJobByQueryCriteria  - ==&gt;  Preparing: select RES.* from ACT_RU_JOB RES order by order by RES.ID_ asc LIMIT ? OFFSET ? 
10:47:54,985 [Thread-112] DEBUG org.apache.ibatis.transaction.jdbc.JdbcTransaction  - Opening JDBC Connection
10:47:54,985 [Thread-112] DEBUG org.apache.ibatis.datasource.pooled.PooledDataSource  - Checked out connection 604408605 from pool.
10:47:54,986 [main] DEBUG org.activiti.engine.impl.interceptor.CommandContext  - Error while closing command context
org.apache.ibatis.exceptions.PersistenceException: 
### Error querying database.  Cause: org.h2.jdbc.JdbcSQLException: Syntax error in SQL statement &quot;SELECT RES.* 
     
    FROM ACT_RU_JOB RES
     
      
   
     ORDER BY  ORDER[*] BY RES.ID_ ASC  
    LIMIT ? OFFSET ? &quot;; expected &quot;=, NOT, EXISTS, INTERSECTS, SELECT, FROM&quot;; SQL statement:
select RES.* 
     
    from ACT_RU_JOB RES
     
      
   
     order by  order by RES.ID_ asc  
    LIMIT ? OFFSET ? [42001-176]
### The error may exist in org/activiti/db/mapping/entity/Job.xml
### The error may involve org.activiti.engine.impl.persistence.entity.JobEntity.selectJobByQueryCriteria
### The error occurred while executing a query
### SQL: select RES.*            from ACT_RU_JOB RES                       order by  order by RES.ID_ asc       LIMIT ? OFFSET ?
### Cause: org.h2.jdbc.JdbcSQLException: Syntax error in SQL statement &quot;SELECT RES.* 
     
    FROM ACT_RU_JOB RES
     
      
   
     ORDER BY  ORDER[*] BY RES.ID_ ASC  
    LIMIT ? OFFSET ? &quot;; expected &quot;=, NOT, EXISTS, INTERSECTS, SELECT, FROM&quot;; SQL statement:
select RES.* 
     
    from ACT_RU_JOB RES
     
      
   
     order by  order by RES.ID_ asc  
    LIMIT ? OFFSET ? [42001-176]
	at org.apache.ibatis.exceptions.ExceptionFactory.wrapException(ExceptionFactory.java:30)
	at org.apache.ibatis.session.defaults.DefaultSqlSession.selectList(DefaultSqlSession.java:122)
	at org.apache.ibatis.session.defaults.DefaultSqlSession.selectList(DefaultSqlSession.java:113)
	at org.activiti.engine.impl.db.DbSqlSession.selectListWithRawParameter(DbSqlSession.java:438)
	at org.activiti.engine.impl.db.DbSqlSession.selectList(DbSqlSession.java:429)
	at org.activiti.engine.impl.db.DbSqlSession.selectList(DbSqlSession.java:419)
	at org.activiti.engine.impl.persistence.entity.JobEntityManager.findJobsByQueryCriteria(JobEntityManager.java:198)
	at org.activiti.engine.impl.JobQueryImpl.executeList(JobQueryImpl.java:243)
	at org.activiti.engine.impl.AbstractQuery.execute(AbstractQuery.java:164)
	at org.activiti.engine.impl.interceptor.CommandInvoker.execute(CommandInvoker.java:24)
	at org.activiti.engine.impl.interceptor.CommandContextInterceptor.execute(CommandContextInterceptor.java:57)
	at org.activiti.engine.impl.interceptor.LogInterceptor.execute(LogInterceptor.java:37)
	at org.activiti.engine.impl.cfg.CommandExecutorImpl.execute(CommandExecutorImpl.java:40)
	at org.activiti.engine.impl.cfg.CommandExecutorImpl.execute(CommandExecutorImpl.java:35)
	at org.activiti.engine.impl.AbstractQuery.list(AbstractQuery.java:138)
	at org.activiti.engine.impl.test.JobTestHelper.areJobsAvailable(JobTestHelper.java:194)
	at org.activiti.engine.impl.test.JobTestHelper.waitForJobExecutorToProcessAllJobs(JobTestHelper.java:74)
	at org.activiti.engine.impl.test.JobTestHelper.waitForJobExecutorToProcessAllJobs(JobTestHelper.java:47)
	at org.activiti.engine.impl.test.AbstractActivitiTestCase.waitForJobExecutorToProcessAllJobs(AbstractActivitiTestCase.java:204)
	at org.activiti.engine.test.jobexecutor.JobExecutorTest.testBasicJobExecutorOperation(JobExecutorTest.java:53)
	at sun.reflect.NativeMethodAccessorImpl.invoke0(Native Method)
	at sun.reflect.NativeMethodAccessorImpl.invoke(NativeMethodAccessorImpl.java:62)
	at sun.reflect.DelegatingMethodAccessorImpl.invoke(DelegatingMethodAccessorImpl.java:43)
	at java.lang.reflect.Method.invoke(Method.java:498)
	at junit.framework.TestCase.runTest(TestCase.java:176)
	at org.activiti.engine.impl.test.PvmTestCase.runTest(PvmTestCase.java:65)
	at junit.framework.TestCase.runBare(TestCase.java:141)
	at org.activiti.engine.impl.test.AbstractActivitiTestCase.runBare(AbstractActivitiTestCase.java:100)
	at junit.framework.TestResult$1.protect(TestResult.java:122)
	at junit.framework.TestResult.runProtected(TestResult.java:142)
	at junit.framework.TestResult.run(TestResult.java:125)
	at junit.framework.TestCase.run(TestCase.java:129)
	at junit.framework.TestSuite.runTest(TestSuite.java:255)
	at junit.framework.TestSuite.run(TestSuite.java:250)
	at org.junit.internal.runners.JUnit38ClassRunner.run(JUnit38ClassRunner.java:84)
	at org.apache.maven.surefire.junit4.JUnit4TestSet.execute(JUnit4TestSet.java:35)
	at org.apache.maven.surefire.junit4.JUnit4Provider.executeTestSet(JUnit4Provider.java:146)
	at org.apache.maven.surefire.junit4.JUnit4Provider.invoke(JUnit4Provider.java:97)
	at sun.reflect.NativeMethodAccessorImpl.invoke0(Native Method)
	at sun.reflect.NativeMethodAccessorImpl.invoke(NativeMethodAccessorImpl.java:62)
	at sun.reflect.DelegatingMethodAccessorImpl.invoke(DelegatingMethodAccessorImpl.java:43)
	at java.lang.reflect.Method.invoke(Method.java:498)
	at org.apache.maven.surefire.booter.ProviderFactory$ClassLoaderProxy.invoke(ProviderFactory.java:103)
	at com.sun.proxy.$Proxy0.invoke(Unknown Source)
	at org.apache.maven.surefire.booter.SurefireStarter.invokeProvider(SurefireStarter.java:145)
	at org.apache.maven.surefire.booter.SurefireStarter.runSuitesInProcess(SurefireStarter.java:87)
	at org.apache.maven.surefire.booter.ForkedBooter.main(ForkedBooter.java:69)
Caused by: org.h2.jdbc.JdbcSQLException: Syntax error in SQL statement &quot;SELECT RES.* 
     
    FROM ACT_RU_JOB RES
     
      
   
     ORDER BY  ORDER[*] BY RES.ID_ ASC  
    LIMIT ? OFFSET ? &quot;; expected &quot;=, NOT, EXISTS, INTERSECTS, SELECT, FROM&quot;; SQL statement:
select RES.* 
     
    from ACT_RU_JOB RES
     
      
   
     order by  order by RES.ID_ asc  
    LIMIT ? OFFSET ? [42001-176]
	at org.h2.message.DbException.getJdbcSQLException(DbException.java:344)
	at org.h2.message.DbException.getSyntaxError(DbException.java:204)
	at org.h2.command.Parser.getSyntaxError(Parser.java:524)
	at org.h2.command.Parser.readTerm(Parser.java:2688)
	at org.h2.command.Parser.readFactor(Parser.java:2244)
	at org.h2.command.Parser.readSum(Parser.java:2231)
	at org.h2.command.Parser.readConcat(Parser.java:2201)
	at org.h2.command.Parser.readCondition(Parser.java:2051)
	at org.h2.command.Parser.readAnd(Parser.java:2023)
	at org.h2.command.Parser.readExpression(Parser.java:2015)
	at org.h2.command.Parser.parseEndOfQuery(Parser.java:1726)
	at org.h2.command.Parser.parseSelectUnionExtension(Parser.java:1706)
	at org.h2.command.Parser.parseSelectUnion(Parser.java:1675)
	at org.h2.command.Parser.parseSelect(Parser.java:1662)
	at org.h2.command.Parser.parsePrepared(Parser.java:434)
	at org.h2.command.Parser.parse(Parser.java:306)
	at org.h2.command.Parser.parse(Parser.java:282)
	at org.h2.command.Parser.prepareCommand(Parser.java:243)
	at org.h2.engine.Session.prepareLocal(Session.java:442)
	at org.h2.engine.Session.prepareCommand(Session.java:384)
	at org.h2.jdbc.JdbcConnection.prepareCommand(JdbcConnection.java:1188)
	at org.h2.jdbc.JdbcPreparedStatement.&lt;init&gt;(JdbcPreparedStatement.java:73)
	at org.h2.jdbc.JdbcConnection.prepareStatement(JdbcConnection.java:276)
	at sun.reflect.GeneratedMethodAccessor6.invoke(Unknown Source)
	at sun.reflect.DelegatingMethodAccessorImpl.invoke(DelegatingMethodAccessorImpl.java:43)
	at java.lang.reflect.Method.invoke(Method.java:498)
	at org.apache.ibatis.datasource.pooled.PooledConnection.invoke(PooledConnection.java:245)
	at com.sun.proxy.$Proxy12.prepareStatement(Unknown Source)
	at sun.reflect.GeneratedMethodAccessor6.invoke(Unknown Source)
	at sun.reflect.DelegatingMethodAccessorImpl.invoke(DelegatingMethodAccessorImpl.java:43)
	at java.lang.reflect.Method.invoke(Method.java:498)
	at org.apache.ibatis.logging.jdbc.ConnectionLogger.invoke(ConnectionLogger.java:55)
	at com.sun.proxy.$Proxy12.prepareStatement(Unknown Source)
	at org.apache.ibatis.executor.statement.PreparedStatementHandler.instantiateStatement(PreparedStatementHandler.java:79)
	at org.apache.ibatis.executor.statement.BaseStatementHandler.prepare(BaseStatementHandler.java:88)
	at org.apache.ibatis.executor.statement.RoutingStatementHandler.prepare(RoutingStatementHandler.java:58)
	at org.apache.ibatis.executor.SimpleExecutor.prepareStatement(SimpleExecutor.java:76)
	at org.apache.ibatis.executor.SimpleExecutor.doQuery(SimpleExecutor.java:61)
	at org.apache.ibatis.executor.BaseExecutor.queryFromDatabase(BaseExecutor.java:303)
	at org.apache.ibatis.executor.BaseExecutor.query(BaseExecutor.java:154)
	at org.apache.ibatis.executor.CachingExecutor.query(CachingExecutor.java:102)
	at org.apache.ibatis.executor.CachingExecutor.query(CachingExecutor.java:82)
	at org.apache.ibatis.session.defaults.DefaultSqlSession.selectList(DefaultSqlSession.java:120)
	... 45 more
10:47:54,986 [main] DEBUG org.activiti.engine.impl.cfg.standalone.StandaloneMybatisTransactionContext  - firing event rolling back...
10:47:54,986 [main] DEBUG org.activiti.engine.impl.cfg.standalone.StandaloneMybatisTransactionContext  - rolling back ibatis sql session...
10:47:54,986 [main] DEBUG org.activiti.engine.impl.cfg.standalone.StandaloneMybatisTransactionContext  - firing event rolled back...
10:47:54,986 [Thread-112] DEBUG org.apache.ibatis.transaction.jdbc.JdbcTransaction  - Setting autocommit to false on JDBC Connection [conn70: url=jdbc:h2:mem:activiti-AsyncExecutorTest user=SA]
10:47:54,986 [Thread-112] DEBUG org.activiti.engine.impl.persistence.entity.JobEntity.selectAsyncJobsDueToExecute  - ==&gt;  Preparing: select RES.* from ACT_RU_JOB RES LEFT OUTER JOIN ACT_RU_EXECUTION PI ON PI.ID_ = RES.PROCESS_INSTANCE_ID_ where RES.RETRIES_ &gt; 0 and RES.DUEDATE_ is not null and RES.DUEDATE_ &lt;= ? and (RES.LOCK_EXP_TIME_ is null or RES.LOCK_EXP_TIME_ &lt;= ?) and TYPE_ = &apos;message&apos; and ( (RES.EXECUTION_ID_ is null) or (PI.SUSPENSION_STATE_ = 1) ) LIMIT ? OFFSET ? 
10:47:54,986 [main] DEBUG org.apache.ibatis.transaction.jdbc.JdbcTransaction  - Resetting autocommit to true on JDBC Connection [conn3: url=jdbc:h2:mem:activiti user=SA]
10:47:54,986 [main] DEBUG org.apache.ibatis.transaction.jdbc.JdbcTransaction  - Closing JDBC Connection [conn3: url=jdbc:h2:mem:activiti user=SA]
10:47:54,986 [Thread-112] DEBUG org.activiti.engine.impl.persistence.entity.JobEntity.selectAsyncJobsDueToExecute  - ==&gt; Parameters: 2023-03-20 10:48:50.669(Timestamp), 2023-03-20 10:48:50.669(Timestamp), 1(Integer), 0(Integer)
10:47:54,986 [main] DEBUG org.apache.ibatis.datasource.pooled.PooledDataSource  - Returned connection 180014677 to pool.
10:47:54,986 [main] DEBUG org.activiti.engine.impl.interceptor.LogInterceptor  - --- JobQueryImpl finished --------------------------------------------------------
10:47:54,986 [main] DEBUG org.activiti.engine.impl.interceptor.LogInterceptor  - 

10:47:54,986 [Thread-112] DEBUG org.activiti.engine.impl.persistence.entity.JobEntity.selectAsyncJobsDueToExecute  - &lt;==      Total: 0
10:47:54,987 [Thread-112] DEBUG org.activiti.engine.impl.db.DbSqlSession  - flush summary: 0 insert, 0 update, 0 delete.
10:47:54,987 [Thread-112] DEBUG org.activiti.engine.impl.db.DbSqlSession  - now executing flush...
10:47:54,987 [Thread-112] DEBUG org.activiti.engine.impl.cfg.standalone.StandaloneMybatisTransactionContext  - firing event committing...
10:47:54,987 [Thread-112] DEBUG org.activiti.engine.impl.cfg.standalone.StandaloneMybatisTransactionContext  - committing the ibatis sql session...
10:47:54,987 [Thread-112] DEBUG org.activiti.engine.impl.cfg.standalone.StandaloneMybatisTransactionContext  - firing event committed...
10:47:54,987 [Thread-112] DEBUG org.apache.ibatis.transaction.jdbc.JdbcTransaction  - Resetting autocommit to true on JDBC Connection [conn70: url=jdbc:h2:mem:activiti-AsyncExecutorTest user=SA]
10:47:54,987 [Thread-112] DEBUG org.apache.ibatis.transaction.jdbc.JdbcTransaction  - Closing JDBC Connection [conn70: url=jdbc:h2:mem:activiti-AsyncExecutorTest user=SA]
10:47:54,987 [Thread-112] DEBUG org.apache.ibatis.datasource.pooled.PooledDataSource  - Returned connection 604408605 to pool.
10:47:54,987 [Thread-112] DEBUG org.activiti.engine.impl.interceptor.LogInterceptor  - --- AcquireAsyncJobsDueCmd finished --------------------------------------------------------
10:47:54,987 [Thread-112] DEBUG org.activiti.engine.impl.interceptor.LogInterceptor  - 

10:47:54,987 [Thread-112] DEBUG org.activiti.engine.impl.asyncexecutor.AcquireAsyncJobsDueRunnable  - async job acquisition thread sleeping for 50 millis
10:47:55,001 [Thread-105] DEBUG org.activiti.engine.impl.asyncexecutor.AcquireTimerJobsRunnable  - timer job acquisition thread woke up
10:47:55,001 [Thread-106] DEBUG org.activiti.engine.impl.asyncexecutor.AcquireAsyncJobsDueRunnable  - async job acquisition thread woke up
10:47:55,001 [Thread-106] DEBUG org.activiti.engine.impl.interceptor.LogInterceptor  - 

10:47:55,001 [Thread-106] DEBUG org.activiti.engine.impl.interceptor.LogInterceptor  - --- starting AcquireAsyncJobsDueCmd --------------------------------------------------------
10:47:55,001 [Thread-103] DEBUG org.activiti.engine.impl.asyncexecutor.AcquireAsyncJobsDueRunnable  - async job acquisition thread woke up
10:47:55,001 [Thread-103] DEBUG org.activiti.engine.impl.interceptor.LogInterceptor  - 

10:47:55,001 [Thread-103] DEBUG org.activiti.engine.impl.interceptor.LogInterceptor  - --- starting AcquireAsyncJobsDueCmd --------------------------------------------------------
10:47:55,001 [Thread-103] DEBUG org.apache.ibatis.transaction.jdbc.JdbcTransaction  - Opening JDBC Connection
10:47:55,001 [Thread-103] DEBUG org.apache.ibatis.datasource.pooled.PooledDataSource  - Checked out connection 720039383 from pool.
10:47:55,001 [Thread-103] DEBUG org.apache.ibatis.transaction.jdbc.JdbcTransaction  - Setting autocommit to false on JDBC Connection [conn59: url=jdbc:h2:mem:activiti-AsyncExecutorTest user=SA]
10:47:55,001 [Thread-102] DEBUG org.activiti.engine.impl.asyncexecutor.AcquireTimerJobsRunnable  - timer job acquisition thread woke up
10:47:55,001 [Thread-102] DEBUG org.activiti.engine.impl.interceptor.LogInterceptor  - 

10:47:55,001 [Thread-102] DEBUG org.activiti.engine.impl.interceptor.LogInterceptor  - --- starting AcquireTimerJobsCmd --------------------------------------------------------
10:47:55,001 [Thread-102] DEBUG org.apache.ibatis.transaction.jdbc.JdbcTransaction  - Opening JDBC Connection
10:47:55,001 [Thread-102] DEBUG org.apache.ibatis.datasource.pooled.PooledDataSource  - Checked out connection 157985567 from pool.
10:47:55,001 [Thread-102] DEBUG org.apache.ibatis.transaction.jdbc.JdbcTransaction  - Setting autocommit to false on JDBC Connection [conn61: url=jdbc:h2:mem:activiti-AsyncExecutorTest user=SA]
10:47:55,001 [Thread-102] DEBUG org.activiti.engine.impl.persistence.entity.JobEntity.selectNextTimerJobsToExecute  - ==&gt;  Preparing: select RES.* from ACT_RU_JOB RES LEFT OUTER JOIN ACT_RU_EXECUTION PI ON PI.ID_ = RES.PROCESS_INSTANCE_ID_ where (RES.RETRIES_ &gt; 0) and (RES.DUEDATE_ is null or RES.DUEDATE_ &lt;= ?) and (RES.LOCK_OWNER_ is null or RES.LOCK_EXP_TIME_ &lt;= ?) and TYPE_ = &apos;timer&apos; and ( (RES.EXECUTION_ID_ is null) or (PI.SUSPENSION_STATE_ = 1) ) LIMIT ? OFFSET ? 
10:47:55,001 [Thread-102] DEBUG org.activiti.engine.impl.persistence.entity.JobEntity.selectNextTimerJobsToExecute  - ==&gt; Parameters: 2023-03-20 10:48:50.669(Timestamp), 2023-03-20 10:48:50.669(Timestamp), 1(Integer), 0(Integer)
10:47:55,001 [Thread-111] DEBUG org.activiti.engine.impl.asyncexecutor.AcquireTimerJobsRunnable  - timer job acquisition thread woke up
10:47:55,001 [Thread-111] DEBUG org.activiti.engine.impl.interceptor.LogInterceptor  - 

10:47:55,001 [Thread-111] DEBUG org.activiti.engine.impl.interceptor.LogInterceptor  - --- starting AcquireTimerJobsCmd --------------------------------------------------------
10:47:55,001 [Thread-111] DEBUG org.apache.ibatis.transaction.jdbc.JdbcTransaction  - Opening JDBC Connection
10:47:55,001 [Thread-111] DEBUG org.apache.ibatis.datasource.pooled.PooledDataSource  - Checked out connection 58501658 from pool.
10:47:55,001 [Thread-102] DEBUG org.activiti.engine.impl.persistence.entity.JobEntity.selectNextTimerJobsToExecute  - &lt;==      Total: 0
10:47:55,001 [Thread-102] DEBUG org.activiti.engine.impl.db.DbSqlSession  - flush summary: 0 insert, 0 update, 0 delete.
10:47:55,001 [Thread-102] DEBUG org.activiti.engine.impl.db.DbSqlSession  - now executing flush...
10:47:55,001 [Thread-102] DEBUG org.activiti.engine.impl.cfg.standalone.StandaloneMybatisTransactionContext  - firing event committing...
10:47:55,001 [Thread-102] DEBUG org.activiti.engine.impl.cfg.standalone.StandaloneMybatisTransactionContext  - committing the ibatis sql session...
10:47:55,001 [Thread-102] DEBUG org.activiti.engine.impl.cfg.standalone.StandaloneMybatisTransactionContext  - firing event committed...
10:47:55,001 [Thread-102] DEBUG org.apache.ibatis.transaction.jdbc.JdbcTransaction  - Resetting autocommit to true on JDBC Connection [conn61: url=jdbc:h2:mem:activiti-AsyncExecutorTest user=SA]
10:47:55,002 [Thread-102] DEBUG org.apache.ibatis.transaction.jdbc.JdbcTransaction  - Closing JDBC Connection [conn61: url=jdbc:h2:mem:activiti-AsyncExecutorTest user=SA]
10:47:55,002 [Thread-102] DEBUG org.apache.ibatis.datasource.pooled.PooledDataSource  - Returned connection 157985567 to pool.
10:47:55,002 [Thread-102] DEBUG org.activiti.engine.impl.interceptor.LogInterceptor  - --- AcquireTimerJobsCmd finished --------------------------------------------------------
10:47:55,002 [Thread-102] DEBUG org.activiti.engine.impl.interceptor.LogInterceptor  - 

10:47:55,001 [Thread-103] DEBUG org.activiti.engine.impl.persistence.entity.JobEntity.selectAsyncJobsDueToExecute  - ==&gt;  Preparing: select RES.* from ACT_RU_JOB RES LEFT OUTER JOIN ACT_RU_EXECUTION PI ON PI.ID_ = RES.PROCESS_INSTANCE_ID_ where RES.RETRIES_ &gt; 0 and RES.DUEDATE_ is not null and RES.DUEDATE_ &lt;= ? and (RES.LOCK_EXP_TIME_ is null or RES.LOCK_EXP_TIME_ &lt;= ?) and TYPE_ = &apos;message&apos; and ( (RES.EXECUTION_ID_ is null) or (PI.SUSPENSION_STATE_ = 1) ) LIMIT ? OFFSET ? 
10:47:55,002 [Thread-103] DEBUG org.activiti.engine.impl.persistence.entity.JobEntity.selectAsyncJobsDueToExecute  - ==&gt; Parameters: 2023-03-20 10:48:50.669(Timestamp), 2023-03-20 10:48:50.669(Timestamp), 1(Integer), 0(Integer)
10:47:55,001 [Thread-106] DEBUG org.apache.ibatis.transaction.jdbc.JdbcTransaction  - Opening JDBC Connection
10:47:55,002 [Thread-106] DEBUG org.apache.ibatis.datasource.pooled.PooledDataSource  - Checked out connection 996762054 from pool.
10:47:55,002 [Thread-106] DEBUG org.apache.ibatis.transaction.jdbc.JdbcTransaction  - Setting autocommit to false on JDBC Connection [conn65: url=jdbc:h2:mem:activiti-AsyncExecutorTest user=SA]
10:47:55,001 [Thread-105] DEBUG org.activiti.engine.impl.interceptor.LogInterceptor  - 

10:47:55,002 [Thread-105] DEBUG org.activiti.engine.impl.interceptor.LogInterceptor  - --- starting AcquireTimerJobsCmd --------------------------------------------------------
10:47:55,002 [Thread-105] DEBUG org.apache.ibatis.transaction.jdbc.JdbcTransaction  - Opening JDBC Connection
10:47:55,002 [Thread-106] DEBUG org.activiti.engine.impl.persistence.entity.JobEntity.selectAsyncJobsDueToExecute  - ==&gt;  Preparing: select RES.* from ACT_RU_JOB RES LEFT OUTER JOIN ACT_RU_EXECUTION PI ON PI.ID_ = RES.PROCESS_INSTANCE_ID_ where RES.RETRIES_ &gt; 0 and RES.DUEDATE_ is not null and RES.DUEDATE_ &lt;= ? and (RES.LOCK_EXP_TIME_ is null or RES.LOCK_EXP_TIME_ &lt;= ?) and TYPE_ = &apos;message&apos; and ( (RES.EXECUTION_ID_ is null) or (PI.SUSPENSION_STATE_ = 1) ) LIMIT ? OFFSET ? 
10:47:55,002 [Thread-106] DEBUG org.activiti.engine.impl.persistence.entity.JobEntity.selectAsyncJobsDueToExecute  - ==&gt; Parameters: 2023-03-20 10:48:50.669(Timestamp), 2023-03-20 10:48:50.669(Timestamp), 1(Integer), 0(Integer)
10:47:55,002 [Thread-106] DEBUG org.activiti.engine.impl.persistence.entity.JobEntity.selectAsyncJobsDueToExecute  - &lt;==      Total: 0
10:47:55,002 [Thread-106] DEBUG org.activiti.engine.impl.db.DbSqlSession  - flush summary: 0 insert, 0 update, 0 delete.
10:47:55,002 [Thread-106] DEBUG org.activiti.engine.impl.db.DbSqlSession  - now executing flush...
10:47:55,002 [Thread-106] DEBUG org.activiti.engine.impl.cfg.standalone.StandaloneMybatisTransactionContext  - firing event committing...
10:47:55,002 [Thread-106] DEBUG org.activiti.engine.impl.cfg.standalone.StandaloneMybatisTransactionContext  - committing the ibatis sql session...
10:47:55,002 [Thread-106] DEBUG org.activiti.engine.impl.cfg.standalone.StandaloneMybatisTransactionContext  - firing event committed...
10:47:55,002 [Thread-106] DEBUG org.apache.ibatis.transaction.jdbc.JdbcTransaction  - Resetting autocommit to true on JDBC Connection [conn65: url=jdbc:h2:mem:activiti-AsyncExecutorTest user=SA]
10:47:55,002 [Thread-106] DEBUG org.apache.ibatis.transaction.jdbc.JdbcTransaction  - Closing JDBC Connection [conn65: url=jdbc:h2:mem:activiti-AsyncExecutorTest user=SA]
10:47:55,002 [Thread-103] DEBUG org.activiti.engine.impl.persistence.entity.JobEntity.selectAsyncJobsDueToExecute  - &lt;==      Total: 0
10:47:55,002 [Thread-103] DEBUG org.activiti.engine.impl.db.DbSqlSession  - flush summary: 0 insert, 0 update, 0 delete.
10:47:55,002 [Thread-103] DEBUG org.activiti.engine.impl.db.DbSqlSession  - now executing flush...
10:47:55,002 [Thread-103] DEBUG org.activiti.engine.impl.cfg.standalone.StandaloneMybatisTransactionContext  - firing event committing...
10:47:55,002 [Thread-103] DEBUG org.activiti.engine.impl.cfg.standalone.StandaloneMybatisTransactionContext  - committing the ibatis sql session...
10:47:55,002 [Thread-103] DEBUG org.activiti.engine.impl.cfg.standalone.StandaloneMybatisTransactionContext  - firing event committed...
10:47:55,002 [Thread-103] DEBUG org.apache.ibatis.transaction.jdbc.JdbcTransaction  - Resetting autocommit to true on JDBC Connection [conn59: url=jdbc:h2:mem:activiti-AsyncExecutorTest user=SA]
10:47:55,002 [Thread-103] DEBUG org.apache.ibatis.transaction.jdbc.JdbcTransaction  - Closing JDBC Connection [conn59: url=jdbc:h2:mem:activiti-AsyncExecutorTest user=SA]
10:47:55,002 [Thread-103] DEBUG org.apache.ibatis.datasource.pooled.PooledDataSource  - Returned connection 720039383 to pool.
10:47:55,002 [Thread-103] DEBUG org.activiti.engine.impl.interceptor.LogInterceptor  - --- AcquireAsyncJobsDueCmd finished --------------------------------------------------------
10:47:55,002 [Thread-103] DEBUG org.activiti.engine.impl.interceptor.LogInterceptor  - 

10:47:55,002 [Thread-103] DEBUG org.activiti.engine.impl.asyncexecutor.AcquireAsyncJobsDueRunnable  - async job acquisition thread sleeping for 50 millis
10:47:55,002 [Thread-102] DEBUG org.activiti.engine.impl.asyncexecutor.AcquireTimerJobsRunnable  - timer job acquisition thread sleeping for 50 millis
10:47:55,001 [Thread-111] DEBUG org.apache.ibatis.transaction.jdbc.JdbcTransaction  - Setting autocommit to false on JDBC Connection [conn68: url=jdbc:h2:mem:activiti-AsyncExecutorTest user=SA]
10:47:55,003 [Thread-111] DEBUG org.activiti.engine.impl.persistence.entity.JobEntity.selectNextTimerJobsToExecute  - ==&gt;  Preparing: select RES.* from ACT_RU_JOB RES LEFT OUTER JOIN ACT_RU_EXECUTION PI ON PI.ID_ = RES.PROCESS_INSTANCE_ID_ where (RES.RETRIES_ &gt; 0) and (RES.DUEDATE_ is null or RES.DUEDATE_ &lt;= ?) and (RES.LOCK_OWNER_ is null or RES.LOCK_EXP_TIME_ &lt;= ?) and TYPE_ = &apos;timer&apos; and ( (RES.EXECUTION_ID_ is null) or (PI.SUSPENSION_STATE_ = 1) ) LIMIT ? OFFSET ? 
10:47:55,002 [Thread-105] DEBUG org.apache.ibatis.datasource.pooled.PooledDataSource  - Checked out connection 54468349 from pool.
10:47:55,003 [Thread-105] DEBUG org.apache.ibatis.transaction.jdbc.JdbcTransaction  - Setting autocommit to false on JDBC Connection [conn64: url=jdbc:h2:mem:activiti-AsyncExecutorTest user=SA]
10:47:55,003 [Thread-105] DEBUG org.activiti.engine.impl.persistence.entity.JobEntity.selectNextTimerJobsToExecute  - ==&gt;  Preparing: select RES.* from ACT_RU_JOB RES LEFT OUTER JOIN ACT_RU_EXECUTION PI ON PI.ID_ = RES.PROCESS_INSTANCE_ID_ where (RES.RETRIES_ &gt; 0) and (RES.DUEDATE_ is null or RES.DUEDATE_ &lt;= ?) and (RES.LOCK_OWNER_ is null or RES.LOCK_EXP_TIME_ &lt;= ?) and TYPE_ = &apos;timer&apos; and ( (RES.EXECUTION_ID_ is null) or (PI.SUSPENSION_STATE_ = 1) ) LIMIT ? OFFSET ? 
10:47:55,003 [Thread-111] DEBUG org.activiti.engine.impl.persistence.entity.JobEntity.selectNextTimerJobsToExecute  - ==&gt; Parameters: 2023-03-20 10:48:50.669(Timestamp), 2023-03-20 10:48:50.669(Timestamp), 1(Integer), 0(Integer)
10:47:55,003 [Thread-111] DEBUG org.activiti.engine.impl.persistence.entity.JobEntity.selectNextTimerJobsToExecute  - &lt;==      Total: 0
10:47:55,003 [Thread-111] DEBUG org.activiti.engine.impl.db.DbSqlSession  - flush summary: 0 insert, 0 update, 0 delete.
10:47:55,003 [Thread-111] DEBUG org.activiti.engine.impl.db.DbSqlSession  - now executing flush...
10:47:55,003 [Thread-111] DEBUG org.activiti.engine.impl.cfg.standalone.StandaloneMybatisTransactionContext  - firing event committing...
10:47:55,003 [Thread-111] DEBUG org.activiti.engine.impl.cfg.standalone.StandaloneMybatisTransactionContext  - committing the ibatis sql session...
10:47:55,003 [Thread-111] DEBUG org.activiti.engine.impl.cfg.standalone.StandaloneMybatisTransactionContext  - firing event committed...
10:47:55,003 [Thread-111] DEBUG org.apache.ibatis.transaction.jdbc.JdbcTransaction  - Resetting autocommit to true on JDBC Connection [conn68: url=jdbc:h2:mem:activiti-AsyncExecutorTest user=SA]
10:47:55,003 [Thread-111] DEBUG org.apache.ibatis.transaction.jdbc.JdbcTransaction  - Closing JDBC Connection [conn68: url=jdbc:h2:mem:activiti-AsyncExecutorTest user=SA]
10:47:55,003 [Thread-111] DEBUG org.apache.ibatis.datasource.pooled.PooledDataSource  - Returned connection 58501658 to pool.
10:47:55,003 [Thread-111] DEBUG org.activiti.engine.impl.interceptor.LogInterceptor  - --- AcquireTimerJobsCmd finished --------------------------------------------------------
10:47:55,003 [Thread-111] DEBUG org.activiti.engine.impl.interceptor.LogInterceptor  - 

10:47:55,003 [Thread-111] DEBUG org.activiti.engine.impl.asyncexecutor.AcquireTimerJobsRunnable  - timer job acquisition thread sleeping for 50 millis
10:47:55,003 [Thread-105] DEBUG org.activiti.engine.impl.persistence.entity.JobEntity.selectNextTimerJobsToExecute  - ==&gt; Parameters: 2023-03-20 10:48:50.669(Timestamp), 2023-03-20 10:48:50.669(Timestamp), 1(Integer), 0(Integer)
10:47:55,003 [Thread-105] DEBUG org.activiti.engine.impl.persistence.entity.JobEntity.selectNextTimerJobsToExecute  - &lt;==      Total: 0
10:47:55,003 [Thread-105] DEBUG org.activiti.engine.impl.db.DbSqlSession  - flush summary: 0 insert, 0 update, 0 delete.
10:47:55,003 [Thread-105] DEBUG org.activiti.engine.impl.db.DbSqlSession  - now executing flush...
10:47:55,003 [Thread-105] DEBUG org.activiti.engine.impl.cfg.standalone.StandaloneMybatisTransactionContext  - firing event committing...
10:47:55,003 [Thread-105] DEBUG org.activiti.engine.impl.cfg.standalone.StandaloneMybatisTransactionContext  - committing the ibatis sql session...
10:47:55,003 [Thread-105] DEBUG org.activiti.engine.impl.cfg.standalone.StandaloneMybatisTransactionContext  - firing event committed...
10:47:55,003 [Thread-105] DEBUG org.apache.ibatis.transaction.jdbc.JdbcTransaction  - Resetting autocommit to true on JDBC Connection [conn64: url=jdbc:h2:mem:activiti-AsyncExecutorTest user=SA]
10:47:55,003 [Thread-105] DEBUG org.apache.ibatis.transaction.jdbc.JdbcTransaction  - Closing JDBC Connection [conn64: url=jdbc:h2:mem:activiti-AsyncExecutorTest user=SA]
10:47:55,003 [Thread-106] DEBUG org.apache.ibatis.datasource.pooled.PooledDataSource  - Returned connection 996762054 to pool.
10:47:55,003 [Thread-106] DEBUG org.activiti.engine.impl.interceptor.LogInterceptor  - --- AcquireAsyncJobsDueCmd finished --------------------------------------------------------
10:47:55,003 [Thread-106] DEBUG org.activiti.engine.impl.interceptor.LogInterceptor  - 

10:47:55,003 [Thread-106] DEBUG org.activiti.engine.impl.asyncexecutor.AcquireAsyncJobsDueRunnable  - async job acquisition thread sleeping for 50 millis
10:47:55,003 [Thread-105] DEBUG org.apache.ibatis.datasource.pooled.PooledDataSource  - Returned connection 54468349 to pool.
10:47:55,003 [Thread-105] DEBUG org.activiti.engine.impl.interceptor.LogInterceptor  - --- AcquireTimerJobsCmd finished --------------------------------------------------------
10:47:55,003 [Thread-105] DEBUG org.activiti.engine.impl.interceptor.LogInterceptor  - 

10:47:55,003 [Thread-105] DEBUG org.activiti.engine.impl.asyncexecutor.AcquireTimerJobsRunnable  - timer job acquisition thread sleeping for 50 millis
10:47:55,049 [Thread-112] DEBUG org.activiti.engine.impl.asyncexecutor.AcquireAsyncJobsDueRunnable  - async job acquisition thread woke up
10:47:55,049 [Thread-112] DEBUG org.activiti.engine.impl.interceptor.LogInterceptor  - 

10:47:55,049 [Thread-112] DEBUG org.activiti.engine.impl.interceptor.LogInterceptor  - --- starting AcquireAsyncJobsDueCmd --------------------------------------------------------
10:47:55,049 [Thread-112] DEBUG org.apache.ibatis.transaction.jdbc.JdbcTransaction  - Opening JDBC Connection
10:47:55,049 [Thread-112] DEBUG org.apache.ibatis.datasource.pooled.PooledDataSource  - Checked out connection 1863805930 from pool.
10:47:55,049 [Thread-112] DEBUG org.apache.ibatis.transaction.jdbc.JdbcTransaction  - Setting autocommit to false on JDBC Connection [conn69: url=jdbc:h2:mem:activiti-AsyncExecutorTest user=SA]
10:47:55,049 [Thread-112] DEBUG org.activiti.engine.impl.persistence.entity.JobEntity.selectAsyncJobsDueToExecute  - ==&gt;  Preparing: select RES.* from ACT_RU_JOB RES LEFT OUTER JOIN ACT_RU_EXECUTION PI ON PI.ID_ = RES.PROCESS_INSTANCE_ID_ where RES.RETRIES_ &gt; 0 and RES.DUEDATE_ is not null and RES.DUEDATE_ &lt;= ? and (RES.LOCK_EXP_TIME_ is null or RES.LOCK_EXP_TIME_ &lt;= ?) and TYPE_ = &apos;message&apos; and ( (RES.EXECUTION_ID_ is null) or (PI.SUSPENSION_STATE_ = 1) ) LIMIT ? OFFSET ? 
10:47:55,049 [Thread-112] DEBUG org.activiti.engine.impl.persistence.entity.JobEntity.selectAsyncJobsDueToExecute  - ==&gt; Parameters: 2023-03-20 10:48:50.669(Timestamp), 2023-03-20 10:48:50.669(Timestamp), 1(Integer), 0(Integer)
10:47:55,049 [Thread-112] DEBUG org.activiti.engine.impl.persistence.entity.JobEntity.selectAsyncJobsDueToExecute  - &lt;==      Total: 0
10:47:55,049 [Thread-112] DEBUG org.activiti.engine.impl.db.DbSqlSession  - flush summary: 0 insert, 0 update, 0 delete.
10:47:55,049 [Thread-112] DEBUG org.activiti.engine.impl.db.DbSqlSession  - now executing flush...
10:47:55,049 [Thread-112] DEBUG org.activiti.engine.impl.cfg.standalone.StandaloneMybatisTransactionContext  - firing event committing...
10:47:55,049 [Thread-112] DEBUG org.activiti.engine.impl.cfg.standalone.StandaloneMybatisTransactionContext  - committing the ibatis sql session...
10:47:55,049 [Thread-112] DEBUG org.activiti.engine.impl.cfg.standalone.StandaloneMybatisTransactionContext  - firing event committed...
10:47:55,049 [Thread-112] DEBUG org.apache.ibatis.transaction.jdbc.JdbcTransaction  - Resetting autocommit to true on JDBC Connection [conn69: url=jdbc:h2:mem:activiti-AsyncExecutorTest user=SA]
10:47:55,049 [Thread-112] DEBUG org.apache.ibatis.transaction.jdbc.JdbcTransaction  - Closing JDBC Connection [conn69: url=jdbc:h2:mem:activiti-AsyncExecutorTest user=SA]
10:47:55,049 [Thread-112] DEBUG org.apache.ibatis.datasource.pooled.PooledDataSource  - Returned connection 1863805930 to pool.
10:47:55,049 [Thread-112] DEBUG org.activiti.engine.impl.interceptor.LogInterceptor  - --- AcquireAsyncJobsDueCmd finished --------------------------------------------------------
10:47:55,049 [Thread-112] DEBUG org.activiti.engine.impl.interceptor.LogInterceptor  - 

10:47:55,049 [Thread-112] DEBUG org.activiti.engine.impl.asyncexecutor.AcquireAsyncJobsDueRunnable  - async job acquisition thread sleeping for 50 millis
10:47:55,064 [Thread-106] DEBUG org.activiti.engine.impl.asyncexecutor.AcquireAsyncJobsDueRunnable  - async job acquisition thread woke up
10:47:55,064 [Thread-103] DEBUG org.activiti.engine.impl.asyncexecutor.AcquireAsyncJobsDueRunnable  - async job acquisition thread woke up
10:47:55,064 [Thread-103] DEBUG org.activiti.engine.impl.interceptor.LogInterceptor  - 

10:47:55,064 [Thread-103] DEBUG org.activiti.engine.impl.interceptor.LogInterceptor  - --- starting AcquireAsyncJobsDueCmd --------------------------------------------------------
10:47:55,064 [Thread-111] DEBUG org.activiti.engine.impl.asyncexecutor.AcquireTimerJobsRunnable  - timer job acquisition thread woke up
10:47:55,064 [Thread-111] DEBUG org.activiti.engine.impl.interceptor.LogInterceptor  - 

10:47:55,064 [Thread-111] DEBUG org.activiti.engine.impl.interceptor.LogInterceptor  - --- starting AcquireTimerJobsCmd --------------------------------------------------------
10:47:55,064 [Thread-105] DEBUG org.activiti.engine.impl.asyncexecutor.AcquireTimerJobsRunnable  - timer job acquisition thread woke up
10:47:55,064 [Thread-105] DEBUG org.activiti.engine.impl.interceptor.LogInterceptor  - 

10:47:55,064 [Thread-105] DEBUG org.activiti.engine.impl.interceptor.LogInterceptor  - --- starting AcquireTimerJobsCmd --------------------------------------------------------
10:47:55,064 [Thread-102] DEBUG org.activiti.engine.impl.asyncexecutor.AcquireTimerJobsRunnable  - timer job acquisition thread woke up
10:47:55,064 [Thread-102] DEBUG org.activiti.engine.impl.interceptor.LogInterceptor  - 

10:47:55,065 [Thread-102] DEBUG org.activiti.engine.impl.interceptor.LogInterceptor  - --- starting AcquireTimerJobsCmd --------------------------------------------------------
10:47:55,064 [Thread-105] DEBUG org.apache.ibatis.transaction.jdbc.JdbcTransaction  - Opening JDBC Connection
10:47:55,065 [Thread-105] DEBUG org.apache.ibatis.datasource.pooled.PooledDataSource  - Checked out connection 1970103261 from pool.
10:47:55,065 [Thread-105] DEBUG org.apache.ibatis.transaction.jdbc.JdbcTransaction  - Setting autocommit to false on JDBC Connection [conn63: url=jdbc:h2:mem:activiti-AsyncExecutorTest user=SA]
10:47:55,065 [Thread-105] DEBUG org.activiti.engine.impl.persistence.entity.JobEntity.selectNextTimerJobsToExecute  - ==&gt;  Preparing: select RES.* from ACT_RU_JOB RES LEFT OUTER JOIN ACT_RU_EXECUTION PI ON PI.ID_ = RES.PROCESS_INSTANCE_ID_ where (RES.RETRIES_ &gt; 0) and (RES.DUEDATE_ is null or RES.DUEDATE_ &lt;= ?) and (RES.LOCK_OWNER_ is null or RES.LOCK_EXP_TIME_ &lt;= ?) and TYPE_ = &apos;timer&apos; and ( (RES.EXECUTION_ID_ is null) or (PI.SUSPENSION_STATE_ = 1) ) LIMIT ? OFFSET ? 
10:47:55,064 [Thread-111] DEBUG org.apache.ibatis.transaction.jdbc.JdbcTransaction  - Opening JDBC Connection
10:47:55,065 [Thread-111] DEBUG org.apache.ibatis.datasource.pooled.PooledDataSource  - Checked out connection 604408605 from pool.
10:47:55,065 [Thread-111] DEBUG org.apache.ibatis.transaction.jdbc.JdbcTransaction  - Setting autocommit to false on JDBC Connection [conn70: url=jdbc:h2:mem:activiti-AsyncExecutorTest user=SA]
10:47:55,064 [Thread-103] DEBUG org.apache.ibatis.transaction.jdbc.JdbcTransaction  - Opening JDBC Connection
10:47:55,065 [Thread-103] DEBUG org.apache.ibatis.datasource.pooled.PooledDataSource  - Checked out connection 33534803 from pool.
10:47:55,065 [Thread-103] DEBUG org.apache.ibatis.transaction.jdbc.JdbcTransaction  - Setting autocommit to false on JDBC Connection [conn60: url=jdbc:h2:mem:activiti-AsyncExecutorTest user=SA]
10:47:55,064 [Thread-106] DEBUG org.activiti.engine.impl.interceptor.LogInterceptor  - 

10:47:55,065 [Thread-106] DEBUG org.activiti.engine.impl.interceptor.LogInterceptor  - --- starting AcquireAsyncJobsDueCmd --------------------------------------------------------
10:47:55,065 [Thread-106] DEBUG org.apache.ibatis.transaction.jdbc.JdbcTransaction  - Opening JDBC Connection
10:47:55,065 [Thread-106] DEBUG org.apache.ibatis.datasource.pooled.PooledDataSource  - Checked out connection 996762054 from pool.
10:47:55,065 [Thread-106] DEBUG org.apache.ibatis.transaction.jdbc.JdbcTransaction  - Setting autocommit to false on JDBC Connection [conn65: url=jdbc:h2:mem:activiti-AsyncExecutorTest user=SA]
10:47:55,065 [Thread-106] DEBUG org.activiti.engine.impl.persistence.entity.JobEntity.selectAsyncJobsDueToExecute  - ==&gt;  Preparing: select RES.* from ACT_RU_JOB RES LEFT OUTER JOIN ACT_RU_EXECUTION PI ON PI.ID_ = RES.PROCESS_INSTANCE_ID_ where RES.RETRIES_ &gt; 0 and RES.DUEDATE_ is not null and RES.DUEDATE_ &lt;= ? and (RES.LOCK_EXP_TIME_ is null or RES.LOCK_EXP_TIME_ &lt;= ?) and TYPE_ = &apos;message&apos; and ( (RES.EXECUTION_ID_ is null) or (PI.SUSPENSION_STATE_ = 1) ) LIMIT ? OFFSET ? 
10:47:55,065 [Thread-106] DEBUG org.activiti.engine.impl.persistence.entity.JobEntity.selectAsyncJobsDueToExecute  - ==&gt; Parameters: 2023-03-20 10:48:50.669(Timestamp), 2023-03-20 10:48:50.669(Timestamp), 1(Integer), 0(Integer)
10:47:55,065 [Thread-103] DEBUG org.activiti.engine.impl.persistence.entity.JobEntity.selectAsyncJobsDueToExecute  - ==&gt;  Preparing: select RES.* from ACT_RU_JOB RES LEFT OUTER JOIN ACT_RU_EXECUTION PI ON PI.ID_ = RES.PROCESS_INSTANCE_ID_ where RES.RETRIES_ &gt; 0 and RES.DUEDATE_ is not null and RES.DUEDATE_ &lt;= ? and (RES.LOCK_EXP_TIME_ is null or RES.LOCK_EXP_TIME_ &lt;= ?) and TYPE_ = &apos;message&apos; and ( (RES.EXECUTION_ID_ is null) or (PI.SUSPENSION_STATE_ = 1) ) LIMIT ? OFFSET ? 
10:47:55,065 [Thread-103] DEBUG org.activiti.engine.impl.persistence.entity.JobEntity.selectAsyncJobsDueToExecute  - ==&gt; Parameters: 2023-03-20 10:48:50.669(Timestamp), 2023-03-20 10:48:50.669(Timestamp), 1(Integer), 0(Integer)
10:47:55,065 [Thread-103] DEBUG org.activiti.engine.impl.persistence.entity.JobEntity.selectAsyncJobsDueToExecute  - &lt;==      Total: 0
10:47:55,065 [Thread-111] DEBUG org.activiti.engine.impl.persistence.entity.JobEntity.selectNextTimerJobsToExecute  - ==&gt;  Preparing: select RES.* from ACT_RU_JOB RES LEFT OUTER JOIN ACT_RU_EXECUTION PI ON PI.ID_ = RES.PROCESS_INSTANCE_ID_ where (RES.RETRIES_ &gt; 0) and (RES.DUEDATE_ is null or RES.DUEDATE_ &lt;= ?) and (RES.LOCK_OWNER_ is null or RES.LOCK_EXP_TIME_ &lt;= ?) and TYPE_ = &apos;timer&apos; and ( (RES.EXECUTION_ID_ is null) or (PI.SUSPENSION_STATE_ = 1) ) LIMIT ? OFFSET ? 
10:47:55,065 [Thread-111] DEBUG org.activiti.engine.impl.persistence.entity.JobEntity.selectNextTimerJobsToExecute  - ==&gt; Parameters: 2023-03-20 10:48:50.669(Timestamp), 2023-03-20 10:48:50.669(Timestamp), 1(Integer), 0(Integer)
10:47:55,066 [Thread-111] DEBUG org.activiti.engine.impl.persistence.entity.JobEntity.selectNextTimerJobsToExecute  - &lt;==      Total: 0
10:47:55,066 [Thread-111] DEBUG org.activiti.engine.impl.db.DbSqlSession  - flush summary: 0 insert, 0 update, 0 delete.
10:47:55,066 [Thread-111] DEBUG org.activiti.engine.impl.db.DbSqlSession  - now executing flush...
10:47:55,066 [Thread-111] DEBUG org.activiti.engine.impl.cfg.standalone.StandaloneMybatisTransactionContext  - firing event committing...
10:47:55,066 [Thread-111] DEBUG org.activiti.engine.impl.cfg.standalone.StandaloneMybatisTransactionContext  - committing the ibatis sql session...
10:47:55,066 [Thread-111] DEBUG org.activiti.engine.impl.cfg.standalone.StandaloneMybatisTransactionContext  - firing event committed...
10:47:55,065 [Thread-105] DEBUG org.activiti.engine.impl.persistence.entity.JobEntity.selectNextTimerJobsToExecute  - ==&gt; Parameters: 2023-03-20 10:48:50.669(Timestamp), 2023-03-20 10:48:50.669(Timestamp), 1(Integer), 0(Integer)
10:47:55,066 [Thread-105] DEBUG org.activiti.engine.impl.persistence.entity.JobEntity.selectNextTimerJobsToExecute  - &lt;==      Total: 0
10:47:55,066 [Thread-105] DEBUG org.activiti.engine.impl.db.DbSqlSession  - flush summary: 0 insert, 0 update, 0 delete.
10:47:55,066 [Thread-105] DEBUG org.activiti.engine.impl.db.DbSqlSession  - now executing flush...
10:47:55,066 [Thread-105] DEBUG org.activiti.engine.impl.cfg.standalone.StandaloneMybatisTransactionContext  - firing event committing...
10:47:55,066 [Thread-105] DEBUG org.activiti.engine.impl.cfg.standalone.StandaloneMybatisTransactionContext  - committing the ibatis sql session...
10:47:55,066 [Thread-105] DEBUG org.activiti.engine.impl.cfg.standalone.StandaloneMybatisTransactionContext  - firing event committed...
10:47:55,066 [Thread-105] DEBUG org.apache.ibatis.transaction.jdbc.JdbcTransaction  - Resetting autocommit to true on JDBC Connection [conn63: url=jdbc:h2:mem:activiti-AsyncExecutorTest user=SA]
10:47:55,066 [Thread-105] DEBUG org.apache.ibatis.transaction.jdbc.JdbcTransaction  - Closing JDBC Connection [conn63: url=jdbc:h2:mem:activiti-AsyncExecutorTest user=SA]
10:47:55,066 [Thread-105] DEBUG org.apache.ibatis.datasource.pooled.PooledDataSource  - Returned connection 1970103261 to pool.
10:47:55,066 [Thread-105] DEBUG org.activiti.engine.impl.interceptor.LogInterceptor  - --- AcquireTimerJobsCmd finished --------------------------------------------------------
10:47:55,066 [Thread-105] DEBUG org.activiti.engine.impl.interceptor.LogInterceptor  - 

10:47:55,066 [Thread-105] DEBUG org.activiti.engine.impl.asyncexecutor.AcquireTimerJobsRunnable  - timer job acquisition thread sleeping for 50 millis
10:47:55,065 [Thread-102] DEBUG org.apache.ibatis.transaction.jdbc.JdbcTransaction  - Opening JDBC Connection
10:47:55,066 [Thread-102] DEBUG org.apache.ibatis.datasource.pooled.PooledDataSource  - Checked out connection 157985567 from pool.
10:47:55,066 [Thread-102] DEBUG org.apache.ibatis.transaction.jdbc.JdbcTransaction  - Setting autocommit to false on JDBC Connection [conn61: url=jdbc:h2:mem:activiti-AsyncExecutorTest user=SA]
10:47:55,066 [Thread-102] DEBUG org.activiti.engine.impl.persistence.entity.JobEntity.selectNextTimerJobsToExecute  - ==&gt;  Preparing: select RES.* from ACT_RU_JOB RES LEFT OUTER JOIN ACT_RU_EXECUTION PI ON PI.ID_ = RES.PROCESS_INSTANCE_ID_ where (RES.RETRIES_ &gt; 0) and (RES.DUEDATE_ is null or RES.DUEDATE_ &lt;= ?) and (RES.LOCK_OWNER_ is null or RES.LOCK_EXP_TIME_ &lt;= ?) and TYPE_ = &apos;timer&apos; and ( (RES.EXECUTION_ID_ is null) or (PI.SUSPENSION_STATE_ = 1) ) LIMIT ? OFFSET ? 
10:47:55,066 [Thread-102] DEBUG org.activiti.engine.impl.persistence.entity.JobEntity.selectNextTimerJobsToExecute  - ==&gt; Parameters: 2023-03-20 10:48:50.669(Timestamp), 2023-03-20 10:48:50.669(Timestamp), 1(Integer), 0(Integer)
10:47:55,066 [Thread-102] DEBUG org.activiti.engine.impl.persistence.entity.JobEntity.selectNextTimerJobsToExecute  - &lt;==      Total: 0
10:47:55,066 [Thread-102] DEBUG org.activiti.engine.impl.db.DbSqlSession  - flush summary: 0 insert, 0 update, 0 delete.
10:47:55,066 [Thread-102] DEBUG org.activiti.engine.impl.db.DbSqlSession  - now executing flush...
10:47:55,066 [Thread-102] DEBUG org.activiti.engine.impl.cfg.standalone.StandaloneMybatisTransactionContext  - firing event committing...
10:47:55,066 [Thread-102] DEBUG org.activiti.engine.impl.cfg.standalone.StandaloneMybatisTransactionContext  - committing the ibatis sql session...
10:47:55,066 [Thread-102] DEBUG org.activiti.engine.impl.cfg.standalone.StandaloneMybatisTransactionContext  - firing event committed...
10:47:55,066 [Thread-102] DEBUG org.apache.ibatis.transaction.jdbc.JdbcTransaction  - Resetting autocommit to true on JDBC Connection [conn61: url=jdbc:h2:mem:activiti-AsyncExecutorTest user=SA]
10:47:55,066 [Thread-102] DEBUG org.apache.ibatis.transaction.jdbc.JdbcTransaction  - Closing JDBC Connection [conn61: url=jdbc:h2:mem:activiti-AsyncExecutorTest user=SA]
10:47:55,066 [Thread-102] DEBUG org.apache.ibatis.datasource.pooled.PooledDataSource  - Returned connection 157985567 to pool.
10:47:55,066 [Thread-102] DEBUG org.activiti.engine.impl.interceptor.LogInterceptor  - --- AcquireTimerJobsCmd finished --------------------------------------------------------
10:47:55,066 [Thread-102] DEBUG org.activiti.engine.impl.interceptor.LogInterceptor  - 

10:47:55,066 [Thread-102] DEBUG org.activiti.engine.impl.asyncexecutor.AcquireTimerJobsRunnable  - timer job acquisition thread sleeping for 50 millis
10:47:55,066 [Thread-111] DEBUG org.apache.ibatis.transaction.jdbc.JdbcTransaction  - Resetting autocommit to true on JDBC Connection [conn70: url=jdbc:h2:mem:activiti-AsyncExecutorTest user=SA]
10:47:55,066 [Thread-111] DEBUG org.apache.ibatis.transaction.jdbc.JdbcTransaction  - Closing JDBC Connection [conn70: url=jdbc:h2:mem:activiti-AsyncExecutorTest user=SA]
10:47:55,066 [Thread-111] DEBUG org.apache.ibatis.datasource.pooled.PooledDataSource  - Returned connection 604408605 to pool.
10:47:55,066 [Thread-111] DEBUG org.activiti.engine.impl.interceptor.LogInterceptor  - --- AcquireTimerJobsCmd finished --------------------------------------------------------
10:47:55,066 [Thread-111] DEBUG org.activiti.engine.impl.interceptor.LogInterceptor  - 

10:47:55,066 [Thread-111] DEBUG org.activiti.engine.impl.asyncexecutor.AcquireTimerJobsRunnable  - timer job acquisition thread sleeping for 50 millis
10:47:55,065 [Thread-103] DEBUG org.activiti.engine.impl.db.DbSqlSession  - flush summary: 0 insert, 0 update, 0 delete.
10:47:55,066 [Thread-103] DEBUG org.activiti.engine.impl.db.DbSqlSession  - now executing flush...
10:47:55,067 [Thread-103] DEBUG org.activiti.engine.impl.cfg.standalone.StandaloneMybatisTransactionContext  - firing event committing...
10:47:55,067 [Thread-103] DEBUG org.activiti.engine.impl.cfg.standalone.StandaloneMybatisTransactionContext  - committing the ibatis sql session...
10:47:55,067 [Thread-103] DEBUG org.activiti.engine.impl.cfg.standalone.StandaloneMybatisTransactionContext  - firing event committed...
10:47:55,067 [Thread-103] DEBUG org.apache.ibatis.transaction.jdbc.JdbcTransaction  - Resetting autocommit to true on JDBC Connection [conn60: url=jdbc:h2:mem:activiti-AsyncExecutorTest user=SA]
10:47:55,067 [Thread-103] DEBUG org.apache.ibatis.transaction.jdbc.JdbcTransaction  - Closing JDBC Connection [conn60: url=jdbc:h2:mem:activiti-AsyncExecutorTest user=SA]
10:47:55,067 [Thread-103] DEBUG org.apache.ibatis.datasource.pooled.PooledDataSource  - Returned connection 33534803 to pool.
10:47:55,067 [Thread-103] DEBUG org.activiti.engine.impl.interceptor.LogInterceptor  - --- AcquireAsyncJobsDueCmd finished --------------------------------------------------------
10:47:55,067 [Thread-103] DEBUG org.activiti.engine.impl.interceptor.LogInterceptor  - 

10:47:55,067 [Thread-103] DEBUG org.activiti.engine.impl.asyncexecutor.AcquireAsyncJobsDueRunnable  - async job acquisition thread sleeping for 50 millis
10:47:55,065 [Thread-106] DEBUG org.activiti.engine.impl.persistence.entity.JobEntity.selectAsyncJobsDueToExecute  - &lt;==      Total: 0
10:47:55,067 [Thread-106] DEBUG org.activiti.engine.impl.db.DbSqlSession  - flush summary: 0 insert, 0 update, 0 delete.
10:47:55,067 [Thread-106] DEBUG org.activiti.engine.impl.db.DbSqlSession  - now executing flush...
10:47:55,067 [Thread-106] DEBUG org.activiti.engine.impl.cfg.standalone.StandaloneMybatisTransactionContext  - firing event committing...
10:47:55,067 [Thread-106] DEBUG org.activiti.engine.impl.cfg.standalone.StandaloneMybatisTransactionContext  - committing the ibatis sql session...
10:47:55,067 [Thread-106] DEBUG org.activiti.engine.impl.cfg.standalone.StandaloneMybatisTransactionContext  - firing event committed...
10:47:55,067 [Thread-106] DEBUG org.apache.ibatis.transaction.jdbc.JdbcTransaction  - Resetting autocommit to true on JDBC Connection [conn65: url=jdbc:h2:mem:activiti-AsyncExecutorTest user=SA]
10:47:55,067 [Thread-106] DEBUG org.apache.ibatis.transaction.jdbc.JdbcTransaction  - Closing JDBC Connection [conn65: url=jdbc:h2:mem:activiti-AsyncExecutorTest user=SA]
10:47:55,067 [Thread-106] DEBUG org.apache.ibatis.datasource.pooled.PooledDataSource  - Returned connection 996762054 to pool.
10:47:55,067 [Thread-106] DEBUG org.activiti.engine.impl.interceptor.LogInterceptor  - --- AcquireAsyncJobsDueCmd finished --------------------------------------------------------
10:47:55,067 [Thread-106] DEBUG org.activiti.engine.impl.interceptor.LogInterceptor  - 

10:47:55,067 [Thread-106] DEBUG org.activiti.engine.impl.asyncexecutor.AcquireAsyncJobsDueRunnable  - async job acquisition thread sleeping for 50 millis
10:47:55,111 [Thread-112] DEBUG org.activiti.engine.impl.asyncexecutor.AcquireAsyncJobsDueRunnable  - async job acquisition thread woke up
10:47:55,111 [Thread-112] DEBUG org.activiti.engine.impl.interceptor.LogInterceptor  - 

10:47:55,111 [Thread-112] DEBUG org.activiti.engine.impl.interceptor.LogInterceptor  - --- starting AcquireAsyncJobsDueCmd --------------------------------------------------------
10:47:55,111 [Thread-112] DEBUG org.apache.ibatis.transaction.jdbc.JdbcTransaction  - Opening JDBC Connection
10:47:55,111 [Thread-112] DEBUG org.apache.ibatis.datasource.pooled.PooledDataSource  - Checked out connection 58501658 from pool.
10:47:55,111 [Thread-112] DEBUG org.apache.ibatis.transaction.jdbc.JdbcTransaction  - Setting autocommit to false on JDBC Connection [conn68: url=jdbc:h2:mem:activiti-AsyncExecutorTest user=SA]
10:47:55,111 [Thread-112] DEBUG org.activiti.engine.impl.persistence.entity.JobEntity.selectAsyncJobsDueToExecute  - ==&gt;  Preparing: select RES.* from ACT_RU_JOB RES LEFT OUTER JOIN ACT_RU_EXECUTION PI ON PI.ID_ = RES.PROCESS_INSTANCE_ID_ where RES.RETRIES_ &gt; 0 and RES.DUEDATE_ is not null and RES.DUEDATE_ &lt;= ? and (RES.LOCK_EXP_TIME_ is null or RES.LOCK_EXP_TIME_ &lt;= ?) and TYPE_ = &apos;message&apos; and ( (RES.EXECUTION_ID_ is null) or (PI.SUSPENSION_STATE_ = 1) ) LIMIT ? OFFSET ? 
10:47:55,111 [Thread-112] DEBUG org.activiti.engine.impl.persistence.entity.JobEntity.selectAsyncJobsDueToExecute  - ==&gt; Parameters: 2023-03-20 10:48:50.669(Timestamp), 2023-03-20 10:48:50.669(Timestamp), 1(Integer), 0(Integer)
10:47:55,111 [Thread-112] DEBUG org.activiti.engine.impl.persistence.entity.JobEntity.selectAsyncJobsDueToExecute  - &lt;==      Total: 0
10:47:55,111 [Thread-112] DEBUG org.activiti.engine.impl.db.DbSqlSession  - flush summary: 0 insert, 0 update, 0 delete.
10:47:55,111 [Thread-112] DEBUG org.activiti.engine.impl.db.DbSqlSession  - now executing flush...
10:47:55,111 [Thread-112] DEBUG org.activiti.engine.impl.cfg.standalone.StandaloneMybatisTransactionContext  - firing event committing...
10:47:55,111 [Thread-112] DEBUG org.activiti.engine.impl.cfg.standalone.StandaloneMybatisTransactionContext  - committing the ibatis sql session...
10:47:55,111 [Thread-112] DEBUG org.activiti.engine.impl.cfg.standalone.StandaloneMybatisTransactionContext  - firing event committed...
10:47:55,111 [Thread-112] DEBUG org.apache.ibatis.transaction.jdbc.JdbcTransaction  - Resetting autocommit to true on JDBC Connection [conn68: url=jdbc:h2:mem:activiti-AsyncExecutorTest user=SA]
10:47:55,111 [Thread-112] DEBUG org.apache.ibatis.transaction.jdbc.JdbcTransaction  - Closing JDBC Connection [conn68: url=jdbc:h2:mem:activiti-AsyncExecutorTest user=SA]
10:47:55,111 [Thread-112] DEBUG org.apache.ibatis.datasource.pooled.PooledDataSource  - Returned connection 58501658 to pool.
10:47:55,111 [Thread-112] DEBUG org.activiti.engine.impl.interceptor.LogInterceptor  - --- AcquireAsyncJobsDueCmd finished --------------------------------------------------------
10:47:55,111 [Thread-112] DEBUG org.activiti.engine.impl.interceptor.LogInterceptor  - 

10:47:55,111 [Thread-112] DEBUG org.activiti.engine.impl.asyncexecutor.AcquireAsyncJobsDueRunnable  - async job acquisition thread sleeping for 50 millis
10:47:55,126 [Thread-106] DEBUG org.activiti.engine.impl.asyncexecutor.AcquireAsyncJobsDueRunnable  - async job acquisition thread woke up
10:47:55,126 [Thread-106] DEBUG org.activiti.engine.impl.interceptor.LogInterceptor  - 

10:47:55,126 [Thread-106] DEBUG org.activiti.engine.impl.interceptor.LogInterceptor  - --- starting AcquireAsyncJobsDueCmd --------------------------------------------------------
10:47:55,126 [Thread-106] DEBUG org.apache.ibatis.transaction.jdbc.JdbcTransaction  - Opening JDBC Connection
10:47:55,126 [Thread-106] DEBUG org.apache.ibatis.datasource.pooled.PooledDataSource  - Checked out connection 54468349 from pool.
10:47:55,126 [Thread-106] DEBUG org.apache.ibatis.transaction.jdbc.JdbcTransaction  - Setting autocommit to false on JDBC Connection [conn64: url=jdbc:h2:mem:activiti-AsyncExecutorTest user=SA]
10:47:55,126 [Thread-106] DEBUG org.activiti.engine.impl.persistence.entity.JobEntity.selectAsyncJobsDueToExecute  - ==&gt;  Preparing: select RES.* from ACT_RU_JOB RES LEFT OUTER JOIN ACT_RU_EXECUTION PI ON PI.ID_ = RES.PROCESS_INSTANCE_ID_ where RES.RETRIES_ &gt; 0 and RES.DUEDATE_ is not null and RES.DUEDATE_ &lt;= ? and (RES.LOCK_EXP_TIME_ is null or RES.LOCK_EXP_TIME_ &lt;= ?) and TYPE_ = &apos;message&apos; and ( (RES.EXECUTION_ID_ is null) or (PI.SUSPENSION_STATE_ = 1) ) LIMIT ? OFFSET ? 
10:47:55,126 [Thread-105] DEBUG org.activiti.engine.impl.asyncexecutor.AcquireTimerJobsRunnable  - timer job acquisition thread woke up
10:47:55,126 [Thread-105] DEBUG org.activiti.engine.impl.interceptor.LogInterceptor  - 

10:47:55,126 [Thread-105] DEBUG org.activiti.engine.impl.interceptor.LogInterceptor  - --- starting AcquireTimerJobsCmd --------------------------------------------------------
10:47:55,126 [Thread-105] DEBUG org.apache.ibatis.transaction.jdbc.JdbcTransaction  - Opening JDBC Connection
10:47:55,126 [Thread-105] DEBUG org.apache.ibatis.datasource.pooled.PooledDataSource  - Checked out connection 1970103261 from pool.
10:47:55,126 [Thread-105] DEBUG org.apache.ibatis.transaction.jdbc.JdbcTransaction  - Setting autocommit to false on JDBC Connection [conn63: url=jdbc:h2:mem:activiti-AsyncExecutorTest user=SA]
10:47:55,126 [Thread-102] DEBUG org.activiti.engine.impl.asyncexecutor.AcquireTimerJobsRunnable  - timer job acquisition thread woke up
10:47:55,126 [Thread-102] DEBUG org.activiti.engine.impl.interceptor.LogInterceptor  - 

10:47:55,126 [Thread-102] DEBUG org.activiti.engine.impl.interceptor.LogInterceptor  - --- starting AcquireTimerJobsCmd --------------------------------------------------------
10:47:55,126 [Thread-102] DEBUG org.apache.ibatis.transaction.jdbc.JdbcTransaction  - Opening JDBC Connection
10:47:55,126 [Thread-102] DEBUG org.apache.ibatis.datasource.pooled.PooledDataSource  - Checked out connection 720039383 from pool.
10:47:55,126 [Thread-102] DEBUG org.apache.ibatis.transaction.jdbc.JdbcTransaction  - Setting autocommit to false on JDBC Connection [conn59: url=jdbc:h2:mem:activiti-AsyncExecutorTest user=SA]
10:47:55,126 [Thread-103] DEBUG org.activiti.engine.impl.asyncexecutor.AcquireAsyncJobsDueRunnable  - async job acquisition thread woke up
10:47:55,127 [Thread-103] DEBUG org.activiti.engine.impl.interceptor.LogInterceptor  - 

10:47:55,127 [Thread-103] DEBUG org.activiti.engine.impl.interceptor.LogInterceptor  - --- starting AcquireAsyncJobsDueCmd --------------------------------------------------------
10:47:55,127 [Thread-103] DEBUG org.apache.ibatis.transaction.jdbc.JdbcTransaction  - Opening JDBC Connection
10:47:55,127 [Thread-103] DEBUG org.apache.ibatis.datasource.pooled.PooledDataSource  - Checked out connection 157985567 from pool.
10:47:55,127 [Thread-103] DEBUG org.apache.ibatis.transaction.jdbc.JdbcTransaction  - Setting autocommit to false on JDBC Connection [conn61: url=jdbc:h2:mem:activiti-AsyncExecutorTest user=SA]
10:47:55,127 [Thread-103] DEBUG org.activiti.engine.impl.persistence.entity.JobEntity.selectAsyncJobsDueToExecute  - ==&gt;  Preparing: select RES.* from ACT_RU_JOB RES LEFT OUTER JOIN ACT_RU_EXECUTION PI ON PI.ID_ = RES.PROCESS_INSTANCE_ID_ where RES.RETRIES_ &gt; 0 and RES.DUEDATE_ is not null and RES.DUEDATE_ &lt;= ? and (RES.LOCK_EXP_TIME_ is null or RES.LOCK_EXP_TIME_ &lt;= ?) and TYPE_ = &apos;message&apos; and ( (RES.EXECUTION_ID_ is null) or (PI.SUSPENSION_STATE_ = 1) ) LIMIT ? OFFSET ? 
10:47:55,127 [Thread-103] DEBUG org.activiti.engine.impl.persistence.entity.JobEntity.selectAsyncJobsDueToExecute  - ==&gt; Parameters: 2023-03-20 10:48:50.669(Timestamp), 2023-03-20 10:48:50.669(Timestamp), 1(Integer), 0(Integer)
10:47:55,127 [Thread-103] DEBUG org.activiti.engine.impl.persistence.entity.JobEntity.selectAsyncJobsDueToExecute  - &lt;==      Total: 0
10:47:55,127 [Thread-103] DEBUG org.activiti.engine.impl.db.DbSqlSession  - flush summary: 0 insert, 0 update, 0 delete.
10:47:55,127 [Thread-103] DEBUG org.activiti.engine.impl.db.DbSqlSession  - now executing flush...
10:47:55,127 [Thread-103] DEBUG org.activiti.engine.impl.cfg.standalone.StandaloneMybatisTransactionContext  - firing event committing...
10:47:55,127 [Thread-103] DEBUG org.activiti.engine.impl.cfg.standalone.StandaloneMybatisTransactionContext  - committing the ibatis sql session...
10:47:55,127 [Thread-103] DEBUG org.activiti.engine.impl.cfg.standalone.StandaloneMybatisTransactionContext  - firing event committed...
10:47:55,127 [Thread-103] DEBUG org.apache.ibatis.transaction.jdbc.JdbcTransaction  - Resetting autocommit to true on JDBC Connection [conn61: url=jdbc:h2:mem:activiti-AsyncExecutorTest user=SA]
10:47:55,127 [Thread-103] DEBUG org.apache.ibatis.transaction.jdbc.JdbcTransaction  - Closing JDBC Connection [conn61: url=jdbc:h2:mem:activiti-AsyncExecutorTest user=SA]
10:47:55,127 [Thread-103] DEBUG org.apache.ibatis.datasource.pooled.PooledDataSource  - Returned connection 157985567 to pool.
10:47:55,127 [Thread-103] DEBUG org.activiti.engine.impl.interceptor.LogInterceptor  - --- AcquireAsyncJobsDueCmd finished --------------------------------------------------------
10:47:55,127 [Thread-103] DEBUG org.activiti.engine.impl.interceptor.LogInterceptor  - 

10:47:55,127 [Thread-103] DEBUG org.activiti.engine.impl.asyncexecutor.AcquireAsyncJobsDueRunnable  - async job acquisition thread sleeping for 50 millis
10:47:55,126 [Thread-111] DEBUG org.activiti.engine.impl.asyncexecutor.AcquireTimerJobsRunnable  - timer job acquisition thread woke up
10:47:55,127 [Thread-111] DEBUG org.activiti.engine.impl.interceptor.LogInterceptor  - 

10:47:55,127 [Thread-111] DEBUG org.activiti.engine.impl.interceptor.LogInterceptor  - --- starting AcquireTimerJobsCmd --------------------------------------------------------
10:47:55,127 [Thread-111] DEBUG org.apache.ibatis.transaction.jdbc.JdbcTransaction  - Opening JDBC Connection
10:47:55,127 [Thread-111] DEBUG org.apache.ibatis.datasource.pooled.PooledDataSource  - Checked out connection 1863805930 from pool.
10:47:55,127 [Thread-111] DEBUG org.apache.ibatis.transaction.jdbc.JdbcTransaction  - Setting autocommit to false on JDBC Connection [conn69: url=jdbc:h2:mem:activiti-AsyncExecutorTest user=SA]
10:47:55,127 [Thread-111] DEBUG org.activiti.engine.impl.persistence.entity.JobEntity.selectNextTimerJobsToExecute  - ==&gt;  Preparing: select RES.* from ACT_RU_JOB RES LEFT OUTER JOIN ACT_RU_EXECUTION PI ON PI.ID_ = RES.PROCESS_INSTANCE_ID_ where (RES.RETRIES_ &gt; 0) and (RES.DUEDATE_ is null or RES.DUEDATE_ &lt;= ?) and (RES.LOCK_OWNER_ is null or RES.LOCK_EXP_TIME_ &lt;= ?) and TYPE_ = &apos;timer&apos; and ( (RES.EXECUTION_ID_ is null) or (PI.SUSPENSION_STATE_ = 1) ) LIMIT ? OFFSET ? 
10:47:55,127 [Thread-111] DEBUG org.activiti.engine.impl.persistence.entity.JobEntity.selectNextTimerJobsToExecute  - ==&gt; Parameters: 2023-03-20 10:48:50.669(Timestamp), 2023-03-20 10:48:50.669(Timestamp), 1(Integer), 0(Integer)
10:47:55,127 [Thread-102] DEBUG org.activiti.engine.impl.persistence.entity.JobEntity.selectNextTimerJobsToExecute  - ==&gt;  Preparing: select RES.* from ACT_RU_JOB RES LEFT OUTER JOIN ACT_RU_EXECUTION PI ON PI.ID_ = RES.PROCESS_INSTANCE_ID_ where (RES.RETRIES_ &gt; 0) and (RES.DUEDATE_ is null or RES.DUEDATE_ &lt;= ?) and (RES.LOCK_OWNER_ is null or RES.LOCK_EXP_TIME_ &lt;= ?) and TYPE_ = &apos;timer&apos; and ( (RES.EXECUTION_ID_ is null) or (PI.SUSPENSION_STATE_ = 1) ) LIMIT ? OFFSET ? 
10:47:55,127 [Thread-102] DEBUG org.activiti.engine.impl.persistence.entity.JobEntity.selectNextTimerJobsToExecute  - ==&gt; Parameters: 2023-03-20 10:48:50.669(Timestamp), 2023-03-20 10:48:50.669(Timestamp), 1(Integer), 0(Integer)
10:47:55,127 [Thread-102] DEBUG org.activiti.engine.impl.persistence.entity.JobEntity.selectNextTimerJobsToExecute  - &lt;==      Total: 0
10:47:55,127 [Thread-102] DEBUG org.activiti.engine.impl.db.DbSqlSession  - flush summary: 0 insert, 0 update, 0 delete.
10:47:55,127 [Thread-102] DEBUG org.activiti.engine.impl.db.DbSqlSession  - now executing flush...
10:47:55,126 [Thread-105] DEBUG org.activiti.engine.impl.persistence.entity.JobEntity.selectNextTimerJobsToExecute  - ==&gt;  Preparing: select RES.* from ACT_RU_JOB RES LEFT OUTER JOIN ACT_RU_EXECUTION PI ON PI.ID_ = RES.PROCESS_INSTANCE_ID_ where (RES.RETRIES_ &gt; 0) and (RES.DUEDATE_ is null or RES.DUEDATE_ &lt;= ?) and (RES.LOCK_OWNER_ is null or RES.LOCK_EXP_TIME_ &lt;= ?) and TYPE_ = &apos;timer&apos; and ( (RES.EXECUTION_ID_ is null) or (PI.SUSPENSION_STATE_ = 1) ) LIMIT ? OFFSET ? 
10:47:55,127 [Thread-105] DEBUG org.activiti.engine.impl.persistence.entity.JobEntity.selectNextTimerJobsToExecute  - ==&gt; Parameters: 2023-03-20 10:48:50.669(Timestamp), 2023-03-20 10:48:50.669(Timestamp), 1(Integer), 0(Integer)
10:47:55,127 [Thread-105] DEBUG org.activiti.engine.impl.persistence.entity.JobEntity.selectNextTimerJobsToExecute  - &lt;==      Total: 0
10:47:55,128 [Thread-105] DEBUG org.activiti.engine.impl.db.DbSqlSession  - flush summary: 0 insert, 0 update, 0 delete.
10:47:55,128 [Thread-105] DEBUG org.activiti.engine.impl.db.DbSqlSession  - now executing flush...
10:47:55,128 [Thread-105] DEBUG org.activiti.engine.impl.cfg.standalone.StandaloneMybatisTransactionContext  - firing event committing...
10:47:55,128 [Thread-105] DEBUG org.activiti.engine.impl.cfg.standalone.StandaloneMybatisTransactionContext  - committing the ibatis sql session...
10:47:55,126 [Thread-106] DEBUG org.activiti.engine.impl.persistence.entity.JobEntity.selectAsyncJobsDueToExecute  - ==&gt; Parameters: 2023-03-20 10:48:50.669(Timestamp), 2023-03-20 10:48:50.669(Timestamp), 1(Integer), 0(Integer)
10:47:55,128 [Thread-106] DEBUG org.activiti.engine.impl.persistence.entity.JobEntity.selectAsyncJobsDueToExecute  - &lt;==      Total: 0
10:47:55,128 [Thread-106] DEBUG org.activiti.engine.impl.db.DbSqlSession  - flush summary: 0 insert, 0 update, 0 delete.
10:47:55,128 [Thread-106] DEBUG org.activiti.engine.impl.db.DbSqlSession  - now executing flush...
10:47:55,128 [Thread-106] DEBUG org.activiti.engine.impl.cfg.standalone.StandaloneMybatisTransactionContext  - firing event committing...
10:47:55,128 [Thread-106] DEBUG org.activiti.engine.impl.cfg.standalone.StandaloneMybatisTransactionContext  - committing the ibatis sql session...
10:47:55,128 [Thread-106] DEBUG org.activiti.engine.impl.cfg.standalone.StandaloneMybatisTransactionContext  - firing event committed...
10:47:55,128 [Thread-106] DEBUG org.apache.ibatis.transaction.jdbc.JdbcTransaction  - Resetting autocommit to true on JDBC Connection [conn64: url=jdbc:h2:mem:activiti-AsyncExecutorTest user=SA]
10:47:55,128 [Thread-106] DEBUG org.apache.ibatis.transaction.jdbc.JdbcTransaction  - Closing JDBC Connection [conn64: url=jdbc:h2:mem:activiti-AsyncExecutorTest user=SA]
10:47:55,128 [Thread-106] DEBUG org.apache.ibatis.datasource.pooled.PooledDataSource  - Returned connection 54468349 to pool.
10:47:55,128 [Thread-106] DEBUG org.activiti.engine.impl.interceptor.LogInterceptor  - --- AcquireAsyncJobsDueCmd finished --------------------------------------------------------
10:47:55,128 [Thread-106] DEBUG org.activiti.engine.impl.interceptor.LogInterceptor  - 

10:47:55,128 [Thread-106] DEBUG org.activiti.engine.impl.asyncexecutor.AcquireAsyncJobsDueRunnable  - async job acquisition thread sleeping for 50 millis
10:47:55,128 [Thread-105] DEBUG org.activiti.engine.impl.cfg.standalone.StandaloneMybatisTransactionContext  - firing event committed...
10:47:55,128 [Thread-105] DEBUG org.apache.ibatis.transaction.jdbc.JdbcTransaction  - Resetting autocommit to true on JDBC Connection [conn63: url=jdbc:h2:mem:activiti-AsyncExecutorTest user=SA]
10:47:55,128 [Thread-105] DEBUG org.apache.ibatis.transaction.jdbc.JdbcTransaction  - Closing JDBC Connection [conn63: url=jdbc:h2:mem:activiti-AsyncExecutorTest user=SA]
10:47:55,128 [Thread-105] DEBUG org.apache.ibatis.datasource.pooled.PooledDataSource  - Returned connection 1970103261 to pool.
10:47:55,128 [Thread-105] DEBUG org.activiti.engine.impl.interceptor.LogInterceptor  - --- AcquireTimerJobsCmd finished --------------------------------------------------------
10:47:55,128 [Thread-105] DEBUG org.activiti.engine.impl.interceptor.LogInterceptor  - 

10:47:55,128 [Thread-105] DEBUG org.activiti.engine.impl.asyncexecutor.AcquireTimerJobsRunnable  - timer job acquisition thread sleeping for 50 millis
10:47:55,127 [Thread-102] DEBUG org.activiti.engine.impl.cfg.standalone.StandaloneMybatisTransactionContext  - firing event committing...
10:47:55,128 [Thread-102] DEBUG org.activiti.engine.impl.cfg.standalone.StandaloneMybatisTransactionContext  - committing the ibatis sql session...
10:47:55,128 [Thread-102] DEBUG org.activiti.engine.impl.cfg.standalone.StandaloneMybatisTransactionContext  - firing event committed...
10:47:55,128 [Thread-102] DEBUG org.apache.ibatis.transaction.jdbc.JdbcTransaction  - Resetting autocommit to true on JDBC Connection [conn59: url=jdbc:h2:mem:activiti-AsyncExecutorTest user=SA]
10:47:55,127 [Thread-111] DEBUG org.activiti.engine.impl.persistence.entity.JobEntity.selectNextTimerJobsToExecute  - &lt;==      Total: 0
10:47:55,128 [Thread-111] DEBUG org.activiti.engine.impl.db.DbSqlSession  - flush summary: 0 insert, 0 update, 0 delete.
10:47:55,128 [Thread-111] DEBUG org.activiti.engine.impl.db.DbSqlSession  - now executing flush...
10:47:55,128 [Thread-111] DEBUG org.activiti.engine.impl.cfg.standalone.StandaloneMybatisTransactionContext  - firing event committing...
10:47:55,128 [Thread-111] DEBUG org.activiti.engine.impl.cfg.standalone.StandaloneMybatisTransactionContext  - committing the ibatis sql session...
10:47:55,128 [Thread-111] DEBUG org.activiti.engine.impl.cfg.standalone.StandaloneMybatisTransactionContext  - firing event committed...
10:47:55,128 [Thread-111] DEBUG org.apache.ibatis.transaction.jdbc.JdbcTransaction  - Resetting autocommit to true on JDBC Connection [conn69: url=jdbc:h2:mem:activiti-AsyncExecutorTest user=SA]
10:47:55,128 [Thread-111] DEBUG org.apache.ibatis.transaction.jdbc.JdbcTransaction  - Closing JDBC Connection [conn69: url=jdbc:h2:mem:activiti-AsyncExecutorTest user=SA]
10:47:55,128 [Thread-111] DEBUG org.apache.ibatis.datasource.pooled.PooledDataSource  - Returned connection 1863805930 to pool.
10:47:55,128 [Thread-111] DEBUG org.activiti.engine.impl.interceptor.LogInterceptor  - --- AcquireTimerJobsCmd finished --------------------------------------------------------
10:47:55,128 [Thread-111] DEBUG org.activiti.engine.impl.interceptor.LogInterceptor  - 

10:47:55,128 [Thread-111] DEBUG org.activiti.engine.impl.asyncexecutor.AcquireTimerJobsRunnable  - timer job acquisition thread sleeping for 50 millis
10:47:55,128 [Thread-102] DEBUG org.apache.ibatis.transaction.jdbc.JdbcTransaction  - Closing JDBC Connection [conn59: url=jdbc:h2:mem:activiti-AsyncExecutorTest user=SA]
10:47:55,128 [Thread-102] DEBUG org.apache.ibatis.datasource.pooled.PooledDataSource  - Returned connection 720039383 to pool.
10:47:55,128 [Thread-102] DEBUG org.activiti.engine.impl.interceptor.LogInterceptor  - --- AcquireTimerJobsCmd finished --------------------------------------------------------
10:47:55,128 [Thread-102] DEBUG org.activiti.engine.impl.interceptor.LogInterceptor  - 

10:47:55,129 [Thread-102] DEBUG org.activiti.engine.impl.asyncexecutor.AcquireTimerJobsRunnable  - timer job acquisition thread sleeping for 50 millis
10:47:55,174 [Thread-112] DEBUG org.activiti.engine.impl.asyncexecutor.AcquireAsyncJobsDueRunnable  - async job acquisition thread woke up
10:47:55,174 [Thread-112] DEBUG org.activiti.engine.impl.interceptor.LogInterceptor  - 

10:47:55,174 [Thread-112] DEBUG org.activiti.engine.impl.interceptor.LogInterceptor  - --- starting AcquireAsyncJobsDueCmd --------------------------------------------------------
10:47:55,174 [Thread-112] DEBUG org.apache.ibatis.transaction.jdbc.JdbcTransaction  - Opening JDBC Connection
10:47:55,174 [Thread-112] DEBUG org.apache.ibatis.datasource.pooled.PooledDataSource  - Checked out connection 604408605 from pool.
10:47:55,174 [Thread-112] DEBUG org.apache.ibatis.transaction.jdbc.JdbcTransaction  - Setting autocommit to false on JDBC Connection [conn70: url=jdbc:h2:mem:activiti-AsyncExecutorTest user=SA]
10:47:55,174 [Thread-112] DEBUG org.activiti.engine.impl.persistence.entity.JobEntity.selectAsyncJobsDueToExecute  - ==&gt;  Preparing: select RES.* from ACT_RU_JOB RES LEFT OUTER JOIN ACT_RU_EXECUTION PI ON PI.ID_ = RES.PROCESS_INSTANCE_ID_ where RES.RETRIES_ &gt; 0 and RES.DUEDATE_ is not null and RES.DUEDATE_ &lt;= ? and (RES.LOCK_EXP_TIME_ is null or RES.LOCK_EXP_TIME_ &lt;= ?) and TYPE_ = &apos;message&apos; and ( (RES.EXECUTION_ID_ is null) or (PI.SUSPENSION_STATE_ = 1) ) LIMIT ? OFFSET ? 
10:47:55,174 [Thread-112] DEBUG org.activiti.engine.impl.persistence.entity.JobEntity.selectAsyncJobsDueToExecute  - ==&gt; Parameters: 2023-03-20 10:48:50.669(Timestamp), 2023-03-20 10:48:50.669(Timestamp), 1(Integer), 0(Integer)
10:47:55,174 [Thread-112] DEBUG org.activiti.engine.impl.persistence.entity.JobEntity.selectAsyncJobsDueToExecute  - &lt;==      Total: 0
10:47:55,174 [Thread-112] DEBUG org.activiti.engine.impl.db.DbSqlSession  - flush summary: 0 insert, 0 update, 0 delete.
10:47:55,174 [Thread-112] DEBUG org.activiti.engine.impl.db.DbSqlSession  - now executing flush...
10:47:55,174 [Thread-112] DEBUG org.activiti.engine.impl.cfg.standalone.StandaloneMybatisTransactionContext  - firing event committing...
10:47:55,174 [Thread-112] DEBUG org.activiti.engine.impl.cfg.standalone.StandaloneMybatisTransactionContext  - committing the ibatis sql session...
10:47:55,174 [Thread-112] DEBUG org.activiti.engine.impl.cfg.standalone.StandaloneMybatisTransactionContext  - firing event committed...
10:47:55,174 [Thread-112] DEBUG org.apache.ibatis.transaction.jdbc.JdbcTransaction  - Resetting autocommit to true on JDBC Connection [conn70: url=jdbc:h2:mem:activiti-AsyncExecutorTest user=SA]
10:47:55,174 [Thread-112] DEBUG org.apache.ibatis.transaction.jdbc.JdbcTransaction  - Closing JDBC Connection [conn70: url=jdbc:h2:mem:activiti-AsyncExecutorTest user=SA]
10:47:55,174 [Thread-112] DEBUG org.apache.ibatis.datasource.pooled.PooledDataSource  - Returned connection 604408605 to pool.
10:47:55,174 [Thread-112] DEBUG org.activiti.engine.impl.interceptor.LogInterceptor  - --- AcquireAsyncJobsDueCmd finished --------------------------------------------------------
10:47:55,174 [Thread-112] DEBUG org.activiti.engine.impl.interceptor.LogInterceptor  - 

10:47:55,174 [Thread-112] DEBUG org.activiti.engine.impl.asyncexecutor.AcquireAsyncJobsDueRunnable  - async job acquisition thread sleeping for 50 millis
10:47:55,189 [Thread-105] DEBUG org.activiti.engine.impl.asyncexecutor.AcquireTimerJobsRunnable  - timer job acquisition thread woke up
10:47:55,189 [Thread-105] DEBUG org.activiti.engine.impl.interceptor.LogInterceptor  - 

10:47:55,189 [Thread-105] DEBUG org.activiti.engine.impl.interceptor.LogInterceptor  - --- starting AcquireTimerJobsCmd --------------------------------------------------------
10:47:55,189 [Thread-105] DEBUG org.apache.ibatis.transaction.jdbc.JdbcTransaction  - Opening JDBC Connection
10:47:55,189 [Thread-105] DEBUG org.apache.ibatis.datasource.pooled.PooledDataSource  - Checked out connection 996762054 from pool.
10:47:55,189 [Thread-105] DEBUG org.apache.ibatis.transaction.jdbc.JdbcTransaction  - Setting autocommit to false on JDBC Connection [conn65: url=jdbc:h2:mem:activiti-AsyncExecutorTest user=SA]
10:47:55,189 [Thread-105] DEBUG org.activiti.engine.impl.persistence.entity.JobEntity.selectNextTimerJobsToExecute  - ==&gt;  Preparing: select RES.* from ACT_RU_JOB RES LEFT OUTER JOIN ACT_RU_EXECUTION PI ON PI.ID_ = RES.PROCESS_INSTANCE_ID_ where (RES.RETRIES_ &gt; 0) and (RES.DUEDATE_ is null or RES.DUEDATE_ &lt;= ?) and (RES.LOCK_OWNER_ is null or RES.LOCK_EXP_TIME_ &lt;= ?) and TYPE_ = &apos;timer&apos; and ( (RES.EXECUTION_ID_ is null) or (PI.SUSPENSION_STATE_ = 1) ) LIMIT ? OFFSET ? 
10:47:55,189 [Thread-105] DEBUG org.activiti.engine.impl.persistence.entity.JobEntity.selectNextTimerJobsToExecute  - ==&gt; Parameters: 2023-03-20 10:48:50.669(Timestamp), 2023-03-20 10:48:50.669(Timestamp), 1(Integer), 0(Integer)
10:47:55,189 [main] DEBUG org.activiti.engine.impl.interceptor.LogInterceptor  - 

10:47:55,189 [main] DEBUG org.activiti.engine.impl.interceptor.LogInterceptor  - --- starting JobQueryImpl --------------------------------------------------------
10:47:55,189 [Thread-106] DEBUG org.activiti.engine.impl.asyncexecutor.AcquireAsyncJobsDueRunnable  - async job acquisition thread woke up
10:47:55,189 [Thread-106] DEBUG org.activiti.engine.impl.interceptor.LogInterceptor  - 

10:47:55,189 [Thread-106] DEBUG org.activiti.engine.impl.interceptor.LogInterceptor  - --- starting AcquireAsyncJobsDueCmd --------------------------------------------------------
10:47:55,189 [Thread-102] DEBUG org.activiti.engine.impl.asyncexecutor.AcquireTimerJobsRunnable  - timer job acquisition thread woke up
10:47:55,190 [Thread-102] DEBUG org.activiti.engine.impl.interceptor.LogInterceptor  - 

10:47:55,190 [Thread-102] DEBUG org.activiti.engine.impl.interceptor.LogInterceptor  - --- starting AcquireTimerJobsCmd --------------------------------------------------------
10:47:55,190 [Thread-102] DEBUG org.apache.ibatis.transaction.jdbc.JdbcTransaction  - Opening JDBC Connection
10:47:55,190 [Thread-102] DEBUG org.apache.ibatis.datasource.pooled.PooledDataSource  - Checked out connection 33534803 from pool.
10:47:55,189 [Thread-103] DEBUG org.activiti.engine.impl.asyncexecutor.AcquireAsyncJobsDueRunnable  - async job acquisition thread woke up
10:47:55,190 [Thread-103] DEBUG org.activiti.engine.impl.interceptor.LogInterceptor  - 

10:47:55,190 [Thread-103] DEBUG org.activiti.engine.impl.interceptor.LogInterceptor  - --- starting AcquireAsyncJobsDueCmd --------------------------------------------------------
10:47:55,189 [Thread-111] DEBUG org.activiti.engine.impl.asyncexecutor.AcquireTimerJobsRunnable  - timer job acquisition thread woke up
10:47:55,190 [Thread-111] DEBUG org.activiti.engine.impl.interceptor.LogInterceptor  - 

10:47:55,190 [Thread-111] DEBUG org.activiti.engine.impl.interceptor.LogInterceptor  - --- starting AcquireTimerJobsCmd --------------------------------------------------------
10:47:55,190 [Thread-111] DEBUG org.apache.ibatis.transaction.jdbc.JdbcTransaction  - Opening JDBC Connection
10:47:55,190 [Thread-111] DEBUG org.apache.ibatis.datasource.pooled.PooledDataSource  - Checked out connection 58501658 from pool.
10:47:55,190 [Thread-111] DEBUG org.apache.ibatis.transaction.jdbc.JdbcTransaction  - Setting autocommit to false on JDBC Connection [conn68: url=jdbc:h2:mem:activiti-AsyncExecutorTest user=SA]
10:47:55,190 [Thread-111] DEBUG org.activiti.engine.impl.persistence.entity.JobEntity.selectNextTimerJobsToExecute  - ==&gt;  Preparing: select RES.* from ACT_RU_JOB RES LEFT OUTER JOIN ACT_RU_EXECUTION PI ON PI.ID_ = RES.PROCESS_INSTANCE_ID_ where (RES.RETRIES_ &gt; 0) and (RES.DUEDATE_ is null or RES.DUEDATE_ &lt;= ?) and (RES.LOCK_OWNER_ is null or RES.LOCK_EXP_TIME_ &lt;= ?) and TYPE_ = &apos;timer&apos; and ( (RES.EXECUTION_ID_ is null) or (PI.SUSPENSION_STATE_ = 1) ) LIMIT ? OFFSET ? 
10:47:55,190 [Thread-103] DEBUG org.apache.ibatis.transaction.jdbc.JdbcTransaction  - Opening JDBC Connection
10:47:55,190 [Thread-103] DEBUG org.apache.ibatis.datasource.pooled.PooledDataSource  - Checked out connection 157985567 from pool.
10:47:55,190 [Thread-103] DEBUG org.apache.ibatis.transaction.jdbc.JdbcTransaction  - Setting autocommit to false on JDBC Connection [conn61: url=jdbc:h2:mem:activiti-AsyncExecutorTest user=SA]
10:47:55,190 [Thread-103] DEBUG org.activiti.engine.impl.persistence.entity.JobEntity.selectAsyncJobsDueToExecute  - ==&gt;  Preparing: select RES.* from ACT_RU_JOB RES LEFT OUTER JOIN ACT_RU_EXECUTION PI ON PI.ID_ = RES.PROCESS_INSTANCE_ID_ where RES.RETRIES_ &gt; 0 and RES.DUEDATE_ is not null and RES.DUEDATE_ &lt;= ? and (RES.LOCK_EXP_TIME_ is null or RES.LOCK_EXP_TIME_ &lt;= ?) and TYPE_ = &apos;message&apos; and ( (RES.EXECUTION_ID_ is null) or (PI.SUSPENSION_STATE_ = 1) ) LIMIT ? OFFSET ? 
10:47:55,190 [Thread-103] DEBUG org.activiti.engine.impl.persistence.entity.JobEntity.selectAsyncJobsDueToExecute  - ==&gt; Parameters: 2023-03-20 10:48:50.669(Timestamp), 2023-03-20 10:48:50.669(Timestamp), 1(Integer), 0(Integer)
10:47:55,190 [Thread-102] DEBUG org.apache.ibatis.transaction.jdbc.JdbcTransaction  - Setting autocommit to false on JDBC Connection [conn60: url=jdbc:h2:mem:activiti-AsyncExecutorTest user=SA]
10:47:55,190 [Thread-102] DEBUG org.activiti.engine.impl.persistence.entity.JobEntity.selectNextTimerJobsToExecute  - ==&gt;  Preparing: select RES.* from ACT_RU_JOB RES LEFT OUTER JOIN ACT_RU_EXECUTION PI ON PI.ID_ = RES.PROCESS_INSTANCE_ID_ where (RES.RETRIES_ &gt; 0) and (RES.DUEDATE_ is null or RES.DUEDATE_ &lt;= ?) and (RES.LOCK_OWNER_ is null or RES.LOCK_EXP_TIME_ &lt;= ?) and TYPE_ = &apos;timer&apos; and ( (RES.EXECUTION_ID_ is null) or (PI.SUSPENSION_STATE_ = 1) ) LIMIT ? OFFSET ? 
10:47:55,190 [Thread-102] DEBUG org.activiti.engine.impl.persistence.entity.JobEntity.selectNextTimerJobsToExecute  - ==&gt; Parameters: 2023-03-20 10:48:50.669(Timestamp), 2023-03-20 10:48:50.669(Timestamp), 1(Integer), 0(Integer)
10:47:55,190 [Thread-102] DEBUG org.activiti.engine.impl.persistence.entity.JobEntity.selectNextTimerJobsToExecute  - &lt;==      Total: 0
10:47:55,190 [Thread-102] DEBUG org.activiti.engine.impl.db.DbSqlSession  - flush summary: 0 insert, 0 update, 0 delete.
10:47:55,190 [Thread-102] DEBUG org.activiti.engine.impl.db.DbSqlSession  - now executing flush...
10:47:55,190 [Thread-102] DEBUG org.activiti.engine.impl.cfg.standalone.StandaloneMybatisTransactionContext  - firing event committing...
10:47:55,190 [Thread-102] DEBUG org.activiti.engine.impl.cfg.standalone.StandaloneMybatisTransactionContext  - committing the ibatis sql session...
10:47:55,190 [Thread-102] DEBUG org.activiti.engine.impl.cfg.standalone.StandaloneMybatisTransactionContext  - firing event committed...
10:47:55,190 [Thread-102] DEBUG org.apache.ibatis.transaction.jdbc.JdbcTransaction  - Resetting autocommit to true on JDBC Connection [conn60: url=jdbc:h2:mem:activiti-AsyncExecutorTest user=SA]
10:47:55,190 [Thread-102] DEBUG org.apache.ibatis.transaction.jdbc.JdbcTransaction  - Closing JDBC Connection [conn60: url=jdbc:h2:mem:activiti-AsyncExecutorTest user=SA]
10:47:55,190 [Thread-102] DEBUG org.apache.ibatis.datasource.pooled.PooledDataSource  - Returned connection 33534803 to pool.
10:47:55,190 [Thread-102] DEBUG org.activiti.engine.impl.interceptor.LogInterceptor  - --- AcquireTimerJobsCmd finished --------------------------------------------------------
10:47:55,190 [Thread-102] DEBUG org.activiti.engine.impl.interceptor.LogInterceptor  - 

10:47:55,190 [Thread-102] DEBUG org.activiti.engine.impl.asyncexecutor.AcquireTimerJobsRunnable  - timer job acquisition thread sleeping for 50 millis
10:47:55,190 [Thread-106] DEBUG org.apache.ibatis.transaction.jdbc.JdbcTransaction  - Opening JDBC Connection
10:47:55,190 [Thread-106] DEBUG org.apache.ibatis.datasource.pooled.PooledDataSource  - Checked out connection 54468349 from pool.
10:47:55,190 [Thread-106] DEBUG org.apache.ibatis.transaction.jdbc.JdbcTransaction  - Setting autocommit to false on JDBC Connection [conn64: url=jdbc:h2:mem:activiti-AsyncExecutorTest user=SA]
10:47:55,191 [Thread-106] DEBUG org.activiti.engine.impl.persistence.entity.JobEntity.selectAsyncJobsDueToExecute  - ==&gt;  Preparing: select RES.* from ACT_RU_JOB RES LEFT OUTER JOIN ACT_RU_EXECUTION PI ON PI.ID_ = RES.PROCESS_INSTANCE_ID_ where RES.RETRIES_ &gt; 0 and RES.DUEDATE_ is not null and RES.DUEDATE_ &lt;= ? and (RES.LOCK_EXP_TIME_ is null or RES.LOCK_EXP_TIME_ &lt;= ?) and TYPE_ = &apos;message&apos; and ( (RES.EXECUTION_ID_ is null) or (PI.SUSPENSION_STATE_ = 1) ) LIMIT ? OFFSET ? 
10:47:55,191 [Thread-106] DEBUG org.activiti.engine.impl.persistence.entity.JobEntity.selectAsyncJobsDueToExecute  - ==&gt; Parameters: 2023-03-20 10:48:50.669(Timestamp), 2023-03-20 10:48:50.669(Timestamp), 1(Integer), 0(Integer)
10:47:55,189 [main] DEBUG org.apache.ibatis.transaction.jdbc.JdbcTransaction  - Opening JDBC Connection
10:47:55,191 [main] DEBUG org.apache.ibatis.datasource.pooled.PooledDataSource  - Checked out connection 297240765 from pool.
10:47:55,191 [main] DEBUG org.apache.ibatis.transaction.jdbc.JdbcTransaction  - Setting autocommit to false on JDBC Connection [conn4: url=jdbc:h2:mem:activiti user=SA]
10:47:55,189 [Thread-105] DEBUG org.activiti.engine.impl.persistence.entity.JobEntity.selectNextTimerJobsToExecute  - &lt;==      Total: 0
10:47:55,191 [Thread-105] DEBUG org.activiti.engine.impl.db.DbSqlSession  - flush summary: 0 insert, 0 update, 0 delete.
10:47:55,191 [Thread-105] DEBUG org.activiti.engine.impl.db.DbSqlSession  - now executing flush...
10:47:55,191 [Thread-105] DEBUG org.activiti.engine.impl.cfg.standalone.StandaloneMybatisTransactionContext  - firing event committing...
10:47:55,191 [Thread-105] DEBUG org.activiti.engine.impl.cfg.standalone.StandaloneMybatisTransactionContext  - committing the ibatis sql session...
10:47:55,191 [Thread-105] DEBUG org.activiti.engine.impl.cfg.standalone.StandaloneMybatisTransactionContext  - firing event committed...
10:47:55,191 [Thread-105] DEBUG org.apache.ibatis.transaction.jdbc.JdbcTransaction  - Resetting autocommit to true on JDBC Connection [conn65: url=jdbc:h2:mem:activiti-AsyncExecutorTest user=SA]
10:47:55,191 [Thread-105] DEBUG org.apache.ibatis.transaction.jdbc.JdbcTransaction  - Closing JDBC Connection [conn65: url=jdbc:h2:mem:activiti-AsyncExecutorTest user=SA]
10:47:55,191 [Thread-105] DEBUG org.apache.ibatis.datasource.pooled.PooledDataSource  - Returned connection 996762054 to pool.
10:47:55,191 [Thread-105] DEBUG org.activiti.engine.impl.interceptor.LogInterceptor  - --- AcquireTimerJobsCmd finished --------------------------------------------------------
10:47:55,191 [Thread-105] DEBUG org.activiti.engine.impl.interceptor.LogInterceptor  - 

10:47:55,191 [Thread-105] DEBUG org.activiti.engine.impl.asyncexecutor.AcquireTimerJobsRunnable  - timer job acquisition thread sleeping for 50 millis
10:47:55,191 [main] DEBUG org.activiti.engine.impl.persistence.entity.JobEntity.selectJobByQueryCriteria  - ==&gt;  Preparing: select RES.* from ACT_RU_JOB RES order by order by RES.ID_ asc LIMIT ? OFFSET ? 
10:47:55,191 [Thread-106] DEBUG org.activiti.engine.impl.persistence.entity.JobEntity.selectAsyncJobsDueToExecute  - &lt;==      Total: 0
10:47:55,192 [main] DEBUG org.activiti.engine.impl.interceptor.CommandContext  - Error while closing command context
org.apache.ibatis.exceptions.PersistenceException: 
### Error querying database.  Cause: org.h2.jdbc.JdbcSQLException: Syntax error in SQL statement &quot;SELECT RES.* 
     
    FROM ACT_RU_JOB RES
     
      
   
     ORDER BY  ORDER[*] BY RES.ID_ ASC  
    LIMIT ? OFFSET ? &quot;; expected &quot;=, NOT, EXISTS, INTERSECTS, SELECT, FROM&quot;; SQL statement:
select RES.* 
     
    from ACT_RU_JOB RES
     
      
   
     order by  order by RES.ID_ asc  
    LIMIT ? OFFSET ? [42001-176]
### The error may exist in org/activiti/db/mapping/entity/Job.xml
### The error may involve org.activiti.engine.impl.persistence.entity.JobEntity.selectJobByQueryCriteria
### The error occurred while executing a query
### SQL: select RES.*            from ACT_RU_JOB RES                       order by  order by RES.ID_ asc       LIMIT ? OFFSET ?
### Cause: org.h2.jdbc.JdbcSQLException: Syntax error in SQL statement &quot;SELECT RES.* 
     
    FROM ACT_RU_JOB RES
     
      
   
     ORDER BY  ORDER[*] BY RES.ID_ ASC  
    LIMIT ? OFFSET ? &quot;; expected &quot;=, NOT, EXISTS, INTERSECTS, SELECT, FROM&quot;; SQL statement:
select RES.* 
     
    from ACT_RU_JOB RES
     
      
   
     order by  order by RES.ID_ asc  
    LIMIT ? OFFSET ? [42001-176]
	at org.apache.ibatis.exceptions.ExceptionFactory.wrapException(ExceptionFactory.java:30)
	at org.apache.ibatis.session.defaults.DefaultSqlSession.selectList(DefaultSqlSession.java:122)
	at org.apache.ibatis.session.defaults.DefaultSqlSession.selectList(DefaultSqlSession.java:113)
	at org.activiti.engine.impl.db.DbSqlSession.selectListWithRawParameter(DbSqlSession.java:438)
	at org.activiti.engine.impl.db.DbSqlSession.selectList(DbSqlSession.java:429)
	at org.activiti.engine.impl.db.DbSqlSession.selectList(DbSqlSession.java:419)
	at org.activiti.engine.impl.persistence.entity.JobEntityManager.findJobsByQueryCriteria(JobEntityManager.java:198)
	at org.activiti.engine.impl.JobQueryImpl.executeList(JobQueryImpl.java:243)
	at org.activiti.engine.impl.AbstractQuery.execute(AbstractQuery.java:164)
	at org.activiti.engine.impl.interceptor.CommandInvoker.execute(CommandInvoker.java:24)
	at org.activiti.engine.impl.interceptor.CommandContextInterceptor.execute(CommandContextInterceptor.java:57)
	at org.activiti.engine.impl.interceptor.LogInterceptor.execute(LogInterceptor.java:37)
	at org.activiti.engine.impl.cfg.CommandExecutorImpl.execute(CommandExecutorImpl.java:40)
	at org.activiti.engine.impl.cfg.CommandExecutorImpl.execute(CommandExecutorImpl.java:35)
	at org.activiti.engine.impl.AbstractQuery.list(AbstractQuery.java:138)
	at org.activiti.engine.impl.test.JobTestHelper.areJobsAvailable(JobTestHelper.java:194)
	at org.activiti.engine.impl.test.JobTestHelper.waitForJobExecutorToProcessAllJobs(JobTestHelper.java:74)
	at org.activiti.engine.impl.test.JobTestHelper.waitForJobExecutorToProcessAllJobs(JobTestHelper.java:47)
	at org.activiti.engine.impl.test.AbstractActivitiTestCase.waitForJobExecutorToProcessAllJobs(AbstractActivitiTestCase.java:204)
	at org.activiti.engine.test.jobexecutor.JobExecutorTest.testBasicJobExecutorOperation(JobExecutorTest.java:53)
	at sun.reflect.NativeMethodAccessorImpl.invoke0(Native Method)
	at sun.reflect.NativeMethodAccessorImpl.invoke(NativeMethodAccessorImpl.java:62)
	at sun.reflect.DelegatingMethodAccessorImpl.invoke(DelegatingMethodAccessorImpl.java:43)
	at java.lang.reflect.Method.invoke(Method.java:498)
	at junit.framework.TestCase.runTest(TestCase.java:176)
	at org.activiti.engine.impl.test.PvmTestCase.runTest(PvmTestCase.java:65)
	at junit.framework.TestCase.runBare(TestCase.java:141)
	at org.activiti.engine.impl.test.AbstractActivitiTestCase.runBare(AbstractActivitiTestCase.java:100)
	at junit.framework.TestResult$1.protect(TestResult.java:122)
	at junit.framework.TestResult.runProtected(TestResult.java:142)
	at junit.framework.TestResult.run(TestResult.java:125)
	at junit.framework.TestCase.run(TestCase.java:129)
	at junit.framework.TestSuite.runTest(TestSuite.java:255)
	at junit.framework.TestSuite.run(TestSuite.java:250)
	at org.junit.internal.runners.JUnit38ClassRunner.run(JUnit38ClassRunner.java:84)
	at org.apache.maven.surefire.junit4.JUnit4TestSet.execute(JUnit4TestSet.java:35)
	at org.apache.maven.surefire.junit4.JUnit4Provider.executeTestSet(JUnit4Provider.java:146)
	at org.apache.maven.surefire.junit4.JUnit4Provider.invoke(JUnit4Provider.java:97)
	at sun.reflect.NativeMethodAccessorImpl.invoke0(Native Method)
	at sun.reflect.NativeMethodAccessorImpl.invoke(NativeMethodAccessorImpl.java:62)
	at sun.reflect.DelegatingMethodAccessorImpl.invoke(DelegatingMethodAccessorImpl.java:43)
	at java.lang.reflect.Method.invoke(Method.java:498)
	at org.apache.maven.surefire.booter.ProviderFactory$ClassLoaderProxy.invoke(ProviderFactory.java:103)
	at com.sun.proxy.$Proxy0.invoke(Unknown Source)
	at org.apache.maven.surefire.booter.SurefireStarter.invokeProvider(SurefireStarter.java:145)
	at org.apache.maven.surefire.booter.SurefireStarter.runSuitesInProcess(SurefireStarter.java:87)
	at org.apache.maven.surefire.booter.ForkedBooter.main(ForkedBooter.java:69)
Caused by: org.h2.jdbc.JdbcSQLException: Syntax error in SQL statement &quot;SELECT RES.* 
     
    FROM ACT_RU_JOB RES
     
      
   
     ORDER BY  ORDER[*] BY RES.ID_ ASC  
    LIMIT ? OFFSET ? &quot;; expected &quot;=, NOT, EXISTS, INTERSECTS, SELECT, FROM&quot;; SQL statement:
select RES.* 
     
    from ACT_RU_JOB RES
     
      
   
     order by  order by RES.ID_ asc  
    LIMIT ? OFFSET ? [42001-176]
	at org.h2.message.DbException.getJdbcSQLException(DbException.java:344)
	at org.h2.message.DbException.getSyntaxError(DbException.java:204)
	at org.h2.command.Parser.getSyntaxError(Parser.java:524)
	at org.h2.command.Parser.readTerm(Parser.java:2688)
	at org.h2.command.Parser.readFactor(Parser.java:2244)
	at org.h2.command.Parser.readSum(Parser.java:2231)
	at org.h2.command.Parser.readConcat(Parser.java:2201)
	at org.h2.command.Parser.readCondition(Parser.java:2051)
	at org.h2.command.Parser.readAnd(Parser.java:2023)
	at org.h2.command.Parser.readExpression(Parser.java:2015)
	at org.h2.command.Parser.parseEndOfQuery(Parser.java:1726)
	at org.h2.command.Parser.parseSelectUnionExtension(Parser.java:1706)
	at org.h2.command.Parser.parseSelectUnion(Parser.java:1675)
	at org.h2.command.Parser.parseSelect(Parser.java:1662)
	at org.h2.command.Parser.parsePrepared(Parser.java:434)
	at org.h2.command.Parser.parse(Parser.java:306)
	at org.h2.command.Parser.parse(Parser.java:282)
	at org.h2.command.Parser.prepareCommand(Parser.java:243)
	at org.h2.engine.Session.prepareLocal(Session.java:442)
	at org.h2.engine.Session.prepareCommand(Session.java:384)
	at org.h2.jdbc.JdbcConnection.prepareCommand(JdbcConnection.java:1188)
	at org.h2.jdbc.JdbcPreparedStatement.&lt;init&gt;(JdbcPreparedStatement.java:73)
	at org.h2.jdbc.JdbcConnection.prepareStatement(JdbcConnection.java:276)
	at sun.reflect.GeneratedMethodAccessor6.invoke(Unknown Source)
	at sun.reflect.DelegatingMethodAccessorImpl.invoke(DelegatingMethodAccessorImpl.java:43)
	at java.lang.reflect.Method.invoke(Method.java:498)
	at org.apache.ibatis.datasource.pooled.PooledConnection.invoke(PooledConnection.java:245)
	at com.sun.proxy.$Proxy12.prepareStatement(Unknown Source)
	at sun.reflect.GeneratedMethodAccessor6.invoke(Unknown Source)
	at sun.reflect.DelegatingMethodAccessorImpl.invoke(DelegatingMethodAccessorImpl.java:43)
	at java.lang.reflect.Method.invoke(Method.java:498)
	at org.apache.ibatis.logging.jdbc.ConnectionLogger.invoke(ConnectionLogger.java:55)
	at com.sun.proxy.$Proxy12.prepareStatement(Unknown Source)
	at org.apache.ibatis.executor.statement.PreparedStatementHandler.instantiateStatement(PreparedStatementHandler.java:79)
	at org.apache.ibatis.executor.statement.BaseStatementHandler.prepare(BaseStatementHandler.java:88)
	at org.apache.ibatis.executor.statement.RoutingStatementHandler.prepare(RoutingStatementHandler.java:58)
	at org.apache.ibatis.executor.SimpleExecutor.prepareStatement(SimpleExecutor.java:76)
	at org.apache.ibatis.executor.SimpleExecutor.doQuery(SimpleExecutor.java:61)
	at org.apache.ibatis.executor.BaseExecutor.queryFromDatabase(BaseExecutor.java:303)
	at org.apache.ibatis.executor.BaseExecutor.query(BaseExecutor.java:154)
	at org.apache.ibatis.executor.CachingExecutor.query(CachingExecutor.java:102)
	at org.apache.ibatis.executor.CachingExecutor.query(CachingExecutor.java:82)
	at org.apache.ibatis.session.defaults.DefaultSqlSession.selectList(DefaultSqlSession.java:120)
	... 45 more
10:47:55,192 [main] DEBUG org.activiti.engine.impl.cfg.standalone.StandaloneMybatisTransactionContext  - firing event rolling back...
10:47:55,192 [main] DEBUG org.activiti.engine.impl.cfg.standalone.StandaloneMybatisTransactionContext  - rolling back ibatis sql session...
10:47:55,192 [main] DEBUG org.activiti.engine.impl.cfg.standalone.StandaloneMybatisTransactionContext  - firing event rolled back...
10:47:55,192 [main] DEBUG org.apache.ibatis.transaction.jdbc.JdbcTransaction  - Resetting autocommit to true on JDBC Connection [conn4: url=jdbc:h2:mem:activiti user=SA]
10:47:55,192 [main] DEBUG org.apache.ibatis.transaction.jdbc.JdbcTransaction  - Closing JDBC Connection [conn4: url=jdbc:h2:mem:activiti user=SA]
10:47:55,192 [main] DEBUG org.apache.ibatis.datasource.pooled.PooledDataSource  - Returned connection 297240765 to pool.
10:47:55,192 [main] DEBUG org.activiti.engine.impl.interceptor.LogInterceptor  - --- JobQueryImpl finished --------------------------------------------------------
10:47:55,192 [main] DEBUG org.activiti.engine.impl.interceptor.LogInterceptor  - 

10:47:55,190 [Thread-103] DEBUG org.activiti.engine.impl.persistence.entity.JobEntity.selectAsyncJobsDueToExecute  - &lt;==      Total: 0
10:47:55,192 [Thread-103] DEBUG org.activiti.engine.impl.db.DbSqlSession  - flush summary: 0 insert, 0 update, 0 delete.
10:47:55,192 [Thread-103] DEBUG org.activiti.engine.impl.db.DbSqlSession  - now executing flush...
10:47:55,192 [Thread-103] DEBUG org.activiti.engine.impl.cfg.standalone.StandaloneMybatisTransactionContext  - firing event committing...
10:47:55,192 [Thread-103] DEBUG org.activiti.engine.impl.cfg.standalone.StandaloneMybatisTransactionContext  - committing the ibatis sql session...
10:47:55,192 [Thread-103] DEBUG org.activiti.engine.impl.cfg.standalone.StandaloneMybatisTransactionContext  - firing event committed...
10:47:55,192 [Thread-103] DEBUG org.apache.ibatis.transaction.jdbc.JdbcTransaction  - Resetting autocommit to true on JDBC Connection [conn61: url=jdbc:h2:mem:activiti-AsyncExecutorTest user=SA]
10:47:55,190 [Thread-111] DEBUG org.activiti.engine.impl.persistence.entity.JobEntity.selectNextTimerJobsToExecute  - ==&gt; Parameters: 2023-03-20 10:48:50.669(Timestamp), 2023-03-20 10:48:50.669(Timestamp), 1(Integer), 0(Integer)
10:47:55,192 [Thread-111] DEBUG org.activiti.engine.impl.persistence.entity.JobEntity.selectNextTimerJobsToExecute  - &lt;==      Total: 0
10:47:55,192 [Thread-111] DEBUG org.activiti.engine.impl.db.DbSqlSession  - flush summary: 0 insert, 0 update, 0 delete.
10:47:55,192 [Thread-111] DEBUG org.activiti.engine.impl.db.DbSqlSession  - now executing flush...
10:47:55,192 [Thread-111] DEBUG org.activiti.engine.impl.cfg.standalone.StandaloneMybatisTransactionContext  - firing event committing...
10:47:55,192 [Thread-111] DEBUG org.activiti.engine.impl.cfg.standalone.StandaloneMybatisTransactionContext  - committing the ibatis sql session...
10:47:55,192 [Thread-111] DEBUG org.activiti.engine.impl.cfg.standalone.StandaloneMybatisTransactionContext  - firing event committed...
10:47:55,192 [Thread-111] DEBUG org.apache.ibatis.transaction.jdbc.JdbcTransaction  - Resetting autocommit to true on JDBC Connection [conn68: url=jdbc:h2:mem:activiti-AsyncExecutorTest user=SA]
10:47:55,192 [Thread-103] DEBUG org.apache.ibatis.transaction.jdbc.JdbcTransaction  - Closing JDBC Connection [conn61: url=jdbc:h2:mem:activiti-AsyncExecutorTest user=SA]
10:47:55,192 [Thread-103] DEBUG org.apache.ibatis.datasource.pooled.PooledDataSource  - Returned connection 157985567 to pool.
10:47:55,192 [Thread-103] DEBUG org.activiti.engine.impl.interceptor.LogInterceptor  - --- AcquireAsyncJobsDueCmd finished --------------------------------------------------------
10:47:55,192 [Thread-103] DEBUG org.activiti.engine.impl.interceptor.LogInterceptor  - 

10:47:55,192 [Thread-103] DEBUG org.activiti.engine.impl.asyncexecutor.AcquireAsyncJobsDueRunnable  - async job acquisition thread sleeping for 50 millis
10:47:55,192 [Thread-106] DEBUG org.activiti.engine.impl.db.DbSqlSession  - flush summary: 0 insert, 0 update, 0 delete.
10:47:55,193 [Thread-106] DEBUG org.activiti.engine.impl.db.DbSqlSession  - now executing flush...
10:47:55,193 [Thread-106] DEBUG org.activiti.engine.impl.cfg.standalone.StandaloneMybatisTransactionContext  - firing event committing...
10:47:55,193 [Thread-106] DEBUG org.activiti.engine.impl.cfg.standalone.StandaloneMybatisTransactionContext  - committing the ibatis sql session...
10:47:55,192 [Thread-111] DEBUG org.apache.ibatis.transaction.jdbc.JdbcTransaction  - Closing JDBC Connection [conn68: url=jdbc:h2:mem:activiti-AsyncExecutorTest user=SA]
10:47:55,193 [Thread-111] DEBUG org.apache.ibatis.datasource.pooled.PooledDataSource  - Returned connection 58501658 to pool.
10:47:55,193 [Thread-111] DEBUG org.activiti.engine.impl.interceptor.LogInterceptor  - --- AcquireTimerJobsCmd finished --------------------------------------------------------
10:47:55,193 [Thread-111] DEBUG org.activiti.engine.impl.interceptor.LogInterceptor  - 

10:47:55,193 [Thread-106] DEBUG org.activiti.engine.impl.cfg.standalone.StandaloneMybatisTransactionContext  - firing event committed...
10:47:55,193 [Thread-106] DEBUG org.apache.ibatis.transaction.jdbc.JdbcTransaction  - Resetting autocommit to true on JDBC Connection [conn64: url=jdbc:h2:mem:activiti-AsyncExecutorTest user=SA]
10:47:55,193 [Thread-106] DEBUG org.apache.ibatis.transaction.jdbc.JdbcTransaction  - Closing JDBC Connection [conn64: url=jdbc:h2:mem:activiti-AsyncExecutorTest user=SA]
10:47:55,193 [Thread-106] DEBUG org.apache.ibatis.datasource.pooled.PooledDataSource  - Returned connection 54468349 to pool.
10:47:55,193 [Thread-106] DEBUG org.activiti.engine.impl.interceptor.LogInterceptor  - --- AcquireAsyncJobsDueCmd finished --------------------------------------------------------
10:47:55,193 [Thread-106] DEBUG org.activiti.engine.impl.interceptor.LogInterceptor  - 

10:47:55,193 [Thread-106] DEBUG org.activiti.engine.impl.asyncexecutor.AcquireAsyncJobsDueRunnable  - async job acquisition thread sleeping for 50 millis
10:47:55,193 [Thread-111] DEBUG org.activiti.engine.impl.asyncexecutor.AcquireTimerJobsRunnable  - timer job acquisition thread sleeping for 50 millis
10:47:55,236 [Thread-112] DEBUG org.activiti.engine.impl.asyncexecutor.AcquireAsyncJobsDueRunnable  - async job acquisition thread woke up
10:47:55,236 [Thread-112] DEBUG org.activiti.engine.impl.interceptor.LogInterceptor  - 

10:47:55,236 [Thread-112] DEBUG org.activiti.engine.impl.interceptor.LogInterceptor  - --- starting AcquireAsyncJobsDueCmd --------------------------------------------------------
10:47:55,236 [Thread-112] DEBUG org.apache.ibatis.transaction.jdbc.JdbcTransaction  - Opening JDBC Connection
10:47:55,236 [Thread-112] DEBUG org.apache.ibatis.datasource.pooled.PooledDataSource  - Checked out connection 1863805930 from pool.
10:47:55,236 [Thread-112] DEBUG org.apache.ibatis.transaction.jdbc.JdbcTransaction  - Setting autocommit to false on JDBC Connection [conn69: url=jdbc:h2:mem:activiti-AsyncExecutorTest user=SA]
10:47:55,236 [Thread-112] DEBUG org.activiti.engine.impl.persistence.entity.JobEntity.selectAsyncJobsDueToExecute  - ==&gt;  Preparing: select RES.* from ACT_RU_JOB RES LEFT OUTER JOIN ACT_RU_EXECUTION PI ON PI.ID_ = RES.PROCESS_INSTANCE_ID_ where RES.RETRIES_ &gt; 0 and RES.DUEDATE_ is not null and RES.DUEDATE_ &lt;= ? and (RES.LOCK_EXP_TIME_ is null or RES.LOCK_EXP_TIME_ &lt;= ?) and TYPE_ = &apos;message&apos; and ( (RES.EXECUTION_ID_ is null) or (PI.SUSPENSION_STATE_ = 1) ) LIMIT ? OFFSET ? 
10:47:55,236 [Thread-112] DEBUG org.activiti.engine.impl.persistence.entity.JobEntity.selectAsyncJobsDueToExecute  - ==&gt; Parameters: 2023-03-20 10:48:50.669(Timestamp), 2023-03-20 10:48:50.669(Timestamp), 1(Integer), 0(Integer)
10:47:55,236 [Thread-112] DEBUG org.activiti.engine.impl.persistence.entity.JobEntity.selectAsyncJobsDueToExecute  - &lt;==      Total: 0
10:47:55,236 [Thread-112] DEBUG org.activiti.engine.impl.db.DbSqlSession  - flush summary: 0 insert, 0 update, 0 delete.
10:47:55,236 [Thread-112] DEBUG org.activiti.engine.impl.db.DbSqlSession  - now executing flush...
10:47:55,236 [Thread-112] DEBUG org.activiti.engine.impl.cfg.standalone.StandaloneMybatisTransactionContext  - firing event committing...
10:47:55,236 [Thread-112] DEBUG org.activiti.engine.impl.cfg.standalone.StandaloneMybatisTransactionContext  - committing the ibatis sql session...
10:47:55,236 [Thread-112] DEBUG org.activiti.engine.impl.cfg.standalone.StandaloneMybatisTransactionContext  - firing event committed...
10:47:55,236 [Thread-112] DEBUG org.apache.ibatis.transaction.jdbc.JdbcTransaction  - Resetting autocommit to true on JDBC Connection [conn69: url=jdbc:h2:mem:activiti-AsyncExecutorTest user=SA]
10:47:55,236 [Thread-112] DEBUG org.apache.ibatis.transaction.jdbc.JdbcTransaction  - Closing JDBC Connection [conn69: url=jdbc:h2:mem:activiti-AsyncExecutorTest user=SA]
10:47:55,236 [Thread-112] DEBUG org.apache.ibatis.datasource.pooled.PooledDataSource  - Returned connection 1863805930 to pool.
10:47:55,236 [Thread-112] DEBUG org.activiti.engine.impl.interceptor.LogInterceptor  - --- AcquireAsyncJobsDueCmd finished --------------------------------------------------------
10:47:55,236 [Thread-112] DEBUG org.activiti.engine.impl.interceptor.LogInterceptor  - 

10:47:55,236 [Thread-112] DEBUG org.activiti.engine.impl.asyncexecutor.AcquireAsyncJobsDueRunnable  - async job acquisition thread sleeping for 50 millis
10:47:55,252 [Thread-102] DEBUG org.activiti.engine.impl.asyncexecutor.AcquireTimerJobsRunnable  - timer job acquisition thread woke up
10:47:55,252 [Thread-102] DEBUG org.activiti.engine.impl.interceptor.LogInterceptor  - 

10:47:55,252 [Thread-102] DEBUG org.activiti.engine.impl.interceptor.LogInterceptor  - --- starting AcquireTimerJobsCmd --------------------------------------------------------
10:47:55,252 [Thread-102] DEBUG org.apache.ibatis.transaction.jdbc.JdbcTransaction  - Opening JDBC Connection
10:47:55,252 [Thread-102] DEBUG org.apache.ibatis.datasource.pooled.PooledDataSource  - Checked out connection 720039383 from pool.
10:47:55,252 [Thread-102] DEBUG org.apache.ibatis.transaction.jdbc.JdbcTransaction  - Setting autocommit to false on JDBC Connection [conn59: url=jdbc:h2:mem:activiti-AsyncExecutorTest user=SA]
10:47:55,252 [Thread-102] DEBUG org.activiti.engine.impl.persistence.entity.JobEntity.selectNextTimerJobsToExecute  - ==&gt;  Preparing: select RES.* from ACT_RU_JOB RES LEFT OUTER JOIN ACT_RU_EXECUTION PI ON PI.ID_ = RES.PROCESS_INSTANCE_ID_ where (RES.RETRIES_ &gt; 0) and (RES.DUEDATE_ is null or RES.DUEDATE_ &lt;= ?) and (RES.LOCK_OWNER_ is null or RES.LOCK_EXP_TIME_ &lt;= ?) and TYPE_ = &apos;timer&apos; and ( (RES.EXECUTION_ID_ is null) or (PI.SUSPENSION_STATE_ = 1) ) LIMIT ? OFFSET ? 
10:47:55,252 [Thread-102] DEBUG org.activiti.engine.impl.persistence.entity.JobEntity.selectNextTimerJobsToExecute  - ==&gt; Parameters: 2023-03-20 10:48:50.669(Timestamp), 2023-03-20 10:48:50.669(Timestamp), 1(Integer), 0(Integer)
10:47:55,252 [Thread-111] DEBUG org.activiti.engine.impl.asyncexecutor.AcquireTimerJobsRunnable  - timer job acquisition thread woke up
10:47:55,252 [Thread-111] DEBUG org.activiti.engine.impl.interceptor.LogInterceptor  - 

10:47:55,252 [Thread-111] DEBUG org.activiti.engine.impl.interceptor.LogInterceptor  - --- starting AcquireTimerJobsCmd --------------------------------------------------------
10:47:55,252 [Thread-105] DEBUG org.activiti.engine.impl.asyncexecutor.AcquireTimerJobsRunnable  - timer job acquisition thread woke up
10:47:55,252 [Thread-105] DEBUG org.activiti.engine.impl.interceptor.LogInterceptor  - 

10:47:55,252 [Thread-105] DEBUG org.activiti.engine.impl.interceptor.LogInterceptor  - --- starting AcquireTimerJobsCmd --------------------------------------------------------
10:47:55,252 [Thread-105] DEBUG org.apache.ibatis.transaction.jdbc.JdbcTransaction  - Opening JDBC Connection
10:47:55,252 [Thread-105] DEBUG org.apache.ibatis.datasource.pooled.PooledDataSource  - Checked out connection 1970103261 from pool.
10:47:55,252 [Thread-105] DEBUG org.apache.ibatis.transaction.jdbc.JdbcTransaction  - Setting autocommit to false on JDBC Connection [conn63: url=jdbc:h2:mem:activiti-AsyncExecutorTest user=SA]
10:47:55,252 [Thread-105] DEBUG org.activiti.engine.impl.persistence.entity.JobEntity.selectNextTimerJobsToExecute  - ==&gt;  Preparing: select RES.* from ACT_RU_JOB RES LEFT OUTER JOIN ACT_RU_EXECUTION PI ON PI.ID_ = RES.PROCESS_INSTANCE_ID_ where (RES.RETRIES_ &gt; 0) and (RES.DUEDATE_ is null or RES.DUEDATE_ &lt;= ?) and (RES.LOCK_OWNER_ is null or RES.LOCK_EXP_TIME_ &lt;= ?) and TYPE_ = &apos;timer&apos; and ( (RES.EXECUTION_ID_ is null) or (PI.SUSPENSION_STATE_ = 1) ) LIMIT ? OFFSET ? 
10:47:55,252 [Thread-103] DEBUG org.activiti.engine.impl.asyncexecutor.AcquireAsyncJobsDueRunnable  - async job acquisition thread woke up
10:47:55,252 [Thread-103] DEBUG org.activiti.engine.impl.interceptor.LogInterceptor  - 

10:47:55,252 [Thread-103] DEBUG org.activiti.engine.impl.interceptor.LogInterceptor  - --- starting AcquireAsyncJobsDueCmd --------------------------------------------------------
10:47:55,252 [Thread-103] DEBUG org.apache.ibatis.transaction.jdbc.JdbcTransaction  - Opening JDBC Connection
10:47:55,252 [Thread-103] DEBUG org.apache.ibatis.datasource.pooled.PooledDataSource  - Checked out connection 33534803 from pool.
10:47:55,252 [Thread-103] DEBUG org.apache.ibatis.transaction.jdbc.JdbcTransaction  - Setting autocommit to false on JDBC Connection [conn60: url=jdbc:h2:mem:activiti-AsyncExecutorTest user=SA]
10:47:55,252 [Thread-103] DEBUG org.activiti.engine.impl.persistence.entity.JobEntity.selectAsyncJobsDueToExecute  - ==&gt;  Preparing: select RES.* from ACT_RU_JOB RES LEFT OUTER JOIN ACT_RU_EXECUTION PI ON PI.ID_ = RES.PROCESS_INSTANCE_ID_ where RES.RETRIES_ &gt; 0 and RES.DUEDATE_ is not null and RES.DUEDATE_ &lt;= ? and (RES.LOCK_EXP_TIME_ is null or RES.LOCK_EXP_TIME_ &lt;= ?) and TYPE_ = &apos;message&apos; and ( (RES.EXECUTION_ID_ is null) or (PI.SUSPENSION_STATE_ = 1) ) LIMIT ? OFFSET ? 
10:47:55,252 [Thread-106] DEBUG org.activiti.engine.impl.asyncexecutor.AcquireAsyncJobsDueRunnable  - async job acquisition thread woke up
10:47:55,253 [Thread-106] DEBUG org.activiti.engine.impl.interceptor.LogInterceptor  - 

10:47:55,253 [Thread-106] DEBUG org.activiti.engine.impl.interceptor.LogInterceptor  - --- starting AcquireAsyncJobsDueCmd --------------------------------------------------------
10:47:55,252 [Thread-103] DEBUG org.activiti.engine.impl.persistence.entity.JobEntity.selectAsyncJobsDueToExecute  - ==&gt; Parameters: 2023-03-20 10:48:50.669(Timestamp), 2023-03-20 10:48:50.669(Timestamp), 1(Integer), 0(Integer)
10:47:55,253 [Thread-103] DEBUG org.activiti.engine.impl.persistence.entity.JobEntity.selectAsyncJobsDueToExecute  - &lt;==      Total: 0
10:47:55,252 [Thread-105] DEBUG org.activiti.engine.impl.persistence.entity.JobEntity.selectNextTimerJobsToExecute  - ==&gt; Parameters: 2023-03-20 10:48:50.669(Timestamp), 2023-03-20 10:48:50.669(Timestamp), 1(Integer), 0(Integer)
10:47:55,253 [Thread-105] DEBUG org.activiti.engine.impl.persistence.entity.JobEntity.selectNextTimerJobsToExecute  - &lt;==      Total: 0
10:47:55,253 [Thread-105] DEBUG org.activiti.engine.impl.db.DbSqlSession  - flush summary: 0 insert, 0 update, 0 delete.
10:47:55,253 [Thread-105] DEBUG org.activiti.engine.impl.db.DbSqlSession  - now executing flush...
10:47:55,252 [Thread-111] DEBUG org.apache.ibatis.transaction.jdbc.JdbcTransaction  - Opening JDBC Connection
10:47:55,253 [Thread-111] DEBUG org.apache.ibatis.datasource.pooled.PooledDataSource  - Checked out connection 604408605 from pool.
10:47:55,253 [Thread-111] DEBUG org.apache.ibatis.transaction.jdbc.JdbcTransaction  - Setting autocommit to false on JDBC Connection [conn70: url=jdbc:h2:mem:activiti-AsyncExecutorTest user=SA]
10:47:55,253 [Thread-111] DEBUG org.activiti.engine.impl.persistence.entity.JobEntity.selectNextTimerJobsToExecute  - ==&gt;  Preparing: select RES.* from ACT_RU_JOB RES LEFT OUTER JOIN ACT_RU_EXECUTION PI ON PI.ID_ = RES.PROCESS_INSTANCE_ID_ where (RES.RETRIES_ &gt; 0) and (RES.DUEDATE_ is null or RES.DUEDATE_ &lt;= ?) and (RES.LOCK_OWNER_ is null or RES.LOCK_EXP_TIME_ &lt;= ?) and TYPE_ = &apos;timer&apos; and ( (RES.EXECUTION_ID_ is null) or (PI.SUSPENSION_STATE_ = 1) ) LIMIT ? OFFSET ? 
10:47:55,253 [Thread-111] DEBUG org.activiti.engine.impl.persistence.entity.JobEntity.selectNextTimerJobsToExecute  - ==&gt; Parameters: 2023-03-20 10:48:50.669(Timestamp), 2023-03-20 10:48:50.669(Timestamp), 1(Integer), 0(Integer)
10:47:55,253 [Thread-111] DEBUG org.activiti.engine.impl.persistence.entity.JobEntity.selectNextTimerJobsToExecute  - &lt;==      Total: 0
10:47:55,253 [Thread-111] DEBUG org.activiti.engine.impl.db.DbSqlSession  - flush summary: 0 insert, 0 update, 0 delete.
10:47:55,253 [Thread-111] DEBUG org.activiti.engine.impl.db.DbSqlSession  - now executing flush...
10:47:55,252 [Thread-102] DEBUG org.activiti.engine.impl.persistence.entity.JobEntity.selectNextTimerJobsToExecute  - &lt;==      Total: 0
10:47:55,253 [Thread-102] DEBUG org.activiti.engine.impl.db.DbSqlSession  - flush summary: 0 insert, 0 update, 0 delete.
10:47:55,253 [Thread-102] DEBUG org.activiti.engine.impl.db.DbSqlSession  - now executing flush...
10:47:55,253 [Thread-102] DEBUG org.activiti.engine.impl.cfg.standalone.StandaloneMybatisTransactionContext  - firing event committing...
10:47:55,253 [Thread-102] DEBUG org.activiti.engine.impl.cfg.standalone.StandaloneMybatisTransactionContext  - committing the ibatis sql session...
10:47:55,253 [Thread-102] DEBUG org.activiti.engine.impl.cfg.standalone.StandaloneMybatisTransactionContext  - firing event committed...
10:47:55,253 [Thread-102] DEBUG org.apache.ibatis.transaction.jdbc.JdbcTransaction  - Resetting autocommit to true on JDBC Connection [conn59: url=jdbc:h2:mem:activiti-AsyncExecutorTest user=SA]
10:47:55,253 [Thread-102] DEBUG org.apache.ibatis.transaction.jdbc.JdbcTransaction  - Closing JDBC Connection [conn59: url=jdbc:h2:mem:activiti-AsyncExecutorTest user=SA]
10:47:55,253 [Thread-102] DEBUG org.apache.ibatis.datasource.pooled.PooledDataSource  - Returned connection 720039383 to pool.
10:47:55,253 [Thread-102] DEBUG org.activiti.engine.impl.interceptor.LogInterceptor  - --- AcquireTimerJobsCmd finished --------------------------------------------------------
10:47:55,253 [Thread-102] DEBUG org.activiti.engine.impl.interceptor.LogInterceptor  - 

10:47:55,253 [Thread-102] DEBUG org.activiti.engine.impl.asyncexecutor.AcquireTimerJobsRunnable  - timer job acquisition thread sleeping for 50 millis
10:47:55,253 [Thread-111] DEBUG org.activiti.engine.impl.cfg.standalone.StandaloneMybatisTransactionContext  - firing event committing...
10:47:55,253 [Thread-111] DEBUG org.activiti.engine.impl.cfg.standalone.StandaloneMybatisTransactionContext  - committing the ibatis sql session...
10:47:55,253 [Thread-105] DEBUG org.activiti.engine.impl.cfg.standalone.StandaloneMybatisTransactionContext  - firing event committing...
10:47:55,254 [Thread-105] DEBUG org.activiti.engine.impl.cfg.standalone.StandaloneMybatisTransactionContext  - committing the ibatis sql session...
10:47:55,254 [Thread-105] DEBUG org.activiti.engine.impl.cfg.standalone.StandaloneMybatisTransactionContext  - firing event committed...
10:47:55,253 [Thread-103] DEBUG org.activiti.engine.impl.db.DbSqlSession  - flush summary: 0 insert, 0 update, 0 delete.
10:47:55,254 [Thread-103] DEBUG org.activiti.engine.impl.db.DbSqlSession  - now executing flush...
10:47:55,254 [Thread-103] DEBUG org.activiti.engine.impl.cfg.standalone.StandaloneMybatisTransactionContext  - firing event committing...
10:47:55,254 [Thread-103] DEBUG org.activiti.engine.impl.cfg.standalone.StandaloneMybatisTransactionContext  - committing the ibatis sql session...
10:47:55,254 [Thread-103] DEBUG org.activiti.engine.impl.cfg.standalone.StandaloneMybatisTransactionContext  - firing event committed...
10:47:55,254 [Thread-103] DEBUG org.apache.ibatis.transaction.jdbc.JdbcTransaction  - Resetting autocommit to true on JDBC Connection [conn60: url=jdbc:h2:mem:activiti-AsyncExecutorTest user=SA]
10:47:55,253 [Thread-106] DEBUG org.apache.ibatis.transaction.jdbc.JdbcTransaction  - Opening JDBC Connection
10:47:55,254 [Thread-106] DEBUG org.apache.ibatis.datasource.pooled.PooledDataSource  - Checked out connection 996762054 from pool.
10:47:55,254 [Thread-106] DEBUG org.apache.ibatis.transaction.jdbc.JdbcTransaction  - Setting autocommit to false on JDBC Connection [conn65: url=jdbc:h2:mem:activiti-AsyncExecutorTest user=SA]
10:47:55,254 [Thread-106] DEBUG org.activiti.engine.impl.persistence.entity.JobEntity.selectAsyncJobsDueToExecute  - ==&gt;  Preparing: select RES.* from ACT_RU_JOB RES LEFT OUTER JOIN ACT_RU_EXECUTION PI ON PI.ID_ = RES.PROCESS_INSTANCE_ID_ where RES.RETRIES_ &gt; 0 and RES.DUEDATE_ is not null and RES.DUEDATE_ &lt;= ? and (RES.LOCK_EXP_TIME_ is null or RES.LOCK_EXP_TIME_ &lt;= ?) and TYPE_ = &apos;message&apos; and ( (RES.EXECUTION_ID_ is null) or (PI.SUSPENSION_STATE_ = 1) ) LIMIT ? OFFSET ? 
10:47:55,254 [Thread-103] DEBUG org.apache.ibatis.transaction.jdbc.JdbcTransaction  - Closing JDBC Connection [conn60: url=jdbc:h2:mem:activiti-AsyncExecutorTest user=SA]
10:47:55,254 [Thread-103] DEBUG org.apache.ibatis.datasource.pooled.PooledDataSource  - Returned connection 33534803 to pool.
10:47:55,254 [Thread-103] DEBUG org.activiti.engine.impl.interceptor.LogInterceptor  - --- AcquireAsyncJobsDueCmd finished --------------------------------------------------------
10:47:55,254 [Thread-103] DEBUG org.activiti.engine.impl.interceptor.LogInterceptor  - 

10:47:55,254 [Thread-103] DEBUG org.activiti.engine.impl.asyncexecutor.AcquireAsyncJobsDueRunnable  - async job acquisition thread sleeping for 50 millis
10:47:55,254 [Thread-105] DEBUG org.apache.ibatis.transaction.jdbc.JdbcTransaction  - Resetting autocommit to true on JDBC Connection [conn63: url=jdbc:h2:mem:activiti-AsyncExecutorTest user=SA]
10:47:55,254 [Thread-105] DEBUG org.apache.ibatis.transaction.jdbc.JdbcTransaction  - Closing JDBC Connection [conn63: url=jdbc:h2:mem:activiti-AsyncExecutorTest user=SA]
10:47:55,254 [Thread-105] DEBUG org.apache.ibatis.datasource.pooled.PooledDataSource  - Returned connection 1970103261 to pool.
10:47:55,254 [Thread-105] DEBUG org.activiti.engine.impl.interceptor.LogInterceptor  - --- AcquireTimerJobsCmd finished --------------------------------------------------------
10:47:55,254 [Thread-105] DEBUG org.activiti.engine.impl.interceptor.LogInterceptor  - 

10:47:55,254 [Thread-105] DEBUG org.activiti.engine.impl.asyncexecutor.AcquireTimerJobsRunnable  - timer job acquisition thread sleeping for 50 millis
10:47:55,254 [Thread-111] DEBUG org.activiti.engine.impl.cfg.standalone.StandaloneMybatisTransactionContext  - firing event committed...
10:47:55,254 [Thread-111] DEBUG org.apache.ibatis.transaction.jdbc.JdbcTransaction  - Resetting autocommit to true on JDBC Connection [conn70: url=jdbc:h2:mem:activiti-AsyncExecutorTest user=SA]
10:47:55,254 [Thread-111] DEBUG org.apache.ibatis.transaction.jdbc.JdbcTransaction  - Closing JDBC Connection [conn70: url=jdbc:h2:mem:activiti-AsyncExecutorTest user=SA]
10:47:55,254 [Thread-111] DEBUG org.apache.ibatis.datasource.pooled.PooledDataSource  - Returned connection 604408605 to pool.
10:47:55,254 [Thread-111] DEBUG org.activiti.engine.impl.interceptor.LogInterceptor  - --- AcquireTimerJobsCmd finished --------------------------------------------------------
10:47:55,254 [Thread-111] DEBUG org.activiti.engine.impl.interceptor.LogInterceptor  - 

10:47:55,254 [Thread-111] DEBUG org.activiti.engine.impl.asyncexecutor.AcquireTimerJobsRunnable  - timer job acquisition thread sleeping for 50 millis
10:47:55,254 [Thread-106] DEBUG org.activiti.engine.impl.persistence.entity.JobEntity.selectAsyncJobsDueToExecute  - ==&gt; Parameters: 2023-03-20 10:48:50.669(Timestamp), 2023-03-20 10:48:50.669(Timestamp), 1(Integer), 0(Integer)
10:47:55,254 [Thread-106] DEBUG org.activiti.engine.impl.persistence.entity.JobEntity.selectAsyncJobsDueToExecute  - &lt;==      Total: 0
10:47:55,254 [Thread-106] DEBUG org.activiti.engine.impl.db.DbSqlSession  - flush summary: 0 insert, 0 update, 0 delete.
10:47:55,254 [Thread-106] DEBUG org.activiti.engine.impl.db.DbSqlSession  - now executing flush...
10:47:55,254 [Thread-106] DEBUG org.activiti.engine.impl.cfg.standalone.StandaloneMybatisTransactionContext  - firing event committing...
10:47:55,254 [Thread-106] DEBUG org.activiti.engine.impl.cfg.standalone.StandaloneMybatisTransactionContext  - committing the ibatis sql session...
10:47:55,254 [Thread-106] DEBUG org.activiti.engine.impl.cfg.standalone.StandaloneMybatisTransactionContext  - firing event committed...
10:47:55,255 [Thread-106] DEBUG org.apache.ibatis.transaction.jdbc.JdbcTransaction  - Resetting autocommit to true on JDBC Connection [conn65: url=jdbc:h2:mem:activiti-AsyncExecutorTest user=SA]
10:47:55,255 [Thread-106] DEBUG org.apache.ibatis.transaction.jdbc.JdbcTransaction  - Closing JDBC Connection [conn65: url=jdbc:h2:mem:activiti-AsyncExecutorTest user=SA]
10:47:55,255 [Thread-106] DEBUG org.apache.ibatis.datasource.pooled.PooledDataSource  - Returned connection 996762054 to pool.
10:47:55,255 [Thread-106] DEBUG org.activiti.engine.impl.interceptor.LogInterceptor  - --- AcquireAsyncJobsDueCmd finished --------------------------------------------------------
10:47:55,255 [Thread-106] DEBUG org.activiti.engine.impl.interceptor.LogInterceptor  - 

10:47:55,255 [Thread-106] DEBUG org.activiti.engine.impl.asyncexecutor.AcquireAsyncJobsDueRunnable  - async job acquisition thread sleeping for 50 millis
10:47:55,298 [Thread-112] DEBUG org.activiti.engine.impl.asyncexecutor.AcquireAsyncJobsDueRunnable  - async job acquisition thread woke up
10:47:55,298 [Thread-112] DEBUG org.activiti.engine.impl.interceptor.LogInterceptor  - 

10:47:55,298 [Thread-112] DEBUG org.activiti.engine.impl.interceptor.LogInterceptor  - --- starting AcquireAsyncJobsDueCmd --------------------------------------------------------
10:47:55,298 [Thread-112] DEBUG org.apache.ibatis.transaction.jdbc.JdbcTransaction  - Opening JDBC Connection
10:47:55,298 [Thread-112] DEBUG org.apache.ibatis.datasource.pooled.PooledDataSource  - Checked out connection 58501658 from pool.
10:47:55,298 [Thread-112] DEBUG org.apache.ibatis.transaction.jdbc.JdbcTransaction  - Setting autocommit to false on JDBC Connection [conn68: url=jdbc:h2:mem:activiti-AsyncExecutorTest user=SA]
10:47:55,298 [Thread-112] DEBUG org.activiti.engine.impl.persistence.entity.JobEntity.selectAsyncJobsDueToExecute  - ==&gt;  Preparing: select RES.* from ACT_RU_JOB RES LEFT OUTER JOIN ACT_RU_EXECUTION PI ON PI.ID_ = RES.PROCESS_INSTANCE_ID_ where RES.RETRIES_ &gt; 0 and RES.DUEDATE_ is not null and RES.DUEDATE_ &lt;= ? and (RES.LOCK_EXP_TIME_ is null or RES.LOCK_EXP_TIME_ &lt;= ?) and TYPE_ = &apos;message&apos; and ( (RES.EXECUTION_ID_ is null) or (PI.SUSPENSION_STATE_ = 1) ) LIMIT ? OFFSET ? 
10:47:55,298 [Thread-112] DEBUG org.activiti.engine.impl.persistence.entity.JobEntity.selectAsyncJobsDueToExecute  - ==&gt; Parameters: 2023-03-20 10:48:50.669(Timestamp), 2023-03-20 10:48:50.669(Timestamp), 1(Integer), 0(Integer)
10:47:55,298 [Thread-112] DEBUG org.activiti.engine.impl.persistence.entity.JobEntity.selectAsyncJobsDueToExecute  - &lt;==      Total: 0
10:47:55,298 [Thread-112] DEBUG org.activiti.engine.impl.db.DbSqlSession  - flush summary: 0 insert, 0 update, 0 delete.
10:47:55,298 [Thread-112] DEBUG org.activiti.engine.impl.db.DbSqlSession  - now executing flush...
10:47:55,298 [Thread-112] DEBUG org.activiti.engine.impl.cfg.standalone.StandaloneMybatisTransactionContext  - firing event committing...
10:47:55,298 [Thread-112] DEBUG org.activiti.engine.impl.cfg.standalone.StandaloneMybatisTransactionContext  - committing the ibatis sql session...
10:47:55,298 [Thread-112] DEBUG org.activiti.engine.impl.cfg.standalone.StandaloneMybatisTransactionContext  - firing event committed...
10:47:55,298 [Thread-112] DEBUG org.apache.ibatis.transaction.jdbc.JdbcTransaction  - Resetting autocommit to true on JDBC Connection [conn68: url=jdbc:h2:mem:activiti-AsyncExecutorTest user=SA]
10:47:55,298 [Thread-112] DEBUG org.apache.ibatis.transaction.jdbc.JdbcTransaction  - Closing JDBC Connection [conn68: url=jdbc:h2:mem:activiti-AsyncExecutorTest user=SA]
10:47:55,298 [Thread-112] DEBUG org.apache.ibatis.datasource.pooled.PooledDataSource  - Returned connection 58501658 to pool.
10:47:55,298 [Thread-112] DEBUG org.activiti.engine.impl.interceptor.LogInterceptor  - --- AcquireAsyncJobsDueCmd finished --------------------------------------------------------
10:47:55,298 [Thread-112] DEBUG org.activiti.engine.impl.interceptor.LogInterceptor  - 

10:47:55,299 [Thread-112] DEBUG org.activiti.engine.impl.asyncexecutor.AcquireAsyncJobsDueRunnable  - async job acquisition thread sleeping for 50 millis
10:47:55,314 [Thread-106] DEBUG org.activiti.engine.impl.asyncexecutor.AcquireAsyncJobsDueRunnable  - async job acquisition thread woke up
10:47:55,314 [Thread-106] DEBUG org.activiti.engine.impl.interceptor.LogInterceptor  - 

10:47:55,314 [Thread-106] DEBUG org.activiti.engine.impl.interceptor.LogInterceptor  - --- starting AcquireAsyncJobsDueCmd --------------------------------------------------------
10:47:55,314 [Thread-106] DEBUG org.apache.ibatis.transaction.jdbc.JdbcTransaction  - Opening JDBC Connection
10:47:55,314 [Thread-106] DEBUG org.apache.ibatis.datasource.pooled.PooledDataSource  - Checked out connection 54468349 from pool.
10:47:55,314 [Thread-106] DEBUG org.apache.ibatis.transaction.jdbc.JdbcTransaction  - Setting autocommit to false on JDBC Connection [conn64: url=jdbc:h2:mem:activiti-AsyncExecutorTest user=SA]
10:47:55,314 [Thread-102] DEBUG org.activiti.engine.impl.asyncexecutor.AcquireTimerJobsRunnable  - timer job acquisition thread woke up
10:47:55,314 [Thread-102] DEBUG org.activiti.engine.impl.interceptor.LogInterceptor  - 

10:47:55,314 [Thread-102] DEBUG org.activiti.engine.impl.interceptor.LogInterceptor  - --- starting AcquireTimerJobsCmd --------------------------------------------------------
10:47:55,314 [Thread-105] DEBUG org.activiti.engine.impl.asyncexecutor.AcquireTimerJobsRunnable  - timer job acquisition thread woke up
10:47:55,314 [Thread-105] DEBUG org.activiti.engine.impl.interceptor.LogInterceptor  - 

10:47:55,314 [Thread-105] DEBUG org.activiti.engine.impl.interceptor.LogInterceptor  - --- starting AcquireTimerJobsCmd --------------------------------------------------------
10:47:55,314 [Thread-105] DEBUG org.apache.ibatis.transaction.jdbc.JdbcTransaction  - Opening JDBC Connection
10:47:55,314 [Thread-105] DEBUG org.apache.ibatis.datasource.pooled.PooledDataSource  - Checked out connection 1970103261 from pool.
10:47:55,314 [Thread-105] DEBUG org.apache.ibatis.transaction.jdbc.JdbcTransaction  - Setting autocommit to false on JDBC Connection [conn63: url=jdbc:h2:mem:activiti-AsyncExecutorTest user=SA]
10:47:55,314 [Thread-105] DEBUG org.activiti.engine.impl.persistence.entity.JobEntity.selectNextTimerJobsToExecute  - ==&gt;  Preparing: select RES.* from ACT_RU_JOB RES LEFT OUTER JOIN ACT_RU_EXECUTION PI ON PI.ID_ = RES.PROCESS_INSTANCE_ID_ where (RES.RETRIES_ &gt; 0) and (RES.DUEDATE_ is null or RES.DUEDATE_ &lt;= ?) and (RES.LOCK_OWNER_ is null or RES.LOCK_EXP_TIME_ &lt;= ?) and TYPE_ = &apos;timer&apos; and ( (RES.EXECUTION_ID_ is null) or (PI.SUSPENSION_STATE_ = 1) ) LIMIT ? OFFSET ? 
10:47:55,314 [Thread-105] DEBUG org.activiti.engine.impl.persistence.entity.JobEntity.selectNextTimerJobsToExecute  - ==&gt; Parameters: 2023-03-20 10:48:50.669(Timestamp), 2023-03-20 10:48:50.669(Timestamp), 1(Integer), 0(Integer)
10:47:55,314 [Thread-105] DEBUG org.activiti.engine.impl.persistence.entity.JobEntity.selectNextTimerJobsToExecute  - &lt;==      Total: 0
10:47:55,314 [Thread-111] DEBUG org.activiti.engine.impl.asyncexecutor.AcquireTimerJobsRunnable  - timer job acquisition thread woke up
10:47:55,314 [Thread-111] DEBUG org.activiti.engine.impl.interceptor.LogInterceptor  - 

10:47:55,314 [Thread-111] DEBUG org.activiti.engine.impl.interceptor.LogInterceptor  - --- starting AcquireTimerJobsCmd --------------------------------------------------------
10:47:55,314 [Thread-111] DEBUG org.apache.ibatis.transaction.jdbc.JdbcTransaction  - Opening JDBC Connection
10:47:55,314 [Thread-111] DEBUG org.apache.ibatis.datasource.pooled.PooledDataSource  - Checked out connection 1863805930 from pool.
10:47:55,314 [Thread-111] DEBUG org.apache.ibatis.transaction.jdbc.JdbcTransaction  - Setting autocommit to false on JDBC Connection [conn69: url=jdbc:h2:mem:activiti-AsyncExecutorTest user=SA]
10:47:55,314 [Thread-111] DEBUG org.activiti.engine.impl.persistence.entity.JobEntity.selectNextTimerJobsToExecute  - ==&gt;  Preparing: select RES.* from ACT_RU_JOB RES LEFT OUTER JOIN ACT_RU_EXECUTION PI ON PI.ID_ = RES.PROCESS_INSTANCE_ID_ where (RES.RETRIES_ &gt; 0) and (RES.DUEDATE_ is null or RES.DUEDATE_ &lt;= ?) and (RES.LOCK_OWNER_ is null or RES.LOCK_EXP_TIME_ &lt;= ?) and TYPE_ = &apos;timer&apos; and ( (RES.EXECUTION_ID_ is null) or (PI.SUSPENSION_STATE_ = 1) ) LIMIT ? OFFSET ? 
10:47:55,315 [Thread-111] DEBUG org.activiti.engine.impl.persistence.entity.JobEntity.selectNextTimerJobsToExecute  - ==&gt; Parameters: 2023-03-20 10:48:50.669(Timestamp), 2023-03-20 10:48:50.669(Timestamp), 1(Integer), 0(Integer)
10:47:55,315 [Thread-111] DEBUG org.activiti.engine.impl.persistence.entity.JobEntity.selectNextTimerJobsToExecute  - &lt;==      Total: 0
10:47:55,315 [Thread-111] DEBUG org.activiti.engine.impl.db.DbSqlSession  - flush summary: 0 insert, 0 update, 0 delete.
10:47:55,315 [Thread-111] DEBUG org.activiti.engine.impl.db.DbSqlSession  - now executing flush...
10:47:55,315 [Thread-111] DEBUG org.activiti.engine.impl.cfg.standalone.StandaloneMybatisTransactionContext  - firing event committing...
10:47:55,315 [Thread-111] DEBUG org.activiti.engine.impl.cfg.standalone.StandaloneMybatisTransactionContext  - committing the ibatis sql session...
10:47:55,315 [Thread-111] DEBUG org.activiti.engine.impl.cfg.standalone.StandaloneMybatisTransactionContext  - firing event committed...
10:47:55,315 [Thread-111] DEBUG org.apache.ibatis.transaction.jdbc.JdbcTransaction  - Resetting autocommit to true on JDBC Connection [conn69: url=jdbc:h2:mem:activiti-AsyncExecutorTest user=SA]
10:47:55,315 [Thread-111] DEBUG org.apache.ibatis.transaction.jdbc.JdbcTransaction  - Closing JDBC Connection [conn69: url=jdbc:h2:mem:activiti-AsyncExecutorTest user=SA]
10:47:55,315 [Thread-111] DEBUG org.apache.ibatis.datasource.pooled.PooledDataSource  - Returned connection 1863805930 to pool.
10:47:55,315 [Thread-111] DEBUG org.activiti.engine.impl.interceptor.LogInterceptor  - --- AcquireTimerJobsCmd finished --------------------------------------------------------
10:47:55,315 [Thread-111] DEBUG org.activiti.engine.impl.interceptor.LogInterceptor  - 

10:47:55,315 [Thread-111] DEBUG org.activiti.engine.impl.asyncexecutor.AcquireTimerJobsRunnable  - timer job acquisition thread sleeping for 50 millis
10:47:55,314 [Thread-103] DEBUG org.activiti.engine.impl.asyncexecutor.AcquireAsyncJobsDueRunnable  - async job acquisition thread woke up
10:47:55,315 [Thread-103] DEBUG org.activiti.engine.impl.interceptor.LogInterceptor  - 

10:47:55,315 [Thread-103] DEBUG org.activiti.engine.impl.interceptor.LogInterceptor  - --- starting AcquireAsyncJobsDueCmd --------------------------------------------------------
10:47:55,314 [Thread-105] DEBUG org.activiti.engine.impl.db.DbSqlSession  - flush summary: 0 insert, 0 update, 0 delete.
10:47:55,315 [Thread-105] DEBUG org.activiti.engine.impl.db.DbSqlSession  - now executing flush...
10:47:55,315 [Thread-105] DEBUG org.activiti.engine.impl.cfg.standalone.StandaloneMybatisTransactionContext  - firing event committing...
10:47:55,315 [Thread-105] DEBUG org.activiti.engine.impl.cfg.standalone.StandaloneMybatisTransactionContext  - committing the ibatis sql session...
10:47:55,315 [Thread-105] DEBUG org.activiti.engine.impl.cfg.standalone.StandaloneMybatisTransactionContext  - firing event committed...
10:47:55,315 [Thread-105] DEBUG org.apache.ibatis.transaction.jdbc.JdbcTransaction  - Resetting autocommit to true on JDBC Connection [conn63: url=jdbc:h2:mem:activiti-AsyncExecutorTest user=SA]
10:47:55,315 [Thread-105] DEBUG org.apache.ibatis.transaction.jdbc.JdbcTransaction  - Closing JDBC Connection [conn63: url=jdbc:h2:mem:activiti-AsyncExecutorTest user=SA]
10:47:55,315 [Thread-105] DEBUG org.apache.ibatis.datasource.pooled.PooledDataSource  - Returned connection 1970103261 to pool.
10:47:55,315 [Thread-105] DEBUG org.activiti.engine.impl.interceptor.LogInterceptor  - --- AcquireTimerJobsCmd finished --------------------------------------------------------
10:47:55,315 [Thread-105] DEBUG org.activiti.engine.impl.interceptor.LogInterceptor  - 

10:47:55,315 [Thread-105] DEBUG org.activiti.engine.impl.asyncexecutor.AcquireTimerJobsRunnable  - timer job acquisition thread sleeping for 50 millis
10:47:55,314 [Thread-102] DEBUG org.apache.ibatis.transaction.jdbc.JdbcTransaction  - Opening JDBC Connection
10:47:55,315 [Thread-102] DEBUG org.apache.ibatis.datasource.pooled.PooledDataSource  - Checked out connection 157985567 from pool.
10:47:55,315 [Thread-102] DEBUG org.apache.ibatis.transaction.jdbc.JdbcTransaction  - Setting autocommit to false on JDBC Connection [conn61: url=jdbc:h2:mem:activiti-AsyncExecutorTest user=SA]
10:47:55,315 [Thread-102] DEBUG org.activiti.engine.impl.persistence.entity.JobEntity.selectNextTimerJobsToExecute  - ==&gt;  Preparing: select RES.* from ACT_RU_JOB RES LEFT OUTER JOIN ACT_RU_EXECUTION PI ON PI.ID_ = RES.PROCESS_INSTANCE_ID_ where (RES.RETRIES_ &gt; 0) and (RES.DUEDATE_ is null or RES.DUEDATE_ &lt;= ?) and (RES.LOCK_OWNER_ is null or RES.LOCK_EXP_TIME_ &lt;= ?) and TYPE_ = &apos;timer&apos; and ( (RES.EXECUTION_ID_ is null) or (PI.SUSPENSION_STATE_ = 1) ) LIMIT ? OFFSET ? 
10:47:55,315 [Thread-102] DEBUG org.activiti.engine.impl.persistence.entity.JobEntity.selectNextTimerJobsToExecute  - ==&gt; Parameters: 2023-03-20 10:48:50.669(Timestamp), 2023-03-20 10:48:50.669(Timestamp), 1(Integer), 0(Integer)
10:47:55,315 [Thread-102] DEBUG org.activiti.engine.impl.persistence.entity.JobEntity.selectNextTimerJobsToExecute  - &lt;==      Total: 0
10:47:55,315 [Thread-102] DEBUG org.activiti.engine.impl.db.DbSqlSession  - flush summary: 0 insert, 0 update, 0 delete.
10:47:55,315 [Thread-102] DEBUG org.activiti.engine.impl.db.DbSqlSession  - now executing flush...
10:47:55,315 [Thread-102] DEBUG org.activiti.engine.impl.cfg.standalone.StandaloneMybatisTransactionContext  - firing event committing...
10:47:55,315 [Thread-102] DEBUG org.activiti.engine.impl.cfg.standalone.StandaloneMybatisTransactionContext  - committing the ibatis sql session...
10:47:55,315 [Thread-102] DEBUG org.activiti.engine.impl.cfg.standalone.StandaloneMybatisTransactionContext  - firing event committed...
10:47:55,315 [Thread-102] DEBUG org.apache.ibatis.transaction.jdbc.JdbcTransaction  - Resetting autocommit to true on JDBC Connection [conn61: url=jdbc:h2:mem:activiti-AsyncExecutorTest user=SA]
10:47:55,315 [Thread-102] DEBUG org.apache.ibatis.transaction.jdbc.JdbcTransaction  - Closing JDBC Connection [conn61: url=jdbc:h2:mem:activiti-AsyncExecutorTest user=SA]
10:47:55,315 [Thread-102] DEBUG org.apache.ibatis.datasource.pooled.PooledDataSource  - Returned connection 157985567 to pool.
10:47:55,315 [Thread-102] DEBUG org.activiti.engine.impl.interceptor.LogInterceptor  - --- AcquireTimerJobsCmd finished --------------------------------------------------------
10:47:55,315 [Thread-102] DEBUG org.activiti.engine.impl.interceptor.LogInterceptor  - 

10:47:55,315 [Thread-102] DEBUG org.activiti.engine.impl.asyncexecutor.AcquireTimerJobsRunnable  - timer job acquisition thread sleeping for 50 millis
10:47:55,314 [Thread-106] DEBUG org.activiti.engine.impl.persistence.entity.JobEntity.selectAsyncJobsDueToExecute  - ==&gt;  Preparing: select RES.* from ACT_RU_JOB RES LEFT OUTER JOIN ACT_RU_EXECUTION PI ON PI.ID_ = RES.PROCESS_INSTANCE_ID_ where RES.RETRIES_ &gt; 0 and RES.DUEDATE_ is not null and RES.DUEDATE_ &lt;= ? and (RES.LOCK_EXP_TIME_ is null or RES.LOCK_EXP_TIME_ &lt;= ?) and TYPE_ = &apos;message&apos; and ( (RES.EXECUTION_ID_ is null) or (PI.SUSPENSION_STATE_ = 1) ) LIMIT ? OFFSET ? 
10:47:55,315 [Thread-106] DEBUG org.activiti.engine.impl.persistence.entity.JobEntity.selectAsyncJobsDueToExecute  - ==&gt; Parameters: 2023-03-20 10:48:50.669(Timestamp), 2023-03-20 10:48:50.669(Timestamp), 1(Integer), 0(Integer)
10:47:55,315 [Thread-106] DEBUG org.activiti.engine.impl.persistence.entity.JobEntity.selectAsyncJobsDueToExecute  - &lt;==      Total: 0
10:47:55,316 [Thread-106] DEBUG org.activiti.engine.impl.db.DbSqlSession  - flush summary: 0 insert, 0 update, 0 delete.
10:47:55,316 [Thread-106] DEBUG org.activiti.engine.impl.db.DbSqlSession  - now executing flush...
10:47:55,316 [Thread-106] DEBUG org.activiti.engine.impl.cfg.standalone.StandaloneMybatisTransactionContext  - firing event committing...
10:47:55,316 [Thread-106] DEBUG org.activiti.engine.impl.cfg.standalone.StandaloneMybatisTransactionContext  - committing the ibatis sql session...
10:47:55,316 [Thread-106] DEBUG org.activiti.engine.impl.cfg.standalone.StandaloneMybatisTransactionContext  - firing event committed...
10:47:55,316 [Thread-106] DEBUG org.apache.ibatis.transaction.jdbc.JdbcTransaction  - Resetting autocommit to true on JDBC Connection [conn64: url=jdbc:h2:mem:activiti-AsyncExecutorTest user=SA]
10:47:55,316 [Thread-106] DEBUG org.apache.ibatis.transaction.jdbc.JdbcTransaction  - Closing JDBC Connection [conn64: url=jdbc:h2:mem:activiti-AsyncExecutorTest user=SA]
10:47:55,316 [Thread-106] DEBUG org.apache.ibatis.datasource.pooled.PooledDataSource  - Returned connection 54468349 to pool.
10:47:55,316 [Thread-106] DEBUG org.activiti.engine.impl.interceptor.LogInterceptor  - --- AcquireAsyncJobsDueCmd finished --------------------------------------------------------
10:47:55,316 [Thread-106] DEBUG org.activiti.engine.impl.interceptor.LogInterceptor  - 

10:47:55,316 [Thread-106] DEBUG org.activiti.engine.impl.asyncexecutor.AcquireAsyncJobsDueRunnable  - async job acquisition thread sleeping for 50 millis
10:47:55,315 [Thread-103] DEBUG org.apache.ibatis.transaction.jdbc.JdbcTransaction  - Opening JDBC Connection
10:47:55,316 [Thread-103] DEBUG org.apache.ibatis.datasource.pooled.PooledDataSource  - Checked out connection 720039383 from pool.
10:47:55,316 [Thread-103] DEBUG org.apache.ibatis.transaction.jdbc.JdbcTransaction  - Setting autocommit to false on JDBC Connection [conn59: url=jdbc:h2:mem:activiti-AsyncExecutorTest user=SA]
10:47:55,316 [Thread-103] DEBUG org.activiti.engine.impl.persistence.entity.JobEntity.selectAsyncJobsDueToExecute  - ==&gt;  Preparing: select RES.* from ACT_RU_JOB RES LEFT OUTER JOIN ACT_RU_EXECUTION PI ON PI.ID_ = RES.PROCESS_INSTANCE_ID_ where RES.RETRIES_ &gt; 0 and RES.DUEDATE_ is not null and RES.DUEDATE_ &lt;= ? and (RES.LOCK_EXP_TIME_ is null or RES.LOCK_EXP_TIME_ &lt;= ?) and TYPE_ = &apos;message&apos; and ( (RES.EXECUTION_ID_ is null) or (PI.SUSPENSION_STATE_ = 1) ) LIMIT ? OFFSET ? 
10:47:55,316 [Thread-103] DEBUG org.activiti.engine.impl.persistence.entity.JobEntity.selectAsyncJobsDueToExecute  - ==&gt; Parameters: 2023-03-20 10:48:50.669(Timestamp), 2023-03-20 10:48:50.669(Timestamp), 1(Integer), 0(Integer)
10:47:55,316 [Thread-103] DEBUG org.activiti.engine.impl.persistence.entity.JobEntity.selectAsyncJobsDueToExecute  - &lt;==      Total: 0
10:47:55,316 [Thread-103] DEBUG org.activiti.engine.impl.db.DbSqlSession  - flush summary: 0 insert, 0 update, 0 delete.
10:47:55,316 [Thread-103] DEBUG org.activiti.engine.impl.db.DbSqlSession  - now executing flush...
10:47:55,316 [Thread-103] DEBUG org.activiti.engine.impl.cfg.standalone.StandaloneMybatisTransactionContext  - firing event committing...
10:47:55,316 [Thread-103] DEBUG org.activiti.engine.impl.cfg.standalone.StandaloneMybatisTransactionContext  - committing the ibatis sql session...
10:47:55,316 [Thread-103] DEBUG org.activiti.engine.impl.cfg.standalone.StandaloneMybatisTransactionContext  - firing event committed...
10:47:55,316 [Thread-103] DEBUG org.apache.ibatis.transaction.jdbc.JdbcTransaction  - Resetting autocommit to true on JDBC Connection [conn59: url=jdbc:h2:mem:activiti-AsyncExecutorTest user=SA]
10:47:55,316 [Thread-103] DEBUG org.apache.ibatis.transaction.jdbc.JdbcTransaction  - Closing JDBC Connection [conn59: url=jdbc:h2:mem:activiti-AsyncExecutorTest user=SA]
10:47:55,316 [Thread-103] DEBUG org.apache.ibatis.datasource.pooled.PooledDataSource  - Returned connection 720039383 to pool.
10:47:55,316 [Thread-103] DEBUG org.activiti.engine.impl.interceptor.LogInterceptor  - --- AcquireAsyncJobsDueCmd finished --------------------------------------------------------
10:47:55,316 [Thread-103] DEBUG org.activiti.engine.impl.interceptor.LogInterceptor  - 

10:47:55,316 [Thread-103] DEBUG org.activiti.engine.impl.asyncexecutor.AcquireAsyncJobsDueRunnable  - async job acquisition thread sleeping for 50 millis
10:47:55,361 [Thread-112] DEBUG org.activiti.engine.impl.asyncexecutor.AcquireAsyncJobsDueRunnable  - async job acquisition thread woke up
10:47:55,361 [Thread-112] DEBUG org.activiti.engine.impl.interceptor.LogInterceptor  - 

10:47:55,361 [Thread-112] DEBUG org.activiti.engine.impl.interceptor.LogInterceptor  - --- starting AcquireAsyncJobsDueCmd --------------------------------------------------------
10:47:55,361 [Thread-112] DEBUG org.apache.ibatis.transaction.jdbc.JdbcTransaction  - Opening JDBC Connection
10:47:55,361 [Thread-112] DEBUG org.apache.ibatis.datasource.pooled.PooledDataSource  - Checked out connection 604408605 from pool.
10:47:55,361 [Thread-112] DEBUG org.apache.ibatis.transaction.jdbc.JdbcTransaction  - Setting autocommit to false on JDBC Connection [conn70: url=jdbc:h2:mem:activiti-AsyncExecutorTest user=SA]
10:47:55,361 [Thread-112] DEBUG org.activiti.engine.impl.persistence.entity.JobEntity.selectAsyncJobsDueToExecute  - ==&gt;  Preparing: select RES.* from ACT_RU_JOB RES LEFT OUTER JOIN ACT_RU_EXECUTION PI ON PI.ID_ = RES.PROCESS_INSTANCE_ID_ where RES.RETRIES_ &gt; 0 and RES.DUEDATE_ is not null and RES.DUEDATE_ &lt;= ? and (RES.LOCK_EXP_TIME_ is null or RES.LOCK_EXP_TIME_ &lt;= ?) and TYPE_ = &apos;message&apos; and ( (RES.EXECUTION_ID_ is null) or (PI.SUSPENSION_STATE_ = 1) ) LIMIT ? OFFSET ? 
10:47:55,361 [Thread-112] DEBUG org.activiti.engine.impl.persistence.entity.JobEntity.selectAsyncJobsDueToExecute  - ==&gt; Parameters: 2023-03-20 10:48:50.669(Timestamp), 2023-03-20 10:48:50.669(Timestamp), 1(Integer), 0(Integer)
10:47:55,361 [Thread-112] DEBUG org.activiti.engine.impl.persistence.entity.JobEntity.selectAsyncJobsDueToExecute  - &lt;==      Total: 0
10:47:55,361 [Thread-112] DEBUG org.activiti.engine.impl.db.DbSqlSession  - flush summary: 0 insert, 0 update, 0 delete.
10:47:55,361 [Thread-112] DEBUG org.activiti.engine.impl.db.DbSqlSession  - now executing flush...
10:47:55,361 [Thread-112] DEBUG org.activiti.engine.impl.cfg.standalone.StandaloneMybatisTransactionContext  - firing event committing...
10:47:55,361 [Thread-112] DEBUG org.activiti.engine.impl.cfg.standalone.StandaloneMybatisTransactionContext  - committing the ibatis sql session...
10:47:55,361 [Thread-112] DEBUG org.activiti.engine.impl.cfg.standalone.StandaloneMybatisTransactionContext  - firing event committed...
10:47:55,361 [Thread-112] DEBUG org.apache.ibatis.transaction.jdbc.JdbcTransaction  - Resetting autocommit to true on JDBC Connection [conn70: url=jdbc:h2:mem:activiti-AsyncExecutorTest user=SA]
10:47:55,361 [Thread-112] DEBUG org.apache.ibatis.transaction.jdbc.JdbcTransaction  - Closing JDBC Connection [conn70: url=jdbc:h2:mem:activiti-AsyncExecutorTest user=SA]
10:47:55,361 [Thread-112] DEBUG org.apache.ibatis.datasource.pooled.PooledDataSource  - Returned connection 604408605 to pool.
10:47:55,361 [Thread-112] DEBUG org.activiti.engine.impl.interceptor.LogInterceptor  - --- AcquireAsyncJobsDueCmd finished --------------------------------------------------------
10:47:55,361 [Thread-112] DEBUG org.activiti.engine.impl.interceptor.LogInterceptor  - 

10:47:55,361 [Thread-112] DEBUG org.activiti.engine.impl.asyncexecutor.AcquireAsyncJobsDueRunnable  - async job acquisition thread sleeping for 50 millis
10:47:55,376 [Thread-103] DEBUG org.activiti.engine.impl.asyncexecutor.AcquireAsyncJobsDueRunnable  - async job acquisition thread woke up
10:47:55,376 [Thread-103] DEBUG org.activiti.engine.impl.interceptor.LogInterceptor  - 

10:47:55,376 [Thread-111] DEBUG org.activiti.engine.impl.asyncexecutor.AcquireTimerJobsRunnable  - timer job acquisition thread woke up
10:47:55,376 [Thread-111] DEBUG org.activiti.engine.impl.interceptor.LogInterceptor  - 

10:47:55,376 [Thread-111] DEBUG org.activiti.engine.impl.interceptor.LogInterceptor  - --- starting AcquireTimerJobsCmd --------------------------------------------------------
10:47:55,376 [Thread-106] DEBUG org.activiti.engine.impl.asyncexecutor.AcquireAsyncJobsDueRunnable  - async job acquisition thread woke up
10:47:55,376 [Thread-106] DEBUG org.activiti.engine.impl.interceptor.LogInterceptor  - 

10:47:55,376 [Thread-106] DEBUG org.activiti.engine.impl.interceptor.LogInterceptor  - --- starting AcquireAsyncJobsDueCmd --------------------------------------------------------
10:47:55,376 [Thread-106] DEBUG org.apache.ibatis.transaction.jdbc.JdbcTransaction  - Opening JDBC Connection
10:47:55,376 [Thread-106] DEBUG org.apache.ibatis.datasource.pooled.PooledDataSource  - Checked out connection 996762054 from pool.
10:47:55,376 [Thread-106] DEBUG org.apache.ibatis.transaction.jdbc.JdbcTransaction  - Setting autocommit to false on JDBC Connection [conn65: url=jdbc:h2:mem:activiti-AsyncExecutorTest user=SA]
10:47:55,376 [Thread-106] DEBUG org.activiti.engine.impl.persistence.entity.JobEntity.selectAsyncJobsDueToExecute  - ==&gt;  Preparing: select RES.* from ACT_RU_JOB RES LEFT OUTER JOIN ACT_RU_EXECUTION PI ON PI.ID_ = RES.PROCESS_INSTANCE_ID_ where RES.RETRIES_ &gt; 0 and RES.DUEDATE_ is not null and RES.DUEDATE_ &lt;= ? and (RES.LOCK_EXP_TIME_ is null or RES.LOCK_EXP_TIME_ &lt;= ?) and TYPE_ = &apos;message&apos; and ( (RES.EXECUTION_ID_ is null) or (PI.SUSPENSION_STATE_ = 1) ) LIMIT ? OFFSET ? 
10:47:55,376 [Thread-105] DEBUG org.activiti.engine.impl.asyncexecutor.AcquireTimerJobsRunnable  - timer job acquisition thread woke up
10:47:55,376 [Thread-105] DEBUG org.activiti.engine.impl.interceptor.LogInterceptor  - 

10:47:55,376 [Thread-105] DEBUG org.activiti.engine.impl.interceptor.LogInterceptor  - --- starting AcquireTimerJobsCmd --------------------------------------------------------
10:47:55,376 [Thread-105] DEBUG org.apache.ibatis.transaction.jdbc.JdbcTransaction  - Opening JDBC Connection
10:47:55,376 [Thread-105] DEBUG org.apache.ibatis.datasource.pooled.PooledDataSource  - Checked out connection 1970103261 from pool.
10:47:55,376 [Thread-105] DEBUG org.apache.ibatis.transaction.jdbc.JdbcTransaction  - Setting autocommit to false on JDBC Connection [conn63: url=jdbc:h2:mem:activiti-AsyncExecutorTest user=SA]
10:47:55,376 [Thread-105] DEBUG org.activiti.engine.impl.persistence.entity.JobEntity.selectNextTimerJobsToExecute  - ==&gt;  Preparing: select RES.* from ACT_RU_JOB RES LEFT OUTER JOIN ACT_RU_EXECUTION PI ON PI.ID_ = RES.PROCESS_INSTANCE_ID_ where (RES.RETRIES_ &gt; 0) and (RES.DUEDATE_ is null or RES.DUEDATE_ &lt;= ?) and (RES.LOCK_OWNER_ is null or RES.LOCK_EXP_TIME_ &lt;= ?) and TYPE_ = &apos;timer&apos; and ( (RES.EXECUTION_ID_ is null) or (PI.SUSPENSION_STATE_ = 1) ) LIMIT ? OFFSET ? 
10:47:55,376 [Thread-102] DEBUG org.activiti.engine.impl.asyncexecutor.AcquireTimerJobsRunnable  - timer job acquisition thread woke up
10:47:55,377 [Thread-102] DEBUG org.activiti.engine.impl.interceptor.LogInterceptor  - 

10:47:55,377 [Thread-102] DEBUG org.activiti.engine.impl.interceptor.LogInterceptor  - --- starting AcquireTimerJobsCmd --------------------------------------------------------
10:47:55,376 [Thread-105] DEBUG org.activiti.engine.impl.persistence.entity.JobEntity.selectNextTimerJobsToExecute  - ==&gt; Parameters: 2023-03-20 10:48:50.669(Timestamp), 2023-03-20 10:48:50.669(Timestamp), 1(Integer), 0(Integer)
10:47:55,377 [Thread-105] DEBUG org.activiti.engine.impl.persistence.entity.JobEntity.selectNextTimerJobsToExecute  - &lt;==      Total: 0
10:47:55,377 [Thread-105] DEBUG org.activiti.engine.impl.db.DbSqlSession  - flush summary: 0 insert, 0 update, 0 delete.
10:47:55,377 [Thread-105] DEBUG org.activiti.engine.impl.db.DbSqlSession  - now executing flush...
10:47:55,377 [Thread-105] DEBUG org.activiti.engine.impl.cfg.standalone.StandaloneMybatisTransactionContext  - firing event committing...
10:47:55,377 [Thread-105] DEBUG org.activiti.engine.impl.cfg.standalone.StandaloneMybatisTransactionContext  - committing the ibatis sql session...
10:47:55,377 [Thread-105] DEBUG org.activiti.engine.impl.cfg.standalone.StandaloneMybatisTransactionContext  - firing event committed...
10:47:55,377 [Thread-105] DEBUG org.apache.ibatis.transaction.jdbc.JdbcTransaction  - Resetting autocommit to true on JDBC Connection [conn63: url=jdbc:h2:mem:activiti-AsyncExecutorTest user=SA]
10:47:55,377 [Thread-105] DEBUG org.apache.ibatis.transaction.jdbc.JdbcTransaction  - Closing JDBC Connection [conn63: url=jdbc:h2:mem:activiti-AsyncExecutorTest user=SA]
10:47:55,377 [Thread-105] DEBUG org.apache.ibatis.datasource.pooled.PooledDataSource  - Returned connection 1970103261 to pool.
10:47:55,377 [Thread-105] DEBUG org.activiti.engine.impl.interceptor.LogInterceptor  - --- AcquireTimerJobsCmd finished --------------------------------------------------------
10:47:55,377 [Thread-105] DEBUG org.activiti.engine.impl.interceptor.LogInterceptor  - 

10:47:55,377 [Thread-105] DEBUG org.activiti.engine.impl.asyncexecutor.AcquireTimerJobsRunnable  - timer job acquisition thread sleeping for 50 millis
10:47:55,376 [Thread-106] DEBUG org.activiti.engine.impl.persistence.entity.JobEntity.selectAsyncJobsDueToExecute  - ==&gt; Parameters: 2023-03-20 10:48:50.669(Timestamp), 2023-03-20 10:48:50.669(Timestamp), 1(Integer), 0(Integer)
10:47:55,377 [Thread-106] DEBUG org.activiti.engine.impl.persistence.entity.JobEntity.selectAsyncJobsDueToExecute  - &lt;==      Total: 0
10:47:55,377 [Thread-106] DEBUG org.activiti.engine.impl.db.DbSqlSession  - flush summary: 0 insert, 0 update, 0 delete.
10:47:55,377 [Thread-106] DEBUG org.activiti.engine.impl.db.DbSqlSession  - now executing flush...
10:47:55,377 [Thread-106] DEBUG org.activiti.engine.impl.cfg.standalone.StandaloneMybatisTransactionContext  - firing event committing...
10:47:55,377 [Thread-106] DEBUG org.activiti.engine.impl.cfg.standalone.StandaloneMybatisTransactionContext  - committing the ibatis sql session...
10:47:55,377 [Thread-106] DEBUG org.activiti.engine.impl.cfg.standalone.StandaloneMybatisTransactionContext  - firing event committed...
10:47:55,377 [Thread-106] DEBUG org.apache.ibatis.transaction.jdbc.JdbcTransaction  - Resetting autocommit to true on JDBC Connection [conn65: url=jdbc:h2:mem:activiti-AsyncExecutorTest user=SA]
10:47:55,377 [Thread-106] DEBUG org.apache.ibatis.transaction.jdbc.JdbcTransaction  - Closing JDBC Connection [conn65: url=jdbc:h2:mem:activiti-AsyncExecutorTest user=SA]
10:47:55,377 [Thread-106] DEBUG org.apache.ibatis.datasource.pooled.PooledDataSource  - Returned connection 996762054 to pool.
10:47:55,377 [Thread-106] DEBUG org.activiti.engine.impl.interceptor.LogInterceptor  - --- AcquireAsyncJobsDueCmd finished --------------------------------------------------------
10:47:55,377 [Thread-106] DEBUG org.activiti.engine.impl.interceptor.LogInterceptor  - 

10:47:55,377 [Thread-106] DEBUG org.activiti.engine.impl.asyncexecutor.AcquireAsyncJobsDueRunnable  - async job acquisition thread sleeping for 50 millis
10:47:55,376 [Thread-111] DEBUG org.apache.ibatis.transaction.jdbc.JdbcTransaction  - Opening JDBC Connection
10:47:55,378 [Thread-111] DEBUG org.apache.ibatis.datasource.pooled.PooledDataSource  - Checked out connection 58501658 from pool.
10:47:55,378 [Thread-111] DEBUG org.apache.ibatis.transaction.jdbc.JdbcTransaction  - Setting autocommit to false on JDBC Connection [conn68: url=jdbc:h2:mem:activiti-AsyncExecutorTest user=SA]
10:47:55,378 [Thread-111] DEBUG org.activiti.engine.impl.persistence.entity.JobEntity.selectNextTimerJobsToExecute  - ==&gt;  Preparing: select RES.* from ACT_RU_JOB RES LEFT OUTER JOIN ACT_RU_EXECUTION PI ON PI.ID_ = RES.PROCESS_INSTANCE_ID_ where (RES.RETRIES_ &gt; 0) and (RES.DUEDATE_ is null or RES.DUEDATE_ &lt;= ?) and (RES.LOCK_OWNER_ is null or RES.LOCK_EXP_TIME_ &lt;= ?) and TYPE_ = &apos;timer&apos; and ( (RES.EXECUTION_ID_ is null) or (PI.SUSPENSION_STATE_ = 1) ) LIMIT ? OFFSET ? 
10:47:55,376 [Thread-103] DEBUG org.activiti.engine.impl.interceptor.LogInterceptor  - --- starting AcquireAsyncJobsDueCmd --------------------------------------------------------
10:47:55,378 [Thread-103] DEBUG org.apache.ibatis.transaction.jdbc.JdbcTransaction  - Opening JDBC Connection
10:47:55,378 [Thread-103] DEBUG org.apache.ibatis.datasource.pooled.PooledDataSource  - Checked out connection 33534803 from pool.
10:47:55,378 [Thread-111] DEBUG org.activiti.engine.impl.persistence.entity.JobEntity.selectNextTimerJobsToExecute  - ==&gt; Parameters: 2023-03-20 10:48:50.669(Timestamp), 2023-03-20 10:48:50.669(Timestamp), 1(Integer), 0(Integer)
10:47:55,378 [Thread-111] DEBUG org.activiti.engine.impl.persistence.entity.JobEntity.selectNextTimerJobsToExecute  - &lt;==      Total: 0
10:47:55,378 [Thread-111] DEBUG org.activiti.engine.impl.db.DbSqlSession  - flush summary: 0 insert, 0 update, 0 delete.
10:47:55,378 [Thread-111] DEBUG org.activiti.engine.impl.db.DbSqlSession  - now executing flush...
10:47:55,378 [Thread-111] DEBUG org.activiti.engine.impl.cfg.standalone.StandaloneMybatisTransactionContext  - firing event committing...
10:47:55,378 [Thread-111] DEBUG org.activiti.engine.impl.cfg.standalone.StandaloneMybatisTransactionContext  - committing the ibatis sql session...
10:47:55,378 [Thread-111] DEBUG org.activiti.engine.impl.cfg.standalone.StandaloneMybatisTransactionContext  - firing event committed...
10:47:55,378 [Thread-111] DEBUG org.apache.ibatis.transaction.jdbc.JdbcTransaction  - Resetting autocommit to true on JDBC Connection [conn68: url=jdbc:h2:mem:activiti-AsyncExecutorTest user=SA]
10:47:55,378 [Thread-111] DEBUG org.apache.ibatis.transaction.jdbc.JdbcTransaction  - Closing JDBC Connection [conn68: url=jdbc:h2:mem:activiti-AsyncExecutorTest user=SA]
10:47:55,378 [Thread-111] DEBUG org.apache.ibatis.datasource.pooled.PooledDataSource  - Returned connection 58501658 to pool.
10:47:55,378 [Thread-111] DEBUG org.activiti.engine.impl.interceptor.LogInterceptor  - --- AcquireTimerJobsCmd finished --------------------------------------------------------
10:47:55,378 [Thread-111] DEBUG org.activiti.engine.impl.interceptor.LogInterceptor  - 

10:47:55,378 [Thread-111] DEBUG org.activiti.engine.impl.asyncexecutor.AcquireTimerJobsRunnable  - timer job acquisition thread sleeping for 50 millis
10:47:55,377 [Thread-102] DEBUG org.apache.ibatis.transaction.jdbc.JdbcTransaction  - Opening JDBC Connection
10:47:55,379 [Thread-102] DEBUG org.apache.ibatis.datasource.pooled.PooledDataSource  - Checked out connection 157985567 from pool.
10:47:55,379 [Thread-102] DEBUG org.apache.ibatis.transaction.jdbc.JdbcTransaction  - Setting autocommit to false on JDBC Connection [conn61: url=jdbc:h2:mem:activiti-AsyncExecutorTest user=SA]
10:47:55,379 [Thread-102] DEBUG org.activiti.engine.impl.persistence.entity.JobEntity.selectNextTimerJobsToExecute  - ==&gt;  Preparing: select RES.* from ACT_RU_JOB RES LEFT OUTER JOIN ACT_RU_EXECUTION PI ON PI.ID_ = RES.PROCESS_INSTANCE_ID_ where (RES.RETRIES_ &gt; 0) and (RES.DUEDATE_ is null or RES.DUEDATE_ &lt;= ?) and (RES.LOCK_OWNER_ is null or RES.LOCK_EXP_TIME_ &lt;= ?) and TYPE_ = &apos;timer&apos; and ( (RES.EXECUTION_ID_ is null) or (PI.SUSPENSION_STATE_ = 1) ) LIMIT ? OFFSET ? 
10:47:55,378 [Thread-103] DEBUG org.apache.ibatis.transaction.jdbc.JdbcTransaction  - Setting autocommit to false on JDBC Connection [conn60: url=jdbc:h2:mem:activiti-AsyncExecutorTest user=SA]
10:47:55,379 [Thread-103] DEBUG org.activiti.engine.impl.persistence.entity.JobEntity.selectAsyncJobsDueToExecute  - ==&gt;  Preparing: select RES.* from ACT_RU_JOB RES LEFT OUTER JOIN ACT_RU_EXECUTION PI ON PI.ID_ = RES.PROCESS_INSTANCE_ID_ where RES.RETRIES_ &gt; 0 and RES.DUEDATE_ is not null and RES.DUEDATE_ &lt;= ? and (RES.LOCK_EXP_TIME_ is null or RES.LOCK_EXP_TIME_ &lt;= ?) and TYPE_ = &apos;message&apos; and ( (RES.EXECUTION_ID_ is null) or (PI.SUSPENSION_STATE_ = 1) ) LIMIT ? OFFSET ? 
10:47:55,379 [Thread-103] DEBUG org.activiti.engine.impl.persistence.entity.JobEntity.selectAsyncJobsDueToExecute  - ==&gt; Parameters: 2023-03-20 10:48:50.669(Timestamp), 2023-03-20 10:48:50.669(Timestamp), 1(Integer), 0(Integer)
10:47:55,379 [Thread-103] DEBUG org.activiti.engine.impl.persistence.entity.JobEntity.selectAsyncJobsDueToExecute  - &lt;==      Total: 0
10:47:55,379 [Thread-103] DEBUG org.activiti.engine.impl.db.DbSqlSession  - flush summary: 0 insert, 0 update, 0 delete.
10:47:55,379 [Thread-103] DEBUG org.activiti.engine.impl.db.DbSqlSession  - now executing flush...
10:47:55,379 [Thread-103] DEBUG org.activiti.engine.impl.cfg.standalone.StandaloneMybatisTransactionContext  - firing event committing...
10:47:55,379 [Thread-103] DEBUG org.activiti.engine.impl.cfg.standalone.StandaloneMybatisTransactionContext  - committing the ibatis sql session...
10:47:55,379 [Thread-103] DEBUG org.activiti.engine.impl.cfg.standalone.StandaloneMybatisTransactionContext  - firing event committed...
10:47:55,379 [Thread-103] DEBUG org.apache.ibatis.transaction.jdbc.JdbcTransaction  - Resetting autocommit to true on JDBC Connection [conn60: url=jdbc:h2:mem:activiti-AsyncExecutorTest user=SA]
10:47:55,379 [Thread-103] DEBUG org.apache.ibatis.transaction.jdbc.JdbcTransaction  - Closing JDBC Connection [conn60: url=jdbc:h2:mem:activiti-AsyncExecutorTest user=SA]
10:47:55,379 [Thread-103] DEBUG org.apache.ibatis.datasource.pooled.PooledDataSource  - Returned connection 33534803 to pool.
10:47:55,379 [Thread-102] DEBUG org.activiti.engine.impl.persistence.entity.JobEntity.selectNextTimerJobsToExecute  - ==&gt; Parameters: 2023-03-20 10:48:50.669(Timestamp), 2023-03-20 10:48:50.669(Timestamp), 1(Integer), 0(Integer)
10:47:55,379 [Thread-102] DEBUG org.activiti.engine.impl.persistence.entity.JobEntity.selectNextTimerJobsToExecute  - &lt;==      Total: 0
10:47:55,379 [Thread-102] DEBUG org.activiti.engine.impl.db.DbSqlSession  - flush summary: 0 insert, 0 update, 0 delete.
10:47:55,379 [Thread-103] DEBUG org.activiti.engine.impl.interceptor.LogInterceptor  - --- AcquireAsyncJobsDueCmd finished --------------------------------------------------------
10:47:55,379 [Thread-103] DEBUG org.activiti.engine.impl.interceptor.LogInterceptor  - 

10:47:55,379 [Thread-103] DEBUG org.activiti.engine.impl.asyncexecutor.AcquireAsyncJobsDueRunnable  - async job acquisition thread sleeping for 50 millis
10:47:55,379 [Thread-102] DEBUG org.activiti.engine.impl.db.DbSqlSession  - now executing flush...
10:47:55,379 [Thread-102] DEBUG org.activiti.engine.impl.cfg.standalone.StandaloneMybatisTransactionContext  - firing event committing...
10:47:55,379 [Thread-102] DEBUG org.activiti.engine.impl.cfg.standalone.StandaloneMybatisTransactionContext  - committing the ibatis sql session...
10:47:55,379 [Thread-102] DEBUG org.activiti.engine.impl.cfg.standalone.StandaloneMybatisTransactionContext  - firing event committed...
10:47:55,379 [Thread-102] DEBUG org.apache.ibatis.transaction.jdbc.JdbcTransaction  - Resetting autocommit to true on JDBC Connection [conn61: url=jdbc:h2:mem:activiti-AsyncExecutorTest user=SA]
10:47:55,379 [Thread-102] DEBUG org.apache.ibatis.transaction.jdbc.JdbcTransaction  - Closing JDBC Connection [conn61: url=jdbc:h2:mem:activiti-AsyncExecutorTest user=SA]
10:47:55,379 [Thread-102] DEBUG org.apache.ibatis.datasource.pooled.PooledDataSource  - Returned connection 157985567 to pool.
10:47:55,379 [Thread-102] DEBUG org.activiti.engine.impl.interceptor.LogInterceptor  - --- AcquireTimerJobsCmd finished --------------------------------------------------------
10:47:55,379 [Thread-102] DEBUG org.activiti.engine.impl.interceptor.LogInterceptor  - 

10:47:55,379 [Thread-102] DEBUG org.activiti.engine.impl.asyncexecutor.AcquireTimerJobsRunnable  - timer job acquisition thread sleeping for 50 millis
10:47:55,392 [main] DEBUG org.activiti.engine.impl.interceptor.LogInterceptor  - 

10:47:55,392 [main] DEBUG org.activiti.engine.impl.interceptor.LogInterceptor  - --- starting JobQueryImpl --------------------------------------------------------
10:47:55,392 [main] DEBUG org.apache.ibatis.transaction.jdbc.JdbcTransaction  - Opening JDBC Connection
10:47:55,392 [main] DEBUG org.apache.ibatis.datasource.pooled.PooledDataSource  - Checked out connection 486346394 from pool.
10:47:55,392 [main] DEBUG org.apache.ibatis.transaction.jdbc.JdbcTransaction  - Setting autocommit to false on JDBC Connection [conn6: url=jdbc:h2:mem:activiti user=SA]
10:47:55,392 [main] DEBUG org.activiti.engine.impl.persistence.entity.JobEntity.selectJobByQueryCriteria  - ==&gt;  Preparing: select RES.* from ACT_RU_JOB RES order by order by RES.ID_ asc LIMIT ? OFFSET ? 
10:47:55,392 [main] DEBUG org.activiti.engine.impl.interceptor.CommandContext  - Error while closing command context
org.apache.ibatis.exceptions.PersistenceException: 
### Error querying database.  Cause: org.h2.jdbc.JdbcSQLException: Syntax error in SQL statement &quot;SELECT RES.* 
     
    FROM ACT_RU_JOB RES
     
      
   
     ORDER BY  ORDER[*] BY RES.ID_ ASC  
    LIMIT ? OFFSET ? &quot;; expected &quot;=, NOT, EXISTS, INTERSECTS, SELECT, FROM&quot;; SQL statement:
select RES.* 
     
    from ACT_RU_JOB RES
     
      
   
     order by  order by RES.ID_ asc  
    LIMIT ? OFFSET ? [42001-176]
### The error may exist in org/activiti/db/mapping/entity/Job.xml
### The error may involve org.activiti.engine.impl.persistence.entity.JobEntity.selectJobByQueryCriteria
### The error occurred while executing a query
### SQL: select RES.*            from ACT_RU_JOB RES                       order by  order by RES.ID_ asc       LIMIT ? OFFSET ?
### Cause: org.h2.jdbc.JdbcSQLException: Syntax error in SQL statement &quot;SELECT RES.* 
     
    FROM ACT_RU_JOB RES
     
      
   
     ORDER BY  ORDER[*] BY RES.ID_ ASC  
    LIMIT ? OFFSET ? &quot;; expected &quot;=, NOT, EXISTS, INTERSECTS, SELECT, FROM&quot;; SQL statement:
select RES.* 
     
    from ACT_RU_JOB RES
     
      
   
     order by  order by RES.ID_ asc  
    LIMIT ? OFFSET ? [42001-176]
	at org.apache.ibatis.exceptions.ExceptionFactory.wrapException(ExceptionFactory.java:30)
	at org.apache.ibatis.session.defaults.DefaultSqlSession.selectList(DefaultSqlSession.java:122)
	at org.apache.ibatis.session.defaults.DefaultSqlSession.selectList(DefaultSqlSession.java:113)
	at org.activiti.engine.impl.db.DbSqlSession.selectListWithRawParameter(DbSqlSession.java:438)
	at org.activiti.engine.impl.db.DbSqlSession.selectList(DbSqlSession.java:429)
	at org.activiti.engine.impl.db.DbSqlSession.selectList(DbSqlSession.java:419)
	at org.activiti.engine.impl.persistence.entity.JobEntityManager.findJobsByQueryCriteria(JobEntityManager.java:198)
	at org.activiti.engine.impl.JobQueryImpl.executeList(JobQueryImpl.java:243)
	at org.activiti.engine.impl.AbstractQuery.execute(AbstractQuery.java:164)
	at org.activiti.engine.impl.interceptor.CommandInvoker.execute(CommandInvoker.java:24)
	at org.activiti.engine.impl.interceptor.CommandContextInterceptor.execute(CommandContextInterceptor.java:57)
	at org.activiti.engine.impl.interceptor.LogInterceptor.execute(LogInterceptor.java:37)
	at org.activiti.engine.impl.cfg.CommandExecutorImpl.execute(CommandExecutorImpl.java:40)
	at org.activiti.engine.impl.cfg.CommandExecutorImpl.execute(CommandExecutorImpl.java:35)
	at org.activiti.engine.impl.AbstractQuery.list(AbstractQuery.java:138)
	at org.activiti.engine.impl.test.JobTestHelper.areJobsAvailable(JobTestHelper.java:194)
	at org.activiti.engine.impl.test.JobTestHelper.waitForJobExecutorToProcessAllJobs(JobTestHelper.java:74)
	at org.activiti.engine.impl.test.JobTestHelper.waitForJobExecutorToProcessAllJobs(JobTestHelper.java:47)
	at org.activiti.engine.impl.test.AbstractActivitiTestCase.waitForJobExecutorToProcessAllJobs(AbstractActivitiTestCase.java:204)
	at org.activiti.engine.test.jobexecutor.JobExecutorTest.testBasicJobExecutorOperation(JobExecutorTest.java:53)
	at sun.reflect.NativeMethodAccessorImpl.invoke0(Native Method)
	at sun.reflect.NativeMethodAccessorImpl.invoke(NativeMethodAccessorImpl.java:62)
	at sun.reflect.DelegatingMethodAccessorImpl.invoke(DelegatingMethodAccessorImpl.java:43)
	at java.lang.reflect.Method.invoke(Method.java:498)
	at junit.framework.TestCase.runTest(TestCase.java:176)
	at org.activiti.engine.impl.test.PvmTestCase.runTest(PvmTestCase.java:65)
	at junit.framework.TestCase.runBare(TestCase.java:141)
	at org.activiti.engine.impl.test.AbstractActivitiTestCase.runBare(AbstractActivitiTestCase.java:100)
	at junit.framework.TestResult$1.protect(TestResult.java:122)
	at junit.framework.TestResult.runProtected(TestResult.java:142)
	at junit.framework.TestResult.run(TestResult.java:125)
	at junit.framework.TestCase.run(TestCase.java:129)
	at junit.framework.TestSuite.runTest(TestSuite.java:255)
	at junit.framework.TestSuite.run(TestSuite.java:250)
	at org.junit.internal.runners.JUnit38ClassRunner.run(JUnit38ClassRunner.java:84)
	at org.apache.maven.surefire.junit4.JUnit4TestSet.execute(JUnit4TestSet.java:35)
	at org.apache.maven.surefire.junit4.JUnit4Provider.executeTestSet(JUnit4Provider.java:146)
	at org.apache.maven.surefire.junit4.JUnit4Provider.invoke(JUnit4Provider.java:97)
	at sun.reflect.NativeMethodAccessorImpl.invoke0(Native Method)
	at sun.reflect.NativeMethodAccessorImpl.invoke(NativeMethodAccessorImpl.java:62)
	at sun.reflect.DelegatingMethodAccessorImpl.invoke(DelegatingMethodAccessorImpl.java:43)
	at java.lang.reflect.Method.invoke(Method.java:498)
	at org.apache.maven.surefire.booter.ProviderFactory$ClassLoaderProxy.invoke(ProviderFactory.java:103)
	at com.sun.proxy.$Proxy0.invoke(Unknown Source)
	at org.apache.maven.surefire.booter.SurefireStarter.invokeProvider(SurefireStarter.java:145)
	at org.apache.maven.surefire.booter.SurefireStarter.runSuitesInProcess(SurefireStarter.java:87)
	at org.apache.maven.surefire.booter.ForkedBooter.main(ForkedBooter.java:69)
Caused by: org.h2.jdbc.JdbcSQLException: Syntax error in SQL statement &quot;SELECT RES.* 
     
    FROM ACT_RU_JOB RES
     
      
   
     ORDER BY  ORDER[*] BY RES.ID_ ASC  
    LIMIT ? OFFSET ? &quot;; expected &quot;=, NOT, EXISTS, INTERSECTS, SELECT, FROM&quot;; SQL statement:
select RES.* 
     
    from ACT_RU_JOB RES
     
      
   
     order by  order by RES.ID_ asc  
    LIMIT ? OFFSET ? [42001-176]
	at org.h2.message.DbException.getJdbcSQLException(DbException.java:344)
	at org.h2.message.DbException.getSyntaxError(DbException.java:204)
	at org.h2.command.Parser.getSyntaxError(Parser.java:524)
	at org.h2.command.Parser.readTerm(Parser.java:2688)
	at org.h2.command.Parser.readFactor(Parser.java:2244)
	at org.h2.command.Parser.readSum(Parser.java:2231)
	at org.h2.command.Parser.readConcat(Parser.java:2201)
	at org.h2.command.Parser.readCondition(Parser.java:2051)
	at org.h2.command.Parser.readAnd(Parser.java:2023)
	at org.h2.command.Parser.readExpression(Parser.java:2015)
	at org.h2.command.Parser.parseEndOfQuery(Parser.java:1726)
	at org.h2.command.Parser.parseSelectUnionExtension(Parser.java:1706)
	at org.h2.command.Parser.parseSelectUnion(Parser.java:1675)
	at org.h2.command.Parser.parseSelect(Parser.java:1662)
	at org.h2.command.Parser.parsePrepared(Parser.java:434)
	at org.h2.command.Parser.parse(Parser.java:306)
	at org.h2.command.Parser.parse(Parser.java:282)
	at org.h2.command.Parser.prepareCommand(Parser.java:243)
	at org.h2.engine.Session.prepareLocal(Session.java:442)
	at org.h2.engine.Session.prepareCommand(Session.java:384)
	at org.h2.jdbc.JdbcConnection.prepareCommand(JdbcConnection.java:1188)
	at org.h2.jdbc.JdbcPreparedStatement.&lt;init&gt;(JdbcPreparedStatement.java:73)
	at org.h2.jdbc.JdbcConnection.prepareStatement(JdbcConnection.java:276)
	at sun.reflect.GeneratedMethodAccessor6.invoke(Unknown Source)
	at sun.reflect.DelegatingMethodAccessorImpl.invoke(DelegatingMethodAccessorImpl.java:43)
	at java.lang.reflect.Method.invoke(Method.java:498)
	at org.apache.ibatis.datasource.pooled.PooledConnection.invoke(PooledConnection.java:245)
	at com.sun.proxy.$Proxy12.prepareStatement(Unknown Source)
	at sun.reflect.GeneratedMethodAccessor6.invoke(Unknown Source)
	at sun.reflect.DelegatingMethodAccessorImpl.invoke(DelegatingMethodAccessorImpl.java:43)
	at java.lang.reflect.Method.invoke(Method.java:498)
	at org.apache.ibatis.logging.jdbc.ConnectionLogger.invoke(ConnectionLogger.java:55)
	at com.sun.proxy.$Proxy12.prepareStatement(Unknown Source)
	at org.apache.ibatis.executor.statement.PreparedStatementHandler.instantiateStatement(PreparedStatementHandler.java:79)
	at org.apache.ibatis.executor.statement.BaseStatementHandler.prepare(BaseStatementHandler.java:88)
	at org.apache.ibatis.executor.statement.RoutingStatementHandler.prepare(RoutingStatementHandler.java:58)
	at org.apache.ibatis.executor.SimpleExecutor.prepareStatement(SimpleExecutor.java:76)
	at org.apache.ibatis.executor.SimpleExecutor.doQuery(SimpleExecutor.java:61)
	at org.apache.ibatis.executor.BaseExecutor.queryFromDatabase(BaseExecutor.java:303)
	at org.apache.ibatis.executor.BaseExecutor.query(BaseExecutor.java:154)
	at org.apache.ibatis.executor.CachingExecutor.query(CachingExecutor.java:102)
	at org.apache.ibatis.executor.CachingExecutor.query(CachingExecutor.java:82)
	at org.apache.ibatis.session.defaults.DefaultSqlSession.selectList(DefaultSqlSession.java:120)
	... 45 more
10:47:55,393 [main] DEBUG org.activiti.engine.impl.cfg.standalone.StandaloneMybatisTransactionContext  - firing event rolling back...
10:47:55,393 [main] DEBUG org.activiti.engine.impl.cfg.standalone.StandaloneMybatisTransactionContext  - rolling back ibatis sql session...
10:47:55,393 [main] DEBUG org.activiti.engine.impl.cfg.standalone.StandaloneMybatisTransactionContext  - firing event rolled back...
10:47:55,393 [main] DEBUG org.apache.ibatis.transaction.jdbc.JdbcTransaction  - Resetting autocommit to true on JDBC Connection [conn6: url=jdbc:h2:mem:activiti user=SA]
10:47:55,393 [main] DEBUG org.apache.ibatis.transaction.jdbc.JdbcTransaction  - Closing JDBC Connection [conn6: url=jdbc:h2:mem:activiti user=SA]
10:47:55,393 [main] DEBUG org.apache.ibatis.datasource.pooled.PooledDataSource  - Returned connection 486346394 to pool.
10:47:55,393 [main] DEBUG org.activiti.engine.impl.interceptor.LogInterceptor  - --- JobQueryImpl finished --------------------------------------------------------
10:47:55,393 [main] DEBUG org.activiti.engine.impl.interceptor.LogInterceptor  - 

10:47:55,423 [Thread-112] DEBUG org.activiti.engine.impl.asyncexecutor.AcquireAsyncJobsDueRunnable  - async job acquisition thread woke up
10:47:55,423 [Thread-112] DEBUG org.activiti.engine.impl.interceptor.LogInterceptor  - 

10:47:55,423 [Thread-112] DEBUG org.activiti.engine.impl.interceptor.LogInterceptor  - --- starting AcquireAsyncJobsDueCmd --------------------------------------------------------
10:47:55,423 [Thread-112] DEBUG org.apache.ibatis.transaction.jdbc.JdbcTransaction  - Opening JDBC Connection
10:47:55,423 [Thread-112] DEBUG org.apache.ibatis.datasource.pooled.PooledDataSource  - Checked out connection 1863805930 from pool.
10:47:55,423 [Thread-112] DEBUG org.apache.ibatis.transaction.jdbc.JdbcTransaction  - Setting autocommit to false on JDBC Connection [conn69: url=jdbc:h2:mem:activiti-AsyncExecutorTest user=SA]
10:47:55,423 [Thread-112] DEBUG org.activiti.engine.impl.persistence.entity.JobEntity.selectAsyncJobsDueToExecute  - ==&gt;  Preparing: select RES.* from ACT_RU_JOB RES LEFT OUTER JOIN ACT_RU_EXECUTION PI ON PI.ID_ = RES.PROCESS_INSTANCE_ID_ where RES.RETRIES_ &gt; 0 and RES.DUEDATE_ is not null and RES.DUEDATE_ &lt;= ? and (RES.LOCK_EXP_TIME_ is null or RES.LOCK_EXP_TIME_ &lt;= ?) and TYPE_ = &apos;message&apos; and ( (RES.EXECUTION_ID_ is null) or (PI.SUSPENSION_STATE_ = 1) ) LIMIT ? OFFSET ? 
10:47:55,423 [Thread-112] DEBUG org.activiti.engine.impl.persistence.entity.JobEntity.selectAsyncJobsDueToExecute  - ==&gt; Parameters: 2023-03-20 10:48:50.669(Timestamp), 2023-03-20 10:48:50.669(Timestamp), 1(Integer), 0(Integer)
10:47:55,423 [Thread-112] DEBUG org.activiti.engine.impl.persistence.entity.JobEntity.selectAsyncJobsDueToExecute  - &lt;==      Total: 0
10:47:55,423 [Thread-112] DEBUG org.activiti.engine.impl.db.DbSqlSession  - flush summary: 0 insert, 0 update, 0 delete.
10:47:55,423 [Thread-112] DEBUG org.activiti.engine.impl.db.DbSqlSession  - now executing flush...
10:47:55,423 [Thread-112] DEBUG org.activiti.engine.impl.cfg.standalone.StandaloneMybatisTransactionContext  - firing event committing...
10:47:55,423 [Thread-112] DEBUG org.activiti.engine.impl.cfg.standalone.StandaloneMybatisTransactionContext  - committing the ibatis sql session...
10:47:55,423 [Thread-112] DEBUG org.activiti.engine.impl.cfg.standalone.StandaloneMybatisTransactionContext  - firing event committed...
10:47:55,423 [Thread-112] DEBUG org.apache.ibatis.transaction.jdbc.JdbcTransaction  - Resetting autocommit to true on JDBC Connection [conn69: url=jdbc:h2:mem:activiti-AsyncExecutorTest user=SA]
10:47:55,423 [Thread-112] DEBUG org.apache.ibatis.transaction.jdbc.JdbcTransaction  - Closing JDBC Connection [conn69: url=jdbc:h2:mem:activiti-AsyncExecutorTest user=SA]
10:47:55,423 [Thread-112] DEBUG org.apache.ibatis.datasource.pooled.PooledDataSource  - Returned connection 1863805930 to pool.
10:47:55,423 [Thread-112] DEBUG org.activiti.engine.impl.interceptor.LogInterceptor  - --- AcquireAsyncJobsDueCmd finished --------------------------------------------------------
10:47:55,423 [Thread-112] DEBUG org.activiti.engine.impl.interceptor.LogInterceptor  - 

10:47:55,423 [Thread-112] DEBUG org.activiti.engine.impl.asyncexecutor.AcquireAsyncJobsDueRunnable  - async job acquisition thread sleeping for 50 millis
10:47:55,438 [Thread-103] DEBUG org.activiti.engine.impl.asyncexecutor.AcquireAsyncJobsDueRunnable  - async job acquisition thread woke up
10:47:55,438 [Thread-103] DEBUG org.activiti.engine.impl.interceptor.LogInterceptor  - 

10:47:55,438 [Thread-103] DEBUG org.activiti.engine.impl.interceptor.LogInterceptor  - --- starting AcquireAsyncJobsDueCmd --------------------------------------------------------
10:47:55,438 [Thread-105] DEBUG org.activiti.engine.impl.asyncexecutor.AcquireTimerJobsRunnable  - timer job acquisition thread woke up
10:47:55,438 [Thread-105] DEBUG org.activiti.engine.impl.interceptor.LogInterceptor  - 

10:47:55,438 [Thread-105] DEBUG org.activiti.engine.impl.interceptor.LogInterceptor  - --- starting AcquireTimerJobsCmd --------------------------------------------------------
10:47:55,438 [Thread-102] DEBUG org.activiti.engine.impl.asyncexecutor.AcquireTimerJobsRunnable  - timer job acquisition thread woke up
10:47:55,439 [Thread-102] DEBUG org.activiti.engine.impl.interceptor.LogInterceptor  - 

10:47:55,439 [Thread-102] DEBUG org.activiti.engine.impl.interceptor.LogInterceptor  - --- starting AcquireTimerJobsCmd --------------------------------------------------------
10:47:55,438 [Thread-106] DEBUG org.activiti.engine.impl.asyncexecutor.AcquireAsyncJobsDueRunnable  - async job acquisition thread woke up
10:47:55,439 [Thread-106] DEBUG org.activiti.engine.impl.interceptor.LogInterceptor  - 

10:47:55,439 [Thread-106] DEBUG org.activiti.engine.impl.interceptor.LogInterceptor  - --- starting AcquireAsyncJobsDueCmd --------------------------------------------------------
10:47:55,439 [Thread-106] DEBUG org.apache.ibatis.transaction.jdbc.JdbcTransaction  - Opening JDBC Connection
10:47:55,439 [Thread-106] DEBUG org.apache.ibatis.datasource.pooled.PooledDataSource  - Checked out connection 54468349 from pool.
10:47:55,439 [Thread-106] DEBUG org.apache.ibatis.transaction.jdbc.JdbcTransaction  - Setting autocommit to false on JDBC Connection [conn64: url=jdbc:h2:mem:activiti-AsyncExecutorTest user=SA]
10:47:55,439 [Thread-106] DEBUG org.activiti.engine.impl.persistence.entity.JobEntity.selectAsyncJobsDueToExecute  - ==&gt;  Preparing: select RES.* from ACT_RU_JOB RES LEFT OUTER JOIN ACT_RU_EXECUTION PI ON PI.ID_ = RES.PROCESS_INSTANCE_ID_ where RES.RETRIES_ &gt; 0 and RES.DUEDATE_ is not null and RES.DUEDATE_ &lt;= ? and (RES.LOCK_EXP_TIME_ is null or RES.LOCK_EXP_TIME_ &lt;= ?) and TYPE_ = &apos;message&apos; and ( (RES.EXECUTION_ID_ is null) or (PI.SUSPENSION_STATE_ = 1) ) LIMIT ? OFFSET ? 
10:47:55,438 [Thread-111] DEBUG org.activiti.engine.impl.asyncexecutor.AcquireTimerJobsRunnable  - timer job acquisition thread woke up
10:47:55,439 [Thread-111] DEBUG org.activiti.engine.impl.interceptor.LogInterceptor  - 

10:47:55,439 [Thread-111] DEBUG org.activiti.engine.impl.interceptor.LogInterceptor  - --- starting AcquireTimerJobsCmd --------------------------------------------------------
10:47:55,439 [Thread-106] DEBUG org.activiti.engine.impl.persistence.entity.JobEntity.selectAsyncJobsDueToExecute  - ==&gt; Parameters: 2023-03-20 10:48:50.669(Timestamp), 2023-03-20 10:48:50.669(Timestamp), 1(Integer), 0(Integer)
10:47:55,439 [Thread-106] DEBUG org.activiti.engine.impl.persistence.entity.JobEntity.selectAsyncJobsDueToExecute  - &lt;==      Total: 0
10:47:55,439 [Thread-106] DEBUG org.activiti.engine.impl.db.DbSqlSession  - flush summary: 0 insert, 0 update, 0 delete.
10:47:55,439 [Thread-106] DEBUG org.activiti.engine.impl.db.DbSqlSession  - now executing flush...
10:47:55,439 [Thread-106] DEBUG org.activiti.engine.impl.cfg.standalone.StandaloneMybatisTransactionContext  - firing event committing...
10:47:55,439 [Thread-106] DEBUG org.activiti.engine.impl.cfg.standalone.StandaloneMybatisTransactionContext  - committing the ibatis sql session...
10:47:55,439 [Thread-106] DEBUG org.activiti.engine.impl.cfg.standalone.StandaloneMybatisTransactionContext  - firing event committed...
10:47:55,439 [Thread-106] DEBUG org.apache.ibatis.transaction.jdbc.JdbcTransaction  - Resetting autocommit to true on JDBC Connection [conn64: url=jdbc:h2:mem:activiti-AsyncExecutorTest user=SA]
10:47:55,439 [Thread-106] DEBUG org.apache.ibatis.transaction.jdbc.JdbcTransaction  - Closing JDBC Connection [conn64: url=jdbc:h2:mem:activiti-AsyncExecutorTest user=SA]
10:47:55,439 [Thread-106] DEBUG org.apache.ibatis.datasource.pooled.PooledDataSource  - Returned connection 54468349 to pool.
10:47:55,439 [Thread-102] DEBUG org.apache.ibatis.transaction.jdbc.JdbcTransaction  - Opening JDBC Connection
10:47:55,439 [Thread-102] DEBUG org.apache.ibatis.datasource.pooled.PooledDataSource  - Checked out connection 720039383 from pool.
10:47:55,439 [Thread-102] DEBUG org.apache.ibatis.transaction.jdbc.JdbcTransaction  - Setting autocommit to false on JDBC Connection [conn59: url=jdbc:h2:mem:activiti-AsyncExecutorTest user=SA]
10:47:55,439 [Thread-102] DEBUG org.activiti.engine.impl.persistence.entity.JobEntity.selectNextTimerJobsToExecute  - ==&gt;  Preparing: select RES.* from ACT_RU_JOB RES LEFT OUTER JOIN ACT_RU_EXECUTION PI ON PI.ID_ = RES.PROCESS_INSTANCE_ID_ where (RES.RETRIES_ &gt; 0) and (RES.DUEDATE_ is null or RES.DUEDATE_ &lt;= ?) and (RES.LOCK_OWNER_ is null or RES.LOCK_EXP_TIME_ &lt;= ?) and TYPE_ = &apos;timer&apos; and ( (RES.EXECUTION_ID_ is null) or (PI.SUSPENSION_STATE_ = 1) ) LIMIT ? OFFSET ? 
10:47:55,439 [Thread-102] DEBUG org.activiti.engine.impl.persistence.entity.JobEntity.selectNextTimerJobsToExecute  - ==&gt; Parameters: 2023-03-20 10:48:50.669(Timestamp), 2023-03-20 10:48:50.669(Timestamp), 1(Integer), 0(Integer)
10:47:55,439 [Thread-105] DEBUG org.apache.ibatis.transaction.jdbc.JdbcTransaction  - Opening JDBC Connection
10:47:55,439 [Thread-105] DEBUG org.apache.ibatis.datasource.pooled.PooledDataSource  - Checked out connection 1970103261 from pool.
10:47:55,439 [Thread-105] DEBUG org.apache.ibatis.transaction.jdbc.JdbcTransaction  - Setting autocommit to false on JDBC Connection [conn63: url=jdbc:h2:mem:activiti-AsyncExecutorTest user=SA]
10:47:55,440 [Thread-105] DEBUG org.activiti.engine.impl.persistence.entity.JobEntity.selectNextTimerJobsToExecute  - ==&gt;  Preparing: select RES.* from ACT_RU_JOB RES LEFT OUTER JOIN ACT_RU_EXECUTION PI ON PI.ID_ = RES.PROCESS_INSTANCE_ID_ where (RES.RETRIES_ &gt; 0) and (RES.DUEDATE_ is null or RES.DUEDATE_ &lt;= ?) and (RES.LOCK_OWNER_ is null or RES.LOCK_EXP_TIME_ &lt;= ?) and TYPE_ = &apos;timer&apos; and ( (RES.EXECUTION_ID_ is null) or (PI.SUSPENSION_STATE_ = 1) ) LIMIT ? OFFSET ? 
10:47:55,440 [Thread-105] DEBUG org.activiti.engine.impl.persistence.entity.JobEntity.selectNextTimerJobsToExecute  - ==&gt; Parameters: 2023-03-20 10:48:50.669(Timestamp), 2023-03-20 10:48:50.669(Timestamp), 1(Integer), 0(Integer)
10:47:55,440 [Thread-105] DEBUG org.activiti.engine.impl.persistence.entity.JobEntity.selectNextTimerJobsToExecute  - &lt;==      Total: 0
10:47:55,440 [Thread-105] DEBUG org.activiti.engine.impl.db.DbSqlSession  - flush summary: 0 insert, 0 update, 0 delete.
10:47:55,440 [Thread-105] DEBUG org.activiti.engine.impl.db.DbSqlSession  - now executing flush...
10:47:55,440 [Thread-105] DEBUG org.activiti.engine.impl.cfg.standalone.StandaloneMybatisTransactionContext  - firing event committing...
10:47:55,440 [Thread-105] DEBUG org.activiti.engine.impl.cfg.standalone.StandaloneMybatisTransactionContext  - committing the ibatis sql session...
10:47:55,440 [Thread-105] DEBUG org.activiti.engine.impl.cfg.standalone.StandaloneMybatisTransactionContext  - firing event committed...
10:47:55,440 [Thread-105] DEBUG org.apache.ibatis.transaction.jdbc.JdbcTransaction  - Resetting autocommit to true on JDBC Connection [conn63: url=jdbc:h2:mem:activiti-AsyncExecutorTest user=SA]
10:47:55,440 [Thread-105] DEBUG org.apache.ibatis.transaction.jdbc.JdbcTransaction  - Closing JDBC Connection [conn63: url=jdbc:h2:mem:activiti-AsyncExecutorTest user=SA]
10:47:55,440 [Thread-105] DEBUG org.apache.ibatis.datasource.pooled.PooledDataSource  - Returned connection 1970103261 to pool.
10:47:55,440 [Thread-105] DEBUG org.activiti.engine.impl.interceptor.LogInterceptor  - --- AcquireTimerJobsCmd finished --------------------------------------------------------
10:47:55,440 [Thread-105] DEBUG org.activiti.engine.impl.interceptor.LogInterceptor  - 

10:47:55,440 [Thread-105] DEBUG org.activiti.engine.impl.asyncexecutor.AcquireTimerJobsRunnable  - timer job acquisition thread sleeping for 50 millis
10:47:55,438 [Thread-103] DEBUG org.apache.ibatis.transaction.jdbc.JdbcTransaction  - Opening JDBC Connection
10:47:55,440 [Thread-103] DEBUG org.apache.ibatis.datasource.pooled.PooledDataSource  - Checked out connection 33534803 from pool.
10:47:55,440 [Thread-103] DEBUG org.apache.ibatis.transaction.jdbc.JdbcTransaction  - Setting autocommit to false on JDBC Connection [conn60: url=jdbc:h2:mem:activiti-AsyncExecutorTest user=SA]
10:47:55,440 [Thread-103] DEBUG org.activiti.engine.impl.persistence.entity.JobEntity.selectAsyncJobsDueToExecute  - ==&gt;  Preparing: select RES.* from ACT_RU_JOB RES LEFT OUTER JOIN ACT_RU_EXECUTION PI ON PI.ID_ = RES.PROCESS_INSTANCE_ID_ where RES.RETRIES_ &gt; 0 and RES.DUEDATE_ is not null and RES.DUEDATE_ &lt;= ? and (RES.LOCK_EXP_TIME_ is null or RES.LOCK_EXP_TIME_ &lt;= ?) and TYPE_ = &apos;message&apos; and ( (RES.EXECUTION_ID_ is null) or (PI.SUSPENSION_STATE_ = 1) ) LIMIT ? OFFSET ? 
10:47:55,440 [Thread-103] DEBUG org.activiti.engine.impl.persistence.entity.JobEntity.selectAsyncJobsDueToExecute  - ==&gt; Parameters: 2023-03-20 10:48:50.669(Timestamp), 2023-03-20 10:48:50.669(Timestamp), 1(Integer), 0(Integer)
10:47:55,439 [Thread-102] DEBUG org.activiti.engine.impl.persistence.entity.JobEntity.selectNextTimerJobsToExecute  - &lt;==      Total: 0
10:47:55,440 [Thread-102] DEBUG org.activiti.engine.impl.db.DbSqlSession  - flush summary: 0 insert, 0 update, 0 delete.
10:47:55,440 [Thread-102] DEBUG org.activiti.engine.impl.db.DbSqlSession  - now executing flush...
10:47:55,440 [Thread-102] DEBUG org.activiti.engine.impl.cfg.standalone.StandaloneMybatisTransactionContext  - firing event committing...
10:47:55,440 [Thread-102] DEBUG org.activiti.engine.impl.cfg.standalone.StandaloneMybatisTransactionContext  - committing the ibatis sql session...
10:47:55,440 [Thread-102] DEBUG org.activiti.engine.impl.cfg.standalone.StandaloneMybatisTransactionContext  - firing event committed...
10:47:55,440 [Thread-102] DEBUG org.apache.ibatis.transaction.jdbc.JdbcTransaction  - Resetting autocommit to true on JDBC Connection [conn59: url=jdbc:h2:mem:activiti-AsyncExecutorTest user=SA]
10:47:55,440 [Thread-102] DEBUG org.apache.ibatis.transaction.jdbc.JdbcTransaction  - Closing JDBC Connection [conn59: url=jdbc:h2:mem:activiti-AsyncExecutorTest user=SA]
10:47:55,440 [Thread-102] DEBUG org.apache.ibatis.datasource.pooled.PooledDataSource  - Returned connection 720039383 to pool.
10:47:55,439 [Thread-106] DEBUG org.activiti.engine.impl.interceptor.LogInterceptor  - --- AcquireAsyncJobsDueCmd finished --------------------------------------------------------
10:47:55,440 [Thread-106] DEBUG org.activiti.engine.impl.interceptor.LogInterceptor  - 

10:47:55,440 [Thread-106] DEBUG org.activiti.engine.impl.asyncexecutor.AcquireAsyncJobsDueRunnable  - async job acquisition thread sleeping for 50 millis
10:47:55,439 [Thread-111] DEBUG org.apache.ibatis.transaction.jdbc.JdbcTransaction  - Opening JDBC Connection
10:47:55,440 [Thread-111] DEBUG org.apache.ibatis.datasource.pooled.PooledDataSource  - Checked out connection 604408605 from pool.
10:47:55,440 [Thread-111] DEBUG org.apache.ibatis.transaction.jdbc.JdbcTransaction  - Setting autocommit to false on JDBC Connection [conn70: url=jdbc:h2:mem:activiti-AsyncExecutorTest user=SA]
10:47:55,440 [Thread-111] DEBUG org.activiti.engine.impl.persistence.entity.JobEntity.selectNextTimerJobsToExecute  - ==&gt;  Preparing: select RES.* from ACT_RU_JOB RES LEFT OUTER JOIN ACT_RU_EXECUTION PI ON PI.ID_ = RES.PROCESS_INSTANCE_ID_ where (RES.RETRIES_ &gt; 0) and (RES.DUEDATE_ is null or RES.DUEDATE_ &lt;= ?) and (RES.LOCK_OWNER_ is null or RES.LOCK_EXP_TIME_ &lt;= ?) and TYPE_ = &apos;timer&apos; and ( (RES.EXECUTION_ID_ is null) or (PI.SUSPENSION_STATE_ = 1) ) LIMIT ? OFFSET ? 
10:47:55,440 [Thread-111] DEBUG org.activiti.engine.impl.persistence.entity.JobEntity.selectNextTimerJobsToExecute  - ==&gt; Parameters: 2023-03-20 10:48:50.669(Timestamp), 2023-03-20 10:48:50.669(Timestamp), 1(Integer), 0(Integer)
10:47:55,440 [Thread-111] DEBUG org.activiti.engine.impl.persistence.entity.JobEntity.selectNextTimerJobsToExecute  - &lt;==      Total: 0
10:47:55,440 [Thread-111] DEBUG org.activiti.engine.impl.db.DbSqlSession  - flush summary: 0 insert, 0 update, 0 delete.
10:47:55,440 [Thread-111] DEBUG org.activiti.engine.impl.db.DbSqlSession  - now executing flush...
10:47:55,440 [Thread-111] DEBUG org.activiti.engine.impl.cfg.standalone.StandaloneMybatisTransactionContext  - firing event committing...
10:47:55,440 [Thread-111] DEBUG org.activiti.engine.impl.cfg.standalone.StandaloneMybatisTransactionContext  - committing the ibatis sql session...
10:47:55,440 [Thread-111] DEBUG org.activiti.engine.impl.cfg.standalone.StandaloneMybatisTransactionContext  - firing event committed...
10:47:55,440 [Thread-111] DEBUG org.apache.ibatis.transaction.jdbc.JdbcTransaction  - Resetting autocommit to true on JDBC Connection [conn70: url=jdbc:h2:mem:activiti-AsyncExecutorTest user=SA]
10:47:55,440 [Thread-102] DEBUG org.activiti.engine.impl.interceptor.LogInterceptor  - --- AcquireTimerJobsCmd finished --------------------------------------------------------
10:47:55,440 [Thread-102] DEBUG org.activiti.engine.impl.interceptor.LogInterceptor  - 

10:47:55,440 [Thread-102] DEBUG org.activiti.engine.impl.asyncexecutor.AcquireTimerJobsRunnable  - timer job acquisition thread sleeping for 50 millis
10:47:55,440 [Thread-103] DEBUG org.activiti.engine.impl.persistence.entity.JobEntity.selectAsyncJobsDueToExecute  - &lt;==      Total: 0
10:47:55,441 [Thread-103] DEBUG org.activiti.engine.impl.db.DbSqlSession  - flush summary: 0 insert, 0 update, 0 delete.
10:47:55,441 [Thread-103] DEBUG org.activiti.engine.impl.db.DbSqlSession  - now executing flush...
10:47:55,441 [Thread-103] DEBUG org.activiti.engine.impl.cfg.standalone.StandaloneMybatisTransactionContext  - firing event committing...
10:47:55,441 [Thread-103] DEBUG org.activiti.engine.impl.cfg.standalone.StandaloneMybatisTransactionContext  - committing the ibatis sql session...
10:47:55,441 [Thread-103] DEBUG org.activiti.engine.impl.cfg.standalone.StandaloneMybatisTransactionContext  - firing event committed...
10:47:55,441 [Thread-103] DEBUG org.apache.ibatis.transaction.jdbc.JdbcTransaction  - Resetting autocommit to true on JDBC Connection [conn60: url=jdbc:h2:mem:activiti-AsyncExecutorTest user=SA]
10:47:55,441 [Thread-103] DEBUG org.apache.ibatis.transaction.jdbc.JdbcTransaction  - Closing JDBC Connection [conn60: url=jdbc:h2:mem:activiti-AsyncExecutorTest user=SA]
10:47:55,441 [Thread-103] DEBUG org.apache.ibatis.datasource.pooled.PooledDataSource  - Returned connection 33534803 to pool.
10:47:55,441 [Thread-103] DEBUG org.activiti.engine.impl.interceptor.LogInterceptor  - --- AcquireAsyncJobsDueCmd finished --------------------------------------------------------
10:47:55,441 [Thread-103] DEBUG org.activiti.engine.impl.interceptor.LogInterceptor  - 

10:47:55,440 [Thread-111] DEBUG org.apache.ibatis.transaction.jdbc.JdbcTransaction  - Closing JDBC Connection [conn70: url=jdbc:h2:mem:activiti-AsyncExecutorTest user=SA]
10:47:55,441 [Thread-111] DEBUG org.apache.ibatis.datasource.pooled.PooledDataSource  - Returned connection 604408605 to pool.
10:47:55,441 [Thread-111] DEBUG org.activiti.engine.impl.interceptor.LogInterceptor  - --- AcquireTimerJobsCmd finished --------------------------------------------------------
10:47:55,441 [Thread-111] DEBUG org.activiti.engine.impl.interceptor.LogInterceptor  - 

10:47:55,441 [Thread-103] DEBUG org.activiti.engine.impl.asyncexecutor.AcquireAsyncJobsDueRunnable  - async job acquisition thread sleeping for 50 millis
10:47:55,441 [Thread-111] DEBUG org.activiti.engine.impl.asyncexecutor.AcquireTimerJobsRunnable  - timer job acquisition thread sleeping for 50 millis
10:47:55,484 [Thread-112] DEBUG org.activiti.engine.impl.asyncexecutor.AcquireAsyncJobsDueRunnable  - async job acquisition thread woke up
10:47:55,484 [Thread-112] DEBUG org.activiti.engine.impl.interceptor.LogInterceptor  - 

10:47:55,484 [Thread-112] DEBUG org.activiti.engine.impl.interceptor.LogInterceptor  - --- starting AcquireAsyncJobsDueCmd --------------------------------------------------------
10:47:55,484 [Thread-112] DEBUG org.apache.ibatis.transaction.jdbc.JdbcTransaction  - Opening JDBC Connection
10:47:55,484 [Thread-112] DEBUG org.apache.ibatis.datasource.pooled.PooledDataSource  - Checked out connection 58501658 from pool.
10:47:55,484 [Thread-112] DEBUG org.apache.ibatis.transaction.jdbc.JdbcTransaction  - Setting autocommit to false on JDBC Connection [conn68: url=jdbc:h2:mem:activiti-AsyncExecutorTest user=SA]
10:47:55,484 [Thread-112] DEBUG org.activiti.engine.impl.persistence.entity.JobEntity.selectAsyncJobsDueToExecute  - ==&gt;  Preparing: select RES.* from ACT_RU_JOB RES LEFT OUTER JOIN ACT_RU_EXECUTION PI ON PI.ID_ = RES.PROCESS_INSTANCE_ID_ where RES.RETRIES_ &gt; 0 and RES.DUEDATE_ is not null and RES.DUEDATE_ &lt;= ? and (RES.LOCK_EXP_TIME_ is null or RES.LOCK_EXP_TIME_ &lt;= ?) and TYPE_ = &apos;message&apos; and ( (RES.EXECUTION_ID_ is null) or (PI.SUSPENSION_STATE_ = 1) ) LIMIT ? OFFSET ? 
10:47:55,484 [Thread-112] DEBUG org.activiti.engine.impl.persistence.entity.JobEntity.selectAsyncJobsDueToExecute  - ==&gt; Parameters: 2023-03-20 10:48:50.669(Timestamp), 2023-03-20 10:48:50.669(Timestamp), 1(Integer), 0(Integer)
10:47:55,484 [Thread-112] DEBUG org.activiti.engine.impl.persistence.entity.JobEntity.selectAsyncJobsDueToExecute  - &lt;==      Total: 0
10:47:55,484 [Thread-112] DEBUG org.activiti.engine.impl.db.DbSqlSession  - flush summary: 0 insert, 0 update, 0 delete.
10:47:55,484 [Thread-112] DEBUG org.activiti.engine.impl.db.DbSqlSession  - now executing flush...
10:47:55,484 [Thread-112] DEBUG org.activiti.engine.impl.cfg.standalone.StandaloneMybatisTransactionContext  - firing event committing...
10:47:55,484 [Thread-112] DEBUG org.activiti.engine.impl.cfg.standalone.StandaloneMybatisTransactionContext  - committing the ibatis sql session...
10:47:55,484 [Thread-112] DEBUG org.activiti.engine.impl.cfg.standalone.StandaloneMybatisTransactionContext  - firing event committed...
10:47:55,484 [Thread-112] DEBUG org.apache.ibatis.transaction.jdbc.JdbcTransaction  - Resetting autocommit to true on JDBC Connection [conn68: url=jdbc:h2:mem:activiti-AsyncExecutorTest user=SA]
10:47:55,484 [Thread-112] DEBUG org.apache.ibatis.transaction.jdbc.JdbcTransaction  - Closing JDBC Connection [conn68: url=jdbc:h2:mem:activiti-AsyncExecutorTest user=SA]
10:47:55,484 [Thread-112] DEBUG org.apache.ibatis.datasource.pooled.PooledDataSource  - Returned connection 58501658 to pool.
10:47:55,484 [Thread-112] DEBUG org.activiti.engine.impl.interceptor.LogInterceptor  - --- AcquireAsyncJobsDueCmd finished --------------------------------------------------------
10:47:55,484 [Thread-112] DEBUG org.activiti.engine.impl.interceptor.LogInterceptor  - 

10:47:55,484 [Thread-112] DEBUG org.activiti.engine.impl.asyncexecutor.AcquireAsyncJobsDueRunnable  - async job acquisition thread sleeping for 50 millis
10:47:55,500 [Thread-106] DEBUG org.activiti.engine.impl.asyncexecutor.AcquireAsyncJobsDueRunnable  - async job acquisition thread woke up
10:47:55,500 [Thread-106] DEBUG org.activiti.engine.impl.interceptor.LogInterceptor  - 

10:47:55,500 [Thread-105] DEBUG org.activiti.engine.impl.asyncexecutor.AcquireTimerJobsRunnable  - timer job acquisition thread woke up
10:47:55,500 [Thread-105] DEBUG org.activiti.engine.impl.interceptor.LogInterceptor  - 

10:47:55,500 [Thread-105] DEBUG org.activiti.engine.impl.interceptor.LogInterceptor  - --- starting AcquireTimerJobsCmd --------------------------------------------------------
10:47:55,500 [Thread-102] DEBUG org.activiti.engine.impl.asyncexecutor.AcquireTimerJobsRunnable  - timer job acquisition thread woke up
10:47:55,500 [Thread-102] DEBUG org.activiti.engine.impl.interceptor.LogInterceptor  - 

10:47:55,500 [Thread-102] DEBUG org.activiti.engine.impl.interceptor.LogInterceptor  - --- starting AcquireTimerJobsCmd --------------------------------------------------------
10:47:55,500 [Thread-102] DEBUG org.apache.ibatis.transaction.jdbc.JdbcTransaction  - Opening JDBC Connection
10:47:55,500 [Thread-102] DEBUG org.apache.ibatis.datasource.pooled.PooledDataSource  - Checked out connection 157985567 from pool.
10:47:55,500 [Thread-102] DEBUG org.apache.ibatis.transaction.jdbc.JdbcTransaction  - Setting autocommit to false on JDBC Connection [conn61: url=jdbc:h2:mem:activiti-AsyncExecutorTest user=SA]
10:47:55,500 [Thread-102] DEBUG org.activiti.engine.impl.persistence.entity.JobEntity.selectNextTimerJobsToExecute  - ==&gt;  Preparing: select RES.* from ACT_RU_JOB RES LEFT OUTER JOIN ACT_RU_EXECUTION PI ON PI.ID_ = RES.PROCESS_INSTANCE_ID_ where (RES.RETRIES_ &gt; 0) and (RES.DUEDATE_ is null or RES.DUEDATE_ &lt;= ?) and (RES.LOCK_OWNER_ is null or RES.LOCK_EXP_TIME_ &lt;= ?) and TYPE_ = &apos;timer&apos; and ( (RES.EXECUTION_ID_ is null) or (PI.SUSPENSION_STATE_ = 1) ) LIMIT ? OFFSET ? 
10:47:55,500 [Thread-103] DEBUG org.activiti.engine.impl.asyncexecutor.AcquireAsyncJobsDueRunnable  - async job acquisition thread woke up
10:47:55,500 [Thread-103] DEBUG org.activiti.engine.impl.interceptor.LogInterceptor  - 

10:47:55,500 [Thread-103] DEBUG org.activiti.engine.impl.interceptor.LogInterceptor  - --- starting AcquireAsyncJobsDueCmd --------------------------------------------------------
10:47:55,500 [Thread-103] DEBUG org.apache.ibatis.transaction.jdbc.JdbcTransaction  - Opening JDBC Connection
10:47:55,500 [Thread-111] DEBUG org.activiti.engine.impl.asyncexecutor.AcquireTimerJobsRunnable  - timer job acquisition thread woke up
10:47:55,500 [Thread-111] DEBUG org.activiti.engine.impl.interceptor.LogInterceptor  - 

10:47:55,500 [Thread-111] DEBUG org.activiti.engine.impl.interceptor.LogInterceptor  - --- starting AcquireTimerJobsCmd --------------------------------------------------------
10:47:55,500 [Thread-111] DEBUG org.apache.ibatis.transaction.jdbc.JdbcTransaction  - Opening JDBC Connection
10:47:55,500 [Thread-111] DEBUG org.apache.ibatis.datasource.pooled.PooledDataSource  - Checked out connection 1863805930 from pool.
10:47:55,500 [Thread-111] DEBUG org.apache.ibatis.transaction.jdbc.JdbcTransaction  - Setting autocommit to false on JDBC Connection [conn69: url=jdbc:h2:mem:activiti-AsyncExecutorTest user=SA]
10:47:55,500 [Thread-111] DEBUG org.activiti.engine.impl.persistence.entity.JobEntity.selectNextTimerJobsToExecute  - ==&gt;  Preparing: select RES.* from ACT_RU_JOB RES LEFT OUTER JOIN ACT_RU_EXECUTION PI ON PI.ID_ = RES.PROCESS_INSTANCE_ID_ where (RES.RETRIES_ &gt; 0) and (RES.DUEDATE_ is null or RES.DUEDATE_ &lt;= ?) and (RES.LOCK_OWNER_ is null or RES.LOCK_EXP_TIME_ &lt;= ?) and TYPE_ = &apos;timer&apos; and ( (RES.EXECUTION_ID_ is null) or (PI.SUSPENSION_STATE_ = 1) ) LIMIT ? OFFSET ? 
10:47:55,501 [Thread-111] DEBUG org.activiti.engine.impl.persistence.entity.JobEntity.selectNextTimerJobsToExecute  - ==&gt; Parameters: 2023-03-20 10:48:50.669(Timestamp), 2023-03-20 10:48:50.669(Timestamp), 1(Integer), 0(Integer)
10:47:55,500 [Thread-103] DEBUG org.apache.ibatis.datasource.pooled.PooledDataSource  - Checked out connection 720039383 from pool.
10:47:55,501 [Thread-103] DEBUG org.apache.ibatis.transaction.jdbc.JdbcTransaction  - Setting autocommit to false on JDBC Connection [conn59: url=jdbc:h2:mem:activiti-AsyncExecutorTest user=SA]
10:47:55,501 [Thread-103] DEBUG org.activiti.engine.impl.persistence.entity.JobEntity.selectAsyncJobsDueToExecute  - ==&gt;  Preparing: select RES.* from ACT_RU_JOB RES LEFT OUTER JOIN ACT_RU_EXECUTION PI ON PI.ID_ = RES.PROCESS_INSTANCE_ID_ where RES.RETRIES_ &gt; 0 and RES.DUEDATE_ is not null and RES.DUEDATE_ &lt;= ? and (RES.LOCK_EXP_TIME_ is null or RES.LOCK_EXP_TIME_ &lt;= ?) and TYPE_ = &apos;message&apos; and ( (RES.EXECUTION_ID_ is null) or (PI.SUSPENSION_STATE_ = 1) ) LIMIT ? OFFSET ? 
10:47:55,501 [Thread-103] DEBUG org.activiti.engine.impl.persistence.entity.JobEntity.selectAsyncJobsDueToExecute  - ==&gt; Parameters: 2023-03-20 10:48:50.669(Timestamp), 2023-03-20 10:48:50.669(Timestamp), 1(Integer), 0(Integer)
10:47:55,501 [Thread-103] DEBUG org.activiti.engine.impl.persistence.entity.JobEntity.selectAsyncJobsDueToExecute  - &lt;==      Total: 0
10:47:55,500 [Thread-102] DEBUG org.activiti.engine.impl.persistence.entity.JobEntity.selectNextTimerJobsToExecute  - ==&gt; Parameters: 2023-03-20 10:48:50.669(Timestamp), 2023-03-20 10:48:50.669(Timestamp), 1(Integer), 0(Integer)
10:47:55,501 [Thread-102] DEBUG org.activiti.engine.impl.persistence.entity.JobEntity.selectNextTimerJobsToExecute  - &lt;==      Total: 0
10:47:55,501 [Thread-102] DEBUG org.activiti.engine.impl.db.DbSqlSession  - flush summary: 0 insert, 0 update, 0 delete.
10:47:55,500 [Thread-105] DEBUG org.apache.ibatis.transaction.jdbc.JdbcTransaction  - Opening JDBC Connection
10:47:55,501 [Thread-105] DEBUG org.apache.ibatis.datasource.pooled.PooledDataSource  - Checked out connection 996762054 from pool.
10:47:55,501 [Thread-105] DEBUG org.apache.ibatis.transaction.jdbc.JdbcTransaction  - Setting autocommit to false on JDBC Connection [conn65: url=jdbc:h2:mem:activiti-AsyncExecutorTest user=SA]
10:47:55,501 [Thread-105] DEBUG org.activiti.engine.impl.persistence.entity.JobEntity.selectNextTimerJobsToExecute  - ==&gt;  Preparing: select RES.* from ACT_RU_JOB RES LEFT OUTER JOIN ACT_RU_EXECUTION PI ON PI.ID_ = RES.PROCESS_INSTANCE_ID_ where (RES.RETRIES_ &gt; 0) and (RES.DUEDATE_ is null or RES.DUEDATE_ &lt;= ?) and (RES.LOCK_OWNER_ is null or RES.LOCK_EXP_TIME_ &lt;= ?) and TYPE_ = &apos;timer&apos; and ( (RES.EXECUTION_ID_ is null) or (PI.SUSPENSION_STATE_ = 1) ) LIMIT ? OFFSET ? 
10:47:55,501 [Thread-105] DEBUG org.activiti.engine.impl.persistence.entity.JobEntity.selectNextTimerJobsToExecute  - ==&gt; Parameters: 2023-03-20 10:48:50.669(Timestamp), 2023-03-20 10:48:50.669(Timestamp), 1(Integer), 0(Integer)
10:47:55,501 [Thread-105] DEBUG org.activiti.engine.impl.persistence.entity.JobEntity.selectNextTimerJobsToExecute  - &lt;==      Total: 0
10:47:55,501 [Thread-105] DEBUG org.activiti.engine.impl.db.DbSqlSession  - flush summary: 0 insert, 0 update, 0 delete.
10:47:55,501 [Thread-105] DEBUG org.activiti.engine.impl.db.DbSqlSession  - now executing flush...
10:47:55,501 [Thread-105] DEBUG org.activiti.engine.impl.cfg.standalone.StandaloneMybatisTransactionContext  - firing event committing...
10:47:55,501 [Thread-105] DEBUG org.activiti.engine.impl.cfg.standalone.StandaloneMybatisTransactionContext  - committing the ibatis sql session...
10:47:55,501 [Thread-105] DEBUG org.activiti.engine.impl.cfg.standalone.StandaloneMybatisTransactionContext  - firing event committed...
10:47:55,501 [Thread-105] DEBUG org.apache.ibatis.transaction.jdbc.JdbcTransaction  - Resetting autocommit to true on JDBC Connection [conn65: url=jdbc:h2:mem:activiti-AsyncExecutorTest user=SA]
10:47:55,501 [Thread-105] DEBUG org.apache.ibatis.transaction.jdbc.JdbcTransaction  - Closing JDBC Connection [conn65: url=jdbc:h2:mem:activiti-AsyncExecutorTest user=SA]
10:47:55,500 [Thread-106] DEBUG org.activiti.engine.impl.interceptor.LogInterceptor  - --- starting AcquireAsyncJobsDueCmd --------------------------------------------------------
10:47:55,501 [Thread-106] DEBUG org.apache.ibatis.transaction.jdbc.JdbcTransaction  - Opening JDBC Connection
10:47:55,501 [Thread-105] DEBUG org.apache.ibatis.datasource.pooled.PooledDataSource  - Returned connection 996762054 to pool.
10:47:55,501 [Thread-105] DEBUG org.activiti.engine.impl.interceptor.LogInterceptor  - --- AcquireTimerJobsCmd finished --------------------------------------------------------
10:47:55,501 [Thread-105] DEBUG org.activiti.engine.impl.interceptor.LogInterceptor  - 

10:47:55,501 [Thread-105] DEBUG org.activiti.engine.impl.asyncexecutor.AcquireTimerJobsRunnable  - timer job acquisition thread sleeping for 50 millis
10:47:55,501 [Thread-106] DEBUG org.apache.ibatis.datasource.pooled.PooledDataSource  - Checked out connection 54468349 from pool.
10:47:55,502 [Thread-106] DEBUG org.apache.ibatis.transaction.jdbc.JdbcTransaction  - Setting autocommit to false on JDBC Connection [conn64: url=jdbc:h2:mem:activiti-AsyncExecutorTest user=SA]
10:47:55,502 [Thread-106] DEBUG org.activiti.engine.impl.persistence.entity.JobEntity.selectAsyncJobsDueToExecute  - ==&gt;  Preparing: select RES.* from ACT_RU_JOB RES LEFT OUTER JOIN ACT_RU_EXECUTION PI ON PI.ID_ = RES.PROCESS_INSTANCE_ID_ where RES.RETRIES_ &gt; 0 and RES.DUEDATE_ is not null and RES.DUEDATE_ &lt;= ? and (RES.LOCK_EXP_TIME_ is null or RES.LOCK_EXP_TIME_ &lt;= ?) and TYPE_ = &apos;message&apos; and ( (RES.EXECUTION_ID_ is null) or (PI.SUSPENSION_STATE_ = 1) ) LIMIT ? OFFSET ? 
10:47:55,501 [Thread-102] DEBUG org.activiti.engine.impl.db.DbSqlSession  - now executing flush...
10:47:55,502 [Thread-102] DEBUG org.activiti.engine.impl.cfg.standalone.StandaloneMybatisTransactionContext  - firing event committing...
10:47:55,502 [Thread-102] DEBUG org.activiti.engine.impl.cfg.standalone.StandaloneMybatisTransactionContext  - committing the ibatis sql session...
10:47:55,502 [Thread-102] DEBUG org.activiti.engine.impl.cfg.standalone.StandaloneMybatisTransactionContext  - firing event committed...
10:47:55,502 [Thread-102] DEBUG org.apache.ibatis.transaction.jdbc.JdbcTransaction  - Resetting autocommit to true on JDBC Connection [conn61: url=jdbc:h2:mem:activiti-AsyncExecutorTest user=SA]
10:47:55,502 [Thread-102] DEBUG org.apache.ibatis.transaction.jdbc.JdbcTransaction  - Closing JDBC Connection [conn61: url=jdbc:h2:mem:activiti-AsyncExecutorTest user=SA]
10:47:55,502 [Thread-102] DEBUG org.apache.ibatis.datasource.pooled.PooledDataSource  - Returned connection 157985567 to pool.
10:47:55,502 [Thread-102] DEBUG org.activiti.engine.impl.interceptor.LogInterceptor  - --- AcquireTimerJobsCmd finished --------------------------------------------------------
10:47:55,502 [Thread-102] DEBUG org.activiti.engine.impl.interceptor.LogInterceptor  - 

10:47:55,502 [Thread-102] DEBUG org.activiti.engine.impl.asyncexecutor.AcquireTimerJobsRunnable  - timer job acquisition thread sleeping for 50 millis
10:47:55,501 [Thread-103] DEBUG org.activiti.engine.impl.db.DbSqlSession  - flush summary: 0 insert, 0 update, 0 delete.
10:47:55,502 [Thread-103] DEBUG org.activiti.engine.impl.db.DbSqlSession  - now executing flush...
10:47:55,502 [Thread-103] DEBUG org.activiti.engine.impl.cfg.standalone.StandaloneMybatisTransactionContext  - firing event committing...
10:47:55,502 [Thread-103] DEBUG org.activiti.engine.impl.cfg.standalone.StandaloneMybatisTransactionContext  - committing the ibatis sql session...
10:47:55,501 [Thread-111] DEBUG org.activiti.engine.impl.persistence.entity.JobEntity.selectNextTimerJobsToExecute  - &lt;==      Total: 0
10:47:55,502 [Thread-111] DEBUG org.activiti.engine.impl.db.DbSqlSession  - flush summary: 0 insert, 0 update, 0 delete.
10:47:55,502 [Thread-111] DEBUG org.activiti.engine.impl.db.DbSqlSession  - now executing flush...
10:47:55,502 [Thread-103] DEBUG org.activiti.engine.impl.cfg.standalone.StandaloneMybatisTransactionContext  - firing event committed...
10:47:55,502 [Thread-103] DEBUG org.apache.ibatis.transaction.jdbc.JdbcTransaction  - Resetting autocommit to true on JDBC Connection [conn59: url=jdbc:h2:mem:activiti-AsyncExecutorTest user=SA]
10:47:55,502 [Thread-103] DEBUG org.apache.ibatis.transaction.jdbc.JdbcTransaction  - Closing JDBC Connection [conn59: url=jdbc:h2:mem:activiti-AsyncExecutorTest user=SA]
10:47:55,502 [Thread-106] DEBUG org.activiti.engine.impl.persistence.entity.JobEntity.selectAsyncJobsDueToExecute  - ==&gt; Parameters: 2023-03-20 10:48:50.669(Timestamp), 2023-03-20 10:48:50.669(Timestamp), 1(Integer), 0(Integer)
10:47:55,502 [Thread-106] DEBUG org.activiti.engine.impl.persistence.entity.JobEntity.selectAsyncJobsDueToExecute  - &lt;==      Total: 0
10:47:55,502 [Thread-106] DEBUG org.activiti.engine.impl.db.DbSqlSession  - flush summary: 0 insert, 0 update, 0 delete.
10:47:55,502 [Thread-103] DEBUG org.apache.ibatis.datasource.pooled.PooledDataSource  - Returned connection 720039383 to pool.
10:47:55,502 [Thread-103] DEBUG org.activiti.engine.impl.interceptor.LogInterceptor  - --- AcquireAsyncJobsDueCmd finished --------------------------------------------------------
10:47:55,502 [Thread-103] DEBUG org.activiti.engine.impl.interceptor.LogInterceptor  - 

10:47:55,502 [Thread-103] DEBUG org.activiti.engine.impl.asyncexecutor.AcquireAsyncJobsDueRunnable  - async job acquisition thread sleeping for 50 millis
10:47:55,502 [Thread-111] DEBUG org.activiti.engine.impl.cfg.standalone.StandaloneMybatisTransactionContext  - firing event committing...
10:47:55,502 [Thread-111] DEBUG org.activiti.engine.impl.cfg.standalone.StandaloneMybatisTransactionContext  - committing the ibatis sql session...
10:47:55,502 [Thread-111] DEBUG org.activiti.engine.impl.cfg.standalone.StandaloneMybatisTransactionContext  - firing event committed...
10:47:55,502 [Thread-111] DEBUG org.apache.ibatis.transaction.jdbc.JdbcTransaction  - Resetting autocommit to true on JDBC Connection [conn69: url=jdbc:h2:mem:activiti-AsyncExecutorTest user=SA]
10:47:55,502 [Thread-111] DEBUG org.apache.ibatis.transaction.jdbc.JdbcTransaction  - Closing JDBC Connection [conn69: url=jdbc:h2:mem:activiti-AsyncExecutorTest user=SA]
10:47:55,502 [Thread-111] DEBUG org.apache.ibatis.datasource.pooled.PooledDataSource  - Returned connection 1863805930 to pool.
10:47:55,502 [Thread-111] DEBUG org.activiti.engine.impl.interceptor.LogInterceptor  - --- AcquireTimerJobsCmd finished --------------------------------------------------------
10:47:55,502 [Thread-111] DEBUG org.activiti.engine.impl.interceptor.LogInterceptor  - 

10:47:55,502 [Thread-111] DEBUG org.activiti.engine.impl.asyncexecutor.AcquireTimerJobsRunnable  - timer job acquisition thread sleeping for 50 millis
10:47:55,502 [Thread-106] DEBUG org.activiti.engine.impl.db.DbSqlSession  - now executing flush...
10:47:55,502 [Thread-106] DEBUG org.activiti.engine.impl.cfg.standalone.StandaloneMybatisTransactionContext  - firing event committing...
10:47:55,502 [Thread-106] DEBUG org.activiti.engine.impl.cfg.standalone.StandaloneMybatisTransactionContext  - committing the ibatis sql session...
10:47:55,502 [Thread-106] DEBUG org.activiti.engine.impl.cfg.standalone.StandaloneMybatisTransactionContext  - firing event committed...
10:47:55,502 [Thread-106] DEBUG org.apache.ibatis.transaction.jdbc.JdbcTransaction  - Resetting autocommit to true on JDBC Connection [conn64: url=jdbc:h2:mem:activiti-AsyncExecutorTest user=SA]
10:47:55,503 [Thread-106] DEBUG org.apache.ibatis.transaction.jdbc.JdbcTransaction  - Closing JDBC Connection [conn64: url=jdbc:h2:mem:activiti-AsyncExecutorTest user=SA]
10:47:55,503 [Thread-106] DEBUG org.apache.ibatis.datasource.pooled.PooledDataSource  - Returned connection 54468349 to pool.
10:47:55,503 [Thread-106] DEBUG org.activiti.engine.impl.interceptor.LogInterceptor  - --- AcquireAsyncJobsDueCmd finished --------------------------------------------------------
10:47:55,503 [Thread-106] DEBUG org.activiti.engine.impl.interceptor.LogInterceptor  - 

10:47:55,503 [Thread-106] DEBUG org.activiti.engine.impl.asyncexecutor.AcquireAsyncJobsDueRunnable  - async job acquisition thread sleeping for 50 millis
10:47:55,547 [Thread-112] DEBUG org.activiti.engine.impl.asyncexecutor.AcquireAsyncJobsDueRunnable  - async job acquisition thread woke up
10:47:55,547 [Thread-112] DEBUG org.activiti.engine.impl.interceptor.LogInterceptor  - 

10:47:55,547 [Thread-112] DEBUG org.activiti.engine.impl.interceptor.LogInterceptor  - --- starting AcquireAsyncJobsDueCmd --------------------------------------------------------
10:47:55,547 [Thread-112] DEBUG org.apache.ibatis.transaction.jdbc.JdbcTransaction  - Opening JDBC Connection
10:47:55,547 [Thread-112] DEBUG org.apache.ibatis.datasource.pooled.PooledDataSource  - Checked out connection 604408605 from pool.
10:47:55,547 [Thread-112] DEBUG org.apache.ibatis.transaction.jdbc.JdbcTransaction  - Setting autocommit to false on JDBC Connection [conn70: url=jdbc:h2:mem:activiti-AsyncExecutorTest user=SA]
10:47:55,547 [Thread-112] DEBUG org.activiti.engine.impl.persistence.entity.JobEntity.selectAsyncJobsDueToExecute  - ==&gt;  Preparing: select RES.* from ACT_RU_JOB RES LEFT OUTER JOIN ACT_RU_EXECUTION PI ON PI.ID_ = RES.PROCESS_INSTANCE_ID_ where RES.RETRIES_ &gt; 0 and RES.DUEDATE_ is not null and RES.DUEDATE_ &lt;= ? and (RES.LOCK_EXP_TIME_ is null or RES.LOCK_EXP_TIME_ &lt;= ?) and TYPE_ = &apos;message&apos; and ( (RES.EXECUTION_ID_ is null) or (PI.SUSPENSION_STATE_ = 1) ) LIMIT ? OFFSET ? 
10:47:55,547 [Thread-112] DEBUG org.activiti.engine.impl.persistence.entity.JobEntity.selectAsyncJobsDueToExecute  - ==&gt; Parameters: 2023-03-20 10:48:50.669(Timestamp), 2023-03-20 10:48:50.669(Timestamp), 1(Integer), 0(Integer)
10:47:55,547 [Thread-112] DEBUG org.activiti.engine.impl.persistence.entity.JobEntity.selectAsyncJobsDueToExecute  - &lt;==      Total: 0
10:47:55,547 [Thread-112] DEBUG org.activiti.engine.impl.db.DbSqlSession  - flush summary: 0 insert, 0 update, 0 delete.
10:47:55,547 [Thread-112] DEBUG org.activiti.engine.impl.db.DbSqlSession  - now executing flush...
10:47:55,547 [Thread-112] DEBUG org.activiti.engine.impl.cfg.standalone.StandaloneMybatisTransactionContext  - firing event committing...
10:47:55,547 [Thread-112] DEBUG org.activiti.engine.impl.cfg.standalone.StandaloneMybatisTransactionContext  - committing the ibatis sql session...
10:47:55,547 [Thread-112] DEBUG org.activiti.engine.impl.cfg.standalone.StandaloneMybatisTransactionContext  - firing event committed...
10:47:55,547 [Thread-112] DEBUG org.apache.ibatis.transaction.jdbc.JdbcTransaction  - Resetting autocommit to true on JDBC Connection [conn70: url=jdbc:h2:mem:activiti-AsyncExecutorTest user=SA]
10:47:55,547 [Thread-112] DEBUG org.apache.ibatis.transaction.jdbc.JdbcTransaction  - Closing JDBC Connection [conn70: url=jdbc:h2:mem:activiti-AsyncExecutorTest user=SA]
10:47:55,547 [Thread-112] DEBUG org.apache.ibatis.datasource.pooled.PooledDataSource  - Returned connection 604408605 to pool.
10:47:55,547 [Thread-112] DEBUG org.activiti.engine.impl.interceptor.LogInterceptor  - --- AcquireAsyncJobsDueCmd finished --------------------------------------------------------
10:47:55,547 [Thread-112] DEBUG org.activiti.engine.impl.interceptor.LogInterceptor  - 

10:47:55,547 [Thread-112] DEBUG org.activiti.engine.impl.asyncexecutor.AcquireAsyncJobsDueRunnable  - async job acquisition thread sleeping for 50 millis
10:47:55,562 [Thread-106] DEBUG org.activiti.engine.impl.asyncexecutor.AcquireAsyncJobsDueRunnable  - async job acquisition thread woke up
10:47:55,562 [Thread-106] DEBUG org.activiti.engine.impl.interceptor.LogInterceptor  - 

10:47:55,562 [Thread-106] DEBUG org.activiti.engine.impl.interceptor.LogInterceptor  - --- starting AcquireAsyncJobsDueCmd --------------------------------------------------------
10:47:55,562 [Thread-106] DEBUG org.apache.ibatis.transaction.jdbc.JdbcTransaction  - Opening JDBC Connection
10:47:55,562 [Thread-106] DEBUG org.apache.ibatis.datasource.pooled.PooledDataSource  - Checked out connection 1970103261 from pool.
10:47:55,562 [Thread-106] DEBUG org.apache.ibatis.transaction.jdbc.JdbcTransaction  - Setting autocommit to false on JDBC Connection [conn63: url=jdbc:h2:mem:activiti-AsyncExecutorTest user=SA]
10:47:55,562 [Thread-106] DEBUG org.activiti.engine.impl.persistence.entity.JobEntity.selectAsyncJobsDueToExecute  - ==&gt;  Preparing: select RES.* from ACT_RU_JOB RES LEFT OUTER JOIN ACT_RU_EXECUTION PI ON PI.ID_ = RES.PROCESS_INSTANCE_ID_ where RES.RETRIES_ &gt; 0 and RES.DUEDATE_ is not null and RES.DUEDATE_ &lt;= ? and (RES.LOCK_EXP_TIME_ is null or RES.LOCK_EXP_TIME_ &lt;= ?) and TYPE_ = &apos;message&apos; and ( (RES.EXECUTION_ID_ is null) or (PI.SUSPENSION_STATE_ = 1) ) LIMIT ? OFFSET ? 
10:47:55,562 [Thread-106] DEBUG org.activiti.engine.impl.persistence.entity.JobEntity.selectAsyncJobsDueToExecute  - ==&gt; Parameters: 2023-03-20 10:48:50.669(Timestamp), 2023-03-20 10:48:50.669(Timestamp), 1(Integer), 0(Integer)
10:47:55,562 [Thread-105] DEBUG org.activiti.engine.impl.asyncexecutor.AcquireTimerJobsRunnable  - timer job acquisition thread woke up
10:47:55,562 [Thread-105] DEBUG org.activiti.engine.impl.interceptor.LogInterceptor  - 

10:47:55,562 [Thread-105] DEBUG org.activiti.engine.impl.interceptor.LogInterceptor  - --- starting AcquireTimerJobsCmd --------------------------------------------------------
10:47:55,562 [Thread-111] DEBUG org.activiti.engine.impl.asyncexecutor.AcquireTimerJobsRunnable  - timer job acquisition thread woke up
10:47:55,562 [Thread-111] DEBUG org.activiti.engine.impl.interceptor.LogInterceptor  - 

10:47:55,562 [Thread-111] DEBUG org.activiti.engine.impl.interceptor.LogInterceptor  - --- starting AcquireTimerJobsCmd --------------------------------------------------------
10:47:55,562 [Thread-111] DEBUG org.apache.ibatis.transaction.jdbc.JdbcTransaction  - Opening JDBC Connection
10:47:55,562 [Thread-111] DEBUG org.apache.ibatis.datasource.pooled.PooledDataSource  - Checked out connection 58501658 from pool.
10:47:55,562 [Thread-102] DEBUG org.activiti.engine.impl.asyncexecutor.AcquireTimerJobsRunnable  - timer job acquisition thread woke up
10:47:55,562 [Thread-102] DEBUG org.activiti.engine.impl.interceptor.LogInterceptor  - 

10:47:55,562 [Thread-102] DEBUG org.activiti.engine.impl.interceptor.LogInterceptor  - --- starting AcquireTimerJobsCmd --------------------------------------------------------
10:47:55,562 [Thread-102] DEBUG org.apache.ibatis.transaction.jdbc.JdbcTransaction  - Opening JDBC Connection
10:47:55,562 [Thread-102] DEBUG org.apache.ibatis.datasource.pooled.PooledDataSource  - Checked out connection 33534803 from pool.
10:47:55,562 [Thread-102] DEBUG org.apache.ibatis.transaction.jdbc.JdbcTransaction  - Setting autocommit to false on JDBC Connection [conn60: url=jdbc:h2:mem:activiti-AsyncExecutorTest user=SA]
10:47:55,562 [Thread-102] DEBUG org.activiti.engine.impl.persistence.entity.JobEntity.selectNextTimerJobsToExecute  - ==&gt;  Preparing: select RES.* from ACT_RU_JOB RES LEFT OUTER JOIN ACT_RU_EXECUTION PI ON PI.ID_ = RES.PROCESS_INSTANCE_ID_ where (RES.RETRIES_ &gt; 0) and (RES.DUEDATE_ is null or RES.DUEDATE_ &lt;= ?) and (RES.LOCK_OWNER_ is null or RES.LOCK_EXP_TIME_ &lt;= ?) and TYPE_ = &apos;timer&apos; and ( (RES.EXECUTION_ID_ is null) or (PI.SUSPENSION_STATE_ = 1) ) LIMIT ? OFFSET ? 
10:47:55,562 [Thread-102] DEBUG org.activiti.engine.impl.persistence.entity.JobEntity.selectNextTimerJobsToExecute  - ==&gt; Parameters: 2023-03-20 10:48:50.669(Timestamp), 2023-03-20 10:48:50.669(Timestamp), 1(Integer), 0(Integer)
10:47:55,562 [Thread-102] DEBUG org.activiti.engine.impl.persistence.entity.JobEntity.selectNextTimerJobsToExecute  - &lt;==      Total: 0
10:47:55,562 [Thread-102] DEBUG org.activiti.engine.impl.db.DbSqlSession  - flush summary: 0 insert, 0 update, 0 delete.
10:47:55,562 [Thread-102] DEBUG org.activiti.engine.impl.db.DbSqlSession  - now executing flush...
10:47:55,562 [Thread-102] DEBUG org.activiti.engine.impl.cfg.standalone.StandaloneMybatisTransactionContext  - firing event committing...
10:47:55,563 [Thread-102] DEBUG org.activiti.engine.impl.cfg.standalone.StandaloneMybatisTransactionContext  - committing the ibatis sql session...
10:47:55,563 [Thread-102] DEBUG org.activiti.engine.impl.cfg.standalone.StandaloneMybatisTransactionContext  - firing event committed...
10:47:55,563 [Thread-102] DEBUG org.apache.ibatis.transaction.jdbc.JdbcTransaction  - Resetting autocommit to true on JDBC Connection [conn60: url=jdbc:h2:mem:activiti-AsyncExecutorTest user=SA]
10:47:55,563 [Thread-102] DEBUG org.apache.ibatis.transaction.jdbc.JdbcTransaction  - Closing JDBC Connection [conn60: url=jdbc:h2:mem:activiti-AsyncExecutorTest user=SA]
10:47:55,563 [Thread-102] DEBUG org.apache.ibatis.datasource.pooled.PooledDataSource  - Returned connection 33534803 to pool.
10:47:55,563 [Thread-102] DEBUG org.activiti.engine.impl.interceptor.LogInterceptor  - --- AcquireTimerJobsCmd finished --------------------------------------------------------
10:47:55,563 [Thread-102] DEBUG org.activiti.engine.impl.interceptor.LogInterceptor  - 

10:47:55,563 [Thread-102] DEBUG org.activiti.engine.impl.asyncexecutor.AcquireTimerJobsRunnable  - timer job acquisition thread sleeping for 50 millis
10:47:55,562 [Thread-103] DEBUG org.activiti.engine.impl.asyncexecutor.AcquireAsyncJobsDueRunnable  - async job acquisition thread woke up
10:47:55,563 [Thread-103] DEBUG org.activiti.engine.impl.interceptor.LogInterceptor  - 

10:47:55,563 [Thread-103] DEBUG org.activiti.engine.impl.interceptor.LogInterceptor  - --- starting AcquireAsyncJobsDueCmd --------------------------------------------------------
10:47:55,563 [Thread-103] DEBUG org.apache.ibatis.transaction.jdbc.JdbcTransaction  - Opening JDBC Connection
10:47:55,563 [Thread-103] DEBUG org.apache.ibatis.datasource.pooled.PooledDataSource  - Checked out connection 157985567 from pool.
10:47:55,563 [Thread-103] DEBUG org.apache.ibatis.transaction.jdbc.JdbcTransaction  - Setting autocommit to false on JDBC Connection [conn61: url=jdbc:h2:mem:activiti-AsyncExecutorTest user=SA]
10:47:55,563 [Thread-103] DEBUG org.activiti.engine.impl.persistence.entity.JobEntity.selectAsyncJobsDueToExecute  - ==&gt;  Preparing: select RES.* from ACT_RU_JOB RES LEFT OUTER JOIN ACT_RU_EXECUTION PI ON PI.ID_ = RES.PROCESS_INSTANCE_ID_ where RES.RETRIES_ &gt; 0 and RES.DUEDATE_ is not null and RES.DUEDATE_ &lt;= ? and (RES.LOCK_EXP_TIME_ is null or RES.LOCK_EXP_TIME_ &lt;= ?) and TYPE_ = &apos;message&apos; and ( (RES.EXECUTION_ID_ is null) or (PI.SUSPENSION_STATE_ = 1) ) LIMIT ? OFFSET ? 
10:47:55,562 [Thread-111] DEBUG org.apache.ibatis.transaction.jdbc.JdbcTransaction  - Setting autocommit to false on JDBC Connection [conn68: url=jdbc:h2:mem:activiti-AsyncExecutorTest user=SA]
10:47:55,563 [Thread-111] DEBUG org.activiti.engine.impl.persistence.entity.JobEntity.selectNextTimerJobsToExecute  - ==&gt;  Preparing: select RES.* from ACT_RU_JOB RES LEFT OUTER JOIN ACT_RU_EXECUTION PI ON PI.ID_ = RES.PROCESS_INSTANCE_ID_ where (RES.RETRIES_ &gt; 0) and (RES.DUEDATE_ is null or RES.DUEDATE_ &lt;= ?) and (RES.LOCK_OWNER_ is null or RES.LOCK_EXP_TIME_ &lt;= ?) and TYPE_ = &apos;timer&apos; and ( (RES.EXECUTION_ID_ is null) or (PI.SUSPENSION_STATE_ = 1) ) LIMIT ? OFFSET ? 
10:47:55,563 [Thread-111] DEBUG org.activiti.engine.impl.persistence.entity.JobEntity.selectNextTimerJobsToExecute  - ==&gt; Parameters: 2023-03-20 10:48:50.669(Timestamp), 2023-03-20 10:48:50.669(Timestamp), 1(Integer), 0(Integer)
10:47:55,562 [Thread-105] DEBUG org.apache.ibatis.transaction.jdbc.JdbcTransaction  - Opening JDBC Connection
10:47:55,563 [Thread-105] DEBUG org.apache.ibatis.datasource.pooled.PooledDataSource  - Checked out connection 996762054 from pool.
10:47:55,563 [Thread-105] DEBUG org.apache.ibatis.transaction.jdbc.JdbcTransaction  - Setting autocommit to false on JDBC Connection [conn65: url=jdbc:h2:mem:activiti-AsyncExecutorTest user=SA]
10:47:55,563 [Thread-105] DEBUG org.activiti.engine.impl.persistence.entity.JobEntity.selectNextTimerJobsToExecute  - ==&gt;  Preparing: select RES.* from ACT_RU_JOB RES LEFT OUTER JOIN ACT_RU_EXECUTION PI ON PI.ID_ = RES.PROCESS_INSTANCE_ID_ where (RES.RETRIES_ &gt; 0) and (RES.DUEDATE_ is null or RES.DUEDATE_ &lt;= ?) and (RES.LOCK_OWNER_ is null or RES.LOCK_EXP_TIME_ &lt;= ?) and TYPE_ = &apos;timer&apos; and ( (RES.EXECUTION_ID_ is null) or (PI.SUSPENSION_STATE_ = 1) ) LIMIT ? OFFSET ? 
10:47:55,562 [Thread-106] DEBUG org.activiti.engine.impl.persistence.entity.JobEntity.selectAsyncJobsDueToExecute  - &lt;==      Total: 0
10:47:55,563 [Thread-106] DEBUG org.activiti.engine.impl.db.DbSqlSession  - flush summary: 0 insert, 0 update, 0 delete.
10:47:55,563 [Thread-106] DEBUG org.activiti.engine.impl.db.DbSqlSession  - now executing flush...
10:47:55,563 [Thread-106] DEBUG org.activiti.engine.impl.cfg.standalone.StandaloneMybatisTransactionContext  - firing event committing...
10:47:55,563 [Thread-105] DEBUG org.activiti.engine.impl.persistence.entity.JobEntity.selectNextTimerJobsToExecute  - ==&gt; Parameters: 2023-03-20 10:48:50.669(Timestamp), 2023-03-20 10:48:50.669(Timestamp), 1(Integer), 0(Integer)
10:47:55,563 [Thread-105] DEBUG org.activiti.engine.impl.persistence.entity.JobEntity.selectNextTimerJobsToExecute  - &lt;==      Total: 0
10:47:55,563 [Thread-105] DEBUG org.activiti.engine.impl.db.DbSqlSession  - flush summary: 0 insert, 0 update, 0 delete.
10:47:55,563 [Thread-105] DEBUG org.activiti.engine.impl.db.DbSqlSession  - now executing flush...
10:47:55,563 [Thread-105] DEBUG org.activiti.engine.impl.cfg.standalone.StandaloneMybatisTransactionContext  - firing event committing...
10:47:55,563 [Thread-105] DEBUG org.activiti.engine.impl.cfg.standalone.StandaloneMybatisTransactionContext  - committing the ibatis sql session...
10:47:55,563 [Thread-105] DEBUG org.activiti.engine.impl.cfg.standalone.StandaloneMybatisTransactionContext  - firing event committed...
10:47:55,563 [Thread-105] DEBUG org.apache.ibatis.transaction.jdbc.JdbcTransaction  - Resetting autocommit to true on JDBC Connection [conn65: url=jdbc:h2:mem:activiti-AsyncExecutorTest user=SA]
10:47:55,563 [Thread-105] DEBUG org.apache.ibatis.transaction.jdbc.JdbcTransaction  - Closing JDBC Connection [conn65: url=jdbc:h2:mem:activiti-AsyncExecutorTest user=SA]
10:47:55,563 [Thread-105] DEBUG org.apache.ibatis.datasource.pooled.PooledDataSource  - Returned connection 996762054 to pool.
10:47:55,563 [Thread-105] DEBUG org.activiti.engine.impl.interceptor.LogInterceptor  - --- AcquireTimerJobsCmd finished --------------------------------------------------------
10:47:55,563 [Thread-105] DEBUG org.activiti.engine.impl.interceptor.LogInterceptor  - 

10:47:55,564 [Thread-105] DEBUG org.activiti.engine.impl.asyncexecutor.AcquireTimerJobsRunnable  - timer job acquisition thread sleeping for 50 millis
10:47:55,563 [Thread-111] DEBUG org.activiti.engine.impl.persistence.entity.JobEntity.selectNextTimerJobsToExecute  - &lt;==      Total: 0
10:47:55,564 [Thread-111] DEBUG org.activiti.engine.impl.db.DbSqlSession  - flush summary: 0 insert, 0 update, 0 delete.
10:47:55,564 [Thread-111] DEBUG org.activiti.engine.impl.db.DbSqlSession  - now executing flush...
10:47:55,564 [Thread-111] DEBUG org.activiti.engine.impl.cfg.standalone.StandaloneMybatisTransactionContext  - firing event committing...
10:47:55,564 [Thread-111] DEBUG org.activiti.engine.impl.cfg.standalone.StandaloneMybatisTransactionContext  - committing the ibatis sql session...
10:47:55,564 [Thread-111] DEBUG org.activiti.engine.impl.cfg.standalone.StandaloneMybatisTransactionContext  - firing event committed...
10:47:55,564 [Thread-111] DEBUG org.apache.ibatis.transaction.jdbc.JdbcTransaction  - Resetting autocommit to true on JDBC Connection [conn68: url=jdbc:h2:mem:activiti-AsyncExecutorTest user=SA]
10:47:55,564 [Thread-111] DEBUG org.apache.ibatis.transaction.jdbc.JdbcTransaction  - Closing JDBC Connection [conn68: url=jdbc:h2:mem:activiti-AsyncExecutorTest user=SA]
10:47:55,564 [Thread-111] DEBUG org.apache.ibatis.datasource.pooled.PooledDataSource  - Returned connection 58501658 to pool.
10:47:55,563 [Thread-103] DEBUG org.activiti.engine.impl.persistence.entity.JobEntity.selectAsyncJobsDueToExecute  - ==&gt; Parameters: 2023-03-20 10:48:50.669(Timestamp), 2023-03-20 10:48:50.669(Timestamp), 1(Integer), 0(Integer)
10:47:55,564 [Thread-103] DEBUG org.activiti.engine.impl.persistence.entity.JobEntity.selectAsyncJobsDueToExecute  - &lt;==      Total: 0
10:47:55,564 [Thread-103] DEBUG org.activiti.engine.impl.db.DbSqlSession  - flush summary: 0 insert, 0 update, 0 delete.
10:47:55,564 [Thread-103] DEBUG org.activiti.engine.impl.db.DbSqlSession  - now executing flush...
10:47:55,564 [Thread-103] DEBUG org.activiti.engine.impl.cfg.standalone.StandaloneMybatisTransactionContext  - firing event committing...
10:47:55,564 [Thread-103] DEBUG org.activiti.engine.impl.cfg.standalone.StandaloneMybatisTransactionContext  - committing the ibatis sql session...
10:47:55,564 [Thread-103] DEBUG org.activiti.engine.impl.cfg.standalone.StandaloneMybatisTransactionContext  - firing event committed...
10:47:55,564 [Thread-103] DEBUG org.apache.ibatis.transaction.jdbc.JdbcTransaction  - Resetting autocommit to true on JDBC Connection [conn61: url=jdbc:h2:mem:activiti-AsyncExecutorTest user=SA]
10:47:55,564 [Thread-103] DEBUG org.apache.ibatis.transaction.jdbc.JdbcTransaction  - Closing JDBC Connection [conn61: url=jdbc:h2:mem:activiti-AsyncExecutorTest user=SA]
10:47:55,564 [Thread-103] DEBUG org.apache.ibatis.datasource.pooled.PooledDataSource  - Returned connection 157985567 to pool.
10:47:55,564 [Thread-103] DEBUG org.activiti.engine.impl.interceptor.LogInterceptor  - --- AcquireAsyncJobsDueCmd finished --------------------------------------------------------
10:47:55,564 [Thread-103] DEBUG org.activiti.engine.impl.interceptor.LogInterceptor  - 

10:47:55,564 [Thread-103] DEBUG org.activiti.engine.impl.asyncexecutor.AcquireAsyncJobsDueRunnable  - async job acquisition thread sleeping for 50 millis
10:47:55,564 [Thread-111] DEBUG org.activiti.engine.impl.interceptor.LogInterceptor  - --- AcquireTimerJobsCmd finished --------------------------------------------------------
10:47:55,564 [Thread-111] DEBUG org.activiti.engine.impl.interceptor.LogInterceptor  - 

10:47:55,564 [Thread-111] DEBUG org.activiti.engine.impl.asyncexecutor.AcquireTimerJobsRunnable  - timer job acquisition thread sleeping for 50 millis
10:47:55,563 [Thread-106] DEBUG org.activiti.engine.impl.cfg.standalone.StandaloneMybatisTransactionContext  - committing the ibatis sql session...
10:47:55,564 [Thread-106] DEBUG org.activiti.engine.impl.cfg.standalone.StandaloneMybatisTransactionContext  - firing event committed...
10:47:55,564 [Thread-106] DEBUG org.apache.ibatis.transaction.jdbc.JdbcTransaction  - Resetting autocommit to true on JDBC Connection [conn63: url=jdbc:h2:mem:activiti-AsyncExecutorTest user=SA]
10:47:55,564 [Thread-106] DEBUG org.apache.ibatis.transaction.jdbc.JdbcTransaction  - Closing JDBC Connection [conn63: url=jdbc:h2:mem:activiti-AsyncExecutorTest user=SA]
10:47:55,564 [Thread-106] DEBUG org.apache.ibatis.datasource.pooled.PooledDataSource  - Returned connection 1970103261 to pool.
10:47:55,564 [Thread-106] DEBUG org.activiti.engine.impl.interceptor.LogInterceptor  - --- AcquireAsyncJobsDueCmd finished --------------------------------------------------------
10:47:55,564 [Thread-106] DEBUG org.activiti.engine.impl.interceptor.LogInterceptor  - 

10:47:55,564 [Thread-106] DEBUG org.activiti.engine.impl.asyncexecutor.AcquireAsyncJobsDueRunnable  - async job acquisition thread sleeping for 50 millis
10:47:55,608 [Thread-112] DEBUG org.activiti.engine.impl.asyncexecutor.AcquireAsyncJobsDueRunnable  - async job acquisition thread woke up
10:47:55,608 [Thread-112] DEBUG org.activiti.engine.impl.interceptor.LogInterceptor  - 

10:47:55,608 [Thread-112] DEBUG org.activiti.engine.impl.interceptor.LogInterceptor  - --- starting AcquireAsyncJobsDueCmd --------------------------------------------------------
10:47:55,608 [main] DEBUG org.activiti.engine.impl.interceptor.LogInterceptor  - 

10:47:55,608 [main] DEBUG org.activiti.engine.impl.interceptor.LogInterceptor  - --- starting JobQueryImpl --------------------------------------------------------
10:47:55,608 [Thread-112] DEBUG org.apache.ibatis.transaction.jdbc.JdbcTransaction  - Opening JDBC Connection
10:47:55,608 [Thread-112] DEBUG org.apache.ibatis.datasource.pooled.PooledDataSource  - Checked out connection 1863805930 from pool.
10:47:55,608 [Thread-112] DEBUG org.apache.ibatis.transaction.jdbc.JdbcTransaction  - Setting autocommit to false on JDBC Connection [conn69: url=jdbc:h2:mem:activiti-AsyncExecutorTest user=SA]
10:47:55,608 [main] DEBUG org.apache.ibatis.transaction.jdbc.JdbcTransaction  - Opening JDBC Connection
10:47:55,608 [main] DEBUG org.apache.ibatis.datasource.pooled.PooledDataSource  - Checked out connection 363509958 from pool.
10:47:55,608 [main] DEBUG org.apache.ibatis.transaction.jdbc.JdbcTransaction  - Setting autocommit to false on JDBC Connection [conn2: url=jdbc:h2:mem:activiti user=SA]
10:47:55,608 [main] DEBUG org.activiti.engine.impl.persistence.entity.JobEntity.selectJobByQueryCriteria  - ==&gt;  Preparing: select RES.* from ACT_RU_JOB RES order by order by RES.ID_ asc LIMIT ? OFFSET ? 
10:47:55,608 [Thread-112] DEBUG org.activiti.engine.impl.persistence.entity.JobEntity.selectAsyncJobsDueToExecute  - ==&gt;  Preparing: select RES.* from ACT_RU_JOB RES LEFT OUTER JOIN ACT_RU_EXECUTION PI ON PI.ID_ = RES.PROCESS_INSTANCE_ID_ where RES.RETRIES_ &gt; 0 and RES.DUEDATE_ is not null and RES.DUEDATE_ &lt;= ? and (RES.LOCK_EXP_TIME_ is null or RES.LOCK_EXP_TIME_ &lt;= ?) and TYPE_ = &apos;message&apos; and ( (RES.EXECUTION_ID_ is null) or (PI.SUSPENSION_STATE_ = 1) ) LIMIT ? OFFSET ? 
10:47:55,609 [main] DEBUG org.activiti.engine.impl.interceptor.CommandContext  - Error while closing command context
org.apache.ibatis.exceptions.PersistenceException: 
### Error querying database.  Cause: org.h2.jdbc.JdbcSQLException: Syntax error in SQL statement &quot;SELECT RES.* 
     
    FROM ACT_RU_JOB RES
     
      
   
     ORDER BY  ORDER[*] BY RES.ID_ ASC  
    LIMIT ? OFFSET ? &quot;; expected &quot;=, NOT, EXISTS, INTERSECTS, SELECT, FROM&quot;; SQL statement:
select RES.* 
     
    from ACT_RU_JOB RES
     
      
   
     order by  order by RES.ID_ asc  
    LIMIT ? OFFSET ? [42001-176]
### The error may exist in org/activiti/db/mapping/entity/Job.xml
### The error may involve org.activiti.engine.impl.persistence.entity.JobEntity.selectJobByQueryCriteria
### The error occurred while executing a query
### SQL: select RES.*            from ACT_RU_JOB RES                       order by  order by RES.ID_ asc       LIMIT ? OFFSET ?
### Cause: org.h2.jdbc.JdbcSQLException: Syntax error in SQL statement &quot;SELECT RES.* 
     
    FROM ACT_RU_JOB RES
     
      
   
     ORDER BY  ORDER[*] BY RES.ID_ ASC  
    LIMIT ? OFFSET ? &quot;; expected &quot;=, NOT, EXISTS, INTERSECTS, SELECT, FROM&quot;; SQL statement:
select RES.* 
     
    from ACT_RU_JOB RES
     
      
   
     order by  order by RES.ID_ asc  
    LIMIT ? OFFSET ? [42001-176]
	at org.apache.ibatis.exceptions.ExceptionFactory.wrapException(ExceptionFactory.java:30)
	at org.apache.ibatis.session.defaults.DefaultSqlSession.selectList(DefaultSqlSession.java:122)
	at org.apache.ibatis.session.defaults.DefaultSqlSession.selectList(DefaultSqlSession.java:113)
	at org.activiti.engine.impl.db.DbSqlSession.selectListWithRawParameter(DbSqlSession.java:438)
	at org.activiti.engine.impl.db.DbSqlSession.selectList(DbSqlSession.java:429)
	at org.activiti.engine.impl.db.DbSqlSession.selectList(DbSqlSession.java:419)
	at org.activiti.engine.impl.persistence.entity.JobEntityManager.findJobsByQueryCriteria(JobEntityManager.java:198)
	at org.activiti.engine.impl.JobQueryImpl.executeList(JobQueryImpl.java:243)
	at org.activiti.engine.impl.AbstractQuery.execute(AbstractQuery.java:164)
	at org.activiti.engine.impl.interceptor.CommandInvoker.execute(CommandInvoker.java:24)
	at org.activiti.engine.impl.interceptor.CommandContextInterceptor.execute(CommandContextInterceptor.java:57)
	at org.activiti.engine.impl.interceptor.LogInterceptor.execute(LogInterceptor.java:37)
	at org.activiti.engine.impl.cfg.CommandExecutorImpl.execute(CommandExecutorImpl.java:40)
	at org.activiti.engine.impl.cfg.CommandExecutorImpl.execute(CommandExecutorImpl.java:35)
	at org.activiti.engine.impl.AbstractQuery.list(AbstractQuery.java:138)
	at org.activiti.engine.impl.test.JobTestHelper.areJobsAvailable(JobTestHelper.java:194)
	at org.activiti.engine.impl.test.JobTestHelper.waitForJobExecutorToProcessAllJobs(JobTestHelper.java:74)
	at org.activiti.engine.impl.test.JobTestHelper.waitForJobExecutorToProcessAllJobs(JobTestHelper.java:47)
	at org.activiti.engine.impl.test.AbstractActivitiTestCase.waitForJobExecutorToProcessAllJobs(AbstractActivitiTestCase.java:204)
	at org.activiti.engine.test.jobexecutor.JobExecutorTest.testBasicJobExecutorOperation(JobExecutorTest.java:53)
	at sun.reflect.NativeMethodAccessorImpl.invoke0(Native Method)
	at sun.reflect.NativeMethodAccessorImpl.invoke(NativeMethodAccessorImpl.java:62)
	at sun.reflect.DelegatingMethodAccessorImpl.invoke(DelegatingMethodAccessorImpl.java:43)
	at java.lang.reflect.Method.invoke(Method.java:498)
	at junit.framework.TestCase.runTest(TestCase.java:176)
	at org.activiti.engine.impl.test.PvmTestCase.runTest(PvmTestCase.java:65)
	at junit.framework.TestCase.runBare(TestCase.java:141)
	at org.activiti.engine.impl.test.AbstractActivitiTestCase.runBare(AbstractActivitiTestCase.java:100)
	at junit.framework.TestResult$1.protect(TestResult.java:122)
	at junit.framework.TestResult.runProtected(TestResult.java:142)
	at junit.framework.TestResult.run(TestResult.java:125)
	at junit.framework.TestCase.run(TestCase.java:129)
	at junit.framework.TestSuite.runTest(TestSuite.java:255)
	at junit.framework.TestSuite.run(TestSuite.java:250)
	at org.junit.internal.runners.JUnit38ClassRunner.run(JUnit38ClassRunner.java:84)
	at org.apache.maven.surefire.junit4.JUnit4TestSet.execute(JUnit4TestSet.java:35)
	at org.apache.maven.surefire.junit4.JUnit4Provider.executeTestSet(JUnit4Provider.java:146)
	at org.apache.maven.surefire.junit4.JUnit4Provider.invoke(JUnit4Provider.java:97)
	at sun.reflect.NativeMethodAccessorImpl.invoke0(Native Method)
	at sun.reflect.NativeMethodAccessorImpl.invoke(NativeMethodAccessorImpl.java:62)
	at sun.reflect.DelegatingMethodAccessorImpl.invoke(DelegatingMethodAccessorImpl.java:43)
	at java.lang.reflect.Method.invoke(Method.java:498)
	at org.apache.maven.surefire.booter.ProviderFactory$ClassLoaderProxy.invoke(ProviderFactory.java:103)
	at com.sun.proxy.$Proxy0.invoke(Unknown Source)
	at org.apache.maven.surefire.booter.SurefireStarter.invokeProvider(SurefireStarter.java:145)
	at org.apache.maven.surefire.booter.SurefireStarter.runSuitesInProcess(SurefireStarter.java:87)
	at org.apache.maven.surefire.booter.ForkedBooter.main(ForkedBooter.java:69)
Caused by: org.h2.jdbc.JdbcSQLException: Syntax error in SQL statement &quot;SELECT RES.* 
     
    FROM ACT_RU_JOB RES
     
      
   
     ORDER BY  ORDER[*] BY RES.ID_ ASC  
    LIMIT ? OFFSET ? &quot;; expected &quot;=, NOT, EXISTS, INTERSECTS, SELECT, FROM&quot;; SQL statement:
select RES.* 
     
    from ACT_RU_JOB RES
     
      
   
     order by  order by RES.ID_ asc  
    LIMIT ? OFFSET ? [42001-176]
	at org.h2.message.DbException.getJdbcSQLException(DbException.java:344)
	at org.h2.message.DbException.getSyntaxError(DbException.java:204)
	at org.h2.command.Parser.getSyntaxError(Parser.java:524)
	at org.h2.command.Parser.readTerm(Parser.java:2688)
	at org.h2.command.Parser.readFactor(Parser.java:2244)
	at org.h2.command.Parser.readSum(Parser.java:2231)
	at org.h2.command.Parser.readConcat(Parser.java:2201)
	at org.h2.command.Parser.readCondition(Parser.java:2051)
	at org.h2.command.Parser.readAnd(Parser.java:2023)
	at org.h2.command.Parser.readExpression(Parser.java:2015)
	at org.h2.command.Parser.parseEndOfQuery(Parser.java:1726)
	at org.h2.command.Parser.parseSelectUnionExtension(Parser.java:1706)
	at org.h2.command.Parser.parseSelectUnion(Parser.java:1675)
	at org.h2.command.Parser.parseSelect(Parser.java:1662)
	at org.h2.command.Parser.parsePrepared(Parser.java:434)
	at org.h2.command.Parser.parse(Parser.java:306)
	at org.h2.command.Parser.parse(Parser.java:282)
	at org.h2.command.Parser.prepareCommand(Parser.java:243)
	at org.h2.engine.Session.prepareLocal(Session.java:442)
	at org.h2.engine.Session.prepareCommand(Session.java:384)
	at org.h2.jdbc.JdbcConnection.prepareCommand(JdbcConnection.java:1188)
	at org.h2.jdbc.JdbcPreparedStatement.&lt;init&gt;(JdbcPreparedStatement.java:73)
	at org.h2.jdbc.JdbcConnection.prepareStatement(JdbcConnection.java:276)
	at sun.reflect.GeneratedMethodAccessor6.invoke(Unknown Source)
	at sun.reflect.DelegatingMethodAccessorImpl.invoke(DelegatingMethodAccessorImpl.java:43)
	at java.lang.reflect.Method.invoke(Method.java:498)
	at org.apache.ibatis.datasource.pooled.PooledConnection.invoke(PooledConnection.java:245)
	at com.sun.proxy.$Proxy12.prepareStatement(Unknown Source)
	at sun.reflect.GeneratedMethodAccessor6.invoke(Unknown Source)
	at sun.reflect.DelegatingMethodAccessorImpl.invoke(DelegatingMethodAccessorImpl.java:43)
	at java.lang.reflect.Method.invoke(Method.java:498)
	at org.apache.ibatis.logging.jdbc.ConnectionLogger.invoke(ConnectionLogger.java:55)
	at com.sun.proxy.$Proxy12.prepareStatement(Unknown Source)
	at org.apache.ibatis.executor.statement.PreparedStatementHandler.instantiateStatement(PreparedStatementHandler.java:79)
	at org.apache.ibatis.executor.statement.BaseStatementHandler.prepare(BaseStatementHandler.java:88)
	at org.apache.ibatis.executor.statement.RoutingStatementHandler.prepare(RoutingStatementHandler.java:58)
	at org.apache.ibatis.executor.SimpleExecutor.prepareStatement(SimpleExecutor.java:76)
	at org.apache.ibatis.executor.SimpleExecutor.doQuery(SimpleExecutor.java:61)
	at org.apache.ibatis.executor.BaseExecutor.queryFromDatabase(BaseExecutor.java:303)
	at org.apache.ibatis.executor.BaseExecutor.query(BaseExecutor.java:154)
	at org.apache.ibatis.executor.CachingExecutor.query(CachingExecutor.java:102)
	at org.apache.ibatis.executor.CachingExecutor.query(CachingExecutor.java:82)
	at org.apache.ibatis.session.defaults.DefaultSqlSession.selectList(DefaultSqlSession.java:120)
	... 45 more
10:47:55,609 [main] DEBUG org.activiti.engine.impl.cfg.standalone.StandaloneMybatisTransactionContext  - firing event rolling back...
10:47:55,609 [main] DEBUG org.activiti.engine.impl.cfg.standalone.StandaloneMybatisTransactionContext  - rolling back ibatis sql session...
10:47:55,609 [main] DEBUG org.activiti.engine.impl.cfg.standalone.StandaloneMybatisTransactionContext  - firing event rolled back...
10:47:55,609 [main] DEBUG org.apache.ibatis.transaction.jdbc.JdbcTransaction  - Resetting autocommit to true on JDBC Connection [conn2: url=jdbc:h2:mem:activiti user=SA]
10:47:55,609 [main] DEBUG org.apache.ibatis.transaction.jdbc.JdbcTransaction  - Closing JDBC Connection [conn2: url=jdbc:h2:mem:activiti user=SA]
10:47:55,609 [main] DEBUG org.apache.ibatis.datasource.pooled.PooledDataSource  - Returned connection 363509958 to pool.
10:47:55,609 [main] DEBUG org.activiti.engine.impl.interceptor.LogInterceptor  - --- JobQueryImpl finished --------------------------------------------------------
10:47:55,609 [main] DEBUG org.activiti.engine.impl.interceptor.LogInterceptor  - 

10:47:55,609 [Thread-112] DEBUG org.activiti.engine.impl.persistence.entity.JobEntity.selectAsyncJobsDueToExecute  - ==&gt; Parameters: 2023-03-20 10:48:50.669(Timestamp), 2023-03-20 10:48:50.669(Timestamp), 1(Integer), 0(Integer)
10:47:55,609 [Thread-112] DEBUG org.activiti.engine.impl.persistence.entity.JobEntity.selectAsyncJobsDueToExecute  - &lt;==      Total: 0
10:47:55,609 [Thread-112] DEBUG org.activiti.engine.impl.db.DbSqlSession  - flush summary: 0 insert, 0 update, 0 delete.
10:47:55,609 [Thread-112] DEBUG org.activiti.engine.impl.db.DbSqlSession  - now executing flush...
10:47:55,609 [Thread-112] DEBUG org.activiti.engine.impl.cfg.standalone.StandaloneMybatisTransactionContext  - firing event committing...
10:47:55,609 [Thread-112] DEBUG org.activiti.engine.impl.cfg.standalone.StandaloneMybatisTransactionContext  - committing the ibatis sql session...
10:47:55,609 [Thread-112] DEBUG org.activiti.engine.impl.cfg.standalone.StandaloneMybatisTransactionContext  - firing event committed...
10:47:55,609 [Thread-112] DEBUG org.apache.ibatis.transaction.jdbc.JdbcTransaction  - Resetting autocommit to true on JDBC Connection [conn69: url=jdbc:h2:mem:activiti-AsyncExecutorTest user=SA]
10:47:55,609 [Thread-112] DEBUG org.apache.ibatis.transaction.jdbc.JdbcTransaction  - Closing JDBC Connection [conn69: url=jdbc:h2:mem:activiti-AsyncExecutorTest user=SA]
10:47:55,609 [Thread-112] DEBUG org.apache.ibatis.datasource.pooled.PooledDataSource  - Returned connection 1863805930 to pool.
10:47:55,609 [Thread-112] DEBUG org.activiti.engine.impl.interceptor.LogInterceptor  - --- AcquireAsyncJobsDueCmd finished --------------------------------------------------------
10:47:55,609 [Thread-112] DEBUG org.activiti.engine.impl.interceptor.LogInterceptor  - 

10:47:55,609 [Thread-112] DEBUG org.activiti.engine.impl.asyncexecutor.AcquireAsyncJobsDueRunnable  - async job acquisition thread sleeping for 50 millis
10:47:55,623 [Thread-102] DEBUG org.activiti.engine.impl.asyncexecutor.AcquireTimerJobsRunnable  - timer job acquisition thread woke up
10:47:55,623 [Thread-102] DEBUG org.activiti.engine.impl.interceptor.LogInterceptor  - 

10:47:55,623 [Thread-102] DEBUG org.activiti.engine.impl.interceptor.LogInterceptor  - --- starting AcquireTimerJobsCmd --------------------------------------------------------
10:47:55,623 [Thread-102] DEBUG org.apache.ibatis.transaction.jdbc.JdbcTransaction  - Opening JDBC Connection
10:47:55,623 [Thread-102] DEBUG org.apache.ibatis.datasource.pooled.PooledDataSource  - Checked out connection 720039383 from pool.
10:47:55,623 [Thread-105] DEBUG org.activiti.engine.impl.asyncexecutor.AcquireTimerJobsRunnable  - timer job acquisition thread woke up
10:47:55,623 [Thread-105] DEBUG org.activiti.engine.impl.interceptor.LogInterceptor  - 

10:47:55,623 [Thread-105] DEBUG org.activiti.engine.impl.interceptor.LogInterceptor  - --- starting AcquireTimerJobsCmd --------------------------------------------------------
10:47:55,623 [Thread-103] DEBUG org.activiti.engine.impl.asyncexecutor.AcquireAsyncJobsDueRunnable  - async job acquisition thread woke up
10:47:55,623 [Thread-103] DEBUG org.activiti.engine.impl.interceptor.LogInterceptor  - 

10:47:55,623 [Thread-103] DEBUG org.activiti.engine.impl.interceptor.LogInterceptor  - --- starting AcquireAsyncJobsDueCmd --------------------------------------------------------
10:47:55,623 [Thread-103] DEBUG org.apache.ibatis.transaction.jdbc.JdbcTransaction  - Opening JDBC Connection
10:47:55,623 [Thread-103] DEBUG org.apache.ibatis.datasource.pooled.PooledDataSource  - Checked out connection 33534803 from pool.
10:47:55,623 [Thread-103] DEBUG org.apache.ibatis.transaction.jdbc.JdbcTransaction  - Setting autocommit to false on JDBC Connection [conn60: url=jdbc:h2:mem:activiti-AsyncExecutorTest user=SA]
10:47:55,623 [Thread-103] DEBUG org.activiti.engine.impl.persistence.entity.JobEntity.selectAsyncJobsDueToExecute  - ==&gt;  Preparing: select RES.* from ACT_RU_JOB RES LEFT OUTER JOIN ACT_RU_EXECUTION PI ON PI.ID_ = RES.PROCESS_INSTANCE_ID_ where RES.RETRIES_ &gt; 0 and RES.DUEDATE_ is not null and RES.DUEDATE_ &lt;= ? and (RES.LOCK_EXP_TIME_ is null or RES.LOCK_EXP_TIME_ &lt;= ?) and TYPE_ = &apos;message&apos; and ( (RES.EXECUTION_ID_ is null) or (PI.SUSPENSION_STATE_ = 1) ) LIMIT ? OFFSET ? 
10:47:55,623 [Thread-111] DEBUG org.activiti.engine.impl.asyncexecutor.AcquireTimerJobsRunnable  - timer job acquisition thread woke up
10:47:55,623 [Thread-111] DEBUG org.activiti.engine.impl.interceptor.LogInterceptor  - 

10:47:55,623 [Thread-111] DEBUG org.activiti.engine.impl.interceptor.LogInterceptor  - --- starting AcquireTimerJobsCmd --------------------------------------------------------
10:47:55,623 [Thread-111] DEBUG org.apache.ibatis.transaction.jdbc.JdbcTransaction  - Opening JDBC Connection
10:47:55,623 [Thread-111] DEBUG org.apache.ibatis.datasource.pooled.PooledDataSource  - Checked out connection 604408605 from pool.
10:47:55,623 [Thread-111] DEBUG org.apache.ibatis.transaction.jdbc.JdbcTransaction  - Setting autocommit to false on JDBC Connection [conn70: url=jdbc:h2:mem:activiti-AsyncExecutorTest user=SA]
10:47:55,623 [Thread-111] DEBUG org.activiti.engine.impl.persistence.entity.JobEntity.selectNextTimerJobsToExecute  - ==&gt;  Preparing: select RES.* from ACT_RU_JOB RES LEFT OUTER JOIN ACT_RU_EXECUTION PI ON PI.ID_ = RES.PROCESS_INSTANCE_ID_ where (RES.RETRIES_ &gt; 0) and (RES.DUEDATE_ is null or RES.DUEDATE_ &lt;= ?) and (RES.LOCK_OWNER_ is null or RES.LOCK_EXP_TIME_ &lt;= ?) and TYPE_ = &apos;timer&apos; and ( (RES.EXECUTION_ID_ is null) or (PI.SUSPENSION_STATE_ = 1) ) LIMIT ? OFFSET ? 
10:47:55,623 [Thread-111] DEBUG org.activiti.engine.impl.persistence.entity.JobEntity.selectNextTimerJobsToExecute  - ==&gt; Parameters: 2023-03-20 10:48:50.669(Timestamp), 2023-03-20 10:48:50.669(Timestamp), 1(Integer), 0(Integer)
10:47:55,623 [Thread-106] DEBUG org.activiti.engine.impl.asyncexecutor.AcquireAsyncJobsDueRunnable  - async job acquisition thread woke up
10:47:55,624 [Thread-106] DEBUG org.activiti.engine.impl.interceptor.LogInterceptor  - 

10:47:55,624 [Thread-106] DEBUG org.activiti.engine.impl.interceptor.LogInterceptor  - --- starting AcquireAsyncJobsDueCmd --------------------------------------------------------
10:47:55,624 [Thread-106] DEBUG org.apache.ibatis.transaction.jdbc.JdbcTransaction  - Opening JDBC Connection
10:47:55,624 [Thread-106] DEBUG org.apache.ibatis.datasource.pooled.PooledDataSource  - Checked out connection 54468349 from pool.
10:47:55,624 [Thread-111] DEBUG org.activiti.engine.impl.persistence.entity.JobEntity.selectNextTimerJobsToExecute  - &lt;==      Total: 0
10:47:55,624 [Thread-111] DEBUG org.activiti.engine.impl.db.DbSqlSession  - flush summary: 0 insert, 0 update, 0 delete.
10:47:55,624 [Thread-111] DEBUG org.activiti.engine.impl.db.DbSqlSession  - now executing flush...
10:47:55,624 [Thread-111] DEBUG org.activiti.engine.impl.cfg.standalone.StandaloneMybatisTransactionContext  - firing event committing...
10:47:55,624 [Thread-111] DEBUG org.activiti.engine.impl.cfg.standalone.StandaloneMybatisTransactionContext  - committing the ibatis sql session...
10:47:55,624 [Thread-111] DEBUG org.activiti.engine.impl.cfg.standalone.StandaloneMybatisTransactionContext  - firing event committed...
10:47:55,624 [Thread-111] DEBUG org.apache.ibatis.transaction.jdbc.JdbcTransaction  - Resetting autocommit to true on JDBC Connection [conn70: url=jdbc:h2:mem:activiti-AsyncExecutorTest user=SA]
10:47:55,624 [Thread-111] DEBUG org.apache.ibatis.transaction.jdbc.JdbcTransaction  - Closing JDBC Connection [conn70: url=jdbc:h2:mem:activiti-AsyncExecutorTest user=SA]
10:47:55,624 [Thread-111] DEBUG org.apache.ibatis.datasource.pooled.PooledDataSource  - Returned connection 604408605 to pool.
10:47:55,624 [Thread-111] DEBUG org.activiti.engine.impl.interceptor.LogInterceptor  - --- AcquireTimerJobsCmd finished --------------------------------------------------------
10:47:55,624 [Thread-111] DEBUG org.activiti.engine.impl.interceptor.LogInterceptor  - 

10:47:55,624 [Thread-111] DEBUG org.activiti.engine.impl.asyncexecutor.AcquireTimerJobsRunnable  - timer job acquisition thread sleeping for 50 millis
10:47:55,623 [Thread-103] DEBUG org.activiti.engine.impl.persistence.entity.JobEntity.selectAsyncJobsDueToExecute  - ==&gt; Parameters: 2023-03-20 10:48:50.669(Timestamp), 2023-03-20 10:48:50.669(Timestamp), 1(Integer), 0(Integer)
10:47:55,624 [Thread-103] DEBUG org.activiti.engine.impl.persistence.entity.JobEntity.selectAsyncJobsDueToExecute  - &lt;==      Total: 0
10:47:55,624 [Thread-103] DEBUG org.activiti.engine.impl.db.DbSqlSession  - flush summary: 0 insert, 0 update, 0 delete.
10:47:55,623 [Thread-105] DEBUG org.apache.ibatis.transaction.jdbc.JdbcTransaction  - Opening JDBC Connection
10:47:55,624 [Thread-105] DEBUG org.apache.ibatis.datasource.pooled.PooledDataSource  - Checked out connection 996762054 from pool.
10:47:55,624 [Thread-105] DEBUG org.apache.ibatis.transaction.jdbc.JdbcTransaction  - Setting autocommit to false on JDBC Connection [conn65: url=jdbc:h2:mem:activiti-AsyncExecutorTest user=SA]
10:47:55,624 [Thread-105] DEBUG org.activiti.engine.impl.persistence.entity.JobEntity.selectNextTimerJobsToExecute  - ==&gt;  Preparing: select RES.* from ACT_RU_JOB RES LEFT OUTER JOIN ACT_RU_EXECUTION PI ON PI.ID_ = RES.PROCESS_INSTANCE_ID_ where (RES.RETRIES_ &gt; 0) and (RES.DUEDATE_ is null or RES.DUEDATE_ &lt;= ?) and (RES.LOCK_OWNER_ is null or RES.LOCK_EXP_TIME_ &lt;= ?) and TYPE_ = &apos;timer&apos; and ( (RES.EXECUTION_ID_ is null) or (PI.SUSPENSION_STATE_ = 1) ) LIMIT ? OFFSET ? 
10:47:55,624 [Thread-105] DEBUG org.activiti.engine.impl.persistence.entity.JobEntity.selectNextTimerJobsToExecute  - ==&gt; Parameters: 2023-03-20 10:48:50.669(Timestamp), 2023-03-20 10:48:50.669(Timestamp), 1(Integer), 0(Integer)
10:47:55,624 [Thread-105] DEBUG org.activiti.engine.impl.persistence.entity.JobEntity.selectNextTimerJobsToExecute  - &lt;==      Total: 0
10:47:55,623 [Thread-102] DEBUG org.apache.ibatis.transaction.jdbc.JdbcTransaction  - Setting autocommit to false on JDBC Connection [conn59: url=jdbc:h2:mem:activiti-AsyncExecutorTest user=SA]
10:47:55,624 [Thread-102] DEBUG org.activiti.engine.impl.persistence.entity.JobEntity.selectNextTimerJobsToExecute  - ==&gt;  Preparing: select RES.* from ACT_RU_JOB RES LEFT OUTER JOIN ACT_RU_EXECUTION PI ON PI.ID_ = RES.PROCESS_INSTANCE_ID_ where (RES.RETRIES_ &gt; 0) and (RES.DUEDATE_ is null or RES.DUEDATE_ &lt;= ?) and (RES.LOCK_OWNER_ is null or RES.LOCK_EXP_TIME_ &lt;= ?) and TYPE_ = &apos;timer&apos; and ( (RES.EXECUTION_ID_ is null) or (PI.SUSPENSION_STATE_ = 1) ) LIMIT ? OFFSET ? 
10:47:55,624 [Thread-102] DEBUG org.activiti.engine.impl.persistence.entity.JobEntity.selectNextTimerJobsToExecute  - ==&gt; Parameters: 2023-03-20 10:48:50.669(Timestamp), 2023-03-20 10:48:50.669(Timestamp), 1(Integer), 0(Integer)
10:47:55,624 [Thread-102] DEBUG org.activiti.engine.impl.persistence.entity.JobEntity.selectNextTimerJobsToExecute  - &lt;==      Total: 0
10:47:55,624 [Thread-102] DEBUG org.activiti.engine.impl.db.DbSqlSession  - flush summary: 0 insert, 0 update, 0 delete.
10:47:55,624 [Thread-102] DEBUG org.activiti.engine.impl.db.DbSqlSession  - now executing flush...
10:47:55,624 [Thread-102] DEBUG org.activiti.engine.impl.cfg.standalone.StandaloneMybatisTransactionContext  - firing event committing...
10:47:55,624 [Thread-105] DEBUG org.activiti.engine.impl.db.DbSqlSession  - flush summary: 0 insert, 0 update, 0 delete.
10:47:55,624 [Thread-105] DEBUG org.activiti.engine.impl.db.DbSqlSession  - now executing flush...
10:47:55,624 [Thread-105] DEBUG org.activiti.engine.impl.cfg.standalone.StandaloneMybatisTransactionContext  - firing event committing...
10:47:55,624 [Thread-105] DEBUG org.activiti.engine.impl.cfg.standalone.StandaloneMybatisTransactionContext  - committing the ibatis sql session...
10:47:55,625 [Thread-105] DEBUG org.activiti.engine.impl.cfg.standalone.StandaloneMybatisTransactionContext  - firing event committed...
10:47:55,625 [Thread-105] DEBUG org.apache.ibatis.transaction.jdbc.JdbcTransaction  - Resetting autocommit to true on JDBC Connection [conn65: url=jdbc:h2:mem:activiti-AsyncExecutorTest user=SA]
10:47:55,625 [Thread-105] DEBUG org.apache.ibatis.transaction.jdbc.JdbcTransaction  - Closing JDBC Connection [conn65: url=jdbc:h2:mem:activiti-AsyncExecutorTest user=SA]
10:47:55,625 [Thread-105] DEBUG org.apache.ibatis.datasource.pooled.PooledDataSource  - Returned connection 996762054 to pool.
10:47:55,625 [Thread-105] DEBUG org.activiti.engine.impl.interceptor.LogInterceptor  - --- AcquireTimerJobsCmd finished --------------------------------------------------------
10:47:55,625 [Thread-105] DEBUG org.activiti.engine.impl.interceptor.LogInterceptor  - 

10:47:55,625 [Thread-105] DEBUG org.activiti.engine.impl.asyncexecutor.AcquireTimerJobsRunnable  - timer job acquisition thread sleeping for 50 millis
10:47:55,624 [Thread-103] DEBUG org.activiti.engine.impl.db.DbSqlSession  - now executing flush...
10:47:55,625 [Thread-103] DEBUG org.activiti.engine.impl.cfg.standalone.StandaloneMybatisTransactionContext  - firing event committing...
10:47:55,625 [Thread-103] DEBUG org.activiti.engine.impl.cfg.standalone.StandaloneMybatisTransactionContext  - committing the ibatis sql session...
10:47:55,625 [Thread-103] DEBUG org.activiti.engine.impl.cfg.standalone.StandaloneMybatisTransactionContext  - firing event committed...
10:47:55,625 [Thread-103] DEBUG org.apache.ibatis.transaction.jdbc.JdbcTransaction  - Resetting autocommit to true on JDBC Connection [conn60: url=jdbc:h2:mem:activiti-AsyncExecutorTest user=SA]
10:47:55,625 [Thread-103] DEBUG org.apache.ibatis.transaction.jdbc.JdbcTransaction  - Closing JDBC Connection [conn60: url=jdbc:h2:mem:activiti-AsyncExecutorTest user=SA]
10:47:55,625 [Thread-103] DEBUG org.apache.ibatis.datasource.pooled.PooledDataSource  - Returned connection 33534803 to pool.
10:47:55,625 [Thread-103] DEBUG org.activiti.engine.impl.interceptor.LogInterceptor  - --- AcquireAsyncJobsDueCmd finished --------------------------------------------------------
10:47:55,625 [Thread-103] DEBUG org.activiti.engine.impl.interceptor.LogInterceptor  - 

10:47:55,625 [Thread-103] DEBUG org.activiti.engine.impl.asyncexecutor.AcquireAsyncJobsDueRunnable  - async job acquisition thread sleeping for 50 millis
10:47:55,624 [Thread-106] DEBUG org.apache.ibatis.transaction.jdbc.JdbcTransaction  - Setting autocommit to false on JDBC Connection [conn64: url=jdbc:h2:mem:activiti-AsyncExecutorTest user=SA]
10:47:55,625 [Thread-106] DEBUG org.activiti.engine.impl.persistence.entity.JobEntity.selectAsyncJobsDueToExecute  - ==&gt;  Preparing: select RES.* from ACT_RU_JOB RES LEFT OUTER JOIN ACT_RU_EXECUTION PI ON PI.ID_ = RES.PROCESS_INSTANCE_ID_ where RES.RETRIES_ &gt; 0 and RES.DUEDATE_ is not null and RES.DUEDATE_ &lt;= ? and (RES.LOCK_EXP_TIME_ is null or RES.LOCK_EXP_TIME_ &lt;= ?) and TYPE_ = &apos;message&apos; and ( (RES.EXECUTION_ID_ is null) or (PI.SUSPENSION_STATE_ = 1) ) LIMIT ? OFFSET ? 
10:47:55,624 [Thread-102] DEBUG org.activiti.engine.impl.cfg.standalone.StandaloneMybatisTransactionContext  - committing the ibatis sql session...
10:47:55,625 [Thread-102] DEBUG org.activiti.engine.impl.cfg.standalone.StandaloneMybatisTransactionContext  - firing event committed...
10:47:55,625 [Thread-102] DEBUG org.apache.ibatis.transaction.jdbc.JdbcTransaction  - Resetting autocommit to true on JDBC Connection [conn59: url=jdbc:h2:mem:activiti-AsyncExecutorTest user=SA]
10:47:55,625 [Thread-102] DEBUG org.apache.ibatis.transaction.jdbc.JdbcTransaction  - Closing JDBC Connection [conn59: url=jdbc:h2:mem:activiti-AsyncExecutorTest user=SA]
10:47:55,625 [Thread-102] DEBUG org.apache.ibatis.datasource.pooled.PooledDataSource  - Returned connection 720039383 to pool.
10:47:55,625 [Thread-102] DEBUG org.activiti.engine.impl.interceptor.LogInterceptor  - --- AcquireTimerJobsCmd finished --------------------------------------------------------
10:47:55,625 [Thread-102] DEBUG org.activiti.engine.impl.interceptor.LogInterceptor  - 

10:47:55,625 [Thread-102] DEBUG org.activiti.engine.impl.asyncexecutor.AcquireTimerJobsRunnable  - timer job acquisition thread sleeping for 50 millis
10:47:55,625 [Thread-106] DEBUG org.activiti.engine.impl.persistence.entity.JobEntity.selectAsyncJobsDueToExecute  - ==&gt; Parameters: 2023-03-20 10:48:50.669(Timestamp), 2023-03-20 10:48:50.669(Timestamp), 1(Integer), 0(Integer)
10:47:55,625 [Thread-106] DEBUG org.activiti.engine.impl.persistence.entity.JobEntity.selectAsyncJobsDueToExecute  - &lt;==      Total: 0
10:47:55,625 [Thread-106] DEBUG org.activiti.engine.impl.db.DbSqlSession  - flush summary: 0 insert, 0 update, 0 delete.
10:47:55,625 [Thread-106] DEBUG org.activiti.engine.impl.db.DbSqlSession  - now executing flush...
10:47:55,625 [Thread-106] DEBUG org.activiti.engine.impl.cfg.standalone.StandaloneMybatisTransactionContext  - firing event committing...
10:47:55,625 [Thread-106] DEBUG org.activiti.engine.impl.cfg.standalone.StandaloneMybatisTransactionContext  - committing the ibatis sql session...
10:47:55,625 [Thread-106] DEBUG org.activiti.engine.impl.cfg.standalone.StandaloneMybatisTransactionContext  - firing event committed...
10:47:55,625 [Thread-106] DEBUG org.apache.ibatis.transaction.jdbc.JdbcTransaction  - Resetting autocommit to true on JDBC Connection [conn64: url=jdbc:h2:mem:activiti-AsyncExecutorTest user=SA]
10:47:55,625 [Thread-106] DEBUG org.apache.ibatis.transaction.jdbc.JdbcTransaction  - Closing JDBC Connection [conn64: url=jdbc:h2:mem:activiti-AsyncExecutorTest user=SA]
10:47:55,625 [Thread-106] DEBUG org.apache.ibatis.datasource.pooled.PooledDataSource  - Returned connection 54468349 to pool.
10:47:55,625 [Thread-106] DEBUG org.activiti.engine.impl.interceptor.LogInterceptor  - --- AcquireAsyncJobsDueCmd finished --------------------------------------------------------
10:47:55,625 [Thread-106] DEBUG org.activiti.engine.impl.interceptor.LogInterceptor  - 

10:47:55,625 [Thread-106] DEBUG org.activiti.engine.impl.asyncexecutor.AcquireAsyncJobsDueRunnable  - async job acquisition thread sleeping for 50 millis
10:47:55,670 [Thread-112] DEBUG org.activiti.engine.impl.asyncexecutor.AcquireAsyncJobsDueRunnable  - async job acquisition thread woke up
10:47:55,670 [Thread-112] DEBUG org.activiti.engine.impl.interceptor.LogInterceptor  - 

10:47:55,670 [Thread-112] DEBUG org.activiti.engine.impl.interceptor.LogInterceptor  - --- starting AcquireAsyncJobsDueCmd --------------------------------------------------------
10:47:55,670 [Thread-112] DEBUG org.apache.ibatis.transaction.jdbc.JdbcTransaction  - Opening JDBC Connection
10:47:55,670 [Thread-112] DEBUG org.apache.ibatis.datasource.pooled.PooledDataSource  - Checked out connection 58501658 from pool.
10:47:55,670 [Thread-112] DEBUG org.apache.ibatis.transaction.jdbc.JdbcTransaction  - Setting autocommit to false on JDBC Connection [conn68: url=jdbc:h2:mem:activiti-AsyncExecutorTest user=SA]
10:47:55,670 [Thread-112] DEBUG org.activiti.engine.impl.persistence.entity.JobEntity.selectAsyncJobsDueToExecute  - ==&gt;  Preparing: select RES.* from ACT_RU_JOB RES LEFT OUTER JOIN ACT_RU_EXECUTION PI ON PI.ID_ = RES.PROCESS_INSTANCE_ID_ where RES.RETRIES_ &gt; 0 and RES.DUEDATE_ is not null and RES.DUEDATE_ &lt;= ? and (RES.LOCK_EXP_TIME_ is null or RES.LOCK_EXP_TIME_ &lt;= ?) and TYPE_ = &apos;message&apos; and ( (RES.EXECUTION_ID_ is null) or (PI.SUSPENSION_STATE_ = 1) ) LIMIT ? OFFSET ? 
10:47:55,670 [Thread-112] DEBUG org.activiti.engine.impl.persistence.entity.JobEntity.selectAsyncJobsDueToExecute  - ==&gt; Parameters: 2023-03-20 10:48:50.669(Timestamp), 2023-03-20 10:48:50.669(Timestamp), 1(Integer), 0(Integer)
10:47:55,670 [Thread-112] DEBUG org.activiti.engine.impl.persistence.entity.JobEntity.selectAsyncJobsDueToExecute  - &lt;==      Total: 0
10:47:55,670 [Thread-112] DEBUG org.activiti.engine.impl.db.DbSqlSession  - flush summary: 0 insert, 0 update, 0 delete.
10:47:55,670 [Thread-112] DEBUG org.activiti.engine.impl.db.DbSqlSession  - now executing flush...
10:47:55,670 [Thread-112] DEBUG org.activiti.engine.impl.cfg.standalone.StandaloneMybatisTransactionContext  - firing event committing...
10:47:55,670 [Thread-112] DEBUG org.activiti.engine.impl.cfg.standalone.StandaloneMybatisTransactionContext  - committing the ibatis sql session...
10:47:55,670 [Thread-112] DEBUG org.activiti.engine.impl.cfg.standalone.StandaloneMybatisTransactionContext  - firing event committed...
10:47:55,670 [Thread-112] DEBUG org.apache.ibatis.transaction.jdbc.JdbcTransaction  - Resetting autocommit to true on JDBC Connection [conn68: url=jdbc:h2:mem:activiti-AsyncExecutorTest user=SA]
10:47:55,670 [Thread-112] DEBUG org.apache.ibatis.transaction.jdbc.JdbcTransaction  - Closing JDBC Connection [conn68: url=jdbc:h2:mem:activiti-AsyncExecutorTest user=SA]
10:47:55,670 [Thread-112] DEBUG org.apache.ibatis.datasource.pooled.PooledDataSource  - Returned connection 58501658 to pool.
10:47:55,670 [Thread-112] DEBUG org.activiti.engine.impl.interceptor.LogInterceptor  - --- AcquireAsyncJobsDueCmd finished --------------------------------------------------------
10:47:55,670 [Thread-112] DEBUG org.activiti.engine.impl.interceptor.LogInterceptor  - 

10:47:55,670 [Thread-112] DEBUG org.activiti.engine.impl.asyncexecutor.AcquireAsyncJobsDueRunnable  - async job acquisition thread sleeping for 50 millis
10:47:55,685 [Thread-103] DEBUG org.activiti.engine.impl.asyncexecutor.AcquireAsyncJobsDueRunnable  - async job acquisition thread woke up
10:47:55,685 [Thread-103] DEBUG org.activiti.engine.impl.interceptor.LogInterceptor  - 

10:47:55,685 [Thread-103] DEBUG org.activiti.engine.impl.interceptor.LogInterceptor  - --- starting AcquireAsyncJobsDueCmd --------------------------------------------------------
10:47:55,685 [Thread-103] DEBUG org.apache.ibatis.transaction.jdbc.JdbcTransaction  - Opening JDBC Connection
10:47:55,685 [Thread-103] DEBUG org.apache.ibatis.datasource.pooled.PooledDataSource  - Checked out connection 157985567 from pool.
10:47:55,685 [Thread-103] DEBUG org.apache.ibatis.transaction.jdbc.JdbcTransaction  - Setting autocommit to false on JDBC Connection [conn61: url=jdbc:h2:mem:activiti-AsyncExecutorTest user=SA]
10:47:55,685 [Thread-103] DEBUG org.activiti.engine.impl.persistence.entity.JobEntity.selectAsyncJobsDueToExecute  - ==&gt;  Preparing: select RES.* from ACT_RU_JOB RES LEFT OUTER JOIN ACT_RU_EXECUTION PI ON PI.ID_ = RES.PROCESS_INSTANCE_ID_ where RES.RETRIES_ &gt; 0 and RES.DUEDATE_ is not null and RES.DUEDATE_ &lt;= ? and (RES.LOCK_EXP_TIME_ is null or RES.LOCK_EXP_TIME_ &lt;= ?) and TYPE_ = &apos;message&apos; and ( (RES.EXECUTION_ID_ is null) or (PI.SUSPENSION_STATE_ = 1) ) LIMIT ? OFFSET ? 
10:47:55,685 [Thread-111] DEBUG org.activiti.engine.impl.asyncexecutor.AcquireTimerJobsRunnable  - timer job acquisition thread woke up
10:47:55,685 [Thread-111] DEBUG org.activiti.engine.impl.interceptor.LogInterceptor  - 

10:47:55,685 [Thread-111] DEBUG org.activiti.engine.impl.interceptor.LogInterceptor  - --- starting AcquireTimerJobsCmd --------------------------------------------------------
10:47:55,685 [Thread-106] DEBUG org.activiti.engine.impl.asyncexecutor.AcquireAsyncJobsDueRunnable  - async job acquisition thread woke up
10:47:55,685 [Thread-106] DEBUG org.activiti.engine.impl.interceptor.LogInterceptor  - 

10:47:55,685 [Thread-106] DEBUG org.activiti.engine.impl.interceptor.LogInterceptor  - --- starting AcquireAsyncJobsDueCmd --------------------------------------------------------
10:47:55,685 [Thread-106] DEBUG org.apache.ibatis.transaction.jdbc.JdbcTransaction  - Opening JDBC Connection
10:47:55,685 [Thread-102] DEBUG org.activiti.engine.impl.asyncexecutor.AcquireTimerJobsRunnable  - timer job acquisition thread woke up
10:47:55,685 [Thread-102] DEBUG org.activiti.engine.impl.interceptor.LogInterceptor  - 

10:47:55,685 [Thread-102] DEBUG org.activiti.engine.impl.interceptor.LogInterceptor  - --- starting AcquireTimerJobsCmd --------------------------------------------------------
10:47:55,686 [Thread-102] DEBUG org.apache.ibatis.transaction.jdbc.JdbcTransaction  - Opening JDBC Connection
10:47:55,686 [Thread-102] DEBUG org.apache.ibatis.datasource.pooled.PooledDataSource  - Checked out connection 33534803 from pool.
10:47:55,686 [Thread-102] DEBUG org.apache.ibatis.transaction.jdbc.JdbcTransaction  - Setting autocommit to false on JDBC Connection [conn60: url=jdbc:h2:mem:activiti-AsyncExecutorTest user=SA]
10:47:55,685 [Thread-105] DEBUG org.activiti.engine.impl.asyncexecutor.AcquireTimerJobsRunnable  - timer job acquisition thread woke up
10:47:55,686 [Thread-105] DEBUG org.activiti.engine.impl.interceptor.LogInterceptor  - 

10:47:55,686 [Thread-105] DEBUG org.activiti.engine.impl.interceptor.LogInterceptor  - --- starting AcquireTimerJobsCmd --------------------------------------------------------
10:47:55,686 [Thread-105] DEBUG org.apache.ibatis.transaction.jdbc.JdbcTransaction  - Opening JDBC Connection
10:47:55,686 [Thread-102] DEBUG org.activiti.engine.impl.persistence.entity.JobEntity.selectNextTimerJobsToExecute  - ==&gt;  Preparing: select RES.* from ACT_RU_JOB RES LEFT OUTER JOIN ACT_RU_EXECUTION PI ON PI.ID_ = RES.PROCESS_INSTANCE_ID_ where (RES.RETRIES_ &gt; 0) and (RES.DUEDATE_ is null or RES.DUEDATE_ &lt;= ?) and (RES.LOCK_OWNER_ is null or RES.LOCK_EXP_TIME_ &lt;= ?) and TYPE_ = &apos;timer&apos; and ( (RES.EXECUTION_ID_ is null) or (PI.SUSPENSION_STATE_ = 1) ) LIMIT ? OFFSET ? 
10:47:55,686 [Thread-102] DEBUG org.activiti.engine.impl.persistence.entity.JobEntity.selectNextTimerJobsToExecute  - ==&gt; Parameters: 2023-03-20 10:48:50.669(Timestamp), 2023-03-20 10:48:50.669(Timestamp), 1(Integer), 0(Integer)
10:47:55,686 [Thread-102] DEBUG org.activiti.engine.impl.persistence.entity.JobEntity.selectNextTimerJobsToExecute  - &lt;==      Total: 0
10:47:55,686 [Thread-102] DEBUG org.activiti.engine.impl.db.DbSqlSession  - flush summary: 0 insert, 0 update, 0 delete.
10:47:55,686 [Thread-102] DEBUG org.activiti.engine.impl.db.DbSqlSession  - now executing flush...
10:47:55,686 [Thread-102] DEBUG org.activiti.engine.impl.cfg.standalone.StandaloneMybatisTransactionContext  - firing event committing...
10:47:55,686 [Thread-102] DEBUG org.activiti.engine.impl.cfg.standalone.StandaloneMybatisTransactionContext  - committing the ibatis sql session...
10:47:55,686 [Thread-102] DEBUG org.activiti.engine.impl.cfg.standalone.StandaloneMybatisTransactionContext  - firing event committed...
10:47:55,686 [Thread-102] DEBUG org.apache.ibatis.transaction.jdbc.JdbcTransaction  - Resetting autocommit to true on JDBC Connection [conn60: url=jdbc:h2:mem:activiti-AsyncExecutorTest user=SA]
10:47:55,686 [Thread-102] DEBUG org.apache.ibatis.transaction.jdbc.JdbcTransaction  - Closing JDBC Connection [conn60: url=jdbc:h2:mem:activiti-AsyncExecutorTest user=SA]
10:47:55,686 [Thread-102] DEBUG org.apache.ibatis.datasource.pooled.PooledDataSource  - Returned connection 33534803 to pool.
10:47:55,686 [Thread-102] DEBUG org.activiti.engine.impl.interceptor.LogInterceptor  - --- AcquireTimerJobsCmd finished --------------------------------------------------------
10:47:55,686 [Thread-102] DEBUG org.activiti.engine.impl.interceptor.LogInterceptor  - 

10:47:55,686 [Thread-102] DEBUG org.activiti.engine.impl.asyncexecutor.AcquireTimerJobsRunnable  - timer job acquisition thread sleeping for 50 millis
10:47:55,685 [Thread-106] DEBUG org.apache.ibatis.datasource.pooled.PooledDataSource  - Checked out connection 1970103261 from pool.
10:47:55,686 [Thread-106] DEBUG org.apache.ibatis.transaction.jdbc.JdbcTransaction  - Setting autocommit to false on JDBC Connection [conn63: url=jdbc:h2:mem:activiti-AsyncExecutorTest user=SA]
10:47:55,686 [Thread-106] DEBUG org.activiti.engine.impl.persistence.entity.JobEntity.selectAsyncJobsDueToExecute  - ==&gt;  Preparing: select RES.* from ACT_RU_JOB RES LEFT OUTER JOIN ACT_RU_EXECUTION PI ON PI.ID_ = RES.PROCESS_INSTANCE_ID_ where RES.RETRIES_ &gt; 0 and RES.DUEDATE_ is not null and RES.DUEDATE_ &lt;= ? and (RES.LOCK_EXP_TIME_ is null or RES.LOCK_EXP_TIME_ &lt;= ?) and TYPE_ = &apos;message&apos; and ( (RES.EXECUTION_ID_ is null) or (PI.SUSPENSION_STATE_ = 1) ) LIMIT ? OFFSET ? 
10:47:55,685 [Thread-111] DEBUG org.apache.ibatis.transaction.jdbc.JdbcTransaction  - Opening JDBC Connection
10:47:55,686 [Thread-111] DEBUG org.apache.ibatis.datasource.pooled.PooledDataSource  - Checked out connection 1863805930 from pool.
10:47:55,687 [Thread-111] DEBUG org.apache.ibatis.transaction.jdbc.JdbcTransaction  - Setting autocommit to false on JDBC Connection [conn69: url=jdbc:h2:mem:activiti-AsyncExecutorTest user=SA]
10:47:55,687 [Thread-111] DEBUG org.activiti.engine.impl.persistence.entity.JobEntity.selectNextTimerJobsToExecute  - ==&gt;  Preparing: select RES.* from ACT_RU_JOB RES LEFT OUTER JOIN ACT_RU_EXECUTION PI ON PI.ID_ = RES.PROCESS_INSTANCE_ID_ where (RES.RETRIES_ &gt; 0) and (RES.DUEDATE_ is null or RES.DUEDATE_ &lt;= ?) and (RES.LOCK_OWNER_ is null or RES.LOCK_EXP_TIME_ &lt;= ?) and TYPE_ = &apos;timer&apos; and ( (RES.EXECUTION_ID_ is null) or (PI.SUSPENSION_STATE_ = 1) ) LIMIT ? OFFSET ? 
10:47:55,687 [Thread-111] DEBUG org.activiti.engine.impl.persistence.entity.JobEntity.selectNextTimerJobsToExecute  - ==&gt; Parameters: 2023-03-20 10:48:50.669(Timestamp), 2023-03-20 10:48:50.669(Timestamp), 1(Integer), 0(Integer)
10:47:55,687 [Thread-111] DEBUG org.activiti.engine.impl.persistence.entity.JobEntity.selectNextTimerJobsToExecute  - &lt;==      Total: 0
10:47:55,687 [Thread-111] DEBUG org.activiti.engine.impl.db.DbSqlSession  - flush summary: 0 insert, 0 update, 0 delete.
10:47:55,687 [Thread-111] DEBUG org.activiti.engine.impl.db.DbSqlSession  - now executing flush...
10:47:55,685 [Thread-103] DEBUG org.activiti.engine.impl.persistence.entity.JobEntity.selectAsyncJobsDueToExecute  - ==&gt; Parameters: 2023-03-20 10:48:50.669(Timestamp), 2023-03-20 10:48:50.669(Timestamp), 1(Integer), 0(Integer)
10:47:55,687 [Thread-103] DEBUG org.activiti.engine.impl.persistence.entity.JobEntity.selectAsyncJobsDueToExecute  - &lt;==      Total: 0
10:47:55,687 [Thread-103] DEBUG org.activiti.engine.impl.db.DbSqlSession  - flush summary: 0 insert, 0 update, 0 delete.
10:47:55,687 [Thread-111] DEBUG org.activiti.engine.impl.cfg.standalone.StandaloneMybatisTransactionContext  - firing event committing...
10:47:55,687 [Thread-111] DEBUG org.activiti.engine.impl.cfg.standalone.StandaloneMybatisTransactionContext  - committing the ibatis sql session...
10:47:55,687 [Thread-111] DEBUG org.activiti.engine.impl.cfg.standalone.StandaloneMybatisTransactionContext  - firing event committed...
10:47:55,687 [Thread-111] DEBUG org.apache.ibatis.transaction.jdbc.JdbcTransaction  - Resetting autocommit to true on JDBC Connection [conn69: url=jdbc:h2:mem:activiti-AsyncExecutorTest user=SA]
10:47:55,687 [Thread-111] DEBUG org.apache.ibatis.transaction.jdbc.JdbcTransaction  - Closing JDBC Connection [conn69: url=jdbc:h2:mem:activiti-AsyncExecutorTest user=SA]
10:47:55,687 [Thread-111] DEBUG org.apache.ibatis.datasource.pooled.PooledDataSource  - Returned connection 1863805930 to pool.
10:47:55,687 [Thread-111] DEBUG org.activiti.engine.impl.interceptor.LogInterceptor  - --- AcquireTimerJobsCmd finished --------------------------------------------------------
10:47:55,687 [Thread-111] DEBUG org.activiti.engine.impl.interceptor.LogInterceptor  - 

10:47:55,687 [Thread-111] DEBUG org.activiti.engine.impl.asyncexecutor.AcquireTimerJobsRunnable  - timer job acquisition thread sleeping for 50 millis
10:47:55,686 [Thread-105] DEBUG org.apache.ibatis.datasource.pooled.PooledDataSource  - Checked out connection 996762054 from pool.
10:47:55,687 [Thread-105] DEBUG org.apache.ibatis.transaction.jdbc.JdbcTransaction  - Setting autocommit to false on JDBC Connection [conn65: url=jdbc:h2:mem:activiti-AsyncExecutorTest user=SA]
10:47:55,687 [Thread-105] DEBUG org.activiti.engine.impl.persistence.entity.JobEntity.selectNextTimerJobsToExecute  - ==&gt;  Preparing: select RES.* from ACT_RU_JOB RES LEFT OUTER JOIN ACT_RU_EXECUTION PI ON PI.ID_ = RES.PROCESS_INSTANCE_ID_ where (RES.RETRIES_ &gt; 0) and (RES.DUEDATE_ is null or RES.DUEDATE_ &lt;= ?) and (RES.LOCK_OWNER_ is null or RES.LOCK_EXP_TIME_ &lt;= ?) and TYPE_ = &apos;timer&apos; and ( (RES.EXECUTION_ID_ is null) or (PI.SUSPENSION_STATE_ = 1) ) LIMIT ? OFFSET ? 
10:47:55,687 [Thread-105] DEBUG org.activiti.engine.impl.persistence.entity.JobEntity.selectNextTimerJobsToExecute  - ==&gt; Parameters: 2023-03-20 10:48:50.669(Timestamp), 2023-03-20 10:48:50.669(Timestamp), 1(Integer), 0(Integer)
10:47:55,686 [Thread-106] DEBUG org.activiti.engine.impl.persistence.entity.JobEntity.selectAsyncJobsDueToExecute  - ==&gt; Parameters: 2023-03-20 10:48:50.669(Timestamp), 2023-03-20 10:48:50.669(Timestamp), 1(Integer), 0(Integer)
10:47:55,687 [Thread-106] DEBUG org.activiti.engine.impl.persistence.entity.JobEntity.selectAsyncJobsDueToExecute  - &lt;==      Total: 0
10:47:55,687 [Thread-106] DEBUG org.activiti.engine.impl.db.DbSqlSession  - flush summary: 0 insert, 0 update, 0 delete.
10:47:55,687 [Thread-106] DEBUG org.activiti.engine.impl.db.DbSqlSession  - now executing flush...
10:47:55,687 [Thread-106] DEBUG org.activiti.engine.impl.cfg.standalone.StandaloneMybatisTransactionContext  - firing event committing...
10:47:55,687 [Thread-106] DEBUG org.activiti.engine.impl.cfg.standalone.StandaloneMybatisTransactionContext  - committing the ibatis sql session...
10:47:55,687 [Thread-106] DEBUG org.activiti.engine.impl.cfg.standalone.StandaloneMybatisTransactionContext  - firing event committed...
10:47:55,687 [Thread-106] DEBUG org.apache.ibatis.transaction.jdbc.JdbcTransaction  - Resetting autocommit to true on JDBC Connection [conn63: url=jdbc:h2:mem:activiti-AsyncExecutorTest user=SA]
10:47:55,687 [Thread-106] DEBUG org.apache.ibatis.transaction.jdbc.JdbcTransaction  - Closing JDBC Connection [conn63: url=jdbc:h2:mem:activiti-AsyncExecutorTest user=SA]
10:47:55,687 [Thread-106] DEBUG org.apache.ibatis.datasource.pooled.PooledDataSource  - Returned connection 1970103261 to pool.
10:47:55,687 [Thread-106] DEBUG org.activiti.engine.impl.interceptor.LogInterceptor  - --- AcquireAsyncJobsDueCmd finished --------------------------------------------------------
10:47:55,687 [Thread-106] DEBUG org.activiti.engine.impl.interceptor.LogInterceptor  - 

10:47:55,687 [Thread-106] DEBUG org.activiti.engine.impl.asyncexecutor.AcquireAsyncJobsDueRunnable  - async job acquisition thread sleeping for 50 millis
10:47:55,687 [Thread-105] DEBUG org.activiti.engine.impl.persistence.entity.JobEntity.selectNextTimerJobsToExecute  - &lt;==      Total: 0
10:47:55,687 [Thread-105] DEBUG org.activiti.engine.impl.db.DbSqlSession  - flush summary: 0 insert, 0 update, 0 delete.
10:47:55,687 [Thread-105] DEBUG org.activiti.engine.impl.db.DbSqlSession  - now executing flush...
10:47:55,687 [Thread-105] DEBUG org.activiti.engine.impl.cfg.standalone.StandaloneMybatisTransactionContext  - firing event committing...
10:47:55,687 [Thread-105] DEBUG org.activiti.engine.impl.cfg.standalone.StandaloneMybatisTransactionContext  - committing the ibatis sql session...
10:47:55,687 [Thread-105] DEBUG org.activiti.engine.impl.cfg.standalone.StandaloneMybatisTransactionContext  - firing event committed...
10:47:55,687 [Thread-105] DEBUG org.apache.ibatis.transaction.jdbc.JdbcTransaction  - Resetting autocommit to true on JDBC Connection [conn65: url=jdbc:h2:mem:activiti-AsyncExecutorTest user=SA]
10:47:55,687 [Thread-105] DEBUG org.apache.ibatis.transaction.jdbc.JdbcTransaction  - Closing JDBC Connection [conn65: url=jdbc:h2:mem:activiti-AsyncExecutorTest user=SA]
10:47:55,688 [Thread-105] DEBUG org.apache.ibatis.datasource.pooled.PooledDataSource  - Returned connection 996762054 to pool.
10:47:55,688 [Thread-105] DEBUG org.activiti.engine.impl.interceptor.LogInterceptor  - --- AcquireTimerJobsCmd finished --------------------------------------------------------
10:47:55,688 [Thread-105] DEBUG org.activiti.engine.impl.interceptor.LogInterceptor  - 

10:47:55,688 [Thread-105] DEBUG org.activiti.engine.impl.asyncexecutor.AcquireTimerJobsRunnable  - timer job acquisition thread sleeping for 50 millis
10:47:55,687 [Thread-103] DEBUG org.activiti.engine.impl.db.DbSqlSession  - now executing flush...
10:47:55,688 [Thread-103] DEBUG org.activiti.engine.impl.cfg.standalone.StandaloneMybatisTransactionContext  - firing event committing...
10:47:55,688 [Thread-103] DEBUG org.activiti.engine.impl.cfg.standalone.StandaloneMybatisTransactionContext  - committing the ibatis sql session...
10:47:55,688 [Thread-103] DEBUG org.activiti.engine.impl.cfg.standalone.StandaloneMybatisTransactionContext  - firing event committed...
10:47:55,688 [Thread-103] DEBUG org.apache.ibatis.transaction.jdbc.JdbcTransaction  - Resetting autocommit to true on JDBC Connection [conn61: url=jdbc:h2:mem:activiti-AsyncExecutorTest user=SA]
10:47:55,688 [Thread-103] DEBUG org.apache.ibatis.transaction.jdbc.JdbcTransaction  - Closing JDBC Connection [conn61: url=jdbc:h2:mem:activiti-AsyncExecutorTest user=SA]
10:47:55,688 [Thread-103] DEBUG org.apache.ibatis.datasource.pooled.PooledDataSource  - Returned connection 157985567 to pool.
10:47:55,688 [Thread-103] DEBUG org.activiti.engine.impl.interceptor.LogInterceptor  - --- AcquireAsyncJobsDueCmd finished --------------------------------------------------------
10:47:55,688 [Thread-103] DEBUG org.activiti.engine.impl.interceptor.LogInterceptor  - 

10:47:55,688 [Thread-103] DEBUG org.activiti.engine.impl.asyncexecutor.AcquireAsyncJobsDueRunnable  - async job acquisition thread sleeping for 50 millis
10:47:55,715 [Thread-118] DEBUG org.activiti.engine.impl.asyncexecutor.AcquireAsyncJobsDueRunnable  - async job acquisition thread woke up
10:47:55,715 [Thread-118] DEBUG org.activiti.engine.impl.interceptor.LogInterceptor  - 

10:47:55,715 [Thread-118] DEBUG org.activiti.engine.impl.interceptor.LogInterceptor  - --- starting AcquireAsyncJobsDueCmd --------------------------------------------------------
10:47:55,715 [Thread-118] DEBUG org.apache.ibatis.transaction.jdbc.JdbcTransaction  - Opening JDBC Connection
10:47:55,715 [Thread-118] DEBUG org.apache.ibatis.datasource.pooled.PooledDataSource  - Checked out connection 180014677 from pool.
10:47:55,715 [Thread-118] DEBUG org.apache.ibatis.transaction.jdbc.JdbcTransaction  - Setting autocommit to false on JDBC Connection [conn3: url=jdbc:h2:mem:activiti user=SA]
10:47:55,715 [Thread-118] DEBUG org.activiti.engine.impl.persistence.entity.JobEntity.selectAsyncJobsDueToExecute  - ==&gt;  Preparing: select RES.* from ACT_RU_JOB RES LEFT OUTER JOIN ACT_RU_EXECUTION PI ON PI.ID_ = RES.PROCESS_INSTANCE_ID_ where RES.RETRIES_ &gt; 0 and RES.DUEDATE_ is not null and RES.DUEDATE_ &lt;= ? and (RES.LOCK_EXP_TIME_ is null or RES.LOCK_EXP_TIME_ &lt;= ?) and TYPE_ = &apos;message&apos; and ( (RES.EXECUTION_ID_ is null) or (PI.SUSPENSION_STATE_ = 1) ) LIMIT ? OFFSET ? 
10:47:55,715 [Thread-118] DEBUG org.activiti.engine.impl.persistence.entity.JobEntity.selectAsyncJobsDueToExecute  - ==&gt; Parameters: 2023-03-20 10:48:50.669(Timestamp), 2023-03-20 10:48:50.669(Timestamp), 1(Integer), 0(Integer)
10:47:55,715 [Thread-118] DEBUG org.activiti.engine.impl.persistence.entity.JobEntity.selectAsyncJobsDueToExecute  - &lt;==      Total: 0
10:47:55,715 [Thread-118] DEBUG org.activiti.engine.impl.db.DbSqlSession  - flush summary: 0 insert, 0 update, 0 delete.
10:47:55,715 [Thread-118] DEBUG org.activiti.engine.impl.db.DbSqlSession  - now executing flush...
10:47:55,715 [Thread-118] DEBUG org.activiti.engine.impl.cfg.standalone.StandaloneMybatisTransactionContext  - firing event committing...
10:47:55,715 [Thread-118] DEBUG org.activiti.engine.impl.cfg.standalone.StandaloneMybatisTransactionContext  - committing the ibatis sql session...
10:47:55,715 [Thread-118] DEBUG org.activiti.engine.impl.cfg.standalone.StandaloneMybatisTransactionContext  - firing event committed...
10:47:55,715 [Thread-118] DEBUG org.apache.ibatis.transaction.jdbc.JdbcTransaction  - Resetting autocommit to true on JDBC Connection [conn3: url=jdbc:h2:mem:activiti user=SA]
10:47:55,715 [Thread-118] DEBUG org.apache.ibatis.transaction.jdbc.JdbcTransaction  - Closing JDBC Connection [conn3: url=jdbc:h2:mem:activiti user=SA]
10:47:55,715 [Thread-118] DEBUG org.apache.ibatis.datasource.pooled.PooledDataSource  - Returned connection 180014677 to pool.
10:47:55,715 [Thread-118] DEBUG org.activiti.engine.impl.interceptor.LogInterceptor  - --- AcquireAsyncJobsDueCmd finished --------------------------------------------------------
10:47:55,715 [Thread-118] DEBUG org.activiti.engine.impl.interceptor.LogInterceptor  - 

10:47:55,715 [Thread-118] DEBUG org.activiti.engine.impl.asyncexecutor.AcquireAsyncJobsDueRunnable  - async job acquisition thread sleeping for 1000 millis
10:47:55,730 [Thread-112] DEBUG org.activiti.engine.impl.asyncexecutor.AcquireAsyncJobsDueRunnable  - async job acquisition thread woke up
10:47:55,730 [Thread-117] DEBUG org.activiti.engine.impl.asyncexecutor.AcquireTimerJobsRunnable  - timer job acquisition thread woke up
10:47:55,730 [Thread-117] DEBUG org.activiti.engine.impl.interceptor.LogInterceptor  - 

10:47:55,730 [Thread-112] DEBUG org.activiti.engine.impl.interceptor.LogInterceptor  - 

10:47:55,730 [Thread-112] DEBUG org.activiti.engine.impl.interceptor.LogInterceptor  - --- starting AcquireAsyncJobsDueCmd --------------------------------------------------------
10:47:55,730 [Thread-117] DEBUG org.activiti.engine.impl.interceptor.LogInterceptor  - --- starting AcquireTimerJobsCmd --------------------------------------------------------
10:47:55,730 [Thread-112] DEBUG org.apache.ibatis.transaction.jdbc.JdbcTransaction  - Opening JDBC Connection
10:47:55,730 [Thread-112] DEBUG org.apache.ibatis.datasource.pooled.PooledDataSource  - Checked out connection 604408605 from pool.
10:47:55,730 [Thread-112] DEBUG org.apache.ibatis.transaction.jdbc.JdbcTransaction  - Setting autocommit to false on JDBC Connection [conn70: url=jdbc:h2:mem:activiti-AsyncExecutorTest user=SA]
10:47:55,730 [Thread-117] DEBUG org.apache.ibatis.transaction.jdbc.JdbcTransaction  - Opening JDBC Connection
10:47:55,730 [Thread-117] DEBUG org.apache.ibatis.datasource.pooled.PooledDataSource  - Checked out connection 297240765 from pool.
10:47:55,730 [Thread-112] DEBUG org.activiti.engine.impl.persistence.entity.JobEntity.selectAsyncJobsDueToExecute  - ==&gt;  Preparing: select RES.* from ACT_RU_JOB RES LEFT OUTER JOIN ACT_RU_EXECUTION PI ON PI.ID_ = RES.PROCESS_INSTANCE_ID_ where RES.RETRIES_ &gt; 0 and RES.DUEDATE_ is not null and RES.DUEDATE_ &lt;= ? and (RES.LOCK_EXP_TIME_ is null or RES.LOCK_EXP_TIME_ &lt;= ?) and TYPE_ = &apos;message&apos; and ( (RES.EXECUTION_ID_ is null) or (PI.SUSPENSION_STATE_ = 1) ) LIMIT ? OFFSET ? 
10:47:55,730 [Thread-112] DEBUG org.activiti.engine.impl.persistence.entity.JobEntity.selectAsyncJobsDueToExecute  - ==&gt; Parameters: 2023-03-20 10:48:50.669(Timestamp), 2023-03-20 10:48:50.669(Timestamp), 1(Integer), 0(Integer)
10:47:55,730 [Thread-117] DEBUG org.apache.ibatis.transaction.jdbc.JdbcTransaction  - Setting autocommit to false on JDBC Connection [conn4: url=jdbc:h2:mem:activiti user=SA]
10:47:55,730 [Thread-112] DEBUG org.activiti.engine.impl.persistence.entity.JobEntity.selectAsyncJobsDueToExecute  - &lt;==      Total: 0
10:47:55,730 [Thread-112] DEBUG org.activiti.engine.impl.db.DbSqlSession  - flush summary: 0 insert, 0 update, 0 delete.
10:47:55,730 [Thread-112] DEBUG org.activiti.engine.impl.db.DbSqlSession  - now executing flush...
10:47:55,730 [Thread-112] DEBUG org.activiti.engine.impl.cfg.standalone.StandaloneMybatisTransactionContext  - firing event committing...
10:47:55,731 [Thread-112] DEBUG org.activiti.engine.impl.cfg.standalone.StandaloneMybatisTransactionContext  - committing the ibatis sql session...
10:47:55,731 [Thread-112] DEBUG org.activiti.engine.impl.cfg.standalone.StandaloneMybatisTransactionContext  - firing event committed...
10:47:55,731 [Thread-112] DEBUG org.apache.ibatis.transaction.jdbc.JdbcTransaction  - Resetting autocommit to true on JDBC Connection [conn70: url=jdbc:h2:mem:activiti-AsyncExecutorTest user=SA]
10:47:55,731 [Thread-112] DEBUG org.apache.ibatis.transaction.jdbc.JdbcTransaction  - Closing JDBC Connection [conn70: url=jdbc:h2:mem:activiti-AsyncExecutorTest user=SA]
10:47:55,731 [Thread-112] DEBUG org.apache.ibatis.datasource.pooled.PooledDataSource  - Returned connection 604408605 to pool.
10:47:55,731 [Thread-112] DEBUG org.activiti.engine.impl.interceptor.LogInterceptor  - --- AcquireAsyncJobsDueCmd finished --------------------------------------------------------
10:47:55,731 [Thread-112] DEBUG org.activiti.engine.impl.interceptor.LogInterceptor  - 

10:47:55,730 [Thread-117] DEBUG org.activiti.engine.impl.persistence.entity.JobEntity.selectNextTimerJobsToExecute  - ==&gt;  Preparing: select RES.* from ACT_RU_JOB RES LEFT OUTER JOIN ACT_RU_EXECUTION PI ON PI.ID_ = RES.PROCESS_INSTANCE_ID_ where (RES.RETRIES_ &gt; 0) and (RES.DUEDATE_ is null or RES.DUEDATE_ &lt;= ?) and (RES.LOCK_OWNER_ is null or RES.LOCK_EXP_TIME_ &lt;= ?) and TYPE_ = &apos;timer&apos; and ( (RES.EXECUTION_ID_ is null) or (PI.SUSPENSION_STATE_ = 1) ) LIMIT ? OFFSET ? 
10:47:55,731 [Thread-112] DEBUG org.activiti.engine.impl.asyncexecutor.AcquireAsyncJobsDueRunnable  - async job acquisition thread sleeping for 50 millis
10:47:55,731 [Thread-117] DEBUG org.activiti.engine.impl.persistence.entity.JobEntity.selectNextTimerJobsToExecute  - ==&gt; Parameters: 2023-03-20 10:48:50.669(Timestamp), 2023-03-20 10:48:50.669(Timestamp), 1(Integer), 0(Integer)
10:47:55,731 [Thread-117] DEBUG org.activiti.engine.impl.persistence.entity.JobEntity.selectNextTimerJobsToExecute  - &lt;==      Total: 0
10:47:55,731 [Thread-117] DEBUG org.activiti.engine.impl.db.DbSqlSession  - flush summary: 0 insert, 0 update, 0 delete.
10:47:55,731 [Thread-117] DEBUG org.activiti.engine.impl.db.DbSqlSession  - now executing flush...
10:47:55,731 [Thread-117] DEBUG org.activiti.engine.impl.cfg.standalone.StandaloneMybatisTransactionContext  - firing event committing...
10:47:55,731 [Thread-117] DEBUG org.activiti.engine.impl.cfg.standalone.StandaloneMybatisTransactionContext  - committing the ibatis sql session...
10:47:55,731 [Thread-117] DEBUG org.activiti.engine.impl.cfg.standalone.StandaloneMybatisTransactionContext  - firing event committed...
10:47:55,731 [Thread-117] DEBUG org.apache.ibatis.transaction.jdbc.JdbcTransaction  - Resetting autocommit to true on JDBC Connection [conn4: url=jdbc:h2:mem:activiti user=SA]
10:47:55,731 [Thread-117] DEBUG org.apache.ibatis.transaction.jdbc.JdbcTransaction  - Closing JDBC Connection [conn4: url=jdbc:h2:mem:activiti user=SA]
10:47:55,731 [Thread-117] DEBUG org.apache.ibatis.datasource.pooled.PooledDataSource  - Returned connection 297240765 to pool.
10:47:55,731 [Thread-117] DEBUG org.activiti.engine.impl.interceptor.LogInterceptor  - --- AcquireTimerJobsCmd finished --------------------------------------------------------
10:47:55,731 [Thread-117] DEBUG org.activiti.engine.impl.interceptor.LogInterceptor  - 

10:47:55,731 [Thread-117] DEBUG org.activiti.engine.impl.asyncexecutor.AcquireTimerJobsRunnable  - timer job acquisition thread sleeping for 1000 millis
10:47:55,747 [Thread-105] DEBUG org.activiti.engine.impl.asyncexecutor.AcquireTimerJobsRunnable  - timer job acquisition thread woke up
10:47:55,747 [Thread-105] DEBUG org.activiti.engine.impl.interceptor.LogInterceptor  - 

10:47:55,747 [Thread-105] DEBUG org.activiti.engine.impl.interceptor.LogInterceptor  - --- starting AcquireTimerJobsCmd --------------------------------------------------------
10:47:55,747 [Thread-106] DEBUG org.activiti.engine.impl.asyncexecutor.AcquireAsyncJobsDueRunnable  - async job acquisition thread woke up
10:47:55,747 [Thread-106] DEBUG org.activiti.engine.impl.interceptor.LogInterceptor  - 

10:47:55,747 [Thread-106] DEBUG org.activiti.engine.impl.interceptor.LogInterceptor  - --- starting AcquireAsyncJobsDueCmd --------------------------------------------------------
10:47:55,747 [Thread-106] DEBUG org.apache.ibatis.transaction.jdbc.JdbcTransaction  - Opening JDBC Connection
10:47:55,747 [Thread-106] DEBUG org.apache.ibatis.datasource.pooled.PooledDataSource  - Checked out connection 54468349 from pool.
10:47:55,747 [Thread-102] DEBUG org.activiti.engine.impl.asyncexecutor.AcquireTimerJobsRunnable  - timer job acquisition thread woke up
10:47:55,747 [Thread-102] DEBUG org.activiti.engine.impl.interceptor.LogInterceptor  - 

10:47:55,747 [Thread-102] DEBUG org.activiti.engine.impl.interceptor.LogInterceptor  - --- starting AcquireTimerJobsCmd --------------------------------------------------------
10:47:55,747 [Thread-111] DEBUG org.activiti.engine.impl.asyncexecutor.AcquireTimerJobsRunnable  - timer job acquisition thread woke up
10:47:55,747 [Thread-111] DEBUG org.activiti.engine.impl.interceptor.LogInterceptor  - 

10:47:55,747 [Thread-111] DEBUG org.activiti.engine.impl.interceptor.LogInterceptor  - --- starting AcquireTimerJobsCmd --------------------------------------------------------
10:47:55,747 [Thread-103] DEBUG org.activiti.engine.impl.asyncexecutor.AcquireAsyncJobsDueRunnable  - async job acquisition thread woke up
10:47:55,747 [Thread-103] DEBUG org.activiti.engine.impl.interceptor.LogInterceptor  - 

10:47:55,747 [Thread-103] DEBUG org.activiti.engine.impl.interceptor.LogInterceptor  - --- starting AcquireAsyncJobsDueCmd --------------------------------------------------------
10:47:55,747 [Thread-111] DEBUG org.apache.ibatis.transaction.jdbc.JdbcTransaction  - Opening JDBC Connection
10:47:55,748 [Thread-111] DEBUG org.apache.ibatis.datasource.pooled.PooledDataSource  - Checked out connection 58501658 from pool.
10:47:55,748 [Thread-111] DEBUG org.apache.ibatis.transaction.jdbc.JdbcTransaction  - Setting autocommit to false on JDBC Connection [conn68: url=jdbc:h2:mem:activiti-AsyncExecutorTest user=SA]
10:47:55,747 [Thread-102] DEBUG org.apache.ibatis.transaction.jdbc.JdbcTransaction  - Opening JDBC Connection
10:47:55,748 [Thread-102] DEBUG org.apache.ibatis.datasource.pooled.PooledDataSource  - Checked out connection 720039383 from pool.
10:47:55,748 [Thread-102] DEBUG org.apache.ibatis.transaction.jdbc.JdbcTransaction  - Setting autocommit to false on JDBC Connection [conn59: url=jdbc:h2:mem:activiti-AsyncExecutorTest user=SA]
10:47:55,747 [Thread-106] DEBUG org.apache.ibatis.transaction.jdbc.JdbcTransaction  - Setting autocommit to false on JDBC Connection [conn64: url=jdbc:h2:mem:activiti-AsyncExecutorTest user=SA]
10:47:55,748 [Thread-106] DEBUG org.activiti.engine.impl.persistence.entity.JobEntity.selectAsyncJobsDueToExecute  - ==&gt;  Preparing: select RES.* from ACT_RU_JOB RES LEFT OUTER JOIN ACT_RU_EXECUTION PI ON PI.ID_ = RES.PROCESS_INSTANCE_ID_ where RES.RETRIES_ &gt; 0 and RES.DUEDATE_ is not null and RES.DUEDATE_ &lt;= ? and (RES.LOCK_EXP_TIME_ is null or RES.LOCK_EXP_TIME_ &lt;= ?) and TYPE_ = &apos;message&apos; and ( (RES.EXECUTION_ID_ is null) or (PI.SUSPENSION_STATE_ = 1) ) LIMIT ? OFFSET ? 
10:47:55,747 [Thread-105] DEBUG org.apache.ibatis.transaction.jdbc.JdbcTransaction  - Opening JDBC Connection
10:47:55,748 [Thread-105] DEBUG org.apache.ibatis.datasource.pooled.PooledDataSource  - Checked out connection 1970103261 from pool.
10:47:55,748 [Thread-105] DEBUG org.apache.ibatis.transaction.jdbc.JdbcTransaction  - Setting autocommit to false on JDBC Connection [conn63: url=jdbc:h2:mem:activiti-AsyncExecutorTest user=SA]
10:47:55,748 [Thread-106] DEBUG org.activiti.engine.impl.persistence.entity.JobEntity.selectAsyncJobsDueToExecute  - ==&gt; Parameters: 2023-03-20 10:48:50.669(Timestamp), 2023-03-20 10:48:50.669(Timestamp), 1(Integer), 0(Integer)
10:47:55,748 [Thread-102] DEBUG org.activiti.engine.impl.persistence.entity.JobEntity.selectNextTimerJobsToExecute  - ==&gt;  Preparing: select RES.* from ACT_RU_JOB RES LEFT OUTER JOIN ACT_RU_EXECUTION PI ON PI.ID_ = RES.PROCESS_INSTANCE_ID_ where (RES.RETRIES_ &gt; 0) and (RES.DUEDATE_ is null or RES.DUEDATE_ &lt;= ?) and (RES.LOCK_OWNER_ is null or RES.LOCK_EXP_TIME_ &lt;= ?) and TYPE_ = &apos;timer&apos; and ( (RES.EXECUTION_ID_ is null) or (PI.SUSPENSION_STATE_ = 1) ) LIMIT ? OFFSET ? 
10:47:55,748 [Thread-102] DEBUG org.activiti.engine.impl.persistence.entity.JobEntity.selectNextTimerJobsToExecute  - ==&gt; Parameters: 2023-03-20 10:48:50.669(Timestamp), 2023-03-20 10:48:50.669(Timestamp), 1(Integer), 0(Integer)
10:47:55,748 [Thread-111] DEBUG org.activiti.engine.impl.persistence.entity.JobEntity.selectNextTimerJobsToExecute  - ==&gt;  Preparing: select RES.* from ACT_RU_JOB RES LEFT OUTER JOIN ACT_RU_EXECUTION PI ON PI.ID_ = RES.PROCESS_INSTANCE_ID_ where (RES.RETRIES_ &gt; 0) and (RES.DUEDATE_ is null or RES.DUEDATE_ &lt;= ?) and (RES.LOCK_OWNER_ is null or RES.LOCK_EXP_TIME_ &lt;= ?) and TYPE_ = &apos;timer&apos; and ( (RES.EXECUTION_ID_ is null) or (PI.SUSPENSION_STATE_ = 1) ) LIMIT ? OFFSET ? 
10:47:55,748 [Thread-111] DEBUG org.activiti.engine.impl.persistence.entity.JobEntity.selectNextTimerJobsToExecute  - ==&gt; Parameters: 2023-03-20 10:48:50.669(Timestamp), 2023-03-20 10:48:50.669(Timestamp), 1(Integer), 0(Integer)
10:47:55,748 [Thread-111] DEBUG org.activiti.engine.impl.persistence.entity.JobEntity.selectNextTimerJobsToExecute  - &lt;==      Total: 0
10:47:55,748 [Thread-111] DEBUG org.activiti.engine.impl.db.DbSqlSession  - flush summary: 0 insert, 0 update, 0 delete.
10:47:55,748 [Thread-111] DEBUG org.activiti.engine.impl.db.DbSqlSession  - now executing flush...
10:47:55,748 [Thread-111] DEBUG org.activiti.engine.impl.cfg.standalone.StandaloneMybatisTransactionContext  - firing event committing...
10:47:55,748 [Thread-111] DEBUG org.activiti.engine.impl.cfg.standalone.StandaloneMybatisTransactionContext  - committing the ibatis sql session...
10:47:55,748 [Thread-111] DEBUG org.activiti.engine.impl.cfg.standalone.StandaloneMybatisTransactionContext  - firing event committed...
10:47:55,748 [Thread-111] DEBUG org.apache.ibatis.transaction.jdbc.JdbcTransaction  - Resetting autocommit to true on JDBC Connection [conn68: url=jdbc:h2:mem:activiti-AsyncExecutorTest user=SA]
10:47:55,748 [Thread-111] DEBUG org.apache.ibatis.transaction.jdbc.JdbcTransaction  - Closing JDBC Connection [conn68: url=jdbc:h2:mem:activiti-AsyncExecutorTest user=SA]
10:47:55,749 [Thread-111] DEBUG org.apache.ibatis.datasource.pooled.PooledDataSource  - Returned connection 58501658 to pool.
10:47:55,749 [Thread-111] DEBUG org.activiti.engine.impl.interceptor.LogInterceptor  - --- AcquireTimerJobsCmd finished --------------------------------------------------------
10:47:55,749 [Thread-111] DEBUG org.activiti.engine.impl.interceptor.LogInterceptor  - 

10:47:55,749 [Thread-111] DEBUG org.activiti.engine.impl.asyncexecutor.AcquireTimerJobsRunnable  - timer job acquisition thread sleeping for 50 millis
10:47:55,747 [Thread-103] DEBUG org.apache.ibatis.transaction.jdbc.JdbcTransaction  - Opening JDBC Connection
10:47:55,749 [Thread-103] DEBUG org.apache.ibatis.datasource.pooled.PooledDataSource  - Checked out connection 33534803 from pool.
10:47:55,749 [Thread-103] DEBUG org.apache.ibatis.transaction.jdbc.JdbcTransaction  - Setting autocommit to false on JDBC Connection [conn60: url=jdbc:h2:mem:activiti-AsyncExecutorTest user=SA]
10:47:55,748 [Thread-102] DEBUG org.activiti.engine.impl.persistence.entity.JobEntity.selectNextTimerJobsToExecute  - &lt;==      Total: 0
10:47:55,749 [Thread-102] DEBUG org.activiti.engine.impl.db.DbSqlSession  - flush summary: 0 insert, 0 update, 0 delete.
10:47:55,749 [Thread-102] DEBUG org.activiti.engine.impl.db.DbSqlSession  - now executing flush...
10:47:55,749 [Thread-102] DEBUG org.activiti.engine.impl.cfg.standalone.StandaloneMybatisTransactionContext  - firing event committing...
10:47:55,749 [Thread-102] DEBUG org.activiti.engine.impl.cfg.standalone.StandaloneMybatisTransactionContext  - committing the ibatis sql session...
10:47:55,749 [Thread-102] DEBUG org.activiti.engine.impl.cfg.standalone.StandaloneMybatisTransactionContext  - firing event committed...
10:47:55,749 [Thread-102] DEBUG org.apache.ibatis.transaction.jdbc.JdbcTransaction  - Resetting autocommit to true on JDBC Connection [conn59: url=jdbc:h2:mem:activiti-AsyncExecutorTest user=SA]
10:47:55,749 [Thread-102] DEBUG org.apache.ibatis.transaction.jdbc.JdbcTransaction  - Closing JDBC Connection [conn59: url=jdbc:h2:mem:activiti-AsyncExecutorTest user=SA]
10:47:55,749 [Thread-102] DEBUG org.apache.ibatis.datasource.pooled.PooledDataSource  - Returned connection 720039383 to pool.
10:47:55,749 [Thread-102] DEBUG org.activiti.engine.impl.interceptor.LogInterceptor  - --- AcquireTimerJobsCmd finished --------------------------------------------------------
10:47:55,749 [Thread-102] DEBUG org.activiti.engine.impl.interceptor.LogInterceptor  - 

10:47:55,749 [Thread-102] DEBUG org.activiti.engine.impl.asyncexecutor.AcquireTimerJobsRunnable  - timer job acquisition thread sleeping for 50 millis
10:47:55,748 [Thread-106] DEBUG org.activiti.engine.impl.persistence.entity.JobEntity.selectAsyncJobsDueToExecute  - &lt;==      Total: 0
10:47:55,749 [Thread-106] DEBUG org.activiti.engine.impl.db.DbSqlSession  - flush summary: 0 insert, 0 update, 0 delete.
10:47:55,749 [Thread-106] DEBUG org.activiti.engine.impl.db.DbSqlSession  - now executing flush...
10:47:55,749 [Thread-106] DEBUG org.activiti.engine.impl.cfg.standalone.StandaloneMybatisTransactionContext  - firing event committing...
10:47:55,749 [Thread-106] DEBUG org.activiti.engine.impl.cfg.standalone.StandaloneMybatisTransactionContext  - committing the ibatis sql session...
10:47:55,749 [Thread-106] DEBUG org.activiti.engine.impl.cfg.standalone.StandaloneMybatisTransactionContext  - firing event committed...
10:47:55,749 [Thread-106] DEBUG org.apache.ibatis.transaction.jdbc.JdbcTransaction  - Resetting autocommit to true on JDBC Connection [conn64: url=jdbc:h2:mem:activiti-AsyncExecutorTest user=SA]
10:47:55,749 [Thread-106] DEBUG org.apache.ibatis.transaction.jdbc.JdbcTransaction  - Closing JDBC Connection [conn64: url=jdbc:h2:mem:activiti-AsyncExecutorTest user=SA]
10:47:55,749 [Thread-106] DEBUG org.apache.ibatis.datasource.pooled.PooledDataSource  - Returned connection 54468349 to pool.
10:47:55,749 [Thread-106] DEBUG org.activiti.engine.impl.interceptor.LogInterceptor  - --- AcquireAsyncJobsDueCmd finished --------------------------------------------------------
10:47:55,748 [Thread-105] DEBUG org.activiti.engine.impl.persistence.entity.JobEntity.selectNextTimerJobsToExecute  - ==&gt;  Preparing: select RES.* from ACT_RU_JOB RES LEFT OUTER JOIN ACT_RU_EXECUTION PI ON PI.ID_ = RES.PROCESS_INSTANCE_ID_ where (RES.RETRIES_ &gt; 0) and (RES.DUEDATE_ is null or RES.DUEDATE_ &lt;= ?) and (RES.LOCK_OWNER_ is null or RES.LOCK_EXP_TIME_ &lt;= ?) and TYPE_ = &apos;timer&apos; and ( (RES.EXECUTION_ID_ is null) or (PI.SUSPENSION_STATE_ = 1) ) LIMIT ? OFFSET ? 
10:47:55,749 [Thread-105] DEBUG org.activiti.engine.impl.persistence.entity.JobEntity.selectNextTimerJobsToExecute  - ==&gt; Parameters: 2023-03-20 10:48:50.669(Timestamp), 2023-03-20 10:48:50.669(Timestamp), 1(Integer), 0(Integer)
10:47:55,749 [Thread-106] DEBUG org.activiti.engine.impl.interceptor.LogInterceptor  - 

10:47:55,749 [Thread-106] DEBUG org.activiti.engine.impl.asyncexecutor.AcquireAsyncJobsDueRunnable  - async job acquisition thread sleeping for 50 millis
10:47:55,749 [Thread-103] DEBUG org.activiti.engine.impl.persistence.entity.JobEntity.selectAsyncJobsDueToExecute  - ==&gt;  Preparing: select RES.* from ACT_RU_JOB RES LEFT OUTER JOIN ACT_RU_EXECUTION PI ON PI.ID_ = RES.PROCESS_INSTANCE_ID_ where RES.RETRIES_ &gt; 0 and RES.DUEDATE_ is not null and RES.DUEDATE_ &lt;= ? and (RES.LOCK_EXP_TIME_ is null or RES.LOCK_EXP_TIME_ &lt;= ?) and TYPE_ = &apos;message&apos; and ( (RES.EXECUTION_ID_ is null) or (PI.SUSPENSION_STATE_ = 1) ) LIMIT ? OFFSET ? 
10:47:55,749 [Thread-103] DEBUG org.activiti.engine.impl.persistence.entity.JobEntity.selectAsyncJobsDueToExecute  - ==&gt; Parameters: 2023-03-20 10:48:50.669(Timestamp), 2023-03-20 10:48:50.669(Timestamp), 1(Integer), 0(Integer)
10:47:55,749 [Thread-103] DEBUG org.activiti.engine.impl.persistence.entity.JobEntity.selectAsyncJobsDueToExecute  - &lt;==      Total: 0
10:47:55,749 [Thread-103] DEBUG org.activiti.engine.impl.db.DbSqlSession  - flush summary: 0 insert, 0 update, 0 delete.
10:47:55,750 [Thread-103] DEBUG org.activiti.engine.impl.db.DbSqlSession  - now executing flush...
10:47:55,750 [Thread-103] DEBUG org.activiti.engine.impl.cfg.standalone.StandaloneMybatisTransactionContext  - firing event committing...
10:47:55,750 [Thread-103] DEBUG org.activiti.engine.impl.cfg.standalone.StandaloneMybatisTransactionContext  - committing the ibatis sql session...
10:47:55,750 [Thread-103] DEBUG org.activiti.engine.impl.cfg.standalone.StandaloneMybatisTransactionContext  - firing event committed...
10:47:55,750 [Thread-103] DEBUG org.apache.ibatis.transaction.jdbc.JdbcTransaction  - Resetting autocommit to true on JDBC Connection [conn60: url=jdbc:h2:mem:activiti-AsyncExecutorTest user=SA]
10:47:55,750 [Thread-103] DEBUG org.apache.ibatis.transaction.jdbc.JdbcTransaction  - Closing JDBC Connection [conn60: url=jdbc:h2:mem:activiti-AsyncExecutorTest user=SA]
10:47:55,750 [Thread-103] DEBUG org.apache.ibatis.datasource.pooled.PooledDataSource  - Returned connection 33534803 to pool.
10:47:55,750 [Thread-103] DEBUG org.activiti.engine.impl.interceptor.LogInterceptor  - --- AcquireAsyncJobsDueCmd finished --------------------------------------------------------
10:47:55,750 [Thread-103] DEBUG org.activiti.engine.impl.interceptor.LogInterceptor  - 

10:47:55,750 [Thread-103] DEBUG org.activiti.engine.impl.asyncexecutor.AcquireAsyncJobsDueRunnable  - async job acquisition thread sleeping for 50 millis
10:47:55,749 [Thread-105] DEBUG org.activiti.engine.impl.persistence.entity.JobEntity.selectNextTimerJobsToExecute  - &lt;==      Total: 0
10:47:55,750 [Thread-105] DEBUG org.activiti.engine.impl.db.DbSqlSession  - flush summary: 0 insert, 0 update, 0 delete.
10:47:55,750 [Thread-105] DEBUG org.activiti.engine.impl.db.DbSqlSession  - now executing flush...
10:47:55,750 [Thread-105] DEBUG org.activiti.engine.impl.cfg.standalone.StandaloneMybatisTransactionContext  - firing event committing...
10:47:55,750 [Thread-105] DEBUG org.activiti.engine.impl.cfg.standalone.StandaloneMybatisTransactionContext  - committing the ibatis sql session...
10:47:55,750 [Thread-105] DEBUG org.activiti.engine.impl.cfg.standalone.StandaloneMybatisTransactionContext  - firing event committed...
10:47:55,750 [Thread-105] DEBUG org.apache.ibatis.transaction.jdbc.JdbcTransaction  - Resetting autocommit to true on JDBC Connection [conn63: url=jdbc:h2:mem:activiti-AsyncExecutorTest user=SA]
10:47:55,750 [Thread-105] DEBUG org.apache.ibatis.transaction.jdbc.JdbcTransaction  - Closing JDBC Connection [conn63: url=jdbc:h2:mem:activiti-AsyncExecutorTest user=SA]
10:47:55,750 [Thread-105] DEBUG org.apache.ibatis.datasource.pooled.PooledDataSource  - Returned connection 1970103261 to pool.
10:47:55,750 [Thread-105] DEBUG org.activiti.engine.impl.interceptor.LogInterceptor  - --- AcquireTimerJobsCmd finished --------------------------------------------------------
10:47:55,750 [Thread-105] DEBUG org.activiti.engine.impl.interceptor.LogInterceptor  - 

10:47:55,750 [Thread-105] DEBUG org.activiti.engine.impl.asyncexecutor.AcquireTimerJobsRunnable  - timer job acquisition thread sleeping for 50 millis
10:47:55,793 [Thread-112] DEBUG org.activiti.engine.impl.asyncexecutor.AcquireAsyncJobsDueRunnable  - async job acquisition thread woke up
10:47:55,793 [Thread-112] DEBUG org.activiti.engine.impl.interceptor.LogInterceptor  - 

10:47:55,793 [Thread-112] DEBUG org.activiti.engine.impl.interceptor.LogInterceptor  - --- starting AcquireAsyncJobsDueCmd --------------------------------------------------------
10:47:55,793 [Thread-112] DEBUG org.apache.ibatis.transaction.jdbc.JdbcTransaction  - Opening JDBC Connection
10:47:55,793 [Thread-112] DEBUG org.apache.ibatis.datasource.pooled.PooledDataSource  - Checked out connection 1863805930 from pool.
10:47:55,793 [Thread-112] DEBUG org.apache.ibatis.transaction.jdbc.JdbcTransaction  - Setting autocommit to false on JDBC Connection [conn69: url=jdbc:h2:mem:activiti-AsyncExecutorTest user=SA]
10:47:55,793 [Thread-112] DEBUG org.activiti.engine.impl.persistence.entity.JobEntity.selectAsyncJobsDueToExecute  - ==&gt;  Preparing: select RES.* from ACT_RU_JOB RES LEFT OUTER JOIN ACT_RU_EXECUTION PI ON PI.ID_ = RES.PROCESS_INSTANCE_ID_ where RES.RETRIES_ &gt; 0 and RES.DUEDATE_ is not null and RES.DUEDATE_ &lt;= ? and (RES.LOCK_EXP_TIME_ is null or RES.LOCK_EXP_TIME_ &lt;= ?) and TYPE_ = &apos;message&apos; and ( (RES.EXECUTION_ID_ is null) or (PI.SUSPENSION_STATE_ = 1) ) LIMIT ? OFFSET ? 
10:47:55,793 [Thread-112] DEBUG org.activiti.engine.impl.persistence.entity.JobEntity.selectAsyncJobsDueToExecute  - ==&gt; Parameters: 2023-03-20 10:48:50.669(Timestamp), 2023-03-20 10:48:50.669(Timestamp), 1(Integer), 0(Integer)
10:47:55,793 [Thread-112] DEBUG org.activiti.engine.impl.persistence.entity.JobEntity.selectAsyncJobsDueToExecute  - &lt;==      Total: 0
10:47:55,793 [Thread-112] DEBUG org.activiti.engine.impl.db.DbSqlSession  - flush summary: 0 insert, 0 update, 0 delete.
10:47:55,793 [Thread-112] DEBUG org.activiti.engine.impl.db.DbSqlSession  - now executing flush...
10:47:55,793 [Thread-112] DEBUG org.activiti.engine.impl.cfg.standalone.StandaloneMybatisTransactionContext  - firing event committing...
10:47:55,793 [Thread-112] DEBUG org.activiti.engine.impl.cfg.standalone.StandaloneMybatisTransactionContext  - committing the ibatis sql session...
10:47:55,793 [Thread-112] DEBUG org.activiti.engine.impl.cfg.standalone.StandaloneMybatisTransactionContext  - firing event committed...
10:47:55,793 [Thread-112] DEBUG org.apache.ibatis.transaction.jdbc.JdbcTransaction  - Resetting autocommit to true on JDBC Connection [conn69: url=jdbc:h2:mem:activiti-AsyncExecutorTest user=SA]
10:47:55,793 [Thread-112] DEBUG org.apache.ibatis.transaction.jdbc.JdbcTransaction  - Closing JDBC Connection [conn69: url=jdbc:h2:mem:activiti-AsyncExecutorTest user=SA]
10:47:55,793 [Thread-112] DEBUG org.apache.ibatis.datasource.pooled.PooledDataSource  - Returned connection 1863805930 to pool.
10:47:55,793 [Thread-112] DEBUG org.activiti.engine.impl.interceptor.LogInterceptor  - --- AcquireAsyncJobsDueCmd finished --------------------------------------------------------
10:47:55,793 [Thread-112] DEBUG org.activiti.engine.impl.interceptor.LogInterceptor  - 

10:47:55,793 [Thread-112] DEBUG org.activiti.engine.impl.asyncexecutor.AcquireAsyncJobsDueRunnable  - async job acquisition thread sleeping for 50 millis
10:47:55,809 [Thread-106] DEBUG org.activiti.engine.impl.asyncexecutor.AcquireAsyncJobsDueRunnable  - async job acquisition thread woke up
10:47:55,809 [Thread-106] DEBUG org.activiti.engine.impl.interceptor.LogInterceptor  - 

10:47:55,809 [Thread-106] DEBUG org.activiti.engine.impl.interceptor.LogInterceptor  - --- starting AcquireAsyncJobsDueCmd --------------------------------------------------------
10:47:55,809 [Thread-102] DEBUG org.activiti.engine.impl.asyncexecutor.AcquireTimerJobsRunnable  - timer job acquisition thread woke up
10:47:55,809 [Thread-102] DEBUG org.activiti.engine.impl.interceptor.LogInterceptor  - 

10:47:55,809 [Thread-102] DEBUG org.activiti.engine.impl.interceptor.LogInterceptor  - --- starting AcquireTimerJobsCmd --------------------------------------------------------
10:47:55,809 [Thread-103] DEBUG org.activiti.engine.impl.asyncexecutor.AcquireAsyncJobsDueRunnable  - async job acquisition thread woke up
10:47:55,809 [Thread-103] DEBUG org.activiti.engine.impl.interceptor.LogInterceptor  - 

10:47:55,809 [Thread-103] DEBUG org.activiti.engine.impl.interceptor.LogInterceptor  - --- starting AcquireAsyncJobsDueCmd --------------------------------------------------------
10:47:55,809 [Thread-111] DEBUG org.activiti.engine.impl.asyncexecutor.AcquireTimerJobsRunnable  - timer job acquisition thread woke up
10:47:55,809 [Thread-111] DEBUG org.activiti.engine.impl.interceptor.LogInterceptor  - 

10:47:55,809 [Thread-111] DEBUG org.activiti.engine.impl.interceptor.LogInterceptor  - --- starting AcquireTimerJobsCmd --------------------------------------------------------
10:47:55,809 [Thread-105] DEBUG org.activiti.engine.impl.asyncexecutor.AcquireTimerJobsRunnable  - timer job acquisition thread woke up
10:47:55,809 [Thread-105] DEBUG org.activiti.engine.impl.interceptor.LogInterceptor  - 

10:47:55,809 [Thread-105] DEBUG org.activiti.engine.impl.interceptor.LogInterceptor  - --- starting AcquireTimerJobsCmd --------------------------------------------------------
10:47:55,809 [Thread-111] DEBUG org.apache.ibatis.transaction.jdbc.JdbcTransaction  - Opening JDBC Connection
10:47:55,809 [Thread-111] DEBUG org.apache.ibatis.datasource.pooled.PooledDataSource  - Checked out connection 604408605 from pool.
10:47:55,809 [Thread-111] DEBUG org.apache.ibatis.transaction.jdbc.JdbcTransaction  - Setting autocommit to false on JDBC Connection [conn70: url=jdbc:h2:mem:activiti-AsyncExecutorTest user=SA]
10:47:55,809 [Thread-103] DEBUG org.apache.ibatis.transaction.jdbc.JdbcTransaction  - Opening JDBC Connection
10:47:55,810 [Thread-103] DEBUG org.apache.ibatis.datasource.pooled.PooledDataSource  - Checked out connection 157985567 from pool.
10:47:55,810 [Thread-103] DEBUG org.apache.ibatis.transaction.jdbc.JdbcTransaction  - Setting autocommit to false on JDBC Connection [conn61: url=jdbc:h2:mem:activiti-AsyncExecutorTest user=SA]
10:47:55,810 [Thread-103] DEBUG org.activiti.engine.impl.persistence.entity.JobEntity.selectAsyncJobsDueToExecute  - ==&gt;  Preparing: select RES.* from ACT_RU_JOB RES LEFT OUTER JOIN ACT_RU_EXECUTION PI ON PI.ID_ = RES.PROCESS_INSTANCE_ID_ where RES.RETRIES_ &gt; 0 and RES.DUEDATE_ is not null and RES.DUEDATE_ &lt;= ? and (RES.LOCK_EXP_TIME_ is null or RES.LOCK_EXP_TIME_ &lt;= ?) and TYPE_ = &apos;message&apos; and ( (RES.EXECUTION_ID_ is null) or (PI.SUSPENSION_STATE_ = 1) ) LIMIT ? OFFSET ? 
10:47:55,809 [Thread-102] DEBUG org.apache.ibatis.transaction.jdbc.JdbcTransaction  - Opening JDBC Connection
10:47:55,810 [Thread-102] DEBUG org.apache.ibatis.datasource.pooled.PooledDataSource  - Checked out connection 720039383 from pool.
10:47:55,810 [Thread-102] DEBUG org.apache.ibatis.transaction.jdbc.JdbcTransaction  - Setting autocommit to false on JDBC Connection [conn59: url=jdbc:h2:mem:activiti-AsyncExecutorTest user=SA]
10:47:55,809 [Thread-106] DEBUG org.apache.ibatis.transaction.jdbc.JdbcTransaction  - Opening JDBC Connection
10:47:55,810 [Thread-106] DEBUG org.apache.ibatis.datasource.pooled.PooledDataSource  - Checked out connection 996762054 from pool.
10:47:55,810 [Thread-106] DEBUG org.apache.ibatis.transaction.jdbc.JdbcTransaction  - Setting autocommit to false on JDBC Connection [conn65: url=jdbc:h2:mem:activiti-AsyncExecutorTest user=SA]
10:47:55,810 [Thread-106] DEBUG org.activiti.engine.impl.persistence.entity.JobEntity.selectAsyncJobsDueToExecute  - ==&gt;  Preparing: select RES.* from ACT_RU_JOB RES LEFT OUTER JOIN ACT_RU_EXECUTION PI ON PI.ID_ = RES.PROCESS_INSTANCE_ID_ where RES.RETRIES_ &gt; 0 and RES.DUEDATE_ is not null and RES.DUEDATE_ &lt;= ? and (RES.LOCK_EXP_TIME_ is null or RES.LOCK_EXP_TIME_ &lt;= ?) and TYPE_ = &apos;message&apos; and ( (RES.EXECUTION_ID_ is null) or (PI.SUSPENSION_STATE_ = 1) ) LIMIT ? OFFSET ? 
10:47:55,810 [Thread-102] DEBUG org.activiti.engine.impl.persistence.entity.JobEntity.selectNextTimerJobsToExecute  - ==&gt;  Preparing: select RES.* from ACT_RU_JOB RES LEFT OUTER JOIN ACT_RU_EXECUTION PI ON PI.ID_ = RES.PROCESS_INSTANCE_ID_ where (RES.RETRIES_ &gt; 0) and (RES.DUEDATE_ is null or RES.DUEDATE_ &lt;= ?) and (RES.LOCK_OWNER_ is null or RES.LOCK_EXP_TIME_ &lt;= ?) and TYPE_ = &apos;timer&apos; and ( (RES.EXECUTION_ID_ is null) or (PI.SUSPENSION_STATE_ = 1) ) LIMIT ? OFFSET ? 
10:47:55,810 [Thread-102] DEBUG org.activiti.engine.impl.persistence.entity.JobEntity.selectNextTimerJobsToExecute  - ==&gt; Parameters: 2023-03-20 10:48:50.669(Timestamp), 2023-03-20 10:48:50.669(Timestamp), 1(Integer), 0(Integer)
10:47:55,810 [Thread-102] DEBUG org.activiti.engine.impl.persistence.entity.JobEntity.selectNextTimerJobsToExecute  - &lt;==      Total: 0
10:47:55,810 [Thread-102] DEBUG org.activiti.engine.impl.db.DbSqlSession  - flush summary: 0 insert, 0 update, 0 delete.
10:47:55,810 [Thread-102] DEBUG org.activiti.engine.impl.db.DbSqlSession  - now executing flush...
10:47:55,810 [Thread-102] DEBUG org.activiti.engine.impl.cfg.standalone.StandaloneMybatisTransactionContext  - firing event committing...
10:47:55,810 [Thread-102] DEBUG org.activiti.engine.impl.cfg.standalone.StandaloneMybatisTransactionContext  - committing the ibatis sql session...
10:47:55,810 [Thread-102] DEBUG org.activiti.engine.impl.cfg.standalone.StandaloneMybatisTransactionContext  - firing event committed...
10:47:55,810 [Thread-102] DEBUG org.apache.ibatis.transaction.jdbc.JdbcTransaction  - Resetting autocommit to true on JDBC Connection [conn59: url=jdbc:h2:mem:activiti-AsyncExecutorTest user=SA]
10:47:55,810 [Thread-102] DEBUG org.apache.ibatis.transaction.jdbc.JdbcTransaction  - Closing JDBC Connection [conn59: url=jdbc:h2:mem:activiti-AsyncExecutorTest user=SA]
10:47:55,810 [Thread-102] DEBUG org.apache.ibatis.datasource.pooled.PooledDataSource  - Returned connection 720039383 to pool.
10:47:55,810 [Thread-102] DEBUG org.activiti.engine.impl.interceptor.LogInterceptor  - --- AcquireTimerJobsCmd finished --------------------------------------------------------
10:47:55,810 [Thread-102] DEBUG org.activiti.engine.impl.interceptor.LogInterceptor  - 

10:47:55,810 [Thread-102] DEBUG org.activiti.engine.impl.asyncexecutor.AcquireTimerJobsRunnable  - timer job acquisition thread sleeping for 50 millis
10:47:55,810 [Thread-103] DEBUG org.activiti.engine.impl.persistence.entity.JobEntity.selectAsyncJobsDueToExecute  - ==&gt; Parameters: 2023-03-20 10:48:50.669(Timestamp), 2023-03-20 10:48:50.669(Timestamp), 1(Integer), 0(Integer)
10:47:55,810 [Thread-103] DEBUG org.activiti.engine.impl.persistence.entity.JobEntity.selectAsyncJobsDueToExecute  - &lt;==      Total: 0
10:47:55,810 [Thread-103] DEBUG org.activiti.engine.impl.db.DbSqlSession  - flush summary: 0 insert, 0 update, 0 delete.
10:47:55,810 [Thread-103] DEBUG org.activiti.engine.impl.db.DbSqlSession  - now executing flush...
10:47:55,810 [Thread-103] DEBUG org.activiti.engine.impl.cfg.standalone.StandaloneMybatisTransactionContext  - firing event committing...
10:47:55,810 [Thread-103] DEBUG org.activiti.engine.impl.cfg.standalone.StandaloneMybatisTransactionContext  - committing the ibatis sql session...
10:47:55,810 [Thread-103] DEBUG org.activiti.engine.impl.cfg.standalone.StandaloneMybatisTransactionContext  - firing event committed...
10:47:55,810 [Thread-103] DEBUG org.apache.ibatis.transaction.jdbc.JdbcTransaction  - Resetting autocommit to true on JDBC Connection [conn61: url=jdbc:h2:mem:activiti-AsyncExecutorTest user=SA]
10:47:55,810 [Thread-103] DEBUG org.apache.ibatis.transaction.jdbc.JdbcTransaction  - Closing JDBC Connection [conn61: url=jdbc:h2:mem:activiti-AsyncExecutorTest user=SA]
10:47:55,810 [Thread-103] DEBUG org.apache.ibatis.datasource.pooled.PooledDataSource  - Returned connection 157985567 to pool.
10:47:55,810 [Thread-103] DEBUG org.activiti.engine.impl.interceptor.LogInterceptor  - --- AcquireAsyncJobsDueCmd finished --------------------------------------------------------
10:47:55,810 [Thread-103] DEBUG org.activiti.engine.impl.interceptor.LogInterceptor  - 

10:47:55,810 [Thread-103] DEBUG org.activiti.engine.impl.asyncexecutor.AcquireAsyncJobsDueRunnable  - async job acquisition thread sleeping for 50 millis
10:47:55,810 [Thread-111] DEBUG org.activiti.engine.impl.persistence.entity.JobEntity.selectNextTimerJobsToExecute  - ==&gt;  Preparing: select RES.* from ACT_RU_JOB RES LEFT OUTER JOIN ACT_RU_EXECUTION PI ON PI.ID_ = RES.PROCESS_INSTANCE_ID_ where (RES.RETRIES_ &gt; 0) and (RES.DUEDATE_ is null or RES.DUEDATE_ &lt;= ?) and (RES.LOCK_OWNER_ is null or RES.LOCK_EXP_TIME_ &lt;= ?) and TYPE_ = &apos;timer&apos; and ( (RES.EXECUTION_ID_ is null) or (PI.SUSPENSION_STATE_ = 1) ) LIMIT ? OFFSET ? 
10:47:55,810 [Thread-111] DEBUG org.activiti.engine.impl.persistence.entity.JobEntity.selectNextTimerJobsToExecute  - ==&gt; Parameters: 2023-03-20 10:48:50.669(Timestamp), 2023-03-20 10:48:50.669(Timestamp), 1(Integer), 0(Integer)
10:47:55,809 [Thread-105] DEBUG org.apache.ibatis.transaction.jdbc.JdbcTransaction  - Opening JDBC Connection
10:47:55,810 [Thread-105] DEBUG org.apache.ibatis.datasource.pooled.PooledDataSource  - Checked out connection 54468349 from pool.
10:47:55,810 [Thread-105] DEBUG org.apache.ibatis.transaction.jdbc.JdbcTransaction  - Setting autocommit to false on JDBC Connection [conn64: url=jdbc:h2:mem:activiti-AsyncExecutorTest user=SA]
10:47:55,810 [Thread-105] DEBUG org.activiti.engine.impl.persistence.entity.JobEntity.selectNextTimerJobsToExecute  - ==&gt;  Preparing: select RES.* from ACT_RU_JOB RES LEFT OUTER JOIN ACT_RU_EXECUTION PI ON PI.ID_ = RES.PROCESS_INSTANCE_ID_ where (RES.RETRIES_ &gt; 0) and (RES.DUEDATE_ is null or RES.DUEDATE_ &lt;= ?) and (RES.LOCK_OWNER_ is null or RES.LOCK_EXP_TIME_ &lt;= ?) and TYPE_ = &apos;timer&apos; and ( (RES.EXECUTION_ID_ is null) or (PI.SUSPENSION_STATE_ = 1) ) LIMIT ? OFFSET ? 
10:47:55,810 [Thread-105] DEBUG org.activiti.engine.impl.persistence.entity.JobEntity.selectNextTimerJobsToExecute  - ==&gt; Parameters: 2023-03-20 10:48:50.669(Timestamp), 2023-03-20 10:48:50.669(Timestamp), 1(Integer), 0(Integer)
10:47:55,810 [Thread-105] DEBUG org.activiti.engine.impl.persistence.entity.JobEntity.selectNextTimerJobsToExecute  - &lt;==      Total: 0
10:47:55,810 [Thread-105] DEBUG org.activiti.engine.impl.db.DbSqlSession  - flush summary: 0 insert, 0 update, 0 delete.
10:47:55,810 [Thread-105] DEBUG org.activiti.engine.impl.db.DbSqlSession  - now executing flush...
10:47:55,810 [Thread-105] DEBUG org.activiti.engine.impl.cfg.standalone.StandaloneMybatisTransactionContext  - firing event committing...
10:47:55,810 [Thread-105] DEBUG org.activiti.engine.impl.cfg.standalone.StandaloneMybatisTransactionContext  - committing the ibatis sql session...
10:47:55,810 [Thread-105] DEBUG org.activiti.engine.impl.cfg.standalone.StandaloneMybatisTransactionContext  - firing event committed...
10:47:55,810 [Thread-105] DEBUG org.apache.ibatis.transaction.jdbc.JdbcTransaction  - Resetting autocommit to true on JDBC Connection [conn64: url=jdbc:h2:mem:activiti-AsyncExecutorTest user=SA]
10:47:55,810 [Thread-105] DEBUG org.apache.ibatis.transaction.jdbc.JdbcTransaction  - Closing JDBC Connection [conn64: url=jdbc:h2:mem:activiti-AsyncExecutorTest user=SA]
10:47:55,810 [Thread-105] DEBUG org.apache.ibatis.datasource.pooled.PooledDataSource  - Returned connection 54468349 to pool.
10:47:55,810 [Thread-105] DEBUG org.activiti.engine.impl.interceptor.LogInterceptor  - --- AcquireTimerJobsCmd finished --------------------------------------------------------
10:47:55,810 [Thread-105] DEBUG org.activiti.engine.impl.interceptor.LogInterceptor  - 

10:47:55,810 [Thread-105] DEBUG org.activiti.engine.impl.asyncexecutor.AcquireTimerJobsRunnable  - timer job acquisition thread sleeping for 50 millis
10:47:55,810 [Thread-111] DEBUG org.activiti.engine.impl.persistence.entity.JobEntity.selectNextTimerJobsToExecute  - &lt;==      Total: 0
10:47:55,810 [Thread-111] DEBUG org.activiti.engine.impl.db.DbSqlSession  - flush summary: 0 insert, 0 update, 0 delete.
10:47:55,810 [Thread-111] DEBUG org.activiti.engine.impl.db.DbSqlSession  - now executing flush...
10:47:55,810 [Thread-111] DEBUG org.activiti.engine.impl.cfg.standalone.StandaloneMybatisTransactionContext  - firing event committing...
10:47:55,810 [Thread-111] DEBUG org.activiti.engine.impl.cfg.standalone.StandaloneMybatisTransactionContext  - committing the ibatis sql session...
10:47:55,810 [Thread-111] DEBUG org.activiti.engine.impl.cfg.standalone.StandaloneMybatisTransactionContext  - firing event committed...
10:47:55,810 [Thread-111] DEBUG org.apache.ibatis.transaction.jdbc.JdbcTransaction  - Resetting autocommit to true on JDBC Connection [conn70: url=jdbc:h2:mem:activiti-AsyncExecutorTest user=SA]
10:47:55,810 [Thread-111] DEBUG org.apache.ibatis.transaction.jdbc.JdbcTransaction  - Closing JDBC Connection [conn70: url=jdbc:h2:mem:activiti-AsyncExecutorTest user=SA]
10:47:55,810 [Thread-106] DEBUG org.activiti.engine.impl.persistence.entity.JobEntity.selectAsyncJobsDueToExecute  - ==&gt; Parameters: 2023-03-20 10:48:50.669(Timestamp), 2023-03-20 10:48:50.669(Timestamp), 1(Integer), 0(Integer)
10:47:55,810 [Thread-106] DEBUG org.activiti.engine.impl.persistence.entity.JobEntity.selectAsyncJobsDueToExecute  - &lt;==      Total: 0
10:47:55,810 [Thread-106] DEBUG org.activiti.engine.impl.db.DbSqlSession  - flush summary: 0 insert, 0 update, 0 delete.
10:47:55,810 [Thread-111] DEBUG org.apache.ibatis.datasource.pooled.PooledDataSource  - Returned connection 604408605 to pool.
10:47:55,810 [Thread-111] DEBUG org.activiti.engine.impl.interceptor.LogInterceptor  - --- AcquireTimerJobsCmd finished --------------------------------------------------------
10:47:55,810 [Thread-111] DEBUG org.activiti.engine.impl.interceptor.LogInterceptor  - 

10:47:55,810 [Thread-111] DEBUG org.activiti.engine.impl.asyncexecutor.AcquireTimerJobsRunnable  - timer job acquisition thread sleeping for 50 millis
10:47:55,810 [Thread-106] DEBUG org.activiti.engine.impl.db.DbSqlSession  - now executing flush...
10:47:55,811 [Thread-106] DEBUG org.activiti.engine.impl.cfg.standalone.StandaloneMybatisTransactionContext  - firing event committing...
10:47:55,811 [Thread-106] DEBUG org.activiti.engine.impl.cfg.standalone.StandaloneMybatisTransactionContext  - committing the ibatis sql session...
10:47:55,811 [Thread-106] DEBUG org.activiti.engine.impl.cfg.standalone.StandaloneMybatisTransactionContext  - firing event committed...
10:47:55,811 [Thread-106] DEBUG org.apache.ibatis.transaction.jdbc.JdbcTransaction  - Resetting autocommit to true on JDBC Connection [conn65: url=jdbc:h2:mem:activiti-AsyncExecutorTest user=SA]
10:47:55,811 [Thread-106] DEBUG org.apache.ibatis.transaction.jdbc.JdbcTransaction  - Closing JDBC Connection [conn65: url=jdbc:h2:mem:activiti-AsyncExecutorTest user=SA]
10:47:55,811 [Thread-106] DEBUG org.apache.ibatis.datasource.pooled.PooledDataSource  - Returned connection 996762054 to pool.
10:47:55,811 [Thread-106] DEBUG org.activiti.engine.impl.interceptor.LogInterceptor  - --- AcquireAsyncJobsDueCmd finished --------------------------------------------------------
10:47:55,811 [Thread-106] DEBUG org.activiti.engine.impl.interceptor.LogInterceptor  - 

10:47:55,811 [Thread-106] DEBUG org.activiti.engine.impl.asyncexecutor.AcquireAsyncJobsDueRunnable  - async job acquisition thread sleeping for 50 millis
10:47:55,823 [main] DEBUG org.activiti.engine.impl.interceptor.LogInterceptor  - 

10:47:55,823 [main] DEBUG org.activiti.engine.impl.interceptor.LogInterceptor  - --- starting JobQueryImpl --------------------------------------------------------
10:47:55,823 [main] DEBUG org.apache.ibatis.transaction.jdbc.JdbcTransaction  - Opening JDBC Connection
10:47:55,823 [main] DEBUG org.apache.ibatis.datasource.pooled.PooledDataSource  - Checked out connection 486346394 from pool.
10:47:55,823 [main] DEBUG org.apache.ibatis.transaction.jdbc.JdbcTransaction  - Setting autocommit to false on JDBC Connection [conn6: url=jdbc:h2:mem:activiti user=SA]
10:47:55,823 [main] DEBUG org.activiti.engine.impl.persistence.entity.JobEntity.selectJobByQueryCriteria  - ==&gt;  Preparing: select RES.* from ACT_RU_JOB RES order by order by RES.ID_ asc LIMIT ? OFFSET ? 
10:47:55,823 [main] DEBUG org.activiti.engine.impl.interceptor.CommandContext  - Error while closing command context
org.apache.ibatis.exceptions.PersistenceException: 
### Error querying database.  Cause: org.h2.jdbc.JdbcSQLException: Syntax error in SQL statement &quot;SELECT RES.* 
     
    FROM ACT_RU_JOB RES
     
      
   
     ORDER BY  ORDER[*] BY RES.ID_ ASC  
    LIMIT ? OFFSET ? &quot;; expected &quot;=, NOT, EXISTS, INTERSECTS, SELECT, FROM&quot;; SQL statement:
select RES.* 
     
    from ACT_RU_JOB RES
     
      
   
     order by  order by RES.ID_ asc  
    LIMIT ? OFFSET ? [42001-176]
### The error may exist in org/activiti/db/mapping/entity/Job.xml
### The error may involve org.activiti.engine.impl.persistence.entity.JobEntity.selectJobByQueryCriteria
### The error occurred while executing a query
### SQL: select RES.*            from ACT_RU_JOB RES                       order by  order by RES.ID_ asc       LIMIT ? OFFSET ?
### Cause: org.h2.jdbc.JdbcSQLException: Syntax error in SQL statement &quot;SELECT RES.* 
     
    FROM ACT_RU_JOB RES
     
      
   
     ORDER BY  ORDER[*] BY RES.ID_ ASC  
    LIMIT ? OFFSET ? &quot;; expected &quot;=, NOT, EXISTS, INTERSECTS, SELECT, FROM&quot;; SQL statement:
select RES.* 
     
    from ACT_RU_JOB RES
     
      
   
     order by  order by RES.ID_ asc  
    LIMIT ? OFFSET ? [42001-176]
	at org.apache.ibatis.exceptions.ExceptionFactory.wrapException(ExceptionFactory.java:30)
	at org.apache.ibatis.session.defaults.DefaultSqlSession.selectList(DefaultSqlSession.java:122)
	at org.apache.ibatis.session.defaults.DefaultSqlSession.selectList(DefaultSqlSession.java:113)
	at org.activiti.engine.impl.db.DbSqlSession.selectListWithRawParameter(DbSqlSession.java:438)
	at org.activiti.engine.impl.db.DbSqlSession.selectList(DbSqlSession.java:429)
	at org.activiti.engine.impl.db.DbSqlSession.selectList(DbSqlSession.java:419)
	at org.activiti.engine.impl.persistence.entity.JobEntityManager.findJobsByQueryCriteria(JobEntityManager.java:198)
	at org.activiti.engine.impl.JobQueryImpl.executeList(JobQueryImpl.java:243)
	at org.activiti.engine.impl.AbstractQuery.execute(AbstractQuery.java:164)
	at org.activiti.engine.impl.interceptor.CommandInvoker.execute(CommandInvoker.java:24)
	at org.activiti.engine.impl.interceptor.CommandContextInterceptor.execute(CommandContextInterceptor.java:57)
	at org.activiti.engine.impl.interceptor.LogInterceptor.execute(LogInterceptor.java:37)
	at org.activiti.engine.impl.cfg.CommandExecutorImpl.execute(CommandExecutorImpl.java:40)
	at org.activiti.engine.impl.cfg.CommandExecutorImpl.execute(CommandExecutorImpl.java:35)
	at org.activiti.engine.impl.AbstractQuery.list(AbstractQuery.java:138)
	at org.activiti.engine.impl.test.JobTestHelper.areJobsAvailable(JobTestHelper.java:194)
	at org.activiti.engine.impl.test.JobTestHelper.waitForJobExecutorToProcessAllJobs(JobTestHelper.java:74)
	at org.activiti.engine.impl.test.JobTestHelper.waitForJobExecutorToProcessAllJobs(JobTestHelper.java:47)
	at org.activiti.engine.impl.test.AbstractActivitiTestCase.waitForJobExecutorToProcessAllJobs(AbstractActivitiTestCase.java:204)
	at org.activiti.engine.test.jobexecutor.JobExecutorTest.testBasicJobExecutorOperation(JobExecutorTest.java:53)
	at sun.reflect.NativeMethodAccessorImpl.invoke0(Native Method)
	at sun.reflect.NativeMethodAccessorImpl.invoke(NativeMethodAccessorImpl.java:62)
	at sun.reflect.DelegatingMethodAccessorImpl.invoke(DelegatingMethodAccessorImpl.java:43)
	at java.lang.reflect.Method.invoke(Method.java:498)
	at junit.framework.TestCase.runTest(TestCase.java:176)
	at org.activiti.engine.impl.test.PvmTestCase.runTest(PvmTestCase.java:65)
	at junit.framework.TestCase.runBare(TestCase.java:141)
	at org.activiti.engine.impl.test.AbstractActivitiTestCase.runBare(AbstractActivitiTestCase.java:100)
	at junit.framework.TestResult$1.protect(TestResult.java:122)
	at junit.framework.TestResult.runProtected(TestResult.java:142)
	at junit.framework.TestResult.run(TestResult.java:125)
	at junit.framework.TestCase.run(TestCase.java:129)
	at junit.framework.TestSuite.runTest(TestSuite.java:255)
	at junit.framework.TestSuite.run(TestSuite.java:250)
	at org.junit.internal.runners.JUnit38ClassRunner.run(JUnit38ClassRunner.java:84)
	at org.apache.maven.surefire.junit4.JUnit4TestSet.execute(JUnit4TestSet.java:35)
	at org.apache.maven.surefire.junit4.JUnit4Provider.executeTestSet(JUnit4Provider.java:146)
	at org.apache.maven.surefire.junit4.JUnit4Provider.invoke(JUnit4Provider.java:97)
	at sun.reflect.NativeMethodAccessorImpl.invoke0(Native Method)
	at sun.reflect.NativeMethodAccessorImpl.invoke(NativeMethodAccessorImpl.java:62)
	at sun.reflect.DelegatingMethodAccessorImpl.invoke(DelegatingMethodAccessorImpl.java:43)
	at java.lang.reflect.Method.invoke(Method.java:498)
	at org.apache.maven.surefire.booter.ProviderFactory$ClassLoaderProxy.invoke(ProviderFactory.java:103)
	at com.sun.proxy.$Proxy0.invoke(Unknown Source)
	at org.apache.maven.surefire.booter.SurefireStarter.invokeProvider(SurefireStarter.java:145)
	at org.apache.maven.surefire.booter.SurefireStarter.runSuitesInProcess(SurefireStarter.java:87)
	at org.apache.maven.surefire.booter.ForkedBooter.main(ForkedBooter.java:69)
Caused by: org.h2.jdbc.JdbcSQLException: Syntax error in SQL statement &quot;SELECT RES.* 
     
    FROM ACT_RU_JOB RES
     
      
   
     ORDER BY  ORDER[*] BY RES.ID_ ASC  
    LIMIT ? OFFSET ? &quot;; expected &quot;=, NOT, EXISTS, INTERSECTS, SELECT, FROM&quot;; SQL statement:
select RES.* 
     
    from ACT_RU_JOB RES
     
      
   
     order by  order by RES.ID_ asc  
    LIMIT ? OFFSET ? [42001-176]
	at org.h2.message.DbException.getJdbcSQLException(DbException.java:344)
	at org.h2.message.DbException.getSyntaxError(DbException.java:204)
	at org.h2.command.Parser.getSyntaxError(Parser.java:524)
	at org.h2.command.Parser.readTerm(Parser.java:2688)
	at org.h2.command.Parser.readFactor(Parser.java:2244)
	at org.h2.command.Parser.readSum(Parser.java:2231)
	at org.h2.command.Parser.readConcat(Parser.java:2201)
	at org.h2.command.Parser.readCondition(Parser.java:2051)
	at org.h2.command.Parser.readAnd(Parser.java:2023)
	at org.h2.command.Parser.readExpression(Parser.java:2015)
	at org.h2.command.Parser.parseEndOfQuery(Parser.java:1726)
	at org.h2.command.Parser.parseSelectUnionExtension(Parser.java:1706)
	at org.h2.command.Parser.parseSelectUnion(Parser.java:1675)
	at org.h2.command.Parser.parseSelect(Parser.java:1662)
	at org.h2.command.Parser.parsePrepared(Parser.java:434)
	at org.h2.command.Parser.parse(Parser.java:306)
	at org.h2.command.Parser.parse(Parser.java:282)
	at org.h2.command.Parser.prepareCommand(Parser.java:243)
	at org.h2.engine.Session.prepareLocal(Session.java:442)
	at org.h2.engine.Session.prepareCommand(Session.java:384)
	at org.h2.jdbc.JdbcConnection.prepareCommand(JdbcConnection.java:1188)
	at org.h2.jdbc.JdbcPreparedStatement.&lt;init&gt;(JdbcPreparedStatement.java:73)
	at org.h2.jdbc.JdbcConnection.prepareStatement(JdbcConnection.java:276)
	at sun.reflect.GeneratedMethodAccessor6.invoke(Unknown Source)
	at sun.reflect.DelegatingMethodAccessorImpl.invoke(DelegatingMethodAccessorImpl.java:43)
	at java.lang.reflect.Method.invoke(Method.java:498)
	at org.apache.ibatis.datasource.pooled.PooledConnection.invoke(PooledConnection.java:245)
	at com.sun.proxy.$Proxy12.prepareStatement(Unknown Source)
	at sun.reflect.GeneratedMethodAccessor6.invoke(Unknown Source)
	at sun.reflect.DelegatingMethodAccessorImpl.invoke(DelegatingMethodAccessorImpl.java:43)
	at java.lang.reflect.Method.invoke(Method.java:498)
	at org.apache.ibatis.logging.jdbc.ConnectionLogger.invoke(ConnectionLogger.java:55)
	at com.sun.proxy.$Proxy12.prepareStatement(Unknown Source)
	at org.apache.ibatis.executor.statement.PreparedStatementHandler.instantiateStatement(PreparedStatementHandler.java:79)
	at org.apache.ibatis.executor.statement.BaseStatementHandler.prepare(BaseStatementHandler.java:88)
	at org.apache.ibatis.executor.statement.RoutingStatementHandler.prepare(RoutingStatementHandler.java:58)
	at org.apache.ibatis.executor.SimpleExecutor.prepareStatement(SimpleExecutor.java:76)
	at org.apache.ibatis.executor.SimpleExecutor.doQuery(SimpleExecutor.java:61)
	at org.apache.ibatis.executor.BaseExecutor.queryFromDatabase(BaseExecutor.java:303)
	at org.apache.ibatis.executor.BaseExecutor.query(BaseExecutor.java:154)
	at org.apache.ibatis.executor.CachingExecutor.query(CachingExecutor.java:102)
	at org.apache.ibatis.executor.CachingExecutor.query(CachingExecutor.java:82)
	at org.apache.ibatis.session.defaults.DefaultSqlSession.selectList(DefaultSqlSession.java:120)
	... 45 more
10:47:55,824 [main] DEBUG org.activiti.engine.impl.cfg.standalone.StandaloneMybatisTransactionContext  - firing event rolling back...
10:47:55,824 [main] DEBUG org.activiti.engine.impl.cfg.standalone.StandaloneMybatisTransactionContext  - rolling back ibatis sql session...
10:47:55,824 [main] DEBUG org.activiti.engine.impl.cfg.standalone.StandaloneMybatisTransactionContext  - firing event rolled back...
10:47:55,824 [main] DEBUG org.apache.ibatis.transaction.jdbc.JdbcTransaction  - Resetting autocommit to true on JDBC Connection [conn6: url=jdbc:h2:mem:activiti user=SA]
10:47:55,824 [main] DEBUG org.apache.ibatis.transaction.jdbc.JdbcTransaction  - Closing JDBC Connection [conn6: url=jdbc:h2:mem:activiti user=SA]
10:47:55,824 [main] DEBUG org.apache.ibatis.datasource.pooled.PooledDataSource  - Returned connection 486346394 to pool.
10:47:55,824 [main] DEBUG org.activiti.engine.impl.interceptor.LogInterceptor  - --- JobQueryImpl finished --------------------------------------------------------
10:47:55,824 [main] DEBUG org.activiti.engine.impl.interceptor.LogInterceptor  - 

10:47:55,854 [Thread-112] DEBUG org.activiti.engine.impl.asyncexecutor.AcquireAsyncJobsDueRunnable  - async job acquisition thread woke up
10:47:55,854 [Thread-112] DEBUG org.activiti.engine.impl.interceptor.LogInterceptor  - 

10:47:55,854 [Thread-112] DEBUG org.activiti.engine.impl.interceptor.LogInterceptor  - --- starting AcquireAsyncJobsDueCmd --------------------------------------------------------
10:47:55,854 [Thread-112] DEBUG org.apache.ibatis.transaction.jdbc.JdbcTransaction  - Opening JDBC Connection
10:47:55,854 [Thread-112] DEBUG org.apache.ibatis.datasource.pooled.PooledDataSource  - Checked out connection 58501658 from pool.
10:47:55,854 [Thread-112] DEBUG org.apache.ibatis.transaction.jdbc.JdbcTransaction  - Setting autocommit to false on JDBC Connection [conn68: url=jdbc:h2:mem:activiti-AsyncExecutorTest user=SA]
10:47:55,854 [Thread-112] DEBUG org.activiti.engine.impl.persistence.entity.JobEntity.selectAsyncJobsDueToExecute  - ==&gt;  Preparing: select RES.* from ACT_RU_JOB RES LEFT OUTER JOIN ACT_RU_EXECUTION PI ON PI.ID_ = RES.PROCESS_INSTANCE_ID_ where RES.RETRIES_ &gt; 0 and RES.DUEDATE_ is not null and RES.DUEDATE_ &lt;= ? and (RES.LOCK_EXP_TIME_ is null or RES.LOCK_EXP_TIME_ &lt;= ?) and TYPE_ = &apos;message&apos; and ( (RES.EXECUTION_ID_ is null) or (PI.SUSPENSION_STATE_ = 1) ) LIMIT ? OFFSET ? 
10:47:55,854 [Thread-112] DEBUG org.activiti.engine.impl.persistence.entity.JobEntity.selectAsyncJobsDueToExecute  - ==&gt; Parameters: 2023-03-20 10:48:50.669(Timestamp), 2023-03-20 10:48:50.669(Timestamp), 1(Integer), 0(Integer)
10:47:55,854 [Thread-112] DEBUG org.activiti.engine.impl.persistence.entity.JobEntity.selectAsyncJobsDueToExecute  - &lt;==      Total: 0
10:47:55,854 [Thread-112] DEBUG org.activiti.engine.impl.db.DbSqlSession  - flush summary: 0 insert, 0 update, 0 delete.
10:47:55,854 [Thread-112] DEBUG org.activiti.engine.impl.db.DbSqlSession  - now executing flush...
10:47:55,854 [Thread-112] DEBUG org.activiti.engine.impl.cfg.standalone.StandaloneMybatisTransactionContext  - firing event committing...
10:47:55,854 [Thread-112] DEBUG org.activiti.engine.impl.cfg.standalone.StandaloneMybatisTransactionContext  - committing the ibatis sql session...
10:47:55,854 [Thread-112] DEBUG org.activiti.engine.impl.cfg.standalone.StandaloneMybatisTransactionContext  - firing event committed...
10:47:55,854 [Thread-112] DEBUG org.apache.ibatis.transaction.jdbc.JdbcTransaction  - Resetting autocommit to true on JDBC Connection [conn68: url=jdbc:h2:mem:activiti-AsyncExecutorTest user=SA]
10:47:55,854 [Thread-112] DEBUG org.apache.ibatis.transaction.jdbc.JdbcTransaction  - Closing JDBC Connection [conn68: url=jdbc:h2:mem:activiti-AsyncExecutorTest user=SA]
10:47:55,854 [Thread-112] DEBUG org.apache.ibatis.datasource.pooled.PooledDataSource  - Returned connection 58501658 to pool.
10:47:55,854 [Thread-112] DEBUG org.activiti.engine.impl.interceptor.LogInterceptor  - --- AcquireAsyncJobsDueCmd finished --------------------------------------------------------
10:47:55,854 [Thread-112] DEBUG org.activiti.engine.impl.interceptor.LogInterceptor  - 

10:47:55,854 [Thread-112] DEBUG org.activiti.engine.impl.asyncexecutor.AcquireAsyncJobsDueRunnable  - async job acquisition thread sleeping for 50 millis
10:47:55,870 [Thread-106] DEBUG org.activiti.engine.impl.asyncexecutor.AcquireAsyncJobsDueRunnable  - async job acquisition thread woke up
10:47:55,870 [Thread-106] DEBUG org.activiti.engine.impl.interceptor.LogInterceptor  - 

10:47:55,870 [Thread-106] DEBUG org.activiti.engine.impl.interceptor.LogInterceptor  - --- starting AcquireAsyncJobsDueCmd --------------------------------------------------------
10:47:55,870 [Thread-102] DEBUG org.activiti.engine.impl.asyncexecutor.AcquireTimerJobsRunnable  - timer job acquisition thread woke up
10:47:55,870 [Thread-102] DEBUG org.activiti.engine.impl.interceptor.LogInterceptor  - 

10:47:55,870 [Thread-102] DEBUG org.activiti.engine.impl.interceptor.LogInterceptor  - --- starting AcquireTimerJobsCmd --------------------------------------------------------
10:47:55,870 [Thread-102] DEBUG org.apache.ibatis.transaction.jdbc.JdbcTransaction  - Opening JDBC Connection
10:47:55,870 [Thread-102] DEBUG org.apache.ibatis.datasource.pooled.PooledDataSource  - Checked out connection 33534803 from pool.
10:47:55,870 [Thread-111] DEBUG org.activiti.engine.impl.asyncexecutor.AcquireTimerJobsRunnable  - timer job acquisition thread woke up
10:47:55,870 [Thread-111] DEBUG org.activiti.engine.impl.interceptor.LogInterceptor  - 

10:47:55,870 [Thread-111] DEBUG org.activiti.engine.impl.interceptor.LogInterceptor  - --- starting AcquireTimerJobsCmd --------------------------------------------------------
10:47:55,870 [Thread-111] DEBUG org.apache.ibatis.transaction.jdbc.JdbcTransaction  - Opening JDBC Connection
10:47:55,870 [Thread-111] DEBUG org.apache.ibatis.datasource.pooled.PooledDataSource  - Checked out connection 1863805930 from pool.
10:47:55,870 [Thread-111] DEBUG org.apache.ibatis.transaction.jdbc.JdbcTransaction  - Setting autocommit to false on JDBC Connection [conn69: url=jdbc:h2:mem:activiti-AsyncExecutorTest user=SA]
10:47:55,870 [Thread-111] DEBUG org.activiti.engine.impl.persistence.entity.JobEntity.selectNextTimerJobsToExecute  - ==&gt;  Preparing: select RES.* from ACT_RU_JOB RES LEFT OUTER JOIN ACT_RU_EXECUTION PI ON PI.ID_ = RES.PROCESS_INSTANCE_ID_ where (RES.RETRIES_ &gt; 0) and (RES.DUEDATE_ is null or RES.DUEDATE_ &lt;= ?) and (RES.LOCK_OWNER_ is null or RES.LOCK_EXP_TIME_ &lt;= ?) and TYPE_ = &apos;timer&apos; and ( (RES.EXECUTION_ID_ is null) or (PI.SUSPENSION_STATE_ = 1) ) LIMIT ? OFFSET ? 
10:47:55,870 [Thread-103] DEBUG org.activiti.engine.impl.asyncexecutor.AcquireAsyncJobsDueRunnable  - async job acquisition thread woke up
10:47:55,870 [Thread-103] DEBUG org.activiti.engine.impl.interceptor.LogInterceptor  - 

10:47:55,870 [Thread-103] DEBUG org.activiti.engine.impl.interceptor.LogInterceptor  - --- starting AcquireAsyncJobsDueCmd --------------------------------------------------------
10:47:55,870 [Thread-103] DEBUG org.apache.ibatis.transaction.jdbc.JdbcTransaction  - Opening JDBC Connection
10:47:55,870 [Thread-103] DEBUG org.apache.ibatis.datasource.pooled.PooledDataSource  - Checked out connection 720039383 from pool.
10:47:55,870 [Thread-103] DEBUG org.apache.ibatis.transaction.jdbc.JdbcTransaction  - Setting autocommit to false on JDBC Connection [conn59: url=jdbc:h2:mem:activiti-AsyncExecutorTest user=SA]
10:47:55,871 [Thread-103] DEBUG org.activiti.engine.impl.persistence.entity.JobEntity.selectAsyncJobsDueToExecute  - ==&gt;  Preparing: select RES.* from ACT_RU_JOB RES LEFT OUTER JOIN ACT_RU_EXECUTION PI ON PI.ID_ = RES.PROCESS_INSTANCE_ID_ where RES.RETRIES_ &gt; 0 and RES.DUEDATE_ is not null and RES.DUEDATE_ &lt;= ? and (RES.LOCK_EXP_TIME_ is null or RES.LOCK_EXP_TIME_ &lt;= ?) and TYPE_ = &apos;message&apos; and ( (RES.EXECUTION_ID_ is null) or (PI.SUSPENSION_STATE_ = 1) ) LIMIT ? OFFSET ? 
10:47:55,871 [Thread-103] DEBUG org.activiti.engine.impl.persistence.entity.JobEntity.selectAsyncJobsDueToExecute  - ==&gt; Parameters: 2023-03-20 10:48:50.669(Timestamp), 2023-03-20 10:48:50.669(Timestamp), 1(Integer), 0(Integer)
10:47:55,870 [Thread-105] DEBUG org.activiti.engine.impl.asyncexecutor.AcquireTimerJobsRunnable  - timer job acquisition thread woke up
10:47:55,871 [Thread-105] DEBUG org.activiti.engine.impl.interceptor.LogInterceptor  - 

10:47:55,871 [Thread-105] DEBUG org.activiti.engine.impl.interceptor.LogInterceptor  - --- starting AcquireTimerJobsCmd --------------------------------------------------------
10:47:55,871 [Thread-105] DEBUG org.apache.ibatis.transaction.jdbc.JdbcTransaction  - Opening JDBC Connection
10:47:55,871 [Thread-105] DEBUG org.apache.ibatis.datasource.pooled.PooledDataSource  - Checked out connection 1970103261 from pool.
10:47:55,871 [Thread-105] DEBUG org.apache.ibatis.transaction.jdbc.JdbcTransaction  - Setting autocommit to false on JDBC Connection [conn63: url=jdbc:h2:mem:activiti-AsyncExecutorTest user=SA]
10:47:55,871 [Thread-105] DEBUG org.activiti.engine.impl.persistence.entity.JobEntity.selectNextTimerJobsToExecute  - ==&gt;  Preparing: select RES.* from ACT_RU_JOB RES LEFT OUTER JOIN ACT_RU_EXECUTION PI ON PI.ID_ = RES.PROCESS_INSTANCE_ID_ where (RES.RETRIES_ &gt; 0) and (RES.DUEDATE_ is null or RES.DUEDATE_ &lt;= ?) and (RES.LOCK_OWNER_ is null or RES.LOCK_EXP_TIME_ &lt;= ?) and TYPE_ = &apos;timer&apos; and ( (RES.EXECUTION_ID_ is null) or (PI.SUSPENSION_STATE_ = 1) ) LIMIT ? OFFSET ? 
10:47:55,871 [Thread-103] DEBUG org.activiti.engine.impl.persistence.entity.JobEntity.selectAsyncJobsDueToExecute  - &lt;==      Total: 0
10:47:55,871 [Thread-103] DEBUG org.activiti.engine.impl.db.DbSqlSession  - flush summary: 0 insert, 0 update, 0 delete.
10:47:55,871 [Thread-103] DEBUG org.activiti.engine.impl.db.DbSqlSession  - now executing flush...
10:47:55,871 [Thread-103] DEBUG org.activiti.engine.impl.cfg.standalone.StandaloneMybatisTransactionContext  - firing event committing...
10:47:55,871 [Thread-103] DEBUG org.activiti.engine.impl.cfg.standalone.StandaloneMybatisTransactionContext  - committing the ibatis sql session...
10:47:55,871 [Thread-103] DEBUG org.activiti.engine.impl.cfg.standalone.StandaloneMybatisTransactionContext  - firing event committed...
10:47:55,871 [Thread-103] DEBUG org.apache.ibatis.transaction.jdbc.JdbcTransaction  - Resetting autocommit to true on JDBC Connection [conn59: url=jdbc:h2:mem:activiti-AsyncExecutorTest user=SA]
10:47:55,871 [Thread-103] DEBUG org.apache.ibatis.transaction.jdbc.JdbcTransaction  - Closing JDBC Connection [conn59: url=jdbc:h2:mem:activiti-AsyncExecutorTest user=SA]
10:47:55,871 [Thread-103] DEBUG org.apache.ibatis.datasource.pooled.PooledDataSource  - Returned connection 720039383 to pool.
10:47:55,871 [Thread-103] DEBUG org.activiti.engine.impl.interceptor.LogInterceptor  - --- AcquireAsyncJobsDueCmd finished --------------------------------------------------------
10:47:55,871 [Thread-103] DEBUG org.activiti.engine.impl.interceptor.LogInterceptor  - 

10:47:55,871 [Thread-103] DEBUG org.activiti.engine.impl.asyncexecutor.AcquireAsyncJobsDueRunnable  - async job acquisition thread sleeping for 50 millis
10:47:55,870 [Thread-111] DEBUG org.activiti.engine.impl.persistence.entity.JobEntity.selectNextTimerJobsToExecute  - ==&gt; Parameters: 2023-03-20 10:48:50.669(Timestamp), 2023-03-20 10:48:50.669(Timestamp), 1(Integer), 0(Integer)
10:47:55,871 [Thread-111] DEBUG org.activiti.engine.impl.persistence.entity.JobEntity.selectNextTimerJobsToExecute  - &lt;==      Total: 0
10:47:55,870 [Thread-102] DEBUG org.apache.ibatis.transaction.jdbc.JdbcTransaction  - Setting autocommit to false on JDBC Connection [conn60: url=jdbc:h2:mem:activiti-AsyncExecutorTest user=SA]
10:47:55,871 [Thread-102] DEBUG org.activiti.engine.impl.persistence.entity.JobEntity.selectNextTimerJobsToExecute  - ==&gt;  Preparing: select RES.* from ACT_RU_JOB RES LEFT OUTER JOIN ACT_RU_EXECUTION PI ON PI.ID_ = RES.PROCESS_INSTANCE_ID_ where (RES.RETRIES_ &gt; 0) and (RES.DUEDATE_ is null or RES.DUEDATE_ &lt;= ?) and (RES.LOCK_OWNER_ is null or RES.LOCK_EXP_TIME_ &lt;= ?) and TYPE_ = &apos;timer&apos; and ( (RES.EXECUTION_ID_ is null) or (PI.SUSPENSION_STATE_ = 1) ) LIMIT ? OFFSET ? 
10:47:55,871 [Thread-102] DEBUG org.activiti.engine.impl.persistence.entity.JobEntity.selectNextTimerJobsToExecute  - ==&gt; Parameters: 2023-03-20 10:48:50.669(Timestamp), 2023-03-20 10:48:50.669(Timestamp), 1(Integer), 0(Integer)
10:47:55,871 [Thread-102] DEBUG org.activiti.engine.impl.persistence.entity.JobEntity.selectNextTimerJobsToExecute  - &lt;==      Total: 0
10:47:55,871 [Thread-102] DEBUG org.activiti.engine.impl.db.DbSqlSession  - flush summary: 0 insert, 0 update, 0 delete.
10:47:55,871 [Thread-102] DEBUG org.activiti.engine.impl.db.DbSqlSession  - now executing flush...
10:47:55,871 [Thread-102] DEBUG org.activiti.engine.impl.cfg.standalone.StandaloneMybatisTransactionContext  - firing event committing...
10:47:55,871 [Thread-102] DEBUG org.activiti.engine.impl.cfg.standalone.StandaloneMybatisTransactionContext  - committing the ibatis sql session...
10:47:55,871 [Thread-102] DEBUG org.activiti.engine.impl.cfg.standalone.StandaloneMybatisTransactionContext  - firing event committed...
10:47:55,871 [Thread-102] DEBUG org.apache.ibatis.transaction.jdbc.JdbcTransaction  - Resetting autocommit to true on JDBC Connection [conn60: url=jdbc:h2:mem:activiti-AsyncExecutorTest user=SA]
10:47:55,871 [Thread-102] DEBUG org.apache.ibatis.transaction.jdbc.JdbcTransaction  - Closing JDBC Connection [conn60: url=jdbc:h2:mem:activiti-AsyncExecutorTest user=SA]
10:47:55,871 [Thread-102] DEBUG org.apache.ibatis.datasource.pooled.PooledDataSource  - Returned connection 33534803 to pool.
10:47:55,871 [Thread-102] DEBUG org.activiti.engine.impl.interceptor.LogInterceptor  - --- AcquireTimerJobsCmd finished --------------------------------------------------------
10:47:55,871 [Thread-102] DEBUG org.activiti.engine.impl.interceptor.LogInterceptor  - 

10:47:55,871 [Thread-102] DEBUG org.activiti.engine.impl.asyncexecutor.AcquireTimerJobsRunnable  - timer job acquisition thread sleeping for 50 millis
10:47:55,870 [Thread-106] DEBUG org.apache.ibatis.transaction.jdbc.JdbcTransaction  - Opening JDBC Connection
10:47:55,872 [Thread-106] DEBUG org.apache.ibatis.datasource.pooled.PooledDataSource  - Checked out connection 54468349 from pool.
10:47:55,872 [Thread-106] DEBUG org.apache.ibatis.transaction.jdbc.JdbcTransaction  - Setting autocommit to false on JDBC Connection [conn64: url=jdbc:h2:mem:activiti-AsyncExecutorTest user=SA]
10:47:55,871 [Thread-111] DEBUG org.activiti.engine.impl.db.DbSqlSession  - flush summary: 0 insert, 0 update, 0 delete.
10:47:55,872 [Thread-111] DEBUG org.activiti.engine.impl.db.DbSqlSession  - now executing flush...
10:47:55,872 [Thread-111] DEBUG org.activiti.engine.impl.cfg.standalone.StandaloneMybatisTransactionContext  - firing event committing...
10:47:55,872 [Thread-111] DEBUG org.activiti.engine.impl.cfg.standalone.StandaloneMybatisTransactionContext  - committing the ibatis sql session...
10:47:55,872 [Thread-111] DEBUG org.activiti.engine.impl.cfg.standalone.StandaloneMybatisTransactionContext  - firing event committed...
10:47:55,872 [Thread-111] DEBUG org.apache.ibatis.transaction.jdbc.JdbcTransaction  - Resetting autocommit to true on JDBC Connection [conn69: url=jdbc:h2:mem:activiti-AsyncExecutorTest user=SA]
10:47:55,872 [Thread-111] DEBUG org.apache.ibatis.transaction.jdbc.JdbcTransaction  - Closing JDBC Connection [conn69: url=jdbc:h2:mem:activiti-AsyncExecutorTest user=SA]
10:47:55,872 [Thread-111] DEBUG org.apache.ibatis.datasource.pooled.PooledDataSource  - Returned connection 1863805930 to pool.
10:47:55,872 [Thread-111] DEBUG org.activiti.engine.impl.interceptor.LogInterceptor  - --- AcquireTimerJobsCmd finished --------------------------------------------------------
10:47:55,872 [Thread-111] DEBUG org.activiti.engine.impl.interceptor.LogInterceptor  - 

10:47:55,872 [Thread-111] DEBUG org.activiti.engine.impl.asyncexecutor.AcquireTimerJobsRunnable  - timer job acquisition thread sleeping for 50 millis
10:47:55,871 [Thread-105] DEBUG org.activiti.engine.impl.persistence.entity.JobEntity.selectNextTimerJobsToExecute  - ==&gt; Parameters: 2023-03-20 10:48:50.669(Timestamp), 2023-03-20 10:48:50.669(Timestamp), 1(Integer), 0(Integer)
10:47:55,872 [Thread-105] DEBUG org.activiti.engine.impl.persistence.entity.JobEntity.selectNextTimerJobsToExecute  - &lt;==      Total: 0
10:47:55,872 [Thread-106] DEBUG org.activiti.engine.impl.persistence.entity.JobEntity.selectAsyncJobsDueToExecute  - ==&gt;  Preparing: select RES.* from ACT_RU_JOB RES LEFT OUTER JOIN ACT_RU_EXECUTION PI ON PI.ID_ = RES.PROCESS_INSTANCE_ID_ where RES.RETRIES_ &gt; 0 and RES.DUEDATE_ is not null and RES.DUEDATE_ &lt;= ? and (RES.LOCK_EXP_TIME_ is null or RES.LOCK_EXP_TIME_ &lt;= ?) and TYPE_ = &apos;message&apos; and ( (RES.EXECUTION_ID_ is null) or (PI.SUSPENSION_STATE_ = 1) ) LIMIT ? OFFSET ? 
10:47:55,872 [Thread-106] DEBUG org.activiti.engine.impl.persistence.entity.JobEntity.selectAsyncJobsDueToExecute  - ==&gt; Parameters: 2023-03-20 10:48:50.669(Timestamp), 2023-03-20 10:48:50.669(Timestamp), 1(Integer), 0(Integer)
10:47:55,872 [Thread-106] DEBUG org.activiti.engine.impl.persistence.entity.JobEntity.selectAsyncJobsDueToExecute  - &lt;==      Total: 0
10:47:55,872 [Thread-106] DEBUG org.activiti.engine.impl.db.DbSqlSession  - flush summary: 0 insert, 0 update, 0 delete.
10:47:55,872 [Thread-106] DEBUG org.activiti.engine.impl.db.DbSqlSession  - now executing flush...
10:47:55,872 [Thread-106] DEBUG org.activiti.engine.impl.cfg.standalone.StandaloneMybatisTransactionContext  - firing event committing...
10:47:55,872 [Thread-106] DEBUG org.activiti.engine.impl.cfg.standalone.StandaloneMybatisTransactionContext  - committing the ibatis sql session...
10:47:55,872 [Thread-106] DEBUG org.activiti.engine.impl.cfg.standalone.StandaloneMybatisTransactionContext  - firing event committed...
10:47:55,872 [Thread-106] DEBUG org.apache.ibatis.transaction.jdbc.JdbcTransaction  - Resetting autocommit to true on JDBC Connection [conn64: url=jdbc:h2:mem:activiti-AsyncExecutorTest user=SA]
10:47:55,872 [Thread-106] DEBUG org.apache.ibatis.transaction.jdbc.JdbcTransaction  - Closing JDBC Connection [conn64: url=jdbc:h2:mem:activiti-AsyncExecutorTest user=SA]
10:47:55,872 [Thread-106] DEBUG org.apache.ibatis.datasource.pooled.PooledDataSource  - Returned connection 54468349 to pool.
10:47:55,872 [Thread-106] DEBUG org.activiti.engine.impl.interceptor.LogInterceptor  - --- AcquireAsyncJobsDueCmd finished --------------------------------------------------------
10:47:55,872 [Thread-106] DEBUG org.activiti.engine.impl.interceptor.LogInterceptor  - 

10:47:55,872 [Thread-106] DEBUG org.activiti.engine.impl.asyncexecutor.AcquireAsyncJobsDueRunnable  - async job acquisition thread sleeping for 50 millis
10:47:55,872 [Thread-105] DEBUG org.activiti.engine.impl.db.DbSqlSession  - flush summary: 0 insert, 0 update, 0 delete.
10:47:55,872 [Thread-105] DEBUG org.activiti.engine.impl.db.DbSqlSession  - now executing flush...
10:47:55,872 [Thread-105] DEBUG org.activiti.engine.impl.cfg.standalone.StandaloneMybatisTransactionContext  - firing event committing...
10:47:55,872 [Thread-105] DEBUG org.activiti.engine.impl.cfg.standalone.StandaloneMybatisTransactionContext  - committing the ibatis sql session...
10:47:55,872 [Thread-105] DEBUG org.activiti.engine.impl.cfg.standalone.StandaloneMybatisTransactionContext  - firing event committed...
10:47:55,872 [Thread-105] DEBUG org.apache.ibatis.transaction.jdbc.JdbcTransaction  - Resetting autocommit to true on JDBC Connection [conn63: url=jdbc:h2:mem:activiti-AsyncExecutorTest user=SA]
10:47:55,872 [Thread-105] DEBUG org.apache.ibatis.transaction.jdbc.JdbcTransaction  - Closing JDBC Connection [conn63: url=jdbc:h2:mem:activiti-AsyncExecutorTest user=SA]
10:47:55,872 [Thread-105] DEBUG org.apache.ibatis.datasource.pooled.PooledDataSource  - Returned connection 1970103261 to pool.
10:47:55,872 [Thread-105] DEBUG org.activiti.engine.impl.interceptor.LogInterceptor  - --- AcquireTimerJobsCmd finished --------------------------------------------------------
10:47:55,873 [Thread-105] DEBUG org.activiti.engine.impl.interceptor.LogInterceptor  - 

10:47:55,873 [Thread-105] DEBUG org.activiti.engine.impl.asyncexecutor.AcquireTimerJobsRunnable  - timer job acquisition thread sleeping for 50 millis
10:47:55,916 [Thread-112] DEBUG org.activiti.engine.impl.asyncexecutor.AcquireAsyncJobsDueRunnable  - async job acquisition thread woke up
10:47:55,916 [Thread-112] DEBUG org.activiti.engine.impl.interceptor.LogInterceptor  - 

10:47:55,916 [Thread-112] DEBUG org.activiti.engine.impl.interceptor.LogInterceptor  - --- starting AcquireAsyncJobsDueCmd --------------------------------------------------------
10:47:55,916 [Thread-112] DEBUG org.apache.ibatis.transaction.jdbc.JdbcTransaction  - Opening JDBC Connection
10:47:55,916 [Thread-112] DEBUG org.apache.ibatis.datasource.pooled.PooledDataSource  - Checked out connection 604408605 from pool.
10:47:55,916 [Thread-112] DEBUG org.apache.ibatis.transaction.jdbc.JdbcTransaction  - Setting autocommit to false on JDBC Connection [conn70: url=jdbc:h2:mem:activiti-AsyncExecutorTest user=SA]
10:47:55,916 [Thread-112] DEBUG org.activiti.engine.impl.persistence.entity.JobEntity.selectAsyncJobsDueToExecute  - ==&gt;  Preparing: select RES.* from ACT_RU_JOB RES LEFT OUTER JOIN ACT_RU_EXECUTION PI ON PI.ID_ = RES.PROCESS_INSTANCE_ID_ where RES.RETRIES_ &gt; 0 and RES.DUEDATE_ is not null and RES.DUEDATE_ &lt;= ? and (RES.LOCK_EXP_TIME_ is null or RES.LOCK_EXP_TIME_ &lt;= ?) and TYPE_ = &apos;message&apos; and ( (RES.EXECUTION_ID_ is null) or (PI.SUSPENSION_STATE_ = 1) ) LIMIT ? OFFSET ? 
10:47:55,916 [Thread-112] DEBUG org.activiti.engine.impl.persistence.entity.JobEntity.selectAsyncJobsDueToExecute  - ==&gt; Parameters: 2023-03-20 10:48:50.669(Timestamp), 2023-03-20 10:48:50.669(Timestamp), 1(Integer), 0(Integer)
10:47:55,916 [Thread-112] DEBUG org.activiti.engine.impl.persistence.entity.JobEntity.selectAsyncJobsDueToExecute  - &lt;==      Total: 0
10:47:55,916 [Thread-112] DEBUG org.activiti.engine.impl.db.DbSqlSession  - flush summary: 0 insert, 0 update, 0 delete.
10:47:55,916 [Thread-112] DEBUG org.activiti.engine.impl.db.DbSqlSession  - now executing flush...
10:47:55,916 [Thread-112] DEBUG org.activiti.engine.impl.cfg.standalone.StandaloneMybatisTransactionContext  - firing event committing...
10:47:55,916 [Thread-112] DEBUG org.activiti.engine.impl.cfg.standalone.StandaloneMybatisTransactionContext  - committing the ibatis sql session...
10:47:55,916 [Thread-112] DEBUG org.activiti.engine.impl.cfg.standalone.StandaloneMybatisTransactionContext  - firing event committed...
10:47:55,916 [Thread-112] DEBUG org.apache.ibatis.transaction.jdbc.JdbcTransaction  - Resetting autocommit to true on JDBC Connection [conn70: url=jdbc:h2:mem:activiti-AsyncExecutorTest user=SA]
10:47:55,916 [Thread-112] DEBUG org.apache.ibatis.transaction.jdbc.JdbcTransaction  - Closing JDBC Connection [conn70: url=jdbc:h2:mem:activiti-AsyncExecutorTest user=SA]
10:47:55,916 [Thread-112] DEBUG org.apache.ibatis.datasource.pooled.PooledDataSource  - Returned connection 604408605 to pool.
10:47:55,916 [Thread-112] DEBUG org.activiti.engine.impl.interceptor.LogInterceptor  - --- AcquireAsyncJobsDueCmd finished --------------------------------------------------------
10:47:55,916 [Thread-112] DEBUG org.activiti.engine.impl.interceptor.LogInterceptor  - 

10:47:55,916 [Thread-112] DEBUG org.activiti.engine.impl.asyncexecutor.AcquireAsyncJobsDueRunnable  - async job acquisition thread sleeping for 50 millis
10:47:55,933 [Thread-106] DEBUG org.activiti.engine.impl.asyncexecutor.AcquireAsyncJobsDueRunnable  - async job acquisition thread woke up
10:47:55,933 [Thread-103] DEBUG org.activiti.engine.impl.asyncexecutor.AcquireAsyncJobsDueRunnable  - async job acquisition thread woke up
10:47:55,933 [Thread-111] DEBUG org.activiti.engine.impl.asyncexecutor.AcquireTimerJobsRunnable  - timer job acquisition thread woke up
10:47:55,933 [Thread-102] DEBUG org.activiti.engine.impl.asyncexecutor.AcquireTimerJobsRunnable  - timer job acquisition thread woke up
10:47:55,933 [Thread-111] DEBUG org.activiti.engine.impl.interceptor.LogInterceptor  - 

10:47:55,933 [Thread-111] DEBUG org.activiti.engine.impl.interceptor.LogInterceptor  - --- starting AcquireTimerJobsCmd --------------------------------------------------------
10:47:55,933 [Thread-103] DEBUG org.activiti.engine.impl.interceptor.LogInterceptor  - 

10:47:55,933 [Thread-103] DEBUG org.activiti.engine.impl.interceptor.LogInterceptor  - --- starting AcquireAsyncJobsDueCmd --------------------------------------------------------
10:47:55,933 [Thread-105] DEBUG org.activiti.engine.impl.asyncexecutor.AcquireTimerJobsRunnable  - timer job acquisition thread woke up
10:47:55,933 [Thread-105] DEBUG org.activiti.engine.impl.interceptor.LogInterceptor  - 

10:47:55,933 [Thread-105] DEBUG org.activiti.engine.impl.interceptor.LogInterceptor  - --- starting AcquireTimerJobsCmd --------------------------------------------------------
10:47:55,934 [Thread-105] DEBUG org.apache.ibatis.transaction.jdbc.JdbcTransaction  - Opening JDBC Connection
10:47:55,933 [Thread-106] DEBUG org.activiti.engine.impl.interceptor.LogInterceptor  - 

10:47:55,934 [Thread-106] DEBUG org.activiti.engine.impl.interceptor.LogInterceptor  - --- starting AcquireAsyncJobsDueCmd --------------------------------------------------------
10:47:55,934 [Thread-105] DEBUG org.apache.ibatis.datasource.pooled.PooledDataSource  - Checked out connection 996762054 from pool.
10:47:55,933 [Thread-103] DEBUG org.apache.ibatis.transaction.jdbc.JdbcTransaction  - Opening JDBC Connection
10:47:55,934 [Thread-103] DEBUG org.apache.ibatis.datasource.pooled.PooledDataSource  - Checked out connection 157985567 from pool.
10:47:55,934 [Thread-103] DEBUG org.apache.ibatis.transaction.jdbc.JdbcTransaction  - Setting autocommit to false on JDBC Connection [conn61: url=jdbc:h2:mem:activiti-AsyncExecutorTest user=SA]
10:47:55,933 [Thread-111] DEBUG org.apache.ibatis.transaction.jdbc.JdbcTransaction  - Opening JDBC Connection
10:47:55,934 [Thread-111] DEBUG org.apache.ibatis.datasource.pooled.PooledDataSource  - Checked out connection 58501658 from pool.
10:47:55,934 [Thread-111] DEBUG org.apache.ibatis.transaction.jdbc.JdbcTransaction  - Setting autocommit to false on JDBC Connection [conn68: url=jdbc:h2:mem:activiti-AsyncExecutorTest user=SA]
10:47:55,933 [Thread-102] DEBUG org.activiti.engine.impl.interceptor.LogInterceptor  - 

10:47:55,934 [Thread-102] DEBUG org.activiti.engine.impl.interceptor.LogInterceptor  - --- starting AcquireTimerJobsCmd --------------------------------------------------------
10:47:55,934 [Thread-102] DEBUG org.apache.ibatis.transaction.jdbc.JdbcTransaction  - Opening JDBC Connection
10:47:55,934 [Thread-102] DEBUG org.apache.ibatis.datasource.pooled.PooledDataSource  - Checked out connection 720039383 from pool.
10:47:55,934 [Thread-102] DEBUG org.apache.ibatis.transaction.jdbc.JdbcTransaction  - Setting autocommit to false on JDBC Connection [conn59: url=jdbc:h2:mem:activiti-AsyncExecutorTest user=SA]
10:47:55,934 [Thread-102] DEBUG org.activiti.engine.impl.persistence.entity.JobEntity.selectNextTimerJobsToExecute  - ==&gt;  Preparing: select RES.* from ACT_RU_JOB RES LEFT OUTER JOIN ACT_RU_EXECUTION PI ON PI.ID_ = RES.PROCESS_INSTANCE_ID_ where (RES.RETRIES_ &gt; 0) and (RES.DUEDATE_ is null or RES.DUEDATE_ &lt;= ?) and (RES.LOCK_OWNER_ is null or RES.LOCK_EXP_TIME_ &lt;= ?) and TYPE_ = &apos;timer&apos; and ( (RES.EXECUTION_ID_ is null) or (PI.SUSPENSION_STATE_ = 1) ) LIMIT ? OFFSET ? 
10:47:55,934 [Thread-111] DEBUG org.activiti.engine.impl.persistence.entity.JobEntity.selectNextTimerJobsToExecute  - ==&gt;  Preparing: select RES.* from ACT_RU_JOB RES LEFT OUTER JOIN ACT_RU_EXECUTION PI ON PI.ID_ = RES.PROCESS_INSTANCE_ID_ where (RES.RETRIES_ &gt; 0) and (RES.DUEDATE_ is null or RES.DUEDATE_ &lt;= ?) and (RES.LOCK_OWNER_ is null or RES.LOCK_EXP_TIME_ &lt;= ?) and TYPE_ = &apos;timer&apos; and ( (RES.EXECUTION_ID_ is null) or (PI.SUSPENSION_STATE_ = 1) ) LIMIT ? OFFSET ? 
10:47:55,934 [Thread-111] DEBUG org.activiti.engine.impl.persistence.entity.JobEntity.selectNextTimerJobsToExecute  - ==&gt; Parameters: 2023-03-20 10:48:50.669(Timestamp), 2023-03-20 10:48:50.669(Timestamp), 1(Integer), 0(Integer)
10:47:55,934 [Thread-103] DEBUG org.activiti.engine.impl.persistence.entity.JobEntity.selectAsyncJobsDueToExecute  - ==&gt;  Preparing: select RES.* from ACT_RU_JOB RES LEFT OUTER JOIN ACT_RU_EXECUTION PI ON PI.ID_ = RES.PROCESS_INSTANCE_ID_ where RES.RETRIES_ &gt; 0 and RES.DUEDATE_ is not null and RES.DUEDATE_ &lt;= ? and (RES.LOCK_EXP_TIME_ is null or RES.LOCK_EXP_TIME_ &lt;= ?) and TYPE_ = &apos;message&apos; and ( (RES.EXECUTION_ID_ is null) or (PI.SUSPENSION_STATE_ = 1) ) LIMIT ? OFFSET ? 
10:47:55,934 [Thread-105] DEBUG org.apache.ibatis.transaction.jdbc.JdbcTransaction  - Setting autocommit to false on JDBC Connection [conn65: url=jdbc:h2:mem:activiti-AsyncExecutorTest user=SA]
10:47:55,934 [Thread-106] DEBUG org.apache.ibatis.transaction.jdbc.JdbcTransaction  - Opening JDBC Connection
10:47:55,935 [Thread-106] DEBUG org.apache.ibatis.datasource.pooled.PooledDataSource  - Checked out connection 54468349 from pool.
10:47:55,935 [Thread-106] DEBUG org.apache.ibatis.transaction.jdbc.JdbcTransaction  - Setting autocommit to false on JDBC Connection [conn64: url=jdbc:h2:mem:activiti-AsyncExecutorTest user=SA]
10:47:55,934 [Thread-105] DEBUG org.activiti.engine.impl.persistence.entity.JobEntity.selectNextTimerJobsToExecute  - ==&gt;  Preparing: select RES.* from ACT_RU_JOB RES LEFT OUTER JOIN ACT_RU_EXECUTION PI ON PI.ID_ = RES.PROCESS_INSTANCE_ID_ where (RES.RETRIES_ &gt; 0) and (RES.DUEDATE_ is null or RES.DUEDATE_ &lt;= ?) and (RES.LOCK_OWNER_ is null or RES.LOCK_EXP_TIME_ &lt;= ?) and TYPE_ = &apos;timer&apos; and ( (RES.EXECUTION_ID_ is null) or (PI.SUSPENSION_STATE_ = 1) ) LIMIT ? OFFSET ? 
10:47:55,935 [Thread-105] DEBUG org.activiti.engine.impl.persistence.entity.JobEntity.selectNextTimerJobsToExecute  - ==&gt; Parameters: 2023-03-20 10:48:50.669(Timestamp), 2023-03-20 10:48:50.669(Timestamp), 1(Integer), 0(Integer)
10:47:55,934 [Thread-103] DEBUG org.activiti.engine.impl.persistence.entity.JobEntity.selectAsyncJobsDueToExecute  - ==&gt; Parameters: 2023-03-20 10:48:50.669(Timestamp), 2023-03-20 10:48:50.669(Timestamp), 1(Integer), 0(Integer)
10:47:55,934 [Thread-111] DEBUG org.activiti.engine.impl.persistence.entity.JobEntity.selectNextTimerJobsToExecute  - &lt;==      Total: 0
10:47:55,934 [Thread-102] DEBUG org.activiti.engine.impl.persistence.entity.JobEntity.selectNextTimerJobsToExecute  - ==&gt; Parameters: 2023-03-20 10:48:50.669(Timestamp), 2023-03-20 10:48:50.669(Timestamp), 1(Integer), 0(Integer)
10:47:55,935 [Thread-111] DEBUG org.activiti.engine.impl.db.DbSqlSession  - flush summary: 0 insert, 0 update, 0 delete.
10:47:55,935 [Thread-111] DEBUG org.activiti.engine.impl.db.DbSqlSession  - now executing flush...
10:47:55,935 [Thread-111] DEBUG org.activiti.engine.impl.cfg.standalone.StandaloneMybatisTransactionContext  - firing event committing...
10:47:55,935 [Thread-111] DEBUG org.activiti.engine.impl.cfg.standalone.StandaloneMybatisTransactionContext  - committing the ibatis sql session...
10:47:55,935 [Thread-111] DEBUG org.activiti.engine.impl.cfg.standalone.StandaloneMybatisTransactionContext  - firing event committed...
10:47:55,935 [Thread-111] DEBUG org.apache.ibatis.transaction.jdbc.JdbcTransaction  - Resetting autocommit to true on JDBC Connection [conn68: url=jdbc:h2:mem:activiti-AsyncExecutorTest user=SA]
10:47:55,935 [Thread-111] DEBUG org.apache.ibatis.transaction.jdbc.JdbcTransaction  - Closing JDBC Connection [conn68: url=jdbc:h2:mem:activiti-AsyncExecutorTest user=SA]
10:47:55,935 [Thread-111] DEBUG org.apache.ibatis.datasource.pooled.PooledDataSource  - Returned connection 58501658 to pool.
10:47:55,935 [Thread-111] DEBUG org.activiti.engine.impl.interceptor.LogInterceptor  - --- AcquireTimerJobsCmd finished --------------------------------------------------------
10:47:55,935 [Thread-111] DEBUG org.activiti.engine.impl.interceptor.LogInterceptor  - 

10:47:55,935 [Thread-103] DEBUG org.activiti.engine.impl.persistence.entity.JobEntity.selectAsyncJobsDueToExecute  - &lt;==      Total: 0
10:47:55,935 [Thread-103] DEBUG org.activiti.engine.impl.db.DbSqlSession  - flush summary: 0 insert, 0 update, 0 delete.
10:47:55,935 [Thread-103] DEBUG org.activiti.engine.impl.db.DbSqlSession  - now executing flush...
10:47:55,935 [Thread-103] DEBUG org.activiti.engine.impl.cfg.standalone.StandaloneMybatisTransactionContext  - firing event committing...
10:47:55,935 [Thread-103] DEBUG org.activiti.engine.impl.cfg.standalone.StandaloneMybatisTransactionContext  - committing the ibatis sql session...
10:47:55,935 [Thread-103] DEBUG org.activiti.engine.impl.cfg.standalone.StandaloneMybatisTransactionContext  - firing event committed...
10:47:55,935 [Thread-103] DEBUG org.apache.ibatis.transaction.jdbc.JdbcTransaction  - Resetting autocommit to true on JDBC Connection [conn61: url=jdbc:h2:mem:activiti-AsyncExecutorTest user=SA]
10:47:55,935 [Thread-103] DEBUG org.apache.ibatis.transaction.jdbc.JdbcTransaction  - Closing JDBC Connection [conn61: url=jdbc:h2:mem:activiti-AsyncExecutorTest user=SA]
10:47:55,935 [Thread-105] DEBUG org.activiti.engine.impl.persistence.entity.JobEntity.selectNextTimerJobsToExecute  - &lt;==      Total: 0
10:47:55,935 [Thread-105] DEBUG org.activiti.engine.impl.db.DbSqlSession  - flush summary: 0 insert, 0 update, 0 delete.
10:47:55,935 [Thread-105] DEBUG org.activiti.engine.impl.db.DbSqlSession  - now executing flush...
10:47:55,935 [Thread-105] DEBUG org.activiti.engine.impl.cfg.standalone.StandaloneMybatisTransactionContext  - firing event committing...
10:47:55,935 [Thread-105] DEBUG org.activiti.engine.impl.cfg.standalone.StandaloneMybatisTransactionContext  - committing the ibatis sql session...
10:47:55,935 [Thread-105] DEBUG org.activiti.engine.impl.cfg.standalone.StandaloneMybatisTransactionContext  - firing event committed...
10:47:55,935 [Thread-105] DEBUG org.apache.ibatis.transaction.jdbc.JdbcTransaction  - Resetting autocommit to true on JDBC Connection [conn65: url=jdbc:h2:mem:activiti-AsyncExecutorTest user=SA]
10:47:55,935 [Thread-105] DEBUG org.apache.ibatis.transaction.jdbc.JdbcTransaction  - Closing JDBC Connection [conn65: url=jdbc:h2:mem:activiti-AsyncExecutorTest user=SA]
10:47:55,935 [Thread-105] DEBUG org.apache.ibatis.datasource.pooled.PooledDataSource  - Returned connection 996762054 to pool.
10:47:55,935 [Thread-105] DEBUG org.activiti.engine.impl.interceptor.LogInterceptor  - --- AcquireTimerJobsCmd finished --------------------------------------------------------
10:47:55,936 [Thread-105] DEBUG org.activiti.engine.impl.interceptor.LogInterceptor  - 

10:47:55,935 [Thread-106] DEBUG org.activiti.engine.impl.persistence.entity.JobEntity.selectAsyncJobsDueToExecute  - ==&gt;  Preparing: select RES.* from ACT_RU_JOB RES LEFT OUTER JOIN ACT_RU_EXECUTION PI ON PI.ID_ = RES.PROCESS_INSTANCE_ID_ where RES.RETRIES_ &gt; 0 and RES.DUEDATE_ is not null and RES.DUEDATE_ &lt;= ? and (RES.LOCK_EXP_TIME_ is null or RES.LOCK_EXP_TIME_ &lt;= ?) and TYPE_ = &apos;message&apos; and ( (RES.EXECUTION_ID_ is null) or (PI.SUSPENSION_STATE_ = 1) ) LIMIT ? OFFSET ? 
10:47:55,936 [Thread-105] DEBUG org.activiti.engine.impl.asyncexecutor.AcquireTimerJobsRunnable  - timer job acquisition thread sleeping for 50 millis
10:47:55,935 [Thread-103] DEBUG org.apache.ibatis.datasource.pooled.PooledDataSource  - Returned connection 157985567 to pool.
10:47:55,936 [Thread-103] DEBUG org.activiti.engine.impl.interceptor.LogInterceptor  - --- AcquireAsyncJobsDueCmd finished --------------------------------------------------------
10:47:55,936 [Thread-103] DEBUG org.activiti.engine.impl.interceptor.LogInterceptor  - 

10:47:55,935 [Thread-111] DEBUG org.activiti.engine.impl.asyncexecutor.AcquireTimerJobsRunnable  - timer job acquisition thread sleeping for 50 millis
10:47:55,935 [Thread-102] DEBUG org.activiti.engine.impl.persistence.entity.JobEntity.selectNextTimerJobsToExecute  - &lt;==      Total: 0
10:47:55,936 [Thread-102] DEBUG org.activiti.engine.impl.db.DbSqlSession  - flush summary: 0 insert, 0 update, 0 delete.
10:47:55,936 [Thread-102] DEBUG org.activiti.engine.impl.db.DbSqlSession  - now executing flush...
10:47:55,936 [Thread-102] DEBUG org.activiti.engine.impl.cfg.standalone.StandaloneMybatisTransactionContext  - firing event committing...
10:47:55,936 [Thread-102] DEBUG org.activiti.engine.impl.cfg.standalone.StandaloneMybatisTransactionContext  - committing the ibatis sql session...
10:47:55,936 [Thread-102] DEBUG org.activiti.engine.impl.cfg.standalone.StandaloneMybatisTransactionContext  - firing event committed...
10:47:55,936 [Thread-102] DEBUG org.apache.ibatis.transaction.jdbc.JdbcTransaction  - Resetting autocommit to true on JDBC Connection [conn59: url=jdbc:h2:mem:activiti-AsyncExecutorTest user=SA]
10:47:55,936 [Thread-102] DEBUG org.apache.ibatis.transaction.jdbc.JdbcTransaction  - Closing JDBC Connection [conn59: url=jdbc:h2:mem:activiti-AsyncExecutorTest user=SA]
10:47:55,936 [Thread-103] DEBUG org.activiti.engine.impl.asyncexecutor.AcquireAsyncJobsDueRunnable  - async job acquisition thread sleeping for 50 millis
10:47:55,936 [Thread-106] DEBUG org.activiti.engine.impl.persistence.entity.JobEntity.selectAsyncJobsDueToExecute  - ==&gt; Parameters: 2023-03-20 10:48:50.669(Timestamp), 2023-03-20 10:48:50.669(Timestamp), 1(Integer), 0(Integer)
10:47:55,936 [Thread-102] DEBUG org.apache.ibatis.datasource.pooled.PooledDataSource  - Returned connection 720039383 to pool.
10:47:55,936 [Thread-102] DEBUG org.activiti.engine.impl.interceptor.LogInterceptor  - --- AcquireTimerJobsCmd finished --------------------------------------------------------
10:47:55,936 [Thread-102] DEBUG org.activiti.engine.impl.interceptor.LogInterceptor  - 

10:47:55,936 [Thread-102] DEBUG org.activiti.engine.impl.asyncexecutor.AcquireTimerJobsRunnable  - timer job acquisition thread sleeping for 50 millis
10:47:55,936 [Thread-106] DEBUG org.activiti.engine.impl.persistence.entity.JobEntity.selectAsyncJobsDueToExecute  - &lt;==      Total: 0
10:47:55,936 [Thread-106] DEBUG org.activiti.engine.impl.db.DbSqlSession  - flush summary: 0 insert, 0 update, 0 delete.
10:47:55,936 [Thread-106] DEBUG org.activiti.engine.impl.db.DbSqlSession  - now executing flush...
10:47:55,936 [Thread-106] DEBUG org.activiti.engine.impl.cfg.standalone.StandaloneMybatisTransactionContext  - firing event committing...
10:47:55,937 [Thread-106] DEBUG org.activiti.engine.impl.cfg.standalone.StandaloneMybatisTransactionContext  - committing the ibatis sql session...
10:47:55,937 [Thread-106] DEBUG org.activiti.engine.impl.cfg.standalone.StandaloneMybatisTransactionContext  - firing event committed...
10:47:55,937 [Thread-106] DEBUG org.apache.ibatis.transaction.jdbc.JdbcTransaction  - Resetting autocommit to true on JDBC Connection [conn64: url=jdbc:h2:mem:activiti-AsyncExecutorTest user=SA]
10:47:55,937 [Thread-106] DEBUG org.apache.ibatis.transaction.jdbc.JdbcTransaction  - Closing JDBC Connection [conn64: url=jdbc:h2:mem:activiti-AsyncExecutorTest user=SA]
10:47:55,937 [Thread-106] DEBUG org.apache.ibatis.datasource.pooled.PooledDataSource  - Returned connection 54468349 to pool.
10:47:55,937 [Thread-106] DEBUG org.activiti.engine.impl.interceptor.LogInterceptor  - --- AcquireAsyncJobsDueCmd finished --------------------------------------------------------
10:47:55,937 [Thread-106] DEBUG org.activiti.engine.impl.interceptor.LogInterceptor  - 

10:47:55,937 [Thread-106] DEBUG org.activiti.engine.impl.asyncexecutor.AcquireAsyncJobsDueRunnable  - async job acquisition thread sleeping for 50 millis
10:47:55,978 [Thread-112] DEBUG org.activiti.engine.impl.asyncexecutor.AcquireAsyncJobsDueRunnable  - async job acquisition thread woke up
10:47:55,978 [Thread-112] DEBUG org.activiti.engine.impl.interceptor.LogInterceptor  - 

10:47:55,978 [Thread-112] DEBUG org.activiti.engine.impl.interceptor.LogInterceptor  - --- starting AcquireAsyncJobsDueCmd --------------------------------------------------------
10:47:55,978 [Thread-112] DEBUG org.apache.ibatis.transaction.jdbc.JdbcTransaction  - Opening JDBC Connection
10:47:55,978 [Thread-112] DEBUG org.apache.ibatis.datasource.pooled.PooledDataSource  - Checked out connection 1863805930 from pool.
10:47:55,978 [Thread-112] DEBUG org.apache.ibatis.transaction.jdbc.JdbcTransaction  - Setting autocommit to false on JDBC Connection [conn69: url=jdbc:h2:mem:activiti-AsyncExecutorTest user=SA]
10:47:55,978 [Thread-112] DEBUG org.activiti.engine.impl.persistence.entity.JobEntity.selectAsyncJobsDueToExecute  - ==&gt;  Preparing: select RES.* from ACT_RU_JOB RES LEFT OUTER JOIN ACT_RU_EXECUTION PI ON PI.ID_ = RES.PROCESS_INSTANCE_ID_ where RES.RETRIES_ &gt; 0 and RES.DUEDATE_ is not null and RES.DUEDATE_ &lt;= ? and (RES.LOCK_EXP_TIME_ is null or RES.LOCK_EXP_TIME_ &lt;= ?) and TYPE_ = &apos;message&apos; and ( (RES.EXECUTION_ID_ is null) or (PI.SUSPENSION_STATE_ = 1) ) LIMIT ? OFFSET ? 
10:47:55,978 [Thread-112] DEBUG org.activiti.engine.impl.persistence.entity.JobEntity.selectAsyncJobsDueToExecute  - ==&gt; Parameters: 2023-03-20 10:48:50.669(Timestamp), 2023-03-20 10:48:50.669(Timestamp), 1(Integer), 0(Integer)
10:47:55,978 [Thread-112] DEBUG org.activiti.engine.impl.persistence.entity.JobEntity.selectAsyncJobsDueToExecute  - &lt;==      Total: 0
10:47:55,978 [Thread-112] DEBUG org.activiti.engine.impl.db.DbSqlSession  - flush summary: 0 insert, 0 update, 0 delete.
10:47:55,978 [Thread-112] DEBUG org.activiti.engine.impl.db.DbSqlSession  - now executing flush...
10:47:55,978 [Thread-112] DEBUG org.activiti.engine.impl.cfg.standalone.StandaloneMybatisTransactionContext  - firing event committing...
10:47:55,978 [Thread-112] DEBUG org.activiti.engine.impl.cfg.standalone.StandaloneMybatisTransactionContext  - committing the ibatis sql session...
10:47:55,978 [Thread-112] DEBUG org.activiti.engine.impl.cfg.standalone.StandaloneMybatisTransactionContext  - firing event committed...
10:47:55,978 [Thread-112] DEBUG org.apache.ibatis.transaction.jdbc.JdbcTransaction  - Resetting autocommit to true on JDBC Connection [conn69: url=jdbc:h2:mem:activiti-AsyncExecutorTest user=SA]
10:47:55,979 [Thread-112] DEBUG org.apache.ibatis.transaction.jdbc.JdbcTransaction  - Closing JDBC Connection [conn69: url=jdbc:h2:mem:activiti-AsyncExecutorTest user=SA]
10:47:55,979 [Thread-112] DEBUG org.apache.ibatis.datasource.pooled.PooledDataSource  - Returned connection 1863805930 to pool.
10:47:55,979 [Thread-112] DEBUG org.activiti.engine.impl.interceptor.LogInterceptor  - --- AcquireAsyncJobsDueCmd finished --------------------------------------------------------
10:47:55,979 [Thread-112] DEBUG org.activiti.engine.impl.interceptor.LogInterceptor  - 

10:47:55,979 [Thread-112] DEBUG org.activiti.engine.impl.asyncexecutor.AcquireAsyncJobsDueRunnable  - async job acquisition thread sleeping for 50 millis
10:47:55,994 [Thread-106] DEBUG org.activiti.engine.impl.asyncexecutor.AcquireAsyncJobsDueRunnable  - async job acquisition thread woke up
10:47:55,994 [Thread-106] DEBUG org.activiti.engine.impl.interceptor.LogInterceptor  - 

10:47:55,994 [Thread-106] DEBUG org.activiti.engine.impl.interceptor.LogInterceptor  - --- starting AcquireAsyncJobsDueCmd --------------------------------------------------------
10:47:55,994 [Thread-102] DEBUG org.activiti.engine.impl.asyncexecutor.AcquireTimerJobsRunnable  - timer job acquisition thread woke up
10:47:55,994 [Thread-102] DEBUG org.activiti.engine.impl.interceptor.LogInterceptor  - 

10:47:55,994 [Thread-102] DEBUG org.activiti.engine.impl.interceptor.LogInterceptor  - --- starting AcquireTimerJobsCmd --------------------------------------------------------
10:47:55,994 [Thread-105] DEBUG org.activiti.engine.impl.asyncexecutor.AcquireTimerJobsRunnable  - timer job acquisition thread woke up
10:47:55,994 [Thread-105] DEBUG org.activiti.engine.impl.interceptor.LogInterceptor  - 

10:47:55,994 [Thread-105] DEBUG org.activiti.engine.impl.interceptor.LogInterceptor  - --- starting AcquireTimerJobsCmd --------------------------------------------------------
10:47:55,994 [Thread-105] DEBUG org.apache.ibatis.transaction.jdbc.JdbcTransaction  - Opening JDBC Connection
10:47:55,994 [Thread-105] DEBUG org.apache.ibatis.datasource.pooled.PooledDataSource  - Checked out connection 1970103261 from pool.
10:47:55,994 [Thread-103] DEBUG org.activiti.engine.impl.asyncexecutor.AcquireAsyncJobsDueRunnable  - async job acquisition thread woke up
10:47:55,994 [Thread-103] DEBUG org.activiti.engine.impl.interceptor.LogInterceptor  - 

10:47:55,994 [Thread-103] DEBUG org.activiti.engine.impl.interceptor.LogInterceptor  - --- starting AcquireAsyncJobsDueCmd --------------------------------------------------------
10:47:55,994 [Thread-103] DEBUG org.apache.ibatis.transaction.jdbc.JdbcTransaction  - Opening JDBC Connection
10:47:55,994 [Thread-103] DEBUG org.apache.ibatis.datasource.pooled.PooledDataSource  - Checked out connection 33534803 from pool.
10:47:55,994 [Thread-103] DEBUG org.apache.ibatis.transaction.jdbc.JdbcTransaction  - Setting autocommit to false on JDBC Connection [conn60: url=jdbc:h2:mem:activiti-AsyncExecutorTest user=SA]
10:47:55,994 [Thread-111] DEBUG org.activiti.engine.impl.asyncexecutor.AcquireTimerJobsRunnable  - timer job acquisition thread woke up
10:47:55,995 [Thread-111] DEBUG org.activiti.engine.impl.interceptor.LogInterceptor  - 

10:47:55,995 [Thread-111] DEBUG org.activiti.engine.impl.interceptor.LogInterceptor  - --- starting AcquireTimerJobsCmd --------------------------------------------------------
10:47:55,995 [Thread-103] DEBUG org.activiti.engine.impl.persistence.entity.JobEntity.selectAsyncJobsDueToExecute  - ==&gt;  Preparing: select RES.* from ACT_RU_JOB RES LEFT OUTER JOIN ACT_RU_EXECUTION PI ON PI.ID_ = RES.PROCESS_INSTANCE_ID_ where RES.RETRIES_ &gt; 0 and RES.DUEDATE_ is not null and RES.DUEDATE_ &lt;= ? and (RES.LOCK_EXP_TIME_ is null or RES.LOCK_EXP_TIME_ &lt;= ?) and TYPE_ = &apos;message&apos; and ( (RES.EXECUTION_ID_ is null) or (PI.SUSPENSION_STATE_ = 1) ) LIMIT ? OFFSET ? 
10:47:55,995 [Thread-103] DEBUG org.activiti.engine.impl.persistence.entity.JobEntity.selectAsyncJobsDueToExecute  - ==&gt; Parameters: 2023-03-20 10:48:50.669(Timestamp), 2023-03-20 10:48:50.669(Timestamp), 1(Integer), 0(Integer)
10:47:55,995 [Thread-103] DEBUG org.activiti.engine.impl.persistence.entity.JobEntity.selectAsyncJobsDueToExecute  - &lt;==      Total: 0
10:47:55,995 [Thread-103] DEBUG org.activiti.engine.impl.db.DbSqlSession  - flush summary: 0 insert, 0 update, 0 delete.
10:47:55,995 [Thread-103] DEBUG org.activiti.engine.impl.db.DbSqlSession  - now executing flush...
10:47:55,995 [Thread-103] DEBUG org.activiti.engine.impl.cfg.standalone.StandaloneMybatisTransactionContext  - firing event committing...
10:47:55,995 [Thread-103] DEBUG org.activiti.engine.impl.cfg.standalone.StandaloneMybatisTransactionContext  - committing the ibatis sql session...
10:47:55,995 [Thread-103] DEBUG org.activiti.engine.impl.cfg.standalone.StandaloneMybatisTransactionContext  - firing event committed...
10:47:55,994 [Thread-105] DEBUG org.apache.ibatis.transaction.jdbc.JdbcTransaction  - Setting autocommit to false on JDBC Connection [conn63: url=jdbc:h2:mem:activiti-AsyncExecutorTest user=SA]
10:47:55,995 [Thread-105] DEBUG org.activiti.engine.impl.persistence.entity.JobEntity.selectNextTimerJobsToExecute  - ==&gt;  Preparing: select RES.* from ACT_RU_JOB RES LEFT OUTER JOIN ACT_RU_EXECUTION PI ON PI.ID_ = RES.PROCESS_INSTANCE_ID_ where (RES.RETRIES_ &gt; 0) and (RES.DUEDATE_ is null or RES.DUEDATE_ &lt;= ?) and (RES.LOCK_OWNER_ is null or RES.LOCK_EXP_TIME_ &lt;= ?) and TYPE_ = &apos;timer&apos; and ( (RES.EXECUTION_ID_ is null) or (PI.SUSPENSION_STATE_ = 1) ) LIMIT ? OFFSET ? 
10:47:55,995 [Thread-105] DEBUG org.activiti.engine.impl.persistence.entity.JobEntity.selectNextTimerJobsToExecute  - ==&gt; Parameters: 2023-03-20 10:48:50.669(Timestamp), 2023-03-20 10:48:50.669(Timestamp), 1(Integer), 0(Integer)
10:47:55,995 [Thread-105] DEBUG org.activiti.engine.impl.persistence.entity.JobEntity.selectNextTimerJobsToExecute  - &lt;==      Total: 0
10:47:55,995 [Thread-105] DEBUG org.activiti.engine.impl.db.DbSqlSession  - flush summary: 0 insert, 0 update, 0 delete.
10:47:55,995 [Thread-105] DEBUG org.activiti.engine.impl.db.DbSqlSession  - now executing flush...
10:47:55,994 [Thread-102] DEBUG org.apache.ibatis.transaction.jdbc.JdbcTransaction  - Opening JDBC Connection
10:47:55,995 [Thread-102] DEBUG org.apache.ibatis.datasource.pooled.PooledDataSource  - Checked out connection 157985567 from pool.
10:47:55,995 [Thread-102] DEBUG org.apache.ibatis.transaction.jdbc.JdbcTransaction  - Setting autocommit to false on JDBC Connection [conn61: url=jdbc:h2:mem:activiti-AsyncExecutorTest user=SA]
10:47:55,995 [Thread-102] DEBUG org.activiti.engine.impl.persistence.entity.JobEntity.selectNextTimerJobsToExecute  - ==&gt;  Preparing: select RES.* from ACT_RU_JOB RES LEFT OUTER JOIN ACT_RU_EXECUTION PI ON PI.ID_ = RES.PROCESS_INSTANCE_ID_ where (RES.RETRIES_ &gt; 0) and (RES.DUEDATE_ is null or RES.DUEDATE_ &lt;= ?) and (RES.LOCK_OWNER_ is null or RES.LOCK_EXP_TIME_ &lt;= ?) and TYPE_ = &apos;timer&apos; and ( (RES.EXECUTION_ID_ is null) or (PI.SUSPENSION_STATE_ = 1) ) LIMIT ? OFFSET ? 
10:47:55,994 [Thread-106] DEBUG org.apache.ibatis.transaction.jdbc.JdbcTransaction  - Opening JDBC Connection
10:47:55,995 [Thread-106] DEBUG org.apache.ibatis.datasource.pooled.PooledDataSource  - Checked out connection 996762054 from pool.
10:47:55,995 [Thread-106] DEBUG org.apache.ibatis.transaction.jdbc.JdbcTransaction  - Setting autocommit to false on JDBC Connection [conn65: url=jdbc:h2:mem:activiti-AsyncExecutorTest user=SA]
10:47:55,995 [Thread-102] DEBUG org.activiti.engine.impl.persistence.entity.JobEntity.selectNextTimerJobsToExecute  - ==&gt; Parameters: 2023-03-20 10:48:50.669(Timestamp), 2023-03-20 10:48:50.669(Timestamp), 1(Integer), 0(Integer)
10:47:55,995 [Thread-102] DEBUG org.activiti.engine.impl.persistence.entity.JobEntity.selectNextTimerJobsToExecute  - &lt;==      Total: 0
10:47:55,996 [Thread-102] DEBUG org.activiti.engine.impl.db.DbSqlSession  - flush summary: 0 insert, 0 update, 0 delete.
10:47:55,996 [Thread-102] DEBUG org.activiti.engine.impl.db.DbSqlSession  - now executing flush...
10:47:55,996 [Thread-102] DEBUG org.activiti.engine.impl.cfg.standalone.StandaloneMybatisTransactionContext  - firing event committing...
10:47:55,996 [Thread-102] DEBUG org.activiti.engine.impl.cfg.standalone.StandaloneMybatisTransactionContext  - committing the ibatis sql session...
10:47:55,996 [Thread-102] DEBUG org.activiti.engine.impl.cfg.standalone.StandaloneMybatisTransactionContext  - firing event committed...
10:47:55,996 [Thread-102] DEBUG org.apache.ibatis.transaction.jdbc.JdbcTransaction  - Resetting autocommit to true on JDBC Connection [conn61: url=jdbc:h2:mem:activiti-AsyncExecutorTest user=SA]
10:47:55,996 [Thread-102] DEBUG org.apache.ibatis.transaction.jdbc.JdbcTransaction  - Closing JDBC Connection [conn61: url=jdbc:h2:mem:activiti-AsyncExecutorTest user=SA]
10:47:55,996 [Thread-102] DEBUG org.apache.ibatis.datasource.pooled.PooledDataSource  - Returned connection 157985567 to pool.
10:47:55,996 [Thread-102] DEBUG org.activiti.engine.impl.interceptor.LogInterceptor  - --- AcquireTimerJobsCmd finished --------------------------------------------------------
10:47:55,996 [Thread-102] DEBUG org.activiti.engine.impl.interceptor.LogInterceptor  - 

10:47:55,996 [Thread-102] DEBUG org.activiti.engine.impl.asyncexecutor.AcquireTimerJobsRunnable  - timer job acquisition thread sleeping for 50 millis
10:47:55,995 [Thread-105] DEBUG org.activiti.engine.impl.cfg.standalone.StandaloneMybatisTransactionContext  - firing event committing...
10:47:55,996 [Thread-105] DEBUG org.activiti.engine.impl.cfg.standalone.StandaloneMybatisTransactionContext  - committing the ibatis sql session...
10:47:55,996 [Thread-105] DEBUG org.activiti.engine.impl.cfg.standalone.StandaloneMybatisTransactionContext  - firing event committed...
10:47:55,996 [Thread-105] DEBUG org.apache.ibatis.transaction.jdbc.JdbcTransaction  - Resetting autocommit to true on JDBC Connection [conn63: url=jdbc:h2:mem:activiti-AsyncExecutorTest user=SA]
10:47:55,995 [Thread-103] DEBUG org.apache.ibatis.transaction.jdbc.JdbcTransaction  - Resetting autocommit to true on JDBC Connection [conn60: url=jdbc:h2:mem:activiti-AsyncExecutorTest user=SA]
10:47:55,996 [Thread-103] DEBUG org.apache.ibatis.transaction.jdbc.JdbcTransaction  - Closing JDBC Connection [conn60: url=jdbc:h2:mem:activiti-AsyncExecutorTest user=SA]
10:47:55,996 [Thread-103] DEBUG org.apache.ibatis.datasource.pooled.PooledDataSource  - Returned connection 33534803 to pool.
10:47:55,996 [Thread-103] DEBUG org.activiti.engine.impl.interceptor.LogInterceptor  - --- AcquireAsyncJobsDueCmd finished --------------------------------------------------------
10:47:55,995 [Thread-111] DEBUG org.apache.ibatis.transaction.jdbc.JdbcTransaction  - Opening JDBC Connection
10:47:55,996 [Thread-111] DEBUG org.apache.ibatis.datasource.pooled.PooledDataSource  - Checked out connection 604408605 from pool.
10:47:55,996 [Thread-111] DEBUG org.apache.ibatis.transaction.jdbc.JdbcTransaction  - Setting autocommit to false on JDBC Connection [conn70: url=jdbc:h2:mem:activiti-AsyncExecutorTest user=SA]
10:47:55,996 [Thread-103] DEBUG org.activiti.engine.impl.interceptor.LogInterceptor  - 

10:47:55,996 [Thread-103] DEBUG org.activiti.engine.impl.asyncexecutor.AcquireAsyncJobsDueRunnable  - async job acquisition thread sleeping for 50 millis
10:47:55,996 [Thread-105] DEBUG org.apache.ibatis.transaction.jdbc.JdbcTransaction  - Closing JDBC Connection [conn63: url=jdbc:h2:mem:activiti-AsyncExecutorTest user=SA]
10:47:55,996 [Thread-105] DEBUG org.apache.ibatis.datasource.pooled.PooledDataSource  - Returned connection 1970103261 to pool.
10:47:55,996 [Thread-105] DEBUG org.activiti.engine.impl.interceptor.LogInterceptor  - --- AcquireTimerJobsCmd finished --------------------------------------------------------
10:47:55,996 [Thread-105] DEBUG org.activiti.engine.impl.interceptor.LogInterceptor  - 

10:47:55,996 [Thread-105] DEBUG org.activiti.engine.impl.asyncexecutor.AcquireTimerJobsRunnable  - timer job acquisition thread sleeping for 50 millis
10:47:55,995 [Thread-106] DEBUG org.activiti.engine.impl.persistence.entity.JobEntity.selectAsyncJobsDueToExecute  - ==&gt;  Preparing: select RES.* from ACT_RU_JOB RES LEFT OUTER JOIN ACT_RU_EXECUTION PI ON PI.ID_ = RES.PROCESS_INSTANCE_ID_ where RES.RETRIES_ &gt; 0 and RES.DUEDATE_ is not null and RES.DUEDATE_ &lt;= ? and (RES.LOCK_EXP_TIME_ is null or RES.LOCK_EXP_TIME_ &lt;= ?) and TYPE_ = &apos;message&apos; and ( (RES.EXECUTION_ID_ is null) or (PI.SUSPENSION_STATE_ = 1) ) LIMIT ? OFFSET ? 
10:47:55,996 [Thread-106] DEBUG org.activiti.engine.impl.persistence.entity.JobEntity.selectAsyncJobsDueToExecute  - ==&gt; Parameters: 2023-03-20 10:48:50.669(Timestamp), 2023-03-20 10:48:50.669(Timestamp), 1(Integer), 0(Integer)
10:47:55,996 [Thread-106] DEBUG org.activiti.engine.impl.persistence.entity.JobEntity.selectAsyncJobsDueToExecute  - &lt;==      Total: 0
10:47:55,996 [Thread-106] DEBUG org.activiti.engine.impl.db.DbSqlSession  - flush summary: 0 insert, 0 update, 0 delete.
10:47:55,996 [Thread-106] DEBUG org.activiti.engine.impl.db.DbSqlSession  - now executing flush...
10:47:55,996 [Thread-106] DEBUG org.activiti.engine.impl.cfg.standalone.StandaloneMybatisTransactionContext  - firing event committing...
10:47:55,996 [Thread-106] DEBUG org.activiti.engine.impl.cfg.standalone.StandaloneMybatisTransactionContext  - committing the ibatis sql session...
10:47:55,996 [Thread-106] DEBUG org.activiti.engine.impl.cfg.standalone.StandaloneMybatisTransactionContext  - firing event committed...
10:47:55,996 [Thread-106] DEBUG org.apache.ibatis.transaction.jdbc.JdbcTransaction  - Resetting autocommit to true on JDBC Connection [conn65: url=jdbc:h2:mem:activiti-AsyncExecutorTest user=SA]
10:47:55,996 [Thread-106] DEBUG org.apache.ibatis.transaction.jdbc.JdbcTransaction  - Closing JDBC Connection [conn65: url=jdbc:h2:mem:activiti-AsyncExecutorTest user=SA]
10:47:55,996 [Thread-106] DEBUG org.apache.ibatis.datasource.pooled.PooledDataSource  - Returned connection 996762054 to pool.
10:47:55,996 [Thread-106] DEBUG org.activiti.engine.impl.interceptor.LogInterceptor  - --- AcquireAsyncJobsDueCmd finished --------------------------------------------------------
10:47:55,996 [Thread-106] DEBUG org.activiti.engine.impl.interceptor.LogInterceptor  - 

10:47:55,996 [Thread-111] DEBUG org.activiti.engine.impl.persistence.entity.JobEntity.selectNextTimerJobsToExecute  - ==&gt;  Preparing: select RES.* from ACT_RU_JOB RES LEFT OUTER JOIN ACT_RU_EXECUTION PI ON PI.ID_ = RES.PROCESS_INSTANCE_ID_ where (RES.RETRIES_ &gt; 0) and (RES.DUEDATE_ is null or RES.DUEDATE_ &lt;= ?) and (RES.LOCK_OWNER_ is null or RES.LOCK_EXP_TIME_ &lt;= ?) and TYPE_ = &apos;timer&apos; and ( (RES.EXECUTION_ID_ is null) or (PI.SUSPENSION_STATE_ = 1) ) LIMIT ? OFFSET ? 
10:47:55,996 [Thread-111] DEBUG org.activiti.engine.impl.persistence.entity.JobEntity.selectNextTimerJobsToExecute  - ==&gt; Parameters: 2023-03-20 10:48:50.669(Timestamp), 2023-03-20 10:48:50.669(Timestamp), 1(Integer), 0(Integer)
10:47:55,996 [Thread-111] DEBUG org.activiti.engine.impl.persistence.entity.JobEntity.selectNextTimerJobsToExecute  - &lt;==      Total: 0
10:47:55,996 [Thread-111] DEBUG org.activiti.engine.impl.db.DbSqlSession  - flush summary: 0 insert, 0 update, 0 delete.
10:47:55,996 [Thread-111] DEBUG org.activiti.engine.impl.db.DbSqlSession  - now executing flush...
10:47:55,996 [Thread-111] DEBUG org.activiti.engine.impl.cfg.standalone.StandaloneMybatisTransactionContext  - firing event committing...
10:47:55,996 [Thread-111] DEBUG org.activiti.engine.impl.cfg.standalone.StandaloneMybatisTransactionContext  - committing the ibatis sql session...
10:47:55,996 [Thread-111] DEBUG org.activiti.engine.impl.cfg.standalone.StandaloneMybatisTransactionContext  - firing event committed...
10:47:55,996 [Thread-111] DEBUG org.apache.ibatis.transaction.jdbc.JdbcTransaction  - Resetting autocommit to true on JDBC Connection [conn70: url=jdbc:h2:mem:activiti-AsyncExecutorTest user=SA]
10:47:55,996 [Thread-106] DEBUG org.activiti.engine.impl.asyncexecutor.AcquireAsyncJobsDueRunnable  - async job acquisition thread sleeping for 50 millis
10:47:55,996 [Thread-111] DEBUG org.apache.ibatis.transaction.jdbc.JdbcTransaction  - Closing JDBC Connection [conn70: url=jdbc:h2:mem:activiti-AsyncExecutorTest user=SA]
10:47:55,997 [Thread-111] DEBUG org.apache.ibatis.datasource.pooled.PooledDataSource  - Returned connection 604408605 to pool.
10:47:55,997 [Thread-111] DEBUG org.activiti.engine.impl.interceptor.LogInterceptor  - --- AcquireTimerJobsCmd finished --------------------------------------------------------
10:47:55,997 [Thread-111] DEBUG org.activiti.engine.impl.interceptor.LogInterceptor  - 

10:47:55,997 [Thread-111] DEBUG org.activiti.engine.impl.asyncexecutor.AcquireTimerJobsRunnable  - timer job acquisition thread sleeping for 50 millis
10:47:56,025 [main] DEBUG org.activiti.engine.impl.interceptor.LogInterceptor  - 

10:47:56,025 [main] DEBUG org.activiti.engine.impl.interceptor.LogInterceptor  - --- starting JobQueryImpl --------------------------------------------------------
10:47:56,025 [main] DEBUG org.apache.ibatis.transaction.jdbc.JdbcTransaction  - Opening JDBC Connection
10:47:56,025 [main] DEBUG org.apache.ibatis.datasource.pooled.PooledDataSource  - Checked out connection 363509958 from pool.
10:47:56,025 [main] DEBUG org.apache.ibatis.transaction.jdbc.JdbcTransaction  - Setting autocommit to false on JDBC Connection [conn2: url=jdbc:h2:mem:activiti user=SA]
10:47:56,025 [main] DEBUG org.activiti.engine.impl.persistence.entity.JobEntity.selectJobByQueryCriteria  - ==&gt;  Preparing: select RES.* from ACT_RU_JOB RES order by order by RES.ID_ asc LIMIT ? OFFSET ? 
10:47:56,025 [main] DEBUG org.activiti.engine.impl.interceptor.CommandContext  - Error while closing command context
org.apache.ibatis.exceptions.PersistenceException: 
### Error querying database.  Cause: org.h2.jdbc.JdbcSQLException: Syntax error in SQL statement &quot;SELECT RES.* 
     
    FROM ACT_RU_JOB RES
     
      
   
     ORDER BY  ORDER[*] BY RES.ID_ ASC  
    LIMIT ? OFFSET ? &quot;; expected &quot;=, NOT, EXISTS, INTERSECTS, SELECT, FROM&quot;; SQL statement:
select RES.* 
     
    from ACT_RU_JOB RES
     
      
   
     order by  order by RES.ID_ asc  
    LIMIT ? OFFSET ? [42001-176]
### The error may exist in org/activiti/db/mapping/entity/Job.xml
### The error may involve org.activiti.engine.impl.persistence.entity.JobEntity.selectJobByQueryCriteria
### The error occurred while executing a query
### SQL: select RES.*            from ACT_RU_JOB RES                       order by  order by RES.ID_ asc       LIMIT ? OFFSET ?
### Cause: org.h2.jdbc.JdbcSQLException: Syntax error in SQL statement &quot;SELECT RES.* 
     
    FROM ACT_RU_JOB RES
     
      
   
     ORDER BY  ORDER[*] BY RES.ID_ ASC  
    LIMIT ? OFFSET ? &quot;; expected &quot;=, NOT, EXISTS, INTERSECTS, SELECT, FROM&quot;; SQL statement:
select RES.* 
     
    from ACT_RU_JOB RES
     
      
   
     order by  order by RES.ID_ asc  
    LIMIT ? OFFSET ? [42001-176]
	at org.apache.ibatis.exceptions.ExceptionFactory.wrapException(ExceptionFactory.java:30)
	at org.apache.ibatis.session.defaults.DefaultSqlSession.selectList(DefaultSqlSession.java:122)
	at org.apache.ibatis.session.defaults.DefaultSqlSession.selectList(DefaultSqlSession.java:113)
	at org.activiti.engine.impl.db.DbSqlSession.selectListWithRawParameter(DbSqlSession.java:438)
	at org.activiti.engine.impl.db.DbSqlSession.selectList(DbSqlSession.java:429)
	at org.activiti.engine.impl.db.DbSqlSession.selectList(DbSqlSession.java:419)
	at org.activiti.engine.impl.persistence.entity.JobEntityManager.findJobsByQueryCriteria(JobEntityManager.java:198)
	at org.activiti.engine.impl.JobQueryImpl.executeList(JobQueryImpl.java:243)
	at org.activiti.engine.impl.AbstractQuery.execute(AbstractQuery.java:164)
	at org.activiti.engine.impl.interceptor.CommandInvoker.execute(CommandInvoker.java:24)
	at org.activiti.engine.impl.interceptor.CommandContextInterceptor.execute(CommandContextInterceptor.java:57)
	at org.activiti.engine.impl.interceptor.LogInterceptor.execute(LogInterceptor.java:37)
	at org.activiti.engine.impl.cfg.CommandExecutorImpl.execute(CommandExecutorImpl.java:40)
	at org.activiti.engine.impl.cfg.CommandExecutorImpl.execute(CommandExecutorImpl.java:35)
	at org.activiti.engine.impl.AbstractQuery.list(AbstractQuery.java:138)
	at org.activiti.engine.impl.test.JobTestHelper.areJobsAvailable(JobTestHelper.java:194)
	at org.activiti.engine.impl.test.JobTestHelper.waitForJobExecutorToProcessAllJobs(JobTestHelper.java:74)
	at org.activiti.engine.impl.test.JobTestHelper.waitForJobExecutorToProcessAllJobs(JobTestHelper.java:47)
	at org.activiti.engine.impl.test.AbstractActivitiTestCase.waitForJobExecutorToProcessAllJobs(AbstractActivitiTestCase.java:204)
	at org.activiti.engine.test.jobexecutor.JobExecutorTest.testBasicJobExecutorOperation(JobExecutorTest.java:53)
	at sun.reflect.NativeMethodAccessorImpl.invoke0(Native Method)
	at sun.reflect.NativeMethodAccessorImpl.invoke(NativeMethodAccessorImpl.java:62)
	at sun.reflect.DelegatingMethodAccessorImpl.invoke(DelegatingMethodAccessorImpl.java:43)
	at java.lang.reflect.Method.invoke(Method.java:498)
	at junit.framework.TestCase.runTest(TestCase.java:176)
	at org.activiti.engine.impl.test.PvmTestCase.runTest(PvmTestCase.java:65)
	at junit.framework.TestCase.runBare(TestCase.java:141)
	at org.activiti.engine.impl.test.AbstractActivitiTestCase.runBare(AbstractActivitiTestCase.java:100)
	at junit.framework.TestResult$1.protect(TestResult.java:122)
	at junit.framework.TestResult.runProtected(TestResult.java:142)
	at junit.framework.TestResult.run(TestResult.java:125)
	at junit.framework.TestCase.run(TestCase.java:129)
	at junit.framework.TestSuite.runTest(TestSuite.java:255)
	at junit.framework.TestSuite.run(TestSuite.java:250)
	at org.junit.internal.runners.JUnit38ClassRunner.run(JUnit38ClassRunner.java:84)
	at org.apache.maven.surefire.junit4.JUnit4TestSet.execute(JUnit4TestSet.java:35)
	at org.apache.maven.surefire.junit4.JUnit4Provider.executeTestSet(JUnit4Provider.java:146)
	at org.apache.maven.surefire.junit4.JUnit4Provider.invoke(JUnit4Provider.java:97)
	at sun.reflect.NativeMethodAccessorImpl.invoke0(Native Method)
	at sun.reflect.NativeMethodAccessorImpl.invoke(NativeMethodAccessorImpl.java:62)
	at sun.reflect.DelegatingMethodAccessorImpl.invoke(DelegatingMethodAccessorImpl.java:43)
	at java.lang.reflect.Method.invoke(Method.java:498)
	at org.apache.maven.surefire.booter.ProviderFactory$ClassLoaderProxy.invoke(ProviderFactory.java:103)
	at com.sun.proxy.$Proxy0.invoke(Unknown Source)
	at org.apache.maven.surefire.booter.SurefireStarter.invokeProvider(SurefireStarter.java:145)
	at org.apache.maven.surefire.booter.SurefireStarter.runSuitesInProcess(SurefireStarter.java:87)
	at org.apache.maven.surefire.booter.ForkedBooter.main(ForkedBooter.java:69)
Caused by: org.h2.jdbc.JdbcSQLException: Syntax error in SQL statement &quot;SELECT RES.* 
     
    FROM ACT_RU_JOB RES
     
      
   
     ORDER BY  ORDER[*] BY RES.ID_ ASC  
    LIMIT ? OFFSET ? &quot;; expected &quot;=, NOT, EXISTS, INTERSECTS, SELECT, FROM&quot;; SQL statement:
select RES.* 
     
    from ACT_RU_JOB RES
     
      
   
     order by  order by RES.ID_ asc  
    LIMIT ? OFFSET ? [42001-176]
	at org.h2.message.DbException.getJdbcSQLException(DbException.java:344)
	at org.h2.message.DbException.getSyntaxError(DbException.java:204)
	at org.h2.command.Parser.getSyntaxError(Parser.java:524)
	at org.h2.command.Parser.readTerm(Parser.java:2688)
	at org.h2.command.Parser.readFactor(Parser.java:2244)
	at org.h2.command.Parser.readSum(Parser.java:2231)
	at org.h2.command.Parser.readConcat(Parser.java:2201)
	at org.h2.command.Parser.readCondition(Parser.java:2051)
	at org.h2.command.Parser.readAnd(Parser.java:2023)
	at org.h2.command.Parser.readExpression(Parser.java:2015)
	at org.h2.command.Parser.parseEndOfQuery(Parser.java:1726)
	at org.h2.command.Parser.parseSelectUnionExtension(Parser.java:1706)
	at org.h2.command.Parser.parseSelectUnion(Parser.java:1675)
	at org.h2.command.Parser.parseSelect(Parser.java:1662)
	at org.h2.command.Parser.parsePrepared(Parser.java:434)
	at org.h2.command.Parser.parse(Parser.java:306)
	at org.h2.command.Parser.parse(Parser.java:282)
	at org.h2.command.Parser.prepareCommand(Parser.java:243)
	at org.h2.engine.Session.prepareLocal(Session.java:442)
	at org.h2.engine.Session.prepareCommand(Session.java:384)
	at org.h2.jdbc.JdbcConnection.prepareCommand(JdbcConnection.java:1188)
	at org.h2.jdbc.JdbcPreparedStatement.&lt;init&gt;(JdbcPreparedStatement.java:73)
	at org.h2.jdbc.JdbcConnection.prepareStatement(JdbcConnection.java:276)
	at sun.reflect.GeneratedMethodAccessor6.invoke(Unknown Source)
	at sun.reflect.DelegatingMethodAccessorImpl.invoke(DelegatingMethodAccessorImpl.java:43)
	at java.lang.reflect.Method.invoke(Method.java:498)
	at org.apache.ibatis.datasource.pooled.PooledConnection.invoke(PooledConnection.java:245)
	at com.sun.proxy.$Proxy12.prepareStatement(Unknown Source)
	at sun.reflect.GeneratedMethodAccessor6.invoke(Unknown Source)
	at sun.reflect.DelegatingMethodAccessorImpl.invoke(DelegatingMethodAccessorImpl.java:43)
	at java.lang.reflect.Method.invoke(Method.java:498)
	at org.apache.ibatis.logging.jdbc.ConnectionLogger.invoke(ConnectionLogger.java:55)
	at com.sun.proxy.$Proxy12.prepareStatement(Unknown Source)
	at org.apache.ibatis.executor.statement.PreparedStatementHandler.instantiateStatement(PreparedStatementHandler.java:79)
	at org.apache.ibatis.executor.statement.BaseStatementHandler.prepare(BaseStatementHandler.java:88)
	at org.apache.ibatis.executor.statement.RoutingStatementHandler.prepare(RoutingStatementHandler.java:58)
	at org.apache.ibatis.executor.SimpleExecutor.prepareStatement(SimpleExecutor.java:76)
	at org.apache.ibatis.executor.SimpleExecutor.doQuery(SimpleExecutor.java:61)
	at org.apache.ibatis.executor.BaseExecutor.queryFromDatabase(BaseExecutor.java:303)
	at org.apache.ibatis.executor.BaseExecutor.query(BaseExecutor.java:154)
	at org.apache.ibatis.executor.CachingExecutor.query(CachingExecutor.java:102)
	at org.apache.ibatis.executor.CachingExecutor.query(CachingExecutor.java:82)
	at org.apache.ibatis.session.defaults.DefaultSqlSession.selectList(DefaultSqlSession.java:120)
	... 45 more
10:47:56,025 [main] DEBUG org.activiti.engine.impl.cfg.standalone.StandaloneMybatisTransactionContext  - firing event rolling back...
10:47:56,025 [main] DEBUG org.activiti.engine.impl.cfg.standalone.StandaloneMybatisTransactionContext  - rolling back ibatis sql session...
10:47:56,025 [main] DEBUG org.activiti.engine.impl.cfg.standalone.StandaloneMybatisTransactionContext  - firing event rolled back...
10:47:56,025 [main] DEBUG org.apache.ibatis.transaction.jdbc.JdbcTransaction  - Resetting autocommit to true on JDBC Connection [conn2: url=jdbc:h2:mem:activiti user=SA]
10:47:56,025 [main] DEBUG org.apache.ibatis.transaction.jdbc.JdbcTransaction  - Closing JDBC Connection [conn2: url=jdbc:h2:mem:activiti user=SA]
10:47:56,025 [main] DEBUG org.apache.ibatis.datasource.pooled.PooledDataSource  - Returned connection 363509958 to pool.
10:47:56,025 [main] DEBUG org.activiti.engine.impl.interceptor.LogInterceptor  - --- JobQueryImpl finished --------------------------------------------------------
10:47:56,025 [main] DEBUG org.activiti.engine.impl.interceptor.LogInterceptor  - 

10:47:56,040 [Thread-112] DEBUG org.activiti.engine.impl.asyncexecutor.AcquireAsyncJobsDueRunnable  - async job acquisition thread woke up
10:47:56,040 [Thread-112] DEBUG org.activiti.engine.impl.interceptor.LogInterceptor  - 

10:47:56,040 [Thread-112] DEBUG org.activiti.engine.impl.interceptor.LogInterceptor  - --- starting AcquireAsyncJobsDueCmd --------------------------------------------------------
10:47:56,040 [Thread-112] DEBUG org.apache.ibatis.transaction.jdbc.JdbcTransaction  - Opening JDBC Connection
10:47:56,040 [Thread-112] DEBUG org.apache.ibatis.datasource.pooled.PooledDataSource  - Checked out connection 58501658 from pool.
10:47:56,040 [Thread-112] DEBUG org.apache.ibatis.transaction.jdbc.JdbcTransaction  - Setting autocommit to false on JDBC Connection [conn68: url=jdbc:h2:mem:activiti-AsyncExecutorTest user=SA]
10:47:56,040 [Thread-112] DEBUG org.activiti.engine.impl.persistence.entity.JobEntity.selectAsyncJobsDueToExecute  - ==&gt;  Preparing: select RES.* from ACT_RU_JOB RES LEFT OUTER JOIN ACT_RU_EXECUTION PI ON PI.ID_ = RES.PROCESS_INSTANCE_ID_ where RES.RETRIES_ &gt; 0 and RES.DUEDATE_ is not null and RES.DUEDATE_ &lt;= ? and (RES.LOCK_EXP_TIME_ is null or RES.LOCK_EXP_TIME_ &lt;= ?) and TYPE_ = &apos;message&apos; and ( (RES.EXECUTION_ID_ is null) or (PI.SUSPENSION_STATE_ = 1) ) LIMIT ? OFFSET ? 
10:47:56,040 [Thread-112] DEBUG org.activiti.engine.impl.persistence.entity.JobEntity.selectAsyncJobsDueToExecute  - ==&gt; Parameters: 2023-03-20 10:48:50.669(Timestamp), 2023-03-20 10:48:50.669(Timestamp), 1(Integer), 0(Integer)
10:47:56,040 [Thread-112] DEBUG org.activiti.engine.impl.persistence.entity.JobEntity.selectAsyncJobsDueToExecute  - &lt;==      Total: 0
10:47:56,040 [Thread-112] DEBUG org.activiti.engine.impl.db.DbSqlSession  - flush summary: 0 insert, 0 update, 0 delete.
10:47:56,040 [Thread-112] DEBUG org.activiti.engine.impl.db.DbSqlSession  - now executing flush...
10:47:56,040 [Thread-112] DEBUG org.activiti.engine.impl.cfg.standalone.StandaloneMybatisTransactionContext  - firing event committing...
10:47:56,040 [Thread-112] DEBUG org.activiti.engine.impl.cfg.standalone.StandaloneMybatisTransactionContext  - committing the ibatis sql session...
10:47:56,040 [Thread-112] DEBUG org.activiti.engine.impl.cfg.standalone.StandaloneMybatisTransactionContext  - firing event committed...
10:47:56,040 [Thread-112] DEBUG org.apache.ibatis.transaction.jdbc.JdbcTransaction  - Resetting autocommit to true on JDBC Connection [conn68: url=jdbc:h2:mem:activiti-AsyncExecutorTest user=SA]
10:47:56,040 [Thread-112] DEBUG org.apache.ibatis.transaction.jdbc.JdbcTransaction  - Closing JDBC Connection [conn68: url=jdbc:h2:mem:activiti-AsyncExecutorTest user=SA]
10:47:56,040 [Thread-112] DEBUG org.apache.ibatis.datasource.pooled.PooledDataSource  - Returned connection 58501658 to pool.
10:47:56,040 [Thread-112] DEBUG org.activiti.engine.impl.interceptor.LogInterceptor  - --- AcquireAsyncJobsDueCmd finished --------------------------------------------------------
10:47:56,040 [Thread-112] DEBUG org.activiti.engine.impl.interceptor.LogInterceptor  - 

10:47:56,040 [Thread-112] DEBUG org.activiti.engine.impl.asyncexecutor.AcquireAsyncJobsDueRunnable  - async job acquisition thread sleeping for 50 millis
10:47:56,055 [Thread-105] DEBUG org.activiti.engine.impl.asyncexecutor.AcquireTimerJobsRunnable  - timer job acquisition thread woke up
10:47:56,055 [Thread-105] DEBUG org.activiti.engine.impl.interceptor.LogInterceptor  - 

10:47:56,055 [Thread-106] DEBUG org.activiti.engine.impl.asyncexecutor.AcquireAsyncJobsDueRunnable  - async job acquisition thread woke up
10:47:56,055 [Thread-106] DEBUG org.activiti.engine.impl.interceptor.LogInterceptor  - 

10:47:56,055 [Thread-106] DEBUG org.activiti.engine.impl.interceptor.LogInterceptor  - --- starting AcquireAsyncJobsDueCmd --------------------------------------------------------
10:47:56,055 [Thread-102] DEBUG org.activiti.engine.impl.asyncexecutor.AcquireTimerJobsRunnable  - timer job acquisition thread woke up
10:47:56,055 [Thread-102] DEBUG org.activiti.engine.impl.interceptor.LogInterceptor  - 

10:47:56,055 [Thread-102] DEBUG org.activiti.engine.impl.interceptor.LogInterceptor  - --- starting AcquireTimerJobsCmd --------------------------------------------------------
10:47:56,055 [Thread-103] DEBUG org.activiti.engine.impl.asyncexecutor.AcquireAsyncJobsDueRunnable  - async job acquisition thread woke up
10:47:56,056 [Thread-103] DEBUG org.activiti.engine.impl.interceptor.LogInterceptor  - 

10:47:56,056 [Thread-103] DEBUG org.activiti.engine.impl.interceptor.LogInterceptor  - --- starting AcquireAsyncJobsDueCmd --------------------------------------------------------
10:47:56,055 [Thread-111] DEBUG org.activiti.engine.impl.asyncexecutor.AcquireTimerJobsRunnable  - timer job acquisition thread woke up
10:47:56,056 [Thread-111] DEBUG org.activiti.engine.impl.interceptor.LogInterceptor  - 

10:47:56,056 [Thread-111] DEBUG org.activiti.engine.impl.interceptor.LogInterceptor  - --- starting AcquireTimerJobsCmd --------------------------------------------------------
10:47:56,056 [Thread-111] DEBUG org.apache.ibatis.transaction.jdbc.JdbcTransaction  - Opening JDBC Connection
10:47:56,056 [Thread-111] DEBUG org.apache.ibatis.datasource.pooled.PooledDataSource  - Checked out connection 1863805930 from pool.
10:47:56,056 [Thread-111] DEBUG org.apache.ibatis.transaction.jdbc.JdbcTransaction  - Setting autocommit to false on JDBC Connection [conn69: url=jdbc:h2:mem:activiti-AsyncExecutorTest user=SA]
10:47:56,056 [Thread-111] DEBUG org.activiti.engine.impl.persistence.entity.JobEntity.selectNextTimerJobsToExecute  - ==&gt;  Preparing: select RES.* from ACT_RU_JOB RES LEFT OUTER JOIN ACT_RU_EXECUTION PI ON PI.ID_ = RES.PROCESS_INSTANCE_ID_ where (RES.RETRIES_ &gt; 0) and (RES.DUEDATE_ is null or RES.DUEDATE_ &lt;= ?) and (RES.LOCK_OWNER_ is null or RES.LOCK_EXP_TIME_ &lt;= ?) and TYPE_ = &apos;timer&apos; and ( (RES.EXECUTION_ID_ is null) or (PI.SUSPENSION_STATE_ = 1) ) LIMIT ? OFFSET ? 
10:47:56,056 [Thread-103] DEBUG org.apache.ibatis.transaction.jdbc.JdbcTransaction  - Opening JDBC Connection
10:47:56,056 [Thread-103] DEBUG org.apache.ibatis.datasource.pooled.PooledDataSource  - Checked out connection 720039383 from pool.
10:47:56,056 [Thread-103] DEBUG org.apache.ibatis.transaction.jdbc.JdbcTransaction  - Setting autocommit to false on JDBC Connection [conn59: url=jdbc:h2:mem:activiti-AsyncExecutorTest user=SA]
10:47:56,056 [Thread-103] DEBUG org.activiti.engine.impl.persistence.entity.JobEntity.selectAsyncJobsDueToExecute  - ==&gt;  Preparing: select RES.* from ACT_RU_JOB RES LEFT OUTER JOIN ACT_RU_EXECUTION PI ON PI.ID_ = RES.PROCESS_INSTANCE_ID_ where RES.RETRIES_ &gt; 0 and RES.DUEDATE_ is not null and RES.DUEDATE_ &lt;= ? and (RES.LOCK_EXP_TIME_ is null or RES.LOCK_EXP_TIME_ &lt;= ?) and TYPE_ = &apos;message&apos; and ( (RES.EXECUTION_ID_ is null) or (PI.SUSPENSION_STATE_ = 1) ) LIMIT ? OFFSET ? 
10:47:56,056 [Thread-103] DEBUG org.activiti.engine.impl.persistence.entity.JobEntity.selectAsyncJobsDueToExecute  - ==&gt; Parameters: 2023-03-20 10:48:50.669(Timestamp), 2023-03-20 10:48:50.669(Timestamp), 1(Integer), 0(Integer)
10:47:56,056 [Thread-103] DEBUG org.activiti.engine.impl.persistence.entity.JobEntity.selectAsyncJobsDueToExecute  - &lt;==      Total: 0
10:47:56,056 [Thread-103] DEBUG org.activiti.engine.impl.db.DbSqlSession  - flush summary: 0 insert, 0 update, 0 delete.
10:47:56,056 [Thread-103] DEBUG org.activiti.engine.impl.db.DbSqlSession  - now executing flush...
10:47:56,056 [Thread-103] DEBUG org.activiti.engine.impl.cfg.standalone.StandaloneMybatisTransactionContext  - firing event committing...
10:47:56,056 [Thread-103] DEBUG org.activiti.engine.impl.cfg.standalone.StandaloneMybatisTransactionContext  - committing the ibatis sql session...
10:47:56,056 [Thread-103] DEBUG org.activiti.engine.impl.cfg.standalone.StandaloneMybatisTransactionContext  - firing event committed...
10:47:56,056 [Thread-103] DEBUG org.apache.ibatis.transaction.jdbc.JdbcTransaction  - Resetting autocommit to true on JDBC Connection [conn59: url=jdbc:h2:mem:activiti-AsyncExecutorTest user=SA]
10:47:56,056 [Thread-103] DEBUG org.apache.ibatis.transaction.jdbc.JdbcTransaction  - Closing JDBC Connection [conn59: url=jdbc:h2:mem:activiti-AsyncExecutorTest user=SA]
10:47:56,056 [Thread-103] DEBUG org.apache.ibatis.datasource.pooled.PooledDataSource  - Returned connection 720039383 to pool.
10:47:56,056 [Thread-103] DEBUG org.activiti.engine.impl.interceptor.LogInterceptor  - --- AcquireAsyncJobsDueCmd finished --------------------------------------------------------
10:47:56,056 [Thread-103] DEBUG org.activiti.engine.impl.interceptor.LogInterceptor  - 

10:47:56,056 [Thread-103] DEBUG org.activiti.engine.impl.asyncexecutor.AcquireAsyncJobsDueRunnable  - async job acquisition thread sleeping for 50 millis
10:47:56,055 [Thread-102] DEBUG org.apache.ibatis.transaction.jdbc.JdbcTransaction  - Opening JDBC Connection
10:47:56,056 [Thread-102] DEBUG org.apache.ibatis.datasource.pooled.PooledDataSource  - Checked out connection 157985567 from pool.
10:47:56,056 [Thread-102] DEBUG org.apache.ibatis.transaction.jdbc.JdbcTransaction  - Setting autocommit to false on JDBC Connection [conn61: url=jdbc:h2:mem:activiti-AsyncExecutorTest user=SA]
10:47:56,056 [Thread-102] DEBUG org.activiti.engine.impl.persistence.entity.JobEntity.selectNextTimerJobsToExecute  - ==&gt;  Preparing: select RES.* from ACT_RU_JOB RES LEFT OUTER JOIN ACT_RU_EXECUTION PI ON PI.ID_ = RES.PROCESS_INSTANCE_ID_ where (RES.RETRIES_ &gt; 0) and (RES.DUEDATE_ is null or RES.DUEDATE_ &lt;= ?) and (RES.LOCK_OWNER_ is null or RES.LOCK_EXP_TIME_ &lt;= ?) and TYPE_ = &apos;timer&apos; and ( (RES.EXECUTION_ID_ is null) or (PI.SUSPENSION_STATE_ = 1) ) LIMIT ? OFFSET ? 
10:47:56,056 [Thread-102] DEBUG org.activiti.engine.impl.persistence.entity.JobEntity.selectNextTimerJobsToExecute  - ==&gt; Parameters: 2023-03-20 10:48:50.669(Timestamp), 2023-03-20 10:48:50.669(Timestamp), 1(Integer), 0(Integer)
10:47:56,055 [Thread-106] DEBUG org.apache.ibatis.transaction.jdbc.JdbcTransaction  - Opening JDBC Connection
10:47:56,057 [Thread-106] DEBUG org.apache.ibatis.datasource.pooled.PooledDataSource  - Checked out connection 54468349 from pool.
10:47:56,057 [Thread-106] DEBUG org.apache.ibatis.transaction.jdbc.JdbcTransaction  - Setting autocommit to false on JDBC Connection [conn64: url=jdbc:h2:mem:activiti-AsyncExecutorTest user=SA]
10:47:56,057 [Thread-106] DEBUG org.activiti.engine.impl.persistence.entity.JobEntity.selectAsyncJobsDueToExecute  - ==&gt;  Preparing: select RES.* from ACT_RU_JOB RES LEFT OUTER JOIN ACT_RU_EXECUTION PI ON PI.ID_ = RES.PROCESS_INSTANCE_ID_ where RES.RETRIES_ &gt; 0 and RES.DUEDATE_ is not null and RES.DUEDATE_ &lt;= ? and (RES.LOCK_EXP_TIME_ is null or RES.LOCK_EXP_TIME_ &lt;= ?) and TYPE_ = &apos;message&apos; and ( (RES.EXECUTION_ID_ is null) or (PI.SUSPENSION_STATE_ = 1) ) LIMIT ? OFFSET ? 
10:47:56,057 [Thread-106] DEBUG org.activiti.engine.impl.persistence.entity.JobEntity.selectAsyncJobsDueToExecute  - ==&gt; Parameters: 2023-03-20 10:48:50.669(Timestamp), 2023-03-20 10:48:50.669(Timestamp), 1(Integer), 0(Integer)
10:47:56,057 [Thread-106] DEBUG org.activiti.engine.impl.persistence.entity.JobEntity.selectAsyncJobsDueToExecute  - &lt;==      Total: 0
10:47:56,057 [Thread-106] DEBUG org.activiti.engine.impl.db.DbSqlSession  - flush summary: 0 insert, 0 update, 0 delete.
10:47:56,057 [Thread-106] DEBUG org.activiti.engine.impl.db.DbSqlSession  - now executing flush...
10:47:56,057 [Thread-106] DEBUG org.activiti.engine.impl.cfg.standalone.StandaloneMybatisTransactionContext  - firing event committing...
10:47:56,057 [Thread-106] DEBUG org.activiti.engine.impl.cfg.standalone.StandaloneMybatisTransactionContext  - committing the ibatis sql session...
10:47:56,057 [Thread-106] DEBUG org.activiti.engine.impl.cfg.standalone.StandaloneMybatisTransactionContext  - firing event committed...
10:47:56,057 [Thread-106] DEBUG org.apache.ibatis.transaction.jdbc.JdbcTransaction  - Resetting autocommit to true on JDBC Connection [conn64: url=jdbc:h2:mem:activiti-AsyncExecutorTest user=SA]
10:47:56,057 [Thread-106] DEBUG org.apache.ibatis.transaction.jdbc.JdbcTransaction  - Closing JDBC Connection [conn64: url=jdbc:h2:mem:activiti-AsyncExecutorTest user=SA]
10:47:56,057 [Thread-106] DEBUG org.apache.ibatis.datasource.pooled.PooledDataSource  - Returned connection 54468349 to pool.
10:47:56,057 [Thread-106] DEBUG org.activiti.engine.impl.interceptor.LogInterceptor  - --- AcquireAsyncJobsDueCmd finished --------------------------------------------------------
10:47:56,057 [Thread-106] DEBUG org.activiti.engine.impl.interceptor.LogInterceptor  - 

10:47:56,057 [Thread-106] DEBUG org.activiti.engine.impl.asyncexecutor.AcquireAsyncJobsDueRunnable  - async job acquisition thread sleeping for 50 millis
10:47:56,055 [Thread-105] DEBUG org.activiti.engine.impl.interceptor.LogInterceptor  - --- starting AcquireTimerJobsCmd --------------------------------------------------------
10:47:56,057 [Thread-105] DEBUG org.apache.ibatis.transaction.jdbc.JdbcTransaction  - Opening JDBC Connection
10:47:56,057 [Thread-105] DEBUG org.apache.ibatis.datasource.pooled.PooledDataSource  - Checked out connection 1970103261 from pool.
10:47:56,057 [Thread-105] DEBUG org.apache.ibatis.transaction.jdbc.JdbcTransaction  - Setting autocommit to false on JDBC Connection [conn63: url=jdbc:h2:mem:activiti-AsyncExecutorTest user=SA]
10:47:56,057 [Thread-105] DEBUG org.activiti.engine.impl.persistence.entity.JobEntity.selectNextTimerJobsToExecute  - ==&gt;  Preparing: select RES.* from ACT_RU_JOB RES LEFT OUTER JOIN ACT_RU_EXECUTION PI ON PI.ID_ = RES.PROCESS_INSTANCE_ID_ where (RES.RETRIES_ &gt; 0) and (RES.DUEDATE_ is null or RES.DUEDATE_ &lt;= ?) and (RES.LOCK_OWNER_ is null or RES.LOCK_EXP_TIME_ &lt;= ?) and TYPE_ = &apos;timer&apos; and ( (RES.EXECUTION_ID_ is null) or (PI.SUSPENSION_STATE_ = 1) ) LIMIT ? OFFSET ? 
10:47:56,056 [Thread-102] DEBUG org.activiti.engine.impl.persistence.entity.JobEntity.selectNextTimerJobsToExecute  - &lt;==      Total: 0
10:47:56,057 [Thread-102] DEBUG org.activiti.engine.impl.db.DbSqlSession  - flush summary: 0 insert, 0 update, 0 delete.
10:47:56,057 [Thread-102] DEBUG org.activiti.engine.impl.db.DbSqlSession  - now executing flush...
10:47:56,057 [Thread-102] DEBUG org.activiti.engine.impl.cfg.standalone.StandaloneMybatisTransactionContext  - firing event committing...
10:47:56,057 [Thread-102] DEBUG org.activiti.engine.impl.cfg.standalone.StandaloneMybatisTransactionContext  - committing the ibatis sql session...
10:47:56,057 [Thread-102] DEBUG org.activiti.engine.impl.cfg.standalone.StandaloneMybatisTransactionContext  - firing event committed...
10:47:56,057 [Thread-102] DEBUG org.apache.ibatis.transaction.jdbc.JdbcTransaction  - Resetting autocommit to true on JDBC Connection [conn61: url=jdbc:h2:mem:activiti-AsyncExecutorTest user=SA]
10:47:56,057 [Thread-102] DEBUG org.apache.ibatis.transaction.jdbc.JdbcTransaction  - Closing JDBC Connection [conn61: url=jdbc:h2:mem:activiti-AsyncExecutorTest user=SA]
10:47:56,057 [Thread-102] DEBUG org.apache.ibatis.datasource.pooled.PooledDataSource  - Returned connection 157985567 to pool.
10:47:56,056 [Thread-111] DEBUG org.activiti.engine.impl.persistence.entity.JobEntity.selectNextTimerJobsToExecute  - ==&gt; Parameters: 2023-03-20 10:48:50.669(Timestamp), 2023-03-20 10:48:50.669(Timestamp), 1(Integer), 0(Integer)
10:47:56,057 [Thread-111] DEBUG org.activiti.engine.impl.persistence.entity.JobEntity.selectNextTimerJobsToExecute  - &lt;==      Total: 0
10:47:56,057 [Thread-111] DEBUG org.activiti.engine.impl.db.DbSqlSession  - flush summary: 0 insert, 0 update, 0 delete.
10:47:56,057 [Thread-111] DEBUG org.activiti.engine.impl.db.DbSqlSession  - now executing flush...
10:47:56,057 [Thread-111] DEBUG org.activiti.engine.impl.cfg.standalone.StandaloneMybatisTransactionContext  - firing event committing...
10:47:56,057 [Thread-111] DEBUG org.activiti.engine.impl.cfg.standalone.StandaloneMybatisTransactionContext  - committing the ibatis sql session...
10:47:56,057 [Thread-111] DEBUG org.activiti.engine.impl.cfg.standalone.StandaloneMybatisTransactionContext  - firing event committed...
10:47:56,057 [Thread-111] DEBUG org.apache.ibatis.transaction.jdbc.JdbcTransaction  - Resetting autocommit to true on JDBC Connection [conn69: url=jdbc:h2:mem:activiti-AsyncExecutorTest user=SA]
10:47:56,057 [Thread-111] DEBUG org.apache.ibatis.transaction.jdbc.JdbcTransaction  - Closing JDBC Connection [conn69: url=jdbc:h2:mem:activiti-AsyncExecutorTest user=SA]
10:47:56,057 [Thread-111] DEBUG org.apache.ibatis.datasource.pooled.PooledDataSource  - Returned connection 1863805930 to pool.
10:47:56,057 [Thread-111] DEBUG org.activiti.engine.impl.interceptor.LogInterceptor  - --- AcquireTimerJobsCmd finished --------------------------------------------------------
10:47:56,057 [Thread-111] DEBUG org.activiti.engine.impl.interceptor.LogInterceptor  - 

10:47:56,057 [Thread-111] DEBUG org.activiti.engine.impl.asyncexecutor.AcquireTimerJobsRunnable  - timer job acquisition thread sleeping for 50 millis
10:47:56,057 [Thread-102] DEBUG org.activiti.engine.impl.interceptor.LogInterceptor  - --- AcquireTimerJobsCmd finished --------------------------------------------------------
10:47:56,057 [Thread-102] DEBUG org.activiti.engine.impl.interceptor.LogInterceptor  - 

10:47:56,058 [Thread-102] DEBUG org.activiti.engine.impl.asyncexecutor.AcquireTimerJobsRunnable  - timer job acquisition thread sleeping for 50 millis
10:47:56,057 [Thread-105] DEBUG org.activiti.engine.impl.persistence.entity.JobEntity.selectNextTimerJobsToExecute  - ==&gt; Parameters: 2023-03-20 10:48:50.669(Timestamp), 2023-03-20 10:48:50.669(Timestamp), 1(Integer), 0(Integer)
10:47:56,058 [Thread-105] DEBUG org.activiti.engine.impl.persistence.entity.JobEntity.selectNextTimerJobsToExecute  - &lt;==      Total: 0
10:47:56,058 [Thread-105] DEBUG org.activiti.engine.impl.db.DbSqlSession  - flush summary: 0 insert, 0 update, 0 delete.
10:47:56,058 [Thread-105] DEBUG org.activiti.engine.impl.db.DbSqlSession  - now executing flush...
10:47:56,058 [Thread-105] DEBUG org.activiti.engine.impl.cfg.standalone.StandaloneMybatisTransactionContext  - firing event committing...
10:47:56,058 [Thread-105] DEBUG org.activiti.engine.impl.cfg.standalone.StandaloneMybatisTransactionContext  - committing the ibatis sql session...
10:47:56,058 [Thread-105] DEBUG org.activiti.engine.impl.cfg.standalone.StandaloneMybatisTransactionContext  - firing event committed...
10:47:56,058 [Thread-105] DEBUG org.apache.ibatis.transaction.jdbc.JdbcTransaction  - Resetting autocommit to true on JDBC Connection [conn63: url=jdbc:h2:mem:activiti-AsyncExecutorTest user=SA]
10:47:56,058 [Thread-105] DEBUG org.apache.ibatis.transaction.jdbc.JdbcTransaction  - Closing JDBC Connection [conn63: url=jdbc:h2:mem:activiti-AsyncExecutorTest user=SA]
10:47:56,058 [Thread-105] DEBUG org.apache.ibatis.datasource.pooled.PooledDataSource  - Returned connection 1970103261 to pool.
10:47:56,058 [Thread-105] DEBUG org.activiti.engine.impl.interceptor.LogInterceptor  - --- AcquireTimerJobsCmd finished --------------------------------------------------------
10:47:56,058 [Thread-105] DEBUG org.activiti.engine.impl.interceptor.LogInterceptor  - 

10:47:56,058 [Thread-105] DEBUG org.activiti.engine.impl.asyncexecutor.AcquireTimerJobsRunnable  - timer job acquisition thread sleeping for 50 millis
10:47:56,102 [Thread-112] DEBUG org.activiti.engine.impl.asyncexecutor.AcquireAsyncJobsDueRunnable  - async job acquisition thread woke up
10:47:56,102 [Thread-112] DEBUG org.activiti.engine.impl.interceptor.LogInterceptor  - 

10:47:56,102 [Thread-112] DEBUG org.activiti.engine.impl.interceptor.LogInterceptor  - --- starting AcquireAsyncJobsDueCmd --------------------------------------------------------
10:47:56,102 [Thread-112] DEBUG org.apache.ibatis.transaction.jdbc.JdbcTransaction  - Opening JDBC Connection
10:47:56,102 [Thread-112] DEBUG org.apache.ibatis.datasource.pooled.PooledDataSource  - Checked out connection 604408605 from pool.
10:47:56,102 [Thread-112] DEBUG org.apache.ibatis.transaction.jdbc.JdbcTransaction  - Setting autocommit to false on JDBC Connection [conn70: url=jdbc:h2:mem:activiti-AsyncExecutorTest user=SA]
10:47:56,102 [Thread-112] DEBUG org.activiti.engine.impl.persistence.entity.JobEntity.selectAsyncJobsDueToExecute  - ==&gt;  Preparing: select RES.* from ACT_RU_JOB RES LEFT OUTER JOIN ACT_RU_EXECUTION PI ON PI.ID_ = RES.PROCESS_INSTANCE_ID_ where RES.RETRIES_ &gt; 0 and RES.DUEDATE_ is not null and RES.DUEDATE_ &lt;= ? and (RES.LOCK_EXP_TIME_ is null or RES.LOCK_EXP_TIME_ &lt;= ?) and TYPE_ = &apos;message&apos; and ( (RES.EXECUTION_ID_ is null) or (PI.SUSPENSION_STATE_ = 1) ) LIMIT ? OFFSET ? 
10:47:56,102 [Thread-112] DEBUG org.activiti.engine.impl.persistence.entity.JobEntity.selectAsyncJobsDueToExecute  - ==&gt; Parameters: 2023-03-20 10:48:50.669(Timestamp), 2023-03-20 10:48:50.669(Timestamp), 1(Integer), 0(Integer)
10:47:56,102 [Thread-112] DEBUG org.activiti.engine.impl.persistence.entity.JobEntity.selectAsyncJobsDueToExecute  - &lt;==      Total: 0
10:47:56,102 [Thread-112] DEBUG org.activiti.engine.impl.db.DbSqlSession  - flush summary: 0 insert, 0 update, 0 delete.
10:47:56,102 [Thread-112] DEBUG org.activiti.engine.impl.db.DbSqlSession  - now executing flush...
10:47:56,103 [Thread-112] DEBUG org.activiti.engine.impl.cfg.standalone.StandaloneMybatisTransactionContext  - firing event committing...
10:47:56,103 [Thread-112] DEBUG org.activiti.engine.impl.cfg.standalone.StandaloneMybatisTransactionContext  - committing the ibatis sql session...
10:47:56,103 [Thread-112] DEBUG org.activiti.engine.impl.cfg.standalone.StandaloneMybatisTransactionContext  - firing event committed...
10:47:56,103 [Thread-112] DEBUG org.apache.ibatis.transaction.jdbc.JdbcTransaction  - Resetting autocommit to true on JDBC Connection [conn70: url=jdbc:h2:mem:activiti-AsyncExecutorTest user=SA]
10:47:56,103 [Thread-112] DEBUG org.apache.ibatis.transaction.jdbc.JdbcTransaction  - Closing JDBC Connection [conn70: url=jdbc:h2:mem:activiti-AsyncExecutorTest user=SA]
10:47:56,103 [Thread-112] DEBUG org.apache.ibatis.datasource.pooled.PooledDataSource  - Returned connection 604408605 to pool.
10:47:56,103 [Thread-112] DEBUG org.activiti.engine.impl.interceptor.LogInterceptor  - --- AcquireAsyncJobsDueCmd finished --------------------------------------------------------
10:47:56,103 [Thread-112] DEBUG org.activiti.engine.impl.interceptor.LogInterceptor  - 

10:47:56,103 [Thread-112] DEBUG org.activiti.engine.impl.asyncexecutor.AcquireAsyncJobsDueRunnable  - async job acquisition thread sleeping for 50 millis
10:47:56,118 [Thread-106] DEBUG org.activiti.engine.impl.asyncexecutor.AcquireAsyncJobsDueRunnable  - async job acquisition thread woke up
10:47:56,118 [Thread-106] DEBUG org.activiti.engine.impl.interceptor.LogInterceptor  - 

10:47:56,118 [Thread-106] DEBUG org.activiti.engine.impl.interceptor.LogInterceptor  - --- starting AcquireAsyncJobsDueCmd --------------------------------------------------------
10:47:56,118 [Thread-106] DEBUG org.apache.ibatis.transaction.jdbc.JdbcTransaction  - Opening JDBC Connection
10:47:56,118 [Thread-103] DEBUG org.activiti.engine.impl.asyncexecutor.AcquireAsyncJobsDueRunnable  - async job acquisition thread woke up
10:47:56,118 [Thread-103] DEBUG org.activiti.engine.impl.interceptor.LogInterceptor  - 

10:47:56,118 [Thread-103] DEBUG org.activiti.engine.impl.interceptor.LogInterceptor  - --- starting AcquireAsyncJobsDueCmd --------------------------------------------------------
10:47:56,118 [Thread-103] DEBUG org.apache.ibatis.transaction.jdbc.JdbcTransaction  - Opening JDBC Connection
10:47:56,118 [Thread-103] DEBUG org.apache.ibatis.datasource.pooled.PooledDataSource  - Checked out connection 33534803 from pool.
10:47:56,118 [Thread-103] DEBUG org.apache.ibatis.transaction.jdbc.JdbcTransaction  - Setting autocommit to false on JDBC Connection [conn60: url=jdbc:h2:mem:activiti-AsyncExecutorTest user=SA]
10:47:56,118 [Thread-103] DEBUG org.activiti.engine.impl.persistence.entity.JobEntity.selectAsyncJobsDueToExecute  - ==&gt;  Preparing: select RES.* from ACT_RU_JOB RES LEFT OUTER JOIN ACT_RU_EXECUTION PI ON PI.ID_ = RES.PROCESS_INSTANCE_ID_ where RES.RETRIES_ &gt; 0 and RES.DUEDATE_ is not null and RES.DUEDATE_ &lt;= ? and (RES.LOCK_EXP_TIME_ is null or RES.LOCK_EXP_TIME_ &lt;= ?) and TYPE_ = &apos;message&apos; and ( (RES.EXECUTION_ID_ is null) or (PI.SUSPENSION_STATE_ = 1) ) LIMIT ? OFFSET ? 
10:47:56,118 [Thread-105] DEBUG org.activiti.engine.impl.asyncexecutor.AcquireTimerJobsRunnable  - timer job acquisition thread woke up
10:47:56,118 [Thread-105] DEBUG org.activiti.engine.impl.interceptor.LogInterceptor  - 

10:47:56,118 [Thread-105] DEBUG org.activiti.engine.impl.interceptor.LogInterceptor  - --- starting AcquireTimerJobsCmd --------------------------------------------------------
10:47:56,118 [Thread-111] DEBUG org.activiti.engine.impl.asyncexecutor.AcquireTimerJobsRunnable  - timer job acquisition thread woke up
10:47:56,118 [Thread-111] DEBUG org.activiti.engine.impl.interceptor.LogInterceptor  - 

10:47:56,118 [Thread-111] DEBUG org.activiti.engine.impl.interceptor.LogInterceptor  - --- starting AcquireTimerJobsCmd --------------------------------------------------------
10:47:56,118 [Thread-111] DEBUG org.apache.ibatis.transaction.jdbc.JdbcTransaction  - Opening JDBC Connection
10:47:56,118 [Thread-111] DEBUG org.apache.ibatis.datasource.pooled.PooledDataSource  - Checked out connection 58501658 from pool.
10:47:56,118 [Thread-111] DEBUG org.apache.ibatis.transaction.jdbc.JdbcTransaction  - Setting autocommit to false on JDBC Connection [conn68: url=jdbc:h2:mem:activiti-AsyncExecutorTest user=SA]
10:47:56,118 [Thread-111] DEBUG org.activiti.engine.impl.persistence.entity.JobEntity.selectNextTimerJobsToExecute  - ==&gt;  Preparing: select RES.* from ACT_RU_JOB RES LEFT OUTER JOIN ACT_RU_EXECUTION PI ON PI.ID_ = RES.PROCESS_INSTANCE_ID_ where (RES.RETRIES_ &gt; 0) and (RES.DUEDATE_ is null or RES.DUEDATE_ &lt;= ?) and (RES.LOCK_OWNER_ is null or RES.LOCK_EXP_TIME_ &lt;= ?) and TYPE_ = &apos;timer&apos; and ( (RES.EXECUTION_ID_ is null) or (PI.SUSPENSION_STATE_ = 1) ) LIMIT ? OFFSET ? 
10:47:56,118 [Thread-111] DEBUG org.activiti.engine.impl.persistence.entity.JobEntity.selectNextTimerJobsToExecute  - ==&gt; Parameters: 2023-03-20 10:48:50.669(Timestamp), 2023-03-20 10:48:50.669(Timestamp), 1(Integer), 0(Integer)
10:47:56,118 [Thread-111] DEBUG org.activiti.engine.impl.persistence.entity.JobEntity.selectNextTimerJobsToExecute  - &lt;==      Total: 0
10:47:56,118 [Thread-111] DEBUG org.activiti.engine.impl.db.DbSqlSession  - flush summary: 0 insert, 0 update, 0 delete.
10:47:56,118 [Thread-111] DEBUG org.activiti.engine.impl.db.DbSqlSession  - now executing flush...
10:47:56,118 [Thread-111] DEBUG org.activiti.engine.impl.cfg.standalone.StandaloneMybatisTransactionContext  - firing event committing...
10:47:56,118 [Thread-111] DEBUG org.activiti.engine.impl.cfg.standalone.StandaloneMybatisTransactionContext  - committing the ibatis sql session...
10:47:56,118 [Thread-111] DEBUG org.activiti.engine.impl.cfg.standalone.StandaloneMybatisTransactionContext  - firing event committed...
10:47:56,118 [Thread-111] DEBUG org.apache.ibatis.transaction.jdbc.JdbcTransaction  - Resetting autocommit to true on JDBC Connection [conn68: url=jdbc:h2:mem:activiti-AsyncExecutorTest user=SA]
10:47:56,118 [Thread-111] DEBUG org.apache.ibatis.transaction.jdbc.JdbcTransaction  - Closing JDBC Connection [conn68: url=jdbc:h2:mem:activiti-AsyncExecutorTest user=SA]
10:47:56,118 [Thread-102] DEBUG org.activiti.engine.impl.asyncexecutor.AcquireTimerJobsRunnable  - timer job acquisition thread woke up
10:47:56,118 [Thread-102] DEBUG org.activiti.engine.impl.interceptor.LogInterceptor  - 

10:47:56,118 [Thread-102] DEBUG org.activiti.engine.impl.interceptor.LogInterceptor  - --- starting AcquireTimerJobsCmd --------------------------------------------------------
10:47:56,118 [Thread-102] DEBUG org.apache.ibatis.transaction.jdbc.JdbcTransaction  - Opening JDBC Connection
10:47:56,119 [Thread-102] DEBUG org.apache.ibatis.datasource.pooled.PooledDataSource  - Checked out connection 720039383 from pool.
10:47:56,119 [Thread-102] DEBUG org.apache.ibatis.transaction.jdbc.JdbcTransaction  - Setting autocommit to false on JDBC Connection [conn59: url=jdbc:h2:mem:activiti-AsyncExecutorTest user=SA]
10:47:56,119 [Thread-102] DEBUG org.activiti.engine.impl.persistence.entity.JobEntity.selectNextTimerJobsToExecute  - ==&gt;  Preparing: select RES.* from ACT_RU_JOB RES LEFT OUTER JOIN ACT_RU_EXECUTION PI ON PI.ID_ = RES.PROCESS_INSTANCE_ID_ where (RES.RETRIES_ &gt; 0) and (RES.DUEDATE_ is null or RES.DUEDATE_ &lt;= ?) and (RES.LOCK_OWNER_ is null or RES.LOCK_EXP_TIME_ &lt;= ?) and TYPE_ = &apos;timer&apos; and ( (RES.EXECUTION_ID_ is null) or (PI.SUSPENSION_STATE_ = 1) ) LIMIT ? OFFSET ? 
10:47:56,118 [Thread-111] DEBUG org.apache.ibatis.datasource.pooled.PooledDataSource  - Returned connection 58501658 to pool.
10:47:56,119 [Thread-111] DEBUG org.activiti.engine.impl.interceptor.LogInterceptor  - --- AcquireTimerJobsCmd finished --------------------------------------------------------
10:47:56,119 [Thread-111] DEBUG org.activiti.engine.impl.interceptor.LogInterceptor  - 

10:47:56,118 [Thread-105] DEBUG org.apache.ibatis.transaction.jdbc.JdbcTransaction  - Opening JDBC Connection
10:47:56,118 [Thread-103] DEBUG org.activiti.engine.impl.persistence.entity.JobEntity.selectAsyncJobsDueToExecute  - ==&gt; Parameters: 2023-03-20 10:48:50.669(Timestamp), 2023-03-20 10:48:50.669(Timestamp), 1(Integer), 0(Integer)
10:47:56,119 [Thread-103] DEBUG org.activiti.engine.impl.persistence.entity.JobEntity.selectAsyncJobsDueToExecute  - &lt;==      Total: 0
10:47:56,119 [Thread-103] DEBUG org.activiti.engine.impl.db.DbSqlSession  - flush summary: 0 insert, 0 update, 0 delete.
10:47:56,119 [Thread-103] DEBUG org.activiti.engine.impl.db.DbSqlSession  - now executing flush...
10:47:56,119 [Thread-103] DEBUG org.activiti.engine.impl.cfg.standalone.StandaloneMybatisTransactionContext  - firing event committing...
10:47:56,119 [Thread-103] DEBUG org.activiti.engine.impl.cfg.standalone.StandaloneMybatisTransactionContext  - committing the ibatis sql session...
10:47:56,119 [Thread-103] DEBUG org.activiti.engine.impl.cfg.standalone.StandaloneMybatisTransactionContext  - firing event committed...
10:47:56,119 [Thread-103] DEBUG org.apache.ibatis.transaction.jdbc.JdbcTransaction  - Resetting autocommit to true on JDBC Connection [conn60: url=jdbc:h2:mem:activiti-AsyncExecutorTest user=SA]
10:47:56,119 [Thread-103] DEBUG org.apache.ibatis.transaction.jdbc.JdbcTransaction  - Closing JDBC Connection [conn60: url=jdbc:h2:mem:activiti-AsyncExecutorTest user=SA]
10:47:56,119 [Thread-103] DEBUG org.apache.ibatis.datasource.pooled.PooledDataSource  - Returned connection 33534803 to pool.
10:47:56,119 [Thread-103] DEBUG org.activiti.engine.impl.interceptor.LogInterceptor  - --- AcquireAsyncJobsDueCmd finished --------------------------------------------------------
10:47:56,119 [Thread-103] DEBUG org.activiti.engine.impl.interceptor.LogInterceptor  - 

10:47:56,119 [Thread-103] DEBUG org.activiti.engine.impl.asyncexecutor.AcquireAsyncJobsDueRunnable  - async job acquisition thread sleeping for 50 millis
10:47:56,118 [Thread-106] DEBUG org.apache.ibatis.datasource.pooled.PooledDataSource  - Checked out connection 996762054 from pool.
10:47:56,119 [Thread-106] DEBUG org.apache.ibatis.transaction.jdbc.JdbcTransaction  - Setting autocommit to false on JDBC Connection [conn65: url=jdbc:h2:mem:activiti-AsyncExecutorTest user=SA]
10:47:56,119 [Thread-106] DEBUG org.activiti.engine.impl.persistence.entity.JobEntity.selectAsyncJobsDueToExecute  - ==&gt;  Preparing: select RES.* from ACT_RU_JOB RES LEFT OUTER JOIN ACT_RU_EXECUTION PI ON PI.ID_ = RES.PROCESS_INSTANCE_ID_ where RES.RETRIES_ &gt; 0 and RES.DUEDATE_ is not null and RES.DUEDATE_ &lt;= ? and (RES.LOCK_EXP_TIME_ is null or RES.LOCK_EXP_TIME_ &lt;= ?) and TYPE_ = &apos;message&apos; and ( (RES.EXECUTION_ID_ is null) or (PI.SUSPENSION_STATE_ = 1) ) LIMIT ? OFFSET ? 
10:47:56,119 [Thread-111] DEBUG org.activiti.engine.impl.asyncexecutor.AcquireTimerJobsRunnable  - timer job acquisition thread sleeping for 50 millis
10:47:56,119 [Thread-102] DEBUG org.activiti.engine.impl.persistence.entity.JobEntity.selectNextTimerJobsToExecute  - ==&gt; Parameters: 2023-03-20 10:48:50.669(Timestamp), 2023-03-20 10:48:50.669(Timestamp), 1(Integer), 0(Integer)
10:47:56,120 [Thread-102] DEBUG org.activiti.engine.impl.persistence.entity.JobEntity.selectNextTimerJobsToExecute  - &lt;==      Total: 0
10:47:56,120 [Thread-102] DEBUG org.activiti.engine.impl.db.DbSqlSession  - flush summary: 0 insert, 0 update, 0 delete.
10:47:56,119 [Thread-106] DEBUG org.activiti.engine.impl.persistence.entity.JobEntity.selectAsyncJobsDueToExecute  - ==&gt; Parameters: 2023-03-20 10:48:50.669(Timestamp), 2023-03-20 10:48:50.669(Timestamp), 1(Integer), 0(Integer)
10:47:56,120 [Thread-106] DEBUG org.activiti.engine.impl.persistence.entity.JobEntity.selectAsyncJobsDueToExecute  - &lt;==      Total: 0
10:47:56,120 [Thread-106] DEBUG org.activiti.engine.impl.db.DbSqlSession  - flush summary: 0 insert, 0 update, 0 delete.
10:47:56,120 [Thread-106] DEBUG org.activiti.engine.impl.db.DbSqlSession  - now executing flush...
10:47:56,120 [Thread-106] DEBUG org.activiti.engine.impl.cfg.standalone.StandaloneMybatisTransactionContext  - firing event committing...
10:47:56,120 [Thread-106] DEBUG org.activiti.engine.impl.cfg.standalone.StandaloneMybatisTransactionContext  - committing the ibatis sql session...
10:47:56,120 [Thread-106] DEBUG org.activiti.engine.impl.cfg.standalone.StandaloneMybatisTransactionContext  - firing event committed...
10:47:56,120 [Thread-106] DEBUG org.apache.ibatis.transaction.jdbc.JdbcTransaction  - Resetting autocommit to true on JDBC Connection [conn65: url=jdbc:h2:mem:activiti-AsyncExecutorTest user=SA]
10:47:56,120 [Thread-106] DEBUG org.apache.ibatis.transaction.jdbc.JdbcTransaction  - Closing JDBC Connection [conn65: url=jdbc:h2:mem:activiti-AsyncExecutorTest user=SA]
10:47:56,119 [Thread-105] DEBUG org.apache.ibatis.datasource.pooled.PooledDataSource  - Checked out connection 54468349 from pool.
10:47:56,120 [Thread-105] DEBUG org.apache.ibatis.transaction.jdbc.JdbcTransaction  - Setting autocommit to false on JDBC Connection [conn64: url=jdbc:h2:mem:activiti-AsyncExecutorTest user=SA]
10:47:56,120 [Thread-105] DEBUG org.activiti.engine.impl.persistence.entity.JobEntity.selectNextTimerJobsToExecute  - ==&gt;  Preparing: select RES.* from ACT_RU_JOB RES LEFT OUTER JOIN ACT_RU_EXECUTION PI ON PI.ID_ = RES.PROCESS_INSTANCE_ID_ where (RES.RETRIES_ &gt; 0) and (RES.DUEDATE_ is null or RES.DUEDATE_ &lt;= ?) and (RES.LOCK_OWNER_ is null or RES.LOCK_EXP_TIME_ &lt;= ?) and TYPE_ = &apos;timer&apos; and ( (RES.EXECUTION_ID_ is null) or (PI.SUSPENSION_STATE_ = 1) ) LIMIT ? OFFSET ? 
10:47:56,120 [Thread-106] DEBUG org.apache.ibatis.datasource.pooled.PooledDataSource  - Returned connection 996762054 to pool.
10:47:56,120 [Thread-106] DEBUG org.activiti.engine.impl.interceptor.LogInterceptor  - --- AcquireAsyncJobsDueCmd finished --------------------------------------------------------
10:47:56,120 [Thread-106] DEBUG org.activiti.engine.impl.interceptor.LogInterceptor  - 

10:47:56,120 [Thread-106] DEBUG org.activiti.engine.impl.asyncexecutor.AcquireAsyncJobsDueRunnable  - async job acquisition thread sleeping for 50 millis
10:47:56,120 [Thread-102] DEBUG org.activiti.engine.impl.db.DbSqlSession  - now executing flush...
10:47:56,120 [Thread-102] DEBUG org.activiti.engine.impl.cfg.standalone.StandaloneMybatisTransactionContext  - firing event committing...
10:47:56,120 [Thread-102] DEBUG org.activiti.engine.impl.cfg.standalone.StandaloneMybatisTransactionContext  - committing the ibatis sql session...
10:47:56,120 [Thread-102] DEBUG org.activiti.engine.impl.cfg.standalone.StandaloneMybatisTransactionContext  - firing event committed...
10:47:56,120 [Thread-105] DEBUG org.activiti.engine.impl.persistence.entity.JobEntity.selectNextTimerJobsToExecute  - ==&gt; Parameters: 2023-03-20 10:48:50.669(Timestamp), 2023-03-20 10:48:50.669(Timestamp), 1(Integer), 0(Integer)
10:47:56,120 [Thread-105] DEBUG org.activiti.engine.impl.persistence.entity.JobEntity.selectNextTimerJobsToExecute  - &lt;==      Total: 0
10:47:56,120 [Thread-105] DEBUG org.activiti.engine.impl.db.DbSqlSession  - flush summary: 0 insert, 0 update, 0 delete.
10:47:56,120 [Thread-105] DEBUG org.activiti.engine.impl.db.DbSqlSession  - now executing flush...
10:47:56,120 [Thread-105] DEBUG org.activiti.engine.impl.cfg.standalone.StandaloneMybatisTransactionContext  - firing event committing...
10:47:56,120 [Thread-105] DEBUG org.activiti.engine.impl.cfg.standalone.StandaloneMybatisTransactionContext  - committing the ibatis sql session...
10:47:56,120 [Thread-105] DEBUG org.activiti.engine.impl.cfg.standalone.StandaloneMybatisTransactionContext  - firing event committed...
10:47:56,120 [Thread-105] DEBUG org.apache.ibatis.transaction.jdbc.JdbcTransaction  - Resetting autocommit to true on JDBC Connection [conn64: url=jdbc:h2:mem:activiti-AsyncExecutorTest user=SA]
10:47:56,120 [Thread-105] DEBUG org.apache.ibatis.transaction.jdbc.JdbcTransaction  - Closing JDBC Connection [conn64: url=jdbc:h2:mem:activiti-AsyncExecutorTest user=SA]
10:47:56,120 [Thread-105] DEBUG org.apache.ibatis.datasource.pooled.PooledDataSource  - Returned connection 54468349 to pool.
10:47:56,120 [Thread-105] DEBUG org.activiti.engine.impl.interceptor.LogInterceptor  - --- AcquireTimerJobsCmd finished --------------------------------------------------------
10:47:56,120 [Thread-105] DEBUG org.activiti.engine.impl.interceptor.LogInterceptor  - 

10:47:56,120 [Thread-105] DEBUG org.activiti.engine.impl.asyncexecutor.AcquireTimerJobsRunnable  - timer job acquisition thread sleeping for 50 millis
10:47:56,120 [Thread-102] DEBUG org.apache.ibatis.transaction.jdbc.JdbcTransaction  - Resetting autocommit to true on JDBC Connection [conn59: url=jdbc:h2:mem:activiti-AsyncExecutorTest user=SA]
10:47:56,120 [Thread-102] DEBUG org.apache.ibatis.transaction.jdbc.JdbcTransaction  - Closing JDBC Connection [conn59: url=jdbc:h2:mem:activiti-AsyncExecutorTest user=SA]
10:47:56,120 [Thread-102] DEBUG org.apache.ibatis.datasource.pooled.PooledDataSource  - Returned connection 720039383 to pool.
10:47:56,120 [Thread-102] DEBUG org.activiti.engine.impl.interceptor.LogInterceptor  - --- AcquireTimerJobsCmd finished --------------------------------------------------------
10:47:56,120 [Thread-102] DEBUG org.activiti.engine.impl.interceptor.LogInterceptor  - 

10:47:56,120 [Thread-102] DEBUG org.activiti.engine.impl.asyncexecutor.AcquireTimerJobsRunnable  - timer job acquisition thread sleeping for 50 millis
10:47:56,164 [Thread-112] DEBUG org.activiti.engine.impl.asyncexecutor.AcquireAsyncJobsDueRunnable  - async job acquisition thread woke up
10:47:56,164 [Thread-112] DEBUG org.activiti.engine.impl.interceptor.LogInterceptor  - 

10:47:56,164 [Thread-112] DEBUG org.activiti.engine.impl.interceptor.LogInterceptor  - --- starting AcquireAsyncJobsDueCmd --------------------------------------------------------
10:47:56,164 [Thread-112] DEBUG org.apache.ibatis.transaction.jdbc.JdbcTransaction  - Opening JDBC Connection
10:47:56,164 [Thread-112] DEBUG org.apache.ibatis.datasource.pooled.PooledDataSource  - Checked out connection 1863805930 from pool.
10:47:56,164 [Thread-112] DEBUG org.apache.ibatis.transaction.jdbc.JdbcTransaction  - Setting autocommit to false on JDBC Connection [conn69: url=jdbc:h2:mem:activiti-AsyncExecutorTest user=SA]
10:47:56,164 [Thread-112] DEBUG org.activiti.engine.impl.persistence.entity.JobEntity.selectAsyncJobsDueToExecute  - ==&gt;  Preparing: select RES.* from ACT_RU_JOB RES LEFT OUTER JOIN ACT_RU_EXECUTION PI ON PI.ID_ = RES.PROCESS_INSTANCE_ID_ where RES.RETRIES_ &gt; 0 and RES.DUEDATE_ is not null and RES.DUEDATE_ &lt;= ? and (RES.LOCK_EXP_TIME_ is null or RES.LOCK_EXP_TIME_ &lt;= ?) and TYPE_ = &apos;message&apos; and ( (RES.EXECUTION_ID_ is null) or (PI.SUSPENSION_STATE_ = 1) ) LIMIT ? OFFSET ? 
10:47:56,164 [Thread-112] DEBUG org.activiti.engine.impl.persistence.entity.JobEntity.selectAsyncJobsDueToExecute  - ==&gt; Parameters: 2023-03-20 10:48:50.669(Timestamp), 2023-03-20 10:48:50.669(Timestamp), 1(Integer), 0(Integer)
10:47:56,164 [Thread-112] DEBUG org.activiti.engine.impl.persistence.entity.JobEntity.selectAsyncJobsDueToExecute  - &lt;==      Total: 0
10:47:56,164 [Thread-112] DEBUG org.activiti.engine.impl.db.DbSqlSession  - flush summary: 0 insert, 0 update, 0 delete.
10:47:56,164 [Thread-112] DEBUG org.activiti.engine.impl.db.DbSqlSession  - now executing flush...
10:47:56,164 [Thread-112] DEBUG org.activiti.engine.impl.cfg.standalone.StandaloneMybatisTransactionContext  - firing event committing...
10:47:56,164 [Thread-112] DEBUG org.activiti.engine.impl.cfg.standalone.StandaloneMybatisTransactionContext  - committing the ibatis sql session...
10:47:56,164 [Thread-112] DEBUG org.activiti.engine.impl.cfg.standalone.StandaloneMybatisTransactionContext  - firing event committed...
10:47:56,164 [Thread-112] DEBUG org.apache.ibatis.transaction.jdbc.JdbcTransaction  - Resetting autocommit to true on JDBC Connection [conn69: url=jdbc:h2:mem:activiti-AsyncExecutorTest user=SA]
10:47:56,164 [Thread-112] DEBUG org.apache.ibatis.transaction.jdbc.JdbcTransaction  - Closing JDBC Connection [conn69: url=jdbc:h2:mem:activiti-AsyncExecutorTest user=SA]
10:47:56,164 [Thread-112] DEBUG org.apache.ibatis.datasource.pooled.PooledDataSource  - Returned connection 1863805930 to pool.
10:47:56,164 [Thread-112] DEBUG org.activiti.engine.impl.interceptor.LogInterceptor  - --- AcquireAsyncJobsDueCmd finished --------------------------------------------------------
10:47:56,164 [Thread-112] DEBUG org.activiti.engine.impl.interceptor.LogInterceptor  - 

10:47:56,164 [Thread-112] DEBUG org.activiti.engine.impl.asyncexecutor.AcquireAsyncJobsDueRunnable  - async job acquisition thread sleeping for 50 millis
10:47:56,179 [Thread-106] DEBUG org.activiti.engine.impl.asyncexecutor.AcquireAsyncJobsDueRunnable  - async job acquisition thread woke up
10:47:56,179 [Thread-106] DEBUG org.activiti.engine.impl.interceptor.LogInterceptor  - 

10:47:56,179 [Thread-106] DEBUG org.activiti.engine.impl.interceptor.LogInterceptor  - --- starting AcquireAsyncJobsDueCmd --------------------------------------------------------
10:47:56,179 [Thread-106] DEBUG org.apache.ibatis.transaction.jdbc.JdbcTransaction  - Opening JDBC Connection
10:47:56,179 [Thread-111] DEBUG org.activiti.engine.impl.asyncexecutor.AcquireTimerJobsRunnable  - timer job acquisition thread woke up
10:47:56,179 [Thread-111] DEBUG org.activiti.engine.impl.interceptor.LogInterceptor  - 

10:47:56,179 [Thread-111] DEBUG org.activiti.engine.impl.interceptor.LogInterceptor  - --- starting AcquireTimerJobsCmd --------------------------------------------------------
10:47:56,179 [Thread-111] DEBUG org.apache.ibatis.transaction.jdbc.JdbcTransaction  - Opening JDBC Connection
10:47:56,179 [Thread-111] DEBUG org.apache.ibatis.datasource.pooled.PooledDataSource  - Checked out connection 604408605 from pool.
10:47:56,179 [Thread-105] DEBUG org.activiti.engine.impl.asyncexecutor.AcquireTimerJobsRunnable  - timer job acquisition thread woke up
10:47:56,179 [Thread-105] DEBUG org.activiti.engine.impl.interceptor.LogInterceptor  - 

10:47:56,179 [Thread-105] DEBUG org.activiti.engine.impl.interceptor.LogInterceptor  - --- starting AcquireTimerJobsCmd --------------------------------------------------------
10:47:56,179 [Thread-105] DEBUG org.apache.ibatis.transaction.jdbc.JdbcTransaction  - Opening JDBC Connection
10:47:56,179 [Thread-102] DEBUG org.activiti.engine.impl.asyncexecutor.AcquireTimerJobsRunnable  - timer job acquisition thread woke up
10:47:56,179 [Thread-102] DEBUG org.activiti.engine.impl.interceptor.LogInterceptor  - 

10:47:56,179 [Thread-102] DEBUG org.activiti.engine.impl.interceptor.LogInterceptor  - --- starting AcquireTimerJobsCmd --------------------------------------------------------
10:47:56,179 [Thread-102] DEBUG org.apache.ibatis.transaction.jdbc.JdbcTransaction  - Opening JDBC Connection
10:47:56,179 [Thread-102] DEBUG org.apache.ibatis.datasource.pooled.PooledDataSource  - Checked out connection 157985567 from pool.
10:47:56,179 [Thread-102] DEBUG org.apache.ibatis.transaction.jdbc.JdbcTransaction  - Setting autocommit to false on JDBC Connection [conn61: url=jdbc:h2:mem:activiti-AsyncExecutorTest user=SA]
10:47:56,179 [Thread-102] DEBUG org.activiti.engine.impl.persistence.entity.JobEntity.selectNextTimerJobsToExecute  - ==&gt;  Preparing: select RES.* from ACT_RU_JOB RES LEFT OUTER JOIN ACT_RU_EXECUTION PI ON PI.ID_ = RES.PROCESS_INSTANCE_ID_ where (RES.RETRIES_ &gt; 0) and (RES.DUEDATE_ is null or RES.DUEDATE_ &lt;= ?) and (RES.LOCK_OWNER_ is null or RES.LOCK_EXP_TIME_ &lt;= ?) and TYPE_ = &apos;timer&apos; and ( (RES.EXECUTION_ID_ is null) or (PI.SUSPENSION_STATE_ = 1) ) LIMIT ? OFFSET ? 
10:47:56,179 [Thread-103] DEBUG org.activiti.engine.impl.asyncexecutor.AcquireAsyncJobsDueRunnable  - async job acquisition thread woke up
10:47:56,179 [Thread-103] DEBUG org.activiti.engine.impl.interceptor.LogInterceptor  - 

10:47:56,179 [Thread-103] DEBUG org.activiti.engine.impl.interceptor.LogInterceptor  - --- starting AcquireAsyncJobsDueCmd --------------------------------------------------------
10:47:56,179 [Thread-103] DEBUG org.apache.ibatis.transaction.jdbc.JdbcTransaction  - Opening JDBC Connection
10:47:56,179 [Thread-103] DEBUG org.apache.ibatis.datasource.pooled.PooledDataSource  - Checked out connection 33534803 from pool.
10:47:56,179 [Thread-103] DEBUG org.apache.ibatis.transaction.jdbc.JdbcTransaction  - Setting autocommit to false on JDBC Connection [conn60: url=jdbc:h2:mem:activiti-AsyncExecutorTest user=SA]
10:47:56,179 [Thread-103] DEBUG org.activiti.engine.impl.persistence.entity.JobEntity.selectAsyncJobsDueToExecute  - ==&gt;  Preparing: select RES.* from ACT_RU_JOB RES LEFT OUTER JOIN ACT_RU_EXECUTION PI ON PI.ID_ = RES.PROCESS_INSTANCE_ID_ where RES.RETRIES_ &gt; 0 and RES.DUEDATE_ is not null and RES.DUEDATE_ &lt;= ? and (RES.LOCK_EXP_TIME_ is null or RES.LOCK_EXP_TIME_ &lt;= ?) and TYPE_ = &apos;message&apos; and ( (RES.EXECUTION_ID_ is null) or (PI.SUSPENSION_STATE_ = 1) ) LIMIT ? OFFSET ? 
10:47:56,179 [Thread-103] DEBUG org.activiti.engine.impl.persistence.entity.JobEntity.selectAsyncJobsDueToExecute  - ==&gt; Parameters: 2023-03-20 10:48:50.669(Timestamp), 2023-03-20 10:48:50.669(Timestamp), 1(Integer), 0(Integer)
10:47:56,179 [Thread-103] DEBUG org.activiti.engine.impl.persistence.entity.JobEntity.selectAsyncJobsDueToExecute  - &lt;==      Total: 0
10:47:56,180 [Thread-103] DEBUG org.activiti.engine.impl.db.DbSqlSession  - flush summary: 0 insert, 0 update, 0 delete.
10:47:56,180 [Thread-103] DEBUG org.activiti.engine.impl.db.DbSqlSession  - now executing flush...
10:47:56,180 [Thread-103] DEBUG org.activiti.engine.impl.cfg.standalone.StandaloneMybatisTransactionContext  - firing event committing...
10:47:56,180 [Thread-103] DEBUG org.activiti.engine.impl.cfg.standalone.StandaloneMybatisTransactionContext  - committing the ibatis sql session...
10:47:56,179 [Thread-102] DEBUG org.activiti.engine.impl.persistence.entity.JobEntity.selectNextTimerJobsToExecute  - ==&gt; Parameters: 2023-03-20 10:48:50.669(Timestamp), 2023-03-20 10:48:50.669(Timestamp), 1(Integer), 0(Integer)
10:47:56,180 [Thread-102] DEBUG org.activiti.engine.impl.persistence.entity.JobEntity.selectNextTimerJobsToExecute  - &lt;==      Total: 0
10:47:56,180 [Thread-102] DEBUG org.activiti.engine.impl.db.DbSqlSession  - flush summary: 0 insert, 0 update, 0 delete.
10:47:56,180 [Thread-102] DEBUG org.activiti.engine.impl.db.DbSqlSession  - now executing flush...
10:47:56,180 [Thread-102] DEBUG org.activiti.engine.impl.cfg.standalone.StandaloneMybatisTransactionContext  - firing event committing...
10:47:56,180 [Thread-102] DEBUG org.activiti.engine.impl.cfg.standalone.StandaloneMybatisTransactionContext  - committing the ibatis sql session...
10:47:56,180 [Thread-102] DEBUG org.activiti.engine.impl.cfg.standalone.StandaloneMybatisTransactionContext  - firing event committed...
10:47:56,180 [Thread-102] DEBUG org.apache.ibatis.transaction.jdbc.JdbcTransaction  - Resetting autocommit to true on JDBC Connection [conn61: url=jdbc:h2:mem:activiti-AsyncExecutorTest user=SA]
10:47:56,179 [Thread-111] DEBUG org.apache.ibatis.transaction.jdbc.JdbcTransaction  - Setting autocommit to false on JDBC Connection [conn70: url=jdbc:h2:mem:activiti-AsyncExecutorTest user=SA]
10:47:56,180 [Thread-111] DEBUG org.activiti.engine.impl.persistence.entity.JobEntity.selectNextTimerJobsToExecute  - ==&gt;  Preparing: select RES.* from ACT_RU_JOB RES LEFT OUTER JOIN ACT_RU_EXECUTION PI ON PI.ID_ = RES.PROCESS_INSTANCE_ID_ where (RES.RETRIES_ &gt; 0) and (RES.DUEDATE_ is null or RES.DUEDATE_ &lt;= ?) and (RES.LOCK_OWNER_ is null or RES.LOCK_EXP_TIME_ &lt;= ?) and TYPE_ = &apos;timer&apos; and ( (RES.EXECUTION_ID_ is null) or (PI.SUSPENSION_STATE_ = 1) ) LIMIT ? OFFSET ? 
10:47:56,180 [Thread-111] DEBUG org.activiti.engine.impl.persistence.entity.JobEntity.selectNextTimerJobsToExecute  - ==&gt; Parameters: 2023-03-20 10:48:50.669(Timestamp), 2023-03-20 10:48:50.669(Timestamp), 1(Integer), 0(Integer)
10:47:56,180 [Thread-111] DEBUG org.activiti.engine.impl.persistence.entity.JobEntity.selectNextTimerJobsToExecute  - &lt;==      Total: 0
10:47:56,180 [Thread-111] DEBUG org.activiti.engine.impl.db.DbSqlSession  - flush summary: 0 insert, 0 update, 0 delete.
10:47:56,180 [Thread-111] DEBUG org.activiti.engine.impl.db.DbSqlSession  - now executing flush...
10:47:56,180 [Thread-111] DEBUG org.activiti.engine.impl.cfg.standalone.StandaloneMybatisTransactionContext  - firing event committing...
10:47:56,180 [Thread-111] DEBUG org.activiti.engine.impl.cfg.standalone.StandaloneMybatisTransactionContext  - committing the ibatis sql session...
10:47:56,180 [Thread-111] DEBUG org.activiti.engine.impl.cfg.standalone.StandaloneMybatisTransactionContext  - firing event committed...
10:47:56,180 [Thread-111] DEBUG org.apache.ibatis.transaction.jdbc.JdbcTransaction  - Resetting autocommit to true on JDBC Connection [conn70: url=jdbc:h2:mem:activiti-AsyncExecutorTest user=SA]
10:47:56,179 [Thread-106] DEBUG org.apache.ibatis.datasource.pooled.PooledDataSource  - Checked out connection 1970103261 from pool.
10:47:56,180 [Thread-106] DEBUG org.apache.ibatis.transaction.jdbc.JdbcTransaction  - Setting autocommit to false on JDBC Connection [conn63: url=jdbc:h2:mem:activiti-AsyncExecutorTest user=SA]
10:47:56,180 [Thread-106] DEBUG org.activiti.engine.impl.persistence.entity.JobEntity.selectAsyncJobsDueToExecute  - ==&gt;  Preparing: select RES.* from ACT_RU_JOB RES LEFT OUTER JOIN ACT_RU_EXECUTION PI ON PI.ID_ = RES.PROCESS_INSTANCE_ID_ where RES.RETRIES_ &gt; 0 and RES.DUEDATE_ is not null and RES.DUEDATE_ &lt;= ? and (RES.LOCK_EXP_TIME_ is null or RES.LOCK_EXP_TIME_ &lt;= ?) and TYPE_ = &apos;message&apos; and ( (RES.EXECUTION_ID_ is null) or (PI.SUSPENSION_STATE_ = 1) ) LIMIT ? OFFSET ? 
10:47:56,180 [Thread-111] DEBUG org.apache.ibatis.transaction.jdbc.JdbcTransaction  - Closing JDBC Connection [conn70: url=jdbc:h2:mem:activiti-AsyncExecutorTest user=SA]
10:47:56,180 [Thread-105] DEBUG org.apache.ibatis.datasource.pooled.PooledDataSource  - Checked out connection 996762054 from pool.
10:47:56,180 [Thread-105] DEBUG org.apache.ibatis.transaction.jdbc.JdbcTransaction  - Setting autocommit to false on JDBC Connection [conn65: url=jdbc:h2:mem:activiti-AsyncExecutorTest user=SA]
10:47:56,180 [Thread-105] DEBUG org.activiti.engine.impl.persistence.entity.JobEntity.selectNextTimerJobsToExecute  - ==&gt;  Preparing: select RES.* from ACT_RU_JOB RES LEFT OUTER JOIN ACT_RU_EXECUTION PI ON PI.ID_ = RES.PROCESS_INSTANCE_ID_ where (RES.RETRIES_ &gt; 0) and (RES.DUEDATE_ is null or RES.DUEDATE_ &lt;= ?) and (RES.LOCK_OWNER_ is null or RES.LOCK_EXP_TIME_ &lt;= ?) and TYPE_ = &apos;timer&apos; and ( (RES.EXECUTION_ID_ is null) or (PI.SUSPENSION_STATE_ = 1) ) LIMIT ? OFFSET ? 
10:47:56,180 [Thread-102] DEBUG org.apache.ibatis.transaction.jdbc.JdbcTransaction  - Closing JDBC Connection [conn61: url=jdbc:h2:mem:activiti-AsyncExecutorTest user=SA]
10:47:56,180 [Thread-102] DEBUG org.apache.ibatis.datasource.pooled.PooledDataSource  - Returned connection 157985567 to pool.
10:47:56,180 [Thread-102] DEBUG org.activiti.engine.impl.interceptor.LogInterceptor  - --- AcquireTimerJobsCmd finished --------------------------------------------------------
10:47:56,180 [Thread-102] DEBUG org.activiti.engine.impl.interceptor.LogInterceptor  - 

10:47:56,180 [Thread-103] DEBUG org.activiti.engine.impl.cfg.standalone.StandaloneMybatisTransactionContext  - firing event committed...
10:47:56,180 [Thread-103] DEBUG org.apache.ibatis.transaction.jdbc.JdbcTransaction  - Resetting autocommit to true on JDBC Connection [conn60: url=jdbc:h2:mem:activiti-AsyncExecutorTest user=SA]
10:47:56,180 [Thread-103] DEBUG org.apache.ibatis.transaction.jdbc.JdbcTransaction  - Closing JDBC Connection [conn60: url=jdbc:h2:mem:activiti-AsyncExecutorTest user=SA]
10:47:56,180 [Thread-103] DEBUG org.apache.ibatis.datasource.pooled.PooledDataSource  - Returned connection 33534803 to pool.
10:47:56,180 [Thread-103] DEBUG org.activiti.engine.impl.interceptor.LogInterceptor  - --- AcquireAsyncJobsDueCmd finished --------------------------------------------------------
10:47:56,181 [Thread-103] DEBUG org.activiti.engine.impl.interceptor.LogInterceptor  - 

10:47:56,181 [Thread-103] DEBUG org.activiti.engine.impl.asyncexecutor.AcquireAsyncJobsDueRunnable  - async job acquisition thread sleeping for 50 millis
10:47:56,180 [Thread-102] DEBUG org.activiti.engine.impl.asyncexecutor.AcquireTimerJobsRunnable  - timer job acquisition thread sleeping for 50 millis
10:47:56,180 [Thread-105] DEBUG org.activiti.engine.impl.persistence.entity.JobEntity.selectNextTimerJobsToExecute  - ==&gt; Parameters: 2023-03-20 10:48:50.669(Timestamp), 2023-03-20 10:48:50.669(Timestamp), 1(Integer), 0(Integer)
10:47:56,181 [Thread-105] DEBUG org.activiti.engine.impl.persistence.entity.JobEntity.selectNextTimerJobsToExecute  - &lt;==      Total: 0
10:47:56,181 [Thread-105] DEBUG org.activiti.engine.impl.db.DbSqlSession  - flush summary: 0 insert, 0 update, 0 delete.
10:47:56,181 [Thread-105] DEBUG org.activiti.engine.impl.db.DbSqlSession  - now executing flush...
10:47:56,181 [Thread-105] DEBUG org.activiti.engine.impl.cfg.standalone.StandaloneMybatisTransactionContext  - firing event committing...
10:47:56,181 [Thread-105] DEBUG org.activiti.engine.impl.cfg.standalone.StandaloneMybatisTransactionContext  - committing the ibatis sql session...
10:47:56,181 [Thread-105] DEBUG org.activiti.engine.impl.cfg.standalone.StandaloneMybatisTransactionContext  - firing event committed...
10:47:56,181 [Thread-105] DEBUG org.apache.ibatis.transaction.jdbc.JdbcTransaction  - Resetting autocommit to true on JDBC Connection [conn65: url=jdbc:h2:mem:activiti-AsyncExecutorTest user=SA]
10:47:56,181 [Thread-105] DEBUG org.apache.ibatis.transaction.jdbc.JdbcTransaction  - Closing JDBC Connection [conn65: url=jdbc:h2:mem:activiti-AsyncExecutorTest user=SA]
10:47:56,181 [Thread-105] DEBUG org.apache.ibatis.datasource.pooled.PooledDataSource  - Returned connection 996762054 to pool.
10:47:56,181 [Thread-105] DEBUG org.activiti.engine.impl.interceptor.LogInterceptor  - --- AcquireTimerJobsCmd finished --------------------------------------------------------
10:47:56,181 [Thread-105] DEBUG org.activiti.engine.impl.interceptor.LogInterceptor  - 

10:47:56,181 [Thread-105] DEBUG org.activiti.engine.impl.asyncexecutor.AcquireTimerJobsRunnable  - timer job acquisition thread sleeping for 50 millis
10:47:56,180 [Thread-111] DEBUG org.apache.ibatis.datasource.pooled.PooledDataSource  - Returned connection 604408605 to pool.
10:47:56,182 [Thread-111] DEBUG org.activiti.engine.impl.interceptor.LogInterceptor  - --- AcquireTimerJobsCmd finished --------------------------------------------------------
10:47:56,182 [Thread-111] DEBUG org.activiti.engine.impl.interceptor.LogInterceptor  - 

10:47:56,182 [Thread-111] DEBUG org.activiti.engine.impl.asyncexecutor.AcquireTimerJobsRunnable  - timer job acquisition thread sleeping for 50 millis
10:47:56,180 [Thread-106] DEBUG org.activiti.engine.impl.persistence.entity.JobEntity.selectAsyncJobsDueToExecute  - ==&gt; Parameters: 2023-03-20 10:48:50.669(Timestamp), 2023-03-20 10:48:50.669(Timestamp), 1(Integer), 0(Integer)
10:47:56,182 [Thread-106] DEBUG org.activiti.engine.impl.persistence.entity.JobEntity.selectAsyncJobsDueToExecute  - &lt;==      Total: 0
10:47:56,182 [Thread-106] DEBUG org.activiti.engine.impl.db.DbSqlSession  - flush summary: 0 insert, 0 update, 0 delete.
10:47:56,182 [Thread-106] DEBUG org.activiti.engine.impl.db.DbSqlSession  - now executing flush...
10:47:56,182 [Thread-106] DEBUG org.activiti.engine.impl.cfg.standalone.StandaloneMybatisTransactionContext  - firing event committing...
10:47:56,182 [Thread-106] DEBUG org.activiti.engine.impl.cfg.standalone.StandaloneMybatisTransactionContext  - committing the ibatis sql session...
10:47:56,182 [Thread-106] DEBUG org.activiti.engine.impl.cfg.standalone.StandaloneMybatisTransactionContext  - firing event committed...
10:47:56,182 [Thread-106] DEBUG org.apache.ibatis.transaction.jdbc.JdbcTransaction  - Resetting autocommit to true on JDBC Connection [conn63: url=jdbc:h2:mem:activiti-AsyncExecutorTest user=SA]
10:47:56,182 [Thread-106] DEBUG org.apache.ibatis.transaction.jdbc.JdbcTransaction  - Closing JDBC Connection [conn63: url=jdbc:h2:mem:activiti-AsyncExecutorTest user=SA]
10:47:56,182 [Thread-106] DEBUG org.apache.ibatis.datasource.pooled.PooledDataSource  - Returned connection 1970103261 to pool.
10:47:56,182 [Thread-106] DEBUG org.activiti.engine.impl.interceptor.LogInterceptor  - --- AcquireAsyncJobsDueCmd finished --------------------------------------------------------
10:47:56,182 [Thread-106] DEBUG org.activiti.engine.impl.interceptor.LogInterceptor  - 

10:47:56,182 [Thread-106] DEBUG org.activiti.engine.impl.asyncexecutor.AcquireAsyncJobsDueRunnable  - async job acquisition thread sleeping for 50 millis
10:47:56,227 [main] DEBUG org.activiti.engine.impl.interceptor.LogInterceptor  - 

10:47:56,227 [Thread-112] DEBUG org.activiti.engine.impl.asyncexecutor.AcquireAsyncJobsDueRunnable  - async job acquisition thread woke up
10:47:56,227 [main] DEBUG org.activiti.engine.impl.interceptor.LogInterceptor  - --- starting JobQueryImpl --------------------------------------------------------
10:47:56,227 [Thread-112] DEBUG org.activiti.engine.impl.interceptor.LogInterceptor  - 

10:47:56,227 [Thread-112] DEBUG org.activiti.engine.impl.interceptor.LogInterceptor  - --- starting AcquireAsyncJobsDueCmd --------------------------------------------------------
10:47:56,227 [main] DEBUG org.apache.ibatis.transaction.jdbc.JdbcTransaction  - Opening JDBC Connection
10:47:56,227 [main] DEBUG org.apache.ibatis.datasource.pooled.PooledDataSource  - Checked out connection 180014677 from pool.
10:47:56,227 [Thread-112] DEBUG org.apache.ibatis.transaction.jdbc.JdbcTransaction  - Opening JDBC Connection
10:47:56,227 [Thread-112] DEBUG org.apache.ibatis.datasource.pooled.PooledDataSource  - Checked out connection 58501658 from pool.
10:47:56,227 [main] DEBUG org.apache.ibatis.transaction.jdbc.JdbcTransaction  - Setting autocommit to false on JDBC Connection [conn3: url=jdbc:h2:mem:activiti user=SA]
10:47:56,227 [Thread-112] DEBUG org.apache.ibatis.transaction.jdbc.JdbcTransaction  - Setting autocommit to false on JDBC Connection [conn68: url=jdbc:h2:mem:activiti-AsyncExecutorTest user=SA]
10:47:56,228 [Thread-112] DEBUG org.activiti.engine.impl.persistence.entity.JobEntity.selectAsyncJobsDueToExecute  - ==&gt;  Preparing: select RES.* from ACT_RU_JOB RES LEFT OUTER JOIN ACT_RU_EXECUTION PI ON PI.ID_ = RES.PROCESS_INSTANCE_ID_ where RES.RETRIES_ &gt; 0 and RES.DUEDATE_ is not null and RES.DUEDATE_ &lt;= ? and (RES.LOCK_EXP_TIME_ is null or RES.LOCK_EXP_TIME_ &lt;= ?) and TYPE_ = &apos;message&apos; and ( (RES.EXECUTION_ID_ is null) or (PI.SUSPENSION_STATE_ = 1) ) LIMIT ? OFFSET ? 
10:47:56,227 [main] DEBUG org.activiti.engine.impl.persistence.entity.JobEntity.selectJobByQueryCriteria  - ==&gt;  Preparing: select RES.* from ACT_RU_JOB RES order by order by RES.ID_ asc LIMIT ? OFFSET ? 
10:47:56,228 [Thread-112] DEBUG org.activiti.engine.impl.persistence.entity.JobEntity.selectAsyncJobsDueToExecute  - ==&gt; Parameters: 2023-03-20 10:48:50.669(Timestamp), 2023-03-20 10:48:50.669(Timestamp), 1(Integer), 0(Integer)
10:47:56,228 [Thread-112] DEBUG org.activiti.engine.impl.persistence.entity.JobEntity.selectAsyncJobsDueToExecute  - &lt;==      Total: 0
10:47:56,228 [Thread-112] DEBUG org.activiti.engine.impl.db.DbSqlSession  - flush summary: 0 insert, 0 update, 0 delete.
10:47:56,228 [Thread-112] DEBUG org.activiti.engine.impl.db.DbSqlSession  - now executing flush...
10:47:56,228 [Thread-112] DEBUG org.activiti.engine.impl.cfg.standalone.StandaloneMybatisTransactionContext  - firing event committing...
10:47:56,228 [Thread-112] DEBUG org.activiti.engine.impl.cfg.standalone.StandaloneMybatisTransactionContext  - committing the ibatis sql session...
10:47:56,228 [Thread-112] DEBUG org.activiti.engine.impl.cfg.standalone.StandaloneMybatisTransactionContext  - firing event committed...
10:47:56,228 [main] DEBUG org.activiti.engine.impl.interceptor.CommandContext  - Error while closing command context
org.apache.ibatis.exceptions.PersistenceException: 
### Error querying database.  Cause: org.h2.jdbc.JdbcSQLException: Syntax error in SQL statement &quot;SELECT RES.* 
     
    FROM ACT_RU_JOB RES
     
      
   
     ORDER BY  ORDER[*] BY RES.ID_ ASC  
    LIMIT ? OFFSET ? &quot;; expected &quot;=, NOT, EXISTS, INTERSECTS, SELECT, FROM&quot;; SQL statement:
select RES.* 
     
    from ACT_RU_JOB RES
     
      
   
     order by  order by RES.ID_ asc  
    LIMIT ? OFFSET ? [42001-176]
### The error may exist in org/activiti/db/mapping/entity/Job.xml
### The error may involve org.activiti.engine.impl.persistence.entity.JobEntity.selectJobByQueryCriteria
### The error occurred while executing a query
### SQL: select RES.*            from ACT_RU_JOB RES                       order by  order by RES.ID_ asc       LIMIT ? OFFSET ?
### Cause: org.h2.jdbc.JdbcSQLException: Syntax error in SQL statement &quot;SELECT RES.* 
     
    FROM ACT_RU_JOB RES
     
      
   
     ORDER BY  ORDER[*] BY RES.ID_ ASC  
    LIMIT ? OFFSET ? &quot;; expected &quot;=, NOT, EXISTS, INTERSECTS, SELECT, FROM&quot;; SQL statement:
select RES.* 
     
    from ACT_RU_JOB RES
     
      
   
     order by  order by RES.ID_ asc  
    LIMIT ? OFFSET ? [42001-176]
	at org.apache.ibatis.exceptions.ExceptionFactory.wrapException(ExceptionFactory.java:30)
	at org.apache.ibatis.session.defaults.DefaultSqlSession.selectList(DefaultSqlSession.java:122)
	at org.apache.ibatis.session.defaults.DefaultSqlSession.selectList(DefaultSqlSession.java:113)
	at org.activiti.engine.impl.db.DbSqlSession.selectListWithRawParameter(DbSqlSession.java:438)
	at org.activiti.engine.impl.db.DbSqlSession.selectList(DbSqlSession.java:429)
	at org.activiti.engine.impl.db.DbSqlSession.selectList(DbSqlSession.java:419)
	at org.activiti.engine.impl.persistence.entity.JobEntityManager.findJobsByQueryCriteria(JobEntityManager.java:198)
	at org.activiti.engine.impl.JobQueryImpl.executeList(JobQueryImpl.java:243)
	at org.activiti.engine.impl.AbstractQuery.execute(AbstractQuery.java:164)
	at org.activiti.engine.impl.interceptor.CommandInvoker.execute(CommandInvoker.java:24)
	at org.activiti.engine.impl.interceptor.CommandContextInterceptor.execute(CommandContextInterceptor.java:57)
	at org.activiti.engine.impl.interceptor.LogInterceptor.execute(LogInterceptor.java:37)
	at org.activiti.engine.impl.cfg.CommandExecutorImpl.execute(CommandExecutorImpl.java:40)
	at org.activiti.engine.impl.cfg.CommandExecutorImpl.execute(CommandExecutorImpl.java:35)
	at org.activiti.engine.impl.AbstractQuery.list(AbstractQuery.java:138)
	at org.activiti.engine.impl.test.JobTestHelper.areJobsAvailable(JobTestHelper.java:194)
	at org.activiti.engine.impl.test.JobTestHelper.waitForJobExecutorToProcessAllJobs(JobTestHelper.java:74)
	at org.activiti.engine.impl.test.JobTestHelper.waitForJobExecutorToProcessAllJobs(JobTestHelper.java:47)
	at org.activiti.engine.impl.test.AbstractActivitiTestCase.waitForJobExecutorToProcessAllJobs(AbstractActivitiTestCase.java:204)
	at org.activiti.engine.test.jobexecutor.JobExecutorTest.testBasicJobExecutorOperation(JobExecutorTest.java:53)
	at sun.reflect.NativeMethodAccessorImpl.invoke0(Native Method)
	at sun.reflect.NativeMethodAccessorImpl.invoke(NativeMethodAccessorImpl.java:62)
	at sun.reflect.DelegatingMethodAccessorImpl.invoke(DelegatingMethodAccessorImpl.java:43)
	at java.lang.reflect.Method.invoke(Method.java:498)
	at junit.framework.TestCase.runTest(TestCase.java:176)
	at org.activiti.engine.impl.test.PvmTestCase.runTest(PvmTestCase.java:65)
	at junit.framework.TestCase.runBare(TestCase.java:141)
	at org.activiti.engine.impl.test.AbstractActivitiTestCase.runBare(AbstractActivitiTestCase.java:100)
	at junit.framework.TestResult$1.protect(TestResult.java:122)
	at junit.framework.TestResult.runProtected(TestResult.java:142)
	at junit.framework.TestResult.run(TestResult.java:125)
	at junit.framework.TestCase.run(TestCase.java:129)
	at junit.framework.TestSuite.runTest(TestSuite.java:255)
	at junit.framework.TestSuite.run(TestSuite.java:250)
	at org.junit.internal.runners.JUnit38ClassRunner.run(JUnit38ClassRunner.java:84)
	at org.apache.maven.surefire.junit4.JUnit4TestSet.execute(JUnit4TestSet.java:35)
	at org.apache.maven.surefire.junit4.JUnit4Provider.executeTestSet(JUnit4Provider.java:146)
	at org.apache.maven.surefire.junit4.JUnit4Provider.invoke(JUnit4Provider.java:97)
	at sun.reflect.NativeMethodAccessorImpl.invoke0(Native Method)
	at sun.reflect.NativeMethodAccessorImpl.invoke(NativeMethodAccessorImpl.java:62)
	at sun.reflect.DelegatingMethodAccessorImpl.invoke(DelegatingMethodAccessorImpl.java:43)
	at java.lang.reflect.Method.invoke(Method.java:498)
	at org.apache.maven.surefire.booter.ProviderFactory$ClassLoaderProxy.invoke(ProviderFactory.java:103)
	at com.sun.proxy.$Proxy0.invoke(Unknown Source)
	at org.apache.maven.surefire.booter.SurefireStarter.invokeProvider(SurefireStarter.java:145)
	at org.apache.maven.surefire.booter.SurefireStarter.runSuitesInProcess(SurefireStarter.java:87)
	at org.apache.maven.surefire.booter.ForkedBooter.main(ForkedBooter.java:69)
Caused by: org.h2.jdbc.JdbcSQLException: Syntax error in SQL statement &quot;SELECT RES.* 
     
    FROM ACT_RU_JOB RES
     
      
   
     ORDER BY  ORDER[*] BY RES.ID_ ASC  
    LIMIT ? OFFSET ? &quot;; expected &quot;=, NOT, EXISTS, INTERSECTS, SELECT, FROM&quot;; SQL statement:
select RES.* 
     
    from ACT_RU_JOB RES
     
      
   
     order by  order by RES.ID_ asc  
    LIMIT ? OFFSET ? [42001-176]
	at org.h2.message.DbException.getJdbcSQLException(DbException.java:344)
	at org.h2.message.DbException.getSyntaxError(DbException.java:204)
	at org.h2.command.Parser.getSyntaxError(Parser.java:524)
	at org.h2.command.Parser.readTerm(Parser.java:2688)
	at org.h2.command.Parser.readFactor(Parser.java:2244)
	at org.h2.command.Parser.readSum(Parser.java:2231)
	at org.h2.command.Parser.readConcat(Parser.java:2201)
	at org.h2.command.Parser.readCondition(Parser.java:2051)
	at org.h2.command.Parser.readAnd(Parser.java:2023)
	at org.h2.command.Parser.readExpression(Parser.java:2015)
	at org.h2.command.Parser.parseEndOfQuery(Parser.java:1726)
	at org.h2.command.Parser.parseSelectUnionExtension(Parser.java:1706)
	at org.h2.command.Parser.parseSelectUnion(Parser.java:1675)
	at org.h2.command.Parser.parseSelect(Parser.java:1662)
	at org.h2.command.Parser.parsePrepared(Parser.java:434)
	at org.h2.command.Parser.parse(Parser.java:306)
	at org.h2.command.Parser.parse(Parser.java:282)
	at org.h2.command.Parser.prepareCommand(Parser.java:243)
	at org.h2.engine.Session.prepareLocal(Session.java:442)
	at org.h2.engine.Session.prepareCommand(Session.java:384)
	at org.h2.jdbc.JdbcConnection.prepareCommand(JdbcConnection.java:1188)
	at org.h2.jdbc.JdbcPreparedStatement.&lt;init&gt;(JdbcPreparedStatement.java:73)
	at org.h2.jdbc.JdbcConnection.prepareStatement(JdbcConnection.java:276)
	at sun.reflect.GeneratedMethodAccessor6.invoke(Unknown Source)
	at sun.reflect.DelegatingMethodAccessorImpl.invoke(DelegatingMethodAccessorImpl.java:43)
	at java.lang.reflect.Method.invoke(Method.java:498)
	at org.apache.ibatis.datasource.pooled.PooledConnection.invoke(PooledConnection.java:245)
	at com.sun.proxy.$Proxy12.prepareStatement(Unknown Source)
	at sun.reflect.GeneratedMethodAccessor6.invoke(Unknown Source)
	at sun.reflect.DelegatingMethodAccessorImpl.invoke(DelegatingMethodAccessorImpl.java:43)
	at java.lang.reflect.Method.invoke(Method.java:498)
	at org.apache.ibatis.logging.jdbc.ConnectionLogger.invoke(ConnectionLogger.java:55)
	at com.sun.proxy.$Proxy12.prepareStatement(Unknown Source)
	at org.apache.ibatis.executor.statement.PreparedStatementHandler.instantiateStatement(PreparedStatementHandler.java:79)
	at org.apache.ibatis.executor.statement.BaseStatementHandler.prepare(BaseStatementHandler.java:88)
	at org.apache.ibatis.executor.statement.RoutingStatementHandler.prepare(RoutingStatementHandler.java:58)
	at org.apache.ibatis.executor.SimpleExecutor.prepareStatement(SimpleExecutor.java:76)
	at org.apache.ibatis.executor.SimpleExecutor.doQuery(SimpleExecutor.java:61)
	at org.apache.ibatis.executor.BaseExecutor.queryFromDatabase(BaseExecutor.java:303)
	at org.apache.ibatis.executor.BaseExecutor.query(BaseExecutor.java:154)
	at org.apache.ibatis.executor.CachingExecutor.query(CachingExecutor.java:102)
	at org.apache.ibatis.executor.CachingExecutor.query(CachingExecutor.java:82)
	at org.apache.ibatis.session.defaults.DefaultSqlSession.selectList(DefaultSqlSession.java:120)
	... 45 more
10:47:56,228 [main] DEBUG org.activiti.engine.impl.cfg.standalone.StandaloneMybatisTransactionContext  - firing event rolling back...
10:47:56,228 [main] DEBUG org.activiti.engine.impl.cfg.standalone.StandaloneMybatisTransactionContext  - rolling back ibatis sql session...
10:47:56,228 [main] DEBUG org.activiti.engine.impl.cfg.standalone.StandaloneMybatisTransactionContext  - firing event rolled back...
10:47:56,228 [main] DEBUG org.apache.ibatis.transaction.jdbc.JdbcTransaction  - Resetting autocommit to true on JDBC Connection [conn3: url=jdbc:h2:mem:activiti user=SA]
10:47:56,228 [main] DEBUG org.apache.ibatis.transaction.jdbc.JdbcTransaction  - Closing JDBC Connection [conn3: url=jdbc:h2:mem:activiti user=SA]
10:47:56,228 [main] DEBUG org.apache.ibatis.datasource.pooled.PooledDataSource  - Returned connection 180014677 to pool.
10:47:56,228 [main] DEBUG org.activiti.engine.impl.interceptor.LogInterceptor  - --- JobQueryImpl finished --------------------------------------------------------
10:47:56,228 [main] DEBUG org.activiti.engine.impl.interceptor.LogInterceptor  - 

10:47:56,228 [Thread-112] DEBUG org.apache.ibatis.transaction.jdbc.JdbcTransaction  - Resetting autocommit to true on JDBC Connection [conn68: url=jdbc:h2:mem:activiti-AsyncExecutorTest user=SA]
10:47:56,229 [Thread-112] DEBUG org.apache.ibatis.transaction.jdbc.JdbcTransaction  - Closing JDBC Connection [conn68: url=jdbc:h2:mem:activiti-AsyncExecutorTest user=SA]
10:47:56,229 [Thread-112] DEBUG org.apache.ibatis.datasource.pooled.PooledDataSource  - Returned connection 58501658 to pool.
10:47:56,229 [Thread-112] DEBUG org.activiti.engine.impl.interceptor.LogInterceptor  - --- AcquireAsyncJobsDueCmd finished --------------------------------------------------------
10:47:56,229 [Thread-112] DEBUG org.activiti.engine.impl.interceptor.LogInterceptor  - 

10:47:56,229 [Thread-112] DEBUG org.activiti.engine.impl.asyncexecutor.AcquireAsyncJobsDueRunnable  - async job acquisition thread sleeping for 50 millis
10:47:56,242 [Thread-105] DEBUG org.activiti.engine.impl.asyncexecutor.AcquireTimerJobsRunnable  - timer job acquisition thread woke up
10:47:56,242 [Thread-105] DEBUG org.activiti.engine.impl.interceptor.LogInterceptor  - 

10:47:56,242 [Thread-105] DEBUG org.activiti.engine.impl.interceptor.LogInterceptor  - --- starting AcquireTimerJobsCmd --------------------------------------------------------
10:47:56,242 [Thread-105] DEBUG org.apache.ibatis.transaction.jdbc.JdbcTransaction  - Opening JDBC Connection
10:47:56,242 [Thread-105] DEBUG org.apache.ibatis.datasource.pooled.PooledDataSource  - Checked out connection 54468349 from pool.
10:47:56,242 [Thread-105] DEBUG org.apache.ibatis.transaction.jdbc.JdbcTransaction  - Setting autocommit to false on JDBC Connection [conn64: url=jdbc:h2:mem:activiti-AsyncExecutorTest user=SA]
10:47:56,242 [Thread-103] DEBUG org.activiti.engine.impl.asyncexecutor.AcquireAsyncJobsDueRunnable  - async job acquisition thread woke up
10:47:56,242 [Thread-103] DEBUG org.activiti.engine.impl.interceptor.LogInterceptor  - 

10:47:56,242 [Thread-103] DEBUG org.activiti.engine.impl.interceptor.LogInterceptor  - --- starting AcquireAsyncJobsDueCmd --------------------------------------------------------
10:47:56,242 [Thread-103] DEBUG org.apache.ibatis.transaction.jdbc.JdbcTransaction  - Opening JDBC Connection
10:47:56,242 [Thread-111] DEBUG org.activiti.engine.impl.asyncexecutor.AcquireTimerJobsRunnable  - timer job acquisition thread woke up
10:47:56,242 [Thread-111] DEBUG org.activiti.engine.impl.interceptor.LogInterceptor  - 

10:47:56,242 [Thread-111] DEBUG org.activiti.engine.impl.interceptor.LogInterceptor  - --- starting AcquireTimerJobsCmd --------------------------------------------------------
10:47:56,242 [Thread-111] DEBUG org.apache.ibatis.transaction.jdbc.JdbcTransaction  - Opening JDBC Connection
10:47:56,242 [Thread-111] DEBUG org.apache.ibatis.datasource.pooled.PooledDataSource  - Checked out connection 1863805930 from pool.
10:47:56,242 [Thread-111] DEBUG org.apache.ibatis.transaction.jdbc.JdbcTransaction  - Setting autocommit to false on JDBC Connection [conn69: url=jdbc:h2:mem:activiti-AsyncExecutorTest user=SA]
10:47:56,242 [Thread-111] DEBUG org.activiti.engine.impl.persistence.entity.JobEntity.selectNextTimerJobsToExecute  - ==&gt;  Preparing: select RES.* from ACT_RU_JOB RES LEFT OUTER JOIN ACT_RU_EXECUTION PI ON PI.ID_ = RES.PROCESS_INSTANCE_ID_ where (RES.RETRIES_ &gt; 0) and (RES.DUEDATE_ is null or RES.DUEDATE_ &lt;= ?) and (RES.LOCK_OWNER_ is null or RES.LOCK_EXP_TIME_ &lt;= ?) and TYPE_ = &apos;timer&apos; and ( (RES.EXECUTION_ID_ is null) or (PI.SUSPENSION_STATE_ = 1) ) LIMIT ? OFFSET ? 
10:47:56,242 [Thread-102] DEBUG org.activiti.engine.impl.asyncexecutor.AcquireTimerJobsRunnable  - timer job acquisition thread woke up
10:47:56,242 [Thread-102] DEBUG org.activiti.engine.impl.interceptor.LogInterceptor  - 

10:47:56,242 [Thread-102] DEBUG org.activiti.engine.impl.interceptor.LogInterceptor  - --- starting AcquireTimerJobsCmd --------------------------------------------------------
10:47:56,242 [Thread-106] DEBUG org.activiti.engine.impl.asyncexecutor.AcquireAsyncJobsDueRunnable  - async job acquisition thread woke up
10:47:56,242 [Thread-106] DEBUG org.activiti.engine.impl.interceptor.LogInterceptor  - 

10:47:56,242 [Thread-106] DEBUG org.activiti.engine.impl.interceptor.LogInterceptor  - --- starting AcquireAsyncJobsDueCmd --------------------------------------------------------
10:47:56,242 [Thread-106] DEBUG org.apache.ibatis.transaction.jdbc.JdbcTransaction  - Opening JDBC Connection
10:47:56,242 [Thread-102] DEBUG org.apache.ibatis.transaction.jdbc.JdbcTransaction  - Opening JDBC Connection
10:47:56,242 [Thread-111] DEBUG org.activiti.engine.impl.persistence.entity.JobEntity.selectNextTimerJobsToExecute  - ==&gt; Parameters: 2023-03-20 10:48:50.669(Timestamp), 2023-03-20 10:48:50.669(Timestamp), 1(Integer), 0(Integer)
10:47:56,242 [Thread-103] DEBUG org.apache.ibatis.datasource.pooled.PooledDataSource  - Checked out connection 720039383 from pool.
10:47:56,243 [Thread-103] DEBUG org.apache.ibatis.transaction.jdbc.JdbcTransaction  - Setting autocommit to false on JDBC Connection [conn59: url=jdbc:h2:mem:activiti-AsyncExecutorTest user=SA]
10:47:56,243 [Thread-103] DEBUG org.activiti.engine.impl.persistence.entity.JobEntity.selectAsyncJobsDueToExecute  - ==&gt;  Preparing: select RES.* from ACT_RU_JOB RES LEFT OUTER JOIN ACT_RU_EXECUTION PI ON PI.ID_ = RES.PROCESS_INSTANCE_ID_ where RES.RETRIES_ &gt; 0 and RES.DUEDATE_ is not null and RES.DUEDATE_ &lt;= ? and (RES.LOCK_EXP_TIME_ is null or RES.LOCK_EXP_TIME_ &lt;= ?) and TYPE_ = &apos;message&apos; and ( (RES.EXECUTION_ID_ is null) or (PI.SUSPENSION_STATE_ = 1) ) LIMIT ? OFFSET ? 
10:47:56,242 [Thread-105] DEBUG org.activiti.engine.impl.persistence.entity.JobEntity.selectNextTimerJobsToExecute  - ==&gt;  Preparing: select RES.* from ACT_RU_JOB RES LEFT OUTER JOIN ACT_RU_EXECUTION PI ON PI.ID_ = RES.PROCESS_INSTANCE_ID_ where (RES.RETRIES_ &gt; 0) and (RES.DUEDATE_ is null or RES.DUEDATE_ &lt;= ?) and (RES.LOCK_OWNER_ is null or RES.LOCK_EXP_TIME_ &lt;= ?) and TYPE_ = &apos;timer&apos; and ( (RES.EXECUTION_ID_ is null) or (PI.SUSPENSION_STATE_ = 1) ) LIMIT ? OFFSET ? 
10:47:56,243 [Thread-105] DEBUG org.activiti.engine.impl.persistence.entity.JobEntity.selectNextTimerJobsToExecute  - ==&gt; Parameters: 2023-03-20 10:48:50.669(Timestamp), 2023-03-20 10:48:50.669(Timestamp), 1(Integer), 0(Integer)
10:47:56,243 [Thread-105] DEBUG org.activiti.engine.impl.persistence.entity.JobEntity.selectNextTimerJobsToExecute  - &lt;==      Total: 0
10:47:56,243 [Thread-105] DEBUG org.activiti.engine.impl.db.DbSqlSession  - flush summary: 0 insert, 0 update, 0 delete.
10:47:56,243 [Thread-105] DEBUG org.activiti.engine.impl.db.DbSqlSession  - now executing flush...
10:47:56,243 [Thread-105] DEBUG org.activiti.engine.impl.cfg.standalone.StandaloneMybatisTransactionContext  - firing event committing...
10:47:56,243 [Thread-105] DEBUG org.activiti.engine.impl.cfg.standalone.StandaloneMybatisTransactionContext  - committing the ibatis sql session...
10:47:56,243 [Thread-105] DEBUG org.activiti.engine.impl.cfg.standalone.StandaloneMybatisTransactionContext  - firing event committed...
10:47:56,243 [Thread-103] DEBUG org.activiti.engine.impl.persistence.entity.JobEntity.selectAsyncJobsDueToExecute  - ==&gt; Parameters: 2023-03-20 10:48:50.669(Timestamp), 2023-03-20 10:48:50.669(Timestamp), 1(Integer), 0(Integer)
10:47:56,243 [Thread-103] DEBUG org.activiti.engine.impl.persistence.entity.JobEntity.selectAsyncJobsDueToExecute  - &lt;==      Total: 0
10:47:56,243 [Thread-103] DEBUG org.activiti.engine.impl.db.DbSqlSession  - flush summary: 0 insert, 0 update, 0 delete.
10:47:56,243 [Thread-103] DEBUG org.activiti.engine.impl.db.DbSqlSession  - now executing flush...
10:47:56,243 [Thread-103] DEBUG org.activiti.engine.impl.cfg.standalone.StandaloneMybatisTransactionContext  - firing event committing...
10:47:56,243 [Thread-103] DEBUG org.activiti.engine.impl.cfg.standalone.StandaloneMybatisTransactionContext  - committing the ibatis sql session...
10:47:56,243 [Thread-103] DEBUG org.activiti.engine.impl.cfg.standalone.StandaloneMybatisTransactionContext  - firing event committed...
10:47:56,243 [Thread-103] DEBUG org.apache.ibatis.transaction.jdbc.JdbcTransaction  - Resetting autocommit to true on JDBC Connection [conn59: url=jdbc:h2:mem:activiti-AsyncExecutorTest user=SA]
10:47:56,243 [Thread-103] DEBUG org.apache.ibatis.transaction.jdbc.JdbcTransaction  - Closing JDBC Connection [conn59: url=jdbc:h2:mem:activiti-AsyncExecutorTest user=SA]
10:47:56,243 [Thread-102] DEBUG org.apache.ibatis.datasource.pooled.PooledDataSource  - Checked out connection 157985567 from pool.
10:47:56,243 [Thread-102] DEBUG org.apache.ibatis.transaction.jdbc.JdbcTransaction  - Setting autocommit to false on JDBC Connection [conn61: url=jdbc:h2:mem:activiti-AsyncExecutorTest user=SA]
10:47:56,243 [Thread-102] DEBUG org.activiti.engine.impl.persistence.entity.JobEntity.selectNextTimerJobsToExecute  - ==&gt;  Preparing: select RES.* from ACT_RU_JOB RES LEFT OUTER JOIN ACT_RU_EXECUTION PI ON PI.ID_ = RES.PROCESS_INSTANCE_ID_ where (RES.RETRIES_ &gt; 0) and (RES.DUEDATE_ is null or RES.DUEDATE_ &lt;= ?) and (RES.LOCK_OWNER_ is null or RES.LOCK_EXP_TIME_ &lt;= ?) and TYPE_ = &apos;timer&apos; and ( (RES.EXECUTION_ID_ is null) or (PI.SUSPENSION_STATE_ = 1) ) LIMIT ? OFFSET ? 
10:47:56,243 [Thread-103] DEBUG org.apache.ibatis.datasource.pooled.PooledDataSource  - Returned connection 720039383 to pool.
10:47:56,244 [Thread-103] DEBUG org.activiti.engine.impl.interceptor.LogInterceptor  - --- AcquireAsyncJobsDueCmd finished --------------------------------------------------------
10:47:56,244 [Thread-103] DEBUG org.activiti.engine.impl.interceptor.LogInterceptor  - 

10:47:56,244 [Thread-103] DEBUG org.activiti.engine.impl.asyncexecutor.AcquireAsyncJobsDueRunnable  - async job acquisition thread sleeping for 50 millis
10:47:56,243 [Thread-111] DEBUG org.activiti.engine.impl.persistence.entity.JobEntity.selectNextTimerJobsToExecute  - &lt;==      Total: 0
10:47:56,244 [Thread-111] DEBUG org.activiti.engine.impl.db.DbSqlSession  - flush summary: 0 insert, 0 update, 0 delete.
10:47:56,244 [Thread-111] DEBUG org.activiti.engine.impl.db.DbSqlSession  - now executing flush...
10:47:56,244 [Thread-111] DEBUG org.activiti.engine.impl.cfg.standalone.StandaloneMybatisTransactionContext  - firing event committing...
10:47:56,244 [Thread-111] DEBUG org.activiti.engine.impl.cfg.standalone.StandaloneMybatisTransactionContext  - committing the ibatis sql session...
10:47:56,244 [Thread-111] DEBUG org.activiti.engine.impl.cfg.standalone.StandaloneMybatisTransactionContext  - firing event committed...
10:47:56,244 [Thread-111] DEBUG org.apache.ibatis.transaction.jdbc.JdbcTransaction  - Resetting autocommit to true on JDBC Connection [conn69: url=jdbc:h2:mem:activiti-AsyncExecutorTest user=SA]
10:47:56,244 [Thread-111] DEBUG org.apache.ibatis.transaction.jdbc.JdbcTransaction  - Closing JDBC Connection [conn69: url=jdbc:h2:mem:activiti-AsyncExecutorTest user=SA]
10:47:56,244 [Thread-111] DEBUG org.apache.ibatis.datasource.pooled.PooledDataSource  - Returned connection 1863805930 to pool.
10:47:56,242 [Thread-106] DEBUG org.apache.ibatis.datasource.pooled.PooledDataSource  - Checked out connection 996762054 from pool.
10:47:56,244 [Thread-106] DEBUG org.apache.ibatis.transaction.jdbc.JdbcTransaction  - Setting autocommit to false on JDBC Connection [conn65: url=jdbc:h2:mem:activiti-AsyncExecutorTest user=SA]
10:47:56,244 [Thread-106] DEBUG org.activiti.engine.impl.persistence.entity.JobEntity.selectAsyncJobsDueToExecute  - ==&gt;  Preparing: select RES.* from ACT_RU_JOB RES LEFT OUTER JOIN ACT_RU_EXECUTION PI ON PI.ID_ = RES.PROCESS_INSTANCE_ID_ where RES.RETRIES_ &gt; 0 and RES.DUEDATE_ is not null and RES.DUEDATE_ &lt;= ? and (RES.LOCK_EXP_TIME_ is null or RES.LOCK_EXP_TIME_ &lt;= ?) and TYPE_ = &apos;message&apos; and ( (RES.EXECUTION_ID_ is null) or (PI.SUSPENSION_STATE_ = 1) ) LIMIT ? OFFSET ? 
10:47:56,244 [Thread-111] DEBUG org.activiti.engine.impl.interceptor.LogInterceptor  - --- AcquireTimerJobsCmd finished --------------------------------------------------------
10:47:56,244 [Thread-111] DEBUG org.activiti.engine.impl.interceptor.LogInterceptor  - 

10:47:56,244 [Thread-111] DEBUG org.activiti.engine.impl.asyncexecutor.AcquireTimerJobsRunnable  - timer job acquisition thread sleeping for 50 millis
10:47:56,243 [Thread-102] DEBUG org.activiti.engine.impl.persistence.entity.JobEntity.selectNextTimerJobsToExecute  - ==&gt; Parameters: 2023-03-20 10:48:50.669(Timestamp), 2023-03-20 10:48:50.669(Timestamp), 1(Integer), 0(Integer)
10:47:56,244 [Thread-102] DEBUG org.activiti.engine.impl.persistence.entity.JobEntity.selectNextTimerJobsToExecute  - &lt;==      Total: 0
10:47:56,244 [Thread-102] DEBUG org.activiti.engine.impl.db.DbSqlSession  - flush summary: 0 insert, 0 update, 0 delete.
10:47:56,244 [Thread-102] DEBUG org.activiti.engine.impl.db.DbSqlSession  - now executing flush...
10:47:56,244 [Thread-102] DEBUG org.activiti.engine.impl.cfg.standalone.StandaloneMybatisTransactionContext  - firing event committing...
10:47:56,244 [Thread-102] DEBUG org.activiti.engine.impl.cfg.standalone.StandaloneMybatisTransactionContext  - committing the ibatis sql session...
10:47:56,244 [Thread-102] DEBUG org.activiti.engine.impl.cfg.standalone.StandaloneMybatisTransactionContext  - firing event committed...
10:47:56,244 [Thread-102] DEBUG org.apache.ibatis.transaction.jdbc.JdbcTransaction  - Resetting autocommit to true on JDBC Connection [conn61: url=jdbc:h2:mem:activiti-AsyncExecutorTest user=SA]
10:47:56,243 [Thread-105] DEBUG org.apache.ibatis.transaction.jdbc.JdbcTransaction  - Resetting autocommit to true on JDBC Connection [conn64: url=jdbc:h2:mem:activiti-AsyncExecutorTest user=SA]
10:47:56,244 [Thread-105] DEBUG org.apache.ibatis.transaction.jdbc.JdbcTransaction  - Closing JDBC Connection [conn64: url=jdbc:h2:mem:activiti-AsyncExecutorTest user=SA]
10:47:56,244 [Thread-105] DEBUG org.apache.ibatis.datasource.pooled.PooledDataSource  - Returned connection 54468349 to pool.
10:47:56,244 [Thread-105] DEBUG org.activiti.engine.impl.interceptor.LogInterceptor  - --- AcquireTimerJobsCmd finished --------------------------------------------------------
10:47:56,244 [Thread-105] DEBUG org.activiti.engine.impl.interceptor.LogInterceptor  - 

10:47:56,244 [Thread-105] DEBUG org.activiti.engine.impl.asyncexecutor.AcquireTimerJobsRunnable  - timer job acquisition thread sleeping for 50 millis
10:47:56,244 [Thread-102] DEBUG org.apache.ibatis.transaction.jdbc.JdbcTransaction  - Closing JDBC Connection [conn61: url=jdbc:h2:mem:activiti-AsyncExecutorTest user=SA]
10:47:56,244 [Thread-102] DEBUG org.apache.ibatis.datasource.pooled.PooledDataSource  - Returned connection 157985567 to pool.
10:47:56,245 [Thread-102] DEBUG org.activiti.engine.impl.interceptor.LogInterceptor  - --- AcquireTimerJobsCmd finished --------------------------------------------------------
10:47:56,245 [Thread-102] DEBUG org.activiti.engine.impl.interceptor.LogInterceptor  - 

10:47:56,245 [Thread-102] DEBUG org.activiti.engine.impl.asyncexecutor.AcquireTimerJobsRunnable  - timer job acquisition thread sleeping for 50 millis
10:47:56,244 [Thread-106] DEBUG org.activiti.engine.impl.persistence.entity.JobEntity.selectAsyncJobsDueToExecute  - ==&gt; Parameters: 2023-03-20 10:48:50.669(Timestamp), 2023-03-20 10:48:50.669(Timestamp), 1(Integer), 0(Integer)
10:47:56,245 [Thread-106] DEBUG org.activiti.engine.impl.persistence.entity.JobEntity.selectAsyncJobsDueToExecute  - &lt;==      Total: 0
10:47:56,245 [Thread-106] DEBUG org.activiti.engine.impl.db.DbSqlSession  - flush summary: 0 insert, 0 update, 0 delete.
10:47:56,245 [Thread-106] DEBUG org.activiti.engine.impl.db.DbSqlSession  - now executing flush...
10:47:56,245 [Thread-106] DEBUG org.activiti.engine.impl.cfg.standalone.StandaloneMybatisTransactionContext  - firing event committing...
10:47:56,245 [Thread-106] DEBUG org.activiti.engine.impl.cfg.standalone.StandaloneMybatisTransactionContext  - committing the ibatis sql session...
10:47:56,245 [Thread-106] DEBUG org.activiti.engine.impl.cfg.standalone.StandaloneMybatisTransactionContext  - firing event committed...
10:47:56,245 [Thread-106] DEBUG org.apache.ibatis.transaction.jdbc.JdbcTransaction  - Resetting autocommit to true on JDBC Connection [conn65: url=jdbc:h2:mem:activiti-AsyncExecutorTest user=SA]
10:47:56,245 [Thread-106] DEBUG org.apache.ibatis.transaction.jdbc.JdbcTransaction  - Closing JDBC Connection [conn65: url=jdbc:h2:mem:activiti-AsyncExecutorTest user=SA]
10:47:56,245 [Thread-106] DEBUG org.apache.ibatis.datasource.pooled.PooledDataSource  - Returned connection 996762054 to pool.
10:47:56,245 [Thread-106] DEBUG org.activiti.engine.impl.interceptor.LogInterceptor  - --- AcquireAsyncJobsDueCmd finished --------------------------------------------------------
10:47:56,245 [Thread-106] DEBUG org.activiti.engine.impl.interceptor.LogInterceptor  - 

10:47:56,245 [Thread-106] DEBUG org.activiti.engine.impl.asyncexecutor.AcquireAsyncJobsDueRunnable  - async job acquisition thread sleeping for 50 millis
10:47:56,290 [Thread-112] DEBUG org.activiti.engine.impl.asyncexecutor.AcquireAsyncJobsDueRunnable  - async job acquisition thread woke up
10:47:56,290 [Thread-112] DEBUG org.activiti.engine.impl.interceptor.LogInterceptor  - 

10:47:56,290 [Thread-112] DEBUG org.activiti.engine.impl.interceptor.LogInterceptor  - --- starting AcquireAsyncJobsDueCmd --------------------------------------------------------
10:47:56,290 [Thread-112] DEBUG org.apache.ibatis.transaction.jdbc.JdbcTransaction  - Opening JDBC Connection
10:47:56,290 [Thread-112] DEBUG org.apache.ibatis.datasource.pooled.PooledDataSource  - Checked out connection 604408605 from pool.
10:47:56,290 [Thread-112] DEBUG org.apache.ibatis.transaction.jdbc.JdbcTransaction  - Setting autocommit to false on JDBC Connection [conn70: url=jdbc:h2:mem:activiti-AsyncExecutorTest user=SA]
10:47:56,290 [Thread-112] DEBUG org.activiti.engine.impl.persistence.entity.JobEntity.selectAsyncJobsDueToExecute  - ==&gt;  Preparing: select RES.* from ACT_RU_JOB RES LEFT OUTER JOIN ACT_RU_EXECUTION PI ON PI.ID_ = RES.PROCESS_INSTANCE_ID_ where RES.RETRIES_ &gt; 0 and RES.DUEDATE_ is not null and RES.DUEDATE_ &lt;= ? and (RES.LOCK_EXP_TIME_ is null or RES.LOCK_EXP_TIME_ &lt;= ?) and TYPE_ = &apos;message&apos; and ( (RES.EXECUTION_ID_ is null) or (PI.SUSPENSION_STATE_ = 1) ) LIMIT ? OFFSET ? 
10:47:56,290 [Thread-112] DEBUG org.activiti.engine.impl.persistence.entity.JobEntity.selectAsyncJobsDueToExecute  - ==&gt; Parameters: 2023-03-20 10:48:50.669(Timestamp), 2023-03-20 10:48:50.669(Timestamp), 1(Integer), 0(Integer)
10:47:56,290 [Thread-112] DEBUG org.activiti.engine.impl.persistence.entity.JobEntity.selectAsyncJobsDueToExecute  - &lt;==      Total: 0
10:47:56,290 [Thread-112] DEBUG org.activiti.engine.impl.db.DbSqlSession  - flush summary: 0 insert, 0 update, 0 delete.
10:47:56,290 [Thread-112] DEBUG org.activiti.engine.impl.db.DbSqlSession  - now executing flush...
10:47:56,290 [Thread-112] DEBUG org.activiti.engine.impl.cfg.standalone.StandaloneMybatisTransactionContext  - firing event committing...
10:47:56,290 [Thread-112] DEBUG org.activiti.engine.impl.cfg.standalone.StandaloneMybatisTransactionContext  - committing the ibatis sql session...
10:47:56,290 [Thread-112] DEBUG org.activiti.engine.impl.cfg.standalone.StandaloneMybatisTransactionContext  - firing event committed...
10:47:56,290 [Thread-112] DEBUG org.apache.ibatis.transaction.jdbc.JdbcTransaction  - Resetting autocommit to true on JDBC Connection [conn70: url=jdbc:h2:mem:activiti-AsyncExecutorTest user=SA]
10:47:56,290 [Thread-112] DEBUG org.apache.ibatis.transaction.jdbc.JdbcTransaction  - Closing JDBC Connection [conn70: url=jdbc:h2:mem:activiti-AsyncExecutorTest user=SA]
10:47:56,290 [Thread-112] DEBUG org.apache.ibatis.datasource.pooled.PooledDataSource  - Returned connection 604408605 to pool.
10:47:56,290 [Thread-112] DEBUG org.activiti.engine.impl.interceptor.LogInterceptor  - --- AcquireAsyncJobsDueCmd finished --------------------------------------------------------
10:47:56,290 [Thread-112] DEBUG org.activiti.engine.impl.interceptor.LogInterceptor  - 

10:47:56,290 [Thread-112] DEBUG org.activiti.engine.impl.asyncexecutor.AcquireAsyncJobsDueRunnable  - async job acquisition thread sleeping for 50 millis
10:47:56,305 [Thread-106] DEBUG org.activiti.engine.impl.asyncexecutor.AcquireAsyncJobsDueRunnable  - async job acquisition thread woke up
10:47:56,305 [Thread-106] DEBUG org.activiti.engine.impl.interceptor.LogInterceptor  - 

10:47:56,305 [Thread-106] DEBUG org.activiti.engine.impl.interceptor.LogInterceptor  - --- starting AcquireAsyncJobsDueCmd --------------------------------------------------------
10:47:56,305 [Thread-103] DEBUG org.activiti.engine.impl.asyncexecutor.AcquireAsyncJobsDueRunnable  - async job acquisition thread woke up
10:47:56,305 [Thread-103] DEBUG org.activiti.engine.impl.interceptor.LogInterceptor  - 

10:47:56,305 [Thread-103] DEBUG org.activiti.engine.impl.interceptor.LogInterceptor  - --- starting AcquireAsyncJobsDueCmd --------------------------------------------------------
10:47:56,305 [Thread-103] DEBUG org.apache.ibatis.transaction.jdbc.JdbcTransaction  - Opening JDBC Connection
10:47:56,305 [Thread-103] DEBUG org.apache.ibatis.datasource.pooled.PooledDataSource  - Checked out connection 33534803 from pool.
10:47:56,305 [Thread-103] DEBUG org.apache.ibatis.transaction.jdbc.JdbcTransaction  - Setting autocommit to false on JDBC Connection [conn60: url=jdbc:h2:mem:activiti-AsyncExecutorTest user=SA]
10:47:56,305 [Thread-105] DEBUG org.activiti.engine.impl.asyncexecutor.AcquireTimerJobsRunnable  - timer job acquisition thread woke up
10:47:56,305 [Thread-105] DEBUG org.activiti.engine.impl.interceptor.LogInterceptor  - 

10:47:56,305 [Thread-105] DEBUG org.activiti.engine.impl.interceptor.LogInterceptor  - --- starting AcquireTimerJobsCmd --------------------------------------------------------
10:47:56,305 [Thread-111] DEBUG org.activiti.engine.impl.asyncexecutor.AcquireTimerJobsRunnable  - timer job acquisition thread woke up
10:47:56,305 [Thread-111] DEBUG org.activiti.engine.impl.interceptor.LogInterceptor  - 

10:47:56,305 [Thread-111] DEBUG org.activiti.engine.impl.interceptor.LogInterceptor  - --- starting AcquireTimerJobsCmd --------------------------------------------------------
10:47:56,305 [Thread-102] DEBUG org.activiti.engine.impl.asyncexecutor.AcquireTimerJobsRunnable  - timer job acquisition thread woke up
10:47:56,305 [Thread-102] DEBUG org.activiti.engine.impl.interceptor.LogInterceptor  - 

10:47:56,305 [Thread-102] DEBUG org.activiti.engine.impl.interceptor.LogInterceptor  - --- starting AcquireTimerJobsCmd --------------------------------------------------------
10:47:56,305 [Thread-102] DEBUG org.apache.ibatis.transaction.jdbc.JdbcTransaction  - Opening JDBC Connection
10:47:56,305 [Thread-102] DEBUG org.apache.ibatis.datasource.pooled.PooledDataSource  - Checked out connection 720039383 from pool.
10:47:56,305 [Thread-102] DEBUG org.apache.ibatis.transaction.jdbc.JdbcTransaction  - Setting autocommit to false on JDBC Connection [conn59: url=jdbc:h2:mem:activiti-AsyncExecutorTest user=SA]
10:47:56,306 [Thread-102] DEBUG org.activiti.engine.impl.persistence.entity.JobEntity.selectNextTimerJobsToExecute  - ==&gt;  Preparing: select RES.* from ACT_RU_JOB RES LEFT OUTER JOIN ACT_RU_EXECUTION PI ON PI.ID_ = RES.PROCESS_INSTANCE_ID_ where (RES.RETRIES_ &gt; 0) and (RES.DUEDATE_ is null or RES.DUEDATE_ &lt;= ?) and (RES.LOCK_OWNER_ is null or RES.LOCK_EXP_TIME_ &lt;= ?) and TYPE_ = &apos;timer&apos; and ( (RES.EXECUTION_ID_ is null) or (PI.SUSPENSION_STATE_ = 1) ) LIMIT ? OFFSET ? 
10:47:56,306 [Thread-102] DEBUG org.activiti.engine.impl.persistence.entity.JobEntity.selectNextTimerJobsToExecute  - ==&gt; Parameters: 2023-03-20 10:48:50.669(Timestamp), 2023-03-20 10:48:50.669(Timestamp), 1(Integer), 0(Integer)
10:47:56,305 [Thread-111] DEBUG org.apache.ibatis.transaction.jdbc.JdbcTransaction  - Opening JDBC Connection
10:47:56,306 [Thread-111] DEBUG org.apache.ibatis.datasource.pooled.PooledDataSource  - Checked out connection 58501658 from pool.
10:47:56,306 [Thread-111] DEBUG org.apache.ibatis.transaction.jdbc.JdbcTransaction  - Setting autocommit to false on JDBC Connection [conn68: url=jdbc:h2:mem:activiti-AsyncExecutorTest user=SA]
10:47:56,305 [Thread-105] DEBUG org.apache.ibatis.transaction.jdbc.JdbcTransaction  - Opening JDBC Connection
10:47:56,306 [Thread-105] DEBUG org.apache.ibatis.datasource.pooled.PooledDataSource  - Checked out connection 1970103261 from pool.
10:47:56,306 [Thread-105] DEBUG org.apache.ibatis.transaction.jdbc.JdbcTransaction  - Setting autocommit to false on JDBC Connection [conn63: url=jdbc:h2:mem:activiti-AsyncExecutorTest user=SA]
10:47:56,306 [Thread-105] DEBUG org.activiti.engine.impl.persistence.entity.JobEntity.selectNextTimerJobsToExecute  - ==&gt;  Preparing: select RES.* from ACT_RU_JOB RES LEFT OUTER JOIN ACT_RU_EXECUTION PI ON PI.ID_ = RES.PROCESS_INSTANCE_ID_ where (RES.RETRIES_ &gt; 0) and (RES.DUEDATE_ is null or RES.DUEDATE_ &lt;= ?) and (RES.LOCK_OWNER_ is null or RES.LOCK_EXP_TIME_ &lt;= ?) and TYPE_ = &apos;timer&apos; and ( (RES.EXECUTION_ID_ is null) or (PI.SUSPENSION_STATE_ = 1) ) LIMIT ? OFFSET ? 
10:47:56,306 [Thread-105] DEBUG org.activiti.engine.impl.persistence.entity.JobEntity.selectNextTimerJobsToExecute  - ==&gt; Parameters: 2023-03-20 10:48:50.669(Timestamp), 2023-03-20 10:48:50.669(Timestamp), 1(Integer), 0(Integer)
10:47:56,305 [Thread-103] DEBUG org.activiti.engine.impl.persistence.entity.JobEntity.selectAsyncJobsDueToExecute  - ==&gt;  Preparing: select RES.* from ACT_RU_JOB RES LEFT OUTER JOIN ACT_RU_EXECUTION PI ON PI.ID_ = RES.PROCESS_INSTANCE_ID_ where RES.RETRIES_ &gt; 0 and RES.DUEDATE_ is not null and RES.DUEDATE_ &lt;= ? and (RES.LOCK_EXP_TIME_ is null or RES.LOCK_EXP_TIME_ &lt;= ?) and TYPE_ = &apos;message&apos; and ( (RES.EXECUTION_ID_ is null) or (PI.SUSPENSION_STATE_ = 1) ) LIMIT ? OFFSET ? 
10:47:56,306 [Thread-103] DEBUG org.activiti.engine.impl.persistence.entity.JobEntity.selectAsyncJobsDueToExecute  - ==&gt; Parameters: 2023-03-20 10:48:50.669(Timestamp), 2023-03-20 10:48:50.669(Timestamp), 1(Integer), 0(Integer)
10:47:56,306 [Thread-103] DEBUG org.activiti.engine.impl.persistence.entity.JobEntity.selectAsyncJobsDueToExecute  - &lt;==      Total: 0
10:47:56,306 [Thread-103] DEBUG org.activiti.engine.impl.db.DbSqlSession  - flush summary: 0 insert, 0 update, 0 delete.
10:47:56,306 [Thread-103] DEBUG org.activiti.engine.impl.db.DbSqlSession  - now executing flush...
10:47:56,306 [Thread-103] DEBUG org.activiti.engine.impl.cfg.standalone.StandaloneMybatisTransactionContext  - firing event committing...
10:47:56,306 [Thread-103] DEBUG org.activiti.engine.impl.cfg.standalone.StandaloneMybatisTransactionContext  - committing the ibatis sql session...
10:47:56,306 [Thread-103] DEBUG org.activiti.engine.impl.cfg.standalone.StandaloneMybatisTransactionContext  - firing event committed...
10:47:56,306 [Thread-103] DEBUG org.apache.ibatis.transaction.jdbc.JdbcTransaction  - Resetting autocommit to true on JDBC Connection [conn60: url=jdbc:h2:mem:activiti-AsyncExecutorTest user=SA]
10:47:56,306 [Thread-103] DEBUG org.apache.ibatis.transaction.jdbc.JdbcTransaction  - Closing JDBC Connection [conn60: url=jdbc:h2:mem:activiti-AsyncExecutorTest user=SA]
10:47:56,306 [Thread-103] DEBUG org.apache.ibatis.datasource.pooled.PooledDataSource  - Returned connection 33534803 to pool.
10:47:56,306 [Thread-103] DEBUG org.activiti.engine.impl.interceptor.LogInterceptor  - --- AcquireAsyncJobsDueCmd finished --------------------------------------------------------
10:47:56,306 [Thread-103] DEBUG org.activiti.engine.impl.interceptor.LogInterceptor  - 

10:47:56,306 [Thread-103] DEBUG org.activiti.engine.impl.asyncexecutor.AcquireAsyncJobsDueRunnable  - async job acquisition thread sleeping for 50 millis
10:47:56,305 [Thread-106] DEBUG org.apache.ibatis.transaction.jdbc.JdbcTransaction  - Opening JDBC Connection
10:47:56,306 [Thread-106] DEBUG org.apache.ibatis.datasource.pooled.PooledDataSource  - Checked out connection 54468349 from pool.
10:47:56,306 [Thread-106] DEBUG org.apache.ibatis.transaction.jdbc.JdbcTransaction  - Setting autocommit to false on JDBC Connection [conn64: url=jdbc:h2:mem:activiti-AsyncExecutorTest user=SA]
10:47:56,306 [Thread-106] DEBUG org.activiti.engine.impl.persistence.entity.JobEntity.selectAsyncJobsDueToExecute  - ==&gt;  Preparing: select RES.* from ACT_RU_JOB RES LEFT OUTER JOIN ACT_RU_EXECUTION PI ON PI.ID_ = RES.PROCESS_INSTANCE_ID_ where RES.RETRIES_ &gt; 0 and RES.DUEDATE_ is not null and RES.DUEDATE_ &lt;= ? and (RES.LOCK_EXP_TIME_ is null or RES.LOCK_EXP_TIME_ &lt;= ?) and TYPE_ = &apos;message&apos; and ( (RES.EXECUTION_ID_ is null) or (PI.SUSPENSION_STATE_ = 1) ) LIMIT ? OFFSET ? 
10:47:56,306 [Thread-106] DEBUG org.activiti.engine.impl.persistence.entity.JobEntity.selectAsyncJobsDueToExecute  - ==&gt; Parameters: 2023-03-20 10:48:50.669(Timestamp), 2023-03-20 10:48:50.669(Timestamp), 1(Integer), 0(Integer)
10:47:56,307 [Thread-106] DEBUG org.activiti.engine.impl.persistence.entity.JobEntity.selectAsyncJobsDueToExecute  - &lt;==      Total: 0
10:47:56,307 [Thread-106] DEBUG org.activiti.engine.impl.db.DbSqlSession  - flush summary: 0 insert, 0 update, 0 delete.
10:47:56,307 [Thread-106] DEBUG org.activiti.engine.impl.db.DbSqlSession  - now executing flush...
10:47:56,307 [Thread-106] DEBUG org.activiti.engine.impl.cfg.standalone.StandaloneMybatisTransactionContext  - firing event committing...
10:47:56,307 [Thread-106] DEBUG org.activiti.engine.impl.cfg.standalone.StandaloneMybatisTransactionContext  - committing the ibatis sql session...
10:47:56,307 [Thread-106] DEBUG org.activiti.engine.impl.cfg.standalone.StandaloneMybatisTransactionContext  - firing event committed...
10:47:56,307 [Thread-106] DEBUG org.apache.ibatis.transaction.jdbc.JdbcTransaction  - Resetting autocommit to true on JDBC Connection [conn64: url=jdbc:h2:mem:activiti-AsyncExecutorTest user=SA]
10:47:56,307 [Thread-106] DEBUG org.apache.ibatis.transaction.jdbc.JdbcTransaction  - Closing JDBC Connection [conn64: url=jdbc:h2:mem:activiti-AsyncExecutorTest user=SA]
10:47:56,307 [Thread-106] DEBUG org.apache.ibatis.datasource.pooled.PooledDataSource  - Returned connection 54468349 to pool.
10:47:56,307 [Thread-106] DEBUG org.activiti.engine.impl.interceptor.LogInterceptor  - --- AcquireAsyncJobsDueCmd finished --------------------------------------------------------
10:47:56,307 [Thread-106] DEBUG org.activiti.engine.impl.interceptor.LogInterceptor  - 

10:47:56,307 [Thread-106] DEBUG org.activiti.engine.impl.asyncexecutor.AcquireAsyncJobsDueRunnable  - async job acquisition thread sleeping for 50 millis
10:47:56,306 [Thread-105] DEBUG org.activiti.engine.impl.persistence.entity.JobEntity.selectNextTimerJobsToExecute  - &lt;==      Total: 0
10:47:56,307 [Thread-105] DEBUG org.activiti.engine.impl.db.DbSqlSession  - flush summary: 0 insert, 0 update, 0 delete.
10:47:56,307 [Thread-105] DEBUG org.activiti.engine.impl.db.DbSqlSession  - now executing flush...
10:47:56,307 [Thread-105] DEBUG org.activiti.engine.impl.cfg.standalone.StandaloneMybatisTransactionContext  - firing event committing...
10:47:56,307 [Thread-105] DEBUG org.activiti.engine.impl.cfg.standalone.StandaloneMybatisTransactionContext  - committing the ibatis sql session...
10:47:56,307 [Thread-105] DEBUG org.activiti.engine.impl.cfg.standalone.StandaloneMybatisTransactionContext  - firing event committed...
10:47:56,307 [Thread-105] DEBUG org.apache.ibatis.transaction.jdbc.JdbcTransaction  - Resetting autocommit to true on JDBC Connection [conn63: url=jdbc:h2:mem:activiti-AsyncExecutorTest user=SA]
10:47:56,307 [Thread-105] DEBUG org.apache.ibatis.transaction.jdbc.JdbcTransaction  - Closing JDBC Connection [conn63: url=jdbc:h2:mem:activiti-AsyncExecutorTest user=SA]
10:47:56,307 [Thread-105] DEBUG org.apache.ibatis.datasource.pooled.PooledDataSource  - Returned connection 1970103261 to pool.
10:47:56,307 [Thread-105] DEBUG org.activiti.engine.impl.interceptor.LogInterceptor  - --- AcquireTimerJobsCmd finished --------------------------------------------------------
10:47:56,307 [Thread-105] DEBUG org.activiti.engine.impl.interceptor.LogInterceptor  - 

10:47:56,307 [Thread-105] DEBUG org.activiti.engine.impl.asyncexecutor.AcquireTimerJobsRunnable  - timer job acquisition thread sleeping for 50 millis
10:47:56,306 [Thread-111] DEBUG org.activiti.engine.impl.persistence.entity.JobEntity.selectNextTimerJobsToExecute  - ==&gt;  Preparing: select RES.* from ACT_RU_JOB RES LEFT OUTER JOIN ACT_RU_EXECUTION PI ON PI.ID_ = RES.PROCESS_INSTANCE_ID_ where (RES.RETRIES_ &gt; 0) and (RES.DUEDATE_ is null or RES.DUEDATE_ &lt;= ?) and (RES.LOCK_OWNER_ is null or RES.LOCK_EXP_TIME_ &lt;= ?) and TYPE_ = &apos;timer&apos; and ( (RES.EXECUTION_ID_ is null) or (PI.SUSPENSION_STATE_ = 1) ) LIMIT ? OFFSET ? 
10:47:56,307 [Thread-111] DEBUG org.activiti.engine.impl.persistence.entity.JobEntity.selectNextTimerJobsToExecute  - ==&gt; Parameters: 2023-03-20 10:48:50.669(Timestamp), 2023-03-20 10:48:50.669(Timestamp), 1(Integer), 0(Integer)
10:47:56,307 [Thread-111] DEBUG org.activiti.engine.impl.persistence.entity.JobEntity.selectNextTimerJobsToExecute  - &lt;==      Total: 0
10:47:56,307 [Thread-111] DEBUG org.activiti.engine.impl.db.DbSqlSession  - flush summary: 0 insert, 0 update, 0 delete.
10:47:56,307 [Thread-111] DEBUG org.activiti.engine.impl.db.DbSqlSession  - now executing flush...
10:47:56,306 [Thread-102] DEBUG org.activiti.engine.impl.persistence.entity.JobEntity.selectNextTimerJobsToExecute  - &lt;==      Total: 0
10:47:56,307 [Thread-102] DEBUG org.activiti.engine.impl.db.DbSqlSession  - flush summary: 0 insert, 0 update, 0 delete.
10:47:56,307 [Thread-102] DEBUG org.activiti.engine.impl.db.DbSqlSession  - now executing flush...
10:47:56,307 [Thread-102] DEBUG org.activiti.engine.impl.cfg.standalone.StandaloneMybatisTransactionContext  - firing event committing...
10:47:56,307 [Thread-102] DEBUG org.activiti.engine.impl.cfg.standalone.StandaloneMybatisTransactionContext  - committing the ibatis sql session...
10:47:56,307 [Thread-102] DEBUG org.activiti.engine.impl.cfg.standalone.StandaloneMybatisTransactionContext  - firing event committed...
10:47:56,307 [Thread-102] DEBUG org.apache.ibatis.transaction.jdbc.JdbcTransaction  - Resetting autocommit to true on JDBC Connection [conn59: url=jdbc:h2:mem:activiti-AsyncExecutorTest user=SA]
10:47:56,307 [Thread-102] DEBUG org.apache.ibatis.transaction.jdbc.JdbcTransaction  - Closing JDBC Connection [conn59: url=jdbc:h2:mem:activiti-AsyncExecutorTest user=SA]
10:47:56,307 [Thread-102] DEBUG org.apache.ibatis.datasource.pooled.PooledDataSource  - Returned connection 720039383 to pool.
10:47:56,307 [Thread-111] DEBUG org.activiti.engine.impl.cfg.standalone.StandaloneMybatisTransactionContext  - firing event committing...
10:47:56,307 [Thread-111] DEBUG org.activiti.engine.impl.cfg.standalone.StandaloneMybatisTransactionContext  - committing the ibatis sql session...
10:47:56,307 [Thread-111] DEBUG org.activiti.engine.impl.cfg.standalone.StandaloneMybatisTransactionContext  - firing event committed...
10:47:56,307 [Thread-111] DEBUG org.apache.ibatis.transaction.jdbc.JdbcTransaction  - Resetting autocommit to true on JDBC Connection [conn68: url=jdbc:h2:mem:activiti-AsyncExecutorTest user=SA]
10:47:56,307 [Thread-111] DEBUG org.apache.ibatis.transaction.jdbc.JdbcTransaction  - Closing JDBC Connection [conn68: url=jdbc:h2:mem:activiti-AsyncExecutorTest user=SA]
10:47:56,307 [Thread-111] DEBUG org.apache.ibatis.datasource.pooled.PooledDataSource  - Returned connection 58501658 to pool.
10:47:56,307 [Thread-111] DEBUG org.activiti.engine.impl.interceptor.LogInterceptor  - --- AcquireTimerJobsCmd finished --------------------------------------------------------
10:47:56,307 [Thread-111] DEBUG org.activiti.engine.impl.interceptor.LogInterceptor  - 

10:47:56,307 [Thread-111] DEBUG org.activiti.engine.impl.asyncexecutor.AcquireTimerJobsRunnable  - timer job acquisition thread sleeping for 50 millis
10:47:56,307 [Thread-102] DEBUG org.activiti.engine.impl.interceptor.LogInterceptor  - --- AcquireTimerJobsCmd finished --------------------------------------------------------
10:47:56,307 [Thread-102] DEBUG org.activiti.engine.impl.interceptor.LogInterceptor  - 

10:47:56,307 [Thread-102] DEBUG org.activiti.engine.impl.asyncexecutor.AcquireTimerJobsRunnable  - timer job acquisition thread sleeping for 50 millis
10:47:56,352 [Thread-112] DEBUG org.activiti.engine.impl.asyncexecutor.AcquireAsyncJobsDueRunnable  - async job acquisition thread woke up
10:47:56,352 [Thread-112] DEBUG org.activiti.engine.impl.interceptor.LogInterceptor  - 

10:47:56,352 [Thread-112] DEBUG org.activiti.engine.impl.interceptor.LogInterceptor  - --- starting AcquireAsyncJobsDueCmd --------------------------------------------------------
10:47:56,352 [Thread-112] DEBUG org.apache.ibatis.transaction.jdbc.JdbcTransaction  - Opening JDBC Connection
10:47:56,352 [Thread-112] DEBUG org.apache.ibatis.datasource.pooled.PooledDataSource  - Checked out connection 1863805930 from pool.
10:47:56,352 [Thread-112] DEBUG org.apache.ibatis.transaction.jdbc.JdbcTransaction  - Setting autocommit to false on JDBC Connection [conn69: url=jdbc:h2:mem:activiti-AsyncExecutorTest user=SA]
10:47:56,352 [Thread-112] DEBUG org.activiti.engine.impl.persistence.entity.JobEntity.selectAsyncJobsDueToExecute  - ==&gt;  Preparing: select RES.* from ACT_RU_JOB RES LEFT OUTER JOIN ACT_RU_EXECUTION PI ON PI.ID_ = RES.PROCESS_INSTANCE_ID_ where RES.RETRIES_ &gt; 0 and RES.DUEDATE_ is not null and RES.DUEDATE_ &lt;= ? and (RES.LOCK_EXP_TIME_ is null or RES.LOCK_EXP_TIME_ &lt;= ?) and TYPE_ = &apos;message&apos; and ( (RES.EXECUTION_ID_ is null) or (PI.SUSPENSION_STATE_ = 1) ) LIMIT ? OFFSET ? 
10:47:56,352 [Thread-112] DEBUG org.activiti.engine.impl.persistence.entity.JobEntity.selectAsyncJobsDueToExecute  - ==&gt; Parameters: 2023-03-20 10:48:50.669(Timestamp), 2023-03-20 10:48:50.669(Timestamp), 1(Integer), 0(Integer)
10:47:56,352 [Thread-112] DEBUG org.activiti.engine.impl.persistence.entity.JobEntity.selectAsyncJobsDueToExecute  - &lt;==      Total: 0
10:47:56,352 [Thread-112] DEBUG org.activiti.engine.impl.db.DbSqlSession  - flush summary: 0 insert, 0 update, 0 delete.
10:47:56,352 [Thread-112] DEBUG org.activiti.engine.impl.db.DbSqlSession  - now executing flush...
10:47:56,352 [Thread-112] DEBUG org.activiti.engine.impl.cfg.standalone.StandaloneMybatisTransactionContext  - firing event committing...
10:47:56,352 [Thread-112] DEBUG org.activiti.engine.impl.cfg.standalone.StandaloneMybatisTransactionContext  - committing the ibatis sql session...
10:47:56,352 [Thread-112] DEBUG org.activiti.engine.impl.cfg.standalone.StandaloneMybatisTransactionContext  - firing event committed...
10:47:56,352 [Thread-112] DEBUG org.apache.ibatis.transaction.jdbc.JdbcTransaction  - Resetting autocommit to true on JDBC Connection [conn69: url=jdbc:h2:mem:activiti-AsyncExecutorTest user=SA]
10:47:56,352 [Thread-112] DEBUG org.apache.ibatis.transaction.jdbc.JdbcTransaction  - Closing JDBC Connection [conn69: url=jdbc:h2:mem:activiti-AsyncExecutorTest user=SA]
10:47:56,352 [Thread-112] DEBUG org.apache.ibatis.datasource.pooled.PooledDataSource  - Returned connection 1863805930 to pool.
10:47:56,352 [Thread-112] DEBUG org.activiti.engine.impl.interceptor.LogInterceptor  - --- AcquireAsyncJobsDueCmd finished --------------------------------------------------------
10:47:56,352 [Thread-112] DEBUG org.activiti.engine.impl.interceptor.LogInterceptor  - 

10:47:56,352 [Thread-112] DEBUG org.activiti.engine.impl.asyncexecutor.AcquireAsyncJobsDueRunnable  - async job acquisition thread sleeping for 50 millis
10:47:56,368 [Thread-105] DEBUG org.activiti.engine.impl.asyncexecutor.AcquireTimerJobsRunnable  - timer job acquisition thread woke up
10:47:56,368 [Thread-105] DEBUG org.activiti.engine.impl.interceptor.LogInterceptor  - 

10:47:56,368 [Thread-106] DEBUG org.activiti.engine.impl.asyncexecutor.AcquireAsyncJobsDueRunnable  - async job acquisition thread woke up
10:47:56,368 [Thread-106] DEBUG org.activiti.engine.impl.interceptor.LogInterceptor  - 

10:47:56,368 [Thread-106] DEBUG org.activiti.engine.impl.interceptor.LogInterceptor  - --- starting AcquireAsyncJobsDueCmd --------------------------------------------------------
10:47:56,368 [Thread-106] DEBUG org.apache.ibatis.transaction.jdbc.JdbcTransaction  - Opening JDBC Connection
10:47:56,368 [Thread-103] DEBUG org.activiti.engine.impl.asyncexecutor.AcquireAsyncJobsDueRunnable  - async job acquisition thread woke up
10:47:56,368 [Thread-103] DEBUG org.activiti.engine.impl.interceptor.LogInterceptor  - 

10:47:56,368 [Thread-103] DEBUG org.activiti.engine.impl.interceptor.LogInterceptor  - --- starting AcquireAsyncJobsDueCmd --------------------------------------------------------
10:47:56,368 [Thread-103] DEBUG org.apache.ibatis.transaction.jdbc.JdbcTransaction  - Opening JDBC Connection
10:47:56,368 [Thread-103] DEBUG org.apache.ibatis.datasource.pooled.PooledDataSource  - Checked out connection 157985567 from pool.
10:47:56,368 [Thread-102] DEBUG org.activiti.engine.impl.asyncexecutor.AcquireTimerJobsRunnable  - timer job acquisition thread woke up
10:47:56,368 [Thread-102] DEBUG org.activiti.engine.impl.interceptor.LogInterceptor  - 

10:47:56,368 [Thread-102] DEBUG org.activiti.engine.impl.interceptor.LogInterceptor  - --- starting AcquireTimerJobsCmd --------------------------------------------------------
10:47:56,368 [Thread-111] DEBUG org.activiti.engine.impl.asyncexecutor.AcquireTimerJobsRunnable  - timer job acquisition thread woke up
10:47:56,369 [Thread-111] DEBUG org.activiti.engine.impl.interceptor.LogInterceptor  - 

10:47:56,369 [Thread-111] DEBUG org.activiti.engine.impl.interceptor.LogInterceptor  - --- starting AcquireTimerJobsCmd --------------------------------------------------------
10:47:56,368 [Thread-102] DEBUG org.apache.ibatis.transaction.jdbc.JdbcTransaction  - Opening JDBC Connection
10:47:56,369 [Thread-102] DEBUG org.apache.ibatis.datasource.pooled.PooledDataSource  - Checked out connection 33534803 from pool.
10:47:56,368 [Thread-103] DEBUG org.apache.ibatis.transaction.jdbc.JdbcTransaction  - Setting autocommit to false on JDBC Connection [conn61: url=jdbc:h2:mem:activiti-AsyncExecutorTest user=SA]
10:47:56,369 [Thread-103] DEBUG org.activiti.engine.impl.persistence.entity.JobEntity.selectAsyncJobsDueToExecute  - ==&gt;  Preparing: select RES.* from ACT_RU_JOB RES LEFT OUTER JOIN ACT_RU_EXECUTION PI ON PI.ID_ = RES.PROCESS_INSTANCE_ID_ where RES.RETRIES_ &gt; 0 and RES.DUEDATE_ is not null and RES.DUEDATE_ &lt;= ? and (RES.LOCK_EXP_TIME_ is null or RES.LOCK_EXP_TIME_ &lt;= ?) and TYPE_ = &apos;message&apos; and ( (RES.EXECUTION_ID_ is null) or (PI.SUSPENSION_STATE_ = 1) ) LIMIT ? OFFSET ? 
10:47:56,368 [Thread-106] DEBUG org.apache.ibatis.datasource.pooled.PooledDataSource  - Checked out connection 996762054 from pool.
10:47:56,369 [Thread-106] DEBUG org.apache.ibatis.transaction.jdbc.JdbcTransaction  - Setting autocommit to false on JDBC Connection [conn65: url=jdbc:h2:mem:activiti-AsyncExecutorTest user=SA]
10:47:56,369 [Thread-106] DEBUG org.activiti.engine.impl.persistence.entity.JobEntity.selectAsyncJobsDueToExecute  - ==&gt;  Preparing: select RES.* from ACT_RU_JOB RES LEFT OUTER JOIN ACT_RU_EXECUTION PI ON PI.ID_ = RES.PROCESS_INSTANCE_ID_ where RES.RETRIES_ &gt; 0 and RES.DUEDATE_ is not null and RES.DUEDATE_ &lt;= ? and (RES.LOCK_EXP_TIME_ is null or RES.LOCK_EXP_TIME_ &lt;= ?) and TYPE_ = &apos;message&apos; and ( (RES.EXECUTION_ID_ is null) or (PI.SUSPENSION_STATE_ = 1) ) LIMIT ? OFFSET ? 
10:47:56,368 [Thread-105] DEBUG org.activiti.engine.impl.interceptor.LogInterceptor  - --- starting AcquireTimerJobsCmd --------------------------------------------------------
10:47:56,369 [Thread-105] DEBUG org.apache.ibatis.transaction.jdbc.JdbcTransaction  - Opening JDBC Connection
10:47:56,369 [Thread-105] DEBUG org.apache.ibatis.datasource.pooled.PooledDataSource  - Checked out connection 54468349 from pool.
10:47:56,369 [Thread-105] DEBUG org.apache.ibatis.transaction.jdbc.JdbcTransaction  - Setting autocommit to false on JDBC Connection [conn64: url=jdbc:h2:mem:activiti-AsyncExecutorTest user=SA]
10:47:56,369 [Thread-105] DEBUG org.activiti.engine.impl.persistence.entity.JobEntity.selectNextTimerJobsToExecute  - ==&gt;  Preparing: select RES.* from ACT_RU_JOB RES LEFT OUTER JOIN ACT_RU_EXECUTION PI ON PI.ID_ = RES.PROCESS_INSTANCE_ID_ where (RES.RETRIES_ &gt; 0) and (RES.DUEDATE_ is null or RES.DUEDATE_ &lt;= ?) and (RES.LOCK_OWNER_ is null or RES.LOCK_EXP_TIME_ &lt;= ?) and TYPE_ = &apos;timer&apos; and ( (RES.EXECUTION_ID_ is null) or (PI.SUSPENSION_STATE_ = 1) ) LIMIT ? OFFSET ? 
10:47:56,369 [Thread-105] DEBUG org.activiti.engine.impl.persistence.entity.JobEntity.selectNextTimerJobsToExecute  - ==&gt; Parameters: 2023-03-20 10:48:50.669(Timestamp), 2023-03-20 10:48:50.669(Timestamp), 1(Integer), 0(Integer)
10:47:56,369 [Thread-105] DEBUG org.activiti.engine.impl.persistence.entity.JobEntity.selectNextTimerJobsToExecute  - &lt;==      Total: 0
10:47:56,369 [Thread-105] DEBUG org.activiti.engine.impl.db.DbSqlSession  - flush summary: 0 insert, 0 update, 0 delete.
10:47:56,369 [Thread-105] DEBUG org.activiti.engine.impl.db.DbSqlSession  - now executing flush...
10:47:56,369 [Thread-105] DEBUG org.activiti.engine.impl.cfg.standalone.StandaloneMybatisTransactionContext  - firing event committing...
10:47:56,369 [Thread-105] DEBUG org.activiti.engine.impl.cfg.standalone.StandaloneMybatisTransactionContext  - committing the ibatis sql session...
10:47:56,369 [Thread-105] DEBUG org.activiti.engine.impl.cfg.standalone.StandaloneMybatisTransactionContext  - firing event committed...
10:47:56,369 [Thread-105] DEBUG org.apache.ibatis.transaction.jdbc.JdbcTransaction  - Resetting autocommit to true on JDBC Connection [conn64: url=jdbc:h2:mem:activiti-AsyncExecutorTest user=SA]
10:47:56,369 [Thread-105] DEBUG org.apache.ibatis.transaction.jdbc.JdbcTransaction  - Closing JDBC Connection [conn64: url=jdbc:h2:mem:activiti-AsyncExecutorTest user=SA]
10:47:56,369 [Thread-105] DEBUG org.apache.ibatis.datasource.pooled.PooledDataSource  - Returned connection 54468349 to pool.
10:47:56,369 [Thread-105] DEBUG org.activiti.engine.impl.interceptor.LogInterceptor  - --- AcquireTimerJobsCmd finished --------------------------------------------------------
10:47:56,369 [Thread-105] DEBUG org.activiti.engine.impl.interceptor.LogInterceptor  - 

10:47:56,369 [Thread-106] DEBUG org.activiti.engine.impl.persistence.entity.JobEntity.selectAsyncJobsDueToExecute  - ==&gt; Parameters: 2023-03-20 10:48:50.669(Timestamp), 2023-03-20 10:48:50.669(Timestamp), 1(Integer), 0(Integer)
10:47:56,370 [Thread-106] DEBUG org.activiti.engine.impl.persistence.entity.JobEntity.selectAsyncJobsDueToExecute  - &lt;==      Total: 0
10:47:56,370 [Thread-106] DEBUG org.activiti.engine.impl.db.DbSqlSession  - flush summary: 0 insert, 0 update, 0 delete.
10:47:56,369 [Thread-103] DEBUG org.activiti.engine.impl.persistence.entity.JobEntity.selectAsyncJobsDueToExecute  - ==&gt; Parameters: 2023-03-20 10:48:50.669(Timestamp), 2023-03-20 10:48:50.669(Timestamp), 1(Integer), 0(Integer)
10:47:56,370 [Thread-103] DEBUG org.activiti.engine.impl.persistence.entity.JobEntity.selectAsyncJobsDueToExecute  - &lt;==      Total: 0
10:47:56,370 [Thread-103] DEBUG org.activiti.engine.impl.db.DbSqlSession  - flush summary: 0 insert, 0 update, 0 delete.
10:47:56,370 [Thread-103] DEBUG org.activiti.engine.impl.db.DbSqlSession  - now executing flush...
10:47:56,370 [Thread-103] DEBUG org.activiti.engine.impl.cfg.standalone.StandaloneMybatisTransactionContext  - firing event committing...
10:47:56,370 [Thread-103] DEBUG org.activiti.engine.impl.cfg.standalone.StandaloneMybatisTransactionContext  - committing the ibatis sql session...
10:47:56,370 [Thread-103] DEBUG org.activiti.engine.impl.cfg.standalone.StandaloneMybatisTransactionContext  - firing event committed...
10:47:56,370 [Thread-103] DEBUG org.apache.ibatis.transaction.jdbc.JdbcTransaction  - Resetting autocommit to true on JDBC Connection [conn61: url=jdbc:h2:mem:activiti-AsyncExecutorTest user=SA]
10:47:56,370 [Thread-103] DEBUG org.apache.ibatis.transaction.jdbc.JdbcTransaction  - Closing JDBC Connection [conn61: url=jdbc:h2:mem:activiti-AsyncExecutorTest user=SA]
10:47:56,370 [Thread-103] DEBUG org.apache.ibatis.datasource.pooled.PooledDataSource  - Returned connection 157985567 to pool.
10:47:56,370 [Thread-103] DEBUG org.activiti.engine.impl.interceptor.LogInterceptor  - --- AcquireAsyncJobsDueCmd finished --------------------------------------------------------
10:47:56,370 [Thread-103] DEBUG org.activiti.engine.impl.interceptor.LogInterceptor  - 

10:47:56,370 [Thread-103] DEBUG org.activiti.engine.impl.asyncexecutor.AcquireAsyncJobsDueRunnable  - async job acquisition thread sleeping for 50 millis
10:47:56,369 [Thread-102] DEBUG org.apache.ibatis.transaction.jdbc.JdbcTransaction  - Setting autocommit to false on JDBC Connection [conn60: url=jdbc:h2:mem:activiti-AsyncExecutorTest user=SA]
10:47:56,370 [Thread-102] DEBUG org.activiti.engine.impl.persistence.entity.JobEntity.selectNextTimerJobsToExecute  - ==&gt;  Preparing: select RES.* from ACT_RU_JOB RES LEFT OUTER JOIN ACT_RU_EXECUTION PI ON PI.ID_ = RES.PROCESS_INSTANCE_ID_ where (RES.RETRIES_ &gt; 0) and (RES.DUEDATE_ is null or RES.DUEDATE_ &lt;= ?) and (RES.LOCK_OWNER_ is null or RES.LOCK_EXP_TIME_ &lt;= ?) and TYPE_ = &apos;timer&apos; and ( (RES.EXECUTION_ID_ is null) or (PI.SUSPENSION_STATE_ = 1) ) LIMIT ? OFFSET ? 
10:47:56,370 [Thread-102] DEBUG org.activiti.engine.impl.persistence.entity.JobEntity.selectNextTimerJobsToExecute  - ==&gt; Parameters: 2023-03-20 10:48:50.669(Timestamp), 2023-03-20 10:48:50.669(Timestamp), 1(Integer), 0(Integer)
10:47:56,370 [Thread-102] DEBUG org.activiti.engine.impl.persistence.entity.JobEntity.selectNextTimerJobsToExecute  - &lt;==      Total: 0
10:47:56,370 [Thread-102] DEBUG org.activiti.engine.impl.db.DbSqlSession  - flush summary: 0 insert, 0 update, 0 delete.
10:47:56,370 [Thread-102] DEBUG org.activiti.engine.impl.db.DbSqlSession  - now executing flush...
10:47:56,369 [Thread-111] DEBUG org.apache.ibatis.transaction.jdbc.JdbcTransaction  - Opening JDBC Connection
10:47:56,370 [Thread-111] DEBUG org.apache.ibatis.datasource.pooled.PooledDataSource  - Checked out connection 604408605 from pool.
10:47:56,370 [Thread-111] DEBUG org.apache.ibatis.transaction.jdbc.JdbcTransaction  - Setting autocommit to false on JDBC Connection [conn70: url=jdbc:h2:mem:activiti-AsyncExecutorTest user=SA]
10:47:56,370 [Thread-102] DEBUG org.activiti.engine.impl.cfg.standalone.StandaloneMybatisTransactionContext  - firing event committing...
10:47:56,370 [Thread-102] DEBUG org.activiti.engine.impl.cfg.standalone.StandaloneMybatisTransactionContext  - committing the ibatis sql session...
10:47:56,370 [Thread-102] DEBUG org.activiti.engine.impl.cfg.standalone.StandaloneMybatisTransactionContext  - firing event committed...
10:47:56,370 [Thread-106] DEBUG org.activiti.engine.impl.db.DbSqlSession  - now executing flush...
10:47:56,370 [Thread-106] DEBUG org.activiti.engine.impl.cfg.standalone.StandaloneMybatisTransactionContext  - firing event committing...
10:47:56,369 [Thread-105] DEBUG org.activiti.engine.impl.asyncexecutor.AcquireTimerJobsRunnable  - timer job acquisition thread sleeping for 50 millis
10:47:56,370 [Thread-106] DEBUG org.activiti.engine.impl.cfg.standalone.StandaloneMybatisTransactionContext  - committing the ibatis sql session...
10:47:56,371 [Thread-106] DEBUG org.activiti.engine.impl.cfg.standalone.StandaloneMybatisTransactionContext  - firing event committed...
10:47:56,371 [Thread-106] DEBUG org.apache.ibatis.transaction.jdbc.JdbcTransaction  - Resetting autocommit to true on JDBC Connection [conn65: url=jdbc:h2:mem:activiti-AsyncExecutorTest user=SA]
10:47:56,371 [Thread-106] DEBUG org.apache.ibatis.transaction.jdbc.JdbcTransaction  - Closing JDBC Connection [conn65: url=jdbc:h2:mem:activiti-AsyncExecutorTest user=SA]
10:47:56,371 [Thread-106] DEBUG org.apache.ibatis.datasource.pooled.PooledDataSource  - Returned connection 996762054 to pool.
10:47:56,371 [Thread-106] DEBUG org.activiti.engine.impl.interceptor.LogInterceptor  - --- AcquireAsyncJobsDueCmd finished --------------------------------------------------------
10:47:56,371 [Thread-106] DEBUG org.activiti.engine.impl.interceptor.LogInterceptor  - 

10:47:56,371 [Thread-106] DEBUG org.activiti.engine.impl.asyncexecutor.AcquireAsyncJobsDueRunnable  - async job acquisition thread sleeping for 50 millis
10:47:56,370 [Thread-102] DEBUG org.apache.ibatis.transaction.jdbc.JdbcTransaction  - Resetting autocommit to true on JDBC Connection [conn60: url=jdbc:h2:mem:activiti-AsyncExecutorTest user=SA]
10:47:56,371 [Thread-102] DEBUG org.apache.ibatis.transaction.jdbc.JdbcTransaction  - Closing JDBC Connection [conn60: url=jdbc:h2:mem:activiti-AsyncExecutorTest user=SA]
10:47:56,371 [Thread-102] DEBUG org.apache.ibatis.datasource.pooled.PooledDataSource  - Returned connection 33534803 to pool.
10:47:56,370 [Thread-111] DEBUG org.activiti.engine.impl.persistence.entity.JobEntity.selectNextTimerJobsToExecute  - ==&gt;  Preparing: select RES.* from ACT_RU_JOB RES LEFT OUTER JOIN ACT_RU_EXECUTION PI ON PI.ID_ = RES.PROCESS_INSTANCE_ID_ where (RES.RETRIES_ &gt; 0) and (RES.DUEDATE_ is null or RES.DUEDATE_ &lt;= ?) and (RES.LOCK_OWNER_ is null or RES.LOCK_EXP_TIME_ &lt;= ?) and TYPE_ = &apos;timer&apos; and ( (RES.EXECUTION_ID_ is null) or (PI.SUSPENSION_STATE_ = 1) ) LIMIT ? OFFSET ? 
10:47:56,371 [Thread-102] DEBUG org.activiti.engine.impl.interceptor.LogInterceptor  - --- AcquireTimerJobsCmd finished --------------------------------------------------------
10:47:56,371 [Thread-102] DEBUG org.activiti.engine.impl.interceptor.LogInterceptor  - 

10:47:56,371 [Thread-102] DEBUG org.activiti.engine.impl.asyncexecutor.AcquireTimerJobsRunnable  - timer job acquisition thread sleeping for 50 millis
10:47:56,371 [Thread-111] DEBUG org.activiti.engine.impl.persistence.entity.JobEntity.selectNextTimerJobsToExecute  - ==&gt; Parameters: 2023-03-20 10:48:50.669(Timestamp), 2023-03-20 10:48:50.669(Timestamp), 1(Integer), 0(Integer)
10:47:56,371 [Thread-111] DEBUG org.activiti.engine.impl.persistence.entity.JobEntity.selectNextTimerJobsToExecute  - &lt;==      Total: 0
10:47:56,371 [Thread-111] DEBUG org.activiti.engine.impl.db.DbSqlSession  - flush summary: 0 insert, 0 update, 0 delete.
10:47:56,371 [Thread-111] DEBUG org.activiti.engine.impl.db.DbSqlSession  - now executing flush...
10:47:56,371 [Thread-111] DEBUG org.activiti.engine.impl.cfg.standalone.StandaloneMybatisTransactionContext  - firing event committing...
10:47:56,371 [Thread-111] DEBUG org.activiti.engine.impl.cfg.standalone.StandaloneMybatisTransactionContext  - committing the ibatis sql session...
10:47:56,371 [Thread-111] DEBUG org.activiti.engine.impl.cfg.standalone.StandaloneMybatisTransactionContext  - firing event committed...
10:47:56,371 [Thread-111] DEBUG org.apache.ibatis.transaction.jdbc.JdbcTransaction  - Resetting autocommit to true on JDBC Connection [conn70: url=jdbc:h2:mem:activiti-AsyncExecutorTest user=SA]
10:47:56,371 [Thread-111] DEBUG org.apache.ibatis.transaction.jdbc.JdbcTransaction  - Closing JDBC Connection [conn70: url=jdbc:h2:mem:activiti-AsyncExecutorTest user=SA]
10:47:56,371 [Thread-111] DEBUG org.apache.ibatis.datasource.pooled.PooledDataSource  - Returned connection 604408605 to pool.
10:47:56,371 [Thread-111] DEBUG org.activiti.engine.impl.interceptor.LogInterceptor  - --- AcquireTimerJobsCmd finished --------------------------------------------------------
10:47:56,371 [Thread-111] DEBUG org.activiti.engine.impl.interceptor.LogInterceptor  - 

10:47:56,371 [Thread-111] DEBUG org.activiti.engine.impl.asyncexecutor.AcquireTimerJobsRunnable  - timer job acquisition thread sleeping for 50 millis
10:47:56,415 [Thread-112] DEBUG org.activiti.engine.impl.asyncexecutor.AcquireAsyncJobsDueRunnable  - async job acquisition thread woke up
10:47:56,415 [Thread-112] DEBUG org.activiti.engine.impl.interceptor.LogInterceptor  - 

10:47:56,415 [Thread-112] DEBUG org.activiti.engine.impl.interceptor.LogInterceptor  - --- starting AcquireAsyncJobsDueCmd --------------------------------------------------------
10:47:56,415 [Thread-112] DEBUG org.apache.ibatis.transaction.jdbc.JdbcTransaction  - Opening JDBC Connection
10:47:56,415 [Thread-112] DEBUG org.apache.ibatis.datasource.pooled.PooledDataSource  - Checked out connection 58501658 from pool.
10:47:56,415 [Thread-112] DEBUG org.apache.ibatis.transaction.jdbc.JdbcTransaction  - Setting autocommit to false on JDBC Connection [conn68: url=jdbc:h2:mem:activiti-AsyncExecutorTest user=SA]
10:47:56,415 [Thread-112] DEBUG org.activiti.engine.impl.persistence.entity.JobEntity.selectAsyncJobsDueToExecute  - ==&gt;  Preparing: select RES.* from ACT_RU_JOB RES LEFT OUTER JOIN ACT_RU_EXECUTION PI ON PI.ID_ = RES.PROCESS_INSTANCE_ID_ where RES.RETRIES_ &gt; 0 and RES.DUEDATE_ is not null and RES.DUEDATE_ &lt;= ? and (RES.LOCK_EXP_TIME_ is null or RES.LOCK_EXP_TIME_ &lt;= ?) and TYPE_ = &apos;message&apos; and ( (RES.EXECUTION_ID_ is null) or (PI.SUSPENSION_STATE_ = 1) ) LIMIT ? OFFSET ? 
10:47:56,415 [Thread-112] DEBUG org.activiti.engine.impl.persistence.entity.JobEntity.selectAsyncJobsDueToExecute  - ==&gt; Parameters: 2023-03-20 10:48:50.669(Timestamp), 2023-03-20 10:48:50.669(Timestamp), 1(Integer), 0(Integer)
10:47:56,415 [Thread-112] DEBUG org.activiti.engine.impl.persistence.entity.JobEntity.selectAsyncJobsDueToExecute  - &lt;==      Total: 0
10:47:56,415 [Thread-112] DEBUG org.activiti.engine.impl.db.DbSqlSession  - flush summary: 0 insert, 0 update, 0 delete.
10:47:56,415 [Thread-112] DEBUG org.activiti.engine.impl.db.DbSqlSession  - now executing flush...
10:47:56,415 [Thread-112] DEBUG org.activiti.engine.impl.cfg.standalone.StandaloneMybatisTransactionContext  - firing event committing...
10:47:56,415 [Thread-112] DEBUG org.activiti.engine.impl.cfg.standalone.StandaloneMybatisTransactionContext  - committing the ibatis sql session...
10:47:56,415 [Thread-112] DEBUG org.activiti.engine.impl.cfg.standalone.StandaloneMybatisTransactionContext  - firing event committed...
10:47:56,415 [Thread-112] DEBUG org.apache.ibatis.transaction.jdbc.JdbcTransaction  - Resetting autocommit to true on JDBC Connection [conn68: url=jdbc:h2:mem:activiti-AsyncExecutorTest user=SA]
10:47:56,415 [Thread-112] DEBUG org.apache.ibatis.transaction.jdbc.JdbcTransaction  - Closing JDBC Connection [conn68: url=jdbc:h2:mem:activiti-AsyncExecutorTest user=SA]
10:47:56,415 [Thread-112] DEBUG org.apache.ibatis.datasource.pooled.PooledDataSource  - Returned connection 58501658 to pool.
10:47:56,415 [Thread-112] DEBUG org.activiti.engine.impl.interceptor.LogInterceptor  - --- AcquireAsyncJobsDueCmd finished --------------------------------------------------------
10:47:56,416 [Thread-112] DEBUG org.activiti.engine.impl.interceptor.LogInterceptor  - 

10:47:56,416 [Thread-112] DEBUG org.activiti.engine.impl.asyncexecutor.AcquireAsyncJobsDueRunnable  - async job acquisition thread sleeping for 50 millis
10:47:56,430 [Thread-103] DEBUG org.activiti.engine.impl.asyncexecutor.AcquireAsyncJobsDueRunnable  - async job acquisition thread woke up
10:47:56,430 [Thread-103] DEBUG org.activiti.engine.impl.interceptor.LogInterceptor  - 

10:47:56,430 [Thread-103] DEBUG org.activiti.engine.impl.interceptor.LogInterceptor  - --- starting AcquireAsyncJobsDueCmd --------------------------------------------------------
10:47:56,430 [Thread-111] DEBUG org.activiti.engine.impl.asyncexecutor.AcquireTimerJobsRunnable  - timer job acquisition thread woke up
10:47:56,430 [Thread-111] DEBUG org.activiti.engine.impl.interceptor.LogInterceptor  - 

10:47:56,430 [Thread-102] DEBUG org.activiti.engine.impl.asyncexecutor.AcquireTimerJobsRunnable  - timer job acquisition thread woke up
10:47:56,430 [Thread-102] DEBUG org.activiti.engine.impl.interceptor.LogInterceptor  - 

10:47:56,430 [Thread-102] DEBUG org.activiti.engine.impl.interceptor.LogInterceptor  - --- starting AcquireTimerJobsCmd --------------------------------------------------------
10:47:56,430 [Thread-105] DEBUG org.activiti.engine.impl.asyncexecutor.AcquireTimerJobsRunnable  - timer job acquisition thread woke up
10:47:56,430 [Thread-105] DEBUG org.activiti.engine.impl.interceptor.LogInterceptor  - 

10:47:56,430 [Thread-105] DEBUG org.activiti.engine.impl.interceptor.LogInterceptor  - --- starting AcquireTimerJobsCmd --------------------------------------------------------
10:47:56,430 [Thread-105] DEBUG org.apache.ibatis.transaction.jdbc.JdbcTransaction  - Opening JDBC Connection
10:47:56,430 [Thread-105] DEBUG org.apache.ibatis.datasource.pooled.PooledDataSource  - Checked out connection 1970103261 from pool.
10:47:56,430 [Thread-105] DEBUG org.apache.ibatis.transaction.jdbc.JdbcTransaction  - Setting autocommit to false on JDBC Connection [conn63: url=jdbc:h2:mem:activiti-AsyncExecutorTest user=SA]
10:47:56,430 [Thread-105] DEBUG org.activiti.engine.impl.persistence.entity.JobEntity.selectNextTimerJobsToExecute  - ==&gt;  Preparing: select RES.* from ACT_RU_JOB RES LEFT OUTER JOIN ACT_RU_EXECUTION PI ON PI.ID_ = RES.PROCESS_INSTANCE_ID_ where (RES.RETRIES_ &gt; 0) and (RES.DUEDATE_ is null or RES.DUEDATE_ &lt;= ?) and (RES.LOCK_OWNER_ is null or RES.LOCK_EXP_TIME_ &lt;= ?) and TYPE_ = &apos;timer&apos; and ( (RES.EXECUTION_ID_ is null) or (PI.SUSPENSION_STATE_ = 1) ) LIMIT ? OFFSET ? 
10:47:56,430 [main] DEBUG org.activiti.engine.impl.interceptor.LogInterceptor  - 

10:47:56,430 [main] DEBUG org.activiti.engine.impl.interceptor.LogInterceptor  - --- starting JobQueryImpl --------------------------------------------------------
10:47:56,430 [Thread-106] DEBUG org.activiti.engine.impl.asyncexecutor.AcquireAsyncJobsDueRunnable  - async job acquisition thread woke up
10:47:56,431 [Thread-106] DEBUG org.activiti.engine.impl.interceptor.LogInterceptor  - 

10:47:56,431 [Thread-106] DEBUG org.activiti.engine.impl.interceptor.LogInterceptor  - --- starting AcquireAsyncJobsDueCmd --------------------------------------------------------
10:47:56,431 [main] DEBUG org.apache.ibatis.transaction.jdbc.JdbcTransaction  - Opening JDBC Connection
10:47:56,431 [main] DEBUG org.apache.ibatis.datasource.pooled.PooledDataSource  - Checked out connection 297240765 from pool.
10:47:56,431 [main] DEBUG org.apache.ibatis.transaction.jdbc.JdbcTransaction  - Setting autocommit to false on JDBC Connection [conn4: url=jdbc:h2:mem:activiti user=SA]
10:47:56,431 [main] DEBUG org.activiti.engine.impl.persistence.entity.JobEntity.selectJobByQueryCriteria  - ==&gt;  Preparing: select RES.* from ACT_RU_JOB RES order by order by RES.ID_ asc LIMIT ? OFFSET ? 
10:47:56,430 [Thread-105] DEBUG org.activiti.engine.impl.persistence.entity.JobEntity.selectNextTimerJobsToExecute  - ==&gt; Parameters: 2023-03-20 10:48:50.669(Timestamp), 2023-03-20 10:48:50.669(Timestamp), 1(Integer), 0(Integer)
10:47:56,431 [Thread-105] DEBUG org.activiti.engine.impl.persistence.entity.JobEntity.selectNextTimerJobsToExecute  - &lt;==      Total: 0
10:47:56,431 [Thread-105] DEBUG org.activiti.engine.impl.db.DbSqlSession  - flush summary: 0 insert, 0 update, 0 delete.
10:47:56,431 [Thread-105] DEBUG org.activiti.engine.impl.db.DbSqlSession  - now executing flush...
10:47:56,431 [Thread-105] DEBUG org.activiti.engine.impl.cfg.standalone.StandaloneMybatisTransactionContext  - firing event committing...
10:47:56,431 [Thread-105] DEBUG org.activiti.engine.impl.cfg.standalone.StandaloneMybatisTransactionContext  - committing the ibatis sql session...
10:47:56,431 [Thread-105] DEBUG org.activiti.engine.impl.cfg.standalone.StandaloneMybatisTransactionContext  - firing event committed...
10:47:56,431 [Thread-105] DEBUG org.apache.ibatis.transaction.jdbc.JdbcTransaction  - Resetting autocommit to true on JDBC Connection [conn63: url=jdbc:h2:mem:activiti-AsyncExecutorTest user=SA]
10:47:56,431 [Thread-105] DEBUG org.apache.ibatis.transaction.jdbc.JdbcTransaction  - Closing JDBC Connection [conn63: url=jdbc:h2:mem:activiti-AsyncExecutorTest user=SA]
10:47:56,431 [Thread-105] DEBUG org.apache.ibatis.datasource.pooled.PooledDataSource  - Returned connection 1970103261 to pool.
10:47:56,431 [Thread-105] DEBUG org.activiti.engine.impl.interceptor.LogInterceptor  - --- AcquireTimerJobsCmd finished --------------------------------------------------------
10:47:56,431 [Thread-105] DEBUG org.activiti.engine.impl.interceptor.LogInterceptor  - 

10:47:56,431 [Thread-105] DEBUG org.activiti.engine.impl.asyncexecutor.AcquireTimerJobsRunnable  - timer job acquisition thread sleeping for 50 millis
10:47:56,430 [Thread-102] DEBUG org.apache.ibatis.transaction.jdbc.JdbcTransaction  - Opening JDBC Connection
10:47:56,431 [Thread-102] DEBUG org.apache.ibatis.datasource.pooled.PooledDataSource  - Checked out connection 720039383 from pool.
10:47:56,431 [Thread-102] DEBUG org.apache.ibatis.transaction.jdbc.JdbcTransaction  - Setting autocommit to false on JDBC Connection [conn59: url=jdbc:h2:mem:activiti-AsyncExecutorTest user=SA]
10:47:56,431 [Thread-102] DEBUG org.activiti.engine.impl.persistence.entity.JobEntity.selectNextTimerJobsToExecute  - ==&gt;  Preparing: select RES.* from ACT_RU_JOB RES LEFT OUTER JOIN ACT_RU_EXECUTION PI ON PI.ID_ = RES.PROCESS_INSTANCE_ID_ where (RES.RETRIES_ &gt; 0) and (RES.DUEDATE_ is null or RES.DUEDATE_ &lt;= ?) and (RES.LOCK_OWNER_ is null or RES.LOCK_EXP_TIME_ &lt;= ?) and TYPE_ = &apos;timer&apos; and ( (RES.EXECUTION_ID_ is null) or (PI.SUSPENSION_STATE_ = 1) ) LIMIT ? OFFSET ? 
10:47:56,431 [Thread-102] DEBUG org.activiti.engine.impl.persistence.entity.JobEntity.selectNextTimerJobsToExecute  - ==&gt; Parameters: 2023-03-20 10:48:50.669(Timestamp), 2023-03-20 10:48:50.669(Timestamp), 1(Integer), 0(Integer)
10:47:56,430 [Thread-111] DEBUG org.activiti.engine.impl.interceptor.LogInterceptor  - --- starting AcquireTimerJobsCmd --------------------------------------------------------
10:47:56,431 [Thread-111] DEBUG org.apache.ibatis.transaction.jdbc.JdbcTransaction  - Opening JDBC Connection
10:47:56,431 [Thread-111] DEBUG org.apache.ibatis.datasource.pooled.PooledDataSource  - Checked out connection 1863805930 from pool.
10:47:56,431 [Thread-111] DEBUG org.apache.ibatis.transaction.jdbc.JdbcTransaction  - Setting autocommit to false on JDBC Connection [conn69: url=jdbc:h2:mem:activiti-AsyncExecutorTest user=SA]
10:47:56,432 [Thread-111] DEBUG org.activiti.engine.impl.persistence.entity.JobEntity.selectNextTimerJobsToExecute  - ==&gt;  Preparing: select RES.* from ACT_RU_JOB RES LEFT OUTER JOIN ACT_RU_EXECUTION PI ON PI.ID_ = RES.PROCESS_INSTANCE_ID_ where (RES.RETRIES_ &gt; 0) and (RES.DUEDATE_ is null or RES.DUEDATE_ &lt;= ?) and (RES.LOCK_OWNER_ is null or RES.LOCK_EXP_TIME_ &lt;= ?) and TYPE_ = &apos;timer&apos; and ( (RES.EXECUTION_ID_ is null) or (PI.SUSPENSION_STATE_ = 1) ) LIMIT ? OFFSET ? 
10:47:56,432 [Thread-111] DEBUG org.activiti.engine.impl.persistence.entity.JobEntity.selectNextTimerJobsToExecute  - ==&gt; Parameters: 2023-03-20 10:48:50.669(Timestamp), 2023-03-20 10:48:50.669(Timestamp), 1(Integer), 0(Integer)
10:47:56,432 [Thread-111] DEBUG org.activiti.engine.impl.persistence.entity.JobEntity.selectNextTimerJobsToExecute  - &lt;==      Total: 0
10:47:56,430 [Thread-103] DEBUG org.apache.ibatis.transaction.jdbc.JdbcTransaction  - Opening JDBC Connection
10:47:56,432 [Thread-103] DEBUG org.apache.ibatis.datasource.pooled.PooledDataSource  - Checked out connection 157985567 from pool.
10:47:56,432 [Thread-103] DEBUG org.apache.ibatis.transaction.jdbc.JdbcTransaction  - Setting autocommit to false on JDBC Connection [conn61: url=jdbc:h2:mem:activiti-AsyncExecutorTest user=SA]
10:47:56,432 [Thread-103] DEBUG org.activiti.engine.impl.persistence.entity.JobEntity.selectAsyncJobsDueToExecute  - ==&gt;  Preparing: select RES.* from ACT_RU_JOB RES LEFT OUTER JOIN ACT_RU_EXECUTION PI ON PI.ID_ = RES.PROCESS_INSTANCE_ID_ where RES.RETRIES_ &gt; 0 and RES.DUEDATE_ is not null and RES.DUEDATE_ &lt;= ? and (RES.LOCK_EXP_TIME_ is null or RES.LOCK_EXP_TIME_ &lt;= ?) and TYPE_ = &apos;message&apos; and ( (RES.EXECUTION_ID_ is null) or (PI.SUSPENSION_STATE_ = 1) ) LIMIT ? OFFSET ? 
10:47:56,432 [Thread-103] DEBUG org.activiti.engine.impl.persistence.entity.JobEntity.selectAsyncJobsDueToExecute  - ==&gt; Parameters: 2023-03-20 10:48:50.669(Timestamp), 2023-03-20 10:48:50.669(Timestamp), 1(Integer), 0(Integer)
10:47:56,432 [Thread-103] DEBUG org.activiti.engine.impl.persistence.entity.JobEntity.selectAsyncJobsDueToExecute  - &lt;==      Total: 0
10:47:56,432 [Thread-103] DEBUG org.activiti.engine.impl.db.DbSqlSession  - flush summary: 0 insert, 0 update, 0 delete.
10:47:56,432 [Thread-103] DEBUG org.activiti.engine.impl.db.DbSqlSession  - now executing flush...
10:47:56,432 [Thread-103] DEBUG org.activiti.engine.impl.cfg.standalone.StandaloneMybatisTransactionContext  - firing event committing...
10:47:56,432 [Thread-103] DEBUG org.activiti.engine.impl.cfg.standalone.StandaloneMybatisTransactionContext  - committing the ibatis sql session...
10:47:56,432 [Thread-103] DEBUG org.activiti.engine.impl.cfg.standalone.StandaloneMybatisTransactionContext  - firing event committed...
10:47:56,432 [Thread-103] DEBUG org.apache.ibatis.transaction.jdbc.JdbcTransaction  - Resetting autocommit to true on JDBC Connection [conn61: url=jdbc:h2:mem:activiti-AsyncExecutorTest user=SA]
10:47:56,432 [Thread-103] DEBUG org.apache.ibatis.transaction.jdbc.JdbcTransaction  - Closing JDBC Connection [conn61: url=jdbc:h2:mem:activiti-AsyncExecutorTest user=SA]
10:47:56,432 [Thread-103] DEBUG org.apache.ibatis.datasource.pooled.PooledDataSource  - Returned connection 157985567 to pool.
10:47:56,432 [Thread-103] DEBUG org.activiti.engine.impl.interceptor.LogInterceptor  - --- AcquireAsyncJobsDueCmd finished --------------------------------------------------------
10:47:56,432 [Thread-103] DEBUG org.activiti.engine.impl.interceptor.LogInterceptor  - 

10:47:56,432 [Thread-103] DEBUG org.activiti.engine.impl.asyncexecutor.AcquireAsyncJobsDueRunnable  - async job acquisition thread sleeping for 50 millis
10:47:56,432 [Thread-111] DEBUG org.activiti.engine.impl.db.DbSqlSession  - flush summary: 0 insert, 0 update, 0 delete.
10:47:56,432 [Thread-111] DEBUG org.activiti.engine.impl.db.DbSqlSession  - now executing flush...
10:47:56,432 [Thread-111] DEBUG org.activiti.engine.impl.cfg.standalone.StandaloneMybatisTransactionContext  - firing event committing...
10:47:56,432 [Thread-111] DEBUG org.activiti.engine.impl.cfg.standalone.StandaloneMybatisTransactionContext  - committing the ibatis sql session...
10:47:56,431 [Thread-102] DEBUG org.activiti.engine.impl.persistence.entity.JobEntity.selectNextTimerJobsToExecute  - &lt;==      Total: 0
10:47:56,432 [Thread-102] DEBUG org.activiti.engine.impl.db.DbSqlSession  - flush summary: 0 insert, 0 update, 0 delete.
10:47:56,432 [Thread-102] DEBUG org.activiti.engine.impl.db.DbSqlSession  - now executing flush...
10:47:56,432 [Thread-102] DEBUG org.activiti.engine.impl.cfg.standalone.StandaloneMybatisTransactionContext  - firing event committing...
10:47:56,432 [Thread-102] DEBUG org.activiti.engine.impl.cfg.standalone.StandaloneMybatisTransactionContext  - committing the ibatis sql session...
10:47:56,432 [Thread-102] DEBUG org.activiti.engine.impl.cfg.standalone.StandaloneMybatisTransactionContext  - firing event committed...
10:47:56,432 [Thread-102] DEBUG org.apache.ibatis.transaction.jdbc.JdbcTransaction  - Resetting autocommit to true on JDBC Connection [conn59: url=jdbc:h2:mem:activiti-AsyncExecutorTest user=SA]
10:47:56,432 [Thread-102] DEBUG org.apache.ibatis.transaction.jdbc.JdbcTransaction  - Closing JDBC Connection [conn59: url=jdbc:h2:mem:activiti-AsyncExecutorTest user=SA]
10:47:56,432 [Thread-102] DEBUG org.apache.ibatis.datasource.pooled.PooledDataSource  - Returned connection 720039383 to pool.
10:47:56,432 [Thread-102] DEBUG org.activiti.engine.impl.interceptor.LogInterceptor  - --- AcquireTimerJobsCmd finished --------------------------------------------------------
10:47:56,432 [Thread-102] DEBUG org.activiti.engine.impl.interceptor.LogInterceptor  - 

10:47:56,431 [main] DEBUG org.activiti.engine.impl.interceptor.CommandContext  - Error while closing command context
org.apache.ibatis.exceptions.PersistenceException: 
### Error querying database.  Cause: org.h2.jdbc.JdbcSQLException: Syntax error in SQL statement &quot;SELECT RES.* 
     
    FROM ACT_RU_JOB RES
     
      
   
     ORDER BY  ORDER[*] BY RES.ID_ ASC  
    LIMIT ? OFFSET ? &quot;; expected &quot;=, NOT, EXISTS, INTERSECTS, SELECT, FROM&quot;; SQL statement:
select RES.* 
     
    from ACT_RU_JOB RES
     
      
   
     order by  order by RES.ID_ asc  
    LIMIT ? OFFSET ? [42001-176]
### The error may exist in org/activiti/db/mapping/entity/Job.xml
### The error may involve org.activiti.engine.impl.persistence.entity.JobEntity.selectJobByQueryCriteria
### The error occurred while executing a query
### SQL: select RES.*            from ACT_RU_JOB RES                       order by  order by RES.ID_ asc       LIMIT ? OFFSET ?
### Cause: org.h2.jdbc.JdbcSQLException: Syntax error in SQL statement &quot;SELECT RES.* 
     
    FROM ACT_RU_JOB RES
     
      
   
     ORDER BY  ORDER[*] BY RES.ID_ ASC  
    LIMIT ? OFFSET ? &quot;; expected &quot;=, NOT, EXISTS, INTERSECTS, SELECT, FROM&quot;; SQL statement:
select RES.* 
     
    from ACT_RU_JOB RES
     
      
   
     order by  order by RES.ID_ asc  
    LIMIT ? OFFSET ? [42001-176]
	at org.apache.ibatis.exceptions.ExceptionFactory.wrapException(ExceptionFactory.java:30)
	at org.apache.ibatis.session.defaults.DefaultSqlSession.selectList(DefaultSqlSession.java:122)
	at org.apache.ibatis.session.defaults.DefaultSqlSession.selectList(DefaultSqlSession.java:113)
	at org.activiti.engine.impl.db.DbSqlSession.selectListWithRawParameter(DbSqlSession.java:438)
	at org.activiti.engine.impl.db.DbSqlSession.selectList(DbSqlSession.java:429)
	at org.activiti.engine.impl.db.DbSqlSession.selectList(DbSqlSession.java:419)
	at org.activiti.engine.impl.persistence.entity.JobEntityManager.findJobsByQueryCriteria(JobEntityManager.java:198)
	at org.activiti.engine.impl.JobQueryImpl.executeList(JobQueryImpl.java:243)
	at org.activiti.engine.impl.AbstractQuery.execute(AbstractQuery.java:164)
	at org.activiti.engine.impl.interceptor.CommandInvoker.execute(CommandInvoker.java:24)
	at org.activiti.engine.impl.interceptor.CommandContextInterceptor.execute(CommandContextInterceptor.java:57)
	at org.activiti.engine.impl.interceptor.LogInterceptor.execute(LogInterceptor.java:37)
	at org.activiti.engine.impl.cfg.CommandExecutorImpl.execute(CommandExecutorImpl.java:40)
	at org.activiti.engine.impl.cfg.CommandExecutorImpl.execute(CommandExecutorImpl.java:35)
	at org.activiti.engine.impl.AbstractQuery.list(AbstractQuery.java:138)
	at org.activiti.engine.impl.test.JobTestHelper.areJobsAvailable(JobTestHelper.java:194)
	at org.activiti.engine.impl.test.JobTestHelper.waitForJobExecutorToProcessAllJobs(JobTestHelper.java:74)
	at org.activiti.engine.impl.test.JobTestHelper.waitForJobExecutorToProcessAllJobs(JobTestHelper.java:47)
	at org.activiti.engine.impl.test.AbstractActivitiTestCase.waitForJobExecutorToProcessAllJobs(AbstractActivitiTestCase.java:204)
	at org.activiti.engine.test.jobexecutor.JobExecutorTest.testBasicJobExecutorOperation(JobExecutorTest.java:53)
	at sun.reflect.NativeMethodAccessorImpl.invoke0(Native Method)
	at sun.reflect.NativeMethodAccessorImpl.invoke(NativeMethodAccessorImpl.java:62)
	at sun.reflect.DelegatingMethodAccessorImpl.invoke(DelegatingMethodAccessorImpl.java:43)
	at java.lang.reflect.Method.invoke(Method.java:498)
	at junit.framework.TestCase.runTest(TestCase.java:176)
	at org.activiti.engine.impl.test.PvmTestCase.runTest(PvmTestCase.java:65)
	at junit.framework.TestCase.runBare(TestCase.java:141)
	at org.activiti.engine.impl.test.AbstractActivitiTestCase.runBare(AbstractActivitiTestCase.java:100)
	at junit.framework.TestResult$1.protect(TestResult.java:122)
	at junit.framework.TestResult.runProtected(TestResult.java:142)
	at junit.framework.TestResult.run(TestResult.java:125)
	at junit.framework.TestCase.run(TestCase.java:129)
	at junit.framework.TestSuite.runTest(TestSuite.java:255)
	at junit.framework.TestSuite.run(TestSuite.java:250)
	at org.junit.internal.runners.JUnit38ClassRunner.run(JUnit38ClassRunner.java:84)
	at org.apache.maven.surefire.junit4.JUnit4TestSet.execute(JUnit4TestSet.java:35)
	at org.apache.maven.surefire.junit4.JUnit4Provider.executeTestSet(JUnit4Provider.java:146)
	at org.apache.maven.surefire.junit4.JUnit4Provider.invoke(JUnit4Provider.java:97)
	at sun.reflect.NativeMethodAccessorImpl.invoke0(Native Method)
	at sun.reflect.NativeMethodAccessorImpl.invoke(NativeMethodAccessorImpl.java:62)
	at sun.reflect.DelegatingMethodAccessorImpl.invoke(DelegatingMethodAccessorImpl.java:43)
	at java.lang.reflect.Method.invoke(Method.java:498)
	at org.apache.maven.surefire.booter.ProviderFactory$ClassLoaderProxy.invoke(ProviderFactory.java:103)
	at com.sun.proxy.$Proxy0.invoke(Unknown Source)
	at org.apache.maven.surefire.booter.SurefireStarter.invokeProvider(SurefireStarter.java:145)
	at org.apache.maven.surefire.booter.SurefireStarter.runSuitesInProcess(SurefireStarter.java:87)
	at org.apache.maven.surefire.booter.ForkedBooter.main(ForkedBooter.java:69)
Caused by: org.h2.jdbc.JdbcSQLException: Syntax error in SQL statement &quot;SELECT RES.* 
     
    FROM ACT_RU_JOB RES
     
      
   
     ORDER BY  ORDER[*] BY RES.ID_ ASC  
    LIMIT ? OFFSET ? &quot;; expected &quot;=, NOT, EXISTS, INTERSECTS, SELECT, FROM&quot;; SQL statement:
select RES.* 
     
    from ACT_RU_JOB RES
     
      
   
     order by  order by RES.ID_ asc  
    LIMIT ? OFFSET ? [42001-176]
	at org.h2.message.DbException.getJdbcSQLException(DbException.java:344)
	at org.h2.message.DbException.getSyntaxError(DbException.java:204)
	at org.h2.command.Parser.getSyntaxError(Parser.java:524)
	at org.h2.command.Parser.readTerm(Parser.java:2688)
	at org.h2.command.Parser.readFactor(Parser.java:2244)
	at org.h2.command.Parser.readSum(Parser.java:2231)
	at org.h2.command.Parser.readConcat(Parser.java:2201)
	at org.h2.command.Parser.readCondition(Parser.java:2051)
	at org.h2.command.Parser.readAnd(Parser.java:2023)
	at org.h2.command.Parser.readExpression(Parser.java:2015)
	at org.h2.command.Parser.parseEndOfQuery(Parser.java:1726)
	at org.h2.command.Parser.parseSelectUnionExtension(Parser.java:1706)
	at org.h2.command.Parser.parseSelectUnion(Parser.java:1675)
	at org.h2.command.Parser.parseSelect(Parser.java:1662)
	at org.h2.command.Parser.parsePrepared(Parser.java:434)
	at org.h2.command.Parser.parse(Parser.java:306)
	at org.h2.command.Parser.parse(Parser.java:282)
	at org.h2.command.Parser.prepareCommand(Parser.java:243)
	at org.h2.engine.Session.prepareLocal(Session.java:442)
	at org.h2.engine.Session.prepareCommand(Session.java:384)
	at org.h2.jdbc.JdbcConnection.prepareCommand(JdbcConnection.java:1188)
	at org.h2.jdbc.JdbcPreparedStatement.&lt;init&gt;(JdbcPreparedStatement.java:73)
	at org.h2.jdbc.JdbcConnection.prepareStatement(JdbcConnection.java:276)
	at sun.reflect.GeneratedMethodAccessor6.invoke(Unknown Source)
	at sun.reflect.DelegatingMethodAccessorImpl.invoke(DelegatingMethodAccessorImpl.java:43)
	at java.lang.reflect.Method.invoke(Method.java:498)
	at org.apache.ibatis.datasource.pooled.PooledConnection.invoke(PooledConnection.java:245)
	at com.sun.proxy.$Proxy12.prepareStatement(Unknown Source)
	at sun.reflect.GeneratedMethodAccessor6.invoke(Unknown Source)
	at sun.reflect.DelegatingMethodAccessorImpl.invoke(DelegatingMethodAccessorImpl.java:43)
	at java.lang.reflect.Method.invoke(Method.java:498)
	at org.apache.ibatis.logging.jdbc.ConnectionLogger.invoke(ConnectionLogger.java:55)
	at com.sun.proxy.$Proxy12.prepareStatement(Unknown Source)
	at org.apache.ibatis.executor.statement.PreparedStatementHandler.instantiateStatement(PreparedStatementHandler.java:79)
	at org.apache.ibatis.executor.statement.BaseStatementHandler.prepare(BaseStatementHandler.java:88)
	at org.apache.ibatis.executor.statement.RoutingStatementHandler.prepare(RoutingStatementHandler.java:58)
	at org.apache.ibatis.executor.SimpleExecutor.prepareStatement(SimpleExecutor.java:76)
	at org.apache.ibatis.executor.SimpleExecutor.doQuery(SimpleExecutor.java:61)
	at org.apache.ibatis.executor.BaseExecutor.queryFromDatabase(BaseExecutor.java:303)
	at org.apache.ibatis.executor.BaseExecutor.query(BaseExecutor.java:154)
	at org.apache.ibatis.executor.CachingExecutor.query(CachingExecutor.java:102)
	at org.apache.ibatis.executor.CachingExecutor.query(CachingExecutor.java:82)
	at org.apache.ibatis.session.defaults.DefaultSqlSession.selectList(DefaultSqlSession.java:120)
	... 45 more
10:47:56,433 [main] DEBUG org.activiti.engine.impl.cfg.standalone.StandaloneMybatisTransactionContext  - firing event rolling back...
10:47:56,433 [main] DEBUG org.activiti.engine.impl.cfg.standalone.StandaloneMybatisTransactionContext  - rolling back ibatis sql session...
10:47:56,433 [main] DEBUG org.activiti.engine.impl.cfg.standalone.StandaloneMybatisTransactionContext  - firing event rolled back...
10:47:56,433 [main] DEBUG org.apache.ibatis.transaction.jdbc.JdbcTransaction  - Resetting autocommit to true on JDBC Connection [conn4: url=jdbc:h2:mem:activiti user=SA]
10:47:56,433 [main] DEBUG org.apache.ibatis.transaction.jdbc.JdbcTransaction  - Closing JDBC Connection [conn4: url=jdbc:h2:mem:activiti user=SA]
10:47:56,433 [main] DEBUG org.apache.ibatis.datasource.pooled.PooledDataSource  - Returned connection 297240765 to pool.
10:47:56,433 [main] DEBUG org.activiti.engine.impl.interceptor.LogInterceptor  - --- JobQueryImpl finished --------------------------------------------------------
10:47:56,433 [main] DEBUG org.activiti.engine.impl.interceptor.LogInterceptor  - 

10:47:56,431 [Thread-106] DEBUG org.apache.ibatis.transaction.jdbc.JdbcTransaction  - Opening JDBC Connection
10:47:56,433 [Thread-106] DEBUG org.apache.ibatis.datasource.pooled.PooledDataSource  - Checked out connection 54468349 from pool.
10:47:56,433 [Thread-106] DEBUG org.apache.ibatis.transaction.jdbc.JdbcTransaction  - Setting autocommit to false on JDBC Connection [conn64: url=jdbc:h2:mem:activiti-AsyncExecutorTest user=SA]
10:47:56,432 [Thread-102] DEBUG org.activiti.engine.impl.asyncexecutor.AcquireTimerJobsRunnable  - timer job acquisition thread sleeping for 50 millis
10:47:56,432 [Thread-111] DEBUG org.activiti.engine.impl.cfg.standalone.StandaloneMybatisTransactionContext  - firing event committed...
10:47:56,433 [Thread-111] DEBUG org.apache.ibatis.transaction.jdbc.JdbcTransaction  - Resetting autocommit to true on JDBC Connection [conn69: url=jdbc:h2:mem:activiti-AsyncExecutorTest user=SA]
10:47:56,433 [Thread-111] DEBUG org.apache.ibatis.transaction.jdbc.JdbcTransaction  - Closing JDBC Connection [conn69: url=jdbc:h2:mem:activiti-AsyncExecutorTest user=SA]
10:47:56,433 [Thread-111] DEBUG org.apache.ibatis.datasource.pooled.PooledDataSource  - Returned connection 1863805930 to pool.
10:47:56,433 [Thread-111] DEBUG org.activiti.engine.impl.interceptor.LogInterceptor  - --- AcquireTimerJobsCmd finished --------------------------------------------------------
10:47:56,433 [Thread-111] DEBUG org.activiti.engine.impl.interceptor.LogInterceptor  - 

10:47:56,433 [Thread-111] DEBUG org.activiti.engine.impl.asyncexecutor.AcquireTimerJobsRunnable  - timer job acquisition thread sleeping for 50 millis
10:47:56,433 [Thread-106] DEBUG org.activiti.engine.impl.persistence.entity.JobEntity.selectAsyncJobsDueToExecute  - ==&gt;  Preparing: select RES.* from ACT_RU_JOB RES LEFT OUTER JOIN ACT_RU_EXECUTION PI ON PI.ID_ = RES.PROCESS_INSTANCE_ID_ where RES.RETRIES_ &gt; 0 and RES.DUEDATE_ is not null and RES.DUEDATE_ &lt;= ? and (RES.LOCK_EXP_TIME_ is null or RES.LOCK_EXP_TIME_ &lt;= ?) and TYPE_ = &apos;message&apos; and ( (RES.EXECUTION_ID_ is null) or (PI.SUSPENSION_STATE_ = 1) ) LIMIT ? OFFSET ? 
10:47:56,433 [Thread-106] DEBUG org.activiti.engine.impl.persistence.entity.JobEntity.selectAsyncJobsDueToExecute  - ==&gt; Parameters: 2023-03-20 10:48:50.669(Timestamp), 2023-03-20 10:48:50.669(Timestamp), 1(Integer), 0(Integer)
10:47:56,433 [Thread-106] DEBUG org.activiti.engine.impl.persistence.entity.JobEntity.selectAsyncJobsDueToExecute  - &lt;==      Total: 0
10:47:56,433 [Thread-106] DEBUG org.activiti.engine.impl.db.DbSqlSession  - flush summary: 0 insert, 0 update, 0 delete.
10:47:56,433 [Thread-106] DEBUG org.activiti.engine.impl.db.DbSqlSession  - now executing flush...
10:47:56,433 [Thread-106] DEBUG org.activiti.engine.impl.cfg.standalone.StandaloneMybatisTransactionContext  - firing event committing...
10:47:56,433 [Thread-106] DEBUG org.activiti.engine.impl.cfg.standalone.StandaloneMybatisTransactionContext  - committing the ibatis sql session...
10:47:56,433 [Thread-106] DEBUG org.activiti.engine.impl.cfg.standalone.StandaloneMybatisTransactionContext  - firing event committed...
10:47:56,433 [Thread-106] DEBUG org.apache.ibatis.transaction.jdbc.JdbcTransaction  - Resetting autocommit to true on JDBC Connection [conn64: url=jdbc:h2:mem:activiti-AsyncExecutorTest user=SA]
10:47:56,433 [Thread-106] DEBUG org.apache.ibatis.transaction.jdbc.JdbcTransaction  - Closing JDBC Connection [conn64: url=jdbc:h2:mem:activiti-AsyncExecutorTest user=SA]
10:47:56,433 [Thread-106] DEBUG org.apache.ibatis.datasource.pooled.PooledDataSource  - Returned connection 54468349 to pool.
10:47:56,433 [Thread-106] DEBUG org.activiti.engine.impl.interceptor.LogInterceptor  - --- AcquireAsyncJobsDueCmd finished --------------------------------------------------------
10:47:56,433 [Thread-106] DEBUG org.activiti.engine.impl.interceptor.LogInterceptor  - 

10:47:56,433 [Thread-106] DEBUG org.activiti.engine.impl.asyncexecutor.AcquireAsyncJobsDueRunnable  - async job acquisition thread sleeping for 50 millis
10:47:56,476 [Thread-112] DEBUG org.activiti.engine.impl.asyncexecutor.AcquireAsyncJobsDueRunnable  - async job acquisition thread woke up
10:47:56,476 [Thread-112] DEBUG org.activiti.engine.impl.interceptor.LogInterceptor  - 

10:47:56,476 [Thread-112] DEBUG org.activiti.engine.impl.interceptor.LogInterceptor  - --- starting AcquireAsyncJobsDueCmd --------------------------------------------------------
10:47:56,476 [Thread-112] DEBUG org.apache.ibatis.transaction.jdbc.JdbcTransaction  - Opening JDBC Connection
10:47:56,476 [Thread-112] DEBUG org.apache.ibatis.datasource.pooled.PooledDataSource  - Checked out connection 604408605 from pool.
10:47:56,476 [Thread-112] DEBUG org.apache.ibatis.transaction.jdbc.JdbcTransaction  - Setting autocommit to false on JDBC Connection [conn70: url=jdbc:h2:mem:activiti-AsyncExecutorTest user=SA]
10:47:56,476 [Thread-112] DEBUG org.activiti.engine.impl.persistence.entity.JobEntity.selectAsyncJobsDueToExecute  - ==&gt;  Preparing: select RES.* from ACT_RU_JOB RES LEFT OUTER JOIN ACT_RU_EXECUTION PI ON PI.ID_ = RES.PROCESS_INSTANCE_ID_ where RES.RETRIES_ &gt; 0 and RES.DUEDATE_ is not null and RES.DUEDATE_ &lt;= ? and (RES.LOCK_EXP_TIME_ is null or RES.LOCK_EXP_TIME_ &lt;= ?) and TYPE_ = &apos;message&apos; and ( (RES.EXECUTION_ID_ is null) or (PI.SUSPENSION_STATE_ = 1) ) LIMIT ? OFFSET ? 
10:47:56,476 [Thread-112] DEBUG org.activiti.engine.impl.persistence.entity.JobEntity.selectAsyncJobsDueToExecute  - ==&gt; Parameters: 2023-03-20 10:48:50.669(Timestamp), 2023-03-20 10:48:50.669(Timestamp), 1(Integer), 0(Integer)
10:47:56,476 [Thread-112] DEBUG org.activiti.engine.impl.persistence.entity.JobEntity.selectAsyncJobsDueToExecute  - &lt;==      Total: 0
10:47:56,476 [Thread-112] DEBUG org.activiti.engine.impl.db.DbSqlSession  - flush summary: 0 insert, 0 update, 0 delete.
10:47:56,476 [Thread-112] DEBUG org.activiti.engine.impl.db.DbSqlSession  - now executing flush...
10:47:56,476 [Thread-112] DEBUG org.activiti.engine.impl.cfg.standalone.StandaloneMybatisTransactionContext  - firing event committing...
10:47:56,476 [Thread-112] DEBUG org.activiti.engine.impl.cfg.standalone.StandaloneMybatisTransactionContext  - committing the ibatis sql session...
10:47:56,476 [Thread-112] DEBUG org.activiti.engine.impl.cfg.standalone.StandaloneMybatisTransactionContext  - firing event committed...
10:47:56,476 [Thread-112] DEBUG org.apache.ibatis.transaction.jdbc.JdbcTransaction  - Resetting autocommit to true on JDBC Connection [conn70: url=jdbc:h2:mem:activiti-AsyncExecutorTest user=SA]
10:47:56,476 [Thread-112] DEBUG org.apache.ibatis.transaction.jdbc.JdbcTransaction  - Closing JDBC Connection [conn70: url=jdbc:h2:mem:activiti-AsyncExecutorTest user=SA]
10:47:56,476 [Thread-112] DEBUG org.apache.ibatis.datasource.pooled.PooledDataSource  - Returned connection 604408605 to pool.
10:47:56,476 [Thread-112] DEBUG org.activiti.engine.impl.interceptor.LogInterceptor  - --- AcquireAsyncJobsDueCmd finished --------------------------------------------------------
10:47:56,476 [Thread-112] DEBUG org.activiti.engine.impl.interceptor.LogInterceptor  - 

10:47:56,476 [Thread-112] DEBUG org.activiti.engine.impl.asyncexecutor.AcquireAsyncJobsDueRunnable  - async job acquisition thread sleeping for 50 millis
10:47:56,492 [Thread-106] DEBUG org.activiti.engine.impl.asyncexecutor.AcquireAsyncJobsDueRunnable  - async job acquisition thread woke up
10:47:56,492 [Thread-106] DEBUG org.activiti.engine.impl.interceptor.LogInterceptor  - 

10:47:56,492 [Thread-106] DEBUG org.activiti.engine.impl.interceptor.LogInterceptor  - --- starting AcquireAsyncJobsDueCmd --------------------------------------------------------
10:47:56,492 [Thread-111] DEBUG org.activiti.engine.impl.asyncexecutor.AcquireTimerJobsRunnable  - timer job acquisition thread woke up
10:47:56,492 [Thread-111] DEBUG org.activiti.engine.impl.interceptor.LogInterceptor  - 

10:47:56,492 [Thread-111] DEBUG org.activiti.engine.impl.interceptor.LogInterceptor  - --- starting AcquireTimerJobsCmd --------------------------------------------------------
10:47:56,492 [Thread-103] DEBUG org.activiti.engine.impl.asyncexecutor.AcquireAsyncJobsDueRunnable  - async job acquisition thread woke up
10:47:56,492 [Thread-103] DEBUG org.activiti.engine.impl.interceptor.LogInterceptor  - 

10:47:56,492 [Thread-103] DEBUG org.activiti.engine.impl.interceptor.LogInterceptor  - --- starting AcquireAsyncJobsDueCmd --------------------------------------------------------
10:47:56,492 [Thread-103] DEBUG org.apache.ibatis.transaction.jdbc.JdbcTransaction  - Opening JDBC Connection
10:47:56,492 [Thread-103] DEBUG org.apache.ibatis.datasource.pooled.PooledDataSource  - Checked out connection 33534803 from pool.
10:47:56,492 [Thread-103] DEBUG org.apache.ibatis.transaction.jdbc.JdbcTransaction  - Setting autocommit to false on JDBC Connection [conn60: url=jdbc:h2:mem:activiti-AsyncExecutorTest user=SA]
10:47:56,492 [Thread-103] DEBUG org.activiti.engine.impl.persistence.entity.JobEntity.selectAsyncJobsDueToExecute  - ==&gt;  Preparing: select RES.* from ACT_RU_JOB RES LEFT OUTER JOIN ACT_RU_EXECUTION PI ON PI.ID_ = RES.PROCESS_INSTANCE_ID_ where RES.RETRIES_ &gt; 0 and RES.DUEDATE_ is not null and RES.DUEDATE_ &lt;= ? and (RES.LOCK_EXP_TIME_ is null or RES.LOCK_EXP_TIME_ &lt;= ?) and TYPE_ = &apos;message&apos; and ( (RES.EXECUTION_ID_ is null) or (PI.SUSPENSION_STATE_ = 1) ) LIMIT ? OFFSET ? 
10:47:56,492 [Thread-105] DEBUG org.activiti.engine.impl.asyncexecutor.AcquireTimerJobsRunnable  - timer job acquisition thread woke up
10:47:56,492 [Thread-105] DEBUG org.activiti.engine.impl.interceptor.LogInterceptor  - 

10:47:56,492 [Thread-105] DEBUG org.activiti.engine.impl.interceptor.LogInterceptor  - --- starting AcquireTimerJobsCmd --------------------------------------------------------
10:47:56,492 [Thread-105] DEBUG org.apache.ibatis.transaction.jdbc.JdbcTransaction  - Opening JDBC Connection
10:47:56,492 [Thread-105] DEBUG org.apache.ibatis.datasource.pooled.PooledDataSource  - Checked out connection 996762054 from pool.
10:47:56,492 [Thread-105] DEBUG org.apache.ibatis.transaction.jdbc.JdbcTransaction  - Setting autocommit to false on JDBC Connection [conn65: url=jdbc:h2:mem:activiti-AsyncExecutorTest user=SA]
10:47:56,492 [Thread-102] DEBUG org.activiti.engine.impl.asyncexecutor.AcquireTimerJobsRunnable  - timer job acquisition thread woke up
10:47:56,492 [Thread-102] DEBUG org.activiti.engine.impl.interceptor.LogInterceptor  - 

10:47:56,492 [Thread-102] DEBUG org.activiti.engine.impl.interceptor.LogInterceptor  - --- starting AcquireTimerJobsCmd --------------------------------------------------------
10:47:56,492 [Thread-102] DEBUG org.apache.ibatis.transaction.jdbc.JdbcTransaction  - Opening JDBC Connection
10:47:56,492 [Thread-102] DEBUG org.apache.ibatis.datasource.pooled.PooledDataSource  - Checked out connection 157985567 from pool.
10:47:56,492 [Thread-102] DEBUG org.apache.ibatis.transaction.jdbc.JdbcTransaction  - Setting autocommit to false on JDBC Connection [conn61: url=jdbc:h2:mem:activiti-AsyncExecutorTest user=SA]
10:47:56,492 [Thread-102] DEBUG org.activiti.engine.impl.persistence.entity.JobEntity.selectNextTimerJobsToExecute  - ==&gt;  Preparing: select RES.* from ACT_RU_JOB RES LEFT OUTER JOIN ACT_RU_EXECUTION PI ON PI.ID_ = RES.PROCESS_INSTANCE_ID_ where (RES.RETRIES_ &gt; 0) and (RES.DUEDATE_ is null or RES.DUEDATE_ &lt;= ?) and (RES.LOCK_OWNER_ is null or RES.LOCK_EXP_TIME_ &lt;= ?) and TYPE_ = &apos;timer&apos; and ( (RES.EXECUTION_ID_ is null) or (PI.SUSPENSION_STATE_ = 1) ) LIMIT ? OFFSET ? 
10:47:56,492 [Thread-105] DEBUG org.activiti.engine.impl.persistence.entity.JobEntity.selectNextTimerJobsToExecute  - ==&gt;  Preparing: select RES.* from ACT_RU_JOB RES LEFT OUTER JOIN ACT_RU_EXECUTION PI ON PI.ID_ = RES.PROCESS_INSTANCE_ID_ where (RES.RETRIES_ &gt; 0) and (RES.DUEDATE_ is null or RES.DUEDATE_ &lt;= ?) and (RES.LOCK_OWNER_ is null or RES.LOCK_EXP_TIME_ &lt;= ?) and TYPE_ = &apos;timer&apos; and ( (RES.EXECUTION_ID_ is null) or (PI.SUSPENSION_STATE_ = 1) ) LIMIT ? OFFSET ? 
10:47:56,493 [Thread-105] DEBUG org.activiti.engine.impl.persistence.entity.JobEntity.selectNextTimerJobsToExecute  - ==&gt; Parameters: 2023-03-20 10:48:50.669(Timestamp), 2023-03-20 10:48:50.669(Timestamp), 1(Integer), 0(Integer)
10:47:56,493 [Thread-105] DEBUG org.activiti.engine.impl.persistence.entity.JobEntity.selectNextTimerJobsToExecute  - &lt;==      Total: 0
10:47:56,493 [Thread-105] DEBUG org.activiti.engine.impl.db.DbSqlSession  - flush summary: 0 insert, 0 update, 0 delete.
10:47:56,492 [Thread-103] DEBUG org.activiti.engine.impl.persistence.entity.JobEntity.selectAsyncJobsDueToExecute  - ==&gt; Parameters: 2023-03-20 10:48:50.669(Timestamp), 2023-03-20 10:48:50.669(Timestamp), 1(Integer), 0(Integer)
10:47:56,493 [Thread-103] DEBUG org.activiti.engine.impl.persistence.entity.JobEntity.selectAsyncJobsDueToExecute  - &lt;==      Total: 0
10:47:56,493 [Thread-103] DEBUG org.activiti.engine.impl.db.DbSqlSession  - flush summary: 0 insert, 0 update, 0 delete.
10:47:56,493 [Thread-103] DEBUG org.activiti.engine.impl.db.DbSqlSession  - now executing flush...
10:47:56,493 [Thread-103] DEBUG org.activiti.engine.impl.cfg.standalone.StandaloneMybatisTransactionContext  - firing event committing...
10:47:56,493 [Thread-103] DEBUG org.activiti.engine.impl.cfg.standalone.StandaloneMybatisTransactionContext  - committing the ibatis sql session...
10:47:56,493 [Thread-103] DEBUG org.activiti.engine.impl.cfg.standalone.StandaloneMybatisTransactionContext  - firing event committed...
10:47:56,493 [Thread-103] DEBUG org.apache.ibatis.transaction.jdbc.JdbcTransaction  - Resetting autocommit to true on JDBC Connection [conn60: url=jdbc:h2:mem:activiti-AsyncExecutorTest user=SA]
10:47:56,493 [Thread-103] DEBUG org.apache.ibatis.transaction.jdbc.JdbcTransaction  - Closing JDBC Connection [conn60: url=jdbc:h2:mem:activiti-AsyncExecutorTest user=SA]
10:47:56,493 [Thread-103] DEBUG org.apache.ibatis.datasource.pooled.PooledDataSource  - Returned connection 33534803 to pool.
10:47:56,492 [Thread-111] DEBUG org.apache.ibatis.transaction.jdbc.JdbcTransaction  - Opening JDBC Connection
10:47:56,493 [Thread-111] DEBUG org.apache.ibatis.datasource.pooled.PooledDataSource  - Checked out connection 58501658 from pool.
10:47:56,493 [Thread-111] DEBUG org.apache.ibatis.transaction.jdbc.JdbcTransaction  - Setting autocommit to false on JDBC Connection [conn68: url=jdbc:h2:mem:activiti-AsyncExecutorTest user=SA]
10:47:56,493 [Thread-111] DEBUG org.activiti.engine.impl.persistence.entity.JobEntity.selectNextTimerJobsToExecute  - ==&gt;  Preparing: select RES.* from ACT_RU_JOB RES LEFT OUTER JOIN ACT_RU_EXECUTION PI ON PI.ID_ = RES.PROCESS_INSTANCE_ID_ where (RES.RETRIES_ &gt; 0) and (RES.DUEDATE_ is null or RES.DUEDATE_ &lt;= ?) and (RES.LOCK_OWNER_ is null or RES.LOCK_EXP_TIME_ &lt;= ?) and TYPE_ = &apos;timer&apos; and ( (RES.EXECUTION_ID_ is null) or (PI.SUSPENSION_STATE_ = 1) ) LIMIT ? OFFSET ? 
10:47:56,492 [Thread-106] DEBUG org.apache.ibatis.transaction.jdbc.JdbcTransaction  - Opening JDBC Connection
10:47:56,493 [Thread-106] DEBUG org.apache.ibatis.datasource.pooled.PooledDataSource  - Checked out connection 1970103261 from pool.
10:47:56,493 [Thread-106] DEBUG org.apache.ibatis.transaction.jdbc.JdbcTransaction  - Setting autocommit to false on JDBC Connection [conn63: url=jdbc:h2:mem:activiti-AsyncExecutorTest user=SA]
10:47:56,493 [Thread-106] DEBUG org.activiti.engine.impl.persistence.entity.JobEntity.selectAsyncJobsDueToExecute  - ==&gt;  Preparing: select RES.* from ACT_RU_JOB RES LEFT OUTER JOIN ACT_RU_EXECUTION PI ON PI.ID_ = RES.PROCESS_INSTANCE_ID_ where RES.RETRIES_ &gt; 0 and RES.DUEDATE_ is not null and RES.DUEDATE_ &lt;= ? and (RES.LOCK_EXP_TIME_ is null or RES.LOCK_EXP_TIME_ &lt;= ?) and TYPE_ = &apos;message&apos; and ( (RES.EXECUTION_ID_ is null) or (PI.SUSPENSION_STATE_ = 1) ) LIMIT ? OFFSET ? 
10:47:56,493 [Thread-111] DEBUG org.activiti.engine.impl.persistence.entity.JobEntity.selectNextTimerJobsToExecute  - ==&gt; Parameters: 2023-03-20 10:48:50.669(Timestamp), 2023-03-20 10:48:50.669(Timestamp), 1(Integer), 0(Integer)
10:47:56,493 [Thread-111] DEBUG org.activiti.engine.impl.persistence.entity.JobEntity.selectNextTimerJobsToExecute  - &lt;==      Total: 0
10:47:56,493 [Thread-111] DEBUG org.activiti.engine.impl.db.DbSqlSession  - flush summary: 0 insert, 0 update, 0 delete.
10:47:56,493 [Thread-111] DEBUG org.activiti.engine.impl.db.DbSqlSession  - now executing flush...
10:47:56,493 [Thread-111] DEBUG org.activiti.engine.impl.cfg.standalone.StandaloneMybatisTransactionContext  - firing event committing...
10:47:56,493 [Thread-111] DEBUG org.activiti.engine.impl.cfg.standalone.StandaloneMybatisTransactionContext  - committing the ibatis sql session...
10:47:56,493 [Thread-111] DEBUG org.activiti.engine.impl.cfg.standalone.StandaloneMybatisTransactionContext  - firing event committed...
10:47:56,493 [Thread-111] DEBUG org.apache.ibatis.transaction.jdbc.JdbcTransaction  - Resetting autocommit to true on JDBC Connection [conn68: url=jdbc:h2:mem:activiti-AsyncExecutorTest user=SA]
10:47:56,493 [Thread-111] DEBUG org.apache.ibatis.transaction.jdbc.JdbcTransaction  - Closing JDBC Connection [conn68: url=jdbc:h2:mem:activiti-AsyncExecutorTest user=SA]
10:47:56,493 [Thread-103] DEBUG org.activiti.engine.impl.interceptor.LogInterceptor  - --- AcquireAsyncJobsDueCmd finished --------------------------------------------------------
10:47:56,494 [Thread-103] DEBUG org.activiti.engine.impl.interceptor.LogInterceptor  - 

10:47:56,493 [Thread-105] DEBUG org.activiti.engine.impl.db.DbSqlSession  - now executing flush...
10:47:56,494 [Thread-105] DEBUG org.activiti.engine.impl.cfg.standalone.StandaloneMybatisTransactionContext  - firing event committing...
10:47:56,494 [Thread-105] DEBUG org.activiti.engine.impl.cfg.standalone.StandaloneMybatisTransactionContext  - committing the ibatis sql session...
10:47:56,494 [Thread-105] DEBUG org.activiti.engine.impl.cfg.standalone.StandaloneMybatisTransactionContext  - firing event committed...
10:47:56,494 [Thread-105] DEBUG org.apache.ibatis.transaction.jdbc.JdbcTransaction  - Resetting autocommit to true on JDBC Connection [conn65: url=jdbc:h2:mem:activiti-AsyncExecutorTest user=SA]
10:47:56,494 [Thread-105] DEBUG org.apache.ibatis.transaction.jdbc.JdbcTransaction  - Closing JDBC Connection [conn65: url=jdbc:h2:mem:activiti-AsyncExecutorTest user=SA]
10:47:56,494 [Thread-105] DEBUG org.apache.ibatis.datasource.pooled.PooledDataSource  - Returned connection 996762054 to pool.
10:47:56,494 [Thread-105] DEBUG org.activiti.engine.impl.interceptor.LogInterceptor  - --- AcquireTimerJobsCmd finished --------------------------------------------------------
10:47:56,494 [Thread-105] DEBUG org.activiti.engine.impl.interceptor.LogInterceptor  - 

10:47:56,493 [Thread-102] DEBUG org.activiti.engine.impl.persistence.entity.JobEntity.selectNextTimerJobsToExecute  - ==&gt; Parameters: 2023-03-20 10:48:50.669(Timestamp), 2023-03-20 10:48:50.669(Timestamp), 1(Integer), 0(Integer)
10:47:56,494 [Thread-102] DEBUG org.activiti.engine.impl.persistence.entity.JobEntity.selectNextTimerJobsToExecute  - &lt;==      Total: 0
10:47:56,494 [Thread-102] DEBUG org.activiti.engine.impl.db.DbSqlSession  - flush summary: 0 insert, 0 update, 0 delete.
10:47:56,494 [Thread-102] DEBUG org.activiti.engine.impl.db.DbSqlSession  - now executing flush...
10:47:56,494 [Thread-102] DEBUG org.activiti.engine.impl.cfg.standalone.StandaloneMybatisTransactionContext  - firing event committing...
10:47:56,494 [Thread-102] DEBUG org.activiti.engine.impl.cfg.standalone.StandaloneMybatisTransactionContext  - committing the ibatis sql session...
10:47:56,494 [Thread-102] DEBUG org.activiti.engine.impl.cfg.standalone.StandaloneMybatisTransactionContext  - firing event committed...
10:47:56,494 [Thread-102] DEBUG org.apache.ibatis.transaction.jdbc.JdbcTransaction  - Resetting autocommit to true on JDBC Connection [conn61: url=jdbc:h2:mem:activiti-AsyncExecutorTest user=SA]
10:47:56,494 [Thread-102] DEBUG org.apache.ibatis.transaction.jdbc.JdbcTransaction  - Closing JDBC Connection [conn61: url=jdbc:h2:mem:activiti-AsyncExecutorTest user=SA]
10:47:56,494 [Thread-102] DEBUG org.apache.ibatis.datasource.pooled.PooledDataSource  - Returned connection 157985567 to pool.
10:47:56,494 [Thread-105] DEBUG org.activiti.engine.impl.asyncexecutor.AcquireTimerJobsRunnable  - timer job acquisition thread sleeping for 50 millis
10:47:56,494 [Thread-103] DEBUG org.activiti.engine.impl.asyncexecutor.AcquireAsyncJobsDueRunnable  - async job acquisition thread sleeping for 50 millis
10:47:56,493 [Thread-111] DEBUG org.apache.ibatis.datasource.pooled.PooledDataSource  - Returned connection 58501658 to pool.
10:47:56,494 [Thread-111] DEBUG org.activiti.engine.impl.interceptor.LogInterceptor  - --- AcquireTimerJobsCmd finished --------------------------------------------------------
10:47:56,494 [Thread-111] DEBUG org.activiti.engine.impl.interceptor.LogInterceptor  - 

10:47:56,494 [Thread-111] DEBUG org.activiti.engine.impl.asyncexecutor.AcquireTimerJobsRunnable  - timer job acquisition thread sleeping for 50 millis
10:47:56,493 [Thread-106] DEBUG org.activiti.engine.impl.persistence.entity.JobEntity.selectAsyncJobsDueToExecute  - ==&gt; Parameters: 2023-03-20 10:48:50.669(Timestamp), 2023-03-20 10:48:50.669(Timestamp), 1(Integer), 0(Integer)
10:47:56,494 [Thread-106] DEBUG org.activiti.engine.impl.persistence.entity.JobEntity.selectAsyncJobsDueToExecute  - &lt;==      Total: 0
10:47:56,494 [Thread-106] DEBUG org.activiti.engine.impl.db.DbSqlSession  - flush summary: 0 insert, 0 update, 0 delete.
10:47:56,494 [Thread-106] DEBUG org.activiti.engine.impl.db.DbSqlSession  - now executing flush...
10:47:56,494 [Thread-106] DEBUG org.activiti.engine.impl.cfg.standalone.StandaloneMybatisTransactionContext  - firing event committing...
10:47:56,494 [Thread-106] DEBUG org.activiti.engine.impl.cfg.standalone.StandaloneMybatisTransactionContext  - committing the ibatis sql session...
10:47:56,494 [Thread-106] DEBUG org.activiti.engine.impl.cfg.standalone.StandaloneMybatisTransactionContext  - firing event committed...
10:47:56,494 [Thread-106] DEBUG org.apache.ibatis.transaction.jdbc.JdbcTransaction  - Resetting autocommit to true on JDBC Connection [conn63: url=jdbc:h2:mem:activiti-AsyncExecutorTest user=SA]
10:47:56,494 [Thread-106] DEBUG org.apache.ibatis.transaction.jdbc.JdbcTransaction  - Closing JDBC Connection [conn63: url=jdbc:h2:mem:activiti-AsyncExecutorTest user=SA]
10:47:56,494 [Thread-106] DEBUG org.apache.ibatis.datasource.pooled.PooledDataSource  - Returned connection 1970103261 to pool.
10:47:56,494 [Thread-106] DEBUG org.activiti.engine.impl.interceptor.LogInterceptor  - --- AcquireAsyncJobsDueCmd finished --------------------------------------------------------
10:47:56,494 [Thread-106] DEBUG org.activiti.engine.impl.interceptor.LogInterceptor  - 

10:47:56,494 [Thread-106] DEBUG org.activiti.engine.impl.asyncexecutor.AcquireAsyncJobsDueRunnable  - async job acquisition thread sleeping for 50 millis
10:47:56,494 [Thread-102] DEBUG org.activiti.engine.impl.interceptor.LogInterceptor  - --- AcquireTimerJobsCmd finished --------------------------------------------------------
10:47:56,494 [Thread-102] DEBUG org.activiti.engine.impl.interceptor.LogInterceptor  - 

10:47:56,494 [Thread-102] DEBUG org.activiti.engine.impl.asyncexecutor.AcquireTimerJobsRunnable  - timer job acquisition thread sleeping for 50 millis
10:47:56,539 [Thread-112] DEBUG org.activiti.engine.impl.asyncexecutor.AcquireAsyncJobsDueRunnable  - async job acquisition thread woke up
10:47:56,539 [Thread-112] DEBUG org.activiti.engine.impl.interceptor.LogInterceptor  - 

10:47:56,539 [Thread-112] DEBUG org.activiti.engine.impl.interceptor.LogInterceptor  - --- starting AcquireAsyncJobsDueCmd --------------------------------------------------------
10:47:56,539 [Thread-112] DEBUG org.apache.ibatis.transaction.jdbc.JdbcTransaction  - Opening JDBC Connection
10:47:56,539 [Thread-112] DEBUG org.apache.ibatis.datasource.pooled.PooledDataSource  - Checked out connection 1863805930 from pool.
10:47:56,539 [Thread-112] DEBUG org.apache.ibatis.transaction.jdbc.JdbcTransaction  - Setting autocommit to false on JDBC Connection [conn69: url=jdbc:h2:mem:activiti-AsyncExecutorTest user=SA]
10:47:56,539 [Thread-112] DEBUG org.activiti.engine.impl.persistence.entity.JobEntity.selectAsyncJobsDueToExecute  - ==&gt;  Preparing: select RES.* from ACT_RU_JOB RES LEFT OUTER JOIN ACT_RU_EXECUTION PI ON PI.ID_ = RES.PROCESS_INSTANCE_ID_ where RES.RETRIES_ &gt; 0 and RES.DUEDATE_ is not null and RES.DUEDATE_ &lt;= ? and (RES.LOCK_EXP_TIME_ is null or RES.LOCK_EXP_TIME_ &lt;= ?) and TYPE_ = &apos;message&apos; and ( (RES.EXECUTION_ID_ is null) or (PI.SUSPENSION_STATE_ = 1) ) LIMIT ? OFFSET ? 
10:47:56,539 [Thread-112] DEBUG org.activiti.engine.impl.persistence.entity.JobEntity.selectAsyncJobsDueToExecute  - ==&gt; Parameters: 2023-03-20 10:48:50.669(Timestamp), 2023-03-20 10:48:50.669(Timestamp), 1(Integer), 0(Integer)
10:47:56,539 [Thread-112] DEBUG org.activiti.engine.impl.persistence.entity.JobEntity.selectAsyncJobsDueToExecute  - &lt;==      Total: 0
10:47:56,539 [Thread-112] DEBUG org.activiti.engine.impl.db.DbSqlSession  - flush summary: 0 insert, 0 update, 0 delete.
10:47:56,539 [Thread-112] DEBUG org.activiti.engine.impl.db.DbSqlSession  - now executing flush...
10:47:56,539 [Thread-112] DEBUG org.activiti.engine.impl.cfg.standalone.StandaloneMybatisTransactionContext  - firing event committing...
10:47:56,539 [Thread-112] DEBUG org.activiti.engine.impl.cfg.standalone.StandaloneMybatisTransactionContext  - committing the ibatis sql session...
10:47:56,539 [Thread-112] DEBUG org.activiti.engine.impl.cfg.standalone.StandaloneMybatisTransactionContext  - firing event committed...
10:47:56,539 [Thread-112] DEBUG org.apache.ibatis.transaction.jdbc.JdbcTransaction  - Resetting autocommit to true on JDBC Connection [conn69: url=jdbc:h2:mem:activiti-AsyncExecutorTest user=SA]
10:47:56,539 [Thread-112] DEBUG org.apache.ibatis.transaction.jdbc.JdbcTransaction  - Closing JDBC Connection [conn69: url=jdbc:h2:mem:activiti-AsyncExecutorTest user=SA]
10:47:56,539 [Thread-112] DEBUG org.apache.ibatis.datasource.pooled.PooledDataSource  - Returned connection 1863805930 to pool.
10:47:56,539 [Thread-112] DEBUG org.activiti.engine.impl.interceptor.LogInterceptor  - --- AcquireAsyncJobsDueCmd finished --------------------------------------------------------
10:47:56,539 [Thread-112] DEBUG org.activiti.engine.impl.interceptor.LogInterceptor  - 

10:47:56,539 [Thread-112] DEBUG org.activiti.engine.impl.asyncexecutor.AcquireAsyncJobsDueRunnable  - async job acquisition thread sleeping for 50 millis
10:47:56,554 [Thread-106] DEBUG org.activiti.engine.impl.asyncexecutor.AcquireAsyncJobsDueRunnable  - async job acquisition thread woke up
10:47:56,554 [Thread-106] DEBUG org.activiti.engine.impl.interceptor.LogInterceptor  - 

10:47:56,554 [Thread-106] DEBUG org.activiti.engine.impl.interceptor.LogInterceptor  - --- starting AcquireAsyncJobsDueCmd --------------------------------------------------------
10:47:56,554 [Thread-103] DEBUG org.activiti.engine.impl.asyncexecutor.AcquireAsyncJobsDueRunnable  - async job acquisition thread woke up
10:47:56,554 [Thread-103] DEBUG org.activiti.engine.impl.interceptor.LogInterceptor  - 

10:47:56,554 [Thread-103] DEBUG org.activiti.engine.impl.interceptor.LogInterceptor  - --- starting AcquireAsyncJobsDueCmd --------------------------------------------------------
10:47:56,554 [Thread-102] DEBUG org.activiti.engine.impl.asyncexecutor.AcquireTimerJobsRunnable  - timer job acquisition thread woke up
10:47:56,554 [Thread-102] DEBUG org.activiti.engine.impl.interceptor.LogInterceptor  - 

10:47:56,554 [Thread-102] DEBUG org.activiti.engine.impl.interceptor.LogInterceptor  - --- starting AcquireTimerJobsCmd --------------------------------------------------------
10:47:56,554 [Thread-102] DEBUG org.apache.ibatis.transaction.jdbc.JdbcTransaction  - Opening JDBC Connection
10:47:56,554 [Thread-102] DEBUG org.apache.ibatis.datasource.pooled.PooledDataSource  - Checked out connection 720039383 from pool.
10:47:56,554 [Thread-102] DEBUG org.apache.ibatis.transaction.jdbc.JdbcTransaction  - Setting autocommit to false on JDBC Connection [conn59: url=jdbc:h2:mem:activiti-AsyncExecutorTest user=SA]
10:47:56,554 [Thread-111] DEBUG org.activiti.engine.impl.asyncexecutor.AcquireTimerJobsRunnable  - timer job acquisition thread woke up
10:47:56,554 [Thread-111] DEBUG org.activiti.engine.impl.interceptor.LogInterceptor  - 

10:47:56,554 [Thread-111] DEBUG org.activiti.engine.impl.interceptor.LogInterceptor  - --- starting AcquireTimerJobsCmd --------------------------------------------------------
10:47:56,554 [Thread-111] DEBUG org.apache.ibatis.transaction.jdbc.JdbcTransaction  - Opening JDBC Connection
10:47:56,554 [Thread-111] DEBUG org.apache.ibatis.datasource.pooled.PooledDataSource  - Checked out connection 604408605 from pool.
10:47:56,554 [Thread-111] DEBUG org.apache.ibatis.transaction.jdbc.JdbcTransaction  - Setting autocommit to false on JDBC Connection [conn70: url=jdbc:h2:mem:activiti-AsyncExecutorTest user=SA]
10:47:56,554 [Thread-111] DEBUG org.activiti.engine.impl.persistence.entity.JobEntity.selectNextTimerJobsToExecute  - ==&gt;  Preparing: select RES.* from ACT_RU_JOB RES LEFT OUTER JOIN ACT_RU_EXECUTION PI ON PI.ID_ = RES.PROCESS_INSTANCE_ID_ where (RES.RETRIES_ &gt; 0) and (RES.DUEDATE_ is null or RES.DUEDATE_ &lt;= ?) and (RES.LOCK_OWNER_ is null or RES.LOCK_EXP_TIME_ &lt;= ?) and TYPE_ = &apos;timer&apos; and ( (RES.EXECUTION_ID_ is null) or (PI.SUSPENSION_STATE_ = 1) ) LIMIT ? OFFSET ? 
10:47:56,554 [Thread-105] DEBUG org.activiti.engine.impl.asyncexecutor.AcquireTimerJobsRunnable  - timer job acquisition thread woke up
10:47:56,555 [Thread-105] DEBUG org.activiti.engine.impl.interceptor.LogInterceptor  - 

10:47:56,555 [Thread-105] DEBUG org.activiti.engine.impl.interceptor.LogInterceptor  - --- starting AcquireTimerJobsCmd --------------------------------------------------------
10:47:56,555 [Thread-105] DEBUG org.apache.ibatis.transaction.jdbc.JdbcTransaction  - Opening JDBC Connection
10:47:56,555 [Thread-105] DEBUG org.apache.ibatis.datasource.pooled.PooledDataSource  - Checked out connection 54468349 from pool.
10:47:56,555 [Thread-105] DEBUG org.apache.ibatis.transaction.jdbc.JdbcTransaction  - Setting autocommit to false on JDBC Connection [conn64: url=jdbc:h2:mem:activiti-AsyncExecutorTest user=SA]
10:47:56,555 [Thread-105] DEBUG org.activiti.engine.impl.persistence.entity.JobEntity.selectNextTimerJobsToExecute  - ==&gt;  Preparing: select RES.* from ACT_RU_JOB RES LEFT OUTER JOIN ACT_RU_EXECUTION PI ON PI.ID_ = RES.PROCESS_INSTANCE_ID_ where (RES.RETRIES_ &gt; 0) and (RES.DUEDATE_ is null or RES.DUEDATE_ &lt;= ?) and (RES.LOCK_OWNER_ is null or RES.LOCK_EXP_TIME_ &lt;= ?) and TYPE_ = &apos;timer&apos; and ( (RES.EXECUTION_ID_ is null) or (PI.SUSPENSION_STATE_ = 1) ) LIMIT ? OFFSET ? 
10:47:56,555 [Thread-105] DEBUG org.activiti.engine.impl.persistence.entity.JobEntity.selectNextTimerJobsToExecute  - ==&gt; Parameters: 2023-03-20 10:48:50.669(Timestamp), 2023-03-20 10:48:50.669(Timestamp), 1(Integer), 0(Integer)
10:47:56,554 [Thread-111] DEBUG org.activiti.engine.impl.persistence.entity.JobEntity.selectNextTimerJobsToExecute  - ==&gt; Parameters: 2023-03-20 10:48:50.669(Timestamp), 2023-03-20 10:48:50.669(Timestamp), 1(Integer), 0(Integer)
10:47:56,555 [Thread-111] DEBUG org.activiti.engine.impl.persistence.entity.JobEntity.selectNextTimerJobsToExecute  - &lt;==      Total: 0
10:47:56,555 [Thread-111] DEBUG org.activiti.engine.impl.db.DbSqlSession  - flush summary: 0 insert, 0 update, 0 delete.
10:47:56,555 [Thread-111] DEBUG org.activiti.engine.impl.db.DbSqlSession  - now executing flush...
10:47:56,555 [Thread-111] DEBUG org.activiti.engine.impl.cfg.standalone.StandaloneMybatisTransactionContext  - firing event committing...
10:47:56,555 [Thread-111] DEBUG org.activiti.engine.impl.cfg.standalone.StandaloneMybatisTransactionContext  - committing the ibatis sql session...
10:47:56,555 [Thread-111] DEBUG org.activiti.engine.impl.cfg.standalone.StandaloneMybatisTransactionContext  - firing event committed...
10:47:56,555 [Thread-111] DEBUG org.apache.ibatis.transaction.jdbc.JdbcTransaction  - Resetting autocommit to true on JDBC Connection [conn70: url=jdbc:h2:mem:activiti-AsyncExecutorTest user=SA]
10:47:56,555 [Thread-111] DEBUG org.apache.ibatis.transaction.jdbc.JdbcTransaction  - Closing JDBC Connection [conn70: url=jdbc:h2:mem:activiti-AsyncExecutorTest user=SA]
10:47:56,555 [Thread-111] DEBUG org.apache.ibatis.datasource.pooled.PooledDataSource  - Returned connection 604408605 to pool.
10:47:56,555 [Thread-111] DEBUG org.activiti.engine.impl.interceptor.LogInterceptor  - --- AcquireTimerJobsCmd finished --------------------------------------------------------
10:47:56,555 [Thread-111] DEBUG org.activiti.engine.impl.interceptor.LogInterceptor  - 

10:47:56,555 [Thread-111] DEBUG org.activiti.engine.impl.asyncexecutor.AcquireTimerJobsRunnable  - timer job acquisition thread sleeping for 50 millis
10:47:56,554 [Thread-102] DEBUG org.activiti.engine.impl.persistence.entity.JobEntity.selectNextTimerJobsToExecute  - ==&gt;  Preparing: select RES.* from ACT_RU_JOB RES LEFT OUTER JOIN ACT_RU_EXECUTION PI ON PI.ID_ = RES.PROCESS_INSTANCE_ID_ where (RES.RETRIES_ &gt; 0) and (RES.DUEDATE_ is null or RES.DUEDATE_ &lt;= ?) and (RES.LOCK_OWNER_ is null or RES.LOCK_EXP_TIME_ &lt;= ?) and TYPE_ = &apos;timer&apos; and ( (RES.EXECUTION_ID_ is null) or (PI.SUSPENSION_STATE_ = 1) ) LIMIT ? OFFSET ? 
10:47:56,555 [Thread-102] DEBUG org.activiti.engine.impl.persistence.entity.JobEntity.selectNextTimerJobsToExecute  - ==&gt; Parameters: 2023-03-20 10:48:50.669(Timestamp), 2023-03-20 10:48:50.669(Timestamp), 1(Integer), 0(Integer)
10:47:56,555 [Thread-102] DEBUG org.activiti.engine.impl.persistence.entity.JobEntity.selectNextTimerJobsToExecute  - &lt;==      Total: 0
10:47:56,555 [Thread-102] DEBUG org.activiti.engine.impl.db.DbSqlSession  - flush summary: 0 insert, 0 update, 0 delete.
10:47:56,555 [Thread-102] DEBUG org.activiti.engine.impl.db.DbSqlSession  - now executing flush...
10:47:56,554 [Thread-103] DEBUG org.apache.ibatis.transaction.jdbc.JdbcTransaction  - Opening JDBC Connection
10:47:56,555 [Thread-103] DEBUG org.apache.ibatis.datasource.pooled.PooledDataSource  - Checked out connection 33534803 from pool.
10:47:56,555 [Thread-103] DEBUG org.apache.ibatis.transaction.jdbc.JdbcTransaction  - Setting autocommit to false on JDBC Connection [conn60: url=jdbc:h2:mem:activiti-AsyncExecutorTest user=SA]
10:47:56,554 [Thread-106] DEBUG org.apache.ibatis.transaction.jdbc.JdbcTransaction  - Opening JDBC Connection
10:47:56,555 [Thread-106] DEBUG org.apache.ibatis.datasource.pooled.PooledDataSource  - Checked out connection 996762054 from pool.
10:47:56,555 [Thread-106] DEBUG org.apache.ibatis.transaction.jdbc.JdbcTransaction  - Setting autocommit to false on JDBC Connection [conn65: url=jdbc:h2:mem:activiti-AsyncExecutorTest user=SA]
10:47:56,555 [Thread-106] DEBUG org.activiti.engine.impl.persistence.entity.JobEntity.selectAsyncJobsDueToExecute  - ==&gt;  Preparing: select RES.* from ACT_RU_JOB RES LEFT OUTER JOIN ACT_RU_EXECUTION PI ON PI.ID_ = RES.PROCESS_INSTANCE_ID_ where RES.RETRIES_ &gt; 0 and RES.DUEDATE_ is not null and RES.DUEDATE_ &lt;= ? and (RES.LOCK_EXP_TIME_ is null or RES.LOCK_EXP_TIME_ &lt;= ?) and TYPE_ = &apos;message&apos; and ( (RES.EXECUTION_ID_ is null) or (PI.SUSPENSION_STATE_ = 1) ) LIMIT ? OFFSET ? 
10:47:56,555 [Thread-103] DEBUG org.activiti.engine.impl.persistence.entity.JobEntity.selectAsyncJobsDueToExecute  - ==&gt;  Preparing: select RES.* from ACT_RU_JOB RES LEFT OUTER JOIN ACT_RU_EXECUTION PI ON PI.ID_ = RES.PROCESS_INSTANCE_ID_ where RES.RETRIES_ &gt; 0 and RES.DUEDATE_ is not null and RES.DUEDATE_ &lt;= ? and (RES.LOCK_EXP_TIME_ is null or RES.LOCK_EXP_TIME_ &lt;= ?) and TYPE_ = &apos;message&apos; and ( (RES.EXECUTION_ID_ is null) or (PI.SUSPENSION_STATE_ = 1) ) LIMIT ? OFFSET ? 
10:47:56,555 [Thread-103] DEBUG org.activiti.engine.impl.persistence.entity.JobEntity.selectAsyncJobsDueToExecute  - ==&gt; Parameters: 2023-03-20 10:48:50.669(Timestamp), 2023-03-20 10:48:50.669(Timestamp), 1(Integer), 0(Integer)
10:47:56,555 [Thread-103] DEBUG org.activiti.engine.impl.persistence.entity.JobEntity.selectAsyncJobsDueToExecute  - &lt;==      Total: 0
10:47:56,555 [Thread-103] DEBUG org.activiti.engine.impl.db.DbSqlSession  - flush summary: 0 insert, 0 update, 0 delete.
10:47:56,555 [Thread-103] DEBUG org.activiti.engine.impl.db.DbSqlSession  - now executing flush...
10:47:56,555 [Thread-103] DEBUG org.activiti.engine.impl.cfg.standalone.StandaloneMybatisTransactionContext  - firing event committing...
10:47:56,555 [Thread-103] DEBUG org.activiti.engine.impl.cfg.standalone.StandaloneMybatisTransactionContext  - committing the ibatis sql session...
10:47:56,555 [Thread-103] DEBUG org.activiti.engine.impl.cfg.standalone.StandaloneMybatisTransactionContext  - firing event committed...
10:47:56,555 [Thread-103] DEBUG org.apache.ibatis.transaction.jdbc.JdbcTransaction  - Resetting autocommit to true on JDBC Connection [conn60: url=jdbc:h2:mem:activiti-AsyncExecutorTest user=SA]
10:47:56,555 [Thread-103] DEBUG org.apache.ibatis.transaction.jdbc.JdbcTransaction  - Closing JDBC Connection [conn60: url=jdbc:h2:mem:activiti-AsyncExecutorTest user=SA]
10:47:56,555 [Thread-103] DEBUG org.apache.ibatis.datasource.pooled.PooledDataSource  - Returned connection 33534803 to pool.
10:47:56,555 [Thread-103] DEBUG org.activiti.engine.impl.interceptor.LogInterceptor  - --- AcquireAsyncJobsDueCmd finished --------------------------------------------------------
10:47:56,555 [Thread-103] DEBUG org.activiti.engine.impl.interceptor.LogInterceptor  - 

10:47:56,555 [Thread-103] DEBUG org.activiti.engine.impl.asyncexecutor.AcquireAsyncJobsDueRunnable  - async job acquisition thread sleeping for 50 millis
10:47:56,555 [Thread-102] DEBUG org.activiti.engine.impl.cfg.standalone.StandaloneMybatisTransactionContext  - firing event committing...
10:47:56,555 [Thread-102] DEBUG org.activiti.engine.impl.cfg.standalone.StandaloneMybatisTransactionContext  - committing the ibatis sql session...
10:47:56,555 [Thread-102] DEBUG org.activiti.engine.impl.cfg.standalone.StandaloneMybatisTransactionContext  - firing event committed...
10:47:56,555 [Thread-102] DEBUG org.apache.ibatis.transaction.jdbc.JdbcTransaction  - Resetting autocommit to true on JDBC Connection [conn59: url=jdbc:h2:mem:activiti-AsyncExecutorTest user=SA]
10:47:56,555 [Thread-105] DEBUG org.activiti.engine.impl.persistence.entity.JobEntity.selectNextTimerJobsToExecute  - &lt;==      Total: 0
10:47:56,555 [Thread-105] DEBUG org.activiti.engine.impl.db.DbSqlSession  - flush summary: 0 insert, 0 update, 0 delete.
10:47:56,555 [Thread-105] DEBUG org.activiti.engine.impl.db.DbSqlSession  - now executing flush...
10:47:56,555 [Thread-102] DEBUG org.apache.ibatis.transaction.jdbc.JdbcTransaction  - Closing JDBC Connection [conn59: url=jdbc:h2:mem:activiti-AsyncExecutorTest user=SA]
10:47:56,555 [Thread-102] DEBUG org.apache.ibatis.datasource.pooled.PooledDataSource  - Returned connection 720039383 to pool.
10:47:56,555 [Thread-102] DEBUG org.activiti.engine.impl.interceptor.LogInterceptor  - --- AcquireTimerJobsCmd finished --------------------------------------------------------
10:47:56,555 [Thread-102] DEBUG org.activiti.engine.impl.interceptor.LogInterceptor  - 

10:47:56,556 [Thread-102] DEBUG org.activiti.engine.impl.asyncexecutor.AcquireTimerJobsRunnable  - timer job acquisition thread sleeping for 50 millis
10:47:56,555 [Thread-106] DEBUG org.activiti.engine.impl.persistence.entity.JobEntity.selectAsyncJobsDueToExecute  - ==&gt; Parameters: 2023-03-20 10:48:50.669(Timestamp), 2023-03-20 10:48:50.669(Timestamp), 1(Integer), 0(Integer)
10:47:56,556 [Thread-106] DEBUG org.activiti.engine.impl.persistence.entity.JobEntity.selectAsyncJobsDueToExecute  - &lt;==      Total: 0
10:47:56,556 [Thread-106] DEBUG org.activiti.engine.impl.db.DbSqlSession  - flush summary: 0 insert, 0 update, 0 delete.
10:47:56,556 [Thread-106] DEBUG org.activiti.engine.impl.db.DbSqlSession  - now executing flush...
10:47:56,556 [Thread-106] DEBUG org.activiti.engine.impl.cfg.standalone.StandaloneMybatisTransactionContext  - firing event committing...
10:47:56,556 [Thread-106] DEBUG org.activiti.engine.impl.cfg.standalone.StandaloneMybatisTransactionContext  - committing the ibatis sql session...
10:47:56,556 [Thread-106] DEBUG org.activiti.engine.impl.cfg.standalone.StandaloneMybatisTransactionContext  - firing event committed...
10:47:56,556 [Thread-106] DEBUG org.apache.ibatis.transaction.jdbc.JdbcTransaction  - Resetting autocommit to true on JDBC Connection [conn65: url=jdbc:h2:mem:activiti-AsyncExecutorTest user=SA]
10:47:56,556 [Thread-106] DEBUG org.apache.ibatis.transaction.jdbc.JdbcTransaction  - Closing JDBC Connection [conn65: url=jdbc:h2:mem:activiti-AsyncExecutorTest user=SA]
10:47:56,556 [Thread-106] DEBUG org.apache.ibatis.datasource.pooled.PooledDataSource  - Returned connection 996762054 to pool.
10:47:56,556 [Thread-106] DEBUG org.activiti.engine.impl.interceptor.LogInterceptor  - --- AcquireAsyncJobsDueCmd finished --------------------------------------------------------
10:47:56,556 [Thread-106] DEBUG org.activiti.engine.impl.interceptor.LogInterceptor  - 

10:47:56,556 [Thread-106] DEBUG org.activiti.engine.impl.asyncexecutor.AcquireAsyncJobsDueRunnable  - async job acquisition thread sleeping for 50 millis
10:47:56,555 [Thread-105] DEBUG org.activiti.engine.impl.cfg.standalone.StandaloneMybatisTransactionContext  - firing event committing...
10:47:56,556 [Thread-105] DEBUG org.activiti.engine.impl.cfg.standalone.StandaloneMybatisTransactionContext  - committing the ibatis sql session...
10:47:56,556 [Thread-105] DEBUG org.activiti.engine.impl.cfg.standalone.StandaloneMybatisTransactionContext  - firing event committed...
10:47:56,556 [Thread-105] DEBUG org.apache.ibatis.transaction.jdbc.JdbcTransaction  - Resetting autocommit to true on JDBC Connection [conn64: url=jdbc:h2:mem:activiti-AsyncExecutorTest user=SA]
10:47:56,556 [Thread-105] DEBUG org.apache.ibatis.transaction.jdbc.JdbcTransaction  - Closing JDBC Connection [conn64: url=jdbc:h2:mem:activiti-AsyncExecutorTest user=SA]
10:47:56,556 [Thread-105] DEBUG org.apache.ibatis.datasource.pooled.PooledDataSource  - Returned connection 54468349 to pool.
10:47:56,556 [Thread-105] DEBUG org.activiti.engine.impl.interceptor.LogInterceptor  - --- AcquireTimerJobsCmd finished --------------------------------------------------------
10:47:56,556 [Thread-105] DEBUG org.activiti.engine.impl.interceptor.LogInterceptor  - 

10:47:56,556 [Thread-105] DEBUG org.activiti.engine.impl.asyncexecutor.AcquireTimerJobsRunnable  - timer job acquisition thread sleeping for 50 millis
10:47:56,600 [Thread-112] DEBUG org.activiti.engine.impl.asyncexecutor.AcquireAsyncJobsDueRunnable  - async job acquisition thread woke up
10:47:56,600 [Thread-112] DEBUG org.activiti.engine.impl.interceptor.LogInterceptor  - 

10:47:56,600 [Thread-112] DEBUG org.activiti.engine.impl.interceptor.LogInterceptor  - --- starting AcquireAsyncJobsDueCmd --------------------------------------------------------
10:47:56,600 [Thread-112] DEBUG org.apache.ibatis.transaction.jdbc.JdbcTransaction  - Opening JDBC Connection
10:47:56,600 [Thread-112] DEBUG org.apache.ibatis.datasource.pooled.PooledDataSource  - Checked out connection 58501658 from pool.
10:47:56,600 [Thread-112] DEBUG org.apache.ibatis.transaction.jdbc.JdbcTransaction  - Setting autocommit to false on JDBC Connection [conn68: url=jdbc:h2:mem:activiti-AsyncExecutorTest user=SA]
10:47:56,600 [Thread-112] DEBUG org.activiti.engine.impl.persistence.entity.JobEntity.selectAsyncJobsDueToExecute  - ==&gt;  Preparing: select RES.* from ACT_RU_JOB RES LEFT OUTER JOIN ACT_RU_EXECUTION PI ON PI.ID_ = RES.PROCESS_INSTANCE_ID_ where RES.RETRIES_ &gt; 0 and RES.DUEDATE_ is not null and RES.DUEDATE_ &lt;= ? and (RES.LOCK_EXP_TIME_ is null or RES.LOCK_EXP_TIME_ &lt;= ?) and TYPE_ = &apos;message&apos; and ( (RES.EXECUTION_ID_ is null) or (PI.SUSPENSION_STATE_ = 1) ) LIMIT ? OFFSET ? 
10:47:56,600 [Thread-112] DEBUG org.activiti.engine.impl.persistence.entity.JobEntity.selectAsyncJobsDueToExecute  - ==&gt; Parameters: 2023-03-20 10:48:50.669(Timestamp), 2023-03-20 10:48:50.669(Timestamp), 1(Integer), 0(Integer)
10:47:56,600 [Thread-112] DEBUG org.activiti.engine.impl.persistence.entity.JobEntity.selectAsyncJobsDueToExecute  - &lt;==      Total: 0
10:47:56,600 [Thread-112] DEBUG org.activiti.engine.impl.db.DbSqlSession  - flush summary: 0 insert, 0 update, 0 delete.
10:47:56,600 [Thread-112] DEBUG org.activiti.engine.impl.db.DbSqlSession  - now executing flush...
10:47:56,600 [Thread-112] DEBUG org.activiti.engine.impl.cfg.standalone.StandaloneMybatisTransactionContext  - firing event committing...
10:47:56,600 [Thread-112] DEBUG org.activiti.engine.impl.cfg.standalone.StandaloneMybatisTransactionContext  - committing the ibatis sql session...
10:47:56,600 [Thread-112] DEBUG org.activiti.engine.impl.cfg.standalone.StandaloneMybatisTransactionContext  - firing event committed...
10:47:56,600 [Thread-112] DEBUG org.apache.ibatis.transaction.jdbc.JdbcTransaction  - Resetting autocommit to true on JDBC Connection [conn68: url=jdbc:h2:mem:activiti-AsyncExecutorTest user=SA]
10:47:56,600 [Thread-112] DEBUG org.apache.ibatis.transaction.jdbc.JdbcTransaction  - Closing JDBC Connection [conn68: url=jdbc:h2:mem:activiti-AsyncExecutorTest user=SA]
10:47:56,600 [Thread-112] DEBUG org.apache.ibatis.datasource.pooled.PooledDataSource  - Returned connection 58501658 to pool.
10:47:56,600 [Thread-112] DEBUG org.activiti.engine.impl.interceptor.LogInterceptor  - --- AcquireAsyncJobsDueCmd finished --------------------------------------------------------
10:47:56,600 [Thread-112] DEBUG org.activiti.engine.impl.interceptor.LogInterceptor  - 

10:47:56,600 [Thread-112] DEBUG org.activiti.engine.impl.asyncexecutor.AcquireAsyncJobsDueRunnable  - async job acquisition thread sleeping for 50 millis
10:47:56,616 [Thread-106] DEBUG org.activiti.engine.impl.asyncexecutor.AcquireAsyncJobsDueRunnable  - async job acquisition thread woke up
10:47:56,616 [Thread-106] DEBUG org.activiti.engine.impl.interceptor.LogInterceptor  - 

10:47:56,616 [Thread-106] DEBUG org.activiti.engine.impl.interceptor.LogInterceptor  - --- starting AcquireAsyncJobsDueCmd --------------------------------------------------------
10:47:56,616 [Thread-106] DEBUG org.apache.ibatis.transaction.jdbc.JdbcTransaction  - Opening JDBC Connection
10:47:56,616 [Thread-106] DEBUG org.apache.ibatis.datasource.pooled.PooledDataSource  - Checked out connection 1970103261 from pool.
10:47:56,616 [Thread-106] DEBUG org.apache.ibatis.transaction.jdbc.JdbcTransaction  - Setting autocommit to false on JDBC Connection [conn63: url=jdbc:h2:mem:activiti-AsyncExecutorTest user=SA]
10:47:56,616 [Thread-111] DEBUG org.activiti.engine.impl.asyncexecutor.AcquireTimerJobsRunnable  - timer job acquisition thread woke up
10:47:56,616 [Thread-111] DEBUG org.activiti.engine.impl.interceptor.LogInterceptor  - 

10:47:56,616 [Thread-111] DEBUG org.activiti.engine.impl.interceptor.LogInterceptor  - --- starting AcquireTimerJobsCmd --------------------------------------------------------
10:47:56,616 [Thread-111] DEBUG org.apache.ibatis.transaction.jdbc.JdbcTransaction  - Opening JDBC Connection
10:47:56,616 [Thread-111] DEBUG org.apache.ibatis.datasource.pooled.PooledDataSource  - Checked out connection 1863805930 from pool.
10:47:56,616 [Thread-105] DEBUG org.activiti.engine.impl.asyncexecutor.AcquireTimerJobsRunnable  - timer job acquisition thread woke up
10:47:56,616 [Thread-105] DEBUG org.activiti.engine.impl.interceptor.LogInterceptor  - 

10:47:56,616 [Thread-105] DEBUG org.activiti.engine.impl.interceptor.LogInterceptor  - --- starting AcquireTimerJobsCmd --------------------------------------------------------
10:47:56,616 [Thread-105] DEBUG org.apache.ibatis.transaction.jdbc.JdbcTransaction  - Opening JDBC Connection
10:47:56,616 [Thread-105] DEBUG org.apache.ibatis.datasource.pooled.PooledDataSource  - Checked out connection 996762054 from pool.
10:47:56,616 [Thread-105] DEBUG org.apache.ibatis.transaction.jdbc.JdbcTransaction  - Setting autocommit to false on JDBC Connection [conn65: url=jdbc:h2:mem:activiti-AsyncExecutorTest user=SA]
10:47:56,616 [Thread-105] DEBUG org.activiti.engine.impl.persistence.entity.JobEntity.selectNextTimerJobsToExecute  - ==&gt;  Preparing: select RES.* from ACT_RU_JOB RES LEFT OUTER JOIN ACT_RU_EXECUTION PI ON PI.ID_ = RES.PROCESS_INSTANCE_ID_ where (RES.RETRIES_ &gt; 0) and (RES.DUEDATE_ is null or RES.DUEDATE_ &lt;= ?) and (RES.LOCK_OWNER_ is null or RES.LOCK_EXP_TIME_ &lt;= ?) and TYPE_ = &apos;timer&apos; and ( (RES.EXECUTION_ID_ is null) or (PI.SUSPENSION_STATE_ = 1) ) LIMIT ? OFFSET ? 
10:47:56,616 [Thread-103] DEBUG org.activiti.engine.impl.asyncexecutor.AcquireAsyncJobsDueRunnable  - async job acquisition thread woke up
10:47:56,616 [Thread-103] DEBUG org.activiti.engine.impl.interceptor.LogInterceptor  - 

10:47:56,616 [Thread-103] DEBUG org.activiti.engine.impl.interceptor.LogInterceptor  - --- starting AcquireAsyncJobsDueCmd --------------------------------------------------------
10:47:56,617 [Thread-103] DEBUG org.apache.ibatis.transaction.jdbc.JdbcTransaction  - Opening JDBC Connection
10:47:56,617 [Thread-103] DEBUG org.apache.ibatis.datasource.pooled.PooledDataSource  - Checked out connection 157985567 from pool.
10:47:56,617 [Thread-103] DEBUG org.apache.ibatis.transaction.jdbc.JdbcTransaction  - Setting autocommit to false on JDBC Connection [conn61: url=jdbc:h2:mem:activiti-AsyncExecutorTest user=SA]
10:47:56,617 [Thread-103] DEBUG org.activiti.engine.impl.persistence.entity.JobEntity.selectAsyncJobsDueToExecute  - ==&gt;  Preparing: select RES.* from ACT_RU_JOB RES LEFT OUTER JOIN ACT_RU_EXECUTION PI ON PI.ID_ = RES.PROCESS_INSTANCE_ID_ where RES.RETRIES_ &gt; 0 and RES.DUEDATE_ is not null and RES.DUEDATE_ &lt;= ? and (RES.LOCK_EXP_TIME_ is null or RES.LOCK_EXP_TIME_ &lt;= ?) and TYPE_ = &apos;message&apos; and ( (RES.EXECUTION_ID_ is null) or (PI.SUSPENSION_STATE_ = 1) ) LIMIT ? OFFSET ? 
10:47:56,616 [Thread-102] DEBUG org.activiti.engine.impl.asyncexecutor.AcquireTimerJobsRunnable  - timer job acquisition thread woke up
10:47:56,617 [Thread-102] DEBUG org.activiti.engine.impl.interceptor.LogInterceptor  - 

10:47:56,617 [Thread-102] DEBUG org.activiti.engine.impl.interceptor.LogInterceptor  - --- starting AcquireTimerJobsCmd --------------------------------------------------------
10:47:56,617 [Thread-102] DEBUG org.apache.ibatis.transaction.jdbc.JdbcTransaction  - Opening JDBC Connection
10:47:56,617 [Thread-102] DEBUG org.apache.ibatis.datasource.pooled.PooledDataSource  - Checked out connection 33534803 from pool.
10:47:56,617 [Thread-102] DEBUG org.apache.ibatis.transaction.jdbc.JdbcTransaction  - Setting autocommit to false on JDBC Connection [conn60: url=jdbc:h2:mem:activiti-AsyncExecutorTest user=SA]
10:47:56,617 [Thread-102] DEBUG org.activiti.engine.impl.persistence.entity.JobEntity.selectNextTimerJobsToExecute  - ==&gt;  Preparing: select RES.* from ACT_RU_JOB RES LEFT OUTER JOIN ACT_RU_EXECUTION PI ON PI.ID_ = RES.PROCESS_INSTANCE_ID_ where (RES.RETRIES_ &gt; 0) and (RES.DUEDATE_ is null or RES.DUEDATE_ &lt;= ?) and (RES.LOCK_OWNER_ is null or RES.LOCK_EXP_TIME_ &lt;= ?) and TYPE_ = &apos;timer&apos; and ( (RES.EXECUTION_ID_ is null) or (PI.SUSPENSION_STATE_ = 1) ) LIMIT ? OFFSET ? 
10:47:56,617 [Thread-103] DEBUG org.activiti.engine.impl.persistence.entity.JobEntity.selectAsyncJobsDueToExecute  - ==&gt; Parameters: 2023-03-20 10:48:50.669(Timestamp), 2023-03-20 10:48:50.669(Timestamp), 1(Integer), 0(Integer)
10:47:56,617 [Thread-103] DEBUG org.activiti.engine.impl.persistence.entity.JobEntity.selectAsyncJobsDueToExecute  - &lt;==      Total: 0
10:47:56,617 [Thread-103] DEBUG org.activiti.engine.impl.db.DbSqlSession  - flush summary: 0 insert, 0 update, 0 delete.
10:47:56,617 [Thread-103] DEBUG org.activiti.engine.impl.db.DbSqlSession  - now executing flush...
10:47:56,616 [Thread-105] DEBUG org.activiti.engine.impl.persistence.entity.JobEntity.selectNextTimerJobsToExecute  - ==&gt; Parameters: 2023-03-20 10:48:50.669(Timestamp), 2023-03-20 10:48:50.669(Timestamp), 1(Integer), 0(Integer)
10:47:56,617 [Thread-105] DEBUG org.activiti.engine.impl.persistence.entity.JobEntity.selectNextTimerJobsToExecute  - &lt;==      Total: 0
10:47:56,617 [Thread-105] DEBUG org.activiti.engine.impl.db.DbSqlSession  - flush summary: 0 insert, 0 update, 0 delete.
10:47:56,617 [Thread-105] DEBUG org.activiti.engine.impl.db.DbSqlSession  - now executing flush...
10:47:56,617 [Thread-105] DEBUG org.activiti.engine.impl.cfg.standalone.StandaloneMybatisTransactionContext  - firing event committing...
10:47:56,617 [Thread-105] DEBUG org.activiti.engine.impl.cfg.standalone.StandaloneMybatisTransactionContext  - committing the ibatis sql session...
10:47:56,617 [Thread-105] DEBUG org.activiti.engine.impl.cfg.standalone.StandaloneMybatisTransactionContext  - firing event committed...
10:47:56,617 [Thread-105] DEBUG org.apache.ibatis.transaction.jdbc.JdbcTransaction  - Resetting autocommit to true on JDBC Connection [conn65: url=jdbc:h2:mem:activiti-AsyncExecutorTest user=SA]
10:47:56,617 [Thread-105] DEBUG org.apache.ibatis.transaction.jdbc.JdbcTransaction  - Closing JDBC Connection [conn65: url=jdbc:h2:mem:activiti-AsyncExecutorTest user=SA]
10:47:56,617 [Thread-105] DEBUG org.apache.ibatis.datasource.pooled.PooledDataSource  - Returned connection 996762054 to pool.
10:47:56,617 [Thread-105] DEBUG org.activiti.engine.impl.interceptor.LogInterceptor  - --- AcquireTimerJobsCmd finished --------------------------------------------------------
10:47:56,617 [Thread-105] DEBUG org.activiti.engine.impl.interceptor.LogInterceptor  - 

10:47:56,617 [Thread-105] DEBUG org.activiti.engine.impl.asyncexecutor.AcquireTimerJobsRunnable  - timer job acquisition thread sleeping for 50 millis
10:47:56,616 [Thread-111] DEBUG org.apache.ibatis.transaction.jdbc.JdbcTransaction  - Setting autocommit to false on JDBC Connection [conn69: url=jdbc:h2:mem:activiti-AsyncExecutorTest user=SA]
10:47:56,617 [Thread-111] DEBUG org.activiti.engine.impl.persistence.entity.JobEntity.selectNextTimerJobsToExecute  - ==&gt;  Preparing: select RES.* from ACT_RU_JOB RES LEFT OUTER JOIN ACT_RU_EXECUTION PI ON PI.ID_ = RES.PROCESS_INSTANCE_ID_ where (RES.RETRIES_ &gt; 0) and (RES.DUEDATE_ is null or RES.DUEDATE_ &lt;= ?) and (RES.LOCK_OWNER_ is null or RES.LOCK_EXP_TIME_ &lt;= ?) and TYPE_ = &apos;timer&apos; and ( (RES.EXECUTION_ID_ is null) or (PI.SUSPENSION_STATE_ = 1) ) LIMIT ? OFFSET ? 
10:47:56,617 [Thread-111] DEBUG org.activiti.engine.impl.persistence.entity.JobEntity.selectNextTimerJobsToExecute  - ==&gt; Parameters: 2023-03-20 10:48:50.669(Timestamp), 2023-03-20 10:48:50.669(Timestamp), 1(Integer), 0(Integer)
10:47:56,616 [Thread-106] DEBUG org.activiti.engine.impl.persistence.entity.JobEntity.selectAsyncJobsDueToExecute  - ==&gt;  Preparing: select RES.* from ACT_RU_JOB RES LEFT OUTER JOIN ACT_RU_EXECUTION PI ON PI.ID_ = RES.PROCESS_INSTANCE_ID_ where RES.RETRIES_ &gt; 0 and RES.DUEDATE_ is not null and RES.DUEDATE_ &lt;= ? and (RES.LOCK_EXP_TIME_ is null or RES.LOCK_EXP_TIME_ &lt;= ?) and TYPE_ = &apos;message&apos; and ( (RES.EXECUTION_ID_ is null) or (PI.SUSPENSION_STATE_ = 1) ) LIMIT ? OFFSET ? 
10:47:56,617 [Thread-106] DEBUG org.activiti.engine.impl.persistence.entity.JobEntity.selectAsyncJobsDueToExecute  - ==&gt; Parameters: 2023-03-20 10:48:50.669(Timestamp), 2023-03-20 10:48:50.669(Timestamp), 1(Integer), 0(Integer)
10:47:56,617 [Thread-111] DEBUG org.activiti.engine.impl.persistence.entity.JobEntity.selectNextTimerJobsToExecute  - &lt;==      Total: 0
10:47:56,618 [Thread-111] DEBUG org.activiti.engine.impl.db.DbSqlSession  - flush summary: 0 insert, 0 update, 0 delete.
10:47:56,618 [Thread-111] DEBUG org.activiti.engine.impl.db.DbSqlSession  - now executing flush...
10:47:56,618 [Thread-111] DEBUG org.activiti.engine.impl.cfg.standalone.StandaloneMybatisTransactionContext  - firing event committing...
10:47:56,618 [Thread-111] DEBUG org.activiti.engine.impl.cfg.standalone.StandaloneMybatisTransactionContext  - committing the ibatis sql session...
10:47:56,618 [Thread-111] DEBUG org.activiti.engine.impl.cfg.standalone.StandaloneMybatisTransactionContext  - firing event committed...
10:47:56,618 [Thread-111] DEBUG org.apache.ibatis.transaction.jdbc.JdbcTransaction  - Resetting autocommit to true on JDBC Connection [conn69: url=jdbc:h2:mem:activiti-AsyncExecutorTest user=SA]
10:47:56,618 [Thread-111] DEBUG org.apache.ibatis.transaction.jdbc.JdbcTransaction  - Closing JDBC Connection [conn69: url=jdbc:h2:mem:activiti-AsyncExecutorTest user=SA]
10:47:56,618 [Thread-111] DEBUG org.apache.ibatis.datasource.pooled.PooledDataSource  - Returned connection 1863805930 to pool.
10:47:56,618 [Thread-111] DEBUG org.activiti.engine.impl.interceptor.LogInterceptor  - --- AcquireTimerJobsCmd finished --------------------------------------------------------
10:47:56,618 [Thread-111] DEBUG org.activiti.engine.impl.interceptor.LogInterceptor  - 

10:47:56,618 [Thread-111] DEBUG org.activiti.engine.impl.asyncexecutor.AcquireTimerJobsRunnable  - timer job acquisition thread sleeping for 50 millis
10:47:56,617 [Thread-103] DEBUG org.activiti.engine.impl.cfg.standalone.StandaloneMybatisTransactionContext  - firing event committing...
10:47:56,618 [Thread-103] DEBUG org.activiti.engine.impl.cfg.standalone.StandaloneMybatisTransactionContext  - committing the ibatis sql session...
10:47:56,618 [Thread-103] DEBUG org.activiti.engine.impl.cfg.standalone.StandaloneMybatisTransactionContext  - firing event committed...
10:47:56,618 [Thread-103] DEBUG org.apache.ibatis.transaction.jdbc.JdbcTransaction  - Resetting autocommit to true on JDBC Connection [conn61: url=jdbc:h2:mem:activiti-AsyncExecutorTest user=SA]
10:47:56,618 [Thread-103] DEBUG org.apache.ibatis.transaction.jdbc.JdbcTransaction  - Closing JDBC Connection [conn61: url=jdbc:h2:mem:activiti-AsyncExecutorTest user=SA]
10:47:56,618 [Thread-103] DEBUG org.apache.ibatis.datasource.pooled.PooledDataSource  - Returned connection 157985567 to pool.
10:47:56,618 [Thread-103] DEBUG org.activiti.engine.impl.interceptor.LogInterceptor  - --- AcquireAsyncJobsDueCmd finished --------------------------------------------------------
10:47:56,618 [Thread-103] DEBUG org.activiti.engine.impl.interceptor.LogInterceptor  - 

10:47:56,618 [Thread-103] DEBUG org.activiti.engine.impl.asyncexecutor.AcquireAsyncJobsDueRunnable  - async job acquisition thread sleeping for 50 millis
10:47:56,617 [Thread-102] DEBUG org.activiti.engine.impl.persistence.entity.JobEntity.selectNextTimerJobsToExecute  - ==&gt; Parameters: 2023-03-20 10:48:50.669(Timestamp), 2023-03-20 10:48:50.669(Timestamp), 1(Integer), 0(Integer)
10:47:56,618 [Thread-102] DEBUG org.activiti.engine.impl.persistence.entity.JobEntity.selectNextTimerJobsToExecute  - &lt;==      Total: 0
10:47:56,618 [Thread-102] DEBUG org.activiti.engine.impl.db.DbSqlSession  - flush summary: 0 insert, 0 update, 0 delete.
10:47:56,618 [Thread-102] DEBUG org.activiti.engine.impl.db.DbSqlSession  - now executing flush...
10:47:56,618 [Thread-102] DEBUG org.activiti.engine.impl.cfg.standalone.StandaloneMybatisTransactionContext  - firing event committing...
10:47:56,618 [Thread-102] DEBUG org.activiti.engine.impl.cfg.standalone.StandaloneMybatisTransactionContext  - committing the ibatis sql session...
10:47:56,618 [Thread-102] DEBUG org.activiti.engine.impl.cfg.standalone.StandaloneMybatisTransactionContext  - firing event committed...
10:47:56,618 [Thread-102] DEBUG org.apache.ibatis.transaction.jdbc.JdbcTransaction  - Resetting autocommit to true on JDBC Connection [conn60: url=jdbc:h2:mem:activiti-AsyncExecutorTest user=SA]
10:47:56,618 [Thread-102] DEBUG org.apache.ibatis.transaction.jdbc.JdbcTransaction  - Closing JDBC Connection [conn60: url=jdbc:h2:mem:activiti-AsyncExecutorTest user=SA]
10:47:56,618 [Thread-102] DEBUG org.apache.ibatis.datasource.pooled.PooledDataSource  - Returned connection 33534803 to pool.
10:47:56,618 [Thread-102] DEBUG org.activiti.engine.impl.interceptor.LogInterceptor  - --- AcquireTimerJobsCmd finished --------------------------------------------------------
10:47:56,618 [Thread-102] DEBUG org.activiti.engine.impl.interceptor.LogInterceptor  - 

10:47:56,618 [Thread-102] DEBUG org.activiti.engine.impl.asyncexecutor.AcquireTimerJobsRunnable  - timer job acquisition thread sleeping for 50 millis
10:47:56,618 [Thread-106] DEBUG org.activiti.engine.impl.persistence.entity.JobEntity.selectAsyncJobsDueToExecute  - &lt;==      Total: 0
10:47:56,618 [Thread-106] DEBUG org.activiti.engine.impl.db.DbSqlSession  - flush summary: 0 insert, 0 update, 0 delete.
10:47:56,618 [Thread-106] DEBUG org.activiti.engine.impl.db.DbSqlSession  - now executing flush...
10:47:56,618 [Thread-106] DEBUG org.activiti.engine.impl.cfg.standalone.StandaloneMybatisTransactionContext  - firing event committing...
10:47:56,618 [Thread-106] DEBUG org.activiti.engine.impl.cfg.standalone.StandaloneMybatisTransactionContext  - committing the ibatis sql session...
10:47:56,618 [Thread-106] DEBUG org.activiti.engine.impl.cfg.standalone.StandaloneMybatisTransactionContext  - firing event committed...
10:47:56,618 [Thread-106] DEBUG org.apache.ibatis.transaction.jdbc.JdbcTransaction  - Resetting autocommit to true on JDBC Connection [conn63: url=jdbc:h2:mem:activiti-AsyncExecutorTest user=SA]
10:47:56,618 [Thread-106] DEBUG org.apache.ibatis.transaction.jdbc.JdbcTransaction  - Closing JDBC Connection [conn63: url=jdbc:h2:mem:activiti-AsyncExecutorTest user=SA]
10:47:56,618 [Thread-106] DEBUG org.apache.ibatis.datasource.pooled.PooledDataSource  - Returned connection 1970103261 to pool.
10:47:56,618 [Thread-106] DEBUG org.activiti.engine.impl.interceptor.LogInterceptor  - --- AcquireAsyncJobsDueCmd finished --------------------------------------------------------
10:47:56,619 [Thread-106] DEBUG org.activiti.engine.impl.interceptor.LogInterceptor  - 

10:47:56,619 [Thread-106] DEBUG org.activiti.engine.impl.asyncexecutor.AcquireAsyncJobsDueRunnable  - async job acquisition thread sleeping for 50 millis
10:47:56,647 [main] DEBUG org.activiti.engine.impl.interceptor.LogInterceptor  - 

10:47:56,647 [main] DEBUG org.activiti.engine.impl.interceptor.LogInterceptor  - --- starting JobQueryImpl --------------------------------------------------------
10:47:56,647 [main] DEBUG org.apache.ibatis.transaction.jdbc.JdbcTransaction  - Opening JDBC Connection
10:47:56,647 [main] DEBUG org.apache.ibatis.datasource.pooled.PooledDataSource  - Checked out connection 486346394 from pool.
10:47:56,647 [main] DEBUG org.apache.ibatis.transaction.jdbc.JdbcTransaction  - Setting autocommit to false on JDBC Connection [conn6: url=jdbc:h2:mem:activiti user=SA]
10:47:56,647 [main] DEBUG org.activiti.engine.impl.persistence.entity.JobEntity.selectJobByQueryCriteria  - ==&gt;  Preparing: select RES.* from ACT_RU_JOB RES order by order by RES.ID_ asc LIMIT ? OFFSET ? 
10:47:56,647 [main] DEBUG org.activiti.engine.impl.interceptor.CommandContext  - Error while closing command context
org.apache.ibatis.exceptions.PersistenceException: 
### Error querying database.  Cause: org.h2.jdbc.JdbcSQLException: Syntax error in SQL statement &quot;SELECT RES.* 
     
    FROM ACT_RU_JOB RES
     
      
   
     ORDER BY  ORDER[*] BY RES.ID_ ASC  
    LIMIT ? OFFSET ? &quot;; expected &quot;=, NOT, EXISTS, INTERSECTS, SELECT, FROM&quot;; SQL statement:
select RES.* 
     
    from ACT_RU_JOB RES
     
      
   
     order by  order by RES.ID_ asc  
    LIMIT ? OFFSET ? [42001-176]
### The error may exist in org/activiti/db/mapping/entity/Job.xml
### The error may involve org.activiti.engine.impl.persistence.entity.JobEntity.selectJobByQueryCriteria
### The error occurred while executing a query
### SQL: select RES.*            from ACT_RU_JOB RES                       order by  order by RES.ID_ asc       LIMIT ? OFFSET ?
### Cause: org.h2.jdbc.JdbcSQLException: Syntax error in SQL statement &quot;SELECT RES.* 
     
    FROM ACT_RU_JOB RES
     
      
   
     ORDER BY  ORDER[*] BY RES.ID_ ASC  
    LIMIT ? OFFSET ? &quot;; expected &quot;=, NOT, EXISTS, INTERSECTS, SELECT, FROM&quot;; SQL statement:
select RES.* 
     
    from ACT_RU_JOB RES
     
      
   
     order by  order by RES.ID_ asc  
    LIMIT ? OFFSET ? [42001-176]
	at org.apache.ibatis.exceptions.ExceptionFactory.wrapException(ExceptionFactory.java:30)
	at org.apache.ibatis.session.defaults.DefaultSqlSession.selectList(DefaultSqlSession.java:122)
	at org.apache.ibatis.session.defaults.DefaultSqlSession.selectList(DefaultSqlSession.java:113)
	at org.activiti.engine.impl.db.DbSqlSession.selectListWithRawParameter(DbSqlSession.java:438)
	at org.activiti.engine.impl.db.DbSqlSession.selectList(DbSqlSession.java:429)
	at org.activiti.engine.impl.db.DbSqlSession.selectList(DbSqlSession.java:419)
	at org.activiti.engine.impl.persistence.entity.JobEntityManager.findJobsByQueryCriteria(JobEntityManager.java:198)
	at org.activiti.engine.impl.JobQueryImpl.executeList(JobQueryImpl.java:243)
	at org.activiti.engine.impl.AbstractQuery.execute(AbstractQuery.java:164)
	at org.activiti.engine.impl.interceptor.CommandInvoker.execute(CommandInvoker.java:24)
	at org.activiti.engine.impl.interceptor.CommandContextInterceptor.execute(CommandContextInterceptor.java:57)
	at org.activiti.engine.impl.interceptor.LogInterceptor.execute(LogInterceptor.java:37)
	at org.activiti.engine.impl.cfg.CommandExecutorImpl.execute(CommandExecutorImpl.java:40)
	at org.activiti.engine.impl.cfg.CommandExecutorImpl.execute(CommandExecutorImpl.java:35)
	at org.activiti.engine.impl.AbstractQuery.list(AbstractQuery.java:138)
	at org.activiti.engine.impl.test.JobTestHelper.areJobsAvailable(JobTestHelper.java:194)
	at org.activiti.engine.impl.test.JobTestHelper.waitForJobExecutorToProcessAllJobs(JobTestHelper.java:74)
	at org.activiti.engine.impl.test.JobTestHelper.waitForJobExecutorToProcessAllJobs(JobTestHelper.java:47)
	at org.activiti.engine.impl.test.AbstractActivitiTestCase.waitForJobExecutorToProcessAllJobs(AbstractActivitiTestCase.java:204)
	at org.activiti.engine.test.jobexecutor.JobExecutorTest.testBasicJobExecutorOperation(JobExecutorTest.java:53)
	at sun.reflect.NativeMethodAccessorImpl.invoke0(Native Method)
	at sun.reflect.NativeMethodAccessorImpl.invoke(NativeMethodAccessorImpl.java:62)
	at sun.reflect.DelegatingMethodAccessorImpl.invoke(DelegatingMethodAccessorImpl.java:43)
	at java.lang.reflect.Method.invoke(Method.java:498)
	at junit.framework.TestCase.runTest(TestCase.java:176)
	at org.activiti.engine.impl.test.PvmTestCase.runTest(PvmTestCase.java:65)
	at junit.framework.TestCase.runBare(TestCase.java:141)
	at org.activiti.engine.impl.test.AbstractActivitiTestCase.runBare(AbstractActivitiTestCase.java:100)
	at junit.framework.TestResult$1.protect(TestResult.java:122)
	at junit.framework.TestResult.runProtected(TestResult.java:142)
	at junit.framework.TestResult.run(TestResult.java:125)
	at junit.framework.TestCase.run(TestCase.java:129)
	at junit.framework.TestSuite.runTest(TestSuite.java:255)
	at junit.framework.TestSuite.run(TestSuite.java:250)
	at org.junit.internal.runners.JUnit38ClassRunner.run(JUnit38ClassRunner.java:84)
	at org.apache.maven.surefire.junit4.JUnit4TestSet.execute(JUnit4TestSet.java:35)
	at org.apache.maven.surefire.junit4.JUnit4Provider.executeTestSet(JUnit4Provider.java:146)
	at org.apache.maven.surefire.junit4.JUnit4Provider.invoke(JUnit4Provider.java:97)
	at sun.reflect.NativeMethodAccessorImpl.invoke0(Native Method)
	at sun.reflect.NativeMethodAccessorImpl.invoke(NativeMethodAccessorImpl.java:62)
	at sun.reflect.DelegatingMethodAccessorImpl.invoke(DelegatingMethodAccessorImpl.java:43)
	at java.lang.reflect.Method.invoke(Method.java:498)
	at org.apache.maven.surefire.booter.ProviderFactory$ClassLoaderProxy.invoke(ProviderFactory.java:103)
	at com.sun.proxy.$Proxy0.invoke(Unknown Source)
	at org.apache.maven.surefire.booter.SurefireStarter.invokeProvider(SurefireStarter.java:145)
	at org.apache.maven.surefire.booter.SurefireStarter.runSuitesInProcess(SurefireStarter.java:87)
	at org.apache.maven.surefire.booter.ForkedBooter.main(ForkedBooter.java:69)
Caused by: org.h2.jdbc.JdbcSQLException: Syntax error in SQL statement &quot;SELECT RES.* 
     
    FROM ACT_RU_JOB RES
     
      
   
     ORDER BY  ORDER[*] BY RES.ID_ ASC  
    LIMIT ? OFFSET ? &quot;; expected &quot;=, NOT, EXISTS, INTERSECTS, SELECT, FROM&quot;; SQL statement:
select RES.* 
     
    from ACT_RU_JOB RES
     
      
   
     order by  order by RES.ID_ asc  
    LIMIT ? OFFSET ? [42001-176]
	at org.h2.message.DbException.getJdbcSQLException(DbException.java:344)
	at org.h2.message.DbException.getSyntaxError(DbException.java:204)
	at org.h2.command.Parser.getSyntaxError(Parser.java:524)
	at org.h2.command.Parser.readTerm(Parser.java:2688)
	at org.h2.command.Parser.readFactor(Parser.java:2244)
	at org.h2.command.Parser.readSum(Parser.java:2231)
	at org.h2.command.Parser.readConcat(Parser.java:2201)
	at org.h2.command.Parser.readCondition(Parser.java:2051)
	at org.h2.command.Parser.readAnd(Parser.java:2023)
	at org.h2.command.Parser.readExpression(Parser.java:2015)
	at org.h2.command.Parser.parseEndOfQuery(Parser.java:1726)
	at org.h2.command.Parser.parseSelectUnionExtension(Parser.java:1706)
	at org.h2.command.Parser.parseSelectUnion(Parser.java:1675)
	at org.h2.command.Parser.parseSelect(Parser.java:1662)
	at org.h2.command.Parser.parsePrepared(Parser.java:434)
	at org.h2.command.Parser.parse(Parser.java:306)
	at org.h2.command.Parser.parse(Parser.java:282)
	at org.h2.command.Parser.prepareCommand(Parser.java:243)
	at org.h2.engine.Session.prepareLocal(Session.java:442)
	at org.h2.engine.Session.prepareCommand(Session.java:384)
	at org.h2.jdbc.JdbcConnection.prepareCommand(JdbcConnection.java:1188)
	at org.h2.jdbc.JdbcPreparedStatement.&lt;init&gt;(JdbcPreparedStatement.java:73)
	at org.h2.jdbc.JdbcConnection.prepareStatement(JdbcConnection.java:276)
	at sun.reflect.GeneratedMethodAccessor6.invoke(Unknown Source)
	at sun.reflect.DelegatingMethodAccessorImpl.invoke(DelegatingMethodAccessorImpl.java:43)
	at java.lang.reflect.Method.invoke(Method.java:498)
	at org.apache.ibatis.datasource.pooled.PooledConnection.invoke(PooledConnection.java:245)
	at com.sun.proxy.$Proxy12.prepareStatement(Unknown Source)
	at sun.reflect.GeneratedMethodAccessor6.invoke(Unknown Source)
	at sun.reflect.DelegatingMethodAccessorImpl.invoke(DelegatingMethodAccessorImpl.java:43)
	at java.lang.reflect.Method.invoke(Method.java:498)
	at org.apache.ibatis.logging.jdbc.ConnectionLogger.invoke(ConnectionLogger.java:55)
	at com.sun.proxy.$Proxy12.prepareStatement(Unknown Source)
	at org.apache.ibatis.executor.statement.PreparedStatementHandler.instantiateStatement(PreparedStatementHandler.java:79)
	at org.apache.ibatis.executor.statement.BaseStatementHandler.prepare(BaseStatementHandler.java:88)
	at org.apache.ibatis.executor.statement.RoutingStatementHandler.prepare(RoutingStatementHandler.java:58)
	at org.apache.ibatis.executor.SimpleExecutor.prepareStatement(SimpleExecutor.java:76)
	at org.apache.ibatis.executor.SimpleExecutor.doQuery(SimpleExecutor.java:61)
	at org.apache.ibatis.executor.BaseExecutor.queryFromDatabase(BaseExecutor.java:303)
	at org.apache.ibatis.executor.BaseExecutor.query(BaseExecutor.java:154)
	at org.apache.ibatis.executor.CachingExecutor.query(CachingExecutor.java:102)
	at org.apache.ibatis.executor.CachingExecutor.query(CachingExecutor.java:82)
	at org.apache.ibatis.session.defaults.DefaultSqlSession.selectList(DefaultSqlSession.java:120)
	... 45 more
10:47:56,647 [main] DEBUG org.activiti.engine.impl.cfg.standalone.StandaloneMybatisTransactionContext  - firing event rolling back...
10:47:56,648 [main] DEBUG org.activiti.engine.impl.cfg.standalone.StandaloneMybatisTransactionContext  - rolling back ibatis sql session...
10:47:56,648 [main] DEBUG org.activiti.engine.impl.cfg.standalone.StandaloneMybatisTransactionContext  - firing event rolled back...
10:47:56,648 [main] DEBUG org.apache.ibatis.transaction.jdbc.JdbcTransaction  - Resetting autocommit to true on JDBC Connection [conn6: url=jdbc:h2:mem:activiti user=SA]
10:47:56,648 [main] DEBUG org.apache.ibatis.transaction.jdbc.JdbcTransaction  - Closing JDBC Connection [conn6: url=jdbc:h2:mem:activiti user=SA]
10:47:56,648 [main] DEBUG org.apache.ibatis.datasource.pooled.PooledDataSource  - Returned connection 486346394 to pool.
10:47:56,648 [main] DEBUG org.activiti.engine.impl.interceptor.LogInterceptor  - --- JobQueryImpl finished --------------------------------------------------------
10:47:56,648 [main] DEBUG org.activiti.engine.impl.interceptor.LogInterceptor  - 

10:47:56,662 [Thread-112] DEBUG org.activiti.engine.impl.asyncexecutor.AcquireAsyncJobsDueRunnable  - async job acquisition thread woke up
10:47:56,662 [Thread-112] DEBUG org.activiti.engine.impl.interceptor.LogInterceptor  - 

10:47:56,662 [Thread-112] DEBUG org.activiti.engine.impl.interceptor.LogInterceptor  - --- starting AcquireAsyncJobsDueCmd --------------------------------------------------------
10:47:56,662 [Thread-112] DEBUG org.apache.ibatis.transaction.jdbc.JdbcTransaction  - Opening JDBC Connection
10:47:56,662 [Thread-112] DEBUG org.apache.ibatis.datasource.pooled.PooledDataSource  - Checked out connection 604408605 from pool.
10:47:56,662 [Thread-112] DEBUG org.apache.ibatis.transaction.jdbc.JdbcTransaction  - Setting autocommit to false on JDBC Connection [conn70: url=jdbc:h2:mem:activiti-AsyncExecutorTest user=SA]
10:47:56,662 [Thread-112] DEBUG org.activiti.engine.impl.persistence.entity.JobEntity.selectAsyncJobsDueToExecute  - ==&gt;  Preparing: select RES.* from ACT_RU_JOB RES LEFT OUTER JOIN ACT_RU_EXECUTION PI ON PI.ID_ = RES.PROCESS_INSTANCE_ID_ where RES.RETRIES_ &gt; 0 and RES.DUEDATE_ is not null and RES.DUEDATE_ &lt;= ? and (RES.LOCK_EXP_TIME_ is null or RES.LOCK_EXP_TIME_ &lt;= ?) and TYPE_ = &apos;message&apos; and ( (RES.EXECUTION_ID_ is null) or (PI.SUSPENSION_STATE_ = 1) ) LIMIT ? OFFSET ? 
10:47:56,662 [Thread-112] DEBUG org.activiti.engine.impl.persistence.entity.JobEntity.selectAsyncJobsDueToExecute  - ==&gt; Parameters: 2023-03-20 10:48:50.669(Timestamp), 2023-03-20 10:48:50.669(Timestamp), 1(Integer), 0(Integer)
10:47:56,662 [Thread-112] DEBUG org.activiti.engine.impl.persistence.entity.JobEntity.selectAsyncJobsDueToExecute  - &lt;==      Total: 0
10:47:56,662 [Thread-112] DEBUG org.activiti.engine.impl.db.DbSqlSession  - flush summary: 0 insert, 0 update, 0 delete.
10:47:56,662 [Thread-112] DEBUG org.activiti.engine.impl.db.DbSqlSession  - now executing flush...
10:47:56,662 [Thread-112] DEBUG org.activiti.engine.impl.cfg.standalone.StandaloneMybatisTransactionContext  - firing event committing...
10:47:56,662 [Thread-112] DEBUG org.activiti.engine.impl.cfg.standalone.StandaloneMybatisTransactionContext  - committing the ibatis sql session...
10:47:56,662 [Thread-112] DEBUG org.activiti.engine.impl.cfg.standalone.StandaloneMybatisTransactionContext  - firing event committed...
10:47:56,662 [Thread-112] DEBUG org.apache.ibatis.transaction.jdbc.JdbcTransaction  - Resetting autocommit to true on JDBC Connection [conn70: url=jdbc:h2:mem:activiti-AsyncExecutorTest user=SA]
10:47:56,662 [Thread-112] DEBUG org.apache.ibatis.transaction.jdbc.JdbcTransaction  - Closing JDBC Connection [conn70: url=jdbc:h2:mem:activiti-AsyncExecutorTest user=SA]
10:47:56,662 [Thread-112] DEBUG org.apache.ibatis.datasource.pooled.PooledDataSource  - Returned connection 604408605 to pool.
10:47:56,662 [Thread-112] DEBUG org.activiti.engine.impl.interceptor.LogInterceptor  - --- AcquireAsyncJobsDueCmd finished --------------------------------------------------------
10:47:56,662 [Thread-112] DEBUG org.activiti.engine.impl.interceptor.LogInterceptor  - 

10:47:56,662 [Thread-112] DEBUG org.activiti.engine.impl.asyncexecutor.AcquireAsyncJobsDueRunnable  - async job acquisition thread sleeping for 50 millis
10:47:56,677 [Thread-106] DEBUG org.activiti.engine.impl.asyncexecutor.AcquireAsyncJobsDueRunnable  - async job acquisition thread woke up
10:47:56,677 [Thread-106] DEBUG org.activiti.engine.impl.interceptor.LogInterceptor  - 

10:47:56,677 [Thread-106] DEBUG org.activiti.engine.impl.interceptor.LogInterceptor  - --- starting AcquireAsyncJobsDueCmd --------------------------------------------------------
10:47:56,677 [Thread-106] DEBUG org.apache.ibatis.transaction.jdbc.JdbcTransaction  - Opening JDBC Connection
10:47:56,677 [Thread-103] DEBUG org.activiti.engine.impl.asyncexecutor.AcquireAsyncJobsDueRunnable  - async job acquisition thread woke up
10:47:56,677 [Thread-103] DEBUG org.activiti.engine.impl.interceptor.LogInterceptor  - 

10:47:56,677 [Thread-103] DEBUG org.activiti.engine.impl.interceptor.LogInterceptor  - --- starting AcquireAsyncJobsDueCmd --------------------------------------------------------
10:47:56,677 [Thread-105] DEBUG org.activiti.engine.impl.asyncexecutor.AcquireTimerJobsRunnable  - timer job acquisition thread woke up
10:47:56,677 [Thread-105] DEBUG org.activiti.engine.impl.interceptor.LogInterceptor  - 

10:47:56,677 [Thread-105] DEBUG org.activiti.engine.impl.interceptor.LogInterceptor  - --- starting AcquireTimerJobsCmd --------------------------------------------------------
10:47:56,677 [Thread-105] DEBUG org.apache.ibatis.transaction.jdbc.JdbcTransaction  - Opening JDBC Connection
10:47:56,677 [Thread-111] DEBUG org.activiti.engine.impl.asyncexecutor.AcquireTimerJobsRunnable  - timer job acquisition thread woke up
10:47:56,677 [Thread-111] DEBUG org.activiti.engine.impl.interceptor.LogInterceptor  - 

10:47:56,677 [Thread-111] DEBUG org.activiti.engine.impl.interceptor.LogInterceptor  - --- starting AcquireTimerJobsCmd --------------------------------------------------------
10:47:56,677 [Thread-111] DEBUG org.apache.ibatis.transaction.jdbc.JdbcTransaction  - Opening JDBC Connection
10:47:56,677 [Thread-111] DEBUG org.apache.ibatis.datasource.pooled.PooledDataSource  - Checked out connection 58501658 from pool.
10:47:56,677 [Thread-111] DEBUG org.apache.ibatis.transaction.jdbc.JdbcTransaction  - Setting autocommit to false on JDBC Connection [conn68: url=jdbc:h2:mem:activiti-AsyncExecutorTest user=SA]
10:47:56,677 [Thread-111] DEBUG org.activiti.engine.impl.persistence.entity.JobEntity.selectNextTimerJobsToExecute  - ==&gt;  Preparing: select RES.* from ACT_RU_JOB RES LEFT OUTER JOIN ACT_RU_EXECUTION PI ON PI.ID_ = RES.PROCESS_INSTANCE_ID_ where (RES.RETRIES_ &gt; 0) and (RES.DUEDATE_ is null or RES.DUEDATE_ &lt;= ?) and (RES.LOCK_OWNER_ is null or RES.LOCK_EXP_TIME_ &lt;= ?) and TYPE_ = &apos;timer&apos; and ( (RES.EXECUTION_ID_ is null) or (PI.SUSPENSION_STATE_ = 1) ) LIMIT ? OFFSET ? 
10:47:56,677 [Thread-102] DEBUG org.activiti.engine.impl.asyncexecutor.AcquireTimerJobsRunnable  - timer job acquisition thread woke up
10:47:56,677 [Thread-102] DEBUG org.activiti.engine.impl.interceptor.LogInterceptor  - 

10:47:56,677 [Thread-102] DEBUG org.activiti.engine.impl.interceptor.LogInterceptor  - --- starting AcquireTimerJobsCmd --------------------------------------------------------
10:47:56,677 [Thread-102] DEBUG org.apache.ibatis.transaction.jdbc.JdbcTransaction  - Opening JDBC Connection
10:47:56,677 [Thread-111] DEBUG org.activiti.engine.impl.persistence.entity.JobEntity.selectNextTimerJobsToExecute  - ==&gt; Parameters: 2023-03-20 10:48:50.669(Timestamp), 2023-03-20 10:48:50.669(Timestamp), 1(Integer), 0(Integer)
10:47:56,678 [Thread-111] DEBUG org.activiti.engine.impl.persistence.entity.JobEntity.selectNextTimerJobsToExecute  - &lt;==      Total: 0
10:47:56,678 [Thread-111] DEBUG org.activiti.engine.impl.db.DbSqlSession  - flush summary: 0 insert, 0 update, 0 delete.
10:47:56,678 [Thread-111] DEBUG org.activiti.engine.impl.db.DbSqlSession  - now executing flush...
10:47:56,678 [Thread-111] DEBUG org.activiti.engine.impl.cfg.standalone.StandaloneMybatisTransactionContext  - firing event committing...
10:47:56,678 [Thread-111] DEBUG org.activiti.engine.impl.cfg.standalone.StandaloneMybatisTransactionContext  - committing the ibatis sql session...
10:47:56,678 [Thread-111] DEBUG org.activiti.engine.impl.cfg.standalone.StandaloneMybatisTransactionContext  - firing event committed...
10:47:56,678 [Thread-111] DEBUG org.apache.ibatis.transaction.jdbc.JdbcTransaction  - Resetting autocommit to true on JDBC Connection [conn68: url=jdbc:h2:mem:activiti-AsyncExecutorTest user=SA]
10:47:56,678 [Thread-111] DEBUG org.apache.ibatis.transaction.jdbc.JdbcTransaction  - Closing JDBC Connection [conn68: url=jdbc:h2:mem:activiti-AsyncExecutorTest user=SA]
10:47:56,677 [Thread-103] DEBUG org.apache.ibatis.transaction.jdbc.JdbcTransaction  - Opening JDBC Connection
10:47:56,677 [Thread-106] DEBUG org.apache.ibatis.datasource.pooled.PooledDataSource  - Checked out connection 54468349 from pool.
10:47:56,678 [Thread-106] DEBUG org.apache.ibatis.transaction.jdbc.JdbcTransaction  - Setting autocommit to false on JDBC Connection [conn64: url=jdbc:h2:mem:activiti-AsyncExecutorTest user=SA]
10:47:56,678 [Thread-106] DEBUG org.activiti.engine.impl.persistence.entity.JobEntity.selectAsyncJobsDueToExecute  - ==&gt;  Preparing: select RES.* from ACT_RU_JOB RES LEFT OUTER JOIN ACT_RU_EXECUTION PI ON PI.ID_ = RES.PROCESS_INSTANCE_ID_ where RES.RETRIES_ &gt; 0 and RES.DUEDATE_ is not null and RES.DUEDATE_ &lt;= ? and (RES.LOCK_EXP_TIME_ is null or RES.LOCK_EXP_TIME_ &lt;= ?) and TYPE_ = &apos;message&apos; and ( (RES.EXECUTION_ID_ is null) or (PI.SUSPENSION_STATE_ = 1) ) LIMIT ? OFFSET ? 
10:47:56,678 [Thread-111] DEBUG org.apache.ibatis.datasource.pooled.PooledDataSource  - Returned connection 58501658 to pool.
10:47:56,678 [Thread-111] DEBUG org.activiti.engine.impl.interceptor.LogInterceptor  - --- AcquireTimerJobsCmd finished --------------------------------------------------------
10:47:56,678 [Thread-111] DEBUG org.activiti.engine.impl.interceptor.LogInterceptor  - 

10:47:56,678 [Thread-111] DEBUG org.activiti.engine.impl.asyncexecutor.AcquireTimerJobsRunnable  - timer job acquisition thread sleeping for 50 millis
10:47:56,677 [Thread-102] DEBUG org.apache.ibatis.datasource.pooled.PooledDataSource  - Checked out connection 720039383 from pool.
10:47:56,678 [Thread-102] DEBUG org.apache.ibatis.transaction.jdbc.JdbcTransaction  - Setting autocommit to false on JDBC Connection [conn59: url=jdbc:h2:mem:activiti-AsyncExecutorTest user=SA]
10:47:56,678 [Thread-102] DEBUG org.activiti.engine.impl.persistence.entity.JobEntity.selectNextTimerJobsToExecute  - ==&gt;  Preparing: select RES.* from ACT_RU_JOB RES LEFT OUTER JOIN ACT_RU_EXECUTION PI ON PI.ID_ = RES.PROCESS_INSTANCE_ID_ where (RES.RETRIES_ &gt; 0) and (RES.DUEDATE_ is null or RES.DUEDATE_ &lt;= ?) and (RES.LOCK_OWNER_ is null or RES.LOCK_EXP_TIME_ &lt;= ?) and TYPE_ = &apos;timer&apos; and ( (RES.EXECUTION_ID_ is null) or (PI.SUSPENSION_STATE_ = 1) ) LIMIT ? OFFSET ? 
10:47:56,678 [Thread-105] DEBUG org.apache.ibatis.datasource.pooled.PooledDataSource  - Checked out connection 996762054 from pool.
10:47:56,678 [Thread-105] DEBUG org.apache.ibatis.transaction.jdbc.JdbcTransaction  - Setting autocommit to false on JDBC Connection [conn65: url=jdbc:h2:mem:activiti-AsyncExecutorTest user=SA]
10:47:56,678 [Thread-105] DEBUG org.activiti.engine.impl.persistence.entity.JobEntity.selectNextTimerJobsToExecute  - ==&gt;  Preparing: select RES.* from ACT_RU_JOB RES LEFT OUTER JOIN ACT_RU_EXECUTION PI ON PI.ID_ = RES.PROCESS_INSTANCE_ID_ where (RES.RETRIES_ &gt; 0) and (RES.DUEDATE_ is null or RES.DUEDATE_ &lt;= ?) and (RES.LOCK_OWNER_ is null or RES.LOCK_EXP_TIME_ &lt;= ?) and TYPE_ = &apos;timer&apos; and ( (RES.EXECUTION_ID_ is null) or (PI.SUSPENSION_STATE_ = 1) ) LIMIT ? OFFSET ? 
10:47:56,678 [Thread-106] DEBUG org.activiti.engine.impl.persistence.entity.JobEntity.selectAsyncJobsDueToExecute  - ==&gt; Parameters: 2023-03-20 10:48:50.669(Timestamp), 2023-03-20 10:48:50.669(Timestamp), 1(Integer), 0(Integer)
10:47:56,678 [Thread-106] DEBUG org.activiti.engine.impl.persistence.entity.JobEntity.selectAsyncJobsDueToExecute  - &lt;==      Total: 0
10:47:56,678 [Thread-106] DEBUG org.activiti.engine.impl.db.DbSqlSession  - flush summary: 0 insert, 0 update, 0 delete.
10:47:56,678 [Thread-106] DEBUG org.activiti.engine.impl.db.DbSqlSession  - now executing flush...
10:47:56,678 [Thread-106] DEBUG org.activiti.engine.impl.cfg.standalone.StandaloneMybatisTransactionContext  - firing event committing...
10:47:56,678 [Thread-106] DEBUG org.activiti.engine.impl.cfg.standalone.StandaloneMybatisTransactionContext  - committing the ibatis sql session...
10:47:56,678 [Thread-106] DEBUG org.activiti.engine.impl.cfg.standalone.StandaloneMybatisTransactionContext  - firing event committed...
10:47:56,678 [Thread-106] DEBUG org.apache.ibatis.transaction.jdbc.JdbcTransaction  - Resetting autocommit to true on JDBC Connection [conn64: url=jdbc:h2:mem:activiti-AsyncExecutorTest user=SA]
10:47:56,678 [Thread-106] DEBUG org.apache.ibatis.transaction.jdbc.JdbcTransaction  - Closing JDBC Connection [conn64: url=jdbc:h2:mem:activiti-AsyncExecutorTest user=SA]
10:47:56,678 [Thread-106] DEBUG org.apache.ibatis.datasource.pooled.PooledDataSource  - Returned connection 54468349 to pool.
10:47:56,678 [Thread-106] DEBUG org.activiti.engine.impl.interceptor.LogInterceptor  - --- AcquireAsyncJobsDueCmd finished --------------------------------------------------------
10:47:56,678 [Thread-106] DEBUG org.activiti.engine.impl.interceptor.LogInterceptor  - 

10:47:56,679 [Thread-106] DEBUG org.activiti.engine.impl.asyncexecutor.AcquireAsyncJobsDueRunnable  - async job acquisition thread sleeping for 50 millis
10:47:56,678 [Thread-105] DEBUG org.activiti.engine.impl.persistence.entity.JobEntity.selectNextTimerJobsToExecute  - ==&gt; Parameters: 2023-03-20 10:48:50.669(Timestamp), 2023-03-20 10:48:50.669(Timestamp), 1(Integer), 0(Integer)
10:47:56,679 [Thread-105] DEBUG org.activiti.engine.impl.persistence.entity.JobEntity.selectNextTimerJobsToExecute  - &lt;==      Total: 0
10:47:56,679 [Thread-105] DEBUG org.activiti.engine.impl.db.DbSqlSession  - flush summary: 0 insert, 0 update, 0 delete.
10:47:56,679 [Thread-105] DEBUG org.activiti.engine.impl.db.DbSqlSession  - now executing flush...
10:47:56,679 [Thread-105] DEBUG org.activiti.engine.impl.cfg.standalone.StandaloneMybatisTransactionContext  - firing event committing...
10:47:56,679 [Thread-105] DEBUG org.activiti.engine.impl.cfg.standalone.StandaloneMybatisTransactionContext  - committing the ibatis sql session...
10:47:56,679 [Thread-105] DEBUG org.activiti.engine.impl.cfg.standalone.StandaloneMybatisTransactionContext  - firing event committed...
10:47:56,679 [Thread-105] DEBUG org.apache.ibatis.transaction.jdbc.JdbcTransaction  - Resetting autocommit to true on JDBC Connection [conn65: url=jdbc:h2:mem:activiti-AsyncExecutorTest user=SA]
10:47:56,679 [Thread-105] DEBUG org.apache.ibatis.transaction.jdbc.JdbcTransaction  - Closing JDBC Connection [conn65: url=jdbc:h2:mem:activiti-AsyncExecutorTest user=SA]
10:47:56,679 [Thread-105] DEBUG org.apache.ibatis.datasource.pooled.PooledDataSource  - Returned connection 996762054 to pool.
10:47:56,679 [Thread-105] DEBUG org.activiti.engine.impl.interceptor.LogInterceptor  - --- AcquireTimerJobsCmd finished --------------------------------------------------------
10:47:56,678 [Thread-102] DEBUG org.activiti.engine.impl.persistence.entity.JobEntity.selectNextTimerJobsToExecute  - ==&gt; Parameters: 2023-03-20 10:48:50.669(Timestamp), 2023-03-20 10:48:50.669(Timestamp), 1(Integer), 0(Integer)
10:47:56,679 [Thread-102] DEBUG org.activiti.engine.impl.persistence.entity.JobEntity.selectNextTimerJobsToExecute  - &lt;==      Total: 0
10:47:56,679 [Thread-102] DEBUG org.activiti.engine.impl.db.DbSqlSession  - flush summary: 0 insert, 0 update, 0 delete.
10:47:56,679 [Thread-102] DEBUG org.activiti.engine.impl.db.DbSqlSession  - now executing flush...
10:47:56,679 [Thread-102] DEBUG org.activiti.engine.impl.cfg.standalone.StandaloneMybatisTransactionContext  - firing event committing...
10:47:56,679 [Thread-102] DEBUG org.activiti.engine.impl.cfg.standalone.StandaloneMybatisTransactionContext  - committing the ibatis sql session...
10:47:56,679 [Thread-102] DEBUG org.activiti.engine.impl.cfg.standalone.StandaloneMybatisTransactionContext  - firing event committed...
10:47:56,679 [Thread-102] DEBUG org.apache.ibatis.transaction.jdbc.JdbcTransaction  - Resetting autocommit to true on JDBC Connection [conn59: url=jdbc:h2:mem:activiti-AsyncExecutorTest user=SA]
10:47:56,678 [Thread-103] DEBUG org.apache.ibatis.datasource.pooled.PooledDataSource  - Checked out connection 157985567 from pool.
10:47:56,679 [Thread-103] DEBUG org.apache.ibatis.transaction.jdbc.JdbcTransaction  - Setting autocommit to false on JDBC Connection [conn61: url=jdbc:h2:mem:activiti-AsyncExecutorTest user=SA]
10:47:56,679 [Thread-103] DEBUG org.activiti.engine.impl.persistence.entity.JobEntity.selectAsyncJobsDueToExecute  - ==&gt;  Preparing: select RES.* from ACT_RU_JOB RES LEFT OUTER JOIN ACT_RU_EXECUTION PI ON PI.ID_ = RES.PROCESS_INSTANCE_ID_ where RES.RETRIES_ &gt; 0 and RES.DUEDATE_ is not null and RES.DUEDATE_ &lt;= ? and (RES.LOCK_EXP_TIME_ is null or RES.LOCK_EXP_TIME_ &lt;= ?) and TYPE_ = &apos;message&apos; and ( (RES.EXECUTION_ID_ is null) or (PI.SUSPENSION_STATE_ = 1) ) LIMIT ? OFFSET ? 
10:47:56,679 [Thread-102] DEBUG org.apache.ibatis.transaction.jdbc.JdbcTransaction  - Closing JDBC Connection [conn59: url=jdbc:h2:mem:activiti-AsyncExecutorTest user=SA]
10:47:56,679 [Thread-102] DEBUG org.apache.ibatis.datasource.pooled.PooledDataSource  - Returned connection 720039383 to pool.
10:47:56,679 [Thread-102] DEBUG org.activiti.engine.impl.interceptor.LogInterceptor  - --- AcquireTimerJobsCmd finished --------------------------------------------------------
10:47:56,679 [Thread-102] DEBUG org.activiti.engine.impl.interceptor.LogInterceptor  - 

10:47:56,679 [Thread-105] DEBUG org.activiti.engine.impl.interceptor.LogInterceptor  - 

10:47:56,679 [Thread-105] DEBUG org.activiti.engine.impl.asyncexecutor.AcquireTimerJobsRunnable  - timer job acquisition thread sleeping for 50 millis
10:47:56,679 [Thread-102] DEBUG org.activiti.engine.impl.asyncexecutor.AcquireTimerJobsRunnable  - timer job acquisition thread sleeping for 50 millis
10:47:56,679 [Thread-103] DEBUG org.activiti.engine.impl.persistence.entity.JobEntity.selectAsyncJobsDueToExecute  - ==&gt; Parameters: 2023-03-20 10:48:50.669(Timestamp), 2023-03-20 10:48:50.669(Timestamp), 1(Integer), 0(Integer)
10:47:56,679 [Thread-103] DEBUG org.activiti.engine.impl.persistence.entity.JobEntity.selectAsyncJobsDueToExecute  - &lt;==      Total: 0
10:47:56,679 [Thread-103] DEBUG org.activiti.engine.impl.db.DbSqlSession  - flush summary: 0 insert, 0 update, 0 delete.
10:47:56,679 [Thread-103] DEBUG org.activiti.engine.impl.db.DbSqlSession  - now executing flush...
10:47:56,680 [Thread-103] DEBUG org.activiti.engine.impl.cfg.standalone.StandaloneMybatisTransactionContext  - firing event committing...
10:47:56,680 [Thread-103] DEBUG org.activiti.engine.impl.cfg.standalone.StandaloneMybatisTransactionContext  - committing the ibatis sql session...
10:47:56,680 [Thread-103] DEBUG org.activiti.engine.impl.cfg.standalone.StandaloneMybatisTransactionContext  - firing event committed...
10:47:56,680 [Thread-103] DEBUG org.apache.ibatis.transaction.jdbc.JdbcTransaction  - Resetting autocommit to true on JDBC Connection [conn61: url=jdbc:h2:mem:activiti-AsyncExecutorTest user=SA]
10:47:56,680 [Thread-103] DEBUG org.apache.ibatis.transaction.jdbc.JdbcTransaction  - Closing JDBC Connection [conn61: url=jdbc:h2:mem:activiti-AsyncExecutorTest user=SA]
10:47:56,680 [Thread-103] DEBUG org.apache.ibatis.datasource.pooled.PooledDataSource  - Returned connection 157985567 to pool.
10:47:56,680 [Thread-103] DEBUG org.activiti.engine.impl.interceptor.LogInterceptor  - --- AcquireAsyncJobsDueCmd finished --------------------------------------------------------
10:47:56,680 [Thread-103] DEBUG org.activiti.engine.impl.interceptor.LogInterceptor  - 

10:47:56,680 [Thread-103] DEBUG org.activiti.engine.impl.asyncexecutor.AcquireAsyncJobsDueRunnable  - async job acquisition thread sleeping for 50 millis
10:47:56,723 [Thread-112] DEBUG org.activiti.engine.impl.asyncexecutor.AcquireAsyncJobsDueRunnable  - async job acquisition thread woke up
10:47:56,723 [Thread-112] DEBUG org.activiti.engine.impl.interceptor.LogInterceptor  - 

10:47:56,723 [Thread-118] DEBUG org.activiti.engine.impl.asyncexecutor.AcquireAsyncJobsDueRunnable  - async job acquisition thread woke up
10:47:56,723 [Thread-118] DEBUG org.activiti.engine.impl.interceptor.LogInterceptor  - 

10:47:56,723 [Thread-118] DEBUG org.activiti.engine.impl.interceptor.LogInterceptor  - --- starting AcquireAsyncJobsDueCmd --------------------------------------------------------
10:47:56,723 [Thread-112] DEBUG org.activiti.engine.impl.interceptor.LogInterceptor  - --- starting AcquireAsyncJobsDueCmd --------------------------------------------------------
10:47:56,723 [Thread-112] DEBUG org.apache.ibatis.transaction.jdbc.JdbcTransaction  - Opening JDBC Connection
10:47:56,723 [Thread-118] DEBUG org.apache.ibatis.transaction.jdbc.JdbcTransaction  - Opening JDBC Connection
10:47:56,723 [Thread-118] DEBUG org.apache.ibatis.datasource.pooled.PooledDataSource  - Checked out connection 363509958 from pool.
10:47:56,723 [Thread-112] DEBUG org.apache.ibatis.datasource.pooled.PooledDataSource  - Checked out connection 1863805930 from pool.
10:47:56,723 [Thread-112] DEBUG org.apache.ibatis.transaction.jdbc.JdbcTransaction  - Setting autocommit to false on JDBC Connection [conn69: url=jdbc:h2:mem:activiti-AsyncExecutorTest user=SA]
10:47:56,723 [Thread-112] DEBUG org.activiti.engine.impl.persistence.entity.JobEntity.selectAsyncJobsDueToExecute  - ==&gt;  Preparing: select RES.* from ACT_RU_JOB RES LEFT OUTER JOIN ACT_RU_EXECUTION PI ON PI.ID_ = RES.PROCESS_INSTANCE_ID_ where RES.RETRIES_ &gt; 0 and RES.DUEDATE_ is not null and RES.DUEDATE_ &lt;= ? and (RES.LOCK_EXP_TIME_ is null or RES.LOCK_EXP_TIME_ &lt;= ?) and TYPE_ = &apos;message&apos; and ( (RES.EXECUTION_ID_ is null) or (PI.SUSPENSION_STATE_ = 1) ) LIMIT ? OFFSET ? 
10:47:56,723 [Thread-112] DEBUG org.activiti.engine.impl.persistence.entity.JobEntity.selectAsyncJobsDueToExecute  - ==&gt; Parameters: 2023-03-20 10:48:50.669(Timestamp), 2023-03-20 10:48:50.669(Timestamp), 1(Integer), 0(Integer)
10:47:56,723 [Thread-112] DEBUG org.activiti.engine.impl.persistence.entity.JobEntity.selectAsyncJobsDueToExecute  - &lt;==      Total: 0
10:47:56,723 [Thread-118] DEBUG org.apache.ibatis.transaction.jdbc.JdbcTransaction  - Setting autocommit to false on JDBC Connection [conn2: url=jdbc:h2:mem:activiti user=SA]
10:47:56,723 [Thread-112] DEBUG org.activiti.engine.impl.db.DbSqlSession  - flush summary: 0 insert, 0 update, 0 delete.
10:47:56,723 [Thread-112] DEBUG org.activiti.engine.impl.db.DbSqlSession  - now executing flush...
10:47:56,724 [Thread-112] DEBUG org.activiti.engine.impl.cfg.standalone.StandaloneMybatisTransactionContext  - firing event committing...
10:47:56,724 [Thread-112] DEBUG org.activiti.engine.impl.cfg.standalone.StandaloneMybatisTransactionContext  - committing the ibatis sql session...
10:47:56,724 [Thread-112] DEBUG org.activiti.engine.impl.cfg.standalone.StandaloneMybatisTransactionContext  - firing event committed...
10:47:56,724 [Thread-112] DEBUG org.apache.ibatis.transaction.jdbc.JdbcTransaction  - Resetting autocommit to true on JDBC Connection [conn69: url=jdbc:h2:mem:activiti-AsyncExecutorTest user=SA]
10:47:56,723 [Thread-118] DEBUG org.activiti.engine.impl.persistence.entity.JobEntity.selectAsyncJobsDueToExecute  - ==&gt;  Preparing: select RES.* from ACT_RU_JOB RES LEFT OUTER JOIN ACT_RU_EXECUTION PI ON PI.ID_ = RES.PROCESS_INSTANCE_ID_ where RES.RETRIES_ &gt; 0 and RES.DUEDATE_ is not null and RES.DUEDATE_ &lt;= ? and (RES.LOCK_EXP_TIME_ is null or RES.LOCK_EXP_TIME_ &lt;= ?) and TYPE_ = &apos;message&apos; and ( (RES.EXECUTION_ID_ is null) or (PI.SUSPENSION_STATE_ = 1) ) LIMIT ? OFFSET ? 
10:47:56,724 [Thread-112] DEBUG org.apache.ibatis.transaction.jdbc.JdbcTransaction  - Closing JDBC Connection [conn69: url=jdbc:h2:mem:activiti-AsyncExecutorTest user=SA]
10:47:56,724 [Thread-112] DEBUG org.apache.ibatis.datasource.pooled.PooledDataSource  - Returned connection 1863805930 to pool.
10:47:56,724 [Thread-112] DEBUG org.activiti.engine.impl.interceptor.LogInterceptor  - --- AcquireAsyncJobsDueCmd finished --------------------------------------------------------
10:47:56,724 [Thread-112] DEBUG org.activiti.engine.impl.interceptor.LogInterceptor  - 

10:47:56,724 [Thread-112] DEBUG org.activiti.engine.impl.asyncexecutor.AcquireAsyncJobsDueRunnable  - async job acquisition thread sleeping for 50 millis
10:47:56,724 [Thread-118] DEBUG org.activiti.engine.impl.persistence.entity.JobEntity.selectAsyncJobsDueToExecute  - ==&gt; Parameters: 2023-03-20 10:48:50.669(Timestamp), 2023-03-20 10:48:50.669(Timestamp), 1(Integer), 0(Integer)
10:47:56,724 [Thread-118] DEBUG org.activiti.engine.impl.persistence.entity.JobEntity.selectAsyncJobsDueToExecute  - &lt;==      Total: 0
10:47:56,724 [Thread-118] DEBUG org.activiti.engine.impl.db.DbSqlSession  - flush summary: 0 insert, 0 update, 0 delete.
10:47:56,724 [Thread-118] DEBUG org.activiti.engine.impl.db.DbSqlSession  - now executing flush...
10:47:56,724 [Thread-118] DEBUG org.activiti.engine.impl.cfg.standalone.StandaloneMybatisTransactionContext  - firing event committing...
10:47:56,724 [Thread-118] DEBUG org.activiti.engine.impl.cfg.standalone.StandaloneMybatisTransactionContext  - committing the ibatis sql session...
10:47:56,724 [Thread-118] DEBUG org.activiti.engine.impl.cfg.standalone.StandaloneMybatisTransactionContext  - firing event committed...
10:47:56,724 [Thread-118] DEBUG org.apache.ibatis.transaction.jdbc.JdbcTransaction  - Resetting autocommit to true on JDBC Connection [conn2: url=jdbc:h2:mem:activiti user=SA]
10:47:56,724 [Thread-118] DEBUG org.apache.ibatis.transaction.jdbc.JdbcTransaction  - Closing JDBC Connection [conn2: url=jdbc:h2:mem:activiti user=SA]
10:47:56,724 [Thread-118] DEBUG org.apache.ibatis.datasource.pooled.PooledDataSource  - Returned connection 363509958 to pool.
10:47:56,724 [Thread-118] DEBUG org.activiti.engine.impl.interceptor.LogInterceptor  - --- AcquireAsyncJobsDueCmd finished --------------------------------------------------------
10:47:56,724 [Thread-118] DEBUG org.activiti.engine.impl.interceptor.LogInterceptor  - 

10:47:56,724 [Thread-118] DEBUG org.activiti.engine.impl.asyncexecutor.AcquireAsyncJobsDueRunnable  - async job acquisition thread sleeping for 1000 millis
10:47:56,739 [Thread-106] DEBUG org.activiti.engine.impl.asyncexecutor.AcquireAsyncJobsDueRunnable  - async job acquisition thread woke up
10:47:56,739 [Thread-105] DEBUG org.activiti.engine.impl.asyncexecutor.AcquireTimerJobsRunnable  - timer job acquisition thread woke up
10:47:56,739 [Thread-105] DEBUG org.activiti.engine.impl.interceptor.LogInterceptor  - 

10:47:56,739 [Thread-105] DEBUG org.activiti.engine.impl.interceptor.LogInterceptor  - --- starting AcquireTimerJobsCmd --------------------------------------------------------
10:47:56,739 [Thread-105] DEBUG org.apache.ibatis.transaction.jdbc.JdbcTransaction  - Opening JDBC Connection
10:47:56,739 [Thread-105] DEBUG org.apache.ibatis.datasource.pooled.PooledDataSource  - Checked out connection 1970103261 from pool.
10:47:56,739 [Thread-102] DEBUG org.activiti.engine.impl.asyncexecutor.AcquireTimerJobsRunnable  - timer job acquisition thread woke up
10:47:56,739 [Thread-102] DEBUG org.activiti.engine.impl.interceptor.LogInterceptor  - 

10:47:56,739 [Thread-102] DEBUG org.activiti.engine.impl.interceptor.LogInterceptor  - --- starting AcquireTimerJobsCmd --------------------------------------------------------
10:47:56,739 [Thread-102] DEBUG org.apache.ibatis.transaction.jdbc.JdbcTransaction  - Opening JDBC Connection
10:47:56,739 [Thread-102] DEBUG org.apache.ibatis.datasource.pooled.PooledDataSource  - Checked out connection 33534803 from pool.
10:47:56,739 [Thread-102] DEBUG org.apache.ibatis.transaction.jdbc.JdbcTransaction  - Setting autocommit to false on JDBC Connection [conn60: url=jdbc:h2:mem:activiti-AsyncExecutorTest user=SA]
10:47:56,739 [Thread-102] DEBUG org.activiti.engine.impl.persistence.entity.JobEntity.selectNextTimerJobsToExecute  - ==&gt;  Preparing: select RES.* from ACT_RU_JOB RES LEFT OUTER JOIN ACT_RU_EXECUTION PI ON PI.ID_ = RES.PROCESS_INSTANCE_ID_ where (RES.RETRIES_ &gt; 0) and (RES.DUEDATE_ is null or RES.DUEDATE_ &lt;= ?) and (RES.LOCK_OWNER_ is null or RES.LOCK_EXP_TIME_ &lt;= ?) and TYPE_ = &apos;timer&apos; and ( (RES.EXECUTION_ID_ is null) or (PI.SUSPENSION_STATE_ = 1) ) LIMIT ? OFFSET ? 
10:47:56,739 [Thread-111] DEBUG org.activiti.engine.impl.asyncexecutor.AcquireTimerJobsRunnable  - timer job acquisition thread woke up
10:47:56,739 [Thread-111] DEBUG org.activiti.engine.impl.interceptor.LogInterceptor  - 

10:47:56,739 [Thread-111] DEBUG org.activiti.engine.impl.interceptor.LogInterceptor  - --- starting AcquireTimerJobsCmd --------------------------------------------------------
10:47:56,739 [Thread-111] DEBUG org.apache.ibatis.transaction.jdbc.JdbcTransaction  - Opening JDBC Connection
10:47:56,739 [Thread-111] DEBUG org.apache.ibatis.datasource.pooled.PooledDataSource  - Checked out connection 604408605 from pool.
10:47:56,739 [Thread-103] DEBUG org.activiti.engine.impl.asyncexecutor.AcquireAsyncJobsDueRunnable  - async job acquisition thread woke up
10:47:56,740 [Thread-103] DEBUG org.activiti.engine.impl.interceptor.LogInterceptor  - 

10:47:56,740 [Thread-103] DEBUG org.activiti.engine.impl.interceptor.LogInterceptor  - --- starting AcquireAsyncJobsDueCmd --------------------------------------------------------
10:47:56,740 [Thread-103] DEBUG org.apache.ibatis.transaction.jdbc.JdbcTransaction  - Opening JDBC Connection
10:47:56,740 [Thread-103] DEBUG org.apache.ibatis.datasource.pooled.PooledDataSource  - Checked out connection 720039383 from pool.
10:47:56,740 [Thread-103] DEBUG org.apache.ibatis.transaction.jdbc.JdbcTransaction  - Setting autocommit to false on JDBC Connection [conn59: url=jdbc:h2:mem:activiti-AsyncExecutorTest user=SA]
10:47:56,740 [Thread-103] DEBUG org.activiti.engine.impl.persistence.entity.JobEntity.selectAsyncJobsDueToExecute  - ==&gt;  Preparing: select RES.* from ACT_RU_JOB RES LEFT OUTER JOIN ACT_RU_EXECUTION PI ON PI.ID_ = RES.PROCESS_INSTANCE_ID_ where RES.RETRIES_ &gt; 0 and RES.DUEDATE_ is not null and RES.DUEDATE_ &lt;= ? and (RES.LOCK_EXP_TIME_ is null or RES.LOCK_EXP_TIME_ &lt;= ?) and TYPE_ = &apos;message&apos; and ( (RES.EXECUTION_ID_ is null) or (PI.SUSPENSION_STATE_ = 1) ) LIMIT ? OFFSET ? 
10:47:56,739 [Thread-117] DEBUG org.activiti.engine.impl.asyncexecutor.AcquireTimerJobsRunnable  - timer job acquisition thread woke up
10:47:56,740 [Thread-117] DEBUG org.activiti.engine.impl.interceptor.LogInterceptor  - 

10:47:56,740 [Thread-117] DEBUG org.activiti.engine.impl.interceptor.LogInterceptor  - --- starting AcquireTimerJobsCmd --------------------------------------------------------
10:47:56,740 [Thread-117] DEBUG org.apache.ibatis.transaction.jdbc.JdbcTransaction  - Opening JDBC Connection
10:47:56,740 [Thread-117] DEBUG org.apache.ibatis.datasource.pooled.PooledDataSource  - Checked out connection 180014677 from pool.
10:47:56,740 [Thread-117] DEBUG org.apache.ibatis.transaction.jdbc.JdbcTransaction  - Setting autocommit to false on JDBC Connection [conn3: url=jdbc:h2:mem:activiti user=SA]
10:47:56,740 [Thread-117] DEBUG org.activiti.engine.impl.persistence.entity.JobEntity.selectNextTimerJobsToExecute  - ==&gt;  Preparing: select RES.* from ACT_RU_JOB RES LEFT OUTER JOIN ACT_RU_EXECUTION PI ON PI.ID_ = RES.PROCESS_INSTANCE_ID_ where (RES.RETRIES_ &gt; 0) and (RES.DUEDATE_ is null or RES.DUEDATE_ &lt;= ?) and (RES.LOCK_OWNER_ is null or RES.LOCK_EXP_TIME_ &lt;= ?) and TYPE_ = &apos;timer&apos; and ( (RES.EXECUTION_ID_ is null) or (PI.SUSPENSION_STATE_ = 1) ) LIMIT ? OFFSET ? 
10:47:56,740 [Thread-103] DEBUG org.activiti.engine.impl.persistence.entity.JobEntity.selectAsyncJobsDueToExecute  - ==&gt; Parameters: 2023-03-20 10:48:50.669(Timestamp), 2023-03-20 10:48:50.669(Timestamp), 1(Integer), 0(Integer)
10:47:56,739 [Thread-111] DEBUG org.apache.ibatis.transaction.jdbc.JdbcTransaction  - Setting autocommit to false on JDBC Connection [conn70: url=jdbc:h2:mem:activiti-AsyncExecutorTest user=SA]
10:47:56,740 [Thread-111] DEBUG org.activiti.engine.impl.persistence.entity.JobEntity.selectNextTimerJobsToExecute  - ==&gt;  Preparing: select RES.* from ACT_RU_JOB RES LEFT OUTER JOIN ACT_RU_EXECUTION PI ON PI.ID_ = RES.PROCESS_INSTANCE_ID_ where (RES.RETRIES_ &gt; 0) and (RES.DUEDATE_ is null or RES.DUEDATE_ &lt;= ?) and (RES.LOCK_OWNER_ is null or RES.LOCK_EXP_TIME_ &lt;= ?) and TYPE_ = &apos;timer&apos; and ( (RES.EXECUTION_ID_ is null) or (PI.SUSPENSION_STATE_ = 1) ) LIMIT ? OFFSET ? 
10:47:56,740 [Thread-111] DEBUG org.activiti.engine.impl.persistence.entity.JobEntity.selectNextTimerJobsToExecute  - ==&gt; Parameters: 2023-03-20 10:48:50.669(Timestamp), 2023-03-20 10:48:50.669(Timestamp), 1(Integer), 0(Integer)
10:47:56,740 [Thread-111] DEBUG org.activiti.engine.impl.persistence.entity.JobEntity.selectNextTimerJobsToExecute  - &lt;==      Total: 0
10:47:56,740 [Thread-111] DEBUG org.activiti.engine.impl.db.DbSqlSession  - flush summary: 0 insert, 0 update, 0 delete.
10:47:56,739 [Thread-102] DEBUG org.activiti.engine.impl.persistence.entity.JobEntity.selectNextTimerJobsToExecute  - ==&gt; Parameters: 2023-03-20 10:48:50.669(Timestamp), 2023-03-20 10:48:50.669(Timestamp), 1(Integer), 0(Integer)
10:47:56,740 [Thread-102] DEBUG org.activiti.engine.impl.persistence.entity.JobEntity.selectNextTimerJobsToExecute  - &lt;==      Total: 0
10:47:56,740 [Thread-102] DEBUG org.activiti.engine.impl.db.DbSqlSession  - flush summary: 0 insert, 0 update, 0 delete.
10:47:56,740 [Thread-102] DEBUG org.activiti.engine.impl.db.DbSqlSession  - now executing flush...
10:47:56,740 [Thread-102] DEBUG org.activiti.engine.impl.cfg.standalone.StandaloneMybatisTransactionContext  - firing event committing...
10:47:56,740 [Thread-102] DEBUG org.activiti.engine.impl.cfg.standalone.StandaloneMybatisTransactionContext  - committing the ibatis sql session...
10:47:56,740 [Thread-102] DEBUG org.activiti.engine.impl.cfg.standalone.StandaloneMybatisTransactionContext  - firing event committed...
10:47:56,740 [Thread-102] DEBUG org.apache.ibatis.transaction.jdbc.JdbcTransaction  - Resetting autocommit to true on JDBC Connection [conn60: url=jdbc:h2:mem:activiti-AsyncExecutorTest user=SA]
10:47:56,739 [Thread-105] DEBUG org.apache.ibatis.transaction.jdbc.JdbcTransaction  - Setting autocommit to false on JDBC Connection [conn63: url=jdbc:h2:mem:activiti-AsyncExecutorTest user=SA]
10:47:56,740 [Thread-105] DEBUG org.activiti.engine.impl.persistence.entity.JobEntity.selectNextTimerJobsToExecute  - ==&gt;  Preparing: select RES.* from ACT_RU_JOB RES LEFT OUTER JOIN ACT_RU_EXECUTION PI ON PI.ID_ = RES.PROCESS_INSTANCE_ID_ where (RES.RETRIES_ &gt; 0) and (RES.DUEDATE_ is null or RES.DUEDATE_ &lt;= ?) and (RES.LOCK_OWNER_ is null or RES.LOCK_EXP_TIME_ &lt;= ?) and TYPE_ = &apos;timer&apos; and ( (RES.EXECUTION_ID_ is null) or (PI.SUSPENSION_STATE_ = 1) ) LIMIT ? OFFSET ? 
10:47:56,740 [Thread-105] DEBUG org.activiti.engine.impl.persistence.entity.JobEntity.selectNextTimerJobsToExecute  - ==&gt; Parameters: 2023-03-20 10:48:50.669(Timestamp), 2023-03-20 10:48:50.669(Timestamp), 1(Integer), 0(Integer)
10:47:56,739 [Thread-106] DEBUG org.activiti.engine.impl.interceptor.LogInterceptor  - 

10:47:56,740 [Thread-106] DEBUG org.activiti.engine.impl.interceptor.LogInterceptor  - --- starting AcquireAsyncJobsDueCmd --------------------------------------------------------
10:47:56,740 [Thread-106] DEBUG org.apache.ibatis.transaction.jdbc.JdbcTransaction  - Opening JDBC Connection
10:47:56,740 [Thread-106] DEBUG org.apache.ibatis.datasource.pooled.PooledDataSource  - Checked out connection 54468349 from pool.
10:47:56,740 [Thread-106] DEBUG org.apache.ibatis.transaction.jdbc.JdbcTransaction  - Setting autocommit to false on JDBC Connection [conn64: url=jdbc:h2:mem:activiti-AsyncExecutorTest user=SA]
10:47:56,741 [Thread-106] DEBUG org.activiti.engine.impl.persistence.entity.JobEntity.selectAsyncJobsDueToExecute  - ==&gt;  Preparing: select RES.* from ACT_RU_JOB RES LEFT OUTER JOIN ACT_RU_EXECUTION PI ON PI.ID_ = RES.PROCESS_INSTANCE_ID_ where RES.RETRIES_ &gt; 0 and RES.DUEDATE_ is not null and RES.DUEDATE_ &lt;= ? and (RES.LOCK_EXP_TIME_ is null or RES.LOCK_EXP_TIME_ &lt;= ?) and TYPE_ = &apos;message&apos; and ( (RES.EXECUTION_ID_ is null) or (PI.SUSPENSION_STATE_ = 1) ) LIMIT ? OFFSET ? 
10:47:56,741 [Thread-106] DEBUG org.activiti.engine.impl.persistence.entity.JobEntity.selectAsyncJobsDueToExecute  - ==&gt; Parameters: 2023-03-20 10:48:50.669(Timestamp), 2023-03-20 10:48:50.669(Timestamp), 1(Integer), 0(Integer)
10:47:56,741 [Thread-106] DEBUG org.activiti.engine.impl.persistence.entity.JobEntity.selectAsyncJobsDueToExecute  - &lt;==      Total: 0
10:47:56,741 [Thread-106] DEBUG org.activiti.engine.impl.db.DbSqlSession  - flush summary: 0 insert, 0 update, 0 delete.
10:47:56,741 [Thread-106] DEBUG org.activiti.engine.impl.db.DbSqlSession  - now executing flush...
10:47:56,741 [Thread-106] DEBUG org.activiti.engine.impl.cfg.standalone.StandaloneMybatisTransactionContext  - firing event committing...
10:47:56,741 [Thread-106] DEBUG org.activiti.engine.impl.cfg.standalone.StandaloneMybatisTransactionContext  - committing the ibatis sql session...
10:47:56,741 [Thread-106] DEBUG org.activiti.engine.impl.cfg.standalone.StandaloneMybatisTransactionContext  - firing event committed...
10:47:56,741 [Thread-106] DEBUG org.apache.ibatis.transaction.jdbc.JdbcTransaction  - Resetting autocommit to true on JDBC Connection [conn64: url=jdbc:h2:mem:activiti-AsyncExecutorTest user=SA]
10:47:56,741 [Thread-106] DEBUG org.apache.ibatis.transaction.jdbc.JdbcTransaction  - Closing JDBC Connection [conn64: url=jdbc:h2:mem:activiti-AsyncExecutorTest user=SA]
10:47:56,741 [Thread-106] DEBUG org.apache.ibatis.datasource.pooled.PooledDataSource  - Returned connection 54468349 to pool.
10:47:56,741 [Thread-106] DEBUG org.activiti.engine.impl.interceptor.LogInterceptor  - --- AcquireAsyncJobsDueCmd finished --------------------------------------------------------
10:47:56,741 [Thread-106] DEBUG org.activiti.engine.impl.interceptor.LogInterceptor  - 

10:47:56,741 [Thread-106] DEBUG org.activiti.engine.impl.asyncexecutor.AcquireAsyncJobsDueRunnable  - async job acquisition thread sleeping for 50 millis
10:47:56,740 [Thread-105] DEBUG org.activiti.engine.impl.persistence.entity.JobEntity.selectNextTimerJobsToExecute  - &lt;==      Total: 0
10:47:56,741 [Thread-105] DEBUG org.activiti.engine.impl.db.DbSqlSession  - flush summary: 0 insert, 0 update, 0 delete.
10:47:56,741 [Thread-105] DEBUG org.activiti.engine.impl.db.DbSqlSession  - now executing flush...
10:47:56,741 [Thread-105] DEBUG org.activiti.engine.impl.cfg.standalone.StandaloneMybatisTransactionContext  - firing event committing...
10:47:56,741 [Thread-105] DEBUG org.activiti.engine.impl.cfg.standalone.StandaloneMybatisTransactionContext  - committing the ibatis sql session...
10:47:56,741 [Thread-105] DEBUG org.activiti.engine.impl.cfg.standalone.StandaloneMybatisTransactionContext  - firing event committed...
10:47:56,741 [Thread-105] DEBUG org.apache.ibatis.transaction.jdbc.JdbcTransaction  - Resetting autocommit to true on JDBC Connection [conn63: url=jdbc:h2:mem:activiti-AsyncExecutorTest user=SA]
10:47:56,741 [Thread-105] DEBUG org.apache.ibatis.transaction.jdbc.JdbcTransaction  - Closing JDBC Connection [conn63: url=jdbc:h2:mem:activiti-AsyncExecutorTest user=SA]
10:47:56,741 [Thread-105] DEBUG org.apache.ibatis.datasource.pooled.PooledDataSource  - Returned connection 1970103261 to pool.
10:47:56,741 [Thread-105] DEBUG org.activiti.engine.impl.interceptor.LogInterceptor  - --- AcquireTimerJobsCmd finished --------------------------------------------------------
10:47:56,741 [Thread-105] DEBUG org.activiti.engine.impl.interceptor.LogInterceptor  - 

10:47:56,741 [Thread-105] DEBUG org.activiti.engine.impl.asyncexecutor.AcquireTimerJobsRunnable  - timer job acquisition thread sleeping for 50 millis
10:47:56,740 [Thread-102] DEBUG org.apache.ibatis.transaction.jdbc.JdbcTransaction  - Closing JDBC Connection [conn60: url=jdbc:h2:mem:activiti-AsyncExecutorTest user=SA]
10:47:56,741 [Thread-102] DEBUG org.apache.ibatis.datasource.pooled.PooledDataSource  - Returned connection 33534803 to pool.
10:47:56,741 [Thread-102] DEBUG org.activiti.engine.impl.interceptor.LogInterceptor  - --- AcquireTimerJobsCmd finished --------------------------------------------------------
10:47:56,741 [Thread-102] DEBUG org.activiti.engine.impl.interceptor.LogInterceptor  - 

10:47:56,741 [Thread-102] DEBUG org.activiti.engine.impl.asyncexecutor.AcquireTimerJobsRunnable  - timer job acquisition thread sleeping for 50 millis
10:47:56,740 [Thread-111] DEBUG org.activiti.engine.impl.db.DbSqlSession  - now executing flush...
10:47:56,741 [Thread-111] DEBUG org.activiti.engine.impl.cfg.standalone.StandaloneMybatisTransactionContext  - firing event committing...
10:47:56,741 [Thread-111] DEBUG org.activiti.engine.impl.cfg.standalone.StandaloneMybatisTransactionContext  - committing the ibatis sql session...
10:47:56,741 [Thread-111] DEBUG org.activiti.engine.impl.cfg.standalone.StandaloneMybatisTransactionContext  - firing event committed...
10:47:56,741 [Thread-111] DEBUG org.apache.ibatis.transaction.jdbc.JdbcTransaction  - Resetting autocommit to true on JDBC Connection [conn70: url=jdbc:h2:mem:activiti-AsyncExecutorTest user=SA]
10:47:56,741 [Thread-111] DEBUG org.apache.ibatis.transaction.jdbc.JdbcTransaction  - Closing JDBC Connection [conn70: url=jdbc:h2:mem:activiti-AsyncExecutorTest user=SA]
10:47:56,740 [Thread-103] DEBUG org.activiti.engine.impl.persistence.entity.JobEntity.selectAsyncJobsDueToExecute  - &lt;==      Total: 0
10:47:56,741 [Thread-103] DEBUG org.activiti.engine.impl.db.DbSqlSession  - flush summary: 0 insert, 0 update, 0 delete.
10:47:56,741 [Thread-103] DEBUG org.activiti.engine.impl.db.DbSqlSession  - now executing flush...
10:47:56,741 [Thread-103] DEBUG org.activiti.engine.impl.cfg.standalone.StandaloneMybatisTransactionContext  - firing event committing...
10:47:56,741 [Thread-103] DEBUG org.activiti.engine.impl.cfg.standalone.StandaloneMybatisTransactionContext  - committing the ibatis sql session...
10:47:56,741 [Thread-103] DEBUG org.activiti.engine.impl.cfg.standalone.StandaloneMybatisTransactionContext  - firing event committed...
10:47:56,741 [Thread-103] DEBUG org.apache.ibatis.transaction.jdbc.JdbcTransaction  - Resetting autocommit to true on JDBC Connection [conn59: url=jdbc:h2:mem:activiti-AsyncExecutorTest user=SA]
10:47:56,741 [Thread-103] DEBUG org.apache.ibatis.transaction.jdbc.JdbcTransaction  - Closing JDBC Connection [conn59: url=jdbc:h2:mem:activiti-AsyncExecutorTest user=SA]
10:47:56,741 [Thread-103] DEBUG org.apache.ibatis.datasource.pooled.PooledDataSource  - Returned connection 720039383 to pool.
10:47:56,741 [Thread-103] DEBUG org.activiti.engine.impl.interceptor.LogInterceptor  - --- AcquireAsyncJobsDueCmd finished --------------------------------------------------------
10:47:56,741 [Thread-103] DEBUG org.activiti.engine.impl.interceptor.LogInterceptor  - 

10:47:56,740 [Thread-117] DEBUG org.activiti.engine.impl.persistence.entity.JobEntity.selectNextTimerJobsToExecute  - ==&gt; Parameters: 2023-03-20 10:48:50.669(Timestamp), 2023-03-20 10:48:50.669(Timestamp), 1(Integer), 0(Integer)
10:47:56,741 [Thread-117] DEBUG org.activiti.engine.impl.persistence.entity.JobEntity.selectNextTimerJobsToExecute  - &lt;==      Total: 0
10:47:56,741 [Thread-117] DEBUG org.activiti.engine.impl.db.DbSqlSession  - flush summary: 0 insert, 0 update, 0 delete.
10:47:56,741 [Thread-117] DEBUG org.activiti.engine.impl.db.DbSqlSession  - now executing flush...
10:47:56,741 [Thread-117] DEBUG org.activiti.engine.impl.cfg.standalone.StandaloneMybatisTransactionContext  - firing event committing...
10:47:56,741 [Thread-117] DEBUG org.activiti.engine.impl.cfg.standalone.StandaloneMybatisTransactionContext  - committing the ibatis sql session...
10:47:56,741 [Thread-117] DEBUG org.activiti.engine.impl.cfg.standalone.StandaloneMybatisTransactionContext  - firing event committed...
10:47:56,741 [Thread-103] DEBUG org.activiti.engine.impl.asyncexecutor.AcquireAsyncJobsDueRunnable  - async job acquisition thread sleeping for 50 millis
10:47:56,741 [Thread-111] DEBUG org.apache.ibatis.datasource.pooled.PooledDataSource  - Returned connection 604408605 to pool.
10:47:56,741 [Thread-111] DEBUG org.activiti.engine.impl.interceptor.LogInterceptor  - --- AcquireTimerJobsCmd finished --------------------------------------------------------
10:47:56,741 [Thread-111] DEBUG org.activiti.engine.impl.interceptor.LogInterceptor  - 

10:47:56,741 [Thread-117] DEBUG org.apache.ibatis.transaction.jdbc.JdbcTransaction  - Resetting autocommit to true on JDBC Connection [conn3: url=jdbc:h2:mem:activiti user=SA]
10:47:56,741 [Thread-117] DEBUG org.apache.ibatis.transaction.jdbc.JdbcTransaction  - Closing JDBC Connection [conn3: url=jdbc:h2:mem:activiti user=SA]
10:47:56,741 [Thread-117] DEBUG org.apache.ibatis.datasource.pooled.PooledDataSource  - Returned connection 180014677 to pool.
10:47:56,741 [Thread-117] DEBUG org.activiti.engine.impl.interceptor.LogInterceptor  - --- AcquireTimerJobsCmd finished --------------------------------------------------------
10:47:56,741 [Thread-117] DEBUG org.activiti.engine.impl.interceptor.LogInterceptor  - 

10:47:56,741 [Thread-117] DEBUG org.activiti.engine.impl.asyncexecutor.AcquireTimerJobsRunnable  - timer job acquisition thread sleeping for 1000 millis
10:47:56,741 [Thread-111] DEBUG org.activiti.engine.impl.asyncexecutor.AcquireTimerJobsRunnable  - timer job acquisition thread sleeping for 50 millis
10:47:56,785 [Thread-112] DEBUG org.activiti.engine.impl.asyncexecutor.AcquireAsyncJobsDueRunnable  - async job acquisition thread woke up
10:47:56,785 [Thread-112] DEBUG org.activiti.engine.impl.interceptor.LogInterceptor  - 

10:47:56,785 [Thread-112] DEBUG org.activiti.engine.impl.interceptor.LogInterceptor  - --- starting AcquireAsyncJobsDueCmd --------------------------------------------------------
10:47:56,785 [Thread-112] DEBUG org.apache.ibatis.transaction.jdbc.JdbcTransaction  - Opening JDBC Connection
10:47:56,785 [Thread-112] DEBUG org.apache.ibatis.datasource.pooled.PooledDataSource  - Checked out connection 58501658 from pool.
10:47:56,785 [Thread-112] DEBUG org.apache.ibatis.transaction.jdbc.JdbcTransaction  - Setting autocommit to false on JDBC Connection [conn68: url=jdbc:h2:mem:activiti-AsyncExecutorTest user=SA]
10:47:56,785 [Thread-112] DEBUG org.activiti.engine.impl.persistence.entity.JobEntity.selectAsyncJobsDueToExecute  - ==&gt;  Preparing: select RES.* from ACT_RU_JOB RES LEFT OUTER JOIN ACT_RU_EXECUTION PI ON PI.ID_ = RES.PROCESS_INSTANCE_ID_ where RES.RETRIES_ &gt; 0 and RES.DUEDATE_ is not null and RES.DUEDATE_ &lt;= ? and (RES.LOCK_EXP_TIME_ is null or RES.LOCK_EXP_TIME_ &lt;= ?) and TYPE_ = &apos;message&apos; and ( (RES.EXECUTION_ID_ is null) or (PI.SUSPENSION_STATE_ = 1) ) LIMIT ? OFFSET ? 
10:47:56,785 [Thread-112] DEBUG org.activiti.engine.impl.persistence.entity.JobEntity.selectAsyncJobsDueToExecute  - ==&gt; Parameters: 2023-03-20 10:48:50.669(Timestamp), 2023-03-20 10:48:50.669(Timestamp), 1(Integer), 0(Integer)
10:47:56,785 [Thread-112] DEBUG org.activiti.engine.impl.persistence.entity.JobEntity.selectAsyncJobsDueToExecute  - &lt;==      Total: 0
10:47:56,785 [Thread-112] DEBUG org.activiti.engine.impl.db.DbSqlSession  - flush summary: 0 insert, 0 update, 0 delete.
10:47:56,785 [Thread-112] DEBUG org.activiti.engine.impl.db.DbSqlSession  - now executing flush...
10:47:56,785 [Thread-112] DEBUG org.activiti.engine.impl.cfg.standalone.StandaloneMybatisTransactionContext  - firing event committing...
10:47:56,785 [Thread-112] DEBUG org.activiti.engine.impl.cfg.standalone.StandaloneMybatisTransactionContext  - committing the ibatis sql session...
10:47:56,785 [Thread-112] DEBUG org.activiti.engine.impl.cfg.standalone.StandaloneMybatisTransactionContext  - firing event committed...
10:47:56,785 [Thread-112] DEBUG org.apache.ibatis.transaction.jdbc.JdbcTransaction  - Resetting autocommit to true on JDBC Connection [conn68: url=jdbc:h2:mem:activiti-AsyncExecutorTest user=SA]
10:47:56,785 [Thread-112] DEBUG org.apache.ibatis.transaction.jdbc.JdbcTransaction  - Closing JDBC Connection [conn68: url=jdbc:h2:mem:activiti-AsyncExecutorTest user=SA]
10:47:56,785 [Thread-112] DEBUG org.apache.ibatis.datasource.pooled.PooledDataSource  - Returned connection 58501658 to pool.
10:47:56,785 [Thread-112] DEBUG org.activiti.engine.impl.interceptor.LogInterceptor  - --- AcquireAsyncJobsDueCmd finished --------------------------------------------------------
10:47:56,785 [Thread-112] DEBUG org.activiti.engine.impl.interceptor.LogInterceptor  - 

10:47:56,785 [Thread-112] DEBUG org.activiti.engine.impl.asyncexecutor.AcquireAsyncJobsDueRunnable  - async job acquisition thread sleeping for 50 millis
10:47:56,801 [Thread-111] DEBUG org.activiti.engine.impl.asyncexecutor.AcquireTimerJobsRunnable  - timer job acquisition thread woke up
10:47:56,801 [Thread-111] DEBUG org.activiti.engine.impl.interceptor.LogInterceptor  - 

10:47:56,801 [Thread-111] DEBUG org.activiti.engine.impl.interceptor.LogInterceptor  - --- starting AcquireTimerJobsCmd --------------------------------------------------------
10:47:56,801 [Thread-106] DEBUG org.activiti.engine.impl.asyncexecutor.AcquireAsyncJobsDueRunnable  - async job acquisition thread woke up
10:47:56,801 [Thread-106] DEBUG org.activiti.engine.impl.interceptor.LogInterceptor  - 

10:47:56,801 [Thread-105] DEBUG org.activiti.engine.impl.asyncexecutor.AcquireTimerJobsRunnable  - timer job acquisition thread woke up
10:47:56,801 [Thread-105] DEBUG org.activiti.engine.impl.interceptor.LogInterceptor  - 

10:47:56,801 [Thread-105] DEBUG org.activiti.engine.impl.interceptor.LogInterceptor  - --- starting AcquireTimerJobsCmd --------------------------------------------------------
10:47:56,801 [Thread-105] DEBUG org.apache.ibatis.transaction.jdbc.JdbcTransaction  - Opening JDBC Connection
10:47:56,801 [Thread-105] DEBUG org.apache.ibatis.datasource.pooled.PooledDataSource  - Checked out connection 996762054 from pool.
10:47:56,801 [Thread-105] DEBUG org.apache.ibatis.transaction.jdbc.JdbcTransaction  - Setting autocommit to false on JDBC Connection [conn65: url=jdbc:h2:mem:activiti-AsyncExecutorTest user=SA]
10:47:56,801 [Thread-103] DEBUG org.activiti.engine.impl.asyncexecutor.AcquireAsyncJobsDueRunnable  - async job acquisition thread woke up
10:47:56,801 [Thread-103] DEBUG org.activiti.engine.impl.interceptor.LogInterceptor  - 

10:47:56,801 [Thread-103] DEBUG org.activiti.engine.impl.interceptor.LogInterceptor  - --- starting AcquireAsyncJobsDueCmd --------------------------------------------------------
10:47:56,801 [Thread-102] DEBUG org.activiti.engine.impl.asyncexecutor.AcquireTimerJobsRunnable  - timer job acquisition thread woke up
10:47:56,802 [Thread-102] DEBUG org.activiti.engine.impl.interceptor.LogInterceptor  - 

10:47:56,802 [Thread-102] DEBUG org.activiti.engine.impl.interceptor.LogInterceptor  - --- starting AcquireTimerJobsCmd --------------------------------------------------------
10:47:56,802 [Thread-103] DEBUG org.apache.ibatis.transaction.jdbc.JdbcTransaction  - Opening JDBC Connection
10:47:56,802 [Thread-103] DEBUG org.apache.ibatis.datasource.pooled.PooledDataSource  - Checked out connection 157985567 from pool.
10:47:56,802 [Thread-103] DEBUG org.apache.ibatis.transaction.jdbc.JdbcTransaction  - Setting autocommit to false on JDBC Connection [conn61: url=jdbc:h2:mem:activiti-AsyncExecutorTest user=SA]
10:47:56,802 [Thread-103] DEBUG org.activiti.engine.impl.persistence.entity.JobEntity.selectAsyncJobsDueToExecute  - ==&gt;  Preparing: select RES.* from ACT_RU_JOB RES LEFT OUTER JOIN ACT_RU_EXECUTION PI ON PI.ID_ = RES.PROCESS_INSTANCE_ID_ where RES.RETRIES_ &gt; 0 and RES.DUEDATE_ is not null and RES.DUEDATE_ &lt;= ? and (RES.LOCK_EXP_TIME_ is null or RES.LOCK_EXP_TIME_ &lt;= ?) and TYPE_ = &apos;message&apos; and ( (RES.EXECUTION_ID_ is null) or (PI.SUSPENSION_STATE_ = 1) ) LIMIT ? OFFSET ? 
10:47:56,801 [Thread-105] DEBUG org.activiti.engine.impl.persistence.entity.JobEntity.selectNextTimerJobsToExecute  - ==&gt;  Preparing: select RES.* from ACT_RU_JOB RES LEFT OUTER JOIN ACT_RU_EXECUTION PI ON PI.ID_ = RES.PROCESS_INSTANCE_ID_ where (RES.RETRIES_ &gt; 0) and (RES.DUEDATE_ is null or RES.DUEDATE_ &lt;= ?) and (RES.LOCK_OWNER_ is null or RES.LOCK_EXP_TIME_ &lt;= ?) and TYPE_ = &apos;timer&apos; and ( (RES.EXECUTION_ID_ is null) or (PI.SUSPENSION_STATE_ = 1) ) LIMIT ? OFFSET ? 
10:47:56,802 [Thread-105] DEBUG org.activiti.engine.impl.persistence.entity.JobEntity.selectNextTimerJobsToExecute  - ==&gt; Parameters: 2023-03-20 10:48:50.669(Timestamp), 2023-03-20 10:48:50.669(Timestamp), 1(Integer), 0(Integer)
10:47:56,802 [Thread-105] DEBUG org.activiti.engine.impl.persistence.entity.JobEntity.selectNextTimerJobsToExecute  - &lt;==      Total: 0
10:47:56,802 [Thread-105] DEBUG org.activiti.engine.impl.db.DbSqlSession  - flush summary: 0 insert, 0 update, 0 delete.
10:47:56,802 [Thread-105] DEBUG org.activiti.engine.impl.db.DbSqlSession  - now executing flush...
10:47:56,801 [Thread-106] DEBUG org.activiti.engine.impl.interceptor.LogInterceptor  - --- starting AcquireAsyncJobsDueCmd --------------------------------------------------------
10:47:56,802 [Thread-106] DEBUG org.apache.ibatis.transaction.jdbc.JdbcTransaction  - Opening JDBC Connection
10:47:56,802 [Thread-106] DEBUG org.apache.ibatis.datasource.pooled.PooledDataSource  - Checked out connection 54468349 from pool.
10:47:56,801 [Thread-111] DEBUG org.apache.ibatis.transaction.jdbc.JdbcTransaction  - Opening JDBC Connection
10:47:56,802 [Thread-111] DEBUG org.apache.ibatis.datasource.pooled.PooledDataSource  - Checked out connection 1863805930 from pool.
10:47:56,802 [Thread-111] DEBUG org.apache.ibatis.transaction.jdbc.JdbcTransaction  - Setting autocommit to false on JDBC Connection [conn69: url=jdbc:h2:mem:activiti-AsyncExecutorTest user=SA]
10:47:56,802 [Thread-111] DEBUG org.activiti.engine.impl.persistence.entity.JobEntity.selectNextTimerJobsToExecute  - ==&gt;  Preparing: select RES.* from ACT_RU_JOB RES LEFT OUTER JOIN ACT_RU_EXECUTION PI ON PI.ID_ = RES.PROCESS_INSTANCE_ID_ where (RES.RETRIES_ &gt; 0) and (RES.DUEDATE_ is null or RES.DUEDATE_ &lt;= ?) and (RES.LOCK_OWNER_ is null or RES.LOCK_EXP_TIME_ &lt;= ?) and TYPE_ = &apos;timer&apos; and ( (RES.EXECUTION_ID_ is null) or (PI.SUSPENSION_STATE_ = 1) ) LIMIT ? OFFSET ? 
10:47:56,802 [Thread-106] DEBUG org.apache.ibatis.transaction.jdbc.JdbcTransaction  - Setting autocommit to false on JDBC Connection [conn64: url=jdbc:h2:mem:activiti-AsyncExecutorTest user=SA]
10:47:56,802 [Thread-106] DEBUG org.activiti.engine.impl.persistence.entity.JobEntity.selectAsyncJobsDueToExecute  - ==&gt;  Preparing: select RES.* from ACT_RU_JOB RES LEFT OUTER JOIN ACT_RU_EXECUTION PI ON PI.ID_ = RES.PROCESS_INSTANCE_ID_ where RES.RETRIES_ &gt; 0 and RES.DUEDATE_ is not null and RES.DUEDATE_ &lt;= ? and (RES.LOCK_EXP_TIME_ is null or RES.LOCK_EXP_TIME_ &lt;= ?) and TYPE_ = &apos;message&apos; and ( (RES.EXECUTION_ID_ is null) or (PI.SUSPENSION_STATE_ = 1) ) LIMIT ? OFFSET ? 
10:47:56,802 [Thread-106] DEBUG org.activiti.engine.impl.persistence.entity.JobEntity.selectAsyncJobsDueToExecute  - ==&gt; Parameters: 2023-03-20 10:48:50.669(Timestamp), 2023-03-20 10:48:50.669(Timestamp), 1(Integer), 0(Integer)
10:47:56,802 [Thread-106] DEBUG org.activiti.engine.impl.persistence.entity.JobEntity.selectAsyncJobsDueToExecute  - &lt;==      Total: 0
10:47:56,802 [Thread-106] DEBUG org.activiti.engine.impl.db.DbSqlSession  - flush summary: 0 insert, 0 update, 0 delete.
10:47:56,802 [Thread-106] DEBUG org.activiti.engine.impl.db.DbSqlSession  - now executing flush...
10:47:56,802 [Thread-106] DEBUG org.activiti.engine.impl.cfg.standalone.StandaloneMybatisTransactionContext  - firing event committing...
10:47:56,802 [Thread-106] DEBUG org.activiti.engine.impl.cfg.standalone.StandaloneMybatisTransactionContext  - committing the ibatis sql session...
10:47:56,802 [Thread-106] DEBUG org.activiti.engine.impl.cfg.standalone.StandaloneMybatisTransactionContext  - firing event committed...
10:47:56,802 [Thread-106] DEBUG org.apache.ibatis.transaction.jdbc.JdbcTransaction  - Resetting autocommit to true on JDBC Connection [conn64: url=jdbc:h2:mem:activiti-AsyncExecutorTest user=SA]
10:47:56,803 [Thread-106] DEBUG org.apache.ibatis.transaction.jdbc.JdbcTransaction  - Closing JDBC Connection [conn64: url=jdbc:h2:mem:activiti-AsyncExecutorTest user=SA]
10:47:56,802 [Thread-105] DEBUG org.activiti.engine.impl.cfg.standalone.StandaloneMybatisTransactionContext  - firing event committing...
10:47:56,803 [Thread-105] DEBUG org.activiti.engine.impl.cfg.standalone.StandaloneMybatisTransactionContext  - committing the ibatis sql session...
10:47:56,803 [Thread-105] DEBUG org.activiti.engine.impl.cfg.standalone.StandaloneMybatisTransactionContext  - firing event committed...
10:47:56,803 [Thread-105] DEBUG org.apache.ibatis.transaction.jdbc.JdbcTransaction  - Resetting autocommit to true on JDBC Connection [conn65: url=jdbc:h2:mem:activiti-AsyncExecutorTest user=SA]
10:47:56,803 [Thread-105] DEBUG org.apache.ibatis.transaction.jdbc.JdbcTransaction  - Closing JDBC Connection [conn65: url=jdbc:h2:mem:activiti-AsyncExecutorTest user=SA]
10:47:56,802 [Thread-103] DEBUG org.activiti.engine.impl.persistence.entity.JobEntity.selectAsyncJobsDueToExecute  - ==&gt; Parameters: 2023-03-20 10:48:50.669(Timestamp), 2023-03-20 10:48:50.669(Timestamp), 1(Integer), 0(Integer)
10:47:56,802 [Thread-102] DEBUG org.apache.ibatis.transaction.jdbc.JdbcTransaction  - Opening JDBC Connection
10:47:56,803 [Thread-102] DEBUG org.apache.ibatis.datasource.pooled.PooledDataSource  - Checked out connection 33534803 from pool.
10:47:56,803 [Thread-102] DEBUG org.apache.ibatis.transaction.jdbc.JdbcTransaction  - Setting autocommit to false on JDBC Connection [conn60: url=jdbc:h2:mem:activiti-AsyncExecutorTest user=SA]
10:47:56,803 [Thread-102] DEBUG org.activiti.engine.impl.persistence.entity.JobEntity.selectNextTimerJobsToExecute  - ==&gt;  Preparing: select RES.* from ACT_RU_JOB RES LEFT OUTER JOIN ACT_RU_EXECUTION PI ON PI.ID_ = RES.PROCESS_INSTANCE_ID_ where (RES.RETRIES_ &gt; 0) and (RES.DUEDATE_ is null or RES.DUEDATE_ &lt;= ?) and (RES.LOCK_OWNER_ is null or RES.LOCK_EXP_TIME_ &lt;= ?) and TYPE_ = &apos;timer&apos; and ( (RES.EXECUTION_ID_ is null) or (PI.SUSPENSION_STATE_ = 1) ) LIMIT ? OFFSET ? 
10:47:56,803 [Thread-102] DEBUG org.activiti.engine.impl.persistence.entity.JobEntity.selectNextTimerJobsToExecute  - ==&gt; Parameters: 2023-03-20 10:48:50.669(Timestamp), 2023-03-20 10:48:50.669(Timestamp), 1(Integer), 0(Integer)
10:47:56,803 [Thread-103] DEBUG org.activiti.engine.impl.persistence.entity.JobEntity.selectAsyncJobsDueToExecute  - &lt;==      Total: 0
10:47:56,803 [Thread-103] DEBUG org.activiti.engine.impl.db.DbSqlSession  - flush summary: 0 insert, 0 update, 0 delete.
10:47:56,803 [Thread-103] DEBUG org.activiti.engine.impl.db.DbSqlSession  - now executing flush...
10:47:56,803 [Thread-103] DEBUG org.activiti.engine.impl.cfg.standalone.StandaloneMybatisTransactionContext  - firing event committing...
10:47:56,803 [Thread-103] DEBUG org.activiti.engine.impl.cfg.standalone.StandaloneMybatisTransactionContext  - committing the ibatis sql session...
10:47:56,803 [Thread-103] DEBUG org.activiti.engine.impl.cfg.standalone.StandaloneMybatisTransactionContext  - firing event committed...
10:47:56,803 [Thread-103] DEBUG org.apache.ibatis.transaction.jdbc.JdbcTransaction  - Resetting autocommit to true on JDBC Connection [conn61: url=jdbc:h2:mem:activiti-AsyncExecutorTest user=SA]
10:47:56,803 [Thread-103] DEBUG org.apache.ibatis.transaction.jdbc.JdbcTransaction  - Closing JDBC Connection [conn61: url=jdbc:h2:mem:activiti-AsyncExecutorTest user=SA]
10:47:56,803 [Thread-106] DEBUG org.apache.ibatis.datasource.pooled.PooledDataSource  - Returned connection 54468349 to pool.
10:47:56,803 [Thread-106] DEBUG org.activiti.engine.impl.interceptor.LogInterceptor  - --- AcquireAsyncJobsDueCmd finished --------------------------------------------------------
10:47:56,803 [Thread-106] DEBUG org.activiti.engine.impl.interceptor.LogInterceptor  - 

10:47:56,803 [Thread-106] DEBUG org.activiti.engine.impl.asyncexecutor.AcquireAsyncJobsDueRunnable  - async job acquisition thread sleeping for 50 millis
10:47:56,802 [Thread-111] DEBUG org.activiti.engine.impl.persistence.entity.JobEntity.selectNextTimerJobsToExecute  - ==&gt; Parameters: 2023-03-20 10:48:50.669(Timestamp), 2023-03-20 10:48:50.669(Timestamp), 1(Integer), 0(Integer)
10:47:56,803 [Thread-111] DEBUG org.activiti.engine.impl.persistence.entity.JobEntity.selectNextTimerJobsToExecute  - &lt;==      Total: 0
10:47:56,803 [Thread-111] DEBUG org.activiti.engine.impl.db.DbSqlSession  - flush summary: 0 insert, 0 update, 0 delete.
10:47:56,803 [Thread-111] DEBUG org.activiti.engine.impl.db.DbSqlSession  - now executing flush...
10:47:56,803 [Thread-111] DEBUG org.activiti.engine.impl.cfg.standalone.StandaloneMybatisTransactionContext  - firing event committing...
10:47:56,803 [Thread-111] DEBUG org.activiti.engine.impl.cfg.standalone.StandaloneMybatisTransactionContext  - committing the ibatis sql session...
10:47:56,804 [Thread-111] DEBUG org.activiti.engine.impl.cfg.standalone.StandaloneMybatisTransactionContext  - firing event committed...
10:47:56,804 [Thread-111] DEBUG org.apache.ibatis.transaction.jdbc.JdbcTransaction  - Resetting autocommit to true on JDBC Connection [conn69: url=jdbc:h2:mem:activiti-AsyncExecutorTest user=SA]
10:47:56,804 [Thread-111] DEBUG org.apache.ibatis.transaction.jdbc.JdbcTransaction  - Closing JDBC Connection [conn69: url=jdbc:h2:mem:activiti-AsyncExecutorTest user=SA]
10:47:56,804 [Thread-111] DEBUG org.apache.ibatis.datasource.pooled.PooledDataSource  - Returned connection 1863805930 to pool.
10:47:56,804 [Thread-111] DEBUG org.activiti.engine.impl.interceptor.LogInterceptor  - --- AcquireTimerJobsCmd finished --------------------------------------------------------
10:47:56,804 [Thread-111] DEBUG org.activiti.engine.impl.interceptor.LogInterceptor  - 

10:47:56,804 [Thread-111] DEBUG org.activiti.engine.impl.asyncexecutor.AcquireTimerJobsRunnable  - timer job acquisition thread sleeping for 50 millis
10:47:56,803 [Thread-105] DEBUG org.apache.ibatis.datasource.pooled.PooledDataSource  - Returned connection 996762054 to pool.
10:47:56,804 [Thread-105] DEBUG org.activiti.engine.impl.interceptor.LogInterceptor  - --- AcquireTimerJobsCmd finished --------------------------------------------------------
10:47:56,804 [Thread-105] DEBUG org.activiti.engine.impl.interceptor.LogInterceptor  - 

10:47:56,804 [Thread-105] DEBUG org.activiti.engine.impl.asyncexecutor.AcquireTimerJobsRunnable  - timer job acquisition thread sleeping for 50 millis
10:47:56,803 [Thread-103] DEBUG org.apache.ibatis.datasource.pooled.PooledDataSource  - Returned connection 157985567 to pool.
10:47:56,804 [Thread-103] DEBUG org.activiti.engine.impl.interceptor.LogInterceptor  - --- AcquireAsyncJobsDueCmd finished --------------------------------------------------------
10:47:56,804 [Thread-103] DEBUG org.activiti.engine.impl.interceptor.LogInterceptor  - 

10:47:56,803 [Thread-102] DEBUG org.activiti.engine.impl.persistence.entity.JobEntity.selectNextTimerJobsToExecute  - &lt;==      Total: 0
10:47:56,804 [Thread-102] DEBUG org.activiti.engine.impl.db.DbSqlSession  - flush summary: 0 insert, 0 update, 0 delete.
10:47:56,804 [Thread-102] DEBUG org.activiti.engine.impl.db.DbSqlSession  - now executing flush...
10:47:56,804 [Thread-102] DEBUG org.activiti.engine.impl.cfg.standalone.StandaloneMybatisTransactionContext  - firing event committing...
10:47:56,804 [Thread-102] DEBUG org.activiti.engine.impl.cfg.standalone.StandaloneMybatisTransactionContext  - committing the ibatis sql session...
10:47:56,804 [Thread-102] DEBUG org.activiti.engine.impl.cfg.standalone.StandaloneMybatisTransactionContext  - firing event committed...
10:47:56,804 [Thread-102] DEBUG org.apache.ibatis.transaction.jdbc.JdbcTransaction  - Resetting autocommit to true on JDBC Connection [conn60: url=jdbc:h2:mem:activiti-AsyncExecutorTest user=SA]
10:47:56,804 [Thread-102] DEBUG org.apache.ibatis.transaction.jdbc.JdbcTransaction  - Closing JDBC Connection [conn60: url=jdbc:h2:mem:activiti-AsyncExecutorTest user=SA]
10:47:56,804 [Thread-102] DEBUG org.apache.ibatis.datasource.pooled.PooledDataSource  - Returned connection 33534803 to pool.
10:47:56,804 [Thread-103] DEBUG org.activiti.engine.impl.asyncexecutor.AcquireAsyncJobsDueRunnable  - async job acquisition thread sleeping for 50 millis
10:47:56,804 [Thread-102] DEBUG org.activiti.engine.impl.interceptor.LogInterceptor  - --- AcquireTimerJobsCmd finished --------------------------------------------------------
10:47:56,804 [Thread-102] DEBUG org.activiti.engine.impl.interceptor.LogInterceptor  - 

10:47:56,804 [Thread-102] DEBUG org.activiti.engine.impl.asyncexecutor.AcquireTimerJobsRunnable  - timer job acquisition thread sleeping for 50 millis
10:47:56,848 [Thread-112] DEBUG org.activiti.engine.impl.asyncexecutor.AcquireAsyncJobsDueRunnable  - async job acquisition thread woke up
10:47:56,848 [Thread-112] DEBUG org.activiti.engine.impl.interceptor.LogInterceptor  - 

10:47:56,848 [Thread-112] DEBUG org.activiti.engine.impl.interceptor.LogInterceptor  - --- starting AcquireAsyncJobsDueCmd --------------------------------------------------------
10:47:56,848 [Thread-112] DEBUG org.apache.ibatis.transaction.jdbc.JdbcTransaction  - Opening JDBC Connection
10:47:56,848 [Thread-112] DEBUG org.apache.ibatis.datasource.pooled.PooledDataSource  - Checked out connection 604408605 from pool.
10:47:56,848 [Thread-112] DEBUG org.apache.ibatis.transaction.jdbc.JdbcTransaction  - Setting autocommit to false on JDBC Connection [conn70: url=jdbc:h2:mem:activiti-AsyncExecutorTest user=SA]
10:47:56,848 [Thread-112] DEBUG org.activiti.engine.impl.persistence.entity.JobEntity.selectAsyncJobsDueToExecute  - ==&gt;  Preparing: select RES.* from ACT_RU_JOB RES LEFT OUTER JOIN ACT_RU_EXECUTION PI ON PI.ID_ = RES.PROCESS_INSTANCE_ID_ where RES.RETRIES_ &gt; 0 and RES.DUEDATE_ is not null and RES.DUEDATE_ &lt;= ? and (RES.LOCK_EXP_TIME_ is null or RES.LOCK_EXP_TIME_ &lt;= ?) and TYPE_ = &apos;message&apos; and ( (RES.EXECUTION_ID_ is null) or (PI.SUSPENSION_STATE_ = 1) ) LIMIT ? OFFSET ? 
10:47:56,848 [main] DEBUG org.activiti.engine.impl.interceptor.LogInterceptor  - 

10:47:56,848 [main] DEBUG org.activiti.engine.impl.interceptor.LogInterceptor  - --- starting JobQueryImpl --------------------------------------------------------
10:47:56,848 [Thread-112] DEBUG org.activiti.engine.impl.persistence.entity.JobEntity.selectAsyncJobsDueToExecute  - ==&gt; Parameters: 2023-03-20 10:48:50.669(Timestamp), 2023-03-20 10:48:50.669(Timestamp), 1(Integer), 0(Integer)
10:47:56,848 [Thread-112] DEBUG org.activiti.engine.impl.persistence.entity.JobEntity.selectAsyncJobsDueToExecute  - &lt;==      Total: 0
10:47:56,848 [Thread-112] DEBUG org.activiti.engine.impl.db.DbSqlSession  - flush summary: 0 insert, 0 update, 0 delete.
10:47:56,848 [Thread-112] DEBUG org.activiti.engine.impl.db.DbSqlSession  - now executing flush...
10:47:56,848 [Thread-112] DEBUG org.activiti.engine.impl.cfg.standalone.StandaloneMybatisTransactionContext  - firing event committing...
10:47:56,848 [Thread-112] DEBUG org.activiti.engine.impl.cfg.standalone.StandaloneMybatisTransactionContext  - committing the ibatis sql session...
10:47:56,848 [Thread-112] DEBUG org.activiti.engine.impl.cfg.standalone.StandaloneMybatisTransactionContext  - firing event committed...
10:47:56,848 [Thread-112] DEBUG org.apache.ibatis.transaction.jdbc.JdbcTransaction  - Resetting autocommit to true on JDBC Connection [conn70: url=jdbc:h2:mem:activiti-AsyncExecutorTest user=SA]
10:47:56,848 [Thread-112] DEBUG org.apache.ibatis.transaction.jdbc.JdbcTransaction  - Closing JDBC Connection [conn70: url=jdbc:h2:mem:activiti-AsyncExecutorTest user=SA]
10:47:56,848 [Thread-112] DEBUG org.apache.ibatis.datasource.pooled.PooledDataSource  - Returned connection 604408605 to pool.
10:47:56,848 [Thread-112] DEBUG org.activiti.engine.impl.interceptor.LogInterceptor  - --- AcquireAsyncJobsDueCmd finished --------------------------------------------------------
10:47:56,848 [Thread-112] DEBUG org.activiti.engine.impl.interceptor.LogInterceptor  - 

10:47:56,848 [Thread-112] DEBUG org.activiti.engine.impl.asyncexecutor.AcquireAsyncJobsDueRunnable  - async job acquisition thread sleeping for 50 millis
10:47:56,848 [main] DEBUG org.apache.ibatis.transaction.jdbc.JdbcTransaction  - Opening JDBC Connection
10:47:56,849 [main] DEBUG org.apache.ibatis.datasource.pooled.PooledDataSource  - Checked out connection 297240765 from pool.
10:47:56,849 [main] DEBUG org.apache.ibatis.transaction.jdbc.JdbcTransaction  - Setting autocommit to false on JDBC Connection [conn4: url=jdbc:h2:mem:activiti user=SA]
10:47:56,849 [main] DEBUG org.activiti.engine.impl.persistence.entity.JobEntity.selectJobByQueryCriteria  - ==&gt;  Preparing: select RES.* from ACT_RU_JOB RES order by order by RES.ID_ asc LIMIT ? OFFSET ? 
10:47:56,849 [main] DEBUG org.activiti.engine.impl.interceptor.CommandContext  - Error while closing command context
org.apache.ibatis.exceptions.PersistenceException: 
### Error querying database.  Cause: org.h2.jdbc.JdbcSQLException: Syntax error in SQL statement &quot;SELECT RES.* 
     
    FROM ACT_RU_JOB RES
     
      
   
     ORDER BY  ORDER[*] BY RES.ID_ ASC  
    LIMIT ? OFFSET ? &quot;; expected &quot;=, NOT, EXISTS, INTERSECTS, SELECT, FROM&quot;; SQL statement:
select RES.* 
     
    from ACT_RU_JOB RES
     
      
   
     order by  order by RES.ID_ asc  
    LIMIT ? OFFSET ? [42001-176]
### The error may exist in org/activiti/db/mapping/entity/Job.xml
### The error may involve org.activiti.engine.impl.persistence.entity.JobEntity.selectJobByQueryCriteria
### The error occurred while executing a query
### SQL: select RES.*            from ACT_RU_JOB RES                       order by  order by RES.ID_ asc       LIMIT ? OFFSET ?
### Cause: org.h2.jdbc.JdbcSQLException: Syntax error in SQL statement &quot;SELECT RES.* 
     
    FROM ACT_RU_JOB RES
     
      
   
     ORDER BY  ORDER[*] BY RES.ID_ ASC  
    LIMIT ? OFFSET ? &quot;; expected &quot;=, NOT, EXISTS, INTERSECTS, SELECT, FROM&quot;; SQL statement:
select RES.* 
     
    from ACT_RU_JOB RES
     
      
   
     order by  order by RES.ID_ asc  
    LIMIT ? OFFSET ? [42001-176]
	at org.apache.ibatis.exceptions.ExceptionFactory.wrapException(ExceptionFactory.java:30)
	at org.apache.ibatis.session.defaults.DefaultSqlSession.selectList(DefaultSqlSession.java:122)
	at org.apache.ibatis.session.defaults.DefaultSqlSession.selectList(DefaultSqlSession.java:113)
	at org.activiti.engine.impl.db.DbSqlSession.selectListWithRawParameter(DbSqlSession.java:438)
	at org.activiti.engine.impl.db.DbSqlSession.selectList(DbSqlSession.java:429)
	at org.activiti.engine.impl.db.DbSqlSession.selectList(DbSqlSession.java:419)
	at org.activiti.engine.impl.persistence.entity.JobEntityManager.findJobsByQueryCriteria(JobEntityManager.java:198)
	at org.activiti.engine.impl.JobQueryImpl.executeList(JobQueryImpl.java:243)
	at org.activiti.engine.impl.AbstractQuery.execute(AbstractQuery.java:164)
	at org.activiti.engine.impl.interceptor.CommandInvoker.execute(CommandInvoker.java:24)
	at org.activiti.engine.impl.interceptor.CommandContextInterceptor.execute(CommandContextInterceptor.java:57)
	at org.activiti.engine.impl.interceptor.LogInterceptor.execute(LogInterceptor.java:37)
	at org.activiti.engine.impl.cfg.CommandExecutorImpl.execute(CommandExecutorImpl.java:40)
	at org.activiti.engine.impl.cfg.CommandExecutorImpl.execute(CommandExecutorImpl.java:35)
	at org.activiti.engine.impl.AbstractQuery.list(AbstractQuery.java:138)
	at org.activiti.engine.impl.test.JobTestHelper.areJobsAvailable(JobTestHelper.java:194)
	at org.activiti.engine.impl.test.JobTestHelper.waitForJobExecutorToProcessAllJobs(JobTestHelper.java:74)
	at org.activiti.engine.impl.test.JobTestHelper.waitForJobExecutorToProcessAllJobs(JobTestHelper.java:47)
	at org.activiti.engine.impl.test.AbstractActivitiTestCase.waitForJobExecutorToProcessAllJobs(AbstractActivitiTestCase.java:204)
	at org.activiti.engine.test.jobexecutor.JobExecutorTest.testBasicJobExecutorOperation(JobExecutorTest.java:53)
	at sun.reflect.NativeMethodAccessorImpl.invoke0(Native Method)
	at sun.reflect.NativeMethodAccessorImpl.invoke(NativeMethodAccessorImpl.java:62)
	at sun.reflect.DelegatingMethodAccessorImpl.invoke(DelegatingMethodAccessorImpl.java:43)
	at java.lang.reflect.Method.invoke(Method.java:498)
	at junit.framework.TestCase.runTest(TestCase.java:176)
	at org.activiti.engine.impl.test.PvmTestCase.runTest(PvmTestCase.java:65)
	at junit.framework.TestCase.runBare(TestCase.java:141)
	at org.activiti.engine.impl.test.AbstractActivitiTestCase.runBare(AbstractActivitiTestCase.java:100)
	at junit.framework.TestResult$1.protect(TestResult.java:122)
	at junit.framework.TestResult.runProtected(TestResult.java:142)
	at junit.framework.TestResult.run(TestResult.java:125)
	at junit.framework.TestCase.run(TestCase.java:129)
	at junit.framework.TestSuite.runTest(TestSuite.java:255)
	at junit.framework.TestSuite.run(TestSuite.java:250)
	at org.junit.internal.runners.JUnit38ClassRunner.run(JUnit38ClassRunner.java:84)
	at org.apache.maven.surefire.junit4.JUnit4TestSet.execute(JUnit4TestSet.java:35)
	at org.apache.maven.surefire.junit4.JUnit4Provider.executeTestSet(JUnit4Provider.java:146)
	at org.apache.maven.surefire.junit4.JUnit4Provider.invoke(JUnit4Provider.java:97)
	at sun.reflect.NativeMethodAccessorImpl.invoke0(Native Method)
	at sun.reflect.NativeMethodAccessorImpl.invoke(NativeMethodAccessorImpl.java:62)
	at sun.reflect.DelegatingMethodAccessorImpl.invoke(DelegatingMethodAccessorImpl.java:43)
	at java.lang.reflect.Method.invoke(Method.java:498)
	at org.apache.maven.surefire.booter.ProviderFactory$ClassLoaderProxy.invoke(ProviderFactory.java:103)
	at com.sun.proxy.$Proxy0.invoke(Unknown Source)
	at org.apache.maven.surefire.booter.SurefireStarter.invokeProvider(SurefireStarter.java:145)
	at org.apache.maven.surefire.booter.SurefireStarter.runSuitesInProcess(SurefireStarter.java:87)
	at org.apache.maven.surefire.booter.ForkedBooter.main(ForkedBooter.java:69)
Caused by: org.h2.jdbc.JdbcSQLException: Syntax error in SQL statement &quot;SELECT RES.* 
     
    FROM ACT_RU_JOB RES
     
      
   
     ORDER BY  ORDER[*] BY RES.ID_ ASC  
    LIMIT ? OFFSET ? &quot;; expected &quot;=, NOT, EXISTS, INTERSECTS, SELECT, FROM&quot;; SQL statement:
select RES.* 
     
    from ACT_RU_JOB RES
     
      
   
     order by  order by RES.ID_ asc  
    LIMIT ? OFFSET ? [42001-176]
	at org.h2.message.DbException.getJdbcSQLException(DbException.java:344)
	at org.h2.message.DbException.getSyntaxError(DbException.java:204)
	at org.h2.command.Parser.getSyntaxError(Parser.java:524)
	at org.h2.command.Parser.readTerm(Parser.java:2688)
	at org.h2.command.Parser.readFactor(Parser.java:2244)
	at org.h2.command.Parser.readSum(Parser.java:2231)
	at org.h2.command.Parser.readConcat(Parser.java:2201)
	at org.h2.command.Parser.readCondition(Parser.java:2051)
	at org.h2.command.Parser.readAnd(Parser.java:2023)
	at org.h2.command.Parser.readExpression(Parser.java:2015)
	at org.h2.command.Parser.parseEndOfQuery(Parser.java:1726)
	at org.h2.command.Parser.parseSelectUnionExtension(Parser.java:1706)
	at org.h2.command.Parser.parseSelectUnion(Parser.java:1675)
	at org.h2.command.Parser.parseSelect(Parser.java:1662)
	at org.h2.command.Parser.parsePrepared(Parser.java:434)
	at org.h2.command.Parser.parse(Parser.java:306)
	at org.h2.command.Parser.parse(Parser.java:282)
	at org.h2.command.Parser.prepareCommand(Parser.java:243)
	at org.h2.engine.Session.prepareLocal(Session.java:442)
	at org.h2.engine.Session.prepareCommand(Session.java:384)
	at org.h2.jdbc.JdbcConnection.prepareCommand(JdbcConnection.java:1188)
	at org.h2.jdbc.JdbcPreparedStatement.&lt;init&gt;(JdbcPreparedStatement.java:73)
	at org.h2.jdbc.JdbcConnection.prepareStatement(JdbcConnection.java:276)
	at sun.reflect.GeneratedMethodAccessor6.invoke(Unknown Source)
	at sun.reflect.DelegatingMethodAccessorImpl.invoke(DelegatingMethodAccessorImpl.java:43)
	at java.lang.reflect.Method.invoke(Method.java:498)
	at org.apache.ibatis.datasource.pooled.PooledConnection.invoke(PooledConnection.java:245)
	at com.sun.proxy.$Proxy12.prepareStatement(Unknown Source)
	at sun.reflect.GeneratedMethodAccessor6.invoke(Unknown Source)
	at sun.reflect.DelegatingMethodAccessorImpl.invoke(DelegatingMethodAccessorImpl.java:43)
	at java.lang.reflect.Method.invoke(Method.java:498)
	at org.apache.ibatis.logging.jdbc.ConnectionLogger.invoke(ConnectionLogger.java:55)
	at com.sun.proxy.$Proxy12.prepareStatement(Unknown Source)
	at org.apache.ibatis.executor.statement.PreparedStatementHandler.instantiateStatement(PreparedStatementHandler.java:79)
	at org.apache.ibatis.executor.statement.BaseStatementHandler.prepare(BaseStatementHandler.java:88)
	at org.apache.ibatis.executor.statement.RoutingStatementHandler.prepare(RoutingStatementHandler.java:58)
	at org.apache.ibatis.executor.SimpleExecutor.prepareStatement(SimpleExecutor.java:76)
	at org.apache.ibatis.executor.SimpleExecutor.doQuery(SimpleExecutor.java:61)
	at org.apache.ibatis.executor.BaseExecutor.queryFromDatabase(BaseExecutor.java:303)
	at org.apache.ibatis.executor.BaseExecutor.query(BaseExecutor.java:154)
	at org.apache.ibatis.executor.CachingExecutor.query(CachingExecutor.java:102)
	at org.apache.ibatis.executor.CachingExecutor.query(CachingExecutor.java:82)
	at org.apache.ibatis.session.defaults.DefaultSqlSession.selectList(DefaultSqlSession.java:120)
	... 45 more
10:47:56,849 [main] DEBUG org.activiti.engine.impl.cfg.standalone.StandaloneMybatisTransactionContext  - firing event rolling back...
10:47:56,849 [main] DEBUG org.activiti.engine.impl.cfg.standalone.StandaloneMybatisTransactionContext  - rolling back ibatis sql session...
10:47:56,849 [main] DEBUG org.activiti.engine.impl.cfg.standalone.StandaloneMybatisTransactionContext  - firing event rolled back...
10:47:56,849 [main] DEBUG org.apache.ibatis.transaction.jdbc.JdbcTransaction  - Resetting autocommit to true on JDBC Connection [conn4: url=jdbc:h2:mem:activiti user=SA]
10:47:56,849 [main] DEBUG org.apache.ibatis.transaction.jdbc.JdbcTransaction  - Closing JDBC Connection [conn4: url=jdbc:h2:mem:activiti user=SA]
10:47:56,849 [main] DEBUG org.apache.ibatis.datasource.pooled.PooledDataSource  - Returned connection 297240765 to pool.
10:47:56,849 [main] DEBUG org.activiti.engine.impl.interceptor.LogInterceptor  - --- JobQueryImpl finished --------------------------------------------------------
10:47:56,849 [main] DEBUG org.activiti.engine.impl.interceptor.LogInterceptor  - 

10:47:56,863 [Thread-106] DEBUG org.activiti.engine.impl.asyncexecutor.AcquireAsyncJobsDueRunnable  - async job acquisition thread woke up
10:47:56,863 [Thread-106] DEBUG org.activiti.engine.impl.interceptor.LogInterceptor  - 

10:47:56,863 [Thread-106] DEBUG org.activiti.engine.impl.interceptor.LogInterceptor  - --- starting AcquireAsyncJobsDueCmd --------------------------------------------------------
10:47:56,863 [Thread-106] DEBUG org.apache.ibatis.transaction.jdbc.JdbcTransaction  - Opening JDBC Connection
10:47:56,863 [Thread-102] DEBUG org.activiti.engine.impl.asyncexecutor.AcquireTimerJobsRunnable  - timer job acquisition thread woke up
10:47:56,863 [Thread-102] DEBUG org.activiti.engine.impl.interceptor.LogInterceptor  - 

10:47:56,863 [Thread-102] DEBUG org.activiti.engine.impl.interceptor.LogInterceptor  - --- starting AcquireTimerJobsCmd --------------------------------------------------------
10:47:56,863 [Thread-102] DEBUG org.apache.ibatis.transaction.jdbc.JdbcTransaction  - Opening JDBC Connection
10:47:56,863 [Thread-102] DEBUG org.apache.ibatis.datasource.pooled.PooledDataSource  - Checked out connection 720039383 from pool.
10:47:56,863 [Thread-102] DEBUG org.apache.ibatis.transaction.jdbc.JdbcTransaction  - Setting autocommit to false on JDBC Connection [conn59: url=jdbc:h2:mem:activiti-AsyncExecutorTest user=SA]
10:47:56,863 [Thread-103] DEBUG org.activiti.engine.impl.asyncexecutor.AcquireAsyncJobsDueRunnable  - async job acquisition thread woke up
10:47:56,863 [Thread-103] DEBUG org.activiti.engine.impl.interceptor.LogInterceptor  - 

10:47:56,863 [Thread-103] DEBUG org.activiti.engine.impl.interceptor.LogInterceptor  - --- starting AcquireAsyncJobsDueCmd --------------------------------------------------------
10:47:56,863 [Thread-103] DEBUG org.apache.ibatis.transaction.jdbc.JdbcTransaction  - Opening JDBC Connection
10:47:56,863 [Thread-103] DEBUG org.apache.ibatis.datasource.pooled.PooledDataSource  - Checked out connection 157985567 from pool.
10:47:56,863 [Thread-103] DEBUG org.apache.ibatis.transaction.jdbc.JdbcTransaction  - Setting autocommit to false on JDBC Connection [conn61: url=jdbc:h2:mem:activiti-AsyncExecutorTest user=SA]
10:47:56,863 [Thread-105] DEBUG org.activiti.engine.impl.asyncexecutor.AcquireTimerJobsRunnable  - timer job acquisition thread woke up
10:47:56,864 [Thread-105] DEBUG org.activiti.engine.impl.interceptor.LogInterceptor  - 

10:47:56,864 [Thread-105] DEBUG org.activiti.engine.impl.interceptor.LogInterceptor  - --- starting AcquireTimerJobsCmd --------------------------------------------------------
10:47:56,864 [Thread-105] DEBUG org.apache.ibatis.transaction.jdbc.JdbcTransaction  - Opening JDBC Connection
10:47:56,863 [Thread-111] DEBUG org.activiti.engine.impl.asyncexecutor.AcquireTimerJobsRunnable  - timer job acquisition thread woke up
10:47:56,864 [Thread-111] DEBUG org.activiti.engine.impl.interceptor.LogInterceptor  - 

10:47:56,864 [Thread-111] DEBUG org.activiti.engine.impl.interceptor.LogInterceptor  - --- starting AcquireTimerJobsCmd --------------------------------------------------------
10:47:56,863 [Thread-103] DEBUG org.activiti.engine.impl.persistence.entity.JobEntity.selectAsyncJobsDueToExecute  - ==&gt;  Preparing: select RES.* from ACT_RU_JOB RES LEFT OUTER JOIN ACT_RU_EXECUTION PI ON PI.ID_ = RES.PROCESS_INSTANCE_ID_ where RES.RETRIES_ &gt; 0 and RES.DUEDATE_ is not null and RES.DUEDATE_ &lt;= ? and (RES.LOCK_EXP_TIME_ is null or RES.LOCK_EXP_TIME_ &lt;= ?) and TYPE_ = &apos;message&apos; and ( (RES.EXECUTION_ID_ is null) or (PI.SUSPENSION_STATE_ = 1) ) LIMIT ? OFFSET ? 
10:47:56,863 [Thread-102] DEBUG org.activiti.engine.impl.persistence.entity.JobEntity.selectNextTimerJobsToExecute  - ==&gt;  Preparing: select RES.* from ACT_RU_JOB RES LEFT OUTER JOIN ACT_RU_EXECUTION PI ON PI.ID_ = RES.PROCESS_INSTANCE_ID_ where (RES.RETRIES_ &gt; 0) and (RES.DUEDATE_ is null or RES.DUEDATE_ &lt;= ?) and (RES.LOCK_OWNER_ is null or RES.LOCK_EXP_TIME_ &lt;= ?) and TYPE_ = &apos;timer&apos; and ( (RES.EXECUTION_ID_ is null) or (PI.SUSPENSION_STATE_ = 1) ) LIMIT ? OFFSET ? 
10:47:56,863 [Thread-106] DEBUG org.apache.ibatis.datasource.pooled.PooledDataSource  - Checked out connection 1970103261 from pool.
10:47:56,864 [Thread-106] DEBUG org.apache.ibatis.transaction.jdbc.JdbcTransaction  - Setting autocommit to false on JDBC Connection [conn63: url=jdbc:h2:mem:activiti-AsyncExecutorTest user=SA]
10:47:56,864 [Thread-102] DEBUG org.activiti.engine.impl.persistence.entity.JobEntity.selectNextTimerJobsToExecute  - ==&gt; Parameters: 2023-03-20 10:48:50.669(Timestamp), 2023-03-20 10:48:50.669(Timestamp), 1(Integer), 0(Integer)
10:47:56,864 [Thread-102] DEBUG org.activiti.engine.impl.persistence.entity.JobEntity.selectNextTimerJobsToExecute  - &lt;==      Total: 0
10:47:56,864 [Thread-103] DEBUG org.activiti.engine.impl.persistence.entity.JobEntity.selectAsyncJobsDueToExecute  - ==&gt; Parameters: 2023-03-20 10:48:50.669(Timestamp), 2023-03-20 10:48:50.669(Timestamp), 1(Integer), 0(Integer)
10:47:56,864 [Thread-103] DEBUG org.activiti.engine.impl.persistence.entity.JobEntity.selectAsyncJobsDueToExecute  - &lt;==      Total: 0
10:47:56,864 [Thread-103] DEBUG org.activiti.engine.impl.db.DbSqlSession  - flush summary: 0 insert, 0 update, 0 delete.
10:47:56,864 [Thread-103] DEBUG org.activiti.engine.impl.db.DbSqlSession  - now executing flush...
10:47:56,864 [Thread-103] DEBUG org.activiti.engine.impl.cfg.standalone.StandaloneMybatisTransactionContext  - firing event committing...
10:47:56,864 [Thread-103] DEBUG org.activiti.engine.impl.cfg.standalone.StandaloneMybatisTransactionContext  - committing the ibatis sql session...
10:47:56,864 [Thread-111] DEBUG org.apache.ibatis.transaction.jdbc.JdbcTransaction  - Opening JDBC Connection
10:47:56,864 [Thread-111] DEBUG org.apache.ibatis.datasource.pooled.PooledDataSource  - Checked out connection 58501658 from pool.
10:47:56,865 [Thread-111] DEBUG org.apache.ibatis.transaction.jdbc.JdbcTransaction  - Setting autocommit to false on JDBC Connection [conn68: url=jdbc:h2:mem:activiti-AsyncExecutorTest user=SA]
10:47:56,864 [Thread-103] DEBUG org.activiti.engine.impl.cfg.standalone.StandaloneMybatisTransactionContext  - firing event committed...
10:47:56,864 [Thread-102] DEBUG org.activiti.engine.impl.db.DbSqlSession  - flush summary: 0 insert, 0 update, 0 delete.
10:47:56,865 [Thread-102] DEBUG org.activiti.engine.impl.db.DbSqlSession  - now executing flush...
10:47:56,865 [Thread-102] DEBUG org.activiti.engine.impl.cfg.standalone.StandaloneMybatisTransactionContext  - firing event committing...
10:47:56,865 [Thread-102] DEBUG org.activiti.engine.impl.cfg.standalone.StandaloneMybatisTransactionContext  - committing the ibatis sql session...
10:47:56,865 [Thread-102] DEBUG org.activiti.engine.impl.cfg.standalone.StandaloneMybatisTransactionContext  - firing event committed...
10:47:56,865 [Thread-102] DEBUG org.apache.ibatis.transaction.jdbc.JdbcTransaction  - Resetting autocommit to true on JDBC Connection [conn59: url=jdbc:h2:mem:activiti-AsyncExecutorTest user=SA]
10:47:56,865 [Thread-102] DEBUG org.apache.ibatis.transaction.jdbc.JdbcTransaction  - Closing JDBC Connection [conn59: url=jdbc:h2:mem:activiti-AsyncExecutorTest user=SA]
10:47:56,865 [Thread-102] DEBUG org.apache.ibatis.datasource.pooled.PooledDataSource  - Returned connection 720039383 to pool.
10:47:56,865 [Thread-102] DEBUG org.activiti.engine.impl.interceptor.LogInterceptor  - --- AcquireTimerJobsCmd finished --------------------------------------------------------
10:47:56,865 [Thread-102] DEBUG org.activiti.engine.impl.interceptor.LogInterceptor  - 

10:47:56,865 [Thread-102] DEBUG org.activiti.engine.impl.asyncexecutor.AcquireTimerJobsRunnable  - timer job acquisition thread sleeping for 50 millis
10:47:56,864 [Thread-106] DEBUG org.activiti.engine.impl.persistence.entity.JobEntity.selectAsyncJobsDueToExecute  - ==&gt;  Preparing: select RES.* from ACT_RU_JOB RES LEFT OUTER JOIN ACT_RU_EXECUTION PI ON PI.ID_ = RES.PROCESS_INSTANCE_ID_ where RES.RETRIES_ &gt; 0 and RES.DUEDATE_ is not null and RES.DUEDATE_ &lt;= ? and (RES.LOCK_EXP_TIME_ is null or RES.LOCK_EXP_TIME_ &lt;= ?) and TYPE_ = &apos;message&apos; and ( (RES.EXECUTION_ID_ is null) or (PI.SUSPENSION_STATE_ = 1) ) LIMIT ? OFFSET ? 
10:47:56,865 [Thread-106] DEBUG org.activiti.engine.impl.persistence.entity.JobEntity.selectAsyncJobsDueToExecute  - ==&gt; Parameters: 2023-03-20 10:48:50.669(Timestamp), 2023-03-20 10:48:50.669(Timestamp), 1(Integer), 0(Integer)
10:47:56,865 [Thread-106] DEBUG org.activiti.engine.impl.persistence.entity.JobEntity.selectAsyncJobsDueToExecute  - &lt;==      Total: 0
10:47:56,865 [Thread-106] DEBUG org.activiti.engine.impl.db.DbSqlSession  - flush summary: 0 insert, 0 update, 0 delete.
10:47:56,865 [Thread-106] DEBUG org.activiti.engine.impl.db.DbSqlSession  - now executing flush...
10:47:56,865 [Thread-106] DEBUG org.activiti.engine.impl.cfg.standalone.StandaloneMybatisTransactionContext  - firing event committing...
10:47:56,865 [Thread-106] DEBUG org.activiti.engine.impl.cfg.standalone.StandaloneMybatisTransactionContext  - committing the ibatis sql session...
10:47:56,865 [Thread-106] DEBUG org.activiti.engine.impl.cfg.standalone.StandaloneMybatisTransactionContext  - firing event committed...
10:47:56,865 [Thread-106] DEBUG org.apache.ibatis.transaction.jdbc.JdbcTransaction  - Resetting autocommit to true on JDBC Connection [conn63: url=jdbc:h2:mem:activiti-AsyncExecutorTest user=SA]
10:47:56,865 [Thread-106] DEBUG org.apache.ibatis.transaction.jdbc.JdbcTransaction  - Closing JDBC Connection [conn63: url=jdbc:h2:mem:activiti-AsyncExecutorTest user=SA]
10:47:56,864 [Thread-105] DEBUG org.apache.ibatis.datasource.pooled.PooledDataSource  - Checked out connection 54468349 from pool.
10:47:56,865 [Thread-105] DEBUG org.apache.ibatis.transaction.jdbc.JdbcTransaction  - Setting autocommit to false on JDBC Connection [conn64: url=jdbc:h2:mem:activiti-AsyncExecutorTest user=SA]
10:47:56,865 [Thread-105] DEBUG org.activiti.engine.impl.persistence.entity.JobEntity.selectNextTimerJobsToExecute  - ==&gt;  Preparing: select RES.* from ACT_RU_JOB RES LEFT OUTER JOIN ACT_RU_EXECUTION PI ON PI.ID_ = RES.PROCESS_INSTANCE_ID_ where (RES.RETRIES_ &gt; 0) and (RES.DUEDATE_ is null or RES.DUEDATE_ &lt;= ?) and (RES.LOCK_OWNER_ is null or RES.LOCK_EXP_TIME_ &lt;= ?) and TYPE_ = &apos;timer&apos; and ( (RES.EXECUTION_ID_ is null) or (PI.SUSPENSION_STATE_ = 1) ) LIMIT ? OFFSET ? 
10:47:56,865 [Thread-103] DEBUG org.apache.ibatis.transaction.jdbc.JdbcTransaction  - Resetting autocommit to true on JDBC Connection [conn61: url=jdbc:h2:mem:activiti-AsyncExecutorTest user=SA]
10:47:56,865 [Thread-103] DEBUG org.apache.ibatis.transaction.jdbc.JdbcTransaction  - Closing JDBC Connection [conn61: url=jdbc:h2:mem:activiti-AsyncExecutorTest user=SA]
10:47:56,865 [Thread-103] DEBUG org.apache.ibatis.datasource.pooled.PooledDataSource  - Returned connection 157985567 to pool.
10:47:56,865 [Thread-103] DEBUG org.activiti.engine.impl.interceptor.LogInterceptor  - --- AcquireAsyncJobsDueCmd finished --------------------------------------------------------
10:47:56,865 [Thread-103] DEBUG org.activiti.engine.impl.interceptor.LogInterceptor  - 

10:47:56,865 [Thread-111] DEBUG org.activiti.engine.impl.persistence.entity.JobEntity.selectNextTimerJobsToExecute  - ==&gt;  Preparing: select RES.* from ACT_RU_JOB RES LEFT OUTER JOIN ACT_RU_EXECUTION PI ON PI.ID_ = RES.PROCESS_INSTANCE_ID_ where (RES.RETRIES_ &gt; 0) and (RES.DUEDATE_ is null or RES.DUEDATE_ &lt;= ?) and (RES.LOCK_OWNER_ is null or RES.LOCK_EXP_TIME_ &lt;= ?) and TYPE_ = &apos;timer&apos; and ( (RES.EXECUTION_ID_ is null) or (PI.SUSPENSION_STATE_ = 1) ) LIMIT ? OFFSET ? 
10:47:56,865 [Thread-111] DEBUG org.activiti.engine.impl.persistence.entity.JobEntity.selectNextTimerJobsToExecute  - ==&gt; Parameters: 2023-03-20 10:48:50.669(Timestamp), 2023-03-20 10:48:50.669(Timestamp), 1(Integer), 0(Integer)
10:47:56,865 [Thread-111] DEBUG org.activiti.engine.impl.persistence.entity.JobEntity.selectNextTimerJobsToExecute  - &lt;==      Total: 0
10:47:56,865 [Thread-111] DEBUG org.activiti.engine.impl.db.DbSqlSession  - flush summary: 0 insert, 0 update, 0 delete.
10:47:56,865 [Thread-111] DEBUG org.activiti.engine.impl.db.DbSqlSession  - now executing flush...
10:47:56,865 [Thread-111] DEBUG org.activiti.engine.impl.cfg.standalone.StandaloneMybatisTransactionContext  - firing event committing...
10:47:56,865 [Thread-111] DEBUG org.activiti.engine.impl.cfg.standalone.StandaloneMybatisTransactionContext  - committing the ibatis sql session...
10:47:56,866 [Thread-111] DEBUG org.activiti.engine.impl.cfg.standalone.StandaloneMybatisTransactionContext  - firing event committed...
10:47:56,866 [Thread-111] DEBUG org.apache.ibatis.transaction.jdbc.JdbcTransaction  - Resetting autocommit to true on JDBC Connection [conn68: url=jdbc:h2:mem:activiti-AsyncExecutorTest user=SA]
10:47:56,866 [Thread-111] DEBUG org.apache.ibatis.transaction.jdbc.JdbcTransaction  - Closing JDBC Connection [conn68: url=jdbc:h2:mem:activiti-AsyncExecutorTest user=SA]
10:47:56,866 [Thread-111] DEBUG org.apache.ibatis.datasource.pooled.PooledDataSource  - Returned connection 58501658 to pool.
10:47:56,866 [Thread-111] DEBUG org.activiti.engine.impl.interceptor.LogInterceptor  - --- AcquireTimerJobsCmd finished --------------------------------------------------------
10:47:56,866 [Thread-111] DEBUG org.activiti.engine.impl.interceptor.LogInterceptor  - 

10:47:56,866 [Thread-111] DEBUG org.activiti.engine.impl.asyncexecutor.AcquireTimerJobsRunnable  - timer job acquisition thread sleeping for 50 millis
10:47:56,865 [Thread-103] DEBUG org.activiti.engine.impl.asyncexecutor.AcquireAsyncJobsDueRunnable  - async job acquisition thread sleeping for 50 millis
10:47:56,865 [Thread-106] DEBUG org.apache.ibatis.datasource.pooled.PooledDataSource  - Returned connection 1970103261 to pool.
10:47:56,866 [Thread-106] DEBUG org.activiti.engine.impl.interceptor.LogInterceptor  - --- AcquireAsyncJobsDueCmd finished --------------------------------------------------------
10:47:56,866 [Thread-106] DEBUG org.activiti.engine.impl.interceptor.LogInterceptor  - 

10:47:56,866 [Thread-106] DEBUG org.activiti.engine.impl.asyncexecutor.AcquireAsyncJobsDueRunnable  - async job acquisition thread sleeping for 50 millis
10:47:56,865 [Thread-105] DEBUG org.activiti.engine.impl.persistence.entity.JobEntity.selectNextTimerJobsToExecute  - ==&gt; Parameters: 2023-03-20 10:48:50.669(Timestamp), 2023-03-20 10:48:50.669(Timestamp), 1(Integer), 0(Integer)
10:47:56,866 [Thread-105] DEBUG org.activiti.engine.impl.persistence.entity.JobEntity.selectNextTimerJobsToExecute  - &lt;==      Total: 0
10:47:56,866 [Thread-105] DEBUG org.activiti.engine.impl.db.DbSqlSession  - flush summary: 0 insert, 0 update, 0 delete.
10:47:56,866 [Thread-105] DEBUG org.activiti.engine.impl.db.DbSqlSession  - now executing flush...
10:47:56,866 [Thread-105] DEBUG org.activiti.engine.impl.cfg.standalone.StandaloneMybatisTransactionContext  - firing event committing...
10:47:56,866 [Thread-105] DEBUG org.activiti.engine.impl.cfg.standalone.StandaloneMybatisTransactionContext  - committing the ibatis sql session...
10:47:56,866 [Thread-105] DEBUG org.activiti.engine.impl.cfg.standalone.StandaloneMybatisTransactionContext  - firing event committed...
10:47:56,866 [Thread-105] DEBUG org.apache.ibatis.transaction.jdbc.JdbcTransaction  - Resetting autocommit to true on JDBC Connection [conn64: url=jdbc:h2:mem:activiti-AsyncExecutorTest user=SA]
10:47:56,866 [Thread-105] DEBUG org.apache.ibatis.transaction.jdbc.JdbcTransaction  - Closing JDBC Connection [conn64: url=jdbc:h2:mem:activiti-AsyncExecutorTest user=SA]
10:47:56,866 [Thread-105] DEBUG org.apache.ibatis.datasource.pooled.PooledDataSource  - Returned connection 54468349 to pool.
10:47:56,866 [Thread-105] DEBUG org.activiti.engine.impl.interceptor.LogInterceptor  - --- AcquireTimerJobsCmd finished --------------------------------------------------------
10:47:56,866 [Thread-105] DEBUG org.activiti.engine.impl.interceptor.LogInterceptor  - 

10:47:56,866 [Thread-105] DEBUG org.activiti.engine.impl.asyncexecutor.AcquireTimerJobsRunnable  - timer job acquisition thread sleeping for 50 millis
10:47:56,910 [Thread-112] DEBUG org.activiti.engine.impl.asyncexecutor.AcquireAsyncJobsDueRunnable  - async job acquisition thread woke up
10:47:56,910 [Thread-112] DEBUG org.activiti.engine.impl.interceptor.LogInterceptor  - 

10:47:56,910 [Thread-112] DEBUG org.activiti.engine.impl.interceptor.LogInterceptor  - --- starting AcquireAsyncJobsDueCmd --------------------------------------------------------
10:47:56,910 [Thread-112] DEBUG org.apache.ibatis.transaction.jdbc.JdbcTransaction  - Opening JDBC Connection
10:47:56,910 [Thread-112] DEBUG org.apache.ibatis.datasource.pooled.PooledDataSource  - Checked out connection 1863805930 from pool.
10:47:56,910 [Thread-112] DEBUG org.apache.ibatis.transaction.jdbc.JdbcTransaction  - Setting autocommit to false on JDBC Connection [conn69: url=jdbc:h2:mem:activiti-AsyncExecutorTest user=SA]
10:47:56,910 [Thread-112] DEBUG org.activiti.engine.impl.persistence.entity.JobEntity.selectAsyncJobsDueToExecute  - ==&gt;  Preparing: select RES.* from ACT_RU_JOB RES LEFT OUTER JOIN ACT_RU_EXECUTION PI ON PI.ID_ = RES.PROCESS_INSTANCE_ID_ where RES.RETRIES_ &gt; 0 and RES.DUEDATE_ is not null and RES.DUEDATE_ &lt;= ? and (RES.LOCK_EXP_TIME_ is null or RES.LOCK_EXP_TIME_ &lt;= ?) and TYPE_ = &apos;message&apos; and ( (RES.EXECUTION_ID_ is null) or (PI.SUSPENSION_STATE_ = 1) ) LIMIT ? OFFSET ? 
10:47:56,910 [Thread-112] DEBUG org.activiti.engine.impl.persistence.entity.JobEntity.selectAsyncJobsDueToExecute  - ==&gt; Parameters: 2023-03-20 10:48:50.669(Timestamp), 2023-03-20 10:48:50.669(Timestamp), 1(Integer), 0(Integer)
10:47:56,910 [Thread-112] DEBUG org.activiti.engine.impl.persistence.entity.JobEntity.selectAsyncJobsDueToExecute  - &lt;==      Total: 0
10:47:56,910 [Thread-112] DEBUG org.activiti.engine.impl.db.DbSqlSession  - flush summary: 0 insert, 0 update, 0 delete.
10:47:56,910 [Thread-112] DEBUG org.activiti.engine.impl.db.DbSqlSession  - now executing flush...
10:47:56,910 [Thread-112] DEBUG org.activiti.engine.impl.cfg.standalone.StandaloneMybatisTransactionContext  - firing event committing...
10:47:56,910 [Thread-112] DEBUG org.activiti.engine.impl.cfg.standalone.StandaloneMybatisTransactionContext  - committing the ibatis sql session...
10:47:56,910 [Thread-112] DEBUG org.activiti.engine.impl.cfg.standalone.StandaloneMybatisTransactionContext  - firing event committed...
10:47:56,910 [Thread-112] DEBUG org.apache.ibatis.transaction.jdbc.JdbcTransaction  - Resetting autocommit to true on JDBC Connection [conn69: url=jdbc:h2:mem:activiti-AsyncExecutorTest user=SA]
10:47:56,910 [Thread-112] DEBUG org.apache.ibatis.transaction.jdbc.JdbcTransaction  - Closing JDBC Connection [conn69: url=jdbc:h2:mem:activiti-AsyncExecutorTest user=SA]
10:47:56,910 [Thread-112] DEBUG org.apache.ibatis.datasource.pooled.PooledDataSource  - Returned connection 1863805930 to pool.
10:47:56,910 [Thread-112] DEBUG org.activiti.engine.impl.interceptor.LogInterceptor  - --- AcquireAsyncJobsDueCmd finished --------------------------------------------------------
10:47:56,910 [Thread-112] DEBUG org.activiti.engine.impl.interceptor.LogInterceptor  - 

10:47:56,910 [Thread-112] DEBUG org.activiti.engine.impl.asyncexecutor.AcquireAsyncJobsDueRunnable  - async job acquisition thread sleeping for 50 millis
10:47:56,925 [Thread-106] DEBUG org.activiti.engine.impl.asyncexecutor.AcquireAsyncJobsDueRunnable  - async job acquisition thread woke up
10:47:56,925 [Thread-106] DEBUG org.activiti.engine.impl.interceptor.LogInterceptor  - 

10:47:56,925 [Thread-106] DEBUG org.activiti.engine.impl.interceptor.LogInterceptor  - --- starting AcquireAsyncJobsDueCmd --------------------------------------------------------
10:47:56,925 [Thread-102] DEBUG org.activiti.engine.impl.asyncexecutor.AcquireTimerJobsRunnable  - timer job acquisition thread woke up
10:47:56,925 [Thread-102] DEBUG org.activiti.engine.impl.interceptor.LogInterceptor  - 

10:47:56,925 [Thread-102] DEBUG org.activiti.engine.impl.interceptor.LogInterceptor  - --- starting AcquireTimerJobsCmd --------------------------------------------------------
10:47:56,925 [Thread-102] DEBUG org.apache.ibatis.transaction.jdbc.JdbcTransaction  - Opening JDBC Connection
10:47:56,925 [Thread-102] DEBUG org.apache.ibatis.datasource.pooled.PooledDataSource  - Checked out connection 33534803 from pool.
10:47:56,925 [Thread-102] DEBUG org.apache.ibatis.transaction.jdbc.JdbcTransaction  - Setting autocommit to false on JDBC Connection [conn60: url=jdbc:h2:mem:activiti-AsyncExecutorTest user=SA]
10:47:56,925 [Thread-111] DEBUG org.activiti.engine.impl.asyncexecutor.AcquireTimerJobsRunnable  - timer job acquisition thread woke up
10:47:56,925 [Thread-111] DEBUG org.activiti.engine.impl.interceptor.LogInterceptor  - 

10:47:56,925 [Thread-111] DEBUG org.activiti.engine.impl.interceptor.LogInterceptor  - --- starting AcquireTimerJobsCmd --------------------------------------------------------
10:47:56,925 [Thread-111] DEBUG org.apache.ibatis.transaction.jdbc.JdbcTransaction  - Opening JDBC Connection
10:47:56,925 [Thread-111] DEBUG org.apache.ibatis.datasource.pooled.PooledDataSource  - Checked out connection 604408605 from pool.
10:47:56,925 [Thread-111] DEBUG org.apache.ibatis.transaction.jdbc.JdbcTransaction  - Setting autocommit to false on JDBC Connection [conn70: url=jdbc:h2:mem:activiti-AsyncExecutorTest user=SA]
10:47:56,925 [Thread-111] DEBUG org.activiti.engine.impl.persistence.entity.JobEntity.selectNextTimerJobsToExecute  - ==&gt;  Preparing: select RES.* from ACT_RU_JOB RES LEFT OUTER JOIN ACT_RU_EXECUTION PI ON PI.ID_ = RES.PROCESS_INSTANCE_ID_ where (RES.RETRIES_ &gt; 0) and (RES.DUEDATE_ is null or RES.DUEDATE_ &lt;= ?) and (RES.LOCK_OWNER_ is null or RES.LOCK_EXP_TIME_ &lt;= ?) and TYPE_ = &apos;timer&apos; and ( (RES.EXECUTION_ID_ is null) or (PI.SUSPENSION_STATE_ = 1) ) LIMIT ? OFFSET ? 
10:47:56,926 [Thread-111] DEBUG org.activiti.engine.impl.persistence.entity.JobEntity.selectNextTimerJobsToExecute  - ==&gt; Parameters: 2023-03-20 10:48:50.669(Timestamp), 2023-03-20 10:48:50.669(Timestamp), 1(Integer), 0(Integer)
10:47:56,925 [Thread-103] DEBUG org.activiti.engine.impl.asyncexecutor.AcquireAsyncJobsDueRunnable  - async job acquisition thread woke up
10:47:56,926 [Thread-103] DEBUG org.activiti.engine.impl.interceptor.LogInterceptor  - 

10:47:56,926 [Thread-103] DEBUG org.activiti.engine.impl.interceptor.LogInterceptor  - --- starting AcquireAsyncJobsDueCmd --------------------------------------------------------
10:47:56,925 [Thread-105] DEBUG org.activiti.engine.impl.asyncexecutor.AcquireTimerJobsRunnable  - timer job acquisition thread woke up
10:47:56,926 [Thread-105] DEBUG org.activiti.engine.impl.interceptor.LogInterceptor  - 

10:47:56,926 [Thread-105] DEBUG org.activiti.engine.impl.interceptor.LogInterceptor  - --- starting AcquireTimerJobsCmd --------------------------------------------------------
10:47:56,926 [Thread-105] DEBUG org.apache.ibatis.transaction.jdbc.JdbcTransaction  - Opening JDBC Connection
10:47:56,926 [Thread-105] DEBUG org.apache.ibatis.datasource.pooled.PooledDataSource  - Checked out connection 996762054 from pool.
10:47:56,926 [Thread-105] DEBUG org.apache.ibatis.transaction.jdbc.JdbcTransaction  - Setting autocommit to false on JDBC Connection [conn65: url=jdbc:h2:mem:activiti-AsyncExecutorTest user=SA]
10:47:56,926 [Thread-105] DEBUG org.activiti.engine.impl.persistence.entity.JobEntity.selectNextTimerJobsToExecute  - ==&gt;  Preparing: select RES.* from ACT_RU_JOB RES LEFT OUTER JOIN ACT_RU_EXECUTION PI ON PI.ID_ = RES.PROCESS_INSTANCE_ID_ where (RES.RETRIES_ &gt; 0) and (RES.DUEDATE_ is null or RES.DUEDATE_ &lt;= ?) and (RES.LOCK_OWNER_ is null or RES.LOCK_EXP_TIME_ &lt;= ?) and TYPE_ = &apos;timer&apos; and ( (RES.EXECUTION_ID_ is null) or (PI.SUSPENSION_STATE_ = 1) ) LIMIT ? OFFSET ? 
10:47:56,926 [Thread-103] DEBUG org.apache.ibatis.transaction.jdbc.JdbcTransaction  - Opening JDBC Connection
10:47:56,926 [Thread-103] DEBUG org.apache.ibatis.datasource.pooled.PooledDataSource  - Checked out connection 720039383 from pool.
10:47:56,926 [Thread-103] DEBUG org.apache.ibatis.transaction.jdbc.JdbcTransaction  - Setting autocommit to false on JDBC Connection [conn59: url=jdbc:h2:mem:activiti-AsyncExecutorTest user=SA]
10:47:56,926 [Thread-103] DEBUG org.activiti.engine.impl.persistence.entity.JobEntity.selectAsyncJobsDueToExecute  - ==&gt;  Preparing: select RES.* from ACT_RU_JOB RES LEFT OUTER JOIN ACT_RU_EXECUTION PI ON PI.ID_ = RES.PROCESS_INSTANCE_ID_ where RES.RETRIES_ &gt; 0 and RES.DUEDATE_ is not null and RES.DUEDATE_ &lt;= ? and (RES.LOCK_EXP_TIME_ is null or RES.LOCK_EXP_TIME_ &lt;= ?) and TYPE_ = &apos;message&apos; and ( (RES.EXECUTION_ID_ is null) or (PI.SUSPENSION_STATE_ = 1) ) LIMIT ? OFFSET ? 
10:47:56,926 [Thread-103] DEBUG org.activiti.engine.impl.persistence.entity.JobEntity.selectAsyncJobsDueToExecute  - ==&gt; Parameters: 2023-03-20 10:48:50.669(Timestamp), 2023-03-20 10:48:50.669(Timestamp), 1(Integer), 0(Integer)
10:47:56,926 [Thread-111] DEBUG org.activiti.engine.impl.persistence.entity.JobEntity.selectNextTimerJobsToExecute  - &lt;==      Total: 0
10:47:56,926 [Thread-111] DEBUG org.activiti.engine.impl.db.DbSqlSession  - flush summary: 0 insert, 0 update, 0 delete.
10:47:56,926 [Thread-111] DEBUG org.activiti.engine.impl.db.DbSqlSession  - now executing flush...
10:47:56,926 [Thread-111] DEBUG org.activiti.engine.impl.cfg.standalone.StandaloneMybatisTransactionContext  - firing event committing...
10:47:56,926 [Thread-111] DEBUG org.activiti.engine.impl.cfg.standalone.StandaloneMybatisTransactionContext  - committing the ibatis sql session...
10:47:56,926 [Thread-111] DEBUG org.activiti.engine.impl.cfg.standalone.StandaloneMybatisTransactionContext  - firing event committed...
10:47:56,926 [Thread-111] DEBUG org.apache.ibatis.transaction.jdbc.JdbcTransaction  - Resetting autocommit to true on JDBC Connection [conn70: url=jdbc:h2:mem:activiti-AsyncExecutorTest user=SA]
10:47:56,926 [Thread-111] DEBUG org.apache.ibatis.transaction.jdbc.JdbcTransaction  - Closing JDBC Connection [conn70: url=jdbc:h2:mem:activiti-AsyncExecutorTest user=SA]
10:47:56,926 [Thread-111] DEBUG org.apache.ibatis.datasource.pooled.PooledDataSource  - Returned connection 604408605 to pool.
10:47:56,926 [Thread-111] DEBUG org.activiti.engine.impl.interceptor.LogInterceptor  - --- AcquireTimerJobsCmd finished --------------------------------------------------------
10:47:56,926 [Thread-111] DEBUG org.activiti.engine.impl.interceptor.LogInterceptor  - 

10:47:56,926 [Thread-111] DEBUG org.activiti.engine.impl.asyncexecutor.AcquireTimerJobsRunnable  - timer job acquisition thread sleeping for 50 millis
10:47:56,925 [Thread-102] DEBUG org.activiti.engine.impl.persistence.entity.JobEntity.selectNextTimerJobsToExecute  - ==&gt;  Preparing: select RES.* from ACT_RU_JOB RES LEFT OUTER JOIN ACT_RU_EXECUTION PI ON PI.ID_ = RES.PROCESS_INSTANCE_ID_ where (RES.RETRIES_ &gt; 0) and (RES.DUEDATE_ is null or RES.DUEDATE_ &lt;= ?) and (RES.LOCK_OWNER_ is null or RES.LOCK_EXP_TIME_ &lt;= ?) and TYPE_ = &apos;timer&apos; and ( (RES.EXECUTION_ID_ is null) or (PI.SUSPENSION_STATE_ = 1) ) LIMIT ? OFFSET ? 
10:47:56,926 [Thread-102] DEBUG org.activiti.engine.impl.persistence.entity.JobEntity.selectNextTimerJobsToExecute  - ==&gt; Parameters: 2023-03-20 10:48:50.669(Timestamp), 2023-03-20 10:48:50.669(Timestamp), 1(Integer), 0(Integer)
10:47:56,927 [Thread-102] DEBUG org.activiti.engine.impl.persistence.entity.JobEntity.selectNextTimerJobsToExecute  - &lt;==      Total: 0
10:47:56,927 [Thread-102] DEBUG org.activiti.engine.impl.db.DbSqlSession  - flush summary: 0 insert, 0 update, 0 delete.
10:47:56,927 [Thread-102] DEBUG org.activiti.engine.impl.db.DbSqlSession  - now executing flush...
10:47:56,927 [Thread-102] DEBUG org.activiti.engine.impl.cfg.standalone.StandaloneMybatisTransactionContext  - firing event committing...
10:47:56,927 [Thread-102] DEBUG org.activiti.engine.impl.cfg.standalone.StandaloneMybatisTransactionContext  - committing the ibatis sql session...
10:47:56,925 [Thread-106] DEBUG org.apache.ibatis.transaction.jdbc.JdbcTransaction  - Opening JDBC Connection
10:47:56,927 [Thread-106] DEBUG org.apache.ibatis.datasource.pooled.PooledDataSource  - Checked out connection 1970103261 from pool.
10:47:56,927 [Thread-106] DEBUG org.apache.ibatis.transaction.jdbc.JdbcTransaction  - Setting autocommit to false on JDBC Connection [conn63: url=jdbc:h2:mem:activiti-AsyncExecutorTest user=SA]
10:47:56,927 [Thread-106] DEBUG org.activiti.engine.impl.persistence.entity.JobEntity.selectAsyncJobsDueToExecute  - ==&gt;  Preparing: select RES.* from ACT_RU_JOB RES LEFT OUTER JOIN ACT_RU_EXECUTION PI ON PI.ID_ = RES.PROCESS_INSTANCE_ID_ where RES.RETRIES_ &gt; 0 and RES.DUEDATE_ is not null and RES.DUEDATE_ &lt;= ? and (RES.LOCK_EXP_TIME_ is null or RES.LOCK_EXP_TIME_ &lt;= ?) and TYPE_ = &apos;message&apos; and ( (RES.EXECUTION_ID_ is null) or (PI.SUSPENSION_STATE_ = 1) ) LIMIT ? OFFSET ? 
10:47:56,927 [Thread-102] DEBUG org.activiti.engine.impl.cfg.standalone.StandaloneMybatisTransactionContext  - firing event committed...
10:47:56,927 [Thread-102] DEBUG org.apache.ibatis.transaction.jdbc.JdbcTransaction  - Resetting autocommit to true on JDBC Connection [conn60: url=jdbc:h2:mem:activiti-AsyncExecutorTest user=SA]
10:47:56,927 [Thread-102] DEBUG org.apache.ibatis.transaction.jdbc.JdbcTransaction  - Closing JDBC Connection [conn60: url=jdbc:h2:mem:activiti-AsyncExecutorTest user=SA]
10:47:56,927 [Thread-102] DEBUG org.apache.ibatis.datasource.pooled.PooledDataSource  - Returned connection 33534803 to pool.
10:47:56,927 [Thread-102] DEBUG org.activiti.engine.impl.interceptor.LogInterceptor  - --- AcquireTimerJobsCmd finished --------------------------------------------------------
10:47:56,927 [Thread-102] DEBUG org.activiti.engine.impl.interceptor.LogInterceptor  - 

10:47:56,927 [Thread-102] DEBUG org.activiti.engine.impl.asyncexecutor.AcquireTimerJobsRunnable  - timer job acquisition thread sleeping for 50 millis
10:47:56,926 [Thread-103] DEBUG org.activiti.engine.impl.persistence.entity.JobEntity.selectAsyncJobsDueToExecute  - &lt;==      Total: 0
10:47:56,927 [Thread-103] DEBUG org.activiti.engine.impl.db.DbSqlSession  - flush summary: 0 insert, 0 update, 0 delete.
10:47:56,927 [Thread-103] DEBUG org.activiti.engine.impl.db.DbSqlSession  - now executing flush...
10:47:56,927 [Thread-103] DEBUG org.activiti.engine.impl.cfg.standalone.StandaloneMybatisTransactionContext  - firing event committing...
10:47:56,927 [Thread-103] DEBUG org.activiti.engine.impl.cfg.standalone.StandaloneMybatisTransactionContext  - committing the ibatis sql session...
10:47:56,927 [Thread-103] DEBUG org.activiti.engine.impl.cfg.standalone.StandaloneMybatisTransactionContext  - firing event committed...
10:47:56,927 [Thread-103] DEBUG org.apache.ibatis.transaction.jdbc.JdbcTransaction  - Resetting autocommit to true on JDBC Connection [conn59: url=jdbc:h2:mem:activiti-AsyncExecutorTest user=SA]
10:47:56,927 [Thread-103] DEBUG org.apache.ibatis.transaction.jdbc.JdbcTransaction  - Closing JDBC Connection [conn59: url=jdbc:h2:mem:activiti-AsyncExecutorTest user=SA]
10:47:56,927 [Thread-103] DEBUG org.apache.ibatis.datasource.pooled.PooledDataSource  - Returned connection 720039383 to pool.
10:47:56,926 [Thread-105] DEBUG org.activiti.engine.impl.persistence.entity.JobEntity.selectNextTimerJobsToExecute  - ==&gt; Parameters: 2023-03-20 10:48:50.669(Timestamp), 2023-03-20 10:48:50.669(Timestamp), 1(Integer), 0(Integer)
10:47:56,927 [Thread-105] DEBUG org.activiti.engine.impl.persistence.entity.JobEntity.selectNextTimerJobsToExecute  - &lt;==      Total: 0
10:47:56,927 [Thread-105] DEBUG org.activiti.engine.impl.db.DbSqlSession  - flush summary: 0 insert, 0 update, 0 delete.
10:47:56,927 [Thread-103] DEBUG org.activiti.engine.impl.interceptor.LogInterceptor  - --- AcquireAsyncJobsDueCmd finished --------------------------------------------------------
10:47:56,927 [Thread-103] DEBUG org.activiti.engine.impl.interceptor.LogInterceptor  - 

10:47:56,927 [Thread-103] DEBUG org.activiti.engine.impl.asyncexecutor.AcquireAsyncJobsDueRunnable  - async job acquisition thread sleeping for 50 millis
10:47:56,927 [Thread-106] DEBUG org.activiti.engine.impl.persistence.entity.JobEntity.selectAsyncJobsDueToExecute  - ==&gt; Parameters: 2023-03-20 10:48:50.669(Timestamp), 2023-03-20 10:48:50.669(Timestamp), 1(Integer), 0(Integer)
10:47:56,927 [Thread-106] DEBUG org.activiti.engine.impl.persistence.entity.JobEntity.selectAsyncJobsDueToExecute  - &lt;==      Total: 0
10:47:56,927 [Thread-106] DEBUG org.activiti.engine.impl.db.DbSqlSession  - flush summary: 0 insert, 0 update, 0 delete.
10:47:56,927 [Thread-106] DEBUG org.activiti.engine.impl.db.DbSqlSession  - now executing flush...
10:47:56,927 [Thread-106] DEBUG org.activiti.engine.impl.cfg.standalone.StandaloneMybatisTransactionContext  - firing event committing...
10:47:56,928 [Thread-106] DEBUG org.activiti.engine.impl.cfg.standalone.StandaloneMybatisTransactionContext  - committing the ibatis sql session...
10:47:56,928 [Thread-106] DEBUG org.activiti.engine.impl.cfg.standalone.StandaloneMybatisTransactionContext  - firing event committed...
10:47:56,928 [Thread-106] DEBUG org.apache.ibatis.transaction.jdbc.JdbcTransaction  - Resetting autocommit to true on JDBC Connection [conn63: url=jdbc:h2:mem:activiti-AsyncExecutorTest user=SA]
10:47:56,928 [Thread-106] DEBUG org.apache.ibatis.transaction.jdbc.JdbcTransaction  - Closing JDBC Connection [conn63: url=jdbc:h2:mem:activiti-AsyncExecutorTest user=SA]
10:47:56,928 [Thread-106] DEBUG org.apache.ibatis.datasource.pooled.PooledDataSource  - Returned connection 1970103261 to pool.
10:47:56,928 [Thread-106] DEBUG org.activiti.engine.impl.interceptor.LogInterceptor  - --- AcquireAsyncJobsDueCmd finished --------------------------------------------------------
10:47:56,928 [Thread-106] DEBUG org.activiti.engine.impl.interceptor.LogInterceptor  - 

10:47:56,928 [Thread-106] DEBUG org.activiti.engine.impl.asyncexecutor.AcquireAsyncJobsDueRunnable  - async job acquisition thread sleeping for 50 millis
10:47:56,927 [Thread-105] DEBUG org.activiti.engine.impl.db.DbSqlSession  - now executing flush...
10:47:56,928 [Thread-105] DEBUG org.activiti.engine.impl.cfg.standalone.StandaloneMybatisTransactionContext  - firing event committing...
10:47:56,928 [Thread-105] DEBUG org.activiti.engine.impl.cfg.standalone.StandaloneMybatisTransactionContext  - committing the ibatis sql session...
10:47:56,928 [Thread-105] DEBUG org.activiti.engine.impl.cfg.standalone.StandaloneMybatisTransactionContext  - firing event committed...
10:47:56,928 [Thread-105] DEBUG org.apache.ibatis.transaction.jdbc.JdbcTransaction  - Resetting autocommit to true on JDBC Connection [conn65: url=jdbc:h2:mem:activiti-AsyncExecutorTest user=SA]
10:47:56,928 [Thread-105] DEBUG org.apache.ibatis.transaction.jdbc.JdbcTransaction  - Closing JDBC Connection [conn65: url=jdbc:h2:mem:activiti-AsyncExecutorTest user=SA]
10:47:56,928 [Thread-105] DEBUG org.apache.ibatis.datasource.pooled.PooledDataSource  - Returned connection 996762054 to pool.
10:47:56,928 [Thread-105] DEBUG org.activiti.engine.impl.interceptor.LogInterceptor  - --- AcquireTimerJobsCmd finished --------------------------------------------------------
10:47:56,928 [Thread-105] DEBUG org.activiti.engine.impl.interceptor.LogInterceptor  - 

10:47:56,928 [Thread-105] DEBUG org.activiti.engine.impl.asyncexecutor.AcquireTimerJobsRunnable  - timer job acquisition thread sleeping for 50 millis
10:47:56,971 [Thread-112] DEBUG org.activiti.engine.impl.asyncexecutor.AcquireAsyncJobsDueRunnable  - async job acquisition thread woke up
10:47:56,971 [Thread-112] DEBUG org.activiti.engine.impl.interceptor.LogInterceptor  - 

10:47:56,971 [Thread-112] DEBUG org.activiti.engine.impl.interceptor.LogInterceptor  - --- starting AcquireAsyncJobsDueCmd --------------------------------------------------------
10:47:56,971 [Thread-112] DEBUG org.apache.ibatis.transaction.jdbc.JdbcTransaction  - Opening JDBC Connection
10:47:56,971 [Thread-112] DEBUG org.apache.ibatis.datasource.pooled.PooledDataSource  - Checked out connection 58501658 from pool.
10:47:56,971 [Thread-112] DEBUG org.apache.ibatis.transaction.jdbc.JdbcTransaction  - Setting autocommit to false on JDBC Connection [conn68: url=jdbc:h2:mem:activiti-AsyncExecutorTest user=SA]
10:47:56,971 [Thread-112] DEBUG org.activiti.engine.impl.persistence.entity.JobEntity.selectAsyncJobsDueToExecute  - ==&gt;  Preparing: select RES.* from ACT_RU_JOB RES LEFT OUTER JOIN ACT_RU_EXECUTION PI ON PI.ID_ = RES.PROCESS_INSTANCE_ID_ where RES.RETRIES_ &gt; 0 and RES.DUEDATE_ is not null and RES.DUEDATE_ &lt;= ? and (RES.LOCK_EXP_TIME_ is null or RES.LOCK_EXP_TIME_ &lt;= ?) and TYPE_ = &apos;message&apos; and ( (RES.EXECUTION_ID_ is null) or (PI.SUSPENSION_STATE_ = 1) ) LIMIT ? OFFSET ? 
10:47:56,971 [Thread-112] DEBUG org.activiti.engine.impl.persistence.entity.JobEntity.selectAsyncJobsDueToExecute  - ==&gt; Parameters: 2023-03-20 10:48:50.669(Timestamp), 2023-03-20 10:48:50.669(Timestamp), 1(Integer), 0(Integer)
10:47:56,971 [Thread-112] DEBUG org.activiti.engine.impl.persistence.entity.JobEntity.selectAsyncJobsDueToExecute  - &lt;==      Total: 0
10:47:56,971 [Thread-112] DEBUG org.activiti.engine.impl.db.DbSqlSession  - flush summary: 0 insert, 0 update, 0 delete.
10:47:56,971 [Thread-112] DEBUG org.activiti.engine.impl.db.DbSqlSession  - now executing flush...
10:47:56,971 [Thread-112] DEBUG org.activiti.engine.impl.cfg.standalone.StandaloneMybatisTransactionContext  - firing event committing...
10:47:56,971 [Thread-112] DEBUG org.activiti.engine.impl.cfg.standalone.StandaloneMybatisTransactionContext  - committing the ibatis sql session...
10:47:56,971 [Thread-112] DEBUG org.activiti.engine.impl.cfg.standalone.StandaloneMybatisTransactionContext  - firing event committed...
10:47:56,971 [Thread-112] DEBUG org.apache.ibatis.transaction.jdbc.JdbcTransaction  - Resetting autocommit to true on JDBC Connection [conn68: url=jdbc:h2:mem:activiti-AsyncExecutorTest user=SA]
10:47:56,971 [Thread-112] DEBUG org.apache.ibatis.transaction.jdbc.JdbcTransaction  - Closing JDBC Connection [conn68: url=jdbc:h2:mem:activiti-AsyncExecutorTest user=SA]
10:47:56,971 [Thread-112] DEBUG org.apache.ibatis.datasource.pooled.PooledDataSource  - Returned connection 58501658 to pool.
10:47:56,971 [Thread-112] DEBUG org.activiti.engine.impl.interceptor.LogInterceptor  - --- AcquireAsyncJobsDueCmd finished --------------------------------------------------------
10:47:56,971 [Thread-112] DEBUG org.activiti.engine.impl.interceptor.LogInterceptor  - 

10:47:56,971 [Thread-112] DEBUG org.activiti.engine.impl.asyncexecutor.AcquireAsyncJobsDueRunnable  - async job acquisition thread sleeping for 50 millis
10:47:56,987 [Thread-106] DEBUG org.activiti.engine.impl.asyncexecutor.AcquireAsyncJobsDueRunnable  - async job acquisition thread woke up
10:47:56,987 [Thread-106] DEBUG org.activiti.engine.impl.interceptor.LogInterceptor  - 

10:47:56,987 [Thread-106] DEBUG org.activiti.engine.impl.interceptor.LogInterceptor  - --- starting AcquireAsyncJobsDueCmd --------------------------------------------------------
10:47:56,987 [Thread-111] DEBUG org.activiti.engine.impl.asyncexecutor.AcquireTimerJobsRunnable  - timer job acquisition thread woke up
10:47:56,987 [Thread-111] DEBUG org.activiti.engine.impl.interceptor.LogInterceptor  - 

10:47:56,987 [Thread-111] DEBUG org.activiti.engine.impl.interceptor.LogInterceptor  - --- starting AcquireTimerJobsCmd --------------------------------------------------------
10:47:56,987 [Thread-105] DEBUG org.activiti.engine.impl.asyncexecutor.AcquireTimerJobsRunnable  - timer job acquisition thread woke up
10:47:56,987 [Thread-105] DEBUG org.activiti.engine.impl.interceptor.LogInterceptor  - 

10:47:56,987 [Thread-105] DEBUG org.activiti.engine.impl.interceptor.LogInterceptor  - --- starting AcquireTimerJobsCmd --------------------------------------------------------
10:47:56,987 [Thread-105] DEBUG org.apache.ibatis.transaction.jdbc.JdbcTransaction  - Opening JDBC Connection
10:47:56,987 [Thread-105] DEBUG org.apache.ibatis.datasource.pooled.PooledDataSource  - Checked out connection 54468349 from pool.
10:47:56,987 [Thread-105] DEBUG org.apache.ibatis.transaction.jdbc.JdbcTransaction  - Setting autocommit to false on JDBC Connection [conn64: url=jdbc:h2:mem:activiti-AsyncExecutorTest user=SA]
10:47:56,987 [Thread-105] DEBUG org.activiti.engine.impl.persistence.entity.JobEntity.selectNextTimerJobsToExecute  - ==&gt;  Preparing: select RES.* from ACT_RU_JOB RES LEFT OUTER JOIN ACT_RU_EXECUTION PI ON PI.ID_ = RES.PROCESS_INSTANCE_ID_ where (RES.RETRIES_ &gt; 0) and (RES.DUEDATE_ is null or RES.DUEDATE_ &lt;= ?) and (RES.LOCK_OWNER_ is null or RES.LOCK_EXP_TIME_ &lt;= ?) and TYPE_ = &apos;timer&apos; and ( (RES.EXECUTION_ID_ is null) or (PI.SUSPENSION_STATE_ = 1) ) LIMIT ? OFFSET ? 
10:47:56,987 [Thread-102] DEBUG org.activiti.engine.impl.asyncexecutor.AcquireTimerJobsRunnable  - timer job acquisition thread woke up
10:47:56,987 [Thread-103] DEBUG org.activiti.engine.impl.asyncexecutor.AcquireAsyncJobsDueRunnable  - async job acquisition thread woke up
10:47:56,988 [Thread-103] DEBUG org.activiti.engine.impl.interceptor.LogInterceptor  - 

10:47:56,988 [Thread-103] DEBUG org.activiti.engine.impl.interceptor.LogInterceptor  - --- starting AcquireAsyncJobsDueCmd --------------------------------------------------------
10:47:56,988 [Thread-103] DEBUG org.apache.ibatis.transaction.jdbc.JdbcTransaction  - Opening JDBC Connection
10:47:56,988 [Thread-103] DEBUG org.apache.ibatis.datasource.pooled.PooledDataSource  - Checked out connection 157985567 from pool.
10:47:56,987 [Thread-102] DEBUG org.activiti.engine.impl.interceptor.LogInterceptor  - 

10:47:56,988 [Thread-102] DEBUG org.activiti.engine.impl.interceptor.LogInterceptor  - --- starting AcquireTimerJobsCmd --------------------------------------------------------
10:47:56,987 [Thread-105] DEBUG org.activiti.engine.impl.persistence.entity.JobEntity.selectNextTimerJobsToExecute  - ==&gt; Parameters: 2023-03-20 10:48:50.669(Timestamp), 2023-03-20 10:48:50.669(Timestamp), 1(Integer), 0(Integer)
10:47:56,988 [Thread-105] DEBUG org.activiti.engine.impl.persistence.entity.JobEntity.selectNextTimerJobsToExecute  - &lt;==      Total: 0
10:47:56,988 [Thread-105] DEBUG org.activiti.engine.impl.db.DbSqlSession  - flush summary: 0 insert, 0 update, 0 delete.
10:47:56,988 [Thread-105] DEBUG org.activiti.engine.impl.db.DbSqlSession  - now executing flush...
10:47:56,988 [Thread-105] DEBUG org.activiti.engine.impl.cfg.standalone.StandaloneMybatisTransactionContext  - firing event committing...
10:47:56,988 [Thread-105] DEBUG org.activiti.engine.impl.cfg.standalone.StandaloneMybatisTransactionContext  - committing the ibatis sql session...
10:47:56,987 [Thread-111] DEBUG org.apache.ibatis.transaction.jdbc.JdbcTransaction  - Opening JDBC Connection
10:47:56,988 [Thread-111] DEBUG org.apache.ibatis.datasource.pooled.PooledDataSource  - Checked out connection 1863805930 from pool.
10:47:56,988 [Thread-111] DEBUG org.apache.ibatis.transaction.jdbc.JdbcTransaction  - Setting autocommit to false on JDBC Connection [conn69: url=jdbc:h2:mem:activiti-AsyncExecutorTest user=SA]
10:47:56,988 [Thread-111] DEBUG org.activiti.engine.impl.persistence.entity.JobEntity.selectNextTimerJobsToExecute  - ==&gt;  Preparing: select RES.* from ACT_RU_JOB RES LEFT OUTER JOIN ACT_RU_EXECUTION PI ON PI.ID_ = RES.PROCESS_INSTANCE_ID_ where (RES.RETRIES_ &gt; 0) and (RES.DUEDATE_ is null or RES.DUEDATE_ &lt;= ?) and (RES.LOCK_OWNER_ is null or RES.LOCK_EXP_TIME_ &lt;= ?) and TYPE_ = &apos;timer&apos; and ( (RES.EXECUTION_ID_ is null) or (PI.SUSPENSION_STATE_ = 1) ) LIMIT ? OFFSET ? 
10:47:56,987 [Thread-106] DEBUG org.apache.ibatis.transaction.jdbc.JdbcTransaction  - Opening JDBC Connection
10:47:56,988 [Thread-106] DEBUG org.apache.ibatis.datasource.pooled.PooledDataSource  - Checked out connection 1970103261 from pool.
10:47:56,988 [Thread-106] DEBUG org.apache.ibatis.transaction.jdbc.JdbcTransaction  - Setting autocommit to false on JDBC Connection [conn63: url=jdbc:h2:mem:activiti-AsyncExecutorTest user=SA]
10:47:56,988 [Thread-111] DEBUG org.activiti.engine.impl.persistence.entity.JobEntity.selectNextTimerJobsToExecute  - ==&gt; Parameters: 2023-03-20 10:48:50.669(Timestamp), 2023-03-20 10:48:50.669(Timestamp), 1(Integer), 0(Integer)
10:47:56,988 [Thread-111] DEBUG org.activiti.engine.impl.persistence.entity.JobEntity.selectNextTimerJobsToExecute  - &lt;==      Total: 0
10:47:56,988 [Thread-111] DEBUG org.activiti.engine.impl.db.DbSqlSession  - flush summary: 0 insert, 0 update, 0 delete.
10:47:56,988 [Thread-111] DEBUG org.activiti.engine.impl.db.DbSqlSession  - now executing flush...
10:47:56,988 [Thread-111] DEBUG org.activiti.engine.impl.cfg.standalone.StandaloneMybatisTransactionContext  - firing event committing...
10:47:56,988 [Thread-111] DEBUG org.activiti.engine.impl.cfg.standalone.StandaloneMybatisTransactionContext  - committing the ibatis sql session...
10:47:56,989 [Thread-111] DEBUG org.activiti.engine.impl.cfg.standalone.StandaloneMybatisTransactionContext  - firing event committed...
10:47:56,989 [Thread-111] DEBUG org.apache.ibatis.transaction.jdbc.JdbcTransaction  - Resetting autocommit to true on JDBC Connection [conn69: url=jdbc:h2:mem:activiti-AsyncExecutorTest user=SA]
10:47:56,989 [Thread-111] DEBUG org.apache.ibatis.transaction.jdbc.JdbcTransaction  - Closing JDBC Connection [conn69: url=jdbc:h2:mem:activiti-AsyncExecutorTest user=SA]
10:47:56,989 [Thread-111] DEBUG org.apache.ibatis.datasource.pooled.PooledDataSource  - Returned connection 1863805930 to pool.
10:47:56,989 [Thread-111] DEBUG org.activiti.engine.impl.interceptor.LogInterceptor  - --- AcquireTimerJobsCmd finished --------------------------------------------------------
10:47:56,989 [Thread-111] DEBUG org.activiti.engine.impl.interceptor.LogInterceptor  - 

10:47:56,989 [Thread-111] DEBUG org.activiti.engine.impl.asyncexecutor.AcquireTimerJobsRunnable  - timer job acquisition thread sleeping for 50 millis
10:47:56,988 [Thread-105] DEBUG org.activiti.engine.impl.cfg.standalone.StandaloneMybatisTransactionContext  - firing event committed...
10:47:56,989 [Thread-105] DEBUG org.apache.ibatis.transaction.jdbc.JdbcTransaction  - Resetting autocommit to true on JDBC Connection [conn64: url=jdbc:h2:mem:activiti-AsyncExecutorTest user=SA]
10:47:56,989 [Thread-105] DEBUG org.apache.ibatis.transaction.jdbc.JdbcTransaction  - Closing JDBC Connection [conn64: url=jdbc:h2:mem:activiti-AsyncExecutorTest user=SA]
10:47:56,989 [Thread-105] DEBUG org.apache.ibatis.datasource.pooled.PooledDataSource  - Returned connection 54468349 to pool.
10:47:56,989 [Thread-105] DEBUG org.activiti.engine.impl.interceptor.LogInterceptor  - --- AcquireTimerJobsCmd finished --------------------------------------------------------
10:47:56,989 [Thread-105] DEBUG org.activiti.engine.impl.interceptor.LogInterceptor  - 

10:47:56,989 [Thread-105] DEBUG org.activiti.engine.impl.asyncexecutor.AcquireTimerJobsRunnable  - timer job acquisition thread sleeping for 50 millis
10:47:56,988 [Thread-102] DEBUG org.apache.ibatis.transaction.jdbc.JdbcTransaction  - Opening JDBC Connection
10:47:56,989 [Thread-102] DEBUG org.apache.ibatis.datasource.pooled.PooledDataSource  - Checked out connection 33534803 from pool.
10:47:56,989 [Thread-102] DEBUG org.apache.ibatis.transaction.jdbc.JdbcTransaction  - Setting autocommit to false on JDBC Connection [conn60: url=jdbc:h2:mem:activiti-AsyncExecutorTest user=SA]
10:47:56,988 [Thread-103] DEBUG org.apache.ibatis.transaction.jdbc.JdbcTransaction  - Setting autocommit to false on JDBC Connection [conn61: url=jdbc:h2:mem:activiti-AsyncExecutorTest user=SA]
10:47:56,989 [Thread-103] DEBUG org.activiti.engine.impl.persistence.entity.JobEntity.selectAsyncJobsDueToExecute  - ==&gt;  Preparing: select RES.* from ACT_RU_JOB RES LEFT OUTER JOIN ACT_RU_EXECUTION PI ON PI.ID_ = RES.PROCESS_INSTANCE_ID_ where RES.RETRIES_ &gt; 0 and RES.DUEDATE_ is not null and RES.DUEDATE_ &lt;= ? and (RES.LOCK_EXP_TIME_ is null or RES.LOCK_EXP_TIME_ &lt;= ?) and TYPE_ = &apos;message&apos; and ( (RES.EXECUTION_ID_ is null) or (PI.SUSPENSION_STATE_ = 1) ) LIMIT ? OFFSET ? 
10:47:56,989 [Thread-103] DEBUG org.activiti.engine.impl.persistence.entity.JobEntity.selectAsyncJobsDueToExecute  - ==&gt; Parameters: 2023-03-20 10:48:50.669(Timestamp), 2023-03-20 10:48:50.669(Timestamp), 1(Integer), 0(Integer)
10:47:56,989 [Thread-103] DEBUG org.activiti.engine.impl.persistence.entity.JobEntity.selectAsyncJobsDueToExecute  - &lt;==      Total: 0
10:47:56,989 [Thread-103] DEBUG org.activiti.engine.impl.db.DbSqlSession  - flush summary: 0 insert, 0 update, 0 delete.
10:47:56,989 [Thread-103] DEBUG org.activiti.engine.impl.db.DbSqlSession  - now executing flush...
10:47:56,989 [Thread-103] DEBUG org.activiti.engine.impl.cfg.standalone.StandaloneMybatisTransactionContext  - firing event committing...
10:47:56,989 [Thread-103] DEBUG org.activiti.engine.impl.cfg.standalone.StandaloneMybatisTransactionContext  - committing the ibatis sql session...
10:47:56,989 [Thread-103] DEBUG org.activiti.engine.impl.cfg.standalone.StandaloneMybatisTransactionContext  - firing event committed...
10:47:56,989 [Thread-103] DEBUG org.apache.ibatis.transaction.jdbc.JdbcTransaction  - Resetting autocommit to true on JDBC Connection [conn61: url=jdbc:h2:mem:activiti-AsyncExecutorTest user=SA]
10:47:56,989 [Thread-103] DEBUG org.apache.ibatis.transaction.jdbc.JdbcTransaction  - Closing JDBC Connection [conn61: url=jdbc:h2:mem:activiti-AsyncExecutorTest user=SA]
10:47:56,989 [Thread-103] DEBUG org.apache.ibatis.datasource.pooled.PooledDataSource  - Returned connection 157985567 to pool.
10:47:56,989 [Thread-103] DEBUG org.activiti.engine.impl.interceptor.LogInterceptor  - --- AcquireAsyncJobsDueCmd finished --------------------------------------------------------
10:47:56,989 [Thread-103] DEBUG org.activiti.engine.impl.interceptor.LogInterceptor  - 

10:47:56,989 [Thread-103] DEBUG org.activiti.engine.impl.asyncexecutor.AcquireAsyncJobsDueRunnable  - async job acquisition thread sleeping for 50 millis
10:47:56,989 [Thread-102] DEBUG org.activiti.engine.impl.persistence.entity.JobEntity.selectNextTimerJobsToExecute  - ==&gt;  Preparing: select RES.* from ACT_RU_JOB RES LEFT OUTER JOIN ACT_RU_EXECUTION PI ON PI.ID_ = RES.PROCESS_INSTANCE_ID_ where (RES.RETRIES_ &gt; 0) and (RES.DUEDATE_ is null or RES.DUEDATE_ &lt;= ?) and (RES.LOCK_OWNER_ is null or RES.LOCK_EXP_TIME_ &lt;= ?) and TYPE_ = &apos;timer&apos; and ( (RES.EXECUTION_ID_ is null) or (PI.SUSPENSION_STATE_ = 1) ) LIMIT ? OFFSET ? 
10:47:56,989 [Thread-102] DEBUG org.activiti.engine.impl.persistence.entity.JobEntity.selectNextTimerJobsToExecute  - ==&gt; Parameters: 2023-03-20 10:48:50.669(Timestamp), 2023-03-20 10:48:50.669(Timestamp), 1(Integer), 0(Integer)
10:47:56,988 [Thread-106] DEBUG org.activiti.engine.impl.persistence.entity.JobEntity.selectAsyncJobsDueToExecute  - ==&gt;  Preparing: select RES.* from ACT_RU_JOB RES LEFT OUTER JOIN ACT_RU_EXECUTION PI ON PI.ID_ = RES.PROCESS_INSTANCE_ID_ where RES.RETRIES_ &gt; 0 and RES.DUEDATE_ is not null and RES.DUEDATE_ &lt;= ? and (RES.LOCK_EXP_TIME_ is null or RES.LOCK_EXP_TIME_ &lt;= ?) and TYPE_ = &apos;message&apos; and ( (RES.EXECUTION_ID_ is null) or (PI.SUSPENSION_STATE_ = 1) ) LIMIT ? OFFSET ? 
10:47:56,989 [Thread-106] DEBUG org.activiti.engine.impl.persistence.entity.JobEntity.selectAsyncJobsDueToExecute  - ==&gt; Parameters: 2023-03-20 10:48:50.669(Timestamp), 2023-03-20 10:48:50.669(Timestamp), 1(Integer), 0(Integer)
10:47:56,989 [Thread-106] DEBUG org.activiti.engine.impl.persistence.entity.JobEntity.selectAsyncJobsDueToExecute  - &lt;==      Total: 0
10:47:56,989 [Thread-106] DEBUG org.activiti.engine.impl.db.DbSqlSession  - flush summary: 0 insert, 0 update, 0 delete.
10:47:56,989 [Thread-106] DEBUG org.activiti.engine.impl.db.DbSqlSession  - now executing flush...
10:47:56,989 [Thread-106] DEBUG org.activiti.engine.impl.cfg.standalone.StandaloneMybatisTransactionContext  - firing event committing...
10:47:56,989 [Thread-106] DEBUG org.activiti.engine.impl.cfg.standalone.StandaloneMybatisTransactionContext  - committing the ibatis sql session...
10:47:56,990 [Thread-106] DEBUG org.activiti.engine.impl.cfg.standalone.StandaloneMybatisTransactionContext  - firing event committed...
10:47:56,989 [Thread-102] DEBUG org.activiti.engine.impl.persistence.entity.JobEntity.selectNextTimerJobsToExecute  - &lt;==      Total: 0
10:47:56,990 [Thread-102] DEBUG org.activiti.engine.impl.db.DbSqlSession  - flush summary: 0 insert, 0 update, 0 delete.
10:47:56,990 [Thread-102] DEBUG org.activiti.engine.impl.db.DbSqlSession  - now executing flush...
10:47:56,990 [Thread-102] DEBUG org.activiti.engine.impl.cfg.standalone.StandaloneMybatisTransactionContext  - firing event committing...
10:47:56,990 [Thread-102] DEBUG org.activiti.engine.impl.cfg.standalone.StandaloneMybatisTransactionContext  - committing the ibatis sql session...
10:47:56,990 [Thread-102] DEBUG org.activiti.engine.impl.cfg.standalone.StandaloneMybatisTransactionContext  - firing event committed...
10:47:56,990 [Thread-102] DEBUG org.apache.ibatis.transaction.jdbc.JdbcTransaction  - Resetting autocommit to true on JDBC Connection [conn60: url=jdbc:h2:mem:activiti-AsyncExecutorTest user=SA]
10:47:56,990 [Thread-102] DEBUG org.apache.ibatis.transaction.jdbc.JdbcTransaction  - Closing JDBC Connection [conn60: url=jdbc:h2:mem:activiti-AsyncExecutorTest user=SA]
10:47:56,990 [Thread-102] DEBUG org.apache.ibatis.datasource.pooled.PooledDataSource  - Returned connection 33534803 to pool.
10:47:56,990 [Thread-102] DEBUG org.activiti.engine.impl.interceptor.LogInterceptor  - --- AcquireTimerJobsCmd finished --------------------------------------------------------
10:47:56,990 [Thread-102] DEBUG org.activiti.engine.impl.interceptor.LogInterceptor  - 

10:47:56,990 [Thread-102] DEBUG org.activiti.engine.impl.asyncexecutor.AcquireTimerJobsRunnable  - timer job acquisition thread sleeping for 50 millis
10:47:56,990 [Thread-106] DEBUG org.apache.ibatis.transaction.jdbc.JdbcTransaction  - Resetting autocommit to true on JDBC Connection [conn63: url=jdbc:h2:mem:activiti-AsyncExecutorTest user=SA]
10:47:56,990 [Thread-106] DEBUG org.apache.ibatis.transaction.jdbc.JdbcTransaction  - Closing JDBC Connection [conn63: url=jdbc:h2:mem:activiti-AsyncExecutorTest user=SA]
10:47:56,990 [Thread-106] DEBUG org.apache.ibatis.datasource.pooled.PooledDataSource  - Returned connection 1970103261 to pool.
10:47:56,990 [Thread-106] DEBUG org.activiti.engine.impl.interceptor.LogInterceptor  - --- AcquireAsyncJobsDueCmd finished --------------------------------------------------------
10:47:56,990 [Thread-106] DEBUG org.activiti.engine.impl.interceptor.LogInterceptor  - 

10:47:56,990 [Thread-106] DEBUG org.activiti.engine.impl.asyncexecutor.AcquireAsyncJobsDueRunnable  - async job acquisition thread sleeping for 50 millis
10:47:57,034 [Thread-112] DEBUG org.activiti.engine.impl.asyncexecutor.AcquireAsyncJobsDueRunnable  - async job acquisition thread woke up
10:47:57,034 [Thread-112] DEBUG org.activiti.engine.impl.interceptor.LogInterceptor  - 

10:47:57,034 [Thread-112] DEBUG org.activiti.engine.impl.interceptor.LogInterceptor  - --- starting AcquireAsyncJobsDueCmd --------------------------------------------------------
10:47:57,034 [Thread-112] DEBUG org.apache.ibatis.transaction.jdbc.JdbcTransaction  - Opening JDBC Connection
10:47:57,034 [Thread-112] DEBUG org.apache.ibatis.datasource.pooled.PooledDataSource  - Checked out connection 604408605 from pool.
10:47:57,034 [Thread-112] DEBUG org.apache.ibatis.transaction.jdbc.JdbcTransaction  - Setting autocommit to false on JDBC Connection [conn70: url=jdbc:h2:mem:activiti-AsyncExecutorTest user=SA]
10:47:57,034 [Thread-112] DEBUG org.activiti.engine.impl.persistence.entity.JobEntity.selectAsyncJobsDueToExecute  - ==&gt;  Preparing: select RES.* from ACT_RU_JOB RES LEFT OUTER JOIN ACT_RU_EXECUTION PI ON PI.ID_ = RES.PROCESS_INSTANCE_ID_ where RES.RETRIES_ &gt; 0 and RES.DUEDATE_ is not null and RES.DUEDATE_ &lt;= ? and (RES.LOCK_EXP_TIME_ is null or RES.LOCK_EXP_TIME_ &lt;= ?) and TYPE_ = &apos;message&apos; and ( (RES.EXECUTION_ID_ is null) or (PI.SUSPENSION_STATE_ = 1) ) LIMIT ? OFFSET ? 
10:47:57,034 [Thread-112] DEBUG org.activiti.engine.impl.persistence.entity.JobEntity.selectAsyncJobsDueToExecute  - ==&gt; Parameters: 2023-03-20 10:48:50.669(Timestamp), 2023-03-20 10:48:50.669(Timestamp), 1(Integer), 0(Integer)
10:47:57,034 [Thread-112] DEBUG org.activiti.engine.impl.persistence.entity.JobEntity.selectAsyncJobsDueToExecute  - &lt;==      Total: 0
10:47:57,034 [Thread-112] DEBUG org.activiti.engine.impl.db.DbSqlSession  - flush summary: 0 insert, 0 update, 0 delete.
10:47:57,034 [Thread-112] DEBUG org.activiti.engine.impl.db.DbSqlSession  - now executing flush...
10:47:57,034 [Thread-112] DEBUG org.activiti.engine.impl.cfg.standalone.StandaloneMybatisTransactionContext  - firing event committing...
10:47:57,034 [Thread-112] DEBUG org.activiti.engine.impl.cfg.standalone.StandaloneMybatisTransactionContext  - committing the ibatis sql session...
10:47:57,034 [Thread-112] DEBUG org.activiti.engine.impl.cfg.standalone.StandaloneMybatisTransactionContext  - firing event committed...
10:47:57,034 [Thread-112] DEBUG org.apache.ibatis.transaction.jdbc.JdbcTransaction  - Resetting autocommit to true on JDBC Connection [conn70: url=jdbc:h2:mem:activiti-AsyncExecutorTest user=SA]
10:47:57,034 [Thread-112] DEBUG org.apache.ibatis.transaction.jdbc.JdbcTransaction  - Closing JDBC Connection [conn70: url=jdbc:h2:mem:activiti-AsyncExecutorTest user=SA]
10:47:57,034 [Thread-112] DEBUG org.apache.ibatis.datasource.pooled.PooledDataSource  - Returned connection 604408605 to pool.
10:47:57,034 [Thread-112] DEBUG org.activiti.engine.impl.interceptor.LogInterceptor  - --- AcquireAsyncJobsDueCmd finished --------------------------------------------------------
10:47:57,034 [Thread-112] DEBUG org.activiti.engine.impl.interceptor.LogInterceptor  - 

10:47:57,034 [Thread-112] DEBUG org.activiti.engine.impl.asyncexecutor.AcquireAsyncJobsDueRunnable  - async job acquisition thread sleeping for 50 millis
10:47:57,049 [Thread-106] DEBUG org.activiti.engine.impl.asyncexecutor.AcquireAsyncJobsDueRunnable  - async job acquisition thread woke up
10:47:57,049 [Thread-106] DEBUG org.activiti.engine.impl.interceptor.LogInterceptor  - 

10:47:57,049 [Thread-103] DEBUG org.activiti.engine.impl.asyncexecutor.AcquireAsyncJobsDueRunnable  - async job acquisition thread woke up
10:47:57,049 [Thread-103] DEBUG org.activiti.engine.impl.interceptor.LogInterceptor  - 

10:47:57,049 [Thread-103] DEBUG org.activiti.engine.impl.interceptor.LogInterceptor  - --- starting AcquireAsyncJobsDueCmd --------------------------------------------------------
10:47:57,049 [Thread-102] DEBUG org.activiti.engine.impl.asyncexecutor.AcquireTimerJobsRunnable  - timer job acquisition thread woke up
10:47:57,049 [Thread-102] DEBUG org.activiti.engine.impl.interceptor.LogInterceptor  - 

10:47:57,049 [Thread-102] DEBUG org.activiti.engine.impl.interceptor.LogInterceptor  - --- starting AcquireTimerJobsCmd --------------------------------------------------------
10:47:57,049 [Thread-111] DEBUG org.activiti.engine.impl.asyncexecutor.AcquireTimerJobsRunnable  - timer job acquisition thread woke up
10:47:57,049 [Thread-111] DEBUG org.activiti.engine.impl.interceptor.LogInterceptor  - 

10:47:57,049 [Thread-111] DEBUG org.activiti.engine.impl.interceptor.LogInterceptor  - --- starting AcquireTimerJobsCmd --------------------------------------------------------
10:47:57,049 [Thread-105] DEBUG org.activiti.engine.impl.asyncexecutor.AcquireTimerJobsRunnable  - timer job acquisition thread woke up
10:47:57,049 [Thread-105] DEBUG org.activiti.engine.impl.interceptor.LogInterceptor  - 

10:47:57,049 [Thread-105] DEBUG org.activiti.engine.impl.interceptor.LogInterceptor  - --- starting AcquireTimerJobsCmd --------------------------------------------------------
10:47:57,049 [Thread-111] DEBUG org.apache.ibatis.transaction.jdbc.JdbcTransaction  - Opening JDBC Connection
10:47:57,049 [Thread-111] DEBUG org.apache.ibatis.datasource.pooled.PooledDataSource  - Checked out connection 58501658 from pool.
10:47:57,049 [Thread-111] DEBUG org.apache.ibatis.transaction.jdbc.JdbcTransaction  - Setting autocommit to false on JDBC Connection [conn68: url=jdbc:h2:mem:activiti-AsyncExecutorTest user=SA]
10:47:57,049 [Thread-111] DEBUG org.activiti.engine.impl.persistence.entity.JobEntity.selectNextTimerJobsToExecute  - ==&gt;  Preparing: select RES.* from ACT_RU_JOB RES LEFT OUTER JOIN ACT_RU_EXECUTION PI ON PI.ID_ = RES.PROCESS_INSTANCE_ID_ where (RES.RETRIES_ &gt; 0) and (RES.DUEDATE_ is null or RES.DUEDATE_ &lt;= ?) and (RES.LOCK_OWNER_ is null or RES.LOCK_EXP_TIME_ &lt;= ?) and TYPE_ = &apos;timer&apos; and ( (RES.EXECUTION_ID_ is null) or (PI.SUSPENSION_STATE_ = 1) ) LIMIT ? OFFSET ? 
10:47:57,049 [Thread-102] DEBUG org.apache.ibatis.transaction.jdbc.JdbcTransaction  - Opening JDBC Connection
10:47:57,049 [Thread-102] DEBUG org.apache.ibatis.datasource.pooled.PooledDataSource  - Checked out connection 720039383 from pool.
10:47:57,049 [Thread-102] DEBUG org.apache.ibatis.transaction.jdbc.JdbcTransaction  - Setting autocommit to false on JDBC Connection [conn59: url=jdbc:h2:mem:activiti-AsyncExecutorTest user=SA]
10:47:57,049 [Thread-103] DEBUG org.apache.ibatis.transaction.jdbc.JdbcTransaction  - Opening JDBC Connection
10:47:57,049 [Thread-103] DEBUG org.apache.ibatis.datasource.pooled.PooledDataSource  - Checked out connection 157985567 from pool.
10:47:57,049 [Thread-103] DEBUG org.apache.ibatis.transaction.jdbc.JdbcTransaction  - Setting autocommit to false on JDBC Connection [conn61: url=jdbc:h2:mem:activiti-AsyncExecutorTest user=SA]
10:47:57,049 [Thread-103] DEBUG org.activiti.engine.impl.persistence.entity.JobEntity.selectAsyncJobsDueToExecute  - ==&gt;  Preparing: select RES.* from ACT_RU_JOB RES LEFT OUTER JOIN ACT_RU_EXECUTION PI ON PI.ID_ = RES.PROCESS_INSTANCE_ID_ where RES.RETRIES_ &gt; 0 and RES.DUEDATE_ is not null and RES.DUEDATE_ &lt;= ? and (RES.LOCK_EXP_TIME_ is null or RES.LOCK_EXP_TIME_ &lt;= ?) and TYPE_ = &apos;message&apos; and ( (RES.EXECUTION_ID_ is null) or (PI.SUSPENSION_STATE_ = 1) ) LIMIT ? OFFSET ? 
10:47:57,049 [Thread-106] DEBUG org.activiti.engine.impl.interceptor.LogInterceptor  - --- starting AcquireAsyncJobsDueCmd --------------------------------------------------------
10:47:57,049 [Thread-106] DEBUG org.apache.ibatis.transaction.jdbc.JdbcTransaction  - Opening JDBC Connection
10:47:57,049 [Thread-106] DEBUG org.apache.ibatis.datasource.pooled.PooledDataSource  - Checked out connection 996762054 from pool.
10:47:57,049 [Thread-106] DEBUG org.apache.ibatis.transaction.jdbc.JdbcTransaction  - Setting autocommit to false on JDBC Connection [conn65: url=jdbc:h2:mem:activiti-AsyncExecutorTest user=SA]
10:47:57,049 [Thread-106] DEBUG org.activiti.engine.impl.persistence.entity.JobEntity.selectAsyncJobsDueToExecute  - ==&gt;  Preparing: select RES.* from ACT_RU_JOB RES LEFT OUTER JOIN ACT_RU_EXECUTION PI ON PI.ID_ = RES.PROCESS_INSTANCE_ID_ where RES.RETRIES_ &gt; 0 and RES.DUEDATE_ is not null and RES.DUEDATE_ &lt;= ? and (RES.LOCK_EXP_TIME_ is null or RES.LOCK_EXP_TIME_ &lt;= ?) and TYPE_ = &apos;message&apos; and ( (RES.EXECUTION_ID_ is null) or (PI.SUSPENSION_STATE_ = 1) ) LIMIT ? OFFSET ? 
10:47:57,049 [Thread-103] DEBUG org.activiti.engine.impl.persistence.entity.JobEntity.selectAsyncJobsDueToExecute  - ==&gt; Parameters: 2023-03-20 10:48:50.669(Timestamp), 2023-03-20 10:48:50.669(Timestamp), 1(Integer), 0(Integer)
10:47:57,050 [Thread-103] DEBUG org.activiti.engine.impl.persistence.entity.JobEntity.selectAsyncJobsDueToExecute  - &lt;==      Total: 0
10:47:57,050 [Thread-103] DEBUG org.activiti.engine.impl.db.DbSqlSession  - flush summary: 0 insert, 0 update, 0 delete.
10:47:57,050 [Thread-103] DEBUG org.activiti.engine.impl.db.DbSqlSession  - now executing flush...
10:47:57,050 [Thread-103] DEBUG org.activiti.engine.impl.cfg.standalone.StandaloneMybatisTransactionContext  - firing event committing...
10:47:57,050 [Thread-103] DEBUG org.activiti.engine.impl.cfg.standalone.StandaloneMybatisTransactionContext  - committing the ibatis sql session...
10:47:57,050 [Thread-103] DEBUG org.activiti.engine.impl.cfg.standalone.StandaloneMybatisTransactionContext  - firing event committed...
10:47:57,050 [Thread-103] DEBUG org.apache.ibatis.transaction.jdbc.JdbcTransaction  - Resetting autocommit to true on JDBC Connection [conn61: url=jdbc:h2:mem:activiti-AsyncExecutorTest user=SA]
10:47:57,050 [Thread-103] DEBUG org.apache.ibatis.transaction.jdbc.JdbcTransaction  - Closing JDBC Connection [conn61: url=jdbc:h2:mem:activiti-AsyncExecutorTest user=SA]
10:47:57,050 [Thread-103] DEBUG org.apache.ibatis.datasource.pooled.PooledDataSource  - Returned connection 157985567 to pool.
10:47:57,049 [Thread-102] DEBUG org.activiti.engine.impl.persistence.entity.JobEntity.selectNextTimerJobsToExecute  - ==&gt;  Preparing: select RES.* from ACT_RU_JOB RES LEFT OUTER JOIN ACT_RU_EXECUTION PI ON PI.ID_ = RES.PROCESS_INSTANCE_ID_ where (RES.RETRIES_ &gt; 0) and (RES.DUEDATE_ is null or RES.DUEDATE_ &lt;= ?) and (RES.LOCK_OWNER_ is null or RES.LOCK_EXP_TIME_ &lt;= ?) and TYPE_ = &apos;timer&apos; and ( (RES.EXECUTION_ID_ is null) or (PI.SUSPENSION_STATE_ = 1) ) LIMIT ? OFFSET ? 
10:47:57,050 [Thread-102] DEBUG org.activiti.engine.impl.persistence.entity.JobEntity.selectNextTimerJobsToExecute  - ==&gt; Parameters: 2023-03-20 10:48:50.669(Timestamp), 2023-03-20 10:48:50.669(Timestamp), 1(Integer), 0(Integer)
10:47:57,050 [Thread-102] DEBUG org.activiti.engine.impl.persistence.entity.JobEntity.selectNextTimerJobsToExecute  - &lt;==      Total: 0
10:47:57,050 [Thread-102] DEBUG org.activiti.engine.impl.db.DbSqlSession  - flush summary: 0 insert, 0 update, 0 delete.
10:47:57,050 [Thread-102] DEBUG org.activiti.engine.impl.db.DbSqlSession  - now executing flush...
10:47:57,050 [Thread-102] DEBUG org.activiti.engine.impl.cfg.standalone.StandaloneMybatisTransactionContext  - firing event committing...
10:47:57,050 [Thread-102] DEBUG org.activiti.engine.impl.cfg.standalone.StandaloneMybatisTransactionContext  - committing the ibatis sql session...
10:47:57,050 [Thread-102] DEBUG org.activiti.engine.impl.cfg.standalone.StandaloneMybatisTransactionContext  - firing event committed...
10:47:57,050 [Thread-102] DEBUG org.apache.ibatis.transaction.jdbc.JdbcTransaction  - Resetting autocommit to true on JDBC Connection [conn59: url=jdbc:h2:mem:activiti-AsyncExecutorTest user=SA]
10:47:57,050 [Thread-102] DEBUG org.apache.ibatis.transaction.jdbc.JdbcTransaction  - Closing JDBC Connection [conn59: url=jdbc:h2:mem:activiti-AsyncExecutorTest user=SA]
10:47:57,050 [Thread-102] DEBUG org.apache.ibatis.datasource.pooled.PooledDataSource  - Returned connection 720039383 to pool.
10:47:57,050 [Thread-102] DEBUG org.activiti.engine.impl.interceptor.LogInterceptor  - --- AcquireTimerJobsCmd finished --------------------------------------------------------
10:47:57,050 [Thread-102] DEBUG org.activiti.engine.impl.interceptor.LogInterceptor  - 

10:47:57,049 [Thread-111] DEBUG org.activiti.engine.impl.persistence.entity.JobEntity.selectNextTimerJobsToExecute  - ==&gt; Parameters: 2023-03-20 10:48:50.669(Timestamp), 2023-03-20 10:48:50.669(Timestamp), 1(Integer), 0(Integer)
10:47:57,050 [Thread-111] DEBUG org.activiti.engine.impl.persistence.entity.JobEntity.selectNextTimerJobsToExecute  - &lt;==      Total: 0
10:47:57,050 [Thread-111] DEBUG org.activiti.engine.impl.db.DbSqlSession  - flush summary: 0 insert, 0 update, 0 delete.
10:47:57,050 [Thread-111] DEBUG org.activiti.engine.impl.db.DbSqlSession  - now executing flush...
10:47:57,050 [Thread-111] DEBUG org.activiti.engine.impl.cfg.standalone.StandaloneMybatisTransactionContext  - firing event committing...
10:47:57,050 [Thread-111] DEBUG org.activiti.engine.impl.cfg.standalone.StandaloneMybatisTransactionContext  - committing the ibatis sql session...
10:47:57,050 [Thread-111] DEBUG org.activiti.engine.impl.cfg.standalone.StandaloneMybatisTransactionContext  - firing event committed...
10:47:57,050 [Thread-111] DEBUG org.apache.ibatis.transaction.jdbc.JdbcTransaction  - Resetting autocommit to true on JDBC Connection [conn68: url=jdbc:h2:mem:activiti-AsyncExecutorTest user=SA]
10:47:57,050 [Thread-111] DEBUG org.apache.ibatis.transaction.jdbc.JdbcTransaction  - Closing JDBC Connection [conn68: url=jdbc:h2:mem:activiti-AsyncExecutorTest user=SA]
10:47:57,050 [Thread-111] DEBUG org.apache.ibatis.datasource.pooled.PooledDataSource  - Returned connection 58501658 to pool.
10:47:57,050 [Thread-111] DEBUG org.activiti.engine.impl.interceptor.LogInterceptor  - --- AcquireTimerJobsCmd finished --------------------------------------------------------
10:47:57,050 [Thread-111] DEBUG org.activiti.engine.impl.interceptor.LogInterceptor  - 

10:47:57,050 [Thread-111] DEBUG org.activiti.engine.impl.asyncexecutor.AcquireTimerJobsRunnable  - timer job acquisition thread sleeping for 50 millis
10:47:57,049 [Thread-105] DEBUG org.apache.ibatis.transaction.jdbc.JdbcTransaction  - Opening JDBC Connection
10:47:57,050 [Thread-105] DEBUG org.apache.ibatis.datasource.pooled.PooledDataSource  - Checked out connection 54468349 from pool.
10:47:57,050 [Thread-105] DEBUG org.apache.ibatis.transaction.jdbc.JdbcTransaction  - Setting autocommit to false on JDBC Connection [conn64: url=jdbc:h2:mem:activiti-AsyncExecutorTest user=SA]
10:47:57,050 [Thread-105] DEBUG org.activiti.engine.impl.persistence.entity.JobEntity.selectNextTimerJobsToExecute  - ==&gt;  Preparing: select RES.* from ACT_RU_JOB RES LEFT OUTER JOIN ACT_RU_EXECUTION PI ON PI.ID_ = RES.PROCESS_INSTANCE_ID_ where (RES.RETRIES_ &gt; 0) and (RES.DUEDATE_ is null or RES.DUEDATE_ &lt;= ?) and (RES.LOCK_OWNER_ is null or RES.LOCK_EXP_TIME_ &lt;= ?) and TYPE_ = &apos;timer&apos; and ( (RES.EXECUTION_ID_ is null) or (PI.SUSPENSION_STATE_ = 1) ) LIMIT ? OFFSET ? 
10:47:57,050 [Thread-105] DEBUG org.activiti.engine.impl.persistence.entity.JobEntity.selectNextTimerJobsToExecute  - ==&gt; Parameters: 2023-03-20 10:48:50.669(Timestamp), 2023-03-20 10:48:50.669(Timestamp), 1(Integer), 0(Integer)
10:47:57,050 [Thread-102] DEBUG org.activiti.engine.impl.asyncexecutor.AcquireTimerJobsRunnable  - timer job acquisition thread sleeping for 50 millis
10:47:57,050 [Thread-103] DEBUG org.activiti.engine.impl.interceptor.LogInterceptor  - --- AcquireAsyncJobsDueCmd finished --------------------------------------------------------
10:47:57,051 [Thread-103] DEBUG org.activiti.engine.impl.interceptor.LogInterceptor  - 

10:47:57,051 [Thread-103] DEBUG org.activiti.engine.impl.asyncexecutor.AcquireAsyncJobsDueRunnable  - async job acquisition thread sleeping for 50 millis
10:47:57,050 [Thread-106] DEBUG org.activiti.engine.impl.persistence.entity.JobEntity.selectAsyncJobsDueToExecute  - ==&gt; Parameters: 2023-03-20 10:48:50.669(Timestamp), 2023-03-20 10:48:50.669(Timestamp), 1(Integer), 0(Integer)
10:47:57,051 [Thread-106] DEBUG org.activiti.engine.impl.persistence.entity.JobEntity.selectAsyncJobsDueToExecute  - &lt;==      Total: 0
10:47:57,051 [Thread-106] DEBUG org.activiti.engine.impl.db.DbSqlSession  - flush summary: 0 insert, 0 update, 0 delete.
10:47:57,051 [Thread-106] DEBUG org.activiti.engine.impl.db.DbSqlSession  - now executing flush...
10:47:57,051 [Thread-106] DEBUG org.activiti.engine.impl.cfg.standalone.StandaloneMybatisTransactionContext  - firing event committing...
10:47:57,051 [Thread-106] DEBUG org.activiti.engine.impl.cfg.standalone.StandaloneMybatisTransactionContext  - committing the ibatis sql session...
10:47:57,051 [Thread-106] DEBUG org.activiti.engine.impl.cfg.standalone.StandaloneMybatisTransactionContext  - firing event committed...
10:47:57,051 [Thread-106] DEBUG org.apache.ibatis.transaction.jdbc.JdbcTransaction  - Resetting autocommit to true on JDBC Connection [conn65: url=jdbc:h2:mem:activiti-AsyncExecutorTest user=SA]
10:47:57,051 [Thread-106] DEBUG org.apache.ibatis.transaction.jdbc.JdbcTransaction  - Closing JDBC Connection [conn65: url=jdbc:h2:mem:activiti-AsyncExecutorTest user=SA]
10:47:57,051 [Thread-106] DEBUG org.apache.ibatis.datasource.pooled.PooledDataSource  - Returned connection 996762054 to pool.
10:47:57,051 [Thread-106] DEBUG org.activiti.engine.impl.interceptor.LogInterceptor  - --- AcquireAsyncJobsDueCmd finished --------------------------------------------------------
10:47:57,051 [Thread-106] DEBUG org.activiti.engine.impl.interceptor.LogInterceptor  - 

10:47:57,051 [Thread-106] DEBUG org.activiti.engine.impl.asyncexecutor.AcquireAsyncJobsDueRunnable  - async job acquisition thread sleeping for 50 millis
10:47:57,051 [Thread-105] DEBUG org.activiti.engine.impl.persistence.entity.JobEntity.selectNextTimerJobsToExecute  - &lt;==      Total: 0
10:47:57,051 [Thread-105] DEBUG org.activiti.engine.impl.db.DbSqlSession  - flush summary: 0 insert, 0 update, 0 delete.
10:47:57,051 [Thread-105] DEBUG org.activiti.engine.impl.db.DbSqlSession  - now executing flush...
10:47:57,051 [Thread-105] DEBUG org.activiti.engine.impl.cfg.standalone.StandaloneMybatisTransactionContext  - firing event committing...
10:47:57,051 [Thread-105] DEBUG org.activiti.engine.impl.cfg.standalone.StandaloneMybatisTransactionContext  - committing the ibatis sql session...
10:47:57,051 [Thread-105] DEBUG org.activiti.engine.impl.cfg.standalone.StandaloneMybatisTransactionContext  - firing event committed...
10:47:57,051 [Thread-105] DEBUG org.apache.ibatis.transaction.jdbc.JdbcTransaction  - Resetting autocommit to true on JDBC Connection [conn64: url=jdbc:h2:mem:activiti-AsyncExecutorTest user=SA]
10:47:57,051 [Thread-105] DEBUG org.apache.ibatis.transaction.jdbc.JdbcTransaction  - Closing JDBC Connection [conn64: url=jdbc:h2:mem:activiti-AsyncExecutorTest user=SA]
10:47:57,051 [Thread-105] DEBUG org.apache.ibatis.datasource.pooled.PooledDataSource  - Returned connection 54468349 to pool.
10:47:57,051 [Thread-105] DEBUG org.activiti.engine.impl.interceptor.LogInterceptor  - --- AcquireTimerJobsCmd finished --------------------------------------------------------
10:47:57,051 [Thread-105] DEBUG org.activiti.engine.impl.interceptor.LogInterceptor  - 

10:47:57,051 [Thread-105] DEBUG org.activiti.engine.impl.asyncexecutor.AcquireTimerJobsRunnable  - timer job acquisition thread sleeping for 50 millis
10:47:57,064 [main] DEBUG org.activiti.engine.impl.interceptor.LogInterceptor  - 

10:47:57,064 [main] DEBUG org.activiti.engine.impl.interceptor.LogInterceptor  - --- starting JobQueryImpl --------------------------------------------------------
10:47:57,064 [main] DEBUG org.apache.ibatis.transaction.jdbc.JdbcTransaction  - Opening JDBC Connection
10:47:57,064 [main] DEBUG org.apache.ibatis.datasource.pooled.PooledDataSource  - Checked out connection 486346394 from pool.
10:47:57,064 [main] DEBUG org.apache.ibatis.transaction.jdbc.JdbcTransaction  - Setting autocommit to false on JDBC Connection [conn6: url=jdbc:h2:mem:activiti user=SA]
10:47:57,064 [main] DEBUG org.activiti.engine.impl.persistence.entity.JobEntity.selectJobByQueryCriteria  - ==&gt;  Preparing: select RES.* from ACT_RU_JOB RES order by order by RES.ID_ asc LIMIT ? OFFSET ? 
10:47:57,064 [main] DEBUG org.activiti.engine.impl.interceptor.CommandContext  - Error while closing command context
org.apache.ibatis.exceptions.PersistenceException: 
### Error querying database.  Cause: org.h2.jdbc.JdbcSQLException: Syntax error in SQL statement &quot;SELECT RES.* 
     
    FROM ACT_RU_JOB RES
     
      
   
     ORDER BY  ORDER[*] BY RES.ID_ ASC  
    LIMIT ? OFFSET ? &quot;; expected &quot;=, NOT, EXISTS, INTERSECTS, SELECT, FROM&quot;; SQL statement:
select RES.* 
     
    from ACT_RU_JOB RES
     
      
   
     order by  order by RES.ID_ asc  
    LIMIT ? OFFSET ? [42001-176]
### The error may exist in org/activiti/db/mapping/entity/Job.xml
### The error may involve org.activiti.engine.impl.persistence.entity.JobEntity.selectJobByQueryCriteria
### The error occurred while executing a query
### SQL: select RES.*            from ACT_RU_JOB RES                       order by  order by RES.ID_ asc       LIMIT ? OFFSET ?
### Cause: org.h2.jdbc.JdbcSQLException: Syntax error in SQL statement &quot;SELECT RES.* 
     
    FROM ACT_RU_JOB RES
     
      
   
     ORDER BY  ORDER[*] BY RES.ID_ ASC  
    LIMIT ? OFFSET ? &quot;; expected &quot;=, NOT, EXISTS, INTERSECTS, SELECT, FROM&quot;; SQL statement:
select RES.* 
     
    from ACT_RU_JOB RES
     
      
   
     order by  order by RES.ID_ asc  
    LIMIT ? OFFSET ? [42001-176]
	at org.apache.ibatis.exceptions.ExceptionFactory.wrapException(ExceptionFactory.java:30)
	at org.apache.ibatis.session.defaults.DefaultSqlSession.selectList(DefaultSqlSession.java:122)
	at org.apache.ibatis.session.defaults.DefaultSqlSession.selectList(DefaultSqlSession.java:113)
	at org.activiti.engine.impl.db.DbSqlSession.selectListWithRawParameter(DbSqlSession.java:438)
	at org.activiti.engine.impl.db.DbSqlSession.selectList(DbSqlSession.java:429)
	at org.activiti.engine.impl.db.DbSqlSession.selectList(DbSqlSession.java:419)
	at org.activiti.engine.impl.persistence.entity.JobEntityManager.findJobsByQueryCriteria(JobEntityManager.java:198)
	at org.activiti.engine.impl.JobQueryImpl.executeList(JobQueryImpl.java:243)
	at org.activiti.engine.impl.AbstractQuery.execute(AbstractQuery.java:164)
	at org.activiti.engine.impl.interceptor.CommandInvoker.execute(CommandInvoker.java:24)
	at org.activiti.engine.impl.interceptor.CommandContextInterceptor.execute(CommandContextInterceptor.java:57)
	at org.activiti.engine.impl.interceptor.LogInterceptor.execute(LogInterceptor.java:37)
	at org.activiti.engine.impl.cfg.CommandExecutorImpl.execute(CommandExecutorImpl.java:40)
	at org.activiti.engine.impl.cfg.CommandExecutorImpl.execute(CommandExecutorImpl.java:35)
	at org.activiti.engine.impl.AbstractQuery.list(AbstractQuery.java:138)
	at org.activiti.engine.impl.test.JobTestHelper.areJobsAvailable(JobTestHelper.java:194)
	at org.activiti.engine.impl.test.JobTestHelper.waitForJobExecutorToProcessAllJobs(JobTestHelper.java:74)
	at org.activiti.engine.impl.test.JobTestHelper.waitForJobExecutorToProcessAllJobs(JobTestHelper.java:47)
	at org.activiti.engine.impl.test.AbstractActivitiTestCase.waitForJobExecutorToProcessAllJobs(AbstractActivitiTestCase.java:204)
	at org.activiti.engine.test.jobexecutor.JobExecutorTest.testBasicJobExecutorOperation(JobExecutorTest.java:53)
	at sun.reflect.NativeMethodAccessorImpl.invoke0(Native Method)
	at sun.reflect.NativeMethodAccessorImpl.invoke(NativeMethodAccessorImpl.java:62)
	at sun.reflect.DelegatingMethodAccessorImpl.invoke(DelegatingMethodAccessorImpl.java:43)
	at java.lang.reflect.Method.invoke(Method.java:498)
	at junit.framework.TestCase.runTest(TestCase.java:176)
	at org.activiti.engine.impl.test.PvmTestCase.runTest(PvmTestCase.java:65)
	at junit.framework.TestCase.runBare(TestCase.java:141)
	at org.activiti.engine.impl.test.AbstractActivitiTestCase.runBare(AbstractActivitiTestCase.java:100)
	at junit.framework.TestResult$1.protect(TestResult.java:122)
	at junit.framework.TestResult.runProtected(TestResult.java:142)
	at junit.framework.TestResult.run(TestResult.java:125)
	at junit.framework.TestCase.run(TestCase.java:129)
	at junit.framework.TestSuite.runTest(TestSuite.java:255)
	at junit.framework.TestSuite.run(TestSuite.java:250)
	at org.junit.internal.runners.JUnit38ClassRunner.run(JUnit38ClassRunner.java:84)
	at org.apache.maven.surefire.junit4.JUnit4TestSet.execute(JUnit4TestSet.java:35)
	at org.apache.maven.surefire.junit4.JUnit4Provider.executeTestSet(JUnit4Provider.java:146)
	at org.apache.maven.surefire.junit4.JUnit4Provider.invoke(JUnit4Provider.java:97)
	at sun.reflect.NativeMethodAccessorImpl.invoke0(Native Method)
	at sun.reflect.NativeMethodAccessorImpl.invoke(NativeMethodAccessorImpl.java:62)
	at sun.reflect.DelegatingMethodAccessorImpl.invoke(DelegatingMethodAccessorImpl.java:43)
	at java.lang.reflect.Method.invoke(Method.java:498)
	at org.apache.maven.surefire.booter.ProviderFactory$ClassLoaderProxy.invoke(ProviderFactory.java:103)
	at com.sun.proxy.$Proxy0.invoke(Unknown Source)
	at org.apache.maven.surefire.booter.SurefireStarter.invokeProvider(SurefireStarter.java:145)
	at org.apache.maven.surefire.booter.SurefireStarter.runSuitesInProcess(SurefireStarter.java:87)
	at org.apache.maven.surefire.booter.ForkedBooter.main(ForkedBooter.java:69)
Caused by: org.h2.jdbc.JdbcSQLException: Syntax error in SQL statement &quot;SELECT RES.* 
     
    FROM ACT_RU_JOB RES
     
      
   
     ORDER BY  ORDER[*] BY RES.ID_ ASC  
    LIMIT ? OFFSET ? &quot;; expected &quot;=, NOT, EXISTS, INTERSECTS, SELECT, FROM&quot;; SQL statement:
select RES.* 
     
    from ACT_RU_JOB RES
     
      
   
     order by  order by RES.ID_ asc  
    LIMIT ? OFFSET ? [42001-176]
	at org.h2.message.DbException.getJdbcSQLException(DbException.java:344)
	at org.h2.message.DbException.getSyntaxError(DbException.java:204)
	at org.h2.command.Parser.getSyntaxError(Parser.java:524)
	at org.h2.command.Parser.readTerm(Parser.java:2688)
	at org.h2.command.Parser.readFactor(Parser.java:2244)
	at org.h2.command.Parser.readSum(Parser.java:2231)
	at org.h2.command.Parser.readConcat(Parser.java:2201)
	at org.h2.command.Parser.readCondition(Parser.java:2051)
	at org.h2.command.Parser.readAnd(Parser.java:2023)
	at org.h2.command.Parser.readExpression(Parser.java:2015)
	at org.h2.command.Parser.parseEndOfQuery(Parser.java:1726)
	at org.h2.command.Parser.parseSelectUnionExtension(Parser.java:1706)
	at org.h2.command.Parser.parseSelectUnion(Parser.java:1675)
	at org.h2.command.Parser.parseSelect(Parser.java:1662)
	at org.h2.command.Parser.parsePrepared(Parser.java:434)
	at org.h2.command.Parser.parse(Parser.java:306)
	at org.h2.command.Parser.parse(Parser.java:282)
	at org.h2.command.Parser.prepareCommand(Parser.java:243)
	at org.h2.engine.Session.prepareLocal(Session.java:442)
	at org.h2.engine.Session.prepareCommand(Session.java:384)
	at org.h2.jdbc.JdbcConnection.prepareCommand(JdbcConnection.java:1188)
	at org.h2.jdbc.JdbcPreparedStatement.&lt;init&gt;(JdbcPreparedStatement.java:73)
	at org.h2.jdbc.JdbcConnection.prepareStatement(JdbcConnection.java:276)
	at sun.reflect.GeneratedMethodAccessor6.invoke(Unknown Source)
	at sun.reflect.DelegatingMethodAccessorImpl.invoke(DelegatingMethodAccessorImpl.java:43)
	at java.lang.reflect.Method.invoke(Method.java:498)
	at org.apache.ibatis.datasource.pooled.PooledConnection.invoke(PooledConnection.java:245)
	at com.sun.proxy.$Proxy12.prepareStatement(Unknown Source)
	at sun.reflect.GeneratedMethodAccessor6.invoke(Unknown Source)
	at sun.reflect.DelegatingMethodAccessorImpl.invoke(DelegatingMethodAccessorImpl.java:43)
	at java.lang.reflect.Method.invoke(Method.java:498)
	at org.apache.ibatis.logging.jdbc.ConnectionLogger.invoke(ConnectionLogger.java:55)
	at com.sun.proxy.$Proxy12.prepareStatement(Unknown Source)
	at org.apache.ibatis.executor.statement.PreparedStatementHandler.instantiateStatement(PreparedStatementHandler.java:79)
	at org.apache.ibatis.executor.statement.BaseStatementHandler.prepare(BaseStatementHandler.java:88)
	at org.apache.ibatis.executor.statement.RoutingStatementHandler.prepare(RoutingStatementHandler.java:58)
	at org.apache.ibatis.executor.SimpleExecutor.prepareStatement(SimpleExecutor.java:76)
	at org.apache.ibatis.executor.SimpleExecutor.doQuery(SimpleExecutor.java:61)
	at org.apache.ibatis.executor.BaseExecutor.queryFromDatabase(BaseExecutor.java:303)
	at org.apache.ibatis.executor.BaseExecutor.query(BaseExecutor.java:154)
	at org.apache.ibatis.executor.CachingExecutor.query(CachingExecutor.java:102)
	at org.apache.ibatis.executor.CachingExecutor.query(CachingExecutor.java:82)
	at org.apache.ibatis.session.defaults.DefaultSqlSession.selectList(DefaultSqlSession.java:120)
	... 45 more
10:47:57,064 [main] DEBUG org.activiti.engine.impl.cfg.standalone.StandaloneMybatisTransactionContext  - firing event rolling back...
10:47:57,064 [main] DEBUG org.activiti.engine.impl.cfg.standalone.StandaloneMybatisTransactionContext  - rolling back ibatis sql session...
10:47:57,064 [main] DEBUG org.activiti.engine.impl.cfg.standalone.StandaloneMybatisTransactionContext  - firing event rolled back...
10:47:57,064 [main] DEBUG org.apache.ibatis.transaction.jdbc.JdbcTransaction  - Resetting autocommit to true on JDBC Connection [conn6: url=jdbc:h2:mem:activiti user=SA]
10:47:57,064 [main] DEBUG org.apache.ibatis.transaction.jdbc.JdbcTransaction  - Closing JDBC Connection [conn6: url=jdbc:h2:mem:activiti user=SA]
10:47:57,064 [main] DEBUG org.apache.ibatis.datasource.pooled.PooledDataSource  - Returned connection 486346394 to pool.
10:47:57,064 [main] DEBUG org.activiti.engine.impl.interceptor.LogInterceptor  - --- JobQueryImpl finished --------------------------------------------------------
10:47:57,064 [main] DEBUG org.activiti.engine.impl.interceptor.LogInterceptor  - 

10:47:57,094 [Thread-112] DEBUG org.activiti.engine.impl.asyncexecutor.AcquireAsyncJobsDueRunnable  - async job acquisition thread woke up
10:47:57,094 [Thread-112] DEBUG org.activiti.engine.impl.interceptor.LogInterceptor  - 

10:47:57,094 [Thread-112] DEBUG org.activiti.engine.impl.interceptor.LogInterceptor  - --- starting AcquireAsyncJobsDueCmd --------------------------------------------------------
10:47:57,094 [Thread-112] DEBUG org.apache.ibatis.transaction.jdbc.JdbcTransaction  - Opening JDBC Connection
10:47:57,094 [Thread-112] DEBUG org.apache.ibatis.datasource.pooled.PooledDataSource  - Checked out connection 1863805930 from pool.
10:47:57,094 [Thread-112] DEBUG org.apache.ibatis.transaction.jdbc.JdbcTransaction  - Setting autocommit to false on JDBC Connection [conn69: url=jdbc:h2:mem:activiti-AsyncExecutorTest user=SA]
10:47:57,094 [Thread-112] DEBUG org.activiti.engine.impl.persistence.entity.JobEntity.selectAsyncJobsDueToExecute  - ==&gt;  Preparing: select RES.* from ACT_RU_JOB RES LEFT OUTER JOIN ACT_RU_EXECUTION PI ON PI.ID_ = RES.PROCESS_INSTANCE_ID_ where RES.RETRIES_ &gt; 0 and RES.DUEDATE_ is not null and RES.DUEDATE_ &lt;= ? and (RES.LOCK_EXP_TIME_ is null or RES.LOCK_EXP_TIME_ &lt;= ?) and TYPE_ = &apos;message&apos; and ( (RES.EXECUTION_ID_ is null) or (PI.SUSPENSION_STATE_ = 1) ) LIMIT ? OFFSET ? 
10:47:57,094 [Thread-112] DEBUG org.activiti.engine.impl.persistence.entity.JobEntity.selectAsyncJobsDueToExecute  - ==&gt; Parameters: 2023-03-20 10:48:50.669(Timestamp), 2023-03-20 10:48:50.669(Timestamp), 1(Integer), 0(Integer)
10:47:57,094 [Thread-112] DEBUG org.activiti.engine.impl.persistence.entity.JobEntity.selectAsyncJobsDueToExecute  - &lt;==      Total: 0
10:47:57,094 [Thread-112] DEBUG org.activiti.engine.impl.db.DbSqlSession  - flush summary: 0 insert, 0 update, 0 delete.
10:47:57,094 [Thread-112] DEBUG org.activiti.engine.impl.db.DbSqlSession  - now executing flush...
10:47:57,094 [Thread-112] DEBUG org.activiti.engine.impl.cfg.standalone.StandaloneMybatisTransactionContext  - firing event committing...
10:47:57,094 [Thread-112] DEBUG org.activiti.engine.impl.cfg.standalone.StandaloneMybatisTransactionContext  - committing the ibatis sql session...
10:47:57,094 [Thread-112] DEBUG org.activiti.engine.impl.cfg.standalone.StandaloneMybatisTransactionContext  - firing event committed...
10:47:57,094 [Thread-112] DEBUG org.apache.ibatis.transaction.jdbc.JdbcTransaction  - Resetting autocommit to true on JDBC Connection [conn69: url=jdbc:h2:mem:activiti-AsyncExecutorTest user=SA]
10:47:57,094 [Thread-112] DEBUG org.apache.ibatis.transaction.jdbc.JdbcTransaction  - Closing JDBC Connection [conn69: url=jdbc:h2:mem:activiti-AsyncExecutorTest user=SA]
10:47:57,094 [Thread-112] DEBUG org.apache.ibatis.datasource.pooled.PooledDataSource  - Returned connection 1863805930 to pool.
10:47:57,094 [Thread-112] DEBUG org.activiti.engine.impl.interceptor.LogInterceptor  - --- AcquireAsyncJobsDueCmd finished --------------------------------------------------------
10:47:57,094 [Thread-112] DEBUG org.activiti.engine.impl.interceptor.LogInterceptor  - 

10:47:57,095 [Thread-112] DEBUG org.activiti.engine.impl.asyncexecutor.AcquireAsyncJobsDueRunnable  - async job acquisition thread sleeping for 50 millis
10:47:57,110 [Thread-103] DEBUG org.activiti.engine.impl.asyncexecutor.AcquireAsyncJobsDueRunnable  - async job acquisition thread woke up
10:47:57,110 [Thread-103] DEBUG org.activiti.engine.impl.interceptor.LogInterceptor  - 

10:47:57,110 [Thread-103] DEBUG org.activiti.engine.impl.interceptor.LogInterceptor  - --- starting AcquireAsyncJobsDueCmd --------------------------------------------------------
10:47:57,110 [Thread-102] DEBUG org.activiti.engine.impl.asyncexecutor.AcquireTimerJobsRunnable  - timer job acquisition thread woke up
10:47:57,110 [Thread-111] DEBUG org.activiti.engine.impl.asyncexecutor.AcquireTimerJobsRunnable  - timer job acquisition thread woke up
10:47:57,110 [Thread-111] DEBUG org.activiti.engine.impl.interceptor.LogInterceptor  - 

10:47:57,110 [Thread-111] DEBUG org.activiti.engine.impl.interceptor.LogInterceptor  - --- starting AcquireTimerJobsCmd --------------------------------------------------------
10:47:57,110 [Thread-105] DEBUG org.activiti.engine.impl.asyncexecutor.AcquireTimerJobsRunnable  - timer job acquisition thread woke up
10:47:57,110 [Thread-105] DEBUG org.activiti.engine.impl.interceptor.LogInterceptor  - 

10:47:57,110 [Thread-105] DEBUG org.activiti.engine.impl.interceptor.LogInterceptor  - --- starting AcquireTimerJobsCmd --------------------------------------------------------
10:47:57,110 [Thread-106] DEBUG org.activiti.engine.impl.asyncexecutor.AcquireAsyncJobsDueRunnable  - async job acquisition thread woke up
10:47:57,110 [Thread-106] DEBUG org.activiti.engine.impl.interceptor.LogInterceptor  - 

10:47:57,110 [Thread-106] DEBUG org.activiti.engine.impl.interceptor.LogInterceptor  - --- starting AcquireAsyncJobsDueCmd --------------------------------------------------------
10:47:57,110 [Thread-106] DEBUG org.apache.ibatis.transaction.jdbc.JdbcTransaction  - Opening JDBC Connection
10:47:57,110 [Thread-105] DEBUG org.apache.ibatis.transaction.jdbc.JdbcTransaction  - Opening JDBC Connection
10:47:57,110 [Thread-111] DEBUG org.apache.ibatis.transaction.jdbc.JdbcTransaction  - Opening JDBC Connection
10:47:57,111 [Thread-111] DEBUG org.apache.ibatis.datasource.pooled.PooledDataSource  - Checked out connection 604408605 from pool.
10:47:57,111 [Thread-111] DEBUG org.apache.ibatis.transaction.jdbc.JdbcTransaction  - Setting autocommit to false on JDBC Connection [conn70: url=jdbc:h2:mem:activiti-AsyncExecutorTest user=SA]
10:47:57,110 [Thread-102] DEBUG org.activiti.engine.impl.interceptor.LogInterceptor  - 

10:47:57,111 [Thread-102] DEBUG org.activiti.engine.impl.interceptor.LogInterceptor  - --- starting AcquireTimerJobsCmd --------------------------------------------------------
10:47:57,110 [Thread-103] DEBUG org.apache.ibatis.transaction.jdbc.JdbcTransaction  - Opening JDBC Connection
10:47:57,111 [Thread-103] DEBUG org.apache.ibatis.datasource.pooled.PooledDataSource  - Checked out connection 33534803 from pool.
10:47:57,111 [Thread-103] DEBUG org.apache.ibatis.transaction.jdbc.JdbcTransaction  - Setting autocommit to false on JDBC Connection [conn60: url=jdbc:h2:mem:activiti-AsyncExecutorTest user=SA]
10:47:57,111 [Thread-102] DEBUG org.apache.ibatis.transaction.jdbc.JdbcTransaction  - Opening JDBC Connection
10:47:57,111 [Thread-102] DEBUG org.apache.ibatis.datasource.pooled.PooledDataSource  - Checked out connection 157985567 from pool.
10:47:57,111 [Thread-102] DEBUG org.apache.ibatis.transaction.jdbc.JdbcTransaction  - Setting autocommit to false on JDBC Connection [conn61: url=jdbc:h2:mem:activiti-AsyncExecutorTest user=SA]
10:47:57,111 [Thread-111] DEBUG org.activiti.engine.impl.persistence.entity.JobEntity.selectNextTimerJobsToExecute  - ==&gt;  Preparing: select RES.* from ACT_RU_JOB RES LEFT OUTER JOIN ACT_RU_EXECUTION PI ON PI.ID_ = RES.PROCESS_INSTANCE_ID_ where (RES.RETRIES_ &gt; 0) and (RES.DUEDATE_ is null or RES.DUEDATE_ &lt;= ?) and (RES.LOCK_OWNER_ is null or RES.LOCK_EXP_TIME_ &lt;= ?) and TYPE_ = &apos;timer&apos; and ( (RES.EXECUTION_ID_ is null) or (PI.SUSPENSION_STATE_ = 1) ) LIMIT ? OFFSET ? 
10:47:57,110 [Thread-106] DEBUG org.apache.ibatis.datasource.pooled.PooledDataSource  - Checked out connection 1970103261 from pool.
10:47:57,111 [Thread-106] DEBUG org.apache.ibatis.transaction.jdbc.JdbcTransaction  - Setting autocommit to false on JDBC Connection [conn63: url=jdbc:h2:mem:activiti-AsyncExecutorTest user=SA]
10:47:57,111 [Thread-106] DEBUG org.activiti.engine.impl.persistence.entity.JobEntity.selectAsyncJobsDueToExecute  - ==&gt;  Preparing: select RES.* from ACT_RU_JOB RES LEFT OUTER JOIN ACT_RU_EXECUTION PI ON PI.ID_ = RES.PROCESS_INSTANCE_ID_ where RES.RETRIES_ &gt; 0 and RES.DUEDATE_ is not null and RES.DUEDATE_ &lt;= ? and (RES.LOCK_EXP_TIME_ is null or RES.LOCK_EXP_TIME_ &lt;= ?) and TYPE_ = &apos;message&apos; and ( (RES.EXECUTION_ID_ is null) or (PI.SUSPENSION_STATE_ = 1) ) LIMIT ? OFFSET ? 
10:47:57,111 [Thread-111] DEBUG org.activiti.engine.impl.persistence.entity.JobEntity.selectNextTimerJobsToExecute  - ==&gt; Parameters: 2023-03-20 10:48:50.669(Timestamp), 2023-03-20 10:48:50.669(Timestamp), 1(Integer), 0(Integer)
10:47:57,111 [Thread-102] DEBUG org.activiti.engine.impl.persistence.entity.JobEntity.selectNextTimerJobsToExecute  - ==&gt;  Preparing: select RES.* from ACT_RU_JOB RES LEFT OUTER JOIN ACT_RU_EXECUTION PI ON PI.ID_ = RES.PROCESS_INSTANCE_ID_ where (RES.RETRIES_ &gt; 0) and (RES.DUEDATE_ is null or RES.DUEDATE_ &lt;= ?) and (RES.LOCK_OWNER_ is null or RES.LOCK_EXP_TIME_ &lt;= ?) and TYPE_ = &apos;timer&apos; and ( (RES.EXECUTION_ID_ is null) or (PI.SUSPENSION_STATE_ = 1) ) LIMIT ? OFFSET ? 
10:47:57,111 [Thread-103] DEBUG org.activiti.engine.impl.persistence.entity.JobEntity.selectAsyncJobsDueToExecute  - ==&gt;  Preparing: select RES.* from ACT_RU_JOB RES LEFT OUTER JOIN ACT_RU_EXECUTION PI ON PI.ID_ = RES.PROCESS_INSTANCE_ID_ where RES.RETRIES_ &gt; 0 and RES.DUEDATE_ is not null and RES.DUEDATE_ &lt;= ? and (RES.LOCK_EXP_TIME_ is null or RES.LOCK_EXP_TIME_ &lt;= ?) and TYPE_ = &apos;message&apos; and ( (RES.EXECUTION_ID_ is null) or (PI.SUSPENSION_STATE_ = 1) ) LIMIT ? OFFSET ? 
10:47:57,112 [Thread-102] DEBUG org.activiti.engine.impl.persistence.entity.JobEntity.selectNextTimerJobsToExecute  - ==&gt; Parameters: 2023-03-20 10:48:50.669(Timestamp), 2023-03-20 10:48:50.669(Timestamp), 1(Integer), 0(Integer)
10:47:57,111 [Thread-111] DEBUG org.activiti.engine.impl.persistence.entity.JobEntity.selectNextTimerJobsToExecute  - &lt;==      Total: 0
10:47:57,112 [Thread-111] DEBUG org.activiti.engine.impl.db.DbSqlSession  - flush summary: 0 insert, 0 update, 0 delete.
10:47:57,112 [Thread-111] DEBUG org.activiti.engine.impl.db.DbSqlSession  - now executing flush...
10:47:57,112 [Thread-111] DEBUG org.activiti.engine.impl.cfg.standalone.StandaloneMybatisTransactionContext  - firing event committing...
10:47:57,112 [Thread-111] DEBUG org.activiti.engine.impl.cfg.standalone.StandaloneMybatisTransactionContext  - committing the ibatis sql session...
10:47:57,112 [Thread-111] DEBUG org.activiti.engine.impl.cfg.standalone.StandaloneMybatisTransactionContext  - firing event committed...
10:47:57,112 [Thread-111] DEBUG org.apache.ibatis.transaction.jdbc.JdbcTransaction  - Resetting autocommit to true on JDBC Connection [conn70: url=jdbc:h2:mem:activiti-AsyncExecutorTest user=SA]
10:47:57,112 [Thread-111] DEBUG org.apache.ibatis.transaction.jdbc.JdbcTransaction  - Closing JDBC Connection [conn70: url=jdbc:h2:mem:activiti-AsyncExecutorTest user=SA]
10:47:57,112 [Thread-111] DEBUG org.apache.ibatis.datasource.pooled.PooledDataSource  - Returned connection 604408605 to pool.
10:47:57,112 [Thread-111] DEBUG org.activiti.engine.impl.interceptor.LogInterceptor  - --- AcquireTimerJobsCmd finished --------------------------------------------------------
10:47:57,112 [Thread-111] DEBUG org.activiti.engine.impl.interceptor.LogInterceptor  - 

10:47:57,112 [Thread-111] DEBUG org.activiti.engine.impl.asyncexecutor.AcquireTimerJobsRunnable  - timer job acquisition thread sleeping for 50 millis
10:47:57,111 [Thread-106] DEBUG org.activiti.engine.impl.persistence.entity.JobEntity.selectAsyncJobsDueToExecute  - ==&gt; Parameters: 2023-03-20 10:48:50.669(Timestamp), 2023-03-20 10:48:50.669(Timestamp), 1(Integer), 0(Integer)
10:47:57,112 [Thread-106] DEBUG org.activiti.engine.impl.persistence.entity.JobEntity.selectAsyncJobsDueToExecute  - &lt;==      Total: 0
10:47:57,112 [Thread-106] DEBUG org.activiti.engine.impl.db.DbSqlSession  - flush summary: 0 insert, 0 update, 0 delete.
10:47:57,112 [Thread-106] DEBUG org.activiti.engine.impl.db.DbSqlSession  - now executing flush...
10:47:57,112 [Thread-106] DEBUG org.activiti.engine.impl.cfg.standalone.StandaloneMybatisTransactionContext  - firing event committing...
10:47:57,112 [Thread-106] DEBUG org.activiti.engine.impl.cfg.standalone.StandaloneMybatisTransactionContext  - committing the ibatis sql session...
10:47:57,112 [Thread-106] DEBUG org.activiti.engine.impl.cfg.standalone.StandaloneMybatisTransactionContext  - firing event committed...
10:47:57,112 [Thread-106] DEBUG org.apache.ibatis.transaction.jdbc.JdbcTransaction  - Resetting autocommit to true on JDBC Connection [conn63: url=jdbc:h2:mem:activiti-AsyncExecutorTest user=SA]
10:47:57,111 [Thread-105] DEBUG org.apache.ibatis.datasource.pooled.PooledDataSource  - Checked out connection 996762054 from pool.
10:47:57,112 [Thread-105] DEBUG org.apache.ibatis.transaction.jdbc.JdbcTransaction  - Setting autocommit to false on JDBC Connection [conn65: url=jdbc:h2:mem:activiti-AsyncExecutorTest user=SA]
10:47:57,112 [Thread-105] DEBUG org.activiti.engine.impl.persistence.entity.JobEntity.selectNextTimerJobsToExecute  - ==&gt;  Preparing: select RES.* from ACT_RU_JOB RES LEFT OUTER JOIN ACT_RU_EXECUTION PI ON PI.ID_ = RES.PROCESS_INSTANCE_ID_ where (RES.RETRIES_ &gt; 0) and (RES.DUEDATE_ is null or RES.DUEDATE_ &lt;= ?) and (RES.LOCK_OWNER_ is null or RES.LOCK_EXP_TIME_ &lt;= ?) and TYPE_ = &apos;timer&apos; and ( (RES.EXECUTION_ID_ is null) or (PI.SUSPENSION_STATE_ = 1) ) LIMIT ? OFFSET ? 
10:47:57,112 [Thread-106] DEBUG org.apache.ibatis.transaction.jdbc.JdbcTransaction  - Closing JDBC Connection [conn63: url=jdbc:h2:mem:activiti-AsyncExecutorTest user=SA]
10:47:57,112 [Thread-106] DEBUG org.apache.ibatis.datasource.pooled.PooledDataSource  - Returned connection 1970103261 to pool.
10:47:57,112 [Thread-106] DEBUG org.activiti.engine.impl.interceptor.LogInterceptor  - --- AcquireAsyncJobsDueCmd finished --------------------------------------------------------
10:47:57,112 [Thread-106] DEBUG org.activiti.engine.impl.interceptor.LogInterceptor  - 

10:47:57,112 [Thread-102] DEBUG org.activiti.engine.impl.persistence.entity.JobEntity.selectNextTimerJobsToExecute  - &lt;==      Total: 0
10:47:57,112 [Thread-102] DEBUG org.activiti.engine.impl.db.DbSqlSession  - flush summary: 0 insert, 0 update, 0 delete.
10:47:57,112 [Thread-102] DEBUG org.activiti.engine.impl.db.DbSqlSession  - now executing flush...
10:47:57,112 [Thread-102] DEBUG org.activiti.engine.impl.cfg.standalone.StandaloneMybatisTransactionContext  - firing event committing...
10:47:57,112 [Thread-102] DEBUG org.activiti.engine.impl.cfg.standalone.StandaloneMybatisTransactionContext  - committing the ibatis sql session...
10:47:57,112 [Thread-102] DEBUG org.activiti.engine.impl.cfg.standalone.StandaloneMybatisTransactionContext  - firing event committed...
10:47:57,112 [Thread-102] DEBUG org.apache.ibatis.transaction.jdbc.JdbcTransaction  - Resetting autocommit to true on JDBC Connection [conn61: url=jdbc:h2:mem:activiti-AsyncExecutorTest user=SA]
10:47:57,112 [Thread-102] DEBUG org.apache.ibatis.transaction.jdbc.JdbcTransaction  - Closing JDBC Connection [conn61: url=jdbc:h2:mem:activiti-AsyncExecutorTest user=SA]
10:47:57,112 [Thread-102] DEBUG org.apache.ibatis.datasource.pooled.PooledDataSource  - Returned connection 157985567 to pool.
10:47:57,113 [Thread-102] DEBUG org.activiti.engine.impl.interceptor.LogInterceptor  - --- AcquireTimerJobsCmd finished --------------------------------------------------------
10:47:57,113 [Thread-102] DEBUG org.activiti.engine.impl.interceptor.LogInterceptor  - 

10:47:57,113 [Thread-102] DEBUG org.activiti.engine.impl.asyncexecutor.AcquireTimerJobsRunnable  - timer job acquisition thread sleeping for 50 millis
10:47:57,112 [Thread-103] DEBUG org.activiti.engine.impl.persistence.entity.JobEntity.selectAsyncJobsDueToExecute  - ==&gt; Parameters: 2023-03-20 10:48:50.669(Timestamp), 2023-03-20 10:48:50.669(Timestamp), 1(Integer), 0(Integer)
10:47:57,113 [Thread-103] DEBUG org.activiti.engine.impl.persistence.entity.JobEntity.selectAsyncJobsDueToExecute  - &lt;==      Total: 0
10:47:57,113 [Thread-103] DEBUG org.activiti.engine.impl.db.DbSqlSession  - flush summary: 0 insert, 0 update, 0 delete.
10:47:57,113 [Thread-103] DEBUG org.activiti.engine.impl.db.DbSqlSession  - now executing flush...
10:47:57,113 [Thread-103] DEBUG org.activiti.engine.impl.cfg.standalone.StandaloneMybatisTransactionContext  - firing event committing...
10:47:57,113 [Thread-103] DEBUG org.activiti.engine.impl.cfg.standalone.StandaloneMybatisTransactionContext  - committing the ibatis sql session...
10:47:57,113 [Thread-103] DEBUG org.activiti.engine.impl.cfg.standalone.StandaloneMybatisTransactionContext  - firing event committed...
10:47:57,113 [Thread-103] DEBUG org.apache.ibatis.transaction.jdbc.JdbcTransaction  - Resetting autocommit to true on JDBC Connection [conn60: url=jdbc:h2:mem:activiti-AsyncExecutorTest user=SA]
10:47:57,113 [Thread-103] DEBUG org.apache.ibatis.transaction.jdbc.JdbcTransaction  - Closing JDBC Connection [conn60: url=jdbc:h2:mem:activiti-AsyncExecutorTest user=SA]
10:47:57,113 [Thread-103] DEBUG org.apache.ibatis.datasource.pooled.PooledDataSource  - Returned connection 33534803 to pool.
10:47:57,113 [Thread-103] DEBUG org.activiti.engine.impl.interceptor.LogInterceptor  - --- AcquireAsyncJobsDueCmd finished --------------------------------------------------------
10:47:57,113 [Thread-103] DEBUG org.activiti.engine.impl.interceptor.LogInterceptor  - 

10:47:57,113 [Thread-103] DEBUG org.activiti.engine.impl.asyncexecutor.AcquireAsyncJobsDueRunnable  - async job acquisition thread sleeping for 50 millis
10:47:57,112 [Thread-106] DEBUG org.activiti.engine.impl.asyncexecutor.AcquireAsyncJobsDueRunnable  - async job acquisition thread sleeping for 50 millis
10:47:57,112 [Thread-105] DEBUG org.activiti.engine.impl.persistence.entity.JobEntity.selectNextTimerJobsToExecute  - ==&gt; Parameters: 2023-03-20 10:48:50.669(Timestamp), 2023-03-20 10:48:50.669(Timestamp), 1(Integer), 0(Integer)
10:47:57,113 [Thread-105] DEBUG org.activiti.engine.impl.persistence.entity.JobEntity.selectNextTimerJobsToExecute  - &lt;==      Total: 0
10:47:57,113 [Thread-105] DEBUG org.activiti.engine.impl.db.DbSqlSession  - flush summary: 0 insert, 0 update, 0 delete.
10:47:57,113 [Thread-105] DEBUG org.activiti.engine.impl.db.DbSqlSession  - now executing flush...
10:47:57,113 [Thread-105] DEBUG org.activiti.engine.impl.cfg.standalone.StandaloneMybatisTransactionContext  - firing event committing...
10:47:57,113 [Thread-105] DEBUG org.activiti.engine.impl.cfg.standalone.StandaloneMybatisTransactionContext  - committing the ibatis sql session...
10:47:57,113 [Thread-105] DEBUG org.activiti.engine.impl.cfg.standalone.StandaloneMybatisTransactionContext  - firing event committed...
10:47:57,113 [Thread-105] DEBUG org.apache.ibatis.transaction.jdbc.JdbcTransaction  - Resetting autocommit to true on JDBC Connection [conn65: url=jdbc:h2:mem:activiti-AsyncExecutorTest user=SA]
10:47:57,113 [Thread-105] DEBUG org.apache.ibatis.transaction.jdbc.JdbcTransaction  - Closing JDBC Connection [conn65: url=jdbc:h2:mem:activiti-AsyncExecutorTest user=SA]
10:47:57,113 [Thread-105] DEBUG org.apache.ibatis.datasource.pooled.PooledDataSource  - Returned connection 996762054 to pool.
10:47:57,113 [Thread-105] DEBUG org.activiti.engine.impl.interceptor.LogInterceptor  - --- AcquireTimerJobsCmd finished --------------------------------------------------------
10:47:57,113 [Thread-105] DEBUG org.activiti.engine.impl.interceptor.LogInterceptor  - 

10:47:57,113 [Thread-105] DEBUG org.activiti.engine.impl.asyncexecutor.AcquireTimerJobsRunnable  - timer job acquisition thread sleeping for 50 millis
10:47:57,157 [Thread-112] DEBUG org.activiti.engine.impl.asyncexecutor.AcquireAsyncJobsDueRunnable  - async job acquisition thread woke up
10:47:57,157 [Thread-112] DEBUG org.activiti.engine.impl.interceptor.LogInterceptor  - 

10:47:57,157 [Thread-112] DEBUG org.activiti.engine.impl.interceptor.LogInterceptor  - --- starting AcquireAsyncJobsDueCmd --------------------------------------------------------
10:47:57,157 [Thread-112] DEBUG org.apache.ibatis.transaction.jdbc.JdbcTransaction  - Opening JDBC Connection
10:47:57,157 [Thread-112] DEBUG org.apache.ibatis.datasource.pooled.PooledDataSource  - Checked out connection 58501658 from pool.
10:47:57,157 [Thread-112] DEBUG org.apache.ibatis.transaction.jdbc.JdbcTransaction  - Setting autocommit to false on JDBC Connection [conn68: url=jdbc:h2:mem:activiti-AsyncExecutorTest user=SA]
10:47:57,157 [Thread-112] DEBUG org.activiti.engine.impl.persistence.entity.JobEntity.selectAsyncJobsDueToExecute  - ==&gt;  Preparing: select RES.* from ACT_RU_JOB RES LEFT OUTER JOIN ACT_RU_EXECUTION PI ON PI.ID_ = RES.PROCESS_INSTANCE_ID_ where RES.RETRIES_ &gt; 0 and RES.DUEDATE_ is not null and RES.DUEDATE_ &lt;= ? and (RES.LOCK_EXP_TIME_ is null or RES.LOCK_EXP_TIME_ &lt;= ?) and TYPE_ = &apos;message&apos; and ( (RES.EXECUTION_ID_ is null) or (PI.SUSPENSION_STATE_ = 1) ) LIMIT ? OFFSET ? 
10:47:57,157 [Thread-112] DEBUG org.activiti.engine.impl.persistence.entity.JobEntity.selectAsyncJobsDueToExecute  - ==&gt; Parameters: 2023-03-20 10:48:50.669(Timestamp), 2023-03-20 10:48:50.669(Timestamp), 1(Integer), 0(Integer)
10:47:57,157 [Thread-112] DEBUG org.activiti.engine.impl.persistence.entity.JobEntity.selectAsyncJobsDueToExecute  - &lt;==      Total: 0
10:47:57,157 [Thread-112] DEBUG org.activiti.engine.impl.db.DbSqlSession  - flush summary: 0 insert, 0 update, 0 delete.
10:47:57,157 [Thread-112] DEBUG org.activiti.engine.impl.db.DbSqlSession  - now executing flush...
10:47:57,157 [Thread-112] DEBUG org.activiti.engine.impl.cfg.standalone.StandaloneMybatisTransactionContext  - firing event committing...
10:47:57,157 [Thread-112] DEBUG org.activiti.engine.impl.cfg.standalone.StandaloneMybatisTransactionContext  - committing the ibatis sql session...
10:47:57,157 [Thread-112] DEBUG org.activiti.engine.impl.cfg.standalone.StandaloneMybatisTransactionContext  - firing event committed...
10:47:57,157 [Thread-112] DEBUG org.apache.ibatis.transaction.jdbc.JdbcTransaction  - Resetting autocommit to true on JDBC Connection [conn68: url=jdbc:h2:mem:activiti-AsyncExecutorTest user=SA]
10:47:57,157 [Thread-112] DEBUG org.apache.ibatis.transaction.jdbc.JdbcTransaction  - Closing JDBC Connection [conn68: url=jdbc:h2:mem:activiti-AsyncExecutorTest user=SA]
10:47:57,157 [Thread-112] DEBUG org.apache.ibatis.datasource.pooled.PooledDataSource  - Returned connection 58501658 to pool.
10:47:57,157 [Thread-112] DEBUG org.activiti.engine.impl.interceptor.LogInterceptor  - --- AcquireAsyncJobsDueCmd finished --------------------------------------------------------
10:47:57,157 [Thread-112] DEBUG org.activiti.engine.impl.interceptor.LogInterceptor  - 

10:47:57,157 [Thread-112] DEBUG org.activiti.engine.impl.asyncexecutor.AcquireAsyncJobsDueRunnable  - async job acquisition thread sleeping for 50 millis
10:47:57,172 [Thread-106] DEBUG org.activiti.engine.impl.asyncexecutor.AcquireAsyncJobsDueRunnable  - async job acquisition thread woke up
10:47:57,172 [Thread-106] DEBUG org.activiti.engine.impl.interceptor.LogInterceptor  - 

10:47:57,172 [Thread-106] DEBUG org.activiti.engine.impl.interceptor.LogInterceptor  - --- starting AcquireAsyncJobsDueCmd --------------------------------------------------------
10:47:57,172 [Thread-105] DEBUG org.activiti.engine.impl.asyncexecutor.AcquireTimerJobsRunnable  - timer job acquisition thread woke up
10:47:57,172 [Thread-105] DEBUG org.activiti.engine.impl.interceptor.LogInterceptor  - 

10:47:57,172 [Thread-105] DEBUG org.activiti.engine.impl.interceptor.LogInterceptor  - --- starting AcquireTimerJobsCmd --------------------------------------------------------
10:47:57,172 [Thread-105] DEBUG org.apache.ibatis.transaction.jdbc.JdbcTransaction  - Opening JDBC Connection
10:47:57,172 [Thread-105] DEBUG org.apache.ibatis.datasource.pooled.PooledDataSource  - Checked out connection 54468349 from pool.
10:47:57,172 [Thread-102] DEBUG org.activiti.engine.impl.asyncexecutor.AcquireTimerJobsRunnable  - timer job acquisition thread woke up
10:47:57,172 [Thread-102] DEBUG org.activiti.engine.impl.interceptor.LogInterceptor  - 

10:47:57,172 [Thread-102] DEBUG org.activiti.engine.impl.interceptor.LogInterceptor  - --- starting AcquireTimerJobsCmd --------------------------------------------------------
10:47:57,172 [Thread-103] DEBUG org.activiti.engine.impl.asyncexecutor.AcquireAsyncJobsDueRunnable  - async job acquisition thread woke up
10:47:57,172 [Thread-103] DEBUG org.activiti.engine.impl.interceptor.LogInterceptor  - 

10:47:57,172 [Thread-103] DEBUG org.activiti.engine.impl.interceptor.LogInterceptor  - --- starting AcquireAsyncJobsDueCmd --------------------------------------------------------
10:47:57,172 [Thread-103] DEBUG org.apache.ibatis.transaction.jdbc.JdbcTransaction  - Opening JDBC Connection
10:47:57,172 [Thread-103] DEBUG org.apache.ibatis.datasource.pooled.PooledDataSource  - Checked out connection 720039383 from pool.
10:47:57,172 [Thread-103] DEBUG org.apache.ibatis.transaction.jdbc.JdbcTransaction  - Setting autocommit to false on JDBC Connection [conn59: url=jdbc:h2:mem:activiti-AsyncExecutorTest user=SA]
10:47:57,172 [Thread-103] DEBUG org.activiti.engine.impl.persistence.entity.JobEntity.selectAsyncJobsDueToExecute  - ==&gt;  Preparing: select RES.* from ACT_RU_JOB RES LEFT OUTER JOIN ACT_RU_EXECUTION PI ON PI.ID_ = RES.PROCESS_INSTANCE_ID_ where RES.RETRIES_ &gt; 0 and RES.DUEDATE_ is not null and RES.DUEDATE_ &lt;= ? and (RES.LOCK_EXP_TIME_ is null or RES.LOCK_EXP_TIME_ &lt;= ?) and TYPE_ = &apos;message&apos; and ( (RES.EXECUTION_ID_ is null) or (PI.SUSPENSION_STATE_ = 1) ) LIMIT ? OFFSET ? 
10:47:57,172 [Thread-111] DEBUG org.activiti.engine.impl.asyncexecutor.AcquireTimerJobsRunnable  - timer job acquisition thread woke up
10:47:57,173 [Thread-111] DEBUG org.activiti.engine.impl.interceptor.LogInterceptor  - 

10:47:57,173 [Thread-111] DEBUG org.activiti.engine.impl.interceptor.LogInterceptor  - --- starting AcquireTimerJobsCmd --------------------------------------------------------
10:47:57,173 [Thread-111] DEBUG org.apache.ibatis.transaction.jdbc.JdbcTransaction  - Opening JDBC Connection
10:47:57,173 [Thread-111] DEBUG org.apache.ibatis.datasource.pooled.PooledDataSource  - Checked out connection 1863805930 from pool.
10:47:57,173 [Thread-111] DEBUG org.apache.ibatis.transaction.jdbc.JdbcTransaction  - Setting autocommit to false on JDBC Connection [conn69: url=jdbc:h2:mem:activiti-AsyncExecutorTest user=SA]
10:47:57,173 [Thread-103] DEBUG org.activiti.engine.impl.persistence.entity.JobEntity.selectAsyncJobsDueToExecute  - ==&gt; Parameters: 2023-03-20 10:48:50.669(Timestamp), 2023-03-20 10:48:50.669(Timestamp), 1(Integer), 0(Integer)
10:47:57,172 [Thread-102] DEBUG org.apache.ibatis.transaction.jdbc.JdbcTransaction  - Opening JDBC Connection
10:47:57,173 [Thread-102] DEBUG org.apache.ibatis.datasource.pooled.PooledDataSource  - Checked out connection 157985567 from pool.
10:47:57,173 [Thread-102] DEBUG org.apache.ibatis.transaction.jdbc.JdbcTransaction  - Setting autocommit to false on JDBC Connection [conn61: url=jdbc:h2:mem:activiti-AsyncExecutorTest user=SA]
10:47:57,173 [Thread-102] DEBUG org.activiti.engine.impl.persistence.entity.JobEntity.selectNextTimerJobsToExecute  - ==&gt;  Preparing: select RES.* from ACT_RU_JOB RES LEFT OUTER JOIN ACT_RU_EXECUTION PI ON PI.ID_ = RES.PROCESS_INSTANCE_ID_ where (RES.RETRIES_ &gt; 0) and (RES.DUEDATE_ is null or RES.DUEDATE_ &lt;= ?) and (RES.LOCK_OWNER_ is null or RES.LOCK_EXP_TIME_ &lt;= ?) and TYPE_ = &apos;timer&apos; and ( (RES.EXECUTION_ID_ is null) or (PI.SUSPENSION_STATE_ = 1) ) LIMIT ? OFFSET ? 
10:47:57,173 [Thread-102] DEBUG org.activiti.engine.impl.persistence.entity.JobEntity.selectNextTimerJobsToExecute  - ==&gt; Parameters: 2023-03-20 10:48:50.669(Timestamp), 2023-03-20 10:48:50.669(Timestamp), 1(Integer), 0(Integer)
10:47:57,173 [Thread-102] DEBUG org.activiti.engine.impl.persistence.entity.JobEntity.selectNextTimerJobsToExecute  - &lt;==      Total: 0
10:47:57,173 [Thread-102] DEBUG org.activiti.engine.impl.db.DbSqlSession  - flush summary: 0 insert, 0 update, 0 delete.
10:47:57,173 [Thread-102] DEBUG org.activiti.engine.impl.db.DbSqlSession  - now executing flush...
10:47:57,173 [Thread-102] DEBUG org.activiti.engine.impl.cfg.standalone.StandaloneMybatisTransactionContext  - firing event committing...
10:47:57,173 [Thread-102] DEBUG org.activiti.engine.impl.cfg.standalone.StandaloneMybatisTransactionContext  - committing the ibatis sql session...
10:47:57,173 [Thread-102] DEBUG org.activiti.engine.impl.cfg.standalone.StandaloneMybatisTransactionContext  - firing event committed...
10:47:57,173 [Thread-102] DEBUG org.apache.ibatis.transaction.jdbc.JdbcTransaction  - Resetting autocommit to true on JDBC Connection [conn61: url=jdbc:h2:mem:activiti-AsyncExecutorTest user=SA]
10:47:57,172 [Thread-105] DEBUG org.apache.ibatis.transaction.jdbc.JdbcTransaction  - Setting autocommit to false on JDBC Connection [conn64: url=jdbc:h2:mem:activiti-AsyncExecutorTest user=SA]
10:47:57,173 [Thread-105] DEBUG org.activiti.engine.impl.persistence.entity.JobEntity.selectNextTimerJobsToExecute  - ==&gt;  Preparing: select RES.* from ACT_RU_JOB RES LEFT OUTER JOIN ACT_RU_EXECUTION PI ON PI.ID_ = RES.PROCESS_INSTANCE_ID_ where (RES.RETRIES_ &gt; 0) and (RES.DUEDATE_ is null or RES.DUEDATE_ &lt;= ?) and (RES.LOCK_OWNER_ is null or RES.LOCK_EXP_TIME_ &lt;= ?) and TYPE_ = &apos;timer&apos; and ( (RES.EXECUTION_ID_ is null) or (PI.SUSPENSION_STATE_ = 1) ) LIMIT ? OFFSET ? 
10:47:57,173 [Thread-105] DEBUG org.activiti.engine.impl.persistence.entity.JobEntity.selectNextTimerJobsToExecute  - ==&gt; Parameters: 2023-03-20 10:48:50.669(Timestamp), 2023-03-20 10:48:50.669(Timestamp), 1(Integer), 0(Integer)
10:47:57,172 [Thread-106] DEBUG org.apache.ibatis.transaction.jdbc.JdbcTransaction  - Opening JDBC Connection
10:47:57,173 [Thread-106] DEBUG org.apache.ibatis.datasource.pooled.PooledDataSource  - Checked out connection 1970103261 from pool.
10:47:57,173 [Thread-106] DEBUG org.apache.ibatis.transaction.jdbc.JdbcTransaction  - Setting autocommit to false on JDBC Connection [conn63: url=jdbc:h2:mem:activiti-AsyncExecutorTest user=SA]
10:47:57,174 [Thread-106] DEBUG org.activiti.engine.impl.persistence.entity.JobEntity.selectAsyncJobsDueToExecute  - ==&gt;  Preparing: select RES.* from ACT_RU_JOB RES LEFT OUTER JOIN ACT_RU_EXECUTION PI ON PI.ID_ = RES.PROCESS_INSTANCE_ID_ where RES.RETRIES_ &gt; 0 and RES.DUEDATE_ is not null and RES.DUEDATE_ &lt;= ? and (RES.LOCK_EXP_TIME_ is null or RES.LOCK_EXP_TIME_ &lt;= ?) and TYPE_ = &apos;message&apos; and ( (RES.EXECUTION_ID_ is null) or (PI.SUSPENSION_STATE_ = 1) ) LIMIT ? OFFSET ? 
10:47:57,174 [Thread-106] DEBUG org.activiti.engine.impl.persistence.entity.JobEntity.selectAsyncJobsDueToExecute  - ==&gt; Parameters: 2023-03-20 10:48:50.669(Timestamp), 2023-03-20 10:48:50.669(Timestamp), 1(Integer), 0(Integer)
10:47:57,173 [Thread-105] DEBUG org.activiti.engine.impl.persistence.entity.JobEntity.selectNextTimerJobsToExecute  - &lt;==      Total: 0
10:47:57,174 [Thread-105] DEBUG org.activiti.engine.impl.db.DbSqlSession  - flush summary: 0 insert, 0 update, 0 delete.
10:47:57,174 [Thread-105] DEBUG org.activiti.engine.impl.db.DbSqlSession  - now executing flush...
10:47:57,174 [Thread-105] DEBUG org.activiti.engine.impl.cfg.standalone.StandaloneMybatisTransactionContext  - firing event committing...
10:47:57,174 [Thread-105] DEBUG org.activiti.engine.impl.cfg.standalone.StandaloneMybatisTransactionContext  - committing the ibatis sql session...
10:47:57,174 [Thread-105] DEBUG org.activiti.engine.impl.cfg.standalone.StandaloneMybatisTransactionContext  - firing event committed...
10:47:57,174 [Thread-105] DEBUG org.apache.ibatis.transaction.jdbc.JdbcTransaction  - Resetting autocommit to true on JDBC Connection [conn64: url=jdbc:h2:mem:activiti-AsyncExecutorTest user=SA]
10:47:57,174 [Thread-105] DEBUG org.apache.ibatis.transaction.jdbc.JdbcTransaction  - Closing JDBC Connection [conn64: url=jdbc:h2:mem:activiti-AsyncExecutorTest user=SA]
10:47:57,174 [Thread-105] DEBUG org.apache.ibatis.datasource.pooled.PooledDataSource  - Returned connection 54468349 to pool.
10:47:57,174 [Thread-105] DEBUG org.activiti.engine.impl.interceptor.LogInterceptor  - --- AcquireTimerJobsCmd finished --------------------------------------------------------
10:47:57,174 [Thread-105] DEBUG org.activiti.engine.impl.interceptor.LogInterceptor  - 

10:47:57,174 [Thread-105] DEBUG org.activiti.engine.impl.asyncexecutor.AcquireTimerJobsRunnable  - timer job acquisition thread sleeping for 50 millis
10:47:57,173 [Thread-102] DEBUG org.apache.ibatis.transaction.jdbc.JdbcTransaction  - Closing JDBC Connection [conn61: url=jdbc:h2:mem:activiti-AsyncExecutorTest user=SA]
10:47:57,174 [Thread-102] DEBUG org.apache.ibatis.datasource.pooled.PooledDataSource  - Returned connection 157985567 to pool.
10:47:57,174 [Thread-102] DEBUG org.activiti.engine.impl.interceptor.LogInterceptor  - --- AcquireTimerJobsCmd finished --------------------------------------------------------
10:47:57,174 [Thread-102] DEBUG org.activiti.engine.impl.interceptor.LogInterceptor  - 

10:47:57,173 [Thread-103] DEBUG org.activiti.engine.impl.persistence.entity.JobEntity.selectAsyncJobsDueToExecute  - &lt;==      Total: 0
10:47:57,174 [Thread-103] DEBUG org.activiti.engine.impl.db.DbSqlSession  - flush summary: 0 insert, 0 update, 0 delete.
10:47:57,174 [Thread-103] DEBUG org.activiti.engine.impl.db.DbSqlSession  - now executing flush...
10:47:57,174 [Thread-103] DEBUG org.activiti.engine.impl.cfg.standalone.StandaloneMybatisTransactionContext  - firing event committing...
10:47:57,174 [Thread-103] DEBUG org.activiti.engine.impl.cfg.standalone.StandaloneMybatisTransactionContext  - committing the ibatis sql session...
10:47:57,174 [Thread-103] DEBUG org.activiti.engine.impl.cfg.standalone.StandaloneMybatisTransactionContext  - firing event committed...
10:47:57,174 [Thread-103] DEBUG org.apache.ibatis.transaction.jdbc.JdbcTransaction  - Resetting autocommit to true on JDBC Connection [conn59: url=jdbc:h2:mem:activiti-AsyncExecutorTest user=SA]
10:47:57,174 [Thread-103] DEBUG org.apache.ibatis.transaction.jdbc.JdbcTransaction  - Closing JDBC Connection [conn59: url=jdbc:h2:mem:activiti-AsyncExecutorTest user=SA]
10:47:57,174 [Thread-103] DEBUG org.apache.ibatis.datasource.pooled.PooledDataSource  - Returned connection 720039383 to pool.
10:47:57,174 [Thread-103] DEBUG org.activiti.engine.impl.interceptor.LogInterceptor  - --- AcquireAsyncJobsDueCmd finished --------------------------------------------------------
10:47:57,174 [Thread-103] DEBUG org.activiti.engine.impl.interceptor.LogInterceptor  - 

10:47:57,174 [Thread-103] DEBUG org.activiti.engine.impl.asyncexecutor.AcquireAsyncJobsDueRunnable  - async job acquisition thread sleeping for 50 millis
10:47:57,173 [Thread-111] DEBUG org.activiti.engine.impl.persistence.entity.JobEntity.selectNextTimerJobsToExecute  - ==&gt;  Preparing: select RES.* from ACT_RU_JOB RES LEFT OUTER JOIN ACT_RU_EXECUTION PI ON PI.ID_ = RES.PROCESS_INSTANCE_ID_ where (RES.RETRIES_ &gt; 0) and (RES.DUEDATE_ is null or RES.DUEDATE_ &lt;= ?) and (RES.LOCK_OWNER_ is null or RES.LOCK_EXP_TIME_ &lt;= ?) and TYPE_ = &apos;timer&apos; and ( (RES.EXECUTION_ID_ is null) or (PI.SUSPENSION_STATE_ = 1) ) LIMIT ? OFFSET ? 
10:47:57,174 [Thread-111] DEBUG org.activiti.engine.impl.persistence.entity.JobEntity.selectNextTimerJobsToExecute  - ==&gt; Parameters: 2023-03-20 10:48:50.669(Timestamp), 2023-03-20 10:48:50.669(Timestamp), 1(Integer), 0(Integer)
10:47:57,174 [Thread-111] DEBUG org.activiti.engine.impl.persistence.entity.JobEntity.selectNextTimerJobsToExecute  - &lt;==      Total: 0
10:47:57,174 [Thread-111] DEBUG org.activiti.engine.impl.db.DbSqlSession  - flush summary: 0 insert, 0 update, 0 delete.
10:47:57,174 [Thread-111] DEBUG org.activiti.engine.impl.db.DbSqlSession  - now executing flush...
10:47:57,174 [Thread-111] DEBUG org.activiti.engine.impl.cfg.standalone.StandaloneMybatisTransactionContext  - firing event committing...
10:47:57,174 [Thread-111] DEBUG org.activiti.engine.impl.cfg.standalone.StandaloneMybatisTransactionContext  - committing the ibatis sql session...
10:47:57,174 [Thread-111] DEBUG org.activiti.engine.impl.cfg.standalone.StandaloneMybatisTransactionContext  - firing event committed...
10:47:57,174 [Thread-111] DEBUG org.apache.ibatis.transaction.jdbc.JdbcTransaction  - Resetting autocommit to true on JDBC Connection [conn69: url=jdbc:h2:mem:activiti-AsyncExecutorTest user=SA]
10:47:57,174 [Thread-111] DEBUG org.apache.ibatis.transaction.jdbc.JdbcTransaction  - Closing JDBC Connection [conn69: url=jdbc:h2:mem:activiti-AsyncExecutorTest user=SA]
10:47:57,174 [Thread-111] DEBUG org.apache.ibatis.datasource.pooled.PooledDataSource  - Returned connection 1863805930 to pool.
10:47:57,174 [Thread-111] DEBUG org.activiti.engine.impl.interceptor.LogInterceptor  - --- AcquireTimerJobsCmd finished --------------------------------------------------------
10:47:57,174 [Thread-111] DEBUG org.activiti.engine.impl.interceptor.LogInterceptor  - 

10:47:57,174 [Thread-111] DEBUG org.activiti.engine.impl.asyncexecutor.AcquireTimerJobsRunnable  - timer job acquisition thread sleeping for 50 millis
10:47:57,174 [Thread-102] DEBUG org.activiti.engine.impl.asyncexecutor.AcquireTimerJobsRunnable  - timer job acquisition thread sleeping for 50 millis
10:47:57,174 [Thread-106] DEBUG org.activiti.engine.impl.persistence.entity.JobEntity.selectAsyncJobsDueToExecute  - &lt;==      Total: 0
10:47:57,175 [Thread-106] DEBUG org.activiti.engine.impl.db.DbSqlSession  - flush summary: 0 insert, 0 update, 0 delete.
10:47:57,175 [Thread-106] DEBUG org.activiti.engine.impl.db.DbSqlSession  - now executing flush...
10:47:57,175 [Thread-106] DEBUG org.activiti.engine.impl.cfg.standalone.StandaloneMybatisTransactionContext  - firing event committing...
10:47:57,175 [Thread-106] DEBUG org.activiti.engine.impl.cfg.standalone.StandaloneMybatisTransactionContext  - committing the ibatis sql session...
10:47:57,175 [Thread-106] DEBUG org.activiti.engine.impl.cfg.standalone.StandaloneMybatisTransactionContext  - firing event committed...
10:47:57,175 [Thread-106] DEBUG org.apache.ibatis.transaction.jdbc.JdbcTransaction  - Resetting autocommit to true on JDBC Connection [conn63: url=jdbc:h2:mem:activiti-AsyncExecutorTest user=SA]
10:47:57,175 [Thread-106] DEBUG org.apache.ibatis.transaction.jdbc.JdbcTransaction  - Closing JDBC Connection [conn63: url=jdbc:h2:mem:activiti-AsyncExecutorTest user=SA]
10:47:57,175 [Thread-106] DEBUG org.apache.ibatis.datasource.pooled.PooledDataSource  - Returned connection 1970103261 to pool.
10:47:57,175 [Thread-106] DEBUG org.activiti.engine.impl.interceptor.LogInterceptor  - --- AcquireAsyncJobsDueCmd finished --------------------------------------------------------
10:47:57,175 [Thread-106] DEBUG org.activiti.engine.impl.interceptor.LogInterceptor  - 

10:47:57,175 [Thread-106] DEBUG org.activiti.engine.impl.asyncexecutor.AcquireAsyncJobsDueRunnable  - async job acquisition thread sleeping for 50 millis
10:47:57,218 [Thread-112] DEBUG org.activiti.engine.impl.asyncexecutor.AcquireAsyncJobsDueRunnable  - async job acquisition thread woke up
10:47:57,218 [Thread-112] DEBUG org.activiti.engine.impl.interceptor.LogInterceptor  - 

10:47:57,218 [Thread-112] DEBUG org.activiti.engine.impl.interceptor.LogInterceptor  - --- starting AcquireAsyncJobsDueCmd --------------------------------------------------------
10:47:57,218 [Thread-112] DEBUG org.apache.ibatis.transaction.jdbc.JdbcTransaction  - Opening JDBC Connection
10:47:57,218 [Thread-112] DEBUG org.apache.ibatis.datasource.pooled.PooledDataSource  - Checked out connection 604408605 from pool.
10:47:57,218 [Thread-112] DEBUG org.apache.ibatis.transaction.jdbc.JdbcTransaction  - Setting autocommit to false on JDBC Connection [conn70: url=jdbc:h2:mem:activiti-AsyncExecutorTest user=SA]
10:47:57,218 [Thread-112] DEBUG org.activiti.engine.impl.persistence.entity.JobEntity.selectAsyncJobsDueToExecute  - ==&gt;  Preparing: select RES.* from ACT_RU_JOB RES LEFT OUTER JOIN ACT_RU_EXECUTION PI ON PI.ID_ = RES.PROCESS_INSTANCE_ID_ where RES.RETRIES_ &gt; 0 and RES.DUEDATE_ is not null and RES.DUEDATE_ &lt;= ? and (RES.LOCK_EXP_TIME_ is null or RES.LOCK_EXP_TIME_ &lt;= ?) and TYPE_ = &apos;message&apos; and ( (RES.EXECUTION_ID_ is null) or (PI.SUSPENSION_STATE_ = 1) ) LIMIT ? OFFSET ? 
10:47:57,218 [Thread-112] DEBUG org.activiti.engine.impl.persistence.entity.JobEntity.selectAsyncJobsDueToExecute  - ==&gt; Parameters: 2023-03-20 10:48:50.669(Timestamp), 2023-03-20 10:48:50.669(Timestamp), 1(Integer), 0(Integer)
10:47:57,218 [Thread-112] DEBUG org.activiti.engine.impl.persistence.entity.JobEntity.selectAsyncJobsDueToExecute  - &lt;==      Total: 0
10:47:57,218 [Thread-112] DEBUG org.activiti.engine.impl.db.DbSqlSession  - flush summary: 0 insert, 0 update, 0 delete.
10:47:57,218 [Thread-112] DEBUG org.activiti.engine.impl.db.DbSqlSession  - now executing flush...
10:47:57,218 [Thread-112] DEBUG org.activiti.engine.impl.cfg.standalone.StandaloneMybatisTransactionContext  - firing event committing...
10:47:57,218 [Thread-112] DEBUG org.activiti.engine.impl.cfg.standalone.StandaloneMybatisTransactionContext  - committing the ibatis sql session...
10:47:57,218 [Thread-112] DEBUG org.activiti.engine.impl.cfg.standalone.StandaloneMybatisTransactionContext  - firing event committed...
10:47:57,218 [Thread-112] DEBUG org.apache.ibatis.transaction.jdbc.JdbcTransaction  - Resetting autocommit to true on JDBC Connection [conn70: url=jdbc:h2:mem:activiti-AsyncExecutorTest user=SA]
10:47:57,218 [Thread-112] DEBUG org.apache.ibatis.transaction.jdbc.JdbcTransaction  - Closing JDBC Connection [conn70: url=jdbc:h2:mem:activiti-AsyncExecutorTest user=SA]
10:47:57,218 [Thread-112] DEBUG org.apache.ibatis.datasource.pooled.PooledDataSource  - Returned connection 604408605 to pool.
10:47:57,218 [Thread-112] DEBUG org.activiti.engine.impl.interceptor.LogInterceptor  - --- AcquireAsyncJobsDueCmd finished --------------------------------------------------------
10:47:57,218 [Thread-112] DEBUG org.activiti.engine.impl.interceptor.LogInterceptor  - 

10:47:57,218 [Thread-112] DEBUG org.activiti.engine.impl.asyncexecutor.AcquireAsyncJobsDueRunnable  - async job acquisition thread sleeping for 50 millis
10:47:57,233 [Thread-106] DEBUG org.activiti.engine.impl.asyncexecutor.AcquireAsyncJobsDueRunnable  - async job acquisition thread woke up
10:47:57,233 [Thread-105] DEBUG org.activiti.engine.impl.asyncexecutor.AcquireTimerJobsRunnable  - timer job acquisition thread woke up
10:47:57,233 [Thread-105] DEBUG org.activiti.engine.impl.interceptor.LogInterceptor  - 

10:47:57,233 [Thread-103] DEBUG org.activiti.engine.impl.asyncexecutor.AcquireAsyncJobsDueRunnable  - async job acquisition thread woke up
10:47:57,233 [Thread-103] DEBUG org.activiti.engine.impl.interceptor.LogInterceptor  - 

10:47:57,233 [Thread-103] DEBUG org.activiti.engine.impl.interceptor.LogInterceptor  - --- starting AcquireAsyncJobsDueCmd --------------------------------------------------------
10:47:57,233 [Thread-111] DEBUG org.activiti.engine.impl.asyncexecutor.AcquireTimerJobsRunnable  - timer job acquisition thread woke up
10:47:57,233 [Thread-111] DEBUG org.activiti.engine.impl.interceptor.LogInterceptor  - 

10:47:57,233 [Thread-111] DEBUG org.activiti.engine.impl.interceptor.LogInterceptor  - --- starting AcquireTimerJobsCmd --------------------------------------------------------
10:47:57,233 [Thread-111] DEBUG org.apache.ibatis.transaction.jdbc.JdbcTransaction  - Opening JDBC Connection
10:47:57,233 [Thread-111] DEBUG org.apache.ibatis.datasource.pooled.PooledDataSource  - Checked out connection 58501658 from pool.
10:47:57,233 [Thread-111] DEBUG org.apache.ibatis.transaction.jdbc.JdbcTransaction  - Setting autocommit to false on JDBC Connection [conn68: url=jdbc:h2:mem:activiti-AsyncExecutorTest user=SA]
10:47:57,233 [Thread-111] DEBUG org.activiti.engine.impl.persistence.entity.JobEntity.selectNextTimerJobsToExecute  - ==&gt;  Preparing: select RES.* from ACT_RU_JOB RES LEFT OUTER JOIN ACT_RU_EXECUTION PI ON PI.ID_ = RES.PROCESS_INSTANCE_ID_ where (RES.RETRIES_ &gt; 0) and (RES.DUEDATE_ is null or RES.DUEDATE_ &lt;= ?) and (RES.LOCK_OWNER_ is null or RES.LOCK_EXP_TIME_ &lt;= ?) and TYPE_ = &apos;timer&apos; and ( (RES.EXECUTION_ID_ is null) or (PI.SUSPENSION_STATE_ = 1) ) LIMIT ? OFFSET ? 
10:47:57,233 [Thread-102] DEBUG org.activiti.engine.impl.asyncexecutor.AcquireTimerJobsRunnable  - timer job acquisition thread woke up
10:47:57,233 [Thread-102] DEBUG org.activiti.engine.impl.interceptor.LogInterceptor  - 

10:47:57,233 [Thread-102] DEBUG org.activiti.engine.impl.interceptor.LogInterceptor  - --- starting AcquireTimerJobsCmd --------------------------------------------------------
10:47:57,233 [Thread-111] DEBUG org.activiti.engine.impl.persistence.entity.JobEntity.selectNextTimerJobsToExecute  - ==&gt; Parameters: 2023-03-20 10:48:50.669(Timestamp), 2023-03-20 10:48:50.669(Timestamp), 1(Integer), 0(Integer)
10:47:57,234 [Thread-111] DEBUG org.activiti.engine.impl.persistence.entity.JobEntity.selectNextTimerJobsToExecute  - &lt;==      Total: 0
10:47:57,233 [Thread-103] DEBUG org.apache.ibatis.transaction.jdbc.JdbcTransaction  - Opening JDBC Connection
10:47:57,234 [Thread-103] DEBUG org.apache.ibatis.datasource.pooled.PooledDataSource  - Checked out connection 33534803 from pool.
10:47:57,233 [Thread-105] DEBUG org.activiti.engine.impl.interceptor.LogInterceptor  - --- starting AcquireTimerJobsCmd --------------------------------------------------------
10:47:57,234 [Thread-105] DEBUG org.apache.ibatis.transaction.jdbc.JdbcTransaction  - Opening JDBC Connection
10:47:57,234 [Thread-105] DEBUG org.apache.ibatis.datasource.pooled.PooledDataSource  - Checked out connection 996762054 from pool.
10:47:57,234 [Thread-105] DEBUG org.apache.ibatis.transaction.jdbc.JdbcTransaction  - Setting autocommit to false on JDBC Connection [conn65: url=jdbc:h2:mem:activiti-AsyncExecutorTest user=SA]
10:47:57,234 [Thread-105] DEBUG org.activiti.engine.impl.persistence.entity.JobEntity.selectNextTimerJobsToExecute  - ==&gt;  Preparing: select RES.* from ACT_RU_JOB RES LEFT OUTER JOIN ACT_RU_EXECUTION PI ON PI.ID_ = RES.PROCESS_INSTANCE_ID_ where (RES.RETRIES_ &gt; 0) and (RES.DUEDATE_ is null or RES.DUEDATE_ &lt;= ?) and (RES.LOCK_OWNER_ is null or RES.LOCK_EXP_TIME_ &lt;= ?) and TYPE_ = &apos;timer&apos; and ( (RES.EXECUTION_ID_ is null) or (PI.SUSPENSION_STATE_ = 1) ) LIMIT ? OFFSET ? 
10:47:57,234 [Thread-105] DEBUG org.activiti.engine.impl.persistence.entity.JobEntity.selectNextTimerJobsToExecute  - ==&gt; Parameters: 2023-03-20 10:48:50.669(Timestamp), 2023-03-20 10:48:50.669(Timestamp), 1(Integer), 0(Integer)
10:47:57,233 [Thread-106] DEBUG org.activiti.engine.impl.interceptor.LogInterceptor  - 

10:47:57,234 [Thread-106] DEBUG org.activiti.engine.impl.interceptor.LogInterceptor  - --- starting AcquireAsyncJobsDueCmd --------------------------------------------------------
10:47:57,234 [Thread-105] DEBUG org.activiti.engine.impl.persistence.entity.JobEntity.selectNextTimerJobsToExecute  - &lt;==      Total: 0
10:47:57,234 [Thread-105] DEBUG org.activiti.engine.impl.db.DbSqlSession  - flush summary: 0 insert, 0 update, 0 delete.
10:47:57,234 [Thread-105] DEBUG org.activiti.engine.impl.db.DbSqlSession  - now executing flush...
10:47:57,234 [Thread-105] DEBUG org.activiti.engine.impl.cfg.standalone.StandaloneMybatisTransactionContext  - firing event committing...
10:47:57,234 [Thread-105] DEBUG org.activiti.engine.impl.cfg.standalone.StandaloneMybatisTransactionContext  - committing the ibatis sql session...
10:47:57,234 [Thread-105] DEBUG org.activiti.engine.impl.cfg.standalone.StandaloneMybatisTransactionContext  - firing event committed...
10:47:57,234 [Thread-105] DEBUG org.apache.ibatis.transaction.jdbc.JdbcTransaction  - Resetting autocommit to true on JDBC Connection [conn65: url=jdbc:h2:mem:activiti-AsyncExecutorTest user=SA]
10:47:57,234 [Thread-105] DEBUG org.apache.ibatis.transaction.jdbc.JdbcTransaction  - Closing JDBC Connection [conn65: url=jdbc:h2:mem:activiti-AsyncExecutorTest user=SA]
10:47:57,234 [Thread-103] DEBUG org.apache.ibatis.transaction.jdbc.JdbcTransaction  - Setting autocommit to false on JDBC Connection [conn60: url=jdbc:h2:mem:activiti-AsyncExecutorTest user=SA]
10:47:57,234 [Thread-111] DEBUG org.activiti.engine.impl.db.DbSqlSession  - flush summary: 0 insert, 0 update, 0 delete.
10:47:57,234 [Thread-111] DEBUG org.activiti.engine.impl.db.DbSqlSession  - now executing flush...
10:47:57,234 [Thread-111] DEBUG org.activiti.engine.impl.cfg.standalone.StandaloneMybatisTransactionContext  - firing event committing...
10:47:57,234 [Thread-111] DEBUG org.activiti.engine.impl.cfg.standalone.StandaloneMybatisTransactionContext  - committing the ibatis sql session...
10:47:57,234 [Thread-111] DEBUG org.activiti.engine.impl.cfg.standalone.StandaloneMybatisTransactionContext  - firing event committed...
10:47:57,234 [Thread-111] DEBUG org.apache.ibatis.transaction.jdbc.JdbcTransaction  - Resetting autocommit to true on JDBC Connection [conn68: url=jdbc:h2:mem:activiti-AsyncExecutorTest user=SA]
10:47:57,234 [Thread-111] DEBUG org.apache.ibatis.transaction.jdbc.JdbcTransaction  - Closing JDBC Connection [conn68: url=jdbc:h2:mem:activiti-AsyncExecutorTest user=SA]
10:47:57,234 [Thread-111] DEBUG org.apache.ibatis.datasource.pooled.PooledDataSource  - Returned connection 58501658 to pool.
10:47:57,234 [Thread-111] DEBUG org.activiti.engine.impl.interceptor.LogInterceptor  - --- AcquireTimerJobsCmd finished --------------------------------------------------------
10:47:57,234 [Thread-111] DEBUG org.activiti.engine.impl.interceptor.LogInterceptor  - 

10:47:57,234 [Thread-111] DEBUG org.activiti.engine.impl.asyncexecutor.AcquireTimerJobsRunnable  - timer job acquisition thread sleeping for 50 millis
10:47:57,234 [Thread-102] DEBUG org.apache.ibatis.transaction.jdbc.JdbcTransaction  - Opening JDBC Connection
10:47:57,234 [Thread-102] DEBUG org.apache.ibatis.datasource.pooled.PooledDataSource  - Checked out connection 157985567 from pool.
10:47:57,234 [Thread-102] DEBUG org.apache.ibatis.transaction.jdbc.JdbcTransaction  - Setting autocommit to false on JDBC Connection [conn61: url=jdbc:h2:mem:activiti-AsyncExecutorTest user=SA]
10:47:57,234 [Thread-103] DEBUG org.activiti.engine.impl.persistence.entity.JobEntity.selectAsyncJobsDueToExecute  - ==&gt;  Preparing: select RES.* from ACT_RU_JOB RES LEFT OUTER JOIN ACT_RU_EXECUTION PI ON PI.ID_ = RES.PROCESS_INSTANCE_ID_ where RES.RETRIES_ &gt; 0 and RES.DUEDATE_ is not null and RES.DUEDATE_ &lt;= ? and (RES.LOCK_EXP_TIME_ is null or RES.LOCK_EXP_TIME_ &lt;= ?) and TYPE_ = &apos;message&apos; and ( (RES.EXECUTION_ID_ is null) or (PI.SUSPENSION_STATE_ = 1) ) LIMIT ? OFFSET ? 
10:47:57,234 [Thread-105] DEBUG org.apache.ibatis.datasource.pooled.PooledDataSource  - Returned connection 996762054 to pool.
10:47:57,235 [Thread-105] DEBUG org.activiti.engine.impl.interceptor.LogInterceptor  - --- AcquireTimerJobsCmd finished --------------------------------------------------------
10:47:57,235 [Thread-105] DEBUG org.activiti.engine.impl.interceptor.LogInterceptor  - 

10:47:57,235 [Thread-105] DEBUG org.activiti.engine.impl.asyncexecutor.AcquireTimerJobsRunnable  - timer job acquisition thread sleeping for 50 millis
10:47:57,234 [Thread-106] DEBUG org.apache.ibatis.transaction.jdbc.JdbcTransaction  - Opening JDBC Connection
10:47:57,235 [Thread-106] DEBUG org.apache.ibatis.datasource.pooled.PooledDataSource  - Checked out connection 54468349 from pool.
10:47:57,235 [Thread-106] DEBUG org.apache.ibatis.transaction.jdbc.JdbcTransaction  - Setting autocommit to false on JDBC Connection [conn64: url=jdbc:h2:mem:activiti-AsyncExecutorTest user=SA]
10:47:57,235 [Thread-103] DEBUG org.activiti.engine.impl.persistence.entity.JobEntity.selectAsyncJobsDueToExecute  - ==&gt; Parameters: 2023-03-20 10:48:50.669(Timestamp), 2023-03-20 10:48:50.669(Timestamp), 1(Integer), 0(Integer)
10:47:57,235 [Thread-103] DEBUG org.activiti.engine.impl.persistence.entity.JobEntity.selectAsyncJobsDueToExecute  - &lt;==      Total: 0
10:47:57,235 [Thread-103] DEBUG org.activiti.engine.impl.db.DbSqlSession  - flush summary: 0 insert, 0 update, 0 delete.
10:47:57,235 [Thread-103] DEBUG org.activiti.engine.impl.db.DbSqlSession  - now executing flush...
10:47:57,235 [Thread-103] DEBUG org.activiti.engine.impl.cfg.standalone.StandaloneMybatisTransactionContext  - firing event committing...
10:47:57,235 [Thread-103] DEBUG org.activiti.engine.impl.cfg.standalone.StandaloneMybatisTransactionContext  - committing the ibatis sql session...
10:47:57,235 [Thread-102] DEBUG org.activiti.engine.impl.persistence.entity.JobEntity.selectNextTimerJobsToExecute  - ==&gt;  Preparing: select RES.* from ACT_RU_JOB RES LEFT OUTER JOIN ACT_RU_EXECUTION PI ON PI.ID_ = RES.PROCESS_INSTANCE_ID_ where (RES.RETRIES_ &gt; 0) and (RES.DUEDATE_ is null or RES.DUEDATE_ &lt;= ?) and (RES.LOCK_OWNER_ is null or RES.LOCK_EXP_TIME_ &lt;= ?) and TYPE_ = &apos;timer&apos; and ( (RES.EXECUTION_ID_ is null) or (PI.SUSPENSION_STATE_ = 1) ) LIMIT ? OFFSET ? 
10:47:57,235 [Thread-103] DEBUG org.activiti.engine.impl.cfg.standalone.StandaloneMybatisTransactionContext  - firing event committed...
10:47:57,235 [Thread-103] DEBUG org.apache.ibatis.transaction.jdbc.JdbcTransaction  - Resetting autocommit to true on JDBC Connection [conn60: url=jdbc:h2:mem:activiti-AsyncExecutorTest user=SA]
10:47:57,235 [Thread-103] DEBUG org.apache.ibatis.transaction.jdbc.JdbcTransaction  - Closing JDBC Connection [conn60: url=jdbc:h2:mem:activiti-AsyncExecutorTest user=SA]
10:47:57,235 [Thread-103] DEBUG org.apache.ibatis.datasource.pooled.PooledDataSource  - Returned connection 33534803 to pool.
10:47:57,235 [Thread-103] DEBUG org.activiti.engine.impl.interceptor.LogInterceptor  - --- AcquireAsyncJobsDueCmd finished --------------------------------------------------------
10:47:57,235 [Thread-103] DEBUG org.activiti.engine.impl.interceptor.LogInterceptor  - 

10:47:57,235 [Thread-106] DEBUG org.activiti.engine.impl.persistence.entity.JobEntity.selectAsyncJobsDueToExecute  - ==&gt;  Preparing: select RES.* from ACT_RU_JOB RES LEFT OUTER JOIN ACT_RU_EXECUTION PI ON PI.ID_ = RES.PROCESS_INSTANCE_ID_ where RES.RETRIES_ &gt; 0 and RES.DUEDATE_ is not null and RES.DUEDATE_ &lt;= ? and (RES.LOCK_EXP_TIME_ is null or RES.LOCK_EXP_TIME_ &lt;= ?) and TYPE_ = &apos;message&apos; and ( (RES.EXECUTION_ID_ is null) or (PI.SUSPENSION_STATE_ = 1) ) LIMIT ? OFFSET ? 
10:47:57,235 [Thread-103] DEBUG org.activiti.engine.impl.asyncexecutor.AcquireAsyncJobsDueRunnable  - async job acquisition thread sleeping for 50 millis
10:47:57,235 [Thread-106] DEBUG org.activiti.engine.impl.persistence.entity.JobEntity.selectAsyncJobsDueToExecute  - ==&gt; Parameters: 2023-03-20 10:48:50.669(Timestamp), 2023-03-20 10:48:50.669(Timestamp), 1(Integer), 0(Integer)
10:47:57,235 [Thread-106] DEBUG org.activiti.engine.impl.persistence.entity.JobEntity.selectAsyncJobsDueToExecute  - &lt;==      Total: 0
10:47:57,235 [Thread-106] DEBUG org.activiti.engine.impl.db.DbSqlSession  - flush summary: 0 insert, 0 update, 0 delete.
10:47:57,235 [Thread-106] DEBUG org.activiti.engine.impl.db.DbSqlSession  - now executing flush...
10:47:57,235 [Thread-106] DEBUG org.activiti.engine.impl.cfg.standalone.StandaloneMybatisTransactionContext  - firing event committing...
10:47:57,235 [Thread-106] DEBUG org.activiti.engine.impl.cfg.standalone.StandaloneMybatisTransactionContext  - committing the ibatis sql session...
10:47:57,235 [Thread-106] DEBUG org.activiti.engine.impl.cfg.standalone.StandaloneMybatisTransactionContext  - firing event committed...
10:47:57,235 [Thread-102] DEBUG org.activiti.engine.impl.persistence.entity.JobEntity.selectNextTimerJobsToExecute  - ==&gt; Parameters: 2023-03-20 10:48:50.669(Timestamp), 2023-03-20 10:48:50.669(Timestamp), 1(Integer), 0(Integer)
10:47:57,235 [Thread-106] DEBUG org.apache.ibatis.transaction.jdbc.JdbcTransaction  - Resetting autocommit to true on JDBC Connection [conn64: url=jdbc:h2:mem:activiti-AsyncExecutorTest user=SA]
10:47:57,235 [Thread-106] DEBUG org.apache.ibatis.transaction.jdbc.JdbcTransaction  - Closing JDBC Connection [conn64: url=jdbc:h2:mem:activiti-AsyncExecutorTest user=SA]
10:47:57,235 [Thread-106] DEBUG org.apache.ibatis.datasource.pooled.PooledDataSource  - Returned connection 54468349 to pool.
10:47:57,235 [Thread-106] DEBUG org.activiti.engine.impl.interceptor.LogInterceptor  - --- AcquireAsyncJobsDueCmd finished --------------------------------------------------------
10:47:57,235 [Thread-106] DEBUG org.activiti.engine.impl.interceptor.LogInterceptor  - 

10:47:57,235 [Thread-102] DEBUG org.activiti.engine.impl.persistence.entity.JobEntity.selectNextTimerJobsToExecute  - &lt;==      Total: 0
10:47:57,236 [Thread-102] DEBUG org.activiti.engine.impl.db.DbSqlSession  - flush summary: 0 insert, 0 update, 0 delete.
10:47:57,236 [Thread-102] DEBUG org.activiti.engine.impl.db.DbSqlSession  - now executing flush...
10:47:57,236 [Thread-102] DEBUG org.activiti.engine.impl.cfg.standalone.StandaloneMybatisTransactionContext  - firing event committing...
10:47:57,236 [Thread-102] DEBUG org.activiti.engine.impl.cfg.standalone.StandaloneMybatisTransactionContext  - committing the ibatis sql session...
10:47:57,236 [Thread-102] DEBUG org.activiti.engine.impl.cfg.standalone.StandaloneMybatisTransactionContext  - firing event committed...
10:47:57,236 [Thread-102] DEBUG org.apache.ibatis.transaction.jdbc.JdbcTransaction  - Resetting autocommit to true on JDBC Connection [conn61: url=jdbc:h2:mem:activiti-AsyncExecutorTest user=SA]
10:47:57,236 [Thread-102] DEBUG org.apache.ibatis.transaction.jdbc.JdbcTransaction  - Closing JDBC Connection [conn61: url=jdbc:h2:mem:activiti-AsyncExecutorTest user=SA]
10:47:57,236 [Thread-102] DEBUG org.apache.ibatis.datasource.pooled.PooledDataSource  - Returned connection 157985567 to pool.
10:47:57,236 [Thread-102] DEBUG org.activiti.engine.impl.interceptor.LogInterceptor  - --- AcquireTimerJobsCmd finished --------------------------------------------------------
10:47:57,236 [Thread-102] DEBUG org.activiti.engine.impl.interceptor.LogInterceptor  - 

10:47:57,235 [Thread-106] DEBUG org.activiti.engine.impl.asyncexecutor.AcquireAsyncJobsDueRunnable  - async job acquisition thread sleeping for 50 millis
10:47:57,236 [Thread-102] DEBUG org.activiti.engine.impl.asyncexecutor.AcquireTimerJobsRunnable  - timer job acquisition thread sleeping for 50 millis
10:47:57,264 [main] DEBUG org.activiti.engine.impl.interceptor.LogInterceptor  - 

10:47:57,264 [main] DEBUG org.activiti.engine.impl.interceptor.LogInterceptor  - --- starting JobQueryImpl --------------------------------------------------------
10:47:57,264 [main] DEBUG org.apache.ibatis.transaction.jdbc.JdbcTransaction  - Opening JDBC Connection
10:47:57,264 [main] DEBUG org.apache.ibatis.datasource.pooled.PooledDataSource  - Checked out connection 363509958 from pool.
10:47:57,264 [main] DEBUG org.apache.ibatis.transaction.jdbc.JdbcTransaction  - Setting autocommit to false on JDBC Connection [conn2: url=jdbc:h2:mem:activiti user=SA]
10:47:57,264 [main] DEBUG org.activiti.engine.impl.persistence.entity.JobEntity.selectJobByQueryCriteria  - ==&gt;  Preparing: select RES.* from ACT_RU_JOB RES order by order by RES.ID_ asc LIMIT ? OFFSET ? 
10:47:57,264 [main] DEBUG org.activiti.engine.impl.interceptor.CommandContext  - Error while closing command context
org.apache.ibatis.exceptions.PersistenceException: 
### Error querying database.  Cause: org.h2.jdbc.JdbcSQLException: Syntax error in SQL statement &quot;SELECT RES.* 
     
    FROM ACT_RU_JOB RES
     
      
   
     ORDER BY  ORDER[*] BY RES.ID_ ASC  
    LIMIT ? OFFSET ? &quot;; expected &quot;=, NOT, EXISTS, INTERSECTS, SELECT, FROM&quot;; SQL statement:
select RES.* 
     
    from ACT_RU_JOB RES
     
      
   
     order by  order by RES.ID_ asc  
    LIMIT ? OFFSET ? [42001-176]
### The error may exist in org/activiti/db/mapping/entity/Job.xml
### The error may involve org.activiti.engine.impl.persistence.entity.JobEntity.selectJobByQueryCriteria
### The error occurred while executing a query
### SQL: select RES.*            from ACT_RU_JOB RES                       order by  order by RES.ID_ asc       LIMIT ? OFFSET ?
### Cause: org.h2.jdbc.JdbcSQLException: Syntax error in SQL statement &quot;SELECT RES.* 
     
    FROM ACT_RU_JOB RES
     
      
   
     ORDER BY  ORDER[*] BY RES.ID_ ASC  
    LIMIT ? OFFSET ? &quot;; expected &quot;=, NOT, EXISTS, INTERSECTS, SELECT, FROM&quot;; SQL statement:
select RES.* 
     
    from ACT_RU_JOB RES
     
      
   
     order by  order by RES.ID_ asc  
    LIMIT ? OFFSET ? [42001-176]
	at org.apache.ibatis.exceptions.ExceptionFactory.wrapException(ExceptionFactory.java:30)
	at org.apache.ibatis.session.defaults.DefaultSqlSession.selectList(DefaultSqlSession.java:122)
	at org.apache.ibatis.session.defaults.DefaultSqlSession.selectList(DefaultSqlSession.java:113)
	at org.activiti.engine.impl.db.DbSqlSession.selectListWithRawParameter(DbSqlSession.java:438)
	at org.activiti.engine.impl.db.DbSqlSession.selectList(DbSqlSession.java:429)
	at org.activiti.engine.impl.db.DbSqlSession.selectList(DbSqlSession.java:419)
	at org.activiti.engine.impl.persistence.entity.JobEntityManager.findJobsByQueryCriteria(JobEntityManager.java:198)
	at org.activiti.engine.impl.JobQueryImpl.executeList(JobQueryImpl.java:243)
	at org.activiti.engine.impl.AbstractQuery.execute(AbstractQuery.java:164)
	at org.activiti.engine.impl.interceptor.CommandInvoker.execute(CommandInvoker.java:24)
	at org.activiti.engine.impl.interceptor.CommandContextInterceptor.execute(CommandContextInterceptor.java:57)
	at org.activiti.engine.impl.interceptor.LogInterceptor.execute(LogInterceptor.java:37)
	at org.activiti.engine.impl.cfg.CommandExecutorImpl.execute(CommandExecutorImpl.java:40)
	at org.activiti.engine.impl.cfg.CommandExecutorImpl.execute(CommandExecutorImpl.java:35)
	at org.activiti.engine.impl.AbstractQuery.list(AbstractQuery.java:138)
	at org.activiti.engine.impl.test.JobTestHelper.areJobsAvailable(JobTestHelper.java:194)
	at org.activiti.engine.impl.test.JobTestHelper.waitForJobExecutorToProcessAllJobs(JobTestHelper.java:74)
	at org.activiti.engine.impl.test.JobTestHelper.waitForJobExecutorToProcessAllJobs(JobTestHelper.java:47)
	at org.activiti.engine.impl.test.AbstractActivitiTestCase.waitForJobExecutorToProcessAllJobs(AbstractActivitiTestCase.java:204)
	at org.activiti.engine.test.jobexecutor.JobExecutorTest.testBasicJobExecutorOperation(JobExecutorTest.java:53)
	at sun.reflect.NativeMethodAccessorImpl.invoke0(Native Method)
	at sun.reflect.NativeMethodAccessorImpl.invoke(NativeMethodAccessorImpl.java:62)
	at sun.reflect.DelegatingMethodAccessorImpl.invoke(DelegatingMethodAccessorImpl.java:43)
	at java.lang.reflect.Method.invoke(Method.java:498)
	at junit.framework.TestCase.runTest(TestCase.java:176)
	at org.activiti.engine.impl.test.PvmTestCase.runTest(PvmTestCase.java:65)
	at junit.framework.TestCase.runBare(TestCase.java:141)
	at org.activiti.engine.impl.test.AbstractActivitiTestCase.runBare(AbstractActivitiTestCase.java:100)
	at junit.framework.TestResult$1.protect(TestResult.java:122)
	at junit.framework.TestResult.runProtected(TestResult.java:142)
	at junit.framework.TestResult.run(TestResult.java:125)
	at junit.framework.TestCase.run(TestCase.java:129)
	at junit.framework.TestSuite.runTest(TestSuite.java:255)
	at junit.framework.TestSuite.run(TestSuite.java:250)
	at org.junit.internal.runners.JUnit38ClassRunner.run(JUnit38ClassRunner.java:84)
	at org.apache.maven.surefire.junit4.JUnit4TestSet.execute(JUnit4TestSet.java:35)
	at org.apache.maven.surefire.junit4.JUnit4Provider.executeTestSet(JUnit4Provider.java:146)
	at org.apache.maven.surefire.junit4.JUnit4Provider.invoke(JUnit4Provider.java:97)
	at sun.reflect.NativeMethodAccessorImpl.invoke0(Native Method)
	at sun.reflect.NativeMethodAccessorImpl.invoke(NativeMethodAccessorImpl.java:62)
	at sun.reflect.DelegatingMethodAccessorImpl.invoke(DelegatingMethodAccessorImpl.java:43)
	at java.lang.reflect.Method.invoke(Method.java:498)
	at org.apache.maven.surefire.booter.ProviderFactory$ClassLoaderProxy.invoke(ProviderFactory.java:103)
	at com.sun.proxy.$Proxy0.invoke(Unknown Source)
	at org.apache.maven.surefire.booter.SurefireStarter.invokeProvider(SurefireStarter.java:145)
	at org.apache.maven.surefire.booter.SurefireStarter.runSuitesInProcess(SurefireStarter.java:87)
	at org.apache.maven.surefire.booter.ForkedBooter.main(ForkedBooter.java:69)
Caused by: org.h2.jdbc.JdbcSQLException: Syntax error in SQL statement &quot;SELECT RES.* 
     
    FROM ACT_RU_JOB RES
     
      
   
     ORDER BY  ORDER[*] BY RES.ID_ ASC  
    LIMIT ? OFFSET ? &quot;; expected &quot;=, NOT, EXISTS, INTERSECTS, SELECT, FROM&quot;; SQL statement:
select RES.* 
     
    from ACT_RU_JOB RES
     
      
   
     order by  order by RES.ID_ asc  
    LIMIT ? OFFSET ? [42001-176]
	at org.h2.message.DbException.getJdbcSQLException(DbException.java:344)
	at org.h2.message.DbException.getSyntaxError(DbException.java:204)
	at org.h2.command.Parser.getSyntaxError(Parser.java:524)
	at org.h2.command.Parser.readTerm(Parser.java:2688)
	at org.h2.command.Parser.readFactor(Parser.java:2244)
	at org.h2.command.Parser.readSum(Parser.java:2231)
	at org.h2.command.Parser.readConcat(Parser.java:2201)
	at org.h2.command.Parser.readCondition(Parser.java:2051)
	at org.h2.command.Parser.readAnd(Parser.java:2023)
	at org.h2.command.Parser.readExpression(Parser.java:2015)
	at org.h2.command.Parser.parseEndOfQuery(Parser.java:1726)
	at org.h2.command.Parser.parseSelectUnionExtension(Parser.java:1706)
	at org.h2.command.Parser.parseSelectUnion(Parser.java:1675)
	at org.h2.command.Parser.parseSelect(Parser.java:1662)
	at org.h2.command.Parser.parsePrepared(Parser.java:434)
	at org.h2.command.Parser.parse(Parser.java:306)
	at org.h2.command.Parser.parse(Parser.java:282)
	at org.h2.command.Parser.prepareCommand(Parser.java:243)
	at org.h2.engine.Session.prepareLocal(Session.java:442)
	at org.h2.engine.Session.prepareCommand(Session.java:384)
	at org.h2.jdbc.JdbcConnection.prepareCommand(JdbcConnection.java:1188)
	at org.h2.jdbc.JdbcPreparedStatement.&lt;init&gt;(JdbcPreparedStatement.java:73)
	at org.h2.jdbc.JdbcConnection.prepareStatement(JdbcConnection.java:276)
	at sun.reflect.GeneratedMethodAccessor6.invoke(Unknown Source)
	at sun.reflect.DelegatingMethodAccessorImpl.invoke(DelegatingMethodAccessorImpl.java:43)
	at java.lang.reflect.Method.invoke(Method.java:498)
	at org.apache.ibatis.datasource.pooled.PooledConnection.invoke(PooledConnection.java:245)
	at com.sun.proxy.$Proxy12.prepareStatement(Unknown Source)
	at sun.reflect.GeneratedMethodAccessor6.invoke(Unknown Source)
	at sun.reflect.DelegatingMethodAccessorImpl.invoke(DelegatingMethodAccessorImpl.java:43)
	at java.lang.reflect.Method.invoke(Method.java:498)
	at org.apache.ibatis.logging.jdbc.ConnectionLogger.invoke(ConnectionLogger.java:55)
	at com.sun.proxy.$Proxy12.prepareStatement(Unknown Source)
	at org.apache.ibatis.executor.statement.PreparedStatementHandler.instantiateStatement(PreparedStatementHandler.java:79)
	at org.apache.ibatis.executor.statement.BaseStatementHandler.prepare(BaseStatementHandler.java:88)
	at org.apache.ibatis.executor.statement.RoutingStatementHandler.prepare(RoutingStatementHandler.java:58)
	at org.apache.ibatis.executor.SimpleExecutor.prepareStatement(SimpleExecutor.java:76)
	at org.apache.ibatis.executor.SimpleExecutor.doQuery(SimpleExecutor.java:61)
	at org.apache.ibatis.executor.BaseExecutor.queryFromDatabase(BaseExecutor.java:303)
	at org.apache.ibatis.executor.BaseExecutor.query(BaseExecutor.java:154)
	at org.apache.ibatis.executor.CachingExecutor.query(CachingExecutor.java:102)
	at org.apache.ibatis.executor.CachingExecutor.query(CachingExecutor.java:82)
	at org.apache.ibatis.session.defaults.DefaultSqlSession.selectList(DefaultSqlSession.java:120)
	... 45 more
10:47:57,264 [main] DEBUG org.activiti.engine.impl.cfg.standalone.StandaloneMybatisTransactionContext  - firing event rolling back...
10:47:57,264 [main] DEBUG org.activiti.engine.impl.cfg.standalone.StandaloneMybatisTransactionContext  - rolling back ibatis sql session...
10:47:57,265 [main] DEBUG org.activiti.engine.impl.cfg.standalone.StandaloneMybatisTransactionContext  - firing event rolled back...
10:47:57,265 [main] DEBUG org.apache.ibatis.transaction.jdbc.JdbcTransaction  - Resetting autocommit to true on JDBC Connection [conn2: url=jdbc:h2:mem:activiti user=SA]
10:47:57,265 [main] DEBUG org.apache.ibatis.transaction.jdbc.JdbcTransaction  - Closing JDBC Connection [conn2: url=jdbc:h2:mem:activiti user=SA]
10:47:57,265 [main] DEBUG org.apache.ibatis.datasource.pooled.PooledDataSource  - Returned connection 363509958 to pool.
10:47:57,265 [main] DEBUG org.activiti.engine.impl.interceptor.LogInterceptor  - --- JobQueryImpl finished --------------------------------------------------------
10:47:57,265 [main] DEBUG org.activiti.engine.impl.interceptor.LogInterceptor  - 

10:47:57,279 [Thread-112] DEBUG org.activiti.engine.impl.asyncexecutor.AcquireAsyncJobsDueRunnable  - async job acquisition thread woke up
10:47:57,279 [Thread-112] DEBUG org.activiti.engine.impl.interceptor.LogInterceptor  - 

10:47:57,279 [Thread-112] DEBUG org.activiti.engine.impl.interceptor.LogInterceptor  - --- starting AcquireAsyncJobsDueCmd --------------------------------------------------------
10:47:57,279 [Thread-112] DEBUG org.apache.ibatis.transaction.jdbc.JdbcTransaction  - Opening JDBC Connection
10:47:57,279 [Thread-112] DEBUG org.apache.ibatis.datasource.pooled.PooledDataSource  - Checked out connection 1863805930 from pool.
10:47:57,279 [Thread-112] DEBUG org.apache.ibatis.transaction.jdbc.JdbcTransaction  - Setting autocommit to false on JDBC Connection [conn69: url=jdbc:h2:mem:activiti-AsyncExecutorTest user=SA]
10:47:57,279 [Thread-112] DEBUG org.activiti.engine.impl.persistence.entity.JobEntity.selectAsyncJobsDueToExecute  - ==&gt;  Preparing: select RES.* from ACT_RU_JOB RES LEFT OUTER JOIN ACT_RU_EXECUTION PI ON PI.ID_ = RES.PROCESS_INSTANCE_ID_ where RES.RETRIES_ &gt; 0 and RES.DUEDATE_ is not null and RES.DUEDATE_ &lt;= ? and (RES.LOCK_EXP_TIME_ is null or RES.LOCK_EXP_TIME_ &lt;= ?) and TYPE_ = &apos;message&apos; and ( (RES.EXECUTION_ID_ is null) or (PI.SUSPENSION_STATE_ = 1) ) LIMIT ? OFFSET ? 
10:47:57,279 [Thread-112] DEBUG org.activiti.engine.impl.persistence.entity.JobEntity.selectAsyncJobsDueToExecute  - ==&gt; Parameters: 2023-03-20 10:48:50.669(Timestamp), 2023-03-20 10:48:50.669(Timestamp), 1(Integer), 0(Integer)
10:47:57,279 [Thread-112] DEBUG org.activiti.engine.impl.persistence.entity.JobEntity.selectAsyncJobsDueToExecute  - &lt;==      Total: 0
10:47:57,279 [Thread-112] DEBUG org.activiti.engine.impl.db.DbSqlSession  - flush summary: 0 insert, 0 update, 0 delete.
10:47:57,279 [Thread-112] DEBUG org.activiti.engine.impl.db.DbSqlSession  - now executing flush...
10:47:57,279 [Thread-112] DEBUG org.activiti.engine.impl.cfg.standalone.StandaloneMybatisTransactionContext  - firing event committing...
10:47:57,279 [Thread-112] DEBUG org.activiti.engine.impl.cfg.standalone.StandaloneMybatisTransactionContext  - committing the ibatis sql session...
10:47:57,279 [Thread-112] DEBUG org.activiti.engine.impl.cfg.standalone.StandaloneMybatisTransactionContext  - firing event committed...
10:47:57,279 [Thread-112] DEBUG org.apache.ibatis.transaction.jdbc.JdbcTransaction  - Resetting autocommit to true on JDBC Connection [conn69: url=jdbc:h2:mem:activiti-AsyncExecutorTest user=SA]
10:47:57,279 [Thread-112] DEBUG org.apache.ibatis.transaction.jdbc.JdbcTransaction  - Closing JDBC Connection [conn69: url=jdbc:h2:mem:activiti-AsyncExecutorTest user=SA]
10:47:57,279 [Thread-112] DEBUG org.apache.ibatis.datasource.pooled.PooledDataSource  - Returned connection 1863805930 to pool.
10:47:57,279 [Thread-112] DEBUG org.activiti.engine.impl.interceptor.LogInterceptor  - --- AcquireAsyncJobsDueCmd finished --------------------------------------------------------
10:47:57,279 [Thread-112] DEBUG org.activiti.engine.impl.interceptor.LogInterceptor  - 

10:47:57,279 [Thread-112] DEBUG org.activiti.engine.impl.asyncexecutor.AcquireAsyncJobsDueRunnable  - async job acquisition thread sleeping for 50 millis
10:47:57,295 [Thread-105] DEBUG org.activiti.engine.impl.asyncexecutor.AcquireTimerJobsRunnable  - timer job acquisition thread woke up
10:47:57,295 [Thread-105] DEBUG org.activiti.engine.impl.interceptor.LogInterceptor  - 

10:47:57,295 [Thread-105] DEBUG org.activiti.engine.impl.interceptor.LogInterceptor  - --- starting AcquireTimerJobsCmd --------------------------------------------------------
10:47:57,295 [Thread-106] DEBUG org.activiti.engine.impl.asyncexecutor.AcquireAsyncJobsDueRunnable  - async job acquisition thread woke up
10:47:57,295 [Thread-106] DEBUG org.activiti.engine.impl.interceptor.LogInterceptor  - 

10:47:57,295 [Thread-106] DEBUG org.activiti.engine.impl.interceptor.LogInterceptor  - --- starting AcquireAsyncJobsDueCmd --------------------------------------------------------
10:47:57,295 [Thread-106] DEBUG org.apache.ibatis.transaction.jdbc.JdbcTransaction  - Opening JDBC Connection
10:47:57,295 [Thread-106] DEBUG org.apache.ibatis.datasource.pooled.PooledDataSource  - Checked out connection 1970103261 from pool.
10:47:57,295 [Thread-106] DEBUG org.apache.ibatis.transaction.jdbc.JdbcTransaction  - Setting autocommit to false on JDBC Connection [conn63: url=jdbc:h2:mem:activiti-AsyncExecutorTest user=SA]
10:47:57,295 [Thread-106] DEBUG org.activiti.engine.impl.persistence.entity.JobEntity.selectAsyncJobsDueToExecute  - ==&gt;  Preparing: select RES.* from ACT_RU_JOB RES LEFT OUTER JOIN ACT_RU_EXECUTION PI ON PI.ID_ = RES.PROCESS_INSTANCE_ID_ where RES.RETRIES_ &gt; 0 and RES.DUEDATE_ is not null and RES.DUEDATE_ &lt;= ? and (RES.LOCK_EXP_TIME_ is null or RES.LOCK_EXP_TIME_ &lt;= ?) and TYPE_ = &apos;message&apos; and ( (RES.EXECUTION_ID_ is null) or (PI.SUSPENSION_STATE_ = 1) ) LIMIT ? OFFSET ? 
10:47:57,295 [Thread-111] DEBUG org.activiti.engine.impl.asyncexecutor.AcquireTimerJobsRunnable  - timer job acquisition thread woke up
10:47:57,295 [Thread-111] DEBUG org.activiti.engine.impl.interceptor.LogInterceptor  - 

10:47:57,295 [Thread-111] DEBUG org.activiti.engine.impl.interceptor.LogInterceptor  - --- starting AcquireTimerJobsCmd --------------------------------------------------------
10:47:57,295 [Thread-102] DEBUG org.activiti.engine.impl.asyncexecutor.AcquireTimerJobsRunnable  - timer job acquisition thread woke up
10:47:57,295 [Thread-102] DEBUG org.activiti.engine.impl.interceptor.LogInterceptor  - 

10:47:57,296 [Thread-102] DEBUG org.activiti.engine.impl.interceptor.LogInterceptor  - --- starting AcquireTimerJobsCmd --------------------------------------------------------
10:47:57,295 [Thread-103] DEBUG org.activiti.engine.impl.asyncexecutor.AcquireAsyncJobsDueRunnable  - async job acquisition thread woke up
10:47:57,296 [Thread-103] DEBUG org.activiti.engine.impl.interceptor.LogInterceptor  - 

10:47:57,296 [Thread-103] DEBUG org.activiti.engine.impl.interceptor.LogInterceptor  - --- starting AcquireAsyncJobsDueCmd --------------------------------------------------------
10:47:57,296 [Thread-103] DEBUG org.apache.ibatis.transaction.jdbc.JdbcTransaction  - Opening JDBC Connection
10:47:57,296 [Thread-103] DEBUG org.apache.ibatis.datasource.pooled.PooledDataSource  - Checked out connection 720039383 from pool.
10:47:57,296 [Thread-102] DEBUG org.apache.ibatis.transaction.jdbc.JdbcTransaction  - Opening JDBC Connection
10:47:57,296 [Thread-102] DEBUG org.apache.ibatis.datasource.pooled.PooledDataSource  - Checked out connection 33534803 from pool.
10:47:57,296 [Thread-102] DEBUG org.apache.ibatis.transaction.jdbc.JdbcTransaction  - Setting autocommit to false on JDBC Connection [conn60: url=jdbc:h2:mem:activiti-AsyncExecutorTest user=SA]
10:47:57,295 [Thread-111] DEBUG org.apache.ibatis.transaction.jdbc.JdbcTransaction  - Opening JDBC Connection
10:47:57,296 [Thread-111] DEBUG org.apache.ibatis.datasource.pooled.PooledDataSource  - Checked out connection 604408605 from pool.
10:47:57,296 [Thread-111] DEBUG org.apache.ibatis.transaction.jdbc.JdbcTransaction  - Setting autocommit to false on JDBC Connection [conn70: url=jdbc:h2:mem:activiti-AsyncExecutorTest user=SA]
10:47:57,295 [Thread-106] DEBUG org.activiti.engine.impl.persistence.entity.JobEntity.selectAsyncJobsDueToExecute  - ==&gt; Parameters: 2023-03-20 10:48:50.669(Timestamp), 2023-03-20 10:48:50.669(Timestamp), 1(Integer), 0(Integer)
10:47:57,296 [Thread-106] DEBUG org.activiti.engine.impl.persistence.entity.JobEntity.selectAsyncJobsDueToExecute  - &lt;==      Total: 0
10:47:57,295 [Thread-105] DEBUG org.apache.ibatis.transaction.jdbc.JdbcTransaction  - Opening JDBC Connection
10:47:57,296 [Thread-105] DEBUG org.apache.ibatis.datasource.pooled.PooledDataSource  - Checked out connection 996762054 from pool.
10:47:57,296 [Thread-105] DEBUG org.apache.ibatis.transaction.jdbc.JdbcTransaction  - Setting autocommit to false on JDBC Connection [conn65: url=jdbc:h2:mem:activiti-AsyncExecutorTest user=SA]
10:47:57,296 [Thread-106] DEBUG org.activiti.engine.impl.db.DbSqlSession  - flush summary: 0 insert, 0 update, 0 delete.
10:47:57,296 [Thread-106] DEBUG org.activiti.engine.impl.db.DbSqlSession  - now executing flush...
10:47:57,296 [Thread-106] DEBUG org.activiti.engine.impl.cfg.standalone.StandaloneMybatisTransactionContext  - firing event committing...
10:47:57,296 [Thread-106] DEBUG org.activiti.engine.impl.cfg.standalone.StandaloneMybatisTransactionContext  - committing the ibatis sql session...
10:47:57,296 [Thread-111] DEBUG org.activiti.engine.impl.persistence.entity.JobEntity.selectNextTimerJobsToExecute  - ==&gt;  Preparing: select RES.* from ACT_RU_JOB RES LEFT OUTER JOIN ACT_RU_EXECUTION PI ON PI.ID_ = RES.PROCESS_INSTANCE_ID_ where (RES.RETRIES_ &gt; 0) and (RES.DUEDATE_ is null or RES.DUEDATE_ &lt;= ?) and (RES.LOCK_OWNER_ is null or RES.LOCK_EXP_TIME_ &lt;= ?) and TYPE_ = &apos;timer&apos; and ( (RES.EXECUTION_ID_ is null) or (PI.SUSPENSION_STATE_ = 1) ) LIMIT ? OFFSET ? 
10:47:57,296 [Thread-111] DEBUG org.activiti.engine.impl.persistence.entity.JobEntity.selectNextTimerJobsToExecute  - ==&gt; Parameters: 2023-03-20 10:48:50.669(Timestamp), 2023-03-20 10:48:50.669(Timestamp), 1(Integer), 0(Integer)
10:47:57,296 [Thread-111] DEBUG org.activiti.engine.impl.persistence.entity.JobEntity.selectNextTimerJobsToExecute  - &lt;==      Total: 0
10:47:57,296 [Thread-111] DEBUG org.activiti.engine.impl.db.DbSqlSession  - flush summary: 0 insert, 0 update, 0 delete.
10:47:57,296 [Thread-111] DEBUG org.activiti.engine.impl.db.DbSqlSession  - now executing flush...
10:47:57,296 [Thread-111] DEBUG org.activiti.engine.impl.cfg.standalone.StandaloneMybatisTransactionContext  - firing event committing...
10:47:57,296 [Thread-111] DEBUG org.activiti.engine.impl.cfg.standalone.StandaloneMybatisTransactionContext  - committing the ibatis sql session...
10:47:57,296 [Thread-111] DEBUG org.activiti.engine.impl.cfg.standalone.StandaloneMybatisTransactionContext  - firing event committed...
10:47:57,297 [Thread-111] DEBUG org.apache.ibatis.transaction.jdbc.JdbcTransaction  - Resetting autocommit to true on JDBC Connection [conn70: url=jdbc:h2:mem:activiti-AsyncExecutorTest user=SA]
10:47:57,297 [Thread-111] DEBUG org.apache.ibatis.transaction.jdbc.JdbcTransaction  - Closing JDBC Connection [conn70: url=jdbc:h2:mem:activiti-AsyncExecutorTest user=SA]
10:47:57,297 [Thread-111] DEBUG org.apache.ibatis.datasource.pooled.PooledDataSource  - Returned connection 604408605 to pool.
10:47:57,297 [Thread-111] DEBUG org.activiti.engine.impl.interceptor.LogInterceptor  - --- AcquireTimerJobsCmd finished --------------------------------------------------------
10:47:57,297 [Thread-111] DEBUG org.activiti.engine.impl.interceptor.LogInterceptor  - 

10:47:57,297 [Thread-111] DEBUG org.activiti.engine.impl.asyncexecutor.AcquireTimerJobsRunnable  - timer job acquisition thread sleeping for 50 millis
10:47:57,296 [Thread-102] DEBUG org.activiti.engine.impl.persistence.entity.JobEntity.selectNextTimerJobsToExecute  - ==&gt;  Preparing: select RES.* from ACT_RU_JOB RES LEFT OUTER JOIN ACT_RU_EXECUTION PI ON PI.ID_ = RES.PROCESS_INSTANCE_ID_ where (RES.RETRIES_ &gt; 0) and (RES.DUEDATE_ is null or RES.DUEDATE_ &lt;= ?) and (RES.LOCK_OWNER_ is null or RES.LOCK_EXP_TIME_ &lt;= ?) and TYPE_ = &apos;timer&apos; and ( (RES.EXECUTION_ID_ is null) or (PI.SUSPENSION_STATE_ = 1) ) LIMIT ? OFFSET ? 
10:47:57,297 [Thread-102] DEBUG org.activiti.engine.impl.persistence.entity.JobEntity.selectNextTimerJobsToExecute  - ==&gt; Parameters: 2023-03-20 10:48:50.669(Timestamp), 2023-03-20 10:48:50.669(Timestamp), 1(Integer), 0(Integer)
10:47:57,297 [Thread-102] DEBUG org.activiti.engine.impl.persistence.entity.JobEntity.selectNextTimerJobsToExecute  - &lt;==      Total: 0
10:47:57,297 [Thread-102] DEBUG org.activiti.engine.impl.db.DbSqlSession  - flush summary: 0 insert, 0 update, 0 delete.
10:47:57,297 [Thread-102] DEBUG org.activiti.engine.impl.db.DbSqlSession  - now executing flush...
10:47:57,297 [Thread-102] DEBUG org.activiti.engine.impl.cfg.standalone.StandaloneMybatisTransactionContext  - firing event committing...
10:47:57,297 [Thread-102] DEBUG org.activiti.engine.impl.cfg.standalone.StandaloneMybatisTransactionContext  - committing the ibatis sql session...
10:47:57,297 [Thread-102] DEBUG org.activiti.engine.impl.cfg.standalone.StandaloneMybatisTransactionContext  - firing event committed...
10:47:57,297 [Thread-102] DEBUG org.apache.ibatis.transaction.jdbc.JdbcTransaction  - Resetting autocommit to true on JDBC Connection [conn60: url=jdbc:h2:mem:activiti-AsyncExecutorTest user=SA]
10:47:57,297 [Thread-102] DEBUG org.apache.ibatis.transaction.jdbc.JdbcTransaction  - Closing JDBC Connection [conn60: url=jdbc:h2:mem:activiti-AsyncExecutorTest user=SA]
10:47:57,297 [Thread-102] DEBUG org.apache.ibatis.datasource.pooled.PooledDataSource  - Returned connection 33534803 to pool.
10:47:57,297 [Thread-102] DEBUG org.activiti.engine.impl.interceptor.LogInterceptor  - --- AcquireTimerJobsCmd finished --------------------------------------------------------
10:47:57,297 [Thread-102] DEBUG org.activiti.engine.impl.interceptor.LogInterceptor  - 

10:47:57,296 [Thread-103] DEBUG org.apache.ibatis.transaction.jdbc.JdbcTransaction  - Setting autocommit to false on JDBC Connection [conn59: url=jdbc:h2:mem:activiti-AsyncExecutorTest user=SA]
10:47:57,297 [Thread-103] DEBUG org.activiti.engine.impl.persistence.entity.JobEntity.selectAsyncJobsDueToExecute  - ==&gt;  Preparing: select RES.* from ACT_RU_JOB RES LEFT OUTER JOIN ACT_RU_EXECUTION PI ON PI.ID_ = RES.PROCESS_INSTANCE_ID_ where RES.RETRIES_ &gt; 0 and RES.DUEDATE_ is not null and RES.DUEDATE_ &lt;= ? and (RES.LOCK_EXP_TIME_ is null or RES.LOCK_EXP_TIME_ &lt;= ?) and TYPE_ = &apos;message&apos; and ( (RES.EXECUTION_ID_ is null) or (PI.SUSPENSION_STATE_ = 1) ) LIMIT ? OFFSET ? 
10:47:57,297 [Thread-103] DEBUG org.activiti.engine.impl.persistence.entity.JobEntity.selectAsyncJobsDueToExecute  - ==&gt; Parameters: 2023-03-20 10:48:50.669(Timestamp), 2023-03-20 10:48:50.669(Timestamp), 1(Integer), 0(Integer)
10:47:57,297 [Thread-102] DEBUG org.activiti.engine.impl.asyncexecutor.AcquireTimerJobsRunnable  - timer job acquisition thread sleeping for 50 millis
10:47:57,296 [Thread-106] DEBUG org.activiti.engine.impl.cfg.standalone.StandaloneMybatisTransactionContext  - firing event committed...
10:47:57,297 [Thread-106] DEBUG org.apache.ibatis.transaction.jdbc.JdbcTransaction  - Resetting autocommit to true on JDBC Connection [conn63: url=jdbc:h2:mem:activiti-AsyncExecutorTest user=SA]
10:47:57,297 [Thread-106] DEBUG org.apache.ibatis.transaction.jdbc.JdbcTransaction  - Closing JDBC Connection [conn63: url=jdbc:h2:mem:activiti-AsyncExecutorTest user=SA]
10:47:57,297 [Thread-106] DEBUG org.apache.ibatis.datasource.pooled.PooledDataSource  - Returned connection 1970103261 to pool.
10:47:57,297 [Thread-106] DEBUG org.activiti.engine.impl.interceptor.LogInterceptor  - --- AcquireAsyncJobsDueCmd finished --------------------------------------------------------
10:47:57,297 [Thread-106] DEBUG org.activiti.engine.impl.interceptor.LogInterceptor  - 

10:47:57,297 [Thread-106] DEBUG org.activiti.engine.impl.asyncexecutor.AcquireAsyncJobsDueRunnable  - async job acquisition thread sleeping for 50 millis
10:47:57,296 [Thread-105] DEBUG org.activiti.engine.impl.persistence.entity.JobEntity.selectNextTimerJobsToExecute  - ==&gt;  Preparing: select RES.* from ACT_RU_JOB RES LEFT OUTER JOIN ACT_RU_EXECUTION PI ON PI.ID_ = RES.PROCESS_INSTANCE_ID_ where (RES.RETRIES_ &gt; 0) and (RES.DUEDATE_ is null or RES.DUEDATE_ &lt;= ?) and (RES.LOCK_OWNER_ is null or RES.LOCK_EXP_TIME_ &lt;= ?) and TYPE_ = &apos;timer&apos; and ( (RES.EXECUTION_ID_ is null) or (PI.SUSPENSION_STATE_ = 1) ) LIMIT ? OFFSET ? 
10:47:57,297 [Thread-105] DEBUG org.activiti.engine.impl.persistence.entity.JobEntity.selectNextTimerJobsToExecute  - ==&gt; Parameters: 2023-03-20 10:48:50.669(Timestamp), 2023-03-20 10:48:50.669(Timestamp), 1(Integer), 0(Integer)
10:47:57,298 [Thread-105] DEBUG org.activiti.engine.impl.persistence.entity.JobEntity.selectNextTimerJobsToExecute  - &lt;==      Total: 0
10:47:57,298 [Thread-105] DEBUG org.activiti.engine.impl.db.DbSqlSession  - flush summary: 0 insert, 0 update, 0 delete.
10:47:57,298 [Thread-105] DEBUG org.activiti.engine.impl.db.DbSqlSession  - now executing flush...
10:47:57,298 [Thread-105] DEBUG org.activiti.engine.impl.cfg.standalone.StandaloneMybatisTransactionContext  - firing event committing...
10:47:57,298 [Thread-105] DEBUG org.activiti.engine.impl.cfg.standalone.StandaloneMybatisTransactionContext  - committing the ibatis sql session...
10:47:57,298 [Thread-105] DEBUG org.activiti.engine.impl.cfg.standalone.StandaloneMybatisTransactionContext  - firing event committed...
10:47:57,298 [Thread-105] DEBUG org.apache.ibatis.transaction.jdbc.JdbcTransaction  - Resetting autocommit to true on JDBC Connection [conn65: url=jdbc:h2:mem:activiti-AsyncExecutorTest user=SA]
10:47:57,298 [Thread-105] DEBUG org.apache.ibatis.transaction.jdbc.JdbcTransaction  - Closing JDBC Connection [conn65: url=jdbc:h2:mem:activiti-AsyncExecutorTest user=SA]
10:47:57,298 [Thread-105] DEBUG org.apache.ibatis.datasource.pooled.PooledDataSource  - Returned connection 996762054 to pool.
10:47:57,298 [Thread-105] DEBUG org.activiti.engine.impl.interceptor.LogInterceptor  - --- AcquireTimerJobsCmd finished --------------------------------------------------------
10:47:57,298 [Thread-105] DEBUG org.activiti.engine.impl.interceptor.LogInterceptor  - 

10:47:57,298 [Thread-105] DEBUG org.activiti.engine.impl.asyncexecutor.AcquireTimerJobsRunnable  - timer job acquisition thread sleeping for 50 millis
10:47:57,297 [Thread-103] DEBUG org.activiti.engine.impl.persistence.entity.JobEntity.selectAsyncJobsDueToExecute  - &lt;==      Total: 0
10:47:57,298 [Thread-103] DEBUG org.activiti.engine.impl.db.DbSqlSession  - flush summary: 0 insert, 0 update, 0 delete.
10:47:57,298 [Thread-103] DEBUG org.activiti.engine.impl.db.DbSqlSession  - now executing flush...
10:47:57,298 [Thread-103] DEBUG org.activiti.engine.impl.cfg.standalone.StandaloneMybatisTransactionContext  - firing event committing...
10:47:57,298 [Thread-103] DEBUG org.activiti.engine.impl.cfg.standalone.StandaloneMybatisTransactionContext  - committing the ibatis sql session...
10:47:57,298 [Thread-103] DEBUG org.activiti.engine.impl.cfg.standalone.StandaloneMybatisTransactionContext  - firing event committed...
10:47:57,298 [Thread-103] DEBUG org.apache.ibatis.transaction.jdbc.JdbcTransaction  - Resetting autocommit to true on JDBC Connection [conn59: url=jdbc:h2:mem:activiti-AsyncExecutorTest user=SA]
10:47:57,298 [Thread-103] DEBUG org.apache.ibatis.transaction.jdbc.JdbcTransaction  - Closing JDBC Connection [conn59: url=jdbc:h2:mem:activiti-AsyncExecutorTest user=SA]
10:47:57,298 [Thread-103] DEBUG org.apache.ibatis.datasource.pooled.PooledDataSource  - Returned connection 720039383 to pool.
10:47:57,298 [Thread-103] DEBUG org.activiti.engine.impl.interceptor.LogInterceptor  - --- AcquireAsyncJobsDueCmd finished --------------------------------------------------------
10:47:57,298 [Thread-103] DEBUG org.activiti.engine.impl.interceptor.LogInterceptor  - 

10:47:57,298 [Thread-103] DEBUG org.activiti.engine.impl.asyncexecutor.AcquireAsyncJobsDueRunnable  - async job acquisition thread sleeping for 50 millis
10:47:57,341 [Thread-112] DEBUG org.activiti.engine.impl.asyncexecutor.AcquireAsyncJobsDueRunnable  - async job acquisition thread woke up
10:47:57,341 [Thread-112] DEBUG org.activiti.engine.impl.interceptor.LogInterceptor  - 

10:47:57,341 [Thread-112] DEBUG org.activiti.engine.impl.interceptor.LogInterceptor  - --- starting AcquireAsyncJobsDueCmd --------------------------------------------------------
10:47:57,341 [Thread-112] DEBUG org.apache.ibatis.transaction.jdbc.JdbcTransaction  - Opening JDBC Connection
10:47:57,341 [Thread-112] DEBUG org.apache.ibatis.datasource.pooled.PooledDataSource  - Checked out connection 58501658 from pool.
10:47:57,341 [Thread-112] DEBUG org.apache.ibatis.transaction.jdbc.JdbcTransaction  - Setting autocommit to false on JDBC Connection [conn68: url=jdbc:h2:mem:activiti-AsyncExecutorTest user=SA]
10:47:57,341 [Thread-112] DEBUG org.activiti.engine.impl.persistence.entity.JobEntity.selectAsyncJobsDueToExecute  - ==&gt;  Preparing: select RES.* from ACT_RU_JOB RES LEFT OUTER JOIN ACT_RU_EXECUTION PI ON PI.ID_ = RES.PROCESS_INSTANCE_ID_ where RES.RETRIES_ &gt; 0 and RES.DUEDATE_ is not null and RES.DUEDATE_ &lt;= ? and (RES.LOCK_EXP_TIME_ is null or RES.LOCK_EXP_TIME_ &lt;= ?) and TYPE_ = &apos;message&apos; and ( (RES.EXECUTION_ID_ is null) or (PI.SUSPENSION_STATE_ = 1) ) LIMIT ? OFFSET ? 
10:47:57,341 [Thread-112] DEBUG org.activiti.engine.impl.persistence.entity.JobEntity.selectAsyncJobsDueToExecute  - ==&gt; Parameters: 2023-03-20 10:48:50.669(Timestamp), 2023-03-20 10:48:50.669(Timestamp), 1(Integer), 0(Integer)
10:47:57,341 [Thread-112] DEBUG org.activiti.engine.impl.persistence.entity.JobEntity.selectAsyncJobsDueToExecute  - &lt;==      Total: 0
10:47:57,341 [Thread-112] DEBUG org.activiti.engine.impl.db.DbSqlSession  - flush summary: 0 insert, 0 update, 0 delete.
10:47:57,341 [Thread-112] DEBUG org.activiti.engine.impl.db.DbSqlSession  - now executing flush...
10:47:57,341 [Thread-112] DEBUG org.activiti.engine.impl.cfg.standalone.StandaloneMybatisTransactionContext  - firing event committing...
10:47:57,341 [Thread-112] DEBUG org.activiti.engine.impl.cfg.standalone.StandaloneMybatisTransactionContext  - committing the ibatis sql session...
10:47:57,341 [Thread-112] DEBUG org.activiti.engine.impl.cfg.standalone.StandaloneMybatisTransactionContext  - firing event committed...
10:47:57,341 [Thread-112] DEBUG org.apache.ibatis.transaction.jdbc.JdbcTransaction  - Resetting autocommit to true on JDBC Connection [conn68: url=jdbc:h2:mem:activiti-AsyncExecutorTest user=SA]
10:47:57,341 [Thread-112] DEBUG org.apache.ibatis.transaction.jdbc.JdbcTransaction  - Closing JDBC Connection [conn68: url=jdbc:h2:mem:activiti-AsyncExecutorTest user=SA]
10:47:57,341 [Thread-112] DEBUG org.apache.ibatis.datasource.pooled.PooledDataSource  - Returned connection 58501658 to pool.
10:47:57,341 [Thread-112] DEBUG org.activiti.engine.impl.interceptor.LogInterceptor  - --- AcquireAsyncJobsDueCmd finished --------------------------------------------------------
10:47:57,341 [Thread-112] DEBUG org.activiti.engine.impl.interceptor.LogInterceptor  - 

10:47:57,341 [Thread-112] DEBUG org.activiti.engine.impl.asyncexecutor.AcquireAsyncJobsDueRunnable  - async job acquisition thread sleeping for 50 millis
10:47:57,356 [Thread-103] DEBUG org.activiti.engine.impl.asyncexecutor.AcquireAsyncJobsDueRunnable  - async job acquisition thread woke up
10:47:57,356 [Thread-103] DEBUG org.activiti.engine.impl.interceptor.LogInterceptor  - 

10:47:57,356 [Thread-103] DEBUG org.activiti.engine.impl.interceptor.LogInterceptor  - --- starting AcquireAsyncJobsDueCmd --------------------------------------------------------
10:47:57,356 [Thread-106] DEBUG org.activiti.engine.impl.asyncexecutor.AcquireAsyncJobsDueRunnable  - async job acquisition thread woke up
10:47:57,356 [Thread-106] DEBUG org.activiti.engine.impl.interceptor.LogInterceptor  - 

10:47:57,356 [Thread-106] DEBUG org.activiti.engine.impl.interceptor.LogInterceptor  - --- starting AcquireAsyncJobsDueCmd --------------------------------------------------------
10:47:57,356 [Thread-105] DEBUG org.activiti.engine.impl.asyncexecutor.AcquireTimerJobsRunnable  - timer job acquisition thread woke up
10:47:57,356 [Thread-105] DEBUG org.activiti.engine.impl.interceptor.LogInterceptor  - 

10:47:57,356 [Thread-105] DEBUG org.activiti.engine.impl.interceptor.LogInterceptor  - --- starting AcquireTimerJobsCmd --------------------------------------------------------
10:47:57,356 [Thread-111] DEBUG org.activiti.engine.impl.asyncexecutor.AcquireTimerJobsRunnable  - timer job acquisition thread woke up
10:47:57,356 [Thread-111] DEBUG org.activiti.engine.impl.interceptor.LogInterceptor  - 

10:47:57,356 [Thread-111] DEBUG org.activiti.engine.impl.interceptor.LogInterceptor  - --- starting AcquireTimerJobsCmd --------------------------------------------------------
10:47:57,356 [Thread-111] DEBUG org.apache.ibatis.transaction.jdbc.JdbcTransaction  - Opening JDBC Connection
10:47:57,356 [Thread-111] DEBUG org.apache.ibatis.datasource.pooled.PooledDataSource  - Checked out connection 1863805930 from pool.
10:47:57,356 [Thread-111] DEBUG org.apache.ibatis.transaction.jdbc.JdbcTransaction  - Setting autocommit to false on JDBC Connection [conn69: url=jdbc:h2:mem:activiti-AsyncExecutorTest user=SA]
10:47:57,356 [Thread-102] DEBUG org.activiti.engine.impl.asyncexecutor.AcquireTimerJobsRunnable  - timer job acquisition thread woke up
10:47:57,357 [Thread-102] DEBUG org.activiti.engine.impl.interceptor.LogInterceptor  - 

10:47:57,357 [Thread-102] DEBUG org.activiti.engine.impl.interceptor.LogInterceptor  - --- starting AcquireTimerJobsCmd --------------------------------------------------------
10:47:57,357 [Thread-102] DEBUG org.apache.ibatis.transaction.jdbc.JdbcTransaction  - Opening JDBC Connection
10:47:57,357 [Thread-102] DEBUG org.apache.ibatis.datasource.pooled.PooledDataSource  - Checked out connection 157985567 from pool.
10:47:57,357 [Thread-102] DEBUG org.apache.ibatis.transaction.jdbc.JdbcTransaction  - Setting autocommit to false on JDBC Connection [conn61: url=jdbc:h2:mem:activiti-AsyncExecutorTest user=SA]
10:47:57,357 [Thread-102] DEBUG org.activiti.engine.impl.persistence.entity.JobEntity.selectNextTimerJobsToExecute  - ==&gt;  Preparing: select RES.* from ACT_RU_JOB RES LEFT OUTER JOIN ACT_RU_EXECUTION PI ON PI.ID_ = RES.PROCESS_INSTANCE_ID_ where (RES.RETRIES_ &gt; 0) and (RES.DUEDATE_ is null or RES.DUEDATE_ &lt;= ?) and (RES.LOCK_OWNER_ is null or RES.LOCK_EXP_TIME_ &lt;= ?) and TYPE_ = &apos;timer&apos; and ( (RES.EXECUTION_ID_ is null) or (PI.SUSPENSION_STATE_ = 1) ) LIMIT ? OFFSET ? 
10:47:57,356 [Thread-111] DEBUG org.activiti.engine.impl.persistence.entity.JobEntity.selectNextTimerJobsToExecute  - ==&gt;  Preparing: select RES.* from ACT_RU_JOB RES LEFT OUTER JOIN ACT_RU_EXECUTION PI ON PI.ID_ = RES.PROCESS_INSTANCE_ID_ where (RES.RETRIES_ &gt; 0) and (RES.DUEDATE_ is null or RES.DUEDATE_ &lt;= ?) and (RES.LOCK_OWNER_ is null or RES.LOCK_EXP_TIME_ &lt;= ?) and TYPE_ = &apos;timer&apos; and ( (RES.EXECUTION_ID_ is null) or (PI.SUSPENSION_STATE_ = 1) ) LIMIT ? OFFSET ? 
10:47:57,357 [Thread-111] DEBUG org.activiti.engine.impl.persistence.entity.JobEntity.selectNextTimerJobsToExecute  - ==&gt; Parameters: 2023-03-20 10:48:50.669(Timestamp), 2023-03-20 10:48:50.669(Timestamp), 1(Integer), 0(Integer)
10:47:57,357 [Thread-111] DEBUG org.activiti.engine.impl.persistence.entity.JobEntity.selectNextTimerJobsToExecute  - &lt;==      Total: 0
10:47:57,356 [Thread-105] DEBUG org.apache.ibatis.transaction.jdbc.JdbcTransaction  - Opening JDBC Connection
10:47:57,357 [Thread-105] DEBUG org.apache.ibatis.datasource.pooled.PooledDataSource  - Checked out connection 54468349 from pool.
10:47:57,357 [Thread-105] DEBUG org.apache.ibatis.transaction.jdbc.JdbcTransaction  - Setting autocommit to false on JDBC Connection [conn64: url=jdbc:h2:mem:activiti-AsyncExecutorTest user=SA]
10:47:57,356 [Thread-106] DEBUG org.apache.ibatis.transaction.jdbc.JdbcTransaction  - Opening JDBC Connection
10:47:57,357 [Thread-106] DEBUG org.apache.ibatis.datasource.pooled.PooledDataSource  - Checked out connection 1970103261 from pool.
10:47:57,357 [Thread-106] DEBUG org.apache.ibatis.transaction.jdbc.JdbcTransaction  - Setting autocommit to false on JDBC Connection [conn63: url=jdbc:h2:mem:activiti-AsyncExecutorTest user=SA]
10:47:57,357 [Thread-106] DEBUG org.activiti.engine.impl.persistence.entity.JobEntity.selectAsyncJobsDueToExecute  - ==&gt;  Preparing: select RES.* from ACT_RU_JOB RES LEFT OUTER JOIN ACT_RU_EXECUTION PI ON PI.ID_ = RES.PROCESS_INSTANCE_ID_ where RES.RETRIES_ &gt; 0 and RES.DUEDATE_ is not null and RES.DUEDATE_ &lt;= ? and (RES.LOCK_EXP_TIME_ is null or RES.LOCK_EXP_TIME_ &lt;= ?) and TYPE_ = &apos;message&apos; and ( (RES.EXECUTION_ID_ is null) or (PI.SUSPENSION_STATE_ = 1) ) LIMIT ? OFFSET ? 
10:47:57,356 [Thread-103] DEBUG org.apache.ibatis.transaction.jdbc.JdbcTransaction  - Opening JDBC Connection
10:47:57,357 [Thread-103] DEBUG org.apache.ibatis.datasource.pooled.PooledDataSource  - Checked out connection 33534803 from pool.
10:47:57,357 [Thread-103] DEBUG org.apache.ibatis.transaction.jdbc.JdbcTransaction  - Setting autocommit to false on JDBC Connection [conn60: url=jdbc:h2:mem:activiti-AsyncExecutorTest user=SA]
10:47:57,357 [Thread-106] DEBUG org.activiti.engine.impl.persistence.entity.JobEntity.selectAsyncJobsDueToExecute  - ==&gt; Parameters: 2023-03-20 10:48:50.669(Timestamp), 2023-03-20 10:48:50.669(Timestamp), 1(Integer), 0(Integer)
10:47:57,357 [Thread-105] DEBUG org.activiti.engine.impl.persistence.entity.JobEntity.selectNextTimerJobsToExecute  - ==&gt;  Preparing: select RES.* from ACT_RU_JOB RES LEFT OUTER JOIN ACT_RU_EXECUTION PI ON PI.ID_ = RES.PROCESS_INSTANCE_ID_ where (RES.RETRIES_ &gt; 0) and (RES.DUEDATE_ is null or RES.DUEDATE_ &lt;= ?) and (RES.LOCK_OWNER_ is null or RES.LOCK_EXP_TIME_ &lt;= ?) and TYPE_ = &apos;timer&apos; and ( (RES.EXECUTION_ID_ is null) or (PI.SUSPENSION_STATE_ = 1) ) LIMIT ? OFFSET ? 
10:47:57,357 [Thread-105] DEBUG org.activiti.engine.impl.persistence.entity.JobEntity.selectNextTimerJobsToExecute  - ==&gt; Parameters: 2023-03-20 10:48:50.669(Timestamp), 2023-03-20 10:48:50.669(Timestamp), 1(Integer), 0(Integer)
10:47:57,357 [Thread-105] DEBUG org.activiti.engine.impl.persistence.entity.JobEntity.selectNextTimerJobsToExecute  - &lt;==      Total: 0
10:47:57,357 [Thread-105] DEBUG org.activiti.engine.impl.db.DbSqlSession  - flush summary: 0 insert, 0 update, 0 delete.
10:47:57,357 [Thread-105] DEBUG org.activiti.engine.impl.db.DbSqlSession  - now executing flush...
10:47:57,357 [Thread-105] DEBUG org.activiti.engine.impl.cfg.standalone.StandaloneMybatisTransactionContext  - firing event committing...
10:47:57,357 [Thread-105] DEBUG org.activiti.engine.impl.cfg.standalone.StandaloneMybatisTransactionContext  - committing the ibatis sql session...
10:47:57,358 [Thread-105] DEBUG org.activiti.engine.impl.cfg.standalone.StandaloneMybatisTransactionContext  - firing event committed...
10:47:57,358 [Thread-105] DEBUG org.apache.ibatis.transaction.jdbc.JdbcTransaction  - Resetting autocommit to true on JDBC Connection [conn64: url=jdbc:h2:mem:activiti-AsyncExecutorTest user=SA]
10:47:57,358 [Thread-105] DEBUG org.apache.ibatis.transaction.jdbc.JdbcTransaction  - Closing JDBC Connection [conn64: url=jdbc:h2:mem:activiti-AsyncExecutorTest user=SA]
10:47:57,358 [Thread-105] DEBUG org.apache.ibatis.datasource.pooled.PooledDataSource  - Returned connection 54468349 to pool.
10:47:57,358 [Thread-105] DEBUG org.activiti.engine.impl.interceptor.LogInterceptor  - --- AcquireTimerJobsCmd finished --------------------------------------------------------
10:47:57,358 [Thread-105] DEBUG org.activiti.engine.impl.interceptor.LogInterceptor  - 

10:47:57,358 [Thread-105] DEBUG org.activiti.engine.impl.asyncexecutor.AcquireTimerJobsRunnable  - timer job acquisition thread sleeping for 50 millis
10:47:57,357 [Thread-111] DEBUG org.activiti.engine.impl.db.DbSqlSession  - flush summary: 0 insert, 0 update, 0 delete.
10:47:57,358 [Thread-111] DEBUG org.activiti.engine.impl.db.DbSqlSession  - now executing flush...
10:47:57,358 [Thread-111] DEBUG org.activiti.engine.impl.cfg.standalone.StandaloneMybatisTransactionContext  - firing event committing...
10:47:57,358 [Thread-111] DEBUG org.activiti.engine.impl.cfg.standalone.StandaloneMybatisTransactionContext  - committing the ibatis sql session...
10:47:57,358 [Thread-111] DEBUG org.activiti.engine.impl.cfg.standalone.StandaloneMybatisTransactionContext  - firing event committed...
10:47:57,358 [Thread-111] DEBUG org.apache.ibatis.transaction.jdbc.JdbcTransaction  - Resetting autocommit to true on JDBC Connection [conn69: url=jdbc:h2:mem:activiti-AsyncExecutorTest user=SA]
10:47:57,358 [Thread-111] DEBUG org.apache.ibatis.transaction.jdbc.JdbcTransaction  - Closing JDBC Connection [conn69: url=jdbc:h2:mem:activiti-AsyncExecutorTest user=SA]
10:47:57,358 [Thread-111] DEBUG org.apache.ibatis.datasource.pooled.PooledDataSource  - Returned connection 1863805930 to pool.
10:47:57,358 [Thread-111] DEBUG org.activiti.engine.impl.interceptor.LogInterceptor  - --- AcquireTimerJobsCmd finished --------------------------------------------------------
10:47:57,358 [Thread-111] DEBUG org.activiti.engine.impl.interceptor.LogInterceptor  - 

10:47:57,358 [Thread-111] DEBUG org.activiti.engine.impl.asyncexecutor.AcquireTimerJobsRunnable  - timer job acquisition thread sleeping for 50 millis
10:47:57,357 [Thread-102] DEBUG org.activiti.engine.impl.persistence.entity.JobEntity.selectNextTimerJobsToExecute  - ==&gt; Parameters: 2023-03-20 10:48:50.669(Timestamp), 2023-03-20 10:48:50.669(Timestamp), 1(Integer), 0(Integer)
10:47:57,358 [Thread-102] DEBUG org.activiti.engine.impl.persistence.entity.JobEntity.selectNextTimerJobsToExecute  - &lt;==      Total: 0
10:47:57,358 [Thread-102] DEBUG org.activiti.engine.impl.db.DbSqlSession  - flush summary: 0 insert, 0 update, 0 delete.
10:47:57,358 [Thread-102] DEBUG org.activiti.engine.impl.db.DbSqlSession  - now executing flush...
10:47:57,358 [Thread-102] DEBUG org.activiti.engine.impl.cfg.standalone.StandaloneMybatisTransactionContext  - firing event committing...
10:47:57,358 [Thread-102] DEBUG org.activiti.engine.impl.cfg.standalone.StandaloneMybatisTransactionContext  - committing the ibatis sql session...
10:47:57,358 [Thread-102] DEBUG org.activiti.engine.impl.cfg.standalone.StandaloneMybatisTransactionContext  - firing event committed...
10:47:57,358 [Thread-102] DEBUG org.apache.ibatis.transaction.jdbc.JdbcTransaction  - Resetting autocommit to true on JDBC Connection [conn61: url=jdbc:h2:mem:activiti-AsyncExecutorTest user=SA]
10:47:57,358 [Thread-102] DEBUG org.apache.ibatis.transaction.jdbc.JdbcTransaction  - Closing JDBC Connection [conn61: url=jdbc:h2:mem:activiti-AsyncExecutorTest user=SA]
10:47:57,358 [Thread-102] DEBUG org.apache.ibatis.datasource.pooled.PooledDataSource  - Returned connection 157985567 to pool.
10:47:57,358 [Thread-102] DEBUG org.activiti.engine.impl.interceptor.LogInterceptor  - --- AcquireTimerJobsCmd finished --------------------------------------------------------
10:47:57,358 [Thread-102] DEBUG org.activiti.engine.impl.interceptor.LogInterceptor  - 

10:47:57,357 [Thread-106] DEBUG org.activiti.engine.impl.persistence.entity.JobEntity.selectAsyncJobsDueToExecute  - &lt;==      Total: 0
10:47:57,358 [Thread-106] DEBUG org.activiti.engine.impl.db.DbSqlSession  - flush summary: 0 insert, 0 update, 0 delete.
10:47:57,358 [Thread-106] DEBUG org.activiti.engine.impl.db.DbSqlSession  - now executing flush...
10:47:57,358 [Thread-106] DEBUG org.activiti.engine.impl.cfg.standalone.StandaloneMybatisTransactionContext  - firing event committing...
10:47:57,358 [Thread-106] DEBUG org.activiti.engine.impl.cfg.standalone.StandaloneMybatisTransactionContext  - committing the ibatis sql session...
10:47:57,358 [Thread-106] DEBUG org.activiti.engine.impl.cfg.standalone.StandaloneMybatisTransactionContext  - firing event committed...
10:47:57,358 [Thread-106] DEBUG org.apache.ibatis.transaction.jdbc.JdbcTransaction  - Resetting autocommit to true on JDBC Connection [conn63: url=jdbc:h2:mem:activiti-AsyncExecutorTest user=SA]
10:47:57,358 [Thread-106] DEBUG org.apache.ibatis.transaction.jdbc.JdbcTransaction  - Closing JDBC Connection [conn63: url=jdbc:h2:mem:activiti-AsyncExecutorTest user=SA]
10:47:57,358 [Thread-106] DEBUG org.apache.ibatis.datasource.pooled.PooledDataSource  - Returned connection 1970103261 to pool.
10:47:57,358 [Thread-106] DEBUG org.activiti.engine.impl.interceptor.LogInterceptor  - --- AcquireAsyncJobsDueCmd finished --------------------------------------------------------
10:47:57,358 [Thread-106] DEBUG org.activiti.engine.impl.interceptor.LogInterceptor  - 

10:47:57,358 [Thread-106] DEBUG org.activiti.engine.impl.asyncexecutor.AcquireAsyncJobsDueRunnable  - async job acquisition thread sleeping for 50 millis
10:47:57,357 [Thread-103] DEBUG org.activiti.engine.impl.persistence.entity.JobEntity.selectAsyncJobsDueToExecute  - ==&gt;  Preparing: select RES.* from ACT_RU_JOB RES LEFT OUTER JOIN ACT_RU_EXECUTION PI ON PI.ID_ = RES.PROCESS_INSTANCE_ID_ where RES.RETRIES_ &gt; 0 and RES.DUEDATE_ is not null and RES.DUEDATE_ &lt;= ? and (RES.LOCK_EXP_TIME_ is null or RES.LOCK_EXP_TIME_ &lt;= ?) and TYPE_ = &apos;message&apos; and ( (RES.EXECUTION_ID_ is null) or (PI.SUSPENSION_STATE_ = 1) ) LIMIT ? OFFSET ? 
10:47:57,359 [Thread-103] DEBUG org.activiti.engine.impl.persistence.entity.JobEntity.selectAsyncJobsDueToExecute  - ==&gt; Parameters: 2023-03-20 10:48:50.669(Timestamp), 2023-03-20 10:48:50.669(Timestamp), 1(Integer), 0(Integer)
10:47:57,359 [Thread-103] DEBUG org.activiti.engine.impl.persistence.entity.JobEntity.selectAsyncJobsDueToExecute  - &lt;==      Total: 0
10:47:57,359 [Thread-103] DEBUG org.activiti.engine.impl.db.DbSqlSession  - flush summary: 0 insert, 0 update, 0 delete.
10:47:57,359 [Thread-103] DEBUG org.activiti.engine.impl.db.DbSqlSession  - now executing flush...
10:47:57,359 [Thread-103] DEBUG org.activiti.engine.impl.cfg.standalone.StandaloneMybatisTransactionContext  - firing event committing...
10:47:57,359 [Thread-103] DEBUG org.activiti.engine.impl.cfg.standalone.StandaloneMybatisTransactionContext  - committing the ibatis sql session...
10:47:57,359 [Thread-103] DEBUG org.activiti.engine.impl.cfg.standalone.StandaloneMybatisTransactionContext  - firing event committed...
10:47:57,359 [Thread-103] DEBUG org.apache.ibatis.transaction.jdbc.JdbcTransaction  - Resetting autocommit to true on JDBC Connection [conn60: url=jdbc:h2:mem:activiti-AsyncExecutorTest user=SA]
10:47:57,359 [Thread-103] DEBUG org.apache.ibatis.transaction.jdbc.JdbcTransaction  - Closing JDBC Connection [conn60: url=jdbc:h2:mem:activiti-AsyncExecutorTest user=SA]
10:47:57,359 [Thread-103] DEBUG org.apache.ibatis.datasource.pooled.PooledDataSource  - Returned connection 33534803 to pool.
10:47:57,359 [Thread-103] DEBUG org.activiti.engine.impl.interceptor.LogInterceptor  - --- AcquireAsyncJobsDueCmd finished --------------------------------------------------------
10:47:57,359 [Thread-103] DEBUG org.activiti.engine.impl.interceptor.LogInterceptor  - 

10:47:57,358 [Thread-102] DEBUG org.activiti.engine.impl.asyncexecutor.AcquireTimerJobsRunnable  - timer job acquisition thread sleeping for 50 millis
10:47:57,359 [Thread-103] DEBUG org.activiti.engine.impl.asyncexecutor.AcquireAsyncJobsDueRunnable  - async job acquisition thread sleeping for 50 millis
10:47:57,403 [Thread-112] DEBUG org.activiti.engine.impl.asyncexecutor.AcquireAsyncJobsDueRunnable  - async job acquisition thread woke up
10:47:57,403 [Thread-112] DEBUG org.activiti.engine.impl.interceptor.LogInterceptor  - 

10:47:57,403 [Thread-112] DEBUG org.activiti.engine.impl.interceptor.LogInterceptor  - --- starting AcquireAsyncJobsDueCmd --------------------------------------------------------
10:47:57,403 [Thread-112] DEBUG org.apache.ibatis.transaction.jdbc.JdbcTransaction  - Opening JDBC Connection
10:47:57,403 [Thread-112] DEBUG org.apache.ibatis.datasource.pooled.PooledDataSource  - Checked out connection 604408605 from pool.
10:47:57,403 [Thread-112] DEBUG org.apache.ibatis.transaction.jdbc.JdbcTransaction  - Setting autocommit to false on JDBC Connection [conn70: url=jdbc:h2:mem:activiti-AsyncExecutorTest user=SA]
10:47:57,403 [Thread-112] DEBUG org.activiti.engine.impl.persistence.entity.JobEntity.selectAsyncJobsDueToExecute  - ==&gt;  Preparing: select RES.* from ACT_RU_JOB RES LEFT OUTER JOIN ACT_RU_EXECUTION PI ON PI.ID_ = RES.PROCESS_INSTANCE_ID_ where RES.RETRIES_ &gt; 0 and RES.DUEDATE_ is not null and RES.DUEDATE_ &lt;= ? and (RES.LOCK_EXP_TIME_ is null or RES.LOCK_EXP_TIME_ &lt;= ?) and TYPE_ = &apos;message&apos; and ( (RES.EXECUTION_ID_ is null) or (PI.SUSPENSION_STATE_ = 1) ) LIMIT ? OFFSET ? 
10:47:57,403 [Thread-112] DEBUG org.activiti.engine.impl.persistence.entity.JobEntity.selectAsyncJobsDueToExecute  - ==&gt; Parameters: 2023-03-20 10:48:50.669(Timestamp), 2023-03-20 10:48:50.669(Timestamp), 1(Integer), 0(Integer)
10:47:57,403 [Thread-112] DEBUG org.activiti.engine.impl.persistence.entity.JobEntity.selectAsyncJobsDueToExecute  - &lt;==      Total: 0
10:47:57,403 [Thread-112] DEBUG org.activiti.engine.impl.db.DbSqlSession  - flush summary: 0 insert, 0 update, 0 delete.
10:47:57,403 [Thread-112] DEBUG org.activiti.engine.impl.db.DbSqlSession  - now executing flush...
10:47:57,403 [Thread-112] DEBUG org.activiti.engine.impl.cfg.standalone.StandaloneMybatisTransactionContext  - firing event committing...
10:47:57,403 [Thread-112] DEBUG org.activiti.engine.impl.cfg.standalone.StandaloneMybatisTransactionContext  - committing the ibatis sql session...
10:47:57,403 [Thread-112] DEBUG org.activiti.engine.impl.cfg.standalone.StandaloneMybatisTransactionContext  - firing event committed...
10:47:57,403 [Thread-112] DEBUG org.apache.ibatis.transaction.jdbc.JdbcTransaction  - Resetting autocommit to true on JDBC Connection [conn70: url=jdbc:h2:mem:activiti-AsyncExecutorTest user=SA]
10:47:57,403 [Thread-112] DEBUG org.apache.ibatis.transaction.jdbc.JdbcTransaction  - Closing JDBC Connection [conn70: url=jdbc:h2:mem:activiti-AsyncExecutorTest user=SA]
10:47:57,403 [Thread-112] DEBUG org.apache.ibatis.datasource.pooled.PooledDataSource  - Returned connection 604408605 to pool.
10:47:57,403 [Thread-112] DEBUG org.activiti.engine.impl.interceptor.LogInterceptor  - --- AcquireAsyncJobsDueCmd finished --------------------------------------------------------
10:47:57,403 [Thread-112] DEBUG org.activiti.engine.impl.interceptor.LogInterceptor  - 

10:47:57,403 [Thread-112] DEBUG org.activiti.engine.impl.asyncexecutor.AcquireAsyncJobsDueRunnable  - async job acquisition thread sleeping for 50 millis
10:47:57,419 [Thread-102] DEBUG org.activiti.engine.impl.asyncexecutor.AcquireTimerJobsRunnable  - timer job acquisition thread woke up
10:47:57,419 [Thread-105] DEBUG org.activiti.engine.impl.asyncexecutor.AcquireTimerJobsRunnable  - timer job acquisition thread woke up
10:47:57,419 [Thread-105] DEBUG org.activiti.engine.impl.interceptor.LogInterceptor  - 

10:47:57,419 [Thread-105] DEBUG org.activiti.engine.impl.interceptor.LogInterceptor  - --- starting AcquireTimerJobsCmd --------------------------------------------------------
10:47:57,419 [Thread-111] DEBUG org.activiti.engine.impl.asyncexecutor.AcquireTimerJobsRunnable  - timer job acquisition thread woke up
10:47:57,419 [Thread-111] DEBUG org.activiti.engine.impl.interceptor.LogInterceptor  - 

10:47:57,419 [Thread-111] DEBUG org.activiti.engine.impl.interceptor.LogInterceptor  - --- starting AcquireTimerJobsCmd --------------------------------------------------------
10:47:57,419 [Thread-103] DEBUG org.activiti.engine.impl.asyncexecutor.AcquireAsyncJobsDueRunnable  - async job acquisition thread woke up
10:47:57,419 [Thread-103] DEBUG org.activiti.engine.impl.interceptor.LogInterceptor  - 

10:47:57,419 [Thread-103] DEBUG org.activiti.engine.impl.interceptor.LogInterceptor  - --- starting AcquireAsyncJobsDueCmd --------------------------------------------------------
10:47:57,419 [Thread-106] DEBUG org.activiti.engine.impl.asyncexecutor.AcquireAsyncJobsDueRunnable  - async job acquisition thread woke up
10:47:57,419 [Thread-106] DEBUG org.activiti.engine.impl.interceptor.LogInterceptor  - 

10:47:57,419 [Thread-106] DEBUG org.activiti.engine.impl.interceptor.LogInterceptor  - --- starting AcquireAsyncJobsDueCmd --------------------------------------------------------
10:47:57,419 [Thread-103] DEBUG org.apache.ibatis.transaction.jdbc.JdbcTransaction  - Opening JDBC Connection
10:47:57,420 [Thread-103] DEBUG org.apache.ibatis.datasource.pooled.PooledDataSource  - Checked out connection 720039383 from pool.
10:47:57,419 [Thread-111] DEBUG org.apache.ibatis.transaction.jdbc.JdbcTransaction  - Opening JDBC Connection
10:47:57,420 [Thread-111] DEBUG org.apache.ibatis.datasource.pooled.PooledDataSource  - Checked out connection 58501658 from pool.
10:47:57,420 [Thread-111] DEBUG org.apache.ibatis.transaction.jdbc.JdbcTransaction  - Setting autocommit to false on JDBC Connection [conn68: url=jdbc:h2:mem:activiti-AsyncExecutorTest user=SA]
10:47:57,419 [Thread-105] DEBUG org.apache.ibatis.transaction.jdbc.JdbcTransaction  - Opening JDBC Connection
10:47:57,420 [Thread-105] DEBUG org.apache.ibatis.datasource.pooled.PooledDataSource  - Checked out connection 996762054 from pool.
10:47:57,420 [Thread-105] DEBUG org.apache.ibatis.transaction.jdbc.JdbcTransaction  - Setting autocommit to false on JDBC Connection [conn65: url=jdbc:h2:mem:activiti-AsyncExecutorTest user=SA]
10:47:57,420 [Thread-105] DEBUG org.activiti.engine.impl.persistence.entity.JobEntity.selectNextTimerJobsToExecute  - ==&gt;  Preparing: select RES.* from ACT_RU_JOB RES LEFT OUTER JOIN ACT_RU_EXECUTION PI ON PI.ID_ = RES.PROCESS_INSTANCE_ID_ where (RES.RETRIES_ &gt; 0) and (RES.DUEDATE_ is null or RES.DUEDATE_ &lt;= ?) and (RES.LOCK_OWNER_ is null or RES.LOCK_EXP_TIME_ &lt;= ?) and TYPE_ = &apos;timer&apos; and ( (RES.EXECUTION_ID_ is null) or (PI.SUSPENSION_STATE_ = 1) ) LIMIT ? OFFSET ? 
10:47:57,419 [Thread-102] DEBUG org.activiti.engine.impl.interceptor.LogInterceptor  - 

10:47:57,420 [Thread-102] DEBUG org.activiti.engine.impl.interceptor.LogInterceptor  - --- starting AcquireTimerJobsCmd --------------------------------------------------------
10:47:57,420 [Thread-105] DEBUG org.activiti.engine.impl.persistence.entity.JobEntity.selectNextTimerJobsToExecute  - ==&gt; Parameters: 2023-03-20 10:48:50.669(Timestamp), 2023-03-20 10:48:50.669(Timestamp), 1(Integer), 0(Integer)
10:47:57,420 [Thread-111] DEBUG org.activiti.engine.impl.persistence.entity.JobEntity.selectNextTimerJobsToExecute  - ==&gt;  Preparing: select RES.* from ACT_RU_JOB RES LEFT OUTER JOIN ACT_RU_EXECUTION PI ON PI.ID_ = RES.PROCESS_INSTANCE_ID_ where (RES.RETRIES_ &gt; 0) and (RES.DUEDATE_ is null or RES.DUEDATE_ &lt;= ?) and (RES.LOCK_OWNER_ is null or RES.LOCK_EXP_TIME_ &lt;= ?) and TYPE_ = &apos;timer&apos; and ( (RES.EXECUTION_ID_ is null) or (PI.SUSPENSION_STATE_ = 1) ) LIMIT ? OFFSET ? 
10:47:57,420 [Thread-103] DEBUG org.apache.ibatis.transaction.jdbc.JdbcTransaction  - Setting autocommit to false on JDBC Connection [conn59: url=jdbc:h2:mem:activiti-AsyncExecutorTest user=SA]
10:47:57,420 [Thread-103] DEBUG org.activiti.engine.impl.persistence.entity.JobEntity.selectAsyncJobsDueToExecute  - ==&gt;  Preparing: select RES.* from ACT_RU_JOB RES LEFT OUTER JOIN ACT_RU_EXECUTION PI ON PI.ID_ = RES.PROCESS_INSTANCE_ID_ where RES.RETRIES_ &gt; 0 and RES.DUEDATE_ is not null and RES.DUEDATE_ &lt;= ? and (RES.LOCK_EXP_TIME_ is null or RES.LOCK_EXP_TIME_ &lt;= ?) and TYPE_ = &apos;message&apos; and ( (RES.EXECUTION_ID_ is null) or (PI.SUSPENSION_STATE_ = 1) ) LIMIT ? OFFSET ? 
10:47:57,419 [Thread-106] DEBUG org.apache.ibatis.transaction.jdbc.JdbcTransaction  - Opening JDBC Connection
10:47:57,420 [Thread-106] DEBUG org.apache.ibatis.datasource.pooled.PooledDataSource  - Checked out connection 54468349 from pool.
10:47:57,420 [Thread-106] DEBUG org.apache.ibatis.transaction.jdbc.JdbcTransaction  - Setting autocommit to false on JDBC Connection [conn64: url=jdbc:h2:mem:activiti-AsyncExecutorTest user=SA]
10:47:57,420 [Thread-106] DEBUG org.activiti.engine.impl.persistence.entity.JobEntity.selectAsyncJobsDueToExecute  - ==&gt;  Preparing: select RES.* from ACT_RU_JOB RES LEFT OUTER JOIN ACT_RU_EXECUTION PI ON PI.ID_ = RES.PROCESS_INSTANCE_ID_ where RES.RETRIES_ &gt; 0 and RES.DUEDATE_ is not null and RES.DUEDATE_ &lt;= ? and (RES.LOCK_EXP_TIME_ is null or RES.LOCK_EXP_TIME_ &lt;= ?) and TYPE_ = &apos;message&apos; and ( (RES.EXECUTION_ID_ is null) or (PI.SUSPENSION_STATE_ = 1) ) LIMIT ? OFFSET ? 
10:47:57,420 [Thread-106] DEBUG org.activiti.engine.impl.persistence.entity.JobEntity.selectAsyncJobsDueToExecute  - ==&gt; Parameters: 2023-03-20 10:48:50.669(Timestamp), 2023-03-20 10:48:50.669(Timestamp), 1(Integer), 0(Integer)
10:47:57,420 [Thread-106] DEBUG org.activiti.engine.impl.persistence.entity.JobEntity.selectAsyncJobsDueToExecute  - &lt;==      Total: 0
10:47:57,420 [Thread-103] DEBUG org.activiti.engine.impl.persistence.entity.JobEntity.selectAsyncJobsDueToExecute  - ==&gt; Parameters: 2023-03-20 10:48:50.669(Timestamp), 2023-03-20 10:48:50.669(Timestamp), 1(Integer), 0(Integer)
10:47:57,420 [Thread-111] DEBUG org.activiti.engine.impl.persistence.entity.JobEntity.selectNextTimerJobsToExecute  - ==&gt; Parameters: 2023-03-20 10:48:50.669(Timestamp), 2023-03-20 10:48:50.669(Timestamp), 1(Integer), 0(Integer)
10:47:57,421 [Thread-111] DEBUG org.activiti.engine.impl.persistence.entity.JobEntity.selectNextTimerJobsToExecute  - &lt;==      Total: 0
10:47:57,421 [Thread-111] DEBUG org.activiti.engine.impl.db.DbSqlSession  - flush summary: 0 insert, 0 update, 0 delete.
10:47:57,421 [Thread-111] DEBUG org.activiti.engine.impl.db.DbSqlSession  - now executing flush...
10:47:57,421 [Thread-111] DEBUG org.activiti.engine.impl.cfg.standalone.StandaloneMybatisTransactionContext  - firing event committing...
10:47:57,421 [Thread-111] DEBUG org.activiti.engine.impl.cfg.standalone.StandaloneMybatisTransactionContext  - committing the ibatis sql session...
10:47:57,421 [Thread-111] DEBUG org.activiti.engine.impl.cfg.standalone.StandaloneMybatisTransactionContext  - firing event committed...
10:47:57,421 [Thread-111] DEBUG org.apache.ibatis.transaction.jdbc.JdbcTransaction  - Resetting autocommit to true on JDBC Connection [conn68: url=jdbc:h2:mem:activiti-AsyncExecutorTest user=SA]
10:47:57,421 [Thread-111] DEBUG org.apache.ibatis.transaction.jdbc.JdbcTransaction  - Closing JDBC Connection [conn68: url=jdbc:h2:mem:activiti-AsyncExecutorTest user=SA]
10:47:57,421 [Thread-111] DEBUG org.apache.ibatis.datasource.pooled.PooledDataSource  - Returned connection 58501658 to pool.
10:47:57,421 [Thread-111] DEBUG org.activiti.engine.impl.interceptor.LogInterceptor  - --- AcquireTimerJobsCmd finished --------------------------------------------------------
10:47:57,421 [Thread-111] DEBUG org.activiti.engine.impl.interceptor.LogInterceptor  - 

10:47:57,421 [Thread-111] DEBUG org.activiti.engine.impl.asyncexecutor.AcquireTimerJobsRunnable  - timer job acquisition thread sleeping for 50 millis
10:47:57,420 [Thread-105] DEBUG org.activiti.engine.impl.persistence.entity.JobEntity.selectNextTimerJobsToExecute  - &lt;==      Total: 0
10:47:57,421 [Thread-105] DEBUG org.activiti.engine.impl.db.DbSqlSession  - flush summary: 0 insert, 0 update, 0 delete.
10:47:57,421 [Thread-105] DEBUG org.activiti.engine.impl.db.DbSqlSession  - now executing flush...
10:47:57,421 [Thread-105] DEBUG org.activiti.engine.impl.cfg.standalone.StandaloneMybatisTransactionContext  - firing event committing...
10:47:57,421 [Thread-105] DEBUG org.activiti.engine.impl.cfg.standalone.StandaloneMybatisTransactionContext  - committing the ibatis sql session...
10:47:57,421 [Thread-105] DEBUG org.activiti.engine.impl.cfg.standalone.StandaloneMybatisTransactionContext  - firing event committed...
10:47:57,421 [Thread-105] DEBUG org.apache.ibatis.transaction.jdbc.JdbcTransaction  - Resetting autocommit to true on JDBC Connection [conn65: url=jdbc:h2:mem:activiti-AsyncExecutorTest user=SA]
10:47:57,421 [Thread-105] DEBUG org.apache.ibatis.transaction.jdbc.JdbcTransaction  - Closing JDBC Connection [conn65: url=jdbc:h2:mem:activiti-AsyncExecutorTest user=SA]
10:47:57,421 [Thread-105] DEBUG org.apache.ibatis.datasource.pooled.PooledDataSource  - Returned connection 996762054 to pool.
10:47:57,421 [Thread-105] DEBUG org.activiti.engine.impl.interceptor.LogInterceptor  - --- AcquireTimerJobsCmd finished --------------------------------------------------------
10:47:57,421 [Thread-105] DEBUG org.activiti.engine.impl.interceptor.LogInterceptor  - 

10:47:57,421 [Thread-105] DEBUG org.activiti.engine.impl.asyncexecutor.AcquireTimerJobsRunnable  - timer job acquisition thread sleeping for 50 millis
10:47:57,420 [Thread-102] DEBUG org.apache.ibatis.transaction.jdbc.JdbcTransaction  - Opening JDBC Connection
10:47:57,421 [Thread-102] DEBUG org.apache.ibatis.datasource.pooled.PooledDataSource  - Checked out connection 157985567 from pool.
10:47:57,421 [Thread-102] DEBUG org.apache.ibatis.transaction.jdbc.JdbcTransaction  - Setting autocommit to false on JDBC Connection [conn61: url=jdbc:h2:mem:activiti-AsyncExecutorTest user=SA]
10:47:57,421 [Thread-103] DEBUG org.activiti.engine.impl.persistence.entity.JobEntity.selectAsyncJobsDueToExecute  - &lt;==      Total: 0
10:47:57,421 [Thread-103] DEBUG org.activiti.engine.impl.db.DbSqlSession  - flush summary: 0 insert, 0 update, 0 delete.
10:47:57,421 [Thread-103] DEBUG org.activiti.engine.impl.db.DbSqlSession  - now executing flush...
10:47:57,421 [Thread-103] DEBUG org.activiti.engine.impl.cfg.standalone.StandaloneMybatisTransactionContext  - firing event committing...
10:47:57,421 [Thread-103] DEBUG org.activiti.engine.impl.cfg.standalone.StandaloneMybatisTransactionContext  - committing the ibatis sql session...
10:47:57,421 [Thread-103] DEBUG org.activiti.engine.impl.cfg.standalone.StandaloneMybatisTransactionContext  - firing event committed...
10:47:57,421 [Thread-103] DEBUG org.apache.ibatis.transaction.jdbc.JdbcTransaction  - Resetting autocommit to true on JDBC Connection [conn59: url=jdbc:h2:mem:activiti-AsyncExecutorTest user=SA]
10:47:57,421 [Thread-103] DEBUG org.apache.ibatis.transaction.jdbc.JdbcTransaction  - Closing JDBC Connection [conn59: url=jdbc:h2:mem:activiti-AsyncExecutorTest user=SA]
10:47:57,421 [Thread-103] DEBUG org.apache.ibatis.datasource.pooled.PooledDataSource  - Returned connection 720039383 to pool.
10:47:57,421 [Thread-103] DEBUG org.activiti.engine.impl.interceptor.LogInterceptor  - --- AcquireAsyncJobsDueCmd finished --------------------------------------------------------
10:47:57,421 [Thread-103] DEBUG org.activiti.engine.impl.interceptor.LogInterceptor  - 

10:47:57,421 [Thread-103] DEBUG org.activiti.engine.impl.asyncexecutor.AcquireAsyncJobsDueRunnable  - async job acquisition thread sleeping for 50 millis
10:47:57,420 [Thread-106] DEBUG org.activiti.engine.impl.db.DbSqlSession  - flush summary: 0 insert, 0 update, 0 delete.
10:47:57,421 [Thread-106] DEBUG org.activiti.engine.impl.db.DbSqlSession  - now executing flush...
10:47:57,421 [Thread-106] DEBUG org.activiti.engine.impl.cfg.standalone.StandaloneMybatisTransactionContext  - firing event committing...
10:47:57,421 [Thread-106] DEBUG org.activiti.engine.impl.cfg.standalone.StandaloneMybatisTransactionContext  - committing the ibatis sql session...
10:47:57,421 [Thread-106] DEBUG org.activiti.engine.impl.cfg.standalone.StandaloneMybatisTransactionContext  - firing event committed...
10:47:57,421 [Thread-106] DEBUG org.apache.ibatis.transaction.jdbc.JdbcTransaction  - Resetting autocommit to true on JDBC Connection [conn64: url=jdbc:h2:mem:activiti-AsyncExecutorTest user=SA]
10:47:57,421 [Thread-106] DEBUG org.apache.ibatis.transaction.jdbc.JdbcTransaction  - Closing JDBC Connection [conn64: url=jdbc:h2:mem:activiti-AsyncExecutorTest user=SA]
10:47:57,421 [Thread-106] DEBUG org.apache.ibatis.datasource.pooled.PooledDataSource  - Returned connection 54468349 to pool.
10:47:57,421 [Thread-106] DEBUG org.activiti.engine.impl.interceptor.LogInterceptor  - --- AcquireAsyncJobsDueCmd finished --------------------------------------------------------
10:47:57,421 [Thread-106] DEBUG org.activiti.engine.impl.interceptor.LogInterceptor  - 

10:47:57,421 [Thread-106] DEBUG org.activiti.engine.impl.asyncexecutor.AcquireAsyncJobsDueRunnable  - async job acquisition thread sleeping for 50 millis
10:47:57,421 [Thread-102] DEBUG org.activiti.engine.impl.persistence.entity.JobEntity.selectNextTimerJobsToExecute  - ==&gt;  Preparing: select RES.* from ACT_RU_JOB RES LEFT OUTER JOIN ACT_RU_EXECUTION PI ON PI.ID_ = RES.PROCESS_INSTANCE_ID_ where (RES.RETRIES_ &gt; 0) and (RES.DUEDATE_ is null or RES.DUEDATE_ &lt;= ?) and (RES.LOCK_OWNER_ is null or RES.LOCK_EXP_TIME_ &lt;= ?) and TYPE_ = &apos;timer&apos; and ( (RES.EXECUTION_ID_ is null) or (PI.SUSPENSION_STATE_ = 1) ) LIMIT ? OFFSET ? 
10:47:57,421 [Thread-102] DEBUG org.activiti.engine.impl.persistence.entity.JobEntity.selectNextTimerJobsToExecute  - ==&gt; Parameters: 2023-03-20 10:48:50.669(Timestamp), 2023-03-20 10:48:50.669(Timestamp), 1(Integer), 0(Integer)
10:47:57,421 [Thread-102] DEBUG org.activiti.engine.impl.persistence.entity.JobEntity.selectNextTimerJobsToExecute  - &lt;==      Total: 0
10:47:57,421 [Thread-102] DEBUG org.activiti.engine.impl.db.DbSqlSession  - flush summary: 0 insert, 0 update, 0 delete.
10:47:57,423 [Thread-102] DEBUG org.activiti.engine.impl.db.DbSqlSession  - now executing flush...
10:47:57,423 [Thread-102] DEBUG org.activiti.engine.impl.cfg.standalone.StandaloneMybatisTransactionContext  - firing event committing...
10:47:57,423 [Thread-102] DEBUG org.activiti.engine.impl.cfg.standalone.StandaloneMybatisTransactionContext  - committing the ibatis sql session...
10:47:57,423 [Thread-102] DEBUG org.activiti.engine.impl.cfg.standalone.StandaloneMybatisTransactionContext  - firing event committed...
10:47:57,423 [Thread-102] DEBUG org.apache.ibatis.transaction.jdbc.JdbcTransaction  - Resetting autocommit to true on JDBC Connection [conn61: url=jdbc:h2:mem:activiti-AsyncExecutorTest user=SA]
10:47:57,423 [Thread-102] DEBUG org.apache.ibatis.transaction.jdbc.JdbcTransaction  - Closing JDBC Connection [conn61: url=jdbc:h2:mem:activiti-AsyncExecutorTest user=SA]
10:47:57,423 [Thread-102] DEBUG org.apache.ibatis.datasource.pooled.PooledDataSource  - Returned connection 157985567 to pool.
10:47:57,423 [Thread-102] DEBUG org.activiti.engine.impl.interceptor.LogInterceptor  - --- AcquireTimerJobsCmd finished --------------------------------------------------------
10:47:57,423 [Thread-102] DEBUG org.activiti.engine.impl.interceptor.LogInterceptor  - 

10:47:57,423 [Thread-102] DEBUG org.activiti.engine.impl.asyncexecutor.AcquireTimerJobsRunnable  - timer job acquisition thread sleeping for 50 millis
10:47:57,467 [main] DEBUG org.activiti.engine.impl.interceptor.LogInterceptor  - 

10:47:57,467 [main] DEBUG org.activiti.engine.impl.interceptor.LogInterceptor  - --- starting JobQueryImpl --------------------------------------------------------
10:47:57,467 [Thread-112] DEBUG org.activiti.engine.impl.asyncexecutor.AcquireAsyncJobsDueRunnable  - async job acquisition thread woke up
10:47:57,467 [Thread-112] DEBUG org.activiti.engine.impl.interceptor.LogInterceptor  - 

10:47:57,467 [Thread-112] DEBUG org.activiti.engine.impl.interceptor.LogInterceptor  - --- starting AcquireAsyncJobsDueCmd --------------------------------------------------------
10:47:57,467 [Thread-112] DEBUG org.apache.ibatis.transaction.jdbc.JdbcTransaction  - Opening JDBC Connection
10:47:57,467 [Thread-112] DEBUG org.apache.ibatis.datasource.pooled.PooledDataSource  - Checked out connection 1863805930 from pool.
10:47:57,467 [Thread-112] DEBUG org.apache.ibatis.transaction.jdbc.JdbcTransaction  - Setting autocommit to false on JDBC Connection [conn69: url=jdbc:h2:mem:activiti-AsyncExecutorTest user=SA]
10:47:57,467 [Thread-112] DEBUG org.activiti.engine.impl.persistence.entity.JobEntity.selectAsyncJobsDueToExecute  - ==&gt;  Preparing: select RES.* from ACT_RU_JOB RES LEFT OUTER JOIN ACT_RU_EXECUTION PI ON PI.ID_ = RES.PROCESS_INSTANCE_ID_ where RES.RETRIES_ &gt; 0 and RES.DUEDATE_ is not null and RES.DUEDATE_ &lt;= ? and (RES.LOCK_EXP_TIME_ is null or RES.LOCK_EXP_TIME_ &lt;= ?) and TYPE_ = &apos;message&apos; and ( (RES.EXECUTION_ID_ is null) or (PI.SUSPENSION_STATE_ = 1) ) LIMIT ? OFFSET ? 
10:47:57,467 [main] DEBUG org.apache.ibatis.transaction.jdbc.JdbcTransaction  - Opening JDBC Connection
10:47:57,467 [main] DEBUG org.apache.ibatis.datasource.pooled.PooledDataSource  - Checked out connection 180014677 from pool.
10:47:57,467 [main] DEBUG org.apache.ibatis.transaction.jdbc.JdbcTransaction  - Setting autocommit to false on JDBC Connection [conn3: url=jdbc:h2:mem:activiti user=SA]
10:47:57,467 [main] DEBUG org.activiti.engine.impl.persistence.entity.JobEntity.selectJobByQueryCriteria  - ==&gt;  Preparing: select RES.* from ACT_RU_JOB RES order by order by RES.ID_ asc LIMIT ? OFFSET ? 
10:47:57,467 [main] DEBUG org.activiti.engine.impl.interceptor.CommandContext  - Error while closing command context
org.apache.ibatis.exceptions.PersistenceException: 
### Error querying database.  Cause: org.h2.jdbc.JdbcSQLException: Syntax error in SQL statement &quot;SELECT RES.* 
     
    FROM ACT_RU_JOB RES
     
      
   
     ORDER BY  ORDER[*] BY RES.ID_ ASC  
    LIMIT ? OFFSET ? &quot;; expected &quot;=, NOT, EXISTS, INTERSECTS, SELECT, FROM&quot;; SQL statement:
select RES.* 
     
    from ACT_RU_JOB RES
     
      
   
     order by  order by RES.ID_ asc  
    LIMIT ? OFFSET ? [42001-176]
### The error may exist in org/activiti/db/mapping/entity/Job.xml
### The error may involve org.activiti.engine.impl.persistence.entity.JobEntity.selectJobByQueryCriteria
### The error occurred while executing a query
### SQL: select RES.*            from ACT_RU_JOB RES                       order by  order by RES.ID_ asc       LIMIT ? OFFSET ?
### Cause: org.h2.jdbc.JdbcSQLException: Syntax error in SQL statement &quot;SELECT RES.* 
     
    FROM ACT_RU_JOB RES
     
      
   
     ORDER BY  ORDER[*] BY RES.ID_ ASC  
    LIMIT ? OFFSET ? &quot;; expected &quot;=, NOT, EXISTS, INTERSECTS, SELECT, FROM&quot;; SQL statement:
select RES.* 
     
    from ACT_RU_JOB RES
     
      
   
     order by  order by RES.ID_ asc  
    LIMIT ? OFFSET ? [42001-176]
	at org.apache.ibatis.exceptions.ExceptionFactory.wrapException(ExceptionFactory.java:30)
	at org.apache.ibatis.session.defaults.DefaultSqlSession.selectList(DefaultSqlSession.java:122)
	at org.apache.ibatis.session.defaults.DefaultSqlSession.selectList(DefaultSqlSession.java:113)
	at org.activiti.engine.impl.db.DbSqlSession.selectListWithRawParameter(DbSqlSession.java:438)
	at org.activiti.engine.impl.db.DbSqlSession.selectList(DbSqlSession.java:429)
	at org.activiti.engine.impl.db.DbSqlSession.selectList(DbSqlSession.java:419)
	at org.activiti.engine.impl.persistence.entity.JobEntityManager.findJobsByQueryCriteria(JobEntityManager.java:198)
	at org.activiti.engine.impl.JobQueryImpl.executeList(JobQueryImpl.java:243)
	at org.activiti.engine.impl.AbstractQuery.execute(AbstractQuery.java:164)
	at org.activiti.engine.impl.interceptor.CommandInvoker.execute(CommandInvoker.java:24)
	at org.activiti.engine.impl.interceptor.CommandContextInterceptor.execute(CommandContextInterceptor.java:57)
	at org.activiti.engine.impl.interceptor.LogInterceptor.execute(LogInterceptor.java:37)
	at org.activiti.engine.impl.cfg.CommandExecutorImpl.execute(CommandExecutorImpl.java:40)
	at org.activiti.engine.impl.cfg.CommandExecutorImpl.execute(CommandExecutorImpl.java:35)
	at org.activiti.engine.impl.AbstractQuery.list(AbstractQuery.java:138)
	at org.activiti.engine.impl.test.JobTestHelper.areJobsAvailable(JobTestHelper.java:194)
	at org.activiti.engine.impl.test.JobTestHelper.waitForJobExecutorToProcessAllJobs(JobTestHelper.java:74)
	at org.activiti.engine.impl.test.JobTestHelper.waitForJobExecutorToProcessAllJobs(JobTestHelper.java:47)
	at org.activiti.engine.impl.test.AbstractActivitiTestCase.waitForJobExecutorToProcessAllJobs(AbstractActivitiTestCase.java:204)
	at org.activiti.engine.test.jobexecutor.JobExecutorTest.testBasicJobExecutorOperation(JobExecutorTest.java:53)
	at sun.reflect.NativeMethodAccessorImpl.invoke0(Native Method)
	at sun.reflect.NativeMethodAccessorImpl.invoke(NativeMethodAccessorImpl.java:62)
	at sun.reflect.DelegatingMethodAccessorImpl.invoke(DelegatingMethodAccessorImpl.java:43)
	at java.lang.reflect.Method.invoke(Method.java:498)
	at junit.framework.TestCase.runTest(TestCase.java:176)
	at org.activiti.engine.impl.test.PvmTestCase.runTest(PvmTestCase.java:65)
	at junit.framework.TestCase.runBare(TestCase.java:141)
	at org.activiti.engine.impl.test.AbstractActivitiTestCase.runBare(AbstractActivitiTestCase.java:100)
	at junit.framework.TestResult$1.protect(TestResult.java:122)
	at junit.framework.TestResult.runProtected(TestResult.java:142)
	at junit.framework.TestResult.run(TestResult.java:125)
	at junit.framework.TestCase.run(TestCase.java:129)
	at junit.framework.TestSuite.runTest(TestSuite.java:255)
	at junit.framework.TestSuite.run(TestSuite.java:250)
	at org.junit.internal.runners.JUnit38ClassRunner.run(JUnit38ClassRunner.java:84)
	at org.apache.maven.surefire.junit4.JUnit4TestSet.execute(JUnit4TestSet.java:35)
	at org.apache.maven.surefire.junit4.JUnit4Provider.executeTestSet(JUnit4Provider.java:146)
	at org.apache.maven.surefire.junit4.JUnit4Provider.invoke(JUnit4Provider.java:97)
	at sun.reflect.NativeMethodAccessorImpl.invoke0(Native Method)
	at sun.reflect.NativeMethodAccessorImpl.invoke(NativeMethodAccessorImpl.java:62)
	at sun.reflect.DelegatingMethodAccessorImpl.invoke(DelegatingMethodAccessorImpl.java:43)
	at java.lang.reflect.Method.invoke(Method.java:498)
	at org.apache.maven.surefire.booter.ProviderFactory$ClassLoaderProxy.invoke(ProviderFactory.java:103)
	at com.sun.proxy.$Proxy0.invoke(Unknown Source)
	at org.apache.maven.surefire.booter.SurefireStarter.invokeProvider(SurefireStarter.java:145)
	at org.apache.maven.surefire.booter.SurefireStarter.runSuitesInProcess(SurefireStarter.java:87)
	at org.apache.maven.surefire.booter.ForkedBooter.main(ForkedBooter.java:69)
Caused by: org.h2.jdbc.JdbcSQLException: Syntax error in SQL statement &quot;SELECT RES.* 
     
    FROM ACT_RU_JOB RES
     
      
   
     ORDER BY  ORDER[*] BY RES.ID_ ASC  
    LIMIT ? OFFSET ? &quot;; expected &quot;=, NOT, EXISTS, INTERSECTS, SELECT, FROM&quot;; SQL statement:
select RES.* 
     
    from ACT_RU_JOB RES
     
      
   
     order by  order by RES.ID_ asc  
    LIMIT ? OFFSET ? [42001-176]
	at org.h2.message.DbException.getJdbcSQLException(DbException.java:344)
	at org.h2.message.DbException.getSyntaxError(DbException.java:204)
	at org.h2.command.Parser.getSyntaxError(Parser.java:524)
	at org.h2.command.Parser.readTerm(Parser.java:2688)
	at org.h2.command.Parser.readFactor(Parser.java:2244)
	at org.h2.command.Parser.readSum(Parser.java:2231)
	at org.h2.command.Parser.readConcat(Parser.java:2201)
	at org.h2.command.Parser.readCondition(Parser.java:2051)
	at org.h2.command.Parser.readAnd(Parser.java:2023)
	at org.h2.command.Parser.readExpression(Parser.java:2015)
	at org.h2.command.Parser.parseEndOfQuery(Parser.java:1726)
	at org.h2.command.Parser.parseSelectUnionExtension(Parser.java:1706)
	at org.h2.command.Parser.parseSelectUnion(Parser.java:1675)
	at org.h2.command.Parser.parseSelect(Parser.java:1662)
	at org.h2.command.Parser.parsePrepared(Parser.java:434)
	at org.h2.command.Parser.parse(Parser.java:306)
	at org.h2.command.Parser.parse(Parser.java:282)
	at org.h2.command.Parser.prepareCommand(Parser.java:243)
	at org.h2.engine.Session.prepareLocal(Session.java:442)
	at org.h2.engine.Session.prepareCommand(Session.java:384)
	at org.h2.jdbc.JdbcConnection.prepareCommand(JdbcConnection.java:1188)
	at org.h2.jdbc.JdbcPreparedStatement.&lt;init&gt;(JdbcPreparedStatement.java:73)
	at org.h2.jdbc.JdbcConnection.prepareStatement(JdbcConnection.java:276)
	at sun.reflect.GeneratedMethodAccessor6.invoke(Unknown Source)
	at sun.reflect.DelegatingMethodAccessorImpl.invoke(DelegatingMethodAccessorImpl.java:43)
	at java.lang.reflect.Method.invoke(Method.java:498)
	at org.apache.ibatis.datasource.pooled.PooledConnection.invoke(PooledConnection.java:245)
	at com.sun.proxy.$Proxy12.prepareStatement(Unknown Source)
	at sun.reflect.GeneratedMethodAccessor6.invoke(Unknown Source)
	at sun.reflect.DelegatingMethodAccessorImpl.invoke(DelegatingMethodAccessorImpl.java:43)
	at java.lang.reflect.Method.invoke(Method.java:498)
	at org.apache.ibatis.logging.jdbc.ConnectionLogger.invoke(ConnectionLogger.java:55)
	at com.sun.proxy.$Proxy12.prepareStatement(Unknown Source)
	at org.apache.ibatis.executor.statement.PreparedStatementHandler.instantiateStatement(PreparedStatementHandler.java:79)
	at org.apache.ibatis.executor.statement.BaseStatementHandler.prepare(BaseStatementHandler.java:88)
	at org.apache.ibatis.executor.statement.RoutingStatementHandler.prepare(RoutingStatementHandler.java:58)
	at org.apache.ibatis.executor.SimpleExecutor.prepareStatement(SimpleExecutor.java:76)
	at org.apache.ibatis.executor.SimpleExecutor.doQuery(SimpleExecutor.java:61)
	at org.apache.ibatis.executor.BaseExecutor.queryFromDatabase(BaseExecutor.java:303)
	at org.apache.ibatis.executor.BaseExecutor.query(BaseExecutor.java:154)
	at org.apache.ibatis.executor.CachingExecutor.query(CachingExecutor.java:102)
	at org.apache.ibatis.executor.CachingExecutor.query(CachingExecutor.java:82)
	at org.apache.ibatis.session.defaults.DefaultSqlSession.selectList(DefaultSqlSession.java:120)
	... 45 more
10:47:57,468 [main] DEBUG org.activiti.engine.impl.cfg.standalone.StandaloneMybatisTransactionContext  - firing event rolling back...
10:47:57,468 [main] DEBUG org.activiti.engine.impl.cfg.standalone.StandaloneMybatisTransactionContext  - rolling back ibatis sql session...
10:47:57,468 [main] DEBUG org.activiti.engine.impl.cfg.standalone.StandaloneMybatisTransactionContext  - firing event rolled back...
10:47:57,468 [main] DEBUG org.apache.ibatis.transaction.jdbc.JdbcTransaction  - Resetting autocommit to true on JDBC Connection [conn3: url=jdbc:h2:mem:activiti user=SA]
10:47:57,468 [main] DEBUG org.apache.ibatis.transaction.jdbc.JdbcTransaction  - Closing JDBC Connection [conn3: url=jdbc:h2:mem:activiti user=SA]
10:47:57,468 [main] DEBUG org.apache.ibatis.datasource.pooled.PooledDataSource  - Returned connection 180014677 to pool.
10:47:57,468 [main] DEBUG org.activiti.engine.impl.interceptor.LogInterceptor  - --- JobQueryImpl finished --------------------------------------------------------
10:47:57,468 [main] DEBUG org.activiti.engine.impl.interceptor.LogInterceptor  - 

10:47:57,467 [Thread-112] DEBUG org.activiti.engine.impl.persistence.entity.JobEntity.selectAsyncJobsDueToExecute  - ==&gt; Parameters: 2023-03-20 10:48:50.669(Timestamp), 2023-03-20 10:48:50.669(Timestamp), 1(Integer), 0(Integer)
10:47:57,468 [Thread-112] DEBUG org.activiti.engine.impl.persistence.entity.JobEntity.selectAsyncJobsDueToExecute  - &lt;==      Total: 0
10:47:57,468 [Thread-112] DEBUG org.activiti.engine.impl.db.DbSqlSession  - flush summary: 0 insert, 0 update, 0 delete.
10:47:57,468 [Thread-112] DEBUG org.activiti.engine.impl.db.DbSqlSession  - now executing flush...
10:47:57,468 [Thread-112] DEBUG org.activiti.engine.impl.cfg.standalone.StandaloneMybatisTransactionContext  - firing event committing...
10:47:57,468 [Thread-112] DEBUG org.activiti.engine.impl.cfg.standalone.StandaloneMybatisTransactionContext  - committing the ibatis sql session...
10:47:57,468 [Thread-112] DEBUG org.activiti.engine.impl.cfg.standalone.StandaloneMybatisTransactionContext  - firing event committed...
10:47:57,468 [Thread-112] DEBUG org.apache.ibatis.transaction.jdbc.JdbcTransaction  - Resetting autocommit to true on JDBC Connection [conn69: url=jdbc:h2:mem:activiti-AsyncExecutorTest user=SA]
10:47:57,468 [Thread-112] DEBUG org.apache.ibatis.transaction.jdbc.JdbcTransaction  - Closing JDBC Connection [conn69: url=jdbc:h2:mem:activiti-AsyncExecutorTest user=SA]
10:47:57,468 [Thread-112] DEBUG org.apache.ibatis.datasource.pooled.PooledDataSource  - Returned connection 1863805930 to pool.
10:47:57,468 [Thread-112] DEBUG org.activiti.engine.impl.interceptor.LogInterceptor  - --- AcquireAsyncJobsDueCmd finished --------------------------------------------------------
10:47:57,468 [Thread-112] DEBUG org.activiti.engine.impl.interceptor.LogInterceptor  - 

10:47:57,468 [Thread-112] DEBUG org.activiti.engine.impl.asyncexecutor.AcquireAsyncJobsDueRunnable  - async job acquisition thread sleeping for 50 millis
10:47:57,482 [Thread-106] DEBUG org.activiti.engine.impl.asyncexecutor.AcquireAsyncJobsDueRunnable  - async job acquisition thread woke up
10:47:57,482 [Thread-106] DEBUG org.activiti.engine.impl.interceptor.LogInterceptor  - 

10:47:57,482 [Thread-111] DEBUG org.activiti.engine.impl.asyncexecutor.AcquireTimerJobsRunnable  - timer job acquisition thread woke up
10:47:57,482 [Thread-111] DEBUG org.activiti.engine.impl.interceptor.LogInterceptor  - 

10:47:57,482 [Thread-111] DEBUG org.activiti.engine.impl.interceptor.LogInterceptor  - --- starting AcquireTimerJobsCmd --------------------------------------------------------
10:47:57,482 [Thread-111] DEBUG org.apache.ibatis.transaction.jdbc.JdbcTransaction  - Opening JDBC Connection
10:47:57,482 [Thread-111] DEBUG org.apache.ibatis.datasource.pooled.PooledDataSource  - Checked out connection 604408605 from pool.
10:47:57,482 [Thread-103] DEBUG org.activiti.engine.impl.asyncexecutor.AcquireAsyncJobsDueRunnable  - async job acquisition thread woke up
10:47:57,482 [Thread-103] DEBUG org.activiti.engine.impl.interceptor.LogInterceptor  - 

10:47:57,482 [Thread-103] DEBUG org.activiti.engine.impl.interceptor.LogInterceptor  - --- starting AcquireAsyncJobsDueCmd --------------------------------------------------------
10:47:57,482 [Thread-103] DEBUG org.apache.ibatis.transaction.jdbc.JdbcTransaction  - Opening JDBC Connection
10:47:57,482 [Thread-103] DEBUG org.apache.ibatis.datasource.pooled.PooledDataSource  - Checked out connection 33534803 from pool.
10:47:57,482 [Thread-103] DEBUG org.apache.ibatis.transaction.jdbc.JdbcTransaction  - Setting autocommit to false on JDBC Connection [conn60: url=jdbc:h2:mem:activiti-AsyncExecutorTest user=SA]
10:47:57,482 [Thread-103] DEBUG org.activiti.engine.impl.persistence.entity.JobEntity.selectAsyncJobsDueToExecute  - ==&gt;  Preparing: select RES.* from ACT_RU_JOB RES LEFT OUTER JOIN ACT_RU_EXECUTION PI ON PI.ID_ = RES.PROCESS_INSTANCE_ID_ where RES.RETRIES_ &gt; 0 and RES.DUEDATE_ is not null and RES.DUEDATE_ &lt;= ? and (RES.LOCK_EXP_TIME_ is null or RES.LOCK_EXP_TIME_ &lt;= ?) and TYPE_ = &apos;message&apos; and ( (RES.EXECUTION_ID_ is null) or (PI.SUSPENSION_STATE_ = 1) ) LIMIT ? OFFSET ? 
10:47:57,482 [Thread-102] DEBUG org.activiti.engine.impl.asyncexecutor.AcquireTimerJobsRunnable  - timer job acquisition thread woke up
10:47:57,483 [Thread-102] DEBUG org.activiti.engine.impl.interceptor.LogInterceptor  - 

10:47:57,483 [Thread-102] DEBUG org.activiti.engine.impl.interceptor.LogInterceptor  - --- starting AcquireTimerJobsCmd --------------------------------------------------------
10:47:57,482 [Thread-105] DEBUG org.activiti.engine.impl.asyncexecutor.AcquireTimerJobsRunnable  - timer job acquisition thread woke up
10:47:57,483 [Thread-105] DEBUG org.activiti.engine.impl.interceptor.LogInterceptor  - 

10:47:57,483 [Thread-105] DEBUG org.activiti.engine.impl.interceptor.LogInterceptor  - --- starting AcquireTimerJobsCmd --------------------------------------------------------
10:47:57,483 [Thread-105] DEBUG org.apache.ibatis.transaction.jdbc.JdbcTransaction  - Opening JDBC Connection
10:47:57,483 [Thread-105] DEBUG org.apache.ibatis.datasource.pooled.PooledDataSource  - Checked out connection 1970103261 from pool.
10:47:57,483 [Thread-105] DEBUG org.apache.ibatis.transaction.jdbc.JdbcTransaction  - Setting autocommit to false on JDBC Connection [conn63: url=jdbc:h2:mem:activiti-AsyncExecutorTest user=SA]
10:47:57,483 [Thread-105] DEBUG org.activiti.engine.impl.persistence.entity.JobEntity.selectNextTimerJobsToExecute  - ==&gt;  Preparing: select RES.* from ACT_RU_JOB RES LEFT OUTER JOIN ACT_RU_EXECUTION PI ON PI.ID_ = RES.PROCESS_INSTANCE_ID_ where (RES.RETRIES_ &gt; 0) and (RES.DUEDATE_ is null or RES.DUEDATE_ &lt;= ?) and (RES.LOCK_OWNER_ is null or RES.LOCK_EXP_TIME_ &lt;= ?) and TYPE_ = &apos;timer&apos; and ( (RES.EXECUTION_ID_ is null) or (PI.SUSPENSION_STATE_ = 1) ) LIMIT ? OFFSET ? 
10:47:57,483 [Thread-102] DEBUG org.apache.ibatis.transaction.jdbc.JdbcTransaction  - Opening JDBC Connection
10:47:57,483 [Thread-102] DEBUG org.apache.ibatis.datasource.pooled.PooledDataSource  - Checked out connection 720039383 from pool.
10:47:57,483 [Thread-102] DEBUG org.apache.ibatis.transaction.jdbc.JdbcTransaction  - Setting autocommit to false on JDBC Connection [conn59: url=jdbc:h2:mem:activiti-AsyncExecutorTest user=SA]
10:47:57,483 [Thread-102] DEBUG org.activiti.engine.impl.persistence.entity.JobEntity.selectNextTimerJobsToExecute  - ==&gt;  Preparing: select RES.* from ACT_RU_JOB RES LEFT OUTER JOIN ACT_RU_EXECUTION PI ON PI.ID_ = RES.PROCESS_INSTANCE_ID_ where (RES.RETRIES_ &gt; 0) and (RES.DUEDATE_ is null or RES.DUEDATE_ &lt;= ?) and (RES.LOCK_OWNER_ is null or RES.LOCK_EXP_TIME_ &lt;= ?) and TYPE_ = &apos;timer&apos; and ( (RES.EXECUTION_ID_ is null) or (PI.SUSPENSION_STATE_ = 1) ) LIMIT ? OFFSET ? 
10:47:57,483 [Thread-103] DEBUG org.activiti.engine.impl.persistence.entity.JobEntity.selectAsyncJobsDueToExecute  - ==&gt; Parameters: 2023-03-20 10:48:50.669(Timestamp), 2023-03-20 10:48:50.669(Timestamp), 1(Integer), 0(Integer)
10:47:57,483 [Thread-103] DEBUG org.activiti.engine.impl.persistence.entity.JobEntity.selectAsyncJobsDueToExecute  - &lt;==      Total: 0
10:47:57,482 [Thread-111] DEBUG org.apache.ibatis.transaction.jdbc.JdbcTransaction  - Setting autocommit to false on JDBC Connection [conn70: url=jdbc:h2:mem:activiti-AsyncExecutorTest user=SA]
10:47:57,483 [Thread-111] DEBUG org.activiti.engine.impl.persistence.entity.JobEntity.selectNextTimerJobsToExecute  - ==&gt;  Preparing: select RES.* from ACT_RU_JOB RES LEFT OUTER JOIN ACT_RU_EXECUTION PI ON PI.ID_ = RES.PROCESS_INSTANCE_ID_ where (RES.RETRIES_ &gt; 0) and (RES.DUEDATE_ is null or RES.DUEDATE_ &lt;= ?) and (RES.LOCK_OWNER_ is null or RES.LOCK_EXP_TIME_ &lt;= ?) and TYPE_ = &apos;timer&apos; and ( (RES.EXECUTION_ID_ is null) or (PI.SUSPENSION_STATE_ = 1) ) LIMIT ? OFFSET ? 
10:47:57,483 [Thread-111] DEBUG org.activiti.engine.impl.persistence.entity.JobEntity.selectNextTimerJobsToExecute  - ==&gt; Parameters: 2023-03-20 10:48:50.669(Timestamp), 2023-03-20 10:48:50.669(Timestamp), 1(Integer), 0(Integer)
10:47:57,483 [Thread-111] DEBUG org.activiti.engine.impl.persistence.entity.JobEntity.selectNextTimerJobsToExecute  - &lt;==      Total: 0
10:47:57,483 [Thread-111] DEBUG org.activiti.engine.impl.db.DbSqlSession  - flush summary: 0 insert, 0 update, 0 delete.
10:47:57,483 [Thread-111] DEBUG org.activiti.engine.impl.db.DbSqlSession  - now executing flush...
10:47:57,482 [Thread-106] DEBUG org.activiti.engine.impl.interceptor.LogInterceptor  - --- starting AcquireAsyncJobsDueCmd --------------------------------------------------------
10:47:57,483 [Thread-106] DEBUG org.apache.ibatis.transaction.jdbc.JdbcTransaction  - Opening JDBC Connection
10:47:57,484 [Thread-106] DEBUG org.apache.ibatis.datasource.pooled.PooledDataSource  - Checked out connection 996762054 from pool.
10:47:57,483 [Thread-111] DEBUG org.activiti.engine.impl.cfg.standalone.StandaloneMybatisTransactionContext  - firing event committing...
10:47:57,484 [Thread-111] DEBUG org.activiti.engine.impl.cfg.standalone.StandaloneMybatisTransactionContext  - committing the ibatis sql session...
10:47:57,484 [Thread-111] DEBUG org.activiti.engine.impl.cfg.standalone.StandaloneMybatisTransactionContext  - firing event committed...
10:47:57,484 [Thread-111] DEBUG org.apache.ibatis.transaction.jdbc.JdbcTransaction  - Resetting autocommit to true on JDBC Connection [conn70: url=jdbc:h2:mem:activiti-AsyncExecutorTest user=SA]
10:47:57,484 [Thread-111] DEBUG org.apache.ibatis.transaction.jdbc.JdbcTransaction  - Closing JDBC Connection [conn70: url=jdbc:h2:mem:activiti-AsyncExecutorTest user=SA]
10:47:57,484 [Thread-111] DEBUG org.apache.ibatis.datasource.pooled.PooledDataSource  - Returned connection 604408605 to pool.
10:47:57,484 [Thread-111] DEBUG org.activiti.engine.impl.interceptor.LogInterceptor  - --- AcquireTimerJobsCmd finished --------------------------------------------------------
10:47:57,484 [Thread-111] DEBUG org.activiti.engine.impl.interceptor.LogInterceptor  - 

10:47:57,483 [Thread-103] DEBUG org.activiti.engine.impl.db.DbSqlSession  - flush summary: 0 insert, 0 update, 0 delete.
10:47:57,484 [Thread-103] DEBUG org.activiti.engine.impl.db.DbSqlSession  - now executing flush...
10:47:57,484 [Thread-103] DEBUG org.activiti.engine.impl.cfg.standalone.StandaloneMybatisTransactionContext  - firing event committing...
10:47:57,484 [Thread-103] DEBUG org.activiti.engine.impl.cfg.standalone.StandaloneMybatisTransactionContext  - committing the ibatis sql session...
10:47:57,484 [Thread-103] DEBUG org.activiti.engine.impl.cfg.standalone.StandaloneMybatisTransactionContext  - firing event committed...
10:47:57,484 [Thread-103] DEBUG org.apache.ibatis.transaction.jdbc.JdbcTransaction  - Resetting autocommit to true on JDBC Connection [conn60: url=jdbc:h2:mem:activiti-AsyncExecutorTest user=SA]
10:47:57,484 [Thread-103] DEBUG org.apache.ibatis.transaction.jdbc.JdbcTransaction  - Closing JDBC Connection [conn60: url=jdbc:h2:mem:activiti-AsyncExecutorTest user=SA]
10:47:57,483 [Thread-102] DEBUG org.activiti.engine.impl.persistence.entity.JobEntity.selectNextTimerJobsToExecute  - ==&gt; Parameters: 2023-03-20 10:48:50.669(Timestamp), 2023-03-20 10:48:50.669(Timestamp), 1(Integer), 0(Integer)
10:47:57,484 [Thread-102] DEBUG org.activiti.engine.impl.persistence.entity.JobEntity.selectNextTimerJobsToExecute  - &lt;==      Total: 0
10:47:57,484 [Thread-102] DEBUG org.activiti.engine.impl.db.DbSqlSession  - flush summary: 0 insert, 0 update, 0 delete.
10:47:57,484 [Thread-102] DEBUG org.activiti.engine.impl.db.DbSqlSession  - now executing flush...
10:47:57,484 [Thread-102] DEBUG org.activiti.engine.impl.cfg.standalone.StandaloneMybatisTransactionContext  - firing event committing...
10:47:57,484 [Thread-102] DEBUG org.activiti.engine.impl.cfg.standalone.StandaloneMybatisTransactionContext  - committing the ibatis sql session...
10:47:57,484 [Thread-102] DEBUG org.activiti.engine.impl.cfg.standalone.StandaloneMybatisTransactionContext  - firing event committed...
10:47:57,484 [Thread-102] DEBUG org.apache.ibatis.transaction.jdbc.JdbcTransaction  - Resetting autocommit to true on JDBC Connection [conn59: url=jdbc:h2:mem:activiti-AsyncExecutorTest user=SA]
10:47:57,484 [Thread-102] DEBUG org.apache.ibatis.transaction.jdbc.JdbcTransaction  - Closing JDBC Connection [conn59: url=jdbc:h2:mem:activiti-AsyncExecutorTest user=SA]
10:47:57,483 [Thread-105] DEBUG org.activiti.engine.impl.persistence.entity.JobEntity.selectNextTimerJobsToExecute  - ==&gt; Parameters: 2023-03-20 10:48:50.669(Timestamp), 2023-03-20 10:48:50.669(Timestamp), 1(Integer), 0(Integer)
10:47:57,484 [Thread-105] DEBUG org.activiti.engine.impl.persistence.entity.JobEntity.selectNextTimerJobsToExecute  - &lt;==      Total: 0
10:47:57,484 [Thread-105] DEBUG org.activiti.engine.impl.db.DbSqlSession  - flush summary: 0 insert, 0 update, 0 delete.
10:47:57,484 [Thread-105] DEBUG org.activiti.engine.impl.db.DbSqlSession  - now executing flush...
10:47:57,484 [Thread-105] DEBUG org.activiti.engine.impl.cfg.standalone.StandaloneMybatisTransactionContext  - firing event committing...
10:47:57,484 [Thread-105] DEBUG org.activiti.engine.impl.cfg.standalone.StandaloneMybatisTransactionContext  - committing the ibatis sql session...
10:47:57,484 [Thread-105] DEBUG org.activiti.engine.impl.cfg.standalone.StandaloneMybatisTransactionContext  - firing event committed...
10:47:57,484 [Thread-105] DEBUG org.apache.ibatis.transaction.jdbc.JdbcTransaction  - Resetting autocommit to true on JDBC Connection [conn63: url=jdbc:h2:mem:activiti-AsyncExecutorTest user=SA]
10:47:57,484 [Thread-105] DEBUG org.apache.ibatis.transaction.jdbc.JdbcTransaction  - Closing JDBC Connection [conn63: url=jdbc:h2:mem:activiti-AsyncExecutorTest user=SA]
10:47:57,484 [Thread-103] DEBUG org.apache.ibatis.datasource.pooled.PooledDataSource  - Returned connection 33534803 to pool.
10:47:57,484 [Thread-103] DEBUG org.activiti.engine.impl.interceptor.LogInterceptor  - --- AcquireAsyncJobsDueCmd finished --------------------------------------------------------
10:47:57,484 [Thread-103] DEBUG org.activiti.engine.impl.interceptor.LogInterceptor  - 

10:47:57,484 [Thread-103] DEBUG org.activiti.engine.impl.asyncexecutor.AcquireAsyncJobsDueRunnable  - async job acquisition thread sleeping for 50 millis
10:47:57,484 [Thread-111] DEBUG org.activiti.engine.impl.asyncexecutor.AcquireTimerJobsRunnable  - timer job acquisition thread sleeping for 50 millis
10:47:57,484 [Thread-106] DEBUG org.apache.ibatis.transaction.jdbc.JdbcTransaction  - Setting autocommit to false on JDBC Connection [conn65: url=jdbc:h2:mem:activiti-AsyncExecutorTest user=SA]
10:47:57,485 [Thread-106] DEBUG org.activiti.engine.impl.persistence.entity.JobEntity.selectAsyncJobsDueToExecute  - ==&gt;  Preparing: select RES.* from ACT_RU_JOB RES LEFT OUTER JOIN ACT_RU_EXECUTION PI ON PI.ID_ = RES.PROCESS_INSTANCE_ID_ where RES.RETRIES_ &gt; 0 and RES.DUEDATE_ is not null and RES.DUEDATE_ &lt;= ? and (RES.LOCK_EXP_TIME_ is null or RES.LOCK_EXP_TIME_ &lt;= ?) and TYPE_ = &apos;message&apos; and ( (RES.EXECUTION_ID_ is null) or (PI.SUSPENSION_STATE_ = 1) ) LIMIT ? OFFSET ? 
10:47:57,485 [Thread-106] DEBUG org.activiti.engine.impl.persistence.entity.JobEntity.selectAsyncJobsDueToExecute  - ==&gt; Parameters: 2023-03-20 10:48:50.669(Timestamp), 2023-03-20 10:48:50.669(Timestamp), 1(Integer), 0(Integer)
10:47:57,485 [Thread-106] DEBUG org.activiti.engine.impl.persistence.entity.JobEntity.selectAsyncJobsDueToExecute  - &lt;==      Total: 0
10:47:57,485 [Thread-106] DEBUG org.activiti.engine.impl.db.DbSqlSession  - flush summary: 0 insert, 0 update, 0 delete.
10:47:57,485 [Thread-106] DEBUG org.activiti.engine.impl.db.DbSqlSession  - now executing flush...
10:47:57,485 [Thread-106] DEBUG org.activiti.engine.impl.cfg.standalone.StandaloneMybatisTransactionContext  - firing event committing...
10:47:57,485 [Thread-106] DEBUG org.activiti.engine.impl.cfg.standalone.StandaloneMybatisTransactionContext  - committing the ibatis sql session...
10:47:57,485 [Thread-106] DEBUG org.activiti.engine.impl.cfg.standalone.StandaloneMybatisTransactionContext  - firing event committed...
10:47:57,485 [Thread-106] DEBUG org.apache.ibatis.transaction.jdbc.JdbcTransaction  - Resetting autocommit to true on JDBC Connection [conn65: url=jdbc:h2:mem:activiti-AsyncExecutorTest user=SA]
10:47:57,485 [Thread-106] DEBUG org.apache.ibatis.transaction.jdbc.JdbcTransaction  - Closing JDBC Connection [conn65: url=jdbc:h2:mem:activiti-AsyncExecutorTest user=SA]
10:47:57,484 [Thread-102] DEBUG org.apache.ibatis.datasource.pooled.PooledDataSource  - Returned connection 720039383 to pool.
10:47:57,485 [Thread-102] DEBUG org.activiti.engine.impl.interceptor.LogInterceptor  - --- AcquireTimerJobsCmd finished --------------------------------------------------------
10:47:57,485 [Thread-102] DEBUG org.activiti.engine.impl.interceptor.LogInterceptor  - 

10:47:57,485 [Thread-102] DEBUG org.activiti.engine.impl.asyncexecutor.AcquireTimerJobsRunnable  - timer job acquisition thread sleeping for 50 millis
10:47:57,484 [Thread-105] DEBUG org.apache.ibatis.datasource.pooled.PooledDataSource  - Returned connection 1970103261 to pool.
10:47:57,485 [Thread-105] DEBUG org.activiti.engine.impl.interceptor.LogInterceptor  - --- AcquireTimerJobsCmd finished --------------------------------------------------------
10:47:57,485 [Thread-105] DEBUG org.activiti.engine.impl.interceptor.LogInterceptor  - 

10:47:57,485 [Thread-105] DEBUG org.activiti.engine.impl.asyncexecutor.AcquireTimerJobsRunnable  - timer job acquisition thread sleeping for 50 millis
10:47:57,485 [Thread-106] DEBUG org.apache.ibatis.datasource.pooled.PooledDataSource  - Returned connection 996762054 to pool.
10:47:57,485 [Thread-106] DEBUG org.activiti.engine.impl.interceptor.LogInterceptor  - --- AcquireAsyncJobsDueCmd finished --------------------------------------------------------
10:47:57,485 [Thread-106] DEBUG org.activiti.engine.impl.interceptor.LogInterceptor  - 

10:47:57,485 [Thread-106] DEBUG org.activiti.engine.impl.asyncexecutor.AcquireAsyncJobsDueRunnable  - async job acquisition thread sleeping for 50 millis
10:47:57,528 [Thread-112] DEBUG org.activiti.engine.impl.asyncexecutor.AcquireAsyncJobsDueRunnable  - async job acquisition thread woke up
10:47:57,528 [Thread-112] DEBUG org.activiti.engine.impl.interceptor.LogInterceptor  - 

10:47:57,528 [Thread-112] DEBUG org.activiti.engine.impl.interceptor.LogInterceptor  - --- starting AcquireAsyncJobsDueCmd --------------------------------------------------------
10:47:57,528 [Thread-112] DEBUG org.apache.ibatis.transaction.jdbc.JdbcTransaction  - Opening JDBC Connection
10:47:57,528 [Thread-112] DEBUG org.apache.ibatis.datasource.pooled.PooledDataSource  - Checked out connection 58501658 from pool.
10:47:57,528 [Thread-112] DEBUG org.apache.ibatis.transaction.jdbc.JdbcTransaction  - Setting autocommit to false on JDBC Connection [conn68: url=jdbc:h2:mem:activiti-AsyncExecutorTest user=SA]
10:47:57,528 [Thread-112] DEBUG org.activiti.engine.impl.persistence.entity.JobEntity.selectAsyncJobsDueToExecute  - ==&gt;  Preparing: select RES.* from ACT_RU_JOB RES LEFT OUTER JOIN ACT_RU_EXECUTION PI ON PI.ID_ = RES.PROCESS_INSTANCE_ID_ where RES.RETRIES_ &gt; 0 and RES.DUEDATE_ is not null and RES.DUEDATE_ &lt;= ? and (RES.LOCK_EXP_TIME_ is null or RES.LOCK_EXP_TIME_ &lt;= ?) and TYPE_ = &apos;message&apos; and ( (RES.EXECUTION_ID_ is null) or (PI.SUSPENSION_STATE_ = 1) ) LIMIT ? OFFSET ? 
10:47:57,528 [Thread-112] DEBUG org.activiti.engine.impl.persistence.entity.JobEntity.selectAsyncJobsDueToExecute  - ==&gt; Parameters: 2023-03-20 10:48:50.669(Timestamp), 2023-03-20 10:48:50.669(Timestamp), 1(Integer), 0(Integer)
10:47:57,528 [Thread-112] DEBUG org.activiti.engine.impl.persistence.entity.JobEntity.selectAsyncJobsDueToExecute  - &lt;==      Total: 0
10:47:57,528 [Thread-112] DEBUG org.activiti.engine.impl.db.DbSqlSession  - flush summary: 0 insert, 0 update, 0 delete.
10:47:57,528 [Thread-112] DEBUG org.activiti.engine.impl.db.DbSqlSession  - now executing flush...
10:47:57,528 [Thread-112] DEBUG org.activiti.engine.impl.cfg.standalone.StandaloneMybatisTransactionContext  - firing event committing...
10:47:57,528 [Thread-112] DEBUG org.activiti.engine.impl.cfg.standalone.StandaloneMybatisTransactionContext  - committing the ibatis sql session...
10:47:57,528 [Thread-112] DEBUG org.activiti.engine.impl.cfg.standalone.StandaloneMybatisTransactionContext  - firing event committed...
10:47:57,528 [Thread-112] DEBUG org.apache.ibatis.transaction.jdbc.JdbcTransaction  - Resetting autocommit to true on JDBC Connection [conn68: url=jdbc:h2:mem:activiti-AsyncExecutorTest user=SA]
10:47:57,528 [Thread-112] DEBUG org.apache.ibatis.transaction.jdbc.JdbcTransaction  - Closing JDBC Connection [conn68: url=jdbc:h2:mem:activiti-AsyncExecutorTest user=SA]
10:47:57,528 [Thread-112] DEBUG org.apache.ibatis.datasource.pooled.PooledDataSource  - Returned connection 58501658 to pool.
10:47:57,528 [Thread-112] DEBUG org.activiti.engine.impl.interceptor.LogInterceptor  - --- AcquireAsyncJobsDueCmd finished --------------------------------------------------------
10:47:57,528 [Thread-112] DEBUG org.activiti.engine.impl.interceptor.LogInterceptor  - 

10:47:57,528 [Thread-112] DEBUG org.activiti.engine.impl.asyncexecutor.AcquireAsyncJobsDueRunnable  - async job acquisition thread sleeping for 50 millis
10:47:57,544 [Thread-102] DEBUG org.activiti.engine.impl.asyncexecutor.AcquireTimerJobsRunnable  - timer job acquisition thread woke up
10:47:57,544 [Thread-102] DEBUG org.activiti.engine.impl.interceptor.LogInterceptor  - 

10:47:57,544 [Thread-102] DEBUG org.activiti.engine.impl.interceptor.LogInterceptor  - --- starting AcquireTimerJobsCmd --------------------------------------------------------
10:47:57,544 [Thread-102] DEBUG org.apache.ibatis.transaction.jdbc.JdbcTransaction  - Opening JDBC Connection
10:47:57,544 [Thread-102] DEBUG org.apache.ibatis.datasource.pooled.PooledDataSource  - Checked out connection 157985567 from pool.
10:47:57,544 [Thread-102] DEBUG org.apache.ibatis.transaction.jdbc.JdbcTransaction  - Setting autocommit to false on JDBC Connection [conn61: url=jdbc:h2:mem:activiti-AsyncExecutorTest user=SA]
10:47:57,544 [Thread-102] DEBUG org.activiti.engine.impl.persistence.entity.JobEntity.selectNextTimerJobsToExecute  - ==&gt;  Preparing: select RES.* from ACT_RU_JOB RES LEFT OUTER JOIN ACT_RU_EXECUTION PI ON PI.ID_ = RES.PROCESS_INSTANCE_ID_ where (RES.RETRIES_ &gt; 0) and (RES.DUEDATE_ is null or RES.DUEDATE_ &lt;= ?) and (RES.LOCK_OWNER_ is null or RES.LOCK_EXP_TIME_ &lt;= ?) and TYPE_ = &apos;timer&apos; and ( (RES.EXECUTION_ID_ is null) or (PI.SUSPENSION_STATE_ = 1) ) LIMIT ? OFFSET ? 
10:47:57,544 [Thread-103] DEBUG org.activiti.engine.impl.asyncexecutor.AcquireAsyncJobsDueRunnable  - async job acquisition thread woke up
10:47:57,544 [Thread-103] DEBUG org.activiti.engine.impl.interceptor.LogInterceptor  - 

10:47:57,544 [Thread-103] DEBUG org.activiti.engine.impl.interceptor.LogInterceptor  - --- starting AcquireAsyncJobsDueCmd --------------------------------------------------------
10:47:57,544 [Thread-103] DEBUG org.apache.ibatis.transaction.jdbc.JdbcTransaction  - Opening JDBC Connection
10:47:57,544 [Thread-103] DEBUG org.apache.ibatis.datasource.pooled.PooledDataSource  - Checked out connection 33534803 from pool.
10:47:57,544 [Thread-103] DEBUG org.apache.ibatis.transaction.jdbc.JdbcTransaction  - Setting autocommit to false on JDBC Connection [conn60: url=jdbc:h2:mem:activiti-AsyncExecutorTest user=SA]
10:47:57,544 [Thread-105] DEBUG org.activiti.engine.impl.asyncexecutor.AcquireTimerJobsRunnable  - timer job acquisition thread woke up
10:47:57,544 [Thread-105] DEBUG org.activiti.engine.impl.interceptor.LogInterceptor  - 

10:47:57,544 [Thread-105] DEBUG org.activiti.engine.impl.interceptor.LogInterceptor  - --- starting AcquireTimerJobsCmd --------------------------------------------------------
10:47:57,544 [Thread-105] DEBUG org.apache.ibatis.transaction.jdbc.JdbcTransaction  - Opening JDBC Connection
10:47:57,544 [Thread-105] DEBUG org.apache.ibatis.datasource.pooled.PooledDataSource  - Checked out connection 54468349 from pool.
10:47:57,545 [Thread-105] DEBUG org.apache.ibatis.transaction.jdbc.JdbcTransaction  - Setting autocommit to false on JDBC Connection [conn64: url=jdbc:h2:mem:activiti-AsyncExecutorTest user=SA]
10:47:57,545 [Thread-105] DEBUG org.activiti.engine.impl.persistence.entity.JobEntity.selectNextTimerJobsToExecute  - ==&gt;  Preparing: select RES.* from ACT_RU_JOB RES LEFT OUTER JOIN ACT_RU_EXECUTION PI ON PI.ID_ = RES.PROCESS_INSTANCE_ID_ where (RES.RETRIES_ &gt; 0) and (RES.DUEDATE_ is null or RES.DUEDATE_ &lt;= ?) and (RES.LOCK_OWNER_ is null or RES.LOCK_EXP_TIME_ &lt;= ?) and TYPE_ = &apos;timer&apos; and ( (RES.EXECUTION_ID_ is null) or (PI.SUSPENSION_STATE_ = 1) ) LIMIT ? OFFSET ? 
10:47:57,544 [Thread-106] DEBUG org.activiti.engine.impl.asyncexecutor.AcquireAsyncJobsDueRunnable  - async job acquisition thread woke up
10:47:57,545 [Thread-106] DEBUG org.activiti.engine.impl.interceptor.LogInterceptor  - 

10:47:57,545 [Thread-106] DEBUG org.activiti.engine.impl.interceptor.LogInterceptor  - --- starting AcquireAsyncJobsDueCmd --------------------------------------------------------
10:47:57,545 [Thread-106] DEBUG org.apache.ibatis.transaction.jdbc.JdbcTransaction  - Opening JDBC Connection
10:47:57,545 [Thread-106] DEBUG org.apache.ibatis.datasource.pooled.PooledDataSource  - Checked out connection 1970103261 from pool.
10:47:57,545 [Thread-106] DEBUG org.apache.ibatis.transaction.jdbc.JdbcTransaction  - Setting autocommit to false on JDBC Connection [conn63: url=jdbc:h2:mem:activiti-AsyncExecutorTest user=SA]
10:47:57,545 [Thread-106] DEBUG org.activiti.engine.impl.persistence.entity.JobEntity.selectAsyncJobsDueToExecute  - ==&gt;  Preparing: select RES.* from ACT_RU_JOB RES LEFT OUTER JOIN ACT_RU_EXECUTION PI ON PI.ID_ = RES.PROCESS_INSTANCE_ID_ where RES.RETRIES_ &gt; 0 and RES.DUEDATE_ is not null and RES.DUEDATE_ &lt;= ? and (RES.LOCK_EXP_TIME_ is null or RES.LOCK_EXP_TIME_ &lt;= ?) and TYPE_ = &apos;message&apos; and ( (RES.EXECUTION_ID_ is null) or (PI.SUSPENSION_STATE_ = 1) ) LIMIT ? OFFSET ? 
10:47:57,545 [Thread-106] DEBUG org.activiti.engine.impl.persistence.entity.JobEntity.selectAsyncJobsDueToExecute  - ==&gt; Parameters: 2023-03-20 10:48:50.669(Timestamp), 2023-03-20 10:48:50.669(Timestamp), 1(Integer), 0(Integer)
10:47:57,544 [Thread-111] DEBUG org.activiti.engine.impl.asyncexecutor.AcquireTimerJobsRunnable  - timer job acquisition thread woke up
10:47:57,545 [Thread-111] DEBUG org.activiti.engine.impl.interceptor.LogInterceptor  - 

10:47:57,545 [Thread-111] DEBUG org.activiti.engine.impl.interceptor.LogInterceptor  - --- starting AcquireTimerJobsCmd --------------------------------------------------------
10:47:57,545 [Thread-111] DEBUG org.apache.ibatis.transaction.jdbc.JdbcTransaction  - Opening JDBC Connection
10:47:57,545 [Thread-111] DEBUG org.apache.ibatis.datasource.pooled.PooledDataSource  - Checked out connection 1863805930 from pool.
10:47:57,545 [Thread-111] DEBUG org.apache.ibatis.transaction.jdbc.JdbcTransaction  - Setting autocommit to false on JDBC Connection [conn69: url=jdbc:h2:mem:activiti-AsyncExecutorTest user=SA]
10:47:57,545 [Thread-106] DEBUG org.activiti.engine.impl.persistence.entity.JobEntity.selectAsyncJobsDueToExecute  - &lt;==      Total: 0
10:47:57,545 [Thread-106] DEBUG org.activiti.engine.impl.db.DbSqlSession  - flush summary: 0 insert, 0 update, 0 delete.
10:47:57,545 [Thread-106] DEBUG org.activiti.engine.impl.db.DbSqlSession  - now executing flush...
10:47:57,545 [Thread-106] DEBUG org.activiti.engine.impl.cfg.standalone.StandaloneMybatisTransactionContext  - firing event committing...
10:47:57,545 [Thread-106] DEBUG org.activiti.engine.impl.cfg.standalone.StandaloneMybatisTransactionContext  - committing the ibatis sql session...
10:47:57,545 [Thread-106] DEBUG org.activiti.engine.impl.cfg.standalone.StandaloneMybatisTransactionContext  - firing event committed...
10:47:57,545 [Thread-106] DEBUG org.apache.ibatis.transaction.jdbc.JdbcTransaction  - Resetting autocommit to true on JDBC Connection [conn63: url=jdbc:h2:mem:activiti-AsyncExecutorTest user=SA]
10:47:57,545 [Thread-106] DEBUG org.apache.ibatis.transaction.jdbc.JdbcTransaction  - Closing JDBC Connection [conn63: url=jdbc:h2:mem:activiti-AsyncExecutorTest user=SA]
10:47:57,545 [Thread-106] DEBUG org.apache.ibatis.datasource.pooled.PooledDataSource  - Returned connection 1970103261 to pool.
10:47:57,545 [Thread-106] DEBUG org.activiti.engine.impl.interceptor.LogInterceptor  - --- AcquireAsyncJobsDueCmd finished --------------------------------------------------------
10:47:57,545 [Thread-106] DEBUG org.activiti.engine.impl.interceptor.LogInterceptor  - 

10:47:57,545 [Thread-106] DEBUG org.activiti.engine.impl.asyncexecutor.AcquireAsyncJobsDueRunnable  - async job acquisition thread sleeping for 50 millis
10:47:57,545 [Thread-105] DEBUG org.activiti.engine.impl.persistence.entity.JobEntity.selectNextTimerJobsToExecute  - ==&gt; Parameters: 2023-03-20 10:48:50.669(Timestamp), 2023-03-20 10:48:50.669(Timestamp), 1(Integer), 0(Integer)
10:47:57,546 [Thread-105] DEBUG org.activiti.engine.impl.persistence.entity.JobEntity.selectNextTimerJobsToExecute  - &lt;==      Total: 0
10:47:57,546 [Thread-105] DEBUG org.activiti.engine.impl.db.DbSqlSession  - flush summary: 0 insert, 0 update, 0 delete.
10:47:57,546 [Thread-105] DEBUG org.activiti.engine.impl.db.DbSqlSession  - now executing flush...
10:47:57,546 [Thread-105] DEBUG org.activiti.engine.impl.cfg.standalone.StandaloneMybatisTransactionContext  - firing event committing...
10:47:57,546 [Thread-105] DEBUG org.activiti.engine.impl.cfg.standalone.StandaloneMybatisTransactionContext  - committing the ibatis sql session...
10:47:57,546 [Thread-105] DEBUG org.activiti.engine.impl.cfg.standalone.StandaloneMybatisTransactionContext  - firing event committed...
10:47:57,546 [Thread-105] DEBUG org.apache.ibatis.transaction.jdbc.JdbcTransaction  - Resetting autocommit to true on JDBC Connection [conn64: url=jdbc:h2:mem:activiti-AsyncExecutorTest user=SA]
10:47:57,544 [Thread-103] DEBUG org.activiti.engine.impl.persistence.entity.JobEntity.selectAsyncJobsDueToExecute  - ==&gt;  Preparing: select RES.* from ACT_RU_JOB RES LEFT OUTER JOIN ACT_RU_EXECUTION PI ON PI.ID_ = RES.PROCESS_INSTANCE_ID_ where RES.RETRIES_ &gt; 0 and RES.DUEDATE_ is not null and RES.DUEDATE_ &lt;= ? and (RES.LOCK_EXP_TIME_ is null or RES.LOCK_EXP_TIME_ &lt;= ?) and TYPE_ = &apos;message&apos; and ( (RES.EXECUTION_ID_ is null) or (PI.SUSPENSION_STATE_ = 1) ) LIMIT ? OFFSET ? 
10:47:57,546 [Thread-103] DEBUG org.activiti.engine.impl.persistence.entity.JobEntity.selectAsyncJobsDueToExecute  - ==&gt; Parameters: 2023-03-20 10:48:50.669(Timestamp), 2023-03-20 10:48:50.669(Timestamp), 1(Integer), 0(Integer)
10:47:57,546 [Thread-103] DEBUG org.activiti.engine.impl.persistence.entity.JobEntity.selectAsyncJobsDueToExecute  - &lt;==      Total: 0
10:47:57,546 [Thread-103] DEBUG org.activiti.engine.impl.db.DbSqlSession  - flush summary: 0 insert, 0 update, 0 delete.
10:47:57,546 [Thread-103] DEBUG org.activiti.engine.impl.db.DbSqlSession  - now executing flush...
10:47:57,546 [Thread-103] DEBUG org.activiti.engine.impl.cfg.standalone.StandaloneMybatisTransactionContext  - firing event committing...
10:47:57,546 [Thread-103] DEBUG org.activiti.engine.impl.cfg.standalone.StandaloneMybatisTransactionContext  - committing the ibatis sql session...
10:47:57,546 [Thread-103] DEBUG org.activiti.engine.impl.cfg.standalone.StandaloneMybatisTransactionContext  - firing event committed...
10:47:57,546 [Thread-103] DEBUG org.apache.ibatis.transaction.jdbc.JdbcTransaction  - Resetting autocommit to true on JDBC Connection [conn60: url=jdbc:h2:mem:activiti-AsyncExecutorTest user=SA]
10:47:57,546 [Thread-103] DEBUG org.apache.ibatis.transaction.jdbc.JdbcTransaction  - Closing JDBC Connection [conn60: url=jdbc:h2:mem:activiti-AsyncExecutorTest user=SA]
10:47:57,546 [Thread-103] DEBUG org.apache.ibatis.datasource.pooled.PooledDataSource  - Returned connection 33534803 to pool.
10:47:57,546 [Thread-103] DEBUG org.activiti.engine.impl.interceptor.LogInterceptor  - --- AcquireAsyncJobsDueCmd finished --------------------------------------------------------
10:47:57,546 [Thread-103] DEBUG org.activiti.engine.impl.interceptor.LogInterceptor  - 

10:47:57,546 [Thread-103] DEBUG org.activiti.engine.impl.asyncexecutor.AcquireAsyncJobsDueRunnable  - async job acquisition thread sleeping for 50 millis
10:47:57,544 [Thread-102] DEBUG org.activiti.engine.impl.persistence.entity.JobEntity.selectNextTimerJobsToExecute  - ==&gt; Parameters: 2023-03-20 10:48:50.669(Timestamp), 2023-03-20 10:48:50.669(Timestamp), 1(Integer), 0(Integer)
10:47:57,546 [Thread-102] DEBUG org.activiti.engine.impl.persistence.entity.JobEntity.selectNextTimerJobsToExecute  - &lt;==      Total: 0
10:47:57,546 [Thread-102] DEBUG org.activiti.engine.impl.db.DbSqlSession  - flush summary: 0 insert, 0 update, 0 delete.
10:47:57,546 [Thread-102] DEBUG org.activiti.engine.impl.db.DbSqlSession  - now executing flush...
10:47:57,546 [Thread-102] DEBUG org.activiti.engine.impl.cfg.standalone.StandaloneMybatisTransactionContext  - firing event committing...
10:47:57,546 [Thread-102] DEBUG org.activiti.engine.impl.cfg.standalone.StandaloneMybatisTransactionContext  - committing the ibatis sql session...
10:47:57,546 [Thread-102] DEBUG org.activiti.engine.impl.cfg.standalone.StandaloneMybatisTransactionContext  - firing event committed...
10:47:57,546 [Thread-102] DEBUG org.apache.ibatis.transaction.jdbc.JdbcTransaction  - Resetting autocommit to true on JDBC Connection [conn61: url=jdbc:h2:mem:activiti-AsyncExecutorTest user=SA]
10:47:57,546 [Thread-102] DEBUG org.apache.ibatis.transaction.jdbc.JdbcTransaction  - Closing JDBC Connection [conn61: url=jdbc:h2:mem:activiti-AsyncExecutorTest user=SA]
10:47:57,546 [Thread-102] DEBUG org.apache.ibatis.datasource.pooled.PooledDataSource  - Returned connection 157985567 to pool.
10:47:57,546 [Thread-102] DEBUG org.activiti.engine.impl.interceptor.LogInterceptor  - --- AcquireTimerJobsCmd finished --------------------------------------------------------
10:47:57,546 [Thread-102] DEBUG org.activiti.engine.impl.interceptor.LogInterceptor  - 

10:47:57,546 [Thread-102] DEBUG org.activiti.engine.impl.asyncexecutor.AcquireTimerJobsRunnable  - timer job acquisition thread sleeping for 50 millis
10:47:57,546 [Thread-105] DEBUG org.apache.ibatis.transaction.jdbc.JdbcTransaction  - Closing JDBC Connection [conn64: url=jdbc:h2:mem:activiti-AsyncExecutorTest user=SA]
10:47:57,546 [Thread-105] DEBUG org.apache.ibatis.datasource.pooled.PooledDataSource  - Returned connection 54468349 to pool.
10:47:57,546 [Thread-105] DEBUG org.activiti.engine.impl.interceptor.LogInterceptor  - --- AcquireTimerJobsCmd finished --------------------------------------------------------
10:47:57,546 [Thread-105] DEBUG org.activiti.engine.impl.interceptor.LogInterceptor  - 

10:47:57,546 [Thread-105] DEBUG org.activiti.engine.impl.asyncexecutor.AcquireTimerJobsRunnable  - timer job acquisition thread sleeping for 50 millis
10:47:57,545 [Thread-111] DEBUG org.activiti.engine.impl.persistence.entity.JobEntity.selectNextTimerJobsToExecute  - ==&gt;  Preparing: select RES.* from ACT_RU_JOB RES LEFT OUTER JOIN ACT_RU_EXECUTION PI ON PI.ID_ = RES.PROCESS_INSTANCE_ID_ where (RES.RETRIES_ &gt; 0) and (RES.DUEDATE_ is null or RES.DUEDATE_ &lt;= ?) and (RES.LOCK_OWNER_ is null or RES.LOCK_EXP_TIME_ &lt;= ?) and TYPE_ = &apos;timer&apos; and ( (RES.EXECUTION_ID_ is null) or (PI.SUSPENSION_STATE_ = 1) ) LIMIT ? OFFSET ? 
10:47:57,547 [Thread-111] DEBUG org.activiti.engine.impl.persistence.entity.JobEntity.selectNextTimerJobsToExecute  - ==&gt; Parameters: 2023-03-20 10:48:50.669(Timestamp), 2023-03-20 10:48:50.669(Timestamp), 1(Integer), 0(Integer)
10:47:57,547 [Thread-111] DEBUG org.activiti.engine.impl.persistence.entity.JobEntity.selectNextTimerJobsToExecute  - &lt;==      Total: 0
10:47:57,547 [Thread-111] DEBUG org.activiti.engine.impl.db.DbSqlSession  - flush summary: 0 insert, 0 update, 0 delete.
10:47:57,547 [Thread-111] DEBUG org.activiti.engine.impl.db.DbSqlSession  - now executing flush...
10:47:57,547 [Thread-111] DEBUG org.activiti.engine.impl.cfg.standalone.StandaloneMybatisTransactionContext  - firing event committing...
10:47:57,547 [Thread-111] DEBUG org.activiti.engine.impl.cfg.standalone.StandaloneMybatisTransactionContext  - committing the ibatis sql session...
10:47:57,547 [Thread-111] DEBUG org.activiti.engine.impl.cfg.standalone.StandaloneMybatisTransactionContext  - firing event committed...
10:47:57,547 [Thread-111] DEBUG org.apache.ibatis.transaction.jdbc.JdbcTransaction  - Resetting autocommit to true on JDBC Connection [conn69: url=jdbc:h2:mem:activiti-AsyncExecutorTest user=SA]
10:47:57,547 [Thread-111] DEBUG org.apache.ibatis.transaction.jdbc.JdbcTransaction  - Closing JDBC Connection [conn69: url=jdbc:h2:mem:activiti-AsyncExecutorTest user=SA]
10:47:57,547 [Thread-111] DEBUG org.apache.ibatis.datasource.pooled.PooledDataSource  - Returned connection 1863805930 to pool.
10:47:57,547 [Thread-111] DEBUG org.activiti.engine.impl.interceptor.LogInterceptor  - --- AcquireTimerJobsCmd finished --------------------------------------------------------
10:47:57,547 [Thread-111] DEBUG org.activiti.engine.impl.interceptor.LogInterceptor  - 

10:47:57,547 [Thread-111] DEBUG org.activiti.engine.impl.asyncexecutor.AcquireTimerJobsRunnable  - timer job acquisition thread sleeping for 50 millis
10:47:57,590 [Thread-112] DEBUG org.activiti.engine.impl.asyncexecutor.AcquireAsyncJobsDueRunnable  - async job acquisition thread woke up
10:47:57,590 [Thread-112] DEBUG org.activiti.engine.impl.interceptor.LogInterceptor  - 

10:47:57,590 [Thread-112] DEBUG org.activiti.engine.impl.interceptor.LogInterceptor  - --- starting AcquireAsyncJobsDueCmd --------------------------------------------------------
10:47:57,590 [Thread-112] DEBUG org.apache.ibatis.transaction.jdbc.JdbcTransaction  - Opening JDBC Connection
10:47:57,590 [Thread-112] DEBUG org.apache.ibatis.datasource.pooled.PooledDataSource  - Checked out connection 604408605 from pool.
10:47:57,590 [Thread-112] DEBUG org.apache.ibatis.transaction.jdbc.JdbcTransaction  - Setting autocommit to false on JDBC Connection [conn70: url=jdbc:h2:mem:activiti-AsyncExecutorTest user=SA]
10:47:57,590 [Thread-112] DEBUG org.activiti.engine.impl.persistence.entity.JobEntity.selectAsyncJobsDueToExecute  - ==&gt;  Preparing: select RES.* from ACT_RU_JOB RES LEFT OUTER JOIN ACT_RU_EXECUTION PI ON PI.ID_ = RES.PROCESS_INSTANCE_ID_ where RES.RETRIES_ &gt; 0 and RES.DUEDATE_ is not null and RES.DUEDATE_ &lt;= ? and (RES.LOCK_EXP_TIME_ is null or RES.LOCK_EXP_TIME_ &lt;= ?) and TYPE_ = &apos;message&apos; and ( (RES.EXECUTION_ID_ is null) or (PI.SUSPENSION_STATE_ = 1) ) LIMIT ? OFFSET ? 
10:47:57,590 [Thread-112] DEBUG org.activiti.engine.impl.persistence.entity.JobEntity.selectAsyncJobsDueToExecute  - ==&gt; Parameters: 2023-03-20 10:48:50.669(Timestamp), 2023-03-20 10:48:50.669(Timestamp), 1(Integer), 0(Integer)
10:47:57,590 [Thread-112] DEBUG org.activiti.engine.impl.persistence.entity.JobEntity.selectAsyncJobsDueToExecute  - &lt;==      Total: 0
10:47:57,590 [Thread-112] DEBUG org.activiti.engine.impl.db.DbSqlSession  - flush summary: 0 insert, 0 update, 0 delete.
10:47:57,590 [Thread-112] DEBUG org.activiti.engine.impl.db.DbSqlSession  - now executing flush...
10:47:57,590 [Thread-112] DEBUG org.activiti.engine.impl.cfg.standalone.StandaloneMybatisTransactionContext  - firing event committing...
10:47:57,590 [Thread-112] DEBUG org.activiti.engine.impl.cfg.standalone.StandaloneMybatisTransactionContext  - committing the ibatis sql session...
10:47:57,590 [Thread-112] DEBUG org.activiti.engine.impl.cfg.standalone.StandaloneMybatisTransactionContext  - firing event committed...
10:47:57,590 [Thread-112] DEBUG org.apache.ibatis.transaction.jdbc.JdbcTransaction  - Resetting autocommit to true on JDBC Connection [conn70: url=jdbc:h2:mem:activiti-AsyncExecutorTest user=SA]
10:47:57,590 [Thread-112] DEBUG org.apache.ibatis.transaction.jdbc.JdbcTransaction  - Closing JDBC Connection [conn70: url=jdbc:h2:mem:activiti-AsyncExecutorTest user=SA]
10:47:57,590 [Thread-112] DEBUG org.apache.ibatis.datasource.pooled.PooledDataSource  - Returned connection 604408605 to pool.
10:47:57,590 [Thread-112] DEBUG org.activiti.engine.impl.interceptor.LogInterceptor  - --- AcquireAsyncJobsDueCmd finished --------------------------------------------------------
10:47:57,590 [Thread-112] DEBUG org.activiti.engine.impl.interceptor.LogInterceptor  - 

10:47:57,590 [Thread-112] DEBUG org.activiti.engine.impl.asyncexecutor.AcquireAsyncJobsDueRunnable  - async job acquisition thread sleeping for 50 millis
10:47:57,605 [Thread-111] DEBUG org.activiti.engine.impl.asyncexecutor.AcquireTimerJobsRunnable  - timer job acquisition thread woke up
10:47:57,605 [Thread-102] DEBUG org.activiti.engine.impl.asyncexecutor.AcquireTimerJobsRunnable  - timer job acquisition thread woke up
10:47:57,605 [Thread-102] DEBUG org.activiti.engine.impl.interceptor.LogInterceptor  - 

10:47:57,605 [Thread-102] DEBUG org.activiti.engine.impl.interceptor.LogInterceptor  - --- starting AcquireTimerJobsCmd --------------------------------------------------------
10:47:57,605 [Thread-102] DEBUG org.apache.ibatis.transaction.jdbc.JdbcTransaction  - Opening JDBC Connection
10:47:57,605 [Thread-102] DEBUG org.apache.ibatis.datasource.pooled.PooledDataSource  - Checked out connection 720039383 from pool.
10:47:57,605 [Thread-103] DEBUG org.activiti.engine.impl.asyncexecutor.AcquireAsyncJobsDueRunnable  - async job acquisition thread woke up
10:47:57,605 [Thread-103] DEBUG org.activiti.engine.impl.interceptor.LogInterceptor  - 

10:47:57,605 [Thread-103] DEBUG org.activiti.engine.impl.interceptor.LogInterceptor  - --- starting AcquireAsyncJobsDueCmd --------------------------------------------------------
10:47:57,605 [Thread-103] DEBUG org.apache.ibatis.transaction.jdbc.JdbcTransaction  - Opening JDBC Connection
10:47:57,605 [Thread-106] DEBUG org.activiti.engine.impl.asyncexecutor.AcquireAsyncJobsDueRunnable  - async job acquisition thread woke up
10:47:57,605 [Thread-106] DEBUG org.activiti.engine.impl.interceptor.LogInterceptor  - 

10:47:57,605 [Thread-106] DEBUG org.activiti.engine.impl.interceptor.LogInterceptor  - --- starting AcquireAsyncJobsDueCmd --------------------------------------------------------
10:47:57,605 [Thread-105] DEBUG org.activiti.engine.impl.asyncexecutor.AcquireTimerJobsRunnable  - timer job acquisition thread woke up
10:47:57,605 [Thread-105] DEBUG org.activiti.engine.impl.interceptor.LogInterceptor  - 

10:47:57,605 [Thread-105] DEBUG org.activiti.engine.impl.interceptor.LogInterceptor  - --- starting AcquireTimerJobsCmd --------------------------------------------------------
10:47:57,605 [Thread-105] DEBUG org.apache.ibatis.transaction.jdbc.JdbcTransaction  - Opening JDBC Connection
10:47:57,605 [Thread-105] DEBUG org.apache.ibatis.datasource.pooled.PooledDataSource  - Checked out connection 996762054 from pool.
10:47:57,605 [Thread-105] DEBUG org.apache.ibatis.transaction.jdbc.JdbcTransaction  - Setting autocommit to false on JDBC Connection [conn65: url=jdbc:h2:mem:activiti-AsyncExecutorTest user=SA]
10:47:57,605 [Thread-105] DEBUG org.activiti.engine.impl.persistence.entity.JobEntity.selectNextTimerJobsToExecute  - ==&gt;  Preparing: select RES.* from ACT_RU_JOB RES LEFT OUTER JOIN ACT_RU_EXECUTION PI ON PI.ID_ = RES.PROCESS_INSTANCE_ID_ where (RES.RETRIES_ &gt; 0) and (RES.DUEDATE_ is null or RES.DUEDATE_ &lt;= ?) and (RES.LOCK_OWNER_ is null or RES.LOCK_EXP_TIME_ &lt;= ?) and TYPE_ = &apos;timer&apos; and ( (RES.EXECUTION_ID_ is null) or (PI.SUSPENSION_STATE_ = 1) ) LIMIT ? OFFSET ? 
10:47:57,605 [Thread-106] DEBUG org.apache.ibatis.transaction.jdbc.JdbcTransaction  - Opening JDBC Connection
10:47:57,606 [Thread-106] DEBUG org.apache.ibatis.datasource.pooled.PooledDataSource  - Checked out connection 1970103261 from pool.
10:47:57,605 [Thread-103] DEBUG org.apache.ibatis.datasource.pooled.PooledDataSource  - Checked out connection 33534803 from pool.
10:47:57,606 [Thread-103] DEBUG org.apache.ibatis.transaction.jdbc.JdbcTransaction  - Setting autocommit to false on JDBC Connection [conn60: url=jdbc:h2:mem:activiti-AsyncExecutorTest user=SA]
10:47:57,605 [Thread-102] DEBUG org.apache.ibatis.transaction.jdbc.JdbcTransaction  - Setting autocommit to false on JDBC Connection [conn59: url=jdbc:h2:mem:activiti-AsyncExecutorTest user=SA]
10:47:57,606 [Thread-102] DEBUG org.activiti.engine.impl.persistence.entity.JobEntity.selectNextTimerJobsToExecute  - ==&gt;  Preparing: select RES.* from ACT_RU_JOB RES LEFT OUTER JOIN ACT_RU_EXECUTION PI ON PI.ID_ = RES.PROCESS_INSTANCE_ID_ where (RES.RETRIES_ &gt; 0) and (RES.DUEDATE_ is null or RES.DUEDATE_ &lt;= ?) and (RES.LOCK_OWNER_ is null or RES.LOCK_EXP_TIME_ &lt;= ?) and TYPE_ = &apos;timer&apos; and ( (RES.EXECUTION_ID_ is null) or (PI.SUSPENSION_STATE_ = 1) ) LIMIT ? OFFSET ? 
10:47:57,605 [Thread-111] DEBUG org.activiti.engine.impl.interceptor.LogInterceptor  - 

10:47:57,606 [Thread-111] DEBUG org.activiti.engine.impl.interceptor.LogInterceptor  - --- starting AcquireTimerJobsCmd --------------------------------------------------------
10:47:57,606 [Thread-111] DEBUG org.apache.ibatis.transaction.jdbc.JdbcTransaction  - Opening JDBC Connection
10:47:57,606 [Thread-111] DEBUG org.apache.ibatis.datasource.pooled.PooledDataSource  - Checked out connection 58501658 from pool.
10:47:57,606 [Thread-111] DEBUG org.apache.ibatis.transaction.jdbc.JdbcTransaction  - Setting autocommit to false on JDBC Connection [conn68: url=jdbc:h2:mem:activiti-AsyncExecutorTest user=SA]
10:47:57,606 [Thread-111] DEBUG org.activiti.engine.impl.persistence.entity.JobEntity.selectNextTimerJobsToExecute  - ==&gt;  Preparing: select RES.* from ACT_RU_JOB RES LEFT OUTER JOIN ACT_RU_EXECUTION PI ON PI.ID_ = RES.PROCESS_INSTANCE_ID_ where (RES.RETRIES_ &gt; 0) and (RES.DUEDATE_ is null or RES.DUEDATE_ &lt;= ?) and (RES.LOCK_OWNER_ is null or RES.LOCK_EXP_TIME_ &lt;= ?) and TYPE_ = &apos;timer&apos; and ( (RES.EXECUTION_ID_ is null) or (PI.SUSPENSION_STATE_ = 1) ) LIMIT ? OFFSET ? 
10:47:57,606 [Thread-102] DEBUG org.activiti.engine.impl.persistence.entity.JobEntity.selectNextTimerJobsToExecute  - ==&gt; Parameters: 2023-03-20 10:48:50.669(Timestamp), 2023-03-20 10:48:50.669(Timestamp), 1(Integer), 0(Integer)
10:47:57,606 [Thread-102] DEBUG org.activiti.engine.impl.persistence.entity.JobEntity.selectNextTimerJobsToExecute  - &lt;==      Total: 0
10:47:57,606 [Thread-103] DEBUG org.activiti.engine.impl.persistence.entity.JobEntity.selectAsyncJobsDueToExecute  - ==&gt;  Preparing: select RES.* from ACT_RU_JOB RES LEFT OUTER JOIN ACT_RU_EXECUTION PI ON PI.ID_ = RES.PROCESS_INSTANCE_ID_ where RES.RETRIES_ &gt; 0 and RES.DUEDATE_ is not null and RES.DUEDATE_ &lt;= ? and (RES.LOCK_EXP_TIME_ is null or RES.LOCK_EXP_TIME_ &lt;= ?) and TYPE_ = &apos;message&apos; and ( (RES.EXECUTION_ID_ is null) or (PI.SUSPENSION_STATE_ = 1) ) LIMIT ? OFFSET ? 
10:47:57,606 [Thread-103] DEBUG org.activiti.engine.impl.persistence.entity.JobEntity.selectAsyncJobsDueToExecute  - ==&gt; Parameters: 2023-03-20 10:48:50.669(Timestamp), 2023-03-20 10:48:50.669(Timestamp), 1(Integer), 0(Integer)
10:47:57,606 [Thread-103] DEBUG org.activiti.engine.impl.persistence.entity.JobEntity.selectAsyncJobsDueToExecute  - &lt;==      Total: 0
10:47:57,606 [Thread-103] DEBUG org.activiti.engine.impl.db.DbSqlSession  - flush summary: 0 insert, 0 update, 0 delete.
10:47:57,606 [Thread-103] DEBUG org.activiti.engine.impl.db.DbSqlSession  - now executing flush...
10:47:57,606 [Thread-103] DEBUG org.activiti.engine.impl.cfg.standalone.StandaloneMybatisTransactionContext  - firing event committing...
10:47:57,606 [Thread-103] DEBUG org.activiti.engine.impl.cfg.standalone.StandaloneMybatisTransactionContext  - committing the ibatis sql session...
10:47:57,606 [Thread-103] DEBUG org.activiti.engine.impl.cfg.standalone.StandaloneMybatisTransactionContext  - firing event committed...
10:47:57,606 [Thread-103] DEBUG org.apache.ibatis.transaction.jdbc.JdbcTransaction  - Resetting autocommit to true on JDBC Connection [conn60: url=jdbc:h2:mem:activiti-AsyncExecutorTest user=SA]
10:47:57,606 [Thread-106] DEBUG org.apache.ibatis.transaction.jdbc.JdbcTransaction  - Setting autocommit to false on JDBC Connection [conn63: url=jdbc:h2:mem:activiti-AsyncExecutorTest user=SA]
10:47:57,605 [Thread-105] DEBUG org.activiti.engine.impl.persistence.entity.JobEntity.selectNextTimerJobsToExecute  - ==&gt; Parameters: 2023-03-20 10:48:50.669(Timestamp), 2023-03-20 10:48:50.669(Timestamp), 1(Integer), 0(Integer)
10:47:57,607 [Thread-105] DEBUG org.activiti.engine.impl.persistence.entity.JobEntity.selectNextTimerJobsToExecute  - &lt;==      Total: 0
10:47:57,606 [Thread-106] DEBUG org.activiti.engine.impl.persistence.entity.JobEntity.selectAsyncJobsDueToExecute  - ==&gt;  Preparing: select RES.* from ACT_RU_JOB RES LEFT OUTER JOIN ACT_RU_EXECUTION PI ON PI.ID_ = RES.PROCESS_INSTANCE_ID_ where RES.RETRIES_ &gt; 0 and RES.DUEDATE_ is not null and RES.DUEDATE_ &lt;= ? and (RES.LOCK_EXP_TIME_ is null or RES.LOCK_EXP_TIME_ &lt;= ?) and TYPE_ = &apos;message&apos; and ( (RES.EXECUTION_ID_ is null) or (PI.SUSPENSION_STATE_ = 1) ) LIMIT ? OFFSET ? 
10:47:57,607 [Thread-106] DEBUG org.activiti.engine.impl.persistence.entity.JobEntity.selectAsyncJobsDueToExecute  - ==&gt; Parameters: 2023-03-20 10:48:50.669(Timestamp), 2023-03-20 10:48:50.669(Timestamp), 1(Integer), 0(Integer)
10:47:57,607 [Thread-106] DEBUG org.activiti.engine.impl.persistence.entity.JobEntity.selectAsyncJobsDueToExecute  - &lt;==      Total: 0
10:47:57,607 [Thread-106] DEBUG org.activiti.engine.impl.db.DbSqlSession  - flush summary: 0 insert, 0 update, 0 delete.
10:47:57,607 [Thread-106] DEBUG org.activiti.engine.impl.db.DbSqlSession  - now executing flush...
10:47:57,607 [Thread-106] DEBUG org.activiti.engine.impl.cfg.standalone.StandaloneMybatisTransactionContext  - firing event committing...
10:47:57,607 [Thread-106] DEBUG org.activiti.engine.impl.cfg.standalone.StandaloneMybatisTransactionContext  - committing the ibatis sql session...
10:47:57,607 [Thread-106] DEBUG org.activiti.engine.impl.cfg.standalone.StandaloneMybatisTransactionContext  - firing event committed...
10:47:57,606 [Thread-103] DEBUG org.apache.ibatis.transaction.jdbc.JdbcTransaction  - Closing JDBC Connection [conn60: url=jdbc:h2:mem:activiti-AsyncExecutorTest user=SA]
10:47:57,607 [Thread-103] DEBUG org.apache.ibatis.datasource.pooled.PooledDataSource  - Returned connection 33534803 to pool.
10:47:57,607 [Thread-103] DEBUG org.activiti.engine.impl.interceptor.LogInterceptor  - --- AcquireAsyncJobsDueCmd finished --------------------------------------------------------
10:47:57,607 [Thread-103] DEBUG org.activiti.engine.impl.interceptor.LogInterceptor  - 

10:47:57,607 [Thread-103] DEBUG org.activiti.engine.impl.asyncexecutor.AcquireAsyncJobsDueRunnable  - async job acquisition thread sleeping for 50 millis
10:47:57,606 [Thread-102] DEBUG org.activiti.engine.impl.db.DbSqlSession  - flush summary: 0 insert, 0 update, 0 delete.
10:47:57,607 [Thread-102] DEBUG org.activiti.engine.impl.db.DbSqlSession  - now executing flush...
10:47:57,607 [Thread-102] DEBUG org.activiti.engine.impl.cfg.standalone.StandaloneMybatisTransactionContext  - firing event committing...
10:47:57,607 [Thread-102] DEBUG org.activiti.engine.impl.cfg.standalone.StandaloneMybatisTransactionContext  - committing the ibatis sql session...
10:47:57,607 [Thread-102] DEBUG org.activiti.engine.impl.cfg.standalone.StandaloneMybatisTransactionContext  - firing event committed...
10:47:57,607 [Thread-102] DEBUG org.apache.ibatis.transaction.jdbc.JdbcTransaction  - Resetting autocommit to true on JDBC Connection [conn59: url=jdbc:h2:mem:activiti-AsyncExecutorTest user=SA]
10:47:57,607 [Thread-102] DEBUG org.apache.ibatis.transaction.jdbc.JdbcTransaction  - Closing JDBC Connection [conn59: url=jdbc:h2:mem:activiti-AsyncExecutorTest user=SA]
10:47:57,607 [Thread-102] DEBUG org.apache.ibatis.datasource.pooled.PooledDataSource  - Returned connection 720039383 to pool.
10:47:57,606 [Thread-111] DEBUG org.activiti.engine.impl.persistence.entity.JobEntity.selectNextTimerJobsToExecute  - ==&gt; Parameters: 2023-03-20 10:48:50.669(Timestamp), 2023-03-20 10:48:50.669(Timestamp), 1(Integer), 0(Integer)
10:47:57,607 [Thread-111] DEBUG org.activiti.engine.impl.persistence.entity.JobEntity.selectNextTimerJobsToExecute  - &lt;==      Total: 0
10:47:57,607 [Thread-111] DEBUG org.activiti.engine.impl.db.DbSqlSession  - flush summary: 0 insert, 0 update, 0 delete.
10:47:57,607 [Thread-111] DEBUG org.activiti.engine.impl.db.DbSqlSession  - now executing flush...
10:47:57,607 [Thread-111] DEBUG org.activiti.engine.impl.cfg.standalone.StandaloneMybatisTransactionContext  - firing event committing...
10:47:57,607 [Thread-111] DEBUG org.activiti.engine.impl.cfg.standalone.StandaloneMybatisTransactionContext  - committing the ibatis sql session...
10:47:57,607 [Thread-111] DEBUG org.activiti.engine.impl.cfg.standalone.StandaloneMybatisTransactionContext  - firing event committed...
10:47:57,607 [Thread-111] DEBUG org.apache.ibatis.transaction.jdbc.JdbcTransaction  - Resetting autocommit to true on JDBC Connection [conn68: url=jdbc:h2:mem:activiti-AsyncExecutorTest user=SA]
10:47:57,607 [Thread-111] DEBUG org.apache.ibatis.transaction.jdbc.JdbcTransaction  - Closing JDBC Connection [conn68: url=jdbc:h2:mem:activiti-AsyncExecutorTest user=SA]
10:47:57,607 [Thread-111] DEBUG org.apache.ibatis.datasource.pooled.PooledDataSource  - Returned connection 58501658 to pool.
10:47:57,607 [Thread-111] DEBUG org.activiti.engine.impl.interceptor.LogInterceptor  - --- AcquireTimerJobsCmd finished --------------------------------------------------------
10:47:57,607 [Thread-111] DEBUG org.activiti.engine.impl.interceptor.LogInterceptor  - 

10:47:57,607 [Thread-111] DEBUG org.activiti.engine.impl.asyncexecutor.AcquireTimerJobsRunnable  - timer job acquisition thread sleeping for 50 millis
10:47:57,607 [Thread-102] DEBUG org.activiti.engine.impl.interceptor.LogInterceptor  - --- AcquireTimerJobsCmd finished --------------------------------------------------------
10:47:57,608 [Thread-102] DEBUG org.activiti.engine.impl.interceptor.LogInterceptor  - 

10:47:57,608 [Thread-102] DEBUG org.activiti.engine.impl.asyncexecutor.AcquireTimerJobsRunnable  - timer job acquisition thread sleeping for 50 millis
10:47:57,607 [Thread-106] DEBUG org.apache.ibatis.transaction.jdbc.JdbcTransaction  - Resetting autocommit to true on JDBC Connection [conn63: url=jdbc:h2:mem:activiti-AsyncExecutorTest user=SA]
10:47:57,608 [Thread-106] DEBUG org.apache.ibatis.transaction.jdbc.JdbcTransaction  - Closing JDBC Connection [conn63: url=jdbc:h2:mem:activiti-AsyncExecutorTest user=SA]
10:47:57,608 [Thread-106] DEBUG org.apache.ibatis.datasource.pooled.PooledDataSource  - Returned connection 1970103261 to pool.
10:47:57,608 [Thread-106] DEBUG org.activiti.engine.impl.interceptor.LogInterceptor  - --- AcquireAsyncJobsDueCmd finished --------------------------------------------------------
10:47:57,608 [Thread-106] DEBUG org.activiti.engine.impl.interceptor.LogInterceptor  - 

10:47:57,608 [Thread-106] DEBUG org.activiti.engine.impl.asyncexecutor.AcquireAsyncJobsDueRunnable  - async job acquisition thread sleeping for 50 millis
10:47:57,607 [Thread-105] DEBUG org.activiti.engine.impl.db.DbSqlSession  - flush summary: 0 insert, 0 update, 0 delete.
10:47:57,608 [Thread-105] DEBUG org.activiti.engine.impl.db.DbSqlSession  - now executing flush...
10:47:57,608 [Thread-105] DEBUG org.activiti.engine.impl.cfg.standalone.StandaloneMybatisTransactionContext  - firing event committing...
10:47:57,608 [Thread-105] DEBUG org.activiti.engine.impl.cfg.standalone.StandaloneMybatisTransactionContext  - committing the ibatis sql session...
10:47:57,608 [Thread-105] DEBUG org.activiti.engine.impl.cfg.standalone.StandaloneMybatisTransactionContext  - firing event committed...
10:47:57,608 [Thread-105] DEBUG org.apache.ibatis.transaction.jdbc.JdbcTransaction  - Resetting autocommit to true on JDBC Connection [conn65: url=jdbc:h2:mem:activiti-AsyncExecutorTest user=SA]
10:47:57,608 [Thread-105] DEBUG org.apache.ibatis.transaction.jdbc.JdbcTransaction  - Closing JDBC Connection [conn65: url=jdbc:h2:mem:activiti-AsyncExecutorTest user=SA]
10:47:57,608 [Thread-105] DEBUG org.apache.ibatis.datasource.pooled.PooledDataSource  - Returned connection 996762054 to pool.
10:47:57,608 [Thread-105] DEBUG org.activiti.engine.impl.interceptor.LogInterceptor  - --- AcquireTimerJobsCmd finished --------------------------------------------------------
10:47:57,608 [Thread-105] DEBUG org.activiti.engine.impl.interceptor.LogInterceptor  - 

10:47:57,608 [Thread-105] DEBUG org.activiti.engine.impl.asyncexecutor.AcquireTimerJobsRunnable  - timer job acquisition thread sleeping for 50 millis
10:47:57,653 [Thread-112] DEBUG org.activiti.engine.impl.asyncexecutor.AcquireAsyncJobsDueRunnable  - async job acquisition thread woke up
10:47:57,653 [Thread-112] DEBUG org.activiti.engine.impl.interceptor.LogInterceptor  - 

10:47:57,653 [Thread-112] DEBUG org.activiti.engine.impl.interceptor.LogInterceptor  - --- starting AcquireAsyncJobsDueCmd --------------------------------------------------------
10:47:57,653 [Thread-112] DEBUG org.apache.ibatis.transaction.jdbc.JdbcTransaction  - Opening JDBC Connection
10:47:57,653 [Thread-112] DEBUG org.apache.ibatis.datasource.pooled.PooledDataSource  - Checked out connection 1863805930 from pool.
10:47:57,653 [Thread-112] DEBUG org.apache.ibatis.transaction.jdbc.JdbcTransaction  - Setting autocommit to false on JDBC Connection [conn69: url=jdbc:h2:mem:activiti-AsyncExecutorTest user=SA]
10:47:57,653 [Thread-112] DEBUG org.activiti.engine.impl.persistence.entity.JobEntity.selectAsyncJobsDueToExecute  - ==&gt;  Preparing: select RES.* from ACT_RU_JOB RES LEFT OUTER JOIN ACT_RU_EXECUTION PI ON PI.ID_ = RES.PROCESS_INSTANCE_ID_ where RES.RETRIES_ &gt; 0 and RES.DUEDATE_ is not null and RES.DUEDATE_ &lt;= ? and (RES.LOCK_EXP_TIME_ is null or RES.LOCK_EXP_TIME_ &lt;= ?) and TYPE_ = &apos;message&apos; and ( (RES.EXECUTION_ID_ is null) or (PI.SUSPENSION_STATE_ = 1) ) LIMIT ? OFFSET ? 
10:47:57,653 [Thread-112] DEBUG org.activiti.engine.impl.persistence.entity.JobEntity.selectAsyncJobsDueToExecute  - ==&gt; Parameters: 2023-03-20 10:48:50.669(Timestamp), 2023-03-20 10:48:50.669(Timestamp), 1(Integer), 0(Integer)
10:47:57,653 [Thread-112] DEBUG org.activiti.engine.impl.persistence.entity.JobEntity.selectAsyncJobsDueToExecute  - &lt;==      Total: 0
10:47:57,653 [Thread-112] DEBUG org.activiti.engine.impl.db.DbSqlSession  - flush summary: 0 insert, 0 update, 0 delete.
10:47:57,653 [Thread-112] DEBUG org.activiti.engine.impl.db.DbSqlSession  - now executing flush...
10:47:57,653 [Thread-112] DEBUG org.activiti.engine.impl.cfg.standalone.StandaloneMybatisTransactionContext  - firing event committing...
10:47:57,653 [Thread-112] DEBUG org.activiti.engine.impl.cfg.standalone.StandaloneMybatisTransactionContext  - committing the ibatis sql session...
10:47:57,653 [Thread-112] DEBUG org.activiti.engine.impl.cfg.standalone.StandaloneMybatisTransactionContext  - firing event committed...
10:47:57,653 [Thread-112] DEBUG org.apache.ibatis.transaction.jdbc.JdbcTransaction  - Resetting autocommit to true on JDBC Connection [conn69: url=jdbc:h2:mem:activiti-AsyncExecutorTest user=SA]
10:47:57,653 [Thread-112] DEBUG org.apache.ibatis.transaction.jdbc.JdbcTransaction  - Closing JDBC Connection [conn69: url=jdbc:h2:mem:activiti-AsyncExecutorTest user=SA]
10:47:57,653 [Thread-112] DEBUG org.apache.ibatis.datasource.pooled.PooledDataSource  - Returned connection 1863805930 to pool.
10:47:57,653 [Thread-112] DEBUG org.activiti.engine.impl.interceptor.LogInterceptor  - --- AcquireAsyncJobsDueCmd finished --------------------------------------------------------
10:47:57,653 [Thread-112] DEBUG org.activiti.engine.impl.interceptor.LogInterceptor  - 

10:47:57,653 [Thread-112] DEBUG org.activiti.engine.impl.asyncexecutor.AcquireAsyncJobsDueRunnable  - async job acquisition thread sleeping for 50 millis
10:47:57,668 [Thread-105] DEBUG org.activiti.engine.impl.asyncexecutor.AcquireTimerJobsRunnable  - timer job acquisition thread woke up
10:47:57,668 [main] DEBUG org.activiti.engine.impl.interceptor.LogInterceptor  - 

10:47:57,668 [Thread-105] DEBUG org.activiti.engine.impl.interceptor.LogInterceptor  - 

10:47:57,668 [Thread-105] DEBUG org.activiti.engine.impl.interceptor.LogInterceptor  - --- starting AcquireTimerJobsCmd --------------------------------------------------------
10:47:57,668 [Thread-106] DEBUG org.activiti.engine.impl.asyncexecutor.AcquireAsyncJobsDueRunnable  - async job acquisition thread woke up
10:47:57,668 [Thread-106] DEBUG org.activiti.engine.impl.interceptor.LogInterceptor  - 

10:47:57,668 [Thread-106] DEBUG org.activiti.engine.impl.interceptor.LogInterceptor  - --- starting AcquireAsyncJobsDueCmd --------------------------------------------------------
10:47:57,668 [Thread-106] DEBUG org.apache.ibatis.transaction.jdbc.JdbcTransaction  - Opening JDBC Connection
10:47:57,668 [Thread-106] DEBUG org.apache.ibatis.datasource.pooled.PooledDataSource  - Checked out connection 54468349 from pool.
10:47:57,668 [Thread-106] DEBUG org.apache.ibatis.transaction.jdbc.JdbcTransaction  - Setting autocommit to false on JDBC Connection [conn64: url=jdbc:h2:mem:activiti-AsyncExecutorTest user=SA]
10:47:57,668 [Thread-106] DEBUG org.activiti.engine.impl.persistence.entity.JobEntity.selectAsyncJobsDueToExecute  - ==&gt;  Preparing: select RES.* from ACT_RU_JOB RES LEFT OUTER JOIN ACT_RU_EXECUTION PI ON PI.ID_ = RES.PROCESS_INSTANCE_ID_ where RES.RETRIES_ &gt; 0 and RES.DUEDATE_ is not null and RES.DUEDATE_ &lt;= ? and (RES.LOCK_EXP_TIME_ is null or RES.LOCK_EXP_TIME_ &lt;= ?) and TYPE_ = &apos;message&apos; and ( (RES.EXECUTION_ID_ is null) or (PI.SUSPENSION_STATE_ = 1) ) LIMIT ? OFFSET ? 
10:47:57,668 [Thread-106] DEBUG org.activiti.engine.impl.persistence.entity.JobEntity.selectAsyncJobsDueToExecute  - ==&gt; Parameters: 2023-03-20 10:48:50.669(Timestamp), 2023-03-20 10:48:50.669(Timestamp), 1(Integer), 0(Integer)
10:47:57,668 [Thread-103] DEBUG org.activiti.engine.impl.asyncexecutor.AcquireAsyncJobsDueRunnable  - async job acquisition thread woke up
10:47:57,669 [Thread-103] DEBUG org.activiti.engine.impl.interceptor.LogInterceptor  - 

10:47:57,669 [Thread-103] DEBUG org.activiti.engine.impl.interceptor.LogInterceptor  - --- starting AcquireAsyncJobsDueCmd --------------------------------------------------------
10:47:57,668 [Thread-111] DEBUG org.activiti.engine.impl.asyncexecutor.AcquireTimerJobsRunnable  - timer job acquisition thread woke up
10:47:57,669 [Thread-111] DEBUG org.activiti.engine.impl.interceptor.LogInterceptor  - 

10:47:57,669 [Thread-111] DEBUG org.activiti.engine.impl.interceptor.LogInterceptor  - --- starting AcquireTimerJobsCmd --------------------------------------------------------
10:47:57,668 [Thread-102] DEBUG org.activiti.engine.impl.asyncexecutor.AcquireTimerJobsRunnable  - timer job acquisition thread woke up
10:47:57,669 [Thread-102] DEBUG org.activiti.engine.impl.interceptor.LogInterceptor  - 

10:47:57,669 [Thread-102] DEBUG org.activiti.engine.impl.interceptor.LogInterceptor  - --- starting AcquireTimerJobsCmd --------------------------------------------------------
10:47:57,669 [Thread-102] DEBUG org.apache.ibatis.transaction.jdbc.JdbcTransaction  - Opening JDBC Connection
10:47:57,669 [Thread-102] DEBUG org.apache.ibatis.datasource.pooled.PooledDataSource  - Checked out connection 157985567 from pool.
10:47:57,669 [Thread-102] DEBUG org.apache.ibatis.transaction.jdbc.JdbcTransaction  - Setting autocommit to false on JDBC Connection [conn61: url=jdbc:h2:mem:activiti-AsyncExecutorTest user=SA]
10:47:57,669 [Thread-102] DEBUG org.activiti.engine.impl.persistence.entity.JobEntity.selectNextTimerJobsToExecute  - ==&gt;  Preparing: select RES.* from ACT_RU_JOB RES LEFT OUTER JOIN ACT_RU_EXECUTION PI ON PI.ID_ = RES.PROCESS_INSTANCE_ID_ where (RES.RETRIES_ &gt; 0) and (RES.DUEDATE_ is null or RES.DUEDATE_ &lt;= ?) and (RES.LOCK_OWNER_ is null or RES.LOCK_EXP_TIME_ &lt;= ?) and TYPE_ = &apos;timer&apos; and ( (RES.EXECUTION_ID_ is null) or (PI.SUSPENSION_STATE_ = 1) ) LIMIT ? OFFSET ? 
10:47:57,669 [Thread-111] DEBUG org.apache.ibatis.transaction.jdbc.JdbcTransaction  - Opening JDBC Connection
10:47:57,669 [Thread-111] DEBUG org.apache.ibatis.datasource.pooled.PooledDataSource  - Checked out connection 604408605 from pool.
10:47:57,669 [Thread-103] DEBUG org.apache.ibatis.transaction.jdbc.JdbcTransaction  - Opening JDBC Connection
10:47:57,669 [Thread-103] DEBUG org.apache.ibatis.datasource.pooled.PooledDataSource  - Checked out connection 33534803 from pool.
10:47:57,669 [Thread-103] DEBUG org.apache.ibatis.transaction.jdbc.JdbcTransaction  - Setting autocommit to false on JDBC Connection [conn60: url=jdbc:h2:mem:activiti-AsyncExecutorTest user=SA]
10:47:57,669 [Thread-103] DEBUG org.activiti.engine.impl.persistence.entity.JobEntity.selectAsyncJobsDueToExecute  - ==&gt;  Preparing: select RES.* from ACT_RU_JOB RES LEFT OUTER JOIN ACT_RU_EXECUTION PI ON PI.ID_ = RES.PROCESS_INSTANCE_ID_ where RES.RETRIES_ &gt; 0 and RES.DUEDATE_ is not null and RES.DUEDATE_ &lt;= ? and (RES.LOCK_EXP_TIME_ is null or RES.LOCK_EXP_TIME_ &lt;= ?) and TYPE_ = &apos;message&apos; and ( (RES.EXECUTION_ID_ is null) or (PI.SUSPENSION_STATE_ = 1) ) LIMIT ? OFFSET ? 
10:47:57,669 [Thread-103] DEBUG org.activiti.engine.impl.persistence.entity.JobEntity.selectAsyncJobsDueToExecute  - ==&gt; Parameters: 2023-03-20 10:48:50.669(Timestamp), 2023-03-20 10:48:50.669(Timestamp), 1(Integer), 0(Integer)
10:47:57,669 [Thread-103] DEBUG org.activiti.engine.impl.persistence.entity.JobEntity.selectAsyncJobsDueToExecute  - &lt;==      Total: 0
10:47:57,669 [Thread-103] DEBUG org.activiti.engine.impl.db.DbSqlSession  - flush summary: 0 insert, 0 update, 0 delete.
10:47:57,669 [Thread-103] DEBUG org.activiti.engine.impl.db.DbSqlSession  - now executing flush...
10:47:57,669 [Thread-103] DEBUG org.activiti.engine.impl.cfg.standalone.StandaloneMybatisTransactionContext  - firing event committing...
10:47:57,669 [Thread-103] DEBUG org.activiti.engine.impl.cfg.standalone.StandaloneMybatisTransactionContext  - committing the ibatis sql session...
10:47:57,669 [Thread-103] DEBUG org.activiti.engine.impl.cfg.standalone.StandaloneMybatisTransactionContext  - firing event committed...
10:47:57,669 [Thread-103] DEBUG org.apache.ibatis.transaction.jdbc.JdbcTransaction  - Resetting autocommit to true on JDBC Connection [conn60: url=jdbc:h2:mem:activiti-AsyncExecutorTest user=SA]
10:47:57,669 [Thread-103] DEBUG org.apache.ibatis.transaction.jdbc.JdbcTransaction  - Closing JDBC Connection [conn60: url=jdbc:h2:mem:activiti-AsyncExecutorTest user=SA]
10:47:57,669 [Thread-103] DEBUG org.apache.ibatis.datasource.pooled.PooledDataSource  - Returned connection 33534803 to pool.
10:47:57,669 [Thread-103] DEBUG org.activiti.engine.impl.interceptor.LogInterceptor  - --- AcquireAsyncJobsDueCmd finished --------------------------------------------------------
10:47:57,669 [Thread-103] DEBUG org.activiti.engine.impl.interceptor.LogInterceptor  - 

10:47:57,669 [Thread-103] DEBUG org.activiti.engine.impl.asyncexecutor.AcquireAsyncJobsDueRunnable  - async job acquisition thread sleeping for 50 millis
10:47:57,668 [Thread-106] DEBUG org.activiti.engine.impl.persistence.entity.JobEntity.selectAsyncJobsDueToExecute  - &lt;==      Total: 0
10:47:57,670 [Thread-106] DEBUG org.activiti.engine.impl.db.DbSqlSession  - flush summary: 0 insert, 0 update, 0 delete.
10:47:57,670 [Thread-106] DEBUG org.activiti.engine.impl.db.DbSqlSession  - now executing flush...
10:47:57,668 [Thread-105] DEBUG org.apache.ibatis.transaction.jdbc.JdbcTransaction  - Opening JDBC Connection
10:47:57,670 [Thread-105] DEBUG org.apache.ibatis.datasource.pooled.PooledDataSource  - Checked out connection 1970103261 from pool.
10:47:57,670 [Thread-105] DEBUG org.apache.ibatis.transaction.jdbc.JdbcTransaction  - Setting autocommit to false on JDBC Connection [conn63: url=jdbc:h2:mem:activiti-AsyncExecutorTest user=SA]
10:47:57,670 [Thread-105] DEBUG org.activiti.engine.impl.persistence.entity.JobEntity.selectNextTimerJobsToExecute  - ==&gt;  Preparing: select RES.* from ACT_RU_JOB RES LEFT OUTER JOIN ACT_RU_EXECUTION PI ON PI.ID_ = RES.PROCESS_INSTANCE_ID_ where (RES.RETRIES_ &gt; 0) and (RES.DUEDATE_ is null or RES.DUEDATE_ &lt;= ?) and (RES.LOCK_OWNER_ is null or RES.LOCK_EXP_TIME_ &lt;= ?) and TYPE_ = &apos;timer&apos; and ( (RES.EXECUTION_ID_ is null) or (PI.SUSPENSION_STATE_ = 1) ) LIMIT ? OFFSET ? 
10:47:57,670 [Thread-105] DEBUG org.activiti.engine.impl.persistence.entity.JobEntity.selectNextTimerJobsToExecute  - ==&gt; Parameters: 2023-03-20 10:48:50.669(Timestamp), 2023-03-20 10:48:50.669(Timestamp), 1(Integer), 0(Integer)
10:47:57,670 [Thread-105] DEBUG org.activiti.engine.impl.persistence.entity.JobEntity.selectNextTimerJobsToExecute  - &lt;==      Total: 0
10:47:57,670 [Thread-105] DEBUG org.activiti.engine.impl.db.DbSqlSession  - flush summary: 0 insert, 0 update, 0 delete.
10:47:57,670 [Thread-105] DEBUG org.activiti.engine.impl.db.DbSqlSession  - now executing flush...
10:47:57,670 [Thread-105] DEBUG org.activiti.engine.impl.cfg.standalone.StandaloneMybatisTransactionContext  - firing event committing...
10:47:57,670 [Thread-105] DEBUG org.activiti.engine.impl.cfg.standalone.StandaloneMybatisTransactionContext  - committing the ibatis sql session...
10:47:57,670 [Thread-105] DEBUG org.activiti.engine.impl.cfg.standalone.StandaloneMybatisTransactionContext  - firing event committed...
10:47:57,668 [main] DEBUG org.activiti.engine.impl.interceptor.LogInterceptor  - --- starting JobQueryImpl --------------------------------------------------------
10:47:57,670 [Thread-105] DEBUG org.apache.ibatis.transaction.jdbc.JdbcTransaction  - Resetting autocommit to true on JDBC Connection [conn63: url=jdbc:h2:mem:activiti-AsyncExecutorTest user=SA]
10:47:57,670 [Thread-105] DEBUG org.apache.ibatis.transaction.jdbc.JdbcTransaction  - Closing JDBC Connection [conn63: url=jdbc:h2:mem:activiti-AsyncExecutorTest user=SA]
10:47:57,670 [Thread-105] DEBUG org.apache.ibatis.datasource.pooled.PooledDataSource  - Returned connection 1970103261 to pool.
10:47:57,670 [Thread-105] DEBUG org.activiti.engine.impl.interceptor.LogInterceptor  - --- AcquireTimerJobsCmd finished --------------------------------------------------------
10:47:57,670 [Thread-105] DEBUG org.activiti.engine.impl.interceptor.LogInterceptor  - 

10:47:57,670 [Thread-105] DEBUG org.activiti.engine.impl.asyncexecutor.AcquireTimerJobsRunnable  - timer job acquisition thread sleeping for 50 millis
10:47:57,670 [Thread-106] DEBUG org.activiti.engine.impl.cfg.standalone.StandaloneMybatisTransactionContext  - firing event committing...
10:47:57,670 [Thread-106] DEBUG org.activiti.engine.impl.cfg.standalone.StandaloneMybatisTransactionContext  - committing the ibatis sql session...
10:47:57,670 [Thread-106] DEBUG org.activiti.engine.impl.cfg.standalone.StandaloneMybatisTransactionContext  - firing event committed...
10:47:57,670 [Thread-106] DEBUG org.apache.ibatis.transaction.jdbc.JdbcTransaction  - Resetting autocommit to true on JDBC Connection [conn64: url=jdbc:h2:mem:activiti-AsyncExecutorTest user=SA]
10:47:57,670 [Thread-106] DEBUG org.apache.ibatis.transaction.jdbc.JdbcTransaction  - Closing JDBC Connection [conn64: url=jdbc:h2:mem:activiti-AsyncExecutorTest user=SA]
10:47:57,670 [Thread-106] DEBUG org.apache.ibatis.datasource.pooled.PooledDataSource  - Returned connection 54468349 to pool.
10:47:57,670 [Thread-106] DEBUG org.activiti.engine.impl.interceptor.LogInterceptor  - --- AcquireAsyncJobsDueCmd finished --------------------------------------------------------
10:47:57,670 [Thread-106] DEBUG org.activiti.engine.impl.interceptor.LogInterceptor  - 

10:47:57,670 [Thread-106] DEBUG org.activiti.engine.impl.asyncexecutor.AcquireAsyncJobsDueRunnable  - async job acquisition thread sleeping for 50 millis
10:47:57,669 [Thread-111] DEBUG org.apache.ibatis.transaction.jdbc.JdbcTransaction  - Setting autocommit to false on JDBC Connection [conn70: url=jdbc:h2:mem:activiti-AsyncExecutorTest user=SA]
10:47:57,670 [Thread-111] DEBUG org.activiti.engine.impl.persistence.entity.JobEntity.selectNextTimerJobsToExecute  - ==&gt;  Preparing: select RES.* from ACT_RU_JOB RES LEFT OUTER JOIN ACT_RU_EXECUTION PI ON PI.ID_ = RES.PROCESS_INSTANCE_ID_ where (RES.RETRIES_ &gt; 0) and (RES.DUEDATE_ is null or RES.DUEDATE_ &lt;= ?) and (RES.LOCK_OWNER_ is null or RES.LOCK_EXP_TIME_ &lt;= ?) and TYPE_ = &apos;timer&apos; and ( (RES.EXECUTION_ID_ is null) or (PI.SUSPENSION_STATE_ = 1) ) LIMIT ? OFFSET ? 
10:47:57,669 [Thread-102] DEBUG org.activiti.engine.impl.persistence.entity.JobEntity.selectNextTimerJobsToExecute  - ==&gt; Parameters: 2023-03-20 10:48:50.669(Timestamp), 2023-03-20 10:48:50.669(Timestamp), 1(Integer), 0(Integer)
10:47:57,671 [Thread-102] DEBUG org.activiti.engine.impl.persistence.entity.JobEntity.selectNextTimerJobsToExecute  - &lt;==      Total: 0
10:47:57,671 [Thread-102] DEBUG org.activiti.engine.impl.db.DbSqlSession  - flush summary: 0 insert, 0 update, 0 delete.
10:47:57,671 [Thread-102] DEBUG org.activiti.engine.impl.db.DbSqlSession  - now executing flush...
10:47:57,671 [Thread-102] DEBUG org.activiti.engine.impl.cfg.standalone.StandaloneMybatisTransactionContext  - firing event committing...
10:47:57,671 [Thread-102] DEBUG org.activiti.engine.impl.cfg.standalone.StandaloneMybatisTransactionContext  - committing the ibatis sql session...
10:47:57,671 [Thread-102] DEBUG org.activiti.engine.impl.cfg.standalone.StandaloneMybatisTransactionContext  - firing event committed...
10:47:57,671 [Thread-102] DEBUG org.apache.ibatis.transaction.jdbc.JdbcTransaction  - Resetting autocommit to true on JDBC Connection [conn61: url=jdbc:h2:mem:activiti-AsyncExecutorTest user=SA]
10:47:57,671 [Thread-102] DEBUG org.apache.ibatis.transaction.jdbc.JdbcTransaction  - Closing JDBC Connection [conn61: url=jdbc:h2:mem:activiti-AsyncExecutorTest user=SA]
10:47:57,671 [Thread-102] DEBUG org.apache.ibatis.datasource.pooled.PooledDataSource  - Returned connection 157985567 to pool.
10:47:57,671 [Thread-111] DEBUG org.activiti.engine.impl.persistence.entity.JobEntity.selectNextTimerJobsToExecute  - ==&gt; Parameters: 2023-03-20 10:48:50.669(Timestamp), 2023-03-20 10:48:50.669(Timestamp), 1(Integer), 0(Integer)
10:47:57,671 [Thread-111] DEBUG org.activiti.engine.impl.persistence.entity.JobEntity.selectNextTimerJobsToExecute  - &lt;==      Total: 0
10:47:57,671 [Thread-111] DEBUG org.activiti.engine.impl.db.DbSqlSession  - flush summary: 0 insert, 0 update, 0 delete.
10:47:57,671 [Thread-111] DEBUG org.activiti.engine.impl.db.DbSqlSession  - now executing flush...
10:47:57,671 [Thread-111] DEBUG org.activiti.engine.impl.cfg.standalone.StandaloneMybatisTransactionContext  - firing event committing...
10:47:57,671 [Thread-111] DEBUG org.activiti.engine.impl.cfg.standalone.StandaloneMybatisTransactionContext  - committing the ibatis sql session...
10:47:57,671 [Thread-111] DEBUG org.activiti.engine.impl.cfg.standalone.StandaloneMybatisTransactionContext  - firing event committed...
10:47:57,671 [Thread-111] DEBUG org.apache.ibatis.transaction.jdbc.JdbcTransaction  - Resetting autocommit to true on JDBC Connection [conn70: url=jdbc:h2:mem:activiti-AsyncExecutorTest user=SA]
10:47:57,671 [Thread-111] DEBUG org.apache.ibatis.transaction.jdbc.JdbcTransaction  - Closing JDBC Connection [conn70: url=jdbc:h2:mem:activiti-AsyncExecutorTest user=SA]
10:47:57,670 [main] DEBUG org.apache.ibatis.transaction.jdbc.JdbcTransaction  - Opening JDBC Connection
10:47:57,671 [main] DEBUG org.apache.ibatis.datasource.pooled.PooledDataSource  - Checked out connection 297240765 from pool.
10:47:57,671 [main] DEBUG org.apache.ibatis.transaction.jdbc.JdbcTransaction  - Setting autocommit to false on JDBC Connection [conn4: url=jdbc:h2:mem:activiti user=SA]
10:47:57,671 [main] DEBUG org.activiti.engine.impl.persistence.entity.JobEntity.selectJobByQueryCriteria  - ==&gt;  Preparing: select RES.* from ACT_RU_JOB RES order by order by RES.ID_ asc LIMIT ? OFFSET ? 
10:47:57,671 [Thread-111] DEBUG org.apache.ibatis.datasource.pooled.PooledDataSource  - Returned connection 604408605 to pool.
10:47:57,671 [main] DEBUG org.activiti.engine.impl.interceptor.CommandContext  - Error while closing command context
org.apache.ibatis.exceptions.PersistenceException: 
### Error querying database.  Cause: org.h2.jdbc.JdbcSQLException: Syntax error in SQL statement &quot;SELECT RES.* 
     
    FROM ACT_RU_JOB RES
     
      
   
     ORDER BY  ORDER[*] BY RES.ID_ ASC  
    LIMIT ? OFFSET ? &quot;; expected &quot;=, NOT, EXISTS, INTERSECTS, SELECT, FROM&quot;; SQL statement:
select RES.* 
     
    from ACT_RU_JOB RES
     
      
   
     order by  order by RES.ID_ asc  
    LIMIT ? OFFSET ? [42001-176]
### The error may exist in org/activiti/db/mapping/entity/Job.xml
### The error may involve org.activiti.engine.impl.persistence.entity.JobEntity.selectJobByQueryCriteria
### The error occurred while executing a query
### SQL: select RES.*            from ACT_RU_JOB RES                       order by  order by RES.ID_ asc       LIMIT ? OFFSET ?
### Cause: org.h2.jdbc.JdbcSQLException: Syntax error in SQL statement &quot;SELECT RES.* 
     
    FROM ACT_RU_JOB RES
     
      
   
     ORDER BY  ORDER[*] BY RES.ID_ ASC  
    LIMIT ? OFFSET ? &quot;; expected &quot;=, NOT, EXISTS, INTERSECTS, SELECT, FROM&quot;; SQL statement:
select RES.* 
     
    from ACT_RU_JOB RES
     
      
   
     order by  order by RES.ID_ asc  
    LIMIT ? OFFSET ? [42001-176]
	at org.apache.ibatis.exceptions.ExceptionFactory.wrapException(ExceptionFactory.java:30)
	at org.apache.ibatis.session.defaults.DefaultSqlSession.selectList(DefaultSqlSession.java:122)
	at org.apache.ibatis.session.defaults.DefaultSqlSession.selectList(DefaultSqlSession.java:113)
	at org.activiti.engine.impl.db.DbSqlSession.selectListWithRawParameter(DbSqlSession.java:438)
	at org.activiti.engine.impl.db.DbSqlSession.selectList(DbSqlSession.java:429)
	at org.activiti.engine.impl.db.DbSqlSession.selectList(DbSqlSession.java:419)
	at org.activiti.engine.impl.persistence.entity.JobEntityManager.findJobsByQueryCriteria(JobEntityManager.java:198)
	at org.activiti.engine.impl.JobQueryImpl.executeList(JobQueryImpl.java:243)
	at org.activiti.engine.impl.AbstractQuery.execute(AbstractQuery.java:164)
	at org.activiti.engine.impl.interceptor.CommandInvoker.execute(CommandInvoker.java:24)
	at org.activiti.engine.impl.interceptor.CommandContextInterceptor.execute(CommandContextInterceptor.java:57)
	at org.activiti.engine.impl.interceptor.LogInterceptor.execute(LogInterceptor.java:37)
	at org.activiti.engine.impl.cfg.CommandExecutorImpl.execute(CommandExecutorImpl.java:40)
	at org.activiti.engine.impl.cfg.CommandExecutorImpl.execute(CommandExecutorImpl.java:35)
	at org.activiti.engine.impl.AbstractQuery.list(AbstractQuery.java:138)
	at org.activiti.engine.impl.test.JobTestHelper.areJobsAvailable(JobTestHelper.java:194)
	at org.activiti.engine.impl.test.JobTestHelper.waitForJobExecutorToProcessAllJobs(JobTestHelper.java:74)
	at org.activiti.engine.impl.test.JobTestHelper.waitForJobExecutorToProcessAllJobs(JobTestHelper.java:47)
	at org.activiti.engine.impl.test.AbstractActivitiTestCase.waitForJobExecutorToProcessAllJobs(AbstractActivitiTestCase.java:204)
	at org.activiti.engine.test.jobexecutor.JobExecutorTest.testBasicJobExecutorOperation(JobExecutorTest.java:53)
	at sun.reflect.NativeMethodAccessorImpl.invoke0(Native Method)
	at sun.reflect.NativeMethodAccessorImpl.invoke(NativeMethodAccessorImpl.java:62)
	at sun.reflect.DelegatingMethodAccessorImpl.invoke(DelegatingMethodAccessorImpl.java:43)
	at java.lang.reflect.Method.invoke(Method.java:498)
	at junit.framework.TestCase.runTest(TestCase.java:176)
	at org.activiti.engine.impl.test.PvmTestCase.runTest(PvmTestCase.java:65)
	at junit.framework.TestCase.runBare(TestCase.java:141)
	at org.activiti.engine.impl.test.AbstractActivitiTestCase.runBare(AbstractActivitiTestCase.java:100)
	at junit.framework.TestResult$1.protect(TestResult.java:122)
	at junit.framework.TestResult.runProtected(TestResult.java:142)
	at junit.framework.TestResult.run(TestResult.java:125)
	at junit.framework.TestCase.run(TestCase.java:129)
	at junit.framework.TestSuite.runTest(TestSuite.java:255)
	at junit.framework.TestSuite.run(TestSuite.java:250)
	at org.junit.internal.runners.JUnit38ClassRunner.run(JUnit38ClassRunner.java:84)
	at org.apache.maven.surefire.junit4.JUnit4TestSet.execute(JUnit4TestSet.java:35)
	at org.apache.maven.surefire.junit4.JUnit4Provider.executeTestSet(JUnit4Provider.java:146)
	at org.apache.maven.surefire.junit4.JUnit4Provider.invoke(JUnit4Provider.java:97)
	at sun.reflect.NativeMethodAccessorImpl.invoke0(Native Method)
	at sun.reflect.NativeMethodAccessorImpl.invoke(NativeMethodAccessorImpl.java:62)
	at sun.reflect.DelegatingMethodAccessorImpl.invoke(DelegatingMethodAccessorImpl.java:43)
	at java.lang.reflect.Method.invoke(Method.java:498)
	at org.apache.maven.surefire.booter.ProviderFactory$ClassLoaderProxy.invoke(ProviderFactory.java:103)
	at com.sun.proxy.$Proxy0.invoke(Unknown Source)
	at org.apache.maven.surefire.booter.SurefireStarter.invokeProvider(SurefireStarter.java:145)
	at org.apache.maven.surefire.booter.SurefireStarter.runSuitesInProcess(SurefireStarter.java:87)
	at org.apache.maven.surefire.booter.ForkedBooter.main(ForkedBooter.java:69)
Caused by: org.h2.jdbc.JdbcSQLException: Syntax error in SQL statement &quot;SELECT RES.* 
     
    FROM ACT_RU_JOB RES
     
      
   
     ORDER BY  ORDER[*] BY RES.ID_ ASC  
    LIMIT ? OFFSET ? &quot;; expected &quot;=, NOT, EXISTS, INTERSECTS, SELECT, FROM&quot;; SQL statement:
select RES.* 
     
    from ACT_RU_JOB RES
     
      
   
     order by  order by RES.ID_ asc  
    LIMIT ? OFFSET ? [42001-176]
	at org.h2.message.DbException.getJdbcSQLException(DbException.java:344)
	at org.h2.message.DbException.getSyntaxError(DbException.java:204)
	at org.h2.command.Parser.getSyntaxError(Parser.java:524)
	at org.h2.command.Parser.readTerm(Parser.java:2688)
	at org.h2.command.Parser.readFactor(Parser.java:2244)
	at org.h2.command.Parser.readSum(Parser.java:2231)
	at org.h2.command.Parser.readConcat(Parser.java:2201)
	at org.h2.command.Parser.readCondition(Parser.java:2051)
	at org.h2.command.Parser.readAnd(Parser.java:2023)
	at org.h2.command.Parser.readExpression(Parser.java:2015)
	at org.h2.command.Parser.parseEndOfQuery(Parser.java:1726)
	at org.h2.command.Parser.parseSelectUnionExtension(Parser.java:1706)
	at org.h2.command.Parser.parseSelectUnion(Parser.java:1675)
	at org.h2.command.Parser.parseSelect(Parser.java:1662)
	at org.h2.command.Parser.parsePrepared(Parser.java:434)
	at org.h2.command.Parser.parse(Parser.java:306)
	at org.h2.command.Parser.parse(Parser.java:282)
	at org.h2.command.Parser.prepareCommand(Parser.java:243)
	at org.h2.engine.Session.prepareLocal(Session.java:442)
	at org.h2.engine.Session.prepareCommand(Session.java:384)
	at org.h2.jdbc.JdbcConnection.prepareCommand(JdbcConnection.java:1188)
	at org.h2.jdbc.JdbcPreparedStatement.&lt;init&gt;(JdbcPreparedStatement.java:73)
	at org.h2.jdbc.JdbcConnection.prepareStatement(JdbcConnection.java:276)
	at sun.reflect.GeneratedMethodAccessor6.invoke(Unknown Source)
	at sun.reflect.DelegatingMethodAccessorImpl.invoke(DelegatingMethodAccessorImpl.java:43)
	at java.lang.reflect.Method.invoke(Method.java:498)
	at org.apache.ibatis.datasource.pooled.PooledConnection.invoke(PooledConnection.java:245)
	at com.sun.proxy.$Proxy12.prepareStatement(Unknown Source)
	at sun.reflect.GeneratedMethodAccessor6.invoke(Unknown Source)
	at sun.reflect.DelegatingMethodAccessorImpl.invoke(DelegatingMethodAccessorImpl.java:43)
	at java.lang.reflect.Method.invoke(Method.java:498)
	at org.apache.ibatis.logging.jdbc.ConnectionLogger.invoke(ConnectionLogger.java:55)
	at com.sun.proxy.$Proxy12.prepareStatement(Unknown Source)
	at org.apache.ibatis.executor.statement.PreparedStatementHandler.instantiateStatement(PreparedStatementHandler.java:79)
	at org.apache.ibatis.executor.statement.BaseStatementHandler.prepare(BaseStatementHandler.java:88)
	at org.apache.ibatis.executor.statement.RoutingStatementHandler.prepare(RoutingStatementHandler.java:58)
	at org.apache.ibatis.executor.SimpleExecutor.prepareStatement(SimpleExecutor.java:76)
	at org.apache.ibatis.executor.SimpleExecutor.doQuery(SimpleExecutor.java:61)
	at org.apache.ibatis.executor.BaseExecutor.queryFromDatabase(BaseExecutor.java:303)
	at org.apache.ibatis.executor.BaseExecutor.query(BaseExecutor.java:154)
	at org.apache.ibatis.executor.CachingExecutor.query(CachingExecutor.java:102)
	at org.apache.ibatis.executor.CachingExecutor.query(CachingExecutor.java:82)
	at org.apache.ibatis.session.defaults.DefaultSqlSession.selectList(DefaultSqlSession.java:120)
	... 45 more
10:47:57,671 [main] DEBUG org.activiti.engine.impl.cfg.standalone.StandaloneMybatisTransactionContext  - firing event rolling back...
10:47:57,671 [Thread-102] DEBUG org.activiti.engine.impl.interceptor.LogInterceptor  - --- AcquireTimerJobsCmd finished --------------------------------------------------------
10:47:57,672 [Thread-102] DEBUG org.activiti.engine.impl.interceptor.LogInterceptor  - 

10:47:57,672 [Thread-102] DEBUG org.activiti.engine.impl.asyncexecutor.AcquireTimerJobsRunnable  - timer job acquisition thread sleeping for 50 millis
10:47:57,672 [main] DEBUG org.activiti.engine.impl.cfg.standalone.StandaloneMybatisTransactionContext  - rolling back ibatis sql session...
10:47:57,672 [main] DEBUG org.activiti.engine.impl.cfg.standalone.StandaloneMybatisTransactionContext  - firing event rolled back...
10:47:57,672 [main] DEBUG org.apache.ibatis.transaction.jdbc.JdbcTransaction  - Resetting autocommit to true on JDBC Connection [conn4: url=jdbc:h2:mem:activiti user=SA]
10:47:57,671 [Thread-111] DEBUG org.activiti.engine.impl.interceptor.LogInterceptor  - --- AcquireTimerJobsCmd finished --------------------------------------------------------
10:47:57,672 [Thread-111] DEBUG org.activiti.engine.impl.interceptor.LogInterceptor  - 

10:47:57,672 [Thread-111] DEBUG org.activiti.engine.impl.asyncexecutor.AcquireTimerJobsRunnable  - timer job acquisition thread sleeping for 50 millis
10:47:57,672 [main] DEBUG org.apache.ibatis.transaction.jdbc.JdbcTransaction  - Closing JDBC Connection [conn4: url=jdbc:h2:mem:activiti user=SA]
10:47:57,672 [main] DEBUG org.apache.ibatis.datasource.pooled.PooledDataSource  - Returned connection 297240765 to pool.
10:47:57,672 [main] DEBUG org.activiti.engine.impl.interceptor.LogInterceptor  - --- JobQueryImpl finished --------------------------------------------------------
10:47:57,672 [main] DEBUG org.activiti.engine.impl.interceptor.LogInterceptor  - 

10:47:57,715 [Thread-112] DEBUG org.activiti.engine.impl.asyncexecutor.AcquireAsyncJobsDueRunnable  - async job acquisition thread woke up
10:47:57,715 [Thread-112] DEBUG org.activiti.engine.impl.interceptor.LogInterceptor  - 

10:47:57,715 [Thread-112] DEBUG org.activiti.engine.impl.interceptor.LogInterceptor  - --- starting AcquireAsyncJobsDueCmd --------------------------------------------------------
10:47:57,715 [Thread-112] DEBUG org.apache.ibatis.transaction.jdbc.JdbcTransaction  - Opening JDBC Connection
10:47:57,715 [Thread-112] DEBUG org.apache.ibatis.datasource.pooled.PooledDataSource  - Checked out connection 58501658 from pool.
10:47:57,715 [Thread-112] DEBUG org.apache.ibatis.transaction.jdbc.JdbcTransaction  - Setting autocommit to false on JDBC Connection [conn68: url=jdbc:h2:mem:activiti-AsyncExecutorTest user=SA]
10:47:57,715 [Thread-112] DEBUG org.activiti.engine.impl.persistence.entity.JobEntity.selectAsyncJobsDueToExecute  - ==&gt;  Preparing: select RES.* from ACT_RU_JOB RES LEFT OUTER JOIN ACT_RU_EXECUTION PI ON PI.ID_ = RES.PROCESS_INSTANCE_ID_ where RES.RETRIES_ &gt; 0 and RES.DUEDATE_ is not null and RES.DUEDATE_ &lt;= ? and (RES.LOCK_EXP_TIME_ is null or RES.LOCK_EXP_TIME_ &lt;= ?) and TYPE_ = &apos;message&apos; and ( (RES.EXECUTION_ID_ is null) or (PI.SUSPENSION_STATE_ = 1) ) LIMIT ? OFFSET ? 
10:47:57,715 [Thread-112] DEBUG org.activiti.engine.impl.persistence.entity.JobEntity.selectAsyncJobsDueToExecute  - ==&gt; Parameters: 2023-03-20 10:48:50.669(Timestamp), 2023-03-20 10:48:50.669(Timestamp), 1(Integer), 0(Integer)
10:47:57,715 [Thread-112] DEBUG org.activiti.engine.impl.persistence.entity.JobEntity.selectAsyncJobsDueToExecute  - &lt;==      Total: 0
10:47:57,715 [Thread-112] DEBUG org.activiti.engine.impl.db.DbSqlSession  - flush summary: 0 insert, 0 update, 0 delete.
10:47:57,715 [Thread-112] DEBUG org.activiti.engine.impl.db.DbSqlSession  - now executing flush...
10:47:57,715 [Thread-112] DEBUG org.activiti.engine.impl.cfg.standalone.StandaloneMybatisTransactionContext  - firing event committing...
10:47:57,715 [Thread-112] DEBUG org.activiti.engine.impl.cfg.standalone.StandaloneMybatisTransactionContext  - committing the ibatis sql session...
10:47:57,715 [Thread-112] DEBUG org.activiti.engine.impl.cfg.standalone.StandaloneMybatisTransactionContext  - firing event committed...
10:47:57,715 [Thread-112] DEBUG org.apache.ibatis.transaction.jdbc.JdbcTransaction  - Resetting autocommit to true on JDBC Connection [conn68: url=jdbc:h2:mem:activiti-AsyncExecutorTest user=SA]
10:47:57,715 [Thread-112] DEBUG org.apache.ibatis.transaction.jdbc.JdbcTransaction  - Closing JDBC Connection [conn68: url=jdbc:h2:mem:activiti-AsyncExecutorTest user=SA]
10:47:57,715 [Thread-112] DEBUG org.apache.ibatis.datasource.pooled.PooledDataSource  - Returned connection 58501658 to pool.
10:47:57,715 [Thread-112] DEBUG org.activiti.engine.impl.interceptor.LogInterceptor  - --- AcquireAsyncJobsDueCmd finished --------------------------------------------------------
10:47:57,715 [Thread-112] DEBUG org.activiti.engine.impl.interceptor.LogInterceptor  - 

10:47:57,715 [Thread-112] DEBUG org.activiti.engine.impl.asyncexecutor.AcquireAsyncJobsDueRunnable  - async job acquisition thread sleeping for 50 millis
10:47:57,730 [Thread-118] DEBUG org.activiti.engine.impl.asyncexecutor.AcquireAsyncJobsDueRunnable  - async job acquisition thread woke up
10:47:57,730 [Thread-103] DEBUG org.activiti.engine.impl.asyncexecutor.AcquireAsyncJobsDueRunnable  - async job acquisition thread woke up
10:47:57,730 [Thread-103] DEBUG org.activiti.engine.impl.interceptor.LogInterceptor  - 

10:47:57,730 [Thread-103] DEBUG org.activiti.engine.impl.interceptor.LogInterceptor  - --- starting AcquireAsyncJobsDueCmd --------------------------------------------------------
10:47:57,730 [Thread-103] DEBUG org.apache.ibatis.transaction.jdbc.JdbcTransaction  - Opening JDBC Connection
10:47:57,730 [Thread-103] DEBUG org.apache.ibatis.datasource.pooled.PooledDataSource  - Checked out connection 720039383 from pool.
10:47:57,730 [Thread-106] DEBUG org.activiti.engine.impl.asyncexecutor.AcquireAsyncJobsDueRunnable  - async job acquisition thread woke up
10:47:57,730 [Thread-105] DEBUG org.activiti.engine.impl.asyncexecutor.AcquireTimerJobsRunnable  - timer job acquisition thread woke up
10:47:57,730 [Thread-105] DEBUG org.activiti.engine.impl.interceptor.LogInterceptor  - 

10:47:57,730 [Thread-105] DEBUG org.activiti.engine.impl.interceptor.LogInterceptor  - --- starting AcquireTimerJobsCmd --------------------------------------------------------
10:47:57,730 [Thread-111] DEBUG org.activiti.engine.impl.asyncexecutor.AcquireTimerJobsRunnable  - timer job acquisition thread woke up
10:47:57,730 [Thread-111] DEBUG org.activiti.engine.impl.interceptor.LogInterceptor  - 

10:47:57,730 [Thread-111] DEBUG org.activiti.engine.impl.interceptor.LogInterceptor  - --- starting AcquireTimerJobsCmd --------------------------------------------------------
10:47:57,730 [Thread-102] DEBUG org.activiti.engine.impl.asyncexecutor.AcquireTimerJobsRunnable  - timer job acquisition thread woke up
10:47:57,731 [Thread-102] DEBUG org.activiti.engine.impl.interceptor.LogInterceptor  - 

10:47:57,731 [Thread-102] DEBUG org.activiti.engine.impl.interceptor.LogInterceptor  - --- starting AcquireTimerJobsCmd --------------------------------------------------------
10:47:57,730 [Thread-111] DEBUG org.apache.ibatis.transaction.jdbc.JdbcTransaction  - Opening JDBC Connection
10:47:57,731 [Thread-111] DEBUG org.apache.ibatis.datasource.pooled.PooledDataSource  - Checked out connection 1863805930 from pool.
10:47:57,730 [Thread-105] DEBUG org.apache.ibatis.transaction.jdbc.JdbcTransaction  - Opening JDBC Connection
10:47:57,731 [Thread-105] DEBUG org.apache.ibatis.datasource.pooled.PooledDataSource  - Checked out connection 996762054 from pool.
10:47:57,731 [Thread-105] DEBUG org.apache.ibatis.transaction.jdbc.JdbcTransaction  - Setting autocommit to false on JDBC Connection [conn65: url=jdbc:h2:mem:activiti-AsyncExecutorTest user=SA]
10:47:57,730 [Thread-106] DEBUG org.activiti.engine.impl.interceptor.LogInterceptor  - 

10:47:57,731 [Thread-106] DEBUG org.activiti.engine.impl.interceptor.LogInterceptor  - --- starting AcquireAsyncJobsDueCmd --------------------------------------------------------
10:47:57,730 [Thread-103] DEBUG org.apache.ibatis.transaction.jdbc.JdbcTransaction  - Setting autocommit to false on JDBC Connection [conn59: url=jdbc:h2:mem:activiti-AsyncExecutorTest user=SA]
10:47:57,730 [Thread-118] DEBUG org.activiti.engine.impl.interceptor.LogInterceptor  - 

10:47:57,731 [Thread-118] DEBUG org.activiti.engine.impl.interceptor.LogInterceptor  - --- starting AcquireAsyncJobsDueCmd --------------------------------------------------------
10:47:57,731 [Thread-103] DEBUG org.activiti.engine.impl.persistence.entity.JobEntity.selectAsyncJobsDueToExecute  - ==&gt;  Preparing: select RES.* from ACT_RU_JOB RES LEFT OUTER JOIN ACT_RU_EXECUTION PI ON PI.ID_ = RES.PROCESS_INSTANCE_ID_ where RES.RETRIES_ &gt; 0 and RES.DUEDATE_ is not null and RES.DUEDATE_ &lt;= ? and (RES.LOCK_EXP_TIME_ is null or RES.LOCK_EXP_TIME_ &lt;= ?) and TYPE_ = &apos;message&apos; and ( (RES.EXECUTION_ID_ is null) or (PI.SUSPENSION_STATE_ = 1) ) LIMIT ? OFFSET ? 
10:47:57,731 [Thread-106] DEBUG org.apache.ibatis.transaction.jdbc.JdbcTransaction  - Opening JDBC Connection
10:47:57,731 [Thread-103] DEBUG org.activiti.engine.impl.persistence.entity.JobEntity.selectAsyncJobsDueToExecute  - ==&gt; Parameters: 2023-03-20 10:48:50.669(Timestamp), 2023-03-20 10:48:50.669(Timestamp), 1(Integer), 0(Integer)
10:47:57,731 [Thread-105] DEBUG org.activiti.engine.impl.persistence.entity.JobEntity.selectNextTimerJobsToExecute  - ==&gt;  Preparing: select RES.* from ACT_RU_JOB RES LEFT OUTER JOIN ACT_RU_EXECUTION PI ON PI.ID_ = RES.PROCESS_INSTANCE_ID_ where (RES.RETRIES_ &gt; 0) and (RES.DUEDATE_ is null or RES.DUEDATE_ &lt;= ?) and (RES.LOCK_OWNER_ is null or RES.LOCK_EXP_TIME_ &lt;= ?) and TYPE_ = &apos;timer&apos; and ( (RES.EXECUTION_ID_ is null) or (PI.SUSPENSION_STATE_ = 1) ) LIMIT ? OFFSET ? 
10:47:57,731 [Thread-111] DEBUG org.apache.ibatis.transaction.jdbc.JdbcTransaction  - Setting autocommit to false on JDBC Connection [conn69: url=jdbc:h2:mem:activiti-AsyncExecutorTest user=SA]
10:47:57,731 [Thread-102] DEBUG org.apache.ibatis.transaction.jdbc.JdbcTransaction  - Opening JDBC Connection
10:47:57,731 [Thread-102] DEBUG org.apache.ibatis.datasource.pooled.PooledDataSource  - Checked out connection 33534803 from pool.
10:47:57,731 [Thread-102] DEBUG org.apache.ibatis.transaction.jdbc.JdbcTransaction  - Setting autocommit to false on JDBC Connection [conn60: url=jdbc:h2:mem:activiti-AsyncExecutorTest user=SA]
10:47:57,731 [Thread-102] DEBUG org.activiti.engine.impl.persistence.entity.JobEntity.selectNextTimerJobsToExecute  - ==&gt;  Preparing: select RES.* from ACT_RU_JOB RES LEFT OUTER JOIN ACT_RU_EXECUTION PI ON PI.ID_ = RES.PROCESS_INSTANCE_ID_ where (RES.RETRIES_ &gt; 0) and (RES.DUEDATE_ is null or RES.DUEDATE_ &lt;= ?) and (RES.LOCK_OWNER_ is null or RES.LOCK_EXP_TIME_ &lt;= ?) and TYPE_ = &apos;timer&apos; and ( (RES.EXECUTION_ID_ is null) or (PI.SUSPENSION_STATE_ = 1) ) LIMIT ? OFFSET ? 
10:47:57,731 [Thread-111] DEBUG org.activiti.engine.impl.persistence.entity.JobEntity.selectNextTimerJobsToExecute  - ==&gt;  Preparing: select RES.* from ACT_RU_JOB RES LEFT OUTER JOIN ACT_RU_EXECUTION PI ON PI.ID_ = RES.PROCESS_INSTANCE_ID_ where (RES.RETRIES_ &gt; 0) and (RES.DUEDATE_ is null or RES.DUEDATE_ &lt;= ?) and (RES.LOCK_OWNER_ is null or RES.LOCK_EXP_TIME_ &lt;= ?) and TYPE_ = &apos;timer&apos; and ( (RES.EXECUTION_ID_ is null) or (PI.SUSPENSION_STATE_ = 1) ) LIMIT ? OFFSET ? 
10:47:57,731 [Thread-105] DEBUG org.activiti.engine.impl.persistence.entity.JobEntity.selectNextTimerJobsToExecute  - ==&gt; Parameters: 2023-03-20 10:48:50.669(Timestamp), 2023-03-20 10:48:50.669(Timestamp), 1(Integer), 0(Integer)
10:47:57,731 [Thread-103] DEBUG org.activiti.engine.impl.persistence.entity.JobEntity.selectAsyncJobsDueToExecute  - &lt;==      Total: 0
10:47:57,731 [Thread-106] DEBUG org.apache.ibatis.datasource.pooled.PooledDataSource  - Checked out connection 1970103261 from pool.
10:47:57,731 [Thread-106] DEBUG org.apache.ibatis.transaction.jdbc.JdbcTransaction  - Setting autocommit to false on JDBC Connection [conn63: url=jdbc:h2:mem:activiti-AsyncExecutorTest user=SA]
10:47:57,731 [Thread-118] DEBUG org.apache.ibatis.transaction.jdbc.JdbcTransaction  - Opening JDBC Connection
10:47:57,731 [Thread-118] DEBUG org.apache.ibatis.datasource.pooled.PooledDataSource  - Checked out connection 486346394 from pool.
10:47:57,731 [Thread-106] DEBUG org.activiti.engine.impl.persistence.entity.JobEntity.selectAsyncJobsDueToExecute  - ==&gt;  Preparing: select RES.* from ACT_RU_JOB RES LEFT OUTER JOIN ACT_RU_EXECUTION PI ON PI.ID_ = RES.PROCESS_INSTANCE_ID_ where RES.RETRIES_ &gt; 0 and RES.DUEDATE_ is not null and RES.DUEDATE_ &lt;= ? and (RES.LOCK_EXP_TIME_ is null or RES.LOCK_EXP_TIME_ &lt;= ?) and TYPE_ = &apos;message&apos; and ( (RES.EXECUTION_ID_ is null) or (PI.SUSPENSION_STATE_ = 1) ) LIMIT ? OFFSET ? 
10:47:57,731 [Thread-103] DEBUG org.activiti.engine.impl.db.DbSqlSession  - flush summary: 0 insert, 0 update, 0 delete.
10:47:57,732 [Thread-103] DEBUG org.activiti.engine.impl.db.DbSqlSession  - now executing flush...
10:47:57,732 [Thread-103] DEBUG org.activiti.engine.impl.cfg.standalone.StandaloneMybatisTransactionContext  - firing event committing...
10:47:57,732 [Thread-103] DEBUG org.activiti.engine.impl.cfg.standalone.StandaloneMybatisTransactionContext  - committing the ibatis sql session...
10:47:57,732 [Thread-103] DEBUG org.activiti.engine.impl.cfg.standalone.StandaloneMybatisTransactionContext  - firing event committed...
10:47:57,731 [Thread-105] DEBUG org.activiti.engine.impl.persistence.entity.JobEntity.selectNextTimerJobsToExecute  - &lt;==      Total: 0
10:47:57,731 [Thread-111] DEBUG org.activiti.engine.impl.persistence.entity.JobEntity.selectNextTimerJobsToExecute  - ==&gt; Parameters: 2023-03-20 10:48:50.669(Timestamp), 2023-03-20 10:48:50.669(Timestamp), 1(Integer), 0(Integer)
10:47:57,731 [Thread-102] DEBUG org.activiti.engine.impl.persistence.entity.JobEntity.selectNextTimerJobsToExecute  - ==&gt; Parameters: 2023-03-20 10:48:50.669(Timestamp), 2023-03-20 10:48:50.669(Timestamp), 1(Integer), 0(Integer)
10:47:57,732 [Thread-111] DEBUG org.activiti.engine.impl.persistence.entity.JobEntity.selectNextTimerJobsToExecute  - &lt;==      Total: 0
10:47:57,732 [Thread-105] DEBUG org.activiti.engine.impl.db.DbSqlSession  - flush summary: 0 insert, 0 update, 0 delete.
10:47:57,732 [Thread-105] DEBUG org.activiti.engine.impl.db.DbSqlSession  - now executing flush...
10:47:57,732 [Thread-105] DEBUG org.activiti.engine.impl.cfg.standalone.StandaloneMybatisTransactionContext  - firing event committing...
10:47:57,732 [Thread-105] DEBUG org.activiti.engine.impl.cfg.standalone.StandaloneMybatisTransactionContext  - committing the ibatis sql session...
10:47:57,732 [Thread-105] DEBUG org.activiti.engine.impl.cfg.standalone.StandaloneMybatisTransactionContext  - firing event committed...
10:47:57,732 [Thread-105] DEBUG org.apache.ibatis.transaction.jdbc.JdbcTransaction  - Resetting autocommit to true on JDBC Connection [conn65: url=jdbc:h2:mem:activiti-AsyncExecutorTest user=SA]
10:47:57,732 [Thread-103] DEBUG org.apache.ibatis.transaction.jdbc.JdbcTransaction  - Resetting autocommit to true on JDBC Connection [conn59: url=jdbc:h2:mem:activiti-AsyncExecutorTest user=SA]
10:47:57,732 [Thread-103] DEBUG org.apache.ibatis.transaction.jdbc.JdbcTransaction  - Closing JDBC Connection [conn59: url=jdbc:h2:mem:activiti-AsyncExecutorTest user=SA]
10:47:57,732 [Thread-106] DEBUG org.activiti.engine.impl.persistence.entity.JobEntity.selectAsyncJobsDueToExecute  - ==&gt; Parameters: 2023-03-20 10:48:50.669(Timestamp), 2023-03-20 10:48:50.669(Timestamp), 1(Integer), 0(Integer)
10:47:57,731 [Thread-118] DEBUG org.apache.ibatis.transaction.jdbc.JdbcTransaction  - Setting autocommit to false on JDBC Connection [conn6: url=jdbc:h2:mem:activiti user=SA]
10:47:57,732 [Thread-106] DEBUG org.activiti.engine.impl.persistence.entity.JobEntity.selectAsyncJobsDueToExecute  - &lt;==      Total: 0
10:47:57,732 [Thread-106] DEBUG org.activiti.engine.impl.db.DbSqlSession  - flush summary: 0 insert, 0 update, 0 delete.
10:47:57,732 [Thread-106] DEBUG org.activiti.engine.impl.db.DbSqlSession  - now executing flush...
10:47:57,732 [Thread-106] DEBUG org.activiti.engine.impl.cfg.standalone.StandaloneMybatisTransactionContext  - firing event committing...
10:47:57,732 [Thread-106] DEBUG org.activiti.engine.impl.cfg.standalone.StandaloneMybatisTransactionContext  - committing the ibatis sql session...
10:47:57,732 [Thread-106] DEBUG org.activiti.engine.impl.cfg.standalone.StandaloneMybatisTransactionContext  - firing event committed...
10:47:57,732 [Thread-106] DEBUG org.apache.ibatis.transaction.jdbc.JdbcTransaction  - Resetting autocommit to true on JDBC Connection [conn63: url=jdbc:h2:mem:activiti-AsyncExecutorTest user=SA]
10:47:57,732 [Thread-106] DEBUG org.apache.ibatis.transaction.jdbc.JdbcTransaction  - Closing JDBC Connection [conn63: url=jdbc:h2:mem:activiti-AsyncExecutorTest user=SA]
10:47:57,732 [Thread-106] DEBUG org.apache.ibatis.datasource.pooled.PooledDataSource  - Returned connection 1970103261 to pool.
10:47:57,732 [Thread-103] DEBUG org.apache.ibatis.datasource.pooled.PooledDataSource  - Returned connection 720039383 to pool.
10:47:57,732 [Thread-103] DEBUG org.activiti.engine.impl.interceptor.LogInterceptor  - --- AcquireAsyncJobsDueCmd finished --------------------------------------------------------
10:47:57,732 [Thread-103] DEBUG org.activiti.engine.impl.interceptor.LogInterceptor  - 

10:47:57,732 [Thread-105] DEBUG org.apache.ibatis.transaction.jdbc.JdbcTransaction  - Closing JDBC Connection [conn65: url=jdbc:h2:mem:activiti-AsyncExecutorTest user=SA]
10:47:57,732 [Thread-105] DEBUG org.apache.ibatis.datasource.pooled.PooledDataSource  - Returned connection 996762054 to pool.
10:47:57,732 [Thread-105] DEBUG org.activiti.engine.impl.interceptor.LogInterceptor  - --- AcquireTimerJobsCmd finished --------------------------------------------------------
10:47:57,732 [Thread-105] DEBUG org.activiti.engine.impl.interceptor.LogInterceptor  - 

10:47:57,732 [Thread-111] DEBUG org.activiti.engine.impl.db.DbSqlSession  - flush summary: 0 insert, 0 update, 0 delete.
10:47:57,733 [Thread-111] DEBUG org.activiti.engine.impl.db.DbSqlSession  - now executing flush...
10:47:57,732 [Thread-102] DEBUG org.activiti.engine.impl.persistence.entity.JobEntity.selectNextTimerJobsToExecute  - &lt;==      Total: 0
10:47:57,733 [Thread-111] DEBUG org.activiti.engine.impl.cfg.standalone.StandaloneMybatisTransactionContext  - firing event committing...
10:47:57,733 [Thread-111] DEBUG org.activiti.engine.impl.cfg.standalone.StandaloneMybatisTransactionContext  - committing the ibatis sql session...
10:47:57,733 [Thread-111] DEBUG org.activiti.engine.impl.cfg.standalone.StandaloneMybatisTransactionContext  - firing event committed...
10:47:57,733 [Thread-111] DEBUG org.apache.ibatis.transaction.jdbc.JdbcTransaction  - Resetting autocommit to true on JDBC Connection [conn69: url=jdbc:h2:mem:activiti-AsyncExecutorTest user=SA]
10:47:57,733 [Thread-111] DEBUG org.apache.ibatis.transaction.jdbc.JdbcTransaction  - Closing JDBC Connection [conn69: url=jdbc:h2:mem:activiti-AsyncExecutorTest user=SA]
10:47:57,732 [Thread-105] DEBUG org.activiti.engine.impl.asyncexecutor.AcquireTimerJobsRunnable  - timer job acquisition thread sleeping for 50 millis
10:47:57,732 [Thread-103] DEBUG org.activiti.engine.impl.asyncexecutor.AcquireAsyncJobsDueRunnable  - async job acquisition thread sleeping for 50 millis
10:47:57,732 [Thread-106] DEBUG org.activiti.engine.impl.interceptor.LogInterceptor  - --- AcquireAsyncJobsDueCmd finished --------------------------------------------------------
10:47:57,733 [Thread-106] DEBUG org.activiti.engine.impl.interceptor.LogInterceptor  - 

10:47:57,732 [Thread-118] DEBUG org.activiti.engine.impl.persistence.entity.JobEntity.selectAsyncJobsDueToExecute  - ==&gt;  Preparing: select RES.* from ACT_RU_JOB RES LEFT OUTER JOIN ACT_RU_EXECUTION PI ON PI.ID_ = RES.PROCESS_INSTANCE_ID_ where RES.RETRIES_ &gt; 0 and RES.DUEDATE_ is not null and RES.DUEDATE_ &lt;= ? and (RES.LOCK_EXP_TIME_ is null or RES.LOCK_EXP_TIME_ &lt;= ?) and TYPE_ = &apos;message&apos; and ( (RES.EXECUTION_ID_ is null) or (PI.SUSPENSION_STATE_ = 1) ) LIMIT ? OFFSET ? 
10:47:57,733 [Thread-106] DEBUG org.activiti.engine.impl.asyncexecutor.AcquireAsyncJobsDueRunnable  - async job acquisition thread sleeping for 50 millis
10:47:57,733 [Thread-111] DEBUG org.apache.ibatis.datasource.pooled.PooledDataSource  - Returned connection 1863805930 to pool.
10:47:57,733 [Thread-111] DEBUG org.activiti.engine.impl.interceptor.LogInterceptor  - --- AcquireTimerJobsCmd finished --------------------------------------------------------
10:47:57,733 [Thread-111] DEBUG org.activiti.engine.impl.interceptor.LogInterceptor  - 

10:47:57,733 [Thread-102] DEBUG org.activiti.engine.impl.db.DbSqlSession  - flush summary: 0 insert, 0 update, 0 delete.
10:47:57,733 [Thread-102] DEBUG org.activiti.engine.impl.db.DbSqlSession  - now executing flush...
10:47:57,733 [Thread-102] DEBUG org.activiti.engine.impl.cfg.standalone.StandaloneMybatisTransactionContext  - firing event committing...
10:47:57,733 [Thread-102] DEBUG org.activiti.engine.impl.cfg.standalone.StandaloneMybatisTransactionContext  - committing the ibatis sql session...
10:47:57,733 [Thread-102] DEBUG org.activiti.engine.impl.cfg.standalone.StandaloneMybatisTransactionContext  - firing event committed...
10:47:57,733 [Thread-102] DEBUG org.apache.ibatis.transaction.jdbc.JdbcTransaction  - Resetting autocommit to true on JDBC Connection [conn60: url=jdbc:h2:mem:activiti-AsyncExecutorTest user=SA]
10:47:57,733 [Thread-102] DEBUG org.apache.ibatis.transaction.jdbc.JdbcTransaction  - Closing JDBC Connection [conn60: url=jdbc:h2:mem:activiti-AsyncExecutorTest user=SA]
10:47:57,733 [Thread-102] DEBUG org.apache.ibatis.datasource.pooled.PooledDataSource  - Returned connection 33534803 to pool.
10:47:57,733 [Thread-102] DEBUG org.activiti.engine.impl.interceptor.LogInterceptor  - --- AcquireTimerJobsCmd finished --------------------------------------------------------
10:47:57,733 [Thread-102] DEBUG org.activiti.engine.impl.interceptor.LogInterceptor  - 

10:47:57,733 [Thread-102] DEBUG org.activiti.engine.impl.asyncexecutor.AcquireTimerJobsRunnable  - timer job acquisition thread sleeping for 50 millis
10:47:57,733 [Thread-111] DEBUG org.activiti.engine.impl.asyncexecutor.AcquireTimerJobsRunnable  - timer job acquisition thread sleeping for 50 millis
10:47:57,733 [Thread-118] DEBUG org.activiti.engine.impl.persistence.entity.JobEntity.selectAsyncJobsDueToExecute  - ==&gt; Parameters: 2023-03-20 10:48:50.669(Timestamp), 2023-03-20 10:48:50.669(Timestamp), 1(Integer), 0(Integer)
10:47:57,733 [Thread-118] DEBUG org.activiti.engine.impl.persistence.entity.JobEntity.selectAsyncJobsDueToExecute  - &lt;==      Total: 0
10:47:57,734 [Thread-118] DEBUG org.activiti.engine.impl.db.DbSqlSession  - flush summary: 0 insert, 0 update, 0 delete.
10:47:57,734 [Thread-118] DEBUG org.activiti.engine.impl.db.DbSqlSession  - now executing flush...
10:47:57,734 [Thread-118] DEBUG org.activiti.engine.impl.cfg.standalone.StandaloneMybatisTransactionContext  - firing event committing...
10:47:57,734 [Thread-118] DEBUG org.activiti.engine.impl.cfg.standalone.StandaloneMybatisTransactionContext  - committing the ibatis sql session...
10:47:57,734 [Thread-118] DEBUG org.activiti.engine.impl.cfg.standalone.StandaloneMybatisTransactionContext  - firing event committed...
10:47:57,734 [Thread-118] DEBUG org.apache.ibatis.transaction.jdbc.JdbcTransaction  - Resetting autocommit to true on JDBC Connection [conn6: url=jdbc:h2:mem:activiti user=SA]
10:47:57,734 [Thread-118] DEBUG org.apache.ibatis.transaction.jdbc.JdbcTransaction  - Closing JDBC Connection [conn6: url=jdbc:h2:mem:activiti user=SA]
10:47:57,734 [Thread-118] DEBUG org.apache.ibatis.datasource.pooled.PooledDataSource  - Returned connection 486346394 to pool.
10:47:57,734 [Thread-118] DEBUG org.activiti.engine.impl.interceptor.LogInterceptor  - --- AcquireAsyncJobsDueCmd finished --------------------------------------------------------
10:47:57,734 [Thread-118] DEBUG org.activiti.engine.impl.interceptor.LogInterceptor  - 

10:47:57,734 [Thread-118] DEBUG org.activiti.engine.impl.asyncexecutor.AcquireAsyncJobsDueRunnable  - async job acquisition thread sleeping for 1000 millis
10:47:57,746 [Thread-117] DEBUG org.activiti.engine.impl.asyncexecutor.AcquireTimerJobsRunnable  - timer job acquisition thread woke up
10:47:57,746 [Thread-117] DEBUG org.activiti.engine.impl.interceptor.LogInterceptor  - 

10:47:57,746 [Thread-117] DEBUG org.activiti.engine.impl.interceptor.LogInterceptor  - --- starting AcquireTimerJobsCmd --------------------------------------------------------
10:47:57,746 [Thread-117] DEBUG org.apache.ibatis.transaction.jdbc.JdbcTransaction  - Opening JDBC Connection
10:47:57,746 [Thread-117] DEBUG org.apache.ibatis.datasource.pooled.PooledDataSource  - Checked out connection 363509958 from pool.
10:47:57,746 [Thread-117] DEBUG org.apache.ibatis.transaction.jdbc.JdbcTransaction  - Setting autocommit to false on JDBC Connection [conn2: url=jdbc:h2:mem:activiti user=SA]
10:47:57,746 [Thread-117] DEBUG org.activiti.engine.impl.persistence.entity.JobEntity.selectNextTimerJobsToExecute  - ==&gt;  Preparing: select RES.* from ACT_RU_JOB RES LEFT OUTER JOIN ACT_RU_EXECUTION PI ON PI.ID_ = RES.PROCESS_INSTANCE_ID_ where (RES.RETRIES_ &gt; 0) and (RES.DUEDATE_ is null or RES.DUEDATE_ &lt;= ?) and (RES.LOCK_OWNER_ is null or RES.LOCK_EXP_TIME_ &lt;= ?) and TYPE_ = &apos;timer&apos; and ( (RES.EXECUTION_ID_ is null) or (PI.SUSPENSION_STATE_ = 1) ) LIMIT ? OFFSET ? 
10:47:57,746 [Thread-117] DEBUG org.activiti.engine.impl.persistence.entity.JobEntity.selectNextTimerJobsToExecute  - ==&gt; Parameters: 2023-03-20 10:48:50.669(Timestamp), 2023-03-20 10:48:50.669(Timestamp), 1(Integer), 0(Integer)
10:47:57,746 [Thread-117] DEBUG org.activiti.engine.impl.persistence.entity.JobEntity.selectNextTimerJobsToExecute  - &lt;==      Total: 0
10:47:57,746 [Thread-117] DEBUG org.activiti.engine.impl.db.DbSqlSession  - flush summary: 0 insert, 0 update, 0 delete.
10:47:57,746 [Thread-117] DEBUG org.activiti.engine.impl.db.DbSqlSession  - now executing flush...
10:47:57,746 [Thread-117] DEBUG org.activiti.engine.impl.cfg.standalone.StandaloneMybatisTransactionContext  - firing event committing...
10:47:57,746 [Thread-117] DEBUG org.activiti.engine.impl.cfg.standalone.StandaloneMybatisTransactionContext  - committing the ibatis sql session...
10:47:57,746 [Thread-117] DEBUG org.activiti.engine.impl.cfg.standalone.StandaloneMybatisTransactionContext  - firing event committed...
10:47:57,746 [Thread-117] DEBUG org.apache.ibatis.transaction.jdbc.JdbcTransaction  - Resetting autocommit to true on JDBC Connection [conn2: url=jdbc:h2:mem:activiti user=SA]
10:47:57,746 [Thread-117] DEBUG org.apache.ibatis.transaction.jdbc.JdbcTransaction  - Closing JDBC Connection [conn2: url=jdbc:h2:mem:activiti user=SA]
10:47:57,746 [Thread-117] DEBUG org.apache.ibatis.datasource.pooled.PooledDataSource  - Returned connection 363509958 to pool.
10:47:57,746 [Thread-117] DEBUG org.activiti.engine.impl.interceptor.LogInterceptor  - --- AcquireTimerJobsCmd finished --------------------------------------------------------
10:47:57,746 [Thread-117] DEBUG org.activiti.engine.impl.interceptor.LogInterceptor  - 

10:47:57,746 [Thread-117] DEBUG org.activiti.engine.impl.asyncexecutor.AcquireTimerJobsRunnable  - timer job acquisition thread sleeping for 1000 millis
10:47:57,777 [Thread-112] DEBUG org.activiti.engine.impl.asyncexecutor.AcquireAsyncJobsDueRunnable  - async job acquisition thread woke up
10:47:57,777 [Thread-112] DEBUG org.activiti.engine.impl.interceptor.LogInterceptor  - 

10:47:57,777 [Thread-112] DEBUG org.activiti.engine.impl.interceptor.LogInterceptor  - --- starting AcquireAsyncJobsDueCmd --------------------------------------------------------
10:47:57,777 [Thread-112] DEBUG org.apache.ibatis.transaction.jdbc.JdbcTransaction  - Opening JDBC Connection
10:47:57,777 [Thread-112] DEBUG org.apache.ibatis.datasource.pooled.PooledDataSource  - Checked out connection 604408605 from pool.
10:47:57,777 [Thread-112] DEBUG org.apache.ibatis.transaction.jdbc.JdbcTransaction  - Setting autocommit to false on JDBC Connection [conn70: url=jdbc:h2:mem:activiti-AsyncExecutorTest user=SA]
10:47:57,777 [Thread-112] DEBUG org.activiti.engine.impl.persistence.entity.JobEntity.selectAsyncJobsDueToExecute  - ==&gt;  Preparing: select RES.* from ACT_RU_JOB RES LEFT OUTER JOIN ACT_RU_EXECUTION PI ON PI.ID_ = RES.PROCESS_INSTANCE_ID_ where RES.RETRIES_ &gt; 0 and RES.DUEDATE_ is not null and RES.DUEDATE_ &lt;= ? and (RES.LOCK_EXP_TIME_ is null or RES.LOCK_EXP_TIME_ &lt;= ?) and TYPE_ = &apos;message&apos; and ( (RES.EXECUTION_ID_ is null) or (PI.SUSPENSION_STATE_ = 1) ) LIMIT ? OFFSET ? 
10:47:57,777 [Thread-112] DEBUG org.activiti.engine.impl.persistence.entity.JobEntity.selectAsyncJobsDueToExecute  - ==&gt; Parameters: 2023-03-20 10:48:50.669(Timestamp), 2023-03-20 10:48:50.669(Timestamp), 1(Integer), 0(Integer)
10:47:57,777 [Thread-112] DEBUG org.activiti.engine.impl.persistence.entity.JobEntity.selectAsyncJobsDueToExecute  - &lt;==      Total: 0
10:47:57,777 [Thread-112] DEBUG org.activiti.engine.impl.db.DbSqlSession  - flush summary: 0 insert, 0 update, 0 delete.
10:47:57,777 [Thread-112] DEBUG org.activiti.engine.impl.db.DbSqlSession  - now executing flush...
10:47:57,777 [Thread-112] DEBUG org.activiti.engine.impl.cfg.standalone.StandaloneMybatisTransactionContext  - firing event committing...
10:47:57,777 [Thread-112] DEBUG org.activiti.engine.impl.cfg.standalone.StandaloneMybatisTransactionContext  - committing the ibatis sql session...
10:47:57,777 [Thread-112] DEBUG org.activiti.engine.impl.cfg.standalone.StandaloneMybatisTransactionContext  - firing event committed...
10:47:57,777 [Thread-112] DEBUG org.apache.ibatis.transaction.jdbc.JdbcTransaction  - Resetting autocommit to true on JDBC Connection [conn70: url=jdbc:h2:mem:activiti-AsyncExecutorTest user=SA]
10:47:57,777 [Thread-112] DEBUG org.apache.ibatis.transaction.jdbc.JdbcTransaction  - Closing JDBC Connection [conn70: url=jdbc:h2:mem:activiti-AsyncExecutorTest user=SA]
10:47:57,777 [Thread-112] DEBUG org.apache.ibatis.datasource.pooled.PooledDataSource  - Returned connection 604408605 to pool.
10:47:57,777 [Thread-112] DEBUG org.activiti.engine.impl.interceptor.LogInterceptor  - --- AcquireAsyncJobsDueCmd finished --------------------------------------------------------
10:47:57,777 [Thread-112] DEBUG org.activiti.engine.impl.interceptor.LogInterceptor  - 

10:47:57,777 [Thread-112] DEBUG org.activiti.engine.impl.asyncexecutor.AcquireAsyncJobsDueRunnable  - async job acquisition thread sleeping for 50 millis
10:47:57,793 [Thread-106] DEBUG org.activiti.engine.impl.asyncexecutor.AcquireAsyncJobsDueRunnable  - async job acquisition thread woke up
10:47:57,793 [Thread-106] DEBUG org.activiti.engine.impl.interceptor.LogInterceptor  - 

10:47:57,793 [Thread-111] DEBUG org.activiti.engine.impl.asyncexecutor.AcquireTimerJobsRunnable  - timer job acquisition thread woke up
10:47:57,793 [Thread-111] DEBUG org.activiti.engine.impl.interceptor.LogInterceptor  - 

10:47:57,793 [Thread-111] DEBUG org.activiti.engine.impl.interceptor.LogInterceptor  - --- starting AcquireTimerJobsCmd --------------------------------------------------------
10:47:57,793 [Thread-102] DEBUG org.activiti.engine.impl.asyncexecutor.AcquireTimerJobsRunnable  - timer job acquisition thread woke up
10:47:57,793 [Thread-102] DEBUG org.activiti.engine.impl.interceptor.LogInterceptor  - 

10:47:57,793 [Thread-102] DEBUG org.activiti.engine.impl.interceptor.LogInterceptor  - --- starting AcquireTimerJobsCmd --------------------------------------------------------
10:47:57,793 [Thread-102] DEBUG org.apache.ibatis.transaction.jdbc.JdbcTransaction  - Opening JDBC Connection
10:47:57,793 [Thread-102] DEBUG org.apache.ibatis.datasource.pooled.PooledDataSource  - Checked out connection 157985567 from pool.
10:47:57,793 [Thread-105] DEBUG org.activiti.engine.impl.asyncexecutor.AcquireTimerJobsRunnable  - timer job acquisition thread woke up
10:47:57,794 [Thread-105] DEBUG org.activiti.engine.impl.interceptor.LogInterceptor  - 

10:47:57,794 [Thread-105] DEBUG org.activiti.engine.impl.interceptor.LogInterceptor  - --- starting AcquireTimerJobsCmd --------------------------------------------------------
10:47:57,793 [Thread-103] DEBUG org.activiti.engine.impl.asyncexecutor.AcquireAsyncJobsDueRunnable  - async job acquisition thread woke up
10:47:57,794 [Thread-103] DEBUG org.activiti.engine.impl.interceptor.LogInterceptor  - 

10:47:57,794 [Thread-103] DEBUG org.activiti.engine.impl.interceptor.LogInterceptor  - --- starting AcquireAsyncJobsDueCmd --------------------------------------------------------
10:47:57,794 [Thread-103] DEBUG org.apache.ibatis.transaction.jdbc.JdbcTransaction  - Opening JDBC Connection
10:47:57,794 [Thread-103] DEBUG org.apache.ibatis.datasource.pooled.PooledDataSource  - Checked out connection 720039383 from pool.
10:47:57,794 [Thread-103] DEBUG org.apache.ibatis.transaction.jdbc.JdbcTransaction  - Setting autocommit to false on JDBC Connection [conn59: url=jdbc:h2:mem:activiti-AsyncExecutorTest user=SA]
10:47:57,794 [Thread-103] DEBUG org.activiti.engine.impl.persistence.entity.JobEntity.selectAsyncJobsDueToExecute  - ==&gt;  Preparing: select RES.* from ACT_RU_JOB RES LEFT OUTER JOIN ACT_RU_EXECUTION PI ON PI.ID_ = RES.PROCESS_INSTANCE_ID_ where RES.RETRIES_ &gt; 0 and RES.DUEDATE_ is not null and RES.DUEDATE_ &lt;= ? and (RES.LOCK_EXP_TIME_ is null or RES.LOCK_EXP_TIME_ &lt;= ?) and TYPE_ = &apos;message&apos; and ( (RES.EXECUTION_ID_ is null) or (PI.SUSPENSION_STATE_ = 1) ) LIMIT ? OFFSET ? 
10:47:57,794 [Thread-103] DEBUG org.activiti.engine.impl.persistence.entity.JobEntity.selectAsyncJobsDueToExecute  - ==&gt; Parameters: 2023-03-20 10:48:50.669(Timestamp), 2023-03-20 10:48:50.669(Timestamp), 1(Integer), 0(Integer)
10:47:57,794 [Thread-105] DEBUG org.apache.ibatis.transaction.jdbc.JdbcTransaction  - Opening JDBC Connection
10:47:57,794 [Thread-105] DEBUG org.apache.ibatis.datasource.pooled.PooledDataSource  - Checked out connection 54468349 from pool.
10:47:57,794 [Thread-105] DEBUG org.apache.ibatis.transaction.jdbc.JdbcTransaction  - Setting autocommit to false on JDBC Connection [conn64: url=jdbc:h2:mem:activiti-AsyncExecutorTest user=SA]
10:47:57,794 [Thread-105] DEBUG org.activiti.engine.impl.persistence.entity.JobEntity.selectNextTimerJobsToExecute  - ==&gt;  Preparing: select RES.* from ACT_RU_JOB RES LEFT OUTER JOIN ACT_RU_EXECUTION PI ON PI.ID_ = RES.PROCESS_INSTANCE_ID_ where (RES.RETRIES_ &gt; 0) and (RES.DUEDATE_ is null or RES.DUEDATE_ &lt;= ?) and (RES.LOCK_OWNER_ is null or RES.LOCK_EXP_TIME_ &lt;= ?) and TYPE_ = &apos;timer&apos; and ( (RES.EXECUTION_ID_ is null) or (PI.SUSPENSION_STATE_ = 1) ) LIMIT ? OFFSET ? 
10:47:57,794 [Thread-105] DEBUG org.activiti.engine.impl.persistence.entity.JobEntity.selectNextTimerJobsToExecute  - ==&gt; Parameters: 2023-03-20 10:48:50.669(Timestamp), 2023-03-20 10:48:50.669(Timestamp), 1(Integer), 0(Integer)
10:47:57,794 [Thread-102] DEBUG org.apache.ibatis.transaction.jdbc.JdbcTransaction  - Setting autocommit to false on JDBC Connection [conn61: url=jdbc:h2:mem:activiti-AsyncExecutorTest user=SA]
10:47:57,794 [Thread-102] DEBUG org.activiti.engine.impl.persistence.entity.JobEntity.selectNextTimerJobsToExecute  - ==&gt;  Preparing: select RES.* from ACT_RU_JOB RES LEFT OUTER JOIN ACT_RU_EXECUTION PI ON PI.ID_ = RES.PROCESS_INSTANCE_ID_ where (RES.RETRIES_ &gt; 0) and (RES.DUEDATE_ is null or RES.DUEDATE_ &lt;= ?) and (RES.LOCK_OWNER_ is null or RES.LOCK_EXP_TIME_ &lt;= ?) and TYPE_ = &apos;timer&apos; and ( (RES.EXECUTION_ID_ is null) or (PI.SUSPENSION_STATE_ = 1) ) LIMIT ? OFFSET ? 
10:47:57,794 [Thread-102] DEBUG org.activiti.engine.impl.persistence.entity.JobEntity.selectNextTimerJobsToExecute  - ==&gt; Parameters: 2023-03-20 10:48:50.669(Timestamp), 2023-03-20 10:48:50.669(Timestamp), 1(Integer), 0(Integer)
10:47:57,794 [Thread-102] DEBUG org.activiti.engine.impl.persistence.entity.JobEntity.selectNextTimerJobsToExecute  - &lt;==      Total: 0
10:47:57,794 [Thread-102] DEBUG org.activiti.engine.impl.db.DbSqlSession  - flush summary: 0 insert, 0 update, 0 delete.
10:47:57,794 [Thread-102] DEBUG org.activiti.engine.impl.db.DbSqlSession  - now executing flush...
10:47:57,794 [Thread-102] DEBUG org.activiti.engine.impl.cfg.standalone.StandaloneMybatisTransactionContext  - firing event committing...
10:47:57,794 [Thread-102] DEBUG org.activiti.engine.impl.cfg.standalone.StandaloneMybatisTransactionContext  - committing the ibatis sql session...
10:47:57,794 [Thread-102] DEBUG org.activiti.engine.impl.cfg.standalone.StandaloneMybatisTransactionContext  - firing event committed...
10:47:57,793 [Thread-111] DEBUG org.apache.ibatis.transaction.jdbc.JdbcTransaction  - Opening JDBC Connection
10:47:57,794 [Thread-111] DEBUG org.apache.ibatis.datasource.pooled.PooledDataSource  - Checked out connection 58501658 from pool.
10:47:57,794 [Thread-111] DEBUG org.apache.ibatis.transaction.jdbc.JdbcTransaction  - Setting autocommit to false on JDBC Connection [conn68: url=jdbc:h2:mem:activiti-AsyncExecutorTest user=SA]
10:47:57,793 [Thread-106] DEBUG org.activiti.engine.impl.interceptor.LogInterceptor  - --- starting AcquireAsyncJobsDueCmd --------------------------------------------------------
10:47:57,795 [Thread-106] DEBUG org.apache.ibatis.transaction.jdbc.JdbcTransaction  - Opening JDBC Connection
10:47:57,795 [Thread-106] DEBUG org.apache.ibatis.datasource.pooled.PooledDataSource  - Checked out connection 1970103261 from pool.
10:47:57,794 [Thread-111] DEBUG org.activiti.engine.impl.persistence.entity.JobEntity.selectNextTimerJobsToExecute  - ==&gt;  Preparing: select RES.* from ACT_RU_JOB RES LEFT OUTER JOIN ACT_RU_EXECUTION PI ON PI.ID_ = RES.PROCESS_INSTANCE_ID_ where (RES.RETRIES_ &gt; 0) and (RES.DUEDATE_ is null or RES.DUEDATE_ &lt;= ?) and (RES.LOCK_OWNER_ is null or RES.LOCK_EXP_TIME_ &lt;= ?) and TYPE_ = &apos;timer&apos; and ( (RES.EXECUTION_ID_ is null) or (PI.SUSPENSION_STATE_ = 1) ) LIMIT ? OFFSET ? 
10:47:57,795 [Thread-111] DEBUG org.activiti.engine.impl.persistence.entity.JobEntity.selectNextTimerJobsToExecute  - ==&gt; Parameters: 2023-03-20 10:48:50.669(Timestamp), 2023-03-20 10:48:50.669(Timestamp), 1(Integer), 0(Integer)
10:47:57,795 [Thread-111] DEBUG org.activiti.engine.impl.persistence.entity.JobEntity.selectNextTimerJobsToExecute  - &lt;==      Total: 0
10:47:57,795 [Thread-111] DEBUG org.activiti.engine.impl.db.DbSqlSession  - flush summary: 0 insert, 0 update, 0 delete.
10:47:57,795 [Thread-111] DEBUG org.activiti.engine.impl.db.DbSqlSession  - now executing flush...
10:47:57,795 [Thread-111] DEBUG org.activiti.engine.impl.cfg.standalone.StandaloneMybatisTransactionContext  - firing event committing...
10:47:57,795 [Thread-111] DEBUG org.activiti.engine.impl.cfg.standalone.StandaloneMybatisTransactionContext  - committing the ibatis sql session...
10:47:57,795 [Thread-111] DEBUG org.activiti.engine.impl.cfg.standalone.StandaloneMybatisTransactionContext  - firing event committed...
10:47:57,795 [Thread-111] DEBUG org.apache.ibatis.transaction.jdbc.JdbcTransaction  - Resetting autocommit to true on JDBC Connection [conn68: url=jdbc:h2:mem:activiti-AsyncExecutorTest user=SA]
10:47:57,795 [Thread-111] DEBUG org.apache.ibatis.transaction.jdbc.JdbcTransaction  - Closing JDBC Connection [conn68: url=jdbc:h2:mem:activiti-AsyncExecutorTest user=SA]
10:47:57,795 [Thread-111] DEBUG org.apache.ibatis.datasource.pooled.PooledDataSource  - Returned connection 58501658 to pool.
10:47:57,795 [Thread-111] DEBUG org.activiti.engine.impl.interceptor.LogInterceptor  - --- AcquireTimerJobsCmd finished --------------------------------------------------------
10:47:57,795 [Thread-111] DEBUG org.activiti.engine.impl.interceptor.LogInterceptor  - 

10:47:57,795 [Thread-111] DEBUG org.activiti.engine.impl.asyncexecutor.AcquireTimerJobsRunnable  - timer job acquisition thread sleeping for 50 millis
10:47:57,794 [Thread-102] DEBUG org.apache.ibatis.transaction.jdbc.JdbcTransaction  - Resetting autocommit to true on JDBC Connection [conn61: url=jdbc:h2:mem:activiti-AsyncExecutorTest user=SA]
10:47:57,795 [Thread-102] DEBUG org.apache.ibatis.transaction.jdbc.JdbcTransaction  - Closing JDBC Connection [conn61: url=jdbc:h2:mem:activiti-AsyncExecutorTest user=SA]
10:47:57,795 [Thread-102] DEBUG org.apache.ibatis.datasource.pooled.PooledDataSource  - Returned connection 157985567 to pool.
10:47:57,795 [Thread-102] DEBUG org.activiti.engine.impl.interceptor.LogInterceptor  - --- AcquireTimerJobsCmd finished --------------------------------------------------------
10:47:57,795 [Thread-102] DEBUG org.activiti.engine.impl.interceptor.LogInterceptor  - 

10:47:57,795 [Thread-102] DEBUG org.activiti.engine.impl.asyncexecutor.AcquireTimerJobsRunnable  - timer job acquisition thread sleeping for 50 millis
10:47:57,794 [Thread-105] DEBUG org.activiti.engine.impl.persistence.entity.JobEntity.selectNextTimerJobsToExecute  - &lt;==      Total: 0
10:47:57,795 [Thread-105] DEBUG org.activiti.engine.impl.db.DbSqlSession  - flush summary: 0 insert, 0 update, 0 delete.
10:47:57,795 [Thread-105] DEBUG org.activiti.engine.impl.db.DbSqlSession  - now executing flush...
10:47:57,795 [Thread-105] DEBUG org.activiti.engine.impl.cfg.standalone.StandaloneMybatisTransactionContext  - firing event committing...
10:47:57,795 [Thread-105] DEBUG org.activiti.engine.impl.cfg.standalone.StandaloneMybatisTransactionContext  - committing the ibatis sql session...
10:47:57,795 [Thread-105] DEBUG org.activiti.engine.impl.cfg.standalone.StandaloneMybatisTransactionContext  - firing event committed...
10:47:57,795 [Thread-105] DEBUG org.apache.ibatis.transaction.jdbc.JdbcTransaction  - Resetting autocommit to true on JDBC Connection [conn64: url=jdbc:h2:mem:activiti-AsyncExecutorTest user=SA]
10:47:57,794 [Thread-103] DEBUG org.activiti.engine.impl.persistence.entity.JobEntity.selectAsyncJobsDueToExecute  - &lt;==      Total: 0
10:47:57,795 [Thread-103] DEBUG org.activiti.engine.impl.db.DbSqlSession  - flush summary: 0 insert, 0 update, 0 delete.
10:47:57,795 [Thread-103] DEBUG org.activiti.engine.impl.db.DbSqlSession  - now executing flush...
10:47:57,795 [Thread-103] DEBUG org.activiti.engine.impl.cfg.standalone.StandaloneMybatisTransactionContext  - firing event committing...
10:47:57,795 [Thread-103] DEBUG org.activiti.engine.impl.cfg.standalone.StandaloneMybatisTransactionContext  - committing the ibatis sql session...
10:47:57,795 [Thread-105] DEBUG org.apache.ibatis.transaction.jdbc.JdbcTransaction  - Closing JDBC Connection [conn64: url=jdbc:h2:mem:activiti-AsyncExecutorTest user=SA]
10:47:57,795 [Thread-105] DEBUG org.apache.ibatis.datasource.pooled.PooledDataSource  - Returned connection 54468349 to pool.
10:47:57,795 [Thread-105] DEBUG org.activiti.engine.impl.interceptor.LogInterceptor  - --- AcquireTimerJobsCmd finished --------------------------------------------------------
10:47:57,795 [Thread-105] DEBUG org.activiti.engine.impl.interceptor.LogInterceptor  - 

10:47:57,795 [Thread-105] DEBUG org.activiti.engine.impl.asyncexecutor.AcquireTimerJobsRunnable  - timer job acquisition thread sleeping for 50 millis
10:47:57,795 [Thread-106] DEBUG org.apache.ibatis.transaction.jdbc.JdbcTransaction  - Setting autocommit to false on JDBC Connection [conn63: url=jdbc:h2:mem:activiti-AsyncExecutorTest user=SA]
10:47:57,795 [Thread-103] DEBUG org.activiti.engine.impl.cfg.standalone.StandaloneMybatisTransactionContext  - firing event committed...
10:47:57,796 [Thread-103] DEBUG org.apache.ibatis.transaction.jdbc.JdbcTransaction  - Resetting autocommit to true on JDBC Connection [conn59: url=jdbc:h2:mem:activiti-AsyncExecutorTest user=SA]
10:47:57,796 [Thread-103] DEBUG org.apache.ibatis.transaction.jdbc.JdbcTransaction  - Closing JDBC Connection [conn59: url=jdbc:h2:mem:activiti-AsyncExecutorTest user=SA]
10:47:57,796 [Thread-103] DEBUG org.apache.ibatis.datasource.pooled.PooledDataSource  - Returned connection 720039383 to pool.
10:47:57,796 [Thread-103] DEBUG org.activiti.engine.impl.interceptor.LogInterceptor  - --- AcquireAsyncJobsDueCmd finished --------------------------------------------------------
10:47:57,796 [Thread-103] DEBUG org.activiti.engine.impl.interceptor.LogInterceptor  - 

10:47:57,796 [Thread-106] DEBUG org.activiti.engine.impl.persistence.entity.JobEntity.selectAsyncJobsDueToExecute  - ==&gt;  Preparing: select RES.* from ACT_RU_JOB RES LEFT OUTER JOIN ACT_RU_EXECUTION PI ON PI.ID_ = RES.PROCESS_INSTANCE_ID_ where RES.RETRIES_ &gt; 0 and RES.DUEDATE_ is not null and RES.DUEDATE_ &lt;= ? and (RES.LOCK_EXP_TIME_ is null or RES.LOCK_EXP_TIME_ &lt;= ?) and TYPE_ = &apos;message&apos; and ( (RES.EXECUTION_ID_ is null) or (PI.SUSPENSION_STATE_ = 1) ) LIMIT ? OFFSET ? 
10:47:57,796 [Thread-106] DEBUG org.activiti.engine.impl.persistence.entity.JobEntity.selectAsyncJobsDueToExecute  - ==&gt; Parameters: 2023-03-20 10:48:50.669(Timestamp), 2023-03-20 10:48:50.669(Timestamp), 1(Integer), 0(Integer)
10:47:57,796 [Thread-106] DEBUG org.activiti.engine.impl.persistence.entity.JobEntity.selectAsyncJobsDueToExecute  - &lt;==      Total: 0
10:47:57,796 [Thread-106] DEBUG org.activiti.engine.impl.db.DbSqlSession  - flush summary: 0 insert, 0 update, 0 delete.
10:47:57,796 [Thread-106] DEBUG org.activiti.engine.impl.db.DbSqlSession  - now executing flush...
10:47:57,796 [Thread-106] DEBUG org.activiti.engine.impl.cfg.standalone.StandaloneMybatisTransactionContext  - firing event committing...
10:47:57,796 [Thread-106] DEBUG org.activiti.engine.impl.cfg.standalone.StandaloneMybatisTransactionContext  - committing the ibatis sql session...
10:47:57,796 [Thread-103] DEBUG org.activiti.engine.impl.asyncexecutor.AcquireAsyncJobsDueRunnable  - async job acquisition thread sleeping for 50 millis
10:47:57,796 [Thread-106] DEBUG org.activiti.engine.impl.cfg.standalone.StandaloneMybatisTransactionContext  - firing event committed...
10:47:57,796 [Thread-106] DEBUG org.apache.ibatis.transaction.jdbc.JdbcTransaction  - Resetting autocommit to true on JDBC Connection [conn63: url=jdbc:h2:mem:activiti-AsyncExecutorTest user=SA]
10:47:57,796 [Thread-106] DEBUG org.apache.ibatis.transaction.jdbc.JdbcTransaction  - Closing JDBC Connection [conn63: url=jdbc:h2:mem:activiti-AsyncExecutorTest user=SA]
10:47:57,796 [Thread-106] DEBUG org.apache.ibatis.datasource.pooled.PooledDataSource  - Returned connection 1970103261 to pool.
10:47:57,796 [Thread-106] DEBUG org.activiti.engine.impl.interceptor.LogInterceptor  - --- AcquireAsyncJobsDueCmd finished --------------------------------------------------------
10:47:57,796 [Thread-106] DEBUG org.activiti.engine.impl.interceptor.LogInterceptor  - 

10:47:57,796 [Thread-106] DEBUG org.activiti.engine.impl.asyncexecutor.AcquireAsyncJobsDueRunnable  - async job acquisition thread sleeping for 50 millis
10:47:57,839 [Thread-112] DEBUG org.activiti.engine.impl.asyncexecutor.AcquireAsyncJobsDueRunnable  - async job acquisition thread woke up
10:47:57,839 [Thread-112] DEBUG org.activiti.engine.impl.interceptor.LogInterceptor  - 

10:47:57,839 [Thread-112] DEBUG org.activiti.engine.impl.interceptor.LogInterceptor  - --- starting AcquireAsyncJobsDueCmd --------------------------------------------------------
10:47:57,839 [Thread-112] DEBUG org.apache.ibatis.transaction.jdbc.JdbcTransaction  - Opening JDBC Connection
10:47:57,839 [Thread-112] DEBUG org.apache.ibatis.datasource.pooled.PooledDataSource  - Checked out connection 1863805930 from pool.
10:47:57,839 [Thread-112] DEBUG org.apache.ibatis.transaction.jdbc.JdbcTransaction  - Setting autocommit to false on JDBC Connection [conn69: url=jdbc:h2:mem:activiti-AsyncExecutorTest user=SA]
10:47:57,839 [Thread-112] DEBUG org.activiti.engine.impl.persistence.entity.JobEntity.selectAsyncJobsDueToExecute  - ==&gt;  Preparing: select RES.* from ACT_RU_JOB RES LEFT OUTER JOIN ACT_RU_EXECUTION PI ON PI.ID_ = RES.PROCESS_INSTANCE_ID_ where RES.RETRIES_ &gt; 0 and RES.DUEDATE_ is not null and RES.DUEDATE_ &lt;= ? and (RES.LOCK_EXP_TIME_ is null or RES.LOCK_EXP_TIME_ &lt;= ?) and TYPE_ = &apos;message&apos; and ( (RES.EXECUTION_ID_ is null) or (PI.SUSPENSION_STATE_ = 1) ) LIMIT ? OFFSET ? 
10:47:57,839 [Thread-112] DEBUG org.activiti.engine.impl.persistence.entity.JobEntity.selectAsyncJobsDueToExecute  - ==&gt; Parameters: 2023-03-20 10:48:50.669(Timestamp), 2023-03-20 10:48:50.669(Timestamp), 1(Integer), 0(Integer)
10:47:57,839 [Thread-112] DEBUG org.activiti.engine.impl.persistence.entity.JobEntity.selectAsyncJobsDueToExecute  - &lt;==      Total: 0
10:47:57,839 [Thread-112] DEBUG org.activiti.engine.impl.db.DbSqlSession  - flush summary: 0 insert, 0 update, 0 delete.
10:47:57,839 [Thread-112] DEBUG org.activiti.engine.impl.db.DbSqlSession  - now executing flush...
10:47:57,839 [Thread-112] DEBUG org.activiti.engine.impl.cfg.standalone.StandaloneMybatisTransactionContext  - firing event committing...
10:47:57,839 [Thread-112] DEBUG org.activiti.engine.impl.cfg.standalone.StandaloneMybatisTransactionContext  - committing the ibatis sql session...
10:47:57,839 [Thread-112] DEBUG org.activiti.engine.impl.cfg.standalone.StandaloneMybatisTransactionContext  - firing event committed...
10:47:57,839 [Thread-112] DEBUG org.apache.ibatis.transaction.jdbc.JdbcTransaction  - Resetting autocommit to true on JDBC Connection [conn69: url=jdbc:h2:mem:activiti-AsyncExecutorTest user=SA]
10:47:57,839 [Thread-112] DEBUG org.apache.ibatis.transaction.jdbc.JdbcTransaction  - Closing JDBC Connection [conn69: url=jdbc:h2:mem:activiti-AsyncExecutorTest user=SA]
10:47:57,839 [Thread-112] DEBUG org.apache.ibatis.datasource.pooled.PooledDataSource  - Returned connection 1863805930 to pool.
10:47:57,839 [Thread-112] DEBUG org.activiti.engine.impl.interceptor.LogInterceptor  - --- AcquireAsyncJobsDueCmd finished --------------------------------------------------------
10:47:57,839 [Thread-112] DEBUG org.activiti.engine.impl.interceptor.LogInterceptor  - 

10:47:57,839 [Thread-112] DEBUG org.activiti.engine.impl.asyncexecutor.AcquireAsyncJobsDueRunnable  - async job acquisition thread sleeping for 50 millis
10:47:57,855 [Thread-105] DEBUG org.activiti.engine.impl.asyncexecutor.AcquireTimerJobsRunnable  - timer job acquisition thread woke up
10:47:57,855 [Thread-105] DEBUG org.activiti.engine.impl.interceptor.LogInterceptor  - 

10:47:57,855 [Thread-105] DEBUG org.activiti.engine.impl.interceptor.LogInterceptor  - --- starting AcquireTimerJobsCmd --------------------------------------------------------
10:47:57,855 [Thread-111] DEBUG org.activiti.engine.impl.asyncexecutor.AcquireTimerJobsRunnable  - timer job acquisition thread woke up
10:47:57,855 [Thread-111] DEBUG org.activiti.engine.impl.interceptor.LogInterceptor  - 

10:47:57,855 [Thread-111] DEBUG org.activiti.engine.impl.interceptor.LogInterceptor  - --- starting AcquireTimerJobsCmd --------------------------------------------------------
10:47:57,855 [Thread-111] DEBUG org.apache.ibatis.transaction.jdbc.JdbcTransaction  - Opening JDBC Connection
10:47:57,855 [Thread-111] DEBUG org.apache.ibatis.datasource.pooled.PooledDataSource  - Checked out connection 604408605 from pool.
10:47:57,855 [Thread-111] DEBUG org.apache.ibatis.transaction.jdbc.JdbcTransaction  - Setting autocommit to false on JDBC Connection [conn70: url=jdbc:h2:mem:activiti-AsyncExecutorTest user=SA]
10:47:57,855 [Thread-111] DEBUG org.activiti.engine.impl.persistence.entity.JobEntity.selectNextTimerJobsToExecute  - ==&gt;  Preparing: select RES.* from ACT_RU_JOB RES LEFT OUTER JOIN ACT_RU_EXECUTION PI ON PI.ID_ = RES.PROCESS_INSTANCE_ID_ where (RES.RETRIES_ &gt; 0) and (RES.DUEDATE_ is null or RES.DUEDATE_ &lt;= ?) and (RES.LOCK_OWNER_ is null or RES.LOCK_EXP_TIME_ &lt;= ?) and TYPE_ = &apos;timer&apos; and ( (RES.EXECUTION_ID_ is null) or (PI.SUSPENSION_STATE_ = 1) ) LIMIT ? OFFSET ? 
10:47:57,855 [Thread-111] DEBUG org.activiti.engine.impl.persistence.entity.JobEntity.selectNextTimerJobsToExecute  - ==&gt; Parameters: 2023-03-20 10:48:50.669(Timestamp), 2023-03-20 10:48:50.669(Timestamp), 1(Integer), 0(Integer)
10:47:57,855 [Thread-111] DEBUG org.activiti.engine.impl.persistence.entity.JobEntity.selectNextTimerJobsToExecute  - &lt;==      Total: 0
10:47:57,855 [Thread-111] DEBUG org.activiti.engine.impl.db.DbSqlSession  - flush summary: 0 insert, 0 update, 0 delete.
10:47:57,855 [Thread-111] DEBUG org.activiti.engine.impl.db.DbSqlSession  - now executing flush...
10:47:57,855 [Thread-111] DEBUG org.activiti.engine.impl.cfg.standalone.StandaloneMybatisTransactionContext  - firing event committing...
10:47:57,855 [Thread-111] DEBUG org.activiti.engine.impl.cfg.standalone.StandaloneMybatisTransactionContext  - committing the ibatis sql session...
10:47:57,855 [Thread-111] DEBUG org.activiti.engine.impl.cfg.standalone.StandaloneMybatisTransactionContext  - firing event committed...
10:47:57,855 [Thread-111] DEBUG org.apache.ibatis.transaction.jdbc.JdbcTransaction  - Resetting autocommit to true on JDBC Connection [conn70: url=jdbc:h2:mem:activiti-AsyncExecutorTest user=SA]
10:47:57,855 [Thread-102] DEBUG org.activiti.engine.impl.asyncexecutor.AcquireTimerJobsRunnable  - timer job acquisition thread woke up
10:47:57,855 [Thread-102] DEBUG org.activiti.engine.impl.interceptor.LogInterceptor  - 

10:47:57,856 [Thread-102] DEBUG org.activiti.engine.impl.interceptor.LogInterceptor  - --- starting AcquireTimerJobsCmd --------------------------------------------------------
10:47:57,855 [Thread-106] DEBUG org.activiti.engine.impl.asyncexecutor.AcquireAsyncJobsDueRunnable  - async job acquisition thread woke up
10:47:57,856 [Thread-106] DEBUG org.activiti.engine.impl.interceptor.LogInterceptor  - 

10:47:57,856 [Thread-106] DEBUG org.activiti.engine.impl.interceptor.LogInterceptor  - --- starting AcquireAsyncJobsDueCmd --------------------------------------------------------
10:47:57,855 [Thread-103] DEBUG org.activiti.engine.impl.asyncexecutor.AcquireAsyncJobsDueRunnable  - async job acquisition thread woke up
10:47:57,856 [Thread-103] DEBUG org.activiti.engine.impl.interceptor.LogInterceptor  - 

10:47:57,856 [Thread-103] DEBUG org.activiti.engine.impl.interceptor.LogInterceptor  - --- starting AcquireAsyncJobsDueCmd --------------------------------------------------------
10:47:57,856 [Thread-106] DEBUG org.apache.ibatis.transaction.jdbc.JdbcTransaction  - Opening JDBC Connection
10:47:57,856 [Thread-106] DEBUG org.apache.ibatis.datasource.pooled.PooledDataSource  - Checked out connection 996762054 from pool.
10:47:57,856 [Thread-106] DEBUG org.apache.ibatis.transaction.jdbc.JdbcTransaction  - Setting autocommit to false on JDBC Connection [conn65: url=jdbc:h2:mem:activiti-AsyncExecutorTest user=SA]
10:47:57,856 [Thread-102] DEBUG org.apache.ibatis.transaction.jdbc.JdbcTransaction  - Opening JDBC Connection
10:47:57,856 [Thread-102] DEBUG org.apache.ibatis.datasource.pooled.PooledDataSource  - Checked out connection 33534803 from pool.
10:47:57,856 [Thread-102] DEBUG org.apache.ibatis.transaction.jdbc.JdbcTransaction  - Setting autocommit to false on JDBC Connection [conn60: url=jdbc:h2:mem:activiti-AsyncExecutorTest user=SA]
10:47:57,855 [Thread-111] DEBUG org.apache.ibatis.transaction.jdbc.JdbcTransaction  - Closing JDBC Connection [conn70: url=jdbc:h2:mem:activiti-AsyncExecutorTest user=SA]
10:47:57,856 [Thread-111] DEBUG org.apache.ibatis.datasource.pooled.PooledDataSource  - Returned connection 604408605 to pool.
10:47:57,856 [Thread-111] DEBUG org.activiti.engine.impl.interceptor.LogInterceptor  - --- AcquireTimerJobsCmd finished --------------------------------------------------------
10:47:57,856 [Thread-111] DEBUG org.activiti.engine.impl.interceptor.LogInterceptor  - 

10:47:57,855 [Thread-105] DEBUG org.apache.ibatis.transaction.jdbc.JdbcTransaction  - Opening JDBC Connection
10:47:57,856 [Thread-105] DEBUG org.apache.ibatis.datasource.pooled.PooledDataSource  - Checked out connection 54468349 from pool.
10:47:57,856 [Thread-105] DEBUG org.apache.ibatis.transaction.jdbc.JdbcTransaction  - Setting autocommit to false on JDBC Connection [conn64: url=jdbc:h2:mem:activiti-AsyncExecutorTest user=SA]
10:47:57,856 [Thread-111] DEBUG org.activiti.engine.impl.asyncexecutor.AcquireTimerJobsRunnable  - timer job acquisition thread sleeping for 50 millis
10:47:57,856 [Thread-102] DEBUG org.activiti.engine.impl.persistence.entity.JobEntity.selectNextTimerJobsToExecute  - ==&gt;  Preparing: select RES.* from ACT_RU_JOB RES LEFT OUTER JOIN ACT_RU_EXECUTION PI ON PI.ID_ = RES.PROCESS_INSTANCE_ID_ where (RES.RETRIES_ &gt; 0) and (RES.DUEDATE_ is null or RES.DUEDATE_ &lt;= ?) and (RES.LOCK_OWNER_ is null or RES.LOCK_EXP_TIME_ &lt;= ?) and TYPE_ = &apos;timer&apos; and ( (RES.EXECUTION_ID_ is null) or (PI.SUSPENSION_STATE_ = 1) ) LIMIT ? OFFSET ? 
10:47:57,856 [Thread-102] DEBUG org.activiti.engine.impl.persistence.entity.JobEntity.selectNextTimerJobsToExecute  - ==&gt; Parameters: 2023-03-20 10:48:50.669(Timestamp), 2023-03-20 10:48:50.669(Timestamp), 1(Integer), 0(Integer)
10:47:57,856 [Thread-106] DEBUG org.activiti.engine.impl.persistence.entity.JobEntity.selectAsyncJobsDueToExecute  - ==&gt;  Preparing: select RES.* from ACT_RU_JOB RES LEFT OUTER JOIN ACT_RU_EXECUTION PI ON PI.ID_ = RES.PROCESS_INSTANCE_ID_ where RES.RETRIES_ &gt; 0 and RES.DUEDATE_ is not null and RES.DUEDATE_ &lt;= ? and (RES.LOCK_EXP_TIME_ is null or RES.LOCK_EXP_TIME_ &lt;= ?) and TYPE_ = &apos;message&apos; and ( (RES.EXECUTION_ID_ is null) or (PI.SUSPENSION_STATE_ = 1) ) LIMIT ? OFFSET ? 
10:47:57,857 [Thread-106] DEBUG org.activiti.engine.impl.persistence.entity.JobEntity.selectAsyncJobsDueToExecute  - ==&gt; Parameters: 2023-03-20 10:48:50.669(Timestamp), 2023-03-20 10:48:50.669(Timestamp), 1(Integer), 0(Integer)
10:47:57,857 [Thread-106] DEBUG org.activiti.engine.impl.persistence.entity.JobEntity.selectAsyncJobsDueToExecute  - &lt;==      Total: 0
10:47:57,857 [Thread-106] DEBUG org.activiti.engine.impl.db.DbSqlSession  - flush summary: 0 insert, 0 update, 0 delete.
10:47:57,857 [Thread-106] DEBUG org.activiti.engine.impl.db.DbSqlSession  - now executing flush...
10:47:57,857 [Thread-106] DEBUG org.activiti.engine.impl.cfg.standalone.StandaloneMybatisTransactionContext  - firing event committing...
10:47:57,857 [Thread-106] DEBUG org.activiti.engine.impl.cfg.standalone.StandaloneMybatisTransactionContext  - committing the ibatis sql session...
10:47:57,857 [Thread-106] DEBUG org.activiti.engine.impl.cfg.standalone.StandaloneMybatisTransactionContext  - firing event committed...
10:47:57,857 [Thread-106] DEBUG org.apache.ibatis.transaction.jdbc.JdbcTransaction  - Resetting autocommit to true on JDBC Connection [conn65: url=jdbc:h2:mem:activiti-AsyncExecutorTest user=SA]
10:47:57,857 [Thread-106] DEBUG org.apache.ibatis.transaction.jdbc.JdbcTransaction  - Closing JDBC Connection [conn65: url=jdbc:h2:mem:activiti-AsyncExecutorTest user=SA]
10:47:57,857 [Thread-106] DEBUG org.apache.ibatis.datasource.pooled.PooledDataSource  - Returned connection 996762054 to pool.
10:47:57,857 [Thread-106] DEBUG org.activiti.engine.impl.interceptor.LogInterceptor  - --- AcquireAsyncJobsDueCmd finished --------------------------------------------------------
10:47:57,857 [Thread-106] DEBUG org.activiti.engine.impl.interceptor.LogInterceptor  - 

10:47:57,857 [Thread-106] DEBUG org.activiti.engine.impl.asyncexecutor.AcquireAsyncJobsDueRunnable  - async job acquisition thread sleeping for 50 millis
10:47:57,856 [Thread-103] DEBUG org.apache.ibatis.transaction.jdbc.JdbcTransaction  - Opening JDBC Connection
10:47:57,857 [Thread-103] DEBUG org.apache.ibatis.datasource.pooled.PooledDataSource  - Checked out connection 157985567 from pool.
10:47:57,857 [Thread-103] DEBUG org.apache.ibatis.transaction.jdbc.JdbcTransaction  - Setting autocommit to false on JDBC Connection [conn61: url=jdbc:h2:mem:activiti-AsyncExecutorTest user=SA]
10:47:57,857 [Thread-103] DEBUG org.activiti.engine.impl.persistence.entity.JobEntity.selectAsyncJobsDueToExecute  - ==&gt;  Preparing: select RES.* from ACT_RU_JOB RES LEFT OUTER JOIN ACT_RU_EXECUTION PI ON PI.ID_ = RES.PROCESS_INSTANCE_ID_ where RES.RETRIES_ &gt; 0 and RES.DUEDATE_ is not null and RES.DUEDATE_ &lt;= ? and (RES.LOCK_EXP_TIME_ is null or RES.LOCK_EXP_TIME_ &lt;= ?) and TYPE_ = &apos;message&apos; and ( (RES.EXECUTION_ID_ is null) or (PI.SUSPENSION_STATE_ = 1) ) LIMIT ? OFFSET ? 
10:47:57,857 [Thread-103] DEBUG org.activiti.engine.impl.persistence.entity.JobEntity.selectAsyncJobsDueToExecute  - ==&gt; Parameters: 2023-03-20 10:48:50.669(Timestamp), 2023-03-20 10:48:50.669(Timestamp), 1(Integer), 0(Integer)
10:47:57,857 [Thread-103] DEBUG org.activiti.engine.impl.persistence.entity.JobEntity.selectAsyncJobsDueToExecute  - &lt;==      Total: 0
10:47:57,857 [Thread-102] DEBUG org.activiti.engine.impl.persistence.entity.JobEntity.selectNextTimerJobsToExecute  - &lt;==      Total: 0
10:47:57,857 [Thread-102] DEBUG org.activiti.engine.impl.db.DbSqlSession  - flush summary: 0 insert, 0 update, 0 delete.
10:47:57,857 [Thread-102] DEBUG org.activiti.engine.impl.db.DbSqlSession  - now executing flush...
10:47:57,857 [Thread-102] DEBUG org.activiti.engine.impl.cfg.standalone.StandaloneMybatisTransactionContext  - firing event committing...
10:47:57,857 [Thread-102] DEBUG org.activiti.engine.impl.cfg.standalone.StandaloneMybatisTransactionContext  - committing the ibatis sql session...
10:47:57,857 [Thread-102] DEBUG org.activiti.engine.impl.cfg.standalone.StandaloneMybatisTransactionContext  - firing event committed...
10:47:57,857 [Thread-102] DEBUG org.apache.ibatis.transaction.jdbc.JdbcTransaction  - Resetting autocommit to true on JDBC Connection [conn60: url=jdbc:h2:mem:activiti-AsyncExecutorTest user=SA]
10:47:57,857 [Thread-102] DEBUG org.apache.ibatis.transaction.jdbc.JdbcTransaction  - Closing JDBC Connection [conn60: url=jdbc:h2:mem:activiti-AsyncExecutorTest user=SA]
10:47:57,857 [Thread-102] DEBUG org.apache.ibatis.datasource.pooled.PooledDataSource  - Returned connection 33534803 to pool.
10:47:57,856 [Thread-105] DEBUG org.activiti.engine.impl.persistence.entity.JobEntity.selectNextTimerJobsToExecute  - ==&gt;  Preparing: select RES.* from ACT_RU_JOB RES LEFT OUTER JOIN ACT_RU_EXECUTION PI ON PI.ID_ = RES.PROCESS_INSTANCE_ID_ where (RES.RETRIES_ &gt; 0) and (RES.DUEDATE_ is null or RES.DUEDATE_ &lt;= ?) and (RES.LOCK_OWNER_ is null or RES.LOCK_EXP_TIME_ &lt;= ?) and TYPE_ = &apos;timer&apos; and ( (RES.EXECUTION_ID_ is null) or (PI.SUSPENSION_STATE_ = 1) ) LIMIT ? OFFSET ? 
10:47:57,857 [Thread-105] DEBUG org.activiti.engine.impl.persistence.entity.JobEntity.selectNextTimerJobsToExecute  - ==&gt; Parameters: 2023-03-20 10:48:50.669(Timestamp), 2023-03-20 10:48:50.669(Timestamp), 1(Integer), 0(Integer)
10:47:57,857 [Thread-102] DEBUG org.activiti.engine.impl.interceptor.LogInterceptor  - --- AcquireTimerJobsCmd finished --------------------------------------------------------
10:47:57,857 [Thread-102] DEBUG org.activiti.engine.impl.interceptor.LogInterceptor  - 

10:47:57,857 [Thread-102] DEBUG org.activiti.engine.impl.asyncexecutor.AcquireTimerJobsRunnable  - timer job acquisition thread sleeping for 50 millis
10:47:57,857 [Thread-103] DEBUG org.activiti.engine.impl.db.DbSqlSession  - flush summary: 0 insert, 0 update, 0 delete.
10:47:57,858 [Thread-103] DEBUG org.activiti.engine.impl.db.DbSqlSession  - now executing flush...
10:47:57,858 [Thread-103] DEBUG org.activiti.engine.impl.cfg.standalone.StandaloneMybatisTransactionContext  - firing event committing...
10:47:57,858 [Thread-103] DEBUG org.activiti.engine.impl.cfg.standalone.StandaloneMybatisTransactionContext  - committing the ibatis sql session...
10:47:57,858 [Thread-103] DEBUG org.activiti.engine.impl.cfg.standalone.StandaloneMybatisTransactionContext  - firing event committed...
10:47:57,858 [Thread-103] DEBUG org.apache.ibatis.transaction.jdbc.JdbcTransaction  - Resetting autocommit to true on JDBC Connection [conn61: url=jdbc:h2:mem:activiti-AsyncExecutorTest user=SA]
10:47:57,858 [Thread-103] DEBUG org.apache.ibatis.transaction.jdbc.JdbcTransaction  - Closing JDBC Connection [conn61: url=jdbc:h2:mem:activiti-AsyncExecutorTest user=SA]
10:47:57,858 [Thread-103] DEBUG org.apache.ibatis.datasource.pooled.PooledDataSource  - Returned connection 157985567 to pool.
10:47:57,858 [Thread-103] DEBUG org.activiti.engine.impl.interceptor.LogInterceptor  - --- AcquireAsyncJobsDueCmd finished --------------------------------------------------------
10:47:57,858 [Thread-103] DEBUG org.activiti.engine.impl.interceptor.LogInterceptor  - 

10:47:57,858 [Thread-103] DEBUG org.activiti.engine.impl.asyncexecutor.AcquireAsyncJobsDueRunnable  - async job acquisition thread sleeping for 50 millis
10:47:57,857 [Thread-105] DEBUG org.activiti.engine.impl.persistence.entity.JobEntity.selectNextTimerJobsToExecute  - &lt;==      Total: 0
10:47:57,858 [Thread-105] DEBUG org.activiti.engine.impl.db.DbSqlSession  - flush summary: 0 insert, 0 update, 0 delete.
10:47:57,858 [Thread-105] DEBUG org.activiti.engine.impl.db.DbSqlSession  - now executing flush...
10:47:57,858 [Thread-105] DEBUG org.activiti.engine.impl.cfg.standalone.StandaloneMybatisTransactionContext  - firing event committing...
10:47:57,858 [Thread-105] DEBUG org.activiti.engine.impl.cfg.standalone.StandaloneMybatisTransactionContext  - committing the ibatis sql session...
10:47:57,858 [Thread-105] DEBUG org.activiti.engine.impl.cfg.standalone.StandaloneMybatisTransactionContext  - firing event committed...
10:47:57,858 [Thread-105] DEBUG org.apache.ibatis.transaction.jdbc.JdbcTransaction  - Resetting autocommit to true on JDBC Connection [conn64: url=jdbc:h2:mem:activiti-AsyncExecutorTest user=SA]
10:47:57,858 [Thread-105] DEBUG org.apache.ibatis.transaction.jdbc.JdbcTransaction  - Closing JDBC Connection [conn64: url=jdbc:h2:mem:activiti-AsyncExecutorTest user=SA]
10:47:57,858 [Thread-105] DEBUG org.apache.ibatis.datasource.pooled.PooledDataSource  - Returned connection 54468349 to pool.
10:47:57,858 [Thread-105] DEBUG org.activiti.engine.impl.interceptor.LogInterceptor  - --- AcquireTimerJobsCmd finished --------------------------------------------------------
10:47:57,858 [Thread-105] DEBUG org.activiti.engine.impl.interceptor.LogInterceptor  - 

10:47:57,858 [Thread-105] DEBUG org.activiti.engine.impl.asyncexecutor.AcquireTimerJobsRunnable  - timer job acquisition thread sleeping for 50 millis
10:47:57,885 [main] DEBUG org.activiti.engine.impl.interceptor.LogInterceptor  - 

10:47:57,885 [main] DEBUG org.activiti.engine.impl.interceptor.LogInterceptor  - --- starting JobQueryImpl --------------------------------------------------------
10:47:57,885 [main] DEBUG org.apache.ibatis.transaction.jdbc.JdbcTransaction  - Opening JDBC Connection
10:47:57,885 [main] DEBUG org.apache.ibatis.datasource.pooled.PooledDataSource  - Checked out connection 180014677 from pool.
10:47:57,885 [main] DEBUG org.apache.ibatis.transaction.jdbc.JdbcTransaction  - Setting autocommit to false on JDBC Connection [conn3: url=jdbc:h2:mem:activiti user=SA]
10:47:57,885 [main] DEBUG org.activiti.engine.impl.persistence.entity.JobEntity.selectJobByQueryCriteria  - ==&gt;  Preparing: select RES.* from ACT_RU_JOB RES order by order by RES.ID_ asc LIMIT ? OFFSET ? 
10:47:57,885 [main] DEBUG org.activiti.engine.impl.interceptor.CommandContext  - Error while closing command context
org.apache.ibatis.exceptions.PersistenceException: 
### Error querying database.  Cause: org.h2.jdbc.JdbcSQLException: Syntax error in SQL statement &quot;SELECT RES.* 
     
    FROM ACT_RU_JOB RES
     
      
   
     ORDER BY  ORDER[*] BY RES.ID_ ASC  
    LIMIT ? OFFSET ? &quot;; expected &quot;=, NOT, EXISTS, INTERSECTS, SELECT, FROM&quot;; SQL statement:
select RES.* 
     
    from ACT_RU_JOB RES
     
      
   
     order by  order by RES.ID_ asc  
    LIMIT ? OFFSET ? [42001-176]
### The error may exist in org/activiti/db/mapping/entity/Job.xml
### The error may involve org.activiti.engine.impl.persistence.entity.JobEntity.selectJobByQueryCriteria
### The error occurred while executing a query
### SQL: select RES.*            from ACT_RU_JOB RES                       order by  order by RES.ID_ asc       LIMIT ? OFFSET ?
### Cause: org.h2.jdbc.JdbcSQLException: Syntax error in SQL statement &quot;SELECT RES.* 
     
    FROM ACT_RU_JOB RES
     
      
   
     ORDER BY  ORDER[*] BY RES.ID_ ASC  
    LIMIT ? OFFSET ? &quot;; expected &quot;=, NOT, EXISTS, INTERSECTS, SELECT, FROM&quot;; SQL statement:
select RES.* 
     
    from ACT_RU_JOB RES
     
      
   
     order by  order by RES.ID_ asc  
    LIMIT ? OFFSET ? [42001-176]
	at org.apache.ibatis.exceptions.ExceptionFactory.wrapException(ExceptionFactory.java:30)
	at org.apache.ibatis.session.defaults.DefaultSqlSession.selectList(DefaultSqlSession.java:122)
	at org.apache.ibatis.session.defaults.DefaultSqlSession.selectList(DefaultSqlSession.java:113)
	at org.activiti.engine.impl.db.DbSqlSession.selectListWithRawParameter(DbSqlSession.java:438)
	at org.activiti.engine.impl.db.DbSqlSession.selectList(DbSqlSession.java:429)
	at org.activiti.engine.impl.db.DbSqlSession.selectList(DbSqlSession.java:419)
	at org.activiti.engine.impl.persistence.entity.JobEntityManager.findJobsByQueryCriteria(JobEntityManager.java:198)
	at org.activiti.engine.impl.JobQueryImpl.executeList(JobQueryImpl.java:243)
	at org.activiti.engine.impl.AbstractQuery.execute(AbstractQuery.java:164)
	at org.activiti.engine.impl.interceptor.CommandInvoker.execute(CommandInvoker.java:24)
	at org.activiti.engine.impl.interceptor.CommandContextInterceptor.execute(CommandContextInterceptor.java:57)
	at org.activiti.engine.impl.interceptor.LogInterceptor.execute(LogInterceptor.java:37)
	at org.activiti.engine.impl.cfg.CommandExecutorImpl.execute(CommandExecutorImpl.java:40)
	at org.activiti.engine.impl.cfg.CommandExecutorImpl.execute(CommandExecutorImpl.java:35)
	at org.activiti.engine.impl.AbstractQuery.list(AbstractQuery.java:138)
	at org.activiti.engine.impl.test.JobTestHelper.areJobsAvailable(JobTestHelper.java:194)
	at org.activiti.engine.impl.test.JobTestHelper.waitForJobExecutorToProcessAllJobs(JobTestHelper.java:74)
	at org.activiti.engine.impl.test.JobTestHelper.waitForJobExecutorToProcessAllJobs(JobTestHelper.java:47)
	at org.activiti.engine.impl.test.AbstractActivitiTestCase.waitForJobExecutorToProcessAllJobs(AbstractActivitiTestCase.java:204)
	at org.activiti.engine.test.jobexecutor.JobExecutorTest.testBasicJobExecutorOperation(JobExecutorTest.java:53)
	at sun.reflect.NativeMethodAccessorImpl.invoke0(Native Method)
	at sun.reflect.NativeMethodAccessorImpl.invoke(NativeMethodAccessorImpl.java:62)
	at sun.reflect.DelegatingMethodAccessorImpl.invoke(DelegatingMethodAccessorImpl.java:43)
	at java.lang.reflect.Method.invoke(Method.java:498)
	at junit.framework.TestCase.runTest(TestCase.java:176)
	at org.activiti.engine.impl.test.PvmTestCase.runTest(PvmTestCase.java:65)
	at junit.framework.TestCase.runBare(TestCase.java:141)
	at org.activiti.engine.impl.test.AbstractActivitiTestCase.runBare(AbstractActivitiTestCase.java:100)
	at junit.framework.TestResult$1.protect(TestResult.java:122)
	at junit.framework.TestResult.runProtected(TestResult.java:142)
	at junit.framework.TestResult.run(TestResult.java:125)
	at junit.framework.TestCase.run(TestCase.java:129)
	at junit.framework.TestSuite.runTest(TestSuite.java:255)
	at junit.framework.TestSuite.run(TestSuite.java:250)
	at org.junit.internal.runners.JUnit38ClassRunner.run(JUnit38ClassRunner.java:84)
	at org.apache.maven.surefire.junit4.JUnit4TestSet.execute(JUnit4TestSet.java:35)
	at org.apache.maven.surefire.junit4.JUnit4Provider.executeTestSet(JUnit4Provider.java:146)
	at org.apache.maven.surefire.junit4.JUnit4Provider.invoke(JUnit4Provider.java:97)
	at sun.reflect.NativeMethodAccessorImpl.invoke0(Native Method)
	at sun.reflect.NativeMethodAccessorImpl.invoke(NativeMethodAccessorImpl.java:62)
	at sun.reflect.DelegatingMethodAccessorImpl.invoke(DelegatingMethodAccessorImpl.java:43)
	at java.lang.reflect.Method.invoke(Method.java:498)
	at org.apache.maven.surefire.booter.ProviderFactory$ClassLoaderProxy.invoke(ProviderFactory.java:103)
	at com.sun.proxy.$Proxy0.invoke(Unknown Source)
	at org.apache.maven.surefire.booter.SurefireStarter.invokeProvider(SurefireStarter.java:145)
	at org.apache.maven.surefire.booter.SurefireStarter.runSuitesInProcess(SurefireStarter.java:87)
	at org.apache.maven.surefire.booter.ForkedBooter.main(ForkedBooter.java:69)
Caused by: org.h2.jdbc.JdbcSQLException: Syntax error in SQL statement &quot;SELECT RES.* 
     
    FROM ACT_RU_JOB RES
     
      
   
     ORDER BY  ORDER[*] BY RES.ID_ ASC  
    LIMIT ? OFFSET ? &quot;; expected &quot;=, NOT, EXISTS, INTERSECTS, SELECT, FROM&quot;; SQL statement:
select RES.* 
     
    from ACT_RU_JOB RES
     
      
   
     order by  order by RES.ID_ asc  
    LIMIT ? OFFSET ? [42001-176]
	at org.h2.message.DbException.getJdbcSQLException(DbException.java:344)
	at org.h2.message.DbException.getSyntaxError(DbException.java:204)
	at org.h2.command.Parser.getSyntaxError(Parser.java:524)
	at org.h2.command.Parser.readTerm(Parser.java:2688)
	at org.h2.command.Parser.readFactor(Parser.java:2244)
	at org.h2.command.Parser.readSum(Parser.java:2231)
	at org.h2.command.Parser.readConcat(Parser.java:2201)
	at org.h2.command.Parser.readCondition(Parser.java:2051)
	at org.h2.command.Parser.readAnd(Parser.java:2023)
	at org.h2.command.Parser.readExpression(Parser.java:2015)
	at org.h2.command.Parser.parseEndOfQuery(Parser.java:1726)
	at org.h2.command.Parser.parseSelectUnionExtension(Parser.java:1706)
	at org.h2.command.Parser.parseSelectUnion(Parser.java:1675)
	at org.h2.command.Parser.parseSelect(Parser.java:1662)
	at org.h2.command.Parser.parsePrepared(Parser.java:434)
	at org.h2.command.Parser.parse(Parser.java:306)
	at org.h2.command.Parser.parse(Parser.java:282)
	at org.h2.command.Parser.prepareCommand(Parser.java:243)
	at org.h2.engine.Session.prepareLocal(Session.java:442)
	at org.h2.engine.Session.prepareCommand(Session.java:384)
	at org.h2.jdbc.JdbcConnection.prepareCommand(JdbcConnection.java:1188)
	at org.h2.jdbc.JdbcPreparedStatement.&lt;init&gt;(JdbcPreparedStatement.java:73)
	at org.h2.jdbc.JdbcConnection.prepareStatement(JdbcConnection.java:276)
	at sun.reflect.GeneratedMethodAccessor6.invoke(Unknown Source)
	at sun.reflect.DelegatingMethodAccessorImpl.invoke(DelegatingMethodAccessorImpl.java:43)
	at java.lang.reflect.Method.invoke(Method.java:498)
	at org.apache.ibatis.datasource.pooled.PooledConnection.invoke(PooledConnection.java:245)
	at com.sun.proxy.$Proxy12.prepareStatement(Unknown Source)
	at sun.reflect.GeneratedMethodAccessor6.invoke(Unknown Source)
	at sun.reflect.DelegatingMethodAccessorImpl.invoke(DelegatingMethodAccessorImpl.java:43)
	at java.lang.reflect.Method.invoke(Method.java:498)
	at org.apache.ibatis.logging.jdbc.ConnectionLogger.invoke(ConnectionLogger.java:55)
	at com.sun.proxy.$Proxy12.prepareStatement(Unknown Source)
	at org.apache.ibatis.executor.statement.PreparedStatementHandler.instantiateStatement(PreparedStatementHandler.java:79)
	at org.apache.ibatis.executor.statement.BaseStatementHandler.prepare(BaseStatementHandler.java:88)
	at org.apache.ibatis.executor.statement.RoutingStatementHandler.prepare(RoutingStatementHandler.java:58)
	at org.apache.ibatis.executor.SimpleExecutor.prepareStatement(SimpleExecutor.java:76)
	at org.apache.ibatis.executor.SimpleExecutor.doQuery(SimpleExecutor.java:61)
	at org.apache.ibatis.executor.BaseExecutor.queryFromDatabase(BaseExecutor.java:303)
	at org.apache.ibatis.executor.BaseExecutor.query(BaseExecutor.java:154)
	at org.apache.ibatis.executor.CachingExecutor.query(CachingExecutor.java:102)
	at org.apache.ibatis.executor.CachingExecutor.query(CachingExecutor.java:82)
	at org.apache.ibatis.session.defaults.DefaultSqlSession.selectList(DefaultSqlSession.java:120)
	... 45 more
10:47:57,886 [main] DEBUG org.activiti.engine.impl.cfg.standalone.StandaloneMybatisTransactionContext  - firing event rolling back...
10:47:57,886 [main] DEBUG org.activiti.engine.impl.cfg.standalone.StandaloneMybatisTransactionContext  - rolling back ibatis sql session...
10:47:57,886 [main] DEBUG org.activiti.engine.impl.cfg.standalone.StandaloneMybatisTransactionContext  - firing event rolled back...
10:47:57,886 [main] DEBUG org.apache.ibatis.transaction.jdbc.JdbcTransaction  - Resetting autocommit to true on JDBC Connection [conn3: url=jdbc:h2:mem:activiti user=SA]
10:47:57,886 [main] DEBUG org.apache.ibatis.transaction.jdbc.JdbcTransaction  - Closing JDBC Connection [conn3: url=jdbc:h2:mem:activiti user=SA]
10:47:57,886 [main] DEBUG org.apache.ibatis.datasource.pooled.PooledDataSource  - Returned connection 180014677 to pool.
10:47:57,886 [main] DEBUG org.activiti.engine.impl.interceptor.LogInterceptor  - --- JobQueryImpl finished --------------------------------------------------------
10:47:57,886 [main] DEBUG org.activiti.engine.impl.interceptor.LogInterceptor  - 

10:47:57,901 [Thread-112] DEBUG org.activiti.engine.impl.asyncexecutor.AcquireAsyncJobsDueRunnable  - async job acquisition thread woke up
10:47:57,901 [Thread-112] DEBUG org.activiti.engine.impl.interceptor.LogInterceptor  - 

10:47:57,901 [Thread-112] DEBUG org.activiti.engine.impl.interceptor.LogInterceptor  - --- starting AcquireAsyncJobsDueCmd --------------------------------------------------------
10:47:57,901 [Thread-112] DEBUG org.apache.ibatis.transaction.jdbc.JdbcTransaction  - Opening JDBC Connection
10:47:57,901 [Thread-112] DEBUG org.apache.ibatis.datasource.pooled.PooledDataSource  - Checked out connection 58501658 from pool.
10:47:57,901 [Thread-112] DEBUG org.apache.ibatis.transaction.jdbc.JdbcTransaction  - Setting autocommit to false on JDBC Connection [conn68: url=jdbc:h2:mem:activiti-AsyncExecutorTest user=SA]
10:47:57,901 [Thread-112] DEBUG org.activiti.engine.impl.persistence.entity.JobEntity.selectAsyncJobsDueToExecute  - ==&gt;  Preparing: select RES.* from ACT_RU_JOB RES LEFT OUTER JOIN ACT_RU_EXECUTION PI ON PI.ID_ = RES.PROCESS_INSTANCE_ID_ where RES.RETRIES_ &gt; 0 and RES.DUEDATE_ is not null and RES.DUEDATE_ &lt;= ? and (RES.LOCK_EXP_TIME_ is null or RES.LOCK_EXP_TIME_ &lt;= ?) and TYPE_ = &apos;message&apos; and ( (RES.EXECUTION_ID_ is null) or (PI.SUSPENSION_STATE_ = 1) ) LIMIT ? OFFSET ? 
10:47:57,901 [Thread-112] DEBUG org.activiti.engine.impl.persistence.entity.JobEntity.selectAsyncJobsDueToExecute  - ==&gt; Parameters: 2023-03-20 10:48:50.669(Timestamp), 2023-03-20 10:48:50.669(Timestamp), 1(Integer), 0(Integer)
10:47:57,901 [Thread-112] DEBUG org.activiti.engine.impl.persistence.entity.JobEntity.selectAsyncJobsDueToExecute  - &lt;==      Total: 0
10:47:57,901 [Thread-112] DEBUG org.activiti.engine.impl.db.DbSqlSession  - flush summary: 0 insert, 0 update, 0 delete.
10:47:57,901 [Thread-112] DEBUG org.activiti.engine.impl.db.DbSqlSession  - now executing flush...
10:47:57,901 [Thread-112] DEBUG org.activiti.engine.impl.cfg.standalone.StandaloneMybatisTransactionContext  - firing event committing...
10:47:57,901 [Thread-112] DEBUG org.activiti.engine.impl.cfg.standalone.StandaloneMybatisTransactionContext  - committing the ibatis sql session...
10:47:57,901 [Thread-112] DEBUG org.activiti.engine.impl.cfg.standalone.StandaloneMybatisTransactionContext  - firing event committed...
10:47:57,901 [Thread-112] DEBUG org.apache.ibatis.transaction.jdbc.JdbcTransaction  - Resetting autocommit to true on JDBC Connection [conn68: url=jdbc:h2:mem:activiti-AsyncExecutorTest user=SA]
10:47:57,901 [Thread-112] DEBUG org.apache.ibatis.transaction.jdbc.JdbcTransaction  - Closing JDBC Connection [conn68: url=jdbc:h2:mem:activiti-AsyncExecutorTest user=SA]
10:47:57,901 [Thread-112] DEBUG org.apache.ibatis.datasource.pooled.PooledDataSource  - Returned connection 58501658 to pool.
10:47:57,901 [Thread-112] DEBUG org.activiti.engine.impl.interceptor.LogInterceptor  - --- AcquireAsyncJobsDueCmd finished --------------------------------------------------------
10:47:57,901 [Thread-112] DEBUG org.activiti.engine.impl.interceptor.LogInterceptor  - 

10:47:57,901 [Thread-112] DEBUG org.activiti.engine.impl.asyncexecutor.AcquireAsyncJobsDueRunnable  - async job acquisition thread sleeping for 50 millis
10:47:57,916 [Thread-106] DEBUG org.activiti.engine.impl.asyncexecutor.AcquireAsyncJobsDueRunnable  - async job acquisition thread woke up
10:47:57,916 [Thread-106] DEBUG org.activiti.engine.impl.interceptor.LogInterceptor  - 

10:47:57,916 [Thread-111] DEBUG org.activiti.engine.impl.asyncexecutor.AcquireTimerJobsRunnable  - timer job acquisition thread woke up
10:47:57,916 [Thread-111] DEBUG org.activiti.engine.impl.interceptor.LogInterceptor  - 

10:47:57,916 [Thread-111] DEBUG org.activiti.engine.impl.interceptor.LogInterceptor  - --- starting AcquireTimerJobsCmd --------------------------------------------------------
10:47:57,916 [Thread-102] DEBUG org.activiti.engine.impl.asyncexecutor.AcquireTimerJobsRunnable  - timer job acquisition thread woke up
10:47:57,916 [Thread-102] DEBUG org.activiti.engine.impl.interceptor.LogInterceptor  - 

10:47:57,916 [Thread-102] DEBUG org.activiti.engine.impl.interceptor.LogInterceptor  - --- starting AcquireTimerJobsCmd --------------------------------------------------------
10:47:57,916 [Thread-103] DEBUG org.activiti.engine.impl.asyncexecutor.AcquireAsyncJobsDueRunnable  - async job acquisition thread woke up
10:47:57,917 [Thread-103] DEBUG org.activiti.engine.impl.interceptor.LogInterceptor  - 

10:47:57,917 [Thread-103] DEBUG org.activiti.engine.impl.interceptor.LogInterceptor  - --- starting AcquireAsyncJobsDueCmd --------------------------------------------------------
10:47:57,917 [Thread-103] DEBUG org.apache.ibatis.transaction.jdbc.JdbcTransaction  - Opening JDBC Connection
10:47:57,916 [Thread-105] DEBUG org.activiti.engine.impl.asyncexecutor.AcquireTimerJobsRunnable  - timer job acquisition thread woke up
10:47:57,917 [Thread-105] DEBUG org.activiti.engine.impl.interceptor.LogInterceptor  - 

10:47:57,917 [Thread-105] DEBUG org.activiti.engine.impl.interceptor.LogInterceptor  - --- starting AcquireTimerJobsCmd --------------------------------------------------------
10:47:57,917 [Thread-103] DEBUG org.apache.ibatis.datasource.pooled.PooledDataSource  - Checked out connection 720039383 from pool.
10:47:57,917 [Thread-103] DEBUG org.apache.ibatis.transaction.jdbc.JdbcTransaction  - Setting autocommit to false on JDBC Connection [conn59: url=jdbc:h2:mem:activiti-AsyncExecutorTest user=SA]
10:47:57,917 [Thread-103] DEBUG org.activiti.engine.impl.persistence.entity.JobEntity.selectAsyncJobsDueToExecute  - ==&gt;  Preparing: select RES.* from ACT_RU_JOB RES LEFT OUTER JOIN ACT_RU_EXECUTION PI ON PI.ID_ = RES.PROCESS_INSTANCE_ID_ where RES.RETRIES_ &gt; 0 and RES.DUEDATE_ is not null and RES.DUEDATE_ &lt;= ? and (RES.LOCK_EXP_TIME_ is null or RES.LOCK_EXP_TIME_ &lt;= ?) and TYPE_ = &apos;message&apos; and ( (RES.EXECUTION_ID_ is null) or (PI.SUSPENSION_STATE_ = 1) ) LIMIT ? OFFSET ? 
10:47:57,916 [Thread-102] DEBUG org.apache.ibatis.transaction.jdbc.JdbcTransaction  - Opening JDBC Connection
10:47:57,917 [Thread-102] DEBUG org.apache.ibatis.datasource.pooled.PooledDataSource  - Checked out connection 33534803 from pool.
10:47:57,917 [Thread-102] DEBUG org.apache.ibatis.transaction.jdbc.JdbcTransaction  - Setting autocommit to false on JDBC Connection [conn60: url=jdbc:h2:mem:activiti-AsyncExecutorTest user=SA]
10:47:57,916 [Thread-111] DEBUG org.apache.ibatis.transaction.jdbc.JdbcTransaction  - Opening JDBC Connection
10:47:57,917 [Thread-111] DEBUG org.apache.ibatis.datasource.pooled.PooledDataSource  - Checked out connection 1863805930 from pool.
10:47:57,917 [Thread-111] DEBUG org.apache.ibatis.transaction.jdbc.JdbcTransaction  - Setting autocommit to false on JDBC Connection [conn69: url=jdbc:h2:mem:activiti-AsyncExecutorTest user=SA]
10:47:57,917 [Thread-111] DEBUG org.activiti.engine.impl.persistence.entity.JobEntity.selectNextTimerJobsToExecute  - ==&gt;  Preparing: select RES.* from ACT_RU_JOB RES LEFT OUTER JOIN ACT_RU_EXECUTION PI ON PI.ID_ = RES.PROCESS_INSTANCE_ID_ where (RES.RETRIES_ &gt; 0) and (RES.DUEDATE_ is null or RES.DUEDATE_ &lt;= ?) and (RES.LOCK_OWNER_ is null or RES.LOCK_EXP_TIME_ &lt;= ?) and TYPE_ = &apos;timer&apos; and ( (RES.EXECUTION_ID_ is null) or (PI.SUSPENSION_STATE_ = 1) ) LIMIT ? OFFSET ? 
10:47:57,917 [Thread-111] DEBUG org.activiti.engine.impl.persistence.entity.JobEntity.selectNextTimerJobsToExecute  - ==&gt; Parameters: 2023-03-20 10:48:50.669(Timestamp), 2023-03-20 10:48:50.669(Timestamp), 1(Integer), 0(Integer)
10:47:57,916 [Thread-106] DEBUG org.activiti.engine.impl.interceptor.LogInterceptor  - --- starting AcquireAsyncJobsDueCmd --------------------------------------------------------
10:47:57,917 [Thread-106] DEBUG org.apache.ibatis.transaction.jdbc.JdbcTransaction  - Opening JDBC Connection
10:47:57,917 [Thread-106] DEBUG org.apache.ibatis.datasource.pooled.PooledDataSource  - Checked out connection 1970103261 from pool.
10:47:57,917 [Thread-106] DEBUG org.apache.ibatis.transaction.jdbc.JdbcTransaction  - Setting autocommit to false on JDBC Connection [conn63: url=jdbc:h2:mem:activiti-AsyncExecutorTest user=SA]
10:47:57,917 [Thread-111] DEBUG org.activiti.engine.impl.persistence.entity.JobEntity.selectNextTimerJobsToExecute  - &lt;==      Total: 0
10:47:57,917 [Thread-111] DEBUG org.activiti.engine.impl.db.DbSqlSession  - flush summary: 0 insert, 0 update, 0 delete.
10:47:57,917 [Thread-111] DEBUG org.activiti.engine.impl.db.DbSqlSession  - now executing flush...
10:47:57,917 [Thread-111] DEBUG org.activiti.engine.impl.cfg.standalone.StandaloneMybatisTransactionContext  - firing event committing...
10:47:57,917 [Thread-111] DEBUG org.activiti.engine.impl.cfg.standalone.StandaloneMybatisTransactionContext  - committing the ibatis sql session...
10:47:57,917 [Thread-111] DEBUG org.activiti.engine.impl.cfg.standalone.StandaloneMybatisTransactionContext  - firing event committed...
10:47:57,917 [Thread-111] DEBUG org.apache.ibatis.transaction.jdbc.JdbcTransaction  - Resetting autocommit to true on JDBC Connection [conn69: url=jdbc:h2:mem:activiti-AsyncExecutorTest user=SA]
10:47:57,918 [Thread-111] DEBUG org.apache.ibatis.transaction.jdbc.JdbcTransaction  - Closing JDBC Connection [conn69: url=jdbc:h2:mem:activiti-AsyncExecutorTest user=SA]
10:47:57,918 [Thread-111] DEBUG org.apache.ibatis.datasource.pooled.PooledDataSource  - Returned connection 1863805930 to pool.
10:47:57,918 [Thread-111] DEBUG org.activiti.engine.impl.interceptor.LogInterceptor  - --- AcquireTimerJobsCmd finished --------------------------------------------------------
10:47:57,918 [Thread-111] DEBUG org.activiti.engine.impl.interceptor.LogInterceptor  - 

10:47:57,918 [Thread-111] DEBUG org.activiti.engine.impl.asyncexecutor.AcquireTimerJobsRunnable  - timer job acquisition thread sleeping for 50 millis
10:47:57,917 [Thread-102] DEBUG org.activiti.engine.impl.persistence.entity.JobEntity.selectNextTimerJobsToExecute  - ==&gt;  Preparing: select RES.* from ACT_RU_JOB RES LEFT OUTER JOIN ACT_RU_EXECUTION PI ON PI.ID_ = RES.PROCESS_INSTANCE_ID_ where (RES.RETRIES_ &gt; 0) and (RES.DUEDATE_ is null or RES.DUEDATE_ &lt;= ?) and (RES.LOCK_OWNER_ is null or RES.LOCK_EXP_TIME_ &lt;= ?) and TYPE_ = &apos;timer&apos; and ( (RES.EXECUTION_ID_ is null) or (PI.SUSPENSION_STATE_ = 1) ) LIMIT ? OFFSET ? 
10:47:57,918 [Thread-102] DEBUG org.activiti.engine.impl.persistence.entity.JobEntity.selectNextTimerJobsToExecute  - ==&gt; Parameters: 2023-03-20 10:48:50.669(Timestamp), 2023-03-20 10:48:50.669(Timestamp), 1(Integer), 0(Integer)
10:47:57,918 [Thread-102] DEBUG org.activiti.engine.impl.persistence.entity.JobEntity.selectNextTimerJobsToExecute  - &lt;==      Total: 0
10:47:57,918 [Thread-102] DEBUG org.activiti.engine.impl.db.DbSqlSession  - flush summary: 0 insert, 0 update, 0 delete.
10:47:57,918 [Thread-102] DEBUG org.activiti.engine.impl.db.DbSqlSession  - now executing flush...
10:47:57,918 [Thread-102] DEBUG org.activiti.engine.impl.cfg.standalone.StandaloneMybatisTransactionContext  - firing event committing...
10:47:57,918 [Thread-102] DEBUG org.activiti.engine.impl.cfg.standalone.StandaloneMybatisTransactionContext  - committing the ibatis sql session...
10:47:57,918 [Thread-102] DEBUG org.activiti.engine.impl.cfg.standalone.StandaloneMybatisTransactionContext  - firing event committed...
10:47:57,918 [Thread-102] DEBUG org.apache.ibatis.transaction.jdbc.JdbcTransaction  - Resetting autocommit to true on JDBC Connection [conn60: url=jdbc:h2:mem:activiti-AsyncExecutorTest user=SA]
10:47:57,917 [Thread-103] DEBUG org.activiti.engine.impl.persistence.entity.JobEntity.selectAsyncJobsDueToExecute  - ==&gt; Parameters: 2023-03-20 10:48:50.669(Timestamp), 2023-03-20 10:48:50.669(Timestamp), 1(Integer), 0(Integer)
10:47:57,918 [Thread-103] DEBUG org.activiti.engine.impl.persistence.entity.JobEntity.selectAsyncJobsDueToExecute  - &lt;==      Total: 0
10:47:57,918 [Thread-103] DEBUG org.activiti.engine.impl.db.DbSqlSession  - flush summary: 0 insert, 0 update, 0 delete.
10:47:57,918 [Thread-103] DEBUG org.activiti.engine.impl.db.DbSqlSession  - now executing flush...
10:47:57,918 [Thread-103] DEBUG org.activiti.engine.impl.cfg.standalone.StandaloneMybatisTransactionContext  - firing event committing...
10:47:57,918 [Thread-103] DEBUG org.activiti.engine.impl.cfg.standalone.StandaloneMybatisTransactionContext  - committing the ibatis sql session...
10:47:57,918 [Thread-103] DEBUG org.activiti.engine.impl.cfg.standalone.StandaloneMybatisTransactionContext  - firing event committed...
10:47:57,918 [Thread-103] DEBUG org.apache.ibatis.transaction.jdbc.JdbcTransaction  - Resetting autocommit to true on JDBC Connection [conn59: url=jdbc:h2:mem:activiti-AsyncExecutorTest user=SA]
10:47:57,918 [Thread-103] DEBUG org.apache.ibatis.transaction.jdbc.JdbcTransaction  - Closing JDBC Connection [conn59: url=jdbc:h2:mem:activiti-AsyncExecutorTest user=SA]
10:47:57,918 [Thread-103] DEBUG org.apache.ibatis.datasource.pooled.PooledDataSource  - Returned connection 720039383 to pool.
10:47:57,918 [Thread-103] DEBUG org.activiti.engine.impl.interceptor.LogInterceptor  - --- AcquireAsyncJobsDueCmd finished --------------------------------------------------------
10:47:57,918 [Thread-103] DEBUG org.activiti.engine.impl.interceptor.LogInterceptor  - 

10:47:57,918 [Thread-103] DEBUG org.activiti.engine.impl.asyncexecutor.AcquireAsyncJobsDueRunnable  - async job acquisition thread sleeping for 50 millis
10:47:57,917 [Thread-105] DEBUG org.apache.ibatis.transaction.jdbc.JdbcTransaction  - Opening JDBC Connection
10:47:57,918 [Thread-105] DEBUG org.apache.ibatis.datasource.pooled.PooledDataSource  - Checked out connection 996762054 from pool.
10:47:57,918 [Thread-105] DEBUG org.apache.ibatis.transaction.jdbc.JdbcTransaction  - Setting autocommit to false on JDBC Connection [conn65: url=jdbc:h2:mem:activiti-AsyncExecutorTest user=SA]
10:47:57,918 [Thread-102] DEBUG org.apache.ibatis.transaction.jdbc.JdbcTransaction  - Closing JDBC Connection [conn60: url=jdbc:h2:mem:activiti-AsyncExecutorTest user=SA]
10:47:57,918 [Thread-102] DEBUG org.apache.ibatis.datasource.pooled.PooledDataSource  - Returned connection 33534803 to pool.
10:47:57,918 [Thread-102] DEBUG org.activiti.engine.impl.interceptor.LogInterceptor  - --- AcquireTimerJobsCmd finished --------------------------------------------------------
10:47:57,918 [Thread-102] DEBUG org.activiti.engine.impl.interceptor.LogInterceptor  - 

10:47:57,918 [Thread-102] DEBUG org.activiti.engine.impl.asyncexecutor.AcquireTimerJobsRunnable  - timer job acquisition thread sleeping for 50 millis
10:47:57,917 [Thread-106] DEBUG org.activiti.engine.impl.persistence.entity.JobEntity.selectAsyncJobsDueToExecute  - ==&gt;  Preparing: select RES.* from ACT_RU_JOB RES LEFT OUTER JOIN ACT_RU_EXECUTION PI ON PI.ID_ = RES.PROCESS_INSTANCE_ID_ where RES.RETRIES_ &gt; 0 and RES.DUEDATE_ is not null and RES.DUEDATE_ &lt;= ? and (RES.LOCK_EXP_TIME_ is null or RES.LOCK_EXP_TIME_ &lt;= ?) and TYPE_ = &apos;message&apos; and ( (RES.EXECUTION_ID_ is null) or (PI.SUSPENSION_STATE_ = 1) ) LIMIT ? OFFSET ? 
10:47:57,918 [Thread-106] DEBUG org.activiti.engine.impl.persistence.entity.JobEntity.selectAsyncJobsDueToExecute  - ==&gt; Parameters: 2023-03-20 10:48:50.669(Timestamp), 2023-03-20 10:48:50.669(Timestamp), 1(Integer), 0(Integer)
10:47:57,918 [Thread-105] DEBUG org.activiti.engine.impl.persistence.entity.JobEntity.selectNextTimerJobsToExecute  - ==&gt;  Preparing: select RES.* from ACT_RU_JOB RES LEFT OUTER JOIN ACT_RU_EXECUTION PI ON PI.ID_ = RES.PROCESS_INSTANCE_ID_ where (RES.RETRIES_ &gt; 0) and (RES.DUEDATE_ is null or RES.DUEDATE_ &lt;= ?) and (RES.LOCK_OWNER_ is null or RES.LOCK_EXP_TIME_ &lt;= ?) and TYPE_ = &apos;timer&apos; and ( (RES.EXECUTION_ID_ is null) or (PI.SUSPENSION_STATE_ = 1) ) LIMIT ? OFFSET ? 
10:47:57,918 [Thread-105] DEBUG org.activiti.engine.impl.persistence.entity.JobEntity.selectNextTimerJobsToExecute  - ==&gt; Parameters: 2023-03-20 10:48:50.669(Timestamp), 2023-03-20 10:48:50.669(Timestamp), 1(Integer), 0(Integer)
10:47:57,918 [Thread-105] DEBUG org.activiti.engine.impl.persistence.entity.JobEntity.selectNextTimerJobsToExecute  - &lt;==      Total: 0
10:47:57,918 [Thread-105] DEBUG org.activiti.engine.impl.db.DbSqlSession  - flush summary: 0 insert, 0 update, 0 delete.
10:47:57,918 [Thread-105] DEBUG org.activiti.engine.impl.db.DbSqlSession  - now executing flush...
10:47:57,918 [Thread-105] DEBUG org.activiti.engine.impl.cfg.standalone.StandaloneMybatisTransactionContext  - firing event committing...
10:47:57,918 [Thread-105] DEBUG org.activiti.engine.impl.cfg.standalone.StandaloneMybatisTransactionContext  - committing the ibatis sql session...
10:47:57,918 [Thread-105] DEBUG org.activiti.engine.impl.cfg.standalone.StandaloneMybatisTransactionContext  - firing event committed...
10:47:57,918 [Thread-105] DEBUG org.apache.ibatis.transaction.jdbc.JdbcTransaction  - Resetting autocommit to true on JDBC Connection [conn65: url=jdbc:h2:mem:activiti-AsyncExecutorTest user=SA]
10:47:57,918 [Thread-105] DEBUG org.apache.ibatis.transaction.jdbc.JdbcTransaction  - Closing JDBC Connection [conn65: url=jdbc:h2:mem:activiti-AsyncExecutorTest user=SA]
10:47:57,918 [Thread-105] DEBUG org.apache.ibatis.datasource.pooled.PooledDataSource  - Returned connection 996762054 to pool.
10:47:57,918 [Thread-105] DEBUG org.activiti.engine.impl.interceptor.LogInterceptor  - --- AcquireTimerJobsCmd finished --------------------------------------------------------
10:47:57,918 [Thread-105] DEBUG org.activiti.engine.impl.interceptor.LogInterceptor  - 

10:47:57,918 [Thread-105] DEBUG org.activiti.engine.impl.asyncexecutor.AcquireTimerJobsRunnable  - timer job acquisition thread sleeping for 50 millis
10:47:57,918 [Thread-106] DEBUG org.activiti.engine.impl.persistence.entity.JobEntity.selectAsyncJobsDueToExecute  - &lt;==      Total: 0
10:47:57,919 [Thread-106] DEBUG org.activiti.engine.impl.db.DbSqlSession  - flush summary: 0 insert, 0 update, 0 delete.
10:47:57,919 [Thread-106] DEBUG org.activiti.engine.impl.db.DbSqlSession  - now executing flush...
10:47:57,919 [Thread-106] DEBUG org.activiti.engine.impl.cfg.standalone.StandaloneMybatisTransactionContext  - firing event committing...
10:47:57,919 [Thread-106] DEBUG org.activiti.engine.impl.cfg.standalone.StandaloneMybatisTransactionContext  - committing the ibatis sql session...
10:47:57,919 [Thread-106] DEBUG org.activiti.engine.impl.cfg.standalone.StandaloneMybatisTransactionContext  - firing event committed...
10:47:57,919 [Thread-106] DEBUG org.apache.ibatis.transaction.jdbc.JdbcTransaction  - Resetting autocommit to true on JDBC Connection [conn63: url=jdbc:h2:mem:activiti-AsyncExecutorTest user=SA]
10:47:57,919 [Thread-106] DEBUG org.apache.ibatis.transaction.jdbc.JdbcTransaction  - Closing JDBC Connection [conn63: url=jdbc:h2:mem:activiti-AsyncExecutorTest user=SA]
10:47:57,919 [Thread-106] DEBUG org.apache.ibatis.datasource.pooled.PooledDataSource  - Returned connection 1970103261 to pool.
10:47:57,919 [Thread-106] DEBUG org.activiti.engine.impl.interceptor.LogInterceptor  - --- AcquireAsyncJobsDueCmd finished --------------------------------------------------------
10:47:57,919 [Thread-106] DEBUG org.activiti.engine.impl.interceptor.LogInterceptor  - 

10:47:57,919 [Thread-106] DEBUG org.activiti.engine.impl.asyncexecutor.AcquireAsyncJobsDueRunnable  - async job acquisition thread sleeping for 50 millis
10:47:57,963 [Thread-112] DEBUG org.activiti.engine.impl.asyncexecutor.AcquireAsyncJobsDueRunnable  - async job acquisition thread woke up
10:47:57,963 [Thread-112] DEBUG org.activiti.engine.impl.interceptor.LogInterceptor  - 

10:47:57,963 [Thread-112] DEBUG org.activiti.engine.impl.interceptor.LogInterceptor  - --- starting AcquireAsyncJobsDueCmd --------------------------------------------------------
10:47:57,963 [Thread-112] DEBUG org.apache.ibatis.transaction.jdbc.JdbcTransaction  - Opening JDBC Connection
10:47:57,963 [Thread-112] DEBUG org.apache.ibatis.datasource.pooled.PooledDataSource  - Checked out connection 604408605 from pool.
10:47:57,963 [Thread-112] DEBUG org.apache.ibatis.transaction.jdbc.JdbcTransaction  - Setting autocommit to false on JDBC Connection [conn70: url=jdbc:h2:mem:activiti-AsyncExecutorTest user=SA]
10:47:57,963 [Thread-112] DEBUG org.activiti.engine.impl.persistence.entity.JobEntity.selectAsyncJobsDueToExecute  - ==&gt;  Preparing: select RES.* from ACT_RU_JOB RES LEFT OUTER JOIN ACT_RU_EXECUTION PI ON PI.ID_ = RES.PROCESS_INSTANCE_ID_ where RES.RETRIES_ &gt; 0 and RES.DUEDATE_ is not null and RES.DUEDATE_ &lt;= ? and (RES.LOCK_EXP_TIME_ is null or RES.LOCK_EXP_TIME_ &lt;= ?) and TYPE_ = &apos;message&apos; and ( (RES.EXECUTION_ID_ is null) or (PI.SUSPENSION_STATE_ = 1) ) LIMIT ? OFFSET ? 
10:47:57,963 [Thread-112] DEBUG org.activiti.engine.impl.persistence.entity.JobEntity.selectAsyncJobsDueToExecute  - ==&gt; Parameters: 2023-03-20 10:48:50.669(Timestamp), 2023-03-20 10:48:50.669(Timestamp), 1(Integer), 0(Integer)
10:47:57,963 [Thread-112] DEBUG org.activiti.engine.impl.persistence.entity.JobEntity.selectAsyncJobsDueToExecute  - &lt;==      Total: 0
10:47:57,963 [Thread-112] DEBUG org.activiti.engine.impl.db.DbSqlSession  - flush summary: 0 insert, 0 update, 0 delete.
10:47:57,963 [Thread-112] DEBUG org.activiti.engine.impl.db.DbSqlSession  - now executing flush...
10:47:57,963 [Thread-112] DEBUG org.activiti.engine.impl.cfg.standalone.StandaloneMybatisTransactionContext  - firing event committing...
10:47:57,963 [Thread-112] DEBUG org.activiti.engine.impl.cfg.standalone.StandaloneMybatisTransactionContext  - committing the ibatis sql session...
10:47:57,963 [Thread-112] DEBUG org.activiti.engine.impl.cfg.standalone.StandaloneMybatisTransactionContext  - firing event committed...
10:47:57,963 [Thread-112] DEBUG org.apache.ibatis.transaction.jdbc.JdbcTransaction  - Resetting autocommit to true on JDBC Connection [conn70: url=jdbc:h2:mem:activiti-AsyncExecutorTest user=SA]
10:47:57,963 [Thread-112] DEBUG org.apache.ibatis.transaction.jdbc.JdbcTransaction  - Closing JDBC Connection [conn70: url=jdbc:h2:mem:activiti-AsyncExecutorTest user=SA]
10:47:57,963 [Thread-112] DEBUG org.apache.ibatis.datasource.pooled.PooledDataSource  - Returned connection 604408605 to pool.
10:47:57,963 [Thread-112] DEBUG org.activiti.engine.impl.interceptor.LogInterceptor  - --- AcquireAsyncJobsDueCmd finished --------------------------------------------------------
10:47:57,963 [Thread-112] DEBUG org.activiti.engine.impl.interceptor.LogInterceptor  - 

10:47:57,963 [Thread-112] DEBUG org.activiti.engine.impl.asyncexecutor.AcquireAsyncJobsDueRunnable  - async job acquisition thread sleeping for 50 millis
10:47:57,978 [Thread-106] DEBUG org.activiti.engine.impl.asyncexecutor.AcquireAsyncJobsDueRunnable  - async job acquisition thread woke up
10:47:57,978 [Thread-106] DEBUG org.activiti.engine.impl.interceptor.LogInterceptor  - 

10:47:57,978 [Thread-106] DEBUG org.activiti.engine.impl.interceptor.LogInterceptor  - --- starting AcquireAsyncJobsDueCmd --------------------------------------------------------
10:47:57,978 [Thread-103] DEBUG org.activiti.engine.impl.asyncexecutor.AcquireAsyncJobsDueRunnable  - async job acquisition thread woke up
10:47:57,978 [Thread-103] DEBUG org.activiti.engine.impl.interceptor.LogInterceptor  - 

10:47:57,978 [Thread-103] DEBUG org.activiti.engine.impl.interceptor.LogInterceptor  - --- starting AcquireAsyncJobsDueCmd --------------------------------------------------------
10:47:57,978 [Thread-103] DEBUG org.apache.ibatis.transaction.jdbc.JdbcTransaction  - Opening JDBC Connection
10:47:57,978 [Thread-103] DEBUG org.apache.ibatis.datasource.pooled.PooledDataSource  - Checked out connection 157985567 from pool.
10:47:57,978 [Thread-103] DEBUG org.apache.ibatis.transaction.jdbc.JdbcTransaction  - Setting autocommit to false on JDBC Connection [conn61: url=jdbc:h2:mem:activiti-AsyncExecutorTest user=SA]
10:47:57,978 [Thread-103] DEBUG org.activiti.engine.impl.persistence.entity.JobEntity.selectAsyncJobsDueToExecute  - ==&gt;  Preparing: select RES.* from ACT_RU_JOB RES LEFT OUTER JOIN ACT_RU_EXECUTION PI ON PI.ID_ = RES.PROCESS_INSTANCE_ID_ where RES.RETRIES_ &gt; 0 and RES.DUEDATE_ is not null and RES.DUEDATE_ &lt;= ? and (RES.LOCK_EXP_TIME_ is null or RES.LOCK_EXP_TIME_ &lt;= ?) and TYPE_ = &apos;message&apos; and ( (RES.EXECUTION_ID_ is null) or (PI.SUSPENSION_STATE_ = 1) ) LIMIT ? OFFSET ? 
10:47:57,978 [Thread-103] DEBUG org.activiti.engine.impl.persistence.entity.JobEntity.selectAsyncJobsDueToExecute  - ==&gt; Parameters: 2023-03-20 10:48:50.669(Timestamp), 2023-03-20 10:48:50.669(Timestamp), 1(Integer), 0(Integer)
10:47:57,978 [Thread-111] DEBUG org.activiti.engine.impl.asyncexecutor.AcquireTimerJobsRunnable  - timer job acquisition thread woke up
10:47:57,979 [Thread-111] DEBUG org.activiti.engine.impl.interceptor.LogInterceptor  - 

10:47:57,978 [Thread-102] DEBUG org.activiti.engine.impl.asyncexecutor.AcquireTimerJobsRunnable  - timer job acquisition thread woke up
10:47:57,979 [Thread-102] DEBUG org.activiti.engine.impl.interceptor.LogInterceptor  - 

10:47:57,979 [Thread-102] DEBUG org.activiti.engine.impl.interceptor.LogInterceptor  - --- starting AcquireTimerJobsCmd --------------------------------------------------------
10:47:57,978 [Thread-105] DEBUG org.activiti.engine.impl.asyncexecutor.AcquireTimerJobsRunnable  - timer job acquisition thread woke up
10:47:57,979 [Thread-105] DEBUG org.activiti.engine.impl.interceptor.LogInterceptor  - 

10:47:57,979 [Thread-105] DEBUG org.activiti.engine.impl.interceptor.LogInterceptor  - --- starting AcquireTimerJobsCmd --------------------------------------------------------
10:47:57,979 [Thread-102] DEBUG org.apache.ibatis.transaction.jdbc.JdbcTransaction  - Opening JDBC Connection
10:47:57,979 [Thread-102] DEBUG org.apache.ibatis.datasource.pooled.PooledDataSource  - Checked out connection 720039383 from pool.
10:47:57,979 [Thread-102] DEBUG org.apache.ibatis.transaction.jdbc.JdbcTransaction  - Setting autocommit to false on JDBC Connection [conn59: url=jdbc:h2:mem:activiti-AsyncExecutorTest user=SA]
10:47:57,979 [Thread-102] DEBUG org.activiti.engine.impl.persistence.entity.JobEntity.selectNextTimerJobsToExecute  - ==&gt;  Preparing: select RES.* from ACT_RU_JOB RES LEFT OUTER JOIN ACT_RU_EXECUTION PI ON PI.ID_ = RES.PROCESS_INSTANCE_ID_ where (RES.RETRIES_ &gt; 0) and (RES.DUEDATE_ is null or RES.DUEDATE_ &lt;= ?) and (RES.LOCK_OWNER_ is null or RES.LOCK_EXP_TIME_ &lt;= ?) and TYPE_ = &apos;timer&apos; and ( (RES.EXECUTION_ID_ is null) or (PI.SUSPENSION_STATE_ = 1) ) LIMIT ? OFFSET ? 
10:47:57,979 [Thread-102] DEBUG org.activiti.engine.impl.persistence.entity.JobEntity.selectNextTimerJobsToExecute  - ==&gt; Parameters: 2023-03-20 10:48:50.669(Timestamp), 2023-03-20 10:48:50.669(Timestamp), 1(Integer), 0(Integer)
10:47:57,979 [Thread-111] DEBUG org.activiti.engine.impl.interceptor.LogInterceptor  - --- starting AcquireTimerJobsCmd --------------------------------------------------------
10:47:57,979 [Thread-111] DEBUG org.apache.ibatis.transaction.jdbc.JdbcTransaction  - Opening JDBC Connection
10:47:57,979 [Thread-111] DEBUG org.apache.ibatis.datasource.pooled.PooledDataSource  - Checked out connection 58501658 from pool.
10:47:57,979 [Thread-111] DEBUG org.apache.ibatis.transaction.jdbc.JdbcTransaction  - Setting autocommit to false on JDBC Connection [conn68: url=jdbc:h2:mem:activiti-AsyncExecutorTest user=SA]
10:47:57,979 [Thread-111] DEBUG org.activiti.engine.impl.persistence.entity.JobEntity.selectNextTimerJobsToExecute  - ==&gt;  Preparing: select RES.* from ACT_RU_JOB RES LEFT OUTER JOIN ACT_RU_EXECUTION PI ON PI.ID_ = RES.PROCESS_INSTANCE_ID_ where (RES.RETRIES_ &gt; 0) and (RES.DUEDATE_ is null or RES.DUEDATE_ &lt;= ?) and (RES.LOCK_OWNER_ is null or RES.LOCK_EXP_TIME_ &lt;= ?) and TYPE_ = &apos;timer&apos; and ( (RES.EXECUTION_ID_ is null) or (PI.SUSPENSION_STATE_ = 1) ) LIMIT ? OFFSET ? 
10:47:57,979 [Thread-111] DEBUG org.activiti.engine.impl.persistence.entity.JobEntity.selectNextTimerJobsToExecute  - ==&gt; Parameters: 2023-03-20 10:48:50.669(Timestamp), 2023-03-20 10:48:50.669(Timestamp), 1(Integer), 0(Integer)
10:47:57,979 [Thread-111] DEBUG org.activiti.engine.impl.persistence.entity.JobEntity.selectNextTimerJobsToExecute  - &lt;==      Total: 0
10:47:57,979 [Thread-111] DEBUG org.activiti.engine.impl.db.DbSqlSession  - flush summary: 0 insert, 0 update, 0 delete.
10:47:57,979 [Thread-111] DEBUG org.activiti.engine.impl.db.DbSqlSession  - now executing flush...
10:47:57,979 [Thread-111] DEBUG org.activiti.engine.impl.cfg.standalone.StandaloneMybatisTransactionContext  - firing event committing...
10:47:57,979 [Thread-111] DEBUG org.activiti.engine.impl.cfg.standalone.StandaloneMybatisTransactionContext  - committing the ibatis sql session...
10:47:57,979 [Thread-111] DEBUG org.activiti.engine.impl.cfg.standalone.StandaloneMybatisTransactionContext  - firing event committed...
10:47:57,979 [Thread-111] DEBUG org.apache.ibatis.transaction.jdbc.JdbcTransaction  - Resetting autocommit to true on JDBC Connection [conn68: url=jdbc:h2:mem:activiti-AsyncExecutorTest user=SA]
10:47:57,979 [Thread-111] DEBUG org.apache.ibatis.transaction.jdbc.JdbcTransaction  - Closing JDBC Connection [conn68: url=jdbc:h2:mem:activiti-AsyncExecutorTest user=SA]
10:47:57,979 [Thread-111] DEBUG org.apache.ibatis.datasource.pooled.PooledDataSource  - Returned connection 58501658 to pool.
10:47:57,979 [Thread-111] DEBUG org.activiti.engine.impl.interceptor.LogInterceptor  - --- AcquireTimerJobsCmd finished --------------------------------------------------------
10:47:57,979 [Thread-111] DEBUG org.activiti.engine.impl.interceptor.LogInterceptor  - 

10:47:57,979 [Thread-111] DEBUG org.activiti.engine.impl.asyncexecutor.AcquireTimerJobsRunnable  - timer job acquisition thread sleeping for 50 millis
10:47:57,978 [Thread-103] DEBUG org.activiti.engine.impl.persistence.entity.JobEntity.selectAsyncJobsDueToExecute  - &lt;==      Total: 0
10:47:57,979 [Thread-103] DEBUG org.activiti.engine.impl.db.DbSqlSession  - flush summary: 0 insert, 0 update, 0 delete.
10:47:57,979 [Thread-103] DEBUG org.activiti.engine.impl.db.DbSqlSession  - now executing flush...
10:47:57,979 [Thread-103] DEBUG org.activiti.engine.impl.cfg.standalone.StandaloneMybatisTransactionContext  - firing event committing...
10:47:57,979 [Thread-103] DEBUG org.activiti.engine.impl.cfg.standalone.StandaloneMybatisTransactionContext  - committing the ibatis sql session...
10:47:57,980 [Thread-103] DEBUG org.activiti.engine.impl.cfg.standalone.StandaloneMybatisTransactionContext  - firing event committed...
10:47:57,980 [Thread-103] DEBUG org.apache.ibatis.transaction.jdbc.JdbcTransaction  - Resetting autocommit to true on JDBC Connection [conn61: url=jdbc:h2:mem:activiti-AsyncExecutorTest user=SA]
10:47:57,980 [Thread-103] DEBUG org.apache.ibatis.transaction.jdbc.JdbcTransaction  - Closing JDBC Connection [conn61: url=jdbc:h2:mem:activiti-AsyncExecutorTest user=SA]
10:47:57,980 [Thread-103] DEBUG org.apache.ibatis.datasource.pooled.PooledDataSource  - Returned connection 157985567 to pool.
10:47:57,980 [Thread-103] DEBUG org.activiti.engine.impl.interceptor.LogInterceptor  - --- AcquireAsyncJobsDueCmd finished --------------------------------------------------------
10:47:57,980 [Thread-103] DEBUG org.activiti.engine.impl.interceptor.LogInterceptor  - 

10:47:57,980 [Thread-103] DEBUG org.activiti.engine.impl.asyncexecutor.AcquireAsyncJobsDueRunnable  - async job acquisition thread sleeping for 50 millis
10:47:57,978 [Thread-106] DEBUG org.apache.ibatis.transaction.jdbc.JdbcTransaction  - Opening JDBC Connection
10:47:57,980 [Thread-106] DEBUG org.apache.ibatis.datasource.pooled.PooledDataSource  - Checked out connection 54468349 from pool.
10:47:57,980 [Thread-106] DEBUG org.apache.ibatis.transaction.jdbc.JdbcTransaction  - Setting autocommit to false on JDBC Connection [conn64: url=jdbc:h2:mem:activiti-AsyncExecutorTest user=SA]
10:47:57,980 [Thread-106] DEBUG org.activiti.engine.impl.persistence.entity.JobEntity.selectAsyncJobsDueToExecute  - ==&gt;  Preparing: select RES.* from ACT_RU_JOB RES LEFT OUTER JOIN ACT_RU_EXECUTION PI ON PI.ID_ = RES.PROCESS_INSTANCE_ID_ where RES.RETRIES_ &gt; 0 and RES.DUEDATE_ is not null and RES.DUEDATE_ &lt;= ? and (RES.LOCK_EXP_TIME_ is null or RES.LOCK_EXP_TIME_ &lt;= ?) and TYPE_ = &apos;message&apos; and ( (RES.EXECUTION_ID_ is null) or (PI.SUSPENSION_STATE_ = 1) ) LIMIT ? OFFSET ? 
10:47:57,979 [Thread-102] DEBUG org.activiti.engine.impl.persistence.entity.JobEntity.selectNextTimerJobsToExecute  - &lt;==      Total: 0
10:47:57,980 [Thread-102] DEBUG org.activiti.engine.impl.db.DbSqlSession  - flush summary: 0 insert, 0 update, 0 delete.
10:47:57,980 [Thread-102] DEBUG org.activiti.engine.impl.db.DbSqlSession  - now executing flush...
10:47:57,980 [Thread-102] DEBUG org.activiti.engine.impl.cfg.standalone.StandaloneMybatisTransactionContext  - firing event committing...
10:47:57,980 [Thread-102] DEBUG org.activiti.engine.impl.cfg.standalone.StandaloneMybatisTransactionContext  - committing the ibatis sql session...
10:47:57,980 [Thread-102] DEBUG org.activiti.engine.impl.cfg.standalone.StandaloneMybatisTransactionContext  - firing event committed...
10:47:57,980 [Thread-102] DEBUG org.apache.ibatis.transaction.jdbc.JdbcTransaction  - Resetting autocommit to true on JDBC Connection [conn59: url=jdbc:h2:mem:activiti-AsyncExecutorTest user=SA]
10:47:57,979 [Thread-105] DEBUG org.apache.ibatis.transaction.jdbc.JdbcTransaction  - Opening JDBC Connection
10:47:57,980 [Thread-105] DEBUG org.apache.ibatis.datasource.pooled.PooledDataSource  - Checked out connection 996762054 from pool.
10:47:57,980 [Thread-105] DEBUG org.apache.ibatis.transaction.jdbc.JdbcTransaction  - Setting autocommit to false on JDBC Connection [conn65: url=jdbc:h2:mem:activiti-AsyncExecutorTest user=SA]
10:47:57,980 [Thread-105] DEBUG org.activiti.engine.impl.persistence.entity.JobEntity.selectNextTimerJobsToExecute  - ==&gt;  Preparing: select RES.* from ACT_RU_JOB RES LEFT OUTER JOIN ACT_RU_EXECUTION PI ON PI.ID_ = RES.PROCESS_INSTANCE_ID_ where (RES.RETRIES_ &gt; 0) and (RES.DUEDATE_ is null or RES.DUEDATE_ &lt;= ?) and (RES.LOCK_OWNER_ is null or RES.LOCK_EXP_TIME_ &lt;= ?) and TYPE_ = &apos;timer&apos; and ( (RES.EXECUTION_ID_ is null) or (PI.SUSPENSION_STATE_ = 1) ) LIMIT ? OFFSET ? 
10:47:57,980 [Thread-102] DEBUG org.apache.ibatis.transaction.jdbc.JdbcTransaction  - Closing JDBC Connection [conn59: url=jdbc:h2:mem:activiti-AsyncExecutorTest user=SA]
10:47:57,980 [Thread-102] DEBUG org.apache.ibatis.datasource.pooled.PooledDataSource  - Returned connection 720039383 to pool.
10:47:57,980 [Thread-102] DEBUG org.activiti.engine.impl.interceptor.LogInterceptor  - --- AcquireTimerJobsCmd finished --------------------------------------------------------
10:47:57,980 [Thread-102] DEBUG org.activiti.engine.impl.interceptor.LogInterceptor  - 

10:47:57,980 [Thread-102] DEBUG org.activiti.engine.impl.asyncexecutor.AcquireTimerJobsRunnable  - timer job acquisition thread sleeping for 50 millis
10:47:57,980 [Thread-106] DEBUG org.activiti.engine.impl.persistence.entity.JobEntity.selectAsyncJobsDueToExecute  - ==&gt; Parameters: 2023-03-20 10:48:50.669(Timestamp), 2023-03-20 10:48:50.669(Timestamp), 1(Integer), 0(Integer)
10:47:57,980 [Thread-106] DEBUG org.activiti.engine.impl.persistence.entity.JobEntity.selectAsyncJobsDueToExecute  - &lt;==      Total: 0
10:47:57,980 [Thread-106] DEBUG org.activiti.engine.impl.db.DbSqlSession  - flush summary: 0 insert, 0 update, 0 delete.
10:47:57,980 [Thread-106] DEBUG org.activiti.engine.impl.db.DbSqlSession  - now executing flush...
10:47:57,980 [Thread-106] DEBUG org.activiti.engine.impl.cfg.standalone.StandaloneMybatisTransactionContext  - firing event committing...
10:47:57,980 [Thread-106] DEBUG org.activiti.engine.impl.cfg.standalone.StandaloneMybatisTransactionContext  - committing the ibatis sql session...
10:47:57,980 [Thread-106] DEBUG org.activiti.engine.impl.cfg.standalone.StandaloneMybatisTransactionContext  - firing event committed...
10:47:57,980 [Thread-106] DEBUG org.apache.ibatis.transaction.jdbc.JdbcTransaction  - Resetting autocommit to true on JDBC Connection [conn64: url=jdbc:h2:mem:activiti-AsyncExecutorTest user=SA]
10:47:57,980 [Thread-106] DEBUG org.apache.ibatis.transaction.jdbc.JdbcTransaction  - Closing JDBC Connection [conn64: url=jdbc:h2:mem:activiti-AsyncExecutorTest user=SA]
10:47:57,980 [Thread-106] DEBUG org.apache.ibatis.datasource.pooled.PooledDataSource  - Returned connection 54468349 to pool.
10:47:57,980 [Thread-106] DEBUG org.activiti.engine.impl.interceptor.LogInterceptor  - --- AcquireAsyncJobsDueCmd finished --------------------------------------------------------
10:47:57,980 [Thread-106] DEBUG org.activiti.engine.impl.interceptor.LogInterceptor  - 

10:47:57,980 [Thread-106] DEBUG org.activiti.engine.impl.asyncexecutor.AcquireAsyncJobsDueRunnable  - async job acquisition thread sleeping for 50 millis
10:47:57,980 [Thread-105] DEBUG org.activiti.engine.impl.persistence.entity.JobEntity.selectNextTimerJobsToExecute  - ==&gt; Parameters: 2023-03-20 10:48:50.669(Timestamp), 2023-03-20 10:48:50.669(Timestamp), 1(Integer), 0(Integer)
10:47:57,981 [Thread-105] DEBUG org.activiti.engine.impl.persistence.entity.JobEntity.selectNextTimerJobsToExecute  - &lt;==      Total: 0
10:47:57,981 [Thread-105] DEBUG org.activiti.engine.impl.db.DbSqlSession  - flush summary: 0 insert, 0 update, 0 delete.
10:47:57,981 [Thread-105] DEBUG org.activiti.engine.impl.db.DbSqlSession  - now executing flush...
10:47:57,981 [Thread-105] DEBUG org.activiti.engine.impl.cfg.standalone.StandaloneMybatisTransactionContext  - firing event committing...
10:47:57,981 [Thread-105] DEBUG org.activiti.engine.impl.cfg.standalone.StandaloneMybatisTransactionContext  - committing the ibatis sql session...
10:47:57,981 [Thread-105] DEBUG org.activiti.engine.impl.cfg.standalone.StandaloneMybatisTransactionContext  - firing event committed...
10:47:57,981 [Thread-105] DEBUG org.apache.ibatis.transaction.jdbc.JdbcTransaction  - Resetting autocommit to true on JDBC Connection [conn65: url=jdbc:h2:mem:activiti-AsyncExecutorTest user=SA]
10:47:57,981 [Thread-105] DEBUG org.apache.ibatis.transaction.jdbc.JdbcTransaction  - Closing JDBC Connection [conn65: url=jdbc:h2:mem:activiti-AsyncExecutorTest user=SA]
10:47:57,981 [Thread-105] DEBUG org.apache.ibatis.datasource.pooled.PooledDataSource  - Returned connection 996762054 to pool.
10:47:57,981 [Thread-105] DEBUG org.activiti.engine.impl.interceptor.LogInterceptor  - --- AcquireTimerJobsCmd finished --------------------------------------------------------
10:47:57,981 [Thread-105] DEBUG org.activiti.engine.impl.interceptor.LogInterceptor  - 

10:47:57,981 [Thread-105] DEBUG org.activiti.engine.impl.asyncexecutor.AcquireTimerJobsRunnable  - timer job acquisition thread sleeping for 50 millis
10:47:58,024 [Thread-112] DEBUG org.activiti.engine.impl.asyncexecutor.AcquireAsyncJobsDueRunnable  - async job acquisition thread woke up
10:47:58,024 [Thread-112] DEBUG org.activiti.engine.impl.interceptor.LogInterceptor  - 

10:47:58,024 [Thread-112] DEBUG org.activiti.engine.impl.interceptor.LogInterceptor  - --- starting AcquireAsyncJobsDueCmd --------------------------------------------------------
10:47:58,024 [Thread-112] DEBUG org.apache.ibatis.transaction.jdbc.JdbcTransaction  - Opening JDBC Connection
10:47:58,024 [Thread-112] DEBUG org.apache.ibatis.datasource.pooled.PooledDataSource  - Checked out connection 1863805930 from pool.
10:47:58,024 [Thread-112] DEBUG org.apache.ibatis.transaction.jdbc.JdbcTransaction  - Setting autocommit to false on JDBC Connection [conn69: url=jdbc:h2:mem:activiti-AsyncExecutorTest user=SA]
10:47:58,024 [Thread-112] DEBUG org.activiti.engine.impl.persistence.entity.JobEntity.selectAsyncJobsDueToExecute  - ==&gt;  Preparing: select RES.* from ACT_RU_JOB RES LEFT OUTER JOIN ACT_RU_EXECUTION PI ON PI.ID_ = RES.PROCESS_INSTANCE_ID_ where RES.RETRIES_ &gt; 0 and RES.DUEDATE_ is not null and RES.DUEDATE_ &lt;= ? and (RES.LOCK_EXP_TIME_ is null or RES.LOCK_EXP_TIME_ &lt;= ?) and TYPE_ = &apos;message&apos; and ( (RES.EXECUTION_ID_ is null) or (PI.SUSPENSION_STATE_ = 1) ) LIMIT ? OFFSET ? 
10:47:58,024 [Thread-112] DEBUG org.activiti.engine.impl.persistence.entity.JobEntity.selectAsyncJobsDueToExecute  - ==&gt; Parameters: 2023-03-20 10:48:50.669(Timestamp), 2023-03-20 10:48:50.669(Timestamp), 1(Integer), 0(Integer)
10:47:58,024 [Thread-112] DEBUG org.activiti.engine.impl.persistence.entity.JobEntity.selectAsyncJobsDueToExecute  - &lt;==      Total: 0
10:47:58,024 [Thread-112] DEBUG org.activiti.engine.impl.db.DbSqlSession  - flush summary: 0 insert, 0 update, 0 delete.
10:47:58,024 [Thread-112] DEBUG org.activiti.engine.impl.db.DbSqlSession  - now executing flush...
10:47:58,024 [Thread-112] DEBUG org.activiti.engine.impl.cfg.standalone.StandaloneMybatisTransactionContext  - firing event committing...
10:47:58,024 [Thread-112] DEBUG org.activiti.engine.impl.cfg.standalone.StandaloneMybatisTransactionContext  - committing the ibatis sql session...
10:47:58,024 [Thread-112] DEBUG org.activiti.engine.impl.cfg.standalone.StandaloneMybatisTransactionContext  - firing event committed...
10:47:58,024 [Thread-112] DEBUG org.apache.ibatis.transaction.jdbc.JdbcTransaction  - Resetting autocommit to true on JDBC Connection [conn69: url=jdbc:h2:mem:activiti-AsyncExecutorTest user=SA]
10:47:58,024 [Thread-112] DEBUG org.apache.ibatis.transaction.jdbc.JdbcTransaction  - Closing JDBC Connection [conn69: url=jdbc:h2:mem:activiti-AsyncExecutorTest user=SA]
10:47:58,024 [Thread-112] DEBUG org.apache.ibatis.datasource.pooled.PooledDataSource  - Returned connection 1863805930 to pool.
10:47:58,024 [Thread-112] DEBUG org.activiti.engine.impl.interceptor.LogInterceptor  - --- AcquireAsyncJobsDueCmd finished --------------------------------------------------------
10:47:58,024 [Thread-112] DEBUG org.activiti.engine.impl.interceptor.LogInterceptor  - 

10:47:58,024 [Thread-112] DEBUG org.activiti.engine.impl.asyncexecutor.AcquireAsyncJobsDueRunnable  - async job acquisition thread sleeping for 50 millis
10:47:58,039 [Thread-106] DEBUG org.activiti.engine.impl.asyncexecutor.AcquireAsyncJobsDueRunnable  - async job acquisition thread woke up
10:47:58,039 [Thread-106] DEBUG org.activiti.engine.impl.interceptor.LogInterceptor  - 

10:47:58,039 [Thread-106] DEBUG org.activiti.engine.impl.interceptor.LogInterceptor  - --- starting AcquireAsyncJobsDueCmd --------------------------------------------------------
10:47:58,039 [Thread-102] DEBUG org.activiti.engine.impl.asyncexecutor.AcquireTimerJobsRunnable  - timer job acquisition thread woke up
10:47:58,039 [Thread-102] DEBUG org.activiti.engine.impl.interceptor.LogInterceptor  - 

10:47:58,039 [Thread-102] DEBUG org.activiti.engine.impl.interceptor.LogInterceptor  - --- starting AcquireTimerJobsCmd --------------------------------------------------------
10:47:58,039 [Thread-102] DEBUG org.apache.ibatis.transaction.jdbc.JdbcTransaction  - Opening JDBC Connection
10:47:58,039 [Thread-103] DEBUG org.activiti.engine.impl.asyncexecutor.AcquireAsyncJobsDueRunnable  - async job acquisition thread woke up
10:47:58,039 [Thread-103] DEBUG org.activiti.engine.impl.interceptor.LogInterceptor  - 

10:47:58,039 [Thread-103] DEBUG org.activiti.engine.impl.interceptor.LogInterceptor  - --- starting AcquireAsyncJobsDueCmd --------------------------------------------------------
10:47:58,039 [Thread-103] DEBUG org.apache.ibatis.transaction.jdbc.JdbcTransaction  - Opening JDBC Connection
10:47:58,039 [Thread-105] DEBUG org.activiti.engine.impl.asyncexecutor.AcquireTimerJobsRunnable  - timer job acquisition thread woke up
10:47:58,039 [Thread-105] DEBUG org.activiti.engine.impl.interceptor.LogInterceptor  - 

10:47:58,039 [Thread-105] DEBUG org.activiti.engine.impl.interceptor.LogInterceptor  - --- starting AcquireTimerJobsCmd --------------------------------------------------------
10:47:58,039 [Thread-111] DEBUG org.activiti.engine.impl.asyncexecutor.AcquireTimerJobsRunnable  - timer job acquisition thread woke up
10:47:58,040 [Thread-111] DEBUG org.activiti.engine.impl.interceptor.LogInterceptor  - 

10:47:58,040 [Thread-111] DEBUG org.activiti.engine.impl.interceptor.LogInterceptor  - --- starting AcquireTimerJobsCmd --------------------------------------------------------
10:47:58,040 [Thread-111] DEBUG org.apache.ibatis.transaction.jdbc.JdbcTransaction  - Opening JDBC Connection
10:47:58,040 [Thread-111] DEBUG org.apache.ibatis.datasource.pooled.PooledDataSource  - Checked out connection 604408605 from pool.
10:47:58,040 [Thread-111] DEBUG org.apache.ibatis.transaction.jdbc.JdbcTransaction  - Setting autocommit to false on JDBC Connection [conn70: url=jdbc:h2:mem:activiti-AsyncExecutorTest user=SA]
10:47:58,040 [Thread-105] DEBUG org.apache.ibatis.transaction.jdbc.JdbcTransaction  - Opening JDBC Connection
10:47:58,040 [Thread-105] DEBUG org.apache.ibatis.datasource.pooled.PooledDataSource  - Checked out connection 1970103261 from pool.
10:47:58,040 [Thread-105] DEBUG org.apache.ibatis.transaction.jdbc.JdbcTransaction  - Setting autocommit to false on JDBC Connection [conn63: url=jdbc:h2:mem:activiti-AsyncExecutorTest user=SA]
10:47:58,040 [Thread-105] DEBUG org.activiti.engine.impl.persistence.entity.JobEntity.selectNextTimerJobsToExecute  - ==&gt;  Preparing: select RES.* from ACT_RU_JOB RES LEFT OUTER JOIN ACT_RU_EXECUTION PI ON PI.ID_ = RES.PROCESS_INSTANCE_ID_ where (RES.RETRIES_ &gt; 0) and (RES.DUEDATE_ is null or RES.DUEDATE_ &lt;= ?) and (RES.LOCK_OWNER_ is null or RES.LOCK_EXP_TIME_ &lt;= ?) and TYPE_ = &apos;timer&apos; and ( (RES.EXECUTION_ID_ is null) or (PI.SUSPENSION_STATE_ = 1) ) LIMIT ? OFFSET ? 
10:47:58,040 [Thread-105] DEBUG org.activiti.engine.impl.persistence.entity.JobEntity.selectNextTimerJobsToExecute  - ==&gt; Parameters: 2023-03-20 10:48:50.669(Timestamp), 2023-03-20 10:48:50.669(Timestamp), 1(Integer), 0(Integer)
10:47:58,039 [Thread-102] DEBUG org.apache.ibatis.datasource.pooled.PooledDataSource  - Checked out connection 33534803 from pool.
10:47:58,040 [Thread-102] DEBUG org.apache.ibatis.transaction.jdbc.JdbcTransaction  - Setting autocommit to false on JDBC Connection [conn60: url=jdbc:h2:mem:activiti-AsyncExecutorTest user=SA]
10:47:58,040 [Thread-102] DEBUG org.activiti.engine.impl.persistence.entity.JobEntity.selectNextTimerJobsToExecute  - ==&gt;  Preparing: select RES.* from ACT_RU_JOB RES LEFT OUTER JOIN ACT_RU_EXECUTION PI ON PI.ID_ = RES.PROCESS_INSTANCE_ID_ where (RES.RETRIES_ &gt; 0) and (RES.DUEDATE_ is null or RES.DUEDATE_ &lt;= ?) and (RES.LOCK_OWNER_ is null or RES.LOCK_EXP_TIME_ &lt;= ?) and TYPE_ = &apos;timer&apos; and ( (RES.EXECUTION_ID_ is null) or (PI.SUSPENSION_STATE_ = 1) ) LIMIT ? OFFSET ? 
10:47:58,040 [Thread-102] DEBUG org.activiti.engine.impl.persistence.entity.JobEntity.selectNextTimerJobsToExecute  - ==&gt; Parameters: 2023-03-20 10:48:50.669(Timestamp), 2023-03-20 10:48:50.669(Timestamp), 1(Integer), 0(Integer)
10:47:58,040 [Thread-102] DEBUG org.activiti.engine.impl.persistence.entity.JobEntity.selectNextTimerJobsToExecute  - &lt;==      Total: 0
10:47:58,040 [Thread-102] DEBUG org.activiti.engine.impl.db.DbSqlSession  - flush summary: 0 insert, 0 update, 0 delete.
10:47:58,039 [Thread-106] DEBUG org.apache.ibatis.transaction.jdbc.JdbcTransaction  - Opening JDBC Connection
10:47:58,040 [Thread-106] DEBUG org.apache.ibatis.datasource.pooled.PooledDataSource  - Checked out connection 54468349 from pool.
10:47:58,040 [Thread-106] DEBUG org.apache.ibatis.transaction.jdbc.JdbcTransaction  - Setting autocommit to false on JDBC Connection [conn64: url=jdbc:h2:mem:activiti-AsyncExecutorTest user=SA]
10:47:58,040 [Thread-102] DEBUG org.activiti.engine.impl.db.DbSqlSession  - now executing flush...
10:47:58,040 [Thread-102] DEBUG org.activiti.engine.impl.cfg.standalone.StandaloneMybatisTransactionContext  - firing event committing...
10:47:58,040 [Thread-102] DEBUG org.activiti.engine.impl.cfg.standalone.StandaloneMybatisTransactionContext  - committing the ibatis sql session...
10:47:58,040 [Thread-102] DEBUG org.activiti.engine.impl.cfg.standalone.StandaloneMybatisTransactionContext  - firing event committed...
10:47:58,040 [Thread-102] DEBUG org.apache.ibatis.transaction.jdbc.JdbcTransaction  - Resetting autocommit to true on JDBC Connection [conn60: url=jdbc:h2:mem:activiti-AsyncExecutorTest user=SA]
10:47:58,040 [Thread-102] DEBUG org.apache.ibatis.transaction.jdbc.JdbcTransaction  - Closing JDBC Connection [conn60: url=jdbc:h2:mem:activiti-AsyncExecutorTest user=SA]
10:47:58,040 [Thread-103] DEBUG org.apache.ibatis.datasource.pooled.PooledDataSource  - Checked out connection 157985567 from pool.
10:47:58,041 [Thread-103] DEBUG org.apache.ibatis.transaction.jdbc.JdbcTransaction  - Setting autocommit to false on JDBC Connection [conn61: url=jdbc:h2:mem:activiti-AsyncExecutorTest user=SA]
10:47:58,041 [Thread-103] DEBUG org.activiti.engine.impl.persistence.entity.JobEntity.selectAsyncJobsDueToExecute  - ==&gt;  Preparing: select RES.* from ACT_RU_JOB RES LEFT OUTER JOIN ACT_RU_EXECUTION PI ON PI.ID_ = RES.PROCESS_INSTANCE_ID_ where RES.RETRIES_ &gt; 0 and RES.DUEDATE_ is not null and RES.DUEDATE_ &lt;= ? and (RES.LOCK_EXP_TIME_ is null or RES.LOCK_EXP_TIME_ &lt;= ?) and TYPE_ = &apos;message&apos; and ( (RES.EXECUTION_ID_ is null) or (PI.SUSPENSION_STATE_ = 1) ) LIMIT ? OFFSET ? 
10:47:58,041 [Thread-102] DEBUG org.apache.ibatis.datasource.pooled.PooledDataSource  - Returned connection 33534803 to pool.
10:47:58,041 [Thread-102] DEBUG org.activiti.engine.impl.interceptor.LogInterceptor  - --- AcquireTimerJobsCmd finished --------------------------------------------------------
10:47:58,041 [Thread-102] DEBUG org.activiti.engine.impl.interceptor.LogInterceptor  - 

10:47:58,040 [Thread-105] DEBUG org.activiti.engine.impl.persistence.entity.JobEntity.selectNextTimerJobsToExecute  - &lt;==      Total: 0
10:47:58,041 [Thread-105] DEBUG org.activiti.engine.impl.db.DbSqlSession  - flush summary: 0 insert, 0 update, 0 delete.
10:47:58,041 [Thread-105] DEBUG org.activiti.engine.impl.db.DbSqlSession  - now executing flush...
10:47:58,041 [Thread-105] DEBUG org.activiti.engine.impl.cfg.standalone.StandaloneMybatisTransactionContext  - firing event committing...
10:47:58,041 [Thread-105] DEBUG org.activiti.engine.impl.cfg.standalone.StandaloneMybatisTransactionContext  - committing the ibatis sql session...
10:47:58,041 [Thread-105] DEBUG org.activiti.engine.impl.cfg.standalone.StandaloneMybatisTransactionContext  - firing event committed...
10:47:58,041 [Thread-105] DEBUG org.apache.ibatis.transaction.jdbc.JdbcTransaction  - Resetting autocommit to true on JDBC Connection [conn63: url=jdbc:h2:mem:activiti-AsyncExecutorTest user=SA]
10:47:58,041 [Thread-105] DEBUG org.apache.ibatis.transaction.jdbc.JdbcTransaction  - Closing JDBC Connection [conn63: url=jdbc:h2:mem:activiti-AsyncExecutorTest user=SA]
10:47:58,041 [Thread-105] DEBUG org.apache.ibatis.datasource.pooled.PooledDataSource  - Returned connection 1970103261 to pool.
10:47:58,040 [Thread-111] DEBUG org.activiti.engine.impl.persistence.entity.JobEntity.selectNextTimerJobsToExecute  - ==&gt;  Preparing: select RES.* from ACT_RU_JOB RES LEFT OUTER JOIN ACT_RU_EXECUTION PI ON PI.ID_ = RES.PROCESS_INSTANCE_ID_ where (RES.RETRIES_ &gt; 0) and (RES.DUEDATE_ is null or RES.DUEDATE_ &lt;= ?) and (RES.LOCK_OWNER_ is null or RES.LOCK_EXP_TIME_ &lt;= ?) and TYPE_ = &apos;timer&apos; and ( (RES.EXECUTION_ID_ is null) or (PI.SUSPENSION_STATE_ = 1) ) LIMIT ? OFFSET ? 
10:47:58,041 [Thread-111] DEBUG org.activiti.engine.impl.persistence.entity.JobEntity.selectNextTimerJobsToExecute  - ==&gt; Parameters: 2023-03-20 10:48:50.669(Timestamp), 2023-03-20 10:48:50.669(Timestamp), 1(Integer), 0(Integer)
10:47:58,041 [Thread-105] DEBUG org.activiti.engine.impl.interceptor.LogInterceptor  - --- AcquireTimerJobsCmd finished --------------------------------------------------------
10:47:58,041 [Thread-105] DEBUG org.activiti.engine.impl.interceptor.LogInterceptor  - 

10:47:58,041 [Thread-105] DEBUG org.activiti.engine.impl.asyncexecutor.AcquireTimerJobsRunnable  - timer job acquisition thread sleeping for 50 millis
10:47:58,041 [Thread-102] DEBUG org.activiti.engine.impl.asyncexecutor.AcquireTimerJobsRunnable  - timer job acquisition thread sleeping for 50 millis
10:47:58,041 [Thread-103] DEBUG org.activiti.engine.impl.persistence.entity.JobEntity.selectAsyncJobsDueToExecute  - ==&gt; Parameters: 2023-03-20 10:48:50.669(Timestamp), 2023-03-20 10:48:50.669(Timestamp), 1(Integer), 0(Integer)
10:47:58,041 [Thread-103] DEBUG org.activiti.engine.impl.persistence.entity.JobEntity.selectAsyncJobsDueToExecute  - &lt;==      Total: 0
10:47:58,041 [Thread-103] DEBUG org.activiti.engine.impl.db.DbSqlSession  - flush summary: 0 insert, 0 update, 0 delete.
10:47:58,041 [Thread-103] DEBUG org.activiti.engine.impl.db.DbSqlSession  - now executing flush...
10:47:58,041 [Thread-103] DEBUG org.activiti.engine.impl.cfg.standalone.StandaloneMybatisTransactionContext  - firing event committing...
10:47:58,041 [Thread-103] DEBUG org.activiti.engine.impl.cfg.standalone.StandaloneMybatisTransactionContext  - committing the ibatis sql session...
10:47:58,041 [Thread-103] DEBUG org.activiti.engine.impl.cfg.standalone.StandaloneMybatisTransactionContext  - firing event committed...
10:47:58,041 [Thread-103] DEBUG org.apache.ibatis.transaction.jdbc.JdbcTransaction  - Resetting autocommit to true on JDBC Connection [conn61: url=jdbc:h2:mem:activiti-AsyncExecutorTest user=SA]
10:47:58,041 [Thread-103] DEBUG org.apache.ibatis.transaction.jdbc.JdbcTransaction  - Closing JDBC Connection [conn61: url=jdbc:h2:mem:activiti-AsyncExecutorTest user=SA]
10:47:58,041 [Thread-103] DEBUG org.apache.ibatis.datasource.pooled.PooledDataSource  - Returned connection 157985567 to pool.
10:47:58,040 [Thread-106] DEBUG org.activiti.engine.impl.persistence.entity.JobEntity.selectAsyncJobsDueToExecute  - ==&gt;  Preparing: select RES.* from ACT_RU_JOB RES LEFT OUTER JOIN ACT_RU_EXECUTION PI ON PI.ID_ = RES.PROCESS_INSTANCE_ID_ where RES.RETRIES_ &gt; 0 and RES.DUEDATE_ is not null and RES.DUEDATE_ &lt;= ? and (RES.LOCK_EXP_TIME_ is null or RES.LOCK_EXP_TIME_ &lt;= ?) and TYPE_ = &apos;message&apos; and ( (RES.EXECUTION_ID_ is null) or (PI.SUSPENSION_STATE_ = 1) ) LIMIT ? OFFSET ? 
10:47:58,042 [Thread-106] DEBUG org.activiti.engine.impl.persistence.entity.JobEntity.selectAsyncJobsDueToExecute  - ==&gt; Parameters: 2023-03-20 10:48:50.669(Timestamp), 2023-03-20 10:48:50.669(Timestamp), 1(Integer), 0(Integer)
10:47:58,042 [Thread-106] DEBUG org.activiti.engine.impl.persistence.entity.JobEntity.selectAsyncJobsDueToExecute  - &lt;==      Total: 0
10:47:58,042 [Thread-106] DEBUG org.activiti.engine.impl.db.DbSqlSession  - flush summary: 0 insert, 0 update, 0 delete.
10:47:58,042 [Thread-106] DEBUG org.activiti.engine.impl.db.DbSqlSession  - now executing flush...
10:47:58,042 [Thread-106] DEBUG org.activiti.engine.impl.cfg.standalone.StandaloneMybatisTransactionContext  - firing event committing...
10:47:58,042 [Thread-106] DEBUG org.activiti.engine.impl.cfg.standalone.StandaloneMybatisTransactionContext  - committing the ibatis sql session...
10:47:58,042 [Thread-106] DEBUG org.activiti.engine.impl.cfg.standalone.StandaloneMybatisTransactionContext  - firing event committed...
10:47:58,042 [Thread-106] DEBUG org.apache.ibatis.transaction.jdbc.JdbcTransaction  - Resetting autocommit to true on JDBC Connection [conn64: url=jdbc:h2:mem:activiti-AsyncExecutorTest user=SA]
10:47:58,042 [Thread-106] DEBUG org.apache.ibatis.transaction.jdbc.JdbcTransaction  - Closing JDBC Connection [conn64: url=jdbc:h2:mem:activiti-AsyncExecutorTest user=SA]
10:47:58,042 [Thread-106] DEBUG org.apache.ibatis.datasource.pooled.PooledDataSource  - Returned connection 54468349 to pool.
10:47:58,042 [Thread-106] DEBUG org.activiti.engine.impl.interceptor.LogInterceptor  - --- AcquireAsyncJobsDueCmd finished --------------------------------------------------------
10:47:58,042 [Thread-106] DEBUG org.activiti.engine.impl.interceptor.LogInterceptor  - 

10:47:58,042 [Thread-106] DEBUG org.activiti.engine.impl.asyncexecutor.AcquireAsyncJobsDueRunnable  - async job acquisition thread sleeping for 50 millis
10:47:58,041 [Thread-103] DEBUG org.activiti.engine.impl.interceptor.LogInterceptor  - --- AcquireAsyncJobsDueCmd finished --------------------------------------------------------
10:47:58,042 [Thread-103] DEBUG org.activiti.engine.impl.interceptor.LogInterceptor  - 

10:47:58,042 [Thread-103] DEBUG org.activiti.engine.impl.asyncexecutor.AcquireAsyncJobsDueRunnable  - async job acquisition thread sleeping for 50 millis
10:47:58,041 [Thread-111] DEBUG org.activiti.engine.impl.persistence.entity.JobEntity.selectNextTimerJobsToExecute  - &lt;==      Total: 0
10:47:58,042 [Thread-111] DEBUG org.activiti.engine.impl.db.DbSqlSession  - flush summary: 0 insert, 0 update, 0 delete.
10:47:58,042 [Thread-111] DEBUG org.activiti.engine.impl.db.DbSqlSession  - now executing flush...
10:47:58,042 [Thread-111] DEBUG org.activiti.engine.impl.cfg.standalone.StandaloneMybatisTransactionContext  - firing event committing...
10:47:58,042 [Thread-111] DEBUG org.activiti.engine.impl.cfg.standalone.StandaloneMybatisTransactionContext  - committing the ibatis sql session...
10:47:58,042 [Thread-111] DEBUG org.activiti.engine.impl.cfg.standalone.StandaloneMybatisTransactionContext  - firing event committed...
10:47:58,042 [Thread-111] DEBUG org.apache.ibatis.transaction.jdbc.JdbcTransaction  - Resetting autocommit to true on JDBC Connection [conn70: url=jdbc:h2:mem:activiti-AsyncExecutorTest user=SA]
10:47:58,042 [Thread-111] DEBUG org.apache.ibatis.transaction.jdbc.JdbcTransaction  - Closing JDBC Connection [conn70: url=jdbc:h2:mem:activiti-AsyncExecutorTest user=SA]
10:47:58,042 [Thread-111] DEBUG org.apache.ibatis.datasource.pooled.PooledDataSource  - Returned connection 604408605 to pool.
10:47:58,042 [Thread-111] DEBUG org.activiti.engine.impl.interceptor.LogInterceptor  - --- AcquireTimerJobsCmd finished --------------------------------------------------------
10:47:58,042 [Thread-111] DEBUG org.activiti.engine.impl.interceptor.LogInterceptor  - 

10:47:58,042 [Thread-111] DEBUG org.activiti.engine.impl.asyncexecutor.AcquireTimerJobsRunnable  - timer job acquisition thread sleeping for 50 millis
10:47:58,086 [Thread-112] DEBUG org.activiti.engine.impl.asyncexecutor.AcquireAsyncJobsDueRunnable  - async job acquisition thread woke up
10:47:58,086 [Thread-112] DEBUG org.activiti.engine.impl.interceptor.LogInterceptor  - 

10:47:58,086 [Thread-112] DEBUG org.activiti.engine.impl.interceptor.LogInterceptor  - --- starting AcquireAsyncJobsDueCmd --------------------------------------------------------
10:47:58,086 [Thread-112] DEBUG org.apache.ibatis.transaction.jdbc.JdbcTransaction  - Opening JDBC Connection
10:47:58,086 [Thread-112] DEBUG org.apache.ibatis.datasource.pooled.PooledDataSource  - Checked out connection 58501658 from pool.
10:47:58,086 [Thread-112] DEBUG org.apache.ibatis.transaction.jdbc.JdbcTransaction  - Setting autocommit to false on JDBC Connection [conn68: url=jdbc:h2:mem:activiti-AsyncExecutorTest user=SA]
10:47:58,086 [Thread-112] DEBUG org.activiti.engine.impl.persistence.entity.JobEntity.selectAsyncJobsDueToExecute  - ==&gt;  Preparing: select RES.* from ACT_RU_JOB RES LEFT OUTER JOIN ACT_RU_EXECUTION PI ON PI.ID_ = RES.PROCESS_INSTANCE_ID_ where RES.RETRIES_ &gt; 0 and RES.DUEDATE_ is not null and RES.DUEDATE_ &lt;= ? and (RES.LOCK_EXP_TIME_ is null or RES.LOCK_EXP_TIME_ &lt;= ?) and TYPE_ = &apos;message&apos; and ( (RES.EXECUTION_ID_ is null) or (PI.SUSPENSION_STATE_ = 1) ) LIMIT ? OFFSET ? 
10:47:58,086 [Thread-112] DEBUG org.activiti.engine.impl.persistence.entity.JobEntity.selectAsyncJobsDueToExecute  - ==&gt; Parameters: 2023-03-20 10:48:50.669(Timestamp), 2023-03-20 10:48:50.669(Timestamp), 1(Integer), 0(Integer)
10:47:58,086 [Thread-112] DEBUG org.activiti.engine.impl.persistence.entity.JobEntity.selectAsyncJobsDueToExecute  - &lt;==      Total: 0
10:47:58,086 [Thread-112] DEBUG org.activiti.engine.impl.db.DbSqlSession  - flush summary: 0 insert, 0 update, 0 delete.
10:47:58,086 [Thread-112] DEBUG org.activiti.engine.impl.db.DbSqlSession  - now executing flush...
10:47:58,086 [Thread-112] DEBUG org.activiti.engine.impl.cfg.standalone.StandaloneMybatisTransactionContext  - firing event committing...
10:47:58,086 [Thread-112] DEBUG org.activiti.engine.impl.cfg.standalone.StandaloneMybatisTransactionContext  - committing the ibatis sql session...
10:47:58,086 [Thread-112] DEBUG org.activiti.engine.impl.cfg.standalone.StandaloneMybatisTransactionContext  - firing event committed...
10:47:58,086 [Thread-112] DEBUG org.apache.ibatis.transaction.jdbc.JdbcTransaction  - Resetting autocommit to true on JDBC Connection [conn68: url=jdbc:h2:mem:activiti-AsyncExecutorTest user=SA]
10:47:58,086 [Thread-112] DEBUG org.apache.ibatis.transaction.jdbc.JdbcTransaction  - Closing JDBC Connection [conn68: url=jdbc:h2:mem:activiti-AsyncExecutorTest user=SA]
10:47:58,086 [Thread-112] DEBUG org.apache.ibatis.datasource.pooled.PooledDataSource  - Returned connection 58501658 to pool.
10:47:58,086 [Thread-112] DEBUG org.activiti.engine.impl.interceptor.LogInterceptor  - --- AcquireAsyncJobsDueCmd finished --------------------------------------------------------
10:47:58,086 [Thread-112] DEBUG org.activiti.engine.impl.interceptor.LogInterceptor  - 

10:47:58,086 [Thread-112] DEBUG org.activiti.engine.impl.asyncexecutor.AcquireAsyncJobsDueRunnable  - async job acquisition thread sleeping for 50 millis
10:47:58,101 [Thread-103] DEBUG org.activiti.engine.impl.asyncexecutor.AcquireAsyncJobsDueRunnable  - async job acquisition thread woke up
10:47:58,101 [Thread-103] DEBUG org.activiti.engine.impl.interceptor.LogInterceptor  - 

10:47:58,101 [Thread-103] DEBUG org.activiti.engine.impl.interceptor.LogInterceptor  - --- starting AcquireAsyncJobsDueCmd --------------------------------------------------------
10:47:58,101 [Thread-111] DEBUG org.activiti.engine.impl.asyncexecutor.AcquireTimerJobsRunnable  - timer job acquisition thread woke up
10:47:58,101 [Thread-111] DEBUG org.activiti.engine.impl.interceptor.LogInterceptor  - 

10:47:58,101 [Thread-111] DEBUG org.activiti.engine.impl.interceptor.LogInterceptor  - --- starting AcquireTimerJobsCmd --------------------------------------------------------
10:47:58,101 [Thread-102] DEBUG org.activiti.engine.impl.asyncexecutor.AcquireTimerJobsRunnable  - timer job acquisition thread woke up
10:47:58,101 [Thread-102] DEBUG org.activiti.engine.impl.interceptor.LogInterceptor  - 

10:47:58,101 [Thread-102] DEBUG org.activiti.engine.impl.interceptor.LogInterceptor  - --- starting AcquireTimerJobsCmd --------------------------------------------------------
10:47:58,101 [Thread-102] DEBUG org.apache.ibatis.transaction.jdbc.JdbcTransaction  - Opening JDBC Connection
10:47:58,101 [Thread-102] DEBUG org.apache.ibatis.datasource.pooled.PooledDataSource  - Checked out connection 720039383 from pool.
10:47:58,101 [Thread-102] DEBUG org.apache.ibatis.transaction.jdbc.JdbcTransaction  - Setting autocommit to false on JDBC Connection [conn59: url=jdbc:h2:mem:activiti-AsyncExecutorTest user=SA]
10:47:58,101 [Thread-106] DEBUG org.activiti.engine.impl.asyncexecutor.AcquireAsyncJobsDueRunnable  - async job acquisition thread woke up
10:47:58,101 [Thread-106] DEBUG org.activiti.engine.impl.interceptor.LogInterceptor  - 

10:47:58,101 [Thread-106] DEBUG org.activiti.engine.impl.interceptor.LogInterceptor  - --- starting AcquireAsyncJobsDueCmd --------------------------------------------------------
10:47:58,101 [Thread-106] DEBUG org.apache.ibatis.transaction.jdbc.JdbcTransaction  - Opening JDBC Connection
10:47:58,101 [Thread-106] DEBUG org.apache.ibatis.datasource.pooled.PooledDataSource  - Checked out connection 996762054 from pool.
10:47:58,101 [Thread-106] DEBUG org.apache.ibatis.transaction.jdbc.JdbcTransaction  - Setting autocommit to false on JDBC Connection [conn65: url=jdbc:h2:mem:activiti-AsyncExecutorTest user=SA]
10:47:58,101 [Thread-105] DEBUG org.activiti.engine.impl.asyncexecutor.AcquireTimerJobsRunnable  - timer job acquisition thread woke up
10:47:58,102 [Thread-105] DEBUG org.activiti.engine.impl.interceptor.LogInterceptor  - 

10:47:58,102 [Thread-105] DEBUG org.activiti.engine.impl.interceptor.LogInterceptor  - --- starting AcquireTimerJobsCmd --------------------------------------------------------
10:47:58,101 [main] DEBUG org.activiti.engine.impl.interceptor.LogInterceptor  - 

10:47:58,102 [main] DEBUG org.activiti.engine.impl.interceptor.LogInterceptor  - --- starting JobQueryImpl --------------------------------------------------------
10:47:58,102 [Thread-105] DEBUG org.apache.ibatis.transaction.jdbc.JdbcTransaction  - Opening JDBC Connection
10:47:58,102 [Thread-105] DEBUG org.apache.ibatis.datasource.pooled.PooledDataSource  - Checked out connection 1970103261 from pool.
10:47:58,102 [Thread-105] DEBUG org.apache.ibatis.transaction.jdbc.JdbcTransaction  - Setting autocommit to false on JDBC Connection [conn63: url=jdbc:h2:mem:activiti-AsyncExecutorTest user=SA]
10:47:58,102 [Thread-105] DEBUG org.activiti.engine.impl.persistence.entity.JobEntity.selectNextTimerJobsToExecute  - ==&gt;  Preparing: select RES.* from ACT_RU_JOB RES LEFT OUTER JOIN ACT_RU_EXECUTION PI ON PI.ID_ = RES.PROCESS_INSTANCE_ID_ where (RES.RETRIES_ &gt; 0) and (RES.DUEDATE_ is null or RES.DUEDATE_ &lt;= ?) and (RES.LOCK_OWNER_ is null or RES.LOCK_EXP_TIME_ &lt;= ?) and TYPE_ = &apos;timer&apos; and ( (RES.EXECUTION_ID_ is null) or (PI.SUSPENSION_STATE_ = 1) ) LIMIT ? OFFSET ? 
10:47:58,102 [Thread-105] DEBUG org.activiti.engine.impl.persistence.entity.JobEntity.selectNextTimerJobsToExecute  - ==&gt; Parameters: 2023-03-20 10:48:50.669(Timestamp), 2023-03-20 10:48:50.669(Timestamp), 1(Integer), 0(Integer)
10:47:58,101 [Thread-106] DEBUG org.activiti.engine.impl.persistence.entity.JobEntity.selectAsyncJobsDueToExecute  - ==&gt;  Preparing: select RES.* from ACT_RU_JOB RES LEFT OUTER JOIN ACT_RU_EXECUTION PI ON PI.ID_ = RES.PROCESS_INSTANCE_ID_ where RES.RETRIES_ &gt; 0 and RES.DUEDATE_ is not null and RES.DUEDATE_ &lt;= ? and (RES.LOCK_EXP_TIME_ is null or RES.LOCK_EXP_TIME_ &lt;= ?) and TYPE_ = &apos;message&apos; and ( (RES.EXECUTION_ID_ is null) or (PI.SUSPENSION_STATE_ = 1) ) LIMIT ? OFFSET ? 
10:47:58,102 [Thread-106] DEBUG org.activiti.engine.impl.persistence.entity.JobEntity.selectAsyncJobsDueToExecute  - ==&gt; Parameters: 2023-03-20 10:48:50.669(Timestamp), 2023-03-20 10:48:50.669(Timestamp), 1(Integer), 0(Integer)
10:47:58,102 [Thread-106] DEBUG org.activiti.engine.impl.persistence.entity.JobEntity.selectAsyncJobsDueToExecute  - &lt;==      Total: 0
10:47:58,102 [Thread-106] DEBUG org.activiti.engine.impl.db.DbSqlSession  - flush summary: 0 insert, 0 update, 0 delete.
10:47:58,102 [Thread-106] DEBUG org.activiti.engine.impl.db.DbSqlSession  - now executing flush...
10:47:58,102 [Thread-106] DEBUG org.activiti.engine.impl.cfg.standalone.StandaloneMybatisTransactionContext  - firing event committing...
10:47:58,102 [Thread-106] DEBUG org.activiti.engine.impl.cfg.standalone.StandaloneMybatisTransactionContext  - committing the ibatis sql session...
10:47:58,102 [Thread-106] DEBUG org.activiti.engine.impl.cfg.standalone.StandaloneMybatisTransactionContext  - firing event committed...
10:47:58,102 [Thread-106] DEBUG org.apache.ibatis.transaction.jdbc.JdbcTransaction  - Resetting autocommit to true on JDBC Connection [conn65: url=jdbc:h2:mem:activiti-AsyncExecutorTest user=SA]
10:47:58,102 [Thread-106] DEBUG org.apache.ibatis.transaction.jdbc.JdbcTransaction  - Closing JDBC Connection [conn65: url=jdbc:h2:mem:activiti-AsyncExecutorTest user=SA]
10:47:58,102 [Thread-106] DEBUG org.apache.ibatis.datasource.pooled.PooledDataSource  - Returned connection 996762054 to pool.
10:47:58,102 [Thread-106] DEBUG org.activiti.engine.impl.interceptor.LogInterceptor  - --- AcquireAsyncJobsDueCmd finished --------------------------------------------------------
10:47:58,102 [Thread-106] DEBUG org.activiti.engine.impl.interceptor.LogInterceptor  - 

10:47:58,102 [Thread-106] DEBUG org.activiti.engine.impl.asyncexecutor.AcquireAsyncJobsDueRunnable  - async job acquisition thread sleeping for 50 millis
10:47:58,101 [Thread-102] DEBUG org.activiti.engine.impl.persistence.entity.JobEntity.selectNextTimerJobsToExecute  - ==&gt;  Preparing: select RES.* from ACT_RU_JOB RES LEFT OUTER JOIN ACT_RU_EXECUTION PI ON PI.ID_ = RES.PROCESS_INSTANCE_ID_ where (RES.RETRIES_ &gt; 0) and (RES.DUEDATE_ is null or RES.DUEDATE_ &lt;= ?) and (RES.LOCK_OWNER_ is null or RES.LOCK_EXP_TIME_ &lt;= ?) and TYPE_ = &apos;timer&apos; and ( (RES.EXECUTION_ID_ is null) or (PI.SUSPENSION_STATE_ = 1) ) LIMIT ? OFFSET ? 
10:47:58,102 [Thread-102] DEBUG org.activiti.engine.impl.persistence.entity.JobEntity.selectNextTimerJobsToExecute  - ==&gt; Parameters: 2023-03-20 10:48:50.669(Timestamp), 2023-03-20 10:48:50.669(Timestamp), 1(Integer), 0(Integer)
10:47:58,102 [Thread-102] DEBUG org.activiti.engine.impl.persistence.entity.JobEntity.selectNextTimerJobsToExecute  - &lt;==      Total: 0
10:47:58,102 [Thread-102] DEBUG org.activiti.engine.impl.db.DbSqlSession  - flush summary: 0 insert, 0 update, 0 delete.
10:47:58,102 [Thread-102] DEBUG org.activiti.engine.impl.db.DbSqlSession  - now executing flush...
10:47:58,102 [Thread-102] DEBUG org.activiti.engine.impl.cfg.standalone.StandaloneMybatisTransactionContext  - firing event committing...
10:47:58,102 [Thread-102] DEBUG org.activiti.engine.impl.cfg.standalone.StandaloneMybatisTransactionContext  - committing the ibatis sql session...
10:47:58,102 [Thread-102] DEBUG org.activiti.engine.impl.cfg.standalone.StandaloneMybatisTransactionContext  - firing event committed...
10:47:58,102 [Thread-102] DEBUG org.apache.ibatis.transaction.jdbc.JdbcTransaction  - Resetting autocommit to true on JDBC Connection [conn59: url=jdbc:h2:mem:activiti-AsyncExecutorTest user=SA]
10:47:58,102 [Thread-102] DEBUG org.apache.ibatis.transaction.jdbc.JdbcTransaction  - Closing JDBC Connection [conn59: url=jdbc:h2:mem:activiti-AsyncExecutorTest user=SA]
10:47:58,102 [Thread-102] DEBUG org.apache.ibatis.datasource.pooled.PooledDataSource  - Returned connection 720039383 to pool.
10:47:58,102 [Thread-102] DEBUG org.activiti.engine.impl.interceptor.LogInterceptor  - --- AcquireTimerJobsCmd finished --------------------------------------------------------
10:47:58,102 [Thread-102] DEBUG org.activiti.engine.impl.interceptor.LogInterceptor  - 

10:47:58,103 [Thread-102] DEBUG org.activiti.engine.impl.asyncexecutor.AcquireTimerJobsRunnable  - timer job acquisition thread sleeping for 50 millis
10:47:58,101 [Thread-111] DEBUG org.apache.ibatis.transaction.jdbc.JdbcTransaction  - Opening JDBC Connection
10:47:58,103 [Thread-111] DEBUG org.apache.ibatis.datasource.pooled.PooledDataSource  - Checked out connection 1863805930 from pool.
10:47:58,103 [Thread-111] DEBUG org.apache.ibatis.transaction.jdbc.JdbcTransaction  - Setting autocommit to false on JDBC Connection [conn69: url=jdbc:h2:mem:activiti-AsyncExecutorTest user=SA]
10:47:58,103 [Thread-111] DEBUG org.activiti.engine.impl.persistence.entity.JobEntity.selectNextTimerJobsToExecute  - ==&gt;  Preparing: select RES.* from ACT_RU_JOB RES LEFT OUTER JOIN ACT_RU_EXECUTION PI ON PI.ID_ = RES.PROCESS_INSTANCE_ID_ where (RES.RETRIES_ &gt; 0) and (RES.DUEDATE_ is null or RES.DUEDATE_ &lt;= ?) and (RES.LOCK_OWNER_ is null or RES.LOCK_EXP_TIME_ &lt;= ?) and TYPE_ = &apos;timer&apos; and ( (RES.EXECUTION_ID_ is null) or (PI.SUSPENSION_STATE_ = 1) ) LIMIT ? OFFSET ? 
10:47:58,103 [Thread-111] DEBUG org.activiti.engine.impl.persistence.entity.JobEntity.selectNextTimerJobsToExecute  - ==&gt; Parameters: 2023-03-20 10:48:50.669(Timestamp), 2023-03-20 10:48:50.669(Timestamp), 1(Integer), 0(Integer)
10:47:58,103 [Thread-111] DEBUG org.activiti.engine.impl.persistence.entity.JobEntity.selectNextTimerJobsToExecute  - &lt;==      Total: 0
10:47:58,101 [Thread-103] DEBUG org.apache.ibatis.transaction.jdbc.JdbcTransaction  - Opening JDBC Connection
10:47:58,103 [Thread-103] DEBUG org.apache.ibatis.datasource.pooled.PooledDataSource  - Checked out connection 33534803 from pool.
10:47:58,103 [Thread-103] DEBUG org.apache.ibatis.transaction.jdbc.JdbcTransaction  - Setting autocommit to false on JDBC Connection [conn60: url=jdbc:h2:mem:activiti-AsyncExecutorTest user=SA]
10:47:58,103 [Thread-103] DEBUG org.activiti.engine.impl.persistence.entity.JobEntity.selectAsyncJobsDueToExecute  - ==&gt;  Preparing: select RES.* from ACT_RU_JOB RES LEFT OUTER JOIN ACT_RU_EXECUTION PI ON PI.ID_ = RES.PROCESS_INSTANCE_ID_ where RES.RETRIES_ &gt; 0 and RES.DUEDATE_ is not null and RES.DUEDATE_ &lt;= ? and (RES.LOCK_EXP_TIME_ is null or RES.LOCK_EXP_TIME_ &lt;= ?) and TYPE_ = &apos;message&apos; and ( (RES.EXECUTION_ID_ is null) or (PI.SUSPENSION_STATE_ = 1) ) LIMIT ? OFFSET ? 
10:47:58,103 [Thread-111] DEBUG org.activiti.engine.impl.db.DbSqlSession  - flush summary: 0 insert, 0 update, 0 delete.
10:47:58,103 [Thread-111] DEBUG org.activiti.engine.impl.db.DbSqlSession  - now executing flush...
10:47:58,103 [Thread-111] DEBUG org.activiti.engine.impl.cfg.standalone.StandaloneMybatisTransactionContext  - firing event committing...
10:47:58,103 [Thread-111] DEBUG org.activiti.engine.impl.cfg.standalone.StandaloneMybatisTransactionContext  - committing the ibatis sql session...
10:47:58,102 [Thread-105] DEBUG org.activiti.engine.impl.persistence.entity.JobEntity.selectNextTimerJobsToExecute  - &lt;==      Total: 0
10:47:58,103 [Thread-105] DEBUG org.activiti.engine.impl.db.DbSqlSession  - flush summary: 0 insert, 0 update, 0 delete.
10:47:58,103 [Thread-105] DEBUG org.activiti.engine.impl.db.DbSqlSession  - now executing flush...
10:47:58,103 [Thread-105] DEBUG org.activiti.engine.impl.cfg.standalone.StandaloneMybatisTransactionContext  - firing event committing...
10:47:58,103 [Thread-105] DEBUG org.activiti.engine.impl.cfg.standalone.StandaloneMybatisTransactionContext  - committing the ibatis sql session...
10:47:58,103 [Thread-105] DEBUG org.activiti.engine.impl.cfg.standalone.StandaloneMybatisTransactionContext  - firing event committed...
10:47:58,103 [Thread-105] DEBUG org.apache.ibatis.transaction.jdbc.JdbcTransaction  - Resetting autocommit to true on JDBC Connection [conn63: url=jdbc:h2:mem:activiti-AsyncExecutorTest user=SA]
10:47:58,103 [Thread-105] DEBUG org.apache.ibatis.transaction.jdbc.JdbcTransaction  - Closing JDBC Connection [conn63: url=jdbc:h2:mem:activiti-AsyncExecutorTest user=SA]
10:47:58,103 [Thread-105] DEBUG org.apache.ibatis.datasource.pooled.PooledDataSource  - Returned connection 1970103261 to pool.
10:47:58,103 [Thread-105] DEBUG org.activiti.engine.impl.interceptor.LogInterceptor  - --- AcquireTimerJobsCmd finished --------------------------------------------------------
10:47:58,103 [Thread-105] DEBUG org.activiti.engine.impl.interceptor.LogInterceptor  - 

10:47:58,103 [Thread-105] DEBUG org.activiti.engine.impl.asyncexecutor.AcquireTimerJobsRunnable  - timer job acquisition thread sleeping for 50 millis
10:47:58,102 [main] DEBUG org.apache.ibatis.transaction.jdbc.JdbcTransaction  - Opening JDBC Connection
10:47:58,103 [main] DEBUG org.apache.ibatis.datasource.pooled.PooledDataSource  - Checked out connection 297240765 from pool.
10:47:58,103 [main] DEBUG org.apache.ibatis.transaction.jdbc.JdbcTransaction  - Setting autocommit to false on JDBC Connection [conn4: url=jdbc:h2:mem:activiti user=SA]
10:47:58,103 [main] DEBUG org.activiti.engine.impl.persistence.entity.JobEntity.selectJobByQueryCriteria  - ==&gt;  Preparing: select RES.* from ACT_RU_JOB RES order by order by RES.ID_ asc LIMIT ? OFFSET ? 
10:47:58,103 [Thread-111] DEBUG org.activiti.engine.impl.cfg.standalone.StandaloneMybatisTransactionContext  - firing event committed...
10:47:58,103 [Thread-111] DEBUG org.apache.ibatis.transaction.jdbc.JdbcTransaction  - Resetting autocommit to true on JDBC Connection [conn69: url=jdbc:h2:mem:activiti-AsyncExecutorTest user=SA]
10:47:58,103 [Thread-111] DEBUG org.apache.ibatis.transaction.jdbc.JdbcTransaction  - Closing JDBC Connection [conn69: url=jdbc:h2:mem:activiti-AsyncExecutorTest user=SA]
10:47:58,103 [Thread-111] DEBUG org.apache.ibatis.datasource.pooled.PooledDataSource  - Returned connection 1863805930 to pool.
10:47:58,103 [Thread-111] DEBUG org.activiti.engine.impl.interceptor.LogInterceptor  - --- AcquireTimerJobsCmd finished --------------------------------------------------------
10:47:58,103 [Thread-111] DEBUG org.activiti.engine.impl.interceptor.LogInterceptor  - 

10:47:58,103 [Thread-111] DEBUG org.activiti.engine.impl.asyncexecutor.AcquireTimerJobsRunnable  - timer job acquisition thread sleeping for 50 millis
10:47:58,103 [Thread-103] DEBUG org.activiti.engine.impl.persistence.entity.JobEntity.selectAsyncJobsDueToExecute  - ==&gt; Parameters: 2023-03-20 10:48:50.669(Timestamp), 2023-03-20 10:48:50.669(Timestamp), 1(Integer), 0(Integer)
10:47:58,104 [Thread-103] DEBUG org.activiti.engine.impl.persistence.entity.JobEntity.selectAsyncJobsDueToExecute  - &lt;==      Total: 0
10:47:58,104 [Thread-103] DEBUG org.activiti.engine.impl.db.DbSqlSession  - flush summary: 0 insert, 0 update, 0 delete.
10:47:58,104 [Thread-103] DEBUG org.activiti.engine.impl.db.DbSqlSession  - now executing flush...
10:47:58,104 [Thread-103] DEBUG org.activiti.engine.impl.cfg.standalone.StandaloneMybatisTransactionContext  - firing event committing...
10:47:58,104 [Thread-103] DEBUG org.activiti.engine.impl.cfg.standalone.StandaloneMybatisTransactionContext  - committing the ibatis sql session...
10:47:58,104 [Thread-103] DEBUG org.activiti.engine.impl.cfg.standalone.StandaloneMybatisTransactionContext  - firing event committed...
10:47:58,104 [Thread-103] DEBUG org.apache.ibatis.transaction.jdbc.JdbcTransaction  - Resetting autocommit to true on JDBC Connection [conn60: url=jdbc:h2:mem:activiti-AsyncExecutorTest user=SA]
10:47:58,104 [Thread-103] DEBUG org.apache.ibatis.transaction.jdbc.JdbcTransaction  - Closing JDBC Connection [conn60: url=jdbc:h2:mem:activiti-AsyncExecutorTest user=SA]
10:47:58,104 [Thread-103] DEBUG org.apache.ibatis.datasource.pooled.PooledDataSource  - Returned connection 33534803 to pool.
10:47:58,104 [Thread-103] DEBUG org.activiti.engine.impl.interceptor.LogInterceptor  - --- AcquireAsyncJobsDueCmd finished --------------------------------------------------------
10:47:58,104 [Thread-103] DEBUG org.activiti.engine.impl.interceptor.LogInterceptor  - 

10:47:58,104 [Thread-103] DEBUG org.activiti.engine.impl.asyncexecutor.AcquireAsyncJobsDueRunnable  - async job acquisition thread sleeping for 50 millis
10:47:58,103 [main] DEBUG org.activiti.engine.impl.interceptor.CommandContext  - Error while closing command context
org.apache.ibatis.exceptions.PersistenceException: 
### Error querying database.  Cause: org.h2.jdbc.JdbcSQLException: Syntax error in SQL statement &quot;SELECT RES.* 
     
    FROM ACT_RU_JOB RES
     
      
   
     ORDER BY  ORDER[*] BY RES.ID_ ASC  
    LIMIT ? OFFSET ? &quot;; expected &quot;=, NOT, EXISTS, INTERSECTS, SELECT, FROM&quot;; SQL statement:
select RES.* 
     
    from ACT_RU_JOB RES
     
      
   
     order by  order by RES.ID_ asc  
    LIMIT ? OFFSET ? [42001-176]
### The error may exist in org/activiti/db/mapping/entity/Job.xml
### The error may involve org.activiti.engine.impl.persistence.entity.JobEntity.selectJobByQueryCriteria
### The error occurred while executing a query
### SQL: select RES.*            from ACT_RU_JOB RES                       order by  order by RES.ID_ asc       LIMIT ? OFFSET ?
### Cause: org.h2.jdbc.JdbcSQLException: Syntax error in SQL statement &quot;SELECT RES.* 
     
    FROM ACT_RU_JOB RES
     
      
   
     ORDER BY  ORDER[*] BY RES.ID_ ASC  
    LIMIT ? OFFSET ? &quot;; expected &quot;=, NOT, EXISTS, INTERSECTS, SELECT, FROM&quot;; SQL statement:
select RES.* 
     
    from ACT_RU_JOB RES
     
      
   
     order by  order by RES.ID_ asc  
    LIMIT ? OFFSET ? [42001-176]
	at org.apache.ibatis.exceptions.ExceptionFactory.wrapException(ExceptionFactory.java:30)
	at org.apache.ibatis.session.defaults.DefaultSqlSession.selectList(DefaultSqlSession.java:122)
	at org.apache.ibatis.session.defaults.DefaultSqlSession.selectList(DefaultSqlSession.java:113)
	at org.activiti.engine.impl.db.DbSqlSession.selectListWithRawParameter(DbSqlSession.java:438)
	at org.activiti.engine.impl.db.DbSqlSession.selectList(DbSqlSession.java:429)
	at org.activiti.engine.impl.db.DbSqlSession.selectList(DbSqlSession.java:419)
	at org.activiti.engine.impl.persistence.entity.JobEntityManager.findJobsByQueryCriteria(JobEntityManager.java:198)
	at org.activiti.engine.impl.JobQueryImpl.executeList(JobQueryImpl.java:243)
	at org.activiti.engine.impl.AbstractQuery.execute(AbstractQuery.java:164)
	at org.activiti.engine.impl.interceptor.CommandInvoker.execute(CommandInvoker.java:24)
	at org.activiti.engine.impl.interceptor.CommandContextInterceptor.execute(CommandContextInterceptor.java:57)
	at org.activiti.engine.impl.interceptor.LogInterceptor.execute(LogInterceptor.java:37)
	at org.activiti.engine.impl.cfg.CommandExecutorImpl.execute(CommandExecutorImpl.java:40)
	at org.activiti.engine.impl.cfg.CommandExecutorImpl.execute(CommandExecutorImpl.java:35)
	at org.activiti.engine.impl.AbstractQuery.list(AbstractQuery.java:138)
	at org.activiti.engine.impl.test.JobTestHelper.areJobsAvailable(JobTestHelper.java:194)
	at org.activiti.engine.impl.test.JobTestHelper.waitForJobExecutorToProcessAllJobs(JobTestHelper.java:74)
	at org.activiti.engine.impl.test.JobTestHelper.waitForJobExecutorToProcessAllJobs(JobTestHelper.java:47)
	at org.activiti.engine.impl.test.AbstractActivitiTestCase.waitForJobExecutorToProcessAllJobs(AbstractActivitiTestCase.java:204)
	at org.activiti.engine.test.jobexecutor.JobExecutorTest.testBasicJobExecutorOperation(JobExecutorTest.java:53)
	at sun.reflect.NativeMethodAccessorImpl.invoke0(Native Method)
	at sun.reflect.NativeMethodAccessorImpl.invoke(NativeMethodAccessorImpl.java:62)
	at sun.reflect.DelegatingMethodAccessorImpl.invoke(DelegatingMethodAccessorImpl.java:43)
	at java.lang.reflect.Method.invoke(Method.java:498)
	at junit.framework.TestCase.runTest(TestCase.java:176)
	at org.activiti.engine.impl.test.PvmTestCase.runTest(PvmTestCase.java:65)
	at junit.framework.TestCase.runBare(TestCase.java:141)
	at org.activiti.engine.impl.test.AbstractActivitiTestCase.runBare(AbstractActivitiTestCase.java:100)
	at junit.framework.TestResult$1.protect(TestResult.java:122)
	at junit.framework.TestResult.runProtected(TestResult.java:142)
	at junit.framework.TestResult.run(TestResult.java:125)
	at junit.framework.TestCase.run(TestCase.java:129)
	at junit.framework.TestSuite.runTest(TestSuite.java:255)
	at junit.framework.TestSuite.run(TestSuite.java:250)
	at org.junit.internal.runners.JUnit38ClassRunner.run(JUnit38ClassRunner.java:84)
	at org.apache.maven.surefire.junit4.JUnit4TestSet.execute(JUnit4TestSet.java:35)
	at org.apache.maven.surefire.junit4.JUnit4Provider.executeTestSet(JUnit4Provider.java:146)
	at org.apache.maven.surefire.junit4.JUnit4Provider.invoke(JUnit4Provider.java:97)
	at sun.reflect.NativeMethodAccessorImpl.invoke0(Native Method)
	at sun.reflect.NativeMethodAccessorImpl.invoke(NativeMethodAccessorImpl.java:62)
	at sun.reflect.DelegatingMethodAccessorImpl.invoke(DelegatingMethodAccessorImpl.java:43)
	at java.lang.reflect.Method.invoke(Method.java:498)
	at org.apache.maven.surefire.booter.ProviderFactory$ClassLoaderProxy.invoke(ProviderFactory.java:103)
	at com.sun.proxy.$Proxy0.invoke(Unknown Source)
	at org.apache.maven.surefire.booter.SurefireStarter.invokeProvider(SurefireStarter.java:145)
	at org.apache.maven.surefire.booter.SurefireStarter.runSuitesInProcess(SurefireStarter.java:87)
	at org.apache.maven.surefire.booter.ForkedBooter.main(ForkedBooter.java:69)
Caused by: org.h2.jdbc.JdbcSQLException: Syntax error in SQL statement &quot;SELECT RES.* 
     
    FROM ACT_RU_JOB RES
     
      
   
     ORDER BY  ORDER[*] BY RES.ID_ ASC  
    LIMIT ? OFFSET ? &quot;; expected &quot;=, NOT, EXISTS, INTERSECTS, SELECT, FROM&quot;; SQL statement:
select RES.* 
     
    from ACT_RU_JOB RES
     
      
   
     order by  order by RES.ID_ asc  
    LIMIT ? OFFSET ? [42001-176]
	at org.h2.message.DbException.getJdbcSQLException(DbException.java:344)
	at org.h2.message.DbException.getSyntaxError(DbException.java:204)
	at org.h2.command.Parser.getSyntaxError(Parser.java:524)
	at org.h2.command.Parser.readTerm(Parser.java:2688)
	at org.h2.command.Parser.readFactor(Parser.java:2244)
	at org.h2.command.Parser.readSum(Parser.java:2231)
	at org.h2.command.Parser.readConcat(Parser.java:2201)
	at org.h2.command.Parser.readCondition(Parser.java:2051)
	at org.h2.command.Parser.readAnd(Parser.java:2023)
	at org.h2.command.Parser.readExpression(Parser.java:2015)
	at org.h2.command.Parser.parseEndOfQuery(Parser.java:1726)
	at org.h2.command.Parser.parseSelectUnionExtension(Parser.java:1706)
	at org.h2.command.Parser.parseSelectUnion(Parser.java:1675)
	at org.h2.command.Parser.parseSelect(Parser.java:1662)
	at org.h2.command.Parser.parsePrepared(Parser.java:434)
	at org.h2.command.Parser.parse(Parser.java:306)
	at org.h2.command.Parser.parse(Parser.java:282)
	at org.h2.command.Parser.prepareCommand(Parser.java:243)
	at org.h2.engine.Session.prepareLocal(Session.java:442)
	at org.h2.engine.Session.prepareCommand(Session.java:384)
	at org.h2.jdbc.JdbcConnection.prepareCommand(JdbcConnection.java:1188)
	at org.h2.jdbc.JdbcPreparedStatement.&lt;init&gt;(JdbcPreparedStatement.java:73)
	at org.h2.jdbc.JdbcConnection.prepareStatement(JdbcConnection.java:276)
	at sun.reflect.GeneratedMethodAccessor6.invoke(Unknown Source)
	at sun.reflect.DelegatingMethodAccessorImpl.invoke(DelegatingMethodAccessorImpl.java:43)
	at java.lang.reflect.Method.invoke(Method.java:498)
	at org.apache.ibatis.datasource.pooled.PooledConnection.invoke(PooledConnection.java:245)
	at com.sun.proxy.$Proxy12.prepareStatement(Unknown Source)
	at sun.reflect.GeneratedMethodAccessor6.invoke(Unknown Source)
	at sun.reflect.DelegatingMethodAccessorImpl.invoke(DelegatingMethodAccessorImpl.java:43)
	at java.lang.reflect.Method.invoke(Method.java:498)
	at org.apache.ibatis.logging.jdbc.ConnectionLogger.invoke(ConnectionLogger.java:55)
	at com.sun.proxy.$Proxy12.prepareStatement(Unknown Source)
	at org.apache.ibatis.executor.statement.PreparedStatementHandler.instantiateStatement(PreparedStatementHandler.java:79)
	at org.apache.ibatis.executor.statement.BaseStatementHandler.prepare(BaseStatementHandler.java:88)
	at org.apache.ibatis.executor.statement.RoutingStatementHandler.prepare(RoutingStatementHandler.java:58)
	at org.apache.ibatis.executor.SimpleExecutor.prepareStatement(SimpleExecutor.java:76)
	at org.apache.ibatis.executor.SimpleExecutor.doQuery(SimpleExecutor.java:61)
	at org.apache.ibatis.executor.BaseExecutor.queryFromDatabase(BaseExecutor.java:303)
	at org.apache.ibatis.executor.BaseExecutor.query(BaseExecutor.java:154)
	at org.apache.ibatis.executor.CachingExecutor.query(CachingExecutor.java:102)
	at org.apache.ibatis.executor.CachingExecutor.query(CachingExecutor.java:82)
	at org.apache.ibatis.session.defaults.DefaultSqlSession.selectList(DefaultSqlSession.java:120)
	... 45 more
10:47:58,104 [main] DEBUG org.activiti.engine.impl.cfg.standalone.StandaloneMybatisTransactionContext  - firing event rolling back...
10:47:58,104 [main] DEBUG org.activiti.engine.impl.cfg.standalone.StandaloneMybatisTransactionContext  - rolling back ibatis sql session...
10:47:58,104 [main] DEBUG org.activiti.engine.impl.cfg.standalone.StandaloneMybatisTransactionContext  - firing event rolled back...
10:47:58,104 [main] DEBUG org.apache.ibatis.transaction.jdbc.JdbcTransaction  - Resetting autocommit to true on JDBC Connection [conn4: url=jdbc:h2:mem:activiti user=SA]
10:47:58,104 [main] DEBUG org.apache.ibatis.transaction.jdbc.JdbcTransaction  - Closing JDBC Connection [conn4: url=jdbc:h2:mem:activiti user=SA]
10:47:58,104 [main] DEBUG org.apache.ibatis.datasource.pooled.PooledDataSource  - Returned connection 297240765 to pool.
10:47:58,104 [main] DEBUG org.activiti.engine.impl.interceptor.LogInterceptor  - --- JobQueryImpl finished --------------------------------------------------------
10:47:58,104 [main] DEBUG org.activiti.engine.impl.interceptor.LogInterceptor  - 

10:47:58,147 [Thread-112] DEBUG org.activiti.engine.impl.asyncexecutor.AcquireAsyncJobsDueRunnable  - async job acquisition thread woke up
10:47:58,147 [Thread-112] DEBUG org.activiti.engine.impl.interceptor.LogInterceptor  - 

10:47:58,147 [Thread-112] DEBUG org.activiti.engine.impl.interceptor.LogInterceptor  - --- starting AcquireAsyncJobsDueCmd --------------------------------------------------------
10:47:58,147 [Thread-112] DEBUG org.apache.ibatis.transaction.jdbc.JdbcTransaction  - Opening JDBC Connection
10:47:58,147 [Thread-112] DEBUG org.apache.ibatis.datasource.pooled.PooledDataSource  - Checked out connection 604408605 from pool.
10:47:58,147 [Thread-112] DEBUG org.apache.ibatis.transaction.jdbc.JdbcTransaction  - Setting autocommit to false on JDBC Connection [conn70: url=jdbc:h2:mem:activiti-AsyncExecutorTest user=SA]
10:47:58,147 [Thread-112] DEBUG org.activiti.engine.impl.persistence.entity.JobEntity.selectAsyncJobsDueToExecute  - ==&gt;  Preparing: select RES.* from ACT_RU_JOB RES LEFT OUTER JOIN ACT_RU_EXECUTION PI ON PI.ID_ = RES.PROCESS_INSTANCE_ID_ where RES.RETRIES_ &gt; 0 and RES.DUEDATE_ is not null and RES.DUEDATE_ &lt;= ? and (RES.LOCK_EXP_TIME_ is null or RES.LOCK_EXP_TIME_ &lt;= ?) and TYPE_ = &apos;message&apos; and ( (RES.EXECUTION_ID_ is null) or (PI.SUSPENSION_STATE_ = 1) ) LIMIT ? OFFSET ? 
10:47:58,147 [Thread-112] DEBUG org.activiti.engine.impl.persistence.entity.JobEntity.selectAsyncJobsDueToExecute  - ==&gt; Parameters: 2023-03-20 10:48:50.669(Timestamp), 2023-03-20 10:48:50.669(Timestamp), 1(Integer), 0(Integer)
10:47:58,147 [Thread-112] DEBUG org.activiti.engine.impl.persistence.entity.JobEntity.selectAsyncJobsDueToExecute  - &lt;==      Total: 0
10:47:58,147 [Thread-112] DEBUG org.activiti.engine.impl.db.DbSqlSession  - flush summary: 0 insert, 0 update, 0 delete.
10:47:58,147 [Thread-112] DEBUG org.activiti.engine.impl.db.DbSqlSession  - now executing flush...
10:47:58,147 [Thread-112] DEBUG org.activiti.engine.impl.cfg.standalone.StandaloneMybatisTransactionContext  - firing event committing...
10:47:58,147 [Thread-112] DEBUG org.activiti.engine.impl.cfg.standalone.StandaloneMybatisTransactionContext  - committing the ibatis sql session...
10:47:58,147 [Thread-112] DEBUG org.activiti.engine.impl.cfg.standalone.StandaloneMybatisTransactionContext  - firing event committed...
10:47:58,147 [Thread-112] DEBUG org.apache.ibatis.transaction.jdbc.JdbcTransaction  - Resetting autocommit to true on JDBC Connection [conn70: url=jdbc:h2:mem:activiti-AsyncExecutorTest user=SA]
10:47:58,147 [Thread-112] DEBUG org.apache.ibatis.transaction.jdbc.JdbcTransaction  - Closing JDBC Connection [conn70: url=jdbc:h2:mem:activiti-AsyncExecutorTest user=SA]
10:47:58,147 [Thread-112] DEBUG org.apache.ibatis.datasource.pooled.PooledDataSource  - Returned connection 604408605 to pool.
10:47:58,147 [Thread-112] DEBUG org.activiti.engine.impl.interceptor.LogInterceptor  - --- AcquireAsyncJobsDueCmd finished --------------------------------------------------------
10:47:58,147 [Thread-112] DEBUG org.activiti.engine.impl.interceptor.LogInterceptor  - 

10:47:58,147 [Thread-112] DEBUG org.activiti.engine.impl.asyncexecutor.AcquireAsyncJobsDueRunnable  - async job acquisition thread sleeping for 50 millis
10:47:58,163 [Thread-103] DEBUG org.activiti.engine.impl.asyncexecutor.AcquireAsyncJobsDueRunnable  - async job acquisition thread woke up
10:47:58,163 [Thread-103] DEBUG org.activiti.engine.impl.interceptor.LogInterceptor  - 

10:47:58,163 [Thread-105] DEBUG org.activiti.engine.impl.asyncexecutor.AcquireTimerJobsRunnable  - timer job acquisition thread woke up
10:47:58,163 [Thread-105] DEBUG org.activiti.engine.impl.interceptor.LogInterceptor  - 

10:47:58,163 [Thread-105] DEBUG org.activiti.engine.impl.interceptor.LogInterceptor  - --- starting AcquireTimerJobsCmd --------------------------------------------------------
10:47:58,163 [Thread-106] DEBUG org.activiti.engine.impl.asyncexecutor.AcquireAsyncJobsDueRunnable  - async job acquisition thread woke up
10:47:58,163 [Thread-106] DEBUG org.activiti.engine.impl.interceptor.LogInterceptor  - 

10:47:58,163 [Thread-106] DEBUG org.activiti.engine.impl.interceptor.LogInterceptor  - --- starting AcquireAsyncJobsDueCmd --------------------------------------------------------
10:47:58,163 [Thread-106] DEBUG org.apache.ibatis.transaction.jdbc.JdbcTransaction  - Opening JDBC Connection
10:47:58,163 [Thread-106] DEBUG org.apache.ibatis.datasource.pooled.PooledDataSource  - Checked out connection 54468349 from pool.
10:47:58,163 [Thread-106] DEBUG org.apache.ibatis.transaction.jdbc.JdbcTransaction  - Setting autocommit to false on JDBC Connection [conn64: url=jdbc:h2:mem:activiti-AsyncExecutorTest user=SA]
10:47:58,163 [Thread-106] DEBUG org.activiti.engine.impl.persistence.entity.JobEntity.selectAsyncJobsDueToExecute  - ==&gt;  Preparing: select RES.* from ACT_RU_JOB RES LEFT OUTER JOIN ACT_RU_EXECUTION PI ON PI.ID_ = RES.PROCESS_INSTANCE_ID_ where RES.RETRIES_ &gt; 0 and RES.DUEDATE_ is not null and RES.DUEDATE_ &lt;= ? and (RES.LOCK_EXP_TIME_ is null or RES.LOCK_EXP_TIME_ &lt;= ?) and TYPE_ = &apos;message&apos; and ( (RES.EXECUTION_ID_ is null) or (PI.SUSPENSION_STATE_ = 1) ) LIMIT ? OFFSET ? 
10:47:58,163 [Thread-102] DEBUG org.activiti.engine.impl.asyncexecutor.AcquireTimerJobsRunnable  - timer job acquisition thread woke up
10:47:58,163 [Thread-111] DEBUG org.activiti.engine.impl.asyncexecutor.AcquireTimerJobsRunnable  - timer job acquisition thread woke up
10:47:58,164 [Thread-111] DEBUG org.activiti.engine.impl.interceptor.LogInterceptor  - 

10:47:58,164 [Thread-111] DEBUG org.activiti.engine.impl.interceptor.LogInterceptor  - --- starting AcquireTimerJobsCmd --------------------------------------------------------
10:47:58,164 [Thread-102] DEBUG org.activiti.engine.impl.interceptor.LogInterceptor  - 

10:47:58,164 [Thread-102] DEBUG org.activiti.engine.impl.interceptor.LogInterceptor  - --- starting AcquireTimerJobsCmd --------------------------------------------------------
10:47:58,163 [Thread-106] DEBUG org.activiti.engine.impl.persistence.entity.JobEntity.selectAsyncJobsDueToExecute  - ==&gt; Parameters: 2023-03-20 10:48:50.669(Timestamp), 2023-03-20 10:48:50.669(Timestamp), 1(Integer), 0(Integer)
10:47:58,164 [Thread-106] DEBUG org.activiti.engine.impl.persistence.entity.JobEntity.selectAsyncJobsDueToExecute  - &lt;==      Total: 0
10:47:58,164 [Thread-106] DEBUG org.activiti.engine.impl.db.DbSqlSession  - flush summary: 0 insert, 0 update, 0 delete.
10:47:58,164 [Thread-106] DEBUG org.activiti.engine.impl.db.DbSqlSession  - now executing flush...
10:47:58,164 [Thread-106] DEBUG org.activiti.engine.impl.cfg.standalone.StandaloneMybatisTransactionContext  - firing event committing...
10:47:58,164 [Thread-106] DEBUG org.activiti.engine.impl.cfg.standalone.StandaloneMybatisTransactionContext  - committing the ibatis sql session...
10:47:58,164 [Thread-106] DEBUG org.activiti.engine.impl.cfg.standalone.StandaloneMybatisTransactionContext  - firing event committed...
10:47:58,163 [Thread-105] DEBUG org.apache.ibatis.transaction.jdbc.JdbcTransaction  - Opening JDBC Connection
10:47:58,164 [Thread-105] DEBUG org.apache.ibatis.datasource.pooled.PooledDataSource  - Checked out connection 996762054 from pool.
10:47:58,164 [Thread-105] DEBUG org.apache.ibatis.transaction.jdbc.JdbcTransaction  - Setting autocommit to false on JDBC Connection [conn65: url=jdbc:h2:mem:activiti-AsyncExecutorTest user=SA]
10:47:58,163 [Thread-103] DEBUG org.activiti.engine.impl.interceptor.LogInterceptor  - --- starting AcquireAsyncJobsDueCmd --------------------------------------------------------
10:47:58,164 [Thread-103] DEBUG org.apache.ibatis.transaction.jdbc.JdbcTransaction  - Opening JDBC Connection
10:47:58,164 [Thread-103] DEBUG org.apache.ibatis.datasource.pooled.PooledDataSource  - Checked out connection 157985567 from pool.
10:47:58,164 [Thread-105] DEBUG org.activiti.engine.impl.persistence.entity.JobEntity.selectNextTimerJobsToExecute  - ==&gt;  Preparing: select RES.* from ACT_RU_JOB RES LEFT OUTER JOIN ACT_RU_EXECUTION PI ON PI.ID_ = RES.PROCESS_INSTANCE_ID_ where (RES.RETRIES_ &gt; 0) and (RES.DUEDATE_ is null or RES.DUEDATE_ &lt;= ?) and (RES.LOCK_OWNER_ is null or RES.LOCK_EXP_TIME_ &lt;= ?) and TYPE_ = &apos;timer&apos; and ( (RES.EXECUTION_ID_ is null) or (PI.SUSPENSION_STATE_ = 1) ) LIMIT ? OFFSET ? 
10:47:58,164 [Thread-105] DEBUG org.activiti.engine.impl.persistence.entity.JobEntity.selectNextTimerJobsToExecute  - ==&gt; Parameters: 2023-03-20 10:48:50.669(Timestamp), 2023-03-20 10:48:50.669(Timestamp), 1(Integer), 0(Integer)
10:47:58,164 [Thread-106] DEBUG org.apache.ibatis.transaction.jdbc.JdbcTransaction  - Resetting autocommit to true on JDBC Connection [conn64: url=jdbc:h2:mem:activiti-AsyncExecutorTest user=SA]
10:47:58,164 [Thread-106] DEBUG org.apache.ibatis.transaction.jdbc.JdbcTransaction  - Closing JDBC Connection [conn64: url=jdbc:h2:mem:activiti-AsyncExecutorTest user=SA]
10:47:58,165 [Thread-106] DEBUG org.apache.ibatis.datasource.pooled.PooledDataSource  - Returned connection 54468349 to pool.
10:47:58,165 [Thread-106] DEBUG org.activiti.engine.impl.interceptor.LogInterceptor  - --- AcquireAsyncJobsDueCmd finished --------------------------------------------------------
10:47:58,165 [Thread-106] DEBUG org.activiti.engine.impl.interceptor.LogInterceptor  - 

10:47:58,165 [Thread-106] DEBUG org.activiti.engine.impl.asyncexecutor.AcquireAsyncJobsDueRunnable  - async job acquisition thread sleeping for 50 millis
10:47:58,164 [Thread-102] DEBUG org.apache.ibatis.transaction.jdbc.JdbcTransaction  - Opening JDBC Connection
10:47:58,165 [Thread-102] DEBUG org.apache.ibatis.datasource.pooled.PooledDataSource  - Checked out connection 720039383 from pool.
10:47:58,165 [Thread-102] DEBUG org.apache.ibatis.transaction.jdbc.JdbcTransaction  - Setting autocommit to false on JDBC Connection [conn59: url=jdbc:h2:mem:activiti-AsyncExecutorTest user=SA]
10:47:58,164 [Thread-111] DEBUG org.apache.ibatis.transaction.jdbc.JdbcTransaction  - Opening JDBC Connection
10:47:58,165 [Thread-111] DEBUG org.apache.ibatis.datasource.pooled.PooledDataSource  - Checked out connection 58501658 from pool.
10:47:58,165 [Thread-111] DEBUG org.apache.ibatis.transaction.jdbc.JdbcTransaction  - Setting autocommit to false on JDBC Connection [conn68: url=jdbc:h2:mem:activiti-AsyncExecutorTest user=SA]
10:47:58,165 [Thread-111] DEBUG org.activiti.engine.impl.persistence.entity.JobEntity.selectNextTimerJobsToExecute  - ==&gt;  Preparing: select RES.* from ACT_RU_JOB RES LEFT OUTER JOIN ACT_RU_EXECUTION PI ON PI.ID_ = RES.PROCESS_INSTANCE_ID_ where (RES.RETRIES_ &gt; 0) and (RES.DUEDATE_ is null or RES.DUEDATE_ &lt;= ?) and (RES.LOCK_OWNER_ is null or RES.LOCK_EXP_TIME_ &lt;= ?) and TYPE_ = &apos;timer&apos; and ( (RES.EXECUTION_ID_ is null) or (PI.SUSPENSION_STATE_ = 1) ) LIMIT ? OFFSET ? 
10:47:58,165 [Thread-111] DEBUG org.activiti.engine.impl.persistence.entity.JobEntity.selectNextTimerJobsToExecute  - ==&gt; Parameters: 2023-03-20 10:48:50.669(Timestamp), 2023-03-20 10:48:50.669(Timestamp), 1(Integer), 0(Integer)
10:47:58,165 [Thread-111] DEBUG org.activiti.engine.impl.persistence.entity.JobEntity.selectNextTimerJobsToExecute  - &lt;==      Total: 0
10:47:58,165 [Thread-111] DEBUG org.activiti.engine.impl.db.DbSqlSession  - flush summary: 0 insert, 0 update, 0 delete.
10:47:58,165 [Thread-111] DEBUG org.activiti.engine.impl.db.DbSqlSession  - now executing flush...
10:47:58,165 [Thread-111] DEBUG org.activiti.engine.impl.cfg.standalone.StandaloneMybatisTransactionContext  - firing event committing...
10:47:58,165 [Thread-111] DEBUG org.activiti.engine.impl.cfg.standalone.StandaloneMybatisTransactionContext  - committing the ibatis sql session...
10:47:58,165 [Thread-111] DEBUG org.activiti.engine.impl.cfg.standalone.StandaloneMybatisTransactionContext  - firing event committed...
10:47:58,165 [Thread-111] DEBUG org.apache.ibatis.transaction.jdbc.JdbcTransaction  - Resetting autocommit to true on JDBC Connection [conn68: url=jdbc:h2:mem:activiti-AsyncExecutorTest user=SA]
10:47:58,165 [Thread-111] DEBUG org.apache.ibatis.transaction.jdbc.JdbcTransaction  - Closing JDBC Connection [conn68: url=jdbc:h2:mem:activiti-AsyncExecutorTest user=SA]
10:47:58,165 [Thread-111] DEBUG org.apache.ibatis.datasource.pooled.PooledDataSource  - Returned connection 58501658 to pool.
10:47:58,165 [Thread-111] DEBUG org.activiti.engine.impl.interceptor.LogInterceptor  - --- AcquireTimerJobsCmd finished --------------------------------------------------------
10:47:58,165 [Thread-111] DEBUG org.activiti.engine.impl.interceptor.LogInterceptor  - 

10:47:58,165 [Thread-111] DEBUG org.activiti.engine.impl.asyncexecutor.AcquireTimerJobsRunnable  - timer job acquisition thread sleeping for 50 millis
10:47:58,165 [Thread-102] DEBUG org.activiti.engine.impl.persistence.entity.JobEntity.selectNextTimerJobsToExecute  - ==&gt;  Preparing: select RES.* from ACT_RU_JOB RES LEFT OUTER JOIN ACT_RU_EXECUTION PI ON PI.ID_ = RES.PROCESS_INSTANCE_ID_ where (RES.RETRIES_ &gt; 0) and (RES.DUEDATE_ is null or RES.DUEDATE_ &lt;= ?) and (RES.LOCK_OWNER_ is null or RES.LOCK_EXP_TIME_ &lt;= ?) and TYPE_ = &apos;timer&apos; and ( (RES.EXECUTION_ID_ is null) or (PI.SUSPENSION_STATE_ = 1) ) LIMIT ? OFFSET ? 
10:47:58,165 [Thread-102] DEBUG org.activiti.engine.impl.persistence.entity.JobEntity.selectNextTimerJobsToExecute  - ==&gt; Parameters: 2023-03-20 10:48:50.669(Timestamp), 2023-03-20 10:48:50.669(Timestamp), 1(Integer), 0(Integer)
10:47:58,165 [Thread-102] DEBUG org.activiti.engine.impl.persistence.entity.JobEntity.selectNextTimerJobsToExecute  - &lt;==      Total: 0
10:47:58,165 [Thread-102] DEBUG org.activiti.engine.impl.db.DbSqlSession  - flush summary: 0 insert, 0 update, 0 delete.
10:47:58,165 [Thread-102] DEBUG org.activiti.engine.impl.db.DbSqlSession  - now executing flush...
10:47:58,165 [Thread-102] DEBUG org.activiti.engine.impl.cfg.standalone.StandaloneMybatisTransactionContext  - firing event committing...
10:47:58,165 [Thread-102] DEBUG org.activiti.engine.impl.cfg.standalone.StandaloneMybatisTransactionContext  - committing the ibatis sql session...
10:47:58,165 [Thread-102] DEBUG org.activiti.engine.impl.cfg.standalone.StandaloneMybatisTransactionContext  - firing event committed...
10:47:58,165 [Thread-102] DEBUG org.apache.ibatis.transaction.jdbc.JdbcTransaction  - Resetting autocommit to true on JDBC Connection [conn59: url=jdbc:h2:mem:activiti-AsyncExecutorTest user=SA]
10:47:58,165 [Thread-102] DEBUG org.apache.ibatis.transaction.jdbc.JdbcTransaction  - Closing JDBC Connection [conn59: url=jdbc:h2:mem:activiti-AsyncExecutorTest user=SA]
10:47:58,165 [Thread-102] DEBUG org.apache.ibatis.datasource.pooled.PooledDataSource  - Returned connection 720039383 to pool.
10:47:58,165 [Thread-102] DEBUG org.activiti.engine.impl.interceptor.LogInterceptor  - --- AcquireTimerJobsCmd finished --------------------------------------------------------
10:47:58,165 [Thread-102] DEBUG org.activiti.engine.impl.interceptor.LogInterceptor  - 

10:47:58,165 [Thread-102] DEBUG org.activiti.engine.impl.asyncexecutor.AcquireTimerJobsRunnable  - timer job acquisition thread sleeping for 50 millis
10:47:58,164 [Thread-105] DEBUG org.activiti.engine.impl.persistence.entity.JobEntity.selectNextTimerJobsToExecute  - &lt;==      Total: 0
10:47:58,165 [Thread-105] DEBUG org.activiti.engine.impl.db.DbSqlSession  - flush summary: 0 insert, 0 update, 0 delete.
10:47:58,166 [Thread-105] DEBUG org.activiti.engine.impl.db.DbSqlSession  - now executing flush...
10:47:58,166 [Thread-105] DEBUG org.activiti.engine.impl.cfg.standalone.StandaloneMybatisTransactionContext  - firing event committing...
10:47:58,166 [Thread-105] DEBUG org.activiti.engine.impl.cfg.standalone.StandaloneMybatisTransactionContext  - committing the ibatis sql session...
10:47:58,166 [Thread-105] DEBUG org.activiti.engine.impl.cfg.standalone.StandaloneMybatisTransactionContext  - firing event committed...
10:47:58,166 [Thread-105] DEBUG org.apache.ibatis.transaction.jdbc.JdbcTransaction  - Resetting autocommit to true on JDBC Connection [conn65: url=jdbc:h2:mem:activiti-AsyncExecutorTest user=SA]
10:47:58,166 [Thread-105] DEBUG org.apache.ibatis.transaction.jdbc.JdbcTransaction  - Closing JDBC Connection [conn65: url=jdbc:h2:mem:activiti-AsyncExecutorTest user=SA]
10:47:58,164 [Thread-103] DEBUG org.apache.ibatis.transaction.jdbc.JdbcTransaction  - Setting autocommit to false on JDBC Connection [conn61: url=jdbc:h2:mem:activiti-AsyncExecutorTest user=SA]
10:47:58,166 [Thread-103] DEBUG org.activiti.engine.impl.persistence.entity.JobEntity.selectAsyncJobsDueToExecute  - ==&gt;  Preparing: select RES.* from ACT_RU_JOB RES LEFT OUTER JOIN ACT_RU_EXECUTION PI ON PI.ID_ = RES.PROCESS_INSTANCE_ID_ where RES.RETRIES_ &gt; 0 and RES.DUEDATE_ is not null and RES.DUEDATE_ &lt;= ? and (RES.LOCK_EXP_TIME_ is null or RES.LOCK_EXP_TIME_ &lt;= ?) and TYPE_ = &apos;message&apos; and ( (RES.EXECUTION_ID_ is null) or (PI.SUSPENSION_STATE_ = 1) ) LIMIT ? OFFSET ? 
10:47:58,166 [Thread-103] DEBUG org.activiti.engine.impl.persistence.entity.JobEntity.selectAsyncJobsDueToExecute  - ==&gt; Parameters: 2023-03-20 10:48:50.669(Timestamp), 2023-03-20 10:48:50.669(Timestamp), 1(Integer), 0(Integer)
10:47:58,166 [Thread-105] DEBUG org.apache.ibatis.datasource.pooled.PooledDataSource  - Returned connection 996762054 to pool.
10:47:58,166 [Thread-105] DEBUG org.activiti.engine.impl.interceptor.LogInterceptor  - --- AcquireTimerJobsCmd finished --------------------------------------------------------
10:47:58,166 [Thread-105] DEBUG org.activiti.engine.impl.interceptor.LogInterceptor  - 

10:47:58,166 [Thread-105] DEBUG org.activiti.engine.impl.asyncexecutor.AcquireTimerJobsRunnable  - timer job acquisition thread sleeping for 50 millis
10:47:58,166 [Thread-103] DEBUG org.activiti.engine.impl.persistence.entity.JobEntity.selectAsyncJobsDueToExecute  - &lt;==      Total: 0
10:47:58,166 [Thread-103] DEBUG org.activiti.engine.impl.db.DbSqlSession  - flush summary: 0 insert, 0 update, 0 delete.
10:47:58,166 [Thread-103] DEBUG org.activiti.engine.impl.db.DbSqlSession  - now executing flush...
10:47:58,166 [Thread-103] DEBUG org.activiti.engine.impl.cfg.standalone.StandaloneMybatisTransactionContext  - firing event committing...
10:47:58,166 [Thread-103] DEBUG org.activiti.engine.impl.cfg.standalone.StandaloneMybatisTransactionContext  - committing the ibatis sql session...
10:47:58,166 [Thread-103] DEBUG org.activiti.engine.impl.cfg.standalone.StandaloneMybatisTransactionContext  - firing event committed...
10:47:58,166 [Thread-103] DEBUG org.apache.ibatis.transaction.jdbc.JdbcTransaction  - Resetting autocommit to true on JDBC Connection [conn61: url=jdbc:h2:mem:activiti-AsyncExecutorTest user=SA]
10:47:58,166 [Thread-103] DEBUG org.apache.ibatis.transaction.jdbc.JdbcTransaction  - Closing JDBC Connection [conn61: url=jdbc:h2:mem:activiti-AsyncExecutorTest user=SA]
10:47:58,166 [Thread-103] DEBUG org.apache.ibatis.datasource.pooled.PooledDataSource  - Returned connection 157985567 to pool.
10:47:58,166 [Thread-103] DEBUG org.activiti.engine.impl.interceptor.LogInterceptor  - --- AcquireAsyncJobsDueCmd finished --------------------------------------------------------
10:47:58,166 [Thread-103] DEBUG org.activiti.engine.impl.interceptor.LogInterceptor  - 

10:47:58,166 [Thread-103] DEBUG org.activiti.engine.impl.asyncexecutor.AcquireAsyncJobsDueRunnable  - async job acquisition thread sleeping for 50 millis
10:47:58,210 [Thread-112] DEBUG org.activiti.engine.impl.asyncexecutor.AcquireAsyncJobsDueRunnable  - async job acquisition thread woke up
10:47:58,210 [Thread-112] DEBUG org.activiti.engine.impl.interceptor.LogInterceptor  - 

10:47:58,210 [Thread-112] DEBUG org.activiti.engine.impl.interceptor.LogInterceptor  - --- starting AcquireAsyncJobsDueCmd --------------------------------------------------------
10:47:58,210 [Thread-112] DEBUG org.apache.ibatis.transaction.jdbc.JdbcTransaction  - Opening JDBC Connection
10:47:58,210 [Thread-112] DEBUG org.apache.ibatis.datasource.pooled.PooledDataSource  - Checked out connection 1863805930 from pool.
10:47:58,210 [Thread-112] DEBUG org.apache.ibatis.transaction.jdbc.JdbcTransaction  - Setting autocommit to false on JDBC Connection [conn69: url=jdbc:h2:mem:activiti-AsyncExecutorTest user=SA]
10:47:58,210 [Thread-112] DEBUG org.activiti.engine.impl.persistence.entity.JobEntity.selectAsyncJobsDueToExecute  - ==&gt;  Preparing: select RES.* from ACT_RU_JOB RES LEFT OUTER JOIN ACT_RU_EXECUTION PI ON PI.ID_ = RES.PROCESS_INSTANCE_ID_ where RES.RETRIES_ &gt; 0 and RES.DUEDATE_ is not null and RES.DUEDATE_ &lt;= ? and (RES.LOCK_EXP_TIME_ is null or RES.LOCK_EXP_TIME_ &lt;= ?) and TYPE_ = &apos;message&apos; and ( (RES.EXECUTION_ID_ is null) or (PI.SUSPENSION_STATE_ = 1) ) LIMIT ? OFFSET ? 
10:47:58,210 [Thread-112] DEBUG org.activiti.engine.impl.persistence.entity.JobEntity.selectAsyncJobsDueToExecute  - ==&gt; Parameters: 2023-03-20 10:48:50.669(Timestamp), 2023-03-20 10:48:50.669(Timestamp), 1(Integer), 0(Integer)
10:47:58,210 [Thread-112] DEBUG org.activiti.engine.impl.persistence.entity.JobEntity.selectAsyncJobsDueToExecute  - &lt;==      Total: 0
10:47:58,210 [Thread-112] DEBUG org.activiti.engine.impl.db.DbSqlSession  - flush summary: 0 insert, 0 update, 0 delete.
10:47:58,210 [Thread-112] DEBUG org.activiti.engine.impl.db.DbSqlSession  - now executing flush...
10:47:58,210 [Thread-112] DEBUG org.activiti.engine.impl.cfg.standalone.StandaloneMybatisTransactionContext  - firing event committing...
10:47:58,210 [Thread-112] DEBUG org.activiti.engine.impl.cfg.standalone.StandaloneMybatisTransactionContext  - committing the ibatis sql session...
10:47:58,210 [Thread-112] DEBUG org.activiti.engine.impl.cfg.standalone.StandaloneMybatisTransactionContext  - firing event committed...
10:47:58,210 [Thread-112] DEBUG org.apache.ibatis.transaction.jdbc.JdbcTransaction  - Resetting autocommit to true on JDBC Connection [conn69: url=jdbc:h2:mem:activiti-AsyncExecutorTest user=SA]
10:47:58,210 [Thread-112] DEBUG org.apache.ibatis.transaction.jdbc.JdbcTransaction  - Closing JDBC Connection [conn69: url=jdbc:h2:mem:activiti-AsyncExecutorTest user=SA]
10:47:58,210 [Thread-112] DEBUG org.apache.ibatis.datasource.pooled.PooledDataSource  - Returned connection 1863805930 to pool.
10:47:58,210 [Thread-112] DEBUG org.activiti.engine.impl.interceptor.LogInterceptor  - --- AcquireAsyncJobsDueCmd finished --------------------------------------------------------
10:47:58,210 [Thread-112] DEBUG org.activiti.engine.impl.interceptor.LogInterceptor  - 

10:47:58,210 [Thread-112] DEBUG org.activiti.engine.impl.asyncexecutor.AcquireAsyncJobsDueRunnable  - async job acquisition thread sleeping for 50 millis
10:47:58,224 [Thread-106] DEBUG org.activiti.engine.impl.asyncexecutor.AcquireAsyncJobsDueRunnable  - async job acquisition thread woke up
10:47:58,224 [Thread-103] DEBUG org.activiti.engine.impl.asyncexecutor.AcquireAsyncJobsDueRunnable  - async job acquisition thread woke up
10:47:58,224 [Thread-103] DEBUG org.activiti.engine.impl.interceptor.LogInterceptor  - 

10:47:58,224 [Thread-102] DEBUG org.activiti.engine.impl.asyncexecutor.AcquireTimerJobsRunnable  - timer job acquisition thread woke up
10:47:58,224 [Thread-102] DEBUG org.activiti.engine.impl.interceptor.LogInterceptor  - 

10:47:58,224 [Thread-102] DEBUG org.activiti.engine.impl.interceptor.LogInterceptor  - --- starting AcquireTimerJobsCmd --------------------------------------------------------
10:47:58,224 [Thread-111] DEBUG org.activiti.engine.impl.asyncexecutor.AcquireTimerJobsRunnable  - timer job acquisition thread woke up
10:47:58,224 [Thread-111] DEBUG org.activiti.engine.impl.interceptor.LogInterceptor  - 

10:47:58,224 [Thread-111] DEBUG org.activiti.engine.impl.interceptor.LogInterceptor  - --- starting AcquireTimerJobsCmd --------------------------------------------------------
10:47:58,224 [Thread-105] DEBUG org.activiti.engine.impl.asyncexecutor.AcquireTimerJobsRunnable  - timer job acquisition thread woke up
10:47:58,224 [Thread-105] DEBUG org.activiti.engine.impl.interceptor.LogInterceptor  - 

10:47:58,224 [Thread-105] DEBUG org.activiti.engine.impl.interceptor.LogInterceptor  - --- starting AcquireTimerJobsCmd --------------------------------------------------------
10:47:58,224 [Thread-111] DEBUG org.apache.ibatis.transaction.jdbc.JdbcTransaction  - Opening JDBC Connection
10:47:58,224 [Thread-111] DEBUG org.apache.ibatis.datasource.pooled.PooledDataSource  - Checked out connection 604408605 from pool.
10:47:58,224 [Thread-102] DEBUG org.apache.ibatis.transaction.jdbc.JdbcTransaction  - Opening JDBC Connection
10:47:58,224 [Thread-102] DEBUG org.apache.ibatis.datasource.pooled.PooledDataSource  - Checked out connection 33534803 from pool.
10:47:58,224 [Thread-102] DEBUG org.apache.ibatis.transaction.jdbc.JdbcTransaction  - Setting autocommit to false on JDBC Connection [conn60: url=jdbc:h2:mem:activiti-AsyncExecutorTest user=SA]
10:47:58,224 [Thread-103] DEBUG org.activiti.engine.impl.interceptor.LogInterceptor  - --- starting AcquireAsyncJobsDueCmd --------------------------------------------------------
10:47:58,224 [Thread-106] DEBUG org.activiti.engine.impl.interceptor.LogInterceptor  - 

10:47:58,224 [Thread-106] DEBUG org.activiti.engine.impl.interceptor.LogInterceptor  - --- starting AcquireAsyncJobsDueCmd --------------------------------------------------------
10:47:58,224 [Thread-103] DEBUG org.apache.ibatis.transaction.jdbc.JdbcTransaction  - Opening JDBC Connection
10:47:58,225 [Thread-103] DEBUG org.apache.ibatis.datasource.pooled.PooledDataSource  - Checked out connection 720039383 from pool.
10:47:58,225 [Thread-103] DEBUG org.apache.ibatis.transaction.jdbc.JdbcTransaction  - Setting autocommit to false on JDBC Connection [conn59: url=jdbc:h2:mem:activiti-AsyncExecutorTest user=SA]
10:47:58,224 [Thread-102] DEBUG org.activiti.engine.impl.persistence.entity.JobEntity.selectNextTimerJobsToExecute  - ==&gt;  Preparing: select RES.* from ACT_RU_JOB RES LEFT OUTER JOIN ACT_RU_EXECUTION PI ON PI.ID_ = RES.PROCESS_INSTANCE_ID_ where (RES.RETRIES_ &gt; 0) and (RES.DUEDATE_ is null or RES.DUEDATE_ &lt;= ?) and (RES.LOCK_OWNER_ is null or RES.LOCK_EXP_TIME_ &lt;= ?) and TYPE_ = &apos;timer&apos; and ( (RES.EXECUTION_ID_ is null) or (PI.SUSPENSION_STATE_ = 1) ) LIMIT ? OFFSET ? 
10:47:58,224 [Thread-111] DEBUG org.apache.ibatis.transaction.jdbc.JdbcTransaction  - Setting autocommit to false on JDBC Connection [conn70: url=jdbc:h2:mem:activiti-AsyncExecutorTest user=SA]
10:47:58,224 [Thread-105] DEBUG org.apache.ibatis.transaction.jdbc.JdbcTransaction  - Opening JDBC Connection
10:47:58,225 [Thread-105] DEBUG org.apache.ibatis.datasource.pooled.PooledDataSource  - Checked out connection 1970103261 from pool.
10:47:58,225 [Thread-105] DEBUG org.apache.ibatis.transaction.jdbc.JdbcTransaction  - Setting autocommit to false on JDBC Connection [conn63: url=jdbc:h2:mem:activiti-AsyncExecutorTest user=SA]
10:47:58,225 [Thread-111] DEBUG org.activiti.engine.impl.persistence.entity.JobEntity.selectNextTimerJobsToExecute  - ==&gt;  Preparing: select RES.* from ACT_RU_JOB RES LEFT OUTER JOIN ACT_RU_EXECUTION PI ON PI.ID_ = RES.PROCESS_INSTANCE_ID_ where (RES.RETRIES_ &gt; 0) and (RES.DUEDATE_ is null or RES.DUEDATE_ &lt;= ?) and (RES.LOCK_OWNER_ is null or RES.LOCK_EXP_TIME_ &lt;= ?) and TYPE_ = &apos;timer&apos; and ( (RES.EXECUTION_ID_ is null) or (PI.SUSPENSION_STATE_ = 1) ) LIMIT ? OFFSET ? 
10:47:58,225 [Thread-102] DEBUG org.activiti.engine.impl.persistence.entity.JobEntity.selectNextTimerJobsToExecute  - ==&gt; Parameters: 2023-03-20 10:48:50.669(Timestamp), 2023-03-20 10:48:50.669(Timestamp), 1(Integer), 0(Integer)
10:47:58,225 [Thread-103] DEBUG org.activiti.engine.impl.persistence.entity.JobEntity.selectAsyncJobsDueToExecute  - ==&gt;  Preparing: select RES.* from ACT_RU_JOB RES LEFT OUTER JOIN ACT_RU_EXECUTION PI ON PI.ID_ = RES.PROCESS_INSTANCE_ID_ where RES.RETRIES_ &gt; 0 and RES.DUEDATE_ is not null and RES.DUEDATE_ &lt;= ? and (RES.LOCK_EXP_TIME_ is null or RES.LOCK_EXP_TIME_ &lt;= ?) and TYPE_ = &apos;message&apos; and ( (RES.EXECUTION_ID_ is null) or (PI.SUSPENSION_STATE_ = 1) ) LIMIT ? OFFSET ? 
10:47:58,225 [Thread-106] DEBUG org.apache.ibatis.transaction.jdbc.JdbcTransaction  - Opening JDBC Connection
10:47:58,225 [Thread-106] DEBUG org.apache.ibatis.datasource.pooled.PooledDataSource  - Checked out connection 54468349 from pool.
10:47:58,225 [Thread-106] DEBUG org.apache.ibatis.transaction.jdbc.JdbcTransaction  - Setting autocommit to false on JDBC Connection [conn64: url=jdbc:h2:mem:activiti-AsyncExecutorTest user=SA]
10:47:58,225 [Thread-106] DEBUG org.activiti.engine.impl.persistence.entity.JobEntity.selectAsyncJobsDueToExecute  - ==&gt;  Preparing: select RES.* from ACT_RU_JOB RES LEFT OUTER JOIN ACT_RU_EXECUTION PI ON PI.ID_ = RES.PROCESS_INSTANCE_ID_ where RES.RETRIES_ &gt; 0 and RES.DUEDATE_ is not null and RES.DUEDATE_ &lt;= ? and (RES.LOCK_EXP_TIME_ is null or RES.LOCK_EXP_TIME_ &lt;= ?) and TYPE_ = &apos;message&apos; and ( (RES.EXECUTION_ID_ is null) or (PI.SUSPENSION_STATE_ = 1) ) LIMIT ? OFFSET ? 
10:47:58,225 [Thread-106] DEBUG org.activiti.engine.impl.persistence.entity.JobEntity.selectAsyncJobsDueToExecute  - ==&gt; Parameters: 2023-03-20 10:48:50.669(Timestamp), 2023-03-20 10:48:50.669(Timestamp), 1(Integer), 0(Integer)
10:47:58,225 [Thread-103] DEBUG org.activiti.engine.impl.persistence.entity.JobEntity.selectAsyncJobsDueToExecute  - ==&gt; Parameters: 2023-03-20 10:48:50.669(Timestamp), 2023-03-20 10:48:50.669(Timestamp), 1(Integer), 0(Integer)
10:47:58,225 [Thread-102] DEBUG org.activiti.engine.impl.persistence.entity.JobEntity.selectNextTimerJobsToExecute  - &lt;==      Total: 0
10:47:58,225 [Thread-102] DEBUG org.activiti.engine.impl.db.DbSqlSession  - flush summary: 0 insert, 0 update, 0 delete.
10:47:58,225 [Thread-102] DEBUG org.activiti.engine.impl.db.DbSqlSession  - now executing flush...
10:47:58,225 [Thread-102] DEBUG org.activiti.engine.impl.cfg.standalone.StandaloneMybatisTransactionContext  - firing event committing...
10:47:58,225 [Thread-102] DEBUG org.activiti.engine.impl.cfg.standalone.StandaloneMybatisTransactionContext  - committing the ibatis sql session...
10:47:58,225 [Thread-102] DEBUG org.activiti.engine.impl.cfg.standalone.StandaloneMybatisTransactionContext  - firing event committed...
10:47:58,225 [Thread-102] DEBUG org.apache.ibatis.transaction.jdbc.JdbcTransaction  - Resetting autocommit to true on JDBC Connection [conn60: url=jdbc:h2:mem:activiti-AsyncExecutorTest user=SA]
10:47:58,225 [Thread-102] DEBUG org.apache.ibatis.transaction.jdbc.JdbcTransaction  - Closing JDBC Connection [conn60: url=jdbc:h2:mem:activiti-AsyncExecutorTest user=SA]
10:47:58,225 [Thread-102] DEBUG org.apache.ibatis.datasource.pooled.PooledDataSource  - Returned connection 33534803 to pool.
10:47:58,225 [Thread-102] DEBUG org.activiti.engine.impl.interceptor.LogInterceptor  - --- AcquireTimerJobsCmd finished --------------------------------------------------------
10:47:58,225 [Thread-102] DEBUG org.activiti.engine.impl.interceptor.LogInterceptor  - 

10:47:58,225 [Thread-102] DEBUG org.activiti.engine.impl.asyncexecutor.AcquireTimerJobsRunnable  - timer job acquisition thread sleeping for 50 millis
10:47:58,225 [Thread-111] DEBUG org.activiti.engine.impl.persistence.entity.JobEntity.selectNextTimerJobsToExecute  - ==&gt; Parameters: 2023-03-20 10:48:50.669(Timestamp), 2023-03-20 10:48:50.669(Timestamp), 1(Integer), 0(Integer)
10:47:58,226 [Thread-111] DEBUG org.activiti.engine.impl.persistence.entity.JobEntity.selectNextTimerJobsToExecute  - &lt;==      Total: 0
10:47:58,225 [Thread-105] DEBUG org.activiti.engine.impl.persistence.entity.JobEntity.selectNextTimerJobsToExecute  - ==&gt;  Preparing: select RES.* from ACT_RU_JOB RES LEFT OUTER JOIN ACT_RU_EXECUTION PI ON PI.ID_ = RES.PROCESS_INSTANCE_ID_ where (RES.RETRIES_ &gt; 0) and (RES.DUEDATE_ is null or RES.DUEDATE_ &lt;= ?) and (RES.LOCK_OWNER_ is null or RES.LOCK_EXP_TIME_ &lt;= ?) and TYPE_ = &apos;timer&apos; and ( (RES.EXECUTION_ID_ is null) or (PI.SUSPENSION_STATE_ = 1) ) LIMIT ? OFFSET ? 
10:47:58,226 [Thread-111] DEBUG org.activiti.engine.impl.db.DbSqlSession  - flush summary: 0 insert, 0 update, 0 delete.
10:47:58,226 [Thread-111] DEBUG org.activiti.engine.impl.db.DbSqlSession  - now executing flush...
10:47:58,226 [Thread-111] DEBUG org.activiti.engine.impl.cfg.standalone.StandaloneMybatisTransactionContext  - firing event committing...
10:47:58,226 [Thread-111] DEBUG org.activiti.engine.impl.cfg.standalone.StandaloneMybatisTransactionContext  - committing the ibatis sql session...
10:47:58,226 [Thread-111] DEBUG org.activiti.engine.impl.cfg.standalone.StandaloneMybatisTransactionContext  - firing event committed...
10:47:58,226 [Thread-111] DEBUG org.apache.ibatis.transaction.jdbc.JdbcTransaction  - Resetting autocommit to true on JDBC Connection [conn70: url=jdbc:h2:mem:activiti-AsyncExecutorTest user=SA]
10:47:58,226 [Thread-111] DEBUG org.apache.ibatis.transaction.jdbc.JdbcTransaction  - Closing JDBC Connection [conn70: url=jdbc:h2:mem:activiti-AsyncExecutorTest user=SA]
10:47:58,225 [Thread-103] DEBUG org.activiti.engine.impl.persistence.entity.JobEntity.selectAsyncJobsDueToExecute  - &lt;==      Total: 0
10:47:58,226 [Thread-103] DEBUG org.activiti.engine.impl.db.DbSqlSession  - flush summary: 0 insert, 0 update, 0 delete.
10:47:58,226 [Thread-103] DEBUG org.activiti.engine.impl.db.DbSqlSession  - now executing flush...
10:47:58,226 [Thread-103] DEBUG org.activiti.engine.impl.cfg.standalone.StandaloneMybatisTransactionContext  - firing event committing...
10:47:58,226 [Thread-103] DEBUG org.activiti.engine.impl.cfg.standalone.StandaloneMybatisTransactionContext  - committing the ibatis sql session...
10:47:58,226 [Thread-103] DEBUG org.activiti.engine.impl.cfg.standalone.StandaloneMybatisTransactionContext  - firing event committed...
10:47:58,226 [Thread-103] DEBUG org.apache.ibatis.transaction.jdbc.JdbcTransaction  - Resetting autocommit to true on JDBC Connection [conn59: url=jdbc:h2:mem:activiti-AsyncExecutorTest user=SA]
10:47:58,226 [Thread-103] DEBUG org.apache.ibatis.transaction.jdbc.JdbcTransaction  - Closing JDBC Connection [conn59: url=jdbc:h2:mem:activiti-AsyncExecutorTest user=SA]
10:47:58,226 [Thread-103] DEBUG org.apache.ibatis.datasource.pooled.PooledDataSource  - Returned connection 720039383 to pool.
10:47:58,226 [Thread-103] DEBUG org.activiti.engine.impl.interceptor.LogInterceptor  - --- AcquireAsyncJobsDueCmd finished --------------------------------------------------------
10:47:58,226 [Thread-103] DEBUG org.activiti.engine.impl.interceptor.LogInterceptor  - 

10:47:58,226 [Thread-103] DEBUG org.activiti.engine.impl.asyncexecutor.AcquireAsyncJobsDueRunnable  - async job acquisition thread sleeping for 50 millis
10:47:58,225 [Thread-106] DEBUG org.activiti.engine.impl.persistence.entity.JobEntity.selectAsyncJobsDueToExecute  - &lt;==      Total: 0
10:47:58,226 [Thread-106] DEBUG org.activiti.engine.impl.db.DbSqlSession  - flush summary: 0 insert, 0 update, 0 delete.
10:47:58,226 [Thread-106] DEBUG org.activiti.engine.impl.db.DbSqlSession  - now executing flush...
10:47:58,226 [Thread-106] DEBUG org.activiti.engine.impl.cfg.standalone.StandaloneMybatisTransactionContext  - firing event committing...
10:47:58,226 [Thread-106] DEBUG org.activiti.engine.impl.cfg.standalone.StandaloneMybatisTransactionContext  - committing the ibatis sql session...
10:47:58,226 [Thread-106] DEBUG org.activiti.engine.impl.cfg.standalone.StandaloneMybatisTransactionContext  - firing event committed...
10:47:58,226 [Thread-106] DEBUG org.apache.ibatis.transaction.jdbc.JdbcTransaction  - Resetting autocommit to true on JDBC Connection [conn64: url=jdbc:h2:mem:activiti-AsyncExecutorTest user=SA]
10:47:58,226 [Thread-111] DEBUG org.apache.ibatis.datasource.pooled.PooledDataSource  - Returned connection 604408605 to pool.
10:47:58,226 [Thread-111] DEBUG org.activiti.engine.impl.interceptor.LogInterceptor  - --- AcquireTimerJobsCmd finished --------------------------------------------------------
10:47:58,226 [Thread-111] DEBUG org.activiti.engine.impl.interceptor.LogInterceptor  - 

10:47:58,226 [Thread-105] DEBUG org.activiti.engine.impl.persistence.entity.JobEntity.selectNextTimerJobsToExecute  - ==&gt; Parameters: 2023-03-20 10:48:50.669(Timestamp), 2023-03-20 10:48:50.669(Timestamp), 1(Integer), 0(Integer)
10:47:58,227 [Thread-105] DEBUG org.activiti.engine.impl.persistence.entity.JobEntity.selectNextTimerJobsToExecute  - &lt;==      Total: 0
10:47:58,227 [Thread-105] DEBUG org.activiti.engine.impl.db.DbSqlSession  - flush summary: 0 insert, 0 update, 0 delete.
10:47:58,227 [Thread-105] DEBUG org.activiti.engine.impl.db.DbSqlSession  - now executing flush...
10:47:58,227 [Thread-105] DEBUG org.activiti.engine.impl.cfg.standalone.StandaloneMybatisTransactionContext  - firing event committing...
10:47:58,227 [Thread-105] DEBUG org.activiti.engine.impl.cfg.standalone.StandaloneMybatisTransactionContext  - committing the ibatis sql session...
10:47:58,227 [Thread-105] DEBUG org.activiti.engine.impl.cfg.standalone.StandaloneMybatisTransactionContext  - firing event committed...
10:47:58,227 [Thread-105] DEBUG org.apache.ibatis.transaction.jdbc.JdbcTransaction  - Resetting autocommit to true on JDBC Connection [conn63: url=jdbc:h2:mem:activiti-AsyncExecutorTest user=SA]
10:47:58,226 [Thread-111] DEBUG org.activiti.engine.impl.asyncexecutor.AcquireTimerJobsRunnable  - timer job acquisition thread sleeping for 50 millis
10:47:58,226 [Thread-106] DEBUG org.apache.ibatis.transaction.jdbc.JdbcTransaction  - Closing JDBC Connection [conn64: url=jdbc:h2:mem:activiti-AsyncExecutorTest user=SA]
10:47:58,227 [Thread-106] DEBUG org.apache.ibatis.datasource.pooled.PooledDataSource  - Returned connection 54468349 to pool.
10:47:58,227 [Thread-106] DEBUG org.activiti.engine.impl.interceptor.LogInterceptor  - --- AcquireAsyncJobsDueCmd finished --------------------------------------------------------
10:47:58,227 [Thread-106] DEBUG org.activiti.engine.impl.interceptor.LogInterceptor  - 

10:47:58,227 [Thread-105] DEBUG org.apache.ibatis.transaction.jdbc.JdbcTransaction  - Closing JDBC Connection [conn63: url=jdbc:h2:mem:activiti-AsyncExecutorTest user=SA]
10:47:58,227 [Thread-105] DEBUG org.apache.ibatis.datasource.pooled.PooledDataSource  - Returned connection 1970103261 to pool.
10:47:58,227 [Thread-105] DEBUG org.activiti.engine.impl.interceptor.LogInterceptor  - --- AcquireTimerJobsCmd finished --------------------------------------------------------
10:47:58,227 [Thread-105] DEBUG org.activiti.engine.impl.interceptor.LogInterceptor  - 

10:47:58,227 [Thread-105] DEBUG org.activiti.engine.impl.asyncexecutor.AcquireTimerJobsRunnable  - timer job acquisition thread sleeping for 50 millis
10:47:58,227 [Thread-106] DEBUG org.activiti.engine.impl.asyncexecutor.AcquireAsyncJobsDueRunnable  - async job acquisition thread sleeping for 50 millis
10:47:58,271 [Thread-112] DEBUG org.activiti.engine.impl.asyncexecutor.AcquireAsyncJobsDueRunnable  - async job acquisition thread woke up
10:47:58,271 [Thread-112] DEBUG org.activiti.engine.impl.interceptor.LogInterceptor  - 

10:47:58,271 [Thread-112] DEBUG org.activiti.engine.impl.interceptor.LogInterceptor  - --- starting AcquireAsyncJobsDueCmd --------------------------------------------------------
10:47:58,271 [Thread-112] DEBUG org.apache.ibatis.transaction.jdbc.JdbcTransaction  - Opening JDBC Connection
10:47:58,271 [Thread-112] DEBUG org.apache.ibatis.datasource.pooled.PooledDataSource  - Checked out connection 58501658 from pool.
10:47:58,271 [Thread-112] DEBUG org.apache.ibatis.transaction.jdbc.JdbcTransaction  - Setting autocommit to false on JDBC Connection [conn68: url=jdbc:h2:mem:activiti-AsyncExecutorTest user=SA]
10:47:58,271 [Thread-112] DEBUG org.activiti.engine.impl.persistence.entity.JobEntity.selectAsyncJobsDueToExecute  - ==&gt;  Preparing: select RES.* from ACT_RU_JOB RES LEFT OUTER JOIN ACT_RU_EXECUTION PI ON PI.ID_ = RES.PROCESS_INSTANCE_ID_ where RES.RETRIES_ &gt; 0 and RES.DUEDATE_ is not null and RES.DUEDATE_ &lt;= ? and (RES.LOCK_EXP_TIME_ is null or RES.LOCK_EXP_TIME_ &lt;= ?) and TYPE_ = &apos;message&apos; and ( (RES.EXECUTION_ID_ is null) or (PI.SUSPENSION_STATE_ = 1) ) LIMIT ? OFFSET ? 
10:47:58,271 [Thread-112] DEBUG org.activiti.engine.impl.persistence.entity.JobEntity.selectAsyncJobsDueToExecute  - ==&gt; Parameters: 2023-03-20 10:48:50.669(Timestamp), 2023-03-20 10:48:50.669(Timestamp), 1(Integer), 0(Integer)
10:47:58,271 [Thread-112] DEBUG org.activiti.engine.impl.persistence.entity.JobEntity.selectAsyncJobsDueToExecute  - &lt;==      Total: 0
10:47:58,271 [Thread-112] DEBUG org.activiti.engine.impl.db.DbSqlSession  - flush summary: 0 insert, 0 update, 0 delete.
10:47:58,271 [Thread-112] DEBUG org.activiti.engine.impl.db.DbSqlSession  - now executing flush...
10:47:58,271 [Thread-112] DEBUG org.activiti.engine.impl.cfg.standalone.StandaloneMybatisTransactionContext  - firing event committing...
10:47:58,271 [Thread-112] DEBUG org.activiti.engine.impl.cfg.standalone.StandaloneMybatisTransactionContext  - committing the ibatis sql session...
10:47:58,271 [Thread-112] DEBUG org.activiti.engine.impl.cfg.standalone.StandaloneMybatisTransactionContext  - firing event committed...
10:47:58,271 [Thread-112] DEBUG org.apache.ibatis.transaction.jdbc.JdbcTransaction  - Resetting autocommit to true on JDBC Connection [conn68: url=jdbc:h2:mem:activiti-AsyncExecutorTest user=SA]
10:47:58,271 [Thread-112] DEBUG org.apache.ibatis.transaction.jdbc.JdbcTransaction  - Closing JDBC Connection [conn68: url=jdbc:h2:mem:activiti-AsyncExecutorTest user=SA]
10:47:58,271 [Thread-112] DEBUG org.apache.ibatis.datasource.pooled.PooledDataSource  - Returned connection 58501658 to pool.
10:47:58,271 [Thread-112] DEBUG org.activiti.engine.impl.interceptor.LogInterceptor  - --- AcquireAsyncJobsDueCmd finished --------------------------------------------------------
10:47:58,271 [Thread-112] DEBUG org.activiti.engine.impl.interceptor.LogInterceptor  - 

10:47:58,272 [Thread-112] DEBUG org.activiti.engine.impl.asyncexecutor.AcquireAsyncJobsDueRunnable  - async job acquisition thread sleeping for 50 millis
10:47:58,286 [Thread-106] DEBUG org.activiti.engine.impl.asyncexecutor.AcquireAsyncJobsDueRunnable  - async job acquisition thread woke up
10:47:58,286 [Thread-106] DEBUG org.activiti.engine.impl.interceptor.LogInterceptor  - 

10:47:58,286 [Thread-106] DEBUG org.activiti.engine.impl.interceptor.LogInterceptor  - --- starting AcquireAsyncJobsDueCmd --------------------------------------------------------
10:47:58,286 [Thread-105] DEBUG org.activiti.engine.impl.asyncexecutor.AcquireTimerJobsRunnable  - timer job acquisition thread woke up
10:47:58,286 [Thread-105] DEBUG org.activiti.engine.impl.interceptor.LogInterceptor  - 

10:47:58,286 [Thread-105] DEBUG org.activiti.engine.impl.interceptor.LogInterceptor  - --- starting AcquireTimerJobsCmd --------------------------------------------------------
10:47:58,286 [Thread-105] DEBUG org.apache.ibatis.transaction.jdbc.JdbcTransaction  - Opening JDBC Connection
10:47:58,286 [Thread-105] DEBUG org.apache.ibatis.datasource.pooled.PooledDataSource  - Checked out connection 996762054 from pool.
10:47:58,286 [Thread-105] DEBUG org.apache.ibatis.transaction.jdbc.JdbcTransaction  - Setting autocommit to false on JDBC Connection [conn65: url=jdbc:h2:mem:activiti-AsyncExecutorTest user=SA]
10:47:58,286 [Thread-102] DEBUG org.activiti.engine.impl.asyncexecutor.AcquireTimerJobsRunnable  - timer job acquisition thread woke up
10:47:58,286 [Thread-102] DEBUG org.activiti.engine.impl.interceptor.LogInterceptor  - 

10:47:58,286 [Thread-102] DEBUG org.activiti.engine.impl.interceptor.LogInterceptor  - --- starting AcquireTimerJobsCmd --------------------------------------------------------
10:47:58,286 [Thread-102] DEBUG org.apache.ibatis.transaction.jdbc.JdbcTransaction  - Opening JDBC Connection
10:47:58,286 [Thread-102] DEBUG org.apache.ibatis.datasource.pooled.PooledDataSource  - Checked out connection 157985567 from pool.
10:47:58,286 [Thread-102] DEBUG org.apache.ibatis.transaction.jdbc.JdbcTransaction  - Setting autocommit to false on JDBC Connection [conn61: url=jdbc:h2:mem:activiti-AsyncExecutorTest user=SA]
10:47:58,286 [Thread-102] DEBUG org.activiti.engine.impl.persistence.entity.JobEntity.selectNextTimerJobsToExecute  - ==&gt;  Preparing: select RES.* from ACT_RU_JOB RES LEFT OUTER JOIN ACT_RU_EXECUTION PI ON PI.ID_ = RES.PROCESS_INSTANCE_ID_ where (RES.RETRIES_ &gt; 0) and (RES.DUEDATE_ is null or RES.DUEDATE_ &lt;= ?) and (RES.LOCK_OWNER_ is null or RES.LOCK_EXP_TIME_ &lt;= ?) and TYPE_ = &apos;timer&apos; and ( (RES.EXECUTION_ID_ is null) or (PI.SUSPENSION_STATE_ = 1) ) LIMIT ? OFFSET ? 
10:47:58,286 [Thread-103] DEBUG org.activiti.engine.impl.asyncexecutor.AcquireAsyncJobsDueRunnable  - async job acquisition thread woke up
10:47:58,286 [Thread-103] DEBUG org.activiti.engine.impl.interceptor.LogInterceptor  - 

10:47:58,286 [Thread-103] DEBUG org.activiti.engine.impl.interceptor.LogInterceptor  - --- starting AcquireAsyncJobsDueCmd --------------------------------------------------------
10:47:58,286 [Thread-103] DEBUG org.apache.ibatis.transaction.jdbc.JdbcTransaction  - Opening JDBC Connection
10:47:58,286 [Thread-103] DEBUG org.apache.ibatis.datasource.pooled.PooledDataSource  - Checked out connection 33534803 from pool.
10:47:58,286 [Thread-103] DEBUG org.apache.ibatis.transaction.jdbc.JdbcTransaction  - Setting autocommit to false on JDBC Connection [conn60: url=jdbc:h2:mem:activiti-AsyncExecutorTest user=SA]
10:47:58,286 [Thread-111] DEBUG org.activiti.engine.impl.asyncexecutor.AcquireTimerJobsRunnable  - timer job acquisition thread woke up
10:47:58,286 [Thread-111] DEBUG org.activiti.engine.impl.interceptor.LogInterceptor  - 

10:47:58,286 [Thread-111] DEBUG org.activiti.engine.impl.interceptor.LogInterceptor  - --- starting AcquireTimerJobsCmd --------------------------------------------------------
10:47:58,286 [Thread-111] DEBUG org.apache.ibatis.transaction.jdbc.JdbcTransaction  - Opening JDBC Connection
10:47:58,286 [Thread-111] DEBUG org.apache.ibatis.datasource.pooled.PooledDataSource  - Checked out connection 1863805930 from pool.
10:47:58,286 [Thread-111] DEBUG org.apache.ibatis.transaction.jdbc.JdbcTransaction  - Setting autocommit to false on JDBC Connection [conn69: url=jdbc:h2:mem:activiti-AsyncExecutorTest user=SA]
10:47:58,287 [Thread-111] DEBUG org.activiti.engine.impl.persistence.entity.JobEntity.selectNextTimerJobsToExecute  - ==&gt;  Preparing: select RES.* from ACT_RU_JOB RES LEFT OUTER JOIN ACT_RU_EXECUTION PI ON PI.ID_ = RES.PROCESS_INSTANCE_ID_ where (RES.RETRIES_ &gt; 0) and (RES.DUEDATE_ is null or RES.DUEDATE_ &lt;= ?) and (RES.LOCK_OWNER_ is null or RES.LOCK_EXP_TIME_ &lt;= ?) and TYPE_ = &apos;timer&apos; and ( (RES.EXECUTION_ID_ is null) or (PI.SUSPENSION_STATE_ = 1) ) LIMIT ? OFFSET ? 
10:47:58,286 [Thread-103] DEBUG org.activiti.engine.impl.persistence.entity.JobEntity.selectAsyncJobsDueToExecute  - ==&gt;  Preparing: select RES.* from ACT_RU_JOB RES LEFT OUTER JOIN ACT_RU_EXECUTION PI ON PI.ID_ = RES.PROCESS_INSTANCE_ID_ where RES.RETRIES_ &gt; 0 and RES.DUEDATE_ is not null and RES.DUEDATE_ &lt;= ? and (RES.LOCK_EXP_TIME_ is null or RES.LOCK_EXP_TIME_ &lt;= ?) and TYPE_ = &apos;message&apos; and ( (RES.EXECUTION_ID_ is null) or (PI.SUSPENSION_STATE_ = 1) ) LIMIT ? OFFSET ? 
10:47:58,287 [Thread-103] DEBUG org.activiti.engine.impl.persistence.entity.JobEntity.selectAsyncJobsDueToExecute  - ==&gt; Parameters: 2023-03-20 10:48:50.669(Timestamp), 2023-03-20 10:48:50.669(Timestamp), 1(Integer), 0(Integer)
10:47:58,286 [Thread-102] DEBUG org.activiti.engine.impl.persistence.entity.JobEntity.selectNextTimerJobsToExecute  - ==&gt; Parameters: 2023-03-20 10:48:50.669(Timestamp), 2023-03-20 10:48:50.669(Timestamp), 1(Integer), 0(Integer)
10:47:58,287 [Thread-102] DEBUG org.activiti.engine.impl.persistence.entity.JobEntity.selectNextTimerJobsToExecute  - &lt;==      Total: 0
10:47:58,287 [Thread-102] DEBUG org.activiti.engine.impl.db.DbSqlSession  - flush summary: 0 insert, 0 update, 0 delete.
10:47:58,287 [Thread-102] DEBUG org.activiti.engine.impl.db.DbSqlSession  - now executing flush...
10:47:58,287 [Thread-102] DEBUG org.activiti.engine.impl.cfg.standalone.StandaloneMybatisTransactionContext  - firing event committing...
10:47:58,287 [Thread-102] DEBUG org.activiti.engine.impl.cfg.standalone.StandaloneMybatisTransactionContext  - committing the ibatis sql session...
10:47:58,286 [Thread-105] DEBUG org.activiti.engine.impl.persistence.entity.JobEntity.selectNextTimerJobsToExecute  - ==&gt;  Preparing: select RES.* from ACT_RU_JOB RES LEFT OUTER JOIN ACT_RU_EXECUTION PI ON PI.ID_ = RES.PROCESS_INSTANCE_ID_ where (RES.RETRIES_ &gt; 0) and (RES.DUEDATE_ is null or RES.DUEDATE_ &lt;= ?) and (RES.LOCK_OWNER_ is null or RES.LOCK_EXP_TIME_ &lt;= ?) and TYPE_ = &apos;timer&apos; and ( (RES.EXECUTION_ID_ is null) or (PI.SUSPENSION_STATE_ = 1) ) LIMIT ? OFFSET ? 
10:47:58,287 [Thread-105] DEBUG org.activiti.engine.impl.persistence.entity.JobEntity.selectNextTimerJobsToExecute  - ==&gt; Parameters: 2023-03-20 10:48:50.669(Timestamp), 2023-03-20 10:48:50.669(Timestamp), 1(Integer), 0(Integer)
10:47:58,286 [Thread-106] DEBUG org.apache.ibatis.transaction.jdbc.JdbcTransaction  - Opening JDBC Connection
10:47:58,287 [Thread-106] DEBUG org.apache.ibatis.datasource.pooled.PooledDataSource  - Checked out connection 54468349 from pool.
10:47:58,287 [Thread-106] DEBUG org.apache.ibatis.transaction.jdbc.JdbcTransaction  - Setting autocommit to false on JDBC Connection [conn64: url=jdbc:h2:mem:activiti-AsyncExecutorTest user=SA]
10:47:58,287 [Thread-106] DEBUG org.activiti.engine.impl.persistence.entity.JobEntity.selectAsyncJobsDueToExecute  - ==&gt;  Preparing: select RES.* from ACT_RU_JOB RES LEFT OUTER JOIN ACT_RU_EXECUTION PI ON PI.ID_ = RES.PROCESS_INSTANCE_ID_ where RES.RETRIES_ &gt; 0 and RES.DUEDATE_ is not null and RES.DUEDATE_ &lt;= ? and (RES.LOCK_EXP_TIME_ is null or RES.LOCK_EXP_TIME_ &lt;= ?) and TYPE_ = &apos;message&apos; and ( (RES.EXECUTION_ID_ is null) or (PI.SUSPENSION_STATE_ = 1) ) LIMIT ? OFFSET ? 
10:47:58,287 [Thread-106] DEBUG org.activiti.engine.impl.persistence.entity.JobEntity.selectAsyncJobsDueToExecute  - ==&gt; Parameters: 2023-03-20 10:48:50.669(Timestamp), 2023-03-20 10:48:50.669(Timestamp), 1(Integer), 0(Integer)
10:47:58,287 [Thread-106] DEBUG org.activiti.engine.impl.persistence.entity.JobEntity.selectAsyncJobsDueToExecute  - &lt;==      Total: 0
10:47:58,287 [Thread-106] DEBUG org.activiti.engine.impl.db.DbSqlSession  - flush summary: 0 insert, 0 update, 0 delete.
10:47:58,287 [Thread-106] DEBUG org.activiti.engine.impl.db.DbSqlSession  - now executing flush...
10:47:58,287 [Thread-106] DEBUG org.activiti.engine.impl.cfg.standalone.StandaloneMybatisTransactionContext  - firing event committing...
10:47:58,287 [Thread-106] DEBUG org.activiti.engine.impl.cfg.standalone.StandaloneMybatisTransactionContext  - committing the ibatis sql session...
10:47:58,287 [Thread-106] DEBUG org.activiti.engine.impl.cfg.standalone.StandaloneMybatisTransactionContext  - firing event committed...
10:47:58,287 [Thread-106] DEBUG org.apache.ibatis.transaction.jdbc.JdbcTransaction  - Resetting autocommit to true on JDBC Connection [conn64: url=jdbc:h2:mem:activiti-AsyncExecutorTest user=SA]
10:47:58,288 [Thread-106] DEBUG org.apache.ibatis.transaction.jdbc.JdbcTransaction  - Closing JDBC Connection [conn64: url=jdbc:h2:mem:activiti-AsyncExecutorTest user=SA]
10:47:58,288 [Thread-106] DEBUG org.apache.ibatis.datasource.pooled.PooledDataSource  - Returned connection 54468349 to pool.
10:47:58,288 [Thread-106] DEBUG org.activiti.engine.impl.interceptor.LogInterceptor  - --- AcquireAsyncJobsDueCmd finished --------------------------------------------------------
10:47:58,288 [Thread-106] DEBUG org.activiti.engine.impl.interceptor.LogInterceptor  - 

10:47:58,288 [Thread-106] DEBUG org.activiti.engine.impl.asyncexecutor.AcquireAsyncJobsDueRunnable  - async job acquisition thread sleeping for 50 millis
10:47:58,287 [Thread-105] DEBUG org.activiti.engine.impl.persistence.entity.JobEntity.selectNextTimerJobsToExecute  - &lt;==      Total: 0
10:47:58,288 [Thread-105] DEBUG org.activiti.engine.impl.db.DbSqlSession  - flush summary: 0 insert, 0 update, 0 delete.
10:47:58,288 [Thread-105] DEBUG org.activiti.engine.impl.db.DbSqlSession  - now executing flush...
10:47:58,288 [Thread-105] DEBUG org.activiti.engine.impl.cfg.standalone.StandaloneMybatisTransactionContext  - firing event committing...
10:47:58,288 [Thread-105] DEBUG org.activiti.engine.impl.cfg.standalone.StandaloneMybatisTransactionContext  - committing the ibatis sql session...
10:47:58,288 [Thread-105] DEBUG org.activiti.engine.impl.cfg.standalone.StandaloneMybatisTransactionContext  - firing event committed...
10:47:58,288 [Thread-105] DEBUG org.apache.ibatis.transaction.jdbc.JdbcTransaction  - Resetting autocommit to true on JDBC Connection [conn65: url=jdbc:h2:mem:activiti-AsyncExecutorTest user=SA]
10:47:58,288 [Thread-105] DEBUG org.apache.ibatis.transaction.jdbc.JdbcTransaction  - Closing JDBC Connection [conn65: url=jdbc:h2:mem:activiti-AsyncExecutorTest user=SA]
10:47:58,288 [Thread-105] DEBUG org.apache.ibatis.datasource.pooled.PooledDataSource  - Returned connection 996762054 to pool.
10:47:58,288 [Thread-105] DEBUG org.activiti.engine.impl.interceptor.LogInterceptor  - --- AcquireTimerJobsCmd finished --------------------------------------------------------
10:47:58,288 [Thread-105] DEBUG org.activiti.engine.impl.interceptor.LogInterceptor  - 

10:47:58,288 [Thread-105] DEBUG org.activiti.engine.impl.asyncexecutor.AcquireTimerJobsRunnable  - timer job acquisition thread sleeping for 50 millis
10:47:58,287 [Thread-102] DEBUG org.activiti.engine.impl.cfg.standalone.StandaloneMybatisTransactionContext  - firing event committed...
10:47:58,288 [Thread-102] DEBUG org.apache.ibatis.transaction.jdbc.JdbcTransaction  - Resetting autocommit to true on JDBC Connection [conn61: url=jdbc:h2:mem:activiti-AsyncExecutorTest user=SA]
10:47:58,288 [Thread-102] DEBUG org.apache.ibatis.transaction.jdbc.JdbcTransaction  - Closing JDBC Connection [conn61: url=jdbc:h2:mem:activiti-AsyncExecutorTest user=SA]
10:47:58,288 [Thread-102] DEBUG org.apache.ibatis.datasource.pooled.PooledDataSource  - Returned connection 157985567 to pool.
10:47:58,288 [Thread-102] DEBUG org.activiti.engine.impl.interceptor.LogInterceptor  - --- AcquireTimerJobsCmd finished --------------------------------------------------------
10:47:58,288 [Thread-102] DEBUG org.activiti.engine.impl.interceptor.LogInterceptor  - 

10:47:58,288 [Thread-102] DEBUG org.activiti.engine.impl.asyncexecutor.AcquireTimerJobsRunnable  - timer job acquisition thread sleeping for 50 millis
10:47:58,287 [Thread-103] DEBUG org.activiti.engine.impl.persistence.entity.JobEntity.selectAsyncJobsDueToExecute  - &lt;==      Total: 0
10:47:58,288 [Thread-103] DEBUG org.activiti.engine.impl.db.DbSqlSession  - flush summary: 0 insert, 0 update, 0 delete.
10:47:58,288 [Thread-103] DEBUG org.activiti.engine.impl.db.DbSqlSession  - now executing flush...
10:47:58,288 [Thread-103] DEBUG org.activiti.engine.impl.cfg.standalone.StandaloneMybatisTransactionContext  - firing event committing...
10:47:58,288 [Thread-103] DEBUG org.activiti.engine.impl.cfg.standalone.StandaloneMybatisTransactionContext  - committing the ibatis sql session...
10:47:58,288 [Thread-103] DEBUG org.activiti.engine.impl.cfg.standalone.StandaloneMybatisTransactionContext  - firing event committed...
10:47:58,288 [Thread-103] DEBUG org.apache.ibatis.transaction.jdbc.JdbcTransaction  - Resetting autocommit to true on JDBC Connection [conn60: url=jdbc:h2:mem:activiti-AsyncExecutorTest user=SA]
10:47:58,288 [Thread-103] DEBUG org.apache.ibatis.transaction.jdbc.JdbcTransaction  - Closing JDBC Connection [conn60: url=jdbc:h2:mem:activiti-AsyncExecutorTest user=SA]
10:47:58,288 [Thread-103] DEBUG org.apache.ibatis.datasource.pooled.PooledDataSource  - Returned connection 33534803 to pool.
10:47:58,288 [Thread-103] DEBUG org.activiti.engine.impl.interceptor.LogInterceptor  - --- AcquireAsyncJobsDueCmd finished --------------------------------------------------------
10:47:58,288 [Thread-103] DEBUG org.activiti.engine.impl.interceptor.LogInterceptor  - 

10:47:58,288 [Thread-103] DEBUG org.activiti.engine.impl.asyncexecutor.AcquireAsyncJobsDueRunnable  - async job acquisition thread sleeping for 50 millis
10:47:58,287 [Thread-111] DEBUG org.activiti.engine.impl.persistence.entity.JobEntity.selectNextTimerJobsToExecute  - ==&gt; Parameters: 2023-03-20 10:48:50.669(Timestamp), 2023-03-20 10:48:50.669(Timestamp), 1(Integer), 0(Integer)
10:47:58,288 [Thread-111] DEBUG org.activiti.engine.impl.persistence.entity.JobEntity.selectNextTimerJobsToExecute  - &lt;==      Total: 0
10:47:58,288 [Thread-111] DEBUG org.activiti.engine.impl.db.DbSqlSession  - flush summary: 0 insert, 0 update, 0 delete.
10:47:58,288 [Thread-111] DEBUG org.activiti.engine.impl.db.DbSqlSession  - now executing flush...
10:47:58,288 [Thread-111] DEBUG org.activiti.engine.impl.cfg.standalone.StandaloneMybatisTransactionContext  - firing event committing...
10:47:58,289 [Thread-111] DEBUG org.activiti.engine.impl.cfg.standalone.StandaloneMybatisTransactionContext  - committing the ibatis sql session...
10:47:58,289 [Thread-111] DEBUG org.activiti.engine.impl.cfg.standalone.StandaloneMybatisTransactionContext  - firing event committed...
10:47:58,289 [Thread-111] DEBUG org.apache.ibatis.transaction.jdbc.JdbcTransaction  - Resetting autocommit to true on JDBC Connection [conn69: url=jdbc:h2:mem:activiti-AsyncExecutorTest user=SA]
10:47:58,289 [Thread-111] DEBUG org.apache.ibatis.transaction.jdbc.JdbcTransaction  - Closing JDBC Connection [conn69: url=jdbc:h2:mem:activiti-AsyncExecutorTest user=SA]
10:47:58,289 [Thread-111] DEBUG org.apache.ibatis.datasource.pooled.PooledDataSource  - Returned connection 1863805930 to pool.
10:47:58,289 [Thread-111] DEBUG org.activiti.engine.impl.interceptor.LogInterceptor  - --- AcquireTimerJobsCmd finished --------------------------------------------------------
10:47:58,289 [Thread-111] DEBUG org.activiti.engine.impl.interceptor.LogInterceptor  - 

10:47:58,289 [Thread-111] DEBUG org.activiti.engine.impl.asyncexecutor.AcquireTimerJobsRunnable  - timer job acquisition thread sleeping for 50 millis
10:47:58,317 [main] DEBUG org.activiti.engine.impl.interceptor.LogInterceptor  - 

10:47:58,317 [main] DEBUG org.activiti.engine.impl.interceptor.LogInterceptor  - --- starting JobQueryImpl --------------------------------------------------------
10:47:58,317 [main] DEBUG org.apache.ibatis.transaction.jdbc.JdbcTransaction  - Opening JDBC Connection
10:47:58,317 [main] DEBUG org.apache.ibatis.datasource.pooled.PooledDataSource  - Checked out connection 486346394 from pool.
10:47:58,317 [main] DEBUG org.apache.ibatis.transaction.jdbc.JdbcTransaction  - Setting autocommit to false on JDBC Connection [conn6: url=jdbc:h2:mem:activiti user=SA]
10:47:58,317 [main] DEBUG org.activiti.engine.impl.persistence.entity.JobEntity.selectJobByQueryCriteria  - ==&gt;  Preparing: select RES.* from ACT_RU_JOB RES order by order by RES.ID_ asc LIMIT ? OFFSET ? 
10:47:58,317 [main] DEBUG org.activiti.engine.impl.interceptor.CommandContext  - Error while closing command context
org.apache.ibatis.exceptions.PersistenceException: 
### Error querying database.  Cause: org.h2.jdbc.JdbcSQLException: Syntax error in SQL statement &quot;SELECT RES.* 
     
    FROM ACT_RU_JOB RES
     
      
   
     ORDER BY  ORDER[*] BY RES.ID_ ASC  
    LIMIT ? OFFSET ? &quot;; expected &quot;=, NOT, EXISTS, INTERSECTS, SELECT, FROM&quot;; SQL statement:
select RES.* 
     
    from ACT_RU_JOB RES
     
      
   
     order by  order by RES.ID_ asc  
    LIMIT ? OFFSET ? [42001-176]
### The error may exist in org/activiti/db/mapping/entity/Job.xml
### The error may involve org.activiti.engine.impl.persistence.entity.JobEntity.selectJobByQueryCriteria
### The error occurred while executing a query
### SQL: select RES.*            from ACT_RU_JOB RES                       order by  order by RES.ID_ asc       LIMIT ? OFFSET ?
### Cause: org.h2.jdbc.JdbcSQLException: Syntax error in SQL statement &quot;SELECT RES.* 
     
    FROM ACT_RU_JOB RES
     
      
   
     ORDER BY  ORDER[*] BY RES.ID_ ASC  
    LIMIT ? OFFSET ? &quot;; expected &quot;=, NOT, EXISTS, INTERSECTS, SELECT, FROM&quot;; SQL statement:
select RES.* 
     
    from ACT_RU_JOB RES
     
      
   
     order by  order by RES.ID_ asc  
    LIMIT ? OFFSET ? [42001-176]
	at org.apache.ibatis.exceptions.ExceptionFactory.wrapException(ExceptionFactory.java:30)
	at org.apache.ibatis.session.defaults.DefaultSqlSession.selectList(DefaultSqlSession.java:122)
	at org.apache.ibatis.session.defaults.DefaultSqlSession.selectList(DefaultSqlSession.java:113)
	at org.activiti.engine.impl.db.DbSqlSession.selectListWithRawParameter(DbSqlSession.java:438)
	at org.activiti.engine.impl.db.DbSqlSession.selectList(DbSqlSession.java:429)
	at org.activiti.engine.impl.db.DbSqlSession.selectList(DbSqlSession.java:419)
	at org.activiti.engine.impl.persistence.entity.JobEntityManager.findJobsByQueryCriteria(JobEntityManager.java:198)
	at org.activiti.engine.impl.JobQueryImpl.executeList(JobQueryImpl.java:243)
	at org.activiti.engine.impl.AbstractQuery.execute(AbstractQuery.java:164)
	at org.activiti.engine.impl.interceptor.CommandInvoker.execute(CommandInvoker.java:24)
	at org.activiti.engine.impl.interceptor.CommandContextInterceptor.execute(CommandContextInterceptor.java:57)
	at org.activiti.engine.impl.interceptor.LogInterceptor.execute(LogInterceptor.java:37)
	at org.activiti.engine.impl.cfg.CommandExecutorImpl.execute(CommandExecutorImpl.java:40)
	at org.activiti.engine.impl.cfg.CommandExecutorImpl.execute(CommandExecutorImpl.java:35)
	at org.activiti.engine.impl.AbstractQuery.list(AbstractQuery.java:138)
	at org.activiti.engine.impl.test.JobTestHelper.areJobsAvailable(JobTestHelper.java:194)
	at org.activiti.engine.impl.test.JobTestHelper.waitForJobExecutorToProcessAllJobs(JobTestHelper.java:74)
	at org.activiti.engine.impl.test.JobTestHelper.waitForJobExecutorToProcessAllJobs(JobTestHelper.java:47)
	at org.activiti.engine.impl.test.AbstractActivitiTestCase.waitForJobExecutorToProcessAllJobs(AbstractActivitiTestCase.java:204)
	at org.activiti.engine.test.jobexecutor.JobExecutorTest.testBasicJobExecutorOperation(JobExecutorTest.java:53)
	at sun.reflect.NativeMethodAccessorImpl.invoke0(Native Method)
	at sun.reflect.NativeMethodAccessorImpl.invoke(NativeMethodAccessorImpl.java:62)
	at sun.reflect.DelegatingMethodAccessorImpl.invoke(DelegatingMethodAccessorImpl.java:43)
	at java.lang.reflect.Method.invoke(Method.java:498)
	at junit.framework.TestCase.runTest(TestCase.java:176)
	at org.activiti.engine.impl.test.PvmTestCase.runTest(PvmTestCase.java:65)
	at junit.framework.TestCase.runBare(TestCase.java:141)
	at org.activiti.engine.impl.test.AbstractActivitiTestCase.runBare(AbstractActivitiTestCase.java:100)
	at junit.framework.TestResult$1.protect(TestResult.java:122)
	at junit.framework.TestResult.runProtected(TestResult.java:142)
	at junit.framework.TestResult.run(TestResult.java:125)
	at junit.framework.TestCase.run(TestCase.java:129)
	at junit.framework.TestSuite.runTest(TestSuite.java:255)
	at junit.framework.TestSuite.run(TestSuite.java:250)
	at org.junit.internal.runners.JUnit38ClassRunner.run(JUnit38ClassRunner.java:84)
	at org.apache.maven.surefire.junit4.JUnit4TestSet.execute(JUnit4TestSet.java:35)
	at org.apache.maven.surefire.junit4.JUnit4Provider.executeTestSet(JUnit4Provider.java:146)
	at org.apache.maven.surefire.junit4.JUnit4Provider.invoke(JUnit4Provider.java:97)
	at sun.reflect.NativeMethodAccessorImpl.invoke0(Native Method)
	at sun.reflect.NativeMethodAccessorImpl.invoke(NativeMethodAccessorImpl.java:62)
	at sun.reflect.DelegatingMethodAccessorImpl.invoke(DelegatingMethodAccessorImpl.java:43)
	at java.lang.reflect.Method.invoke(Method.java:498)
	at org.apache.maven.surefire.booter.ProviderFactory$ClassLoaderProxy.invoke(ProviderFactory.java:103)
	at com.sun.proxy.$Proxy0.invoke(Unknown Source)
	at org.apache.maven.surefire.booter.SurefireStarter.invokeProvider(SurefireStarter.java:145)
	at org.apache.maven.surefire.booter.SurefireStarter.runSuitesInProcess(SurefireStarter.java:87)
	at org.apache.maven.surefire.booter.ForkedBooter.main(ForkedBooter.java:69)
Caused by: org.h2.jdbc.JdbcSQLException: Syntax error in SQL statement &quot;SELECT RES.* 
     
    FROM ACT_RU_JOB RES
     
      
   
     ORDER BY  ORDER[*] BY RES.ID_ ASC  
    LIMIT ? OFFSET ? &quot;; expected &quot;=, NOT, EXISTS, INTERSECTS, SELECT, FROM&quot;; SQL statement:
select RES.* 
     
    from ACT_RU_JOB RES
     
      
   
     order by  order by RES.ID_ asc  
    LIMIT ? OFFSET ? [42001-176]
	at org.h2.message.DbException.getJdbcSQLException(DbException.java:344)
	at org.h2.message.DbException.getSyntaxError(DbException.java:204)
	at org.h2.command.Parser.getSyntaxError(Parser.java:524)
	at org.h2.command.Parser.readTerm(Parser.java:2688)
	at org.h2.command.Parser.readFactor(Parser.java:2244)
	at org.h2.command.Parser.readSum(Parser.java:2231)
	at org.h2.command.Parser.readConcat(Parser.java:2201)
	at org.h2.command.Parser.readCondition(Parser.java:2051)
	at org.h2.command.Parser.readAnd(Parser.java:2023)
	at org.h2.command.Parser.readExpression(Parser.java:2015)
	at org.h2.command.Parser.parseEndOfQuery(Parser.java:1726)
	at org.h2.command.Parser.parseSelectUnionExtension(Parser.java:1706)
	at org.h2.command.Parser.parseSelectUnion(Parser.java:1675)
	at org.h2.command.Parser.parseSelect(Parser.java:1662)
	at org.h2.command.Parser.parsePrepared(Parser.java:434)
	at org.h2.command.Parser.parse(Parser.java:306)
	at org.h2.command.Parser.parse(Parser.java:282)
	at org.h2.command.Parser.prepareCommand(Parser.java:243)
	at org.h2.engine.Session.prepareLocal(Session.java:442)
	at org.h2.engine.Session.prepareCommand(Session.java:384)
	at org.h2.jdbc.JdbcConnection.prepareCommand(JdbcConnection.java:1188)
	at org.h2.jdbc.JdbcPreparedStatement.&lt;init&gt;(JdbcPreparedStatement.java:73)
	at org.h2.jdbc.JdbcConnection.prepareStatement(JdbcConnection.java:276)
	at sun.reflect.GeneratedMethodAccessor6.invoke(Unknown Source)
	at sun.reflect.DelegatingMethodAccessorImpl.invoke(DelegatingMethodAccessorImpl.java:43)
	at java.lang.reflect.Method.invoke(Method.java:498)
	at org.apache.ibatis.datasource.pooled.PooledConnection.invoke(PooledConnection.java:245)
	at com.sun.proxy.$Proxy12.prepareStatement(Unknown Source)
	at sun.reflect.GeneratedMethodAccessor6.invoke(Unknown Source)
	at sun.reflect.DelegatingMethodAccessorImpl.invoke(DelegatingMethodAccessorImpl.java:43)
	at java.lang.reflect.Method.invoke(Method.java:498)
	at org.apache.ibatis.logging.jdbc.ConnectionLogger.invoke(ConnectionLogger.java:55)
	at com.sun.proxy.$Proxy12.prepareStatement(Unknown Source)
	at org.apache.ibatis.executor.statement.PreparedStatementHandler.instantiateStatement(PreparedStatementHandler.java:79)
	at org.apache.ibatis.executor.statement.BaseStatementHandler.prepare(BaseStatementHandler.java:88)
	at org.apache.ibatis.executor.statement.RoutingStatementHandler.prepare(RoutingStatementHandler.java:58)
	at org.apache.ibatis.executor.SimpleExecutor.prepareStatement(SimpleExecutor.java:76)
	at org.apache.ibatis.executor.SimpleExecutor.doQuery(SimpleExecutor.java:61)
	at org.apache.ibatis.executor.BaseExecutor.queryFromDatabase(BaseExecutor.java:303)
	at org.apache.ibatis.executor.BaseExecutor.query(BaseExecutor.java:154)
	at org.apache.ibatis.executor.CachingExecutor.query(CachingExecutor.java:102)
	at org.apache.ibatis.executor.CachingExecutor.query(CachingExecutor.java:82)
	at org.apache.ibatis.session.defaults.DefaultSqlSession.selectList(DefaultSqlSession.java:120)
	... 45 more
10:47:58,317 [main] DEBUG org.activiti.engine.impl.cfg.standalone.StandaloneMybatisTransactionContext  - firing event rolling back...
10:47:58,317 [main] DEBUG org.activiti.engine.impl.cfg.standalone.StandaloneMybatisTransactionContext  - rolling back ibatis sql session...
10:47:58,317 [main] DEBUG org.activiti.engine.impl.cfg.standalone.StandaloneMybatisTransactionContext  - firing event rolled back...
10:47:58,317 [main] DEBUG org.apache.ibatis.transaction.jdbc.JdbcTransaction  - Resetting autocommit to true on JDBC Connection [conn6: url=jdbc:h2:mem:activiti user=SA]
10:47:58,317 [main] DEBUG org.apache.ibatis.transaction.jdbc.JdbcTransaction  - Closing JDBC Connection [conn6: url=jdbc:h2:mem:activiti user=SA]
10:47:58,317 [main] DEBUG org.apache.ibatis.datasource.pooled.PooledDataSource  - Returned connection 486346394 to pool.
10:47:58,317 [main] DEBUG org.activiti.engine.impl.interceptor.LogInterceptor  - --- JobQueryImpl finished --------------------------------------------------------
10:47:58,317 [main] DEBUG org.activiti.engine.impl.interceptor.LogInterceptor  - 

10:47:58,333 [Thread-112] DEBUG org.activiti.engine.impl.asyncexecutor.AcquireAsyncJobsDueRunnable  - async job acquisition thread woke up
10:47:58,333 [Thread-112] DEBUG org.activiti.engine.impl.interceptor.LogInterceptor  - 

10:47:58,333 [Thread-112] DEBUG org.activiti.engine.impl.interceptor.LogInterceptor  - --- starting AcquireAsyncJobsDueCmd --------------------------------------------------------
10:47:58,333 [Thread-112] DEBUG org.apache.ibatis.transaction.jdbc.JdbcTransaction  - Opening JDBC Connection
10:47:58,333 [Thread-112] DEBUG org.apache.ibatis.datasource.pooled.PooledDataSource  - Checked out connection 604408605 from pool.
10:47:58,333 [Thread-112] DEBUG org.apache.ibatis.transaction.jdbc.JdbcTransaction  - Setting autocommit to false on JDBC Connection [conn70: url=jdbc:h2:mem:activiti-AsyncExecutorTest user=SA]
10:47:58,333 [Thread-112] DEBUG org.activiti.engine.impl.persistence.entity.JobEntity.selectAsyncJobsDueToExecute  - ==&gt;  Preparing: select RES.* from ACT_RU_JOB RES LEFT OUTER JOIN ACT_RU_EXECUTION PI ON PI.ID_ = RES.PROCESS_INSTANCE_ID_ where RES.RETRIES_ &gt; 0 and RES.DUEDATE_ is not null and RES.DUEDATE_ &lt;= ? and (RES.LOCK_EXP_TIME_ is null or RES.LOCK_EXP_TIME_ &lt;= ?) and TYPE_ = &apos;message&apos; and ( (RES.EXECUTION_ID_ is null) or (PI.SUSPENSION_STATE_ = 1) ) LIMIT ? OFFSET ? 
10:47:58,333 [Thread-112] DEBUG org.activiti.engine.impl.persistence.entity.JobEntity.selectAsyncJobsDueToExecute  - ==&gt; Parameters: 2023-03-20 10:48:50.669(Timestamp), 2023-03-20 10:48:50.669(Timestamp), 1(Integer), 0(Integer)
10:47:58,333 [Thread-112] DEBUG org.activiti.engine.impl.persistence.entity.JobEntity.selectAsyncJobsDueToExecute  - &lt;==      Total: 0
10:47:58,333 [Thread-112] DEBUG org.activiti.engine.impl.db.DbSqlSession  - flush summary: 0 insert, 0 update, 0 delete.
10:47:58,333 [Thread-112] DEBUG org.activiti.engine.impl.db.DbSqlSession  - now executing flush...
10:47:58,333 [Thread-112] DEBUG org.activiti.engine.impl.cfg.standalone.StandaloneMybatisTransactionContext  - firing event committing...
10:47:58,333 [Thread-112] DEBUG org.activiti.engine.impl.cfg.standalone.StandaloneMybatisTransactionContext  - committing the ibatis sql session...
10:47:58,333 [Thread-112] DEBUG org.activiti.engine.impl.cfg.standalone.StandaloneMybatisTransactionContext  - firing event committed...
10:47:58,333 [Thread-112] DEBUG org.apache.ibatis.transaction.jdbc.JdbcTransaction  - Resetting autocommit to true on JDBC Connection [conn70: url=jdbc:h2:mem:activiti-AsyncExecutorTest user=SA]
10:47:58,333 [Thread-112] DEBUG org.apache.ibatis.transaction.jdbc.JdbcTransaction  - Closing JDBC Connection [conn70: url=jdbc:h2:mem:activiti-AsyncExecutorTest user=SA]
10:47:58,333 [Thread-112] DEBUG org.apache.ibatis.datasource.pooled.PooledDataSource  - Returned connection 604408605 to pool.
10:47:58,333 [Thread-112] DEBUG org.activiti.engine.impl.interceptor.LogInterceptor  - --- AcquireAsyncJobsDueCmd finished --------------------------------------------------------
10:47:58,333 [Thread-112] DEBUG org.activiti.engine.impl.interceptor.LogInterceptor  - 

10:47:58,333 [Thread-112] DEBUG org.activiti.engine.impl.asyncexecutor.AcquireAsyncJobsDueRunnable  - async job acquisition thread sleeping for 50 millis
10:47:58,349 [Thread-106] DEBUG org.activiti.engine.impl.asyncexecutor.AcquireAsyncJobsDueRunnable  - async job acquisition thread woke up
10:47:58,349 [Thread-106] DEBUG org.activiti.engine.impl.interceptor.LogInterceptor  - 

10:47:58,349 [Thread-106] DEBUG org.activiti.engine.impl.interceptor.LogInterceptor  - --- starting AcquireAsyncJobsDueCmd --------------------------------------------------------
10:47:58,349 [Thread-106] DEBUG org.apache.ibatis.transaction.jdbc.JdbcTransaction  - Opening JDBC Connection
10:47:58,349 [Thread-106] DEBUG org.apache.ibatis.datasource.pooled.PooledDataSource  - Checked out connection 1970103261 from pool.
10:47:58,349 [Thread-106] DEBUG org.apache.ibatis.transaction.jdbc.JdbcTransaction  - Setting autocommit to false on JDBC Connection [conn63: url=jdbc:h2:mem:activiti-AsyncExecutorTest user=SA]
10:47:58,349 [Thread-105] DEBUG org.activiti.engine.impl.asyncexecutor.AcquireTimerJobsRunnable  - timer job acquisition thread woke up
10:47:58,349 [Thread-105] DEBUG org.activiti.engine.impl.interceptor.LogInterceptor  - 

10:47:58,349 [Thread-105] DEBUG org.activiti.engine.impl.interceptor.LogInterceptor  - --- starting AcquireTimerJobsCmd --------------------------------------------------------
10:47:58,349 [Thread-105] DEBUG org.apache.ibatis.transaction.jdbc.JdbcTransaction  - Opening JDBC Connection
10:47:58,349 [Thread-105] DEBUG org.apache.ibatis.datasource.pooled.PooledDataSource  - Checked out connection 54468349 from pool.
10:47:58,349 [Thread-105] DEBUG org.apache.ibatis.transaction.jdbc.JdbcTransaction  - Setting autocommit to false on JDBC Connection [conn64: url=jdbc:h2:mem:activiti-AsyncExecutorTest user=SA]
10:47:58,349 [Thread-105] DEBUG org.activiti.engine.impl.persistence.entity.JobEntity.selectNextTimerJobsToExecute  - ==&gt;  Preparing: select RES.* from ACT_RU_JOB RES LEFT OUTER JOIN ACT_RU_EXECUTION PI ON PI.ID_ = RES.PROCESS_INSTANCE_ID_ where (RES.RETRIES_ &gt; 0) and (RES.DUEDATE_ is null or RES.DUEDATE_ &lt;= ?) and (RES.LOCK_OWNER_ is null or RES.LOCK_EXP_TIME_ &lt;= ?) and TYPE_ = &apos;timer&apos; and ( (RES.EXECUTION_ID_ is null) or (PI.SUSPENSION_STATE_ = 1) ) LIMIT ? OFFSET ? 
10:47:58,349 [Thread-102] DEBUG org.activiti.engine.impl.asyncexecutor.AcquireTimerJobsRunnable  - timer job acquisition thread woke up
10:47:58,349 [Thread-102] DEBUG org.activiti.engine.impl.interceptor.LogInterceptor  - 

10:47:58,349 [Thread-102] DEBUG org.activiti.engine.impl.interceptor.LogInterceptor  - --- starting AcquireTimerJobsCmd --------------------------------------------------------
10:47:58,349 [Thread-102] DEBUG org.apache.ibatis.transaction.jdbc.JdbcTransaction  - Opening JDBC Connection
10:47:58,349 [Thread-102] DEBUG org.apache.ibatis.datasource.pooled.PooledDataSource  - Checked out connection 720039383 from pool.
10:47:58,349 [Thread-102] DEBUG org.apache.ibatis.transaction.jdbc.JdbcTransaction  - Setting autocommit to false on JDBC Connection [conn59: url=jdbc:h2:mem:activiti-AsyncExecutorTest user=SA]
10:47:58,349 [Thread-102] DEBUG org.activiti.engine.impl.persistence.entity.JobEntity.selectNextTimerJobsToExecute  - ==&gt;  Preparing: select RES.* from ACT_RU_JOB RES LEFT OUTER JOIN ACT_RU_EXECUTION PI ON PI.ID_ = RES.PROCESS_INSTANCE_ID_ where (RES.RETRIES_ &gt; 0) and (RES.DUEDATE_ is null or RES.DUEDATE_ &lt;= ?) and (RES.LOCK_OWNER_ is null or RES.LOCK_EXP_TIME_ &lt;= ?) and TYPE_ = &apos;timer&apos; and ( (RES.EXECUTION_ID_ is null) or (PI.SUSPENSION_STATE_ = 1) ) LIMIT ? OFFSET ? 
10:47:58,349 [Thread-103] DEBUG org.activiti.engine.impl.asyncexecutor.AcquireAsyncJobsDueRunnable  - async job acquisition thread woke up
10:47:58,350 [Thread-103] DEBUG org.activiti.engine.impl.interceptor.LogInterceptor  - 

10:47:58,350 [Thread-103] DEBUG org.activiti.engine.impl.interceptor.LogInterceptor  - --- starting AcquireAsyncJobsDueCmd --------------------------------------------------------
10:47:58,350 [Thread-103] DEBUG org.apache.ibatis.transaction.jdbc.JdbcTransaction  - Opening JDBC Connection
10:47:58,350 [Thread-103] DEBUG org.apache.ibatis.datasource.pooled.PooledDataSource  - Checked out connection 157985567 from pool.
10:47:58,349 [Thread-111] DEBUG org.activiti.engine.impl.asyncexecutor.AcquireTimerJobsRunnable  - timer job acquisition thread woke up
10:47:58,350 [Thread-111] DEBUG org.activiti.engine.impl.interceptor.LogInterceptor  - 

10:47:58,350 [Thread-111] DEBUG org.activiti.engine.impl.interceptor.LogInterceptor  - --- starting AcquireTimerJobsCmd --------------------------------------------------------
10:47:58,350 [Thread-103] DEBUG org.apache.ibatis.transaction.jdbc.JdbcTransaction  - Setting autocommit to false on JDBC Connection [conn61: url=jdbc:h2:mem:activiti-AsyncExecutorTest user=SA]
10:47:58,350 [Thread-103] DEBUG org.activiti.engine.impl.persistence.entity.JobEntity.selectAsyncJobsDueToExecute  - ==&gt;  Preparing: select RES.* from ACT_RU_JOB RES LEFT OUTER JOIN ACT_RU_EXECUTION PI ON PI.ID_ = RES.PROCESS_INSTANCE_ID_ where RES.RETRIES_ &gt; 0 and RES.DUEDATE_ is not null and RES.DUEDATE_ &lt;= ? and (RES.LOCK_EXP_TIME_ is null or RES.LOCK_EXP_TIME_ &lt;= ?) and TYPE_ = &apos;message&apos; and ( (RES.EXECUTION_ID_ is null) or (PI.SUSPENSION_STATE_ = 1) ) LIMIT ? OFFSET ? 
10:47:58,350 [Thread-103] DEBUG org.activiti.engine.impl.persistence.entity.JobEntity.selectAsyncJobsDueToExecute  - ==&gt; Parameters: 2023-03-20 10:48:50.669(Timestamp), 2023-03-20 10:48:50.669(Timestamp), 1(Integer), 0(Integer)
10:47:58,350 [Thread-103] DEBUG org.activiti.engine.impl.persistence.entity.JobEntity.selectAsyncJobsDueToExecute  - &lt;==      Total: 0
10:47:58,350 [Thread-103] DEBUG org.activiti.engine.impl.db.DbSqlSession  - flush summary: 0 insert, 0 update, 0 delete.
10:47:58,350 [Thread-103] DEBUG org.activiti.engine.impl.db.DbSqlSession  - now executing flush...
10:47:58,350 [Thread-103] DEBUG org.activiti.engine.impl.cfg.standalone.StandaloneMybatisTransactionContext  - firing event committing...
10:47:58,350 [Thread-103] DEBUG org.activiti.engine.impl.cfg.standalone.StandaloneMybatisTransactionContext  - committing the ibatis sql session...
10:47:58,350 [Thread-103] DEBUG org.activiti.engine.impl.cfg.standalone.StandaloneMybatisTransactionContext  - firing event committed...
10:47:58,350 [Thread-103] DEBUG org.apache.ibatis.transaction.jdbc.JdbcTransaction  - Resetting autocommit to true on JDBC Connection [conn61: url=jdbc:h2:mem:activiti-AsyncExecutorTest user=SA]
10:47:58,350 [Thread-103] DEBUG org.apache.ibatis.transaction.jdbc.JdbcTransaction  - Closing JDBC Connection [conn61: url=jdbc:h2:mem:activiti-AsyncExecutorTest user=SA]
10:47:58,349 [Thread-102] DEBUG org.activiti.engine.impl.persistence.entity.JobEntity.selectNextTimerJobsToExecute  - ==&gt; Parameters: 2023-03-20 10:48:50.669(Timestamp), 2023-03-20 10:48:50.669(Timestamp), 1(Integer), 0(Integer)
10:47:58,350 [Thread-102] DEBUG org.activiti.engine.impl.persistence.entity.JobEntity.selectNextTimerJobsToExecute  - &lt;==      Total: 0
10:47:58,350 [Thread-102] DEBUG org.activiti.engine.impl.db.DbSqlSession  - flush summary: 0 insert, 0 update, 0 delete.
10:47:58,350 [Thread-102] DEBUG org.activiti.engine.impl.db.DbSqlSession  - now executing flush...
10:47:58,350 [Thread-102] DEBUG org.activiti.engine.impl.cfg.standalone.StandaloneMybatisTransactionContext  - firing event committing...
10:47:58,350 [Thread-102] DEBUG org.activiti.engine.impl.cfg.standalone.StandaloneMybatisTransactionContext  - committing the ibatis sql session...
10:47:58,349 [Thread-105] DEBUG org.activiti.engine.impl.persistence.entity.JobEntity.selectNextTimerJobsToExecute  - ==&gt; Parameters: 2023-03-20 10:48:50.669(Timestamp), 2023-03-20 10:48:50.669(Timestamp), 1(Integer), 0(Integer)
10:47:58,349 [Thread-106] DEBUG org.activiti.engine.impl.persistence.entity.JobEntity.selectAsyncJobsDueToExecute  - ==&gt;  Preparing: select RES.* from ACT_RU_JOB RES LEFT OUTER JOIN ACT_RU_EXECUTION PI ON PI.ID_ = RES.PROCESS_INSTANCE_ID_ where RES.RETRIES_ &gt; 0 and RES.DUEDATE_ is not null and RES.DUEDATE_ &lt;= ? and (RES.LOCK_EXP_TIME_ is null or RES.LOCK_EXP_TIME_ &lt;= ?) and TYPE_ = &apos;message&apos; and ( (RES.EXECUTION_ID_ is null) or (PI.SUSPENSION_STATE_ = 1) ) LIMIT ? OFFSET ? 
10:47:58,351 [Thread-106] DEBUG org.activiti.engine.impl.persistence.entity.JobEntity.selectAsyncJobsDueToExecute  - ==&gt; Parameters: 2023-03-20 10:48:50.669(Timestamp), 2023-03-20 10:48:50.669(Timestamp), 1(Integer), 0(Integer)
10:47:58,351 [Thread-106] DEBUG org.activiti.engine.impl.persistence.entity.JobEntity.selectAsyncJobsDueToExecute  - &lt;==      Total: 0
10:47:58,351 [Thread-106] DEBUG org.activiti.engine.impl.db.DbSqlSession  - flush summary: 0 insert, 0 update, 0 delete.
10:47:58,351 [Thread-106] DEBUG org.activiti.engine.impl.db.DbSqlSession  - now executing flush...
10:47:58,351 [Thread-106] DEBUG org.activiti.engine.impl.cfg.standalone.StandaloneMybatisTransactionContext  - firing event committing...
10:47:58,351 [Thread-106] DEBUG org.activiti.engine.impl.cfg.standalone.StandaloneMybatisTransactionContext  - committing the ibatis sql session...
10:47:58,351 [Thread-106] DEBUG org.activiti.engine.impl.cfg.standalone.StandaloneMybatisTransactionContext  - firing event committed...
10:47:58,351 [Thread-106] DEBUG org.apache.ibatis.transaction.jdbc.JdbcTransaction  - Resetting autocommit to true on JDBC Connection [conn63: url=jdbc:h2:mem:activiti-AsyncExecutorTest user=SA]
10:47:58,351 [Thread-106] DEBUG org.apache.ibatis.transaction.jdbc.JdbcTransaction  - Closing JDBC Connection [conn63: url=jdbc:h2:mem:activiti-AsyncExecutorTest user=SA]
10:47:58,351 [Thread-106] DEBUG org.apache.ibatis.datasource.pooled.PooledDataSource  - Returned connection 1970103261 to pool.
10:47:58,351 [Thread-106] DEBUG org.activiti.engine.impl.interceptor.LogInterceptor  - --- AcquireAsyncJobsDueCmd finished --------------------------------------------------------
10:47:58,351 [Thread-106] DEBUG org.activiti.engine.impl.interceptor.LogInterceptor  - 

10:47:58,351 [Thread-106] DEBUG org.activiti.engine.impl.asyncexecutor.AcquireAsyncJobsDueRunnable  - async job acquisition thread sleeping for 50 millis
10:47:58,350 [Thread-105] DEBUG org.activiti.engine.impl.persistence.entity.JobEntity.selectNextTimerJobsToExecute  - &lt;==      Total: 0
10:47:58,351 [Thread-105] DEBUG org.activiti.engine.impl.db.DbSqlSession  - flush summary: 0 insert, 0 update, 0 delete.
10:47:58,351 [Thread-105] DEBUG org.activiti.engine.impl.db.DbSqlSession  - now executing flush...
10:47:58,351 [Thread-105] DEBUG org.activiti.engine.impl.cfg.standalone.StandaloneMybatisTransactionContext  - firing event committing...
10:47:58,351 [Thread-105] DEBUG org.activiti.engine.impl.cfg.standalone.StandaloneMybatisTransactionContext  - committing the ibatis sql session...
10:47:58,351 [Thread-105] DEBUG org.activiti.engine.impl.cfg.standalone.StandaloneMybatisTransactionContext  - firing event committed...
10:47:58,350 [Thread-102] DEBUG org.activiti.engine.impl.cfg.standalone.StandaloneMybatisTransactionContext  - firing event committed...
10:47:58,351 [Thread-102] DEBUG org.apache.ibatis.transaction.jdbc.JdbcTransaction  - Resetting autocommit to true on JDBC Connection [conn59: url=jdbc:h2:mem:activiti-AsyncExecutorTest user=SA]
10:47:58,351 [Thread-102] DEBUG org.apache.ibatis.transaction.jdbc.JdbcTransaction  - Closing JDBC Connection [conn59: url=jdbc:h2:mem:activiti-AsyncExecutorTest user=SA]
10:47:58,350 [Thread-103] DEBUG org.apache.ibatis.datasource.pooled.PooledDataSource  - Returned connection 157985567 to pool.
10:47:58,351 [Thread-103] DEBUG org.activiti.engine.impl.interceptor.LogInterceptor  - --- AcquireAsyncJobsDueCmd finished --------------------------------------------------------
10:47:58,351 [Thread-103] DEBUG org.activiti.engine.impl.interceptor.LogInterceptor  - 

10:47:58,351 [Thread-103] DEBUG org.activiti.engine.impl.asyncexecutor.AcquireAsyncJobsDueRunnable  - async job acquisition thread sleeping for 50 millis
10:47:58,350 [Thread-111] DEBUG org.apache.ibatis.transaction.jdbc.JdbcTransaction  - Opening JDBC Connection
10:47:58,351 [Thread-111] DEBUG org.apache.ibatis.datasource.pooled.PooledDataSource  - Checked out connection 58501658 from pool.
10:47:58,351 [Thread-111] DEBUG org.apache.ibatis.transaction.jdbc.JdbcTransaction  - Setting autocommit to false on JDBC Connection [conn68: url=jdbc:h2:mem:activiti-AsyncExecutorTest user=SA]
10:47:58,351 [Thread-111] DEBUG org.activiti.engine.impl.persistence.entity.JobEntity.selectNextTimerJobsToExecute  - ==&gt;  Preparing: select RES.* from ACT_RU_JOB RES LEFT OUTER JOIN ACT_RU_EXECUTION PI ON PI.ID_ = RES.PROCESS_INSTANCE_ID_ where (RES.RETRIES_ &gt; 0) and (RES.DUEDATE_ is null or RES.DUEDATE_ &lt;= ?) and (RES.LOCK_OWNER_ is null or RES.LOCK_EXP_TIME_ &lt;= ?) and TYPE_ = &apos;timer&apos; and ( (RES.EXECUTION_ID_ is null) or (PI.SUSPENSION_STATE_ = 1) ) LIMIT ? OFFSET ? 
10:47:58,351 [Thread-102] DEBUG org.apache.ibatis.datasource.pooled.PooledDataSource  - Returned connection 720039383 to pool.
10:47:58,352 [Thread-102] DEBUG org.activiti.engine.impl.interceptor.LogInterceptor  - --- AcquireTimerJobsCmd finished --------------------------------------------------------
10:47:58,352 [Thread-102] DEBUG org.activiti.engine.impl.interceptor.LogInterceptor  - 

10:47:58,352 [Thread-102] DEBUG org.activiti.engine.impl.asyncexecutor.AcquireTimerJobsRunnable  - timer job acquisition thread sleeping for 50 millis
10:47:58,351 [Thread-105] DEBUG org.apache.ibatis.transaction.jdbc.JdbcTransaction  - Resetting autocommit to true on JDBC Connection [conn64: url=jdbc:h2:mem:activiti-AsyncExecutorTest user=SA]
10:47:58,352 [Thread-105] DEBUG org.apache.ibatis.transaction.jdbc.JdbcTransaction  - Closing JDBC Connection [conn64: url=jdbc:h2:mem:activiti-AsyncExecutorTest user=SA]
10:47:58,352 [Thread-105] DEBUG org.apache.ibatis.datasource.pooled.PooledDataSource  - Returned connection 54468349 to pool.
10:47:58,352 [Thread-105] DEBUG org.activiti.engine.impl.interceptor.LogInterceptor  - --- AcquireTimerJobsCmd finished --------------------------------------------------------
10:47:58,352 [Thread-105] DEBUG org.activiti.engine.impl.interceptor.LogInterceptor  - 

10:47:58,352 [Thread-105] DEBUG org.activiti.engine.impl.asyncexecutor.AcquireTimerJobsRunnable  - timer job acquisition thread sleeping for 50 millis
10:47:58,352 [Thread-111] DEBUG org.activiti.engine.impl.persistence.entity.JobEntity.selectNextTimerJobsToExecute  - ==&gt; Parameters: 2023-03-20 10:48:50.669(Timestamp), 2023-03-20 10:48:50.669(Timestamp), 1(Integer), 0(Integer)
10:47:58,352 [Thread-111] DEBUG org.activiti.engine.impl.persistence.entity.JobEntity.selectNextTimerJobsToExecute  - &lt;==      Total: 0
10:47:58,352 [Thread-111] DEBUG org.activiti.engine.impl.db.DbSqlSession  - flush summary: 0 insert, 0 update, 0 delete.
10:47:58,352 [Thread-111] DEBUG org.activiti.engine.impl.db.DbSqlSession  - now executing flush...
10:47:58,352 [Thread-111] DEBUG org.activiti.engine.impl.cfg.standalone.StandaloneMybatisTransactionContext  - firing event committing...
10:47:58,352 [Thread-111] DEBUG org.activiti.engine.impl.cfg.standalone.StandaloneMybatisTransactionContext  - committing the ibatis sql session...
10:47:58,352 [Thread-111] DEBUG org.activiti.engine.impl.cfg.standalone.StandaloneMybatisTransactionContext  - firing event committed...
10:47:58,352 [Thread-111] DEBUG org.apache.ibatis.transaction.jdbc.JdbcTransaction  - Resetting autocommit to true on JDBC Connection [conn68: url=jdbc:h2:mem:activiti-AsyncExecutorTest user=SA]
10:47:58,352 [Thread-111] DEBUG org.apache.ibatis.transaction.jdbc.JdbcTransaction  - Closing JDBC Connection [conn68: url=jdbc:h2:mem:activiti-AsyncExecutorTest user=SA]
10:47:58,352 [Thread-111] DEBUG org.apache.ibatis.datasource.pooled.PooledDataSource  - Returned connection 58501658 to pool.
10:47:58,352 [Thread-111] DEBUG org.activiti.engine.impl.interceptor.LogInterceptor  - --- AcquireTimerJobsCmd finished --------------------------------------------------------
10:47:58,352 [Thread-111] DEBUG org.activiti.engine.impl.interceptor.LogInterceptor  - 

10:47:58,352 [Thread-111] DEBUG org.activiti.engine.impl.asyncexecutor.AcquireTimerJobsRunnable  - timer job acquisition thread sleeping for 50 millis
10:47:58,396 [Thread-112] DEBUG org.activiti.engine.impl.asyncexecutor.AcquireAsyncJobsDueRunnable  - async job acquisition thread woke up
10:47:58,396 [Thread-112] DEBUG org.activiti.engine.impl.interceptor.LogInterceptor  - 

10:47:58,396 [Thread-112] DEBUG org.activiti.engine.impl.interceptor.LogInterceptor  - --- starting AcquireAsyncJobsDueCmd --------------------------------------------------------
10:47:58,396 [Thread-112] DEBUG org.apache.ibatis.transaction.jdbc.JdbcTransaction  - Opening JDBC Connection
10:47:58,396 [Thread-112] DEBUG org.apache.ibatis.datasource.pooled.PooledDataSource  - Checked out connection 1863805930 from pool.
10:47:58,396 [Thread-112] DEBUG org.apache.ibatis.transaction.jdbc.JdbcTransaction  - Setting autocommit to false on JDBC Connection [conn69: url=jdbc:h2:mem:activiti-AsyncExecutorTest user=SA]
10:47:58,396 [Thread-112] DEBUG org.activiti.engine.impl.persistence.entity.JobEntity.selectAsyncJobsDueToExecute  - ==&gt;  Preparing: select RES.* from ACT_RU_JOB RES LEFT OUTER JOIN ACT_RU_EXECUTION PI ON PI.ID_ = RES.PROCESS_INSTANCE_ID_ where RES.RETRIES_ &gt; 0 and RES.DUEDATE_ is not null and RES.DUEDATE_ &lt;= ? and (RES.LOCK_EXP_TIME_ is null or RES.LOCK_EXP_TIME_ &lt;= ?) and TYPE_ = &apos;message&apos; and ( (RES.EXECUTION_ID_ is null) or (PI.SUSPENSION_STATE_ = 1) ) LIMIT ? OFFSET ? 
10:47:58,396 [Thread-112] DEBUG org.activiti.engine.impl.persistence.entity.JobEntity.selectAsyncJobsDueToExecute  - ==&gt; Parameters: 2023-03-20 10:48:50.669(Timestamp), 2023-03-20 10:48:50.669(Timestamp), 1(Integer), 0(Integer)
10:47:58,396 [Thread-112] DEBUG org.activiti.engine.impl.persistence.entity.JobEntity.selectAsyncJobsDueToExecute  - &lt;==      Total: 0
10:47:58,396 [Thread-112] DEBUG org.activiti.engine.impl.db.DbSqlSession  - flush summary: 0 insert, 0 update, 0 delete.
10:47:58,396 [Thread-112] DEBUG org.activiti.engine.impl.db.DbSqlSession  - now executing flush...
10:47:58,396 [Thread-112] DEBUG org.activiti.engine.impl.cfg.standalone.StandaloneMybatisTransactionContext  - firing event committing...
10:47:58,396 [Thread-112] DEBUG org.activiti.engine.impl.cfg.standalone.StandaloneMybatisTransactionContext  - committing the ibatis sql session...
10:47:58,396 [Thread-112] DEBUG org.activiti.engine.impl.cfg.standalone.StandaloneMybatisTransactionContext  - firing event committed...
10:47:58,396 [Thread-112] DEBUG org.apache.ibatis.transaction.jdbc.JdbcTransaction  - Resetting autocommit to true on JDBC Connection [conn69: url=jdbc:h2:mem:activiti-AsyncExecutorTest user=SA]
10:47:58,396 [Thread-112] DEBUG org.apache.ibatis.transaction.jdbc.JdbcTransaction  - Closing JDBC Connection [conn69: url=jdbc:h2:mem:activiti-AsyncExecutorTest user=SA]
10:47:58,396 [Thread-112] DEBUG org.apache.ibatis.datasource.pooled.PooledDataSource  - Returned connection 1863805930 to pool.
10:47:58,396 [Thread-112] DEBUG org.activiti.engine.impl.interceptor.LogInterceptor  - --- AcquireAsyncJobsDueCmd finished --------------------------------------------------------
10:47:58,396 [Thread-112] DEBUG org.activiti.engine.impl.interceptor.LogInterceptor  - 

10:47:58,396 [Thread-112] DEBUG org.activiti.engine.impl.asyncexecutor.AcquireAsyncJobsDueRunnable  - async job acquisition thread sleeping for 50 millis
10:47:58,412 [Thread-106] DEBUG org.activiti.engine.impl.asyncexecutor.AcquireAsyncJobsDueRunnable  - async job acquisition thread woke up
10:47:58,412 [Thread-106] DEBUG org.activiti.engine.impl.interceptor.LogInterceptor  - 

10:47:58,412 [Thread-106] DEBUG org.activiti.engine.impl.interceptor.LogInterceptor  - --- starting AcquireAsyncJobsDueCmd --------------------------------------------------------
10:47:58,412 [Thread-102] DEBUG org.activiti.engine.impl.asyncexecutor.AcquireTimerJobsRunnable  - timer job acquisition thread woke up
10:47:58,412 [Thread-102] DEBUG org.activiti.engine.impl.interceptor.LogInterceptor  - 

10:47:58,412 [Thread-102] DEBUG org.activiti.engine.impl.interceptor.LogInterceptor  - --- starting AcquireTimerJobsCmd --------------------------------------------------------
10:47:58,412 [Thread-102] DEBUG org.apache.ibatis.transaction.jdbc.JdbcTransaction  - Opening JDBC Connection
10:47:58,412 [Thread-102] DEBUG org.apache.ibatis.datasource.pooled.PooledDataSource  - Checked out connection 33534803 from pool.
10:47:58,412 [Thread-102] DEBUG org.apache.ibatis.transaction.jdbc.JdbcTransaction  - Setting autocommit to false on JDBC Connection [conn60: url=jdbc:h2:mem:activiti-AsyncExecutorTest user=SA]
10:47:58,412 [Thread-102] DEBUG org.activiti.engine.impl.persistence.entity.JobEntity.selectNextTimerJobsToExecute  - ==&gt;  Preparing: select RES.* from ACT_RU_JOB RES LEFT OUTER JOIN ACT_RU_EXECUTION PI ON PI.ID_ = RES.PROCESS_INSTANCE_ID_ where (RES.RETRIES_ &gt; 0) and (RES.DUEDATE_ is null or RES.DUEDATE_ &lt;= ?) and (RES.LOCK_OWNER_ is null or RES.LOCK_EXP_TIME_ &lt;= ?) and TYPE_ = &apos;timer&apos; and ( (RES.EXECUTION_ID_ is null) or (PI.SUSPENSION_STATE_ = 1) ) LIMIT ? OFFSET ? 
10:47:58,412 [Thread-103] DEBUG org.activiti.engine.impl.asyncexecutor.AcquireAsyncJobsDueRunnable  - async job acquisition thread woke up
10:47:58,412 [Thread-103] DEBUG org.activiti.engine.impl.interceptor.LogInterceptor  - 

10:47:58,412 [Thread-103] DEBUG org.activiti.engine.impl.interceptor.LogInterceptor  - --- starting AcquireAsyncJobsDueCmd --------------------------------------------------------
10:47:58,412 [Thread-103] DEBUG org.apache.ibatis.transaction.jdbc.JdbcTransaction  - Opening JDBC Connection
10:47:58,412 [Thread-103] DEBUG org.apache.ibatis.datasource.pooled.PooledDataSource  - Checked out connection 157985567 from pool.
10:47:58,413 [Thread-103] DEBUG org.apache.ibatis.transaction.jdbc.JdbcTransaction  - Setting autocommit to false on JDBC Connection [conn61: url=jdbc:h2:mem:activiti-AsyncExecutorTest user=SA]
10:47:58,413 [Thread-103] DEBUG org.activiti.engine.impl.persistence.entity.JobEntity.selectAsyncJobsDueToExecute  - ==&gt;  Preparing: select RES.* from ACT_RU_JOB RES LEFT OUTER JOIN ACT_RU_EXECUTION PI ON PI.ID_ = RES.PROCESS_INSTANCE_ID_ where RES.RETRIES_ &gt; 0 and RES.DUEDATE_ is not null and RES.DUEDATE_ &lt;= ? and (RES.LOCK_EXP_TIME_ is null or RES.LOCK_EXP_TIME_ &lt;= ?) and TYPE_ = &apos;message&apos; and ( (RES.EXECUTION_ID_ is null) or (PI.SUSPENSION_STATE_ = 1) ) LIMIT ? OFFSET ? 
10:47:58,412 [Thread-111] DEBUG org.activiti.engine.impl.asyncexecutor.AcquireTimerJobsRunnable  - timer job acquisition thread woke up
10:47:58,413 [Thread-111] DEBUG org.activiti.engine.impl.interceptor.LogInterceptor  - 

10:47:58,413 [Thread-111] DEBUG org.activiti.engine.impl.interceptor.LogInterceptor  - --- starting AcquireTimerJobsCmd --------------------------------------------------------
10:47:58,412 [Thread-105] DEBUG org.activiti.engine.impl.asyncexecutor.AcquireTimerJobsRunnable  - timer job acquisition thread woke up
10:47:58,413 [Thread-105] DEBUG org.activiti.engine.impl.interceptor.LogInterceptor  - 

10:47:58,413 [Thread-105] DEBUG org.activiti.engine.impl.interceptor.LogInterceptor  - --- starting AcquireTimerJobsCmd --------------------------------------------------------
10:47:58,413 [Thread-111] DEBUG org.apache.ibatis.transaction.jdbc.JdbcTransaction  - Opening JDBC Connection
10:47:58,413 [Thread-111] DEBUG org.apache.ibatis.datasource.pooled.PooledDataSource  - Checked out connection 604408605 from pool.
10:47:58,413 [Thread-111] DEBUG org.apache.ibatis.transaction.jdbc.JdbcTransaction  - Setting autocommit to false on JDBC Connection [conn70: url=jdbc:h2:mem:activiti-AsyncExecutorTest user=SA]
10:47:58,413 [Thread-111] DEBUG org.activiti.engine.impl.persistence.entity.JobEntity.selectNextTimerJobsToExecute  - ==&gt;  Preparing: select RES.* from ACT_RU_JOB RES LEFT OUTER JOIN ACT_RU_EXECUTION PI ON PI.ID_ = RES.PROCESS_INSTANCE_ID_ where (RES.RETRIES_ &gt; 0) and (RES.DUEDATE_ is null or RES.DUEDATE_ &lt;= ?) and (RES.LOCK_OWNER_ is null or RES.LOCK_EXP_TIME_ &lt;= ?) and TYPE_ = &apos;timer&apos; and ( (RES.EXECUTION_ID_ is null) or (PI.SUSPENSION_STATE_ = 1) ) LIMIT ? OFFSET ? 
10:47:58,413 [Thread-103] DEBUG org.activiti.engine.impl.persistence.entity.JobEntity.selectAsyncJobsDueToExecute  - ==&gt; Parameters: 2023-03-20 10:48:50.669(Timestamp), 2023-03-20 10:48:50.669(Timestamp), 1(Integer), 0(Integer)
10:47:58,413 [Thread-103] DEBUG org.activiti.engine.impl.persistence.entity.JobEntity.selectAsyncJobsDueToExecute  - &lt;==      Total: 0
10:47:58,412 [Thread-102] DEBUG org.activiti.engine.impl.persistence.entity.JobEntity.selectNextTimerJobsToExecute  - ==&gt; Parameters: 2023-03-20 10:48:50.669(Timestamp), 2023-03-20 10:48:50.669(Timestamp), 1(Integer), 0(Integer)
10:47:58,413 [Thread-102] DEBUG org.activiti.engine.impl.persistence.entity.JobEntity.selectNextTimerJobsToExecute  - &lt;==      Total: 0
10:47:58,413 [Thread-102] DEBUG org.activiti.engine.impl.db.DbSqlSession  - flush summary: 0 insert, 0 update, 0 delete.
10:47:58,413 [Thread-102] DEBUG org.activiti.engine.impl.db.DbSqlSession  - now executing flush...
10:47:58,413 [Thread-102] DEBUG org.activiti.engine.impl.cfg.standalone.StandaloneMybatisTransactionContext  - firing event committing...
10:47:58,413 [Thread-102] DEBUG org.activiti.engine.impl.cfg.standalone.StandaloneMybatisTransactionContext  - committing the ibatis sql session...
10:47:58,413 [Thread-102] DEBUG org.activiti.engine.impl.cfg.standalone.StandaloneMybatisTransactionContext  - firing event committed...
10:47:58,413 [Thread-102] DEBUG org.apache.ibatis.transaction.jdbc.JdbcTransaction  - Resetting autocommit to true on JDBC Connection [conn60: url=jdbc:h2:mem:activiti-AsyncExecutorTest user=SA]
10:47:58,413 [Thread-102] DEBUG org.apache.ibatis.transaction.jdbc.JdbcTransaction  - Closing JDBC Connection [conn60: url=jdbc:h2:mem:activiti-AsyncExecutorTest user=SA]
10:47:58,412 [Thread-106] DEBUG org.apache.ibatis.transaction.jdbc.JdbcTransaction  - Opening JDBC Connection
10:47:58,413 [Thread-106] DEBUG org.apache.ibatis.datasource.pooled.PooledDataSource  - Checked out connection 996762054 from pool.
10:47:58,413 [Thread-106] DEBUG org.apache.ibatis.transaction.jdbc.JdbcTransaction  - Setting autocommit to false on JDBC Connection [conn65: url=jdbc:h2:mem:activiti-AsyncExecutorTest user=SA]
10:47:58,413 [Thread-106] DEBUG org.activiti.engine.impl.persistence.entity.JobEntity.selectAsyncJobsDueToExecute  - ==&gt;  Preparing: select RES.* from ACT_RU_JOB RES LEFT OUTER JOIN ACT_RU_EXECUTION PI ON PI.ID_ = RES.PROCESS_INSTANCE_ID_ where RES.RETRIES_ &gt; 0 and RES.DUEDATE_ is not null and RES.DUEDATE_ &lt;= ? and (RES.LOCK_EXP_TIME_ is null or RES.LOCK_EXP_TIME_ &lt;= ?) and TYPE_ = &apos;message&apos; and ( (RES.EXECUTION_ID_ is null) or (PI.SUSPENSION_STATE_ = 1) ) LIMIT ? OFFSET ? 
10:47:58,413 [Thread-102] DEBUG org.apache.ibatis.datasource.pooled.PooledDataSource  - Returned connection 33534803 to pool.
10:47:58,413 [Thread-102] DEBUG org.activiti.engine.impl.interceptor.LogInterceptor  - --- AcquireTimerJobsCmd finished --------------------------------------------------------
10:47:58,413 [Thread-102] DEBUG org.activiti.engine.impl.interceptor.LogInterceptor  - 

10:47:58,413 [Thread-102] DEBUG org.activiti.engine.impl.asyncexecutor.AcquireTimerJobsRunnable  - timer job acquisition thread sleeping for 50 millis
10:47:58,413 [Thread-103] DEBUG org.activiti.engine.impl.db.DbSqlSession  - flush summary: 0 insert, 0 update, 0 delete.
10:47:58,414 [Thread-103] DEBUG org.activiti.engine.impl.db.DbSqlSession  - now executing flush...
10:47:58,414 [Thread-103] DEBUG org.activiti.engine.impl.cfg.standalone.StandaloneMybatisTransactionContext  - firing event committing...
10:47:58,414 [Thread-103] DEBUG org.activiti.engine.impl.cfg.standalone.StandaloneMybatisTransactionContext  - committing the ibatis sql session...
10:47:58,413 [Thread-111] DEBUG org.activiti.engine.impl.persistence.entity.JobEntity.selectNextTimerJobsToExecute  - ==&gt; Parameters: 2023-03-20 10:48:50.669(Timestamp), 2023-03-20 10:48:50.669(Timestamp), 1(Integer), 0(Integer)
10:47:58,414 [Thread-111] DEBUG org.activiti.engine.impl.persistence.entity.JobEntity.selectNextTimerJobsToExecute  - &lt;==      Total: 0
10:47:58,414 [Thread-111] DEBUG org.activiti.engine.impl.db.DbSqlSession  - flush summary: 0 insert, 0 update, 0 delete.
10:47:58,414 [Thread-111] DEBUG org.activiti.engine.impl.db.DbSqlSession  - now executing flush...
10:47:58,414 [Thread-111] DEBUG org.activiti.engine.impl.cfg.standalone.StandaloneMybatisTransactionContext  - firing event committing...
10:47:58,414 [Thread-111] DEBUG org.activiti.engine.impl.cfg.standalone.StandaloneMybatisTransactionContext  - committing the ibatis sql session...
10:47:58,414 [Thread-111] DEBUG org.activiti.engine.impl.cfg.standalone.StandaloneMybatisTransactionContext  - firing event committed...
10:47:58,414 [Thread-111] DEBUG org.apache.ibatis.transaction.jdbc.JdbcTransaction  - Resetting autocommit to true on JDBC Connection [conn70: url=jdbc:h2:mem:activiti-AsyncExecutorTest user=SA]
10:47:58,414 [Thread-111] DEBUG org.apache.ibatis.transaction.jdbc.JdbcTransaction  - Closing JDBC Connection [conn70: url=jdbc:h2:mem:activiti-AsyncExecutorTest user=SA]
10:47:58,414 [Thread-111] DEBUG org.apache.ibatis.datasource.pooled.PooledDataSource  - Returned connection 604408605 to pool.
10:47:58,414 [Thread-111] DEBUG org.activiti.engine.impl.interceptor.LogInterceptor  - --- AcquireTimerJobsCmd finished --------------------------------------------------------
10:47:58,414 [Thread-111] DEBUG org.activiti.engine.impl.interceptor.LogInterceptor  - 

10:47:58,414 [Thread-111] DEBUG org.activiti.engine.impl.asyncexecutor.AcquireTimerJobsRunnable  - timer job acquisition thread sleeping for 50 millis
10:47:58,413 [Thread-105] DEBUG org.apache.ibatis.transaction.jdbc.JdbcTransaction  - Opening JDBC Connection
10:47:58,414 [Thread-105] DEBUG org.apache.ibatis.datasource.pooled.PooledDataSource  - Checked out connection 1970103261 from pool.
10:47:58,414 [Thread-105] DEBUG org.apache.ibatis.transaction.jdbc.JdbcTransaction  - Setting autocommit to false on JDBC Connection [conn63: url=jdbc:h2:mem:activiti-AsyncExecutorTest user=SA]
10:47:58,414 [Thread-105] DEBUG org.activiti.engine.impl.persistence.entity.JobEntity.selectNextTimerJobsToExecute  - ==&gt;  Preparing: select RES.* from ACT_RU_JOB RES LEFT OUTER JOIN ACT_RU_EXECUTION PI ON PI.ID_ = RES.PROCESS_INSTANCE_ID_ where (RES.RETRIES_ &gt; 0) and (RES.DUEDATE_ is null or RES.DUEDATE_ &lt;= ?) and (RES.LOCK_OWNER_ is null or RES.LOCK_EXP_TIME_ &lt;= ?) and TYPE_ = &apos;timer&apos; and ( (RES.EXECUTION_ID_ is null) or (PI.SUSPENSION_STATE_ = 1) ) LIMIT ? OFFSET ? 
10:47:58,414 [Thread-105] DEBUG org.activiti.engine.impl.persistence.entity.JobEntity.selectNextTimerJobsToExecute  - ==&gt; Parameters: 2023-03-20 10:48:50.669(Timestamp), 2023-03-20 10:48:50.669(Timestamp), 1(Integer), 0(Integer)
10:47:58,414 [Thread-103] DEBUG org.activiti.engine.impl.cfg.standalone.StandaloneMybatisTransactionContext  - firing event committed...
10:47:58,414 [Thread-103] DEBUG org.apache.ibatis.transaction.jdbc.JdbcTransaction  - Resetting autocommit to true on JDBC Connection [conn61: url=jdbc:h2:mem:activiti-AsyncExecutorTest user=SA]
10:47:58,414 [Thread-103] DEBUG org.apache.ibatis.transaction.jdbc.JdbcTransaction  - Closing JDBC Connection [conn61: url=jdbc:h2:mem:activiti-AsyncExecutorTest user=SA]
10:47:58,414 [Thread-103] DEBUG org.apache.ibatis.datasource.pooled.PooledDataSource  - Returned connection 157985567 to pool.
10:47:58,414 [Thread-103] DEBUG org.activiti.engine.impl.interceptor.LogInterceptor  - --- AcquireAsyncJobsDueCmd finished --------------------------------------------------------
10:47:58,414 [Thread-103] DEBUG org.activiti.engine.impl.interceptor.LogInterceptor  - 

10:47:58,414 [Thread-103] DEBUG org.activiti.engine.impl.asyncexecutor.AcquireAsyncJobsDueRunnable  - async job acquisition thread sleeping for 50 millis
10:47:58,413 [Thread-106] DEBUG org.activiti.engine.impl.persistence.entity.JobEntity.selectAsyncJobsDueToExecute  - ==&gt; Parameters: 2023-03-20 10:48:50.669(Timestamp), 2023-03-20 10:48:50.669(Timestamp), 1(Integer), 0(Integer)
10:47:58,414 [Thread-106] DEBUG org.activiti.engine.impl.persistence.entity.JobEntity.selectAsyncJobsDueToExecute  - &lt;==      Total: 0
10:47:58,414 [Thread-106] DEBUG org.activiti.engine.impl.db.DbSqlSession  - flush summary: 0 insert, 0 update, 0 delete.
10:47:58,414 [Thread-106] DEBUG org.activiti.engine.impl.db.DbSqlSession  - now executing flush...
10:47:58,415 [Thread-106] DEBUG org.activiti.engine.impl.cfg.standalone.StandaloneMybatisTransactionContext  - firing event committing...
10:47:58,415 [Thread-106] DEBUG org.activiti.engine.impl.cfg.standalone.StandaloneMybatisTransactionContext  - committing the ibatis sql session...
10:47:58,415 [Thread-106] DEBUG org.activiti.engine.impl.cfg.standalone.StandaloneMybatisTransactionContext  - firing event committed...
10:47:58,415 [Thread-106] DEBUG org.apache.ibatis.transaction.jdbc.JdbcTransaction  - Resetting autocommit to true on JDBC Connection [conn65: url=jdbc:h2:mem:activiti-AsyncExecutorTest user=SA]
10:47:58,415 [Thread-106] DEBUG org.apache.ibatis.transaction.jdbc.JdbcTransaction  - Closing JDBC Connection [conn65: url=jdbc:h2:mem:activiti-AsyncExecutorTest user=SA]
10:47:58,415 [Thread-106] DEBUG org.apache.ibatis.datasource.pooled.PooledDataSource  - Returned connection 996762054 to pool.
10:47:58,415 [Thread-106] DEBUG org.activiti.engine.impl.interceptor.LogInterceptor  - --- AcquireAsyncJobsDueCmd finished --------------------------------------------------------
10:47:58,415 [Thread-106] DEBUG org.activiti.engine.impl.interceptor.LogInterceptor  - 

10:47:58,415 [Thread-106] DEBUG org.activiti.engine.impl.asyncexecutor.AcquireAsyncJobsDueRunnable  - async job acquisition thread sleeping for 50 millis
10:47:58,414 [Thread-105] DEBUG org.activiti.engine.impl.persistence.entity.JobEntity.selectNextTimerJobsToExecute  - &lt;==      Total: 0
10:47:58,415 [Thread-105] DEBUG org.activiti.engine.impl.db.DbSqlSession  - flush summary: 0 insert, 0 update, 0 delete.
10:47:58,415 [Thread-105] DEBUG org.activiti.engine.impl.db.DbSqlSession  - now executing flush...
10:47:58,415 [Thread-105] DEBUG org.activiti.engine.impl.cfg.standalone.StandaloneMybatisTransactionContext  - firing event committing...
10:47:58,415 [Thread-105] DEBUG org.activiti.engine.impl.cfg.standalone.StandaloneMybatisTransactionContext  - committing the ibatis sql session...
10:47:58,415 [Thread-105] DEBUG org.activiti.engine.impl.cfg.standalone.StandaloneMybatisTransactionContext  - firing event committed...
10:47:58,415 [Thread-105] DEBUG org.apache.ibatis.transaction.jdbc.JdbcTransaction  - Resetting autocommit to true on JDBC Connection [conn63: url=jdbc:h2:mem:activiti-AsyncExecutorTest user=SA]
10:47:58,415 [Thread-105] DEBUG org.apache.ibatis.transaction.jdbc.JdbcTransaction  - Closing JDBC Connection [conn63: url=jdbc:h2:mem:activiti-AsyncExecutorTest user=SA]
10:47:58,415 [Thread-105] DEBUG org.apache.ibatis.datasource.pooled.PooledDataSource  - Returned connection 1970103261 to pool.
10:47:58,415 [Thread-105] DEBUG org.activiti.engine.impl.interceptor.LogInterceptor  - --- AcquireTimerJobsCmd finished --------------------------------------------------------
10:47:58,415 [Thread-105] DEBUG org.activiti.engine.impl.interceptor.LogInterceptor  - 

10:47:58,415 [Thread-105] DEBUG org.activiti.engine.impl.asyncexecutor.AcquireTimerJobsRunnable  - timer job acquisition thread sleeping for 50 millis
10:47:58,458 [Thread-112] DEBUG org.activiti.engine.impl.asyncexecutor.AcquireAsyncJobsDueRunnable  - async job acquisition thread woke up
10:47:58,458 [Thread-112] DEBUG org.activiti.engine.impl.interceptor.LogInterceptor  - 

10:47:58,458 [Thread-112] DEBUG org.activiti.engine.impl.interceptor.LogInterceptor  - --- starting AcquireAsyncJobsDueCmd --------------------------------------------------------
10:47:58,458 [Thread-112] DEBUG org.apache.ibatis.transaction.jdbc.JdbcTransaction  - Opening JDBC Connection
10:47:58,458 [Thread-112] DEBUG org.apache.ibatis.datasource.pooled.PooledDataSource  - Checked out connection 58501658 from pool.
10:47:58,458 [Thread-112] DEBUG org.apache.ibatis.transaction.jdbc.JdbcTransaction  - Setting autocommit to false on JDBC Connection [conn68: url=jdbc:h2:mem:activiti-AsyncExecutorTest user=SA]
10:47:58,458 [Thread-112] DEBUG org.activiti.engine.impl.persistence.entity.JobEntity.selectAsyncJobsDueToExecute  - ==&gt;  Preparing: select RES.* from ACT_RU_JOB RES LEFT OUTER JOIN ACT_RU_EXECUTION PI ON PI.ID_ = RES.PROCESS_INSTANCE_ID_ where RES.RETRIES_ &gt; 0 and RES.DUEDATE_ is not null and RES.DUEDATE_ &lt;= ? and (RES.LOCK_EXP_TIME_ is null or RES.LOCK_EXP_TIME_ &lt;= ?) and TYPE_ = &apos;message&apos; and ( (RES.EXECUTION_ID_ is null) or (PI.SUSPENSION_STATE_ = 1) ) LIMIT ? OFFSET ? 
10:47:58,458 [Thread-112] DEBUG org.activiti.engine.impl.persistence.entity.JobEntity.selectAsyncJobsDueToExecute  - ==&gt; Parameters: 2023-03-20 10:48:50.669(Timestamp), 2023-03-20 10:48:50.669(Timestamp), 1(Integer), 0(Integer)
10:47:58,458 [Thread-112] DEBUG org.activiti.engine.impl.persistence.entity.JobEntity.selectAsyncJobsDueToExecute  - &lt;==      Total: 0
10:47:58,458 [Thread-112] DEBUG org.activiti.engine.impl.db.DbSqlSession  - flush summary: 0 insert, 0 update, 0 delete.
10:47:58,458 [Thread-112] DEBUG org.activiti.engine.impl.db.DbSqlSession  - now executing flush...
10:47:58,458 [Thread-112] DEBUG org.activiti.engine.impl.cfg.standalone.StandaloneMybatisTransactionContext  - firing event committing...
10:47:58,458 [Thread-112] DEBUG org.activiti.engine.impl.cfg.standalone.StandaloneMybatisTransactionContext  - committing the ibatis sql session...
10:47:58,458 [Thread-112] DEBUG org.activiti.engine.impl.cfg.standalone.StandaloneMybatisTransactionContext  - firing event committed...
10:47:58,458 [Thread-112] DEBUG org.apache.ibatis.transaction.jdbc.JdbcTransaction  - Resetting autocommit to true on JDBC Connection [conn68: url=jdbc:h2:mem:activiti-AsyncExecutorTest user=SA]
10:47:58,458 [Thread-112] DEBUG org.apache.ibatis.transaction.jdbc.JdbcTransaction  - Closing JDBC Connection [conn68: url=jdbc:h2:mem:activiti-AsyncExecutorTest user=SA]
10:47:58,458 [Thread-112] DEBUG org.apache.ibatis.datasource.pooled.PooledDataSource  - Returned connection 58501658 to pool.
10:47:58,458 [Thread-112] DEBUG org.activiti.engine.impl.interceptor.LogInterceptor  - --- AcquireAsyncJobsDueCmd finished --------------------------------------------------------
10:47:58,458 [Thread-112] DEBUG org.activiti.engine.impl.interceptor.LogInterceptor  - 

10:47:58,458 [Thread-112] DEBUG org.activiti.engine.impl.asyncexecutor.AcquireAsyncJobsDueRunnable  - async job acquisition thread sleeping for 50 millis
10:47:58,473 [Thread-106] DEBUG org.activiti.engine.impl.asyncexecutor.AcquireAsyncJobsDueRunnable  - async job acquisition thread woke up
10:47:58,473 [Thread-106] DEBUG org.activiti.engine.impl.interceptor.LogInterceptor  - 

10:47:58,473 [Thread-106] DEBUG org.activiti.engine.impl.interceptor.LogInterceptor  - --- starting AcquireAsyncJobsDueCmd --------------------------------------------------------
10:47:58,473 [Thread-103] DEBUG org.activiti.engine.impl.asyncexecutor.AcquireAsyncJobsDueRunnable  - async job acquisition thread woke up
10:47:58,473 [Thread-103] DEBUG org.activiti.engine.impl.interceptor.LogInterceptor  - 

10:47:58,473 [Thread-103] DEBUG org.activiti.engine.impl.interceptor.LogInterceptor  - --- starting AcquireAsyncJobsDueCmd --------------------------------------------------------
10:47:58,473 [Thread-103] DEBUG org.apache.ibatis.transaction.jdbc.JdbcTransaction  - Opening JDBC Connection
10:47:58,473 [Thread-103] DEBUG org.apache.ibatis.datasource.pooled.PooledDataSource  - Checked out connection 720039383 from pool.
10:47:58,473 [Thread-103] DEBUG org.apache.ibatis.transaction.jdbc.JdbcTransaction  - Setting autocommit to false on JDBC Connection [conn59: url=jdbc:h2:mem:activiti-AsyncExecutorTest user=SA]
10:47:58,473 [Thread-103] DEBUG org.activiti.engine.impl.persistence.entity.JobEntity.selectAsyncJobsDueToExecute  - ==&gt;  Preparing: select RES.* from ACT_RU_JOB RES LEFT OUTER JOIN ACT_RU_EXECUTION PI ON PI.ID_ = RES.PROCESS_INSTANCE_ID_ where RES.RETRIES_ &gt; 0 and RES.DUEDATE_ is not null and RES.DUEDATE_ &lt;= ? and (RES.LOCK_EXP_TIME_ is null or RES.LOCK_EXP_TIME_ &lt;= ?) and TYPE_ = &apos;message&apos; and ( (RES.EXECUTION_ID_ is null) or (PI.SUSPENSION_STATE_ = 1) ) LIMIT ? OFFSET ? 
10:47:58,473 [Thread-103] DEBUG org.activiti.engine.impl.persistence.entity.JobEntity.selectAsyncJobsDueToExecute  - ==&gt; Parameters: 2023-03-20 10:48:50.669(Timestamp), 2023-03-20 10:48:50.669(Timestamp), 1(Integer), 0(Integer)
10:47:58,473 [Thread-103] DEBUG org.activiti.engine.impl.persistence.entity.JobEntity.selectAsyncJobsDueToExecute  - &lt;==      Total: 0
10:47:58,473 [Thread-103] DEBUG org.activiti.engine.impl.db.DbSqlSession  - flush summary: 0 insert, 0 update, 0 delete.
10:47:58,473 [Thread-103] DEBUG org.activiti.engine.impl.db.DbSqlSession  - now executing flush...
10:47:58,473 [Thread-103] DEBUG org.activiti.engine.impl.cfg.standalone.StandaloneMybatisTransactionContext  - firing event committing...
10:47:58,473 [Thread-103] DEBUG org.activiti.engine.impl.cfg.standalone.StandaloneMybatisTransactionContext  - committing the ibatis sql session...
10:47:58,473 [Thread-103] DEBUG org.activiti.engine.impl.cfg.standalone.StandaloneMybatisTransactionContext  - firing event committed...
10:47:58,473 [Thread-103] DEBUG org.apache.ibatis.transaction.jdbc.JdbcTransaction  - Resetting autocommit to true on JDBC Connection [conn59: url=jdbc:h2:mem:activiti-AsyncExecutorTest user=SA]
10:47:58,473 [Thread-103] DEBUG org.apache.ibatis.transaction.jdbc.JdbcTransaction  - Closing JDBC Connection [conn59: url=jdbc:h2:mem:activiti-AsyncExecutorTest user=SA]
10:47:58,473 [Thread-103] DEBUG org.apache.ibatis.datasource.pooled.PooledDataSource  - Returned connection 720039383 to pool.
10:47:58,473 [Thread-103] DEBUG org.activiti.engine.impl.interceptor.LogInterceptor  - --- AcquireAsyncJobsDueCmd finished --------------------------------------------------------
10:47:58,473 [Thread-103] DEBUG org.activiti.engine.impl.interceptor.LogInterceptor  - 

10:47:58,473 [Thread-102] DEBUG org.activiti.engine.impl.asyncexecutor.AcquireTimerJobsRunnable  - timer job acquisition thread woke up
10:47:58,473 [Thread-102] DEBUG org.activiti.engine.impl.interceptor.LogInterceptor  - 

10:47:58,473 [Thread-102] DEBUG org.activiti.engine.impl.interceptor.LogInterceptor  - --- starting AcquireTimerJobsCmd --------------------------------------------------------
10:47:58,473 [Thread-102] DEBUG org.apache.ibatis.transaction.jdbc.JdbcTransaction  - Opening JDBC Connection
10:47:58,473 [Thread-102] DEBUG org.apache.ibatis.datasource.pooled.PooledDataSource  - Checked out connection 33534803 from pool.
10:47:58,473 [Thread-105] DEBUG org.activiti.engine.impl.asyncexecutor.AcquireTimerJobsRunnable  - timer job acquisition thread woke up
10:47:58,474 [Thread-105] DEBUG org.activiti.engine.impl.interceptor.LogInterceptor  - 

10:47:58,474 [Thread-105] DEBUG org.activiti.engine.impl.interceptor.LogInterceptor  - --- starting AcquireTimerJobsCmd --------------------------------------------------------
10:47:58,474 [Thread-105] DEBUG org.apache.ibatis.transaction.jdbc.JdbcTransaction  - Opening JDBC Connection
10:47:58,474 [Thread-105] DEBUG org.apache.ibatis.datasource.pooled.PooledDataSource  - Checked out connection 54468349 from pool.
10:47:58,474 [Thread-105] DEBUG org.apache.ibatis.transaction.jdbc.JdbcTransaction  - Setting autocommit to false on JDBC Connection [conn64: url=jdbc:h2:mem:activiti-AsyncExecutorTest user=SA]
10:47:58,474 [Thread-105] DEBUG org.activiti.engine.impl.persistence.entity.JobEntity.selectNextTimerJobsToExecute  - ==&gt;  Preparing: select RES.* from ACT_RU_JOB RES LEFT OUTER JOIN ACT_RU_EXECUTION PI ON PI.ID_ = RES.PROCESS_INSTANCE_ID_ where (RES.RETRIES_ &gt; 0) and (RES.DUEDATE_ is null or RES.DUEDATE_ &lt;= ?) and (RES.LOCK_OWNER_ is null or RES.LOCK_EXP_TIME_ &lt;= ?) and TYPE_ = &apos;timer&apos; and ( (RES.EXECUTION_ID_ is null) or (PI.SUSPENSION_STATE_ = 1) ) LIMIT ? OFFSET ? 
10:47:58,474 [Thread-105] DEBUG org.activiti.engine.impl.persistence.entity.JobEntity.selectNextTimerJobsToExecute  - ==&gt; Parameters: 2023-03-20 10:48:50.669(Timestamp), 2023-03-20 10:48:50.669(Timestamp), 1(Integer), 0(Integer)
10:47:58,474 [Thread-105] DEBUG org.activiti.engine.impl.persistence.entity.JobEntity.selectNextTimerJobsToExecute  - &lt;==      Total: 0
10:47:58,474 [Thread-105] DEBUG org.activiti.engine.impl.db.DbSqlSession  - flush summary: 0 insert, 0 update, 0 delete.
10:47:58,474 [Thread-105] DEBUG org.activiti.engine.impl.db.DbSqlSession  - now executing flush...
10:47:58,474 [Thread-105] DEBUG org.activiti.engine.impl.cfg.standalone.StandaloneMybatisTransactionContext  - firing event committing...
10:47:58,474 [Thread-105] DEBUG org.activiti.engine.impl.cfg.standalone.StandaloneMybatisTransactionContext  - committing the ibatis sql session...
10:47:58,474 [Thread-105] DEBUG org.activiti.engine.impl.cfg.standalone.StandaloneMybatisTransactionContext  - firing event committed...
10:47:58,474 [Thread-105] DEBUG org.apache.ibatis.transaction.jdbc.JdbcTransaction  - Resetting autocommit to true on JDBC Connection [conn64: url=jdbc:h2:mem:activiti-AsyncExecutorTest user=SA]
10:47:58,474 [Thread-105] DEBUG org.apache.ibatis.transaction.jdbc.JdbcTransaction  - Closing JDBC Connection [conn64: url=jdbc:h2:mem:activiti-AsyncExecutorTest user=SA]
10:47:58,474 [Thread-105] DEBUG org.apache.ibatis.datasource.pooled.PooledDataSource  - Returned connection 54468349 to pool.
10:47:58,474 [Thread-105] DEBUG org.activiti.engine.impl.interceptor.LogInterceptor  - --- AcquireTimerJobsCmd finished --------------------------------------------------------
10:47:58,474 [Thread-105] DEBUG org.activiti.engine.impl.interceptor.LogInterceptor  - 

10:47:58,474 [Thread-105] DEBUG org.activiti.engine.impl.asyncexecutor.AcquireTimerJobsRunnable  - timer job acquisition thread sleeping for 50 millis
10:47:58,473 [Thread-111] DEBUG org.activiti.engine.impl.asyncexecutor.AcquireTimerJobsRunnable  - timer job acquisition thread woke up
10:47:58,474 [Thread-111] DEBUG org.activiti.engine.impl.interceptor.LogInterceptor  - 

10:47:58,474 [Thread-111] DEBUG org.activiti.engine.impl.interceptor.LogInterceptor  - --- starting AcquireTimerJobsCmd --------------------------------------------------------
10:47:58,474 [Thread-111] DEBUG org.apache.ibatis.transaction.jdbc.JdbcTransaction  - Opening JDBC Connection
10:47:58,474 [Thread-111] DEBUG org.apache.ibatis.datasource.pooled.PooledDataSource  - Checked out connection 1863805930 from pool.
10:47:58,474 [Thread-111] DEBUG org.apache.ibatis.transaction.jdbc.JdbcTransaction  - Setting autocommit to false on JDBC Connection [conn69: url=jdbc:h2:mem:activiti-AsyncExecutorTest user=SA]
10:47:58,474 [Thread-102] DEBUG org.apache.ibatis.transaction.jdbc.JdbcTransaction  - Setting autocommit to false on JDBC Connection [conn60: url=jdbc:h2:mem:activiti-AsyncExecutorTest user=SA]
10:47:58,474 [Thread-102] DEBUG org.activiti.engine.impl.persistence.entity.JobEntity.selectNextTimerJobsToExecute  - ==&gt;  Preparing: select RES.* from ACT_RU_JOB RES LEFT OUTER JOIN ACT_RU_EXECUTION PI ON PI.ID_ = RES.PROCESS_INSTANCE_ID_ where (RES.RETRIES_ &gt; 0) and (RES.DUEDATE_ is null or RES.DUEDATE_ &lt;= ?) and (RES.LOCK_OWNER_ is null or RES.LOCK_EXP_TIME_ &lt;= ?) and TYPE_ = &apos;timer&apos; and ( (RES.EXECUTION_ID_ is null) or (PI.SUSPENSION_STATE_ = 1) ) LIMIT ? OFFSET ? 
10:47:58,474 [Thread-102] DEBUG org.activiti.engine.impl.persistence.entity.JobEntity.selectNextTimerJobsToExecute  - ==&gt; Parameters: 2023-03-20 10:48:50.669(Timestamp), 2023-03-20 10:48:50.669(Timestamp), 1(Integer), 0(Integer)
10:47:58,473 [Thread-103] DEBUG org.activiti.engine.impl.asyncexecutor.AcquireAsyncJobsDueRunnable  - async job acquisition thread sleeping for 50 millis
10:47:58,473 [Thread-106] DEBUG org.apache.ibatis.transaction.jdbc.JdbcTransaction  - Opening JDBC Connection
10:47:58,474 [Thread-106] DEBUG org.apache.ibatis.datasource.pooled.PooledDataSource  - Checked out connection 996762054 from pool.
10:47:58,475 [Thread-106] DEBUG org.apache.ibatis.transaction.jdbc.JdbcTransaction  - Setting autocommit to false on JDBC Connection [conn65: url=jdbc:h2:mem:activiti-AsyncExecutorTest user=SA]
10:47:58,474 [Thread-102] DEBUG org.activiti.engine.impl.persistence.entity.JobEntity.selectNextTimerJobsToExecute  - &lt;==      Total: 0
10:47:58,475 [Thread-102] DEBUG org.activiti.engine.impl.db.DbSqlSession  - flush summary: 0 insert, 0 update, 0 delete.
10:47:58,475 [Thread-102] DEBUG org.activiti.engine.impl.db.DbSqlSession  - now executing flush...
10:47:58,475 [Thread-102] DEBUG org.activiti.engine.impl.cfg.standalone.StandaloneMybatisTransactionContext  - firing event committing...
10:47:58,474 [Thread-111] DEBUG org.activiti.engine.impl.persistence.entity.JobEntity.selectNextTimerJobsToExecute  - ==&gt;  Preparing: select RES.* from ACT_RU_JOB RES LEFT OUTER JOIN ACT_RU_EXECUTION PI ON PI.ID_ = RES.PROCESS_INSTANCE_ID_ where (RES.RETRIES_ &gt; 0) and (RES.DUEDATE_ is null or RES.DUEDATE_ &lt;= ?) and (RES.LOCK_OWNER_ is null or RES.LOCK_EXP_TIME_ &lt;= ?) and TYPE_ = &apos;timer&apos; and ( (RES.EXECUTION_ID_ is null) or (PI.SUSPENSION_STATE_ = 1) ) LIMIT ? OFFSET ? 
10:47:58,475 [Thread-111] DEBUG org.activiti.engine.impl.persistence.entity.JobEntity.selectNextTimerJobsToExecute  - ==&gt; Parameters: 2023-03-20 10:48:50.669(Timestamp), 2023-03-20 10:48:50.669(Timestamp), 1(Integer), 0(Integer)
10:47:58,475 [Thread-102] DEBUG org.activiti.engine.impl.cfg.standalone.StandaloneMybatisTransactionContext  - committing the ibatis sql session...
10:47:58,475 [Thread-102] DEBUG org.activiti.engine.impl.cfg.standalone.StandaloneMybatisTransactionContext  - firing event committed...
10:47:58,475 [Thread-102] DEBUG org.apache.ibatis.transaction.jdbc.JdbcTransaction  - Resetting autocommit to true on JDBC Connection [conn60: url=jdbc:h2:mem:activiti-AsyncExecutorTest user=SA]
10:47:58,475 [Thread-102] DEBUG org.apache.ibatis.transaction.jdbc.JdbcTransaction  - Closing JDBC Connection [conn60: url=jdbc:h2:mem:activiti-AsyncExecutorTest user=SA]
10:47:58,475 [Thread-102] DEBUG org.apache.ibatis.datasource.pooled.PooledDataSource  - Returned connection 33534803 to pool.
10:47:58,475 [Thread-102] DEBUG org.activiti.engine.impl.interceptor.LogInterceptor  - --- AcquireTimerJobsCmd finished --------------------------------------------------------
10:47:58,475 [Thread-102] DEBUG org.activiti.engine.impl.interceptor.LogInterceptor  - 

10:47:58,475 [Thread-102] DEBUG org.activiti.engine.impl.asyncexecutor.AcquireTimerJobsRunnable  - timer job acquisition thread sleeping for 50 millis
10:47:58,475 [Thread-106] DEBUG org.activiti.engine.impl.persistence.entity.JobEntity.selectAsyncJobsDueToExecute  - ==&gt;  Preparing: select RES.* from ACT_RU_JOB RES LEFT OUTER JOIN ACT_RU_EXECUTION PI ON PI.ID_ = RES.PROCESS_INSTANCE_ID_ where RES.RETRIES_ &gt; 0 and RES.DUEDATE_ is not null and RES.DUEDATE_ &lt;= ? and (RES.LOCK_EXP_TIME_ is null or RES.LOCK_EXP_TIME_ &lt;= ?) and TYPE_ = &apos;message&apos; and ( (RES.EXECUTION_ID_ is null) or (PI.SUSPENSION_STATE_ = 1) ) LIMIT ? OFFSET ? 
10:47:58,475 [Thread-106] DEBUG org.activiti.engine.impl.persistence.entity.JobEntity.selectAsyncJobsDueToExecute  - ==&gt; Parameters: 2023-03-20 10:48:50.669(Timestamp), 2023-03-20 10:48:50.669(Timestamp), 1(Integer), 0(Integer)
10:47:58,475 [Thread-106] DEBUG org.activiti.engine.impl.persistence.entity.JobEntity.selectAsyncJobsDueToExecute  - &lt;==      Total: 0
10:47:58,475 [Thread-106] DEBUG org.activiti.engine.impl.db.DbSqlSession  - flush summary: 0 insert, 0 update, 0 delete.
10:47:58,475 [Thread-106] DEBUG org.activiti.engine.impl.db.DbSqlSession  - now executing flush...
10:47:58,475 [Thread-106] DEBUG org.activiti.engine.impl.cfg.standalone.StandaloneMybatisTransactionContext  - firing event committing...
10:47:58,475 [Thread-106] DEBUG org.activiti.engine.impl.cfg.standalone.StandaloneMybatisTransactionContext  - committing the ibatis sql session...
10:47:58,475 [Thread-111] DEBUG org.activiti.engine.impl.persistence.entity.JobEntity.selectNextTimerJobsToExecute  - &lt;==      Total: 0
10:47:58,475 [Thread-111] DEBUG org.activiti.engine.impl.db.DbSqlSession  - flush summary: 0 insert, 0 update, 0 delete.
10:47:58,475 [Thread-111] DEBUG org.activiti.engine.impl.db.DbSqlSession  - now executing flush...
10:47:58,475 [Thread-111] DEBUG org.activiti.engine.impl.cfg.standalone.StandaloneMybatisTransactionContext  - firing event committing...
10:47:58,475 [Thread-111] DEBUG org.activiti.engine.impl.cfg.standalone.StandaloneMybatisTransactionContext  - committing the ibatis sql session...
10:47:58,475 [Thread-111] DEBUG org.activiti.engine.impl.cfg.standalone.StandaloneMybatisTransactionContext  - firing event committed...
10:47:58,475 [Thread-111] DEBUG org.apache.ibatis.transaction.jdbc.JdbcTransaction  - Resetting autocommit to true on JDBC Connection [conn69: url=jdbc:h2:mem:activiti-AsyncExecutorTest user=SA]
10:47:58,475 [Thread-111] DEBUG org.apache.ibatis.transaction.jdbc.JdbcTransaction  - Closing JDBC Connection [conn69: url=jdbc:h2:mem:activiti-AsyncExecutorTest user=SA]
10:47:58,475 [Thread-111] DEBUG org.apache.ibatis.datasource.pooled.PooledDataSource  - Returned connection 1863805930 to pool.
10:47:58,475 [Thread-111] DEBUG org.activiti.engine.impl.interceptor.LogInterceptor  - --- AcquireTimerJobsCmd finished --------------------------------------------------------
10:47:58,475 [Thread-111] DEBUG org.activiti.engine.impl.interceptor.LogInterceptor  - 

10:47:58,475 [Thread-111] DEBUG org.activiti.engine.impl.asyncexecutor.AcquireTimerJobsRunnable  - timer job acquisition thread sleeping for 50 millis
10:47:58,475 [Thread-106] DEBUG org.activiti.engine.impl.cfg.standalone.StandaloneMybatisTransactionContext  - firing event committed...
10:47:58,475 [Thread-106] DEBUG org.apache.ibatis.transaction.jdbc.JdbcTransaction  - Resetting autocommit to true on JDBC Connection [conn65: url=jdbc:h2:mem:activiti-AsyncExecutorTest user=SA]
10:47:58,475 [Thread-106] DEBUG org.apache.ibatis.transaction.jdbc.JdbcTransaction  - Closing JDBC Connection [conn65: url=jdbc:h2:mem:activiti-AsyncExecutorTest user=SA]
10:47:58,475 [Thread-106] DEBUG org.apache.ibatis.datasource.pooled.PooledDataSource  - Returned connection 996762054 to pool.
10:47:58,475 [Thread-106] DEBUG org.activiti.engine.impl.interceptor.LogInterceptor  - --- AcquireAsyncJobsDueCmd finished --------------------------------------------------------
10:47:58,475 [Thread-106] DEBUG org.activiti.engine.impl.interceptor.LogInterceptor  - 

10:47:58,475 [Thread-106] DEBUG org.activiti.engine.impl.asyncexecutor.AcquireAsyncJobsDueRunnable  - async job acquisition thread sleeping for 50 millis
10:47:58,521 [Thread-112] DEBUG org.activiti.engine.impl.asyncexecutor.AcquireAsyncJobsDueRunnable  - async job acquisition thread woke up
10:47:58,521 [Thread-112] DEBUG org.activiti.engine.impl.interceptor.LogInterceptor  - 

10:47:58,521 [main] DEBUG org.activiti.engine.impl.interceptor.LogInterceptor  - 

10:47:58,521 [main] DEBUG org.activiti.engine.impl.interceptor.LogInterceptor  - --- starting JobQueryImpl --------------------------------------------------------
10:47:58,521 [Thread-112] DEBUG org.activiti.engine.impl.interceptor.LogInterceptor  - --- starting AcquireAsyncJobsDueCmd --------------------------------------------------------
10:47:58,521 [main] DEBUG org.apache.ibatis.transaction.jdbc.JdbcTransaction  - Opening JDBC Connection
10:47:58,521 [main] DEBUG org.apache.ibatis.datasource.pooled.PooledDataSource  - Checked out connection 363509958 from pool.
10:47:58,521 [Thread-112] DEBUG org.apache.ibatis.transaction.jdbc.JdbcTransaction  - Opening JDBC Connection
10:47:58,521 [Thread-112] DEBUG org.apache.ibatis.datasource.pooled.PooledDataSource  - Checked out connection 604408605 from pool.
10:47:58,521 [Thread-112] DEBUG org.apache.ibatis.transaction.jdbc.JdbcTransaction  - Setting autocommit to false on JDBC Connection [conn70: url=jdbc:h2:mem:activiti-AsyncExecutorTest user=SA]
10:47:58,521 [main] DEBUG org.apache.ibatis.transaction.jdbc.JdbcTransaction  - Setting autocommit to false on JDBC Connection [conn2: url=jdbc:h2:mem:activiti user=SA]
10:47:58,521 [main] DEBUG org.activiti.engine.impl.persistence.entity.JobEntity.selectJobByQueryCriteria  - ==&gt;  Preparing: select RES.* from ACT_RU_JOB RES order by order by RES.ID_ asc LIMIT ? OFFSET ? 
10:47:58,521 [Thread-112] DEBUG org.activiti.engine.impl.persistence.entity.JobEntity.selectAsyncJobsDueToExecute  - ==&gt;  Preparing: select RES.* from ACT_RU_JOB RES LEFT OUTER JOIN ACT_RU_EXECUTION PI ON PI.ID_ = RES.PROCESS_INSTANCE_ID_ where RES.RETRIES_ &gt; 0 and RES.DUEDATE_ is not null and RES.DUEDATE_ &lt;= ? and (RES.LOCK_EXP_TIME_ is null or RES.LOCK_EXP_TIME_ &lt;= ?) and TYPE_ = &apos;message&apos; and ( (RES.EXECUTION_ID_ is null) or (PI.SUSPENSION_STATE_ = 1) ) LIMIT ? OFFSET ? 
10:47:58,521 [Thread-112] DEBUG org.activiti.engine.impl.persistence.entity.JobEntity.selectAsyncJobsDueToExecute  - ==&gt; Parameters: 2023-03-20 10:48:50.669(Timestamp), 2023-03-20 10:48:50.669(Timestamp), 1(Integer), 0(Integer)
10:47:58,521 [main] DEBUG org.activiti.engine.impl.interceptor.CommandContext  - Error while closing command context
org.apache.ibatis.exceptions.PersistenceException: 
### Error querying database.  Cause: org.h2.jdbc.JdbcSQLException: Syntax error in SQL statement &quot;SELECT RES.* 
     
    FROM ACT_RU_JOB RES
     
      
   
     ORDER BY  ORDER[*] BY RES.ID_ ASC  
    LIMIT ? OFFSET ? &quot;; expected &quot;=, NOT, EXISTS, INTERSECTS, SELECT, FROM&quot;; SQL statement:
select RES.* 
     
    from ACT_RU_JOB RES
     
      
   
     order by  order by RES.ID_ asc  
    LIMIT ? OFFSET ? [42001-176]
### The error may exist in org/activiti/db/mapping/entity/Job.xml
### The error may involve org.activiti.engine.impl.persistence.entity.JobEntity.selectJobByQueryCriteria
### The error occurred while executing a query
### SQL: select RES.*            from ACT_RU_JOB RES                       order by  order by RES.ID_ asc       LIMIT ? OFFSET ?
### Cause: org.h2.jdbc.JdbcSQLException: Syntax error in SQL statement &quot;SELECT RES.* 
     
    FROM ACT_RU_JOB RES
     
      
   
     ORDER BY  ORDER[*] BY RES.ID_ ASC  
    LIMIT ? OFFSET ? &quot;; expected &quot;=, NOT, EXISTS, INTERSECTS, SELECT, FROM&quot;; SQL statement:
select RES.* 
     
    from ACT_RU_JOB RES
     
      
   
     order by  order by RES.ID_ asc  
    LIMIT ? OFFSET ? [42001-176]
	at org.apache.ibatis.exceptions.ExceptionFactory.wrapException(ExceptionFactory.java:30)
	at org.apache.ibatis.session.defaults.DefaultSqlSession.selectList(DefaultSqlSession.java:122)
	at org.apache.ibatis.session.defaults.DefaultSqlSession.selectList(DefaultSqlSession.java:113)
	at org.activiti.engine.impl.db.DbSqlSession.selectListWithRawParameter(DbSqlSession.java:438)
	at org.activiti.engine.impl.db.DbSqlSession.selectList(DbSqlSession.java:429)
	at org.activiti.engine.impl.db.DbSqlSession.selectList(DbSqlSession.java:419)
	at org.activiti.engine.impl.persistence.entity.JobEntityManager.findJobsByQueryCriteria(JobEntityManager.java:198)
	at org.activiti.engine.impl.JobQueryImpl.executeList(JobQueryImpl.java:243)
	at org.activiti.engine.impl.AbstractQuery.execute(AbstractQuery.java:164)
	at org.activiti.engine.impl.interceptor.CommandInvoker.execute(CommandInvoker.java:24)
	at org.activiti.engine.impl.interceptor.CommandContextInterceptor.execute(CommandContextInterceptor.java:57)
	at org.activiti.engine.impl.interceptor.LogInterceptor.execute(LogInterceptor.java:37)
	at org.activiti.engine.impl.cfg.CommandExecutorImpl.execute(CommandExecutorImpl.java:40)
	at org.activiti.engine.impl.cfg.CommandExecutorImpl.execute(CommandExecutorImpl.java:35)
	at org.activiti.engine.impl.AbstractQuery.list(AbstractQuery.java:138)
	at org.activiti.engine.impl.test.JobTestHelper.areJobsAvailable(JobTestHelper.java:194)
	at org.activiti.engine.impl.test.JobTestHelper.waitForJobExecutorToProcessAllJobs(JobTestHelper.java:74)
	at org.activiti.engine.impl.test.JobTestHelper.waitForJobExecutorToProcessAllJobs(JobTestHelper.java:47)
	at org.activiti.engine.impl.test.AbstractActivitiTestCase.waitForJobExecutorToProcessAllJobs(AbstractActivitiTestCase.java:204)
	at org.activiti.engine.test.jobexecutor.JobExecutorTest.testBasicJobExecutorOperation(JobExecutorTest.java:53)
	at sun.reflect.NativeMethodAccessorImpl.invoke0(Native Method)
	at sun.reflect.NativeMethodAccessorImpl.invoke(NativeMethodAccessorImpl.java:62)
	at sun.reflect.DelegatingMethodAccessorImpl.invoke(DelegatingMethodAccessorImpl.java:43)
	at java.lang.reflect.Method.invoke(Method.java:498)
	at junit.framework.TestCase.runTest(TestCase.java:176)
	at org.activiti.engine.impl.test.PvmTestCase.runTest(PvmTestCase.java:65)
	at junit.framework.TestCase.runBare(TestCase.java:141)
	at org.activiti.engine.impl.test.AbstractActivitiTestCase.runBare(AbstractActivitiTestCase.java:100)
	at junit.framework.TestResult$1.protect(TestResult.java:122)
	at junit.framework.TestResult.runProtected(TestResult.java:142)
	at junit.framework.TestResult.run(TestResult.java:125)
	at junit.framework.TestCase.run(TestCase.java:129)
	at junit.framework.TestSuite.runTest(TestSuite.java:255)
	at junit.framework.TestSuite.run(TestSuite.java:250)
	at org.junit.internal.runners.JUnit38ClassRunner.run(JUnit38ClassRunner.java:84)
	at org.apache.maven.surefire.junit4.JUnit4TestSet.execute(JUnit4TestSet.java:35)
	at org.apache.maven.surefire.junit4.JUnit4Provider.executeTestSet(JUnit4Provider.java:146)
	at org.apache.maven.surefire.junit4.JUnit4Provider.invoke(JUnit4Provider.java:97)
	at sun.reflect.NativeMethodAccessorImpl.invoke0(Native Method)
	at sun.reflect.NativeMethodAccessorImpl.invoke(NativeMethodAccessorImpl.java:62)
	at sun.reflect.DelegatingMethodAccessorImpl.invoke(DelegatingMethodAccessorImpl.java:43)
	at java.lang.reflect.Method.invoke(Method.java:498)
	at org.apache.maven.surefire.booter.ProviderFactory$ClassLoaderProxy.invoke(ProviderFactory.java:103)
	at com.sun.proxy.$Proxy0.invoke(Unknown Source)
	at org.apache.maven.surefire.booter.SurefireStarter.invokeProvider(SurefireStarter.java:145)
	at org.apache.maven.surefire.booter.SurefireStarter.runSuitesInProcess(SurefireStarter.java:87)
	at org.apache.maven.surefire.booter.ForkedBooter.main(ForkedBooter.java:69)
Caused by: org.h2.jdbc.JdbcSQLException: Syntax error in SQL statement &quot;SELECT RES.* 
     
    FROM ACT_RU_JOB RES
     
      
   
     ORDER BY  ORDER[*] BY RES.ID_ ASC  
    LIMIT ? OFFSET ? &quot;; expected &quot;=, NOT, EXISTS, INTERSECTS, SELECT, FROM&quot;; SQL statement:
select RES.* 
     
    from ACT_RU_JOB RES
     
      
   
     order by  order by RES.ID_ asc  
    LIMIT ? OFFSET ? [42001-176]
	at org.h2.message.DbException.getJdbcSQLException(DbException.java:344)
	at org.h2.message.DbException.getSyntaxError(DbException.java:204)
	at org.h2.command.Parser.getSyntaxError(Parser.java:524)
	at org.h2.command.Parser.readTerm(Parser.java:2688)
	at org.h2.command.Parser.readFactor(Parser.java:2244)
	at org.h2.command.Parser.readSum(Parser.java:2231)
	at org.h2.command.Parser.readConcat(Parser.java:2201)
	at org.h2.command.Parser.readCondition(Parser.java:2051)
	at org.h2.command.Parser.readAnd(Parser.java:2023)
	at org.h2.command.Parser.readExpression(Parser.java:2015)
	at org.h2.command.Parser.parseEndOfQuery(Parser.java:1726)
	at org.h2.command.Parser.parseSelectUnionExtension(Parser.java:1706)
	at org.h2.command.Parser.parseSelectUnion(Parser.java:1675)
	at org.h2.command.Parser.parseSelect(Parser.java:1662)
	at org.h2.command.Parser.parsePrepared(Parser.java:434)
	at org.h2.command.Parser.parse(Parser.java:306)
	at org.h2.command.Parser.parse(Parser.java:282)
	at org.h2.command.Parser.prepareCommand(Parser.java:243)
	at org.h2.engine.Session.prepareLocal(Session.java:442)
	at org.h2.engine.Session.prepareCommand(Session.java:384)
	at org.h2.jdbc.JdbcConnection.prepareCommand(JdbcConnection.java:1188)
	at org.h2.jdbc.JdbcPreparedStatement.&lt;init&gt;(JdbcPreparedStatement.java:73)
	at org.h2.jdbc.JdbcConnection.prepareStatement(JdbcConnection.java:276)
	at sun.reflect.GeneratedMethodAccessor6.invoke(Unknown Source)
	at sun.reflect.DelegatingMethodAccessorImpl.invoke(DelegatingMethodAccessorImpl.java:43)
	at java.lang.reflect.Method.invoke(Method.java:498)
	at org.apache.ibatis.datasource.pooled.PooledConnection.invoke(PooledConnection.java:245)
	at com.sun.proxy.$Proxy12.prepareStatement(Unknown Source)
	at sun.reflect.GeneratedMethodAccessor6.invoke(Unknown Source)
	at sun.reflect.DelegatingMethodAccessorImpl.invoke(DelegatingMethodAccessorImpl.java:43)
	at java.lang.reflect.Method.invoke(Method.java:498)
	at org.apache.ibatis.logging.jdbc.ConnectionLogger.invoke(ConnectionLogger.java:55)
	at com.sun.proxy.$Proxy12.prepareStatement(Unknown Source)
	at org.apache.ibatis.executor.statement.PreparedStatementHandler.instantiateStatement(PreparedStatementHandler.java:79)
	at org.apache.ibatis.executor.statement.BaseStatementHandler.prepare(BaseStatementHandler.java:88)
	at org.apache.ibatis.executor.statement.RoutingStatementHandler.prepare(RoutingStatementHandler.java:58)
	at org.apache.ibatis.executor.SimpleExecutor.prepareStatement(SimpleExecutor.java:76)
	at org.apache.ibatis.executor.SimpleExecutor.doQuery(SimpleExecutor.java:61)
	at org.apache.ibatis.executor.BaseExecutor.queryFromDatabase(BaseExecutor.java:303)
	at org.apache.ibatis.executor.BaseExecutor.query(BaseExecutor.java:154)
	at org.apache.ibatis.executor.CachingExecutor.query(CachingExecutor.java:102)
	at org.apache.ibatis.executor.CachingExecutor.query(CachingExecutor.java:82)
	at org.apache.ibatis.session.defaults.DefaultSqlSession.selectList(DefaultSqlSession.java:120)
	... 45 more
10:47:58,522 [main] DEBUG org.activiti.engine.impl.cfg.standalone.StandaloneMybatisTransactionContext  - firing event rolling back...
10:47:58,522 [main] DEBUG org.activiti.engine.impl.cfg.standalone.StandaloneMybatisTransactionContext  - rolling back ibatis sql session...
10:47:58,522 [main] DEBUG org.activiti.engine.impl.cfg.standalone.StandaloneMybatisTransactionContext  - firing event rolled back...
10:47:58,522 [main] DEBUG org.apache.ibatis.transaction.jdbc.JdbcTransaction  - Resetting autocommit to true on JDBC Connection [conn2: url=jdbc:h2:mem:activiti user=SA]
10:47:58,521 [Thread-112] DEBUG org.activiti.engine.impl.persistence.entity.JobEntity.selectAsyncJobsDueToExecute  - &lt;==      Total: 0
10:47:58,522 [main] DEBUG org.apache.ibatis.transaction.jdbc.JdbcTransaction  - Closing JDBC Connection [conn2: url=jdbc:h2:mem:activiti user=SA]
10:47:58,522 [main] DEBUG org.apache.ibatis.datasource.pooled.PooledDataSource  - Returned connection 363509958 to pool.
10:47:58,522 [Thread-112] DEBUG org.activiti.engine.impl.db.DbSqlSession  - flush summary: 0 insert, 0 update, 0 delete.
10:47:58,522 [Thread-112] DEBUG org.activiti.engine.impl.db.DbSqlSession  - now executing flush...
10:47:58,522 [Thread-112] DEBUG org.activiti.engine.impl.cfg.standalone.StandaloneMybatisTransactionContext  - firing event committing...
10:47:58,522 [Thread-112] DEBUG org.activiti.engine.impl.cfg.standalone.StandaloneMybatisTransactionContext  - committing the ibatis sql session...
10:47:58,522 [Thread-112] DEBUG org.activiti.engine.impl.cfg.standalone.StandaloneMybatisTransactionContext  - firing event committed...
10:47:58,522 [Thread-112] DEBUG org.apache.ibatis.transaction.jdbc.JdbcTransaction  - Resetting autocommit to true on JDBC Connection [conn70: url=jdbc:h2:mem:activiti-AsyncExecutorTest user=SA]
10:47:58,522 [Thread-112] DEBUG org.apache.ibatis.transaction.jdbc.JdbcTransaction  - Closing JDBC Connection [conn70: url=jdbc:h2:mem:activiti-AsyncExecutorTest user=SA]
10:47:58,522 [Thread-112] DEBUG org.apache.ibatis.datasource.pooled.PooledDataSource  - Returned connection 604408605 to pool.
10:47:58,522 [Thread-112] DEBUG org.activiti.engine.impl.interceptor.LogInterceptor  - --- AcquireAsyncJobsDueCmd finished --------------------------------------------------------
10:47:58,522 [Thread-112] DEBUG org.activiti.engine.impl.interceptor.LogInterceptor  - 

10:47:58,522 [main] DEBUG org.activiti.engine.impl.interceptor.LogInterceptor  - --- JobQueryImpl finished --------------------------------------------------------
10:47:58,522 [main] DEBUG org.activiti.engine.impl.interceptor.LogInterceptor  - 

10:47:58,522 [Thread-112] DEBUG org.activiti.engine.impl.asyncexecutor.AcquireAsyncJobsDueRunnable  - async job acquisition thread sleeping for 50 millis
10:47:58,537 [Thread-106] DEBUG org.activiti.engine.impl.asyncexecutor.AcquireAsyncJobsDueRunnable  - async job acquisition thread woke up
10:47:58,537 [Thread-106] DEBUG org.activiti.engine.impl.interceptor.LogInterceptor  - 

10:47:58,537 [Thread-102] DEBUG org.activiti.engine.impl.asyncexecutor.AcquireTimerJobsRunnable  - timer job acquisition thread woke up
10:47:58,537 [Thread-102] DEBUG org.activiti.engine.impl.interceptor.LogInterceptor  - 

10:47:58,537 [Thread-102] DEBUG org.activiti.engine.impl.interceptor.LogInterceptor  - --- starting AcquireTimerJobsCmd --------------------------------------------------------
10:47:58,537 [Thread-103] DEBUG org.activiti.engine.impl.asyncexecutor.AcquireAsyncJobsDueRunnable  - async job acquisition thread woke up
10:47:58,537 [Thread-103] DEBUG org.activiti.engine.impl.interceptor.LogInterceptor  - 

10:47:58,537 [Thread-103] DEBUG org.activiti.engine.impl.interceptor.LogInterceptor  - --- starting AcquireAsyncJobsDueCmd --------------------------------------------------------
10:47:58,537 [Thread-105] DEBUG org.activiti.engine.impl.asyncexecutor.AcquireTimerJobsRunnable  - timer job acquisition thread woke up
10:47:58,537 [Thread-105] DEBUG org.activiti.engine.impl.interceptor.LogInterceptor  - 

10:47:58,537 [Thread-105] DEBUG org.activiti.engine.impl.interceptor.LogInterceptor  - --- starting AcquireTimerJobsCmd --------------------------------------------------------
10:47:58,537 [Thread-111] DEBUG org.activiti.engine.impl.asyncexecutor.AcquireTimerJobsRunnable  - timer job acquisition thread woke up
10:47:58,537 [Thread-111] DEBUG org.activiti.engine.impl.interceptor.LogInterceptor  - 

10:47:58,537 [Thread-111] DEBUG org.activiti.engine.impl.interceptor.LogInterceptor  - --- starting AcquireTimerJobsCmd --------------------------------------------------------
10:47:58,537 [Thread-105] DEBUG org.apache.ibatis.transaction.jdbc.JdbcTransaction  - Opening JDBC Connection
10:47:58,537 [Thread-103] DEBUG org.apache.ibatis.transaction.jdbc.JdbcTransaction  - Opening JDBC Connection
10:47:58,537 [Thread-103] DEBUG org.apache.ibatis.datasource.pooled.PooledDataSource  - Checked out connection 157985567 from pool.
10:47:58,537 [Thread-102] DEBUG org.apache.ibatis.transaction.jdbc.JdbcTransaction  - Opening JDBC Connection
10:47:58,537 [Thread-102] DEBUG org.apache.ibatis.datasource.pooled.PooledDataSource  - Checked out connection 720039383 from pool.
10:47:58,537 [Thread-102] DEBUG org.apache.ibatis.transaction.jdbc.JdbcTransaction  - Setting autocommit to false on JDBC Connection [conn59: url=jdbc:h2:mem:activiti-AsyncExecutorTest user=SA]
10:47:58,538 [Thread-102] DEBUG org.activiti.engine.impl.persistence.entity.JobEntity.selectNextTimerJobsToExecute  - ==&gt;  Preparing: select RES.* from ACT_RU_JOB RES LEFT OUTER JOIN ACT_RU_EXECUTION PI ON PI.ID_ = RES.PROCESS_INSTANCE_ID_ where (RES.RETRIES_ &gt; 0) and (RES.DUEDATE_ is null or RES.DUEDATE_ &lt;= ?) and (RES.LOCK_OWNER_ is null or RES.LOCK_EXP_TIME_ &lt;= ?) and TYPE_ = &apos;timer&apos; and ( (RES.EXECUTION_ID_ is null) or (PI.SUSPENSION_STATE_ = 1) ) LIMIT ? OFFSET ? 
10:47:58,537 [Thread-106] DEBUG org.activiti.engine.impl.interceptor.LogInterceptor  - --- starting AcquireAsyncJobsDueCmd --------------------------------------------------------
10:47:58,538 [Thread-102] DEBUG org.activiti.engine.impl.persistence.entity.JobEntity.selectNextTimerJobsToExecute  - ==&gt; Parameters: 2023-03-20 10:48:50.669(Timestamp), 2023-03-20 10:48:50.669(Timestamp), 1(Integer), 0(Integer)
10:47:58,537 [Thread-103] DEBUG org.apache.ibatis.transaction.jdbc.JdbcTransaction  - Setting autocommit to false on JDBC Connection [conn61: url=jdbc:h2:mem:activiti-AsyncExecutorTest user=SA]
10:47:58,537 [Thread-105] DEBUG org.apache.ibatis.datasource.pooled.PooledDataSource  - Checked out connection 1970103261 from pool.
10:47:58,538 [Thread-105] DEBUG org.apache.ibatis.transaction.jdbc.JdbcTransaction  - Setting autocommit to false on JDBC Connection [conn63: url=jdbc:h2:mem:activiti-AsyncExecutorTest user=SA]
10:47:58,537 [Thread-111] DEBUG org.apache.ibatis.transaction.jdbc.JdbcTransaction  - Opening JDBC Connection
10:47:58,538 [Thread-111] DEBUG org.apache.ibatis.datasource.pooled.PooledDataSource  - Checked out connection 58501658 from pool.
10:47:58,538 [Thread-111] DEBUG org.apache.ibatis.transaction.jdbc.JdbcTransaction  - Setting autocommit to false on JDBC Connection [conn68: url=jdbc:h2:mem:activiti-AsyncExecutorTest user=SA]
10:47:58,538 [Thread-111] DEBUG org.activiti.engine.impl.persistence.entity.JobEntity.selectNextTimerJobsToExecute  - ==&gt;  Preparing: select RES.* from ACT_RU_JOB RES LEFT OUTER JOIN ACT_RU_EXECUTION PI ON PI.ID_ = RES.PROCESS_INSTANCE_ID_ where (RES.RETRIES_ &gt; 0) and (RES.DUEDATE_ is null or RES.DUEDATE_ &lt;= ?) and (RES.LOCK_OWNER_ is null or RES.LOCK_EXP_TIME_ &lt;= ?) and TYPE_ = &apos;timer&apos; and ( (RES.EXECUTION_ID_ is null) or (PI.SUSPENSION_STATE_ = 1) ) LIMIT ? OFFSET ? 
10:47:58,538 [Thread-111] DEBUG org.activiti.engine.impl.persistence.entity.JobEntity.selectNextTimerJobsToExecute  - ==&gt; Parameters: 2023-03-20 10:48:50.669(Timestamp), 2023-03-20 10:48:50.669(Timestamp), 1(Integer), 0(Integer)
10:47:58,538 [Thread-105] DEBUG org.activiti.engine.impl.persistence.entity.JobEntity.selectNextTimerJobsToExecute  - ==&gt;  Preparing: select RES.* from ACT_RU_JOB RES LEFT OUTER JOIN ACT_RU_EXECUTION PI ON PI.ID_ = RES.PROCESS_INSTANCE_ID_ where (RES.RETRIES_ &gt; 0) and (RES.DUEDATE_ is null or RES.DUEDATE_ &lt;= ?) and (RES.LOCK_OWNER_ is null or RES.LOCK_EXP_TIME_ &lt;= ?) and TYPE_ = &apos;timer&apos; and ( (RES.EXECUTION_ID_ is null) or (PI.SUSPENSION_STATE_ = 1) ) LIMIT ? OFFSET ? 
10:47:58,538 [Thread-103] DEBUG org.activiti.engine.impl.persistence.entity.JobEntity.selectAsyncJobsDueToExecute  - ==&gt;  Preparing: select RES.* from ACT_RU_JOB RES LEFT OUTER JOIN ACT_RU_EXECUTION PI ON PI.ID_ = RES.PROCESS_INSTANCE_ID_ where RES.RETRIES_ &gt; 0 and RES.DUEDATE_ is not null and RES.DUEDATE_ &lt;= ? and (RES.LOCK_EXP_TIME_ is null or RES.LOCK_EXP_TIME_ &lt;= ?) and TYPE_ = &apos;message&apos; and ( (RES.EXECUTION_ID_ is null) or (PI.SUSPENSION_STATE_ = 1) ) LIMIT ? OFFSET ? 
10:47:58,538 [Thread-102] DEBUG org.activiti.engine.impl.persistence.entity.JobEntity.selectNextTimerJobsToExecute  - &lt;==      Total: 0
10:47:58,538 [Thread-102] DEBUG org.activiti.engine.impl.db.DbSqlSession  - flush summary: 0 insert, 0 update, 0 delete.
10:47:58,538 [Thread-102] DEBUG org.activiti.engine.impl.db.DbSqlSession  - now executing flush...
10:47:58,538 [Thread-106] DEBUG org.apache.ibatis.transaction.jdbc.JdbcTransaction  - Opening JDBC Connection
10:47:58,538 [Thread-106] DEBUG org.apache.ibatis.datasource.pooled.PooledDataSource  - Checked out connection 54468349 from pool.
10:47:58,538 [Thread-106] DEBUG org.apache.ibatis.transaction.jdbc.JdbcTransaction  - Setting autocommit to false on JDBC Connection [conn64: url=jdbc:h2:mem:activiti-AsyncExecutorTest user=SA]
10:47:58,538 [Thread-102] DEBUG org.activiti.engine.impl.cfg.standalone.StandaloneMybatisTransactionContext  - firing event committing...
10:47:58,538 [Thread-102] DEBUG org.activiti.engine.impl.cfg.standalone.StandaloneMybatisTransactionContext  - committing the ibatis sql session...
10:47:58,538 [Thread-102] DEBUG org.activiti.engine.impl.cfg.standalone.StandaloneMybatisTransactionContext  - firing event committed...
10:47:58,538 [Thread-102] DEBUG org.apache.ibatis.transaction.jdbc.JdbcTransaction  - Resetting autocommit to true on JDBC Connection [conn59: url=jdbc:h2:mem:activiti-AsyncExecutorTest user=SA]
10:47:58,539 [Thread-102] DEBUG org.apache.ibatis.transaction.jdbc.JdbcTransaction  - Closing JDBC Connection [conn59: url=jdbc:h2:mem:activiti-AsyncExecutorTest user=SA]
10:47:58,539 [Thread-102] DEBUG org.apache.ibatis.datasource.pooled.PooledDataSource  - Returned connection 720039383 to pool.
10:47:58,539 [Thread-102] DEBUG org.activiti.engine.impl.interceptor.LogInterceptor  - --- AcquireTimerJobsCmd finished --------------------------------------------------------
10:47:58,539 [Thread-102] DEBUG org.activiti.engine.impl.interceptor.LogInterceptor  - 

10:47:58,538 [Thread-103] DEBUG org.activiti.engine.impl.persistence.entity.JobEntity.selectAsyncJobsDueToExecute  - ==&gt; Parameters: 2023-03-20 10:48:50.669(Timestamp), 2023-03-20 10:48:50.669(Timestamp), 1(Integer), 0(Integer)
10:47:58,539 [Thread-103] DEBUG org.activiti.engine.impl.persistence.entity.JobEntity.selectAsyncJobsDueToExecute  - &lt;==      Total: 0
10:47:58,539 [Thread-103] DEBUG org.activiti.engine.impl.db.DbSqlSession  - flush summary: 0 insert, 0 update, 0 delete.
10:47:58,539 [Thread-103] DEBUG org.activiti.engine.impl.db.DbSqlSession  - now executing flush...
10:47:58,539 [Thread-103] DEBUG org.activiti.engine.impl.cfg.standalone.StandaloneMybatisTransactionContext  - firing event committing...
10:47:58,539 [Thread-103] DEBUG org.activiti.engine.impl.cfg.standalone.StandaloneMybatisTransactionContext  - committing the ibatis sql session...
10:47:58,539 [Thread-103] DEBUG org.activiti.engine.impl.cfg.standalone.StandaloneMybatisTransactionContext  - firing event committed...
10:47:58,539 [Thread-103] DEBUG org.apache.ibatis.transaction.jdbc.JdbcTransaction  - Resetting autocommit to true on JDBC Connection [conn61: url=jdbc:h2:mem:activiti-AsyncExecutorTest user=SA]
10:47:58,539 [Thread-103] DEBUG org.apache.ibatis.transaction.jdbc.JdbcTransaction  - Closing JDBC Connection [conn61: url=jdbc:h2:mem:activiti-AsyncExecutorTest user=SA]
10:47:58,539 [Thread-103] DEBUG org.apache.ibatis.datasource.pooled.PooledDataSource  - Returned connection 157985567 to pool.
10:47:58,539 [Thread-103] DEBUG org.activiti.engine.impl.interceptor.LogInterceptor  - --- AcquireAsyncJobsDueCmd finished --------------------------------------------------------
10:47:58,539 [Thread-103] DEBUG org.activiti.engine.impl.interceptor.LogInterceptor  - 

10:47:58,539 [Thread-103] DEBUG org.activiti.engine.impl.asyncexecutor.AcquireAsyncJobsDueRunnable  - async job acquisition thread sleeping for 50 millis
10:47:58,538 [Thread-105] DEBUG org.activiti.engine.impl.persistence.entity.JobEntity.selectNextTimerJobsToExecute  - ==&gt; Parameters: 2023-03-20 10:48:50.669(Timestamp), 2023-03-20 10:48:50.669(Timestamp), 1(Integer), 0(Integer)
10:47:58,539 [Thread-105] DEBUG org.activiti.engine.impl.persistence.entity.JobEntity.selectNextTimerJobsToExecute  - &lt;==      Total: 0
10:47:58,538 [Thread-111] DEBUG org.activiti.engine.impl.persistence.entity.JobEntity.selectNextTimerJobsToExecute  - &lt;==      Total: 0
10:47:58,539 [Thread-111] DEBUG org.activiti.engine.impl.db.DbSqlSession  - flush summary: 0 insert, 0 update, 0 delete.
10:47:58,539 [Thread-111] DEBUG org.activiti.engine.impl.db.DbSqlSession  - now executing flush...
10:47:58,539 [Thread-111] DEBUG org.activiti.engine.impl.cfg.standalone.StandaloneMybatisTransactionContext  - firing event committing...
10:47:58,539 [Thread-111] DEBUG org.activiti.engine.impl.cfg.standalone.StandaloneMybatisTransactionContext  - committing the ibatis sql session...
10:47:58,539 [Thread-111] DEBUG org.activiti.engine.impl.cfg.standalone.StandaloneMybatisTransactionContext  - firing event committed...
10:47:58,539 [Thread-111] DEBUG org.apache.ibatis.transaction.jdbc.JdbcTransaction  - Resetting autocommit to true on JDBC Connection [conn68: url=jdbc:h2:mem:activiti-AsyncExecutorTest user=SA]
10:47:58,539 [Thread-111] DEBUG org.apache.ibatis.transaction.jdbc.JdbcTransaction  - Closing JDBC Connection [conn68: url=jdbc:h2:mem:activiti-AsyncExecutorTest user=SA]
10:47:58,539 [Thread-111] DEBUG org.apache.ibatis.datasource.pooled.PooledDataSource  - Returned connection 58501658 to pool.
10:47:58,539 [Thread-111] DEBUG org.activiti.engine.impl.interceptor.LogInterceptor  - --- AcquireTimerJobsCmd finished --------------------------------------------------------
10:47:58,539 [Thread-111] DEBUG org.activiti.engine.impl.interceptor.LogInterceptor  - 

10:47:58,539 [Thread-111] DEBUG org.activiti.engine.impl.asyncexecutor.AcquireTimerJobsRunnable  - timer job acquisition thread sleeping for 50 millis
10:47:58,539 [Thread-105] DEBUG org.activiti.engine.impl.db.DbSqlSession  - flush summary: 0 insert, 0 update, 0 delete.
10:47:58,539 [Thread-105] DEBUG org.activiti.engine.impl.db.DbSqlSession  - now executing flush...
10:47:58,539 [Thread-105] DEBUG org.activiti.engine.impl.cfg.standalone.StandaloneMybatisTransactionContext  - firing event committing...
10:47:58,540 [Thread-105] DEBUG org.activiti.engine.impl.cfg.standalone.StandaloneMybatisTransactionContext  - committing the ibatis sql session...
10:47:58,540 [Thread-105] DEBUG org.activiti.engine.impl.cfg.standalone.StandaloneMybatisTransactionContext  - firing event committed...
10:47:58,540 [Thread-105] DEBUG org.apache.ibatis.transaction.jdbc.JdbcTransaction  - Resetting autocommit to true on JDBC Connection [conn63: url=jdbc:h2:mem:activiti-AsyncExecutorTest user=SA]
10:47:58,540 [Thread-105] DEBUG org.apache.ibatis.transaction.jdbc.JdbcTransaction  - Closing JDBC Connection [conn63: url=jdbc:h2:mem:activiti-AsyncExecutorTest user=SA]
10:47:58,540 [Thread-105] DEBUG org.apache.ibatis.datasource.pooled.PooledDataSource  - Returned connection 1970103261 to pool.
10:47:58,540 [Thread-105] DEBUG org.activiti.engine.impl.interceptor.LogInterceptor  - --- AcquireTimerJobsCmd finished --------------------------------------------------------
10:47:58,540 [Thread-105] DEBUG org.activiti.engine.impl.interceptor.LogInterceptor  - 

10:47:58,540 [Thread-105] DEBUG org.activiti.engine.impl.asyncexecutor.AcquireTimerJobsRunnable  - timer job acquisition thread sleeping for 50 millis
10:47:58,539 [Thread-102] DEBUG org.activiti.engine.impl.asyncexecutor.AcquireTimerJobsRunnable  - timer job acquisition thread sleeping for 50 millis
10:47:58,538 [Thread-106] DEBUG org.activiti.engine.impl.persistence.entity.JobEntity.selectAsyncJobsDueToExecute  - ==&gt;  Preparing: select RES.* from ACT_RU_JOB RES LEFT OUTER JOIN ACT_RU_EXECUTION PI ON PI.ID_ = RES.PROCESS_INSTANCE_ID_ where RES.RETRIES_ &gt; 0 and RES.DUEDATE_ is not null and RES.DUEDATE_ &lt;= ? and (RES.LOCK_EXP_TIME_ is null or RES.LOCK_EXP_TIME_ &lt;= ?) and TYPE_ = &apos;message&apos; and ( (RES.EXECUTION_ID_ is null) or (PI.SUSPENSION_STATE_ = 1) ) LIMIT ? OFFSET ? 
10:47:58,540 [Thread-106] DEBUG org.activiti.engine.impl.persistence.entity.JobEntity.selectAsyncJobsDueToExecute  - ==&gt; Parameters: 2023-03-20 10:48:50.669(Timestamp), 2023-03-20 10:48:50.669(Timestamp), 1(Integer), 0(Integer)
10:47:58,540 [Thread-106] DEBUG org.activiti.engine.impl.persistence.entity.JobEntity.selectAsyncJobsDueToExecute  - &lt;==      Total: 0
10:47:58,540 [Thread-106] DEBUG org.activiti.engine.impl.db.DbSqlSession  - flush summary: 0 insert, 0 update, 0 delete.
10:47:58,540 [Thread-106] DEBUG org.activiti.engine.impl.db.DbSqlSession  - now executing flush...
10:47:58,540 [Thread-106] DEBUG org.activiti.engine.impl.cfg.standalone.StandaloneMybatisTransactionContext  - firing event committing...
10:47:58,540 [Thread-106] DEBUG org.activiti.engine.impl.cfg.standalone.StandaloneMybatisTransactionContext  - committing the ibatis sql session...
10:47:58,540 [Thread-106] DEBUG org.activiti.engine.impl.cfg.standalone.StandaloneMybatisTransactionContext  - firing event committed...
10:47:58,540 [Thread-106] DEBUG org.apache.ibatis.transaction.jdbc.JdbcTransaction  - Resetting autocommit to true on JDBC Connection [conn64: url=jdbc:h2:mem:activiti-AsyncExecutorTest user=SA]
10:47:58,540 [Thread-106] DEBUG org.apache.ibatis.transaction.jdbc.JdbcTransaction  - Closing JDBC Connection [conn64: url=jdbc:h2:mem:activiti-AsyncExecutorTest user=SA]
10:47:58,540 [Thread-106] DEBUG org.apache.ibatis.datasource.pooled.PooledDataSource  - Returned connection 54468349 to pool.
10:47:58,540 [Thread-106] DEBUG org.activiti.engine.impl.interceptor.LogInterceptor  - --- AcquireAsyncJobsDueCmd finished --------------------------------------------------------
10:47:58,540 [Thread-106] DEBUG org.activiti.engine.impl.interceptor.LogInterceptor  - 

10:47:58,540 [Thread-106] DEBUG org.activiti.engine.impl.asyncexecutor.AcquireAsyncJobsDueRunnable  - async job acquisition thread sleeping for 50 millis
10:47:58,584 [Thread-112] DEBUG org.activiti.engine.impl.asyncexecutor.AcquireAsyncJobsDueRunnable  - async job acquisition thread woke up
10:47:58,584 [Thread-112] DEBUG org.activiti.engine.impl.interceptor.LogInterceptor  - 

10:47:58,584 [Thread-112] DEBUG org.activiti.engine.impl.interceptor.LogInterceptor  - --- starting AcquireAsyncJobsDueCmd --------------------------------------------------------
10:47:58,584 [Thread-112] DEBUG org.apache.ibatis.transaction.jdbc.JdbcTransaction  - Opening JDBC Connection
10:47:58,584 [Thread-112] DEBUG org.apache.ibatis.datasource.pooled.PooledDataSource  - Checked out connection 1863805930 from pool.
10:47:58,584 [Thread-112] DEBUG org.apache.ibatis.transaction.jdbc.JdbcTransaction  - Setting autocommit to false on JDBC Connection [conn69: url=jdbc:h2:mem:activiti-AsyncExecutorTest user=SA]
10:47:58,584 [Thread-112] DEBUG org.activiti.engine.impl.persistence.entity.JobEntity.selectAsyncJobsDueToExecute  - ==&gt;  Preparing: select RES.* from ACT_RU_JOB RES LEFT OUTER JOIN ACT_RU_EXECUTION PI ON PI.ID_ = RES.PROCESS_INSTANCE_ID_ where RES.RETRIES_ &gt; 0 and RES.DUEDATE_ is not null and RES.DUEDATE_ &lt;= ? and (RES.LOCK_EXP_TIME_ is null or RES.LOCK_EXP_TIME_ &lt;= ?) and TYPE_ = &apos;message&apos; and ( (RES.EXECUTION_ID_ is null) or (PI.SUSPENSION_STATE_ = 1) ) LIMIT ? OFFSET ? 
10:47:58,584 [Thread-112] DEBUG org.activiti.engine.impl.persistence.entity.JobEntity.selectAsyncJobsDueToExecute  - ==&gt; Parameters: 2023-03-20 10:48:50.669(Timestamp), 2023-03-20 10:48:50.669(Timestamp), 1(Integer), 0(Integer)
10:47:58,584 [Thread-112] DEBUG org.activiti.engine.impl.persistence.entity.JobEntity.selectAsyncJobsDueToExecute  - &lt;==      Total: 0
10:47:58,584 [Thread-112] DEBUG org.activiti.engine.impl.db.DbSqlSession  - flush summary: 0 insert, 0 update, 0 delete.
10:47:58,584 [Thread-112] DEBUG org.activiti.engine.impl.db.DbSqlSession  - now executing flush...
10:47:58,584 [Thread-112] DEBUG org.activiti.engine.impl.cfg.standalone.StandaloneMybatisTransactionContext  - firing event committing...
10:47:58,585 [Thread-112] DEBUG org.activiti.engine.impl.cfg.standalone.StandaloneMybatisTransactionContext  - committing the ibatis sql session...
10:47:58,585 [Thread-112] DEBUG org.activiti.engine.impl.cfg.standalone.StandaloneMybatisTransactionContext  - firing event committed...
10:47:58,585 [Thread-112] DEBUG org.apache.ibatis.transaction.jdbc.JdbcTransaction  - Resetting autocommit to true on JDBC Connection [conn69: url=jdbc:h2:mem:activiti-AsyncExecutorTest user=SA]
10:47:58,585 [Thread-112] DEBUG org.apache.ibatis.transaction.jdbc.JdbcTransaction  - Closing JDBC Connection [conn69: url=jdbc:h2:mem:activiti-AsyncExecutorTest user=SA]
10:47:58,585 [Thread-112] DEBUG org.apache.ibatis.datasource.pooled.PooledDataSource  - Returned connection 1863805930 to pool.
10:47:58,585 [Thread-112] DEBUG org.activiti.engine.impl.interceptor.LogInterceptor  - --- AcquireAsyncJobsDueCmd finished --------------------------------------------------------
10:47:58,585 [Thread-112] DEBUG org.activiti.engine.impl.interceptor.LogInterceptor  - 

10:47:58,585 [Thread-112] DEBUG org.activiti.engine.impl.asyncexecutor.AcquireAsyncJobsDueRunnable  - async job acquisition thread sleeping for 50 millis
10:47:58,600 [Thread-111] DEBUG org.activiti.engine.impl.asyncexecutor.AcquireTimerJobsRunnable  - timer job acquisition thread woke up
10:47:58,600 [Thread-111] DEBUG org.activiti.engine.impl.interceptor.LogInterceptor  - 

10:47:58,600 [Thread-111] DEBUG org.activiti.engine.impl.interceptor.LogInterceptor  - --- starting AcquireTimerJobsCmd --------------------------------------------------------
10:47:58,600 [Thread-111] DEBUG org.apache.ibatis.transaction.jdbc.JdbcTransaction  - Opening JDBC Connection
10:47:58,600 [Thread-111] DEBUG org.apache.ibatis.datasource.pooled.PooledDataSource  - Checked out connection 604408605 from pool.
10:47:58,600 [Thread-103] DEBUG org.activiti.engine.impl.asyncexecutor.AcquireAsyncJobsDueRunnable  - async job acquisition thread woke up
10:47:58,600 [Thread-103] DEBUG org.activiti.engine.impl.interceptor.LogInterceptor  - 

10:47:58,600 [Thread-103] DEBUG org.activiti.engine.impl.interceptor.LogInterceptor  - --- starting AcquireAsyncJobsDueCmd --------------------------------------------------------
10:47:58,600 [Thread-102] DEBUG org.activiti.engine.impl.asyncexecutor.AcquireTimerJobsRunnable  - timer job acquisition thread woke up
10:47:58,600 [Thread-102] DEBUG org.activiti.engine.impl.interceptor.LogInterceptor  - 

10:47:58,600 [Thread-102] DEBUG org.activiti.engine.impl.interceptor.LogInterceptor  - --- starting AcquireTimerJobsCmd --------------------------------------------------------
10:47:58,600 [Thread-102] DEBUG org.apache.ibatis.transaction.jdbc.JdbcTransaction  - Opening JDBC Connection
10:47:58,600 [Thread-102] DEBUG org.apache.ibatis.datasource.pooled.PooledDataSource  - Checked out connection 33534803 from pool.
10:47:58,600 [Thread-102] DEBUG org.apache.ibatis.transaction.jdbc.JdbcTransaction  - Setting autocommit to false on JDBC Connection [conn60: url=jdbc:h2:mem:activiti-AsyncExecutorTest user=SA]
10:47:58,600 [Thread-102] DEBUG org.activiti.engine.impl.persistence.entity.JobEntity.selectNextTimerJobsToExecute  - ==&gt;  Preparing: select RES.* from ACT_RU_JOB RES LEFT OUTER JOIN ACT_RU_EXECUTION PI ON PI.ID_ = RES.PROCESS_INSTANCE_ID_ where (RES.RETRIES_ &gt; 0) and (RES.DUEDATE_ is null or RES.DUEDATE_ &lt;= ?) and (RES.LOCK_OWNER_ is null or RES.LOCK_EXP_TIME_ &lt;= ?) and TYPE_ = &apos;timer&apos; and ( (RES.EXECUTION_ID_ is null) or (PI.SUSPENSION_STATE_ = 1) ) LIMIT ? OFFSET ? 
10:47:58,600 [Thread-102] DEBUG org.activiti.engine.impl.persistence.entity.JobEntity.selectNextTimerJobsToExecute  - ==&gt; Parameters: 2023-03-20 10:48:50.669(Timestamp), 2023-03-20 10:48:50.669(Timestamp), 1(Integer), 0(Integer)
10:47:58,600 [Thread-102] DEBUG org.activiti.engine.impl.persistence.entity.JobEntity.selectNextTimerJobsToExecute  - &lt;==      Total: 0
10:47:58,600 [Thread-102] DEBUG org.activiti.engine.impl.db.DbSqlSession  - flush summary: 0 insert, 0 update, 0 delete.
10:47:58,601 [Thread-102] DEBUG org.activiti.engine.impl.db.DbSqlSession  - now executing flush...
10:47:58,601 [Thread-102] DEBUG org.activiti.engine.impl.cfg.standalone.StandaloneMybatisTransactionContext  - firing event committing...
10:47:58,601 [Thread-102] DEBUG org.activiti.engine.impl.cfg.standalone.StandaloneMybatisTransactionContext  - committing the ibatis sql session...
10:47:58,601 [Thread-102] DEBUG org.activiti.engine.impl.cfg.standalone.StandaloneMybatisTransactionContext  - firing event committed...
10:47:58,601 [Thread-102] DEBUG org.apache.ibatis.transaction.jdbc.JdbcTransaction  - Resetting autocommit to true on JDBC Connection [conn60: url=jdbc:h2:mem:activiti-AsyncExecutorTest user=SA]
10:47:58,601 [Thread-102] DEBUG org.apache.ibatis.transaction.jdbc.JdbcTransaction  - Closing JDBC Connection [conn60: url=jdbc:h2:mem:activiti-AsyncExecutorTest user=SA]
10:47:58,601 [Thread-102] DEBUG org.apache.ibatis.datasource.pooled.PooledDataSource  - Returned connection 33534803 to pool.
10:47:58,600 [Thread-105] DEBUG org.activiti.engine.impl.asyncexecutor.AcquireTimerJobsRunnable  - timer job acquisition thread woke up
10:47:58,601 [Thread-105] DEBUG org.activiti.engine.impl.interceptor.LogInterceptor  - 

10:47:58,601 [Thread-105] DEBUG org.activiti.engine.impl.interceptor.LogInterceptor  - --- starting AcquireTimerJobsCmd --------------------------------------------------------
10:47:58,601 [Thread-105] DEBUG org.apache.ibatis.transaction.jdbc.JdbcTransaction  - Opening JDBC Connection
10:47:58,601 [Thread-105] DEBUG org.apache.ibatis.datasource.pooled.PooledDataSource  - Checked out connection 996762054 from pool.
10:47:58,601 [Thread-105] DEBUG org.apache.ibatis.transaction.jdbc.JdbcTransaction  - Setting autocommit to false on JDBC Connection [conn65: url=jdbc:h2:mem:activiti-AsyncExecutorTest user=SA]
10:47:58,601 [Thread-105] DEBUG org.activiti.engine.impl.persistence.entity.JobEntity.selectNextTimerJobsToExecute  - ==&gt;  Preparing: select RES.* from ACT_RU_JOB RES LEFT OUTER JOIN ACT_RU_EXECUTION PI ON PI.ID_ = RES.PROCESS_INSTANCE_ID_ where (RES.RETRIES_ &gt; 0) and (RES.DUEDATE_ is null or RES.DUEDATE_ &lt;= ?) and (RES.LOCK_OWNER_ is null or RES.LOCK_EXP_TIME_ &lt;= ?) and TYPE_ = &apos;timer&apos; and ( (RES.EXECUTION_ID_ is null) or (PI.SUSPENSION_STATE_ = 1) ) LIMIT ? OFFSET ? 
10:47:58,601 [Thread-105] DEBUG org.activiti.engine.impl.persistence.entity.JobEntity.selectNextTimerJobsToExecute  - ==&gt; Parameters: 2023-03-20 10:48:50.669(Timestamp), 2023-03-20 10:48:50.669(Timestamp), 1(Integer), 0(Integer)
10:47:58,601 [Thread-105] DEBUG org.activiti.engine.impl.persistence.entity.JobEntity.selectNextTimerJobsToExecute  - &lt;==      Total: 0
10:47:58,601 [Thread-105] DEBUG org.activiti.engine.impl.db.DbSqlSession  - flush summary: 0 insert, 0 update, 0 delete.
10:47:58,601 [Thread-105] DEBUG org.activiti.engine.impl.db.DbSqlSession  - now executing flush...
10:47:58,601 [Thread-105] DEBUG org.activiti.engine.impl.cfg.standalone.StandaloneMybatisTransactionContext  - firing event committing...
10:47:58,601 [Thread-105] DEBUG org.activiti.engine.impl.cfg.standalone.StandaloneMybatisTransactionContext  - committing the ibatis sql session...
10:47:58,601 [Thread-105] DEBUG org.activiti.engine.impl.cfg.standalone.StandaloneMybatisTransactionContext  - firing event committed...
10:47:58,601 [Thread-105] DEBUG org.apache.ibatis.transaction.jdbc.JdbcTransaction  - Resetting autocommit to true on JDBC Connection [conn65: url=jdbc:h2:mem:activiti-AsyncExecutorTest user=SA]
10:47:58,601 [Thread-105] DEBUG org.apache.ibatis.transaction.jdbc.JdbcTransaction  - Closing JDBC Connection [conn65: url=jdbc:h2:mem:activiti-AsyncExecutorTest user=SA]
10:47:58,601 [Thread-105] DEBUG org.apache.ibatis.datasource.pooled.PooledDataSource  - Returned connection 996762054 to pool.
10:47:58,601 [Thread-105] DEBUG org.activiti.engine.impl.interceptor.LogInterceptor  - --- AcquireTimerJobsCmd finished --------------------------------------------------------
10:47:58,601 [Thread-105] DEBUG org.activiti.engine.impl.interceptor.LogInterceptor  - 

10:47:58,601 [Thread-105] DEBUG org.activiti.engine.impl.asyncexecutor.AcquireTimerJobsRunnable  - timer job acquisition thread sleeping for 50 millis
10:47:58,600 [Thread-106] DEBUG org.activiti.engine.impl.asyncexecutor.AcquireAsyncJobsDueRunnable  - async job acquisition thread woke up
10:47:58,601 [Thread-106] DEBUG org.activiti.engine.impl.interceptor.LogInterceptor  - 

10:47:58,601 [Thread-106] DEBUG org.activiti.engine.impl.interceptor.LogInterceptor  - --- starting AcquireAsyncJobsDueCmd --------------------------------------------------------
10:47:58,601 [Thread-106] DEBUG org.apache.ibatis.transaction.jdbc.JdbcTransaction  - Opening JDBC Connection
10:47:58,601 [Thread-106] DEBUG org.apache.ibatis.datasource.pooled.PooledDataSource  - Checked out connection 1970103261 from pool.
10:47:58,601 [Thread-106] DEBUG org.apache.ibatis.transaction.jdbc.JdbcTransaction  - Setting autocommit to false on JDBC Connection [conn63: url=jdbc:h2:mem:activiti-AsyncExecutorTest user=SA]
10:47:58,601 [Thread-106] DEBUG org.activiti.engine.impl.persistence.entity.JobEntity.selectAsyncJobsDueToExecute  - ==&gt;  Preparing: select RES.* from ACT_RU_JOB RES LEFT OUTER JOIN ACT_RU_EXECUTION PI ON PI.ID_ = RES.PROCESS_INSTANCE_ID_ where RES.RETRIES_ &gt; 0 and RES.DUEDATE_ is not null and RES.DUEDATE_ &lt;= ? and (RES.LOCK_EXP_TIME_ is null or RES.LOCK_EXP_TIME_ &lt;= ?) and TYPE_ = &apos;message&apos; and ( (RES.EXECUTION_ID_ is null) or (PI.SUSPENSION_STATE_ = 1) ) LIMIT ? OFFSET ? 
10:47:58,601 [Thread-102] DEBUG org.activiti.engine.impl.interceptor.LogInterceptor  - --- AcquireTimerJobsCmd finished --------------------------------------------------------
10:47:58,601 [Thread-102] DEBUG org.activiti.engine.impl.interceptor.LogInterceptor  - 

10:47:58,602 [Thread-102] DEBUG org.activiti.engine.impl.asyncexecutor.AcquireTimerJobsRunnable  - timer job acquisition thread sleeping for 50 millis
10:47:58,600 [Thread-103] DEBUG org.apache.ibatis.transaction.jdbc.JdbcTransaction  - Opening JDBC Connection
10:47:58,602 [Thread-103] DEBUG org.apache.ibatis.datasource.pooled.PooledDataSource  - Checked out connection 720039383 from pool.
10:47:58,602 [Thread-103] DEBUG org.apache.ibatis.transaction.jdbc.JdbcTransaction  - Setting autocommit to false on JDBC Connection [conn59: url=jdbc:h2:mem:activiti-AsyncExecutorTest user=SA]
10:47:58,600 [Thread-111] DEBUG org.apache.ibatis.transaction.jdbc.JdbcTransaction  - Setting autocommit to false on JDBC Connection [conn70: url=jdbc:h2:mem:activiti-AsyncExecutorTest user=SA]
10:47:58,602 [Thread-111] DEBUG org.activiti.engine.impl.persistence.entity.JobEntity.selectNextTimerJobsToExecute  - ==&gt;  Preparing: select RES.* from ACT_RU_JOB RES LEFT OUTER JOIN ACT_RU_EXECUTION PI ON PI.ID_ = RES.PROCESS_INSTANCE_ID_ where (RES.RETRIES_ &gt; 0) and (RES.DUEDATE_ is null or RES.DUEDATE_ &lt;= ?) and (RES.LOCK_OWNER_ is null or RES.LOCK_EXP_TIME_ &lt;= ?) and TYPE_ = &apos;timer&apos; and ( (RES.EXECUTION_ID_ is null) or (PI.SUSPENSION_STATE_ = 1) ) LIMIT ? OFFSET ? 
10:47:58,602 [Thread-111] DEBUG org.activiti.engine.impl.persistence.entity.JobEntity.selectNextTimerJobsToExecute  - ==&gt; Parameters: 2023-03-20 10:48:50.669(Timestamp), 2023-03-20 10:48:50.669(Timestamp), 1(Integer), 0(Integer)
10:47:58,602 [Thread-111] DEBUG org.activiti.engine.impl.persistence.entity.JobEntity.selectNextTimerJobsToExecute  - &lt;==      Total: 0
10:47:58,602 [Thread-111] DEBUG org.activiti.engine.impl.db.DbSqlSession  - flush summary: 0 insert, 0 update, 0 delete.
10:47:58,602 [Thread-111] DEBUG org.activiti.engine.impl.db.DbSqlSession  - now executing flush...
10:47:58,602 [Thread-111] DEBUG org.activiti.engine.impl.cfg.standalone.StandaloneMybatisTransactionContext  - firing event committing...
10:47:58,602 [Thread-111] DEBUG org.activiti.engine.impl.cfg.standalone.StandaloneMybatisTransactionContext  - committing the ibatis sql session...
10:47:58,602 [Thread-111] DEBUG org.activiti.engine.impl.cfg.standalone.StandaloneMybatisTransactionContext  - firing event committed...
10:47:58,602 [Thread-111] DEBUG org.apache.ibatis.transaction.jdbc.JdbcTransaction  - Resetting autocommit to true on JDBC Connection [conn70: url=jdbc:h2:mem:activiti-AsyncExecutorTest user=SA]
10:47:58,602 [Thread-111] DEBUG org.apache.ibatis.transaction.jdbc.JdbcTransaction  - Closing JDBC Connection [conn70: url=jdbc:h2:mem:activiti-AsyncExecutorTest user=SA]
10:47:58,602 [Thread-111] DEBUG org.apache.ibatis.datasource.pooled.PooledDataSource  - Returned connection 604408605 to pool.
10:47:58,602 [Thread-111] DEBUG org.activiti.engine.impl.interceptor.LogInterceptor  - --- AcquireTimerJobsCmd finished --------------------------------------------------------
10:47:58,602 [Thread-111] DEBUG org.activiti.engine.impl.interceptor.LogInterceptor  - 

10:47:58,602 [Thread-103] DEBUG org.activiti.engine.impl.persistence.entity.JobEntity.selectAsyncJobsDueToExecute  - ==&gt;  Preparing: select RES.* from ACT_RU_JOB RES LEFT OUTER JOIN ACT_RU_EXECUTION PI ON PI.ID_ = RES.PROCESS_INSTANCE_ID_ where RES.RETRIES_ &gt; 0 and RES.DUEDATE_ is not null and RES.DUEDATE_ &lt;= ? and (RES.LOCK_EXP_TIME_ is null or RES.LOCK_EXP_TIME_ &lt;= ?) and TYPE_ = &apos;message&apos; and ( (RES.EXECUTION_ID_ is null) or (PI.SUSPENSION_STATE_ = 1) ) LIMIT ? OFFSET ? 
10:47:58,601 [Thread-106] DEBUG org.activiti.engine.impl.persistence.entity.JobEntity.selectAsyncJobsDueToExecute  - ==&gt; Parameters: 2023-03-20 10:48:50.669(Timestamp), 2023-03-20 10:48:50.669(Timestamp), 1(Integer), 0(Integer)
10:47:58,602 [Thread-103] DEBUG org.activiti.engine.impl.persistence.entity.JobEntity.selectAsyncJobsDueToExecute  - ==&gt; Parameters: 2023-03-20 10:48:50.669(Timestamp), 2023-03-20 10:48:50.669(Timestamp), 1(Integer), 0(Integer)
10:47:58,602 [Thread-111] DEBUG org.activiti.engine.impl.asyncexecutor.AcquireTimerJobsRunnable  - timer job acquisition thread sleeping for 50 millis
10:47:58,602 [Thread-103] DEBUG org.activiti.engine.impl.persistence.entity.JobEntity.selectAsyncJobsDueToExecute  - &lt;==      Total: 0
10:47:58,602 [Thread-103] DEBUG org.activiti.engine.impl.db.DbSqlSession  - flush summary: 0 insert, 0 update, 0 delete.
10:47:58,602 [Thread-103] DEBUG org.activiti.engine.impl.db.DbSqlSession  - now executing flush...
10:47:58,602 [Thread-103] DEBUG org.activiti.engine.impl.cfg.standalone.StandaloneMybatisTransactionContext  - firing event committing...
10:47:58,602 [Thread-103] DEBUG org.activiti.engine.impl.cfg.standalone.StandaloneMybatisTransactionContext  - committing the ibatis sql session...
10:47:58,602 [Thread-103] DEBUG org.activiti.engine.impl.cfg.standalone.StandaloneMybatisTransactionContext  - firing event committed...
10:47:58,602 [Thread-103] DEBUG org.apache.ibatis.transaction.jdbc.JdbcTransaction  - Resetting autocommit to true on JDBC Connection [conn59: url=jdbc:h2:mem:activiti-AsyncExecutorTest user=SA]
10:47:58,602 [Thread-103] DEBUG org.apache.ibatis.transaction.jdbc.JdbcTransaction  - Closing JDBC Connection [conn59: url=jdbc:h2:mem:activiti-AsyncExecutorTest user=SA]
10:47:58,602 [Thread-103] DEBUG org.apache.ibatis.datasource.pooled.PooledDataSource  - Returned connection 720039383 to pool.
10:47:58,602 [Thread-103] DEBUG org.activiti.engine.impl.interceptor.LogInterceptor  - --- AcquireAsyncJobsDueCmd finished --------------------------------------------------------
10:47:58,602 [Thread-103] DEBUG org.activiti.engine.impl.interceptor.LogInterceptor  - 

10:47:58,602 [Thread-103] DEBUG org.activiti.engine.impl.asyncexecutor.AcquireAsyncJobsDueRunnable  - async job acquisition thread sleeping for 50 millis
10:47:58,602 [Thread-106] DEBUG org.activiti.engine.impl.persistence.entity.JobEntity.selectAsyncJobsDueToExecute  - &lt;==      Total: 0
10:47:58,603 [Thread-106] DEBUG org.activiti.engine.impl.db.DbSqlSession  - flush summary: 0 insert, 0 update, 0 delete.
10:47:58,603 [Thread-106] DEBUG org.activiti.engine.impl.db.DbSqlSession  - now executing flush...
10:47:58,603 [Thread-106] DEBUG org.activiti.engine.impl.cfg.standalone.StandaloneMybatisTransactionContext  - firing event committing...
10:47:58,603 [Thread-106] DEBUG org.activiti.engine.impl.cfg.standalone.StandaloneMybatisTransactionContext  - committing the ibatis sql session...
10:47:58,603 [Thread-106] DEBUG org.activiti.engine.impl.cfg.standalone.StandaloneMybatisTransactionContext  - firing event committed...
10:47:58,603 [Thread-106] DEBUG org.apache.ibatis.transaction.jdbc.JdbcTransaction  - Resetting autocommit to true on JDBC Connection [conn63: url=jdbc:h2:mem:activiti-AsyncExecutorTest user=SA]
10:47:58,603 [Thread-106] DEBUG org.apache.ibatis.transaction.jdbc.JdbcTransaction  - Closing JDBC Connection [conn63: url=jdbc:h2:mem:activiti-AsyncExecutorTest user=SA]
10:47:58,603 [Thread-106] DEBUG org.apache.ibatis.datasource.pooled.PooledDataSource  - Returned connection 1970103261 to pool.
10:47:58,603 [Thread-106] DEBUG org.activiti.engine.impl.interceptor.LogInterceptor  - --- AcquireAsyncJobsDueCmd finished --------------------------------------------------------
10:47:58,603 [Thread-106] DEBUG org.activiti.engine.impl.interceptor.LogInterceptor  - 

10:47:58,603 [Thread-106] DEBUG org.activiti.engine.impl.asyncexecutor.AcquireAsyncJobsDueRunnable  - async job acquisition thread sleeping for 50 millis
10:47:58,646 [Thread-112] DEBUG org.activiti.engine.impl.asyncexecutor.AcquireAsyncJobsDueRunnable  - async job acquisition thread woke up
10:47:58,646 [Thread-112] DEBUG org.activiti.engine.impl.interceptor.LogInterceptor  - 

10:47:58,646 [Thread-112] DEBUG org.activiti.engine.impl.interceptor.LogInterceptor  - --- starting AcquireAsyncJobsDueCmd --------------------------------------------------------
10:47:58,646 [Thread-112] DEBUG org.apache.ibatis.transaction.jdbc.JdbcTransaction  - Opening JDBC Connection
10:47:58,646 [Thread-112] DEBUG org.apache.ibatis.datasource.pooled.PooledDataSource  - Checked out connection 58501658 from pool.
10:47:58,646 [Thread-112] DEBUG org.apache.ibatis.transaction.jdbc.JdbcTransaction  - Setting autocommit to false on JDBC Connection [conn68: url=jdbc:h2:mem:activiti-AsyncExecutorTest user=SA]
10:47:58,646 [Thread-112] DEBUG org.activiti.engine.impl.persistence.entity.JobEntity.selectAsyncJobsDueToExecute  - ==&gt;  Preparing: select RES.* from ACT_RU_JOB RES LEFT OUTER JOIN ACT_RU_EXECUTION PI ON PI.ID_ = RES.PROCESS_INSTANCE_ID_ where RES.RETRIES_ &gt; 0 and RES.DUEDATE_ is not null and RES.DUEDATE_ &lt;= ? and (RES.LOCK_EXP_TIME_ is null or RES.LOCK_EXP_TIME_ &lt;= ?) and TYPE_ = &apos;message&apos; and ( (RES.EXECUTION_ID_ is null) or (PI.SUSPENSION_STATE_ = 1) ) LIMIT ? OFFSET ? 
10:47:58,646 [Thread-112] DEBUG org.activiti.engine.impl.persistence.entity.JobEntity.selectAsyncJobsDueToExecute  - ==&gt; Parameters: 2023-03-20 10:48:50.669(Timestamp), 2023-03-20 10:48:50.669(Timestamp), 1(Integer), 0(Integer)
10:47:58,646 [Thread-112] DEBUG org.activiti.engine.impl.persistence.entity.JobEntity.selectAsyncJobsDueToExecute  - &lt;==      Total: 0
10:47:58,646 [Thread-112] DEBUG org.activiti.engine.impl.db.DbSqlSession  - flush summary: 0 insert, 0 update, 0 delete.
10:47:58,646 [Thread-112] DEBUG org.activiti.engine.impl.db.DbSqlSession  - now executing flush...
10:47:58,646 [Thread-112] DEBUG org.activiti.engine.impl.cfg.standalone.StandaloneMybatisTransactionContext  - firing event committing...
10:47:58,646 [Thread-112] DEBUG org.activiti.engine.impl.cfg.standalone.StandaloneMybatisTransactionContext  - committing the ibatis sql session...
10:47:58,646 [Thread-112] DEBUG org.activiti.engine.impl.cfg.standalone.StandaloneMybatisTransactionContext  - firing event committed...
10:47:58,646 [Thread-112] DEBUG org.apache.ibatis.transaction.jdbc.JdbcTransaction  - Resetting autocommit to true on JDBC Connection [conn68: url=jdbc:h2:mem:activiti-AsyncExecutorTest user=SA]
10:47:58,646 [Thread-112] DEBUG org.apache.ibatis.transaction.jdbc.JdbcTransaction  - Closing JDBC Connection [conn68: url=jdbc:h2:mem:activiti-AsyncExecutorTest user=SA]
10:47:58,646 [Thread-112] DEBUG org.apache.ibatis.datasource.pooled.PooledDataSource  - Returned connection 58501658 to pool.
10:47:58,646 [Thread-112] DEBUG org.activiti.engine.impl.interceptor.LogInterceptor  - --- AcquireAsyncJobsDueCmd finished --------------------------------------------------------
10:47:58,646 [Thread-112] DEBUG org.activiti.engine.impl.interceptor.LogInterceptor  - 

10:47:58,646 [Thread-112] DEBUG org.activiti.engine.impl.asyncexecutor.AcquireAsyncJobsDueRunnable  - async job acquisition thread sleeping for 50 millis
10:47:58,662 [Thread-111] DEBUG org.activiti.engine.impl.asyncexecutor.AcquireTimerJobsRunnable  - timer job acquisition thread woke up
10:47:58,662 [Thread-111] DEBUG org.activiti.engine.impl.interceptor.LogInterceptor  - 

10:47:58,662 [Thread-111] DEBUG org.activiti.engine.impl.interceptor.LogInterceptor  - --- starting AcquireTimerJobsCmd --------------------------------------------------------
10:47:58,662 [Thread-106] DEBUG org.activiti.engine.impl.asyncexecutor.AcquireAsyncJobsDueRunnable  - async job acquisition thread woke up
10:47:58,662 [Thread-106] DEBUG org.activiti.engine.impl.interceptor.LogInterceptor  - 

10:47:58,662 [Thread-106] DEBUG org.activiti.engine.impl.interceptor.LogInterceptor  - --- starting AcquireAsyncJobsDueCmd --------------------------------------------------------
10:47:58,662 [Thread-103] DEBUG org.activiti.engine.impl.asyncexecutor.AcquireAsyncJobsDueRunnable  - async job acquisition thread woke up
10:47:58,662 [Thread-103] DEBUG org.activiti.engine.impl.interceptor.LogInterceptor  - 

10:47:58,662 [Thread-103] DEBUG org.activiti.engine.impl.interceptor.LogInterceptor  - --- starting AcquireAsyncJobsDueCmd --------------------------------------------------------
10:47:58,662 [Thread-105] DEBUG org.activiti.engine.impl.asyncexecutor.AcquireTimerJobsRunnable  - timer job acquisition thread woke up
10:47:58,662 [Thread-105] DEBUG org.activiti.engine.impl.interceptor.LogInterceptor  - 

10:47:58,662 [Thread-105] DEBUG org.activiti.engine.impl.interceptor.LogInterceptor  - --- starting AcquireTimerJobsCmd --------------------------------------------------------
10:47:58,662 [Thread-102] DEBUG org.activiti.engine.impl.asyncexecutor.AcquireTimerJobsRunnable  - timer job acquisition thread woke up
10:47:58,662 [Thread-102] DEBUG org.activiti.engine.impl.interceptor.LogInterceptor  - 

10:47:58,662 [Thread-102] DEBUG org.activiti.engine.impl.interceptor.LogInterceptor  - --- starting AcquireTimerJobsCmd --------------------------------------------------------
10:47:58,662 [Thread-102] DEBUG org.apache.ibatis.transaction.jdbc.JdbcTransaction  - Opening JDBC Connection
10:47:58,662 [Thread-102] DEBUG org.apache.ibatis.datasource.pooled.PooledDataSource  - Checked out connection 157985567 from pool.
10:47:58,662 [Thread-102] DEBUG org.apache.ibatis.transaction.jdbc.JdbcTransaction  - Setting autocommit to false on JDBC Connection [conn61: url=jdbc:h2:mem:activiti-AsyncExecutorTest user=SA]
10:47:58,662 [Thread-105] DEBUG org.apache.ibatis.transaction.jdbc.JdbcTransaction  - Opening JDBC Connection
10:47:58,662 [Thread-105] DEBUG org.apache.ibatis.datasource.pooled.PooledDataSource  - Checked out connection 54468349 from pool.
10:47:58,662 [Thread-105] DEBUG org.apache.ibatis.transaction.jdbc.JdbcTransaction  - Setting autocommit to false on JDBC Connection [conn64: url=jdbc:h2:mem:activiti-AsyncExecutorTest user=SA]
10:47:58,662 [Thread-103] DEBUG org.apache.ibatis.transaction.jdbc.JdbcTransaction  - Opening JDBC Connection
10:47:58,662 [Thread-103] DEBUG org.apache.ibatis.datasource.pooled.PooledDataSource  - Checked out connection 33534803 from pool.
10:47:58,662 [Thread-103] DEBUG org.apache.ibatis.transaction.jdbc.JdbcTransaction  - Setting autocommit to false on JDBC Connection [conn60: url=jdbc:h2:mem:activiti-AsyncExecutorTest user=SA]
10:47:58,662 [Thread-103] DEBUG org.activiti.engine.impl.persistence.entity.JobEntity.selectAsyncJobsDueToExecute  - ==&gt;  Preparing: select RES.* from ACT_RU_JOB RES LEFT OUTER JOIN ACT_RU_EXECUTION PI ON PI.ID_ = RES.PROCESS_INSTANCE_ID_ where RES.RETRIES_ &gt; 0 and RES.DUEDATE_ is not null and RES.DUEDATE_ &lt;= ? and (RES.LOCK_EXP_TIME_ is null or RES.LOCK_EXP_TIME_ &lt;= ?) and TYPE_ = &apos;message&apos; and ( (RES.EXECUTION_ID_ is null) or (PI.SUSPENSION_STATE_ = 1) ) LIMIT ? OFFSET ? 
10:47:58,662 [Thread-106] DEBUG org.apache.ibatis.transaction.jdbc.JdbcTransaction  - Opening JDBC Connection
10:47:58,663 [Thread-106] DEBUG org.apache.ibatis.datasource.pooled.PooledDataSource  - Checked out connection 996762054 from pool.
10:47:58,663 [Thread-106] DEBUG org.apache.ibatis.transaction.jdbc.JdbcTransaction  - Setting autocommit to false on JDBC Connection [conn65: url=jdbc:h2:mem:activiti-AsyncExecutorTest user=SA]
10:47:58,662 [Thread-111] DEBUG org.apache.ibatis.transaction.jdbc.JdbcTransaction  - Opening JDBC Connection
10:47:58,663 [Thread-111] DEBUG org.apache.ibatis.datasource.pooled.PooledDataSource  - Checked out connection 1863805930 from pool.
10:47:58,663 [Thread-111] DEBUG org.apache.ibatis.transaction.jdbc.JdbcTransaction  - Setting autocommit to false on JDBC Connection [conn69: url=jdbc:h2:mem:activiti-AsyncExecutorTest user=SA]
10:47:58,663 [Thread-111] DEBUG org.activiti.engine.impl.persistence.entity.JobEntity.selectNextTimerJobsToExecute  - ==&gt;  Preparing: select RES.* from ACT_RU_JOB RES LEFT OUTER JOIN ACT_RU_EXECUTION PI ON PI.ID_ = RES.PROCESS_INSTANCE_ID_ where (RES.RETRIES_ &gt; 0) and (RES.DUEDATE_ is null or RES.DUEDATE_ &lt;= ?) and (RES.LOCK_OWNER_ is null or RES.LOCK_EXP_TIME_ &lt;= ?) and TYPE_ = &apos;timer&apos; and ( (RES.EXECUTION_ID_ is null) or (PI.SUSPENSION_STATE_ = 1) ) LIMIT ? OFFSET ? 
10:47:58,663 [Thread-106] DEBUG org.activiti.engine.impl.persistence.entity.JobEntity.selectAsyncJobsDueToExecute  - ==&gt;  Preparing: select RES.* from ACT_RU_JOB RES LEFT OUTER JOIN ACT_RU_EXECUTION PI ON PI.ID_ = RES.PROCESS_INSTANCE_ID_ where RES.RETRIES_ &gt; 0 and RES.DUEDATE_ is not null and RES.DUEDATE_ &lt;= ? and (RES.LOCK_EXP_TIME_ is null or RES.LOCK_EXP_TIME_ &lt;= ?) and TYPE_ = &apos;message&apos; and ( (RES.EXECUTION_ID_ is null) or (PI.SUSPENSION_STATE_ = 1) ) LIMIT ? OFFSET ? 
10:47:58,663 [Thread-106] DEBUG org.activiti.engine.impl.persistence.entity.JobEntity.selectAsyncJobsDueToExecute  - ==&gt; Parameters: 2023-03-20 10:48:50.669(Timestamp), 2023-03-20 10:48:50.669(Timestamp), 1(Integer), 0(Integer)
10:47:58,663 [Thread-103] DEBUG org.activiti.engine.impl.persistence.entity.JobEntity.selectAsyncJobsDueToExecute  - ==&gt; Parameters: 2023-03-20 10:48:50.669(Timestamp), 2023-03-20 10:48:50.669(Timestamp), 1(Integer), 0(Integer)
10:47:58,663 [Thread-103] DEBUG org.activiti.engine.impl.persistence.entity.JobEntity.selectAsyncJobsDueToExecute  - &lt;==      Total: 0
10:47:58,663 [Thread-103] DEBUG org.activiti.engine.impl.db.DbSqlSession  - flush summary: 0 insert, 0 update, 0 delete.
10:47:58,663 [Thread-103] DEBUG org.activiti.engine.impl.db.DbSqlSession  - now executing flush...
10:47:58,663 [Thread-103] DEBUG org.activiti.engine.impl.cfg.standalone.StandaloneMybatisTransactionContext  - firing event committing...
10:47:58,663 [Thread-103] DEBUG org.activiti.engine.impl.cfg.standalone.StandaloneMybatisTransactionContext  - committing the ibatis sql session...
10:47:58,663 [Thread-103] DEBUG org.activiti.engine.impl.cfg.standalone.StandaloneMybatisTransactionContext  - firing event committed...
10:47:58,663 [Thread-103] DEBUG org.apache.ibatis.transaction.jdbc.JdbcTransaction  - Resetting autocommit to true on JDBC Connection [conn60: url=jdbc:h2:mem:activiti-AsyncExecutorTest user=SA]
10:47:58,663 [Thread-103] DEBUG org.apache.ibatis.transaction.jdbc.JdbcTransaction  - Closing JDBC Connection [conn60: url=jdbc:h2:mem:activiti-AsyncExecutorTest user=SA]
10:47:58,663 [Thread-103] DEBUG org.apache.ibatis.datasource.pooled.PooledDataSource  - Returned connection 33534803 to pool.
10:47:58,663 [Thread-103] DEBUG org.activiti.engine.impl.interceptor.LogInterceptor  - --- AcquireAsyncJobsDueCmd finished --------------------------------------------------------
10:47:58,663 [Thread-103] DEBUG org.activiti.engine.impl.interceptor.LogInterceptor  - 

10:47:58,662 [Thread-105] DEBUG org.activiti.engine.impl.persistence.entity.JobEntity.selectNextTimerJobsToExecute  - ==&gt;  Preparing: select RES.* from ACT_RU_JOB RES LEFT OUTER JOIN ACT_RU_EXECUTION PI ON PI.ID_ = RES.PROCESS_INSTANCE_ID_ where (RES.RETRIES_ &gt; 0) and (RES.DUEDATE_ is null or RES.DUEDATE_ &lt;= ?) and (RES.LOCK_OWNER_ is null or RES.LOCK_EXP_TIME_ &lt;= ?) and TYPE_ = &apos;timer&apos; and ( (RES.EXECUTION_ID_ is null) or (PI.SUSPENSION_STATE_ = 1) ) LIMIT ? OFFSET ? 
10:47:58,663 [Thread-105] DEBUG org.activiti.engine.impl.persistence.entity.JobEntity.selectNextTimerJobsToExecute  - ==&gt; Parameters: 2023-03-20 10:48:50.669(Timestamp), 2023-03-20 10:48:50.669(Timestamp), 1(Integer), 0(Integer)
10:47:58,663 [Thread-105] DEBUG org.activiti.engine.impl.persistence.entity.JobEntity.selectNextTimerJobsToExecute  - &lt;==      Total: 0
10:47:58,663 [Thread-105] DEBUG org.activiti.engine.impl.db.DbSqlSession  - flush summary: 0 insert, 0 update, 0 delete.
10:47:58,663 [Thread-105] DEBUG org.activiti.engine.impl.db.DbSqlSession  - now executing flush...
10:47:58,663 [Thread-105] DEBUG org.activiti.engine.impl.cfg.standalone.StandaloneMybatisTransactionContext  - firing event committing...
10:47:58,663 [Thread-105] DEBUG org.activiti.engine.impl.cfg.standalone.StandaloneMybatisTransactionContext  - committing the ibatis sql session...
10:47:58,663 [Thread-105] DEBUG org.activiti.engine.impl.cfg.standalone.StandaloneMybatisTransactionContext  - firing event committed...
10:47:58,663 [Thread-105] DEBUG org.apache.ibatis.transaction.jdbc.JdbcTransaction  - Resetting autocommit to true on JDBC Connection [conn64: url=jdbc:h2:mem:activiti-AsyncExecutorTest user=SA]
10:47:58,663 [Thread-105] DEBUG org.apache.ibatis.transaction.jdbc.JdbcTransaction  - Closing JDBC Connection [conn64: url=jdbc:h2:mem:activiti-AsyncExecutorTest user=SA]
10:47:58,663 [Thread-105] DEBUG org.apache.ibatis.datasource.pooled.PooledDataSource  - Returned connection 54468349 to pool.
10:47:58,664 [Thread-105] DEBUG org.activiti.engine.impl.interceptor.LogInterceptor  - --- AcquireTimerJobsCmd finished --------------------------------------------------------
10:47:58,664 [Thread-105] DEBUG org.activiti.engine.impl.interceptor.LogInterceptor  - 

10:47:58,664 [Thread-105] DEBUG org.activiti.engine.impl.asyncexecutor.AcquireTimerJobsRunnable  - timer job acquisition thread sleeping for 50 millis
10:47:58,662 [Thread-102] DEBUG org.activiti.engine.impl.persistence.entity.JobEntity.selectNextTimerJobsToExecute  - ==&gt;  Preparing: select RES.* from ACT_RU_JOB RES LEFT OUTER JOIN ACT_RU_EXECUTION PI ON PI.ID_ = RES.PROCESS_INSTANCE_ID_ where (RES.RETRIES_ &gt; 0) and (RES.DUEDATE_ is null or RES.DUEDATE_ &lt;= ?) and (RES.LOCK_OWNER_ is null or RES.LOCK_EXP_TIME_ &lt;= ?) and TYPE_ = &apos;timer&apos; and ( (RES.EXECUTION_ID_ is null) or (PI.SUSPENSION_STATE_ = 1) ) LIMIT ? OFFSET ? 
10:47:58,664 [Thread-102] DEBUG org.activiti.engine.impl.persistence.entity.JobEntity.selectNextTimerJobsToExecute  - ==&gt; Parameters: 2023-03-20 10:48:50.669(Timestamp), 2023-03-20 10:48:50.669(Timestamp), 1(Integer), 0(Integer)
10:47:58,664 [Thread-102] DEBUG org.activiti.engine.impl.persistence.entity.JobEntity.selectNextTimerJobsToExecute  - &lt;==      Total: 0
10:47:58,664 [Thread-102] DEBUG org.activiti.engine.impl.db.DbSqlSession  - flush summary: 0 insert, 0 update, 0 delete.
10:47:58,664 [Thread-102] DEBUG org.activiti.engine.impl.db.DbSqlSession  - now executing flush...
10:47:58,664 [Thread-102] DEBUG org.activiti.engine.impl.cfg.standalone.StandaloneMybatisTransactionContext  - firing event committing...
10:47:58,664 [Thread-102] DEBUG org.activiti.engine.impl.cfg.standalone.StandaloneMybatisTransactionContext  - committing the ibatis sql session...
10:47:58,664 [Thread-102] DEBUG org.activiti.engine.impl.cfg.standalone.StandaloneMybatisTransactionContext  - firing event committed...
10:47:58,664 [Thread-102] DEBUG org.apache.ibatis.transaction.jdbc.JdbcTransaction  - Resetting autocommit to true on JDBC Connection [conn61: url=jdbc:h2:mem:activiti-AsyncExecutorTest user=SA]
10:47:58,664 [Thread-102] DEBUG org.apache.ibatis.transaction.jdbc.JdbcTransaction  - Closing JDBC Connection [conn61: url=jdbc:h2:mem:activiti-AsyncExecutorTest user=SA]
10:47:58,664 [Thread-102] DEBUG org.apache.ibatis.datasource.pooled.PooledDataSource  - Returned connection 157985567 to pool.
10:47:58,664 [Thread-102] DEBUG org.activiti.engine.impl.interceptor.LogInterceptor  - --- AcquireTimerJobsCmd finished --------------------------------------------------------
10:47:58,664 [Thread-102] DEBUG org.activiti.engine.impl.interceptor.LogInterceptor  - 

10:47:58,664 [Thread-102] DEBUG org.activiti.engine.impl.asyncexecutor.AcquireTimerJobsRunnable  - timer job acquisition thread sleeping for 50 millis
10:47:58,663 [Thread-103] DEBUG org.activiti.engine.impl.asyncexecutor.AcquireAsyncJobsDueRunnable  - async job acquisition thread sleeping for 50 millis
10:47:58,663 [Thread-106] DEBUG org.activiti.engine.impl.persistence.entity.JobEntity.selectAsyncJobsDueToExecute  - &lt;==      Total: 0
10:47:58,664 [Thread-106] DEBUG org.activiti.engine.impl.db.DbSqlSession  - flush summary: 0 insert, 0 update, 0 delete.
10:47:58,664 [Thread-106] DEBUG org.activiti.engine.impl.db.DbSqlSession  - now executing flush...
10:47:58,664 [Thread-106] DEBUG org.activiti.engine.impl.cfg.standalone.StandaloneMybatisTransactionContext  - firing event committing...
10:47:58,664 [Thread-106] DEBUG org.activiti.engine.impl.cfg.standalone.StandaloneMybatisTransactionContext  - committing the ibatis sql session...
10:47:58,664 [Thread-106] DEBUG org.activiti.engine.impl.cfg.standalone.StandaloneMybatisTransactionContext  - firing event committed...
10:47:58,664 [Thread-106] DEBUG org.apache.ibatis.transaction.jdbc.JdbcTransaction  - Resetting autocommit to true on JDBC Connection [conn65: url=jdbc:h2:mem:activiti-AsyncExecutorTest user=SA]
10:47:58,664 [Thread-106] DEBUG org.apache.ibatis.transaction.jdbc.JdbcTransaction  - Closing JDBC Connection [conn65: url=jdbc:h2:mem:activiti-AsyncExecutorTest user=SA]
10:47:58,664 [Thread-106] DEBUG org.apache.ibatis.datasource.pooled.PooledDataSource  - Returned connection 996762054 to pool.
10:47:58,664 [Thread-106] DEBUG org.activiti.engine.impl.interceptor.LogInterceptor  - --- AcquireAsyncJobsDueCmd finished --------------------------------------------------------
10:47:58,664 [Thread-106] DEBUG org.activiti.engine.impl.interceptor.LogInterceptor  - 

10:47:58,664 [Thread-106] DEBUG org.activiti.engine.impl.asyncexecutor.AcquireAsyncJobsDueRunnable  - async job acquisition thread sleeping for 50 millis
10:47:58,663 [Thread-111] DEBUG org.activiti.engine.impl.persistence.entity.JobEntity.selectNextTimerJobsToExecute  - ==&gt; Parameters: 2023-03-20 10:48:50.669(Timestamp), 2023-03-20 10:48:50.669(Timestamp), 1(Integer), 0(Integer)
10:47:58,665 [Thread-111] DEBUG org.activiti.engine.impl.persistence.entity.JobEntity.selectNextTimerJobsToExecute  - &lt;==      Total: 0
10:47:58,665 [Thread-111] DEBUG org.activiti.engine.impl.db.DbSqlSession  - flush summary: 0 insert, 0 update, 0 delete.
10:47:58,665 [Thread-111] DEBUG org.activiti.engine.impl.db.DbSqlSession  - now executing flush...
10:47:58,665 [Thread-111] DEBUG org.activiti.engine.impl.cfg.standalone.StandaloneMybatisTransactionContext  - firing event committing...
10:47:58,665 [Thread-111] DEBUG org.activiti.engine.impl.cfg.standalone.StandaloneMybatisTransactionContext  - committing the ibatis sql session...
10:47:58,665 [Thread-111] DEBUG org.activiti.engine.impl.cfg.standalone.StandaloneMybatisTransactionContext  - firing event committed...
10:47:58,665 [Thread-111] DEBUG org.apache.ibatis.transaction.jdbc.JdbcTransaction  - Resetting autocommit to true on JDBC Connection [conn69: url=jdbc:h2:mem:activiti-AsyncExecutorTest user=SA]
10:47:58,665 [Thread-111] DEBUG org.apache.ibatis.transaction.jdbc.JdbcTransaction  - Closing JDBC Connection [conn69: url=jdbc:h2:mem:activiti-AsyncExecutorTest user=SA]
10:47:58,665 [Thread-111] DEBUG org.apache.ibatis.datasource.pooled.PooledDataSource  - Returned connection 1863805930 to pool.
10:47:58,665 [Thread-111] DEBUG org.activiti.engine.impl.interceptor.LogInterceptor  - --- AcquireTimerJobsCmd finished --------------------------------------------------------
10:47:58,665 [Thread-111] DEBUG org.activiti.engine.impl.interceptor.LogInterceptor  - 

10:47:58,665 [Thread-111] DEBUG org.activiti.engine.impl.asyncexecutor.AcquireTimerJobsRunnable  - timer job acquisition thread sleeping for 50 millis
10:47:58,677 [main] INFO  org.activiti.engine.impl.asyncexecutor.DefaultAsyncJobExecutor  - Shutting down the default async job executor [org.activiti.engine.impl.asyncexecutor.DefaultAsyncJobExecutor].
10:47:58,677 [Thread-117] DEBUG org.activiti.engine.impl.asyncexecutor.AcquireTimerJobsRunnable  - timer job acquisition thread woke up
10:47:58,677 [Thread-117] INFO  org.activiti.engine.impl.asyncexecutor.AcquireTimerJobsRunnable  - {} stopped async job due acquisition
10:47:58,677 [Thread-118] DEBUG org.activiti.engine.impl.asyncexecutor.AcquireAsyncJobsDueRunnable  - async job acquisition thread woke up
10:47:58,678 [Thread-118] INFO  org.activiti.engine.impl.asyncexecutor.AcquireAsyncJobsDueRunnable  - {} stopped async job due acquisition
10:47:58,678 [main] ERROR org.activiti.engine.impl.test.PvmTestCase  - 

10:47:58,678 [main] ERROR org.activiti.engine.impl.test.PvmTestCase  - EXCEPTION: org.activiti.engine.ActivitiException: time limit of 8000 was exceeded
org.activiti.engine.ActivitiException: time limit of 8000 was exceeded
	at org.activiti.engine.impl.test.JobTestHelper.waitForJobExecutorToProcessAllJobs(JobTestHelper.java:86)
	at org.activiti.engine.impl.test.JobTestHelper.waitForJobExecutorToProcessAllJobs(JobTestHelper.java:47)
	at org.activiti.engine.impl.test.AbstractActivitiTestCase.waitForJobExecutorToProcessAllJobs(AbstractActivitiTestCase.java:204)
	at org.activiti.engine.test.jobexecutor.JobExecutorTest.testBasicJobExecutorOperation(JobExecutorTest.java:53)
	at sun.reflect.NativeMethodAccessorImpl.invoke0(Native Method)
	at sun.reflect.NativeMethodAccessorImpl.invoke(NativeMethodAccessorImpl.java:62)
	at sun.reflect.DelegatingMethodAccessorImpl.invoke(DelegatingMethodAccessorImpl.java:43)
	at java.lang.reflect.Method.invoke(Method.java:498)
	at junit.framework.TestCase.runTest(TestCase.java:176)
	at org.activiti.engine.impl.test.PvmTestCase.runTest(PvmTestCase.java:65)
	at junit.framework.TestCase.runBare(TestCase.java:141)
	at org.activiti.engine.impl.test.AbstractActivitiTestCase.runBare(AbstractActivitiTestCase.java:100)
	at junit.framework.TestResult$1.protect(TestResult.java:122)
	at junit.framework.TestResult.runProtected(TestResult.java:142)
	at junit.framework.TestResult.run(TestResult.java:125)
	at junit.framework.TestCase.run(TestCase.java:129)
	at junit.framework.TestSuite.runTest(TestSuite.java:255)
	at junit.framework.TestSuite.run(TestSuite.java:250)
	at org.junit.internal.runners.JUnit38ClassRunner.run(JUnit38ClassRunner.java:84)
	at org.apache.maven.surefire.junit4.JUnit4TestSet.execute(JUnit4TestSet.java:35)
	at org.apache.maven.surefire.junit4.JUnit4Provider.executeTestSet(JUnit4Provider.java:146)
	at org.apache.maven.surefire.junit4.JUnit4Provider.invoke(JUnit4Provider.java:97)
	at sun.reflect.NativeMethodAccessorImpl.invoke0(Native Method)
	at sun.reflect.NativeMethodAccessorImpl.invoke(NativeMethodAccessorImpl.java:62)
	at sun.reflect.DelegatingMethodAccessorImpl.invoke(DelegatingMethodAccessorImpl.java:43)
	at java.lang.reflect.Method.invoke(Method.java:498)
	at org.apache.maven.surefire.booter.ProviderFactory$ClassLoaderProxy.invoke(ProviderFactory.java:103)
	at com.sun.proxy.$Proxy0.invoke(Unknown Source)
	at org.apache.maven.surefire.booter.SurefireStarter.invokeProvider(SurefireStarter.java:145)
	at org.apache.maven.surefire.booter.SurefireStarter.runSuitesInProcess(SurefireStarter.java:87)
	at org.apache.maven.surefire.booter.ForkedBooter.main(ForkedBooter.java:69)
10:47:58,678 [main] DEBUG org.activiti.engine.impl.test.PvmTestCase  - #### END JobExecutorTest.testBasicJobExecutorOperation #############################################################
10:47:58,678 [main] ERROR org.activiti.engine.impl.test.PvmTestCase  - 

10:47:58,678 [main] ERROR org.activiti.engine.impl.test.PvmTestCase  - EXCEPTION: org.activiti.engine.ActivitiException: time limit of 8000 was exceeded
org.activiti.engine.ActivitiException: time limit of 8000 was exceeded
	at org.activiti.engine.impl.test.JobTestHelper.waitForJobExecutorToProcessAllJobs(JobTestHelper.java:86)
	at org.activiti.engine.impl.test.JobTestHelper.waitForJobExecutorToProcessAllJobs(JobTestHelper.java:47)
	at org.activiti.engine.impl.test.AbstractActivitiTestCase.waitForJobExecutorToProcessAllJobs(AbstractActivitiTestCase.java:204)
	at org.activiti.engine.test.jobexecutor.JobExecutorTest.testBasicJobExecutorOperation(JobExecutorTest.java:53)
	at sun.reflect.NativeMethodAccessorImpl.invoke0(Native Method)
	at sun.reflect.NativeMethodAccessorImpl.invoke(NativeMethodAccessorImpl.java:62)
	at sun.reflect.DelegatingMethodAccessorImpl.invoke(DelegatingMethodAccessorImpl.java:43)
	at java.lang.reflect.Method.invoke(Method.java:498)
	at junit.framework.TestCase.runTest(TestCase.java:176)
	at org.activiti.engine.impl.test.PvmTestCase.runTest(PvmTestCase.java:65)
	at junit.framework.TestCase.runBare(TestCase.java:141)
	at org.activiti.engine.impl.test.AbstractActivitiTestCase.runBare(AbstractActivitiTestCase.java:100)
	at junit.framework.TestResult$1.protect(TestResult.java:122)
	at junit.framework.TestResult.runProtected(TestResult.java:142)
	at junit.framework.TestResult.run(TestResult.java:125)
	at junit.framework.TestCase.run(TestCase.java:129)
	at junit.framework.TestSuite.runTest(TestSuite.java:255)
	at junit.framework.TestSuite.run(TestSuite.java:250)
	at org.junit.internal.runners.JUnit38ClassRunner.run(JUnit38ClassRunner.java:84)
	at org.apache.maven.surefire.junit4.JUnit4TestSet.execute(JUnit4TestSet.java:35)
	at org.apache.maven.surefire.junit4.JUnit4Provider.executeTestSet(JUnit4Provider.java:146)
	at org.apache.maven.surefire.junit4.JUnit4Provider.invoke(JUnit4Provider.java:97)
	at sun.reflect.NativeMethodAccessorImpl.invoke0(Native Method)
	at sun.reflect.NativeMethodAccessorImpl.invoke(NativeMethodAccessorImpl.java:62)
	at sun.reflect.DelegatingMethodAccessorImpl.invoke(DelegatingMethodAccessorImpl.java:43)
	at java.lang.reflect.Method.invoke(Method.java:498)
	at org.apache.maven.surefire.booter.ProviderFactory$ClassLoaderProxy.invoke(ProviderFactory.java:103)
	at com.sun.proxy.$Proxy0.invoke(Unknown Source)
	at org.apache.maven.surefire.booter.SurefireStarter.invokeProvider(SurefireStarter.java:145)
	at org.apache.maven.surefire.booter.SurefireStarter.runSuitesInProcess(SurefireStarter.java:87)
	at org.apache.maven.surefire.booter.ForkedBooter.main(ForkedBooter.java:69)
10:47:58,678 [main] DEBUG org.activiti.engine.impl.test.PvmTestCase  - verifying that db is clean after test
10:47:58,678 [main] DEBUG org.activiti.engine.impl.interceptor.LogInterceptor  - 

10:47:58,678 [main] DEBUG org.activiti.engine.impl.interceptor.LogInterceptor  - --- starting GetTableCountCmd --------------------------------------------------------
10:47:58,678 [main] DEBUG org.apache.ibatis.transaction.jdbc.JdbcTransaction  - Opening JDBC Connection
10:47:58,678 [main] DEBUG org.apache.ibatis.datasource.pooled.PooledDataSource  - Checked out connection 180014677 from pool.
10:47:58,678 [main] DEBUG org.apache.ibatis.transaction.jdbc.JdbcTransaction  - Setting autocommit to false on JDBC Connection [conn3: url=jdbc:h2:mem:activiti user=SA]
10:47:58,678 [main] DEBUG org.activiti.engine.impl.persistence.entity.TableDataManager  - retrieving activiti tables from jdbc metadata
10:47:58,679 [main] DEBUG org.activiti.engine.impl.persistence.entity.TableDataManager  -   retrieved activiti table name ACT_EVT_LOG
10:47:58,679 [main] DEBUG org.activiti.engine.impl.persistence.entity.TableDataManager  -   retrieved activiti table name ACT_GE_BYTEARRAY
10:47:58,679 [main] DEBUG org.activiti.engine.impl.persistence.entity.TableDataManager  -   retrieved activiti table name ACT_GE_PROPERTY
10:47:58,679 [main] DEBUG org.activiti.engine.impl.persistence.entity.TableDataManager  -   retrieved activiti table name ACT_HI_ACTINST
10:47:58,679 [main] DEBUG org.activiti.engine.impl.persistence.entity.TableDataManager  -   retrieved activiti table name ACT_HI_ATTACHMENT
10:47:58,679 [main] DEBUG org.activiti.engine.impl.persistence.entity.TableDataManager  -   retrieved activiti table name ACT_HI_COMMENT
10:47:58,679 [main] DEBUG org.activiti.engine.impl.persistence.entity.TableDataManager  -   retrieved activiti table name ACT_HI_DETAIL
10:47:58,679 [main] DEBUG org.activiti.engine.impl.persistence.entity.TableDataManager  -   retrieved activiti table name ACT_HI_IDENTITYLINK
10:47:58,679 [main] DEBUG org.activiti.engine.impl.persistence.entity.TableDataManager  -   retrieved activiti table name ACT_HI_PROCINST
10:47:58,679 [main] DEBUG org.activiti.engine.impl.persistence.entity.TableDataManager  -   retrieved activiti table name ACT_HI_TASKINST
10:47:58,679 [main] DEBUG org.activiti.engine.impl.persistence.entity.TableDataManager  -   retrieved activiti table name ACT_HI_VARINST
10:47:58,679 [main] DEBUG org.activiti.engine.impl.persistence.entity.TableDataManager  -   retrieved activiti table name ACT_ID_GROUP
10:47:58,679 [main] DEBUG org.activiti.engine.impl.persistence.entity.TableDataManager  -   retrieved activiti table name ACT_ID_INFO
10:47:58,679 [main] DEBUG org.activiti.engine.impl.persistence.entity.TableDataManager  -   retrieved activiti table name ACT_ID_MEMBERSHIP
10:47:58,679 [main] DEBUG org.activiti.engine.impl.persistence.entity.TableDataManager  -   retrieved activiti table name ACT_ID_USER
10:47:58,679 [main] DEBUG org.activiti.engine.impl.persistence.entity.TableDataManager  -   retrieved activiti table name ACT_PROCDEF_INFO
10:47:58,679 [main] DEBUG org.activiti.engine.impl.persistence.entity.TableDataManager  -   retrieved activiti table name ACT_RE_DEPLOYMENT
10:47:58,679 [main] DEBUG org.activiti.engine.impl.persistence.entity.TableDataManager  -   retrieved activiti table name ACT_RE_MODEL
10:47:58,679 [main] DEBUG org.activiti.engine.impl.persistence.entity.TableDataManager  -   retrieved activiti table name ACT_RE_PROCDEF
10:47:58,679 [main] DEBUG org.activiti.engine.impl.persistence.entity.TableDataManager  -   retrieved activiti table name ACT_RU_EVENT_SUBSCR
10:47:58,679 [main] DEBUG org.activiti.engine.impl.persistence.entity.TableDataManager  -   retrieved activiti table name ACT_RU_EXECUTION
10:47:58,679 [main] DEBUG org.activiti.engine.impl.persistence.entity.TableDataManager  -   retrieved activiti table name ACT_RU_IDENTITYLINK
10:47:58,679 [main] DEBUG org.activiti.engine.impl.persistence.entity.TableDataManager  -   retrieved activiti table name ACT_RU_JOB
10:47:58,679 [main] DEBUG org.activiti.engine.impl.persistence.entity.TableDataManager  -   retrieved activiti table name ACT_RU_TASK
10:47:58,679 [main] DEBUG org.activiti.engine.impl.persistence.entity.TableDataManager  -   retrieved activiti table name ACT_RU_VARIABLE
10:47:58,679 [main] DEBUG org.activiti.engine.impl.persistence.entity.TableDataManager  - selecting table count for ACT_EVT_LOG
10:47:58,679 [main] DEBUG org.activiti.engine.impl.TablePageMap.selectTableCount  - ==&gt;  Preparing: select count(*) from ACT_EVT_LOG 
10:47:58,679 [main] DEBUG org.activiti.engine.impl.TablePageMap.selectTableCount  - ==&gt; Parameters: 
10:47:58,679 [main] DEBUG org.activiti.engine.impl.TablePageMap.selectTableCount  - &lt;==      Total: 1
10:47:58,679 [main] DEBUG org.activiti.engine.impl.persistence.entity.TableDataManager  - selecting table count for ACT_GE_BYTEARRAY
10:47:58,679 [main] DEBUG org.activiti.engine.impl.TablePageMap.selectTableCount  - ==&gt;  Preparing: select count(*) from ACT_GE_BYTEARRAY 
10:47:58,679 [main] DEBUG org.activiti.engine.impl.TablePageMap.selectTableCount  - ==&gt; Parameters: 
10:47:58,679 [main] DEBUG org.activiti.engine.impl.TablePageMap.selectTableCount  - &lt;==      Total: 1
10:47:58,679 [main] DEBUG org.activiti.engine.impl.persistence.entity.TableDataManager  - selecting table count for ACT_GE_PROPERTY
10:47:58,679 [main] DEBUG org.activiti.engine.impl.TablePageMap.selectTableCount  - ==&gt;  Preparing: select count(*) from ACT_GE_PROPERTY 
10:47:58,679 [main] DEBUG org.activiti.engine.impl.TablePageMap.selectTableCount  - ==&gt; Parameters: 
10:47:58,679 [main] DEBUG org.activiti.engine.impl.TablePageMap.selectTableCount  - &lt;==      Total: 1
10:47:58,679 [main] DEBUG org.activiti.engine.impl.persistence.entity.TableDataManager  - selecting table count for ACT_HI_ACTINST
10:47:58,680 [main] DEBUG org.activiti.engine.impl.TablePageMap.selectTableCount  - ==&gt;  Preparing: select count(*) from ACT_HI_ACTINST 
10:47:58,680 [main] DEBUG org.activiti.engine.impl.TablePageMap.selectTableCount  - ==&gt; Parameters: 
10:47:58,680 [main] DEBUG org.activiti.engine.impl.TablePageMap.selectTableCount  - &lt;==      Total: 1
10:47:58,680 [main] DEBUG org.activiti.engine.impl.persistence.entity.TableDataManager  - selecting table count for ACT_HI_ATTACHMENT
10:47:58,680 [main] DEBUG org.activiti.engine.impl.TablePageMap.selectTableCount  - ==&gt;  Preparing: select count(*) from ACT_HI_ATTACHMENT 
10:47:58,680 [main] DEBUG org.activiti.engine.impl.TablePageMap.selectTableCount  - ==&gt; Parameters: 
10:47:58,680 [main] DEBUG org.activiti.engine.impl.TablePageMap.selectTableCount  - &lt;==      Total: 1
10:47:58,680 [main] DEBUG org.activiti.engine.impl.persistence.entity.TableDataManager  - selecting table count for ACT_HI_COMMENT
10:47:58,680 [main] DEBUG org.activiti.engine.impl.TablePageMap.selectTableCount  - ==&gt;  Preparing: select count(*) from ACT_HI_COMMENT 
10:47:58,680 [main] DEBUG org.activiti.engine.impl.TablePageMap.selectTableCount  - ==&gt; Parameters: 
10:47:58,680 [main] DEBUG org.activiti.engine.impl.TablePageMap.selectTableCount  - &lt;==      Total: 1
10:47:58,680 [main] DEBUG org.activiti.engine.impl.persistence.entity.TableDataManager  - selecting table count for ACT_HI_DETAIL
10:47:58,680 [main] DEBUG org.activiti.engine.impl.TablePageMap.selectTableCount  - ==&gt;  Preparing: select count(*) from ACT_HI_DETAIL 
10:47:58,680 [main] DEBUG org.activiti.engine.impl.TablePageMap.selectTableCount  - ==&gt; Parameters: 
10:47:58,680 [main] DEBUG org.activiti.engine.impl.TablePageMap.selectTableCount  - &lt;==      Total: 1
10:47:58,680 [main] DEBUG org.activiti.engine.impl.persistence.entity.TableDataManager  - selecting table count for ACT_HI_IDENTITYLINK
10:47:58,680 [main] DEBUG org.activiti.engine.impl.TablePageMap.selectTableCount  - ==&gt;  Preparing: select count(*) from ACT_HI_IDENTITYLINK 
10:47:58,680 [main] DEBUG org.activiti.engine.impl.TablePageMap.selectTableCount  - ==&gt; Parameters: 
10:47:58,680 [main] DEBUG org.activiti.engine.impl.TablePageMap.selectTableCount  - &lt;==      Total: 1
10:47:58,680 [main] DEBUG org.activiti.engine.impl.persistence.entity.TableDataManager  - selecting table count for ACT_HI_PROCINST
10:47:58,680 [main] DEBUG org.activiti.engine.impl.TablePageMap.selectTableCount  - ==&gt;  Preparing: select count(*) from ACT_HI_PROCINST 
10:47:58,680 [main] DEBUG org.activiti.engine.impl.TablePageMap.selectTableCount  - ==&gt; Parameters: 
10:47:58,680 [main] DEBUG org.activiti.engine.impl.TablePageMap.selectTableCount  - &lt;==      Total: 1
10:47:58,680 [main] DEBUG org.activiti.engine.impl.persistence.entity.TableDataManager  - selecting table count for ACT_HI_TASKINST
10:47:58,680 [main] DEBUG org.activiti.engine.impl.TablePageMap.selectTableCount  - ==&gt;  Preparing: select count(*) from ACT_HI_TASKINST 
10:47:58,680 [main] DEBUG org.activiti.engine.impl.TablePageMap.selectTableCount  - ==&gt; Parameters: 
10:47:58,680 [main] DEBUG org.activiti.engine.impl.TablePageMap.selectTableCount  - &lt;==      Total: 1
10:47:58,680 [main] DEBUG org.activiti.engine.impl.persistence.entity.TableDataManager  - selecting table count for ACT_HI_VARINST
10:47:58,680 [main] DEBUG org.activiti.engine.impl.TablePageMap.selectTableCount  - ==&gt;  Preparing: select count(*) from ACT_HI_VARINST 
10:47:58,680 [main] DEBUG org.activiti.engine.impl.TablePageMap.selectTableCount  - ==&gt; Parameters: 
10:47:58,680 [main] DEBUG org.activiti.engine.impl.TablePageMap.selectTableCount  - &lt;==      Total: 1
10:47:58,680 [main] DEBUG org.activiti.engine.impl.persistence.entity.TableDataManager  - selecting table count for ACT_ID_GROUP
10:47:58,680 [main] DEBUG org.activiti.engine.impl.TablePageMap.selectTableCount  - ==&gt;  Preparing: select count(*) from ACT_ID_GROUP 
10:47:58,680 [main] DEBUG org.activiti.engine.impl.TablePageMap.selectTableCount  - ==&gt; Parameters: 
10:47:58,680 [main] DEBUG org.activiti.engine.impl.TablePageMap.selectTableCount  - &lt;==      Total: 1
10:47:58,680 [main] DEBUG org.activiti.engine.impl.persistence.entity.TableDataManager  - selecting table count for ACT_ID_INFO
10:47:58,680 [main] DEBUG org.activiti.engine.impl.TablePageMap.selectTableCount  - ==&gt;  Preparing: select count(*) from ACT_ID_INFO 
10:47:58,680 [main] DEBUG org.activiti.engine.impl.TablePageMap.selectTableCount  - ==&gt; Parameters: 
10:47:58,680 [main] DEBUG org.activiti.engine.impl.TablePageMap.selectTableCount  - &lt;==      Total: 1
10:47:58,680 [main] DEBUG org.activiti.engine.impl.persistence.entity.TableDataManager  - selecting table count for ACT_ID_MEMBERSHIP
10:47:58,680 [main] DEBUG org.activiti.engine.impl.TablePageMap.selectTableCount  - ==&gt;  Preparing: select count(*) from ACT_ID_MEMBERSHIP 
10:47:58,680 [main] DEBUG org.activiti.engine.impl.TablePageMap.selectTableCount  - ==&gt; Parameters: 
10:47:58,680 [main] DEBUG org.activiti.engine.impl.TablePageMap.selectTableCount  - &lt;==      Total: 1
10:47:58,680 [main] DEBUG org.activiti.engine.impl.persistence.entity.TableDataManager  - selecting table count for ACT_ID_USER
10:47:58,680 [main] DEBUG org.activiti.engine.impl.TablePageMap.selectTableCount  - ==&gt;  Preparing: select count(*) from ACT_ID_USER 
10:47:58,680 [main] DEBUG org.activiti.engine.impl.TablePageMap.selectTableCount  - ==&gt; Parameters: 
10:47:58,680 [main] DEBUG org.activiti.engine.impl.TablePageMap.selectTableCount  - &lt;==      Total: 1
10:47:58,680 [main] DEBUG org.activiti.engine.impl.persistence.entity.TableDataManager  - selecting table count for ACT_PROCDEF_INFO
10:47:58,680 [main] DEBUG org.activiti.engine.impl.TablePageMap.selectTableCount  - ==&gt;  Preparing: select count(*) from ACT_PROCDEF_INFO 
10:47:58,680 [main] DEBUG org.activiti.engine.impl.TablePageMap.selectTableCount  - ==&gt; Parameters: 
10:47:58,680 [main] DEBUG org.activiti.engine.impl.TablePageMap.selectTableCount  - &lt;==      Total: 1
10:47:58,680 [main] DEBUG org.activiti.engine.impl.persistence.entity.TableDataManager  - selecting table count for ACT_RE_DEPLOYMENT
10:47:58,680 [main] DEBUG org.activiti.engine.impl.TablePageMap.selectTableCount  - ==&gt;  Preparing: select count(*) from ACT_RE_DEPLOYMENT 
10:47:58,680 [main] DEBUG org.activiti.engine.impl.TablePageMap.selectTableCount  - ==&gt; Parameters: 
10:47:58,680 [main] DEBUG org.activiti.engine.impl.TablePageMap.selectTableCount  - &lt;==      Total: 1
10:47:58,681 [main] DEBUG org.activiti.engine.impl.persistence.entity.TableDataManager  - selecting table count for ACT_RE_MODEL
10:47:58,681 [main] DEBUG org.activiti.engine.impl.TablePageMap.selectTableCount  - ==&gt;  Preparing: select count(*) from ACT_RE_MODEL 
10:47:58,681 [main] DEBUG org.activiti.engine.impl.TablePageMap.selectTableCount  - ==&gt; Parameters: 
10:47:58,681 [main] DEBUG org.activiti.engine.impl.TablePageMap.selectTableCount  - &lt;==      Total: 1
10:47:58,681 [main] DEBUG org.activiti.engine.impl.persistence.entity.TableDataManager  - selecting table count for ACT_RE_PROCDEF
10:47:58,681 [main] DEBUG org.activiti.engine.impl.TablePageMap.selectTableCount  - ==&gt;  Preparing: select count(*) from ACT_RE_PROCDEF 
10:47:58,681 [main] DEBUG org.activiti.engine.impl.TablePageMap.selectTableCount  - ==&gt; Parameters: 
10:47:58,681 [main] DEBUG org.activiti.engine.impl.TablePageMap.selectTableCount  - &lt;==      Total: 1
10:47:58,681 [main] DEBUG org.activiti.engine.impl.persistence.entity.TableDataManager  - selecting table count for ACT_RU_EVENT_SUBSCR
10:47:58,681 [main] DEBUG org.activiti.engine.impl.TablePageMap.selectTableCount  - ==&gt;  Preparing: select count(*) from ACT_RU_EVENT_SUBSCR 
10:47:58,681 [main] DEBUG org.activiti.engine.impl.TablePageMap.selectTableCount  - ==&gt; Parameters: 
10:47:58,681 [main] DEBUG org.activiti.engine.impl.TablePageMap.selectTableCount  - &lt;==      Total: 1
10:47:58,681 [main] DEBUG org.activiti.engine.impl.persistence.entity.TableDataManager  - selecting table count for ACT_RU_EXECUTION
10:47:58,681 [main] DEBUG org.activiti.engine.impl.TablePageMap.selectTableCount  - ==&gt;  Preparing: select count(*) from ACT_RU_EXECUTION 
10:47:58,681 [main] DEBUG org.activiti.engine.impl.TablePageMap.selectTableCount  - ==&gt; Parameters: 
10:47:58,681 [main] DEBUG org.activiti.engine.impl.TablePageMap.selectTableCount  - &lt;==      Total: 1
10:47:58,681 [main] DEBUG org.activiti.engine.impl.persistence.entity.TableDataManager  - selecting table count for ACT_RU_IDENTITYLINK
10:47:58,681 [main] DEBUG org.activiti.engine.impl.TablePageMap.selectTableCount  - ==&gt;  Preparing: select count(*) from ACT_RU_IDENTITYLINK 
10:47:58,681 [main] DEBUG org.activiti.engine.impl.TablePageMap.selectTableCount  - ==&gt; Parameters: 
10:47:58,681 [main] DEBUG org.activiti.engine.impl.TablePageMap.selectTableCount  - &lt;==      Total: 1
10:47:58,681 [main] DEBUG org.activiti.engine.impl.persistence.entity.TableDataManager  - selecting table count for ACT_RU_JOB
10:47:58,681 [main] DEBUG org.activiti.engine.impl.TablePageMap.selectTableCount  - ==&gt;  Preparing: select count(*) from ACT_RU_JOB 
10:47:58,681 [main] DEBUG org.activiti.engine.impl.TablePageMap.selectTableCount  - ==&gt; Parameters: 
10:47:58,681 [main] DEBUG org.activiti.engine.impl.TablePageMap.selectTableCount  - &lt;==      Total: 1
10:47:58,681 [main] DEBUG org.activiti.engine.impl.persistence.entity.TableDataManager  - selecting table count for ACT_RU_TASK
10:47:58,681 [main] DEBUG org.activiti.engine.impl.TablePageMap.selectTableCount  - ==&gt;  Preparing: select count(*) from ACT_RU_TASK 
10:47:58,681 [main] DEBUG org.activiti.engine.impl.TablePageMap.selectTableCount  - ==&gt; Parameters: 
10:47:58,681 [main] DEBUG org.activiti.engine.impl.TablePageMap.selectTableCount  - &lt;==      Total: 1
10:47:58,681 [main] DEBUG org.activiti.engine.impl.persistence.entity.TableDataManager  - selecting table count for ACT_RU_VARIABLE
10:47:58,681 [main] DEBUG org.activiti.engine.impl.TablePageMap.selectTableCount  - ==&gt;  Preparing: select count(*) from ACT_RU_VARIABLE 
10:47:58,681 [main] DEBUG org.activiti.engine.impl.TablePageMap.selectTableCount  - ==&gt; Parameters: 
10:47:58,681 [main] DEBUG org.activiti.engine.impl.TablePageMap.selectTableCount  - &lt;==      Total: 1
10:47:58,681 [main] DEBUG org.activiti.engine.impl.persistence.entity.TableDataManager  - Number of rows per activiti table: {ACT_RU_EVENT_SUBSCR=0, ACT_ID_USER=0, ACT_HI_ATTACHMENT=0, ACT_GE_BYTEARRAY=1, ACT_RE_MODEL=0, ACT_RU_VARIABLE=0, ACT_RU_TASK=0, ACT_RE_DEPLOYMENT=1, ACT_RE_PROCDEF=1, ACT_ID_GROUP=0, ACT_HI_VARINST=0, ACT_HI_COMMENT=0, ACT_HI_PROCINST=1, ACT_ID_INFO=0, ACT_ID_MEMBERSHIP=0, ACT_RU_JOB=0, ACT_PROCDEF_INFO=0, ACT_HI_ACTINST=3, ACT_RU_EXECUTION=0, ACT_HI_TASKINST=0, ACT_HI_DETAIL=0, ACT_EVT_LOG=0, ACT_HI_IDENTITYLINK=0, ACT_RU_IDENTITYLINK=0, ACT_GE_PROPERTY=3}
10:47:58,681 [main] DEBUG org.activiti.engine.impl.db.DbSqlSession  - flush summary: 0 insert, 0 update, 0 delete.
10:47:58,681 [main] DEBUG org.activiti.engine.impl.db.DbSqlSession  - now executing flush...
10:47:58,681 [main] DEBUG org.activiti.engine.impl.cfg.standalone.StandaloneMybatisTransactionContext  - firing event committing...
10:47:58,681 [main] DEBUG org.activiti.engine.impl.cfg.standalone.StandaloneMybatisTransactionContext  - committing the ibatis sql session...
10:47:58,681 [main] DEBUG org.activiti.engine.impl.cfg.standalone.StandaloneMybatisTransactionContext  - firing event committed...
10:47:58,681 [main] DEBUG org.apache.ibatis.transaction.jdbc.JdbcTransaction  - Resetting autocommit to true on JDBC Connection [conn3: url=jdbc:h2:mem:activiti user=SA]
10:47:58,681 [main] DEBUG org.apache.ibatis.transaction.jdbc.JdbcTransaction  - Closing JDBC Connection [conn3: url=jdbc:h2:mem:activiti user=SA]
10:47:58,681 [main] DEBUG org.apache.ibatis.datasource.pooled.PooledDataSource  - Returned connection 180014677 to pool.
10:47:58,681 [main] DEBUG org.activiti.engine.impl.interceptor.LogInterceptor  - --- GetTableCountCmd finished --------------------------------------------------------
10:47:58,681 [main] DEBUG org.activiti.engine.impl.interceptor.LogInterceptor  - 

10:47:58,681 [main] ERROR org.activiti.engine.impl.test.PvmTestCase  - 

10:47:58,681 [main] ERROR org.activiti.engine.impl.test.PvmTestCase  - DB NOT CLEAN: 
  ACT_GE_BYTEARRAY: 1 record(s)   ACT_RE_DEPLOYMENT: 1 record(s)   ACT_RE_PROCDEF: 1 record(s)   ACT_HI_PROCINST: 1 record(s)   ACT_HI_ACTINST: 3 record(s) 
10:47:58,681 [main] INFO  org.activiti.engine.impl.test.PvmTestCase  - dropping and recreating db
10:47:58,681 [main] DEBUG org.activiti.engine.impl.interceptor.LogInterceptor  - 

10:47:58,681 [main] DEBUG org.activiti.engine.impl.interceptor.LogInterceptor  - --- starting  --------------------------------------------------------
10:47:58,682 [main] INFO  org.activiti.engine.impl.db.DbSqlSession  - performing drop on engine with resource org/activiti/db/drop/activiti.h2.drop.engine.sql
10:47:58,682 [main] DEBUG org.apache.ibatis.transaction.jdbc.JdbcTransaction  - Opening JDBC Connection
10:47:58,682 [main] DEBUG org.apache.ibatis.datasource.pooled.PooledDataSource  - Checked out connection 297240765 from pool.
10:47:58,682 [main] DEBUG org.apache.ibatis.transaction.jdbc.JdbcTransaction  - Setting autocommit to false on JDBC Connection [conn4: url=jdbc:h2:mem:activiti user=SA]
10:47:58,682 [main] DEBUG org.activiti.engine.impl.db.DbSqlSession  - SQL: drop table if exists ACT_GE_PROPERTY cascade constraints
10:47:58,682 [main] DEBUG org.activiti.engine.impl.db.DbSqlSession  - SQL: drop table if exists ACT_GE_BYTEARRAY cascade constraints
10:47:58,682 [main] DEBUG org.activiti.engine.impl.db.DbSqlSession  - SQL: drop table if exists ACT_RE_DEPLOYMENT cascade constraints
10:47:58,682 [main] DEBUG org.activiti.engine.impl.db.DbSqlSession  - SQL: drop table if exists ACT_RE_MODEL cascade constraints
10:47:58,682 [main] DEBUG org.activiti.engine.impl.db.DbSqlSession  - SQL: drop table if exists ACT_RU_EXECUTION cascade constraints
10:47:58,682 [main] DEBUG org.activiti.engine.impl.db.DbSqlSession  - SQL: drop table if exists ACT_RU_JOB cascade constraints
10:47:58,682 [main] DEBUG org.activiti.engine.impl.db.DbSqlSession  - SQL: drop table if exists ACT_RE_PROCDEF cascade constraints
10:47:58,682 [main] DEBUG org.activiti.engine.impl.db.DbSqlSession  - SQL: drop table if exists ACT_RU_TASK cascade constraints
10:47:58,682 [main] DEBUG org.activiti.engine.impl.db.DbSqlSession  - SQL: drop table if exists ACT_RU_IDENTITYLINK cascade constraints
10:47:58,682 [main] DEBUG org.activiti.engine.impl.db.DbSqlSession  - SQL: drop table if exists ACT_RU_VARIABLE cascade constraints
10:47:58,682 [main] DEBUG org.activiti.engine.impl.db.DbSqlSession  - SQL: drop table if exists ACT_RU_EVENT_SUBSCR cascade constraints
10:47:58,682 [main] DEBUG org.activiti.engine.impl.db.DbSqlSession  - SQL: drop table if exists ACT_EVT_LOG cascade constraints
10:47:58,683 [main] DEBUG org.activiti.engine.impl.db.DbSqlSession  - SQL: drop table if exists ACT_PROCDEF_INFO cascade constraints
10:47:58,683 [main] DEBUG org.activiti.engine.impl.db.DbSqlSession  - SQL: drop index if exists ACT_IDX_EXEC_BUSKEY
10:47:58,683 [main] DEBUG org.activiti.engine.impl.db.DbSqlSession  - SQL: drop index if exists ACT_IDX_TASK_CREATE
10:47:58,683 [main] DEBUG org.activiti.engine.impl.db.DbSqlSession  - SQL: drop index if exists ACT_IDX_IDENT_LNK_USER
10:47:58,683 [main] DEBUG org.activiti.engine.impl.db.DbSqlSession  - SQL: drop index if exists ACT_IDX_IDENT_LNK_GROUP
10:47:58,683 [main] DEBUG org.activiti.engine.impl.db.DbSqlSession  - SQL: drop index if exists ACT_IDX_VARIABLE_TASK_ID
10:47:58,683 [main] DEBUG org.activiti.engine.impl.db.DbSqlSession  - SQL: drop index if exists ACT_IDX_EVENT_SUBSCR_CONFIG_
10:47:58,683 [main] DEBUG org.activiti.engine.impl.db.DbSqlSession  - SQL: drop index if exists ACT_IDX_ATHRZ_PROCEDEF
10:47:58,683 [main] DEBUG org.activiti.engine.impl.db.DbSqlSession  - SQL: drop index if exists ACT_IDX_INFO_PROCDEF
10:47:58,683 [main] DEBUG org.activiti.engine.impl.db.DbSqlSession  - activiti db schema drop for component engine successful
10:47:58,683 [main] INFO  org.activiti.engine.impl.db.DbSqlSession  - performing drop on history with resource org/activiti/db/drop/activiti.h2.drop.history.sql
10:47:58,683 [main] DEBUG org.activiti.engine.impl.db.DbSqlSession  - SQL: drop table if exists ACT_HI_PROCINST cascade constraints
10:47:58,683 [main] DEBUG org.activiti.engine.impl.db.DbSqlSession  - SQL: drop table if exists ACT_HI_ACTINST cascade constraints
10:47:58,683 [main] DEBUG org.activiti.engine.impl.db.DbSqlSession  - SQL: drop table if exists ACT_HI_VARINST cascade constraints
10:47:58,683 [main] DEBUG org.activiti.engine.impl.db.DbSqlSession  - SQL: drop table if exists ACT_HI_TASKINST cascade constraints
10:47:58,683 [main] DEBUG org.activiti.engine.impl.db.DbSqlSession  - SQL: drop table if exists ACT_HI_DETAIL cascade constraints
10:47:58,683 [main] DEBUG org.activiti.engine.impl.db.DbSqlSession  - SQL: drop table if exists ACT_HI_COMMENT cascade constraints
10:47:58,683 [main] DEBUG org.activiti.engine.impl.db.DbSqlSession  - SQL: drop table if exists ACT_HI_ATTACHMENT cascade constraints
10:47:58,683 [main] DEBUG org.activiti.engine.impl.db.DbSqlSession  - SQL: drop table if exists ACT_HI_IDENTITYLINK cascade constraints
10:47:58,683 [main] DEBUG org.activiti.engine.impl.db.DbSqlSession  - SQL: drop index if exists ACT_IDX_HI_PRO_INST_END
10:47:58,683 [main] DEBUG org.activiti.engine.impl.db.DbSqlSession  - SQL: drop index if exists ACT_IDX_HI_PRO_I_BUSKEY
10:47:58,683 [main] DEBUG org.activiti.engine.impl.db.DbSqlSession  - SQL: drop index if exists ACT_IDX_HI_ACT_INST_START
10:47:58,683 [main] DEBUG org.activiti.engine.impl.db.DbSqlSession  - SQL: drop index if exists ACT_IDX_HI_ACT_INST_END
10:47:58,683 [main] DEBUG org.activiti.engine.impl.db.DbSqlSession  - SQL: drop index if exists ACT_IDX_HI_DETAIL_PROC_INST
10:47:58,683 [main] DEBUG org.activiti.engine.impl.db.DbSqlSession  - SQL: drop index if exists ACT_IDX_HI_DETAIL_ACT_INST
10:47:58,683 [main] DEBUG org.activiti.engine.impl.db.DbSqlSession  - SQL: drop index if exists ACT_IDX_HI_DETAIL_TIME
10:47:58,683 [main] DEBUG org.activiti.engine.impl.db.DbSqlSession  - SQL: drop index if exists ACT_IDX_HI_DETAIL_NAME
10:47:58,683 [main] DEBUG org.activiti.engine.impl.db.DbSqlSession  - SQL: drop index if exists ACT_IDX_HI_DETAIL_TASK_ID
10:47:58,683 [main] DEBUG org.activiti.engine.impl.db.DbSqlSession  - SQL: drop index if exists ACT_IDX_HI_PROCVAR_PROC_INST
10:47:58,683 [main] DEBUG org.activiti.engine.impl.db.DbSqlSession  - SQL: drop index if exists ACT_IDX_HI_PROCVAR_NAME_TYPE
10:47:58,683 [main] DEBUG org.activiti.engine.impl.db.DbSqlSession  - SQL: drop index if exists ACT_IDX_HI_ACT_INST_PROCINST
10:47:58,683 [main] DEBUG org.activiti.engine.impl.db.DbSqlSession  - SQL: drop index if exists ACT_IDX_HI_IDENT_LNK_USER
10:47:58,683 [main] DEBUG org.activiti.engine.impl.db.DbSqlSession  - SQL: drop index if exists ACT_IDX_HI_IDENT_LNK_TASK
10:47:58,683 [main] DEBUG org.activiti.engine.impl.db.DbSqlSession  - SQL: drop index if exists ACT_IDX_HI_IDENT_LNK_PROCINST
10:47:58,683 [main] DEBUG org.activiti.engine.impl.db.DbSqlSession  - SQL: drop index if exists ACT_IDX_HI_TASK_INST_PROCINST
10:47:58,683 [main] DEBUG org.activiti.engine.impl.db.DbSqlSession  - activiti db schema drop for component history successful
10:47:58,683 [main] INFO  org.activiti.engine.impl.db.DbSqlSession  - performing drop on identity with resource org/activiti/db/drop/activiti.h2.drop.identity.sql
10:47:58,684 [main] DEBUG org.activiti.engine.impl.db.DbSqlSession  - SQL: drop table if exists ACT_ID_INFO cascade constraints
10:47:58,684 [main] DEBUG org.activiti.engine.impl.db.DbSqlSession  - SQL: drop table if exists ACT_ID_GROUP cascade constraints
10:47:58,684 [main] DEBUG org.activiti.engine.impl.db.DbSqlSession  - SQL: drop table if exists ACT_ID_MEMBERSHIP cascade constraints
10:47:58,684 [main] DEBUG org.activiti.engine.impl.db.DbSqlSession  - SQL: drop table if exists ACT_ID_USER cascade constraints
10:47:58,684 [main] DEBUG org.activiti.engine.impl.db.DbSqlSession  - activiti db schema drop for component identity successful
10:47:58,684 [main] INFO  org.activiti.engine.impl.db.DbSqlSession  - performing create on engine with resource org/activiti/db/create/activiti.h2.create.engine.sql
10:47:58,684 [main] DEBUG org.activiti.engine.impl.db.DbSqlSession  - SQL: create table ACT_GE_PROPERTY ( 
NAME_ varchar(64), 
VALUE_ varchar(300), 
REV_ integer, 
primary key (NAME_) 
)
10:47:58,684 [main] DEBUG org.activiti.engine.impl.db.DbSqlSession  - SQL: insert into ACT_GE_PROPERTY 
values (&apos;schema.version&apos;, &apos;5.20.0.0&apos;, 1)
10:47:58,684 [main] DEBUG org.activiti.engine.impl.db.DbSqlSession  - SQL: insert into ACT_GE_PROPERTY 
values (&apos;schema.history&apos;, &apos;create(5.20.0.0)&apos;, 1)
10:47:58,684 [main] DEBUG org.activiti.engine.impl.db.DbSqlSession  - SQL: insert into ACT_GE_PROPERTY 
values (&apos;next.dbid&apos;, &apos;1&apos;, 1)
10:47:58,684 [main] DEBUG org.activiti.engine.impl.db.DbSqlSession  - SQL: create table ACT_GE_BYTEARRAY ( 
ID_ varchar(64), 
REV_ integer, 
NAME_ varchar(255), 
DEPLOYMENT_ID_ varchar(64), 
BYTES_ longvarbinary, 
GENERATED_ bit, 
primary key (ID_) 
)
10:47:58,684 [main] DEBUG org.activiti.engine.impl.db.DbSqlSession  - SQL: create table ACT_RE_DEPLOYMENT ( 
ID_ varchar(64), 
NAME_ varchar(255), 
CATEGORY_ varchar(255), 
TENANT_ID_ varchar(255) default &apos;&apos;, 
DEPLOY_TIME_ timestamp, 
primary key (ID_) 
)
10:47:58,684 [main] DEBUG org.activiti.engine.impl.db.DbSqlSession  - SQL: create table ACT_RE_MODEL ( 
ID_ varchar(64) not null, 
REV_ integer, 
NAME_ varchar(255), 
KEY_ varchar(255), 
CATEGORY_ varchar(255), 
CREATE_TIME_ timestamp, 
LAST_UPDATE_TIME_ timestamp, 
VERSION_ integer, 
META_INFO_ varchar(4000), 
DEPLOYMENT_ID_ varchar(64), 
EDITOR_SOURCE_VALUE_ID_ varchar(64), 
EDITOR_SOURCE_EXTRA_VALUE_ID_ varchar(64), 
TENANT_ID_ varchar(255) default &apos;&apos;, 
primary key (ID_) 
)
10:47:58,684 [main] DEBUG org.activiti.engine.impl.db.DbSqlSession  - SQL: create table ACT_RU_EXECUTION ( 
ID_ varchar(64), 
REV_ integer, 
PROC_INST_ID_ varchar(64), 
BUSINESS_KEY_ varchar(255), 
PARENT_ID_ varchar(64), 
PROC_DEF_ID_ varchar(64), 
SUPER_EXEC_ varchar(64), 
ACT_ID_ varchar(255), 
IS_ACTIVE_ bit, 
IS_CONCURRENT_ bit, 
IS_SCOPE_ bit, 
IS_EVENT_SCOPE_ bit, 
SUSPENSION_STATE_ integer, 
CACHED_ENT_STATE_ integer, 
TENANT_ID_ varchar(255) default &apos;&apos;, 
NAME_ varchar(255), 
LOCK_TIME_ timestamp, 
primary key (ID_) 
)
10:47:58,684 [main] DEBUG org.activiti.engine.impl.db.DbSqlSession  - SQL: create table ACT_RU_JOB ( 
ID_ varchar(64) NOT NULL, 
REV_ integer, 
TYPE_ varchar(255) NOT NULL, 
LOCK_EXP_TIME_ timestamp, 
LOCK_OWNER_ varchar(255), 
EXCLUSIVE_ boolean, 
EXECUTION_ID_ varchar(64), 
PROCESS_INSTANCE_ID_ varchar(64), 
PROC_DEF_ID_ varchar(64), 
RETRIES_ integer, 
EXCEPTION_STACK_ID_ varchar(64), 
EXCEPTION_MSG_ varchar(4000), 
DUEDATE_ timestamp, 
REPEAT_ varchar(255), 
HANDLER_TYPE_ varchar(255), 
HANDLER_CFG_ varchar(4000), 
TENANT_ID_ varchar(255) default &apos;&apos;, 
primary key (ID_) 
)
10:47:58,684 [main] DEBUG org.activiti.engine.impl.db.DbSqlSession  - SQL: create table ACT_RE_PROCDEF ( 
ID_ varchar(64) NOT NULL, 
REV_ integer, 
CATEGORY_ varchar(255), 
NAME_ varchar(255), 
KEY_ varchar(255) NOT NULL, 
VERSION_ integer NOT NULL, 
DEPLOYMENT_ID_ varchar(64), 
RESOURCE_NAME_ varchar(4000), 
DGRM_RESOURCE_NAME_ varchar(4000), 
DESCRIPTION_ varchar(4000), 
HAS_START_FORM_KEY_ bit, 
HAS_GRAPHICAL_NOTATION_ bit, 
SUSPENSION_STATE_ integer, 
TENANT_ID_ varchar(255) default &apos;&apos;, 
primary key (ID_) 
)
10:47:58,684 [main] DEBUG org.activiti.engine.impl.db.DbSqlSession  - SQL: create table ACT_RU_TASK ( 
ID_ varchar(64), 
REV_ integer, 
EXECUTION_ID_ varchar(64), 
PROC_INST_ID_ varchar(64), 
PROC_DEF_ID_ varchar(64), 
NAME_ varchar(255), 
PARENT_TASK_ID_ varchar(64), 
DESCRIPTION_ varchar(4000), 
TASK_DEF_KEY_ varchar(255), 
OWNER_ varchar(255), 
ASSIGNEE_ varchar(255), 
DELEGATION_ varchar(64), 
PRIORITY_ integer, 
CREATE_TIME_ timestamp, 
DUE_DATE_ timestamp, 
CATEGORY_ varchar(255), 
SUSPENSION_STATE_ integer, 
TENANT_ID_ varchar(255) default &apos;&apos;, 
FORM_KEY_ varchar(255), 
primary key (ID_) 
)
10:47:58,684 [main] DEBUG org.activiti.engine.impl.db.DbSqlSession  - SQL: create table ACT_RU_IDENTITYLINK ( 
ID_ varchar(64), 
REV_ integer, 
GROUP_ID_ varchar(255), 
TYPE_ varchar(255), 
USER_ID_ varchar(255), 
TASK_ID_ varchar(64), 
PROC_INST_ID_ varchar(64) null, 
PROC_DEF_ID_ varchar(64), 
primary key (ID_) 
)
10:47:58,684 [main] DEBUG org.activiti.engine.impl.db.DbSqlSession  - SQL: create table ACT_RU_VARIABLE ( 
ID_ varchar(64) not null, 
REV_ integer, 
TYPE_ varchar(255) not null, 
NAME_ varchar(255) not null, 
EXECUTION_ID_ varchar(64), 
PROC_INST_ID_ varchar(64), 
TASK_ID_ varchar(64), 
BYTEARRAY_ID_ varchar(64), 
DOUBLE_ double, 
LONG_ bigint, 
TEXT_ varchar(4000), 
TEXT2_ varchar(4000), 
primary key (ID_) 
)
10:47:58,684 [main] DEBUG org.activiti.engine.impl.db.DbSqlSession  - SQL: create table ACT_RU_EVENT_SUBSCR ( 
ID_ varchar(64) not null, 
REV_ integer, 
EVENT_TYPE_ varchar(255) not null, 
EVENT_NAME_ varchar(255), 
EXECUTION_ID_ varchar(64), 
PROC_INST_ID_ varchar(64), 
ACTIVITY_ID_ varchar(64), 
CONFIGURATION_ varchar(255), 
CREATED_ timestamp not null, 
PROC_DEF_ID_ varchar(64), 
TENANT_ID_ varchar(255) default &apos;&apos;, 
primary key (ID_) 
)
10:47:58,684 [main] DEBUG org.activiti.engine.impl.db.DbSqlSession  - SQL: create table ACT_EVT_LOG ( 
LOG_NR_ identity, 
TYPE_ varchar(64), 
PROC_DEF_ID_ varchar(64), 
PROC_INST_ID_ varchar(64), 
EXECUTION_ID_ varchar(64), 
TASK_ID_ varchar(64), 
TIME_STAMP_ timestamp not null, 
USER_ID_ varchar(255), 
DATA_ longvarbinary, 
LOCK_OWNER_ varchar(255), 
LOCK_TIME_ timestamp, 
IS_PROCESSED_ bit default 0 
)
10:47:58,685 [main] DEBUG org.activiti.engine.impl.db.DbSqlSession  - SQL: create table ACT_PROCDEF_INFO ( 
ID_ varchar(64) not null, 
PROC_DEF_ID_ varchar(64) not null, 
REV_ integer, 
INFO_JSON_ID_ varchar(64), 
primary key (ID_) 
)
10:47:58,685 [main] DEBUG org.activiti.engine.impl.db.DbSqlSession  - SQL: create index ACT_IDX_EXEC_BUSKEY on ACT_RU_EXECUTION(BUSINESS_KEY_)
10:47:58,685 [main] DEBUG org.activiti.engine.impl.db.DbSqlSession  - SQL: create index ACT_IDX_TASK_CREATE on ACT_RU_TASK(CREATE_TIME_)
10:47:58,685 [main] DEBUG org.activiti.engine.impl.db.DbSqlSession  - SQL: create index ACT_IDX_IDENT_LNK_USER on ACT_RU_IDENTITYLINK(USER_ID_)
10:47:58,685 [main] DEBUG org.activiti.engine.impl.db.DbSqlSession  - SQL: create index ACT_IDX_IDENT_LNK_GROUP on ACT_RU_IDENTITYLINK(GROUP_ID_)
10:47:58,685 [main] DEBUG org.activiti.engine.impl.db.DbSqlSession  - SQL: create index ACT_IDX_EVENT_SUBSCR_CONFIG_ on ACT_RU_EVENT_SUBSCR(CONFIGURATION_)
10:47:58,685 [main] DEBUG org.activiti.engine.impl.db.DbSqlSession  - SQL: create index ACT_IDX_VARIABLE_TASK_ID on ACT_RU_VARIABLE(TASK_ID_)
10:47:58,685 [main] DEBUG org.activiti.engine.impl.db.DbSqlSession  - SQL: create index ACT_IDX_ATHRZ_PROCEDEF on ACT_RU_IDENTITYLINK(PROC_DEF_ID_)
10:47:58,685 [main] DEBUG org.activiti.engine.impl.db.DbSqlSession  - SQL: create index ACT_IDX_INFO_PROCDEF on ACT_PROCDEF_INFO(PROC_DEF_ID_)
10:47:58,685 [main] DEBUG org.activiti.engine.impl.db.DbSqlSession  - SQL: alter table ACT_GE_BYTEARRAY 
add constraint ACT_FK_BYTEARR_DEPL 
foreign key (DEPLOYMENT_ID_) 
references ACT_RE_DEPLOYMENT
10:47:58,685 [main] DEBUG org.activiti.engine.impl.db.DbSqlSession  - SQL: alter table ACT_RE_PROCDEF 
add constraint ACT_UNIQ_PROCDEF 
unique (KEY_,VERSION_, TENANT_ID_)
10:47:58,685 [main] DEBUG org.activiti.engine.impl.db.DbSqlSession  - SQL: alter table ACT_RU_EXECUTION 
add constraint ACT_FK_EXE_PROCINST 
foreign key (PROC_INST_ID_) 
references ACT_RU_EXECUTION
10:47:58,685 [main] DEBUG org.activiti.engine.impl.db.DbSqlSession  - SQL: alter table ACT_RU_EXECUTION 
add constraint ACT_FK_EXE_PARENT 
foreign key (PARENT_ID_) 
references ACT_RU_EXECUTION
10:47:58,685 [main] DEBUG org.activiti.engine.impl.db.DbSqlSession  - SQL: alter table ACT_RU_EXECUTION 
add constraint ACT_FK_EXE_SUPER 
foreign key (SUPER_EXEC_) 
references ACT_RU_EXECUTION
10:47:58,685 [main] DEBUG org.activiti.engine.impl.db.DbSqlSession  - SQL: alter table ACT_RU_EXECUTION 
add constraint ACT_FK_EXE_PROCDEF 
foreign key (PROC_DEF_ID_) 
references ACT_RE_PROCDEF (ID_)
10:47:58,685 [main] DEBUG org.activiti.engine.impl.db.DbSqlSession  - SQL: alter table ACT_RU_IDENTITYLINK 
add constraint ACT_FK_TSKASS_TASK 
foreign key (TASK_ID_) 
references ACT_RU_TASK
10:47:58,685 [main] DEBUG org.activiti.engine.impl.db.DbSqlSession  - SQL: alter table ACT_RU_IDENTITYLINK 
add constraint ACT_FK_ATHRZ_PROCEDEF 
foreign key (PROC_DEF_ID_) 
references ACT_RE_PROCDEF
10:47:58,685 [main] DEBUG org.activiti.engine.impl.db.DbSqlSession  - SQL: alter table ACT_RU_IDENTITYLINK 
add constraint ACT_FK_IDL_PROCINST 
foreign key (PROC_INST_ID_) 
references ACT_RU_EXECUTION (ID_)
10:47:58,685 [main] DEBUG org.activiti.engine.impl.db.DbSqlSession  - SQL: alter table ACT_RU_TASK 
add constraint ACT_FK_TASK_EXE 
foreign key (EXECUTION_ID_) 
references ACT_RU_EXECUTION
10:47:58,685 [main] DEBUG org.activiti.engine.impl.db.DbSqlSession  - SQL: alter table ACT_RU_TASK 
add constraint ACT_FK_TASK_PROCINST 
foreign key (PROC_INST_ID_) 
references ACT_RU_EXECUTION
10:47:58,685 [main] DEBUG org.activiti.engine.impl.db.DbSqlSession  - SQL: alter table ACT_RU_TASK 
add constraint ACT_FK_TASK_PROCDEF 
foreign key (PROC_DEF_ID_) 
references ACT_RE_PROCDEF
10:47:58,685 [main] DEBUG org.activiti.engine.impl.db.DbSqlSession  - SQL: alter table ACT_RU_VARIABLE 
add constraint ACT_FK_VAR_EXE 
foreign key (EXECUTION_ID_) 
references ACT_RU_EXECUTION
10:47:58,685 [main] DEBUG org.activiti.engine.impl.db.DbSqlSession  - SQL: alter table ACT_RU_VARIABLE 
add constraint ACT_FK_VAR_PROCINST 
foreign key (PROC_INST_ID_) 
references ACT_RU_EXECUTION
10:47:58,685 [main] DEBUG org.activiti.engine.impl.db.DbSqlSession  - SQL: alter table ACT_RU_VARIABLE 
add constraint ACT_FK_VAR_BYTEARRAY 
foreign key (BYTEARRAY_ID_) 
references ACT_GE_BYTEARRAY
10:47:58,685 [main] DEBUG org.activiti.engine.impl.db.DbSqlSession  - SQL: alter table ACT_RU_JOB 
add constraint ACT_FK_JOB_EXCEPTION 
foreign key (EXCEPTION_STACK_ID_) 
references ACT_GE_BYTEARRAY
10:47:58,685 [main] DEBUG org.activiti.engine.impl.db.DbSqlSession  - SQL: alter table ACT_RU_EVENT_SUBSCR 
add constraint ACT_FK_EVENT_EXEC 
foreign key (EXECUTION_ID_) 
references ACT_RU_EXECUTION
10:47:58,685 [main] DEBUG org.activiti.engine.impl.db.DbSqlSession  - SQL: alter table ACT_RE_MODEL 
add constraint ACT_FK_MODEL_SOURCE 
foreign key (EDITOR_SOURCE_VALUE_ID_) 
references ACT_GE_BYTEARRAY (ID_)
10:47:58,685 [main] DEBUG org.activiti.engine.impl.db.DbSqlSession  - SQL: alter table ACT_RE_MODEL 
add constraint ACT_FK_MODEL_SOURCE_EXTRA 
foreign key (EDITOR_SOURCE_EXTRA_VALUE_ID_) 
references ACT_GE_BYTEARRAY (ID_)
10:47:58,687 [main] DEBUG org.activiti.engine.impl.db.DbSqlSession  - SQL: alter table ACT_RE_MODEL 
add constraint ACT_FK_MODEL_DEPLOYMENT 
foreign key (DEPLOYMENT_ID_) 
references ACT_RE_DEPLOYMENT (ID_)
10:47:58,687 [main] DEBUG org.activiti.engine.impl.db.DbSqlSession  - SQL: alter table ACT_PROCDEF_INFO 
add constraint ACT_FK_INFO_JSON_BA 
foreign key (INFO_JSON_ID_) 
references ACT_GE_BYTEARRAY (ID_)
10:47:58,687 [main] DEBUG org.activiti.engine.impl.db.DbSqlSession  - SQL: alter table ACT_PROCDEF_INFO 
add constraint ACT_FK_INFO_PROCDEF 
foreign key (PROC_DEF_ID_) 
references ACT_RE_PROCDEF (ID_)
10:47:58,687 [main] DEBUG org.activiti.engine.impl.db.DbSqlSession  - SQL: alter table ACT_PROCDEF_INFO 
add constraint ACT_UNIQ_INFO_PROCDEF 
unique (PROC_DEF_ID_)
10:47:58,687 [main] DEBUG org.activiti.engine.impl.db.DbSqlSession  - activiti db schema create for component engine successful
10:47:58,687 [main] INFO  org.activiti.engine.impl.db.DbSqlSession  - performing create on history with resource org/activiti/db/create/activiti.h2.create.history.sql
10:47:58,687 [main] DEBUG org.activiti.engine.impl.db.DbSqlSession  - SQL: create table ACT_HI_PROCINST ( 
ID_ varchar(64) not null, 
PROC_INST_ID_ varchar(64) not null, 
BUSINESS_KEY_ varchar(255), 
PROC_DEF_ID_ varchar(64) not null, 
START_TIME_ timestamp not null, 
END_TIME_ timestamp, 
DURATION_ bigint, 
START_USER_ID_ varchar(255), 
START_ACT_ID_ varchar(255), 
END_ACT_ID_ varchar(255), 
SUPER_PROCESS_INSTANCE_ID_ varchar(64), 
DELETE_REASON_ varchar(4000), 
TENANT_ID_ varchar(255) default &apos;&apos;, 
NAME_ varchar(255), 
primary key (ID_), 
unique (PROC_INST_ID_) 
)
10:47:58,687 [main] DEBUG org.activiti.engine.impl.db.DbSqlSession  - SQL: create table ACT_HI_ACTINST ( 
ID_ varchar(64) not null, 
PROC_DEF_ID_ varchar(64) not null, 
PROC_INST_ID_ varchar(64) not null, 
EXECUTION_ID_ varchar(64) not null, 
ACT_ID_ varchar(255) not null, 
TASK_ID_ varchar(64), 
CALL_PROC_INST_ID_ varchar(64), 
ACT_NAME_ varchar(255), 
ACT_TYPE_ varchar(255) not null, 
ASSIGNEE_ varchar(255), 
START_TIME_ timestamp not null, 
END_TIME_ timestamp, 
DURATION_ bigint, 
TENANT_ID_ varchar(255) default &apos;&apos;, 
primary key (ID_) 
)
10:47:58,687 [main] DEBUG org.activiti.engine.impl.db.DbSqlSession  - SQL: create table ACT_HI_TASKINST ( 
ID_ varchar(64) not null, 
PROC_DEF_ID_ varchar(64), 
TASK_DEF_KEY_ varchar(255), 
PROC_INST_ID_ varchar(64), 
EXECUTION_ID_ varchar(64), 
NAME_ varchar(255), 
PARENT_TASK_ID_ varchar(64), 
DESCRIPTION_ varchar(4000), 
OWNER_ varchar(255), 
ASSIGNEE_ varchar(255), 
START_TIME_ timestamp not null, 
CLAIM_TIME_ timestamp, 
END_TIME_ timestamp, 
DURATION_ bigint, 
DELETE_REASON_ varchar(4000), 
PRIORITY_ integer, 
DUE_DATE_ timestamp, 
FORM_KEY_ varchar(255), 
CATEGORY_ varchar(255), 
TENANT_ID_ varchar(255) default &apos;&apos;, 
primary key (ID_) 
)
10:47:58,687 [main] DEBUG org.activiti.engine.impl.db.DbSqlSession  - SQL: create table ACT_HI_VARINST ( 
ID_ varchar(64) not null, 
PROC_INST_ID_ varchar(64), 
EXECUTION_ID_ varchar(64), 
TASK_ID_ varchar(64), 
NAME_ varchar(255) not null, 
VAR_TYPE_ varchar(100), 
REV_ integer, 
BYTEARRAY_ID_ varchar(64), 
DOUBLE_ double, 
LONG_ bigint, 
TEXT_ varchar(4000), 
TEXT2_ varchar(4000), 
CREATE_TIME_ timestamp, 
LAST_UPDATED_TIME_ timestamp, 
primary key (ID_) 
)
10:47:58,687 [main] DEBUG org.activiti.engine.impl.db.DbSqlSession  - SQL: create table ACT_HI_DETAIL ( 
ID_ varchar(64) not null, 
TYPE_ varchar(255) not null, 
TIME_ timestamp not null, 
NAME_ varchar(255), 
PROC_INST_ID_ varchar(64), 
EXECUTION_ID_ varchar(64), 
TASK_ID_ varchar(64), 
ACT_INST_ID_ varchar(64), 
VAR_TYPE_ varchar(255), 
REV_ integer, 
BYTEARRAY_ID_ varchar(64), 
DOUBLE_ double, 
LONG_ bigint, 
TEXT_ varchar(4000), 
TEXT2_ varchar(4000), 
primary key (ID_) 
)
10:47:58,687 [main] DEBUG org.activiti.engine.impl.db.DbSqlSession  - SQL: create table ACT_HI_COMMENT ( 
ID_ varchar(64) not null, 
TYPE_ varchar(255), 
TIME_ timestamp not null, 
USER_ID_ varchar(255), 
TASK_ID_ varchar(64), 
PROC_INST_ID_ varchar(64), 
ACTION_ varchar(255), 
MESSAGE_ varchar(4000), 
FULL_MSG_ longvarbinary, 
primary key (ID_) 
)
10:47:58,687 [main] DEBUG org.activiti.engine.impl.db.DbSqlSession  - SQL: create table ACT_HI_ATTACHMENT ( 
ID_ varchar(64) not null, 
REV_ integer, 
USER_ID_ varchar(255), 
NAME_ varchar(255), 
DESCRIPTION_ varchar(4000), 
TYPE_ varchar(255), 
TASK_ID_ varchar(64), 
PROC_INST_ID_ varchar(64), 
URL_ varchar(4000), 
CONTENT_ID_ varchar(64), 
TIME_ timestamp, 
primary key (ID_) 
)
10:47:58,687 [main] DEBUG org.activiti.engine.impl.db.DbSqlSession  - SQL: create table ACT_HI_IDENTITYLINK ( 
ID_ varchar(64), 
GROUP_ID_ varchar(255), 
TYPE_ varchar(255), 
USER_ID_ varchar(255), 
TASK_ID_ varchar(64), 
PROC_INST_ID_ varchar(64) null, 
primary key (ID_) 
)
10:47:58,687 [main] DEBUG org.activiti.engine.impl.db.DbSqlSession  - SQL: create index ACT_IDX_HI_PRO_INST_END on ACT_HI_PROCINST(END_TIME_)
10:47:58,687 [main] DEBUG org.activiti.engine.impl.db.DbSqlSession  - SQL: create index ACT_IDX_HI_PRO_I_BUSKEY on ACT_HI_PROCINST(BUSINESS_KEY_)
10:47:58,687 [main] DEBUG org.activiti.engine.impl.db.DbSqlSession  - SQL: create index ACT_IDX_HI_ACT_INST_START on ACT_HI_ACTINST(START_TIME_)
10:47:58,687 [main] DEBUG org.activiti.engine.impl.db.DbSqlSession  - SQL: create index ACT_IDX_HI_ACT_INST_END on ACT_HI_ACTINST(END_TIME_)
10:47:58,687 [main] DEBUG org.activiti.engine.impl.db.DbSqlSession  - SQL: create index ACT_IDX_HI_DETAIL_PROC_INST on ACT_HI_DETAIL(PROC_INST_ID_)
10:47:58,687 [main] DEBUG org.activiti.engine.impl.db.DbSqlSession  - SQL: create index ACT_IDX_HI_DETAIL_ACT_INST on ACT_HI_DETAIL(ACT_INST_ID_)
10:47:58,687 [main] DEBUG org.activiti.engine.impl.db.DbSqlSession  - SQL: create index ACT_IDX_HI_DETAIL_TIME on ACT_HI_DETAIL(TIME_)
10:47:58,687 [main] DEBUG org.activiti.engine.impl.db.DbSqlSession  - SQL: create index ACT_IDX_HI_DETAIL_NAME on ACT_HI_DETAIL(NAME_)
10:47:58,688 [main] DEBUG org.activiti.engine.impl.db.DbSqlSession  - SQL: create index ACT_IDX_HI_DETAIL_TASK_ID on ACT_HI_DETAIL(TASK_ID_)
10:47:58,688 [main] DEBUG org.activiti.engine.impl.db.DbSqlSession  - SQL: create index ACT_IDX_HI_PROCVAR_PROC_INST on ACT_HI_VARINST(PROC_INST_ID_)
10:47:58,688 [main] DEBUG org.activiti.engine.impl.db.DbSqlSession  - SQL: create index ACT_IDX_HI_PROCVAR_NAME_TYPE on ACT_HI_VARINST(NAME_, VAR_TYPE_)
10:47:58,688 [main] DEBUG org.activiti.engine.impl.db.DbSqlSession  - SQL: create index ACT_IDX_HI_PROCVAR_TASK_ID on ACT_HI_VARINST(TASK_ID_)
10:47:58,688 [main] DEBUG org.activiti.engine.impl.db.DbSqlSession  - SQL: create index ACT_IDX_HI_ACT_INST_PROCINST on ACT_HI_ACTINST(PROC_INST_ID_, ACT_ID_)
10:47:58,688 [main] DEBUG org.activiti.engine.impl.db.DbSqlSession  - SQL: create index ACT_IDX_HI_IDENT_LNK_USER on ACT_HI_IDENTITYLINK(USER_ID_)
10:47:58,688 [main] DEBUG org.activiti.engine.impl.db.DbSqlSession  - SQL: create index ACT_IDX_HI_IDENT_LNK_TASK on ACT_HI_IDENTITYLINK(TASK_ID_)
10:47:58,688 [main] DEBUG org.activiti.engine.impl.db.DbSqlSession  - SQL: create index ACT_IDX_HI_IDENT_LNK_PROCINST on ACT_HI_IDENTITYLINK(PROC_INST_ID_)
10:47:58,688 [main] DEBUG org.activiti.engine.impl.db.DbSqlSession  - SQL: create index ACT_IDX_HI_ACT_INST_EXEC on ACT_HI_ACTINST(EXECUTION_ID_, ACT_ID_)
10:47:58,688 [main] DEBUG org.activiti.engine.impl.db.DbSqlSession  - SQL: create index ACT_IDX_HI_TASK_INST_PROCINST on ACT_HI_TASKINST(PROC_INST_ID_)
10:47:58,688 [main] DEBUG org.activiti.engine.impl.db.DbSqlSession  - activiti db schema create for component history successful
10:47:58,688 [main] INFO  org.activiti.engine.impl.db.DbSqlSession  - performing create on identity with resource org/activiti/db/create/activiti.h2.create.identity.sql
10:47:58,688 [main] DEBUG org.activiti.engine.impl.db.DbSqlSession  - SQL: create table ACT_ID_GROUP ( 
ID_ varchar(64), 
REV_ integer, 
NAME_ varchar(255), 
TYPE_ varchar(255), 
primary key (ID_) 
)
10:47:58,688 [main] DEBUG org.activiti.engine.impl.db.DbSqlSession  - SQL: create table ACT_ID_MEMBERSHIP ( 
USER_ID_ varchar(64), 
GROUP_ID_ varchar(64), 
primary key (USER_ID_, GROUP_ID_) 
)
10:47:58,688 [main] DEBUG org.activiti.engine.impl.db.DbSqlSession  - SQL: create table ACT_ID_USER ( 
ID_ varchar(64), 
REV_ integer, 
FIRST_ varchar(255), 
LAST_ varchar(255), 
EMAIL_ varchar(255), 
PWD_ varchar(255), 
PICTURE_ID_ varchar(64), 
primary key (ID_) 
)
10:47:58,688 [main] DEBUG org.activiti.engine.impl.db.DbSqlSession  - SQL: create table ACT_ID_INFO ( 
ID_ varchar(64), 
REV_ integer, 
USER_ID_ varchar(64), 
TYPE_ varchar(64), 
KEY_ varchar(255), 
VALUE_ varchar(255), 
PASSWORD_ longvarbinary, 
PARENT_ID_ varchar(255), 
primary key (ID_) 
)
10:47:58,688 [main] DEBUG org.activiti.engine.impl.db.DbSqlSession  - SQL: alter table ACT_ID_MEMBERSHIP 
add constraint ACT_FK_MEMB_GROUP 
foreign key (GROUP_ID_) 
references ACT_ID_GROUP
10:47:58,688 [main] DEBUG org.activiti.engine.impl.db.DbSqlSession  - SQL: alter table ACT_ID_MEMBERSHIP 
add constraint ACT_FK_MEMB_USER 
foreign key (USER_ID_) 
references ACT_ID_USER
10:47:58,688 [main] DEBUG org.activiti.engine.impl.db.DbSqlSession  - activiti db schema create for component identity successful
10:47:58,688 [main] DEBUG org.activiti.engine.impl.db.DbSqlSession  - flush summary: 0 insert, 0 update, 0 delete.
10:47:58,688 [main] DEBUG org.activiti.engine.impl.db.DbSqlSession  - now executing flush...
10:47:58,688 [main] DEBUG org.activiti.engine.impl.cfg.standalone.StandaloneMybatisTransactionContext  - firing event committing...
10:47:58,688 [main] DEBUG org.activiti.engine.impl.cfg.standalone.StandaloneMybatisTransactionContext  - committing the ibatis sql session...
10:47:58,688 [main] DEBUG org.activiti.engine.impl.cfg.standalone.StandaloneMybatisTransactionContext  - firing event committed...
10:47:58,688 [main] DEBUG org.apache.ibatis.transaction.jdbc.JdbcTransaction  - Resetting autocommit to true on JDBC Connection [conn4: url=jdbc:h2:mem:activiti user=SA]
10:47:58,688 [main] DEBUG org.apache.ibatis.transaction.jdbc.JdbcTransaction  - Closing JDBC Connection [conn4: url=jdbc:h2:mem:activiti user=SA]
10:47:58,688 [main] DEBUG org.apache.ibatis.datasource.pooled.PooledDataSource  - Returned connection 297240765 to pool.
10:47:58,688 [main] DEBUG org.activiti.engine.impl.interceptor.LogInterceptor  - ---  finished --------------------------------------------------------
10:47:58,688 [main] DEBUG org.activiti.engine.impl.interceptor.LogInterceptor  - 

</system-out>
  </testcase>
</testsuite>