<?xml version="1.0" encoding="UTF-8" ?>
<testsuite tests="2" failures="0" name="org.activiti.engine.test.bpmn.servicetask.ServiceTaskVariablesTest" time="20.104" errors="2" skipped="0">
  <properties>
    <property name="idea.version" value="2022.3.1"/>
    <property name="java.runtime.name" value="Java(TM) SE Runtime Environment"/>
    <property name="sun.boot.library.path" value="C:\Program Files\Java\jdk1.8.0_351\jre\bin"/>
    <property name="java.vm.version" value="25.351-b10"/>
    <property name="java.vm.vendor" value="Oracle Corporation"/>
    <property name="java.vendor.url" value="http://java.oracle.com/"/>
    <property name="path.separator" value=";"/>
    <property name="java.vm.name" value="Java HotSpot(TM) 64-Bit Server VM"/>
    <property name="file.encoding.pkg" value="sun.io"/>
    <property name="user.script" value=""/>
    <property name="user.country" value="CN"/>
    <property name="sun.java.launcher" value="SUN_STANDARD"/>
    <property name="sun.os.patch.level" value=""/>
    <property name="java.vm.specification.name" value="Java Virtual Machine Specification"/>
    <property name="user.dir" value="D:\xinchuang\activiti-engine-5.19.0.2"/>
    <property name="java.runtime.version" value="1.8.0_351-b10"/>
    <property name="java.awt.graphicsenv" value="sun.awt.Win32GraphicsEnvironment"/>
    <property name="basedir" value="D:\xinchuang\activiti-engine-5.19.0.2"/>
    <property name="java.endorsed.dirs" value="C:\Program Files\Java\jdk1.8.0_351\jre\lib\endorsed"/>
    <property name="os.arch" value="amd64"/>
    <property name="surefire.real.class.path" value="D:\xinchuang\activiti-engine-5.19.0.2\target\surefire\surefirebooter2972839343429811619.jar"/>
    <property name="java.io.tmpdir" value="C:\Users\ryan\AppData\Local\Temp\"/>
    <property name="line.separator" value="
"/>
    <property name="java.vm.specification.vendor" value="Oracle Corporation"/>
    <property name="user.variant" value=""/>
    <property name="os.name" value="Windows 11"/>
    <property name="sun.jnu.encoding" value="GBK"/>
    <property name="java.library.path" value="C:\Program Files\Java\jdk1.8.0_351\jre\bin;C:\WINDOWS\Sun\Java\bin;C:\WINDOWS\system32;C:\WINDOWS;C:\Program Files (x86)\Common Files\Oracle\Java\javapath;D:\Program Files (x86)\VMware\VMware Workstation\bin\;C:\ProgramData\Oracle\Java\javapath;C:\WINDOWS\system32;C:\WINDOWS;C:\WINDOWS\System32\Wbem;C:\WINDOWS\System32\WindowsPowerShell\v1.0\;C:\WINDOWS\System32\OpenSSH\;d:\Program Files\Git\cmd;D:\Program Files\apache-maven-3.6.1\bin;C:\Program Files\Java\jdk1.8.0_351\bin;D:\Program Files\nodejs\;C:\Program Files\Bandizip\;D:\Program Files (x86)\NetSarang\Xshell 7\;D:\Program Files (x86)\NetSarang\Xftp 7\;D:\Program Files\cmder;;C:\Program Files (x86)\Tencent\微信web开发者工具\dll;C:\Users\ryan\.app\;C:\Users\ryan\AppData\Local\Programs\Python\Python38\Scripts\;C:\Users\ryan\AppData\Local\Programs\Python\Python38\;C:\Users\ryan\AppData\Local\Microsoft\WindowsApps;D:\Program Files\Microsoft VS Code\bin;C:\Users\ryan\AppData\Roaming\npm;d:\Program Files\JetBrains\IntelliJ IDEA 2020.3\bin;;d:\Program Files\JetBrains\DataGrip 2021.1.3\bin;;;."/>
    <property name="surefire.test.class.path" value="D:\xinchuang\activiti-engine-5.19.0.2\target\test-classes;D:\xinchuang\activiti-engine-5.19.0.2\target\classes;D:\Program Files\apache-maven-3.6.1\shanxi\org\activiti\activiti-bpmn-converter\5.19.0.2\activiti-bpmn-converter-5.19.0.2.jar;D:\Program Files\apache-maven-3.6.1\shanxi\org\activiti\activiti-bpmn-model\5.19.0.2\activiti-bpmn-model-5.19.0.2.jar;D:\Program Files\apache-maven-3.6.1\shanxi\com\fasterxml\jackson\core\jackson-core\2.2.3\jackson-core-2.2.3.jar;D:\Program Files\apache-maven-3.6.1\shanxi\com\fasterxml\jackson\core\jackson-databind\2.2.3\jackson-databind-2.2.3.jar;D:\Program Files\apache-maven-3.6.1\shanxi\com\fasterxml\jackson\core\jackson-annotations\2.2.3\jackson-annotations-2.2.3.jar;D:\Program Files\apache-maven-3.6.1\shanxi\org\activiti\activiti-process-validation\5.19.0.2\activiti-process-validation-5.19.0.2.jar;D:\Program Files\apache-maven-3.6.1\shanxi\org\activiti\activiti-image-generator\5.19.0.2\activiti-image-generator-5.19.0.2.jar;D:\Program Files\apache-maven-3.6.1\shanxi\org\apache\commons\commons-email\1.4\commons-email-1.4.jar;D:\Program Files\apache-maven-3.6.1\shanxi\com\sun\mail\javax.mail\1.5.2\javax.mail-1.5.2.jar;D:\Program Files\apache-maven-3.6.1\shanxi\javax\activation\activation\1.1.1\activation-1.1.1.jar;D:\Program Files\apache-maven-3.6.1\shanxi\org\apache\commons\commons-lang3\3.3.2\commons-lang3-3.3.2.jar;D:\Program Files\apache-maven-3.6.1\shanxi\org\mybatis\mybatis\3.3.0\mybatis-3.3.0.jar;D:\Program Files\apache-maven-3.6.1\shanxi\org\springframework\spring-beans\4.1.5.RELEASE\spring-beans-4.1.5.RELEASE.jar;D:\Program Files\apache-maven-3.6.1\shanxi\org\springframework\spring-core\4.1.5.RELEASE\spring-core-4.1.5.RELEASE.jar;D:\Program Files\apache-maven-3.6.1\shanxi\junit\junit\4.11\junit-4.11.jar;D:\Program Files\apache-maven-3.6.1\shanxi\org\hamcrest\hamcrest-core\1.3\hamcrest-core-1.3.jar;D:\Program Files\apache-maven-3.6.1\shanxi\org\codehaus\groovy\groovy-all\2.4.3\groovy-all-2.4.3.jar;D:\Program Files\apache-maven-3.6.1\shanxi\org\drools\drools-core\5.5.0.Final\drools-core-5.5.0.Final.jar;D:\Program Files\apache-maven-3.6.1\shanxi\org\mvel\mvel2\2.1.3.Final\mvel2-2.1.3.Final.jar;D:\Program Files\apache-maven-3.6.1\shanxi\org\drools\knowledge-api\5.5.0.Final\knowledge-api-5.5.0.Final.jar;D:\Program Files\apache-maven-3.6.1\shanxi\org\drools\knowledge-internal-api\5.5.0.Final\knowledge-internal-api-5.5.0.Final.jar;D:\Program Files\apache-maven-3.6.1\shanxi\org\drools\drools-compiler\5.5.0.Final\drools-compiler-5.5.0.Final.jar;D:\Program Files\apache-maven-3.6.1\shanxi\org\antlr\antlr-runtime\3.3\antlr-runtime-3.3.jar;D:\Program Files\apache-maven-3.6.1\shanxi\org\antlr\antlr\3.3\antlr-3.3.jar;D:\Program Files\apache-maven-3.6.1\shanxi\org\antlr\stringtemplate\3.2.1\stringtemplate-3.2.1.jar;D:\Program Files\apache-maven-3.6.1\shanxi\antlr\antlr\2.7.7\antlr-2.7.7.jar;D:\Program Files\apache-maven-3.6.1\shanxi\org\eclipse\jdt\core\compiler\ecj\3.5.1\ecj-3.5.1.jar;D:\Program Files\apache-maven-3.6.1\shanxi\com\thoughtworks\xstream\xstream\1.4.1\xstream-1.4.1.jar;D:\Program Files\apache-maven-3.6.1\shanxi\xmlpull\xmlpull\1.1.3.1\xmlpull-1.1.3.1.jar;D:\Program Files\apache-maven-3.6.1\shanxi\xpp3\xpp3_min\1.1.4c\xpp3_min-1.1.4c.jar;D:\Program Files\apache-maven-3.6.1\shanxi\javax\persistence\persistence-api\1.0\persistence-api-1.0.jar;D:\Program Files\apache-maven-3.6.1\shanxi\org\apache\geronimo\specs\geronimo-jta_1.1_spec\1.1.1\geronimo-jta_1.1_spec-1.1.1.jar;D:\Program Files\apache-maven-3.6.1\shanxi\javax\enterprise\concurrent\javax.enterprise.concurrent-api\1.0\javax.enterprise.concurrent-api-1.0.jar;D:\Program Files\apache-maven-3.6.1\shanxi\com\h2database\h2\1.3.176\h2-1.3.176.jar;D:\Program Files\apache-maven-3.6.1\shanxi\org\mockito\mockito-core\1.8.2\mockito-core-1.8.2.jar;D:\Program Files\apache-maven-3.6.1\shanxi\org\objenesis\objenesis\1.0\objenesis-1.0.jar;D:\Program Files\apache-maven-3.6.1\shanxi\org\apache\openjpa\openjpa\1.2.2\openjpa-1.2.2.jar;D:\Program Files\apache-maven-3.6.1\shanxi\net\sourceforge\serp\serp\1.13.1\serp-1.13.1.jar;D:\Program Files\apache-maven-3.6.1\shanxi\commons-lang\commons-lang\2.1\commons-lang-2.1.jar;D:\Program Files\apache-maven-3.6.1\shanxi\commons-collections\commons-collections\3.2\commons-collections-3.2.jar;D:\Program Files\apache-maven-3.6.1\shanxi\commons-pool\commons-pool\1.3\commons-pool-1.3.jar;D:\Program Files\apache-maven-3.6.1\shanxi\org\apache\geronimo\specs\geronimo-jms_1.1_spec\1.0.1\geronimo-jms_1.1_spec-1.0.1.jar;D:\Program Files\apache-maven-3.6.1\shanxi\org\apache\geronimo\specs\geronimo-jpa_3.0_spec\1.0\geronimo-jpa_3.0_spec-1.0.jar;D:\Program Files\apache-maven-3.6.1\shanxi\org\subethamail\subethasmtp-wiser\1.2\subethasmtp-wiser-1.2.jar;D:\Program Files\apache-maven-3.6.1\shanxi\org\subethamail\subethasmtp-smtp\1.2\subethasmtp-smtp-1.2.jar;D:\Program Files\apache-maven-3.6.1\shanxi\javax\mail\mail\1.4.1\mail-1.4.1.jar;D:\Program Files\apache-maven-3.6.1\shanxi\mysql\mysql-connector-java\5.1.27\mysql-connector-java-5.1.27.jar;D:\Program Files\apache-maven-3.6.1\shanxi\org\postgresql\postgresql\9.4-1201-jdbc4\postgresql-9.4-1201-jdbc4.jar;D:\Program Files\apache-maven-3.6.1\shanxi\net\sourceforge\jtds\jtds\1.3.0\jtds-1.3.0.jar;D:\Program Files\apache-maven-3.6.1\shanxi\com\fasterxml\uuid\java-uuid-generator\3.1.3\java-uuid-generator-3.1.3.jar;D:\Program Files\apache-maven-3.6.1\shanxi\log4j\log4j\1.2.13\log4j-1.2.13.jar;D:\Program Files\apache-maven-3.6.1\shanxi\commons-io\commons-io\2.0.1\commons-io-2.0.1.jar;D:\Program Files\apache-maven-3.6.1\shanxi\joda-time\joda-time\2.6\joda-time-2.6.jar;D:\Program Files\apache-maven-3.6.1\shanxi\org\slf4j\slf4j-api\1.7.6\slf4j-api-1.7.6.jar;D:\Program Files\apache-maven-3.6.1\shanxi\org\slf4j\jcl-over-slf4j\1.7.6\jcl-over-slf4j-1.7.6.jar;D:\Program Files\apache-maven-3.6.1\shanxi\org\slf4j\slf4j-log4j12\1.7.6\slf4j-log4j12-1.7.6.jar;D:\Program Files\apache-maven-3.6.1\shanxi\com\googlecode\catch-exception\catch-exception\1.2.0\catch-exception-1.2.0.jar;D:\Program Files\apache-maven-3.6.1\shanxi\org\codehaus\btm\btm\2.1.3\btm-2.1.3.jar;D:\Program Files\apache-maven-3.6.1\shanxi\javax\transaction\jta\1.1\jta-1.1.jar;"/>
    <property name="sun.awt.enableExtraMouseButtons" value="true"/>
    <property name="java.specification.name" value="Java Platform API Specification"/>
    <property name="java.class.version" value="52.0"/>
    <property name="sun.management.compiler" value="HotSpot 64-Bit Tiered Compilers"/>
    <property name="maven.repo.local" value="D:\Program Files\apache-maven-3.6.1\shanxi"/>
    <property name="os.version" value="10.0"/>
    <property name="user.home" value="C:\Users\ryan"/>
    <property name="user.timezone" value="Asia/Shanghai"/>
    <property name="java.awt.printerjob" value="sun.awt.windows.WPrinterJob"/>
    <property name="java.specification.version" value="1.8"/>
    <property name="file.encoding" value="GBK"/>
    <property name="user.name" value="ryan"/>
    <property name="java.class.path" value="D:\xinchuang\activiti-engine-5.19.0.2\target\test-classes;D:\xinchuang\activiti-engine-5.19.0.2\target\classes;D:\Program Files\apache-maven-3.6.1\shanxi\org\activiti\activiti-bpmn-converter\5.19.0.2\activiti-bpmn-converter-5.19.0.2.jar;D:\Program Files\apache-maven-3.6.1\shanxi\org\activiti\activiti-bpmn-model\5.19.0.2\activiti-bpmn-model-5.19.0.2.jar;D:\Program Files\apache-maven-3.6.1\shanxi\com\fasterxml\jackson\core\jackson-core\2.2.3\jackson-core-2.2.3.jar;D:\Program Files\apache-maven-3.6.1\shanxi\com\fasterxml\jackson\core\jackson-databind\2.2.3\jackson-databind-2.2.3.jar;D:\Program Files\apache-maven-3.6.1\shanxi\com\fasterxml\jackson\core\jackson-annotations\2.2.3\jackson-annotations-2.2.3.jar;D:\Program Files\apache-maven-3.6.1\shanxi\org\activiti\activiti-process-validation\5.19.0.2\activiti-process-validation-5.19.0.2.jar;D:\Program Files\apache-maven-3.6.1\shanxi\org\activiti\activiti-image-generator\5.19.0.2\activiti-image-generator-5.19.0.2.jar;D:\Program Files\apache-maven-3.6.1\shanxi\org\apache\commons\commons-email\1.4\commons-email-1.4.jar;D:\Program Files\apache-maven-3.6.1\shanxi\com\sun\mail\javax.mail\1.5.2\javax.mail-1.5.2.jar;D:\Program Files\apache-maven-3.6.1\shanxi\javax\activation\activation\1.1.1\activation-1.1.1.jar;D:\Program Files\apache-maven-3.6.1\shanxi\org\apache\commons\commons-lang3\3.3.2\commons-lang3-3.3.2.jar;D:\Program Files\apache-maven-3.6.1\shanxi\org\mybatis\mybatis\3.3.0\mybatis-3.3.0.jar;D:\Program Files\apache-maven-3.6.1\shanxi\org\springframework\spring-beans\4.1.5.RELEASE\spring-beans-4.1.5.RELEASE.jar;D:\Program Files\apache-maven-3.6.1\shanxi\org\springframework\spring-core\4.1.5.RELEASE\spring-core-4.1.5.RELEASE.jar;D:\Program Files\apache-maven-3.6.1\shanxi\junit\junit\4.11\junit-4.11.jar;D:\Program Files\apache-maven-3.6.1\shanxi\org\hamcrest\hamcrest-core\1.3\hamcrest-core-1.3.jar;D:\Program Files\apache-maven-3.6.1\shanxi\org\codehaus\groovy\groovy-all\2.4.3\groovy-all-2.4.3.jar;D:\Program Files\apache-maven-3.6.1\shanxi\org\drools\drools-core\5.5.0.Final\drools-core-5.5.0.Final.jar;D:\Program Files\apache-maven-3.6.1\shanxi\org\mvel\mvel2\2.1.3.Final\mvel2-2.1.3.Final.jar;D:\Program Files\apache-maven-3.6.1\shanxi\org\drools\knowledge-api\5.5.0.Final\knowledge-api-5.5.0.Final.jar;D:\Program Files\apache-maven-3.6.1\shanxi\org\drools\knowledge-internal-api\5.5.0.Final\knowledge-internal-api-5.5.0.Final.jar;D:\Program Files\apache-maven-3.6.1\shanxi\org\drools\drools-compiler\5.5.0.Final\drools-compiler-5.5.0.Final.jar;D:\Program Files\apache-maven-3.6.1\shanxi\org\antlr\antlr-runtime\3.3\antlr-runtime-3.3.jar;D:\Program Files\apache-maven-3.6.1\shanxi\org\antlr\antlr\3.3\antlr-3.3.jar;D:\Program Files\apache-maven-3.6.1\shanxi\org\antlr\stringtemplate\3.2.1\stringtemplate-3.2.1.jar;D:\Program Files\apache-maven-3.6.1\shanxi\antlr\antlr\2.7.7\antlr-2.7.7.jar;D:\Program Files\apache-maven-3.6.1\shanxi\org\eclipse\jdt\core\compiler\ecj\3.5.1\ecj-3.5.1.jar;D:\Program Files\apache-maven-3.6.1\shanxi\com\thoughtworks\xstream\xstream\1.4.1\xstream-1.4.1.jar;D:\Program Files\apache-maven-3.6.1\shanxi\xmlpull\xmlpull\1.1.3.1\xmlpull-1.1.3.1.jar;D:\Program Files\apache-maven-3.6.1\shanxi\xpp3\xpp3_min\1.1.4c\xpp3_min-1.1.4c.jar;D:\Program Files\apache-maven-3.6.1\shanxi\javax\persistence\persistence-api\1.0\persistence-api-1.0.jar;D:\Program Files\apache-maven-3.6.1\shanxi\org\apache\geronimo\specs\geronimo-jta_1.1_spec\1.1.1\geronimo-jta_1.1_spec-1.1.1.jar;D:\Program Files\apache-maven-3.6.1\shanxi\javax\enterprise\concurrent\javax.enterprise.concurrent-api\1.0\javax.enterprise.concurrent-api-1.0.jar;D:\Program Files\apache-maven-3.6.1\shanxi\com\h2database\h2\1.3.176\h2-1.3.176.jar;D:\Program Files\apache-maven-3.6.1\shanxi\org\mockito\mockito-core\1.8.2\mockito-core-1.8.2.jar;D:\Program Files\apache-maven-3.6.1\shanxi\org\objenesis\objenesis\1.0\objenesis-1.0.jar;D:\Program Files\apache-maven-3.6.1\shanxi\org\apache\openjpa\openjpa\1.2.2\openjpa-1.2.2.jar;D:\Program Files\apache-maven-3.6.1\shanxi\net\sourceforge\serp\serp\1.13.1\serp-1.13.1.jar;D:\Program Files\apache-maven-3.6.1\shanxi\commons-lang\commons-lang\2.1\commons-lang-2.1.jar;D:\Program Files\apache-maven-3.6.1\shanxi\commons-collections\commons-collections\3.2\commons-collections-3.2.jar;D:\Program Files\apache-maven-3.6.1\shanxi\commons-pool\commons-pool\1.3\commons-pool-1.3.jar;D:\Program Files\apache-maven-3.6.1\shanxi\org\apache\geronimo\specs\geronimo-jms_1.1_spec\1.0.1\geronimo-jms_1.1_spec-1.0.1.jar;D:\Program Files\apache-maven-3.6.1\shanxi\org\apache\geronimo\specs\geronimo-jpa_3.0_spec\1.0\geronimo-jpa_3.0_spec-1.0.jar;D:\Program Files\apache-maven-3.6.1\shanxi\org\subethamail\subethasmtp-wiser\1.2\subethasmtp-wiser-1.2.jar;D:\Program Files\apache-maven-3.6.1\shanxi\org\subethamail\subethasmtp-smtp\1.2\subethasmtp-smtp-1.2.jar;D:\Program Files\apache-maven-3.6.1\shanxi\javax\mail\mail\1.4.1\mail-1.4.1.jar;D:\Program Files\apache-maven-3.6.1\shanxi\mysql\mysql-connector-java\5.1.27\mysql-connector-java-5.1.27.jar;D:\Program Files\apache-maven-3.6.1\shanxi\org\postgresql\postgresql\9.4-1201-jdbc4\postgresql-9.4-1201-jdbc4.jar;D:\Program Files\apache-maven-3.6.1\shanxi\net\sourceforge\jtds\jtds\1.3.0\jtds-1.3.0.jar;D:\Program Files\apache-maven-3.6.1\shanxi\com\fasterxml\uuid\java-uuid-generator\3.1.3\java-uuid-generator-3.1.3.jar;D:\Program Files\apache-maven-3.6.1\shanxi\log4j\log4j\1.2.13\log4j-1.2.13.jar;D:\Program Files\apache-maven-3.6.1\shanxi\commons-io\commons-io\2.0.1\commons-io-2.0.1.jar;D:\Program Files\apache-maven-3.6.1\shanxi\joda-time\joda-time\2.6\joda-time-2.6.jar;D:\Program Files\apache-maven-3.6.1\shanxi\org\slf4j\slf4j-api\1.7.6\slf4j-api-1.7.6.jar;D:\Program Files\apache-maven-3.6.1\shanxi\org\slf4j\jcl-over-slf4j\1.7.6\jcl-over-slf4j-1.7.6.jar;D:\Program Files\apache-maven-3.6.1\shanxi\org\slf4j\slf4j-log4j12\1.7.6\slf4j-log4j12-1.7.6.jar;D:\Program Files\apache-maven-3.6.1\shanxi\com\googlecode\catch-exception\catch-exception\1.2.0\catch-exception-1.2.0.jar;D:\Program Files\apache-maven-3.6.1\shanxi\org\codehaus\btm\btm\2.1.3\btm-2.1.3.jar;D:\Program Files\apache-maven-3.6.1\shanxi\javax\transaction\jta\1.1\jta-1.1.jar;"/>
    <property name="java.vm.specification.version" value="1.8"/>
    <property name="sun.arch.data.model" value="64"/>
    <property name="java.home" value="C:\Program Files\Java\jdk1.8.0_351\jre"/>
    <property name="sun.java.command" value="D:\xinchuang\activiti-engine-5.19.0.2\target\surefire\surefirebooter2972839343429811619.jar D:\xinchuang\activiti-engine-5.19.0.2\target\surefire\surefire1197127065150889766tmp D:\xinchuang\activiti-engine-5.19.0.2\target\surefire\surefire3285776718944652178tmp"/>
    <property name="java.specification.vendor" value="Oracle Corporation"/>
    <property name="user.language" value="en"/>
    <property name="awt.toolkit" value="sun.awt.windows.WToolkit"/>
    <property name="java.vm.info" value="mixed mode"/>
    <property name="java.version" value="1.8.0_351"/>
    <property name="java.ext.dirs" value="C:\Program Files\Java\jdk1.8.0_351\jre\lib\ext;C:\WINDOWS\Sun\Java\lib\ext"/>
    <property name="sun.boot.class.path" value="C:\Program Files\Java\jdk1.8.0_351\jre\lib\resources.jar;C:\Program Files\Java\jdk1.8.0_351\jre\lib\rt.jar;C:\Program Files\Java\jdk1.8.0_351\jre\lib\jsse.jar;C:\Program Files\Java\jdk1.8.0_351\jre\lib\jce.jar;C:\Program Files\Java\jdk1.8.0_351\jre\lib\charsets.jar;C:\Program Files\Java\jdk1.8.0_351\jre\lib\jfr.jar;C:\Program Files\Java\jdk1.8.0_351\jre\classes"/>
    <property name="java.vendor" value="Oracle Corporation"/>
    <property name="java.specification.maintenance.version" value="4"/>
    <property name="localRepository" value="D:\Program Files\apache-maven-3.6.1\shanxi"/>
    <property name="file.separator" value="\"/>
    <property name="java.vendor.url.bug" value="http://bugreport.sun.com/bugreport/"/>
    <property name="sun.cpu.endian" value="little"/>
    <property name="sun.io.unicode.encoding" value="UnicodeLittle"/>
    <property name="sun.desktop" value="windows"/>
    <property name="sun.cpu.isalist" value="amd64"/>
  </properties>
  <testcase classname="org.activiti.engine.test.bpmn.servicetask.ServiceTaskVariablesTest" name="testSerializedVariablesThirdAsync" time="10.038">
    <error message="
### Error querying database.  Cause: org.h2.jdbc.JdbcSQLException: Syntax error in SQL statement &quot;SELECT RES.* 
       
    FROM ACT_RE_PROCDEF RES
     
     WHERE  RES.DEPLOYMENT_ID_ = ? 
   
     ORDER BY  ORDER[*] BY RES.ID_ ASC  
    LIMIT ? OFFSET ? &quot;; expected &quot;=, NOT, EXISTS, INTERSECTS, SELECT, FROM&quot;; SQL statement:
select RES.* 
       
    from ACT_RE_PROCDEF RES
     
     WHERE  RES.DEPLOYMENT_ID_ = ? 
   
     order by  order by RES.ID_ asc  
    LIMIT ? OFFSET ? [42001-176]
### The error may exist in org/activiti/db/mapping/entity/ProcessDefinition.xml
### The error may involve org.activiti.engine.impl.persistence.entity.ProcessDefinitionEntity.selectProcessDefinitionsByQueryCriteria
### The error occurred while executing a query
### SQL: select RES.*              from ACT_RE_PROCDEF RES            WHERE  RES.DEPLOYMENT_ID_ = ?           order by  order by RES.ID_ asc       LIMIT ? OFFSET ?
### Cause: org.h2.jdbc.JdbcSQLException: Syntax error in SQL statement &quot;SELECT RES.* 
       
    FROM ACT_RE_PROCDEF RES
     
     WHERE  RES.DEPLOYMENT_ID_ = ? 
   
     ORDER BY  ORDER[*] BY RES.ID_ ASC  
    LIMIT ? OFFSET ? &quot;; expected &quot;=, NOT, EXISTS, INTERSECTS, SELECT, FROM&quot;; SQL statement:
select RES.* 
       
    from ACT_RE_PROCDEF RES
     
     WHERE  RES.DEPLOYMENT_ID_ = ? 
   
     order by  order by RES.ID_ asc  
    LIMIT ? OFFSET ? [42001-176]" type="org.apache.ibatis.exceptions.PersistenceException">org.apache.ibatis.exceptions.PersistenceException: 
### Error querying database.  Cause: org.h2.jdbc.JdbcSQLException: Syntax error in SQL statement &quot;SELECT RES.* 
       
    FROM ACT_RE_PROCDEF RES
     
     WHERE  RES.DEPLOYMENT_ID_ = ? 
   
     ORDER BY  ORDER[*] BY RES.ID_ ASC  
    LIMIT ? OFFSET ? &quot;; expected &quot;=, NOT, EXISTS, INTERSECTS, SELECT, FROM&quot;; SQL statement:
select RES.* 
       
    from ACT_RE_PROCDEF RES
     
     WHERE  RES.DEPLOYMENT_ID_ = ? 
   
     order by  order by RES.ID_ asc  
    LIMIT ? OFFSET ? [42001-176]
### The error may exist in org/activiti/db/mapping/entity/ProcessDefinition.xml
### The error may involve org.activiti.engine.impl.persistence.entity.ProcessDefinitionEntity.selectProcessDefinitionsByQueryCriteria
### The error occurred while executing a query
### SQL: select RES.*              from ACT_RE_PROCDEF RES            WHERE  RES.DEPLOYMENT_ID_ = ?           order by  order by RES.ID_ asc       LIMIT ? OFFSET ?
### Cause: org.h2.jdbc.JdbcSQLException: Syntax error in SQL statement &quot;SELECT RES.* 
       
    FROM ACT_RE_PROCDEF RES
     
     WHERE  RES.DEPLOYMENT_ID_ = ? 
   
     ORDER BY  ORDER[*] BY RES.ID_ ASC  
    LIMIT ? OFFSET ? &quot;; expected &quot;=, NOT, EXISTS, INTERSECTS, SELECT, FROM&quot;; SQL statement:
select RES.* 
       
    from ACT_RE_PROCDEF RES
     
     WHERE  RES.DEPLOYMENT_ID_ = ? 
   
     order by  order by RES.ID_ asc  
    LIMIT ? OFFSET ? [42001-176]
	at org.apache.ibatis.exceptions.ExceptionFactory.wrapException(ExceptionFactory.java:30)
	at org.apache.ibatis.session.defaults.DefaultSqlSession.selectList(DefaultSqlSession.java:122)
	at org.apache.ibatis.session.defaults.DefaultSqlSession.selectList(DefaultSqlSession.java:113)
	at org.activiti.engine.impl.db.DbSqlSession.selectListWithRawParameter(DbSqlSession.java:438)
	at org.activiti.engine.impl.db.DbSqlSession.selectList(DbSqlSession.java:429)
	at org.activiti.engine.impl.db.DbSqlSession.selectList(DbSqlSession.java:419)
	at org.activiti.engine.impl.persistence.entity.ProcessDefinitionEntityManager.findProcessDefinitionsByQueryCriteria(ProcessDefinitionEntityManager.java:57)
	at org.activiti.engine.impl.ProcessDefinitionQueryImpl.executeList(ProcessDefinitionQueryImpl.java:307)
	at org.activiti.engine.impl.AbstractQuery.list(AbstractQuery.java:140)
	at org.activiti.engine.impl.persistence.deploy.DeploymentManager.removeDeployment(DeploymentManager.java:187)
	at org.activiti.engine.impl.cmd.DeleteDeploymentCmd.execute(DeleteDeploymentCmd.java:44)
	at org.activiti.engine.impl.cmd.DeleteDeploymentCmd.execute(DeleteDeploymentCmd.java:24)
	at org.activiti.engine.impl.interceptor.CommandInvoker.execute(CommandInvoker.java:24)
	at org.activiti.engine.impl.interceptor.CommandContextInterceptor.execute(CommandContextInterceptor.java:57)
	at org.activiti.engine.impl.interceptor.LogInterceptor.execute(LogInterceptor.java:37)
	at org.activiti.engine.impl.cfg.CommandExecutorImpl.execute(CommandExecutorImpl.java:40)
	at org.activiti.engine.impl.cfg.CommandExecutorImpl.execute(CommandExecutorImpl.java:35)
	at org.activiti.engine.impl.RepositoryServiceImpl.deleteDeployment(RepositoryServiceImpl.java:90)
	at org.activiti.engine.impl.test.TestHelper.annotationDeploymentTearDown(TestHelper.java:116)
	at org.activiti.engine.impl.test.AbstractActivitiTestCase.runBare(AbstractActivitiTestCase.java:116)
	at junit.framework.TestResult$1.protect(TestResult.java:122)
	at junit.framework.TestResult.runProtected(TestResult.java:142)
	at junit.framework.TestResult.run(TestResult.java:125)
	at junit.framework.TestCase.run(TestCase.java:129)
	at junit.framework.TestSuite.runTest(TestSuite.java:255)
	at junit.framework.TestSuite.run(TestSuite.java:250)
	at org.junit.internal.runners.JUnit38ClassRunner.run(JUnit38ClassRunner.java:84)
	at org.apache.maven.surefire.junit4.JUnit4TestSet.execute(JUnit4TestSet.java:35)
	at org.apache.maven.surefire.junit4.JUnit4Provider.executeTestSet(JUnit4Provider.java:146)
	at org.apache.maven.surefire.junit4.JUnit4Provider.invoke(JUnit4Provider.java:97)
	at sun.reflect.NativeMethodAccessorImpl.invoke0(Native Method)
	at sun.reflect.NativeMethodAccessorImpl.invoke(NativeMethodAccessorImpl.java:62)
	at sun.reflect.DelegatingMethodAccessorImpl.invoke(DelegatingMethodAccessorImpl.java:43)
	at java.lang.reflect.Method.invoke(Method.java:498)
	at org.apache.maven.surefire.booter.ProviderFactory$ClassLoaderProxy.invoke(ProviderFactory.java:103)
	at com.sun.proxy.$Proxy0.invoke(Unknown Source)
	at org.apache.maven.surefire.booter.SurefireStarter.invokeProvider(SurefireStarter.java:145)
	at org.apache.maven.surefire.booter.SurefireStarter.runSuitesInProcess(SurefireStarter.java:87)
	at org.apache.maven.surefire.booter.ForkedBooter.main(ForkedBooter.java:69)
Caused by: org.h2.jdbc.JdbcSQLException: Syntax error in SQL statement &quot;SELECT RES.* 
       
    FROM ACT_RE_PROCDEF RES
     
     WHERE  RES.DEPLOYMENT_ID_ = ? 
   
     ORDER BY  ORDER[*] BY RES.ID_ ASC  
    LIMIT ? OFFSET ? &quot;; expected &quot;=, NOT, EXISTS, INTERSECTS, SELECT, FROM&quot;; SQL statement:
select RES.* 
       
    from ACT_RE_PROCDEF RES
     
     WHERE  RES.DEPLOYMENT_ID_ = ? 
   
     order by  order by RES.ID_ asc  
    LIMIT ? OFFSET ? [42001-176]
	at org.h2.message.DbException.getJdbcSQLException(DbException.java:344)
	at org.h2.message.DbException.getSyntaxError(DbException.java:204)
	at org.h2.command.Parser.getSyntaxError(Parser.java:524)
	at org.h2.command.Parser.readTerm(Parser.java:2688)
	at org.h2.command.Parser.readFactor(Parser.java:2244)
	at org.h2.command.Parser.readSum(Parser.java:2231)
	at org.h2.command.Parser.readConcat(Parser.java:2201)
	at org.h2.command.Parser.readCondition(Parser.java:2051)
	at org.h2.command.Parser.readAnd(Parser.java:2023)
	at org.h2.command.Parser.readExpression(Parser.java:2015)
	at org.h2.command.Parser.parseEndOfQuery(Parser.java:1726)
	at org.h2.command.Parser.parseSelectUnionExtension(Parser.java:1706)
	at org.h2.command.Parser.parseSelectUnion(Parser.java:1675)
	at org.h2.command.Parser.parseSelect(Parser.java:1662)
	at org.h2.command.Parser.parsePrepared(Parser.java:434)
	at org.h2.command.Parser.parse(Parser.java:306)
	at org.h2.command.Parser.parse(Parser.java:282)
	at org.h2.command.Parser.prepareCommand(Parser.java:243)
	at org.h2.engine.Session.prepareLocal(Session.java:442)
	at org.h2.engine.Session.prepareCommand(Session.java:384)
	at org.h2.jdbc.JdbcConnection.prepareCommand(JdbcConnection.java:1188)
	at org.h2.jdbc.JdbcPreparedStatement.&lt;init&gt;(JdbcPreparedStatement.java:73)
	at org.h2.jdbc.JdbcConnection.prepareStatement(JdbcConnection.java:276)
	at sun.reflect.GeneratedMethodAccessor6.invoke(Unknown Source)
	at sun.reflect.DelegatingMethodAccessorImpl.invoke(DelegatingMethodAccessorImpl.java:43)
	at java.lang.reflect.Method.invoke(Method.java:498)
	at org.apache.ibatis.datasource.pooled.PooledConnection.invoke(PooledConnection.java:245)
	at com.sun.proxy.$Proxy12.prepareStatement(Unknown Source)
	at sun.reflect.GeneratedMethodAccessor6.invoke(Unknown Source)
	at sun.reflect.DelegatingMethodAccessorImpl.invoke(DelegatingMethodAccessorImpl.java:43)
	at java.lang.reflect.Method.invoke(Method.java:498)
	at org.apache.ibatis.logging.jdbc.ConnectionLogger.invoke(ConnectionLogger.java:55)
	at com.sun.proxy.$Proxy12.prepareStatement(Unknown Source)
	at org.apache.ibatis.executor.statement.PreparedStatementHandler.instantiateStatement(PreparedStatementHandler.java:79)
	at org.apache.ibatis.executor.statement.BaseStatementHandler.prepare(BaseStatementHandler.java:88)
	at org.apache.ibatis.executor.statement.RoutingStatementHandler.prepare(RoutingStatementHandler.java:58)
	at org.apache.ibatis.executor.SimpleExecutor.prepareStatement(SimpleExecutor.java:76)
	at org.apache.ibatis.executor.SimpleExecutor.doQuery(SimpleExecutor.java:61)
	at org.apache.ibatis.executor.BaseExecutor.queryFromDatabase(BaseExecutor.java:303)
	at org.apache.ibatis.executor.BaseExecutor.query(BaseExecutor.java:154)
	at org.apache.ibatis.executor.CachingExecutor.query(CachingExecutor.java:102)
	at org.apache.ibatis.executor.CachingExecutor.query(CachingExecutor.java:82)
	at org.apache.ibatis.session.defaults.DefaultSqlSession.selectList(DefaultSqlSession.java:120)
	... 37 more
</error>
    <system-out>@SLTests run: 3, Failures: 0, Errors: 3, Skipped: 0, Time elapsed: 0.038 sec &lt;&lt;&lt; FAILURE!
@SLRunning org.activiti.engine.test.bpmn.servicetask.ServiceTaskVariablesTest
10:46:47,577 [main] DEBUG org.activiti.engine.impl.test.TestHelper  - annotation @Deployment creates deployment for ServiceTaskVariablesTest.testSerializedVariablesThirdAsync
10:46:47,578 [main] DEBUG org.activiti.engine.impl.interceptor.LogInterceptor  - 

10:46:47,578 [main] DEBUG org.activiti.engine.impl.interceptor.LogInterceptor  - --- starting DeployCmd --------------------------------------------------------
10:46:47,578 [main] DEBUG org.activiti.engine.impl.bpmn.deployer.BpmnDeployer  - Processing deployment ServiceTaskVariablesTest.testSerializedVariablesThirdAsync
10:46:47,578 [main] INFO  org.activiti.engine.impl.bpmn.deployer.BpmnDeployer  - Processing resource org/activiti/engine/test/bpmn/servicetask/ServiceTaskVariablesTest.testSerializedVariablesThirdAsync.bpmn20.xml
10:46:47,583 [main] DEBUG org.activiti.engine.impl.bpmn.parser.handler.ProcessParseHandler  - Parsing process process
10:46:47,583 [main] DEBUG org.activiti.engine.impl.bpmn.parser.handler.AbstractBpmnParseHandler  - Parsing activity service1
10:46:47,583 [main] DEBUG org.activiti.engine.impl.bpmn.parser.handler.AbstractBpmnParseHandler  - Parsing activity service2
10:46:47,583 [main] DEBUG org.activiti.engine.impl.bpmn.parser.handler.AbstractBpmnParseHandler  - Parsing activity service3
10:46:47,583 [main] DEBUG org.activiti.engine.impl.bpmn.parser.handler.AbstractBpmnParseHandler  - Parsing activity theStart
10:46:47,583 [main] DEBUG org.activiti.engine.impl.bpmn.parser.handler.AbstractBpmnParseHandler  - Parsing activity theEnd
10:46:47,583 [main] DEBUG org.apache.ibatis.transaction.jdbc.JdbcTransaction  - Opening JDBC Connection
10:46:47,583 [main] DEBUG org.apache.ibatis.datasource.pooled.PooledDataSource  - Checked out connection 297240765 from pool.
10:46:47,583 [main] DEBUG org.apache.ibatis.transaction.jdbc.JdbcTransaction  - Setting autocommit to false on JDBC Connection [conn4: url=jdbc:h2:mem:activiti user=SA]
10:46:47,583 [main] DEBUG org.activiti.engine.impl.persistence.entity.ProcessDefinitionEntity.selectLatestProcessDefinitionByKey  - ==&gt;  Preparing: select * from ACT_RE_PROCDEF where KEY_ = ? and (TENANT_ID_ = &apos;&apos; or TENANT_ID_ is null) and VERSION_ = (select max(VERSION_) from ACT_RE_PROCDEF where KEY_ = ? and (TENANT_ID_ = &apos;&apos; or TENANT_ID_ is null)) 
10:46:47,583 [main] DEBUG org.activiti.engine.impl.persistence.entity.ProcessDefinitionEntity.selectLatestProcessDefinitionByKey  - ==&gt; Parameters: process(String), process(String)
10:46:47,583 [main] DEBUG org.activiti.engine.impl.persistence.entity.ProcessDefinitionEntity.selectLatestProcessDefinitionByKey  - &lt;==      Total: 0
10:46:47,583 [main] DEBUG org.activiti.engine.impl.persistence.entity.JobEntity.selectJobByTypeAndProcessDefinitionKeyNoTenantId  - ==&gt;  Preparing: select J.* from ACT_RU_JOB J inner join ACT_RE_PROCDEF P on J.PROC_DEF_ID_ = P.ID_ where J.HANDLER_TYPE_ = ? and P.KEY_ = ? and (P.TENANT_ID_ = &apos;&apos; or P.TENANT_ID_ is null) 
10:46:47,583 [main] DEBUG org.activiti.engine.impl.persistence.entity.JobEntity.selectJobByTypeAndProcessDefinitionKeyNoTenantId  - ==&gt; Parameters: timer-start-event(String), process(String)
10:46:47,584 [main] DEBUG org.activiti.engine.impl.persistence.entity.JobEntity.selectJobByTypeAndProcessDefinitionKeyNoTenantId  - &lt;==      Total: 0
10:46:47,584 [main] DEBUG org.activiti.engine.impl.persistence.entity.ProcessDefinitionInfoEntity.selectProcessDefinitionInfoByProcessDefinitionId  - ==&gt;  Preparing: select * from ACT_PROCDEF_INFO where PROC_DEF_ID_ = ? 
10:46:47,584 [main] DEBUG org.activiti.engine.impl.persistence.entity.ProcessDefinitionInfoEntity.selectProcessDefinitionInfoByProcessDefinitionId  - ==&gt; Parameters: process:1:42(String)
10:46:47,584 [main] DEBUG org.activiti.engine.impl.persistence.entity.ProcessDefinitionInfoEntity.selectProcessDefinitionInfoByProcessDefinitionId  - &lt;==      Total: 0
10:46:47,584 [main] DEBUG org.activiti.engine.impl.interceptor.LogInterceptor  - 

10:46:47,584 [main] DEBUG org.activiti.engine.impl.interceptor.LogInterceptor  - --- starting GetProcessDefinitionInfoCmd --------------------------------------------------------
10:46:47,584 [main] DEBUG org.activiti.engine.impl.interceptor.CommandContextInterceptor  - Valid context found. Reusing it for the current command &apos;org.activiti.engine.impl.cmd.GetProcessDefinitionInfoCmd&apos;
10:46:47,584 [main] DEBUG org.activiti.engine.impl.interceptor.LogInterceptor  - 

10:46:47,584 [main] DEBUG org.activiti.engine.impl.interceptor.LogInterceptor  - --- starting  --------------------------------------------------------
10:46:47,584 [main] DEBUG org.activiti.engine.impl.interceptor.CommandContextInterceptor  - Valid context found. Reusing it for the current command &apos;null&apos;
10:46:47,584 [main] DEBUG org.activiti.engine.impl.interceptor.LogInterceptor  - ---  finished --------------------------------------------------------
10:46:47,585 [main] DEBUG org.activiti.engine.impl.interceptor.LogInterceptor  - 

10:46:47,585 [main] DEBUG org.activiti.engine.impl.interceptor.LogInterceptor  - --- GetProcessDefinitionInfoCmd finished --------------------------------------------------------
10:46:47,585 [main] DEBUG org.activiti.engine.impl.interceptor.LogInterceptor  - 

10:46:47,585 [main] DEBUG org.activiti.engine.impl.db.DbSqlSession  -   insert ResourceEntity[id=41, name=org/activiti/engine/test/bpmn/servicetask/ServiceTaskVariablesTest.testSerializedVariablesThirdAsync.bpmn20.xml]
10:46:47,585 [main] DEBUG org.activiti.engine.impl.db.DbSqlSession  -   insert DeploymentEntity[id=40, name=ServiceTaskVariablesTest.testSerializedVariablesThirdAsync]
10:46:47,585 [main] DEBUG org.activiti.engine.impl.db.DbSqlSession  -   insert ProcessDefinitionEntity[process:1:42]
10:46:47,585 [main] DEBUG org.activiti.engine.impl.db.DbSqlSession  - flush summary: 3 insert, 0 update, 0 delete.
10:46:47,585 [main] DEBUG org.activiti.engine.impl.db.DbSqlSession  - now executing flush...
10:46:47,585 [main] DEBUG org.activiti.engine.impl.db.DbSqlSession  - inserting: ProcessDefinitionEntity[process:1:42]
10:46:47,589 [main] DEBUG org.activiti.engine.impl.persistence.entity.ProcessDefinitionEntity.insertProcessDefinition  - ==&gt;  Preparing: insert into ACT_RE_PROCDEF(ID_, REV_, CATEGORY_, NAME_, KEY_, VERSION_, DEPLOYMENT_ID_, RESOURCE_NAME_, DGRM_RESOURCE_NAME_, DESCRIPTION_, HAS_START_FORM_KEY_, HAS_GRAPHICAL_NOTATION_ , SUSPENSION_STATE_, TENANT_ID_) values (?, 1, ?, ?, ?, ?, ?, ?, ?, ?, ?, ?, ?, ?) 
10:46:47,589 [main] DEBUG org.activiti.engine.impl.persistence.entity.ProcessDefinitionEntity.insertProcessDefinition  - ==&gt; Parameters: process:1:42(String), Examples(String), null, process(String), 1(Integer), 40(String), org/activiti/engine/test/bpmn/servicetask/ServiceTaskVariablesTest.testSerializedVariablesThirdAsync.bpmn20.xml(String), null, null, false(Boolean), false(Boolean), 1(Integer), (String)
10:46:47,589 [main] DEBUG org.activiti.engine.impl.persistence.entity.ProcessDefinitionEntity.insertProcessDefinition  - &lt;==    Updates: 1
10:46:47,589 [main] DEBUG org.activiti.engine.impl.db.DbSqlSession  - inserting: DeploymentEntity[id=40, name=ServiceTaskVariablesTest.testSerializedVariablesThirdAsync]
10:46:47,590 [main] DEBUG org.activiti.engine.impl.persistence.entity.DeploymentEntity.insertDeployment  - ==&gt;  Preparing: insert into ACT_RE_DEPLOYMENT(ID_, NAME_, CATEGORY_, TENANT_ID_, DEPLOY_TIME_) values(?, ?, ?, ?, ?) 
10:46:47,590 [main] DEBUG org.activiti.engine.impl.persistence.entity.DeploymentEntity.insertDeployment  - ==&gt; Parameters: 40(String), ServiceTaskVariablesTest.testSerializedVariablesThirdAsync(String), null, (String), 2023-03-20 10:46:46.742(Timestamp)
10:46:47,590 [main] DEBUG org.activiti.engine.impl.persistence.entity.DeploymentEntity.insertDeployment  - &lt;==    Updates: 1
10:46:47,590 [main] DEBUG org.activiti.engine.impl.db.DbSqlSession  - inserting: ResourceEntity[id=41, name=org/activiti/engine/test/bpmn/servicetask/ServiceTaskVariablesTest.testSerializedVariablesThirdAsync.bpmn20.xml]
10:46:47,590 [main] DEBUG org.activiti.engine.impl.persistence.entity.ResourceEntity.insertResource  - ==&gt;  Preparing: insert into ACT_GE_BYTEARRAY(ID_, REV_, NAME_, BYTES_, DEPLOYMENT_ID_, GENERATED_) values (?, 1, ?, ?, ?, ?) 
10:46:47,590 [main] DEBUG org.activiti.engine.impl.persistence.entity.ResourceEntity.insertResource  - ==&gt; Parameters: 41(String), org/activiti/engine/test/bpmn/servicetask/ServiceTaskVariablesTest.testSerializedVariablesThirdAsync.bpmn20.xml(String), java.io.ByteArrayInputStream@2f850d83(ByteArrayInputStream), 40(String), false(Boolean)
10:46:47,590 [main] DEBUG org.activiti.engine.impl.persistence.entity.ResourceEntity.insertResource  - &lt;==    Updates: 1
10:46:47,590 [main] DEBUG org.activiti.engine.impl.cfg.standalone.StandaloneMybatisTransactionContext  - firing event committing...
10:46:47,590 [main] DEBUG org.activiti.engine.impl.cfg.standalone.StandaloneMybatisTransactionContext  - committing the ibatis sql session...
10:46:47,590 [main] DEBUG org.apache.ibatis.transaction.jdbc.JdbcTransaction  - Committing JDBC Connection [conn4: url=jdbc:h2:mem:activiti user=SA]
10:46:47,590 [main] DEBUG org.activiti.engine.impl.cfg.standalone.StandaloneMybatisTransactionContext  - firing event committed...
10:46:47,590 [main] DEBUG org.apache.ibatis.transaction.jdbc.JdbcTransaction  - Resetting autocommit to true on JDBC Connection [conn4: url=jdbc:h2:mem:activiti user=SA]
10:46:47,590 [main] DEBUG org.apache.ibatis.transaction.jdbc.JdbcTransaction  - Closing JDBC Connection [conn4: url=jdbc:h2:mem:activiti user=SA]
10:46:47,590 [main] DEBUG org.apache.ibatis.datasource.pooled.PooledDataSource  - Returned connection 297240765 to pool.
10:46:47,590 [main] DEBUG org.activiti.engine.impl.interceptor.LogInterceptor  - --- DeployCmd finished --------------------------------------------------------
10:46:47,590 [main] DEBUG org.activiti.engine.impl.interceptor.LogInterceptor  - 

10:46:47,590 [main] DEBUG org.activiti.engine.impl.test.PvmTestCase  - 

10:46:47,590 [main] DEBUG org.activiti.engine.impl.test.PvmTestCase  - #### START ServiceTaskVariablesTest.testSerializedVariablesThirdAsync ###########################################################
10:46:47,590 [main] DEBUG org.activiti.engine.impl.interceptor.LogInterceptor  - 

10:46:47,590 [main] DEBUG org.activiti.engine.impl.interceptor.LogInterceptor  - --- starting StartProcessInstanceCmd --------------------------------------------------------
10:46:47,590 [main] DEBUG org.apache.ibatis.transaction.jdbc.JdbcTransaction  - Opening JDBC Connection
10:46:47,590 [main] DEBUG org.apache.ibatis.datasource.pooled.PooledDataSource  - Checked out connection 486346394 from pool.
10:46:47,590 [main] DEBUG org.apache.ibatis.transaction.jdbc.JdbcTransaction  - Setting autocommit to false on JDBC Connection [conn6: url=jdbc:h2:mem:activiti user=SA]
10:46:47,590 [main] DEBUG org.activiti.engine.impl.persistence.entity.ProcessDefinitionEntity.selectLatestProcessDefinitionByKey  - ==&gt;  Preparing: select * from ACT_RE_PROCDEF where KEY_ = ? and (TENANT_ID_ = &apos;&apos; or TENANT_ID_ is null) and VERSION_ = (select max(VERSION_) from ACT_RE_PROCDEF where KEY_ = ? and (TENANT_ID_ = &apos;&apos; or TENANT_ID_ is null)) 
10:46:47,590 [main] DEBUG org.activiti.engine.impl.persistence.entity.ProcessDefinitionEntity.selectLatestProcessDefinitionByKey  - ==&gt; Parameters: process(String), process(String)
10:46:47,590 [main] DEBUG org.activiti.engine.impl.persistence.entity.ProcessDefinitionEntity.selectLatestProcessDefinitionByKey  - &lt;==      Total: 1
10:46:47,590 [main] DEBUG org.activiti.engine.impl.persistence.entity.ExecutionEntity  - initializing ProcessInstance[43]
10:46:47,590 [main] DEBUG org.activiti.engine.impl.history.DefaultHistoryManager  - Current history level: FULL, level required: ACTIVITY
10:46:47,590 [main] DEBUG org.activiti.engine.impl.pvm.runtime.AtomicOperationActivityExecute  - ProcessInstance[43] executes Activity(theStart): org.activiti.engine.impl.bpmn.behavior.NoneStartEventActivityBehavior
10:46:47,590 [main] DEBUG org.activiti.engine.impl.persistence.entity.JobEntity.selectJobsByExecutionId  - ==&gt;  Preparing: select * from ACT_RU_JOB J where J.EXECUTION_ID_ = ? 
10:46:47,590 [main] DEBUG org.activiti.engine.impl.persistence.entity.JobEntity.selectJobsByExecutionId  - ==&gt; Parameters: 43(String)
10:46:47,590 [main] DEBUG org.activiti.engine.impl.persistence.entity.JobEntity.selectJobsByExecutionId  - &lt;==      Total: 0
10:46:47,590 [main] DEBUG org.activiti.engine.impl.bpmn.behavior.BpmnActivityBehavior  - Leaving activity &apos;theStart&apos;
10:46:47,590 [main] DEBUG org.activiti.engine.impl.history.DefaultHistoryManager  - Current history level: FULL, level required: ACTIVITY
10:46:47,590 [main] DEBUG org.activiti.engine.impl.pvm.runtime.AtomicOperationTransitionNotifyListenerTake  - ProcessInstance[43] takes transition (theStart)--&gt;(service1)
10:46:47,590 [main] DEBUG org.activiti.engine.impl.history.DefaultHistoryManager  - Current history level: FULL, level required: ACTIVITY
10:46:47,590 [main] DEBUG org.activiti.engine.impl.pvm.runtime.AtomicOperationActivityExecute  - ProcessInstance[43] executes Activity(service1): org.activiti.engine.impl.bpmn.helper.ClassDelegate
10:46:47,590 [main] DEBUG org.activiti.engine.impl.interceptor.LogInterceptor  - 

10:46:47,590 [main] DEBUG org.activiti.engine.impl.interceptor.LogInterceptor  - --- starting  --------------------------------------------------------
10:46:47,590 [main] DEBUG org.activiti.engine.impl.interceptor.CommandContextInterceptor  - Valid context found. Reusing it for the current command &apos;null&apos;
10:46:47,590 [main] DEBUG org.activiti.engine.impl.persistence.entity.ProcessDefinitionInfoEntity.selectProcessDefinitionInfoByProcessDefinitionId  - ==&gt;  Preparing: select * from ACT_PROCDEF_INFO where PROC_DEF_ID_ = ? 
10:46:47,590 [main] DEBUG org.activiti.engine.impl.persistence.entity.ProcessDefinitionInfoEntity.selectProcessDefinitionInfoByProcessDefinitionId  - ==&gt; Parameters: process:1:42(String)
10:46:47,590 [main] DEBUG org.activiti.engine.impl.persistence.entity.ProcessDefinitionInfoEntity.selectProcessDefinitionInfoByProcessDefinitionId  - &lt;==      Total: 0
10:46:47,590 [main] DEBUG org.activiti.engine.impl.interceptor.LogInterceptor  - ---  finished --------------------------------------------------------
10:46:47,590 [main] DEBUG org.activiti.engine.impl.interceptor.LogInterceptor  - 

10:46:47,593 [main] DEBUG org.activiti.engine.impl.history.DefaultHistoryManager  - Current history level: FULL, level required: ACTIVITY
10:46:47,593 [main] DEBUG org.activiti.engine.impl.history.DefaultHistoryManager  - Current history level: FULL, level required: FULL
10:46:47,593 [main] DEBUG org.activiti.engine.impl.bpmn.behavior.BpmnActivityBehavior  - Leaving activity &apos;service1&apos;
10:46:47,593 [main] DEBUG org.activiti.engine.impl.history.DefaultHistoryManager  - Current history level: FULL, level required: ACTIVITY
10:46:47,593 [main] DEBUG org.activiti.engine.impl.pvm.runtime.AtomicOperationTransitionNotifyListenerTake  - ProcessInstance[43] takes transition (service1)--&gt;(service2)
10:46:47,593 [main] DEBUG org.activiti.engine.impl.history.DefaultHistoryManager  - Current history level: FULL, level required: ACTIVITY
10:46:47,593 [main] DEBUG org.activiti.engine.impl.pvm.runtime.AtomicOperationActivityExecute  - ProcessInstance[43] executes Activity(service2): org.activiti.engine.impl.bpmn.helper.ClassDelegate
10:46:47,594 [main] DEBUG org.activiti.engine.impl.bpmn.behavior.BpmnActivityBehavior  - Leaving activity &apos;service2&apos;
10:46:47,594 [main] DEBUG org.activiti.engine.impl.history.DefaultHistoryManager  - Current history level: FULL, level required: ACTIVITY
10:46:47,594 [main] DEBUG org.activiti.engine.impl.pvm.runtime.AtomicOperationTransitionNotifyListenerTake  - ProcessInstance[43] takes transition (service2)--&gt;(service3)
10:46:47,594 [main] DEBUG org.activiti.engine.impl.db.DbSqlSession  -   insert ProcessInstance[43]
10:46:47,594 [main] DEBUG org.activiti.engine.impl.db.DbSqlSession  -   insert VariableInstanceEntity[id=47, name=variable, type=serializable, byteArrayValueId=46]
10:46:47,594 [main] DEBUG org.activiti.engine.impl.db.DbSqlSession  -   insert ByteArrayEntity[id=46, name=var-variable, size=137]
10:46:47,594 [main] DEBUG org.activiti.engine.impl.db.DbSqlSession  -   insert ByteArrayEntity[id=48, name=hist.var-variable, size=126]
10:46:47,594 [main] DEBUG org.activiti.engine.impl.db.DbSqlSession  -   insert ByteArrayEntity[id=49, name=hist.detail.var-variable, size=126]
10:46:47,594 [main] DEBUG org.activiti.engine.impl.db.DbSqlSession  -   insert HistoricProcessInstanceEntity[superProcessInstanceId=null]
10:46:47,594 [main] DEBUG org.activiti.engine.impl.db.DbSqlSession  -   insert HistoricDetailVariableInstanceUpdateEntity[id=50, name=variable, type=serializable, byteArrayValueId=49]
10:46:47,594 [main] DEBUG org.activiti.engine.impl.db.DbSqlSession  -   insert JobEntity [id=52]
10:46:47,594 [main] DEBUG org.activiti.engine.impl.db.DbSqlSession  -   insert HistoricActivityInstanceEntity[activityId=theStart, activityName=null]
10:46:47,594 [main] DEBUG org.activiti.engine.impl.db.DbSqlSession  -   insert HistoricActivityInstanceEntity[activityId=service1, activityName=null]
10:46:47,594 [main] DEBUG org.activiti.engine.impl.db.DbSqlSession  -   insert HistoricActivityInstanceEntity[activityId=service2, activityName=null]
10:46:47,594 [main] DEBUG org.activiti.engine.impl.db.DbSqlSession  -   insert HistoricVariableInstanceEntity[id=47, name=variable, revision=0, type=serializable, byteArrayValueId=48]
10:46:47,594 [main] DEBUG org.activiti.engine.impl.db.DbSqlSession  - flush summary: 12 insert, 0 update, 0 delete.
10:46:47,594 [main] DEBUG org.activiti.engine.impl.db.DbSqlSession  - now executing flush...
10:46:47,594 [main] DEBUG org.activiti.engine.impl.db.DbSqlSession  - inserting: HistoricDetailVariableInstanceUpdateEntity[id=50, name=variable, type=serializable, byteArrayValueId=49]
10:46:47,594 [main] DEBUG org.activiti.engine.impl.persistence.entity.HistoricDetailEntity.insertHistoricDetailVariableInstanceUpdate  - ==&gt;  Preparing: insert into ACT_HI_DETAIL (ID_, TYPE_, PROC_INST_ID_, EXECUTION_ID_, ACT_INST_ID_, TASK_ID_, NAME_, REV_, VAR_TYPE_, TIME_, BYTEARRAY_ID_, DOUBLE_, LONG_ , TEXT_, TEXT2_) values ( ?, &apos;VariableUpdate&apos;, ?, ?, ?, ?, ?, ?, ?, ?, ?, ?, ?, ?, ? ) 
10:46:47,594 [main] DEBUG org.activiti.engine.impl.persistence.entity.HistoricDetailEntity.insertHistoricDetailVariableInstanceUpdate  - ==&gt; Parameters: 50(String), 43(String), 43(String), 45(String), null, variable(String), 0(Integer), serializable(String), 2023-03-20 10:46:46.742(Timestamp), 49(String), null, null, null, null
10:46:47,594 [main] DEBUG org.activiti.engine.impl.persistence.entity.HistoricDetailEntity.insertHistoricDetailVariableInstanceUpdate  - &lt;==    Updates: 1
10:46:47,594 [main] DEBUG org.activiti.engine.impl.db.DbSqlSession  - inserting: HistoricVariableInstanceEntity[id=47, name=variable, revision=0, type=serializable, byteArrayValueId=48]
10:46:47,594 [main] DEBUG org.activiti.engine.impl.persistence.entity.HistoricVariableInstanceEntity.insertHistoricVariableInstance  - ==&gt;  Preparing: insert into ACT_HI_VARINST (ID_, PROC_INST_ID_, EXECUTION_ID_, TASK_ID_, NAME_, REV_, VAR_TYPE_, BYTEARRAY_ID_, DOUBLE_, LONG_ , TEXT_, TEXT2_, CREATE_TIME_, LAST_UPDATED_TIME_) values ( ?, ?, ?, ?, ?, ?, ?, ?, ?, ?, ?, ?, ?, ? ) 
10:46:47,594 [main] DEBUG org.activiti.engine.impl.persistence.entity.HistoricVariableInstanceEntity.insertHistoricVariableInstance  - ==&gt; Parameters: 47(String), 43(String), 43(String), null, variable(String), 0(Integer), serializable(String), 48(String), null, null, null, null, 2023-03-20 10:46:46.742(Timestamp), 2023-03-20 10:46:46.742(Timestamp)
10:46:47,594 [main] DEBUG org.activiti.engine.impl.persistence.entity.HistoricVariableInstanceEntity.insertHistoricVariableInstance  - &lt;==    Updates: 1
10:46:47,594 [main] DEBUG org.activiti.engine.impl.db.DbSqlSession  - inserting: HistoricProcessInstanceEntity[superProcessInstanceId=null]
10:46:47,594 [main] DEBUG org.activiti.engine.impl.persistence.entity.HistoricProcessInstanceEntity.insertHistoricProcessInstance  - ==&gt;  Preparing: insert into ACT_HI_PROCINST ( ID_, PROC_INST_ID_, BUSINESS_KEY_, PROC_DEF_ID_, START_TIME_, END_TIME_, DURATION_, START_USER_ID_, START_ACT_ID_, END_ACT_ID_, SUPER_PROCESS_INSTANCE_ID_, DELETE_REASON_, TENANT_ID_, NAME_ ) values ( ?, ?, ?, ?, ?, ?, ?, ?, ?, ?, ?, ?, ?, ? ) 
10:46:47,594 [main] DEBUG org.activiti.engine.impl.persistence.entity.HistoricProcessInstanceEntity.insertHistoricProcessInstance  - ==&gt; Parameters: 43(String), 43(String), null, process:1:42(String), 2023-03-20 10:46:46.742(Timestamp), null, null, null, theStart(String), null, null, null, (String), null
10:46:47,594 [main] DEBUG org.activiti.engine.impl.persistence.entity.HistoricProcessInstanceEntity.insertHistoricProcessInstance  - &lt;==    Updates: 1
10:46:47,594 [main] DEBUG org.activiti.engine.impl.persistence.entity.HistoricActivityInstanceEntity.bulkInsertHistoricActivityInstance  - ==&gt;  Preparing: insert into ACT_HI_ACTINST ( ID_, PROC_DEF_ID_, PROC_INST_ID_, EXECUTION_ID_, ACT_ID_, TASK_ID_, CALL_PROC_INST_ID_, ACT_NAME_, ACT_TYPE_, ASSIGNEE_, START_TIME_, END_TIME_, DURATION_, TENANT_ID_ ) values (?, ?, ?, ?, ?, ?, ?, ?, ?, ?, ?, ?, ?, ?) , (?, ?, ?, ?, ?, ?, ?, ?, ?, ?, ?, ?, ?, ?) , (?, ?, ?, ?, ?, ?, ?, ?, ?, ?, ?, ?, ?, ?) 
10:46:47,595 [main] DEBUG org.activiti.engine.impl.persistence.entity.HistoricActivityInstanceEntity.bulkInsertHistoricActivityInstance  - ==&gt; Parameters: 44(String), process:1:42(String), 43(String), 43(String), theStart(String), null, null, null, startEvent(String), null, 2023-03-20 10:46:46.742(Timestamp), 2023-03-20 10:46:46.742(Timestamp), 0(Long), (String), 45(String), process:1:42(String), 43(String), 43(String), service1(String), null, null, null, serviceTask(String), null, 2023-03-20 10:46:46.742(Timestamp), 2023-03-20 10:46:46.742(Timestamp), 0(Long), (String), 51(String), process:1:42(String), 43(String), 43(String), service2(String), null, null, null, serviceTask(String), null, 2023-03-20 10:46:46.742(Timestamp), 2023-03-20 10:46:46.742(Timestamp), 0(Long), (String)
10:46:47,595 [main] DEBUG org.activiti.engine.impl.persistence.entity.HistoricActivityInstanceEntity.bulkInsertHistoricActivityInstance  - &lt;==    Updates: 3
10:46:47,595 [main] DEBUG org.activiti.engine.impl.db.DbSqlSession  - inserting: ProcessInstance[43]
10:46:47,595 [main] DEBUG org.activiti.engine.impl.persistence.entity.ExecutionEntity.insertExecution  - ==&gt;  Preparing: insert into ACT_RU_EXECUTION (ID_, REV_, PROC_INST_ID_, BUSINESS_KEY_, PROC_DEF_ID_, ACT_ID_, IS_ACTIVE_, IS_CONCURRENT_, IS_SCOPE_,IS_EVENT_SCOPE_, PARENT_ID_, SUPER_EXEC_, SUSPENSION_STATE_, CACHED_ENT_STATE_, TENANT_ID_, NAME_) values ( ?, 1, ?, ?, ?, ?, ?, ?, ?, ?, ?, ?, ?, ?, ?, ? ) 
10:46:47,595 [main] DEBUG org.activiti.engine.impl.persistence.entity.ExecutionEntity.insertExecution  - ==&gt; Parameters: 43(String), 43(String), null, process:1:42(String), service3(String), true(Boolean), false(Boolean), true(Boolean), false(Boolean), null, null, 1(Integer), 6(Integer), (String), null
10:46:47,595 [main] DEBUG org.activiti.engine.impl.persistence.entity.ExecutionEntity.insertExecution  - &lt;==    Updates: 1
10:46:47,595 [main] DEBUG org.activiti.engine.impl.persistence.entity.ByteArrayEntity.bulkInsertByteArray  - ==&gt;  Preparing: insert into ACT_GE_BYTEARRAY(ID_, REV_, NAME_, BYTES_, DEPLOYMENT_ID_) values (?, 1, ?, ?, ?) , (?, 1, ?, ?, ?) , (?, 1, ?, ?, ?) 
10:46:47,595 [main] DEBUG org.activiti.engine.impl.persistence.entity.ByteArrayEntity.bulkInsertByteArray  - ==&gt; Parameters: 46(String), var-variable(String), java.io.ByteArrayInputStream@2d745993(ByteArrayInputStream), null, 48(String), hist.var-variable(String), java.io.ByteArrayInputStream@7c06c9ed(ByteArrayInputStream), null, 49(String), hist.detail.var-variable(String), java.io.ByteArrayInputStream@3223ac36(ByteArrayInputStream), null
10:46:47,595 [main] DEBUG org.activiti.engine.impl.persistence.entity.ByteArrayEntity.bulkInsertByteArray  - &lt;==    Updates: 3
10:46:47,595 [main] DEBUG org.activiti.engine.impl.db.DbSqlSession  - inserting: VariableInstanceEntity[id=47, name=variable, type=serializable, byteArrayValueId=46]
10:46:47,595 [main] DEBUG org.activiti.engine.impl.persistence.entity.VariableInstanceEntity.insertVariableInstance  - ==&gt;  Preparing: insert into ACT_RU_VARIABLE (ID_, REV_, TYPE_, NAME_, PROC_INST_ID_, EXECUTION_ID_, TASK_ID_, BYTEARRAY_ID_, DOUBLE_, LONG_ , TEXT_, TEXT2_) values ( ?, 1, ?, ?, ?, ?, ?, ?, ?, ?, ?, ? ) 
10:46:47,595 [main] DEBUG org.activiti.engine.impl.persistence.entity.VariableInstanceEntity.insertVariableInstance  - ==&gt; Parameters: 47(String), serializable(String), variable(String), 43(String), 43(String), null, 46(String), null, null, null, null
10:46:47,595 [main] DEBUG org.activiti.engine.impl.persistence.entity.VariableInstanceEntity.insertVariableInstance  - &lt;==    Updates: 1
10:46:47,595 [main] DEBUG org.activiti.engine.impl.db.DbSqlSession  - inserting: JobEntity [id=52]
10:46:47,595 [main] DEBUG org.activiti.engine.impl.persistence.entity.JobEntity.insertMessage  - ==&gt;  Preparing: insert into ACT_RU_JOB ( ID_, REV_, TYPE_, LOCK_OWNER_, LOCK_EXP_TIME_, EXCLUSIVE_, EXECUTION_ID_, PROCESS_INSTANCE_ID_, PROC_DEF_ID_, DUEDATE_, RETRIES_, EXCEPTION_STACK_ID_, EXCEPTION_MSG_, HANDLER_TYPE_, HANDLER_CFG_, TENANT_ID_) values (?, 1, &apos;message&apos;, ?, ?, ?, ?, ?, ?, ?, ?, ?, ?, ?, ?, ? ) 
10:46:47,595 [main] DEBUG org.activiti.engine.impl.persistence.entity.JobEntity.insertMessage  - ==&gt; Parameters: 52(String), null, null, true(Boolean), 43(String), 43(String), process:1:42(String), 2023-03-20 10:51:46.742(Timestamp), 3(Integer), null, null, async-continuation(String), null, (String)
10:46:47,595 [main] DEBUG org.activiti.engine.impl.persistence.entity.JobEntity.insertMessage  - &lt;==    Updates: 1
10:46:47,595 [main] DEBUG org.activiti.engine.impl.cfg.standalone.StandaloneMybatisTransactionContext  - firing event committing...
10:46:47,595 [main] DEBUG org.activiti.engine.impl.cfg.standalone.StandaloneMybatisTransactionContext  - committing the ibatis sql session...
10:46:47,595 [main] DEBUG org.apache.ibatis.transaction.jdbc.JdbcTransaction  - Committing JDBC Connection [conn6: url=jdbc:h2:mem:activiti user=SA]
10:46:47,595 [main] DEBUG org.activiti.engine.impl.cfg.standalone.StandaloneMybatisTransactionContext  - firing event committed...
10:46:47,595 [main] DEBUG org.activiti.engine.impl.jobexecutor.AsyncJobAddedNotification  - notifying job executor of new job
10:46:47,595 [main] DEBUG org.apache.ibatis.transaction.jdbc.JdbcTransaction  - Resetting autocommit to true on JDBC Connection [conn6: url=jdbc:h2:mem:activiti user=SA]
10:46:47,595 [main] DEBUG org.apache.ibatis.transaction.jdbc.JdbcTransaction  - Closing JDBC Connection [conn6: url=jdbc:h2:mem:activiti user=SA]
10:46:47,595 [main] DEBUG org.apache.ibatis.datasource.pooled.PooledDataSource  - Returned connection 486346394 to pool.
10:46:47,595 [main] DEBUG org.activiti.engine.impl.interceptor.LogInterceptor  - --- StartProcessInstanceCmd finished --------------------------------------------------------
10:46:47,595 [main] DEBUG org.activiti.engine.impl.interceptor.LogInterceptor  - 

10:46:47,595 [main] INFO  org.activiti.engine.impl.asyncexecutor.DefaultAsyncJobExecutor  - Starting up the default async job executor [org.activiti.engine.impl.asyncexecutor.DefaultAsyncJobExecutor].
10:46:47,595 [main] INFO  org.activiti.engine.impl.asyncexecutor.DefaultAsyncJobExecutor  - Creating executor service with corePoolSize 2, maxPoolSize 10 and keepAliveTime 5000
10:46:47,595 [Thread-44] INFO  org.activiti.engine.impl.asyncexecutor.AcquireTimerJobsRunnable  - {} starting to acquire async jobs due
10:46:47,595 [Thread-44] DEBUG org.activiti.engine.impl.interceptor.LogInterceptor  - 

10:46:47,595 [Thread-44] DEBUG org.activiti.engine.impl.interceptor.LogInterceptor  - --- starting AcquireTimerJobsCmd --------------------------------------------------------
10:46:47,595 [Thread-45] INFO  org.activiti.engine.impl.asyncexecutor.AcquireAsyncJobsDueRunnable  - {} starting to acquire async jobs due
10:46:47,595 [Thread-45] DEBUG org.activiti.engine.impl.interceptor.LogInterceptor  - 

10:46:47,595 [Thread-45] DEBUG org.activiti.engine.impl.interceptor.LogInterceptor  - --- starting AcquireAsyncJobsDueCmd --------------------------------------------------------
10:46:47,595 [Thread-44] DEBUG org.apache.ibatis.transaction.jdbc.JdbcTransaction  - Opening JDBC Connection
10:46:47,595 [Thread-44] DEBUG org.apache.ibatis.datasource.pooled.PooledDataSource  - Checked out connection 363509958 from pool.
10:46:47,595 [Thread-44] DEBUG org.apache.ibatis.transaction.jdbc.JdbcTransaction  - Setting autocommit to false on JDBC Connection [conn2: url=jdbc:h2:mem:activiti user=SA]
10:46:47,595 [Thread-45] DEBUG org.apache.ibatis.transaction.jdbc.JdbcTransaction  - Opening JDBC Connection
10:46:47,595 [Thread-45] DEBUG org.apache.ibatis.datasource.pooled.PooledDataSource  - Checked out connection 180014677 from pool.
10:46:47,595 [Thread-44] DEBUG org.activiti.engine.impl.persistence.entity.JobEntity.selectNextTimerJobsToExecute  - ==&gt;  Preparing: select RES.* from ACT_RU_JOB RES LEFT OUTER JOIN ACT_RU_EXECUTION PI ON PI.ID_ = RES.PROCESS_INSTANCE_ID_ where (RES.RETRIES_ &gt; 0) and (RES.DUEDATE_ is null or RES.DUEDATE_ &lt;= ?) and (RES.LOCK_OWNER_ is null or RES.LOCK_EXP_TIME_ &lt;= ?) and TYPE_ = &apos;timer&apos; and ( (RES.EXECUTION_ID_ is null) or (PI.SUSPENSION_STATE_ = 1) ) LIMIT ? OFFSET ? 
10:46:47,595 [pool-14-thread-2] DEBUG org.activiti.engine.impl.interceptor.LogInterceptor  - 

10:46:47,595 [pool-14-thread-2] DEBUG org.activiti.engine.impl.interceptor.LogInterceptor  - --- starting LockExclusiveJobCmd --------------------------------------------------------
10:46:47,595 [Thread-45] DEBUG org.apache.ibatis.transaction.jdbc.JdbcTransaction  - Setting autocommit to false on JDBC Connection [conn3: url=jdbc:h2:mem:activiti user=SA]
10:46:47,595 [pool-14-thread-2] DEBUG org.activiti.engine.impl.cmd.LockExclusiveJobCmd  - Executing lock exclusive job 2486 2484
10:46:47,595 [Thread-45] DEBUG org.activiti.engine.impl.persistence.entity.JobEntity.selectAsyncJobsDueToExecute  - ==&gt;  Preparing: select RES.* from ACT_RU_JOB RES LEFT OUTER JOIN ACT_RU_EXECUTION PI ON PI.ID_ = RES.PROCESS_INSTANCE_ID_ where RES.RETRIES_ &gt; 0 and RES.DUEDATE_ is not null and RES.DUEDATE_ &lt;= ? and (RES.LOCK_EXP_TIME_ is null or RES.LOCK_EXP_TIME_ &lt;= ?) and TYPE_ = &apos;message&apos; and ( (RES.EXECUTION_ID_ is null) or (PI.SUSPENSION_STATE_ = 1) ) LIMIT ? OFFSET ? 
10:46:47,595 [pool-14-thread-2] DEBUG org.apache.ibatis.transaction.jdbc.JdbcTransaction  - Opening JDBC Connection
10:46:47,595 [pool-14-thread-2] DEBUG org.apache.ibatis.datasource.pooled.PooledDataSource  - Checked out connection 297240765 from pool.
10:46:47,595 [pool-14-thread-2] DEBUG org.apache.ibatis.transaction.jdbc.JdbcTransaction  - Setting autocommit to false on JDBC Connection [conn4: url=jdbc:h2:mem:activiti user=SA]
10:46:47,595 [pool-14-thread-2] DEBUG org.activiti.engine.impl.persistence.entity.ExecutionEntity.selectExecution  - ==&gt;  Preparing: select * from ACT_RU_EXECUTION where ID_ = ? 
10:46:47,595 [pool-14-thread-1] DEBUG org.activiti.engine.impl.interceptor.LogInterceptor  - 

10:46:47,595 [pool-14-thread-1] DEBUG org.activiti.engine.impl.interceptor.LogInterceptor  - --- starting ExecuteAsyncJobCmd --------------------------------------------------------
10:46:47,595 [pool-14-thread-1] DEBUG org.activiti.engine.impl.cmd.ExecuteAsyncJobCmd  - Executing async job 2480
10:46:47,595 [pool-14-thread-2] DEBUG org.activiti.engine.impl.persistence.entity.ExecutionEntity.selectExecution  - ==&gt; Parameters: 2484(String)
10:46:47,595 [Thread-44] DEBUG org.activiti.engine.impl.persistence.entity.JobEntity.selectNextTimerJobsToExecute  - ==&gt; Parameters: 2023-03-20 10:46:46.742(Timestamp), 2023-03-20 10:46:46.742(Timestamp), 1(Integer), 0(Integer)
10:46:47,595 [pool-14-thread-1] DEBUG org.apache.ibatis.transaction.jdbc.JdbcTransaction  - Opening JDBC Connection
10:46:47,595 [Thread-44] DEBUG org.activiti.engine.impl.persistence.entity.JobEntity.selectNextTimerJobsToExecute  - &lt;==      Total: 0
10:46:47,595 [pool-14-thread-2] DEBUG org.activiti.engine.impl.persistence.entity.ExecutionEntity.selectExecution  - &lt;==      Total: 0
10:46:47,595 [Thread-44] DEBUG org.activiti.engine.impl.db.DbSqlSession  - flush summary: 0 insert, 0 update, 0 delete.
10:46:47,595 [Thread-44] DEBUG org.activiti.engine.impl.db.DbSqlSession  - now executing flush...
10:46:47,595 [Thread-44] DEBUG org.activiti.engine.impl.cfg.standalone.StandaloneMybatisTransactionContext  - firing event committing...
10:46:47,595 [Thread-44] DEBUG org.activiti.engine.impl.cfg.standalone.StandaloneMybatisTransactionContext  - committing the ibatis sql session...
10:46:47,595 [Thread-45] DEBUG org.activiti.engine.impl.persistence.entity.JobEntity.selectAsyncJobsDueToExecute  - ==&gt; Parameters: 2023-03-20 10:46:46.742(Timestamp), 2023-03-20 10:46:46.742(Timestamp), 1(Integer), 0(Integer)
10:46:47,595 [Thread-44] DEBUG org.activiti.engine.impl.cfg.standalone.StandaloneMybatisTransactionContext  - firing event committed...
10:46:47,595 [Thread-44] DEBUG org.apache.ibatis.transaction.jdbc.JdbcTransaction  - Resetting autocommit to true on JDBC Connection [conn2: url=jdbc:h2:mem:activiti user=SA]
10:46:47,595 [Thread-44] DEBUG org.apache.ibatis.transaction.jdbc.JdbcTransaction  - Closing JDBC Connection [conn2: url=jdbc:h2:mem:activiti user=SA]
10:46:47,595 [pool-14-thread-2] DEBUG org.activiti.engine.impl.db.DbSqlSession  - flush summary: 0 insert, 0 update, 0 delete.
10:46:47,596 [pool-14-thread-2] DEBUG org.activiti.engine.impl.db.DbSqlSession  - now executing flush...
10:46:47,596 [pool-14-thread-2] DEBUG org.activiti.engine.impl.cfg.standalone.StandaloneMybatisTransactionContext  - firing event committing...
10:46:47,596 [pool-14-thread-2] DEBUG org.activiti.engine.impl.cfg.standalone.StandaloneMybatisTransactionContext  - committing the ibatis sql session...
10:46:47,596 [pool-14-thread-2] DEBUG org.activiti.engine.impl.cfg.standalone.StandaloneMybatisTransactionContext  - firing event committed...
10:46:47,596 [pool-14-thread-2] DEBUG org.apache.ibatis.transaction.jdbc.JdbcTransaction  - Resetting autocommit to true on JDBC Connection [conn4: url=jdbc:h2:mem:activiti user=SA]
10:46:47,596 [pool-14-thread-2] DEBUG org.apache.ibatis.transaction.jdbc.JdbcTransaction  - Closing JDBC Connection [conn4: url=jdbc:h2:mem:activiti user=SA]
10:46:47,595 [pool-14-thread-1] DEBUG org.apache.ibatis.datasource.pooled.PooledDataSource  - Checked out connection 486346394 from pool.
10:46:47,596 [pool-14-thread-1] DEBUG org.apache.ibatis.transaction.jdbc.JdbcTransaction  - Setting autocommit to false on JDBC Connection [conn6: url=jdbc:h2:mem:activiti user=SA]
10:46:47,596 [pool-14-thread-1] DEBUG org.activiti.engine.impl.persistence.entity.ExecutionEntity.selectExecution  - ==&gt;  Preparing: select * from ACT_RU_EXECUTION where ID_ = ? 
10:46:47,596 [Thread-45] DEBUG org.activiti.engine.impl.persistence.entity.JobEntity.selectAsyncJobsDueToExecute  - &lt;==      Total: 0
10:46:47,596 [pool-14-thread-1] DEBUG org.activiti.engine.impl.persistence.entity.ExecutionEntity.selectExecution  - ==&gt; Parameters: 2478(String)
10:46:47,596 [Thread-45] DEBUG org.activiti.engine.impl.db.DbSqlSession  - flush summary: 0 insert, 0 update, 0 delete.
10:46:47,596 [Thread-45] DEBUG org.activiti.engine.impl.db.DbSqlSession  - now executing flush...
10:46:47,596 [pool-14-thread-2] DEBUG org.apache.ibatis.datasource.pooled.PooledDataSource  - Returned connection 297240765 to pool.
10:46:47,596 [Thread-45] DEBUG org.activiti.engine.impl.cfg.standalone.StandaloneMybatisTransactionContext  - firing event committing...
10:46:47,596 [Thread-44] DEBUG org.apache.ibatis.datasource.pooled.PooledDataSource  - Returned connection 363509958 to pool.
10:46:47,596 [Thread-44] DEBUG org.activiti.engine.impl.interceptor.LogInterceptor  - --- AcquireTimerJobsCmd finished --------------------------------------------------------
10:46:47,596 [pool-14-thread-1] DEBUG org.activiti.engine.impl.persistence.entity.ExecutionEntity.selectExecution  - &lt;==      Total: 0
10:46:47,596 [Thread-44] DEBUG org.activiti.engine.impl.interceptor.LogInterceptor  - 

10:46:47,596 [Thread-45] DEBUG org.activiti.engine.impl.cfg.standalone.StandaloneMybatisTransactionContext  - committing the ibatis sql session...
10:46:47,596 [Thread-45] DEBUG org.activiti.engine.impl.cfg.standalone.StandaloneMybatisTransactionContext  - firing event committed...
10:46:47,596 [Thread-45] DEBUG org.apache.ibatis.transaction.jdbc.JdbcTransaction  - Resetting autocommit to true on JDBC Connection [conn3: url=jdbc:h2:mem:activiti user=SA]
10:46:47,596 [Thread-45] DEBUG org.apache.ibatis.transaction.jdbc.JdbcTransaction  - Closing JDBC Connection [conn3: url=jdbc:h2:mem:activiti user=SA]
10:46:47,596 [Thread-45] DEBUG org.apache.ibatis.datasource.pooled.PooledDataSource  - Returned connection 180014677 to pool.
10:46:47,596 [Thread-45] DEBUG org.activiti.engine.impl.interceptor.LogInterceptor  - --- AcquireAsyncJobsDueCmd finished --------------------------------------------------------
10:46:47,596 [Thread-45] DEBUG org.activiti.engine.impl.interceptor.LogInterceptor  - 

10:46:47,596 [pool-14-thread-2] DEBUG org.activiti.engine.impl.interceptor.LogInterceptor  - --- LockExclusiveJobCmd finished --------------------------------------------------------
10:46:47,596 [pool-14-thread-2] DEBUG org.activiti.engine.impl.interceptor.LogInterceptor  - 

10:46:47,596 [Thread-45] DEBUG org.activiti.engine.impl.asyncexecutor.AcquireAsyncJobsDueRunnable  - async job acquisition thread sleeping for 1000 millis
10:46:47,596 [pool-14-thread-1] DEBUG org.activiti.engine.impl.interceptor.CommandContext  - Error while closing command context
java.lang.NullPointerException
10:46:47,596 [pool-14-thread-1] DEBUG org.activiti.engine.impl.cfg.standalone.StandaloneMybatisTransactionContext  - firing event rolling back...
10:46:47,596 [pool-14-thread-1] DEBUG org.activiti.engine.impl.cfg.standalone.StandaloneMybatisTransactionContext  - rolling back ibatis sql session...
10:46:47,596 [Thread-44] DEBUG org.activiti.engine.impl.asyncexecutor.AcquireTimerJobsRunnable  - timer job acquisition thread sleeping for 1000 millis
10:46:47,596 [pool-14-thread-1] DEBUG org.activiti.engine.impl.cfg.standalone.StandaloneMybatisTransactionContext  - firing event rolled back...
10:46:47,596 [pool-14-thread-2] DEBUG org.activiti.engine.impl.interceptor.LogInterceptor  - 

10:46:47,596 [pool-14-thread-2] DEBUG org.activiti.engine.impl.interceptor.LogInterceptor  - --- starting ExecuteAsyncJobCmd --------------------------------------------------------
10:46:47,596 [pool-14-thread-2] DEBUG org.activiti.engine.impl.cmd.ExecuteAsyncJobCmd  - Executing async job 2486
10:46:47,596 [pool-14-thread-1] DEBUG org.apache.ibatis.transaction.jdbc.JdbcTransaction  - Resetting autocommit to true on JDBC Connection [conn6: url=jdbc:h2:mem:activiti user=SA]
10:46:47,596 [pool-14-thread-1] DEBUG org.apache.ibatis.transaction.jdbc.JdbcTransaction  - Closing JDBC Connection [conn6: url=jdbc:h2:mem:activiti user=SA]
10:46:47,596 [pool-14-thread-1] DEBUG org.apache.ibatis.datasource.pooled.PooledDataSource  - Returned connection 486346394 to pool.
10:46:47,596 [pool-14-thread-2] DEBUG org.apache.ibatis.transaction.jdbc.JdbcTransaction  - Opening JDBC Connection
10:46:47,596 [pool-14-thread-2] DEBUG org.apache.ibatis.datasource.pooled.PooledDataSource  - Checked out connection 297240765 from pool.
10:46:47,596 [pool-14-thread-2] DEBUG org.apache.ibatis.transaction.jdbc.JdbcTransaction  - Setting autocommit to false on JDBC Connection [conn4: url=jdbc:h2:mem:activiti user=SA]
10:46:47,596 [pool-14-thread-2] DEBUG org.activiti.engine.impl.persistence.entity.ExecutionEntity.selectExecution  - ==&gt;  Preparing: select * from ACT_RU_EXECUTION where ID_ = ? 
10:46:47,596 [pool-14-thread-1] DEBUG org.activiti.engine.impl.interceptor.LogInterceptor  - --- ExecuteAsyncJobCmd finished --------------------------------------------------------
10:46:47,596 [pool-14-thread-1] DEBUG org.activiti.engine.impl.interceptor.LogInterceptor  - 

10:46:47,596 [pool-14-thread-2] DEBUG org.activiti.engine.impl.persistence.entity.ExecutionEntity.selectExecution  - ==&gt; Parameters: 2484(String)
10:46:47,596 [pool-14-thread-2] DEBUG org.activiti.engine.impl.persistence.entity.ExecutionEntity.selectExecution  - &lt;==      Total: 0
10:46:47,596 [pool-14-thread-2] DEBUG org.activiti.engine.impl.interceptor.CommandContext  - Error while closing command context
java.lang.NullPointerException
10:46:47,596 [pool-14-thread-2] DEBUG org.activiti.engine.impl.cfg.standalone.StandaloneMybatisTransactionContext  - firing event rolling back...
10:46:47,596 [pool-14-thread-2] DEBUG org.activiti.engine.impl.cfg.standalone.StandaloneMybatisTransactionContext  - rolling back ibatis sql session...
10:46:47,596 [pool-14-thread-2] DEBUG org.activiti.engine.impl.cfg.standalone.StandaloneMybatisTransactionContext  - firing event rolled back...
10:46:47,596 [pool-14-thread-2] DEBUG org.apache.ibatis.transaction.jdbc.JdbcTransaction  - Resetting autocommit to true on JDBC Connection [conn4: url=jdbc:h2:mem:activiti user=SA]
10:46:47,596 [pool-14-thread-2] DEBUG org.apache.ibatis.transaction.jdbc.JdbcTransaction  - Closing JDBC Connection [conn4: url=jdbc:h2:mem:activiti user=SA]
10:46:47,596 [pool-14-thread-2] DEBUG org.apache.ibatis.datasource.pooled.PooledDataSource  - Returned connection 297240765 to pool.
10:46:47,596 [pool-14-thread-2] DEBUG org.activiti.engine.impl.interceptor.LogInterceptor  - --- ExecuteAsyncJobCmd finished --------------------------------------------------------
10:46:47,596 [pool-14-thread-2] DEBUG org.activiti.engine.impl.interceptor.LogInterceptor  - 

10:46:47,596 [pool-14-thread-1] DEBUG org.activiti.engine.impl.interceptor.LogInterceptor  - 

10:46:47,596 [pool-14-thread-1] DEBUG org.activiti.engine.impl.interceptor.LogInterceptor  - --- starting  --------------------------------------------------------
10:46:47,596 [pool-14-thread-2] DEBUG org.activiti.engine.impl.interceptor.LogInterceptor  - 

10:46:47,596 [pool-14-thread-2] DEBUG org.activiti.engine.impl.interceptor.LogInterceptor  - --- starting  --------------------------------------------------------
10:46:47,596 [pool-14-thread-1] DEBUG org.activiti.engine.impl.interceptor.LogInterceptor  - 

10:46:47,596 [pool-14-thread-1] DEBUG org.activiti.engine.impl.interceptor.LogInterceptor  - --- starting JobRetryCmd --------------------------------------------------------
10:46:47,596 [pool-14-thread-2] DEBUG org.activiti.engine.impl.interceptor.LogInterceptor  - 

10:46:47,596 [pool-14-thread-1] DEBUG org.apache.ibatis.transaction.jdbc.JdbcTransaction  - Opening JDBC Connection
10:46:47,596 [pool-14-thread-1] DEBUG org.apache.ibatis.datasource.pooled.PooledDataSource  - Checked out connection 363509958 from pool.
10:46:47,596 [pool-14-thread-2] DEBUG org.activiti.engine.impl.interceptor.LogInterceptor  - --- starting JobRetryCmd --------------------------------------------------------
10:46:47,596 [pool-14-thread-2] DEBUG org.apache.ibatis.transaction.jdbc.JdbcTransaction  - Opening JDBC Connection
10:46:47,596 [pool-14-thread-2] DEBUG org.apache.ibatis.datasource.pooled.PooledDataSource  - Checked out connection 180014677 from pool.
10:46:47,596 [pool-14-thread-2] DEBUG org.apache.ibatis.transaction.jdbc.JdbcTransaction  - Setting autocommit to false on JDBC Connection [conn3: url=jdbc:h2:mem:activiti user=SA]
10:46:47,596 [pool-14-thread-2] DEBUG org.activiti.engine.impl.persistence.entity.JobEntity.selectJob  - ==&gt;  Preparing: select * from ACT_RU_JOB where ID_ = ? 
10:46:47,596 [pool-14-thread-1] DEBUG org.apache.ibatis.transaction.jdbc.JdbcTransaction  - Setting autocommit to false on JDBC Connection [conn2: url=jdbc:h2:mem:activiti user=SA]
10:46:47,596 [pool-14-thread-1] DEBUG org.activiti.engine.impl.persistence.entity.JobEntity.selectJob  - ==&gt;  Preparing: select * from ACT_RU_JOB where ID_ = ? 
10:46:47,596 [pool-14-thread-2] DEBUG org.activiti.engine.impl.persistence.entity.JobEntity.selectJob  - ==&gt; Parameters: 2486(String)
10:46:47,596 [pool-14-thread-1] DEBUG org.activiti.engine.impl.persistence.entity.JobEntity.selectJob  - ==&gt; Parameters: 2480(String)
10:46:47,596 [pool-14-thread-2] DEBUG org.activiti.engine.impl.persistence.entity.JobEntity.selectJob  - &lt;==      Total: 0
10:46:47,596 [pool-14-thread-1] DEBUG org.activiti.engine.impl.persistence.entity.JobEntity.selectJob  - &lt;==      Total: 0
10:46:47,596 [pool-14-thread-2] DEBUG org.activiti.engine.impl.db.DbSqlSession  - flush summary: 0 insert, 0 update, 0 delete.
10:46:47,596 [pool-14-thread-2] DEBUG org.activiti.engine.impl.db.DbSqlSession  - now executing flush...
10:46:47,596 [pool-14-thread-2] DEBUG org.activiti.engine.impl.cfg.standalone.StandaloneMybatisTransactionContext  - firing event committing...
10:46:47,596 [pool-14-thread-2] DEBUG org.activiti.engine.impl.cfg.standalone.StandaloneMybatisTransactionContext  - committing the ibatis sql session...
10:46:47,596 [pool-14-thread-1] DEBUG org.activiti.engine.impl.db.DbSqlSession  - flush summary: 0 insert, 0 update, 0 delete.
10:46:47,596 [pool-14-thread-1] DEBUG org.activiti.engine.impl.db.DbSqlSession  - now executing flush...
10:46:47,596 [pool-14-thread-1] DEBUG org.activiti.engine.impl.cfg.standalone.StandaloneMybatisTransactionContext  - firing event committing...
10:46:47,596 [pool-14-thread-1] DEBUG org.activiti.engine.impl.cfg.standalone.StandaloneMybatisTransactionContext  - committing the ibatis sql session...
10:46:47,596 [pool-14-thread-2] DEBUG org.activiti.engine.impl.cfg.standalone.StandaloneMybatisTransactionContext  - firing event committed...
10:46:47,596 [pool-14-thread-2] DEBUG org.apache.ibatis.transaction.jdbc.JdbcTransaction  - Resetting autocommit to true on JDBC Connection [conn3: url=jdbc:h2:mem:activiti user=SA]
10:46:47,596 [pool-14-thread-2] DEBUG org.apache.ibatis.transaction.jdbc.JdbcTransaction  - Closing JDBC Connection [conn3: url=jdbc:h2:mem:activiti user=SA]
10:46:47,596 [pool-14-thread-2] DEBUG org.apache.ibatis.datasource.pooled.PooledDataSource  - Returned connection 180014677 to pool.
10:46:47,597 [pool-14-thread-2] DEBUG org.activiti.engine.impl.interceptor.LogInterceptor  - --- JobRetryCmd finished --------------------------------------------------------
10:46:47,597 [pool-14-thread-2] DEBUG org.activiti.engine.impl.interceptor.LogInterceptor  - 

10:46:47,596 [pool-14-thread-1] DEBUG org.activiti.engine.impl.cfg.standalone.StandaloneMybatisTransactionContext  - firing event committed...
10:46:47,597 [pool-14-thread-2] DEBUG org.activiti.engine.impl.cfg.standalone.StandaloneMybatisTransactionContext  - firing event committing...
10:46:47,597 [pool-14-thread-2] DEBUG org.activiti.engine.impl.cfg.standalone.StandaloneMybatisTransactionContext  - committing the ibatis sql session...
10:46:47,597 [pool-14-thread-1] DEBUG org.apache.ibatis.transaction.jdbc.JdbcTransaction  - Resetting autocommit to true on JDBC Connection [conn2: url=jdbc:h2:mem:activiti user=SA]
10:46:47,597 [pool-14-thread-1] DEBUG org.apache.ibatis.transaction.jdbc.JdbcTransaction  - Closing JDBC Connection [conn2: url=jdbc:h2:mem:activiti user=SA]
10:46:47,597 [pool-14-thread-1] DEBUG org.apache.ibatis.datasource.pooled.PooledDataSource  - Returned connection 363509958 to pool.
10:46:47,597 [pool-14-thread-2] DEBUG org.activiti.engine.impl.cfg.standalone.StandaloneMybatisTransactionContext  - firing event committed...
10:46:47,597 [pool-14-thread-1] DEBUG org.activiti.engine.impl.interceptor.LogInterceptor  - --- JobRetryCmd finished --------------------------------------------------------
10:46:47,597 [pool-14-thread-1] DEBUG org.activiti.engine.impl.interceptor.LogInterceptor  - 

10:46:47,597 [pool-14-thread-1] DEBUG org.activiti.engine.impl.cfg.standalone.StandaloneMybatisTransactionContext  - firing event committing...
10:46:47,597 [pool-14-thread-1] DEBUG org.activiti.engine.impl.cfg.standalone.StandaloneMybatisTransactionContext  - committing the ibatis sql session...
10:46:47,597 [pool-14-thread-2] DEBUG org.activiti.engine.impl.interceptor.LogInterceptor  - ---  finished --------------------------------------------------------
10:46:47,597 [pool-14-thread-2] DEBUG org.activiti.engine.impl.interceptor.LogInterceptor  - 

10:46:47,597 [pool-14-thread-1] DEBUG org.activiti.engine.impl.cfg.standalone.StandaloneMybatisTransactionContext  - firing event committed...
10:46:47,597 [pool-14-thread-1] DEBUG org.activiti.engine.impl.interceptor.LogInterceptor  - ---  finished --------------------------------------------------------
10:46:47,597 [pool-14-thread-1] DEBUG org.activiti.engine.impl.interceptor.LogInterceptor  - 

10:46:47,597 [pool-14-thread-2] ERROR org.activiti.engine.impl.asyncexecutor.ExecuteAsyncRunnable  - Job 2486 failed
java.lang.NullPointerException
10:46:47,597 [pool-14-thread-2] DEBUG org.activiti.engine.impl.interceptor.LogInterceptor  - 

10:46:47,597 [pool-14-thread-2] DEBUG org.activiti.engine.impl.interceptor.LogInterceptor  - --- starting UnlockExclusiveJobCmd --------------------------------------------------------
10:46:47,597 [pool-14-thread-1] ERROR org.activiti.engine.impl.asyncexecutor.ExecuteAsyncRunnable  - Job 2480 failed
java.lang.NullPointerException
10:46:47,597 [pool-14-thread-2] DEBUG org.activiti.engine.impl.cmd.UnlockExclusiveJobCmd  - Unlocking exclusive job 2486
10:46:47,597 [pool-14-thread-2] DEBUG org.apache.ibatis.transaction.jdbc.JdbcTransaction  - Opening JDBC Connection
10:46:47,597 [pool-14-thread-2] DEBUG org.apache.ibatis.datasource.pooled.PooledDataSource  - Checked out connection 486346394 from pool.
10:46:47,597 [pool-14-thread-2] DEBUG org.apache.ibatis.transaction.jdbc.JdbcTransaction  - Setting autocommit to false on JDBC Connection [conn6: url=jdbc:h2:mem:activiti user=SA]
10:46:47,597 [pool-14-thread-2] DEBUG org.activiti.engine.impl.persistence.entity.ExecutionEntity.selectExecution  - ==&gt;  Preparing: select * from ACT_RU_EXECUTION where ID_ = ? 
10:46:47,597 [pool-14-thread-1] DEBUG org.activiti.engine.impl.interceptor.LogInterceptor  - 

10:46:47,597 [pool-14-thread-1] DEBUG org.activiti.engine.impl.interceptor.LogInterceptor  - --- starting LockExclusiveJobCmd --------------------------------------------------------
10:46:47,597 [pool-14-thread-1] DEBUG org.activiti.engine.impl.cmd.LockExclusiveJobCmd  - Executing lock exclusive job 52 43
10:46:47,597 [pool-14-thread-1] DEBUG org.apache.ibatis.transaction.jdbc.JdbcTransaction  - Opening JDBC Connection
10:46:47,597 [pool-14-thread-1] DEBUG org.apache.ibatis.datasource.pooled.PooledDataSource  - Checked out connection 297240765 from pool.
10:46:47,597 [pool-14-thread-1] DEBUG org.apache.ibatis.transaction.jdbc.JdbcTransaction  - Setting autocommit to false on JDBC Connection [conn4: url=jdbc:h2:mem:activiti user=SA]
10:46:47,597 [pool-14-thread-1] DEBUG org.activiti.engine.impl.persistence.entity.ExecutionEntity.selectExecution  - ==&gt;  Preparing: select * from ACT_RU_EXECUTION where ID_ = ? 
10:46:47,597 [pool-14-thread-2] DEBUG org.activiti.engine.impl.persistence.entity.ExecutionEntity.selectExecution  - ==&gt; Parameters: 2484(String)
10:46:47,597 [pool-14-thread-1] DEBUG org.activiti.engine.impl.persistence.entity.ExecutionEntity.selectExecution  - ==&gt; Parameters: 43(String)
10:46:47,597 [pool-14-thread-2] DEBUG org.activiti.engine.impl.persistence.entity.ExecutionEntity.selectExecution  - &lt;==      Total: 0
10:46:47,597 [pool-14-thread-2] DEBUG org.activiti.engine.impl.db.DbSqlSession  - flush summary: 0 insert, 0 update, 0 delete.
10:46:47,597 [pool-14-thread-2] DEBUG org.activiti.engine.impl.db.DbSqlSession  - now executing flush...
10:46:47,597 [pool-14-thread-2] DEBUG org.activiti.engine.impl.cfg.standalone.StandaloneMybatisTransactionContext  - firing event committing...
10:46:47,597 [pool-14-thread-2] DEBUG org.activiti.engine.impl.cfg.standalone.StandaloneMybatisTransactionContext  - committing the ibatis sql session...
10:46:47,597 [pool-14-thread-2] DEBUG org.activiti.engine.impl.cfg.standalone.StandaloneMybatisTransactionContext  - firing event committed...
10:46:47,597 [pool-14-thread-2] DEBUG org.apache.ibatis.transaction.jdbc.JdbcTransaction  - Resetting autocommit to true on JDBC Connection [conn6: url=jdbc:h2:mem:activiti user=SA]
10:46:47,597 [pool-14-thread-2] DEBUG org.apache.ibatis.transaction.jdbc.JdbcTransaction  - Closing JDBC Connection [conn6: url=jdbc:h2:mem:activiti user=SA]
10:46:47,597 [pool-14-thread-2] DEBUG org.apache.ibatis.datasource.pooled.PooledDataSource  - Returned connection 486346394 to pool.
10:46:47,597 [pool-14-thread-2] DEBUG org.activiti.engine.impl.interceptor.LogInterceptor  - --- UnlockExclusiveJobCmd finished --------------------------------------------------------
10:46:47,597 [pool-14-thread-2] DEBUG org.activiti.engine.impl.interceptor.LogInterceptor  - 

10:46:47,597 [pool-14-thread-1] DEBUG org.activiti.engine.impl.persistence.entity.ExecutionEntity.selectExecution  - &lt;==      Total: 1
10:46:47,597 [pool-14-thread-1] DEBUG org.activiti.engine.impl.persistence.entity.ExecutionEntity.updateProcessInstanceLockTime  - ==&gt;  Preparing: update ACT_RU_EXECUTION set LOCK_TIME_ = ? where ID_ = ? and (LOCK_TIME_ is null OR LOCK_TIME_ &lt; ?) 
10:46:47,597 [pool-14-thread-1] DEBUG org.activiti.engine.impl.persistence.entity.ExecutionEntity.updateProcessInstanceLockTime  - ==&gt; Parameters: 2023-03-20 10:51:46.742(Timestamp), 43(String), 2023-03-20 10:46:46.742(Timestamp)
10:46:47,597 [pool-14-thread-1] DEBUG org.activiti.engine.impl.persistence.entity.ExecutionEntity.updateProcessInstanceLockTime  - &lt;==    Updates: 1
10:46:47,597 [pool-14-thread-1] DEBUG org.activiti.engine.impl.db.DbSqlSession  - flush summary: 0 insert, 0 update, 0 delete.
10:46:47,597 [pool-14-thread-1] DEBUG org.activiti.engine.impl.db.DbSqlSession  - now executing flush...
10:46:47,597 [pool-14-thread-1] DEBUG org.activiti.engine.impl.cfg.standalone.StandaloneMybatisTransactionContext  - firing event committing...
10:46:47,597 [pool-14-thread-1] DEBUG org.activiti.engine.impl.cfg.standalone.StandaloneMybatisTransactionContext  - committing the ibatis sql session...
10:46:47,597 [pool-14-thread-1] DEBUG org.apache.ibatis.transaction.jdbc.JdbcTransaction  - Committing JDBC Connection [conn4: url=jdbc:h2:mem:activiti user=SA]
10:46:47,597 [pool-14-thread-1] DEBUG org.activiti.engine.impl.cfg.standalone.StandaloneMybatisTransactionContext  - firing event committed...
10:46:47,597 [pool-14-thread-1] DEBUG org.apache.ibatis.transaction.jdbc.JdbcTransaction  - Resetting autocommit to true on JDBC Connection [conn4: url=jdbc:h2:mem:activiti user=SA]
10:46:47,597 [pool-14-thread-1] DEBUG org.apache.ibatis.transaction.jdbc.JdbcTransaction  - Closing JDBC Connection [conn4: url=jdbc:h2:mem:activiti user=SA]
10:46:47,597 [pool-14-thread-1] DEBUG org.apache.ibatis.datasource.pooled.PooledDataSource  - Returned connection 297240765 to pool.
10:46:47,597 [pool-14-thread-1] DEBUG org.activiti.engine.impl.interceptor.LogInterceptor  - --- LockExclusiveJobCmd finished --------------------------------------------------------
10:46:47,597 [pool-14-thread-1] DEBUG org.activiti.engine.impl.interceptor.LogInterceptor  - 

10:46:47,597 [pool-14-thread-1] DEBUG org.activiti.engine.impl.interceptor.LogInterceptor  - 

10:46:47,597 [pool-14-thread-1] DEBUG org.activiti.engine.impl.interceptor.LogInterceptor  - --- starting ExecuteAsyncJobCmd --------------------------------------------------------
10:46:47,597 [pool-14-thread-1] DEBUG org.activiti.engine.impl.cmd.ExecuteAsyncJobCmd  - Executing async job 52
10:46:47,597 [pool-14-thread-1] DEBUG org.apache.ibatis.transaction.jdbc.JdbcTransaction  - Opening JDBC Connection
10:46:47,597 [pool-14-thread-1] DEBUG org.apache.ibatis.datasource.pooled.PooledDataSource  - Checked out connection 180014677 from pool.
10:46:47,597 [pool-14-thread-1] DEBUG org.apache.ibatis.transaction.jdbc.JdbcTransaction  - Setting autocommit to false on JDBC Connection [conn3: url=jdbc:h2:mem:activiti user=SA]
10:46:47,597 [pool-14-thread-1] DEBUG org.activiti.engine.impl.persistence.entity.ExecutionEntity.selectExecution  - ==&gt;  Preparing: select * from ACT_RU_EXECUTION where ID_ = ? 
10:46:47,597 [pool-14-thread-1] DEBUG org.activiti.engine.impl.persistence.entity.ExecutionEntity.selectExecution  - ==&gt; Parameters: 43(String)
10:46:47,597 [pool-14-thread-1] DEBUG org.activiti.engine.impl.persistence.entity.ExecutionEntity.selectExecution  - &lt;==      Total: 1
10:46:47,597 [pool-14-thread-1] DEBUG org.activiti.engine.impl.history.DefaultHistoryManager  - Current history level: FULL, level required: ACTIVITY
10:46:47,597 [pool-14-thread-1] DEBUG org.activiti.engine.impl.pvm.runtime.AtomicOperationActivityExecute  - ProcessInstance[43] executes Activity(service3): org.activiti.engine.impl.bpmn.helper.ClassDelegate
10:46:47,597 [pool-14-thread-1] DEBUG org.activiti.engine.impl.interceptor.LogInterceptor  - 

10:46:47,597 [pool-14-thread-1] DEBUG org.activiti.engine.impl.interceptor.LogInterceptor  - --- starting  --------------------------------------------------------
10:46:47,597 [pool-14-thread-1] DEBUG org.activiti.engine.impl.interceptor.CommandContextInterceptor  - Valid context found. Reusing it for the current command &apos;null&apos;
10:46:47,597 [pool-14-thread-1] DEBUG org.activiti.engine.impl.persistence.entity.ProcessDefinitionInfoEntity.selectProcessDefinitionInfoByProcessDefinitionId  - ==&gt;  Preparing: select * from ACT_PROCDEF_INFO where PROC_DEF_ID_ = ? 
10:46:47,597 [pool-14-thread-1] DEBUG org.activiti.engine.impl.persistence.entity.ProcessDefinitionInfoEntity.selectProcessDefinitionInfoByProcessDefinitionId  - ==&gt; Parameters: process:1:42(String)
10:46:47,597 [pool-14-thread-1] DEBUG org.activiti.engine.impl.persistence.entity.ProcessDefinitionInfoEntity.selectProcessDefinitionInfoByProcessDefinitionId  - &lt;==      Total: 0
10:46:47,597 [pool-14-thread-1] DEBUG org.activiti.engine.impl.interceptor.LogInterceptor  - ---  finished --------------------------------------------------------
10:46:47,597 [pool-14-thread-1] DEBUG org.activiti.engine.impl.interceptor.LogInterceptor  - 

10:46:47,598 [pool-14-thread-1] DEBUG org.activiti.engine.impl.persistence.entity.VariableInstanceEntity.selectVariablesByExecutionId  - ==&gt;  Preparing: select * from ACT_RU_VARIABLE where EXECUTION_ID_ = ? and TASK_ID_ is null 
10:46:47,598 [pool-14-thread-1] DEBUG org.activiti.engine.impl.persistence.entity.VariableInstanceEntity.selectVariablesByExecutionId  - ==&gt; Parameters: 43(String)
10:46:47,598 [pool-14-thread-1] DEBUG org.activiti.engine.impl.persistence.entity.VariableInstanceEntity.selectVariablesByExecutionId  - &lt;==      Total: 1
10:46:47,598 [pool-14-thread-1] DEBUG org.activiti.engine.impl.persistence.entity.ByteArrayEntity.selectByteArray  - ==&gt;  Preparing: select * from ACT_GE_BYTEARRAY where ID_ = ? 
10:46:47,598 [pool-14-thread-1] DEBUG org.activiti.engine.impl.persistence.entity.ByteArrayEntity.selectByteArray  - ==&gt; Parameters: 46(String)
10:46:47,598 [pool-14-thread-1] DEBUG org.activiti.engine.impl.persistence.entity.ByteArrayEntity.selectByteArray  - &lt;==      Total: 1
10:46:47,599 [pool-14-thread-1] DEBUG org.activiti.engine.impl.persistence.entity.JobEntity.selectJobsByExecutionId  - ==&gt;  Preparing: select * from ACT_RU_JOB J where J.EXECUTION_ID_ = ? 
10:46:47,599 [pool-14-thread-1] DEBUG org.activiti.engine.impl.persistence.entity.JobEntity.selectJobsByExecutionId  - ==&gt; Parameters: 43(String)
10:46:47,599 [pool-14-thread-1] DEBUG org.activiti.engine.impl.persistence.entity.JobEntity.selectJobsByExecutionId  - &lt;==      Total: 1
10:46:47,599 [pool-14-thread-1] DEBUG org.activiti.engine.impl.bpmn.behavior.BpmnActivityBehavior  - Leaving activity &apos;service3&apos;
10:46:47,599 [pool-14-thread-1] DEBUG org.activiti.engine.impl.history.DefaultHistoryManager  - Current history level: FULL, level required: ACTIVITY
10:46:47,599 [pool-14-thread-1] DEBUG org.activiti.engine.impl.pvm.runtime.AtomicOperationTransitionNotifyListenerTake  - ProcessInstance[43] takes transition (service3)--&gt;(theEnd)
10:46:47,599 [pool-14-thread-1] DEBUG org.activiti.engine.impl.history.DefaultHistoryManager  - Current history level: FULL, level required: ACTIVITY
10:46:47,599 [pool-14-thread-1] DEBUG org.activiti.engine.impl.pvm.runtime.AtomicOperationActivityExecute  - ProcessInstance[43] executes Activity(theEnd): org.activiti.engine.impl.bpmn.behavior.NoneEndEventActivityBehavior
10:46:47,599 [pool-14-thread-1] DEBUG org.activiti.engine.impl.history.DefaultHistoryManager  - Current history level: FULL, level required: ACTIVITY
10:46:47,599 [pool-14-thread-1] DEBUG org.activiti.engine.impl.history.DefaultHistoryManager  - Current history level: FULL, level required: ACTIVITY
10:46:47,599 [pool-14-thread-1] DEBUG org.activiti.engine.impl.history.DefaultHistoryManager  - Current history level: FULL
10:46:47,599 [pool-14-thread-1] DEBUG org.activiti.engine.impl.persistence.entity.HistoricProcessInstanceEntity.selectHistoricProcessInstance  - ==&gt;  Preparing: select * from ACT_HI_PROCINST where PROC_INST_ID_ = ? 
10:46:47,599 [pool-14-thread-1] DEBUG org.activiti.engine.impl.persistence.entity.HistoricProcessInstanceEntity.selectHistoricProcessInstance  - ==&gt; Parameters: 43(String)
10:46:47,599 [pool-14-thread-1] DEBUG org.activiti.engine.impl.persistence.entity.HistoricProcessInstanceEntity.selectHistoricProcessInstance  - &lt;==      Total: 1
10:46:47,599 [pool-14-thread-1] DEBUG org.activiti.engine.impl.persistence.entity.ExecutionEntity  - destroying ProcessInstance[43]
10:46:47,599 [pool-14-thread-1] DEBUG org.activiti.engine.impl.history.DefaultHistoryManager  - Current history level: FULL, level required: ACTIVITY
10:46:47,599 [pool-14-thread-1] DEBUG org.activiti.engine.impl.persistence.entity.HistoricVariableInstanceEntity.selectHistoricVariableInstanceByVariableInstanceId  - ==&gt;  Preparing: select * from ACT_HI_VARINST where ID_ = ? 
10:46:47,599 [pool-14-thread-1] DEBUG org.activiti.engine.impl.persistence.entity.HistoricVariableInstanceEntity.selectHistoricVariableInstanceByVariableInstanceId  - ==&gt; Parameters: 47(String)
10:46:47,599 [pool-14-thread-1] DEBUG org.activiti.engine.impl.persistence.entity.HistoricVariableInstanceEntity.selectHistoricVariableInstanceByVariableInstanceId  - &lt;==      Total: 1
10:46:47,599 [pool-14-thread-1] DEBUG org.activiti.engine.impl.persistence.entity.ByteArrayEntity.selectByteArray  - ==&gt;  Preparing: select * from ACT_GE_BYTEARRAY where ID_ = ? 
10:46:47,599 [pool-14-thread-1] DEBUG org.activiti.engine.impl.persistence.entity.ByteArrayEntity.selectByteArray  - ==&gt; Parameters: 48(String)
10:46:47,599 [pool-14-thread-1] DEBUG org.activiti.engine.impl.persistence.entity.ByteArrayEntity.selectByteArray  - &lt;==      Total: 1
10:46:47,599 [pool-14-thread-1] DEBUG org.activiti.engine.impl.history.DefaultHistoryManager  - Current history level: FULL, level required: ACTIVITY
10:46:47,599 [pool-14-thread-1] DEBUG org.activiti.engine.impl.db.DbSqlSession  - skipping redundant delete: VariableInstanceEntity[id=47, name=variable, type=serializable]
10:46:47,599 [pool-14-thread-1] DEBUG org.activiti.engine.impl.persistence.entity.TaskEntity.selectTasksByExecutionId  - ==&gt;  Preparing: select distinct T.* from ACT_RU_TASK T where T.EXECUTION_ID_ = ? 
10:46:47,599 [pool-14-thread-1] DEBUG org.activiti.engine.impl.persistence.entity.TaskEntity.selectTasksByExecutionId  - ==&gt; Parameters: 43(String)
10:46:47,599 [pool-14-thread-1] DEBUG org.activiti.engine.impl.persistence.entity.TaskEntity.selectTasksByExecutionId  - &lt;==      Total: 0
10:46:47,599 [pool-14-thread-1] DEBUG org.activiti.engine.impl.persistence.entity.ExecutionEntity.selectExecutionsByParentExecutionId  - ==&gt;  Preparing: select * from ACT_RU_EXECUTION where PARENT_ID_ = ? 
10:46:47,599 [pool-14-thread-1] DEBUG org.activiti.engine.impl.persistence.entity.ExecutionEntity.selectExecutionsByParentExecutionId  - ==&gt; Parameters: 43(String)
10:46:47,599 [pool-14-thread-1] DEBUG org.activiti.engine.impl.persistence.entity.ExecutionEntity.selectExecutionsByParentExecutionId  - &lt;==      Total: 0
10:46:47,600 [pool-14-thread-1] DEBUG org.activiti.engine.impl.persistence.entity.IdentityLinkEntity.selectIdentityLinksByProcessInstance  - ==&gt;  Preparing: select * from ACT_RU_IDENTITYLINK where PROC_INST_ID_ = ? 
10:46:47,600 [pool-14-thread-1] DEBUG org.activiti.engine.impl.persistence.entity.IdentityLinkEntity.selectIdentityLinksByProcessInstance  - ==&gt; Parameters: 43(String)
10:46:47,600 [pool-14-thread-1] DEBUG org.activiti.engine.impl.persistence.entity.IdentityLinkEntity.selectIdentityLinksByProcessInstance  - &lt;==      Total: 0
10:46:47,600 [pool-14-thread-1] DEBUG org.activiti.engine.impl.db.DbSqlSession  - skipping redundant delete: JobEntity [id=52]
10:46:47,600 [pool-14-thread-1] DEBUG org.activiti.engine.impl.db.DbSqlSession  -   insert HistoricActivityInstanceEntity[activityId=service3, activityName=null]
10:46:47,600 [pool-14-thread-1] DEBUG org.activiti.engine.impl.db.DbSqlSession  -   insert HistoricActivityInstanceEntity[activityId=theEnd, activityName=null]
10:46:47,600 [pool-14-thread-1] DEBUG org.activiti.engine.impl.db.DbSqlSession  -   update ByteArrayEntity[id=48, name=hist.var-variable, size=137]
10:46:47,600 [pool-14-thread-1] DEBUG org.activiti.engine.impl.db.DbSqlSession  -   update HistoricProcessInstanceEntity[superProcessInstanceId=null]
10:46:47,600 [pool-14-thread-1] DEBUG org.activiti.engine.impl.db.DbSqlSession  -   delete VariableInstanceEntity[id=47, name=variable, type=serializable]
10:46:47,600 [pool-14-thread-1] DEBUG org.activiti.engine.impl.db.DbSqlSession  -   delete ByteArrayEntity[id=46, name=var-variable, size=137]
10:46:47,600 [pool-14-thread-1] DEBUG org.activiti.engine.impl.db.DbSqlSession  -   delete JobEntity [id=52]
10:46:47,600 [pool-14-thread-1] DEBUG org.activiti.engine.impl.db.DbSqlSession  -   delete ProcessInstance[43]
10:46:47,600 [pool-14-thread-1] DEBUG org.activiti.engine.impl.db.DbSqlSession  - flush summary: 2 insert, 2 update, 4 delete.
10:46:47,600 [pool-14-thread-1] DEBUG org.activiti.engine.impl.db.DbSqlSession  - now executing flush...
10:46:47,600 [pool-14-thread-1] DEBUG org.activiti.engine.impl.persistence.entity.HistoricActivityInstanceEntity.bulkInsertHistoricActivityInstance  - ==&gt;  Preparing: insert into ACT_HI_ACTINST ( ID_, PROC_DEF_ID_, PROC_INST_ID_, EXECUTION_ID_, ACT_ID_, TASK_ID_, CALL_PROC_INST_ID_, ACT_NAME_, ACT_TYPE_, ASSIGNEE_, START_TIME_, END_TIME_, DURATION_, TENANT_ID_ ) values (?, ?, ?, ?, ?, ?, ?, ?, ?, ?, ?, ?, ?, ?) , (?, ?, ?, ?, ?, ?, ?, ?, ?, ?, ?, ?, ?, ?) 
10:46:47,600 [pool-14-thread-1] DEBUG org.activiti.engine.impl.persistence.entity.HistoricActivityInstanceEntity.bulkInsertHistoricActivityInstance  - ==&gt; Parameters: 53(String), process:1:42(String), 43(String), 43(String), service3(String), null, null, null, serviceTask(String), null, 2023-03-20 10:46:46.742(Timestamp), 2023-03-20 10:46:46.742(Timestamp), 0(Long), (String), 54(String), process:1:42(String), 43(String), 43(String), theEnd(String), null, null, null, endEvent(String), null, 2023-03-20 10:46:46.742(Timestamp), 2023-03-20 10:46:46.742(Timestamp), 0(Long), (String)
10:46:47,600 [pool-14-thread-1] DEBUG org.activiti.engine.impl.persistence.entity.HistoricActivityInstanceEntity.bulkInsertHistoricActivityInstance  - &lt;==    Updates: 2
10:46:47,600 [pool-14-thread-1] DEBUG org.activiti.engine.impl.db.DbSqlSession  - updating: ByteArrayEntity[id=48, name=hist.var-variable, size=137]
10:46:47,600 [pool-14-thread-1] DEBUG org.activiti.engine.impl.persistence.entity.ByteArrayEntity.updateByteArray  - ==&gt;  Preparing: update ACT_GE_BYTEARRAY set REV_ = ?, BYTES_ = ? where ID_ = ? and REV_ = ? 
10:46:47,600 [pool-14-thread-1] DEBUG org.activiti.engine.impl.persistence.entity.ByteArrayEntity.updateByteArray  - ==&gt; Parameters: 2(Integer), java.io.ByteArrayInputStream@498ea793(ByteArrayInputStream), 48(String), 1(Integer)
10:46:47,600 [pool-14-thread-1] DEBUG org.activiti.engine.impl.persistence.entity.ByteArrayEntity.updateByteArray  - &lt;==    Updates: 1
10:46:47,600 [pool-14-thread-1] DEBUG org.activiti.engine.impl.db.DbSqlSession  - updating: HistoricProcessInstanceEntity[superProcessInstanceId=null]
10:46:47,600 [pool-14-thread-1] DEBUG org.activiti.engine.impl.persistence.entity.HistoricProcessInstanceEntity.updateHistoricProcessInstance  - ==&gt;  Preparing: update ACT_HI_PROCINST set PROC_DEF_ID_ = ?, BUSINESS_KEY_ = ?, START_TIME_ = ?, END_TIME_ = ?, DURATION_ = ?, END_ACT_ID_ = ?, DELETE_REASON_ = ?, NAME_ = ? where ID_ = ? 
10:46:47,600 [pool-14-thread-1] DEBUG org.activiti.engine.impl.persistence.entity.HistoricProcessInstanceEntity.updateHistoricProcessInstance  - ==&gt; Parameters: process:1:42(String), null, 2023-03-20 10:46:46.742(Timestamp), 2023-03-20 10:46:46.742(Timestamp), 0(Long), theEnd(String), null, null, 43(String)
10:46:47,600 [pool-14-thread-1] DEBUG org.activiti.engine.impl.persistence.entity.HistoricProcessInstanceEntity.updateHistoricProcessInstance  - &lt;==    Updates: 1
10:46:47,600 [pool-14-thread-1] DEBUG org.activiti.engine.impl.db.DbSqlSession  - executing: delete VariableInstanceEntity[id=47, name=variable, type=serializable]
10:46:47,600 [pool-14-thread-1] DEBUG org.activiti.engine.impl.persistence.entity.VariableInstanceEntity.deleteVariableInstance  - ==&gt;  Preparing: delete from ACT_RU_VARIABLE where ID_ = ? and REV_ = ? 
10:46:47,600 [pool-14-thread-1] DEBUG org.activiti.engine.impl.persistence.entity.VariableInstanceEntity.deleteVariableInstance  - ==&gt; Parameters: 47(String), 1(Integer)
10:46:47,600 [pool-14-thread-1] DEBUG org.activiti.engine.impl.persistence.entity.VariableInstanceEntity.deleteVariableInstance  - &lt;==    Updates: 1
10:46:47,600 [pool-14-thread-1] DEBUG org.activiti.engine.impl.db.DbSqlSession  - executing: delete ByteArrayEntity[id=46, name=var-variable, size=137]
10:46:47,600 [pool-14-thread-1] DEBUG org.activiti.engine.impl.persistence.entity.ByteArrayEntity.deleteByteArray  - ==&gt;  Preparing: delete from ACT_GE_BYTEARRAY where ID_ = ? and REV_ = ? 
10:46:47,600 [pool-14-thread-1] DEBUG org.activiti.engine.impl.persistence.entity.ByteArrayEntity.deleteByteArray  - ==&gt; Parameters: 46(String), 1(Integer)
10:46:47,600 [pool-14-thread-1] DEBUG org.activiti.engine.impl.persistence.entity.ByteArrayEntity.deleteByteArray  - &lt;==    Updates: 1
10:46:47,600 [pool-14-thread-1] DEBUG org.activiti.engine.impl.db.DbSqlSession  - executing: delete JobEntity [id=52]
10:46:47,600 [pool-14-thread-1] DEBUG org.activiti.engine.impl.persistence.entity.JobEntity.deleteMessage  - ==&gt;  Preparing: delete from ACT_RU_JOB where ID_ = ? and REV_ = ? 
10:46:47,600 [pool-14-thread-1] DEBUG org.activiti.engine.impl.persistence.entity.JobEntity.deleteMessage  - ==&gt; Parameters: 52(String), 1(Integer)
10:46:47,600 [pool-14-thread-1] DEBUG org.activiti.engine.impl.persistence.entity.JobEntity.deleteMessage  - &lt;==    Updates: 1
10:46:47,600 [pool-14-thread-1] DEBUG org.activiti.engine.impl.db.DbSqlSession  - executing: delete ProcessInstance[43]
10:46:47,600 [pool-14-thread-1] DEBUG org.activiti.engine.impl.persistence.entity.ExecutionEntity.deleteExecution  - ==&gt;  Preparing: delete from ACT_RU_EXECUTION where ID_ = ? and REV_ = ? 
10:46:47,600 [pool-14-thread-1] DEBUG org.activiti.engine.impl.persistence.entity.ExecutionEntity.deleteExecution  - ==&gt; Parameters: 43(String), 1(Integer)
10:46:47,601 [pool-14-thread-1] DEBUG org.activiti.engine.impl.persistence.entity.ExecutionEntity.deleteExecution  - &lt;==    Updates: 1
10:46:47,601 [pool-14-thread-1] DEBUG org.activiti.engine.impl.cfg.standalone.StandaloneMybatisTransactionContext  - firing event committing...
10:46:47,601 [pool-14-thread-1] DEBUG org.activiti.engine.impl.cfg.standalone.StandaloneMybatisTransactionContext  - committing the ibatis sql session...
10:46:47,601 [pool-14-thread-1] DEBUG org.apache.ibatis.transaction.jdbc.JdbcTransaction  - Committing JDBC Connection [conn3: url=jdbc:h2:mem:activiti user=SA]
10:46:47,601 [pool-14-thread-1] DEBUG org.activiti.engine.impl.cfg.standalone.StandaloneMybatisTransactionContext  - firing event committed...
10:46:47,601 [pool-14-thread-1] DEBUG org.apache.ibatis.transaction.jdbc.JdbcTransaction  - Resetting autocommit to true on JDBC Connection [conn3: url=jdbc:h2:mem:activiti user=SA]
10:46:47,601 [pool-14-thread-1] DEBUG org.apache.ibatis.transaction.jdbc.JdbcTransaction  - Closing JDBC Connection [conn3: url=jdbc:h2:mem:activiti user=SA]
10:46:47,601 [pool-14-thread-1] DEBUG org.apache.ibatis.datasource.pooled.PooledDataSource  - Returned connection 180014677 to pool.
10:46:47,601 [pool-14-thread-1] DEBUG org.activiti.engine.impl.interceptor.LogInterceptor  - --- ExecuteAsyncJobCmd finished --------------------------------------------------------
10:46:47,601 [pool-14-thread-1] DEBUG org.activiti.engine.impl.interceptor.LogInterceptor  - 

10:46:47,601 [pool-14-thread-1] DEBUG org.activiti.engine.impl.interceptor.LogInterceptor  - 

10:46:47,601 [pool-14-thread-1] DEBUG org.activiti.engine.impl.interceptor.LogInterceptor  - --- starting UnlockExclusiveJobCmd --------------------------------------------------------
10:46:47,601 [pool-14-thread-1] DEBUG org.activiti.engine.impl.cmd.UnlockExclusiveJobCmd  - Unlocking exclusive job 52
10:46:47,601 [pool-14-thread-1] DEBUG org.apache.ibatis.transaction.jdbc.JdbcTransaction  - Opening JDBC Connection
10:46:47,601 [pool-14-thread-1] DEBUG org.apache.ibatis.datasource.pooled.PooledDataSource  - Checked out connection 363509958 from pool.
10:46:47,601 [pool-14-thread-1] DEBUG org.apache.ibatis.transaction.jdbc.JdbcTransaction  - Setting autocommit to false on JDBC Connection [conn2: url=jdbc:h2:mem:activiti user=SA]
10:46:47,601 [pool-14-thread-1] DEBUG org.activiti.engine.impl.persistence.entity.ExecutionEntity.selectExecution  - ==&gt;  Preparing: select * from ACT_RU_EXECUTION where ID_ = ? 
10:46:47,601 [pool-14-thread-1] DEBUG org.activiti.engine.impl.persistence.entity.ExecutionEntity.selectExecution  - ==&gt; Parameters: 43(String)
10:46:47,601 [pool-14-thread-1] DEBUG org.activiti.engine.impl.persistence.entity.ExecutionEntity.selectExecution  - &lt;==      Total: 0
10:46:47,601 [pool-14-thread-1] DEBUG org.activiti.engine.impl.db.DbSqlSession  - flush summary: 0 insert, 0 update, 0 delete.
10:46:47,601 [pool-14-thread-1] DEBUG org.activiti.engine.impl.db.DbSqlSession  - now executing flush...
10:46:47,601 [pool-14-thread-1] DEBUG org.activiti.engine.impl.cfg.standalone.StandaloneMybatisTransactionContext  - firing event committing...
10:46:47,601 [pool-14-thread-1] DEBUG org.activiti.engine.impl.cfg.standalone.StandaloneMybatisTransactionContext  - committing the ibatis sql session...
10:46:47,601 [pool-14-thread-1] DEBUG org.activiti.engine.impl.cfg.standalone.StandaloneMybatisTransactionContext  - firing event committed...
10:46:47,601 [pool-14-thread-1] DEBUG org.apache.ibatis.transaction.jdbc.JdbcTransaction  - Resetting autocommit to true on JDBC Connection [conn2: url=jdbc:h2:mem:activiti user=SA]
10:46:47,601 [pool-14-thread-1] DEBUG org.apache.ibatis.transaction.jdbc.JdbcTransaction  - Closing JDBC Connection [conn2: url=jdbc:h2:mem:activiti user=SA]
10:46:47,601 [pool-14-thread-1] DEBUG org.apache.ibatis.datasource.pooled.PooledDataSource  - Returned connection 363509958 to pool.
10:46:47,601 [pool-14-thread-1] DEBUG org.activiti.engine.impl.interceptor.LogInterceptor  - --- UnlockExclusiveJobCmd finished --------------------------------------------------------
10:46:47,601 [pool-14-thread-1] DEBUG org.activiti.engine.impl.interceptor.LogInterceptor  - 

10:46:48,108 [main] DEBUG org.activiti.engine.impl.interceptor.LogInterceptor  - 

10:46:48,108 [main] DEBUG org.activiti.engine.impl.interceptor.LogInterceptor  - --- starting JobQueryImpl --------------------------------------------------------
10:46:48,108 [main] DEBUG org.apache.ibatis.transaction.jdbc.JdbcTransaction  - Opening JDBC Connection
10:46:48,108 [main] DEBUG org.apache.ibatis.datasource.pooled.PooledDataSource  - Checked out connection 486346394 from pool.
10:46:48,108 [main] DEBUG org.apache.ibatis.transaction.jdbc.JdbcTransaction  - Setting autocommit to false on JDBC Connection [conn6: url=jdbc:h2:mem:activiti user=SA]
10:46:48,108 [main] DEBUG org.activiti.engine.impl.persistence.entity.JobEntity.selectJobByQueryCriteria  - ==&gt;  Preparing: select RES.* from ACT_RU_JOB RES order by order by RES.ID_ asc LIMIT ? OFFSET ? 
10:46:48,108 [main] DEBUG org.activiti.engine.impl.interceptor.CommandContext  - Error while closing command context
org.apache.ibatis.exceptions.PersistenceException: 
### Error querying database.  Cause: org.h2.jdbc.JdbcSQLException: Syntax error in SQL statement &quot;SELECT RES.* 
     
    FROM ACT_RU_JOB RES
     
      
   
     ORDER BY  ORDER[*] BY RES.ID_ ASC  
    LIMIT ? OFFSET ? &quot;; expected &quot;=, NOT, EXISTS, INTERSECTS, SELECT, FROM&quot;; SQL statement:
select RES.* 
     
    from ACT_RU_JOB RES
     
      
   
     order by  order by RES.ID_ asc  
    LIMIT ? OFFSET ? [42001-176]
### The error may exist in org/activiti/db/mapping/entity/Job.xml
### The error may involve org.activiti.engine.impl.persistence.entity.JobEntity.selectJobByQueryCriteria
### The error occurred while executing a query
### SQL: select RES.*            from ACT_RU_JOB RES                       order by  order by RES.ID_ asc       LIMIT ? OFFSET ?
### Cause: org.h2.jdbc.JdbcSQLException: Syntax error in SQL statement &quot;SELECT RES.* 
     
    FROM ACT_RU_JOB RES
     
      
   
     ORDER BY  ORDER[*] BY RES.ID_ ASC  
    LIMIT ? OFFSET ? &quot;; expected &quot;=, NOT, EXISTS, INTERSECTS, SELECT, FROM&quot;; SQL statement:
select RES.* 
     
    from ACT_RU_JOB RES
     
      
   
     order by  order by RES.ID_ asc  
    LIMIT ? OFFSET ? [42001-176]
	at org.apache.ibatis.exceptions.ExceptionFactory.wrapException(ExceptionFactory.java:30)
	at org.apache.ibatis.session.defaults.DefaultSqlSession.selectList(DefaultSqlSession.java:122)
	at org.apache.ibatis.session.defaults.DefaultSqlSession.selectList(DefaultSqlSession.java:113)
	at org.activiti.engine.impl.db.DbSqlSession.selectListWithRawParameter(DbSqlSession.java:438)
	at org.activiti.engine.impl.db.DbSqlSession.selectList(DbSqlSession.java:429)
	at org.activiti.engine.impl.db.DbSqlSession.selectList(DbSqlSession.java:419)
	at org.activiti.engine.impl.persistence.entity.JobEntityManager.findJobsByQueryCriteria(JobEntityManager.java:198)
	at org.activiti.engine.impl.JobQueryImpl.executeList(JobQueryImpl.java:243)
	at org.activiti.engine.impl.AbstractQuery.execute(AbstractQuery.java:164)
	at org.activiti.engine.impl.interceptor.CommandInvoker.execute(CommandInvoker.java:24)
	at org.activiti.engine.impl.interceptor.CommandContextInterceptor.execute(CommandContextInterceptor.java:57)
	at org.activiti.engine.impl.interceptor.LogInterceptor.execute(LogInterceptor.java:37)
	at org.activiti.engine.impl.cfg.CommandExecutorImpl.execute(CommandExecutorImpl.java:40)
	at org.activiti.engine.impl.cfg.CommandExecutorImpl.execute(CommandExecutorImpl.java:35)
	at org.activiti.engine.impl.AbstractQuery.list(AbstractQuery.java:138)
	at org.activiti.engine.impl.test.JobTestHelper.areJobsAvailable(JobTestHelper.java:194)
	at org.activiti.engine.impl.test.JobTestHelper.waitForJobExecutorToProcessAllJobs(JobTestHelper.java:74)
	at org.activiti.engine.impl.test.JobTestHelper.waitForJobExecutorToProcessAllJobs(JobTestHelper.java:47)
	at org.activiti.engine.impl.test.AbstractActivitiTestCase.waitForJobExecutorToProcessAllJobs(AbstractActivitiTestCase.java:204)
	at org.activiti.engine.test.bpmn.servicetask.ServiceTaskVariablesTest.testSerializedVariablesThirdAsync(ServiceTaskVariablesTest.java:94)
	at sun.reflect.NativeMethodAccessorImpl.invoke0(Native Method)
	at sun.reflect.NativeMethodAccessorImpl.invoke(NativeMethodAccessorImpl.java:62)
	at sun.reflect.DelegatingMethodAccessorImpl.invoke(DelegatingMethodAccessorImpl.java:43)
	at java.lang.reflect.Method.invoke(Method.java:498)
	at junit.framework.TestCase.runTest(TestCase.java:176)
	at org.activiti.engine.impl.test.PvmTestCase.runTest(PvmTestCase.java:65)
	at junit.framework.TestCase.runBare(TestCase.java:141)
	at org.activiti.engine.impl.test.AbstractActivitiTestCase.runBare(AbstractActivitiTestCase.java:100)
	at junit.framework.TestResult$1.protect(TestResult.java:122)
	at junit.framework.TestResult.runProtected(TestResult.java:142)
	at junit.framework.TestResult.run(TestResult.java:125)
	at junit.framework.TestCase.run(TestCase.java:129)
	at junit.framework.TestSuite.runTest(TestSuite.java:255)
	at junit.framework.TestSuite.run(TestSuite.java:250)
	at org.junit.internal.runners.JUnit38ClassRunner.run(JUnit38ClassRunner.java:84)
	at org.apache.maven.surefire.junit4.JUnit4TestSet.execute(JUnit4TestSet.java:35)
	at org.apache.maven.surefire.junit4.JUnit4Provider.executeTestSet(JUnit4Provider.java:146)
	at org.apache.maven.surefire.junit4.JUnit4Provider.invoke(JUnit4Provider.java:97)
	at sun.reflect.NativeMethodAccessorImpl.invoke0(Native Method)
	at sun.reflect.NativeMethodAccessorImpl.invoke(NativeMethodAccessorImpl.java:62)
	at sun.reflect.DelegatingMethodAccessorImpl.invoke(DelegatingMethodAccessorImpl.java:43)
	at java.lang.reflect.Method.invoke(Method.java:498)
	at org.apache.maven.surefire.booter.ProviderFactory$ClassLoaderProxy.invoke(ProviderFactory.java:103)
	at com.sun.proxy.$Proxy0.invoke(Unknown Source)
	at org.apache.maven.surefire.booter.SurefireStarter.invokeProvider(SurefireStarter.java:145)
	at org.apache.maven.surefire.booter.SurefireStarter.runSuitesInProcess(SurefireStarter.java:87)
	at org.apache.maven.surefire.booter.ForkedBooter.main(ForkedBooter.java:69)
Caused by: org.h2.jdbc.JdbcSQLException: Syntax error in SQL statement &quot;SELECT RES.* 
     
    FROM ACT_RU_JOB RES
     
      
   
     ORDER BY  ORDER[*] BY RES.ID_ ASC  
    LIMIT ? OFFSET ? &quot;; expected &quot;=, NOT, EXISTS, INTERSECTS, SELECT, FROM&quot;; SQL statement:
select RES.* 
     
    from ACT_RU_JOB RES
     
      
   
     order by  order by RES.ID_ asc  
    LIMIT ? OFFSET ? [42001-176]
	at org.h2.message.DbException.getJdbcSQLException(DbException.java:344)
	at org.h2.message.DbException.getSyntaxError(DbException.java:204)
	at org.h2.command.Parser.getSyntaxError(Parser.java:524)
	at org.h2.command.Parser.readTerm(Parser.java:2688)
	at org.h2.command.Parser.readFactor(Parser.java:2244)
	at org.h2.command.Parser.readSum(Parser.java:2231)
	at org.h2.command.Parser.readConcat(Parser.java:2201)
	at org.h2.command.Parser.readCondition(Parser.java:2051)
	at org.h2.command.Parser.readAnd(Parser.java:2023)
	at org.h2.command.Parser.readExpression(Parser.java:2015)
	at org.h2.command.Parser.parseEndOfQuery(Parser.java:1726)
	at org.h2.command.Parser.parseSelectUnionExtension(Parser.java:1706)
	at org.h2.command.Parser.parseSelectUnion(Parser.java:1675)
	at org.h2.command.Parser.parseSelect(Parser.java:1662)
	at org.h2.command.Parser.parsePrepared(Parser.java:434)
	at org.h2.command.Parser.parse(Parser.java:306)
	at org.h2.command.Parser.parse(Parser.java:282)
	at org.h2.command.Parser.prepareCommand(Parser.java:243)
	at org.h2.engine.Session.prepareLocal(Session.java:442)
	at org.h2.engine.Session.prepareCommand(Session.java:384)
	at org.h2.jdbc.JdbcConnection.prepareCommand(JdbcConnection.java:1188)
	at org.h2.jdbc.JdbcPreparedStatement.&lt;init&gt;(JdbcPreparedStatement.java:73)
	at org.h2.jdbc.JdbcConnection.prepareStatement(JdbcConnection.java:276)
	at sun.reflect.GeneratedMethodAccessor6.invoke(Unknown Source)
	at sun.reflect.DelegatingMethodAccessorImpl.invoke(DelegatingMethodAccessorImpl.java:43)
	at java.lang.reflect.Method.invoke(Method.java:498)
	at org.apache.ibatis.datasource.pooled.PooledConnection.invoke(PooledConnection.java:245)
	at com.sun.proxy.$Proxy12.prepareStatement(Unknown Source)
	at sun.reflect.GeneratedMethodAccessor6.invoke(Unknown Source)
	at sun.reflect.DelegatingMethodAccessorImpl.invoke(DelegatingMethodAccessorImpl.java:43)
	at java.lang.reflect.Method.invoke(Method.java:498)
	at org.apache.ibatis.logging.jdbc.ConnectionLogger.invoke(ConnectionLogger.java:55)
	at com.sun.proxy.$Proxy12.prepareStatement(Unknown Source)
	at org.apache.ibatis.executor.statement.PreparedStatementHandler.instantiateStatement(PreparedStatementHandler.java:79)
	at org.apache.ibatis.executor.statement.BaseStatementHandler.prepare(BaseStatementHandler.java:88)
	at org.apache.ibatis.executor.statement.RoutingStatementHandler.prepare(RoutingStatementHandler.java:58)
	at org.apache.ibatis.executor.SimpleExecutor.prepareStatement(SimpleExecutor.java:76)
	at org.apache.ibatis.executor.SimpleExecutor.doQuery(SimpleExecutor.java:61)
	at org.apache.ibatis.executor.BaseExecutor.queryFromDatabase(BaseExecutor.java:303)
	at org.apache.ibatis.executor.BaseExecutor.query(BaseExecutor.java:154)
	at org.apache.ibatis.executor.CachingExecutor.query(CachingExecutor.java:102)
	at org.apache.ibatis.executor.CachingExecutor.query(CachingExecutor.java:82)
	at org.apache.ibatis.session.defaults.DefaultSqlSession.selectList(DefaultSqlSession.java:120)
	... 45 more
10:46:48,109 [main] DEBUG org.activiti.engine.impl.cfg.standalone.StandaloneMybatisTransactionContext  - firing event rolling back...
10:46:48,109 [main] DEBUG org.activiti.engine.impl.cfg.standalone.StandaloneMybatisTransactionContext  - rolling back ibatis sql session...
10:46:48,109 [main] DEBUG org.activiti.engine.impl.cfg.standalone.StandaloneMybatisTransactionContext  - firing event rolled back...
10:46:48,109 [main] DEBUG org.apache.ibatis.transaction.jdbc.JdbcTransaction  - Resetting autocommit to true on JDBC Connection [conn6: url=jdbc:h2:mem:activiti user=SA]
10:46:48,109 [main] DEBUG org.apache.ibatis.transaction.jdbc.JdbcTransaction  - Closing JDBC Connection [conn6: url=jdbc:h2:mem:activiti user=SA]
10:46:48,109 [main] DEBUG org.apache.ibatis.datasource.pooled.PooledDataSource  - Returned connection 486346394 to pool.
10:46:48,109 [main] DEBUG org.activiti.engine.impl.interceptor.LogInterceptor  - --- JobQueryImpl finished --------------------------------------------------------
10:46:48,109 [main] DEBUG org.activiti.engine.impl.interceptor.LogInterceptor  - 

10:46:48,613 [Thread-45] DEBUG org.activiti.engine.impl.asyncexecutor.AcquireAsyncJobsDueRunnable  - async job acquisition thread woke up
10:46:48,614 [Thread-45] DEBUG org.activiti.engine.impl.interceptor.LogInterceptor  - 

10:46:48,614 [Thread-45] DEBUG org.activiti.engine.impl.interceptor.LogInterceptor  - --- starting AcquireAsyncJobsDueCmd --------------------------------------------------------
10:46:48,614 [Thread-45] DEBUG org.apache.ibatis.transaction.jdbc.JdbcTransaction  - Opening JDBC Connection
10:46:48,614 [Thread-45] DEBUG org.apache.ibatis.datasource.pooled.PooledDataSource  - Checked out connection 297240765 from pool.
10:46:48,614 [Thread-45] DEBUG org.apache.ibatis.transaction.jdbc.JdbcTransaction  - Setting autocommit to false on JDBC Connection [conn4: url=jdbc:h2:mem:activiti user=SA]
10:46:48,614 [Thread-45] DEBUG org.activiti.engine.impl.persistence.entity.JobEntity.selectAsyncJobsDueToExecute  - ==&gt;  Preparing: select RES.* from ACT_RU_JOB RES LEFT OUTER JOIN ACT_RU_EXECUTION PI ON PI.ID_ = RES.PROCESS_INSTANCE_ID_ where RES.RETRIES_ &gt; 0 and RES.DUEDATE_ is not null and RES.DUEDATE_ &lt;= ? and (RES.LOCK_EXP_TIME_ is null or RES.LOCK_EXP_TIME_ &lt;= ?) and TYPE_ = &apos;message&apos; and ( (RES.EXECUTION_ID_ is null) or (PI.SUSPENSION_STATE_ = 1) ) LIMIT ? OFFSET ? 
10:46:48,614 [Thread-45] DEBUG org.activiti.engine.impl.persistence.entity.JobEntity.selectAsyncJobsDueToExecute  - ==&gt; Parameters: 2023-03-20 10:46:46.742(Timestamp), 2023-03-20 10:46:46.742(Timestamp), 1(Integer), 0(Integer)
10:46:48,614 [Thread-45] DEBUG org.activiti.engine.impl.persistence.entity.JobEntity.selectAsyncJobsDueToExecute  - &lt;==      Total: 0
10:46:48,614 [Thread-45] DEBUG org.activiti.engine.impl.db.DbSqlSession  - flush summary: 0 insert, 0 update, 0 delete.
10:46:48,614 [Thread-45] DEBUG org.activiti.engine.impl.db.DbSqlSession  - now executing flush...
10:46:48,614 [Thread-45] DEBUG org.activiti.engine.impl.cfg.standalone.StandaloneMybatisTransactionContext  - firing event committing...
10:46:48,614 [Thread-45] DEBUG org.activiti.engine.impl.cfg.standalone.StandaloneMybatisTransactionContext  - committing the ibatis sql session...
10:46:48,614 [Thread-45] DEBUG org.activiti.engine.impl.cfg.standalone.StandaloneMybatisTransactionContext  - firing event committed...
10:46:48,614 [Thread-45] DEBUG org.apache.ibatis.transaction.jdbc.JdbcTransaction  - Resetting autocommit to true on JDBC Connection [conn4: url=jdbc:h2:mem:activiti user=SA]
10:46:48,614 [Thread-45] DEBUG org.apache.ibatis.transaction.jdbc.JdbcTransaction  - Closing JDBC Connection [conn4: url=jdbc:h2:mem:activiti user=SA]
10:46:48,614 [Thread-45] DEBUG org.apache.ibatis.datasource.pooled.PooledDataSource  - Returned connection 297240765 to pool.
10:46:48,614 [Thread-45] DEBUG org.activiti.engine.impl.interceptor.LogInterceptor  - --- AcquireAsyncJobsDueCmd finished --------------------------------------------------------
10:46:48,614 [Thread-45] DEBUG org.activiti.engine.impl.interceptor.LogInterceptor  - 

10:46:48,614 [Thread-45] DEBUG org.activiti.engine.impl.asyncexecutor.AcquireAsyncJobsDueRunnable  - async job acquisition thread sleeping for 1000 millis
10:46:48,614 [main] DEBUG org.activiti.engine.impl.interceptor.LogInterceptor  - 

10:46:48,614 [main] DEBUG org.activiti.engine.impl.interceptor.LogInterceptor  - --- starting JobQueryImpl --------------------------------------------------------
10:46:48,614 [main] DEBUG org.apache.ibatis.transaction.jdbc.JdbcTransaction  - Opening JDBC Connection
10:46:48,614 [main] DEBUG org.apache.ibatis.datasource.pooled.PooledDataSource  - Checked out connection 180014677 from pool.
10:46:48,614 [main] DEBUG org.apache.ibatis.transaction.jdbc.JdbcTransaction  - Setting autocommit to false on JDBC Connection [conn3: url=jdbc:h2:mem:activiti user=SA]
10:46:48,614 [main] DEBUG org.activiti.engine.impl.persistence.entity.JobEntity.selectJobByQueryCriteria  - ==&gt;  Preparing: select RES.* from ACT_RU_JOB RES order by order by RES.ID_ asc LIMIT ? OFFSET ? 
10:46:48,614 [main] DEBUG org.activiti.engine.impl.interceptor.CommandContext  - Error while closing command context
org.apache.ibatis.exceptions.PersistenceException: 
### Error querying database.  Cause: org.h2.jdbc.JdbcSQLException: Syntax error in SQL statement &quot;SELECT RES.* 
     
    FROM ACT_RU_JOB RES
     
      
   
     ORDER BY  ORDER[*] BY RES.ID_ ASC  
    LIMIT ? OFFSET ? &quot;; expected &quot;=, NOT, EXISTS, INTERSECTS, SELECT, FROM&quot;; SQL statement:
select RES.* 
     
    from ACT_RU_JOB RES
     
      
   
     order by  order by RES.ID_ asc  
    LIMIT ? OFFSET ? [42001-176]
### The error may exist in org/activiti/db/mapping/entity/Job.xml
### The error may involve org.activiti.engine.impl.persistence.entity.JobEntity.selectJobByQueryCriteria
### The error occurred while executing a query
### SQL: select RES.*            from ACT_RU_JOB RES                       order by  order by RES.ID_ asc       LIMIT ? OFFSET ?
### Cause: org.h2.jdbc.JdbcSQLException: Syntax error in SQL statement &quot;SELECT RES.* 
     
    FROM ACT_RU_JOB RES
     
      
   
     ORDER BY  ORDER[*] BY RES.ID_ ASC  
    LIMIT ? OFFSET ? &quot;; expected &quot;=, NOT, EXISTS, INTERSECTS, SELECT, FROM&quot;; SQL statement:
select RES.* 
     
    from ACT_RU_JOB RES
     
      
   
     order by  order by RES.ID_ asc  
    LIMIT ? OFFSET ? [42001-176]
	at org.apache.ibatis.exceptions.ExceptionFactory.wrapException(ExceptionFactory.java:30)
	at org.apache.ibatis.session.defaults.DefaultSqlSession.selectList(DefaultSqlSession.java:122)
	at org.apache.ibatis.session.defaults.DefaultSqlSession.selectList(DefaultSqlSession.java:113)
	at org.activiti.engine.impl.db.DbSqlSession.selectListWithRawParameter(DbSqlSession.java:438)
	at org.activiti.engine.impl.db.DbSqlSession.selectList(DbSqlSession.java:429)
	at org.activiti.engine.impl.db.DbSqlSession.selectList(DbSqlSession.java:419)
	at org.activiti.engine.impl.persistence.entity.JobEntityManager.findJobsByQueryCriteria(JobEntityManager.java:198)
	at org.activiti.engine.impl.JobQueryImpl.executeList(JobQueryImpl.java:243)
	at org.activiti.engine.impl.AbstractQuery.execute(AbstractQuery.java:164)
	at org.activiti.engine.impl.interceptor.CommandInvoker.execute(CommandInvoker.java:24)
	at org.activiti.engine.impl.interceptor.CommandContextInterceptor.execute(CommandContextInterceptor.java:57)
	at org.activiti.engine.impl.interceptor.LogInterceptor.execute(LogInterceptor.java:37)
	at org.activiti.engine.impl.cfg.CommandExecutorImpl.execute(CommandExecutorImpl.java:40)
	at org.activiti.engine.impl.cfg.CommandExecutorImpl.execute(CommandExecutorImpl.java:35)
	at org.activiti.engine.impl.AbstractQuery.list(AbstractQuery.java:138)
	at org.activiti.engine.impl.test.JobTestHelper.areJobsAvailable(JobTestHelper.java:194)
	at org.activiti.engine.impl.test.JobTestHelper.waitForJobExecutorToProcessAllJobs(JobTestHelper.java:74)
	at org.activiti.engine.impl.test.JobTestHelper.waitForJobExecutorToProcessAllJobs(JobTestHelper.java:47)
	at org.activiti.engine.impl.test.AbstractActivitiTestCase.waitForJobExecutorToProcessAllJobs(AbstractActivitiTestCase.java:204)
	at org.activiti.engine.test.bpmn.servicetask.ServiceTaskVariablesTest.testSerializedVariablesThirdAsync(ServiceTaskVariablesTest.java:94)
	at sun.reflect.NativeMethodAccessorImpl.invoke0(Native Method)
	at sun.reflect.NativeMethodAccessorImpl.invoke(NativeMethodAccessorImpl.java:62)
	at sun.reflect.DelegatingMethodAccessorImpl.invoke(DelegatingMethodAccessorImpl.java:43)
	at java.lang.reflect.Method.invoke(Method.java:498)
	at junit.framework.TestCase.runTest(TestCase.java:176)
	at org.activiti.engine.impl.test.PvmTestCase.runTest(PvmTestCase.java:65)
	at junit.framework.TestCase.runBare(TestCase.java:141)
	at org.activiti.engine.impl.test.AbstractActivitiTestCase.runBare(AbstractActivitiTestCase.java:100)
	at junit.framework.TestResult$1.protect(TestResult.java:122)
	at junit.framework.TestResult.runProtected(TestResult.java:142)
	at junit.framework.TestResult.run(TestResult.java:125)
	at junit.framework.TestCase.run(TestCase.java:129)
	at junit.framework.TestSuite.runTest(TestSuite.java:255)
	at junit.framework.TestSuite.run(TestSuite.java:250)
	at org.junit.internal.runners.JUnit38ClassRunner.run(JUnit38ClassRunner.java:84)
	at org.apache.maven.surefire.junit4.JUnit4TestSet.execute(JUnit4TestSet.java:35)
	at org.apache.maven.surefire.junit4.JUnit4Provider.executeTestSet(JUnit4Provider.java:146)
	at org.apache.maven.surefire.junit4.JUnit4Provider.invoke(JUnit4Provider.java:97)
	at sun.reflect.NativeMethodAccessorImpl.invoke0(Native Method)
	at sun.reflect.NativeMethodAccessorImpl.invoke(NativeMethodAccessorImpl.java:62)
	at sun.reflect.DelegatingMethodAccessorImpl.invoke(DelegatingMethodAccessorImpl.java:43)
	at java.lang.reflect.Method.invoke(Method.java:498)
	at org.apache.maven.surefire.booter.ProviderFactory$ClassLoaderProxy.invoke(ProviderFactory.java:103)
	at com.sun.proxy.$Proxy0.invoke(Unknown Source)
	at org.apache.maven.surefire.booter.SurefireStarter.invokeProvider(SurefireStarter.java:145)
	at org.apache.maven.surefire.booter.SurefireStarter.runSuitesInProcess(SurefireStarter.java:87)
	at org.apache.maven.surefire.booter.ForkedBooter.main(ForkedBooter.java:69)
Caused by: org.h2.jdbc.JdbcSQLException: Syntax error in SQL statement &quot;SELECT RES.* 
     
    FROM ACT_RU_JOB RES
     
      
   
     ORDER BY  ORDER[*] BY RES.ID_ ASC  
    LIMIT ? OFFSET ? &quot;; expected &quot;=, NOT, EXISTS, INTERSECTS, SELECT, FROM&quot;; SQL statement:
select RES.* 
     
    from ACT_RU_JOB RES
     
      
   
     order by  order by RES.ID_ asc  
    LIMIT ? OFFSET ? [42001-176]
	at org.h2.message.DbException.getJdbcSQLException(DbException.java:344)
	at org.h2.message.DbException.getSyntaxError(DbException.java:204)
	at org.h2.command.Parser.getSyntaxError(Parser.java:524)
	at org.h2.command.Parser.readTerm(Parser.java:2688)
	at org.h2.command.Parser.readFactor(Parser.java:2244)
	at org.h2.command.Parser.readSum(Parser.java:2231)
	at org.h2.command.Parser.readConcat(Parser.java:2201)
	at org.h2.command.Parser.readCondition(Parser.java:2051)
	at org.h2.command.Parser.readAnd(Parser.java:2023)
	at org.h2.command.Parser.readExpression(Parser.java:2015)
	at org.h2.command.Parser.parseEndOfQuery(Parser.java:1726)
	at org.h2.command.Parser.parseSelectUnionExtension(Parser.java:1706)
	at org.h2.command.Parser.parseSelectUnion(Parser.java:1675)
	at org.h2.command.Parser.parseSelect(Parser.java:1662)
	at org.h2.command.Parser.parsePrepared(Parser.java:434)
	at org.h2.command.Parser.parse(Parser.java:306)
	at org.h2.command.Parser.parse(Parser.java:282)
	at org.h2.command.Parser.prepareCommand(Parser.java:243)
	at org.h2.engine.Session.prepareLocal(Session.java:442)
	at org.h2.engine.Session.prepareCommand(Session.java:384)
	at org.h2.jdbc.JdbcConnection.prepareCommand(JdbcConnection.java:1188)
	at org.h2.jdbc.JdbcPreparedStatement.&lt;init&gt;(JdbcPreparedStatement.java:73)
	at org.h2.jdbc.JdbcConnection.prepareStatement(JdbcConnection.java:276)
	at sun.reflect.GeneratedMethodAccessor6.invoke(Unknown Source)
	at sun.reflect.DelegatingMethodAccessorImpl.invoke(DelegatingMethodAccessorImpl.java:43)
	at java.lang.reflect.Method.invoke(Method.java:498)
	at org.apache.ibatis.datasource.pooled.PooledConnection.invoke(PooledConnection.java:245)
	at com.sun.proxy.$Proxy12.prepareStatement(Unknown Source)
	at sun.reflect.GeneratedMethodAccessor6.invoke(Unknown Source)
	at sun.reflect.DelegatingMethodAccessorImpl.invoke(DelegatingMethodAccessorImpl.java:43)
	at java.lang.reflect.Method.invoke(Method.java:498)
	at org.apache.ibatis.logging.jdbc.ConnectionLogger.invoke(ConnectionLogger.java:55)
	at com.sun.proxy.$Proxy12.prepareStatement(Unknown Source)
	at org.apache.ibatis.executor.statement.PreparedStatementHandler.instantiateStatement(PreparedStatementHandler.java:79)
	at org.apache.ibatis.executor.statement.BaseStatementHandler.prepare(BaseStatementHandler.java:88)
	at org.apache.ibatis.executor.statement.RoutingStatementHandler.prepare(RoutingStatementHandler.java:58)
	at org.apache.ibatis.executor.SimpleExecutor.prepareStatement(SimpleExecutor.java:76)
	at org.apache.ibatis.executor.SimpleExecutor.doQuery(SimpleExecutor.java:61)
	at org.apache.ibatis.executor.BaseExecutor.queryFromDatabase(BaseExecutor.java:303)
	at org.apache.ibatis.executor.BaseExecutor.query(BaseExecutor.java:154)
	at org.apache.ibatis.executor.CachingExecutor.query(CachingExecutor.java:102)
	at org.apache.ibatis.executor.CachingExecutor.query(CachingExecutor.java:82)
	at org.apache.ibatis.session.defaults.DefaultSqlSession.selectList(DefaultSqlSession.java:120)
	... 45 more
10:46:48,615 [main] DEBUG org.activiti.engine.impl.cfg.standalone.StandaloneMybatisTransactionContext  - firing event rolling back...
10:46:48,615 [main] DEBUG org.activiti.engine.impl.cfg.standalone.StandaloneMybatisTransactionContext  - rolling back ibatis sql session...
10:46:48,615 [main] DEBUG org.activiti.engine.impl.cfg.standalone.StandaloneMybatisTransactionContext  - firing event rolled back...
10:46:48,615 [main] DEBUG org.apache.ibatis.transaction.jdbc.JdbcTransaction  - Resetting autocommit to true on JDBC Connection [conn3: url=jdbc:h2:mem:activiti user=SA]
10:46:48,615 [main] DEBUG org.apache.ibatis.transaction.jdbc.JdbcTransaction  - Closing JDBC Connection [conn3: url=jdbc:h2:mem:activiti user=SA]
10:46:48,615 [main] DEBUG org.apache.ibatis.datasource.pooled.PooledDataSource  - Returned connection 180014677 to pool.
10:46:48,615 [main] DEBUG org.activiti.engine.impl.interceptor.LogInterceptor  - --- JobQueryImpl finished --------------------------------------------------------
10:46:48,615 [main] DEBUG org.activiti.engine.impl.interceptor.LogInterceptor  - 

10:46:48,682 [Thread-44] DEBUG org.activiti.engine.impl.asyncexecutor.AcquireTimerJobsRunnable  - timer job acquisition thread woke up
10:46:48,683 [Thread-44] DEBUG org.activiti.engine.impl.interceptor.LogInterceptor  - 

10:46:48,683 [Thread-44] DEBUG org.activiti.engine.impl.interceptor.LogInterceptor  - --- starting AcquireTimerJobsCmd --------------------------------------------------------
10:46:48,683 [Thread-44] DEBUG org.apache.ibatis.transaction.jdbc.JdbcTransaction  - Opening JDBC Connection
10:46:48,683 [Thread-44] DEBUG org.apache.ibatis.datasource.pooled.PooledDataSource  - Checked out connection 363509958 from pool.
10:46:48,683 [Thread-44] DEBUG org.apache.ibatis.transaction.jdbc.JdbcTransaction  - Setting autocommit to false on JDBC Connection [conn2: url=jdbc:h2:mem:activiti user=SA]
10:46:48,683 [Thread-44] DEBUG org.activiti.engine.impl.persistence.entity.JobEntity.selectNextTimerJobsToExecute  - ==&gt;  Preparing: select RES.* from ACT_RU_JOB RES LEFT OUTER JOIN ACT_RU_EXECUTION PI ON PI.ID_ = RES.PROCESS_INSTANCE_ID_ where (RES.RETRIES_ &gt; 0) and (RES.DUEDATE_ is null or RES.DUEDATE_ &lt;= ?) and (RES.LOCK_OWNER_ is null or RES.LOCK_EXP_TIME_ &lt;= ?) and TYPE_ = &apos;timer&apos; and ( (RES.EXECUTION_ID_ is null) or (PI.SUSPENSION_STATE_ = 1) ) LIMIT ? OFFSET ? 
10:46:48,683 [Thread-44] DEBUG org.activiti.engine.impl.persistence.entity.JobEntity.selectNextTimerJobsToExecute  - ==&gt; Parameters: 2023-03-20 10:46:46.742(Timestamp), 2023-03-20 10:46:46.742(Timestamp), 1(Integer), 0(Integer)
10:46:48,683 [Thread-44] DEBUG org.activiti.engine.impl.persistence.entity.JobEntity.selectNextTimerJobsToExecute  - &lt;==      Total: 0
10:46:48,683 [Thread-44] DEBUG org.activiti.engine.impl.db.DbSqlSession  - flush summary: 0 insert, 0 update, 0 delete.
10:46:48,683 [Thread-44] DEBUG org.activiti.engine.impl.db.DbSqlSession  - now executing flush...
10:46:48,683 [Thread-44] DEBUG org.activiti.engine.impl.cfg.standalone.StandaloneMybatisTransactionContext  - firing event committing...
10:46:48,683 [Thread-44] DEBUG org.activiti.engine.impl.cfg.standalone.StandaloneMybatisTransactionContext  - committing the ibatis sql session...
10:46:48,683 [Thread-44] DEBUG org.activiti.engine.impl.cfg.standalone.StandaloneMybatisTransactionContext  - firing event committed...
10:46:48,683 [Thread-44] DEBUG org.apache.ibatis.transaction.jdbc.JdbcTransaction  - Resetting autocommit to true on JDBC Connection [conn2: url=jdbc:h2:mem:activiti user=SA]
10:46:48,683 [Thread-44] DEBUG org.apache.ibatis.transaction.jdbc.JdbcTransaction  - Closing JDBC Connection [conn2: url=jdbc:h2:mem:activiti user=SA]
10:46:48,683 [Thread-44] DEBUG org.apache.ibatis.datasource.pooled.PooledDataSource  - Returned connection 363509958 to pool.
10:46:48,683 [Thread-44] DEBUG org.activiti.engine.impl.interceptor.LogInterceptor  - --- AcquireTimerJobsCmd finished --------------------------------------------------------
10:46:48,683 [Thread-44] DEBUG org.activiti.engine.impl.interceptor.LogInterceptor  - 

10:46:48,683 [Thread-44] DEBUG org.activiti.engine.impl.asyncexecutor.AcquireTimerJobsRunnable  - timer job acquisition thread sleeping for 1000 millis
10:46:49,130 [main] DEBUG org.activiti.engine.impl.interceptor.LogInterceptor  - 

10:46:49,130 [main] DEBUG org.activiti.engine.impl.interceptor.LogInterceptor  - --- starting JobQueryImpl --------------------------------------------------------
10:46:49,130 [main] DEBUG org.apache.ibatis.transaction.jdbc.JdbcTransaction  - Opening JDBC Connection
10:46:49,130 [main] DEBUG org.apache.ibatis.datasource.pooled.PooledDataSource  - Checked out connection 486346394 from pool.
10:46:49,130 [main] DEBUG org.apache.ibatis.transaction.jdbc.JdbcTransaction  - Setting autocommit to false on JDBC Connection [conn6: url=jdbc:h2:mem:activiti user=SA]
10:46:49,130 [main] DEBUG org.activiti.engine.impl.persistence.entity.JobEntity.selectJobByQueryCriteria  - ==&gt;  Preparing: select RES.* from ACT_RU_JOB RES order by order by RES.ID_ asc LIMIT ? OFFSET ? 
10:46:49,130 [main] DEBUG org.activiti.engine.impl.interceptor.CommandContext  - Error while closing command context
org.apache.ibatis.exceptions.PersistenceException: 
### Error querying database.  Cause: org.h2.jdbc.JdbcSQLException: Syntax error in SQL statement &quot;SELECT RES.* 
     
    FROM ACT_RU_JOB RES
     
      
   
     ORDER BY  ORDER[*] BY RES.ID_ ASC  
    LIMIT ? OFFSET ? &quot;; expected &quot;=, NOT, EXISTS, INTERSECTS, SELECT, FROM&quot;; SQL statement:
select RES.* 
     
    from ACT_RU_JOB RES
     
      
   
     order by  order by RES.ID_ asc  
    LIMIT ? OFFSET ? [42001-176]
### The error may exist in org/activiti/db/mapping/entity/Job.xml
### The error may involve org.activiti.engine.impl.persistence.entity.JobEntity.selectJobByQueryCriteria
### The error occurred while executing a query
### SQL: select RES.*            from ACT_RU_JOB RES                       order by  order by RES.ID_ asc       LIMIT ? OFFSET ?
### Cause: org.h2.jdbc.JdbcSQLException: Syntax error in SQL statement &quot;SELECT RES.* 
     
    FROM ACT_RU_JOB RES
     
      
   
     ORDER BY  ORDER[*] BY RES.ID_ ASC  
    LIMIT ? OFFSET ? &quot;; expected &quot;=, NOT, EXISTS, INTERSECTS, SELECT, FROM&quot;; SQL statement:
select RES.* 
     
    from ACT_RU_JOB RES
     
      
   
     order by  order by RES.ID_ asc  
    LIMIT ? OFFSET ? [42001-176]
	at org.apache.ibatis.exceptions.ExceptionFactory.wrapException(ExceptionFactory.java:30)
	at org.apache.ibatis.session.defaults.DefaultSqlSession.selectList(DefaultSqlSession.java:122)
	at org.apache.ibatis.session.defaults.DefaultSqlSession.selectList(DefaultSqlSession.java:113)
	at org.activiti.engine.impl.db.DbSqlSession.selectListWithRawParameter(DbSqlSession.java:438)
	at org.activiti.engine.impl.db.DbSqlSession.selectList(DbSqlSession.java:429)
	at org.activiti.engine.impl.db.DbSqlSession.selectList(DbSqlSession.java:419)
	at org.activiti.engine.impl.persistence.entity.JobEntityManager.findJobsByQueryCriteria(JobEntityManager.java:198)
	at org.activiti.engine.impl.JobQueryImpl.executeList(JobQueryImpl.java:243)
	at org.activiti.engine.impl.AbstractQuery.execute(AbstractQuery.java:164)
	at org.activiti.engine.impl.interceptor.CommandInvoker.execute(CommandInvoker.java:24)
	at org.activiti.engine.impl.interceptor.CommandContextInterceptor.execute(CommandContextInterceptor.java:57)
	at org.activiti.engine.impl.interceptor.LogInterceptor.execute(LogInterceptor.java:37)
	at org.activiti.engine.impl.cfg.CommandExecutorImpl.execute(CommandExecutorImpl.java:40)
	at org.activiti.engine.impl.cfg.CommandExecutorImpl.execute(CommandExecutorImpl.java:35)
	at org.activiti.engine.impl.AbstractQuery.list(AbstractQuery.java:138)
	at org.activiti.engine.impl.test.JobTestHelper.areJobsAvailable(JobTestHelper.java:194)
	at org.activiti.engine.impl.test.JobTestHelper.waitForJobExecutorToProcessAllJobs(JobTestHelper.java:74)
	at org.activiti.engine.impl.test.JobTestHelper.waitForJobExecutorToProcessAllJobs(JobTestHelper.java:47)
	at org.activiti.engine.impl.test.AbstractActivitiTestCase.waitForJobExecutorToProcessAllJobs(AbstractActivitiTestCase.java:204)
	at org.activiti.engine.test.bpmn.servicetask.ServiceTaskVariablesTest.testSerializedVariablesThirdAsync(ServiceTaskVariablesTest.java:94)
	at sun.reflect.NativeMethodAccessorImpl.invoke0(Native Method)
	at sun.reflect.NativeMethodAccessorImpl.invoke(NativeMethodAccessorImpl.java:62)
	at sun.reflect.DelegatingMethodAccessorImpl.invoke(DelegatingMethodAccessorImpl.java:43)
	at java.lang.reflect.Method.invoke(Method.java:498)
	at junit.framework.TestCase.runTest(TestCase.java:176)
	at org.activiti.engine.impl.test.PvmTestCase.runTest(PvmTestCase.java:65)
	at junit.framework.TestCase.runBare(TestCase.java:141)
	at org.activiti.engine.impl.test.AbstractActivitiTestCase.runBare(AbstractActivitiTestCase.java:100)
	at junit.framework.TestResult$1.protect(TestResult.java:122)
	at junit.framework.TestResult.runProtected(TestResult.java:142)
	at junit.framework.TestResult.run(TestResult.java:125)
	at junit.framework.TestCase.run(TestCase.java:129)
	at junit.framework.TestSuite.runTest(TestSuite.java:255)
	at junit.framework.TestSuite.run(TestSuite.java:250)
	at org.junit.internal.runners.JUnit38ClassRunner.run(JUnit38ClassRunner.java:84)
	at org.apache.maven.surefire.junit4.JUnit4TestSet.execute(JUnit4TestSet.java:35)
	at org.apache.maven.surefire.junit4.JUnit4Provider.executeTestSet(JUnit4Provider.java:146)
	at org.apache.maven.surefire.junit4.JUnit4Provider.invoke(JUnit4Provider.java:97)
	at sun.reflect.NativeMethodAccessorImpl.invoke0(Native Method)
	at sun.reflect.NativeMethodAccessorImpl.invoke(NativeMethodAccessorImpl.java:62)
	at sun.reflect.DelegatingMethodAccessorImpl.invoke(DelegatingMethodAccessorImpl.java:43)
	at java.lang.reflect.Method.invoke(Method.java:498)
	at org.apache.maven.surefire.booter.ProviderFactory$ClassLoaderProxy.invoke(ProviderFactory.java:103)
	at com.sun.proxy.$Proxy0.invoke(Unknown Source)
	at org.apache.maven.surefire.booter.SurefireStarter.invokeProvider(SurefireStarter.java:145)
	at org.apache.maven.surefire.booter.SurefireStarter.runSuitesInProcess(SurefireStarter.java:87)
	at org.apache.maven.surefire.booter.ForkedBooter.main(ForkedBooter.java:69)
Caused by: org.h2.jdbc.JdbcSQLException: Syntax error in SQL statement &quot;SELECT RES.* 
     
    FROM ACT_RU_JOB RES
     
      
   
     ORDER BY  ORDER[*] BY RES.ID_ ASC  
    LIMIT ? OFFSET ? &quot;; expected &quot;=, NOT, EXISTS, INTERSECTS, SELECT, FROM&quot;; SQL statement:
select RES.* 
     
    from ACT_RU_JOB RES
     
      
   
     order by  order by RES.ID_ asc  
    LIMIT ? OFFSET ? [42001-176]
	at org.h2.message.DbException.getJdbcSQLException(DbException.java:344)
	at org.h2.message.DbException.getSyntaxError(DbException.java:204)
	at org.h2.command.Parser.getSyntaxError(Parser.java:524)
	at org.h2.command.Parser.readTerm(Parser.java:2688)
	at org.h2.command.Parser.readFactor(Parser.java:2244)
	at org.h2.command.Parser.readSum(Parser.java:2231)
	at org.h2.command.Parser.readConcat(Parser.java:2201)
	at org.h2.command.Parser.readCondition(Parser.java:2051)
	at org.h2.command.Parser.readAnd(Parser.java:2023)
	at org.h2.command.Parser.readExpression(Parser.java:2015)
	at org.h2.command.Parser.parseEndOfQuery(Parser.java:1726)
	at org.h2.command.Parser.parseSelectUnionExtension(Parser.java:1706)
	at org.h2.command.Parser.parseSelectUnion(Parser.java:1675)
	at org.h2.command.Parser.parseSelect(Parser.java:1662)
	at org.h2.command.Parser.parsePrepared(Parser.java:434)
	at org.h2.command.Parser.parse(Parser.java:306)
	at org.h2.command.Parser.parse(Parser.java:282)
	at org.h2.command.Parser.prepareCommand(Parser.java:243)
	at org.h2.engine.Session.prepareLocal(Session.java:442)
	at org.h2.engine.Session.prepareCommand(Session.java:384)
	at org.h2.jdbc.JdbcConnection.prepareCommand(JdbcConnection.java:1188)
	at org.h2.jdbc.JdbcPreparedStatement.&lt;init&gt;(JdbcPreparedStatement.java:73)
	at org.h2.jdbc.JdbcConnection.prepareStatement(JdbcConnection.java:276)
	at sun.reflect.GeneratedMethodAccessor6.invoke(Unknown Source)
	at sun.reflect.DelegatingMethodAccessorImpl.invoke(DelegatingMethodAccessorImpl.java:43)
	at java.lang.reflect.Method.invoke(Method.java:498)
	at org.apache.ibatis.datasource.pooled.PooledConnection.invoke(PooledConnection.java:245)
	at com.sun.proxy.$Proxy12.prepareStatement(Unknown Source)
	at sun.reflect.GeneratedMethodAccessor6.invoke(Unknown Source)
	at sun.reflect.DelegatingMethodAccessorImpl.invoke(DelegatingMethodAccessorImpl.java:43)
	at java.lang.reflect.Method.invoke(Method.java:498)
	at org.apache.ibatis.logging.jdbc.ConnectionLogger.invoke(ConnectionLogger.java:55)
	at com.sun.proxy.$Proxy12.prepareStatement(Unknown Source)
	at org.apache.ibatis.executor.statement.PreparedStatementHandler.instantiateStatement(PreparedStatementHandler.java:79)
	at org.apache.ibatis.executor.statement.BaseStatementHandler.prepare(BaseStatementHandler.java:88)
	at org.apache.ibatis.executor.statement.RoutingStatementHandler.prepare(RoutingStatementHandler.java:58)
	at org.apache.ibatis.executor.SimpleExecutor.prepareStatement(SimpleExecutor.java:76)
	at org.apache.ibatis.executor.SimpleExecutor.doQuery(SimpleExecutor.java:61)
	at org.apache.ibatis.executor.BaseExecutor.queryFromDatabase(BaseExecutor.java:303)
	at org.apache.ibatis.executor.BaseExecutor.query(BaseExecutor.java:154)
	at org.apache.ibatis.executor.CachingExecutor.query(CachingExecutor.java:102)
	at org.apache.ibatis.executor.CachingExecutor.query(CachingExecutor.java:82)
	at org.apache.ibatis.session.defaults.DefaultSqlSession.selectList(DefaultSqlSession.java:120)
	... 45 more
10:46:49,131 [main] DEBUG org.activiti.engine.impl.cfg.standalone.StandaloneMybatisTransactionContext  - firing event rolling back...
10:46:49,131 [main] DEBUG org.activiti.engine.impl.cfg.standalone.StandaloneMybatisTransactionContext  - rolling back ibatis sql session...
10:46:49,131 [main] DEBUG org.activiti.engine.impl.cfg.standalone.StandaloneMybatisTransactionContext  - firing event rolled back...
10:46:49,131 [main] DEBUG org.apache.ibatis.transaction.jdbc.JdbcTransaction  - Resetting autocommit to true on JDBC Connection [conn6: url=jdbc:h2:mem:activiti user=SA]
10:46:49,131 [main] DEBUG org.apache.ibatis.transaction.jdbc.JdbcTransaction  - Closing JDBC Connection [conn6: url=jdbc:h2:mem:activiti user=SA]
10:46:49,131 [main] DEBUG org.apache.ibatis.datasource.pooled.PooledDataSource  - Returned connection 486346394 to pool.
10:46:49,131 [main] DEBUG org.activiti.engine.impl.interceptor.LogInterceptor  - --- JobQueryImpl finished --------------------------------------------------------
10:46:49,131 [main] DEBUG org.activiti.engine.impl.interceptor.LogInterceptor  - 

10:46:49,619 [Thread-45] DEBUG org.activiti.engine.impl.asyncexecutor.AcquireAsyncJobsDueRunnable  - async job acquisition thread woke up
10:46:49,619 [Thread-45] DEBUG org.activiti.engine.impl.interceptor.LogInterceptor  - 

10:46:49,619 [Thread-45] DEBUG org.activiti.engine.impl.interceptor.LogInterceptor  - --- starting AcquireAsyncJobsDueCmd --------------------------------------------------------
10:46:49,619 [Thread-45] DEBUG org.apache.ibatis.transaction.jdbc.JdbcTransaction  - Opening JDBC Connection
10:46:49,619 [Thread-45] DEBUG org.apache.ibatis.datasource.pooled.PooledDataSource  - Checked out connection 297240765 from pool.
10:46:49,619 [Thread-45] DEBUG org.apache.ibatis.transaction.jdbc.JdbcTransaction  - Setting autocommit to false on JDBC Connection [conn4: url=jdbc:h2:mem:activiti user=SA]
10:46:49,619 [Thread-45] DEBUG org.activiti.engine.impl.persistence.entity.JobEntity.selectAsyncJobsDueToExecute  - ==&gt;  Preparing: select RES.* from ACT_RU_JOB RES LEFT OUTER JOIN ACT_RU_EXECUTION PI ON PI.ID_ = RES.PROCESS_INSTANCE_ID_ where RES.RETRIES_ &gt; 0 and RES.DUEDATE_ is not null and RES.DUEDATE_ &lt;= ? and (RES.LOCK_EXP_TIME_ is null or RES.LOCK_EXP_TIME_ &lt;= ?) and TYPE_ = &apos;message&apos; and ( (RES.EXECUTION_ID_ is null) or (PI.SUSPENSION_STATE_ = 1) ) LIMIT ? OFFSET ? 
10:46:49,619 [Thread-45] DEBUG org.activiti.engine.impl.persistence.entity.JobEntity.selectAsyncJobsDueToExecute  - ==&gt; Parameters: 2023-03-20 10:46:46.742(Timestamp), 2023-03-20 10:46:46.742(Timestamp), 1(Integer), 0(Integer)
10:46:49,619 [Thread-45] DEBUG org.activiti.engine.impl.persistence.entity.JobEntity.selectAsyncJobsDueToExecute  - &lt;==      Total: 0
10:46:49,619 [Thread-45] DEBUG org.activiti.engine.impl.db.DbSqlSession  - flush summary: 0 insert, 0 update, 0 delete.
10:46:49,619 [Thread-45] DEBUG org.activiti.engine.impl.db.DbSqlSession  - now executing flush...
10:46:49,619 [Thread-45] DEBUG org.activiti.engine.impl.cfg.standalone.StandaloneMybatisTransactionContext  - firing event committing...
10:46:49,619 [Thread-45] DEBUG org.activiti.engine.impl.cfg.standalone.StandaloneMybatisTransactionContext  - committing the ibatis sql session...
10:46:49,619 [Thread-45] DEBUG org.activiti.engine.impl.cfg.standalone.StandaloneMybatisTransactionContext  - firing event committed...
10:46:49,619 [Thread-45] DEBUG org.apache.ibatis.transaction.jdbc.JdbcTransaction  - Resetting autocommit to true on JDBC Connection [conn4: url=jdbc:h2:mem:activiti user=SA]
10:46:49,619 [Thread-45] DEBUG org.apache.ibatis.transaction.jdbc.JdbcTransaction  - Closing JDBC Connection [conn4: url=jdbc:h2:mem:activiti user=SA]
10:46:49,619 [Thread-45] DEBUG org.apache.ibatis.datasource.pooled.PooledDataSource  - Returned connection 297240765 to pool.
10:46:49,619 [Thread-45] DEBUG org.activiti.engine.impl.interceptor.LogInterceptor  - --- AcquireAsyncJobsDueCmd finished --------------------------------------------------------
10:46:49,619 [Thread-45] DEBUG org.activiti.engine.impl.interceptor.LogInterceptor  - 

10:46:49,619 [Thread-45] DEBUG org.activiti.engine.impl.asyncexecutor.AcquireAsyncJobsDueRunnable  - async job acquisition thread sleeping for 1000 millis
10:46:49,635 [main] DEBUG org.activiti.engine.impl.interceptor.LogInterceptor  - 

10:46:49,635 [main] DEBUG org.activiti.engine.impl.interceptor.LogInterceptor  - --- starting JobQueryImpl --------------------------------------------------------
10:46:49,635 [main] DEBUG org.apache.ibatis.transaction.jdbc.JdbcTransaction  - Opening JDBC Connection
10:46:49,635 [main] DEBUG org.apache.ibatis.datasource.pooled.PooledDataSource  - Checked out connection 180014677 from pool.
10:46:49,635 [main] DEBUG org.apache.ibatis.transaction.jdbc.JdbcTransaction  - Setting autocommit to false on JDBC Connection [conn3: url=jdbc:h2:mem:activiti user=SA]
10:46:49,635 [main] DEBUG org.activiti.engine.impl.persistence.entity.JobEntity.selectJobByQueryCriteria  - ==&gt;  Preparing: select RES.* from ACT_RU_JOB RES order by order by RES.ID_ asc LIMIT ? OFFSET ? 
10:46:49,635 [main] DEBUG org.activiti.engine.impl.interceptor.CommandContext  - Error while closing command context
org.apache.ibatis.exceptions.PersistenceException: 
### Error querying database.  Cause: org.h2.jdbc.JdbcSQLException: Syntax error in SQL statement &quot;SELECT RES.* 
     
    FROM ACT_RU_JOB RES
     
      
   
     ORDER BY  ORDER[*] BY RES.ID_ ASC  
    LIMIT ? OFFSET ? &quot;; expected &quot;=, NOT, EXISTS, INTERSECTS, SELECT, FROM&quot;; SQL statement:
select RES.* 
     
    from ACT_RU_JOB RES
     
      
   
     order by  order by RES.ID_ asc  
    LIMIT ? OFFSET ? [42001-176]
### The error may exist in org/activiti/db/mapping/entity/Job.xml
### The error may involve org.activiti.engine.impl.persistence.entity.JobEntity.selectJobByQueryCriteria
### The error occurred while executing a query
### SQL: select RES.*            from ACT_RU_JOB RES                       order by  order by RES.ID_ asc       LIMIT ? OFFSET ?
### Cause: org.h2.jdbc.JdbcSQLException: Syntax error in SQL statement &quot;SELECT RES.* 
     
    FROM ACT_RU_JOB RES
     
      
   
     ORDER BY  ORDER[*] BY RES.ID_ ASC  
    LIMIT ? OFFSET ? &quot;; expected &quot;=, NOT, EXISTS, INTERSECTS, SELECT, FROM&quot;; SQL statement:
select RES.* 
     
    from ACT_RU_JOB RES
     
      
   
     order by  order by RES.ID_ asc  
    LIMIT ? OFFSET ? [42001-176]
	at org.apache.ibatis.exceptions.ExceptionFactory.wrapException(ExceptionFactory.java:30)
	at org.apache.ibatis.session.defaults.DefaultSqlSession.selectList(DefaultSqlSession.java:122)
	at org.apache.ibatis.session.defaults.DefaultSqlSession.selectList(DefaultSqlSession.java:113)
	at org.activiti.engine.impl.db.DbSqlSession.selectListWithRawParameter(DbSqlSession.java:438)
	at org.activiti.engine.impl.db.DbSqlSession.selectList(DbSqlSession.java:429)
	at org.activiti.engine.impl.db.DbSqlSession.selectList(DbSqlSession.java:419)
	at org.activiti.engine.impl.persistence.entity.JobEntityManager.findJobsByQueryCriteria(JobEntityManager.java:198)
	at org.activiti.engine.impl.JobQueryImpl.executeList(JobQueryImpl.java:243)
	at org.activiti.engine.impl.AbstractQuery.execute(AbstractQuery.java:164)
	at org.activiti.engine.impl.interceptor.CommandInvoker.execute(CommandInvoker.java:24)
	at org.activiti.engine.impl.interceptor.CommandContextInterceptor.execute(CommandContextInterceptor.java:57)
	at org.activiti.engine.impl.interceptor.LogInterceptor.execute(LogInterceptor.java:37)
	at org.activiti.engine.impl.cfg.CommandExecutorImpl.execute(CommandExecutorImpl.java:40)
	at org.activiti.engine.impl.cfg.CommandExecutorImpl.execute(CommandExecutorImpl.java:35)
	at org.activiti.engine.impl.AbstractQuery.list(AbstractQuery.java:138)
	at org.activiti.engine.impl.test.JobTestHelper.areJobsAvailable(JobTestHelper.java:194)
	at org.activiti.engine.impl.test.JobTestHelper.waitForJobExecutorToProcessAllJobs(JobTestHelper.java:74)
	at org.activiti.engine.impl.test.JobTestHelper.waitForJobExecutorToProcessAllJobs(JobTestHelper.java:47)
	at org.activiti.engine.impl.test.AbstractActivitiTestCase.waitForJobExecutorToProcessAllJobs(AbstractActivitiTestCase.java:204)
	at org.activiti.engine.test.bpmn.servicetask.ServiceTaskVariablesTest.testSerializedVariablesThirdAsync(ServiceTaskVariablesTest.java:94)
	at sun.reflect.NativeMethodAccessorImpl.invoke0(Native Method)
	at sun.reflect.NativeMethodAccessorImpl.invoke(NativeMethodAccessorImpl.java:62)
	at sun.reflect.DelegatingMethodAccessorImpl.invoke(DelegatingMethodAccessorImpl.java:43)
	at java.lang.reflect.Method.invoke(Method.java:498)
	at junit.framework.TestCase.runTest(TestCase.java:176)
	at org.activiti.engine.impl.test.PvmTestCase.runTest(PvmTestCase.java:65)
	at junit.framework.TestCase.runBare(TestCase.java:141)
	at org.activiti.engine.impl.test.AbstractActivitiTestCase.runBare(AbstractActivitiTestCase.java:100)
	at junit.framework.TestResult$1.protect(TestResult.java:122)
	at junit.framework.TestResult.runProtected(TestResult.java:142)
	at junit.framework.TestResult.run(TestResult.java:125)
	at junit.framework.TestCase.run(TestCase.java:129)
	at junit.framework.TestSuite.runTest(TestSuite.java:255)
	at junit.framework.TestSuite.run(TestSuite.java:250)
	at org.junit.internal.runners.JUnit38ClassRunner.run(JUnit38ClassRunner.java:84)
	at org.apache.maven.surefire.junit4.JUnit4TestSet.execute(JUnit4TestSet.java:35)
	at org.apache.maven.surefire.junit4.JUnit4Provider.executeTestSet(JUnit4Provider.java:146)
	at org.apache.maven.surefire.junit4.JUnit4Provider.invoke(JUnit4Provider.java:97)
	at sun.reflect.NativeMethodAccessorImpl.invoke0(Native Method)
	at sun.reflect.NativeMethodAccessorImpl.invoke(NativeMethodAccessorImpl.java:62)
	at sun.reflect.DelegatingMethodAccessorImpl.invoke(DelegatingMethodAccessorImpl.java:43)
	at java.lang.reflect.Method.invoke(Method.java:498)
	at org.apache.maven.surefire.booter.ProviderFactory$ClassLoaderProxy.invoke(ProviderFactory.java:103)
	at com.sun.proxy.$Proxy0.invoke(Unknown Source)
	at org.apache.maven.surefire.booter.SurefireStarter.invokeProvider(SurefireStarter.java:145)
	at org.apache.maven.surefire.booter.SurefireStarter.runSuitesInProcess(SurefireStarter.java:87)
	at org.apache.maven.surefire.booter.ForkedBooter.main(ForkedBooter.java:69)
Caused by: org.h2.jdbc.JdbcSQLException: Syntax error in SQL statement &quot;SELECT RES.* 
     
    FROM ACT_RU_JOB RES
     
      
   
     ORDER BY  ORDER[*] BY RES.ID_ ASC  
    LIMIT ? OFFSET ? &quot;; expected &quot;=, NOT, EXISTS, INTERSECTS, SELECT, FROM&quot;; SQL statement:
select RES.* 
     
    from ACT_RU_JOB RES
     
      
   
     order by  order by RES.ID_ asc  
    LIMIT ? OFFSET ? [42001-176]
	at org.h2.message.DbException.getJdbcSQLException(DbException.java:344)
	at org.h2.message.DbException.getSyntaxError(DbException.java:204)
	at org.h2.command.Parser.getSyntaxError(Parser.java:524)
	at org.h2.command.Parser.readTerm(Parser.java:2688)
	at org.h2.command.Parser.readFactor(Parser.java:2244)
	at org.h2.command.Parser.readSum(Parser.java:2231)
	at org.h2.command.Parser.readConcat(Parser.java:2201)
	at org.h2.command.Parser.readCondition(Parser.java:2051)
	at org.h2.command.Parser.readAnd(Parser.java:2023)
	at org.h2.command.Parser.readExpression(Parser.java:2015)
	at org.h2.command.Parser.parseEndOfQuery(Parser.java:1726)
	at org.h2.command.Parser.parseSelectUnionExtension(Parser.java:1706)
	at org.h2.command.Parser.parseSelectUnion(Parser.java:1675)
	at org.h2.command.Parser.parseSelect(Parser.java:1662)
	at org.h2.command.Parser.parsePrepared(Parser.java:434)
	at org.h2.command.Parser.parse(Parser.java:306)
	at org.h2.command.Parser.parse(Parser.java:282)
	at org.h2.command.Parser.prepareCommand(Parser.java:243)
	at org.h2.engine.Session.prepareLocal(Session.java:442)
	at org.h2.engine.Session.prepareCommand(Session.java:384)
	at org.h2.jdbc.JdbcConnection.prepareCommand(JdbcConnection.java:1188)
	at org.h2.jdbc.JdbcPreparedStatement.&lt;init&gt;(JdbcPreparedStatement.java:73)
	at org.h2.jdbc.JdbcConnection.prepareStatement(JdbcConnection.java:276)
	at sun.reflect.GeneratedMethodAccessor6.invoke(Unknown Source)
	at sun.reflect.DelegatingMethodAccessorImpl.invoke(DelegatingMethodAccessorImpl.java:43)
	at java.lang.reflect.Method.invoke(Method.java:498)
	at org.apache.ibatis.datasource.pooled.PooledConnection.invoke(PooledConnection.java:245)
	at com.sun.proxy.$Proxy12.prepareStatement(Unknown Source)
	at sun.reflect.GeneratedMethodAccessor6.invoke(Unknown Source)
	at sun.reflect.DelegatingMethodAccessorImpl.invoke(DelegatingMethodAccessorImpl.java:43)
	at java.lang.reflect.Method.invoke(Method.java:498)
	at org.apache.ibatis.logging.jdbc.ConnectionLogger.invoke(ConnectionLogger.java:55)
	at com.sun.proxy.$Proxy12.prepareStatement(Unknown Source)
	at org.apache.ibatis.executor.statement.PreparedStatementHandler.instantiateStatement(PreparedStatementHandler.java:79)
	at org.apache.ibatis.executor.statement.BaseStatementHandler.prepare(BaseStatementHandler.java:88)
	at org.apache.ibatis.executor.statement.RoutingStatementHandler.prepare(RoutingStatementHandler.java:58)
	at org.apache.ibatis.executor.SimpleExecutor.prepareStatement(SimpleExecutor.java:76)
	at org.apache.ibatis.executor.SimpleExecutor.doQuery(SimpleExecutor.java:61)
	at org.apache.ibatis.executor.BaseExecutor.queryFromDatabase(BaseExecutor.java:303)
	at org.apache.ibatis.executor.BaseExecutor.query(BaseExecutor.java:154)
	at org.apache.ibatis.executor.CachingExecutor.query(CachingExecutor.java:102)
	at org.apache.ibatis.executor.CachingExecutor.query(CachingExecutor.java:82)
	at org.apache.ibatis.session.defaults.DefaultSqlSession.selectList(DefaultSqlSession.java:120)
	... 45 more
10:46:49,635 [main] DEBUG org.activiti.engine.impl.cfg.standalone.StandaloneMybatisTransactionContext  - firing event rolling back...
10:46:49,635 [main] DEBUG org.activiti.engine.impl.cfg.standalone.StandaloneMybatisTransactionContext  - rolling back ibatis sql session...
10:46:49,635 [main] DEBUG org.activiti.engine.impl.cfg.standalone.StandaloneMybatisTransactionContext  - firing event rolled back...
10:46:49,635 [main] DEBUG org.apache.ibatis.transaction.jdbc.JdbcTransaction  - Resetting autocommit to true on JDBC Connection [conn3: url=jdbc:h2:mem:activiti user=SA]
10:46:49,635 [main] DEBUG org.apache.ibatis.transaction.jdbc.JdbcTransaction  - Closing JDBC Connection [conn3: url=jdbc:h2:mem:activiti user=SA]
10:46:49,635 [main] DEBUG org.apache.ibatis.datasource.pooled.PooledDataSource  - Returned connection 180014677 to pool.
10:46:49,635 [main] DEBUG org.activiti.engine.impl.interceptor.LogInterceptor  - --- JobQueryImpl finished --------------------------------------------------------
10:46:49,635 [main] DEBUG org.activiti.engine.impl.interceptor.LogInterceptor  - 

10:46:49,683 [Thread-44] DEBUG org.activiti.engine.impl.asyncexecutor.AcquireTimerJobsRunnable  - timer job acquisition thread woke up
10:46:49,683 [Thread-44] DEBUG org.activiti.engine.impl.interceptor.LogInterceptor  - 

10:46:49,683 [Thread-44] DEBUG org.activiti.engine.impl.interceptor.LogInterceptor  - --- starting AcquireTimerJobsCmd --------------------------------------------------------
10:46:49,683 [Thread-44] DEBUG org.apache.ibatis.transaction.jdbc.JdbcTransaction  - Opening JDBC Connection
10:46:49,683 [Thread-44] DEBUG org.apache.ibatis.datasource.pooled.PooledDataSource  - Checked out connection 363509958 from pool.
10:46:49,683 [Thread-44] DEBUG org.apache.ibatis.transaction.jdbc.JdbcTransaction  - Setting autocommit to false on JDBC Connection [conn2: url=jdbc:h2:mem:activiti user=SA]
10:46:49,683 [Thread-44] DEBUG org.activiti.engine.impl.persistence.entity.JobEntity.selectNextTimerJobsToExecute  - ==&gt;  Preparing: select RES.* from ACT_RU_JOB RES LEFT OUTER JOIN ACT_RU_EXECUTION PI ON PI.ID_ = RES.PROCESS_INSTANCE_ID_ where (RES.RETRIES_ &gt; 0) and (RES.DUEDATE_ is null or RES.DUEDATE_ &lt;= ?) and (RES.LOCK_OWNER_ is null or RES.LOCK_EXP_TIME_ &lt;= ?) and TYPE_ = &apos;timer&apos; and ( (RES.EXECUTION_ID_ is null) or (PI.SUSPENSION_STATE_ = 1) ) LIMIT ? OFFSET ? 
10:46:49,683 [Thread-44] DEBUG org.activiti.engine.impl.persistence.entity.JobEntity.selectNextTimerJobsToExecute  - ==&gt; Parameters: 2023-03-20 10:46:46.742(Timestamp), 2023-03-20 10:46:46.742(Timestamp), 1(Integer), 0(Integer)
10:46:49,683 [Thread-44] DEBUG org.activiti.engine.impl.persistence.entity.JobEntity.selectNextTimerJobsToExecute  - &lt;==      Total: 0
10:46:49,683 [Thread-44] DEBUG org.activiti.engine.impl.db.DbSqlSession  - flush summary: 0 insert, 0 update, 0 delete.
10:46:49,683 [Thread-44] DEBUG org.activiti.engine.impl.db.DbSqlSession  - now executing flush...
10:46:49,683 [Thread-44] DEBUG org.activiti.engine.impl.cfg.standalone.StandaloneMybatisTransactionContext  - firing event committing...
10:46:49,683 [Thread-44] DEBUG org.activiti.engine.impl.cfg.standalone.StandaloneMybatisTransactionContext  - committing the ibatis sql session...
10:46:49,683 [Thread-44] DEBUG org.activiti.engine.impl.cfg.standalone.StandaloneMybatisTransactionContext  - firing event committed...
10:46:49,683 [Thread-44] DEBUG org.apache.ibatis.transaction.jdbc.JdbcTransaction  - Resetting autocommit to true on JDBC Connection [conn2: url=jdbc:h2:mem:activiti user=SA]
10:46:49,683 [Thread-44] DEBUG org.apache.ibatis.transaction.jdbc.JdbcTransaction  - Closing JDBC Connection [conn2: url=jdbc:h2:mem:activiti user=SA]
10:46:49,683 [Thread-44] DEBUG org.apache.ibatis.datasource.pooled.PooledDataSource  - Returned connection 363509958 to pool.
10:46:49,683 [Thread-44] DEBUG org.activiti.engine.impl.interceptor.LogInterceptor  - --- AcquireTimerJobsCmd finished --------------------------------------------------------
10:46:49,683 [Thread-44] DEBUG org.activiti.engine.impl.interceptor.LogInterceptor  - 

10:46:49,683 [Thread-44] DEBUG org.activiti.engine.impl.asyncexecutor.AcquireTimerJobsRunnable  - timer job acquisition thread sleeping for 1000 millis
10:46:50,139 [main] DEBUG org.activiti.engine.impl.interceptor.LogInterceptor  - 

10:46:50,139 [main] DEBUG org.activiti.engine.impl.interceptor.LogInterceptor  - --- starting JobQueryImpl --------------------------------------------------------
10:46:50,139 [main] DEBUG org.apache.ibatis.transaction.jdbc.JdbcTransaction  - Opening JDBC Connection
10:46:50,139 [main] DEBUG org.apache.ibatis.datasource.pooled.PooledDataSource  - Checked out connection 486346394 from pool.
10:46:50,139 [main] DEBUG org.apache.ibatis.transaction.jdbc.JdbcTransaction  - Setting autocommit to false on JDBC Connection [conn6: url=jdbc:h2:mem:activiti user=SA]
10:46:50,139 [main] DEBUG org.activiti.engine.impl.persistence.entity.JobEntity.selectJobByQueryCriteria  - ==&gt;  Preparing: select RES.* from ACT_RU_JOB RES order by order by RES.ID_ asc LIMIT ? OFFSET ? 
10:46:50,139 [main] DEBUG org.activiti.engine.impl.interceptor.CommandContext  - Error while closing command context
org.apache.ibatis.exceptions.PersistenceException: 
### Error querying database.  Cause: org.h2.jdbc.JdbcSQLException: Syntax error in SQL statement &quot;SELECT RES.* 
     
    FROM ACT_RU_JOB RES
     
      
   
     ORDER BY  ORDER[*] BY RES.ID_ ASC  
    LIMIT ? OFFSET ? &quot;; expected &quot;=, NOT, EXISTS, INTERSECTS, SELECT, FROM&quot;; SQL statement:
select RES.* 
     
    from ACT_RU_JOB RES
     
      
   
     order by  order by RES.ID_ asc  
    LIMIT ? OFFSET ? [42001-176]
### The error may exist in org/activiti/db/mapping/entity/Job.xml
### The error may involve org.activiti.engine.impl.persistence.entity.JobEntity.selectJobByQueryCriteria
### The error occurred while executing a query
### SQL: select RES.*            from ACT_RU_JOB RES                       order by  order by RES.ID_ asc       LIMIT ? OFFSET ?
### Cause: org.h2.jdbc.JdbcSQLException: Syntax error in SQL statement &quot;SELECT RES.* 
     
    FROM ACT_RU_JOB RES
     
      
   
     ORDER BY  ORDER[*] BY RES.ID_ ASC  
    LIMIT ? OFFSET ? &quot;; expected &quot;=, NOT, EXISTS, INTERSECTS, SELECT, FROM&quot;; SQL statement:
select RES.* 
     
    from ACT_RU_JOB RES
     
      
   
     order by  order by RES.ID_ asc  
    LIMIT ? OFFSET ? [42001-176]
	at org.apache.ibatis.exceptions.ExceptionFactory.wrapException(ExceptionFactory.java:30)
	at org.apache.ibatis.session.defaults.DefaultSqlSession.selectList(DefaultSqlSession.java:122)
	at org.apache.ibatis.session.defaults.DefaultSqlSession.selectList(DefaultSqlSession.java:113)
	at org.activiti.engine.impl.db.DbSqlSession.selectListWithRawParameter(DbSqlSession.java:438)
	at org.activiti.engine.impl.db.DbSqlSession.selectList(DbSqlSession.java:429)
	at org.activiti.engine.impl.db.DbSqlSession.selectList(DbSqlSession.java:419)
	at org.activiti.engine.impl.persistence.entity.JobEntityManager.findJobsByQueryCriteria(JobEntityManager.java:198)
	at org.activiti.engine.impl.JobQueryImpl.executeList(JobQueryImpl.java:243)
	at org.activiti.engine.impl.AbstractQuery.execute(AbstractQuery.java:164)
	at org.activiti.engine.impl.interceptor.CommandInvoker.execute(CommandInvoker.java:24)
	at org.activiti.engine.impl.interceptor.CommandContextInterceptor.execute(CommandContextInterceptor.java:57)
	at org.activiti.engine.impl.interceptor.LogInterceptor.execute(LogInterceptor.java:37)
	at org.activiti.engine.impl.cfg.CommandExecutorImpl.execute(CommandExecutorImpl.java:40)
	at org.activiti.engine.impl.cfg.CommandExecutorImpl.execute(CommandExecutorImpl.java:35)
	at org.activiti.engine.impl.AbstractQuery.list(AbstractQuery.java:138)
	at org.activiti.engine.impl.test.JobTestHelper.areJobsAvailable(JobTestHelper.java:194)
	at org.activiti.engine.impl.test.JobTestHelper.waitForJobExecutorToProcessAllJobs(JobTestHelper.java:74)
	at org.activiti.engine.impl.test.JobTestHelper.waitForJobExecutorToProcessAllJobs(JobTestHelper.java:47)
	at org.activiti.engine.impl.test.AbstractActivitiTestCase.waitForJobExecutorToProcessAllJobs(AbstractActivitiTestCase.java:204)
	at org.activiti.engine.test.bpmn.servicetask.ServiceTaskVariablesTest.testSerializedVariablesThirdAsync(ServiceTaskVariablesTest.java:94)
	at sun.reflect.NativeMethodAccessorImpl.invoke0(Native Method)
	at sun.reflect.NativeMethodAccessorImpl.invoke(NativeMethodAccessorImpl.java:62)
	at sun.reflect.DelegatingMethodAccessorImpl.invoke(DelegatingMethodAccessorImpl.java:43)
	at java.lang.reflect.Method.invoke(Method.java:498)
	at junit.framework.TestCase.runTest(TestCase.java:176)
	at org.activiti.engine.impl.test.PvmTestCase.runTest(PvmTestCase.java:65)
	at junit.framework.TestCase.runBare(TestCase.java:141)
	at org.activiti.engine.impl.test.AbstractActivitiTestCase.runBare(AbstractActivitiTestCase.java:100)
	at junit.framework.TestResult$1.protect(TestResult.java:122)
	at junit.framework.TestResult.runProtected(TestResult.java:142)
	at junit.framework.TestResult.run(TestResult.java:125)
	at junit.framework.TestCase.run(TestCase.java:129)
	at junit.framework.TestSuite.runTest(TestSuite.java:255)
	at junit.framework.TestSuite.run(TestSuite.java:250)
	at org.junit.internal.runners.JUnit38ClassRunner.run(JUnit38ClassRunner.java:84)
	at org.apache.maven.surefire.junit4.JUnit4TestSet.execute(JUnit4TestSet.java:35)
	at org.apache.maven.surefire.junit4.JUnit4Provider.executeTestSet(JUnit4Provider.java:146)
	at org.apache.maven.surefire.junit4.JUnit4Provider.invoke(JUnit4Provider.java:97)
	at sun.reflect.NativeMethodAccessorImpl.invoke0(Native Method)
	at sun.reflect.NativeMethodAccessorImpl.invoke(NativeMethodAccessorImpl.java:62)
	at sun.reflect.DelegatingMethodAccessorImpl.invoke(DelegatingMethodAccessorImpl.java:43)
	at java.lang.reflect.Method.invoke(Method.java:498)
	at org.apache.maven.surefire.booter.ProviderFactory$ClassLoaderProxy.invoke(ProviderFactory.java:103)
	at com.sun.proxy.$Proxy0.invoke(Unknown Source)
	at org.apache.maven.surefire.booter.SurefireStarter.invokeProvider(SurefireStarter.java:145)
	at org.apache.maven.surefire.booter.SurefireStarter.runSuitesInProcess(SurefireStarter.java:87)
	at org.apache.maven.surefire.booter.ForkedBooter.main(ForkedBooter.java:69)
Caused by: org.h2.jdbc.JdbcSQLException: Syntax error in SQL statement &quot;SELECT RES.* 
     
    FROM ACT_RU_JOB RES
     
      
   
     ORDER BY  ORDER[*] BY RES.ID_ ASC  
    LIMIT ? OFFSET ? &quot;; expected &quot;=, NOT, EXISTS, INTERSECTS, SELECT, FROM&quot;; SQL statement:
select RES.* 
     
    from ACT_RU_JOB RES
     
      
   
     order by  order by RES.ID_ asc  
    LIMIT ? OFFSET ? [42001-176]
	at org.h2.message.DbException.getJdbcSQLException(DbException.java:344)
	at org.h2.message.DbException.getSyntaxError(DbException.java:204)
	at org.h2.command.Parser.getSyntaxError(Parser.java:524)
	at org.h2.command.Parser.readTerm(Parser.java:2688)
	at org.h2.command.Parser.readFactor(Parser.java:2244)
	at org.h2.command.Parser.readSum(Parser.java:2231)
	at org.h2.command.Parser.readConcat(Parser.java:2201)
	at org.h2.command.Parser.readCondition(Parser.java:2051)
	at org.h2.command.Parser.readAnd(Parser.java:2023)
	at org.h2.command.Parser.readExpression(Parser.java:2015)
	at org.h2.command.Parser.parseEndOfQuery(Parser.java:1726)
	at org.h2.command.Parser.parseSelectUnionExtension(Parser.java:1706)
	at org.h2.command.Parser.parseSelectUnion(Parser.java:1675)
	at org.h2.command.Parser.parseSelect(Parser.java:1662)
	at org.h2.command.Parser.parsePrepared(Parser.java:434)
	at org.h2.command.Parser.parse(Parser.java:306)
	at org.h2.command.Parser.parse(Parser.java:282)
	at org.h2.command.Parser.prepareCommand(Parser.java:243)
	at org.h2.engine.Session.prepareLocal(Session.java:442)
	at org.h2.engine.Session.prepareCommand(Session.java:384)
	at org.h2.jdbc.JdbcConnection.prepareCommand(JdbcConnection.java:1188)
	at org.h2.jdbc.JdbcPreparedStatement.&lt;init&gt;(JdbcPreparedStatement.java:73)
	at org.h2.jdbc.JdbcConnection.prepareStatement(JdbcConnection.java:276)
	at sun.reflect.GeneratedMethodAccessor6.invoke(Unknown Source)
	at sun.reflect.DelegatingMethodAccessorImpl.invoke(DelegatingMethodAccessorImpl.java:43)
	at java.lang.reflect.Method.invoke(Method.java:498)
	at org.apache.ibatis.datasource.pooled.PooledConnection.invoke(PooledConnection.java:245)
	at com.sun.proxy.$Proxy12.prepareStatement(Unknown Source)
	at sun.reflect.GeneratedMethodAccessor6.invoke(Unknown Source)
	at sun.reflect.DelegatingMethodAccessorImpl.invoke(DelegatingMethodAccessorImpl.java:43)
	at java.lang.reflect.Method.invoke(Method.java:498)
	at org.apache.ibatis.logging.jdbc.ConnectionLogger.invoke(ConnectionLogger.java:55)
	at com.sun.proxy.$Proxy12.prepareStatement(Unknown Source)
	at org.apache.ibatis.executor.statement.PreparedStatementHandler.instantiateStatement(PreparedStatementHandler.java:79)
	at org.apache.ibatis.executor.statement.BaseStatementHandler.prepare(BaseStatementHandler.java:88)
	at org.apache.ibatis.executor.statement.RoutingStatementHandler.prepare(RoutingStatementHandler.java:58)
	at org.apache.ibatis.executor.SimpleExecutor.prepareStatement(SimpleExecutor.java:76)
	at org.apache.ibatis.executor.SimpleExecutor.doQuery(SimpleExecutor.java:61)
	at org.apache.ibatis.executor.BaseExecutor.queryFromDatabase(BaseExecutor.java:303)
	at org.apache.ibatis.executor.BaseExecutor.query(BaseExecutor.java:154)
	at org.apache.ibatis.executor.CachingExecutor.query(CachingExecutor.java:102)
	at org.apache.ibatis.executor.CachingExecutor.query(CachingExecutor.java:82)
	at org.apache.ibatis.session.defaults.DefaultSqlSession.selectList(DefaultSqlSession.java:120)
	... 45 more
10:46:50,139 [main] DEBUG org.activiti.engine.impl.cfg.standalone.StandaloneMybatisTransactionContext  - firing event rolling back...
10:46:50,139 [main] DEBUG org.activiti.engine.impl.cfg.standalone.StandaloneMybatisTransactionContext  - rolling back ibatis sql session...
10:46:50,140 [main] DEBUG org.activiti.engine.impl.cfg.standalone.StandaloneMybatisTransactionContext  - firing event rolled back...
10:46:50,140 [main] DEBUG org.apache.ibatis.transaction.jdbc.JdbcTransaction  - Resetting autocommit to true on JDBC Connection [conn6: url=jdbc:h2:mem:activiti user=SA]
10:46:50,140 [main] DEBUG org.apache.ibatis.transaction.jdbc.JdbcTransaction  - Closing JDBC Connection [conn6: url=jdbc:h2:mem:activiti user=SA]
10:46:50,140 [main] DEBUG org.apache.ibatis.datasource.pooled.PooledDataSource  - Returned connection 486346394 to pool.
10:46:50,140 [main] DEBUG org.activiti.engine.impl.interceptor.LogInterceptor  - --- JobQueryImpl finished --------------------------------------------------------
10:46:50,140 [main] DEBUG org.activiti.engine.impl.interceptor.LogInterceptor  - 

10:46:50,628 [Thread-45] DEBUG org.activiti.engine.impl.asyncexecutor.AcquireAsyncJobsDueRunnable  - async job acquisition thread woke up
10:46:50,628 [Thread-45] DEBUG org.activiti.engine.impl.interceptor.LogInterceptor  - 

10:46:50,628 [Thread-45] DEBUG org.activiti.engine.impl.interceptor.LogInterceptor  - --- starting AcquireAsyncJobsDueCmd --------------------------------------------------------
10:46:50,628 [Thread-45] DEBUG org.apache.ibatis.transaction.jdbc.JdbcTransaction  - Opening JDBC Connection
10:46:50,628 [Thread-45] DEBUG org.apache.ibatis.datasource.pooled.PooledDataSource  - Checked out connection 297240765 from pool.
10:46:50,628 [Thread-45] DEBUG org.apache.ibatis.transaction.jdbc.JdbcTransaction  - Setting autocommit to false on JDBC Connection [conn4: url=jdbc:h2:mem:activiti user=SA]
10:46:50,628 [Thread-45] DEBUG org.activiti.engine.impl.persistence.entity.JobEntity.selectAsyncJobsDueToExecute  - ==&gt;  Preparing: select RES.* from ACT_RU_JOB RES LEFT OUTER JOIN ACT_RU_EXECUTION PI ON PI.ID_ = RES.PROCESS_INSTANCE_ID_ where RES.RETRIES_ &gt; 0 and RES.DUEDATE_ is not null and RES.DUEDATE_ &lt;= ? and (RES.LOCK_EXP_TIME_ is null or RES.LOCK_EXP_TIME_ &lt;= ?) and TYPE_ = &apos;message&apos; and ( (RES.EXECUTION_ID_ is null) or (PI.SUSPENSION_STATE_ = 1) ) LIMIT ? OFFSET ? 
10:46:50,628 [Thread-45] DEBUG org.activiti.engine.impl.persistence.entity.JobEntity.selectAsyncJobsDueToExecute  - ==&gt; Parameters: 2023-03-20 10:46:46.742(Timestamp), 2023-03-20 10:46:46.742(Timestamp), 1(Integer), 0(Integer)
10:46:50,628 [Thread-45] DEBUG org.activiti.engine.impl.persistence.entity.JobEntity.selectAsyncJobsDueToExecute  - &lt;==      Total: 0
10:46:50,628 [Thread-45] DEBUG org.activiti.engine.impl.db.DbSqlSession  - flush summary: 0 insert, 0 update, 0 delete.
10:46:50,628 [Thread-45] DEBUG org.activiti.engine.impl.db.DbSqlSession  - now executing flush...
10:46:50,628 [Thread-45] DEBUG org.activiti.engine.impl.cfg.standalone.StandaloneMybatisTransactionContext  - firing event committing...
10:46:50,628 [Thread-45] DEBUG org.activiti.engine.impl.cfg.standalone.StandaloneMybatisTransactionContext  - committing the ibatis sql session...
10:46:50,628 [Thread-45] DEBUG org.activiti.engine.impl.cfg.standalone.StandaloneMybatisTransactionContext  - firing event committed...
10:46:50,628 [Thread-45] DEBUG org.apache.ibatis.transaction.jdbc.JdbcTransaction  - Resetting autocommit to true on JDBC Connection [conn4: url=jdbc:h2:mem:activiti user=SA]
10:46:50,628 [Thread-45] DEBUG org.apache.ibatis.transaction.jdbc.JdbcTransaction  - Closing JDBC Connection [conn4: url=jdbc:h2:mem:activiti user=SA]
10:46:50,628 [Thread-45] DEBUG org.apache.ibatis.datasource.pooled.PooledDataSource  - Returned connection 297240765 to pool.
10:46:50,628 [Thread-45] DEBUG org.activiti.engine.impl.interceptor.LogInterceptor  - --- AcquireAsyncJobsDueCmd finished --------------------------------------------------------
10:46:50,628 [Thread-45] DEBUG org.activiti.engine.impl.interceptor.LogInterceptor  - 

10:46:50,628 [Thread-45] DEBUG org.activiti.engine.impl.asyncexecutor.AcquireAsyncJobsDueRunnable  - async job acquisition thread sleeping for 1000 millis
10:46:50,644 [main] DEBUG org.activiti.engine.impl.interceptor.LogInterceptor  - 

10:46:50,644 [main] DEBUG org.activiti.engine.impl.interceptor.LogInterceptor  - --- starting JobQueryImpl --------------------------------------------------------
10:46:50,644 [main] DEBUG org.apache.ibatis.transaction.jdbc.JdbcTransaction  - Opening JDBC Connection
10:46:50,644 [main] DEBUG org.apache.ibatis.datasource.pooled.PooledDataSource  - Checked out connection 180014677 from pool.
10:46:50,644 [main] DEBUG org.apache.ibatis.transaction.jdbc.JdbcTransaction  - Setting autocommit to false on JDBC Connection [conn3: url=jdbc:h2:mem:activiti user=SA]
10:46:50,644 [main] DEBUG org.activiti.engine.impl.persistence.entity.JobEntity.selectJobByQueryCriteria  - ==&gt;  Preparing: select RES.* from ACT_RU_JOB RES order by order by RES.ID_ asc LIMIT ? OFFSET ? 
10:46:50,644 [main] DEBUG org.activiti.engine.impl.interceptor.CommandContext  - Error while closing command context
org.apache.ibatis.exceptions.PersistenceException: 
### Error querying database.  Cause: org.h2.jdbc.JdbcSQLException: Syntax error in SQL statement &quot;SELECT RES.* 
     
    FROM ACT_RU_JOB RES
     
      
   
     ORDER BY  ORDER[*] BY RES.ID_ ASC  
    LIMIT ? OFFSET ? &quot;; expected &quot;=, NOT, EXISTS, INTERSECTS, SELECT, FROM&quot;; SQL statement:
select RES.* 
     
    from ACT_RU_JOB RES
     
      
   
     order by  order by RES.ID_ asc  
    LIMIT ? OFFSET ? [42001-176]
### The error may exist in org/activiti/db/mapping/entity/Job.xml
### The error may involve org.activiti.engine.impl.persistence.entity.JobEntity.selectJobByQueryCriteria
### The error occurred while executing a query
### SQL: select RES.*            from ACT_RU_JOB RES                       order by  order by RES.ID_ asc       LIMIT ? OFFSET ?
### Cause: org.h2.jdbc.JdbcSQLException: Syntax error in SQL statement &quot;SELECT RES.* 
     
    FROM ACT_RU_JOB RES
     
      
   
     ORDER BY  ORDER[*] BY RES.ID_ ASC  
    LIMIT ? OFFSET ? &quot;; expected &quot;=, NOT, EXISTS, INTERSECTS, SELECT, FROM&quot;; SQL statement:
select RES.* 
     
    from ACT_RU_JOB RES
     
      
   
     order by  order by RES.ID_ asc  
    LIMIT ? OFFSET ? [42001-176]
	at org.apache.ibatis.exceptions.ExceptionFactory.wrapException(ExceptionFactory.java:30)
	at org.apache.ibatis.session.defaults.DefaultSqlSession.selectList(DefaultSqlSession.java:122)
	at org.apache.ibatis.session.defaults.DefaultSqlSession.selectList(DefaultSqlSession.java:113)
	at org.activiti.engine.impl.db.DbSqlSession.selectListWithRawParameter(DbSqlSession.java:438)
	at org.activiti.engine.impl.db.DbSqlSession.selectList(DbSqlSession.java:429)
	at org.activiti.engine.impl.db.DbSqlSession.selectList(DbSqlSession.java:419)
	at org.activiti.engine.impl.persistence.entity.JobEntityManager.findJobsByQueryCriteria(JobEntityManager.java:198)
	at org.activiti.engine.impl.JobQueryImpl.executeList(JobQueryImpl.java:243)
	at org.activiti.engine.impl.AbstractQuery.execute(AbstractQuery.java:164)
	at org.activiti.engine.impl.interceptor.CommandInvoker.execute(CommandInvoker.java:24)
	at org.activiti.engine.impl.interceptor.CommandContextInterceptor.execute(CommandContextInterceptor.java:57)
	at org.activiti.engine.impl.interceptor.LogInterceptor.execute(LogInterceptor.java:37)
	at org.activiti.engine.impl.cfg.CommandExecutorImpl.execute(CommandExecutorImpl.java:40)
	at org.activiti.engine.impl.cfg.CommandExecutorImpl.execute(CommandExecutorImpl.java:35)
	at org.activiti.engine.impl.AbstractQuery.list(AbstractQuery.java:138)
	at org.activiti.engine.impl.test.JobTestHelper.areJobsAvailable(JobTestHelper.java:194)
	at org.activiti.engine.impl.test.JobTestHelper.waitForJobExecutorToProcessAllJobs(JobTestHelper.java:74)
	at org.activiti.engine.impl.test.JobTestHelper.waitForJobExecutorToProcessAllJobs(JobTestHelper.java:47)
	at org.activiti.engine.impl.test.AbstractActivitiTestCase.waitForJobExecutorToProcessAllJobs(AbstractActivitiTestCase.java:204)
	at org.activiti.engine.test.bpmn.servicetask.ServiceTaskVariablesTest.testSerializedVariablesThirdAsync(ServiceTaskVariablesTest.java:94)
	at sun.reflect.NativeMethodAccessorImpl.invoke0(Native Method)
	at sun.reflect.NativeMethodAccessorImpl.invoke(NativeMethodAccessorImpl.java:62)
	at sun.reflect.DelegatingMethodAccessorImpl.invoke(DelegatingMethodAccessorImpl.java:43)
	at java.lang.reflect.Method.invoke(Method.java:498)
	at junit.framework.TestCase.runTest(TestCase.java:176)
	at org.activiti.engine.impl.test.PvmTestCase.runTest(PvmTestCase.java:65)
	at junit.framework.TestCase.runBare(TestCase.java:141)
	at org.activiti.engine.impl.test.AbstractActivitiTestCase.runBare(AbstractActivitiTestCase.java:100)
	at junit.framework.TestResult$1.protect(TestResult.java:122)
	at junit.framework.TestResult.runProtected(TestResult.java:142)
	at junit.framework.TestResult.run(TestResult.java:125)
	at junit.framework.TestCase.run(TestCase.java:129)
	at junit.framework.TestSuite.runTest(TestSuite.java:255)
	at junit.framework.TestSuite.run(TestSuite.java:250)
	at org.junit.internal.runners.JUnit38ClassRunner.run(JUnit38ClassRunner.java:84)
	at org.apache.maven.surefire.junit4.JUnit4TestSet.execute(JUnit4TestSet.java:35)
	at org.apache.maven.surefire.junit4.JUnit4Provider.executeTestSet(JUnit4Provider.java:146)
	at org.apache.maven.surefire.junit4.JUnit4Provider.invoke(JUnit4Provider.java:97)
	at sun.reflect.NativeMethodAccessorImpl.invoke0(Native Method)
	at sun.reflect.NativeMethodAccessorImpl.invoke(NativeMethodAccessorImpl.java:62)
	at sun.reflect.DelegatingMethodAccessorImpl.invoke(DelegatingMethodAccessorImpl.java:43)
	at java.lang.reflect.Method.invoke(Method.java:498)
	at org.apache.maven.surefire.booter.ProviderFactory$ClassLoaderProxy.invoke(ProviderFactory.java:103)
	at com.sun.proxy.$Proxy0.invoke(Unknown Source)
	at org.apache.maven.surefire.booter.SurefireStarter.invokeProvider(SurefireStarter.java:145)
	at org.apache.maven.surefire.booter.SurefireStarter.runSuitesInProcess(SurefireStarter.java:87)
	at org.apache.maven.surefire.booter.ForkedBooter.main(ForkedBooter.java:69)
Caused by: org.h2.jdbc.JdbcSQLException: Syntax error in SQL statement &quot;SELECT RES.* 
     
    FROM ACT_RU_JOB RES
     
      
   
     ORDER BY  ORDER[*] BY RES.ID_ ASC  
    LIMIT ? OFFSET ? &quot;; expected &quot;=, NOT, EXISTS, INTERSECTS, SELECT, FROM&quot;; SQL statement:
select RES.* 
     
    from ACT_RU_JOB RES
     
      
   
     order by  order by RES.ID_ asc  
    LIMIT ? OFFSET ? [42001-176]
	at org.h2.message.DbException.getJdbcSQLException(DbException.java:344)
	at org.h2.message.DbException.getSyntaxError(DbException.java:204)
	at org.h2.command.Parser.getSyntaxError(Parser.java:524)
	at org.h2.command.Parser.readTerm(Parser.java:2688)
	at org.h2.command.Parser.readFactor(Parser.java:2244)
	at org.h2.command.Parser.readSum(Parser.java:2231)
	at org.h2.command.Parser.readConcat(Parser.java:2201)
	at org.h2.command.Parser.readCondition(Parser.java:2051)
	at org.h2.command.Parser.readAnd(Parser.java:2023)
	at org.h2.command.Parser.readExpression(Parser.java:2015)
	at org.h2.command.Parser.parseEndOfQuery(Parser.java:1726)
	at org.h2.command.Parser.parseSelectUnionExtension(Parser.java:1706)
	at org.h2.command.Parser.parseSelectUnion(Parser.java:1675)
	at org.h2.command.Parser.parseSelect(Parser.java:1662)
	at org.h2.command.Parser.parsePrepared(Parser.java:434)
	at org.h2.command.Parser.parse(Parser.java:306)
	at org.h2.command.Parser.parse(Parser.java:282)
	at org.h2.command.Parser.prepareCommand(Parser.java:243)
	at org.h2.engine.Session.prepareLocal(Session.java:442)
	at org.h2.engine.Session.prepareCommand(Session.java:384)
	at org.h2.jdbc.JdbcConnection.prepareCommand(JdbcConnection.java:1188)
	at org.h2.jdbc.JdbcPreparedStatement.&lt;init&gt;(JdbcPreparedStatement.java:73)
	at org.h2.jdbc.JdbcConnection.prepareStatement(JdbcConnection.java:276)
	at sun.reflect.GeneratedMethodAccessor6.invoke(Unknown Source)
	at sun.reflect.DelegatingMethodAccessorImpl.invoke(DelegatingMethodAccessorImpl.java:43)
	at java.lang.reflect.Method.invoke(Method.java:498)
	at org.apache.ibatis.datasource.pooled.PooledConnection.invoke(PooledConnection.java:245)
	at com.sun.proxy.$Proxy12.prepareStatement(Unknown Source)
	at sun.reflect.GeneratedMethodAccessor6.invoke(Unknown Source)
	at sun.reflect.DelegatingMethodAccessorImpl.invoke(DelegatingMethodAccessorImpl.java:43)
	at java.lang.reflect.Method.invoke(Method.java:498)
	at org.apache.ibatis.logging.jdbc.ConnectionLogger.invoke(ConnectionLogger.java:55)
	at com.sun.proxy.$Proxy12.prepareStatement(Unknown Source)
	at org.apache.ibatis.executor.statement.PreparedStatementHandler.instantiateStatement(PreparedStatementHandler.java:79)
	at org.apache.ibatis.executor.statement.BaseStatementHandler.prepare(BaseStatementHandler.java:88)
	at org.apache.ibatis.executor.statement.RoutingStatementHandler.prepare(RoutingStatementHandler.java:58)
	at org.apache.ibatis.executor.SimpleExecutor.prepareStatement(SimpleExecutor.java:76)
	at org.apache.ibatis.executor.SimpleExecutor.doQuery(SimpleExecutor.java:61)
	at org.apache.ibatis.executor.BaseExecutor.queryFromDatabase(BaseExecutor.java:303)
	at org.apache.ibatis.executor.BaseExecutor.query(BaseExecutor.java:154)
	at org.apache.ibatis.executor.CachingExecutor.query(CachingExecutor.java:102)
	at org.apache.ibatis.executor.CachingExecutor.query(CachingExecutor.java:82)
	at org.apache.ibatis.session.defaults.DefaultSqlSession.selectList(DefaultSqlSession.java:120)
	... 45 more
10:46:50,644 [main] DEBUG org.activiti.engine.impl.cfg.standalone.StandaloneMybatisTransactionContext  - firing event rolling back...
10:46:50,644 [main] DEBUG org.activiti.engine.impl.cfg.standalone.StandaloneMybatisTransactionContext  - rolling back ibatis sql session...
10:46:50,644 [main] DEBUG org.activiti.engine.impl.cfg.standalone.StandaloneMybatisTransactionContext  - firing event rolled back...
10:46:50,644 [main] DEBUG org.apache.ibatis.transaction.jdbc.JdbcTransaction  - Resetting autocommit to true on JDBC Connection [conn3: url=jdbc:h2:mem:activiti user=SA]
10:46:50,644 [main] DEBUG org.apache.ibatis.transaction.jdbc.JdbcTransaction  - Closing JDBC Connection [conn3: url=jdbc:h2:mem:activiti user=SA]
10:46:50,644 [main] DEBUG org.apache.ibatis.datasource.pooled.PooledDataSource  - Returned connection 180014677 to pool.
10:46:50,644 [main] DEBUG org.activiti.engine.impl.interceptor.LogInterceptor  - --- JobQueryImpl finished --------------------------------------------------------
10:46:50,644 [main] DEBUG org.activiti.engine.impl.interceptor.LogInterceptor  - 

10:46:50,691 [Thread-44] DEBUG org.activiti.engine.impl.asyncexecutor.AcquireTimerJobsRunnable  - timer job acquisition thread woke up
10:46:50,691 [Thread-44] DEBUG org.activiti.engine.impl.interceptor.LogInterceptor  - 

10:46:50,691 [Thread-44] DEBUG org.activiti.engine.impl.interceptor.LogInterceptor  - --- starting AcquireTimerJobsCmd --------------------------------------------------------
10:46:50,691 [Thread-44] DEBUG org.apache.ibatis.transaction.jdbc.JdbcTransaction  - Opening JDBC Connection
10:46:50,691 [Thread-44] DEBUG org.apache.ibatis.datasource.pooled.PooledDataSource  - Checked out connection 363509958 from pool.
10:46:50,691 [Thread-44] DEBUG org.apache.ibatis.transaction.jdbc.JdbcTransaction  - Setting autocommit to false on JDBC Connection [conn2: url=jdbc:h2:mem:activiti user=SA]
10:46:50,691 [Thread-44] DEBUG org.activiti.engine.impl.persistence.entity.JobEntity.selectNextTimerJobsToExecute  - ==&gt;  Preparing: select RES.* from ACT_RU_JOB RES LEFT OUTER JOIN ACT_RU_EXECUTION PI ON PI.ID_ = RES.PROCESS_INSTANCE_ID_ where (RES.RETRIES_ &gt; 0) and (RES.DUEDATE_ is null or RES.DUEDATE_ &lt;= ?) and (RES.LOCK_OWNER_ is null or RES.LOCK_EXP_TIME_ &lt;= ?) and TYPE_ = &apos;timer&apos; and ( (RES.EXECUTION_ID_ is null) or (PI.SUSPENSION_STATE_ = 1) ) LIMIT ? OFFSET ? 
10:46:50,691 [Thread-44] DEBUG org.activiti.engine.impl.persistence.entity.JobEntity.selectNextTimerJobsToExecute  - ==&gt; Parameters: 2023-03-20 10:46:46.742(Timestamp), 2023-03-20 10:46:46.742(Timestamp), 1(Integer), 0(Integer)
10:46:50,691 [Thread-44] DEBUG org.activiti.engine.impl.persistence.entity.JobEntity.selectNextTimerJobsToExecute  - &lt;==      Total: 0
10:46:50,691 [Thread-44] DEBUG org.activiti.engine.impl.db.DbSqlSession  - flush summary: 0 insert, 0 update, 0 delete.
10:46:50,691 [Thread-44] DEBUG org.activiti.engine.impl.db.DbSqlSession  - now executing flush...
10:46:50,691 [Thread-44] DEBUG org.activiti.engine.impl.cfg.standalone.StandaloneMybatisTransactionContext  - firing event committing...
10:46:50,691 [Thread-44] DEBUG org.activiti.engine.impl.cfg.standalone.StandaloneMybatisTransactionContext  - committing the ibatis sql session...
10:46:50,691 [Thread-44] DEBUG org.activiti.engine.impl.cfg.standalone.StandaloneMybatisTransactionContext  - firing event committed...
10:46:50,691 [Thread-44] DEBUG org.apache.ibatis.transaction.jdbc.JdbcTransaction  - Resetting autocommit to true on JDBC Connection [conn2: url=jdbc:h2:mem:activiti user=SA]
10:46:50,691 [Thread-44] DEBUG org.apache.ibatis.transaction.jdbc.JdbcTransaction  - Closing JDBC Connection [conn2: url=jdbc:h2:mem:activiti user=SA]
10:46:50,691 [Thread-44] DEBUG org.apache.ibatis.datasource.pooled.PooledDataSource  - Returned connection 363509958 to pool.
10:46:50,691 [Thread-44] DEBUG org.activiti.engine.impl.interceptor.LogInterceptor  - --- AcquireTimerJobsCmd finished --------------------------------------------------------
10:46:50,691 [Thread-44] DEBUG org.activiti.engine.impl.interceptor.LogInterceptor  - 

10:46:50,691 [Thread-44] DEBUG org.activiti.engine.impl.asyncexecutor.AcquireTimerJobsRunnable  - timer job acquisition thread sleeping for 1000 millis
10:46:51,148 [main] DEBUG org.activiti.engine.impl.interceptor.LogInterceptor  - 

10:46:51,148 [main] DEBUG org.activiti.engine.impl.interceptor.LogInterceptor  - --- starting JobQueryImpl --------------------------------------------------------
10:46:51,148 [main] DEBUG org.apache.ibatis.transaction.jdbc.JdbcTransaction  - Opening JDBC Connection
10:46:51,148 [main] DEBUG org.apache.ibatis.datasource.pooled.PooledDataSource  - Checked out connection 486346394 from pool.
10:46:51,148 [main] DEBUG org.apache.ibatis.transaction.jdbc.JdbcTransaction  - Setting autocommit to false on JDBC Connection [conn6: url=jdbc:h2:mem:activiti user=SA]
10:46:51,148 [main] DEBUG org.activiti.engine.impl.persistence.entity.JobEntity.selectJobByQueryCriteria  - ==&gt;  Preparing: select RES.* from ACT_RU_JOB RES order by order by RES.ID_ asc LIMIT ? OFFSET ? 
10:46:51,148 [main] DEBUG org.activiti.engine.impl.interceptor.CommandContext  - Error while closing command context
org.apache.ibatis.exceptions.PersistenceException: 
### Error querying database.  Cause: org.h2.jdbc.JdbcSQLException: Syntax error in SQL statement &quot;SELECT RES.* 
     
    FROM ACT_RU_JOB RES
     
      
   
     ORDER BY  ORDER[*] BY RES.ID_ ASC  
    LIMIT ? OFFSET ? &quot;; expected &quot;=, NOT, EXISTS, INTERSECTS, SELECT, FROM&quot;; SQL statement:
select RES.* 
     
    from ACT_RU_JOB RES
     
      
   
     order by  order by RES.ID_ asc  
    LIMIT ? OFFSET ? [42001-176]
### The error may exist in org/activiti/db/mapping/entity/Job.xml
### The error may involve org.activiti.engine.impl.persistence.entity.JobEntity.selectJobByQueryCriteria
### The error occurred while executing a query
### SQL: select RES.*            from ACT_RU_JOB RES                       order by  order by RES.ID_ asc       LIMIT ? OFFSET ?
### Cause: org.h2.jdbc.JdbcSQLException: Syntax error in SQL statement &quot;SELECT RES.* 
     
    FROM ACT_RU_JOB RES
     
      
   
     ORDER BY  ORDER[*] BY RES.ID_ ASC  
    LIMIT ? OFFSET ? &quot;; expected &quot;=, NOT, EXISTS, INTERSECTS, SELECT, FROM&quot;; SQL statement:
select RES.* 
     
    from ACT_RU_JOB RES
     
      
   
     order by  order by RES.ID_ asc  
    LIMIT ? OFFSET ? [42001-176]
	at org.apache.ibatis.exceptions.ExceptionFactory.wrapException(ExceptionFactory.java:30)
	at org.apache.ibatis.session.defaults.DefaultSqlSession.selectList(DefaultSqlSession.java:122)
	at org.apache.ibatis.session.defaults.DefaultSqlSession.selectList(DefaultSqlSession.java:113)
	at org.activiti.engine.impl.db.DbSqlSession.selectListWithRawParameter(DbSqlSession.java:438)
	at org.activiti.engine.impl.db.DbSqlSession.selectList(DbSqlSession.java:429)
	at org.activiti.engine.impl.db.DbSqlSession.selectList(DbSqlSession.java:419)
	at org.activiti.engine.impl.persistence.entity.JobEntityManager.findJobsByQueryCriteria(JobEntityManager.java:198)
	at org.activiti.engine.impl.JobQueryImpl.executeList(JobQueryImpl.java:243)
	at org.activiti.engine.impl.AbstractQuery.execute(AbstractQuery.java:164)
	at org.activiti.engine.impl.interceptor.CommandInvoker.execute(CommandInvoker.java:24)
	at org.activiti.engine.impl.interceptor.CommandContextInterceptor.execute(CommandContextInterceptor.java:57)
	at org.activiti.engine.impl.interceptor.LogInterceptor.execute(LogInterceptor.java:37)
	at org.activiti.engine.impl.cfg.CommandExecutorImpl.execute(CommandExecutorImpl.java:40)
	at org.activiti.engine.impl.cfg.CommandExecutorImpl.execute(CommandExecutorImpl.java:35)
	at org.activiti.engine.impl.AbstractQuery.list(AbstractQuery.java:138)
	at org.activiti.engine.impl.test.JobTestHelper.areJobsAvailable(JobTestHelper.java:194)
	at org.activiti.engine.impl.test.JobTestHelper.waitForJobExecutorToProcessAllJobs(JobTestHelper.java:74)
	at org.activiti.engine.impl.test.JobTestHelper.waitForJobExecutorToProcessAllJobs(JobTestHelper.java:47)
	at org.activiti.engine.impl.test.AbstractActivitiTestCase.waitForJobExecutorToProcessAllJobs(AbstractActivitiTestCase.java:204)
	at org.activiti.engine.test.bpmn.servicetask.ServiceTaskVariablesTest.testSerializedVariablesThirdAsync(ServiceTaskVariablesTest.java:94)
	at sun.reflect.NativeMethodAccessorImpl.invoke0(Native Method)
	at sun.reflect.NativeMethodAccessorImpl.invoke(NativeMethodAccessorImpl.java:62)
	at sun.reflect.DelegatingMethodAccessorImpl.invoke(DelegatingMethodAccessorImpl.java:43)
	at java.lang.reflect.Method.invoke(Method.java:498)
	at junit.framework.TestCase.runTest(TestCase.java:176)
	at org.activiti.engine.impl.test.PvmTestCase.runTest(PvmTestCase.java:65)
	at junit.framework.TestCase.runBare(TestCase.java:141)
	at org.activiti.engine.impl.test.AbstractActivitiTestCase.runBare(AbstractActivitiTestCase.java:100)
	at junit.framework.TestResult$1.protect(TestResult.java:122)
	at junit.framework.TestResult.runProtected(TestResult.java:142)
	at junit.framework.TestResult.run(TestResult.java:125)
	at junit.framework.TestCase.run(TestCase.java:129)
	at junit.framework.TestSuite.runTest(TestSuite.java:255)
	at junit.framework.TestSuite.run(TestSuite.java:250)
	at org.junit.internal.runners.JUnit38ClassRunner.run(JUnit38ClassRunner.java:84)
	at org.apache.maven.surefire.junit4.JUnit4TestSet.execute(JUnit4TestSet.java:35)
	at org.apache.maven.surefire.junit4.JUnit4Provider.executeTestSet(JUnit4Provider.java:146)
	at org.apache.maven.surefire.junit4.JUnit4Provider.invoke(JUnit4Provider.java:97)
	at sun.reflect.NativeMethodAccessorImpl.invoke0(Native Method)
	at sun.reflect.NativeMethodAccessorImpl.invoke(NativeMethodAccessorImpl.java:62)
	at sun.reflect.DelegatingMethodAccessorImpl.invoke(DelegatingMethodAccessorImpl.java:43)
	at java.lang.reflect.Method.invoke(Method.java:498)
	at org.apache.maven.surefire.booter.ProviderFactory$ClassLoaderProxy.invoke(ProviderFactory.java:103)
	at com.sun.proxy.$Proxy0.invoke(Unknown Source)
	at org.apache.maven.surefire.booter.SurefireStarter.invokeProvider(SurefireStarter.java:145)
	at org.apache.maven.surefire.booter.SurefireStarter.runSuitesInProcess(SurefireStarter.java:87)
	at org.apache.maven.surefire.booter.ForkedBooter.main(ForkedBooter.java:69)
Caused by: org.h2.jdbc.JdbcSQLException: Syntax error in SQL statement &quot;SELECT RES.* 
     
    FROM ACT_RU_JOB RES
     
      
   
     ORDER BY  ORDER[*] BY RES.ID_ ASC  
    LIMIT ? OFFSET ? &quot;; expected &quot;=, NOT, EXISTS, INTERSECTS, SELECT, FROM&quot;; SQL statement:
select RES.* 
     
    from ACT_RU_JOB RES
     
      
   
     order by  order by RES.ID_ asc  
    LIMIT ? OFFSET ? [42001-176]
	at org.h2.message.DbException.getJdbcSQLException(DbException.java:344)
	at org.h2.message.DbException.getSyntaxError(DbException.java:204)
	at org.h2.command.Parser.getSyntaxError(Parser.java:524)
	at org.h2.command.Parser.readTerm(Parser.java:2688)
	at org.h2.command.Parser.readFactor(Parser.java:2244)
	at org.h2.command.Parser.readSum(Parser.java:2231)
	at org.h2.command.Parser.readConcat(Parser.java:2201)
	at org.h2.command.Parser.readCondition(Parser.java:2051)
	at org.h2.command.Parser.readAnd(Parser.java:2023)
	at org.h2.command.Parser.readExpression(Parser.java:2015)
	at org.h2.command.Parser.parseEndOfQuery(Parser.java:1726)
	at org.h2.command.Parser.parseSelectUnionExtension(Parser.java:1706)
	at org.h2.command.Parser.parseSelectUnion(Parser.java:1675)
	at org.h2.command.Parser.parseSelect(Parser.java:1662)
	at org.h2.command.Parser.parsePrepared(Parser.java:434)
	at org.h2.command.Parser.parse(Parser.java:306)
	at org.h2.command.Parser.parse(Parser.java:282)
	at org.h2.command.Parser.prepareCommand(Parser.java:243)
	at org.h2.engine.Session.prepareLocal(Session.java:442)
	at org.h2.engine.Session.prepareCommand(Session.java:384)
	at org.h2.jdbc.JdbcConnection.prepareCommand(JdbcConnection.java:1188)
	at org.h2.jdbc.JdbcPreparedStatement.&lt;init&gt;(JdbcPreparedStatement.java:73)
	at org.h2.jdbc.JdbcConnection.prepareStatement(JdbcConnection.java:276)
	at sun.reflect.GeneratedMethodAccessor6.invoke(Unknown Source)
	at sun.reflect.DelegatingMethodAccessorImpl.invoke(DelegatingMethodAccessorImpl.java:43)
	at java.lang.reflect.Method.invoke(Method.java:498)
	at org.apache.ibatis.datasource.pooled.PooledConnection.invoke(PooledConnection.java:245)
	at com.sun.proxy.$Proxy12.prepareStatement(Unknown Source)
	at sun.reflect.GeneratedMethodAccessor6.invoke(Unknown Source)
	at sun.reflect.DelegatingMethodAccessorImpl.invoke(DelegatingMethodAccessorImpl.java:43)
	at java.lang.reflect.Method.invoke(Method.java:498)
	at org.apache.ibatis.logging.jdbc.ConnectionLogger.invoke(ConnectionLogger.java:55)
	at com.sun.proxy.$Proxy12.prepareStatement(Unknown Source)
	at org.apache.ibatis.executor.statement.PreparedStatementHandler.instantiateStatement(PreparedStatementHandler.java:79)
	at org.apache.ibatis.executor.statement.BaseStatementHandler.prepare(BaseStatementHandler.java:88)
	at org.apache.ibatis.executor.statement.RoutingStatementHandler.prepare(RoutingStatementHandler.java:58)
	at org.apache.ibatis.executor.SimpleExecutor.prepareStatement(SimpleExecutor.java:76)
	at org.apache.ibatis.executor.SimpleExecutor.doQuery(SimpleExecutor.java:61)
	at org.apache.ibatis.executor.BaseExecutor.queryFromDatabase(BaseExecutor.java:303)
	at org.apache.ibatis.executor.BaseExecutor.query(BaseExecutor.java:154)
	at org.apache.ibatis.executor.CachingExecutor.query(CachingExecutor.java:102)
	at org.apache.ibatis.executor.CachingExecutor.query(CachingExecutor.java:82)
	at org.apache.ibatis.session.defaults.DefaultSqlSession.selectList(DefaultSqlSession.java:120)
	... 45 more
10:46:51,148 [main] DEBUG org.activiti.engine.impl.cfg.standalone.StandaloneMybatisTransactionContext  - firing event rolling back...
10:46:51,148 [main] DEBUG org.activiti.engine.impl.cfg.standalone.StandaloneMybatisTransactionContext  - rolling back ibatis sql session...
10:46:51,148 [main] DEBUG org.activiti.engine.impl.cfg.standalone.StandaloneMybatisTransactionContext  - firing event rolled back...
10:46:51,148 [main] DEBUG org.apache.ibatis.transaction.jdbc.JdbcTransaction  - Resetting autocommit to true on JDBC Connection [conn6: url=jdbc:h2:mem:activiti user=SA]
10:46:51,148 [main] DEBUG org.apache.ibatis.transaction.jdbc.JdbcTransaction  - Closing JDBC Connection [conn6: url=jdbc:h2:mem:activiti user=SA]
10:46:51,148 [main] DEBUG org.apache.ibatis.datasource.pooled.PooledDataSource  - Returned connection 486346394 to pool.
10:46:51,148 [main] DEBUG org.activiti.engine.impl.interceptor.LogInterceptor  - --- JobQueryImpl finished --------------------------------------------------------
10:46:51,148 [main] DEBUG org.activiti.engine.impl.interceptor.LogInterceptor  - 

10:46:51,634 [Thread-45] DEBUG org.activiti.engine.impl.asyncexecutor.AcquireAsyncJobsDueRunnable  - async job acquisition thread woke up
10:46:51,634 [Thread-45] DEBUG org.activiti.engine.impl.interceptor.LogInterceptor  - 

10:46:51,634 [Thread-45] DEBUG org.activiti.engine.impl.interceptor.LogInterceptor  - --- starting AcquireAsyncJobsDueCmd --------------------------------------------------------
10:46:51,634 [Thread-45] DEBUG org.apache.ibatis.transaction.jdbc.JdbcTransaction  - Opening JDBC Connection
10:46:51,634 [Thread-45] DEBUG org.apache.ibatis.datasource.pooled.PooledDataSource  - Checked out connection 297240765 from pool.
10:46:51,634 [Thread-45] DEBUG org.apache.ibatis.transaction.jdbc.JdbcTransaction  - Setting autocommit to false on JDBC Connection [conn4: url=jdbc:h2:mem:activiti user=SA]
10:46:51,634 [Thread-45] DEBUG org.activiti.engine.impl.persistence.entity.JobEntity.selectAsyncJobsDueToExecute  - ==&gt;  Preparing: select RES.* from ACT_RU_JOB RES LEFT OUTER JOIN ACT_RU_EXECUTION PI ON PI.ID_ = RES.PROCESS_INSTANCE_ID_ where RES.RETRIES_ &gt; 0 and RES.DUEDATE_ is not null and RES.DUEDATE_ &lt;= ? and (RES.LOCK_EXP_TIME_ is null or RES.LOCK_EXP_TIME_ &lt;= ?) and TYPE_ = &apos;message&apos; and ( (RES.EXECUTION_ID_ is null) or (PI.SUSPENSION_STATE_ = 1) ) LIMIT ? OFFSET ? 
10:46:51,634 [Thread-45] DEBUG org.activiti.engine.impl.persistence.entity.JobEntity.selectAsyncJobsDueToExecute  - ==&gt; Parameters: 2023-03-20 10:46:46.742(Timestamp), 2023-03-20 10:46:46.742(Timestamp), 1(Integer), 0(Integer)
10:46:51,634 [Thread-45] DEBUG org.activiti.engine.impl.persistence.entity.JobEntity.selectAsyncJobsDueToExecute  - &lt;==      Total: 0
10:46:51,634 [Thread-45] DEBUG org.activiti.engine.impl.db.DbSqlSession  - flush summary: 0 insert, 0 update, 0 delete.
10:46:51,634 [Thread-45] DEBUG org.activiti.engine.impl.db.DbSqlSession  - now executing flush...
10:46:51,634 [Thread-45] DEBUG org.activiti.engine.impl.cfg.standalone.StandaloneMybatisTransactionContext  - firing event committing...
10:46:51,634 [Thread-45] DEBUG org.activiti.engine.impl.cfg.standalone.StandaloneMybatisTransactionContext  - committing the ibatis sql session...
10:46:51,634 [Thread-45] DEBUG org.activiti.engine.impl.cfg.standalone.StandaloneMybatisTransactionContext  - firing event committed...
10:46:51,634 [Thread-45] DEBUG org.apache.ibatis.transaction.jdbc.JdbcTransaction  - Resetting autocommit to true on JDBC Connection [conn4: url=jdbc:h2:mem:activiti user=SA]
10:46:51,634 [Thread-45] DEBUG org.apache.ibatis.transaction.jdbc.JdbcTransaction  - Closing JDBC Connection [conn4: url=jdbc:h2:mem:activiti user=SA]
10:46:51,634 [Thread-45] DEBUG org.apache.ibatis.datasource.pooled.PooledDataSource  - Returned connection 297240765 to pool.
10:46:51,634 [Thread-45] DEBUG org.activiti.engine.impl.interceptor.LogInterceptor  - --- AcquireAsyncJobsDueCmd finished --------------------------------------------------------
10:46:51,634 [Thread-45] DEBUG org.activiti.engine.impl.interceptor.LogInterceptor  - 

10:46:51,634 [Thread-45] DEBUG org.activiti.engine.impl.asyncexecutor.AcquireAsyncJobsDueRunnable  - async job acquisition thread sleeping for 1000 millis
10:46:51,651 [main] DEBUG org.activiti.engine.impl.interceptor.LogInterceptor  - 

10:46:51,651 [main] DEBUG org.activiti.engine.impl.interceptor.LogInterceptor  - --- starting JobQueryImpl --------------------------------------------------------
10:46:51,651 [main] DEBUG org.apache.ibatis.transaction.jdbc.JdbcTransaction  - Opening JDBC Connection
10:46:51,651 [main] DEBUG org.apache.ibatis.datasource.pooled.PooledDataSource  - Checked out connection 180014677 from pool.
10:46:51,651 [main] DEBUG org.apache.ibatis.transaction.jdbc.JdbcTransaction  - Setting autocommit to false on JDBC Connection [conn3: url=jdbc:h2:mem:activiti user=SA]
10:46:51,651 [main] DEBUG org.activiti.engine.impl.persistence.entity.JobEntity.selectJobByQueryCriteria  - ==&gt;  Preparing: select RES.* from ACT_RU_JOB RES order by order by RES.ID_ asc LIMIT ? OFFSET ? 
10:46:51,651 [main] DEBUG org.activiti.engine.impl.interceptor.CommandContext  - Error while closing command context
org.apache.ibatis.exceptions.PersistenceException: 
### Error querying database.  Cause: org.h2.jdbc.JdbcSQLException: Syntax error in SQL statement &quot;SELECT RES.* 
     
    FROM ACT_RU_JOB RES
     
      
   
     ORDER BY  ORDER[*] BY RES.ID_ ASC  
    LIMIT ? OFFSET ? &quot;; expected &quot;=, NOT, EXISTS, INTERSECTS, SELECT, FROM&quot;; SQL statement:
select RES.* 
     
    from ACT_RU_JOB RES
     
      
   
     order by  order by RES.ID_ asc  
    LIMIT ? OFFSET ? [42001-176]
### The error may exist in org/activiti/db/mapping/entity/Job.xml
### The error may involve org.activiti.engine.impl.persistence.entity.JobEntity.selectJobByQueryCriteria
### The error occurred while executing a query
### SQL: select RES.*            from ACT_RU_JOB RES                       order by  order by RES.ID_ asc       LIMIT ? OFFSET ?
### Cause: org.h2.jdbc.JdbcSQLException: Syntax error in SQL statement &quot;SELECT RES.* 
     
    FROM ACT_RU_JOB RES
     
      
   
     ORDER BY  ORDER[*] BY RES.ID_ ASC  
    LIMIT ? OFFSET ? &quot;; expected &quot;=, NOT, EXISTS, INTERSECTS, SELECT, FROM&quot;; SQL statement:
select RES.* 
     
    from ACT_RU_JOB RES
     
      
   
     order by  order by RES.ID_ asc  
    LIMIT ? OFFSET ? [42001-176]
	at org.apache.ibatis.exceptions.ExceptionFactory.wrapException(ExceptionFactory.java:30)
	at org.apache.ibatis.session.defaults.DefaultSqlSession.selectList(DefaultSqlSession.java:122)
	at org.apache.ibatis.session.defaults.DefaultSqlSession.selectList(DefaultSqlSession.java:113)
	at org.activiti.engine.impl.db.DbSqlSession.selectListWithRawParameter(DbSqlSession.java:438)
	at org.activiti.engine.impl.db.DbSqlSession.selectList(DbSqlSession.java:429)
	at org.activiti.engine.impl.db.DbSqlSession.selectList(DbSqlSession.java:419)
	at org.activiti.engine.impl.persistence.entity.JobEntityManager.findJobsByQueryCriteria(JobEntityManager.java:198)
	at org.activiti.engine.impl.JobQueryImpl.executeList(JobQueryImpl.java:243)
	at org.activiti.engine.impl.AbstractQuery.execute(AbstractQuery.java:164)
	at org.activiti.engine.impl.interceptor.CommandInvoker.execute(CommandInvoker.java:24)
	at org.activiti.engine.impl.interceptor.CommandContextInterceptor.execute(CommandContextInterceptor.java:57)
	at org.activiti.engine.impl.interceptor.LogInterceptor.execute(LogInterceptor.java:37)
	at org.activiti.engine.impl.cfg.CommandExecutorImpl.execute(CommandExecutorImpl.java:40)
	at org.activiti.engine.impl.cfg.CommandExecutorImpl.execute(CommandExecutorImpl.java:35)
	at org.activiti.engine.impl.AbstractQuery.list(AbstractQuery.java:138)
	at org.activiti.engine.impl.test.JobTestHelper.areJobsAvailable(JobTestHelper.java:194)
	at org.activiti.engine.impl.test.JobTestHelper.waitForJobExecutorToProcessAllJobs(JobTestHelper.java:74)
	at org.activiti.engine.impl.test.JobTestHelper.waitForJobExecutorToProcessAllJobs(JobTestHelper.java:47)
	at org.activiti.engine.impl.test.AbstractActivitiTestCase.waitForJobExecutorToProcessAllJobs(AbstractActivitiTestCase.java:204)
	at org.activiti.engine.test.bpmn.servicetask.ServiceTaskVariablesTest.testSerializedVariablesThirdAsync(ServiceTaskVariablesTest.java:94)
	at sun.reflect.NativeMethodAccessorImpl.invoke0(Native Method)
	at sun.reflect.NativeMethodAccessorImpl.invoke(NativeMethodAccessorImpl.java:62)
	at sun.reflect.DelegatingMethodAccessorImpl.invoke(DelegatingMethodAccessorImpl.java:43)
	at java.lang.reflect.Method.invoke(Method.java:498)
	at junit.framework.TestCase.runTest(TestCase.java:176)
	at org.activiti.engine.impl.test.PvmTestCase.runTest(PvmTestCase.java:65)
	at junit.framework.TestCase.runBare(TestCase.java:141)
	at org.activiti.engine.impl.test.AbstractActivitiTestCase.runBare(AbstractActivitiTestCase.java:100)
	at junit.framework.TestResult$1.protect(TestResult.java:122)
	at junit.framework.TestResult.runProtected(TestResult.java:142)
	at junit.framework.TestResult.run(TestResult.java:125)
	at junit.framework.TestCase.run(TestCase.java:129)
	at junit.framework.TestSuite.runTest(TestSuite.java:255)
	at junit.framework.TestSuite.run(TestSuite.java:250)
	at org.junit.internal.runners.JUnit38ClassRunner.run(JUnit38ClassRunner.java:84)
	at org.apache.maven.surefire.junit4.JUnit4TestSet.execute(JUnit4TestSet.java:35)
	at org.apache.maven.surefire.junit4.JUnit4Provider.executeTestSet(JUnit4Provider.java:146)
	at org.apache.maven.surefire.junit4.JUnit4Provider.invoke(JUnit4Provider.java:97)
	at sun.reflect.NativeMethodAccessorImpl.invoke0(Native Method)
	at sun.reflect.NativeMethodAccessorImpl.invoke(NativeMethodAccessorImpl.java:62)
	at sun.reflect.DelegatingMethodAccessorImpl.invoke(DelegatingMethodAccessorImpl.java:43)
	at java.lang.reflect.Method.invoke(Method.java:498)
	at org.apache.maven.surefire.booter.ProviderFactory$ClassLoaderProxy.invoke(ProviderFactory.java:103)
	at com.sun.proxy.$Proxy0.invoke(Unknown Source)
	at org.apache.maven.surefire.booter.SurefireStarter.invokeProvider(SurefireStarter.java:145)
	at org.apache.maven.surefire.booter.SurefireStarter.runSuitesInProcess(SurefireStarter.java:87)
	at org.apache.maven.surefire.booter.ForkedBooter.main(ForkedBooter.java:69)
Caused by: org.h2.jdbc.JdbcSQLException: Syntax error in SQL statement &quot;SELECT RES.* 
     
    FROM ACT_RU_JOB RES
     
      
   
     ORDER BY  ORDER[*] BY RES.ID_ ASC  
    LIMIT ? OFFSET ? &quot;; expected &quot;=, NOT, EXISTS, INTERSECTS, SELECT, FROM&quot;; SQL statement:
select RES.* 
     
    from ACT_RU_JOB RES
     
      
   
     order by  order by RES.ID_ asc  
    LIMIT ? OFFSET ? [42001-176]
	at org.h2.message.DbException.getJdbcSQLException(DbException.java:344)
	at org.h2.message.DbException.getSyntaxError(DbException.java:204)
	at org.h2.command.Parser.getSyntaxError(Parser.java:524)
	at org.h2.command.Parser.readTerm(Parser.java:2688)
	at org.h2.command.Parser.readFactor(Parser.java:2244)
	at org.h2.command.Parser.readSum(Parser.java:2231)
	at org.h2.command.Parser.readConcat(Parser.java:2201)
	at org.h2.command.Parser.readCondition(Parser.java:2051)
	at org.h2.command.Parser.readAnd(Parser.java:2023)
	at org.h2.command.Parser.readExpression(Parser.java:2015)
	at org.h2.command.Parser.parseEndOfQuery(Parser.java:1726)
	at org.h2.command.Parser.parseSelectUnionExtension(Parser.java:1706)
	at org.h2.command.Parser.parseSelectUnion(Parser.java:1675)
	at org.h2.command.Parser.parseSelect(Parser.java:1662)
	at org.h2.command.Parser.parsePrepared(Parser.java:434)
	at org.h2.command.Parser.parse(Parser.java:306)
	at org.h2.command.Parser.parse(Parser.java:282)
	at org.h2.command.Parser.prepareCommand(Parser.java:243)
	at org.h2.engine.Session.prepareLocal(Session.java:442)
	at org.h2.engine.Session.prepareCommand(Session.java:384)
	at org.h2.jdbc.JdbcConnection.prepareCommand(JdbcConnection.java:1188)
	at org.h2.jdbc.JdbcPreparedStatement.&lt;init&gt;(JdbcPreparedStatement.java:73)
	at org.h2.jdbc.JdbcConnection.prepareStatement(JdbcConnection.java:276)
	at sun.reflect.GeneratedMethodAccessor6.invoke(Unknown Source)
	at sun.reflect.DelegatingMethodAccessorImpl.invoke(DelegatingMethodAccessorImpl.java:43)
	at java.lang.reflect.Method.invoke(Method.java:498)
	at org.apache.ibatis.datasource.pooled.PooledConnection.invoke(PooledConnection.java:245)
	at com.sun.proxy.$Proxy12.prepareStatement(Unknown Source)
	at sun.reflect.GeneratedMethodAccessor6.invoke(Unknown Source)
	at sun.reflect.DelegatingMethodAccessorImpl.invoke(DelegatingMethodAccessorImpl.java:43)
	at java.lang.reflect.Method.invoke(Method.java:498)
	at org.apache.ibatis.logging.jdbc.ConnectionLogger.invoke(ConnectionLogger.java:55)
	at com.sun.proxy.$Proxy12.prepareStatement(Unknown Source)
	at org.apache.ibatis.executor.statement.PreparedStatementHandler.instantiateStatement(PreparedStatementHandler.java:79)
	at org.apache.ibatis.executor.statement.BaseStatementHandler.prepare(BaseStatementHandler.java:88)
	at org.apache.ibatis.executor.statement.RoutingStatementHandler.prepare(RoutingStatementHandler.java:58)
	at org.apache.ibatis.executor.SimpleExecutor.prepareStatement(SimpleExecutor.java:76)
	at org.apache.ibatis.executor.SimpleExecutor.doQuery(SimpleExecutor.java:61)
	at org.apache.ibatis.executor.BaseExecutor.queryFromDatabase(BaseExecutor.java:303)
	at org.apache.ibatis.executor.BaseExecutor.query(BaseExecutor.java:154)
	at org.apache.ibatis.executor.CachingExecutor.query(CachingExecutor.java:102)
	at org.apache.ibatis.executor.CachingExecutor.query(CachingExecutor.java:82)
	at org.apache.ibatis.session.defaults.DefaultSqlSession.selectList(DefaultSqlSession.java:120)
	... 45 more
10:46:51,651 [main] DEBUG org.activiti.engine.impl.cfg.standalone.StandaloneMybatisTransactionContext  - firing event rolling back...
10:46:51,651 [main] DEBUG org.activiti.engine.impl.cfg.standalone.StandaloneMybatisTransactionContext  - rolling back ibatis sql session...
10:46:51,651 [main] DEBUG org.activiti.engine.impl.cfg.standalone.StandaloneMybatisTransactionContext  - firing event rolled back...
10:46:51,651 [main] DEBUG org.apache.ibatis.transaction.jdbc.JdbcTransaction  - Resetting autocommit to true on JDBC Connection [conn3: url=jdbc:h2:mem:activiti user=SA]
10:46:51,651 [main] DEBUG org.apache.ibatis.transaction.jdbc.JdbcTransaction  - Closing JDBC Connection [conn3: url=jdbc:h2:mem:activiti user=SA]
10:46:51,651 [main] DEBUG org.apache.ibatis.datasource.pooled.PooledDataSource  - Returned connection 180014677 to pool.
10:46:51,651 [main] DEBUG org.activiti.engine.impl.interceptor.LogInterceptor  - --- JobQueryImpl finished --------------------------------------------------------
10:46:51,651 [main] DEBUG org.activiti.engine.impl.interceptor.LogInterceptor  - 

10:46:51,699 [Thread-44] DEBUG org.activiti.engine.impl.asyncexecutor.AcquireTimerJobsRunnable  - timer job acquisition thread woke up
10:46:51,699 [Thread-44] DEBUG org.activiti.engine.impl.interceptor.LogInterceptor  - 

10:46:51,699 [Thread-44] DEBUG org.activiti.engine.impl.interceptor.LogInterceptor  - --- starting AcquireTimerJobsCmd --------------------------------------------------------
10:46:51,699 [Thread-44] DEBUG org.apache.ibatis.transaction.jdbc.JdbcTransaction  - Opening JDBC Connection
10:46:51,699 [Thread-44] DEBUG org.apache.ibatis.datasource.pooled.PooledDataSource  - Checked out connection 363509958 from pool.
10:46:51,699 [Thread-44] DEBUG org.apache.ibatis.transaction.jdbc.JdbcTransaction  - Setting autocommit to false on JDBC Connection [conn2: url=jdbc:h2:mem:activiti user=SA]
10:46:51,699 [Thread-44] DEBUG org.activiti.engine.impl.persistence.entity.JobEntity.selectNextTimerJobsToExecute  - ==&gt;  Preparing: select RES.* from ACT_RU_JOB RES LEFT OUTER JOIN ACT_RU_EXECUTION PI ON PI.ID_ = RES.PROCESS_INSTANCE_ID_ where (RES.RETRIES_ &gt; 0) and (RES.DUEDATE_ is null or RES.DUEDATE_ &lt;= ?) and (RES.LOCK_OWNER_ is null or RES.LOCK_EXP_TIME_ &lt;= ?) and TYPE_ = &apos;timer&apos; and ( (RES.EXECUTION_ID_ is null) or (PI.SUSPENSION_STATE_ = 1) ) LIMIT ? OFFSET ? 
10:46:51,699 [Thread-44] DEBUG org.activiti.engine.impl.persistence.entity.JobEntity.selectNextTimerJobsToExecute  - ==&gt; Parameters: 2023-03-20 10:46:46.742(Timestamp), 2023-03-20 10:46:46.742(Timestamp), 1(Integer), 0(Integer)
10:46:51,699 [Thread-44] DEBUG org.activiti.engine.impl.persistence.entity.JobEntity.selectNextTimerJobsToExecute  - &lt;==      Total: 0
10:46:51,699 [Thread-44] DEBUG org.activiti.engine.impl.db.DbSqlSession  - flush summary: 0 insert, 0 update, 0 delete.
10:46:51,699 [Thread-44] DEBUG org.activiti.engine.impl.db.DbSqlSession  - now executing flush...
10:46:51,699 [Thread-44] DEBUG org.activiti.engine.impl.cfg.standalone.StandaloneMybatisTransactionContext  - firing event committing...
10:46:51,699 [Thread-44] DEBUG org.activiti.engine.impl.cfg.standalone.StandaloneMybatisTransactionContext  - committing the ibatis sql session...
10:46:51,699 [Thread-44] DEBUG org.activiti.engine.impl.cfg.standalone.StandaloneMybatisTransactionContext  - firing event committed...
10:46:51,699 [Thread-44] DEBUG org.apache.ibatis.transaction.jdbc.JdbcTransaction  - Resetting autocommit to true on JDBC Connection [conn2: url=jdbc:h2:mem:activiti user=SA]
10:46:51,699 [Thread-44] DEBUG org.apache.ibatis.transaction.jdbc.JdbcTransaction  - Closing JDBC Connection [conn2: url=jdbc:h2:mem:activiti user=SA]
10:46:51,699 [Thread-44] DEBUG org.apache.ibatis.datasource.pooled.PooledDataSource  - Returned connection 363509958 to pool.
10:46:51,699 [Thread-44] DEBUG org.activiti.engine.impl.interceptor.LogInterceptor  - --- AcquireTimerJobsCmd finished --------------------------------------------------------
10:46:51,699 [Thread-44] DEBUG org.activiti.engine.impl.interceptor.LogInterceptor  - 

10:46:51,699 [Thread-44] DEBUG org.activiti.engine.impl.asyncexecutor.AcquireTimerJobsRunnable  - timer job acquisition thread sleeping for 1000 millis
10:46:52,167 [main] DEBUG org.activiti.engine.impl.interceptor.LogInterceptor  - 

10:46:52,168 [main] DEBUG org.activiti.engine.impl.interceptor.LogInterceptor  - --- starting JobQueryImpl --------------------------------------------------------
10:46:52,170 [main] DEBUG org.apache.ibatis.transaction.jdbc.JdbcTransaction  - Opening JDBC Connection
10:46:52,170 [main] DEBUG org.apache.ibatis.datasource.pooled.PooledDataSource  - Checked out connection 486346394 from pool.
10:46:52,170 [main] DEBUG org.apache.ibatis.transaction.jdbc.JdbcTransaction  - Setting autocommit to false on JDBC Connection [conn6: url=jdbc:h2:mem:activiti user=SA]
10:46:52,171 [main] DEBUG org.activiti.engine.impl.persistence.entity.JobEntity.selectJobByQueryCriteria  - ==&gt;  Preparing: select RES.* from ACT_RU_JOB RES order by order by RES.ID_ asc LIMIT ? OFFSET ? 
10:46:52,171 [main] DEBUG org.activiti.engine.impl.interceptor.CommandContext  - Error while closing command context
org.apache.ibatis.exceptions.PersistenceException: 
### Error querying database.  Cause: org.h2.jdbc.JdbcSQLException: Syntax error in SQL statement &quot;SELECT RES.* 
     
    FROM ACT_RU_JOB RES
     
      
   
     ORDER BY  ORDER[*] BY RES.ID_ ASC  
    LIMIT ? OFFSET ? &quot;; expected &quot;=, NOT, EXISTS, INTERSECTS, SELECT, FROM&quot;; SQL statement:
select RES.* 
     
    from ACT_RU_JOB RES
     
      
   
     order by  order by RES.ID_ asc  
    LIMIT ? OFFSET ? [42001-176]
### The error may exist in org/activiti/db/mapping/entity/Job.xml
### The error may involve org.activiti.engine.impl.persistence.entity.JobEntity.selectJobByQueryCriteria
### The error occurred while executing a query
### SQL: select RES.*            from ACT_RU_JOB RES                       order by  order by RES.ID_ asc       LIMIT ? OFFSET ?
### Cause: org.h2.jdbc.JdbcSQLException: Syntax error in SQL statement &quot;SELECT RES.* 
     
    FROM ACT_RU_JOB RES
     
      
   
     ORDER BY  ORDER[*] BY RES.ID_ ASC  
    LIMIT ? OFFSET ? &quot;; expected &quot;=, NOT, EXISTS, INTERSECTS, SELECT, FROM&quot;; SQL statement:
select RES.* 
     
    from ACT_RU_JOB RES
     
      
   
     order by  order by RES.ID_ asc  
    LIMIT ? OFFSET ? [42001-176]
	at org.apache.ibatis.exceptions.ExceptionFactory.wrapException(ExceptionFactory.java:30)
	at org.apache.ibatis.session.defaults.DefaultSqlSession.selectList(DefaultSqlSession.java:122)
	at org.apache.ibatis.session.defaults.DefaultSqlSession.selectList(DefaultSqlSession.java:113)
	at org.activiti.engine.impl.db.DbSqlSession.selectListWithRawParameter(DbSqlSession.java:438)
	at org.activiti.engine.impl.db.DbSqlSession.selectList(DbSqlSession.java:429)
	at org.activiti.engine.impl.db.DbSqlSession.selectList(DbSqlSession.java:419)
	at org.activiti.engine.impl.persistence.entity.JobEntityManager.findJobsByQueryCriteria(JobEntityManager.java:198)
	at org.activiti.engine.impl.JobQueryImpl.executeList(JobQueryImpl.java:243)
	at org.activiti.engine.impl.AbstractQuery.execute(AbstractQuery.java:164)
	at org.activiti.engine.impl.interceptor.CommandInvoker.execute(CommandInvoker.java:24)
	at org.activiti.engine.impl.interceptor.CommandContextInterceptor.execute(CommandContextInterceptor.java:57)
	at org.activiti.engine.impl.interceptor.LogInterceptor.execute(LogInterceptor.java:37)
	at org.activiti.engine.impl.cfg.CommandExecutorImpl.execute(CommandExecutorImpl.java:40)
	at org.activiti.engine.impl.cfg.CommandExecutorImpl.execute(CommandExecutorImpl.java:35)
	at org.activiti.engine.impl.AbstractQuery.list(AbstractQuery.java:138)
	at org.activiti.engine.impl.test.JobTestHelper.areJobsAvailable(JobTestHelper.java:194)
	at org.activiti.engine.impl.test.JobTestHelper.waitForJobExecutorToProcessAllJobs(JobTestHelper.java:74)
	at org.activiti.engine.impl.test.JobTestHelper.waitForJobExecutorToProcessAllJobs(JobTestHelper.java:47)
	at org.activiti.engine.impl.test.AbstractActivitiTestCase.waitForJobExecutorToProcessAllJobs(AbstractActivitiTestCase.java:204)
	at org.activiti.engine.test.bpmn.servicetask.ServiceTaskVariablesTest.testSerializedVariablesThirdAsync(ServiceTaskVariablesTest.java:94)
	at sun.reflect.NativeMethodAccessorImpl.invoke0(Native Method)
	at sun.reflect.NativeMethodAccessorImpl.invoke(NativeMethodAccessorImpl.java:62)
	at sun.reflect.DelegatingMethodAccessorImpl.invoke(DelegatingMethodAccessorImpl.java:43)
	at java.lang.reflect.Method.invoke(Method.java:498)
	at junit.framework.TestCase.runTest(TestCase.java:176)
	at org.activiti.engine.impl.test.PvmTestCase.runTest(PvmTestCase.java:65)
	at junit.framework.TestCase.runBare(TestCase.java:141)
	at org.activiti.engine.impl.test.AbstractActivitiTestCase.runBare(AbstractActivitiTestCase.java:100)
	at junit.framework.TestResult$1.protect(TestResult.java:122)
	at junit.framework.TestResult.runProtected(TestResult.java:142)
	at junit.framework.TestResult.run(TestResult.java:125)
	at junit.framework.TestCase.run(TestCase.java:129)
	at junit.framework.TestSuite.runTest(TestSuite.java:255)
	at junit.framework.TestSuite.run(TestSuite.java:250)
	at org.junit.internal.runners.JUnit38ClassRunner.run(JUnit38ClassRunner.java:84)
	at org.apache.maven.surefire.junit4.JUnit4TestSet.execute(JUnit4TestSet.java:35)
	at org.apache.maven.surefire.junit4.JUnit4Provider.executeTestSet(JUnit4Provider.java:146)
	at org.apache.maven.surefire.junit4.JUnit4Provider.invoke(JUnit4Provider.java:97)
	at sun.reflect.NativeMethodAccessorImpl.invoke0(Native Method)
	at sun.reflect.NativeMethodAccessorImpl.invoke(NativeMethodAccessorImpl.java:62)
	at sun.reflect.DelegatingMethodAccessorImpl.invoke(DelegatingMethodAccessorImpl.java:43)
	at java.lang.reflect.Method.invoke(Method.java:498)
	at org.apache.maven.surefire.booter.ProviderFactory$ClassLoaderProxy.invoke(ProviderFactory.java:103)
	at com.sun.proxy.$Proxy0.invoke(Unknown Source)
	at org.apache.maven.surefire.booter.SurefireStarter.invokeProvider(SurefireStarter.java:145)
	at org.apache.maven.surefire.booter.SurefireStarter.runSuitesInProcess(SurefireStarter.java:87)
	at org.apache.maven.surefire.booter.ForkedBooter.main(ForkedBooter.java:69)
Caused by: org.h2.jdbc.JdbcSQLException: Syntax error in SQL statement &quot;SELECT RES.* 
     
    FROM ACT_RU_JOB RES
     
      
   
     ORDER BY  ORDER[*] BY RES.ID_ ASC  
    LIMIT ? OFFSET ? &quot;; expected &quot;=, NOT, EXISTS, INTERSECTS, SELECT, FROM&quot;; SQL statement:
select RES.* 
     
    from ACT_RU_JOB RES
     
      
   
     order by  order by RES.ID_ asc  
    LIMIT ? OFFSET ? [42001-176]
	at org.h2.message.DbException.getJdbcSQLException(DbException.java:344)
	at org.h2.message.DbException.getSyntaxError(DbException.java:204)
	at org.h2.command.Parser.getSyntaxError(Parser.java:524)
	at org.h2.command.Parser.readTerm(Parser.java:2688)
	at org.h2.command.Parser.readFactor(Parser.java:2244)
	at org.h2.command.Parser.readSum(Parser.java:2231)
	at org.h2.command.Parser.readConcat(Parser.java:2201)
	at org.h2.command.Parser.readCondition(Parser.java:2051)
	at org.h2.command.Parser.readAnd(Parser.java:2023)
	at org.h2.command.Parser.readExpression(Parser.java:2015)
	at org.h2.command.Parser.parseEndOfQuery(Parser.java:1726)
	at org.h2.command.Parser.parseSelectUnionExtension(Parser.java:1706)
	at org.h2.command.Parser.parseSelectUnion(Parser.java:1675)
	at org.h2.command.Parser.parseSelect(Parser.java:1662)
	at org.h2.command.Parser.parsePrepared(Parser.java:434)
	at org.h2.command.Parser.parse(Parser.java:306)
	at org.h2.command.Parser.parse(Parser.java:282)
	at org.h2.command.Parser.prepareCommand(Parser.java:243)
	at org.h2.engine.Session.prepareLocal(Session.java:442)
	at org.h2.engine.Session.prepareCommand(Session.java:384)
	at org.h2.jdbc.JdbcConnection.prepareCommand(JdbcConnection.java:1188)
	at org.h2.jdbc.JdbcPreparedStatement.&lt;init&gt;(JdbcPreparedStatement.java:73)
	at org.h2.jdbc.JdbcConnection.prepareStatement(JdbcConnection.java:276)
	at sun.reflect.GeneratedMethodAccessor6.invoke(Unknown Source)
	at sun.reflect.DelegatingMethodAccessorImpl.invoke(DelegatingMethodAccessorImpl.java:43)
	at java.lang.reflect.Method.invoke(Method.java:498)
	at org.apache.ibatis.datasource.pooled.PooledConnection.invoke(PooledConnection.java:245)
	at com.sun.proxy.$Proxy12.prepareStatement(Unknown Source)
	at sun.reflect.GeneratedMethodAccessor6.invoke(Unknown Source)
	at sun.reflect.DelegatingMethodAccessorImpl.invoke(DelegatingMethodAccessorImpl.java:43)
	at java.lang.reflect.Method.invoke(Method.java:498)
	at org.apache.ibatis.logging.jdbc.ConnectionLogger.invoke(ConnectionLogger.java:55)
	at com.sun.proxy.$Proxy12.prepareStatement(Unknown Source)
	at org.apache.ibatis.executor.statement.PreparedStatementHandler.instantiateStatement(PreparedStatementHandler.java:79)
	at org.apache.ibatis.executor.statement.BaseStatementHandler.prepare(BaseStatementHandler.java:88)
	at org.apache.ibatis.executor.statement.RoutingStatementHandler.prepare(RoutingStatementHandler.java:58)
	at org.apache.ibatis.executor.SimpleExecutor.prepareStatement(SimpleExecutor.java:76)
	at org.apache.ibatis.executor.SimpleExecutor.doQuery(SimpleExecutor.java:61)
	at org.apache.ibatis.executor.BaseExecutor.queryFromDatabase(BaseExecutor.java:303)
	at org.apache.ibatis.executor.BaseExecutor.query(BaseExecutor.java:154)
	at org.apache.ibatis.executor.CachingExecutor.query(CachingExecutor.java:102)
	at org.apache.ibatis.executor.CachingExecutor.query(CachingExecutor.java:82)
	at org.apache.ibatis.session.defaults.DefaultSqlSession.selectList(DefaultSqlSession.java:120)
	... 45 more
10:46:52,172 [main] DEBUG org.activiti.engine.impl.cfg.standalone.StandaloneMybatisTransactionContext  - firing event rolling back...
10:46:52,172 [main] DEBUG org.activiti.engine.impl.cfg.standalone.StandaloneMybatisTransactionContext  - rolling back ibatis sql session...
10:46:52,172 [main] DEBUG org.activiti.engine.impl.cfg.standalone.StandaloneMybatisTransactionContext  - firing event rolled back...
10:46:52,172 [main] DEBUG org.apache.ibatis.transaction.jdbc.JdbcTransaction  - Resetting autocommit to true on JDBC Connection [conn6: url=jdbc:h2:mem:activiti user=SA]
10:46:52,172 [main] DEBUG org.apache.ibatis.transaction.jdbc.JdbcTransaction  - Closing JDBC Connection [conn6: url=jdbc:h2:mem:activiti user=SA]
10:46:52,172 [main] DEBUG org.apache.ibatis.datasource.pooled.PooledDataSource  - Returned connection 486346394 to pool.
10:46:52,172 [main] DEBUG org.activiti.engine.impl.interceptor.LogInterceptor  - --- JobQueryImpl finished --------------------------------------------------------
10:46:52,172 [main] DEBUG org.activiti.engine.impl.interceptor.LogInterceptor  - 

10:46:52,641 [Thread-45] DEBUG org.activiti.engine.impl.asyncexecutor.AcquireAsyncJobsDueRunnable  - async job acquisition thread woke up
10:46:52,641 [Thread-45] DEBUG org.activiti.engine.impl.interceptor.LogInterceptor  - 

10:46:52,641 [Thread-45] DEBUG org.activiti.engine.impl.interceptor.LogInterceptor  - --- starting AcquireAsyncJobsDueCmd --------------------------------------------------------
10:46:52,641 [Thread-45] DEBUG org.apache.ibatis.transaction.jdbc.JdbcTransaction  - Opening JDBC Connection
10:46:52,641 [Thread-45] DEBUG org.apache.ibatis.datasource.pooled.PooledDataSource  - Checked out connection 297240765 from pool.
10:46:52,641 [Thread-45] DEBUG org.apache.ibatis.transaction.jdbc.JdbcTransaction  - Setting autocommit to false on JDBC Connection [conn4: url=jdbc:h2:mem:activiti user=SA]
10:46:52,641 [Thread-45] DEBUG org.activiti.engine.impl.persistence.entity.JobEntity.selectAsyncJobsDueToExecute  - ==&gt;  Preparing: select RES.* from ACT_RU_JOB RES LEFT OUTER JOIN ACT_RU_EXECUTION PI ON PI.ID_ = RES.PROCESS_INSTANCE_ID_ where RES.RETRIES_ &gt; 0 and RES.DUEDATE_ is not null and RES.DUEDATE_ &lt;= ? and (RES.LOCK_EXP_TIME_ is null or RES.LOCK_EXP_TIME_ &lt;= ?) and TYPE_ = &apos;message&apos; and ( (RES.EXECUTION_ID_ is null) or (PI.SUSPENSION_STATE_ = 1) ) LIMIT ? OFFSET ? 
10:46:52,641 [Thread-45] DEBUG org.activiti.engine.impl.persistence.entity.JobEntity.selectAsyncJobsDueToExecute  - ==&gt; Parameters: 2023-03-20 10:46:46.742(Timestamp), 2023-03-20 10:46:46.742(Timestamp), 1(Integer), 0(Integer)
10:46:52,641 [Thread-45] DEBUG org.activiti.engine.impl.persistence.entity.JobEntity.selectAsyncJobsDueToExecute  - &lt;==      Total: 0
10:46:52,641 [Thread-45] DEBUG org.activiti.engine.impl.db.DbSqlSession  - flush summary: 0 insert, 0 update, 0 delete.
10:46:52,641 [Thread-45] DEBUG org.activiti.engine.impl.db.DbSqlSession  - now executing flush...
10:46:52,641 [Thread-45] DEBUG org.activiti.engine.impl.cfg.standalone.StandaloneMybatisTransactionContext  - firing event committing...
10:46:52,641 [Thread-45] DEBUG org.activiti.engine.impl.cfg.standalone.StandaloneMybatisTransactionContext  - committing the ibatis sql session...
10:46:52,641 [Thread-45] DEBUG org.activiti.engine.impl.cfg.standalone.StandaloneMybatisTransactionContext  - firing event committed...
10:46:52,641 [Thread-45] DEBUG org.apache.ibatis.transaction.jdbc.JdbcTransaction  - Resetting autocommit to true on JDBC Connection [conn4: url=jdbc:h2:mem:activiti user=SA]
10:46:52,641 [Thread-45] DEBUG org.apache.ibatis.transaction.jdbc.JdbcTransaction  - Closing JDBC Connection [conn4: url=jdbc:h2:mem:activiti user=SA]
10:46:52,641 [Thread-45] DEBUG org.apache.ibatis.datasource.pooled.PooledDataSource  - Returned connection 297240765 to pool.
10:46:52,641 [Thread-45] DEBUG org.activiti.engine.impl.interceptor.LogInterceptor  - --- AcquireAsyncJobsDueCmd finished --------------------------------------------------------
10:46:52,641 [Thread-45] DEBUG org.activiti.engine.impl.interceptor.LogInterceptor  - 

10:46:52,641 [Thread-45] DEBUG org.activiti.engine.impl.asyncexecutor.AcquireAsyncJobsDueRunnable  - async job acquisition thread sleeping for 1000 millis
10:46:52,673 [main] DEBUG org.activiti.engine.impl.interceptor.LogInterceptor  - 

10:46:52,673 [main] DEBUG org.activiti.engine.impl.interceptor.LogInterceptor  - --- starting JobQueryImpl --------------------------------------------------------
10:46:52,673 [main] DEBUG org.apache.ibatis.transaction.jdbc.JdbcTransaction  - Opening JDBC Connection
10:46:52,673 [main] DEBUG org.apache.ibatis.datasource.pooled.PooledDataSource  - Checked out connection 180014677 from pool.
10:46:52,673 [main] DEBUG org.apache.ibatis.transaction.jdbc.JdbcTransaction  - Setting autocommit to false on JDBC Connection [conn3: url=jdbc:h2:mem:activiti user=SA]
10:46:52,673 [main] DEBUG org.activiti.engine.impl.persistence.entity.JobEntity.selectJobByQueryCriteria  - ==&gt;  Preparing: select RES.* from ACT_RU_JOB RES order by order by RES.ID_ asc LIMIT ? OFFSET ? 
10:46:52,673 [main] DEBUG org.activiti.engine.impl.interceptor.CommandContext  - Error while closing command context
org.apache.ibatis.exceptions.PersistenceException: 
### Error querying database.  Cause: org.h2.jdbc.JdbcSQLException: Syntax error in SQL statement &quot;SELECT RES.* 
     
    FROM ACT_RU_JOB RES
     
      
   
     ORDER BY  ORDER[*] BY RES.ID_ ASC  
    LIMIT ? OFFSET ? &quot;; expected &quot;=, NOT, EXISTS, INTERSECTS, SELECT, FROM&quot;; SQL statement:
select RES.* 
     
    from ACT_RU_JOB RES
     
      
   
     order by  order by RES.ID_ asc  
    LIMIT ? OFFSET ? [42001-176]
### The error may exist in org/activiti/db/mapping/entity/Job.xml
### The error may involve org.activiti.engine.impl.persistence.entity.JobEntity.selectJobByQueryCriteria
### The error occurred while executing a query
### SQL: select RES.*            from ACT_RU_JOB RES                       order by  order by RES.ID_ asc       LIMIT ? OFFSET ?
### Cause: org.h2.jdbc.JdbcSQLException: Syntax error in SQL statement &quot;SELECT RES.* 
     
    FROM ACT_RU_JOB RES
     
      
   
     ORDER BY  ORDER[*] BY RES.ID_ ASC  
    LIMIT ? OFFSET ? &quot;; expected &quot;=, NOT, EXISTS, INTERSECTS, SELECT, FROM&quot;; SQL statement:
select RES.* 
     
    from ACT_RU_JOB RES
     
      
   
     order by  order by RES.ID_ asc  
    LIMIT ? OFFSET ? [42001-176]
	at org.apache.ibatis.exceptions.ExceptionFactory.wrapException(ExceptionFactory.java:30)
	at org.apache.ibatis.session.defaults.DefaultSqlSession.selectList(DefaultSqlSession.java:122)
	at org.apache.ibatis.session.defaults.DefaultSqlSession.selectList(DefaultSqlSession.java:113)
	at org.activiti.engine.impl.db.DbSqlSession.selectListWithRawParameter(DbSqlSession.java:438)
	at org.activiti.engine.impl.db.DbSqlSession.selectList(DbSqlSession.java:429)
	at org.activiti.engine.impl.db.DbSqlSession.selectList(DbSqlSession.java:419)
	at org.activiti.engine.impl.persistence.entity.JobEntityManager.findJobsByQueryCriteria(JobEntityManager.java:198)
	at org.activiti.engine.impl.JobQueryImpl.executeList(JobQueryImpl.java:243)
	at org.activiti.engine.impl.AbstractQuery.execute(AbstractQuery.java:164)
	at org.activiti.engine.impl.interceptor.CommandInvoker.execute(CommandInvoker.java:24)
	at org.activiti.engine.impl.interceptor.CommandContextInterceptor.execute(CommandContextInterceptor.java:57)
	at org.activiti.engine.impl.interceptor.LogInterceptor.execute(LogInterceptor.java:37)
	at org.activiti.engine.impl.cfg.CommandExecutorImpl.execute(CommandExecutorImpl.java:40)
	at org.activiti.engine.impl.cfg.CommandExecutorImpl.execute(CommandExecutorImpl.java:35)
	at org.activiti.engine.impl.AbstractQuery.list(AbstractQuery.java:138)
	at org.activiti.engine.impl.test.JobTestHelper.areJobsAvailable(JobTestHelper.java:194)
	at org.activiti.engine.impl.test.JobTestHelper.waitForJobExecutorToProcessAllJobs(JobTestHelper.java:74)
	at org.activiti.engine.impl.test.JobTestHelper.waitForJobExecutorToProcessAllJobs(JobTestHelper.java:47)
	at org.activiti.engine.impl.test.AbstractActivitiTestCase.waitForJobExecutorToProcessAllJobs(AbstractActivitiTestCase.java:204)
	at org.activiti.engine.test.bpmn.servicetask.ServiceTaskVariablesTest.testSerializedVariablesThirdAsync(ServiceTaskVariablesTest.java:94)
	at sun.reflect.NativeMethodAccessorImpl.invoke0(Native Method)
	at sun.reflect.NativeMethodAccessorImpl.invoke(NativeMethodAccessorImpl.java:62)
	at sun.reflect.DelegatingMethodAccessorImpl.invoke(DelegatingMethodAccessorImpl.java:43)
	at java.lang.reflect.Method.invoke(Method.java:498)
	at junit.framework.TestCase.runTest(TestCase.java:176)
	at org.activiti.engine.impl.test.PvmTestCase.runTest(PvmTestCase.java:65)
	at junit.framework.TestCase.runBare(TestCase.java:141)
	at org.activiti.engine.impl.test.AbstractActivitiTestCase.runBare(AbstractActivitiTestCase.java:100)
	at junit.framework.TestResult$1.protect(TestResult.java:122)
	at junit.framework.TestResult.runProtected(TestResult.java:142)
	at junit.framework.TestResult.run(TestResult.java:125)
	at junit.framework.TestCase.run(TestCase.java:129)
	at junit.framework.TestSuite.runTest(TestSuite.java:255)
	at junit.framework.TestSuite.run(TestSuite.java:250)
	at org.junit.internal.runners.JUnit38ClassRunner.run(JUnit38ClassRunner.java:84)
	at org.apache.maven.surefire.junit4.JUnit4TestSet.execute(JUnit4TestSet.java:35)
	at org.apache.maven.surefire.junit4.JUnit4Provider.executeTestSet(JUnit4Provider.java:146)
	at org.apache.maven.surefire.junit4.JUnit4Provider.invoke(JUnit4Provider.java:97)
	at sun.reflect.NativeMethodAccessorImpl.invoke0(Native Method)
	at sun.reflect.NativeMethodAccessorImpl.invoke(NativeMethodAccessorImpl.java:62)
	at sun.reflect.DelegatingMethodAccessorImpl.invoke(DelegatingMethodAccessorImpl.java:43)
	at java.lang.reflect.Method.invoke(Method.java:498)
	at org.apache.maven.surefire.booter.ProviderFactory$ClassLoaderProxy.invoke(ProviderFactory.java:103)
	at com.sun.proxy.$Proxy0.invoke(Unknown Source)
	at org.apache.maven.surefire.booter.SurefireStarter.invokeProvider(SurefireStarter.java:145)
	at org.apache.maven.surefire.booter.SurefireStarter.runSuitesInProcess(SurefireStarter.java:87)
	at org.apache.maven.surefire.booter.ForkedBooter.main(ForkedBooter.java:69)
Caused by: org.h2.jdbc.JdbcSQLException: Syntax error in SQL statement &quot;SELECT RES.* 
     
    FROM ACT_RU_JOB RES
     
      
   
     ORDER BY  ORDER[*] BY RES.ID_ ASC  
    LIMIT ? OFFSET ? &quot;; expected &quot;=, NOT, EXISTS, INTERSECTS, SELECT, FROM&quot;; SQL statement:
select RES.* 
     
    from ACT_RU_JOB RES
     
      
   
     order by  order by RES.ID_ asc  
    LIMIT ? OFFSET ? [42001-176]
	at org.h2.message.DbException.getJdbcSQLException(DbException.java:344)
	at org.h2.message.DbException.getSyntaxError(DbException.java:204)
	at org.h2.command.Parser.getSyntaxError(Parser.java:524)
	at org.h2.command.Parser.readTerm(Parser.java:2688)
	at org.h2.command.Parser.readFactor(Parser.java:2244)
	at org.h2.command.Parser.readSum(Parser.java:2231)
	at org.h2.command.Parser.readConcat(Parser.java:2201)
	at org.h2.command.Parser.readCondition(Parser.java:2051)
	at org.h2.command.Parser.readAnd(Parser.java:2023)
	at org.h2.command.Parser.readExpression(Parser.java:2015)
	at org.h2.command.Parser.parseEndOfQuery(Parser.java:1726)
	at org.h2.command.Parser.parseSelectUnionExtension(Parser.java:1706)
	at org.h2.command.Parser.parseSelectUnion(Parser.java:1675)
	at org.h2.command.Parser.parseSelect(Parser.java:1662)
	at org.h2.command.Parser.parsePrepared(Parser.java:434)
	at org.h2.command.Parser.parse(Parser.java:306)
	at org.h2.command.Parser.parse(Parser.java:282)
	at org.h2.command.Parser.prepareCommand(Parser.java:243)
	at org.h2.engine.Session.prepareLocal(Session.java:442)
	at org.h2.engine.Session.prepareCommand(Session.java:384)
	at org.h2.jdbc.JdbcConnection.prepareCommand(JdbcConnection.java:1188)
	at org.h2.jdbc.JdbcPreparedStatement.&lt;init&gt;(JdbcPreparedStatement.java:73)
	at org.h2.jdbc.JdbcConnection.prepareStatement(JdbcConnection.java:276)
	at sun.reflect.GeneratedMethodAccessor6.invoke(Unknown Source)
	at sun.reflect.DelegatingMethodAccessorImpl.invoke(DelegatingMethodAccessorImpl.java:43)
	at java.lang.reflect.Method.invoke(Method.java:498)
	at org.apache.ibatis.datasource.pooled.PooledConnection.invoke(PooledConnection.java:245)
	at com.sun.proxy.$Proxy12.prepareStatement(Unknown Source)
	at sun.reflect.GeneratedMethodAccessor6.invoke(Unknown Source)
	at sun.reflect.DelegatingMethodAccessorImpl.invoke(DelegatingMethodAccessorImpl.java:43)
	at java.lang.reflect.Method.invoke(Method.java:498)
	at org.apache.ibatis.logging.jdbc.ConnectionLogger.invoke(ConnectionLogger.java:55)
	at com.sun.proxy.$Proxy12.prepareStatement(Unknown Source)
	at org.apache.ibatis.executor.statement.PreparedStatementHandler.instantiateStatement(PreparedStatementHandler.java:79)
	at org.apache.ibatis.executor.statement.BaseStatementHandler.prepare(BaseStatementHandler.java:88)
	at org.apache.ibatis.executor.statement.RoutingStatementHandler.prepare(RoutingStatementHandler.java:58)
	at org.apache.ibatis.executor.SimpleExecutor.prepareStatement(SimpleExecutor.java:76)
	at org.apache.ibatis.executor.SimpleExecutor.doQuery(SimpleExecutor.java:61)
	at org.apache.ibatis.executor.BaseExecutor.queryFromDatabase(BaseExecutor.java:303)
	at org.apache.ibatis.executor.BaseExecutor.query(BaseExecutor.java:154)
	at org.apache.ibatis.executor.CachingExecutor.query(CachingExecutor.java:102)
	at org.apache.ibatis.executor.CachingExecutor.query(CachingExecutor.java:82)
	at org.apache.ibatis.session.defaults.DefaultSqlSession.selectList(DefaultSqlSession.java:120)
	... 45 more
10:46:53,040 [main] DEBUG org.activiti.engine.impl.cfg.standalone.StandaloneMybatisTransactionContext  - firing event rolling back...
10:46:53,040 [main] DEBUG org.activiti.engine.impl.cfg.standalone.StandaloneMybatisTransactionContext  - rolling back ibatis sql session...
10:46:53,040 [main] DEBUG org.activiti.engine.impl.cfg.standalone.StandaloneMybatisTransactionContext  - firing event rolled back...
10:46:52,704 [Thread-44] DEBUG org.activiti.engine.impl.asyncexecutor.AcquireTimerJobsRunnable  - timer job acquisition thread woke up
10:46:53,040 [main] DEBUG org.apache.ibatis.transaction.jdbc.JdbcTransaction  - Resetting autocommit to true on JDBC Connection [conn3: url=jdbc:h2:mem:activiti user=SA]
10:46:53,040 [Thread-44] DEBUG org.activiti.engine.impl.interceptor.LogInterceptor  - 

10:46:53,040 [main] DEBUG org.apache.ibatis.transaction.jdbc.JdbcTransaction  - Closing JDBC Connection [conn3: url=jdbc:h2:mem:activiti user=SA]
10:46:53,040 [Thread-44] DEBUG org.activiti.engine.impl.interceptor.LogInterceptor  - --- starting AcquireTimerJobsCmd --------------------------------------------------------
10:46:53,040 [main] DEBUG org.apache.ibatis.datasource.pooled.PooledDataSource  - Returned connection 180014677 to pool.
10:46:53,040 [Thread-44] DEBUG org.apache.ibatis.transaction.jdbc.JdbcTransaction  - Opening JDBC Connection
10:46:53,040 [Thread-44] DEBUG org.apache.ibatis.datasource.pooled.PooledDataSource  - Checked out connection 363509958 from pool.
10:46:53,041 [Thread-44] DEBUG org.apache.ibatis.transaction.jdbc.JdbcTransaction  - Setting autocommit to false on JDBC Connection [conn2: url=jdbc:h2:mem:activiti user=SA]
10:46:53,040 [main] DEBUG org.activiti.engine.impl.interceptor.LogInterceptor  - --- JobQueryImpl finished --------------------------------------------------------
10:46:53,041 [main] DEBUG org.activiti.engine.impl.interceptor.LogInterceptor  - 

10:46:53,041 [Thread-44] DEBUG org.activiti.engine.impl.persistence.entity.JobEntity.selectNextTimerJobsToExecute  - ==&gt;  Preparing: select RES.* from ACT_RU_JOB RES LEFT OUTER JOIN ACT_RU_EXECUTION PI ON PI.ID_ = RES.PROCESS_INSTANCE_ID_ where (RES.RETRIES_ &gt; 0) and (RES.DUEDATE_ is null or RES.DUEDATE_ &lt;= ?) and (RES.LOCK_OWNER_ is null or RES.LOCK_EXP_TIME_ &lt;= ?) and TYPE_ = &apos;timer&apos; and ( (RES.EXECUTION_ID_ is null) or (PI.SUSPENSION_STATE_ = 1) ) LIMIT ? OFFSET ? 
10:46:53,041 [Thread-44] DEBUG org.activiti.engine.impl.persistence.entity.JobEntity.selectNextTimerJobsToExecute  - ==&gt; Parameters: 2023-03-20 10:46:46.742(Timestamp), 2023-03-20 10:46:46.742(Timestamp), 1(Integer), 0(Integer)
10:46:53,041 [Thread-44] DEBUG org.activiti.engine.impl.persistence.entity.JobEntity.selectNextTimerJobsToExecute  - &lt;==      Total: 0
10:46:53,041 [Thread-44] DEBUG org.activiti.engine.impl.db.DbSqlSession  - flush summary: 0 insert, 0 update, 0 delete.
10:46:53,041 [Thread-44] DEBUG org.activiti.engine.impl.db.DbSqlSession  - now executing flush...
10:46:53,041 [Thread-44] DEBUG org.activiti.engine.impl.cfg.standalone.StandaloneMybatisTransactionContext  - firing event committing...
10:46:53,041 [Thread-44] DEBUG org.activiti.engine.impl.cfg.standalone.StandaloneMybatisTransactionContext  - committing the ibatis sql session...
10:46:53,041 [Thread-44] DEBUG org.activiti.engine.impl.cfg.standalone.StandaloneMybatisTransactionContext  - firing event committed...
10:46:53,041 [Thread-44] DEBUG org.apache.ibatis.transaction.jdbc.JdbcTransaction  - Resetting autocommit to true on JDBC Connection [conn2: url=jdbc:h2:mem:activiti user=SA]
10:46:53,041 [Thread-44] DEBUG org.apache.ibatis.transaction.jdbc.JdbcTransaction  - Closing JDBC Connection [conn2: url=jdbc:h2:mem:activiti user=SA]
10:46:53,041 [Thread-44] DEBUG org.apache.ibatis.datasource.pooled.PooledDataSource  - Returned connection 363509958 to pool.
10:46:53,041 [Thread-44] DEBUG org.activiti.engine.impl.interceptor.LogInterceptor  - --- AcquireTimerJobsCmd finished --------------------------------------------------------
10:46:53,041 [Thread-44] DEBUG org.activiti.engine.impl.interceptor.LogInterceptor  - 

10:46:53,041 [Thread-44] DEBUG org.activiti.engine.impl.asyncexecutor.AcquireTimerJobsRunnable  - timer job acquisition thread sleeping for 1000 millis
10:46:53,552 [main] DEBUG org.activiti.engine.impl.interceptor.LogInterceptor  - 

10:46:53,552 [main] DEBUG org.activiti.engine.impl.interceptor.LogInterceptor  - --- starting JobQueryImpl --------------------------------------------------------
10:46:53,552 [main] DEBUG org.apache.ibatis.transaction.jdbc.JdbcTransaction  - Opening JDBC Connection
10:46:53,552 [main] DEBUG org.apache.ibatis.datasource.pooled.PooledDataSource  - Checked out connection 486346394 from pool.
10:46:53,552 [main] DEBUG org.apache.ibatis.transaction.jdbc.JdbcTransaction  - Setting autocommit to false on JDBC Connection [conn6: url=jdbc:h2:mem:activiti user=SA]
10:46:53,552 [main] DEBUG org.activiti.engine.impl.persistence.entity.JobEntity.selectJobByQueryCriteria  - ==&gt;  Preparing: select RES.* from ACT_RU_JOB RES order by order by RES.ID_ asc LIMIT ? OFFSET ? 
10:46:53,553 [main] DEBUG org.activiti.engine.impl.interceptor.CommandContext  - Error while closing command context
org.apache.ibatis.exceptions.PersistenceException: 
### Error querying database.  Cause: org.h2.jdbc.JdbcSQLException: Syntax error in SQL statement &quot;SELECT RES.* 
     
    FROM ACT_RU_JOB RES
     
      
   
     ORDER BY  ORDER[*] BY RES.ID_ ASC  
    LIMIT ? OFFSET ? &quot;; expected &quot;=, NOT, EXISTS, INTERSECTS, SELECT, FROM&quot;; SQL statement:
select RES.* 
     
    from ACT_RU_JOB RES
     
      
   
     order by  order by RES.ID_ asc  
    LIMIT ? OFFSET ? [42001-176]
### The error may exist in org/activiti/db/mapping/entity/Job.xml
### The error may involve org.activiti.engine.impl.persistence.entity.JobEntity.selectJobByQueryCriteria
### The error occurred while executing a query
### SQL: select RES.*            from ACT_RU_JOB RES                       order by  order by RES.ID_ asc       LIMIT ? OFFSET ?
### Cause: org.h2.jdbc.JdbcSQLException: Syntax error in SQL statement &quot;SELECT RES.* 
     
    FROM ACT_RU_JOB RES
     
      
   
     ORDER BY  ORDER[*] BY RES.ID_ ASC  
    LIMIT ? OFFSET ? &quot;; expected &quot;=, NOT, EXISTS, INTERSECTS, SELECT, FROM&quot;; SQL statement:
select RES.* 
     
    from ACT_RU_JOB RES
     
      
   
     order by  order by RES.ID_ asc  
    LIMIT ? OFFSET ? [42001-176]
	at org.apache.ibatis.exceptions.ExceptionFactory.wrapException(ExceptionFactory.java:30)
	at org.apache.ibatis.session.defaults.DefaultSqlSession.selectList(DefaultSqlSession.java:122)
	at org.apache.ibatis.session.defaults.DefaultSqlSession.selectList(DefaultSqlSession.java:113)
	at org.activiti.engine.impl.db.DbSqlSession.selectListWithRawParameter(DbSqlSession.java:438)
	at org.activiti.engine.impl.db.DbSqlSession.selectList(DbSqlSession.java:429)
	at org.activiti.engine.impl.db.DbSqlSession.selectList(DbSqlSession.java:419)
	at org.activiti.engine.impl.persistence.entity.JobEntityManager.findJobsByQueryCriteria(JobEntityManager.java:198)
	at org.activiti.engine.impl.JobQueryImpl.executeList(JobQueryImpl.java:243)
	at org.activiti.engine.impl.AbstractQuery.execute(AbstractQuery.java:164)
	at org.activiti.engine.impl.interceptor.CommandInvoker.execute(CommandInvoker.java:24)
	at org.activiti.engine.impl.interceptor.CommandContextInterceptor.execute(CommandContextInterceptor.java:57)
	at org.activiti.engine.impl.interceptor.LogInterceptor.execute(LogInterceptor.java:37)
	at org.activiti.engine.impl.cfg.CommandExecutorImpl.execute(CommandExecutorImpl.java:40)
	at org.activiti.engine.impl.cfg.CommandExecutorImpl.execute(CommandExecutorImpl.java:35)
	at org.activiti.engine.impl.AbstractQuery.list(AbstractQuery.java:138)
	at org.activiti.engine.impl.test.JobTestHelper.areJobsAvailable(JobTestHelper.java:194)
	at org.activiti.engine.impl.test.JobTestHelper.waitForJobExecutorToProcessAllJobs(JobTestHelper.java:74)
	at org.activiti.engine.impl.test.JobTestHelper.waitForJobExecutorToProcessAllJobs(JobTestHelper.java:47)
	at org.activiti.engine.impl.test.AbstractActivitiTestCase.waitForJobExecutorToProcessAllJobs(AbstractActivitiTestCase.java:204)
	at org.activiti.engine.test.bpmn.servicetask.ServiceTaskVariablesTest.testSerializedVariablesThirdAsync(ServiceTaskVariablesTest.java:94)
	at sun.reflect.NativeMethodAccessorImpl.invoke0(Native Method)
	at sun.reflect.NativeMethodAccessorImpl.invoke(NativeMethodAccessorImpl.java:62)
	at sun.reflect.DelegatingMethodAccessorImpl.invoke(DelegatingMethodAccessorImpl.java:43)
	at java.lang.reflect.Method.invoke(Method.java:498)
	at junit.framework.TestCase.runTest(TestCase.java:176)
	at org.activiti.engine.impl.test.PvmTestCase.runTest(PvmTestCase.java:65)
	at junit.framework.TestCase.runBare(TestCase.java:141)
	at org.activiti.engine.impl.test.AbstractActivitiTestCase.runBare(AbstractActivitiTestCase.java:100)
	at junit.framework.TestResult$1.protect(TestResult.java:122)
	at junit.framework.TestResult.runProtected(TestResult.java:142)
	at junit.framework.TestResult.run(TestResult.java:125)
	at junit.framework.TestCase.run(TestCase.java:129)
	at junit.framework.TestSuite.runTest(TestSuite.java:255)
	at junit.framework.TestSuite.run(TestSuite.java:250)
	at org.junit.internal.runners.JUnit38ClassRunner.run(JUnit38ClassRunner.java:84)
	at org.apache.maven.surefire.junit4.JUnit4TestSet.execute(JUnit4TestSet.java:35)
	at org.apache.maven.surefire.junit4.JUnit4Provider.executeTestSet(JUnit4Provider.java:146)
	at org.apache.maven.surefire.junit4.JUnit4Provider.invoke(JUnit4Provider.java:97)
	at sun.reflect.NativeMethodAccessorImpl.invoke0(Native Method)
	at sun.reflect.NativeMethodAccessorImpl.invoke(NativeMethodAccessorImpl.java:62)
	at sun.reflect.DelegatingMethodAccessorImpl.invoke(DelegatingMethodAccessorImpl.java:43)
	at java.lang.reflect.Method.invoke(Method.java:498)
	at org.apache.maven.surefire.booter.ProviderFactory$ClassLoaderProxy.invoke(ProviderFactory.java:103)
	at com.sun.proxy.$Proxy0.invoke(Unknown Source)
	at org.apache.maven.surefire.booter.SurefireStarter.invokeProvider(SurefireStarter.java:145)
	at org.apache.maven.surefire.booter.SurefireStarter.runSuitesInProcess(SurefireStarter.java:87)
	at org.apache.maven.surefire.booter.ForkedBooter.main(ForkedBooter.java:69)
Caused by: org.h2.jdbc.JdbcSQLException: Syntax error in SQL statement &quot;SELECT RES.* 
     
    FROM ACT_RU_JOB RES
     
      
   
     ORDER BY  ORDER[*] BY RES.ID_ ASC  
    LIMIT ? OFFSET ? &quot;; expected &quot;=, NOT, EXISTS, INTERSECTS, SELECT, FROM&quot;; SQL statement:
select RES.* 
     
    from ACT_RU_JOB RES
     
      
   
     order by  order by RES.ID_ asc  
    LIMIT ? OFFSET ? [42001-176]
	at org.h2.message.DbException.getJdbcSQLException(DbException.java:344)
	at org.h2.message.DbException.getSyntaxError(DbException.java:204)
	at org.h2.command.Parser.getSyntaxError(Parser.java:524)
	at org.h2.command.Parser.readTerm(Parser.java:2688)
	at org.h2.command.Parser.readFactor(Parser.java:2244)
	at org.h2.command.Parser.readSum(Parser.java:2231)
	at org.h2.command.Parser.readConcat(Parser.java:2201)
	at org.h2.command.Parser.readCondition(Parser.java:2051)
	at org.h2.command.Parser.readAnd(Parser.java:2023)
	at org.h2.command.Parser.readExpression(Parser.java:2015)
	at org.h2.command.Parser.parseEndOfQuery(Parser.java:1726)
	at org.h2.command.Parser.parseSelectUnionExtension(Parser.java:1706)
	at org.h2.command.Parser.parseSelectUnion(Parser.java:1675)
	at org.h2.command.Parser.parseSelect(Parser.java:1662)
	at org.h2.command.Parser.parsePrepared(Parser.java:434)
	at org.h2.command.Parser.parse(Parser.java:306)
	at org.h2.command.Parser.parse(Parser.java:282)
	at org.h2.command.Parser.prepareCommand(Parser.java:243)
	at org.h2.engine.Session.prepareLocal(Session.java:442)
	at org.h2.engine.Session.prepareCommand(Session.java:384)
	at org.h2.jdbc.JdbcConnection.prepareCommand(JdbcConnection.java:1188)
	at org.h2.jdbc.JdbcPreparedStatement.&lt;init&gt;(JdbcPreparedStatement.java:73)
	at org.h2.jdbc.JdbcConnection.prepareStatement(JdbcConnection.java:276)
	at sun.reflect.GeneratedMethodAccessor6.invoke(Unknown Source)
	at sun.reflect.DelegatingMethodAccessorImpl.invoke(DelegatingMethodAccessorImpl.java:43)
	at java.lang.reflect.Method.invoke(Method.java:498)
	at org.apache.ibatis.datasource.pooled.PooledConnection.invoke(PooledConnection.java:245)
	at com.sun.proxy.$Proxy12.prepareStatement(Unknown Source)
	at sun.reflect.GeneratedMethodAccessor6.invoke(Unknown Source)
	at sun.reflect.DelegatingMethodAccessorImpl.invoke(DelegatingMethodAccessorImpl.java:43)
	at java.lang.reflect.Method.invoke(Method.java:498)
	at org.apache.ibatis.logging.jdbc.ConnectionLogger.invoke(ConnectionLogger.java:55)
	at com.sun.proxy.$Proxy12.prepareStatement(Unknown Source)
	at org.apache.ibatis.executor.statement.PreparedStatementHandler.instantiateStatement(PreparedStatementHandler.java:79)
	at org.apache.ibatis.executor.statement.BaseStatementHandler.prepare(BaseStatementHandler.java:88)
	at org.apache.ibatis.executor.statement.RoutingStatementHandler.prepare(RoutingStatementHandler.java:58)
	at org.apache.ibatis.executor.SimpleExecutor.prepareStatement(SimpleExecutor.java:76)
	at org.apache.ibatis.executor.SimpleExecutor.doQuery(SimpleExecutor.java:61)
	at org.apache.ibatis.executor.BaseExecutor.queryFromDatabase(BaseExecutor.java:303)
	at org.apache.ibatis.executor.BaseExecutor.query(BaseExecutor.java:154)
	at org.apache.ibatis.executor.CachingExecutor.query(CachingExecutor.java:102)
	at org.apache.ibatis.executor.CachingExecutor.query(CachingExecutor.java:82)
	at org.apache.ibatis.session.defaults.DefaultSqlSession.selectList(DefaultSqlSession.java:120)
	... 45 more
10:46:53,553 [main] DEBUG org.activiti.engine.impl.cfg.standalone.StandaloneMybatisTransactionContext  - firing event rolling back...
10:46:53,553 [main] DEBUG org.activiti.engine.impl.cfg.standalone.StandaloneMybatisTransactionContext  - rolling back ibatis sql session...
10:46:53,554 [main] DEBUG org.activiti.engine.impl.cfg.standalone.StandaloneMybatisTransactionContext  - firing event rolled back...
10:46:53,554 [main] DEBUG org.apache.ibatis.transaction.jdbc.JdbcTransaction  - Resetting autocommit to true on JDBC Connection [conn6: url=jdbc:h2:mem:activiti user=SA]
10:46:53,554 [main] DEBUG org.apache.ibatis.transaction.jdbc.JdbcTransaction  - Closing JDBC Connection [conn6: url=jdbc:h2:mem:activiti user=SA]
10:46:53,554 [main] DEBUG org.apache.ibatis.datasource.pooled.PooledDataSource  - Returned connection 486346394 to pool.
10:46:53,554 [main] DEBUG org.activiti.engine.impl.interceptor.LogInterceptor  - --- JobQueryImpl finished --------------------------------------------------------
10:46:53,554 [main] DEBUG org.activiti.engine.impl.interceptor.LogInterceptor  - 

10:46:53,646 [Thread-45] DEBUG org.activiti.engine.impl.asyncexecutor.AcquireAsyncJobsDueRunnable  - async job acquisition thread woke up
10:46:53,647 [Thread-45] DEBUG org.activiti.engine.impl.interceptor.LogInterceptor  - 

10:46:53,647 [Thread-45] DEBUG org.activiti.engine.impl.interceptor.LogInterceptor  - --- starting AcquireAsyncJobsDueCmd --------------------------------------------------------
10:46:53,647 [Thread-45] DEBUG org.apache.ibatis.transaction.jdbc.JdbcTransaction  - Opening JDBC Connection
10:46:53,647 [Thread-45] DEBUG org.apache.ibatis.datasource.pooled.PooledDataSource  - Checked out connection 297240765 from pool.
10:46:53,647 [Thread-45] DEBUG org.apache.ibatis.transaction.jdbc.JdbcTransaction  - Setting autocommit to false on JDBC Connection [conn4: url=jdbc:h2:mem:activiti user=SA]
10:46:53,647 [Thread-45] DEBUG org.activiti.engine.impl.persistence.entity.JobEntity.selectAsyncJobsDueToExecute  - ==&gt;  Preparing: select RES.* from ACT_RU_JOB RES LEFT OUTER JOIN ACT_RU_EXECUTION PI ON PI.ID_ = RES.PROCESS_INSTANCE_ID_ where RES.RETRIES_ &gt; 0 and RES.DUEDATE_ is not null and RES.DUEDATE_ &lt;= ? and (RES.LOCK_EXP_TIME_ is null or RES.LOCK_EXP_TIME_ &lt;= ?) and TYPE_ = &apos;message&apos; and ( (RES.EXECUTION_ID_ is null) or (PI.SUSPENSION_STATE_ = 1) ) LIMIT ? OFFSET ? 
10:46:53,647 [Thread-45] DEBUG org.activiti.engine.impl.persistence.entity.JobEntity.selectAsyncJobsDueToExecute  - ==&gt; Parameters: 2023-03-20 10:46:46.742(Timestamp), 2023-03-20 10:46:46.742(Timestamp), 1(Integer), 0(Integer)
10:46:53,647 [Thread-45] DEBUG org.activiti.engine.impl.persistence.entity.JobEntity.selectAsyncJobsDueToExecute  - &lt;==      Total: 0
10:46:53,647 [Thread-45] DEBUG org.activiti.engine.impl.db.DbSqlSession  - flush summary: 0 insert, 0 update, 0 delete.
10:46:53,647 [Thread-45] DEBUG org.activiti.engine.impl.db.DbSqlSession  - now executing flush...
10:46:53,647 [Thread-45] DEBUG org.activiti.engine.impl.cfg.standalone.StandaloneMybatisTransactionContext  - firing event committing...
10:46:53,647 [Thread-45] DEBUG org.activiti.engine.impl.cfg.standalone.StandaloneMybatisTransactionContext  - committing the ibatis sql session...
10:46:53,647 [Thread-45] DEBUG org.activiti.engine.impl.cfg.standalone.StandaloneMybatisTransactionContext  - firing event committed...
10:46:53,647 [Thread-45] DEBUG org.apache.ibatis.transaction.jdbc.JdbcTransaction  - Resetting autocommit to true on JDBC Connection [conn4: url=jdbc:h2:mem:activiti user=SA]
10:46:53,647 [Thread-45] DEBUG org.apache.ibatis.transaction.jdbc.JdbcTransaction  - Closing JDBC Connection [conn4: url=jdbc:h2:mem:activiti user=SA]
10:46:53,647 [Thread-45] DEBUG org.apache.ibatis.datasource.pooled.PooledDataSource  - Returned connection 297240765 to pool.
10:46:53,647 [Thread-45] DEBUG org.activiti.engine.impl.interceptor.LogInterceptor  - --- AcquireAsyncJobsDueCmd finished --------------------------------------------------------
10:46:53,647 [Thread-45] DEBUG org.activiti.engine.impl.interceptor.LogInterceptor  - 

10:46:53,647 [Thread-45] DEBUG org.activiti.engine.impl.asyncexecutor.AcquireAsyncJobsDueRunnable  - async job acquisition thread sleeping for 1000 millis
10:46:54,084 [main] DEBUG org.activiti.engine.impl.interceptor.LogInterceptor  - 

10:46:54,084 [main] DEBUG org.activiti.engine.impl.interceptor.LogInterceptor  - --- starting JobQueryImpl --------------------------------------------------------
10:46:54,084 [main] DEBUG org.apache.ibatis.transaction.jdbc.JdbcTransaction  - Opening JDBC Connection
10:46:54,085 [main] DEBUG org.apache.ibatis.datasource.pooled.PooledDataSource  - Checked out connection 180014677 from pool.
10:46:54,085 [main] DEBUG org.apache.ibatis.transaction.jdbc.JdbcTransaction  - Setting autocommit to false on JDBC Connection [conn3: url=jdbc:h2:mem:activiti user=SA]
10:46:54,085 [main] DEBUG org.activiti.engine.impl.persistence.entity.JobEntity.selectJobByQueryCriteria  - ==&gt;  Preparing: select RES.* from ACT_RU_JOB RES order by order by RES.ID_ asc LIMIT ? OFFSET ? 
10:46:54,085 [main] DEBUG org.activiti.engine.impl.interceptor.CommandContext  - Error while closing command context
org.apache.ibatis.exceptions.PersistenceException: 
### Error querying database.  Cause: org.h2.jdbc.JdbcSQLException: Syntax error in SQL statement &quot;SELECT RES.* 
     
    FROM ACT_RU_JOB RES
     
      
   
     ORDER BY  ORDER[*] BY RES.ID_ ASC  
    LIMIT ? OFFSET ? &quot;; expected &quot;=, NOT, EXISTS, INTERSECTS, SELECT, FROM&quot;; SQL statement:
select RES.* 
     
    from ACT_RU_JOB RES
     
      
   
     order by  order by RES.ID_ asc  
    LIMIT ? OFFSET ? [42001-176]
### The error may exist in org/activiti/db/mapping/entity/Job.xml
### The error may involve org.activiti.engine.impl.persistence.entity.JobEntity.selectJobByQueryCriteria
### The error occurred while executing a query
### SQL: select RES.*            from ACT_RU_JOB RES                       order by  order by RES.ID_ asc       LIMIT ? OFFSET ?
### Cause: org.h2.jdbc.JdbcSQLException: Syntax error in SQL statement &quot;SELECT RES.* 
     
    FROM ACT_RU_JOB RES
     
      
   
     ORDER BY  ORDER[*] BY RES.ID_ ASC  
    LIMIT ? OFFSET ? &quot;; expected &quot;=, NOT, EXISTS, INTERSECTS, SELECT, FROM&quot;; SQL statement:
select RES.* 
     
    from ACT_RU_JOB RES
     
      
   
     order by  order by RES.ID_ asc  
    LIMIT ? OFFSET ? [42001-176]
	at org.apache.ibatis.exceptions.ExceptionFactory.wrapException(ExceptionFactory.java:30)
	at org.apache.ibatis.session.defaults.DefaultSqlSession.selectList(DefaultSqlSession.java:122)
	at org.apache.ibatis.session.defaults.DefaultSqlSession.selectList(DefaultSqlSession.java:113)
	at org.activiti.engine.impl.db.DbSqlSession.selectListWithRawParameter(DbSqlSession.java:438)
	at org.activiti.engine.impl.db.DbSqlSession.selectList(DbSqlSession.java:429)
	at org.activiti.engine.impl.db.DbSqlSession.selectList(DbSqlSession.java:419)
	at org.activiti.engine.impl.persistence.entity.JobEntityManager.findJobsByQueryCriteria(JobEntityManager.java:198)
	at org.activiti.engine.impl.JobQueryImpl.executeList(JobQueryImpl.java:243)
	at org.activiti.engine.impl.AbstractQuery.execute(AbstractQuery.java:164)
	at org.activiti.engine.impl.interceptor.CommandInvoker.execute(CommandInvoker.java:24)
	at org.activiti.engine.impl.interceptor.CommandContextInterceptor.execute(CommandContextInterceptor.java:57)
	at org.activiti.engine.impl.interceptor.LogInterceptor.execute(LogInterceptor.java:37)
	at org.activiti.engine.impl.cfg.CommandExecutorImpl.execute(CommandExecutorImpl.java:40)
	at org.activiti.engine.impl.cfg.CommandExecutorImpl.execute(CommandExecutorImpl.java:35)
	at org.activiti.engine.impl.AbstractQuery.list(AbstractQuery.java:138)
	at org.activiti.engine.impl.test.JobTestHelper.areJobsAvailable(JobTestHelper.java:194)
	at org.activiti.engine.impl.test.JobTestHelper.waitForJobExecutorToProcessAllJobs(JobTestHelper.java:74)
	at org.activiti.engine.impl.test.JobTestHelper.waitForJobExecutorToProcessAllJobs(JobTestHelper.java:47)
	at org.activiti.engine.impl.test.AbstractActivitiTestCase.waitForJobExecutorToProcessAllJobs(AbstractActivitiTestCase.java:204)
	at org.activiti.engine.test.bpmn.servicetask.ServiceTaskVariablesTest.testSerializedVariablesThirdAsync(ServiceTaskVariablesTest.java:94)
	at sun.reflect.NativeMethodAccessorImpl.invoke0(Native Method)
	at sun.reflect.NativeMethodAccessorImpl.invoke(NativeMethodAccessorImpl.java:62)
	at sun.reflect.DelegatingMethodAccessorImpl.invoke(DelegatingMethodAccessorImpl.java:43)
	at java.lang.reflect.Method.invoke(Method.java:498)
	at junit.framework.TestCase.runTest(TestCase.java:176)
	at org.activiti.engine.impl.test.PvmTestCase.runTest(PvmTestCase.java:65)
	at junit.framework.TestCase.runBare(TestCase.java:141)
	at org.activiti.engine.impl.test.AbstractActivitiTestCase.runBare(AbstractActivitiTestCase.java:100)
	at junit.framework.TestResult$1.protect(TestResult.java:122)
	at junit.framework.TestResult.runProtected(TestResult.java:142)
	at junit.framework.TestResult.run(TestResult.java:125)
	at junit.framework.TestCase.run(TestCase.java:129)
	at junit.framework.TestSuite.runTest(TestSuite.java:255)
	at junit.framework.TestSuite.run(TestSuite.java:250)
	at org.junit.internal.runners.JUnit38ClassRunner.run(JUnit38ClassRunner.java:84)
	at org.apache.maven.surefire.junit4.JUnit4TestSet.execute(JUnit4TestSet.java:35)
	at org.apache.maven.surefire.junit4.JUnit4Provider.executeTestSet(JUnit4Provider.java:146)
	at org.apache.maven.surefire.junit4.JUnit4Provider.invoke(JUnit4Provider.java:97)
	at sun.reflect.NativeMethodAccessorImpl.invoke0(Native Method)
	at sun.reflect.NativeMethodAccessorImpl.invoke(NativeMethodAccessorImpl.java:62)
	at sun.reflect.DelegatingMethodAccessorImpl.invoke(DelegatingMethodAccessorImpl.java:43)
	at java.lang.reflect.Method.invoke(Method.java:498)
	at org.apache.maven.surefire.booter.ProviderFactory$ClassLoaderProxy.invoke(ProviderFactory.java:103)
	at com.sun.proxy.$Proxy0.invoke(Unknown Source)
	at org.apache.maven.surefire.booter.SurefireStarter.invokeProvider(SurefireStarter.java:145)
	at org.apache.maven.surefire.booter.SurefireStarter.runSuitesInProcess(SurefireStarter.java:87)
	at org.apache.maven.surefire.booter.ForkedBooter.main(ForkedBooter.java:69)
Caused by: org.h2.jdbc.JdbcSQLException: Syntax error in SQL statement &quot;SELECT RES.* 
     
    FROM ACT_RU_JOB RES
     
      
   
     ORDER BY  ORDER[*] BY RES.ID_ ASC  
    LIMIT ? OFFSET ? &quot;; expected &quot;=, NOT, EXISTS, INTERSECTS, SELECT, FROM&quot;; SQL statement:
select RES.* 
     
    from ACT_RU_JOB RES
     
      
   
     order by  order by RES.ID_ asc  
    LIMIT ? OFFSET ? [42001-176]
	at org.h2.message.DbException.getJdbcSQLException(DbException.java:344)
	at org.h2.message.DbException.getSyntaxError(DbException.java:204)
	at org.h2.command.Parser.getSyntaxError(Parser.java:524)
	at org.h2.command.Parser.readTerm(Parser.java:2688)
	at org.h2.command.Parser.readFactor(Parser.java:2244)
	at org.h2.command.Parser.readSum(Parser.java:2231)
	at org.h2.command.Parser.readConcat(Parser.java:2201)
	at org.h2.command.Parser.readCondition(Parser.java:2051)
	at org.h2.command.Parser.readAnd(Parser.java:2023)
	at org.h2.command.Parser.readExpression(Parser.java:2015)
	at org.h2.command.Parser.parseEndOfQuery(Parser.java:1726)
	at org.h2.command.Parser.parseSelectUnionExtension(Parser.java:1706)
	at org.h2.command.Parser.parseSelectUnion(Parser.java:1675)
	at org.h2.command.Parser.parseSelect(Parser.java:1662)
	at org.h2.command.Parser.parsePrepared(Parser.java:434)
	at org.h2.command.Parser.parse(Parser.java:306)
	at org.h2.command.Parser.parse(Parser.java:282)
	at org.h2.command.Parser.prepareCommand(Parser.java:243)
	at org.h2.engine.Session.prepareLocal(Session.java:442)
	at org.h2.engine.Session.prepareCommand(Session.java:384)
	at org.h2.jdbc.JdbcConnection.prepareCommand(JdbcConnection.java:1188)
	at org.h2.jdbc.JdbcPreparedStatement.&lt;init&gt;(JdbcPreparedStatement.java:73)
	at org.h2.jdbc.JdbcConnection.prepareStatement(JdbcConnection.java:276)
	at sun.reflect.GeneratedMethodAccessor6.invoke(Unknown Source)
	at sun.reflect.DelegatingMethodAccessorImpl.invoke(DelegatingMethodAccessorImpl.java:43)
	at java.lang.reflect.Method.invoke(Method.java:498)
	at org.apache.ibatis.datasource.pooled.PooledConnection.invoke(PooledConnection.java:245)
	at com.sun.proxy.$Proxy12.prepareStatement(Unknown Source)
	at sun.reflect.GeneratedMethodAccessor6.invoke(Unknown Source)
	at sun.reflect.DelegatingMethodAccessorImpl.invoke(DelegatingMethodAccessorImpl.java:43)
	at java.lang.reflect.Method.invoke(Method.java:498)
	at org.apache.ibatis.logging.jdbc.ConnectionLogger.invoke(ConnectionLogger.java:55)
	at com.sun.proxy.$Proxy12.prepareStatement(Unknown Source)
	at org.apache.ibatis.executor.statement.PreparedStatementHandler.instantiateStatement(PreparedStatementHandler.java:79)
	at org.apache.ibatis.executor.statement.BaseStatementHandler.prepare(BaseStatementHandler.java:88)
	at org.apache.ibatis.executor.statement.RoutingStatementHandler.prepare(RoutingStatementHandler.java:58)
	at org.apache.ibatis.executor.SimpleExecutor.prepareStatement(SimpleExecutor.java:76)
	at org.apache.ibatis.executor.SimpleExecutor.doQuery(SimpleExecutor.java:61)
	at org.apache.ibatis.executor.BaseExecutor.queryFromDatabase(BaseExecutor.java:303)
	at org.apache.ibatis.executor.BaseExecutor.query(BaseExecutor.java:154)
	at org.apache.ibatis.executor.CachingExecutor.query(CachingExecutor.java:102)
	at org.apache.ibatis.executor.CachingExecutor.query(CachingExecutor.java:82)
	at org.apache.ibatis.session.defaults.DefaultSqlSession.selectList(DefaultSqlSession.java:120)
	... 45 more
10:46:54,085 [main] DEBUG org.activiti.engine.impl.cfg.standalone.StandaloneMybatisTransactionContext  - firing event rolling back...
10:46:54,085 [main] DEBUG org.activiti.engine.impl.cfg.standalone.StandaloneMybatisTransactionContext  - rolling back ibatis sql session...
10:46:54,085 [main] DEBUG org.activiti.engine.impl.cfg.standalone.StandaloneMybatisTransactionContext  - firing event rolled back...
10:46:54,085 [main] DEBUG org.apache.ibatis.transaction.jdbc.JdbcTransaction  - Resetting autocommit to true on JDBC Connection [conn3: url=jdbc:h2:mem:activiti user=SA]
10:46:54,085 [main] DEBUG org.apache.ibatis.transaction.jdbc.JdbcTransaction  - Closing JDBC Connection [conn3: url=jdbc:h2:mem:activiti user=SA]
10:46:54,085 [main] DEBUG org.apache.ibatis.datasource.pooled.PooledDataSource  - Returned connection 180014677 to pool.
10:46:54,085 [main] DEBUG org.activiti.engine.impl.interceptor.LogInterceptor  - --- JobQueryImpl finished --------------------------------------------------------
10:46:54,085 [main] DEBUG org.activiti.engine.impl.interceptor.LogInterceptor  - 

10:46:54,099 [Thread-44] DEBUG org.activiti.engine.impl.asyncexecutor.AcquireTimerJobsRunnable  - timer job acquisition thread woke up
10:46:54,100 [Thread-44] DEBUG org.activiti.engine.impl.interceptor.LogInterceptor  - 

10:46:54,100 [Thread-44] DEBUG org.activiti.engine.impl.interceptor.LogInterceptor  - --- starting AcquireTimerJobsCmd --------------------------------------------------------
10:46:54,101 [Thread-44] DEBUG org.apache.ibatis.transaction.jdbc.JdbcTransaction  - Opening JDBC Connection
10:46:54,122 [Thread-44] DEBUG org.apache.ibatis.datasource.pooled.PooledDataSource  - Checked out connection 363509958 from pool.
10:46:54,122 [Thread-44] DEBUG org.apache.ibatis.transaction.jdbc.JdbcTransaction  - Setting autocommit to false on JDBC Connection [conn2: url=jdbc:h2:mem:activiti user=SA]
10:46:54,122 [Thread-44] DEBUG org.activiti.engine.impl.persistence.entity.JobEntity.selectNextTimerJobsToExecute  - ==&gt;  Preparing: select RES.* from ACT_RU_JOB RES LEFT OUTER JOIN ACT_RU_EXECUTION PI ON PI.ID_ = RES.PROCESS_INSTANCE_ID_ where (RES.RETRIES_ &gt; 0) and (RES.DUEDATE_ is null or RES.DUEDATE_ &lt;= ?) and (RES.LOCK_OWNER_ is null or RES.LOCK_EXP_TIME_ &lt;= ?) and TYPE_ = &apos;timer&apos; and ( (RES.EXECUTION_ID_ is null) or (PI.SUSPENSION_STATE_ = 1) ) LIMIT ? OFFSET ? 
10:46:54,122 [Thread-44] DEBUG org.activiti.engine.impl.persistence.entity.JobEntity.selectNextTimerJobsToExecute  - ==&gt; Parameters: 2023-03-20 10:46:46.742(Timestamp), 2023-03-20 10:46:46.742(Timestamp), 1(Integer), 0(Integer)
10:46:54,122 [Thread-44] DEBUG org.activiti.engine.impl.persistence.entity.JobEntity.selectNextTimerJobsToExecute  - &lt;==      Total: 0
10:46:54,122 [Thread-44] DEBUG org.activiti.engine.impl.db.DbSqlSession  - flush summary: 0 insert, 0 update, 0 delete.
10:46:54,122 [Thread-44] DEBUG org.activiti.engine.impl.db.DbSqlSession  - now executing flush...
10:46:54,122 [Thread-44] DEBUG org.activiti.engine.impl.cfg.standalone.StandaloneMybatisTransactionContext  - firing event committing...
10:46:54,122 [Thread-44] DEBUG org.activiti.engine.impl.cfg.standalone.StandaloneMybatisTransactionContext  - committing the ibatis sql session...
10:46:54,122 [Thread-44] DEBUG org.activiti.engine.impl.cfg.standalone.StandaloneMybatisTransactionContext  - firing event committed...
10:46:54,122 [Thread-44] DEBUG org.apache.ibatis.transaction.jdbc.JdbcTransaction  - Resetting autocommit to true on JDBC Connection [conn2: url=jdbc:h2:mem:activiti user=SA]
10:46:54,122 [Thread-44] DEBUG org.apache.ibatis.transaction.jdbc.JdbcTransaction  - Closing JDBC Connection [conn2: url=jdbc:h2:mem:activiti user=SA]
10:46:54,122 [Thread-44] DEBUG org.apache.ibatis.datasource.pooled.PooledDataSource  - Returned connection 363509958 to pool.
10:46:54,122 [Thread-44] DEBUG org.activiti.engine.impl.interceptor.LogInterceptor  - --- AcquireTimerJobsCmd finished --------------------------------------------------------
10:46:54,122 [Thread-44] DEBUG org.activiti.engine.impl.interceptor.LogInterceptor  - 

10:46:54,123 [Thread-44] DEBUG org.activiti.engine.impl.asyncexecutor.AcquireTimerJobsRunnable  - timer job acquisition thread sleeping for 1000 millis
10:46:54,590 [main] DEBUG org.activiti.engine.impl.interceptor.LogInterceptor  - 

10:46:54,590 [main] DEBUG org.activiti.engine.impl.interceptor.LogInterceptor  - --- starting JobQueryImpl --------------------------------------------------------
10:46:54,590 [main] DEBUG org.apache.ibatis.transaction.jdbc.JdbcTransaction  - Opening JDBC Connection
10:46:54,590 [main] DEBUG org.apache.ibatis.datasource.pooled.PooledDataSource  - Checked out connection 486346394 from pool.
10:46:54,590 [main] DEBUG org.apache.ibatis.transaction.jdbc.JdbcTransaction  - Setting autocommit to false on JDBC Connection [conn6: url=jdbc:h2:mem:activiti user=SA]
10:46:54,590 [main] DEBUG org.activiti.engine.impl.persistence.entity.JobEntity.selectJobByQueryCriteria  - ==&gt;  Preparing: select RES.* from ACT_RU_JOB RES order by order by RES.ID_ asc LIMIT ? OFFSET ? 
10:46:54,590 [main] DEBUG org.activiti.engine.impl.interceptor.CommandContext  - Error while closing command context
org.apache.ibatis.exceptions.PersistenceException: 
### Error querying database.  Cause: org.h2.jdbc.JdbcSQLException: Syntax error in SQL statement &quot;SELECT RES.* 
     
    FROM ACT_RU_JOB RES
     
      
   
     ORDER BY  ORDER[*] BY RES.ID_ ASC  
    LIMIT ? OFFSET ? &quot;; expected &quot;=, NOT, EXISTS, INTERSECTS, SELECT, FROM&quot;; SQL statement:
select RES.* 
     
    from ACT_RU_JOB RES
     
      
   
     order by  order by RES.ID_ asc  
    LIMIT ? OFFSET ? [42001-176]
### The error may exist in org/activiti/db/mapping/entity/Job.xml
### The error may involve org.activiti.engine.impl.persistence.entity.JobEntity.selectJobByQueryCriteria
### The error occurred while executing a query
### SQL: select RES.*            from ACT_RU_JOB RES                       order by  order by RES.ID_ asc       LIMIT ? OFFSET ?
### Cause: org.h2.jdbc.JdbcSQLException: Syntax error in SQL statement &quot;SELECT RES.* 
     
    FROM ACT_RU_JOB RES
     
      
   
     ORDER BY  ORDER[*] BY RES.ID_ ASC  
    LIMIT ? OFFSET ? &quot;; expected &quot;=, NOT, EXISTS, INTERSECTS, SELECT, FROM&quot;; SQL statement:
select RES.* 
     
    from ACT_RU_JOB RES
     
      
   
     order by  order by RES.ID_ asc  
    LIMIT ? OFFSET ? [42001-176]
	at org.apache.ibatis.exceptions.ExceptionFactory.wrapException(ExceptionFactory.java:30)
	at org.apache.ibatis.session.defaults.DefaultSqlSession.selectList(DefaultSqlSession.java:122)
	at org.apache.ibatis.session.defaults.DefaultSqlSession.selectList(DefaultSqlSession.java:113)
	at org.activiti.engine.impl.db.DbSqlSession.selectListWithRawParameter(DbSqlSession.java:438)
	at org.activiti.engine.impl.db.DbSqlSession.selectList(DbSqlSession.java:429)
	at org.activiti.engine.impl.db.DbSqlSession.selectList(DbSqlSession.java:419)
	at org.activiti.engine.impl.persistence.entity.JobEntityManager.findJobsByQueryCriteria(JobEntityManager.java:198)
	at org.activiti.engine.impl.JobQueryImpl.executeList(JobQueryImpl.java:243)
	at org.activiti.engine.impl.AbstractQuery.execute(AbstractQuery.java:164)
	at org.activiti.engine.impl.interceptor.CommandInvoker.execute(CommandInvoker.java:24)
	at org.activiti.engine.impl.interceptor.CommandContextInterceptor.execute(CommandContextInterceptor.java:57)
	at org.activiti.engine.impl.interceptor.LogInterceptor.execute(LogInterceptor.java:37)
	at org.activiti.engine.impl.cfg.CommandExecutorImpl.execute(CommandExecutorImpl.java:40)
	at org.activiti.engine.impl.cfg.CommandExecutorImpl.execute(CommandExecutorImpl.java:35)
	at org.activiti.engine.impl.AbstractQuery.list(AbstractQuery.java:138)
	at org.activiti.engine.impl.test.JobTestHelper.areJobsAvailable(JobTestHelper.java:194)
	at org.activiti.engine.impl.test.JobTestHelper.waitForJobExecutorToProcessAllJobs(JobTestHelper.java:74)
	at org.activiti.engine.impl.test.JobTestHelper.waitForJobExecutorToProcessAllJobs(JobTestHelper.java:47)
	at org.activiti.engine.impl.test.AbstractActivitiTestCase.waitForJobExecutorToProcessAllJobs(AbstractActivitiTestCase.java:204)
	at org.activiti.engine.test.bpmn.servicetask.ServiceTaskVariablesTest.testSerializedVariablesThirdAsync(ServiceTaskVariablesTest.java:94)
	at sun.reflect.NativeMethodAccessorImpl.invoke0(Native Method)
	at sun.reflect.NativeMethodAccessorImpl.invoke(NativeMethodAccessorImpl.java:62)
	at sun.reflect.DelegatingMethodAccessorImpl.invoke(DelegatingMethodAccessorImpl.java:43)
	at java.lang.reflect.Method.invoke(Method.java:498)
	at junit.framework.TestCase.runTest(TestCase.java:176)
	at org.activiti.engine.impl.test.PvmTestCase.runTest(PvmTestCase.java:65)
	at junit.framework.TestCase.runBare(TestCase.java:141)
	at org.activiti.engine.impl.test.AbstractActivitiTestCase.runBare(AbstractActivitiTestCase.java:100)
	at junit.framework.TestResult$1.protect(TestResult.java:122)
	at junit.framework.TestResult.runProtected(TestResult.java:142)
	at junit.framework.TestResult.run(TestResult.java:125)
	at junit.framework.TestCase.run(TestCase.java:129)
	at junit.framework.TestSuite.runTest(TestSuite.java:255)
	at junit.framework.TestSuite.run(TestSuite.java:250)
	at org.junit.internal.runners.JUnit38ClassRunner.run(JUnit38ClassRunner.java:84)
	at org.apache.maven.surefire.junit4.JUnit4TestSet.execute(JUnit4TestSet.java:35)
	at org.apache.maven.surefire.junit4.JUnit4Provider.executeTestSet(JUnit4Provider.java:146)
	at org.apache.maven.surefire.junit4.JUnit4Provider.invoke(JUnit4Provider.java:97)
	at sun.reflect.NativeMethodAccessorImpl.invoke0(Native Method)
	at sun.reflect.NativeMethodAccessorImpl.invoke(NativeMethodAccessorImpl.java:62)
	at sun.reflect.DelegatingMethodAccessorImpl.invoke(DelegatingMethodAccessorImpl.java:43)
	at java.lang.reflect.Method.invoke(Method.java:498)
	at org.apache.maven.surefire.booter.ProviderFactory$ClassLoaderProxy.invoke(ProviderFactory.java:103)
	at com.sun.proxy.$Proxy0.invoke(Unknown Source)
	at org.apache.maven.surefire.booter.SurefireStarter.invokeProvider(SurefireStarter.java:145)
	at org.apache.maven.surefire.booter.SurefireStarter.runSuitesInProcess(SurefireStarter.java:87)
	at org.apache.maven.surefire.booter.ForkedBooter.main(ForkedBooter.java:69)
Caused by: org.h2.jdbc.JdbcSQLException: Syntax error in SQL statement &quot;SELECT RES.* 
     
    FROM ACT_RU_JOB RES
     
      
   
     ORDER BY  ORDER[*] BY RES.ID_ ASC  
    LIMIT ? OFFSET ? &quot;; expected &quot;=, NOT, EXISTS, INTERSECTS, SELECT, FROM&quot;; SQL statement:
select RES.* 
     
    from ACT_RU_JOB RES
     
      
   
     order by  order by RES.ID_ asc  
    LIMIT ? OFFSET ? [42001-176]
	at org.h2.message.DbException.getJdbcSQLException(DbException.java:344)
	at org.h2.message.DbException.getSyntaxError(DbException.java:204)
	at org.h2.command.Parser.getSyntaxError(Parser.java:524)
	at org.h2.command.Parser.readTerm(Parser.java:2688)
	at org.h2.command.Parser.readFactor(Parser.java:2244)
	at org.h2.command.Parser.readSum(Parser.java:2231)
	at org.h2.command.Parser.readConcat(Parser.java:2201)
	at org.h2.command.Parser.readCondition(Parser.java:2051)
	at org.h2.command.Parser.readAnd(Parser.java:2023)
	at org.h2.command.Parser.readExpression(Parser.java:2015)
	at org.h2.command.Parser.parseEndOfQuery(Parser.java:1726)
	at org.h2.command.Parser.parseSelectUnionExtension(Parser.java:1706)
	at org.h2.command.Parser.parseSelectUnion(Parser.java:1675)
	at org.h2.command.Parser.parseSelect(Parser.java:1662)
	at org.h2.command.Parser.parsePrepared(Parser.java:434)
	at org.h2.command.Parser.parse(Parser.java:306)
	at org.h2.command.Parser.parse(Parser.java:282)
	at org.h2.command.Parser.prepareCommand(Parser.java:243)
	at org.h2.engine.Session.prepareLocal(Session.java:442)
	at org.h2.engine.Session.prepareCommand(Session.java:384)
	at org.h2.jdbc.JdbcConnection.prepareCommand(JdbcConnection.java:1188)
	at org.h2.jdbc.JdbcPreparedStatement.&lt;init&gt;(JdbcPreparedStatement.java:73)
	at org.h2.jdbc.JdbcConnection.prepareStatement(JdbcConnection.java:276)
	at sun.reflect.GeneratedMethodAccessor6.invoke(Unknown Source)
	at sun.reflect.DelegatingMethodAccessorImpl.invoke(DelegatingMethodAccessorImpl.java:43)
	at java.lang.reflect.Method.invoke(Method.java:498)
	at org.apache.ibatis.datasource.pooled.PooledConnection.invoke(PooledConnection.java:245)
	at com.sun.proxy.$Proxy12.prepareStatement(Unknown Source)
	at sun.reflect.GeneratedMethodAccessor6.invoke(Unknown Source)
	at sun.reflect.DelegatingMethodAccessorImpl.invoke(DelegatingMethodAccessorImpl.java:43)
	at java.lang.reflect.Method.invoke(Method.java:498)
	at org.apache.ibatis.logging.jdbc.ConnectionLogger.invoke(ConnectionLogger.java:55)
	at com.sun.proxy.$Proxy12.prepareStatement(Unknown Source)
	at org.apache.ibatis.executor.statement.PreparedStatementHandler.instantiateStatement(PreparedStatementHandler.java:79)
	at org.apache.ibatis.executor.statement.BaseStatementHandler.prepare(BaseStatementHandler.java:88)
	at org.apache.ibatis.executor.statement.RoutingStatementHandler.prepare(RoutingStatementHandler.java:58)
	at org.apache.ibatis.executor.SimpleExecutor.prepareStatement(SimpleExecutor.java:76)
	at org.apache.ibatis.executor.SimpleExecutor.doQuery(SimpleExecutor.java:61)
	at org.apache.ibatis.executor.BaseExecutor.queryFromDatabase(BaseExecutor.java:303)
	at org.apache.ibatis.executor.BaseExecutor.query(BaseExecutor.java:154)
	at org.apache.ibatis.executor.CachingExecutor.query(CachingExecutor.java:102)
	at org.apache.ibatis.executor.CachingExecutor.query(CachingExecutor.java:82)
	at org.apache.ibatis.session.defaults.DefaultSqlSession.selectList(DefaultSqlSession.java:120)
	... 45 more
10:46:54,591 [main] DEBUG org.activiti.engine.impl.cfg.standalone.StandaloneMybatisTransactionContext  - firing event rolling back...
10:46:54,591 [main] DEBUG org.activiti.engine.impl.cfg.standalone.StandaloneMybatisTransactionContext  - rolling back ibatis sql session...
10:46:54,591 [main] DEBUG org.activiti.engine.impl.cfg.standalone.StandaloneMybatisTransactionContext  - firing event rolled back...
10:46:54,591 [main] DEBUG org.apache.ibatis.transaction.jdbc.JdbcTransaction  - Resetting autocommit to true on JDBC Connection [conn6: url=jdbc:h2:mem:activiti user=SA]
10:46:54,591 [main] DEBUG org.apache.ibatis.transaction.jdbc.JdbcTransaction  - Closing JDBC Connection [conn6: url=jdbc:h2:mem:activiti user=SA]
10:46:54,591 [main] DEBUG org.apache.ibatis.datasource.pooled.PooledDataSource  - Returned connection 486346394 to pool.
10:46:54,591 [main] DEBUG org.activiti.engine.impl.interceptor.LogInterceptor  - --- JobQueryImpl finished --------------------------------------------------------
10:46:54,591 [main] DEBUG org.activiti.engine.impl.interceptor.LogInterceptor  - 

10:46:54,654 [Thread-45] DEBUG org.activiti.engine.impl.asyncexecutor.AcquireAsyncJobsDueRunnable  - async job acquisition thread woke up
10:46:54,654 [Thread-45] DEBUG org.activiti.engine.impl.interceptor.LogInterceptor  - 

10:46:54,654 [Thread-45] DEBUG org.activiti.engine.impl.interceptor.LogInterceptor  - --- starting AcquireAsyncJobsDueCmd --------------------------------------------------------
10:46:54,654 [Thread-45] DEBUG org.apache.ibatis.transaction.jdbc.JdbcTransaction  - Opening JDBC Connection
10:46:54,654 [Thread-45] DEBUG org.apache.ibatis.datasource.pooled.PooledDataSource  - Checked out connection 297240765 from pool.
10:46:54,654 [Thread-45] DEBUG org.apache.ibatis.transaction.jdbc.JdbcTransaction  - Setting autocommit to false on JDBC Connection [conn4: url=jdbc:h2:mem:activiti user=SA]
10:46:54,654 [Thread-45] DEBUG org.activiti.engine.impl.persistence.entity.JobEntity.selectAsyncJobsDueToExecute  - ==&gt;  Preparing: select RES.* from ACT_RU_JOB RES LEFT OUTER JOIN ACT_RU_EXECUTION PI ON PI.ID_ = RES.PROCESS_INSTANCE_ID_ where RES.RETRIES_ &gt; 0 and RES.DUEDATE_ is not null and RES.DUEDATE_ &lt;= ? and (RES.LOCK_EXP_TIME_ is null or RES.LOCK_EXP_TIME_ &lt;= ?) and TYPE_ = &apos;message&apos; and ( (RES.EXECUTION_ID_ is null) or (PI.SUSPENSION_STATE_ = 1) ) LIMIT ? OFFSET ? 
10:46:54,654 [Thread-45] DEBUG org.activiti.engine.impl.persistence.entity.JobEntity.selectAsyncJobsDueToExecute  - ==&gt; Parameters: 2023-03-20 10:46:46.742(Timestamp), 2023-03-20 10:46:46.742(Timestamp), 1(Integer), 0(Integer)
10:46:54,654 [Thread-45] DEBUG org.activiti.engine.impl.persistence.entity.JobEntity.selectAsyncJobsDueToExecute  - &lt;==      Total: 0
10:46:54,654 [Thread-45] DEBUG org.activiti.engine.impl.db.DbSqlSession  - flush summary: 0 insert, 0 update, 0 delete.
10:46:54,654 [Thread-45] DEBUG org.activiti.engine.impl.db.DbSqlSession  - now executing flush...
10:46:54,654 [Thread-45] DEBUG org.activiti.engine.impl.cfg.standalone.StandaloneMybatisTransactionContext  - firing event committing...
10:46:54,654 [Thread-45] DEBUG org.activiti.engine.impl.cfg.standalone.StandaloneMybatisTransactionContext  - committing the ibatis sql session...
10:46:54,654 [Thread-45] DEBUG org.activiti.engine.impl.cfg.standalone.StandaloneMybatisTransactionContext  - firing event committed...
10:46:54,654 [Thread-45] DEBUG org.apache.ibatis.transaction.jdbc.JdbcTransaction  - Resetting autocommit to true on JDBC Connection [conn4: url=jdbc:h2:mem:activiti user=SA]
10:46:54,655 [Thread-45] DEBUG org.apache.ibatis.transaction.jdbc.JdbcTransaction  - Closing JDBC Connection [conn4: url=jdbc:h2:mem:activiti user=SA]
10:46:54,655 [Thread-45] DEBUG org.apache.ibatis.datasource.pooled.PooledDataSource  - Returned connection 297240765 to pool.
10:46:54,655 [Thread-45] DEBUG org.activiti.engine.impl.interceptor.LogInterceptor  - --- AcquireAsyncJobsDueCmd finished --------------------------------------------------------
10:46:54,655 [Thread-45] DEBUG org.activiti.engine.impl.interceptor.LogInterceptor  - 

10:46:54,655 [Thread-45] DEBUG org.activiti.engine.impl.asyncexecutor.AcquireAsyncJobsDueRunnable  - async job acquisition thread sleeping for 1000 millis
10:46:55,092 [main] DEBUG org.activiti.engine.impl.interceptor.LogInterceptor  - 

10:46:55,092 [main] DEBUG org.activiti.engine.impl.interceptor.LogInterceptor  - --- starting JobQueryImpl --------------------------------------------------------
10:46:55,092 [main] DEBUG org.apache.ibatis.transaction.jdbc.JdbcTransaction  - Opening JDBC Connection
10:46:55,092 [main] DEBUG org.apache.ibatis.datasource.pooled.PooledDataSource  - Checked out connection 180014677 from pool.
10:46:55,092 [main] DEBUG org.apache.ibatis.transaction.jdbc.JdbcTransaction  - Setting autocommit to false on JDBC Connection [conn3: url=jdbc:h2:mem:activiti user=SA]
10:46:55,092 [main] DEBUG org.activiti.engine.impl.persistence.entity.JobEntity.selectJobByQueryCriteria  - ==&gt;  Preparing: select RES.* from ACT_RU_JOB RES order by order by RES.ID_ asc LIMIT ? OFFSET ? 
10:46:55,092 [main] DEBUG org.activiti.engine.impl.interceptor.CommandContext  - Error while closing command context
org.apache.ibatis.exceptions.PersistenceException: 
### Error querying database.  Cause: org.h2.jdbc.JdbcSQLException: Syntax error in SQL statement &quot;SELECT RES.* 
     
    FROM ACT_RU_JOB RES
     
      
   
     ORDER BY  ORDER[*] BY RES.ID_ ASC  
    LIMIT ? OFFSET ? &quot;; expected &quot;=, NOT, EXISTS, INTERSECTS, SELECT, FROM&quot;; SQL statement:
select RES.* 
     
    from ACT_RU_JOB RES
     
      
   
     order by  order by RES.ID_ asc  
    LIMIT ? OFFSET ? [42001-176]
### The error may exist in org/activiti/db/mapping/entity/Job.xml
### The error may involve org.activiti.engine.impl.persistence.entity.JobEntity.selectJobByQueryCriteria
### The error occurred while executing a query
### SQL: select RES.*            from ACT_RU_JOB RES                       order by  order by RES.ID_ asc       LIMIT ? OFFSET ?
### Cause: org.h2.jdbc.JdbcSQLException: Syntax error in SQL statement &quot;SELECT RES.* 
     
    FROM ACT_RU_JOB RES
     
      
   
     ORDER BY  ORDER[*] BY RES.ID_ ASC  
    LIMIT ? OFFSET ? &quot;; expected &quot;=, NOT, EXISTS, INTERSECTS, SELECT, FROM&quot;; SQL statement:
select RES.* 
     
    from ACT_RU_JOB RES
     
      
   
     order by  order by RES.ID_ asc  
    LIMIT ? OFFSET ? [42001-176]
	at org.apache.ibatis.exceptions.ExceptionFactory.wrapException(ExceptionFactory.java:30)
	at org.apache.ibatis.session.defaults.DefaultSqlSession.selectList(DefaultSqlSession.java:122)
	at org.apache.ibatis.session.defaults.DefaultSqlSession.selectList(DefaultSqlSession.java:113)
	at org.activiti.engine.impl.db.DbSqlSession.selectListWithRawParameter(DbSqlSession.java:438)
	at org.activiti.engine.impl.db.DbSqlSession.selectList(DbSqlSession.java:429)
	at org.activiti.engine.impl.db.DbSqlSession.selectList(DbSqlSession.java:419)
	at org.activiti.engine.impl.persistence.entity.JobEntityManager.findJobsByQueryCriteria(JobEntityManager.java:198)
	at org.activiti.engine.impl.JobQueryImpl.executeList(JobQueryImpl.java:243)
	at org.activiti.engine.impl.AbstractQuery.execute(AbstractQuery.java:164)
	at org.activiti.engine.impl.interceptor.CommandInvoker.execute(CommandInvoker.java:24)
	at org.activiti.engine.impl.interceptor.CommandContextInterceptor.execute(CommandContextInterceptor.java:57)
	at org.activiti.engine.impl.interceptor.LogInterceptor.execute(LogInterceptor.java:37)
	at org.activiti.engine.impl.cfg.CommandExecutorImpl.execute(CommandExecutorImpl.java:40)
	at org.activiti.engine.impl.cfg.CommandExecutorImpl.execute(CommandExecutorImpl.java:35)
	at org.activiti.engine.impl.AbstractQuery.list(AbstractQuery.java:138)
	at org.activiti.engine.impl.test.JobTestHelper.areJobsAvailable(JobTestHelper.java:194)
	at org.activiti.engine.impl.test.JobTestHelper.waitForJobExecutorToProcessAllJobs(JobTestHelper.java:74)
	at org.activiti.engine.impl.test.JobTestHelper.waitForJobExecutorToProcessAllJobs(JobTestHelper.java:47)
	at org.activiti.engine.impl.test.AbstractActivitiTestCase.waitForJobExecutorToProcessAllJobs(AbstractActivitiTestCase.java:204)
	at org.activiti.engine.test.bpmn.servicetask.ServiceTaskVariablesTest.testSerializedVariablesThirdAsync(ServiceTaskVariablesTest.java:94)
	at sun.reflect.NativeMethodAccessorImpl.invoke0(Native Method)
	at sun.reflect.NativeMethodAccessorImpl.invoke(NativeMethodAccessorImpl.java:62)
	at sun.reflect.DelegatingMethodAccessorImpl.invoke(DelegatingMethodAccessorImpl.java:43)
	at java.lang.reflect.Method.invoke(Method.java:498)
	at junit.framework.TestCase.runTest(TestCase.java:176)
	at org.activiti.engine.impl.test.PvmTestCase.runTest(PvmTestCase.java:65)
	at junit.framework.TestCase.runBare(TestCase.java:141)
	at org.activiti.engine.impl.test.AbstractActivitiTestCase.runBare(AbstractActivitiTestCase.java:100)
	at junit.framework.TestResult$1.protect(TestResult.java:122)
	at junit.framework.TestResult.runProtected(TestResult.java:142)
	at junit.framework.TestResult.run(TestResult.java:125)
	at junit.framework.TestCase.run(TestCase.java:129)
	at junit.framework.TestSuite.runTest(TestSuite.java:255)
	at junit.framework.TestSuite.run(TestSuite.java:250)
	at org.junit.internal.runners.JUnit38ClassRunner.run(JUnit38ClassRunner.java:84)
	at org.apache.maven.surefire.junit4.JUnit4TestSet.execute(JUnit4TestSet.java:35)
	at org.apache.maven.surefire.junit4.JUnit4Provider.executeTestSet(JUnit4Provider.java:146)
	at org.apache.maven.surefire.junit4.JUnit4Provider.invoke(JUnit4Provider.java:97)
	at sun.reflect.NativeMethodAccessorImpl.invoke0(Native Method)
	at sun.reflect.NativeMethodAccessorImpl.invoke(NativeMethodAccessorImpl.java:62)
	at sun.reflect.DelegatingMethodAccessorImpl.invoke(DelegatingMethodAccessorImpl.java:43)
	at java.lang.reflect.Method.invoke(Method.java:498)
	at org.apache.maven.surefire.booter.ProviderFactory$ClassLoaderProxy.invoke(ProviderFactory.java:103)
	at com.sun.proxy.$Proxy0.invoke(Unknown Source)
	at org.apache.maven.surefire.booter.SurefireStarter.invokeProvider(SurefireStarter.java:145)
	at org.apache.maven.surefire.booter.SurefireStarter.runSuitesInProcess(SurefireStarter.java:87)
	at org.apache.maven.surefire.booter.ForkedBooter.main(ForkedBooter.java:69)
Caused by: org.h2.jdbc.JdbcSQLException: Syntax error in SQL statement &quot;SELECT RES.* 
     
    FROM ACT_RU_JOB RES
     
      
   
     ORDER BY  ORDER[*] BY RES.ID_ ASC  
    LIMIT ? OFFSET ? &quot;; expected &quot;=, NOT, EXISTS, INTERSECTS, SELECT, FROM&quot;; SQL statement:
select RES.* 
     
    from ACT_RU_JOB RES
     
      
   
     order by  order by RES.ID_ asc  
    LIMIT ? OFFSET ? [42001-176]
	at org.h2.message.DbException.getJdbcSQLException(DbException.java:344)
	at org.h2.message.DbException.getSyntaxError(DbException.java:204)
	at org.h2.command.Parser.getSyntaxError(Parser.java:524)
	at org.h2.command.Parser.readTerm(Parser.java:2688)
	at org.h2.command.Parser.readFactor(Parser.java:2244)
	at org.h2.command.Parser.readSum(Parser.java:2231)
	at org.h2.command.Parser.readConcat(Parser.java:2201)
	at org.h2.command.Parser.readCondition(Parser.java:2051)
	at org.h2.command.Parser.readAnd(Parser.java:2023)
	at org.h2.command.Parser.readExpression(Parser.java:2015)
	at org.h2.command.Parser.parseEndOfQuery(Parser.java:1726)
	at org.h2.command.Parser.parseSelectUnionExtension(Parser.java:1706)
	at org.h2.command.Parser.parseSelectUnion(Parser.java:1675)
	at org.h2.command.Parser.parseSelect(Parser.java:1662)
	at org.h2.command.Parser.parsePrepared(Parser.java:434)
	at org.h2.command.Parser.parse(Parser.java:306)
	at org.h2.command.Parser.parse(Parser.java:282)
	at org.h2.command.Parser.prepareCommand(Parser.java:243)
	at org.h2.engine.Session.prepareLocal(Session.java:442)
	at org.h2.engine.Session.prepareCommand(Session.java:384)
	at org.h2.jdbc.JdbcConnection.prepareCommand(JdbcConnection.java:1188)
	at org.h2.jdbc.JdbcPreparedStatement.&lt;init&gt;(JdbcPreparedStatement.java:73)
	at org.h2.jdbc.JdbcConnection.prepareStatement(JdbcConnection.java:276)
	at sun.reflect.GeneratedMethodAccessor6.invoke(Unknown Source)
	at sun.reflect.DelegatingMethodAccessorImpl.invoke(DelegatingMethodAccessorImpl.java:43)
	at java.lang.reflect.Method.invoke(Method.java:498)
	at org.apache.ibatis.datasource.pooled.PooledConnection.invoke(PooledConnection.java:245)
	at com.sun.proxy.$Proxy12.prepareStatement(Unknown Source)
	at sun.reflect.GeneratedMethodAccessor6.invoke(Unknown Source)
	at sun.reflect.DelegatingMethodAccessorImpl.invoke(DelegatingMethodAccessorImpl.java:43)
	at java.lang.reflect.Method.invoke(Method.java:498)
	at org.apache.ibatis.logging.jdbc.ConnectionLogger.invoke(ConnectionLogger.java:55)
	at com.sun.proxy.$Proxy12.prepareStatement(Unknown Source)
	at org.apache.ibatis.executor.statement.PreparedStatementHandler.instantiateStatement(PreparedStatementHandler.java:79)
	at org.apache.ibatis.executor.statement.BaseStatementHandler.prepare(BaseStatementHandler.java:88)
	at org.apache.ibatis.executor.statement.RoutingStatementHandler.prepare(RoutingStatementHandler.java:58)
	at org.apache.ibatis.executor.SimpleExecutor.prepareStatement(SimpleExecutor.java:76)
	at org.apache.ibatis.executor.SimpleExecutor.doQuery(SimpleExecutor.java:61)
	at org.apache.ibatis.executor.BaseExecutor.queryFromDatabase(BaseExecutor.java:303)
	at org.apache.ibatis.executor.BaseExecutor.query(BaseExecutor.java:154)
	at org.apache.ibatis.executor.CachingExecutor.query(CachingExecutor.java:102)
	at org.apache.ibatis.executor.CachingExecutor.query(CachingExecutor.java:82)
	at org.apache.ibatis.session.defaults.DefaultSqlSession.selectList(DefaultSqlSession.java:120)
	... 45 more
10:46:55,093 [main] DEBUG org.activiti.engine.impl.cfg.standalone.StandaloneMybatisTransactionContext  - firing event rolling back...
10:46:55,093 [main] DEBUG org.activiti.engine.impl.cfg.standalone.StandaloneMybatisTransactionContext  - rolling back ibatis sql session...
10:46:55,093 [main] DEBUG org.activiti.engine.impl.cfg.standalone.StandaloneMybatisTransactionContext  - firing event rolled back...
10:46:55,093 [main] DEBUG org.apache.ibatis.transaction.jdbc.JdbcTransaction  - Resetting autocommit to true on JDBC Connection [conn3: url=jdbc:h2:mem:activiti user=SA]
10:46:55,093 [main] DEBUG org.apache.ibatis.transaction.jdbc.JdbcTransaction  - Closing JDBC Connection [conn3: url=jdbc:h2:mem:activiti user=SA]
10:46:55,093 [main] DEBUG org.apache.ibatis.datasource.pooled.PooledDataSource  - Returned connection 180014677 to pool.
10:46:55,093 [main] DEBUG org.activiti.engine.impl.interceptor.LogInterceptor  - --- JobQueryImpl finished --------------------------------------------------------
10:46:55,093 [main] DEBUG org.activiti.engine.impl.interceptor.LogInterceptor  - 

10:46:55,124 [Thread-44] DEBUG org.activiti.engine.impl.asyncexecutor.AcquireTimerJobsRunnable  - timer job acquisition thread woke up
10:46:55,124 [Thread-44] DEBUG org.activiti.engine.impl.interceptor.LogInterceptor  - 

10:46:55,124 [Thread-44] DEBUG org.activiti.engine.impl.interceptor.LogInterceptor  - --- starting AcquireTimerJobsCmd --------------------------------------------------------
10:46:55,124 [Thread-44] DEBUG org.apache.ibatis.transaction.jdbc.JdbcTransaction  - Opening JDBC Connection
10:46:55,124 [Thread-44] DEBUG org.apache.ibatis.datasource.pooled.PooledDataSource  - Checked out connection 363509958 from pool.
10:46:55,124 [Thread-44] DEBUG org.apache.ibatis.transaction.jdbc.JdbcTransaction  - Setting autocommit to false on JDBC Connection [conn2: url=jdbc:h2:mem:activiti user=SA]
10:46:55,124 [Thread-44] DEBUG org.activiti.engine.impl.persistence.entity.JobEntity.selectNextTimerJobsToExecute  - ==&gt;  Preparing: select RES.* from ACT_RU_JOB RES LEFT OUTER JOIN ACT_RU_EXECUTION PI ON PI.ID_ = RES.PROCESS_INSTANCE_ID_ where (RES.RETRIES_ &gt; 0) and (RES.DUEDATE_ is null or RES.DUEDATE_ &lt;= ?) and (RES.LOCK_OWNER_ is null or RES.LOCK_EXP_TIME_ &lt;= ?) and TYPE_ = &apos;timer&apos; and ( (RES.EXECUTION_ID_ is null) or (PI.SUSPENSION_STATE_ = 1) ) LIMIT ? OFFSET ? 
10:46:55,124 [Thread-44] DEBUG org.activiti.engine.impl.persistence.entity.JobEntity.selectNextTimerJobsToExecute  - ==&gt; Parameters: 2023-03-20 10:46:46.742(Timestamp), 2023-03-20 10:46:46.742(Timestamp), 1(Integer), 0(Integer)
10:46:55,124 [Thread-44] DEBUG org.activiti.engine.impl.persistence.entity.JobEntity.selectNextTimerJobsToExecute  - &lt;==      Total: 0
10:46:55,124 [Thread-44] DEBUG org.activiti.engine.impl.db.DbSqlSession  - flush summary: 0 insert, 0 update, 0 delete.
10:46:55,124 [Thread-44] DEBUG org.activiti.engine.impl.db.DbSqlSession  - now executing flush...
10:46:55,124 [Thread-44] DEBUG org.activiti.engine.impl.cfg.standalone.StandaloneMybatisTransactionContext  - firing event committing...
10:46:55,124 [Thread-44] DEBUG org.activiti.engine.impl.cfg.standalone.StandaloneMybatisTransactionContext  - committing the ibatis sql session...
10:46:55,124 [Thread-44] DEBUG org.activiti.engine.impl.cfg.standalone.StandaloneMybatisTransactionContext  - firing event committed...
10:46:55,124 [Thread-44] DEBUG org.apache.ibatis.transaction.jdbc.JdbcTransaction  - Resetting autocommit to true on JDBC Connection [conn2: url=jdbc:h2:mem:activiti user=SA]
10:46:55,124 [Thread-44] DEBUG org.apache.ibatis.transaction.jdbc.JdbcTransaction  - Closing JDBC Connection [conn2: url=jdbc:h2:mem:activiti user=SA]
10:46:55,124 [Thread-44] DEBUG org.apache.ibatis.datasource.pooled.PooledDataSource  - Returned connection 363509958 to pool.
10:46:55,124 [Thread-44] DEBUG org.activiti.engine.impl.interceptor.LogInterceptor  - --- AcquireTimerJobsCmd finished --------------------------------------------------------
10:46:55,124 [Thread-44] DEBUG org.activiti.engine.impl.interceptor.LogInterceptor  - 

10:46:55,124 [Thread-44] DEBUG org.activiti.engine.impl.asyncexecutor.AcquireTimerJobsRunnable  - timer job acquisition thread sleeping for 1000 millis
10:46:55,597 [main] DEBUG org.activiti.engine.impl.interceptor.LogInterceptor  - 

10:46:55,597 [main] DEBUG org.activiti.engine.impl.interceptor.LogInterceptor  - --- starting JobQueryImpl --------------------------------------------------------
10:46:55,597 [main] DEBUG org.apache.ibatis.transaction.jdbc.JdbcTransaction  - Opening JDBC Connection
10:46:55,597 [main] DEBUG org.apache.ibatis.datasource.pooled.PooledDataSource  - Checked out connection 486346394 from pool.
10:46:55,597 [main] DEBUG org.apache.ibatis.transaction.jdbc.JdbcTransaction  - Setting autocommit to false on JDBC Connection [conn6: url=jdbc:h2:mem:activiti user=SA]
10:46:55,597 [main] DEBUG org.activiti.engine.impl.persistence.entity.JobEntity.selectJobByQueryCriteria  - ==&gt;  Preparing: select RES.* from ACT_RU_JOB RES order by order by RES.ID_ asc LIMIT ? OFFSET ? 
10:46:55,597 [main] DEBUG org.activiti.engine.impl.interceptor.CommandContext  - Error while closing command context
org.apache.ibatis.exceptions.PersistenceException: 
### Error querying database.  Cause: org.h2.jdbc.JdbcSQLException: Syntax error in SQL statement &quot;SELECT RES.* 
     
    FROM ACT_RU_JOB RES
     
      
   
     ORDER BY  ORDER[*] BY RES.ID_ ASC  
    LIMIT ? OFFSET ? &quot;; expected &quot;=, NOT, EXISTS, INTERSECTS, SELECT, FROM&quot;; SQL statement:
select RES.* 
     
    from ACT_RU_JOB RES
     
      
   
     order by  order by RES.ID_ asc  
    LIMIT ? OFFSET ? [42001-176]
### The error may exist in org/activiti/db/mapping/entity/Job.xml
### The error may involve org.activiti.engine.impl.persistence.entity.JobEntity.selectJobByQueryCriteria
### The error occurred while executing a query
### SQL: select RES.*            from ACT_RU_JOB RES                       order by  order by RES.ID_ asc       LIMIT ? OFFSET ?
### Cause: org.h2.jdbc.JdbcSQLException: Syntax error in SQL statement &quot;SELECT RES.* 
     
    FROM ACT_RU_JOB RES
     
      
   
     ORDER BY  ORDER[*] BY RES.ID_ ASC  
    LIMIT ? OFFSET ? &quot;; expected &quot;=, NOT, EXISTS, INTERSECTS, SELECT, FROM&quot;; SQL statement:
select RES.* 
     
    from ACT_RU_JOB RES
     
      
   
     order by  order by RES.ID_ asc  
    LIMIT ? OFFSET ? [42001-176]
	at org.apache.ibatis.exceptions.ExceptionFactory.wrapException(ExceptionFactory.java:30)
	at org.apache.ibatis.session.defaults.DefaultSqlSession.selectList(DefaultSqlSession.java:122)
	at org.apache.ibatis.session.defaults.DefaultSqlSession.selectList(DefaultSqlSession.java:113)
	at org.activiti.engine.impl.db.DbSqlSession.selectListWithRawParameter(DbSqlSession.java:438)
	at org.activiti.engine.impl.db.DbSqlSession.selectList(DbSqlSession.java:429)
	at org.activiti.engine.impl.db.DbSqlSession.selectList(DbSqlSession.java:419)
	at org.activiti.engine.impl.persistence.entity.JobEntityManager.findJobsByQueryCriteria(JobEntityManager.java:198)
	at org.activiti.engine.impl.JobQueryImpl.executeList(JobQueryImpl.java:243)
	at org.activiti.engine.impl.AbstractQuery.execute(AbstractQuery.java:164)
	at org.activiti.engine.impl.interceptor.CommandInvoker.execute(CommandInvoker.java:24)
	at org.activiti.engine.impl.interceptor.CommandContextInterceptor.execute(CommandContextInterceptor.java:57)
	at org.activiti.engine.impl.interceptor.LogInterceptor.execute(LogInterceptor.java:37)
	at org.activiti.engine.impl.cfg.CommandExecutorImpl.execute(CommandExecutorImpl.java:40)
	at org.activiti.engine.impl.cfg.CommandExecutorImpl.execute(CommandExecutorImpl.java:35)
	at org.activiti.engine.impl.AbstractQuery.list(AbstractQuery.java:138)
	at org.activiti.engine.impl.test.JobTestHelper.areJobsAvailable(JobTestHelper.java:194)
	at org.activiti.engine.impl.test.JobTestHelper.waitForJobExecutorToProcessAllJobs(JobTestHelper.java:74)
	at org.activiti.engine.impl.test.JobTestHelper.waitForJobExecutorToProcessAllJobs(JobTestHelper.java:47)
	at org.activiti.engine.impl.test.AbstractActivitiTestCase.waitForJobExecutorToProcessAllJobs(AbstractActivitiTestCase.java:204)
	at org.activiti.engine.test.bpmn.servicetask.ServiceTaskVariablesTest.testSerializedVariablesThirdAsync(ServiceTaskVariablesTest.java:94)
	at sun.reflect.NativeMethodAccessorImpl.invoke0(Native Method)
	at sun.reflect.NativeMethodAccessorImpl.invoke(NativeMethodAccessorImpl.java:62)
	at sun.reflect.DelegatingMethodAccessorImpl.invoke(DelegatingMethodAccessorImpl.java:43)
	at java.lang.reflect.Method.invoke(Method.java:498)
	at junit.framework.TestCase.runTest(TestCase.java:176)
	at org.activiti.engine.impl.test.PvmTestCase.runTest(PvmTestCase.java:65)
	at junit.framework.TestCase.runBare(TestCase.java:141)
	at org.activiti.engine.impl.test.AbstractActivitiTestCase.runBare(AbstractActivitiTestCase.java:100)
	at junit.framework.TestResult$1.protect(TestResult.java:122)
	at junit.framework.TestResult.runProtected(TestResult.java:142)
	at junit.framework.TestResult.run(TestResult.java:125)
	at junit.framework.TestCase.run(TestCase.java:129)
	at junit.framework.TestSuite.runTest(TestSuite.java:255)
	at junit.framework.TestSuite.run(TestSuite.java:250)
	at org.junit.internal.runners.JUnit38ClassRunner.run(JUnit38ClassRunner.java:84)
	at org.apache.maven.surefire.junit4.JUnit4TestSet.execute(JUnit4TestSet.java:35)
	at org.apache.maven.surefire.junit4.JUnit4Provider.executeTestSet(JUnit4Provider.java:146)
	at org.apache.maven.surefire.junit4.JUnit4Provider.invoke(JUnit4Provider.java:97)
	at sun.reflect.NativeMethodAccessorImpl.invoke0(Native Method)
	at sun.reflect.NativeMethodAccessorImpl.invoke(NativeMethodAccessorImpl.java:62)
	at sun.reflect.DelegatingMethodAccessorImpl.invoke(DelegatingMethodAccessorImpl.java:43)
	at java.lang.reflect.Method.invoke(Method.java:498)
	at org.apache.maven.surefire.booter.ProviderFactory$ClassLoaderProxy.invoke(ProviderFactory.java:103)
	at com.sun.proxy.$Proxy0.invoke(Unknown Source)
	at org.apache.maven.surefire.booter.SurefireStarter.invokeProvider(SurefireStarter.java:145)
	at org.apache.maven.surefire.booter.SurefireStarter.runSuitesInProcess(SurefireStarter.java:87)
	at org.apache.maven.surefire.booter.ForkedBooter.main(ForkedBooter.java:69)
Caused by: org.h2.jdbc.JdbcSQLException: Syntax error in SQL statement &quot;SELECT RES.* 
     
    FROM ACT_RU_JOB RES
     
      
   
     ORDER BY  ORDER[*] BY RES.ID_ ASC  
    LIMIT ? OFFSET ? &quot;; expected &quot;=, NOT, EXISTS, INTERSECTS, SELECT, FROM&quot;; SQL statement:
select RES.* 
     
    from ACT_RU_JOB RES
     
      
   
     order by  order by RES.ID_ asc  
    LIMIT ? OFFSET ? [42001-176]
	at org.h2.message.DbException.getJdbcSQLException(DbException.java:344)
	at org.h2.message.DbException.getSyntaxError(DbException.java:204)
	at org.h2.command.Parser.getSyntaxError(Parser.java:524)
	at org.h2.command.Parser.readTerm(Parser.java:2688)
	at org.h2.command.Parser.readFactor(Parser.java:2244)
	at org.h2.command.Parser.readSum(Parser.java:2231)
	at org.h2.command.Parser.readConcat(Parser.java:2201)
	at org.h2.command.Parser.readCondition(Parser.java:2051)
	at org.h2.command.Parser.readAnd(Parser.java:2023)
	at org.h2.command.Parser.readExpression(Parser.java:2015)
	at org.h2.command.Parser.parseEndOfQuery(Parser.java:1726)
	at org.h2.command.Parser.parseSelectUnionExtension(Parser.java:1706)
	at org.h2.command.Parser.parseSelectUnion(Parser.java:1675)
	at org.h2.command.Parser.parseSelect(Parser.java:1662)
	at org.h2.command.Parser.parsePrepared(Parser.java:434)
	at org.h2.command.Parser.parse(Parser.java:306)
	at org.h2.command.Parser.parse(Parser.java:282)
	at org.h2.command.Parser.prepareCommand(Parser.java:243)
	at org.h2.engine.Session.prepareLocal(Session.java:442)
	at org.h2.engine.Session.prepareCommand(Session.java:384)
	at org.h2.jdbc.JdbcConnection.prepareCommand(JdbcConnection.java:1188)
	at org.h2.jdbc.JdbcPreparedStatement.&lt;init&gt;(JdbcPreparedStatement.java:73)
	at org.h2.jdbc.JdbcConnection.prepareStatement(JdbcConnection.java:276)
	at sun.reflect.GeneratedMethodAccessor6.invoke(Unknown Source)
	at sun.reflect.DelegatingMethodAccessorImpl.invoke(DelegatingMethodAccessorImpl.java:43)
	at java.lang.reflect.Method.invoke(Method.java:498)
	at org.apache.ibatis.datasource.pooled.PooledConnection.invoke(PooledConnection.java:245)
	at com.sun.proxy.$Proxy12.prepareStatement(Unknown Source)
	at sun.reflect.GeneratedMethodAccessor6.invoke(Unknown Source)
	at sun.reflect.DelegatingMethodAccessorImpl.invoke(DelegatingMethodAccessorImpl.java:43)
	at java.lang.reflect.Method.invoke(Method.java:498)
	at org.apache.ibatis.logging.jdbc.ConnectionLogger.invoke(ConnectionLogger.java:55)
	at com.sun.proxy.$Proxy12.prepareStatement(Unknown Source)
	at org.apache.ibatis.executor.statement.PreparedStatementHandler.instantiateStatement(PreparedStatementHandler.java:79)
	at org.apache.ibatis.executor.statement.BaseStatementHandler.prepare(BaseStatementHandler.java:88)
	at org.apache.ibatis.executor.statement.RoutingStatementHandler.prepare(RoutingStatementHandler.java:58)
	at org.apache.ibatis.executor.SimpleExecutor.prepareStatement(SimpleExecutor.java:76)
	at org.apache.ibatis.executor.SimpleExecutor.doQuery(SimpleExecutor.java:61)
	at org.apache.ibatis.executor.BaseExecutor.queryFromDatabase(BaseExecutor.java:303)
	at org.apache.ibatis.executor.BaseExecutor.query(BaseExecutor.java:154)
	at org.apache.ibatis.executor.CachingExecutor.query(CachingExecutor.java:102)
	at org.apache.ibatis.executor.CachingExecutor.query(CachingExecutor.java:82)
	at org.apache.ibatis.session.defaults.DefaultSqlSession.selectList(DefaultSqlSession.java:120)
	... 45 more
10:46:55,598 [main] DEBUG org.activiti.engine.impl.cfg.standalone.StandaloneMybatisTransactionContext  - firing event rolling back...
10:46:55,598 [main] DEBUG org.activiti.engine.impl.cfg.standalone.StandaloneMybatisTransactionContext  - rolling back ibatis sql session...
10:46:55,598 [main] DEBUG org.activiti.engine.impl.cfg.standalone.StandaloneMybatisTransactionContext  - firing event rolled back...
10:46:55,598 [main] DEBUG org.apache.ibatis.transaction.jdbc.JdbcTransaction  - Resetting autocommit to true on JDBC Connection [conn6: url=jdbc:h2:mem:activiti user=SA]
10:46:55,598 [main] DEBUG org.apache.ibatis.transaction.jdbc.JdbcTransaction  - Closing JDBC Connection [conn6: url=jdbc:h2:mem:activiti user=SA]
10:46:55,598 [main] DEBUG org.apache.ibatis.datasource.pooled.PooledDataSource  - Returned connection 486346394 to pool.
10:46:55,598 [main] DEBUG org.activiti.engine.impl.interceptor.LogInterceptor  - --- JobQueryImpl finished --------------------------------------------------------
10:46:55,598 [main] DEBUG org.activiti.engine.impl.interceptor.LogInterceptor  - 

10:46:55,659 [Thread-45] DEBUG org.activiti.engine.impl.asyncexecutor.AcquireAsyncJobsDueRunnable  - async job acquisition thread woke up
10:46:55,659 [Thread-45] DEBUG org.activiti.engine.impl.interceptor.LogInterceptor  - 

10:46:55,659 [Thread-45] DEBUG org.activiti.engine.impl.interceptor.LogInterceptor  - --- starting AcquireAsyncJobsDueCmd --------------------------------------------------------
10:46:55,659 [Thread-45] DEBUG org.apache.ibatis.transaction.jdbc.JdbcTransaction  - Opening JDBC Connection
10:46:55,659 [Thread-45] DEBUG org.apache.ibatis.datasource.pooled.PooledDataSource  - Checked out connection 297240765 from pool.
10:46:55,659 [Thread-45] DEBUG org.apache.ibatis.transaction.jdbc.JdbcTransaction  - Setting autocommit to false on JDBC Connection [conn4: url=jdbc:h2:mem:activiti user=SA]
10:46:55,659 [Thread-45] DEBUG org.activiti.engine.impl.persistence.entity.JobEntity.selectAsyncJobsDueToExecute  - ==&gt;  Preparing: select RES.* from ACT_RU_JOB RES LEFT OUTER JOIN ACT_RU_EXECUTION PI ON PI.ID_ = RES.PROCESS_INSTANCE_ID_ where RES.RETRIES_ &gt; 0 and RES.DUEDATE_ is not null and RES.DUEDATE_ &lt;= ? and (RES.LOCK_EXP_TIME_ is null or RES.LOCK_EXP_TIME_ &lt;= ?) and TYPE_ = &apos;message&apos; and ( (RES.EXECUTION_ID_ is null) or (PI.SUSPENSION_STATE_ = 1) ) LIMIT ? OFFSET ? 
10:46:55,659 [Thread-45] DEBUG org.activiti.engine.impl.persistence.entity.JobEntity.selectAsyncJobsDueToExecute  - ==&gt; Parameters: 2023-03-20 10:46:46.742(Timestamp), 2023-03-20 10:46:46.742(Timestamp), 1(Integer), 0(Integer)
10:46:55,659 [Thread-45] DEBUG org.activiti.engine.impl.persistence.entity.JobEntity.selectAsyncJobsDueToExecute  - &lt;==      Total: 0
10:46:55,659 [Thread-45] DEBUG org.activiti.engine.impl.db.DbSqlSession  - flush summary: 0 insert, 0 update, 0 delete.
10:46:55,659 [Thread-45] DEBUG org.activiti.engine.impl.db.DbSqlSession  - now executing flush...
10:46:55,660 [Thread-45] DEBUG org.activiti.engine.impl.cfg.standalone.StandaloneMybatisTransactionContext  - firing event committing...
10:46:55,660 [Thread-45] DEBUG org.activiti.engine.impl.cfg.standalone.StandaloneMybatisTransactionContext  - committing the ibatis sql session...
10:46:55,660 [Thread-45] DEBUG org.activiti.engine.impl.cfg.standalone.StandaloneMybatisTransactionContext  - firing event committed...
10:46:55,660 [Thread-45] DEBUG org.apache.ibatis.transaction.jdbc.JdbcTransaction  - Resetting autocommit to true on JDBC Connection [conn4: url=jdbc:h2:mem:activiti user=SA]
10:46:55,660 [Thread-45] DEBUG org.apache.ibatis.transaction.jdbc.JdbcTransaction  - Closing JDBC Connection [conn4: url=jdbc:h2:mem:activiti user=SA]
10:46:55,660 [Thread-45] DEBUG org.apache.ibatis.datasource.pooled.PooledDataSource  - Returned connection 297240765 to pool.
10:46:55,660 [Thread-45] DEBUG org.activiti.engine.impl.interceptor.LogInterceptor  - --- AcquireAsyncJobsDueCmd finished --------------------------------------------------------
10:46:55,660 [Thread-45] DEBUG org.activiti.engine.impl.interceptor.LogInterceptor  - 

10:46:55,660 [Thread-45] DEBUG org.activiti.engine.impl.asyncexecutor.AcquireAsyncJobsDueRunnable  - async job acquisition thread sleeping for 1000 millis
10:46:56,101 [main] DEBUG org.activiti.engine.impl.interceptor.LogInterceptor  - 

10:46:56,101 [main] DEBUG org.activiti.engine.impl.interceptor.LogInterceptor  - --- starting JobQueryImpl --------------------------------------------------------
10:46:56,101 [main] DEBUG org.apache.ibatis.transaction.jdbc.JdbcTransaction  - Opening JDBC Connection
10:46:56,101 [main] DEBUG org.apache.ibatis.datasource.pooled.PooledDataSource  - Checked out connection 180014677 from pool.
10:46:56,101 [main] DEBUG org.apache.ibatis.transaction.jdbc.JdbcTransaction  - Setting autocommit to false on JDBC Connection [conn3: url=jdbc:h2:mem:activiti user=SA]
10:46:56,101 [main] DEBUG org.activiti.engine.impl.persistence.entity.JobEntity.selectJobByQueryCriteria  - ==&gt;  Preparing: select RES.* from ACT_RU_JOB RES order by order by RES.ID_ asc LIMIT ? OFFSET ? 
10:46:56,101 [main] DEBUG org.activiti.engine.impl.interceptor.CommandContext  - Error while closing command context
org.apache.ibatis.exceptions.PersistenceException: 
### Error querying database.  Cause: org.h2.jdbc.JdbcSQLException: Syntax error in SQL statement &quot;SELECT RES.* 
     
    FROM ACT_RU_JOB RES
     
      
   
     ORDER BY  ORDER[*] BY RES.ID_ ASC  
    LIMIT ? OFFSET ? &quot;; expected &quot;=, NOT, EXISTS, INTERSECTS, SELECT, FROM&quot;; SQL statement:
select RES.* 
     
    from ACT_RU_JOB RES
     
      
   
     order by  order by RES.ID_ asc  
    LIMIT ? OFFSET ? [42001-176]
### The error may exist in org/activiti/db/mapping/entity/Job.xml
### The error may involve org.activiti.engine.impl.persistence.entity.JobEntity.selectJobByQueryCriteria
### The error occurred while executing a query
### SQL: select RES.*            from ACT_RU_JOB RES                       order by  order by RES.ID_ asc       LIMIT ? OFFSET ?
### Cause: org.h2.jdbc.JdbcSQLException: Syntax error in SQL statement &quot;SELECT RES.* 
     
    FROM ACT_RU_JOB RES
     
      
   
     ORDER BY  ORDER[*] BY RES.ID_ ASC  
    LIMIT ? OFFSET ? &quot;; expected &quot;=, NOT, EXISTS, INTERSECTS, SELECT, FROM&quot;; SQL statement:
select RES.* 
     
    from ACT_RU_JOB RES
     
      
   
     order by  order by RES.ID_ asc  
    LIMIT ? OFFSET ? [42001-176]
	at org.apache.ibatis.exceptions.ExceptionFactory.wrapException(ExceptionFactory.java:30)
	at org.apache.ibatis.session.defaults.DefaultSqlSession.selectList(DefaultSqlSession.java:122)
	at org.apache.ibatis.session.defaults.DefaultSqlSession.selectList(DefaultSqlSession.java:113)
	at org.activiti.engine.impl.db.DbSqlSession.selectListWithRawParameter(DbSqlSession.java:438)
	at org.activiti.engine.impl.db.DbSqlSession.selectList(DbSqlSession.java:429)
	at org.activiti.engine.impl.db.DbSqlSession.selectList(DbSqlSession.java:419)
	at org.activiti.engine.impl.persistence.entity.JobEntityManager.findJobsByQueryCriteria(JobEntityManager.java:198)
	at org.activiti.engine.impl.JobQueryImpl.executeList(JobQueryImpl.java:243)
	at org.activiti.engine.impl.AbstractQuery.execute(AbstractQuery.java:164)
	at org.activiti.engine.impl.interceptor.CommandInvoker.execute(CommandInvoker.java:24)
	at org.activiti.engine.impl.interceptor.CommandContextInterceptor.execute(CommandContextInterceptor.java:57)
	at org.activiti.engine.impl.interceptor.LogInterceptor.execute(LogInterceptor.java:37)
	at org.activiti.engine.impl.cfg.CommandExecutorImpl.execute(CommandExecutorImpl.java:40)
	at org.activiti.engine.impl.cfg.CommandExecutorImpl.execute(CommandExecutorImpl.java:35)
	at org.activiti.engine.impl.AbstractQuery.list(AbstractQuery.java:138)
	at org.activiti.engine.impl.test.JobTestHelper.areJobsAvailable(JobTestHelper.java:194)
	at org.activiti.engine.impl.test.JobTestHelper.waitForJobExecutorToProcessAllJobs(JobTestHelper.java:74)
	at org.activiti.engine.impl.test.JobTestHelper.waitForJobExecutorToProcessAllJobs(JobTestHelper.java:47)
	at org.activiti.engine.impl.test.AbstractActivitiTestCase.waitForJobExecutorToProcessAllJobs(AbstractActivitiTestCase.java:204)
	at org.activiti.engine.test.bpmn.servicetask.ServiceTaskVariablesTest.testSerializedVariablesThirdAsync(ServiceTaskVariablesTest.java:94)
	at sun.reflect.NativeMethodAccessorImpl.invoke0(Native Method)
	at sun.reflect.NativeMethodAccessorImpl.invoke(NativeMethodAccessorImpl.java:62)
	at sun.reflect.DelegatingMethodAccessorImpl.invoke(DelegatingMethodAccessorImpl.java:43)
	at java.lang.reflect.Method.invoke(Method.java:498)
	at junit.framework.TestCase.runTest(TestCase.java:176)
	at org.activiti.engine.impl.test.PvmTestCase.runTest(PvmTestCase.java:65)
	at junit.framework.TestCase.runBare(TestCase.java:141)
	at org.activiti.engine.impl.test.AbstractActivitiTestCase.runBare(AbstractActivitiTestCase.java:100)
	at junit.framework.TestResult$1.protect(TestResult.java:122)
	at junit.framework.TestResult.runProtected(TestResult.java:142)
	at junit.framework.TestResult.run(TestResult.java:125)
	at junit.framework.TestCase.run(TestCase.java:129)
	at junit.framework.TestSuite.runTest(TestSuite.java:255)
	at junit.framework.TestSuite.run(TestSuite.java:250)
	at org.junit.internal.runners.JUnit38ClassRunner.run(JUnit38ClassRunner.java:84)
	at org.apache.maven.surefire.junit4.JUnit4TestSet.execute(JUnit4TestSet.java:35)
	at org.apache.maven.surefire.junit4.JUnit4Provider.executeTestSet(JUnit4Provider.java:146)
	at org.apache.maven.surefire.junit4.JUnit4Provider.invoke(JUnit4Provider.java:97)
	at sun.reflect.NativeMethodAccessorImpl.invoke0(Native Method)
	at sun.reflect.NativeMethodAccessorImpl.invoke(NativeMethodAccessorImpl.java:62)
	at sun.reflect.DelegatingMethodAccessorImpl.invoke(DelegatingMethodAccessorImpl.java:43)
	at java.lang.reflect.Method.invoke(Method.java:498)
	at org.apache.maven.surefire.booter.ProviderFactory$ClassLoaderProxy.invoke(ProviderFactory.java:103)
	at com.sun.proxy.$Proxy0.invoke(Unknown Source)
	at org.apache.maven.surefire.booter.SurefireStarter.invokeProvider(SurefireStarter.java:145)
	at org.apache.maven.surefire.booter.SurefireStarter.runSuitesInProcess(SurefireStarter.java:87)
	at org.apache.maven.surefire.booter.ForkedBooter.main(ForkedBooter.java:69)
Caused by: org.h2.jdbc.JdbcSQLException: Syntax error in SQL statement &quot;SELECT RES.* 
     
    FROM ACT_RU_JOB RES
     
      
   
     ORDER BY  ORDER[*] BY RES.ID_ ASC  
    LIMIT ? OFFSET ? &quot;; expected &quot;=, NOT, EXISTS, INTERSECTS, SELECT, FROM&quot;; SQL statement:
select RES.* 
     
    from ACT_RU_JOB RES
     
      
   
     order by  order by RES.ID_ asc  
    LIMIT ? OFFSET ? [42001-176]
	at org.h2.message.DbException.getJdbcSQLException(DbException.java:344)
	at org.h2.message.DbException.getSyntaxError(DbException.java:204)
	at org.h2.command.Parser.getSyntaxError(Parser.java:524)
	at org.h2.command.Parser.readTerm(Parser.java:2688)
	at org.h2.command.Parser.readFactor(Parser.java:2244)
	at org.h2.command.Parser.readSum(Parser.java:2231)
	at org.h2.command.Parser.readConcat(Parser.java:2201)
	at org.h2.command.Parser.readCondition(Parser.java:2051)
	at org.h2.command.Parser.readAnd(Parser.java:2023)
	at org.h2.command.Parser.readExpression(Parser.java:2015)
	at org.h2.command.Parser.parseEndOfQuery(Parser.java:1726)
	at org.h2.command.Parser.parseSelectUnionExtension(Parser.java:1706)
	at org.h2.command.Parser.parseSelectUnion(Parser.java:1675)
	at org.h2.command.Parser.parseSelect(Parser.java:1662)
	at org.h2.command.Parser.parsePrepared(Parser.java:434)
	at org.h2.command.Parser.parse(Parser.java:306)
	at org.h2.command.Parser.parse(Parser.java:282)
	at org.h2.command.Parser.prepareCommand(Parser.java:243)
	at org.h2.engine.Session.prepareLocal(Session.java:442)
	at org.h2.engine.Session.prepareCommand(Session.java:384)
	at org.h2.jdbc.JdbcConnection.prepareCommand(JdbcConnection.java:1188)
	at org.h2.jdbc.JdbcPreparedStatement.&lt;init&gt;(JdbcPreparedStatement.java:73)
	at org.h2.jdbc.JdbcConnection.prepareStatement(JdbcConnection.java:276)
	at sun.reflect.GeneratedMethodAccessor6.invoke(Unknown Source)
	at sun.reflect.DelegatingMethodAccessorImpl.invoke(DelegatingMethodAccessorImpl.java:43)
	at java.lang.reflect.Method.invoke(Method.java:498)
	at org.apache.ibatis.datasource.pooled.PooledConnection.invoke(PooledConnection.java:245)
	at com.sun.proxy.$Proxy12.prepareStatement(Unknown Source)
	at sun.reflect.GeneratedMethodAccessor6.invoke(Unknown Source)
	at sun.reflect.DelegatingMethodAccessorImpl.invoke(DelegatingMethodAccessorImpl.java:43)
	at java.lang.reflect.Method.invoke(Method.java:498)
	at org.apache.ibatis.logging.jdbc.ConnectionLogger.invoke(ConnectionLogger.java:55)
	at com.sun.proxy.$Proxy12.prepareStatement(Unknown Source)
	at org.apache.ibatis.executor.statement.PreparedStatementHandler.instantiateStatement(PreparedStatementHandler.java:79)
	at org.apache.ibatis.executor.statement.BaseStatementHandler.prepare(BaseStatementHandler.java:88)
	at org.apache.ibatis.executor.statement.RoutingStatementHandler.prepare(RoutingStatementHandler.java:58)
	at org.apache.ibatis.executor.SimpleExecutor.prepareStatement(SimpleExecutor.java:76)
	at org.apache.ibatis.executor.SimpleExecutor.doQuery(SimpleExecutor.java:61)
	at org.apache.ibatis.executor.BaseExecutor.queryFromDatabase(BaseExecutor.java:303)
	at org.apache.ibatis.executor.BaseExecutor.query(BaseExecutor.java:154)
	at org.apache.ibatis.executor.CachingExecutor.query(CachingExecutor.java:102)
	at org.apache.ibatis.executor.CachingExecutor.query(CachingExecutor.java:82)
	at org.apache.ibatis.session.defaults.DefaultSqlSession.selectList(DefaultSqlSession.java:120)
	... 45 more
10:46:56,102 [main] DEBUG org.activiti.engine.impl.cfg.standalone.StandaloneMybatisTransactionContext  - firing event rolling back...
10:46:56,102 [main] DEBUG org.activiti.engine.impl.cfg.standalone.StandaloneMybatisTransactionContext  - rolling back ibatis sql session...
10:46:56,102 [main] DEBUG org.activiti.engine.impl.cfg.standalone.StandaloneMybatisTransactionContext  - firing event rolled back...
10:46:56,102 [main] DEBUG org.apache.ibatis.transaction.jdbc.JdbcTransaction  - Resetting autocommit to true on JDBC Connection [conn3: url=jdbc:h2:mem:activiti user=SA]
10:46:56,102 [main] DEBUG org.apache.ibatis.transaction.jdbc.JdbcTransaction  - Closing JDBC Connection [conn3: url=jdbc:h2:mem:activiti user=SA]
10:46:56,102 [main] DEBUG org.apache.ibatis.datasource.pooled.PooledDataSource  - Returned connection 180014677 to pool.
10:46:56,102 [main] DEBUG org.activiti.engine.impl.interceptor.LogInterceptor  - --- JobQueryImpl finished --------------------------------------------------------
10:46:56,102 [main] DEBUG org.activiti.engine.impl.interceptor.LogInterceptor  - 

10:46:56,131 [Thread-44] DEBUG org.activiti.engine.impl.asyncexecutor.AcquireTimerJobsRunnable  - timer job acquisition thread woke up
10:46:56,131 [Thread-44] DEBUG org.activiti.engine.impl.interceptor.LogInterceptor  - 

10:46:56,131 [Thread-44] DEBUG org.activiti.engine.impl.interceptor.LogInterceptor  - --- starting AcquireTimerJobsCmd --------------------------------------------------------
10:46:56,131 [Thread-44] DEBUG org.apache.ibatis.transaction.jdbc.JdbcTransaction  - Opening JDBC Connection
10:46:56,131 [Thread-44] DEBUG org.apache.ibatis.datasource.pooled.PooledDataSource  - Checked out connection 363509958 from pool.
10:46:56,131 [Thread-44] DEBUG org.apache.ibatis.transaction.jdbc.JdbcTransaction  - Setting autocommit to false on JDBC Connection [conn2: url=jdbc:h2:mem:activiti user=SA]
10:46:56,131 [Thread-44] DEBUG org.activiti.engine.impl.persistence.entity.JobEntity.selectNextTimerJobsToExecute  - ==&gt;  Preparing: select RES.* from ACT_RU_JOB RES LEFT OUTER JOIN ACT_RU_EXECUTION PI ON PI.ID_ = RES.PROCESS_INSTANCE_ID_ where (RES.RETRIES_ &gt; 0) and (RES.DUEDATE_ is null or RES.DUEDATE_ &lt;= ?) and (RES.LOCK_OWNER_ is null or RES.LOCK_EXP_TIME_ &lt;= ?) and TYPE_ = &apos;timer&apos; and ( (RES.EXECUTION_ID_ is null) or (PI.SUSPENSION_STATE_ = 1) ) LIMIT ? OFFSET ? 
10:46:56,131 [Thread-44] DEBUG org.activiti.engine.impl.persistence.entity.JobEntity.selectNextTimerJobsToExecute  - ==&gt; Parameters: 2023-03-20 10:46:46.742(Timestamp), 2023-03-20 10:46:46.742(Timestamp), 1(Integer), 0(Integer)
10:46:56,131 [Thread-44] DEBUG org.activiti.engine.impl.persistence.entity.JobEntity.selectNextTimerJobsToExecute  - &lt;==      Total: 0
10:46:56,131 [Thread-44] DEBUG org.activiti.engine.impl.db.DbSqlSession  - flush summary: 0 insert, 0 update, 0 delete.
10:46:56,131 [Thread-44] DEBUG org.activiti.engine.impl.db.DbSqlSession  - now executing flush...
10:46:56,131 [Thread-44] DEBUG org.activiti.engine.impl.cfg.standalone.StandaloneMybatisTransactionContext  - firing event committing...
10:46:56,131 [Thread-44] DEBUG org.activiti.engine.impl.cfg.standalone.StandaloneMybatisTransactionContext  - committing the ibatis sql session...
10:46:56,131 [Thread-44] DEBUG org.activiti.engine.impl.cfg.standalone.StandaloneMybatisTransactionContext  - firing event committed...
10:46:56,131 [Thread-44] DEBUG org.apache.ibatis.transaction.jdbc.JdbcTransaction  - Resetting autocommit to true on JDBC Connection [conn2: url=jdbc:h2:mem:activiti user=SA]
10:46:56,131 [Thread-44] DEBUG org.apache.ibatis.transaction.jdbc.JdbcTransaction  - Closing JDBC Connection [conn2: url=jdbc:h2:mem:activiti user=SA]
10:46:56,131 [Thread-44] DEBUG org.apache.ibatis.datasource.pooled.PooledDataSource  - Returned connection 363509958 to pool.
10:46:56,131 [Thread-44] DEBUG org.activiti.engine.impl.interceptor.LogInterceptor  - --- AcquireTimerJobsCmd finished --------------------------------------------------------
10:46:56,131 [Thread-44] DEBUG org.activiti.engine.impl.interceptor.LogInterceptor  - 

10:46:56,131 [Thread-44] DEBUG org.activiti.engine.impl.asyncexecutor.AcquireTimerJobsRunnable  - timer job acquisition thread sleeping for 1000 millis
10:46:56,603 [main] DEBUG org.activiti.engine.impl.interceptor.LogInterceptor  - 

10:46:56,603 [main] DEBUG org.activiti.engine.impl.interceptor.LogInterceptor  - --- starting JobQueryImpl --------------------------------------------------------
10:46:56,603 [main] DEBUG org.apache.ibatis.transaction.jdbc.JdbcTransaction  - Opening JDBC Connection
10:46:56,603 [main] DEBUG org.apache.ibatis.datasource.pooled.PooledDataSource  - Checked out connection 486346394 from pool.
10:46:56,603 [main] DEBUG org.apache.ibatis.transaction.jdbc.JdbcTransaction  - Setting autocommit to false on JDBC Connection [conn6: url=jdbc:h2:mem:activiti user=SA]
10:46:56,603 [main] DEBUG org.activiti.engine.impl.persistence.entity.JobEntity.selectJobByQueryCriteria  - ==&gt;  Preparing: select RES.* from ACT_RU_JOB RES order by order by RES.ID_ asc LIMIT ? OFFSET ? 
10:46:56,603 [main] DEBUG org.activiti.engine.impl.interceptor.CommandContext  - Error while closing command context
org.apache.ibatis.exceptions.PersistenceException: 
### Error querying database.  Cause: org.h2.jdbc.JdbcSQLException: Syntax error in SQL statement &quot;SELECT RES.* 
     
    FROM ACT_RU_JOB RES
     
      
   
     ORDER BY  ORDER[*] BY RES.ID_ ASC  
    LIMIT ? OFFSET ? &quot;; expected &quot;=, NOT, EXISTS, INTERSECTS, SELECT, FROM&quot;; SQL statement:
select RES.* 
     
    from ACT_RU_JOB RES
     
      
   
     order by  order by RES.ID_ asc  
    LIMIT ? OFFSET ? [42001-176]
### The error may exist in org/activiti/db/mapping/entity/Job.xml
### The error may involve org.activiti.engine.impl.persistence.entity.JobEntity.selectJobByQueryCriteria
### The error occurred while executing a query
### SQL: select RES.*            from ACT_RU_JOB RES                       order by  order by RES.ID_ asc       LIMIT ? OFFSET ?
### Cause: org.h2.jdbc.JdbcSQLException: Syntax error in SQL statement &quot;SELECT RES.* 
     
    FROM ACT_RU_JOB RES
     
      
   
     ORDER BY  ORDER[*] BY RES.ID_ ASC  
    LIMIT ? OFFSET ? &quot;; expected &quot;=, NOT, EXISTS, INTERSECTS, SELECT, FROM&quot;; SQL statement:
select RES.* 
     
    from ACT_RU_JOB RES
     
      
   
     order by  order by RES.ID_ asc  
    LIMIT ? OFFSET ? [42001-176]
	at org.apache.ibatis.exceptions.ExceptionFactory.wrapException(ExceptionFactory.java:30)
	at org.apache.ibatis.session.defaults.DefaultSqlSession.selectList(DefaultSqlSession.java:122)
	at org.apache.ibatis.session.defaults.DefaultSqlSession.selectList(DefaultSqlSession.java:113)
	at org.activiti.engine.impl.db.DbSqlSession.selectListWithRawParameter(DbSqlSession.java:438)
	at org.activiti.engine.impl.db.DbSqlSession.selectList(DbSqlSession.java:429)
	at org.activiti.engine.impl.db.DbSqlSession.selectList(DbSqlSession.java:419)
	at org.activiti.engine.impl.persistence.entity.JobEntityManager.findJobsByQueryCriteria(JobEntityManager.java:198)
	at org.activiti.engine.impl.JobQueryImpl.executeList(JobQueryImpl.java:243)
	at org.activiti.engine.impl.AbstractQuery.execute(AbstractQuery.java:164)
	at org.activiti.engine.impl.interceptor.CommandInvoker.execute(CommandInvoker.java:24)
	at org.activiti.engine.impl.interceptor.CommandContextInterceptor.execute(CommandContextInterceptor.java:57)
	at org.activiti.engine.impl.interceptor.LogInterceptor.execute(LogInterceptor.java:37)
	at org.activiti.engine.impl.cfg.CommandExecutorImpl.execute(CommandExecutorImpl.java:40)
	at org.activiti.engine.impl.cfg.CommandExecutorImpl.execute(CommandExecutorImpl.java:35)
	at org.activiti.engine.impl.AbstractQuery.list(AbstractQuery.java:138)
	at org.activiti.engine.impl.test.JobTestHelper.areJobsAvailable(JobTestHelper.java:194)
	at org.activiti.engine.impl.test.JobTestHelper.waitForJobExecutorToProcessAllJobs(JobTestHelper.java:74)
	at org.activiti.engine.impl.test.JobTestHelper.waitForJobExecutorToProcessAllJobs(JobTestHelper.java:47)
	at org.activiti.engine.impl.test.AbstractActivitiTestCase.waitForJobExecutorToProcessAllJobs(AbstractActivitiTestCase.java:204)
	at org.activiti.engine.test.bpmn.servicetask.ServiceTaskVariablesTest.testSerializedVariablesThirdAsync(ServiceTaskVariablesTest.java:94)
	at sun.reflect.NativeMethodAccessorImpl.invoke0(Native Method)
	at sun.reflect.NativeMethodAccessorImpl.invoke(NativeMethodAccessorImpl.java:62)
	at sun.reflect.DelegatingMethodAccessorImpl.invoke(DelegatingMethodAccessorImpl.java:43)
	at java.lang.reflect.Method.invoke(Method.java:498)
	at junit.framework.TestCase.runTest(TestCase.java:176)
	at org.activiti.engine.impl.test.PvmTestCase.runTest(PvmTestCase.java:65)
	at junit.framework.TestCase.runBare(TestCase.java:141)
	at org.activiti.engine.impl.test.AbstractActivitiTestCase.runBare(AbstractActivitiTestCase.java:100)
	at junit.framework.TestResult$1.protect(TestResult.java:122)
	at junit.framework.TestResult.runProtected(TestResult.java:142)
	at junit.framework.TestResult.run(TestResult.java:125)
	at junit.framework.TestCase.run(TestCase.java:129)
	at junit.framework.TestSuite.runTest(TestSuite.java:255)
	at junit.framework.TestSuite.run(TestSuite.java:250)
	at org.junit.internal.runners.JUnit38ClassRunner.run(JUnit38ClassRunner.java:84)
	at org.apache.maven.surefire.junit4.JUnit4TestSet.execute(JUnit4TestSet.java:35)
	at org.apache.maven.surefire.junit4.JUnit4Provider.executeTestSet(JUnit4Provider.java:146)
	at org.apache.maven.surefire.junit4.JUnit4Provider.invoke(JUnit4Provider.java:97)
	at sun.reflect.NativeMethodAccessorImpl.invoke0(Native Method)
	at sun.reflect.NativeMethodAccessorImpl.invoke(NativeMethodAccessorImpl.java:62)
	at sun.reflect.DelegatingMethodAccessorImpl.invoke(DelegatingMethodAccessorImpl.java:43)
	at java.lang.reflect.Method.invoke(Method.java:498)
	at org.apache.maven.surefire.booter.ProviderFactory$ClassLoaderProxy.invoke(ProviderFactory.java:103)
	at com.sun.proxy.$Proxy0.invoke(Unknown Source)
	at org.apache.maven.surefire.booter.SurefireStarter.invokeProvider(SurefireStarter.java:145)
	at org.apache.maven.surefire.booter.SurefireStarter.runSuitesInProcess(SurefireStarter.java:87)
	at org.apache.maven.surefire.booter.ForkedBooter.main(ForkedBooter.java:69)
Caused by: org.h2.jdbc.JdbcSQLException: Syntax error in SQL statement &quot;SELECT RES.* 
     
    FROM ACT_RU_JOB RES
     
      
   
     ORDER BY  ORDER[*] BY RES.ID_ ASC  
    LIMIT ? OFFSET ? &quot;; expected &quot;=, NOT, EXISTS, INTERSECTS, SELECT, FROM&quot;; SQL statement:
select RES.* 
     
    from ACT_RU_JOB RES
     
      
   
     order by  order by RES.ID_ asc  
    LIMIT ? OFFSET ? [42001-176]
	at org.h2.message.DbException.getJdbcSQLException(DbException.java:344)
	at org.h2.message.DbException.getSyntaxError(DbException.java:204)
	at org.h2.command.Parser.getSyntaxError(Parser.java:524)
	at org.h2.command.Parser.readTerm(Parser.java:2688)
	at org.h2.command.Parser.readFactor(Parser.java:2244)
	at org.h2.command.Parser.readSum(Parser.java:2231)
	at org.h2.command.Parser.readConcat(Parser.java:2201)
	at org.h2.command.Parser.readCondition(Parser.java:2051)
	at org.h2.command.Parser.readAnd(Parser.java:2023)
	at org.h2.command.Parser.readExpression(Parser.java:2015)
	at org.h2.command.Parser.parseEndOfQuery(Parser.java:1726)
	at org.h2.command.Parser.parseSelectUnionExtension(Parser.java:1706)
	at org.h2.command.Parser.parseSelectUnion(Parser.java:1675)
	at org.h2.command.Parser.parseSelect(Parser.java:1662)
	at org.h2.command.Parser.parsePrepared(Parser.java:434)
	at org.h2.command.Parser.parse(Parser.java:306)
	at org.h2.command.Parser.parse(Parser.java:282)
	at org.h2.command.Parser.prepareCommand(Parser.java:243)
	at org.h2.engine.Session.prepareLocal(Session.java:442)
	at org.h2.engine.Session.prepareCommand(Session.java:384)
	at org.h2.jdbc.JdbcConnection.prepareCommand(JdbcConnection.java:1188)
	at org.h2.jdbc.JdbcPreparedStatement.&lt;init&gt;(JdbcPreparedStatement.java:73)
	at org.h2.jdbc.JdbcConnection.prepareStatement(JdbcConnection.java:276)
	at sun.reflect.GeneratedMethodAccessor6.invoke(Unknown Source)
	at sun.reflect.DelegatingMethodAccessorImpl.invoke(DelegatingMethodAccessorImpl.java:43)
	at java.lang.reflect.Method.invoke(Method.java:498)
	at org.apache.ibatis.datasource.pooled.PooledConnection.invoke(PooledConnection.java:245)
	at com.sun.proxy.$Proxy12.prepareStatement(Unknown Source)
	at sun.reflect.GeneratedMethodAccessor6.invoke(Unknown Source)
	at sun.reflect.DelegatingMethodAccessorImpl.invoke(DelegatingMethodAccessorImpl.java:43)
	at java.lang.reflect.Method.invoke(Method.java:498)
	at org.apache.ibatis.logging.jdbc.ConnectionLogger.invoke(ConnectionLogger.java:55)
	at com.sun.proxy.$Proxy12.prepareStatement(Unknown Source)
	at org.apache.ibatis.executor.statement.PreparedStatementHandler.instantiateStatement(PreparedStatementHandler.java:79)
	at org.apache.ibatis.executor.statement.BaseStatementHandler.prepare(BaseStatementHandler.java:88)
	at org.apache.ibatis.executor.statement.RoutingStatementHandler.prepare(RoutingStatementHandler.java:58)
	at org.apache.ibatis.executor.SimpleExecutor.prepareStatement(SimpleExecutor.java:76)
	at org.apache.ibatis.executor.SimpleExecutor.doQuery(SimpleExecutor.java:61)
	at org.apache.ibatis.executor.BaseExecutor.queryFromDatabase(BaseExecutor.java:303)
	at org.apache.ibatis.executor.BaseExecutor.query(BaseExecutor.java:154)
	at org.apache.ibatis.executor.CachingExecutor.query(CachingExecutor.java:102)
	at org.apache.ibatis.executor.CachingExecutor.query(CachingExecutor.java:82)
	at org.apache.ibatis.session.defaults.DefaultSqlSession.selectList(DefaultSqlSession.java:120)
	... 45 more
10:46:56,603 [main] DEBUG org.activiti.engine.impl.cfg.standalone.StandaloneMybatisTransactionContext  - firing event rolling back...
10:46:56,603 [main] DEBUG org.activiti.engine.impl.cfg.standalone.StandaloneMybatisTransactionContext  - rolling back ibatis sql session...
10:46:56,603 [main] DEBUG org.activiti.engine.impl.cfg.standalone.StandaloneMybatisTransactionContext  - firing event rolled back...
10:46:56,604 [main] DEBUG org.apache.ibatis.transaction.jdbc.JdbcTransaction  - Resetting autocommit to true on JDBC Connection [conn6: url=jdbc:h2:mem:activiti user=SA]
10:46:56,604 [main] DEBUG org.apache.ibatis.transaction.jdbc.JdbcTransaction  - Closing JDBC Connection [conn6: url=jdbc:h2:mem:activiti user=SA]
10:46:56,604 [main] DEBUG org.apache.ibatis.datasource.pooled.PooledDataSource  - Returned connection 486346394 to pool.
10:46:56,604 [main] DEBUG org.activiti.engine.impl.interceptor.LogInterceptor  - --- JobQueryImpl finished --------------------------------------------------------
10:46:56,604 [main] DEBUG org.activiti.engine.impl.interceptor.LogInterceptor  - 

10:46:56,666 [Thread-45] DEBUG org.activiti.engine.impl.asyncexecutor.AcquireAsyncJobsDueRunnable  - async job acquisition thread woke up
10:46:56,666 [Thread-45] DEBUG org.activiti.engine.impl.interceptor.LogInterceptor  - 

10:46:56,666 [Thread-45] DEBUG org.activiti.engine.impl.interceptor.LogInterceptor  - --- starting AcquireAsyncJobsDueCmd --------------------------------------------------------
10:46:56,666 [Thread-45] DEBUG org.apache.ibatis.transaction.jdbc.JdbcTransaction  - Opening JDBC Connection
10:46:56,666 [Thread-45] DEBUG org.apache.ibatis.datasource.pooled.PooledDataSource  - Checked out connection 297240765 from pool.
10:46:56,666 [Thread-45] DEBUG org.apache.ibatis.transaction.jdbc.JdbcTransaction  - Setting autocommit to false on JDBC Connection [conn4: url=jdbc:h2:mem:activiti user=SA]
10:46:56,666 [Thread-45] DEBUG org.activiti.engine.impl.persistence.entity.JobEntity.selectAsyncJobsDueToExecute  - ==&gt;  Preparing: select RES.* from ACT_RU_JOB RES LEFT OUTER JOIN ACT_RU_EXECUTION PI ON PI.ID_ = RES.PROCESS_INSTANCE_ID_ where RES.RETRIES_ &gt; 0 and RES.DUEDATE_ is not null and RES.DUEDATE_ &lt;= ? and (RES.LOCK_EXP_TIME_ is null or RES.LOCK_EXP_TIME_ &lt;= ?) and TYPE_ = &apos;message&apos; and ( (RES.EXECUTION_ID_ is null) or (PI.SUSPENSION_STATE_ = 1) ) LIMIT ? OFFSET ? 
10:46:56,666 [Thread-45] DEBUG org.activiti.engine.impl.persistence.entity.JobEntity.selectAsyncJobsDueToExecute  - ==&gt; Parameters: 2023-03-20 10:46:46.742(Timestamp), 2023-03-20 10:46:46.742(Timestamp), 1(Integer), 0(Integer)
10:46:56,666 [Thread-45] DEBUG org.activiti.engine.impl.persistence.entity.JobEntity.selectAsyncJobsDueToExecute  - &lt;==      Total: 0
10:46:56,666 [Thread-45] DEBUG org.activiti.engine.impl.db.DbSqlSession  - flush summary: 0 insert, 0 update, 0 delete.
10:46:56,666 [Thread-45] DEBUG org.activiti.engine.impl.db.DbSqlSession  - now executing flush...
10:46:56,666 [Thread-45] DEBUG org.activiti.engine.impl.cfg.standalone.StandaloneMybatisTransactionContext  - firing event committing...
10:46:56,666 [Thread-45] DEBUG org.activiti.engine.impl.cfg.standalone.StandaloneMybatisTransactionContext  - committing the ibatis sql session...
10:46:56,666 [Thread-45] DEBUG org.activiti.engine.impl.cfg.standalone.StandaloneMybatisTransactionContext  - firing event committed...
10:46:56,666 [Thread-45] DEBUG org.apache.ibatis.transaction.jdbc.JdbcTransaction  - Resetting autocommit to true on JDBC Connection [conn4: url=jdbc:h2:mem:activiti user=SA]
10:46:56,666 [Thread-45] DEBUG org.apache.ibatis.transaction.jdbc.JdbcTransaction  - Closing JDBC Connection [conn4: url=jdbc:h2:mem:activiti user=SA]
10:46:56,666 [Thread-45] DEBUG org.apache.ibatis.datasource.pooled.PooledDataSource  - Returned connection 297240765 to pool.
10:46:56,666 [Thread-45] DEBUG org.activiti.engine.impl.interceptor.LogInterceptor  - --- AcquireAsyncJobsDueCmd finished --------------------------------------------------------
10:46:56,666 [Thread-45] DEBUG org.activiti.engine.impl.interceptor.LogInterceptor  - 

10:46:56,666 [Thread-45] DEBUG org.activiti.engine.impl.asyncexecutor.AcquireAsyncJobsDueRunnable  - async job acquisition thread sleeping for 1000 millis
10:46:57,106 [main] DEBUG org.activiti.engine.impl.interceptor.LogInterceptor  - 

10:46:57,106 [main] DEBUG org.activiti.engine.impl.interceptor.LogInterceptor  - --- starting JobQueryImpl --------------------------------------------------------
10:46:57,106 [main] DEBUG org.apache.ibatis.transaction.jdbc.JdbcTransaction  - Opening JDBC Connection
10:46:57,106 [main] DEBUG org.apache.ibatis.datasource.pooled.PooledDataSource  - Checked out connection 180014677 from pool.
10:46:57,106 [main] DEBUG org.apache.ibatis.transaction.jdbc.JdbcTransaction  - Setting autocommit to false on JDBC Connection [conn3: url=jdbc:h2:mem:activiti user=SA]
10:46:57,106 [main] DEBUG org.activiti.engine.impl.persistence.entity.JobEntity.selectJobByQueryCriteria  - ==&gt;  Preparing: select RES.* from ACT_RU_JOB RES order by order by RES.ID_ asc LIMIT ? OFFSET ? 
10:46:57,106 [main] DEBUG org.activiti.engine.impl.interceptor.CommandContext  - Error while closing command context
org.apache.ibatis.exceptions.PersistenceException: 
### Error querying database.  Cause: org.h2.jdbc.JdbcSQLException: Syntax error in SQL statement &quot;SELECT RES.* 
     
    FROM ACT_RU_JOB RES
     
      
   
     ORDER BY  ORDER[*] BY RES.ID_ ASC  
    LIMIT ? OFFSET ? &quot;; expected &quot;=, NOT, EXISTS, INTERSECTS, SELECT, FROM&quot;; SQL statement:
select RES.* 
     
    from ACT_RU_JOB RES
     
      
   
     order by  order by RES.ID_ asc  
    LIMIT ? OFFSET ? [42001-176]
### The error may exist in org/activiti/db/mapping/entity/Job.xml
### The error may involve org.activiti.engine.impl.persistence.entity.JobEntity.selectJobByQueryCriteria
### The error occurred while executing a query
### SQL: select RES.*            from ACT_RU_JOB RES                       order by  order by RES.ID_ asc       LIMIT ? OFFSET ?
### Cause: org.h2.jdbc.JdbcSQLException: Syntax error in SQL statement &quot;SELECT RES.* 
     
    FROM ACT_RU_JOB RES
     
      
   
     ORDER BY  ORDER[*] BY RES.ID_ ASC  
    LIMIT ? OFFSET ? &quot;; expected &quot;=, NOT, EXISTS, INTERSECTS, SELECT, FROM&quot;; SQL statement:
select RES.* 
     
    from ACT_RU_JOB RES
     
      
   
     order by  order by RES.ID_ asc  
    LIMIT ? OFFSET ? [42001-176]
	at org.apache.ibatis.exceptions.ExceptionFactory.wrapException(ExceptionFactory.java:30)
	at org.apache.ibatis.session.defaults.DefaultSqlSession.selectList(DefaultSqlSession.java:122)
	at org.apache.ibatis.session.defaults.DefaultSqlSession.selectList(DefaultSqlSession.java:113)
	at org.activiti.engine.impl.db.DbSqlSession.selectListWithRawParameter(DbSqlSession.java:438)
	at org.activiti.engine.impl.db.DbSqlSession.selectList(DbSqlSession.java:429)
	at org.activiti.engine.impl.db.DbSqlSession.selectList(DbSqlSession.java:419)
	at org.activiti.engine.impl.persistence.entity.JobEntityManager.findJobsByQueryCriteria(JobEntityManager.java:198)
	at org.activiti.engine.impl.JobQueryImpl.executeList(JobQueryImpl.java:243)
	at org.activiti.engine.impl.AbstractQuery.execute(AbstractQuery.java:164)
	at org.activiti.engine.impl.interceptor.CommandInvoker.execute(CommandInvoker.java:24)
	at org.activiti.engine.impl.interceptor.CommandContextInterceptor.execute(CommandContextInterceptor.java:57)
	at org.activiti.engine.impl.interceptor.LogInterceptor.execute(LogInterceptor.java:37)
	at org.activiti.engine.impl.cfg.CommandExecutorImpl.execute(CommandExecutorImpl.java:40)
	at org.activiti.engine.impl.cfg.CommandExecutorImpl.execute(CommandExecutorImpl.java:35)
	at org.activiti.engine.impl.AbstractQuery.list(AbstractQuery.java:138)
	at org.activiti.engine.impl.test.JobTestHelper.areJobsAvailable(JobTestHelper.java:194)
	at org.activiti.engine.impl.test.JobTestHelper.waitForJobExecutorToProcessAllJobs(JobTestHelper.java:74)
	at org.activiti.engine.impl.test.JobTestHelper.waitForJobExecutorToProcessAllJobs(JobTestHelper.java:47)
	at org.activiti.engine.impl.test.AbstractActivitiTestCase.waitForJobExecutorToProcessAllJobs(AbstractActivitiTestCase.java:204)
	at org.activiti.engine.test.bpmn.servicetask.ServiceTaskVariablesTest.testSerializedVariablesThirdAsync(ServiceTaskVariablesTest.java:94)
	at sun.reflect.NativeMethodAccessorImpl.invoke0(Native Method)
	at sun.reflect.NativeMethodAccessorImpl.invoke(NativeMethodAccessorImpl.java:62)
	at sun.reflect.DelegatingMethodAccessorImpl.invoke(DelegatingMethodAccessorImpl.java:43)
	at java.lang.reflect.Method.invoke(Method.java:498)
	at junit.framework.TestCase.runTest(TestCase.java:176)
	at org.activiti.engine.impl.test.PvmTestCase.runTest(PvmTestCase.java:65)
	at junit.framework.TestCase.runBare(TestCase.java:141)
	at org.activiti.engine.impl.test.AbstractActivitiTestCase.runBare(AbstractActivitiTestCase.java:100)
	at junit.framework.TestResult$1.protect(TestResult.java:122)
	at junit.framework.TestResult.runProtected(TestResult.java:142)
	at junit.framework.TestResult.run(TestResult.java:125)
	at junit.framework.TestCase.run(TestCase.java:129)
	at junit.framework.TestSuite.runTest(TestSuite.java:255)
	at junit.framework.TestSuite.run(TestSuite.java:250)
	at org.junit.internal.runners.JUnit38ClassRunner.run(JUnit38ClassRunner.java:84)
	at org.apache.maven.surefire.junit4.JUnit4TestSet.execute(JUnit4TestSet.java:35)
	at org.apache.maven.surefire.junit4.JUnit4Provider.executeTestSet(JUnit4Provider.java:146)
	at org.apache.maven.surefire.junit4.JUnit4Provider.invoke(JUnit4Provider.java:97)
	at sun.reflect.NativeMethodAccessorImpl.invoke0(Native Method)
	at sun.reflect.NativeMethodAccessorImpl.invoke(NativeMethodAccessorImpl.java:62)
	at sun.reflect.DelegatingMethodAccessorImpl.invoke(DelegatingMethodAccessorImpl.java:43)
	at java.lang.reflect.Method.invoke(Method.java:498)
	at org.apache.maven.surefire.booter.ProviderFactory$ClassLoaderProxy.invoke(ProviderFactory.java:103)
	at com.sun.proxy.$Proxy0.invoke(Unknown Source)
	at org.apache.maven.surefire.booter.SurefireStarter.invokeProvider(SurefireStarter.java:145)
	at org.apache.maven.surefire.booter.SurefireStarter.runSuitesInProcess(SurefireStarter.java:87)
	at org.apache.maven.surefire.booter.ForkedBooter.main(ForkedBooter.java:69)
Caused by: org.h2.jdbc.JdbcSQLException: Syntax error in SQL statement &quot;SELECT RES.* 
     
    FROM ACT_RU_JOB RES
     
      
   
     ORDER BY  ORDER[*] BY RES.ID_ ASC  
    LIMIT ? OFFSET ? &quot;; expected &quot;=, NOT, EXISTS, INTERSECTS, SELECT, FROM&quot;; SQL statement:
select RES.* 
     
    from ACT_RU_JOB RES
     
      
   
     order by  order by RES.ID_ asc  
    LIMIT ? OFFSET ? [42001-176]
	at org.h2.message.DbException.getJdbcSQLException(DbException.java:344)
	at org.h2.message.DbException.getSyntaxError(DbException.java:204)
	at org.h2.command.Parser.getSyntaxError(Parser.java:524)
	at org.h2.command.Parser.readTerm(Parser.java:2688)
	at org.h2.command.Parser.readFactor(Parser.java:2244)
	at org.h2.command.Parser.readSum(Parser.java:2231)
	at org.h2.command.Parser.readConcat(Parser.java:2201)
	at org.h2.command.Parser.readCondition(Parser.java:2051)
	at org.h2.command.Parser.readAnd(Parser.java:2023)
	at org.h2.command.Parser.readExpression(Parser.java:2015)
	at org.h2.command.Parser.parseEndOfQuery(Parser.java:1726)
	at org.h2.command.Parser.parseSelectUnionExtension(Parser.java:1706)
	at org.h2.command.Parser.parseSelectUnion(Parser.java:1675)
	at org.h2.command.Parser.parseSelect(Parser.java:1662)
	at org.h2.command.Parser.parsePrepared(Parser.java:434)
	at org.h2.command.Parser.parse(Parser.java:306)
	at org.h2.command.Parser.parse(Parser.java:282)
	at org.h2.command.Parser.prepareCommand(Parser.java:243)
	at org.h2.engine.Session.prepareLocal(Session.java:442)
	at org.h2.engine.Session.prepareCommand(Session.java:384)
	at org.h2.jdbc.JdbcConnection.prepareCommand(JdbcConnection.java:1188)
	at org.h2.jdbc.JdbcPreparedStatement.&lt;init&gt;(JdbcPreparedStatement.java:73)
	at org.h2.jdbc.JdbcConnection.prepareStatement(JdbcConnection.java:276)
	at sun.reflect.GeneratedMethodAccessor6.invoke(Unknown Source)
	at sun.reflect.DelegatingMethodAccessorImpl.invoke(DelegatingMethodAccessorImpl.java:43)
	at java.lang.reflect.Method.invoke(Method.java:498)
	at org.apache.ibatis.datasource.pooled.PooledConnection.invoke(PooledConnection.java:245)
	at com.sun.proxy.$Proxy12.prepareStatement(Unknown Source)
	at sun.reflect.GeneratedMethodAccessor6.invoke(Unknown Source)
	at sun.reflect.DelegatingMethodAccessorImpl.invoke(DelegatingMethodAccessorImpl.java:43)
	at java.lang.reflect.Method.invoke(Method.java:498)
	at org.apache.ibatis.logging.jdbc.ConnectionLogger.invoke(ConnectionLogger.java:55)
	at com.sun.proxy.$Proxy12.prepareStatement(Unknown Source)
	at org.apache.ibatis.executor.statement.PreparedStatementHandler.instantiateStatement(PreparedStatementHandler.java:79)
	at org.apache.ibatis.executor.statement.BaseStatementHandler.prepare(BaseStatementHandler.java:88)
	at org.apache.ibatis.executor.statement.RoutingStatementHandler.prepare(RoutingStatementHandler.java:58)
	at org.apache.ibatis.executor.SimpleExecutor.prepareStatement(SimpleExecutor.java:76)
	at org.apache.ibatis.executor.SimpleExecutor.doQuery(SimpleExecutor.java:61)
	at org.apache.ibatis.executor.BaseExecutor.queryFromDatabase(BaseExecutor.java:303)
	at org.apache.ibatis.executor.BaseExecutor.query(BaseExecutor.java:154)
	at org.apache.ibatis.executor.CachingExecutor.query(CachingExecutor.java:102)
	at org.apache.ibatis.executor.CachingExecutor.query(CachingExecutor.java:82)
	at org.apache.ibatis.session.defaults.DefaultSqlSession.selectList(DefaultSqlSession.java:120)
	... 45 more
10:46:57,107 [main] DEBUG org.activiti.engine.impl.cfg.standalone.StandaloneMybatisTransactionContext  - firing event rolling back...
10:46:57,107 [main] DEBUG org.activiti.engine.impl.cfg.standalone.StandaloneMybatisTransactionContext  - rolling back ibatis sql session...
10:46:57,107 [main] DEBUG org.activiti.engine.impl.cfg.standalone.StandaloneMybatisTransactionContext  - firing event rolled back...
10:46:57,107 [main] DEBUG org.apache.ibatis.transaction.jdbc.JdbcTransaction  - Resetting autocommit to true on JDBC Connection [conn3: url=jdbc:h2:mem:activiti user=SA]
10:46:57,107 [main] DEBUG org.apache.ibatis.transaction.jdbc.JdbcTransaction  - Closing JDBC Connection [conn3: url=jdbc:h2:mem:activiti user=SA]
10:46:57,107 [main] DEBUG org.apache.ibatis.datasource.pooled.PooledDataSource  - Returned connection 180014677 to pool.
10:46:57,107 [main] DEBUG org.activiti.engine.impl.interceptor.LogInterceptor  - --- JobQueryImpl finished --------------------------------------------------------
10:46:57,107 [main] DEBUG org.activiti.engine.impl.interceptor.LogInterceptor  - 

10:46:57,138 [Thread-44] DEBUG org.activiti.engine.impl.asyncexecutor.AcquireTimerJobsRunnable  - timer job acquisition thread woke up
10:46:57,138 [Thread-44] DEBUG org.activiti.engine.impl.interceptor.LogInterceptor  - 

10:46:57,138 [Thread-44] DEBUG org.activiti.engine.impl.interceptor.LogInterceptor  - --- starting AcquireTimerJobsCmd --------------------------------------------------------
10:46:57,138 [Thread-44] DEBUG org.apache.ibatis.transaction.jdbc.JdbcTransaction  - Opening JDBC Connection
10:46:57,138 [Thread-44] DEBUG org.apache.ibatis.datasource.pooled.PooledDataSource  - Checked out connection 363509958 from pool.
10:46:57,138 [Thread-44] DEBUG org.apache.ibatis.transaction.jdbc.JdbcTransaction  - Setting autocommit to false on JDBC Connection [conn2: url=jdbc:h2:mem:activiti user=SA]
10:46:57,138 [Thread-44] DEBUG org.activiti.engine.impl.persistence.entity.JobEntity.selectNextTimerJobsToExecute  - ==&gt;  Preparing: select RES.* from ACT_RU_JOB RES LEFT OUTER JOIN ACT_RU_EXECUTION PI ON PI.ID_ = RES.PROCESS_INSTANCE_ID_ where (RES.RETRIES_ &gt; 0) and (RES.DUEDATE_ is null or RES.DUEDATE_ &lt;= ?) and (RES.LOCK_OWNER_ is null or RES.LOCK_EXP_TIME_ &lt;= ?) and TYPE_ = &apos;timer&apos; and ( (RES.EXECUTION_ID_ is null) or (PI.SUSPENSION_STATE_ = 1) ) LIMIT ? OFFSET ? 
10:46:57,138 [Thread-44] DEBUG org.activiti.engine.impl.persistence.entity.JobEntity.selectNextTimerJobsToExecute  - ==&gt; Parameters: 2023-03-20 10:46:46.742(Timestamp), 2023-03-20 10:46:46.742(Timestamp), 1(Integer), 0(Integer)
10:46:57,138 [Thread-44] DEBUG org.activiti.engine.impl.persistence.entity.JobEntity.selectNextTimerJobsToExecute  - &lt;==      Total: 0
10:46:57,138 [Thread-44] DEBUG org.activiti.engine.impl.db.DbSqlSession  - flush summary: 0 insert, 0 update, 0 delete.
10:46:57,138 [Thread-44] DEBUG org.activiti.engine.impl.db.DbSqlSession  - now executing flush...
10:46:57,138 [Thread-44] DEBUG org.activiti.engine.impl.cfg.standalone.StandaloneMybatisTransactionContext  - firing event committing...
10:46:57,138 [Thread-44] DEBUG org.activiti.engine.impl.cfg.standalone.StandaloneMybatisTransactionContext  - committing the ibatis sql session...
10:46:57,138 [Thread-44] DEBUG org.activiti.engine.impl.cfg.standalone.StandaloneMybatisTransactionContext  - firing event committed...
10:46:57,138 [Thread-44] DEBUG org.apache.ibatis.transaction.jdbc.JdbcTransaction  - Resetting autocommit to true on JDBC Connection [conn2: url=jdbc:h2:mem:activiti user=SA]
10:46:57,138 [Thread-44] DEBUG org.apache.ibatis.transaction.jdbc.JdbcTransaction  - Closing JDBC Connection [conn2: url=jdbc:h2:mem:activiti user=SA]
10:46:57,138 [Thread-44] DEBUG org.apache.ibatis.datasource.pooled.PooledDataSource  - Returned connection 363509958 to pool.
10:46:57,138 [Thread-44] DEBUG org.activiti.engine.impl.interceptor.LogInterceptor  - --- AcquireTimerJobsCmd finished --------------------------------------------------------
10:46:57,138 [Thread-44] DEBUG org.activiti.engine.impl.interceptor.LogInterceptor  - 

10:46:57,138 [Thread-44] DEBUG org.activiti.engine.impl.asyncexecutor.AcquireTimerJobsRunnable  - timer job acquisition thread sleeping for 1000 millis
10:46:57,609 [main] DEBUG org.activiti.engine.impl.interceptor.LogInterceptor  - 

10:46:57,609 [main] DEBUG org.activiti.engine.impl.interceptor.LogInterceptor  - --- starting JobQueryImpl --------------------------------------------------------
10:46:57,609 [main] DEBUG org.apache.ibatis.transaction.jdbc.JdbcTransaction  - Opening JDBC Connection
10:46:57,609 [main] DEBUG org.apache.ibatis.datasource.pooled.PooledDataSource  - Checked out connection 486346394 from pool.
10:46:57,609 [main] DEBUG org.apache.ibatis.transaction.jdbc.JdbcTransaction  - Setting autocommit to false on JDBC Connection [conn6: url=jdbc:h2:mem:activiti user=SA]
10:46:57,609 [main] DEBUG org.activiti.engine.impl.persistence.entity.JobEntity.selectJobByQueryCriteria  - ==&gt;  Preparing: select RES.* from ACT_RU_JOB RES order by order by RES.ID_ asc LIMIT ? OFFSET ? 
10:46:57,609 [main] DEBUG org.activiti.engine.impl.interceptor.CommandContext  - Error while closing command context
org.apache.ibatis.exceptions.PersistenceException: 
### Error querying database.  Cause: org.h2.jdbc.JdbcSQLException: Syntax error in SQL statement &quot;SELECT RES.* 
     
    FROM ACT_RU_JOB RES
     
      
   
     ORDER BY  ORDER[*] BY RES.ID_ ASC  
    LIMIT ? OFFSET ? &quot;; expected &quot;=, NOT, EXISTS, INTERSECTS, SELECT, FROM&quot;; SQL statement:
select RES.* 
     
    from ACT_RU_JOB RES
     
      
   
     order by  order by RES.ID_ asc  
    LIMIT ? OFFSET ? [42001-176]
### The error may exist in org/activiti/db/mapping/entity/Job.xml
### The error may involve org.activiti.engine.impl.persistence.entity.JobEntity.selectJobByQueryCriteria
### The error occurred while executing a query
### SQL: select RES.*            from ACT_RU_JOB RES                       order by  order by RES.ID_ asc       LIMIT ? OFFSET ?
### Cause: org.h2.jdbc.JdbcSQLException: Syntax error in SQL statement &quot;SELECT RES.* 
     
    FROM ACT_RU_JOB RES
     
      
   
     ORDER BY  ORDER[*] BY RES.ID_ ASC  
    LIMIT ? OFFSET ? &quot;; expected &quot;=, NOT, EXISTS, INTERSECTS, SELECT, FROM&quot;; SQL statement:
select RES.* 
     
    from ACT_RU_JOB RES
     
      
   
     order by  order by RES.ID_ asc  
    LIMIT ? OFFSET ? [42001-176]
	at org.apache.ibatis.exceptions.ExceptionFactory.wrapException(ExceptionFactory.java:30)
	at org.apache.ibatis.session.defaults.DefaultSqlSession.selectList(DefaultSqlSession.java:122)
	at org.apache.ibatis.session.defaults.DefaultSqlSession.selectList(DefaultSqlSession.java:113)
	at org.activiti.engine.impl.db.DbSqlSession.selectListWithRawParameter(DbSqlSession.java:438)
	at org.activiti.engine.impl.db.DbSqlSession.selectList(DbSqlSession.java:429)
	at org.activiti.engine.impl.db.DbSqlSession.selectList(DbSqlSession.java:419)
	at org.activiti.engine.impl.persistence.entity.JobEntityManager.findJobsByQueryCriteria(JobEntityManager.java:198)
	at org.activiti.engine.impl.JobQueryImpl.executeList(JobQueryImpl.java:243)
	at org.activiti.engine.impl.AbstractQuery.execute(AbstractQuery.java:164)
	at org.activiti.engine.impl.interceptor.CommandInvoker.execute(CommandInvoker.java:24)
	at org.activiti.engine.impl.interceptor.CommandContextInterceptor.execute(CommandContextInterceptor.java:57)
	at org.activiti.engine.impl.interceptor.LogInterceptor.execute(LogInterceptor.java:37)
	at org.activiti.engine.impl.cfg.CommandExecutorImpl.execute(CommandExecutorImpl.java:40)
	at org.activiti.engine.impl.cfg.CommandExecutorImpl.execute(CommandExecutorImpl.java:35)
	at org.activiti.engine.impl.AbstractQuery.list(AbstractQuery.java:138)
	at org.activiti.engine.impl.test.JobTestHelper.areJobsAvailable(JobTestHelper.java:194)
	at org.activiti.engine.impl.test.JobTestHelper.waitForJobExecutorToProcessAllJobs(JobTestHelper.java:74)
	at org.activiti.engine.impl.test.JobTestHelper.waitForJobExecutorToProcessAllJobs(JobTestHelper.java:47)
	at org.activiti.engine.impl.test.AbstractActivitiTestCase.waitForJobExecutorToProcessAllJobs(AbstractActivitiTestCase.java:204)
	at org.activiti.engine.test.bpmn.servicetask.ServiceTaskVariablesTest.testSerializedVariablesThirdAsync(ServiceTaskVariablesTest.java:94)
	at sun.reflect.NativeMethodAccessorImpl.invoke0(Native Method)
	at sun.reflect.NativeMethodAccessorImpl.invoke(NativeMethodAccessorImpl.java:62)
	at sun.reflect.DelegatingMethodAccessorImpl.invoke(DelegatingMethodAccessorImpl.java:43)
	at java.lang.reflect.Method.invoke(Method.java:498)
	at junit.framework.TestCase.runTest(TestCase.java:176)
	at org.activiti.engine.impl.test.PvmTestCase.runTest(PvmTestCase.java:65)
	at junit.framework.TestCase.runBare(TestCase.java:141)
	at org.activiti.engine.impl.test.AbstractActivitiTestCase.runBare(AbstractActivitiTestCase.java:100)
	at junit.framework.TestResult$1.protect(TestResult.java:122)
	at junit.framework.TestResult.runProtected(TestResult.java:142)
	at junit.framework.TestResult.run(TestResult.java:125)
	at junit.framework.TestCase.run(TestCase.java:129)
	at junit.framework.TestSuite.runTest(TestSuite.java:255)
	at junit.framework.TestSuite.run(TestSuite.java:250)
	at org.junit.internal.runners.JUnit38ClassRunner.run(JUnit38ClassRunner.java:84)
	at org.apache.maven.surefire.junit4.JUnit4TestSet.execute(JUnit4TestSet.java:35)
	at org.apache.maven.surefire.junit4.JUnit4Provider.executeTestSet(JUnit4Provider.java:146)
	at org.apache.maven.surefire.junit4.JUnit4Provider.invoke(JUnit4Provider.java:97)
	at sun.reflect.NativeMethodAccessorImpl.invoke0(Native Method)
	at sun.reflect.NativeMethodAccessorImpl.invoke(NativeMethodAccessorImpl.java:62)
	at sun.reflect.DelegatingMethodAccessorImpl.invoke(DelegatingMethodAccessorImpl.java:43)
	at java.lang.reflect.Method.invoke(Method.java:498)
	at org.apache.maven.surefire.booter.ProviderFactory$ClassLoaderProxy.invoke(ProviderFactory.java:103)
	at com.sun.proxy.$Proxy0.invoke(Unknown Source)
	at org.apache.maven.surefire.booter.SurefireStarter.invokeProvider(SurefireStarter.java:145)
	at org.apache.maven.surefire.booter.SurefireStarter.runSuitesInProcess(SurefireStarter.java:87)
	at org.apache.maven.surefire.booter.ForkedBooter.main(ForkedBooter.java:69)
Caused by: org.h2.jdbc.JdbcSQLException: Syntax error in SQL statement &quot;SELECT RES.* 
     
    FROM ACT_RU_JOB RES
     
      
   
     ORDER BY  ORDER[*] BY RES.ID_ ASC  
    LIMIT ? OFFSET ? &quot;; expected &quot;=, NOT, EXISTS, INTERSECTS, SELECT, FROM&quot;; SQL statement:
select RES.* 
     
    from ACT_RU_JOB RES
     
      
   
     order by  order by RES.ID_ asc  
    LIMIT ? OFFSET ? [42001-176]
	at org.h2.message.DbException.getJdbcSQLException(DbException.java:344)
	at org.h2.message.DbException.getSyntaxError(DbException.java:204)
	at org.h2.command.Parser.getSyntaxError(Parser.java:524)
	at org.h2.command.Parser.readTerm(Parser.java:2688)
	at org.h2.command.Parser.readFactor(Parser.java:2244)
	at org.h2.command.Parser.readSum(Parser.java:2231)
	at org.h2.command.Parser.readConcat(Parser.java:2201)
	at org.h2.command.Parser.readCondition(Parser.java:2051)
	at org.h2.command.Parser.readAnd(Parser.java:2023)
	at org.h2.command.Parser.readExpression(Parser.java:2015)
	at org.h2.command.Parser.parseEndOfQuery(Parser.java:1726)
	at org.h2.command.Parser.parseSelectUnionExtension(Parser.java:1706)
	at org.h2.command.Parser.parseSelectUnion(Parser.java:1675)
	at org.h2.command.Parser.parseSelect(Parser.java:1662)
	at org.h2.command.Parser.parsePrepared(Parser.java:434)
	at org.h2.command.Parser.parse(Parser.java:306)
	at org.h2.command.Parser.parse(Parser.java:282)
	at org.h2.command.Parser.prepareCommand(Parser.java:243)
	at org.h2.engine.Session.prepareLocal(Session.java:442)
	at org.h2.engine.Session.prepareCommand(Session.java:384)
	at org.h2.jdbc.JdbcConnection.prepareCommand(JdbcConnection.java:1188)
	at org.h2.jdbc.JdbcPreparedStatement.&lt;init&gt;(JdbcPreparedStatement.java:73)
	at org.h2.jdbc.JdbcConnection.prepareStatement(JdbcConnection.java:276)
	at sun.reflect.GeneratedMethodAccessor6.invoke(Unknown Source)
	at sun.reflect.DelegatingMethodAccessorImpl.invoke(DelegatingMethodAccessorImpl.java:43)
	at java.lang.reflect.Method.invoke(Method.java:498)
	at org.apache.ibatis.datasource.pooled.PooledConnection.invoke(PooledConnection.java:245)
	at com.sun.proxy.$Proxy12.prepareStatement(Unknown Source)
	at sun.reflect.GeneratedMethodAccessor6.invoke(Unknown Source)
	at sun.reflect.DelegatingMethodAccessorImpl.invoke(DelegatingMethodAccessorImpl.java:43)
	at java.lang.reflect.Method.invoke(Method.java:498)
	at org.apache.ibatis.logging.jdbc.ConnectionLogger.invoke(ConnectionLogger.java:55)
	at com.sun.proxy.$Proxy12.prepareStatement(Unknown Source)
	at org.apache.ibatis.executor.statement.PreparedStatementHandler.instantiateStatement(PreparedStatementHandler.java:79)
	at org.apache.ibatis.executor.statement.BaseStatementHandler.prepare(BaseStatementHandler.java:88)
	at org.apache.ibatis.executor.statement.RoutingStatementHandler.prepare(RoutingStatementHandler.java:58)
	at org.apache.ibatis.executor.SimpleExecutor.prepareStatement(SimpleExecutor.java:76)
	at org.apache.ibatis.executor.SimpleExecutor.doQuery(SimpleExecutor.java:61)
	at org.apache.ibatis.executor.BaseExecutor.queryFromDatabase(BaseExecutor.java:303)
	at org.apache.ibatis.executor.BaseExecutor.query(BaseExecutor.java:154)
	at org.apache.ibatis.executor.CachingExecutor.query(CachingExecutor.java:102)
	at org.apache.ibatis.executor.CachingExecutor.query(CachingExecutor.java:82)
	at org.apache.ibatis.session.defaults.DefaultSqlSession.selectList(DefaultSqlSession.java:120)
	... 45 more
10:46:57,610 [main] DEBUG org.activiti.engine.impl.cfg.standalone.StandaloneMybatisTransactionContext  - firing event rolling back...
10:46:57,610 [main] DEBUG org.activiti.engine.impl.cfg.standalone.StandaloneMybatisTransactionContext  - rolling back ibatis sql session...
10:46:57,610 [main] DEBUG org.activiti.engine.impl.cfg.standalone.StandaloneMybatisTransactionContext  - firing event rolled back...
10:46:57,610 [main] DEBUG org.apache.ibatis.transaction.jdbc.JdbcTransaction  - Resetting autocommit to true on JDBC Connection [conn6: url=jdbc:h2:mem:activiti user=SA]
10:46:57,610 [main] DEBUG org.apache.ibatis.transaction.jdbc.JdbcTransaction  - Closing JDBC Connection [conn6: url=jdbc:h2:mem:activiti user=SA]
10:46:57,610 [main] DEBUG org.apache.ibatis.datasource.pooled.PooledDataSource  - Returned connection 486346394 to pool.
10:46:57,610 [main] DEBUG org.activiti.engine.impl.interceptor.LogInterceptor  - --- JobQueryImpl finished --------------------------------------------------------
10:46:57,610 [main] DEBUG org.activiti.engine.impl.interceptor.LogInterceptor  - 

10:46:57,610 [main] INFO  org.activiti.engine.impl.asyncexecutor.DefaultAsyncJobExecutor  - Shutting down the default async job executor [org.activiti.engine.impl.asyncexecutor.DefaultAsyncJobExecutor].
10:46:57,610 [Thread-45] DEBUG org.activiti.engine.impl.asyncexecutor.AcquireAsyncJobsDueRunnable  - async job acquisition thread woke up
10:46:57,610 [main] WARN  org.activiti.engine.impl.asyncexecutor.DefaultAsyncJobExecutor  - Interrupted while waiting for the timer job acquisition thread to terminate
java.lang.InterruptedException
	at java.lang.Object.wait(Native Method)
	at java.lang.Thread.join(Thread.java:1257)
	at java.lang.Thread.join(Thread.java:1331)
	at org.activiti.engine.impl.asyncexecutor.DefaultAsyncJobExecutor.stopJobAcquisitionThread(DefaultAsyncJobExecutor.java:183)
	at org.activiti.engine.impl.asyncexecutor.DefaultAsyncJobExecutor.stopExecutingAsyncJobs(DefaultAsyncJobExecutor.java:148)
	at org.activiti.engine.impl.asyncexecutor.DefaultAsyncJobExecutor.shutdown(DefaultAsyncJobExecutor.java:121)
	at org.activiti.engine.impl.test.JobTestHelper.waitForJobExecutorToProcessAllJobs(JobTestHelper.java:94)
	at org.activiti.engine.impl.test.JobTestHelper.waitForJobExecutorToProcessAllJobs(JobTestHelper.java:47)
	at org.activiti.engine.impl.test.AbstractActivitiTestCase.waitForJobExecutorToProcessAllJobs(AbstractActivitiTestCase.java:204)
	at org.activiti.engine.test.bpmn.servicetask.ServiceTaskVariablesTest.testSerializedVariablesThirdAsync(ServiceTaskVariablesTest.java:94)
	at sun.reflect.NativeMethodAccessorImpl.invoke0(Native Method)
	at sun.reflect.NativeMethodAccessorImpl.invoke(NativeMethodAccessorImpl.java:62)
	at sun.reflect.DelegatingMethodAccessorImpl.invoke(DelegatingMethodAccessorImpl.java:43)
	at java.lang.reflect.Method.invoke(Method.java:498)
	at junit.framework.TestCase.runTest(TestCase.java:176)
	at org.activiti.engine.impl.test.PvmTestCase.runTest(PvmTestCase.java:65)
	at junit.framework.TestCase.runBare(TestCase.java:141)
	at org.activiti.engine.impl.test.AbstractActivitiTestCase.runBare(AbstractActivitiTestCase.java:100)
	at junit.framework.TestResult$1.protect(TestResult.java:122)
	at junit.framework.TestResult.runProtected(TestResult.java:142)
	at junit.framework.TestResult.run(TestResult.java:125)
	at junit.framework.TestCase.run(TestCase.java:129)
	at junit.framework.TestSuite.runTest(TestSuite.java:255)
	at junit.framework.TestSuite.run(TestSuite.java:250)
	at org.junit.internal.runners.JUnit38ClassRunner.run(JUnit38ClassRunner.java:84)
	at org.apache.maven.surefire.junit4.JUnit4TestSet.execute(JUnit4TestSet.java:35)
	at org.apache.maven.surefire.junit4.JUnit4Provider.executeTestSet(JUnit4Provider.java:146)
	at org.apache.maven.surefire.junit4.JUnit4Provider.invoke(JUnit4Provider.java:97)
	at sun.reflect.NativeMethodAccessorImpl.invoke0(Native Method)
	at sun.reflect.NativeMethodAccessorImpl.invoke(NativeMethodAccessorImpl.java:62)
	at sun.reflect.DelegatingMethodAccessorImpl.invoke(DelegatingMethodAccessorImpl.java:43)
	at java.lang.reflect.Method.invoke(Method.java:498)
	at org.apache.maven.surefire.booter.ProviderFactory$ClassLoaderProxy.invoke(ProviderFactory.java:103)
	at com.sun.proxy.$Proxy0.invoke(Unknown Source)
	at org.apache.maven.surefire.booter.SurefireStarter.invokeProvider(SurefireStarter.java:145)
	at org.apache.maven.surefire.booter.SurefireStarter.runSuitesInProcess(SurefireStarter.java:87)
	at org.apache.maven.surefire.booter.ForkedBooter.main(ForkedBooter.java:69)
10:46:57,610 [Thread-45] INFO  org.activiti.engine.impl.asyncexecutor.AcquireAsyncJobsDueRunnable  - {} stopped async job due acquisition
10:46:57,610 [Thread-44] DEBUG org.activiti.engine.impl.asyncexecutor.AcquireTimerJobsRunnable  - timer job acquisition thread woke up
10:46:57,610 [Thread-44] INFO  org.activiti.engine.impl.asyncexecutor.AcquireTimerJobsRunnable  - {} stopped async job due acquisition
10:46:57,611 [main] ERROR org.activiti.engine.impl.test.PvmTestCase  - 

10:46:57,611 [main] ERROR org.activiti.engine.impl.test.PvmTestCase  - EXCEPTION: org.activiti.engine.ActivitiException: time limit of 10000 was exceeded
org.activiti.engine.ActivitiException: time limit of 10000 was exceeded
	at org.activiti.engine.impl.test.JobTestHelper.waitForJobExecutorToProcessAllJobs(JobTestHelper.java:86)
	at org.activiti.engine.impl.test.JobTestHelper.waitForJobExecutorToProcessAllJobs(JobTestHelper.java:47)
	at org.activiti.engine.impl.test.AbstractActivitiTestCase.waitForJobExecutorToProcessAllJobs(AbstractActivitiTestCase.java:204)
	at org.activiti.engine.test.bpmn.servicetask.ServiceTaskVariablesTest.testSerializedVariablesThirdAsync(ServiceTaskVariablesTest.java:94)
	at sun.reflect.NativeMethodAccessorImpl.invoke0(Native Method)
	at sun.reflect.NativeMethodAccessorImpl.invoke(NativeMethodAccessorImpl.java:62)
	at sun.reflect.DelegatingMethodAccessorImpl.invoke(DelegatingMethodAccessorImpl.java:43)
	at java.lang.reflect.Method.invoke(Method.java:498)
	at junit.framework.TestCase.runTest(TestCase.java:176)
	at org.activiti.engine.impl.test.PvmTestCase.runTest(PvmTestCase.java:65)
	at junit.framework.TestCase.runBare(TestCase.java:141)
	at org.activiti.engine.impl.test.AbstractActivitiTestCase.runBare(AbstractActivitiTestCase.java:100)
	at junit.framework.TestResult$1.protect(TestResult.java:122)
	at junit.framework.TestResult.runProtected(TestResult.java:142)
	at junit.framework.TestResult.run(TestResult.java:125)
	at junit.framework.TestCase.run(TestCase.java:129)
	at junit.framework.TestSuite.runTest(TestSuite.java:255)
	at junit.framework.TestSuite.run(TestSuite.java:250)
	at org.junit.internal.runners.JUnit38ClassRunner.run(JUnit38ClassRunner.java:84)
	at org.apache.maven.surefire.junit4.JUnit4TestSet.execute(JUnit4TestSet.java:35)
	at org.apache.maven.surefire.junit4.JUnit4Provider.executeTestSet(JUnit4Provider.java:146)
	at org.apache.maven.surefire.junit4.JUnit4Provider.invoke(JUnit4Provider.java:97)
	at sun.reflect.NativeMethodAccessorImpl.invoke0(Native Method)
	at sun.reflect.NativeMethodAccessorImpl.invoke(NativeMethodAccessorImpl.java:62)
	at sun.reflect.DelegatingMethodAccessorImpl.invoke(DelegatingMethodAccessorImpl.java:43)
	at java.lang.reflect.Method.invoke(Method.java:498)
	at org.apache.maven.surefire.booter.ProviderFactory$ClassLoaderProxy.invoke(ProviderFactory.java:103)
	at com.sun.proxy.$Proxy0.invoke(Unknown Source)
	at org.apache.maven.surefire.booter.SurefireStarter.invokeProvider(SurefireStarter.java:145)
	at org.apache.maven.surefire.booter.SurefireStarter.runSuitesInProcess(SurefireStarter.java:87)
	at org.apache.maven.surefire.booter.ForkedBooter.main(ForkedBooter.java:69)
10:46:57,611 [main] DEBUG org.activiti.engine.impl.test.PvmTestCase  - #### END ServiceTaskVariablesTest.testSerializedVariablesThirdAsync #############################################################
10:46:57,611 [main] ERROR org.activiti.engine.impl.test.PvmTestCase  - 

10:46:57,611 [main] ERROR org.activiti.engine.impl.test.PvmTestCase  - EXCEPTION: org.activiti.engine.ActivitiException: time limit of 10000 was exceeded
org.activiti.engine.ActivitiException: time limit of 10000 was exceeded
	at org.activiti.engine.impl.test.JobTestHelper.waitForJobExecutorToProcessAllJobs(JobTestHelper.java:86)
	at org.activiti.engine.impl.test.JobTestHelper.waitForJobExecutorToProcessAllJobs(JobTestHelper.java:47)
	at org.activiti.engine.impl.test.AbstractActivitiTestCase.waitForJobExecutorToProcessAllJobs(AbstractActivitiTestCase.java:204)
	at org.activiti.engine.test.bpmn.servicetask.ServiceTaskVariablesTest.testSerializedVariablesThirdAsync(ServiceTaskVariablesTest.java:94)
	at sun.reflect.NativeMethodAccessorImpl.invoke0(Native Method)
	at sun.reflect.NativeMethodAccessorImpl.invoke(NativeMethodAccessorImpl.java:62)
	at sun.reflect.DelegatingMethodAccessorImpl.invoke(DelegatingMethodAccessorImpl.java:43)
	at java.lang.reflect.Method.invoke(Method.java:498)
	at junit.framework.TestCase.runTest(TestCase.java:176)
	at org.activiti.engine.impl.test.PvmTestCase.runTest(PvmTestCase.java:65)
	at junit.framework.TestCase.runBare(TestCase.java:141)
	at org.activiti.engine.impl.test.AbstractActivitiTestCase.runBare(AbstractActivitiTestCase.java:100)
	at junit.framework.TestResult$1.protect(TestResult.java:122)
	at junit.framework.TestResult.runProtected(TestResult.java:142)
	at junit.framework.TestResult.run(TestResult.java:125)
	at junit.framework.TestCase.run(TestCase.java:129)
	at junit.framework.TestSuite.runTest(TestSuite.java:255)
	at junit.framework.TestSuite.run(TestSuite.java:250)
	at org.junit.internal.runners.JUnit38ClassRunner.run(JUnit38ClassRunner.java:84)
	at org.apache.maven.surefire.junit4.JUnit4TestSet.execute(JUnit4TestSet.java:35)
	at org.apache.maven.surefire.junit4.JUnit4Provider.executeTestSet(JUnit4Provider.java:146)
	at org.apache.maven.surefire.junit4.JUnit4Provider.invoke(JUnit4Provider.java:97)
	at sun.reflect.NativeMethodAccessorImpl.invoke0(Native Method)
	at sun.reflect.NativeMethodAccessorImpl.invoke(NativeMethodAccessorImpl.java:62)
	at sun.reflect.DelegatingMethodAccessorImpl.invoke(DelegatingMethodAccessorImpl.java:43)
	at java.lang.reflect.Method.invoke(Method.java:498)
	at org.apache.maven.surefire.booter.ProviderFactory$ClassLoaderProxy.invoke(ProviderFactory.java:103)
	at com.sun.proxy.$Proxy0.invoke(Unknown Source)
	at org.apache.maven.surefire.booter.SurefireStarter.invokeProvider(SurefireStarter.java:145)
	at org.apache.maven.surefire.booter.SurefireStarter.runSuitesInProcess(SurefireStarter.java:87)
	at org.apache.maven.surefire.booter.ForkedBooter.main(ForkedBooter.java:69)
10:46:57,611 [main] DEBUG org.activiti.engine.impl.test.TestHelper  - annotation @Deployment deletes deployment for ServiceTaskVariablesTest.testSerializedVariablesThirdAsync
10:46:57,611 [main] DEBUG org.activiti.engine.impl.interceptor.LogInterceptor  - 

10:46:57,611 [main] DEBUG org.activiti.engine.impl.interceptor.LogInterceptor  - --- starting DeleteDeploymentCmd --------------------------------------------------------
10:46:57,611 [main] DEBUG org.apache.ibatis.transaction.jdbc.JdbcTransaction  - Opening JDBC Connection
10:46:57,611 [main] DEBUG org.apache.ibatis.datasource.pooled.PooledDataSource  - Checked out connection 297240765 from pool.
10:46:57,611 [main] DEBUG org.apache.ibatis.transaction.jdbc.JdbcTransaction  - Setting autocommit to false on JDBC Connection [conn4: url=jdbc:h2:mem:activiti user=SA]
10:46:57,611 [main] DEBUG org.activiti.engine.impl.persistence.entity.DeploymentEntity.selectDeploymentById  - ==&gt;  Preparing: select * from ACT_RE_DEPLOYMENT where ID_ = ? 
10:46:57,611 [main] DEBUG org.activiti.engine.impl.persistence.entity.DeploymentEntity.selectDeploymentById  - ==&gt; Parameters: 40(String)
10:46:57,611 [main] DEBUG org.activiti.engine.impl.persistence.entity.DeploymentEntity.selectDeploymentById  - &lt;==      Total: 1
10:46:57,612 [main] DEBUG org.activiti.engine.impl.persistence.entity.ProcessDefinitionEntity.selectProcessDefinitionsByQueryCriteria  - ==&gt;  Preparing: select RES.* from ACT_RE_PROCDEF RES WHERE RES.DEPLOYMENT_ID_ = ? order by order by RES.ID_ asc LIMIT ? OFFSET ? 
10:46:57,612 [main] DEBUG org.activiti.engine.impl.interceptor.CommandContext  - Error while closing command context
org.apache.ibatis.exceptions.PersistenceException: 
### Error querying database.  Cause: org.h2.jdbc.JdbcSQLException: Syntax error in SQL statement &quot;SELECT RES.* 
       
    FROM ACT_RE_PROCDEF RES
     
     WHERE  RES.DEPLOYMENT_ID_ = ? 
   
     ORDER BY  ORDER[*] BY RES.ID_ ASC  
    LIMIT ? OFFSET ? &quot;; expected &quot;=, NOT, EXISTS, INTERSECTS, SELECT, FROM&quot;; SQL statement:
select RES.* 
       
    from ACT_RE_PROCDEF RES
     
     WHERE  RES.DEPLOYMENT_ID_ = ? 
   
     order by  order by RES.ID_ asc  
    LIMIT ? OFFSET ? [42001-176]
### The error may exist in org/activiti/db/mapping/entity/ProcessDefinition.xml
### The error may involve org.activiti.engine.impl.persistence.entity.ProcessDefinitionEntity.selectProcessDefinitionsByQueryCriteria
### The error occurred while executing a query
### SQL: select RES.*              from ACT_RE_PROCDEF RES            WHERE  RES.DEPLOYMENT_ID_ = ?           order by  order by RES.ID_ asc       LIMIT ? OFFSET ?
### Cause: org.h2.jdbc.JdbcSQLException: Syntax error in SQL statement &quot;SELECT RES.* 
       
    FROM ACT_RE_PROCDEF RES
     
     WHERE  RES.DEPLOYMENT_ID_ = ? 
   
     ORDER BY  ORDER[*] BY RES.ID_ ASC  
    LIMIT ? OFFSET ? &quot;; expected &quot;=, NOT, EXISTS, INTERSECTS, SELECT, FROM&quot;; SQL statement:
select RES.* 
       
    from ACT_RE_PROCDEF RES
     
     WHERE  RES.DEPLOYMENT_ID_ = ? 
   
     order by  order by RES.ID_ asc  
    LIMIT ? OFFSET ? [42001-176]
	at org.apache.ibatis.exceptions.ExceptionFactory.wrapException(ExceptionFactory.java:30)
	at org.apache.ibatis.session.defaults.DefaultSqlSession.selectList(DefaultSqlSession.java:122)
	at org.apache.ibatis.session.defaults.DefaultSqlSession.selectList(DefaultSqlSession.java:113)
	at org.activiti.engine.impl.db.DbSqlSession.selectListWithRawParameter(DbSqlSession.java:438)
	at org.activiti.engine.impl.db.DbSqlSession.selectList(DbSqlSession.java:429)
	at org.activiti.engine.impl.db.DbSqlSession.selectList(DbSqlSession.java:419)
	at org.activiti.engine.impl.persistence.entity.ProcessDefinitionEntityManager.findProcessDefinitionsByQueryCriteria(ProcessDefinitionEntityManager.java:57)
	at org.activiti.engine.impl.ProcessDefinitionQueryImpl.executeList(ProcessDefinitionQueryImpl.java:307)
	at org.activiti.engine.impl.AbstractQuery.list(AbstractQuery.java:140)
	at org.activiti.engine.impl.persistence.deploy.DeploymentManager.removeDeployment(DeploymentManager.java:187)
	at org.activiti.engine.impl.cmd.DeleteDeploymentCmd.execute(DeleteDeploymentCmd.java:44)
	at org.activiti.engine.impl.cmd.DeleteDeploymentCmd.execute(DeleteDeploymentCmd.java:24)
	at org.activiti.engine.impl.interceptor.CommandInvoker.execute(CommandInvoker.java:24)
	at org.activiti.engine.impl.interceptor.CommandContextInterceptor.execute(CommandContextInterceptor.java:57)
	at org.activiti.engine.impl.interceptor.LogInterceptor.execute(LogInterceptor.java:37)
	at org.activiti.engine.impl.cfg.CommandExecutorImpl.execute(CommandExecutorImpl.java:40)
	at org.activiti.engine.impl.cfg.CommandExecutorImpl.execute(CommandExecutorImpl.java:35)
	at org.activiti.engine.impl.RepositoryServiceImpl.deleteDeployment(RepositoryServiceImpl.java:90)
	at org.activiti.engine.impl.test.TestHelper.annotationDeploymentTearDown(TestHelper.java:116)
	at org.activiti.engine.impl.test.AbstractActivitiTestCase.runBare(AbstractActivitiTestCase.java:116)
	at junit.framework.TestResult$1.protect(TestResult.java:122)
	at junit.framework.TestResult.runProtected(TestResult.java:142)
	at junit.framework.TestResult.run(TestResult.java:125)
	at junit.framework.TestCase.run(TestCase.java:129)
	at junit.framework.TestSuite.runTest(TestSuite.java:255)
	at junit.framework.TestSuite.run(TestSuite.java:250)
	at org.junit.internal.runners.JUnit38ClassRunner.run(JUnit38ClassRunner.java:84)
	at org.apache.maven.surefire.junit4.JUnit4TestSet.execute(JUnit4TestSet.java:35)
	at org.apache.maven.surefire.junit4.JUnit4Provider.executeTestSet(JUnit4Provider.java:146)
	at org.apache.maven.surefire.junit4.JUnit4Provider.invoke(JUnit4Provider.java:97)
	at sun.reflect.NativeMethodAccessorImpl.invoke0(Native Method)
	at sun.reflect.NativeMethodAccessorImpl.invoke(NativeMethodAccessorImpl.java:62)
	at sun.reflect.DelegatingMethodAccessorImpl.invoke(DelegatingMethodAccessorImpl.java:43)
	at java.lang.reflect.Method.invoke(Method.java:498)
	at org.apache.maven.surefire.booter.ProviderFactory$ClassLoaderProxy.invoke(ProviderFactory.java:103)
	at com.sun.proxy.$Proxy0.invoke(Unknown Source)
	at org.apache.maven.surefire.booter.SurefireStarter.invokeProvider(SurefireStarter.java:145)
	at org.apache.maven.surefire.booter.SurefireStarter.runSuitesInProcess(SurefireStarter.java:87)
	at org.apache.maven.surefire.booter.ForkedBooter.main(ForkedBooter.java:69)
Caused by: org.h2.jdbc.JdbcSQLException: Syntax error in SQL statement &quot;SELECT RES.* 
       
    FROM ACT_RE_PROCDEF RES
     
     WHERE  RES.DEPLOYMENT_ID_ = ? 
   
     ORDER BY  ORDER[*] BY RES.ID_ ASC  
    LIMIT ? OFFSET ? &quot;; expected &quot;=, NOT, EXISTS, INTERSECTS, SELECT, FROM&quot;; SQL statement:
select RES.* 
       
    from ACT_RE_PROCDEF RES
     
     WHERE  RES.DEPLOYMENT_ID_ = ? 
   
     order by  order by RES.ID_ asc  
    LIMIT ? OFFSET ? [42001-176]
	at org.h2.message.DbException.getJdbcSQLException(DbException.java:344)
	at org.h2.message.DbException.getSyntaxError(DbException.java:204)
	at org.h2.command.Parser.getSyntaxError(Parser.java:524)
	at org.h2.command.Parser.readTerm(Parser.java:2688)
	at org.h2.command.Parser.readFactor(Parser.java:2244)
	at org.h2.command.Parser.readSum(Parser.java:2231)
	at org.h2.command.Parser.readConcat(Parser.java:2201)
	at org.h2.command.Parser.readCondition(Parser.java:2051)
	at org.h2.command.Parser.readAnd(Parser.java:2023)
	at org.h2.command.Parser.readExpression(Parser.java:2015)
	at org.h2.command.Parser.parseEndOfQuery(Parser.java:1726)
	at org.h2.command.Parser.parseSelectUnionExtension(Parser.java:1706)
	at org.h2.command.Parser.parseSelectUnion(Parser.java:1675)
	at org.h2.command.Parser.parseSelect(Parser.java:1662)
	at org.h2.command.Parser.parsePrepared(Parser.java:434)
	at org.h2.command.Parser.parse(Parser.java:306)
	at org.h2.command.Parser.parse(Parser.java:282)
	at org.h2.command.Parser.prepareCommand(Parser.java:243)
	at org.h2.engine.Session.prepareLocal(Session.java:442)
	at org.h2.engine.Session.prepareCommand(Session.java:384)
	at org.h2.jdbc.JdbcConnection.prepareCommand(JdbcConnection.java:1188)
	at org.h2.jdbc.JdbcPreparedStatement.&lt;init&gt;(JdbcPreparedStatement.java:73)
	at org.h2.jdbc.JdbcConnection.prepareStatement(JdbcConnection.java:276)
	at sun.reflect.GeneratedMethodAccessor6.invoke(Unknown Source)
	at sun.reflect.DelegatingMethodAccessorImpl.invoke(DelegatingMethodAccessorImpl.java:43)
	at java.lang.reflect.Method.invoke(Method.java:498)
	at org.apache.ibatis.datasource.pooled.PooledConnection.invoke(PooledConnection.java:245)
	at com.sun.proxy.$Proxy12.prepareStatement(Unknown Source)
	at sun.reflect.GeneratedMethodAccessor6.invoke(Unknown Source)
	at sun.reflect.DelegatingMethodAccessorImpl.invoke(DelegatingMethodAccessorImpl.java:43)
	at java.lang.reflect.Method.invoke(Method.java:498)
	at org.apache.ibatis.logging.jdbc.ConnectionLogger.invoke(ConnectionLogger.java:55)
	at com.sun.proxy.$Proxy12.prepareStatement(Unknown Source)
	at org.apache.ibatis.executor.statement.PreparedStatementHandler.instantiateStatement(PreparedStatementHandler.java:79)
	at org.apache.ibatis.executor.statement.BaseStatementHandler.prepare(BaseStatementHandler.java:88)
	at org.apache.ibatis.executor.statement.RoutingStatementHandler.prepare(RoutingStatementHandler.java:58)
	at org.apache.ibatis.executor.SimpleExecutor.prepareStatement(SimpleExecutor.java:76)
	at org.apache.ibatis.executor.SimpleExecutor.doQuery(SimpleExecutor.java:61)
	at org.apache.ibatis.executor.BaseExecutor.queryFromDatabase(BaseExecutor.java:303)
	at org.apache.ibatis.executor.BaseExecutor.query(BaseExecutor.java:154)
	at org.apache.ibatis.executor.CachingExecutor.query(CachingExecutor.java:102)
	at org.apache.ibatis.executor.CachingExecutor.query(CachingExecutor.java:82)
	at org.apache.ibatis.session.defaults.DefaultSqlSession.selectList(DefaultSqlSession.java:120)
	... 37 more
10:46:57,612 [main] DEBUG org.activiti.engine.impl.cfg.standalone.StandaloneMybatisTransactionContext  - firing event rolling back...
10:46:57,612 [main] DEBUG org.activiti.engine.impl.cfg.standalone.StandaloneMybatisTransactionContext  - rolling back ibatis sql session...
10:46:57,612 [main] DEBUG org.activiti.engine.impl.cfg.standalone.StandaloneMybatisTransactionContext  - firing event rolled back...
10:46:57,612 [main] DEBUG org.apache.ibatis.transaction.jdbc.JdbcTransaction  - Resetting autocommit to true on JDBC Connection [conn4: url=jdbc:h2:mem:activiti user=SA]
10:46:57,612 [main] DEBUG org.apache.ibatis.transaction.jdbc.JdbcTransaction  - Closing JDBC Connection [conn4: url=jdbc:h2:mem:activiti user=SA]
10:46:57,612 [main] DEBUG org.apache.ibatis.datasource.pooled.PooledDataSource  - Returned connection 297240765 to pool.
10:46:57,612 [main] DEBUG org.activiti.engine.impl.interceptor.LogInterceptor  - --- DeleteDeploymentCmd finished --------------------------------------------------------
10:46:57,612 [main] DEBUG org.activiti.engine.impl.interceptor.LogInterceptor  - 

</system-out>
  </testcase>
  <testcase classname="org.activiti.engine.test.bpmn.servicetask.ServiceTaskVariablesTest" name="testSerializedVariablesBothAsync" time="10.064">
    <error message="
### Error querying database.  Cause: org.h2.jdbc.JdbcSQLException: Syntax error in SQL statement &quot;SELECT RES.* 
       
    FROM ACT_RE_PROCDEF RES
     
     WHERE  RES.DEPLOYMENT_ID_ = ? 
   
     ORDER BY  ORDER[*] BY RES.ID_ ASC  
    LIMIT ? OFFSET ? &quot;; expected &quot;=, NOT, EXISTS, INTERSECTS, SELECT, FROM&quot;; SQL statement:
select RES.* 
       
    from ACT_RE_PROCDEF RES
     
     WHERE  RES.DEPLOYMENT_ID_ = ? 
   
     order by  order by RES.ID_ asc  
    LIMIT ? OFFSET ? [42001-176]
### The error may exist in org/activiti/db/mapping/entity/ProcessDefinition.xml
### The error may involve org.activiti.engine.impl.persistence.entity.ProcessDefinitionEntity.selectProcessDefinitionsByQueryCriteria
### The error occurred while executing a query
### SQL: select RES.*              from ACT_RE_PROCDEF RES            WHERE  RES.DEPLOYMENT_ID_ = ?           order by  order by RES.ID_ asc       LIMIT ? OFFSET ?
### Cause: org.h2.jdbc.JdbcSQLException: Syntax error in SQL statement &quot;SELECT RES.* 
       
    FROM ACT_RE_PROCDEF RES
     
     WHERE  RES.DEPLOYMENT_ID_ = ? 
   
     ORDER BY  ORDER[*] BY RES.ID_ ASC  
    LIMIT ? OFFSET ? &quot;; expected &quot;=, NOT, EXISTS, INTERSECTS, SELECT, FROM&quot;; SQL statement:
select RES.* 
       
    from ACT_RE_PROCDEF RES
     
     WHERE  RES.DEPLOYMENT_ID_ = ? 
   
     order by  order by RES.ID_ asc  
    LIMIT ? OFFSET ? [42001-176]" type="org.apache.ibatis.exceptions.PersistenceException">org.apache.ibatis.exceptions.PersistenceException: 
### Error querying database.  Cause: org.h2.jdbc.JdbcSQLException: Syntax error in SQL statement &quot;SELECT RES.* 
       
    FROM ACT_RE_PROCDEF RES
     
     WHERE  RES.DEPLOYMENT_ID_ = ? 
   
     ORDER BY  ORDER[*] BY RES.ID_ ASC  
    LIMIT ? OFFSET ? &quot;; expected &quot;=, NOT, EXISTS, INTERSECTS, SELECT, FROM&quot;; SQL statement:
select RES.* 
       
    from ACT_RE_PROCDEF RES
     
     WHERE  RES.DEPLOYMENT_ID_ = ? 
   
     order by  order by RES.ID_ asc  
    LIMIT ? OFFSET ? [42001-176]
### The error may exist in org/activiti/db/mapping/entity/ProcessDefinition.xml
### The error may involve org.activiti.engine.impl.persistence.entity.ProcessDefinitionEntity.selectProcessDefinitionsByQueryCriteria
### The error occurred while executing a query
### SQL: select RES.*              from ACT_RE_PROCDEF RES            WHERE  RES.DEPLOYMENT_ID_ = ?           order by  order by RES.ID_ asc       LIMIT ? OFFSET ?
### Cause: org.h2.jdbc.JdbcSQLException: Syntax error in SQL statement &quot;SELECT RES.* 
       
    FROM ACT_RE_PROCDEF RES
     
     WHERE  RES.DEPLOYMENT_ID_ = ? 
   
     ORDER BY  ORDER[*] BY RES.ID_ ASC  
    LIMIT ? OFFSET ? &quot;; expected &quot;=, NOT, EXISTS, INTERSECTS, SELECT, FROM&quot;; SQL statement:
select RES.* 
       
    from ACT_RE_PROCDEF RES
     
     WHERE  RES.DEPLOYMENT_ID_ = ? 
   
     order by  order by RES.ID_ asc  
    LIMIT ? OFFSET ? [42001-176]
	at org.apache.ibatis.exceptions.ExceptionFactory.wrapException(ExceptionFactory.java:30)
	at org.apache.ibatis.session.defaults.DefaultSqlSession.selectList(DefaultSqlSession.java:122)
	at org.apache.ibatis.session.defaults.DefaultSqlSession.selectList(DefaultSqlSession.java:113)
	at org.activiti.engine.impl.db.DbSqlSession.selectListWithRawParameter(DbSqlSession.java:438)
	at org.activiti.engine.impl.db.DbSqlSession.selectList(DbSqlSession.java:429)
	at org.activiti.engine.impl.db.DbSqlSession.selectList(DbSqlSession.java:419)
	at org.activiti.engine.impl.persistence.entity.ProcessDefinitionEntityManager.findProcessDefinitionsByQueryCriteria(ProcessDefinitionEntityManager.java:57)
	at org.activiti.engine.impl.ProcessDefinitionQueryImpl.executeList(ProcessDefinitionQueryImpl.java:307)
	at org.activiti.engine.impl.AbstractQuery.list(AbstractQuery.java:140)
	at org.activiti.engine.impl.persistence.deploy.DeploymentManager.removeDeployment(DeploymentManager.java:187)
	at org.activiti.engine.impl.cmd.DeleteDeploymentCmd.execute(DeleteDeploymentCmd.java:44)
	at org.activiti.engine.impl.cmd.DeleteDeploymentCmd.execute(DeleteDeploymentCmd.java:24)
	at org.activiti.engine.impl.interceptor.CommandInvoker.execute(CommandInvoker.java:24)
	at org.activiti.engine.impl.interceptor.CommandContextInterceptor.execute(CommandContextInterceptor.java:57)
	at org.activiti.engine.impl.interceptor.LogInterceptor.execute(LogInterceptor.java:37)
	at org.activiti.engine.impl.cfg.CommandExecutorImpl.execute(CommandExecutorImpl.java:40)
	at org.activiti.engine.impl.cfg.CommandExecutorImpl.execute(CommandExecutorImpl.java:35)
	at org.activiti.engine.impl.RepositoryServiceImpl.deleteDeployment(RepositoryServiceImpl.java:90)
	at org.activiti.engine.impl.test.TestHelper.annotationDeploymentTearDown(TestHelper.java:116)
	at org.activiti.engine.impl.test.AbstractActivitiTestCase.runBare(AbstractActivitiTestCase.java:116)
	at junit.framework.TestResult$1.protect(TestResult.java:122)
	at junit.framework.TestResult.runProtected(TestResult.java:142)
	at junit.framework.TestResult.run(TestResult.java:125)
	at junit.framework.TestCase.run(TestCase.java:129)
	at junit.framework.TestSuite.runTest(TestSuite.java:255)
	at junit.framework.TestSuite.run(TestSuite.java:250)
	at org.junit.internal.runners.JUnit38ClassRunner.run(JUnit38ClassRunner.java:84)
	at org.apache.maven.surefire.junit4.JUnit4TestSet.execute(JUnit4TestSet.java:35)
	at org.apache.maven.surefire.junit4.JUnit4Provider.executeTestSet(JUnit4Provider.java:146)
	at org.apache.maven.surefire.junit4.JUnit4Provider.invoke(JUnit4Provider.java:97)
	at sun.reflect.NativeMethodAccessorImpl.invoke0(Native Method)
	at sun.reflect.NativeMethodAccessorImpl.invoke(NativeMethodAccessorImpl.java:62)
	at sun.reflect.DelegatingMethodAccessorImpl.invoke(DelegatingMethodAccessorImpl.java:43)
	at java.lang.reflect.Method.invoke(Method.java:498)
	at org.apache.maven.surefire.booter.ProviderFactory$ClassLoaderProxy.invoke(ProviderFactory.java:103)
	at com.sun.proxy.$Proxy0.invoke(Unknown Source)
	at org.apache.maven.surefire.booter.SurefireStarter.invokeProvider(SurefireStarter.java:145)
	at org.apache.maven.surefire.booter.SurefireStarter.runSuitesInProcess(SurefireStarter.java:87)
	at org.apache.maven.surefire.booter.ForkedBooter.main(ForkedBooter.java:69)
Caused by: org.h2.jdbc.JdbcSQLException: Syntax error in SQL statement &quot;SELECT RES.* 
       
    FROM ACT_RE_PROCDEF RES
     
     WHERE  RES.DEPLOYMENT_ID_ = ? 
   
     ORDER BY  ORDER[*] BY RES.ID_ ASC  
    LIMIT ? OFFSET ? &quot;; expected &quot;=, NOT, EXISTS, INTERSECTS, SELECT, FROM&quot;; SQL statement:
select RES.* 
       
    from ACT_RE_PROCDEF RES
     
     WHERE  RES.DEPLOYMENT_ID_ = ? 
   
     order by  order by RES.ID_ asc  
    LIMIT ? OFFSET ? [42001-176]
	at org.h2.message.DbException.getJdbcSQLException(DbException.java:344)
	at org.h2.message.DbException.getSyntaxError(DbException.java:204)
	at org.h2.command.Parser.getSyntaxError(Parser.java:524)
	at org.h2.command.Parser.readTerm(Parser.java:2688)
	at org.h2.command.Parser.readFactor(Parser.java:2244)
	at org.h2.command.Parser.readSum(Parser.java:2231)
	at org.h2.command.Parser.readConcat(Parser.java:2201)
	at org.h2.command.Parser.readCondition(Parser.java:2051)
	at org.h2.command.Parser.readAnd(Parser.java:2023)
	at org.h2.command.Parser.readExpression(Parser.java:2015)
	at org.h2.command.Parser.parseEndOfQuery(Parser.java:1726)
	at org.h2.command.Parser.parseSelectUnionExtension(Parser.java:1706)
	at org.h2.command.Parser.parseSelectUnion(Parser.java:1675)
	at org.h2.command.Parser.parseSelect(Parser.java:1662)
	at org.h2.command.Parser.parsePrepared(Parser.java:434)
	at org.h2.command.Parser.parse(Parser.java:306)
	at org.h2.command.Parser.parse(Parser.java:282)
	at org.h2.command.Parser.prepareCommand(Parser.java:243)
	at org.h2.engine.Session.prepareLocal(Session.java:442)
	at org.h2.engine.Session.prepareCommand(Session.java:384)
	at org.h2.jdbc.JdbcConnection.prepareCommand(JdbcConnection.java:1188)
	at org.h2.jdbc.JdbcPreparedStatement.&lt;init&gt;(JdbcPreparedStatement.java:73)
	at org.h2.jdbc.JdbcConnection.prepareStatement(JdbcConnection.java:276)
	at sun.reflect.GeneratedMethodAccessor6.invoke(Unknown Source)
	at sun.reflect.DelegatingMethodAccessorImpl.invoke(DelegatingMethodAccessorImpl.java:43)
	at java.lang.reflect.Method.invoke(Method.java:498)
	at org.apache.ibatis.datasource.pooled.PooledConnection.invoke(PooledConnection.java:245)
	at com.sun.proxy.$Proxy12.prepareStatement(Unknown Source)
	at sun.reflect.GeneratedMethodAccessor6.invoke(Unknown Source)
	at sun.reflect.DelegatingMethodAccessorImpl.invoke(DelegatingMethodAccessorImpl.java:43)
	at java.lang.reflect.Method.invoke(Method.java:498)
	at org.apache.ibatis.logging.jdbc.ConnectionLogger.invoke(ConnectionLogger.java:55)
	at com.sun.proxy.$Proxy12.prepareStatement(Unknown Source)
	at org.apache.ibatis.executor.statement.PreparedStatementHandler.instantiateStatement(PreparedStatementHandler.java:79)
	at org.apache.ibatis.executor.statement.BaseStatementHandler.prepare(BaseStatementHandler.java:88)
	at org.apache.ibatis.executor.statement.RoutingStatementHandler.prepare(RoutingStatementHandler.java:58)
	at org.apache.ibatis.executor.SimpleExecutor.prepareStatement(SimpleExecutor.java:76)
	at org.apache.ibatis.executor.SimpleExecutor.doQuery(SimpleExecutor.java:61)
	at org.apache.ibatis.executor.BaseExecutor.queryFromDatabase(BaseExecutor.java:303)
	at org.apache.ibatis.executor.BaseExecutor.query(BaseExecutor.java:154)
	at org.apache.ibatis.executor.CachingExecutor.query(CachingExecutor.java:102)
	at org.apache.ibatis.executor.CachingExecutor.query(CachingExecutor.java:82)
	at org.apache.ibatis.session.defaults.DefaultSqlSession.selectList(DefaultSqlSession.java:120)
	... 37 more
</error>
    <system-out>10:46:57,615 [main] DEBUG org.activiti.engine.impl.test.TestHelper  - annotation @Deployment creates deployment for ServiceTaskVariablesTest.testSerializedVariablesBothAsync
10:46:57,617 [main] DEBUG org.activiti.engine.impl.interceptor.LogInterceptor  - 

10:46:57,618 [main] DEBUG org.activiti.engine.impl.interceptor.LogInterceptor  - --- starting DeployCmd --------------------------------------------------------
10:46:57,618 [main] DEBUG org.activiti.engine.impl.bpmn.deployer.BpmnDeployer  - Processing deployment ServiceTaskVariablesTest.testSerializedVariablesBothAsync
10:46:57,618 [main] INFO  org.activiti.engine.impl.bpmn.deployer.BpmnDeployer  - Processing resource org/activiti/engine/test/bpmn/servicetask/ServiceTaskVariablesTest.testSerializedVariablesBothAsync.bpmn20.xml
10:46:57,622 [main] DEBUG org.activiti.engine.impl.bpmn.parser.handler.ProcessParseHandler  - Parsing process process
10:46:57,622 [main] DEBUG org.activiti.engine.impl.bpmn.parser.handler.AbstractBpmnParseHandler  - Parsing activity service1
10:46:57,622 [main] DEBUG org.activiti.engine.impl.bpmn.parser.handler.AbstractBpmnParseHandler  - Parsing activity service2
10:46:57,622 [main] DEBUG org.activiti.engine.impl.bpmn.parser.handler.AbstractBpmnParseHandler  - Parsing activity service3
10:46:57,622 [main] DEBUG org.activiti.engine.impl.bpmn.parser.handler.AbstractBpmnParseHandler  - Parsing activity theStart
10:46:57,622 [main] DEBUG org.activiti.engine.impl.bpmn.parser.handler.AbstractBpmnParseHandler  - Parsing activity theEnd
10:46:57,622 [main] DEBUG org.apache.ibatis.transaction.jdbc.JdbcTransaction  - Opening JDBC Connection
10:46:57,622 [main] DEBUG org.apache.ibatis.datasource.pooled.PooledDataSource  - Checked out connection 180014677 from pool.
10:46:57,622 [main] DEBUG org.apache.ibatis.transaction.jdbc.JdbcTransaction  - Setting autocommit to false on JDBC Connection [conn3: url=jdbc:h2:mem:activiti user=SA]
10:46:57,622 [main] DEBUG org.activiti.engine.impl.persistence.entity.ProcessDefinitionEntity.selectLatestProcessDefinitionByKey  - ==&gt;  Preparing: select * from ACT_RE_PROCDEF where KEY_ = ? and (TENANT_ID_ = &apos;&apos; or TENANT_ID_ is null) and VERSION_ = (select max(VERSION_) from ACT_RE_PROCDEF where KEY_ = ? and (TENANT_ID_ = &apos;&apos; or TENANT_ID_ is null)) 
10:46:57,622 [main] DEBUG org.activiti.engine.impl.persistence.entity.ProcessDefinitionEntity.selectLatestProcessDefinitionByKey  - ==&gt; Parameters: process(String), process(String)
10:46:57,622 [main] DEBUG org.activiti.engine.impl.persistence.entity.ProcessDefinitionEntity.selectLatestProcessDefinitionByKey  - &lt;==      Total: 1
10:46:57,622 [main] DEBUG org.activiti.engine.impl.persistence.entity.JobEntity.selectJobByTypeAndProcessDefinitionKeyNoTenantId  - ==&gt;  Preparing: select J.* from ACT_RU_JOB J inner join ACT_RE_PROCDEF P on J.PROC_DEF_ID_ = P.ID_ where J.HANDLER_TYPE_ = ? and P.KEY_ = ? and (P.TENANT_ID_ = &apos;&apos; or P.TENANT_ID_ is null) 
10:46:57,622 [main] DEBUG org.activiti.engine.impl.persistence.entity.JobEntity.selectJobByTypeAndProcessDefinitionKeyNoTenantId  - ==&gt; Parameters: timer-start-event(String), process(String)
10:46:57,622 [main] DEBUG org.activiti.engine.impl.persistence.entity.JobEntity.selectJobByTypeAndProcessDefinitionKeyNoTenantId  - &lt;==      Total: 0
10:46:57,622 [main] DEBUG org.activiti.engine.impl.persistence.entity.EventSubscriptionEntity.selectEventSubscriptionsByConfiguration  - ==&gt;  Preparing: select * from ACT_RU_EVENT_SUBSCR where (EVENT_TYPE_ = ?) and ( (CONFIGURATION_ = ?) or (PROC_DEF_ID_ = ?) ) and (TENANT_ID_ = &apos;&apos; or TENANT_ID_ is null) 
10:46:57,622 [main] DEBUG org.activiti.engine.impl.persistence.entity.EventSubscriptionEntity.selectEventSubscriptionsByConfiguration  - ==&gt; Parameters: message(String), process:1:42(String), process:1:42(String)
10:46:57,622 [main] DEBUG org.activiti.engine.impl.persistence.entity.EventSubscriptionEntity.selectEventSubscriptionsByConfiguration  - &lt;==      Total: 0
10:46:57,622 [main] DEBUG org.activiti.engine.impl.persistence.entity.EventSubscriptionEntity.selectEventSubscriptionsByConfiguration  - ==&gt;  Preparing: select * from ACT_RU_EVENT_SUBSCR where (EVENT_TYPE_ = ?) and ( (CONFIGURATION_ = ?) or (PROC_DEF_ID_ = ?) ) and (TENANT_ID_ = &apos;&apos; or TENANT_ID_ is null) 
10:46:57,622 [main] DEBUG org.activiti.engine.impl.persistence.entity.EventSubscriptionEntity.selectEventSubscriptionsByConfiguration  - ==&gt; Parameters: signal(String), process:1:42(String), process:1:42(String)
10:46:57,622 [main] DEBUG org.activiti.engine.impl.persistence.entity.EventSubscriptionEntity.selectEventSubscriptionsByConfiguration  - &lt;==      Total: 0
10:46:57,622 [main] DEBUG org.activiti.engine.impl.persistence.entity.ProcessDefinitionInfoEntity.selectProcessDefinitionInfoByProcessDefinitionId  - ==&gt;  Preparing: select * from ACT_PROCDEF_INFO where PROC_DEF_ID_ = ? 
10:46:57,623 [main] DEBUG org.activiti.engine.impl.persistence.entity.ProcessDefinitionInfoEntity.selectProcessDefinitionInfoByProcessDefinitionId  - ==&gt; Parameters: process:2:57(String)
10:46:57,623 [main] DEBUG org.activiti.engine.impl.persistence.entity.ProcessDefinitionInfoEntity.selectProcessDefinitionInfoByProcessDefinitionId  - &lt;==      Total: 0
10:46:57,623 [main] DEBUG org.activiti.engine.impl.interceptor.LogInterceptor  - 

10:46:57,623 [main] DEBUG org.activiti.engine.impl.interceptor.LogInterceptor  - --- starting GetProcessDefinitionInfoCmd --------------------------------------------------------
10:46:57,623 [main] DEBUG org.activiti.engine.impl.interceptor.CommandContextInterceptor  - Valid context found. Reusing it for the current command &apos;org.activiti.engine.impl.cmd.GetProcessDefinitionInfoCmd&apos;
10:46:57,623 [main] DEBUG org.activiti.engine.impl.interceptor.LogInterceptor  - 

10:46:57,623 [main] DEBUG org.activiti.engine.impl.interceptor.LogInterceptor  - --- starting  --------------------------------------------------------
10:46:57,623 [main] DEBUG org.activiti.engine.impl.interceptor.CommandContextInterceptor  - Valid context found. Reusing it for the current command &apos;null&apos;
10:46:57,623 [main] DEBUG org.activiti.engine.impl.interceptor.LogInterceptor  - ---  finished --------------------------------------------------------
10:46:57,623 [main] DEBUG org.activiti.engine.impl.interceptor.LogInterceptor  - 

10:46:57,623 [main] DEBUG org.activiti.engine.impl.interceptor.LogInterceptor  - --- GetProcessDefinitionInfoCmd finished --------------------------------------------------------
10:46:57,623 [main] DEBUG org.activiti.engine.impl.interceptor.LogInterceptor  - 

10:46:57,623 [main] DEBUG org.activiti.engine.impl.db.DbSqlSession  -   insert ResourceEntity[id=56, name=org/activiti/engine/test/bpmn/servicetask/ServiceTaskVariablesTest.testSerializedVariablesBothAsync.bpmn20.xml]
10:46:57,623 [main] DEBUG org.activiti.engine.impl.db.DbSqlSession  -   insert DeploymentEntity[id=55, name=ServiceTaskVariablesTest.testSerializedVariablesBothAsync]
10:46:57,623 [main] DEBUG org.activiti.engine.impl.db.DbSqlSession  -   insert ProcessDefinitionEntity[process:2:57]
10:46:57,623 [main] DEBUG org.activiti.engine.impl.db.DbSqlSession  - flush summary: 3 insert, 0 update, 0 delete.
10:46:57,623 [main] DEBUG org.activiti.engine.impl.db.DbSqlSession  - now executing flush...
10:46:57,623 [main] DEBUG org.activiti.engine.impl.db.DbSqlSession  - inserting: ProcessDefinitionEntity[process:2:57]
10:46:57,623 [main] DEBUG org.activiti.engine.impl.persistence.entity.ProcessDefinitionEntity.insertProcessDefinition  - ==&gt;  Preparing: insert into ACT_RE_PROCDEF(ID_, REV_, CATEGORY_, NAME_, KEY_, VERSION_, DEPLOYMENT_ID_, RESOURCE_NAME_, DGRM_RESOURCE_NAME_, DESCRIPTION_, HAS_START_FORM_KEY_, HAS_GRAPHICAL_NOTATION_ , SUSPENSION_STATE_, TENANT_ID_) values (?, 1, ?, ?, ?, ?, ?, ?, ?, ?, ?, ?, ?, ?) 
10:46:57,623 [main] DEBUG org.activiti.engine.impl.persistence.entity.ProcessDefinitionEntity.insertProcessDefinition  - ==&gt; Parameters: process:2:57(String), Examples(String), null, process(String), 2(Integer), 55(String), org/activiti/engine/test/bpmn/servicetask/ServiceTaskVariablesTest.testSerializedVariablesBothAsync.bpmn20.xml(String), null, null, false(Boolean), false(Boolean), 1(Integer), (String)
10:46:57,623 [main] DEBUG org.activiti.engine.impl.persistence.entity.ProcessDefinitionEntity.insertProcessDefinition  - &lt;==    Updates: 1
10:46:57,623 [main] DEBUG org.activiti.engine.impl.db.DbSqlSession  - inserting: DeploymentEntity[id=55, name=ServiceTaskVariablesTest.testSerializedVariablesBothAsync]
10:46:57,623 [main] DEBUG org.activiti.engine.impl.persistence.entity.DeploymentEntity.insertDeployment  - ==&gt;  Preparing: insert into ACT_RE_DEPLOYMENT(ID_, NAME_, CATEGORY_, TENANT_ID_, DEPLOY_TIME_) values(?, ?, ?, ?, ?) 
10:46:57,623 [main] DEBUG org.activiti.engine.impl.persistence.entity.DeploymentEntity.insertDeployment  - ==&gt; Parameters: 55(String), ServiceTaskVariablesTest.testSerializedVariablesBothAsync(String), null, (String), 2023-03-20 10:46:46.742(Timestamp)
10:46:57,623 [main] DEBUG org.activiti.engine.impl.persistence.entity.DeploymentEntity.insertDeployment  - &lt;==    Updates: 1
10:46:57,623 [main] DEBUG org.activiti.engine.impl.db.DbSqlSession  - inserting: ResourceEntity[id=56, name=org/activiti/engine/test/bpmn/servicetask/ServiceTaskVariablesTest.testSerializedVariablesBothAsync.bpmn20.xml]
10:46:57,623 [main] DEBUG org.activiti.engine.impl.persistence.entity.ResourceEntity.insertResource  - ==&gt;  Preparing: insert into ACT_GE_BYTEARRAY(ID_, REV_, NAME_, BYTES_, DEPLOYMENT_ID_, GENERATED_) values (?, 1, ?, ?, ?, ?) 
10:46:57,623 [main] DEBUG org.activiti.engine.impl.persistence.entity.ResourceEntity.insertResource  - ==&gt; Parameters: 56(String), org/activiti/engine/test/bpmn/servicetask/ServiceTaskVariablesTest.testSerializedVariablesBothAsync.bpmn20.xml(String), java.io.ByteArrayInputStream@faec0c7(ByteArrayInputStream), 55(String), false(Boolean)
10:46:57,623 [main] DEBUG org.activiti.engine.impl.persistence.entity.ResourceEntity.insertResource  - &lt;==    Updates: 1
10:46:57,623 [main] DEBUG org.activiti.engine.impl.cfg.standalone.StandaloneMybatisTransactionContext  - firing event committing...
10:46:57,623 [main] DEBUG org.activiti.engine.impl.cfg.standalone.StandaloneMybatisTransactionContext  - committing the ibatis sql session...
10:46:57,623 [main] DEBUG org.apache.ibatis.transaction.jdbc.JdbcTransaction  - Committing JDBC Connection [conn3: url=jdbc:h2:mem:activiti user=SA]
10:46:57,623 [main] DEBUG org.activiti.engine.impl.cfg.standalone.StandaloneMybatisTransactionContext  - firing event committed...
10:46:57,623 [main] DEBUG org.apache.ibatis.transaction.jdbc.JdbcTransaction  - Resetting autocommit to true on JDBC Connection [conn3: url=jdbc:h2:mem:activiti user=SA]
10:46:57,623 [main] DEBUG org.apache.ibatis.transaction.jdbc.JdbcTransaction  - Closing JDBC Connection [conn3: url=jdbc:h2:mem:activiti user=SA]
10:46:57,624 [main] DEBUG org.apache.ibatis.datasource.pooled.PooledDataSource  - Returned connection 180014677 to pool.
10:46:57,624 [main] DEBUG org.activiti.engine.impl.interceptor.LogInterceptor  - --- DeployCmd finished --------------------------------------------------------
10:46:57,624 [main] DEBUG org.activiti.engine.impl.interceptor.LogInterceptor  - 

10:46:57,624 [main] DEBUG org.activiti.engine.impl.test.PvmTestCase  - 

10:46:57,624 [main] DEBUG org.activiti.engine.impl.test.PvmTestCase  - #### START ServiceTaskVariablesTest.testSerializedVariablesBothAsync ###########################################################
10:46:57,624 [main] DEBUG org.activiti.engine.impl.interceptor.LogInterceptor  - 

10:46:57,624 [main] DEBUG org.activiti.engine.impl.interceptor.LogInterceptor  - --- starting StartProcessInstanceCmd --------------------------------------------------------
10:46:57,624 [main] DEBUG org.apache.ibatis.transaction.jdbc.JdbcTransaction  - Opening JDBC Connection
10:46:57,624 [main] DEBUG org.apache.ibatis.datasource.pooled.PooledDataSource  - Checked out connection 363509958 from pool.
10:46:57,624 [main] DEBUG org.apache.ibatis.transaction.jdbc.JdbcTransaction  - Setting autocommit to false on JDBC Connection [conn2: url=jdbc:h2:mem:activiti user=SA]
10:46:57,624 [main] DEBUG org.activiti.engine.impl.persistence.entity.ProcessDefinitionEntity.selectLatestProcessDefinitionByKey  - ==&gt;  Preparing: select * from ACT_RE_PROCDEF where KEY_ = ? and (TENANT_ID_ = &apos;&apos; or TENANT_ID_ is null) and VERSION_ = (select max(VERSION_) from ACT_RE_PROCDEF where KEY_ = ? and (TENANT_ID_ = &apos;&apos; or TENANT_ID_ is null)) 
10:46:57,624 [main] DEBUG org.activiti.engine.impl.persistence.entity.ProcessDefinitionEntity.selectLatestProcessDefinitionByKey  - ==&gt; Parameters: process(String), process(String)
10:46:57,624 [main] DEBUG org.activiti.engine.impl.persistence.entity.ProcessDefinitionEntity.selectLatestProcessDefinitionByKey  - &lt;==      Total: 1
10:46:57,624 [main] DEBUG org.activiti.engine.impl.persistence.entity.ExecutionEntity  - initializing ProcessInstance[58]
10:46:57,624 [main] DEBUG org.activiti.engine.impl.history.DefaultHistoryManager  - Current history level: FULL, level required: ACTIVITY
10:46:57,624 [main] DEBUG org.activiti.engine.impl.pvm.runtime.AtomicOperationActivityExecute  - ProcessInstance[58] executes Activity(theStart): org.activiti.engine.impl.bpmn.behavior.NoneStartEventActivityBehavior
10:46:57,624 [main] DEBUG org.activiti.engine.impl.persistence.entity.JobEntity.selectJobsByExecutionId  - ==&gt;  Preparing: select * from ACT_RU_JOB J where J.EXECUTION_ID_ = ? 
10:46:57,624 [main] DEBUG org.activiti.engine.impl.persistence.entity.JobEntity.selectJobsByExecutionId  - ==&gt; Parameters: 58(String)
10:46:57,624 [main] DEBUG org.activiti.engine.impl.persistence.entity.JobEntity.selectJobsByExecutionId  - &lt;==      Total: 0
10:46:57,624 [main] DEBUG org.activiti.engine.impl.bpmn.behavior.BpmnActivityBehavior  - Leaving activity &apos;theStart&apos;
10:46:57,624 [main] DEBUG org.activiti.engine.impl.history.DefaultHistoryManager  - Current history level: FULL, level required: ACTIVITY
10:46:57,624 [main] DEBUG org.activiti.engine.impl.pvm.runtime.AtomicOperationTransitionNotifyListenerTake  - ProcessInstance[58] takes transition (theStart)--&gt;(service1)
10:46:57,624 [main] DEBUG org.activiti.engine.impl.history.DefaultHistoryManager  - Current history level: FULL, level required: ACTIVITY
10:46:57,624 [main] DEBUG org.activiti.engine.impl.pvm.runtime.AtomicOperationActivityExecute  - ProcessInstance[58] executes Activity(service1): org.activiti.engine.impl.bpmn.helper.ClassDelegate
10:46:57,624 [main] DEBUG org.activiti.engine.impl.interceptor.LogInterceptor  - 

10:46:57,625 [main] DEBUG org.activiti.engine.impl.interceptor.LogInterceptor  - --- starting  --------------------------------------------------------
10:46:57,625 [main] DEBUG org.activiti.engine.impl.interceptor.CommandContextInterceptor  - Valid context found. Reusing it for the current command &apos;null&apos;
10:46:57,625 [main] DEBUG org.activiti.engine.impl.persistence.entity.ProcessDefinitionInfoEntity.selectProcessDefinitionInfoByProcessDefinitionId  - ==&gt;  Preparing: select * from ACT_PROCDEF_INFO where PROC_DEF_ID_ = ? 
10:46:57,625 [main] DEBUG org.activiti.engine.impl.persistence.entity.ProcessDefinitionInfoEntity.selectProcessDefinitionInfoByProcessDefinitionId  - ==&gt; Parameters: process:2:57(String)
10:46:57,625 [main] DEBUG org.activiti.engine.impl.persistence.entity.ProcessDefinitionInfoEntity.selectProcessDefinitionInfoByProcessDefinitionId  - &lt;==      Total: 0
10:46:57,625 [main] DEBUG org.activiti.engine.impl.interceptor.LogInterceptor  - ---  finished --------------------------------------------------------
10:46:57,625 [main] DEBUG org.activiti.engine.impl.interceptor.LogInterceptor  - 

10:46:57,625 [main] DEBUG org.activiti.engine.impl.history.DefaultHistoryManager  - Current history level: FULL, level required: ACTIVITY
10:46:57,625 [main] DEBUG org.activiti.engine.impl.history.DefaultHistoryManager  - Current history level: FULL, level required: FULL
10:46:57,625 [main] DEBUG org.activiti.engine.impl.bpmn.behavior.BpmnActivityBehavior  - Leaving activity &apos;service1&apos;
10:46:57,625 [main] DEBUG org.activiti.engine.impl.history.DefaultHistoryManager  - Current history level: FULL, level required: ACTIVITY
10:46:57,625 [main] DEBUG org.activiti.engine.impl.pvm.runtime.AtomicOperationTransitionNotifyListenerTake  - ProcessInstance[58] takes transition (service1)--&gt;(service2)
10:46:57,625 [main] DEBUG org.activiti.engine.impl.db.DbSqlSession  -   insert ProcessInstance[58]
10:46:57,625 [main] DEBUG org.activiti.engine.impl.db.DbSqlSession  -   insert VariableInstanceEntity[id=62, name=variable, type=serializable, byteArrayValueId=61]
10:46:57,625 [main] DEBUG org.activiti.engine.impl.db.DbSqlSession  -   insert ByteArrayEntity[id=61, name=var-variable, size=137]
10:46:57,625 [main] DEBUG org.activiti.engine.impl.db.DbSqlSession  -   insert ByteArrayEntity[id=63, name=hist.var-variable, size=126]
10:46:57,625 [main] DEBUG org.activiti.engine.impl.db.DbSqlSession  -   insert ByteArrayEntity[id=64, name=hist.detail.var-variable, size=126]
10:46:57,625 [main] DEBUG org.activiti.engine.impl.db.DbSqlSession  -   insert HistoricProcessInstanceEntity[superProcessInstanceId=null]
10:46:57,625 [main] DEBUG org.activiti.engine.impl.db.DbSqlSession  -   insert HistoricDetailVariableInstanceUpdateEntity[id=65, name=variable, type=serializable, byteArrayValueId=64]
10:46:57,625 [main] DEBUG org.activiti.engine.impl.db.DbSqlSession  -   insert JobEntity [id=66]
10:46:57,625 [main] DEBUG org.activiti.engine.impl.db.DbSqlSession  -   insert HistoricActivityInstanceEntity[activityId=theStart, activityName=null]
10:46:57,625 [main] DEBUG org.activiti.engine.impl.db.DbSqlSession  -   insert HistoricActivityInstanceEntity[activityId=service1, activityName=null]
10:46:57,625 [main] DEBUG org.activiti.engine.impl.db.DbSqlSession  -   insert HistoricVariableInstanceEntity[id=62, name=variable, revision=0, type=serializable, byteArrayValueId=63]
10:46:57,625 [main] DEBUG org.activiti.engine.impl.db.DbSqlSession  - flush summary: 11 insert, 0 update, 0 delete.
10:46:57,625 [main] DEBUG org.activiti.engine.impl.db.DbSqlSession  - now executing flush...
10:46:57,626 [main] DEBUG org.activiti.engine.impl.db.DbSqlSession  - inserting: HistoricDetailVariableInstanceUpdateEntity[id=65, name=variable, type=serializable, byteArrayValueId=64]
10:46:57,626 [main] DEBUG org.activiti.engine.impl.persistence.entity.HistoricDetailEntity.insertHistoricDetailVariableInstanceUpdate  - ==&gt;  Preparing: insert into ACT_HI_DETAIL (ID_, TYPE_, PROC_INST_ID_, EXECUTION_ID_, ACT_INST_ID_, TASK_ID_, NAME_, REV_, VAR_TYPE_, TIME_, BYTEARRAY_ID_, DOUBLE_, LONG_ , TEXT_, TEXT2_) values ( ?, &apos;VariableUpdate&apos;, ?, ?, ?, ?, ?, ?, ?, ?, ?, ?, ?, ?, ? ) 
10:46:57,626 [main] DEBUG org.activiti.engine.impl.persistence.entity.HistoricDetailEntity.insertHistoricDetailVariableInstanceUpdate  - ==&gt; Parameters: 65(String), 58(String), 58(String), 60(String), null, variable(String), 0(Integer), serializable(String), 2023-03-20 10:46:46.742(Timestamp), 64(String), null, null, null, null
10:46:57,626 [main] DEBUG org.activiti.engine.impl.persistence.entity.HistoricDetailEntity.insertHistoricDetailVariableInstanceUpdate  - &lt;==    Updates: 1
10:46:57,626 [main] DEBUG org.activiti.engine.impl.db.DbSqlSession  - inserting: HistoricVariableInstanceEntity[id=62, name=variable, revision=0, type=serializable, byteArrayValueId=63]
10:46:57,626 [main] DEBUG org.activiti.engine.impl.persistence.entity.HistoricVariableInstanceEntity.insertHistoricVariableInstance  - ==&gt;  Preparing: insert into ACT_HI_VARINST (ID_, PROC_INST_ID_, EXECUTION_ID_, TASK_ID_, NAME_, REV_, VAR_TYPE_, BYTEARRAY_ID_, DOUBLE_, LONG_ , TEXT_, TEXT2_, CREATE_TIME_, LAST_UPDATED_TIME_) values ( ?, ?, ?, ?, ?, ?, ?, ?, ?, ?, ?, ?, ?, ? ) 
10:46:57,626 [main] DEBUG org.activiti.engine.impl.persistence.entity.HistoricVariableInstanceEntity.insertHistoricVariableInstance  - ==&gt; Parameters: 62(String), 58(String), 58(String), null, variable(String), 0(Integer), serializable(String), 63(String), null, null, null, null, 2023-03-20 10:46:46.742(Timestamp), 2023-03-20 10:46:46.742(Timestamp)
10:46:57,626 [main] DEBUG org.activiti.engine.impl.persistence.entity.HistoricVariableInstanceEntity.insertHistoricVariableInstance  - &lt;==    Updates: 1
10:46:57,626 [main] DEBUG org.activiti.engine.impl.db.DbSqlSession  - inserting: HistoricProcessInstanceEntity[superProcessInstanceId=null]
10:46:57,626 [main] DEBUG org.activiti.engine.impl.persistence.entity.HistoricProcessInstanceEntity.insertHistoricProcessInstance  - ==&gt;  Preparing: insert into ACT_HI_PROCINST ( ID_, PROC_INST_ID_, BUSINESS_KEY_, PROC_DEF_ID_, START_TIME_, END_TIME_, DURATION_, START_USER_ID_, START_ACT_ID_, END_ACT_ID_, SUPER_PROCESS_INSTANCE_ID_, DELETE_REASON_, TENANT_ID_, NAME_ ) values ( ?, ?, ?, ?, ?, ?, ?, ?, ?, ?, ?, ?, ?, ? ) 
10:46:57,626 [main] DEBUG org.activiti.engine.impl.persistence.entity.HistoricProcessInstanceEntity.insertHistoricProcessInstance  - ==&gt; Parameters: 58(String), 58(String), null, process:2:57(String), 2023-03-20 10:46:46.742(Timestamp), null, null, null, theStart(String), null, null, null, (String), null
10:46:57,626 [main] DEBUG org.activiti.engine.impl.persistence.entity.HistoricProcessInstanceEntity.insertHistoricProcessInstance  - &lt;==    Updates: 1
10:46:57,626 [main] DEBUG org.activiti.engine.impl.persistence.entity.HistoricActivityInstanceEntity.bulkInsertHistoricActivityInstance  - ==&gt;  Preparing: insert into ACT_HI_ACTINST ( ID_, PROC_DEF_ID_, PROC_INST_ID_, EXECUTION_ID_, ACT_ID_, TASK_ID_, CALL_PROC_INST_ID_, ACT_NAME_, ACT_TYPE_, ASSIGNEE_, START_TIME_, END_TIME_, DURATION_, TENANT_ID_ ) values (?, ?, ?, ?, ?, ?, ?, ?, ?, ?, ?, ?, ?, ?) , (?, ?, ?, ?, ?, ?, ?, ?, ?, ?, ?, ?, ?, ?) 
10:46:57,626 [main] DEBUG org.activiti.engine.impl.persistence.entity.HistoricActivityInstanceEntity.bulkInsertHistoricActivityInstance  - ==&gt; Parameters: 59(String), process:2:57(String), 58(String), 58(String), theStart(String), null, null, null, startEvent(String), null, 2023-03-20 10:46:46.742(Timestamp), 2023-03-20 10:46:46.742(Timestamp), 0(Long), (String), 60(String), process:2:57(String), 58(String), 58(String), service1(String), null, null, null, serviceTask(String), null, 2023-03-20 10:46:46.742(Timestamp), 2023-03-20 10:46:46.742(Timestamp), 0(Long), (String)
10:46:57,626 [main] DEBUG org.activiti.engine.impl.persistence.entity.HistoricActivityInstanceEntity.bulkInsertHistoricActivityInstance  - &lt;==    Updates: 2
10:46:57,626 [main] DEBUG org.activiti.engine.impl.db.DbSqlSession  - inserting: ProcessInstance[58]
10:46:57,626 [main] DEBUG org.activiti.engine.impl.persistence.entity.ExecutionEntity.insertExecution  - ==&gt;  Preparing: insert into ACT_RU_EXECUTION (ID_, REV_, PROC_INST_ID_, BUSINESS_KEY_, PROC_DEF_ID_, ACT_ID_, IS_ACTIVE_, IS_CONCURRENT_, IS_SCOPE_,IS_EVENT_SCOPE_, PARENT_ID_, SUPER_EXEC_, SUSPENSION_STATE_, CACHED_ENT_STATE_, TENANT_ID_, NAME_) values ( ?, 1, ?, ?, ?, ?, ?, ?, ?, ?, ?, ?, ?, ?, ?, ? ) 
10:46:57,626 [main] DEBUG org.activiti.engine.impl.persistence.entity.ExecutionEntity.insertExecution  - ==&gt; Parameters: 58(String), 58(String), null, process:2:57(String), service2(String), true(Boolean), false(Boolean), true(Boolean), false(Boolean), null, null, 1(Integer), 6(Integer), (String), null
10:46:57,626 [main] DEBUG org.activiti.engine.impl.persistence.entity.ExecutionEntity.insertExecution  - &lt;==    Updates: 1
10:46:57,626 [main] DEBUG org.activiti.engine.impl.persistence.entity.ByteArrayEntity.bulkInsertByteArray  - ==&gt;  Preparing: insert into ACT_GE_BYTEARRAY(ID_, REV_, NAME_, BYTES_, DEPLOYMENT_ID_) values (?, 1, ?, ?, ?) , (?, 1, ?, ?, ?) , (?, 1, ?, ?, ?) 
10:46:57,626 [main] DEBUG org.activiti.engine.impl.persistence.entity.ByteArrayEntity.bulkInsertByteArray  - ==&gt; Parameters: 61(String), var-variable(String), java.io.ByteArrayInputStream@1390580d(ByteArrayInputStream), null, 63(String), hist.var-variable(String), java.io.ByteArrayInputStream@738996e(ByteArrayInputStream), null, 64(String), hist.detail.var-variable(String), java.io.ByteArrayInputStream@750aab4d(ByteArrayInputStream), null
10:46:57,626 [main] DEBUG org.activiti.engine.impl.persistence.entity.ByteArrayEntity.bulkInsertByteArray  - &lt;==    Updates: 3
10:46:57,626 [main] DEBUG org.activiti.engine.impl.db.DbSqlSession  - inserting: VariableInstanceEntity[id=62, name=variable, type=serializable, byteArrayValueId=61]
10:46:57,626 [main] DEBUG org.activiti.engine.impl.persistence.entity.VariableInstanceEntity.insertVariableInstance  - ==&gt;  Preparing: insert into ACT_RU_VARIABLE (ID_, REV_, TYPE_, NAME_, PROC_INST_ID_, EXECUTION_ID_, TASK_ID_, BYTEARRAY_ID_, DOUBLE_, LONG_ , TEXT_, TEXT2_) values ( ?, 1, ?, ?, ?, ?, ?, ?, ?, ?, ?, ? ) 
10:46:57,627 [main] DEBUG org.activiti.engine.impl.persistence.entity.VariableInstanceEntity.insertVariableInstance  - ==&gt; Parameters: 62(String), serializable(String), variable(String), 58(String), 58(String), null, 61(String), null, null, null, null
10:46:57,627 [main] DEBUG org.activiti.engine.impl.persistence.entity.VariableInstanceEntity.insertVariableInstance  - &lt;==    Updates: 1
10:46:57,627 [main] DEBUG org.activiti.engine.impl.db.DbSqlSession  - inserting: JobEntity [id=66]
10:46:57,627 [main] DEBUG org.activiti.engine.impl.persistence.entity.JobEntity.insertMessage  - ==&gt;  Preparing: insert into ACT_RU_JOB ( ID_, REV_, TYPE_, LOCK_OWNER_, LOCK_EXP_TIME_, EXCLUSIVE_, EXECUTION_ID_, PROCESS_INSTANCE_ID_, PROC_DEF_ID_, DUEDATE_, RETRIES_, EXCEPTION_STACK_ID_, EXCEPTION_MSG_, HANDLER_TYPE_, HANDLER_CFG_, TENANT_ID_) values (?, 1, &apos;message&apos;, ?, ?, ?, ?, ?, ?, ?, ?, ?, ?, ?, ?, ? ) 
10:46:57,627 [main] DEBUG org.activiti.engine.impl.persistence.entity.JobEntity.insertMessage  - ==&gt; Parameters: 66(String), null, null, true(Boolean), 58(String), 58(String), process:2:57(String), 2023-03-20 10:51:46.742(Timestamp), 3(Integer), null, null, async-continuation(String), null, (String)
10:46:57,627 [main] DEBUG org.activiti.engine.impl.persistence.entity.JobEntity.insertMessage  - &lt;==    Updates: 1
10:46:57,627 [main] DEBUG org.activiti.engine.impl.cfg.standalone.StandaloneMybatisTransactionContext  - firing event committing...
10:46:57,627 [main] DEBUG org.activiti.engine.impl.cfg.standalone.StandaloneMybatisTransactionContext  - committing the ibatis sql session...
10:46:57,627 [main] DEBUG org.apache.ibatis.transaction.jdbc.JdbcTransaction  - Committing JDBC Connection [conn2: url=jdbc:h2:mem:activiti user=SA]
10:46:57,627 [main] DEBUG org.activiti.engine.impl.cfg.standalone.StandaloneMybatisTransactionContext  - firing event committed...
10:46:57,627 [main] DEBUG org.activiti.engine.impl.jobexecutor.AsyncJobAddedNotification  - notifying job executor of new job
10:46:57,627 [main] DEBUG org.apache.ibatis.transaction.jdbc.JdbcTransaction  - Resetting autocommit to true on JDBC Connection [conn2: url=jdbc:h2:mem:activiti user=SA]
10:46:57,627 [main] DEBUG org.apache.ibatis.transaction.jdbc.JdbcTransaction  - Closing JDBC Connection [conn2: url=jdbc:h2:mem:activiti user=SA]
10:46:57,627 [main] DEBUG org.apache.ibatis.datasource.pooled.PooledDataSource  - Returned connection 363509958 to pool.
10:46:57,627 [main] DEBUG org.activiti.engine.impl.interceptor.LogInterceptor  - --- StartProcessInstanceCmd finished --------------------------------------------------------
10:46:57,627 [main] DEBUG org.activiti.engine.impl.interceptor.LogInterceptor  - 

10:46:57,627 [main] INFO  org.activiti.engine.impl.asyncexecutor.DefaultAsyncJobExecutor  - Starting up the default async job executor [org.activiti.engine.impl.asyncexecutor.DefaultAsyncJobExecutor].
10:46:57,627 [main] INFO  org.activiti.engine.impl.asyncexecutor.DefaultAsyncJobExecutor  - Creating executor service with corePoolSize 2, maxPoolSize 10 and keepAliveTime 5000
10:46:57,627 [Thread-47] INFO  org.activiti.engine.impl.asyncexecutor.AcquireTimerJobsRunnable  - {} starting to acquire async jobs due
10:46:57,628 [Thread-47] DEBUG org.activiti.engine.impl.interceptor.LogInterceptor  - 

10:46:57,628 [Thread-47] DEBUG org.activiti.engine.impl.interceptor.LogInterceptor  - --- starting AcquireTimerJobsCmd --------------------------------------------------------
10:46:57,628 [Thread-48] INFO  org.activiti.engine.impl.asyncexecutor.AcquireAsyncJobsDueRunnable  - {} starting to acquire async jobs due
10:46:57,628 [Thread-48] DEBUG org.activiti.engine.impl.interceptor.LogInterceptor  - 

10:46:57,628 [Thread-48] DEBUG org.activiti.engine.impl.interceptor.LogInterceptor  - --- starting AcquireAsyncJobsDueCmd --------------------------------------------------------
10:46:57,627 [pool-15-thread-1] DEBUG org.activiti.engine.impl.interceptor.LogInterceptor  - 

10:46:57,628 [pool-15-thread-1] DEBUG org.activiti.engine.impl.interceptor.LogInterceptor  - --- starting LockExclusiveJobCmd --------------------------------------------------------
10:46:57,628 [pool-15-thread-1] DEBUG org.activiti.engine.impl.cmd.LockExclusiveJobCmd  - Executing lock exclusive job 66 58
10:46:57,628 [Thread-48] DEBUG org.apache.ibatis.transaction.jdbc.JdbcTransaction  - Opening JDBC Connection
10:46:57,628 [Thread-48] DEBUG org.apache.ibatis.datasource.pooled.PooledDataSource  - Checked out connection 486346394 from pool.
10:46:57,628 [Thread-48] DEBUG org.apache.ibatis.transaction.jdbc.JdbcTransaction  - Setting autocommit to false on JDBC Connection [conn6: url=jdbc:h2:mem:activiti user=SA]
10:46:57,628 [Thread-47] DEBUG org.apache.ibatis.transaction.jdbc.JdbcTransaction  - Opening JDBC Connection
10:46:57,628 [Thread-47] DEBUG org.apache.ibatis.datasource.pooled.PooledDataSource  - Checked out connection 297240765 from pool.
10:46:57,628 [Thread-47] DEBUG org.apache.ibatis.transaction.jdbc.JdbcTransaction  - Setting autocommit to false on JDBC Connection [conn4: url=jdbc:h2:mem:activiti user=SA]
10:46:57,628 [Thread-48] DEBUG org.activiti.engine.impl.persistence.entity.JobEntity.selectAsyncJobsDueToExecute  - ==&gt;  Preparing: select RES.* from ACT_RU_JOB RES LEFT OUTER JOIN ACT_RU_EXECUTION PI ON PI.ID_ = RES.PROCESS_INSTANCE_ID_ where RES.RETRIES_ &gt; 0 and RES.DUEDATE_ is not null and RES.DUEDATE_ &lt;= ? and (RES.LOCK_EXP_TIME_ is null or RES.LOCK_EXP_TIME_ &lt;= ?) and TYPE_ = &apos;message&apos; and ( (RES.EXECUTION_ID_ is null) or (PI.SUSPENSION_STATE_ = 1) ) LIMIT ? OFFSET ? 
10:46:57,628 [pool-15-thread-1] DEBUG org.apache.ibatis.transaction.jdbc.JdbcTransaction  - Opening JDBC Connection
10:46:57,628 [pool-15-thread-1] DEBUG org.apache.ibatis.datasource.pooled.PooledDataSource  - Checked out connection 180014677 from pool.
10:46:57,628 [pool-15-thread-1] DEBUG org.apache.ibatis.transaction.jdbc.JdbcTransaction  - Setting autocommit to false on JDBC Connection [conn3: url=jdbc:h2:mem:activiti user=SA]
10:46:57,628 [pool-15-thread-1] DEBUG org.activiti.engine.impl.persistence.entity.ExecutionEntity.selectExecution  - ==&gt;  Preparing: select * from ACT_RU_EXECUTION where ID_ = ? 
10:46:57,628 [Thread-47] DEBUG org.activiti.engine.impl.persistence.entity.JobEntity.selectNextTimerJobsToExecute  - ==&gt;  Preparing: select RES.* from ACT_RU_JOB RES LEFT OUTER JOIN ACT_RU_EXECUTION PI ON PI.ID_ = RES.PROCESS_INSTANCE_ID_ where (RES.RETRIES_ &gt; 0) and (RES.DUEDATE_ is null or RES.DUEDATE_ &lt;= ?) and (RES.LOCK_OWNER_ is null or RES.LOCK_EXP_TIME_ &lt;= ?) and TYPE_ = &apos;timer&apos; and ( (RES.EXECUTION_ID_ is null) or (PI.SUSPENSION_STATE_ = 1) ) LIMIT ? OFFSET ? 
10:46:57,628 [pool-15-thread-1] DEBUG org.activiti.engine.impl.persistence.entity.ExecutionEntity.selectExecution  - ==&gt; Parameters: 58(String)
10:46:57,628 [Thread-48] DEBUG org.activiti.engine.impl.persistence.entity.JobEntity.selectAsyncJobsDueToExecute  - ==&gt; Parameters: 2023-03-20 10:46:46.742(Timestamp), 2023-03-20 10:46:46.742(Timestamp), 1(Integer), 0(Integer)
10:46:57,629 [Thread-47] DEBUG org.activiti.engine.impl.persistence.entity.JobEntity.selectNextTimerJobsToExecute  - ==&gt; Parameters: 2023-03-20 10:46:46.742(Timestamp), 2023-03-20 10:46:46.742(Timestamp), 1(Integer), 0(Integer)
10:46:57,629 [Thread-47] DEBUG org.activiti.engine.impl.persistence.entity.JobEntity.selectNextTimerJobsToExecute  - &lt;==      Total: 0
10:46:57,629 [Thread-47] DEBUG org.activiti.engine.impl.db.DbSqlSession  - flush summary: 0 insert, 0 update, 0 delete.
10:46:57,629 [Thread-47] DEBUG org.activiti.engine.impl.db.DbSqlSession  - now executing flush...
10:46:57,629 [Thread-47] DEBUG org.activiti.engine.impl.cfg.standalone.StandaloneMybatisTransactionContext  - firing event committing...
10:46:57,629 [Thread-47] DEBUG org.activiti.engine.impl.cfg.standalone.StandaloneMybatisTransactionContext  - committing the ibatis sql session...
10:46:57,629 [Thread-47] DEBUG org.activiti.engine.impl.cfg.standalone.StandaloneMybatisTransactionContext  - firing event committed...
10:46:57,629 [Thread-47] DEBUG org.apache.ibatis.transaction.jdbc.JdbcTransaction  - Resetting autocommit to true on JDBC Connection [conn4: url=jdbc:h2:mem:activiti user=SA]
10:46:57,629 [Thread-47] DEBUG org.apache.ibatis.transaction.jdbc.JdbcTransaction  - Closing JDBC Connection [conn4: url=jdbc:h2:mem:activiti user=SA]
10:46:57,629 [Thread-47] DEBUG org.apache.ibatis.datasource.pooled.PooledDataSource  - Returned connection 297240765 to pool.
10:46:57,629 [Thread-47] DEBUG org.activiti.engine.impl.interceptor.LogInterceptor  - --- AcquireTimerJobsCmd finished --------------------------------------------------------
10:46:57,629 [Thread-47] DEBUG org.activiti.engine.impl.interceptor.LogInterceptor  - 

10:46:57,629 [Thread-47] DEBUG org.activiti.engine.impl.asyncexecutor.AcquireTimerJobsRunnable  - timer job acquisition thread sleeping for 1000 millis
10:46:57,629 [pool-15-thread-1] DEBUG org.activiti.engine.impl.persistence.entity.ExecutionEntity.selectExecution  - &lt;==      Total: 1
10:46:57,629 [Thread-48] DEBUG org.activiti.engine.impl.persistence.entity.JobEntity.selectAsyncJobsDueToExecute  - &lt;==      Total: 0
10:46:57,629 [Thread-48] DEBUG org.activiti.engine.impl.db.DbSqlSession  - flush summary: 0 insert, 0 update, 0 delete.
10:46:57,629 [Thread-48] DEBUG org.activiti.engine.impl.db.DbSqlSession  - now executing flush...
10:46:57,629 [Thread-48] DEBUG org.activiti.engine.impl.cfg.standalone.StandaloneMybatisTransactionContext  - firing event committing...
10:46:57,629 [Thread-48] DEBUG org.activiti.engine.impl.cfg.standalone.StandaloneMybatisTransactionContext  - committing the ibatis sql session...
10:46:57,629 [Thread-48] DEBUG org.activiti.engine.impl.cfg.standalone.StandaloneMybatisTransactionContext  - firing event committed...
10:46:57,629 [Thread-48] DEBUG org.apache.ibatis.transaction.jdbc.JdbcTransaction  - Resetting autocommit to true on JDBC Connection [conn6: url=jdbc:h2:mem:activiti user=SA]
10:46:57,629 [Thread-48] DEBUG org.apache.ibatis.transaction.jdbc.JdbcTransaction  - Closing JDBC Connection [conn6: url=jdbc:h2:mem:activiti user=SA]
10:46:57,630 [Thread-48] DEBUG org.apache.ibatis.datasource.pooled.PooledDataSource  - Returned connection 486346394 to pool.
10:46:57,630 [Thread-48] DEBUG org.activiti.engine.impl.interceptor.LogInterceptor  - --- AcquireAsyncJobsDueCmd finished --------------------------------------------------------
10:46:57,630 [Thread-48] DEBUG org.activiti.engine.impl.interceptor.LogInterceptor  - 

10:46:57,630 [Thread-48] DEBUG org.activiti.engine.impl.asyncexecutor.AcquireAsyncJobsDueRunnable  - async job acquisition thread sleeping for 1000 millis
10:46:57,629 [pool-15-thread-1] DEBUG org.activiti.engine.impl.persistence.entity.ExecutionEntity.updateProcessInstanceLockTime  - ==&gt;  Preparing: update ACT_RU_EXECUTION set LOCK_TIME_ = ? where ID_ = ? and (LOCK_TIME_ is null OR LOCK_TIME_ &lt; ?) 
10:46:57,630 [pool-15-thread-1] DEBUG org.activiti.engine.impl.persistence.entity.ExecutionEntity.updateProcessInstanceLockTime  - ==&gt; Parameters: 2023-03-20 10:51:46.742(Timestamp), 58(String), 2023-03-20 10:46:46.742(Timestamp)
10:46:57,630 [pool-15-thread-1] DEBUG org.activiti.engine.impl.persistence.entity.ExecutionEntity.updateProcessInstanceLockTime  - &lt;==    Updates: 1
10:46:57,630 [pool-15-thread-1] DEBUG org.activiti.engine.impl.db.DbSqlSession  - flush summary: 0 insert, 0 update, 0 delete.
10:46:57,630 [pool-15-thread-1] DEBUG org.activiti.engine.impl.db.DbSqlSession  - now executing flush...
10:46:57,630 [pool-15-thread-1] DEBUG org.activiti.engine.impl.cfg.standalone.StandaloneMybatisTransactionContext  - firing event committing...
10:46:57,630 [pool-15-thread-1] DEBUG org.activiti.engine.impl.cfg.standalone.StandaloneMybatisTransactionContext  - committing the ibatis sql session...
10:46:57,630 [pool-15-thread-1] DEBUG org.apache.ibatis.transaction.jdbc.JdbcTransaction  - Committing JDBC Connection [conn3: url=jdbc:h2:mem:activiti user=SA]
10:46:57,630 [pool-15-thread-1] DEBUG org.activiti.engine.impl.cfg.standalone.StandaloneMybatisTransactionContext  - firing event committed...
10:46:57,630 [pool-15-thread-1] DEBUG org.apache.ibatis.transaction.jdbc.JdbcTransaction  - Resetting autocommit to true on JDBC Connection [conn3: url=jdbc:h2:mem:activiti user=SA]
10:46:57,630 [pool-15-thread-1] DEBUG org.apache.ibatis.transaction.jdbc.JdbcTransaction  - Closing JDBC Connection [conn3: url=jdbc:h2:mem:activiti user=SA]
10:46:57,630 [pool-15-thread-1] DEBUG org.apache.ibatis.datasource.pooled.PooledDataSource  - Returned connection 180014677 to pool.
10:46:57,630 [pool-15-thread-1] DEBUG org.activiti.engine.impl.interceptor.LogInterceptor  - --- LockExclusiveJobCmd finished --------------------------------------------------------
10:46:57,630 [pool-15-thread-1] DEBUG org.activiti.engine.impl.interceptor.LogInterceptor  - 

10:46:57,630 [pool-15-thread-1] DEBUG org.activiti.engine.impl.interceptor.LogInterceptor  - 

10:46:57,630 [pool-15-thread-1] DEBUG org.activiti.engine.impl.interceptor.LogInterceptor  - --- starting ExecuteAsyncJobCmd --------------------------------------------------------
10:46:57,630 [pool-15-thread-1] DEBUG org.activiti.engine.impl.cmd.ExecuteAsyncJobCmd  - Executing async job 66
10:46:57,630 [pool-15-thread-1] DEBUG org.apache.ibatis.transaction.jdbc.JdbcTransaction  - Opening JDBC Connection
10:46:57,630 [pool-15-thread-1] DEBUG org.apache.ibatis.datasource.pooled.PooledDataSource  - Checked out connection 363509958 from pool.
10:46:57,630 [pool-15-thread-1] DEBUG org.apache.ibatis.transaction.jdbc.JdbcTransaction  - Setting autocommit to false on JDBC Connection [conn2: url=jdbc:h2:mem:activiti user=SA]
10:46:57,630 [pool-15-thread-1] DEBUG org.activiti.engine.impl.persistence.entity.ExecutionEntity.selectExecution  - ==&gt;  Preparing: select * from ACT_RU_EXECUTION where ID_ = ? 
10:46:57,630 [pool-15-thread-1] DEBUG org.activiti.engine.impl.persistence.entity.ExecutionEntity.selectExecution  - ==&gt; Parameters: 58(String)
10:46:57,630 [pool-15-thread-1] DEBUG org.activiti.engine.impl.persistence.entity.ExecutionEntity.selectExecution  - &lt;==      Total: 1
10:46:57,630 [pool-15-thread-1] DEBUG org.activiti.engine.impl.history.DefaultHistoryManager  - Current history level: FULL, level required: ACTIVITY
10:46:57,630 [pool-15-thread-1] DEBUG org.activiti.engine.impl.pvm.runtime.AtomicOperationActivityExecute  - ProcessInstance[58] executes Activity(service2): org.activiti.engine.impl.bpmn.helper.ClassDelegate
10:46:57,630 [pool-15-thread-1] DEBUG org.activiti.engine.impl.interceptor.LogInterceptor  - 

10:46:57,630 [pool-15-thread-1] DEBUG org.activiti.engine.impl.interceptor.LogInterceptor  - --- starting  --------------------------------------------------------
10:46:57,630 [pool-15-thread-1] DEBUG org.activiti.engine.impl.interceptor.CommandContextInterceptor  - Valid context found. Reusing it for the current command &apos;null&apos;
10:46:57,630 [pool-15-thread-1] DEBUG org.activiti.engine.impl.persistence.entity.ProcessDefinitionInfoEntity.selectProcessDefinitionInfoByProcessDefinitionId  - ==&gt;  Preparing: select * from ACT_PROCDEF_INFO where PROC_DEF_ID_ = ? 
10:46:57,630 [pool-15-thread-1] DEBUG org.activiti.engine.impl.persistence.entity.ProcessDefinitionInfoEntity.selectProcessDefinitionInfoByProcessDefinitionId  - ==&gt; Parameters: process:2:57(String)
10:46:57,630 [pool-15-thread-1] DEBUG org.activiti.engine.impl.persistence.entity.ProcessDefinitionInfoEntity.selectProcessDefinitionInfoByProcessDefinitionId  - &lt;==      Total: 0
10:46:57,630 [pool-15-thread-1] DEBUG org.activiti.engine.impl.interceptor.LogInterceptor  - ---  finished --------------------------------------------------------
10:46:57,630 [pool-15-thread-1] DEBUG org.activiti.engine.impl.interceptor.LogInterceptor  - 

10:46:57,631 [pool-15-thread-1] DEBUG org.activiti.engine.impl.persistence.entity.VariableInstanceEntity.selectVariablesByExecutionId  - ==&gt;  Preparing: select * from ACT_RU_VARIABLE where EXECUTION_ID_ = ? and TASK_ID_ is null 
10:46:57,631 [pool-15-thread-1] DEBUG org.activiti.engine.impl.persistence.entity.VariableInstanceEntity.selectVariablesByExecutionId  - ==&gt; Parameters: 58(String)
10:46:57,631 [pool-15-thread-1] DEBUG org.activiti.engine.impl.persistence.entity.VariableInstanceEntity.selectVariablesByExecutionId  - &lt;==      Total: 1
10:46:57,631 [pool-15-thread-1] DEBUG org.activiti.engine.impl.persistence.entity.ByteArrayEntity.selectByteArray  - ==&gt;  Preparing: select * from ACT_GE_BYTEARRAY where ID_ = ? 
10:46:57,631 [pool-15-thread-1] DEBUG org.activiti.engine.impl.persistence.entity.ByteArrayEntity.selectByteArray  - ==&gt; Parameters: 61(String)
10:46:57,631 [pool-15-thread-1] DEBUG org.activiti.engine.impl.persistence.entity.ByteArrayEntity.selectByteArray  - &lt;==      Total: 1
10:46:57,631 [pool-15-thread-1] DEBUG org.activiti.engine.impl.persistence.entity.JobEntity.selectJobsByExecutionId  - ==&gt;  Preparing: select * from ACT_RU_JOB J where J.EXECUTION_ID_ = ? 
10:46:57,631 [pool-15-thread-1] DEBUG org.activiti.engine.impl.persistence.entity.JobEntity.selectJobsByExecutionId  - ==&gt; Parameters: 58(String)
10:46:57,631 [pool-15-thread-1] DEBUG org.activiti.engine.impl.persistence.entity.JobEntity.selectJobsByExecutionId  - &lt;==      Total: 1
10:46:57,631 [pool-15-thread-1] DEBUG org.activiti.engine.impl.bpmn.behavior.BpmnActivityBehavior  - Leaving activity &apos;service2&apos;
10:46:57,631 [pool-15-thread-1] DEBUG org.activiti.engine.impl.history.DefaultHistoryManager  - Current history level: FULL, level required: ACTIVITY
10:46:57,631 [pool-15-thread-1] DEBUG org.activiti.engine.impl.pvm.runtime.AtomicOperationTransitionNotifyListenerTake  - ProcessInstance[58] takes transition (service2)--&gt;(service3)
10:46:57,631 [pool-15-thread-1] DEBUG org.activiti.engine.impl.db.DbSqlSession  -   insert JobEntity [id=68]
10:46:57,631 [pool-15-thread-1] DEBUG org.activiti.engine.impl.db.DbSqlSession  -   insert HistoricActivityInstanceEntity[activityId=service2, activityName=null]
10:46:57,631 [pool-15-thread-1] DEBUG org.activiti.engine.impl.db.DbSqlSession  -   update ProcessInstance[58]
10:46:57,631 [pool-15-thread-1] DEBUG org.activiti.engine.impl.db.DbSqlSession  -   update ByteArrayEntity[id=61, name=var-variable, size=137]
10:46:57,631 [pool-15-thread-1] DEBUG org.activiti.engine.impl.db.DbSqlSession  -   delete JobEntity [id=66]
10:46:57,631 [pool-15-thread-1] DEBUG org.activiti.engine.impl.db.DbSqlSession  - flush summary: 2 insert, 2 update, 1 delete.
10:46:57,631 [pool-15-thread-1] DEBUG org.activiti.engine.impl.db.DbSqlSession  - now executing flush...
10:46:57,631 [pool-15-thread-1] DEBUG org.activiti.engine.impl.db.DbSqlSession  - inserting: HistoricActivityInstanceEntity[activityId=service2, activityName=null]
10:46:57,631 [pool-15-thread-1] DEBUG org.activiti.engine.impl.persistence.entity.HistoricActivityInstanceEntity.insertHistoricActivityInstance  - ==&gt;  Preparing: insert into ACT_HI_ACTINST ( ID_, PROC_DEF_ID_, PROC_INST_ID_, EXECUTION_ID_, ACT_ID_, TASK_ID_, CALL_PROC_INST_ID_, ACT_NAME_, ACT_TYPE_, ASSIGNEE_, START_TIME_, END_TIME_, DURATION_, TENANT_ID_ ) values ( ?, ?, ?, ?, ?, ?, ?, ?, ?, ?, ?, ?, ?, ? ) 
10:46:57,632 [pool-15-thread-1] DEBUG org.activiti.engine.impl.persistence.entity.HistoricActivityInstanceEntity.insertHistoricActivityInstance  - ==&gt; Parameters: 67(String), process:2:57(String), 58(String), 58(String), service2(String), null, null, null, serviceTask(String), null, 2023-03-20 10:46:46.742(Timestamp), 2023-03-20 10:46:46.742(Timestamp), 0(Long), (String)
10:46:57,632 [pool-15-thread-1] DEBUG org.activiti.engine.impl.persistence.entity.HistoricActivityInstanceEntity.insertHistoricActivityInstance  - &lt;==    Updates: 1
10:46:57,632 [pool-15-thread-1] DEBUG org.activiti.engine.impl.db.DbSqlSession  - inserting: JobEntity [id=68]
10:46:57,632 [pool-15-thread-1] DEBUG org.activiti.engine.impl.persistence.entity.JobEntity.insertMessage  - ==&gt;  Preparing: insert into ACT_RU_JOB ( ID_, REV_, TYPE_, LOCK_OWNER_, LOCK_EXP_TIME_, EXCLUSIVE_, EXECUTION_ID_, PROCESS_INSTANCE_ID_, PROC_DEF_ID_, DUEDATE_, RETRIES_, EXCEPTION_STACK_ID_, EXCEPTION_MSG_, HANDLER_TYPE_, HANDLER_CFG_, TENANT_ID_) values (?, 1, &apos;message&apos;, ?, ?, ?, ?, ?, ?, ?, ?, ?, ?, ?, ?, ? ) 
10:46:57,632 [pool-15-thread-1] DEBUG org.activiti.engine.impl.persistence.entity.JobEntity.insertMessage  - ==&gt; Parameters: 68(String), null, null, true(Boolean), 58(String), 58(String), process:2:57(String), 2023-03-20 10:51:46.742(Timestamp), 3(Integer), null, null, async-continuation(String), null, (String)
10:46:57,632 [pool-15-thread-1] DEBUG org.activiti.engine.impl.persistence.entity.JobEntity.insertMessage  - &lt;==    Updates: 1
10:46:57,632 [pool-15-thread-1] DEBUG org.activiti.engine.impl.db.DbSqlSession  - updating: ProcessInstance[58]
10:46:57,632 [pool-15-thread-1] DEBUG org.activiti.engine.impl.persistence.entity.ExecutionEntity.updateExecution  - ==&gt;  Preparing: update ACT_RU_EXECUTION set REV_ = ?, BUSINESS_KEY_ = ?, PROC_DEF_ID_ = ?, ACT_ID_ = ?, IS_ACTIVE_ = ?, IS_CONCURRENT_ = ?, IS_SCOPE_ = ?, IS_EVENT_SCOPE_ = ?, PARENT_ID_ = ?, SUPER_EXEC_ = ?, SUSPENSION_STATE_ = ?, CACHED_ENT_STATE_ = ?, NAME_ = ? where ID_ = ? and REV_ = ? 
10:46:57,632 [pool-15-thread-1] DEBUG org.activiti.engine.impl.persistence.entity.ExecutionEntity.updateExecution  - ==&gt; Parameters: 2(Integer), null, process:2:57(String), service3(String), true(Boolean), false(Boolean), true(Boolean), false(Boolean), null, null, 1(Integer), 6(Integer), null, 58(String), 1(Integer)
10:46:57,632 [pool-15-thread-1] DEBUG org.activiti.engine.impl.persistence.entity.ExecutionEntity.updateExecution  - &lt;==    Updates: 1
10:46:57,632 [pool-15-thread-1] DEBUG org.activiti.engine.impl.db.DbSqlSession  - updating: ByteArrayEntity[id=61, name=var-variable, size=137]
10:46:57,632 [pool-15-thread-1] DEBUG org.activiti.engine.impl.persistence.entity.ByteArrayEntity.updateByteArray  - ==&gt;  Preparing: update ACT_GE_BYTEARRAY set REV_ = ?, BYTES_ = ? where ID_ = ? and REV_ = ? 
10:46:57,633 [pool-15-thread-1] DEBUG org.activiti.engine.impl.persistence.entity.ByteArrayEntity.updateByteArray  - ==&gt; Parameters: 2(Integer), java.io.ByteArrayInputStream@3df57fa8(ByteArrayInputStream), 61(String), 1(Integer)
10:46:57,633 [pool-15-thread-1] DEBUG org.activiti.engine.impl.persistence.entity.ByteArrayEntity.updateByteArray  - &lt;==    Updates: 1
10:46:57,633 [pool-15-thread-1] DEBUG org.activiti.engine.impl.db.DbSqlSession  - executing: delete JobEntity [id=66]
10:46:57,633 [pool-15-thread-1] DEBUG org.activiti.engine.impl.persistence.entity.JobEntity.deleteMessage  - ==&gt;  Preparing: delete from ACT_RU_JOB where ID_ = ? and REV_ = ? 
10:46:57,633 [pool-15-thread-1] DEBUG org.activiti.engine.impl.persistence.entity.JobEntity.deleteMessage  - ==&gt; Parameters: 66(String), 1(Integer)
10:46:57,633 [pool-15-thread-1] DEBUG org.activiti.engine.impl.persistence.entity.JobEntity.deleteMessage  - &lt;==    Updates: 1
10:46:57,633 [pool-15-thread-1] DEBUG org.activiti.engine.impl.cfg.standalone.StandaloneMybatisTransactionContext  - firing event committing...
10:46:57,633 [pool-15-thread-1] DEBUG org.activiti.engine.impl.cfg.standalone.StandaloneMybatisTransactionContext  - committing the ibatis sql session...
10:46:57,633 [pool-15-thread-1] DEBUG org.apache.ibatis.transaction.jdbc.JdbcTransaction  - Committing JDBC Connection [conn2: url=jdbc:h2:mem:activiti user=SA]
10:46:57,633 [pool-15-thread-1] DEBUG org.activiti.engine.impl.cfg.standalone.StandaloneMybatisTransactionContext  - firing event committed...
10:46:57,633 [pool-15-thread-1] DEBUG org.activiti.engine.impl.jobexecutor.AsyncJobAddedNotification  - notifying job executor of new job
10:46:57,633 [pool-15-thread-1] DEBUG org.apache.ibatis.transaction.jdbc.JdbcTransaction  - Resetting autocommit to true on JDBC Connection [conn2: url=jdbc:h2:mem:activiti user=SA]
10:46:57,634 [pool-15-thread-1] DEBUG org.apache.ibatis.transaction.jdbc.JdbcTransaction  - Closing JDBC Connection [conn2: url=jdbc:h2:mem:activiti user=SA]
10:46:57,634 [pool-15-thread-1] DEBUG org.apache.ibatis.datasource.pooled.PooledDataSource  - Returned connection 363509958 to pool.
10:46:57,634 [pool-15-thread-1] DEBUG org.activiti.engine.impl.interceptor.LogInterceptor  - --- ExecuteAsyncJobCmd finished --------------------------------------------------------
10:46:57,634 [pool-15-thread-1] DEBUG org.activiti.engine.impl.interceptor.LogInterceptor  - 

10:46:57,634 [pool-15-thread-1] DEBUG org.activiti.engine.impl.interceptor.LogInterceptor  - 

10:46:57,634 [pool-15-thread-1] DEBUG org.activiti.engine.impl.interceptor.LogInterceptor  - --- starting UnlockExclusiveJobCmd --------------------------------------------------------
10:46:57,634 [pool-15-thread-1] DEBUG org.activiti.engine.impl.cmd.UnlockExclusiveJobCmd  - Unlocking exclusive job 66
10:46:57,634 [pool-15-thread-1] DEBUG org.apache.ibatis.transaction.jdbc.JdbcTransaction  - Opening JDBC Connection
10:46:57,634 [pool-15-thread-1] DEBUG org.apache.ibatis.datasource.pooled.PooledDataSource  - Checked out connection 297240765 from pool.
10:46:57,634 [pool-15-thread-2] DEBUG org.activiti.engine.impl.interceptor.LogInterceptor  - 

10:46:57,634 [pool-15-thread-2] DEBUG org.activiti.engine.impl.interceptor.LogInterceptor  - --- starting LockExclusiveJobCmd --------------------------------------------------------
10:46:57,634 [pool-15-thread-1] DEBUG org.apache.ibatis.transaction.jdbc.JdbcTransaction  - Setting autocommit to false on JDBC Connection [conn4: url=jdbc:h2:mem:activiti user=SA]
10:46:57,634 [pool-15-thread-1] DEBUG org.activiti.engine.impl.persistence.entity.ExecutionEntity.selectExecution  - ==&gt;  Preparing: select * from ACT_RU_EXECUTION where ID_ = ? 
10:46:57,634 [pool-15-thread-2] DEBUG org.activiti.engine.impl.cmd.LockExclusiveJobCmd  - Executing lock exclusive job 68 58
10:46:57,634 [pool-15-thread-2] DEBUG org.apache.ibatis.transaction.jdbc.JdbcTransaction  - Opening JDBC Connection
10:46:57,634 [pool-15-thread-2] DEBUG org.apache.ibatis.datasource.pooled.PooledDataSource  - Checked out connection 486346394 from pool.
10:46:57,634 [pool-15-thread-2] DEBUG org.apache.ibatis.transaction.jdbc.JdbcTransaction  - Setting autocommit to false on JDBC Connection [conn6: url=jdbc:h2:mem:activiti user=SA]
10:46:57,634 [pool-15-thread-1] DEBUG org.activiti.engine.impl.persistence.entity.ExecutionEntity.selectExecution  - ==&gt; Parameters: 58(String)
10:46:57,634 [pool-15-thread-2] DEBUG org.activiti.engine.impl.persistence.entity.ExecutionEntity.selectExecution  - ==&gt;  Preparing: select * from ACT_RU_EXECUTION where ID_ = ? 
10:46:57,634 [pool-15-thread-2] DEBUG org.activiti.engine.impl.persistence.entity.ExecutionEntity.selectExecution  - ==&gt; Parameters: 58(String)
10:46:57,634 [pool-15-thread-1] DEBUG org.activiti.engine.impl.persistence.entity.ExecutionEntity.selectExecution  - &lt;==      Total: 1
10:46:57,634 [pool-15-thread-1] DEBUG org.activiti.engine.impl.persistence.entity.ExecutionEntity.clearProcessInstanceLockTime  - ==&gt;  Preparing: update ACT_RU_EXECUTION set LOCK_TIME_ = null where ID_ = ? 
10:46:57,634 [pool-15-thread-2] DEBUG org.activiti.engine.impl.persistence.entity.ExecutionEntity.selectExecution  - &lt;==      Total: 1
10:46:57,635 [pool-15-thread-1] DEBUG org.activiti.engine.impl.persistence.entity.ExecutionEntity.clearProcessInstanceLockTime  - ==&gt; Parameters: 58(String)
10:46:57,635 [pool-15-thread-2] DEBUG org.activiti.engine.impl.persistence.entity.ExecutionEntity.updateProcessInstanceLockTime  - ==&gt;  Preparing: update ACT_RU_EXECUTION set LOCK_TIME_ = ? where ID_ = ? and (LOCK_TIME_ is null OR LOCK_TIME_ &lt; ?) 
10:46:57,635 [pool-15-thread-1] DEBUG org.activiti.engine.impl.persistence.entity.ExecutionEntity.clearProcessInstanceLockTime  - &lt;==    Updates: 1
10:46:57,635 [pool-15-thread-2] DEBUG org.activiti.engine.impl.persistence.entity.ExecutionEntity.updateProcessInstanceLockTime  - ==&gt; Parameters: 2023-03-20 10:51:46.742(Timestamp), 58(String), 2023-03-20 10:46:46.742(Timestamp)
10:46:57,635 [pool-15-thread-1] DEBUG org.activiti.engine.impl.db.DbSqlSession  - flush summary: 0 insert, 0 update, 0 delete.
10:46:57,635 [pool-15-thread-1] DEBUG org.activiti.engine.impl.db.DbSqlSession  - now executing flush...
10:46:57,635 [pool-15-thread-1] DEBUG org.activiti.engine.impl.cfg.standalone.StandaloneMybatisTransactionContext  - firing event committing...
10:46:57,635 [pool-15-thread-1] DEBUG org.activiti.engine.impl.cfg.standalone.StandaloneMybatisTransactionContext  - committing the ibatis sql session...
10:46:57,635 [pool-15-thread-1] DEBUG org.apache.ibatis.transaction.jdbc.JdbcTransaction  - Committing JDBC Connection [conn4: url=jdbc:h2:mem:activiti user=SA]
10:46:57,635 [pool-15-thread-1] DEBUG org.activiti.engine.impl.cfg.standalone.StandaloneMybatisTransactionContext  - firing event committed...
10:46:57,635 [pool-15-thread-2] DEBUG org.activiti.engine.impl.persistence.entity.ExecutionEntity.updateProcessInstanceLockTime  - &lt;==    Updates: 1
10:46:57,635 [pool-15-thread-1] DEBUG org.apache.ibatis.transaction.jdbc.JdbcTransaction  - Resetting autocommit to true on JDBC Connection [conn4: url=jdbc:h2:mem:activiti user=SA]
10:46:57,635 [pool-15-thread-1] DEBUG org.apache.ibatis.transaction.jdbc.JdbcTransaction  - Closing JDBC Connection [conn4: url=jdbc:h2:mem:activiti user=SA]
10:46:57,635 [pool-15-thread-1] DEBUG org.apache.ibatis.datasource.pooled.PooledDataSource  - Returned connection 297240765 to pool.
10:46:57,635 [pool-15-thread-1] DEBUG org.activiti.engine.impl.interceptor.LogInterceptor  - --- UnlockExclusiveJobCmd finished --------------------------------------------------------
10:46:57,635 [pool-15-thread-1] DEBUG org.activiti.engine.impl.interceptor.LogInterceptor  - 

10:46:57,635 [pool-15-thread-2] DEBUG org.activiti.engine.impl.db.DbSqlSession  - flush summary: 0 insert, 0 update, 0 delete.
10:46:57,635 [pool-15-thread-2] DEBUG org.activiti.engine.impl.db.DbSqlSession  - now executing flush...
10:46:57,635 [pool-15-thread-2] DEBUG org.activiti.engine.impl.cfg.standalone.StandaloneMybatisTransactionContext  - firing event committing...
10:46:57,635 [pool-15-thread-2] DEBUG org.activiti.engine.impl.cfg.standalone.StandaloneMybatisTransactionContext  - committing the ibatis sql session...
10:46:57,635 [pool-15-thread-2] DEBUG org.apache.ibatis.transaction.jdbc.JdbcTransaction  - Committing JDBC Connection [conn6: url=jdbc:h2:mem:activiti user=SA]
10:46:57,635 [pool-15-thread-2] DEBUG org.activiti.engine.impl.cfg.standalone.StandaloneMybatisTransactionContext  - firing event committed...
10:46:57,635 [pool-15-thread-2] DEBUG org.apache.ibatis.transaction.jdbc.JdbcTransaction  - Resetting autocommit to true on JDBC Connection [conn6: url=jdbc:h2:mem:activiti user=SA]
10:46:57,635 [pool-15-thread-2] DEBUG org.apache.ibatis.transaction.jdbc.JdbcTransaction  - Closing JDBC Connection [conn6: url=jdbc:h2:mem:activiti user=SA]
10:46:57,635 [pool-15-thread-2] DEBUG org.apache.ibatis.datasource.pooled.PooledDataSource  - Returned connection 486346394 to pool.
10:46:57,635 [pool-15-thread-2] DEBUG org.activiti.engine.impl.interceptor.LogInterceptor  - --- LockExclusiveJobCmd finished --------------------------------------------------------
10:46:57,635 [pool-15-thread-2] DEBUG org.activiti.engine.impl.interceptor.LogInterceptor  - 

10:46:57,635 [pool-15-thread-2] DEBUG org.activiti.engine.impl.interceptor.LogInterceptor  - 

10:46:57,635 [pool-15-thread-2] DEBUG org.activiti.engine.impl.interceptor.LogInterceptor  - --- starting ExecuteAsyncJobCmd --------------------------------------------------------
10:46:57,635 [pool-15-thread-2] DEBUG org.activiti.engine.impl.cmd.ExecuteAsyncJobCmd  - Executing async job 68
10:46:57,635 [pool-15-thread-2] DEBUG org.apache.ibatis.transaction.jdbc.JdbcTransaction  - Opening JDBC Connection
10:46:57,635 [pool-15-thread-2] DEBUG org.apache.ibatis.datasource.pooled.PooledDataSource  - Checked out connection 180014677 from pool.
10:46:57,635 [pool-15-thread-2] DEBUG org.apache.ibatis.transaction.jdbc.JdbcTransaction  - Setting autocommit to false on JDBC Connection [conn3: url=jdbc:h2:mem:activiti user=SA]
10:46:57,635 [pool-15-thread-2] DEBUG org.activiti.engine.impl.persistence.entity.ExecutionEntity.selectExecution  - ==&gt;  Preparing: select * from ACT_RU_EXECUTION where ID_ = ? 
10:46:57,635 [pool-15-thread-2] DEBUG org.activiti.engine.impl.persistence.entity.ExecutionEntity.selectExecution  - ==&gt; Parameters: 58(String)
10:46:57,635 [pool-15-thread-2] DEBUG org.activiti.engine.impl.persistence.entity.ExecutionEntity.selectExecution  - &lt;==      Total: 1
10:46:57,636 [pool-15-thread-2] DEBUG org.activiti.engine.impl.history.DefaultHistoryManager  - Current history level: FULL, level required: ACTIVITY
10:46:57,636 [pool-15-thread-2] DEBUG org.activiti.engine.impl.pvm.runtime.AtomicOperationActivityExecute  - ProcessInstance[58] executes Activity(service3): org.activiti.engine.impl.bpmn.helper.ClassDelegate
10:46:57,636 [pool-15-thread-2] DEBUG org.activiti.engine.impl.interceptor.LogInterceptor  - 

10:46:57,636 [pool-15-thread-2] DEBUG org.activiti.engine.impl.interceptor.LogInterceptor  - --- starting  --------------------------------------------------------
10:46:57,636 [pool-15-thread-2] DEBUG org.activiti.engine.impl.interceptor.CommandContextInterceptor  - Valid context found. Reusing it for the current command &apos;null&apos;
10:46:57,636 [pool-15-thread-2] DEBUG org.activiti.engine.impl.persistence.entity.ProcessDefinitionInfoEntity.selectProcessDefinitionInfoByProcessDefinitionId  - ==&gt;  Preparing: select * from ACT_PROCDEF_INFO where PROC_DEF_ID_ = ? 
10:46:57,636 [pool-15-thread-2] DEBUG org.activiti.engine.impl.persistence.entity.ProcessDefinitionInfoEntity.selectProcessDefinitionInfoByProcessDefinitionId  - ==&gt; Parameters: process:2:57(String)
10:46:57,636 [pool-15-thread-2] DEBUG org.activiti.engine.impl.persistence.entity.ProcessDefinitionInfoEntity.selectProcessDefinitionInfoByProcessDefinitionId  - &lt;==      Total: 0
10:46:57,636 [pool-15-thread-2] DEBUG org.activiti.engine.impl.interceptor.LogInterceptor  - ---  finished --------------------------------------------------------
10:46:57,636 [pool-15-thread-2] DEBUG org.activiti.engine.impl.interceptor.LogInterceptor  - 

10:46:57,636 [pool-15-thread-2] DEBUG org.activiti.engine.impl.persistence.entity.VariableInstanceEntity.selectVariablesByExecutionId  - ==&gt;  Preparing: select * from ACT_RU_VARIABLE where EXECUTION_ID_ = ? and TASK_ID_ is null 
10:46:57,636 [pool-15-thread-2] DEBUG org.activiti.engine.impl.persistence.entity.VariableInstanceEntity.selectVariablesByExecutionId  - ==&gt; Parameters: 58(String)
10:46:57,636 [pool-15-thread-2] DEBUG org.activiti.engine.impl.persistence.entity.VariableInstanceEntity.selectVariablesByExecutionId  - &lt;==      Total: 1
10:46:57,636 [pool-15-thread-2] DEBUG org.activiti.engine.impl.persistence.entity.ByteArrayEntity.selectByteArray  - ==&gt;  Preparing: select * from ACT_GE_BYTEARRAY where ID_ = ? 
10:46:57,636 [pool-15-thread-2] DEBUG org.activiti.engine.impl.persistence.entity.ByteArrayEntity.selectByteArray  - ==&gt; Parameters: 61(String)
10:46:57,636 [pool-15-thread-2] DEBUG org.activiti.engine.impl.persistence.entity.ByteArrayEntity.selectByteArray  - &lt;==      Total: 1
10:46:57,636 [pool-15-thread-2] DEBUG org.activiti.engine.impl.persistence.entity.JobEntity.selectJobsByExecutionId  - ==&gt;  Preparing: select * from ACT_RU_JOB J where J.EXECUTION_ID_ = ? 
10:46:57,636 [pool-15-thread-2] DEBUG org.activiti.engine.impl.persistence.entity.JobEntity.selectJobsByExecutionId  - ==&gt; Parameters: 58(String)
10:46:57,637 [pool-15-thread-2] DEBUG org.activiti.engine.impl.persistence.entity.JobEntity.selectJobsByExecutionId  - &lt;==      Total: 1
10:46:57,637 [pool-15-thread-2] DEBUG org.activiti.engine.impl.bpmn.behavior.BpmnActivityBehavior  - Leaving activity &apos;service3&apos;
10:46:57,637 [pool-15-thread-2] DEBUG org.activiti.engine.impl.history.DefaultHistoryManager  - Current history level: FULL, level required: ACTIVITY
10:46:57,637 [pool-15-thread-2] DEBUG org.activiti.engine.impl.pvm.runtime.AtomicOperationTransitionNotifyListenerTake  - ProcessInstance[58] takes transition (service3)--&gt;(theEnd)
10:46:57,637 [pool-15-thread-2] DEBUG org.activiti.engine.impl.history.DefaultHistoryManager  - Current history level: FULL, level required: ACTIVITY
10:46:57,637 [pool-15-thread-2] DEBUG org.activiti.engine.impl.pvm.runtime.AtomicOperationActivityExecute  - ProcessInstance[58] executes Activity(theEnd): org.activiti.engine.impl.bpmn.behavior.NoneEndEventActivityBehavior
10:46:57,637 [pool-15-thread-2] DEBUG org.activiti.engine.impl.history.DefaultHistoryManager  - Current history level: FULL, level required: ACTIVITY
10:46:57,637 [pool-15-thread-2] DEBUG org.activiti.engine.impl.history.DefaultHistoryManager  - Current history level: FULL, level required: ACTIVITY
10:46:57,637 [pool-15-thread-2] DEBUG org.activiti.engine.impl.history.DefaultHistoryManager  - Current history level: FULL
10:46:57,637 [pool-15-thread-2] DEBUG org.activiti.engine.impl.persistence.entity.HistoricProcessInstanceEntity.selectHistoricProcessInstance  - ==&gt;  Preparing: select * from ACT_HI_PROCINST where PROC_INST_ID_ = ? 
10:46:57,637 [pool-15-thread-2] DEBUG org.activiti.engine.impl.persistence.entity.HistoricProcessInstanceEntity.selectHistoricProcessInstance  - ==&gt; Parameters: 58(String)
10:46:57,637 [pool-15-thread-2] DEBUG org.activiti.engine.impl.persistence.entity.HistoricProcessInstanceEntity.selectHistoricProcessInstance  - &lt;==      Total: 1
10:46:57,637 [pool-15-thread-2] DEBUG org.activiti.engine.impl.persistence.entity.ExecutionEntity  - destroying ProcessInstance[58]
10:46:57,637 [pool-15-thread-2] DEBUG org.activiti.engine.impl.history.DefaultHistoryManager  - Current history level: FULL, level required: ACTIVITY
10:46:57,637 [pool-15-thread-2] DEBUG org.activiti.engine.impl.persistence.entity.HistoricVariableInstanceEntity.selectHistoricVariableInstanceByVariableInstanceId  - ==&gt;  Preparing: select * from ACT_HI_VARINST where ID_ = ? 
10:46:57,637 [pool-15-thread-2] DEBUG org.activiti.engine.impl.persistence.entity.HistoricVariableInstanceEntity.selectHistoricVariableInstanceByVariableInstanceId  - ==&gt; Parameters: 62(String)
10:46:57,637 [pool-15-thread-2] DEBUG org.activiti.engine.impl.persistence.entity.HistoricVariableInstanceEntity.selectHistoricVariableInstanceByVariableInstanceId  - &lt;==      Total: 1
10:46:57,637 [pool-15-thread-2] DEBUG org.activiti.engine.impl.persistence.entity.ByteArrayEntity.selectByteArray  - ==&gt;  Preparing: select * from ACT_GE_BYTEARRAY where ID_ = ? 
10:46:57,637 [pool-15-thread-2] DEBUG org.activiti.engine.impl.persistence.entity.ByteArrayEntity.selectByteArray  - ==&gt; Parameters: 63(String)
10:46:57,637 [pool-15-thread-2] DEBUG org.activiti.engine.impl.persistence.entity.ByteArrayEntity.selectByteArray  - &lt;==      Total: 1
10:46:57,637 [pool-15-thread-2] DEBUG org.activiti.engine.impl.history.DefaultHistoryManager  - Current history level: FULL, level required: ACTIVITY
10:46:57,637 [pool-15-thread-2] DEBUG org.activiti.engine.impl.db.DbSqlSession  - skipping redundant delete: VariableInstanceEntity[id=62, name=variable, type=serializable]
10:46:57,637 [pool-15-thread-2] DEBUG org.activiti.engine.impl.persistence.entity.TaskEntity.selectTasksByExecutionId  - ==&gt;  Preparing: select distinct T.* from ACT_RU_TASK T where T.EXECUTION_ID_ = ? 
10:46:57,637 [pool-15-thread-2] DEBUG org.activiti.engine.impl.persistence.entity.TaskEntity.selectTasksByExecutionId  - ==&gt; Parameters: 58(String)
10:46:57,637 [pool-15-thread-2] DEBUG org.activiti.engine.impl.persistence.entity.TaskEntity.selectTasksByExecutionId  - &lt;==      Total: 0
10:46:57,637 [pool-15-thread-2] DEBUG org.activiti.engine.impl.persistence.entity.ExecutionEntity.selectExecutionsByParentExecutionId  - ==&gt;  Preparing: select * from ACT_RU_EXECUTION where PARENT_ID_ = ? 
10:46:57,637 [pool-15-thread-2] DEBUG org.activiti.engine.impl.persistence.entity.ExecutionEntity.selectExecutionsByParentExecutionId  - ==&gt; Parameters: 58(String)
10:46:57,637 [pool-15-thread-2] DEBUG org.activiti.engine.impl.persistence.entity.ExecutionEntity.selectExecutionsByParentExecutionId  - &lt;==      Total: 0
10:46:57,637 [pool-15-thread-2] DEBUG org.activiti.engine.impl.persistence.entity.IdentityLinkEntity.selectIdentityLinksByProcessInstance  - ==&gt;  Preparing: select * from ACT_RU_IDENTITYLINK where PROC_INST_ID_ = ? 
10:46:57,637 [pool-15-thread-2] DEBUG org.activiti.engine.impl.persistence.entity.IdentityLinkEntity.selectIdentityLinksByProcessInstance  - ==&gt; Parameters: 58(String)
10:46:57,637 [pool-15-thread-2] DEBUG org.activiti.engine.impl.persistence.entity.IdentityLinkEntity.selectIdentityLinksByProcessInstance  - &lt;==      Total: 0
10:46:57,639 [pool-15-thread-2] DEBUG org.activiti.engine.impl.db.DbSqlSession  - skipping redundant delete: JobEntity [id=68]
10:46:57,639 [pool-15-thread-2] DEBUG org.activiti.engine.impl.db.DbSqlSession  -   insert HistoricActivityInstanceEntity[activityId=service3, activityName=null]
10:46:57,639 [pool-15-thread-2] DEBUG org.activiti.engine.impl.db.DbSqlSession  -   insert HistoricActivityInstanceEntity[activityId=theEnd, activityName=null]
10:46:57,639 [pool-15-thread-2] DEBUG org.activiti.engine.impl.db.DbSqlSession  -   update ByteArrayEntity[id=63, name=hist.var-variable, size=137]
10:46:57,639 [pool-15-thread-2] DEBUG org.activiti.engine.impl.db.DbSqlSession  -   update HistoricProcessInstanceEntity[superProcessInstanceId=null]
10:46:57,639 [pool-15-thread-2] DEBUG org.activiti.engine.impl.db.DbSqlSession  -   delete VariableInstanceEntity[id=62, name=variable, type=serializable]
10:46:57,639 [pool-15-thread-2] DEBUG org.activiti.engine.impl.db.DbSqlSession  -   delete ByteArrayEntity[id=61, name=var-variable, size=137]
10:46:57,639 [pool-15-thread-2] DEBUG org.activiti.engine.impl.db.DbSqlSession  -   delete JobEntity [id=68]
10:46:57,639 [pool-15-thread-2] DEBUG org.activiti.engine.impl.db.DbSqlSession  -   delete ProcessInstance[58]
10:46:57,639 [pool-15-thread-2] DEBUG org.activiti.engine.impl.db.DbSqlSession  - flush summary: 2 insert, 2 update, 4 delete.
10:46:57,639 [pool-15-thread-2] DEBUG org.activiti.engine.impl.db.DbSqlSession  - now executing flush...
10:46:57,639 [pool-15-thread-2] DEBUG org.activiti.engine.impl.persistence.entity.HistoricActivityInstanceEntity.bulkInsertHistoricActivityInstance  - ==&gt;  Preparing: insert into ACT_HI_ACTINST ( ID_, PROC_DEF_ID_, PROC_INST_ID_, EXECUTION_ID_, ACT_ID_, TASK_ID_, CALL_PROC_INST_ID_, ACT_NAME_, ACT_TYPE_, ASSIGNEE_, START_TIME_, END_TIME_, DURATION_, TENANT_ID_ ) values (?, ?, ?, ?, ?, ?, ?, ?, ?, ?, ?, ?, ?, ?) , (?, ?, ?, ?, ?, ?, ?, ?, ?, ?, ?, ?, ?, ?) 
10:46:57,639 [pool-15-thread-2] DEBUG org.activiti.engine.impl.persistence.entity.HistoricActivityInstanceEntity.bulkInsertHistoricActivityInstance  - ==&gt; Parameters: 69(String), process:2:57(String), 58(String), 58(String), service3(String), null, null, null, serviceTask(String), null, 2023-03-20 10:46:46.742(Timestamp), 2023-03-20 10:46:46.742(Timestamp), 0(Long), (String), 70(String), process:2:57(String), 58(String), 58(String), theEnd(String), null, null, null, endEvent(String), null, 2023-03-20 10:46:46.742(Timestamp), 2023-03-20 10:46:46.742(Timestamp), 0(Long), (String)
10:46:57,639 [pool-15-thread-2] DEBUG org.activiti.engine.impl.persistence.entity.HistoricActivityInstanceEntity.bulkInsertHistoricActivityInstance  - &lt;==    Updates: 2
10:46:57,639 [pool-15-thread-2] DEBUG org.activiti.engine.impl.db.DbSqlSession  - updating: ByteArrayEntity[id=63, name=hist.var-variable, size=137]
10:46:57,639 [pool-15-thread-2] DEBUG org.activiti.engine.impl.persistence.entity.ByteArrayEntity.updateByteArray  - ==&gt;  Preparing: update ACT_GE_BYTEARRAY set REV_ = ?, BYTES_ = ? where ID_ = ? and REV_ = ? 
10:46:57,639 [pool-15-thread-2] DEBUG org.activiti.engine.impl.persistence.entity.ByteArrayEntity.updateByteArray  - ==&gt; Parameters: 2(Integer), java.io.ByteArrayInputStream@4b1b2c6b(ByteArrayInputStream), 63(String), 1(Integer)
10:46:57,639 [pool-15-thread-2] DEBUG org.activiti.engine.impl.persistence.entity.ByteArrayEntity.updateByteArray  - &lt;==    Updates: 1
10:46:57,639 [pool-15-thread-2] DEBUG org.activiti.engine.impl.db.DbSqlSession  - updating: HistoricProcessInstanceEntity[superProcessInstanceId=null]
10:46:57,639 [pool-15-thread-2] DEBUG org.activiti.engine.impl.persistence.entity.HistoricProcessInstanceEntity.updateHistoricProcessInstance  - ==&gt;  Preparing: update ACT_HI_PROCINST set PROC_DEF_ID_ = ?, BUSINESS_KEY_ = ?, START_TIME_ = ?, END_TIME_ = ?, DURATION_ = ?, END_ACT_ID_ = ?, DELETE_REASON_ = ?, NAME_ = ? where ID_ = ? 
10:46:57,640 [pool-15-thread-2] DEBUG org.activiti.engine.impl.persistence.entity.HistoricProcessInstanceEntity.updateHistoricProcessInstance  - ==&gt; Parameters: process:2:57(String), null, 2023-03-20 10:46:46.742(Timestamp), 2023-03-20 10:46:46.742(Timestamp), 0(Long), theEnd(String), null, null, 58(String)
10:46:57,640 [pool-15-thread-2] DEBUG org.activiti.engine.impl.persistence.entity.HistoricProcessInstanceEntity.updateHistoricProcessInstance  - &lt;==    Updates: 1
10:46:57,640 [pool-15-thread-2] DEBUG org.activiti.engine.impl.db.DbSqlSession  - executing: delete VariableInstanceEntity[id=62, name=variable, type=serializable]
10:46:57,640 [pool-15-thread-2] DEBUG org.activiti.engine.impl.persistence.entity.VariableInstanceEntity.deleteVariableInstance  - ==&gt;  Preparing: delete from ACT_RU_VARIABLE where ID_ = ? and REV_ = ? 
10:46:57,640 [pool-15-thread-2] DEBUG org.activiti.engine.impl.persistence.entity.VariableInstanceEntity.deleteVariableInstance  - ==&gt; Parameters: 62(String), 1(Integer)
10:46:57,640 [pool-15-thread-2] DEBUG org.activiti.engine.impl.persistence.entity.VariableInstanceEntity.deleteVariableInstance  - &lt;==    Updates: 1
10:46:57,640 [pool-15-thread-2] DEBUG org.activiti.engine.impl.db.DbSqlSession  - executing: delete ByteArrayEntity[id=61, name=var-variable, size=137]
10:46:57,640 [pool-15-thread-2] DEBUG org.activiti.engine.impl.persistence.entity.ByteArrayEntity.deleteByteArray  - ==&gt;  Preparing: delete from ACT_GE_BYTEARRAY where ID_ = ? and REV_ = ? 
10:46:57,640 [pool-15-thread-2] DEBUG org.activiti.engine.impl.persistence.entity.ByteArrayEntity.deleteByteArray  - ==&gt; Parameters: 61(String), 2(Integer)
10:46:57,640 [pool-15-thread-2] DEBUG org.activiti.engine.impl.persistence.entity.ByteArrayEntity.deleteByteArray  - &lt;==    Updates: 1
10:46:57,640 [pool-15-thread-2] DEBUG org.activiti.engine.impl.db.DbSqlSession  - executing: delete JobEntity [id=68]
10:46:57,640 [pool-15-thread-2] DEBUG org.activiti.engine.impl.persistence.entity.JobEntity.deleteMessage  - ==&gt;  Preparing: delete from ACT_RU_JOB where ID_ = ? and REV_ = ? 
10:46:57,640 [pool-15-thread-2] DEBUG org.activiti.engine.impl.persistence.entity.JobEntity.deleteMessage  - ==&gt; Parameters: 68(String), 1(Integer)
10:46:57,640 [pool-15-thread-2] DEBUG org.activiti.engine.impl.persistence.entity.JobEntity.deleteMessage  - &lt;==    Updates: 1
10:46:57,640 [pool-15-thread-2] DEBUG org.activiti.engine.impl.db.DbSqlSession  - executing: delete ProcessInstance[58]
10:46:57,640 [pool-15-thread-2] DEBUG org.activiti.engine.impl.persistence.entity.ExecutionEntity.deleteExecution  - ==&gt;  Preparing: delete from ACT_RU_EXECUTION where ID_ = ? and REV_ = ? 
10:46:57,640 [pool-15-thread-2] DEBUG org.activiti.engine.impl.persistence.entity.ExecutionEntity.deleteExecution  - ==&gt; Parameters: 58(String), 2(Integer)
10:46:57,640 [pool-15-thread-2] DEBUG org.activiti.engine.impl.persistence.entity.ExecutionEntity.deleteExecution  - &lt;==    Updates: 1
10:46:57,640 [pool-15-thread-2] DEBUG org.activiti.engine.impl.cfg.standalone.StandaloneMybatisTransactionContext  - firing event committing...
10:46:57,640 [pool-15-thread-2] DEBUG org.activiti.engine.impl.cfg.standalone.StandaloneMybatisTransactionContext  - committing the ibatis sql session...
10:46:57,641 [pool-15-thread-2] DEBUG org.apache.ibatis.transaction.jdbc.JdbcTransaction  - Committing JDBC Connection [conn3: url=jdbc:h2:mem:activiti user=SA]
10:46:57,641 [pool-15-thread-2] DEBUG org.activiti.engine.impl.cfg.standalone.StandaloneMybatisTransactionContext  - firing event committed...
10:46:57,641 [pool-15-thread-2] DEBUG org.apache.ibatis.transaction.jdbc.JdbcTransaction  - Resetting autocommit to true on JDBC Connection [conn3: url=jdbc:h2:mem:activiti user=SA]
10:46:57,641 [pool-15-thread-2] DEBUG org.apache.ibatis.transaction.jdbc.JdbcTransaction  - Closing JDBC Connection [conn3: url=jdbc:h2:mem:activiti user=SA]
10:46:57,641 [pool-15-thread-2] DEBUG org.apache.ibatis.datasource.pooled.PooledDataSource  - Returned connection 180014677 to pool.
10:46:57,641 [pool-15-thread-2] DEBUG org.activiti.engine.impl.interceptor.LogInterceptor  - --- ExecuteAsyncJobCmd finished --------------------------------------------------------
10:46:57,641 [pool-15-thread-2] DEBUG org.activiti.engine.impl.interceptor.LogInterceptor  - 

10:46:57,641 [pool-15-thread-2] DEBUG org.activiti.engine.impl.interceptor.LogInterceptor  - 

10:46:57,641 [pool-15-thread-2] DEBUG org.activiti.engine.impl.interceptor.LogInterceptor  - --- starting UnlockExclusiveJobCmd --------------------------------------------------------
10:46:57,641 [pool-15-thread-2] DEBUG org.activiti.engine.impl.cmd.UnlockExclusiveJobCmd  - Unlocking exclusive job 68
10:46:57,641 [pool-15-thread-2] DEBUG org.apache.ibatis.transaction.jdbc.JdbcTransaction  - Opening JDBC Connection
10:46:57,641 [pool-15-thread-2] DEBUG org.apache.ibatis.datasource.pooled.PooledDataSource  - Checked out connection 363509958 from pool.
10:46:57,641 [pool-15-thread-2] DEBUG org.apache.ibatis.transaction.jdbc.JdbcTransaction  - Setting autocommit to false on JDBC Connection [conn2: url=jdbc:h2:mem:activiti user=SA]
10:46:57,641 [pool-15-thread-2] DEBUG org.activiti.engine.impl.persistence.entity.ExecutionEntity.selectExecution  - ==&gt;  Preparing: select * from ACT_RU_EXECUTION where ID_ = ? 
10:46:57,641 [pool-15-thread-2] DEBUG org.activiti.engine.impl.persistence.entity.ExecutionEntity.selectExecution  - ==&gt; Parameters: 58(String)
10:46:57,641 [pool-15-thread-2] DEBUG org.activiti.engine.impl.persistence.entity.ExecutionEntity.selectExecution  - &lt;==      Total: 0
10:46:57,641 [pool-15-thread-2] DEBUG org.activiti.engine.impl.db.DbSqlSession  - flush summary: 0 insert, 0 update, 0 delete.
10:46:57,641 [pool-15-thread-2] DEBUG org.activiti.engine.impl.db.DbSqlSession  - now executing flush...
10:46:57,641 [pool-15-thread-2] DEBUG org.activiti.engine.impl.cfg.standalone.StandaloneMybatisTransactionContext  - firing event committing...
10:46:57,641 [pool-15-thread-2] DEBUG org.activiti.engine.impl.cfg.standalone.StandaloneMybatisTransactionContext  - committing the ibatis sql session...
10:46:57,641 [pool-15-thread-2] DEBUG org.activiti.engine.impl.cfg.standalone.StandaloneMybatisTransactionContext  - firing event committed...
10:46:57,641 [pool-15-thread-2] DEBUG org.apache.ibatis.transaction.jdbc.JdbcTransaction  - Resetting autocommit to true on JDBC Connection [conn2: url=jdbc:h2:mem:activiti user=SA]
10:46:57,641 [pool-15-thread-2] DEBUG org.apache.ibatis.transaction.jdbc.JdbcTransaction  - Closing JDBC Connection [conn2: url=jdbc:h2:mem:activiti user=SA]
10:46:57,641 [pool-15-thread-2] DEBUG org.apache.ibatis.datasource.pooled.PooledDataSource  - Returned connection 363509958 to pool.
10:46:57,641 [pool-15-thread-2] DEBUG org.activiti.engine.impl.interceptor.LogInterceptor  - --- UnlockExclusiveJobCmd finished --------------------------------------------------------
10:46:57,641 [pool-15-thread-2] DEBUG org.activiti.engine.impl.interceptor.LogInterceptor  - 

10:46:58,128 [main] DEBUG org.activiti.engine.impl.interceptor.LogInterceptor  - 

10:46:58,128 [main] DEBUG org.activiti.engine.impl.interceptor.LogInterceptor  - --- starting JobQueryImpl --------------------------------------------------------
10:46:58,128 [main] DEBUG org.apache.ibatis.transaction.jdbc.JdbcTransaction  - Opening JDBC Connection
10:46:58,128 [main] DEBUG org.apache.ibatis.datasource.pooled.PooledDataSource  - Checked out connection 297240765 from pool.
10:46:58,128 [main] DEBUG org.apache.ibatis.transaction.jdbc.JdbcTransaction  - Setting autocommit to false on JDBC Connection [conn4: url=jdbc:h2:mem:activiti user=SA]
10:46:58,128 [main] DEBUG org.activiti.engine.impl.persistence.entity.JobEntity.selectJobByQueryCriteria  - ==&gt;  Preparing: select RES.* from ACT_RU_JOB RES order by order by RES.ID_ asc LIMIT ? OFFSET ? 
10:46:58,128 [main] DEBUG org.activiti.engine.impl.interceptor.CommandContext  - Error while closing command context
org.apache.ibatis.exceptions.PersistenceException: 
### Error querying database.  Cause: org.h2.jdbc.JdbcSQLException: Syntax error in SQL statement &quot;SELECT RES.* 
     
    FROM ACT_RU_JOB RES
     
      
   
     ORDER BY  ORDER[*] BY RES.ID_ ASC  
    LIMIT ? OFFSET ? &quot;; expected &quot;=, NOT, EXISTS, INTERSECTS, SELECT, FROM&quot;; SQL statement:
select RES.* 
     
    from ACT_RU_JOB RES
     
      
   
     order by  order by RES.ID_ asc  
    LIMIT ? OFFSET ? [42001-176]
### The error may exist in org/activiti/db/mapping/entity/Job.xml
### The error may involve org.activiti.engine.impl.persistence.entity.JobEntity.selectJobByQueryCriteria
### The error occurred while executing a query
### SQL: select RES.*            from ACT_RU_JOB RES                       order by  order by RES.ID_ asc       LIMIT ? OFFSET ?
### Cause: org.h2.jdbc.JdbcSQLException: Syntax error in SQL statement &quot;SELECT RES.* 
     
    FROM ACT_RU_JOB RES
     
      
   
     ORDER BY  ORDER[*] BY RES.ID_ ASC  
    LIMIT ? OFFSET ? &quot;; expected &quot;=, NOT, EXISTS, INTERSECTS, SELECT, FROM&quot;; SQL statement:
select RES.* 
     
    from ACT_RU_JOB RES
     
      
   
     order by  order by RES.ID_ asc  
    LIMIT ? OFFSET ? [42001-176]
	at org.apache.ibatis.exceptions.ExceptionFactory.wrapException(ExceptionFactory.java:30)
	at org.apache.ibatis.session.defaults.DefaultSqlSession.selectList(DefaultSqlSession.java:122)
	at org.apache.ibatis.session.defaults.DefaultSqlSession.selectList(DefaultSqlSession.java:113)
	at org.activiti.engine.impl.db.DbSqlSession.selectListWithRawParameter(DbSqlSession.java:438)
	at org.activiti.engine.impl.db.DbSqlSession.selectList(DbSqlSession.java:429)
	at org.activiti.engine.impl.db.DbSqlSession.selectList(DbSqlSession.java:419)
	at org.activiti.engine.impl.persistence.entity.JobEntityManager.findJobsByQueryCriteria(JobEntityManager.java:198)
	at org.activiti.engine.impl.JobQueryImpl.executeList(JobQueryImpl.java:243)
	at org.activiti.engine.impl.AbstractQuery.execute(AbstractQuery.java:164)
	at org.activiti.engine.impl.interceptor.CommandInvoker.execute(CommandInvoker.java:24)
	at org.activiti.engine.impl.interceptor.CommandContextInterceptor.execute(CommandContextInterceptor.java:57)
	at org.activiti.engine.impl.interceptor.LogInterceptor.execute(LogInterceptor.java:37)
	at org.activiti.engine.impl.cfg.CommandExecutorImpl.execute(CommandExecutorImpl.java:40)
	at org.activiti.engine.impl.cfg.CommandExecutorImpl.execute(CommandExecutorImpl.java:35)
	at org.activiti.engine.impl.AbstractQuery.list(AbstractQuery.java:138)
	at org.activiti.engine.impl.test.JobTestHelper.areJobsAvailable(JobTestHelper.java:194)
	at org.activiti.engine.impl.test.JobTestHelper.waitForJobExecutorToProcessAllJobs(JobTestHelper.java:74)
	at org.activiti.engine.impl.test.JobTestHelper.waitForJobExecutorToProcessAllJobs(JobTestHelper.java:47)
	at org.activiti.engine.impl.test.AbstractActivitiTestCase.waitForJobExecutorToProcessAllJobs(AbstractActivitiTestCase.java:204)
	at org.activiti.engine.test.bpmn.servicetask.ServiceTaskVariablesTest.testSerializedVariablesBothAsync(ServiceTaskVariablesTest.java:80)
	at sun.reflect.NativeMethodAccessorImpl.invoke0(Native Method)
	at sun.reflect.NativeMethodAccessorImpl.invoke(NativeMethodAccessorImpl.java:62)
	at sun.reflect.DelegatingMethodAccessorImpl.invoke(DelegatingMethodAccessorImpl.java:43)
	at java.lang.reflect.Method.invoke(Method.java:498)
	at junit.framework.TestCase.runTest(TestCase.java:176)
	at org.activiti.engine.impl.test.PvmTestCase.runTest(PvmTestCase.java:65)
	at junit.framework.TestCase.runBare(TestCase.java:141)
	at org.activiti.engine.impl.test.AbstractActivitiTestCase.runBare(AbstractActivitiTestCase.java:100)
	at junit.framework.TestResult$1.protect(TestResult.java:122)
	at junit.framework.TestResult.runProtected(TestResult.java:142)
	at junit.framework.TestResult.run(TestResult.java:125)
	at junit.framework.TestCase.run(TestCase.java:129)
	at junit.framework.TestSuite.runTest(TestSuite.java:255)
	at junit.framework.TestSuite.run(TestSuite.java:250)
	at org.junit.internal.runners.JUnit38ClassRunner.run(JUnit38ClassRunner.java:84)
	at org.apache.maven.surefire.junit4.JUnit4TestSet.execute(JUnit4TestSet.java:35)
	at org.apache.maven.surefire.junit4.JUnit4Provider.executeTestSet(JUnit4Provider.java:146)
	at org.apache.maven.surefire.junit4.JUnit4Provider.invoke(JUnit4Provider.java:97)
	at sun.reflect.NativeMethodAccessorImpl.invoke0(Native Method)
	at sun.reflect.NativeMethodAccessorImpl.invoke(NativeMethodAccessorImpl.java:62)
	at sun.reflect.DelegatingMethodAccessorImpl.invoke(DelegatingMethodAccessorImpl.java:43)
	at java.lang.reflect.Method.invoke(Method.java:498)
	at org.apache.maven.surefire.booter.ProviderFactory$ClassLoaderProxy.invoke(ProviderFactory.java:103)
	at com.sun.proxy.$Proxy0.invoke(Unknown Source)
	at org.apache.maven.surefire.booter.SurefireStarter.invokeProvider(SurefireStarter.java:145)
	at org.apache.maven.surefire.booter.SurefireStarter.runSuitesInProcess(SurefireStarter.java:87)
	at org.apache.maven.surefire.booter.ForkedBooter.main(ForkedBooter.java:69)
Caused by: org.h2.jdbc.JdbcSQLException: Syntax error in SQL statement &quot;SELECT RES.* 
     
    FROM ACT_RU_JOB RES
     
      
   
     ORDER BY  ORDER[*] BY RES.ID_ ASC  
    LIMIT ? OFFSET ? &quot;; expected &quot;=, NOT, EXISTS, INTERSECTS, SELECT, FROM&quot;; SQL statement:
select RES.* 
     
    from ACT_RU_JOB RES
     
      
   
     order by  order by RES.ID_ asc  
    LIMIT ? OFFSET ? [42001-176]
	at org.h2.message.DbException.getJdbcSQLException(DbException.java:344)
	at org.h2.message.DbException.getSyntaxError(DbException.java:204)
	at org.h2.command.Parser.getSyntaxError(Parser.java:524)
	at org.h2.command.Parser.readTerm(Parser.java:2688)
	at org.h2.command.Parser.readFactor(Parser.java:2244)
	at org.h2.command.Parser.readSum(Parser.java:2231)
	at org.h2.command.Parser.readConcat(Parser.java:2201)
	at org.h2.command.Parser.readCondition(Parser.java:2051)
	at org.h2.command.Parser.readAnd(Parser.java:2023)
	at org.h2.command.Parser.readExpression(Parser.java:2015)
	at org.h2.command.Parser.parseEndOfQuery(Parser.java:1726)
	at org.h2.command.Parser.parseSelectUnionExtension(Parser.java:1706)
	at org.h2.command.Parser.parseSelectUnion(Parser.java:1675)
	at org.h2.command.Parser.parseSelect(Parser.java:1662)
	at org.h2.command.Parser.parsePrepared(Parser.java:434)
	at org.h2.command.Parser.parse(Parser.java:306)
	at org.h2.command.Parser.parse(Parser.java:282)
	at org.h2.command.Parser.prepareCommand(Parser.java:243)
	at org.h2.engine.Session.prepareLocal(Session.java:442)
	at org.h2.engine.Session.prepareCommand(Session.java:384)
	at org.h2.jdbc.JdbcConnection.prepareCommand(JdbcConnection.java:1188)
	at org.h2.jdbc.JdbcPreparedStatement.&lt;init&gt;(JdbcPreparedStatement.java:73)
	at org.h2.jdbc.JdbcConnection.prepareStatement(JdbcConnection.java:276)
	at sun.reflect.GeneratedMethodAccessor6.invoke(Unknown Source)
	at sun.reflect.DelegatingMethodAccessorImpl.invoke(DelegatingMethodAccessorImpl.java:43)
	at java.lang.reflect.Method.invoke(Method.java:498)
	at org.apache.ibatis.datasource.pooled.PooledConnection.invoke(PooledConnection.java:245)
	at com.sun.proxy.$Proxy12.prepareStatement(Unknown Source)
	at sun.reflect.GeneratedMethodAccessor6.invoke(Unknown Source)
	at sun.reflect.DelegatingMethodAccessorImpl.invoke(DelegatingMethodAccessorImpl.java:43)
	at java.lang.reflect.Method.invoke(Method.java:498)
	at org.apache.ibatis.logging.jdbc.ConnectionLogger.invoke(ConnectionLogger.java:55)
	at com.sun.proxy.$Proxy12.prepareStatement(Unknown Source)
	at org.apache.ibatis.executor.statement.PreparedStatementHandler.instantiateStatement(PreparedStatementHandler.java:79)
	at org.apache.ibatis.executor.statement.BaseStatementHandler.prepare(BaseStatementHandler.java:88)
	at org.apache.ibatis.executor.statement.RoutingStatementHandler.prepare(RoutingStatementHandler.java:58)
	at org.apache.ibatis.executor.SimpleExecutor.prepareStatement(SimpleExecutor.java:76)
	at org.apache.ibatis.executor.SimpleExecutor.doQuery(SimpleExecutor.java:61)
	at org.apache.ibatis.executor.BaseExecutor.queryFromDatabase(BaseExecutor.java:303)
	at org.apache.ibatis.executor.BaseExecutor.query(BaseExecutor.java:154)
	at org.apache.ibatis.executor.CachingExecutor.query(CachingExecutor.java:102)
	at org.apache.ibatis.executor.CachingExecutor.query(CachingExecutor.java:82)
	at org.apache.ibatis.session.defaults.DefaultSqlSession.selectList(DefaultSqlSession.java:120)
	... 45 more
10:46:58,129 [main] DEBUG org.activiti.engine.impl.cfg.standalone.StandaloneMybatisTransactionContext  - firing event rolling back...
10:46:58,129 [main] DEBUG org.activiti.engine.impl.cfg.standalone.StandaloneMybatisTransactionContext  - rolling back ibatis sql session...
10:46:58,129 [main] DEBUG org.activiti.engine.impl.cfg.standalone.StandaloneMybatisTransactionContext  - firing event rolled back...
10:46:58,129 [main] DEBUG org.apache.ibatis.transaction.jdbc.JdbcTransaction  - Resetting autocommit to true on JDBC Connection [conn4: url=jdbc:h2:mem:activiti user=SA]
10:46:58,129 [main] DEBUG org.apache.ibatis.transaction.jdbc.JdbcTransaction  - Closing JDBC Connection [conn4: url=jdbc:h2:mem:activiti user=SA]
10:46:58,129 [main] DEBUG org.apache.ibatis.datasource.pooled.PooledDataSource  - Returned connection 297240765 to pool.
10:46:58,129 [main] DEBUG org.activiti.engine.impl.interceptor.LogInterceptor  - --- JobQueryImpl finished --------------------------------------------------------
10:46:58,129 [main] DEBUG org.activiti.engine.impl.interceptor.LogInterceptor  - 

10:46:58,632 [Thread-48] DEBUG org.activiti.engine.impl.asyncexecutor.AcquireAsyncJobsDueRunnable  - async job acquisition thread woke up
10:46:58,632 [main] DEBUG org.activiti.engine.impl.interceptor.LogInterceptor  - 

10:46:58,632 [Thread-47] DEBUG org.activiti.engine.impl.asyncexecutor.AcquireTimerJobsRunnable  - timer job acquisition thread woke up
10:46:58,632 [main] DEBUG org.activiti.engine.impl.interceptor.LogInterceptor  - --- starting JobQueryImpl --------------------------------------------------------
10:46:58,632 [Thread-48] DEBUG org.activiti.engine.impl.interceptor.LogInterceptor  - 

10:46:58,632 [Thread-47] DEBUG org.activiti.engine.impl.interceptor.LogInterceptor  - 

10:46:58,632 [Thread-47] DEBUG org.activiti.engine.impl.interceptor.LogInterceptor  - --- starting AcquireTimerJobsCmd --------------------------------------------------------
10:46:58,632 [Thread-48] DEBUG org.activiti.engine.impl.interceptor.LogInterceptor  - --- starting AcquireAsyncJobsDueCmd --------------------------------------------------------
10:46:58,632 [Thread-47] DEBUG org.apache.ibatis.transaction.jdbc.JdbcTransaction  - Opening JDBC Connection
10:46:58,632 [Thread-47] DEBUG org.apache.ibatis.datasource.pooled.PooledDataSource  - Checked out connection 486346394 from pool.
10:46:58,632 [main] DEBUG org.apache.ibatis.transaction.jdbc.JdbcTransaction  - Opening JDBC Connection
10:46:58,632 [main] DEBUG org.apache.ibatis.datasource.pooled.PooledDataSource  - Checked out connection 180014677 from pool.
10:46:58,632 [main] DEBUG org.apache.ibatis.transaction.jdbc.JdbcTransaction  - Setting autocommit to false on JDBC Connection [conn3: url=jdbc:h2:mem:activiti user=SA]
10:46:58,632 [Thread-47] DEBUG org.apache.ibatis.transaction.jdbc.JdbcTransaction  - Setting autocommit to false on JDBC Connection [conn6: url=jdbc:h2:mem:activiti user=SA]
10:46:58,632 [Thread-48] DEBUG org.apache.ibatis.transaction.jdbc.JdbcTransaction  - Opening JDBC Connection
10:46:58,632 [Thread-48] DEBUG org.apache.ibatis.datasource.pooled.PooledDataSource  - Checked out connection 363509958 from pool.
10:46:58,632 [Thread-48] DEBUG org.apache.ibatis.transaction.jdbc.JdbcTransaction  - Setting autocommit to false on JDBC Connection [conn2: url=jdbc:h2:mem:activiti user=SA]
10:46:58,632 [Thread-47] DEBUG org.activiti.engine.impl.persistence.entity.JobEntity.selectNextTimerJobsToExecute  - ==&gt;  Preparing: select RES.* from ACT_RU_JOB RES LEFT OUTER JOIN ACT_RU_EXECUTION PI ON PI.ID_ = RES.PROCESS_INSTANCE_ID_ where (RES.RETRIES_ &gt; 0) and (RES.DUEDATE_ is null or RES.DUEDATE_ &lt;= ?) and (RES.LOCK_OWNER_ is null or RES.LOCK_EXP_TIME_ &lt;= ?) and TYPE_ = &apos;timer&apos; and ( (RES.EXECUTION_ID_ is null) or (PI.SUSPENSION_STATE_ = 1) ) LIMIT ? OFFSET ? 
10:46:58,632 [main] DEBUG org.activiti.engine.impl.persistence.entity.JobEntity.selectJobByQueryCriteria  - ==&gt;  Preparing: select RES.* from ACT_RU_JOB RES order by order by RES.ID_ asc LIMIT ? OFFSET ? 
10:46:58,632 [Thread-48] DEBUG org.activiti.engine.impl.persistence.entity.JobEntity.selectAsyncJobsDueToExecute  - ==&gt;  Preparing: select RES.* from ACT_RU_JOB RES LEFT OUTER JOIN ACT_RU_EXECUTION PI ON PI.ID_ = RES.PROCESS_INSTANCE_ID_ where RES.RETRIES_ &gt; 0 and RES.DUEDATE_ is not null and RES.DUEDATE_ &lt;= ? and (RES.LOCK_EXP_TIME_ is null or RES.LOCK_EXP_TIME_ &lt;= ?) and TYPE_ = &apos;message&apos; and ( (RES.EXECUTION_ID_ is null) or (PI.SUSPENSION_STATE_ = 1) ) LIMIT ? OFFSET ? 
10:46:58,633 [Thread-47] DEBUG org.activiti.engine.impl.persistence.entity.JobEntity.selectNextTimerJobsToExecute  - ==&gt; Parameters: 2023-03-20 10:46:46.742(Timestamp), 2023-03-20 10:46:46.742(Timestamp), 1(Integer), 0(Integer)
10:46:58,633 [main] DEBUG org.activiti.engine.impl.interceptor.CommandContext  - Error while closing command context
org.apache.ibatis.exceptions.PersistenceException: 
### Error querying database.  Cause: org.h2.jdbc.JdbcSQLException: Syntax error in SQL statement &quot;SELECT RES.* 
     
    FROM ACT_RU_JOB RES
     
      
   
     ORDER BY  ORDER[*] BY RES.ID_ ASC  
    LIMIT ? OFFSET ? &quot;; expected &quot;=, NOT, EXISTS, INTERSECTS, SELECT, FROM&quot;; SQL statement:
select RES.* 
     
    from ACT_RU_JOB RES
     
      
   
     order by  order by RES.ID_ asc  
    LIMIT ? OFFSET ? [42001-176]
### The error may exist in org/activiti/db/mapping/entity/Job.xml
### The error may involve org.activiti.engine.impl.persistence.entity.JobEntity.selectJobByQueryCriteria
### The error occurred while executing a query
### SQL: select RES.*            from ACT_RU_JOB RES                       order by  order by RES.ID_ asc       LIMIT ? OFFSET ?
### Cause: org.h2.jdbc.JdbcSQLException: Syntax error in SQL statement &quot;SELECT RES.* 
     
    FROM ACT_RU_JOB RES
     
      
   
     ORDER BY  ORDER[*] BY RES.ID_ ASC  
    LIMIT ? OFFSET ? &quot;; expected &quot;=, NOT, EXISTS, INTERSECTS, SELECT, FROM&quot;; SQL statement:
select RES.* 
     
    from ACT_RU_JOB RES
     
      
   
     order by  order by RES.ID_ asc  
    LIMIT ? OFFSET ? [42001-176]
	at org.apache.ibatis.exceptions.ExceptionFactory.wrapException(ExceptionFactory.java:30)
	at org.apache.ibatis.session.defaults.DefaultSqlSession.selectList(DefaultSqlSession.java:122)
	at org.apache.ibatis.session.defaults.DefaultSqlSession.selectList(DefaultSqlSession.java:113)
	at org.activiti.engine.impl.db.DbSqlSession.selectListWithRawParameter(DbSqlSession.java:438)
	at org.activiti.engine.impl.db.DbSqlSession.selectList(DbSqlSession.java:429)
	at org.activiti.engine.impl.db.DbSqlSession.selectList(DbSqlSession.java:419)
	at org.activiti.engine.impl.persistence.entity.JobEntityManager.findJobsByQueryCriteria(JobEntityManager.java:198)
	at org.activiti.engine.impl.JobQueryImpl.executeList(JobQueryImpl.java:243)
	at org.activiti.engine.impl.AbstractQuery.execute(AbstractQuery.java:164)
	at org.activiti.engine.impl.interceptor.CommandInvoker.execute(CommandInvoker.java:24)
	at org.activiti.engine.impl.interceptor.CommandContextInterceptor.execute(CommandContextInterceptor.java:57)
	at org.activiti.engine.impl.interceptor.LogInterceptor.execute(LogInterceptor.java:37)
	at org.activiti.engine.impl.cfg.CommandExecutorImpl.execute(CommandExecutorImpl.java:40)
	at org.activiti.engine.impl.cfg.CommandExecutorImpl.execute(CommandExecutorImpl.java:35)
	at org.activiti.engine.impl.AbstractQuery.list(AbstractQuery.java:138)
	at org.activiti.engine.impl.test.JobTestHelper.areJobsAvailable(JobTestHelper.java:194)
	at org.activiti.engine.impl.test.JobTestHelper.waitForJobExecutorToProcessAllJobs(JobTestHelper.java:74)
	at org.activiti.engine.impl.test.JobTestHelper.waitForJobExecutorToProcessAllJobs(JobTestHelper.java:47)
	at org.activiti.engine.impl.test.AbstractActivitiTestCase.waitForJobExecutorToProcessAllJobs(AbstractActivitiTestCase.java:204)
	at org.activiti.engine.test.bpmn.servicetask.ServiceTaskVariablesTest.testSerializedVariablesBothAsync(ServiceTaskVariablesTest.java:80)
	at sun.reflect.NativeMethodAccessorImpl.invoke0(Native Method)
	at sun.reflect.NativeMethodAccessorImpl.invoke(NativeMethodAccessorImpl.java:62)
	at sun.reflect.DelegatingMethodAccessorImpl.invoke(DelegatingMethodAccessorImpl.java:43)
	at java.lang.reflect.Method.invoke(Method.java:498)
	at junit.framework.TestCase.runTest(TestCase.java:176)
	at org.activiti.engine.impl.test.PvmTestCase.runTest(PvmTestCase.java:65)
	at junit.framework.TestCase.runBare(TestCase.java:141)
	at org.activiti.engine.impl.test.AbstractActivitiTestCase.runBare(AbstractActivitiTestCase.java:100)
	at junit.framework.TestResult$1.protect(TestResult.java:122)
	at junit.framework.TestResult.runProtected(TestResult.java:142)
	at junit.framework.TestResult.run(TestResult.java:125)
	at junit.framework.TestCase.run(TestCase.java:129)
	at junit.framework.TestSuite.runTest(TestSuite.java:255)
	at junit.framework.TestSuite.run(TestSuite.java:250)
	at org.junit.internal.runners.JUnit38ClassRunner.run(JUnit38ClassRunner.java:84)
	at org.apache.maven.surefire.junit4.JUnit4TestSet.execute(JUnit4TestSet.java:35)
	at org.apache.maven.surefire.junit4.JUnit4Provider.executeTestSet(JUnit4Provider.java:146)
	at org.apache.maven.surefire.junit4.JUnit4Provider.invoke(JUnit4Provider.java:97)
	at sun.reflect.NativeMethodAccessorImpl.invoke0(Native Method)
	at sun.reflect.NativeMethodAccessorImpl.invoke(NativeMethodAccessorImpl.java:62)
	at sun.reflect.DelegatingMethodAccessorImpl.invoke(DelegatingMethodAccessorImpl.java:43)
	at java.lang.reflect.Method.invoke(Method.java:498)
	at org.apache.maven.surefire.booter.ProviderFactory$ClassLoaderProxy.invoke(ProviderFactory.java:103)
	at com.sun.proxy.$Proxy0.invoke(Unknown Source)
	at org.apache.maven.surefire.booter.SurefireStarter.invokeProvider(SurefireStarter.java:145)
	at org.apache.maven.surefire.booter.SurefireStarter.runSuitesInProcess(SurefireStarter.java:87)
	at org.apache.maven.surefire.booter.ForkedBooter.main(ForkedBooter.java:69)
Caused by: org.h2.jdbc.JdbcSQLException: Syntax error in SQL statement &quot;SELECT RES.* 
     
    FROM ACT_RU_JOB RES
     
      
   
     ORDER BY  ORDER[*] BY RES.ID_ ASC  
    LIMIT ? OFFSET ? &quot;; expected &quot;=, NOT, EXISTS, INTERSECTS, SELECT, FROM&quot;; SQL statement:
select RES.* 
     
    from ACT_RU_JOB RES
     
      
   
     order by  order by RES.ID_ asc  
    LIMIT ? OFFSET ? [42001-176]
	at org.h2.message.DbException.getJdbcSQLException(DbException.java:344)
	at org.h2.message.DbException.getSyntaxError(DbException.java:204)
	at org.h2.command.Parser.getSyntaxError(Parser.java:524)
	at org.h2.command.Parser.readTerm(Parser.java:2688)
	at org.h2.command.Parser.readFactor(Parser.java:2244)
	at org.h2.command.Parser.readSum(Parser.java:2231)
	at org.h2.command.Parser.readConcat(Parser.java:2201)
	at org.h2.command.Parser.readCondition(Parser.java:2051)
	at org.h2.command.Parser.readAnd(Parser.java:2023)
	at org.h2.command.Parser.readExpression(Parser.java:2015)
	at org.h2.command.Parser.parseEndOfQuery(Parser.java:1726)
	at org.h2.command.Parser.parseSelectUnionExtension(Parser.java:1706)
	at org.h2.command.Parser.parseSelectUnion(Parser.java:1675)
	at org.h2.command.Parser.parseSelect(Parser.java:1662)
	at org.h2.command.Parser.parsePrepared(Parser.java:434)
	at org.h2.command.Parser.parse(Parser.java:306)
	at org.h2.command.Parser.parse(Parser.java:282)
	at org.h2.command.Parser.prepareCommand(Parser.java:243)
	at org.h2.engine.Session.prepareLocal(Session.java:442)
	at org.h2.engine.Session.prepareCommand(Session.java:384)
	at org.h2.jdbc.JdbcConnection.prepareCommand(JdbcConnection.java:1188)
	at org.h2.jdbc.JdbcPreparedStatement.&lt;init&gt;(JdbcPreparedStatement.java:73)
	at org.h2.jdbc.JdbcConnection.prepareStatement(JdbcConnection.java:276)
	at sun.reflect.GeneratedMethodAccessor6.invoke(Unknown Source)
	at sun.reflect.DelegatingMethodAccessorImpl.invoke(DelegatingMethodAccessorImpl.java:43)
	at java.lang.reflect.Method.invoke(Method.java:498)
	at org.apache.ibatis.datasource.pooled.PooledConnection.invoke(PooledConnection.java:245)
	at com.sun.proxy.$Proxy12.prepareStatement(Unknown Source)
	at sun.reflect.GeneratedMethodAccessor6.invoke(Unknown Source)
	at sun.reflect.DelegatingMethodAccessorImpl.invoke(DelegatingMethodAccessorImpl.java:43)
	at java.lang.reflect.Method.invoke(Method.java:498)
	at org.apache.ibatis.logging.jdbc.ConnectionLogger.invoke(ConnectionLogger.java:55)
	at com.sun.proxy.$Proxy12.prepareStatement(Unknown Source)
	at org.apache.ibatis.executor.statement.PreparedStatementHandler.instantiateStatement(PreparedStatementHandler.java:79)
	at org.apache.ibatis.executor.statement.BaseStatementHandler.prepare(BaseStatementHandler.java:88)
	at org.apache.ibatis.executor.statement.RoutingStatementHandler.prepare(RoutingStatementHandler.java:58)
	at org.apache.ibatis.executor.SimpleExecutor.prepareStatement(SimpleExecutor.java:76)
	at org.apache.ibatis.executor.SimpleExecutor.doQuery(SimpleExecutor.java:61)
	at org.apache.ibatis.executor.BaseExecutor.queryFromDatabase(BaseExecutor.java:303)
	at org.apache.ibatis.executor.BaseExecutor.query(BaseExecutor.java:154)
	at org.apache.ibatis.executor.CachingExecutor.query(CachingExecutor.java:102)
	at org.apache.ibatis.executor.CachingExecutor.query(CachingExecutor.java:82)
	at org.apache.ibatis.session.defaults.DefaultSqlSession.selectList(DefaultSqlSession.java:120)
	... 45 more
10:46:58,633 [main] DEBUG org.activiti.engine.impl.cfg.standalone.StandaloneMybatisTransactionContext  - firing event rolling back...
10:46:58,633 [main] DEBUG org.activiti.engine.impl.cfg.standalone.StandaloneMybatisTransactionContext  - rolling back ibatis sql session...
10:46:58,633 [Thread-48] DEBUG org.activiti.engine.impl.persistence.entity.JobEntity.selectAsyncJobsDueToExecute  - ==&gt; Parameters: 2023-03-20 10:46:46.742(Timestamp), 2023-03-20 10:46:46.742(Timestamp), 1(Integer), 0(Integer)
10:46:58,633 [main] DEBUG org.activiti.engine.impl.cfg.standalone.StandaloneMybatisTransactionContext  - firing event rolled back...
10:46:58,633 [main] DEBUG org.apache.ibatis.transaction.jdbc.JdbcTransaction  - Resetting autocommit to true on JDBC Connection [conn3: url=jdbc:h2:mem:activiti user=SA]
10:46:58,633 [main] DEBUG org.apache.ibatis.transaction.jdbc.JdbcTransaction  - Closing JDBC Connection [conn3: url=jdbc:h2:mem:activiti user=SA]
10:46:58,633 [main] DEBUG org.apache.ibatis.datasource.pooled.PooledDataSource  - Returned connection 180014677 to pool.
10:46:58,633 [main] DEBUG org.activiti.engine.impl.interceptor.LogInterceptor  - --- JobQueryImpl finished --------------------------------------------------------
10:46:58,633 [main] DEBUG org.activiti.engine.impl.interceptor.LogInterceptor  - 

10:46:58,633 [Thread-47] DEBUG org.activiti.engine.impl.persistence.entity.JobEntity.selectNextTimerJobsToExecute  - &lt;==      Total: 0
10:46:58,633 [Thread-48] DEBUG org.activiti.engine.impl.persistence.entity.JobEntity.selectAsyncJobsDueToExecute  - &lt;==      Total: 0
10:46:58,633 [Thread-47] DEBUG org.activiti.engine.impl.db.DbSqlSession  - flush summary: 0 insert, 0 update, 0 delete.
10:46:58,633 [Thread-47] DEBUG org.activiti.engine.impl.db.DbSqlSession  - now executing flush...
10:46:58,633 [Thread-48] DEBUG org.activiti.engine.impl.db.DbSqlSession  - flush summary: 0 insert, 0 update, 0 delete.
10:46:58,633 [Thread-48] DEBUG org.activiti.engine.impl.db.DbSqlSession  - now executing flush...
10:46:58,634 [Thread-48] DEBUG org.activiti.engine.impl.cfg.standalone.StandaloneMybatisTransactionContext  - firing event committing...
10:46:58,634 [Thread-48] DEBUG org.activiti.engine.impl.cfg.standalone.StandaloneMybatisTransactionContext  - committing the ibatis sql session...
10:46:58,634 [Thread-48] DEBUG org.activiti.engine.impl.cfg.standalone.StandaloneMybatisTransactionContext  - firing event committed...
10:46:58,634 [Thread-48] DEBUG org.apache.ibatis.transaction.jdbc.JdbcTransaction  - Resetting autocommit to true on JDBC Connection [conn2: url=jdbc:h2:mem:activiti user=SA]
10:46:58,634 [Thread-48] DEBUG org.apache.ibatis.transaction.jdbc.JdbcTransaction  - Closing JDBC Connection [conn2: url=jdbc:h2:mem:activiti user=SA]
10:46:58,634 [Thread-48] DEBUG org.apache.ibatis.datasource.pooled.PooledDataSource  - Returned connection 363509958 to pool.
10:46:58,634 [Thread-48] DEBUG org.activiti.engine.impl.interceptor.LogInterceptor  - --- AcquireAsyncJobsDueCmd finished --------------------------------------------------------
10:46:58,634 [Thread-48] DEBUG org.activiti.engine.impl.interceptor.LogInterceptor  - 

10:46:58,633 [Thread-47] DEBUG org.activiti.engine.impl.cfg.standalone.StandaloneMybatisTransactionContext  - firing event committing...
10:46:58,634 [Thread-47] DEBUG org.activiti.engine.impl.cfg.standalone.StandaloneMybatisTransactionContext  - committing the ibatis sql session...
10:46:58,634 [Thread-47] DEBUG org.activiti.engine.impl.cfg.standalone.StandaloneMybatisTransactionContext  - firing event committed...
10:46:58,634 [Thread-47] DEBUG org.apache.ibatis.transaction.jdbc.JdbcTransaction  - Resetting autocommit to true on JDBC Connection [conn6: url=jdbc:h2:mem:activiti user=SA]
10:46:58,634 [Thread-47] DEBUG org.apache.ibatis.transaction.jdbc.JdbcTransaction  - Closing JDBC Connection [conn6: url=jdbc:h2:mem:activiti user=SA]
10:46:58,634 [Thread-47] DEBUG org.apache.ibatis.datasource.pooled.PooledDataSource  - Returned connection 486346394 to pool.
10:46:58,634 [Thread-47] DEBUG org.activiti.engine.impl.interceptor.LogInterceptor  - --- AcquireTimerJobsCmd finished --------------------------------------------------------
10:46:58,634 [Thread-47] DEBUG org.activiti.engine.impl.interceptor.LogInterceptor  - 

10:46:58,634 [Thread-48] DEBUG org.activiti.engine.impl.asyncexecutor.AcquireAsyncJobsDueRunnable  - async job acquisition thread sleeping for 1000 millis
10:46:58,634 [Thread-47] DEBUG org.activiti.engine.impl.asyncexecutor.AcquireTimerJobsRunnable  - timer job acquisition thread sleeping for 1000 millis
10:46:59,147 [main] DEBUG org.activiti.engine.impl.interceptor.LogInterceptor  - 

10:46:59,147 [main] DEBUG org.activiti.engine.impl.interceptor.LogInterceptor  - --- starting JobQueryImpl --------------------------------------------------------
10:46:59,147 [main] DEBUG org.apache.ibatis.transaction.jdbc.JdbcTransaction  - Opening JDBC Connection
10:46:59,147 [main] DEBUG org.apache.ibatis.datasource.pooled.PooledDataSource  - Checked out connection 297240765 from pool.
10:46:59,147 [main] DEBUG org.apache.ibatis.transaction.jdbc.JdbcTransaction  - Setting autocommit to false on JDBC Connection [conn4: url=jdbc:h2:mem:activiti user=SA]
10:46:59,147 [main] DEBUG org.activiti.engine.impl.persistence.entity.JobEntity.selectJobByQueryCriteria  - ==&gt;  Preparing: select RES.* from ACT_RU_JOB RES order by order by RES.ID_ asc LIMIT ? OFFSET ? 
10:46:59,148 [main] DEBUG org.activiti.engine.impl.interceptor.CommandContext  - Error while closing command context
org.apache.ibatis.exceptions.PersistenceException: 
### Error querying database.  Cause: org.h2.jdbc.JdbcSQLException: Syntax error in SQL statement &quot;SELECT RES.* 
     
    FROM ACT_RU_JOB RES
     
      
   
     ORDER BY  ORDER[*] BY RES.ID_ ASC  
    LIMIT ? OFFSET ? &quot;; expected &quot;=, NOT, EXISTS, INTERSECTS, SELECT, FROM&quot;; SQL statement:
select RES.* 
     
    from ACT_RU_JOB RES
     
      
   
     order by  order by RES.ID_ asc  
    LIMIT ? OFFSET ? [42001-176]
### The error may exist in org/activiti/db/mapping/entity/Job.xml
### The error may involve org.activiti.engine.impl.persistence.entity.JobEntity.selectJobByQueryCriteria
### The error occurred while executing a query
### SQL: select RES.*            from ACT_RU_JOB RES                       order by  order by RES.ID_ asc       LIMIT ? OFFSET ?
### Cause: org.h2.jdbc.JdbcSQLException: Syntax error in SQL statement &quot;SELECT RES.* 
     
    FROM ACT_RU_JOB RES
     
      
   
     ORDER BY  ORDER[*] BY RES.ID_ ASC  
    LIMIT ? OFFSET ? &quot;; expected &quot;=, NOT, EXISTS, INTERSECTS, SELECT, FROM&quot;; SQL statement:
select RES.* 
     
    from ACT_RU_JOB RES
     
      
   
     order by  order by RES.ID_ asc  
    LIMIT ? OFFSET ? [42001-176]
	at org.apache.ibatis.exceptions.ExceptionFactory.wrapException(ExceptionFactory.java:30)
	at org.apache.ibatis.session.defaults.DefaultSqlSession.selectList(DefaultSqlSession.java:122)
	at org.apache.ibatis.session.defaults.DefaultSqlSession.selectList(DefaultSqlSession.java:113)
	at org.activiti.engine.impl.db.DbSqlSession.selectListWithRawParameter(DbSqlSession.java:438)
	at org.activiti.engine.impl.db.DbSqlSession.selectList(DbSqlSession.java:429)
	at org.activiti.engine.impl.db.DbSqlSession.selectList(DbSqlSession.java:419)
	at org.activiti.engine.impl.persistence.entity.JobEntityManager.findJobsByQueryCriteria(JobEntityManager.java:198)
	at org.activiti.engine.impl.JobQueryImpl.executeList(JobQueryImpl.java:243)
	at org.activiti.engine.impl.AbstractQuery.execute(AbstractQuery.java:164)
	at org.activiti.engine.impl.interceptor.CommandInvoker.execute(CommandInvoker.java:24)
	at org.activiti.engine.impl.interceptor.CommandContextInterceptor.execute(CommandContextInterceptor.java:57)
	at org.activiti.engine.impl.interceptor.LogInterceptor.execute(LogInterceptor.java:37)
	at org.activiti.engine.impl.cfg.CommandExecutorImpl.execute(CommandExecutorImpl.java:40)
	at org.activiti.engine.impl.cfg.CommandExecutorImpl.execute(CommandExecutorImpl.java:35)
	at org.activiti.engine.impl.AbstractQuery.list(AbstractQuery.java:138)
	at org.activiti.engine.impl.test.JobTestHelper.areJobsAvailable(JobTestHelper.java:194)
	at org.activiti.engine.impl.test.JobTestHelper.waitForJobExecutorToProcessAllJobs(JobTestHelper.java:74)
	at org.activiti.engine.impl.test.JobTestHelper.waitForJobExecutorToProcessAllJobs(JobTestHelper.java:47)
	at org.activiti.engine.impl.test.AbstractActivitiTestCase.waitForJobExecutorToProcessAllJobs(AbstractActivitiTestCase.java:204)
	at org.activiti.engine.test.bpmn.servicetask.ServiceTaskVariablesTest.testSerializedVariablesBothAsync(ServiceTaskVariablesTest.java:80)
	at sun.reflect.NativeMethodAccessorImpl.invoke0(Native Method)
	at sun.reflect.NativeMethodAccessorImpl.invoke(NativeMethodAccessorImpl.java:62)
	at sun.reflect.DelegatingMethodAccessorImpl.invoke(DelegatingMethodAccessorImpl.java:43)
	at java.lang.reflect.Method.invoke(Method.java:498)
	at junit.framework.TestCase.runTest(TestCase.java:176)
	at org.activiti.engine.impl.test.PvmTestCase.runTest(PvmTestCase.java:65)
	at junit.framework.TestCase.runBare(TestCase.java:141)
	at org.activiti.engine.impl.test.AbstractActivitiTestCase.runBare(AbstractActivitiTestCase.java:100)
	at junit.framework.TestResult$1.protect(TestResult.java:122)
	at junit.framework.TestResult.runProtected(TestResult.java:142)
	at junit.framework.TestResult.run(TestResult.java:125)
	at junit.framework.TestCase.run(TestCase.java:129)
	at junit.framework.TestSuite.runTest(TestSuite.java:255)
	at junit.framework.TestSuite.run(TestSuite.java:250)
	at org.junit.internal.runners.JUnit38ClassRunner.run(JUnit38ClassRunner.java:84)
	at org.apache.maven.surefire.junit4.JUnit4TestSet.execute(JUnit4TestSet.java:35)
	at org.apache.maven.surefire.junit4.JUnit4Provider.executeTestSet(JUnit4Provider.java:146)
	at org.apache.maven.surefire.junit4.JUnit4Provider.invoke(JUnit4Provider.java:97)
	at sun.reflect.NativeMethodAccessorImpl.invoke0(Native Method)
	at sun.reflect.NativeMethodAccessorImpl.invoke(NativeMethodAccessorImpl.java:62)
	at sun.reflect.DelegatingMethodAccessorImpl.invoke(DelegatingMethodAccessorImpl.java:43)
	at java.lang.reflect.Method.invoke(Method.java:498)
	at org.apache.maven.surefire.booter.ProviderFactory$ClassLoaderProxy.invoke(ProviderFactory.java:103)
	at com.sun.proxy.$Proxy0.invoke(Unknown Source)
	at org.apache.maven.surefire.booter.SurefireStarter.invokeProvider(SurefireStarter.java:145)
	at org.apache.maven.surefire.booter.SurefireStarter.runSuitesInProcess(SurefireStarter.java:87)
	at org.apache.maven.surefire.booter.ForkedBooter.main(ForkedBooter.java:69)
Caused by: org.h2.jdbc.JdbcSQLException: Syntax error in SQL statement &quot;SELECT RES.* 
     
    FROM ACT_RU_JOB RES
     
      
   
     ORDER BY  ORDER[*] BY RES.ID_ ASC  
    LIMIT ? OFFSET ? &quot;; expected &quot;=, NOT, EXISTS, INTERSECTS, SELECT, FROM&quot;; SQL statement:
select RES.* 
     
    from ACT_RU_JOB RES
     
      
   
     order by  order by RES.ID_ asc  
    LIMIT ? OFFSET ? [42001-176]
	at org.h2.message.DbException.getJdbcSQLException(DbException.java:344)
	at org.h2.message.DbException.getSyntaxError(DbException.java:204)
	at org.h2.command.Parser.getSyntaxError(Parser.java:524)
	at org.h2.command.Parser.readTerm(Parser.java:2688)
	at org.h2.command.Parser.readFactor(Parser.java:2244)
	at org.h2.command.Parser.readSum(Parser.java:2231)
	at org.h2.command.Parser.readConcat(Parser.java:2201)
	at org.h2.command.Parser.readCondition(Parser.java:2051)
	at org.h2.command.Parser.readAnd(Parser.java:2023)
	at org.h2.command.Parser.readExpression(Parser.java:2015)
	at org.h2.command.Parser.parseEndOfQuery(Parser.java:1726)
	at org.h2.command.Parser.parseSelectUnionExtension(Parser.java:1706)
	at org.h2.command.Parser.parseSelectUnion(Parser.java:1675)
	at org.h2.command.Parser.parseSelect(Parser.java:1662)
	at org.h2.command.Parser.parsePrepared(Parser.java:434)
	at org.h2.command.Parser.parse(Parser.java:306)
	at org.h2.command.Parser.parse(Parser.java:282)
	at org.h2.command.Parser.prepareCommand(Parser.java:243)
	at org.h2.engine.Session.prepareLocal(Session.java:442)
	at org.h2.engine.Session.prepareCommand(Session.java:384)
	at org.h2.jdbc.JdbcConnection.prepareCommand(JdbcConnection.java:1188)
	at org.h2.jdbc.JdbcPreparedStatement.&lt;init&gt;(JdbcPreparedStatement.java:73)
	at org.h2.jdbc.JdbcConnection.prepareStatement(JdbcConnection.java:276)
	at sun.reflect.GeneratedMethodAccessor6.invoke(Unknown Source)
	at sun.reflect.DelegatingMethodAccessorImpl.invoke(DelegatingMethodAccessorImpl.java:43)
	at java.lang.reflect.Method.invoke(Method.java:498)
	at org.apache.ibatis.datasource.pooled.PooledConnection.invoke(PooledConnection.java:245)
	at com.sun.proxy.$Proxy12.prepareStatement(Unknown Source)
	at sun.reflect.GeneratedMethodAccessor6.invoke(Unknown Source)
	at sun.reflect.DelegatingMethodAccessorImpl.invoke(DelegatingMethodAccessorImpl.java:43)
	at java.lang.reflect.Method.invoke(Method.java:498)
	at org.apache.ibatis.logging.jdbc.ConnectionLogger.invoke(ConnectionLogger.java:55)
	at com.sun.proxy.$Proxy12.prepareStatement(Unknown Source)
	at org.apache.ibatis.executor.statement.PreparedStatementHandler.instantiateStatement(PreparedStatementHandler.java:79)
	at org.apache.ibatis.executor.statement.BaseStatementHandler.prepare(BaseStatementHandler.java:88)
	at org.apache.ibatis.executor.statement.RoutingStatementHandler.prepare(RoutingStatementHandler.java:58)
	at org.apache.ibatis.executor.SimpleExecutor.prepareStatement(SimpleExecutor.java:76)
	at org.apache.ibatis.executor.SimpleExecutor.doQuery(SimpleExecutor.java:61)
	at org.apache.ibatis.executor.BaseExecutor.queryFromDatabase(BaseExecutor.java:303)
	at org.apache.ibatis.executor.BaseExecutor.query(BaseExecutor.java:154)
	at org.apache.ibatis.executor.CachingExecutor.query(CachingExecutor.java:102)
	at org.apache.ibatis.executor.CachingExecutor.query(CachingExecutor.java:82)
	at org.apache.ibatis.session.defaults.DefaultSqlSession.selectList(DefaultSqlSession.java:120)
	... 45 more
10:46:59,148 [main] DEBUG org.activiti.engine.impl.cfg.standalone.StandaloneMybatisTransactionContext  - firing event rolling back...
10:46:59,148 [main] DEBUG org.activiti.engine.impl.cfg.standalone.StandaloneMybatisTransactionContext  - rolling back ibatis sql session...
10:46:59,148 [main] DEBUG org.activiti.engine.impl.cfg.standalone.StandaloneMybatisTransactionContext  - firing event rolled back...
10:46:59,148 [main] DEBUG org.apache.ibatis.transaction.jdbc.JdbcTransaction  - Resetting autocommit to true on JDBC Connection [conn4: url=jdbc:h2:mem:activiti user=SA]
10:46:59,148 [main] DEBUG org.apache.ibatis.transaction.jdbc.JdbcTransaction  - Closing JDBC Connection [conn4: url=jdbc:h2:mem:activiti user=SA]
10:46:59,148 [main] DEBUG org.apache.ibatis.datasource.pooled.PooledDataSource  - Returned connection 297240765 to pool.
10:46:59,148 [main] DEBUG org.activiti.engine.impl.interceptor.LogInterceptor  - --- JobQueryImpl finished --------------------------------------------------------
10:46:59,148 [main] DEBUG org.activiti.engine.impl.interceptor.LogInterceptor  - 

10:46:59,647 [Thread-47] DEBUG org.activiti.engine.impl.asyncexecutor.AcquireTimerJobsRunnable  - timer job acquisition thread woke up
10:46:59,647 [Thread-47] DEBUG org.activiti.engine.impl.interceptor.LogInterceptor  - 

10:46:59,647 [Thread-48] DEBUG org.activiti.engine.impl.asyncexecutor.AcquireAsyncJobsDueRunnable  - async job acquisition thread woke up
10:46:59,647 [Thread-48] DEBUG org.activiti.engine.impl.interceptor.LogInterceptor  - 

10:46:59,647 [Thread-48] DEBUG org.activiti.engine.impl.interceptor.LogInterceptor  - --- starting AcquireAsyncJobsDueCmd --------------------------------------------------------
10:46:59,647 [Thread-47] DEBUG org.activiti.engine.impl.interceptor.LogInterceptor  - --- starting AcquireTimerJobsCmd --------------------------------------------------------
10:46:59,647 [Thread-48] DEBUG org.apache.ibatis.transaction.jdbc.JdbcTransaction  - Opening JDBC Connection
10:46:59,647 [Thread-48] DEBUG org.apache.ibatis.datasource.pooled.PooledDataSource  - Checked out connection 180014677 from pool.
10:46:59,647 [Thread-47] DEBUG org.apache.ibatis.transaction.jdbc.JdbcTransaction  - Opening JDBC Connection
10:46:59,647 [Thread-47] DEBUG org.apache.ibatis.datasource.pooled.PooledDataSource  - Checked out connection 363509958 from pool.
10:46:59,647 [Thread-48] DEBUG org.apache.ibatis.transaction.jdbc.JdbcTransaction  - Setting autocommit to false on JDBC Connection [conn3: url=jdbc:h2:mem:activiti user=SA]
10:46:59,647 [Thread-47] DEBUG org.apache.ibatis.transaction.jdbc.JdbcTransaction  - Setting autocommit to false on JDBC Connection [conn2: url=jdbc:h2:mem:activiti user=SA]
10:46:59,647 [Thread-48] DEBUG org.activiti.engine.impl.persistence.entity.JobEntity.selectAsyncJobsDueToExecute  - ==&gt;  Preparing: select RES.* from ACT_RU_JOB RES LEFT OUTER JOIN ACT_RU_EXECUTION PI ON PI.ID_ = RES.PROCESS_INSTANCE_ID_ where RES.RETRIES_ &gt; 0 and RES.DUEDATE_ is not null and RES.DUEDATE_ &lt;= ? and (RES.LOCK_EXP_TIME_ is null or RES.LOCK_EXP_TIME_ &lt;= ?) and TYPE_ = &apos;message&apos; and ( (RES.EXECUTION_ID_ is null) or (PI.SUSPENSION_STATE_ = 1) ) LIMIT ? OFFSET ? 
10:46:59,647 [Thread-47] DEBUG org.activiti.engine.impl.persistence.entity.JobEntity.selectNextTimerJobsToExecute  - ==&gt;  Preparing: select RES.* from ACT_RU_JOB RES LEFT OUTER JOIN ACT_RU_EXECUTION PI ON PI.ID_ = RES.PROCESS_INSTANCE_ID_ where (RES.RETRIES_ &gt; 0) and (RES.DUEDATE_ is null or RES.DUEDATE_ &lt;= ?) and (RES.LOCK_OWNER_ is null or RES.LOCK_EXP_TIME_ &lt;= ?) and TYPE_ = &apos;timer&apos; and ( (RES.EXECUTION_ID_ is null) or (PI.SUSPENSION_STATE_ = 1) ) LIMIT ? OFFSET ? 
10:46:59,647 [Thread-47] DEBUG org.activiti.engine.impl.persistence.entity.JobEntity.selectNextTimerJobsToExecute  - ==&gt; Parameters: 2023-03-20 10:46:46.742(Timestamp), 2023-03-20 10:46:46.742(Timestamp), 1(Integer), 0(Integer)
10:46:59,647 [Thread-48] DEBUG org.activiti.engine.impl.persistence.entity.JobEntity.selectAsyncJobsDueToExecute  - ==&gt; Parameters: 2023-03-20 10:46:46.742(Timestamp), 2023-03-20 10:46:46.742(Timestamp), 1(Integer), 0(Integer)
10:46:59,647 [Thread-47] DEBUG org.activiti.engine.impl.persistence.entity.JobEntity.selectNextTimerJobsToExecute  - &lt;==      Total: 0
10:46:59,647 [Thread-48] DEBUG org.activiti.engine.impl.persistence.entity.JobEntity.selectAsyncJobsDueToExecute  - &lt;==      Total: 0
10:46:59,647 [Thread-47] DEBUG org.activiti.engine.impl.db.DbSqlSession  - flush summary: 0 insert, 0 update, 0 delete.
10:46:59,647 [Thread-47] DEBUG org.activiti.engine.impl.db.DbSqlSession  - now executing flush...
10:46:59,647 [Thread-48] DEBUG org.activiti.engine.impl.db.DbSqlSession  - flush summary: 0 insert, 0 update, 0 delete.
10:46:59,647 [Thread-48] DEBUG org.activiti.engine.impl.db.DbSqlSession  - now executing flush...
10:46:59,647 [Thread-48] DEBUG org.activiti.engine.impl.cfg.standalone.StandaloneMybatisTransactionContext  - firing event committing...
10:46:59,647 [Thread-48] DEBUG org.activiti.engine.impl.cfg.standalone.StandaloneMybatisTransactionContext  - committing the ibatis sql session...
10:46:59,647 [Thread-48] DEBUG org.activiti.engine.impl.cfg.standalone.StandaloneMybatisTransactionContext  - firing event committed...
10:46:59,647 [Thread-48] DEBUG org.apache.ibatis.transaction.jdbc.JdbcTransaction  - Resetting autocommit to true on JDBC Connection [conn3: url=jdbc:h2:mem:activiti user=SA]
10:46:59,647 [Thread-48] DEBUG org.apache.ibatis.transaction.jdbc.JdbcTransaction  - Closing JDBC Connection [conn3: url=jdbc:h2:mem:activiti user=SA]
10:46:59,648 [Thread-48] DEBUG org.apache.ibatis.datasource.pooled.PooledDataSource  - Returned connection 180014677 to pool.
10:46:59,648 [Thread-48] DEBUG org.activiti.engine.impl.interceptor.LogInterceptor  - --- AcquireAsyncJobsDueCmd finished --------------------------------------------------------
10:46:59,648 [Thread-48] DEBUG org.activiti.engine.impl.interceptor.LogInterceptor  - 

10:46:59,647 [Thread-47] DEBUG org.activiti.engine.impl.cfg.standalone.StandaloneMybatisTransactionContext  - firing event committing...
10:46:59,648 [Thread-47] DEBUG org.activiti.engine.impl.cfg.standalone.StandaloneMybatisTransactionContext  - committing the ibatis sql session...
10:46:59,648 [Thread-47] DEBUG org.activiti.engine.impl.cfg.standalone.StandaloneMybatisTransactionContext  - firing event committed...
10:46:59,648 [Thread-47] DEBUG org.apache.ibatis.transaction.jdbc.JdbcTransaction  - Resetting autocommit to true on JDBC Connection [conn2: url=jdbc:h2:mem:activiti user=SA]
10:46:59,648 [Thread-47] DEBUG org.apache.ibatis.transaction.jdbc.JdbcTransaction  - Closing JDBC Connection [conn2: url=jdbc:h2:mem:activiti user=SA]
10:46:59,648 [Thread-47] DEBUG org.apache.ibatis.datasource.pooled.PooledDataSource  - Returned connection 363509958 to pool.
10:46:59,648 [Thread-48] DEBUG org.activiti.engine.impl.asyncexecutor.AcquireAsyncJobsDueRunnable  - async job acquisition thread sleeping for 1000 millis
10:46:59,648 [Thread-47] DEBUG org.activiti.engine.impl.interceptor.LogInterceptor  - --- AcquireTimerJobsCmd finished --------------------------------------------------------
10:46:59,648 [Thread-47] DEBUG org.activiti.engine.impl.interceptor.LogInterceptor  - 

10:46:59,648 [Thread-47] DEBUG org.activiti.engine.impl.asyncexecutor.AcquireTimerJobsRunnable  - timer job acquisition thread sleeping for 1000 millis
10:46:59,663 [main] DEBUG org.activiti.engine.impl.interceptor.LogInterceptor  - 

10:46:59,663 [main] DEBUG org.activiti.engine.impl.interceptor.LogInterceptor  - --- starting JobQueryImpl --------------------------------------------------------
10:46:59,663 [main] DEBUG org.apache.ibatis.transaction.jdbc.JdbcTransaction  - Opening JDBC Connection
10:46:59,663 [main] DEBUG org.apache.ibatis.datasource.pooled.PooledDataSource  - Checked out connection 486346394 from pool.
10:46:59,663 [main] DEBUG org.apache.ibatis.transaction.jdbc.JdbcTransaction  - Setting autocommit to false on JDBC Connection [conn6: url=jdbc:h2:mem:activiti user=SA]
10:46:59,663 [main] DEBUG org.activiti.engine.impl.persistence.entity.JobEntity.selectJobByQueryCriteria  - ==&gt;  Preparing: select RES.* from ACT_RU_JOB RES order by order by RES.ID_ asc LIMIT ? OFFSET ? 
10:46:59,663 [main] DEBUG org.activiti.engine.impl.interceptor.CommandContext  - Error while closing command context
org.apache.ibatis.exceptions.PersistenceException: 
### Error querying database.  Cause: org.h2.jdbc.JdbcSQLException: Syntax error in SQL statement &quot;SELECT RES.* 
     
    FROM ACT_RU_JOB RES
     
      
   
     ORDER BY  ORDER[*] BY RES.ID_ ASC  
    LIMIT ? OFFSET ? &quot;; expected &quot;=, NOT, EXISTS, INTERSECTS, SELECT, FROM&quot;; SQL statement:
select RES.* 
     
    from ACT_RU_JOB RES
     
      
   
     order by  order by RES.ID_ asc  
    LIMIT ? OFFSET ? [42001-176]
### The error may exist in org/activiti/db/mapping/entity/Job.xml
### The error may involve org.activiti.engine.impl.persistence.entity.JobEntity.selectJobByQueryCriteria
### The error occurred while executing a query
### SQL: select RES.*            from ACT_RU_JOB RES                       order by  order by RES.ID_ asc       LIMIT ? OFFSET ?
### Cause: org.h2.jdbc.JdbcSQLException: Syntax error in SQL statement &quot;SELECT RES.* 
     
    FROM ACT_RU_JOB RES
     
      
   
     ORDER BY  ORDER[*] BY RES.ID_ ASC  
    LIMIT ? OFFSET ? &quot;; expected &quot;=, NOT, EXISTS, INTERSECTS, SELECT, FROM&quot;; SQL statement:
select RES.* 
     
    from ACT_RU_JOB RES
     
      
   
     order by  order by RES.ID_ asc  
    LIMIT ? OFFSET ? [42001-176]
	at org.apache.ibatis.exceptions.ExceptionFactory.wrapException(ExceptionFactory.java:30)
	at org.apache.ibatis.session.defaults.DefaultSqlSession.selectList(DefaultSqlSession.java:122)
	at org.apache.ibatis.session.defaults.DefaultSqlSession.selectList(DefaultSqlSession.java:113)
	at org.activiti.engine.impl.db.DbSqlSession.selectListWithRawParameter(DbSqlSession.java:438)
	at org.activiti.engine.impl.db.DbSqlSession.selectList(DbSqlSession.java:429)
	at org.activiti.engine.impl.db.DbSqlSession.selectList(DbSqlSession.java:419)
	at org.activiti.engine.impl.persistence.entity.JobEntityManager.findJobsByQueryCriteria(JobEntityManager.java:198)
	at org.activiti.engine.impl.JobQueryImpl.executeList(JobQueryImpl.java:243)
	at org.activiti.engine.impl.AbstractQuery.execute(AbstractQuery.java:164)
	at org.activiti.engine.impl.interceptor.CommandInvoker.execute(CommandInvoker.java:24)
	at org.activiti.engine.impl.interceptor.CommandContextInterceptor.execute(CommandContextInterceptor.java:57)
	at org.activiti.engine.impl.interceptor.LogInterceptor.execute(LogInterceptor.java:37)
	at org.activiti.engine.impl.cfg.CommandExecutorImpl.execute(CommandExecutorImpl.java:40)
	at org.activiti.engine.impl.cfg.CommandExecutorImpl.execute(CommandExecutorImpl.java:35)
	at org.activiti.engine.impl.AbstractQuery.list(AbstractQuery.java:138)
	at org.activiti.engine.impl.test.JobTestHelper.areJobsAvailable(JobTestHelper.java:194)
	at org.activiti.engine.impl.test.JobTestHelper.waitForJobExecutorToProcessAllJobs(JobTestHelper.java:74)
	at org.activiti.engine.impl.test.JobTestHelper.waitForJobExecutorToProcessAllJobs(JobTestHelper.java:47)
	at org.activiti.engine.impl.test.AbstractActivitiTestCase.waitForJobExecutorToProcessAllJobs(AbstractActivitiTestCase.java:204)
	at org.activiti.engine.test.bpmn.servicetask.ServiceTaskVariablesTest.testSerializedVariablesBothAsync(ServiceTaskVariablesTest.java:80)
	at sun.reflect.NativeMethodAccessorImpl.invoke0(Native Method)
	at sun.reflect.NativeMethodAccessorImpl.invoke(NativeMethodAccessorImpl.java:62)
	at sun.reflect.DelegatingMethodAccessorImpl.invoke(DelegatingMethodAccessorImpl.java:43)
	at java.lang.reflect.Method.invoke(Method.java:498)
	at junit.framework.TestCase.runTest(TestCase.java:176)
	at org.activiti.engine.impl.test.PvmTestCase.runTest(PvmTestCase.java:65)
	at junit.framework.TestCase.runBare(TestCase.java:141)
	at org.activiti.engine.impl.test.AbstractActivitiTestCase.runBare(AbstractActivitiTestCase.java:100)
	at junit.framework.TestResult$1.protect(TestResult.java:122)
	at junit.framework.TestResult.runProtected(TestResult.java:142)
	at junit.framework.TestResult.run(TestResult.java:125)
	at junit.framework.TestCase.run(TestCase.java:129)
	at junit.framework.TestSuite.runTest(TestSuite.java:255)
	at junit.framework.TestSuite.run(TestSuite.java:250)
	at org.junit.internal.runners.JUnit38ClassRunner.run(JUnit38ClassRunner.java:84)
	at org.apache.maven.surefire.junit4.JUnit4TestSet.execute(JUnit4TestSet.java:35)
	at org.apache.maven.surefire.junit4.JUnit4Provider.executeTestSet(JUnit4Provider.java:146)
	at org.apache.maven.surefire.junit4.JUnit4Provider.invoke(JUnit4Provider.java:97)
	at sun.reflect.NativeMethodAccessorImpl.invoke0(Native Method)
	at sun.reflect.NativeMethodAccessorImpl.invoke(NativeMethodAccessorImpl.java:62)
	at sun.reflect.DelegatingMethodAccessorImpl.invoke(DelegatingMethodAccessorImpl.java:43)
	at java.lang.reflect.Method.invoke(Method.java:498)
	at org.apache.maven.surefire.booter.ProviderFactory$ClassLoaderProxy.invoke(ProviderFactory.java:103)
	at com.sun.proxy.$Proxy0.invoke(Unknown Source)
	at org.apache.maven.surefire.booter.SurefireStarter.invokeProvider(SurefireStarter.java:145)
	at org.apache.maven.surefire.booter.SurefireStarter.runSuitesInProcess(SurefireStarter.java:87)
	at org.apache.maven.surefire.booter.ForkedBooter.main(ForkedBooter.java:69)
Caused by: org.h2.jdbc.JdbcSQLException: Syntax error in SQL statement &quot;SELECT RES.* 
     
    FROM ACT_RU_JOB RES
     
      
   
     ORDER BY  ORDER[*] BY RES.ID_ ASC  
    LIMIT ? OFFSET ? &quot;; expected &quot;=, NOT, EXISTS, INTERSECTS, SELECT, FROM&quot;; SQL statement:
select RES.* 
     
    from ACT_RU_JOB RES
     
      
   
     order by  order by RES.ID_ asc  
    LIMIT ? OFFSET ? [42001-176]
	at org.h2.message.DbException.getJdbcSQLException(DbException.java:344)
	at org.h2.message.DbException.getSyntaxError(DbException.java:204)
	at org.h2.command.Parser.getSyntaxError(Parser.java:524)
	at org.h2.command.Parser.readTerm(Parser.java:2688)
	at org.h2.command.Parser.readFactor(Parser.java:2244)
	at org.h2.command.Parser.readSum(Parser.java:2231)
	at org.h2.command.Parser.readConcat(Parser.java:2201)
	at org.h2.command.Parser.readCondition(Parser.java:2051)
	at org.h2.command.Parser.readAnd(Parser.java:2023)
	at org.h2.command.Parser.readExpression(Parser.java:2015)
	at org.h2.command.Parser.parseEndOfQuery(Parser.java:1726)
	at org.h2.command.Parser.parseSelectUnionExtension(Parser.java:1706)
	at org.h2.command.Parser.parseSelectUnion(Parser.java:1675)
	at org.h2.command.Parser.parseSelect(Parser.java:1662)
	at org.h2.command.Parser.parsePrepared(Parser.java:434)
	at org.h2.command.Parser.parse(Parser.java:306)
	at org.h2.command.Parser.parse(Parser.java:282)
	at org.h2.command.Parser.prepareCommand(Parser.java:243)
	at org.h2.engine.Session.prepareLocal(Session.java:442)
	at org.h2.engine.Session.prepareCommand(Session.java:384)
	at org.h2.jdbc.JdbcConnection.prepareCommand(JdbcConnection.java:1188)
	at org.h2.jdbc.JdbcPreparedStatement.&lt;init&gt;(JdbcPreparedStatement.java:73)
	at org.h2.jdbc.JdbcConnection.prepareStatement(JdbcConnection.java:276)
	at sun.reflect.GeneratedMethodAccessor6.invoke(Unknown Source)
	at sun.reflect.DelegatingMethodAccessorImpl.invoke(DelegatingMethodAccessorImpl.java:43)
	at java.lang.reflect.Method.invoke(Method.java:498)
	at org.apache.ibatis.datasource.pooled.PooledConnection.invoke(PooledConnection.java:245)
	at com.sun.proxy.$Proxy12.prepareStatement(Unknown Source)
	at sun.reflect.GeneratedMethodAccessor6.invoke(Unknown Source)
	at sun.reflect.DelegatingMethodAccessorImpl.invoke(DelegatingMethodAccessorImpl.java:43)
	at java.lang.reflect.Method.invoke(Method.java:498)
	at org.apache.ibatis.logging.jdbc.ConnectionLogger.invoke(ConnectionLogger.java:55)
	at com.sun.proxy.$Proxy12.prepareStatement(Unknown Source)
	at org.apache.ibatis.executor.statement.PreparedStatementHandler.instantiateStatement(PreparedStatementHandler.java:79)
	at org.apache.ibatis.executor.statement.BaseStatementHandler.prepare(BaseStatementHandler.java:88)
	at org.apache.ibatis.executor.statement.RoutingStatementHandler.prepare(RoutingStatementHandler.java:58)
	at org.apache.ibatis.executor.SimpleExecutor.prepareStatement(SimpleExecutor.java:76)
	at org.apache.ibatis.executor.SimpleExecutor.doQuery(SimpleExecutor.java:61)
	at org.apache.ibatis.executor.BaseExecutor.queryFromDatabase(BaseExecutor.java:303)
	at org.apache.ibatis.executor.BaseExecutor.query(BaseExecutor.java:154)
	at org.apache.ibatis.executor.CachingExecutor.query(CachingExecutor.java:102)
	at org.apache.ibatis.executor.CachingExecutor.query(CachingExecutor.java:82)
	at org.apache.ibatis.session.defaults.DefaultSqlSession.selectList(DefaultSqlSession.java:120)
	... 45 more
10:46:59,663 [main] DEBUG org.activiti.engine.impl.cfg.standalone.StandaloneMybatisTransactionContext  - firing event rolling back...
10:46:59,663 [main] DEBUG org.activiti.engine.impl.cfg.standalone.StandaloneMybatisTransactionContext  - rolling back ibatis sql session...
10:46:59,663 [main] DEBUG org.activiti.engine.impl.cfg.standalone.StandaloneMybatisTransactionContext  - firing event rolled back...
10:46:59,663 [main] DEBUG org.apache.ibatis.transaction.jdbc.JdbcTransaction  - Resetting autocommit to true on JDBC Connection [conn6: url=jdbc:h2:mem:activiti user=SA]
10:46:59,663 [main] DEBUG org.apache.ibatis.transaction.jdbc.JdbcTransaction  - Closing JDBC Connection [conn6: url=jdbc:h2:mem:activiti user=SA]
10:46:59,663 [main] DEBUG org.apache.ibatis.datasource.pooled.PooledDataSource  - Returned connection 486346394 to pool.
10:46:59,663 [main] DEBUG org.activiti.engine.impl.interceptor.LogInterceptor  - --- JobQueryImpl finished --------------------------------------------------------
10:46:59,664 [main] DEBUG org.activiti.engine.impl.interceptor.LogInterceptor  - 

10:47:00,167 [main] DEBUG org.activiti.engine.impl.interceptor.LogInterceptor  - 

10:47:00,167 [main] DEBUG org.activiti.engine.impl.interceptor.LogInterceptor  - --- starting JobQueryImpl --------------------------------------------------------
10:47:00,167 [main] DEBUG org.apache.ibatis.transaction.jdbc.JdbcTransaction  - Opening JDBC Connection
10:47:00,167 [main] DEBUG org.apache.ibatis.datasource.pooled.PooledDataSource  - Checked out connection 297240765 from pool.
10:47:00,167 [main] DEBUG org.apache.ibatis.transaction.jdbc.JdbcTransaction  - Setting autocommit to false on JDBC Connection [conn4: url=jdbc:h2:mem:activiti user=SA]
10:47:00,167 [main] DEBUG org.activiti.engine.impl.persistence.entity.JobEntity.selectJobByQueryCriteria  - ==&gt;  Preparing: select RES.* from ACT_RU_JOB RES order by order by RES.ID_ asc LIMIT ? OFFSET ? 
10:47:00,167 [main] DEBUG org.activiti.engine.impl.interceptor.CommandContext  - Error while closing command context
org.apache.ibatis.exceptions.PersistenceException: 
### Error querying database.  Cause: org.h2.jdbc.JdbcSQLException: Syntax error in SQL statement &quot;SELECT RES.* 
     
    FROM ACT_RU_JOB RES
     
      
   
     ORDER BY  ORDER[*] BY RES.ID_ ASC  
    LIMIT ? OFFSET ? &quot;; expected &quot;=, NOT, EXISTS, INTERSECTS, SELECT, FROM&quot;; SQL statement:
select RES.* 
     
    from ACT_RU_JOB RES
     
      
   
     order by  order by RES.ID_ asc  
    LIMIT ? OFFSET ? [42001-176]
### The error may exist in org/activiti/db/mapping/entity/Job.xml
### The error may involve org.activiti.engine.impl.persistence.entity.JobEntity.selectJobByQueryCriteria
### The error occurred while executing a query
### SQL: select RES.*            from ACT_RU_JOB RES                       order by  order by RES.ID_ asc       LIMIT ? OFFSET ?
### Cause: org.h2.jdbc.JdbcSQLException: Syntax error in SQL statement &quot;SELECT RES.* 
     
    FROM ACT_RU_JOB RES
     
      
   
     ORDER BY  ORDER[*] BY RES.ID_ ASC  
    LIMIT ? OFFSET ? &quot;; expected &quot;=, NOT, EXISTS, INTERSECTS, SELECT, FROM&quot;; SQL statement:
select RES.* 
     
    from ACT_RU_JOB RES
     
      
   
     order by  order by RES.ID_ asc  
    LIMIT ? OFFSET ? [42001-176]
	at org.apache.ibatis.exceptions.ExceptionFactory.wrapException(ExceptionFactory.java:30)
	at org.apache.ibatis.session.defaults.DefaultSqlSession.selectList(DefaultSqlSession.java:122)
	at org.apache.ibatis.session.defaults.DefaultSqlSession.selectList(DefaultSqlSession.java:113)
	at org.activiti.engine.impl.db.DbSqlSession.selectListWithRawParameter(DbSqlSession.java:438)
	at org.activiti.engine.impl.db.DbSqlSession.selectList(DbSqlSession.java:429)
	at org.activiti.engine.impl.db.DbSqlSession.selectList(DbSqlSession.java:419)
	at org.activiti.engine.impl.persistence.entity.JobEntityManager.findJobsByQueryCriteria(JobEntityManager.java:198)
	at org.activiti.engine.impl.JobQueryImpl.executeList(JobQueryImpl.java:243)
	at org.activiti.engine.impl.AbstractQuery.execute(AbstractQuery.java:164)
	at org.activiti.engine.impl.interceptor.CommandInvoker.execute(CommandInvoker.java:24)
	at org.activiti.engine.impl.interceptor.CommandContextInterceptor.execute(CommandContextInterceptor.java:57)
	at org.activiti.engine.impl.interceptor.LogInterceptor.execute(LogInterceptor.java:37)
	at org.activiti.engine.impl.cfg.CommandExecutorImpl.execute(CommandExecutorImpl.java:40)
	at org.activiti.engine.impl.cfg.CommandExecutorImpl.execute(CommandExecutorImpl.java:35)
	at org.activiti.engine.impl.AbstractQuery.list(AbstractQuery.java:138)
	at org.activiti.engine.impl.test.JobTestHelper.areJobsAvailable(JobTestHelper.java:194)
	at org.activiti.engine.impl.test.JobTestHelper.waitForJobExecutorToProcessAllJobs(JobTestHelper.java:74)
	at org.activiti.engine.impl.test.JobTestHelper.waitForJobExecutorToProcessAllJobs(JobTestHelper.java:47)
	at org.activiti.engine.impl.test.AbstractActivitiTestCase.waitForJobExecutorToProcessAllJobs(AbstractActivitiTestCase.java:204)
	at org.activiti.engine.test.bpmn.servicetask.ServiceTaskVariablesTest.testSerializedVariablesBothAsync(ServiceTaskVariablesTest.java:80)
	at sun.reflect.NativeMethodAccessorImpl.invoke0(Native Method)
	at sun.reflect.NativeMethodAccessorImpl.invoke(NativeMethodAccessorImpl.java:62)
	at sun.reflect.DelegatingMethodAccessorImpl.invoke(DelegatingMethodAccessorImpl.java:43)
	at java.lang.reflect.Method.invoke(Method.java:498)
	at junit.framework.TestCase.runTest(TestCase.java:176)
	at org.activiti.engine.impl.test.PvmTestCase.runTest(PvmTestCase.java:65)
	at junit.framework.TestCase.runBare(TestCase.java:141)
	at org.activiti.engine.impl.test.AbstractActivitiTestCase.runBare(AbstractActivitiTestCase.java:100)
	at junit.framework.TestResult$1.protect(TestResult.java:122)
	at junit.framework.TestResult.runProtected(TestResult.java:142)
	at junit.framework.TestResult.run(TestResult.java:125)
	at junit.framework.TestCase.run(TestCase.java:129)
	at junit.framework.TestSuite.runTest(TestSuite.java:255)
	at junit.framework.TestSuite.run(TestSuite.java:250)
	at org.junit.internal.runners.JUnit38ClassRunner.run(JUnit38ClassRunner.java:84)
	at org.apache.maven.surefire.junit4.JUnit4TestSet.execute(JUnit4TestSet.java:35)
	at org.apache.maven.surefire.junit4.JUnit4Provider.executeTestSet(JUnit4Provider.java:146)
	at org.apache.maven.surefire.junit4.JUnit4Provider.invoke(JUnit4Provider.java:97)
	at sun.reflect.NativeMethodAccessorImpl.invoke0(Native Method)
	at sun.reflect.NativeMethodAccessorImpl.invoke(NativeMethodAccessorImpl.java:62)
	at sun.reflect.DelegatingMethodAccessorImpl.invoke(DelegatingMethodAccessorImpl.java:43)
	at java.lang.reflect.Method.invoke(Method.java:498)
	at org.apache.maven.surefire.booter.ProviderFactory$ClassLoaderProxy.invoke(ProviderFactory.java:103)
	at com.sun.proxy.$Proxy0.invoke(Unknown Source)
	at org.apache.maven.surefire.booter.SurefireStarter.invokeProvider(SurefireStarter.java:145)
	at org.apache.maven.surefire.booter.SurefireStarter.runSuitesInProcess(SurefireStarter.java:87)
	at org.apache.maven.surefire.booter.ForkedBooter.main(ForkedBooter.java:69)
Caused by: org.h2.jdbc.JdbcSQLException: Syntax error in SQL statement &quot;SELECT RES.* 
     
    FROM ACT_RU_JOB RES
     
      
   
     ORDER BY  ORDER[*] BY RES.ID_ ASC  
    LIMIT ? OFFSET ? &quot;; expected &quot;=, NOT, EXISTS, INTERSECTS, SELECT, FROM&quot;; SQL statement:
select RES.* 
     
    from ACT_RU_JOB RES
     
      
   
     order by  order by RES.ID_ asc  
    LIMIT ? OFFSET ? [42001-176]
	at org.h2.message.DbException.getJdbcSQLException(DbException.java:344)
	at org.h2.message.DbException.getSyntaxError(DbException.java:204)
	at org.h2.command.Parser.getSyntaxError(Parser.java:524)
	at org.h2.command.Parser.readTerm(Parser.java:2688)
	at org.h2.command.Parser.readFactor(Parser.java:2244)
	at org.h2.command.Parser.readSum(Parser.java:2231)
	at org.h2.command.Parser.readConcat(Parser.java:2201)
	at org.h2.command.Parser.readCondition(Parser.java:2051)
	at org.h2.command.Parser.readAnd(Parser.java:2023)
	at org.h2.command.Parser.readExpression(Parser.java:2015)
	at org.h2.command.Parser.parseEndOfQuery(Parser.java:1726)
	at org.h2.command.Parser.parseSelectUnionExtension(Parser.java:1706)
	at org.h2.command.Parser.parseSelectUnion(Parser.java:1675)
	at org.h2.command.Parser.parseSelect(Parser.java:1662)
	at org.h2.command.Parser.parsePrepared(Parser.java:434)
	at org.h2.command.Parser.parse(Parser.java:306)
	at org.h2.command.Parser.parse(Parser.java:282)
	at org.h2.command.Parser.prepareCommand(Parser.java:243)
	at org.h2.engine.Session.prepareLocal(Session.java:442)
	at org.h2.engine.Session.prepareCommand(Session.java:384)
	at org.h2.jdbc.JdbcConnection.prepareCommand(JdbcConnection.java:1188)
	at org.h2.jdbc.JdbcPreparedStatement.&lt;init&gt;(JdbcPreparedStatement.java:73)
	at org.h2.jdbc.JdbcConnection.prepareStatement(JdbcConnection.java:276)
	at sun.reflect.GeneratedMethodAccessor6.invoke(Unknown Source)
	at sun.reflect.DelegatingMethodAccessorImpl.invoke(DelegatingMethodAccessorImpl.java:43)
	at java.lang.reflect.Method.invoke(Method.java:498)
	at org.apache.ibatis.datasource.pooled.PooledConnection.invoke(PooledConnection.java:245)
	at com.sun.proxy.$Proxy12.prepareStatement(Unknown Source)
	at sun.reflect.GeneratedMethodAccessor6.invoke(Unknown Source)
	at sun.reflect.DelegatingMethodAccessorImpl.invoke(DelegatingMethodAccessorImpl.java:43)
	at java.lang.reflect.Method.invoke(Method.java:498)
	at org.apache.ibatis.logging.jdbc.ConnectionLogger.invoke(ConnectionLogger.java:55)
	at com.sun.proxy.$Proxy12.prepareStatement(Unknown Source)
	at org.apache.ibatis.executor.statement.PreparedStatementHandler.instantiateStatement(PreparedStatementHandler.java:79)
	at org.apache.ibatis.executor.statement.BaseStatementHandler.prepare(BaseStatementHandler.java:88)
	at org.apache.ibatis.executor.statement.RoutingStatementHandler.prepare(RoutingStatementHandler.java:58)
	at org.apache.ibatis.executor.SimpleExecutor.prepareStatement(SimpleExecutor.java:76)
	at org.apache.ibatis.executor.SimpleExecutor.doQuery(SimpleExecutor.java:61)
	at org.apache.ibatis.executor.BaseExecutor.queryFromDatabase(BaseExecutor.java:303)
	at org.apache.ibatis.executor.BaseExecutor.query(BaseExecutor.java:154)
	at org.apache.ibatis.executor.CachingExecutor.query(CachingExecutor.java:102)
	at org.apache.ibatis.executor.CachingExecutor.query(CachingExecutor.java:82)
	at org.apache.ibatis.session.defaults.DefaultSqlSession.selectList(DefaultSqlSession.java:120)
	... 45 more
10:47:00,168 [main] DEBUG org.activiti.engine.impl.cfg.standalone.StandaloneMybatisTransactionContext  - firing event rolling back...
10:47:00,168 [main] DEBUG org.activiti.engine.impl.cfg.standalone.StandaloneMybatisTransactionContext  - rolling back ibatis sql session...
10:47:00,168 [main] DEBUG org.activiti.engine.impl.cfg.standalone.StandaloneMybatisTransactionContext  - firing event rolled back...
10:47:00,168 [main] DEBUG org.apache.ibatis.transaction.jdbc.JdbcTransaction  - Resetting autocommit to true on JDBC Connection [conn4: url=jdbc:h2:mem:activiti user=SA]
10:47:00,168 [main] DEBUG org.apache.ibatis.transaction.jdbc.JdbcTransaction  - Closing JDBC Connection [conn4: url=jdbc:h2:mem:activiti user=SA]
10:47:00,168 [main] DEBUG org.apache.ibatis.datasource.pooled.PooledDataSource  - Returned connection 297240765 to pool.
10:47:00,168 [main] DEBUG org.activiti.engine.impl.interceptor.LogInterceptor  - --- JobQueryImpl finished --------------------------------------------------------
10:47:00,168 [main] DEBUG org.activiti.engine.impl.interceptor.LogInterceptor  - 

10:47:00,655 [Thread-47] DEBUG org.activiti.engine.impl.asyncexecutor.AcquireTimerJobsRunnable  - timer job acquisition thread woke up
10:47:00,655 [Thread-48] DEBUG org.activiti.engine.impl.asyncexecutor.AcquireAsyncJobsDueRunnable  - async job acquisition thread woke up
10:47:00,655 [Thread-47] DEBUG org.activiti.engine.impl.interceptor.LogInterceptor  - 

10:47:00,655 [Thread-47] DEBUG org.activiti.engine.impl.interceptor.LogInterceptor  - --- starting AcquireTimerJobsCmd --------------------------------------------------------
10:47:00,655 [Thread-47] DEBUG org.apache.ibatis.transaction.jdbc.JdbcTransaction  - Opening JDBC Connection
10:47:00,655 [Thread-48] DEBUG org.activiti.engine.impl.interceptor.LogInterceptor  - 

10:47:00,655 [Thread-48] DEBUG org.activiti.engine.impl.interceptor.LogInterceptor  - --- starting AcquireAsyncJobsDueCmd --------------------------------------------------------
10:47:00,655 [Thread-47] DEBUG org.apache.ibatis.datasource.pooled.PooledDataSource  - Checked out connection 180014677 from pool.
10:47:00,655 [Thread-48] DEBUG org.apache.ibatis.transaction.jdbc.JdbcTransaction  - Opening JDBC Connection
10:47:00,655 [Thread-48] DEBUG org.apache.ibatis.datasource.pooled.PooledDataSource  - Checked out connection 363509958 from pool.
10:47:00,655 [Thread-47] DEBUG org.apache.ibatis.transaction.jdbc.JdbcTransaction  - Setting autocommit to false on JDBC Connection [conn3: url=jdbc:h2:mem:activiti user=SA]
10:47:00,655 [Thread-47] DEBUG org.activiti.engine.impl.persistence.entity.JobEntity.selectNextTimerJobsToExecute  - ==&gt;  Preparing: select RES.* from ACT_RU_JOB RES LEFT OUTER JOIN ACT_RU_EXECUTION PI ON PI.ID_ = RES.PROCESS_INSTANCE_ID_ where (RES.RETRIES_ &gt; 0) and (RES.DUEDATE_ is null or RES.DUEDATE_ &lt;= ?) and (RES.LOCK_OWNER_ is null or RES.LOCK_EXP_TIME_ &lt;= ?) and TYPE_ = &apos;timer&apos; and ( (RES.EXECUTION_ID_ is null) or (PI.SUSPENSION_STATE_ = 1) ) LIMIT ? OFFSET ? 
10:47:00,655 [Thread-48] DEBUG org.apache.ibatis.transaction.jdbc.JdbcTransaction  - Setting autocommit to false on JDBC Connection [conn2: url=jdbc:h2:mem:activiti user=SA]
10:47:00,656 [Thread-48] DEBUG org.activiti.engine.impl.persistence.entity.JobEntity.selectAsyncJobsDueToExecute  - ==&gt;  Preparing: select RES.* from ACT_RU_JOB RES LEFT OUTER JOIN ACT_RU_EXECUTION PI ON PI.ID_ = RES.PROCESS_INSTANCE_ID_ where RES.RETRIES_ &gt; 0 and RES.DUEDATE_ is not null and RES.DUEDATE_ &lt;= ? and (RES.LOCK_EXP_TIME_ is null or RES.LOCK_EXP_TIME_ &lt;= ?) and TYPE_ = &apos;message&apos; and ( (RES.EXECUTION_ID_ is null) or (PI.SUSPENSION_STATE_ = 1) ) LIMIT ? OFFSET ? 
10:47:00,656 [Thread-48] DEBUG org.activiti.engine.impl.persistence.entity.JobEntity.selectAsyncJobsDueToExecute  - ==&gt; Parameters: 2023-03-20 10:46:46.742(Timestamp), 2023-03-20 10:46:46.742(Timestamp), 1(Integer), 0(Integer)
10:47:00,656 [Thread-47] DEBUG org.activiti.engine.impl.persistence.entity.JobEntity.selectNextTimerJobsToExecute  - ==&gt; Parameters: 2023-03-20 10:46:46.742(Timestamp), 2023-03-20 10:46:46.742(Timestamp), 1(Integer), 0(Integer)
10:47:00,656 [Thread-47] DEBUG org.activiti.engine.impl.persistence.entity.JobEntity.selectNextTimerJobsToExecute  - &lt;==      Total: 0
10:47:00,656 [Thread-48] DEBUG org.activiti.engine.impl.persistence.entity.JobEntity.selectAsyncJobsDueToExecute  - &lt;==      Total: 0
10:47:00,656 [Thread-47] DEBUG org.activiti.engine.impl.db.DbSqlSession  - flush summary: 0 insert, 0 update, 0 delete.
10:47:00,656 [Thread-47] DEBUG org.activiti.engine.impl.db.DbSqlSession  - now executing flush...
10:47:00,656 [Thread-48] DEBUG org.activiti.engine.impl.db.DbSqlSession  - flush summary: 0 insert, 0 update, 0 delete.
10:47:00,656 [Thread-48] DEBUG org.activiti.engine.impl.db.DbSqlSession  - now executing flush...
10:47:00,656 [Thread-48] DEBUG org.activiti.engine.impl.cfg.standalone.StandaloneMybatisTransactionContext  - firing event committing...
10:47:00,656 [Thread-48] DEBUG org.activiti.engine.impl.cfg.standalone.StandaloneMybatisTransactionContext  - committing the ibatis sql session...
10:47:00,656 [Thread-47] DEBUG org.activiti.engine.impl.cfg.standalone.StandaloneMybatisTransactionContext  - firing event committing...
10:47:00,656 [Thread-47] DEBUG org.activiti.engine.impl.cfg.standalone.StandaloneMybatisTransactionContext  - committing the ibatis sql session...
10:47:00,656 [Thread-47] DEBUG org.activiti.engine.impl.cfg.standalone.StandaloneMybatisTransactionContext  - firing event committed...
10:47:00,656 [Thread-48] DEBUG org.activiti.engine.impl.cfg.standalone.StandaloneMybatisTransactionContext  - firing event committed...
10:47:00,656 [Thread-48] DEBUG org.apache.ibatis.transaction.jdbc.JdbcTransaction  - Resetting autocommit to true on JDBC Connection [conn2: url=jdbc:h2:mem:activiti user=SA]
10:47:00,656 [Thread-47] DEBUG org.apache.ibatis.transaction.jdbc.JdbcTransaction  - Resetting autocommit to true on JDBC Connection [conn3: url=jdbc:h2:mem:activiti user=SA]
10:47:00,656 [Thread-47] DEBUG org.apache.ibatis.transaction.jdbc.JdbcTransaction  - Closing JDBC Connection [conn3: url=jdbc:h2:mem:activiti user=SA]
10:47:00,656 [Thread-47] DEBUG org.apache.ibatis.datasource.pooled.PooledDataSource  - Returned connection 180014677 to pool.
10:47:00,656 [Thread-47] DEBUG org.activiti.engine.impl.interceptor.LogInterceptor  - --- AcquireTimerJobsCmd finished --------------------------------------------------------
10:47:00,656 [Thread-47] DEBUG org.activiti.engine.impl.interceptor.LogInterceptor  - 

10:47:00,656 [Thread-47] DEBUG org.activiti.engine.impl.asyncexecutor.AcquireTimerJobsRunnable  - timer job acquisition thread sleeping for 1000 millis
10:47:00,656 [Thread-48] DEBUG org.apache.ibatis.transaction.jdbc.JdbcTransaction  - Closing JDBC Connection [conn2: url=jdbc:h2:mem:activiti user=SA]
10:47:00,656 [Thread-48] DEBUG org.apache.ibatis.datasource.pooled.PooledDataSource  - Returned connection 363509958 to pool.
10:47:00,657 [Thread-48] DEBUG org.activiti.engine.impl.interceptor.LogInterceptor  - --- AcquireAsyncJobsDueCmd finished --------------------------------------------------------
10:47:00,657 [Thread-48] DEBUG org.activiti.engine.impl.interceptor.LogInterceptor  - 

10:47:00,657 [Thread-48] DEBUG org.activiti.engine.impl.asyncexecutor.AcquireAsyncJobsDueRunnable  - async job acquisition thread sleeping for 1000 millis
10:47:00,671 [main] DEBUG org.activiti.engine.impl.interceptor.LogInterceptor  - 

10:47:00,671 [main] DEBUG org.activiti.engine.impl.interceptor.LogInterceptor  - --- starting JobQueryImpl --------------------------------------------------------
10:47:00,671 [main] DEBUG org.apache.ibatis.transaction.jdbc.JdbcTransaction  - Opening JDBC Connection
10:47:00,671 [main] DEBUG org.apache.ibatis.datasource.pooled.PooledDataSource  - Checked out connection 486346394 from pool.
10:47:00,671 [main] DEBUG org.apache.ibatis.transaction.jdbc.JdbcTransaction  - Setting autocommit to false on JDBC Connection [conn6: url=jdbc:h2:mem:activiti user=SA]
10:47:00,671 [main] DEBUG org.activiti.engine.impl.persistence.entity.JobEntity.selectJobByQueryCriteria  - ==&gt;  Preparing: select RES.* from ACT_RU_JOB RES order by order by RES.ID_ asc LIMIT ? OFFSET ? 
10:47:00,672 [main] DEBUG org.activiti.engine.impl.interceptor.CommandContext  - Error while closing command context
org.apache.ibatis.exceptions.PersistenceException: 
### Error querying database.  Cause: org.h2.jdbc.JdbcSQLException: Syntax error in SQL statement &quot;SELECT RES.* 
     
    FROM ACT_RU_JOB RES
     
      
   
     ORDER BY  ORDER[*] BY RES.ID_ ASC  
    LIMIT ? OFFSET ? &quot;; expected &quot;=, NOT, EXISTS, INTERSECTS, SELECT, FROM&quot;; SQL statement:
select RES.* 
     
    from ACT_RU_JOB RES
     
      
   
     order by  order by RES.ID_ asc  
    LIMIT ? OFFSET ? [42001-176]
### The error may exist in org/activiti/db/mapping/entity/Job.xml
### The error may involve org.activiti.engine.impl.persistence.entity.JobEntity.selectJobByQueryCriteria
### The error occurred while executing a query
### SQL: select RES.*            from ACT_RU_JOB RES                       order by  order by RES.ID_ asc       LIMIT ? OFFSET ?
### Cause: org.h2.jdbc.JdbcSQLException: Syntax error in SQL statement &quot;SELECT RES.* 
     
    FROM ACT_RU_JOB RES
     
      
   
     ORDER BY  ORDER[*] BY RES.ID_ ASC  
    LIMIT ? OFFSET ? &quot;; expected &quot;=, NOT, EXISTS, INTERSECTS, SELECT, FROM&quot;; SQL statement:
select RES.* 
     
    from ACT_RU_JOB RES
     
      
   
     order by  order by RES.ID_ asc  
    LIMIT ? OFFSET ? [42001-176]
	at org.apache.ibatis.exceptions.ExceptionFactory.wrapException(ExceptionFactory.java:30)
	at org.apache.ibatis.session.defaults.DefaultSqlSession.selectList(DefaultSqlSession.java:122)
	at org.apache.ibatis.session.defaults.DefaultSqlSession.selectList(DefaultSqlSession.java:113)
	at org.activiti.engine.impl.db.DbSqlSession.selectListWithRawParameter(DbSqlSession.java:438)
	at org.activiti.engine.impl.db.DbSqlSession.selectList(DbSqlSession.java:429)
	at org.activiti.engine.impl.db.DbSqlSession.selectList(DbSqlSession.java:419)
	at org.activiti.engine.impl.persistence.entity.JobEntityManager.findJobsByQueryCriteria(JobEntityManager.java:198)
	at org.activiti.engine.impl.JobQueryImpl.executeList(JobQueryImpl.java:243)
	at org.activiti.engine.impl.AbstractQuery.execute(AbstractQuery.java:164)
	at org.activiti.engine.impl.interceptor.CommandInvoker.execute(CommandInvoker.java:24)
	at org.activiti.engine.impl.interceptor.CommandContextInterceptor.execute(CommandContextInterceptor.java:57)
	at org.activiti.engine.impl.interceptor.LogInterceptor.execute(LogInterceptor.java:37)
	at org.activiti.engine.impl.cfg.CommandExecutorImpl.execute(CommandExecutorImpl.java:40)
	at org.activiti.engine.impl.cfg.CommandExecutorImpl.execute(CommandExecutorImpl.java:35)
	at org.activiti.engine.impl.AbstractQuery.list(AbstractQuery.java:138)
	at org.activiti.engine.impl.test.JobTestHelper.areJobsAvailable(JobTestHelper.java:194)
	at org.activiti.engine.impl.test.JobTestHelper.waitForJobExecutorToProcessAllJobs(JobTestHelper.java:74)
	at org.activiti.engine.impl.test.JobTestHelper.waitForJobExecutorToProcessAllJobs(JobTestHelper.java:47)
	at org.activiti.engine.impl.test.AbstractActivitiTestCase.waitForJobExecutorToProcessAllJobs(AbstractActivitiTestCase.java:204)
	at org.activiti.engine.test.bpmn.servicetask.ServiceTaskVariablesTest.testSerializedVariablesBothAsync(ServiceTaskVariablesTest.java:80)
	at sun.reflect.NativeMethodAccessorImpl.invoke0(Native Method)
	at sun.reflect.NativeMethodAccessorImpl.invoke(NativeMethodAccessorImpl.java:62)
	at sun.reflect.DelegatingMethodAccessorImpl.invoke(DelegatingMethodAccessorImpl.java:43)
	at java.lang.reflect.Method.invoke(Method.java:498)
	at junit.framework.TestCase.runTest(TestCase.java:176)
	at org.activiti.engine.impl.test.PvmTestCase.runTest(PvmTestCase.java:65)
	at junit.framework.TestCase.runBare(TestCase.java:141)
	at org.activiti.engine.impl.test.AbstractActivitiTestCase.runBare(AbstractActivitiTestCase.java:100)
	at junit.framework.TestResult$1.protect(TestResult.java:122)
	at junit.framework.TestResult.runProtected(TestResult.java:142)
	at junit.framework.TestResult.run(TestResult.java:125)
	at junit.framework.TestCase.run(TestCase.java:129)
	at junit.framework.TestSuite.runTest(TestSuite.java:255)
	at junit.framework.TestSuite.run(TestSuite.java:250)
	at org.junit.internal.runners.JUnit38ClassRunner.run(JUnit38ClassRunner.java:84)
	at org.apache.maven.surefire.junit4.JUnit4TestSet.execute(JUnit4TestSet.java:35)
	at org.apache.maven.surefire.junit4.JUnit4Provider.executeTestSet(JUnit4Provider.java:146)
	at org.apache.maven.surefire.junit4.JUnit4Provider.invoke(JUnit4Provider.java:97)
	at sun.reflect.NativeMethodAccessorImpl.invoke0(Native Method)
	at sun.reflect.NativeMethodAccessorImpl.invoke(NativeMethodAccessorImpl.java:62)
	at sun.reflect.DelegatingMethodAccessorImpl.invoke(DelegatingMethodAccessorImpl.java:43)
	at java.lang.reflect.Method.invoke(Method.java:498)
	at org.apache.maven.surefire.booter.ProviderFactory$ClassLoaderProxy.invoke(ProviderFactory.java:103)
	at com.sun.proxy.$Proxy0.invoke(Unknown Source)
	at org.apache.maven.surefire.booter.SurefireStarter.invokeProvider(SurefireStarter.java:145)
	at org.apache.maven.surefire.booter.SurefireStarter.runSuitesInProcess(SurefireStarter.java:87)
	at org.apache.maven.surefire.booter.ForkedBooter.main(ForkedBooter.java:69)
Caused by: org.h2.jdbc.JdbcSQLException: Syntax error in SQL statement &quot;SELECT RES.* 
     
    FROM ACT_RU_JOB RES
     
      
   
     ORDER BY  ORDER[*] BY RES.ID_ ASC  
    LIMIT ? OFFSET ? &quot;; expected &quot;=, NOT, EXISTS, INTERSECTS, SELECT, FROM&quot;; SQL statement:
select RES.* 
     
    from ACT_RU_JOB RES
     
      
   
     order by  order by RES.ID_ asc  
    LIMIT ? OFFSET ? [42001-176]
	at org.h2.message.DbException.getJdbcSQLException(DbException.java:344)
	at org.h2.message.DbException.getSyntaxError(DbException.java:204)
	at org.h2.command.Parser.getSyntaxError(Parser.java:524)
	at org.h2.command.Parser.readTerm(Parser.java:2688)
	at org.h2.command.Parser.readFactor(Parser.java:2244)
	at org.h2.command.Parser.readSum(Parser.java:2231)
	at org.h2.command.Parser.readConcat(Parser.java:2201)
	at org.h2.command.Parser.readCondition(Parser.java:2051)
	at org.h2.command.Parser.readAnd(Parser.java:2023)
	at org.h2.command.Parser.readExpression(Parser.java:2015)
	at org.h2.command.Parser.parseEndOfQuery(Parser.java:1726)
	at org.h2.command.Parser.parseSelectUnionExtension(Parser.java:1706)
	at org.h2.command.Parser.parseSelectUnion(Parser.java:1675)
	at org.h2.command.Parser.parseSelect(Parser.java:1662)
	at org.h2.command.Parser.parsePrepared(Parser.java:434)
	at org.h2.command.Parser.parse(Parser.java:306)
	at org.h2.command.Parser.parse(Parser.java:282)
	at org.h2.command.Parser.prepareCommand(Parser.java:243)
	at org.h2.engine.Session.prepareLocal(Session.java:442)
	at org.h2.engine.Session.prepareCommand(Session.java:384)
	at org.h2.jdbc.JdbcConnection.prepareCommand(JdbcConnection.java:1188)
	at org.h2.jdbc.JdbcPreparedStatement.&lt;init&gt;(JdbcPreparedStatement.java:73)
	at org.h2.jdbc.JdbcConnection.prepareStatement(JdbcConnection.java:276)
	at sun.reflect.GeneratedMethodAccessor6.invoke(Unknown Source)
	at sun.reflect.DelegatingMethodAccessorImpl.invoke(DelegatingMethodAccessorImpl.java:43)
	at java.lang.reflect.Method.invoke(Method.java:498)
	at org.apache.ibatis.datasource.pooled.PooledConnection.invoke(PooledConnection.java:245)
	at com.sun.proxy.$Proxy12.prepareStatement(Unknown Source)
	at sun.reflect.GeneratedMethodAccessor6.invoke(Unknown Source)
	at sun.reflect.DelegatingMethodAccessorImpl.invoke(DelegatingMethodAccessorImpl.java:43)
	at java.lang.reflect.Method.invoke(Method.java:498)
	at org.apache.ibatis.logging.jdbc.ConnectionLogger.invoke(ConnectionLogger.java:55)
	at com.sun.proxy.$Proxy12.prepareStatement(Unknown Source)
	at org.apache.ibatis.executor.statement.PreparedStatementHandler.instantiateStatement(PreparedStatementHandler.java:79)
	at org.apache.ibatis.executor.statement.BaseStatementHandler.prepare(BaseStatementHandler.java:88)
	at org.apache.ibatis.executor.statement.RoutingStatementHandler.prepare(RoutingStatementHandler.java:58)
	at org.apache.ibatis.executor.SimpleExecutor.prepareStatement(SimpleExecutor.java:76)
	at org.apache.ibatis.executor.SimpleExecutor.doQuery(SimpleExecutor.java:61)
	at org.apache.ibatis.executor.BaseExecutor.queryFromDatabase(BaseExecutor.java:303)
	at org.apache.ibatis.executor.BaseExecutor.query(BaseExecutor.java:154)
	at org.apache.ibatis.executor.CachingExecutor.query(CachingExecutor.java:102)
	at org.apache.ibatis.executor.CachingExecutor.query(CachingExecutor.java:82)
	at org.apache.ibatis.session.defaults.DefaultSqlSession.selectList(DefaultSqlSession.java:120)
	... 45 more
10:47:00,672 [main] DEBUG org.activiti.engine.impl.cfg.standalone.StandaloneMybatisTransactionContext  - firing event rolling back...
10:47:00,672 [main] DEBUG org.activiti.engine.impl.cfg.standalone.StandaloneMybatisTransactionContext  - rolling back ibatis sql session...
10:47:00,672 [main] DEBUG org.activiti.engine.impl.cfg.standalone.StandaloneMybatisTransactionContext  - firing event rolled back...
10:47:00,672 [main] DEBUG org.apache.ibatis.transaction.jdbc.JdbcTransaction  - Resetting autocommit to true on JDBC Connection [conn6: url=jdbc:h2:mem:activiti user=SA]
10:47:00,672 [main] DEBUG org.apache.ibatis.transaction.jdbc.JdbcTransaction  - Closing JDBC Connection [conn6: url=jdbc:h2:mem:activiti user=SA]
10:47:00,672 [main] DEBUG org.apache.ibatis.datasource.pooled.PooledDataSource  - Returned connection 486346394 to pool.
10:47:00,672 [main] DEBUG org.activiti.engine.impl.interceptor.LogInterceptor  - --- JobQueryImpl finished --------------------------------------------------------
10:47:00,672 [main] DEBUG org.activiti.engine.impl.interceptor.LogInterceptor  - 

10:47:01,180 [main] DEBUG org.activiti.engine.impl.interceptor.LogInterceptor  - 

10:47:01,180 [main] DEBUG org.activiti.engine.impl.interceptor.LogInterceptor  - --- starting JobQueryImpl --------------------------------------------------------
10:47:01,181 [main] DEBUG org.apache.ibatis.transaction.jdbc.JdbcTransaction  - Opening JDBC Connection
10:47:01,181 [main] DEBUG org.apache.ibatis.datasource.pooled.PooledDataSource  - Checked out connection 297240765 from pool.
10:47:01,181 [main] DEBUG org.apache.ibatis.transaction.jdbc.JdbcTransaction  - Setting autocommit to false on JDBC Connection [conn4: url=jdbc:h2:mem:activiti user=SA]
10:47:01,181 [main] DEBUG org.activiti.engine.impl.persistence.entity.JobEntity.selectJobByQueryCriteria  - ==&gt;  Preparing: select RES.* from ACT_RU_JOB RES order by order by RES.ID_ asc LIMIT ? OFFSET ? 
10:47:01,181 [main] DEBUG org.activiti.engine.impl.interceptor.CommandContext  - Error while closing command context
org.apache.ibatis.exceptions.PersistenceException: 
### Error querying database.  Cause: org.h2.jdbc.JdbcSQLException: Syntax error in SQL statement &quot;SELECT RES.* 
     
    FROM ACT_RU_JOB RES
     
      
   
     ORDER BY  ORDER[*] BY RES.ID_ ASC  
    LIMIT ? OFFSET ? &quot;; expected &quot;=, NOT, EXISTS, INTERSECTS, SELECT, FROM&quot;; SQL statement:
select RES.* 
     
    from ACT_RU_JOB RES
     
      
   
     order by  order by RES.ID_ asc  
    LIMIT ? OFFSET ? [42001-176]
### The error may exist in org/activiti/db/mapping/entity/Job.xml
### The error may involve org.activiti.engine.impl.persistence.entity.JobEntity.selectJobByQueryCriteria
### The error occurred while executing a query
### SQL: select RES.*            from ACT_RU_JOB RES                       order by  order by RES.ID_ asc       LIMIT ? OFFSET ?
### Cause: org.h2.jdbc.JdbcSQLException: Syntax error in SQL statement &quot;SELECT RES.* 
     
    FROM ACT_RU_JOB RES
     
      
   
     ORDER BY  ORDER[*] BY RES.ID_ ASC  
    LIMIT ? OFFSET ? &quot;; expected &quot;=, NOT, EXISTS, INTERSECTS, SELECT, FROM&quot;; SQL statement:
select RES.* 
     
    from ACT_RU_JOB RES
     
      
   
     order by  order by RES.ID_ asc  
    LIMIT ? OFFSET ? [42001-176]
	at org.apache.ibatis.exceptions.ExceptionFactory.wrapException(ExceptionFactory.java:30)
	at org.apache.ibatis.session.defaults.DefaultSqlSession.selectList(DefaultSqlSession.java:122)
	at org.apache.ibatis.session.defaults.DefaultSqlSession.selectList(DefaultSqlSession.java:113)
	at org.activiti.engine.impl.db.DbSqlSession.selectListWithRawParameter(DbSqlSession.java:438)
	at org.activiti.engine.impl.db.DbSqlSession.selectList(DbSqlSession.java:429)
	at org.activiti.engine.impl.db.DbSqlSession.selectList(DbSqlSession.java:419)
	at org.activiti.engine.impl.persistence.entity.JobEntityManager.findJobsByQueryCriteria(JobEntityManager.java:198)
	at org.activiti.engine.impl.JobQueryImpl.executeList(JobQueryImpl.java:243)
	at org.activiti.engine.impl.AbstractQuery.execute(AbstractQuery.java:164)
	at org.activiti.engine.impl.interceptor.CommandInvoker.execute(CommandInvoker.java:24)
	at org.activiti.engine.impl.interceptor.CommandContextInterceptor.execute(CommandContextInterceptor.java:57)
	at org.activiti.engine.impl.interceptor.LogInterceptor.execute(LogInterceptor.java:37)
	at org.activiti.engine.impl.cfg.CommandExecutorImpl.execute(CommandExecutorImpl.java:40)
	at org.activiti.engine.impl.cfg.CommandExecutorImpl.execute(CommandExecutorImpl.java:35)
	at org.activiti.engine.impl.AbstractQuery.list(AbstractQuery.java:138)
	at org.activiti.engine.impl.test.JobTestHelper.areJobsAvailable(JobTestHelper.java:194)
	at org.activiti.engine.impl.test.JobTestHelper.waitForJobExecutorToProcessAllJobs(JobTestHelper.java:74)
	at org.activiti.engine.impl.test.JobTestHelper.waitForJobExecutorToProcessAllJobs(JobTestHelper.java:47)
	at org.activiti.engine.impl.test.AbstractActivitiTestCase.waitForJobExecutorToProcessAllJobs(AbstractActivitiTestCase.java:204)
	at org.activiti.engine.test.bpmn.servicetask.ServiceTaskVariablesTest.testSerializedVariablesBothAsync(ServiceTaskVariablesTest.java:80)
	at sun.reflect.NativeMethodAccessorImpl.invoke0(Native Method)
	at sun.reflect.NativeMethodAccessorImpl.invoke(NativeMethodAccessorImpl.java:62)
	at sun.reflect.DelegatingMethodAccessorImpl.invoke(DelegatingMethodAccessorImpl.java:43)
	at java.lang.reflect.Method.invoke(Method.java:498)
	at junit.framework.TestCase.runTest(TestCase.java:176)
	at org.activiti.engine.impl.test.PvmTestCase.runTest(PvmTestCase.java:65)
	at junit.framework.TestCase.runBare(TestCase.java:141)
	at org.activiti.engine.impl.test.AbstractActivitiTestCase.runBare(AbstractActivitiTestCase.java:100)
	at junit.framework.TestResult$1.protect(TestResult.java:122)
	at junit.framework.TestResult.runProtected(TestResult.java:142)
	at junit.framework.TestResult.run(TestResult.java:125)
	at junit.framework.TestCase.run(TestCase.java:129)
	at junit.framework.TestSuite.runTest(TestSuite.java:255)
	at junit.framework.TestSuite.run(TestSuite.java:250)
	at org.junit.internal.runners.JUnit38ClassRunner.run(JUnit38ClassRunner.java:84)
	at org.apache.maven.surefire.junit4.JUnit4TestSet.execute(JUnit4TestSet.java:35)
	at org.apache.maven.surefire.junit4.JUnit4Provider.executeTestSet(JUnit4Provider.java:146)
	at org.apache.maven.surefire.junit4.JUnit4Provider.invoke(JUnit4Provider.java:97)
	at sun.reflect.NativeMethodAccessorImpl.invoke0(Native Method)
	at sun.reflect.NativeMethodAccessorImpl.invoke(NativeMethodAccessorImpl.java:62)
	at sun.reflect.DelegatingMethodAccessorImpl.invoke(DelegatingMethodAccessorImpl.java:43)
	at java.lang.reflect.Method.invoke(Method.java:498)
	at org.apache.maven.surefire.booter.ProviderFactory$ClassLoaderProxy.invoke(ProviderFactory.java:103)
	at com.sun.proxy.$Proxy0.invoke(Unknown Source)
	at org.apache.maven.surefire.booter.SurefireStarter.invokeProvider(SurefireStarter.java:145)
	at org.apache.maven.surefire.booter.SurefireStarter.runSuitesInProcess(SurefireStarter.java:87)
	at org.apache.maven.surefire.booter.ForkedBooter.main(ForkedBooter.java:69)
Caused by: org.h2.jdbc.JdbcSQLException: Syntax error in SQL statement &quot;SELECT RES.* 
     
    FROM ACT_RU_JOB RES
     
      
   
     ORDER BY  ORDER[*] BY RES.ID_ ASC  
    LIMIT ? OFFSET ? &quot;; expected &quot;=, NOT, EXISTS, INTERSECTS, SELECT, FROM&quot;; SQL statement:
select RES.* 
     
    from ACT_RU_JOB RES
     
      
   
     order by  order by RES.ID_ asc  
    LIMIT ? OFFSET ? [42001-176]
	at org.h2.message.DbException.getJdbcSQLException(DbException.java:344)
	at org.h2.message.DbException.getSyntaxError(DbException.java:204)
	at org.h2.command.Parser.getSyntaxError(Parser.java:524)
	at org.h2.command.Parser.readTerm(Parser.java:2688)
	at org.h2.command.Parser.readFactor(Parser.java:2244)
	at org.h2.command.Parser.readSum(Parser.java:2231)
	at org.h2.command.Parser.readConcat(Parser.java:2201)
	at org.h2.command.Parser.readCondition(Parser.java:2051)
	at org.h2.command.Parser.readAnd(Parser.java:2023)
	at org.h2.command.Parser.readExpression(Parser.java:2015)
	at org.h2.command.Parser.parseEndOfQuery(Parser.java:1726)
	at org.h2.command.Parser.parseSelectUnionExtension(Parser.java:1706)
	at org.h2.command.Parser.parseSelectUnion(Parser.java:1675)
	at org.h2.command.Parser.parseSelect(Parser.java:1662)
	at org.h2.command.Parser.parsePrepared(Parser.java:434)
	at org.h2.command.Parser.parse(Parser.java:306)
	at org.h2.command.Parser.parse(Parser.java:282)
	at org.h2.command.Parser.prepareCommand(Parser.java:243)
	at org.h2.engine.Session.prepareLocal(Session.java:442)
	at org.h2.engine.Session.prepareCommand(Session.java:384)
	at org.h2.jdbc.JdbcConnection.prepareCommand(JdbcConnection.java:1188)
	at org.h2.jdbc.JdbcPreparedStatement.&lt;init&gt;(JdbcPreparedStatement.java:73)
	at org.h2.jdbc.JdbcConnection.prepareStatement(JdbcConnection.java:276)
	at sun.reflect.GeneratedMethodAccessor6.invoke(Unknown Source)
	at sun.reflect.DelegatingMethodAccessorImpl.invoke(DelegatingMethodAccessorImpl.java:43)
	at java.lang.reflect.Method.invoke(Method.java:498)
	at org.apache.ibatis.datasource.pooled.PooledConnection.invoke(PooledConnection.java:245)
	at com.sun.proxy.$Proxy12.prepareStatement(Unknown Source)
	at sun.reflect.GeneratedMethodAccessor6.invoke(Unknown Source)
	at sun.reflect.DelegatingMethodAccessorImpl.invoke(DelegatingMethodAccessorImpl.java:43)
	at java.lang.reflect.Method.invoke(Method.java:498)
	at org.apache.ibatis.logging.jdbc.ConnectionLogger.invoke(ConnectionLogger.java:55)
	at com.sun.proxy.$Proxy12.prepareStatement(Unknown Source)
	at org.apache.ibatis.executor.statement.PreparedStatementHandler.instantiateStatement(PreparedStatementHandler.java:79)
	at org.apache.ibatis.executor.statement.BaseStatementHandler.prepare(BaseStatementHandler.java:88)
	at org.apache.ibatis.executor.statement.RoutingStatementHandler.prepare(RoutingStatementHandler.java:58)
	at org.apache.ibatis.executor.SimpleExecutor.prepareStatement(SimpleExecutor.java:76)
	at org.apache.ibatis.executor.SimpleExecutor.doQuery(SimpleExecutor.java:61)
	at org.apache.ibatis.executor.BaseExecutor.queryFromDatabase(BaseExecutor.java:303)
	at org.apache.ibatis.executor.BaseExecutor.query(BaseExecutor.java:154)
	at org.apache.ibatis.executor.CachingExecutor.query(CachingExecutor.java:102)
	at org.apache.ibatis.executor.CachingExecutor.query(CachingExecutor.java:82)
	at org.apache.ibatis.session.defaults.DefaultSqlSession.selectList(DefaultSqlSession.java:120)
	... 45 more
10:47:01,183 [main] DEBUG org.activiti.engine.impl.cfg.standalone.StandaloneMybatisTransactionContext  - firing event rolling back...
10:47:01,183 [main] DEBUG org.activiti.engine.impl.cfg.standalone.StandaloneMybatisTransactionContext  - rolling back ibatis sql session...
10:47:01,183 [main] DEBUG org.activiti.engine.impl.cfg.standalone.StandaloneMybatisTransactionContext  - firing event rolled back...
10:47:01,183 [main] DEBUG org.apache.ibatis.transaction.jdbc.JdbcTransaction  - Resetting autocommit to true on JDBC Connection [conn4: url=jdbc:h2:mem:activiti user=SA]
10:47:01,183 [main] DEBUG org.apache.ibatis.transaction.jdbc.JdbcTransaction  - Closing JDBC Connection [conn4: url=jdbc:h2:mem:activiti user=SA]
10:47:01,183 [main] DEBUG org.apache.ibatis.datasource.pooled.PooledDataSource  - Returned connection 297240765 to pool.
10:47:01,183 [main] DEBUG org.activiti.engine.impl.interceptor.LogInterceptor  - --- JobQueryImpl finished --------------------------------------------------------
10:47:01,183 [main] DEBUG org.activiti.engine.impl.interceptor.LogInterceptor  - 

10:47:01,665 [Thread-48] DEBUG org.activiti.engine.impl.asyncexecutor.AcquireAsyncJobsDueRunnable  - async job acquisition thread woke up
10:47:01,665 [Thread-48] DEBUG org.activiti.engine.impl.interceptor.LogInterceptor  - 

10:47:01,665 [Thread-48] DEBUG org.activiti.engine.impl.interceptor.LogInterceptor  - --- starting AcquireAsyncJobsDueCmd --------------------------------------------------------
10:47:01,665 [Thread-47] DEBUG org.activiti.engine.impl.asyncexecutor.AcquireTimerJobsRunnable  - timer job acquisition thread woke up
10:47:01,665 [Thread-47] DEBUG org.activiti.engine.impl.interceptor.LogInterceptor  - 

10:47:01,665 [Thread-47] DEBUG org.activiti.engine.impl.interceptor.LogInterceptor  - --- starting AcquireTimerJobsCmd --------------------------------------------------------
10:47:01,665 [Thread-47] DEBUG org.apache.ibatis.transaction.jdbc.JdbcTransaction  - Opening JDBC Connection
10:47:01,665 [Thread-48] DEBUG org.apache.ibatis.transaction.jdbc.JdbcTransaction  - Opening JDBC Connection
10:47:01,665 [Thread-47] DEBUG org.apache.ibatis.datasource.pooled.PooledDataSource  - Checked out connection 180014677 from pool.
10:47:01,665 [Thread-47] DEBUG org.apache.ibatis.transaction.jdbc.JdbcTransaction  - Setting autocommit to false on JDBC Connection [conn3: url=jdbc:h2:mem:activiti user=SA]
10:47:01,665 [Thread-47] DEBUG org.activiti.engine.impl.persistence.entity.JobEntity.selectNextTimerJobsToExecute  - ==&gt;  Preparing: select RES.* from ACT_RU_JOB RES LEFT OUTER JOIN ACT_RU_EXECUTION PI ON PI.ID_ = RES.PROCESS_INSTANCE_ID_ where (RES.RETRIES_ &gt; 0) and (RES.DUEDATE_ is null or RES.DUEDATE_ &lt;= ?) and (RES.LOCK_OWNER_ is null or RES.LOCK_EXP_TIME_ &lt;= ?) and TYPE_ = &apos;timer&apos; and ( (RES.EXECUTION_ID_ is null) or (PI.SUSPENSION_STATE_ = 1) ) LIMIT ? OFFSET ? 
10:47:01,665 [Thread-47] DEBUG org.activiti.engine.impl.persistence.entity.JobEntity.selectNextTimerJobsToExecute  - ==&gt; Parameters: 2023-03-20 10:46:46.742(Timestamp), 2023-03-20 10:46:46.742(Timestamp), 1(Integer), 0(Integer)
10:47:01,665 [Thread-47] DEBUG org.activiti.engine.impl.persistence.entity.JobEntity.selectNextTimerJobsToExecute  - &lt;==      Total: 0
10:47:01,665 [Thread-47] DEBUG org.activiti.engine.impl.db.DbSqlSession  - flush summary: 0 insert, 0 update, 0 delete.
10:47:01,666 [Thread-47] DEBUG org.activiti.engine.impl.db.DbSqlSession  - now executing flush...
10:47:01,666 [Thread-47] DEBUG org.activiti.engine.impl.cfg.standalone.StandaloneMybatisTransactionContext  - firing event committing...
10:47:01,666 [Thread-47] DEBUG org.activiti.engine.impl.cfg.standalone.StandaloneMybatisTransactionContext  - committing the ibatis sql session...
10:47:01,666 [Thread-47] DEBUG org.activiti.engine.impl.cfg.standalone.StandaloneMybatisTransactionContext  - firing event committed...
10:47:01,666 [Thread-47] DEBUG org.apache.ibatis.transaction.jdbc.JdbcTransaction  - Resetting autocommit to true on JDBC Connection [conn3: url=jdbc:h2:mem:activiti user=SA]
10:47:01,666 [Thread-47] DEBUG org.apache.ibatis.transaction.jdbc.JdbcTransaction  - Closing JDBC Connection [conn3: url=jdbc:h2:mem:activiti user=SA]
10:47:01,666 [Thread-47] DEBUG org.apache.ibatis.datasource.pooled.PooledDataSource  - Returned connection 180014677 to pool.
10:47:01,666 [Thread-47] DEBUG org.activiti.engine.impl.interceptor.LogInterceptor  - --- AcquireTimerJobsCmd finished --------------------------------------------------------
10:47:01,666 [Thread-47] DEBUG org.activiti.engine.impl.interceptor.LogInterceptor  - 

10:47:01,666 [Thread-47] DEBUG org.activiti.engine.impl.asyncexecutor.AcquireTimerJobsRunnable  - timer job acquisition thread sleeping for 1000 millis
10:47:01,666 [Thread-48] DEBUG org.apache.ibatis.datasource.pooled.PooledDataSource  - Checked out connection 363509958 from pool.
10:47:01,666 [Thread-48] DEBUG org.apache.ibatis.transaction.jdbc.JdbcTransaction  - Setting autocommit to false on JDBC Connection [conn2: url=jdbc:h2:mem:activiti user=SA]
10:47:01,666 [Thread-48] DEBUG org.activiti.engine.impl.persistence.entity.JobEntity.selectAsyncJobsDueToExecute  - ==&gt;  Preparing: select RES.* from ACT_RU_JOB RES LEFT OUTER JOIN ACT_RU_EXECUTION PI ON PI.ID_ = RES.PROCESS_INSTANCE_ID_ where RES.RETRIES_ &gt; 0 and RES.DUEDATE_ is not null and RES.DUEDATE_ &lt;= ? and (RES.LOCK_EXP_TIME_ is null or RES.LOCK_EXP_TIME_ &lt;= ?) and TYPE_ = &apos;message&apos; and ( (RES.EXECUTION_ID_ is null) or (PI.SUSPENSION_STATE_ = 1) ) LIMIT ? OFFSET ? 
10:47:01,666 [Thread-48] DEBUG org.activiti.engine.impl.persistence.entity.JobEntity.selectAsyncJobsDueToExecute  - ==&gt; Parameters: 2023-03-20 10:46:46.742(Timestamp), 2023-03-20 10:46:46.742(Timestamp), 1(Integer), 0(Integer)
10:47:01,666 [Thread-48] DEBUG org.activiti.engine.impl.persistence.entity.JobEntity.selectAsyncJobsDueToExecute  - &lt;==      Total: 0
10:47:01,666 [Thread-48] DEBUG org.activiti.engine.impl.db.DbSqlSession  - flush summary: 0 insert, 0 update, 0 delete.
10:47:01,666 [Thread-48] DEBUG org.activiti.engine.impl.db.DbSqlSession  - now executing flush...
10:47:01,666 [Thread-48] DEBUG org.activiti.engine.impl.cfg.standalone.StandaloneMybatisTransactionContext  - firing event committing...
10:47:01,666 [Thread-48] DEBUG org.activiti.engine.impl.cfg.standalone.StandaloneMybatisTransactionContext  - committing the ibatis sql session...
10:47:01,666 [Thread-48] DEBUG org.activiti.engine.impl.cfg.standalone.StandaloneMybatisTransactionContext  - firing event committed...
10:47:01,666 [Thread-48] DEBUG org.apache.ibatis.transaction.jdbc.JdbcTransaction  - Resetting autocommit to true on JDBC Connection [conn2: url=jdbc:h2:mem:activiti user=SA]
10:47:01,666 [Thread-48] DEBUG org.apache.ibatis.transaction.jdbc.JdbcTransaction  - Closing JDBC Connection [conn2: url=jdbc:h2:mem:activiti user=SA]
10:47:01,666 [Thread-48] DEBUG org.apache.ibatis.datasource.pooled.PooledDataSource  - Returned connection 363509958 to pool.
10:47:01,666 [Thread-48] DEBUG org.activiti.engine.impl.interceptor.LogInterceptor  - --- AcquireAsyncJobsDueCmd finished --------------------------------------------------------
10:47:01,666 [Thread-48] DEBUG org.activiti.engine.impl.interceptor.LogInterceptor  - 

10:47:01,666 [Thread-48] DEBUG org.activiti.engine.impl.asyncexecutor.AcquireAsyncJobsDueRunnable  - async job acquisition thread sleeping for 1000 millis
10:47:01,696 [main] DEBUG org.activiti.engine.impl.interceptor.LogInterceptor  - 

10:47:01,696 [main] DEBUG org.activiti.engine.impl.interceptor.LogInterceptor  - --- starting JobQueryImpl --------------------------------------------------------
10:47:01,696 [main] DEBUG org.apache.ibatis.transaction.jdbc.JdbcTransaction  - Opening JDBC Connection
10:47:01,696 [main] DEBUG org.apache.ibatis.datasource.pooled.PooledDataSource  - Checked out connection 486346394 from pool.
10:47:01,696 [main] DEBUG org.apache.ibatis.transaction.jdbc.JdbcTransaction  - Setting autocommit to false on JDBC Connection [conn6: url=jdbc:h2:mem:activiti user=SA]
10:47:01,696 [main] DEBUG org.activiti.engine.impl.persistence.entity.JobEntity.selectJobByQueryCriteria  - ==&gt;  Preparing: select RES.* from ACT_RU_JOB RES order by order by RES.ID_ asc LIMIT ? OFFSET ? 
10:47:01,696 [main] DEBUG org.activiti.engine.impl.interceptor.CommandContext  - Error while closing command context
org.apache.ibatis.exceptions.PersistenceException: 
### Error querying database.  Cause: org.h2.jdbc.JdbcSQLException: Syntax error in SQL statement &quot;SELECT RES.* 
     
    FROM ACT_RU_JOB RES
     
      
   
     ORDER BY  ORDER[*] BY RES.ID_ ASC  
    LIMIT ? OFFSET ? &quot;; expected &quot;=, NOT, EXISTS, INTERSECTS, SELECT, FROM&quot;; SQL statement:
select RES.* 
     
    from ACT_RU_JOB RES
     
      
   
     order by  order by RES.ID_ asc  
    LIMIT ? OFFSET ? [42001-176]
### The error may exist in org/activiti/db/mapping/entity/Job.xml
### The error may involve org.activiti.engine.impl.persistence.entity.JobEntity.selectJobByQueryCriteria
### The error occurred while executing a query
### SQL: select RES.*            from ACT_RU_JOB RES                       order by  order by RES.ID_ asc       LIMIT ? OFFSET ?
### Cause: org.h2.jdbc.JdbcSQLException: Syntax error in SQL statement &quot;SELECT RES.* 
     
    FROM ACT_RU_JOB RES
     
      
   
     ORDER BY  ORDER[*] BY RES.ID_ ASC  
    LIMIT ? OFFSET ? &quot;; expected &quot;=, NOT, EXISTS, INTERSECTS, SELECT, FROM&quot;; SQL statement:
select RES.* 
     
    from ACT_RU_JOB RES
     
      
   
     order by  order by RES.ID_ asc  
    LIMIT ? OFFSET ? [42001-176]
	at org.apache.ibatis.exceptions.ExceptionFactory.wrapException(ExceptionFactory.java:30)
	at org.apache.ibatis.session.defaults.DefaultSqlSession.selectList(DefaultSqlSession.java:122)
	at org.apache.ibatis.session.defaults.DefaultSqlSession.selectList(DefaultSqlSession.java:113)
	at org.activiti.engine.impl.db.DbSqlSession.selectListWithRawParameter(DbSqlSession.java:438)
	at org.activiti.engine.impl.db.DbSqlSession.selectList(DbSqlSession.java:429)
	at org.activiti.engine.impl.db.DbSqlSession.selectList(DbSqlSession.java:419)
	at org.activiti.engine.impl.persistence.entity.JobEntityManager.findJobsByQueryCriteria(JobEntityManager.java:198)
	at org.activiti.engine.impl.JobQueryImpl.executeList(JobQueryImpl.java:243)
	at org.activiti.engine.impl.AbstractQuery.execute(AbstractQuery.java:164)
	at org.activiti.engine.impl.interceptor.CommandInvoker.execute(CommandInvoker.java:24)
	at org.activiti.engine.impl.interceptor.CommandContextInterceptor.execute(CommandContextInterceptor.java:57)
	at org.activiti.engine.impl.interceptor.LogInterceptor.execute(LogInterceptor.java:37)
	at org.activiti.engine.impl.cfg.CommandExecutorImpl.execute(CommandExecutorImpl.java:40)
	at org.activiti.engine.impl.cfg.CommandExecutorImpl.execute(CommandExecutorImpl.java:35)
	at org.activiti.engine.impl.AbstractQuery.list(AbstractQuery.java:138)
	at org.activiti.engine.impl.test.JobTestHelper.areJobsAvailable(JobTestHelper.java:194)
	at org.activiti.engine.impl.test.JobTestHelper.waitForJobExecutorToProcessAllJobs(JobTestHelper.java:74)
	at org.activiti.engine.impl.test.JobTestHelper.waitForJobExecutorToProcessAllJobs(JobTestHelper.java:47)
	at org.activiti.engine.impl.test.AbstractActivitiTestCase.waitForJobExecutorToProcessAllJobs(AbstractActivitiTestCase.java:204)
	at org.activiti.engine.test.bpmn.servicetask.ServiceTaskVariablesTest.testSerializedVariablesBothAsync(ServiceTaskVariablesTest.java:80)
	at sun.reflect.NativeMethodAccessorImpl.invoke0(Native Method)
	at sun.reflect.NativeMethodAccessorImpl.invoke(NativeMethodAccessorImpl.java:62)
	at sun.reflect.DelegatingMethodAccessorImpl.invoke(DelegatingMethodAccessorImpl.java:43)
	at java.lang.reflect.Method.invoke(Method.java:498)
	at junit.framework.TestCase.runTest(TestCase.java:176)
	at org.activiti.engine.impl.test.PvmTestCase.runTest(PvmTestCase.java:65)
	at junit.framework.TestCase.runBare(TestCase.java:141)
	at org.activiti.engine.impl.test.AbstractActivitiTestCase.runBare(AbstractActivitiTestCase.java:100)
	at junit.framework.TestResult$1.protect(TestResult.java:122)
	at junit.framework.TestResult.runProtected(TestResult.java:142)
	at junit.framework.TestResult.run(TestResult.java:125)
	at junit.framework.TestCase.run(TestCase.java:129)
	at junit.framework.TestSuite.runTest(TestSuite.java:255)
	at junit.framework.TestSuite.run(TestSuite.java:250)
	at org.junit.internal.runners.JUnit38ClassRunner.run(JUnit38ClassRunner.java:84)
	at org.apache.maven.surefire.junit4.JUnit4TestSet.execute(JUnit4TestSet.java:35)
	at org.apache.maven.surefire.junit4.JUnit4Provider.executeTestSet(JUnit4Provider.java:146)
	at org.apache.maven.surefire.junit4.JUnit4Provider.invoke(JUnit4Provider.java:97)
	at sun.reflect.NativeMethodAccessorImpl.invoke0(Native Method)
	at sun.reflect.NativeMethodAccessorImpl.invoke(NativeMethodAccessorImpl.java:62)
	at sun.reflect.DelegatingMethodAccessorImpl.invoke(DelegatingMethodAccessorImpl.java:43)
	at java.lang.reflect.Method.invoke(Method.java:498)
	at org.apache.maven.surefire.booter.ProviderFactory$ClassLoaderProxy.invoke(ProviderFactory.java:103)
	at com.sun.proxy.$Proxy0.invoke(Unknown Source)
	at org.apache.maven.surefire.booter.SurefireStarter.invokeProvider(SurefireStarter.java:145)
	at org.apache.maven.surefire.booter.SurefireStarter.runSuitesInProcess(SurefireStarter.java:87)
	at org.apache.maven.surefire.booter.ForkedBooter.main(ForkedBooter.java:69)
Caused by: org.h2.jdbc.JdbcSQLException: Syntax error in SQL statement &quot;SELECT RES.* 
     
    FROM ACT_RU_JOB RES
     
      
   
     ORDER BY  ORDER[*] BY RES.ID_ ASC  
    LIMIT ? OFFSET ? &quot;; expected &quot;=, NOT, EXISTS, INTERSECTS, SELECT, FROM&quot;; SQL statement:
select RES.* 
     
    from ACT_RU_JOB RES
     
      
   
     order by  order by RES.ID_ asc  
    LIMIT ? OFFSET ? [42001-176]
	at org.h2.message.DbException.getJdbcSQLException(DbException.java:344)
	at org.h2.message.DbException.getSyntaxError(DbException.java:204)
	at org.h2.command.Parser.getSyntaxError(Parser.java:524)
	at org.h2.command.Parser.readTerm(Parser.java:2688)
	at org.h2.command.Parser.readFactor(Parser.java:2244)
	at org.h2.command.Parser.readSum(Parser.java:2231)
	at org.h2.command.Parser.readConcat(Parser.java:2201)
	at org.h2.command.Parser.readCondition(Parser.java:2051)
	at org.h2.command.Parser.readAnd(Parser.java:2023)
	at org.h2.command.Parser.readExpression(Parser.java:2015)
	at org.h2.command.Parser.parseEndOfQuery(Parser.java:1726)
	at org.h2.command.Parser.parseSelectUnionExtension(Parser.java:1706)
	at org.h2.command.Parser.parseSelectUnion(Parser.java:1675)
	at org.h2.command.Parser.parseSelect(Parser.java:1662)
	at org.h2.command.Parser.parsePrepared(Parser.java:434)
	at org.h2.command.Parser.parse(Parser.java:306)
	at org.h2.command.Parser.parse(Parser.java:282)
	at org.h2.command.Parser.prepareCommand(Parser.java:243)
	at org.h2.engine.Session.prepareLocal(Session.java:442)
	at org.h2.engine.Session.prepareCommand(Session.java:384)
	at org.h2.jdbc.JdbcConnection.prepareCommand(JdbcConnection.java:1188)
	at org.h2.jdbc.JdbcPreparedStatement.&lt;init&gt;(JdbcPreparedStatement.java:73)
	at org.h2.jdbc.JdbcConnection.prepareStatement(JdbcConnection.java:276)
	at sun.reflect.GeneratedMethodAccessor6.invoke(Unknown Source)
	at sun.reflect.DelegatingMethodAccessorImpl.invoke(DelegatingMethodAccessorImpl.java:43)
	at java.lang.reflect.Method.invoke(Method.java:498)
	at org.apache.ibatis.datasource.pooled.PooledConnection.invoke(PooledConnection.java:245)
	at com.sun.proxy.$Proxy12.prepareStatement(Unknown Source)
	at sun.reflect.GeneratedMethodAccessor6.invoke(Unknown Source)
	at sun.reflect.DelegatingMethodAccessorImpl.invoke(DelegatingMethodAccessorImpl.java:43)
	at java.lang.reflect.Method.invoke(Method.java:498)
	at org.apache.ibatis.logging.jdbc.ConnectionLogger.invoke(ConnectionLogger.java:55)
	at com.sun.proxy.$Proxy12.prepareStatement(Unknown Source)
	at org.apache.ibatis.executor.statement.PreparedStatementHandler.instantiateStatement(PreparedStatementHandler.java:79)
	at org.apache.ibatis.executor.statement.BaseStatementHandler.prepare(BaseStatementHandler.java:88)
	at org.apache.ibatis.executor.statement.RoutingStatementHandler.prepare(RoutingStatementHandler.java:58)
	at org.apache.ibatis.executor.SimpleExecutor.prepareStatement(SimpleExecutor.java:76)
	at org.apache.ibatis.executor.SimpleExecutor.doQuery(SimpleExecutor.java:61)
	at org.apache.ibatis.executor.BaseExecutor.queryFromDatabase(BaseExecutor.java:303)
	at org.apache.ibatis.executor.BaseExecutor.query(BaseExecutor.java:154)
	at org.apache.ibatis.executor.CachingExecutor.query(CachingExecutor.java:102)
	at org.apache.ibatis.executor.CachingExecutor.query(CachingExecutor.java:82)
	at org.apache.ibatis.session.defaults.DefaultSqlSession.selectList(DefaultSqlSession.java:120)
	... 45 more
10:47:01,697 [main] DEBUG org.activiti.engine.impl.cfg.standalone.StandaloneMybatisTransactionContext  - firing event rolling back...
10:47:01,697 [main] DEBUG org.activiti.engine.impl.cfg.standalone.StandaloneMybatisTransactionContext  - rolling back ibatis sql session...
10:47:01,697 [main] DEBUG org.activiti.engine.impl.cfg.standalone.StandaloneMybatisTransactionContext  - firing event rolled back...
10:47:01,697 [main] DEBUG org.apache.ibatis.transaction.jdbc.JdbcTransaction  - Resetting autocommit to true on JDBC Connection [conn6: url=jdbc:h2:mem:activiti user=SA]
10:47:01,697 [main] DEBUG org.apache.ibatis.transaction.jdbc.JdbcTransaction  - Closing JDBC Connection [conn6: url=jdbc:h2:mem:activiti user=SA]
10:47:01,697 [main] DEBUG org.apache.ibatis.datasource.pooled.PooledDataSource  - Returned connection 486346394 to pool.
10:47:01,697 [main] DEBUG org.activiti.engine.impl.interceptor.LogInterceptor  - --- JobQueryImpl finished --------------------------------------------------------
10:47:01,697 [main] DEBUG org.activiti.engine.impl.interceptor.LogInterceptor  - 

10:47:02,213 [main] DEBUG org.activiti.engine.impl.interceptor.LogInterceptor  - 

10:47:02,213 [main] DEBUG org.activiti.engine.impl.interceptor.LogInterceptor  - --- starting JobQueryImpl --------------------------------------------------------
10:47:02,213 [main] DEBUG org.apache.ibatis.transaction.jdbc.JdbcTransaction  - Opening JDBC Connection
10:47:02,213 [main] DEBUG org.apache.ibatis.datasource.pooled.PooledDataSource  - Checked out connection 297240765 from pool.
10:47:02,213 [main] DEBUG org.apache.ibatis.transaction.jdbc.JdbcTransaction  - Setting autocommit to false on JDBC Connection [conn4: url=jdbc:h2:mem:activiti user=SA]
10:47:02,213 [main] DEBUG org.activiti.engine.impl.persistence.entity.JobEntity.selectJobByQueryCriteria  - ==&gt;  Preparing: select RES.* from ACT_RU_JOB RES order by order by RES.ID_ asc LIMIT ? OFFSET ? 
10:47:02,213 [main] DEBUG org.activiti.engine.impl.interceptor.CommandContext  - Error while closing command context
org.apache.ibatis.exceptions.PersistenceException: 
### Error querying database.  Cause: org.h2.jdbc.JdbcSQLException: Syntax error in SQL statement &quot;SELECT RES.* 
     
    FROM ACT_RU_JOB RES
     
      
   
     ORDER BY  ORDER[*] BY RES.ID_ ASC  
    LIMIT ? OFFSET ? &quot;; expected &quot;=, NOT, EXISTS, INTERSECTS, SELECT, FROM&quot;; SQL statement:
select RES.* 
     
    from ACT_RU_JOB RES
     
      
   
     order by  order by RES.ID_ asc  
    LIMIT ? OFFSET ? [42001-176]
### The error may exist in org/activiti/db/mapping/entity/Job.xml
### The error may involve org.activiti.engine.impl.persistence.entity.JobEntity.selectJobByQueryCriteria
### The error occurred while executing a query
### SQL: select RES.*            from ACT_RU_JOB RES                       order by  order by RES.ID_ asc       LIMIT ? OFFSET ?
### Cause: org.h2.jdbc.JdbcSQLException: Syntax error in SQL statement &quot;SELECT RES.* 
     
    FROM ACT_RU_JOB RES
     
      
   
     ORDER BY  ORDER[*] BY RES.ID_ ASC  
    LIMIT ? OFFSET ? &quot;; expected &quot;=, NOT, EXISTS, INTERSECTS, SELECT, FROM&quot;; SQL statement:
select RES.* 
     
    from ACT_RU_JOB RES
     
      
   
     order by  order by RES.ID_ asc  
    LIMIT ? OFFSET ? [42001-176]
	at org.apache.ibatis.exceptions.ExceptionFactory.wrapException(ExceptionFactory.java:30)
	at org.apache.ibatis.session.defaults.DefaultSqlSession.selectList(DefaultSqlSession.java:122)
	at org.apache.ibatis.session.defaults.DefaultSqlSession.selectList(DefaultSqlSession.java:113)
	at org.activiti.engine.impl.db.DbSqlSession.selectListWithRawParameter(DbSqlSession.java:438)
	at org.activiti.engine.impl.db.DbSqlSession.selectList(DbSqlSession.java:429)
	at org.activiti.engine.impl.db.DbSqlSession.selectList(DbSqlSession.java:419)
	at org.activiti.engine.impl.persistence.entity.JobEntityManager.findJobsByQueryCriteria(JobEntityManager.java:198)
	at org.activiti.engine.impl.JobQueryImpl.executeList(JobQueryImpl.java:243)
	at org.activiti.engine.impl.AbstractQuery.execute(AbstractQuery.java:164)
	at org.activiti.engine.impl.interceptor.CommandInvoker.execute(CommandInvoker.java:24)
	at org.activiti.engine.impl.interceptor.CommandContextInterceptor.execute(CommandContextInterceptor.java:57)
	at org.activiti.engine.impl.interceptor.LogInterceptor.execute(LogInterceptor.java:37)
	at org.activiti.engine.impl.cfg.CommandExecutorImpl.execute(CommandExecutorImpl.java:40)
	at org.activiti.engine.impl.cfg.CommandExecutorImpl.execute(CommandExecutorImpl.java:35)
	at org.activiti.engine.impl.AbstractQuery.list(AbstractQuery.java:138)
	at org.activiti.engine.impl.test.JobTestHelper.areJobsAvailable(JobTestHelper.java:194)
	at org.activiti.engine.impl.test.JobTestHelper.waitForJobExecutorToProcessAllJobs(JobTestHelper.java:74)
	at org.activiti.engine.impl.test.JobTestHelper.waitForJobExecutorToProcessAllJobs(JobTestHelper.java:47)
	at org.activiti.engine.impl.test.AbstractActivitiTestCase.waitForJobExecutorToProcessAllJobs(AbstractActivitiTestCase.java:204)
	at org.activiti.engine.test.bpmn.servicetask.ServiceTaskVariablesTest.testSerializedVariablesBothAsync(ServiceTaskVariablesTest.java:80)
	at sun.reflect.NativeMethodAccessorImpl.invoke0(Native Method)
	at sun.reflect.NativeMethodAccessorImpl.invoke(NativeMethodAccessorImpl.java:62)
	at sun.reflect.DelegatingMethodAccessorImpl.invoke(DelegatingMethodAccessorImpl.java:43)
	at java.lang.reflect.Method.invoke(Method.java:498)
	at junit.framework.TestCase.runTest(TestCase.java:176)
	at org.activiti.engine.impl.test.PvmTestCase.runTest(PvmTestCase.java:65)
	at junit.framework.TestCase.runBare(TestCase.java:141)
	at org.activiti.engine.impl.test.AbstractActivitiTestCase.runBare(AbstractActivitiTestCase.java:100)
	at junit.framework.TestResult$1.protect(TestResult.java:122)
	at junit.framework.TestResult.runProtected(TestResult.java:142)
	at junit.framework.TestResult.run(TestResult.java:125)
	at junit.framework.TestCase.run(TestCase.java:129)
	at junit.framework.TestSuite.runTest(TestSuite.java:255)
	at junit.framework.TestSuite.run(TestSuite.java:250)
	at org.junit.internal.runners.JUnit38ClassRunner.run(JUnit38ClassRunner.java:84)
	at org.apache.maven.surefire.junit4.JUnit4TestSet.execute(JUnit4TestSet.java:35)
	at org.apache.maven.surefire.junit4.JUnit4Provider.executeTestSet(JUnit4Provider.java:146)
	at org.apache.maven.surefire.junit4.JUnit4Provider.invoke(JUnit4Provider.java:97)
	at sun.reflect.NativeMethodAccessorImpl.invoke0(Native Method)
	at sun.reflect.NativeMethodAccessorImpl.invoke(NativeMethodAccessorImpl.java:62)
	at sun.reflect.DelegatingMethodAccessorImpl.invoke(DelegatingMethodAccessorImpl.java:43)
	at java.lang.reflect.Method.invoke(Method.java:498)
	at org.apache.maven.surefire.booter.ProviderFactory$ClassLoaderProxy.invoke(ProviderFactory.java:103)
	at com.sun.proxy.$Proxy0.invoke(Unknown Source)
	at org.apache.maven.surefire.booter.SurefireStarter.invokeProvider(SurefireStarter.java:145)
	at org.apache.maven.surefire.booter.SurefireStarter.runSuitesInProcess(SurefireStarter.java:87)
	at org.apache.maven.surefire.booter.ForkedBooter.main(ForkedBooter.java:69)
Caused by: org.h2.jdbc.JdbcSQLException: Syntax error in SQL statement &quot;SELECT RES.* 
     
    FROM ACT_RU_JOB RES
     
      
   
     ORDER BY  ORDER[*] BY RES.ID_ ASC  
    LIMIT ? OFFSET ? &quot;; expected &quot;=, NOT, EXISTS, INTERSECTS, SELECT, FROM&quot;; SQL statement:
select RES.* 
     
    from ACT_RU_JOB RES
     
      
   
     order by  order by RES.ID_ asc  
    LIMIT ? OFFSET ? [42001-176]
	at org.h2.message.DbException.getJdbcSQLException(DbException.java:344)
	at org.h2.message.DbException.getSyntaxError(DbException.java:204)
	at org.h2.command.Parser.getSyntaxError(Parser.java:524)
	at org.h2.command.Parser.readTerm(Parser.java:2688)
	at org.h2.command.Parser.readFactor(Parser.java:2244)
	at org.h2.command.Parser.readSum(Parser.java:2231)
	at org.h2.command.Parser.readConcat(Parser.java:2201)
	at org.h2.command.Parser.readCondition(Parser.java:2051)
	at org.h2.command.Parser.readAnd(Parser.java:2023)
	at org.h2.command.Parser.readExpression(Parser.java:2015)
	at org.h2.command.Parser.parseEndOfQuery(Parser.java:1726)
	at org.h2.command.Parser.parseSelectUnionExtension(Parser.java:1706)
	at org.h2.command.Parser.parseSelectUnion(Parser.java:1675)
	at org.h2.command.Parser.parseSelect(Parser.java:1662)
	at org.h2.command.Parser.parsePrepared(Parser.java:434)
	at org.h2.command.Parser.parse(Parser.java:306)
	at org.h2.command.Parser.parse(Parser.java:282)
	at org.h2.command.Parser.prepareCommand(Parser.java:243)
	at org.h2.engine.Session.prepareLocal(Session.java:442)
	at org.h2.engine.Session.prepareCommand(Session.java:384)
	at org.h2.jdbc.JdbcConnection.prepareCommand(JdbcConnection.java:1188)
	at org.h2.jdbc.JdbcPreparedStatement.&lt;init&gt;(JdbcPreparedStatement.java:73)
	at org.h2.jdbc.JdbcConnection.prepareStatement(JdbcConnection.java:276)
	at sun.reflect.GeneratedMethodAccessor6.invoke(Unknown Source)
	at sun.reflect.DelegatingMethodAccessorImpl.invoke(DelegatingMethodAccessorImpl.java:43)
	at java.lang.reflect.Method.invoke(Method.java:498)
	at org.apache.ibatis.datasource.pooled.PooledConnection.invoke(PooledConnection.java:245)
	at com.sun.proxy.$Proxy12.prepareStatement(Unknown Source)
	at sun.reflect.GeneratedMethodAccessor6.invoke(Unknown Source)
	at sun.reflect.DelegatingMethodAccessorImpl.invoke(DelegatingMethodAccessorImpl.java:43)
	at java.lang.reflect.Method.invoke(Method.java:498)
	at org.apache.ibatis.logging.jdbc.ConnectionLogger.invoke(ConnectionLogger.java:55)
	at com.sun.proxy.$Proxy12.prepareStatement(Unknown Source)
	at org.apache.ibatis.executor.statement.PreparedStatementHandler.instantiateStatement(PreparedStatementHandler.java:79)
	at org.apache.ibatis.executor.statement.BaseStatementHandler.prepare(BaseStatementHandler.java:88)
	at org.apache.ibatis.executor.statement.RoutingStatementHandler.prepare(RoutingStatementHandler.java:58)
	at org.apache.ibatis.executor.SimpleExecutor.prepareStatement(SimpleExecutor.java:76)
	at org.apache.ibatis.executor.SimpleExecutor.doQuery(SimpleExecutor.java:61)
	at org.apache.ibatis.executor.BaseExecutor.queryFromDatabase(BaseExecutor.java:303)
	at org.apache.ibatis.executor.BaseExecutor.query(BaseExecutor.java:154)
	at org.apache.ibatis.executor.CachingExecutor.query(CachingExecutor.java:102)
	at org.apache.ibatis.executor.CachingExecutor.query(CachingExecutor.java:82)
	at org.apache.ibatis.session.defaults.DefaultSqlSession.selectList(DefaultSqlSession.java:120)
	... 45 more
10:47:02,213 [main] DEBUG org.activiti.engine.impl.cfg.standalone.StandaloneMybatisTransactionContext  - firing event rolling back...
10:47:02,214 [main] DEBUG org.activiti.engine.impl.cfg.standalone.StandaloneMybatisTransactionContext  - rolling back ibatis sql session...
10:47:02,214 [main] DEBUG org.activiti.engine.impl.cfg.standalone.StandaloneMybatisTransactionContext  - firing event rolled back...
10:47:02,214 [main] DEBUG org.apache.ibatis.transaction.jdbc.JdbcTransaction  - Resetting autocommit to true on JDBC Connection [conn4: url=jdbc:h2:mem:activiti user=SA]
10:47:02,214 [main] DEBUG org.apache.ibatis.transaction.jdbc.JdbcTransaction  - Closing JDBC Connection [conn4: url=jdbc:h2:mem:activiti user=SA]
10:47:02,214 [main] DEBUG org.apache.ibatis.datasource.pooled.PooledDataSource  - Returned connection 297240765 to pool.
10:47:02,214 [main] DEBUG org.activiti.engine.impl.interceptor.LogInterceptor  - --- JobQueryImpl finished --------------------------------------------------------
10:47:02,214 [main] DEBUG org.activiti.engine.impl.interceptor.LogInterceptor  - 

10:47:02,668 [Thread-48] DEBUG org.activiti.engine.impl.asyncexecutor.AcquireAsyncJobsDueRunnable  - async job acquisition thread woke up
10:47:02,668 [Thread-47] DEBUG org.activiti.engine.impl.asyncexecutor.AcquireTimerJobsRunnable  - timer job acquisition thread woke up
10:47:02,668 [Thread-48] DEBUG org.activiti.engine.impl.interceptor.LogInterceptor  - 

10:47:02,668 [Thread-48] DEBUG org.activiti.engine.impl.interceptor.LogInterceptor  - --- starting AcquireAsyncJobsDueCmd --------------------------------------------------------
10:47:02,668 [Thread-47] DEBUG org.activiti.engine.impl.interceptor.LogInterceptor  - 

10:47:02,668 [Thread-47] DEBUG org.activiti.engine.impl.interceptor.LogInterceptor  - --- starting AcquireTimerJobsCmd --------------------------------------------------------
10:47:02,668 [Thread-48] DEBUG org.apache.ibatis.transaction.jdbc.JdbcTransaction  - Opening JDBC Connection
10:47:02,668 [Thread-48] DEBUG org.apache.ibatis.datasource.pooled.PooledDataSource  - Checked out connection 180014677 from pool.
10:47:02,668 [Thread-48] DEBUG org.apache.ibatis.transaction.jdbc.JdbcTransaction  - Setting autocommit to false on JDBC Connection [conn3: url=jdbc:h2:mem:activiti user=SA]
10:47:02,668 [Thread-48] DEBUG org.activiti.engine.impl.persistence.entity.JobEntity.selectAsyncJobsDueToExecute  - ==&gt;  Preparing: select RES.* from ACT_RU_JOB RES LEFT OUTER JOIN ACT_RU_EXECUTION PI ON PI.ID_ = RES.PROCESS_INSTANCE_ID_ where RES.RETRIES_ &gt; 0 and RES.DUEDATE_ is not null and RES.DUEDATE_ &lt;= ? and (RES.LOCK_EXP_TIME_ is null or RES.LOCK_EXP_TIME_ &lt;= ?) and TYPE_ = &apos;message&apos; and ( (RES.EXECUTION_ID_ is null) or (PI.SUSPENSION_STATE_ = 1) ) LIMIT ? OFFSET ? 
10:47:02,668 [Thread-48] DEBUG org.activiti.engine.impl.persistence.entity.JobEntity.selectAsyncJobsDueToExecute  - ==&gt; Parameters: 2023-03-20 10:46:46.742(Timestamp), 2023-03-20 10:46:46.742(Timestamp), 1(Integer), 0(Integer)
10:47:02,668 [Thread-48] DEBUG org.activiti.engine.impl.persistence.entity.JobEntity.selectAsyncJobsDueToExecute  - &lt;==      Total: 0
10:47:02,668 [Thread-47] DEBUG org.apache.ibatis.transaction.jdbc.JdbcTransaction  - Opening JDBC Connection
10:47:02,668 [Thread-47] DEBUG org.apache.ibatis.datasource.pooled.PooledDataSource  - Checked out connection 363509958 from pool.
10:47:02,668 [Thread-47] DEBUG org.apache.ibatis.transaction.jdbc.JdbcTransaction  - Setting autocommit to false on JDBC Connection [conn2: url=jdbc:h2:mem:activiti user=SA]
10:47:02,668 [Thread-48] DEBUG org.activiti.engine.impl.db.DbSqlSession  - flush summary: 0 insert, 0 update, 0 delete.
10:47:02,668 [Thread-48] DEBUG org.activiti.engine.impl.db.DbSqlSession  - now executing flush...
10:47:02,668 [Thread-48] DEBUG org.activiti.engine.impl.cfg.standalone.StandaloneMybatisTransactionContext  - firing event committing...
10:47:02,668 [Thread-48] DEBUG org.activiti.engine.impl.cfg.standalone.StandaloneMybatisTransactionContext  - committing the ibatis sql session...
10:47:02,668 [Thread-48] DEBUG org.activiti.engine.impl.cfg.standalone.StandaloneMybatisTransactionContext  - firing event committed...
10:47:02,669 [Thread-48] DEBUG org.apache.ibatis.transaction.jdbc.JdbcTransaction  - Resetting autocommit to true on JDBC Connection [conn3: url=jdbc:h2:mem:activiti user=SA]
10:47:02,668 [Thread-47] DEBUG org.activiti.engine.impl.persistence.entity.JobEntity.selectNextTimerJobsToExecute  - ==&gt;  Preparing: select RES.* from ACT_RU_JOB RES LEFT OUTER JOIN ACT_RU_EXECUTION PI ON PI.ID_ = RES.PROCESS_INSTANCE_ID_ where (RES.RETRIES_ &gt; 0) and (RES.DUEDATE_ is null or RES.DUEDATE_ &lt;= ?) and (RES.LOCK_OWNER_ is null or RES.LOCK_EXP_TIME_ &lt;= ?) and TYPE_ = &apos;timer&apos; and ( (RES.EXECUTION_ID_ is null) or (PI.SUSPENSION_STATE_ = 1) ) LIMIT ? OFFSET ? 
10:47:02,669 [Thread-48] DEBUG org.apache.ibatis.transaction.jdbc.JdbcTransaction  - Closing JDBC Connection [conn3: url=jdbc:h2:mem:activiti user=SA]
10:47:02,669 [Thread-48] DEBUG org.apache.ibatis.datasource.pooled.PooledDataSource  - Returned connection 180014677 to pool.
10:47:02,669 [Thread-47] DEBUG org.activiti.engine.impl.persistence.entity.JobEntity.selectNextTimerJobsToExecute  - ==&gt; Parameters: 2023-03-20 10:46:46.742(Timestamp), 2023-03-20 10:46:46.742(Timestamp), 1(Integer), 0(Integer)
10:47:02,669 [Thread-48] DEBUG org.activiti.engine.impl.interceptor.LogInterceptor  - --- AcquireAsyncJobsDueCmd finished --------------------------------------------------------
10:47:02,669 [Thread-48] DEBUG org.activiti.engine.impl.interceptor.LogInterceptor  - 

10:47:02,669 [Thread-47] DEBUG org.activiti.engine.impl.persistence.entity.JobEntity.selectNextTimerJobsToExecute  - &lt;==      Total: 0
10:47:02,669 [Thread-48] DEBUG org.activiti.engine.impl.asyncexecutor.AcquireAsyncJobsDueRunnable  - async job acquisition thread sleeping for 1000 millis
10:47:02,669 [Thread-47] DEBUG org.activiti.engine.impl.db.DbSqlSession  - flush summary: 0 insert, 0 update, 0 delete.
10:47:02,669 [Thread-47] DEBUG org.activiti.engine.impl.db.DbSqlSession  - now executing flush...
10:47:02,669 [Thread-47] DEBUG org.activiti.engine.impl.cfg.standalone.StandaloneMybatisTransactionContext  - firing event committing...
10:47:02,669 [Thread-47] DEBUG org.activiti.engine.impl.cfg.standalone.StandaloneMybatisTransactionContext  - committing the ibatis sql session...
10:47:02,669 [Thread-47] DEBUG org.activiti.engine.impl.cfg.standalone.StandaloneMybatisTransactionContext  - firing event committed...
10:47:02,669 [Thread-47] DEBUG org.apache.ibatis.transaction.jdbc.JdbcTransaction  - Resetting autocommit to true on JDBC Connection [conn2: url=jdbc:h2:mem:activiti user=SA]
10:47:02,669 [Thread-47] DEBUG org.apache.ibatis.transaction.jdbc.JdbcTransaction  - Closing JDBC Connection [conn2: url=jdbc:h2:mem:activiti user=SA]
10:47:02,669 [Thread-47] DEBUG org.apache.ibatis.datasource.pooled.PooledDataSource  - Returned connection 363509958 to pool.
10:47:02,669 [Thread-47] DEBUG org.activiti.engine.impl.interceptor.LogInterceptor  - --- AcquireTimerJobsCmd finished --------------------------------------------------------
10:47:02,669 [Thread-47] DEBUG org.activiti.engine.impl.interceptor.LogInterceptor  - 

10:47:02,669 [Thread-47] DEBUG org.activiti.engine.impl.asyncexecutor.AcquireTimerJobsRunnable  - timer job acquisition thread sleeping for 1000 millis
10:47:02,716 [main] DEBUG org.activiti.engine.impl.interceptor.LogInterceptor  - 

10:47:02,716 [main] DEBUG org.activiti.engine.impl.interceptor.LogInterceptor  - --- starting JobQueryImpl --------------------------------------------------------
10:47:02,716 [main] DEBUG org.apache.ibatis.transaction.jdbc.JdbcTransaction  - Opening JDBC Connection
10:47:02,716 [main] DEBUG org.apache.ibatis.datasource.pooled.PooledDataSource  - Checked out connection 486346394 from pool.
10:47:02,716 [main] DEBUG org.apache.ibatis.transaction.jdbc.JdbcTransaction  - Setting autocommit to false on JDBC Connection [conn6: url=jdbc:h2:mem:activiti user=SA]
10:47:02,716 [main] DEBUG org.activiti.engine.impl.persistence.entity.JobEntity.selectJobByQueryCriteria  - ==&gt;  Preparing: select RES.* from ACT_RU_JOB RES order by order by RES.ID_ asc LIMIT ? OFFSET ? 
10:47:02,716 [main] DEBUG org.activiti.engine.impl.interceptor.CommandContext  - Error while closing command context
org.apache.ibatis.exceptions.PersistenceException: 
### Error querying database.  Cause: org.h2.jdbc.JdbcSQLException: Syntax error in SQL statement &quot;SELECT RES.* 
     
    FROM ACT_RU_JOB RES
     
      
   
     ORDER BY  ORDER[*] BY RES.ID_ ASC  
    LIMIT ? OFFSET ? &quot;; expected &quot;=, NOT, EXISTS, INTERSECTS, SELECT, FROM&quot;; SQL statement:
select RES.* 
     
    from ACT_RU_JOB RES
     
      
   
     order by  order by RES.ID_ asc  
    LIMIT ? OFFSET ? [42001-176]
### The error may exist in org/activiti/db/mapping/entity/Job.xml
### The error may involve org.activiti.engine.impl.persistence.entity.JobEntity.selectJobByQueryCriteria
### The error occurred while executing a query
### SQL: select RES.*            from ACT_RU_JOB RES                       order by  order by RES.ID_ asc       LIMIT ? OFFSET ?
### Cause: org.h2.jdbc.JdbcSQLException: Syntax error in SQL statement &quot;SELECT RES.* 
     
    FROM ACT_RU_JOB RES
     
      
   
     ORDER BY  ORDER[*] BY RES.ID_ ASC  
    LIMIT ? OFFSET ? &quot;; expected &quot;=, NOT, EXISTS, INTERSECTS, SELECT, FROM&quot;; SQL statement:
select RES.* 
     
    from ACT_RU_JOB RES
     
      
   
     order by  order by RES.ID_ asc  
    LIMIT ? OFFSET ? [42001-176]
	at org.apache.ibatis.exceptions.ExceptionFactory.wrapException(ExceptionFactory.java:30)
	at org.apache.ibatis.session.defaults.DefaultSqlSession.selectList(DefaultSqlSession.java:122)
	at org.apache.ibatis.session.defaults.DefaultSqlSession.selectList(DefaultSqlSession.java:113)
	at org.activiti.engine.impl.db.DbSqlSession.selectListWithRawParameter(DbSqlSession.java:438)
	at org.activiti.engine.impl.db.DbSqlSession.selectList(DbSqlSession.java:429)
	at org.activiti.engine.impl.db.DbSqlSession.selectList(DbSqlSession.java:419)
	at org.activiti.engine.impl.persistence.entity.JobEntityManager.findJobsByQueryCriteria(JobEntityManager.java:198)
	at org.activiti.engine.impl.JobQueryImpl.executeList(JobQueryImpl.java:243)
	at org.activiti.engine.impl.AbstractQuery.execute(AbstractQuery.java:164)
	at org.activiti.engine.impl.interceptor.CommandInvoker.execute(CommandInvoker.java:24)
	at org.activiti.engine.impl.interceptor.CommandContextInterceptor.execute(CommandContextInterceptor.java:57)
	at org.activiti.engine.impl.interceptor.LogInterceptor.execute(LogInterceptor.java:37)
	at org.activiti.engine.impl.cfg.CommandExecutorImpl.execute(CommandExecutorImpl.java:40)
	at org.activiti.engine.impl.cfg.CommandExecutorImpl.execute(CommandExecutorImpl.java:35)
	at org.activiti.engine.impl.AbstractQuery.list(AbstractQuery.java:138)
	at org.activiti.engine.impl.test.JobTestHelper.areJobsAvailable(JobTestHelper.java:194)
	at org.activiti.engine.impl.test.JobTestHelper.waitForJobExecutorToProcessAllJobs(JobTestHelper.java:74)
	at org.activiti.engine.impl.test.JobTestHelper.waitForJobExecutorToProcessAllJobs(JobTestHelper.java:47)
	at org.activiti.engine.impl.test.AbstractActivitiTestCase.waitForJobExecutorToProcessAllJobs(AbstractActivitiTestCase.java:204)
	at org.activiti.engine.test.bpmn.servicetask.ServiceTaskVariablesTest.testSerializedVariablesBothAsync(ServiceTaskVariablesTest.java:80)
	at sun.reflect.NativeMethodAccessorImpl.invoke0(Native Method)
	at sun.reflect.NativeMethodAccessorImpl.invoke(NativeMethodAccessorImpl.java:62)
	at sun.reflect.DelegatingMethodAccessorImpl.invoke(DelegatingMethodAccessorImpl.java:43)
	at java.lang.reflect.Method.invoke(Method.java:498)
	at junit.framework.TestCase.runTest(TestCase.java:176)
	at org.activiti.engine.impl.test.PvmTestCase.runTest(PvmTestCase.java:65)
	at junit.framework.TestCase.runBare(TestCase.java:141)
	at org.activiti.engine.impl.test.AbstractActivitiTestCase.runBare(AbstractActivitiTestCase.java:100)
	at junit.framework.TestResult$1.protect(TestResult.java:122)
	at junit.framework.TestResult.runProtected(TestResult.java:142)
	at junit.framework.TestResult.run(TestResult.java:125)
	at junit.framework.TestCase.run(TestCase.java:129)
	at junit.framework.TestSuite.runTest(TestSuite.java:255)
	at junit.framework.TestSuite.run(TestSuite.java:250)
	at org.junit.internal.runners.JUnit38ClassRunner.run(JUnit38ClassRunner.java:84)
	at org.apache.maven.surefire.junit4.JUnit4TestSet.execute(JUnit4TestSet.java:35)
	at org.apache.maven.surefire.junit4.JUnit4Provider.executeTestSet(JUnit4Provider.java:146)
	at org.apache.maven.surefire.junit4.JUnit4Provider.invoke(JUnit4Provider.java:97)
	at sun.reflect.NativeMethodAccessorImpl.invoke0(Native Method)
	at sun.reflect.NativeMethodAccessorImpl.invoke(NativeMethodAccessorImpl.java:62)
	at sun.reflect.DelegatingMethodAccessorImpl.invoke(DelegatingMethodAccessorImpl.java:43)
	at java.lang.reflect.Method.invoke(Method.java:498)
	at org.apache.maven.surefire.booter.ProviderFactory$ClassLoaderProxy.invoke(ProviderFactory.java:103)
	at com.sun.proxy.$Proxy0.invoke(Unknown Source)
	at org.apache.maven.surefire.booter.SurefireStarter.invokeProvider(SurefireStarter.java:145)
	at org.apache.maven.surefire.booter.SurefireStarter.runSuitesInProcess(SurefireStarter.java:87)
	at org.apache.maven.surefire.booter.ForkedBooter.main(ForkedBooter.java:69)
Caused by: org.h2.jdbc.JdbcSQLException: Syntax error in SQL statement &quot;SELECT RES.* 
     
    FROM ACT_RU_JOB RES
     
      
   
     ORDER BY  ORDER[*] BY RES.ID_ ASC  
    LIMIT ? OFFSET ? &quot;; expected &quot;=, NOT, EXISTS, INTERSECTS, SELECT, FROM&quot;; SQL statement:
select RES.* 
     
    from ACT_RU_JOB RES
     
      
   
     order by  order by RES.ID_ asc  
    LIMIT ? OFFSET ? [42001-176]
	at org.h2.message.DbException.getJdbcSQLException(DbException.java:344)
	at org.h2.message.DbException.getSyntaxError(DbException.java:204)
	at org.h2.command.Parser.getSyntaxError(Parser.java:524)
	at org.h2.command.Parser.readTerm(Parser.java:2688)
	at org.h2.command.Parser.readFactor(Parser.java:2244)
	at org.h2.command.Parser.readSum(Parser.java:2231)
	at org.h2.command.Parser.readConcat(Parser.java:2201)
	at org.h2.command.Parser.readCondition(Parser.java:2051)
	at org.h2.command.Parser.readAnd(Parser.java:2023)
	at org.h2.command.Parser.readExpression(Parser.java:2015)
	at org.h2.command.Parser.parseEndOfQuery(Parser.java:1726)
	at org.h2.command.Parser.parseSelectUnionExtension(Parser.java:1706)
	at org.h2.command.Parser.parseSelectUnion(Parser.java:1675)
	at org.h2.command.Parser.parseSelect(Parser.java:1662)
	at org.h2.command.Parser.parsePrepared(Parser.java:434)
	at org.h2.command.Parser.parse(Parser.java:306)
	at org.h2.command.Parser.parse(Parser.java:282)
	at org.h2.command.Parser.prepareCommand(Parser.java:243)
	at org.h2.engine.Session.prepareLocal(Session.java:442)
	at org.h2.engine.Session.prepareCommand(Session.java:384)
	at org.h2.jdbc.JdbcConnection.prepareCommand(JdbcConnection.java:1188)
	at org.h2.jdbc.JdbcPreparedStatement.&lt;init&gt;(JdbcPreparedStatement.java:73)
	at org.h2.jdbc.JdbcConnection.prepareStatement(JdbcConnection.java:276)
	at sun.reflect.GeneratedMethodAccessor6.invoke(Unknown Source)
	at sun.reflect.DelegatingMethodAccessorImpl.invoke(DelegatingMethodAccessorImpl.java:43)
	at java.lang.reflect.Method.invoke(Method.java:498)
	at org.apache.ibatis.datasource.pooled.PooledConnection.invoke(PooledConnection.java:245)
	at com.sun.proxy.$Proxy12.prepareStatement(Unknown Source)
	at sun.reflect.GeneratedMethodAccessor6.invoke(Unknown Source)
	at sun.reflect.DelegatingMethodAccessorImpl.invoke(DelegatingMethodAccessorImpl.java:43)
	at java.lang.reflect.Method.invoke(Method.java:498)
	at org.apache.ibatis.logging.jdbc.ConnectionLogger.invoke(ConnectionLogger.java:55)
	at com.sun.proxy.$Proxy12.prepareStatement(Unknown Source)
	at org.apache.ibatis.executor.statement.PreparedStatementHandler.instantiateStatement(PreparedStatementHandler.java:79)
	at org.apache.ibatis.executor.statement.BaseStatementHandler.prepare(BaseStatementHandler.java:88)
	at org.apache.ibatis.executor.statement.RoutingStatementHandler.prepare(RoutingStatementHandler.java:58)
	at org.apache.ibatis.executor.SimpleExecutor.prepareStatement(SimpleExecutor.java:76)
	at org.apache.ibatis.executor.SimpleExecutor.doQuery(SimpleExecutor.java:61)
	at org.apache.ibatis.executor.BaseExecutor.queryFromDatabase(BaseExecutor.java:303)
	at org.apache.ibatis.executor.BaseExecutor.query(BaseExecutor.java:154)
	at org.apache.ibatis.executor.CachingExecutor.query(CachingExecutor.java:102)
	at org.apache.ibatis.executor.CachingExecutor.query(CachingExecutor.java:82)
	at org.apache.ibatis.session.defaults.DefaultSqlSession.selectList(DefaultSqlSession.java:120)
	... 45 more
10:47:02,716 [main] DEBUG org.activiti.engine.impl.cfg.standalone.StandaloneMybatisTransactionContext  - firing event rolling back...
10:47:02,716 [main] DEBUG org.activiti.engine.impl.cfg.standalone.StandaloneMybatisTransactionContext  - rolling back ibatis sql session...
10:47:02,716 [main] DEBUG org.activiti.engine.impl.cfg.standalone.StandaloneMybatisTransactionContext  - firing event rolled back...
10:47:02,716 [main] DEBUG org.apache.ibatis.transaction.jdbc.JdbcTransaction  - Resetting autocommit to true on JDBC Connection [conn6: url=jdbc:h2:mem:activiti user=SA]
10:47:02,716 [main] DEBUG org.apache.ibatis.transaction.jdbc.JdbcTransaction  - Closing JDBC Connection [conn6: url=jdbc:h2:mem:activiti user=SA]
10:47:02,716 [main] DEBUG org.apache.ibatis.datasource.pooled.PooledDataSource  - Returned connection 486346394 to pool.
10:47:02,716 [main] DEBUG org.activiti.engine.impl.interceptor.LogInterceptor  - --- JobQueryImpl finished --------------------------------------------------------
10:47:02,716 [main] DEBUG org.activiti.engine.impl.interceptor.LogInterceptor  - 

10:47:03,230 [main] DEBUG org.activiti.engine.impl.interceptor.LogInterceptor  - 

10:47:03,230 [main] DEBUG org.activiti.engine.impl.interceptor.LogInterceptor  - --- starting JobQueryImpl --------------------------------------------------------
10:47:03,230 [main] DEBUG org.apache.ibatis.transaction.jdbc.JdbcTransaction  - Opening JDBC Connection
10:47:03,230 [main] DEBUG org.apache.ibatis.datasource.pooled.PooledDataSource  - Checked out connection 297240765 from pool.
10:47:03,230 [main] DEBUG org.apache.ibatis.transaction.jdbc.JdbcTransaction  - Setting autocommit to false on JDBC Connection [conn4: url=jdbc:h2:mem:activiti user=SA]
10:47:03,230 [main] DEBUG org.activiti.engine.impl.persistence.entity.JobEntity.selectJobByQueryCriteria  - ==&gt;  Preparing: select RES.* from ACT_RU_JOB RES order by order by RES.ID_ asc LIMIT ? OFFSET ? 
10:47:03,230 [main] DEBUG org.activiti.engine.impl.interceptor.CommandContext  - Error while closing command context
org.apache.ibatis.exceptions.PersistenceException: 
### Error querying database.  Cause: org.h2.jdbc.JdbcSQLException: Syntax error in SQL statement &quot;SELECT RES.* 
     
    FROM ACT_RU_JOB RES
     
      
   
     ORDER BY  ORDER[*] BY RES.ID_ ASC  
    LIMIT ? OFFSET ? &quot;; expected &quot;=, NOT, EXISTS, INTERSECTS, SELECT, FROM&quot;; SQL statement:
select RES.* 
     
    from ACT_RU_JOB RES
     
      
   
     order by  order by RES.ID_ asc  
    LIMIT ? OFFSET ? [42001-176]
### The error may exist in org/activiti/db/mapping/entity/Job.xml
### The error may involve org.activiti.engine.impl.persistence.entity.JobEntity.selectJobByQueryCriteria
### The error occurred while executing a query
### SQL: select RES.*            from ACT_RU_JOB RES                       order by  order by RES.ID_ asc       LIMIT ? OFFSET ?
### Cause: org.h2.jdbc.JdbcSQLException: Syntax error in SQL statement &quot;SELECT RES.* 
     
    FROM ACT_RU_JOB RES
     
      
   
     ORDER BY  ORDER[*] BY RES.ID_ ASC  
    LIMIT ? OFFSET ? &quot;; expected &quot;=, NOT, EXISTS, INTERSECTS, SELECT, FROM&quot;; SQL statement:
select RES.* 
     
    from ACT_RU_JOB RES
     
      
   
     order by  order by RES.ID_ asc  
    LIMIT ? OFFSET ? [42001-176]
	at org.apache.ibatis.exceptions.ExceptionFactory.wrapException(ExceptionFactory.java:30)
	at org.apache.ibatis.session.defaults.DefaultSqlSession.selectList(DefaultSqlSession.java:122)
	at org.apache.ibatis.session.defaults.DefaultSqlSession.selectList(DefaultSqlSession.java:113)
	at org.activiti.engine.impl.db.DbSqlSession.selectListWithRawParameter(DbSqlSession.java:438)
	at org.activiti.engine.impl.db.DbSqlSession.selectList(DbSqlSession.java:429)
	at org.activiti.engine.impl.db.DbSqlSession.selectList(DbSqlSession.java:419)
	at org.activiti.engine.impl.persistence.entity.JobEntityManager.findJobsByQueryCriteria(JobEntityManager.java:198)
	at org.activiti.engine.impl.JobQueryImpl.executeList(JobQueryImpl.java:243)
	at org.activiti.engine.impl.AbstractQuery.execute(AbstractQuery.java:164)
	at org.activiti.engine.impl.interceptor.CommandInvoker.execute(CommandInvoker.java:24)
	at org.activiti.engine.impl.interceptor.CommandContextInterceptor.execute(CommandContextInterceptor.java:57)
	at org.activiti.engine.impl.interceptor.LogInterceptor.execute(LogInterceptor.java:37)
	at org.activiti.engine.impl.cfg.CommandExecutorImpl.execute(CommandExecutorImpl.java:40)
	at org.activiti.engine.impl.cfg.CommandExecutorImpl.execute(CommandExecutorImpl.java:35)
	at org.activiti.engine.impl.AbstractQuery.list(AbstractQuery.java:138)
	at org.activiti.engine.impl.test.JobTestHelper.areJobsAvailable(JobTestHelper.java:194)
	at org.activiti.engine.impl.test.JobTestHelper.waitForJobExecutorToProcessAllJobs(JobTestHelper.java:74)
	at org.activiti.engine.impl.test.JobTestHelper.waitForJobExecutorToProcessAllJobs(JobTestHelper.java:47)
	at org.activiti.engine.impl.test.AbstractActivitiTestCase.waitForJobExecutorToProcessAllJobs(AbstractActivitiTestCase.java:204)
	at org.activiti.engine.test.bpmn.servicetask.ServiceTaskVariablesTest.testSerializedVariablesBothAsync(ServiceTaskVariablesTest.java:80)
	at sun.reflect.NativeMethodAccessorImpl.invoke0(Native Method)
	at sun.reflect.NativeMethodAccessorImpl.invoke(NativeMethodAccessorImpl.java:62)
	at sun.reflect.DelegatingMethodAccessorImpl.invoke(DelegatingMethodAccessorImpl.java:43)
	at java.lang.reflect.Method.invoke(Method.java:498)
	at junit.framework.TestCase.runTest(TestCase.java:176)
	at org.activiti.engine.impl.test.PvmTestCase.runTest(PvmTestCase.java:65)
	at junit.framework.TestCase.runBare(TestCase.java:141)
	at org.activiti.engine.impl.test.AbstractActivitiTestCase.runBare(AbstractActivitiTestCase.java:100)
	at junit.framework.TestResult$1.protect(TestResult.java:122)
	at junit.framework.TestResult.runProtected(TestResult.java:142)
	at junit.framework.TestResult.run(TestResult.java:125)
	at junit.framework.TestCase.run(TestCase.java:129)
	at junit.framework.TestSuite.runTest(TestSuite.java:255)
	at junit.framework.TestSuite.run(TestSuite.java:250)
	at org.junit.internal.runners.JUnit38ClassRunner.run(JUnit38ClassRunner.java:84)
	at org.apache.maven.surefire.junit4.JUnit4TestSet.execute(JUnit4TestSet.java:35)
	at org.apache.maven.surefire.junit4.JUnit4Provider.executeTestSet(JUnit4Provider.java:146)
	at org.apache.maven.surefire.junit4.JUnit4Provider.invoke(JUnit4Provider.java:97)
	at sun.reflect.NativeMethodAccessorImpl.invoke0(Native Method)
	at sun.reflect.NativeMethodAccessorImpl.invoke(NativeMethodAccessorImpl.java:62)
	at sun.reflect.DelegatingMethodAccessorImpl.invoke(DelegatingMethodAccessorImpl.java:43)
	at java.lang.reflect.Method.invoke(Method.java:498)
	at org.apache.maven.surefire.booter.ProviderFactory$ClassLoaderProxy.invoke(ProviderFactory.java:103)
	at com.sun.proxy.$Proxy0.invoke(Unknown Source)
	at org.apache.maven.surefire.booter.SurefireStarter.invokeProvider(SurefireStarter.java:145)
	at org.apache.maven.surefire.booter.SurefireStarter.runSuitesInProcess(SurefireStarter.java:87)
	at org.apache.maven.surefire.booter.ForkedBooter.main(ForkedBooter.java:69)
Caused by: org.h2.jdbc.JdbcSQLException: Syntax error in SQL statement &quot;SELECT RES.* 
     
    FROM ACT_RU_JOB RES
     
      
   
     ORDER BY  ORDER[*] BY RES.ID_ ASC  
    LIMIT ? OFFSET ? &quot;; expected &quot;=, NOT, EXISTS, INTERSECTS, SELECT, FROM&quot;; SQL statement:
select RES.* 
     
    from ACT_RU_JOB RES
     
      
   
     order by  order by RES.ID_ asc  
    LIMIT ? OFFSET ? [42001-176]
	at org.h2.message.DbException.getJdbcSQLException(DbException.java:344)
	at org.h2.message.DbException.getSyntaxError(DbException.java:204)
	at org.h2.command.Parser.getSyntaxError(Parser.java:524)
	at org.h2.command.Parser.readTerm(Parser.java:2688)
	at org.h2.command.Parser.readFactor(Parser.java:2244)
	at org.h2.command.Parser.readSum(Parser.java:2231)
	at org.h2.command.Parser.readConcat(Parser.java:2201)
	at org.h2.command.Parser.readCondition(Parser.java:2051)
	at org.h2.command.Parser.readAnd(Parser.java:2023)
	at org.h2.command.Parser.readExpression(Parser.java:2015)
	at org.h2.command.Parser.parseEndOfQuery(Parser.java:1726)
	at org.h2.command.Parser.parseSelectUnionExtension(Parser.java:1706)
	at org.h2.command.Parser.parseSelectUnion(Parser.java:1675)
	at org.h2.command.Parser.parseSelect(Parser.java:1662)
	at org.h2.command.Parser.parsePrepared(Parser.java:434)
	at org.h2.command.Parser.parse(Parser.java:306)
	at org.h2.command.Parser.parse(Parser.java:282)
	at org.h2.command.Parser.prepareCommand(Parser.java:243)
	at org.h2.engine.Session.prepareLocal(Session.java:442)
	at org.h2.engine.Session.prepareCommand(Session.java:384)
	at org.h2.jdbc.JdbcConnection.prepareCommand(JdbcConnection.java:1188)
	at org.h2.jdbc.JdbcPreparedStatement.&lt;init&gt;(JdbcPreparedStatement.java:73)
	at org.h2.jdbc.JdbcConnection.prepareStatement(JdbcConnection.java:276)
	at sun.reflect.GeneratedMethodAccessor6.invoke(Unknown Source)
	at sun.reflect.DelegatingMethodAccessorImpl.invoke(DelegatingMethodAccessorImpl.java:43)
	at java.lang.reflect.Method.invoke(Method.java:498)
	at org.apache.ibatis.datasource.pooled.PooledConnection.invoke(PooledConnection.java:245)
	at com.sun.proxy.$Proxy12.prepareStatement(Unknown Source)
	at sun.reflect.GeneratedMethodAccessor6.invoke(Unknown Source)
	at sun.reflect.DelegatingMethodAccessorImpl.invoke(DelegatingMethodAccessorImpl.java:43)
	at java.lang.reflect.Method.invoke(Method.java:498)
	at org.apache.ibatis.logging.jdbc.ConnectionLogger.invoke(ConnectionLogger.java:55)
	at com.sun.proxy.$Proxy12.prepareStatement(Unknown Source)
	at org.apache.ibatis.executor.statement.PreparedStatementHandler.instantiateStatement(PreparedStatementHandler.java:79)
	at org.apache.ibatis.executor.statement.BaseStatementHandler.prepare(BaseStatementHandler.java:88)
	at org.apache.ibatis.executor.statement.RoutingStatementHandler.prepare(RoutingStatementHandler.java:58)
	at org.apache.ibatis.executor.SimpleExecutor.prepareStatement(SimpleExecutor.java:76)
	at org.apache.ibatis.executor.SimpleExecutor.doQuery(SimpleExecutor.java:61)
	at org.apache.ibatis.executor.BaseExecutor.queryFromDatabase(BaseExecutor.java:303)
	at org.apache.ibatis.executor.BaseExecutor.query(BaseExecutor.java:154)
	at org.apache.ibatis.executor.CachingExecutor.query(CachingExecutor.java:102)
	at org.apache.ibatis.executor.CachingExecutor.query(CachingExecutor.java:82)
	at org.apache.ibatis.session.defaults.DefaultSqlSession.selectList(DefaultSqlSession.java:120)
	... 45 more
10:47:03,231 [main] DEBUG org.activiti.engine.impl.cfg.standalone.StandaloneMybatisTransactionContext  - firing event rolling back...
10:47:03,231 [main] DEBUG org.activiti.engine.impl.cfg.standalone.StandaloneMybatisTransactionContext  - rolling back ibatis sql session...
10:47:03,231 [main] DEBUG org.activiti.engine.impl.cfg.standalone.StandaloneMybatisTransactionContext  - firing event rolled back...
10:47:03,231 [main] DEBUG org.apache.ibatis.transaction.jdbc.JdbcTransaction  - Resetting autocommit to true on JDBC Connection [conn4: url=jdbc:h2:mem:activiti user=SA]
10:47:03,231 [main] DEBUG org.apache.ibatis.transaction.jdbc.JdbcTransaction  - Closing JDBC Connection [conn4: url=jdbc:h2:mem:activiti user=SA]
10:47:03,231 [main] DEBUG org.apache.ibatis.datasource.pooled.PooledDataSource  - Returned connection 297240765 to pool.
10:47:03,231 [main] DEBUG org.activiti.engine.impl.interceptor.LogInterceptor  - --- JobQueryImpl finished --------------------------------------------------------
10:47:03,231 [main] DEBUG org.activiti.engine.impl.interceptor.LogInterceptor  - 

10:47:03,681 [Thread-47] DEBUG org.activiti.engine.impl.asyncexecutor.AcquireTimerJobsRunnable  - timer job acquisition thread woke up
10:47:03,681 [Thread-48] DEBUG org.activiti.engine.impl.asyncexecutor.AcquireAsyncJobsDueRunnable  - async job acquisition thread woke up
10:47:03,681 [Thread-48] DEBUG org.activiti.engine.impl.interceptor.LogInterceptor  - 

10:47:03,681 [Thread-48] DEBUG org.activiti.engine.impl.interceptor.LogInterceptor  - --- starting AcquireAsyncJobsDueCmd --------------------------------------------------------
10:47:03,681 [Thread-47] DEBUG org.activiti.engine.impl.interceptor.LogInterceptor  - 

10:47:03,681 [Thread-48] DEBUG org.apache.ibatis.transaction.jdbc.JdbcTransaction  - Opening JDBC Connection
10:47:03,681 [Thread-48] DEBUG org.apache.ibatis.datasource.pooled.PooledDataSource  - Checked out connection 180014677 from pool.
10:47:03,681 [Thread-47] DEBUG org.activiti.engine.impl.interceptor.LogInterceptor  - --- starting AcquireTimerJobsCmd --------------------------------------------------------
10:47:03,681 [Thread-48] DEBUG org.apache.ibatis.transaction.jdbc.JdbcTransaction  - Setting autocommit to false on JDBC Connection [conn3: url=jdbc:h2:mem:activiti user=SA]
10:47:03,681 [Thread-47] DEBUG org.apache.ibatis.transaction.jdbc.JdbcTransaction  - Opening JDBC Connection
10:47:03,681 [Thread-47] DEBUG org.apache.ibatis.datasource.pooled.PooledDataSource  - Checked out connection 363509958 from pool.
10:47:03,681 [Thread-47] DEBUG org.apache.ibatis.transaction.jdbc.JdbcTransaction  - Setting autocommit to false on JDBC Connection [conn2: url=jdbc:h2:mem:activiti user=SA]
10:47:03,681 [Thread-48] DEBUG org.activiti.engine.impl.persistence.entity.JobEntity.selectAsyncJobsDueToExecute  - ==&gt;  Preparing: select RES.* from ACT_RU_JOB RES LEFT OUTER JOIN ACT_RU_EXECUTION PI ON PI.ID_ = RES.PROCESS_INSTANCE_ID_ where RES.RETRIES_ &gt; 0 and RES.DUEDATE_ is not null and RES.DUEDATE_ &lt;= ? and (RES.LOCK_EXP_TIME_ is null or RES.LOCK_EXP_TIME_ &lt;= ?) and TYPE_ = &apos;message&apos; and ( (RES.EXECUTION_ID_ is null) or (PI.SUSPENSION_STATE_ = 1) ) LIMIT ? OFFSET ? 
10:47:03,681 [Thread-47] DEBUG org.activiti.engine.impl.persistence.entity.JobEntity.selectNextTimerJobsToExecute  - ==&gt;  Preparing: select RES.* from ACT_RU_JOB RES LEFT OUTER JOIN ACT_RU_EXECUTION PI ON PI.ID_ = RES.PROCESS_INSTANCE_ID_ where (RES.RETRIES_ &gt; 0) and (RES.DUEDATE_ is null or RES.DUEDATE_ &lt;= ?) and (RES.LOCK_OWNER_ is null or RES.LOCK_EXP_TIME_ &lt;= ?) and TYPE_ = &apos;timer&apos; and ( (RES.EXECUTION_ID_ is null) or (PI.SUSPENSION_STATE_ = 1) ) LIMIT ? OFFSET ? 
10:47:03,682 [Thread-48] DEBUG org.activiti.engine.impl.persistence.entity.JobEntity.selectAsyncJobsDueToExecute  - ==&gt; Parameters: 2023-03-20 10:46:46.742(Timestamp), 2023-03-20 10:46:46.742(Timestamp), 1(Integer), 0(Integer)
10:47:03,682 [Thread-48] DEBUG org.activiti.engine.impl.persistence.entity.JobEntity.selectAsyncJobsDueToExecute  - &lt;==      Total: 0
10:47:03,682 [Thread-47] DEBUG org.activiti.engine.impl.persistence.entity.JobEntity.selectNextTimerJobsToExecute  - ==&gt; Parameters: 2023-03-20 10:46:46.742(Timestamp), 2023-03-20 10:46:46.742(Timestamp), 1(Integer), 0(Integer)
10:47:03,682 [Thread-47] DEBUG org.activiti.engine.impl.persistence.entity.JobEntity.selectNextTimerJobsToExecute  - &lt;==      Total: 0
10:47:03,682 [Thread-47] DEBUG org.activiti.engine.impl.db.DbSqlSession  - flush summary: 0 insert, 0 update, 0 delete.
10:47:03,682 [Thread-47] DEBUG org.activiti.engine.impl.db.DbSqlSession  - now executing flush...
10:47:03,682 [Thread-47] DEBUG org.activiti.engine.impl.cfg.standalone.StandaloneMybatisTransactionContext  - firing event committing...
10:47:03,682 [Thread-47] DEBUG org.activiti.engine.impl.cfg.standalone.StandaloneMybatisTransactionContext  - committing the ibatis sql session...
10:47:03,682 [Thread-47] DEBUG org.activiti.engine.impl.cfg.standalone.StandaloneMybatisTransactionContext  - firing event committed...
10:47:03,682 [Thread-47] DEBUG org.apache.ibatis.transaction.jdbc.JdbcTransaction  - Resetting autocommit to true on JDBC Connection [conn2: url=jdbc:h2:mem:activiti user=SA]
10:47:03,682 [Thread-47] DEBUG org.apache.ibatis.transaction.jdbc.JdbcTransaction  - Closing JDBC Connection [conn2: url=jdbc:h2:mem:activiti user=SA]
10:47:03,682 [Thread-47] DEBUG org.apache.ibatis.datasource.pooled.PooledDataSource  - Returned connection 363509958 to pool.
10:47:03,682 [Thread-47] DEBUG org.activiti.engine.impl.interceptor.LogInterceptor  - --- AcquireTimerJobsCmd finished --------------------------------------------------------
10:47:03,682 [Thread-47] DEBUG org.activiti.engine.impl.interceptor.LogInterceptor  - 

10:47:03,682 [Thread-47] DEBUG org.activiti.engine.impl.asyncexecutor.AcquireTimerJobsRunnable  - timer job acquisition thread sleeping for 1000 millis
10:47:03,682 [Thread-48] DEBUG org.activiti.engine.impl.db.DbSqlSession  - flush summary: 0 insert, 0 update, 0 delete.
10:47:03,682 [Thread-48] DEBUG org.activiti.engine.impl.db.DbSqlSession  - now executing flush...
10:47:03,682 [Thread-48] DEBUG org.activiti.engine.impl.cfg.standalone.StandaloneMybatisTransactionContext  - firing event committing...
10:47:03,682 [Thread-48] DEBUG org.activiti.engine.impl.cfg.standalone.StandaloneMybatisTransactionContext  - committing the ibatis sql session...
10:47:03,682 [Thread-48] DEBUG org.activiti.engine.impl.cfg.standalone.StandaloneMybatisTransactionContext  - firing event committed...
10:47:03,683 [Thread-48] DEBUG org.apache.ibatis.transaction.jdbc.JdbcTransaction  - Resetting autocommit to true on JDBC Connection [conn3: url=jdbc:h2:mem:activiti user=SA]
10:47:03,683 [Thread-48] DEBUG org.apache.ibatis.transaction.jdbc.JdbcTransaction  - Closing JDBC Connection [conn3: url=jdbc:h2:mem:activiti user=SA]
10:47:03,683 [Thread-48] DEBUG org.apache.ibatis.datasource.pooled.PooledDataSource  - Returned connection 180014677 to pool.
10:47:03,683 [Thread-48] DEBUG org.activiti.engine.impl.interceptor.LogInterceptor  - --- AcquireAsyncJobsDueCmd finished --------------------------------------------------------
10:47:03,683 [Thread-48] DEBUG org.activiti.engine.impl.interceptor.LogInterceptor  - 

10:47:03,683 [Thread-48] DEBUG org.activiti.engine.impl.asyncexecutor.AcquireAsyncJobsDueRunnable  - async job acquisition thread sleeping for 1000 millis
10:47:03,743 [main] DEBUG org.activiti.engine.impl.interceptor.LogInterceptor  - 

10:47:03,743 [main] DEBUG org.activiti.engine.impl.interceptor.LogInterceptor  - --- starting JobQueryImpl --------------------------------------------------------
10:47:03,743 [main] DEBUG org.apache.ibatis.transaction.jdbc.JdbcTransaction  - Opening JDBC Connection
10:47:03,743 [main] DEBUG org.apache.ibatis.datasource.pooled.PooledDataSource  - Checked out connection 486346394 from pool.
10:47:03,743 [main] DEBUG org.apache.ibatis.transaction.jdbc.JdbcTransaction  - Setting autocommit to false on JDBC Connection [conn6: url=jdbc:h2:mem:activiti user=SA]
10:47:03,743 [main] DEBUG org.activiti.engine.impl.persistence.entity.JobEntity.selectJobByQueryCriteria  - ==&gt;  Preparing: select RES.* from ACT_RU_JOB RES order by order by RES.ID_ asc LIMIT ? OFFSET ? 
10:47:03,743 [main] DEBUG org.activiti.engine.impl.interceptor.CommandContext  - Error while closing command context
org.apache.ibatis.exceptions.PersistenceException: 
### Error querying database.  Cause: org.h2.jdbc.JdbcSQLException: Syntax error in SQL statement &quot;SELECT RES.* 
     
    FROM ACT_RU_JOB RES
     
      
   
     ORDER BY  ORDER[*] BY RES.ID_ ASC  
    LIMIT ? OFFSET ? &quot;; expected &quot;=, NOT, EXISTS, INTERSECTS, SELECT, FROM&quot;; SQL statement:
select RES.* 
     
    from ACT_RU_JOB RES
     
      
   
     order by  order by RES.ID_ asc  
    LIMIT ? OFFSET ? [42001-176]
### The error may exist in org/activiti/db/mapping/entity/Job.xml
### The error may involve org.activiti.engine.impl.persistence.entity.JobEntity.selectJobByQueryCriteria
### The error occurred while executing a query
### SQL: select RES.*            from ACT_RU_JOB RES                       order by  order by RES.ID_ asc       LIMIT ? OFFSET ?
### Cause: org.h2.jdbc.JdbcSQLException: Syntax error in SQL statement &quot;SELECT RES.* 
     
    FROM ACT_RU_JOB RES
     
      
   
     ORDER BY  ORDER[*] BY RES.ID_ ASC  
    LIMIT ? OFFSET ? &quot;; expected &quot;=, NOT, EXISTS, INTERSECTS, SELECT, FROM&quot;; SQL statement:
select RES.* 
     
    from ACT_RU_JOB RES
     
      
   
     order by  order by RES.ID_ asc  
    LIMIT ? OFFSET ? [42001-176]
	at org.apache.ibatis.exceptions.ExceptionFactory.wrapException(ExceptionFactory.java:30)
	at org.apache.ibatis.session.defaults.DefaultSqlSession.selectList(DefaultSqlSession.java:122)
	at org.apache.ibatis.session.defaults.DefaultSqlSession.selectList(DefaultSqlSession.java:113)
	at org.activiti.engine.impl.db.DbSqlSession.selectListWithRawParameter(DbSqlSession.java:438)
	at org.activiti.engine.impl.db.DbSqlSession.selectList(DbSqlSession.java:429)
	at org.activiti.engine.impl.db.DbSqlSession.selectList(DbSqlSession.java:419)
	at org.activiti.engine.impl.persistence.entity.JobEntityManager.findJobsByQueryCriteria(JobEntityManager.java:198)
	at org.activiti.engine.impl.JobQueryImpl.executeList(JobQueryImpl.java:243)
	at org.activiti.engine.impl.AbstractQuery.execute(AbstractQuery.java:164)
	at org.activiti.engine.impl.interceptor.CommandInvoker.execute(CommandInvoker.java:24)
	at org.activiti.engine.impl.interceptor.CommandContextInterceptor.execute(CommandContextInterceptor.java:57)
	at org.activiti.engine.impl.interceptor.LogInterceptor.execute(LogInterceptor.java:37)
	at org.activiti.engine.impl.cfg.CommandExecutorImpl.execute(CommandExecutorImpl.java:40)
	at org.activiti.engine.impl.cfg.CommandExecutorImpl.execute(CommandExecutorImpl.java:35)
	at org.activiti.engine.impl.AbstractQuery.list(AbstractQuery.java:138)
	at org.activiti.engine.impl.test.JobTestHelper.areJobsAvailable(JobTestHelper.java:194)
	at org.activiti.engine.impl.test.JobTestHelper.waitForJobExecutorToProcessAllJobs(JobTestHelper.java:74)
	at org.activiti.engine.impl.test.JobTestHelper.waitForJobExecutorToProcessAllJobs(JobTestHelper.java:47)
	at org.activiti.engine.impl.test.AbstractActivitiTestCase.waitForJobExecutorToProcessAllJobs(AbstractActivitiTestCase.java:204)
	at org.activiti.engine.test.bpmn.servicetask.ServiceTaskVariablesTest.testSerializedVariablesBothAsync(ServiceTaskVariablesTest.java:80)
	at sun.reflect.NativeMethodAccessorImpl.invoke0(Native Method)
	at sun.reflect.NativeMethodAccessorImpl.invoke(NativeMethodAccessorImpl.java:62)
	at sun.reflect.DelegatingMethodAccessorImpl.invoke(DelegatingMethodAccessorImpl.java:43)
	at java.lang.reflect.Method.invoke(Method.java:498)
	at junit.framework.TestCase.runTest(TestCase.java:176)
	at org.activiti.engine.impl.test.PvmTestCase.runTest(PvmTestCase.java:65)
	at junit.framework.TestCase.runBare(TestCase.java:141)
	at org.activiti.engine.impl.test.AbstractActivitiTestCase.runBare(AbstractActivitiTestCase.java:100)
	at junit.framework.TestResult$1.protect(TestResult.java:122)
	at junit.framework.TestResult.runProtected(TestResult.java:142)
	at junit.framework.TestResult.run(TestResult.java:125)
	at junit.framework.TestCase.run(TestCase.java:129)
	at junit.framework.TestSuite.runTest(TestSuite.java:255)
	at junit.framework.TestSuite.run(TestSuite.java:250)
	at org.junit.internal.runners.JUnit38ClassRunner.run(JUnit38ClassRunner.java:84)
	at org.apache.maven.surefire.junit4.JUnit4TestSet.execute(JUnit4TestSet.java:35)
	at org.apache.maven.surefire.junit4.JUnit4Provider.executeTestSet(JUnit4Provider.java:146)
	at org.apache.maven.surefire.junit4.JUnit4Provider.invoke(JUnit4Provider.java:97)
	at sun.reflect.NativeMethodAccessorImpl.invoke0(Native Method)
	at sun.reflect.NativeMethodAccessorImpl.invoke(NativeMethodAccessorImpl.java:62)
	at sun.reflect.DelegatingMethodAccessorImpl.invoke(DelegatingMethodAccessorImpl.java:43)
	at java.lang.reflect.Method.invoke(Method.java:498)
	at org.apache.maven.surefire.booter.ProviderFactory$ClassLoaderProxy.invoke(ProviderFactory.java:103)
	at com.sun.proxy.$Proxy0.invoke(Unknown Source)
	at org.apache.maven.surefire.booter.SurefireStarter.invokeProvider(SurefireStarter.java:145)
	at org.apache.maven.surefire.booter.SurefireStarter.runSuitesInProcess(SurefireStarter.java:87)
	at org.apache.maven.surefire.booter.ForkedBooter.main(ForkedBooter.java:69)
Caused by: org.h2.jdbc.JdbcSQLException: Syntax error in SQL statement &quot;SELECT RES.* 
     
    FROM ACT_RU_JOB RES
     
      
   
     ORDER BY  ORDER[*] BY RES.ID_ ASC  
    LIMIT ? OFFSET ? &quot;; expected &quot;=, NOT, EXISTS, INTERSECTS, SELECT, FROM&quot;; SQL statement:
select RES.* 
     
    from ACT_RU_JOB RES
     
      
   
     order by  order by RES.ID_ asc  
    LIMIT ? OFFSET ? [42001-176]
	at org.h2.message.DbException.getJdbcSQLException(DbException.java:344)
	at org.h2.message.DbException.getSyntaxError(DbException.java:204)
	at org.h2.command.Parser.getSyntaxError(Parser.java:524)
	at org.h2.command.Parser.readTerm(Parser.java:2688)
	at org.h2.command.Parser.readFactor(Parser.java:2244)
	at org.h2.command.Parser.readSum(Parser.java:2231)
	at org.h2.command.Parser.readConcat(Parser.java:2201)
	at org.h2.command.Parser.readCondition(Parser.java:2051)
	at org.h2.command.Parser.readAnd(Parser.java:2023)
	at org.h2.command.Parser.readExpression(Parser.java:2015)
	at org.h2.command.Parser.parseEndOfQuery(Parser.java:1726)
	at org.h2.command.Parser.parseSelectUnionExtension(Parser.java:1706)
	at org.h2.command.Parser.parseSelectUnion(Parser.java:1675)
	at org.h2.command.Parser.parseSelect(Parser.java:1662)
	at org.h2.command.Parser.parsePrepared(Parser.java:434)
	at org.h2.command.Parser.parse(Parser.java:306)
	at org.h2.command.Parser.parse(Parser.java:282)
	at org.h2.command.Parser.prepareCommand(Parser.java:243)
	at org.h2.engine.Session.prepareLocal(Session.java:442)
	at org.h2.engine.Session.prepareCommand(Session.java:384)
	at org.h2.jdbc.JdbcConnection.prepareCommand(JdbcConnection.java:1188)
	at org.h2.jdbc.JdbcPreparedStatement.&lt;init&gt;(JdbcPreparedStatement.java:73)
	at org.h2.jdbc.JdbcConnection.prepareStatement(JdbcConnection.java:276)
	at sun.reflect.GeneratedMethodAccessor6.invoke(Unknown Source)
	at sun.reflect.DelegatingMethodAccessorImpl.invoke(DelegatingMethodAccessorImpl.java:43)
	at java.lang.reflect.Method.invoke(Method.java:498)
	at org.apache.ibatis.datasource.pooled.PooledConnection.invoke(PooledConnection.java:245)
	at com.sun.proxy.$Proxy12.prepareStatement(Unknown Source)
	at sun.reflect.GeneratedMethodAccessor6.invoke(Unknown Source)
	at sun.reflect.DelegatingMethodAccessorImpl.invoke(DelegatingMethodAccessorImpl.java:43)
	at java.lang.reflect.Method.invoke(Method.java:498)
	at org.apache.ibatis.logging.jdbc.ConnectionLogger.invoke(ConnectionLogger.java:55)
	at com.sun.proxy.$Proxy12.prepareStatement(Unknown Source)
	at org.apache.ibatis.executor.statement.PreparedStatementHandler.instantiateStatement(PreparedStatementHandler.java:79)
	at org.apache.ibatis.executor.statement.BaseStatementHandler.prepare(BaseStatementHandler.java:88)
	at org.apache.ibatis.executor.statement.RoutingStatementHandler.prepare(RoutingStatementHandler.java:58)
	at org.apache.ibatis.executor.SimpleExecutor.prepareStatement(SimpleExecutor.java:76)
	at org.apache.ibatis.executor.SimpleExecutor.doQuery(SimpleExecutor.java:61)
	at org.apache.ibatis.executor.BaseExecutor.queryFromDatabase(BaseExecutor.java:303)
	at org.apache.ibatis.executor.BaseExecutor.query(BaseExecutor.java:154)
	at org.apache.ibatis.executor.CachingExecutor.query(CachingExecutor.java:102)
	at org.apache.ibatis.executor.CachingExecutor.query(CachingExecutor.java:82)
	at org.apache.ibatis.session.defaults.DefaultSqlSession.selectList(DefaultSqlSession.java:120)
	... 45 more
10:47:03,743 [main] DEBUG org.activiti.engine.impl.cfg.standalone.StandaloneMybatisTransactionContext  - firing event rolling back...
10:47:03,743 [main] DEBUG org.activiti.engine.impl.cfg.standalone.StandaloneMybatisTransactionContext  - rolling back ibatis sql session...
10:47:03,743 [main] DEBUG org.activiti.engine.impl.cfg.standalone.StandaloneMybatisTransactionContext  - firing event rolled back...
10:47:03,743 [main] DEBUG org.apache.ibatis.transaction.jdbc.JdbcTransaction  - Resetting autocommit to true on JDBC Connection [conn6: url=jdbc:h2:mem:activiti user=SA]
10:47:03,744 [main] DEBUG org.apache.ibatis.transaction.jdbc.JdbcTransaction  - Closing JDBC Connection [conn6: url=jdbc:h2:mem:activiti user=SA]
10:47:03,744 [main] DEBUG org.apache.ibatis.datasource.pooled.PooledDataSource  - Returned connection 486346394 to pool.
10:47:03,744 [main] DEBUG org.activiti.engine.impl.interceptor.LogInterceptor  - --- JobQueryImpl finished --------------------------------------------------------
10:47:03,744 [main] DEBUG org.activiti.engine.impl.interceptor.LogInterceptor  - 

10:47:04,257 [main] DEBUG org.activiti.engine.impl.interceptor.LogInterceptor  - 

10:47:04,257 [main] DEBUG org.activiti.engine.impl.interceptor.LogInterceptor  - --- starting JobQueryImpl --------------------------------------------------------
10:47:04,257 [main] DEBUG org.apache.ibatis.transaction.jdbc.JdbcTransaction  - Opening JDBC Connection
10:47:04,257 [main] DEBUG org.apache.ibatis.datasource.pooled.PooledDataSource  - Checked out connection 297240765 from pool.
10:47:04,257 [main] DEBUG org.apache.ibatis.transaction.jdbc.JdbcTransaction  - Setting autocommit to false on JDBC Connection [conn4: url=jdbc:h2:mem:activiti user=SA]
10:47:04,257 [main] DEBUG org.activiti.engine.impl.persistence.entity.JobEntity.selectJobByQueryCriteria  - ==&gt;  Preparing: select RES.* from ACT_RU_JOB RES order by order by RES.ID_ asc LIMIT ? OFFSET ? 
10:47:04,257 [main] DEBUG org.activiti.engine.impl.interceptor.CommandContext  - Error while closing command context
org.apache.ibatis.exceptions.PersistenceException: 
### Error querying database.  Cause: org.h2.jdbc.JdbcSQLException: Syntax error in SQL statement &quot;SELECT RES.* 
     
    FROM ACT_RU_JOB RES
     
      
   
     ORDER BY  ORDER[*] BY RES.ID_ ASC  
    LIMIT ? OFFSET ? &quot;; expected &quot;=, NOT, EXISTS, INTERSECTS, SELECT, FROM&quot;; SQL statement:
select RES.* 
     
    from ACT_RU_JOB RES
     
      
   
     order by  order by RES.ID_ asc  
    LIMIT ? OFFSET ? [42001-176]
### The error may exist in org/activiti/db/mapping/entity/Job.xml
### The error may involve org.activiti.engine.impl.persistence.entity.JobEntity.selectJobByQueryCriteria
### The error occurred while executing a query
### SQL: select RES.*            from ACT_RU_JOB RES                       order by  order by RES.ID_ asc       LIMIT ? OFFSET ?
### Cause: org.h2.jdbc.JdbcSQLException: Syntax error in SQL statement &quot;SELECT RES.* 
     
    FROM ACT_RU_JOB RES
     
      
   
     ORDER BY  ORDER[*] BY RES.ID_ ASC  
    LIMIT ? OFFSET ? &quot;; expected &quot;=, NOT, EXISTS, INTERSECTS, SELECT, FROM&quot;; SQL statement:
select RES.* 
     
    from ACT_RU_JOB RES
     
      
   
     order by  order by RES.ID_ asc  
    LIMIT ? OFFSET ? [42001-176]
	at org.apache.ibatis.exceptions.ExceptionFactory.wrapException(ExceptionFactory.java:30)
	at org.apache.ibatis.session.defaults.DefaultSqlSession.selectList(DefaultSqlSession.java:122)
	at org.apache.ibatis.session.defaults.DefaultSqlSession.selectList(DefaultSqlSession.java:113)
	at org.activiti.engine.impl.db.DbSqlSession.selectListWithRawParameter(DbSqlSession.java:438)
	at org.activiti.engine.impl.db.DbSqlSession.selectList(DbSqlSession.java:429)
	at org.activiti.engine.impl.db.DbSqlSession.selectList(DbSqlSession.java:419)
	at org.activiti.engine.impl.persistence.entity.JobEntityManager.findJobsByQueryCriteria(JobEntityManager.java:198)
	at org.activiti.engine.impl.JobQueryImpl.executeList(JobQueryImpl.java:243)
	at org.activiti.engine.impl.AbstractQuery.execute(AbstractQuery.java:164)
	at org.activiti.engine.impl.interceptor.CommandInvoker.execute(CommandInvoker.java:24)
	at org.activiti.engine.impl.interceptor.CommandContextInterceptor.execute(CommandContextInterceptor.java:57)
	at org.activiti.engine.impl.interceptor.LogInterceptor.execute(LogInterceptor.java:37)
	at org.activiti.engine.impl.cfg.CommandExecutorImpl.execute(CommandExecutorImpl.java:40)
	at org.activiti.engine.impl.cfg.CommandExecutorImpl.execute(CommandExecutorImpl.java:35)
	at org.activiti.engine.impl.AbstractQuery.list(AbstractQuery.java:138)
	at org.activiti.engine.impl.test.JobTestHelper.areJobsAvailable(JobTestHelper.java:194)
	at org.activiti.engine.impl.test.JobTestHelper.waitForJobExecutorToProcessAllJobs(JobTestHelper.java:74)
	at org.activiti.engine.impl.test.JobTestHelper.waitForJobExecutorToProcessAllJobs(JobTestHelper.java:47)
	at org.activiti.engine.impl.test.AbstractActivitiTestCase.waitForJobExecutorToProcessAllJobs(AbstractActivitiTestCase.java:204)
	at org.activiti.engine.test.bpmn.servicetask.ServiceTaskVariablesTest.testSerializedVariablesBothAsync(ServiceTaskVariablesTest.java:80)
	at sun.reflect.NativeMethodAccessorImpl.invoke0(Native Method)
	at sun.reflect.NativeMethodAccessorImpl.invoke(NativeMethodAccessorImpl.java:62)
	at sun.reflect.DelegatingMethodAccessorImpl.invoke(DelegatingMethodAccessorImpl.java:43)
	at java.lang.reflect.Method.invoke(Method.java:498)
	at junit.framework.TestCase.runTest(TestCase.java:176)
	at org.activiti.engine.impl.test.PvmTestCase.runTest(PvmTestCase.java:65)
	at junit.framework.TestCase.runBare(TestCase.java:141)
	at org.activiti.engine.impl.test.AbstractActivitiTestCase.runBare(AbstractActivitiTestCase.java:100)
	at junit.framework.TestResult$1.protect(TestResult.java:122)
	at junit.framework.TestResult.runProtected(TestResult.java:142)
	at junit.framework.TestResult.run(TestResult.java:125)
	at junit.framework.TestCase.run(TestCase.java:129)
	at junit.framework.TestSuite.runTest(TestSuite.java:255)
	at junit.framework.TestSuite.run(TestSuite.java:250)
	at org.junit.internal.runners.JUnit38ClassRunner.run(JUnit38ClassRunner.java:84)
	at org.apache.maven.surefire.junit4.JUnit4TestSet.execute(JUnit4TestSet.java:35)
	at org.apache.maven.surefire.junit4.JUnit4Provider.executeTestSet(JUnit4Provider.java:146)
	at org.apache.maven.surefire.junit4.JUnit4Provider.invoke(JUnit4Provider.java:97)
	at sun.reflect.NativeMethodAccessorImpl.invoke0(Native Method)
	at sun.reflect.NativeMethodAccessorImpl.invoke(NativeMethodAccessorImpl.java:62)
	at sun.reflect.DelegatingMethodAccessorImpl.invoke(DelegatingMethodAccessorImpl.java:43)
	at java.lang.reflect.Method.invoke(Method.java:498)
	at org.apache.maven.surefire.booter.ProviderFactory$ClassLoaderProxy.invoke(ProviderFactory.java:103)
	at com.sun.proxy.$Proxy0.invoke(Unknown Source)
	at org.apache.maven.surefire.booter.SurefireStarter.invokeProvider(SurefireStarter.java:145)
	at org.apache.maven.surefire.booter.SurefireStarter.runSuitesInProcess(SurefireStarter.java:87)
	at org.apache.maven.surefire.booter.ForkedBooter.main(ForkedBooter.java:69)
Caused by: org.h2.jdbc.JdbcSQLException: Syntax error in SQL statement &quot;SELECT RES.* 
     
    FROM ACT_RU_JOB RES
     
      
   
     ORDER BY  ORDER[*] BY RES.ID_ ASC  
    LIMIT ? OFFSET ? &quot;; expected &quot;=, NOT, EXISTS, INTERSECTS, SELECT, FROM&quot;; SQL statement:
select RES.* 
     
    from ACT_RU_JOB RES
     
      
   
     order by  order by RES.ID_ asc  
    LIMIT ? OFFSET ? [42001-176]
	at org.h2.message.DbException.getJdbcSQLException(DbException.java:344)
	at org.h2.message.DbException.getSyntaxError(DbException.java:204)
	at org.h2.command.Parser.getSyntaxError(Parser.java:524)
	at org.h2.command.Parser.readTerm(Parser.java:2688)
	at org.h2.command.Parser.readFactor(Parser.java:2244)
	at org.h2.command.Parser.readSum(Parser.java:2231)
	at org.h2.command.Parser.readConcat(Parser.java:2201)
	at org.h2.command.Parser.readCondition(Parser.java:2051)
	at org.h2.command.Parser.readAnd(Parser.java:2023)
	at org.h2.command.Parser.readExpression(Parser.java:2015)
	at org.h2.command.Parser.parseEndOfQuery(Parser.java:1726)
	at org.h2.command.Parser.parseSelectUnionExtension(Parser.java:1706)
	at org.h2.command.Parser.parseSelectUnion(Parser.java:1675)
	at org.h2.command.Parser.parseSelect(Parser.java:1662)
	at org.h2.command.Parser.parsePrepared(Parser.java:434)
	at org.h2.command.Parser.parse(Parser.java:306)
	at org.h2.command.Parser.parse(Parser.java:282)
	at org.h2.command.Parser.prepareCommand(Parser.java:243)
	at org.h2.engine.Session.prepareLocal(Session.java:442)
	at org.h2.engine.Session.prepareCommand(Session.java:384)
	at org.h2.jdbc.JdbcConnection.prepareCommand(JdbcConnection.java:1188)
	at org.h2.jdbc.JdbcPreparedStatement.&lt;init&gt;(JdbcPreparedStatement.java:73)
	at org.h2.jdbc.JdbcConnection.prepareStatement(JdbcConnection.java:276)
	at sun.reflect.GeneratedMethodAccessor6.invoke(Unknown Source)
	at sun.reflect.DelegatingMethodAccessorImpl.invoke(DelegatingMethodAccessorImpl.java:43)
	at java.lang.reflect.Method.invoke(Method.java:498)
	at org.apache.ibatis.datasource.pooled.PooledConnection.invoke(PooledConnection.java:245)
	at com.sun.proxy.$Proxy12.prepareStatement(Unknown Source)
	at sun.reflect.GeneratedMethodAccessor6.invoke(Unknown Source)
	at sun.reflect.DelegatingMethodAccessorImpl.invoke(DelegatingMethodAccessorImpl.java:43)
	at java.lang.reflect.Method.invoke(Method.java:498)
	at org.apache.ibatis.logging.jdbc.ConnectionLogger.invoke(ConnectionLogger.java:55)
	at com.sun.proxy.$Proxy12.prepareStatement(Unknown Source)
	at org.apache.ibatis.executor.statement.PreparedStatementHandler.instantiateStatement(PreparedStatementHandler.java:79)
	at org.apache.ibatis.executor.statement.BaseStatementHandler.prepare(BaseStatementHandler.java:88)
	at org.apache.ibatis.executor.statement.RoutingStatementHandler.prepare(RoutingStatementHandler.java:58)
	at org.apache.ibatis.executor.SimpleExecutor.prepareStatement(SimpleExecutor.java:76)
	at org.apache.ibatis.executor.SimpleExecutor.doQuery(SimpleExecutor.java:61)
	at org.apache.ibatis.executor.BaseExecutor.queryFromDatabase(BaseExecutor.java:303)
	at org.apache.ibatis.executor.BaseExecutor.query(BaseExecutor.java:154)
	at org.apache.ibatis.executor.CachingExecutor.query(CachingExecutor.java:102)
	at org.apache.ibatis.executor.CachingExecutor.query(CachingExecutor.java:82)
	at org.apache.ibatis.session.defaults.DefaultSqlSession.selectList(DefaultSqlSession.java:120)
	... 45 more
10:47:04,258 [main] DEBUG org.activiti.engine.impl.cfg.standalone.StandaloneMybatisTransactionContext  - firing event rolling back...
10:47:04,258 [main] DEBUG org.activiti.engine.impl.cfg.standalone.StandaloneMybatisTransactionContext  - rolling back ibatis sql session...
10:47:04,258 [main] DEBUG org.activiti.engine.impl.cfg.standalone.StandaloneMybatisTransactionContext  - firing event rolled back...
10:47:04,258 [main] DEBUG org.apache.ibatis.transaction.jdbc.JdbcTransaction  - Resetting autocommit to true on JDBC Connection [conn4: url=jdbc:h2:mem:activiti user=SA]
10:47:04,258 [main] DEBUG org.apache.ibatis.transaction.jdbc.JdbcTransaction  - Closing JDBC Connection [conn4: url=jdbc:h2:mem:activiti user=SA]
10:47:04,258 [main] DEBUG org.apache.ibatis.datasource.pooled.PooledDataSource  - Returned connection 297240765 to pool.
10:47:04,258 [main] DEBUG org.activiti.engine.impl.interceptor.LogInterceptor  - --- JobQueryImpl finished --------------------------------------------------------
10:47:04,258 [main] DEBUG org.activiti.engine.impl.interceptor.LogInterceptor  - 

10:47:04,693 [Thread-48] DEBUG org.activiti.engine.impl.asyncexecutor.AcquireAsyncJobsDueRunnable  - async job acquisition thread woke up
10:47:04,693 [Thread-47] DEBUG org.activiti.engine.impl.asyncexecutor.AcquireTimerJobsRunnable  - timer job acquisition thread woke up
10:47:04,693 [Thread-48] DEBUG org.activiti.engine.impl.interceptor.LogInterceptor  - 

10:47:04,693 [Thread-47] DEBUG org.activiti.engine.impl.interceptor.LogInterceptor  - 

10:47:04,693 [Thread-47] DEBUG org.activiti.engine.impl.interceptor.LogInterceptor  - --- starting AcquireTimerJobsCmd --------------------------------------------------------
10:47:04,693 [Thread-48] DEBUG org.activiti.engine.impl.interceptor.LogInterceptor  - --- starting AcquireAsyncJobsDueCmd --------------------------------------------------------
10:47:04,693 [Thread-47] DEBUG org.apache.ibatis.transaction.jdbc.JdbcTransaction  - Opening JDBC Connection
10:47:04,693 [Thread-47] DEBUG org.apache.ibatis.datasource.pooled.PooledDataSource  - Checked out connection 363509958 from pool.
10:47:04,693 [Thread-48] DEBUG org.apache.ibatis.transaction.jdbc.JdbcTransaction  - Opening JDBC Connection
10:47:04,693 [Thread-48] DEBUG org.apache.ibatis.datasource.pooled.PooledDataSource  - Checked out connection 180014677 from pool.
10:47:04,693 [Thread-48] DEBUG org.apache.ibatis.transaction.jdbc.JdbcTransaction  - Setting autocommit to false on JDBC Connection [conn3: url=jdbc:h2:mem:activiti user=SA]
10:47:04,693 [Thread-47] DEBUG org.apache.ibatis.transaction.jdbc.JdbcTransaction  - Setting autocommit to false on JDBC Connection [conn2: url=jdbc:h2:mem:activiti user=SA]
10:47:04,693 [Thread-48] DEBUG org.activiti.engine.impl.persistence.entity.JobEntity.selectAsyncJobsDueToExecute  - ==&gt;  Preparing: select RES.* from ACT_RU_JOB RES LEFT OUTER JOIN ACT_RU_EXECUTION PI ON PI.ID_ = RES.PROCESS_INSTANCE_ID_ where RES.RETRIES_ &gt; 0 and RES.DUEDATE_ is not null and RES.DUEDATE_ &lt;= ? and (RES.LOCK_EXP_TIME_ is null or RES.LOCK_EXP_TIME_ &lt;= ?) and TYPE_ = &apos;message&apos; and ( (RES.EXECUTION_ID_ is null) or (PI.SUSPENSION_STATE_ = 1) ) LIMIT ? OFFSET ? 
10:47:04,693 [Thread-47] DEBUG org.activiti.engine.impl.persistence.entity.JobEntity.selectNextTimerJobsToExecute  - ==&gt;  Preparing: select RES.* from ACT_RU_JOB RES LEFT OUTER JOIN ACT_RU_EXECUTION PI ON PI.ID_ = RES.PROCESS_INSTANCE_ID_ where (RES.RETRIES_ &gt; 0) and (RES.DUEDATE_ is null or RES.DUEDATE_ &lt;= ?) and (RES.LOCK_OWNER_ is null or RES.LOCK_EXP_TIME_ &lt;= ?) and TYPE_ = &apos;timer&apos; and ( (RES.EXECUTION_ID_ is null) or (PI.SUSPENSION_STATE_ = 1) ) LIMIT ? OFFSET ? 
10:47:04,693 [Thread-48] DEBUG org.activiti.engine.impl.persistence.entity.JobEntity.selectAsyncJobsDueToExecute  - ==&gt; Parameters: 2023-03-20 10:46:46.742(Timestamp), 2023-03-20 10:46:46.742(Timestamp), 1(Integer), 0(Integer)
10:47:04,693 [Thread-47] DEBUG org.activiti.engine.impl.persistence.entity.JobEntity.selectNextTimerJobsToExecute  - ==&gt; Parameters: 2023-03-20 10:46:46.742(Timestamp), 2023-03-20 10:46:46.742(Timestamp), 1(Integer), 0(Integer)
10:47:04,693 [Thread-48] DEBUG org.activiti.engine.impl.persistence.entity.JobEntity.selectAsyncJobsDueToExecute  - &lt;==      Total: 0
10:47:04,693 [Thread-47] DEBUG org.activiti.engine.impl.persistence.entity.JobEntity.selectNextTimerJobsToExecute  - &lt;==      Total: 0
10:47:04,693 [Thread-48] DEBUG org.activiti.engine.impl.db.DbSqlSession  - flush summary: 0 insert, 0 update, 0 delete.
10:47:04,694 [Thread-48] DEBUG org.activiti.engine.impl.db.DbSqlSession  - now executing flush...
10:47:04,694 [Thread-47] DEBUG org.activiti.engine.impl.db.DbSqlSession  - flush summary: 0 insert, 0 update, 0 delete.
10:47:04,694 [Thread-47] DEBUG org.activiti.engine.impl.db.DbSqlSession  - now executing flush...
10:47:04,694 [Thread-47] DEBUG org.activiti.engine.impl.cfg.standalone.StandaloneMybatisTransactionContext  - firing event committing...
10:47:04,694 [Thread-47] DEBUG org.activiti.engine.impl.cfg.standalone.StandaloneMybatisTransactionContext  - committing the ibatis sql session...
10:47:04,694 [Thread-47] DEBUG org.activiti.engine.impl.cfg.standalone.StandaloneMybatisTransactionContext  - firing event committed...
10:47:04,694 [Thread-48] DEBUG org.activiti.engine.impl.cfg.standalone.StandaloneMybatisTransactionContext  - firing event committing...
10:47:04,694 [Thread-48] DEBUG org.activiti.engine.impl.cfg.standalone.StandaloneMybatisTransactionContext  - committing the ibatis sql session...
10:47:04,694 [Thread-48] DEBUG org.activiti.engine.impl.cfg.standalone.StandaloneMybatisTransactionContext  - firing event committed...
10:47:04,694 [Thread-47] DEBUG org.apache.ibatis.transaction.jdbc.JdbcTransaction  - Resetting autocommit to true on JDBC Connection [conn2: url=jdbc:h2:mem:activiti user=SA]
10:47:04,694 [Thread-48] DEBUG org.apache.ibatis.transaction.jdbc.JdbcTransaction  - Resetting autocommit to true on JDBC Connection [conn3: url=jdbc:h2:mem:activiti user=SA]
10:47:04,694 [Thread-48] DEBUG org.apache.ibatis.transaction.jdbc.JdbcTransaction  - Closing JDBC Connection [conn3: url=jdbc:h2:mem:activiti user=SA]
10:47:04,694 [Thread-48] DEBUG org.apache.ibatis.datasource.pooled.PooledDataSource  - Returned connection 180014677 to pool.
10:47:04,694 [Thread-48] DEBUG org.activiti.engine.impl.interceptor.LogInterceptor  - --- AcquireAsyncJobsDueCmd finished --------------------------------------------------------
10:47:04,694 [Thread-47] DEBUG org.apache.ibatis.transaction.jdbc.JdbcTransaction  - Closing JDBC Connection [conn2: url=jdbc:h2:mem:activiti user=SA]
10:47:04,694 [Thread-47] DEBUG org.apache.ibatis.datasource.pooled.PooledDataSource  - Returned connection 363509958 to pool.
10:47:04,694 [Thread-47] DEBUG org.activiti.engine.impl.interceptor.LogInterceptor  - --- AcquireTimerJobsCmd finished --------------------------------------------------------
10:47:04,694 [Thread-47] DEBUG org.activiti.engine.impl.interceptor.LogInterceptor  - 

10:47:04,694 [Thread-48] DEBUG org.activiti.engine.impl.interceptor.LogInterceptor  - 

10:47:04,694 [Thread-48] DEBUG org.activiti.engine.impl.asyncexecutor.AcquireAsyncJobsDueRunnable  - async job acquisition thread sleeping for 1000 millis
10:47:04,694 [Thread-47] DEBUG org.activiti.engine.impl.asyncexecutor.AcquireTimerJobsRunnable  - timer job acquisition thread sleeping for 1000 millis
10:47:04,771 [main] DEBUG org.activiti.engine.impl.interceptor.LogInterceptor  - 

10:47:04,771 [main] DEBUG org.activiti.engine.impl.interceptor.LogInterceptor  - --- starting JobQueryImpl --------------------------------------------------------
10:47:04,771 [main] DEBUG org.apache.ibatis.transaction.jdbc.JdbcTransaction  - Opening JDBC Connection
10:47:04,771 [main] DEBUG org.apache.ibatis.datasource.pooled.PooledDataSource  - Checked out connection 486346394 from pool.
10:47:04,771 [main] DEBUG org.apache.ibatis.transaction.jdbc.JdbcTransaction  - Setting autocommit to false on JDBC Connection [conn6: url=jdbc:h2:mem:activiti user=SA]
10:47:04,771 [main] DEBUG org.activiti.engine.impl.persistence.entity.JobEntity.selectJobByQueryCriteria  - ==&gt;  Preparing: select RES.* from ACT_RU_JOB RES order by order by RES.ID_ asc LIMIT ? OFFSET ? 
10:47:04,771 [main] DEBUG org.activiti.engine.impl.interceptor.CommandContext  - Error while closing command context
org.apache.ibatis.exceptions.PersistenceException: 
### Error querying database.  Cause: org.h2.jdbc.JdbcSQLException: Syntax error in SQL statement &quot;SELECT RES.* 
     
    FROM ACT_RU_JOB RES
     
      
   
     ORDER BY  ORDER[*] BY RES.ID_ ASC  
    LIMIT ? OFFSET ? &quot;; expected &quot;=, NOT, EXISTS, INTERSECTS, SELECT, FROM&quot;; SQL statement:
select RES.* 
     
    from ACT_RU_JOB RES
     
      
   
     order by  order by RES.ID_ asc  
    LIMIT ? OFFSET ? [42001-176]
### The error may exist in org/activiti/db/mapping/entity/Job.xml
### The error may involve org.activiti.engine.impl.persistence.entity.JobEntity.selectJobByQueryCriteria
### The error occurred while executing a query
### SQL: select RES.*            from ACT_RU_JOB RES                       order by  order by RES.ID_ asc       LIMIT ? OFFSET ?
### Cause: org.h2.jdbc.JdbcSQLException: Syntax error in SQL statement &quot;SELECT RES.* 
     
    FROM ACT_RU_JOB RES
     
      
   
     ORDER BY  ORDER[*] BY RES.ID_ ASC  
    LIMIT ? OFFSET ? &quot;; expected &quot;=, NOT, EXISTS, INTERSECTS, SELECT, FROM&quot;; SQL statement:
select RES.* 
     
    from ACT_RU_JOB RES
     
      
   
     order by  order by RES.ID_ asc  
    LIMIT ? OFFSET ? [42001-176]
	at org.apache.ibatis.exceptions.ExceptionFactory.wrapException(ExceptionFactory.java:30)
	at org.apache.ibatis.session.defaults.DefaultSqlSession.selectList(DefaultSqlSession.java:122)
	at org.apache.ibatis.session.defaults.DefaultSqlSession.selectList(DefaultSqlSession.java:113)
	at org.activiti.engine.impl.db.DbSqlSession.selectListWithRawParameter(DbSqlSession.java:438)
	at org.activiti.engine.impl.db.DbSqlSession.selectList(DbSqlSession.java:429)
	at org.activiti.engine.impl.db.DbSqlSession.selectList(DbSqlSession.java:419)
	at org.activiti.engine.impl.persistence.entity.JobEntityManager.findJobsByQueryCriteria(JobEntityManager.java:198)
	at org.activiti.engine.impl.JobQueryImpl.executeList(JobQueryImpl.java:243)
	at org.activiti.engine.impl.AbstractQuery.execute(AbstractQuery.java:164)
	at org.activiti.engine.impl.interceptor.CommandInvoker.execute(CommandInvoker.java:24)
	at org.activiti.engine.impl.interceptor.CommandContextInterceptor.execute(CommandContextInterceptor.java:57)
	at org.activiti.engine.impl.interceptor.LogInterceptor.execute(LogInterceptor.java:37)
	at org.activiti.engine.impl.cfg.CommandExecutorImpl.execute(CommandExecutorImpl.java:40)
	at org.activiti.engine.impl.cfg.CommandExecutorImpl.execute(CommandExecutorImpl.java:35)
	at org.activiti.engine.impl.AbstractQuery.list(AbstractQuery.java:138)
	at org.activiti.engine.impl.test.JobTestHelper.areJobsAvailable(JobTestHelper.java:194)
	at org.activiti.engine.impl.test.JobTestHelper.waitForJobExecutorToProcessAllJobs(JobTestHelper.java:74)
	at org.activiti.engine.impl.test.JobTestHelper.waitForJobExecutorToProcessAllJobs(JobTestHelper.java:47)
	at org.activiti.engine.impl.test.AbstractActivitiTestCase.waitForJobExecutorToProcessAllJobs(AbstractActivitiTestCase.java:204)
	at org.activiti.engine.test.bpmn.servicetask.ServiceTaskVariablesTest.testSerializedVariablesBothAsync(ServiceTaskVariablesTest.java:80)
	at sun.reflect.NativeMethodAccessorImpl.invoke0(Native Method)
	at sun.reflect.NativeMethodAccessorImpl.invoke(NativeMethodAccessorImpl.java:62)
	at sun.reflect.DelegatingMethodAccessorImpl.invoke(DelegatingMethodAccessorImpl.java:43)
	at java.lang.reflect.Method.invoke(Method.java:498)
	at junit.framework.TestCase.runTest(TestCase.java:176)
	at org.activiti.engine.impl.test.PvmTestCase.runTest(PvmTestCase.java:65)
	at junit.framework.TestCase.runBare(TestCase.java:141)
	at org.activiti.engine.impl.test.AbstractActivitiTestCase.runBare(AbstractActivitiTestCase.java:100)
	at junit.framework.TestResult$1.protect(TestResult.java:122)
	at junit.framework.TestResult.runProtected(TestResult.java:142)
	at junit.framework.TestResult.run(TestResult.java:125)
	at junit.framework.TestCase.run(TestCase.java:129)
	at junit.framework.TestSuite.runTest(TestSuite.java:255)
	at junit.framework.TestSuite.run(TestSuite.java:250)
	at org.junit.internal.runners.JUnit38ClassRunner.run(JUnit38ClassRunner.java:84)
	at org.apache.maven.surefire.junit4.JUnit4TestSet.execute(JUnit4TestSet.java:35)
	at org.apache.maven.surefire.junit4.JUnit4Provider.executeTestSet(JUnit4Provider.java:146)
	at org.apache.maven.surefire.junit4.JUnit4Provider.invoke(JUnit4Provider.java:97)
	at sun.reflect.NativeMethodAccessorImpl.invoke0(Native Method)
	at sun.reflect.NativeMethodAccessorImpl.invoke(NativeMethodAccessorImpl.java:62)
	at sun.reflect.DelegatingMethodAccessorImpl.invoke(DelegatingMethodAccessorImpl.java:43)
	at java.lang.reflect.Method.invoke(Method.java:498)
	at org.apache.maven.surefire.booter.ProviderFactory$ClassLoaderProxy.invoke(ProviderFactory.java:103)
	at com.sun.proxy.$Proxy0.invoke(Unknown Source)
	at org.apache.maven.surefire.booter.SurefireStarter.invokeProvider(SurefireStarter.java:145)
	at org.apache.maven.surefire.booter.SurefireStarter.runSuitesInProcess(SurefireStarter.java:87)
	at org.apache.maven.surefire.booter.ForkedBooter.main(ForkedBooter.java:69)
Caused by: org.h2.jdbc.JdbcSQLException: Syntax error in SQL statement &quot;SELECT RES.* 
     
    FROM ACT_RU_JOB RES
     
      
   
     ORDER BY  ORDER[*] BY RES.ID_ ASC  
    LIMIT ? OFFSET ? &quot;; expected &quot;=, NOT, EXISTS, INTERSECTS, SELECT, FROM&quot;; SQL statement:
select RES.* 
     
    from ACT_RU_JOB RES
     
      
   
     order by  order by RES.ID_ asc  
    LIMIT ? OFFSET ? [42001-176]
	at org.h2.message.DbException.getJdbcSQLException(DbException.java:344)
	at org.h2.message.DbException.getSyntaxError(DbException.java:204)
	at org.h2.command.Parser.getSyntaxError(Parser.java:524)
	at org.h2.command.Parser.readTerm(Parser.java:2688)
	at org.h2.command.Parser.readFactor(Parser.java:2244)
	at org.h2.command.Parser.readSum(Parser.java:2231)
	at org.h2.command.Parser.readConcat(Parser.java:2201)
	at org.h2.command.Parser.readCondition(Parser.java:2051)
	at org.h2.command.Parser.readAnd(Parser.java:2023)
	at org.h2.command.Parser.readExpression(Parser.java:2015)
	at org.h2.command.Parser.parseEndOfQuery(Parser.java:1726)
	at org.h2.command.Parser.parseSelectUnionExtension(Parser.java:1706)
	at org.h2.command.Parser.parseSelectUnion(Parser.java:1675)
	at org.h2.command.Parser.parseSelect(Parser.java:1662)
	at org.h2.command.Parser.parsePrepared(Parser.java:434)
	at org.h2.command.Parser.parse(Parser.java:306)
	at org.h2.command.Parser.parse(Parser.java:282)
	at org.h2.command.Parser.prepareCommand(Parser.java:243)
	at org.h2.engine.Session.prepareLocal(Session.java:442)
	at org.h2.engine.Session.prepareCommand(Session.java:384)
	at org.h2.jdbc.JdbcConnection.prepareCommand(JdbcConnection.java:1188)
	at org.h2.jdbc.JdbcPreparedStatement.&lt;init&gt;(JdbcPreparedStatement.java:73)
	at org.h2.jdbc.JdbcConnection.prepareStatement(JdbcConnection.java:276)
	at sun.reflect.GeneratedMethodAccessor6.invoke(Unknown Source)
	at sun.reflect.DelegatingMethodAccessorImpl.invoke(DelegatingMethodAccessorImpl.java:43)
	at java.lang.reflect.Method.invoke(Method.java:498)
	at org.apache.ibatis.datasource.pooled.PooledConnection.invoke(PooledConnection.java:245)
	at com.sun.proxy.$Proxy12.prepareStatement(Unknown Source)
	at sun.reflect.GeneratedMethodAccessor6.invoke(Unknown Source)
	at sun.reflect.DelegatingMethodAccessorImpl.invoke(DelegatingMethodAccessorImpl.java:43)
	at java.lang.reflect.Method.invoke(Method.java:498)
	at org.apache.ibatis.logging.jdbc.ConnectionLogger.invoke(ConnectionLogger.java:55)
	at com.sun.proxy.$Proxy12.prepareStatement(Unknown Source)
	at org.apache.ibatis.executor.statement.PreparedStatementHandler.instantiateStatement(PreparedStatementHandler.java:79)
	at org.apache.ibatis.executor.statement.BaseStatementHandler.prepare(BaseStatementHandler.java:88)
	at org.apache.ibatis.executor.statement.RoutingStatementHandler.prepare(RoutingStatementHandler.java:58)
	at org.apache.ibatis.executor.SimpleExecutor.prepareStatement(SimpleExecutor.java:76)
	at org.apache.ibatis.executor.SimpleExecutor.doQuery(SimpleExecutor.java:61)
	at org.apache.ibatis.executor.BaseExecutor.queryFromDatabase(BaseExecutor.java:303)
	at org.apache.ibatis.executor.BaseExecutor.query(BaseExecutor.java:154)
	at org.apache.ibatis.executor.CachingExecutor.query(CachingExecutor.java:102)
	at org.apache.ibatis.executor.CachingExecutor.query(CachingExecutor.java:82)
	at org.apache.ibatis.session.defaults.DefaultSqlSession.selectList(DefaultSqlSession.java:120)
	... 45 more
10:47:04,772 [main] DEBUG org.activiti.engine.impl.cfg.standalone.StandaloneMybatisTransactionContext  - firing event rolling back...
10:47:04,772 [main] DEBUG org.activiti.engine.impl.cfg.standalone.StandaloneMybatisTransactionContext  - rolling back ibatis sql session...
10:47:04,772 [main] DEBUG org.activiti.engine.impl.cfg.standalone.StandaloneMybatisTransactionContext  - firing event rolled back...
10:47:04,772 [main] DEBUG org.apache.ibatis.transaction.jdbc.JdbcTransaction  - Resetting autocommit to true on JDBC Connection [conn6: url=jdbc:h2:mem:activiti user=SA]
10:47:04,772 [main] DEBUG org.apache.ibatis.transaction.jdbc.JdbcTransaction  - Closing JDBC Connection [conn6: url=jdbc:h2:mem:activiti user=SA]
10:47:04,772 [main] DEBUG org.apache.ibatis.datasource.pooled.PooledDataSource  - Returned connection 486346394 to pool.
10:47:04,772 [main] DEBUG org.activiti.engine.impl.interceptor.LogInterceptor  - --- JobQueryImpl finished --------------------------------------------------------
10:47:04,772 [main] DEBUG org.activiti.engine.impl.interceptor.LogInterceptor  - 

10:47:05,285 [main] DEBUG org.activiti.engine.impl.interceptor.LogInterceptor  - 

10:47:05,285 [main] DEBUG org.activiti.engine.impl.interceptor.LogInterceptor  - --- starting JobQueryImpl --------------------------------------------------------
10:47:05,285 [main] DEBUG org.apache.ibatis.transaction.jdbc.JdbcTransaction  - Opening JDBC Connection
10:47:05,285 [main] DEBUG org.apache.ibatis.datasource.pooled.PooledDataSource  - Checked out connection 297240765 from pool.
10:47:05,285 [main] DEBUG org.apache.ibatis.transaction.jdbc.JdbcTransaction  - Setting autocommit to false on JDBC Connection [conn4: url=jdbc:h2:mem:activiti user=SA]
10:47:05,285 [main] DEBUG org.activiti.engine.impl.persistence.entity.JobEntity.selectJobByQueryCriteria  - ==&gt;  Preparing: select RES.* from ACT_RU_JOB RES order by order by RES.ID_ asc LIMIT ? OFFSET ? 
10:47:05,285 [main] DEBUG org.activiti.engine.impl.interceptor.CommandContext  - Error while closing command context
org.apache.ibatis.exceptions.PersistenceException: 
### Error querying database.  Cause: org.h2.jdbc.JdbcSQLException: Syntax error in SQL statement &quot;SELECT RES.* 
     
    FROM ACT_RU_JOB RES
     
      
   
     ORDER BY  ORDER[*] BY RES.ID_ ASC  
    LIMIT ? OFFSET ? &quot;; expected &quot;=, NOT, EXISTS, INTERSECTS, SELECT, FROM&quot;; SQL statement:
select RES.* 
     
    from ACT_RU_JOB RES
     
      
   
     order by  order by RES.ID_ asc  
    LIMIT ? OFFSET ? [42001-176]
### The error may exist in org/activiti/db/mapping/entity/Job.xml
### The error may involve org.activiti.engine.impl.persistence.entity.JobEntity.selectJobByQueryCriteria
### The error occurred while executing a query
### SQL: select RES.*            from ACT_RU_JOB RES                       order by  order by RES.ID_ asc       LIMIT ? OFFSET ?
### Cause: org.h2.jdbc.JdbcSQLException: Syntax error in SQL statement &quot;SELECT RES.* 
     
    FROM ACT_RU_JOB RES
     
      
   
     ORDER BY  ORDER[*] BY RES.ID_ ASC  
    LIMIT ? OFFSET ? &quot;; expected &quot;=, NOT, EXISTS, INTERSECTS, SELECT, FROM&quot;; SQL statement:
select RES.* 
     
    from ACT_RU_JOB RES
     
      
   
     order by  order by RES.ID_ asc  
    LIMIT ? OFFSET ? [42001-176]
	at org.apache.ibatis.exceptions.ExceptionFactory.wrapException(ExceptionFactory.java:30)
	at org.apache.ibatis.session.defaults.DefaultSqlSession.selectList(DefaultSqlSession.java:122)
	at org.apache.ibatis.session.defaults.DefaultSqlSession.selectList(DefaultSqlSession.java:113)
	at org.activiti.engine.impl.db.DbSqlSession.selectListWithRawParameter(DbSqlSession.java:438)
	at org.activiti.engine.impl.db.DbSqlSession.selectList(DbSqlSession.java:429)
	at org.activiti.engine.impl.db.DbSqlSession.selectList(DbSqlSession.java:419)
	at org.activiti.engine.impl.persistence.entity.JobEntityManager.findJobsByQueryCriteria(JobEntityManager.java:198)
	at org.activiti.engine.impl.JobQueryImpl.executeList(JobQueryImpl.java:243)
	at org.activiti.engine.impl.AbstractQuery.execute(AbstractQuery.java:164)
	at org.activiti.engine.impl.interceptor.CommandInvoker.execute(CommandInvoker.java:24)
	at org.activiti.engine.impl.interceptor.CommandContextInterceptor.execute(CommandContextInterceptor.java:57)
	at org.activiti.engine.impl.interceptor.LogInterceptor.execute(LogInterceptor.java:37)
	at org.activiti.engine.impl.cfg.CommandExecutorImpl.execute(CommandExecutorImpl.java:40)
	at org.activiti.engine.impl.cfg.CommandExecutorImpl.execute(CommandExecutorImpl.java:35)
	at org.activiti.engine.impl.AbstractQuery.list(AbstractQuery.java:138)
	at org.activiti.engine.impl.test.JobTestHelper.areJobsAvailable(JobTestHelper.java:194)
	at org.activiti.engine.impl.test.JobTestHelper.waitForJobExecutorToProcessAllJobs(JobTestHelper.java:74)
	at org.activiti.engine.impl.test.JobTestHelper.waitForJobExecutorToProcessAllJobs(JobTestHelper.java:47)
	at org.activiti.engine.impl.test.AbstractActivitiTestCase.waitForJobExecutorToProcessAllJobs(AbstractActivitiTestCase.java:204)
	at org.activiti.engine.test.bpmn.servicetask.ServiceTaskVariablesTest.testSerializedVariablesBothAsync(ServiceTaskVariablesTest.java:80)
	at sun.reflect.NativeMethodAccessorImpl.invoke0(Native Method)
	at sun.reflect.NativeMethodAccessorImpl.invoke(NativeMethodAccessorImpl.java:62)
	at sun.reflect.DelegatingMethodAccessorImpl.invoke(DelegatingMethodAccessorImpl.java:43)
	at java.lang.reflect.Method.invoke(Method.java:498)
	at junit.framework.TestCase.runTest(TestCase.java:176)
	at org.activiti.engine.impl.test.PvmTestCase.runTest(PvmTestCase.java:65)
	at junit.framework.TestCase.runBare(TestCase.java:141)
	at org.activiti.engine.impl.test.AbstractActivitiTestCase.runBare(AbstractActivitiTestCase.java:100)
	at junit.framework.TestResult$1.protect(TestResult.java:122)
	at junit.framework.TestResult.runProtected(TestResult.java:142)
	at junit.framework.TestResult.run(TestResult.java:125)
	at junit.framework.TestCase.run(TestCase.java:129)
	at junit.framework.TestSuite.runTest(TestSuite.java:255)
	at junit.framework.TestSuite.run(TestSuite.java:250)
	at org.junit.internal.runners.JUnit38ClassRunner.run(JUnit38ClassRunner.java:84)
	at org.apache.maven.surefire.junit4.JUnit4TestSet.execute(JUnit4TestSet.java:35)
	at org.apache.maven.surefire.junit4.JUnit4Provider.executeTestSet(JUnit4Provider.java:146)
	at org.apache.maven.surefire.junit4.JUnit4Provider.invoke(JUnit4Provider.java:97)
	at sun.reflect.NativeMethodAccessorImpl.invoke0(Native Method)
	at sun.reflect.NativeMethodAccessorImpl.invoke(NativeMethodAccessorImpl.java:62)
	at sun.reflect.DelegatingMethodAccessorImpl.invoke(DelegatingMethodAccessorImpl.java:43)
	at java.lang.reflect.Method.invoke(Method.java:498)
	at org.apache.maven.surefire.booter.ProviderFactory$ClassLoaderProxy.invoke(ProviderFactory.java:103)
	at com.sun.proxy.$Proxy0.invoke(Unknown Source)
	at org.apache.maven.surefire.booter.SurefireStarter.invokeProvider(SurefireStarter.java:145)
	at org.apache.maven.surefire.booter.SurefireStarter.runSuitesInProcess(SurefireStarter.java:87)
	at org.apache.maven.surefire.booter.ForkedBooter.main(ForkedBooter.java:69)
Caused by: org.h2.jdbc.JdbcSQLException: Syntax error in SQL statement &quot;SELECT RES.* 
     
    FROM ACT_RU_JOB RES
     
      
   
     ORDER BY  ORDER[*] BY RES.ID_ ASC  
    LIMIT ? OFFSET ? &quot;; expected &quot;=, NOT, EXISTS, INTERSECTS, SELECT, FROM&quot;; SQL statement:
select RES.* 
     
    from ACT_RU_JOB RES
     
      
   
     order by  order by RES.ID_ asc  
    LIMIT ? OFFSET ? [42001-176]
	at org.h2.message.DbException.getJdbcSQLException(DbException.java:344)
	at org.h2.message.DbException.getSyntaxError(DbException.java:204)
	at org.h2.command.Parser.getSyntaxError(Parser.java:524)
	at org.h2.command.Parser.readTerm(Parser.java:2688)
	at org.h2.command.Parser.readFactor(Parser.java:2244)
	at org.h2.command.Parser.readSum(Parser.java:2231)
	at org.h2.command.Parser.readConcat(Parser.java:2201)
	at org.h2.command.Parser.readCondition(Parser.java:2051)
	at org.h2.command.Parser.readAnd(Parser.java:2023)
	at org.h2.command.Parser.readExpression(Parser.java:2015)
	at org.h2.command.Parser.parseEndOfQuery(Parser.java:1726)
	at org.h2.command.Parser.parseSelectUnionExtension(Parser.java:1706)
	at org.h2.command.Parser.parseSelectUnion(Parser.java:1675)
	at org.h2.command.Parser.parseSelect(Parser.java:1662)
	at org.h2.command.Parser.parsePrepared(Parser.java:434)
	at org.h2.command.Parser.parse(Parser.java:306)
	at org.h2.command.Parser.parse(Parser.java:282)
	at org.h2.command.Parser.prepareCommand(Parser.java:243)
	at org.h2.engine.Session.prepareLocal(Session.java:442)
	at org.h2.engine.Session.prepareCommand(Session.java:384)
	at org.h2.jdbc.JdbcConnection.prepareCommand(JdbcConnection.java:1188)
	at org.h2.jdbc.JdbcPreparedStatement.&lt;init&gt;(JdbcPreparedStatement.java:73)
	at org.h2.jdbc.JdbcConnection.prepareStatement(JdbcConnection.java:276)
	at sun.reflect.GeneratedMethodAccessor6.invoke(Unknown Source)
	at sun.reflect.DelegatingMethodAccessorImpl.invoke(DelegatingMethodAccessorImpl.java:43)
	at java.lang.reflect.Method.invoke(Method.java:498)
	at org.apache.ibatis.datasource.pooled.PooledConnection.invoke(PooledConnection.java:245)
	at com.sun.proxy.$Proxy12.prepareStatement(Unknown Source)
	at sun.reflect.GeneratedMethodAccessor6.invoke(Unknown Source)
	at sun.reflect.DelegatingMethodAccessorImpl.invoke(DelegatingMethodAccessorImpl.java:43)
	at java.lang.reflect.Method.invoke(Method.java:498)
	at org.apache.ibatis.logging.jdbc.ConnectionLogger.invoke(ConnectionLogger.java:55)
	at com.sun.proxy.$Proxy12.prepareStatement(Unknown Source)
	at org.apache.ibatis.executor.statement.PreparedStatementHandler.instantiateStatement(PreparedStatementHandler.java:79)
	at org.apache.ibatis.executor.statement.BaseStatementHandler.prepare(BaseStatementHandler.java:88)
	at org.apache.ibatis.executor.statement.RoutingStatementHandler.prepare(RoutingStatementHandler.java:58)
	at org.apache.ibatis.executor.SimpleExecutor.prepareStatement(SimpleExecutor.java:76)
	at org.apache.ibatis.executor.SimpleExecutor.doQuery(SimpleExecutor.java:61)
	at org.apache.ibatis.executor.BaseExecutor.queryFromDatabase(BaseExecutor.java:303)
	at org.apache.ibatis.executor.BaseExecutor.query(BaseExecutor.java:154)
	at org.apache.ibatis.executor.CachingExecutor.query(CachingExecutor.java:102)
	at org.apache.ibatis.executor.CachingExecutor.query(CachingExecutor.java:82)
	at org.apache.ibatis.session.defaults.DefaultSqlSession.selectList(DefaultSqlSession.java:120)
	... 45 more
10:47:05,286 [main] DEBUG org.activiti.engine.impl.cfg.standalone.StandaloneMybatisTransactionContext  - firing event rolling back...
10:47:05,286 [main] DEBUG org.activiti.engine.impl.cfg.standalone.StandaloneMybatisTransactionContext  - rolling back ibatis sql session...
10:47:05,286 [main] DEBUG org.activiti.engine.impl.cfg.standalone.StandaloneMybatisTransactionContext  - firing event rolled back...
10:47:05,286 [main] DEBUG org.apache.ibatis.transaction.jdbc.JdbcTransaction  - Resetting autocommit to true on JDBC Connection [conn4: url=jdbc:h2:mem:activiti user=SA]
10:47:05,286 [main] DEBUG org.apache.ibatis.transaction.jdbc.JdbcTransaction  - Closing JDBC Connection [conn4: url=jdbc:h2:mem:activiti user=SA]
10:47:05,286 [main] DEBUG org.apache.ibatis.datasource.pooled.PooledDataSource  - Returned connection 297240765 to pool.
10:47:05,286 [main] DEBUG org.activiti.engine.impl.interceptor.LogInterceptor  - --- JobQueryImpl finished --------------------------------------------------------
10:47:05,286 [main] DEBUG org.activiti.engine.impl.interceptor.LogInterceptor  - 

10:47:05,703 [Thread-47] DEBUG org.activiti.engine.impl.asyncexecutor.AcquireTimerJobsRunnable  - timer job acquisition thread woke up
10:47:05,703 [Thread-48] DEBUG org.activiti.engine.impl.asyncexecutor.AcquireAsyncJobsDueRunnable  - async job acquisition thread woke up
10:47:05,703 [Thread-48] DEBUG org.activiti.engine.impl.interceptor.LogInterceptor  - 

10:47:05,703 [Thread-47] DEBUG org.activiti.engine.impl.interceptor.LogInterceptor  - 

10:47:05,703 [Thread-47] DEBUG org.activiti.engine.impl.interceptor.LogInterceptor  - --- starting AcquireTimerJobsCmd --------------------------------------------------------
10:47:05,703 [Thread-48] DEBUG org.activiti.engine.impl.interceptor.LogInterceptor  - --- starting AcquireAsyncJobsDueCmd --------------------------------------------------------
10:47:05,703 [Thread-47] DEBUG org.apache.ibatis.transaction.jdbc.JdbcTransaction  - Opening JDBC Connection
10:47:05,703 [Thread-47] DEBUG org.apache.ibatis.datasource.pooled.PooledDataSource  - Checked out connection 180014677 from pool.
10:47:05,703 [Thread-48] DEBUG org.apache.ibatis.transaction.jdbc.JdbcTransaction  - Opening JDBC Connection
10:47:05,703 [Thread-48] DEBUG org.apache.ibatis.datasource.pooled.PooledDataSource  - Checked out connection 363509958 from pool.
10:47:05,703 [Thread-48] DEBUG org.apache.ibatis.transaction.jdbc.JdbcTransaction  - Setting autocommit to false on JDBC Connection [conn2: url=jdbc:h2:mem:activiti user=SA]
10:47:05,703 [Thread-48] DEBUG org.activiti.engine.impl.persistence.entity.JobEntity.selectAsyncJobsDueToExecute  - ==&gt;  Preparing: select RES.* from ACT_RU_JOB RES LEFT OUTER JOIN ACT_RU_EXECUTION PI ON PI.ID_ = RES.PROCESS_INSTANCE_ID_ where RES.RETRIES_ &gt; 0 and RES.DUEDATE_ is not null and RES.DUEDATE_ &lt;= ? and (RES.LOCK_EXP_TIME_ is null or RES.LOCK_EXP_TIME_ &lt;= ?) and TYPE_ = &apos;message&apos; and ( (RES.EXECUTION_ID_ is null) or (PI.SUSPENSION_STATE_ = 1) ) LIMIT ? OFFSET ? 
10:47:05,703 [Thread-47] DEBUG org.apache.ibatis.transaction.jdbc.JdbcTransaction  - Setting autocommit to false on JDBC Connection [conn3: url=jdbc:h2:mem:activiti user=SA]
10:47:05,703 [Thread-48] DEBUG org.activiti.engine.impl.persistence.entity.JobEntity.selectAsyncJobsDueToExecute  - ==&gt; Parameters: 2023-03-20 10:46:46.742(Timestamp), 2023-03-20 10:46:46.742(Timestamp), 1(Integer), 0(Integer)
10:47:05,703 [Thread-48] DEBUG org.activiti.engine.impl.persistence.entity.JobEntity.selectAsyncJobsDueToExecute  - &lt;==      Total: 0
10:47:05,703 [Thread-48] DEBUG org.activiti.engine.impl.db.DbSqlSession  - flush summary: 0 insert, 0 update, 0 delete.
10:47:05,703 [Thread-48] DEBUG org.activiti.engine.impl.db.DbSqlSession  - now executing flush...
10:47:05,703 [Thread-48] DEBUG org.activiti.engine.impl.cfg.standalone.StandaloneMybatisTransactionContext  - firing event committing...
10:47:05,703 [Thread-48] DEBUG org.activiti.engine.impl.cfg.standalone.StandaloneMybatisTransactionContext  - committing the ibatis sql session...
10:47:05,703 [Thread-47] DEBUG org.activiti.engine.impl.persistence.entity.JobEntity.selectNextTimerJobsToExecute  - ==&gt;  Preparing: select RES.* from ACT_RU_JOB RES LEFT OUTER JOIN ACT_RU_EXECUTION PI ON PI.ID_ = RES.PROCESS_INSTANCE_ID_ where (RES.RETRIES_ &gt; 0) and (RES.DUEDATE_ is null or RES.DUEDATE_ &lt;= ?) and (RES.LOCK_OWNER_ is null or RES.LOCK_EXP_TIME_ &lt;= ?) and TYPE_ = &apos;timer&apos; and ( (RES.EXECUTION_ID_ is null) or (PI.SUSPENSION_STATE_ = 1) ) LIMIT ? OFFSET ? 
10:47:05,703 [Thread-48] DEBUG org.activiti.engine.impl.cfg.standalone.StandaloneMybatisTransactionContext  - firing event committed...
10:47:05,703 [Thread-47] DEBUG org.activiti.engine.impl.persistence.entity.JobEntity.selectNextTimerJobsToExecute  - ==&gt; Parameters: 2023-03-20 10:46:46.742(Timestamp), 2023-03-20 10:46:46.742(Timestamp), 1(Integer), 0(Integer)
10:47:05,703 [Thread-48] DEBUG org.apache.ibatis.transaction.jdbc.JdbcTransaction  - Resetting autocommit to true on JDBC Connection [conn2: url=jdbc:h2:mem:activiti user=SA]
10:47:05,704 [Thread-48] DEBUG org.apache.ibatis.transaction.jdbc.JdbcTransaction  - Closing JDBC Connection [conn2: url=jdbc:h2:mem:activiti user=SA]
10:47:05,704 [Thread-48] DEBUG org.apache.ibatis.datasource.pooled.PooledDataSource  - Returned connection 363509958 to pool.
10:47:05,704 [Thread-48] DEBUG org.activiti.engine.impl.interceptor.LogInterceptor  - --- AcquireAsyncJobsDueCmd finished --------------------------------------------------------
10:47:05,704 [Thread-48] DEBUG org.activiti.engine.impl.interceptor.LogInterceptor  - 

10:47:05,704 [Thread-47] DEBUG org.activiti.engine.impl.persistence.entity.JobEntity.selectNextTimerJobsToExecute  - &lt;==      Total: 0
10:47:05,704 [Thread-47] DEBUG org.activiti.engine.impl.db.DbSqlSession  - flush summary: 0 insert, 0 update, 0 delete.
10:47:05,704 [Thread-47] DEBUG org.activiti.engine.impl.db.DbSqlSession  - now executing flush...
10:47:05,704 [Thread-47] DEBUG org.activiti.engine.impl.cfg.standalone.StandaloneMybatisTransactionContext  - firing event committing...
10:47:05,704 [Thread-47] DEBUG org.activiti.engine.impl.cfg.standalone.StandaloneMybatisTransactionContext  - committing the ibatis sql session...
10:47:05,704 [Thread-47] DEBUG org.activiti.engine.impl.cfg.standalone.StandaloneMybatisTransactionContext  - firing event committed...
10:47:05,704 [Thread-47] DEBUG org.apache.ibatis.transaction.jdbc.JdbcTransaction  - Resetting autocommit to true on JDBC Connection [conn3: url=jdbc:h2:mem:activiti user=SA]
10:47:05,704 [Thread-48] DEBUG org.activiti.engine.impl.asyncexecutor.AcquireAsyncJobsDueRunnable  - async job acquisition thread sleeping for 1000 millis
10:47:05,704 [Thread-47] DEBUG org.apache.ibatis.transaction.jdbc.JdbcTransaction  - Closing JDBC Connection [conn3: url=jdbc:h2:mem:activiti user=SA]
10:47:05,704 [Thread-47] DEBUG org.apache.ibatis.datasource.pooled.PooledDataSource  - Returned connection 180014677 to pool.
10:47:05,704 [Thread-47] DEBUG org.activiti.engine.impl.interceptor.LogInterceptor  - --- AcquireTimerJobsCmd finished --------------------------------------------------------
10:47:05,704 [Thread-47] DEBUG org.activiti.engine.impl.interceptor.LogInterceptor  - 

10:47:05,704 [Thread-47] DEBUG org.activiti.engine.impl.asyncexecutor.AcquireTimerJobsRunnable  - timer job acquisition thread sleeping for 1000 millis
10:47:05,797 [main] DEBUG org.activiti.engine.impl.interceptor.LogInterceptor  - 

10:47:05,797 [main] DEBUG org.activiti.engine.impl.interceptor.LogInterceptor  - --- starting JobQueryImpl --------------------------------------------------------
10:47:05,797 [main] DEBUG org.apache.ibatis.transaction.jdbc.JdbcTransaction  - Opening JDBC Connection
10:47:05,797 [main] DEBUG org.apache.ibatis.datasource.pooled.PooledDataSource  - Checked out connection 486346394 from pool.
10:47:05,797 [main] DEBUG org.apache.ibatis.transaction.jdbc.JdbcTransaction  - Setting autocommit to false on JDBC Connection [conn6: url=jdbc:h2:mem:activiti user=SA]
10:47:05,797 [main] DEBUG org.activiti.engine.impl.persistence.entity.JobEntity.selectJobByQueryCriteria  - ==&gt;  Preparing: select RES.* from ACT_RU_JOB RES order by order by RES.ID_ asc LIMIT ? OFFSET ? 
10:47:05,797 [main] DEBUG org.activiti.engine.impl.interceptor.CommandContext  - Error while closing command context
org.apache.ibatis.exceptions.PersistenceException: 
### Error querying database.  Cause: org.h2.jdbc.JdbcSQLException: Syntax error in SQL statement &quot;SELECT RES.* 
     
    FROM ACT_RU_JOB RES
     
      
   
     ORDER BY  ORDER[*] BY RES.ID_ ASC  
    LIMIT ? OFFSET ? &quot;; expected &quot;=, NOT, EXISTS, INTERSECTS, SELECT, FROM&quot;; SQL statement:
select RES.* 
     
    from ACT_RU_JOB RES
     
      
   
     order by  order by RES.ID_ asc  
    LIMIT ? OFFSET ? [42001-176]
### The error may exist in org/activiti/db/mapping/entity/Job.xml
### The error may involve org.activiti.engine.impl.persistence.entity.JobEntity.selectJobByQueryCriteria
### The error occurred while executing a query
### SQL: select RES.*            from ACT_RU_JOB RES                       order by  order by RES.ID_ asc       LIMIT ? OFFSET ?
### Cause: org.h2.jdbc.JdbcSQLException: Syntax error in SQL statement &quot;SELECT RES.* 
     
    FROM ACT_RU_JOB RES
     
      
   
     ORDER BY  ORDER[*] BY RES.ID_ ASC  
    LIMIT ? OFFSET ? &quot;; expected &quot;=, NOT, EXISTS, INTERSECTS, SELECT, FROM&quot;; SQL statement:
select RES.* 
     
    from ACT_RU_JOB RES
     
      
   
     order by  order by RES.ID_ asc  
    LIMIT ? OFFSET ? [42001-176]
	at org.apache.ibatis.exceptions.ExceptionFactory.wrapException(ExceptionFactory.java:30)
	at org.apache.ibatis.session.defaults.DefaultSqlSession.selectList(DefaultSqlSession.java:122)
	at org.apache.ibatis.session.defaults.DefaultSqlSession.selectList(DefaultSqlSession.java:113)
	at org.activiti.engine.impl.db.DbSqlSession.selectListWithRawParameter(DbSqlSession.java:438)
	at org.activiti.engine.impl.db.DbSqlSession.selectList(DbSqlSession.java:429)
	at org.activiti.engine.impl.db.DbSqlSession.selectList(DbSqlSession.java:419)
	at org.activiti.engine.impl.persistence.entity.JobEntityManager.findJobsByQueryCriteria(JobEntityManager.java:198)
	at org.activiti.engine.impl.JobQueryImpl.executeList(JobQueryImpl.java:243)
	at org.activiti.engine.impl.AbstractQuery.execute(AbstractQuery.java:164)
	at org.activiti.engine.impl.interceptor.CommandInvoker.execute(CommandInvoker.java:24)
	at org.activiti.engine.impl.interceptor.CommandContextInterceptor.execute(CommandContextInterceptor.java:57)
	at org.activiti.engine.impl.interceptor.LogInterceptor.execute(LogInterceptor.java:37)
	at org.activiti.engine.impl.cfg.CommandExecutorImpl.execute(CommandExecutorImpl.java:40)
	at org.activiti.engine.impl.cfg.CommandExecutorImpl.execute(CommandExecutorImpl.java:35)
	at org.activiti.engine.impl.AbstractQuery.list(AbstractQuery.java:138)
	at org.activiti.engine.impl.test.JobTestHelper.areJobsAvailable(JobTestHelper.java:194)
	at org.activiti.engine.impl.test.JobTestHelper.waitForJobExecutorToProcessAllJobs(JobTestHelper.java:74)
	at org.activiti.engine.impl.test.JobTestHelper.waitForJobExecutorToProcessAllJobs(JobTestHelper.java:47)
	at org.activiti.engine.impl.test.AbstractActivitiTestCase.waitForJobExecutorToProcessAllJobs(AbstractActivitiTestCase.java:204)
	at org.activiti.engine.test.bpmn.servicetask.ServiceTaskVariablesTest.testSerializedVariablesBothAsync(ServiceTaskVariablesTest.java:80)
	at sun.reflect.NativeMethodAccessorImpl.invoke0(Native Method)
	at sun.reflect.NativeMethodAccessorImpl.invoke(NativeMethodAccessorImpl.java:62)
	at sun.reflect.DelegatingMethodAccessorImpl.invoke(DelegatingMethodAccessorImpl.java:43)
	at java.lang.reflect.Method.invoke(Method.java:498)
	at junit.framework.TestCase.runTest(TestCase.java:176)
	at org.activiti.engine.impl.test.PvmTestCase.runTest(PvmTestCase.java:65)
	at junit.framework.TestCase.runBare(TestCase.java:141)
	at org.activiti.engine.impl.test.AbstractActivitiTestCase.runBare(AbstractActivitiTestCase.java:100)
	at junit.framework.TestResult$1.protect(TestResult.java:122)
	at junit.framework.TestResult.runProtected(TestResult.java:142)
	at junit.framework.TestResult.run(TestResult.java:125)
	at junit.framework.TestCase.run(TestCase.java:129)
	at junit.framework.TestSuite.runTest(TestSuite.java:255)
	at junit.framework.TestSuite.run(TestSuite.java:250)
	at org.junit.internal.runners.JUnit38ClassRunner.run(JUnit38ClassRunner.java:84)
	at org.apache.maven.surefire.junit4.JUnit4TestSet.execute(JUnit4TestSet.java:35)
	at org.apache.maven.surefire.junit4.JUnit4Provider.executeTestSet(JUnit4Provider.java:146)
	at org.apache.maven.surefire.junit4.JUnit4Provider.invoke(JUnit4Provider.java:97)
	at sun.reflect.NativeMethodAccessorImpl.invoke0(Native Method)
	at sun.reflect.NativeMethodAccessorImpl.invoke(NativeMethodAccessorImpl.java:62)
	at sun.reflect.DelegatingMethodAccessorImpl.invoke(DelegatingMethodAccessorImpl.java:43)
	at java.lang.reflect.Method.invoke(Method.java:498)
	at org.apache.maven.surefire.booter.ProviderFactory$ClassLoaderProxy.invoke(ProviderFactory.java:103)
	at com.sun.proxy.$Proxy0.invoke(Unknown Source)
	at org.apache.maven.surefire.booter.SurefireStarter.invokeProvider(SurefireStarter.java:145)
	at org.apache.maven.surefire.booter.SurefireStarter.runSuitesInProcess(SurefireStarter.java:87)
	at org.apache.maven.surefire.booter.ForkedBooter.main(ForkedBooter.java:69)
Caused by: org.h2.jdbc.JdbcSQLException: Syntax error in SQL statement &quot;SELECT RES.* 
     
    FROM ACT_RU_JOB RES
     
      
   
     ORDER BY  ORDER[*] BY RES.ID_ ASC  
    LIMIT ? OFFSET ? &quot;; expected &quot;=, NOT, EXISTS, INTERSECTS, SELECT, FROM&quot;; SQL statement:
select RES.* 
     
    from ACT_RU_JOB RES
     
      
   
     order by  order by RES.ID_ asc  
    LIMIT ? OFFSET ? [42001-176]
	at org.h2.message.DbException.getJdbcSQLException(DbException.java:344)
	at org.h2.message.DbException.getSyntaxError(DbException.java:204)
	at org.h2.command.Parser.getSyntaxError(Parser.java:524)
	at org.h2.command.Parser.readTerm(Parser.java:2688)
	at org.h2.command.Parser.readFactor(Parser.java:2244)
	at org.h2.command.Parser.readSum(Parser.java:2231)
	at org.h2.command.Parser.readConcat(Parser.java:2201)
	at org.h2.command.Parser.readCondition(Parser.java:2051)
	at org.h2.command.Parser.readAnd(Parser.java:2023)
	at org.h2.command.Parser.readExpression(Parser.java:2015)
	at org.h2.command.Parser.parseEndOfQuery(Parser.java:1726)
	at org.h2.command.Parser.parseSelectUnionExtension(Parser.java:1706)
	at org.h2.command.Parser.parseSelectUnion(Parser.java:1675)
	at org.h2.command.Parser.parseSelect(Parser.java:1662)
	at org.h2.command.Parser.parsePrepared(Parser.java:434)
	at org.h2.command.Parser.parse(Parser.java:306)
	at org.h2.command.Parser.parse(Parser.java:282)
	at org.h2.command.Parser.prepareCommand(Parser.java:243)
	at org.h2.engine.Session.prepareLocal(Session.java:442)
	at org.h2.engine.Session.prepareCommand(Session.java:384)
	at org.h2.jdbc.JdbcConnection.prepareCommand(JdbcConnection.java:1188)
	at org.h2.jdbc.JdbcPreparedStatement.&lt;init&gt;(JdbcPreparedStatement.java:73)
	at org.h2.jdbc.JdbcConnection.prepareStatement(JdbcConnection.java:276)
	at sun.reflect.GeneratedMethodAccessor6.invoke(Unknown Source)
	at sun.reflect.DelegatingMethodAccessorImpl.invoke(DelegatingMethodAccessorImpl.java:43)
	at java.lang.reflect.Method.invoke(Method.java:498)
	at org.apache.ibatis.datasource.pooled.PooledConnection.invoke(PooledConnection.java:245)
	at com.sun.proxy.$Proxy12.prepareStatement(Unknown Source)
	at sun.reflect.GeneratedMethodAccessor6.invoke(Unknown Source)
	at sun.reflect.DelegatingMethodAccessorImpl.invoke(DelegatingMethodAccessorImpl.java:43)
	at java.lang.reflect.Method.invoke(Method.java:498)
	at org.apache.ibatis.logging.jdbc.ConnectionLogger.invoke(ConnectionLogger.java:55)
	at com.sun.proxy.$Proxy12.prepareStatement(Unknown Source)
	at org.apache.ibatis.executor.statement.PreparedStatementHandler.instantiateStatement(PreparedStatementHandler.java:79)
	at org.apache.ibatis.executor.statement.BaseStatementHandler.prepare(BaseStatementHandler.java:88)
	at org.apache.ibatis.executor.statement.RoutingStatementHandler.prepare(RoutingStatementHandler.java:58)
	at org.apache.ibatis.executor.SimpleExecutor.prepareStatement(SimpleExecutor.java:76)
	at org.apache.ibatis.executor.SimpleExecutor.doQuery(SimpleExecutor.java:61)
	at org.apache.ibatis.executor.BaseExecutor.queryFromDatabase(BaseExecutor.java:303)
	at org.apache.ibatis.executor.BaseExecutor.query(BaseExecutor.java:154)
	at org.apache.ibatis.executor.CachingExecutor.query(CachingExecutor.java:102)
	at org.apache.ibatis.executor.CachingExecutor.query(CachingExecutor.java:82)
	at org.apache.ibatis.session.defaults.DefaultSqlSession.selectList(DefaultSqlSession.java:120)
	... 45 more
10:47:05,799 [main] DEBUG org.activiti.engine.impl.cfg.standalone.StandaloneMybatisTransactionContext  - firing event rolling back...
10:47:05,799 [main] DEBUG org.activiti.engine.impl.cfg.standalone.StandaloneMybatisTransactionContext  - rolling back ibatis sql session...
10:47:05,799 [main] DEBUG org.activiti.engine.impl.cfg.standalone.StandaloneMybatisTransactionContext  - firing event rolled back...
10:47:05,799 [main] DEBUG org.apache.ibatis.transaction.jdbc.JdbcTransaction  - Resetting autocommit to true on JDBC Connection [conn6: url=jdbc:h2:mem:activiti user=SA]
10:47:05,799 [main] DEBUG org.apache.ibatis.transaction.jdbc.JdbcTransaction  - Closing JDBC Connection [conn6: url=jdbc:h2:mem:activiti user=SA]
10:47:05,799 [main] DEBUG org.apache.ibatis.datasource.pooled.PooledDataSource  - Returned connection 486346394 to pool.
10:47:05,799 [main] DEBUG org.activiti.engine.impl.interceptor.LogInterceptor  - --- JobQueryImpl finished --------------------------------------------------------
10:47:05,799 [main] DEBUG org.activiti.engine.impl.interceptor.LogInterceptor  - 

10:47:06,309 [main] DEBUG org.activiti.engine.impl.interceptor.LogInterceptor  - 

10:47:06,309 [main] DEBUG org.activiti.engine.impl.interceptor.LogInterceptor  - --- starting JobQueryImpl --------------------------------------------------------
10:47:06,309 [main] DEBUG org.apache.ibatis.transaction.jdbc.JdbcTransaction  - Opening JDBC Connection
10:47:06,309 [main] DEBUG org.apache.ibatis.datasource.pooled.PooledDataSource  - Checked out connection 297240765 from pool.
10:47:06,309 [main] DEBUG org.apache.ibatis.transaction.jdbc.JdbcTransaction  - Setting autocommit to false on JDBC Connection [conn4: url=jdbc:h2:mem:activiti user=SA]
10:47:06,309 [main] DEBUG org.activiti.engine.impl.persistence.entity.JobEntity.selectJobByQueryCriteria  - ==&gt;  Preparing: select RES.* from ACT_RU_JOB RES order by order by RES.ID_ asc LIMIT ? OFFSET ? 
10:47:06,309 [main] DEBUG org.activiti.engine.impl.interceptor.CommandContext  - Error while closing command context
org.apache.ibatis.exceptions.PersistenceException: 
### Error querying database.  Cause: org.h2.jdbc.JdbcSQLException: Syntax error in SQL statement &quot;SELECT RES.* 
     
    FROM ACT_RU_JOB RES
     
      
   
     ORDER BY  ORDER[*] BY RES.ID_ ASC  
    LIMIT ? OFFSET ? &quot;; expected &quot;=, NOT, EXISTS, INTERSECTS, SELECT, FROM&quot;; SQL statement:
select RES.* 
     
    from ACT_RU_JOB RES
     
      
   
     order by  order by RES.ID_ asc  
    LIMIT ? OFFSET ? [42001-176]
### The error may exist in org/activiti/db/mapping/entity/Job.xml
### The error may involve org.activiti.engine.impl.persistence.entity.JobEntity.selectJobByQueryCriteria
### The error occurred while executing a query
### SQL: select RES.*            from ACT_RU_JOB RES                       order by  order by RES.ID_ asc       LIMIT ? OFFSET ?
### Cause: org.h2.jdbc.JdbcSQLException: Syntax error in SQL statement &quot;SELECT RES.* 
     
    FROM ACT_RU_JOB RES
     
      
   
     ORDER BY  ORDER[*] BY RES.ID_ ASC  
    LIMIT ? OFFSET ? &quot;; expected &quot;=, NOT, EXISTS, INTERSECTS, SELECT, FROM&quot;; SQL statement:
select RES.* 
     
    from ACT_RU_JOB RES
     
      
   
     order by  order by RES.ID_ asc  
    LIMIT ? OFFSET ? [42001-176]
	at org.apache.ibatis.exceptions.ExceptionFactory.wrapException(ExceptionFactory.java:30)
	at org.apache.ibatis.session.defaults.DefaultSqlSession.selectList(DefaultSqlSession.java:122)
	at org.apache.ibatis.session.defaults.DefaultSqlSession.selectList(DefaultSqlSession.java:113)
	at org.activiti.engine.impl.db.DbSqlSession.selectListWithRawParameter(DbSqlSession.java:438)
	at org.activiti.engine.impl.db.DbSqlSession.selectList(DbSqlSession.java:429)
	at org.activiti.engine.impl.db.DbSqlSession.selectList(DbSqlSession.java:419)
	at org.activiti.engine.impl.persistence.entity.JobEntityManager.findJobsByQueryCriteria(JobEntityManager.java:198)
	at org.activiti.engine.impl.JobQueryImpl.executeList(JobQueryImpl.java:243)
	at org.activiti.engine.impl.AbstractQuery.execute(AbstractQuery.java:164)
	at org.activiti.engine.impl.interceptor.CommandInvoker.execute(CommandInvoker.java:24)
	at org.activiti.engine.impl.interceptor.CommandContextInterceptor.execute(CommandContextInterceptor.java:57)
	at org.activiti.engine.impl.interceptor.LogInterceptor.execute(LogInterceptor.java:37)
	at org.activiti.engine.impl.cfg.CommandExecutorImpl.execute(CommandExecutorImpl.java:40)
	at org.activiti.engine.impl.cfg.CommandExecutorImpl.execute(CommandExecutorImpl.java:35)
	at org.activiti.engine.impl.AbstractQuery.list(AbstractQuery.java:138)
	at org.activiti.engine.impl.test.JobTestHelper.areJobsAvailable(JobTestHelper.java:194)
	at org.activiti.engine.impl.test.JobTestHelper.waitForJobExecutorToProcessAllJobs(JobTestHelper.java:74)
	at org.activiti.engine.impl.test.JobTestHelper.waitForJobExecutorToProcessAllJobs(JobTestHelper.java:47)
	at org.activiti.engine.impl.test.AbstractActivitiTestCase.waitForJobExecutorToProcessAllJobs(AbstractActivitiTestCase.java:204)
	at org.activiti.engine.test.bpmn.servicetask.ServiceTaskVariablesTest.testSerializedVariablesBothAsync(ServiceTaskVariablesTest.java:80)
	at sun.reflect.NativeMethodAccessorImpl.invoke0(Native Method)
	at sun.reflect.NativeMethodAccessorImpl.invoke(NativeMethodAccessorImpl.java:62)
	at sun.reflect.DelegatingMethodAccessorImpl.invoke(DelegatingMethodAccessorImpl.java:43)
	at java.lang.reflect.Method.invoke(Method.java:498)
	at junit.framework.TestCase.runTest(TestCase.java:176)
	at org.activiti.engine.impl.test.PvmTestCase.runTest(PvmTestCase.java:65)
	at junit.framework.TestCase.runBare(TestCase.java:141)
	at org.activiti.engine.impl.test.AbstractActivitiTestCase.runBare(AbstractActivitiTestCase.java:100)
	at junit.framework.TestResult$1.protect(TestResult.java:122)
	at junit.framework.TestResult.runProtected(TestResult.java:142)
	at junit.framework.TestResult.run(TestResult.java:125)
	at junit.framework.TestCase.run(TestCase.java:129)
	at junit.framework.TestSuite.runTest(TestSuite.java:255)
	at junit.framework.TestSuite.run(TestSuite.java:250)
	at org.junit.internal.runners.JUnit38ClassRunner.run(JUnit38ClassRunner.java:84)
	at org.apache.maven.surefire.junit4.JUnit4TestSet.execute(JUnit4TestSet.java:35)
	at org.apache.maven.surefire.junit4.JUnit4Provider.executeTestSet(JUnit4Provider.java:146)
	at org.apache.maven.surefire.junit4.JUnit4Provider.invoke(JUnit4Provider.java:97)
	at sun.reflect.NativeMethodAccessorImpl.invoke0(Native Method)
	at sun.reflect.NativeMethodAccessorImpl.invoke(NativeMethodAccessorImpl.java:62)
	at sun.reflect.DelegatingMethodAccessorImpl.invoke(DelegatingMethodAccessorImpl.java:43)
	at java.lang.reflect.Method.invoke(Method.java:498)
	at org.apache.maven.surefire.booter.ProviderFactory$ClassLoaderProxy.invoke(ProviderFactory.java:103)
	at com.sun.proxy.$Proxy0.invoke(Unknown Source)
	at org.apache.maven.surefire.booter.SurefireStarter.invokeProvider(SurefireStarter.java:145)
	at org.apache.maven.surefire.booter.SurefireStarter.runSuitesInProcess(SurefireStarter.java:87)
	at org.apache.maven.surefire.booter.ForkedBooter.main(ForkedBooter.java:69)
Caused by: org.h2.jdbc.JdbcSQLException: Syntax error in SQL statement &quot;SELECT RES.* 
     
    FROM ACT_RU_JOB RES
     
      
   
     ORDER BY  ORDER[*] BY RES.ID_ ASC  
    LIMIT ? OFFSET ? &quot;; expected &quot;=, NOT, EXISTS, INTERSECTS, SELECT, FROM&quot;; SQL statement:
select RES.* 
     
    from ACT_RU_JOB RES
     
      
   
     order by  order by RES.ID_ asc  
    LIMIT ? OFFSET ? [42001-176]
	at org.h2.message.DbException.getJdbcSQLException(DbException.java:344)
	at org.h2.message.DbException.getSyntaxError(DbException.java:204)
	at org.h2.command.Parser.getSyntaxError(Parser.java:524)
	at org.h2.command.Parser.readTerm(Parser.java:2688)
	at org.h2.command.Parser.readFactor(Parser.java:2244)
	at org.h2.command.Parser.readSum(Parser.java:2231)
	at org.h2.command.Parser.readConcat(Parser.java:2201)
	at org.h2.command.Parser.readCondition(Parser.java:2051)
	at org.h2.command.Parser.readAnd(Parser.java:2023)
	at org.h2.command.Parser.readExpression(Parser.java:2015)
	at org.h2.command.Parser.parseEndOfQuery(Parser.java:1726)
	at org.h2.command.Parser.parseSelectUnionExtension(Parser.java:1706)
	at org.h2.command.Parser.parseSelectUnion(Parser.java:1675)
	at org.h2.command.Parser.parseSelect(Parser.java:1662)
	at org.h2.command.Parser.parsePrepared(Parser.java:434)
	at org.h2.command.Parser.parse(Parser.java:306)
	at org.h2.command.Parser.parse(Parser.java:282)
	at org.h2.command.Parser.prepareCommand(Parser.java:243)
	at org.h2.engine.Session.prepareLocal(Session.java:442)
	at org.h2.engine.Session.prepareCommand(Session.java:384)
	at org.h2.jdbc.JdbcConnection.prepareCommand(JdbcConnection.java:1188)
	at org.h2.jdbc.JdbcPreparedStatement.&lt;init&gt;(JdbcPreparedStatement.java:73)
	at org.h2.jdbc.JdbcConnection.prepareStatement(JdbcConnection.java:276)
	at sun.reflect.GeneratedMethodAccessor6.invoke(Unknown Source)
	at sun.reflect.DelegatingMethodAccessorImpl.invoke(DelegatingMethodAccessorImpl.java:43)
	at java.lang.reflect.Method.invoke(Method.java:498)
	at org.apache.ibatis.datasource.pooled.PooledConnection.invoke(PooledConnection.java:245)
	at com.sun.proxy.$Proxy12.prepareStatement(Unknown Source)
	at sun.reflect.GeneratedMethodAccessor6.invoke(Unknown Source)
	at sun.reflect.DelegatingMethodAccessorImpl.invoke(DelegatingMethodAccessorImpl.java:43)
	at java.lang.reflect.Method.invoke(Method.java:498)
	at org.apache.ibatis.logging.jdbc.ConnectionLogger.invoke(ConnectionLogger.java:55)
	at com.sun.proxy.$Proxy12.prepareStatement(Unknown Source)
	at org.apache.ibatis.executor.statement.PreparedStatementHandler.instantiateStatement(PreparedStatementHandler.java:79)
	at org.apache.ibatis.executor.statement.BaseStatementHandler.prepare(BaseStatementHandler.java:88)
	at org.apache.ibatis.executor.statement.RoutingStatementHandler.prepare(RoutingStatementHandler.java:58)
	at org.apache.ibatis.executor.SimpleExecutor.prepareStatement(SimpleExecutor.java:76)
	at org.apache.ibatis.executor.SimpleExecutor.doQuery(SimpleExecutor.java:61)
	at org.apache.ibatis.executor.BaseExecutor.queryFromDatabase(BaseExecutor.java:303)
	at org.apache.ibatis.executor.BaseExecutor.query(BaseExecutor.java:154)
	at org.apache.ibatis.executor.CachingExecutor.query(CachingExecutor.java:102)
	at org.apache.ibatis.executor.CachingExecutor.query(CachingExecutor.java:82)
	at org.apache.ibatis.session.defaults.DefaultSqlSession.selectList(DefaultSqlSession.java:120)
	... 45 more
10:47:06,310 [main] DEBUG org.activiti.engine.impl.cfg.standalone.StandaloneMybatisTransactionContext  - firing event rolling back...
10:47:06,310 [main] DEBUG org.activiti.engine.impl.cfg.standalone.StandaloneMybatisTransactionContext  - rolling back ibatis sql session...
10:47:06,310 [main] DEBUG org.activiti.engine.impl.cfg.standalone.StandaloneMybatisTransactionContext  - firing event rolled back...
10:47:06,310 [main] DEBUG org.apache.ibatis.transaction.jdbc.JdbcTransaction  - Resetting autocommit to true on JDBC Connection [conn4: url=jdbc:h2:mem:activiti user=SA]
10:47:06,310 [main] DEBUG org.apache.ibatis.transaction.jdbc.JdbcTransaction  - Closing JDBC Connection [conn4: url=jdbc:h2:mem:activiti user=SA]
10:47:06,310 [main] DEBUG org.apache.ibatis.datasource.pooled.PooledDataSource  - Returned connection 297240765 to pool.
10:47:06,310 [main] DEBUG org.activiti.engine.impl.interceptor.LogInterceptor  - --- JobQueryImpl finished --------------------------------------------------------
10:47:06,310 [main] DEBUG org.activiti.engine.impl.interceptor.LogInterceptor  - 

10:47:06,711 [Thread-48] DEBUG org.activiti.engine.impl.asyncexecutor.AcquireAsyncJobsDueRunnable  - async job acquisition thread woke up
10:47:06,711 [Thread-47] DEBUG org.activiti.engine.impl.asyncexecutor.AcquireTimerJobsRunnable  - timer job acquisition thread woke up
10:47:06,711 [Thread-47] DEBUG org.activiti.engine.impl.interceptor.LogInterceptor  - 

10:47:06,711 [Thread-48] DEBUG org.activiti.engine.impl.interceptor.LogInterceptor  - 

10:47:06,711 [Thread-48] DEBUG org.activiti.engine.impl.interceptor.LogInterceptor  - --- starting AcquireAsyncJobsDueCmd --------------------------------------------------------
10:47:06,711 [Thread-48] DEBUG org.apache.ibatis.transaction.jdbc.JdbcTransaction  - Opening JDBC Connection
10:47:06,711 [Thread-47] DEBUG org.activiti.engine.impl.interceptor.LogInterceptor  - --- starting AcquireTimerJobsCmd --------------------------------------------------------
10:47:06,711 [Thread-48] DEBUG org.apache.ibatis.datasource.pooled.PooledDataSource  - Checked out connection 363509958 from pool.
10:47:06,711 [Thread-47] DEBUG org.apache.ibatis.transaction.jdbc.JdbcTransaction  - Opening JDBC Connection
10:47:06,711 [Thread-47] DEBUG org.apache.ibatis.datasource.pooled.PooledDataSource  - Checked out connection 180014677 from pool.
10:47:06,711 [Thread-47] DEBUG org.apache.ibatis.transaction.jdbc.JdbcTransaction  - Setting autocommit to false on JDBC Connection [conn3: url=jdbc:h2:mem:activiti user=SA]
10:47:06,711 [Thread-48] DEBUG org.apache.ibatis.transaction.jdbc.JdbcTransaction  - Setting autocommit to false on JDBC Connection [conn2: url=jdbc:h2:mem:activiti user=SA]
10:47:06,711 [Thread-47] DEBUG org.activiti.engine.impl.persistence.entity.JobEntity.selectNextTimerJobsToExecute  - ==&gt;  Preparing: select RES.* from ACT_RU_JOB RES LEFT OUTER JOIN ACT_RU_EXECUTION PI ON PI.ID_ = RES.PROCESS_INSTANCE_ID_ where (RES.RETRIES_ &gt; 0) and (RES.DUEDATE_ is null or RES.DUEDATE_ &lt;= ?) and (RES.LOCK_OWNER_ is null or RES.LOCK_EXP_TIME_ &lt;= ?) and TYPE_ = &apos;timer&apos; and ( (RES.EXECUTION_ID_ is null) or (PI.SUSPENSION_STATE_ = 1) ) LIMIT ? OFFSET ? 
10:47:06,711 [Thread-48] DEBUG org.activiti.engine.impl.persistence.entity.JobEntity.selectAsyncJobsDueToExecute  - ==&gt;  Preparing: select RES.* from ACT_RU_JOB RES LEFT OUTER JOIN ACT_RU_EXECUTION PI ON PI.ID_ = RES.PROCESS_INSTANCE_ID_ where RES.RETRIES_ &gt; 0 and RES.DUEDATE_ is not null and RES.DUEDATE_ &lt;= ? and (RES.LOCK_EXP_TIME_ is null or RES.LOCK_EXP_TIME_ &lt;= ?) and TYPE_ = &apos;message&apos; and ( (RES.EXECUTION_ID_ is null) or (PI.SUSPENSION_STATE_ = 1) ) LIMIT ? OFFSET ? 
10:47:06,711 [Thread-47] DEBUG org.activiti.engine.impl.persistence.entity.JobEntity.selectNextTimerJobsToExecute  - ==&gt; Parameters: 2023-03-20 10:46:46.742(Timestamp), 2023-03-20 10:46:46.742(Timestamp), 1(Integer), 0(Integer)
10:47:06,711 [Thread-48] DEBUG org.activiti.engine.impl.persistence.entity.JobEntity.selectAsyncJobsDueToExecute  - ==&gt; Parameters: 2023-03-20 10:46:46.742(Timestamp), 2023-03-20 10:46:46.742(Timestamp), 1(Integer), 0(Integer)
10:47:06,711 [Thread-47] DEBUG org.activiti.engine.impl.persistence.entity.JobEntity.selectNextTimerJobsToExecute  - &lt;==      Total: 0
10:47:06,711 [Thread-48] DEBUG org.activiti.engine.impl.persistence.entity.JobEntity.selectAsyncJobsDueToExecute  - &lt;==      Total: 0
10:47:06,711 [Thread-47] DEBUG org.activiti.engine.impl.db.DbSqlSession  - flush summary: 0 insert, 0 update, 0 delete.
10:47:06,712 [Thread-47] DEBUG org.activiti.engine.impl.db.DbSqlSession  - now executing flush...
10:47:06,712 [Thread-48] DEBUG org.activiti.engine.impl.db.DbSqlSession  - flush summary: 0 insert, 0 update, 0 delete.
10:47:06,712 [Thread-48] DEBUG org.activiti.engine.impl.db.DbSqlSession  - now executing flush...
10:47:06,712 [Thread-48] DEBUG org.activiti.engine.impl.cfg.standalone.StandaloneMybatisTransactionContext  - firing event committing...
10:47:06,712 [Thread-48] DEBUG org.activiti.engine.impl.cfg.standalone.StandaloneMybatisTransactionContext  - committing the ibatis sql session...
10:47:06,712 [Thread-48] DEBUG org.activiti.engine.impl.cfg.standalone.StandaloneMybatisTransactionContext  - firing event committed...
10:47:06,712 [Thread-47] DEBUG org.activiti.engine.impl.cfg.standalone.StandaloneMybatisTransactionContext  - firing event committing...
10:47:06,712 [Thread-47] DEBUG org.activiti.engine.impl.cfg.standalone.StandaloneMybatisTransactionContext  - committing the ibatis sql session...
10:47:06,712 [Thread-47] DEBUG org.activiti.engine.impl.cfg.standalone.StandaloneMybatisTransactionContext  - firing event committed...
10:47:06,712 [Thread-47] DEBUG org.apache.ibatis.transaction.jdbc.JdbcTransaction  - Resetting autocommit to true on JDBC Connection [conn3: url=jdbc:h2:mem:activiti user=SA]
10:47:06,712 [Thread-48] DEBUG org.apache.ibatis.transaction.jdbc.JdbcTransaction  - Resetting autocommit to true on JDBC Connection [conn2: url=jdbc:h2:mem:activiti user=SA]
10:47:06,712 [Thread-48] DEBUG org.apache.ibatis.transaction.jdbc.JdbcTransaction  - Closing JDBC Connection [conn2: url=jdbc:h2:mem:activiti user=SA]
10:47:06,712 [Thread-47] DEBUG org.apache.ibatis.transaction.jdbc.JdbcTransaction  - Closing JDBC Connection [conn3: url=jdbc:h2:mem:activiti user=SA]
10:47:06,712 [Thread-48] DEBUG org.apache.ibatis.datasource.pooled.PooledDataSource  - Returned connection 363509958 to pool.
10:47:06,712 [Thread-48] DEBUG org.activiti.engine.impl.interceptor.LogInterceptor  - --- AcquireAsyncJobsDueCmd finished --------------------------------------------------------
10:47:06,712 [Thread-48] DEBUG org.activiti.engine.impl.interceptor.LogInterceptor  - 

10:47:06,712 [Thread-47] DEBUG org.apache.ibatis.datasource.pooled.PooledDataSource  - Returned connection 180014677 to pool.
10:47:06,712 [Thread-47] DEBUG org.activiti.engine.impl.interceptor.LogInterceptor  - --- AcquireTimerJobsCmd finished --------------------------------------------------------
10:47:06,712 [Thread-47] DEBUG org.activiti.engine.impl.interceptor.LogInterceptor  - 

10:47:06,712 [Thread-48] DEBUG org.activiti.engine.impl.asyncexecutor.AcquireAsyncJobsDueRunnable  - async job acquisition thread sleeping for 1000 millis
10:47:06,712 [Thread-47] DEBUG org.activiti.engine.impl.asyncexecutor.AcquireTimerJobsRunnable  - timer job acquisition thread sleeping for 1000 millis
10:47:06,821 [main] DEBUG org.activiti.engine.impl.interceptor.LogInterceptor  - 

10:47:06,821 [main] DEBUG org.activiti.engine.impl.interceptor.LogInterceptor  - --- starting JobQueryImpl --------------------------------------------------------
10:47:06,821 [main] DEBUG org.apache.ibatis.transaction.jdbc.JdbcTransaction  - Opening JDBC Connection
10:47:06,821 [main] DEBUG org.apache.ibatis.datasource.pooled.PooledDataSource  - Checked out connection 486346394 from pool.
10:47:06,821 [main] DEBUG org.apache.ibatis.transaction.jdbc.JdbcTransaction  - Setting autocommit to false on JDBC Connection [conn6: url=jdbc:h2:mem:activiti user=SA]
10:47:06,821 [main] DEBUG org.activiti.engine.impl.persistence.entity.JobEntity.selectJobByQueryCriteria  - ==&gt;  Preparing: select RES.* from ACT_RU_JOB RES order by order by RES.ID_ asc LIMIT ? OFFSET ? 
10:47:06,822 [main] DEBUG org.activiti.engine.impl.interceptor.CommandContext  - Error while closing command context
org.apache.ibatis.exceptions.PersistenceException: 
### Error querying database.  Cause: org.h2.jdbc.JdbcSQLException: Syntax error in SQL statement &quot;SELECT RES.* 
     
    FROM ACT_RU_JOB RES
     
      
   
     ORDER BY  ORDER[*] BY RES.ID_ ASC  
    LIMIT ? OFFSET ? &quot;; expected &quot;=, NOT, EXISTS, INTERSECTS, SELECT, FROM&quot;; SQL statement:
select RES.* 
     
    from ACT_RU_JOB RES
     
      
   
     order by  order by RES.ID_ asc  
    LIMIT ? OFFSET ? [42001-176]
### The error may exist in org/activiti/db/mapping/entity/Job.xml
### The error may involve org.activiti.engine.impl.persistence.entity.JobEntity.selectJobByQueryCriteria
### The error occurred while executing a query
### SQL: select RES.*            from ACT_RU_JOB RES                       order by  order by RES.ID_ asc       LIMIT ? OFFSET ?
### Cause: org.h2.jdbc.JdbcSQLException: Syntax error in SQL statement &quot;SELECT RES.* 
     
    FROM ACT_RU_JOB RES
     
      
   
     ORDER BY  ORDER[*] BY RES.ID_ ASC  
    LIMIT ? OFFSET ? &quot;; expected &quot;=, NOT, EXISTS, INTERSECTS, SELECT, FROM&quot;; SQL statement:
select RES.* 
     
    from ACT_RU_JOB RES
     
      
   
     order by  order by RES.ID_ asc  
    LIMIT ? OFFSET ? [42001-176]
	at org.apache.ibatis.exceptions.ExceptionFactory.wrapException(ExceptionFactory.java:30)
	at org.apache.ibatis.session.defaults.DefaultSqlSession.selectList(DefaultSqlSession.java:122)
	at org.apache.ibatis.session.defaults.DefaultSqlSession.selectList(DefaultSqlSession.java:113)
	at org.activiti.engine.impl.db.DbSqlSession.selectListWithRawParameter(DbSqlSession.java:438)
	at org.activiti.engine.impl.db.DbSqlSession.selectList(DbSqlSession.java:429)
	at org.activiti.engine.impl.db.DbSqlSession.selectList(DbSqlSession.java:419)
	at org.activiti.engine.impl.persistence.entity.JobEntityManager.findJobsByQueryCriteria(JobEntityManager.java:198)
	at org.activiti.engine.impl.JobQueryImpl.executeList(JobQueryImpl.java:243)
	at org.activiti.engine.impl.AbstractQuery.execute(AbstractQuery.java:164)
	at org.activiti.engine.impl.interceptor.CommandInvoker.execute(CommandInvoker.java:24)
	at org.activiti.engine.impl.interceptor.CommandContextInterceptor.execute(CommandContextInterceptor.java:57)
	at org.activiti.engine.impl.interceptor.LogInterceptor.execute(LogInterceptor.java:37)
	at org.activiti.engine.impl.cfg.CommandExecutorImpl.execute(CommandExecutorImpl.java:40)
	at org.activiti.engine.impl.cfg.CommandExecutorImpl.execute(CommandExecutorImpl.java:35)
	at org.activiti.engine.impl.AbstractQuery.list(AbstractQuery.java:138)
	at org.activiti.engine.impl.test.JobTestHelper.areJobsAvailable(JobTestHelper.java:194)
	at org.activiti.engine.impl.test.JobTestHelper.waitForJobExecutorToProcessAllJobs(JobTestHelper.java:74)
	at org.activiti.engine.impl.test.JobTestHelper.waitForJobExecutorToProcessAllJobs(JobTestHelper.java:47)
	at org.activiti.engine.impl.test.AbstractActivitiTestCase.waitForJobExecutorToProcessAllJobs(AbstractActivitiTestCase.java:204)
	at org.activiti.engine.test.bpmn.servicetask.ServiceTaskVariablesTest.testSerializedVariablesBothAsync(ServiceTaskVariablesTest.java:80)
	at sun.reflect.NativeMethodAccessorImpl.invoke0(Native Method)
	at sun.reflect.NativeMethodAccessorImpl.invoke(NativeMethodAccessorImpl.java:62)
	at sun.reflect.DelegatingMethodAccessorImpl.invoke(DelegatingMethodAccessorImpl.java:43)
	at java.lang.reflect.Method.invoke(Method.java:498)
	at junit.framework.TestCase.runTest(TestCase.java:176)
	at org.activiti.engine.impl.test.PvmTestCase.runTest(PvmTestCase.java:65)
	at junit.framework.TestCase.runBare(TestCase.java:141)
	at org.activiti.engine.impl.test.AbstractActivitiTestCase.runBare(AbstractActivitiTestCase.java:100)
	at junit.framework.TestResult$1.protect(TestResult.java:122)
	at junit.framework.TestResult.runProtected(TestResult.java:142)
	at junit.framework.TestResult.run(TestResult.java:125)
	at junit.framework.TestCase.run(TestCase.java:129)
	at junit.framework.TestSuite.runTest(TestSuite.java:255)
	at junit.framework.TestSuite.run(TestSuite.java:250)
	at org.junit.internal.runners.JUnit38ClassRunner.run(JUnit38ClassRunner.java:84)
	at org.apache.maven.surefire.junit4.JUnit4TestSet.execute(JUnit4TestSet.java:35)
	at org.apache.maven.surefire.junit4.JUnit4Provider.executeTestSet(JUnit4Provider.java:146)
	at org.apache.maven.surefire.junit4.JUnit4Provider.invoke(JUnit4Provider.java:97)
	at sun.reflect.NativeMethodAccessorImpl.invoke0(Native Method)
	at sun.reflect.NativeMethodAccessorImpl.invoke(NativeMethodAccessorImpl.java:62)
	at sun.reflect.DelegatingMethodAccessorImpl.invoke(DelegatingMethodAccessorImpl.java:43)
	at java.lang.reflect.Method.invoke(Method.java:498)
	at org.apache.maven.surefire.booter.ProviderFactory$ClassLoaderProxy.invoke(ProviderFactory.java:103)
	at com.sun.proxy.$Proxy0.invoke(Unknown Source)
	at org.apache.maven.surefire.booter.SurefireStarter.invokeProvider(SurefireStarter.java:145)
	at org.apache.maven.surefire.booter.SurefireStarter.runSuitesInProcess(SurefireStarter.java:87)
	at org.apache.maven.surefire.booter.ForkedBooter.main(ForkedBooter.java:69)
Caused by: org.h2.jdbc.JdbcSQLException: Syntax error in SQL statement &quot;SELECT RES.* 
     
    FROM ACT_RU_JOB RES
     
      
   
     ORDER BY  ORDER[*] BY RES.ID_ ASC  
    LIMIT ? OFFSET ? &quot;; expected &quot;=, NOT, EXISTS, INTERSECTS, SELECT, FROM&quot;; SQL statement:
select RES.* 
     
    from ACT_RU_JOB RES
     
      
   
     order by  order by RES.ID_ asc  
    LIMIT ? OFFSET ? [42001-176]
	at org.h2.message.DbException.getJdbcSQLException(DbException.java:344)
	at org.h2.message.DbException.getSyntaxError(DbException.java:204)
	at org.h2.command.Parser.getSyntaxError(Parser.java:524)
	at org.h2.command.Parser.readTerm(Parser.java:2688)
	at org.h2.command.Parser.readFactor(Parser.java:2244)
	at org.h2.command.Parser.readSum(Parser.java:2231)
	at org.h2.command.Parser.readConcat(Parser.java:2201)
	at org.h2.command.Parser.readCondition(Parser.java:2051)
	at org.h2.command.Parser.readAnd(Parser.java:2023)
	at org.h2.command.Parser.readExpression(Parser.java:2015)
	at org.h2.command.Parser.parseEndOfQuery(Parser.java:1726)
	at org.h2.command.Parser.parseSelectUnionExtension(Parser.java:1706)
	at org.h2.command.Parser.parseSelectUnion(Parser.java:1675)
	at org.h2.command.Parser.parseSelect(Parser.java:1662)
	at org.h2.command.Parser.parsePrepared(Parser.java:434)
	at org.h2.command.Parser.parse(Parser.java:306)
	at org.h2.command.Parser.parse(Parser.java:282)
	at org.h2.command.Parser.prepareCommand(Parser.java:243)
	at org.h2.engine.Session.prepareLocal(Session.java:442)
	at org.h2.engine.Session.prepareCommand(Session.java:384)
	at org.h2.jdbc.JdbcConnection.prepareCommand(JdbcConnection.java:1188)
	at org.h2.jdbc.JdbcPreparedStatement.&lt;init&gt;(JdbcPreparedStatement.java:73)
	at org.h2.jdbc.JdbcConnection.prepareStatement(JdbcConnection.java:276)
	at sun.reflect.GeneratedMethodAccessor6.invoke(Unknown Source)
	at sun.reflect.DelegatingMethodAccessorImpl.invoke(DelegatingMethodAccessorImpl.java:43)
	at java.lang.reflect.Method.invoke(Method.java:498)
	at org.apache.ibatis.datasource.pooled.PooledConnection.invoke(PooledConnection.java:245)
	at com.sun.proxy.$Proxy12.prepareStatement(Unknown Source)
	at sun.reflect.GeneratedMethodAccessor6.invoke(Unknown Source)
	at sun.reflect.DelegatingMethodAccessorImpl.invoke(DelegatingMethodAccessorImpl.java:43)
	at java.lang.reflect.Method.invoke(Method.java:498)
	at org.apache.ibatis.logging.jdbc.ConnectionLogger.invoke(ConnectionLogger.java:55)
	at com.sun.proxy.$Proxy12.prepareStatement(Unknown Source)
	at org.apache.ibatis.executor.statement.PreparedStatementHandler.instantiateStatement(PreparedStatementHandler.java:79)
	at org.apache.ibatis.executor.statement.BaseStatementHandler.prepare(BaseStatementHandler.java:88)
	at org.apache.ibatis.executor.statement.RoutingStatementHandler.prepare(RoutingStatementHandler.java:58)
	at org.apache.ibatis.executor.SimpleExecutor.prepareStatement(SimpleExecutor.java:76)
	at org.apache.ibatis.executor.SimpleExecutor.doQuery(SimpleExecutor.java:61)
	at org.apache.ibatis.executor.BaseExecutor.queryFromDatabase(BaseExecutor.java:303)
	at org.apache.ibatis.executor.BaseExecutor.query(BaseExecutor.java:154)
	at org.apache.ibatis.executor.CachingExecutor.query(CachingExecutor.java:102)
	at org.apache.ibatis.executor.CachingExecutor.query(CachingExecutor.java:82)
	at org.apache.ibatis.session.defaults.DefaultSqlSession.selectList(DefaultSqlSession.java:120)
	... 45 more
10:47:06,822 [main] DEBUG org.activiti.engine.impl.cfg.standalone.StandaloneMybatisTransactionContext  - firing event rolling back...
10:47:06,822 [main] DEBUG org.activiti.engine.impl.cfg.standalone.StandaloneMybatisTransactionContext  - rolling back ibatis sql session...
10:47:06,823 [main] DEBUG org.activiti.engine.impl.cfg.standalone.StandaloneMybatisTransactionContext  - firing event rolled back...
10:47:06,823 [main] DEBUG org.apache.ibatis.transaction.jdbc.JdbcTransaction  - Resetting autocommit to true on JDBC Connection [conn6: url=jdbc:h2:mem:activiti user=SA]
10:47:06,823 [main] DEBUG org.apache.ibatis.transaction.jdbc.JdbcTransaction  - Closing JDBC Connection [conn6: url=jdbc:h2:mem:activiti user=SA]
10:47:06,823 [main] DEBUG org.apache.ibatis.datasource.pooled.PooledDataSource  - Returned connection 486346394 to pool.
10:47:06,823 [main] DEBUG org.activiti.engine.impl.interceptor.LogInterceptor  - --- JobQueryImpl finished --------------------------------------------------------
10:47:06,823 [main] DEBUG org.activiti.engine.impl.interceptor.LogInterceptor  - 

10:47:07,334 [main] DEBUG org.activiti.engine.impl.interceptor.LogInterceptor  - 

10:47:07,334 [main] DEBUG org.activiti.engine.impl.interceptor.LogInterceptor  - --- starting JobQueryImpl --------------------------------------------------------
10:47:07,334 [main] DEBUG org.apache.ibatis.transaction.jdbc.JdbcTransaction  - Opening JDBC Connection
10:47:07,335 [main] DEBUG org.apache.ibatis.datasource.pooled.PooledDataSource  - Checked out connection 297240765 from pool.
10:47:07,335 [main] DEBUG org.apache.ibatis.transaction.jdbc.JdbcTransaction  - Setting autocommit to false on JDBC Connection [conn4: url=jdbc:h2:mem:activiti user=SA]
10:47:07,335 [main] DEBUG org.activiti.engine.impl.persistence.entity.JobEntity.selectJobByQueryCriteria  - ==&gt;  Preparing: select RES.* from ACT_RU_JOB RES order by order by RES.ID_ asc LIMIT ? OFFSET ? 
10:47:07,335 [main] DEBUG org.activiti.engine.impl.interceptor.CommandContext  - Error while closing command context
org.apache.ibatis.exceptions.PersistenceException: 
### Error querying database.  Cause: org.h2.jdbc.JdbcSQLException: Syntax error in SQL statement &quot;SELECT RES.* 
     
    FROM ACT_RU_JOB RES
     
      
   
     ORDER BY  ORDER[*] BY RES.ID_ ASC  
    LIMIT ? OFFSET ? &quot;; expected &quot;=, NOT, EXISTS, INTERSECTS, SELECT, FROM&quot;; SQL statement:
select RES.* 
     
    from ACT_RU_JOB RES
     
      
   
     order by  order by RES.ID_ asc  
    LIMIT ? OFFSET ? [42001-176]
### The error may exist in org/activiti/db/mapping/entity/Job.xml
### The error may involve org.activiti.engine.impl.persistence.entity.JobEntity.selectJobByQueryCriteria
### The error occurred while executing a query
### SQL: select RES.*            from ACT_RU_JOB RES                       order by  order by RES.ID_ asc       LIMIT ? OFFSET ?
### Cause: org.h2.jdbc.JdbcSQLException: Syntax error in SQL statement &quot;SELECT RES.* 
     
    FROM ACT_RU_JOB RES
     
      
   
     ORDER BY  ORDER[*] BY RES.ID_ ASC  
    LIMIT ? OFFSET ? &quot;; expected &quot;=, NOT, EXISTS, INTERSECTS, SELECT, FROM&quot;; SQL statement:
select RES.* 
     
    from ACT_RU_JOB RES
     
      
   
     order by  order by RES.ID_ asc  
    LIMIT ? OFFSET ? [42001-176]
	at org.apache.ibatis.exceptions.ExceptionFactory.wrapException(ExceptionFactory.java:30)
	at org.apache.ibatis.session.defaults.DefaultSqlSession.selectList(DefaultSqlSession.java:122)
	at org.apache.ibatis.session.defaults.DefaultSqlSession.selectList(DefaultSqlSession.java:113)
	at org.activiti.engine.impl.db.DbSqlSession.selectListWithRawParameter(DbSqlSession.java:438)
	at org.activiti.engine.impl.db.DbSqlSession.selectList(DbSqlSession.java:429)
	at org.activiti.engine.impl.db.DbSqlSession.selectList(DbSqlSession.java:419)
	at org.activiti.engine.impl.persistence.entity.JobEntityManager.findJobsByQueryCriteria(JobEntityManager.java:198)
	at org.activiti.engine.impl.JobQueryImpl.executeList(JobQueryImpl.java:243)
	at org.activiti.engine.impl.AbstractQuery.execute(AbstractQuery.java:164)
	at org.activiti.engine.impl.interceptor.CommandInvoker.execute(CommandInvoker.java:24)
	at org.activiti.engine.impl.interceptor.CommandContextInterceptor.execute(CommandContextInterceptor.java:57)
	at org.activiti.engine.impl.interceptor.LogInterceptor.execute(LogInterceptor.java:37)
	at org.activiti.engine.impl.cfg.CommandExecutorImpl.execute(CommandExecutorImpl.java:40)
	at org.activiti.engine.impl.cfg.CommandExecutorImpl.execute(CommandExecutorImpl.java:35)
	at org.activiti.engine.impl.AbstractQuery.list(AbstractQuery.java:138)
	at org.activiti.engine.impl.test.JobTestHelper.areJobsAvailable(JobTestHelper.java:194)
	at org.activiti.engine.impl.test.JobTestHelper.waitForJobExecutorToProcessAllJobs(JobTestHelper.java:74)
	at org.activiti.engine.impl.test.JobTestHelper.waitForJobExecutorToProcessAllJobs(JobTestHelper.java:47)
	at org.activiti.engine.impl.test.AbstractActivitiTestCase.waitForJobExecutorToProcessAllJobs(AbstractActivitiTestCase.java:204)
	at org.activiti.engine.test.bpmn.servicetask.ServiceTaskVariablesTest.testSerializedVariablesBothAsync(ServiceTaskVariablesTest.java:80)
	at sun.reflect.NativeMethodAccessorImpl.invoke0(Native Method)
	at sun.reflect.NativeMethodAccessorImpl.invoke(NativeMethodAccessorImpl.java:62)
	at sun.reflect.DelegatingMethodAccessorImpl.invoke(DelegatingMethodAccessorImpl.java:43)
	at java.lang.reflect.Method.invoke(Method.java:498)
	at junit.framework.TestCase.runTest(TestCase.java:176)
	at org.activiti.engine.impl.test.PvmTestCase.runTest(PvmTestCase.java:65)
	at junit.framework.TestCase.runBare(TestCase.java:141)
	at org.activiti.engine.impl.test.AbstractActivitiTestCase.runBare(AbstractActivitiTestCase.java:100)
	at junit.framework.TestResult$1.protect(TestResult.java:122)
	at junit.framework.TestResult.runProtected(TestResult.java:142)
	at junit.framework.TestResult.run(TestResult.java:125)
	at junit.framework.TestCase.run(TestCase.java:129)
	at junit.framework.TestSuite.runTest(TestSuite.java:255)
	at junit.framework.TestSuite.run(TestSuite.java:250)
	at org.junit.internal.runners.JUnit38ClassRunner.run(JUnit38ClassRunner.java:84)
	at org.apache.maven.surefire.junit4.JUnit4TestSet.execute(JUnit4TestSet.java:35)
	at org.apache.maven.surefire.junit4.JUnit4Provider.executeTestSet(JUnit4Provider.java:146)
	at org.apache.maven.surefire.junit4.JUnit4Provider.invoke(JUnit4Provider.java:97)
	at sun.reflect.NativeMethodAccessorImpl.invoke0(Native Method)
	at sun.reflect.NativeMethodAccessorImpl.invoke(NativeMethodAccessorImpl.java:62)
	at sun.reflect.DelegatingMethodAccessorImpl.invoke(DelegatingMethodAccessorImpl.java:43)
	at java.lang.reflect.Method.invoke(Method.java:498)
	at org.apache.maven.surefire.booter.ProviderFactory$ClassLoaderProxy.invoke(ProviderFactory.java:103)
	at com.sun.proxy.$Proxy0.invoke(Unknown Source)
	at org.apache.maven.surefire.booter.SurefireStarter.invokeProvider(SurefireStarter.java:145)
	at org.apache.maven.surefire.booter.SurefireStarter.runSuitesInProcess(SurefireStarter.java:87)
	at org.apache.maven.surefire.booter.ForkedBooter.main(ForkedBooter.java:69)
Caused by: org.h2.jdbc.JdbcSQLException: Syntax error in SQL statement &quot;SELECT RES.* 
     
    FROM ACT_RU_JOB RES
     
      
   
     ORDER BY  ORDER[*] BY RES.ID_ ASC  
    LIMIT ? OFFSET ? &quot;; expected &quot;=, NOT, EXISTS, INTERSECTS, SELECT, FROM&quot;; SQL statement:
select RES.* 
     
    from ACT_RU_JOB RES
     
      
   
     order by  order by RES.ID_ asc  
    LIMIT ? OFFSET ? [42001-176]
	at org.h2.message.DbException.getJdbcSQLException(DbException.java:344)
	at org.h2.message.DbException.getSyntaxError(DbException.java:204)
	at org.h2.command.Parser.getSyntaxError(Parser.java:524)
	at org.h2.command.Parser.readTerm(Parser.java:2688)
	at org.h2.command.Parser.readFactor(Parser.java:2244)
	at org.h2.command.Parser.readSum(Parser.java:2231)
	at org.h2.command.Parser.readConcat(Parser.java:2201)
	at org.h2.command.Parser.readCondition(Parser.java:2051)
	at org.h2.command.Parser.readAnd(Parser.java:2023)
	at org.h2.command.Parser.readExpression(Parser.java:2015)
	at org.h2.command.Parser.parseEndOfQuery(Parser.java:1726)
	at org.h2.command.Parser.parseSelectUnionExtension(Parser.java:1706)
	at org.h2.command.Parser.parseSelectUnion(Parser.java:1675)
	at org.h2.command.Parser.parseSelect(Parser.java:1662)
	at org.h2.command.Parser.parsePrepared(Parser.java:434)
	at org.h2.command.Parser.parse(Parser.java:306)
	at org.h2.command.Parser.parse(Parser.java:282)
	at org.h2.command.Parser.prepareCommand(Parser.java:243)
	at org.h2.engine.Session.prepareLocal(Session.java:442)
	at org.h2.engine.Session.prepareCommand(Session.java:384)
	at org.h2.jdbc.JdbcConnection.prepareCommand(JdbcConnection.java:1188)
	at org.h2.jdbc.JdbcPreparedStatement.&lt;init&gt;(JdbcPreparedStatement.java:73)
	at org.h2.jdbc.JdbcConnection.prepareStatement(JdbcConnection.java:276)
	at sun.reflect.GeneratedMethodAccessor6.invoke(Unknown Source)
	at sun.reflect.DelegatingMethodAccessorImpl.invoke(DelegatingMethodAccessorImpl.java:43)
	at java.lang.reflect.Method.invoke(Method.java:498)
	at org.apache.ibatis.datasource.pooled.PooledConnection.invoke(PooledConnection.java:245)
	at com.sun.proxy.$Proxy12.prepareStatement(Unknown Source)
	at sun.reflect.GeneratedMethodAccessor6.invoke(Unknown Source)
	at sun.reflect.DelegatingMethodAccessorImpl.invoke(DelegatingMethodAccessorImpl.java:43)
	at java.lang.reflect.Method.invoke(Method.java:498)
	at org.apache.ibatis.logging.jdbc.ConnectionLogger.invoke(ConnectionLogger.java:55)
	at com.sun.proxy.$Proxy12.prepareStatement(Unknown Source)
	at org.apache.ibatis.executor.statement.PreparedStatementHandler.instantiateStatement(PreparedStatementHandler.java:79)
	at org.apache.ibatis.executor.statement.BaseStatementHandler.prepare(BaseStatementHandler.java:88)
	at org.apache.ibatis.executor.statement.RoutingStatementHandler.prepare(RoutingStatementHandler.java:58)
	at org.apache.ibatis.executor.SimpleExecutor.prepareStatement(SimpleExecutor.java:76)
	at org.apache.ibatis.executor.SimpleExecutor.doQuery(SimpleExecutor.java:61)
	at org.apache.ibatis.executor.BaseExecutor.queryFromDatabase(BaseExecutor.java:303)
	at org.apache.ibatis.executor.BaseExecutor.query(BaseExecutor.java:154)
	at org.apache.ibatis.executor.CachingExecutor.query(CachingExecutor.java:102)
	at org.apache.ibatis.executor.CachingExecutor.query(CachingExecutor.java:82)
	at org.apache.ibatis.session.defaults.DefaultSqlSession.selectList(DefaultSqlSession.java:120)
	... 45 more
10:47:07,335 [main] DEBUG org.activiti.engine.impl.cfg.standalone.StandaloneMybatisTransactionContext  - firing event rolling back...
10:47:07,335 [main] DEBUG org.activiti.engine.impl.cfg.standalone.StandaloneMybatisTransactionContext  - rolling back ibatis sql session...
10:47:07,335 [main] DEBUG org.activiti.engine.impl.cfg.standalone.StandaloneMybatisTransactionContext  - firing event rolled back...
10:47:07,335 [main] DEBUG org.apache.ibatis.transaction.jdbc.JdbcTransaction  - Resetting autocommit to true on JDBC Connection [conn4: url=jdbc:h2:mem:activiti user=SA]
10:47:07,336 [main] DEBUG org.apache.ibatis.transaction.jdbc.JdbcTransaction  - Closing JDBC Connection [conn4: url=jdbc:h2:mem:activiti user=SA]
10:47:07,336 [main] DEBUG org.apache.ibatis.datasource.pooled.PooledDataSource  - Returned connection 297240765 to pool.
10:47:07,336 [main] DEBUG org.activiti.engine.impl.interceptor.LogInterceptor  - --- JobQueryImpl finished --------------------------------------------------------
10:47:07,336 [main] DEBUG org.activiti.engine.impl.interceptor.LogInterceptor  - 

10:47:07,674 [main] INFO  org.activiti.engine.impl.asyncexecutor.DefaultAsyncJobExecutor  - Shutting down the default async job executor [org.activiti.engine.impl.asyncexecutor.DefaultAsyncJobExecutor].
10:47:07,675 [Thread-48] DEBUG org.activiti.engine.impl.asyncexecutor.AcquireAsyncJobsDueRunnable  - async job acquisition thread woke up
10:47:07,675 [Thread-47] DEBUG org.activiti.engine.impl.asyncexecutor.AcquireTimerJobsRunnable  - timer job acquisition thread woke up
10:47:07,676 [Thread-48] INFO  org.activiti.engine.impl.asyncexecutor.AcquireAsyncJobsDueRunnable  - {} stopped async job due acquisition
10:47:07,676 [Thread-47] INFO  org.activiti.engine.impl.asyncexecutor.AcquireTimerJobsRunnable  - {} stopped async job due acquisition
10:47:07,676 [main] ERROR org.activiti.engine.impl.test.PvmTestCase  - 

10:47:07,676 [main] ERROR org.activiti.engine.impl.test.PvmTestCase  - EXCEPTION: org.activiti.engine.ActivitiException: time limit of 10000 was exceeded
org.activiti.engine.ActivitiException: time limit of 10000 was exceeded
	at org.activiti.engine.impl.test.JobTestHelper.waitForJobExecutorToProcessAllJobs(JobTestHelper.java:86)
	at org.activiti.engine.impl.test.JobTestHelper.waitForJobExecutorToProcessAllJobs(JobTestHelper.java:47)
	at org.activiti.engine.impl.test.AbstractActivitiTestCase.waitForJobExecutorToProcessAllJobs(AbstractActivitiTestCase.java:204)
	at org.activiti.engine.test.bpmn.servicetask.ServiceTaskVariablesTest.testSerializedVariablesBothAsync(ServiceTaskVariablesTest.java:80)
	at sun.reflect.NativeMethodAccessorImpl.invoke0(Native Method)
	at sun.reflect.NativeMethodAccessorImpl.invoke(NativeMethodAccessorImpl.java:62)
	at sun.reflect.DelegatingMethodAccessorImpl.invoke(DelegatingMethodAccessorImpl.java:43)
	at java.lang.reflect.Method.invoke(Method.java:498)
	at junit.framework.TestCase.runTest(TestCase.java:176)
	at org.activiti.engine.impl.test.PvmTestCase.runTest(PvmTestCase.java:65)
	at junit.framework.TestCase.runBare(TestCase.java:141)
	at org.activiti.engine.impl.test.AbstractActivitiTestCase.runBare(AbstractActivitiTestCase.java:100)
	at junit.framework.TestResult$1.protect(TestResult.java:122)
	at junit.framework.TestResult.runProtected(TestResult.java:142)
	at junit.framework.TestResult.run(TestResult.java:125)
	at junit.framework.TestCase.run(TestCase.java:129)
	at junit.framework.TestSuite.runTest(TestSuite.java:255)
	at junit.framework.TestSuite.run(TestSuite.java:250)
	at org.junit.internal.runners.JUnit38ClassRunner.run(JUnit38ClassRunner.java:84)
	at org.apache.maven.surefire.junit4.JUnit4TestSet.execute(JUnit4TestSet.java:35)
	at org.apache.maven.surefire.junit4.JUnit4Provider.executeTestSet(JUnit4Provider.java:146)
	at org.apache.maven.surefire.junit4.JUnit4Provider.invoke(JUnit4Provider.java:97)
	at sun.reflect.NativeMethodAccessorImpl.invoke0(Native Method)
	at sun.reflect.NativeMethodAccessorImpl.invoke(NativeMethodAccessorImpl.java:62)
	at sun.reflect.DelegatingMethodAccessorImpl.invoke(DelegatingMethodAccessorImpl.java:43)
	at java.lang.reflect.Method.invoke(Method.java:498)
	at org.apache.maven.surefire.booter.ProviderFactory$ClassLoaderProxy.invoke(ProviderFactory.java:103)
	at com.sun.proxy.$Proxy0.invoke(Unknown Source)
	at org.apache.maven.surefire.booter.SurefireStarter.invokeProvider(SurefireStarter.java:145)
	at org.apache.maven.surefire.booter.SurefireStarter.runSuitesInProcess(SurefireStarter.java:87)
	at org.apache.maven.surefire.booter.ForkedBooter.main(ForkedBooter.java:69)
10:47:07,676 [main] DEBUG org.activiti.engine.impl.test.PvmTestCase  - #### END ServiceTaskVariablesTest.testSerializedVariablesBothAsync #############################################################
10:47:07,677 [main] ERROR org.activiti.engine.impl.test.PvmTestCase  - 

10:47:07,677 [main] ERROR org.activiti.engine.impl.test.PvmTestCase  - EXCEPTION: org.activiti.engine.ActivitiException: time limit of 10000 was exceeded
org.activiti.engine.ActivitiException: time limit of 10000 was exceeded
	at org.activiti.engine.impl.test.JobTestHelper.waitForJobExecutorToProcessAllJobs(JobTestHelper.java:86)
	at org.activiti.engine.impl.test.JobTestHelper.waitForJobExecutorToProcessAllJobs(JobTestHelper.java:47)
	at org.activiti.engine.impl.test.AbstractActivitiTestCase.waitForJobExecutorToProcessAllJobs(AbstractActivitiTestCase.java:204)
	at org.activiti.engine.test.bpmn.servicetask.ServiceTaskVariablesTest.testSerializedVariablesBothAsync(ServiceTaskVariablesTest.java:80)
	at sun.reflect.NativeMethodAccessorImpl.invoke0(Native Method)
	at sun.reflect.NativeMethodAccessorImpl.invoke(NativeMethodAccessorImpl.java:62)
	at sun.reflect.DelegatingMethodAccessorImpl.invoke(DelegatingMethodAccessorImpl.java:43)
	at java.lang.reflect.Method.invoke(Method.java:498)
	at junit.framework.TestCase.runTest(TestCase.java:176)
	at org.activiti.engine.impl.test.PvmTestCase.runTest(PvmTestCase.java:65)
	at junit.framework.TestCase.runBare(TestCase.java:141)
	at org.activiti.engine.impl.test.AbstractActivitiTestCase.runBare(AbstractActivitiTestCase.java:100)
	at junit.framework.TestResult$1.protect(TestResult.java:122)
	at junit.framework.TestResult.runProtected(TestResult.java:142)
	at junit.framework.TestResult.run(TestResult.java:125)
	at junit.framework.TestCase.run(TestCase.java:129)
	at junit.framework.TestSuite.runTest(TestSuite.java:255)
	at junit.framework.TestSuite.run(TestSuite.java:250)
	at org.junit.internal.runners.JUnit38ClassRunner.run(JUnit38ClassRunner.java:84)
	at org.apache.maven.surefire.junit4.JUnit4TestSet.execute(JUnit4TestSet.java:35)
	at org.apache.maven.surefire.junit4.JUnit4Provider.executeTestSet(JUnit4Provider.java:146)
	at org.apache.maven.surefire.junit4.JUnit4Provider.invoke(JUnit4Provider.java:97)
	at sun.reflect.NativeMethodAccessorImpl.invoke0(Native Method)
	at sun.reflect.NativeMethodAccessorImpl.invoke(NativeMethodAccessorImpl.java:62)
	at sun.reflect.DelegatingMethodAccessorImpl.invoke(DelegatingMethodAccessorImpl.java:43)
	at java.lang.reflect.Method.invoke(Method.java:498)
	at org.apache.maven.surefire.booter.ProviderFactory$ClassLoaderProxy.invoke(ProviderFactory.java:103)
	at com.sun.proxy.$Proxy0.invoke(Unknown Source)
	at org.apache.maven.surefire.booter.SurefireStarter.invokeProvider(SurefireStarter.java:145)
	at org.apache.maven.surefire.booter.SurefireStarter.runSuitesInProcess(SurefireStarter.java:87)
	at org.apache.maven.surefire.booter.ForkedBooter.main(ForkedBooter.java:69)
10:47:07,677 [main] DEBUG org.activiti.engine.impl.test.TestHelper  - annotation @Deployment deletes deployment for ServiceTaskVariablesTest.testSerializedVariablesBothAsync
10:47:07,677 [main] DEBUG org.activiti.engine.impl.interceptor.LogInterceptor  - 

10:47:07,677 [main] DEBUG org.activiti.engine.impl.interceptor.LogInterceptor  - --- starting DeleteDeploymentCmd --------------------------------------------------------
10:47:07,677 [main] DEBUG org.apache.ibatis.transaction.jdbc.JdbcTransaction  - Opening JDBC Connection
10:47:07,677 [main] DEBUG org.apache.ibatis.datasource.pooled.PooledDataSource  - Checked out connection 363509958 from pool.
10:47:07,677 [main] DEBUG org.apache.ibatis.transaction.jdbc.JdbcTransaction  - Setting autocommit to false on JDBC Connection [conn2: url=jdbc:h2:mem:activiti user=SA]
10:47:07,677 [main] DEBUG org.activiti.engine.impl.persistence.entity.DeploymentEntity.selectDeploymentById  - ==&gt;  Preparing: select * from ACT_RE_DEPLOYMENT where ID_ = ? 
10:47:07,677 [main] DEBUG org.activiti.engine.impl.persistence.entity.DeploymentEntity.selectDeploymentById  - ==&gt; Parameters: 55(String)
10:47:07,677 [main] DEBUG org.activiti.engine.impl.persistence.entity.DeploymentEntity.selectDeploymentById  - &lt;==      Total: 1
10:47:07,677 [main] DEBUG org.activiti.engine.impl.persistence.entity.ProcessDefinitionEntity.selectProcessDefinitionsByQueryCriteria  - ==&gt;  Preparing: select RES.* from ACT_RE_PROCDEF RES WHERE RES.DEPLOYMENT_ID_ = ? order by order by RES.ID_ asc LIMIT ? OFFSET ? 
10:47:07,677 [main] DEBUG org.activiti.engine.impl.interceptor.CommandContext  - Error while closing command context
org.apache.ibatis.exceptions.PersistenceException: 
### Error querying database.  Cause: org.h2.jdbc.JdbcSQLException: Syntax error in SQL statement &quot;SELECT RES.* 
       
    FROM ACT_RE_PROCDEF RES
     
     WHERE  RES.DEPLOYMENT_ID_ = ? 
   
     ORDER BY  ORDER[*] BY RES.ID_ ASC  
    LIMIT ? OFFSET ? &quot;; expected &quot;=, NOT, EXISTS, INTERSECTS, SELECT, FROM&quot;; SQL statement:
select RES.* 
       
    from ACT_RE_PROCDEF RES
     
     WHERE  RES.DEPLOYMENT_ID_ = ? 
   
     order by  order by RES.ID_ asc  
    LIMIT ? OFFSET ? [42001-176]
### The error may exist in org/activiti/db/mapping/entity/ProcessDefinition.xml
### The error may involve org.activiti.engine.impl.persistence.entity.ProcessDefinitionEntity.selectProcessDefinitionsByQueryCriteria
### The error occurred while executing a query
### SQL: select RES.*              from ACT_RE_PROCDEF RES            WHERE  RES.DEPLOYMENT_ID_ = ?           order by  order by RES.ID_ asc       LIMIT ? OFFSET ?
### Cause: org.h2.jdbc.JdbcSQLException: Syntax error in SQL statement &quot;SELECT RES.* 
       
    FROM ACT_RE_PROCDEF RES
     
     WHERE  RES.DEPLOYMENT_ID_ = ? 
   
     ORDER BY  ORDER[*] BY RES.ID_ ASC  
    LIMIT ? OFFSET ? &quot;; expected &quot;=, NOT, EXISTS, INTERSECTS, SELECT, FROM&quot;; SQL statement:
select RES.* 
       
    from ACT_RE_PROCDEF RES
     
     WHERE  RES.DEPLOYMENT_ID_ = ? 
   
     order by  order by RES.ID_ asc  
    LIMIT ? OFFSET ? [42001-176]
	at org.apache.ibatis.exceptions.ExceptionFactory.wrapException(ExceptionFactory.java:30)
	at org.apache.ibatis.session.defaults.DefaultSqlSession.selectList(DefaultSqlSession.java:122)
	at org.apache.ibatis.session.defaults.DefaultSqlSession.selectList(DefaultSqlSession.java:113)
	at org.activiti.engine.impl.db.DbSqlSession.selectListWithRawParameter(DbSqlSession.java:438)
	at org.activiti.engine.impl.db.DbSqlSession.selectList(DbSqlSession.java:429)
	at org.activiti.engine.impl.db.DbSqlSession.selectList(DbSqlSession.java:419)
	at org.activiti.engine.impl.persistence.entity.ProcessDefinitionEntityManager.findProcessDefinitionsByQueryCriteria(ProcessDefinitionEntityManager.java:57)
	at org.activiti.engine.impl.ProcessDefinitionQueryImpl.executeList(ProcessDefinitionQueryImpl.java:307)
	at org.activiti.engine.impl.AbstractQuery.list(AbstractQuery.java:140)
	at org.activiti.engine.impl.persistence.deploy.DeploymentManager.removeDeployment(DeploymentManager.java:187)
	at org.activiti.engine.impl.cmd.DeleteDeploymentCmd.execute(DeleteDeploymentCmd.java:44)
	at org.activiti.engine.impl.cmd.DeleteDeploymentCmd.execute(DeleteDeploymentCmd.java:24)
	at org.activiti.engine.impl.interceptor.CommandInvoker.execute(CommandInvoker.java:24)
	at org.activiti.engine.impl.interceptor.CommandContextInterceptor.execute(CommandContextInterceptor.java:57)
	at org.activiti.engine.impl.interceptor.LogInterceptor.execute(LogInterceptor.java:37)
	at org.activiti.engine.impl.cfg.CommandExecutorImpl.execute(CommandExecutorImpl.java:40)
	at org.activiti.engine.impl.cfg.CommandExecutorImpl.execute(CommandExecutorImpl.java:35)
	at org.activiti.engine.impl.RepositoryServiceImpl.deleteDeployment(RepositoryServiceImpl.java:90)
	at org.activiti.engine.impl.test.TestHelper.annotationDeploymentTearDown(TestHelper.java:116)
	at org.activiti.engine.impl.test.AbstractActivitiTestCase.runBare(AbstractActivitiTestCase.java:116)
	at junit.framework.TestResult$1.protect(TestResult.java:122)
	at junit.framework.TestResult.runProtected(TestResult.java:142)
	at junit.framework.TestResult.run(TestResult.java:125)
	at junit.framework.TestCase.run(TestCase.java:129)
	at junit.framework.TestSuite.runTest(TestSuite.java:255)
	at junit.framework.TestSuite.run(TestSuite.java:250)
	at org.junit.internal.runners.JUnit38ClassRunner.run(JUnit38ClassRunner.java:84)
	at org.apache.maven.surefire.junit4.JUnit4TestSet.execute(JUnit4TestSet.java:35)
	at org.apache.maven.surefire.junit4.JUnit4Provider.executeTestSet(JUnit4Provider.java:146)
	at org.apache.maven.surefire.junit4.JUnit4Provider.invoke(JUnit4Provider.java:97)
	at sun.reflect.NativeMethodAccessorImpl.invoke0(Native Method)
	at sun.reflect.NativeMethodAccessorImpl.invoke(NativeMethodAccessorImpl.java:62)
	at sun.reflect.DelegatingMethodAccessorImpl.invoke(DelegatingMethodAccessorImpl.java:43)
	at java.lang.reflect.Method.invoke(Method.java:498)
	at org.apache.maven.surefire.booter.ProviderFactory$ClassLoaderProxy.invoke(ProviderFactory.java:103)
	at com.sun.proxy.$Proxy0.invoke(Unknown Source)
	at org.apache.maven.surefire.booter.SurefireStarter.invokeProvider(SurefireStarter.java:145)
	at org.apache.maven.surefire.booter.SurefireStarter.runSuitesInProcess(SurefireStarter.java:87)
	at org.apache.maven.surefire.booter.ForkedBooter.main(ForkedBooter.java:69)
Caused by: org.h2.jdbc.JdbcSQLException: Syntax error in SQL statement &quot;SELECT RES.* 
       
    FROM ACT_RE_PROCDEF RES
     
     WHERE  RES.DEPLOYMENT_ID_ = ? 
   
     ORDER BY  ORDER[*] BY RES.ID_ ASC  
    LIMIT ? OFFSET ? &quot;; expected &quot;=, NOT, EXISTS, INTERSECTS, SELECT, FROM&quot;; SQL statement:
select RES.* 
       
    from ACT_RE_PROCDEF RES
     
     WHERE  RES.DEPLOYMENT_ID_ = ? 
   
     order by  order by RES.ID_ asc  
    LIMIT ? OFFSET ? [42001-176]
	at org.h2.message.DbException.getJdbcSQLException(DbException.java:344)
	at org.h2.message.DbException.getSyntaxError(DbException.java:204)
	at org.h2.command.Parser.getSyntaxError(Parser.java:524)
	at org.h2.command.Parser.readTerm(Parser.java:2688)
	at org.h2.command.Parser.readFactor(Parser.java:2244)
	at org.h2.command.Parser.readSum(Parser.java:2231)
	at org.h2.command.Parser.readConcat(Parser.java:2201)
	at org.h2.command.Parser.readCondition(Parser.java:2051)
	at org.h2.command.Parser.readAnd(Parser.java:2023)
	at org.h2.command.Parser.readExpression(Parser.java:2015)
	at org.h2.command.Parser.parseEndOfQuery(Parser.java:1726)
	at org.h2.command.Parser.parseSelectUnionExtension(Parser.java:1706)
	at org.h2.command.Parser.parseSelectUnion(Parser.java:1675)
	at org.h2.command.Parser.parseSelect(Parser.java:1662)
	at org.h2.command.Parser.parsePrepared(Parser.java:434)
	at org.h2.command.Parser.parse(Parser.java:306)
	at org.h2.command.Parser.parse(Parser.java:282)
	at org.h2.command.Parser.prepareCommand(Parser.java:243)
	at org.h2.engine.Session.prepareLocal(Session.java:442)
	at org.h2.engine.Session.prepareCommand(Session.java:384)
	at org.h2.jdbc.JdbcConnection.prepareCommand(JdbcConnection.java:1188)
	at org.h2.jdbc.JdbcPreparedStatement.&lt;init&gt;(JdbcPreparedStatement.java:73)
	at org.h2.jdbc.JdbcConnection.prepareStatement(JdbcConnection.java:276)
	at sun.reflect.GeneratedMethodAccessor6.invoke(Unknown Source)
	at sun.reflect.DelegatingMethodAccessorImpl.invoke(DelegatingMethodAccessorImpl.java:43)
	at java.lang.reflect.Method.invoke(Method.java:498)
	at org.apache.ibatis.datasource.pooled.PooledConnection.invoke(PooledConnection.java:245)
	at com.sun.proxy.$Proxy12.prepareStatement(Unknown Source)
	at sun.reflect.GeneratedMethodAccessor6.invoke(Unknown Source)
	at sun.reflect.DelegatingMethodAccessorImpl.invoke(DelegatingMethodAccessorImpl.java:43)
	at java.lang.reflect.Method.invoke(Method.java:498)
	at org.apache.ibatis.logging.jdbc.ConnectionLogger.invoke(ConnectionLogger.java:55)
	at com.sun.proxy.$Proxy12.prepareStatement(Unknown Source)
	at org.apache.ibatis.executor.statement.PreparedStatementHandler.instantiateStatement(PreparedStatementHandler.java:79)
	at org.apache.ibatis.executor.statement.BaseStatementHandler.prepare(BaseStatementHandler.java:88)
	at org.apache.ibatis.executor.statement.RoutingStatementHandler.prepare(RoutingStatementHandler.java:58)
	at org.apache.ibatis.executor.SimpleExecutor.prepareStatement(SimpleExecutor.java:76)
	at org.apache.ibatis.executor.SimpleExecutor.doQuery(SimpleExecutor.java:61)
	at org.apache.ibatis.executor.BaseExecutor.queryFromDatabase(BaseExecutor.java:303)
	at org.apache.ibatis.executor.BaseExecutor.query(BaseExecutor.java:154)
	at org.apache.ibatis.executor.CachingExecutor.query(CachingExecutor.java:102)
	at org.apache.ibatis.executor.CachingExecutor.query(CachingExecutor.java:82)
	at org.apache.ibatis.session.defaults.DefaultSqlSession.selectList(DefaultSqlSession.java:120)
	... 37 more
10:47:07,678 [main] DEBUG org.activiti.engine.impl.cfg.standalone.StandaloneMybatisTransactionContext  - firing event rolling back...
10:47:07,678 [main] DEBUG org.activiti.engine.impl.cfg.standalone.StandaloneMybatisTransactionContext  - rolling back ibatis sql session...
10:47:07,678 [main] DEBUG org.activiti.engine.impl.cfg.standalone.StandaloneMybatisTransactionContext  - firing event rolled back...
10:47:07,678 [main] DEBUG org.apache.ibatis.transaction.jdbc.JdbcTransaction  - Resetting autocommit to true on JDBC Connection [conn2: url=jdbc:h2:mem:activiti user=SA]
10:47:07,678 [main] DEBUG org.apache.ibatis.transaction.jdbc.JdbcTransaction  - Closing JDBC Connection [conn2: url=jdbc:h2:mem:activiti user=SA]
10:47:07,678 [main] DEBUG org.apache.ibatis.datasource.pooled.PooledDataSource  - Returned connection 363509958 to pool.
10:47:07,678 [main] DEBUG org.activiti.engine.impl.interceptor.LogInterceptor  - --- DeleteDeploymentCmd finished --------------------------------------------------------
10:47:07,678 [main] DEBUG org.activiti.engine.impl.interceptor.LogInterceptor  - 

</system-out>
  </testcase>
</testsuite>