<?xml version="1.0" encoding="UTF-8" ?>
<testsuite tests="19" failures="0" name="org.activiti.engine.test.api.mgmt.JobQueryTest" time="0.446" errors="19" skipped="0">
  <properties>
    <property name="idea.version" value="2022.3.1"/>
    <property name="java.runtime.name" value="Java(TM) SE Runtime Environment"/>
    <property name="sun.boot.library.path" value="C:\Program Files\Java\jdk1.8.0_351\jre\bin"/>
    <property name="java.vm.version" value="25.351-b10"/>
    <property name="java.vm.vendor" value="Oracle Corporation"/>
    <property name="java.vendor.url" value="http://java.oracle.com/"/>
    <property name="path.separator" value=";"/>
    <property name="java.vm.name" value="Java HotSpot(TM) 64-Bit Server VM"/>
    <property name="file.encoding.pkg" value="sun.io"/>
    <property name="user.script" value=""/>
    <property name="user.country" value="CN"/>
    <property name="sun.java.launcher" value="SUN_STANDARD"/>
    <property name="sun.os.patch.level" value=""/>
    <property name="java.vm.specification.name" value="Java Virtual Machine Specification"/>
    <property name="user.dir" value="D:\xinchuang\activiti-engine-5.19.0.2"/>
    <property name="java.runtime.version" value="1.8.0_351-b10"/>
    <property name="java.awt.graphicsenv" value="sun.awt.Win32GraphicsEnvironment"/>
    <property name="basedir" value="D:\xinchuang\activiti-engine-5.19.0.2"/>
    <property name="java.endorsed.dirs" value="C:\Program Files\Java\jdk1.8.0_351\jre\lib\endorsed"/>
    <property name="os.arch" value="amd64"/>
    <property name="surefire.real.class.path" value="D:\xinchuang\activiti-engine-5.19.0.2\target\surefire\surefirebooter2972839343429811619.jar"/>
    <property name="java.io.tmpdir" value="C:\Users\ryan\AppData\Local\Temp\"/>
    <property name="line.separator" value="
"/>
    <property name="java.vm.specification.vendor" value="Oracle Corporation"/>
    <property name="user.variant" value=""/>
    <property name="os.name" value="Windows 11"/>
    <property name="sun.jnu.encoding" value="GBK"/>
    <property name="java.library.path" value="C:\Program Files\Java\jdk1.8.0_351\jre\bin;C:\WINDOWS\Sun\Java\bin;C:\WINDOWS\system32;C:\WINDOWS;C:\Program Files (x86)\Common Files\Oracle\Java\javapath;D:\Program Files (x86)\VMware\VMware Workstation\bin\;C:\ProgramData\Oracle\Java\javapath;C:\WINDOWS\system32;C:\WINDOWS;C:\WINDOWS\System32\Wbem;C:\WINDOWS\System32\WindowsPowerShell\v1.0\;C:\WINDOWS\System32\OpenSSH\;d:\Program Files\Git\cmd;D:\Program Files\apache-maven-3.6.1\bin;C:\Program Files\Java\jdk1.8.0_351\bin;D:\Program Files\nodejs\;C:\Program Files\Bandizip\;D:\Program Files (x86)\NetSarang\Xshell 7\;D:\Program Files (x86)\NetSarang\Xftp 7\;D:\Program Files\cmder;;C:\Program Files (x86)\Tencent\微信web开发者工具\dll;C:\Users\ryan\.app\;C:\Users\ryan\AppData\Local\Programs\Python\Python38\Scripts\;C:\Users\ryan\AppData\Local\Programs\Python\Python38\;C:\Users\ryan\AppData\Local\Microsoft\WindowsApps;D:\Program Files\Microsoft VS Code\bin;C:\Users\ryan\AppData\Roaming\npm;d:\Program Files\JetBrains\IntelliJ IDEA 2020.3\bin;;d:\Program Files\JetBrains\DataGrip 2021.1.3\bin;;;."/>
    <property name="surefire.test.class.path" value="D:\xinchuang\activiti-engine-5.19.0.2\target\test-classes;D:\xinchuang\activiti-engine-5.19.0.2\target\classes;D:\Program Files\apache-maven-3.6.1\shanxi\org\activiti\activiti-bpmn-converter\5.19.0.2\activiti-bpmn-converter-5.19.0.2.jar;D:\Program Files\apache-maven-3.6.1\shanxi\org\activiti\activiti-bpmn-model\5.19.0.2\activiti-bpmn-model-5.19.0.2.jar;D:\Program Files\apache-maven-3.6.1\shanxi\com\fasterxml\jackson\core\jackson-core\2.2.3\jackson-core-2.2.3.jar;D:\Program Files\apache-maven-3.6.1\shanxi\com\fasterxml\jackson\core\jackson-databind\2.2.3\jackson-databind-2.2.3.jar;D:\Program Files\apache-maven-3.6.1\shanxi\com\fasterxml\jackson\core\jackson-annotations\2.2.3\jackson-annotations-2.2.3.jar;D:\Program Files\apache-maven-3.6.1\shanxi\org\activiti\activiti-process-validation\5.19.0.2\activiti-process-validation-5.19.0.2.jar;D:\Program Files\apache-maven-3.6.1\shanxi\org\activiti\activiti-image-generator\5.19.0.2\activiti-image-generator-5.19.0.2.jar;D:\Program Files\apache-maven-3.6.1\shanxi\org\apache\commons\commons-email\1.4\commons-email-1.4.jar;D:\Program Files\apache-maven-3.6.1\shanxi\com\sun\mail\javax.mail\1.5.2\javax.mail-1.5.2.jar;D:\Program Files\apache-maven-3.6.1\shanxi\javax\activation\activation\1.1.1\activation-1.1.1.jar;D:\Program Files\apache-maven-3.6.1\shanxi\org\apache\commons\commons-lang3\3.3.2\commons-lang3-3.3.2.jar;D:\Program Files\apache-maven-3.6.1\shanxi\org\mybatis\mybatis\3.3.0\mybatis-3.3.0.jar;D:\Program Files\apache-maven-3.6.1\shanxi\org\springframework\spring-beans\4.1.5.RELEASE\spring-beans-4.1.5.RELEASE.jar;D:\Program Files\apache-maven-3.6.1\shanxi\org\springframework\spring-core\4.1.5.RELEASE\spring-core-4.1.5.RELEASE.jar;D:\Program Files\apache-maven-3.6.1\shanxi\junit\junit\4.11\junit-4.11.jar;D:\Program Files\apache-maven-3.6.1\shanxi\org\hamcrest\hamcrest-core\1.3\hamcrest-core-1.3.jar;D:\Program Files\apache-maven-3.6.1\shanxi\org\codehaus\groovy\groovy-all\2.4.3\groovy-all-2.4.3.jar;D:\Program Files\apache-maven-3.6.1\shanxi\org\drools\drools-core\5.5.0.Final\drools-core-5.5.0.Final.jar;D:\Program Files\apache-maven-3.6.1\shanxi\org\mvel\mvel2\2.1.3.Final\mvel2-2.1.3.Final.jar;D:\Program Files\apache-maven-3.6.1\shanxi\org\drools\knowledge-api\5.5.0.Final\knowledge-api-5.5.0.Final.jar;D:\Program Files\apache-maven-3.6.1\shanxi\org\drools\knowledge-internal-api\5.5.0.Final\knowledge-internal-api-5.5.0.Final.jar;D:\Program Files\apache-maven-3.6.1\shanxi\org\drools\drools-compiler\5.5.0.Final\drools-compiler-5.5.0.Final.jar;D:\Program Files\apache-maven-3.6.1\shanxi\org\antlr\antlr-runtime\3.3\antlr-runtime-3.3.jar;D:\Program Files\apache-maven-3.6.1\shanxi\org\antlr\antlr\3.3\antlr-3.3.jar;D:\Program Files\apache-maven-3.6.1\shanxi\org\antlr\stringtemplate\3.2.1\stringtemplate-3.2.1.jar;D:\Program Files\apache-maven-3.6.1\shanxi\antlr\antlr\2.7.7\antlr-2.7.7.jar;D:\Program Files\apache-maven-3.6.1\shanxi\org\eclipse\jdt\core\compiler\ecj\3.5.1\ecj-3.5.1.jar;D:\Program Files\apache-maven-3.6.1\shanxi\com\thoughtworks\xstream\xstream\1.4.1\xstream-1.4.1.jar;D:\Program Files\apache-maven-3.6.1\shanxi\xmlpull\xmlpull\1.1.3.1\xmlpull-1.1.3.1.jar;D:\Program Files\apache-maven-3.6.1\shanxi\xpp3\xpp3_min\1.1.4c\xpp3_min-1.1.4c.jar;D:\Program Files\apache-maven-3.6.1\shanxi\javax\persistence\persistence-api\1.0\persistence-api-1.0.jar;D:\Program Files\apache-maven-3.6.1\shanxi\org\apache\geronimo\specs\geronimo-jta_1.1_spec\1.1.1\geronimo-jta_1.1_spec-1.1.1.jar;D:\Program Files\apache-maven-3.6.1\shanxi\javax\enterprise\concurrent\javax.enterprise.concurrent-api\1.0\javax.enterprise.concurrent-api-1.0.jar;D:\Program Files\apache-maven-3.6.1\shanxi\com\h2database\h2\1.3.176\h2-1.3.176.jar;D:\Program Files\apache-maven-3.6.1\shanxi\org\mockito\mockito-core\1.8.2\mockito-core-1.8.2.jar;D:\Program Files\apache-maven-3.6.1\shanxi\org\objenesis\objenesis\1.0\objenesis-1.0.jar;D:\Program Files\apache-maven-3.6.1\shanxi\org\apache\openjpa\openjpa\1.2.2\openjpa-1.2.2.jar;D:\Program Files\apache-maven-3.6.1\shanxi\net\sourceforge\serp\serp\1.13.1\serp-1.13.1.jar;D:\Program Files\apache-maven-3.6.1\shanxi\commons-lang\commons-lang\2.1\commons-lang-2.1.jar;D:\Program Files\apache-maven-3.6.1\shanxi\commons-collections\commons-collections\3.2\commons-collections-3.2.jar;D:\Program Files\apache-maven-3.6.1\shanxi\commons-pool\commons-pool\1.3\commons-pool-1.3.jar;D:\Program Files\apache-maven-3.6.1\shanxi\org\apache\geronimo\specs\geronimo-jms_1.1_spec\1.0.1\geronimo-jms_1.1_spec-1.0.1.jar;D:\Program Files\apache-maven-3.6.1\shanxi\org\apache\geronimo\specs\geronimo-jpa_3.0_spec\1.0\geronimo-jpa_3.0_spec-1.0.jar;D:\Program Files\apache-maven-3.6.1\shanxi\org\subethamail\subethasmtp-wiser\1.2\subethasmtp-wiser-1.2.jar;D:\Program Files\apache-maven-3.6.1\shanxi\org\subethamail\subethasmtp-smtp\1.2\subethasmtp-smtp-1.2.jar;D:\Program Files\apache-maven-3.6.1\shanxi\javax\mail\mail\1.4.1\mail-1.4.1.jar;D:\Program Files\apache-maven-3.6.1\shanxi\mysql\mysql-connector-java\5.1.27\mysql-connector-java-5.1.27.jar;D:\Program Files\apache-maven-3.6.1\shanxi\org\postgresql\postgresql\9.4-1201-jdbc4\postgresql-9.4-1201-jdbc4.jar;D:\Program Files\apache-maven-3.6.1\shanxi\net\sourceforge\jtds\jtds\1.3.0\jtds-1.3.0.jar;D:\Program Files\apache-maven-3.6.1\shanxi\com\fasterxml\uuid\java-uuid-generator\3.1.3\java-uuid-generator-3.1.3.jar;D:\Program Files\apache-maven-3.6.1\shanxi\log4j\log4j\1.2.13\log4j-1.2.13.jar;D:\Program Files\apache-maven-3.6.1\shanxi\commons-io\commons-io\2.0.1\commons-io-2.0.1.jar;D:\Program Files\apache-maven-3.6.1\shanxi\joda-time\joda-time\2.6\joda-time-2.6.jar;D:\Program Files\apache-maven-3.6.1\shanxi\org\slf4j\slf4j-api\1.7.6\slf4j-api-1.7.6.jar;D:\Program Files\apache-maven-3.6.1\shanxi\org\slf4j\jcl-over-slf4j\1.7.6\jcl-over-slf4j-1.7.6.jar;D:\Program Files\apache-maven-3.6.1\shanxi\org\slf4j\slf4j-log4j12\1.7.6\slf4j-log4j12-1.7.6.jar;D:\Program Files\apache-maven-3.6.1\shanxi\com\googlecode\catch-exception\catch-exception\1.2.0\catch-exception-1.2.0.jar;D:\Program Files\apache-maven-3.6.1\shanxi\org\codehaus\btm\btm\2.1.3\btm-2.1.3.jar;D:\Program Files\apache-maven-3.6.1\shanxi\javax\transaction\jta\1.1\jta-1.1.jar;"/>
    <property name="sun.awt.enableExtraMouseButtons" value="true"/>
    <property name="java.specification.name" value="Java Platform API Specification"/>
    <property name="java.class.version" value="52.0"/>
    <property name="sun.management.compiler" value="HotSpot 64-Bit Tiered Compilers"/>
    <property name="maven.repo.local" value="D:\Program Files\apache-maven-3.6.1\shanxi"/>
    <property name="os.version" value="10.0"/>
    <property name="user.home" value="C:\Users\ryan"/>
    <property name="user.timezone" value="Asia/Shanghai"/>
    <property name="java.awt.printerjob" value="sun.awt.windows.WPrinterJob"/>
    <property name="java.specification.version" value="1.8"/>
    <property name="file.encoding" value="GBK"/>
    <property name="user.name" value="ryan"/>
    <property name="java.class.path" value="D:\xinchuang\activiti-engine-5.19.0.2\target\test-classes;D:\xinchuang\activiti-engine-5.19.0.2\target\classes;D:\Program Files\apache-maven-3.6.1\shanxi\org\activiti\activiti-bpmn-converter\5.19.0.2\activiti-bpmn-converter-5.19.0.2.jar;D:\Program Files\apache-maven-3.6.1\shanxi\org\activiti\activiti-bpmn-model\5.19.0.2\activiti-bpmn-model-5.19.0.2.jar;D:\Program Files\apache-maven-3.6.1\shanxi\com\fasterxml\jackson\core\jackson-core\2.2.3\jackson-core-2.2.3.jar;D:\Program Files\apache-maven-3.6.1\shanxi\com\fasterxml\jackson\core\jackson-databind\2.2.3\jackson-databind-2.2.3.jar;D:\Program Files\apache-maven-3.6.1\shanxi\com\fasterxml\jackson\core\jackson-annotations\2.2.3\jackson-annotations-2.2.3.jar;D:\Program Files\apache-maven-3.6.1\shanxi\org\activiti\activiti-process-validation\5.19.0.2\activiti-process-validation-5.19.0.2.jar;D:\Program Files\apache-maven-3.6.1\shanxi\org\activiti\activiti-image-generator\5.19.0.2\activiti-image-generator-5.19.0.2.jar;D:\Program Files\apache-maven-3.6.1\shanxi\org\apache\commons\commons-email\1.4\commons-email-1.4.jar;D:\Program Files\apache-maven-3.6.1\shanxi\com\sun\mail\javax.mail\1.5.2\javax.mail-1.5.2.jar;D:\Program Files\apache-maven-3.6.1\shanxi\javax\activation\activation\1.1.1\activation-1.1.1.jar;D:\Program Files\apache-maven-3.6.1\shanxi\org\apache\commons\commons-lang3\3.3.2\commons-lang3-3.3.2.jar;D:\Program Files\apache-maven-3.6.1\shanxi\org\mybatis\mybatis\3.3.0\mybatis-3.3.0.jar;D:\Program Files\apache-maven-3.6.1\shanxi\org\springframework\spring-beans\4.1.5.RELEASE\spring-beans-4.1.5.RELEASE.jar;D:\Program Files\apache-maven-3.6.1\shanxi\org\springframework\spring-core\4.1.5.RELEASE\spring-core-4.1.5.RELEASE.jar;D:\Program Files\apache-maven-3.6.1\shanxi\junit\junit\4.11\junit-4.11.jar;D:\Program Files\apache-maven-3.6.1\shanxi\org\hamcrest\hamcrest-core\1.3\hamcrest-core-1.3.jar;D:\Program Files\apache-maven-3.6.1\shanxi\org\codehaus\groovy\groovy-all\2.4.3\groovy-all-2.4.3.jar;D:\Program Files\apache-maven-3.6.1\shanxi\org\drools\drools-core\5.5.0.Final\drools-core-5.5.0.Final.jar;D:\Program Files\apache-maven-3.6.1\shanxi\org\mvel\mvel2\2.1.3.Final\mvel2-2.1.3.Final.jar;D:\Program Files\apache-maven-3.6.1\shanxi\org\drools\knowledge-api\5.5.0.Final\knowledge-api-5.5.0.Final.jar;D:\Program Files\apache-maven-3.6.1\shanxi\org\drools\knowledge-internal-api\5.5.0.Final\knowledge-internal-api-5.5.0.Final.jar;D:\Program Files\apache-maven-3.6.1\shanxi\org\drools\drools-compiler\5.5.0.Final\drools-compiler-5.5.0.Final.jar;D:\Program Files\apache-maven-3.6.1\shanxi\org\antlr\antlr-runtime\3.3\antlr-runtime-3.3.jar;D:\Program Files\apache-maven-3.6.1\shanxi\org\antlr\antlr\3.3\antlr-3.3.jar;D:\Program Files\apache-maven-3.6.1\shanxi\org\antlr\stringtemplate\3.2.1\stringtemplate-3.2.1.jar;D:\Program Files\apache-maven-3.6.1\shanxi\antlr\antlr\2.7.7\antlr-2.7.7.jar;D:\Program Files\apache-maven-3.6.1\shanxi\org\eclipse\jdt\core\compiler\ecj\3.5.1\ecj-3.5.1.jar;D:\Program Files\apache-maven-3.6.1\shanxi\com\thoughtworks\xstream\xstream\1.4.1\xstream-1.4.1.jar;D:\Program Files\apache-maven-3.6.1\shanxi\xmlpull\xmlpull\1.1.3.1\xmlpull-1.1.3.1.jar;D:\Program Files\apache-maven-3.6.1\shanxi\xpp3\xpp3_min\1.1.4c\xpp3_min-1.1.4c.jar;D:\Program Files\apache-maven-3.6.1\shanxi\javax\persistence\persistence-api\1.0\persistence-api-1.0.jar;D:\Program Files\apache-maven-3.6.1\shanxi\org\apache\geronimo\specs\geronimo-jta_1.1_spec\1.1.1\geronimo-jta_1.1_spec-1.1.1.jar;D:\Program Files\apache-maven-3.6.1\shanxi\javax\enterprise\concurrent\javax.enterprise.concurrent-api\1.0\javax.enterprise.concurrent-api-1.0.jar;D:\Program Files\apache-maven-3.6.1\shanxi\com\h2database\h2\1.3.176\h2-1.3.176.jar;D:\Program Files\apache-maven-3.6.1\shanxi\org\mockito\mockito-core\1.8.2\mockito-core-1.8.2.jar;D:\Program Files\apache-maven-3.6.1\shanxi\org\objenesis\objenesis\1.0\objenesis-1.0.jar;D:\Program Files\apache-maven-3.6.1\shanxi\org\apache\openjpa\openjpa\1.2.2\openjpa-1.2.2.jar;D:\Program Files\apache-maven-3.6.1\shanxi\net\sourceforge\serp\serp\1.13.1\serp-1.13.1.jar;D:\Program Files\apache-maven-3.6.1\shanxi\commons-lang\commons-lang\2.1\commons-lang-2.1.jar;D:\Program Files\apache-maven-3.6.1\shanxi\commons-collections\commons-collections\3.2\commons-collections-3.2.jar;D:\Program Files\apache-maven-3.6.1\shanxi\commons-pool\commons-pool\1.3\commons-pool-1.3.jar;D:\Program Files\apache-maven-3.6.1\shanxi\org\apache\geronimo\specs\geronimo-jms_1.1_spec\1.0.1\geronimo-jms_1.1_spec-1.0.1.jar;D:\Program Files\apache-maven-3.6.1\shanxi\org\apache\geronimo\specs\geronimo-jpa_3.0_spec\1.0\geronimo-jpa_3.0_spec-1.0.jar;D:\Program Files\apache-maven-3.6.1\shanxi\org\subethamail\subethasmtp-wiser\1.2\subethasmtp-wiser-1.2.jar;D:\Program Files\apache-maven-3.6.1\shanxi\org\subethamail\subethasmtp-smtp\1.2\subethasmtp-smtp-1.2.jar;D:\Program Files\apache-maven-3.6.1\shanxi\javax\mail\mail\1.4.1\mail-1.4.1.jar;D:\Program Files\apache-maven-3.6.1\shanxi\mysql\mysql-connector-java\5.1.27\mysql-connector-java-5.1.27.jar;D:\Program Files\apache-maven-3.6.1\shanxi\org\postgresql\postgresql\9.4-1201-jdbc4\postgresql-9.4-1201-jdbc4.jar;D:\Program Files\apache-maven-3.6.1\shanxi\net\sourceforge\jtds\jtds\1.3.0\jtds-1.3.0.jar;D:\Program Files\apache-maven-3.6.1\shanxi\com\fasterxml\uuid\java-uuid-generator\3.1.3\java-uuid-generator-3.1.3.jar;D:\Program Files\apache-maven-3.6.1\shanxi\log4j\log4j\1.2.13\log4j-1.2.13.jar;D:\Program Files\apache-maven-3.6.1\shanxi\commons-io\commons-io\2.0.1\commons-io-2.0.1.jar;D:\Program Files\apache-maven-3.6.1\shanxi\joda-time\joda-time\2.6\joda-time-2.6.jar;D:\Program Files\apache-maven-3.6.1\shanxi\org\slf4j\slf4j-api\1.7.6\slf4j-api-1.7.6.jar;D:\Program Files\apache-maven-3.6.1\shanxi\org\slf4j\jcl-over-slf4j\1.7.6\jcl-over-slf4j-1.7.6.jar;D:\Program Files\apache-maven-3.6.1\shanxi\org\slf4j\slf4j-log4j12\1.7.6\slf4j-log4j12-1.7.6.jar;D:\Program Files\apache-maven-3.6.1\shanxi\com\googlecode\catch-exception\catch-exception\1.2.0\catch-exception-1.2.0.jar;D:\Program Files\apache-maven-3.6.1\shanxi\org\codehaus\btm\btm\2.1.3\btm-2.1.3.jar;D:\Program Files\apache-maven-3.6.1\shanxi\javax\transaction\jta\1.1\jta-1.1.jar;"/>
    <property name="java.vm.specification.version" value="1.8"/>
    <property name="sun.arch.data.model" value="64"/>
    <property name="java.home" value="C:\Program Files\Java\jdk1.8.0_351\jre"/>
    <property name="sun.java.command" value="D:\xinchuang\activiti-engine-5.19.0.2\target\surefire\surefirebooter2972839343429811619.jar D:\xinchuang\activiti-engine-5.19.0.2\target\surefire\surefire1197127065150889766tmp D:\xinchuang\activiti-engine-5.19.0.2\target\surefire\surefire3285776718944652178tmp"/>
    <property name="java.specification.vendor" value="Oracle Corporation"/>
    <property name="user.language" value="en"/>
    <property name="awt.toolkit" value="sun.awt.windows.WToolkit"/>
    <property name="java.vm.info" value="mixed mode"/>
    <property name="java.version" value="1.8.0_351"/>
    <property name="java.ext.dirs" value="C:\Program Files\Java\jdk1.8.0_351\jre\lib\ext;C:\WINDOWS\Sun\Java\lib\ext"/>
    <property name="sun.boot.class.path" value="C:\Program Files\Java\jdk1.8.0_351\jre\lib\resources.jar;C:\Program Files\Java\jdk1.8.0_351\jre\lib\rt.jar;C:\Program Files\Java\jdk1.8.0_351\jre\lib\jsse.jar;C:\Program Files\Java\jdk1.8.0_351\jre\lib\jce.jar;C:\Program Files\Java\jdk1.8.0_351\jre\lib\charsets.jar;C:\Program Files\Java\jdk1.8.0_351\jre\lib\jfr.jar;C:\Program Files\Java\jdk1.8.0_351\jre\classes"/>
    <property name="java.vendor" value="Oracle Corporation"/>
    <property name="java.specification.maintenance.version" value="4"/>
    <property name="localRepository" value="D:\Program Files\apache-maven-3.6.1\shanxi"/>
    <property name="file.separator" value="\"/>
    <property name="java.vendor.url.bug" value="http://bugreport.sun.com/bugreport/"/>
    <property name="sun.cpu.endian" value="little"/>
    <property name="sun.io.unicode.encoding" value="UnicodeLittle"/>
    <property name="sun.desktop" value="windows"/>
    <property name="sun.cpu.isalist" value="amd64"/>
  </properties>
  <testcase classname="org.activiti.engine.test.api.mgmt.JobQueryTest" name="testQueryByInvalidExecutionId" time="0.03">
    <error message="
### Error querying database.  Cause: org.h2.jdbc.JdbcSQLException: Syntax error in SQL statement &quot;SELECT RES.* 
     
    FROM ACT_RU_JOB RES
     
     WHERE  RES.EXECUTION_ID_ = ? 
   
     ORDER BY  ORDER[*] BY RES.ID_ ASC  
    LIMIT ? OFFSET ? &quot;; expected &quot;=, NOT, EXISTS, INTERSECTS, SELECT, FROM&quot;; SQL statement:
select RES.* 
     
    from ACT_RU_JOB RES
     
     WHERE  RES.EXECUTION_ID_ = ? 
   
     order by  order by RES.ID_ asc  
    LIMIT ? OFFSET ? [42001-176]
### The error may exist in org/activiti/db/mapping/entity/Job.xml
### The error may involve org.activiti.engine.impl.persistence.entity.JobEntity.selectJobByQueryCriteria
### The error occurred while executing a query
### SQL: select RES.*            from ACT_RU_JOB RES            WHERE  RES.EXECUTION_ID_ = ?           order by  order by RES.ID_ asc       LIMIT ? OFFSET ?
### Cause: org.h2.jdbc.JdbcSQLException: Syntax error in SQL statement &quot;SELECT RES.* 
     
    FROM ACT_RU_JOB RES
     
     WHERE  RES.EXECUTION_ID_ = ? 
   
     ORDER BY  ORDER[*] BY RES.ID_ ASC  
    LIMIT ? OFFSET ? &quot;; expected &quot;=, NOT, EXISTS, INTERSECTS, SELECT, FROM&quot;; SQL statement:
select RES.* 
     
    from ACT_RU_JOB RES
     
     WHERE  RES.EXECUTION_ID_ = ? 
   
     order by  order by RES.ID_ asc  
    LIMIT ? OFFSET ? [42001-176]" type="org.apache.ibatis.exceptions.PersistenceException">org.apache.ibatis.exceptions.PersistenceException: 
### Error querying database.  Cause: org.h2.jdbc.JdbcSQLException: Syntax error in SQL statement &quot;SELECT RES.* 
     
    FROM ACT_RU_JOB RES
     
     WHERE  RES.EXECUTION_ID_ = ? 
   
     ORDER BY  ORDER[*] BY RES.ID_ ASC  
    LIMIT ? OFFSET ? &quot;; expected &quot;=, NOT, EXISTS, INTERSECTS, SELECT, FROM&quot;; SQL statement:
select RES.* 
     
    from ACT_RU_JOB RES
     
     WHERE  RES.EXECUTION_ID_ = ? 
   
     order by  order by RES.ID_ asc  
    LIMIT ? OFFSET ? [42001-176]
### The error may exist in org/activiti/db/mapping/entity/Job.xml
### The error may involve org.activiti.engine.impl.persistence.entity.JobEntity.selectJobByQueryCriteria
### The error occurred while executing a query
### SQL: select RES.*            from ACT_RU_JOB RES            WHERE  RES.EXECUTION_ID_ = ?           order by  order by RES.ID_ asc       LIMIT ? OFFSET ?
### Cause: org.h2.jdbc.JdbcSQLException: Syntax error in SQL statement &quot;SELECT RES.* 
     
    FROM ACT_RU_JOB RES
     
     WHERE  RES.EXECUTION_ID_ = ? 
   
     ORDER BY  ORDER[*] BY RES.ID_ ASC  
    LIMIT ? OFFSET ? &quot;; expected &quot;=, NOT, EXISTS, INTERSECTS, SELECT, FROM&quot;; SQL statement:
select RES.* 
     
    from ACT_RU_JOB RES
     
     WHERE  RES.EXECUTION_ID_ = ? 
   
     order by  order by RES.ID_ asc  
    LIMIT ? OFFSET ? [42001-176]
	at org.apache.ibatis.exceptions.ExceptionFactory.wrapException(ExceptionFactory.java:30)
	at org.apache.ibatis.session.defaults.DefaultSqlSession.selectList(DefaultSqlSession.java:122)
	at org.apache.ibatis.session.defaults.DefaultSqlSession.selectList(DefaultSqlSession.java:113)
	at org.activiti.engine.impl.db.DbSqlSession.selectListWithRawParameter(DbSqlSession.java:438)
	at org.activiti.engine.impl.db.DbSqlSession.selectList(DbSqlSession.java:429)
	at org.activiti.engine.impl.db.DbSqlSession.selectList(DbSqlSession.java:419)
	at org.activiti.engine.impl.persistence.entity.JobEntityManager.findJobsByQueryCriteria(JobEntityManager.java:198)
	at org.activiti.engine.impl.JobQueryImpl.executeList(JobQueryImpl.java:243)
	at org.activiti.engine.impl.AbstractQuery.execute(AbstractQuery.java:164)
	at org.activiti.engine.impl.interceptor.CommandInvoker.execute(CommandInvoker.java:24)
	at org.activiti.engine.impl.interceptor.CommandContextInterceptor.execute(CommandContextInterceptor.java:57)
	at org.activiti.engine.impl.interceptor.LogInterceptor.execute(LogInterceptor.java:37)
	at org.activiti.engine.impl.cfg.CommandExecutorImpl.execute(CommandExecutorImpl.java:40)
	at org.activiti.engine.impl.cfg.CommandExecutorImpl.execute(CommandExecutorImpl.java:35)
	at org.activiti.engine.impl.AbstractQuery.list(AbstractQuery.java:138)
	at org.activiti.engine.test.api.mgmt.JobQueryTest.verifyQueryResults(JobQueryTest.java:400)
	at org.activiti.engine.test.api.mgmt.JobQueryTest.testQueryByInvalidExecutionId(JobQueryTest.java:150)
	at sun.reflect.NativeMethodAccessorImpl.invoke0(Native Method)
	at sun.reflect.NativeMethodAccessorImpl.invoke(NativeMethodAccessorImpl.java:62)
	at sun.reflect.DelegatingMethodAccessorImpl.invoke(DelegatingMethodAccessorImpl.java:43)
	at java.lang.reflect.Method.invoke(Method.java:498)
	at junit.framework.TestCase.runTest(TestCase.java:176)
	at org.activiti.engine.impl.test.PvmTestCase.runTest(PvmTestCase.java:65)
	at junit.framework.TestCase.runBare(TestCase.java:141)
	at org.activiti.engine.impl.test.AbstractActivitiTestCase.runBare(AbstractActivitiTestCase.java:100)
	at junit.framework.TestResult$1.protect(TestResult.java:122)
	at junit.framework.TestResult.runProtected(TestResult.java:142)
	at junit.framework.TestResult.run(TestResult.java:125)
	at junit.framework.TestCase.run(TestCase.java:129)
	at junit.framework.TestSuite.runTest(TestSuite.java:255)
	at junit.framework.TestSuite.run(TestSuite.java:250)
	at org.junit.internal.runners.JUnit38ClassRunner.run(JUnit38ClassRunner.java:84)
	at org.apache.maven.surefire.junit4.JUnit4TestSet.execute(JUnit4TestSet.java:35)
	at org.apache.maven.surefire.junit4.JUnit4Provider.executeTestSet(JUnit4Provider.java:146)
	at org.apache.maven.surefire.junit4.JUnit4Provider.invoke(JUnit4Provider.java:97)
	at sun.reflect.NativeMethodAccessorImpl.invoke0(Native Method)
	at sun.reflect.NativeMethodAccessorImpl.invoke(NativeMethodAccessorImpl.java:62)
	at sun.reflect.DelegatingMethodAccessorImpl.invoke(DelegatingMethodAccessorImpl.java:43)
	at java.lang.reflect.Method.invoke(Method.java:498)
	at org.apache.maven.surefire.booter.ProviderFactory$ClassLoaderProxy.invoke(ProviderFactory.java:103)
	at com.sun.proxy.$Proxy0.invoke(Unknown Source)
	at org.apache.maven.surefire.booter.SurefireStarter.invokeProvider(SurefireStarter.java:145)
	at org.apache.maven.surefire.booter.SurefireStarter.runSuitesInProcess(SurefireStarter.java:87)
	at org.apache.maven.surefire.booter.ForkedBooter.main(ForkedBooter.java:69)
Caused by: org.h2.jdbc.JdbcSQLException: Syntax error in SQL statement &quot;SELECT RES.* 
     
    FROM ACT_RU_JOB RES
     
     WHERE  RES.EXECUTION_ID_ = ? 
   
     ORDER BY  ORDER[*] BY RES.ID_ ASC  
    LIMIT ? OFFSET ? &quot;; expected &quot;=, NOT, EXISTS, INTERSECTS, SELECT, FROM&quot;; SQL statement:
select RES.* 
     
    from ACT_RU_JOB RES
     
     WHERE  RES.EXECUTION_ID_ = ? 
   
     order by  order by RES.ID_ asc  
    LIMIT ? OFFSET ? [42001-176]
	at org.h2.message.DbException.getJdbcSQLException(DbException.java:344)
	at org.h2.message.DbException.getSyntaxError(DbException.java:204)
	at org.h2.command.Parser.getSyntaxError(Parser.java:524)
	at org.h2.command.Parser.readTerm(Parser.java:2688)
	at org.h2.command.Parser.readFactor(Parser.java:2244)
	at org.h2.command.Parser.readSum(Parser.java:2231)
	at org.h2.command.Parser.readConcat(Parser.java:2201)
	at org.h2.command.Parser.readCondition(Parser.java:2051)
	at org.h2.command.Parser.readAnd(Parser.java:2023)
	at org.h2.command.Parser.readExpression(Parser.java:2015)
	at org.h2.command.Parser.parseEndOfQuery(Parser.java:1726)
	at org.h2.command.Parser.parseSelectUnionExtension(Parser.java:1706)
	at org.h2.command.Parser.parseSelectUnion(Parser.java:1675)
	at org.h2.command.Parser.parseSelect(Parser.java:1662)
	at org.h2.command.Parser.parsePrepared(Parser.java:434)
	at org.h2.command.Parser.parse(Parser.java:306)
	at org.h2.command.Parser.parse(Parser.java:282)
	at org.h2.command.Parser.prepareCommand(Parser.java:243)
	at org.h2.engine.Session.prepareLocal(Session.java:442)
	at org.h2.engine.Session.prepareCommand(Session.java:384)
	at org.h2.jdbc.JdbcConnection.prepareCommand(JdbcConnection.java:1188)
	at org.h2.jdbc.JdbcPreparedStatement.&lt;init&gt;(JdbcPreparedStatement.java:73)
	at org.h2.jdbc.JdbcConnection.prepareStatement(JdbcConnection.java:276)
	at sun.reflect.GeneratedMethodAccessor6.invoke(Unknown Source)
	at sun.reflect.DelegatingMethodAccessorImpl.invoke(DelegatingMethodAccessorImpl.java:43)
	at java.lang.reflect.Method.invoke(Method.java:498)
	at org.apache.ibatis.datasource.pooled.PooledConnection.invoke(PooledConnection.java:245)
	at com.sun.proxy.$Proxy12.prepareStatement(Unknown Source)
	at sun.reflect.GeneratedMethodAccessor6.invoke(Unknown Source)
	at sun.reflect.DelegatingMethodAccessorImpl.invoke(DelegatingMethodAccessorImpl.java:43)
	at java.lang.reflect.Method.invoke(Method.java:498)
	at org.apache.ibatis.logging.jdbc.ConnectionLogger.invoke(ConnectionLogger.java:55)
	at com.sun.proxy.$Proxy12.prepareStatement(Unknown Source)
	at org.apache.ibatis.executor.statement.PreparedStatementHandler.instantiateStatement(PreparedStatementHandler.java:79)
	at org.apache.ibatis.executor.statement.BaseStatementHandler.prepare(BaseStatementHandler.java:88)
	at org.apache.ibatis.executor.statement.RoutingStatementHandler.prepare(RoutingStatementHandler.java:58)
	at org.apache.ibatis.executor.SimpleExecutor.prepareStatement(SimpleExecutor.java:76)
	at org.apache.ibatis.executor.SimpleExecutor.doQuery(SimpleExecutor.java:61)
	at org.apache.ibatis.executor.BaseExecutor.queryFromDatabase(BaseExecutor.java:303)
	at org.apache.ibatis.executor.BaseExecutor.query(BaseExecutor.java:154)
	at org.apache.ibatis.executor.CachingExecutor.query(CachingExecutor.java:102)
	at org.apache.ibatis.executor.CachingExecutor.query(CachingExecutor.java:82)
	at org.apache.ibatis.session.defaults.DefaultSqlSession.selectList(DefaultSqlSession.java:120)
	... 42 more
</error>
    <system-out>@SLTests run: 21, Failures: 0, Errors: 19, Skipped: 0, Time elapsed: 0.14 sec &lt;&lt;&lt; FAILURE!
@SLRunning org.activiti.engine.test.api.mgmt.JobQueryTest
10:44:56,921 [main] DEBUG org.activiti.engine.impl.interceptor.LogInterceptor  - 

10:44:56,921 [main] DEBUG org.activiti.engine.impl.interceptor.LogInterceptor  - --- starting DeployCmd --------------------------------------------------------
10:44:56,921 [main] DEBUG org.activiti.engine.impl.bpmn.deployer.BpmnDeployer  - Processing deployment null
10:44:56,921 [main] INFO  org.activiti.engine.impl.bpmn.deployer.BpmnDeployer  - Processing resource org/activiti/engine/test/api/mgmt/timerOnTask.bpmn20.xml
10:44:56,926 [main] DEBUG org.activiti.engine.impl.bpmn.parser.handler.ProcessParseHandler  - Parsing process timerOnTask
10:44:56,926 [main] DEBUG org.activiti.engine.impl.bpmn.parser.handler.AbstractBpmnParseHandler  - Parsing activity firstLineSupport
10:44:56,926 [main] DEBUG org.activiti.engine.impl.bpmn.parser.handler.AbstractBpmnParseHandler  - Parsing activity secondLineSupport
10:44:56,926 [main] DEBUG org.activiti.engine.impl.bpmn.parser.handler.AbstractBpmnParseHandler  - Parsing activity theStart
10:44:56,926 [main] DEBUG org.activiti.engine.impl.bpmn.parser.handler.AbstractBpmnParseHandler  - Parsing activity normalEnd
10:44:56,926 [main] DEBUG org.activiti.engine.impl.bpmn.parser.handler.AbstractBpmnParseHandler  - Parsing activity escalatedEnd
10:44:56,926 [main] DEBUG org.activiti.engine.impl.bpmn.parser.handler.AbstractBpmnParseHandler  - Parsing activity escalationTimer
10:44:56,926 [main] DEBUG org.apache.ibatis.transaction.jdbc.JdbcTransaction  - Opening JDBC Connection
10:44:56,926 [main] DEBUG org.apache.ibatis.datasource.pooled.PooledDataSource  - Checked out connection 180014677 from pool.
10:44:56,926 [main] DEBUG org.apache.ibatis.transaction.jdbc.JdbcTransaction  - Setting autocommit to false on JDBC Connection [conn3: url=jdbc:h2:mem:activiti user=SA]
10:44:56,926 [main] DEBUG org.activiti.engine.impl.persistence.entity.ProcessDefinitionEntity.selectLatestProcessDefinitionByKey  - ==&gt;  Preparing: select * from ACT_RE_PROCDEF where KEY_ = ? and (TENANT_ID_ = &apos;&apos; or TENANT_ID_ is null) and VERSION_ = (select max(VERSION_) from ACT_RE_PROCDEF where KEY_ = ? and (TENANT_ID_ = &apos;&apos; or TENANT_ID_ is null)) 
10:44:56,926 [main] DEBUG org.activiti.engine.impl.persistence.entity.ProcessDefinitionEntity.selectLatestProcessDefinitionByKey  - ==&gt; Parameters: timerOnTask(String), timerOnTask(String)
10:44:56,926 [main] DEBUG org.activiti.engine.impl.persistence.entity.ProcessDefinitionEntity.selectLatestProcessDefinitionByKey  - &lt;==      Total: 0
10:44:56,926 [main] DEBUG org.activiti.engine.impl.persistence.entity.JobEntity.selectJobByTypeAndProcessDefinitionKeyNoTenantId  - ==&gt;  Preparing: select J.* from ACT_RU_JOB J inner join ACT_RE_PROCDEF P on J.PROC_DEF_ID_ = P.ID_ where J.HANDLER_TYPE_ = ? and P.KEY_ = ? and (P.TENANT_ID_ = &apos;&apos; or P.TENANT_ID_ is null) 
10:44:56,926 [main] DEBUG org.activiti.engine.impl.persistence.entity.JobEntity.selectJobByTypeAndProcessDefinitionKeyNoTenantId  - ==&gt; Parameters: timer-start-event(String), timerOnTask(String)
10:44:56,926 [main] DEBUG org.activiti.engine.impl.persistence.entity.JobEntity.selectJobByTypeAndProcessDefinitionKeyNoTenantId  - &lt;==      Total: 0
10:44:56,927 [main] DEBUG org.activiti.engine.impl.persistence.entity.ProcessDefinitionInfoEntity.selectProcessDefinitionInfoByProcessDefinitionId  - ==&gt;  Preparing: select * from ACT_PROCDEF_INFO where PROC_DEF_ID_ = ? 
10:44:56,927 [main] DEBUG org.activiti.engine.impl.persistence.entity.ProcessDefinitionInfoEntity.selectProcessDefinitionInfoByProcessDefinitionId  - ==&gt; Parameters: timerOnTask:1:1415(String)
10:44:56,927 [main] DEBUG org.activiti.engine.impl.persistence.entity.ProcessDefinitionInfoEntity.selectProcessDefinitionInfoByProcessDefinitionId  - &lt;==      Total: 0
10:44:56,927 [main] DEBUG org.activiti.engine.impl.interceptor.LogInterceptor  - 

10:44:56,927 [main] DEBUG org.activiti.engine.impl.interceptor.LogInterceptor  - --- starting GetProcessDefinitionInfoCmd --------------------------------------------------------
10:44:56,927 [main] DEBUG org.activiti.engine.impl.interceptor.CommandContextInterceptor  - Valid context found. Reusing it for the current command &apos;org.activiti.engine.impl.cmd.GetProcessDefinitionInfoCmd&apos;
10:44:56,927 [main] DEBUG org.activiti.engine.impl.interceptor.LogInterceptor  - 

10:44:56,927 [main] DEBUG org.activiti.engine.impl.interceptor.LogInterceptor  - --- starting  --------------------------------------------------------
10:44:56,927 [main] DEBUG org.activiti.engine.impl.interceptor.CommandContextInterceptor  - Valid context found. Reusing it for the current command &apos;null&apos;
10:44:56,927 [main] DEBUG org.activiti.engine.impl.interceptor.LogInterceptor  - ---  finished --------------------------------------------------------
10:44:56,927 [main] DEBUG org.activiti.engine.impl.interceptor.LogInterceptor  - 

10:44:56,927 [main] DEBUG org.activiti.engine.impl.interceptor.LogInterceptor  - --- GetProcessDefinitionInfoCmd finished --------------------------------------------------------
10:44:56,927 [main] DEBUG org.activiti.engine.impl.interceptor.LogInterceptor  - 

10:44:56,927 [main] DEBUG org.activiti.engine.impl.db.DbSqlSession  -   insert ResourceEntity[id=1414, name=org/activiti/engine/test/api/mgmt/timerOnTask.bpmn20.xml]
10:44:56,927 [main] DEBUG org.activiti.engine.impl.db.DbSqlSession  -   insert DeploymentEntity[id=1413, name=null]
10:44:56,927 [main] DEBUG org.activiti.engine.impl.db.DbSqlSession  -   insert ProcessDefinitionEntity[timerOnTask:1:1415]
10:44:56,927 [main] DEBUG org.activiti.engine.impl.db.DbSqlSession  - flush summary: 3 insert, 0 update, 0 delete.
10:44:56,927 [main] DEBUG org.activiti.engine.impl.db.DbSqlSession  - now executing flush...
10:44:56,927 [main] DEBUG org.activiti.engine.impl.db.DbSqlSession  - inserting: ProcessDefinitionEntity[timerOnTask:1:1415]
10:44:56,927 [main] DEBUG org.activiti.engine.impl.persistence.entity.ProcessDefinitionEntity.insertProcessDefinition  - ==&gt;  Preparing: insert into ACT_RE_PROCDEF(ID_, REV_, CATEGORY_, NAME_, KEY_, VERSION_, DEPLOYMENT_ID_, RESOURCE_NAME_, DGRM_RESOURCE_NAME_, DESCRIPTION_, HAS_START_FORM_KEY_, HAS_GRAPHICAL_NOTATION_ , SUSPENSION_STATE_, TENANT_ID_) values (?, 1, ?, ?, ?, ?, ?, ?, ?, ?, ?, ?, ?, ?) 
10:44:56,927 [main] DEBUG org.activiti.engine.impl.persistence.entity.ProcessDefinitionEntity.insertProcessDefinition  - ==&gt; Parameters: timerOnTask:1:1415(String), org.activiti.enginge.test.api.mgmt(String), null, timerOnTask(String), 1(Integer), 1413(String), org/activiti/engine/test/api/mgmt/timerOnTask.bpmn20.xml(String), null, null, false(Boolean), false(Boolean), 1(Integer), (String)
10:44:56,927 [main] DEBUG org.activiti.engine.impl.persistence.entity.ProcessDefinitionEntity.insertProcessDefinition  - &lt;==    Updates: 1
10:44:56,927 [main] DEBUG org.activiti.engine.impl.db.DbSqlSession  - inserting: DeploymentEntity[id=1413, name=null]
10:44:56,927 [main] DEBUG org.activiti.engine.impl.persistence.entity.DeploymentEntity.insertDeployment  - ==&gt;  Preparing: insert into ACT_RE_DEPLOYMENT(ID_, NAME_, CATEGORY_, TENANT_ID_, DEPLOY_TIME_) values(?, ?, ?, ?, ?) 
10:44:56,927 [main] DEBUG org.activiti.engine.impl.persistence.entity.DeploymentEntity.insertDeployment  - ==&gt; Parameters: 1413(String), null, null, (String), 2023-03-20 10:44:56.921(Timestamp)
10:44:56,927 [main] DEBUG org.activiti.engine.impl.persistence.entity.DeploymentEntity.insertDeployment  - &lt;==    Updates: 1
10:44:56,927 [main] DEBUG org.activiti.engine.impl.db.DbSqlSession  - inserting: ResourceEntity[id=1414, name=org/activiti/engine/test/api/mgmt/timerOnTask.bpmn20.xml]
10:44:56,927 [main] DEBUG org.activiti.engine.impl.persistence.entity.ResourceEntity.insertResource  - ==&gt;  Preparing: insert into ACT_GE_BYTEARRAY(ID_, REV_, NAME_, BYTES_, DEPLOYMENT_ID_, GENERATED_) values (?, 1, ?, ?, ?, ?) 
10:44:56,927 [main] DEBUG org.activiti.engine.impl.persistence.entity.ResourceEntity.insertResource  - ==&gt; Parameters: 1414(String), org/activiti/engine/test/api/mgmt/timerOnTask.bpmn20.xml(String), java.io.ByteArrayInputStream@4997552e(ByteArrayInputStream), 1413(String), false(Boolean)
10:44:56,927 [main] DEBUG org.activiti.engine.impl.persistence.entity.ResourceEntity.insertResource  - &lt;==    Updates: 1
10:44:56,927 [main] DEBUG org.activiti.engine.impl.cfg.standalone.StandaloneMybatisTransactionContext  - firing event committing...
10:44:56,927 [main] DEBUG org.activiti.engine.impl.cfg.standalone.StandaloneMybatisTransactionContext  - committing the ibatis sql session...
10:44:56,927 [main] DEBUG org.apache.ibatis.transaction.jdbc.JdbcTransaction  - Committing JDBC Connection [conn3: url=jdbc:h2:mem:activiti user=SA]
10:44:56,927 [main] DEBUG org.activiti.engine.impl.cfg.standalone.StandaloneMybatisTransactionContext  - firing event committed...
10:44:56,927 [main] DEBUG org.apache.ibatis.transaction.jdbc.JdbcTransaction  - Resetting autocommit to true on JDBC Connection [conn3: url=jdbc:h2:mem:activiti user=SA]
10:44:56,927 [main] DEBUG org.apache.ibatis.transaction.jdbc.JdbcTransaction  - Closing JDBC Connection [conn3: url=jdbc:h2:mem:activiti user=SA]
10:44:56,927 [main] DEBUG org.apache.ibatis.datasource.pooled.PooledDataSource  - Returned connection 180014677 to pool.
10:44:56,927 [main] DEBUG org.activiti.engine.impl.interceptor.LogInterceptor  - --- DeployCmd finished --------------------------------------------------------
10:44:56,927 [main] DEBUG org.activiti.engine.impl.interceptor.LogInterceptor  - 

10:44:56,928 [main] DEBUG org.activiti.engine.impl.interceptor.LogInterceptor  - 

10:44:56,928 [main] DEBUG org.activiti.engine.impl.interceptor.LogInterceptor  - --- starting StartProcessInstanceCmd --------------------------------------------------------
10:44:56,928 [main] DEBUG org.apache.ibatis.transaction.jdbc.JdbcTransaction  - Opening JDBC Connection
10:44:56,928 [main] DEBUG org.apache.ibatis.datasource.pooled.PooledDataSource  - Checked out connection 297240765 from pool.
10:44:56,928 [main] DEBUG org.apache.ibatis.transaction.jdbc.JdbcTransaction  - Setting autocommit to false on JDBC Connection [conn4: url=jdbc:h2:mem:activiti user=SA]
10:44:56,928 [main] DEBUG org.activiti.engine.impl.persistence.entity.ProcessDefinitionEntity.selectLatestProcessDefinitionByKey  - ==&gt;  Preparing: select * from ACT_RE_PROCDEF where KEY_ = ? and (TENANT_ID_ = &apos;&apos; or TENANT_ID_ is null) and VERSION_ = (select max(VERSION_) from ACT_RE_PROCDEF where KEY_ = ? and (TENANT_ID_ = &apos;&apos; or TENANT_ID_ is null)) 
10:44:56,928 [main] DEBUG org.activiti.engine.impl.persistence.entity.ProcessDefinitionEntity.selectLatestProcessDefinitionByKey  - ==&gt; Parameters: timerOnTask(String), timerOnTask(String)
10:44:56,928 [main] DEBUG org.activiti.engine.impl.persistence.entity.ProcessDefinitionEntity.selectLatestProcessDefinitionByKey  - &lt;==      Total: 1
10:44:56,928 [main] DEBUG org.activiti.engine.impl.persistence.entity.ExecutionEntity  - initializing ProcessInstance[1416]
10:44:56,928 [main] DEBUG org.activiti.engine.impl.history.DefaultHistoryManager  - Current history level: FULL, level required: ACTIVITY
10:44:56,928 [main] DEBUG org.activiti.engine.impl.pvm.runtime.AtomicOperationActivityExecute  - ProcessInstance[1416] executes Activity(theStart): org.activiti.engine.impl.bpmn.behavior.NoneStartEventActivityBehavior
10:44:56,928 [main] DEBUG org.activiti.engine.impl.persistence.entity.JobEntity.selectJobsByExecutionId  - ==&gt;  Preparing: select * from ACT_RU_JOB J where J.EXECUTION_ID_ = ? 
10:44:56,928 [main] DEBUG org.activiti.engine.impl.persistence.entity.JobEntity.selectJobsByExecutionId  - ==&gt; Parameters: 1416(String)
10:44:56,928 [main] DEBUG org.activiti.engine.impl.persistence.entity.JobEntity.selectJobsByExecutionId  - &lt;==      Total: 0
10:44:56,928 [main] DEBUG org.activiti.engine.impl.bpmn.behavior.BpmnActivityBehavior  - Leaving activity &apos;theStart&apos;
10:44:56,928 [main] DEBUG org.activiti.engine.impl.history.DefaultHistoryManager  - Current history level: FULL, level required: ACTIVITY
10:44:56,928 [main] DEBUG org.activiti.engine.impl.pvm.runtime.AtomicOperationTransitionNotifyListenerTake  - ProcessInstance[1416] takes transition (theStart)--flow1--&gt;(firstLineSupport)
10:44:56,928 [main] DEBUG org.activiti.engine.impl.persistence.entity.ExecutionEntity  - Child execution ScopeExecution[1418] created with parent 
10:44:56,928 [main] DEBUG org.activiti.engine.impl.pvm.runtime.AtomicOperationTransitionCreateScope  - create scope: parent ProcessInstance[1416] continues as execution ScopeExecution[1418]
10:44:56,928 [main] DEBUG org.activiti.engine.impl.persistence.entity.ExecutionEntity  - initializing ScopeExecution[1418]
10:44:56,929 [main] DEBUG org.activiti.engine.impl.persistence.entity.JobEntity.selectJobsByExecutionId  - ==&gt;  Preparing: select * from ACT_RU_JOB J where J.EXECUTION_ID_ = ? 
10:44:56,929 [main] DEBUG org.activiti.engine.impl.persistence.entity.JobEntity.selectJobsByExecutionId  - ==&gt; Parameters: 1418(String)
10:44:56,929 [main] DEBUG org.activiti.engine.impl.persistence.entity.JobEntity.selectJobsByExecutionId  - &lt;==      Total: 0
10:44:56,929 [main] DEBUG org.activiti.engine.impl.history.DefaultHistoryManager  - Current history level: FULL, level required: ACTIVITY
10:44:56,929 [main] DEBUG org.activiti.engine.impl.pvm.runtime.AtomicOperationActivityExecute  - ScopeExecution[1418] executes Activity(firstLineSupport): org.activiti.engine.impl.bpmn.behavior.UserTaskActivityBehavior
10:44:56,929 [main] DEBUG org.activiti.engine.impl.persistence.entity.TaskEntity.selectTasksByExecutionId  - ==&gt;  Preparing: select distinct T.* from ACT_RU_TASK T where T.EXECUTION_ID_ = ? 
10:44:56,929 [main] DEBUG org.activiti.engine.impl.persistence.entity.TaskEntity.selectTasksByExecutionId  - ==&gt; Parameters: 1418(String)
10:44:56,929 [main] DEBUG org.activiti.engine.impl.persistence.entity.TaskEntity.selectTasksByExecutionId  - &lt;==      Total: 0
10:44:56,929 [main] DEBUG org.activiti.engine.impl.history.DefaultHistoryManager  - Current history level: FULL, level required: AUDIT
10:44:56,929 [main] DEBUG org.activiti.engine.impl.history.DefaultHistoryManager  - Current history level: FULL, level required: AUDIT
10:44:56,929 [main] DEBUG org.activiti.engine.impl.interceptor.LogInterceptor  - 

10:44:56,929 [main] DEBUG org.activiti.engine.impl.interceptor.LogInterceptor  - --- starting  --------------------------------------------------------
10:44:56,929 [main] DEBUG org.activiti.engine.impl.interceptor.CommandContextInterceptor  - Valid context found. Reusing it for the current command &apos;null&apos;
10:44:56,929 [main] DEBUG org.activiti.engine.impl.persistence.entity.ProcessDefinitionInfoEntity.selectProcessDefinitionInfoByProcessDefinitionId  - ==&gt;  Preparing: select * from ACT_PROCDEF_INFO where PROC_DEF_ID_ = ? 
10:44:56,929 [main] DEBUG org.activiti.engine.impl.persistence.entity.ProcessDefinitionInfoEntity.selectProcessDefinitionInfoByProcessDefinitionId  - ==&gt; Parameters: timerOnTask:1:1415(String)
10:44:56,929 [main] DEBUG org.activiti.engine.impl.persistence.entity.ProcessDefinitionInfoEntity.selectProcessDefinitionInfoByProcessDefinitionId  - &lt;==      Total: 0
10:44:56,929 [main] DEBUG org.activiti.engine.impl.interceptor.LogInterceptor  - ---  finished --------------------------------------------------------
10:44:56,929 [main] DEBUG org.activiti.engine.impl.interceptor.LogInterceptor  - 

10:44:56,929 [main] DEBUG org.activiti.engine.impl.history.DefaultHistoryManager  - Current history level: FULL, level required: AUDIT
10:44:56,929 [main] DEBUG org.activiti.engine.impl.history.DefaultHistoryManager  - Current history level: FULL, level required: AUDIT
10:44:56,929 [main] DEBUG org.activiti.engine.impl.history.DefaultHistoryManager  - Current history level: FULL, level required: ACTIVITY
10:44:56,929 [main] DEBUG org.activiti.engine.impl.db.DbSqlSession  -   insert ProcessInstance[1416]
10:44:56,929 [main] DEBUG org.activiti.engine.impl.db.DbSqlSession  -   insert ScopeExecution[1418]
10:44:56,929 [main] DEBUG org.activiti.engine.impl.db.DbSqlSession  -   insert HistoricProcessInstanceEntity[superProcessInstanceId=null]
10:44:56,929 [main] DEBUG org.activiti.engine.impl.db.DbSqlSession  -   insert Task[id=1421, name=First line support]
10:44:56,929 [main] DEBUG org.activiti.engine.impl.db.DbSqlSession  -   insert HistoricTaskInstanceEntity[id=1421, name=First line support]
10:44:56,929 [main] DEBUG org.activiti.engine.impl.db.DbSqlSession  -   insert HistoricActivityInstanceEntity[activityId=theStart, activityName=null]
10:44:56,929 [main] DEBUG org.activiti.engine.impl.db.DbSqlSession  -   insert HistoricActivityInstanceEntity[activityId=firstLineSupport, activityName=First line support]
10:44:56,929 [main] DEBUG org.activiti.engine.impl.db.DbSqlSession  -   insert JobEntity [id=1419]
10:44:56,929 [main] DEBUG org.activiti.engine.impl.db.DbSqlSession  - flush summary: 8 insert, 0 update, 0 delete.
10:44:56,929 [main] DEBUG org.activiti.engine.impl.db.DbSqlSession  - now executing flush...
10:44:56,929 [main] DEBUG org.activiti.engine.impl.db.DbSqlSession  - inserting: HistoricTaskInstanceEntity[id=1421, name=First line support]
10:44:56,929 [main] DEBUG org.activiti.engine.impl.persistence.entity.HistoricTaskInstanceEntity.insertHistoricTaskInstance  - ==&gt;  Preparing: insert into ACT_HI_TASKINST ( ID_, PROC_DEF_ID_, PROC_INST_ID_, EXECUTION_ID_, NAME_, PARENT_TASK_ID_, DESCRIPTION_, OWNER_, ASSIGNEE_, START_TIME_, CLAIM_TIME_, END_TIME_, DURATION_, DELETE_REASON_, TASK_DEF_KEY_, FORM_KEY_, PRIORITY_, DUE_DATE_, CATEGORY_, TENANT_ID_ ) values ( ?, ?, ?, ?, ?, ?, ?, ?, ?, ?, ?, ?, ?, ?, ?, ?, ?, ?, ?, ? ) 
10:44:56,930 [main] DEBUG org.activiti.engine.impl.persistence.entity.HistoricTaskInstanceEntity.insertHistoricTaskInstance  - ==&gt; Parameters: 1421(String), timerOnTask:1:1415(String), 1416(String), 1418(String), First line support(String), null, null, null, null, 2023-03-20 10:44:56.0(Timestamp), null, null, null, null, firstLineSupport(String), null, 50(Integer), null, null, (String)
10:44:56,930 [main] DEBUG org.activiti.engine.impl.persistence.entity.HistoricTaskInstanceEntity.insertHistoricTaskInstance  - &lt;==    Updates: 1
10:44:56,930 [main] DEBUG org.activiti.engine.impl.db.DbSqlSession  - inserting: HistoricProcessInstanceEntity[superProcessInstanceId=null]
10:44:56,930 [main] DEBUG org.activiti.engine.impl.persistence.entity.HistoricProcessInstanceEntity.insertHistoricProcessInstance  - ==&gt;  Preparing: insert into ACT_HI_PROCINST ( ID_, PROC_INST_ID_, BUSINESS_KEY_, PROC_DEF_ID_, START_TIME_, END_TIME_, DURATION_, START_USER_ID_, START_ACT_ID_, END_ACT_ID_, SUPER_PROCESS_INSTANCE_ID_, DELETE_REASON_, TENANT_ID_, NAME_ ) values ( ?, ?, ?, ?, ?, ?, ?, ?, ?, ?, ?, ?, ?, ? ) 
10:44:56,930 [main] DEBUG org.activiti.engine.impl.persistence.entity.HistoricProcessInstanceEntity.insertHistoricProcessInstance  - ==&gt; Parameters: 1416(String), 1416(String), null, timerOnTask:1:1415(String), 2023-03-20 10:44:56.0(Timestamp), null, null, null, theStart(String), null, null, null, (String), null
10:44:56,930 [main] DEBUG org.activiti.engine.impl.persistence.entity.HistoricProcessInstanceEntity.insertHistoricProcessInstance  - &lt;==    Updates: 1
10:44:56,930 [main] DEBUG org.activiti.engine.impl.persistence.entity.HistoricActivityInstanceEntity.bulkInsertHistoricActivityInstance  - ==&gt;  Preparing: insert into ACT_HI_ACTINST ( ID_, PROC_DEF_ID_, PROC_INST_ID_, EXECUTION_ID_, ACT_ID_, TASK_ID_, CALL_PROC_INST_ID_, ACT_NAME_, ACT_TYPE_, ASSIGNEE_, START_TIME_, END_TIME_, DURATION_, TENANT_ID_ ) values (?, ?, ?, ?, ?, ?, ?, ?, ?, ?, ?, ?, ?, ?) , (?, ?, ?, ?, ?, ?, ?, ?, ?, ?, ?, ?, ?, ?) 
10:44:56,930 [main] DEBUG org.activiti.engine.impl.persistence.entity.HistoricActivityInstanceEntity.bulkInsertHistoricActivityInstance  - ==&gt; Parameters: 1417(String), timerOnTask:1:1415(String), 1416(String), 1416(String), theStart(String), null, null, null, startEvent(String), null, 2023-03-20 10:44:56.0(Timestamp), 2023-03-20 10:44:56.0(Timestamp), 0(Long), (String), 1420(String), timerOnTask:1:1415(String), 1416(String), 1418(String), firstLineSupport(String), 1421(String), null, First line support(String), userTask(String), null, 2023-03-20 10:44:56.0(Timestamp), null, null, (String)
10:44:56,930 [main] DEBUG org.activiti.engine.impl.persistence.entity.HistoricActivityInstanceEntity.bulkInsertHistoricActivityInstance  - &lt;==    Updates: 2
10:44:56,930 [main] DEBUG org.activiti.engine.impl.persistence.entity.ExecutionEntity.bulkInsertExecution  - ==&gt;  Preparing: insert into ACT_RU_EXECUTION (ID_, REV_, PROC_INST_ID_, BUSINESS_KEY_, PROC_DEF_ID_, ACT_ID_, IS_ACTIVE_, IS_CONCURRENT_, IS_SCOPE_,IS_EVENT_SCOPE_, PARENT_ID_, SUPER_EXEC_, SUSPENSION_STATE_, CACHED_ENT_STATE_, TENANT_ID_, NAME_) values (?, 1, ?, ?, ?, ?, ?, ?, ?, ?, ?, ?, ?, ?, ?, ?) , (?, 1, ?, ?, ?, ?, ?, ?, ?, ?, ?, ?, ?, ?, ?, ?) 
10:44:56,930 [main] DEBUG org.activiti.engine.impl.persistence.entity.ExecutionEntity.bulkInsertExecution  - ==&gt; Parameters: 1416(String), 1416(String), null, timerOnTask:1:1415(String), null, false(Boolean), false(Boolean), true(Boolean), false(Boolean), null, null, 1(Integer), 2(Integer), (String), null, 1418(String), 1416(String), null, timerOnTask:1:1415(String), firstLineSupport(String), true(Boolean), false(Boolean), true(Boolean), false(Boolean), 1416(String), null, 1(Integer), 6(Integer), (String), null
10:44:56,931 [main] DEBUG org.activiti.engine.impl.persistence.entity.ExecutionEntity.bulkInsertExecution  - &lt;==    Updates: 2
10:44:56,931 [main] DEBUG org.activiti.engine.impl.db.DbSqlSession  - inserting: Task[id=1421, name=First line support]
10:44:56,931 [main] DEBUG org.activiti.engine.impl.persistence.entity.TaskEntity.insertTask  - ==&gt;  Preparing: insert into ACT_RU_TASK (ID_, REV_, NAME_, PARENT_TASK_ID_, DESCRIPTION_, PRIORITY_, CREATE_TIME_, OWNER_, ASSIGNEE_, DELEGATION_, EXECUTION_ID_, PROC_INST_ID_, PROC_DEF_ID_, TASK_DEF_KEY_, DUE_DATE_, CATEGORY_, SUSPENSION_STATE_, TENANT_ID_, FORM_KEY_) values (?, 1, ?, ?, ?, ?, ?, ?, ?, ?, ?, ?, ?, ?, ?, ?, ?, ?, ? ) 
10:44:56,931 [main] DEBUG org.activiti.engine.impl.persistence.entity.TaskEntity.insertTask  - ==&gt; Parameters: 1421(String), First line support(String), null, null, 50(Integer), 2023-03-20 10:44:56.0(Timestamp), null, null, null, 1418(String), 1416(String), timerOnTask:1:1415(String), firstLineSupport(String), null, null, 1(Integer), (String), null
10:44:56,931 [main] DEBUG org.activiti.engine.impl.persistence.entity.TaskEntity.insertTask  - &lt;==    Updates: 1
10:44:56,931 [main] DEBUG org.activiti.engine.impl.db.DbSqlSession  - inserting: JobEntity [id=1419]
10:44:56,931 [main] DEBUG org.activiti.engine.impl.persistence.entity.JobEntity.insertTimer  - ==&gt;  Preparing: insert into ACT_RU_JOB ( ID_, REV_, TYPE_, LOCK_OWNER_, LOCK_EXP_TIME_, EXCLUSIVE_, EXECUTION_ID_, PROCESS_INSTANCE_ID_, PROC_DEF_ID_, RETRIES_, EXCEPTION_STACK_ID_, EXCEPTION_MSG_, DUEDATE_, REPEAT_, HANDLER_TYPE_, HANDLER_CFG_, TENANT_ID_) values (?, 1, &apos;timer&apos;, ?, ?, ?, ?, ?, ?, ?, ?, ?, ?, ?, ?, ?, ? ) 
10:44:56,931 [main] DEBUG org.activiti.engine.impl.persistence.entity.JobEntity.insertTimer  - ==&gt; Parameters: 1419(String), null, null, true(Boolean), 1418(String), 1416(String), timerOnTask:1:1415(String), 3(Integer), null, null, 2023-03-20 11:44:56.0(Timestamp), null, timer-transition(String), {&quot;activityId&quot;:&quot;escalationTimer&quot;}(String), (String)
10:44:56,931 [main] DEBUG org.activiti.engine.impl.persistence.entity.JobEntity.insertTimer  - &lt;==    Updates: 1
10:44:56,931 [main] DEBUG org.activiti.engine.impl.cfg.standalone.StandaloneMybatisTransactionContext  - firing event committing...
10:44:56,931 [main] DEBUG org.activiti.engine.impl.cfg.standalone.StandaloneMybatisTransactionContext  - committing the ibatis sql session...
10:44:56,931 [main] DEBUG org.apache.ibatis.transaction.jdbc.JdbcTransaction  - Committing JDBC Connection [conn4: url=jdbc:h2:mem:activiti user=SA]
10:44:56,931 [main] DEBUG org.activiti.engine.impl.cfg.standalone.StandaloneMybatisTransactionContext  - firing event committed...
10:44:56,931 [main] DEBUG org.apache.ibatis.transaction.jdbc.JdbcTransaction  - Resetting autocommit to true on JDBC Connection [conn4: url=jdbc:h2:mem:activiti user=SA]
10:44:56,931 [main] DEBUG org.apache.ibatis.transaction.jdbc.JdbcTransaction  - Closing JDBC Connection [conn4: url=jdbc:h2:mem:activiti user=SA]
10:44:56,931 [main] DEBUG org.apache.ibatis.datasource.pooled.PooledDataSource  - Returned connection 297240765 to pool.
10:44:56,931 [main] DEBUG org.activiti.engine.impl.interceptor.LogInterceptor  - --- StartProcessInstanceCmd finished --------------------------------------------------------
10:44:56,931 [main] DEBUG org.activiti.engine.impl.interceptor.LogInterceptor  - 

10:44:56,931 [main] DEBUG org.activiti.engine.impl.interceptor.LogInterceptor  - 

10:44:56,931 [main] DEBUG org.activiti.engine.impl.interceptor.LogInterceptor  - --- starting StartProcessInstanceCmd --------------------------------------------------------
10:44:56,931 [main] DEBUG org.apache.ibatis.transaction.jdbc.JdbcTransaction  - Opening JDBC Connection
10:44:56,931 [main] DEBUG org.apache.ibatis.datasource.pooled.PooledDataSource  - Checked out connection 363509958 from pool.
10:44:56,931 [main] DEBUG org.apache.ibatis.transaction.jdbc.JdbcTransaction  - Setting autocommit to false on JDBC Connection [conn2: url=jdbc:h2:mem:activiti user=SA]
10:44:56,931 [main] DEBUG org.activiti.engine.impl.persistence.entity.ProcessDefinitionEntity.selectLatestProcessDefinitionByKey  - ==&gt;  Preparing: select * from ACT_RE_PROCDEF where KEY_ = ? and (TENANT_ID_ = &apos;&apos; or TENANT_ID_ is null) and VERSION_ = (select max(VERSION_) from ACT_RE_PROCDEF where KEY_ = ? and (TENANT_ID_ = &apos;&apos; or TENANT_ID_ is null)) 
10:44:56,931 [main] DEBUG org.activiti.engine.impl.persistence.entity.ProcessDefinitionEntity.selectLatestProcessDefinitionByKey  - ==&gt; Parameters: timerOnTask(String), timerOnTask(String)
10:44:56,931 [main] DEBUG org.activiti.engine.impl.persistence.entity.ProcessDefinitionEntity.selectLatestProcessDefinitionByKey  - &lt;==      Total: 1
10:44:56,931 [main] DEBUG org.activiti.engine.impl.persistence.entity.ExecutionEntity  - initializing ProcessInstance[1422]
10:44:56,931 [main] DEBUG org.activiti.engine.impl.history.DefaultHistoryManager  - Current history level: FULL, level required: ACTIVITY
10:44:56,931 [main] DEBUG org.activiti.engine.impl.pvm.runtime.AtomicOperationActivityExecute  - ProcessInstance[1422] executes Activity(theStart): org.activiti.engine.impl.bpmn.behavior.NoneStartEventActivityBehavior
10:44:56,932 [main] DEBUG org.activiti.engine.impl.persistence.entity.JobEntity.selectJobsByExecutionId  - ==&gt;  Preparing: select * from ACT_RU_JOB J where J.EXECUTION_ID_ = ? 
10:44:56,932 [main] DEBUG org.activiti.engine.impl.persistence.entity.JobEntity.selectJobsByExecutionId  - ==&gt; Parameters: 1422(String)
10:44:56,932 [main] DEBUG org.activiti.engine.impl.persistence.entity.JobEntity.selectJobsByExecutionId  - &lt;==      Total: 0
10:44:56,932 [main] DEBUG org.activiti.engine.impl.bpmn.behavior.BpmnActivityBehavior  - Leaving activity &apos;theStart&apos;
10:44:56,932 [main] DEBUG org.activiti.engine.impl.history.DefaultHistoryManager  - Current history level: FULL, level required: ACTIVITY
10:44:56,932 [main] DEBUG org.activiti.engine.impl.pvm.runtime.AtomicOperationTransitionNotifyListenerTake  - ProcessInstance[1422] takes transition (theStart)--flow1--&gt;(firstLineSupport)
10:44:56,932 [main] DEBUG org.activiti.engine.impl.persistence.entity.ExecutionEntity  - Child execution ScopeExecution[1424] created with parent 
10:44:56,932 [main] DEBUG org.activiti.engine.impl.pvm.runtime.AtomicOperationTransitionCreateScope  - create scope: parent ProcessInstance[1422] continues as execution ScopeExecution[1424]
10:44:56,932 [main] DEBUG org.activiti.engine.impl.persistence.entity.ExecutionEntity  - initializing ScopeExecution[1424]
10:44:56,932 [main] DEBUG org.activiti.engine.impl.persistence.entity.JobEntity.selectJobsByExecutionId  - ==&gt;  Preparing: select * from ACT_RU_JOB J where J.EXECUTION_ID_ = ? 
10:44:56,932 [main] DEBUG org.activiti.engine.impl.persistence.entity.JobEntity.selectJobsByExecutionId  - ==&gt; Parameters: 1424(String)
10:44:56,932 [main] DEBUG org.activiti.engine.impl.persistence.entity.JobEntity.selectJobsByExecutionId  - &lt;==      Total: 0
10:44:56,932 [main] DEBUG org.activiti.engine.impl.history.DefaultHistoryManager  - Current history level: FULL, level required: ACTIVITY
10:44:56,932 [main] DEBUG org.activiti.engine.impl.pvm.runtime.AtomicOperationActivityExecute  - ScopeExecution[1424] executes Activity(firstLineSupport): org.activiti.engine.impl.bpmn.behavior.UserTaskActivityBehavior
10:44:56,932 [main] DEBUG org.activiti.engine.impl.persistence.entity.TaskEntity.selectTasksByExecutionId  - ==&gt;  Preparing: select distinct T.* from ACT_RU_TASK T where T.EXECUTION_ID_ = ? 
10:44:56,932 [main] DEBUG org.activiti.engine.impl.persistence.entity.TaskEntity.selectTasksByExecutionId  - ==&gt; Parameters: 1424(String)
10:44:56,932 [main] DEBUG org.activiti.engine.impl.persistence.entity.TaskEntity.selectTasksByExecutionId  - &lt;==      Total: 0
10:44:56,932 [main] DEBUG org.activiti.engine.impl.history.DefaultHistoryManager  - Current history level: FULL, level required: AUDIT
10:44:56,932 [main] DEBUG org.activiti.engine.impl.history.DefaultHistoryManager  - Current history level: FULL, level required: AUDIT
10:44:56,932 [main] DEBUG org.activiti.engine.impl.interceptor.LogInterceptor  - 

10:44:56,932 [main] DEBUG org.activiti.engine.impl.interceptor.LogInterceptor  - --- starting  --------------------------------------------------------
10:44:56,932 [main] DEBUG org.activiti.engine.impl.interceptor.CommandContextInterceptor  - Valid context found. Reusing it for the current command &apos;null&apos;
10:44:56,932 [main] DEBUG org.activiti.engine.impl.persistence.entity.ProcessDefinitionInfoEntity.selectProcessDefinitionInfoByProcessDefinitionId  - ==&gt;  Preparing: select * from ACT_PROCDEF_INFO where PROC_DEF_ID_ = ? 
10:44:56,932 [main] DEBUG org.activiti.engine.impl.persistence.entity.ProcessDefinitionInfoEntity.selectProcessDefinitionInfoByProcessDefinitionId  - ==&gt; Parameters: timerOnTask:1:1415(String)
10:44:56,932 [main] DEBUG org.activiti.engine.impl.persistence.entity.ProcessDefinitionInfoEntity.selectProcessDefinitionInfoByProcessDefinitionId  - &lt;==      Total: 0
10:44:56,932 [main] DEBUG org.activiti.engine.impl.interceptor.LogInterceptor  - ---  finished --------------------------------------------------------
10:44:56,932 [main] DEBUG org.activiti.engine.impl.interceptor.LogInterceptor  - 

10:44:56,932 [main] DEBUG org.activiti.engine.impl.history.DefaultHistoryManager  - Current history level: FULL, level required: AUDIT
10:44:56,932 [main] DEBUG org.activiti.engine.impl.history.DefaultHistoryManager  - Current history level: FULL, level required: AUDIT
10:44:56,932 [main] DEBUG org.activiti.engine.impl.history.DefaultHistoryManager  - Current history level: FULL, level required: ACTIVITY
10:44:56,932 [main] DEBUG org.activiti.engine.impl.db.DbSqlSession  -   insert ProcessInstance[1422]
10:44:56,932 [main] DEBUG org.activiti.engine.impl.db.DbSqlSession  -   insert ScopeExecution[1424]
10:44:56,932 [main] DEBUG org.activiti.engine.impl.db.DbSqlSession  -   insert HistoricProcessInstanceEntity[superProcessInstanceId=null]
10:44:56,932 [main] DEBUG org.activiti.engine.impl.db.DbSqlSession  -   insert Task[id=1427, name=First line support]
10:44:56,933 [main] DEBUG org.activiti.engine.impl.db.DbSqlSession  -   insert HistoricTaskInstanceEntity[id=1427, name=First line support]
10:44:56,933 [main] DEBUG org.activiti.engine.impl.db.DbSqlSession  -   insert HistoricActivityInstanceEntity[activityId=theStart, activityName=null]
10:44:56,933 [main] DEBUG org.activiti.engine.impl.db.DbSqlSession  -   insert HistoricActivityInstanceEntity[activityId=firstLineSupport, activityName=First line support]
10:44:56,933 [main] DEBUG org.activiti.engine.impl.db.DbSqlSession  -   insert JobEntity [id=1425]
10:44:56,933 [main] DEBUG org.activiti.engine.impl.db.DbSqlSession  - flush summary: 8 insert, 0 update, 0 delete.
10:44:56,933 [main] DEBUG org.activiti.engine.impl.db.DbSqlSession  - now executing flush...
10:44:56,933 [main] DEBUG org.activiti.engine.impl.db.DbSqlSession  - inserting: HistoricTaskInstanceEntity[id=1427, name=First line support]
10:44:56,933 [main] DEBUG org.activiti.engine.impl.persistence.entity.HistoricTaskInstanceEntity.insertHistoricTaskInstance  - ==&gt;  Preparing: insert into ACT_HI_TASKINST ( ID_, PROC_DEF_ID_, PROC_INST_ID_, EXECUTION_ID_, NAME_, PARENT_TASK_ID_, DESCRIPTION_, OWNER_, ASSIGNEE_, START_TIME_, CLAIM_TIME_, END_TIME_, DURATION_, DELETE_REASON_, TASK_DEF_KEY_, FORM_KEY_, PRIORITY_, DUE_DATE_, CATEGORY_, TENANT_ID_ ) values ( ?, ?, ?, ?, ?, ?, ?, ?, ?, ?, ?, ?, ?, ?, ?, ?, ?, ?, ?, ? ) 
10:44:56,933 [main] DEBUG org.activiti.engine.impl.persistence.entity.HistoricTaskInstanceEntity.insertHistoricTaskInstance  - ==&gt; Parameters: 1427(String), timerOnTask:1:1415(String), 1422(String), 1424(String), First line support(String), null, null, null, null, 2023-03-20 11:44:56.0(Timestamp), null, null, null, null, firstLineSupport(String), null, 50(Integer), null, null, (String)
10:44:56,933 [main] DEBUG org.activiti.engine.impl.persistence.entity.HistoricTaskInstanceEntity.insertHistoricTaskInstance  - &lt;==    Updates: 1
10:44:56,933 [main] DEBUG org.activiti.engine.impl.db.DbSqlSession  - inserting: HistoricProcessInstanceEntity[superProcessInstanceId=null]
10:44:56,933 [main] DEBUG org.activiti.engine.impl.persistence.entity.HistoricProcessInstanceEntity.insertHistoricProcessInstance  - ==&gt;  Preparing: insert into ACT_HI_PROCINST ( ID_, PROC_INST_ID_, BUSINESS_KEY_, PROC_DEF_ID_, START_TIME_, END_TIME_, DURATION_, START_USER_ID_, START_ACT_ID_, END_ACT_ID_, SUPER_PROCESS_INSTANCE_ID_, DELETE_REASON_, TENANT_ID_, NAME_ ) values ( ?, ?, ?, ?, ?, ?, ?, ?, ?, ?, ?, ?, ?, ? ) 
10:44:56,933 [main] DEBUG org.activiti.engine.impl.persistence.entity.HistoricProcessInstanceEntity.insertHistoricProcessInstance  - ==&gt; Parameters: 1422(String), 1422(String), null, timerOnTask:1:1415(String), 2023-03-20 11:44:56.0(Timestamp), null, null, null, theStart(String), null, null, null, (String), null
10:44:56,933 [main] DEBUG org.activiti.engine.impl.persistence.entity.HistoricProcessInstanceEntity.insertHistoricProcessInstance  - &lt;==    Updates: 1
10:44:56,933 [main] DEBUG org.activiti.engine.impl.persistence.entity.HistoricActivityInstanceEntity.bulkInsertHistoricActivityInstance  - ==&gt;  Preparing: insert into ACT_HI_ACTINST ( ID_, PROC_DEF_ID_, PROC_INST_ID_, EXECUTION_ID_, ACT_ID_, TASK_ID_, CALL_PROC_INST_ID_, ACT_NAME_, ACT_TYPE_, ASSIGNEE_, START_TIME_, END_TIME_, DURATION_, TENANT_ID_ ) values (?, ?, ?, ?, ?, ?, ?, ?, ?, ?, ?, ?, ?, ?) , (?, ?, ?, ?, ?, ?, ?, ?, ?, ?, ?, ?, ?, ?) 
10:44:56,933 [main] DEBUG org.activiti.engine.impl.persistence.entity.HistoricActivityInstanceEntity.bulkInsertHistoricActivityInstance  - ==&gt; Parameters: 1423(String), timerOnTask:1:1415(String), 1422(String), 1422(String), theStart(String), null, null, null, startEvent(String), null, 2023-03-20 11:44:56.0(Timestamp), 2023-03-20 11:44:56.0(Timestamp), 0(Long), (String), 1426(String), timerOnTask:1:1415(String), 1422(String), 1424(String), firstLineSupport(String), 1427(String), null, First line support(String), userTask(String), null, 2023-03-20 11:44:56.0(Timestamp), null, null, (String)
10:44:56,933 [main] DEBUG org.activiti.engine.impl.persistence.entity.HistoricActivityInstanceEntity.bulkInsertHistoricActivityInstance  - &lt;==    Updates: 2
10:44:56,933 [main] DEBUG org.activiti.engine.impl.persistence.entity.ExecutionEntity.bulkInsertExecution  - ==&gt;  Preparing: insert into ACT_RU_EXECUTION (ID_, REV_, PROC_INST_ID_, BUSINESS_KEY_, PROC_DEF_ID_, ACT_ID_, IS_ACTIVE_, IS_CONCURRENT_, IS_SCOPE_,IS_EVENT_SCOPE_, PARENT_ID_, SUPER_EXEC_, SUSPENSION_STATE_, CACHED_ENT_STATE_, TENANT_ID_, NAME_) values (?, 1, ?, ?, ?, ?, ?, ?, ?, ?, ?, ?, ?, ?, ?, ?) , (?, 1, ?, ?, ?, ?, ?, ?, ?, ?, ?, ?, ?, ?, ?, ?) 
10:44:56,934 [main] DEBUG org.activiti.engine.impl.persistence.entity.ExecutionEntity.bulkInsertExecution  - ==&gt; Parameters: 1422(String), 1422(String), null, timerOnTask:1:1415(String), null, false(Boolean), false(Boolean), true(Boolean), false(Boolean), null, null, 1(Integer), 2(Integer), (String), null, 1424(String), 1422(String), null, timerOnTask:1:1415(String), firstLineSupport(String), true(Boolean), false(Boolean), true(Boolean), false(Boolean), 1422(String), null, 1(Integer), 6(Integer), (String), null
10:44:56,934 [main] DEBUG org.activiti.engine.impl.persistence.entity.ExecutionEntity.bulkInsertExecution  - &lt;==    Updates: 2
10:44:56,934 [main] DEBUG org.activiti.engine.impl.db.DbSqlSession  - inserting: Task[id=1427, name=First line support]
10:44:56,934 [main] DEBUG org.activiti.engine.impl.persistence.entity.TaskEntity.insertTask  - ==&gt;  Preparing: insert into ACT_RU_TASK (ID_, REV_, NAME_, PARENT_TASK_ID_, DESCRIPTION_, PRIORITY_, CREATE_TIME_, OWNER_, ASSIGNEE_, DELEGATION_, EXECUTION_ID_, PROC_INST_ID_, PROC_DEF_ID_, TASK_DEF_KEY_, DUE_DATE_, CATEGORY_, SUSPENSION_STATE_, TENANT_ID_, FORM_KEY_) values (?, 1, ?, ?, ?, ?, ?, ?, ?, ?, ?, ?, ?, ?, ?, ?, ?, ?, ? ) 
10:44:56,934 [main] DEBUG org.activiti.engine.impl.persistence.entity.TaskEntity.insertTask  - ==&gt; Parameters: 1427(String), First line support(String), null, null, 50(Integer), 2023-03-20 11:44:56.0(Timestamp), null, null, null, 1424(String), 1422(String), timerOnTask:1:1415(String), firstLineSupport(String), null, null, 1(Integer), (String), null
10:44:56,934 [main] DEBUG org.activiti.engine.impl.persistence.entity.TaskEntity.insertTask  - &lt;==    Updates: 1
10:44:56,934 [main] DEBUG org.activiti.engine.impl.db.DbSqlSession  - inserting: JobEntity [id=1425]
10:44:56,934 [main] DEBUG org.activiti.engine.impl.persistence.entity.JobEntity.insertTimer  - ==&gt;  Preparing: insert into ACT_RU_JOB ( ID_, REV_, TYPE_, LOCK_OWNER_, LOCK_EXP_TIME_, EXCLUSIVE_, EXECUTION_ID_, PROCESS_INSTANCE_ID_, PROC_DEF_ID_, RETRIES_, EXCEPTION_STACK_ID_, EXCEPTION_MSG_, DUEDATE_, REPEAT_, HANDLER_TYPE_, HANDLER_CFG_, TENANT_ID_) values (?, 1, &apos;timer&apos;, ?, ?, ?, ?, ?, ?, ?, ?, ?, ?, ?, ?, ?, ? ) 
10:44:56,934 [main] DEBUG org.activiti.engine.impl.persistence.entity.JobEntity.insertTimer  - ==&gt; Parameters: 1425(String), null, null, true(Boolean), 1424(String), 1422(String), timerOnTask:1:1415(String), 3(Integer), null, null, 2023-03-20 12:44:56.0(Timestamp), null, timer-transition(String), {&quot;activityId&quot;:&quot;escalationTimer&quot;}(String), (String)
10:44:56,934 [main] DEBUG org.activiti.engine.impl.persistence.entity.JobEntity.insertTimer  - &lt;==    Updates: 1
10:44:56,934 [main] DEBUG org.activiti.engine.impl.cfg.standalone.StandaloneMybatisTransactionContext  - firing event committing...
10:44:56,934 [main] DEBUG org.activiti.engine.impl.cfg.standalone.StandaloneMybatisTransactionContext  - committing the ibatis sql session...
10:44:56,934 [main] DEBUG org.apache.ibatis.transaction.jdbc.JdbcTransaction  - Committing JDBC Connection [conn2: url=jdbc:h2:mem:activiti user=SA]
10:44:56,934 [main] DEBUG org.activiti.engine.impl.cfg.standalone.StandaloneMybatisTransactionContext  - firing event committed...
10:44:56,934 [main] DEBUG org.apache.ibatis.transaction.jdbc.JdbcTransaction  - Resetting autocommit to true on JDBC Connection [conn2: url=jdbc:h2:mem:activiti user=SA]
10:44:56,934 [main] DEBUG org.apache.ibatis.transaction.jdbc.JdbcTransaction  - Closing JDBC Connection [conn2: url=jdbc:h2:mem:activiti user=SA]
10:44:56,934 [main] DEBUG org.apache.ibatis.datasource.pooled.PooledDataSource  - Returned connection 363509958 to pool.
10:44:56,934 [main] DEBUG org.activiti.engine.impl.interceptor.LogInterceptor  - --- StartProcessInstanceCmd finished --------------------------------------------------------
10:44:56,934 [main] DEBUG org.activiti.engine.impl.interceptor.LogInterceptor  - 

10:44:56,934 [main] DEBUG org.activiti.engine.impl.interceptor.LogInterceptor  - 

10:44:56,934 [main] DEBUG org.activiti.engine.impl.interceptor.LogInterceptor  - --- starting StartProcessInstanceCmd --------------------------------------------------------
10:44:56,934 [main] DEBUG org.apache.ibatis.transaction.jdbc.JdbcTransaction  - Opening JDBC Connection
10:44:56,934 [main] DEBUG org.apache.ibatis.datasource.pooled.PooledDataSource  - Checked out connection 180014677 from pool.
10:44:56,934 [main] DEBUG org.apache.ibatis.transaction.jdbc.JdbcTransaction  - Setting autocommit to false on JDBC Connection [conn3: url=jdbc:h2:mem:activiti user=SA]
10:44:56,934 [main] DEBUG org.activiti.engine.impl.persistence.entity.ProcessDefinitionEntity.selectLatestProcessDefinitionByKey  - ==&gt;  Preparing: select * from ACT_RE_PROCDEF where KEY_ = ? and (TENANT_ID_ = &apos;&apos; or TENANT_ID_ is null) and VERSION_ = (select max(VERSION_) from ACT_RE_PROCDEF where KEY_ = ? and (TENANT_ID_ = &apos;&apos; or TENANT_ID_ is null)) 
10:44:56,934 [main] DEBUG org.activiti.engine.impl.persistence.entity.ProcessDefinitionEntity.selectLatestProcessDefinitionByKey  - ==&gt; Parameters: timerOnTask(String), timerOnTask(String)
10:44:56,934 [main] DEBUG org.activiti.engine.impl.persistence.entity.ProcessDefinitionEntity.selectLatestProcessDefinitionByKey  - &lt;==      Total: 1
10:44:56,934 [main] DEBUG org.activiti.engine.impl.persistence.entity.ExecutionEntity  - initializing ProcessInstance[1428]
10:44:56,935 [main] DEBUG org.activiti.engine.impl.history.DefaultHistoryManager  - Current history level: FULL, level required: ACTIVITY
10:44:56,935 [main] DEBUG org.activiti.engine.impl.pvm.runtime.AtomicOperationActivityExecute  - ProcessInstance[1428] executes Activity(theStart): org.activiti.engine.impl.bpmn.behavior.NoneStartEventActivityBehavior
10:44:56,935 [main] DEBUG org.activiti.engine.impl.persistence.entity.JobEntity.selectJobsByExecutionId  - ==&gt;  Preparing: select * from ACT_RU_JOB J where J.EXECUTION_ID_ = ? 
10:44:56,935 [main] DEBUG org.activiti.engine.impl.persistence.entity.JobEntity.selectJobsByExecutionId  - ==&gt; Parameters: 1428(String)
10:44:56,935 [main] DEBUG org.activiti.engine.impl.persistence.entity.JobEntity.selectJobsByExecutionId  - &lt;==      Total: 0
10:44:56,935 [main] DEBUG org.activiti.engine.impl.bpmn.behavior.BpmnActivityBehavior  - Leaving activity &apos;theStart&apos;
10:44:56,935 [main] DEBUG org.activiti.engine.impl.history.DefaultHistoryManager  - Current history level: FULL, level required: ACTIVITY
10:44:56,935 [main] DEBUG org.activiti.engine.impl.pvm.runtime.AtomicOperationTransitionNotifyListenerTake  - ProcessInstance[1428] takes transition (theStart)--flow1--&gt;(firstLineSupport)
10:44:56,935 [main] DEBUG org.activiti.engine.impl.persistence.entity.ExecutionEntity  - Child execution ScopeExecution[1430] created with parent 
10:44:56,935 [main] DEBUG org.activiti.engine.impl.pvm.runtime.AtomicOperationTransitionCreateScope  - create scope: parent ProcessInstance[1428] continues as execution ScopeExecution[1430]
10:44:56,935 [main] DEBUG org.activiti.engine.impl.persistence.entity.ExecutionEntity  - initializing ScopeExecution[1430]
10:44:56,935 [main] DEBUG org.activiti.engine.impl.persistence.entity.JobEntity.selectJobsByExecutionId  - ==&gt;  Preparing: select * from ACT_RU_JOB J where J.EXECUTION_ID_ = ? 
10:44:56,935 [main] DEBUG org.activiti.engine.impl.persistence.entity.JobEntity.selectJobsByExecutionId  - ==&gt; Parameters: 1430(String)
10:44:56,935 [main] DEBUG org.activiti.engine.impl.persistence.entity.JobEntity.selectJobsByExecutionId  - &lt;==      Total: 0
10:44:56,935 [main] DEBUG org.activiti.engine.impl.history.DefaultHistoryManager  - Current history level: FULL, level required: ACTIVITY
10:44:56,935 [main] DEBUG org.activiti.engine.impl.pvm.runtime.AtomicOperationActivityExecute  - ScopeExecution[1430] executes Activity(firstLineSupport): org.activiti.engine.impl.bpmn.behavior.UserTaskActivityBehavior
10:44:56,935 [main] DEBUG org.activiti.engine.impl.persistence.entity.TaskEntity.selectTasksByExecutionId  - ==&gt;  Preparing: select distinct T.* from ACT_RU_TASK T where T.EXECUTION_ID_ = ? 
10:44:56,936 [main] DEBUG org.activiti.engine.impl.persistence.entity.TaskEntity.selectTasksByExecutionId  - ==&gt; Parameters: 1430(String)
10:44:56,936 [main] DEBUG org.activiti.engine.impl.persistence.entity.TaskEntity.selectTasksByExecutionId  - &lt;==      Total: 0
10:44:56,936 [main] DEBUG org.activiti.engine.impl.history.DefaultHistoryManager  - Current history level: FULL, level required: AUDIT
10:44:56,936 [main] DEBUG org.activiti.engine.impl.history.DefaultHistoryManager  - Current history level: FULL, level required: AUDIT
10:44:56,936 [main] DEBUG org.activiti.engine.impl.interceptor.LogInterceptor  - 

10:44:56,936 [main] DEBUG org.activiti.engine.impl.interceptor.LogInterceptor  - --- starting  --------------------------------------------------------
10:44:56,936 [main] DEBUG org.activiti.engine.impl.interceptor.CommandContextInterceptor  - Valid context found. Reusing it for the current command &apos;null&apos;
10:44:56,936 [main] DEBUG org.activiti.engine.impl.persistence.entity.ProcessDefinitionInfoEntity.selectProcessDefinitionInfoByProcessDefinitionId  - ==&gt;  Preparing: select * from ACT_PROCDEF_INFO where PROC_DEF_ID_ = ? 
10:44:56,936 [main] DEBUG org.activiti.engine.impl.persistence.entity.ProcessDefinitionInfoEntity.selectProcessDefinitionInfoByProcessDefinitionId  - ==&gt; Parameters: timerOnTask:1:1415(String)
10:44:56,936 [main] DEBUG org.activiti.engine.impl.persistence.entity.ProcessDefinitionInfoEntity.selectProcessDefinitionInfoByProcessDefinitionId  - &lt;==      Total: 0
10:44:56,936 [main] DEBUG org.activiti.engine.impl.interceptor.LogInterceptor  - ---  finished --------------------------------------------------------
10:44:56,936 [main] DEBUG org.activiti.engine.impl.interceptor.LogInterceptor  - 

10:44:56,936 [main] DEBUG org.activiti.engine.impl.history.DefaultHistoryManager  - Current history level: FULL, level required: AUDIT
10:44:56,936 [main] DEBUG org.activiti.engine.impl.history.DefaultHistoryManager  - Current history level: FULL, level required: AUDIT
10:44:56,936 [main] DEBUG org.activiti.engine.impl.history.DefaultHistoryManager  - Current history level: FULL, level required: ACTIVITY
10:44:56,936 [main] DEBUG org.activiti.engine.impl.db.DbSqlSession  -   insert ProcessInstance[1428]
10:44:56,936 [main] DEBUG org.activiti.engine.impl.db.DbSqlSession  -   insert ScopeExecution[1430]
10:44:56,936 [main] DEBUG org.activiti.engine.impl.db.DbSqlSession  -   insert HistoricProcessInstanceEntity[superProcessInstanceId=null]
10:44:56,936 [main] DEBUG org.activiti.engine.impl.db.DbSqlSession  -   insert Task[id=1433, name=First line support]
10:44:56,936 [main] DEBUG org.activiti.engine.impl.db.DbSqlSession  -   insert HistoricTaskInstanceEntity[id=1433, name=First line support]
10:44:56,936 [main] DEBUG org.activiti.engine.impl.db.DbSqlSession  -   insert HistoricActivityInstanceEntity[activityId=theStart, activityName=null]
10:44:56,936 [main] DEBUG org.activiti.engine.impl.db.DbSqlSession  -   insert HistoricActivityInstanceEntity[activityId=firstLineSupport, activityName=First line support]
10:44:56,936 [main] DEBUG org.activiti.engine.impl.db.DbSqlSession  -   insert JobEntity [id=1431]
10:44:56,936 [main] DEBUG org.activiti.engine.impl.db.DbSqlSession  - flush summary: 8 insert, 0 update, 0 delete.
10:44:56,936 [main] DEBUG org.activiti.engine.impl.db.DbSqlSession  - now executing flush...
10:44:56,936 [main] DEBUG org.activiti.engine.impl.db.DbSqlSession  - inserting: HistoricTaskInstanceEntity[id=1433, name=First line support]
10:44:56,936 [main] DEBUG org.activiti.engine.impl.persistence.entity.HistoricTaskInstanceEntity.insertHistoricTaskInstance  - ==&gt;  Preparing: insert into ACT_HI_TASKINST ( ID_, PROC_DEF_ID_, PROC_INST_ID_, EXECUTION_ID_, NAME_, PARENT_TASK_ID_, DESCRIPTION_, OWNER_, ASSIGNEE_, START_TIME_, CLAIM_TIME_, END_TIME_, DURATION_, DELETE_REASON_, TASK_DEF_KEY_, FORM_KEY_, PRIORITY_, DUE_DATE_, CATEGORY_, TENANT_ID_ ) values ( ?, ?, ?, ?, ?, ?, ?, ?, ?, ?, ?, ?, ?, ?, ?, ?, ?, ?, ?, ? ) 
10:44:56,936 [main] DEBUG org.activiti.engine.impl.persistence.entity.HistoricTaskInstanceEntity.insertHistoricTaskInstance  - ==&gt; Parameters: 1433(String), timerOnTask:1:1415(String), 1428(String), 1430(String), First line support(String), null, null, null, null, 2023-03-20 12:44:56.0(Timestamp), null, null, null, null, firstLineSupport(String), null, 50(Integer), null, null, (String)
10:44:56,936 [main] DEBUG org.activiti.engine.impl.persistence.entity.HistoricTaskInstanceEntity.insertHistoricTaskInstance  - &lt;==    Updates: 1
10:44:56,936 [main] DEBUG org.activiti.engine.impl.db.DbSqlSession  - inserting: HistoricProcessInstanceEntity[superProcessInstanceId=null]
10:44:56,936 [main] DEBUG org.activiti.engine.impl.persistence.entity.HistoricProcessInstanceEntity.insertHistoricProcessInstance  - ==&gt;  Preparing: insert into ACT_HI_PROCINST ( ID_, PROC_INST_ID_, BUSINESS_KEY_, PROC_DEF_ID_, START_TIME_, END_TIME_, DURATION_, START_USER_ID_, START_ACT_ID_, END_ACT_ID_, SUPER_PROCESS_INSTANCE_ID_, DELETE_REASON_, TENANT_ID_, NAME_ ) values ( ?, ?, ?, ?, ?, ?, ?, ?, ?, ?, ?, ?, ?, ? ) 
10:44:56,936 [main] DEBUG org.activiti.engine.impl.persistence.entity.HistoricProcessInstanceEntity.insertHistoricProcessInstance  - ==&gt; Parameters: 1428(String), 1428(String), null, timerOnTask:1:1415(String), 2023-03-20 12:44:56.0(Timestamp), null, null, null, theStart(String), null, null, null, (String), null
10:44:56,936 [main] DEBUG org.activiti.engine.impl.persistence.entity.HistoricProcessInstanceEntity.insertHistoricProcessInstance  - &lt;==    Updates: 1
10:44:56,936 [main] DEBUG org.activiti.engine.impl.persistence.entity.HistoricActivityInstanceEntity.bulkInsertHistoricActivityInstance  - ==&gt;  Preparing: insert into ACT_HI_ACTINST ( ID_, PROC_DEF_ID_, PROC_INST_ID_, EXECUTION_ID_, ACT_ID_, TASK_ID_, CALL_PROC_INST_ID_, ACT_NAME_, ACT_TYPE_, ASSIGNEE_, START_TIME_, END_TIME_, DURATION_, TENANT_ID_ ) values (?, ?, ?, ?, ?, ?, ?, ?, ?, ?, ?, ?, ?, ?) , (?, ?, ?, ?, ?, ?, ?, ?, ?, ?, ?, ?, ?, ?) 
10:44:56,936 [main] DEBUG org.activiti.engine.impl.persistence.entity.HistoricActivityInstanceEntity.bulkInsertHistoricActivityInstance  - ==&gt; Parameters: 1429(String), timerOnTask:1:1415(String), 1428(String), 1428(String), theStart(String), null, null, null, startEvent(String), null, 2023-03-20 12:44:56.0(Timestamp), 2023-03-20 12:44:56.0(Timestamp), 0(Long), (String), 1432(String), timerOnTask:1:1415(String), 1428(String), 1430(String), firstLineSupport(String), 1433(String), null, First line support(String), userTask(String), null, 2023-03-20 12:44:56.0(Timestamp), null, null, (String)
10:44:56,936 [main] DEBUG org.activiti.engine.impl.persistence.entity.HistoricActivityInstanceEntity.bulkInsertHistoricActivityInstance  - &lt;==    Updates: 2
10:44:56,937 [main] DEBUG org.activiti.engine.impl.persistence.entity.ExecutionEntity.bulkInsertExecution  - ==&gt;  Preparing: insert into ACT_RU_EXECUTION (ID_, REV_, PROC_INST_ID_, BUSINESS_KEY_, PROC_DEF_ID_, ACT_ID_, IS_ACTIVE_, IS_CONCURRENT_, IS_SCOPE_,IS_EVENT_SCOPE_, PARENT_ID_, SUPER_EXEC_, SUSPENSION_STATE_, CACHED_ENT_STATE_, TENANT_ID_, NAME_) values (?, 1, ?, ?, ?, ?, ?, ?, ?, ?, ?, ?, ?, ?, ?, ?) , (?, 1, ?, ?, ?, ?, ?, ?, ?, ?, ?, ?, ?, ?, ?, ?) 
10:44:56,937 [main] DEBUG org.activiti.engine.impl.persistence.entity.ExecutionEntity.bulkInsertExecution  - ==&gt; Parameters: 1428(String), 1428(String), null, timerOnTask:1:1415(String), null, false(Boolean), false(Boolean), true(Boolean), false(Boolean), null, null, 1(Integer), 2(Integer), (String), null, 1430(String), 1428(String), null, timerOnTask:1:1415(String), firstLineSupport(String), true(Boolean), false(Boolean), true(Boolean), false(Boolean), 1428(String), null, 1(Integer), 6(Integer), (String), null
10:44:56,937 [main] DEBUG org.activiti.engine.impl.persistence.entity.ExecutionEntity.bulkInsertExecution  - &lt;==    Updates: 2
10:44:56,937 [main] DEBUG org.activiti.engine.impl.db.DbSqlSession  - inserting: Task[id=1433, name=First line support]
10:44:56,937 [main] DEBUG org.activiti.engine.impl.persistence.entity.TaskEntity.insertTask  - ==&gt;  Preparing: insert into ACT_RU_TASK (ID_, REV_, NAME_, PARENT_TASK_ID_, DESCRIPTION_, PRIORITY_, CREATE_TIME_, OWNER_, ASSIGNEE_, DELEGATION_, EXECUTION_ID_, PROC_INST_ID_, PROC_DEF_ID_, TASK_DEF_KEY_, DUE_DATE_, CATEGORY_, SUSPENSION_STATE_, TENANT_ID_, FORM_KEY_) values (?, 1, ?, ?, ?, ?, ?, ?, ?, ?, ?, ?, ?, ?, ?, ?, ?, ?, ? ) 
10:44:56,937 [main] DEBUG org.activiti.engine.impl.persistence.entity.TaskEntity.insertTask  - ==&gt; Parameters: 1433(String), First line support(String), null, null, 50(Integer), 2023-03-20 12:44:56.0(Timestamp), null, null, null, 1430(String), 1428(String), timerOnTask:1:1415(String), firstLineSupport(String), null, null, 1(Integer), (String), null
10:44:56,937 [main] DEBUG org.activiti.engine.impl.persistence.entity.TaskEntity.insertTask  - &lt;==    Updates: 1
10:44:56,937 [main] DEBUG org.activiti.engine.impl.db.DbSqlSession  - inserting: JobEntity [id=1431]
10:44:56,937 [main] DEBUG org.activiti.engine.impl.persistence.entity.JobEntity.insertTimer  - ==&gt;  Preparing: insert into ACT_RU_JOB ( ID_, REV_, TYPE_, LOCK_OWNER_, LOCK_EXP_TIME_, EXCLUSIVE_, EXECUTION_ID_, PROCESS_INSTANCE_ID_, PROC_DEF_ID_, RETRIES_, EXCEPTION_STACK_ID_, EXCEPTION_MSG_, DUEDATE_, REPEAT_, HANDLER_TYPE_, HANDLER_CFG_, TENANT_ID_) values (?, 1, &apos;timer&apos;, ?, ?, ?, ?, ?, ?, ?, ?, ?, ?, ?, ?, ?, ? ) 
10:44:56,938 [main] DEBUG org.activiti.engine.impl.persistence.entity.JobEntity.insertTimer  - ==&gt; Parameters: 1431(String), null, null, true(Boolean), 1430(String), 1428(String), timerOnTask:1:1415(String), 3(Integer), null, null, 2023-03-20 13:44:56.0(Timestamp), null, timer-transition(String), {&quot;activityId&quot;:&quot;escalationTimer&quot;}(String), (String)
10:44:56,938 [main] DEBUG org.activiti.engine.impl.persistence.entity.JobEntity.insertTimer  - &lt;==    Updates: 1
10:44:56,938 [main] DEBUG org.activiti.engine.impl.cfg.standalone.StandaloneMybatisTransactionContext  - firing event committing...
10:44:56,938 [main] DEBUG org.activiti.engine.impl.cfg.standalone.StandaloneMybatisTransactionContext  - committing the ibatis sql session...
10:44:56,938 [main] DEBUG org.apache.ibatis.transaction.jdbc.JdbcTransaction  - Committing JDBC Connection [conn3: url=jdbc:h2:mem:activiti user=SA]
10:44:56,938 [main] DEBUG org.activiti.engine.impl.cfg.standalone.StandaloneMybatisTransactionContext  - firing event committed...
10:44:56,938 [main] DEBUG org.apache.ibatis.transaction.jdbc.JdbcTransaction  - Resetting autocommit to true on JDBC Connection [conn3: url=jdbc:h2:mem:activiti user=SA]
10:44:56,938 [main] DEBUG org.apache.ibatis.transaction.jdbc.JdbcTransaction  - Closing JDBC Connection [conn3: url=jdbc:h2:mem:activiti user=SA]
10:44:56,938 [main] DEBUG org.apache.ibatis.datasource.pooled.PooledDataSource  - Returned connection 180014677 to pool.
10:44:56,938 [main] DEBUG org.activiti.engine.impl.interceptor.LogInterceptor  - --- StartProcessInstanceCmd finished --------------------------------------------------------
10:44:56,938 [main] DEBUG org.activiti.engine.impl.interceptor.LogInterceptor  - 

10:44:56,938 [main] DEBUG org.activiti.engine.impl.interceptor.LogInterceptor  - 

10:44:56,938 [main] DEBUG org.activiti.engine.impl.interceptor.LogInterceptor  - --- starting  --------------------------------------------------------
10:44:56,938 [main] DEBUG org.activiti.engine.impl.db.DbSqlSession  -   insert JobEntity [id=1434]
10:44:56,938 [main] DEBUG org.activiti.engine.impl.db.DbSqlSession  - flush summary: 1 insert, 0 update, 0 delete.
10:44:56,938 [main] DEBUG org.activiti.engine.impl.db.DbSqlSession  - now executing flush...
10:44:56,938 [main] DEBUG org.activiti.engine.impl.db.DbSqlSession  - inserting: JobEntity [id=1434]
10:44:56,938 [main] DEBUG org.apache.ibatis.transaction.jdbc.JdbcTransaction  - Opening JDBC Connection
10:44:56,938 [main] DEBUG org.apache.ibatis.datasource.pooled.PooledDataSource  - Checked out connection 297240765 from pool.
10:44:56,938 [main] DEBUG org.apache.ibatis.transaction.jdbc.JdbcTransaction  - Setting autocommit to false on JDBC Connection [conn4: url=jdbc:h2:mem:activiti user=SA]
10:44:56,938 [main] DEBUG org.activiti.engine.impl.persistence.entity.JobEntity.insertMessage  - ==&gt;  Preparing: insert into ACT_RU_JOB ( ID_, REV_, TYPE_, LOCK_OWNER_, LOCK_EXP_TIME_, EXCLUSIVE_, EXECUTION_ID_, PROCESS_INSTANCE_ID_, PROC_DEF_ID_, DUEDATE_, RETRIES_, EXCEPTION_STACK_ID_, EXCEPTION_MSG_, HANDLER_TYPE_, HANDLER_CFG_, TENANT_ID_) values (?, 1, &apos;message&apos;, ?, ?, ?, ?, ?, ?, ?, ?, ?, ?, ?, ?, ? ) 
10:44:56,938 [main] DEBUG org.activiti.engine.impl.persistence.entity.JobEntity.insertMessage  - ==&gt; Parameters: 1434(String), null, null, true(Boolean), null, null, null, 2023-03-20 12:49:56.0(Timestamp), 3(Integer), null, null, null, null, (String)
10:44:56,939 [main] DEBUG org.activiti.engine.impl.persistence.entity.JobEntity.insertMessage  - &lt;==    Updates: 1
10:44:56,939 [main] DEBUG org.activiti.engine.impl.cfg.standalone.StandaloneMybatisTransactionContext  - firing event committing...
10:44:56,939 [main] DEBUG org.activiti.engine.impl.cfg.standalone.StandaloneMybatisTransactionContext  - committing the ibatis sql session...
10:44:56,939 [main] DEBUG org.apache.ibatis.transaction.jdbc.JdbcTransaction  - Committing JDBC Connection [conn4: url=jdbc:h2:mem:activiti user=SA]
10:44:56,939 [main] DEBUG org.activiti.engine.impl.cfg.standalone.StandaloneMybatisTransactionContext  - firing event committed...
10:44:56,939 [main] DEBUG org.activiti.engine.impl.jobexecutor.AsyncJobAddedNotification  - notifying job executor of new job
10:44:56,939 [main] DEBUG org.apache.ibatis.transaction.jdbc.JdbcTransaction  - Resetting autocommit to true on JDBC Connection [conn4: url=jdbc:h2:mem:activiti user=SA]
10:44:56,939 [main] DEBUG org.apache.ibatis.transaction.jdbc.JdbcTransaction  - Closing JDBC Connection [conn4: url=jdbc:h2:mem:activiti user=SA]
10:44:56,939 [main] DEBUG org.apache.ibatis.datasource.pooled.PooledDataSource  - Returned connection 297240765 to pool.
10:44:56,939 [main] DEBUG org.activiti.engine.impl.interceptor.LogInterceptor  - ---  finished --------------------------------------------------------
10:44:56,939 [main] DEBUG org.activiti.engine.impl.interceptor.LogInterceptor  - 

10:44:56,939 [main] DEBUG org.activiti.engine.impl.test.PvmTestCase  - 

10:44:56,939 [main] DEBUG org.activiti.engine.impl.test.PvmTestCase  - #### START JobQueryTest.testQueryByInvalidExecutionId ###########################################################
10:44:56,939 [main] DEBUG org.activiti.engine.impl.interceptor.LogInterceptor  - 

10:44:56,939 [main] DEBUG org.activiti.engine.impl.interceptor.LogInterceptor  - --- starting JobQueryImpl --------------------------------------------------------
10:44:56,939 [main] DEBUG org.apache.ibatis.transaction.jdbc.JdbcTransaction  - Opening JDBC Connection
10:44:56,939 [main] DEBUG org.apache.ibatis.datasource.pooled.PooledDataSource  - Checked out connection 363509958 from pool.
10:44:56,939 [main] DEBUG org.apache.ibatis.transaction.jdbc.JdbcTransaction  - Setting autocommit to false on JDBC Connection [conn2: url=jdbc:h2:mem:activiti user=SA]
10:44:56,939 [main] DEBUG org.activiti.engine.impl.persistence.entity.JobEntity.selectJobByQueryCriteria  - ==&gt;  Preparing: select RES.* from ACT_RU_JOB RES WHERE RES.EXECUTION_ID_ = ? order by order by RES.ID_ asc LIMIT ? OFFSET ? 
10:44:56,939 [main] DEBUG org.activiti.engine.impl.interceptor.CommandContext  - Error while closing command context
org.apache.ibatis.exceptions.PersistenceException: 
### Error querying database.  Cause: org.h2.jdbc.JdbcSQLException: Syntax error in SQL statement &quot;SELECT RES.* 
     
    FROM ACT_RU_JOB RES
     
     WHERE  RES.EXECUTION_ID_ = ? 
   
     ORDER BY  ORDER[*] BY RES.ID_ ASC  
    LIMIT ? OFFSET ? &quot;; expected &quot;=, NOT, EXISTS, INTERSECTS, SELECT, FROM&quot;; SQL statement:
select RES.* 
     
    from ACT_RU_JOB RES
     
     WHERE  RES.EXECUTION_ID_ = ? 
   
     order by  order by RES.ID_ asc  
    LIMIT ? OFFSET ? [42001-176]
### The error may exist in org/activiti/db/mapping/entity/Job.xml
### The error may involve org.activiti.engine.impl.persistence.entity.JobEntity.selectJobByQueryCriteria
### The error occurred while executing a query
### SQL: select RES.*            from ACT_RU_JOB RES            WHERE  RES.EXECUTION_ID_ = ?           order by  order by RES.ID_ asc       LIMIT ? OFFSET ?
### Cause: org.h2.jdbc.JdbcSQLException: Syntax error in SQL statement &quot;SELECT RES.* 
     
    FROM ACT_RU_JOB RES
     
     WHERE  RES.EXECUTION_ID_ = ? 
   
     ORDER BY  ORDER[*] BY RES.ID_ ASC  
    LIMIT ? OFFSET ? &quot;; expected &quot;=, NOT, EXISTS, INTERSECTS, SELECT, FROM&quot;; SQL statement:
select RES.* 
     
    from ACT_RU_JOB RES
     
     WHERE  RES.EXECUTION_ID_ = ? 
   
     order by  order by RES.ID_ asc  
    LIMIT ? OFFSET ? [42001-176]
	at org.apache.ibatis.exceptions.ExceptionFactory.wrapException(ExceptionFactory.java:30)
	at org.apache.ibatis.session.defaults.DefaultSqlSession.selectList(DefaultSqlSession.java:122)
	at org.apache.ibatis.session.defaults.DefaultSqlSession.selectList(DefaultSqlSession.java:113)
	at org.activiti.engine.impl.db.DbSqlSession.selectListWithRawParameter(DbSqlSession.java:438)
	at org.activiti.engine.impl.db.DbSqlSession.selectList(DbSqlSession.java:429)
	at org.activiti.engine.impl.db.DbSqlSession.selectList(DbSqlSession.java:419)
	at org.activiti.engine.impl.persistence.entity.JobEntityManager.findJobsByQueryCriteria(JobEntityManager.java:198)
	at org.activiti.engine.impl.JobQueryImpl.executeList(JobQueryImpl.java:243)
	at org.activiti.engine.impl.AbstractQuery.execute(AbstractQuery.java:164)
	at org.activiti.engine.impl.interceptor.CommandInvoker.execute(CommandInvoker.java:24)
	at org.activiti.engine.impl.interceptor.CommandContextInterceptor.execute(CommandContextInterceptor.java:57)
	at org.activiti.engine.impl.interceptor.LogInterceptor.execute(LogInterceptor.java:37)
	at org.activiti.engine.impl.cfg.CommandExecutorImpl.execute(CommandExecutorImpl.java:40)
	at org.activiti.engine.impl.cfg.CommandExecutorImpl.execute(CommandExecutorImpl.java:35)
	at org.activiti.engine.impl.AbstractQuery.list(AbstractQuery.java:138)
	at org.activiti.engine.test.api.mgmt.JobQueryTest.verifyQueryResults(JobQueryTest.java:400)
	at org.activiti.engine.test.api.mgmt.JobQueryTest.testQueryByInvalidExecutionId(JobQueryTest.java:150)
	at sun.reflect.NativeMethodAccessorImpl.invoke0(Native Method)
	at sun.reflect.NativeMethodAccessorImpl.invoke(NativeMethodAccessorImpl.java:62)
	at sun.reflect.DelegatingMethodAccessorImpl.invoke(DelegatingMethodAccessorImpl.java:43)
	at java.lang.reflect.Method.invoke(Method.java:498)
	at junit.framework.TestCase.runTest(TestCase.java:176)
	at org.activiti.engine.impl.test.PvmTestCase.runTest(PvmTestCase.java:65)
	at junit.framework.TestCase.runBare(TestCase.java:141)
	at org.activiti.engine.impl.test.AbstractActivitiTestCase.runBare(AbstractActivitiTestCase.java:100)
	at junit.framework.TestResult$1.protect(TestResult.java:122)
	at junit.framework.TestResult.runProtected(TestResult.java:142)
	at junit.framework.TestResult.run(TestResult.java:125)
	at junit.framework.TestCase.run(TestCase.java:129)
	at junit.framework.TestSuite.runTest(TestSuite.java:255)
	at junit.framework.TestSuite.run(TestSuite.java:250)
	at org.junit.internal.runners.JUnit38ClassRunner.run(JUnit38ClassRunner.java:84)
	at org.apache.maven.surefire.junit4.JUnit4TestSet.execute(JUnit4TestSet.java:35)
	at org.apache.maven.surefire.junit4.JUnit4Provider.executeTestSet(JUnit4Provider.java:146)
	at org.apache.maven.surefire.junit4.JUnit4Provider.invoke(JUnit4Provider.java:97)
	at sun.reflect.NativeMethodAccessorImpl.invoke0(Native Method)
	at sun.reflect.NativeMethodAccessorImpl.invoke(NativeMethodAccessorImpl.java:62)
	at sun.reflect.DelegatingMethodAccessorImpl.invoke(DelegatingMethodAccessorImpl.java:43)
	at java.lang.reflect.Method.invoke(Method.java:498)
	at org.apache.maven.surefire.booter.ProviderFactory$ClassLoaderProxy.invoke(ProviderFactory.java:103)
	at com.sun.proxy.$Proxy0.invoke(Unknown Source)
	at org.apache.maven.surefire.booter.SurefireStarter.invokeProvider(SurefireStarter.java:145)
	at org.apache.maven.surefire.booter.SurefireStarter.runSuitesInProcess(SurefireStarter.java:87)
	at org.apache.maven.surefire.booter.ForkedBooter.main(ForkedBooter.java:69)
Caused by: org.h2.jdbc.JdbcSQLException: Syntax error in SQL statement &quot;SELECT RES.* 
     
    FROM ACT_RU_JOB RES
     
     WHERE  RES.EXECUTION_ID_ = ? 
   
     ORDER BY  ORDER[*] BY RES.ID_ ASC  
    LIMIT ? OFFSET ? &quot;; expected &quot;=, NOT, EXISTS, INTERSECTS, SELECT, FROM&quot;; SQL statement:
select RES.* 
     
    from ACT_RU_JOB RES
     
     WHERE  RES.EXECUTION_ID_ = ? 
   
     order by  order by RES.ID_ asc  
    LIMIT ? OFFSET ? [42001-176]
	at org.h2.message.DbException.getJdbcSQLException(DbException.java:344)
	at org.h2.message.DbException.getSyntaxError(DbException.java:204)
	at org.h2.command.Parser.getSyntaxError(Parser.java:524)
	at org.h2.command.Parser.readTerm(Parser.java:2688)
	at org.h2.command.Parser.readFactor(Parser.java:2244)
	at org.h2.command.Parser.readSum(Parser.java:2231)
	at org.h2.command.Parser.readConcat(Parser.java:2201)
	at org.h2.command.Parser.readCondition(Parser.java:2051)
	at org.h2.command.Parser.readAnd(Parser.java:2023)
	at org.h2.command.Parser.readExpression(Parser.java:2015)
	at org.h2.command.Parser.parseEndOfQuery(Parser.java:1726)
	at org.h2.command.Parser.parseSelectUnionExtension(Parser.java:1706)
	at org.h2.command.Parser.parseSelectUnion(Parser.java:1675)
	at org.h2.command.Parser.parseSelect(Parser.java:1662)
	at org.h2.command.Parser.parsePrepared(Parser.java:434)
	at org.h2.command.Parser.parse(Parser.java:306)
	at org.h2.command.Parser.parse(Parser.java:282)
	at org.h2.command.Parser.prepareCommand(Parser.java:243)
	at org.h2.engine.Session.prepareLocal(Session.java:442)
	at org.h2.engine.Session.prepareCommand(Session.java:384)
	at org.h2.jdbc.JdbcConnection.prepareCommand(JdbcConnection.java:1188)
	at org.h2.jdbc.JdbcPreparedStatement.&lt;init&gt;(JdbcPreparedStatement.java:73)
	at org.h2.jdbc.JdbcConnection.prepareStatement(JdbcConnection.java:276)
	at sun.reflect.GeneratedMethodAccessor6.invoke(Unknown Source)
	at sun.reflect.DelegatingMethodAccessorImpl.invoke(DelegatingMethodAccessorImpl.java:43)
	at java.lang.reflect.Method.invoke(Method.java:498)
	at org.apache.ibatis.datasource.pooled.PooledConnection.invoke(PooledConnection.java:245)
	at com.sun.proxy.$Proxy12.prepareStatement(Unknown Source)
	at sun.reflect.GeneratedMethodAccessor6.invoke(Unknown Source)
	at sun.reflect.DelegatingMethodAccessorImpl.invoke(DelegatingMethodAccessorImpl.java:43)
	at java.lang.reflect.Method.invoke(Method.java:498)
	at org.apache.ibatis.logging.jdbc.ConnectionLogger.invoke(ConnectionLogger.java:55)
	at com.sun.proxy.$Proxy12.prepareStatement(Unknown Source)
	at org.apache.ibatis.executor.statement.PreparedStatementHandler.instantiateStatement(PreparedStatementHandler.java:79)
	at org.apache.ibatis.executor.statement.BaseStatementHandler.prepare(BaseStatementHandler.java:88)
	at org.apache.ibatis.executor.statement.RoutingStatementHandler.prepare(RoutingStatementHandler.java:58)
	at org.apache.ibatis.executor.SimpleExecutor.prepareStatement(SimpleExecutor.java:76)
	at org.apache.ibatis.executor.SimpleExecutor.doQuery(SimpleExecutor.java:61)
	at org.apache.ibatis.executor.BaseExecutor.queryFromDatabase(BaseExecutor.java:303)
	at org.apache.ibatis.executor.BaseExecutor.query(BaseExecutor.java:154)
	at org.apache.ibatis.executor.CachingExecutor.query(CachingExecutor.java:102)
	at org.apache.ibatis.executor.CachingExecutor.query(CachingExecutor.java:82)
	at org.apache.ibatis.session.defaults.DefaultSqlSession.selectList(DefaultSqlSession.java:120)
	... 42 more
10:44:56,939 [main] DEBUG org.activiti.engine.impl.cfg.standalone.StandaloneMybatisTransactionContext  - firing event rolling back...
10:44:56,939 [main] DEBUG org.activiti.engine.impl.cfg.standalone.StandaloneMybatisTransactionContext  - rolling back ibatis sql session...
10:44:56,939 [main] DEBUG org.activiti.engine.impl.cfg.standalone.StandaloneMybatisTransactionContext  - firing event rolled back...
10:44:56,939 [main] DEBUG org.apache.ibatis.transaction.jdbc.JdbcTransaction  - Resetting autocommit to true on JDBC Connection [conn2: url=jdbc:h2:mem:activiti user=SA]
10:44:56,939 [main] DEBUG org.apache.ibatis.transaction.jdbc.JdbcTransaction  - Closing JDBC Connection [conn2: url=jdbc:h2:mem:activiti user=SA]
10:44:56,939 [main] DEBUG org.apache.ibatis.datasource.pooled.PooledDataSource  - Returned connection 363509958 to pool.
10:44:56,939 [main] DEBUG org.activiti.engine.impl.interceptor.LogInterceptor  - --- JobQueryImpl finished --------------------------------------------------------
10:44:56,939 [main] DEBUG org.activiti.engine.impl.interceptor.LogInterceptor  - 

10:44:56,939 [main] ERROR org.activiti.engine.impl.test.PvmTestCase  - 

10:44:56,939 [main] ERROR org.activiti.engine.impl.test.PvmTestCase  - EXCEPTION: org.apache.ibatis.exceptions.PersistenceException: 
### Error querying database.  Cause: org.h2.jdbc.JdbcSQLException: Syntax error in SQL statement &quot;SELECT RES.* 
     
    FROM ACT_RU_JOB RES
     
     WHERE  RES.EXECUTION_ID_ = ? 
   
     ORDER BY  ORDER[*] BY RES.ID_ ASC  
    LIMIT ? OFFSET ? &quot;; expected &quot;=, NOT, EXISTS, INTERSECTS, SELECT, FROM&quot;; SQL statement:
select RES.* 
     
    from ACT_RU_JOB RES
     
     WHERE  RES.EXECUTION_ID_ = ? 
   
     order by  order by RES.ID_ asc  
    LIMIT ? OFFSET ? [42001-176]
### The error may exist in org/activiti/db/mapping/entity/Job.xml
### The error may involve org.activiti.engine.impl.persistence.entity.JobEntity.selectJobByQueryCriteria
### The error occurred while executing a query
### SQL: select RES.*            from ACT_RU_JOB RES            WHERE  RES.EXECUTION_ID_ = ?           order by  order by RES.ID_ asc       LIMIT ? OFFSET ?
### Cause: org.h2.jdbc.JdbcSQLException: Syntax error in SQL statement &quot;SELECT RES.* 
     
    FROM ACT_RU_JOB RES
     
     WHERE  RES.EXECUTION_ID_ = ? 
   
     ORDER BY  ORDER[*] BY RES.ID_ ASC  
    LIMIT ? OFFSET ? &quot;; expected &quot;=, NOT, EXISTS, INTERSECTS, SELECT, FROM&quot;; SQL statement:
select RES.* 
     
    from ACT_RU_JOB RES
     
     WHERE  RES.EXECUTION_ID_ = ? 
   
     order by  order by RES.ID_ asc  
    LIMIT ? OFFSET ? [42001-176]
org.apache.ibatis.exceptions.PersistenceException: 
### Error querying database.  Cause: org.h2.jdbc.JdbcSQLException: Syntax error in SQL statement &quot;SELECT RES.* 
     
    FROM ACT_RU_JOB RES
     
     WHERE  RES.EXECUTION_ID_ = ? 
   
     ORDER BY  ORDER[*] BY RES.ID_ ASC  
    LIMIT ? OFFSET ? &quot;; expected &quot;=, NOT, EXISTS, INTERSECTS, SELECT, FROM&quot;; SQL statement:
select RES.* 
     
    from ACT_RU_JOB RES
     
     WHERE  RES.EXECUTION_ID_ = ? 
   
     order by  order by RES.ID_ asc  
    LIMIT ? OFFSET ? [42001-176]
### The error may exist in org/activiti/db/mapping/entity/Job.xml
### The error may involve org.activiti.engine.impl.persistence.entity.JobEntity.selectJobByQueryCriteria
### The error occurred while executing a query
### SQL: select RES.*            from ACT_RU_JOB RES            WHERE  RES.EXECUTION_ID_ = ?           order by  order by RES.ID_ asc       LIMIT ? OFFSET ?
### Cause: org.h2.jdbc.JdbcSQLException: Syntax error in SQL statement &quot;SELECT RES.* 
     
    FROM ACT_RU_JOB RES
     
     WHERE  RES.EXECUTION_ID_ = ? 
   
     ORDER BY  ORDER[*] BY RES.ID_ ASC  
    LIMIT ? OFFSET ? &quot;; expected &quot;=, NOT, EXISTS, INTERSECTS, SELECT, FROM&quot;; SQL statement:
select RES.* 
     
    from ACT_RU_JOB RES
     
     WHERE  RES.EXECUTION_ID_ = ? 
   
     order by  order by RES.ID_ asc  
    LIMIT ? OFFSET ? [42001-176]
	at org.apache.ibatis.exceptions.ExceptionFactory.wrapException(ExceptionFactory.java:30)
	at org.apache.ibatis.session.defaults.DefaultSqlSession.selectList(DefaultSqlSession.java:122)
	at org.apache.ibatis.session.defaults.DefaultSqlSession.selectList(DefaultSqlSession.java:113)
	at org.activiti.engine.impl.db.DbSqlSession.selectListWithRawParameter(DbSqlSession.java:438)
	at org.activiti.engine.impl.db.DbSqlSession.selectList(DbSqlSession.java:429)
	at org.activiti.engine.impl.db.DbSqlSession.selectList(DbSqlSession.java:419)
	at org.activiti.engine.impl.persistence.entity.JobEntityManager.findJobsByQueryCriteria(JobEntityManager.java:198)
	at org.activiti.engine.impl.JobQueryImpl.executeList(JobQueryImpl.java:243)
	at org.activiti.engine.impl.AbstractQuery.execute(AbstractQuery.java:164)
	at org.activiti.engine.impl.interceptor.CommandInvoker.execute(CommandInvoker.java:24)
	at org.activiti.engine.impl.interceptor.CommandContextInterceptor.execute(CommandContextInterceptor.java:57)
	at org.activiti.engine.impl.interceptor.LogInterceptor.execute(LogInterceptor.java:37)
	at org.activiti.engine.impl.cfg.CommandExecutorImpl.execute(CommandExecutorImpl.java:40)
	at org.activiti.engine.impl.cfg.CommandExecutorImpl.execute(CommandExecutorImpl.java:35)
	at org.activiti.engine.impl.AbstractQuery.list(AbstractQuery.java:138)
	at org.activiti.engine.test.api.mgmt.JobQueryTest.verifyQueryResults(JobQueryTest.java:400)
	at org.activiti.engine.test.api.mgmt.JobQueryTest.testQueryByInvalidExecutionId(JobQueryTest.java:150)
	at sun.reflect.NativeMethodAccessorImpl.invoke0(Native Method)
	at sun.reflect.NativeMethodAccessorImpl.invoke(NativeMethodAccessorImpl.java:62)
	at sun.reflect.DelegatingMethodAccessorImpl.invoke(DelegatingMethodAccessorImpl.java:43)
	at java.lang.reflect.Method.invoke(Method.java:498)
	at junit.framework.TestCase.runTest(TestCase.java:176)
	at org.activiti.engine.impl.test.PvmTestCase.runTest(PvmTestCase.java:65)
	at junit.framework.TestCase.runBare(TestCase.java:141)
	at org.activiti.engine.impl.test.AbstractActivitiTestCase.runBare(AbstractActivitiTestCase.java:100)
	at junit.framework.TestResult$1.protect(TestResult.java:122)
	at junit.framework.TestResult.runProtected(TestResult.java:142)
	at junit.framework.TestResult.run(TestResult.java:125)
	at junit.framework.TestCase.run(TestCase.java:129)
	at junit.framework.TestSuite.runTest(TestSuite.java:255)
	at junit.framework.TestSuite.run(TestSuite.java:250)
	at org.junit.internal.runners.JUnit38ClassRunner.run(JUnit38ClassRunner.java:84)
	at org.apache.maven.surefire.junit4.JUnit4TestSet.execute(JUnit4TestSet.java:35)
	at org.apache.maven.surefire.junit4.JUnit4Provider.executeTestSet(JUnit4Provider.java:146)
	at org.apache.maven.surefire.junit4.JUnit4Provider.invoke(JUnit4Provider.java:97)
	at sun.reflect.NativeMethodAccessorImpl.invoke0(Native Method)
	at sun.reflect.NativeMethodAccessorImpl.invoke(NativeMethodAccessorImpl.java:62)
	at sun.reflect.DelegatingMethodAccessorImpl.invoke(DelegatingMethodAccessorImpl.java:43)
	at java.lang.reflect.Method.invoke(Method.java:498)
	at org.apache.maven.surefire.booter.ProviderFactory$ClassLoaderProxy.invoke(ProviderFactory.java:103)
	at com.sun.proxy.$Proxy0.invoke(Unknown Source)
	at org.apache.maven.surefire.booter.SurefireStarter.invokeProvider(SurefireStarter.java:145)
	at org.apache.maven.surefire.booter.SurefireStarter.runSuitesInProcess(SurefireStarter.java:87)
	at org.apache.maven.surefire.booter.ForkedBooter.main(ForkedBooter.java:69)
Caused by: org.h2.jdbc.JdbcSQLException: Syntax error in SQL statement &quot;SELECT RES.* 
     
    FROM ACT_RU_JOB RES
     
     WHERE  RES.EXECUTION_ID_ = ? 
   
     ORDER BY  ORDER[*] BY RES.ID_ ASC  
    LIMIT ? OFFSET ? &quot;; expected &quot;=, NOT, EXISTS, INTERSECTS, SELECT, FROM&quot;; SQL statement:
select RES.* 
     
    from ACT_RU_JOB RES
     
     WHERE  RES.EXECUTION_ID_ = ? 
   
     order by  order by RES.ID_ asc  
    LIMIT ? OFFSET ? [42001-176]
	at org.h2.message.DbException.getJdbcSQLException(DbException.java:344)
	at org.h2.message.DbException.getSyntaxError(DbException.java:204)
	at org.h2.command.Parser.getSyntaxError(Parser.java:524)
	at org.h2.command.Parser.readTerm(Parser.java:2688)
	at org.h2.command.Parser.readFactor(Parser.java:2244)
	at org.h2.command.Parser.readSum(Parser.java:2231)
	at org.h2.command.Parser.readConcat(Parser.java:2201)
	at org.h2.command.Parser.readCondition(Parser.java:2051)
	at org.h2.command.Parser.readAnd(Parser.java:2023)
	at org.h2.command.Parser.readExpression(Parser.java:2015)
	at org.h2.command.Parser.parseEndOfQuery(Parser.java:1726)
	at org.h2.command.Parser.parseSelectUnionExtension(Parser.java:1706)
	at org.h2.command.Parser.parseSelectUnion(Parser.java:1675)
	at org.h2.command.Parser.parseSelect(Parser.java:1662)
	at org.h2.command.Parser.parsePrepared(Parser.java:434)
	at org.h2.command.Parser.parse(Parser.java:306)
	at org.h2.command.Parser.parse(Parser.java:282)
	at org.h2.command.Parser.prepareCommand(Parser.java:243)
	at org.h2.engine.Session.prepareLocal(Session.java:442)
	at org.h2.engine.Session.prepareCommand(Session.java:384)
	at org.h2.jdbc.JdbcConnection.prepareCommand(JdbcConnection.java:1188)
	at org.h2.jdbc.JdbcPreparedStatement.&lt;init&gt;(JdbcPreparedStatement.java:73)
	at org.h2.jdbc.JdbcConnection.prepareStatement(JdbcConnection.java:276)
	at sun.reflect.GeneratedMethodAccessor6.invoke(Unknown Source)
	at sun.reflect.DelegatingMethodAccessorImpl.invoke(DelegatingMethodAccessorImpl.java:43)
	at java.lang.reflect.Method.invoke(Method.java:498)
	at org.apache.ibatis.datasource.pooled.PooledConnection.invoke(PooledConnection.java:245)
	at com.sun.proxy.$Proxy12.prepareStatement(Unknown Source)
	at sun.reflect.GeneratedMethodAccessor6.invoke(Unknown Source)
	at sun.reflect.DelegatingMethodAccessorImpl.invoke(DelegatingMethodAccessorImpl.java:43)
	at java.lang.reflect.Method.invoke(Method.java:498)
	at org.apache.ibatis.logging.jdbc.ConnectionLogger.invoke(ConnectionLogger.java:55)
	at com.sun.proxy.$Proxy12.prepareStatement(Unknown Source)
	at org.apache.ibatis.executor.statement.PreparedStatementHandler.instantiateStatement(PreparedStatementHandler.java:79)
	at org.apache.ibatis.executor.statement.BaseStatementHandler.prepare(BaseStatementHandler.java:88)
	at org.apache.ibatis.executor.statement.RoutingStatementHandler.prepare(RoutingStatementHandler.java:58)
	at org.apache.ibatis.executor.SimpleExecutor.prepareStatement(SimpleExecutor.java:76)
	at org.apache.ibatis.executor.SimpleExecutor.doQuery(SimpleExecutor.java:61)
	at org.apache.ibatis.executor.BaseExecutor.queryFromDatabase(BaseExecutor.java:303)
	at org.apache.ibatis.executor.BaseExecutor.query(BaseExecutor.java:154)
	at org.apache.ibatis.executor.CachingExecutor.query(CachingExecutor.java:102)
	at org.apache.ibatis.executor.CachingExecutor.query(CachingExecutor.java:82)
	at org.apache.ibatis.session.defaults.DefaultSqlSession.selectList(DefaultSqlSession.java:120)
	... 42 more
10:44:56,939 [main] DEBUG org.activiti.engine.impl.test.PvmTestCase  - #### END JobQueryTest.testQueryByInvalidExecutionId #############################################################
10:44:56,939 [main] DEBUG org.activiti.engine.impl.interceptor.LogInterceptor  - 

10:44:56,939 [main] DEBUG org.activiti.engine.impl.interceptor.LogInterceptor  - --- starting DeleteDeploymentCmd --------------------------------------------------------
10:44:56,939 [main] DEBUG org.apache.ibatis.transaction.jdbc.JdbcTransaction  - Opening JDBC Connection
10:44:56,939 [main] DEBUG org.apache.ibatis.datasource.pooled.PooledDataSource  - Checked out connection 180014677 from pool.
10:44:56,939 [main] DEBUG org.apache.ibatis.transaction.jdbc.JdbcTransaction  - Setting autocommit to false on JDBC Connection [conn3: url=jdbc:h2:mem:activiti user=SA]
10:44:56,939 [main] DEBUG org.activiti.engine.impl.persistence.entity.DeploymentEntity.selectDeploymentById  - ==&gt;  Preparing: select * from ACT_RE_DEPLOYMENT where ID_ = ? 
10:44:56,939 [main] DEBUG org.activiti.engine.impl.persistence.entity.DeploymentEntity.selectDeploymentById  - ==&gt; Parameters: 1413(String)
10:44:56,939 [main] DEBUG org.activiti.engine.impl.persistence.entity.DeploymentEntity.selectDeploymentById  - &lt;==      Total: 1
10:44:56,939 [main] DEBUG org.activiti.engine.impl.persistence.entity.ProcessDefinitionEntity.selectProcessDefinitionsByQueryCriteria  - ==&gt;  Preparing: select RES.* from ACT_RE_PROCDEF RES WHERE RES.DEPLOYMENT_ID_ = ? order by order by RES.ID_ asc LIMIT ? OFFSET ? 
10:44:56,940 [main] DEBUG org.activiti.engine.impl.interceptor.CommandContext  - Error while closing command context
org.apache.ibatis.exceptions.PersistenceException: 
### Error querying database.  Cause: org.h2.jdbc.JdbcSQLException: Syntax error in SQL statement &quot;SELECT RES.* 
       
    FROM ACT_RE_PROCDEF RES
     
     WHERE  RES.DEPLOYMENT_ID_ = ? 
   
     ORDER BY  ORDER[*] BY RES.ID_ ASC  
    LIMIT ? OFFSET ? &quot;; expected &quot;=, NOT, EXISTS, INTERSECTS, SELECT, FROM&quot;; SQL statement:
select RES.* 
       
    from ACT_RE_PROCDEF RES
     
     WHERE  RES.DEPLOYMENT_ID_ = ? 
   
     order by  order by RES.ID_ asc  
    LIMIT ? OFFSET ? [42001-176]
### The error may exist in org/activiti/db/mapping/entity/ProcessDefinition.xml
### The error may involve org.activiti.engine.impl.persistence.entity.ProcessDefinitionEntity.selectProcessDefinitionsByQueryCriteria
### The error occurred while executing a query
### SQL: select RES.*              from ACT_RE_PROCDEF RES            WHERE  RES.DEPLOYMENT_ID_ = ?           order by  order by RES.ID_ asc       LIMIT ? OFFSET ?
### Cause: org.h2.jdbc.JdbcSQLException: Syntax error in SQL statement &quot;SELECT RES.* 
       
    FROM ACT_RE_PROCDEF RES
     
     WHERE  RES.DEPLOYMENT_ID_ = ? 
   
     ORDER BY  ORDER[*] BY RES.ID_ ASC  
    LIMIT ? OFFSET ? &quot;; expected &quot;=, NOT, EXISTS, INTERSECTS, SELECT, FROM&quot;; SQL statement:
select RES.* 
       
    from ACT_RE_PROCDEF RES
     
     WHERE  RES.DEPLOYMENT_ID_ = ? 
   
     order by  order by RES.ID_ asc  
    LIMIT ? OFFSET ? [42001-176]
	at org.apache.ibatis.exceptions.ExceptionFactory.wrapException(ExceptionFactory.java:30)
	at org.apache.ibatis.session.defaults.DefaultSqlSession.selectList(DefaultSqlSession.java:122)
	at org.apache.ibatis.session.defaults.DefaultSqlSession.selectList(DefaultSqlSession.java:113)
	at org.activiti.engine.impl.db.DbSqlSession.selectListWithRawParameter(DbSqlSession.java:438)
	at org.activiti.engine.impl.db.DbSqlSession.selectList(DbSqlSession.java:429)
	at org.activiti.engine.impl.db.DbSqlSession.selectList(DbSqlSession.java:419)
	at org.activiti.engine.impl.persistence.entity.ProcessDefinitionEntityManager.findProcessDefinitionsByQueryCriteria(ProcessDefinitionEntityManager.java:57)
	at org.activiti.engine.impl.ProcessDefinitionQueryImpl.executeList(ProcessDefinitionQueryImpl.java:307)
	at org.activiti.engine.impl.AbstractQuery.list(AbstractQuery.java:140)
	at org.activiti.engine.impl.persistence.deploy.DeploymentManager.removeDeployment(DeploymentManager.java:187)
	at org.activiti.engine.impl.cmd.DeleteDeploymentCmd.execute(DeleteDeploymentCmd.java:44)
	at org.activiti.engine.impl.cmd.DeleteDeploymentCmd.execute(DeleteDeploymentCmd.java:24)
	at org.activiti.engine.impl.interceptor.CommandInvoker.execute(CommandInvoker.java:24)
	at org.activiti.engine.impl.interceptor.CommandContextInterceptor.execute(CommandContextInterceptor.java:57)
	at org.activiti.engine.impl.interceptor.LogInterceptor.execute(LogInterceptor.java:37)
	at org.activiti.engine.impl.cfg.CommandExecutorImpl.execute(CommandExecutorImpl.java:40)
	at org.activiti.engine.impl.cfg.CommandExecutorImpl.execute(CommandExecutorImpl.java:35)
	at org.activiti.engine.impl.RepositoryServiceImpl.deleteDeployment(RepositoryServiceImpl.java:90)
	at org.activiti.engine.test.api.mgmt.JobQueryTest.tearDown(JobQueryTest.java:116)
	at junit.framework.TestCase.runBare(TestCase.java:146)
	at org.activiti.engine.impl.test.AbstractActivitiTestCase.runBare(AbstractActivitiTestCase.java:100)
	at junit.framework.TestResult$1.protect(TestResult.java:122)
	at junit.framework.TestResult.runProtected(TestResult.java:142)
	at junit.framework.TestResult.run(TestResult.java:125)
	at junit.framework.TestCase.run(TestCase.java:129)
	at junit.framework.TestSuite.runTest(TestSuite.java:255)
	at junit.framework.TestSuite.run(TestSuite.java:250)
	at org.junit.internal.runners.JUnit38ClassRunner.run(JUnit38ClassRunner.java:84)
	at org.apache.maven.surefire.junit4.JUnit4TestSet.execute(JUnit4TestSet.java:35)
	at org.apache.maven.surefire.junit4.JUnit4Provider.executeTestSet(JUnit4Provider.java:146)
	at org.apache.maven.surefire.junit4.JUnit4Provider.invoke(JUnit4Provider.java:97)
	at sun.reflect.NativeMethodAccessorImpl.invoke0(Native Method)
	at sun.reflect.NativeMethodAccessorImpl.invoke(NativeMethodAccessorImpl.java:62)
	at sun.reflect.DelegatingMethodAccessorImpl.invoke(DelegatingMethodAccessorImpl.java:43)
	at java.lang.reflect.Method.invoke(Method.java:498)
	at org.apache.maven.surefire.booter.ProviderFactory$ClassLoaderProxy.invoke(ProviderFactory.java:103)
	at com.sun.proxy.$Proxy0.invoke(Unknown Source)
	at org.apache.maven.surefire.booter.SurefireStarter.invokeProvider(SurefireStarter.java:145)
	at org.apache.maven.surefire.booter.SurefireStarter.runSuitesInProcess(SurefireStarter.java:87)
	at org.apache.maven.surefire.booter.ForkedBooter.main(ForkedBooter.java:69)
Caused by: org.h2.jdbc.JdbcSQLException: Syntax error in SQL statement &quot;SELECT RES.* 
       
    FROM ACT_RE_PROCDEF RES
     
     WHERE  RES.DEPLOYMENT_ID_ = ? 
   
     ORDER BY  ORDER[*] BY RES.ID_ ASC  
    LIMIT ? OFFSET ? &quot;; expected &quot;=, NOT, EXISTS, INTERSECTS, SELECT, FROM&quot;; SQL statement:
select RES.* 
       
    from ACT_RE_PROCDEF RES
     
     WHERE  RES.DEPLOYMENT_ID_ = ? 
   
     order by  order by RES.ID_ asc  
    LIMIT ? OFFSET ? [42001-176]
	at org.h2.message.DbException.getJdbcSQLException(DbException.java:344)
	at org.h2.message.DbException.getSyntaxError(DbException.java:204)
	at org.h2.command.Parser.getSyntaxError(Parser.java:524)
	at org.h2.command.Parser.readTerm(Parser.java:2688)
	at org.h2.command.Parser.readFactor(Parser.java:2244)
	at org.h2.command.Parser.readSum(Parser.java:2231)
	at org.h2.command.Parser.readConcat(Parser.java:2201)
	at org.h2.command.Parser.readCondition(Parser.java:2051)
	at org.h2.command.Parser.readAnd(Parser.java:2023)
	at org.h2.command.Parser.readExpression(Parser.java:2015)
	at org.h2.command.Parser.parseEndOfQuery(Parser.java:1726)
	at org.h2.command.Parser.parseSelectUnionExtension(Parser.java:1706)
	at org.h2.command.Parser.parseSelectUnion(Parser.java:1675)
	at org.h2.command.Parser.parseSelect(Parser.java:1662)
	at org.h2.command.Parser.parsePrepared(Parser.java:434)
	at org.h2.command.Parser.parse(Parser.java:306)
	at org.h2.command.Parser.parse(Parser.java:282)
	at org.h2.command.Parser.prepareCommand(Parser.java:243)
	at org.h2.engine.Session.prepareLocal(Session.java:442)
	at org.h2.engine.Session.prepareCommand(Session.java:384)
	at org.h2.jdbc.JdbcConnection.prepareCommand(JdbcConnection.java:1188)
	at org.h2.jdbc.JdbcPreparedStatement.&lt;init&gt;(JdbcPreparedStatement.java:73)
	at org.h2.jdbc.JdbcConnection.prepareStatement(JdbcConnection.java:276)
	at sun.reflect.GeneratedMethodAccessor6.invoke(Unknown Source)
	at sun.reflect.DelegatingMethodAccessorImpl.invoke(DelegatingMethodAccessorImpl.java:43)
	at java.lang.reflect.Method.invoke(Method.java:498)
	at org.apache.ibatis.datasource.pooled.PooledConnection.invoke(PooledConnection.java:245)
	at com.sun.proxy.$Proxy12.prepareStatement(Unknown Source)
	at sun.reflect.GeneratedMethodAccessor6.invoke(Unknown Source)
	at sun.reflect.DelegatingMethodAccessorImpl.invoke(DelegatingMethodAccessorImpl.java:43)
	at java.lang.reflect.Method.invoke(Method.java:498)
	at org.apache.ibatis.logging.jdbc.ConnectionLogger.invoke(ConnectionLogger.java:55)
	at com.sun.proxy.$Proxy12.prepareStatement(Unknown Source)
	at org.apache.ibatis.executor.statement.PreparedStatementHandler.instantiateStatement(PreparedStatementHandler.java:79)
	at org.apache.ibatis.executor.statement.BaseStatementHandler.prepare(BaseStatementHandler.java:88)
	at org.apache.ibatis.executor.statement.RoutingStatementHandler.prepare(RoutingStatementHandler.java:58)
	at org.apache.ibatis.executor.SimpleExecutor.prepareStatement(SimpleExecutor.java:76)
	at org.apache.ibatis.executor.SimpleExecutor.doQuery(SimpleExecutor.java:61)
	at org.apache.ibatis.executor.BaseExecutor.queryFromDatabase(BaseExecutor.java:303)
	at org.apache.ibatis.executor.BaseExecutor.query(BaseExecutor.java:154)
	at org.apache.ibatis.executor.CachingExecutor.query(CachingExecutor.java:102)
	at org.apache.ibatis.executor.CachingExecutor.query(CachingExecutor.java:82)
	at org.apache.ibatis.session.defaults.DefaultSqlSession.selectList(DefaultSqlSession.java:120)
	... 38 more
10:44:56,940 [main] DEBUG org.activiti.engine.impl.cfg.standalone.StandaloneMybatisTransactionContext  - firing event rolling back...
10:44:56,940 [main] DEBUG org.activiti.engine.impl.cfg.standalone.StandaloneMybatisTransactionContext  - rolling back ibatis sql session...
10:44:56,940 [main] DEBUG org.activiti.engine.impl.cfg.standalone.StandaloneMybatisTransactionContext  - firing event rolled back...
10:44:56,940 [main] DEBUG org.apache.ibatis.transaction.jdbc.JdbcTransaction  - Resetting autocommit to true on JDBC Connection [conn3: url=jdbc:h2:mem:activiti user=SA]
10:44:56,940 [main] DEBUG org.apache.ibatis.transaction.jdbc.JdbcTransaction  - Closing JDBC Connection [conn3: url=jdbc:h2:mem:activiti user=SA]
10:44:56,940 [main] DEBUG org.apache.ibatis.datasource.pooled.PooledDataSource  - Returned connection 180014677 to pool.
10:44:56,940 [main] DEBUG org.activiti.engine.impl.interceptor.LogInterceptor  - --- DeleteDeploymentCmd finished --------------------------------------------------------
10:44:56,940 [main] DEBUG org.activiti.engine.impl.interceptor.LogInterceptor  - 

10:44:56,940 [main] ERROR org.activiti.engine.impl.test.PvmTestCase  - 

10:44:56,940 [main] ERROR org.activiti.engine.impl.test.PvmTestCase  - EXCEPTION: org.apache.ibatis.exceptions.PersistenceException: 
### Error querying database.  Cause: org.h2.jdbc.JdbcSQLException: Syntax error in SQL statement &quot;SELECT RES.* 
     
    FROM ACT_RU_JOB RES
     
     WHERE  RES.EXECUTION_ID_ = ? 
   
     ORDER BY  ORDER[*] BY RES.ID_ ASC  
    LIMIT ? OFFSET ? &quot;; expected &quot;=, NOT, EXISTS, INTERSECTS, SELECT, FROM&quot;; SQL statement:
select RES.* 
     
    from ACT_RU_JOB RES
     
     WHERE  RES.EXECUTION_ID_ = ? 
   
     order by  order by RES.ID_ asc  
    LIMIT ? OFFSET ? [42001-176]
### The error may exist in org/activiti/db/mapping/entity/Job.xml
### The error may involve org.activiti.engine.impl.persistence.entity.JobEntity.selectJobByQueryCriteria
### The error occurred while executing a query
### SQL: select RES.*            from ACT_RU_JOB RES            WHERE  RES.EXECUTION_ID_ = ?           order by  order by RES.ID_ asc       LIMIT ? OFFSET ?
### Cause: org.h2.jdbc.JdbcSQLException: Syntax error in SQL statement &quot;SELECT RES.* 
     
    FROM ACT_RU_JOB RES
     
     WHERE  RES.EXECUTION_ID_ = ? 
   
     ORDER BY  ORDER[*] BY RES.ID_ ASC  
    LIMIT ? OFFSET ? &quot;; expected &quot;=, NOT, EXISTS, INTERSECTS, SELECT, FROM&quot;; SQL statement:
select RES.* 
     
    from ACT_RU_JOB RES
     
     WHERE  RES.EXECUTION_ID_ = ? 
   
     order by  order by RES.ID_ asc  
    LIMIT ? OFFSET ? [42001-176]
org.apache.ibatis.exceptions.PersistenceException: 
### Error querying database.  Cause: org.h2.jdbc.JdbcSQLException: Syntax error in SQL statement &quot;SELECT RES.* 
     
    FROM ACT_RU_JOB RES
     
     WHERE  RES.EXECUTION_ID_ = ? 
   
     ORDER BY  ORDER[*] BY RES.ID_ ASC  
    LIMIT ? OFFSET ? &quot;; expected &quot;=, NOT, EXISTS, INTERSECTS, SELECT, FROM&quot;; SQL statement:
select RES.* 
     
    from ACT_RU_JOB RES
     
     WHERE  RES.EXECUTION_ID_ = ? 
   
     order by  order by RES.ID_ asc  
    LIMIT ? OFFSET ? [42001-176]
### The error may exist in org/activiti/db/mapping/entity/Job.xml
### The error may involve org.activiti.engine.impl.persistence.entity.JobEntity.selectJobByQueryCriteria
### The error occurred while executing a query
### SQL: select RES.*            from ACT_RU_JOB RES            WHERE  RES.EXECUTION_ID_ = ?           order by  order by RES.ID_ asc       LIMIT ? OFFSET ?
### Cause: org.h2.jdbc.JdbcSQLException: Syntax error in SQL statement &quot;SELECT RES.* 
     
    FROM ACT_RU_JOB RES
     
     WHERE  RES.EXECUTION_ID_ = ? 
   
     ORDER BY  ORDER[*] BY RES.ID_ ASC  
    LIMIT ? OFFSET ? &quot;; expected &quot;=, NOT, EXISTS, INTERSECTS, SELECT, FROM&quot;; SQL statement:
select RES.* 
     
    from ACT_RU_JOB RES
     
     WHERE  RES.EXECUTION_ID_ = ? 
   
     order by  order by RES.ID_ asc  
    LIMIT ? OFFSET ? [42001-176]
	at org.apache.ibatis.exceptions.ExceptionFactory.wrapException(ExceptionFactory.java:30)
	at org.apache.ibatis.session.defaults.DefaultSqlSession.selectList(DefaultSqlSession.java:122)
	at org.apache.ibatis.session.defaults.DefaultSqlSession.selectList(DefaultSqlSession.java:113)
	at org.activiti.engine.impl.db.DbSqlSession.selectListWithRawParameter(DbSqlSession.java:438)
	at org.activiti.engine.impl.db.DbSqlSession.selectList(DbSqlSession.java:429)
	at org.activiti.engine.impl.db.DbSqlSession.selectList(DbSqlSession.java:419)
	at org.activiti.engine.impl.persistence.entity.JobEntityManager.findJobsByQueryCriteria(JobEntityManager.java:198)
	at org.activiti.engine.impl.JobQueryImpl.executeList(JobQueryImpl.java:243)
	at org.activiti.engine.impl.AbstractQuery.execute(AbstractQuery.java:164)
	at org.activiti.engine.impl.interceptor.CommandInvoker.execute(CommandInvoker.java:24)
	at org.activiti.engine.impl.interceptor.CommandContextInterceptor.execute(CommandContextInterceptor.java:57)
	at org.activiti.engine.impl.interceptor.LogInterceptor.execute(LogInterceptor.java:37)
	at org.activiti.engine.impl.cfg.CommandExecutorImpl.execute(CommandExecutorImpl.java:40)
	at org.activiti.engine.impl.cfg.CommandExecutorImpl.execute(CommandExecutorImpl.java:35)
	at org.activiti.engine.impl.AbstractQuery.list(AbstractQuery.java:138)
	at org.activiti.engine.test.api.mgmt.JobQueryTest.verifyQueryResults(JobQueryTest.java:400)
	at org.activiti.engine.test.api.mgmt.JobQueryTest.testQueryByInvalidExecutionId(JobQueryTest.java:150)
	at sun.reflect.NativeMethodAccessorImpl.invoke0(Native Method)
	at sun.reflect.NativeMethodAccessorImpl.invoke(NativeMethodAccessorImpl.java:62)
	at sun.reflect.DelegatingMethodAccessorImpl.invoke(DelegatingMethodAccessorImpl.java:43)
	at java.lang.reflect.Method.invoke(Method.java:498)
	at junit.framework.TestCase.runTest(TestCase.java:176)
	at org.activiti.engine.impl.test.PvmTestCase.runTest(PvmTestCase.java:65)
	at junit.framework.TestCase.runBare(TestCase.java:141)
	at org.activiti.engine.impl.test.AbstractActivitiTestCase.runBare(AbstractActivitiTestCase.java:100)
	at junit.framework.TestResult$1.protect(TestResult.java:122)
	at junit.framework.TestResult.runProtected(TestResult.java:142)
	at junit.framework.TestResult.run(TestResult.java:125)
	at junit.framework.TestCase.run(TestCase.java:129)
	at junit.framework.TestSuite.runTest(TestSuite.java:255)
	at junit.framework.TestSuite.run(TestSuite.java:250)
	at org.junit.internal.runners.JUnit38ClassRunner.run(JUnit38ClassRunner.java:84)
	at org.apache.maven.surefire.junit4.JUnit4TestSet.execute(JUnit4TestSet.java:35)
	at org.apache.maven.surefire.junit4.JUnit4Provider.executeTestSet(JUnit4Provider.java:146)
	at org.apache.maven.surefire.junit4.JUnit4Provider.invoke(JUnit4Provider.java:97)
	at sun.reflect.NativeMethodAccessorImpl.invoke0(Native Method)
	at sun.reflect.NativeMethodAccessorImpl.invoke(NativeMethodAccessorImpl.java:62)
	at sun.reflect.DelegatingMethodAccessorImpl.invoke(DelegatingMethodAccessorImpl.java:43)
	at java.lang.reflect.Method.invoke(Method.java:498)
	at org.apache.maven.surefire.booter.ProviderFactory$ClassLoaderProxy.invoke(ProviderFactory.java:103)
	at com.sun.proxy.$Proxy0.invoke(Unknown Source)
	at org.apache.maven.surefire.booter.SurefireStarter.invokeProvider(SurefireStarter.java:145)
	at org.apache.maven.surefire.booter.SurefireStarter.runSuitesInProcess(SurefireStarter.java:87)
	at org.apache.maven.surefire.booter.ForkedBooter.main(ForkedBooter.java:69)
Caused by: org.h2.jdbc.JdbcSQLException: Syntax error in SQL statement &quot;SELECT RES.* 
     
    FROM ACT_RU_JOB RES
     
     WHERE  RES.EXECUTION_ID_ = ? 
   
     ORDER BY  ORDER[*] BY RES.ID_ ASC  
    LIMIT ? OFFSET ? &quot;; expected &quot;=, NOT, EXISTS, INTERSECTS, SELECT, FROM&quot;; SQL statement:
select RES.* 
     
    from ACT_RU_JOB RES
     
     WHERE  RES.EXECUTION_ID_ = ? 
   
     order by  order by RES.ID_ asc  
    LIMIT ? OFFSET ? [42001-176]
	at org.h2.message.DbException.getJdbcSQLException(DbException.java:344)
	at org.h2.message.DbException.getSyntaxError(DbException.java:204)
	at org.h2.command.Parser.getSyntaxError(Parser.java:524)
	at org.h2.command.Parser.readTerm(Parser.java:2688)
	at org.h2.command.Parser.readFactor(Parser.java:2244)
	at org.h2.command.Parser.readSum(Parser.java:2231)
	at org.h2.command.Parser.readConcat(Parser.java:2201)
	at org.h2.command.Parser.readCondition(Parser.java:2051)
	at org.h2.command.Parser.readAnd(Parser.java:2023)
	at org.h2.command.Parser.readExpression(Parser.java:2015)
	at org.h2.command.Parser.parseEndOfQuery(Parser.java:1726)
	at org.h2.command.Parser.parseSelectUnionExtension(Parser.java:1706)
	at org.h2.command.Parser.parseSelectUnion(Parser.java:1675)
	at org.h2.command.Parser.parseSelect(Parser.java:1662)
	at org.h2.command.Parser.parsePrepared(Parser.java:434)
	at org.h2.command.Parser.parse(Parser.java:306)
	at org.h2.command.Parser.parse(Parser.java:282)
	at org.h2.command.Parser.prepareCommand(Parser.java:243)
	at org.h2.engine.Session.prepareLocal(Session.java:442)
	at org.h2.engine.Session.prepareCommand(Session.java:384)
	at org.h2.jdbc.JdbcConnection.prepareCommand(JdbcConnection.java:1188)
	at org.h2.jdbc.JdbcPreparedStatement.&lt;init&gt;(JdbcPreparedStatement.java:73)
	at org.h2.jdbc.JdbcConnection.prepareStatement(JdbcConnection.java:276)
	at sun.reflect.GeneratedMethodAccessor6.invoke(Unknown Source)
	at sun.reflect.DelegatingMethodAccessorImpl.invoke(DelegatingMethodAccessorImpl.java:43)
	at java.lang.reflect.Method.invoke(Method.java:498)
	at org.apache.ibatis.datasource.pooled.PooledConnection.invoke(PooledConnection.java:245)
	at com.sun.proxy.$Proxy12.prepareStatement(Unknown Source)
	at sun.reflect.GeneratedMethodAccessor6.invoke(Unknown Source)
	at sun.reflect.DelegatingMethodAccessorImpl.invoke(DelegatingMethodAccessorImpl.java:43)
	at java.lang.reflect.Method.invoke(Method.java:498)
	at org.apache.ibatis.logging.jdbc.ConnectionLogger.invoke(ConnectionLogger.java:55)
	at com.sun.proxy.$Proxy12.prepareStatement(Unknown Source)
	at org.apache.ibatis.executor.statement.PreparedStatementHandler.instantiateStatement(PreparedStatementHandler.java:79)
	at org.apache.ibatis.executor.statement.BaseStatementHandler.prepare(BaseStatementHandler.java:88)
	at org.apache.ibatis.executor.statement.RoutingStatementHandler.prepare(RoutingStatementHandler.java:58)
	at org.apache.ibatis.executor.SimpleExecutor.prepareStatement(SimpleExecutor.java:76)
	at org.apache.ibatis.executor.SimpleExecutor.doQuery(SimpleExecutor.java:61)
	at org.apache.ibatis.executor.BaseExecutor.queryFromDatabase(BaseExecutor.java:303)
	at org.apache.ibatis.executor.BaseExecutor.query(BaseExecutor.java:154)
	at org.apache.ibatis.executor.CachingExecutor.query(CachingExecutor.java:102)
	at org.apache.ibatis.executor.CachingExecutor.query(CachingExecutor.java:82)
	at org.apache.ibatis.session.defaults.DefaultSqlSession.selectList(DefaultSqlSession.java:120)
	... 42 more
10:44:56,940 [main] DEBUG org.activiti.engine.impl.test.PvmTestCase  - verifying that db is clean after test
10:44:56,940 [main] DEBUG org.activiti.engine.impl.interceptor.LogInterceptor  - 

10:44:56,940 [main] DEBUG org.activiti.engine.impl.interceptor.LogInterceptor  - --- starting GetTableCountCmd --------------------------------------------------------
10:44:56,940 [main] DEBUG org.apache.ibatis.transaction.jdbc.JdbcTransaction  - Opening JDBC Connection
10:44:56,940 [main] DEBUG org.apache.ibatis.datasource.pooled.PooledDataSource  - Checked out connection 297240765 from pool.
10:44:56,940 [main] DEBUG org.apache.ibatis.transaction.jdbc.JdbcTransaction  - Setting autocommit to false on JDBC Connection [conn4: url=jdbc:h2:mem:activiti user=SA]
10:44:56,940 [main] DEBUG org.activiti.engine.impl.persistence.entity.TableDataManager  - retrieving activiti tables from jdbc metadata
10:44:56,940 [main] DEBUG org.activiti.engine.impl.persistence.entity.TableDataManager  -   retrieved activiti table name ACT_EVT_LOG
10:44:56,940 [main] DEBUG org.activiti.engine.impl.persistence.entity.TableDataManager  -   retrieved activiti table name ACT_GE_BYTEARRAY
10:44:56,940 [main] DEBUG org.activiti.engine.impl.persistence.entity.TableDataManager  -   retrieved activiti table name ACT_GE_PROPERTY
10:44:56,940 [main] DEBUG org.activiti.engine.impl.persistence.entity.TableDataManager  -   retrieved activiti table name ACT_HI_ACTINST
10:44:56,940 [main] DEBUG org.activiti.engine.impl.persistence.entity.TableDataManager  -   retrieved activiti table name ACT_HI_ATTACHMENT
10:44:56,940 [main] DEBUG org.activiti.engine.impl.persistence.entity.TableDataManager  -   retrieved activiti table name ACT_HI_COMMENT
10:44:56,940 [main] DEBUG org.activiti.engine.impl.persistence.entity.TableDataManager  -   retrieved activiti table name ACT_HI_DETAIL
10:44:56,940 [main] DEBUG org.activiti.engine.impl.persistence.entity.TableDataManager  -   retrieved activiti table name ACT_HI_IDENTITYLINK
10:44:56,940 [main] DEBUG org.activiti.engine.impl.persistence.entity.TableDataManager  -   retrieved activiti table name ACT_HI_PROCINST
10:44:56,940 [main] DEBUG org.activiti.engine.impl.persistence.entity.TableDataManager  -   retrieved activiti table name ACT_HI_TASKINST
10:44:56,940 [main] DEBUG org.activiti.engine.impl.persistence.entity.TableDataManager  -   retrieved activiti table name ACT_HI_VARINST
10:44:56,940 [main] DEBUG org.activiti.engine.impl.persistence.entity.TableDataManager  -   retrieved activiti table name ACT_ID_GROUP
10:44:56,940 [main] DEBUG org.activiti.engine.impl.persistence.entity.TableDataManager  -   retrieved activiti table name ACT_ID_INFO
10:44:56,940 [main] DEBUG org.activiti.engine.impl.persistence.entity.TableDataManager  -   retrieved activiti table name ACT_ID_MEMBERSHIP
10:44:56,940 [main] DEBUG org.activiti.engine.impl.persistence.entity.TableDataManager  -   retrieved activiti table name ACT_ID_USER
10:44:56,940 [main] DEBUG org.activiti.engine.impl.persistence.entity.TableDataManager  -   retrieved activiti table name ACT_PROCDEF_INFO
10:44:56,940 [main] DEBUG org.activiti.engine.impl.persistence.entity.TableDataManager  -   retrieved activiti table name ACT_RE_DEPLOYMENT
10:44:56,940 [main] DEBUG org.activiti.engine.impl.persistence.entity.TableDataManager  -   retrieved activiti table name ACT_RE_MODEL
10:44:56,940 [main] DEBUG org.activiti.engine.impl.persistence.entity.TableDataManager  -   retrieved activiti table name ACT_RE_PROCDEF
10:44:56,940 [main] DEBUG org.activiti.engine.impl.persistence.entity.TableDataManager  -   retrieved activiti table name ACT_RU_EVENT_SUBSCR
10:44:56,940 [main] DEBUG org.activiti.engine.impl.persistence.entity.TableDataManager  -   retrieved activiti table name ACT_RU_EXECUTION
10:44:56,940 [main] DEBUG org.activiti.engine.impl.persistence.entity.TableDataManager  -   retrieved activiti table name ACT_RU_IDENTITYLINK
10:44:56,940 [main] DEBUG org.activiti.engine.impl.persistence.entity.TableDataManager  -   retrieved activiti table name ACT_RU_JOB
10:44:56,940 [main] DEBUG org.activiti.engine.impl.persistence.entity.TableDataManager  -   retrieved activiti table name ACT_RU_TASK
10:44:56,940 [main] DEBUG org.activiti.engine.impl.persistence.entity.TableDataManager  -   retrieved activiti table name ACT_RU_VARIABLE
10:44:56,940 [main] DEBUG org.activiti.engine.impl.persistence.entity.TableDataManager  - selecting table count for ACT_EVT_LOG
10:44:56,940 [main] DEBUG org.activiti.engine.impl.TablePageMap.selectTableCount  - ==&gt;  Preparing: select count(*) from ACT_EVT_LOG 
10:44:56,940 [main] DEBUG org.activiti.engine.impl.TablePageMap.selectTableCount  - ==&gt; Parameters: 
10:44:56,940 [main] DEBUG org.activiti.engine.impl.TablePageMap.selectTableCount  - &lt;==      Total: 1
10:44:56,940 [main] DEBUG org.activiti.engine.impl.persistence.entity.TableDataManager  - selecting table count for ACT_GE_BYTEARRAY
10:44:56,940 [main] DEBUG org.activiti.engine.impl.TablePageMap.selectTableCount  - ==&gt;  Preparing: select count(*) from ACT_GE_BYTEARRAY 
10:44:56,940 [main] DEBUG org.activiti.engine.impl.TablePageMap.selectTableCount  - ==&gt; Parameters: 
10:44:56,940 [main] DEBUG org.activiti.engine.impl.TablePageMap.selectTableCount  - &lt;==      Total: 1
10:44:56,940 [main] DEBUG org.activiti.engine.impl.persistence.entity.TableDataManager  - selecting table count for ACT_GE_PROPERTY
10:44:56,940 [main] DEBUG org.activiti.engine.impl.TablePageMap.selectTableCount  - ==&gt;  Preparing: select count(*) from ACT_GE_PROPERTY 
10:44:56,940 [main] DEBUG org.activiti.engine.impl.TablePageMap.selectTableCount  - ==&gt; Parameters: 
10:44:56,940 [main] DEBUG org.activiti.engine.impl.TablePageMap.selectTableCount  - &lt;==      Total: 1
10:44:56,940 [main] DEBUG org.activiti.engine.impl.persistence.entity.TableDataManager  - selecting table count for ACT_HI_ACTINST
10:44:56,940 [main] DEBUG org.activiti.engine.impl.TablePageMap.selectTableCount  - ==&gt;  Preparing: select count(*) from ACT_HI_ACTINST 
10:44:56,940 [main] DEBUG org.activiti.engine.impl.TablePageMap.selectTableCount  - ==&gt; Parameters: 
10:44:56,940 [main] DEBUG org.activiti.engine.impl.TablePageMap.selectTableCount  - &lt;==      Total: 1
10:44:56,940 [main] DEBUG org.activiti.engine.impl.persistence.entity.TableDataManager  - selecting table count for ACT_HI_ATTACHMENT
10:44:56,940 [main] DEBUG org.activiti.engine.impl.TablePageMap.selectTableCount  - ==&gt;  Preparing: select count(*) from ACT_HI_ATTACHMENT 
10:44:56,941 [main] DEBUG org.activiti.engine.impl.TablePageMap.selectTableCount  - ==&gt; Parameters: 
10:44:56,941 [main] DEBUG org.activiti.engine.impl.TablePageMap.selectTableCount  - &lt;==      Total: 1
10:44:56,941 [main] DEBUG org.activiti.engine.impl.persistence.entity.TableDataManager  - selecting table count for ACT_HI_COMMENT
10:44:56,941 [main] DEBUG org.activiti.engine.impl.TablePageMap.selectTableCount  - ==&gt;  Preparing: select count(*) from ACT_HI_COMMENT 
10:44:56,941 [main] DEBUG org.activiti.engine.impl.TablePageMap.selectTableCount  - ==&gt; Parameters: 
10:44:56,941 [main] DEBUG org.activiti.engine.impl.TablePageMap.selectTableCount  - &lt;==      Total: 1
10:44:56,941 [main] DEBUG org.activiti.engine.impl.persistence.entity.TableDataManager  - selecting table count for ACT_HI_DETAIL
10:44:56,941 [main] DEBUG org.activiti.engine.impl.TablePageMap.selectTableCount  - ==&gt;  Preparing: select count(*) from ACT_HI_DETAIL 
10:44:56,941 [main] DEBUG org.activiti.engine.impl.TablePageMap.selectTableCount  - ==&gt; Parameters: 
10:44:56,941 [main] DEBUG org.activiti.engine.impl.TablePageMap.selectTableCount  - &lt;==      Total: 1
10:44:56,941 [main] DEBUG org.activiti.engine.impl.persistence.entity.TableDataManager  - selecting table count for ACT_HI_IDENTITYLINK
10:44:56,941 [main] DEBUG org.activiti.engine.impl.TablePageMap.selectTableCount  - ==&gt;  Preparing: select count(*) from ACT_HI_IDENTITYLINK 
10:44:56,941 [main] DEBUG org.activiti.engine.impl.TablePageMap.selectTableCount  - ==&gt; Parameters: 
10:44:56,941 [main] DEBUG org.activiti.engine.impl.TablePageMap.selectTableCount  - &lt;==      Total: 1
10:44:56,941 [main] DEBUG org.activiti.engine.impl.persistence.entity.TableDataManager  - selecting table count for ACT_HI_PROCINST
10:44:56,941 [main] DEBUG org.activiti.engine.impl.TablePageMap.selectTableCount  - ==&gt;  Preparing: select count(*) from ACT_HI_PROCINST 
10:44:56,941 [main] DEBUG org.activiti.engine.impl.TablePageMap.selectTableCount  - ==&gt; Parameters: 
10:44:56,941 [main] DEBUG org.activiti.engine.impl.TablePageMap.selectTableCount  - &lt;==      Total: 1
10:44:56,941 [main] DEBUG org.activiti.engine.impl.persistence.entity.TableDataManager  - selecting table count for ACT_HI_TASKINST
10:44:56,941 [main] DEBUG org.activiti.engine.impl.TablePageMap.selectTableCount  - ==&gt;  Preparing: select count(*) from ACT_HI_TASKINST 
10:44:56,941 [main] DEBUG org.activiti.engine.impl.TablePageMap.selectTableCount  - ==&gt; Parameters: 
10:44:56,941 [main] DEBUG org.activiti.engine.impl.TablePageMap.selectTableCount  - &lt;==      Total: 1
10:44:56,941 [main] DEBUG org.activiti.engine.impl.persistence.entity.TableDataManager  - selecting table count for ACT_HI_VARINST
10:44:56,941 [main] DEBUG org.activiti.engine.impl.TablePageMap.selectTableCount  - ==&gt;  Preparing: select count(*) from ACT_HI_VARINST 
10:44:56,941 [main] DEBUG org.activiti.engine.impl.TablePageMap.selectTableCount  - ==&gt; Parameters: 
10:44:56,941 [main] DEBUG org.activiti.engine.impl.TablePageMap.selectTableCount  - &lt;==      Total: 1
10:44:56,941 [main] DEBUG org.activiti.engine.impl.persistence.entity.TableDataManager  - selecting table count for ACT_ID_GROUP
10:44:56,941 [main] DEBUG org.activiti.engine.impl.TablePageMap.selectTableCount  - ==&gt;  Preparing: select count(*) from ACT_ID_GROUP 
10:44:56,941 [main] DEBUG org.activiti.engine.impl.TablePageMap.selectTableCount  - ==&gt; Parameters: 
10:44:56,941 [main] DEBUG org.activiti.engine.impl.TablePageMap.selectTableCount  - &lt;==      Total: 1
10:44:56,941 [main] DEBUG org.activiti.engine.impl.persistence.entity.TableDataManager  - selecting table count for ACT_ID_INFO
10:44:56,941 [main] DEBUG org.activiti.engine.impl.TablePageMap.selectTableCount  - ==&gt;  Preparing: select count(*) from ACT_ID_INFO 
10:44:56,941 [main] DEBUG org.activiti.engine.impl.TablePageMap.selectTableCount  - ==&gt; Parameters: 
10:44:56,941 [main] DEBUG org.activiti.engine.impl.TablePageMap.selectTableCount  - &lt;==      Total: 1
10:44:56,941 [main] DEBUG org.activiti.engine.impl.persistence.entity.TableDataManager  - selecting table count for ACT_ID_MEMBERSHIP
10:44:56,941 [main] DEBUG org.activiti.engine.impl.TablePageMap.selectTableCount  - ==&gt;  Preparing: select count(*) from ACT_ID_MEMBERSHIP 
10:44:56,941 [main] DEBUG org.activiti.engine.impl.TablePageMap.selectTableCount  - ==&gt; Parameters: 
10:44:56,941 [main] DEBUG org.activiti.engine.impl.TablePageMap.selectTableCount  - &lt;==      Total: 1
10:44:56,941 [main] DEBUG org.activiti.engine.impl.persistence.entity.TableDataManager  - selecting table count for ACT_ID_USER
10:44:56,941 [main] DEBUG org.activiti.engine.impl.TablePageMap.selectTableCount  - ==&gt;  Preparing: select count(*) from ACT_ID_USER 
10:44:56,941 [main] DEBUG org.activiti.engine.impl.TablePageMap.selectTableCount  - ==&gt; Parameters: 
10:44:56,941 [main] DEBUG org.activiti.engine.impl.TablePageMap.selectTableCount  - &lt;==      Total: 1
10:44:56,941 [main] DEBUG org.activiti.engine.impl.persistence.entity.TableDataManager  - selecting table count for ACT_PROCDEF_INFO
10:44:56,941 [main] DEBUG org.activiti.engine.impl.TablePageMap.selectTableCount  - ==&gt;  Preparing: select count(*) from ACT_PROCDEF_INFO 
10:44:56,941 [main] DEBUG org.activiti.engine.impl.TablePageMap.selectTableCount  - ==&gt; Parameters: 
10:44:56,941 [main] DEBUG org.activiti.engine.impl.TablePageMap.selectTableCount  - &lt;==      Total: 1
10:44:56,941 [main] DEBUG org.activiti.engine.impl.persistence.entity.TableDataManager  - selecting table count for ACT_RE_DEPLOYMENT
10:44:56,941 [main] DEBUG org.activiti.engine.impl.TablePageMap.selectTableCount  - ==&gt;  Preparing: select count(*) from ACT_RE_DEPLOYMENT 
10:44:56,941 [main] DEBUG org.activiti.engine.impl.TablePageMap.selectTableCount  - ==&gt; Parameters: 
10:44:56,941 [main] DEBUG org.activiti.engine.impl.TablePageMap.selectTableCount  - &lt;==      Total: 1
10:44:56,941 [main] DEBUG org.activiti.engine.impl.persistence.entity.TableDataManager  - selecting table count for ACT_RE_MODEL
10:44:56,941 [main] DEBUG org.activiti.engine.impl.TablePageMap.selectTableCount  - ==&gt;  Preparing: select count(*) from ACT_RE_MODEL 
10:44:56,941 [main] DEBUG org.activiti.engine.impl.TablePageMap.selectTableCount  - ==&gt; Parameters: 
10:44:56,941 [main] DEBUG org.activiti.engine.impl.TablePageMap.selectTableCount  - &lt;==      Total: 1
10:44:56,941 [main] DEBUG org.activiti.engine.impl.persistence.entity.TableDataManager  - selecting table count for ACT_RE_PROCDEF
10:44:56,941 [main] DEBUG org.activiti.engine.impl.TablePageMap.selectTableCount  - ==&gt;  Preparing: select count(*) from ACT_RE_PROCDEF 
10:44:56,941 [main] DEBUG org.activiti.engine.impl.TablePageMap.selectTableCount  - ==&gt; Parameters: 
10:44:56,941 [main] DEBUG org.activiti.engine.impl.TablePageMap.selectTableCount  - &lt;==      Total: 1
10:44:56,941 [main] DEBUG org.activiti.engine.impl.persistence.entity.TableDataManager  - selecting table count for ACT_RU_EVENT_SUBSCR
10:44:56,941 [main] DEBUG org.activiti.engine.impl.TablePageMap.selectTableCount  - ==&gt;  Preparing: select count(*) from ACT_RU_EVENT_SUBSCR 
10:44:56,941 [main] DEBUG org.activiti.engine.impl.TablePageMap.selectTableCount  - ==&gt; Parameters: 
10:44:56,941 [main] DEBUG org.activiti.engine.impl.TablePageMap.selectTableCount  - &lt;==      Total: 1
10:44:56,941 [main] DEBUG org.activiti.engine.impl.persistence.entity.TableDataManager  - selecting table count for ACT_RU_EXECUTION
10:44:56,941 [main] DEBUG org.activiti.engine.impl.TablePageMap.selectTableCount  - ==&gt;  Preparing: select count(*) from ACT_RU_EXECUTION 
10:44:56,941 [main] DEBUG org.activiti.engine.impl.TablePageMap.selectTableCount  - ==&gt; Parameters: 
10:44:56,941 [main] DEBUG org.activiti.engine.impl.TablePageMap.selectTableCount  - &lt;==      Total: 1
10:44:56,941 [main] DEBUG org.activiti.engine.impl.persistence.entity.TableDataManager  - selecting table count for ACT_RU_IDENTITYLINK
10:44:56,941 [main] DEBUG org.activiti.engine.impl.TablePageMap.selectTableCount  - ==&gt;  Preparing: select count(*) from ACT_RU_IDENTITYLINK 
10:44:56,941 [main] DEBUG org.activiti.engine.impl.TablePageMap.selectTableCount  - ==&gt; Parameters: 
10:44:56,941 [main] DEBUG org.activiti.engine.impl.TablePageMap.selectTableCount  - &lt;==      Total: 1
10:44:56,941 [main] DEBUG org.activiti.engine.impl.persistence.entity.TableDataManager  - selecting table count for ACT_RU_JOB
10:44:56,941 [main] DEBUG org.activiti.engine.impl.TablePageMap.selectTableCount  - ==&gt;  Preparing: select count(*) from ACT_RU_JOB 
10:44:56,941 [main] DEBUG org.activiti.engine.impl.TablePageMap.selectTableCount  - ==&gt; Parameters: 
10:44:56,941 [main] DEBUG org.activiti.engine.impl.TablePageMap.selectTableCount  - &lt;==      Total: 1
10:44:56,941 [main] DEBUG org.activiti.engine.impl.persistence.entity.TableDataManager  - selecting table count for ACT_RU_TASK
10:44:56,941 [main] DEBUG org.activiti.engine.impl.TablePageMap.selectTableCount  - ==&gt;  Preparing: select count(*) from ACT_RU_TASK 
10:44:56,941 [main] DEBUG org.activiti.engine.impl.TablePageMap.selectTableCount  - ==&gt; Parameters: 
10:44:56,941 [main] DEBUG org.activiti.engine.impl.TablePageMap.selectTableCount  - &lt;==      Total: 1
10:44:56,941 [main] DEBUG org.activiti.engine.impl.persistence.entity.TableDataManager  - selecting table count for ACT_RU_VARIABLE
10:44:56,941 [main] DEBUG org.activiti.engine.impl.TablePageMap.selectTableCount  - ==&gt;  Preparing: select count(*) from ACT_RU_VARIABLE 
10:44:56,941 [main] DEBUG org.activiti.engine.impl.TablePageMap.selectTableCount  - ==&gt; Parameters: 
10:44:56,941 [main] DEBUG org.activiti.engine.impl.TablePageMap.selectTableCount  - &lt;==      Total: 1
10:44:56,941 [main] DEBUG org.activiti.engine.impl.persistence.entity.TableDataManager  - Number of rows per activiti table: {ACT_RU_EVENT_SUBSCR=0, ACT_ID_USER=0, ACT_HI_ATTACHMENT=0, ACT_GE_BYTEARRAY=1, ACT_RE_MODEL=0, ACT_RU_VARIABLE=0, ACT_RU_TASK=3, ACT_RE_DEPLOYMENT=1, ACT_RE_PROCDEF=1, ACT_ID_GROUP=0, ACT_HI_VARINST=0, ACT_HI_COMMENT=0, ACT_HI_PROCINST=3, ACT_ID_INFO=0, ACT_ID_MEMBERSHIP=0, ACT_RU_JOB=4, ACT_PROCDEF_INFO=0, ACT_HI_ACTINST=6, ACT_RU_EXECUTION=6, ACT_HI_TASKINST=3, ACT_HI_DETAIL=0, ACT_EVT_LOG=0, ACT_HI_IDENTITYLINK=0, ACT_RU_IDENTITYLINK=0, ACT_GE_PROPERTY=3}
10:44:56,941 [main] DEBUG org.activiti.engine.impl.db.DbSqlSession  - flush summary: 0 insert, 0 update, 0 delete.
10:44:56,941 [main] DEBUG org.activiti.engine.impl.db.DbSqlSession  - now executing flush...
10:44:56,941 [main] DEBUG org.activiti.engine.impl.cfg.standalone.StandaloneMybatisTransactionContext  - firing event committing...
10:44:56,941 [main] DEBUG org.activiti.engine.impl.cfg.standalone.StandaloneMybatisTransactionContext  - committing the ibatis sql session...
10:44:56,941 [main] DEBUG org.activiti.engine.impl.cfg.standalone.StandaloneMybatisTransactionContext  - firing event committed...
10:44:56,941 [main] DEBUG org.apache.ibatis.transaction.jdbc.JdbcTransaction  - Resetting autocommit to true on JDBC Connection [conn4: url=jdbc:h2:mem:activiti user=SA]
10:44:56,941 [main] DEBUG org.apache.ibatis.transaction.jdbc.JdbcTransaction  - Closing JDBC Connection [conn4: url=jdbc:h2:mem:activiti user=SA]
10:44:56,941 [main] DEBUG org.apache.ibatis.datasource.pooled.PooledDataSource  - Returned connection 297240765 to pool.
10:44:56,941 [main] DEBUG org.activiti.engine.impl.interceptor.LogInterceptor  - --- GetTableCountCmd finished --------------------------------------------------------
10:44:56,941 [main] DEBUG org.activiti.engine.impl.interceptor.LogInterceptor  - 

10:44:56,941 [main] ERROR org.activiti.engine.impl.test.PvmTestCase  - 

10:44:56,941 [main] ERROR org.activiti.engine.impl.test.PvmTestCase  - DB NOT CLEAN: 
  ACT_GE_BYTEARRAY: 1 record(s)   ACT_RU_TASK: 3 record(s)   ACT_RE_DEPLOYMENT: 1 record(s)   ACT_RE_PROCDEF: 1 record(s)   ACT_HI_PROCINST: 3 record(s)   ACT_RU_JOB: 4 record(s)   ACT_HI_ACTINST: 6 record(s)   ACT_RU_EXECUTION: 6 record(s)   ACT_HI_TASKINST: 3 record(s) 
10:44:56,941 [main] INFO  org.activiti.engine.impl.test.PvmTestCase  - dropping and recreating db
10:44:56,941 [main] DEBUG org.activiti.engine.impl.interceptor.LogInterceptor  - 

10:44:56,941 [main] DEBUG org.activiti.engine.impl.interceptor.LogInterceptor  - --- starting  --------------------------------------------------------
10:44:56,941 [main] INFO  org.activiti.engine.impl.db.DbSqlSession  - performing drop on engine with resource org/activiti/db/drop/activiti.h2.drop.engine.sql
10:44:56,941 [main] DEBUG org.apache.ibatis.transaction.jdbc.JdbcTransaction  - Opening JDBC Connection
10:44:56,941 [main] DEBUG org.apache.ibatis.datasource.pooled.PooledDataSource  - Checked out connection 363509958 from pool.
10:44:56,941 [main] DEBUG org.apache.ibatis.transaction.jdbc.JdbcTransaction  - Setting autocommit to false on JDBC Connection [conn2: url=jdbc:h2:mem:activiti user=SA]
10:44:56,941 [main] DEBUG org.activiti.engine.impl.db.DbSqlSession  - SQL: drop table if exists ACT_GE_PROPERTY cascade constraints
10:44:56,941 [main] DEBUG org.activiti.engine.impl.db.DbSqlSession  - SQL: drop table if exists ACT_GE_BYTEARRAY cascade constraints
10:44:56,941 [main] DEBUG org.activiti.engine.impl.db.DbSqlSession  - SQL: drop table if exists ACT_RE_DEPLOYMENT cascade constraints
10:44:56,942 [main] DEBUG org.activiti.engine.impl.db.DbSqlSession  - SQL: drop table if exists ACT_RE_MODEL cascade constraints
10:44:56,942 [main] DEBUG org.activiti.engine.impl.db.DbSqlSession  - SQL: drop table if exists ACT_RU_EXECUTION cascade constraints
10:44:56,942 [main] DEBUG org.activiti.engine.impl.db.DbSqlSession  - SQL: drop table if exists ACT_RU_JOB cascade constraints
10:44:56,942 [main] DEBUG org.activiti.engine.impl.db.DbSqlSession  - SQL: drop table if exists ACT_RE_PROCDEF cascade constraints
10:44:56,942 [main] DEBUG org.activiti.engine.impl.db.DbSqlSession  - SQL: drop table if exists ACT_RU_TASK cascade constraints
10:44:56,942 [main] DEBUG org.activiti.engine.impl.db.DbSqlSession  - SQL: drop table if exists ACT_RU_IDENTITYLINK cascade constraints
10:44:56,942 [main] DEBUG org.activiti.engine.impl.db.DbSqlSession  - SQL: drop table if exists ACT_RU_VARIABLE cascade constraints
10:44:56,942 [main] DEBUG org.activiti.engine.impl.db.DbSqlSession  - SQL: drop table if exists ACT_RU_EVENT_SUBSCR cascade constraints
10:44:56,942 [main] DEBUG org.activiti.engine.impl.db.DbSqlSession  - SQL: drop table if exists ACT_EVT_LOG cascade constraints
10:44:56,942 [main] DEBUG org.activiti.engine.impl.db.DbSqlSession  - SQL: drop table if exists ACT_PROCDEF_INFO cascade constraints
10:44:56,942 [main] DEBUG org.activiti.engine.impl.db.DbSqlSession  - SQL: drop index if exists ACT_IDX_EXEC_BUSKEY
10:44:56,942 [main] DEBUG org.activiti.engine.impl.db.DbSqlSession  - SQL: drop index if exists ACT_IDX_TASK_CREATE
10:44:56,942 [main] DEBUG org.activiti.engine.impl.db.DbSqlSession  - SQL: drop index if exists ACT_IDX_IDENT_LNK_USER
10:44:56,942 [main] DEBUG org.activiti.engine.impl.db.DbSqlSession  - SQL: drop index if exists ACT_IDX_IDENT_LNK_GROUP
10:44:56,942 [main] DEBUG org.activiti.engine.impl.db.DbSqlSession  - SQL: drop index if exists ACT_IDX_VARIABLE_TASK_ID
10:44:56,942 [main] DEBUG org.activiti.engine.impl.db.DbSqlSession  - SQL: drop index if exists ACT_IDX_EVENT_SUBSCR_CONFIG_
10:44:56,942 [main] DEBUG org.activiti.engine.impl.db.DbSqlSession  - SQL: drop index if exists ACT_IDX_ATHRZ_PROCEDEF
10:44:56,942 [main] DEBUG org.activiti.engine.impl.db.DbSqlSession  - SQL: drop index if exists ACT_IDX_INFO_PROCDEF
10:44:56,942 [main] DEBUG org.activiti.engine.impl.db.DbSqlSession  - activiti db schema drop for component engine successful
10:44:56,943 [main] INFO  org.activiti.engine.impl.db.DbSqlSession  - performing drop on history with resource org/activiti/db/drop/activiti.h2.drop.history.sql
10:44:56,943 [main] DEBUG org.activiti.engine.impl.db.DbSqlSession  - SQL: drop table if exists ACT_HI_PROCINST cascade constraints
10:44:56,943 [main] DEBUG org.activiti.engine.impl.db.DbSqlSession  - SQL: drop table if exists ACT_HI_ACTINST cascade constraints
10:44:56,943 [main] DEBUG org.activiti.engine.impl.db.DbSqlSession  - SQL: drop table if exists ACT_HI_VARINST cascade constraints
10:44:56,943 [main] DEBUG org.activiti.engine.impl.db.DbSqlSession  - SQL: drop table if exists ACT_HI_TASKINST cascade constraints
10:44:56,943 [main] DEBUG org.activiti.engine.impl.db.DbSqlSession  - SQL: drop table if exists ACT_HI_DETAIL cascade constraints
10:44:56,943 [main] DEBUG org.activiti.engine.impl.db.DbSqlSession  - SQL: drop table if exists ACT_HI_COMMENT cascade constraints
10:44:56,943 [main] DEBUG org.activiti.engine.impl.db.DbSqlSession  - SQL: drop table if exists ACT_HI_ATTACHMENT cascade constraints
10:44:56,943 [main] DEBUG org.activiti.engine.impl.db.DbSqlSession  - SQL: drop table if exists ACT_HI_IDENTITYLINK cascade constraints
10:44:56,943 [main] DEBUG org.activiti.engine.impl.db.DbSqlSession  - SQL: drop index if exists ACT_IDX_HI_PRO_INST_END
10:44:56,943 [main] DEBUG org.activiti.engine.impl.db.DbSqlSession  - SQL: drop index if exists ACT_IDX_HI_PRO_I_BUSKEY
10:44:56,943 [main] DEBUG org.activiti.engine.impl.db.DbSqlSession  - SQL: drop index if exists ACT_IDX_HI_ACT_INST_START
10:44:56,943 [main] DEBUG org.activiti.engine.impl.db.DbSqlSession  - SQL: drop index if exists ACT_IDX_HI_ACT_INST_END
10:44:56,943 [main] DEBUG org.activiti.engine.impl.db.DbSqlSession  - SQL: drop index if exists ACT_IDX_HI_DETAIL_PROC_INST
10:44:56,943 [main] DEBUG org.activiti.engine.impl.db.DbSqlSession  - SQL: drop index if exists ACT_IDX_HI_DETAIL_ACT_INST
10:44:56,943 [main] DEBUG org.activiti.engine.impl.db.DbSqlSession  - SQL: drop index if exists ACT_IDX_HI_DETAIL_TIME
10:44:56,943 [main] DEBUG org.activiti.engine.impl.db.DbSqlSession  - SQL: drop index if exists ACT_IDX_HI_DETAIL_NAME
10:44:56,943 [main] DEBUG org.activiti.engine.impl.db.DbSqlSession  - SQL: drop index if exists ACT_IDX_HI_DETAIL_TASK_ID
10:44:56,943 [main] DEBUG org.activiti.engine.impl.db.DbSqlSession  - SQL: drop index if exists ACT_IDX_HI_PROCVAR_PROC_INST
10:44:56,943 [main] DEBUG org.activiti.engine.impl.db.DbSqlSession  - SQL: drop index if exists ACT_IDX_HI_PROCVAR_NAME_TYPE
10:44:56,943 [main] DEBUG org.activiti.engine.impl.db.DbSqlSession  - SQL: drop index if exists ACT_IDX_HI_ACT_INST_PROCINST
10:44:56,943 [main] DEBUG org.activiti.engine.impl.db.DbSqlSession  - SQL: drop index if exists ACT_IDX_HI_IDENT_LNK_USER
10:44:56,943 [main] DEBUG org.activiti.engine.impl.db.DbSqlSession  - SQL: drop index if exists ACT_IDX_HI_IDENT_LNK_TASK
10:44:56,943 [main] DEBUG org.activiti.engine.impl.db.DbSqlSession  - SQL: drop index if exists ACT_IDX_HI_IDENT_LNK_PROCINST
10:44:56,943 [main] DEBUG org.activiti.engine.impl.db.DbSqlSession  - SQL: drop index if exists ACT_IDX_HI_TASK_INST_PROCINST
10:44:56,943 [main] DEBUG org.activiti.engine.impl.db.DbSqlSession  - activiti db schema drop for component history successful
10:44:56,943 [main] INFO  org.activiti.engine.impl.db.DbSqlSession  - performing drop on identity with resource org/activiti/db/drop/activiti.h2.drop.identity.sql
10:44:56,943 [main] DEBUG org.activiti.engine.impl.db.DbSqlSession  - SQL: drop table if exists ACT_ID_INFO cascade constraints
10:44:56,943 [main] DEBUG org.activiti.engine.impl.db.DbSqlSession  - SQL: drop table if exists ACT_ID_GROUP cascade constraints
10:44:56,943 [main] DEBUG org.activiti.engine.impl.db.DbSqlSession  - SQL: drop table if exists ACT_ID_MEMBERSHIP cascade constraints
10:44:56,943 [main] DEBUG org.activiti.engine.impl.db.DbSqlSession  - SQL: drop table if exists ACT_ID_USER cascade constraints
10:44:56,943 [main] DEBUG org.activiti.engine.impl.db.DbSqlSession  - activiti db schema drop for component identity successful
10:44:56,944 [main] INFO  org.activiti.engine.impl.db.DbSqlSession  - performing create on engine with resource org/activiti/db/create/activiti.h2.create.engine.sql
10:44:56,944 [main] DEBUG org.activiti.engine.impl.db.DbSqlSession  - SQL: create table ACT_GE_PROPERTY ( 
NAME_ varchar(64), 
VALUE_ varchar(300), 
REV_ integer, 
primary key (NAME_) 
)
10:44:56,944 [main] DEBUG org.activiti.engine.impl.db.DbSqlSession  - SQL: insert into ACT_GE_PROPERTY 
values (&apos;schema.version&apos;, &apos;5.20.0.0&apos;, 1)
10:44:56,944 [main] DEBUG org.activiti.engine.impl.db.DbSqlSession  - SQL: insert into ACT_GE_PROPERTY 
values (&apos;schema.history&apos;, &apos;create(5.20.0.0)&apos;, 1)
10:44:56,944 [main] DEBUG org.activiti.engine.impl.db.DbSqlSession  - SQL: insert into ACT_GE_PROPERTY 
values (&apos;next.dbid&apos;, &apos;1&apos;, 1)
10:44:56,944 [main] DEBUG org.activiti.engine.impl.db.DbSqlSession  - SQL: create table ACT_GE_BYTEARRAY ( 
ID_ varchar(64), 
REV_ integer, 
NAME_ varchar(255), 
DEPLOYMENT_ID_ varchar(64), 
BYTES_ longvarbinary, 
GENERATED_ bit, 
primary key (ID_) 
)
10:44:56,944 [main] DEBUG org.activiti.engine.impl.db.DbSqlSession  - SQL: create table ACT_RE_DEPLOYMENT ( 
ID_ varchar(64), 
NAME_ varchar(255), 
CATEGORY_ varchar(255), 
TENANT_ID_ varchar(255) default &apos;&apos;, 
DEPLOY_TIME_ timestamp, 
primary key (ID_) 
)
10:44:56,944 [main] DEBUG org.activiti.engine.impl.db.DbSqlSession  - SQL: create table ACT_RE_MODEL ( 
ID_ varchar(64) not null, 
REV_ integer, 
NAME_ varchar(255), 
KEY_ varchar(255), 
CATEGORY_ varchar(255), 
CREATE_TIME_ timestamp, 
LAST_UPDATE_TIME_ timestamp, 
VERSION_ integer, 
META_INFO_ varchar(4000), 
DEPLOYMENT_ID_ varchar(64), 
EDITOR_SOURCE_VALUE_ID_ varchar(64), 
EDITOR_SOURCE_EXTRA_VALUE_ID_ varchar(64), 
TENANT_ID_ varchar(255) default &apos;&apos;, 
primary key (ID_) 
)
10:44:56,944 [main] DEBUG org.activiti.engine.impl.db.DbSqlSession  - SQL: create table ACT_RU_EXECUTION ( 
ID_ varchar(64), 
REV_ integer, 
PROC_INST_ID_ varchar(64), 
BUSINESS_KEY_ varchar(255), 
PARENT_ID_ varchar(64), 
PROC_DEF_ID_ varchar(64), 
SUPER_EXEC_ varchar(64), 
ACT_ID_ varchar(255), 
IS_ACTIVE_ bit, 
IS_CONCURRENT_ bit, 
IS_SCOPE_ bit, 
IS_EVENT_SCOPE_ bit, 
SUSPENSION_STATE_ integer, 
CACHED_ENT_STATE_ integer, 
TENANT_ID_ varchar(255) default &apos;&apos;, 
NAME_ varchar(255), 
LOCK_TIME_ timestamp, 
primary key (ID_) 
)
10:44:56,944 [main] DEBUG org.activiti.engine.impl.db.DbSqlSession  - SQL: create table ACT_RU_JOB ( 
ID_ varchar(64) NOT NULL, 
REV_ integer, 
TYPE_ varchar(255) NOT NULL, 
LOCK_EXP_TIME_ timestamp, 
LOCK_OWNER_ varchar(255), 
EXCLUSIVE_ boolean, 
EXECUTION_ID_ varchar(64), 
PROCESS_INSTANCE_ID_ varchar(64), 
PROC_DEF_ID_ varchar(64), 
RETRIES_ integer, 
EXCEPTION_STACK_ID_ varchar(64), 
EXCEPTION_MSG_ varchar(4000), 
DUEDATE_ timestamp, 
REPEAT_ varchar(255), 
HANDLER_TYPE_ varchar(255), 
HANDLER_CFG_ varchar(4000), 
TENANT_ID_ varchar(255) default &apos;&apos;, 
primary key (ID_) 
)
10:44:56,944 [main] DEBUG org.activiti.engine.impl.db.DbSqlSession  - SQL: create table ACT_RE_PROCDEF ( 
ID_ varchar(64) NOT NULL, 
REV_ integer, 
CATEGORY_ varchar(255), 
NAME_ varchar(255), 
KEY_ varchar(255) NOT NULL, 
VERSION_ integer NOT NULL, 
DEPLOYMENT_ID_ varchar(64), 
RESOURCE_NAME_ varchar(4000), 
DGRM_RESOURCE_NAME_ varchar(4000), 
DESCRIPTION_ varchar(4000), 
HAS_START_FORM_KEY_ bit, 
HAS_GRAPHICAL_NOTATION_ bit, 
SUSPENSION_STATE_ integer, 
TENANT_ID_ varchar(255) default &apos;&apos;, 
primary key (ID_) 
)
10:44:56,944 [main] DEBUG org.activiti.engine.impl.db.DbSqlSession  - SQL: create table ACT_RU_TASK ( 
ID_ varchar(64), 
REV_ integer, 
EXECUTION_ID_ varchar(64), 
PROC_INST_ID_ varchar(64), 
PROC_DEF_ID_ varchar(64), 
NAME_ varchar(255), 
PARENT_TASK_ID_ varchar(64), 
DESCRIPTION_ varchar(4000), 
TASK_DEF_KEY_ varchar(255), 
OWNER_ varchar(255), 
ASSIGNEE_ varchar(255), 
DELEGATION_ varchar(64), 
PRIORITY_ integer, 
CREATE_TIME_ timestamp, 
DUE_DATE_ timestamp, 
CATEGORY_ varchar(255), 
SUSPENSION_STATE_ integer, 
TENANT_ID_ varchar(255) default &apos;&apos;, 
FORM_KEY_ varchar(255), 
primary key (ID_) 
)
10:44:56,944 [main] DEBUG org.activiti.engine.impl.db.DbSqlSession  - SQL: create table ACT_RU_IDENTITYLINK ( 
ID_ varchar(64), 
REV_ integer, 
GROUP_ID_ varchar(255), 
TYPE_ varchar(255), 
USER_ID_ varchar(255), 
TASK_ID_ varchar(64), 
PROC_INST_ID_ varchar(64) null, 
PROC_DEF_ID_ varchar(64), 
primary key (ID_) 
)
10:44:56,944 [main] DEBUG org.activiti.engine.impl.db.DbSqlSession  - SQL: create table ACT_RU_VARIABLE ( 
ID_ varchar(64) not null, 
REV_ integer, 
TYPE_ varchar(255) not null, 
NAME_ varchar(255) not null, 
EXECUTION_ID_ varchar(64), 
PROC_INST_ID_ varchar(64), 
TASK_ID_ varchar(64), 
BYTEARRAY_ID_ varchar(64), 
DOUBLE_ double, 
LONG_ bigint, 
TEXT_ varchar(4000), 
TEXT2_ varchar(4000), 
primary key (ID_) 
)
10:44:56,944 [main] DEBUG org.activiti.engine.impl.db.DbSqlSession  - SQL: create table ACT_RU_EVENT_SUBSCR ( 
ID_ varchar(64) not null, 
REV_ integer, 
EVENT_TYPE_ varchar(255) not null, 
EVENT_NAME_ varchar(255), 
EXECUTION_ID_ varchar(64), 
PROC_INST_ID_ varchar(64), 
ACTIVITY_ID_ varchar(64), 
CONFIGURATION_ varchar(255), 
CREATED_ timestamp not null, 
PROC_DEF_ID_ varchar(64), 
TENANT_ID_ varchar(255) default &apos;&apos;, 
primary key (ID_) 
)
10:44:56,944 [main] DEBUG org.activiti.engine.impl.db.DbSqlSession  - SQL: create table ACT_EVT_LOG ( 
LOG_NR_ identity, 
TYPE_ varchar(64), 
PROC_DEF_ID_ varchar(64), 
PROC_INST_ID_ varchar(64), 
EXECUTION_ID_ varchar(64), 
TASK_ID_ varchar(64), 
TIME_STAMP_ timestamp not null, 
USER_ID_ varchar(255), 
DATA_ longvarbinary, 
LOCK_OWNER_ varchar(255), 
LOCK_TIME_ timestamp, 
IS_PROCESSED_ bit default 0 
)
10:44:56,945 [main] DEBUG org.activiti.engine.impl.db.DbSqlSession  - SQL: create table ACT_PROCDEF_INFO ( 
ID_ varchar(64) not null, 
PROC_DEF_ID_ varchar(64) not null, 
REV_ integer, 
INFO_JSON_ID_ varchar(64), 
primary key (ID_) 
)
10:44:56,945 [main] DEBUG org.activiti.engine.impl.db.DbSqlSession  - SQL: create index ACT_IDX_EXEC_BUSKEY on ACT_RU_EXECUTION(BUSINESS_KEY_)
10:44:56,945 [main] DEBUG org.activiti.engine.impl.db.DbSqlSession  - SQL: create index ACT_IDX_TASK_CREATE on ACT_RU_TASK(CREATE_TIME_)
10:44:56,945 [main] DEBUG org.activiti.engine.impl.db.DbSqlSession  - SQL: create index ACT_IDX_IDENT_LNK_USER on ACT_RU_IDENTITYLINK(USER_ID_)
10:44:56,945 [main] DEBUG org.activiti.engine.impl.db.DbSqlSession  - SQL: create index ACT_IDX_IDENT_LNK_GROUP on ACT_RU_IDENTITYLINK(GROUP_ID_)
10:44:56,945 [main] DEBUG org.activiti.engine.impl.db.DbSqlSession  - SQL: create index ACT_IDX_EVENT_SUBSCR_CONFIG_ on ACT_RU_EVENT_SUBSCR(CONFIGURATION_)
10:44:56,945 [main] DEBUG org.activiti.engine.impl.db.DbSqlSession  - SQL: create index ACT_IDX_VARIABLE_TASK_ID on ACT_RU_VARIABLE(TASK_ID_)
10:44:56,945 [main] DEBUG org.activiti.engine.impl.db.DbSqlSession  - SQL: create index ACT_IDX_ATHRZ_PROCEDEF on ACT_RU_IDENTITYLINK(PROC_DEF_ID_)
10:44:56,945 [main] DEBUG org.activiti.engine.impl.db.DbSqlSession  - SQL: create index ACT_IDX_INFO_PROCDEF on ACT_PROCDEF_INFO(PROC_DEF_ID_)
10:44:56,945 [main] DEBUG org.activiti.engine.impl.db.DbSqlSession  - SQL: alter table ACT_GE_BYTEARRAY 
add constraint ACT_FK_BYTEARR_DEPL 
foreign key (DEPLOYMENT_ID_) 
references ACT_RE_DEPLOYMENT
10:44:56,945 [main] DEBUG org.activiti.engine.impl.db.DbSqlSession  - SQL: alter table ACT_RE_PROCDEF 
add constraint ACT_UNIQ_PROCDEF 
unique (KEY_,VERSION_, TENANT_ID_)
10:44:56,945 [main] DEBUG org.activiti.engine.impl.db.DbSqlSession  - SQL: alter table ACT_RU_EXECUTION 
add constraint ACT_FK_EXE_PROCINST 
foreign key (PROC_INST_ID_) 
references ACT_RU_EXECUTION
10:44:56,945 [main] DEBUG org.activiti.engine.impl.db.DbSqlSession  - SQL: alter table ACT_RU_EXECUTION 
add constraint ACT_FK_EXE_PARENT 
foreign key (PARENT_ID_) 
references ACT_RU_EXECUTION
10:44:56,945 [main] DEBUG org.activiti.engine.impl.db.DbSqlSession  - SQL: alter table ACT_RU_EXECUTION 
add constraint ACT_FK_EXE_SUPER 
foreign key (SUPER_EXEC_) 
references ACT_RU_EXECUTION
10:44:56,945 [main] DEBUG org.activiti.engine.impl.db.DbSqlSession  - SQL: alter table ACT_RU_EXECUTION 
add constraint ACT_FK_EXE_PROCDEF 
foreign key (PROC_DEF_ID_) 
references ACT_RE_PROCDEF (ID_)
10:44:56,945 [main] DEBUG org.activiti.engine.impl.db.DbSqlSession  - SQL: alter table ACT_RU_IDENTITYLINK 
add constraint ACT_FK_TSKASS_TASK 
foreign key (TASK_ID_) 
references ACT_RU_TASK
10:44:56,946 [main] DEBUG org.activiti.engine.impl.db.DbSqlSession  - SQL: alter table ACT_RU_IDENTITYLINK 
add constraint ACT_FK_ATHRZ_PROCEDEF 
foreign key (PROC_DEF_ID_) 
references ACT_RE_PROCDEF
10:44:56,946 [main] DEBUG org.activiti.engine.impl.db.DbSqlSession  - SQL: alter table ACT_RU_IDENTITYLINK 
add constraint ACT_FK_IDL_PROCINST 
foreign key (PROC_INST_ID_) 
references ACT_RU_EXECUTION (ID_)
10:44:56,946 [main] DEBUG org.activiti.engine.impl.db.DbSqlSession  - SQL: alter table ACT_RU_TASK 
add constraint ACT_FK_TASK_EXE 
foreign key (EXECUTION_ID_) 
references ACT_RU_EXECUTION
10:44:56,946 [main] DEBUG org.activiti.engine.impl.db.DbSqlSession  - SQL: alter table ACT_RU_TASK 
add constraint ACT_FK_TASK_PROCINST 
foreign key (PROC_INST_ID_) 
references ACT_RU_EXECUTION
10:44:56,946 [main] DEBUG org.activiti.engine.impl.db.DbSqlSession  - SQL: alter table ACT_RU_TASK 
add constraint ACT_FK_TASK_PROCDEF 
foreign key (PROC_DEF_ID_) 
references ACT_RE_PROCDEF
10:44:56,946 [main] DEBUG org.activiti.engine.impl.db.DbSqlSession  - SQL: alter table ACT_RU_VARIABLE 
add constraint ACT_FK_VAR_EXE 
foreign key (EXECUTION_ID_) 
references ACT_RU_EXECUTION
10:44:56,946 [main] DEBUG org.activiti.engine.impl.db.DbSqlSession  - SQL: alter table ACT_RU_VARIABLE 
add constraint ACT_FK_VAR_PROCINST 
foreign key (PROC_INST_ID_) 
references ACT_RU_EXECUTION
10:44:56,946 [main] DEBUG org.activiti.engine.impl.db.DbSqlSession  - SQL: alter table ACT_RU_VARIABLE 
add constraint ACT_FK_VAR_BYTEARRAY 
foreign key (BYTEARRAY_ID_) 
references ACT_GE_BYTEARRAY
10:44:56,946 [main] DEBUG org.activiti.engine.impl.db.DbSqlSession  - SQL: alter table ACT_RU_JOB 
add constraint ACT_FK_JOB_EXCEPTION 
foreign key (EXCEPTION_STACK_ID_) 
references ACT_GE_BYTEARRAY
10:44:56,947 [main] DEBUG org.activiti.engine.impl.db.DbSqlSession  - SQL: alter table ACT_RU_EVENT_SUBSCR 
add constraint ACT_FK_EVENT_EXEC 
foreign key (EXECUTION_ID_) 
references ACT_RU_EXECUTION
10:44:56,947 [main] DEBUG org.activiti.engine.impl.db.DbSqlSession  - SQL: alter table ACT_RE_MODEL 
add constraint ACT_FK_MODEL_SOURCE 
foreign key (EDITOR_SOURCE_VALUE_ID_) 
references ACT_GE_BYTEARRAY (ID_)
10:44:56,947 [main] DEBUG org.activiti.engine.impl.db.DbSqlSession  - SQL: alter table ACT_RE_MODEL 
add constraint ACT_FK_MODEL_SOURCE_EXTRA 
foreign key (EDITOR_SOURCE_EXTRA_VALUE_ID_) 
references ACT_GE_BYTEARRAY (ID_)
10:44:56,947 [main] DEBUG org.activiti.engine.impl.db.DbSqlSession  - SQL: alter table ACT_RE_MODEL 
add constraint ACT_FK_MODEL_DEPLOYMENT 
foreign key (DEPLOYMENT_ID_) 
references ACT_RE_DEPLOYMENT (ID_)
10:44:56,947 [main] DEBUG org.activiti.engine.impl.db.DbSqlSession  - SQL: alter table ACT_PROCDEF_INFO 
add constraint ACT_FK_INFO_JSON_BA 
foreign key (INFO_JSON_ID_) 
references ACT_GE_BYTEARRAY (ID_)
10:44:56,947 [main] DEBUG org.activiti.engine.impl.db.DbSqlSession  - SQL: alter table ACT_PROCDEF_INFO 
add constraint ACT_FK_INFO_PROCDEF 
foreign key (PROC_DEF_ID_) 
references ACT_RE_PROCDEF (ID_)
10:44:56,947 [main] DEBUG org.activiti.engine.impl.db.DbSqlSession  - SQL: alter table ACT_PROCDEF_INFO 
add constraint ACT_UNIQ_INFO_PROCDEF 
unique (PROC_DEF_ID_)
10:44:56,947 [main] DEBUG org.activiti.engine.impl.db.DbSqlSession  - activiti db schema create for component engine successful
10:44:56,948 [main] INFO  org.activiti.engine.impl.db.DbSqlSession  - performing create on history with resource org/activiti/db/create/activiti.h2.create.history.sql
10:44:56,948 [main] DEBUG org.activiti.engine.impl.db.DbSqlSession  - SQL: create table ACT_HI_PROCINST ( 
ID_ varchar(64) not null, 
PROC_INST_ID_ varchar(64) not null, 
BUSINESS_KEY_ varchar(255), 
PROC_DEF_ID_ varchar(64) not null, 
START_TIME_ timestamp not null, 
END_TIME_ timestamp, 
DURATION_ bigint, 
START_USER_ID_ varchar(255), 
START_ACT_ID_ varchar(255), 
END_ACT_ID_ varchar(255), 
SUPER_PROCESS_INSTANCE_ID_ varchar(64), 
DELETE_REASON_ varchar(4000), 
TENANT_ID_ varchar(255) default &apos;&apos;, 
NAME_ varchar(255), 
primary key (ID_), 
unique (PROC_INST_ID_) 
)
10:44:56,948 [main] DEBUG org.activiti.engine.impl.db.DbSqlSession  - SQL: create table ACT_HI_ACTINST ( 
ID_ varchar(64) not null, 
PROC_DEF_ID_ varchar(64) not null, 
PROC_INST_ID_ varchar(64) not null, 
EXECUTION_ID_ varchar(64) not null, 
ACT_ID_ varchar(255) not null, 
TASK_ID_ varchar(64), 
CALL_PROC_INST_ID_ varchar(64), 
ACT_NAME_ varchar(255), 
ACT_TYPE_ varchar(255) not null, 
ASSIGNEE_ varchar(255), 
START_TIME_ timestamp not null, 
END_TIME_ timestamp, 
DURATION_ bigint, 
TENANT_ID_ varchar(255) default &apos;&apos;, 
primary key (ID_) 
)
10:44:56,948 [main] DEBUG org.activiti.engine.impl.db.DbSqlSession  - SQL: create table ACT_HI_TASKINST ( 
ID_ varchar(64) not null, 
PROC_DEF_ID_ varchar(64), 
TASK_DEF_KEY_ varchar(255), 
PROC_INST_ID_ varchar(64), 
EXECUTION_ID_ varchar(64), 
NAME_ varchar(255), 
PARENT_TASK_ID_ varchar(64), 
DESCRIPTION_ varchar(4000), 
OWNER_ varchar(255), 
ASSIGNEE_ varchar(255), 
START_TIME_ timestamp not null, 
CLAIM_TIME_ timestamp, 
END_TIME_ timestamp, 
DURATION_ bigint, 
DELETE_REASON_ varchar(4000), 
PRIORITY_ integer, 
DUE_DATE_ timestamp, 
FORM_KEY_ varchar(255), 
CATEGORY_ varchar(255), 
TENANT_ID_ varchar(255) default &apos;&apos;, 
primary key (ID_) 
)
10:44:56,948 [main] DEBUG org.activiti.engine.impl.db.DbSqlSession  - SQL: create table ACT_HI_VARINST ( 
ID_ varchar(64) not null, 
PROC_INST_ID_ varchar(64), 
EXECUTION_ID_ varchar(64), 
TASK_ID_ varchar(64), 
NAME_ varchar(255) not null, 
VAR_TYPE_ varchar(100), 
REV_ integer, 
BYTEARRAY_ID_ varchar(64), 
DOUBLE_ double, 
LONG_ bigint, 
TEXT_ varchar(4000), 
TEXT2_ varchar(4000), 
CREATE_TIME_ timestamp, 
LAST_UPDATED_TIME_ timestamp, 
primary key (ID_) 
)
10:44:56,948 [main] DEBUG org.activiti.engine.impl.db.DbSqlSession  - SQL: create table ACT_HI_DETAIL ( 
ID_ varchar(64) not null, 
TYPE_ varchar(255) not null, 
TIME_ timestamp not null, 
NAME_ varchar(255), 
PROC_INST_ID_ varchar(64), 
EXECUTION_ID_ varchar(64), 
TASK_ID_ varchar(64), 
ACT_INST_ID_ varchar(64), 
VAR_TYPE_ varchar(255), 
REV_ integer, 
BYTEARRAY_ID_ varchar(64), 
DOUBLE_ double, 
LONG_ bigint, 
TEXT_ varchar(4000), 
TEXT2_ varchar(4000), 
primary key (ID_) 
)
10:44:56,948 [main] DEBUG org.activiti.engine.impl.db.DbSqlSession  - SQL: create table ACT_HI_COMMENT ( 
ID_ varchar(64) not null, 
TYPE_ varchar(255), 
TIME_ timestamp not null, 
USER_ID_ varchar(255), 
TASK_ID_ varchar(64), 
PROC_INST_ID_ varchar(64), 
ACTION_ varchar(255), 
MESSAGE_ varchar(4000), 
FULL_MSG_ longvarbinary, 
primary key (ID_) 
)
10:44:56,948 [main] DEBUG org.activiti.engine.impl.db.DbSqlSession  - SQL: create table ACT_HI_ATTACHMENT ( 
ID_ varchar(64) not null, 
REV_ integer, 
USER_ID_ varchar(255), 
NAME_ varchar(255), 
DESCRIPTION_ varchar(4000), 
TYPE_ varchar(255), 
TASK_ID_ varchar(64), 
PROC_INST_ID_ varchar(64), 
URL_ varchar(4000), 
CONTENT_ID_ varchar(64), 
TIME_ timestamp, 
primary key (ID_) 
)
10:44:56,949 [main] DEBUG org.activiti.engine.impl.db.DbSqlSession  - SQL: create table ACT_HI_IDENTITYLINK ( 
ID_ varchar(64), 
GROUP_ID_ varchar(255), 
TYPE_ varchar(255), 
USER_ID_ varchar(255), 
TASK_ID_ varchar(64), 
PROC_INST_ID_ varchar(64) null, 
primary key (ID_) 
)
10:44:56,949 [main] DEBUG org.activiti.engine.impl.db.DbSqlSession  - SQL: create index ACT_IDX_HI_PRO_INST_END on ACT_HI_PROCINST(END_TIME_)
10:44:56,949 [main] DEBUG org.activiti.engine.impl.db.DbSqlSession  - SQL: create index ACT_IDX_HI_PRO_I_BUSKEY on ACT_HI_PROCINST(BUSINESS_KEY_)
10:44:56,949 [main] DEBUG org.activiti.engine.impl.db.DbSqlSession  - SQL: create index ACT_IDX_HI_ACT_INST_START on ACT_HI_ACTINST(START_TIME_)
10:44:56,949 [main] DEBUG org.activiti.engine.impl.db.DbSqlSession  - SQL: create index ACT_IDX_HI_ACT_INST_END on ACT_HI_ACTINST(END_TIME_)
10:44:56,949 [main] DEBUG org.activiti.engine.impl.db.DbSqlSession  - SQL: create index ACT_IDX_HI_DETAIL_PROC_INST on ACT_HI_DETAIL(PROC_INST_ID_)
10:44:56,949 [main] DEBUG org.activiti.engine.impl.db.DbSqlSession  - SQL: create index ACT_IDX_HI_DETAIL_ACT_INST on ACT_HI_DETAIL(ACT_INST_ID_)
10:44:56,949 [main] DEBUG org.activiti.engine.impl.db.DbSqlSession  - SQL: create index ACT_IDX_HI_DETAIL_TIME on ACT_HI_DETAIL(TIME_)
10:44:56,949 [main] DEBUG org.activiti.engine.impl.db.DbSqlSession  - SQL: create index ACT_IDX_HI_DETAIL_NAME on ACT_HI_DETAIL(NAME_)
10:44:56,949 [main] DEBUG org.activiti.engine.impl.db.DbSqlSession  - SQL: create index ACT_IDX_HI_DETAIL_TASK_ID on ACT_HI_DETAIL(TASK_ID_)
10:44:56,949 [main] DEBUG org.activiti.engine.impl.db.DbSqlSession  - SQL: create index ACT_IDX_HI_PROCVAR_PROC_INST on ACT_HI_VARINST(PROC_INST_ID_)
10:44:56,949 [main] DEBUG org.activiti.engine.impl.db.DbSqlSession  - SQL: create index ACT_IDX_HI_PROCVAR_NAME_TYPE on ACT_HI_VARINST(NAME_, VAR_TYPE_)
10:44:56,949 [main] DEBUG org.activiti.engine.impl.db.DbSqlSession  - SQL: create index ACT_IDX_HI_PROCVAR_TASK_ID on ACT_HI_VARINST(TASK_ID_)
10:44:56,949 [main] DEBUG org.activiti.engine.impl.db.DbSqlSession  - SQL: create index ACT_IDX_HI_ACT_INST_PROCINST on ACT_HI_ACTINST(PROC_INST_ID_, ACT_ID_)
10:44:56,949 [main] DEBUG org.activiti.engine.impl.db.DbSqlSession  - SQL: create index ACT_IDX_HI_IDENT_LNK_USER on ACT_HI_IDENTITYLINK(USER_ID_)
10:44:56,949 [main] DEBUG org.activiti.engine.impl.db.DbSqlSession  - SQL: create index ACT_IDX_HI_IDENT_LNK_TASK on ACT_HI_IDENTITYLINK(TASK_ID_)
10:44:56,949 [main] DEBUG org.activiti.engine.impl.db.DbSqlSession  - SQL: create index ACT_IDX_HI_IDENT_LNK_PROCINST on ACT_HI_IDENTITYLINK(PROC_INST_ID_)
10:44:56,949 [main] DEBUG org.activiti.engine.impl.db.DbSqlSession  - SQL: create index ACT_IDX_HI_ACT_INST_EXEC on ACT_HI_ACTINST(EXECUTION_ID_, ACT_ID_)
10:44:56,949 [main] DEBUG org.activiti.engine.impl.db.DbSqlSession  - SQL: create index ACT_IDX_HI_TASK_INST_PROCINST on ACT_HI_TASKINST(PROC_INST_ID_)
10:44:56,949 [main] DEBUG org.activiti.engine.impl.db.DbSqlSession  - activiti db schema create for component history successful
10:44:56,949 [main] INFO  org.activiti.engine.impl.db.DbSqlSession  - performing create on identity with resource org/activiti/db/create/activiti.h2.create.identity.sql
10:44:56,949 [main] DEBUG org.activiti.engine.impl.db.DbSqlSession  - SQL: create table ACT_ID_GROUP ( 
ID_ varchar(64), 
REV_ integer, 
NAME_ varchar(255), 
TYPE_ varchar(255), 
primary key (ID_) 
)
10:44:56,949 [main] DEBUG org.activiti.engine.impl.db.DbSqlSession  - SQL: create table ACT_ID_MEMBERSHIP ( 
USER_ID_ varchar(64), 
GROUP_ID_ varchar(64), 
primary key (USER_ID_, GROUP_ID_) 
)
10:44:56,949 [main] DEBUG org.activiti.engine.impl.db.DbSqlSession  - SQL: create table ACT_ID_USER ( 
ID_ varchar(64), 
REV_ integer, 
FIRST_ varchar(255), 
LAST_ varchar(255), 
EMAIL_ varchar(255), 
PWD_ varchar(255), 
PICTURE_ID_ varchar(64), 
primary key (ID_) 
)
10:44:56,949 [main] DEBUG org.activiti.engine.impl.db.DbSqlSession  - SQL: create table ACT_ID_INFO ( 
ID_ varchar(64), 
REV_ integer, 
USER_ID_ varchar(64), 
TYPE_ varchar(64), 
KEY_ varchar(255), 
VALUE_ varchar(255), 
PASSWORD_ longvarbinary, 
PARENT_ID_ varchar(255), 
primary key (ID_) 
)
10:44:56,950 [main] DEBUG org.activiti.engine.impl.db.DbSqlSession  - SQL: alter table ACT_ID_MEMBERSHIP 
add constraint ACT_FK_MEMB_GROUP 
foreign key (GROUP_ID_) 
references ACT_ID_GROUP
10:44:56,950 [main] DEBUG org.activiti.engine.impl.db.DbSqlSession  - SQL: alter table ACT_ID_MEMBERSHIP 
add constraint ACT_FK_MEMB_USER 
foreign key (USER_ID_) 
references ACT_ID_USER
10:44:56,950 [main] DEBUG org.activiti.engine.impl.db.DbSqlSession  - activiti db schema create for component identity successful
10:44:56,950 [main] DEBUG org.activiti.engine.impl.db.DbSqlSession  - flush summary: 0 insert, 0 update, 0 delete.
10:44:56,950 [main] DEBUG org.activiti.engine.impl.db.DbSqlSession  - now executing flush...
10:44:56,950 [main] DEBUG org.activiti.engine.impl.cfg.standalone.StandaloneMybatisTransactionContext  - firing event committing...
10:44:56,950 [main] DEBUG org.activiti.engine.impl.cfg.standalone.StandaloneMybatisTransactionContext  - committing the ibatis sql session...
10:44:56,950 [main] DEBUG org.activiti.engine.impl.cfg.standalone.StandaloneMybatisTransactionContext  - firing event committed...
10:44:56,950 [main] DEBUG org.apache.ibatis.transaction.jdbc.JdbcTransaction  - Resetting autocommit to true on JDBC Connection [conn2: url=jdbc:h2:mem:activiti user=SA]
10:44:56,950 [main] DEBUG org.apache.ibatis.transaction.jdbc.JdbcTransaction  - Closing JDBC Connection [conn2: url=jdbc:h2:mem:activiti user=SA]
10:44:56,950 [main] DEBUG org.apache.ibatis.datasource.pooled.PooledDataSource  - Returned connection 363509958 to pool.
10:44:56,950 [main] DEBUG org.activiti.engine.impl.interceptor.LogInterceptor  - ---  finished --------------------------------------------------------
10:44:56,950 [main] DEBUG org.activiti.engine.impl.interceptor.LogInterceptor  - 

</system-out>
  </testcase>
  <testcase classname="org.activiti.engine.test.api.mgmt.JobQueryTest" name="testQueryByDuedateHigherThan" time="0.029">
    <error message="
### Error querying database.  Cause: org.h2.jdbc.JdbcSQLException: Syntax error in SQL statement &quot;SELECT RES.* 
     
    FROM ACT_RU_JOB RES
     
     WHERE  RES.DUEDATE_ &gt; ? 
   
     ORDER BY  ORDER[*] BY RES.ID_ ASC  
    LIMIT ? OFFSET ? &quot;; expected &quot;=, NOT, EXISTS, INTERSECTS, SELECT, FROM&quot;; SQL statement:
select RES.* 
     
    from ACT_RU_JOB RES
     
     WHERE  RES.DUEDATE_ &gt; ? 
   
     order by  order by RES.ID_ asc  
    LIMIT ? OFFSET ? [42001-176]
### The error may exist in org/activiti/db/mapping/entity/Job.xml
### The error may involve org.activiti.engine.impl.persistence.entity.JobEntity.selectJobByQueryCriteria
### The error occurred while executing a query
### SQL: select RES.*            from ACT_RU_JOB RES            WHERE  RES.DUEDATE_ &gt; ?           order by  order by RES.ID_ asc       LIMIT ? OFFSET ?
### Cause: org.h2.jdbc.JdbcSQLException: Syntax error in SQL statement &quot;SELECT RES.* 
     
    FROM ACT_RU_JOB RES
     
     WHERE  RES.DUEDATE_ &gt; ? 
   
     ORDER BY  ORDER[*] BY RES.ID_ ASC  
    LIMIT ? OFFSET ? &quot;; expected &quot;=, NOT, EXISTS, INTERSECTS, SELECT, FROM&quot;; SQL statement:
select RES.* 
     
    from ACT_RU_JOB RES
     
     WHERE  RES.DUEDATE_ &gt; ? 
   
     order by  order by RES.ID_ asc  
    LIMIT ? OFFSET ? [42001-176]" type="org.apache.ibatis.exceptions.PersistenceException">org.apache.ibatis.exceptions.PersistenceException: 
### Error querying database.  Cause: org.h2.jdbc.JdbcSQLException: Syntax error in SQL statement &quot;SELECT RES.* 
     
    FROM ACT_RU_JOB RES
     
     WHERE  RES.DUEDATE_ &gt; ? 
   
     ORDER BY  ORDER[*] BY RES.ID_ ASC  
    LIMIT ? OFFSET ? &quot;; expected &quot;=, NOT, EXISTS, INTERSECTS, SELECT, FROM&quot;; SQL statement:
select RES.* 
     
    from ACT_RU_JOB RES
     
     WHERE  RES.DUEDATE_ &gt; ? 
   
     order by  order by RES.ID_ asc  
    LIMIT ? OFFSET ? [42001-176]
### The error may exist in org/activiti/db/mapping/entity/Job.xml
### The error may involve org.activiti.engine.impl.persistence.entity.JobEntity.selectJobByQueryCriteria
### The error occurred while executing a query
### SQL: select RES.*            from ACT_RU_JOB RES            WHERE  RES.DUEDATE_ &gt; ?           order by  order by RES.ID_ asc       LIMIT ? OFFSET ?
### Cause: org.h2.jdbc.JdbcSQLException: Syntax error in SQL statement &quot;SELECT RES.* 
     
    FROM ACT_RU_JOB RES
     
     WHERE  RES.DUEDATE_ &gt; ? 
   
     ORDER BY  ORDER[*] BY RES.ID_ ASC  
    LIMIT ? OFFSET ? &quot;; expected &quot;=, NOT, EXISTS, INTERSECTS, SELECT, FROM&quot;; SQL statement:
select RES.* 
     
    from ACT_RU_JOB RES
     
     WHERE  RES.DUEDATE_ &gt; ? 
   
     order by  order by RES.ID_ asc  
    LIMIT ? OFFSET ? [42001-176]
	at org.apache.ibatis.exceptions.ExceptionFactory.wrapException(ExceptionFactory.java:30)
	at org.apache.ibatis.session.defaults.DefaultSqlSession.selectList(DefaultSqlSession.java:122)
	at org.apache.ibatis.session.defaults.DefaultSqlSession.selectList(DefaultSqlSession.java:113)
	at org.activiti.engine.impl.db.DbSqlSession.selectListWithRawParameter(DbSqlSession.java:438)
	at org.activiti.engine.impl.db.DbSqlSession.selectList(DbSqlSession.java:429)
	at org.activiti.engine.impl.db.DbSqlSession.selectList(DbSqlSession.java:419)
	at org.activiti.engine.impl.persistence.entity.JobEntityManager.findJobsByQueryCriteria(JobEntityManager.java:198)
	at org.activiti.engine.impl.JobQueryImpl.executeList(JobQueryImpl.java:243)
	at org.activiti.engine.impl.AbstractQuery.execute(AbstractQuery.java:164)
	at org.activiti.engine.impl.interceptor.CommandInvoker.execute(CommandInvoker.java:24)
	at org.activiti.engine.impl.interceptor.CommandContextInterceptor.execute(CommandContextInterceptor.java:57)
	at org.activiti.engine.impl.interceptor.LogInterceptor.execute(LogInterceptor.java:37)
	at org.activiti.engine.impl.cfg.CommandExecutorImpl.execute(CommandExecutorImpl.java:40)
	at org.activiti.engine.impl.cfg.CommandExecutorImpl.execute(CommandExecutorImpl.java:35)
	at org.activiti.engine.impl.AbstractQuery.list(AbstractQuery.java:138)
	at org.activiti.engine.test.api.mgmt.JobQueryTest.verifyQueryResults(JobQueryTest.java:400)
	at org.activiti.engine.test.api.mgmt.JobQueryTest.testQueryByDuedateHigherThan(JobQueryTest.java:216)
	at sun.reflect.NativeMethodAccessorImpl.invoke0(Native Method)
	at sun.reflect.NativeMethodAccessorImpl.invoke(NativeMethodAccessorImpl.java:62)
	at sun.reflect.DelegatingMethodAccessorImpl.invoke(DelegatingMethodAccessorImpl.java:43)
	at java.lang.reflect.Method.invoke(Method.java:498)
	at junit.framework.TestCase.runTest(TestCase.java:176)
	at org.activiti.engine.impl.test.PvmTestCase.runTest(PvmTestCase.java:65)
	at junit.framework.TestCase.runBare(TestCase.java:141)
	at org.activiti.engine.impl.test.AbstractActivitiTestCase.runBare(AbstractActivitiTestCase.java:100)
	at junit.framework.TestResult$1.protect(TestResult.java:122)
	at junit.framework.TestResult.runProtected(TestResult.java:142)
	at junit.framework.TestResult.run(TestResult.java:125)
	at junit.framework.TestCase.run(TestCase.java:129)
	at junit.framework.TestSuite.runTest(TestSuite.java:255)
	at junit.framework.TestSuite.run(TestSuite.java:250)
	at org.junit.internal.runners.JUnit38ClassRunner.run(JUnit38ClassRunner.java:84)
	at org.apache.maven.surefire.junit4.JUnit4TestSet.execute(JUnit4TestSet.java:35)
	at org.apache.maven.surefire.junit4.JUnit4Provider.executeTestSet(JUnit4Provider.java:146)
	at org.apache.maven.surefire.junit4.JUnit4Provider.invoke(JUnit4Provider.java:97)
	at sun.reflect.NativeMethodAccessorImpl.invoke0(Native Method)
	at sun.reflect.NativeMethodAccessorImpl.invoke(NativeMethodAccessorImpl.java:62)
	at sun.reflect.DelegatingMethodAccessorImpl.invoke(DelegatingMethodAccessorImpl.java:43)
	at java.lang.reflect.Method.invoke(Method.java:498)
	at org.apache.maven.surefire.booter.ProviderFactory$ClassLoaderProxy.invoke(ProviderFactory.java:103)
	at com.sun.proxy.$Proxy0.invoke(Unknown Source)
	at org.apache.maven.surefire.booter.SurefireStarter.invokeProvider(SurefireStarter.java:145)
	at org.apache.maven.surefire.booter.SurefireStarter.runSuitesInProcess(SurefireStarter.java:87)
	at org.apache.maven.surefire.booter.ForkedBooter.main(ForkedBooter.java:69)
Caused by: org.h2.jdbc.JdbcSQLException: Syntax error in SQL statement &quot;SELECT RES.* 
     
    FROM ACT_RU_JOB RES
     
     WHERE  RES.DUEDATE_ &gt; ? 
   
     ORDER BY  ORDER[*] BY RES.ID_ ASC  
    LIMIT ? OFFSET ? &quot;; expected &quot;=, NOT, EXISTS, INTERSECTS, SELECT, FROM&quot;; SQL statement:
select RES.* 
     
    from ACT_RU_JOB RES
     
     WHERE  RES.DUEDATE_ &gt; ? 
   
     order by  order by RES.ID_ asc  
    LIMIT ? OFFSET ? [42001-176]
	at org.h2.message.DbException.getJdbcSQLException(DbException.java:344)
	at org.h2.message.DbException.getSyntaxError(DbException.java:204)
	at org.h2.command.Parser.getSyntaxError(Parser.java:524)
	at org.h2.command.Parser.readTerm(Parser.java:2688)
	at org.h2.command.Parser.readFactor(Parser.java:2244)
	at org.h2.command.Parser.readSum(Parser.java:2231)
	at org.h2.command.Parser.readConcat(Parser.java:2201)
	at org.h2.command.Parser.readCondition(Parser.java:2051)
	at org.h2.command.Parser.readAnd(Parser.java:2023)
	at org.h2.command.Parser.readExpression(Parser.java:2015)
	at org.h2.command.Parser.parseEndOfQuery(Parser.java:1726)
	at org.h2.command.Parser.parseSelectUnionExtension(Parser.java:1706)
	at org.h2.command.Parser.parseSelectUnion(Parser.java:1675)
	at org.h2.command.Parser.parseSelect(Parser.java:1662)
	at org.h2.command.Parser.parsePrepared(Parser.java:434)
	at org.h2.command.Parser.parse(Parser.java:306)
	at org.h2.command.Parser.parse(Parser.java:282)
	at org.h2.command.Parser.prepareCommand(Parser.java:243)
	at org.h2.engine.Session.prepareLocal(Session.java:442)
	at org.h2.engine.Session.prepareCommand(Session.java:384)
	at org.h2.jdbc.JdbcConnection.prepareCommand(JdbcConnection.java:1188)
	at org.h2.jdbc.JdbcPreparedStatement.&lt;init&gt;(JdbcPreparedStatement.java:73)
	at org.h2.jdbc.JdbcConnection.prepareStatement(JdbcConnection.java:276)
	at sun.reflect.GeneratedMethodAccessor6.invoke(Unknown Source)
	at sun.reflect.DelegatingMethodAccessorImpl.invoke(DelegatingMethodAccessorImpl.java:43)
	at java.lang.reflect.Method.invoke(Method.java:498)
	at org.apache.ibatis.datasource.pooled.PooledConnection.invoke(PooledConnection.java:245)
	at com.sun.proxy.$Proxy12.prepareStatement(Unknown Source)
	at sun.reflect.GeneratedMethodAccessor6.invoke(Unknown Source)
	at sun.reflect.DelegatingMethodAccessorImpl.invoke(DelegatingMethodAccessorImpl.java:43)
	at java.lang.reflect.Method.invoke(Method.java:498)
	at org.apache.ibatis.logging.jdbc.ConnectionLogger.invoke(ConnectionLogger.java:55)
	at com.sun.proxy.$Proxy12.prepareStatement(Unknown Source)
	at org.apache.ibatis.executor.statement.PreparedStatementHandler.instantiateStatement(PreparedStatementHandler.java:79)
	at org.apache.ibatis.executor.statement.BaseStatementHandler.prepare(BaseStatementHandler.java:88)
	at org.apache.ibatis.executor.statement.RoutingStatementHandler.prepare(RoutingStatementHandler.java:58)
	at org.apache.ibatis.executor.SimpleExecutor.prepareStatement(SimpleExecutor.java:76)
	at org.apache.ibatis.executor.SimpleExecutor.doQuery(SimpleExecutor.java:61)
	at org.apache.ibatis.executor.BaseExecutor.queryFromDatabase(BaseExecutor.java:303)
	at org.apache.ibatis.executor.BaseExecutor.query(BaseExecutor.java:154)
	at org.apache.ibatis.executor.CachingExecutor.query(CachingExecutor.java:102)
	at org.apache.ibatis.executor.CachingExecutor.query(CachingExecutor.java:82)
	at org.apache.ibatis.session.defaults.DefaultSqlSession.selectList(DefaultSqlSession.java:120)
	... 42 more
</error>
    <system-out>10:44:56,951 [main] DEBUG org.activiti.engine.impl.interceptor.LogInterceptor  - 

10:44:56,951 [main] DEBUG org.activiti.engine.impl.interceptor.LogInterceptor  - --- starting DeployCmd --------------------------------------------------------
10:44:56,952 [main] DEBUG org.activiti.engine.impl.bpmn.deployer.BpmnDeployer  - Processing deployment null
10:44:56,952 [main] INFO  org.activiti.engine.impl.bpmn.deployer.BpmnDeployer  - Processing resource org/activiti/engine/test/api/mgmt/timerOnTask.bpmn20.xml
10:44:56,956 [main] DEBUG org.activiti.engine.impl.bpmn.parser.handler.ProcessParseHandler  - Parsing process timerOnTask
10:44:56,957 [main] DEBUG org.activiti.engine.impl.bpmn.parser.handler.AbstractBpmnParseHandler  - Parsing activity firstLineSupport
10:44:56,957 [main] DEBUG org.activiti.engine.impl.bpmn.parser.handler.AbstractBpmnParseHandler  - Parsing activity secondLineSupport
10:44:56,957 [main] DEBUG org.activiti.engine.impl.bpmn.parser.handler.AbstractBpmnParseHandler  - Parsing activity theStart
10:44:56,957 [main] DEBUG org.activiti.engine.impl.bpmn.parser.handler.AbstractBpmnParseHandler  - Parsing activity normalEnd
10:44:56,957 [main] DEBUG org.activiti.engine.impl.bpmn.parser.handler.AbstractBpmnParseHandler  - Parsing activity escalatedEnd
10:44:56,957 [main] DEBUG org.activiti.engine.impl.bpmn.parser.handler.AbstractBpmnParseHandler  - Parsing activity escalationTimer
10:44:56,957 [main] DEBUG org.apache.ibatis.transaction.jdbc.JdbcTransaction  - Opening JDBC Connection
10:44:56,957 [main] DEBUG org.apache.ibatis.datasource.pooled.PooledDataSource  - Checked out connection 180014677 from pool.
10:44:56,957 [main] DEBUG org.apache.ibatis.transaction.jdbc.JdbcTransaction  - Setting autocommit to false on JDBC Connection [conn3: url=jdbc:h2:mem:activiti user=SA]
10:44:56,957 [main] DEBUG org.activiti.engine.impl.persistence.entity.ProcessDefinitionEntity.selectLatestProcessDefinitionByKey  - ==&gt;  Preparing: select * from ACT_RE_PROCDEF where KEY_ = ? and (TENANT_ID_ = &apos;&apos; or TENANT_ID_ is null) and VERSION_ = (select max(VERSION_) from ACT_RE_PROCDEF where KEY_ = ? and (TENANT_ID_ = &apos;&apos; or TENANT_ID_ is null)) 
10:44:56,957 [main] DEBUG org.activiti.engine.impl.persistence.entity.ProcessDefinitionEntity.selectLatestProcessDefinitionByKey  - ==&gt; Parameters: timerOnTask(String), timerOnTask(String)
10:44:56,957 [main] DEBUG org.activiti.engine.impl.persistence.entity.ProcessDefinitionEntity.selectLatestProcessDefinitionByKey  - &lt;==      Total: 0
10:44:56,957 [main] DEBUG org.activiti.engine.impl.persistence.entity.JobEntity.selectJobByTypeAndProcessDefinitionKeyNoTenantId  - ==&gt;  Preparing: select J.* from ACT_RU_JOB J inner join ACT_RE_PROCDEF P on J.PROC_DEF_ID_ = P.ID_ where J.HANDLER_TYPE_ = ? and P.KEY_ = ? and (P.TENANT_ID_ = &apos;&apos; or P.TENANT_ID_ is null) 
10:44:56,957 [main] DEBUG org.activiti.engine.impl.persistence.entity.JobEntity.selectJobByTypeAndProcessDefinitionKeyNoTenantId  - ==&gt; Parameters: timer-start-event(String), timerOnTask(String)
10:44:56,957 [main] DEBUG org.activiti.engine.impl.persistence.entity.JobEntity.selectJobByTypeAndProcessDefinitionKeyNoTenantId  - &lt;==      Total: 0
10:44:56,957 [main] DEBUG org.activiti.engine.impl.persistence.entity.ProcessDefinitionInfoEntity.selectProcessDefinitionInfoByProcessDefinitionId  - ==&gt;  Preparing: select * from ACT_PROCDEF_INFO where PROC_DEF_ID_ = ? 
10:44:56,957 [main] DEBUG org.activiti.engine.impl.persistence.entity.ProcessDefinitionInfoEntity.selectProcessDefinitionInfoByProcessDefinitionId  - ==&gt; Parameters: timerOnTask:1:1437(String)
10:44:56,957 [main] DEBUG org.activiti.engine.impl.persistence.entity.ProcessDefinitionInfoEntity.selectProcessDefinitionInfoByProcessDefinitionId  - &lt;==      Total: 0
10:44:56,957 [main] DEBUG org.activiti.engine.impl.interceptor.LogInterceptor  - 

10:44:56,957 [main] DEBUG org.activiti.engine.impl.interceptor.LogInterceptor  - --- starting GetProcessDefinitionInfoCmd --------------------------------------------------------
10:44:56,957 [main] DEBUG org.activiti.engine.impl.interceptor.CommandContextInterceptor  - Valid context found. Reusing it for the current command &apos;org.activiti.engine.impl.cmd.GetProcessDefinitionInfoCmd&apos;
10:44:56,957 [main] DEBUG org.activiti.engine.impl.interceptor.LogInterceptor  - 

10:44:56,957 [main] DEBUG org.activiti.engine.impl.interceptor.LogInterceptor  - --- starting  --------------------------------------------------------
10:44:56,957 [main] DEBUG org.activiti.engine.impl.interceptor.CommandContextInterceptor  - Valid context found. Reusing it for the current command &apos;null&apos;
10:44:56,957 [main] DEBUG org.activiti.engine.impl.interceptor.LogInterceptor  - ---  finished --------------------------------------------------------
10:44:56,957 [main] DEBUG org.activiti.engine.impl.interceptor.LogInterceptor  - 

10:44:56,958 [main] DEBUG org.activiti.engine.impl.interceptor.LogInterceptor  - --- GetProcessDefinitionInfoCmd finished --------------------------------------------------------
10:44:56,958 [main] DEBUG org.activiti.engine.impl.interceptor.LogInterceptor  - 

10:44:56,958 [main] DEBUG org.activiti.engine.impl.db.DbSqlSession  -   insert ResourceEntity[id=1436, name=org/activiti/engine/test/api/mgmt/timerOnTask.bpmn20.xml]
10:44:56,958 [main] DEBUG org.activiti.engine.impl.db.DbSqlSession  -   insert DeploymentEntity[id=1435, name=null]
10:44:56,958 [main] DEBUG org.activiti.engine.impl.db.DbSqlSession  -   insert ProcessDefinitionEntity[timerOnTask:1:1437]
10:44:56,958 [main] DEBUG org.activiti.engine.impl.db.DbSqlSession  - flush summary: 3 insert, 0 update, 0 delete.
10:44:56,958 [main] DEBUG org.activiti.engine.impl.db.DbSqlSession  - now executing flush...
10:44:56,958 [main] DEBUG org.activiti.engine.impl.db.DbSqlSession  - inserting: ProcessDefinitionEntity[timerOnTask:1:1437]
10:44:56,958 [main] DEBUG org.activiti.engine.impl.persistence.entity.ProcessDefinitionEntity.insertProcessDefinition  - ==&gt;  Preparing: insert into ACT_RE_PROCDEF(ID_, REV_, CATEGORY_, NAME_, KEY_, VERSION_, DEPLOYMENT_ID_, RESOURCE_NAME_, DGRM_RESOURCE_NAME_, DESCRIPTION_, HAS_START_FORM_KEY_, HAS_GRAPHICAL_NOTATION_ , SUSPENSION_STATE_, TENANT_ID_) values (?, 1, ?, ?, ?, ?, ?, ?, ?, ?, ?, ?, ?, ?) 
10:44:56,958 [main] DEBUG org.activiti.engine.impl.persistence.entity.ProcessDefinitionEntity.insertProcessDefinition  - ==&gt; Parameters: timerOnTask:1:1437(String), org.activiti.enginge.test.api.mgmt(String), null, timerOnTask(String), 1(Integer), 1435(String), org/activiti/engine/test/api/mgmt/timerOnTask.bpmn20.xml(String), null, null, false(Boolean), false(Boolean), 1(Integer), (String)
10:44:56,958 [main] DEBUG org.activiti.engine.impl.persistence.entity.ProcessDefinitionEntity.insertProcessDefinition  - &lt;==    Updates: 1
10:44:56,958 [main] DEBUG org.activiti.engine.impl.db.DbSqlSession  - inserting: DeploymentEntity[id=1435, name=null]
10:44:56,958 [main] DEBUG org.activiti.engine.impl.persistence.entity.DeploymentEntity.insertDeployment  - ==&gt;  Preparing: insert into ACT_RE_DEPLOYMENT(ID_, NAME_, CATEGORY_, TENANT_ID_, DEPLOY_TIME_) values(?, ?, ?, ?, ?) 
10:44:56,958 [main] DEBUG org.activiti.engine.impl.persistence.entity.DeploymentEntity.insertDeployment  - ==&gt; Parameters: 1435(String), null, null, (String), 2023-03-20 12:44:56.0(Timestamp)
10:44:56,958 [main] DEBUG org.activiti.engine.impl.persistence.entity.DeploymentEntity.insertDeployment  - &lt;==    Updates: 1
10:44:56,958 [main] DEBUG org.activiti.engine.impl.db.DbSqlSession  - inserting: ResourceEntity[id=1436, name=org/activiti/engine/test/api/mgmt/timerOnTask.bpmn20.xml]
10:44:56,958 [main] DEBUG org.activiti.engine.impl.persistence.entity.ResourceEntity.insertResource  - ==&gt;  Preparing: insert into ACT_GE_BYTEARRAY(ID_, REV_, NAME_, BYTES_, DEPLOYMENT_ID_, GENERATED_) values (?, 1, ?, ?, ?, ?) 
10:44:56,958 [main] DEBUG org.activiti.engine.impl.persistence.entity.ResourceEntity.insertResource  - ==&gt; Parameters: 1436(String), org/activiti/engine/test/api/mgmt/timerOnTask.bpmn20.xml(String), java.io.ByteArrayInputStream@37348491(ByteArrayInputStream), 1435(String), false(Boolean)
10:44:56,958 [main] DEBUG org.activiti.engine.impl.persistence.entity.ResourceEntity.insertResource  - &lt;==    Updates: 1
10:44:56,958 [main] DEBUG org.activiti.engine.impl.cfg.standalone.StandaloneMybatisTransactionContext  - firing event committing...
10:44:56,958 [main] DEBUG org.activiti.engine.impl.cfg.standalone.StandaloneMybatisTransactionContext  - committing the ibatis sql session...
10:44:56,958 [main] DEBUG org.apache.ibatis.transaction.jdbc.JdbcTransaction  - Committing JDBC Connection [conn3: url=jdbc:h2:mem:activiti user=SA]
10:44:56,958 [main] DEBUG org.activiti.engine.impl.cfg.standalone.StandaloneMybatisTransactionContext  - firing event committed...
10:44:56,958 [main] DEBUG org.apache.ibatis.transaction.jdbc.JdbcTransaction  - Resetting autocommit to true on JDBC Connection [conn3: url=jdbc:h2:mem:activiti user=SA]
10:44:56,958 [main] DEBUG org.apache.ibatis.transaction.jdbc.JdbcTransaction  - Closing JDBC Connection [conn3: url=jdbc:h2:mem:activiti user=SA]
10:44:56,958 [main] DEBUG org.apache.ibatis.datasource.pooled.PooledDataSource  - Returned connection 180014677 to pool.
10:44:56,958 [main] DEBUG org.activiti.engine.impl.interceptor.LogInterceptor  - --- DeployCmd finished --------------------------------------------------------
10:44:56,958 [main] DEBUG org.activiti.engine.impl.interceptor.LogInterceptor  - 

10:44:56,958 [main] DEBUG org.activiti.engine.impl.interceptor.LogInterceptor  - 

10:44:56,958 [main] DEBUG org.activiti.engine.impl.interceptor.LogInterceptor  - --- starting StartProcessInstanceCmd --------------------------------------------------------
10:44:56,958 [main] DEBUG org.apache.ibatis.transaction.jdbc.JdbcTransaction  - Opening JDBC Connection
10:44:56,958 [main] DEBUG org.apache.ibatis.datasource.pooled.PooledDataSource  - Checked out connection 297240765 from pool.
10:44:56,958 [main] DEBUG org.apache.ibatis.transaction.jdbc.JdbcTransaction  - Setting autocommit to false on JDBC Connection [conn4: url=jdbc:h2:mem:activiti user=SA]
10:44:56,958 [main] DEBUG org.activiti.engine.impl.persistence.entity.ProcessDefinitionEntity.selectLatestProcessDefinitionByKey  - ==&gt;  Preparing: select * from ACT_RE_PROCDEF where KEY_ = ? and (TENANT_ID_ = &apos;&apos; or TENANT_ID_ is null) and VERSION_ = (select max(VERSION_) from ACT_RE_PROCDEF where KEY_ = ? and (TENANT_ID_ = &apos;&apos; or TENANT_ID_ is null)) 
10:44:56,958 [main] DEBUG org.activiti.engine.impl.persistence.entity.ProcessDefinitionEntity.selectLatestProcessDefinitionByKey  - ==&gt; Parameters: timerOnTask(String), timerOnTask(String)
10:44:56,958 [main] DEBUG org.activiti.engine.impl.persistence.entity.ProcessDefinitionEntity.selectLatestProcessDefinitionByKey  - &lt;==      Total: 1
10:44:56,958 [main] DEBUG org.activiti.engine.impl.persistence.entity.ExecutionEntity  - initializing ProcessInstance[1438]
10:44:56,958 [main] DEBUG org.activiti.engine.impl.history.DefaultHistoryManager  - Current history level: FULL, level required: ACTIVITY
10:44:56,958 [main] DEBUG org.activiti.engine.impl.pvm.runtime.AtomicOperationActivityExecute  - ProcessInstance[1438] executes Activity(theStart): org.activiti.engine.impl.bpmn.behavior.NoneStartEventActivityBehavior
10:44:56,959 [main] DEBUG org.activiti.engine.impl.persistence.entity.JobEntity.selectJobsByExecutionId  - ==&gt;  Preparing: select * from ACT_RU_JOB J where J.EXECUTION_ID_ = ? 
10:44:56,959 [main] DEBUG org.activiti.engine.impl.persistence.entity.JobEntity.selectJobsByExecutionId  - ==&gt; Parameters: 1438(String)
10:44:56,959 [main] DEBUG org.activiti.engine.impl.persistence.entity.JobEntity.selectJobsByExecutionId  - &lt;==      Total: 0
10:44:56,959 [main] DEBUG org.activiti.engine.impl.bpmn.behavior.BpmnActivityBehavior  - Leaving activity &apos;theStart&apos;
10:44:56,959 [main] DEBUG org.activiti.engine.impl.history.DefaultHistoryManager  - Current history level: FULL, level required: ACTIVITY
10:44:56,959 [main] DEBUG org.activiti.engine.impl.pvm.runtime.AtomicOperationTransitionNotifyListenerTake  - ProcessInstance[1438] takes transition (theStart)--flow1--&gt;(firstLineSupport)
10:44:56,959 [main] DEBUG org.activiti.engine.impl.persistence.entity.ExecutionEntity  - Child execution ScopeExecution[1440] created with parent 
10:44:56,959 [main] DEBUG org.activiti.engine.impl.pvm.runtime.AtomicOperationTransitionCreateScope  - create scope: parent ProcessInstance[1438] continues as execution ScopeExecution[1440]
10:44:56,959 [main] DEBUG org.activiti.engine.impl.persistence.entity.ExecutionEntity  - initializing ScopeExecution[1440]
10:44:56,959 [main] DEBUG org.activiti.engine.impl.persistence.entity.JobEntity.selectJobsByExecutionId  - ==&gt;  Preparing: select * from ACT_RU_JOB J where J.EXECUTION_ID_ = ? 
10:44:56,959 [main] DEBUG org.activiti.engine.impl.persistence.entity.JobEntity.selectJobsByExecutionId  - ==&gt; Parameters: 1440(String)
10:44:56,959 [main] DEBUG org.activiti.engine.impl.persistence.entity.JobEntity.selectJobsByExecutionId  - &lt;==      Total: 0
10:44:56,959 [main] DEBUG org.activiti.engine.impl.history.DefaultHistoryManager  - Current history level: FULL, level required: ACTIVITY
10:44:56,959 [main] DEBUG org.activiti.engine.impl.pvm.runtime.AtomicOperationActivityExecute  - ScopeExecution[1440] executes Activity(firstLineSupport): org.activiti.engine.impl.bpmn.behavior.UserTaskActivityBehavior
10:44:56,959 [main] DEBUG org.activiti.engine.impl.persistence.entity.TaskEntity.selectTasksByExecutionId  - ==&gt;  Preparing: select distinct T.* from ACT_RU_TASK T where T.EXECUTION_ID_ = ? 
10:44:56,959 [main] DEBUG org.activiti.engine.impl.persistence.entity.TaskEntity.selectTasksByExecutionId  - ==&gt; Parameters: 1440(String)
10:44:56,959 [main] DEBUG org.activiti.engine.impl.persistence.entity.TaskEntity.selectTasksByExecutionId  - &lt;==      Total: 0
10:44:56,959 [main] DEBUG org.activiti.engine.impl.history.DefaultHistoryManager  - Current history level: FULL, level required: AUDIT
10:44:56,959 [main] DEBUG org.activiti.engine.impl.history.DefaultHistoryManager  - Current history level: FULL, level required: AUDIT
10:44:56,959 [main] DEBUG org.activiti.engine.impl.interceptor.LogInterceptor  - 

10:44:56,959 [main] DEBUG org.activiti.engine.impl.interceptor.LogInterceptor  - --- starting  --------------------------------------------------------
10:44:56,959 [main] DEBUG org.activiti.engine.impl.interceptor.CommandContextInterceptor  - Valid context found. Reusing it for the current command &apos;null&apos;
10:44:56,959 [main] DEBUG org.activiti.engine.impl.persistence.entity.ProcessDefinitionInfoEntity.selectProcessDefinitionInfoByProcessDefinitionId  - ==&gt;  Preparing: select * from ACT_PROCDEF_INFO where PROC_DEF_ID_ = ? 
10:44:56,959 [main] DEBUG org.activiti.engine.impl.persistence.entity.ProcessDefinitionInfoEntity.selectProcessDefinitionInfoByProcessDefinitionId  - ==&gt; Parameters: timerOnTask:1:1437(String)
10:44:56,959 [main] DEBUG org.activiti.engine.impl.persistence.entity.ProcessDefinitionInfoEntity.selectProcessDefinitionInfoByProcessDefinitionId  - &lt;==      Total: 0
10:44:56,959 [main] DEBUG org.activiti.engine.impl.interceptor.LogInterceptor  - ---  finished --------------------------------------------------------
10:44:56,959 [main] DEBUG org.activiti.engine.impl.interceptor.LogInterceptor  - 

10:44:56,959 [main] DEBUG org.activiti.engine.impl.history.DefaultHistoryManager  - Current history level: FULL, level required: AUDIT
10:44:56,959 [main] DEBUG org.activiti.engine.impl.history.DefaultHistoryManager  - Current history level: FULL, level required: AUDIT
10:44:56,959 [main] DEBUG org.activiti.engine.impl.history.DefaultHistoryManager  - Current history level: FULL, level required: ACTIVITY
10:44:56,959 [main] DEBUG org.activiti.engine.impl.db.DbSqlSession  -   insert ProcessInstance[1438]
10:44:56,959 [main] DEBUG org.activiti.engine.impl.db.DbSqlSession  -   insert ScopeExecution[1440]
10:44:56,959 [main] DEBUG org.activiti.engine.impl.db.DbSqlSession  -   insert HistoricProcessInstanceEntity[superProcessInstanceId=null]
10:44:56,959 [main] DEBUG org.activiti.engine.impl.db.DbSqlSession  -   insert Task[id=1443, name=First line support]
10:44:56,959 [main] DEBUG org.activiti.engine.impl.db.DbSqlSession  -   insert HistoricTaskInstanceEntity[id=1443, name=First line support]
10:44:56,959 [main] DEBUG org.activiti.engine.impl.db.DbSqlSession  -   insert HistoricActivityInstanceEntity[activityId=theStart, activityName=null]
10:44:56,959 [main] DEBUG org.activiti.engine.impl.db.DbSqlSession  -   insert HistoricActivityInstanceEntity[activityId=firstLineSupport, activityName=First line support]
10:44:56,959 [main] DEBUG org.activiti.engine.impl.db.DbSqlSession  -   insert JobEntity [id=1441]
10:44:56,959 [main] DEBUG org.activiti.engine.impl.db.DbSqlSession  - flush summary: 8 insert, 0 update, 0 delete.
10:44:56,959 [main] DEBUG org.activiti.engine.impl.db.DbSqlSession  - now executing flush...
10:44:56,959 [main] DEBUG org.activiti.engine.impl.db.DbSqlSession  - inserting: HistoricTaskInstanceEntity[id=1443, name=First line support]
10:44:56,959 [main] DEBUG org.activiti.engine.impl.persistence.entity.HistoricTaskInstanceEntity.insertHistoricTaskInstance  - ==&gt;  Preparing: insert into ACT_HI_TASKINST ( ID_, PROC_DEF_ID_, PROC_INST_ID_, EXECUTION_ID_, NAME_, PARENT_TASK_ID_, DESCRIPTION_, OWNER_, ASSIGNEE_, START_TIME_, CLAIM_TIME_, END_TIME_, DURATION_, DELETE_REASON_, TASK_DEF_KEY_, FORM_KEY_, PRIORITY_, DUE_DATE_, CATEGORY_, TENANT_ID_ ) values ( ?, ?, ?, ?, ?, ?, ?, ?, ?, ?, ?, ?, ?, ?, ?, ?, ?, ?, ?, ? ) 
10:44:56,959 [main] DEBUG org.activiti.engine.impl.persistence.entity.HistoricTaskInstanceEntity.insertHistoricTaskInstance  - ==&gt; Parameters: 1443(String), timerOnTask:1:1437(String), 1438(String), 1440(String), First line support(String), null, null, null, null, 2023-03-20 10:44:56.0(Timestamp), null, null, null, null, firstLineSupport(String), null, 50(Integer), null, null, (String)
10:44:56,959 [main] DEBUG org.activiti.engine.impl.persistence.entity.HistoricTaskInstanceEntity.insertHistoricTaskInstance  - &lt;==    Updates: 1
10:44:56,959 [main] DEBUG org.activiti.engine.impl.db.DbSqlSession  - inserting: HistoricProcessInstanceEntity[superProcessInstanceId=null]
10:44:56,959 [main] DEBUG org.activiti.engine.impl.persistence.entity.HistoricProcessInstanceEntity.insertHistoricProcessInstance  - ==&gt;  Preparing: insert into ACT_HI_PROCINST ( ID_, PROC_INST_ID_, BUSINESS_KEY_, PROC_DEF_ID_, START_TIME_, END_TIME_, DURATION_, START_USER_ID_, START_ACT_ID_, END_ACT_ID_, SUPER_PROCESS_INSTANCE_ID_, DELETE_REASON_, TENANT_ID_, NAME_ ) values ( ?, ?, ?, ?, ?, ?, ?, ?, ?, ?, ?, ?, ?, ? ) 
10:44:56,959 [main] DEBUG org.activiti.engine.impl.persistence.entity.HistoricProcessInstanceEntity.insertHistoricProcessInstance  - ==&gt; Parameters: 1438(String), 1438(String), null, timerOnTask:1:1437(String), 2023-03-20 10:44:56.0(Timestamp), null, null, null, theStart(String), null, null, null, (String), null
10:44:56,959 [main] DEBUG org.activiti.engine.impl.persistence.entity.HistoricProcessInstanceEntity.insertHistoricProcessInstance  - &lt;==    Updates: 1
10:44:56,960 [main] DEBUG org.activiti.engine.impl.persistence.entity.HistoricActivityInstanceEntity.bulkInsertHistoricActivityInstance  - ==&gt;  Preparing: insert into ACT_HI_ACTINST ( ID_, PROC_DEF_ID_, PROC_INST_ID_, EXECUTION_ID_, ACT_ID_, TASK_ID_, CALL_PROC_INST_ID_, ACT_NAME_, ACT_TYPE_, ASSIGNEE_, START_TIME_, END_TIME_, DURATION_, TENANT_ID_ ) values (?, ?, ?, ?, ?, ?, ?, ?, ?, ?, ?, ?, ?, ?) , (?, ?, ?, ?, ?, ?, ?, ?, ?, ?, ?, ?, ?, ?) 
10:44:56,960 [main] DEBUG org.activiti.engine.impl.persistence.entity.HistoricActivityInstanceEntity.bulkInsertHistoricActivityInstance  - ==&gt; Parameters: 1439(String), timerOnTask:1:1437(String), 1438(String), 1438(String), theStart(String), null, null, null, startEvent(String), null, 2023-03-20 10:44:56.0(Timestamp), 2023-03-20 10:44:56.0(Timestamp), 0(Long), (String), 1442(String), timerOnTask:1:1437(String), 1438(String), 1440(String), firstLineSupport(String), 1443(String), null, First line support(String), userTask(String), null, 2023-03-20 10:44:56.0(Timestamp), null, null, (String)
10:44:56,960 [main] DEBUG org.activiti.engine.impl.persistence.entity.HistoricActivityInstanceEntity.bulkInsertHistoricActivityInstance  - &lt;==    Updates: 2
10:44:56,960 [main] DEBUG org.activiti.engine.impl.persistence.entity.ExecutionEntity.bulkInsertExecution  - ==&gt;  Preparing: insert into ACT_RU_EXECUTION (ID_, REV_, PROC_INST_ID_, BUSINESS_KEY_, PROC_DEF_ID_, ACT_ID_, IS_ACTIVE_, IS_CONCURRENT_, IS_SCOPE_,IS_EVENT_SCOPE_, PARENT_ID_, SUPER_EXEC_, SUSPENSION_STATE_, CACHED_ENT_STATE_, TENANT_ID_, NAME_) values (?, 1, ?, ?, ?, ?, ?, ?, ?, ?, ?, ?, ?, ?, ?, ?) , (?, 1, ?, ?, ?, ?, ?, ?, ?, ?, ?, ?, ?, ?, ?, ?) 
10:44:56,960 [main] DEBUG org.activiti.engine.impl.persistence.entity.ExecutionEntity.bulkInsertExecution  - ==&gt; Parameters: 1438(String), 1438(String), null, timerOnTask:1:1437(String), null, false(Boolean), false(Boolean), true(Boolean), false(Boolean), null, null, 1(Integer), 2(Integer), (String), null, 1440(String), 1438(String), null, timerOnTask:1:1437(String), firstLineSupport(String), true(Boolean), false(Boolean), true(Boolean), false(Boolean), 1438(String), null, 1(Integer), 6(Integer), (String), null
10:44:56,960 [main] DEBUG org.activiti.engine.impl.persistence.entity.ExecutionEntity.bulkInsertExecution  - &lt;==    Updates: 2
10:44:56,960 [main] DEBUG org.activiti.engine.impl.db.DbSqlSession  - inserting: Task[id=1443, name=First line support]
10:44:56,960 [main] DEBUG org.activiti.engine.impl.persistence.entity.TaskEntity.insertTask  - ==&gt;  Preparing: insert into ACT_RU_TASK (ID_, REV_, NAME_, PARENT_TASK_ID_, DESCRIPTION_, PRIORITY_, CREATE_TIME_, OWNER_, ASSIGNEE_, DELEGATION_, EXECUTION_ID_, PROC_INST_ID_, PROC_DEF_ID_, TASK_DEF_KEY_, DUE_DATE_, CATEGORY_, SUSPENSION_STATE_, TENANT_ID_, FORM_KEY_) values (?, 1, ?, ?, ?, ?, ?, ?, ?, ?, ?, ?, ?, ?, ?, ?, ?, ?, ? ) 
10:44:56,960 [main] DEBUG org.activiti.engine.impl.persistence.entity.TaskEntity.insertTask  - ==&gt; Parameters: 1443(String), First line support(String), null, null, 50(Integer), 2023-03-20 10:44:56.0(Timestamp), null, null, null, 1440(String), 1438(String), timerOnTask:1:1437(String), firstLineSupport(String), null, null, 1(Integer), (String), null
10:44:56,960 [main] DEBUG org.activiti.engine.impl.persistence.entity.TaskEntity.insertTask  - &lt;==    Updates: 1
10:44:56,960 [main] DEBUG org.activiti.engine.impl.db.DbSqlSession  - inserting: JobEntity [id=1441]
10:44:56,960 [main] DEBUG org.activiti.engine.impl.persistence.entity.JobEntity.insertTimer  - ==&gt;  Preparing: insert into ACT_RU_JOB ( ID_, REV_, TYPE_, LOCK_OWNER_, LOCK_EXP_TIME_, EXCLUSIVE_, EXECUTION_ID_, PROCESS_INSTANCE_ID_, PROC_DEF_ID_, RETRIES_, EXCEPTION_STACK_ID_, EXCEPTION_MSG_, DUEDATE_, REPEAT_, HANDLER_TYPE_, HANDLER_CFG_, TENANT_ID_) values (?, 1, &apos;timer&apos;, ?, ?, ?, ?, ?, ?, ?, ?, ?, ?, ?, ?, ?, ? ) 
10:44:56,960 [main] DEBUG org.activiti.engine.impl.persistence.entity.JobEntity.insertTimer  - ==&gt; Parameters: 1441(String), null, null, true(Boolean), 1440(String), 1438(String), timerOnTask:1:1437(String), 3(Integer), null, null, 2023-03-20 11:44:56.0(Timestamp), null, timer-transition(String), {&quot;activityId&quot;:&quot;escalationTimer&quot;}(String), (String)
10:44:56,960 [main] DEBUG org.activiti.engine.impl.persistence.entity.JobEntity.insertTimer  - &lt;==    Updates: 1
10:44:56,960 [main] DEBUG org.activiti.engine.impl.cfg.standalone.StandaloneMybatisTransactionContext  - firing event committing...
10:44:56,960 [main] DEBUG org.activiti.engine.impl.cfg.standalone.StandaloneMybatisTransactionContext  - committing the ibatis sql session...
10:44:56,960 [main] DEBUG org.apache.ibatis.transaction.jdbc.JdbcTransaction  - Committing JDBC Connection [conn4: url=jdbc:h2:mem:activiti user=SA]
10:44:56,960 [main] DEBUG org.activiti.engine.impl.cfg.standalone.StandaloneMybatisTransactionContext  - firing event committed...
10:44:56,960 [main] DEBUG org.apache.ibatis.transaction.jdbc.JdbcTransaction  - Resetting autocommit to true on JDBC Connection [conn4: url=jdbc:h2:mem:activiti user=SA]
10:44:56,960 [main] DEBUG org.apache.ibatis.transaction.jdbc.JdbcTransaction  - Closing JDBC Connection [conn4: url=jdbc:h2:mem:activiti user=SA]
10:44:56,960 [main] DEBUG org.apache.ibatis.datasource.pooled.PooledDataSource  - Returned connection 297240765 to pool.
10:44:56,960 [main] DEBUG org.activiti.engine.impl.interceptor.LogInterceptor  - --- StartProcessInstanceCmd finished --------------------------------------------------------
10:44:56,960 [main] DEBUG org.activiti.engine.impl.interceptor.LogInterceptor  - 

10:44:56,961 [main] DEBUG org.activiti.engine.impl.interceptor.LogInterceptor  - 

10:44:56,961 [main] DEBUG org.activiti.engine.impl.interceptor.LogInterceptor  - --- starting StartProcessInstanceCmd --------------------------------------------------------
10:44:56,961 [main] DEBUG org.apache.ibatis.transaction.jdbc.JdbcTransaction  - Opening JDBC Connection
10:44:56,961 [main] DEBUG org.apache.ibatis.datasource.pooled.PooledDataSource  - Checked out connection 363509958 from pool.
10:44:56,961 [main] DEBUG org.apache.ibatis.transaction.jdbc.JdbcTransaction  - Setting autocommit to false on JDBC Connection [conn2: url=jdbc:h2:mem:activiti user=SA]
10:44:56,961 [main] DEBUG org.activiti.engine.impl.persistence.entity.ProcessDefinitionEntity.selectLatestProcessDefinitionByKey  - ==&gt;  Preparing: select * from ACT_RE_PROCDEF where KEY_ = ? and (TENANT_ID_ = &apos;&apos; or TENANT_ID_ is null) and VERSION_ = (select max(VERSION_) from ACT_RE_PROCDEF where KEY_ = ? and (TENANT_ID_ = &apos;&apos; or TENANT_ID_ is null)) 
10:44:56,961 [main] DEBUG org.activiti.engine.impl.persistence.entity.ProcessDefinitionEntity.selectLatestProcessDefinitionByKey  - ==&gt; Parameters: timerOnTask(String), timerOnTask(String)
10:44:56,961 [main] DEBUG org.activiti.engine.impl.persistence.entity.ProcessDefinitionEntity.selectLatestProcessDefinitionByKey  - &lt;==      Total: 1
10:44:56,961 [main] DEBUG org.activiti.engine.impl.persistence.entity.ExecutionEntity  - initializing ProcessInstance[1444]
10:44:56,961 [main] DEBUG org.activiti.engine.impl.history.DefaultHistoryManager  - Current history level: FULL, level required: ACTIVITY
10:44:56,961 [main] DEBUG org.activiti.engine.impl.pvm.runtime.AtomicOperationActivityExecute  - ProcessInstance[1444] executes Activity(theStart): org.activiti.engine.impl.bpmn.behavior.NoneStartEventActivityBehavior
10:44:56,961 [main] DEBUG org.activiti.engine.impl.persistence.entity.JobEntity.selectJobsByExecutionId  - ==&gt;  Preparing: select * from ACT_RU_JOB J where J.EXECUTION_ID_ = ? 
10:44:56,961 [main] DEBUG org.activiti.engine.impl.persistence.entity.JobEntity.selectJobsByExecutionId  - ==&gt; Parameters: 1444(String)
10:44:56,961 [main] DEBUG org.activiti.engine.impl.persistence.entity.JobEntity.selectJobsByExecutionId  - &lt;==      Total: 0
10:44:56,961 [main] DEBUG org.activiti.engine.impl.bpmn.behavior.BpmnActivityBehavior  - Leaving activity &apos;theStart&apos;
10:44:56,961 [main] DEBUG org.activiti.engine.impl.history.DefaultHistoryManager  - Current history level: FULL, level required: ACTIVITY
10:44:56,961 [main] DEBUG org.activiti.engine.impl.pvm.runtime.AtomicOperationTransitionNotifyListenerTake  - ProcessInstance[1444] takes transition (theStart)--flow1--&gt;(firstLineSupport)
10:44:56,961 [main] DEBUG org.activiti.engine.impl.persistence.entity.ExecutionEntity  - Child execution ScopeExecution[1446] created with parent 
10:44:56,961 [main] DEBUG org.activiti.engine.impl.pvm.runtime.AtomicOperationTransitionCreateScope  - create scope: parent ProcessInstance[1444] continues as execution ScopeExecution[1446]
10:44:56,961 [main] DEBUG org.activiti.engine.impl.persistence.entity.ExecutionEntity  - initializing ScopeExecution[1446]
10:44:56,961 [main] DEBUG org.activiti.engine.impl.persistence.entity.JobEntity.selectJobsByExecutionId  - ==&gt;  Preparing: select * from ACT_RU_JOB J where J.EXECUTION_ID_ = ? 
10:44:56,961 [main] DEBUG org.activiti.engine.impl.persistence.entity.JobEntity.selectJobsByExecutionId  - ==&gt; Parameters: 1446(String)
10:44:56,961 [main] DEBUG org.activiti.engine.impl.persistence.entity.JobEntity.selectJobsByExecutionId  - &lt;==      Total: 0
10:44:56,961 [main] DEBUG org.activiti.engine.impl.history.DefaultHistoryManager  - Current history level: FULL, level required: ACTIVITY
10:44:56,962 [main] DEBUG org.activiti.engine.impl.pvm.runtime.AtomicOperationActivityExecute  - ScopeExecution[1446] executes Activity(firstLineSupport): org.activiti.engine.impl.bpmn.behavior.UserTaskActivityBehavior
10:44:56,962 [main] DEBUG org.activiti.engine.impl.persistence.entity.TaskEntity.selectTasksByExecutionId  - ==&gt;  Preparing: select distinct T.* from ACT_RU_TASK T where T.EXECUTION_ID_ = ? 
10:44:56,962 [main] DEBUG org.activiti.engine.impl.persistence.entity.TaskEntity.selectTasksByExecutionId  - ==&gt; Parameters: 1446(String)
10:44:56,962 [main] DEBUG org.activiti.engine.impl.persistence.entity.TaskEntity.selectTasksByExecutionId  - &lt;==      Total: 0
10:44:56,962 [main] DEBUG org.activiti.engine.impl.history.DefaultHistoryManager  - Current history level: FULL, level required: AUDIT
10:44:56,962 [main] DEBUG org.activiti.engine.impl.history.DefaultHistoryManager  - Current history level: FULL, level required: AUDIT
10:44:56,962 [main] DEBUG org.activiti.engine.impl.interceptor.LogInterceptor  - 

10:44:56,962 [main] DEBUG org.activiti.engine.impl.interceptor.LogInterceptor  - --- starting  --------------------------------------------------------
10:44:56,962 [main] DEBUG org.activiti.engine.impl.interceptor.CommandContextInterceptor  - Valid context found. Reusing it for the current command &apos;null&apos;
10:44:56,962 [main] DEBUG org.activiti.engine.impl.persistence.entity.ProcessDefinitionInfoEntity.selectProcessDefinitionInfoByProcessDefinitionId  - ==&gt;  Preparing: select * from ACT_PROCDEF_INFO where PROC_DEF_ID_ = ? 
10:44:56,962 [main] DEBUG org.activiti.engine.impl.persistence.entity.ProcessDefinitionInfoEntity.selectProcessDefinitionInfoByProcessDefinitionId  - ==&gt; Parameters: timerOnTask:1:1437(String)
10:44:56,962 [main] DEBUG org.activiti.engine.impl.persistence.entity.ProcessDefinitionInfoEntity.selectProcessDefinitionInfoByProcessDefinitionId  - &lt;==      Total: 0
10:44:56,962 [main] DEBUG org.activiti.engine.impl.interceptor.LogInterceptor  - ---  finished --------------------------------------------------------
10:44:56,962 [main] DEBUG org.activiti.engine.impl.interceptor.LogInterceptor  - 

10:44:56,962 [main] DEBUG org.activiti.engine.impl.history.DefaultHistoryManager  - Current history level: FULL, level required: AUDIT
10:44:56,962 [main] DEBUG org.activiti.engine.impl.history.DefaultHistoryManager  - Current history level: FULL, level required: AUDIT
10:44:56,962 [main] DEBUG org.activiti.engine.impl.history.DefaultHistoryManager  - Current history level: FULL, level required: ACTIVITY
10:44:56,962 [main] DEBUG org.activiti.engine.impl.db.DbSqlSession  -   insert ProcessInstance[1444]
10:44:56,962 [main] DEBUG org.activiti.engine.impl.db.DbSqlSession  -   insert ScopeExecution[1446]
10:44:56,962 [main] DEBUG org.activiti.engine.impl.db.DbSqlSession  -   insert HistoricProcessInstanceEntity[superProcessInstanceId=null]
10:44:56,962 [main] DEBUG org.activiti.engine.impl.db.DbSqlSession  -   insert Task[id=1449, name=First line support]
10:44:56,962 [main] DEBUG org.activiti.engine.impl.db.DbSqlSession  -   insert HistoricTaskInstanceEntity[id=1449, name=First line support]
10:44:56,962 [main] DEBUG org.activiti.engine.impl.db.DbSqlSession  -   insert HistoricActivityInstanceEntity[activityId=theStart, activityName=null]
10:44:56,962 [main] DEBUG org.activiti.engine.impl.db.DbSqlSession  -   insert HistoricActivityInstanceEntity[activityId=firstLineSupport, activityName=First line support]
10:44:56,962 [main] DEBUG org.activiti.engine.impl.db.DbSqlSession  -   insert JobEntity [id=1447]
10:44:56,962 [main] DEBUG org.activiti.engine.impl.db.DbSqlSession  - flush summary: 8 insert, 0 update, 0 delete.
10:44:56,962 [main] DEBUG org.activiti.engine.impl.db.DbSqlSession  - now executing flush...
10:44:56,962 [main] DEBUG org.activiti.engine.impl.db.DbSqlSession  - inserting: HistoricTaskInstanceEntity[id=1449, name=First line support]
10:44:56,962 [main] DEBUG org.activiti.engine.impl.persistence.entity.HistoricTaskInstanceEntity.insertHistoricTaskInstance  - ==&gt;  Preparing: insert into ACT_HI_TASKINST ( ID_, PROC_DEF_ID_, PROC_INST_ID_, EXECUTION_ID_, NAME_, PARENT_TASK_ID_, DESCRIPTION_, OWNER_, ASSIGNEE_, START_TIME_, CLAIM_TIME_, END_TIME_, DURATION_, DELETE_REASON_, TASK_DEF_KEY_, FORM_KEY_, PRIORITY_, DUE_DATE_, CATEGORY_, TENANT_ID_ ) values ( ?, ?, ?, ?, ?, ?, ?, ?, ?, ?, ?, ?, ?, ?, ?, ?, ?, ?, ?, ? ) 
10:44:56,962 [main] DEBUG org.activiti.engine.impl.persistence.entity.HistoricTaskInstanceEntity.insertHistoricTaskInstance  - ==&gt; Parameters: 1449(String), timerOnTask:1:1437(String), 1444(String), 1446(String), First line support(String), null, null, null, null, 2023-03-20 11:44:56.0(Timestamp), null, null, null, null, firstLineSupport(String), null, 50(Integer), null, null, (String)
10:44:56,962 [main] DEBUG org.activiti.engine.impl.persistence.entity.HistoricTaskInstanceEntity.insertHistoricTaskInstance  - &lt;==    Updates: 1
10:44:56,962 [main] DEBUG org.activiti.engine.impl.db.DbSqlSession  - inserting: HistoricProcessInstanceEntity[superProcessInstanceId=null]
10:44:56,962 [main] DEBUG org.activiti.engine.impl.persistence.entity.HistoricProcessInstanceEntity.insertHistoricProcessInstance  - ==&gt;  Preparing: insert into ACT_HI_PROCINST ( ID_, PROC_INST_ID_, BUSINESS_KEY_, PROC_DEF_ID_, START_TIME_, END_TIME_, DURATION_, START_USER_ID_, START_ACT_ID_, END_ACT_ID_, SUPER_PROCESS_INSTANCE_ID_, DELETE_REASON_, TENANT_ID_, NAME_ ) values ( ?, ?, ?, ?, ?, ?, ?, ?, ?, ?, ?, ?, ?, ? ) 
10:44:56,962 [main] DEBUG org.activiti.engine.impl.persistence.entity.HistoricProcessInstanceEntity.insertHistoricProcessInstance  - ==&gt; Parameters: 1444(String), 1444(String), null, timerOnTask:1:1437(String), 2023-03-20 11:44:56.0(Timestamp), null, null, null, theStart(String), null, null, null, (String), null
10:44:56,962 [main] DEBUG org.activiti.engine.impl.persistence.entity.HistoricProcessInstanceEntity.insertHistoricProcessInstance  - &lt;==    Updates: 1
10:44:56,962 [main] DEBUG org.activiti.engine.impl.persistence.entity.HistoricActivityInstanceEntity.bulkInsertHistoricActivityInstance  - ==&gt;  Preparing: insert into ACT_HI_ACTINST ( ID_, PROC_DEF_ID_, PROC_INST_ID_, EXECUTION_ID_, ACT_ID_, TASK_ID_, CALL_PROC_INST_ID_, ACT_NAME_, ACT_TYPE_, ASSIGNEE_, START_TIME_, END_TIME_, DURATION_, TENANT_ID_ ) values (?, ?, ?, ?, ?, ?, ?, ?, ?, ?, ?, ?, ?, ?) , (?, ?, ?, ?, ?, ?, ?, ?, ?, ?, ?, ?, ?, ?) 
10:44:56,962 [main] DEBUG org.activiti.engine.impl.persistence.entity.HistoricActivityInstanceEntity.bulkInsertHistoricActivityInstance  - ==&gt; Parameters: 1445(String), timerOnTask:1:1437(String), 1444(String), 1444(String), theStart(String), null, null, null, startEvent(String), null, 2023-03-20 11:44:56.0(Timestamp), 2023-03-20 11:44:56.0(Timestamp), 0(Long), (String), 1448(String), timerOnTask:1:1437(String), 1444(String), 1446(String), firstLineSupport(String), 1449(String), null, First line support(String), userTask(String), null, 2023-03-20 11:44:56.0(Timestamp), null, null, (String)
10:44:56,962 [main] DEBUG org.activiti.engine.impl.persistence.entity.HistoricActivityInstanceEntity.bulkInsertHistoricActivityInstance  - &lt;==    Updates: 2
10:44:56,963 [main] DEBUG org.activiti.engine.impl.persistence.entity.ExecutionEntity.bulkInsertExecution  - ==&gt;  Preparing: insert into ACT_RU_EXECUTION (ID_, REV_, PROC_INST_ID_, BUSINESS_KEY_, PROC_DEF_ID_, ACT_ID_, IS_ACTIVE_, IS_CONCURRENT_, IS_SCOPE_,IS_EVENT_SCOPE_, PARENT_ID_, SUPER_EXEC_, SUSPENSION_STATE_, CACHED_ENT_STATE_, TENANT_ID_, NAME_) values (?, 1, ?, ?, ?, ?, ?, ?, ?, ?, ?, ?, ?, ?, ?, ?) , (?, 1, ?, ?, ?, ?, ?, ?, ?, ?, ?, ?, ?, ?, ?, ?) 
10:44:56,963 [main] DEBUG org.activiti.engine.impl.persistence.entity.ExecutionEntity.bulkInsertExecution  - ==&gt; Parameters: 1444(String), 1444(String), null, timerOnTask:1:1437(String), null, false(Boolean), false(Boolean), true(Boolean), false(Boolean), null, null, 1(Integer), 2(Integer), (String), null, 1446(String), 1444(String), null, timerOnTask:1:1437(String), firstLineSupport(String), true(Boolean), false(Boolean), true(Boolean), false(Boolean), 1444(String), null, 1(Integer), 6(Integer), (String), null
10:44:56,963 [main] DEBUG org.activiti.engine.impl.persistence.entity.ExecutionEntity.bulkInsertExecution  - &lt;==    Updates: 2
10:44:56,963 [main] DEBUG org.activiti.engine.impl.db.DbSqlSession  - inserting: Task[id=1449, name=First line support]
10:44:56,963 [main] DEBUG org.activiti.engine.impl.persistence.entity.TaskEntity.insertTask  - ==&gt;  Preparing: insert into ACT_RU_TASK (ID_, REV_, NAME_, PARENT_TASK_ID_, DESCRIPTION_, PRIORITY_, CREATE_TIME_, OWNER_, ASSIGNEE_, DELEGATION_, EXECUTION_ID_, PROC_INST_ID_, PROC_DEF_ID_, TASK_DEF_KEY_, DUE_DATE_, CATEGORY_, SUSPENSION_STATE_, TENANT_ID_, FORM_KEY_) values (?, 1, ?, ?, ?, ?, ?, ?, ?, ?, ?, ?, ?, ?, ?, ?, ?, ?, ? ) 
10:44:56,963 [main] DEBUG org.activiti.engine.impl.persistence.entity.TaskEntity.insertTask  - ==&gt; Parameters: 1449(String), First line support(String), null, null, 50(Integer), 2023-03-20 11:44:56.0(Timestamp), null, null, null, 1446(String), 1444(String), timerOnTask:1:1437(String), firstLineSupport(String), null, null, 1(Integer), (String), null
10:44:56,963 [main] DEBUG org.activiti.engine.impl.persistence.entity.TaskEntity.insertTask  - &lt;==    Updates: 1
10:44:56,963 [main] DEBUG org.activiti.engine.impl.db.DbSqlSession  - inserting: JobEntity [id=1447]
10:44:56,963 [main] DEBUG org.activiti.engine.impl.persistence.entity.JobEntity.insertTimer  - ==&gt;  Preparing: insert into ACT_RU_JOB ( ID_, REV_, TYPE_, LOCK_OWNER_, LOCK_EXP_TIME_, EXCLUSIVE_, EXECUTION_ID_, PROCESS_INSTANCE_ID_, PROC_DEF_ID_, RETRIES_, EXCEPTION_STACK_ID_, EXCEPTION_MSG_, DUEDATE_, REPEAT_, HANDLER_TYPE_, HANDLER_CFG_, TENANT_ID_) values (?, 1, &apos;timer&apos;, ?, ?, ?, ?, ?, ?, ?, ?, ?, ?, ?, ?, ?, ? ) 
10:44:56,963 [main] DEBUG org.activiti.engine.impl.persistence.entity.JobEntity.insertTimer  - ==&gt; Parameters: 1447(String), null, null, true(Boolean), 1446(String), 1444(String), timerOnTask:1:1437(String), 3(Integer), null, null, 2023-03-20 12:44:56.0(Timestamp), null, timer-transition(String), {&quot;activityId&quot;:&quot;escalationTimer&quot;}(String), (String)
10:44:56,963 [main] DEBUG org.activiti.engine.impl.persistence.entity.JobEntity.insertTimer  - &lt;==    Updates: 1
10:44:56,963 [main] DEBUG org.activiti.engine.impl.cfg.standalone.StandaloneMybatisTransactionContext  - firing event committing...
10:44:56,963 [main] DEBUG org.activiti.engine.impl.cfg.standalone.StandaloneMybatisTransactionContext  - committing the ibatis sql session...
10:44:56,963 [main] DEBUG org.apache.ibatis.transaction.jdbc.JdbcTransaction  - Committing JDBC Connection [conn2: url=jdbc:h2:mem:activiti user=SA]
10:44:56,963 [main] DEBUG org.activiti.engine.impl.cfg.standalone.StandaloneMybatisTransactionContext  - firing event committed...
10:44:56,963 [main] DEBUG org.apache.ibatis.transaction.jdbc.JdbcTransaction  - Resetting autocommit to true on JDBC Connection [conn2: url=jdbc:h2:mem:activiti user=SA]
10:44:56,963 [main] DEBUG org.apache.ibatis.transaction.jdbc.JdbcTransaction  - Closing JDBC Connection [conn2: url=jdbc:h2:mem:activiti user=SA]
10:44:56,963 [main] DEBUG org.apache.ibatis.datasource.pooled.PooledDataSource  - Returned connection 363509958 to pool.
10:44:56,963 [main] DEBUG org.activiti.engine.impl.interceptor.LogInterceptor  - --- StartProcessInstanceCmd finished --------------------------------------------------------
10:44:56,963 [main] DEBUG org.activiti.engine.impl.interceptor.LogInterceptor  - 

10:44:56,963 [main] DEBUG org.activiti.engine.impl.interceptor.LogInterceptor  - 

10:44:56,963 [main] DEBUG org.activiti.engine.impl.interceptor.LogInterceptor  - --- starting StartProcessInstanceCmd --------------------------------------------------------
10:44:56,963 [main] DEBUG org.apache.ibatis.transaction.jdbc.JdbcTransaction  - Opening JDBC Connection
10:44:56,963 [main] DEBUG org.apache.ibatis.datasource.pooled.PooledDataSource  - Checked out connection 180014677 from pool.
10:44:56,963 [main] DEBUG org.apache.ibatis.transaction.jdbc.JdbcTransaction  - Setting autocommit to false on JDBC Connection [conn3: url=jdbc:h2:mem:activiti user=SA]
10:44:56,963 [main] DEBUG org.activiti.engine.impl.persistence.entity.ProcessDefinitionEntity.selectLatestProcessDefinitionByKey  - ==&gt;  Preparing: select * from ACT_RE_PROCDEF where KEY_ = ? and (TENANT_ID_ = &apos;&apos; or TENANT_ID_ is null) and VERSION_ = (select max(VERSION_) from ACT_RE_PROCDEF where KEY_ = ? and (TENANT_ID_ = &apos;&apos; or TENANT_ID_ is null)) 
10:44:56,963 [main] DEBUG org.activiti.engine.impl.persistence.entity.ProcessDefinitionEntity.selectLatestProcessDefinitionByKey  - ==&gt; Parameters: timerOnTask(String), timerOnTask(String)
10:44:56,964 [main] DEBUG org.activiti.engine.impl.persistence.entity.ProcessDefinitionEntity.selectLatestProcessDefinitionByKey  - &lt;==      Total: 1
10:44:56,964 [main] DEBUG org.activiti.engine.impl.persistence.entity.ExecutionEntity  - initializing ProcessInstance[1450]
10:44:56,964 [main] DEBUG org.activiti.engine.impl.history.DefaultHistoryManager  - Current history level: FULL, level required: ACTIVITY
10:44:56,964 [main] DEBUG org.activiti.engine.impl.pvm.runtime.AtomicOperationActivityExecute  - ProcessInstance[1450] executes Activity(theStart): org.activiti.engine.impl.bpmn.behavior.NoneStartEventActivityBehavior
10:44:56,964 [main] DEBUG org.activiti.engine.impl.persistence.entity.JobEntity.selectJobsByExecutionId  - ==&gt;  Preparing: select * from ACT_RU_JOB J where J.EXECUTION_ID_ = ? 
10:44:56,964 [main] DEBUG org.activiti.engine.impl.persistence.entity.JobEntity.selectJobsByExecutionId  - ==&gt; Parameters: 1450(String)
10:44:56,964 [main] DEBUG org.activiti.engine.impl.persistence.entity.JobEntity.selectJobsByExecutionId  - &lt;==      Total: 0
10:44:56,964 [main] DEBUG org.activiti.engine.impl.bpmn.behavior.BpmnActivityBehavior  - Leaving activity &apos;theStart&apos;
10:44:56,964 [main] DEBUG org.activiti.engine.impl.history.DefaultHistoryManager  - Current history level: FULL, level required: ACTIVITY
10:44:56,964 [main] DEBUG org.activiti.engine.impl.pvm.runtime.AtomicOperationTransitionNotifyListenerTake  - ProcessInstance[1450] takes transition (theStart)--flow1--&gt;(firstLineSupport)
10:44:56,964 [main] DEBUG org.activiti.engine.impl.persistence.entity.ExecutionEntity  - Child execution ScopeExecution[1452] created with parent 
10:44:56,964 [main] DEBUG org.activiti.engine.impl.pvm.runtime.AtomicOperationTransitionCreateScope  - create scope: parent ProcessInstance[1450] continues as execution ScopeExecution[1452]
10:44:56,964 [main] DEBUG org.activiti.engine.impl.persistence.entity.ExecutionEntity  - initializing ScopeExecution[1452]
10:44:56,964 [main] DEBUG org.activiti.engine.impl.persistence.entity.JobEntity.selectJobsByExecutionId  - ==&gt;  Preparing: select * from ACT_RU_JOB J where J.EXECUTION_ID_ = ? 
10:44:56,964 [main] DEBUG org.activiti.engine.impl.persistence.entity.JobEntity.selectJobsByExecutionId  - ==&gt; Parameters: 1452(String)
10:44:56,964 [main] DEBUG org.activiti.engine.impl.persistence.entity.JobEntity.selectJobsByExecutionId  - &lt;==      Total: 0
10:44:56,964 [main] DEBUG org.activiti.engine.impl.history.DefaultHistoryManager  - Current history level: FULL, level required: ACTIVITY
10:44:56,964 [main] DEBUG org.activiti.engine.impl.pvm.runtime.AtomicOperationActivityExecute  - ScopeExecution[1452] executes Activity(firstLineSupport): org.activiti.engine.impl.bpmn.behavior.UserTaskActivityBehavior
10:44:56,964 [main] DEBUG org.activiti.engine.impl.persistence.entity.TaskEntity.selectTasksByExecutionId  - ==&gt;  Preparing: select distinct T.* from ACT_RU_TASK T where T.EXECUTION_ID_ = ? 
10:44:56,965 [main] DEBUG org.activiti.engine.impl.persistence.entity.TaskEntity.selectTasksByExecutionId  - ==&gt; Parameters: 1452(String)
10:44:56,965 [main] DEBUG org.activiti.engine.impl.persistence.entity.TaskEntity.selectTasksByExecutionId  - &lt;==      Total: 0
10:44:56,965 [main] DEBUG org.activiti.engine.impl.history.DefaultHistoryManager  - Current history level: FULL, level required: AUDIT
10:44:56,965 [main] DEBUG org.activiti.engine.impl.history.DefaultHistoryManager  - Current history level: FULL, level required: AUDIT
10:44:56,965 [main] DEBUG org.activiti.engine.impl.interceptor.LogInterceptor  - 

10:44:56,965 [main] DEBUG org.activiti.engine.impl.interceptor.LogInterceptor  - --- starting  --------------------------------------------------------
10:44:56,965 [main] DEBUG org.activiti.engine.impl.interceptor.CommandContextInterceptor  - Valid context found. Reusing it for the current command &apos;null&apos;
10:44:56,965 [main] DEBUG org.activiti.engine.impl.persistence.entity.ProcessDefinitionInfoEntity.selectProcessDefinitionInfoByProcessDefinitionId  - ==&gt;  Preparing: select * from ACT_PROCDEF_INFO where PROC_DEF_ID_ = ? 
10:44:56,965 [main] DEBUG org.activiti.engine.impl.persistence.entity.ProcessDefinitionInfoEntity.selectProcessDefinitionInfoByProcessDefinitionId  - ==&gt; Parameters: timerOnTask:1:1437(String)
10:44:56,965 [main] DEBUG org.activiti.engine.impl.persistence.entity.ProcessDefinitionInfoEntity.selectProcessDefinitionInfoByProcessDefinitionId  - &lt;==      Total: 0
10:44:56,965 [main] DEBUG org.activiti.engine.impl.interceptor.LogInterceptor  - ---  finished --------------------------------------------------------
10:44:56,965 [main] DEBUG org.activiti.engine.impl.interceptor.LogInterceptor  - 

10:44:56,965 [main] DEBUG org.activiti.engine.impl.history.DefaultHistoryManager  - Current history level: FULL, level required: AUDIT
10:44:56,965 [main] DEBUG org.activiti.engine.impl.history.DefaultHistoryManager  - Current history level: FULL, level required: AUDIT
10:44:56,965 [main] DEBUG org.activiti.engine.impl.history.DefaultHistoryManager  - Current history level: FULL, level required: ACTIVITY
10:44:56,965 [main] DEBUG org.activiti.engine.impl.db.DbSqlSession  -   insert ProcessInstance[1450]
10:44:56,965 [main] DEBUG org.activiti.engine.impl.db.DbSqlSession  -   insert ScopeExecution[1452]
10:44:56,965 [main] DEBUG org.activiti.engine.impl.db.DbSqlSession  -   insert HistoricProcessInstanceEntity[superProcessInstanceId=null]
10:44:56,965 [main] DEBUG org.activiti.engine.impl.db.DbSqlSession  -   insert Task[id=1455, name=First line support]
10:44:56,965 [main] DEBUG org.activiti.engine.impl.db.DbSqlSession  -   insert HistoricTaskInstanceEntity[id=1455, name=First line support]
10:44:56,965 [main] DEBUG org.activiti.engine.impl.db.DbSqlSession  -   insert HistoricActivityInstanceEntity[activityId=theStart, activityName=null]
10:44:56,965 [main] DEBUG org.activiti.engine.impl.db.DbSqlSession  -   insert HistoricActivityInstanceEntity[activityId=firstLineSupport, activityName=First line support]
10:44:56,965 [main] DEBUG org.activiti.engine.impl.db.DbSqlSession  -   insert JobEntity [id=1453]
10:44:56,965 [main] DEBUG org.activiti.engine.impl.db.DbSqlSession  - flush summary: 8 insert, 0 update, 0 delete.
10:44:56,965 [main] DEBUG org.activiti.engine.impl.db.DbSqlSession  - now executing flush...
10:44:56,965 [main] DEBUG org.activiti.engine.impl.db.DbSqlSession  - inserting: HistoricTaskInstanceEntity[id=1455, name=First line support]
10:44:56,965 [main] DEBUG org.activiti.engine.impl.persistence.entity.HistoricTaskInstanceEntity.insertHistoricTaskInstance  - ==&gt;  Preparing: insert into ACT_HI_TASKINST ( ID_, PROC_DEF_ID_, PROC_INST_ID_, EXECUTION_ID_, NAME_, PARENT_TASK_ID_, DESCRIPTION_, OWNER_, ASSIGNEE_, START_TIME_, CLAIM_TIME_, END_TIME_, DURATION_, DELETE_REASON_, TASK_DEF_KEY_, FORM_KEY_, PRIORITY_, DUE_DATE_, CATEGORY_, TENANT_ID_ ) values ( ?, ?, ?, ?, ?, ?, ?, ?, ?, ?, ?, ?, ?, ?, ?, ?, ?, ?, ?, ? ) 
10:44:56,965 [main] DEBUG org.activiti.engine.impl.persistence.entity.HistoricTaskInstanceEntity.insertHistoricTaskInstance  - ==&gt; Parameters: 1455(String), timerOnTask:1:1437(String), 1450(String), 1452(String), First line support(String), null, null, null, null, 2023-03-20 12:44:56.0(Timestamp), null, null, null, null, firstLineSupport(String), null, 50(Integer), null, null, (String)
10:44:56,965 [main] DEBUG org.activiti.engine.impl.persistence.entity.HistoricTaskInstanceEntity.insertHistoricTaskInstance  - &lt;==    Updates: 1
10:44:56,965 [main] DEBUG org.activiti.engine.impl.db.DbSqlSession  - inserting: HistoricProcessInstanceEntity[superProcessInstanceId=null]
10:44:56,965 [main] DEBUG org.activiti.engine.impl.persistence.entity.HistoricProcessInstanceEntity.insertHistoricProcessInstance  - ==&gt;  Preparing: insert into ACT_HI_PROCINST ( ID_, PROC_INST_ID_, BUSINESS_KEY_, PROC_DEF_ID_, START_TIME_, END_TIME_, DURATION_, START_USER_ID_, START_ACT_ID_, END_ACT_ID_, SUPER_PROCESS_INSTANCE_ID_, DELETE_REASON_, TENANT_ID_, NAME_ ) values ( ?, ?, ?, ?, ?, ?, ?, ?, ?, ?, ?, ?, ?, ? ) 
10:44:56,965 [main] DEBUG org.activiti.engine.impl.persistence.entity.HistoricProcessInstanceEntity.insertHistoricProcessInstance  - ==&gt; Parameters: 1450(String), 1450(String), null, timerOnTask:1:1437(String), 2023-03-20 12:44:56.0(Timestamp), null, null, null, theStart(String), null, null, null, (String), null
10:44:56,965 [main] DEBUG org.activiti.engine.impl.persistence.entity.HistoricProcessInstanceEntity.insertHistoricProcessInstance  - &lt;==    Updates: 1
10:44:56,965 [main] DEBUG org.activiti.engine.impl.persistence.entity.HistoricActivityInstanceEntity.bulkInsertHistoricActivityInstance  - ==&gt;  Preparing: insert into ACT_HI_ACTINST ( ID_, PROC_DEF_ID_, PROC_INST_ID_, EXECUTION_ID_, ACT_ID_, TASK_ID_, CALL_PROC_INST_ID_, ACT_NAME_, ACT_TYPE_, ASSIGNEE_, START_TIME_, END_TIME_, DURATION_, TENANT_ID_ ) values (?, ?, ?, ?, ?, ?, ?, ?, ?, ?, ?, ?, ?, ?) , (?, ?, ?, ?, ?, ?, ?, ?, ?, ?, ?, ?, ?, ?) 
10:44:56,965 [main] DEBUG org.activiti.engine.impl.persistence.entity.HistoricActivityInstanceEntity.bulkInsertHistoricActivityInstance  - ==&gt; Parameters: 1451(String), timerOnTask:1:1437(String), 1450(String), 1450(String), theStart(String), null, null, null, startEvent(String), null, 2023-03-20 12:44:56.0(Timestamp), 2023-03-20 12:44:56.0(Timestamp), 0(Long), (String), 1454(String), timerOnTask:1:1437(String), 1450(String), 1452(String), firstLineSupport(String), 1455(String), null, First line support(String), userTask(String), null, 2023-03-20 12:44:56.0(Timestamp), null, null, (String)
10:44:56,965 [main] DEBUG org.activiti.engine.impl.persistence.entity.HistoricActivityInstanceEntity.bulkInsertHistoricActivityInstance  - &lt;==    Updates: 2
10:44:56,965 [main] DEBUG org.activiti.engine.impl.persistence.entity.ExecutionEntity.bulkInsertExecution  - ==&gt;  Preparing: insert into ACT_RU_EXECUTION (ID_, REV_, PROC_INST_ID_, BUSINESS_KEY_, PROC_DEF_ID_, ACT_ID_, IS_ACTIVE_, IS_CONCURRENT_, IS_SCOPE_,IS_EVENT_SCOPE_, PARENT_ID_, SUPER_EXEC_, SUSPENSION_STATE_, CACHED_ENT_STATE_, TENANT_ID_, NAME_) values (?, 1, ?, ?, ?, ?, ?, ?, ?, ?, ?, ?, ?, ?, ?, ?) , (?, 1, ?, ?, ?, ?, ?, ?, ?, ?, ?, ?, ?, ?, ?, ?) 
10:44:56,966 [main] DEBUG org.activiti.engine.impl.persistence.entity.ExecutionEntity.bulkInsertExecution  - ==&gt; Parameters: 1450(String), 1450(String), null, timerOnTask:1:1437(String), null, false(Boolean), false(Boolean), true(Boolean), false(Boolean), null, null, 1(Integer), 2(Integer), (String), null, 1452(String), 1450(String), null, timerOnTask:1:1437(String), firstLineSupport(String), true(Boolean), false(Boolean), true(Boolean), false(Boolean), 1450(String), null, 1(Integer), 6(Integer), (String), null
10:44:56,966 [main] DEBUG org.activiti.engine.impl.persistence.entity.ExecutionEntity.bulkInsertExecution  - &lt;==    Updates: 2
10:44:56,966 [main] DEBUG org.activiti.engine.impl.db.DbSqlSession  - inserting: Task[id=1455, name=First line support]
10:44:56,966 [main] DEBUG org.activiti.engine.impl.persistence.entity.TaskEntity.insertTask  - ==&gt;  Preparing: insert into ACT_RU_TASK (ID_, REV_, NAME_, PARENT_TASK_ID_, DESCRIPTION_, PRIORITY_, CREATE_TIME_, OWNER_, ASSIGNEE_, DELEGATION_, EXECUTION_ID_, PROC_INST_ID_, PROC_DEF_ID_, TASK_DEF_KEY_, DUE_DATE_, CATEGORY_, SUSPENSION_STATE_, TENANT_ID_, FORM_KEY_) values (?, 1, ?, ?, ?, ?, ?, ?, ?, ?, ?, ?, ?, ?, ?, ?, ?, ?, ? ) 
10:44:56,966 [main] DEBUG org.activiti.engine.impl.persistence.entity.TaskEntity.insertTask  - ==&gt; Parameters: 1455(String), First line support(String), null, null, 50(Integer), 2023-03-20 12:44:56.0(Timestamp), null, null, null, 1452(String), 1450(String), timerOnTask:1:1437(String), firstLineSupport(String), null, null, 1(Integer), (String), null
10:44:56,966 [main] DEBUG org.activiti.engine.impl.persistence.entity.TaskEntity.insertTask  - &lt;==    Updates: 1
10:44:56,966 [main] DEBUG org.activiti.engine.impl.db.DbSqlSession  - inserting: JobEntity [id=1453]
10:44:56,966 [main] DEBUG org.activiti.engine.impl.persistence.entity.JobEntity.insertTimer  - ==&gt;  Preparing: insert into ACT_RU_JOB ( ID_, REV_, TYPE_, LOCK_OWNER_, LOCK_EXP_TIME_, EXCLUSIVE_, EXECUTION_ID_, PROCESS_INSTANCE_ID_, PROC_DEF_ID_, RETRIES_, EXCEPTION_STACK_ID_, EXCEPTION_MSG_, DUEDATE_, REPEAT_, HANDLER_TYPE_, HANDLER_CFG_, TENANT_ID_) values (?, 1, &apos;timer&apos;, ?, ?, ?, ?, ?, ?, ?, ?, ?, ?, ?, ?, ?, ? ) 
10:44:56,966 [main] DEBUG org.activiti.engine.impl.persistence.entity.JobEntity.insertTimer  - ==&gt; Parameters: 1453(String), null, null, true(Boolean), 1452(String), 1450(String), timerOnTask:1:1437(String), 3(Integer), null, null, 2023-03-20 13:44:56.0(Timestamp), null, timer-transition(String), {&quot;activityId&quot;:&quot;escalationTimer&quot;}(String), (String)
10:44:56,966 [main] DEBUG org.activiti.engine.impl.persistence.entity.JobEntity.insertTimer  - &lt;==    Updates: 1
10:44:56,966 [main] DEBUG org.activiti.engine.impl.cfg.standalone.StandaloneMybatisTransactionContext  - firing event committing...
10:44:56,966 [main] DEBUG org.activiti.engine.impl.cfg.standalone.StandaloneMybatisTransactionContext  - committing the ibatis sql session...
10:44:56,966 [main] DEBUG org.apache.ibatis.transaction.jdbc.JdbcTransaction  - Committing JDBC Connection [conn3: url=jdbc:h2:mem:activiti user=SA]
10:44:56,966 [main] DEBUG org.activiti.engine.impl.cfg.standalone.StandaloneMybatisTransactionContext  - firing event committed...
10:44:56,966 [main] DEBUG org.apache.ibatis.transaction.jdbc.JdbcTransaction  - Resetting autocommit to true on JDBC Connection [conn3: url=jdbc:h2:mem:activiti user=SA]
10:44:56,966 [main] DEBUG org.apache.ibatis.transaction.jdbc.JdbcTransaction  - Closing JDBC Connection [conn3: url=jdbc:h2:mem:activiti user=SA]
10:44:56,966 [main] DEBUG org.apache.ibatis.datasource.pooled.PooledDataSource  - Returned connection 180014677 to pool.
10:44:56,966 [main] DEBUG org.activiti.engine.impl.interceptor.LogInterceptor  - --- StartProcessInstanceCmd finished --------------------------------------------------------
10:44:56,966 [main] DEBUG org.activiti.engine.impl.interceptor.LogInterceptor  - 

10:44:56,966 [main] DEBUG org.activiti.engine.impl.interceptor.LogInterceptor  - 

10:44:56,966 [main] DEBUG org.activiti.engine.impl.interceptor.LogInterceptor  - --- starting  --------------------------------------------------------
10:44:56,966 [main] DEBUG org.activiti.engine.impl.db.DbSqlSession  -   insert JobEntity [id=1456]
10:44:56,966 [main] DEBUG org.activiti.engine.impl.db.DbSqlSession  - flush summary: 1 insert, 0 update, 0 delete.
10:44:56,966 [main] DEBUG org.activiti.engine.impl.db.DbSqlSession  - now executing flush...
10:44:56,966 [main] DEBUG org.activiti.engine.impl.db.DbSqlSession  - inserting: JobEntity [id=1456]
10:44:56,966 [main] DEBUG org.apache.ibatis.transaction.jdbc.JdbcTransaction  - Opening JDBC Connection
10:44:56,966 [main] DEBUG org.apache.ibatis.datasource.pooled.PooledDataSource  - Checked out connection 297240765 from pool.
10:44:56,966 [main] DEBUG org.apache.ibatis.transaction.jdbc.JdbcTransaction  - Setting autocommit to false on JDBC Connection [conn4: url=jdbc:h2:mem:activiti user=SA]
10:44:56,966 [main] DEBUG org.activiti.engine.impl.persistence.entity.JobEntity.insertMessage  - ==&gt;  Preparing: insert into ACT_RU_JOB ( ID_, REV_, TYPE_, LOCK_OWNER_, LOCK_EXP_TIME_, EXCLUSIVE_, EXECUTION_ID_, PROCESS_INSTANCE_ID_, PROC_DEF_ID_, DUEDATE_, RETRIES_, EXCEPTION_STACK_ID_, EXCEPTION_MSG_, HANDLER_TYPE_, HANDLER_CFG_, TENANT_ID_) values (?, 1, &apos;message&apos;, ?, ?, ?, ?, ?, ?, ?, ?, ?, ?, ?, ?, ? ) 
10:44:56,966 [main] DEBUG org.activiti.engine.impl.persistence.entity.JobEntity.insertMessage  - ==&gt; Parameters: 1456(String), null, null, true(Boolean), null, null, null, 2023-03-20 12:49:56.0(Timestamp), 3(Integer), null, null, null, null, (String)
10:44:56,966 [main] DEBUG org.activiti.engine.impl.persistence.entity.JobEntity.insertMessage  - &lt;==    Updates: 1
10:44:56,966 [main] DEBUG org.activiti.engine.impl.cfg.standalone.StandaloneMybatisTransactionContext  - firing event committing...
10:44:56,966 [main] DEBUG org.activiti.engine.impl.cfg.standalone.StandaloneMybatisTransactionContext  - committing the ibatis sql session...
10:44:56,966 [main] DEBUG org.apache.ibatis.transaction.jdbc.JdbcTransaction  - Committing JDBC Connection [conn4: url=jdbc:h2:mem:activiti user=SA]
10:44:56,966 [main] DEBUG org.activiti.engine.impl.cfg.standalone.StandaloneMybatisTransactionContext  - firing event committed...
10:44:56,966 [main] DEBUG org.activiti.engine.impl.jobexecutor.AsyncJobAddedNotification  - notifying job executor of new job
10:44:56,966 [main] DEBUG org.apache.ibatis.transaction.jdbc.JdbcTransaction  - Resetting autocommit to true on JDBC Connection [conn4: url=jdbc:h2:mem:activiti user=SA]
10:44:56,966 [main] DEBUG org.apache.ibatis.transaction.jdbc.JdbcTransaction  - Closing JDBC Connection [conn4: url=jdbc:h2:mem:activiti user=SA]
10:44:56,966 [main] DEBUG org.apache.ibatis.datasource.pooled.PooledDataSource  - Returned connection 297240765 to pool.
10:44:56,966 [main] DEBUG org.activiti.engine.impl.interceptor.LogInterceptor  - ---  finished --------------------------------------------------------
10:44:56,966 [main] DEBUG org.activiti.engine.impl.interceptor.LogInterceptor  - 

10:44:56,966 [main] DEBUG org.activiti.engine.impl.test.PvmTestCase  - 

10:44:56,966 [main] DEBUG org.activiti.engine.impl.test.PvmTestCase  - #### START JobQueryTest.testQueryByDuedateHigherThan ###########################################################
10:44:56,966 [main] DEBUG org.activiti.engine.impl.interceptor.LogInterceptor  - 

10:44:56,966 [main] DEBUG org.activiti.engine.impl.interceptor.LogInterceptor  - --- starting JobQueryImpl --------------------------------------------------------
10:44:56,966 [main] DEBUG org.apache.ibatis.transaction.jdbc.JdbcTransaction  - Opening JDBC Connection
10:44:56,966 [main] DEBUG org.apache.ibatis.datasource.pooled.PooledDataSource  - Checked out connection 363509958 from pool.
10:44:56,966 [main] DEBUG org.apache.ibatis.transaction.jdbc.JdbcTransaction  - Setting autocommit to false on JDBC Connection [conn2: url=jdbc:h2:mem:activiti user=SA]
10:44:56,966 [main] DEBUG org.activiti.engine.impl.persistence.entity.JobEntity.selectJobByQueryCriteria  - ==&gt;  Preparing: select RES.* from ACT_RU_JOB RES WHERE RES.DUEDATE_ &gt; ? order by order by RES.ID_ asc LIMIT ? OFFSET ? 
10:44:56,966 [main] DEBUG org.activiti.engine.impl.interceptor.CommandContext  - Error while closing command context
org.apache.ibatis.exceptions.PersistenceException: 
### Error querying database.  Cause: org.h2.jdbc.JdbcSQLException: Syntax error in SQL statement &quot;SELECT RES.* 
     
    FROM ACT_RU_JOB RES
     
     WHERE  RES.DUEDATE_ &gt; ? 
   
     ORDER BY  ORDER[*] BY RES.ID_ ASC  
    LIMIT ? OFFSET ? &quot;; expected &quot;=, NOT, EXISTS, INTERSECTS, SELECT, FROM&quot;; SQL statement:
select RES.* 
     
    from ACT_RU_JOB RES
     
     WHERE  RES.DUEDATE_ &gt; ? 
   
     order by  order by RES.ID_ asc  
    LIMIT ? OFFSET ? [42001-176]
### The error may exist in org/activiti/db/mapping/entity/Job.xml
### The error may involve org.activiti.engine.impl.persistence.entity.JobEntity.selectJobByQueryCriteria
### The error occurred while executing a query
### SQL: select RES.*            from ACT_RU_JOB RES            WHERE  RES.DUEDATE_ &gt; ?           order by  order by RES.ID_ asc       LIMIT ? OFFSET ?
### Cause: org.h2.jdbc.JdbcSQLException: Syntax error in SQL statement &quot;SELECT RES.* 
     
    FROM ACT_RU_JOB RES
     
     WHERE  RES.DUEDATE_ &gt; ? 
   
     ORDER BY  ORDER[*] BY RES.ID_ ASC  
    LIMIT ? OFFSET ? &quot;; expected &quot;=, NOT, EXISTS, INTERSECTS, SELECT, FROM&quot;; SQL statement:
select RES.* 
     
    from ACT_RU_JOB RES
     
     WHERE  RES.DUEDATE_ &gt; ? 
   
     order by  order by RES.ID_ asc  
    LIMIT ? OFFSET ? [42001-176]
	at org.apache.ibatis.exceptions.ExceptionFactory.wrapException(ExceptionFactory.java:30)
	at org.apache.ibatis.session.defaults.DefaultSqlSession.selectList(DefaultSqlSession.java:122)
	at org.apache.ibatis.session.defaults.DefaultSqlSession.selectList(DefaultSqlSession.java:113)
	at org.activiti.engine.impl.db.DbSqlSession.selectListWithRawParameter(DbSqlSession.java:438)
	at org.activiti.engine.impl.db.DbSqlSession.selectList(DbSqlSession.java:429)
	at org.activiti.engine.impl.db.DbSqlSession.selectList(DbSqlSession.java:419)
	at org.activiti.engine.impl.persistence.entity.JobEntityManager.findJobsByQueryCriteria(JobEntityManager.java:198)
	at org.activiti.engine.impl.JobQueryImpl.executeList(JobQueryImpl.java:243)
	at org.activiti.engine.impl.AbstractQuery.execute(AbstractQuery.java:164)
	at org.activiti.engine.impl.interceptor.CommandInvoker.execute(CommandInvoker.java:24)
	at org.activiti.engine.impl.interceptor.CommandContextInterceptor.execute(CommandContextInterceptor.java:57)
	at org.activiti.engine.impl.interceptor.LogInterceptor.execute(LogInterceptor.java:37)
	at org.activiti.engine.impl.cfg.CommandExecutorImpl.execute(CommandExecutorImpl.java:40)
	at org.activiti.engine.impl.cfg.CommandExecutorImpl.execute(CommandExecutorImpl.java:35)
	at org.activiti.engine.impl.AbstractQuery.list(AbstractQuery.java:138)
	at org.activiti.engine.test.api.mgmt.JobQueryTest.verifyQueryResults(JobQueryTest.java:400)
	at org.activiti.engine.test.api.mgmt.JobQueryTest.testQueryByDuedateHigherThan(JobQueryTest.java:216)
	at sun.reflect.NativeMethodAccessorImpl.invoke0(Native Method)
	at sun.reflect.NativeMethodAccessorImpl.invoke(NativeMethodAccessorImpl.java:62)
	at sun.reflect.DelegatingMethodAccessorImpl.invoke(DelegatingMethodAccessorImpl.java:43)
	at java.lang.reflect.Method.invoke(Method.java:498)
	at junit.framework.TestCase.runTest(TestCase.java:176)
	at org.activiti.engine.impl.test.PvmTestCase.runTest(PvmTestCase.java:65)
	at junit.framework.TestCase.runBare(TestCase.java:141)
	at org.activiti.engine.impl.test.AbstractActivitiTestCase.runBare(AbstractActivitiTestCase.java:100)
	at junit.framework.TestResult$1.protect(TestResult.java:122)
	at junit.framework.TestResult.runProtected(TestResult.java:142)
	at junit.framework.TestResult.run(TestResult.java:125)
	at junit.framework.TestCase.run(TestCase.java:129)
	at junit.framework.TestSuite.runTest(TestSuite.java:255)
	at junit.framework.TestSuite.run(TestSuite.java:250)
	at org.junit.internal.runners.JUnit38ClassRunner.run(JUnit38ClassRunner.java:84)
	at org.apache.maven.surefire.junit4.JUnit4TestSet.execute(JUnit4TestSet.java:35)
	at org.apache.maven.surefire.junit4.JUnit4Provider.executeTestSet(JUnit4Provider.java:146)
	at org.apache.maven.surefire.junit4.JUnit4Provider.invoke(JUnit4Provider.java:97)
	at sun.reflect.NativeMethodAccessorImpl.invoke0(Native Method)
	at sun.reflect.NativeMethodAccessorImpl.invoke(NativeMethodAccessorImpl.java:62)
	at sun.reflect.DelegatingMethodAccessorImpl.invoke(DelegatingMethodAccessorImpl.java:43)
	at java.lang.reflect.Method.invoke(Method.java:498)
	at org.apache.maven.surefire.booter.ProviderFactory$ClassLoaderProxy.invoke(ProviderFactory.java:103)
	at com.sun.proxy.$Proxy0.invoke(Unknown Source)
	at org.apache.maven.surefire.booter.SurefireStarter.invokeProvider(SurefireStarter.java:145)
	at org.apache.maven.surefire.booter.SurefireStarter.runSuitesInProcess(SurefireStarter.java:87)
	at org.apache.maven.surefire.booter.ForkedBooter.main(ForkedBooter.java:69)
Caused by: org.h2.jdbc.JdbcSQLException: Syntax error in SQL statement &quot;SELECT RES.* 
     
    FROM ACT_RU_JOB RES
     
     WHERE  RES.DUEDATE_ &gt; ? 
   
     ORDER BY  ORDER[*] BY RES.ID_ ASC  
    LIMIT ? OFFSET ? &quot;; expected &quot;=, NOT, EXISTS, INTERSECTS, SELECT, FROM&quot;; SQL statement:
select RES.* 
     
    from ACT_RU_JOB RES
     
     WHERE  RES.DUEDATE_ &gt; ? 
   
     order by  order by RES.ID_ asc  
    LIMIT ? OFFSET ? [42001-176]
	at org.h2.message.DbException.getJdbcSQLException(DbException.java:344)
	at org.h2.message.DbException.getSyntaxError(DbException.java:204)
	at org.h2.command.Parser.getSyntaxError(Parser.java:524)
	at org.h2.command.Parser.readTerm(Parser.java:2688)
	at org.h2.command.Parser.readFactor(Parser.java:2244)
	at org.h2.command.Parser.readSum(Parser.java:2231)
	at org.h2.command.Parser.readConcat(Parser.java:2201)
	at org.h2.command.Parser.readCondition(Parser.java:2051)
	at org.h2.command.Parser.readAnd(Parser.java:2023)
	at org.h2.command.Parser.readExpression(Parser.java:2015)
	at org.h2.command.Parser.parseEndOfQuery(Parser.java:1726)
	at org.h2.command.Parser.parseSelectUnionExtension(Parser.java:1706)
	at org.h2.command.Parser.parseSelectUnion(Parser.java:1675)
	at org.h2.command.Parser.parseSelect(Parser.java:1662)
	at org.h2.command.Parser.parsePrepared(Parser.java:434)
	at org.h2.command.Parser.parse(Parser.java:306)
	at org.h2.command.Parser.parse(Parser.java:282)
	at org.h2.command.Parser.prepareCommand(Parser.java:243)
	at org.h2.engine.Session.prepareLocal(Session.java:442)
	at org.h2.engine.Session.prepareCommand(Session.java:384)
	at org.h2.jdbc.JdbcConnection.prepareCommand(JdbcConnection.java:1188)
	at org.h2.jdbc.JdbcPreparedStatement.&lt;init&gt;(JdbcPreparedStatement.java:73)
	at org.h2.jdbc.JdbcConnection.prepareStatement(JdbcConnection.java:276)
	at sun.reflect.GeneratedMethodAccessor6.invoke(Unknown Source)
	at sun.reflect.DelegatingMethodAccessorImpl.invoke(DelegatingMethodAccessorImpl.java:43)
	at java.lang.reflect.Method.invoke(Method.java:498)
	at org.apache.ibatis.datasource.pooled.PooledConnection.invoke(PooledConnection.java:245)
	at com.sun.proxy.$Proxy12.prepareStatement(Unknown Source)
	at sun.reflect.GeneratedMethodAccessor6.invoke(Unknown Source)
	at sun.reflect.DelegatingMethodAccessorImpl.invoke(DelegatingMethodAccessorImpl.java:43)
	at java.lang.reflect.Method.invoke(Method.java:498)
	at org.apache.ibatis.logging.jdbc.ConnectionLogger.invoke(ConnectionLogger.java:55)
	at com.sun.proxy.$Proxy12.prepareStatement(Unknown Source)
	at org.apache.ibatis.executor.statement.PreparedStatementHandler.instantiateStatement(PreparedStatementHandler.java:79)
	at org.apache.ibatis.executor.statement.BaseStatementHandler.prepare(BaseStatementHandler.java:88)
	at org.apache.ibatis.executor.statement.RoutingStatementHandler.prepare(RoutingStatementHandler.java:58)
	at org.apache.ibatis.executor.SimpleExecutor.prepareStatement(SimpleExecutor.java:76)
	at org.apache.ibatis.executor.SimpleExecutor.doQuery(SimpleExecutor.java:61)
	at org.apache.ibatis.executor.BaseExecutor.queryFromDatabase(BaseExecutor.java:303)
	at org.apache.ibatis.executor.BaseExecutor.query(BaseExecutor.java:154)
	at org.apache.ibatis.executor.CachingExecutor.query(CachingExecutor.java:102)
	at org.apache.ibatis.executor.CachingExecutor.query(CachingExecutor.java:82)
	at org.apache.ibatis.session.defaults.DefaultSqlSession.selectList(DefaultSqlSession.java:120)
	... 42 more
10:44:56,967 [main] DEBUG org.activiti.engine.impl.cfg.standalone.StandaloneMybatisTransactionContext  - firing event rolling back...
10:44:56,967 [main] DEBUG org.activiti.engine.impl.cfg.standalone.StandaloneMybatisTransactionContext  - rolling back ibatis sql session...
10:44:56,967 [main] DEBUG org.activiti.engine.impl.cfg.standalone.StandaloneMybatisTransactionContext  - firing event rolled back...
10:44:56,967 [main] DEBUG org.apache.ibatis.transaction.jdbc.JdbcTransaction  - Resetting autocommit to true on JDBC Connection [conn2: url=jdbc:h2:mem:activiti user=SA]
10:44:56,967 [main] DEBUG org.apache.ibatis.transaction.jdbc.JdbcTransaction  - Closing JDBC Connection [conn2: url=jdbc:h2:mem:activiti user=SA]
10:44:56,967 [main] DEBUG org.apache.ibatis.datasource.pooled.PooledDataSource  - Returned connection 363509958 to pool.
10:44:56,967 [main] DEBUG org.activiti.engine.impl.interceptor.LogInterceptor  - --- JobQueryImpl finished --------------------------------------------------------
10:44:56,967 [main] DEBUG org.activiti.engine.impl.interceptor.LogInterceptor  - 

10:44:56,967 [main] ERROR org.activiti.engine.impl.test.PvmTestCase  - 

10:44:56,967 [main] ERROR org.activiti.engine.impl.test.PvmTestCase  - EXCEPTION: org.apache.ibatis.exceptions.PersistenceException: 
### Error querying database.  Cause: org.h2.jdbc.JdbcSQLException: Syntax error in SQL statement &quot;SELECT RES.* 
     
    FROM ACT_RU_JOB RES
     
     WHERE  RES.DUEDATE_ &gt; ? 
   
     ORDER BY  ORDER[*] BY RES.ID_ ASC  
    LIMIT ? OFFSET ? &quot;; expected &quot;=, NOT, EXISTS, INTERSECTS, SELECT, FROM&quot;; SQL statement:
select RES.* 
     
    from ACT_RU_JOB RES
     
     WHERE  RES.DUEDATE_ &gt; ? 
   
     order by  order by RES.ID_ asc  
    LIMIT ? OFFSET ? [42001-176]
### The error may exist in org/activiti/db/mapping/entity/Job.xml
### The error may involve org.activiti.engine.impl.persistence.entity.JobEntity.selectJobByQueryCriteria
### The error occurred while executing a query
### SQL: select RES.*            from ACT_RU_JOB RES            WHERE  RES.DUEDATE_ &gt; ?           order by  order by RES.ID_ asc       LIMIT ? OFFSET ?
### Cause: org.h2.jdbc.JdbcSQLException: Syntax error in SQL statement &quot;SELECT RES.* 
     
    FROM ACT_RU_JOB RES
     
     WHERE  RES.DUEDATE_ &gt; ? 
   
     ORDER BY  ORDER[*] BY RES.ID_ ASC  
    LIMIT ? OFFSET ? &quot;; expected &quot;=, NOT, EXISTS, INTERSECTS, SELECT, FROM&quot;; SQL statement:
select RES.* 
     
    from ACT_RU_JOB RES
     
     WHERE  RES.DUEDATE_ &gt; ? 
   
     order by  order by RES.ID_ asc  
    LIMIT ? OFFSET ? [42001-176]
org.apache.ibatis.exceptions.PersistenceException: 
### Error querying database.  Cause: org.h2.jdbc.JdbcSQLException: Syntax error in SQL statement &quot;SELECT RES.* 
     
    FROM ACT_RU_JOB RES
     
     WHERE  RES.DUEDATE_ &gt; ? 
   
     ORDER BY  ORDER[*] BY RES.ID_ ASC  
    LIMIT ? OFFSET ? &quot;; expected &quot;=, NOT, EXISTS, INTERSECTS, SELECT, FROM&quot;; SQL statement:
select RES.* 
     
    from ACT_RU_JOB RES
     
     WHERE  RES.DUEDATE_ &gt; ? 
   
     order by  order by RES.ID_ asc  
    LIMIT ? OFFSET ? [42001-176]
### The error may exist in org/activiti/db/mapping/entity/Job.xml
### The error may involve org.activiti.engine.impl.persistence.entity.JobEntity.selectJobByQueryCriteria
### The error occurred while executing a query
### SQL: select RES.*            from ACT_RU_JOB RES            WHERE  RES.DUEDATE_ &gt; ?           order by  order by RES.ID_ asc       LIMIT ? OFFSET ?
### Cause: org.h2.jdbc.JdbcSQLException: Syntax error in SQL statement &quot;SELECT RES.* 
     
    FROM ACT_RU_JOB RES
     
     WHERE  RES.DUEDATE_ &gt; ? 
   
     ORDER BY  ORDER[*] BY RES.ID_ ASC  
    LIMIT ? OFFSET ? &quot;; expected &quot;=, NOT, EXISTS, INTERSECTS, SELECT, FROM&quot;; SQL statement:
select RES.* 
     
    from ACT_RU_JOB RES
     
     WHERE  RES.DUEDATE_ &gt; ? 
   
     order by  order by RES.ID_ asc  
    LIMIT ? OFFSET ? [42001-176]
	at org.apache.ibatis.exceptions.ExceptionFactory.wrapException(ExceptionFactory.java:30)
	at org.apache.ibatis.session.defaults.DefaultSqlSession.selectList(DefaultSqlSession.java:122)
	at org.apache.ibatis.session.defaults.DefaultSqlSession.selectList(DefaultSqlSession.java:113)
	at org.activiti.engine.impl.db.DbSqlSession.selectListWithRawParameter(DbSqlSession.java:438)
	at org.activiti.engine.impl.db.DbSqlSession.selectList(DbSqlSession.java:429)
	at org.activiti.engine.impl.db.DbSqlSession.selectList(DbSqlSession.java:419)
	at org.activiti.engine.impl.persistence.entity.JobEntityManager.findJobsByQueryCriteria(JobEntityManager.java:198)
	at org.activiti.engine.impl.JobQueryImpl.executeList(JobQueryImpl.java:243)
	at org.activiti.engine.impl.AbstractQuery.execute(AbstractQuery.java:164)
	at org.activiti.engine.impl.interceptor.CommandInvoker.execute(CommandInvoker.java:24)
	at org.activiti.engine.impl.interceptor.CommandContextInterceptor.execute(CommandContextInterceptor.java:57)
	at org.activiti.engine.impl.interceptor.LogInterceptor.execute(LogInterceptor.java:37)
	at org.activiti.engine.impl.cfg.CommandExecutorImpl.execute(CommandExecutorImpl.java:40)
	at org.activiti.engine.impl.cfg.CommandExecutorImpl.execute(CommandExecutorImpl.java:35)
	at org.activiti.engine.impl.AbstractQuery.list(AbstractQuery.java:138)
	at org.activiti.engine.test.api.mgmt.JobQueryTest.verifyQueryResults(JobQueryTest.java:400)
	at org.activiti.engine.test.api.mgmt.JobQueryTest.testQueryByDuedateHigherThan(JobQueryTest.java:216)
	at sun.reflect.NativeMethodAccessorImpl.invoke0(Native Method)
	at sun.reflect.NativeMethodAccessorImpl.invoke(NativeMethodAccessorImpl.java:62)
	at sun.reflect.DelegatingMethodAccessorImpl.invoke(DelegatingMethodAccessorImpl.java:43)
	at java.lang.reflect.Method.invoke(Method.java:498)
	at junit.framework.TestCase.runTest(TestCase.java:176)
	at org.activiti.engine.impl.test.PvmTestCase.runTest(PvmTestCase.java:65)
	at junit.framework.TestCase.runBare(TestCase.java:141)
	at org.activiti.engine.impl.test.AbstractActivitiTestCase.runBare(AbstractActivitiTestCase.java:100)
	at junit.framework.TestResult$1.protect(TestResult.java:122)
	at junit.framework.TestResult.runProtected(TestResult.java:142)
	at junit.framework.TestResult.run(TestResult.java:125)
	at junit.framework.TestCase.run(TestCase.java:129)
	at junit.framework.TestSuite.runTest(TestSuite.java:255)
	at junit.framework.TestSuite.run(TestSuite.java:250)
	at org.junit.internal.runners.JUnit38ClassRunner.run(JUnit38ClassRunner.java:84)
	at org.apache.maven.surefire.junit4.JUnit4TestSet.execute(JUnit4TestSet.java:35)
	at org.apache.maven.surefire.junit4.JUnit4Provider.executeTestSet(JUnit4Provider.java:146)
	at org.apache.maven.surefire.junit4.JUnit4Provider.invoke(JUnit4Provider.java:97)
	at sun.reflect.NativeMethodAccessorImpl.invoke0(Native Method)
	at sun.reflect.NativeMethodAccessorImpl.invoke(NativeMethodAccessorImpl.java:62)
	at sun.reflect.DelegatingMethodAccessorImpl.invoke(DelegatingMethodAccessorImpl.java:43)
	at java.lang.reflect.Method.invoke(Method.java:498)
	at org.apache.maven.surefire.booter.ProviderFactory$ClassLoaderProxy.invoke(ProviderFactory.java:103)
	at com.sun.proxy.$Proxy0.invoke(Unknown Source)
	at org.apache.maven.surefire.booter.SurefireStarter.invokeProvider(SurefireStarter.java:145)
	at org.apache.maven.surefire.booter.SurefireStarter.runSuitesInProcess(SurefireStarter.java:87)
	at org.apache.maven.surefire.booter.ForkedBooter.main(ForkedBooter.java:69)
Caused by: org.h2.jdbc.JdbcSQLException: Syntax error in SQL statement &quot;SELECT RES.* 
     
    FROM ACT_RU_JOB RES
     
     WHERE  RES.DUEDATE_ &gt; ? 
   
     ORDER BY  ORDER[*] BY RES.ID_ ASC  
    LIMIT ? OFFSET ? &quot;; expected &quot;=, NOT, EXISTS, INTERSECTS, SELECT, FROM&quot;; SQL statement:
select RES.* 
     
    from ACT_RU_JOB RES
     
     WHERE  RES.DUEDATE_ &gt; ? 
   
     order by  order by RES.ID_ asc  
    LIMIT ? OFFSET ? [42001-176]
	at org.h2.message.DbException.getJdbcSQLException(DbException.java:344)
	at org.h2.message.DbException.getSyntaxError(DbException.java:204)
	at org.h2.command.Parser.getSyntaxError(Parser.java:524)
	at org.h2.command.Parser.readTerm(Parser.java:2688)
	at org.h2.command.Parser.readFactor(Parser.java:2244)
	at org.h2.command.Parser.readSum(Parser.java:2231)
	at org.h2.command.Parser.readConcat(Parser.java:2201)
	at org.h2.command.Parser.readCondition(Parser.java:2051)
	at org.h2.command.Parser.readAnd(Parser.java:2023)
	at org.h2.command.Parser.readExpression(Parser.java:2015)
	at org.h2.command.Parser.parseEndOfQuery(Parser.java:1726)
	at org.h2.command.Parser.parseSelectUnionExtension(Parser.java:1706)
	at org.h2.command.Parser.parseSelectUnion(Parser.java:1675)
	at org.h2.command.Parser.parseSelect(Parser.java:1662)
	at org.h2.command.Parser.parsePrepared(Parser.java:434)
	at org.h2.command.Parser.parse(Parser.java:306)
	at org.h2.command.Parser.parse(Parser.java:282)
	at org.h2.command.Parser.prepareCommand(Parser.java:243)
	at org.h2.engine.Session.prepareLocal(Session.java:442)
	at org.h2.engine.Session.prepareCommand(Session.java:384)
	at org.h2.jdbc.JdbcConnection.prepareCommand(JdbcConnection.java:1188)
	at org.h2.jdbc.JdbcPreparedStatement.&lt;init&gt;(JdbcPreparedStatement.java:73)
	at org.h2.jdbc.JdbcConnection.prepareStatement(JdbcConnection.java:276)
	at sun.reflect.GeneratedMethodAccessor6.invoke(Unknown Source)
	at sun.reflect.DelegatingMethodAccessorImpl.invoke(DelegatingMethodAccessorImpl.java:43)
	at java.lang.reflect.Method.invoke(Method.java:498)
	at org.apache.ibatis.datasource.pooled.PooledConnection.invoke(PooledConnection.java:245)
	at com.sun.proxy.$Proxy12.prepareStatement(Unknown Source)
	at sun.reflect.GeneratedMethodAccessor6.invoke(Unknown Source)
	at sun.reflect.DelegatingMethodAccessorImpl.invoke(DelegatingMethodAccessorImpl.java:43)
	at java.lang.reflect.Method.invoke(Method.java:498)
	at org.apache.ibatis.logging.jdbc.ConnectionLogger.invoke(ConnectionLogger.java:55)
	at com.sun.proxy.$Proxy12.prepareStatement(Unknown Source)
	at org.apache.ibatis.executor.statement.PreparedStatementHandler.instantiateStatement(PreparedStatementHandler.java:79)
	at org.apache.ibatis.executor.statement.BaseStatementHandler.prepare(BaseStatementHandler.java:88)
	at org.apache.ibatis.executor.statement.RoutingStatementHandler.prepare(RoutingStatementHandler.java:58)
	at org.apache.ibatis.executor.SimpleExecutor.prepareStatement(SimpleExecutor.java:76)
	at org.apache.ibatis.executor.SimpleExecutor.doQuery(SimpleExecutor.java:61)
	at org.apache.ibatis.executor.BaseExecutor.queryFromDatabase(BaseExecutor.java:303)
	at org.apache.ibatis.executor.BaseExecutor.query(BaseExecutor.java:154)
	at org.apache.ibatis.executor.CachingExecutor.query(CachingExecutor.java:102)
	at org.apache.ibatis.executor.CachingExecutor.query(CachingExecutor.java:82)
	at org.apache.ibatis.session.defaults.DefaultSqlSession.selectList(DefaultSqlSession.java:120)
	... 42 more
10:44:56,967 [main] DEBUG org.activiti.engine.impl.test.PvmTestCase  - #### END JobQueryTest.testQueryByDuedateHigherThan #############################################################
10:44:56,967 [main] DEBUG org.activiti.engine.impl.interceptor.LogInterceptor  - 

10:44:56,967 [main] DEBUG org.activiti.engine.impl.interceptor.LogInterceptor  - --- starting DeleteDeploymentCmd --------------------------------------------------------
10:44:56,967 [main] DEBUG org.apache.ibatis.transaction.jdbc.JdbcTransaction  - Opening JDBC Connection
10:44:56,967 [main] DEBUG org.apache.ibatis.datasource.pooled.PooledDataSource  - Checked out connection 180014677 from pool.
10:44:56,967 [main] DEBUG org.apache.ibatis.transaction.jdbc.JdbcTransaction  - Setting autocommit to false on JDBC Connection [conn3: url=jdbc:h2:mem:activiti user=SA]
10:44:56,967 [main] DEBUG org.activiti.engine.impl.persistence.entity.DeploymentEntity.selectDeploymentById  - ==&gt;  Preparing: select * from ACT_RE_DEPLOYMENT where ID_ = ? 
10:44:56,967 [main] DEBUG org.activiti.engine.impl.persistence.entity.DeploymentEntity.selectDeploymentById  - ==&gt; Parameters: 1435(String)
10:44:56,967 [main] DEBUG org.activiti.engine.impl.persistence.entity.DeploymentEntity.selectDeploymentById  - &lt;==      Total: 1
10:44:56,967 [main] DEBUG org.activiti.engine.impl.persistence.entity.ProcessDefinitionEntity.selectProcessDefinitionsByQueryCriteria  - ==&gt;  Preparing: select RES.* from ACT_RE_PROCDEF RES WHERE RES.DEPLOYMENT_ID_ = ? order by order by RES.ID_ asc LIMIT ? OFFSET ? 
10:44:56,967 [main] DEBUG org.activiti.engine.impl.interceptor.CommandContext  - Error while closing command context
org.apache.ibatis.exceptions.PersistenceException: 
### Error querying database.  Cause: org.h2.jdbc.JdbcSQLException: Syntax error in SQL statement &quot;SELECT RES.* 
       
    FROM ACT_RE_PROCDEF RES
     
     WHERE  RES.DEPLOYMENT_ID_ = ? 
   
     ORDER BY  ORDER[*] BY RES.ID_ ASC  
    LIMIT ? OFFSET ? &quot;; expected &quot;=, NOT, EXISTS, INTERSECTS, SELECT, FROM&quot;; SQL statement:
select RES.* 
       
    from ACT_RE_PROCDEF RES
     
     WHERE  RES.DEPLOYMENT_ID_ = ? 
   
     order by  order by RES.ID_ asc  
    LIMIT ? OFFSET ? [42001-176]
### The error may exist in org/activiti/db/mapping/entity/ProcessDefinition.xml
### The error may involve org.activiti.engine.impl.persistence.entity.ProcessDefinitionEntity.selectProcessDefinitionsByQueryCriteria
### The error occurred while executing a query
### SQL: select RES.*              from ACT_RE_PROCDEF RES            WHERE  RES.DEPLOYMENT_ID_ = ?           order by  order by RES.ID_ asc       LIMIT ? OFFSET ?
### Cause: org.h2.jdbc.JdbcSQLException: Syntax error in SQL statement &quot;SELECT RES.* 
       
    FROM ACT_RE_PROCDEF RES
     
     WHERE  RES.DEPLOYMENT_ID_ = ? 
   
     ORDER BY  ORDER[*] BY RES.ID_ ASC  
    LIMIT ? OFFSET ? &quot;; expected &quot;=, NOT, EXISTS, INTERSECTS, SELECT, FROM&quot;; SQL statement:
select RES.* 
       
    from ACT_RE_PROCDEF RES
     
     WHERE  RES.DEPLOYMENT_ID_ = ? 
   
     order by  order by RES.ID_ asc  
    LIMIT ? OFFSET ? [42001-176]
	at org.apache.ibatis.exceptions.ExceptionFactory.wrapException(ExceptionFactory.java:30)
	at org.apache.ibatis.session.defaults.DefaultSqlSession.selectList(DefaultSqlSession.java:122)
	at org.apache.ibatis.session.defaults.DefaultSqlSession.selectList(DefaultSqlSession.java:113)
	at org.activiti.engine.impl.db.DbSqlSession.selectListWithRawParameter(DbSqlSession.java:438)
	at org.activiti.engine.impl.db.DbSqlSession.selectList(DbSqlSession.java:429)
	at org.activiti.engine.impl.db.DbSqlSession.selectList(DbSqlSession.java:419)
	at org.activiti.engine.impl.persistence.entity.ProcessDefinitionEntityManager.findProcessDefinitionsByQueryCriteria(ProcessDefinitionEntityManager.java:57)
	at org.activiti.engine.impl.ProcessDefinitionQueryImpl.executeList(ProcessDefinitionQueryImpl.java:307)
	at org.activiti.engine.impl.AbstractQuery.list(AbstractQuery.java:140)
	at org.activiti.engine.impl.persistence.deploy.DeploymentManager.removeDeployment(DeploymentManager.java:187)
	at org.activiti.engine.impl.cmd.DeleteDeploymentCmd.execute(DeleteDeploymentCmd.java:44)
	at org.activiti.engine.impl.cmd.DeleteDeploymentCmd.execute(DeleteDeploymentCmd.java:24)
	at org.activiti.engine.impl.interceptor.CommandInvoker.execute(CommandInvoker.java:24)
	at org.activiti.engine.impl.interceptor.CommandContextInterceptor.execute(CommandContextInterceptor.java:57)
	at org.activiti.engine.impl.interceptor.LogInterceptor.execute(LogInterceptor.java:37)
	at org.activiti.engine.impl.cfg.CommandExecutorImpl.execute(CommandExecutorImpl.java:40)
	at org.activiti.engine.impl.cfg.CommandExecutorImpl.execute(CommandExecutorImpl.java:35)
	at org.activiti.engine.impl.RepositoryServiceImpl.deleteDeployment(RepositoryServiceImpl.java:90)
	at org.activiti.engine.test.api.mgmt.JobQueryTest.tearDown(JobQueryTest.java:116)
	at junit.framework.TestCase.runBare(TestCase.java:146)
	at org.activiti.engine.impl.test.AbstractActivitiTestCase.runBare(AbstractActivitiTestCase.java:100)
	at junit.framework.TestResult$1.protect(TestResult.java:122)
	at junit.framework.TestResult.runProtected(TestResult.java:142)
	at junit.framework.TestResult.run(TestResult.java:125)
	at junit.framework.TestCase.run(TestCase.java:129)
	at junit.framework.TestSuite.runTest(TestSuite.java:255)
	at junit.framework.TestSuite.run(TestSuite.java:250)
	at org.junit.internal.runners.JUnit38ClassRunner.run(JUnit38ClassRunner.java:84)
	at org.apache.maven.surefire.junit4.JUnit4TestSet.execute(JUnit4TestSet.java:35)
	at org.apache.maven.surefire.junit4.JUnit4Provider.executeTestSet(JUnit4Provider.java:146)
	at org.apache.maven.surefire.junit4.JUnit4Provider.invoke(JUnit4Provider.java:97)
	at sun.reflect.NativeMethodAccessorImpl.invoke0(Native Method)
	at sun.reflect.NativeMethodAccessorImpl.invoke(NativeMethodAccessorImpl.java:62)
	at sun.reflect.DelegatingMethodAccessorImpl.invoke(DelegatingMethodAccessorImpl.java:43)
	at java.lang.reflect.Method.invoke(Method.java:498)
	at org.apache.maven.surefire.booter.ProviderFactory$ClassLoaderProxy.invoke(ProviderFactory.java:103)
	at com.sun.proxy.$Proxy0.invoke(Unknown Source)
	at org.apache.maven.surefire.booter.SurefireStarter.invokeProvider(SurefireStarter.java:145)
	at org.apache.maven.surefire.booter.SurefireStarter.runSuitesInProcess(SurefireStarter.java:87)
	at org.apache.maven.surefire.booter.ForkedBooter.main(ForkedBooter.java:69)
Caused by: org.h2.jdbc.JdbcSQLException: Syntax error in SQL statement &quot;SELECT RES.* 
       
    FROM ACT_RE_PROCDEF RES
     
     WHERE  RES.DEPLOYMENT_ID_ = ? 
   
     ORDER BY  ORDER[*] BY RES.ID_ ASC  
    LIMIT ? OFFSET ? &quot;; expected &quot;=, NOT, EXISTS, INTERSECTS, SELECT, FROM&quot;; SQL statement:
select RES.* 
       
    from ACT_RE_PROCDEF RES
     
     WHERE  RES.DEPLOYMENT_ID_ = ? 
   
     order by  order by RES.ID_ asc  
    LIMIT ? OFFSET ? [42001-176]
	at org.h2.message.DbException.getJdbcSQLException(DbException.java:344)
	at org.h2.message.DbException.getSyntaxError(DbException.java:204)
	at org.h2.command.Parser.getSyntaxError(Parser.java:524)
	at org.h2.command.Parser.readTerm(Parser.java:2688)
	at org.h2.command.Parser.readFactor(Parser.java:2244)
	at org.h2.command.Parser.readSum(Parser.java:2231)
	at org.h2.command.Parser.readConcat(Parser.java:2201)
	at org.h2.command.Parser.readCondition(Parser.java:2051)
	at org.h2.command.Parser.readAnd(Parser.java:2023)
	at org.h2.command.Parser.readExpression(Parser.java:2015)
	at org.h2.command.Parser.parseEndOfQuery(Parser.java:1726)
	at org.h2.command.Parser.parseSelectUnionExtension(Parser.java:1706)
	at org.h2.command.Parser.parseSelectUnion(Parser.java:1675)
	at org.h2.command.Parser.parseSelect(Parser.java:1662)
	at org.h2.command.Parser.parsePrepared(Parser.java:434)
	at org.h2.command.Parser.parse(Parser.java:306)
	at org.h2.command.Parser.parse(Parser.java:282)
	at org.h2.command.Parser.prepareCommand(Parser.java:243)
	at org.h2.engine.Session.prepareLocal(Session.java:442)
	at org.h2.engine.Session.prepareCommand(Session.java:384)
	at org.h2.jdbc.JdbcConnection.prepareCommand(JdbcConnection.java:1188)
	at org.h2.jdbc.JdbcPreparedStatement.&lt;init&gt;(JdbcPreparedStatement.java:73)
	at org.h2.jdbc.JdbcConnection.prepareStatement(JdbcConnection.java:276)
	at sun.reflect.GeneratedMethodAccessor6.invoke(Unknown Source)
	at sun.reflect.DelegatingMethodAccessorImpl.invoke(DelegatingMethodAccessorImpl.java:43)
	at java.lang.reflect.Method.invoke(Method.java:498)
	at org.apache.ibatis.datasource.pooled.PooledConnection.invoke(PooledConnection.java:245)
	at com.sun.proxy.$Proxy12.prepareStatement(Unknown Source)
	at sun.reflect.GeneratedMethodAccessor6.invoke(Unknown Source)
	at sun.reflect.DelegatingMethodAccessorImpl.invoke(DelegatingMethodAccessorImpl.java:43)
	at java.lang.reflect.Method.invoke(Method.java:498)
	at org.apache.ibatis.logging.jdbc.ConnectionLogger.invoke(ConnectionLogger.java:55)
	at com.sun.proxy.$Proxy12.prepareStatement(Unknown Source)
	at org.apache.ibatis.executor.statement.PreparedStatementHandler.instantiateStatement(PreparedStatementHandler.java:79)
	at org.apache.ibatis.executor.statement.BaseStatementHandler.prepare(BaseStatementHandler.java:88)
	at org.apache.ibatis.executor.statement.RoutingStatementHandler.prepare(RoutingStatementHandler.java:58)
	at org.apache.ibatis.executor.SimpleExecutor.prepareStatement(SimpleExecutor.java:76)
	at org.apache.ibatis.executor.SimpleExecutor.doQuery(SimpleExecutor.java:61)
	at org.apache.ibatis.executor.BaseExecutor.queryFromDatabase(BaseExecutor.java:303)
	at org.apache.ibatis.executor.BaseExecutor.query(BaseExecutor.java:154)
	at org.apache.ibatis.executor.CachingExecutor.query(CachingExecutor.java:102)
	at org.apache.ibatis.executor.CachingExecutor.query(CachingExecutor.java:82)
	at org.apache.ibatis.session.defaults.DefaultSqlSession.selectList(DefaultSqlSession.java:120)
	... 38 more
10:44:56,968 [main] DEBUG org.activiti.engine.impl.cfg.standalone.StandaloneMybatisTransactionContext  - firing event rolling back...
10:44:56,968 [main] DEBUG org.activiti.engine.impl.cfg.standalone.StandaloneMybatisTransactionContext  - rolling back ibatis sql session...
10:44:56,968 [main] DEBUG org.activiti.engine.impl.cfg.standalone.StandaloneMybatisTransactionContext  - firing event rolled back...
10:44:56,968 [main] DEBUG org.apache.ibatis.transaction.jdbc.JdbcTransaction  - Resetting autocommit to true on JDBC Connection [conn3: url=jdbc:h2:mem:activiti user=SA]
10:44:56,968 [main] DEBUG org.apache.ibatis.transaction.jdbc.JdbcTransaction  - Closing JDBC Connection [conn3: url=jdbc:h2:mem:activiti user=SA]
10:44:56,968 [main] DEBUG org.apache.ibatis.datasource.pooled.PooledDataSource  - Returned connection 180014677 to pool.
10:44:56,968 [main] DEBUG org.activiti.engine.impl.interceptor.LogInterceptor  - --- DeleteDeploymentCmd finished --------------------------------------------------------
10:44:56,968 [main] DEBUG org.activiti.engine.impl.interceptor.LogInterceptor  - 

10:44:56,968 [main] ERROR org.activiti.engine.impl.test.PvmTestCase  - 

10:44:56,968 [main] ERROR org.activiti.engine.impl.test.PvmTestCase  - EXCEPTION: org.apache.ibatis.exceptions.PersistenceException: 
### Error querying database.  Cause: org.h2.jdbc.JdbcSQLException: Syntax error in SQL statement &quot;SELECT RES.* 
     
    FROM ACT_RU_JOB RES
     
     WHERE  RES.DUEDATE_ &gt; ? 
   
     ORDER BY  ORDER[*] BY RES.ID_ ASC  
    LIMIT ? OFFSET ? &quot;; expected &quot;=, NOT, EXISTS, INTERSECTS, SELECT, FROM&quot;; SQL statement:
select RES.* 
     
    from ACT_RU_JOB RES
     
     WHERE  RES.DUEDATE_ &gt; ? 
   
     order by  order by RES.ID_ asc  
    LIMIT ? OFFSET ? [42001-176]
### The error may exist in org/activiti/db/mapping/entity/Job.xml
### The error may involve org.activiti.engine.impl.persistence.entity.JobEntity.selectJobByQueryCriteria
### The error occurred while executing a query
### SQL: select RES.*            from ACT_RU_JOB RES            WHERE  RES.DUEDATE_ &gt; ?           order by  order by RES.ID_ asc       LIMIT ? OFFSET ?
### Cause: org.h2.jdbc.JdbcSQLException: Syntax error in SQL statement &quot;SELECT RES.* 
     
    FROM ACT_RU_JOB RES
     
     WHERE  RES.DUEDATE_ &gt; ? 
   
     ORDER BY  ORDER[*] BY RES.ID_ ASC  
    LIMIT ? OFFSET ? &quot;; expected &quot;=, NOT, EXISTS, INTERSECTS, SELECT, FROM&quot;; SQL statement:
select RES.* 
     
    from ACT_RU_JOB RES
     
     WHERE  RES.DUEDATE_ &gt; ? 
   
     order by  order by RES.ID_ asc  
    LIMIT ? OFFSET ? [42001-176]
org.apache.ibatis.exceptions.PersistenceException: 
### Error querying database.  Cause: org.h2.jdbc.JdbcSQLException: Syntax error in SQL statement &quot;SELECT RES.* 
     
    FROM ACT_RU_JOB RES
     
     WHERE  RES.DUEDATE_ &gt; ? 
   
     ORDER BY  ORDER[*] BY RES.ID_ ASC  
    LIMIT ? OFFSET ? &quot;; expected &quot;=, NOT, EXISTS, INTERSECTS, SELECT, FROM&quot;; SQL statement:
select RES.* 
     
    from ACT_RU_JOB RES
     
     WHERE  RES.DUEDATE_ &gt; ? 
   
     order by  order by RES.ID_ asc  
    LIMIT ? OFFSET ? [42001-176]
### The error may exist in org/activiti/db/mapping/entity/Job.xml
### The error may involve org.activiti.engine.impl.persistence.entity.JobEntity.selectJobByQueryCriteria
### The error occurred while executing a query
### SQL: select RES.*            from ACT_RU_JOB RES            WHERE  RES.DUEDATE_ &gt; ?           order by  order by RES.ID_ asc       LIMIT ? OFFSET ?
### Cause: org.h2.jdbc.JdbcSQLException: Syntax error in SQL statement &quot;SELECT RES.* 
     
    FROM ACT_RU_JOB RES
     
     WHERE  RES.DUEDATE_ &gt; ? 
   
     ORDER BY  ORDER[*] BY RES.ID_ ASC  
    LIMIT ? OFFSET ? &quot;; expected &quot;=, NOT, EXISTS, INTERSECTS, SELECT, FROM&quot;; SQL statement:
select RES.* 
     
    from ACT_RU_JOB RES
     
     WHERE  RES.DUEDATE_ &gt; ? 
   
     order by  order by RES.ID_ asc  
    LIMIT ? OFFSET ? [42001-176]
	at org.apache.ibatis.exceptions.ExceptionFactory.wrapException(ExceptionFactory.java:30)
	at org.apache.ibatis.session.defaults.DefaultSqlSession.selectList(DefaultSqlSession.java:122)
	at org.apache.ibatis.session.defaults.DefaultSqlSession.selectList(DefaultSqlSession.java:113)
	at org.activiti.engine.impl.db.DbSqlSession.selectListWithRawParameter(DbSqlSession.java:438)
	at org.activiti.engine.impl.db.DbSqlSession.selectList(DbSqlSession.java:429)
	at org.activiti.engine.impl.db.DbSqlSession.selectList(DbSqlSession.java:419)
	at org.activiti.engine.impl.persistence.entity.JobEntityManager.findJobsByQueryCriteria(JobEntityManager.java:198)
	at org.activiti.engine.impl.JobQueryImpl.executeList(JobQueryImpl.java:243)
	at org.activiti.engine.impl.AbstractQuery.execute(AbstractQuery.java:164)
	at org.activiti.engine.impl.interceptor.CommandInvoker.execute(CommandInvoker.java:24)
	at org.activiti.engine.impl.interceptor.CommandContextInterceptor.execute(CommandContextInterceptor.java:57)
	at org.activiti.engine.impl.interceptor.LogInterceptor.execute(LogInterceptor.java:37)
	at org.activiti.engine.impl.cfg.CommandExecutorImpl.execute(CommandExecutorImpl.java:40)
	at org.activiti.engine.impl.cfg.CommandExecutorImpl.execute(CommandExecutorImpl.java:35)
	at org.activiti.engine.impl.AbstractQuery.list(AbstractQuery.java:138)
	at org.activiti.engine.test.api.mgmt.JobQueryTest.verifyQueryResults(JobQueryTest.java:400)
	at org.activiti.engine.test.api.mgmt.JobQueryTest.testQueryByDuedateHigherThan(JobQueryTest.java:216)
	at sun.reflect.NativeMethodAccessorImpl.invoke0(Native Method)
	at sun.reflect.NativeMethodAccessorImpl.invoke(NativeMethodAccessorImpl.java:62)
	at sun.reflect.DelegatingMethodAccessorImpl.invoke(DelegatingMethodAccessorImpl.java:43)
	at java.lang.reflect.Method.invoke(Method.java:498)
	at junit.framework.TestCase.runTest(TestCase.java:176)
	at org.activiti.engine.impl.test.PvmTestCase.runTest(PvmTestCase.java:65)
	at junit.framework.TestCase.runBare(TestCase.java:141)
	at org.activiti.engine.impl.test.AbstractActivitiTestCase.runBare(AbstractActivitiTestCase.java:100)
	at junit.framework.TestResult$1.protect(TestResult.java:122)
	at junit.framework.TestResult.runProtected(TestResult.java:142)
	at junit.framework.TestResult.run(TestResult.java:125)
	at junit.framework.TestCase.run(TestCase.java:129)
	at junit.framework.TestSuite.runTest(TestSuite.java:255)
	at junit.framework.TestSuite.run(TestSuite.java:250)
	at org.junit.internal.runners.JUnit38ClassRunner.run(JUnit38ClassRunner.java:84)
	at org.apache.maven.surefire.junit4.JUnit4TestSet.execute(JUnit4TestSet.java:35)
	at org.apache.maven.surefire.junit4.JUnit4Provider.executeTestSet(JUnit4Provider.java:146)
	at org.apache.maven.surefire.junit4.JUnit4Provider.invoke(JUnit4Provider.java:97)
	at sun.reflect.NativeMethodAccessorImpl.invoke0(Native Method)
	at sun.reflect.NativeMethodAccessorImpl.invoke(NativeMethodAccessorImpl.java:62)
	at sun.reflect.DelegatingMethodAccessorImpl.invoke(DelegatingMethodAccessorImpl.java:43)
	at java.lang.reflect.Method.invoke(Method.java:498)
	at org.apache.maven.surefire.booter.ProviderFactory$ClassLoaderProxy.invoke(ProviderFactory.java:103)
	at com.sun.proxy.$Proxy0.invoke(Unknown Source)
	at org.apache.maven.surefire.booter.SurefireStarter.invokeProvider(SurefireStarter.java:145)
	at org.apache.maven.surefire.booter.SurefireStarter.runSuitesInProcess(SurefireStarter.java:87)
	at org.apache.maven.surefire.booter.ForkedBooter.main(ForkedBooter.java:69)
Caused by: org.h2.jdbc.JdbcSQLException: Syntax error in SQL statement &quot;SELECT RES.* 
     
    FROM ACT_RU_JOB RES
     
     WHERE  RES.DUEDATE_ &gt; ? 
   
     ORDER BY  ORDER[*] BY RES.ID_ ASC  
    LIMIT ? OFFSET ? &quot;; expected &quot;=, NOT, EXISTS, INTERSECTS, SELECT, FROM&quot;; SQL statement:
select RES.* 
     
    from ACT_RU_JOB RES
     
     WHERE  RES.DUEDATE_ &gt; ? 
   
     order by  order by RES.ID_ asc  
    LIMIT ? OFFSET ? [42001-176]
	at org.h2.message.DbException.getJdbcSQLException(DbException.java:344)
	at org.h2.message.DbException.getSyntaxError(DbException.java:204)
	at org.h2.command.Parser.getSyntaxError(Parser.java:524)
	at org.h2.command.Parser.readTerm(Parser.java:2688)
	at org.h2.command.Parser.readFactor(Parser.java:2244)
	at org.h2.command.Parser.readSum(Parser.java:2231)
	at org.h2.command.Parser.readConcat(Parser.java:2201)
	at org.h2.command.Parser.readCondition(Parser.java:2051)
	at org.h2.command.Parser.readAnd(Parser.java:2023)
	at org.h2.command.Parser.readExpression(Parser.java:2015)
	at org.h2.command.Parser.parseEndOfQuery(Parser.java:1726)
	at org.h2.command.Parser.parseSelectUnionExtension(Parser.java:1706)
	at org.h2.command.Parser.parseSelectUnion(Parser.java:1675)
	at org.h2.command.Parser.parseSelect(Parser.java:1662)
	at org.h2.command.Parser.parsePrepared(Parser.java:434)
	at org.h2.command.Parser.parse(Parser.java:306)
	at org.h2.command.Parser.parse(Parser.java:282)
	at org.h2.command.Parser.prepareCommand(Parser.java:243)
	at org.h2.engine.Session.prepareLocal(Session.java:442)
	at org.h2.engine.Session.prepareCommand(Session.java:384)
	at org.h2.jdbc.JdbcConnection.prepareCommand(JdbcConnection.java:1188)
	at org.h2.jdbc.JdbcPreparedStatement.&lt;init&gt;(JdbcPreparedStatement.java:73)
	at org.h2.jdbc.JdbcConnection.prepareStatement(JdbcConnection.java:276)
	at sun.reflect.GeneratedMethodAccessor6.invoke(Unknown Source)
	at sun.reflect.DelegatingMethodAccessorImpl.invoke(DelegatingMethodAccessorImpl.java:43)
	at java.lang.reflect.Method.invoke(Method.java:498)
	at org.apache.ibatis.datasource.pooled.PooledConnection.invoke(PooledConnection.java:245)
	at com.sun.proxy.$Proxy12.prepareStatement(Unknown Source)
	at sun.reflect.GeneratedMethodAccessor6.invoke(Unknown Source)
	at sun.reflect.DelegatingMethodAccessorImpl.invoke(DelegatingMethodAccessorImpl.java:43)
	at java.lang.reflect.Method.invoke(Method.java:498)
	at org.apache.ibatis.logging.jdbc.ConnectionLogger.invoke(ConnectionLogger.java:55)
	at com.sun.proxy.$Proxy12.prepareStatement(Unknown Source)
	at org.apache.ibatis.executor.statement.PreparedStatementHandler.instantiateStatement(PreparedStatementHandler.java:79)
	at org.apache.ibatis.executor.statement.BaseStatementHandler.prepare(BaseStatementHandler.java:88)
	at org.apache.ibatis.executor.statement.RoutingStatementHandler.prepare(RoutingStatementHandler.java:58)
	at org.apache.ibatis.executor.SimpleExecutor.prepareStatement(SimpleExecutor.java:76)
	at org.apache.ibatis.executor.SimpleExecutor.doQuery(SimpleExecutor.java:61)
	at org.apache.ibatis.executor.BaseExecutor.queryFromDatabase(BaseExecutor.java:303)
	at org.apache.ibatis.executor.BaseExecutor.query(BaseExecutor.java:154)
	at org.apache.ibatis.executor.CachingExecutor.query(CachingExecutor.java:102)
	at org.apache.ibatis.executor.CachingExecutor.query(CachingExecutor.java:82)
	at org.apache.ibatis.session.defaults.DefaultSqlSession.selectList(DefaultSqlSession.java:120)
	... 42 more
10:44:56,968 [main] DEBUG org.activiti.engine.impl.test.PvmTestCase  - verifying that db is clean after test
10:44:56,968 [main] DEBUG org.activiti.engine.impl.interceptor.LogInterceptor  - 

10:44:56,968 [main] DEBUG org.activiti.engine.impl.interceptor.LogInterceptor  - --- starting GetTableCountCmd --------------------------------------------------------
10:44:56,968 [main] DEBUG org.apache.ibatis.transaction.jdbc.JdbcTransaction  - Opening JDBC Connection
10:44:56,968 [main] DEBUG org.apache.ibatis.datasource.pooled.PooledDataSource  - Checked out connection 297240765 from pool.
10:44:56,968 [main] DEBUG org.apache.ibatis.transaction.jdbc.JdbcTransaction  - Setting autocommit to false on JDBC Connection [conn4: url=jdbc:h2:mem:activiti user=SA]
10:44:56,968 [main] DEBUG org.activiti.engine.impl.persistence.entity.TableDataManager  - retrieving activiti tables from jdbc metadata
10:44:56,969 [main] DEBUG org.activiti.engine.impl.persistence.entity.TableDataManager  -   retrieved activiti table name ACT_EVT_LOG
10:44:56,969 [main] DEBUG org.activiti.engine.impl.persistence.entity.TableDataManager  -   retrieved activiti table name ACT_GE_BYTEARRAY
10:44:56,969 [main] DEBUG org.activiti.engine.impl.persistence.entity.TableDataManager  -   retrieved activiti table name ACT_GE_PROPERTY
10:44:56,969 [main] DEBUG org.activiti.engine.impl.persistence.entity.TableDataManager  -   retrieved activiti table name ACT_HI_ACTINST
10:44:56,969 [main] DEBUG org.activiti.engine.impl.persistence.entity.TableDataManager  -   retrieved activiti table name ACT_HI_ATTACHMENT
10:44:56,969 [main] DEBUG org.activiti.engine.impl.persistence.entity.TableDataManager  -   retrieved activiti table name ACT_HI_COMMENT
10:44:56,969 [main] DEBUG org.activiti.engine.impl.persistence.entity.TableDataManager  -   retrieved activiti table name ACT_HI_DETAIL
10:44:56,969 [main] DEBUG org.activiti.engine.impl.persistence.entity.TableDataManager  -   retrieved activiti table name ACT_HI_IDENTITYLINK
10:44:56,969 [main] DEBUG org.activiti.engine.impl.persistence.entity.TableDataManager  -   retrieved activiti table name ACT_HI_PROCINST
10:44:56,969 [main] DEBUG org.activiti.engine.impl.persistence.entity.TableDataManager  -   retrieved activiti table name ACT_HI_TASKINST
10:44:56,969 [main] DEBUG org.activiti.engine.impl.persistence.entity.TableDataManager  -   retrieved activiti table name ACT_HI_VARINST
10:44:56,969 [main] DEBUG org.activiti.engine.impl.persistence.entity.TableDataManager  -   retrieved activiti table name ACT_ID_GROUP
10:44:56,969 [main] DEBUG org.activiti.engine.impl.persistence.entity.TableDataManager  -   retrieved activiti table name ACT_ID_INFO
10:44:56,969 [main] DEBUG org.activiti.engine.impl.persistence.entity.TableDataManager  -   retrieved activiti table name ACT_ID_MEMBERSHIP
10:44:56,969 [main] DEBUG org.activiti.engine.impl.persistence.entity.TableDataManager  -   retrieved activiti table name ACT_ID_USER
10:44:56,969 [main] DEBUG org.activiti.engine.impl.persistence.entity.TableDataManager  -   retrieved activiti table name ACT_PROCDEF_INFO
10:44:56,969 [main] DEBUG org.activiti.engine.impl.persistence.entity.TableDataManager  -   retrieved activiti table name ACT_RE_DEPLOYMENT
10:44:56,969 [main] DEBUG org.activiti.engine.impl.persistence.entity.TableDataManager  -   retrieved activiti table name ACT_RE_MODEL
10:44:56,969 [main] DEBUG org.activiti.engine.impl.persistence.entity.TableDataManager  -   retrieved activiti table name ACT_RE_PROCDEF
10:44:56,969 [main] DEBUG org.activiti.engine.impl.persistence.entity.TableDataManager  -   retrieved activiti table name ACT_RU_EVENT_SUBSCR
10:44:56,969 [main] DEBUG org.activiti.engine.impl.persistence.entity.TableDataManager  -   retrieved activiti table name ACT_RU_EXECUTION
10:44:56,969 [main] DEBUG org.activiti.engine.impl.persistence.entity.TableDataManager  -   retrieved activiti table name ACT_RU_IDENTITYLINK
10:44:56,969 [main] DEBUG org.activiti.engine.impl.persistence.entity.TableDataManager  -   retrieved activiti table name ACT_RU_JOB
10:44:56,969 [main] DEBUG org.activiti.engine.impl.persistence.entity.TableDataManager  -   retrieved activiti table name ACT_RU_TASK
10:44:56,969 [main] DEBUG org.activiti.engine.impl.persistence.entity.TableDataManager  -   retrieved activiti table name ACT_RU_VARIABLE
10:44:56,969 [main] DEBUG org.activiti.engine.impl.persistence.entity.TableDataManager  - selecting table count for ACT_EVT_LOG
10:44:56,969 [main] DEBUG org.activiti.engine.impl.TablePageMap.selectTableCount  - ==&gt;  Preparing: select count(*) from ACT_EVT_LOG 
10:44:56,969 [main] DEBUG org.activiti.engine.impl.TablePageMap.selectTableCount  - ==&gt; Parameters: 
10:44:56,969 [main] DEBUG org.activiti.engine.impl.TablePageMap.selectTableCount  - &lt;==      Total: 1
10:44:56,969 [main] DEBUG org.activiti.engine.impl.persistence.entity.TableDataManager  - selecting table count for ACT_GE_BYTEARRAY
10:44:56,969 [main] DEBUG org.activiti.engine.impl.TablePageMap.selectTableCount  - ==&gt;  Preparing: select count(*) from ACT_GE_BYTEARRAY 
10:44:56,969 [main] DEBUG org.activiti.engine.impl.TablePageMap.selectTableCount  - ==&gt; Parameters: 
10:44:56,969 [main] DEBUG org.activiti.engine.impl.TablePageMap.selectTableCount  - &lt;==      Total: 1
10:44:56,969 [main] DEBUG org.activiti.engine.impl.persistence.entity.TableDataManager  - selecting table count for ACT_GE_PROPERTY
10:44:56,969 [main] DEBUG org.activiti.engine.impl.TablePageMap.selectTableCount  - ==&gt;  Preparing: select count(*) from ACT_GE_PROPERTY 
10:44:56,969 [main] DEBUG org.activiti.engine.impl.TablePageMap.selectTableCount  - ==&gt; Parameters: 
10:44:56,969 [main] DEBUG org.activiti.engine.impl.TablePageMap.selectTableCount  - &lt;==      Total: 1
10:44:56,969 [main] DEBUG org.activiti.engine.impl.persistence.entity.TableDataManager  - selecting table count for ACT_HI_ACTINST
10:44:56,969 [main] DEBUG org.activiti.engine.impl.TablePageMap.selectTableCount  - ==&gt;  Preparing: select count(*) from ACT_HI_ACTINST 
10:44:56,969 [main] DEBUG org.activiti.engine.impl.TablePageMap.selectTableCount  - ==&gt; Parameters: 
10:44:56,969 [main] DEBUG org.activiti.engine.impl.TablePageMap.selectTableCount  - &lt;==      Total: 1
10:44:56,969 [main] DEBUG org.activiti.engine.impl.persistence.entity.TableDataManager  - selecting table count for ACT_HI_ATTACHMENT
10:44:56,969 [main] DEBUG org.activiti.engine.impl.TablePageMap.selectTableCount  - ==&gt;  Preparing: select count(*) from ACT_HI_ATTACHMENT 
10:44:56,969 [main] DEBUG org.activiti.engine.impl.TablePageMap.selectTableCount  - ==&gt; Parameters: 
10:44:56,969 [main] DEBUG org.activiti.engine.impl.TablePageMap.selectTableCount  - &lt;==      Total: 1
10:44:56,969 [main] DEBUG org.activiti.engine.impl.persistence.entity.TableDataManager  - selecting table count for ACT_HI_COMMENT
10:44:56,969 [main] DEBUG org.activiti.engine.impl.TablePageMap.selectTableCount  - ==&gt;  Preparing: select count(*) from ACT_HI_COMMENT 
10:44:56,969 [main] DEBUG org.activiti.engine.impl.TablePageMap.selectTableCount  - ==&gt; Parameters: 
10:44:56,969 [main] DEBUG org.activiti.engine.impl.TablePageMap.selectTableCount  - &lt;==      Total: 1
10:44:56,969 [main] DEBUG org.activiti.engine.impl.persistence.entity.TableDataManager  - selecting table count for ACT_HI_DETAIL
10:44:56,969 [main] DEBUG org.activiti.engine.impl.TablePageMap.selectTableCount  - ==&gt;  Preparing: select count(*) from ACT_HI_DETAIL 
10:44:56,969 [main] DEBUG org.activiti.engine.impl.TablePageMap.selectTableCount  - ==&gt; Parameters: 
10:44:56,969 [main] DEBUG org.activiti.engine.impl.TablePageMap.selectTableCount  - &lt;==      Total: 1
10:44:56,969 [main] DEBUG org.activiti.engine.impl.persistence.entity.TableDataManager  - selecting table count for ACT_HI_IDENTITYLINK
10:44:56,969 [main] DEBUG org.activiti.engine.impl.TablePageMap.selectTableCount  - ==&gt;  Preparing: select count(*) from ACT_HI_IDENTITYLINK 
10:44:56,969 [main] DEBUG org.activiti.engine.impl.TablePageMap.selectTableCount  - ==&gt; Parameters: 
10:44:56,969 [main] DEBUG org.activiti.engine.impl.TablePageMap.selectTableCount  - &lt;==      Total: 1
10:44:56,969 [main] DEBUG org.activiti.engine.impl.persistence.entity.TableDataManager  - selecting table count for ACT_HI_PROCINST
10:44:56,969 [main] DEBUG org.activiti.engine.impl.TablePageMap.selectTableCount  - ==&gt;  Preparing: select count(*) from ACT_HI_PROCINST 
10:44:56,969 [main] DEBUG org.activiti.engine.impl.TablePageMap.selectTableCount  - ==&gt; Parameters: 
10:44:56,969 [main] DEBUG org.activiti.engine.impl.TablePageMap.selectTableCount  - &lt;==      Total: 1
10:44:56,969 [main] DEBUG org.activiti.engine.impl.persistence.entity.TableDataManager  - selecting table count for ACT_HI_TASKINST
10:44:56,969 [main] DEBUG org.activiti.engine.impl.TablePageMap.selectTableCount  - ==&gt;  Preparing: select count(*) from ACT_HI_TASKINST 
10:44:56,969 [main] DEBUG org.activiti.engine.impl.TablePageMap.selectTableCount  - ==&gt; Parameters: 
10:44:56,969 [main] DEBUG org.activiti.engine.impl.TablePageMap.selectTableCount  - &lt;==      Total: 1
10:44:56,969 [main] DEBUG org.activiti.engine.impl.persistence.entity.TableDataManager  - selecting table count for ACT_HI_VARINST
10:44:56,969 [main] DEBUG org.activiti.engine.impl.TablePageMap.selectTableCount  - ==&gt;  Preparing: select count(*) from ACT_HI_VARINST 
10:44:56,969 [main] DEBUG org.activiti.engine.impl.TablePageMap.selectTableCount  - ==&gt; Parameters: 
10:44:56,969 [main] DEBUG org.activiti.engine.impl.TablePageMap.selectTableCount  - &lt;==      Total: 1
10:44:56,969 [main] DEBUG org.activiti.engine.impl.persistence.entity.TableDataManager  - selecting table count for ACT_ID_GROUP
10:44:56,969 [main] DEBUG org.activiti.engine.impl.TablePageMap.selectTableCount  - ==&gt;  Preparing: select count(*) from ACT_ID_GROUP 
10:44:56,969 [main] DEBUG org.activiti.engine.impl.TablePageMap.selectTableCount  - ==&gt; Parameters: 
10:44:56,969 [main] DEBUG org.activiti.engine.impl.TablePageMap.selectTableCount  - &lt;==      Total: 1
10:44:56,969 [main] DEBUG org.activiti.engine.impl.persistence.entity.TableDataManager  - selecting table count for ACT_ID_INFO
10:44:56,969 [main] DEBUG org.activiti.engine.impl.TablePageMap.selectTableCount  - ==&gt;  Preparing: select count(*) from ACT_ID_INFO 
10:44:56,969 [main] DEBUG org.activiti.engine.impl.TablePageMap.selectTableCount  - ==&gt; Parameters: 
10:44:56,969 [main] DEBUG org.activiti.engine.impl.TablePageMap.selectTableCount  - &lt;==      Total: 1
10:44:56,969 [main] DEBUG org.activiti.engine.impl.persistence.entity.TableDataManager  - selecting table count for ACT_ID_MEMBERSHIP
10:44:56,969 [main] DEBUG org.activiti.engine.impl.TablePageMap.selectTableCount  - ==&gt;  Preparing: select count(*) from ACT_ID_MEMBERSHIP 
10:44:56,969 [main] DEBUG org.activiti.engine.impl.TablePageMap.selectTableCount  - ==&gt; Parameters: 
10:44:56,969 [main] DEBUG org.activiti.engine.impl.TablePageMap.selectTableCount  - &lt;==      Total: 1
10:44:56,969 [main] DEBUG org.activiti.engine.impl.persistence.entity.TableDataManager  - selecting table count for ACT_ID_USER
10:44:56,969 [main] DEBUG org.activiti.engine.impl.TablePageMap.selectTableCount  - ==&gt;  Preparing: select count(*) from ACT_ID_USER 
10:44:56,969 [main] DEBUG org.activiti.engine.impl.TablePageMap.selectTableCount  - ==&gt; Parameters: 
10:44:56,969 [main] DEBUG org.activiti.engine.impl.TablePageMap.selectTableCount  - &lt;==      Total: 1
10:44:56,969 [main] DEBUG org.activiti.engine.impl.persistence.entity.TableDataManager  - selecting table count for ACT_PROCDEF_INFO
10:44:56,969 [main] DEBUG org.activiti.engine.impl.TablePageMap.selectTableCount  - ==&gt;  Preparing: select count(*) from ACT_PROCDEF_INFO 
10:44:56,969 [main] DEBUG org.activiti.engine.impl.TablePageMap.selectTableCount  - ==&gt; Parameters: 
10:44:56,969 [main] DEBUG org.activiti.engine.impl.TablePageMap.selectTableCount  - &lt;==      Total: 1
10:44:56,969 [main] DEBUG org.activiti.engine.impl.persistence.entity.TableDataManager  - selecting table count for ACT_RE_DEPLOYMENT
10:44:56,969 [main] DEBUG org.activiti.engine.impl.TablePageMap.selectTableCount  - ==&gt;  Preparing: select count(*) from ACT_RE_DEPLOYMENT 
10:44:56,969 [main] DEBUG org.activiti.engine.impl.TablePageMap.selectTableCount  - ==&gt; Parameters: 
10:44:56,969 [main] DEBUG org.activiti.engine.impl.TablePageMap.selectTableCount  - &lt;==      Total: 1
10:44:56,969 [main] DEBUG org.activiti.engine.impl.persistence.entity.TableDataManager  - selecting table count for ACT_RE_MODEL
10:44:56,969 [main] DEBUG org.activiti.engine.impl.TablePageMap.selectTableCount  - ==&gt;  Preparing: select count(*) from ACT_RE_MODEL 
10:44:56,969 [main] DEBUG org.activiti.engine.impl.TablePageMap.selectTableCount  - ==&gt; Parameters: 
10:44:56,969 [main] DEBUG org.activiti.engine.impl.TablePageMap.selectTableCount  - &lt;==      Total: 1
10:44:56,969 [main] DEBUG org.activiti.engine.impl.persistence.entity.TableDataManager  - selecting table count for ACT_RE_PROCDEF
10:44:56,969 [main] DEBUG org.activiti.engine.impl.TablePageMap.selectTableCount  - ==&gt;  Preparing: select count(*) from ACT_RE_PROCDEF 
10:44:56,969 [main] DEBUG org.activiti.engine.impl.TablePageMap.selectTableCount  - ==&gt; Parameters: 
10:44:56,969 [main] DEBUG org.activiti.engine.impl.TablePageMap.selectTableCount  - &lt;==      Total: 1
10:44:56,969 [main] DEBUG org.activiti.engine.impl.persistence.entity.TableDataManager  - selecting table count for ACT_RU_EVENT_SUBSCR
10:44:56,969 [main] DEBUG org.activiti.engine.impl.TablePageMap.selectTableCount  - ==&gt;  Preparing: select count(*) from ACT_RU_EVENT_SUBSCR 
10:44:56,969 [main] DEBUG org.activiti.engine.impl.TablePageMap.selectTableCount  - ==&gt; Parameters: 
10:44:56,969 [main] DEBUG org.activiti.engine.impl.TablePageMap.selectTableCount  - &lt;==      Total: 1
10:44:56,969 [main] DEBUG org.activiti.engine.impl.persistence.entity.TableDataManager  - selecting table count for ACT_RU_EXECUTION
10:44:56,969 [main] DEBUG org.activiti.engine.impl.TablePageMap.selectTableCount  - ==&gt;  Preparing: select count(*) from ACT_RU_EXECUTION 
10:44:56,969 [main] DEBUG org.activiti.engine.impl.TablePageMap.selectTableCount  - ==&gt; Parameters: 
10:44:56,969 [main] DEBUG org.activiti.engine.impl.TablePageMap.selectTableCount  - &lt;==      Total: 1
10:44:56,969 [main] DEBUG org.activiti.engine.impl.persistence.entity.TableDataManager  - selecting table count for ACT_RU_IDENTITYLINK
10:44:56,969 [main] DEBUG org.activiti.engine.impl.TablePageMap.selectTableCount  - ==&gt;  Preparing: select count(*) from ACT_RU_IDENTITYLINK 
10:44:56,969 [main] DEBUG org.activiti.engine.impl.TablePageMap.selectTableCount  - ==&gt; Parameters: 
10:44:56,969 [main] DEBUG org.activiti.engine.impl.TablePageMap.selectTableCount  - &lt;==      Total: 1
10:44:56,969 [main] DEBUG org.activiti.engine.impl.persistence.entity.TableDataManager  - selecting table count for ACT_RU_JOB
10:44:56,969 [main] DEBUG org.activiti.engine.impl.TablePageMap.selectTableCount  - ==&gt;  Preparing: select count(*) from ACT_RU_JOB 
10:44:56,969 [main] DEBUG org.activiti.engine.impl.TablePageMap.selectTableCount  - ==&gt; Parameters: 
10:44:56,969 [main] DEBUG org.activiti.engine.impl.TablePageMap.selectTableCount  - &lt;==      Total: 1
10:44:56,969 [main] DEBUG org.activiti.engine.impl.persistence.entity.TableDataManager  - selecting table count for ACT_RU_TASK
10:44:56,969 [main] DEBUG org.activiti.engine.impl.TablePageMap.selectTableCount  - ==&gt;  Preparing: select count(*) from ACT_RU_TASK 
10:44:56,969 [main] DEBUG org.activiti.engine.impl.TablePageMap.selectTableCount  - ==&gt; Parameters: 
10:44:56,969 [main] DEBUG org.activiti.engine.impl.TablePageMap.selectTableCount  - &lt;==      Total: 1
10:44:56,969 [main] DEBUG org.activiti.engine.impl.persistence.entity.TableDataManager  - selecting table count for ACT_RU_VARIABLE
10:44:56,970 [main] DEBUG org.activiti.engine.impl.TablePageMap.selectTableCount  - ==&gt;  Preparing: select count(*) from ACT_RU_VARIABLE 
10:44:56,970 [main] DEBUG org.activiti.engine.impl.TablePageMap.selectTableCount  - ==&gt; Parameters: 
10:44:56,970 [main] DEBUG org.activiti.engine.impl.TablePageMap.selectTableCount  - &lt;==      Total: 1
10:44:56,970 [main] DEBUG org.activiti.engine.impl.persistence.entity.TableDataManager  - Number of rows per activiti table: {ACT_RU_EVENT_SUBSCR=0, ACT_ID_USER=0, ACT_HI_ATTACHMENT=0, ACT_GE_BYTEARRAY=1, ACT_RE_MODEL=0, ACT_RU_VARIABLE=0, ACT_RU_TASK=3, ACT_RE_DEPLOYMENT=1, ACT_RE_PROCDEF=1, ACT_ID_GROUP=0, ACT_HI_VARINST=0, ACT_HI_COMMENT=0, ACT_HI_PROCINST=3, ACT_ID_INFO=0, ACT_ID_MEMBERSHIP=0, ACT_RU_JOB=4, ACT_PROCDEF_INFO=0, ACT_HI_ACTINST=6, ACT_RU_EXECUTION=6, ACT_HI_TASKINST=3, ACT_HI_DETAIL=0, ACT_EVT_LOG=0, ACT_HI_IDENTITYLINK=0, ACT_RU_IDENTITYLINK=0, ACT_GE_PROPERTY=3}
10:44:56,970 [main] DEBUG org.activiti.engine.impl.db.DbSqlSession  - flush summary: 0 insert, 0 update, 0 delete.
10:44:56,970 [main] DEBUG org.activiti.engine.impl.db.DbSqlSession  - now executing flush...
10:44:56,970 [main] DEBUG org.activiti.engine.impl.cfg.standalone.StandaloneMybatisTransactionContext  - firing event committing...
10:44:56,970 [main] DEBUG org.activiti.engine.impl.cfg.standalone.StandaloneMybatisTransactionContext  - committing the ibatis sql session...
10:44:56,970 [main] DEBUG org.activiti.engine.impl.cfg.standalone.StandaloneMybatisTransactionContext  - firing event committed...
10:44:56,970 [main] DEBUG org.apache.ibatis.transaction.jdbc.JdbcTransaction  - Resetting autocommit to true on JDBC Connection [conn4: url=jdbc:h2:mem:activiti user=SA]
10:44:56,970 [main] DEBUG org.apache.ibatis.transaction.jdbc.JdbcTransaction  - Closing JDBC Connection [conn4: url=jdbc:h2:mem:activiti user=SA]
10:44:56,970 [main] DEBUG org.apache.ibatis.datasource.pooled.PooledDataSource  - Returned connection 297240765 to pool.
10:44:56,970 [main] DEBUG org.activiti.engine.impl.interceptor.LogInterceptor  - --- GetTableCountCmd finished --------------------------------------------------------
10:44:56,970 [main] DEBUG org.activiti.engine.impl.interceptor.LogInterceptor  - 

10:44:56,970 [main] ERROR org.activiti.engine.impl.test.PvmTestCase  - 

10:44:56,970 [main] ERROR org.activiti.engine.impl.test.PvmTestCase  - DB NOT CLEAN: 
  ACT_GE_BYTEARRAY: 1 record(s)   ACT_RU_TASK: 3 record(s)   ACT_RE_DEPLOYMENT: 1 record(s)   ACT_RE_PROCDEF: 1 record(s)   ACT_HI_PROCINST: 3 record(s)   ACT_RU_JOB: 4 record(s)   ACT_HI_ACTINST: 6 record(s)   ACT_RU_EXECUTION: 6 record(s)   ACT_HI_TASKINST: 3 record(s) 
10:44:56,970 [main] INFO  org.activiti.engine.impl.test.PvmTestCase  - dropping and recreating db
10:44:56,970 [main] DEBUG org.activiti.engine.impl.interceptor.LogInterceptor  - 

10:44:56,970 [main] DEBUG org.activiti.engine.impl.interceptor.LogInterceptor  - --- starting  --------------------------------------------------------
10:44:56,970 [main] INFO  org.activiti.engine.impl.db.DbSqlSession  - performing drop on engine with resource org/activiti/db/drop/activiti.h2.drop.engine.sql
10:44:56,970 [main] DEBUG org.apache.ibatis.transaction.jdbc.JdbcTransaction  - Opening JDBC Connection
10:44:56,970 [main] DEBUG org.apache.ibatis.datasource.pooled.PooledDataSource  - Checked out connection 363509958 from pool.
10:44:56,970 [main] DEBUG org.apache.ibatis.transaction.jdbc.JdbcTransaction  - Setting autocommit to false on JDBC Connection [conn2: url=jdbc:h2:mem:activiti user=SA]
10:44:56,970 [main] DEBUG org.activiti.engine.impl.db.DbSqlSession  - SQL: drop table if exists ACT_GE_PROPERTY cascade constraints
10:44:56,970 [main] DEBUG org.activiti.engine.impl.db.DbSqlSession  - SQL: drop table if exists ACT_GE_BYTEARRAY cascade constraints
10:44:56,970 [main] DEBUG org.activiti.engine.impl.db.DbSqlSession  - SQL: drop table if exists ACT_RE_DEPLOYMENT cascade constraints
10:44:56,971 [main] DEBUG org.activiti.engine.impl.db.DbSqlSession  - SQL: drop table if exists ACT_RE_MODEL cascade constraints
10:44:56,971 [main] DEBUG org.activiti.engine.impl.db.DbSqlSession  - SQL: drop table if exists ACT_RU_EXECUTION cascade constraints
10:44:56,971 [main] DEBUG org.activiti.engine.impl.db.DbSqlSession  - SQL: drop table if exists ACT_RU_JOB cascade constraints
10:44:56,971 [main] DEBUG org.activiti.engine.impl.db.DbSqlSession  - SQL: drop table if exists ACT_RE_PROCDEF cascade constraints
10:44:56,971 [main] DEBUG org.activiti.engine.impl.db.DbSqlSession  - SQL: drop table if exists ACT_RU_TASK cascade constraints
10:44:56,971 [main] DEBUG org.activiti.engine.impl.db.DbSqlSession  - SQL: drop table if exists ACT_RU_IDENTITYLINK cascade constraints
10:44:56,971 [main] DEBUG org.activiti.engine.impl.db.DbSqlSession  - SQL: drop table if exists ACT_RU_VARIABLE cascade constraints
10:44:56,971 [main] DEBUG org.activiti.engine.impl.db.DbSqlSession  - SQL: drop table if exists ACT_RU_EVENT_SUBSCR cascade constraints
10:44:56,971 [main] DEBUG org.activiti.engine.impl.db.DbSqlSession  - SQL: drop table if exists ACT_EVT_LOG cascade constraints
10:44:56,971 [main] DEBUG org.activiti.engine.impl.db.DbSqlSession  - SQL: drop table if exists ACT_PROCDEF_INFO cascade constraints
10:44:56,971 [main] DEBUG org.activiti.engine.impl.db.DbSqlSession  - SQL: drop index if exists ACT_IDX_EXEC_BUSKEY
10:44:56,971 [main] DEBUG org.activiti.engine.impl.db.DbSqlSession  - SQL: drop index if exists ACT_IDX_TASK_CREATE
10:44:56,971 [main] DEBUG org.activiti.engine.impl.db.DbSqlSession  - SQL: drop index if exists ACT_IDX_IDENT_LNK_USER
10:44:56,971 [main] DEBUG org.activiti.engine.impl.db.DbSqlSession  - SQL: drop index if exists ACT_IDX_IDENT_LNK_GROUP
10:44:56,971 [main] DEBUG org.activiti.engine.impl.db.DbSqlSession  - SQL: drop index if exists ACT_IDX_VARIABLE_TASK_ID
10:44:56,971 [main] DEBUG org.activiti.engine.impl.db.DbSqlSession  - SQL: drop index if exists ACT_IDX_EVENT_SUBSCR_CONFIG_
10:44:56,971 [main] DEBUG org.activiti.engine.impl.db.DbSqlSession  - SQL: drop index if exists ACT_IDX_ATHRZ_PROCEDEF
10:44:56,971 [main] DEBUG org.activiti.engine.impl.db.DbSqlSession  - SQL: drop index if exists ACT_IDX_INFO_PROCDEF
10:44:56,971 [main] DEBUG org.activiti.engine.impl.db.DbSqlSession  - activiti db schema drop for component engine successful
10:44:56,972 [main] INFO  org.activiti.engine.impl.db.DbSqlSession  - performing drop on history with resource org/activiti/db/drop/activiti.h2.drop.history.sql
10:44:56,972 [main] DEBUG org.activiti.engine.impl.db.DbSqlSession  - SQL: drop table if exists ACT_HI_PROCINST cascade constraints
10:44:56,972 [main] DEBUG org.activiti.engine.impl.db.DbSqlSession  - SQL: drop table if exists ACT_HI_ACTINST cascade constraints
10:44:56,972 [main] DEBUG org.activiti.engine.impl.db.DbSqlSession  - SQL: drop table if exists ACT_HI_VARINST cascade constraints
10:44:56,972 [main] DEBUG org.activiti.engine.impl.db.DbSqlSession  - SQL: drop table if exists ACT_HI_TASKINST cascade constraints
10:44:56,972 [main] DEBUG org.activiti.engine.impl.db.DbSqlSession  - SQL: drop table if exists ACT_HI_DETAIL cascade constraints
10:44:56,972 [main] DEBUG org.activiti.engine.impl.db.DbSqlSession  - SQL: drop table if exists ACT_HI_COMMENT cascade constraints
10:44:56,972 [main] DEBUG org.activiti.engine.impl.db.DbSqlSession  - SQL: drop table if exists ACT_HI_ATTACHMENT cascade constraints
10:44:56,972 [main] DEBUG org.activiti.engine.impl.db.DbSqlSession  - SQL: drop table if exists ACT_HI_IDENTITYLINK cascade constraints
10:44:56,972 [main] DEBUG org.activiti.engine.impl.db.DbSqlSession  - SQL: drop index if exists ACT_IDX_HI_PRO_INST_END
10:44:56,972 [main] DEBUG org.activiti.engine.impl.db.DbSqlSession  - SQL: drop index if exists ACT_IDX_HI_PRO_I_BUSKEY
10:44:56,972 [main] DEBUG org.activiti.engine.impl.db.DbSqlSession  - SQL: drop index if exists ACT_IDX_HI_ACT_INST_START
10:44:56,972 [main] DEBUG org.activiti.engine.impl.db.DbSqlSession  - SQL: drop index if exists ACT_IDX_HI_ACT_INST_END
10:44:56,972 [main] DEBUG org.activiti.engine.impl.db.DbSqlSession  - SQL: drop index if exists ACT_IDX_HI_DETAIL_PROC_INST
10:44:56,972 [main] DEBUG org.activiti.engine.impl.db.DbSqlSession  - SQL: drop index if exists ACT_IDX_HI_DETAIL_ACT_INST
10:44:56,972 [main] DEBUG org.activiti.engine.impl.db.DbSqlSession  - SQL: drop index if exists ACT_IDX_HI_DETAIL_TIME
10:44:56,972 [main] DEBUG org.activiti.engine.impl.db.DbSqlSession  - SQL: drop index if exists ACT_IDX_HI_DETAIL_NAME
10:44:56,972 [main] DEBUG org.activiti.engine.impl.db.DbSqlSession  - SQL: drop index if exists ACT_IDX_HI_DETAIL_TASK_ID
10:44:56,972 [main] DEBUG org.activiti.engine.impl.db.DbSqlSession  - SQL: drop index if exists ACT_IDX_HI_PROCVAR_PROC_INST
10:44:56,972 [main] DEBUG org.activiti.engine.impl.db.DbSqlSession  - SQL: drop index if exists ACT_IDX_HI_PROCVAR_NAME_TYPE
10:44:56,972 [main] DEBUG org.activiti.engine.impl.db.DbSqlSession  - SQL: drop index if exists ACT_IDX_HI_ACT_INST_PROCINST
10:44:56,972 [main] DEBUG org.activiti.engine.impl.db.DbSqlSession  - SQL: drop index if exists ACT_IDX_HI_IDENT_LNK_USER
10:44:56,972 [main] DEBUG org.activiti.engine.impl.db.DbSqlSession  - SQL: drop index if exists ACT_IDX_HI_IDENT_LNK_TASK
10:44:56,972 [main] DEBUG org.activiti.engine.impl.db.DbSqlSession  - SQL: drop index if exists ACT_IDX_HI_IDENT_LNK_PROCINST
10:44:56,972 [main] DEBUG org.activiti.engine.impl.db.DbSqlSession  - SQL: drop index if exists ACT_IDX_HI_TASK_INST_PROCINST
10:44:56,972 [main] DEBUG org.activiti.engine.impl.db.DbSqlSession  - activiti db schema drop for component history successful
10:44:56,972 [main] INFO  org.activiti.engine.impl.db.DbSqlSession  - performing drop on identity with resource org/activiti/db/drop/activiti.h2.drop.identity.sql
10:44:56,972 [main] DEBUG org.activiti.engine.impl.db.DbSqlSession  - SQL: drop table if exists ACT_ID_INFO cascade constraints
10:44:56,972 [main] DEBUG org.activiti.engine.impl.db.DbSqlSession  - SQL: drop table if exists ACT_ID_GROUP cascade constraints
10:44:56,972 [main] DEBUG org.activiti.engine.impl.db.DbSqlSession  - SQL: drop table if exists ACT_ID_MEMBERSHIP cascade constraints
10:44:56,972 [main] DEBUG org.activiti.engine.impl.db.DbSqlSession  - SQL: drop table if exists ACT_ID_USER cascade constraints
10:44:56,972 [main] DEBUG org.activiti.engine.impl.db.DbSqlSession  - activiti db schema drop for component identity successful
10:44:56,973 [main] INFO  org.activiti.engine.impl.db.DbSqlSession  - performing create on engine with resource org/activiti/db/create/activiti.h2.create.engine.sql
10:44:56,973 [main] DEBUG org.activiti.engine.impl.db.DbSqlSession  - SQL: create table ACT_GE_PROPERTY ( 
NAME_ varchar(64), 
VALUE_ varchar(300), 
REV_ integer, 
primary key (NAME_) 
)
10:44:56,973 [main] DEBUG org.activiti.engine.impl.db.DbSqlSession  - SQL: insert into ACT_GE_PROPERTY 
values (&apos;schema.version&apos;, &apos;5.20.0.0&apos;, 1)
10:44:56,973 [main] DEBUG org.activiti.engine.impl.db.DbSqlSession  - SQL: insert into ACT_GE_PROPERTY 
values (&apos;schema.history&apos;, &apos;create(5.20.0.0)&apos;, 1)
10:44:56,973 [main] DEBUG org.activiti.engine.impl.db.DbSqlSession  - SQL: insert into ACT_GE_PROPERTY 
values (&apos;next.dbid&apos;, &apos;1&apos;, 1)
10:44:56,973 [main] DEBUG org.activiti.engine.impl.db.DbSqlSession  - SQL: create table ACT_GE_BYTEARRAY ( 
ID_ varchar(64), 
REV_ integer, 
NAME_ varchar(255), 
DEPLOYMENT_ID_ varchar(64), 
BYTES_ longvarbinary, 
GENERATED_ bit, 
primary key (ID_) 
)
10:44:56,973 [main] DEBUG org.activiti.engine.impl.db.DbSqlSession  - SQL: create table ACT_RE_DEPLOYMENT ( 
ID_ varchar(64), 
NAME_ varchar(255), 
CATEGORY_ varchar(255), 
TENANT_ID_ varchar(255) default &apos;&apos;, 
DEPLOY_TIME_ timestamp, 
primary key (ID_) 
)
10:44:56,973 [main] DEBUG org.activiti.engine.impl.db.DbSqlSession  - SQL: create table ACT_RE_MODEL ( 
ID_ varchar(64) not null, 
REV_ integer, 
NAME_ varchar(255), 
KEY_ varchar(255), 
CATEGORY_ varchar(255), 
CREATE_TIME_ timestamp, 
LAST_UPDATE_TIME_ timestamp, 
VERSION_ integer, 
META_INFO_ varchar(4000), 
DEPLOYMENT_ID_ varchar(64), 
EDITOR_SOURCE_VALUE_ID_ varchar(64), 
EDITOR_SOURCE_EXTRA_VALUE_ID_ varchar(64), 
TENANT_ID_ varchar(255) default &apos;&apos;, 
primary key (ID_) 
)
10:44:56,973 [main] DEBUG org.activiti.engine.impl.db.DbSqlSession  - SQL: create table ACT_RU_EXECUTION ( 
ID_ varchar(64), 
REV_ integer, 
PROC_INST_ID_ varchar(64), 
BUSINESS_KEY_ varchar(255), 
PARENT_ID_ varchar(64), 
PROC_DEF_ID_ varchar(64), 
SUPER_EXEC_ varchar(64), 
ACT_ID_ varchar(255), 
IS_ACTIVE_ bit, 
IS_CONCURRENT_ bit, 
IS_SCOPE_ bit, 
IS_EVENT_SCOPE_ bit, 
SUSPENSION_STATE_ integer, 
CACHED_ENT_STATE_ integer, 
TENANT_ID_ varchar(255) default &apos;&apos;, 
NAME_ varchar(255), 
LOCK_TIME_ timestamp, 
primary key (ID_) 
)
10:44:56,974 [main] DEBUG org.activiti.engine.impl.db.DbSqlSession  - SQL: create table ACT_RU_JOB ( 
ID_ varchar(64) NOT NULL, 
REV_ integer, 
TYPE_ varchar(255) NOT NULL, 
LOCK_EXP_TIME_ timestamp, 
LOCK_OWNER_ varchar(255), 
EXCLUSIVE_ boolean, 
EXECUTION_ID_ varchar(64), 
PROCESS_INSTANCE_ID_ varchar(64), 
PROC_DEF_ID_ varchar(64), 
RETRIES_ integer, 
EXCEPTION_STACK_ID_ varchar(64), 
EXCEPTION_MSG_ varchar(4000), 
DUEDATE_ timestamp, 
REPEAT_ varchar(255), 
HANDLER_TYPE_ varchar(255), 
HANDLER_CFG_ varchar(4000), 
TENANT_ID_ varchar(255) default &apos;&apos;, 
primary key (ID_) 
)
10:44:56,974 [main] DEBUG org.activiti.engine.impl.db.DbSqlSession  - SQL: create table ACT_RE_PROCDEF ( 
ID_ varchar(64) NOT NULL, 
REV_ integer, 
CATEGORY_ varchar(255), 
NAME_ varchar(255), 
KEY_ varchar(255) NOT NULL, 
VERSION_ integer NOT NULL, 
DEPLOYMENT_ID_ varchar(64), 
RESOURCE_NAME_ varchar(4000), 
DGRM_RESOURCE_NAME_ varchar(4000), 
DESCRIPTION_ varchar(4000), 
HAS_START_FORM_KEY_ bit, 
HAS_GRAPHICAL_NOTATION_ bit, 
SUSPENSION_STATE_ integer, 
TENANT_ID_ varchar(255) default &apos;&apos;, 
primary key (ID_) 
)
10:44:56,974 [main] DEBUG org.activiti.engine.impl.db.DbSqlSession  - SQL: create table ACT_RU_TASK ( 
ID_ varchar(64), 
REV_ integer, 
EXECUTION_ID_ varchar(64), 
PROC_INST_ID_ varchar(64), 
PROC_DEF_ID_ varchar(64), 
NAME_ varchar(255), 
PARENT_TASK_ID_ varchar(64), 
DESCRIPTION_ varchar(4000), 
TASK_DEF_KEY_ varchar(255), 
OWNER_ varchar(255), 
ASSIGNEE_ varchar(255), 
DELEGATION_ varchar(64), 
PRIORITY_ integer, 
CREATE_TIME_ timestamp, 
DUE_DATE_ timestamp, 
CATEGORY_ varchar(255), 
SUSPENSION_STATE_ integer, 
TENANT_ID_ varchar(255) default &apos;&apos;, 
FORM_KEY_ varchar(255), 
primary key (ID_) 
)
10:44:56,974 [main] DEBUG org.activiti.engine.impl.db.DbSqlSession  - SQL: create table ACT_RU_IDENTITYLINK ( 
ID_ varchar(64), 
REV_ integer, 
GROUP_ID_ varchar(255), 
TYPE_ varchar(255), 
USER_ID_ varchar(255), 
TASK_ID_ varchar(64), 
PROC_INST_ID_ varchar(64) null, 
PROC_DEF_ID_ varchar(64), 
primary key (ID_) 
)
10:44:56,974 [main] DEBUG org.activiti.engine.impl.db.DbSqlSession  - SQL: create table ACT_RU_VARIABLE ( 
ID_ varchar(64) not null, 
REV_ integer, 
TYPE_ varchar(255) not null, 
NAME_ varchar(255) not null, 
EXECUTION_ID_ varchar(64), 
PROC_INST_ID_ varchar(64), 
TASK_ID_ varchar(64), 
BYTEARRAY_ID_ varchar(64), 
DOUBLE_ double, 
LONG_ bigint, 
TEXT_ varchar(4000), 
TEXT2_ varchar(4000), 
primary key (ID_) 
)
10:44:56,974 [main] DEBUG org.activiti.engine.impl.db.DbSqlSession  - SQL: create table ACT_RU_EVENT_SUBSCR ( 
ID_ varchar(64) not null, 
REV_ integer, 
EVENT_TYPE_ varchar(255) not null, 
EVENT_NAME_ varchar(255), 
EXECUTION_ID_ varchar(64), 
PROC_INST_ID_ varchar(64), 
ACTIVITY_ID_ varchar(64), 
CONFIGURATION_ varchar(255), 
CREATED_ timestamp not null, 
PROC_DEF_ID_ varchar(64), 
TENANT_ID_ varchar(255) default &apos;&apos;, 
primary key (ID_) 
)
10:44:56,974 [main] DEBUG org.activiti.engine.impl.db.DbSqlSession  - SQL: create table ACT_EVT_LOG ( 
LOG_NR_ identity, 
TYPE_ varchar(64), 
PROC_DEF_ID_ varchar(64), 
PROC_INST_ID_ varchar(64), 
EXECUTION_ID_ varchar(64), 
TASK_ID_ varchar(64), 
TIME_STAMP_ timestamp not null, 
USER_ID_ varchar(255), 
DATA_ longvarbinary, 
LOCK_OWNER_ varchar(255), 
LOCK_TIME_ timestamp, 
IS_PROCESSED_ bit default 0 
)
10:44:56,974 [main] DEBUG org.activiti.engine.impl.db.DbSqlSession  - SQL: create table ACT_PROCDEF_INFO ( 
ID_ varchar(64) not null, 
PROC_DEF_ID_ varchar(64) not null, 
REV_ integer, 
INFO_JSON_ID_ varchar(64), 
primary key (ID_) 
)
10:44:56,974 [main] DEBUG org.activiti.engine.impl.db.DbSqlSession  - SQL: create index ACT_IDX_EXEC_BUSKEY on ACT_RU_EXECUTION(BUSINESS_KEY_)
10:44:56,974 [main] DEBUG org.activiti.engine.impl.db.DbSqlSession  - SQL: create index ACT_IDX_TASK_CREATE on ACT_RU_TASK(CREATE_TIME_)
10:44:56,974 [main] DEBUG org.activiti.engine.impl.db.DbSqlSession  - SQL: create index ACT_IDX_IDENT_LNK_USER on ACT_RU_IDENTITYLINK(USER_ID_)
10:44:56,974 [main] DEBUG org.activiti.engine.impl.db.DbSqlSession  - SQL: create index ACT_IDX_IDENT_LNK_GROUP on ACT_RU_IDENTITYLINK(GROUP_ID_)
10:44:56,974 [main] DEBUG org.activiti.engine.impl.db.DbSqlSession  - SQL: create index ACT_IDX_EVENT_SUBSCR_CONFIG_ on ACT_RU_EVENT_SUBSCR(CONFIGURATION_)
10:44:56,974 [main] DEBUG org.activiti.engine.impl.db.DbSqlSession  - SQL: create index ACT_IDX_VARIABLE_TASK_ID on ACT_RU_VARIABLE(TASK_ID_)
10:44:56,974 [main] DEBUG org.activiti.engine.impl.db.DbSqlSession  - SQL: create index ACT_IDX_ATHRZ_PROCEDEF on ACT_RU_IDENTITYLINK(PROC_DEF_ID_)
10:44:56,974 [main] DEBUG org.activiti.engine.impl.db.DbSqlSession  - SQL: create index ACT_IDX_INFO_PROCDEF on ACT_PROCDEF_INFO(PROC_DEF_ID_)
10:44:56,974 [main] DEBUG org.activiti.engine.impl.db.DbSqlSession  - SQL: alter table ACT_GE_BYTEARRAY 
add constraint ACT_FK_BYTEARR_DEPL 
foreign key (DEPLOYMENT_ID_) 
references ACT_RE_DEPLOYMENT
10:44:56,975 [main] DEBUG org.activiti.engine.impl.db.DbSqlSession  - SQL: alter table ACT_RE_PROCDEF 
add constraint ACT_UNIQ_PROCDEF 
unique (KEY_,VERSION_, TENANT_ID_)
10:44:56,975 [main] DEBUG org.activiti.engine.impl.db.DbSqlSession  - SQL: alter table ACT_RU_EXECUTION 
add constraint ACT_FK_EXE_PROCINST 
foreign key (PROC_INST_ID_) 
references ACT_RU_EXECUTION
10:44:56,975 [main] DEBUG org.activiti.engine.impl.db.DbSqlSession  - SQL: alter table ACT_RU_EXECUTION 
add constraint ACT_FK_EXE_PARENT 
foreign key (PARENT_ID_) 
references ACT_RU_EXECUTION
10:44:56,975 [main] DEBUG org.activiti.engine.impl.db.DbSqlSession  - SQL: alter table ACT_RU_EXECUTION 
add constraint ACT_FK_EXE_SUPER 
foreign key (SUPER_EXEC_) 
references ACT_RU_EXECUTION
10:44:56,975 [main] DEBUG org.activiti.engine.impl.db.DbSqlSession  - SQL: alter table ACT_RU_EXECUTION 
add constraint ACT_FK_EXE_PROCDEF 
foreign key (PROC_DEF_ID_) 
references ACT_RE_PROCDEF (ID_)
10:44:56,975 [main] DEBUG org.activiti.engine.impl.db.DbSqlSession  - SQL: alter table ACT_RU_IDENTITYLINK 
add constraint ACT_FK_TSKASS_TASK 
foreign key (TASK_ID_) 
references ACT_RU_TASK
10:44:56,975 [main] DEBUG org.activiti.engine.impl.db.DbSqlSession  - SQL: alter table ACT_RU_IDENTITYLINK 
add constraint ACT_FK_ATHRZ_PROCEDEF 
foreign key (PROC_DEF_ID_) 
references ACT_RE_PROCDEF
10:44:56,976 [main] DEBUG org.activiti.engine.impl.db.DbSqlSession  - SQL: alter table ACT_RU_IDENTITYLINK 
add constraint ACT_FK_IDL_PROCINST 
foreign key (PROC_INST_ID_) 
references ACT_RU_EXECUTION (ID_)
10:44:56,976 [main] DEBUG org.activiti.engine.impl.db.DbSqlSession  - SQL: alter table ACT_RU_TASK 
add constraint ACT_FK_TASK_EXE 
foreign key (EXECUTION_ID_) 
references ACT_RU_EXECUTION
10:44:56,976 [main] DEBUG org.activiti.engine.impl.db.DbSqlSession  - SQL: alter table ACT_RU_TASK 
add constraint ACT_FK_TASK_PROCINST 
foreign key (PROC_INST_ID_) 
references ACT_RU_EXECUTION
10:44:56,976 [main] DEBUG org.activiti.engine.impl.db.DbSqlSession  - SQL: alter table ACT_RU_TASK 
add constraint ACT_FK_TASK_PROCDEF 
foreign key (PROC_DEF_ID_) 
references ACT_RE_PROCDEF
10:44:56,976 [main] DEBUG org.activiti.engine.impl.db.DbSqlSession  - SQL: alter table ACT_RU_VARIABLE 
add constraint ACT_FK_VAR_EXE 
foreign key (EXECUTION_ID_) 
references ACT_RU_EXECUTION
10:44:56,976 [main] DEBUG org.activiti.engine.impl.db.DbSqlSession  - SQL: alter table ACT_RU_VARIABLE 
add constraint ACT_FK_VAR_PROCINST 
foreign key (PROC_INST_ID_) 
references ACT_RU_EXECUTION
10:44:56,976 [main] DEBUG org.activiti.engine.impl.db.DbSqlSession  - SQL: alter table ACT_RU_VARIABLE 
add constraint ACT_FK_VAR_BYTEARRAY 
foreign key (BYTEARRAY_ID_) 
references ACT_GE_BYTEARRAY
10:44:56,976 [main] DEBUG org.activiti.engine.impl.db.DbSqlSession  - SQL: alter table ACT_RU_JOB 
add constraint ACT_FK_JOB_EXCEPTION 
foreign key (EXCEPTION_STACK_ID_) 
references ACT_GE_BYTEARRAY
10:44:56,977 [main] DEBUG org.activiti.engine.impl.db.DbSqlSession  - SQL: alter table ACT_RU_EVENT_SUBSCR 
add constraint ACT_FK_EVENT_EXEC 
foreign key (EXECUTION_ID_) 
references ACT_RU_EXECUTION
10:44:56,977 [main] DEBUG org.activiti.engine.impl.db.DbSqlSession  - SQL: alter table ACT_RE_MODEL 
add constraint ACT_FK_MODEL_SOURCE 
foreign key (EDITOR_SOURCE_VALUE_ID_) 
references ACT_GE_BYTEARRAY (ID_)
10:44:56,977 [main] DEBUG org.activiti.engine.impl.db.DbSqlSession  - SQL: alter table ACT_RE_MODEL 
add constraint ACT_FK_MODEL_SOURCE_EXTRA 
foreign key (EDITOR_SOURCE_EXTRA_VALUE_ID_) 
references ACT_GE_BYTEARRAY (ID_)
10:44:56,977 [main] DEBUG org.activiti.engine.impl.db.DbSqlSession  - SQL: alter table ACT_RE_MODEL 
add constraint ACT_FK_MODEL_DEPLOYMENT 
foreign key (DEPLOYMENT_ID_) 
references ACT_RE_DEPLOYMENT (ID_)
10:44:56,977 [main] DEBUG org.activiti.engine.impl.db.DbSqlSession  - SQL: alter table ACT_PROCDEF_INFO 
add constraint ACT_FK_INFO_JSON_BA 
foreign key (INFO_JSON_ID_) 
references ACT_GE_BYTEARRAY (ID_)
10:44:56,977 [main] DEBUG org.activiti.engine.impl.db.DbSqlSession  - SQL: alter table ACT_PROCDEF_INFO 
add constraint ACT_FK_INFO_PROCDEF 
foreign key (PROC_DEF_ID_) 
references ACT_RE_PROCDEF (ID_)
10:44:56,977 [main] DEBUG org.activiti.engine.impl.db.DbSqlSession  - SQL: alter table ACT_PROCDEF_INFO 
add constraint ACT_UNIQ_INFO_PROCDEF 
unique (PROC_DEF_ID_)
10:44:56,977 [main] DEBUG org.activiti.engine.impl.db.DbSqlSession  - activiti db schema create for component engine successful
10:44:56,977 [main] INFO  org.activiti.engine.impl.db.DbSqlSession  - performing create on history with resource org/activiti/db/create/activiti.h2.create.history.sql
10:44:56,978 [main] DEBUG org.activiti.engine.impl.db.DbSqlSession  - SQL: create table ACT_HI_PROCINST ( 
ID_ varchar(64) not null, 
PROC_INST_ID_ varchar(64) not null, 
BUSINESS_KEY_ varchar(255), 
PROC_DEF_ID_ varchar(64) not null, 
START_TIME_ timestamp not null, 
END_TIME_ timestamp, 
DURATION_ bigint, 
START_USER_ID_ varchar(255), 
START_ACT_ID_ varchar(255), 
END_ACT_ID_ varchar(255), 
SUPER_PROCESS_INSTANCE_ID_ varchar(64), 
DELETE_REASON_ varchar(4000), 
TENANT_ID_ varchar(255) default &apos;&apos;, 
NAME_ varchar(255), 
primary key (ID_), 
unique (PROC_INST_ID_) 
)
10:44:56,978 [main] DEBUG org.activiti.engine.impl.db.DbSqlSession  - SQL: create table ACT_HI_ACTINST ( 
ID_ varchar(64) not null, 
PROC_DEF_ID_ varchar(64) not null, 
PROC_INST_ID_ varchar(64) not null, 
EXECUTION_ID_ varchar(64) not null, 
ACT_ID_ varchar(255) not null, 
TASK_ID_ varchar(64), 
CALL_PROC_INST_ID_ varchar(64), 
ACT_NAME_ varchar(255), 
ACT_TYPE_ varchar(255) not null, 
ASSIGNEE_ varchar(255), 
START_TIME_ timestamp not null, 
END_TIME_ timestamp, 
DURATION_ bigint, 
TENANT_ID_ varchar(255) default &apos;&apos;, 
primary key (ID_) 
)
10:44:56,978 [main] DEBUG org.activiti.engine.impl.db.DbSqlSession  - SQL: create table ACT_HI_TASKINST ( 
ID_ varchar(64) not null, 
PROC_DEF_ID_ varchar(64), 
TASK_DEF_KEY_ varchar(255), 
PROC_INST_ID_ varchar(64), 
EXECUTION_ID_ varchar(64), 
NAME_ varchar(255), 
PARENT_TASK_ID_ varchar(64), 
DESCRIPTION_ varchar(4000), 
OWNER_ varchar(255), 
ASSIGNEE_ varchar(255), 
START_TIME_ timestamp not null, 
CLAIM_TIME_ timestamp, 
END_TIME_ timestamp, 
DURATION_ bigint, 
DELETE_REASON_ varchar(4000), 
PRIORITY_ integer, 
DUE_DATE_ timestamp, 
FORM_KEY_ varchar(255), 
CATEGORY_ varchar(255), 
TENANT_ID_ varchar(255) default &apos;&apos;, 
primary key (ID_) 
)
10:44:56,978 [main] DEBUG org.activiti.engine.impl.db.DbSqlSession  - SQL: create table ACT_HI_VARINST ( 
ID_ varchar(64) not null, 
PROC_INST_ID_ varchar(64), 
EXECUTION_ID_ varchar(64), 
TASK_ID_ varchar(64), 
NAME_ varchar(255) not null, 
VAR_TYPE_ varchar(100), 
REV_ integer, 
BYTEARRAY_ID_ varchar(64), 
DOUBLE_ double, 
LONG_ bigint, 
TEXT_ varchar(4000), 
TEXT2_ varchar(4000), 
CREATE_TIME_ timestamp, 
LAST_UPDATED_TIME_ timestamp, 
primary key (ID_) 
)
10:44:56,978 [main] DEBUG org.activiti.engine.impl.db.DbSqlSession  - SQL: create table ACT_HI_DETAIL ( 
ID_ varchar(64) not null, 
TYPE_ varchar(255) not null, 
TIME_ timestamp not null, 
NAME_ varchar(255), 
PROC_INST_ID_ varchar(64), 
EXECUTION_ID_ varchar(64), 
TASK_ID_ varchar(64), 
ACT_INST_ID_ varchar(64), 
VAR_TYPE_ varchar(255), 
REV_ integer, 
BYTEARRAY_ID_ varchar(64), 
DOUBLE_ double, 
LONG_ bigint, 
TEXT_ varchar(4000), 
TEXT2_ varchar(4000), 
primary key (ID_) 
)
10:44:56,978 [main] DEBUG org.activiti.engine.impl.db.DbSqlSession  - SQL: create table ACT_HI_COMMENT ( 
ID_ varchar(64) not null, 
TYPE_ varchar(255), 
TIME_ timestamp not null, 
USER_ID_ varchar(255), 
TASK_ID_ varchar(64), 
PROC_INST_ID_ varchar(64), 
ACTION_ varchar(255), 
MESSAGE_ varchar(4000), 
FULL_MSG_ longvarbinary, 
primary key (ID_) 
)
10:44:56,978 [main] DEBUG org.activiti.engine.impl.db.DbSqlSession  - SQL: create table ACT_HI_ATTACHMENT ( 
ID_ varchar(64) not null, 
REV_ integer, 
USER_ID_ varchar(255), 
NAME_ varchar(255), 
DESCRIPTION_ varchar(4000), 
TYPE_ varchar(255), 
TASK_ID_ varchar(64), 
PROC_INST_ID_ varchar(64), 
URL_ varchar(4000), 
CONTENT_ID_ varchar(64), 
TIME_ timestamp, 
primary key (ID_) 
)
10:44:56,978 [main] DEBUG org.activiti.engine.impl.db.DbSqlSession  - SQL: create table ACT_HI_IDENTITYLINK ( 
ID_ varchar(64), 
GROUP_ID_ varchar(255), 
TYPE_ varchar(255), 
USER_ID_ varchar(255), 
TASK_ID_ varchar(64), 
PROC_INST_ID_ varchar(64) null, 
primary key (ID_) 
)
10:44:56,978 [main] DEBUG org.activiti.engine.impl.db.DbSqlSession  - SQL: create index ACT_IDX_HI_PRO_INST_END on ACT_HI_PROCINST(END_TIME_)
10:44:56,978 [main] DEBUG org.activiti.engine.impl.db.DbSqlSession  - SQL: create index ACT_IDX_HI_PRO_I_BUSKEY on ACT_HI_PROCINST(BUSINESS_KEY_)
10:44:56,978 [main] DEBUG org.activiti.engine.impl.db.DbSqlSession  - SQL: create index ACT_IDX_HI_ACT_INST_START on ACT_HI_ACTINST(START_TIME_)
10:44:56,978 [main] DEBUG org.activiti.engine.impl.db.DbSqlSession  - SQL: create index ACT_IDX_HI_ACT_INST_END on ACT_HI_ACTINST(END_TIME_)
10:44:56,978 [main] DEBUG org.activiti.engine.impl.db.DbSqlSession  - SQL: create index ACT_IDX_HI_DETAIL_PROC_INST on ACT_HI_DETAIL(PROC_INST_ID_)
10:44:56,978 [main] DEBUG org.activiti.engine.impl.db.DbSqlSession  - SQL: create index ACT_IDX_HI_DETAIL_ACT_INST on ACT_HI_DETAIL(ACT_INST_ID_)
10:44:56,978 [main] DEBUG org.activiti.engine.impl.db.DbSqlSession  - SQL: create index ACT_IDX_HI_DETAIL_TIME on ACT_HI_DETAIL(TIME_)
10:44:56,978 [main] DEBUG org.activiti.engine.impl.db.DbSqlSession  - SQL: create index ACT_IDX_HI_DETAIL_NAME on ACT_HI_DETAIL(NAME_)
10:44:56,978 [main] DEBUG org.activiti.engine.impl.db.DbSqlSession  - SQL: create index ACT_IDX_HI_DETAIL_TASK_ID on ACT_HI_DETAIL(TASK_ID_)
10:44:56,978 [main] DEBUG org.activiti.engine.impl.db.DbSqlSession  - SQL: create index ACT_IDX_HI_PROCVAR_PROC_INST on ACT_HI_VARINST(PROC_INST_ID_)
10:44:56,978 [main] DEBUG org.activiti.engine.impl.db.DbSqlSession  - SQL: create index ACT_IDX_HI_PROCVAR_NAME_TYPE on ACT_HI_VARINST(NAME_, VAR_TYPE_)
10:44:56,978 [main] DEBUG org.activiti.engine.impl.db.DbSqlSession  - SQL: create index ACT_IDX_HI_PROCVAR_TASK_ID on ACT_HI_VARINST(TASK_ID_)
10:44:56,978 [main] DEBUG org.activiti.engine.impl.db.DbSqlSession  - SQL: create index ACT_IDX_HI_ACT_INST_PROCINST on ACT_HI_ACTINST(PROC_INST_ID_, ACT_ID_)
10:44:56,978 [main] DEBUG org.activiti.engine.impl.db.DbSqlSession  - SQL: create index ACT_IDX_HI_IDENT_LNK_USER on ACT_HI_IDENTITYLINK(USER_ID_)
10:44:56,978 [main] DEBUG org.activiti.engine.impl.db.DbSqlSession  - SQL: create index ACT_IDX_HI_IDENT_LNK_TASK on ACT_HI_IDENTITYLINK(TASK_ID_)
10:44:56,978 [main] DEBUG org.activiti.engine.impl.db.DbSqlSession  - SQL: create index ACT_IDX_HI_IDENT_LNK_PROCINST on ACT_HI_IDENTITYLINK(PROC_INST_ID_)
10:44:56,978 [main] DEBUG org.activiti.engine.impl.db.DbSqlSession  - SQL: create index ACT_IDX_HI_ACT_INST_EXEC on ACT_HI_ACTINST(EXECUTION_ID_, ACT_ID_)
10:44:56,978 [main] DEBUG org.activiti.engine.impl.db.DbSqlSession  - SQL: create index ACT_IDX_HI_TASK_INST_PROCINST on ACT_HI_TASKINST(PROC_INST_ID_)
10:44:56,978 [main] DEBUG org.activiti.engine.impl.db.DbSqlSession  - activiti db schema create for component history successful
10:44:56,979 [main] INFO  org.activiti.engine.impl.db.DbSqlSession  - performing create on identity with resource org/activiti/db/create/activiti.h2.create.identity.sql
10:44:56,979 [main] DEBUG org.activiti.engine.impl.db.DbSqlSession  - SQL: create table ACT_ID_GROUP ( 
ID_ varchar(64), 
REV_ integer, 
NAME_ varchar(255), 
TYPE_ varchar(255), 
primary key (ID_) 
)
10:44:56,979 [main] DEBUG org.activiti.engine.impl.db.DbSqlSession  - SQL: create table ACT_ID_MEMBERSHIP ( 
USER_ID_ varchar(64), 
GROUP_ID_ varchar(64), 
primary key (USER_ID_, GROUP_ID_) 
)
10:44:56,979 [main] DEBUG org.activiti.engine.impl.db.DbSqlSession  - SQL: create table ACT_ID_USER ( 
ID_ varchar(64), 
REV_ integer, 
FIRST_ varchar(255), 
LAST_ varchar(255), 
EMAIL_ varchar(255), 
PWD_ varchar(255), 
PICTURE_ID_ varchar(64), 
primary key (ID_) 
)
10:44:56,979 [main] DEBUG org.activiti.engine.impl.db.DbSqlSession  - SQL: create table ACT_ID_INFO ( 
ID_ varchar(64), 
REV_ integer, 
USER_ID_ varchar(64), 
TYPE_ varchar(64), 
KEY_ varchar(255), 
VALUE_ varchar(255), 
PASSWORD_ longvarbinary, 
PARENT_ID_ varchar(255), 
primary key (ID_) 
)
10:44:56,979 [main] DEBUG org.activiti.engine.impl.db.DbSqlSession  - SQL: alter table ACT_ID_MEMBERSHIP 
add constraint ACT_FK_MEMB_GROUP 
foreign key (GROUP_ID_) 
references ACT_ID_GROUP
10:44:56,979 [main] DEBUG org.activiti.engine.impl.db.DbSqlSession  - SQL: alter table ACT_ID_MEMBERSHIP 
add constraint ACT_FK_MEMB_USER 
foreign key (USER_ID_) 
references ACT_ID_USER
10:44:56,979 [main] DEBUG org.activiti.engine.impl.db.DbSqlSession  - activiti db schema create for component identity successful
10:44:56,979 [main] DEBUG org.activiti.engine.impl.db.DbSqlSession  - flush summary: 0 insert, 0 update, 0 delete.
10:44:56,980 [main] DEBUG org.activiti.engine.impl.db.DbSqlSession  - now executing flush...
10:44:56,980 [main] DEBUG org.activiti.engine.impl.cfg.standalone.StandaloneMybatisTransactionContext  - firing event committing...
10:44:56,980 [main] DEBUG org.activiti.engine.impl.cfg.standalone.StandaloneMybatisTransactionContext  - committing the ibatis sql session...
10:44:56,980 [main] DEBUG org.activiti.engine.impl.cfg.standalone.StandaloneMybatisTransactionContext  - firing event committed...
10:44:56,980 [main] DEBUG org.apache.ibatis.transaction.jdbc.JdbcTransaction  - Resetting autocommit to true on JDBC Connection [conn2: url=jdbc:h2:mem:activiti user=SA]
10:44:56,980 [main] DEBUG org.apache.ibatis.transaction.jdbc.JdbcTransaction  - Closing JDBC Connection [conn2: url=jdbc:h2:mem:activiti user=SA]
10:44:56,980 [main] DEBUG org.apache.ibatis.datasource.pooled.PooledDataSource  - Returned connection 363509958 to pool.
10:44:56,980 [main] DEBUG org.activiti.engine.impl.interceptor.LogInterceptor  - ---  finished --------------------------------------------------------
10:44:56,980 [main] DEBUG org.activiti.engine.impl.interceptor.LogInterceptor  - 

</system-out>
  </testcase>
  <testcase classname="org.activiti.engine.test.api.mgmt.JobQueryTest" name="testQueryByDuedateLowerThan" time="0.03">
    <error message="
### Error querying database.  Cause: org.h2.jdbc.JdbcSQLException: Syntax error in SQL statement &quot;SELECT RES.* 
     
    FROM ACT_RU_JOB RES
     
     WHERE  RES.DUEDATE_ &lt; ? 
   
     ORDER BY  ORDER[*] BY RES.ID_ ASC  
    LIMIT ? OFFSET ? &quot;; expected &quot;=, NOT, EXISTS, INTERSECTS, SELECT, FROM&quot;; SQL statement:
select RES.* 
     
    from ACT_RU_JOB RES
     
     WHERE  RES.DUEDATE_ &lt; ? 
   
     order by  order by RES.ID_ asc  
    LIMIT ? OFFSET ? [42001-176]
### The error may exist in org/activiti/db/mapping/entity/Job.xml
### The error may involve org.activiti.engine.impl.persistence.entity.JobEntity.selectJobByQueryCriteria
### The error occurred while executing a query
### SQL: select RES.*            from ACT_RU_JOB RES            WHERE  RES.DUEDATE_ &lt; ?           order by  order by RES.ID_ asc       LIMIT ? OFFSET ?
### Cause: org.h2.jdbc.JdbcSQLException: Syntax error in SQL statement &quot;SELECT RES.* 
     
    FROM ACT_RU_JOB RES
     
     WHERE  RES.DUEDATE_ &lt; ? 
   
     ORDER BY  ORDER[*] BY RES.ID_ ASC  
    LIMIT ? OFFSET ? &quot;; expected &quot;=, NOT, EXISTS, INTERSECTS, SELECT, FROM&quot;; SQL statement:
select RES.* 
     
    from ACT_RU_JOB RES
     
     WHERE  RES.DUEDATE_ &lt; ? 
   
     order by  order by RES.ID_ asc  
    LIMIT ? OFFSET ? [42001-176]" type="org.apache.ibatis.exceptions.PersistenceException">org.apache.ibatis.exceptions.PersistenceException: 
### Error querying database.  Cause: org.h2.jdbc.JdbcSQLException: Syntax error in SQL statement &quot;SELECT RES.* 
     
    FROM ACT_RU_JOB RES
     
     WHERE  RES.DUEDATE_ &lt; ? 
   
     ORDER BY  ORDER[*] BY RES.ID_ ASC  
    LIMIT ? OFFSET ? &quot;; expected &quot;=, NOT, EXISTS, INTERSECTS, SELECT, FROM&quot;; SQL statement:
select RES.* 
     
    from ACT_RU_JOB RES
     
     WHERE  RES.DUEDATE_ &lt; ? 
   
     order by  order by RES.ID_ asc  
    LIMIT ? OFFSET ? [42001-176]
### The error may exist in org/activiti/db/mapping/entity/Job.xml
### The error may involve org.activiti.engine.impl.persistence.entity.JobEntity.selectJobByQueryCriteria
### The error occurred while executing a query
### SQL: select RES.*            from ACT_RU_JOB RES            WHERE  RES.DUEDATE_ &lt; ?           order by  order by RES.ID_ asc       LIMIT ? OFFSET ?
### Cause: org.h2.jdbc.JdbcSQLException: Syntax error in SQL statement &quot;SELECT RES.* 
     
    FROM ACT_RU_JOB RES
     
     WHERE  RES.DUEDATE_ &lt; ? 
   
     ORDER BY  ORDER[*] BY RES.ID_ ASC  
    LIMIT ? OFFSET ? &quot;; expected &quot;=, NOT, EXISTS, INTERSECTS, SELECT, FROM&quot;; SQL statement:
select RES.* 
     
    from ACT_RU_JOB RES
     
     WHERE  RES.DUEDATE_ &lt; ? 
   
     order by  order by RES.ID_ asc  
    LIMIT ? OFFSET ? [42001-176]
	at org.apache.ibatis.exceptions.ExceptionFactory.wrapException(ExceptionFactory.java:30)
	at org.apache.ibatis.session.defaults.DefaultSqlSession.selectList(DefaultSqlSession.java:122)
	at org.apache.ibatis.session.defaults.DefaultSqlSession.selectList(DefaultSqlSession.java:113)
	at org.activiti.engine.impl.db.DbSqlSession.selectListWithRawParameter(DbSqlSession.java:438)
	at org.activiti.engine.impl.db.DbSqlSession.selectList(DbSqlSession.java:429)
	at org.activiti.engine.impl.db.DbSqlSession.selectList(DbSqlSession.java:419)
	at org.activiti.engine.impl.persistence.entity.JobEntityManager.findJobsByQueryCriteria(JobEntityManager.java:198)
	at org.activiti.engine.impl.JobQueryImpl.executeList(JobQueryImpl.java:243)
	at org.activiti.engine.impl.AbstractQuery.execute(AbstractQuery.java:164)
	at org.activiti.engine.impl.interceptor.CommandInvoker.execute(CommandInvoker.java:24)
	at org.activiti.engine.impl.interceptor.CommandContextInterceptor.execute(CommandContextInterceptor.java:57)
	at org.activiti.engine.impl.interceptor.LogInterceptor.execute(LogInterceptor.java:37)
	at org.activiti.engine.impl.cfg.CommandExecutorImpl.execute(CommandExecutorImpl.java:40)
	at org.activiti.engine.impl.cfg.CommandExecutorImpl.execute(CommandExecutorImpl.java:35)
	at org.activiti.engine.impl.AbstractQuery.list(AbstractQuery.java:138)
	at org.activiti.engine.test.api.mgmt.JobQueryTest.verifyQueryResults(JobQueryTest.java:400)
	at org.activiti.engine.test.api.mgmt.JobQueryTest.testQueryByDuedateLowerThan(JobQueryTest.java:202)
	at sun.reflect.NativeMethodAccessorImpl.invoke0(Native Method)
	at sun.reflect.NativeMethodAccessorImpl.invoke(NativeMethodAccessorImpl.java:62)
	at sun.reflect.DelegatingMethodAccessorImpl.invoke(DelegatingMethodAccessorImpl.java:43)
	at java.lang.reflect.Method.invoke(Method.java:498)
	at junit.framework.TestCase.runTest(TestCase.java:176)
	at org.activiti.engine.impl.test.PvmTestCase.runTest(PvmTestCase.java:65)
	at junit.framework.TestCase.runBare(TestCase.java:141)
	at org.activiti.engine.impl.test.AbstractActivitiTestCase.runBare(AbstractActivitiTestCase.java:100)
	at junit.framework.TestResult$1.protect(TestResult.java:122)
	at junit.framework.TestResult.runProtected(TestResult.java:142)
	at junit.framework.TestResult.run(TestResult.java:125)
	at junit.framework.TestCase.run(TestCase.java:129)
	at junit.framework.TestSuite.runTest(TestSuite.java:255)
	at junit.framework.TestSuite.run(TestSuite.java:250)
	at org.junit.internal.runners.JUnit38ClassRunner.run(JUnit38ClassRunner.java:84)
	at org.apache.maven.surefire.junit4.JUnit4TestSet.execute(JUnit4TestSet.java:35)
	at org.apache.maven.surefire.junit4.JUnit4Provider.executeTestSet(JUnit4Provider.java:146)
	at org.apache.maven.surefire.junit4.JUnit4Provider.invoke(JUnit4Provider.java:97)
	at sun.reflect.NativeMethodAccessorImpl.invoke0(Native Method)
	at sun.reflect.NativeMethodAccessorImpl.invoke(NativeMethodAccessorImpl.java:62)
	at sun.reflect.DelegatingMethodAccessorImpl.invoke(DelegatingMethodAccessorImpl.java:43)
	at java.lang.reflect.Method.invoke(Method.java:498)
	at org.apache.maven.surefire.booter.ProviderFactory$ClassLoaderProxy.invoke(ProviderFactory.java:103)
	at com.sun.proxy.$Proxy0.invoke(Unknown Source)
	at org.apache.maven.surefire.booter.SurefireStarter.invokeProvider(SurefireStarter.java:145)
	at org.apache.maven.surefire.booter.SurefireStarter.runSuitesInProcess(SurefireStarter.java:87)
	at org.apache.maven.surefire.booter.ForkedBooter.main(ForkedBooter.java:69)
Caused by: org.h2.jdbc.JdbcSQLException: Syntax error in SQL statement &quot;SELECT RES.* 
     
    FROM ACT_RU_JOB RES
     
     WHERE  RES.DUEDATE_ &lt; ? 
   
     ORDER BY  ORDER[*] BY RES.ID_ ASC  
    LIMIT ? OFFSET ? &quot;; expected &quot;=, NOT, EXISTS, INTERSECTS, SELECT, FROM&quot;; SQL statement:
select RES.* 
     
    from ACT_RU_JOB RES
     
     WHERE  RES.DUEDATE_ &lt; ? 
   
     order by  order by RES.ID_ asc  
    LIMIT ? OFFSET ? [42001-176]
	at org.h2.message.DbException.getJdbcSQLException(DbException.java:344)
	at org.h2.message.DbException.getSyntaxError(DbException.java:204)
	at org.h2.command.Parser.getSyntaxError(Parser.java:524)
	at org.h2.command.Parser.readTerm(Parser.java:2688)
	at org.h2.command.Parser.readFactor(Parser.java:2244)
	at org.h2.command.Parser.readSum(Parser.java:2231)
	at org.h2.command.Parser.readConcat(Parser.java:2201)
	at org.h2.command.Parser.readCondition(Parser.java:2051)
	at org.h2.command.Parser.readAnd(Parser.java:2023)
	at org.h2.command.Parser.readExpression(Parser.java:2015)
	at org.h2.command.Parser.parseEndOfQuery(Parser.java:1726)
	at org.h2.command.Parser.parseSelectUnionExtension(Parser.java:1706)
	at org.h2.command.Parser.parseSelectUnion(Parser.java:1675)
	at org.h2.command.Parser.parseSelect(Parser.java:1662)
	at org.h2.command.Parser.parsePrepared(Parser.java:434)
	at org.h2.command.Parser.parse(Parser.java:306)
	at org.h2.command.Parser.parse(Parser.java:282)
	at org.h2.command.Parser.prepareCommand(Parser.java:243)
	at org.h2.engine.Session.prepareLocal(Session.java:442)
	at org.h2.engine.Session.prepareCommand(Session.java:384)
	at org.h2.jdbc.JdbcConnection.prepareCommand(JdbcConnection.java:1188)
	at org.h2.jdbc.JdbcPreparedStatement.&lt;init&gt;(JdbcPreparedStatement.java:73)
	at org.h2.jdbc.JdbcConnection.prepareStatement(JdbcConnection.java:276)
	at sun.reflect.GeneratedMethodAccessor6.invoke(Unknown Source)
	at sun.reflect.DelegatingMethodAccessorImpl.invoke(DelegatingMethodAccessorImpl.java:43)
	at java.lang.reflect.Method.invoke(Method.java:498)
	at org.apache.ibatis.datasource.pooled.PooledConnection.invoke(PooledConnection.java:245)
	at com.sun.proxy.$Proxy12.prepareStatement(Unknown Source)
	at sun.reflect.GeneratedMethodAccessor6.invoke(Unknown Source)
	at sun.reflect.DelegatingMethodAccessorImpl.invoke(DelegatingMethodAccessorImpl.java:43)
	at java.lang.reflect.Method.invoke(Method.java:498)
	at org.apache.ibatis.logging.jdbc.ConnectionLogger.invoke(ConnectionLogger.java:55)
	at com.sun.proxy.$Proxy12.prepareStatement(Unknown Source)
	at org.apache.ibatis.executor.statement.PreparedStatementHandler.instantiateStatement(PreparedStatementHandler.java:79)
	at org.apache.ibatis.executor.statement.BaseStatementHandler.prepare(BaseStatementHandler.java:88)
	at org.apache.ibatis.executor.statement.RoutingStatementHandler.prepare(RoutingStatementHandler.java:58)
	at org.apache.ibatis.executor.SimpleExecutor.prepareStatement(SimpleExecutor.java:76)
	at org.apache.ibatis.executor.SimpleExecutor.doQuery(SimpleExecutor.java:61)
	at org.apache.ibatis.executor.BaseExecutor.queryFromDatabase(BaseExecutor.java:303)
	at org.apache.ibatis.executor.BaseExecutor.query(BaseExecutor.java:154)
	at org.apache.ibatis.executor.CachingExecutor.query(CachingExecutor.java:102)
	at org.apache.ibatis.executor.CachingExecutor.query(CachingExecutor.java:82)
	at org.apache.ibatis.session.defaults.DefaultSqlSession.selectList(DefaultSqlSession.java:120)
	... 42 more
</error>
    <system-out>10:44:56,981 [main] DEBUG org.activiti.engine.impl.interceptor.LogInterceptor  - 

10:44:56,981 [main] DEBUG org.activiti.engine.impl.interceptor.LogInterceptor  - --- starting DeployCmd --------------------------------------------------------
10:44:56,981 [main] DEBUG org.activiti.engine.impl.bpmn.deployer.BpmnDeployer  - Processing deployment null
10:44:56,981 [main] INFO  org.activiti.engine.impl.bpmn.deployer.BpmnDeployer  - Processing resource org/activiti/engine/test/api/mgmt/timerOnTask.bpmn20.xml
10:44:56,986 [main] DEBUG org.activiti.engine.impl.bpmn.parser.handler.ProcessParseHandler  - Parsing process timerOnTask
10:44:56,986 [main] DEBUG org.activiti.engine.impl.bpmn.parser.handler.AbstractBpmnParseHandler  - Parsing activity firstLineSupport
10:44:56,986 [main] DEBUG org.activiti.engine.impl.bpmn.parser.handler.AbstractBpmnParseHandler  - Parsing activity secondLineSupport
10:44:56,986 [main] DEBUG org.activiti.engine.impl.bpmn.parser.handler.AbstractBpmnParseHandler  - Parsing activity theStart
10:44:56,986 [main] DEBUG org.activiti.engine.impl.bpmn.parser.handler.AbstractBpmnParseHandler  - Parsing activity normalEnd
10:44:56,986 [main] DEBUG org.activiti.engine.impl.bpmn.parser.handler.AbstractBpmnParseHandler  - Parsing activity escalatedEnd
10:44:56,986 [main] DEBUG org.activiti.engine.impl.bpmn.parser.handler.AbstractBpmnParseHandler  - Parsing activity escalationTimer
10:44:56,986 [main] DEBUG org.apache.ibatis.transaction.jdbc.JdbcTransaction  - Opening JDBC Connection
10:44:56,986 [main] DEBUG org.apache.ibatis.datasource.pooled.PooledDataSource  - Checked out connection 180014677 from pool.
10:44:56,986 [main] DEBUG org.apache.ibatis.transaction.jdbc.JdbcTransaction  - Setting autocommit to false on JDBC Connection [conn3: url=jdbc:h2:mem:activiti user=SA]
10:44:56,986 [main] DEBUG org.activiti.engine.impl.persistence.entity.ProcessDefinitionEntity.selectLatestProcessDefinitionByKey  - ==&gt;  Preparing: select * from ACT_RE_PROCDEF where KEY_ = ? and (TENANT_ID_ = &apos;&apos; or TENANT_ID_ is null) and VERSION_ = (select max(VERSION_) from ACT_RE_PROCDEF where KEY_ = ? and (TENANT_ID_ = &apos;&apos; or TENANT_ID_ is null)) 
10:44:56,987 [main] DEBUG org.activiti.engine.impl.persistence.entity.ProcessDefinitionEntity.selectLatestProcessDefinitionByKey  - ==&gt; Parameters: timerOnTask(String), timerOnTask(String)
10:44:56,987 [main] DEBUG org.activiti.engine.impl.persistence.entity.ProcessDefinitionEntity.selectLatestProcessDefinitionByKey  - &lt;==      Total: 0
10:44:56,987 [main] DEBUG org.activiti.engine.impl.persistence.entity.JobEntity.selectJobByTypeAndProcessDefinitionKeyNoTenantId  - ==&gt;  Preparing: select J.* from ACT_RU_JOB J inner join ACT_RE_PROCDEF P on J.PROC_DEF_ID_ = P.ID_ where J.HANDLER_TYPE_ = ? and P.KEY_ = ? and (P.TENANT_ID_ = &apos;&apos; or P.TENANT_ID_ is null) 
10:44:56,987 [main] DEBUG org.activiti.engine.impl.persistence.entity.JobEntity.selectJobByTypeAndProcessDefinitionKeyNoTenantId  - ==&gt; Parameters: timer-start-event(String), timerOnTask(String)
10:44:56,987 [main] DEBUG org.activiti.engine.impl.persistence.entity.JobEntity.selectJobByTypeAndProcessDefinitionKeyNoTenantId  - &lt;==      Total: 0
10:44:56,987 [main] DEBUG org.activiti.engine.impl.persistence.entity.ProcessDefinitionInfoEntity.selectProcessDefinitionInfoByProcessDefinitionId  - ==&gt;  Preparing: select * from ACT_PROCDEF_INFO where PROC_DEF_ID_ = ? 
10:44:56,987 [main] DEBUG org.activiti.engine.impl.persistence.entity.ProcessDefinitionInfoEntity.selectProcessDefinitionInfoByProcessDefinitionId  - ==&gt; Parameters: timerOnTask:1:1459(String)
10:44:56,987 [main] DEBUG org.activiti.engine.impl.persistence.entity.ProcessDefinitionInfoEntity.selectProcessDefinitionInfoByProcessDefinitionId  - &lt;==      Total: 0
10:44:56,987 [main] DEBUG org.activiti.engine.impl.interceptor.LogInterceptor  - 

10:44:56,987 [main] DEBUG org.activiti.engine.impl.interceptor.LogInterceptor  - --- starting GetProcessDefinitionInfoCmd --------------------------------------------------------
10:44:56,987 [main] DEBUG org.activiti.engine.impl.interceptor.CommandContextInterceptor  - Valid context found. Reusing it for the current command &apos;org.activiti.engine.impl.cmd.GetProcessDefinitionInfoCmd&apos;
10:44:56,987 [main] DEBUG org.activiti.engine.impl.interceptor.LogInterceptor  - 

10:44:56,987 [main] DEBUG org.activiti.engine.impl.interceptor.LogInterceptor  - --- starting  --------------------------------------------------------
10:44:56,987 [main] DEBUG org.activiti.engine.impl.interceptor.CommandContextInterceptor  - Valid context found. Reusing it for the current command &apos;null&apos;
10:44:56,987 [main] DEBUG org.activiti.engine.impl.interceptor.LogInterceptor  - ---  finished --------------------------------------------------------
10:44:56,987 [main] DEBUG org.activiti.engine.impl.interceptor.LogInterceptor  - 

10:44:56,987 [main] DEBUG org.activiti.engine.impl.interceptor.LogInterceptor  - --- GetProcessDefinitionInfoCmd finished --------------------------------------------------------
10:44:56,987 [main] DEBUG org.activiti.engine.impl.interceptor.LogInterceptor  - 

10:44:56,987 [main] DEBUG org.activiti.engine.impl.db.DbSqlSession  -   insert ResourceEntity[id=1458, name=org/activiti/engine/test/api/mgmt/timerOnTask.bpmn20.xml]
10:44:56,987 [main] DEBUG org.activiti.engine.impl.db.DbSqlSession  -   insert DeploymentEntity[id=1457, name=null]
10:44:56,987 [main] DEBUG org.activiti.engine.impl.db.DbSqlSession  -   insert ProcessDefinitionEntity[timerOnTask:1:1459]
10:44:56,987 [main] DEBUG org.activiti.engine.impl.db.DbSqlSession  - flush summary: 3 insert, 0 update, 0 delete.
10:44:56,987 [main] DEBUG org.activiti.engine.impl.db.DbSqlSession  - now executing flush...
10:44:56,987 [main] DEBUG org.activiti.engine.impl.db.DbSqlSession  - inserting: ProcessDefinitionEntity[timerOnTask:1:1459]
10:44:56,987 [main] DEBUG org.activiti.engine.impl.persistence.entity.ProcessDefinitionEntity.insertProcessDefinition  - ==&gt;  Preparing: insert into ACT_RE_PROCDEF(ID_, REV_, CATEGORY_, NAME_, KEY_, VERSION_, DEPLOYMENT_ID_, RESOURCE_NAME_, DGRM_RESOURCE_NAME_, DESCRIPTION_, HAS_START_FORM_KEY_, HAS_GRAPHICAL_NOTATION_ , SUSPENSION_STATE_, TENANT_ID_) values (?, 1, ?, ?, ?, ?, ?, ?, ?, ?, ?, ?, ?, ?) 
10:44:56,987 [main] DEBUG org.activiti.engine.impl.persistence.entity.ProcessDefinitionEntity.insertProcessDefinition  - ==&gt; Parameters: timerOnTask:1:1459(String), org.activiti.enginge.test.api.mgmt(String), null, timerOnTask(String), 1(Integer), 1457(String), org/activiti/engine/test/api/mgmt/timerOnTask.bpmn20.xml(String), null, null, false(Boolean), false(Boolean), 1(Integer), (String)
10:44:56,987 [main] DEBUG org.activiti.engine.impl.persistence.entity.ProcessDefinitionEntity.insertProcessDefinition  - &lt;==    Updates: 1
10:44:56,987 [main] DEBUG org.activiti.engine.impl.db.DbSqlSession  - inserting: DeploymentEntity[id=1457, name=null]
10:44:56,987 [main] DEBUG org.activiti.engine.impl.persistence.entity.DeploymentEntity.insertDeployment  - ==&gt;  Preparing: insert into ACT_RE_DEPLOYMENT(ID_, NAME_, CATEGORY_, TENANT_ID_, DEPLOY_TIME_) values(?, ?, ?, ?, ?) 
10:44:56,987 [main] DEBUG org.activiti.engine.impl.persistence.entity.DeploymentEntity.insertDeployment  - ==&gt; Parameters: 1457(String), null, null, (String), 2023-03-20 12:44:56.0(Timestamp)
10:44:56,987 [main] DEBUG org.activiti.engine.impl.persistence.entity.DeploymentEntity.insertDeployment  - &lt;==    Updates: 1
10:44:56,987 [main] DEBUG org.activiti.engine.impl.db.DbSqlSession  - inserting: ResourceEntity[id=1458, name=org/activiti/engine/test/api/mgmt/timerOnTask.bpmn20.xml]
10:44:56,987 [main] DEBUG org.activiti.engine.impl.persistence.entity.ResourceEntity.insertResource  - ==&gt;  Preparing: insert into ACT_GE_BYTEARRAY(ID_, REV_, NAME_, BYTES_, DEPLOYMENT_ID_, GENERATED_) values (?, 1, ?, ?, ?, ?) 
10:44:56,987 [main] DEBUG org.activiti.engine.impl.persistence.entity.ResourceEntity.insertResource  - ==&gt; Parameters: 1458(String), org/activiti/engine/test/api/mgmt/timerOnTask.bpmn20.xml(String), java.io.ByteArrayInputStream@4ed5a1b0(ByteArrayInputStream), 1457(String), false(Boolean)
10:44:56,987 [main] DEBUG org.activiti.engine.impl.persistence.entity.ResourceEntity.insertResource  - &lt;==    Updates: 1
10:44:56,987 [main] DEBUG org.activiti.engine.impl.cfg.standalone.StandaloneMybatisTransactionContext  - firing event committing...
10:44:56,987 [main] DEBUG org.activiti.engine.impl.cfg.standalone.StandaloneMybatisTransactionContext  - committing the ibatis sql session...
10:44:56,987 [main] DEBUG org.apache.ibatis.transaction.jdbc.JdbcTransaction  - Committing JDBC Connection [conn3: url=jdbc:h2:mem:activiti user=SA]
10:44:56,987 [main] DEBUG org.activiti.engine.impl.cfg.standalone.StandaloneMybatisTransactionContext  - firing event committed...
10:44:56,987 [main] DEBUG org.apache.ibatis.transaction.jdbc.JdbcTransaction  - Resetting autocommit to true on JDBC Connection [conn3: url=jdbc:h2:mem:activiti user=SA]
10:44:56,987 [main] DEBUG org.apache.ibatis.transaction.jdbc.JdbcTransaction  - Closing JDBC Connection [conn3: url=jdbc:h2:mem:activiti user=SA]
10:44:56,987 [main] DEBUG org.apache.ibatis.datasource.pooled.PooledDataSource  - Returned connection 180014677 to pool.
10:44:56,987 [main] DEBUG org.activiti.engine.impl.interceptor.LogInterceptor  - --- DeployCmd finished --------------------------------------------------------
10:44:56,987 [main] DEBUG org.activiti.engine.impl.interceptor.LogInterceptor  - 

10:44:56,987 [main] DEBUG org.activiti.engine.impl.interceptor.LogInterceptor  - 

10:44:56,987 [main] DEBUG org.activiti.engine.impl.interceptor.LogInterceptor  - --- starting StartProcessInstanceCmd --------------------------------------------------------
10:44:56,987 [main] DEBUG org.apache.ibatis.transaction.jdbc.JdbcTransaction  - Opening JDBC Connection
10:44:56,987 [main] DEBUG org.apache.ibatis.datasource.pooled.PooledDataSource  - Checked out connection 297240765 from pool.
10:44:56,987 [main] DEBUG org.apache.ibatis.transaction.jdbc.JdbcTransaction  - Setting autocommit to false on JDBC Connection [conn4: url=jdbc:h2:mem:activiti user=SA]
10:44:56,987 [main] DEBUG org.activiti.engine.impl.persistence.entity.ProcessDefinitionEntity.selectLatestProcessDefinitionByKey  - ==&gt;  Preparing: select * from ACT_RE_PROCDEF where KEY_ = ? and (TENANT_ID_ = &apos;&apos; or TENANT_ID_ is null) and VERSION_ = (select max(VERSION_) from ACT_RE_PROCDEF where KEY_ = ? and (TENANT_ID_ = &apos;&apos; or TENANT_ID_ is null)) 
10:44:56,987 [main] DEBUG org.activiti.engine.impl.persistence.entity.ProcessDefinitionEntity.selectLatestProcessDefinitionByKey  - ==&gt; Parameters: timerOnTask(String), timerOnTask(String)
10:44:56,988 [main] DEBUG org.activiti.engine.impl.persistence.entity.ProcessDefinitionEntity.selectLatestProcessDefinitionByKey  - &lt;==      Total: 1
10:44:56,988 [main] DEBUG org.activiti.engine.impl.persistence.entity.ExecutionEntity  - initializing ProcessInstance[1460]
10:44:56,988 [main] DEBUG org.activiti.engine.impl.history.DefaultHistoryManager  - Current history level: FULL, level required: ACTIVITY
10:44:56,988 [main] DEBUG org.activiti.engine.impl.pvm.runtime.AtomicOperationActivityExecute  - ProcessInstance[1460] executes Activity(theStart): org.activiti.engine.impl.bpmn.behavior.NoneStartEventActivityBehavior
10:44:56,988 [main] DEBUG org.activiti.engine.impl.persistence.entity.JobEntity.selectJobsByExecutionId  - ==&gt;  Preparing: select * from ACT_RU_JOB J where J.EXECUTION_ID_ = ? 
10:44:56,988 [main] DEBUG org.activiti.engine.impl.persistence.entity.JobEntity.selectJobsByExecutionId  - ==&gt; Parameters: 1460(String)
10:44:56,988 [main] DEBUG org.activiti.engine.impl.persistence.entity.JobEntity.selectJobsByExecutionId  - &lt;==      Total: 0
10:44:56,988 [main] DEBUG org.activiti.engine.impl.bpmn.behavior.BpmnActivityBehavior  - Leaving activity &apos;theStart&apos;
10:44:56,988 [main] DEBUG org.activiti.engine.impl.history.DefaultHistoryManager  - Current history level: FULL, level required: ACTIVITY
10:44:56,988 [main] DEBUG org.activiti.engine.impl.pvm.runtime.AtomicOperationTransitionNotifyListenerTake  - ProcessInstance[1460] takes transition (theStart)--flow1--&gt;(firstLineSupport)
10:44:56,988 [main] DEBUG org.activiti.engine.impl.persistence.entity.ExecutionEntity  - Child execution ScopeExecution[1462] created with parent 
10:44:56,988 [main] DEBUG org.activiti.engine.impl.pvm.runtime.AtomicOperationTransitionCreateScope  - create scope: parent ProcessInstance[1460] continues as execution ScopeExecution[1462]
10:44:56,988 [main] DEBUG org.activiti.engine.impl.persistence.entity.ExecutionEntity  - initializing ScopeExecution[1462]
10:44:56,988 [main] DEBUG org.activiti.engine.impl.persistence.entity.JobEntity.selectJobsByExecutionId  - ==&gt;  Preparing: select * from ACT_RU_JOB J where J.EXECUTION_ID_ = ? 
10:44:56,988 [main] DEBUG org.activiti.engine.impl.persistence.entity.JobEntity.selectJobsByExecutionId  - ==&gt; Parameters: 1462(String)
10:44:56,988 [main] DEBUG org.activiti.engine.impl.persistence.entity.JobEntity.selectJobsByExecutionId  - &lt;==      Total: 0
10:44:56,989 [main] DEBUG org.activiti.engine.impl.history.DefaultHistoryManager  - Current history level: FULL, level required: ACTIVITY
10:44:56,989 [main] DEBUG org.activiti.engine.impl.pvm.runtime.AtomicOperationActivityExecute  - ScopeExecution[1462] executes Activity(firstLineSupport): org.activiti.engine.impl.bpmn.behavior.UserTaskActivityBehavior
10:44:56,989 [main] DEBUG org.activiti.engine.impl.persistence.entity.TaskEntity.selectTasksByExecutionId  - ==&gt;  Preparing: select distinct T.* from ACT_RU_TASK T where T.EXECUTION_ID_ = ? 
10:44:56,989 [main] DEBUG org.activiti.engine.impl.persistence.entity.TaskEntity.selectTasksByExecutionId  - ==&gt; Parameters: 1462(String)
10:44:56,989 [main] DEBUG org.activiti.engine.impl.persistence.entity.TaskEntity.selectTasksByExecutionId  - &lt;==      Total: 0
10:44:56,989 [main] DEBUG org.activiti.engine.impl.history.DefaultHistoryManager  - Current history level: FULL, level required: AUDIT
10:44:56,989 [main] DEBUG org.activiti.engine.impl.history.DefaultHistoryManager  - Current history level: FULL, level required: AUDIT
10:44:56,989 [main] DEBUG org.activiti.engine.impl.interceptor.LogInterceptor  - 

10:44:56,989 [main] DEBUG org.activiti.engine.impl.interceptor.LogInterceptor  - --- starting  --------------------------------------------------------
10:44:56,989 [main] DEBUG org.activiti.engine.impl.interceptor.CommandContextInterceptor  - Valid context found. Reusing it for the current command &apos;null&apos;
10:44:56,989 [main] DEBUG org.activiti.engine.impl.persistence.entity.ProcessDefinitionInfoEntity.selectProcessDefinitionInfoByProcessDefinitionId  - ==&gt;  Preparing: select * from ACT_PROCDEF_INFO where PROC_DEF_ID_ = ? 
10:44:56,989 [main] DEBUG org.activiti.engine.impl.persistence.entity.ProcessDefinitionInfoEntity.selectProcessDefinitionInfoByProcessDefinitionId  - ==&gt; Parameters: timerOnTask:1:1459(String)
10:44:56,989 [main] DEBUG org.activiti.engine.impl.persistence.entity.ProcessDefinitionInfoEntity.selectProcessDefinitionInfoByProcessDefinitionId  - &lt;==      Total: 0
10:44:56,989 [main] DEBUG org.activiti.engine.impl.interceptor.LogInterceptor  - ---  finished --------------------------------------------------------
10:44:56,989 [main] DEBUG org.activiti.engine.impl.interceptor.LogInterceptor  - 

10:44:56,989 [main] DEBUG org.activiti.engine.impl.history.DefaultHistoryManager  - Current history level: FULL, level required: AUDIT
10:44:56,989 [main] DEBUG org.activiti.engine.impl.history.DefaultHistoryManager  - Current history level: FULL, level required: AUDIT
10:44:56,989 [main] DEBUG org.activiti.engine.impl.history.DefaultHistoryManager  - Current history level: FULL, level required: ACTIVITY
10:44:56,989 [main] DEBUG org.activiti.engine.impl.db.DbSqlSession  -   insert ProcessInstance[1460]
10:44:56,989 [main] DEBUG org.activiti.engine.impl.db.DbSqlSession  -   insert ScopeExecution[1462]
10:44:56,989 [main] DEBUG org.activiti.engine.impl.db.DbSqlSession  -   insert HistoricProcessInstanceEntity[superProcessInstanceId=null]
10:44:56,989 [main] DEBUG org.activiti.engine.impl.db.DbSqlSession  -   insert Task[id=1465, name=First line support]
10:44:56,989 [main] DEBUG org.activiti.engine.impl.db.DbSqlSession  -   insert HistoricTaskInstanceEntity[id=1465, name=First line support]
10:44:56,989 [main] DEBUG org.activiti.engine.impl.db.DbSqlSession  -   insert HistoricActivityInstanceEntity[activityId=theStart, activityName=null]
10:44:56,989 [main] DEBUG org.activiti.engine.impl.db.DbSqlSession  -   insert HistoricActivityInstanceEntity[activityId=firstLineSupport, activityName=First line support]
10:44:56,989 [main] DEBUG org.activiti.engine.impl.db.DbSqlSession  -   insert JobEntity [id=1463]
10:44:56,989 [main] DEBUG org.activiti.engine.impl.db.DbSqlSession  - flush summary: 8 insert, 0 update, 0 delete.
10:44:56,989 [main] DEBUG org.activiti.engine.impl.db.DbSqlSession  - now executing flush...
10:44:56,989 [main] DEBUG org.activiti.engine.impl.db.DbSqlSession  - inserting: HistoricTaskInstanceEntity[id=1465, name=First line support]
10:44:56,989 [main] DEBUG org.activiti.engine.impl.persistence.entity.HistoricTaskInstanceEntity.insertHistoricTaskInstance  - ==&gt;  Preparing: insert into ACT_HI_TASKINST ( ID_, PROC_DEF_ID_, PROC_INST_ID_, EXECUTION_ID_, NAME_, PARENT_TASK_ID_, DESCRIPTION_, OWNER_, ASSIGNEE_, START_TIME_, CLAIM_TIME_, END_TIME_, DURATION_, DELETE_REASON_, TASK_DEF_KEY_, FORM_KEY_, PRIORITY_, DUE_DATE_, CATEGORY_, TENANT_ID_ ) values ( ?, ?, ?, ?, ?, ?, ?, ?, ?, ?, ?, ?, ?, ?, ?, ?, ?, ?, ?, ? ) 
10:44:56,990 [main] DEBUG org.activiti.engine.impl.persistence.entity.HistoricTaskInstanceEntity.insertHistoricTaskInstance  - ==&gt; Parameters: 1465(String), timerOnTask:1:1459(String), 1460(String), 1462(String), First line support(String), null, null, null, null, 2023-03-20 10:44:56.0(Timestamp), null, null, null, null, firstLineSupport(String), null, 50(Integer), null, null, (String)
10:44:56,990 [main] DEBUG org.activiti.engine.impl.persistence.entity.HistoricTaskInstanceEntity.insertHistoricTaskInstance  - &lt;==    Updates: 1
10:44:56,990 [main] DEBUG org.activiti.engine.impl.db.DbSqlSession  - inserting: HistoricProcessInstanceEntity[superProcessInstanceId=null]
10:44:56,990 [main] DEBUG org.activiti.engine.impl.persistence.entity.HistoricProcessInstanceEntity.insertHistoricProcessInstance  - ==&gt;  Preparing: insert into ACT_HI_PROCINST ( ID_, PROC_INST_ID_, BUSINESS_KEY_, PROC_DEF_ID_, START_TIME_, END_TIME_, DURATION_, START_USER_ID_, START_ACT_ID_, END_ACT_ID_, SUPER_PROCESS_INSTANCE_ID_, DELETE_REASON_, TENANT_ID_, NAME_ ) values ( ?, ?, ?, ?, ?, ?, ?, ?, ?, ?, ?, ?, ?, ? ) 
10:44:56,990 [main] DEBUG org.activiti.engine.impl.persistence.entity.HistoricProcessInstanceEntity.insertHistoricProcessInstance  - ==&gt; Parameters: 1460(String), 1460(String), null, timerOnTask:1:1459(String), 2023-03-20 10:44:56.0(Timestamp), null, null, null, theStart(String), null, null, null, (String), null
10:44:56,990 [main] DEBUG org.activiti.engine.impl.persistence.entity.HistoricProcessInstanceEntity.insertHistoricProcessInstance  - &lt;==    Updates: 1
10:44:56,990 [main] DEBUG org.activiti.engine.impl.persistence.entity.HistoricActivityInstanceEntity.bulkInsertHistoricActivityInstance  - ==&gt;  Preparing: insert into ACT_HI_ACTINST ( ID_, PROC_DEF_ID_, PROC_INST_ID_, EXECUTION_ID_, ACT_ID_, TASK_ID_, CALL_PROC_INST_ID_, ACT_NAME_, ACT_TYPE_, ASSIGNEE_, START_TIME_, END_TIME_, DURATION_, TENANT_ID_ ) values (?, ?, ?, ?, ?, ?, ?, ?, ?, ?, ?, ?, ?, ?) , (?, ?, ?, ?, ?, ?, ?, ?, ?, ?, ?, ?, ?, ?) 
10:44:56,990 [main] DEBUG org.activiti.engine.impl.persistence.entity.HistoricActivityInstanceEntity.bulkInsertHistoricActivityInstance  - ==&gt; Parameters: 1461(String), timerOnTask:1:1459(String), 1460(String), 1460(String), theStart(String), null, null, null, startEvent(String), null, 2023-03-20 10:44:56.0(Timestamp), 2023-03-20 10:44:56.0(Timestamp), 0(Long), (String), 1464(String), timerOnTask:1:1459(String), 1460(String), 1462(String), firstLineSupport(String), 1465(String), null, First line support(String), userTask(String), null, 2023-03-20 10:44:56.0(Timestamp), null, null, (String)
10:44:56,990 [main] DEBUG org.activiti.engine.impl.persistence.entity.HistoricActivityInstanceEntity.bulkInsertHistoricActivityInstance  - &lt;==    Updates: 2
10:44:56,991 [main] DEBUG org.activiti.engine.impl.persistence.entity.ExecutionEntity.bulkInsertExecution  - ==&gt;  Preparing: insert into ACT_RU_EXECUTION (ID_, REV_, PROC_INST_ID_, BUSINESS_KEY_, PROC_DEF_ID_, ACT_ID_, IS_ACTIVE_, IS_CONCURRENT_, IS_SCOPE_,IS_EVENT_SCOPE_, PARENT_ID_, SUPER_EXEC_, SUSPENSION_STATE_, CACHED_ENT_STATE_, TENANT_ID_, NAME_) values (?, 1, ?, ?, ?, ?, ?, ?, ?, ?, ?, ?, ?, ?, ?, ?) , (?, 1, ?, ?, ?, ?, ?, ?, ?, ?, ?, ?, ?, ?, ?, ?) 
10:44:56,991 [main] DEBUG org.activiti.engine.impl.persistence.entity.ExecutionEntity.bulkInsertExecution  - ==&gt; Parameters: 1460(String), 1460(String), null, timerOnTask:1:1459(String), null, false(Boolean), false(Boolean), true(Boolean), false(Boolean), null, null, 1(Integer), 2(Integer), (String), null, 1462(String), 1460(String), null, timerOnTask:1:1459(String), firstLineSupport(String), true(Boolean), false(Boolean), true(Boolean), false(Boolean), 1460(String), null, 1(Integer), 6(Integer), (String), null
10:44:56,991 [main] DEBUG org.activiti.engine.impl.persistence.entity.ExecutionEntity.bulkInsertExecution  - &lt;==    Updates: 2
10:44:56,991 [main] DEBUG org.activiti.engine.impl.db.DbSqlSession  - inserting: Task[id=1465, name=First line support]
10:44:56,991 [main] DEBUG org.activiti.engine.impl.persistence.entity.TaskEntity.insertTask  - ==&gt;  Preparing: insert into ACT_RU_TASK (ID_, REV_, NAME_, PARENT_TASK_ID_, DESCRIPTION_, PRIORITY_, CREATE_TIME_, OWNER_, ASSIGNEE_, DELEGATION_, EXECUTION_ID_, PROC_INST_ID_, PROC_DEF_ID_, TASK_DEF_KEY_, DUE_DATE_, CATEGORY_, SUSPENSION_STATE_, TENANT_ID_, FORM_KEY_) values (?, 1, ?, ?, ?, ?, ?, ?, ?, ?, ?, ?, ?, ?, ?, ?, ?, ?, ? ) 
10:44:56,991 [main] DEBUG org.activiti.engine.impl.persistence.entity.TaskEntity.insertTask  - ==&gt; Parameters: 1465(String), First line support(String), null, null, 50(Integer), 2023-03-20 10:44:56.0(Timestamp), null, null, null, 1462(String), 1460(String), timerOnTask:1:1459(String), firstLineSupport(String), null, null, 1(Integer), (String), null
10:44:56,991 [main] DEBUG org.activiti.engine.impl.persistence.entity.TaskEntity.insertTask  - &lt;==    Updates: 1
10:44:56,991 [main] DEBUG org.activiti.engine.impl.db.DbSqlSession  - inserting: JobEntity [id=1463]
10:44:56,991 [main] DEBUG org.activiti.engine.impl.persistence.entity.JobEntity.insertTimer  - ==&gt;  Preparing: insert into ACT_RU_JOB ( ID_, REV_, TYPE_, LOCK_OWNER_, LOCK_EXP_TIME_, EXCLUSIVE_, EXECUTION_ID_, PROCESS_INSTANCE_ID_, PROC_DEF_ID_, RETRIES_, EXCEPTION_STACK_ID_, EXCEPTION_MSG_, DUEDATE_, REPEAT_, HANDLER_TYPE_, HANDLER_CFG_, TENANT_ID_) values (?, 1, &apos;timer&apos;, ?, ?, ?, ?, ?, ?, ?, ?, ?, ?, ?, ?, ?, ? ) 
10:44:56,991 [main] DEBUG org.activiti.engine.impl.persistence.entity.JobEntity.insertTimer  - ==&gt; Parameters: 1463(String), null, null, true(Boolean), 1462(String), 1460(String), timerOnTask:1:1459(String), 3(Integer), null, null, 2023-03-20 11:44:56.0(Timestamp), null, timer-transition(String), {&quot;activityId&quot;:&quot;escalationTimer&quot;}(String), (String)
10:44:56,991 [main] DEBUG org.activiti.engine.impl.persistence.entity.JobEntity.insertTimer  - &lt;==    Updates: 1
10:44:56,991 [main] DEBUG org.activiti.engine.impl.cfg.standalone.StandaloneMybatisTransactionContext  - firing event committing...
10:44:56,991 [main] DEBUG org.activiti.engine.impl.cfg.standalone.StandaloneMybatisTransactionContext  - committing the ibatis sql session...
10:44:56,991 [main] DEBUG org.apache.ibatis.transaction.jdbc.JdbcTransaction  - Committing JDBC Connection [conn4: url=jdbc:h2:mem:activiti user=SA]
10:44:56,992 [main] DEBUG org.activiti.engine.impl.cfg.standalone.StandaloneMybatisTransactionContext  - firing event committed...
10:44:56,992 [main] DEBUG org.apache.ibatis.transaction.jdbc.JdbcTransaction  - Resetting autocommit to true on JDBC Connection [conn4: url=jdbc:h2:mem:activiti user=SA]
10:44:56,992 [main] DEBUG org.apache.ibatis.transaction.jdbc.JdbcTransaction  - Closing JDBC Connection [conn4: url=jdbc:h2:mem:activiti user=SA]
10:44:56,992 [main] DEBUG org.apache.ibatis.datasource.pooled.PooledDataSource  - Returned connection 297240765 to pool.
10:44:56,992 [main] DEBUG org.activiti.engine.impl.interceptor.LogInterceptor  - --- StartProcessInstanceCmd finished --------------------------------------------------------
10:44:56,992 [main] DEBUG org.activiti.engine.impl.interceptor.LogInterceptor  - 

10:44:56,992 [main] DEBUG org.activiti.engine.impl.interceptor.LogInterceptor  - 

10:44:56,992 [main] DEBUG org.activiti.engine.impl.interceptor.LogInterceptor  - --- starting StartProcessInstanceCmd --------------------------------------------------------
10:44:56,992 [main] DEBUG org.apache.ibatis.transaction.jdbc.JdbcTransaction  - Opening JDBC Connection
10:44:56,992 [main] DEBUG org.apache.ibatis.datasource.pooled.PooledDataSource  - Checked out connection 363509958 from pool.
10:44:56,992 [main] DEBUG org.apache.ibatis.transaction.jdbc.JdbcTransaction  - Setting autocommit to false on JDBC Connection [conn2: url=jdbc:h2:mem:activiti user=SA]
10:44:56,992 [main] DEBUG org.activiti.engine.impl.persistence.entity.ProcessDefinitionEntity.selectLatestProcessDefinitionByKey  - ==&gt;  Preparing: select * from ACT_RE_PROCDEF where KEY_ = ? and (TENANT_ID_ = &apos;&apos; or TENANT_ID_ is null) and VERSION_ = (select max(VERSION_) from ACT_RE_PROCDEF where KEY_ = ? and (TENANT_ID_ = &apos;&apos; or TENANT_ID_ is null)) 
10:44:56,992 [main] DEBUG org.activiti.engine.impl.persistence.entity.ProcessDefinitionEntity.selectLatestProcessDefinitionByKey  - ==&gt; Parameters: timerOnTask(String), timerOnTask(String)
10:44:56,992 [main] DEBUG org.activiti.engine.impl.persistence.entity.ProcessDefinitionEntity.selectLatestProcessDefinitionByKey  - &lt;==      Total: 1
10:44:56,992 [main] DEBUG org.activiti.engine.impl.persistence.entity.ExecutionEntity  - initializing ProcessInstance[1466]
10:44:56,992 [main] DEBUG org.activiti.engine.impl.history.DefaultHistoryManager  - Current history level: FULL, level required: ACTIVITY
10:44:56,992 [main] DEBUG org.activiti.engine.impl.pvm.runtime.AtomicOperationActivityExecute  - ProcessInstance[1466] executes Activity(theStart): org.activiti.engine.impl.bpmn.behavior.NoneStartEventActivityBehavior
10:44:56,992 [main] DEBUG org.activiti.engine.impl.persistence.entity.JobEntity.selectJobsByExecutionId  - ==&gt;  Preparing: select * from ACT_RU_JOB J where J.EXECUTION_ID_ = ? 
10:44:56,992 [main] DEBUG org.activiti.engine.impl.persistence.entity.JobEntity.selectJobsByExecutionId  - ==&gt; Parameters: 1466(String)
10:44:56,992 [main] DEBUG org.activiti.engine.impl.persistence.entity.JobEntity.selectJobsByExecutionId  - &lt;==      Total: 0
10:44:56,992 [main] DEBUG org.activiti.engine.impl.bpmn.behavior.BpmnActivityBehavior  - Leaving activity &apos;theStart&apos;
10:44:56,992 [main] DEBUG org.activiti.engine.impl.history.DefaultHistoryManager  - Current history level: FULL, level required: ACTIVITY
10:44:56,992 [main] DEBUG org.activiti.engine.impl.pvm.runtime.AtomicOperationTransitionNotifyListenerTake  - ProcessInstance[1466] takes transition (theStart)--flow1--&gt;(firstLineSupport)
10:44:56,992 [main] DEBUG org.activiti.engine.impl.persistence.entity.ExecutionEntity  - Child execution ScopeExecution[1468] created with parent 
10:44:56,992 [main] DEBUG org.activiti.engine.impl.pvm.runtime.AtomicOperationTransitionCreateScope  - create scope: parent ProcessInstance[1466] continues as execution ScopeExecution[1468]
10:44:56,992 [main] DEBUG org.activiti.engine.impl.persistence.entity.ExecutionEntity  - initializing ScopeExecution[1468]
10:44:56,993 [main] DEBUG org.activiti.engine.impl.persistence.entity.JobEntity.selectJobsByExecutionId  - ==&gt;  Preparing: select * from ACT_RU_JOB J where J.EXECUTION_ID_ = ? 
10:44:56,993 [main] DEBUG org.activiti.engine.impl.persistence.entity.JobEntity.selectJobsByExecutionId  - ==&gt; Parameters: 1468(String)
10:44:56,993 [main] DEBUG org.activiti.engine.impl.persistence.entity.JobEntity.selectJobsByExecutionId  - &lt;==      Total: 0
10:44:56,993 [main] DEBUG org.activiti.engine.impl.history.DefaultHistoryManager  - Current history level: FULL, level required: ACTIVITY
10:44:56,993 [main] DEBUG org.activiti.engine.impl.pvm.runtime.AtomicOperationActivityExecute  - ScopeExecution[1468] executes Activity(firstLineSupport): org.activiti.engine.impl.bpmn.behavior.UserTaskActivityBehavior
10:44:56,993 [main] DEBUG org.activiti.engine.impl.persistence.entity.TaskEntity.selectTasksByExecutionId  - ==&gt;  Preparing: select distinct T.* from ACT_RU_TASK T where T.EXECUTION_ID_ = ? 
10:44:56,993 [main] DEBUG org.activiti.engine.impl.persistence.entity.TaskEntity.selectTasksByExecutionId  - ==&gt; Parameters: 1468(String)
10:44:56,993 [main] DEBUG org.activiti.engine.impl.persistence.entity.TaskEntity.selectTasksByExecutionId  - &lt;==      Total: 0
10:44:56,993 [main] DEBUG org.activiti.engine.impl.history.DefaultHistoryManager  - Current history level: FULL, level required: AUDIT
10:44:56,993 [main] DEBUG org.activiti.engine.impl.history.DefaultHistoryManager  - Current history level: FULL, level required: AUDIT
10:44:56,993 [main] DEBUG org.activiti.engine.impl.interceptor.LogInterceptor  - 

10:44:56,993 [main] DEBUG org.activiti.engine.impl.interceptor.LogInterceptor  - --- starting  --------------------------------------------------------
10:44:56,993 [main] DEBUG org.activiti.engine.impl.interceptor.CommandContextInterceptor  - Valid context found. Reusing it for the current command &apos;null&apos;
10:44:56,993 [main] DEBUG org.activiti.engine.impl.persistence.entity.ProcessDefinitionInfoEntity.selectProcessDefinitionInfoByProcessDefinitionId  - ==&gt;  Preparing: select * from ACT_PROCDEF_INFO where PROC_DEF_ID_ = ? 
10:44:56,993 [main] DEBUG org.activiti.engine.impl.persistence.entity.ProcessDefinitionInfoEntity.selectProcessDefinitionInfoByProcessDefinitionId  - ==&gt; Parameters: timerOnTask:1:1459(String)
10:44:56,993 [main] DEBUG org.activiti.engine.impl.persistence.entity.ProcessDefinitionInfoEntity.selectProcessDefinitionInfoByProcessDefinitionId  - &lt;==      Total: 0
10:44:56,993 [main] DEBUG org.activiti.engine.impl.interceptor.LogInterceptor  - ---  finished --------------------------------------------------------
10:44:56,993 [main] DEBUG org.activiti.engine.impl.interceptor.LogInterceptor  - 

10:44:56,993 [main] DEBUG org.activiti.engine.impl.history.DefaultHistoryManager  - Current history level: FULL, level required: AUDIT
10:44:56,993 [main] DEBUG org.activiti.engine.impl.history.DefaultHistoryManager  - Current history level: FULL, level required: AUDIT
10:44:56,993 [main] DEBUG org.activiti.engine.impl.history.DefaultHistoryManager  - Current history level: FULL, level required: ACTIVITY
10:44:56,993 [main] DEBUG org.activiti.engine.impl.db.DbSqlSession  -   insert ProcessInstance[1466]
10:44:56,993 [main] DEBUG org.activiti.engine.impl.db.DbSqlSession  -   insert ScopeExecution[1468]
10:44:56,993 [main] DEBUG org.activiti.engine.impl.db.DbSqlSession  -   insert HistoricProcessInstanceEntity[superProcessInstanceId=null]
10:44:56,993 [main] DEBUG org.activiti.engine.impl.db.DbSqlSession  -   insert Task[id=1471, name=First line support]
10:44:56,993 [main] DEBUG org.activiti.engine.impl.db.DbSqlSession  -   insert HistoricTaskInstanceEntity[id=1471, name=First line support]
10:44:56,993 [main] DEBUG org.activiti.engine.impl.db.DbSqlSession  -   insert HistoricActivityInstanceEntity[activityId=theStart, activityName=null]
10:44:56,993 [main] DEBUG org.activiti.engine.impl.db.DbSqlSession  -   insert HistoricActivityInstanceEntity[activityId=firstLineSupport, activityName=First line support]
10:44:56,993 [main] DEBUG org.activiti.engine.impl.db.DbSqlSession  -   insert JobEntity [id=1469]
10:44:56,993 [main] DEBUG org.activiti.engine.impl.db.DbSqlSession  - flush summary: 8 insert, 0 update, 0 delete.
10:44:56,993 [main] DEBUG org.activiti.engine.impl.db.DbSqlSession  - now executing flush...
10:44:56,993 [main] DEBUG org.activiti.engine.impl.db.DbSqlSession  - inserting: HistoricTaskInstanceEntity[id=1471, name=First line support]
10:44:56,993 [main] DEBUG org.activiti.engine.impl.persistence.entity.HistoricTaskInstanceEntity.insertHistoricTaskInstance  - ==&gt;  Preparing: insert into ACT_HI_TASKINST ( ID_, PROC_DEF_ID_, PROC_INST_ID_, EXECUTION_ID_, NAME_, PARENT_TASK_ID_, DESCRIPTION_, OWNER_, ASSIGNEE_, START_TIME_, CLAIM_TIME_, END_TIME_, DURATION_, DELETE_REASON_, TASK_DEF_KEY_, FORM_KEY_, PRIORITY_, DUE_DATE_, CATEGORY_, TENANT_ID_ ) values ( ?, ?, ?, ?, ?, ?, ?, ?, ?, ?, ?, ?, ?, ?, ?, ?, ?, ?, ?, ? ) 
10:44:56,993 [main] DEBUG org.activiti.engine.impl.persistence.entity.HistoricTaskInstanceEntity.insertHistoricTaskInstance  - ==&gt; Parameters: 1471(String), timerOnTask:1:1459(String), 1466(String), 1468(String), First line support(String), null, null, null, null, 2023-03-20 11:44:56.0(Timestamp), null, null, null, null, firstLineSupport(String), null, 50(Integer), null, null, (String)
10:44:56,993 [main] DEBUG org.activiti.engine.impl.persistence.entity.HistoricTaskInstanceEntity.insertHistoricTaskInstance  - &lt;==    Updates: 1
10:44:56,993 [main] DEBUG org.activiti.engine.impl.db.DbSqlSession  - inserting: HistoricProcessInstanceEntity[superProcessInstanceId=null]
10:44:56,993 [main] DEBUG org.activiti.engine.impl.persistence.entity.HistoricProcessInstanceEntity.insertHistoricProcessInstance  - ==&gt;  Preparing: insert into ACT_HI_PROCINST ( ID_, PROC_INST_ID_, BUSINESS_KEY_, PROC_DEF_ID_, START_TIME_, END_TIME_, DURATION_, START_USER_ID_, START_ACT_ID_, END_ACT_ID_, SUPER_PROCESS_INSTANCE_ID_, DELETE_REASON_, TENANT_ID_, NAME_ ) values ( ?, ?, ?, ?, ?, ?, ?, ?, ?, ?, ?, ?, ?, ? ) 
10:44:56,993 [main] DEBUG org.activiti.engine.impl.persistence.entity.HistoricProcessInstanceEntity.insertHistoricProcessInstance  - ==&gt; Parameters: 1466(String), 1466(String), null, timerOnTask:1:1459(String), 2023-03-20 11:44:56.0(Timestamp), null, null, null, theStart(String), null, null, null, (String), null
10:44:56,993 [main] DEBUG org.activiti.engine.impl.persistence.entity.HistoricProcessInstanceEntity.insertHistoricProcessInstance  - &lt;==    Updates: 1
10:44:56,993 [main] DEBUG org.activiti.engine.impl.persistence.entity.HistoricActivityInstanceEntity.bulkInsertHistoricActivityInstance  - ==&gt;  Preparing: insert into ACT_HI_ACTINST ( ID_, PROC_DEF_ID_, PROC_INST_ID_, EXECUTION_ID_, ACT_ID_, TASK_ID_, CALL_PROC_INST_ID_, ACT_NAME_, ACT_TYPE_, ASSIGNEE_, START_TIME_, END_TIME_, DURATION_, TENANT_ID_ ) values (?, ?, ?, ?, ?, ?, ?, ?, ?, ?, ?, ?, ?, ?) , (?, ?, ?, ?, ?, ?, ?, ?, ?, ?, ?, ?, ?, ?) 
10:44:56,994 [main] DEBUG org.activiti.engine.impl.persistence.entity.HistoricActivityInstanceEntity.bulkInsertHistoricActivityInstance  - ==&gt; Parameters: 1467(String), timerOnTask:1:1459(String), 1466(String), 1466(String), theStart(String), null, null, null, startEvent(String), null, 2023-03-20 11:44:56.0(Timestamp), 2023-03-20 11:44:56.0(Timestamp), 0(Long), (String), 1470(String), timerOnTask:1:1459(String), 1466(String), 1468(String), firstLineSupport(String), 1471(String), null, First line support(String), userTask(String), null, 2023-03-20 11:44:56.0(Timestamp), null, null, (String)
10:44:56,994 [main] DEBUG org.activiti.engine.impl.persistence.entity.HistoricActivityInstanceEntity.bulkInsertHistoricActivityInstance  - &lt;==    Updates: 2
10:44:56,994 [main] DEBUG org.activiti.engine.impl.persistence.entity.ExecutionEntity.bulkInsertExecution  - ==&gt;  Preparing: insert into ACT_RU_EXECUTION (ID_, REV_, PROC_INST_ID_, BUSINESS_KEY_, PROC_DEF_ID_, ACT_ID_, IS_ACTIVE_, IS_CONCURRENT_, IS_SCOPE_,IS_EVENT_SCOPE_, PARENT_ID_, SUPER_EXEC_, SUSPENSION_STATE_, CACHED_ENT_STATE_, TENANT_ID_, NAME_) values (?, 1, ?, ?, ?, ?, ?, ?, ?, ?, ?, ?, ?, ?, ?, ?) , (?, 1, ?, ?, ?, ?, ?, ?, ?, ?, ?, ?, ?, ?, ?, ?) 
10:44:56,994 [main] DEBUG org.activiti.engine.impl.persistence.entity.ExecutionEntity.bulkInsertExecution  - ==&gt; Parameters: 1466(String), 1466(String), null, timerOnTask:1:1459(String), null, false(Boolean), false(Boolean), true(Boolean), false(Boolean), null, null, 1(Integer), 2(Integer), (String), null, 1468(String), 1466(String), null, timerOnTask:1:1459(String), firstLineSupport(String), true(Boolean), false(Boolean), true(Boolean), false(Boolean), 1466(String), null, 1(Integer), 6(Integer), (String), null
10:44:56,994 [main] DEBUG org.activiti.engine.impl.persistence.entity.ExecutionEntity.bulkInsertExecution  - &lt;==    Updates: 2
10:44:56,994 [main] DEBUG org.activiti.engine.impl.db.DbSqlSession  - inserting: Task[id=1471, name=First line support]
10:44:56,994 [main] DEBUG org.activiti.engine.impl.persistence.entity.TaskEntity.insertTask  - ==&gt;  Preparing: insert into ACT_RU_TASK (ID_, REV_, NAME_, PARENT_TASK_ID_, DESCRIPTION_, PRIORITY_, CREATE_TIME_, OWNER_, ASSIGNEE_, DELEGATION_, EXECUTION_ID_, PROC_INST_ID_, PROC_DEF_ID_, TASK_DEF_KEY_, DUE_DATE_, CATEGORY_, SUSPENSION_STATE_, TENANT_ID_, FORM_KEY_) values (?, 1, ?, ?, ?, ?, ?, ?, ?, ?, ?, ?, ?, ?, ?, ?, ?, ?, ? ) 
10:44:56,994 [main] DEBUG org.activiti.engine.impl.persistence.entity.TaskEntity.insertTask  - ==&gt; Parameters: 1471(String), First line support(String), null, null, 50(Integer), 2023-03-20 11:44:56.0(Timestamp), null, null, null, 1468(String), 1466(String), timerOnTask:1:1459(String), firstLineSupport(String), null, null, 1(Integer), (String), null
10:44:56,994 [main] DEBUG org.activiti.engine.impl.persistence.entity.TaskEntity.insertTask  - &lt;==    Updates: 1
10:44:56,994 [main] DEBUG org.activiti.engine.impl.db.DbSqlSession  - inserting: JobEntity [id=1469]
10:44:56,994 [main] DEBUG org.activiti.engine.impl.persistence.entity.JobEntity.insertTimer  - ==&gt;  Preparing: insert into ACT_RU_JOB ( ID_, REV_, TYPE_, LOCK_OWNER_, LOCK_EXP_TIME_, EXCLUSIVE_, EXECUTION_ID_, PROCESS_INSTANCE_ID_, PROC_DEF_ID_, RETRIES_, EXCEPTION_STACK_ID_, EXCEPTION_MSG_, DUEDATE_, REPEAT_, HANDLER_TYPE_, HANDLER_CFG_, TENANT_ID_) values (?, 1, &apos;timer&apos;, ?, ?, ?, ?, ?, ?, ?, ?, ?, ?, ?, ?, ?, ? ) 
10:44:56,994 [main] DEBUG org.activiti.engine.impl.persistence.entity.JobEntity.insertTimer  - ==&gt; Parameters: 1469(String), null, null, true(Boolean), 1468(String), 1466(String), timerOnTask:1:1459(String), 3(Integer), null, null, 2023-03-20 12:44:56.0(Timestamp), null, timer-transition(String), {&quot;activityId&quot;:&quot;escalationTimer&quot;}(String), (String)
10:44:56,994 [main] DEBUG org.activiti.engine.impl.persistence.entity.JobEntity.insertTimer  - &lt;==    Updates: 1
10:44:56,994 [main] DEBUG org.activiti.engine.impl.cfg.standalone.StandaloneMybatisTransactionContext  - firing event committing...
10:44:56,994 [main] DEBUG org.activiti.engine.impl.cfg.standalone.StandaloneMybatisTransactionContext  - committing the ibatis sql session...
10:44:56,994 [main] DEBUG org.apache.ibatis.transaction.jdbc.JdbcTransaction  - Committing JDBC Connection [conn2: url=jdbc:h2:mem:activiti user=SA]
10:44:56,994 [main] DEBUG org.activiti.engine.impl.cfg.standalone.StandaloneMybatisTransactionContext  - firing event committed...
10:44:56,994 [main] DEBUG org.apache.ibatis.transaction.jdbc.JdbcTransaction  - Resetting autocommit to true on JDBC Connection [conn2: url=jdbc:h2:mem:activiti user=SA]
10:44:56,994 [main] DEBUG org.apache.ibatis.transaction.jdbc.JdbcTransaction  - Closing JDBC Connection [conn2: url=jdbc:h2:mem:activiti user=SA]
10:44:56,994 [main] DEBUG org.apache.ibatis.datasource.pooled.PooledDataSource  - Returned connection 363509958 to pool.
10:44:56,994 [main] DEBUG org.activiti.engine.impl.interceptor.LogInterceptor  - --- StartProcessInstanceCmd finished --------------------------------------------------------
10:44:56,994 [main] DEBUG org.activiti.engine.impl.interceptor.LogInterceptor  - 

10:44:56,994 [main] DEBUG org.activiti.engine.impl.interceptor.LogInterceptor  - 

10:44:56,994 [main] DEBUG org.activiti.engine.impl.interceptor.LogInterceptor  - --- starting StartProcessInstanceCmd --------------------------------------------------------
10:44:56,994 [main] DEBUG org.apache.ibatis.transaction.jdbc.JdbcTransaction  - Opening JDBC Connection
10:44:56,994 [main] DEBUG org.apache.ibatis.datasource.pooled.PooledDataSource  - Checked out connection 180014677 from pool.
10:44:56,994 [main] DEBUG org.apache.ibatis.transaction.jdbc.JdbcTransaction  - Setting autocommit to false on JDBC Connection [conn3: url=jdbc:h2:mem:activiti user=SA]
10:44:56,994 [main] DEBUG org.activiti.engine.impl.persistence.entity.ProcessDefinitionEntity.selectLatestProcessDefinitionByKey  - ==&gt;  Preparing: select * from ACT_RE_PROCDEF where KEY_ = ? and (TENANT_ID_ = &apos;&apos; or TENANT_ID_ is null) and VERSION_ = (select max(VERSION_) from ACT_RE_PROCDEF where KEY_ = ? and (TENANT_ID_ = &apos;&apos; or TENANT_ID_ is null)) 
10:44:56,994 [main] DEBUG org.activiti.engine.impl.persistence.entity.ProcessDefinitionEntity.selectLatestProcessDefinitionByKey  - ==&gt; Parameters: timerOnTask(String), timerOnTask(String)
10:44:56,994 [main] DEBUG org.activiti.engine.impl.persistence.entity.ProcessDefinitionEntity.selectLatestProcessDefinitionByKey  - &lt;==      Total: 1
10:44:56,994 [main] DEBUG org.activiti.engine.impl.persistence.entity.ExecutionEntity  - initializing ProcessInstance[1472]
10:44:56,994 [main] DEBUG org.activiti.engine.impl.history.DefaultHistoryManager  - Current history level: FULL, level required: ACTIVITY
10:44:56,994 [main] DEBUG org.activiti.engine.impl.pvm.runtime.AtomicOperationActivityExecute  - ProcessInstance[1472] executes Activity(theStart): org.activiti.engine.impl.bpmn.behavior.NoneStartEventActivityBehavior
10:44:56,994 [main] DEBUG org.activiti.engine.impl.persistence.entity.JobEntity.selectJobsByExecutionId  - ==&gt;  Preparing: select * from ACT_RU_JOB J where J.EXECUTION_ID_ = ? 
10:44:56,995 [main] DEBUG org.activiti.engine.impl.persistence.entity.JobEntity.selectJobsByExecutionId  - ==&gt; Parameters: 1472(String)
10:44:56,995 [main] DEBUG org.activiti.engine.impl.persistence.entity.JobEntity.selectJobsByExecutionId  - &lt;==      Total: 0
10:44:56,995 [main] DEBUG org.activiti.engine.impl.bpmn.behavior.BpmnActivityBehavior  - Leaving activity &apos;theStart&apos;
10:44:56,995 [main] DEBUG org.activiti.engine.impl.history.DefaultHistoryManager  - Current history level: FULL, level required: ACTIVITY
10:44:56,995 [main] DEBUG org.activiti.engine.impl.pvm.runtime.AtomicOperationTransitionNotifyListenerTake  - ProcessInstance[1472] takes transition (theStart)--flow1--&gt;(firstLineSupport)
10:44:56,995 [main] DEBUG org.activiti.engine.impl.persistence.entity.ExecutionEntity  - Child execution ScopeExecution[1474] created with parent 
10:44:56,995 [main] DEBUG org.activiti.engine.impl.pvm.runtime.AtomicOperationTransitionCreateScope  - create scope: parent ProcessInstance[1472] continues as execution ScopeExecution[1474]
10:44:56,995 [main] DEBUG org.activiti.engine.impl.persistence.entity.ExecutionEntity  - initializing ScopeExecution[1474]
10:44:56,995 [main] DEBUG org.activiti.engine.impl.persistence.entity.JobEntity.selectJobsByExecutionId  - ==&gt;  Preparing: select * from ACT_RU_JOB J where J.EXECUTION_ID_ = ? 
10:44:56,995 [main] DEBUG org.activiti.engine.impl.persistence.entity.JobEntity.selectJobsByExecutionId  - ==&gt; Parameters: 1474(String)
10:44:56,995 [main] DEBUG org.activiti.engine.impl.persistence.entity.JobEntity.selectJobsByExecutionId  - &lt;==      Total: 0
10:44:56,995 [main] DEBUG org.activiti.engine.impl.history.DefaultHistoryManager  - Current history level: FULL, level required: ACTIVITY
10:44:56,996 [main] DEBUG org.activiti.engine.impl.pvm.runtime.AtomicOperationActivityExecute  - ScopeExecution[1474] executes Activity(firstLineSupport): org.activiti.engine.impl.bpmn.behavior.UserTaskActivityBehavior
10:44:56,996 [main] DEBUG org.activiti.engine.impl.persistence.entity.TaskEntity.selectTasksByExecutionId  - ==&gt;  Preparing: select distinct T.* from ACT_RU_TASK T where T.EXECUTION_ID_ = ? 
10:44:56,996 [main] DEBUG org.activiti.engine.impl.persistence.entity.TaskEntity.selectTasksByExecutionId  - ==&gt; Parameters: 1474(String)
10:44:56,996 [main] DEBUG org.activiti.engine.impl.persistence.entity.TaskEntity.selectTasksByExecutionId  - &lt;==      Total: 0
10:44:56,996 [main] DEBUG org.activiti.engine.impl.history.DefaultHistoryManager  - Current history level: FULL, level required: AUDIT
10:44:56,996 [main] DEBUG org.activiti.engine.impl.history.DefaultHistoryManager  - Current history level: FULL, level required: AUDIT
10:44:56,996 [main] DEBUG org.activiti.engine.impl.interceptor.LogInterceptor  - 

10:44:56,996 [main] DEBUG org.activiti.engine.impl.interceptor.LogInterceptor  - --- starting  --------------------------------------------------------
10:44:56,996 [main] DEBUG org.activiti.engine.impl.interceptor.CommandContextInterceptor  - Valid context found. Reusing it for the current command &apos;null&apos;
10:44:56,996 [main] DEBUG org.activiti.engine.impl.persistence.entity.ProcessDefinitionInfoEntity.selectProcessDefinitionInfoByProcessDefinitionId  - ==&gt;  Preparing: select * from ACT_PROCDEF_INFO where PROC_DEF_ID_ = ? 
10:44:56,996 [main] DEBUG org.activiti.engine.impl.persistence.entity.ProcessDefinitionInfoEntity.selectProcessDefinitionInfoByProcessDefinitionId  - ==&gt; Parameters: timerOnTask:1:1459(String)
10:44:56,996 [main] DEBUG org.activiti.engine.impl.persistence.entity.ProcessDefinitionInfoEntity.selectProcessDefinitionInfoByProcessDefinitionId  - &lt;==      Total: 0
10:44:56,996 [main] DEBUG org.activiti.engine.impl.interceptor.LogInterceptor  - ---  finished --------------------------------------------------------
10:44:56,996 [main] DEBUG org.activiti.engine.impl.interceptor.LogInterceptor  - 

10:44:56,996 [main] DEBUG org.activiti.engine.impl.history.DefaultHistoryManager  - Current history level: FULL, level required: AUDIT
10:44:56,996 [main] DEBUG org.activiti.engine.impl.history.DefaultHistoryManager  - Current history level: FULL, level required: AUDIT
10:44:56,996 [main] DEBUG org.activiti.engine.impl.history.DefaultHistoryManager  - Current history level: FULL, level required: ACTIVITY
10:44:56,996 [main] DEBUG org.activiti.engine.impl.db.DbSqlSession  -   insert ProcessInstance[1472]
10:44:56,996 [main] DEBUG org.activiti.engine.impl.db.DbSqlSession  -   insert ScopeExecution[1474]
10:44:56,996 [main] DEBUG org.activiti.engine.impl.db.DbSqlSession  -   insert HistoricProcessInstanceEntity[superProcessInstanceId=null]
10:44:56,996 [main] DEBUG org.activiti.engine.impl.db.DbSqlSession  -   insert Task[id=1477, name=First line support]
10:44:56,996 [main] DEBUG org.activiti.engine.impl.db.DbSqlSession  -   insert HistoricTaskInstanceEntity[id=1477, name=First line support]
10:44:56,996 [main] DEBUG org.activiti.engine.impl.db.DbSqlSession  -   insert HistoricActivityInstanceEntity[activityId=theStart, activityName=null]
10:44:56,996 [main] DEBUG org.activiti.engine.impl.db.DbSqlSession  -   insert HistoricActivityInstanceEntity[activityId=firstLineSupport, activityName=First line support]
10:44:56,996 [main] DEBUG org.activiti.engine.impl.db.DbSqlSession  -   insert JobEntity [id=1475]
10:44:56,996 [main] DEBUG org.activiti.engine.impl.db.DbSqlSession  - flush summary: 8 insert, 0 update, 0 delete.
10:44:56,996 [main] DEBUG org.activiti.engine.impl.db.DbSqlSession  - now executing flush...
10:44:56,996 [main] DEBUG org.activiti.engine.impl.db.DbSqlSession  - inserting: HistoricTaskInstanceEntity[id=1477, name=First line support]
10:44:56,996 [main] DEBUG org.activiti.engine.impl.persistence.entity.HistoricTaskInstanceEntity.insertHistoricTaskInstance  - ==&gt;  Preparing: insert into ACT_HI_TASKINST ( ID_, PROC_DEF_ID_, PROC_INST_ID_, EXECUTION_ID_, NAME_, PARENT_TASK_ID_, DESCRIPTION_, OWNER_, ASSIGNEE_, START_TIME_, CLAIM_TIME_, END_TIME_, DURATION_, DELETE_REASON_, TASK_DEF_KEY_, FORM_KEY_, PRIORITY_, DUE_DATE_, CATEGORY_, TENANT_ID_ ) values ( ?, ?, ?, ?, ?, ?, ?, ?, ?, ?, ?, ?, ?, ?, ?, ?, ?, ?, ?, ? ) 
10:44:56,996 [main] DEBUG org.activiti.engine.impl.persistence.entity.HistoricTaskInstanceEntity.insertHistoricTaskInstance  - ==&gt; Parameters: 1477(String), timerOnTask:1:1459(String), 1472(String), 1474(String), First line support(String), null, null, null, null, 2023-03-20 12:44:56.0(Timestamp), null, null, null, null, firstLineSupport(String), null, 50(Integer), null, null, (String)
10:44:56,996 [main] DEBUG org.activiti.engine.impl.persistence.entity.HistoricTaskInstanceEntity.insertHistoricTaskInstance  - &lt;==    Updates: 1
10:44:56,996 [main] DEBUG org.activiti.engine.impl.db.DbSqlSession  - inserting: HistoricProcessInstanceEntity[superProcessInstanceId=null]
10:44:56,996 [main] DEBUG org.activiti.engine.impl.persistence.entity.HistoricProcessInstanceEntity.insertHistoricProcessInstance  - ==&gt;  Preparing: insert into ACT_HI_PROCINST ( ID_, PROC_INST_ID_, BUSINESS_KEY_, PROC_DEF_ID_, START_TIME_, END_TIME_, DURATION_, START_USER_ID_, START_ACT_ID_, END_ACT_ID_, SUPER_PROCESS_INSTANCE_ID_, DELETE_REASON_, TENANT_ID_, NAME_ ) values ( ?, ?, ?, ?, ?, ?, ?, ?, ?, ?, ?, ?, ?, ? ) 
10:44:56,996 [main] DEBUG org.activiti.engine.impl.persistence.entity.HistoricProcessInstanceEntity.insertHistoricProcessInstance  - ==&gt; Parameters: 1472(String), 1472(String), null, timerOnTask:1:1459(String), 2023-03-20 12:44:56.0(Timestamp), null, null, null, theStart(String), null, null, null, (String), null
10:44:56,996 [main] DEBUG org.activiti.engine.impl.persistence.entity.HistoricProcessInstanceEntity.insertHistoricProcessInstance  - &lt;==    Updates: 1
10:44:56,996 [main] DEBUG org.activiti.engine.impl.persistence.entity.HistoricActivityInstanceEntity.bulkInsertHistoricActivityInstance  - ==&gt;  Preparing: insert into ACT_HI_ACTINST ( ID_, PROC_DEF_ID_, PROC_INST_ID_, EXECUTION_ID_, ACT_ID_, TASK_ID_, CALL_PROC_INST_ID_, ACT_NAME_, ACT_TYPE_, ASSIGNEE_, START_TIME_, END_TIME_, DURATION_, TENANT_ID_ ) values (?, ?, ?, ?, ?, ?, ?, ?, ?, ?, ?, ?, ?, ?) , (?, ?, ?, ?, ?, ?, ?, ?, ?, ?, ?, ?, ?, ?) 
10:44:56,996 [main] DEBUG org.activiti.engine.impl.persistence.entity.HistoricActivityInstanceEntity.bulkInsertHistoricActivityInstance  - ==&gt; Parameters: 1473(String), timerOnTask:1:1459(String), 1472(String), 1472(String), theStart(String), null, null, null, startEvent(String), null, 2023-03-20 12:44:56.0(Timestamp), 2023-03-20 12:44:56.0(Timestamp), 0(Long), (String), 1476(String), timerOnTask:1:1459(String), 1472(String), 1474(String), firstLineSupport(String), 1477(String), null, First line support(String), userTask(String), null, 2023-03-20 12:44:56.0(Timestamp), null, null, (String)
10:44:56,996 [main] DEBUG org.activiti.engine.impl.persistence.entity.HistoricActivityInstanceEntity.bulkInsertHistoricActivityInstance  - &lt;==    Updates: 2
10:44:56,997 [main] DEBUG org.activiti.engine.impl.persistence.entity.ExecutionEntity.bulkInsertExecution  - ==&gt;  Preparing: insert into ACT_RU_EXECUTION (ID_, REV_, PROC_INST_ID_, BUSINESS_KEY_, PROC_DEF_ID_, ACT_ID_, IS_ACTIVE_, IS_CONCURRENT_, IS_SCOPE_,IS_EVENT_SCOPE_, PARENT_ID_, SUPER_EXEC_, SUSPENSION_STATE_, CACHED_ENT_STATE_, TENANT_ID_, NAME_) values (?, 1, ?, ?, ?, ?, ?, ?, ?, ?, ?, ?, ?, ?, ?, ?) , (?, 1, ?, ?, ?, ?, ?, ?, ?, ?, ?, ?, ?, ?, ?, ?) 
10:44:56,997 [main] DEBUG org.activiti.engine.impl.persistence.entity.ExecutionEntity.bulkInsertExecution  - ==&gt; Parameters: 1472(String), 1472(String), null, timerOnTask:1:1459(String), null, false(Boolean), false(Boolean), true(Boolean), false(Boolean), null, null, 1(Integer), 2(Integer), (String), null, 1474(String), 1472(String), null, timerOnTask:1:1459(String), firstLineSupport(String), true(Boolean), false(Boolean), true(Boolean), false(Boolean), 1472(String), null, 1(Integer), 6(Integer), (String), null
10:44:56,997 [main] DEBUG org.activiti.engine.impl.persistence.entity.ExecutionEntity.bulkInsertExecution  - &lt;==    Updates: 2
10:44:56,997 [main] DEBUG org.activiti.engine.impl.db.DbSqlSession  - inserting: Task[id=1477, name=First line support]
10:44:56,997 [main] DEBUG org.activiti.engine.impl.persistence.entity.TaskEntity.insertTask  - ==&gt;  Preparing: insert into ACT_RU_TASK (ID_, REV_, NAME_, PARENT_TASK_ID_, DESCRIPTION_, PRIORITY_, CREATE_TIME_, OWNER_, ASSIGNEE_, DELEGATION_, EXECUTION_ID_, PROC_INST_ID_, PROC_DEF_ID_, TASK_DEF_KEY_, DUE_DATE_, CATEGORY_, SUSPENSION_STATE_, TENANT_ID_, FORM_KEY_) values (?, 1, ?, ?, ?, ?, ?, ?, ?, ?, ?, ?, ?, ?, ?, ?, ?, ?, ? ) 
10:44:56,997 [main] DEBUG org.activiti.engine.impl.persistence.entity.TaskEntity.insertTask  - ==&gt; Parameters: 1477(String), First line support(String), null, null, 50(Integer), 2023-03-20 12:44:56.0(Timestamp), null, null, null, 1474(String), 1472(String), timerOnTask:1:1459(String), firstLineSupport(String), null, null, 1(Integer), (String), null
10:44:56,997 [main] DEBUG org.activiti.engine.impl.persistence.entity.TaskEntity.insertTask  - &lt;==    Updates: 1
10:44:56,997 [main] DEBUG org.activiti.engine.impl.db.DbSqlSession  - inserting: JobEntity [id=1475]
10:44:56,997 [main] DEBUG org.activiti.engine.impl.persistence.entity.JobEntity.insertTimer  - ==&gt;  Preparing: insert into ACT_RU_JOB ( ID_, REV_, TYPE_, LOCK_OWNER_, LOCK_EXP_TIME_, EXCLUSIVE_, EXECUTION_ID_, PROCESS_INSTANCE_ID_, PROC_DEF_ID_, RETRIES_, EXCEPTION_STACK_ID_, EXCEPTION_MSG_, DUEDATE_, REPEAT_, HANDLER_TYPE_, HANDLER_CFG_, TENANT_ID_) values (?, 1, &apos;timer&apos;, ?, ?, ?, ?, ?, ?, ?, ?, ?, ?, ?, ?, ?, ? ) 
10:44:56,997 [main] DEBUG org.activiti.engine.impl.persistence.entity.JobEntity.insertTimer  - ==&gt; Parameters: 1475(String), null, null, true(Boolean), 1474(String), 1472(String), timerOnTask:1:1459(String), 3(Integer), null, null, 2023-03-20 13:44:56.0(Timestamp), null, timer-transition(String), {&quot;activityId&quot;:&quot;escalationTimer&quot;}(String), (String)
10:44:56,997 [main] DEBUG org.activiti.engine.impl.persistence.entity.JobEntity.insertTimer  - &lt;==    Updates: 1
10:44:56,997 [main] DEBUG org.activiti.engine.impl.cfg.standalone.StandaloneMybatisTransactionContext  - firing event committing...
10:44:56,997 [main] DEBUG org.activiti.engine.impl.cfg.standalone.StandaloneMybatisTransactionContext  - committing the ibatis sql session...
10:44:56,997 [main] DEBUG org.apache.ibatis.transaction.jdbc.JdbcTransaction  - Committing JDBC Connection [conn3: url=jdbc:h2:mem:activiti user=SA]
10:44:56,997 [main] DEBUG org.activiti.engine.impl.cfg.standalone.StandaloneMybatisTransactionContext  - firing event committed...
10:44:56,997 [main] DEBUG org.apache.ibatis.transaction.jdbc.JdbcTransaction  - Resetting autocommit to true on JDBC Connection [conn3: url=jdbc:h2:mem:activiti user=SA]
10:44:56,997 [main] DEBUG org.apache.ibatis.transaction.jdbc.JdbcTransaction  - Closing JDBC Connection [conn3: url=jdbc:h2:mem:activiti user=SA]
10:44:56,997 [main] DEBUG org.apache.ibatis.datasource.pooled.PooledDataSource  - Returned connection 180014677 to pool.
10:44:56,997 [main] DEBUG org.activiti.engine.impl.interceptor.LogInterceptor  - --- StartProcessInstanceCmd finished --------------------------------------------------------
10:44:56,997 [main] DEBUG org.activiti.engine.impl.interceptor.LogInterceptor  - 

10:44:56,997 [main] DEBUG org.activiti.engine.impl.interceptor.LogInterceptor  - 

10:44:56,997 [main] DEBUG org.activiti.engine.impl.interceptor.LogInterceptor  - --- starting  --------------------------------------------------------
10:44:56,997 [main] DEBUG org.activiti.engine.impl.db.DbSqlSession  -   insert JobEntity [id=1478]
10:44:56,997 [main] DEBUG org.activiti.engine.impl.db.DbSqlSession  - flush summary: 1 insert, 0 update, 0 delete.
10:44:56,997 [main] DEBUG org.activiti.engine.impl.db.DbSqlSession  - now executing flush...
10:44:56,997 [main] DEBUG org.activiti.engine.impl.db.DbSqlSession  - inserting: JobEntity [id=1478]
10:44:56,997 [main] DEBUG org.apache.ibatis.transaction.jdbc.JdbcTransaction  - Opening JDBC Connection
10:44:56,997 [main] DEBUG org.apache.ibatis.datasource.pooled.PooledDataSource  - Checked out connection 297240765 from pool.
10:44:56,997 [main] DEBUG org.apache.ibatis.transaction.jdbc.JdbcTransaction  - Setting autocommit to false on JDBC Connection [conn4: url=jdbc:h2:mem:activiti user=SA]
10:44:56,997 [main] DEBUG org.activiti.engine.impl.persistence.entity.JobEntity.insertMessage  - ==&gt;  Preparing: insert into ACT_RU_JOB ( ID_, REV_, TYPE_, LOCK_OWNER_, LOCK_EXP_TIME_, EXCLUSIVE_, EXECUTION_ID_, PROCESS_INSTANCE_ID_, PROC_DEF_ID_, DUEDATE_, RETRIES_, EXCEPTION_STACK_ID_, EXCEPTION_MSG_, HANDLER_TYPE_, HANDLER_CFG_, TENANT_ID_) values (?, 1, &apos;message&apos;, ?, ?, ?, ?, ?, ?, ?, ?, ?, ?, ?, ?, ? ) 
10:44:56,997 [main] DEBUG org.activiti.engine.impl.persistence.entity.JobEntity.insertMessage  - ==&gt; Parameters: 1478(String), null, null, true(Boolean), null, null, null, 2023-03-20 12:49:56.0(Timestamp), 3(Integer), null, null, null, null, (String)
10:44:56,997 [main] DEBUG org.activiti.engine.impl.persistence.entity.JobEntity.insertMessage  - &lt;==    Updates: 1
10:44:56,997 [main] DEBUG org.activiti.engine.impl.cfg.standalone.StandaloneMybatisTransactionContext  - firing event committing...
10:44:56,997 [main] DEBUG org.activiti.engine.impl.cfg.standalone.StandaloneMybatisTransactionContext  - committing the ibatis sql session...
10:44:56,997 [main] DEBUG org.apache.ibatis.transaction.jdbc.JdbcTransaction  - Committing JDBC Connection [conn4: url=jdbc:h2:mem:activiti user=SA]
10:44:56,997 [main] DEBUG org.activiti.engine.impl.cfg.standalone.StandaloneMybatisTransactionContext  - firing event committed...
10:44:56,997 [main] DEBUG org.activiti.engine.impl.jobexecutor.AsyncJobAddedNotification  - notifying job executor of new job
10:44:56,997 [main] DEBUG org.apache.ibatis.transaction.jdbc.JdbcTransaction  - Resetting autocommit to true on JDBC Connection [conn4: url=jdbc:h2:mem:activiti user=SA]
10:44:56,997 [main] DEBUG org.apache.ibatis.transaction.jdbc.JdbcTransaction  - Closing JDBC Connection [conn4: url=jdbc:h2:mem:activiti user=SA]
10:44:56,997 [main] DEBUG org.apache.ibatis.datasource.pooled.PooledDataSource  - Returned connection 297240765 to pool.
10:44:56,997 [main] DEBUG org.activiti.engine.impl.interceptor.LogInterceptor  - ---  finished --------------------------------------------------------
10:44:56,997 [main] DEBUG org.activiti.engine.impl.interceptor.LogInterceptor  - 

10:44:56,997 [main] DEBUG org.activiti.engine.impl.test.PvmTestCase  - 

10:44:56,997 [main] DEBUG org.activiti.engine.impl.test.PvmTestCase  - #### START JobQueryTest.testQueryByDuedateLowerThan ###########################################################
10:44:56,997 [main] DEBUG org.activiti.engine.impl.interceptor.LogInterceptor  - 

10:44:56,997 [main] DEBUG org.activiti.engine.impl.interceptor.LogInterceptor  - --- starting JobQueryImpl --------------------------------------------------------
10:44:56,997 [main] DEBUG org.apache.ibatis.transaction.jdbc.JdbcTransaction  - Opening JDBC Connection
10:44:56,998 [main] DEBUG org.apache.ibatis.datasource.pooled.PooledDataSource  - Checked out connection 363509958 from pool.
10:44:56,998 [main] DEBUG org.apache.ibatis.transaction.jdbc.JdbcTransaction  - Setting autocommit to false on JDBC Connection [conn2: url=jdbc:h2:mem:activiti user=SA]
10:44:56,998 [main] DEBUG org.activiti.engine.impl.persistence.entity.JobEntity.selectJobByQueryCriteria  - ==&gt;  Preparing: select RES.* from ACT_RU_JOB RES WHERE RES.DUEDATE_ &lt; ? order by order by RES.ID_ asc LIMIT ? OFFSET ? 
10:44:56,998 [main] DEBUG org.activiti.engine.impl.interceptor.CommandContext  - Error while closing command context
org.apache.ibatis.exceptions.PersistenceException: 
### Error querying database.  Cause: org.h2.jdbc.JdbcSQLException: Syntax error in SQL statement &quot;SELECT RES.* 
     
    FROM ACT_RU_JOB RES
     
     WHERE  RES.DUEDATE_ &lt; ? 
   
     ORDER BY  ORDER[*] BY RES.ID_ ASC  
    LIMIT ? OFFSET ? &quot;; expected &quot;=, NOT, EXISTS, INTERSECTS, SELECT, FROM&quot;; SQL statement:
select RES.* 
     
    from ACT_RU_JOB RES
     
     WHERE  RES.DUEDATE_ &lt; ? 
   
     order by  order by RES.ID_ asc  
    LIMIT ? OFFSET ? [42001-176]
### The error may exist in org/activiti/db/mapping/entity/Job.xml
### The error may involve org.activiti.engine.impl.persistence.entity.JobEntity.selectJobByQueryCriteria
### The error occurred while executing a query
### SQL: select RES.*            from ACT_RU_JOB RES            WHERE  RES.DUEDATE_ &lt; ?           order by  order by RES.ID_ asc       LIMIT ? OFFSET ?
### Cause: org.h2.jdbc.JdbcSQLException: Syntax error in SQL statement &quot;SELECT RES.* 
     
    FROM ACT_RU_JOB RES
     
     WHERE  RES.DUEDATE_ &lt; ? 
   
     ORDER BY  ORDER[*] BY RES.ID_ ASC  
    LIMIT ? OFFSET ? &quot;; expected &quot;=, NOT, EXISTS, INTERSECTS, SELECT, FROM&quot;; SQL statement:
select RES.* 
     
    from ACT_RU_JOB RES
     
     WHERE  RES.DUEDATE_ &lt; ? 
   
     order by  order by RES.ID_ asc  
    LIMIT ? OFFSET ? [42001-176]
	at org.apache.ibatis.exceptions.ExceptionFactory.wrapException(ExceptionFactory.java:30)
	at org.apache.ibatis.session.defaults.DefaultSqlSession.selectList(DefaultSqlSession.java:122)
	at org.apache.ibatis.session.defaults.DefaultSqlSession.selectList(DefaultSqlSession.java:113)
	at org.activiti.engine.impl.db.DbSqlSession.selectListWithRawParameter(DbSqlSession.java:438)
	at org.activiti.engine.impl.db.DbSqlSession.selectList(DbSqlSession.java:429)
	at org.activiti.engine.impl.db.DbSqlSession.selectList(DbSqlSession.java:419)
	at org.activiti.engine.impl.persistence.entity.JobEntityManager.findJobsByQueryCriteria(JobEntityManager.java:198)
	at org.activiti.engine.impl.JobQueryImpl.executeList(JobQueryImpl.java:243)
	at org.activiti.engine.impl.AbstractQuery.execute(AbstractQuery.java:164)
	at org.activiti.engine.impl.interceptor.CommandInvoker.execute(CommandInvoker.java:24)
	at org.activiti.engine.impl.interceptor.CommandContextInterceptor.execute(CommandContextInterceptor.java:57)
	at org.activiti.engine.impl.interceptor.LogInterceptor.execute(LogInterceptor.java:37)
	at org.activiti.engine.impl.cfg.CommandExecutorImpl.execute(CommandExecutorImpl.java:40)
	at org.activiti.engine.impl.cfg.CommandExecutorImpl.execute(CommandExecutorImpl.java:35)
	at org.activiti.engine.impl.AbstractQuery.list(AbstractQuery.java:138)
	at org.activiti.engine.test.api.mgmt.JobQueryTest.verifyQueryResults(JobQueryTest.java:400)
	at org.activiti.engine.test.api.mgmt.JobQueryTest.testQueryByDuedateLowerThan(JobQueryTest.java:202)
	at sun.reflect.NativeMethodAccessorImpl.invoke0(Native Method)
	at sun.reflect.NativeMethodAccessorImpl.invoke(NativeMethodAccessorImpl.java:62)
	at sun.reflect.DelegatingMethodAccessorImpl.invoke(DelegatingMethodAccessorImpl.java:43)
	at java.lang.reflect.Method.invoke(Method.java:498)
	at junit.framework.TestCase.runTest(TestCase.java:176)
	at org.activiti.engine.impl.test.PvmTestCase.runTest(PvmTestCase.java:65)
	at junit.framework.TestCase.runBare(TestCase.java:141)
	at org.activiti.engine.impl.test.AbstractActivitiTestCase.runBare(AbstractActivitiTestCase.java:100)
	at junit.framework.TestResult$1.protect(TestResult.java:122)
	at junit.framework.TestResult.runProtected(TestResult.java:142)
	at junit.framework.TestResult.run(TestResult.java:125)
	at junit.framework.TestCase.run(TestCase.java:129)
	at junit.framework.TestSuite.runTest(TestSuite.java:255)
	at junit.framework.TestSuite.run(TestSuite.java:250)
	at org.junit.internal.runners.JUnit38ClassRunner.run(JUnit38ClassRunner.java:84)
	at org.apache.maven.surefire.junit4.JUnit4TestSet.execute(JUnit4TestSet.java:35)
	at org.apache.maven.surefire.junit4.JUnit4Provider.executeTestSet(JUnit4Provider.java:146)
	at org.apache.maven.surefire.junit4.JUnit4Provider.invoke(JUnit4Provider.java:97)
	at sun.reflect.NativeMethodAccessorImpl.invoke0(Native Method)
	at sun.reflect.NativeMethodAccessorImpl.invoke(NativeMethodAccessorImpl.java:62)
	at sun.reflect.DelegatingMethodAccessorImpl.invoke(DelegatingMethodAccessorImpl.java:43)
	at java.lang.reflect.Method.invoke(Method.java:498)
	at org.apache.maven.surefire.booter.ProviderFactory$ClassLoaderProxy.invoke(ProviderFactory.java:103)
	at com.sun.proxy.$Proxy0.invoke(Unknown Source)
	at org.apache.maven.surefire.booter.SurefireStarter.invokeProvider(SurefireStarter.java:145)
	at org.apache.maven.surefire.booter.SurefireStarter.runSuitesInProcess(SurefireStarter.java:87)
	at org.apache.maven.surefire.booter.ForkedBooter.main(ForkedBooter.java:69)
Caused by: org.h2.jdbc.JdbcSQLException: Syntax error in SQL statement &quot;SELECT RES.* 
     
    FROM ACT_RU_JOB RES
     
     WHERE  RES.DUEDATE_ &lt; ? 
   
     ORDER BY  ORDER[*] BY RES.ID_ ASC  
    LIMIT ? OFFSET ? &quot;; expected &quot;=, NOT, EXISTS, INTERSECTS, SELECT, FROM&quot;; SQL statement:
select RES.* 
     
    from ACT_RU_JOB RES
     
     WHERE  RES.DUEDATE_ &lt; ? 
   
     order by  order by RES.ID_ asc  
    LIMIT ? OFFSET ? [42001-176]
	at org.h2.message.DbException.getJdbcSQLException(DbException.java:344)
	at org.h2.message.DbException.getSyntaxError(DbException.java:204)
	at org.h2.command.Parser.getSyntaxError(Parser.java:524)
	at org.h2.command.Parser.readTerm(Parser.java:2688)
	at org.h2.command.Parser.readFactor(Parser.java:2244)
	at org.h2.command.Parser.readSum(Parser.java:2231)
	at org.h2.command.Parser.readConcat(Parser.java:2201)
	at org.h2.command.Parser.readCondition(Parser.java:2051)
	at org.h2.command.Parser.readAnd(Parser.java:2023)
	at org.h2.command.Parser.readExpression(Parser.java:2015)
	at org.h2.command.Parser.parseEndOfQuery(Parser.java:1726)
	at org.h2.command.Parser.parseSelectUnionExtension(Parser.java:1706)
	at org.h2.command.Parser.parseSelectUnion(Parser.java:1675)
	at org.h2.command.Parser.parseSelect(Parser.java:1662)
	at org.h2.command.Parser.parsePrepared(Parser.java:434)
	at org.h2.command.Parser.parse(Parser.java:306)
	at org.h2.command.Parser.parse(Parser.java:282)
	at org.h2.command.Parser.prepareCommand(Parser.java:243)
	at org.h2.engine.Session.prepareLocal(Session.java:442)
	at org.h2.engine.Session.prepareCommand(Session.java:384)
	at org.h2.jdbc.JdbcConnection.prepareCommand(JdbcConnection.java:1188)
	at org.h2.jdbc.JdbcPreparedStatement.&lt;init&gt;(JdbcPreparedStatement.java:73)
	at org.h2.jdbc.JdbcConnection.prepareStatement(JdbcConnection.java:276)
	at sun.reflect.GeneratedMethodAccessor6.invoke(Unknown Source)
	at sun.reflect.DelegatingMethodAccessorImpl.invoke(DelegatingMethodAccessorImpl.java:43)
	at java.lang.reflect.Method.invoke(Method.java:498)
	at org.apache.ibatis.datasource.pooled.PooledConnection.invoke(PooledConnection.java:245)
	at com.sun.proxy.$Proxy12.prepareStatement(Unknown Source)
	at sun.reflect.GeneratedMethodAccessor6.invoke(Unknown Source)
	at sun.reflect.DelegatingMethodAccessorImpl.invoke(DelegatingMethodAccessorImpl.java:43)
	at java.lang.reflect.Method.invoke(Method.java:498)
	at org.apache.ibatis.logging.jdbc.ConnectionLogger.invoke(ConnectionLogger.java:55)
	at com.sun.proxy.$Proxy12.prepareStatement(Unknown Source)
	at org.apache.ibatis.executor.statement.PreparedStatementHandler.instantiateStatement(PreparedStatementHandler.java:79)
	at org.apache.ibatis.executor.statement.BaseStatementHandler.prepare(BaseStatementHandler.java:88)
	at org.apache.ibatis.executor.statement.RoutingStatementHandler.prepare(RoutingStatementHandler.java:58)
	at org.apache.ibatis.executor.SimpleExecutor.prepareStatement(SimpleExecutor.java:76)
	at org.apache.ibatis.executor.SimpleExecutor.doQuery(SimpleExecutor.java:61)
	at org.apache.ibatis.executor.BaseExecutor.queryFromDatabase(BaseExecutor.java:303)
	at org.apache.ibatis.executor.BaseExecutor.query(BaseExecutor.java:154)
	at org.apache.ibatis.executor.CachingExecutor.query(CachingExecutor.java:102)
	at org.apache.ibatis.executor.CachingExecutor.query(CachingExecutor.java:82)
	at org.apache.ibatis.session.defaults.DefaultSqlSession.selectList(DefaultSqlSession.java:120)
	... 42 more
10:44:56,998 [main] DEBUG org.activiti.engine.impl.cfg.standalone.StandaloneMybatisTransactionContext  - firing event rolling back...
10:44:56,998 [main] DEBUG org.activiti.engine.impl.cfg.standalone.StandaloneMybatisTransactionContext  - rolling back ibatis sql session...
10:44:56,998 [main] DEBUG org.activiti.engine.impl.cfg.standalone.StandaloneMybatisTransactionContext  - firing event rolled back...
10:44:56,998 [main] DEBUG org.apache.ibatis.transaction.jdbc.JdbcTransaction  - Resetting autocommit to true on JDBC Connection [conn2: url=jdbc:h2:mem:activiti user=SA]
10:44:56,998 [main] DEBUG org.apache.ibatis.transaction.jdbc.JdbcTransaction  - Closing JDBC Connection [conn2: url=jdbc:h2:mem:activiti user=SA]
10:44:56,998 [main] DEBUG org.apache.ibatis.datasource.pooled.PooledDataSource  - Returned connection 363509958 to pool.
10:44:56,998 [main] DEBUG org.activiti.engine.impl.interceptor.LogInterceptor  - --- JobQueryImpl finished --------------------------------------------------------
10:44:56,998 [main] DEBUG org.activiti.engine.impl.interceptor.LogInterceptor  - 

10:44:56,998 [main] ERROR org.activiti.engine.impl.test.PvmTestCase  - 

10:44:56,998 [main] ERROR org.activiti.engine.impl.test.PvmTestCase  - EXCEPTION: org.apache.ibatis.exceptions.PersistenceException: 
### Error querying database.  Cause: org.h2.jdbc.JdbcSQLException: Syntax error in SQL statement &quot;SELECT RES.* 
     
    FROM ACT_RU_JOB RES
     
     WHERE  RES.DUEDATE_ &lt; ? 
   
     ORDER BY  ORDER[*] BY RES.ID_ ASC  
    LIMIT ? OFFSET ? &quot;; expected &quot;=, NOT, EXISTS, INTERSECTS, SELECT, FROM&quot;; SQL statement:
select RES.* 
     
    from ACT_RU_JOB RES
     
     WHERE  RES.DUEDATE_ &lt; ? 
   
     order by  order by RES.ID_ asc  
    LIMIT ? OFFSET ? [42001-176]
### The error may exist in org/activiti/db/mapping/entity/Job.xml
### The error may involve org.activiti.engine.impl.persistence.entity.JobEntity.selectJobByQueryCriteria
### The error occurred while executing a query
### SQL: select RES.*            from ACT_RU_JOB RES            WHERE  RES.DUEDATE_ &lt; ?           order by  order by RES.ID_ asc       LIMIT ? OFFSET ?
### Cause: org.h2.jdbc.JdbcSQLException: Syntax error in SQL statement &quot;SELECT RES.* 
     
    FROM ACT_RU_JOB RES
     
     WHERE  RES.DUEDATE_ &lt; ? 
   
     ORDER BY  ORDER[*] BY RES.ID_ ASC  
    LIMIT ? OFFSET ? &quot;; expected &quot;=, NOT, EXISTS, INTERSECTS, SELECT, FROM&quot;; SQL statement:
select RES.* 
     
    from ACT_RU_JOB RES
     
     WHERE  RES.DUEDATE_ &lt; ? 
   
     order by  order by RES.ID_ asc  
    LIMIT ? OFFSET ? [42001-176]
org.apache.ibatis.exceptions.PersistenceException: 
### Error querying database.  Cause: org.h2.jdbc.JdbcSQLException: Syntax error in SQL statement &quot;SELECT RES.* 
     
    FROM ACT_RU_JOB RES
     
     WHERE  RES.DUEDATE_ &lt; ? 
   
     ORDER BY  ORDER[*] BY RES.ID_ ASC  
    LIMIT ? OFFSET ? &quot;; expected &quot;=, NOT, EXISTS, INTERSECTS, SELECT, FROM&quot;; SQL statement:
select RES.* 
     
    from ACT_RU_JOB RES
     
     WHERE  RES.DUEDATE_ &lt; ? 
   
     order by  order by RES.ID_ asc  
    LIMIT ? OFFSET ? [42001-176]
### The error may exist in org/activiti/db/mapping/entity/Job.xml
### The error may involve org.activiti.engine.impl.persistence.entity.JobEntity.selectJobByQueryCriteria
### The error occurred while executing a query
### SQL: select RES.*            from ACT_RU_JOB RES            WHERE  RES.DUEDATE_ &lt; ?           order by  order by RES.ID_ asc       LIMIT ? OFFSET ?
### Cause: org.h2.jdbc.JdbcSQLException: Syntax error in SQL statement &quot;SELECT RES.* 
     
    FROM ACT_RU_JOB RES
     
     WHERE  RES.DUEDATE_ &lt; ? 
   
     ORDER BY  ORDER[*] BY RES.ID_ ASC  
    LIMIT ? OFFSET ? &quot;; expected &quot;=, NOT, EXISTS, INTERSECTS, SELECT, FROM&quot;; SQL statement:
select RES.* 
     
    from ACT_RU_JOB RES
     
     WHERE  RES.DUEDATE_ &lt; ? 
   
     order by  order by RES.ID_ asc  
    LIMIT ? OFFSET ? [42001-176]
	at org.apache.ibatis.exceptions.ExceptionFactory.wrapException(ExceptionFactory.java:30)
	at org.apache.ibatis.session.defaults.DefaultSqlSession.selectList(DefaultSqlSession.java:122)
	at org.apache.ibatis.session.defaults.DefaultSqlSession.selectList(DefaultSqlSession.java:113)
	at org.activiti.engine.impl.db.DbSqlSession.selectListWithRawParameter(DbSqlSession.java:438)
	at org.activiti.engine.impl.db.DbSqlSession.selectList(DbSqlSession.java:429)
	at org.activiti.engine.impl.db.DbSqlSession.selectList(DbSqlSession.java:419)
	at org.activiti.engine.impl.persistence.entity.JobEntityManager.findJobsByQueryCriteria(JobEntityManager.java:198)
	at org.activiti.engine.impl.JobQueryImpl.executeList(JobQueryImpl.java:243)
	at org.activiti.engine.impl.AbstractQuery.execute(AbstractQuery.java:164)
	at org.activiti.engine.impl.interceptor.CommandInvoker.execute(CommandInvoker.java:24)
	at org.activiti.engine.impl.interceptor.CommandContextInterceptor.execute(CommandContextInterceptor.java:57)
	at org.activiti.engine.impl.interceptor.LogInterceptor.execute(LogInterceptor.java:37)
	at org.activiti.engine.impl.cfg.CommandExecutorImpl.execute(CommandExecutorImpl.java:40)
	at org.activiti.engine.impl.cfg.CommandExecutorImpl.execute(CommandExecutorImpl.java:35)
	at org.activiti.engine.impl.AbstractQuery.list(AbstractQuery.java:138)
	at org.activiti.engine.test.api.mgmt.JobQueryTest.verifyQueryResults(JobQueryTest.java:400)
	at org.activiti.engine.test.api.mgmt.JobQueryTest.testQueryByDuedateLowerThan(JobQueryTest.java:202)
	at sun.reflect.NativeMethodAccessorImpl.invoke0(Native Method)
	at sun.reflect.NativeMethodAccessorImpl.invoke(NativeMethodAccessorImpl.java:62)
	at sun.reflect.DelegatingMethodAccessorImpl.invoke(DelegatingMethodAccessorImpl.java:43)
	at java.lang.reflect.Method.invoke(Method.java:498)
	at junit.framework.TestCase.runTest(TestCase.java:176)
	at org.activiti.engine.impl.test.PvmTestCase.runTest(PvmTestCase.java:65)
	at junit.framework.TestCase.runBare(TestCase.java:141)
	at org.activiti.engine.impl.test.AbstractActivitiTestCase.runBare(AbstractActivitiTestCase.java:100)
	at junit.framework.TestResult$1.protect(TestResult.java:122)
	at junit.framework.TestResult.runProtected(TestResult.java:142)
	at junit.framework.TestResult.run(TestResult.java:125)
	at junit.framework.TestCase.run(TestCase.java:129)
	at junit.framework.TestSuite.runTest(TestSuite.java:255)
	at junit.framework.TestSuite.run(TestSuite.java:250)
	at org.junit.internal.runners.JUnit38ClassRunner.run(JUnit38ClassRunner.java:84)
	at org.apache.maven.surefire.junit4.JUnit4TestSet.execute(JUnit4TestSet.java:35)
	at org.apache.maven.surefire.junit4.JUnit4Provider.executeTestSet(JUnit4Provider.java:146)
	at org.apache.maven.surefire.junit4.JUnit4Provider.invoke(JUnit4Provider.java:97)
	at sun.reflect.NativeMethodAccessorImpl.invoke0(Native Method)
	at sun.reflect.NativeMethodAccessorImpl.invoke(NativeMethodAccessorImpl.java:62)
	at sun.reflect.DelegatingMethodAccessorImpl.invoke(DelegatingMethodAccessorImpl.java:43)
	at java.lang.reflect.Method.invoke(Method.java:498)
	at org.apache.maven.surefire.booter.ProviderFactory$ClassLoaderProxy.invoke(ProviderFactory.java:103)
	at com.sun.proxy.$Proxy0.invoke(Unknown Source)
	at org.apache.maven.surefire.booter.SurefireStarter.invokeProvider(SurefireStarter.java:145)
	at org.apache.maven.surefire.booter.SurefireStarter.runSuitesInProcess(SurefireStarter.java:87)
	at org.apache.maven.surefire.booter.ForkedBooter.main(ForkedBooter.java:69)
Caused by: org.h2.jdbc.JdbcSQLException: Syntax error in SQL statement &quot;SELECT RES.* 
     
    FROM ACT_RU_JOB RES
     
     WHERE  RES.DUEDATE_ &lt; ? 
   
     ORDER BY  ORDER[*] BY RES.ID_ ASC  
    LIMIT ? OFFSET ? &quot;; expected &quot;=, NOT, EXISTS, INTERSECTS, SELECT, FROM&quot;; SQL statement:
select RES.* 
     
    from ACT_RU_JOB RES
     
     WHERE  RES.DUEDATE_ &lt; ? 
   
     order by  order by RES.ID_ asc  
    LIMIT ? OFFSET ? [42001-176]
	at org.h2.message.DbException.getJdbcSQLException(DbException.java:344)
	at org.h2.message.DbException.getSyntaxError(DbException.java:204)
	at org.h2.command.Parser.getSyntaxError(Parser.java:524)
	at org.h2.command.Parser.readTerm(Parser.java:2688)
	at org.h2.command.Parser.readFactor(Parser.java:2244)
	at org.h2.command.Parser.readSum(Parser.java:2231)
	at org.h2.command.Parser.readConcat(Parser.java:2201)
	at org.h2.command.Parser.readCondition(Parser.java:2051)
	at org.h2.command.Parser.readAnd(Parser.java:2023)
	at org.h2.command.Parser.readExpression(Parser.java:2015)
	at org.h2.command.Parser.parseEndOfQuery(Parser.java:1726)
	at org.h2.command.Parser.parseSelectUnionExtension(Parser.java:1706)
	at org.h2.command.Parser.parseSelectUnion(Parser.java:1675)
	at org.h2.command.Parser.parseSelect(Parser.java:1662)
	at org.h2.command.Parser.parsePrepared(Parser.java:434)
	at org.h2.command.Parser.parse(Parser.java:306)
	at org.h2.command.Parser.parse(Parser.java:282)
	at org.h2.command.Parser.prepareCommand(Parser.java:243)
	at org.h2.engine.Session.prepareLocal(Session.java:442)
	at org.h2.engine.Session.prepareCommand(Session.java:384)
	at org.h2.jdbc.JdbcConnection.prepareCommand(JdbcConnection.java:1188)
	at org.h2.jdbc.JdbcPreparedStatement.&lt;init&gt;(JdbcPreparedStatement.java:73)
	at org.h2.jdbc.JdbcConnection.prepareStatement(JdbcConnection.java:276)
	at sun.reflect.GeneratedMethodAccessor6.invoke(Unknown Source)
	at sun.reflect.DelegatingMethodAccessorImpl.invoke(DelegatingMethodAccessorImpl.java:43)
	at java.lang.reflect.Method.invoke(Method.java:498)
	at org.apache.ibatis.datasource.pooled.PooledConnection.invoke(PooledConnection.java:245)
	at com.sun.proxy.$Proxy12.prepareStatement(Unknown Source)
	at sun.reflect.GeneratedMethodAccessor6.invoke(Unknown Source)
	at sun.reflect.DelegatingMethodAccessorImpl.invoke(DelegatingMethodAccessorImpl.java:43)
	at java.lang.reflect.Method.invoke(Method.java:498)
	at org.apache.ibatis.logging.jdbc.ConnectionLogger.invoke(ConnectionLogger.java:55)
	at com.sun.proxy.$Proxy12.prepareStatement(Unknown Source)
	at org.apache.ibatis.executor.statement.PreparedStatementHandler.instantiateStatement(PreparedStatementHandler.java:79)
	at org.apache.ibatis.executor.statement.BaseStatementHandler.prepare(BaseStatementHandler.java:88)
	at org.apache.ibatis.executor.statement.RoutingStatementHandler.prepare(RoutingStatementHandler.java:58)
	at org.apache.ibatis.executor.SimpleExecutor.prepareStatement(SimpleExecutor.java:76)
	at org.apache.ibatis.executor.SimpleExecutor.doQuery(SimpleExecutor.java:61)
	at org.apache.ibatis.executor.BaseExecutor.queryFromDatabase(BaseExecutor.java:303)
	at org.apache.ibatis.executor.BaseExecutor.query(BaseExecutor.java:154)
	at org.apache.ibatis.executor.CachingExecutor.query(CachingExecutor.java:102)
	at org.apache.ibatis.executor.CachingExecutor.query(CachingExecutor.java:82)
	at org.apache.ibatis.session.defaults.DefaultSqlSession.selectList(DefaultSqlSession.java:120)
	... 42 more
10:44:56,998 [main] DEBUG org.activiti.engine.impl.test.PvmTestCase  - #### END JobQueryTest.testQueryByDuedateLowerThan #############################################################
10:44:56,998 [main] DEBUG org.activiti.engine.impl.interceptor.LogInterceptor  - 

10:44:56,998 [main] DEBUG org.activiti.engine.impl.interceptor.LogInterceptor  - --- starting DeleteDeploymentCmd --------------------------------------------------------
10:44:56,998 [main] DEBUG org.apache.ibatis.transaction.jdbc.JdbcTransaction  - Opening JDBC Connection
10:44:56,998 [main] DEBUG org.apache.ibatis.datasource.pooled.PooledDataSource  - Checked out connection 180014677 from pool.
10:44:56,998 [main] DEBUG org.apache.ibatis.transaction.jdbc.JdbcTransaction  - Setting autocommit to false on JDBC Connection [conn3: url=jdbc:h2:mem:activiti user=SA]
10:44:56,998 [main] DEBUG org.activiti.engine.impl.persistence.entity.DeploymentEntity.selectDeploymentById  - ==&gt;  Preparing: select * from ACT_RE_DEPLOYMENT where ID_ = ? 
10:44:56,998 [main] DEBUG org.activiti.engine.impl.persistence.entity.DeploymentEntity.selectDeploymentById  - ==&gt; Parameters: 1457(String)
10:44:56,998 [main] DEBUG org.activiti.engine.impl.persistence.entity.DeploymentEntity.selectDeploymentById  - &lt;==      Total: 1
10:44:56,999 [main] DEBUG org.activiti.engine.impl.persistence.entity.ProcessDefinitionEntity.selectProcessDefinitionsByQueryCriteria  - ==&gt;  Preparing: select RES.* from ACT_RE_PROCDEF RES WHERE RES.DEPLOYMENT_ID_ = ? order by order by RES.ID_ asc LIMIT ? OFFSET ? 
10:44:56,999 [main] DEBUG org.activiti.engine.impl.interceptor.CommandContext  - Error while closing command context
org.apache.ibatis.exceptions.PersistenceException: 
### Error querying database.  Cause: org.h2.jdbc.JdbcSQLException: Syntax error in SQL statement &quot;SELECT RES.* 
       
    FROM ACT_RE_PROCDEF RES
     
     WHERE  RES.DEPLOYMENT_ID_ = ? 
   
     ORDER BY  ORDER[*] BY RES.ID_ ASC  
    LIMIT ? OFFSET ? &quot;; expected &quot;=, NOT, EXISTS, INTERSECTS, SELECT, FROM&quot;; SQL statement:
select RES.* 
       
    from ACT_RE_PROCDEF RES
     
     WHERE  RES.DEPLOYMENT_ID_ = ? 
   
     order by  order by RES.ID_ asc  
    LIMIT ? OFFSET ? [42001-176]
### The error may exist in org/activiti/db/mapping/entity/ProcessDefinition.xml
### The error may involve org.activiti.engine.impl.persistence.entity.ProcessDefinitionEntity.selectProcessDefinitionsByQueryCriteria
### The error occurred while executing a query
### SQL: select RES.*              from ACT_RE_PROCDEF RES            WHERE  RES.DEPLOYMENT_ID_ = ?           order by  order by RES.ID_ asc       LIMIT ? OFFSET ?
### Cause: org.h2.jdbc.JdbcSQLException: Syntax error in SQL statement &quot;SELECT RES.* 
       
    FROM ACT_RE_PROCDEF RES
     
     WHERE  RES.DEPLOYMENT_ID_ = ? 
   
     ORDER BY  ORDER[*] BY RES.ID_ ASC  
    LIMIT ? OFFSET ? &quot;; expected &quot;=, NOT, EXISTS, INTERSECTS, SELECT, FROM&quot;; SQL statement:
select RES.* 
       
    from ACT_RE_PROCDEF RES
     
     WHERE  RES.DEPLOYMENT_ID_ = ? 
   
     order by  order by RES.ID_ asc  
    LIMIT ? OFFSET ? [42001-176]
	at org.apache.ibatis.exceptions.ExceptionFactory.wrapException(ExceptionFactory.java:30)
	at org.apache.ibatis.session.defaults.DefaultSqlSession.selectList(DefaultSqlSession.java:122)
	at org.apache.ibatis.session.defaults.DefaultSqlSession.selectList(DefaultSqlSession.java:113)
	at org.activiti.engine.impl.db.DbSqlSession.selectListWithRawParameter(DbSqlSession.java:438)
	at org.activiti.engine.impl.db.DbSqlSession.selectList(DbSqlSession.java:429)
	at org.activiti.engine.impl.db.DbSqlSession.selectList(DbSqlSession.java:419)
	at org.activiti.engine.impl.persistence.entity.ProcessDefinitionEntityManager.findProcessDefinitionsByQueryCriteria(ProcessDefinitionEntityManager.java:57)
	at org.activiti.engine.impl.ProcessDefinitionQueryImpl.executeList(ProcessDefinitionQueryImpl.java:307)
	at org.activiti.engine.impl.AbstractQuery.list(AbstractQuery.java:140)
	at org.activiti.engine.impl.persistence.deploy.DeploymentManager.removeDeployment(DeploymentManager.java:187)
	at org.activiti.engine.impl.cmd.DeleteDeploymentCmd.execute(DeleteDeploymentCmd.java:44)
	at org.activiti.engine.impl.cmd.DeleteDeploymentCmd.execute(DeleteDeploymentCmd.java:24)
	at org.activiti.engine.impl.interceptor.CommandInvoker.execute(CommandInvoker.java:24)
	at org.activiti.engine.impl.interceptor.CommandContextInterceptor.execute(CommandContextInterceptor.java:57)
	at org.activiti.engine.impl.interceptor.LogInterceptor.execute(LogInterceptor.java:37)
	at org.activiti.engine.impl.cfg.CommandExecutorImpl.execute(CommandExecutorImpl.java:40)
	at org.activiti.engine.impl.cfg.CommandExecutorImpl.execute(CommandExecutorImpl.java:35)
	at org.activiti.engine.impl.RepositoryServiceImpl.deleteDeployment(RepositoryServiceImpl.java:90)
	at org.activiti.engine.test.api.mgmt.JobQueryTest.tearDown(JobQueryTest.java:116)
	at junit.framework.TestCase.runBare(TestCase.java:146)
	at org.activiti.engine.impl.test.AbstractActivitiTestCase.runBare(AbstractActivitiTestCase.java:100)
	at junit.framework.TestResult$1.protect(TestResult.java:122)
	at junit.framework.TestResult.runProtected(TestResult.java:142)
	at junit.framework.TestResult.run(TestResult.java:125)
	at junit.framework.TestCase.run(TestCase.java:129)
	at junit.framework.TestSuite.runTest(TestSuite.java:255)
	at junit.framework.TestSuite.run(TestSuite.java:250)
	at org.junit.internal.runners.JUnit38ClassRunner.run(JUnit38ClassRunner.java:84)
	at org.apache.maven.surefire.junit4.JUnit4TestSet.execute(JUnit4TestSet.java:35)
	at org.apache.maven.surefire.junit4.JUnit4Provider.executeTestSet(JUnit4Provider.java:146)
	at org.apache.maven.surefire.junit4.JUnit4Provider.invoke(JUnit4Provider.java:97)
	at sun.reflect.NativeMethodAccessorImpl.invoke0(Native Method)
	at sun.reflect.NativeMethodAccessorImpl.invoke(NativeMethodAccessorImpl.java:62)
	at sun.reflect.DelegatingMethodAccessorImpl.invoke(DelegatingMethodAccessorImpl.java:43)
	at java.lang.reflect.Method.invoke(Method.java:498)
	at org.apache.maven.surefire.booter.ProviderFactory$ClassLoaderProxy.invoke(ProviderFactory.java:103)
	at com.sun.proxy.$Proxy0.invoke(Unknown Source)
	at org.apache.maven.surefire.booter.SurefireStarter.invokeProvider(SurefireStarter.java:145)
	at org.apache.maven.surefire.booter.SurefireStarter.runSuitesInProcess(SurefireStarter.java:87)
	at org.apache.maven.surefire.booter.ForkedBooter.main(ForkedBooter.java:69)
Caused by: org.h2.jdbc.JdbcSQLException: Syntax error in SQL statement &quot;SELECT RES.* 
       
    FROM ACT_RE_PROCDEF RES
     
     WHERE  RES.DEPLOYMENT_ID_ = ? 
   
     ORDER BY  ORDER[*] BY RES.ID_ ASC  
    LIMIT ? OFFSET ? &quot;; expected &quot;=, NOT, EXISTS, INTERSECTS, SELECT, FROM&quot;; SQL statement:
select RES.* 
       
    from ACT_RE_PROCDEF RES
     
     WHERE  RES.DEPLOYMENT_ID_ = ? 
   
     order by  order by RES.ID_ asc  
    LIMIT ? OFFSET ? [42001-176]
	at org.h2.message.DbException.getJdbcSQLException(DbException.java:344)
	at org.h2.message.DbException.getSyntaxError(DbException.java:204)
	at org.h2.command.Parser.getSyntaxError(Parser.java:524)
	at org.h2.command.Parser.readTerm(Parser.java:2688)
	at org.h2.command.Parser.readFactor(Parser.java:2244)
	at org.h2.command.Parser.readSum(Parser.java:2231)
	at org.h2.command.Parser.readConcat(Parser.java:2201)
	at org.h2.command.Parser.readCondition(Parser.java:2051)
	at org.h2.command.Parser.readAnd(Parser.java:2023)
	at org.h2.command.Parser.readExpression(Parser.java:2015)
	at org.h2.command.Parser.parseEndOfQuery(Parser.java:1726)
	at org.h2.command.Parser.parseSelectUnionExtension(Parser.java:1706)
	at org.h2.command.Parser.parseSelectUnion(Parser.java:1675)
	at org.h2.command.Parser.parseSelect(Parser.java:1662)
	at org.h2.command.Parser.parsePrepared(Parser.java:434)
	at org.h2.command.Parser.parse(Parser.java:306)
	at org.h2.command.Parser.parse(Parser.java:282)
	at org.h2.command.Parser.prepareCommand(Parser.java:243)
	at org.h2.engine.Session.prepareLocal(Session.java:442)
	at org.h2.engine.Session.prepareCommand(Session.java:384)
	at org.h2.jdbc.JdbcConnection.prepareCommand(JdbcConnection.java:1188)
	at org.h2.jdbc.JdbcPreparedStatement.&lt;init&gt;(JdbcPreparedStatement.java:73)
	at org.h2.jdbc.JdbcConnection.prepareStatement(JdbcConnection.java:276)
	at sun.reflect.GeneratedMethodAccessor6.invoke(Unknown Source)
	at sun.reflect.DelegatingMethodAccessorImpl.invoke(DelegatingMethodAccessorImpl.java:43)
	at java.lang.reflect.Method.invoke(Method.java:498)
	at org.apache.ibatis.datasource.pooled.PooledConnection.invoke(PooledConnection.java:245)
	at com.sun.proxy.$Proxy12.prepareStatement(Unknown Source)
	at sun.reflect.GeneratedMethodAccessor6.invoke(Unknown Source)
	at sun.reflect.DelegatingMethodAccessorImpl.invoke(DelegatingMethodAccessorImpl.java:43)
	at java.lang.reflect.Method.invoke(Method.java:498)
	at org.apache.ibatis.logging.jdbc.ConnectionLogger.invoke(ConnectionLogger.java:55)
	at com.sun.proxy.$Proxy12.prepareStatement(Unknown Source)
	at org.apache.ibatis.executor.statement.PreparedStatementHandler.instantiateStatement(PreparedStatementHandler.java:79)
	at org.apache.ibatis.executor.statement.BaseStatementHandler.prepare(BaseStatementHandler.java:88)
	at org.apache.ibatis.executor.statement.RoutingStatementHandler.prepare(RoutingStatementHandler.java:58)
	at org.apache.ibatis.executor.SimpleExecutor.prepareStatement(SimpleExecutor.java:76)
	at org.apache.ibatis.executor.SimpleExecutor.doQuery(SimpleExecutor.java:61)
	at org.apache.ibatis.executor.BaseExecutor.queryFromDatabase(BaseExecutor.java:303)
	at org.apache.ibatis.executor.BaseExecutor.query(BaseExecutor.java:154)
	at org.apache.ibatis.executor.CachingExecutor.query(CachingExecutor.java:102)
	at org.apache.ibatis.executor.CachingExecutor.query(CachingExecutor.java:82)
	at org.apache.ibatis.session.defaults.DefaultSqlSession.selectList(DefaultSqlSession.java:120)
	... 38 more
10:44:56,999 [main] DEBUG org.activiti.engine.impl.cfg.standalone.StandaloneMybatisTransactionContext  - firing event rolling back...
10:44:56,999 [main] DEBUG org.activiti.engine.impl.cfg.standalone.StandaloneMybatisTransactionContext  - rolling back ibatis sql session...
10:44:56,999 [main] DEBUG org.activiti.engine.impl.cfg.standalone.StandaloneMybatisTransactionContext  - firing event rolled back...
10:44:56,999 [main] DEBUG org.apache.ibatis.transaction.jdbc.JdbcTransaction  - Resetting autocommit to true on JDBC Connection [conn3: url=jdbc:h2:mem:activiti user=SA]
10:44:56,999 [main] DEBUG org.apache.ibatis.transaction.jdbc.JdbcTransaction  - Closing JDBC Connection [conn3: url=jdbc:h2:mem:activiti user=SA]
10:44:56,999 [main] DEBUG org.apache.ibatis.datasource.pooled.PooledDataSource  - Returned connection 180014677 to pool.
10:44:56,999 [main] DEBUG org.activiti.engine.impl.interceptor.LogInterceptor  - --- DeleteDeploymentCmd finished --------------------------------------------------------
10:44:56,999 [main] DEBUG org.activiti.engine.impl.interceptor.LogInterceptor  - 

10:44:56,999 [main] ERROR org.activiti.engine.impl.test.PvmTestCase  - 

10:44:56,999 [main] ERROR org.activiti.engine.impl.test.PvmTestCase  - EXCEPTION: org.apache.ibatis.exceptions.PersistenceException: 
### Error querying database.  Cause: org.h2.jdbc.JdbcSQLException: Syntax error in SQL statement &quot;SELECT RES.* 
     
    FROM ACT_RU_JOB RES
     
     WHERE  RES.DUEDATE_ &lt; ? 
   
     ORDER BY  ORDER[*] BY RES.ID_ ASC  
    LIMIT ? OFFSET ? &quot;; expected &quot;=, NOT, EXISTS, INTERSECTS, SELECT, FROM&quot;; SQL statement:
select RES.* 
     
    from ACT_RU_JOB RES
     
     WHERE  RES.DUEDATE_ &lt; ? 
   
     order by  order by RES.ID_ asc  
    LIMIT ? OFFSET ? [42001-176]
### The error may exist in org/activiti/db/mapping/entity/Job.xml
### The error may involve org.activiti.engine.impl.persistence.entity.JobEntity.selectJobByQueryCriteria
### The error occurred while executing a query
### SQL: select RES.*            from ACT_RU_JOB RES            WHERE  RES.DUEDATE_ &lt; ?           order by  order by RES.ID_ asc       LIMIT ? OFFSET ?
### Cause: org.h2.jdbc.JdbcSQLException: Syntax error in SQL statement &quot;SELECT RES.* 
     
    FROM ACT_RU_JOB RES
     
     WHERE  RES.DUEDATE_ &lt; ? 
   
     ORDER BY  ORDER[*] BY RES.ID_ ASC  
    LIMIT ? OFFSET ? &quot;; expected &quot;=, NOT, EXISTS, INTERSECTS, SELECT, FROM&quot;; SQL statement:
select RES.* 
     
    from ACT_RU_JOB RES
     
     WHERE  RES.DUEDATE_ &lt; ? 
   
     order by  order by RES.ID_ asc  
    LIMIT ? OFFSET ? [42001-176]
org.apache.ibatis.exceptions.PersistenceException: 
### Error querying database.  Cause: org.h2.jdbc.JdbcSQLException: Syntax error in SQL statement &quot;SELECT RES.* 
     
    FROM ACT_RU_JOB RES
     
     WHERE  RES.DUEDATE_ &lt; ? 
   
     ORDER BY  ORDER[*] BY RES.ID_ ASC  
    LIMIT ? OFFSET ? &quot;; expected &quot;=, NOT, EXISTS, INTERSECTS, SELECT, FROM&quot;; SQL statement:
select RES.* 
     
    from ACT_RU_JOB RES
     
     WHERE  RES.DUEDATE_ &lt; ? 
   
     order by  order by RES.ID_ asc  
    LIMIT ? OFFSET ? [42001-176]
### The error may exist in org/activiti/db/mapping/entity/Job.xml
### The error may involve org.activiti.engine.impl.persistence.entity.JobEntity.selectJobByQueryCriteria
### The error occurred while executing a query
### SQL: select RES.*            from ACT_RU_JOB RES            WHERE  RES.DUEDATE_ &lt; ?           order by  order by RES.ID_ asc       LIMIT ? OFFSET ?
### Cause: org.h2.jdbc.JdbcSQLException: Syntax error in SQL statement &quot;SELECT RES.* 
     
    FROM ACT_RU_JOB RES
     
     WHERE  RES.DUEDATE_ &lt; ? 
   
     ORDER BY  ORDER[*] BY RES.ID_ ASC  
    LIMIT ? OFFSET ? &quot;; expected &quot;=, NOT, EXISTS, INTERSECTS, SELECT, FROM&quot;; SQL statement:
select RES.* 
     
    from ACT_RU_JOB RES
     
     WHERE  RES.DUEDATE_ &lt; ? 
   
     order by  order by RES.ID_ asc  
    LIMIT ? OFFSET ? [42001-176]
	at org.apache.ibatis.exceptions.ExceptionFactory.wrapException(ExceptionFactory.java:30)
	at org.apache.ibatis.session.defaults.DefaultSqlSession.selectList(DefaultSqlSession.java:122)
	at org.apache.ibatis.session.defaults.DefaultSqlSession.selectList(DefaultSqlSession.java:113)
	at org.activiti.engine.impl.db.DbSqlSession.selectListWithRawParameter(DbSqlSession.java:438)
	at org.activiti.engine.impl.db.DbSqlSession.selectList(DbSqlSession.java:429)
	at org.activiti.engine.impl.db.DbSqlSession.selectList(DbSqlSession.java:419)
	at org.activiti.engine.impl.persistence.entity.JobEntityManager.findJobsByQueryCriteria(JobEntityManager.java:198)
	at org.activiti.engine.impl.JobQueryImpl.executeList(JobQueryImpl.java:243)
	at org.activiti.engine.impl.AbstractQuery.execute(AbstractQuery.java:164)
	at org.activiti.engine.impl.interceptor.CommandInvoker.execute(CommandInvoker.java:24)
	at org.activiti.engine.impl.interceptor.CommandContextInterceptor.execute(CommandContextInterceptor.java:57)
	at org.activiti.engine.impl.interceptor.LogInterceptor.execute(LogInterceptor.java:37)
	at org.activiti.engine.impl.cfg.CommandExecutorImpl.execute(CommandExecutorImpl.java:40)
	at org.activiti.engine.impl.cfg.CommandExecutorImpl.execute(CommandExecutorImpl.java:35)
	at org.activiti.engine.impl.AbstractQuery.list(AbstractQuery.java:138)
	at org.activiti.engine.test.api.mgmt.JobQueryTest.verifyQueryResults(JobQueryTest.java:400)
	at org.activiti.engine.test.api.mgmt.JobQueryTest.testQueryByDuedateLowerThan(JobQueryTest.java:202)
	at sun.reflect.NativeMethodAccessorImpl.invoke0(Native Method)
	at sun.reflect.NativeMethodAccessorImpl.invoke(NativeMethodAccessorImpl.java:62)
	at sun.reflect.DelegatingMethodAccessorImpl.invoke(DelegatingMethodAccessorImpl.java:43)
	at java.lang.reflect.Method.invoke(Method.java:498)
	at junit.framework.TestCase.runTest(TestCase.java:176)
	at org.activiti.engine.impl.test.PvmTestCase.runTest(PvmTestCase.java:65)
	at junit.framework.TestCase.runBare(TestCase.java:141)
	at org.activiti.engine.impl.test.AbstractActivitiTestCase.runBare(AbstractActivitiTestCase.java:100)
	at junit.framework.TestResult$1.protect(TestResult.java:122)
	at junit.framework.TestResult.runProtected(TestResult.java:142)
	at junit.framework.TestResult.run(TestResult.java:125)
	at junit.framework.TestCase.run(TestCase.java:129)
	at junit.framework.TestSuite.runTest(TestSuite.java:255)
	at junit.framework.TestSuite.run(TestSuite.java:250)
	at org.junit.internal.runners.JUnit38ClassRunner.run(JUnit38ClassRunner.java:84)
	at org.apache.maven.surefire.junit4.JUnit4TestSet.execute(JUnit4TestSet.java:35)
	at org.apache.maven.surefire.junit4.JUnit4Provider.executeTestSet(JUnit4Provider.java:146)
	at org.apache.maven.surefire.junit4.JUnit4Provider.invoke(JUnit4Provider.java:97)
	at sun.reflect.NativeMethodAccessorImpl.invoke0(Native Method)
	at sun.reflect.NativeMethodAccessorImpl.invoke(NativeMethodAccessorImpl.java:62)
	at sun.reflect.DelegatingMethodAccessorImpl.invoke(DelegatingMethodAccessorImpl.java:43)
	at java.lang.reflect.Method.invoke(Method.java:498)
	at org.apache.maven.surefire.booter.ProviderFactory$ClassLoaderProxy.invoke(ProviderFactory.java:103)
	at com.sun.proxy.$Proxy0.invoke(Unknown Source)
	at org.apache.maven.surefire.booter.SurefireStarter.invokeProvider(SurefireStarter.java:145)
	at org.apache.maven.surefire.booter.SurefireStarter.runSuitesInProcess(SurefireStarter.java:87)
	at org.apache.maven.surefire.booter.ForkedBooter.main(ForkedBooter.java:69)
Caused by: org.h2.jdbc.JdbcSQLException: Syntax error in SQL statement &quot;SELECT RES.* 
     
    FROM ACT_RU_JOB RES
     
     WHERE  RES.DUEDATE_ &lt; ? 
   
     ORDER BY  ORDER[*] BY RES.ID_ ASC  
    LIMIT ? OFFSET ? &quot;; expected &quot;=, NOT, EXISTS, INTERSECTS, SELECT, FROM&quot;; SQL statement:
select RES.* 
     
    from ACT_RU_JOB RES
     
     WHERE  RES.DUEDATE_ &lt; ? 
   
     order by  order by RES.ID_ asc  
    LIMIT ? OFFSET ? [42001-176]
	at org.h2.message.DbException.getJdbcSQLException(DbException.java:344)
	at org.h2.message.DbException.getSyntaxError(DbException.java:204)
	at org.h2.command.Parser.getSyntaxError(Parser.java:524)
	at org.h2.command.Parser.readTerm(Parser.java:2688)
	at org.h2.command.Parser.readFactor(Parser.java:2244)
	at org.h2.command.Parser.readSum(Parser.java:2231)
	at org.h2.command.Parser.readConcat(Parser.java:2201)
	at org.h2.command.Parser.readCondition(Parser.java:2051)
	at org.h2.command.Parser.readAnd(Parser.java:2023)
	at org.h2.command.Parser.readExpression(Parser.java:2015)
	at org.h2.command.Parser.parseEndOfQuery(Parser.java:1726)
	at org.h2.command.Parser.parseSelectUnionExtension(Parser.java:1706)
	at org.h2.command.Parser.parseSelectUnion(Parser.java:1675)
	at org.h2.command.Parser.parseSelect(Parser.java:1662)
	at org.h2.command.Parser.parsePrepared(Parser.java:434)
	at org.h2.command.Parser.parse(Parser.java:306)
	at org.h2.command.Parser.parse(Parser.java:282)
	at org.h2.command.Parser.prepareCommand(Parser.java:243)
	at org.h2.engine.Session.prepareLocal(Session.java:442)
	at org.h2.engine.Session.prepareCommand(Session.java:384)
	at org.h2.jdbc.JdbcConnection.prepareCommand(JdbcConnection.java:1188)
	at org.h2.jdbc.JdbcPreparedStatement.&lt;init&gt;(JdbcPreparedStatement.java:73)
	at org.h2.jdbc.JdbcConnection.prepareStatement(JdbcConnection.java:276)
	at sun.reflect.GeneratedMethodAccessor6.invoke(Unknown Source)
	at sun.reflect.DelegatingMethodAccessorImpl.invoke(DelegatingMethodAccessorImpl.java:43)
	at java.lang.reflect.Method.invoke(Method.java:498)
	at org.apache.ibatis.datasource.pooled.PooledConnection.invoke(PooledConnection.java:245)
	at com.sun.proxy.$Proxy12.prepareStatement(Unknown Source)
	at sun.reflect.GeneratedMethodAccessor6.invoke(Unknown Source)
	at sun.reflect.DelegatingMethodAccessorImpl.invoke(DelegatingMethodAccessorImpl.java:43)
	at java.lang.reflect.Method.invoke(Method.java:498)
	at org.apache.ibatis.logging.jdbc.ConnectionLogger.invoke(ConnectionLogger.java:55)
	at com.sun.proxy.$Proxy12.prepareStatement(Unknown Source)
	at org.apache.ibatis.executor.statement.PreparedStatementHandler.instantiateStatement(PreparedStatementHandler.java:79)
	at org.apache.ibatis.executor.statement.BaseStatementHandler.prepare(BaseStatementHandler.java:88)
	at org.apache.ibatis.executor.statement.RoutingStatementHandler.prepare(RoutingStatementHandler.java:58)
	at org.apache.ibatis.executor.SimpleExecutor.prepareStatement(SimpleExecutor.java:76)
	at org.apache.ibatis.executor.SimpleExecutor.doQuery(SimpleExecutor.java:61)
	at org.apache.ibatis.executor.BaseExecutor.queryFromDatabase(BaseExecutor.java:303)
	at org.apache.ibatis.executor.BaseExecutor.query(BaseExecutor.java:154)
	at org.apache.ibatis.executor.CachingExecutor.query(CachingExecutor.java:102)
	at org.apache.ibatis.executor.CachingExecutor.query(CachingExecutor.java:82)
	at org.apache.ibatis.session.defaults.DefaultSqlSession.selectList(DefaultSqlSession.java:120)
	... 42 more
10:44:56,999 [main] DEBUG org.activiti.engine.impl.test.PvmTestCase  - verifying that db is clean after test
10:44:56,999 [main] DEBUG org.activiti.engine.impl.interceptor.LogInterceptor  - 

10:44:56,999 [main] DEBUG org.activiti.engine.impl.interceptor.LogInterceptor  - --- starting GetTableCountCmd --------------------------------------------------------
10:44:56,999 [main] DEBUG org.apache.ibatis.transaction.jdbc.JdbcTransaction  - Opening JDBC Connection
10:44:56,999 [main] DEBUG org.apache.ibatis.datasource.pooled.PooledDataSource  - Checked out connection 297240765 from pool.
10:44:56,999 [main] DEBUG org.apache.ibatis.transaction.jdbc.JdbcTransaction  - Setting autocommit to false on JDBC Connection [conn4: url=jdbc:h2:mem:activiti user=SA]
10:44:56,999 [main] DEBUG org.activiti.engine.impl.persistence.entity.TableDataManager  - retrieving activiti tables from jdbc metadata
10:44:57,000 [main] DEBUG org.activiti.engine.impl.persistence.entity.TableDataManager  -   retrieved activiti table name ACT_EVT_LOG
10:44:57,000 [main] DEBUG org.activiti.engine.impl.persistence.entity.TableDataManager  -   retrieved activiti table name ACT_GE_BYTEARRAY
10:44:57,000 [main] DEBUG org.activiti.engine.impl.persistence.entity.TableDataManager  -   retrieved activiti table name ACT_GE_PROPERTY
10:44:57,000 [main] DEBUG org.activiti.engine.impl.persistence.entity.TableDataManager  -   retrieved activiti table name ACT_HI_ACTINST
10:44:57,000 [main] DEBUG org.activiti.engine.impl.persistence.entity.TableDataManager  -   retrieved activiti table name ACT_HI_ATTACHMENT
10:44:57,000 [main] DEBUG org.activiti.engine.impl.persistence.entity.TableDataManager  -   retrieved activiti table name ACT_HI_COMMENT
10:44:57,000 [main] DEBUG org.activiti.engine.impl.persistence.entity.TableDataManager  -   retrieved activiti table name ACT_HI_DETAIL
10:44:57,000 [main] DEBUG org.activiti.engine.impl.persistence.entity.TableDataManager  -   retrieved activiti table name ACT_HI_IDENTITYLINK
10:44:57,000 [main] DEBUG org.activiti.engine.impl.persistence.entity.TableDataManager  -   retrieved activiti table name ACT_HI_PROCINST
10:44:57,000 [main] DEBUG org.activiti.engine.impl.persistence.entity.TableDataManager  -   retrieved activiti table name ACT_HI_TASKINST
10:44:57,000 [main] DEBUG org.activiti.engine.impl.persistence.entity.TableDataManager  -   retrieved activiti table name ACT_HI_VARINST
10:44:57,000 [main] DEBUG org.activiti.engine.impl.persistence.entity.TableDataManager  -   retrieved activiti table name ACT_ID_GROUP
10:44:57,000 [main] DEBUG org.activiti.engine.impl.persistence.entity.TableDataManager  -   retrieved activiti table name ACT_ID_INFO
10:44:57,000 [main] DEBUG org.activiti.engine.impl.persistence.entity.TableDataManager  -   retrieved activiti table name ACT_ID_MEMBERSHIP
10:44:57,000 [main] DEBUG org.activiti.engine.impl.persistence.entity.TableDataManager  -   retrieved activiti table name ACT_ID_USER
10:44:57,000 [main] DEBUG org.activiti.engine.impl.persistence.entity.TableDataManager  -   retrieved activiti table name ACT_PROCDEF_INFO
10:44:57,000 [main] DEBUG org.activiti.engine.impl.persistence.entity.TableDataManager  -   retrieved activiti table name ACT_RE_DEPLOYMENT
10:44:57,000 [main] DEBUG org.activiti.engine.impl.persistence.entity.TableDataManager  -   retrieved activiti table name ACT_RE_MODEL
10:44:57,000 [main] DEBUG org.activiti.engine.impl.persistence.entity.TableDataManager  -   retrieved activiti table name ACT_RE_PROCDEF
10:44:57,000 [main] DEBUG org.activiti.engine.impl.persistence.entity.TableDataManager  -   retrieved activiti table name ACT_RU_EVENT_SUBSCR
10:44:57,000 [main] DEBUG org.activiti.engine.impl.persistence.entity.TableDataManager  -   retrieved activiti table name ACT_RU_EXECUTION
10:44:57,000 [main] DEBUG org.activiti.engine.impl.persistence.entity.TableDataManager  -   retrieved activiti table name ACT_RU_IDENTITYLINK
10:44:57,000 [main] DEBUG org.activiti.engine.impl.persistence.entity.TableDataManager  -   retrieved activiti table name ACT_RU_JOB
10:44:57,000 [main] DEBUG org.activiti.engine.impl.persistence.entity.TableDataManager  -   retrieved activiti table name ACT_RU_TASK
10:44:57,000 [main] DEBUG org.activiti.engine.impl.persistence.entity.TableDataManager  -   retrieved activiti table name ACT_RU_VARIABLE
10:44:57,000 [main] DEBUG org.activiti.engine.impl.persistence.entity.TableDataManager  - selecting table count for ACT_EVT_LOG
10:44:57,000 [main] DEBUG org.activiti.engine.impl.TablePageMap.selectTableCount  - ==&gt;  Preparing: select count(*) from ACT_EVT_LOG 
10:44:57,000 [main] DEBUG org.activiti.engine.impl.TablePageMap.selectTableCount  - ==&gt; Parameters: 
10:44:57,000 [main] DEBUG org.activiti.engine.impl.TablePageMap.selectTableCount  - &lt;==      Total: 1
10:44:57,000 [main] DEBUG org.activiti.engine.impl.persistence.entity.TableDataManager  - selecting table count for ACT_GE_BYTEARRAY
10:44:57,000 [main] DEBUG org.activiti.engine.impl.TablePageMap.selectTableCount  - ==&gt;  Preparing: select count(*) from ACT_GE_BYTEARRAY 
10:44:57,000 [main] DEBUG org.activiti.engine.impl.TablePageMap.selectTableCount  - ==&gt; Parameters: 
10:44:57,000 [main] DEBUG org.activiti.engine.impl.TablePageMap.selectTableCount  - &lt;==      Total: 1
10:44:57,000 [main] DEBUG org.activiti.engine.impl.persistence.entity.TableDataManager  - selecting table count for ACT_GE_PROPERTY
10:44:57,000 [main] DEBUG org.activiti.engine.impl.TablePageMap.selectTableCount  - ==&gt;  Preparing: select count(*) from ACT_GE_PROPERTY 
10:44:57,000 [main] DEBUG org.activiti.engine.impl.TablePageMap.selectTableCount  - ==&gt; Parameters: 
10:44:57,000 [main] DEBUG org.activiti.engine.impl.TablePageMap.selectTableCount  - &lt;==      Total: 1
10:44:57,000 [main] DEBUG org.activiti.engine.impl.persistence.entity.TableDataManager  - selecting table count for ACT_HI_ACTINST
10:44:57,000 [main] DEBUG org.activiti.engine.impl.TablePageMap.selectTableCount  - ==&gt;  Preparing: select count(*) from ACT_HI_ACTINST 
10:44:57,000 [main] DEBUG org.activiti.engine.impl.TablePageMap.selectTableCount  - ==&gt; Parameters: 
10:44:57,000 [main] DEBUG org.activiti.engine.impl.TablePageMap.selectTableCount  - &lt;==      Total: 1
10:44:57,000 [main] DEBUG org.activiti.engine.impl.persistence.entity.TableDataManager  - selecting table count for ACT_HI_ATTACHMENT
10:44:57,000 [main] DEBUG org.activiti.engine.impl.TablePageMap.selectTableCount  - ==&gt;  Preparing: select count(*) from ACT_HI_ATTACHMENT 
10:44:57,000 [main] DEBUG org.activiti.engine.impl.TablePageMap.selectTableCount  - ==&gt; Parameters: 
10:44:57,000 [main] DEBUG org.activiti.engine.impl.TablePageMap.selectTableCount  - &lt;==      Total: 1
10:44:57,000 [main] DEBUG org.activiti.engine.impl.persistence.entity.TableDataManager  - selecting table count for ACT_HI_COMMENT
10:44:57,000 [main] DEBUG org.activiti.engine.impl.TablePageMap.selectTableCount  - ==&gt;  Preparing: select count(*) from ACT_HI_COMMENT 
10:44:57,000 [main] DEBUG org.activiti.engine.impl.TablePageMap.selectTableCount  - ==&gt; Parameters: 
10:44:57,000 [main] DEBUG org.activiti.engine.impl.TablePageMap.selectTableCount  - &lt;==      Total: 1
10:44:57,000 [main] DEBUG org.activiti.engine.impl.persistence.entity.TableDataManager  - selecting table count for ACT_HI_DETAIL
10:44:57,000 [main] DEBUG org.activiti.engine.impl.TablePageMap.selectTableCount  - ==&gt;  Preparing: select count(*) from ACT_HI_DETAIL 
10:44:57,000 [main] DEBUG org.activiti.engine.impl.TablePageMap.selectTableCount  - ==&gt; Parameters: 
10:44:57,000 [main] DEBUG org.activiti.engine.impl.TablePageMap.selectTableCount  - &lt;==      Total: 1
10:44:57,000 [main] DEBUG org.activiti.engine.impl.persistence.entity.TableDataManager  - selecting table count for ACT_HI_IDENTITYLINK
10:44:57,000 [main] DEBUG org.activiti.engine.impl.TablePageMap.selectTableCount  - ==&gt;  Preparing: select count(*) from ACT_HI_IDENTITYLINK 
10:44:57,000 [main] DEBUG org.activiti.engine.impl.TablePageMap.selectTableCount  - ==&gt; Parameters: 
10:44:57,000 [main] DEBUG org.activiti.engine.impl.TablePageMap.selectTableCount  - &lt;==      Total: 1
10:44:57,000 [main] DEBUG org.activiti.engine.impl.persistence.entity.TableDataManager  - selecting table count for ACT_HI_PROCINST
10:44:57,000 [main] DEBUG org.activiti.engine.impl.TablePageMap.selectTableCount  - ==&gt;  Preparing: select count(*) from ACT_HI_PROCINST 
10:44:57,000 [main] DEBUG org.activiti.engine.impl.TablePageMap.selectTableCount  - ==&gt; Parameters: 
10:44:57,000 [main] DEBUG org.activiti.engine.impl.TablePageMap.selectTableCount  - &lt;==      Total: 1
10:44:57,000 [main] DEBUG org.activiti.engine.impl.persistence.entity.TableDataManager  - selecting table count for ACT_HI_TASKINST
10:44:57,000 [main] DEBUG org.activiti.engine.impl.TablePageMap.selectTableCount  - ==&gt;  Preparing: select count(*) from ACT_HI_TASKINST 
10:44:57,000 [main] DEBUG org.activiti.engine.impl.TablePageMap.selectTableCount  - ==&gt; Parameters: 
10:44:57,000 [main] DEBUG org.activiti.engine.impl.TablePageMap.selectTableCount  - &lt;==      Total: 1
10:44:57,000 [main] DEBUG org.activiti.engine.impl.persistence.entity.TableDataManager  - selecting table count for ACT_HI_VARINST
10:44:57,000 [main] DEBUG org.activiti.engine.impl.TablePageMap.selectTableCount  - ==&gt;  Preparing: select count(*) from ACT_HI_VARINST 
10:44:57,000 [main] DEBUG org.activiti.engine.impl.TablePageMap.selectTableCount  - ==&gt; Parameters: 
10:44:57,000 [main] DEBUG org.activiti.engine.impl.TablePageMap.selectTableCount  - &lt;==      Total: 1
10:44:57,000 [main] DEBUG org.activiti.engine.impl.persistence.entity.TableDataManager  - selecting table count for ACT_ID_GROUP
10:44:57,000 [main] DEBUG org.activiti.engine.impl.TablePageMap.selectTableCount  - ==&gt;  Preparing: select count(*) from ACT_ID_GROUP 
10:44:57,000 [main] DEBUG org.activiti.engine.impl.TablePageMap.selectTableCount  - ==&gt; Parameters: 
10:44:57,000 [main] DEBUG org.activiti.engine.impl.TablePageMap.selectTableCount  - &lt;==      Total: 1
10:44:57,000 [main] DEBUG org.activiti.engine.impl.persistence.entity.TableDataManager  - selecting table count for ACT_ID_INFO
10:44:57,000 [main] DEBUG org.activiti.engine.impl.TablePageMap.selectTableCount  - ==&gt;  Preparing: select count(*) from ACT_ID_INFO 
10:44:57,000 [main] DEBUG org.activiti.engine.impl.TablePageMap.selectTableCount  - ==&gt; Parameters: 
10:44:57,000 [main] DEBUG org.activiti.engine.impl.TablePageMap.selectTableCount  - &lt;==      Total: 1
10:44:57,000 [main] DEBUG org.activiti.engine.impl.persistence.entity.TableDataManager  - selecting table count for ACT_ID_MEMBERSHIP
10:44:57,000 [main] DEBUG org.activiti.engine.impl.TablePageMap.selectTableCount  - ==&gt;  Preparing: select count(*) from ACT_ID_MEMBERSHIP 
10:44:57,000 [main] DEBUG org.activiti.engine.impl.TablePageMap.selectTableCount  - ==&gt; Parameters: 
10:44:57,000 [main] DEBUG org.activiti.engine.impl.TablePageMap.selectTableCount  - &lt;==      Total: 1
10:44:57,000 [main] DEBUG org.activiti.engine.impl.persistence.entity.TableDataManager  - selecting table count for ACT_ID_USER
10:44:57,000 [main] DEBUG org.activiti.engine.impl.TablePageMap.selectTableCount  - ==&gt;  Preparing: select count(*) from ACT_ID_USER 
10:44:57,000 [main] DEBUG org.activiti.engine.impl.TablePageMap.selectTableCount  - ==&gt; Parameters: 
10:44:57,000 [main] DEBUG org.activiti.engine.impl.TablePageMap.selectTableCount  - &lt;==      Total: 1
10:44:57,001 [main] DEBUG org.activiti.engine.impl.persistence.entity.TableDataManager  - selecting table count for ACT_PROCDEF_INFO
10:44:57,001 [main] DEBUG org.activiti.engine.impl.TablePageMap.selectTableCount  - ==&gt;  Preparing: select count(*) from ACT_PROCDEF_INFO 
10:44:57,001 [main] DEBUG org.activiti.engine.impl.TablePageMap.selectTableCount  - ==&gt; Parameters: 
10:44:57,001 [main] DEBUG org.activiti.engine.impl.TablePageMap.selectTableCount  - &lt;==      Total: 1
10:44:57,001 [main] DEBUG org.activiti.engine.impl.persistence.entity.TableDataManager  - selecting table count for ACT_RE_DEPLOYMENT
10:44:57,001 [main] DEBUG org.activiti.engine.impl.TablePageMap.selectTableCount  - ==&gt;  Preparing: select count(*) from ACT_RE_DEPLOYMENT 
10:44:57,001 [main] DEBUG org.activiti.engine.impl.TablePageMap.selectTableCount  - ==&gt; Parameters: 
10:44:57,001 [main] DEBUG org.activiti.engine.impl.TablePageMap.selectTableCount  - &lt;==      Total: 1
10:44:57,001 [main] DEBUG org.activiti.engine.impl.persistence.entity.TableDataManager  - selecting table count for ACT_RE_MODEL
10:44:57,001 [main] DEBUG org.activiti.engine.impl.TablePageMap.selectTableCount  - ==&gt;  Preparing: select count(*) from ACT_RE_MODEL 
10:44:57,001 [main] DEBUG org.activiti.engine.impl.TablePageMap.selectTableCount  - ==&gt; Parameters: 
10:44:57,001 [main] DEBUG org.activiti.engine.impl.TablePageMap.selectTableCount  - &lt;==      Total: 1
10:44:57,001 [main] DEBUG org.activiti.engine.impl.persistence.entity.TableDataManager  - selecting table count for ACT_RE_PROCDEF
10:44:57,001 [main] DEBUG org.activiti.engine.impl.TablePageMap.selectTableCount  - ==&gt;  Preparing: select count(*) from ACT_RE_PROCDEF 
10:44:57,001 [main] DEBUG org.activiti.engine.impl.TablePageMap.selectTableCount  - ==&gt; Parameters: 
10:44:57,001 [main] DEBUG org.activiti.engine.impl.TablePageMap.selectTableCount  - &lt;==      Total: 1
10:44:57,001 [main] DEBUG org.activiti.engine.impl.persistence.entity.TableDataManager  - selecting table count for ACT_RU_EVENT_SUBSCR
10:44:57,001 [main] DEBUG org.activiti.engine.impl.TablePageMap.selectTableCount  - ==&gt;  Preparing: select count(*) from ACT_RU_EVENT_SUBSCR 
10:44:57,001 [main] DEBUG org.activiti.engine.impl.TablePageMap.selectTableCount  - ==&gt; Parameters: 
10:44:57,001 [main] DEBUG org.activiti.engine.impl.TablePageMap.selectTableCount  - &lt;==      Total: 1
10:44:57,001 [main] DEBUG org.activiti.engine.impl.persistence.entity.TableDataManager  - selecting table count for ACT_RU_EXECUTION
10:44:57,001 [main] DEBUG org.activiti.engine.impl.TablePageMap.selectTableCount  - ==&gt;  Preparing: select count(*) from ACT_RU_EXECUTION 
10:44:57,001 [main] DEBUG org.activiti.engine.impl.TablePageMap.selectTableCount  - ==&gt; Parameters: 
10:44:57,001 [main] DEBUG org.activiti.engine.impl.TablePageMap.selectTableCount  - &lt;==      Total: 1
10:44:57,001 [main] DEBUG org.activiti.engine.impl.persistence.entity.TableDataManager  - selecting table count for ACT_RU_IDENTITYLINK
10:44:57,001 [main] DEBUG org.activiti.engine.impl.TablePageMap.selectTableCount  - ==&gt;  Preparing: select count(*) from ACT_RU_IDENTITYLINK 
10:44:57,001 [main] DEBUG org.activiti.engine.impl.TablePageMap.selectTableCount  - ==&gt; Parameters: 
10:44:57,001 [main] DEBUG org.activiti.engine.impl.TablePageMap.selectTableCount  - &lt;==      Total: 1
10:44:57,001 [main] DEBUG org.activiti.engine.impl.persistence.entity.TableDataManager  - selecting table count for ACT_RU_JOB
10:44:57,001 [main] DEBUG org.activiti.engine.impl.TablePageMap.selectTableCount  - ==&gt;  Preparing: select count(*) from ACT_RU_JOB 
10:44:57,001 [main] DEBUG org.activiti.engine.impl.TablePageMap.selectTableCount  - ==&gt; Parameters: 
10:44:57,001 [main] DEBUG org.activiti.engine.impl.TablePageMap.selectTableCount  - &lt;==      Total: 1
10:44:57,001 [main] DEBUG org.activiti.engine.impl.persistence.entity.TableDataManager  - selecting table count for ACT_RU_TASK
10:44:57,001 [main] DEBUG org.activiti.engine.impl.TablePageMap.selectTableCount  - ==&gt;  Preparing: select count(*) from ACT_RU_TASK 
10:44:57,001 [main] DEBUG org.activiti.engine.impl.TablePageMap.selectTableCount  - ==&gt; Parameters: 
10:44:57,001 [main] DEBUG org.activiti.engine.impl.TablePageMap.selectTableCount  - &lt;==      Total: 1
10:44:57,001 [main] DEBUG org.activiti.engine.impl.persistence.entity.TableDataManager  - selecting table count for ACT_RU_VARIABLE
10:44:57,001 [main] DEBUG org.activiti.engine.impl.TablePageMap.selectTableCount  - ==&gt;  Preparing: select count(*) from ACT_RU_VARIABLE 
10:44:57,001 [main] DEBUG org.activiti.engine.impl.TablePageMap.selectTableCount  - ==&gt; Parameters: 
10:44:57,001 [main] DEBUG org.activiti.engine.impl.TablePageMap.selectTableCount  - &lt;==      Total: 1
10:44:57,001 [main] DEBUG org.activiti.engine.impl.persistence.entity.TableDataManager  - Number of rows per activiti table: {ACT_RU_EVENT_SUBSCR=0, ACT_ID_USER=0, ACT_HI_ATTACHMENT=0, ACT_GE_BYTEARRAY=1, ACT_RE_MODEL=0, ACT_RU_VARIABLE=0, ACT_RU_TASK=3, ACT_RE_DEPLOYMENT=1, ACT_RE_PROCDEF=1, ACT_ID_GROUP=0, ACT_HI_VARINST=0, ACT_HI_COMMENT=0, ACT_HI_PROCINST=3, ACT_ID_INFO=0, ACT_ID_MEMBERSHIP=0, ACT_RU_JOB=4, ACT_PROCDEF_INFO=0, ACT_HI_ACTINST=6, ACT_RU_EXECUTION=6, ACT_HI_TASKINST=3, ACT_HI_DETAIL=0, ACT_EVT_LOG=0, ACT_HI_IDENTITYLINK=0, ACT_RU_IDENTITYLINK=0, ACT_GE_PROPERTY=3}
10:44:57,001 [main] DEBUG org.activiti.engine.impl.db.DbSqlSession  - flush summary: 0 insert, 0 update, 0 delete.
10:44:57,001 [main] DEBUG org.activiti.engine.impl.db.DbSqlSession  - now executing flush...
10:44:57,001 [main] DEBUG org.activiti.engine.impl.cfg.standalone.StandaloneMybatisTransactionContext  - firing event committing...
10:44:57,001 [main] DEBUG org.activiti.engine.impl.cfg.standalone.StandaloneMybatisTransactionContext  - committing the ibatis sql session...
10:44:57,001 [main] DEBUG org.activiti.engine.impl.cfg.standalone.StandaloneMybatisTransactionContext  - firing event committed...
10:44:57,001 [main] DEBUG org.apache.ibatis.transaction.jdbc.JdbcTransaction  - Resetting autocommit to true on JDBC Connection [conn4: url=jdbc:h2:mem:activiti user=SA]
10:44:57,001 [main] DEBUG org.apache.ibatis.transaction.jdbc.JdbcTransaction  - Closing JDBC Connection [conn4: url=jdbc:h2:mem:activiti user=SA]
10:44:57,001 [main] DEBUG org.apache.ibatis.datasource.pooled.PooledDataSource  - Returned connection 297240765 to pool.
10:44:57,001 [main] DEBUG org.activiti.engine.impl.interceptor.LogInterceptor  - --- GetTableCountCmd finished --------------------------------------------------------
10:44:57,001 [main] DEBUG org.activiti.engine.impl.interceptor.LogInterceptor  - 

10:44:57,001 [main] ERROR org.activiti.engine.impl.test.PvmTestCase  - 

10:44:57,001 [main] ERROR org.activiti.engine.impl.test.PvmTestCase  - DB NOT CLEAN: 
  ACT_GE_BYTEARRAY: 1 record(s)   ACT_RU_TASK: 3 record(s)   ACT_RE_DEPLOYMENT: 1 record(s)   ACT_RE_PROCDEF: 1 record(s)   ACT_HI_PROCINST: 3 record(s)   ACT_RU_JOB: 4 record(s)   ACT_HI_ACTINST: 6 record(s)   ACT_RU_EXECUTION: 6 record(s)   ACT_HI_TASKINST: 3 record(s) 
10:44:57,001 [main] INFO  org.activiti.engine.impl.test.PvmTestCase  - dropping and recreating db
10:44:57,001 [main] DEBUG org.activiti.engine.impl.interceptor.LogInterceptor  - 

10:44:57,001 [main] DEBUG org.activiti.engine.impl.interceptor.LogInterceptor  - --- starting  --------------------------------------------------------
10:44:57,001 [main] INFO  org.activiti.engine.impl.db.DbSqlSession  - performing drop on engine with resource org/activiti/db/drop/activiti.h2.drop.engine.sql
10:44:57,001 [main] DEBUG org.apache.ibatis.transaction.jdbc.JdbcTransaction  - Opening JDBC Connection
10:44:57,001 [main] DEBUG org.apache.ibatis.datasource.pooled.PooledDataSource  - Checked out connection 363509958 from pool.
10:44:57,001 [main] DEBUG org.apache.ibatis.transaction.jdbc.JdbcTransaction  - Setting autocommit to false on JDBC Connection [conn2: url=jdbc:h2:mem:activiti user=SA]
10:44:57,001 [main] DEBUG org.activiti.engine.impl.db.DbSqlSession  - SQL: drop table if exists ACT_GE_PROPERTY cascade constraints
10:44:57,001 [main] DEBUG org.activiti.engine.impl.db.DbSqlSession  - SQL: drop table if exists ACT_GE_BYTEARRAY cascade constraints
10:44:57,002 [main] DEBUG org.activiti.engine.impl.db.DbSqlSession  - SQL: drop table if exists ACT_RE_DEPLOYMENT cascade constraints
10:44:57,002 [main] DEBUG org.activiti.engine.impl.db.DbSqlSession  - SQL: drop table if exists ACT_RE_MODEL cascade constraints
10:44:57,002 [main] DEBUG org.activiti.engine.impl.db.DbSqlSession  - SQL: drop table if exists ACT_RU_EXECUTION cascade constraints
10:44:57,002 [main] DEBUG org.activiti.engine.impl.db.DbSqlSession  - SQL: drop table if exists ACT_RU_JOB cascade constraints
10:44:57,002 [main] DEBUG org.activiti.engine.impl.db.DbSqlSession  - SQL: drop table if exists ACT_RE_PROCDEF cascade constraints
10:44:57,002 [main] DEBUG org.activiti.engine.impl.db.DbSqlSession  - SQL: drop table if exists ACT_RU_TASK cascade constraints
10:44:57,002 [main] DEBUG org.activiti.engine.impl.db.DbSqlSession  - SQL: drop table if exists ACT_RU_IDENTITYLINK cascade constraints
10:44:57,002 [main] DEBUG org.activiti.engine.impl.db.DbSqlSession  - SQL: drop table if exists ACT_RU_VARIABLE cascade constraints
10:44:57,002 [main] DEBUG org.activiti.engine.impl.db.DbSqlSession  - SQL: drop table if exists ACT_RU_EVENT_SUBSCR cascade constraints
10:44:57,002 [main] DEBUG org.activiti.engine.impl.db.DbSqlSession  - SQL: drop table if exists ACT_EVT_LOG cascade constraints
10:44:57,002 [main] DEBUG org.activiti.engine.impl.db.DbSqlSession  - SQL: drop table if exists ACT_PROCDEF_INFO cascade constraints
10:44:57,002 [main] DEBUG org.activiti.engine.impl.db.DbSqlSession  - SQL: drop index if exists ACT_IDX_EXEC_BUSKEY
10:44:57,002 [main] DEBUG org.activiti.engine.impl.db.DbSqlSession  - SQL: drop index if exists ACT_IDX_TASK_CREATE
10:44:57,002 [main] DEBUG org.activiti.engine.impl.db.DbSqlSession  - SQL: drop index if exists ACT_IDX_IDENT_LNK_USER
10:44:57,002 [main] DEBUG org.activiti.engine.impl.db.DbSqlSession  - SQL: drop index if exists ACT_IDX_IDENT_LNK_GROUP
10:44:57,002 [main] DEBUG org.activiti.engine.impl.db.DbSqlSession  - SQL: drop index if exists ACT_IDX_VARIABLE_TASK_ID
10:44:57,002 [main] DEBUG org.activiti.engine.impl.db.DbSqlSession  - SQL: drop index if exists ACT_IDX_EVENT_SUBSCR_CONFIG_
10:44:57,002 [main] DEBUG org.activiti.engine.impl.db.DbSqlSession  - SQL: drop index if exists ACT_IDX_ATHRZ_PROCEDEF
10:44:57,002 [main] DEBUG org.activiti.engine.impl.db.DbSqlSession  - SQL: drop index if exists ACT_IDX_INFO_PROCDEF
10:44:57,002 [main] DEBUG org.activiti.engine.impl.db.DbSqlSession  - activiti db schema drop for component engine successful
10:44:57,003 [main] INFO  org.activiti.engine.impl.db.DbSqlSession  - performing drop on history with resource org/activiti/db/drop/activiti.h2.drop.history.sql
10:44:57,003 [main] DEBUG org.activiti.engine.impl.db.DbSqlSession  - SQL: drop table if exists ACT_HI_PROCINST cascade constraints
10:44:57,003 [main] DEBUG org.activiti.engine.impl.db.DbSqlSession  - SQL: drop table if exists ACT_HI_ACTINST cascade constraints
10:44:57,003 [main] DEBUG org.activiti.engine.impl.db.DbSqlSession  - SQL: drop table if exists ACT_HI_VARINST cascade constraints
10:44:57,003 [main] DEBUG org.activiti.engine.impl.db.DbSqlSession  - SQL: drop table if exists ACT_HI_TASKINST cascade constraints
10:44:57,003 [main] DEBUG org.activiti.engine.impl.db.DbSqlSession  - SQL: drop table if exists ACT_HI_DETAIL cascade constraints
10:44:57,003 [main] DEBUG org.activiti.engine.impl.db.DbSqlSession  - SQL: drop table if exists ACT_HI_COMMENT cascade constraints
10:44:57,003 [main] DEBUG org.activiti.engine.impl.db.DbSqlSession  - SQL: drop table if exists ACT_HI_ATTACHMENT cascade constraints
10:44:57,003 [main] DEBUG org.activiti.engine.impl.db.DbSqlSession  - SQL: drop table if exists ACT_HI_IDENTITYLINK cascade constraints
10:44:57,003 [main] DEBUG org.activiti.engine.impl.db.DbSqlSession  - SQL: drop index if exists ACT_IDX_HI_PRO_INST_END
10:44:57,003 [main] DEBUG org.activiti.engine.impl.db.DbSqlSession  - SQL: drop index if exists ACT_IDX_HI_PRO_I_BUSKEY
10:44:57,003 [main] DEBUG org.activiti.engine.impl.db.DbSqlSession  - SQL: drop index if exists ACT_IDX_HI_ACT_INST_START
10:44:57,003 [main] DEBUG org.activiti.engine.impl.db.DbSqlSession  - SQL: drop index if exists ACT_IDX_HI_ACT_INST_END
10:44:57,003 [main] DEBUG org.activiti.engine.impl.db.DbSqlSession  - SQL: drop index if exists ACT_IDX_HI_DETAIL_PROC_INST
10:44:57,003 [main] DEBUG org.activiti.engine.impl.db.DbSqlSession  - SQL: drop index if exists ACT_IDX_HI_DETAIL_ACT_INST
10:44:57,003 [main] DEBUG org.activiti.engine.impl.db.DbSqlSession  - SQL: drop index if exists ACT_IDX_HI_DETAIL_TIME
10:44:57,003 [main] DEBUG org.activiti.engine.impl.db.DbSqlSession  - SQL: drop index if exists ACT_IDX_HI_DETAIL_NAME
10:44:57,003 [main] DEBUG org.activiti.engine.impl.db.DbSqlSession  - SQL: drop index if exists ACT_IDX_HI_DETAIL_TASK_ID
10:44:57,003 [main] DEBUG org.activiti.engine.impl.db.DbSqlSession  - SQL: drop index if exists ACT_IDX_HI_PROCVAR_PROC_INST
10:44:57,003 [main] DEBUG org.activiti.engine.impl.db.DbSqlSession  - SQL: drop index if exists ACT_IDX_HI_PROCVAR_NAME_TYPE
10:44:57,003 [main] DEBUG org.activiti.engine.impl.db.DbSqlSession  - SQL: drop index if exists ACT_IDX_HI_ACT_INST_PROCINST
10:44:57,003 [main] DEBUG org.activiti.engine.impl.db.DbSqlSession  - SQL: drop index if exists ACT_IDX_HI_IDENT_LNK_USER
10:44:57,003 [main] DEBUG org.activiti.engine.impl.db.DbSqlSession  - SQL: drop index if exists ACT_IDX_HI_IDENT_LNK_TASK
10:44:57,003 [main] DEBUG org.activiti.engine.impl.db.DbSqlSession  - SQL: drop index if exists ACT_IDX_HI_IDENT_LNK_PROCINST
10:44:57,003 [main] DEBUG org.activiti.engine.impl.db.DbSqlSession  - SQL: drop index if exists ACT_IDX_HI_TASK_INST_PROCINST
10:44:57,003 [main] DEBUG org.activiti.engine.impl.db.DbSqlSession  - activiti db schema drop for component history successful
10:44:57,003 [main] INFO  org.activiti.engine.impl.db.DbSqlSession  - performing drop on identity with resource org/activiti/db/drop/activiti.h2.drop.identity.sql
10:44:57,003 [main] DEBUG org.activiti.engine.impl.db.DbSqlSession  - SQL: drop table if exists ACT_ID_INFO cascade constraints
10:44:57,003 [main] DEBUG org.activiti.engine.impl.db.DbSqlSession  - SQL: drop table if exists ACT_ID_GROUP cascade constraints
10:44:57,003 [main] DEBUG org.activiti.engine.impl.db.DbSqlSession  - SQL: drop table if exists ACT_ID_MEMBERSHIP cascade constraints
10:44:57,003 [main] DEBUG org.activiti.engine.impl.db.DbSqlSession  - SQL: drop table if exists ACT_ID_USER cascade constraints
10:44:57,003 [main] DEBUG org.activiti.engine.impl.db.DbSqlSession  - activiti db schema drop for component identity successful
10:44:57,004 [main] INFO  org.activiti.engine.impl.db.DbSqlSession  - performing create on engine with resource org/activiti/db/create/activiti.h2.create.engine.sql
10:44:57,004 [main] DEBUG org.activiti.engine.impl.db.DbSqlSession  - SQL: create table ACT_GE_PROPERTY ( 
NAME_ varchar(64), 
VALUE_ varchar(300), 
REV_ integer, 
primary key (NAME_) 
)
10:44:57,004 [main] DEBUG org.activiti.engine.impl.db.DbSqlSession  - SQL: insert into ACT_GE_PROPERTY 
values (&apos;schema.version&apos;, &apos;5.20.0.0&apos;, 1)
10:44:57,004 [main] DEBUG org.activiti.engine.impl.db.DbSqlSession  - SQL: insert into ACT_GE_PROPERTY 
values (&apos;schema.history&apos;, &apos;create(5.20.0.0)&apos;, 1)
10:44:57,004 [main] DEBUG org.activiti.engine.impl.db.DbSqlSession  - SQL: insert into ACT_GE_PROPERTY 
values (&apos;next.dbid&apos;, &apos;1&apos;, 1)
10:44:57,004 [main] DEBUG org.activiti.engine.impl.db.DbSqlSession  - SQL: create table ACT_GE_BYTEARRAY ( 
ID_ varchar(64), 
REV_ integer, 
NAME_ varchar(255), 
DEPLOYMENT_ID_ varchar(64), 
BYTES_ longvarbinary, 
GENERATED_ bit, 
primary key (ID_) 
)
10:44:57,004 [main] DEBUG org.activiti.engine.impl.db.DbSqlSession  - SQL: create table ACT_RE_DEPLOYMENT ( 
ID_ varchar(64), 
NAME_ varchar(255), 
CATEGORY_ varchar(255), 
TENANT_ID_ varchar(255) default &apos;&apos;, 
DEPLOY_TIME_ timestamp, 
primary key (ID_) 
)
10:44:57,004 [main] DEBUG org.activiti.engine.impl.db.DbSqlSession  - SQL: create table ACT_RE_MODEL ( 
ID_ varchar(64) not null, 
REV_ integer, 
NAME_ varchar(255), 
KEY_ varchar(255), 
CATEGORY_ varchar(255), 
CREATE_TIME_ timestamp, 
LAST_UPDATE_TIME_ timestamp, 
VERSION_ integer, 
META_INFO_ varchar(4000), 
DEPLOYMENT_ID_ varchar(64), 
EDITOR_SOURCE_VALUE_ID_ varchar(64), 
EDITOR_SOURCE_EXTRA_VALUE_ID_ varchar(64), 
TENANT_ID_ varchar(255) default &apos;&apos;, 
primary key (ID_) 
)
10:44:57,004 [main] DEBUG org.activiti.engine.impl.db.DbSqlSession  - SQL: create table ACT_RU_EXECUTION ( 
ID_ varchar(64), 
REV_ integer, 
PROC_INST_ID_ varchar(64), 
BUSINESS_KEY_ varchar(255), 
PARENT_ID_ varchar(64), 
PROC_DEF_ID_ varchar(64), 
SUPER_EXEC_ varchar(64), 
ACT_ID_ varchar(255), 
IS_ACTIVE_ bit, 
IS_CONCURRENT_ bit, 
IS_SCOPE_ bit, 
IS_EVENT_SCOPE_ bit, 
SUSPENSION_STATE_ integer, 
CACHED_ENT_STATE_ integer, 
TENANT_ID_ varchar(255) default &apos;&apos;, 
NAME_ varchar(255), 
LOCK_TIME_ timestamp, 
primary key (ID_) 
)
10:44:57,004 [main] DEBUG org.activiti.engine.impl.db.DbSqlSession  - SQL: create table ACT_RU_JOB ( 
ID_ varchar(64) NOT NULL, 
REV_ integer, 
TYPE_ varchar(255) NOT NULL, 
LOCK_EXP_TIME_ timestamp, 
LOCK_OWNER_ varchar(255), 
EXCLUSIVE_ boolean, 
EXECUTION_ID_ varchar(64), 
PROCESS_INSTANCE_ID_ varchar(64), 
PROC_DEF_ID_ varchar(64), 
RETRIES_ integer, 
EXCEPTION_STACK_ID_ varchar(64), 
EXCEPTION_MSG_ varchar(4000), 
DUEDATE_ timestamp, 
REPEAT_ varchar(255), 
HANDLER_TYPE_ varchar(255), 
HANDLER_CFG_ varchar(4000), 
TENANT_ID_ varchar(255) default &apos;&apos;, 
primary key (ID_) 
)
10:44:57,004 [main] DEBUG org.activiti.engine.impl.db.DbSqlSession  - SQL: create table ACT_RE_PROCDEF ( 
ID_ varchar(64) NOT NULL, 
REV_ integer, 
CATEGORY_ varchar(255), 
NAME_ varchar(255), 
KEY_ varchar(255) NOT NULL, 
VERSION_ integer NOT NULL, 
DEPLOYMENT_ID_ varchar(64), 
RESOURCE_NAME_ varchar(4000), 
DGRM_RESOURCE_NAME_ varchar(4000), 
DESCRIPTION_ varchar(4000), 
HAS_START_FORM_KEY_ bit, 
HAS_GRAPHICAL_NOTATION_ bit, 
SUSPENSION_STATE_ integer, 
TENANT_ID_ varchar(255) default &apos;&apos;, 
primary key (ID_) 
)
10:44:57,004 [main] DEBUG org.activiti.engine.impl.db.DbSqlSession  - SQL: create table ACT_RU_TASK ( 
ID_ varchar(64), 
REV_ integer, 
EXECUTION_ID_ varchar(64), 
PROC_INST_ID_ varchar(64), 
PROC_DEF_ID_ varchar(64), 
NAME_ varchar(255), 
PARENT_TASK_ID_ varchar(64), 
DESCRIPTION_ varchar(4000), 
TASK_DEF_KEY_ varchar(255), 
OWNER_ varchar(255), 
ASSIGNEE_ varchar(255), 
DELEGATION_ varchar(64), 
PRIORITY_ integer, 
CREATE_TIME_ timestamp, 
DUE_DATE_ timestamp, 
CATEGORY_ varchar(255), 
SUSPENSION_STATE_ integer, 
TENANT_ID_ varchar(255) default &apos;&apos;, 
FORM_KEY_ varchar(255), 
primary key (ID_) 
)
10:44:57,004 [main] DEBUG org.activiti.engine.impl.db.DbSqlSession  - SQL: create table ACT_RU_IDENTITYLINK ( 
ID_ varchar(64), 
REV_ integer, 
GROUP_ID_ varchar(255), 
TYPE_ varchar(255), 
USER_ID_ varchar(255), 
TASK_ID_ varchar(64), 
PROC_INST_ID_ varchar(64) null, 
PROC_DEF_ID_ varchar(64), 
primary key (ID_) 
)
10:44:57,004 [main] DEBUG org.activiti.engine.impl.db.DbSqlSession  - SQL: create table ACT_RU_VARIABLE ( 
ID_ varchar(64) not null, 
REV_ integer, 
TYPE_ varchar(255) not null, 
NAME_ varchar(255) not null, 
EXECUTION_ID_ varchar(64), 
PROC_INST_ID_ varchar(64), 
TASK_ID_ varchar(64), 
BYTEARRAY_ID_ varchar(64), 
DOUBLE_ double, 
LONG_ bigint, 
TEXT_ varchar(4000), 
TEXT2_ varchar(4000), 
primary key (ID_) 
)
10:44:57,004 [main] DEBUG org.activiti.engine.impl.db.DbSqlSession  - SQL: create table ACT_RU_EVENT_SUBSCR ( 
ID_ varchar(64) not null, 
REV_ integer, 
EVENT_TYPE_ varchar(255) not null, 
EVENT_NAME_ varchar(255), 
EXECUTION_ID_ varchar(64), 
PROC_INST_ID_ varchar(64), 
ACTIVITY_ID_ varchar(64), 
CONFIGURATION_ varchar(255), 
CREATED_ timestamp not null, 
PROC_DEF_ID_ varchar(64), 
TENANT_ID_ varchar(255) default &apos;&apos;, 
primary key (ID_) 
)
10:44:57,004 [main] DEBUG org.activiti.engine.impl.db.DbSqlSession  - SQL: create table ACT_EVT_LOG ( 
LOG_NR_ identity, 
TYPE_ varchar(64), 
PROC_DEF_ID_ varchar(64), 
PROC_INST_ID_ varchar(64), 
EXECUTION_ID_ varchar(64), 
TASK_ID_ varchar(64), 
TIME_STAMP_ timestamp not null, 
USER_ID_ varchar(255), 
DATA_ longvarbinary, 
LOCK_OWNER_ varchar(255), 
LOCK_TIME_ timestamp, 
IS_PROCESSED_ bit default 0 
)
10:44:57,005 [main] DEBUG org.activiti.engine.impl.db.DbSqlSession  - SQL: create table ACT_PROCDEF_INFO ( 
ID_ varchar(64) not null, 
PROC_DEF_ID_ varchar(64) not null, 
REV_ integer, 
INFO_JSON_ID_ varchar(64), 
primary key (ID_) 
)
10:44:57,005 [main] DEBUG org.activiti.engine.impl.db.DbSqlSession  - SQL: create index ACT_IDX_EXEC_BUSKEY on ACT_RU_EXECUTION(BUSINESS_KEY_)
10:44:57,005 [main] DEBUG org.activiti.engine.impl.db.DbSqlSession  - SQL: create index ACT_IDX_TASK_CREATE on ACT_RU_TASK(CREATE_TIME_)
10:44:57,005 [main] DEBUG org.activiti.engine.impl.db.DbSqlSession  - SQL: create index ACT_IDX_IDENT_LNK_USER on ACT_RU_IDENTITYLINK(USER_ID_)
10:44:57,005 [main] DEBUG org.activiti.engine.impl.db.DbSqlSession  - SQL: create index ACT_IDX_IDENT_LNK_GROUP on ACT_RU_IDENTITYLINK(GROUP_ID_)
10:44:57,005 [main] DEBUG org.activiti.engine.impl.db.DbSqlSession  - SQL: create index ACT_IDX_EVENT_SUBSCR_CONFIG_ on ACT_RU_EVENT_SUBSCR(CONFIGURATION_)
10:44:57,005 [main] DEBUG org.activiti.engine.impl.db.DbSqlSession  - SQL: create index ACT_IDX_VARIABLE_TASK_ID on ACT_RU_VARIABLE(TASK_ID_)
10:44:57,005 [main] DEBUG org.activiti.engine.impl.db.DbSqlSession  - SQL: create index ACT_IDX_ATHRZ_PROCEDEF on ACT_RU_IDENTITYLINK(PROC_DEF_ID_)
10:44:57,005 [main] DEBUG org.activiti.engine.impl.db.DbSqlSession  - SQL: create index ACT_IDX_INFO_PROCDEF on ACT_PROCDEF_INFO(PROC_DEF_ID_)
10:44:57,005 [main] DEBUG org.activiti.engine.impl.db.DbSqlSession  - SQL: alter table ACT_GE_BYTEARRAY 
add constraint ACT_FK_BYTEARR_DEPL 
foreign key (DEPLOYMENT_ID_) 
references ACT_RE_DEPLOYMENT
10:44:57,006 [main] DEBUG org.activiti.engine.impl.db.DbSqlSession  - SQL: alter table ACT_RE_PROCDEF 
add constraint ACT_UNIQ_PROCDEF 
unique (KEY_,VERSION_, TENANT_ID_)
10:44:57,006 [main] DEBUG org.activiti.engine.impl.db.DbSqlSession  - SQL: alter table ACT_RU_EXECUTION 
add constraint ACT_FK_EXE_PROCINST 
foreign key (PROC_INST_ID_) 
references ACT_RU_EXECUTION
10:44:57,006 [main] DEBUG org.activiti.engine.impl.db.DbSqlSession  - SQL: alter table ACT_RU_EXECUTION 
add constraint ACT_FK_EXE_PARENT 
foreign key (PARENT_ID_) 
references ACT_RU_EXECUTION
10:44:57,006 [main] DEBUG org.activiti.engine.impl.db.DbSqlSession  - SQL: alter table ACT_RU_EXECUTION 
add constraint ACT_FK_EXE_SUPER 
foreign key (SUPER_EXEC_) 
references ACT_RU_EXECUTION
10:44:57,006 [main] DEBUG org.activiti.engine.impl.db.DbSqlSession  - SQL: alter table ACT_RU_EXECUTION 
add constraint ACT_FK_EXE_PROCDEF 
foreign key (PROC_DEF_ID_) 
references ACT_RE_PROCDEF (ID_)
10:44:57,006 [main] DEBUG org.activiti.engine.impl.db.DbSqlSession  - SQL: alter table ACT_RU_IDENTITYLINK 
add constraint ACT_FK_TSKASS_TASK 
foreign key (TASK_ID_) 
references ACT_RU_TASK
10:44:57,006 [main] DEBUG org.activiti.engine.impl.db.DbSqlSession  - SQL: alter table ACT_RU_IDENTITYLINK 
add constraint ACT_FK_ATHRZ_PROCEDEF 
foreign key (PROC_DEF_ID_) 
references ACT_RE_PROCDEF
10:44:57,007 [main] DEBUG org.activiti.engine.impl.db.DbSqlSession  - SQL: alter table ACT_RU_IDENTITYLINK 
add constraint ACT_FK_IDL_PROCINST 
foreign key (PROC_INST_ID_) 
references ACT_RU_EXECUTION (ID_)
10:44:57,007 [main] DEBUG org.activiti.engine.impl.db.DbSqlSession  - SQL: alter table ACT_RU_TASK 
add constraint ACT_FK_TASK_EXE 
foreign key (EXECUTION_ID_) 
references ACT_RU_EXECUTION
10:44:57,007 [main] DEBUG org.activiti.engine.impl.db.DbSqlSession  - SQL: alter table ACT_RU_TASK 
add constraint ACT_FK_TASK_PROCINST 
foreign key (PROC_INST_ID_) 
references ACT_RU_EXECUTION
10:44:57,007 [main] DEBUG org.activiti.engine.impl.db.DbSqlSession  - SQL: alter table ACT_RU_TASK 
add constraint ACT_FK_TASK_PROCDEF 
foreign key (PROC_DEF_ID_) 
references ACT_RE_PROCDEF
10:44:57,007 [main] DEBUG org.activiti.engine.impl.db.DbSqlSession  - SQL: alter table ACT_RU_VARIABLE 
add constraint ACT_FK_VAR_EXE 
foreign key (EXECUTION_ID_) 
references ACT_RU_EXECUTION
10:44:57,007 [main] DEBUG org.activiti.engine.impl.db.DbSqlSession  - SQL: alter table ACT_RU_VARIABLE 
add constraint ACT_FK_VAR_PROCINST 
foreign key (PROC_INST_ID_) 
references ACT_RU_EXECUTION
10:44:57,007 [main] DEBUG org.activiti.engine.impl.db.DbSqlSession  - SQL: alter table ACT_RU_VARIABLE 
add constraint ACT_FK_VAR_BYTEARRAY 
foreign key (BYTEARRAY_ID_) 
references ACT_GE_BYTEARRAY
10:44:57,007 [main] DEBUG org.activiti.engine.impl.db.DbSqlSession  - SQL: alter table ACT_RU_JOB 
add constraint ACT_FK_JOB_EXCEPTION 
foreign key (EXCEPTION_STACK_ID_) 
references ACT_GE_BYTEARRAY
10:44:57,007 [main] DEBUG org.activiti.engine.impl.db.DbSqlSession  - SQL: alter table ACT_RU_EVENT_SUBSCR 
add constraint ACT_FK_EVENT_EXEC 
foreign key (EXECUTION_ID_) 
references ACT_RU_EXECUTION
10:44:57,007 [main] DEBUG org.activiti.engine.impl.db.DbSqlSession  - SQL: alter table ACT_RE_MODEL 
add constraint ACT_FK_MODEL_SOURCE 
foreign key (EDITOR_SOURCE_VALUE_ID_) 
references ACT_GE_BYTEARRAY (ID_)
10:44:57,007 [main] DEBUG org.activiti.engine.impl.db.DbSqlSession  - SQL: alter table ACT_RE_MODEL 
add constraint ACT_FK_MODEL_SOURCE_EXTRA 
foreign key (EDITOR_SOURCE_EXTRA_VALUE_ID_) 
references ACT_GE_BYTEARRAY (ID_)
10:44:57,008 [main] DEBUG org.activiti.engine.impl.db.DbSqlSession  - SQL: alter table ACT_RE_MODEL 
add constraint ACT_FK_MODEL_DEPLOYMENT 
foreign key (DEPLOYMENT_ID_) 
references ACT_RE_DEPLOYMENT (ID_)
10:44:57,008 [main] DEBUG org.activiti.engine.impl.db.DbSqlSession  - SQL: alter table ACT_PROCDEF_INFO 
add constraint ACT_FK_INFO_JSON_BA 
foreign key (INFO_JSON_ID_) 
references ACT_GE_BYTEARRAY (ID_)
10:44:57,008 [main] DEBUG org.activiti.engine.impl.db.DbSqlSession  - SQL: alter table ACT_PROCDEF_INFO 
add constraint ACT_FK_INFO_PROCDEF 
foreign key (PROC_DEF_ID_) 
references ACT_RE_PROCDEF (ID_)
10:44:57,008 [main] DEBUG org.activiti.engine.impl.db.DbSqlSession  - SQL: alter table ACT_PROCDEF_INFO 
add constraint ACT_UNIQ_INFO_PROCDEF 
unique (PROC_DEF_ID_)
10:44:57,008 [main] DEBUG org.activiti.engine.impl.db.DbSqlSession  - activiti db schema create for component engine successful
10:44:57,008 [main] INFO  org.activiti.engine.impl.db.DbSqlSession  - performing create on history with resource org/activiti/db/create/activiti.h2.create.history.sql
10:44:57,008 [main] DEBUG org.activiti.engine.impl.db.DbSqlSession  - SQL: create table ACT_HI_PROCINST ( 
ID_ varchar(64) not null, 
PROC_INST_ID_ varchar(64) not null, 
BUSINESS_KEY_ varchar(255), 
PROC_DEF_ID_ varchar(64) not null, 
START_TIME_ timestamp not null, 
END_TIME_ timestamp, 
DURATION_ bigint, 
START_USER_ID_ varchar(255), 
START_ACT_ID_ varchar(255), 
END_ACT_ID_ varchar(255), 
SUPER_PROCESS_INSTANCE_ID_ varchar(64), 
DELETE_REASON_ varchar(4000), 
TENANT_ID_ varchar(255) default &apos;&apos;, 
NAME_ varchar(255), 
primary key (ID_), 
unique (PROC_INST_ID_) 
)
10:44:57,008 [main] DEBUG org.activiti.engine.impl.db.DbSqlSession  - SQL: create table ACT_HI_ACTINST ( 
ID_ varchar(64) not null, 
PROC_DEF_ID_ varchar(64) not null, 
PROC_INST_ID_ varchar(64) not null, 
EXECUTION_ID_ varchar(64) not null, 
ACT_ID_ varchar(255) not null, 
TASK_ID_ varchar(64), 
CALL_PROC_INST_ID_ varchar(64), 
ACT_NAME_ varchar(255), 
ACT_TYPE_ varchar(255) not null, 
ASSIGNEE_ varchar(255), 
START_TIME_ timestamp not null, 
END_TIME_ timestamp, 
DURATION_ bigint, 
TENANT_ID_ varchar(255) default &apos;&apos;, 
primary key (ID_) 
)
10:44:57,008 [main] DEBUG org.activiti.engine.impl.db.DbSqlSession  - SQL: create table ACT_HI_TASKINST ( 
ID_ varchar(64) not null, 
PROC_DEF_ID_ varchar(64), 
TASK_DEF_KEY_ varchar(255), 
PROC_INST_ID_ varchar(64), 
EXECUTION_ID_ varchar(64), 
NAME_ varchar(255), 
PARENT_TASK_ID_ varchar(64), 
DESCRIPTION_ varchar(4000), 
OWNER_ varchar(255), 
ASSIGNEE_ varchar(255), 
START_TIME_ timestamp not null, 
CLAIM_TIME_ timestamp, 
END_TIME_ timestamp, 
DURATION_ bigint, 
DELETE_REASON_ varchar(4000), 
PRIORITY_ integer, 
DUE_DATE_ timestamp, 
FORM_KEY_ varchar(255), 
CATEGORY_ varchar(255), 
TENANT_ID_ varchar(255) default &apos;&apos;, 
primary key (ID_) 
)
10:44:57,009 [main] DEBUG org.activiti.engine.impl.db.DbSqlSession  - SQL: create table ACT_HI_VARINST ( 
ID_ varchar(64) not null, 
PROC_INST_ID_ varchar(64), 
EXECUTION_ID_ varchar(64), 
TASK_ID_ varchar(64), 
NAME_ varchar(255) not null, 
VAR_TYPE_ varchar(100), 
REV_ integer, 
BYTEARRAY_ID_ varchar(64), 
DOUBLE_ double, 
LONG_ bigint, 
TEXT_ varchar(4000), 
TEXT2_ varchar(4000), 
CREATE_TIME_ timestamp, 
LAST_UPDATED_TIME_ timestamp, 
primary key (ID_) 
)
10:44:57,009 [main] DEBUG org.activiti.engine.impl.db.DbSqlSession  - SQL: create table ACT_HI_DETAIL ( 
ID_ varchar(64) not null, 
TYPE_ varchar(255) not null, 
TIME_ timestamp not null, 
NAME_ varchar(255), 
PROC_INST_ID_ varchar(64), 
EXECUTION_ID_ varchar(64), 
TASK_ID_ varchar(64), 
ACT_INST_ID_ varchar(64), 
VAR_TYPE_ varchar(255), 
REV_ integer, 
BYTEARRAY_ID_ varchar(64), 
DOUBLE_ double, 
LONG_ bigint, 
TEXT_ varchar(4000), 
TEXT2_ varchar(4000), 
primary key (ID_) 
)
10:44:57,009 [main] DEBUG org.activiti.engine.impl.db.DbSqlSession  - SQL: create table ACT_HI_COMMENT ( 
ID_ varchar(64) not null, 
TYPE_ varchar(255), 
TIME_ timestamp not null, 
USER_ID_ varchar(255), 
TASK_ID_ varchar(64), 
PROC_INST_ID_ varchar(64), 
ACTION_ varchar(255), 
MESSAGE_ varchar(4000), 
FULL_MSG_ longvarbinary, 
primary key (ID_) 
)
10:44:57,009 [main] DEBUG org.activiti.engine.impl.db.DbSqlSession  - SQL: create table ACT_HI_ATTACHMENT ( 
ID_ varchar(64) not null, 
REV_ integer, 
USER_ID_ varchar(255), 
NAME_ varchar(255), 
DESCRIPTION_ varchar(4000), 
TYPE_ varchar(255), 
TASK_ID_ varchar(64), 
PROC_INST_ID_ varchar(64), 
URL_ varchar(4000), 
CONTENT_ID_ varchar(64), 
TIME_ timestamp, 
primary key (ID_) 
)
10:44:57,009 [main] DEBUG org.activiti.engine.impl.db.DbSqlSession  - SQL: create table ACT_HI_IDENTITYLINK ( 
ID_ varchar(64), 
GROUP_ID_ varchar(255), 
TYPE_ varchar(255), 
USER_ID_ varchar(255), 
TASK_ID_ varchar(64), 
PROC_INST_ID_ varchar(64) null, 
primary key (ID_) 
)
10:44:57,009 [main] DEBUG org.activiti.engine.impl.db.DbSqlSession  - SQL: create index ACT_IDX_HI_PRO_INST_END on ACT_HI_PROCINST(END_TIME_)
10:44:57,009 [main] DEBUG org.activiti.engine.impl.db.DbSqlSession  - SQL: create index ACT_IDX_HI_PRO_I_BUSKEY on ACT_HI_PROCINST(BUSINESS_KEY_)
10:44:57,009 [main] DEBUG org.activiti.engine.impl.db.DbSqlSession  - SQL: create index ACT_IDX_HI_ACT_INST_START on ACT_HI_ACTINST(START_TIME_)
10:44:57,009 [main] DEBUG org.activiti.engine.impl.db.DbSqlSession  - SQL: create index ACT_IDX_HI_ACT_INST_END on ACT_HI_ACTINST(END_TIME_)
10:44:57,009 [main] DEBUG org.activiti.engine.impl.db.DbSqlSession  - SQL: create index ACT_IDX_HI_DETAIL_PROC_INST on ACT_HI_DETAIL(PROC_INST_ID_)
10:44:57,009 [main] DEBUG org.activiti.engine.impl.db.DbSqlSession  - SQL: create index ACT_IDX_HI_DETAIL_ACT_INST on ACT_HI_DETAIL(ACT_INST_ID_)
10:44:57,009 [main] DEBUG org.activiti.engine.impl.db.DbSqlSession  - SQL: create index ACT_IDX_HI_DETAIL_TIME on ACT_HI_DETAIL(TIME_)
10:44:57,009 [main] DEBUG org.activiti.engine.impl.db.DbSqlSession  - SQL: create index ACT_IDX_HI_DETAIL_NAME on ACT_HI_DETAIL(NAME_)
10:44:57,009 [main] DEBUG org.activiti.engine.impl.db.DbSqlSession  - SQL: create index ACT_IDX_HI_DETAIL_TASK_ID on ACT_HI_DETAIL(TASK_ID_)
10:44:57,009 [main] DEBUG org.activiti.engine.impl.db.DbSqlSession  - SQL: create index ACT_IDX_HI_PROCVAR_PROC_INST on ACT_HI_VARINST(PROC_INST_ID_)
10:44:57,009 [main] DEBUG org.activiti.engine.impl.db.DbSqlSession  - SQL: create index ACT_IDX_HI_PROCVAR_NAME_TYPE on ACT_HI_VARINST(NAME_, VAR_TYPE_)
10:44:57,009 [main] DEBUG org.activiti.engine.impl.db.DbSqlSession  - SQL: create index ACT_IDX_HI_PROCVAR_TASK_ID on ACT_HI_VARINST(TASK_ID_)
10:44:57,009 [main] DEBUG org.activiti.engine.impl.db.DbSqlSession  - SQL: create index ACT_IDX_HI_ACT_INST_PROCINST on ACT_HI_ACTINST(PROC_INST_ID_, ACT_ID_)
10:44:57,009 [main] DEBUG org.activiti.engine.impl.db.DbSqlSession  - SQL: create index ACT_IDX_HI_IDENT_LNK_USER on ACT_HI_IDENTITYLINK(USER_ID_)
10:44:57,009 [main] DEBUG org.activiti.engine.impl.db.DbSqlSession  - SQL: create index ACT_IDX_HI_IDENT_LNK_TASK on ACT_HI_IDENTITYLINK(TASK_ID_)
10:44:57,009 [main] DEBUG org.activiti.engine.impl.db.DbSqlSession  - SQL: create index ACT_IDX_HI_IDENT_LNK_PROCINST on ACT_HI_IDENTITYLINK(PROC_INST_ID_)
10:44:57,009 [main] DEBUG org.activiti.engine.impl.db.DbSqlSession  - SQL: create index ACT_IDX_HI_ACT_INST_EXEC on ACT_HI_ACTINST(EXECUTION_ID_, ACT_ID_)
10:44:57,009 [main] DEBUG org.activiti.engine.impl.db.DbSqlSession  - SQL: create index ACT_IDX_HI_TASK_INST_PROCINST on ACT_HI_TASKINST(PROC_INST_ID_)
10:44:57,009 [main] DEBUG org.activiti.engine.impl.db.DbSqlSession  - activiti db schema create for component history successful
10:44:57,009 [main] INFO  org.activiti.engine.impl.db.DbSqlSession  - performing create on identity with resource org/activiti/db/create/activiti.h2.create.identity.sql
10:44:57,009 [main] DEBUG org.activiti.engine.impl.db.DbSqlSession  - SQL: create table ACT_ID_GROUP ( 
ID_ varchar(64), 
REV_ integer, 
NAME_ varchar(255), 
TYPE_ varchar(255), 
primary key (ID_) 
)
10:44:57,009 [main] DEBUG org.activiti.engine.impl.db.DbSqlSession  - SQL: create table ACT_ID_MEMBERSHIP ( 
USER_ID_ varchar(64), 
GROUP_ID_ varchar(64), 
primary key (USER_ID_, GROUP_ID_) 
)
10:44:57,009 [main] DEBUG org.activiti.engine.impl.db.DbSqlSession  - SQL: create table ACT_ID_USER ( 
ID_ varchar(64), 
REV_ integer, 
FIRST_ varchar(255), 
LAST_ varchar(255), 
EMAIL_ varchar(255), 
PWD_ varchar(255), 
PICTURE_ID_ varchar(64), 
primary key (ID_) 
)
10:44:57,009 [main] DEBUG org.activiti.engine.impl.db.DbSqlSession  - SQL: create table ACT_ID_INFO ( 
ID_ varchar(64), 
REV_ integer, 
USER_ID_ varchar(64), 
TYPE_ varchar(64), 
KEY_ varchar(255), 
VALUE_ varchar(255), 
PASSWORD_ longvarbinary, 
PARENT_ID_ varchar(255), 
primary key (ID_) 
)
10:44:57,009 [main] DEBUG org.activiti.engine.impl.db.DbSqlSession  - SQL: alter table ACT_ID_MEMBERSHIP 
add constraint ACT_FK_MEMB_GROUP 
foreign key (GROUP_ID_) 
references ACT_ID_GROUP
10:44:57,010 [main] DEBUG org.activiti.engine.impl.db.DbSqlSession  - SQL: alter table ACT_ID_MEMBERSHIP 
add constraint ACT_FK_MEMB_USER 
foreign key (USER_ID_) 
references ACT_ID_USER
10:44:57,010 [main] DEBUG org.activiti.engine.impl.db.DbSqlSession  - activiti db schema create for component identity successful
10:44:57,010 [main] DEBUG org.activiti.engine.impl.db.DbSqlSession  - flush summary: 0 insert, 0 update, 0 delete.
10:44:57,010 [main] DEBUG org.activiti.engine.impl.db.DbSqlSession  - now executing flush...
10:44:57,010 [main] DEBUG org.activiti.engine.impl.cfg.standalone.StandaloneMybatisTransactionContext  - firing event committing...
10:44:57,010 [main] DEBUG org.activiti.engine.impl.cfg.standalone.StandaloneMybatisTransactionContext  - committing the ibatis sql session...
10:44:57,010 [main] DEBUG org.activiti.engine.impl.cfg.standalone.StandaloneMybatisTransactionContext  - firing event committed...
10:44:57,010 [main] DEBUG org.apache.ibatis.transaction.jdbc.JdbcTransaction  - Resetting autocommit to true on JDBC Connection [conn2: url=jdbc:h2:mem:activiti user=SA]
10:44:57,010 [main] DEBUG org.apache.ibatis.transaction.jdbc.JdbcTransaction  - Closing JDBC Connection [conn2: url=jdbc:h2:mem:activiti user=SA]
10:44:57,010 [main] DEBUG org.apache.ibatis.datasource.pooled.PooledDataSource  - Returned connection 363509958 to pool.
10:44:57,010 [main] DEBUG org.activiti.engine.impl.interceptor.LogInterceptor  - ---  finished --------------------------------------------------------
10:44:57,010 [main] DEBUG org.activiti.engine.impl.interceptor.LogInterceptor  - 

</system-out>
  </testcase>
  <testcase classname="org.activiti.engine.test.api.mgmt.JobQueryTest" name="testQueryByOnlyTimers" time="0.021">
    <error message="
### Error querying database.  Cause: org.h2.jdbc.JdbcSQLException: Syntax error in SQL statement &quot;SELECT RES.* 
     
    FROM ACT_RU_JOB RES
     
     WHERE  RES.TYPE_ = &apos;timer&apos; 
   
     ORDER BY  ORDER[*] BY RES.ID_ ASC  
    LIMIT ? OFFSET ? &quot;; expected &quot;=, NOT, EXISTS, INTERSECTS, SELECT, FROM&quot;; SQL statement:
select RES.* 
     
    from ACT_RU_JOB RES
     
     WHERE  RES.TYPE_ = &apos;timer&apos; 
   
     order by  order by RES.ID_ asc  
    LIMIT ? OFFSET ? [42001-176]
### The error may exist in org/activiti/db/mapping/entity/Job.xml
### The error may involve org.activiti.engine.impl.persistence.entity.JobEntity.selectJobByQueryCriteria
### The error occurred while executing a query
### SQL: select RES.*            from ACT_RU_JOB RES            WHERE  RES.TYPE_ = &apos;timer&apos;           order by  order by RES.ID_ asc       LIMIT ? OFFSET ?
### Cause: org.h2.jdbc.JdbcSQLException: Syntax error in SQL statement &quot;SELECT RES.* 
     
    FROM ACT_RU_JOB RES
     
     WHERE  RES.TYPE_ = &apos;timer&apos; 
   
     ORDER BY  ORDER[*] BY RES.ID_ ASC  
    LIMIT ? OFFSET ? &quot;; expected &quot;=, NOT, EXISTS, INTERSECTS, SELECT, FROM&quot;; SQL statement:
select RES.* 
     
    from ACT_RU_JOB RES
     
     WHERE  RES.TYPE_ = &apos;timer&apos; 
   
     order by  order by RES.ID_ asc  
    LIMIT ? OFFSET ? [42001-176]" type="org.apache.ibatis.exceptions.PersistenceException">org.apache.ibatis.exceptions.PersistenceException: 
### Error querying database.  Cause: org.h2.jdbc.JdbcSQLException: Syntax error in SQL statement &quot;SELECT RES.* 
     
    FROM ACT_RU_JOB RES
     
     WHERE  RES.TYPE_ = &apos;timer&apos; 
   
     ORDER BY  ORDER[*] BY RES.ID_ ASC  
    LIMIT ? OFFSET ? &quot;; expected &quot;=, NOT, EXISTS, INTERSECTS, SELECT, FROM&quot;; SQL statement:
select RES.* 
     
    from ACT_RU_JOB RES
     
     WHERE  RES.TYPE_ = &apos;timer&apos; 
   
     order by  order by RES.ID_ asc  
    LIMIT ? OFFSET ? [42001-176]
### The error may exist in org/activiti/db/mapping/entity/Job.xml
### The error may involve org.activiti.engine.impl.persistence.entity.JobEntity.selectJobByQueryCriteria
### The error occurred while executing a query
### SQL: select RES.*            from ACT_RU_JOB RES            WHERE  RES.TYPE_ = &apos;timer&apos;           order by  order by RES.ID_ asc       LIMIT ? OFFSET ?
### Cause: org.h2.jdbc.JdbcSQLException: Syntax error in SQL statement &quot;SELECT RES.* 
     
    FROM ACT_RU_JOB RES
     
     WHERE  RES.TYPE_ = &apos;timer&apos; 
   
     ORDER BY  ORDER[*] BY RES.ID_ ASC  
    LIMIT ? OFFSET ? &quot;; expected &quot;=, NOT, EXISTS, INTERSECTS, SELECT, FROM&quot;; SQL statement:
select RES.* 
     
    from ACT_RU_JOB RES
     
     WHERE  RES.TYPE_ = &apos;timer&apos; 
   
     order by  order by RES.ID_ asc  
    LIMIT ? OFFSET ? [42001-176]
	at org.apache.ibatis.exceptions.ExceptionFactory.wrapException(ExceptionFactory.java:30)
	at org.apache.ibatis.session.defaults.DefaultSqlSession.selectList(DefaultSqlSession.java:122)
	at org.apache.ibatis.session.defaults.DefaultSqlSession.selectList(DefaultSqlSession.java:113)
	at org.activiti.engine.impl.db.DbSqlSession.selectListWithRawParameter(DbSqlSession.java:438)
	at org.activiti.engine.impl.db.DbSqlSession.selectList(DbSqlSession.java:429)
	at org.activiti.engine.impl.db.DbSqlSession.selectList(DbSqlSession.java:419)
	at org.activiti.engine.impl.persistence.entity.JobEntityManager.findJobsByQueryCriteria(JobEntityManager.java:198)
	at org.activiti.engine.impl.JobQueryImpl.executeList(JobQueryImpl.java:243)
	at org.activiti.engine.impl.AbstractQuery.execute(AbstractQuery.java:164)
	at org.activiti.engine.impl.interceptor.CommandInvoker.execute(CommandInvoker.java:24)
	at org.activiti.engine.impl.interceptor.CommandContextInterceptor.execute(CommandContextInterceptor.java:57)
	at org.activiti.engine.impl.interceptor.LogInterceptor.execute(LogInterceptor.java:37)
	at org.activiti.engine.impl.cfg.CommandExecutorImpl.execute(CommandExecutorImpl.java:40)
	at org.activiti.engine.impl.cfg.CommandExecutorImpl.execute(CommandExecutorImpl.java:35)
	at org.activiti.engine.impl.AbstractQuery.list(AbstractQuery.java:138)
	at org.activiti.engine.test.api.mgmt.JobQueryTest.verifyQueryResults(JobQueryTest.java:400)
	at org.activiti.engine.test.api.mgmt.JobQueryTest.testQueryByOnlyTimers(JobQueryTest.java:183)
	at sun.reflect.NativeMethodAccessorImpl.invoke0(Native Method)
	at sun.reflect.NativeMethodAccessorImpl.invoke(NativeMethodAccessorImpl.java:62)
	at sun.reflect.DelegatingMethodAccessorImpl.invoke(DelegatingMethodAccessorImpl.java:43)
	at java.lang.reflect.Method.invoke(Method.java:498)
	at junit.framework.TestCase.runTest(TestCase.java:176)
	at org.activiti.engine.impl.test.PvmTestCase.runTest(PvmTestCase.java:65)
	at junit.framework.TestCase.runBare(TestCase.java:141)
	at org.activiti.engine.impl.test.AbstractActivitiTestCase.runBare(AbstractActivitiTestCase.java:100)
	at junit.framework.TestResult$1.protect(TestResult.java:122)
	at junit.framework.TestResult.runProtected(TestResult.java:142)
	at junit.framework.TestResult.run(TestResult.java:125)
	at junit.framework.TestCase.run(TestCase.java:129)
	at junit.framework.TestSuite.runTest(TestSuite.java:255)
	at junit.framework.TestSuite.run(TestSuite.java:250)
	at org.junit.internal.runners.JUnit38ClassRunner.run(JUnit38ClassRunner.java:84)
	at org.apache.maven.surefire.junit4.JUnit4TestSet.execute(JUnit4TestSet.java:35)
	at org.apache.maven.surefire.junit4.JUnit4Provider.executeTestSet(JUnit4Provider.java:146)
	at org.apache.maven.surefire.junit4.JUnit4Provider.invoke(JUnit4Provider.java:97)
	at sun.reflect.NativeMethodAccessorImpl.invoke0(Native Method)
	at sun.reflect.NativeMethodAccessorImpl.invoke(NativeMethodAccessorImpl.java:62)
	at sun.reflect.DelegatingMethodAccessorImpl.invoke(DelegatingMethodAccessorImpl.java:43)
	at java.lang.reflect.Method.invoke(Method.java:498)
	at org.apache.maven.surefire.booter.ProviderFactory$ClassLoaderProxy.invoke(ProviderFactory.java:103)
	at com.sun.proxy.$Proxy0.invoke(Unknown Source)
	at org.apache.maven.surefire.booter.SurefireStarter.invokeProvider(SurefireStarter.java:145)
	at org.apache.maven.surefire.booter.SurefireStarter.runSuitesInProcess(SurefireStarter.java:87)
	at org.apache.maven.surefire.booter.ForkedBooter.main(ForkedBooter.java:69)
Caused by: org.h2.jdbc.JdbcSQLException: Syntax error in SQL statement &quot;SELECT RES.* 
     
    FROM ACT_RU_JOB RES
     
     WHERE  RES.TYPE_ = &apos;timer&apos; 
   
     ORDER BY  ORDER[*] BY RES.ID_ ASC  
    LIMIT ? OFFSET ? &quot;; expected &quot;=, NOT, EXISTS, INTERSECTS, SELECT, FROM&quot;; SQL statement:
select RES.* 
     
    from ACT_RU_JOB RES
     
     WHERE  RES.TYPE_ = &apos;timer&apos; 
   
     order by  order by RES.ID_ asc  
    LIMIT ? OFFSET ? [42001-176]
	at org.h2.message.DbException.getJdbcSQLException(DbException.java:344)
	at org.h2.message.DbException.getSyntaxError(DbException.java:204)
	at org.h2.command.Parser.getSyntaxError(Parser.java:524)
	at org.h2.command.Parser.readTerm(Parser.java:2688)
	at org.h2.command.Parser.readFactor(Parser.java:2244)
	at org.h2.command.Parser.readSum(Parser.java:2231)
	at org.h2.command.Parser.readConcat(Parser.java:2201)
	at org.h2.command.Parser.readCondition(Parser.java:2051)
	at org.h2.command.Parser.readAnd(Parser.java:2023)
	at org.h2.command.Parser.readExpression(Parser.java:2015)
	at org.h2.command.Parser.parseEndOfQuery(Parser.java:1726)
	at org.h2.command.Parser.parseSelectUnionExtension(Parser.java:1706)
	at org.h2.command.Parser.parseSelectUnion(Parser.java:1675)
	at org.h2.command.Parser.parseSelect(Parser.java:1662)
	at org.h2.command.Parser.parsePrepared(Parser.java:434)
	at org.h2.command.Parser.parse(Parser.java:306)
	at org.h2.command.Parser.parse(Parser.java:282)
	at org.h2.command.Parser.prepareCommand(Parser.java:243)
	at org.h2.engine.Session.prepareLocal(Session.java:442)
	at org.h2.engine.Session.prepareCommand(Session.java:384)
	at org.h2.jdbc.JdbcConnection.prepareCommand(JdbcConnection.java:1188)
	at org.h2.jdbc.JdbcPreparedStatement.&lt;init&gt;(JdbcPreparedStatement.java:73)
	at org.h2.jdbc.JdbcConnection.prepareStatement(JdbcConnection.java:276)
	at sun.reflect.GeneratedMethodAccessor6.invoke(Unknown Source)
	at sun.reflect.DelegatingMethodAccessorImpl.invoke(DelegatingMethodAccessorImpl.java:43)
	at java.lang.reflect.Method.invoke(Method.java:498)
	at org.apache.ibatis.datasource.pooled.PooledConnection.invoke(PooledConnection.java:245)
	at com.sun.proxy.$Proxy12.prepareStatement(Unknown Source)
	at sun.reflect.GeneratedMethodAccessor6.invoke(Unknown Source)
	at sun.reflect.DelegatingMethodAccessorImpl.invoke(DelegatingMethodAccessorImpl.java:43)
	at java.lang.reflect.Method.invoke(Method.java:498)
	at org.apache.ibatis.logging.jdbc.ConnectionLogger.invoke(ConnectionLogger.java:55)
	at com.sun.proxy.$Proxy12.prepareStatement(Unknown Source)
	at org.apache.ibatis.executor.statement.PreparedStatementHandler.instantiateStatement(PreparedStatementHandler.java:79)
	at org.apache.ibatis.executor.statement.BaseStatementHandler.prepare(BaseStatementHandler.java:88)
	at org.apache.ibatis.executor.statement.RoutingStatementHandler.prepare(RoutingStatementHandler.java:58)
	at org.apache.ibatis.executor.SimpleExecutor.prepareStatement(SimpleExecutor.java:76)
	at org.apache.ibatis.executor.SimpleExecutor.doQuery(SimpleExecutor.java:61)
	at org.apache.ibatis.executor.BaseExecutor.queryFromDatabase(BaseExecutor.java:303)
	at org.apache.ibatis.executor.BaseExecutor.query(BaseExecutor.java:154)
	at org.apache.ibatis.executor.CachingExecutor.query(CachingExecutor.java:102)
	at org.apache.ibatis.executor.CachingExecutor.query(CachingExecutor.java:82)
	at org.apache.ibatis.session.defaults.DefaultSqlSession.selectList(DefaultSqlSession.java:120)
	... 42 more
</error>
    <system-out>10:44:57,011 [main] DEBUG org.activiti.engine.impl.interceptor.LogInterceptor  - 

10:44:57,011 [main] DEBUG org.activiti.engine.impl.interceptor.LogInterceptor  - --- starting DeployCmd --------------------------------------------------------
10:44:57,011 [main] DEBUG org.activiti.engine.impl.bpmn.deployer.BpmnDeployer  - Processing deployment null
10:44:57,011 [main] INFO  org.activiti.engine.impl.bpmn.deployer.BpmnDeployer  - Processing resource org/activiti/engine/test/api/mgmt/timerOnTask.bpmn20.xml
10:44:57,015 [main] DEBUG org.activiti.engine.impl.bpmn.parser.handler.ProcessParseHandler  - Parsing process timerOnTask
10:44:57,015 [main] DEBUG org.activiti.engine.impl.bpmn.parser.handler.AbstractBpmnParseHandler  - Parsing activity firstLineSupport
10:44:57,016 [main] DEBUG org.activiti.engine.impl.bpmn.parser.handler.AbstractBpmnParseHandler  - Parsing activity secondLineSupport
10:44:57,016 [main] DEBUG org.activiti.engine.impl.bpmn.parser.handler.AbstractBpmnParseHandler  - Parsing activity theStart
10:44:57,016 [main] DEBUG org.activiti.engine.impl.bpmn.parser.handler.AbstractBpmnParseHandler  - Parsing activity normalEnd
10:44:57,016 [main] DEBUG org.activiti.engine.impl.bpmn.parser.handler.AbstractBpmnParseHandler  - Parsing activity escalatedEnd
10:44:57,016 [main] DEBUG org.activiti.engine.impl.bpmn.parser.handler.AbstractBpmnParseHandler  - Parsing activity escalationTimer
10:44:57,016 [main] DEBUG org.apache.ibatis.transaction.jdbc.JdbcTransaction  - Opening JDBC Connection
10:44:57,016 [main] DEBUG org.apache.ibatis.datasource.pooled.PooledDataSource  - Checked out connection 180014677 from pool.
10:44:57,016 [main] DEBUG org.apache.ibatis.transaction.jdbc.JdbcTransaction  - Setting autocommit to false on JDBC Connection [conn3: url=jdbc:h2:mem:activiti user=SA]
10:44:57,016 [main] DEBUG org.activiti.engine.impl.persistence.entity.ProcessDefinitionEntity.selectLatestProcessDefinitionByKey  - ==&gt;  Preparing: select * from ACT_RE_PROCDEF where KEY_ = ? and (TENANT_ID_ = &apos;&apos; or TENANT_ID_ is null) and VERSION_ = (select max(VERSION_) from ACT_RE_PROCDEF where KEY_ = ? and (TENANT_ID_ = &apos;&apos; or TENANT_ID_ is null)) 
10:44:57,016 [main] DEBUG org.activiti.engine.impl.persistence.entity.ProcessDefinitionEntity.selectLatestProcessDefinitionByKey  - ==&gt; Parameters: timerOnTask(String), timerOnTask(String)
10:44:57,016 [main] DEBUG org.activiti.engine.impl.persistence.entity.ProcessDefinitionEntity.selectLatestProcessDefinitionByKey  - &lt;==      Total: 0
10:44:57,016 [main] DEBUG org.activiti.engine.impl.persistence.entity.JobEntity.selectJobByTypeAndProcessDefinitionKeyNoTenantId  - ==&gt;  Preparing: select J.* from ACT_RU_JOB J inner join ACT_RE_PROCDEF P on J.PROC_DEF_ID_ = P.ID_ where J.HANDLER_TYPE_ = ? and P.KEY_ = ? and (P.TENANT_ID_ = &apos;&apos; or P.TENANT_ID_ is null) 
10:44:57,016 [main] DEBUG org.activiti.engine.impl.persistence.entity.JobEntity.selectJobByTypeAndProcessDefinitionKeyNoTenantId  - ==&gt; Parameters: timer-start-event(String), timerOnTask(String)
10:44:57,016 [main] DEBUG org.activiti.engine.impl.persistence.entity.JobEntity.selectJobByTypeAndProcessDefinitionKeyNoTenantId  - &lt;==      Total: 0
10:44:57,016 [main] DEBUG org.activiti.engine.impl.persistence.entity.ProcessDefinitionInfoEntity.selectProcessDefinitionInfoByProcessDefinitionId  - ==&gt;  Preparing: select * from ACT_PROCDEF_INFO where PROC_DEF_ID_ = ? 
10:44:57,016 [main] DEBUG org.activiti.engine.impl.persistence.entity.ProcessDefinitionInfoEntity.selectProcessDefinitionInfoByProcessDefinitionId  - ==&gt; Parameters: timerOnTask:1:1481(String)
10:44:57,016 [main] DEBUG org.activiti.engine.impl.persistence.entity.ProcessDefinitionInfoEntity.selectProcessDefinitionInfoByProcessDefinitionId  - &lt;==      Total: 0
10:44:57,016 [main] DEBUG org.activiti.engine.impl.interceptor.LogInterceptor  - 

10:44:57,016 [main] DEBUG org.activiti.engine.impl.interceptor.LogInterceptor  - --- starting GetProcessDefinitionInfoCmd --------------------------------------------------------
10:44:57,016 [main] DEBUG org.activiti.engine.impl.interceptor.CommandContextInterceptor  - Valid context found. Reusing it for the current command &apos;org.activiti.engine.impl.cmd.GetProcessDefinitionInfoCmd&apos;
10:44:57,016 [main] DEBUG org.activiti.engine.impl.interceptor.LogInterceptor  - 

10:44:57,016 [main] DEBUG org.activiti.engine.impl.interceptor.LogInterceptor  - --- starting  --------------------------------------------------------
10:44:57,016 [main] DEBUG org.activiti.engine.impl.interceptor.CommandContextInterceptor  - Valid context found. Reusing it for the current command &apos;null&apos;
10:44:57,016 [main] DEBUG org.activiti.engine.impl.interceptor.LogInterceptor  - ---  finished --------------------------------------------------------
10:44:57,016 [main] DEBUG org.activiti.engine.impl.interceptor.LogInterceptor  - 

10:44:57,016 [main] DEBUG org.activiti.engine.impl.interceptor.LogInterceptor  - --- GetProcessDefinitionInfoCmd finished --------------------------------------------------------
10:44:57,016 [main] DEBUG org.activiti.engine.impl.interceptor.LogInterceptor  - 

10:44:57,016 [main] DEBUG org.activiti.engine.impl.db.DbSqlSession  -   insert ResourceEntity[id=1480, name=org/activiti/engine/test/api/mgmt/timerOnTask.bpmn20.xml]
10:44:57,016 [main] DEBUG org.activiti.engine.impl.db.DbSqlSession  -   insert DeploymentEntity[id=1479, name=null]
10:44:57,016 [main] DEBUG org.activiti.engine.impl.db.DbSqlSession  -   insert ProcessDefinitionEntity[timerOnTask:1:1481]
10:44:57,016 [main] DEBUG org.activiti.engine.impl.db.DbSqlSession  - flush summary: 3 insert, 0 update, 0 delete.
10:44:57,016 [main] DEBUG org.activiti.engine.impl.db.DbSqlSession  - now executing flush...
10:44:57,016 [main] DEBUG org.activiti.engine.impl.db.DbSqlSession  - inserting: ProcessDefinitionEntity[timerOnTask:1:1481]
10:44:57,016 [main] DEBUG org.activiti.engine.impl.persistence.entity.ProcessDefinitionEntity.insertProcessDefinition  - ==&gt;  Preparing: insert into ACT_RE_PROCDEF(ID_, REV_, CATEGORY_, NAME_, KEY_, VERSION_, DEPLOYMENT_ID_, RESOURCE_NAME_, DGRM_RESOURCE_NAME_, DESCRIPTION_, HAS_START_FORM_KEY_, HAS_GRAPHICAL_NOTATION_ , SUSPENSION_STATE_, TENANT_ID_) values (?, 1, ?, ?, ?, ?, ?, ?, ?, ?, ?, ?, ?, ?) 
10:44:57,016 [main] DEBUG org.activiti.engine.impl.persistence.entity.ProcessDefinitionEntity.insertProcessDefinition  - ==&gt; Parameters: timerOnTask:1:1481(String), org.activiti.enginge.test.api.mgmt(String), null, timerOnTask(String), 1(Integer), 1479(String), org/activiti/engine/test/api/mgmt/timerOnTask.bpmn20.xml(String), null, null, false(Boolean), false(Boolean), 1(Integer), (String)
10:44:57,017 [main] DEBUG org.activiti.engine.impl.persistence.entity.ProcessDefinitionEntity.insertProcessDefinition  - &lt;==    Updates: 1
10:44:57,017 [main] DEBUG org.activiti.engine.impl.db.DbSqlSession  - inserting: DeploymentEntity[id=1479, name=null]
10:44:57,017 [main] DEBUG org.activiti.engine.impl.persistence.entity.DeploymentEntity.insertDeployment  - ==&gt;  Preparing: insert into ACT_RE_DEPLOYMENT(ID_, NAME_, CATEGORY_, TENANT_ID_, DEPLOY_TIME_) values(?, ?, ?, ?, ?) 
10:44:57,017 [main] DEBUG org.activiti.engine.impl.persistence.entity.DeploymentEntity.insertDeployment  - ==&gt; Parameters: 1479(String), null, null, (String), 2023-03-20 12:44:56.0(Timestamp)
10:44:57,017 [main] DEBUG org.activiti.engine.impl.persistence.entity.DeploymentEntity.insertDeployment  - &lt;==    Updates: 1
10:44:57,017 [main] DEBUG org.activiti.engine.impl.db.DbSqlSession  - inserting: ResourceEntity[id=1480, name=org/activiti/engine/test/api/mgmt/timerOnTask.bpmn20.xml]
10:44:57,017 [main] DEBUG org.activiti.engine.impl.persistence.entity.ResourceEntity.insertResource  - ==&gt;  Preparing: insert into ACT_GE_BYTEARRAY(ID_, REV_, NAME_, BYTES_, DEPLOYMENT_ID_, GENERATED_) values (?, 1, ?, ?, ?, ?) 
10:44:57,017 [main] DEBUG org.activiti.engine.impl.persistence.entity.ResourceEntity.insertResource  - ==&gt; Parameters: 1480(String), org/activiti/engine/test/api/mgmt/timerOnTask.bpmn20.xml(String), java.io.ByteArrayInputStream@7e91ed74(ByteArrayInputStream), 1479(String), false(Boolean)
10:44:57,017 [main] DEBUG org.activiti.engine.impl.persistence.entity.ResourceEntity.insertResource  - &lt;==    Updates: 1
10:44:57,017 [main] DEBUG org.activiti.engine.impl.cfg.standalone.StandaloneMybatisTransactionContext  - firing event committing...
10:44:57,017 [main] DEBUG org.activiti.engine.impl.cfg.standalone.StandaloneMybatisTransactionContext  - committing the ibatis sql session...
10:44:57,017 [main] DEBUG org.apache.ibatis.transaction.jdbc.JdbcTransaction  - Committing JDBC Connection [conn3: url=jdbc:h2:mem:activiti user=SA]
10:44:57,017 [main] DEBUG org.activiti.engine.impl.cfg.standalone.StandaloneMybatisTransactionContext  - firing event committed...
10:44:57,017 [main] DEBUG org.apache.ibatis.transaction.jdbc.JdbcTransaction  - Resetting autocommit to true on JDBC Connection [conn3: url=jdbc:h2:mem:activiti user=SA]
10:44:57,017 [main] DEBUG org.apache.ibatis.transaction.jdbc.JdbcTransaction  - Closing JDBC Connection [conn3: url=jdbc:h2:mem:activiti user=SA]
10:44:57,017 [main] DEBUG org.apache.ibatis.datasource.pooled.PooledDataSource  - Returned connection 180014677 to pool.
10:44:57,017 [main] DEBUG org.activiti.engine.impl.interceptor.LogInterceptor  - --- DeployCmd finished --------------------------------------------------------
10:44:57,017 [main] DEBUG org.activiti.engine.impl.interceptor.LogInterceptor  - 

10:44:57,017 [main] DEBUG org.activiti.engine.impl.interceptor.LogInterceptor  - 

10:44:57,017 [main] DEBUG org.activiti.engine.impl.interceptor.LogInterceptor  - --- starting StartProcessInstanceCmd --------------------------------------------------------
10:44:57,017 [main] DEBUG org.apache.ibatis.transaction.jdbc.JdbcTransaction  - Opening JDBC Connection
10:44:57,017 [main] DEBUG org.apache.ibatis.datasource.pooled.PooledDataSource  - Checked out connection 297240765 from pool.
10:44:57,017 [main] DEBUG org.apache.ibatis.transaction.jdbc.JdbcTransaction  - Setting autocommit to false on JDBC Connection [conn4: url=jdbc:h2:mem:activiti user=SA]
10:44:57,017 [main] DEBUG org.activiti.engine.impl.persistence.entity.ProcessDefinitionEntity.selectLatestProcessDefinitionByKey  - ==&gt;  Preparing: select * from ACT_RE_PROCDEF where KEY_ = ? and (TENANT_ID_ = &apos;&apos; or TENANT_ID_ is null) and VERSION_ = (select max(VERSION_) from ACT_RE_PROCDEF where KEY_ = ? and (TENANT_ID_ = &apos;&apos; or TENANT_ID_ is null)) 
10:44:57,017 [main] DEBUG org.activiti.engine.impl.persistence.entity.ProcessDefinitionEntity.selectLatestProcessDefinitionByKey  - ==&gt; Parameters: timerOnTask(String), timerOnTask(String)
10:44:57,017 [main] DEBUG org.activiti.engine.impl.persistence.entity.ProcessDefinitionEntity.selectLatestProcessDefinitionByKey  - &lt;==      Total: 1
10:44:57,017 [main] DEBUG org.activiti.engine.impl.persistence.entity.ExecutionEntity  - initializing ProcessInstance[1482]
10:44:57,017 [main] DEBUG org.activiti.engine.impl.history.DefaultHistoryManager  - Current history level: FULL, level required: ACTIVITY
10:44:57,017 [main] DEBUG org.activiti.engine.impl.pvm.runtime.AtomicOperationActivityExecute  - ProcessInstance[1482] executes Activity(theStart): org.activiti.engine.impl.bpmn.behavior.NoneStartEventActivityBehavior
10:44:57,017 [main] DEBUG org.activiti.engine.impl.persistence.entity.JobEntity.selectJobsByExecutionId  - ==&gt;  Preparing: select * from ACT_RU_JOB J where J.EXECUTION_ID_ = ? 
10:44:57,017 [main] DEBUG org.activiti.engine.impl.persistence.entity.JobEntity.selectJobsByExecutionId  - ==&gt; Parameters: 1482(String)
10:44:57,017 [main] DEBUG org.activiti.engine.impl.persistence.entity.JobEntity.selectJobsByExecutionId  - &lt;==      Total: 0
10:44:57,017 [main] DEBUG org.activiti.engine.impl.bpmn.behavior.BpmnActivityBehavior  - Leaving activity &apos;theStart&apos;
10:44:57,017 [main] DEBUG org.activiti.engine.impl.history.DefaultHistoryManager  - Current history level: FULL, level required: ACTIVITY
10:44:57,017 [main] DEBUG org.activiti.engine.impl.pvm.runtime.AtomicOperationTransitionNotifyListenerTake  - ProcessInstance[1482] takes transition (theStart)--flow1--&gt;(firstLineSupport)
10:44:57,017 [main] DEBUG org.activiti.engine.impl.persistence.entity.ExecutionEntity  - Child execution ScopeExecution[1484] created with parent 
10:44:57,017 [main] DEBUG org.activiti.engine.impl.pvm.runtime.AtomicOperationTransitionCreateScope  - create scope: parent ProcessInstance[1482] continues as execution ScopeExecution[1484]
10:44:57,017 [main] DEBUG org.activiti.engine.impl.persistence.entity.ExecutionEntity  - initializing ScopeExecution[1484]
10:44:57,017 [main] DEBUG org.activiti.engine.impl.persistence.entity.JobEntity.selectJobsByExecutionId  - ==&gt;  Preparing: select * from ACT_RU_JOB J where J.EXECUTION_ID_ = ? 
10:44:57,017 [main] DEBUG org.activiti.engine.impl.persistence.entity.JobEntity.selectJobsByExecutionId  - ==&gt; Parameters: 1484(String)
10:44:57,017 [main] DEBUG org.activiti.engine.impl.persistence.entity.JobEntity.selectJobsByExecutionId  - &lt;==      Total: 0
10:44:57,017 [main] DEBUG org.activiti.engine.impl.history.DefaultHistoryManager  - Current history level: FULL, level required: ACTIVITY
10:44:57,017 [main] DEBUG org.activiti.engine.impl.pvm.runtime.AtomicOperationActivityExecute  - ScopeExecution[1484] executes Activity(firstLineSupport): org.activiti.engine.impl.bpmn.behavior.UserTaskActivityBehavior
10:44:57,017 [main] DEBUG org.activiti.engine.impl.persistence.entity.TaskEntity.selectTasksByExecutionId  - ==&gt;  Preparing: select distinct T.* from ACT_RU_TASK T where T.EXECUTION_ID_ = ? 
10:44:57,017 [main] DEBUG org.activiti.engine.impl.persistence.entity.TaskEntity.selectTasksByExecutionId  - ==&gt; Parameters: 1484(String)
10:44:57,017 [main] DEBUG org.activiti.engine.impl.persistence.entity.TaskEntity.selectTasksByExecutionId  - &lt;==      Total: 0
10:44:57,017 [main] DEBUG org.activiti.engine.impl.history.DefaultHistoryManager  - Current history level: FULL, level required: AUDIT
10:44:57,017 [main] DEBUG org.activiti.engine.impl.history.DefaultHistoryManager  - Current history level: FULL, level required: AUDIT
10:44:57,017 [main] DEBUG org.activiti.engine.impl.interceptor.LogInterceptor  - 

10:44:57,017 [main] DEBUG org.activiti.engine.impl.interceptor.LogInterceptor  - --- starting  --------------------------------------------------------
10:44:57,017 [main] DEBUG org.activiti.engine.impl.interceptor.CommandContextInterceptor  - Valid context found. Reusing it for the current command &apos;null&apos;
10:44:57,017 [main] DEBUG org.activiti.engine.impl.persistence.entity.ProcessDefinitionInfoEntity.selectProcessDefinitionInfoByProcessDefinitionId  - ==&gt;  Preparing: select * from ACT_PROCDEF_INFO where PROC_DEF_ID_ = ? 
10:44:57,017 [main] DEBUG org.activiti.engine.impl.persistence.entity.ProcessDefinitionInfoEntity.selectProcessDefinitionInfoByProcessDefinitionId  - ==&gt; Parameters: timerOnTask:1:1481(String)
10:44:57,017 [main] DEBUG org.activiti.engine.impl.persistence.entity.ProcessDefinitionInfoEntity.selectProcessDefinitionInfoByProcessDefinitionId  - &lt;==      Total: 0
10:44:57,017 [main] DEBUG org.activiti.engine.impl.interceptor.LogInterceptor  - ---  finished --------------------------------------------------------
10:44:57,017 [main] DEBUG org.activiti.engine.impl.interceptor.LogInterceptor  - 

10:44:57,017 [main] DEBUG org.activiti.engine.impl.history.DefaultHistoryManager  - Current history level: FULL, level required: AUDIT
10:44:57,017 [main] DEBUG org.activiti.engine.impl.history.DefaultHistoryManager  - Current history level: FULL, level required: AUDIT
10:44:57,017 [main] DEBUG org.activiti.engine.impl.history.DefaultHistoryManager  - Current history level: FULL, level required: ACTIVITY
10:44:57,017 [main] DEBUG org.activiti.engine.impl.db.DbSqlSession  -   insert ProcessInstance[1482]
10:44:57,017 [main] DEBUG org.activiti.engine.impl.db.DbSqlSession  -   insert ScopeExecution[1484]
10:44:57,017 [main] DEBUG org.activiti.engine.impl.db.DbSqlSession  -   insert HistoricProcessInstanceEntity[superProcessInstanceId=null]
10:44:57,017 [main] DEBUG org.activiti.engine.impl.db.DbSqlSession  -   insert Task[id=1487, name=First line support]
10:44:57,017 [main] DEBUG org.activiti.engine.impl.db.DbSqlSession  -   insert HistoricTaskInstanceEntity[id=1487, name=First line support]
10:44:57,017 [main] DEBUG org.activiti.engine.impl.db.DbSqlSession  -   insert HistoricActivityInstanceEntity[activityId=theStart, activityName=null]
10:44:57,017 [main] DEBUG org.activiti.engine.impl.db.DbSqlSession  -   insert HistoricActivityInstanceEntity[activityId=firstLineSupport, activityName=First line support]
10:44:57,018 [main] DEBUG org.activiti.engine.impl.db.DbSqlSession  -   insert JobEntity [id=1485]
10:44:57,018 [main] DEBUG org.activiti.engine.impl.db.DbSqlSession  - flush summary: 8 insert, 0 update, 0 delete.
10:44:57,018 [main] DEBUG org.activiti.engine.impl.db.DbSqlSession  - now executing flush...
10:44:57,018 [main] DEBUG org.activiti.engine.impl.db.DbSqlSession  - inserting: HistoricTaskInstanceEntity[id=1487, name=First line support]
10:44:57,018 [main] DEBUG org.activiti.engine.impl.persistence.entity.HistoricTaskInstanceEntity.insertHistoricTaskInstance  - ==&gt;  Preparing: insert into ACT_HI_TASKINST ( ID_, PROC_DEF_ID_, PROC_INST_ID_, EXECUTION_ID_, NAME_, PARENT_TASK_ID_, DESCRIPTION_, OWNER_, ASSIGNEE_, START_TIME_, CLAIM_TIME_, END_TIME_, DURATION_, DELETE_REASON_, TASK_DEF_KEY_, FORM_KEY_, PRIORITY_, DUE_DATE_, CATEGORY_, TENANT_ID_ ) values ( ?, ?, ?, ?, ?, ?, ?, ?, ?, ?, ?, ?, ?, ?, ?, ?, ?, ?, ?, ? ) 
10:44:57,018 [main] DEBUG org.activiti.engine.impl.persistence.entity.HistoricTaskInstanceEntity.insertHistoricTaskInstance  - ==&gt; Parameters: 1487(String), timerOnTask:1:1481(String), 1482(String), 1484(String), First line support(String), null, null, null, null, 2023-03-20 10:44:57.0(Timestamp), null, null, null, null, firstLineSupport(String), null, 50(Integer), null, null, (String)
10:44:57,018 [main] DEBUG org.activiti.engine.impl.persistence.entity.HistoricTaskInstanceEntity.insertHistoricTaskInstance  - &lt;==    Updates: 1
10:44:57,018 [main] DEBUG org.activiti.engine.impl.db.DbSqlSession  - inserting: HistoricProcessInstanceEntity[superProcessInstanceId=null]
10:44:57,018 [main] DEBUG org.activiti.engine.impl.persistence.entity.HistoricProcessInstanceEntity.insertHistoricProcessInstance  - ==&gt;  Preparing: insert into ACT_HI_PROCINST ( ID_, PROC_INST_ID_, BUSINESS_KEY_, PROC_DEF_ID_, START_TIME_, END_TIME_, DURATION_, START_USER_ID_, START_ACT_ID_, END_ACT_ID_, SUPER_PROCESS_INSTANCE_ID_, DELETE_REASON_, TENANT_ID_, NAME_ ) values ( ?, ?, ?, ?, ?, ?, ?, ?, ?, ?, ?, ?, ?, ? ) 
10:44:57,018 [main] DEBUG org.activiti.engine.impl.persistence.entity.HistoricProcessInstanceEntity.insertHistoricProcessInstance  - ==&gt; Parameters: 1482(String), 1482(String), null, timerOnTask:1:1481(String), 2023-03-20 10:44:57.0(Timestamp), null, null, null, theStart(String), null, null, null, (String), null
10:44:57,018 [main] DEBUG org.activiti.engine.impl.persistence.entity.HistoricProcessInstanceEntity.insertHistoricProcessInstance  - &lt;==    Updates: 1
10:44:57,018 [main] DEBUG org.activiti.engine.impl.persistence.entity.HistoricActivityInstanceEntity.bulkInsertHistoricActivityInstance  - ==&gt;  Preparing: insert into ACT_HI_ACTINST ( ID_, PROC_DEF_ID_, PROC_INST_ID_, EXECUTION_ID_, ACT_ID_, TASK_ID_, CALL_PROC_INST_ID_, ACT_NAME_, ACT_TYPE_, ASSIGNEE_, START_TIME_, END_TIME_, DURATION_, TENANT_ID_ ) values (?, ?, ?, ?, ?, ?, ?, ?, ?, ?, ?, ?, ?, ?) , (?, ?, ?, ?, ?, ?, ?, ?, ?, ?, ?, ?, ?, ?) 
10:44:57,018 [main] DEBUG org.activiti.engine.impl.persistence.entity.HistoricActivityInstanceEntity.bulkInsertHistoricActivityInstance  - ==&gt; Parameters: 1483(String), timerOnTask:1:1481(String), 1482(String), 1482(String), theStart(String), null, null, null, startEvent(String), null, 2023-03-20 10:44:57.0(Timestamp), 2023-03-20 10:44:57.0(Timestamp), 0(Long), (String), 1486(String), timerOnTask:1:1481(String), 1482(String), 1484(String), firstLineSupport(String), 1487(String), null, First line support(String), userTask(String), null, 2023-03-20 10:44:57.0(Timestamp), null, null, (String)
10:44:57,018 [main] DEBUG org.activiti.engine.impl.persistence.entity.HistoricActivityInstanceEntity.bulkInsertHistoricActivityInstance  - &lt;==    Updates: 2
10:44:57,018 [main] DEBUG org.activiti.engine.impl.persistence.entity.ExecutionEntity.bulkInsertExecution  - ==&gt;  Preparing: insert into ACT_RU_EXECUTION (ID_, REV_, PROC_INST_ID_, BUSINESS_KEY_, PROC_DEF_ID_, ACT_ID_, IS_ACTIVE_, IS_CONCURRENT_, IS_SCOPE_,IS_EVENT_SCOPE_, PARENT_ID_, SUPER_EXEC_, SUSPENSION_STATE_, CACHED_ENT_STATE_, TENANT_ID_, NAME_) values (?, 1, ?, ?, ?, ?, ?, ?, ?, ?, ?, ?, ?, ?, ?, ?) , (?, 1, ?, ?, ?, ?, ?, ?, ?, ?, ?, ?, ?, ?, ?, ?) 
10:44:57,018 [main] DEBUG org.activiti.engine.impl.persistence.entity.ExecutionEntity.bulkInsertExecution  - ==&gt; Parameters: 1482(String), 1482(String), null, timerOnTask:1:1481(String), null, false(Boolean), false(Boolean), true(Boolean), false(Boolean), null, null, 1(Integer), 2(Integer), (String), null, 1484(String), 1482(String), null, timerOnTask:1:1481(String), firstLineSupport(String), true(Boolean), false(Boolean), true(Boolean), false(Boolean), 1482(String), null, 1(Integer), 6(Integer), (String), null
10:44:57,018 [main] DEBUG org.activiti.engine.impl.persistence.entity.ExecutionEntity.bulkInsertExecution  - &lt;==    Updates: 2
10:44:57,018 [main] DEBUG org.activiti.engine.impl.db.DbSqlSession  - inserting: Task[id=1487, name=First line support]
10:44:57,018 [main] DEBUG org.activiti.engine.impl.persistence.entity.TaskEntity.insertTask  - ==&gt;  Preparing: insert into ACT_RU_TASK (ID_, REV_, NAME_, PARENT_TASK_ID_, DESCRIPTION_, PRIORITY_, CREATE_TIME_, OWNER_, ASSIGNEE_, DELEGATION_, EXECUTION_ID_, PROC_INST_ID_, PROC_DEF_ID_, TASK_DEF_KEY_, DUE_DATE_, CATEGORY_, SUSPENSION_STATE_, TENANT_ID_, FORM_KEY_) values (?, 1, ?, ?, ?, ?, ?, ?, ?, ?, ?, ?, ?, ?, ?, ?, ?, ?, ? ) 
10:44:57,018 [main] DEBUG org.activiti.engine.impl.persistence.entity.TaskEntity.insertTask  - ==&gt; Parameters: 1487(String), First line support(String), null, null, 50(Integer), 2023-03-20 10:44:57.0(Timestamp), null, null, null, 1484(String), 1482(String), timerOnTask:1:1481(String), firstLineSupport(String), null, null, 1(Integer), (String), null
10:44:57,018 [main] DEBUG org.activiti.engine.impl.persistence.entity.TaskEntity.insertTask  - &lt;==    Updates: 1
10:44:57,018 [main] DEBUG org.activiti.engine.impl.db.DbSqlSession  - inserting: JobEntity [id=1485]
10:44:57,018 [main] DEBUG org.activiti.engine.impl.persistence.entity.JobEntity.insertTimer  - ==&gt;  Preparing: insert into ACT_RU_JOB ( ID_, REV_, TYPE_, LOCK_OWNER_, LOCK_EXP_TIME_, EXCLUSIVE_, EXECUTION_ID_, PROCESS_INSTANCE_ID_, PROC_DEF_ID_, RETRIES_, EXCEPTION_STACK_ID_, EXCEPTION_MSG_, DUEDATE_, REPEAT_, HANDLER_TYPE_, HANDLER_CFG_, TENANT_ID_) values (?, 1, &apos;timer&apos;, ?, ?, ?, ?, ?, ?, ?, ?, ?, ?, ?, ?, ?, ? ) 
10:44:57,018 [main] DEBUG org.activiti.engine.impl.persistence.entity.JobEntity.insertTimer  - ==&gt; Parameters: 1485(String), null, null, true(Boolean), 1484(String), 1482(String), timerOnTask:1:1481(String), 3(Integer), null, null, 2023-03-20 11:44:57.0(Timestamp), null, timer-transition(String), {&quot;activityId&quot;:&quot;escalationTimer&quot;}(String), (String)
10:44:57,018 [main] DEBUG org.activiti.engine.impl.persistence.entity.JobEntity.insertTimer  - &lt;==    Updates: 1
10:44:57,018 [main] DEBUG org.activiti.engine.impl.cfg.standalone.StandaloneMybatisTransactionContext  - firing event committing...
10:44:57,018 [main] DEBUG org.activiti.engine.impl.cfg.standalone.StandaloneMybatisTransactionContext  - committing the ibatis sql session...
10:44:57,018 [main] DEBUG org.apache.ibatis.transaction.jdbc.JdbcTransaction  - Committing JDBC Connection [conn4: url=jdbc:h2:mem:activiti user=SA]
10:44:57,018 [main] DEBUG org.activiti.engine.impl.cfg.standalone.StandaloneMybatisTransactionContext  - firing event committed...
10:44:57,018 [main] DEBUG org.apache.ibatis.transaction.jdbc.JdbcTransaction  - Resetting autocommit to true on JDBC Connection [conn4: url=jdbc:h2:mem:activiti user=SA]
10:44:57,018 [main] DEBUG org.apache.ibatis.transaction.jdbc.JdbcTransaction  - Closing JDBC Connection [conn4: url=jdbc:h2:mem:activiti user=SA]
10:44:57,018 [main] DEBUG org.apache.ibatis.datasource.pooled.PooledDataSource  - Returned connection 297240765 to pool.
10:44:57,018 [main] DEBUG org.activiti.engine.impl.interceptor.LogInterceptor  - --- StartProcessInstanceCmd finished --------------------------------------------------------
10:44:57,018 [main] DEBUG org.activiti.engine.impl.interceptor.LogInterceptor  - 

10:44:57,018 [main] DEBUG org.activiti.engine.impl.interceptor.LogInterceptor  - 

10:44:57,018 [main] DEBUG org.activiti.engine.impl.interceptor.LogInterceptor  - --- starting StartProcessInstanceCmd --------------------------------------------------------
10:44:57,018 [main] DEBUG org.apache.ibatis.transaction.jdbc.JdbcTransaction  - Opening JDBC Connection
10:44:57,018 [main] DEBUG org.apache.ibatis.datasource.pooled.PooledDataSource  - Checked out connection 363509958 from pool.
10:44:57,018 [main] DEBUG org.apache.ibatis.transaction.jdbc.JdbcTransaction  - Setting autocommit to false on JDBC Connection [conn2: url=jdbc:h2:mem:activiti user=SA]
10:44:57,018 [main] DEBUG org.activiti.engine.impl.persistence.entity.ProcessDefinitionEntity.selectLatestProcessDefinitionByKey  - ==&gt;  Preparing: select * from ACT_RE_PROCDEF where KEY_ = ? and (TENANT_ID_ = &apos;&apos; or TENANT_ID_ is null) and VERSION_ = (select max(VERSION_) from ACT_RE_PROCDEF where KEY_ = ? and (TENANT_ID_ = &apos;&apos; or TENANT_ID_ is null)) 
10:44:57,018 [main] DEBUG org.activiti.engine.impl.persistence.entity.ProcessDefinitionEntity.selectLatestProcessDefinitionByKey  - ==&gt; Parameters: timerOnTask(String), timerOnTask(String)
10:44:57,019 [main] DEBUG org.activiti.engine.impl.persistence.entity.ProcessDefinitionEntity.selectLatestProcessDefinitionByKey  - &lt;==      Total: 1
10:44:57,019 [main] DEBUG org.activiti.engine.impl.persistence.entity.ExecutionEntity  - initializing ProcessInstance[1488]
10:44:57,019 [main] DEBUG org.activiti.engine.impl.history.DefaultHistoryManager  - Current history level: FULL, level required: ACTIVITY
10:44:57,019 [main] DEBUG org.activiti.engine.impl.pvm.runtime.AtomicOperationActivityExecute  - ProcessInstance[1488] executes Activity(theStart): org.activiti.engine.impl.bpmn.behavior.NoneStartEventActivityBehavior
10:44:57,019 [main] DEBUG org.activiti.engine.impl.persistence.entity.JobEntity.selectJobsByExecutionId  - ==&gt;  Preparing: select * from ACT_RU_JOB J where J.EXECUTION_ID_ = ? 
10:44:57,019 [main] DEBUG org.activiti.engine.impl.persistence.entity.JobEntity.selectJobsByExecutionId  - ==&gt; Parameters: 1488(String)
10:44:57,019 [main] DEBUG org.activiti.engine.impl.persistence.entity.JobEntity.selectJobsByExecutionId  - &lt;==      Total: 0
10:44:57,019 [main] DEBUG org.activiti.engine.impl.bpmn.behavior.BpmnActivityBehavior  - Leaving activity &apos;theStart&apos;
10:44:57,019 [main] DEBUG org.activiti.engine.impl.history.DefaultHistoryManager  - Current history level: FULL, level required: ACTIVITY
10:44:57,019 [main] DEBUG org.activiti.engine.impl.pvm.runtime.AtomicOperationTransitionNotifyListenerTake  - ProcessInstance[1488] takes transition (theStart)--flow1--&gt;(firstLineSupport)
10:44:57,019 [main] DEBUG org.activiti.engine.impl.persistence.entity.ExecutionEntity  - Child execution ScopeExecution[1490] created with parent 
10:44:57,019 [main] DEBUG org.activiti.engine.impl.pvm.runtime.AtomicOperationTransitionCreateScope  - create scope: parent ProcessInstance[1488] continues as execution ScopeExecution[1490]
10:44:57,019 [main] DEBUG org.activiti.engine.impl.persistence.entity.ExecutionEntity  - initializing ScopeExecution[1490]
10:44:57,019 [main] DEBUG org.activiti.engine.impl.persistence.entity.JobEntity.selectJobsByExecutionId  - ==&gt;  Preparing: select * from ACT_RU_JOB J where J.EXECUTION_ID_ = ? 
10:44:57,019 [main] DEBUG org.activiti.engine.impl.persistence.entity.JobEntity.selectJobsByExecutionId  - ==&gt; Parameters: 1490(String)
10:44:57,019 [main] DEBUG org.activiti.engine.impl.persistence.entity.JobEntity.selectJobsByExecutionId  - &lt;==      Total: 0
10:44:57,019 [main] DEBUG org.activiti.engine.impl.history.DefaultHistoryManager  - Current history level: FULL, level required: ACTIVITY
10:44:57,019 [main] DEBUG org.activiti.engine.impl.pvm.runtime.AtomicOperationActivityExecute  - ScopeExecution[1490] executes Activity(firstLineSupport): org.activiti.engine.impl.bpmn.behavior.UserTaskActivityBehavior
10:44:57,019 [main] DEBUG org.activiti.engine.impl.persistence.entity.TaskEntity.selectTasksByExecutionId  - ==&gt;  Preparing: select distinct T.* from ACT_RU_TASK T where T.EXECUTION_ID_ = ? 
10:44:57,019 [main] DEBUG org.activiti.engine.impl.persistence.entity.TaskEntity.selectTasksByExecutionId  - ==&gt; Parameters: 1490(String)
10:44:57,019 [main] DEBUG org.activiti.engine.impl.persistence.entity.TaskEntity.selectTasksByExecutionId  - &lt;==      Total: 0
10:44:57,019 [main] DEBUG org.activiti.engine.impl.history.DefaultHistoryManager  - Current history level: FULL, level required: AUDIT
10:44:57,019 [main] DEBUG org.activiti.engine.impl.history.DefaultHistoryManager  - Current history level: FULL, level required: AUDIT
10:44:57,019 [main] DEBUG org.activiti.engine.impl.interceptor.LogInterceptor  - 

10:44:57,019 [main] DEBUG org.activiti.engine.impl.interceptor.LogInterceptor  - --- starting  --------------------------------------------------------
10:44:57,019 [main] DEBUG org.activiti.engine.impl.interceptor.CommandContextInterceptor  - Valid context found. Reusing it for the current command &apos;null&apos;
10:44:57,019 [main] DEBUG org.activiti.engine.impl.persistence.entity.ProcessDefinitionInfoEntity.selectProcessDefinitionInfoByProcessDefinitionId  - ==&gt;  Preparing: select * from ACT_PROCDEF_INFO where PROC_DEF_ID_ = ? 
10:44:57,019 [main] DEBUG org.activiti.engine.impl.persistence.entity.ProcessDefinitionInfoEntity.selectProcessDefinitionInfoByProcessDefinitionId  - ==&gt; Parameters: timerOnTask:1:1481(String)
10:44:57,019 [main] DEBUG org.activiti.engine.impl.persistence.entity.ProcessDefinitionInfoEntity.selectProcessDefinitionInfoByProcessDefinitionId  - &lt;==      Total: 0
10:44:57,019 [main] DEBUG org.activiti.engine.impl.interceptor.LogInterceptor  - ---  finished --------------------------------------------------------
10:44:57,019 [main] DEBUG org.activiti.engine.impl.interceptor.LogInterceptor  - 

10:44:57,019 [main] DEBUG org.activiti.engine.impl.history.DefaultHistoryManager  - Current history level: FULL, level required: AUDIT
10:44:57,019 [main] DEBUG org.activiti.engine.impl.history.DefaultHistoryManager  - Current history level: FULL, level required: AUDIT
10:44:57,019 [main] DEBUG org.activiti.engine.impl.history.DefaultHistoryManager  - Current history level: FULL, level required: ACTIVITY
10:44:57,019 [main] DEBUG org.activiti.engine.impl.db.DbSqlSession  -   insert ProcessInstance[1488]
10:44:57,019 [main] DEBUG org.activiti.engine.impl.db.DbSqlSession  -   insert ScopeExecution[1490]
10:44:57,019 [main] DEBUG org.activiti.engine.impl.db.DbSqlSession  -   insert HistoricProcessInstanceEntity[superProcessInstanceId=null]
10:44:57,019 [main] DEBUG org.activiti.engine.impl.db.DbSqlSession  -   insert Task[id=1493, name=First line support]
10:44:57,019 [main] DEBUG org.activiti.engine.impl.db.DbSqlSession  -   insert HistoricTaskInstanceEntity[id=1493, name=First line support]
10:44:57,019 [main] DEBUG org.activiti.engine.impl.db.DbSqlSession  -   insert HistoricActivityInstanceEntity[activityId=theStart, activityName=null]
10:44:57,019 [main] DEBUG org.activiti.engine.impl.db.DbSqlSession  -   insert HistoricActivityInstanceEntity[activityId=firstLineSupport, activityName=First line support]
10:44:57,019 [main] DEBUG org.activiti.engine.impl.db.DbSqlSession  -   insert JobEntity [id=1491]
10:44:57,019 [main] DEBUG org.activiti.engine.impl.db.DbSqlSession  - flush summary: 8 insert, 0 update, 0 delete.
10:44:57,019 [main] DEBUG org.activiti.engine.impl.db.DbSqlSession  - now executing flush...
10:44:57,019 [main] DEBUG org.activiti.engine.impl.db.DbSqlSession  - inserting: HistoricTaskInstanceEntity[id=1493, name=First line support]
10:44:57,019 [main] DEBUG org.activiti.engine.impl.persistence.entity.HistoricTaskInstanceEntity.insertHistoricTaskInstance  - ==&gt;  Preparing: insert into ACT_HI_TASKINST ( ID_, PROC_DEF_ID_, PROC_INST_ID_, EXECUTION_ID_, NAME_, PARENT_TASK_ID_, DESCRIPTION_, OWNER_, ASSIGNEE_, START_TIME_, CLAIM_TIME_, END_TIME_, DURATION_, DELETE_REASON_, TASK_DEF_KEY_, FORM_KEY_, PRIORITY_, DUE_DATE_, CATEGORY_, TENANT_ID_ ) values ( ?, ?, ?, ?, ?, ?, ?, ?, ?, ?, ?, ?, ?, ?, ?, ?, ?, ?, ?, ? ) 
10:44:57,019 [main] DEBUG org.activiti.engine.impl.persistence.entity.HistoricTaskInstanceEntity.insertHistoricTaskInstance  - ==&gt; Parameters: 1493(String), timerOnTask:1:1481(String), 1488(String), 1490(String), First line support(String), null, null, null, null, 2023-03-20 11:44:57.0(Timestamp), null, null, null, null, firstLineSupport(String), null, 50(Integer), null, null, (String)
10:44:57,019 [main] DEBUG org.activiti.engine.impl.persistence.entity.HistoricTaskInstanceEntity.insertHistoricTaskInstance  - &lt;==    Updates: 1
10:44:57,019 [main] DEBUG org.activiti.engine.impl.db.DbSqlSession  - inserting: HistoricProcessInstanceEntity[superProcessInstanceId=null]
10:44:57,019 [main] DEBUG org.activiti.engine.impl.persistence.entity.HistoricProcessInstanceEntity.insertHistoricProcessInstance  - ==&gt;  Preparing: insert into ACT_HI_PROCINST ( ID_, PROC_INST_ID_, BUSINESS_KEY_, PROC_DEF_ID_, START_TIME_, END_TIME_, DURATION_, START_USER_ID_, START_ACT_ID_, END_ACT_ID_, SUPER_PROCESS_INSTANCE_ID_, DELETE_REASON_, TENANT_ID_, NAME_ ) values ( ?, ?, ?, ?, ?, ?, ?, ?, ?, ?, ?, ?, ?, ? ) 
10:44:57,019 [main] DEBUG org.activiti.engine.impl.persistence.entity.HistoricProcessInstanceEntity.insertHistoricProcessInstance  - ==&gt; Parameters: 1488(String), 1488(String), null, timerOnTask:1:1481(String), 2023-03-20 11:44:57.0(Timestamp), null, null, null, theStart(String), null, null, null, (String), null
10:44:57,019 [main] DEBUG org.activiti.engine.impl.persistence.entity.HistoricProcessInstanceEntity.insertHistoricProcessInstance  - &lt;==    Updates: 1
10:44:57,019 [main] DEBUG org.activiti.engine.impl.persistence.entity.HistoricActivityInstanceEntity.bulkInsertHistoricActivityInstance  - ==&gt;  Preparing: insert into ACT_HI_ACTINST ( ID_, PROC_DEF_ID_, PROC_INST_ID_, EXECUTION_ID_, ACT_ID_, TASK_ID_, CALL_PROC_INST_ID_, ACT_NAME_, ACT_TYPE_, ASSIGNEE_, START_TIME_, END_TIME_, DURATION_, TENANT_ID_ ) values (?, ?, ?, ?, ?, ?, ?, ?, ?, ?, ?, ?, ?, ?) , (?, ?, ?, ?, ?, ?, ?, ?, ?, ?, ?, ?, ?, ?) 
10:44:57,020 [main] DEBUG org.activiti.engine.impl.persistence.entity.HistoricActivityInstanceEntity.bulkInsertHistoricActivityInstance  - ==&gt; Parameters: 1489(String), timerOnTask:1:1481(String), 1488(String), 1488(String), theStart(String), null, null, null, startEvent(String), null, 2023-03-20 11:44:57.0(Timestamp), 2023-03-20 11:44:57.0(Timestamp), 0(Long), (String), 1492(String), timerOnTask:1:1481(String), 1488(String), 1490(String), firstLineSupport(String), 1493(String), null, First line support(String), userTask(String), null, 2023-03-20 11:44:57.0(Timestamp), null, null, (String)
10:44:57,020 [main] DEBUG org.activiti.engine.impl.persistence.entity.HistoricActivityInstanceEntity.bulkInsertHistoricActivityInstance  - &lt;==    Updates: 2
10:44:57,020 [main] DEBUG org.activiti.engine.impl.persistence.entity.ExecutionEntity.bulkInsertExecution  - ==&gt;  Preparing: insert into ACT_RU_EXECUTION (ID_, REV_, PROC_INST_ID_, BUSINESS_KEY_, PROC_DEF_ID_, ACT_ID_, IS_ACTIVE_, IS_CONCURRENT_, IS_SCOPE_,IS_EVENT_SCOPE_, PARENT_ID_, SUPER_EXEC_, SUSPENSION_STATE_, CACHED_ENT_STATE_, TENANT_ID_, NAME_) values (?, 1, ?, ?, ?, ?, ?, ?, ?, ?, ?, ?, ?, ?, ?, ?) , (?, 1, ?, ?, ?, ?, ?, ?, ?, ?, ?, ?, ?, ?, ?, ?) 
10:44:57,020 [main] DEBUG org.activiti.engine.impl.persistence.entity.ExecutionEntity.bulkInsertExecution  - ==&gt; Parameters: 1488(String), 1488(String), null, timerOnTask:1:1481(String), null, false(Boolean), false(Boolean), true(Boolean), false(Boolean), null, null, 1(Integer), 2(Integer), (String), null, 1490(String), 1488(String), null, timerOnTask:1:1481(String), firstLineSupport(String), true(Boolean), false(Boolean), true(Boolean), false(Boolean), 1488(String), null, 1(Integer), 6(Integer), (String), null
10:44:57,020 [main] DEBUG org.activiti.engine.impl.persistence.entity.ExecutionEntity.bulkInsertExecution  - &lt;==    Updates: 2
10:44:57,020 [main] DEBUG org.activiti.engine.impl.db.DbSqlSession  - inserting: Task[id=1493, name=First line support]
10:44:57,020 [main] DEBUG org.activiti.engine.impl.persistence.entity.TaskEntity.insertTask  - ==&gt;  Preparing: insert into ACT_RU_TASK (ID_, REV_, NAME_, PARENT_TASK_ID_, DESCRIPTION_, PRIORITY_, CREATE_TIME_, OWNER_, ASSIGNEE_, DELEGATION_, EXECUTION_ID_, PROC_INST_ID_, PROC_DEF_ID_, TASK_DEF_KEY_, DUE_DATE_, CATEGORY_, SUSPENSION_STATE_, TENANT_ID_, FORM_KEY_) values (?, 1, ?, ?, ?, ?, ?, ?, ?, ?, ?, ?, ?, ?, ?, ?, ?, ?, ? ) 
10:44:57,020 [main] DEBUG org.activiti.engine.impl.persistence.entity.TaskEntity.insertTask  - ==&gt; Parameters: 1493(String), First line support(String), null, null, 50(Integer), 2023-03-20 11:44:57.0(Timestamp), null, null, null, 1490(String), 1488(String), timerOnTask:1:1481(String), firstLineSupport(String), null, null, 1(Integer), (String), null
10:44:57,020 [main] DEBUG org.activiti.engine.impl.persistence.entity.TaskEntity.insertTask  - &lt;==    Updates: 1
10:44:57,020 [main] DEBUG org.activiti.engine.impl.db.DbSqlSession  - inserting: JobEntity [id=1491]
10:44:57,020 [main] DEBUG org.activiti.engine.impl.persistence.entity.JobEntity.insertTimer  - ==&gt;  Preparing: insert into ACT_RU_JOB ( ID_, REV_, TYPE_, LOCK_OWNER_, LOCK_EXP_TIME_, EXCLUSIVE_, EXECUTION_ID_, PROCESS_INSTANCE_ID_, PROC_DEF_ID_, RETRIES_, EXCEPTION_STACK_ID_, EXCEPTION_MSG_, DUEDATE_, REPEAT_, HANDLER_TYPE_, HANDLER_CFG_, TENANT_ID_) values (?, 1, &apos;timer&apos;, ?, ?, ?, ?, ?, ?, ?, ?, ?, ?, ?, ?, ?, ? ) 
10:44:57,020 [main] DEBUG org.activiti.engine.impl.persistence.entity.JobEntity.insertTimer  - ==&gt; Parameters: 1491(String), null, null, true(Boolean), 1490(String), 1488(String), timerOnTask:1:1481(String), 3(Integer), null, null, 2023-03-20 12:44:57.0(Timestamp), null, timer-transition(String), {&quot;activityId&quot;:&quot;escalationTimer&quot;}(String), (String)
10:44:57,020 [main] DEBUG org.activiti.engine.impl.persistence.entity.JobEntity.insertTimer  - &lt;==    Updates: 1
10:44:57,020 [main] DEBUG org.activiti.engine.impl.cfg.standalone.StandaloneMybatisTransactionContext  - firing event committing...
10:44:57,020 [main] DEBUG org.activiti.engine.impl.cfg.standalone.StandaloneMybatisTransactionContext  - committing the ibatis sql session...
10:44:57,020 [main] DEBUG org.apache.ibatis.transaction.jdbc.JdbcTransaction  - Committing JDBC Connection [conn2: url=jdbc:h2:mem:activiti user=SA]
10:44:57,020 [main] DEBUG org.activiti.engine.impl.cfg.standalone.StandaloneMybatisTransactionContext  - firing event committed...
10:44:57,020 [main] DEBUG org.apache.ibatis.transaction.jdbc.JdbcTransaction  - Resetting autocommit to true on JDBC Connection [conn2: url=jdbc:h2:mem:activiti user=SA]
10:44:57,020 [main] DEBUG org.apache.ibatis.transaction.jdbc.JdbcTransaction  - Closing JDBC Connection [conn2: url=jdbc:h2:mem:activiti user=SA]
10:44:57,020 [main] DEBUG org.apache.ibatis.datasource.pooled.PooledDataSource  - Returned connection 363509958 to pool.
10:44:57,020 [main] DEBUG org.activiti.engine.impl.interceptor.LogInterceptor  - --- StartProcessInstanceCmd finished --------------------------------------------------------
10:44:57,020 [main] DEBUG org.activiti.engine.impl.interceptor.LogInterceptor  - 

10:44:57,020 [main] DEBUG org.activiti.engine.impl.interceptor.LogInterceptor  - 

10:44:57,020 [main] DEBUG org.activiti.engine.impl.interceptor.LogInterceptor  - --- starting StartProcessInstanceCmd --------------------------------------------------------
10:44:57,020 [main] DEBUG org.apache.ibatis.transaction.jdbc.JdbcTransaction  - Opening JDBC Connection
10:44:57,020 [main] DEBUG org.apache.ibatis.datasource.pooled.PooledDataSource  - Checked out connection 180014677 from pool.
10:44:57,020 [main] DEBUG org.apache.ibatis.transaction.jdbc.JdbcTransaction  - Setting autocommit to false on JDBC Connection [conn3: url=jdbc:h2:mem:activiti user=SA]
10:44:57,020 [main] DEBUG org.activiti.engine.impl.persistence.entity.ProcessDefinitionEntity.selectLatestProcessDefinitionByKey  - ==&gt;  Preparing: select * from ACT_RE_PROCDEF where KEY_ = ? and (TENANT_ID_ = &apos;&apos; or TENANT_ID_ is null) and VERSION_ = (select max(VERSION_) from ACT_RE_PROCDEF where KEY_ = ? and (TENANT_ID_ = &apos;&apos; or TENANT_ID_ is null)) 
10:44:57,020 [main] DEBUG org.activiti.engine.impl.persistence.entity.ProcessDefinitionEntity.selectLatestProcessDefinitionByKey  - ==&gt; Parameters: timerOnTask(String), timerOnTask(String)
10:44:57,020 [main] DEBUG org.activiti.engine.impl.persistence.entity.ProcessDefinitionEntity.selectLatestProcessDefinitionByKey  - &lt;==      Total: 1
10:44:57,020 [main] DEBUG org.activiti.engine.impl.persistence.entity.ExecutionEntity  - initializing ProcessInstance[1494]
10:44:57,020 [main] DEBUG org.activiti.engine.impl.history.DefaultHistoryManager  - Current history level: FULL, level required: ACTIVITY
10:44:57,020 [main] DEBUG org.activiti.engine.impl.pvm.runtime.AtomicOperationActivityExecute  - ProcessInstance[1494] executes Activity(theStart): org.activiti.engine.impl.bpmn.behavior.NoneStartEventActivityBehavior
10:44:57,020 [main] DEBUG org.activiti.engine.impl.persistence.entity.JobEntity.selectJobsByExecutionId  - ==&gt;  Preparing: select * from ACT_RU_JOB J where J.EXECUTION_ID_ = ? 
10:44:57,020 [main] DEBUG org.activiti.engine.impl.persistence.entity.JobEntity.selectJobsByExecutionId  - ==&gt; Parameters: 1494(String)
10:44:57,020 [main] DEBUG org.activiti.engine.impl.persistence.entity.JobEntity.selectJobsByExecutionId  - &lt;==      Total: 0
10:44:57,020 [main] DEBUG org.activiti.engine.impl.bpmn.behavior.BpmnActivityBehavior  - Leaving activity &apos;theStart&apos;
10:44:57,020 [main] DEBUG org.activiti.engine.impl.history.DefaultHistoryManager  - Current history level: FULL, level required: ACTIVITY
10:44:57,020 [main] DEBUG org.activiti.engine.impl.pvm.runtime.AtomicOperationTransitionNotifyListenerTake  - ProcessInstance[1494] takes transition (theStart)--flow1--&gt;(firstLineSupport)
10:44:57,020 [main] DEBUG org.activiti.engine.impl.persistence.entity.ExecutionEntity  - Child execution ScopeExecution[1496] created with parent 
10:44:57,020 [main] DEBUG org.activiti.engine.impl.pvm.runtime.AtomicOperationTransitionCreateScope  - create scope: parent ProcessInstance[1494] continues as execution ScopeExecution[1496]
10:44:57,020 [main] DEBUG org.activiti.engine.impl.persistence.entity.ExecutionEntity  - initializing ScopeExecution[1496]
10:44:57,021 [main] DEBUG org.activiti.engine.impl.persistence.entity.JobEntity.selectJobsByExecutionId  - ==&gt;  Preparing: select * from ACT_RU_JOB J where J.EXECUTION_ID_ = ? 
10:44:57,021 [main] DEBUG org.activiti.engine.impl.persistence.entity.JobEntity.selectJobsByExecutionId  - ==&gt; Parameters: 1496(String)
10:44:57,021 [main] DEBUG org.activiti.engine.impl.persistence.entity.JobEntity.selectJobsByExecutionId  - &lt;==      Total: 0
10:44:57,021 [main] DEBUG org.activiti.engine.impl.history.DefaultHistoryManager  - Current history level: FULL, level required: ACTIVITY
10:44:57,021 [main] DEBUG org.activiti.engine.impl.pvm.runtime.AtomicOperationActivityExecute  - ScopeExecution[1496] executes Activity(firstLineSupport): org.activiti.engine.impl.bpmn.behavior.UserTaskActivityBehavior
10:44:57,021 [main] DEBUG org.activiti.engine.impl.persistence.entity.TaskEntity.selectTasksByExecutionId  - ==&gt;  Preparing: select distinct T.* from ACT_RU_TASK T where T.EXECUTION_ID_ = ? 
10:44:57,021 [main] DEBUG org.activiti.engine.impl.persistence.entity.TaskEntity.selectTasksByExecutionId  - ==&gt; Parameters: 1496(String)
10:44:57,021 [main] DEBUG org.activiti.engine.impl.persistence.entity.TaskEntity.selectTasksByExecutionId  - &lt;==      Total: 0
10:44:57,021 [main] DEBUG org.activiti.engine.impl.history.DefaultHistoryManager  - Current history level: FULL, level required: AUDIT
10:44:57,021 [main] DEBUG org.activiti.engine.impl.history.DefaultHistoryManager  - Current history level: FULL, level required: AUDIT
10:44:57,021 [main] DEBUG org.activiti.engine.impl.interceptor.LogInterceptor  - 

10:44:57,021 [main] DEBUG org.activiti.engine.impl.interceptor.LogInterceptor  - --- starting  --------------------------------------------------------
10:44:57,021 [main] DEBUG org.activiti.engine.impl.interceptor.CommandContextInterceptor  - Valid context found. Reusing it for the current command &apos;null&apos;
10:44:57,021 [main] DEBUG org.activiti.engine.impl.persistence.entity.ProcessDefinitionInfoEntity.selectProcessDefinitionInfoByProcessDefinitionId  - ==&gt;  Preparing: select * from ACT_PROCDEF_INFO where PROC_DEF_ID_ = ? 
10:44:57,021 [main] DEBUG org.activiti.engine.impl.persistence.entity.ProcessDefinitionInfoEntity.selectProcessDefinitionInfoByProcessDefinitionId  - ==&gt; Parameters: timerOnTask:1:1481(String)
10:44:57,021 [main] DEBUG org.activiti.engine.impl.persistence.entity.ProcessDefinitionInfoEntity.selectProcessDefinitionInfoByProcessDefinitionId  - &lt;==      Total: 0
10:44:57,021 [main] DEBUG org.activiti.engine.impl.interceptor.LogInterceptor  - ---  finished --------------------------------------------------------
10:44:57,021 [main] DEBUG org.activiti.engine.impl.interceptor.LogInterceptor  - 

10:44:57,021 [main] DEBUG org.activiti.engine.impl.history.DefaultHistoryManager  - Current history level: FULL, level required: AUDIT
10:44:57,021 [main] DEBUG org.activiti.engine.impl.history.DefaultHistoryManager  - Current history level: FULL, level required: AUDIT
10:44:57,021 [main] DEBUG org.activiti.engine.impl.history.DefaultHistoryManager  - Current history level: FULL, level required: ACTIVITY
10:44:57,021 [main] DEBUG org.activiti.engine.impl.db.DbSqlSession  -   insert ProcessInstance[1494]
10:44:57,021 [main] DEBUG org.activiti.engine.impl.db.DbSqlSession  -   insert ScopeExecution[1496]
10:44:57,021 [main] DEBUG org.activiti.engine.impl.db.DbSqlSession  -   insert HistoricProcessInstanceEntity[superProcessInstanceId=null]
10:44:57,021 [main] DEBUG org.activiti.engine.impl.db.DbSqlSession  -   insert Task[id=1499, name=First line support]
10:44:57,021 [main] DEBUG org.activiti.engine.impl.db.DbSqlSession  -   insert HistoricTaskInstanceEntity[id=1499, name=First line support]
10:44:57,021 [main] DEBUG org.activiti.engine.impl.db.DbSqlSession  -   insert HistoricActivityInstanceEntity[activityId=theStart, activityName=null]
10:44:57,021 [main] DEBUG org.activiti.engine.impl.db.DbSqlSession  -   insert HistoricActivityInstanceEntity[activityId=firstLineSupport, activityName=First line support]
10:44:57,021 [main] DEBUG org.activiti.engine.impl.db.DbSqlSession  -   insert JobEntity [id=1497]
10:44:57,021 [main] DEBUG org.activiti.engine.impl.db.DbSqlSession  - flush summary: 8 insert, 0 update, 0 delete.
10:44:57,021 [main] DEBUG org.activiti.engine.impl.db.DbSqlSession  - now executing flush...
10:44:57,021 [main] DEBUG org.activiti.engine.impl.db.DbSqlSession  - inserting: HistoricTaskInstanceEntity[id=1499, name=First line support]
10:44:57,021 [main] DEBUG org.activiti.engine.impl.persistence.entity.HistoricTaskInstanceEntity.insertHistoricTaskInstance  - ==&gt;  Preparing: insert into ACT_HI_TASKINST ( ID_, PROC_DEF_ID_, PROC_INST_ID_, EXECUTION_ID_, NAME_, PARENT_TASK_ID_, DESCRIPTION_, OWNER_, ASSIGNEE_, START_TIME_, CLAIM_TIME_, END_TIME_, DURATION_, DELETE_REASON_, TASK_DEF_KEY_, FORM_KEY_, PRIORITY_, DUE_DATE_, CATEGORY_, TENANT_ID_ ) values ( ?, ?, ?, ?, ?, ?, ?, ?, ?, ?, ?, ?, ?, ?, ?, ?, ?, ?, ?, ? ) 
10:44:57,021 [main] DEBUG org.activiti.engine.impl.persistence.entity.HistoricTaskInstanceEntity.insertHistoricTaskInstance  - ==&gt; Parameters: 1499(String), timerOnTask:1:1481(String), 1494(String), 1496(String), First line support(String), null, null, null, null, 2023-03-20 12:44:57.0(Timestamp), null, null, null, null, firstLineSupport(String), null, 50(Integer), null, null, (String)
10:44:57,021 [main] DEBUG org.activiti.engine.impl.persistence.entity.HistoricTaskInstanceEntity.insertHistoricTaskInstance  - &lt;==    Updates: 1
10:44:57,021 [main] DEBUG org.activiti.engine.impl.db.DbSqlSession  - inserting: HistoricProcessInstanceEntity[superProcessInstanceId=null]
10:44:57,021 [main] DEBUG org.activiti.engine.impl.persistence.entity.HistoricProcessInstanceEntity.insertHistoricProcessInstance  - ==&gt;  Preparing: insert into ACT_HI_PROCINST ( ID_, PROC_INST_ID_, BUSINESS_KEY_, PROC_DEF_ID_, START_TIME_, END_TIME_, DURATION_, START_USER_ID_, START_ACT_ID_, END_ACT_ID_, SUPER_PROCESS_INSTANCE_ID_, DELETE_REASON_, TENANT_ID_, NAME_ ) values ( ?, ?, ?, ?, ?, ?, ?, ?, ?, ?, ?, ?, ?, ? ) 
10:44:57,021 [main] DEBUG org.activiti.engine.impl.persistence.entity.HistoricProcessInstanceEntity.insertHistoricProcessInstance  - ==&gt; Parameters: 1494(String), 1494(String), null, timerOnTask:1:1481(String), 2023-03-20 12:44:57.0(Timestamp), null, null, null, theStart(String), null, null, null, (String), null
10:44:57,021 [main] DEBUG org.activiti.engine.impl.persistence.entity.HistoricProcessInstanceEntity.insertHistoricProcessInstance  - &lt;==    Updates: 1
10:44:57,021 [main] DEBUG org.activiti.engine.impl.persistence.entity.HistoricActivityInstanceEntity.bulkInsertHistoricActivityInstance  - ==&gt;  Preparing: insert into ACT_HI_ACTINST ( ID_, PROC_DEF_ID_, PROC_INST_ID_, EXECUTION_ID_, ACT_ID_, TASK_ID_, CALL_PROC_INST_ID_, ACT_NAME_, ACT_TYPE_, ASSIGNEE_, START_TIME_, END_TIME_, DURATION_, TENANT_ID_ ) values (?, ?, ?, ?, ?, ?, ?, ?, ?, ?, ?, ?, ?, ?) , (?, ?, ?, ?, ?, ?, ?, ?, ?, ?, ?, ?, ?, ?) 
10:44:57,021 [main] DEBUG org.activiti.engine.impl.persistence.entity.HistoricActivityInstanceEntity.bulkInsertHistoricActivityInstance  - ==&gt; Parameters: 1495(String), timerOnTask:1:1481(String), 1494(String), 1494(String), theStart(String), null, null, null, startEvent(String), null, 2023-03-20 12:44:57.0(Timestamp), 2023-03-20 12:44:57.0(Timestamp), 0(Long), (String), 1498(String), timerOnTask:1:1481(String), 1494(String), 1496(String), firstLineSupport(String), 1499(String), null, First line support(String), userTask(String), null, 2023-03-20 12:44:57.0(Timestamp), null, null, (String)
10:44:57,021 [main] DEBUG org.activiti.engine.impl.persistence.entity.HistoricActivityInstanceEntity.bulkInsertHistoricActivityInstance  - &lt;==    Updates: 2
10:44:57,021 [main] DEBUG org.activiti.engine.impl.persistence.entity.ExecutionEntity.bulkInsertExecution  - ==&gt;  Preparing: insert into ACT_RU_EXECUTION (ID_, REV_, PROC_INST_ID_, BUSINESS_KEY_, PROC_DEF_ID_, ACT_ID_, IS_ACTIVE_, IS_CONCURRENT_, IS_SCOPE_,IS_EVENT_SCOPE_, PARENT_ID_, SUPER_EXEC_, SUSPENSION_STATE_, CACHED_ENT_STATE_, TENANT_ID_, NAME_) values (?, 1, ?, ?, ?, ?, ?, ?, ?, ?, ?, ?, ?, ?, ?, ?) , (?, 1, ?, ?, ?, ?, ?, ?, ?, ?, ?, ?, ?, ?, ?, ?) 
10:44:57,021 [main] DEBUG org.activiti.engine.impl.persistence.entity.ExecutionEntity.bulkInsertExecution  - ==&gt; Parameters: 1494(String), 1494(String), null, timerOnTask:1:1481(String), null, false(Boolean), false(Boolean), true(Boolean), false(Boolean), null, null, 1(Integer), 2(Integer), (String), null, 1496(String), 1494(String), null, timerOnTask:1:1481(String), firstLineSupport(String), true(Boolean), false(Boolean), true(Boolean), false(Boolean), 1494(String), null, 1(Integer), 6(Integer), (String), null
10:44:57,021 [main] DEBUG org.activiti.engine.impl.persistence.entity.ExecutionEntity.bulkInsertExecution  - &lt;==    Updates: 2
10:44:57,021 [main] DEBUG org.activiti.engine.impl.db.DbSqlSession  - inserting: Task[id=1499, name=First line support]
10:44:57,021 [main] DEBUG org.activiti.engine.impl.persistence.entity.TaskEntity.insertTask  - ==&gt;  Preparing: insert into ACT_RU_TASK (ID_, REV_, NAME_, PARENT_TASK_ID_, DESCRIPTION_, PRIORITY_, CREATE_TIME_, OWNER_, ASSIGNEE_, DELEGATION_, EXECUTION_ID_, PROC_INST_ID_, PROC_DEF_ID_, TASK_DEF_KEY_, DUE_DATE_, CATEGORY_, SUSPENSION_STATE_, TENANT_ID_, FORM_KEY_) values (?, 1, ?, ?, ?, ?, ?, ?, ?, ?, ?, ?, ?, ?, ?, ?, ?, ?, ? ) 
10:44:57,021 [main] DEBUG org.activiti.engine.impl.persistence.entity.TaskEntity.insertTask  - ==&gt; Parameters: 1499(String), First line support(String), null, null, 50(Integer), 2023-03-20 12:44:57.0(Timestamp), null, null, null, 1496(String), 1494(String), timerOnTask:1:1481(String), firstLineSupport(String), null, null, 1(Integer), (String), null
10:44:57,021 [main] DEBUG org.activiti.engine.impl.persistence.entity.TaskEntity.insertTask  - &lt;==    Updates: 1
10:44:57,021 [main] DEBUG org.activiti.engine.impl.db.DbSqlSession  - inserting: JobEntity [id=1497]
10:44:57,021 [main] DEBUG org.activiti.engine.impl.persistence.entity.JobEntity.insertTimer  - ==&gt;  Preparing: insert into ACT_RU_JOB ( ID_, REV_, TYPE_, LOCK_OWNER_, LOCK_EXP_TIME_, EXCLUSIVE_, EXECUTION_ID_, PROCESS_INSTANCE_ID_, PROC_DEF_ID_, RETRIES_, EXCEPTION_STACK_ID_, EXCEPTION_MSG_, DUEDATE_, REPEAT_, HANDLER_TYPE_, HANDLER_CFG_, TENANT_ID_) values (?, 1, &apos;timer&apos;, ?, ?, ?, ?, ?, ?, ?, ?, ?, ?, ?, ?, ?, ? ) 
10:44:57,021 [main] DEBUG org.activiti.engine.impl.persistence.entity.JobEntity.insertTimer  - ==&gt; Parameters: 1497(String), null, null, true(Boolean), 1496(String), 1494(String), timerOnTask:1:1481(String), 3(Integer), null, null, 2023-03-20 13:44:57.0(Timestamp), null, timer-transition(String), {&quot;activityId&quot;:&quot;escalationTimer&quot;}(String), (String)
10:44:57,021 [main] DEBUG org.activiti.engine.impl.persistence.entity.JobEntity.insertTimer  - &lt;==    Updates: 1
10:44:57,021 [main] DEBUG org.activiti.engine.impl.cfg.standalone.StandaloneMybatisTransactionContext  - firing event committing...
10:44:57,021 [main] DEBUG org.activiti.engine.impl.cfg.standalone.StandaloneMybatisTransactionContext  - committing the ibatis sql session...
10:44:57,021 [main] DEBUG org.apache.ibatis.transaction.jdbc.JdbcTransaction  - Committing JDBC Connection [conn3: url=jdbc:h2:mem:activiti user=SA]
10:44:57,022 [main] DEBUG org.activiti.engine.impl.cfg.standalone.StandaloneMybatisTransactionContext  - firing event committed...
10:44:57,022 [main] DEBUG org.apache.ibatis.transaction.jdbc.JdbcTransaction  - Resetting autocommit to true on JDBC Connection [conn3: url=jdbc:h2:mem:activiti user=SA]
10:44:57,022 [main] DEBUG org.apache.ibatis.transaction.jdbc.JdbcTransaction  - Closing JDBC Connection [conn3: url=jdbc:h2:mem:activiti user=SA]
10:44:57,022 [main] DEBUG org.apache.ibatis.datasource.pooled.PooledDataSource  - Returned connection 180014677 to pool.
10:44:57,022 [main] DEBUG org.activiti.engine.impl.interceptor.LogInterceptor  - --- StartProcessInstanceCmd finished --------------------------------------------------------
10:44:57,022 [main] DEBUG org.activiti.engine.impl.interceptor.LogInterceptor  - 

10:44:57,022 [main] DEBUG org.activiti.engine.impl.interceptor.LogInterceptor  - 

10:44:57,022 [main] DEBUG org.activiti.engine.impl.interceptor.LogInterceptor  - --- starting  --------------------------------------------------------
10:44:57,022 [main] DEBUG org.activiti.engine.impl.db.DbSqlSession  -   insert JobEntity [id=1500]
10:44:57,022 [main] DEBUG org.activiti.engine.impl.db.DbSqlSession  - flush summary: 1 insert, 0 update, 0 delete.
10:44:57,022 [main] DEBUG org.activiti.engine.impl.db.DbSqlSession  - now executing flush...
10:44:57,022 [main] DEBUG org.activiti.engine.impl.db.DbSqlSession  - inserting: JobEntity [id=1500]
10:44:57,022 [main] DEBUG org.apache.ibatis.transaction.jdbc.JdbcTransaction  - Opening JDBC Connection
10:44:57,022 [main] DEBUG org.apache.ibatis.datasource.pooled.PooledDataSource  - Checked out connection 297240765 from pool.
10:44:57,022 [main] DEBUG org.apache.ibatis.transaction.jdbc.JdbcTransaction  - Setting autocommit to false on JDBC Connection [conn4: url=jdbc:h2:mem:activiti user=SA]
10:44:57,022 [main] DEBUG org.activiti.engine.impl.persistence.entity.JobEntity.insertMessage  - ==&gt;  Preparing: insert into ACT_RU_JOB ( ID_, REV_, TYPE_, LOCK_OWNER_, LOCK_EXP_TIME_, EXCLUSIVE_, EXECUTION_ID_, PROCESS_INSTANCE_ID_, PROC_DEF_ID_, DUEDATE_, RETRIES_, EXCEPTION_STACK_ID_, EXCEPTION_MSG_, HANDLER_TYPE_, HANDLER_CFG_, TENANT_ID_) values (?, 1, &apos;message&apos;, ?, ?, ?, ?, ?, ?, ?, ?, ?, ?, ?, ?, ? ) 
10:44:57,022 [main] DEBUG org.activiti.engine.impl.persistence.entity.JobEntity.insertMessage  - ==&gt; Parameters: 1500(String), null, null, true(Boolean), null, null, null, 2023-03-20 12:49:57.0(Timestamp), 3(Integer), null, null, null, null, (String)
10:44:57,022 [main] DEBUG org.activiti.engine.impl.persistence.entity.JobEntity.insertMessage  - &lt;==    Updates: 1
10:44:57,022 [main] DEBUG org.activiti.engine.impl.cfg.standalone.StandaloneMybatisTransactionContext  - firing event committing...
10:44:57,022 [main] DEBUG org.activiti.engine.impl.cfg.standalone.StandaloneMybatisTransactionContext  - committing the ibatis sql session...
10:44:57,022 [main] DEBUG org.apache.ibatis.transaction.jdbc.JdbcTransaction  - Committing JDBC Connection [conn4: url=jdbc:h2:mem:activiti user=SA]
10:44:57,022 [main] DEBUG org.activiti.engine.impl.cfg.standalone.StandaloneMybatisTransactionContext  - firing event committed...
10:44:57,022 [main] DEBUG org.activiti.engine.impl.jobexecutor.AsyncJobAddedNotification  - notifying job executor of new job
10:44:57,022 [main] DEBUG org.apache.ibatis.transaction.jdbc.JdbcTransaction  - Resetting autocommit to true on JDBC Connection [conn4: url=jdbc:h2:mem:activiti user=SA]
10:44:57,022 [main] DEBUG org.apache.ibatis.transaction.jdbc.JdbcTransaction  - Closing JDBC Connection [conn4: url=jdbc:h2:mem:activiti user=SA]
10:44:57,022 [main] DEBUG org.apache.ibatis.datasource.pooled.PooledDataSource  - Returned connection 297240765 to pool.
10:44:57,022 [main] DEBUG org.activiti.engine.impl.interceptor.LogInterceptor  - ---  finished --------------------------------------------------------
10:44:57,022 [main] DEBUG org.activiti.engine.impl.interceptor.LogInterceptor  - 

10:44:57,022 [main] DEBUG org.activiti.engine.impl.test.PvmTestCase  - 

10:44:57,022 [main] DEBUG org.activiti.engine.impl.test.PvmTestCase  - #### START JobQueryTest.testQueryByOnlyTimers ###########################################################
10:44:57,022 [main] DEBUG org.activiti.engine.impl.interceptor.LogInterceptor  - 

10:44:57,022 [main] DEBUG org.activiti.engine.impl.interceptor.LogInterceptor  - --- starting JobQueryImpl --------------------------------------------------------
10:44:57,022 [main] DEBUG org.apache.ibatis.transaction.jdbc.JdbcTransaction  - Opening JDBC Connection
10:44:57,022 [main] DEBUG org.apache.ibatis.datasource.pooled.PooledDataSource  - Checked out connection 363509958 from pool.
10:44:57,022 [main] DEBUG org.apache.ibatis.transaction.jdbc.JdbcTransaction  - Setting autocommit to false on JDBC Connection [conn2: url=jdbc:h2:mem:activiti user=SA]
10:44:57,022 [main] DEBUG org.activiti.engine.impl.persistence.entity.JobEntity.selectJobByQueryCriteria  - ==&gt;  Preparing: select RES.* from ACT_RU_JOB RES WHERE RES.TYPE_ = &apos;timer&apos; order by order by RES.ID_ asc LIMIT ? OFFSET ? 
10:44:57,022 [main] DEBUG org.activiti.engine.impl.interceptor.CommandContext  - Error while closing command context
org.apache.ibatis.exceptions.PersistenceException: 
### Error querying database.  Cause: org.h2.jdbc.JdbcSQLException: Syntax error in SQL statement &quot;SELECT RES.* 
     
    FROM ACT_RU_JOB RES
     
     WHERE  RES.TYPE_ = &apos;timer&apos; 
   
     ORDER BY  ORDER[*] BY RES.ID_ ASC  
    LIMIT ? OFFSET ? &quot;; expected &quot;=, NOT, EXISTS, INTERSECTS, SELECT, FROM&quot;; SQL statement:
select RES.* 
     
    from ACT_RU_JOB RES
     
     WHERE  RES.TYPE_ = &apos;timer&apos; 
   
     order by  order by RES.ID_ asc  
    LIMIT ? OFFSET ? [42001-176]
### The error may exist in org/activiti/db/mapping/entity/Job.xml
### The error may involve org.activiti.engine.impl.persistence.entity.JobEntity.selectJobByQueryCriteria
### The error occurred while executing a query
### SQL: select RES.*            from ACT_RU_JOB RES            WHERE  RES.TYPE_ = &apos;timer&apos;           order by  order by RES.ID_ asc       LIMIT ? OFFSET ?
### Cause: org.h2.jdbc.JdbcSQLException: Syntax error in SQL statement &quot;SELECT RES.* 
     
    FROM ACT_RU_JOB RES
     
     WHERE  RES.TYPE_ = &apos;timer&apos; 
   
     ORDER BY  ORDER[*] BY RES.ID_ ASC  
    LIMIT ? OFFSET ? &quot;; expected &quot;=, NOT, EXISTS, INTERSECTS, SELECT, FROM&quot;; SQL statement:
select RES.* 
     
    from ACT_RU_JOB RES
     
     WHERE  RES.TYPE_ = &apos;timer&apos; 
   
     order by  order by RES.ID_ asc  
    LIMIT ? OFFSET ? [42001-176]
	at org.apache.ibatis.exceptions.ExceptionFactory.wrapException(ExceptionFactory.java:30)
	at org.apache.ibatis.session.defaults.DefaultSqlSession.selectList(DefaultSqlSession.java:122)
	at org.apache.ibatis.session.defaults.DefaultSqlSession.selectList(DefaultSqlSession.java:113)
	at org.activiti.engine.impl.db.DbSqlSession.selectListWithRawParameter(DbSqlSession.java:438)
	at org.activiti.engine.impl.db.DbSqlSession.selectList(DbSqlSession.java:429)
	at org.activiti.engine.impl.db.DbSqlSession.selectList(DbSqlSession.java:419)
	at org.activiti.engine.impl.persistence.entity.JobEntityManager.findJobsByQueryCriteria(JobEntityManager.java:198)
	at org.activiti.engine.impl.JobQueryImpl.executeList(JobQueryImpl.java:243)
	at org.activiti.engine.impl.AbstractQuery.execute(AbstractQuery.java:164)
	at org.activiti.engine.impl.interceptor.CommandInvoker.execute(CommandInvoker.java:24)
	at org.activiti.engine.impl.interceptor.CommandContextInterceptor.execute(CommandContextInterceptor.java:57)
	at org.activiti.engine.impl.interceptor.LogInterceptor.execute(LogInterceptor.java:37)
	at org.activiti.engine.impl.cfg.CommandExecutorImpl.execute(CommandExecutorImpl.java:40)
	at org.activiti.engine.impl.cfg.CommandExecutorImpl.execute(CommandExecutorImpl.java:35)
	at org.activiti.engine.impl.AbstractQuery.list(AbstractQuery.java:138)
	at org.activiti.engine.test.api.mgmt.JobQueryTest.verifyQueryResults(JobQueryTest.java:400)
	at org.activiti.engine.test.api.mgmt.JobQueryTest.testQueryByOnlyTimers(JobQueryTest.java:183)
	at sun.reflect.NativeMethodAccessorImpl.invoke0(Native Method)
	at sun.reflect.NativeMethodAccessorImpl.invoke(NativeMethodAccessorImpl.java:62)
	at sun.reflect.DelegatingMethodAccessorImpl.invoke(DelegatingMethodAccessorImpl.java:43)
	at java.lang.reflect.Method.invoke(Method.java:498)
	at junit.framework.TestCase.runTest(TestCase.java:176)
	at org.activiti.engine.impl.test.PvmTestCase.runTest(PvmTestCase.java:65)
	at junit.framework.TestCase.runBare(TestCase.java:141)
	at org.activiti.engine.impl.test.AbstractActivitiTestCase.runBare(AbstractActivitiTestCase.java:100)
	at junit.framework.TestResult$1.protect(TestResult.java:122)
	at junit.framework.TestResult.runProtected(TestResult.java:142)
	at junit.framework.TestResult.run(TestResult.java:125)
	at junit.framework.TestCase.run(TestCase.java:129)
	at junit.framework.TestSuite.runTest(TestSuite.java:255)
	at junit.framework.TestSuite.run(TestSuite.java:250)
	at org.junit.internal.runners.JUnit38ClassRunner.run(JUnit38ClassRunner.java:84)
	at org.apache.maven.surefire.junit4.JUnit4TestSet.execute(JUnit4TestSet.java:35)
	at org.apache.maven.surefire.junit4.JUnit4Provider.executeTestSet(JUnit4Provider.java:146)
	at org.apache.maven.surefire.junit4.JUnit4Provider.invoke(JUnit4Provider.java:97)
	at sun.reflect.NativeMethodAccessorImpl.invoke0(Native Method)
	at sun.reflect.NativeMethodAccessorImpl.invoke(NativeMethodAccessorImpl.java:62)
	at sun.reflect.DelegatingMethodAccessorImpl.invoke(DelegatingMethodAccessorImpl.java:43)
	at java.lang.reflect.Method.invoke(Method.java:498)
	at org.apache.maven.surefire.booter.ProviderFactory$ClassLoaderProxy.invoke(ProviderFactory.java:103)
	at com.sun.proxy.$Proxy0.invoke(Unknown Source)
	at org.apache.maven.surefire.booter.SurefireStarter.invokeProvider(SurefireStarter.java:145)
	at org.apache.maven.surefire.booter.SurefireStarter.runSuitesInProcess(SurefireStarter.java:87)
	at org.apache.maven.surefire.booter.ForkedBooter.main(ForkedBooter.java:69)
Caused by: org.h2.jdbc.JdbcSQLException: Syntax error in SQL statement &quot;SELECT RES.* 
     
    FROM ACT_RU_JOB RES
     
     WHERE  RES.TYPE_ = &apos;timer&apos; 
   
     ORDER BY  ORDER[*] BY RES.ID_ ASC  
    LIMIT ? OFFSET ? &quot;; expected &quot;=, NOT, EXISTS, INTERSECTS, SELECT, FROM&quot;; SQL statement:
select RES.* 
     
    from ACT_RU_JOB RES
     
     WHERE  RES.TYPE_ = &apos;timer&apos; 
   
     order by  order by RES.ID_ asc  
    LIMIT ? OFFSET ? [42001-176]
	at org.h2.message.DbException.getJdbcSQLException(DbException.java:344)
	at org.h2.message.DbException.getSyntaxError(DbException.java:204)
	at org.h2.command.Parser.getSyntaxError(Parser.java:524)
	at org.h2.command.Parser.readTerm(Parser.java:2688)
	at org.h2.command.Parser.readFactor(Parser.java:2244)
	at org.h2.command.Parser.readSum(Parser.java:2231)
	at org.h2.command.Parser.readConcat(Parser.java:2201)
	at org.h2.command.Parser.readCondition(Parser.java:2051)
	at org.h2.command.Parser.readAnd(Parser.java:2023)
	at org.h2.command.Parser.readExpression(Parser.java:2015)
	at org.h2.command.Parser.parseEndOfQuery(Parser.java:1726)
	at org.h2.command.Parser.parseSelectUnionExtension(Parser.java:1706)
	at org.h2.command.Parser.parseSelectUnion(Parser.java:1675)
	at org.h2.command.Parser.parseSelect(Parser.java:1662)
	at org.h2.command.Parser.parsePrepared(Parser.java:434)
	at org.h2.command.Parser.parse(Parser.java:306)
	at org.h2.command.Parser.parse(Parser.java:282)
	at org.h2.command.Parser.prepareCommand(Parser.java:243)
	at org.h2.engine.Session.prepareLocal(Session.java:442)
	at org.h2.engine.Session.prepareCommand(Session.java:384)
	at org.h2.jdbc.JdbcConnection.prepareCommand(JdbcConnection.java:1188)
	at org.h2.jdbc.JdbcPreparedStatement.&lt;init&gt;(JdbcPreparedStatement.java:73)
	at org.h2.jdbc.JdbcConnection.prepareStatement(JdbcConnection.java:276)
	at sun.reflect.GeneratedMethodAccessor6.invoke(Unknown Source)
	at sun.reflect.DelegatingMethodAccessorImpl.invoke(DelegatingMethodAccessorImpl.java:43)
	at java.lang.reflect.Method.invoke(Method.java:498)
	at org.apache.ibatis.datasource.pooled.PooledConnection.invoke(PooledConnection.java:245)
	at com.sun.proxy.$Proxy12.prepareStatement(Unknown Source)
	at sun.reflect.GeneratedMethodAccessor6.invoke(Unknown Source)
	at sun.reflect.DelegatingMethodAccessorImpl.invoke(DelegatingMethodAccessorImpl.java:43)
	at java.lang.reflect.Method.invoke(Method.java:498)
	at org.apache.ibatis.logging.jdbc.ConnectionLogger.invoke(ConnectionLogger.java:55)
	at com.sun.proxy.$Proxy12.prepareStatement(Unknown Source)
	at org.apache.ibatis.executor.statement.PreparedStatementHandler.instantiateStatement(PreparedStatementHandler.java:79)
	at org.apache.ibatis.executor.statement.BaseStatementHandler.prepare(BaseStatementHandler.java:88)
	at org.apache.ibatis.executor.statement.RoutingStatementHandler.prepare(RoutingStatementHandler.java:58)
	at org.apache.ibatis.executor.SimpleExecutor.prepareStatement(SimpleExecutor.java:76)
	at org.apache.ibatis.executor.SimpleExecutor.doQuery(SimpleExecutor.java:61)
	at org.apache.ibatis.executor.BaseExecutor.queryFromDatabase(BaseExecutor.java:303)
	at org.apache.ibatis.executor.BaseExecutor.query(BaseExecutor.java:154)
	at org.apache.ibatis.executor.CachingExecutor.query(CachingExecutor.java:102)
	at org.apache.ibatis.executor.CachingExecutor.query(CachingExecutor.java:82)
	at org.apache.ibatis.session.defaults.DefaultSqlSession.selectList(DefaultSqlSession.java:120)
	... 42 more
10:44:57,022 [main] DEBUG org.activiti.engine.impl.cfg.standalone.StandaloneMybatisTransactionContext  - firing event rolling back...
10:44:57,022 [main] DEBUG org.activiti.engine.impl.cfg.standalone.StandaloneMybatisTransactionContext  - rolling back ibatis sql session...
10:44:57,022 [main] DEBUG org.activiti.engine.impl.cfg.standalone.StandaloneMybatisTransactionContext  - firing event rolled back...
10:44:57,022 [main] DEBUG org.apache.ibatis.transaction.jdbc.JdbcTransaction  - Resetting autocommit to true on JDBC Connection [conn2: url=jdbc:h2:mem:activiti user=SA]
10:44:57,022 [main] DEBUG org.apache.ibatis.transaction.jdbc.JdbcTransaction  - Closing JDBC Connection [conn2: url=jdbc:h2:mem:activiti user=SA]
10:44:57,022 [main] DEBUG org.apache.ibatis.datasource.pooled.PooledDataSource  - Returned connection 363509958 to pool.
10:44:57,022 [main] DEBUG org.activiti.engine.impl.interceptor.LogInterceptor  - --- JobQueryImpl finished --------------------------------------------------------
10:44:57,022 [main] DEBUG org.activiti.engine.impl.interceptor.LogInterceptor  - 

10:44:57,022 [main] ERROR org.activiti.engine.impl.test.PvmTestCase  - 

10:44:57,022 [main] ERROR org.activiti.engine.impl.test.PvmTestCase  - EXCEPTION: org.apache.ibatis.exceptions.PersistenceException: 
### Error querying database.  Cause: org.h2.jdbc.JdbcSQLException: Syntax error in SQL statement &quot;SELECT RES.* 
     
    FROM ACT_RU_JOB RES
     
     WHERE  RES.TYPE_ = &apos;timer&apos; 
   
     ORDER BY  ORDER[*] BY RES.ID_ ASC  
    LIMIT ? OFFSET ? &quot;; expected &quot;=, NOT, EXISTS, INTERSECTS, SELECT, FROM&quot;; SQL statement:
select RES.* 
     
    from ACT_RU_JOB RES
     
     WHERE  RES.TYPE_ = &apos;timer&apos; 
   
     order by  order by RES.ID_ asc  
    LIMIT ? OFFSET ? [42001-176]
### The error may exist in org/activiti/db/mapping/entity/Job.xml
### The error may involve org.activiti.engine.impl.persistence.entity.JobEntity.selectJobByQueryCriteria
### The error occurred while executing a query
### SQL: select RES.*            from ACT_RU_JOB RES            WHERE  RES.TYPE_ = &apos;timer&apos;           order by  order by RES.ID_ asc       LIMIT ? OFFSET ?
### Cause: org.h2.jdbc.JdbcSQLException: Syntax error in SQL statement &quot;SELECT RES.* 
     
    FROM ACT_RU_JOB RES
     
     WHERE  RES.TYPE_ = &apos;timer&apos; 
   
     ORDER BY  ORDER[*] BY RES.ID_ ASC  
    LIMIT ? OFFSET ? &quot;; expected &quot;=, NOT, EXISTS, INTERSECTS, SELECT, FROM&quot;; SQL statement:
select RES.* 
     
    from ACT_RU_JOB RES
     
     WHERE  RES.TYPE_ = &apos;timer&apos; 
   
     order by  order by RES.ID_ asc  
    LIMIT ? OFFSET ? [42001-176]
org.apache.ibatis.exceptions.PersistenceException: 
### Error querying database.  Cause: org.h2.jdbc.JdbcSQLException: Syntax error in SQL statement &quot;SELECT RES.* 
     
    FROM ACT_RU_JOB RES
     
     WHERE  RES.TYPE_ = &apos;timer&apos; 
   
     ORDER BY  ORDER[*] BY RES.ID_ ASC  
    LIMIT ? OFFSET ? &quot;; expected &quot;=, NOT, EXISTS, INTERSECTS, SELECT, FROM&quot;; SQL statement:
select RES.* 
     
    from ACT_RU_JOB RES
     
     WHERE  RES.TYPE_ = &apos;timer&apos; 
   
     order by  order by RES.ID_ asc  
    LIMIT ? OFFSET ? [42001-176]
### The error may exist in org/activiti/db/mapping/entity/Job.xml
### The error may involve org.activiti.engine.impl.persistence.entity.JobEntity.selectJobByQueryCriteria
### The error occurred while executing a query
### SQL: select RES.*            from ACT_RU_JOB RES            WHERE  RES.TYPE_ = &apos;timer&apos;           order by  order by RES.ID_ asc       LIMIT ? OFFSET ?
### Cause: org.h2.jdbc.JdbcSQLException: Syntax error in SQL statement &quot;SELECT RES.* 
     
    FROM ACT_RU_JOB RES
     
     WHERE  RES.TYPE_ = &apos;timer&apos; 
   
     ORDER BY  ORDER[*] BY RES.ID_ ASC  
    LIMIT ? OFFSET ? &quot;; expected &quot;=, NOT, EXISTS, INTERSECTS, SELECT, FROM&quot;; SQL statement:
select RES.* 
     
    from ACT_RU_JOB RES
     
     WHERE  RES.TYPE_ = &apos;timer&apos; 
   
     order by  order by RES.ID_ asc  
    LIMIT ? OFFSET ? [42001-176]
	at org.apache.ibatis.exceptions.ExceptionFactory.wrapException(ExceptionFactory.java:30)
	at org.apache.ibatis.session.defaults.DefaultSqlSession.selectList(DefaultSqlSession.java:122)
	at org.apache.ibatis.session.defaults.DefaultSqlSession.selectList(DefaultSqlSession.java:113)
	at org.activiti.engine.impl.db.DbSqlSession.selectListWithRawParameter(DbSqlSession.java:438)
	at org.activiti.engine.impl.db.DbSqlSession.selectList(DbSqlSession.java:429)
	at org.activiti.engine.impl.db.DbSqlSession.selectList(DbSqlSession.java:419)
	at org.activiti.engine.impl.persistence.entity.JobEntityManager.findJobsByQueryCriteria(JobEntityManager.java:198)
	at org.activiti.engine.impl.JobQueryImpl.executeList(JobQueryImpl.java:243)
	at org.activiti.engine.impl.AbstractQuery.execute(AbstractQuery.java:164)
	at org.activiti.engine.impl.interceptor.CommandInvoker.execute(CommandInvoker.java:24)
	at org.activiti.engine.impl.interceptor.CommandContextInterceptor.execute(CommandContextInterceptor.java:57)
	at org.activiti.engine.impl.interceptor.LogInterceptor.execute(LogInterceptor.java:37)
	at org.activiti.engine.impl.cfg.CommandExecutorImpl.execute(CommandExecutorImpl.java:40)
	at org.activiti.engine.impl.cfg.CommandExecutorImpl.execute(CommandExecutorImpl.java:35)
	at org.activiti.engine.impl.AbstractQuery.list(AbstractQuery.java:138)
	at org.activiti.engine.test.api.mgmt.JobQueryTest.verifyQueryResults(JobQueryTest.java:400)
	at org.activiti.engine.test.api.mgmt.JobQueryTest.testQueryByOnlyTimers(JobQueryTest.java:183)
	at sun.reflect.NativeMethodAccessorImpl.invoke0(Native Method)
	at sun.reflect.NativeMethodAccessorImpl.invoke(NativeMethodAccessorImpl.java:62)
	at sun.reflect.DelegatingMethodAccessorImpl.invoke(DelegatingMethodAccessorImpl.java:43)
	at java.lang.reflect.Method.invoke(Method.java:498)
	at junit.framework.TestCase.runTest(TestCase.java:176)
	at org.activiti.engine.impl.test.PvmTestCase.runTest(PvmTestCase.java:65)
	at junit.framework.TestCase.runBare(TestCase.java:141)
	at org.activiti.engine.impl.test.AbstractActivitiTestCase.runBare(AbstractActivitiTestCase.java:100)
	at junit.framework.TestResult$1.protect(TestResult.java:122)
	at junit.framework.TestResult.runProtected(TestResult.java:142)
	at junit.framework.TestResult.run(TestResult.java:125)
	at junit.framework.TestCase.run(TestCase.java:129)
	at junit.framework.TestSuite.runTest(TestSuite.java:255)
	at junit.framework.TestSuite.run(TestSuite.java:250)
	at org.junit.internal.runners.JUnit38ClassRunner.run(JUnit38ClassRunner.java:84)
	at org.apache.maven.surefire.junit4.JUnit4TestSet.execute(JUnit4TestSet.java:35)
	at org.apache.maven.surefire.junit4.JUnit4Provider.executeTestSet(JUnit4Provider.java:146)
	at org.apache.maven.surefire.junit4.JUnit4Provider.invoke(JUnit4Provider.java:97)
	at sun.reflect.NativeMethodAccessorImpl.invoke0(Native Method)
	at sun.reflect.NativeMethodAccessorImpl.invoke(NativeMethodAccessorImpl.java:62)
	at sun.reflect.DelegatingMethodAccessorImpl.invoke(DelegatingMethodAccessorImpl.java:43)
	at java.lang.reflect.Method.invoke(Method.java:498)
	at org.apache.maven.surefire.booter.ProviderFactory$ClassLoaderProxy.invoke(ProviderFactory.java:103)
	at com.sun.proxy.$Proxy0.invoke(Unknown Source)
	at org.apache.maven.surefire.booter.SurefireStarter.invokeProvider(SurefireStarter.java:145)
	at org.apache.maven.surefire.booter.SurefireStarter.runSuitesInProcess(SurefireStarter.java:87)
	at org.apache.maven.surefire.booter.ForkedBooter.main(ForkedBooter.java:69)
Caused by: org.h2.jdbc.JdbcSQLException: Syntax error in SQL statement &quot;SELECT RES.* 
     
    FROM ACT_RU_JOB RES
     
     WHERE  RES.TYPE_ = &apos;timer&apos; 
   
     ORDER BY  ORDER[*] BY RES.ID_ ASC  
    LIMIT ? OFFSET ? &quot;; expected &quot;=, NOT, EXISTS, INTERSECTS, SELECT, FROM&quot;; SQL statement:
select RES.* 
     
    from ACT_RU_JOB RES
     
     WHERE  RES.TYPE_ = &apos;timer&apos; 
   
     order by  order by RES.ID_ asc  
    LIMIT ? OFFSET ? [42001-176]
	at org.h2.message.DbException.getJdbcSQLException(DbException.java:344)
	at org.h2.message.DbException.getSyntaxError(DbException.java:204)
	at org.h2.command.Parser.getSyntaxError(Parser.java:524)
	at org.h2.command.Parser.readTerm(Parser.java:2688)
	at org.h2.command.Parser.readFactor(Parser.java:2244)
	at org.h2.command.Parser.readSum(Parser.java:2231)
	at org.h2.command.Parser.readConcat(Parser.java:2201)
	at org.h2.command.Parser.readCondition(Parser.java:2051)
	at org.h2.command.Parser.readAnd(Parser.java:2023)
	at org.h2.command.Parser.readExpression(Parser.java:2015)
	at org.h2.command.Parser.parseEndOfQuery(Parser.java:1726)
	at org.h2.command.Parser.parseSelectUnionExtension(Parser.java:1706)
	at org.h2.command.Parser.parseSelectUnion(Parser.java:1675)
	at org.h2.command.Parser.parseSelect(Parser.java:1662)
	at org.h2.command.Parser.parsePrepared(Parser.java:434)
	at org.h2.command.Parser.parse(Parser.java:306)
	at org.h2.command.Parser.parse(Parser.java:282)
	at org.h2.command.Parser.prepareCommand(Parser.java:243)
	at org.h2.engine.Session.prepareLocal(Session.java:442)
	at org.h2.engine.Session.prepareCommand(Session.java:384)
	at org.h2.jdbc.JdbcConnection.prepareCommand(JdbcConnection.java:1188)
	at org.h2.jdbc.JdbcPreparedStatement.&lt;init&gt;(JdbcPreparedStatement.java:73)
	at org.h2.jdbc.JdbcConnection.prepareStatement(JdbcConnection.java:276)
	at sun.reflect.GeneratedMethodAccessor6.invoke(Unknown Source)
	at sun.reflect.DelegatingMethodAccessorImpl.invoke(DelegatingMethodAccessorImpl.java:43)
	at java.lang.reflect.Method.invoke(Method.java:498)
	at org.apache.ibatis.datasource.pooled.PooledConnection.invoke(PooledConnection.java:245)
	at com.sun.proxy.$Proxy12.prepareStatement(Unknown Source)
	at sun.reflect.GeneratedMethodAccessor6.invoke(Unknown Source)
	at sun.reflect.DelegatingMethodAccessorImpl.invoke(DelegatingMethodAccessorImpl.java:43)
	at java.lang.reflect.Method.invoke(Method.java:498)
	at org.apache.ibatis.logging.jdbc.ConnectionLogger.invoke(ConnectionLogger.java:55)
	at com.sun.proxy.$Proxy12.prepareStatement(Unknown Source)
	at org.apache.ibatis.executor.statement.PreparedStatementHandler.instantiateStatement(PreparedStatementHandler.java:79)
	at org.apache.ibatis.executor.statement.BaseStatementHandler.prepare(BaseStatementHandler.java:88)
	at org.apache.ibatis.executor.statement.RoutingStatementHandler.prepare(RoutingStatementHandler.java:58)
	at org.apache.ibatis.executor.SimpleExecutor.prepareStatement(SimpleExecutor.java:76)
	at org.apache.ibatis.executor.SimpleExecutor.doQuery(SimpleExecutor.java:61)
	at org.apache.ibatis.executor.BaseExecutor.queryFromDatabase(BaseExecutor.java:303)
	at org.apache.ibatis.executor.BaseExecutor.query(BaseExecutor.java:154)
	at org.apache.ibatis.executor.CachingExecutor.query(CachingExecutor.java:102)
	at org.apache.ibatis.executor.CachingExecutor.query(CachingExecutor.java:82)
	at org.apache.ibatis.session.defaults.DefaultSqlSession.selectList(DefaultSqlSession.java:120)
	... 42 more
10:44:57,022 [main] DEBUG org.activiti.engine.impl.test.PvmTestCase  - #### END JobQueryTest.testQueryByOnlyTimers #############################################################
10:44:57,022 [main] DEBUG org.activiti.engine.impl.interceptor.LogInterceptor  - 

10:44:57,022 [main] DEBUG org.activiti.engine.impl.interceptor.LogInterceptor  - --- starting DeleteDeploymentCmd --------------------------------------------------------
10:44:57,022 [main] DEBUG org.apache.ibatis.transaction.jdbc.JdbcTransaction  - Opening JDBC Connection
10:44:57,022 [main] DEBUG org.apache.ibatis.datasource.pooled.PooledDataSource  - Checked out connection 180014677 from pool.
10:44:57,022 [main] DEBUG org.apache.ibatis.transaction.jdbc.JdbcTransaction  - Setting autocommit to false on JDBC Connection [conn3: url=jdbc:h2:mem:activiti user=SA]
10:44:57,022 [main] DEBUG org.activiti.engine.impl.persistence.entity.DeploymentEntity.selectDeploymentById  - ==&gt;  Preparing: select * from ACT_RE_DEPLOYMENT where ID_ = ? 
10:44:57,022 [main] DEBUG org.activiti.engine.impl.persistence.entity.DeploymentEntity.selectDeploymentById  - ==&gt; Parameters: 1479(String)
10:44:57,022 [main] DEBUG org.activiti.engine.impl.persistence.entity.DeploymentEntity.selectDeploymentById  - &lt;==      Total: 1
10:44:57,022 [main] DEBUG org.activiti.engine.impl.persistence.entity.ProcessDefinitionEntity.selectProcessDefinitionsByQueryCriteria  - ==&gt;  Preparing: select RES.* from ACT_RE_PROCDEF RES WHERE RES.DEPLOYMENT_ID_ = ? order by order by RES.ID_ asc LIMIT ? OFFSET ? 
10:44:57,023 [main] DEBUG org.activiti.engine.impl.interceptor.CommandContext  - Error while closing command context
org.apache.ibatis.exceptions.PersistenceException: 
### Error querying database.  Cause: org.h2.jdbc.JdbcSQLException: Syntax error in SQL statement &quot;SELECT RES.* 
       
    FROM ACT_RE_PROCDEF RES
     
     WHERE  RES.DEPLOYMENT_ID_ = ? 
   
     ORDER BY  ORDER[*] BY RES.ID_ ASC  
    LIMIT ? OFFSET ? &quot;; expected &quot;=, NOT, EXISTS, INTERSECTS, SELECT, FROM&quot;; SQL statement:
select RES.* 
       
    from ACT_RE_PROCDEF RES
     
     WHERE  RES.DEPLOYMENT_ID_ = ? 
   
     order by  order by RES.ID_ asc  
    LIMIT ? OFFSET ? [42001-176]
### The error may exist in org/activiti/db/mapping/entity/ProcessDefinition.xml
### The error may involve org.activiti.engine.impl.persistence.entity.ProcessDefinitionEntity.selectProcessDefinitionsByQueryCriteria
### The error occurred while executing a query
### SQL: select RES.*              from ACT_RE_PROCDEF RES            WHERE  RES.DEPLOYMENT_ID_ = ?           order by  order by RES.ID_ asc       LIMIT ? OFFSET ?
### Cause: org.h2.jdbc.JdbcSQLException: Syntax error in SQL statement &quot;SELECT RES.* 
       
    FROM ACT_RE_PROCDEF RES
     
     WHERE  RES.DEPLOYMENT_ID_ = ? 
   
     ORDER BY  ORDER[*] BY RES.ID_ ASC  
    LIMIT ? OFFSET ? &quot;; expected &quot;=, NOT, EXISTS, INTERSECTS, SELECT, FROM&quot;; SQL statement:
select RES.* 
       
    from ACT_RE_PROCDEF RES
     
     WHERE  RES.DEPLOYMENT_ID_ = ? 
   
     order by  order by RES.ID_ asc  
    LIMIT ? OFFSET ? [42001-176]
	at org.apache.ibatis.exceptions.ExceptionFactory.wrapException(ExceptionFactory.java:30)
	at org.apache.ibatis.session.defaults.DefaultSqlSession.selectList(DefaultSqlSession.java:122)
	at org.apache.ibatis.session.defaults.DefaultSqlSession.selectList(DefaultSqlSession.java:113)
	at org.activiti.engine.impl.db.DbSqlSession.selectListWithRawParameter(DbSqlSession.java:438)
	at org.activiti.engine.impl.db.DbSqlSession.selectList(DbSqlSession.java:429)
	at org.activiti.engine.impl.db.DbSqlSession.selectList(DbSqlSession.java:419)
	at org.activiti.engine.impl.persistence.entity.ProcessDefinitionEntityManager.findProcessDefinitionsByQueryCriteria(ProcessDefinitionEntityManager.java:57)
	at org.activiti.engine.impl.ProcessDefinitionQueryImpl.executeList(ProcessDefinitionQueryImpl.java:307)
	at org.activiti.engine.impl.AbstractQuery.list(AbstractQuery.java:140)
	at org.activiti.engine.impl.persistence.deploy.DeploymentManager.removeDeployment(DeploymentManager.java:187)
	at org.activiti.engine.impl.cmd.DeleteDeploymentCmd.execute(DeleteDeploymentCmd.java:44)
	at org.activiti.engine.impl.cmd.DeleteDeploymentCmd.execute(DeleteDeploymentCmd.java:24)
	at org.activiti.engine.impl.interceptor.CommandInvoker.execute(CommandInvoker.java:24)
	at org.activiti.engine.impl.interceptor.CommandContextInterceptor.execute(CommandContextInterceptor.java:57)
	at org.activiti.engine.impl.interceptor.LogInterceptor.execute(LogInterceptor.java:37)
	at org.activiti.engine.impl.cfg.CommandExecutorImpl.execute(CommandExecutorImpl.java:40)
	at org.activiti.engine.impl.cfg.CommandExecutorImpl.execute(CommandExecutorImpl.java:35)
	at org.activiti.engine.impl.RepositoryServiceImpl.deleteDeployment(RepositoryServiceImpl.java:90)
	at org.activiti.engine.test.api.mgmt.JobQueryTest.tearDown(JobQueryTest.java:116)
	at junit.framework.TestCase.runBare(TestCase.java:146)
	at org.activiti.engine.impl.test.AbstractActivitiTestCase.runBare(AbstractActivitiTestCase.java:100)
	at junit.framework.TestResult$1.protect(TestResult.java:122)
	at junit.framework.TestResult.runProtected(TestResult.java:142)
	at junit.framework.TestResult.run(TestResult.java:125)
	at junit.framework.TestCase.run(TestCase.java:129)
	at junit.framework.TestSuite.runTest(TestSuite.java:255)
	at junit.framework.TestSuite.run(TestSuite.java:250)
	at org.junit.internal.runners.JUnit38ClassRunner.run(JUnit38ClassRunner.java:84)
	at org.apache.maven.surefire.junit4.JUnit4TestSet.execute(JUnit4TestSet.java:35)
	at org.apache.maven.surefire.junit4.JUnit4Provider.executeTestSet(JUnit4Provider.java:146)
	at org.apache.maven.surefire.junit4.JUnit4Provider.invoke(JUnit4Provider.java:97)
	at sun.reflect.NativeMethodAccessorImpl.invoke0(Native Method)
	at sun.reflect.NativeMethodAccessorImpl.invoke(NativeMethodAccessorImpl.java:62)
	at sun.reflect.DelegatingMethodAccessorImpl.invoke(DelegatingMethodAccessorImpl.java:43)
	at java.lang.reflect.Method.invoke(Method.java:498)
	at org.apache.maven.surefire.booter.ProviderFactory$ClassLoaderProxy.invoke(ProviderFactory.java:103)
	at com.sun.proxy.$Proxy0.invoke(Unknown Source)
	at org.apache.maven.surefire.booter.SurefireStarter.invokeProvider(SurefireStarter.java:145)
	at org.apache.maven.surefire.booter.SurefireStarter.runSuitesInProcess(SurefireStarter.java:87)
	at org.apache.maven.surefire.booter.ForkedBooter.main(ForkedBooter.java:69)
Caused by: org.h2.jdbc.JdbcSQLException: Syntax error in SQL statement &quot;SELECT RES.* 
       
    FROM ACT_RE_PROCDEF RES
     
     WHERE  RES.DEPLOYMENT_ID_ = ? 
   
     ORDER BY  ORDER[*] BY RES.ID_ ASC  
    LIMIT ? OFFSET ? &quot;; expected &quot;=, NOT, EXISTS, INTERSECTS, SELECT, FROM&quot;; SQL statement:
select RES.* 
       
    from ACT_RE_PROCDEF RES
     
     WHERE  RES.DEPLOYMENT_ID_ = ? 
   
     order by  order by RES.ID_ asc  
    LIMIT ? OFFSET ? [42001-176]
	at org.h2.message.DbException.getJdbcSQLException(DbException.java:344)
	at org.h2.message.DbException.getSyntaxError(DbException.java:204)
	at org.h2.command.Parser.getSyntaxError(Parser.java:524)
	at org.h2.command.Parser.readTerm(Parser.java:2688)
	at org.h2.command.Parser.readFactor(Parser.java:2244)
	at org.h2.command.Parser.readSum(Parser.java:2231)
	at org.h2.command.Parser.readConcat(Parser.java:2201)
	at org.h2.command.Parser.readCondition(Parser.java:2051)
	at org.h2.command.Parser.readAnd(Parser.java:2023)
	at org.h2.command.Parser.readExpression(Parser.java:2015)
	at org.h2.command.Parser.parseEndOfQuery(Parser.java:1726)
	at org.h2.command.Parser.parseSelectUnionExtension(Parser.java:1706)
	at org.h2.command.Parser.parseSelectUnion(Parser.java:1675)
	at org.h2.command.Parser.parseSelect(Parser.java:1662)
	at org.h2.command.Parser.parsePrepared(Parser.java:434)
	at org.h2.command.Parser.parse(Parser.java:306)
	at org.h2.command.Parser.parse(Parser.java:282)
	at org.h2.command.Parser.prepareCommand(Parser.java:243)
	at org.h2.engine.Session.prepareLocal(Session.java:442)
	at org.h2.engine.Session.prepareCommand(Session.java:384)
	at org.h2.jdbc.JdbcConnection.prepareCommand(JdbcConnection.java:1188)
	at org.h2.jdbc.JdbcPreparedStatement.&lt;init&gt;(JdbcPreparedStatement.java:73)
	at org.h2.jdbc.JdbcConnection.prepareStatement(JdbcConnection.java:276)
	at sun.reflect.GeneratedMethodAccessor6.invoke(Unknown Source)
	at sun.reflect.DelegatingMethodAccessorImpl.invoke(DelegatingMethodAccessorImpl.java:43)
	at java.lang.reflect.Method.invoke(Method.java:498)
	at org.apache.ibatis.datasource.pooled.PooledConnection.invoke(PooledConnection.java:245)
	at com.sun.proxy.$Proxy12.prepareStatement(Unknown Source)
	at sun.reflect.GeneratedMethodAccessor6.invoke(Unknown Source)
	at sun.reflect.DelegatingMethodAccessorImpl.invoke(DelegatingMethodAccessorImpl.java:43)
	at java.lang.reflect.Method.invoke(Method.java:498)
	at org.apache.ibatis.logging.jdbc.ConnectionLogger.invoke(ConnectionLogger.java:55)
	at com.sun.proxy.$Proxy12.prepareStatement(Unknown Source)
	at org.apache.ibatis.executor.statement.PreparedStatementHandler.instantiateStatement(PreparedStatementHandler.java:79)
	at org.apache.ibatis.executor.statement.BaseStatementHandler.prepare(BaseStatementHandler.java:88)
	at org.apache.ibatis.executor.statement.RoutingStatementHandler.prepare(RoutingStatementHandler.java:58)
	at org.apache.ibatis.executor.SimpleExecutor.prepareStatement(SimpleExecutor.java:76)
	at org.apache.ibatis.executor.SimpleExecutor.doQuery(SimpleExecutor.java:61)
	at org.apache.ibatis.executor.BaseExecutor.queryFromDatabase(BaseExecutor.java:303)
	at org.apache.ibatis.executor.BaseExecutor.query(BaseExecutor.java:154)
	at org.apache.ibatis.executor.CachingExecutor.query(CachingExecutor.java:102)
	at org.apache.ibatis.executor.CachingExecutor.query(CachingExecutor.java:82)
	at org.apache.ibatis.session.defaults.DefaultSqlSession.selectList(DefaultSqlSession.java:120)
	... 38 more
10:44:57,023 [main] DEBUG org.activiti.engine.impl.cfg.standalone.StandaloneMybatisTransactionContext  - firing event rolling back...
10:44:57,023 [main] DEBUG org.activiti.engine.impl.cfg.standalone.StandaloneMybatisTransactionContext  - rolling back ibatis sql session...
10:44:57,023 [main] DEBUG org.activiti.engine.impl.cfg.standalone.StandaloneMybatisTransactionContext  - firing event rolled back...
10:44:57,023 [main] DEBUG org.apache.ibatis.transaction.jdbc.JdbcTransaction  - Resetting autocommit to true on JDBC Connection [conn3: url=jdbc:h2:mem:activiti user=SA]
10:44:57,023 [main] DEBUG org.apache.ibatis.transaction.jdbc.JdbcTransaction  - Closing JDBC Connection [conn3: url=jdbc:h2:mem:activiti user=SA]
10:44:57,023 [main] DEBUG org.apache.ibatis.datasource.pooled.PooledDataSource  - Returned connection 180014677 to pool.
10:44:57,023 [main] DEBUG org.activiti.engine.impl.interceptor.LogInterceptor  - --- DeleteDeploymentCmd finished --------------------------------------------------------
10:44:57,023 [main] DEBUG org.activiti.engine.impl.interceptor.LogInterceptor  - 

10:44:57,023 [main] ERROR org.activiti.engine.impl.test.PvmTestCase  - 

10:44:57,023 [main] ERROR org.activiti.engine.impl.test.PvmTestCase  - EXCEPTION: org.apache.ibatis.exceptions.PersistenceException: 
### Error querying database.  Cause: org.h2.jdbc.JdbcSQLException: Syntax error in SQL statement &quot;SELECT RES.* 
     
    FROM ACT_RU_JOB RES
     
     WHERE  RES.TYPE_ = &apos;timer&apos; 
   
     ORDER BY  ORDER[*] BY RES.ID_ ASC  
    LIMIT ? OFFSET ? &quot;; expected &quot;=, NOT, EXISTS, INTERSECTS, SELECT, FROM&quot;; SQL statement:
select RES.* 
     
    from ACT_RU_JOB RES
     
     WHERE  RES.TYPE_ = &apos;timer&apos; 
   
     order by  order by RES.ID_ asc  
    LIMIT ? OFFSET ? [42001-176]
### The error may exist in org/activiti/db/mapping/entity/Job.xml
### The error may involve org.activiti.engine.impl.persistence.entity.JobEntity.selectJobByQueryCriteria
### The error occurred while executing a query
### SQL: select RES.*            from ACT_RU_JOB RES            WHERE  RES.TYPE_ = &apos;timer&apos;           order by  order by RES.ID_ asc       LIMIT ? OFFSET ?
### Cause: org.h2.jdbc.JdbcSQLException: Syntax error in SQL statement &quot;SELECT RES.* 
     
    FROM ACT_RU_JOB RES
     
     WHERE  RES.TYPE_ = &apos;timer&apos; 
   
     ORDER BY  ORDER[*] BY RES.ID_ ASC  
    LIMIT ? OFFSET ? &quot;; expected &quot;=, NOT, EXISTS, INTERSECTS, SELECT, FROM&quot;; SQL statement:
select RES.* 
     
    from ACT_RU_JOB RES
     
     WHERE  RES.TYPE_ = &apos;timer&apos; 
   
     order by  order by RES.ID_ asc  
    LIMIT ? OFFSET ? [42001-176]
org.apache.ibatis.exceptions.PersistenceException: 
### Error querying database.  Cause: org.h2.jdbc.JdbcSQLException: Syntax error in SQL statement &quot;SELECT RES.* 
     
    FROM ACT_RU_JOB RES
     
     WHERE  RES.TYPE_ = &apos;timer&apos; 
   
     ORDER BY  ORDER[*] BY RES.ID_ ASC  
    LIMIT ? OFFSET ? &quot;; expected &quot;=, NOT, EXISTS, INTERSECTS, SELECT, FROM&quot;; SQL statement:
select RES.* 
     
    from ACT_RU_JOB RES
     
     WHERE  RES.TYPE_ = &apos;timer&apos; 
   
     order by  order by RES.ID_ asc  
    LIMIT ? OFFSET ? [42001-176]
### The error may exist in org/activiti/db/mapping/entity/Job.xml
### The error may involve org.activiti.engine.impl.persistence.entity.JobEntity.selectJobByQueryCriteria
### The error occurred while executing a query
### SQL: select RES.*            from ACT_RU_JOB RES            WHERE  RES.TYPE_ = &apos;timer&apos;           order by  order by RES.ID_ asc       LIMIT ? OFFSET ?
### Cause: org.h2.jdbc.JdbcSQLException: Syntax error in SQL statement &quot;SELECT RES.* 
     
    FROM ACT_RU_JOB RES
     
     WHERE  RES.TYPE_ = &apos;timer&apos; 
   
     ORDER BY  ORDER[*] BY RES.ID_ ASC  
    LIMIT ? OFFSET ? &quot;; expected &quot;=, NOT, EXISTS, INTERSECTS, SELECT, FROM&quot;; SQL statement:
select RES.* 
     
    from ACT_RU_JOB RES
     
     WHERE  RES.TYPE_ = &apos;timer&apos; 
   
     order by  order by RES.ID_ asc  
    LIMIT ? OFFSET ? [42001-176]
	at org.apache.ibatis.exceptions.ExceptionFactory.wrapException(ExceptionFactory.java:30)
	at org.apache.ibatis.session.defaults.DefaultSqlSession.selectList(DefaultSqlSession.java:122)
	at org.apache.ibatis.session.defaults.DefaultSqlSession.selectList(DefaultSqlSession.java:113)
	at org.activiti.engine.impl.db.DbSqlSession.selectListWithRawParameter(DbSqlSession.java:438)
	at org.activiti.engine.impl.db.DbSqlSession.selectList(DbSqlSession.java:429)
	at org.activiti.engine.impl.db.DbSqlSession.selectList(DbSqlSession.java:419)
	at org.activiti.engine.impl.persistence.entity.JobEntityManager.findJobsByQueryCriteria(JobEntityManager.java:198)
	at org.activiti.engine.impl.JobQueryImpl.executeList(JobQueryImpl.java:243)
	at org.activiti.engine.impl.AbstractQuery.execute(AbstractQuery.java:164)
	at org.activiti.engine.impl.interceptor.CommandInvoker.execute(CommandInvoker.java:24)
	at org.activiti.engine.impl.interceptor.CommandContextInterceptor.execute(CommandContextInterceptor.java:57)
	at org.activiti.engine.impl.interceptor.LogInterceptor.execute(LogInterceptor.java:37)
	at org.activiti.engine.impl.cfg.CommandExecutorImpl.execute(CommandExecutorImpl.java:40)
	at org.activiti.engine.impl.cfg.CommandExecutorImpl.execute(CommandExecutorImpl.java:35)
	at org.activiti.engine.impl.AbstractQuery.list(AbstractQuery.java:138)
	at org.activiti.engine.test.api.mgmt.JobQueryTest.verifyQueryResults(JobQueryTest.java:400)
	at org.activiti.engine.test.api.mgmt.JobQueryTest.testQueryByOnlyTimers(JobQueryTest.java:183)
	at sun.reflect.NativeMethodAccessorImpl.invoke0(Native Method)
	at sun.reflect.NativeMethodAccessorImpl.invoke(NativeMethodAccessorImpl.java:62)
	at sun.reflect.DelegatingMethodAccessorImpl.invoke(DelegatingMethodAccessorImpl.java:43)
	at java.lang.reflect.Method.invoke(Method.java:498)
	at junit.framework.TestCase.runTest(TestCase.java:176)
	at org.activiti.engine.impl.test.PvmTestCase.runTest(PvmTestCase.java:65)
	at junit.framework.TestCase.runBare(TestCase.java:141)
	at org.activiti.engine.impl.test.AbstractActivitiTestCase.runBare(AbstractActivitiTestCase.java:100)
	at junit.framework.TestResult$1.protect(TestResult.java:122)
	at junit.framework.TestResult.runProtected(TestResult.java:142)
	at junit.framework.TestResult.run(TestResult.java:125)
	at junit.framework.TestCase.run(TestCase.java:129)
	at junit.framework.TestSuite.runTest(TestSuite.java:255)
	at junit.framework.TestSuite.run(TestSuite.java:250)
	at org.junit.internal.runners.JUnit38ClassRunner.run(JUnit38ClassRunner.java:84)
	at org.apache.maven.surefire.junit4.JUnit4TestSet.execute(JUnit4TestSet.java:35)
	at org.apache.maven.surefire.junit4.JUnit4Provider.executeTestSet(JUnit4Provider.java:146)
	at org.apache.maven.surefire.junit4.JUnit4Provider.invoke(JUnit4Provider.java:97)
	at sun.reflect.NativeMethodAccessorImpl.invoke0(Native Method)
	at sun.reflect.NativeMethodAccessorImpl.invoke(NativeMethodAccessorImpl.java:62)
	at sun.reflect.DelegatingMethodAccessorImpl.invoke(DelegatingMethodAccessorImpl.java:43)
	at java.lang.reflect.Method.invoke(Method.java:498)
	at org.apache.maven.surefire.booter.ProviderFactory$ClassLoaderProxy.invoke(ProviderFactory.java:103)
	at com.sun.proxy.$Proxy0.invoke(Unknown Source)
	at org.apache.maven.surefire.booter.SurefireStarter.invokeProvider(SurefireStarter.java:145)
	at org.apache.maven.surefire.booter.SurefireStarter.runSuitesInProcess(SurefireStarter.java:87)
	at org.apache.maven.surefire.booter.ForkedBooter.main(ForkedBooter.java:69)
Caused by: org.h2.jdbc.JdbcSQLException: Syntax error in SQL statement &quot;SELECT RES.* 
     
    FROM ACT_RU_JOB RES
     
     WHERE  RES.TYPE_ = &apos;timer&apos; 
   
     ORDER BY  ORDER[*] BY RES.ID_ ASC  
    LIMIT ? OFFSET ? &quot;; expected &quot;=, NOT, EXISTS, INTERSECTS, SELECT, FROM&quot;; SQL statement:
select RES.* 
     
    from ACT_RU_JOB RES
     
     WHERE  RES.TYPE_ = &apos;timer&apos; 
   
     order by  order by RES.ID_ asc  
    LIMIT ? OFFSET ? [42001-176]
	at org.h2.message.DbException.getJdbcSQLException(DbException.java:344)
	at org.h2.message.DbException.getSyntaxError(DbException.java:204)
	at org.h2.command.Parser.getSyntaxError(Parser.java:524)
	at org.h2.command.Parser.readTerm(Parser.java:2688)
	at org.h2.command.Parser.readFactor(Parser.java:2244)
	at org.h2.command.Parser.readSum(Parser.java:2231)
	at org.h2.command.Parser.readConcat(Parser.java:2201)
	at org.h2.command.Parser.readCondition(Parser.java:2051)
	at org.h2.command.Parser.readAnd(Parser.java:2023)
	at org.h2.command.Parser.readExpression(Parser.java:2015)
	at org.h2.command.Parser.parseEndOfQuery(Parser.java:1726)
	at org.h2.command.Parser.parseSelectUnionExtension(Parser.java:1706)
	at org.h2.command.Parser.parseSelectUnion(Parser.java:1675)
	at org.h2.command.Parser.parseSelect(Parser.java:1662)
	at org.h2.command.Parser.parsePrepared(Parser.java:434)
	at org.h2.command.Parser.parse(Parser.java:306)
	at org.h2.command.Parser.parse(Parser.java:282)
	at org.h2.command.Parser.prepareCommand(Parser.java:243)
	at org.h2.engine.Session.prepareLocal(Session.java:442)
	at org.h2.engine.Session.prepareCommand(Session.java:384)
	at org.h2.jdbc.JdbcConnection.prepareCommand(JdbcConnection.java:1188)
	at org.h2.jdbc.JdbcPreparedStatement.&lt;init&gt;(JdbcPreparedStatement.java:73)
	at org.h2.jdbc.JdbcConnection.prepareStatement(JdbcConnection.java:276)
	at sun.reflect.GeneratedMethodAccessor6.invoke(Unknown Source)
	at sun.reflect.DelegatingMethodAccessorImpl.invoke(DelegatingMethodAccessorImpl.java:43)
	at java.lang.reflect.Method.invoke(Method.java:498)
	at org.apache.ibatis.datasource.pooled.PooledConnection.invoke(PooledConnection.java:245)
	at com.sun.proxy.$Proxy12.prepareStatement(Unknown Source)
	at sun.reflect.GeneratedMethodAccessor6.invoke(Unknown Source)
	at sun.reflect.DelegatingMethodAccessorImpl.invoke(DelegatingMethodAccessorImpl.java:43)
	at java.lang.reflect.Method.invoke(Method.java:498)
	at org.apache.ibatis.logging.jdbc.ConnectionLogger.invoke(ConnectionLogger.java:55)
	at com.sun.proxy.$Proxy12.prepareStatement(Unknown Source)
	at org.apache.ibatis.executor.statement.PreparedStatementHandler.instantiateStatement(PreparedStatementHandler.java:79)
	at org.apache.ibatis.executor.statement.BaseStatementHandler.prepare(BaseStatementHandler.java:88)
	at org.apache.ibatis.executor.statement.RoutingStatementHandler.prepare(RoutingStatementHandler.java:58)
	at org.apache.ibatis.executor.SimpleExecutor.prepareStatement(SimpleExecutor.java:76)
	at org.apache.ibatis.executor.SimpleExecutor.doQuery(SimpleExecutor.java:61)
	at org.apache.ibatis.executor.BaseExecutor.queryFromDatabase(BaseExecutor.java:303)
	at org.apache.ibatis.executor.BaseExecutor.query(BaseExecutor.java:154)
	at org.apache.ibatis.executor.CachingExecutor.query(CachingExecutor.java:102)
	at org.apache.ibatis.executor.CachingExecutor.query(CachingExecutor.java:82)
	at org.apache.ibatis.session.defaults.DefaultSqlSession.selectList(DefaultSqlSession.java:120)
	... 42 more
10:44:57,023 [main] DEBUG org.activiti.engine.impl.test.PvmTestCase  - verifying that db is clean after test
10:44:57,023 [main] DEBUG org.activiti.engine.impl.interceptor.LogInterceptor  - 

10:44:57,023 [main] DEBUG org.activiti.engine.impl.interceptor.LogInterceptor  - --- starting GetTableCountCmd --------------------------------------------------------
10:44:57,023 [main] DEBUG org.apache.ibatis.transaction.jdbc.JdbcTransaction  - Opening JDBC Connection
10:44:57,023 [main] DEBUG org.apache.ibatis.datasource.pooled.PooledDataSource  - Checked out connection 297240765 from pool.
10:44:57,023 [main] DEBUG org.apache.ibatis.transaction.jdbc.JdbcTransaction  - Setting autocommit to false on JDBC Connection [conn4: url=jdbc:h2:mem:activiti user=SA]
10:44:57,023 [main] DEBUG org.activiti.engine.impl.persistence.entity.TableDataManager  - retrieving activiti tables from jdbc metadata
10:44:57,023 [main] DEBUG org.activiti.engine.impl.persistence.entity.TableDataManager  -   retrieved activiti table name ACT_EVT_LOG
10:44:57,023 [main] DEBUG org.activiti.engine.impl.persistence.entity.TableDataManager  -   retrieved activiti table name ACT_GE_BYTEARRAY
10:44:57,023 [main] DEBUG org.activiti.engine.impl.persistence.entity.TableDataManager  -   retrieved activiti table name ACT_GE_PROPERTY
10:44:57,023 [main] DEBUG org.activiti.engine.impl.persistence.entity.TableDataManager  -   retrieved activiti table name ACT_HI_ACTINST
10:44:57,023 [main] DEBUG org.activiti.engine.impl.persistence.entity.TableDataManager  -   retrieved activiti table name ACT_HI_ATTACHMENT
10:44:57,023 [main] DEBUG org.activiti.engine.impl.persistence.entity.TableDataManager  -   retrieved activiti table name ACT_HI_COMMENT
10:44:57,023 [main] DEBUG org.activiti.engine.impl.persistence.entity.TableDataManager  -   retrieved activiti table name ACT_HI_DETAIL
10:44:57,023 [main] DEBUG org.activiti.engine.impl.persistence.entity.TableDataManager  -   retrieved activiti table name ACT_HI_IDENTITYLINK
10:44:57,023 [main] DEBUG org.activiti.engine.impl.persistence.entity.TableDataManager  -   retrieved activiti table name ACT_HI_PROCINST
10:44:57,023 [main] DEBUG org.activiti.engine.impl.persistence.entity.TableDataManager  -   retrieved activiti table name ACT_HI_TASKINST
10:44:57,023 [main] DEBUG org.activiti.engine.impl.persistence.entity.TableDataManager  -   retrieved activiti table name ACT_HI_VARINST
10:44:57,023 [main] DEBUG org.activiti.engine.impl.persistence.entity.TableDataManager  -   retrieved activiti table name ACT_ID_GROUP
10:44:57,023 [main] DEBUG org.activiti.engine.impl.persistence.entity.TableDataManager  -   retrieved activiti table name ACT_ID_INFO
10:44:57,023 [main] DEBUG org.activiti.engine.impl.persistence.entity.TableDataManager  -   retrieved activiti table name ACT_ID_MEMBERSHIP
10:44:57,023 [main] DEBUG org.activiti.engine.impl.persistence.entity.TableDataManager  -   retrieved activiti table name ACT_ID_USER
10:44:57,023 [main] DEBUG org.activiti.engine.impl.persistence.entity.TableDataManager  -   retrieved activiti table name ACT_PROCDEF_INFO
10:44:57,023 [main] DEBUG org.activiti.engine.impl.persistence.entity.TableDataManager  -   retrieved activiti table name ACT_RE_DEPLOYMENT
10:44:57,023 [main] DEBUG org.activiti.engine.impl.persistence.entity.TableDataManager  -   retrieved activiti table name ACT_RE_MODEL
10:44:57,023 [main] DEBUG org.activiti.engine.impl.persistence.entity.TableDataManager  -   retrieved activiti table name ACT_RE_PROCDEF
10:44:57,023 [main] DEBUG org.activiti.engine.impl.persistence.entity.TableDataManager  -   retrieved activiti table name ACT_RU_EVENT_SUBSCR
10:44:57,023 [main] DEBUG org.activiti.engine.impl.persistence.entity.TableDataManager  -   retrieved activiti table name ACT_RU_EXECUTION
10:44:57,023 [main] DEBUG org.activiti.engine.impl.persistence.entity.TableDataManager  -   retrieved activiti table name ACT_RU_IDENTITYLINK
10:44:57,023 [main] DEBUG org.activiti.engine.impl.persistence.entity.TableDataManager  -   retrieved activiti table name ACT_RU_JOB
10:44:57,023 [main] DEBUG org.activiti.engine.impl.persistence.entity.TableDataManager  -   retrieved activiti table name ACT_RU_TASK
10:44:57,023 [main] DEBUG org.activiti.engine.impl.persistence.entity.TableDataManager  -   retrieved activiti table name ACT_RU_VARIABLE
10:44:57,023 [main] DEBUG org.activiti.engine.impl.persistence.entity.TableDataManager  - selecting table count for ACT_EVT_LOG
10:44:57,023 [main] DEBUG org.activiti.engine.impl.TablePageMap.selectTableCount  - ==&gt;  Preparing: select count(*) from ACT_EVT_LOG 
10:44:57,023 [main] DEBUG org.activiti.engine.impl.TablePageMap.selectTableCount  - ==&gt; Parameters: 
10:44:57,023 [main] DEBUG org.activiti.engine.impl.TablePageMap.selectTableCount  - &lt;==      Total: 1
10:44:57,023 [main] DEBUG org.activiti.engine.impl.persistence.entity.TableDataManager  - selecting table count for ACT_GE_BYTEARRAY
10:44:57,023 [main] DEBUG org.activiti.engine.impl.TablePageMap.selectTableCount  - ==&gt;  Preparing: select count(*) from ACT_GE_BYTEARRAY 
10:44:57,023 [main] DEBUG org.activiti.engine.impl.TablePageMap.selectTableCount  - ==&gt; Parameters: 
10:44:57,023 [main] DEBUG org.activiti.engine.impl.TablePageMap.selectTableCount  - &lt;==      Total: 1
10:44:57,023 [main] DEBUG org.activiti.engine.impl.persistence.entity.TableDataManager  - selecting table count for ACT_GE_PROPERTY
10:44:57,023 [main] DEBUG org.activiti.engine.impl.TablePageMap.selectTableCount  - ==&gt;  Preparing: select count(*) from ACT_GE_PROPERTY 
10:44:57,023 [main] DEBUG org.activiti.engine.impl.TablePageMap.selectTableCount  - ==&gt; Parameters: 
10:44:57,023 [main] DEBUG org.activiti.engine.impl.TablePageMap.selectTableCount  - &lt;==      Total: 1
10:44:57,023 [main] DEBUG org.activiti.engine.impl.persistence.entity.TableDataManager  - selecting table count for ACT_HI_ACTINST
10:44:57,023 [main] DEBUG org.activiti.engine.impl.TablePageMap.selectTableCount  - ==&gt;  Preparing: select count(*) from ACT_HI_ACTINST 
10:44:57,023 [main] DEBUG org.activiti.engine.impl.TablePageMap.selectTableCount  - ==&gt; Parameters: 
10:44:57,023 [main] DEBUG org.activiti.engine.impl.TablePageMap.selectTableCount  - &lt;==      Total: 1
10:44:57,023 [main] DEBUG org.activiti.engine.impl.persistence.entity.TableDataManager  - selecting table count for ACT_HI_ATTACHMENT
10:44:57,023 [main] DEBUG org.activiti.engine.impl.TablePageMap.selectTableCount  - ==&gt;  Preparing: select count(*) from ACT_HI_ATTACHMENT 
10:44:57,023 [main] DEBUG org.activiti.engine.impl.TablePageMap.selectTableCount  - ==&gt; Parameters: 
10:44:57,023 [main] DEBUG org.activiti.engine.impl.TablePageMap.selectTableCount  - &lt;==      Total: 1
10:44:57,023 [main] DEBUG org.activiti.engine.impl.persistence.entity.TableDataManager  - selecting table count for ACT_HI_COMMENT
10:44:57,024 [main] DEBUG org.activiti.engine.impl.TablePageMap.selectTableCount  - ==&gt;  Preparing: select count(*) from ACT_HI_COMMENT 
10:44:57,024 [main] DEBUG org.activiti.engine.impl.TablePageMap.selectTableCount  - ==&gt; Parameters: 
10:44:57,024 [main] DEBUG org.activiti.engine.impl.TablePageMap.selectTableCount  - &lt;==      Total: 1
10:44:57,024 [main] DEBUG org.activiti.engine.impl.persistence.entity.TableDataManager  - selecting table count for ACT_HI_DETAIL
10:44:57,024 [main] DEBUG org.activiti.engine.impl.TablePageMap.selectTableCount  - ==&gt;  Preparing: select count(*) from ACT_HI_DETAIL 
10:44:57,024 [main] DEBUG org.activiti.engine.impl.TablePageMap.selectTableCount  - ==&gt; Parameters: 
10:44:57,024 [main] DEBUG org.activiti.engine.impl.TablePageMap.selectTableCount  - &lt;==      Total: 1
10:44:57,024 [main] DEBUG org.activiti.engine.impl.persistence.entity.TableDataManager  - selecting table count for ACT_HI_IDENTITYLINK
10:44:57,024 [main] DEBUG org.activiti.engine.impl.TablePageMap.selectTableCount  - ==&gt;  Preparing: select count(*) from ACT_HI_IDENTITYLINK 
10:44:57,024 [main] DEBUG org.activiti.engine.impl.TablePageMap.selectTableCount  - ==&gt; Parameters: 
10:44:57,024 [main] DEBUG org.activiti.engine.impl.TablePageMap.selectTableCount  - &lt;==      Total: 1
10:44:57,024 [main] DEBUG org.activiti.engine.impl.persistence.entity.TableDataManager  - selecting table count for ACT_HI_PROCINST
10:44:57,024 [main] DEBUG org.activiti.engine.impl.TablePageMap.selectTableCount  - ==&gt;  Preparing: select count(*) from ACT_HI_PROCINST 
10:44:57,024 [main] DEBUG org.activiti.engine.impl.TablePageMap.selectTableCount  - ==&gt; Parameters: 
10:44:57,024 [main] DEBUG org.activiti.engine.impl.TablePageMap.selectTableCount  - &lt;==      Total: 1
10:44:57,024 [main] DEBUG org.activiti.engine.impl.persistence.entity.TableDataManager  - selecting table count for ACT_HI_TASKINST
10:44:57,024 [main] DEBUG org.activiti.engine.impl.TablePageMap.selectTableCount  - ==&gt;  Preparing: select count(*) from ACT_HI_TASKINST 
10:44:57,024 [main] DEBUG org.activiti.engine.impl.TablePageMap.selectTableCount  - ==&gt; Parameters: 
10:44:57,024 [main] DEBUG org.activiti.engine.impl.TablePageMap.selectTableCount  - &lt;==      Total: 1
10:44:57,024 [main] DEBUG org.activiti.engine.impl.persistence.entity.TableDataManager  - selecting table count for ACT_HI_VARINST
10:44:57,024 [main] DEBUG org.activiti.engine.impl.TablePageMap.selectTableCount  - ==&gt;  Preparing: select count(*) from ACT_HI_VARINST 
10:44:57,024 [main] DEBUG org.activiti.engine.impl.TablePageMap.selectTableCount  - ==&gt; Parameters: 
10:44:57,024 [main] DEBUG org.activiti.engine.impl.TablePageMap.selectTableCount  - &lt;==      Total: 1
10:44:57,024 [main] DEBUG org.activiti.engine.impl.persistence.entity.TableDataManager  - selecting table count for ACT_ID_GROUP
10:44:57,024 [main] DEBUG org.activiti.engine.impl.TablePageMap.selectTableCount  - ==&gt;  Preparing: select count(*) from ACT_ID_GROUP 
10:44:57,024 [main] DEBUG org.activiti.engine.impl.TablePageMap.selectTableCount  - ==&gt; Parameters: 
10:44:57,024 [main] DEBUG org.activiti.engine.impl.TablePageMap.selectTableCount  - &lt;==      Total: 1
10:44:57,024 [main] DEBUG org.activiti.engine.impl.persistence.entity.TableDataManager  - selecting table count for ACT_ID_INFO
10:44:57,024 [main] DEBUG org.activiti.engine.impl.TablePageMap.selectTableCount  - ==&gt;  Preparing: select count(*) from ACT_ID_INFO 
10:44:57,024 [main] DEBUG org.activiti.engine.impl.TablePageMap.selectTableCount  - ==&gt; Parameters: 
10:44:57,024 [main] DEBUG org.activiti.engine.impl.TablePageMap.selectTableCount  - &lt;==      Total: 1
10:44:57,024 [main] DEBUG org.activiti.engine.impl.persistence.entity.TableDataManager  - selecting table count for ACT_ID_MEMBERSHIP
10:44:57,024 [main] DEBUG org.activiti.engine.impl.TablePageMap.selectTableCount  - ==&gt;  Preparing: select count(*) from ACT_ID_MEMBERSHIP 
10:44:57,024 [main] DEBUG org.activiti.engine.impl.TablePageMap.selectTableCount  - ==&gt; Parameters: 
10:44:57,024 [main] DEBUG org.activiti.engine.impl.TablePageMap.selectTableCount  - &lt;==      Total: 1
10:44:57,024 [main] DEBUG org.activiti.engine.impl.persistence.entity.TableDataManager  - selecting table count for ACT_ID_USER
10:44:57,024 [main] DEBUG org.activiti.engine.impl.TablePageMap.selectTableCount  - ==&gt;  Preparing: select count(*) from ACT_ID_USER 
10:44:57,024 [main] DEBUG org.activiti.engine.impl.TablePageMap.selectTableCount  - ==&gt; Parameters: 
10:44:57,024 [main] DEBUG org.activiti.engine.impl.TablePageMap.selectTableCount  - &lt;==      Total: 1
10:44:57,024 [main] DEBUG org.activiti.engine.impl.persistence.entity.TableDataManager  - selecting table count for ACT_PROCDEF_INFO
10:44:57,024 [main] DEBUG org.activiti.engine.impl.TablePageMap.selectTableCount  - ==&gt;  Preparing: select count(*) from ACT_PROCDEF_INFO 
10:44:57,024 [main] DEBUG org.activiti.engine.impl.TablePageMap.selectTableCount  - ==&gt; Parameters: 
10:44:57,024 [main] DEBUG org.activiti.engine.impl.TablePageMap.selectTableCount  - &lt;==      Total: 1
10:44:57,024 [main] DEBUG org.activiti.engine.impl.persistence.entity.TableDataManager  - selecting table count for ACT_RE_DEPLOYMENT
10:44:57,024 [main] DEBUG org.activiti.engine.impl.TablePageMap.selectTableCount  - ==&gt;  Preparing: select count(*) from ACT_RE_DEPLOYMENT 
10:44:57,024 [main] DEBUG org.activiti.engine.impl.TablePageMap.selectTableCount  - ==&gt; Parameters: 
10:44:57,024 [main] DEBUG org.activiti.engine.impl.TablePageMap.selectTableCount  - &lt;==      Total: 1
10:44:57,024 [main] DEBUG org.activiti.engine.impl.persistence.entity.TableDataManager  - selecting table count for ACT_RE_MODEL
10:44:57,024 [main] DEBUG org.activiti.engine.impl.TablePageMap.selectTableCount  - ==&gt;  Preparing: select count(*) from ACT_RE_MODEL 
10:44:57,024 [main] DEBUG org.activiti.engine.impl.TablePageMap.selectTableCount  - ==&gt; Parameters: 
10:44:57,024 [main] DEBUG org.activiti.engine.impl.TablePageMap.selectTableCount  - &lt;==      Total: 1
10:44:57,024 [main] DEBUG org.activiti.engine.impl.persistence.entity.TableDataManager  - selecting table count for ACT_RE_PROCDEF
10:44:57,024 [main] DEBUG org.activiti.engine.impl.TablePageMap.selectTableCount  - ==&gt;  Preparing: select count(*) from ACT_RE_PROCDEF 
10:44:57,024 [main] DEBUG org.activiti.engine.impl.TablePageMap.selectTableCount  - ==&gt; Parameters: 
10:44:57,024 [main] DEBUG org.activiti.engine.impl.TablePageMap.selectTableCount  - &lt;==      Total: 1
10:44:57,024 [main] DEBUG org.activiti.engine.impl.persistence.entity.TableDataManager  - selecting table count for ACT_RU_EVENT_SUBSCR
10:44:57,024 [main] DEBUG org.activiti.engine.impl.TablePageMap.selectTableCount  - ==&gt;  Preparing: select count(*) from ACT_RU_EVENT_SUBSCR 
10:44:57,024 [main] DEBUG org.activiti.engine.impl.TablePageMap.selectTableCount  - ==&gt; Parameters: 
10:44:57,024 [main] DEBUG org.activiti.engine.impl.TablePageMap.selectTableCount  - &lt;==      Total: 1
10:44:57,024 [main] DEBUG org.activiti.engine.impl.persistence.entity.TableDataManager  - selecting table count for ACT_RU_EXECUTION
10:44:57,024 [main] DEBUG org.activiti.engine.impl.TablePageMap.selectTableCount  - ==&gt;  Preparing: select count(*) from ACT_RU_EXECUTION 
10:44:57,024 [main] DEBUG org.activiti.engine.impl.TablePageMap.selectTableCount  - ==&gt; Parameters: 
10:44:57,024 [main] DEBUG org.activiti.engine.impl.TablePageMap.selectTableCount  - &lt;==      Total: 1
10:44:57,024 [main] DEBUG org.activiti.engine.impl.persistence.entity.TableDataManager  - selecting table count for ACT_RU_IDENTITYLINK
10:44:57,024 [main] DEBUG org.activiti.engine.impl.TablePageMap.selectTableCount  - ==&gt;  Preparing: select count(*) from ACT_RU_IDENTITYLINK 
10:44:57,024 [main] DEBUG org.activiti.engine.impl.TablePageMap.selectTableCount  - ==&gt; Parameters: 
10:44:57,024 [main] DEBUG org.activiti.engine.impl.TablePageMap.selectTableCount  - &lt;==      Total: 1
10:44:57,024 [main] DEBUG org.activiti.engine.impl.persistence.entity.TableDataManager  - selecting table count for ACT_RU_JOB
10:44:57,024 [main] DEBUG org.activiti.engine.impl.TablePageMap.selectTableCount  - ==&gt;  Preparing: select count(*) from ACT_RU_JOB 
10:44:57,024 [main] DEBUG org.activiti.engine.impl.TablePageMap.selectTableCount  - ==&gt; Parameters: 
10:44:57,024 [main] DEBUG org.activiti.engine.impl.TablePageMap.selectTableCount  - &lt;==      Total: 1
10:44:57,024 [main] DEBUG org.activiti.engine.impl.persistence.entity.TableDataManager  - selecting table count for ACT_RU_TASK
10:44:57,024 [main] DEBUG org.activiti.engine.impl.TablePageMap.selectTableCount  - ==&gt;  Preparing: select count(*) from ACT_RU_TASK 
10:44:57,024 [main] DEBUG org.activiti.engine.impl.TablePageMap.selectTableCount  - ==&gt; Parameters: 
10:44:57,024 [main] DEBUG org.activiti.engine.impl.TablePageMap.selectTableCount  - &lt;==      Total: 1
10:44:57,024 [main] DEBUG org.activiti.engine.impl.persistence.entity.TableDataManager  - selecting table count for ACT_RU_VARIABLE
10:44:57,024 [main] DEBUG org.activiti.engine.impl.TablePageMap.selectTableCount  - ==&gt;  Preparing: select count(*) from ACT_RU_VARIABLE 
10:44:57,024 [main] DEBUG org.activiti.engine.impl.TablePageMap.selectTableCount  - ==&gt; Parameters: 
10:44:57,024 [main] DEBUG org.activiti.engine.impl.TablePageMap.selectTableCount  - &lt;==      Total: 1
10:44:57,024 [main] DEBUG org.activiti.engine.impl.persistence.entity.TableDataManager  - Number of rows per activiti table: {ACT_RU_EVENT_SUBSCR=0, ACT_ID_USER=0, ACT_HI_ATTACHMENT=0, ACT_GE_BYTEARRAY=1, ACT_RE_MODEL=0, ACT_RU_VARIABLE=0, ACT_RU_TASK=3, ACT_RE_DEPLOYMENT=1, ACT_RE_PROCDEF=1, ACT_ID_GROUP=0, ACT_HI_VARINST=0, ACT_HI_COMMENT=0, ACT_HI_PROCINST=3, ACT_ID_INFO=0, ACT_ID_MEMBERSHIP=0, ACT_RU_JOB=4, ACT_PROCDEF_INFO=0, ACT_HI_ACTINST=6, ACT_RU_EXECUTION=6, ACT_HI_TASKINST=3, ACT_HI_DETAIL=0, ACT_EVT_LOG=0, ACT_HI_IDENTITYLINK=0, ACT_RU_IDENTITYLINK=0, ACT_GE_PROPERTY=3}
10:44:57,024 [main] DEBUG org.activiti.engine.impl.db.DbSqlSession  - flush summary: 0 insert, 0 update, 0 delete.
10:44:57,024 [main] DEBUG org.activiti.engine.impl.db.DbSqlSession  - now executing flush...
10:44:57,024 [main] DEBUG org.activiti.engine.impl.cfg.standalone.StandaloneMybatisTransactionContext  - firing event committing...
10:44:57,024 [main] DEBUG org.activiti.engine.impl.cfg.standalone.StandaloneMybatisTransactionContext  - committing the ibatis sql session...
10:44:57,024 [main] DEBUG org.activiti.engine.impl.cfg.standalone.StandaloneMybatisTransactionContext  - firing event committed...
10:44:57,024 [main] DEBUG org.apache.ibatis.transaction.jdbc.JdbcTransaction  - Resetting autocommit to true on JDBC Connection [conn4: url=jdbc:h2:mem:activiti user=SA]
10:44:57,024 [main] DEBUG org.apache.ibatis.transaction.jdbc.JdbcTransaction  - Closing JDBC Connection [conn4: url=jdbc:h2:mem:activiti user=SA]
10:44:57,024 [main] DEBUG org.apache.ibatis.datasource.pooled.PooledDataSource  - Returned connection 297240765 to pool.
10:44:57,024 [main] DEBUG org.activiti.engine.impl.interceptor.LogInterceptor  - --- GetTableCountCmd finished --------------------------------------------------------
10:44:57,024 [main] DEBUG org.activiti.engine.impl.interceptor.LogInterceptor  - 

10:44:57,024 [main] ERROR org.activiti.engine.impl.test.PvmTestCase  - 

10:44:57,024 [main] ERROR org.activiti.engine.impl.test.PvmTestCase  - DB NOT CLEAN: 
  ACT_GE_BYTEARRAY: 1 record(s)   ACT_RU_TASK: 3 record(s)   ACT_RE_DEPLOYMENT: 1 record(s)   ACT_RE_PROCDEF: 1 record(s)   ACT_HI_PROCINST: 3 record(s)   ACT_RU_JOB: 4 record(s)   ACT_HI_ACTINST: 6 record(s)   ACT_RU_EXECUTION: 6 record(s)   ACT_HI_TASKINST: 3 record(s) 
10:44:57,024 [main] INFO  org.activiti.engine.impl.test.PvmTestCase  - dropping and recreating db
10:44:57,024 [main] DEBUG org.activiti.engine.impl.interceptor.LogInterceptor  - 

10:44:57,024 [main] DEBUG org.activiti.engine.impl.interceptor.LogInterceptor  - --- starting  --------------------------------------------------------
10:44:57,024 [main] INFO  org.activiti.engine.impl.db.DbSqlSession  - performing drop on engine with resource org/activiti/db/drop/activiti.h2.drop.engine.sql
10:44:57,024 [main] DEBUG org.apache.ibatis.transaction.jdbc.JdbcTransaction  - Opening JDBC Connection
10:44:57,024 [main] DEBUG org.apache.ibatis.datasource.pooled.PooledDataSource  - Checked out connection 363509958 from pool.
10:44:57,024 [main] DEBUG org.apache.ibatis.transaction.jdbc.JdbcTransaction  - Setting autocommit to false on JDBC Connection [conn2: url=jdbc:h2:mem:activiti user=SA]
10:44:57,024 [main] DEBUG org.activiti.engine.impl.db.DbSqlSession  - SQL: drop table if exists ACT_GE_PROPERTY cascade constraints
10:44:57,024 [main] DEBUG org.activiti.engine.impl.db.DbSqlSession  - SQL: drop table if exists ACT_GE_BYTEARRAY cascade constraints
10:44:57,024 [main] DEBUG org.activiti.engine.impl.db.DbSqlSession  - SQL: drop table if exists ACT_RE_DEPLOYMENT cascade constraints
10:44:57,025 [main] DEBUG org.activiti.engine.impl.db.DbSqlSession  - SQL: drop table if exists ACT_RE_MODEL cascade constraints
10:44:57,025 [main] DEBUG org.activiti.engine.impl.db.DbSqlSession  - SQL: drop table if exists ACT_RU_EXECUTION cascade constraints
10:44:57,025 [main] DEBUG org.activiti.engine.impl.db.DbSqlSession  - SQL: drop table if exists ACT_RU_JOB cascade constraints
10:44:57,025 [main] DEBUG org.activiti.engine.impl.db.DbSqlSession  - SQL: drop table if exists ACT_RE_PROCDEF cascade constraints
10:44:57,025 [main] DEBUG org.activiti.engine.impl.db.DbSqlSession  - SQL: drop table if exists ACT_RU_TASK cascade constraints
10:44:57,025 [main] DEBUG org.activiti.engine.impl.db.DbSqlSession  - SQL: drop table if exists ACT_RU_IDENTITYLINK cascade constraints
10:44:57,025 [main] DEBUG org.activiti.engine.impl.db.DbSqlSession  - SQL: drop table if exists ACT_RU_VARIABLE cascade constraints
10:44:57,025 [main] DEBUG org.activiti.engine.impl.db.DbSqlSession  - SQL: drop table if exists ACT_RU_EVENT_SUBSCR cascade constraints
10:44:57,025 [main] DEBUG org.activiti.engine.impl.db.DbSqlSession  - SQL: drop table if exists ACT_EVT_LOG cascade constraints
10:44:57,025 [main] DEBUG org.activiti.engine.impl.db.DbSqlSession  - SQL: drop table if exists ACT_PROCDEF_INFO cascade constraints
10:44:57,025 [main] DEBUG org.activiti.engine.impl.db.DbSqlSession  - SQL: drop index if exists ACT_IDX_EXEC_BUSKEY
10:44:57,025 [main] DEBUG org.activiti.engine.impl.db.DbSqlSession  - SQL: drop index if exists ACT_IDX_TASK_CREATE
10:44:57,025 [main] DEBUG org.activiti.engine.impl.db.DbSqlSession  - SQL: drop index if exists ACT_IDX_IDENT_LNK_USER
10:44:57,025 [main] DEBUG org.activiti.engine.impl.db.DbSqlSession  - SQL: drop index if exists ACT_IDX_IDENT_LNK_GROUP
10:44:57,025 [main] DEBUG org.activiti.engine.impl.db.DbSqlSession  - SQL: drop index if exists ACT_IDX_VARIABLE_TASK_ID
10:44:57,025 [main] DEBUG org.activiti.engine.impl.db.DbSqlSession  - SQL: drop index if exists ACT_IDX_EVENT_SUBSCR_CONFIG_
10:44:57,025 [main] DEBUG org.activiti.engine.impl.db.DbSqlSession  - SQL: drop index if exists ACT_IDX_ATHRZ_PROCEDEF
10:44:57,025 [main] DEBUG org.activiti.engine.impl.db.DbSqlSession  - SQL: drop index if exists ACT_IDX_INFO_PROCDEF
10:44:57,025 [main] DEBUG org.activiti.engine.impl.db.DbSqlSession  - activiti db schema drop for component engine successful
10:44:57,025 [main] INFO  org.activiti.engine.impl.db.DbSqlSession  - performing drop on history with resource org/activiti/db/drop/activiti.h2.drop.history.sql
10:44:57,025 [main] DEBUG org.activiti.engine.impl.db.DbSqlSession  - SQL: drop table if exists ACT_HI_PROCINST cascade constraints
10:44:57,025 [main] DEBUG org.activiti.engine.impl.db.DbSqlSession  - SQL: drop table if exists ACT_HI_ACTINST cascade constraints
10:44:57,025 [main] DEBUG org.activiti.engine.impl.db.DbSqlSession  - SQL: drop table if exists ACT_HI_VARINST cascade constraints
10:44:57,025 [main] DEBUG org.activiti.engine.impl.db.DbSqlSession  - SQL: drop table if exists ACT_HI_TASKINST cascade constraints
10:44:57,025 [main] DEBUG org.activiti.engine.impl.db.DbSqlSession  - SQL: drop table if exists ACT_HI_DETAIL cascade constraints
10:44:57,025 [main] DEBUG org.activiti.engine.impl.db.DbSqlSession  - SQL: drop table if exists ACT_HI_COMMENT cascade constraints
10:44:57,025 [main] DEBUG org.activiti.engine.impl.db.DbSqlSession  - SQL: drop table if exists ACT_HI_ATTACHMENT cascade constraints
10:44:57,025 [main] DEBUG org.activiti.engine.impl.db.DbSqlSession  - SQL: drop table if exists ACT_HI_IDENTITYLINK cascade constraints
10:44:57,025 [main] DEBUG org.activiti.engine.impl.db.DbSqlSession  - SQL: drop index if exists ACT_IDX_HI_PRO_INST_END
10:44:57,025 [main] DEBUG org.activiti.engine.impl.db.DbSqlSession  - SQL: drop index if exists ACT_IDX_HI_PRO_I_BUSKEY
10:44:57,025 [main] DEBUG org.activiti.engine.impl.db.DbSqlSession  - SQL: drop index if exists ACT_IDX_HI_ACT_INST_START
10:44:57,025 [main] DEBUG org.activiti.engine.impl.db.DbSqlSession  - SQL: drop index if exists ACT_IDX_HI_ACT_INST_END
10:44:57,025 [main] DEBUG org.activiti.engine.impl.db.DbSqlSession  - SQL: drop index if exists ACT_IDX_HI_DETAIL_PROC_INST
10:44:57,025 [main] DEBUG org.activiti.engine.impl.db.DbSqlSession  - SQL: drop index if exists ACT_IDX_HI_DETAIL_ACT_INST
10:44:57,025 [main] DEBUG org.activiti.engine.impl.db.DbSqlSession  - SQL: drop index if exists ACT_IDX_HI_DETAIL_TIME
10:44:57,025 [main] DEBUG org.activiti.engine.impl.db.DbSqlSession  - SQL: drop index if exists ACT_IDX_HI_DETAIL_NAME
10:44:57,025 [main] DEBUG org.activiti.engine.impl.db.DbSqlSession  - SQL: drop index if exists ACT_IDX_HI_DETAIL_TASK_ID
10:44:57,025 [main] DEBUG org.activiti.engine.impl.db.DbSqlSession  - SQL: drop index if exists ACT_IDX_HI_PROCVAR_PROC_INST
10:44:57,025 [main] DEBUG org.activiti.engine.impl.db.DbSqlSession  - SQL: drop index if exists ACT_IDX_HI_PROCVAR_NAME_TYPE
10:44:57,025 [main] DEBUG org.activiti.engine.impl.db.DbSqlSession  - SQL: drop index if exists ACT_IDX_HI_ACT_INST_PROCINST
10:44:57,025 [main] DEBUG org.activiti.engine.impl.db.DbSqlSession  - SQL: drop index if exists ACT_IDX_HI_IDENT_LNK_USER
10:44:57,025 [main] DEBUG org.activiti.engine.impl.db.DbSqlSession  - SQL: drop index if exists ACT_IDX_HI_IDENT_LNK_TASK
10:44:57,025 [main] DEBUG org.activiti.engine.impl.db.DbSqlSession  - SQL: drop index if exists ACT_IDX_HI_IDENT_LNK_PROCINST
10:44:57,025 [main] DEBUG org.activiti.engine.impl.db.DbSqlSession  - SQL: drop index if exists ACT_IDX_HI_TASK_INST_PROCINST
10:44:57,025 [main] DEBUG org.activiti.engine.impl.db.DbSqlSession  - activiti db schema drop for component history successful
10:44:57,025 [main] INFO  org.activiti.engine.impl.db.DbSqlSession  - performing drop on identity with resource org/activiti/db/drop/activiti.h2.drop.identity.sql
10:44:57,026 [main] DEBUG org.activiti.engine.impl.db.DbSqlSession  - SQL: drop table if exists ACT_ID_INFO cascade constraints
10:44:57,026 [main] DEBUG org.activiti.engine.impl.db.DbSqlSession  - SQL: drop table if exists ACT_ID_GROUP cascade constraints
10:44:57,026 [main] DEBUG org.activiti.engine.impl.db.DbSqlSession  - SQL: drop table if exists ACT_ID_MEMBERSHIP cascade constraints
10:44:57,026 [main] DEBUG org.activiti.engine.impl.db.DbSqlSession  - SQL: drop table if exists ACT_ID_USER cascade constraints
10:44:57,026 [main] DEBUG org.activiti.engine.impl.db.DbSqlSession  - activiti db schema drop for component identity successful
10:44:57,026 [main] INFO  org.activiti.engine.impl.db.DbSqlSession  - performing create on engine with resource org/activiti/db/create/activiti.h2.create.engine.sql
10:44:57,026 [main] DEBUG org.activiti.engine.impl.db.DbSqlSession  - SQL: create table ACT_GE_PROPERTY ( 
NAME_ varchar(64), 
VALUE_ varchar(300), 
REV_ integer, 
primary key (NAME_) 
)
10:44:57,026 [main] DEBUG org.activiti.engine.impl.db.DbSqlSession  - SQL: insert into ACT_GE_PROPERTY 
values (&apos;schema.version&apos;, &apos;5.20.0.0&apos;, 1)
10:44:57,026 [main] DEBUG org.activiti.engine.impl.db.DbSqlSession  - SQL: insert into ACT_GE_PROPERTY 
values (&apos;schema.history&apos;, &apos;create(5.20.0.0)&apos;, 1)
10:44:57,026 [main] DEBUG org.activiti.engine.impl.db.DbSqlSession  - SQL: insert into ACT_GE_PROPERTY 
values (&apos;next.dbid&apos;, &apos;1&apos;, 1)
10:44:57,026 [main] DEBUG org.activiti.engine.impl.db.DbSqlSession  - SQL: create table ACT_GE_BYTEARRAY ( 
ID_ varchar(64), 
REV_ integer, 
NAME_ varchar(255), 
DEPLOYMENT_ID_ varchar(64), 
BYTES_ longvarbinary, 
GENERATED_ bit, 
primary key (ID_) 
)
10:44:57,026 [main] DEBUG org.activiti.engine.impl.db.DbSqlSession  - SQL: create table ACT_RE_DEPLOYMENT ( 
ID_ varchar(64), 
NAME_ varchar(255), 
CATEGORY_ varchar(255), 
TENANT_ID_ varchar(255) default &apos;&apos;, 
DEPLOY_TIME_ timestamp, 
primary key (ID_) 
)
10:44:57,026 [main] DEBUG org.activiti.engine.impl.db.DbSqlSession  - SQL: create table ACT_RE_MODEL ( 
ID_ varchar(64) not null, 
REV_ integer, 
NAME_ varchar(255), 
KEY_ varchar(255), 
CATEGORY_ varchar(255), 
CREATE_TIME_ timestamp, 
LAST_UPDATE_TIME_ timestamp, 
VERSION_ integer, 
META_INFO_ varchar(4000), 
DEPLOYMENT_ID_ varchar(64), 
EDITOR_SOURCE_VALUE_ID_ varchar(64), 
EDITOR_SOURCE_EXTRA_VALUE_ID_ varchar(64), 
TENANT_ID_ varchar(255) default &apos;&apos;, 
primary key (ID_) 
)
10:44:57,026 [main] DEBUG org.activiti.engine.impl.db.DbSqlSession  - SQL: create table ACT_RU_EXECUTION ( 
ID_ varchar(64), 
REV_ integer, 
PROC_INST_ID_ varchar(64), 
BUSINESS_KEY_ varchar(255), 
PARENT_ID_ varchar(64), 
PROC_DEF_ID_ varchar(64), 
SUPER_EXEC_ varchar(64), 
ACT_ID_ varchar(255), 
IS_ACTIVE_ bit, 
IS_CONCURRENT_ bit, 
IS_SCOPE_ bit, 
IS_EVENT_SCOPE_ bit, 
SUSPENSION_STATE_ integer, 
CACHED_ENT_STATE_ integer, 
TENANT_ID_ varchar(255) default &apos;&apos;, 
NAME_ varchar(255), 
LOCK_TIME_ timestamp, 
primary key (ID_) 
)
10:44:57,026 [main] DEBUG org.activiti.engine.impl.db.DbSqlSession  - SQL: create table ACT_RU_JOB ( 
ID_ varchar(64) NOT NULL, 
REV_ integer, 
TYPE_ varchar(255) NOT NULL, 
LOCK_EXP_TIME_ timestamp, 
LOCK_OWNER_ varchar(255), 
EXCLUSIVE_ boolean, 
EXECUTION_ID_ varchar(64), 
PROCESS_INSTANCE_ID_ varchar(64), 
PROC_DEF_ID_ varchar(64), 
RETRIES_ integer, 
EXCEPTION_STACK_ID_ varchar(64), 
EXCEPTION_MSG_ varchar(4000), 
DUEDATE_ timestamp, 
REPEAT_ varchar(255), 
HANDLER_TYPE_ varchar(255), 
HANDLER_CFG_ varchar(4000), 
TENANT_ID_ varchar(255) default &apos;&apos;, 
primary key (ID_) 
)
10:44:57,026 [main] DEBUG org.activiti.engine.impl.db.DbSqlSession  - SQL: create table ACT_RE_PROCDEF ( 
ID_ varchar(64) NOT NULL, 
REV_ integer, 
CATEGORY_ varchar(255), 
NAME_ varchar(255), 
KEY_ varchar(255) NOT NULL, 
VERSION_ integer NOT NULL, 
DEPLOYMENT_ID_ varchar(64), 
RESOURCE_NAME_ varchar(4000), 
DGRM_RESOURCE_NAME_ varchar(4000), 
DESCRIPTION_ varchar(4000), 
HAS_START_FORM_KEY_ bit, 
HAS_GRAPHICAL_NOTATION_ bit, 
SUSPENSION_STATE_ integer, 
TENANT_ID_ varchar(255) default &apos;&apos;, 
primary key (ID_) 
)
10:44:57,026 [main] DEBUG org.activiti.engine.impl.db.DbSqlSession  - SQL: create table ACT_RU_TASK ( 
ID_ varchar(64), 
REV_ integer, 
EXECUTION_ID_ varchar(64), 
PROC_INST_ID_ varchar(64), 
PROC_DEF_ID_ varchar(64), 
NAME_ varchar(255), 
PARENT_TASK_ID_ varchar(64), 
DESCRIPTION_ varchar(4000), 
TASK_DEF_KEY_ varchar(255), 
OWNER_ varchar(255), 
ASSIGNEE_ varchar(255), 
DELEGATION_ varchar(64), 
PRIORITY_ integer, 
CREATE_TIME_ timestamp, 
DUE_DATE_ timestamp, 
CATEGORY_ varchar(255), 
SUSPENSION_STATE_ integer, 
TENANT_ID_ varchar(255) default &apos;&apos;, 
FORM_KEY_ varchar(255), 
primary key (ID_) 
)
10:44:57,026 [main] DEBUG org.activiti.engine.impl.db.DbSqlSession  - SQL: create table ACT_RU_IDENTITYLINK ( 
ID_ varchar(64), 
REV_ integer, 
GROUP_ID_ varchar(255), 
TYPE_ varchar(255), 
USER_ID_ varchar(255), 
TASK_ID_ varchar(64), 
PROC_INST_ID_ varchar(64) null, 
PROC_DEF_ID_ varchar(64), 
primary key (ID_) 
)
10:44:57,026 [main] DEBUG org.activiti.engine.impl.db.DbSqlSession  - SQL: create table ACT_RU_VARIABLE ( 
ID_ varchar(64) not null, 
REV_ integer, 
TYPE_ varchar(255) not null, 
NAME_ varchar(255) not null, 
EXECUTION_ID_ varchar(64), 
PROC_INST_ID_ varchar(64), 
TASK_ID_ varchar(64), 
BYTEARRAY_ID_ varchar(64), 
DOUBLE_ double, 
LONG_ bigint, 
TEXT_ varchar(4000), 
TEXT2_ varchar(4000), 
primary key (ID_) 
)
10:44:57,026 [main] DEBUG org.activiti.engine.impl.db.DbSqlSession  - SQL: create table ACT_RU_EVENT_SUBSCR ( 
ID_ varchar(64) not null, 
REV_ integer, 
EVENT_TYPE_ varchar(255) not null, 
EVENT_NAME_ varchar(255), 
EXECUTION_ID_ varchar(64), 
PROC_INST_ID_ varchar(64), 
ACTIVITY_ID_ varchar(64), 
CONFIGURATION_ varchar(255), 
CREATED_ timestamp not null, 
PROC_DEF_ID_ varchar(64), 
TENANT_ID_ varchar(255) default &apos;&apos;, 
primary key (ID_) 
)
10:44:57,026 [main] DEBUG org.activiti.engine.impl.db.DbSqlSession  - SQL: create table ACT_EVT_LOG ( 
LOG_NR_ identity, 
TYPE_ varchar(64), 
PROC_DEF_ID_ varchar(64), 
PROC_INST_ID_ varchar(64), 
EXECUTION_ID_ varchar(64), 
TASK_ID_ varchar(64), 
TIME_STAMP_ timestamp not null, 
USER_ID_ varchar(255), 
DATA_ longvarbinary, 
LOCK_OWNER_ varchar(255), 
LOCK_TIME_ timestamp, 
IS_PROCESSED_ bit default 0 
)
10:44:57,026 [main] DEBUG org.activiti.engine.impl.db.DbSqlSession  - SQL: create table ACT_PROCDEF_INFO ( 
ID_ varchar(64) not null, 
PROC_DEF_ID_ varchar(64) not null, 
REV_ integer, 
INFO_JSON_ID_ varchar(64), 
primary key (ID_) 
)
10:44:57,027 [main] DEBUG org.activiti.engine.impl.db.DbSqlSession  - SQL: create index ACT_IDX_EXEC_BUSKEY on ACT_RU_EXECUTION(BUSINESS_KEY_)
10:44:57,027 [main] DEBUG org.activiti.engine.impl.db.DbSqlSession  - SQL: create index ACT_IDX_TASK_CREATE on ACT_RU_TASK(CREATE_TIME_)
10:44:57,027 [main] DEBUG org.activiti.engine.impl.db.DbSqlSession  - SQL: create index ACT_IDX_IDENT_LNK_USER on ACT_RU_IDENTITYLINK(USER_ID_)
10:44:57,027 [main] DEBUG org.activiti.engine.impl.db.DbSqlSession  - SQL: create index ACT_IDX_IDENT_LNK_GROUP on ACT_RU_IDENTITYLINK(GROUP_ID_)
10:44:57,027 [main] DEBUG org.activiti.engine.impl.db.DbSqlSession  - SQL: create index ACT_IDX_EVENT_SUBSCR_CONFIG_ on ACT_RU_EVENT_SUBSCR(CONFIGURATION_)
10:44:57,027 [main] DEBUG org.activiti.engine.impl.db.DbSqlSession  - SQL: create index ACT_IDX_VARIABLE_TASK_ID on ACT_RU_VARIABLE(TASK_ID_)
10:44:57,027 [main] DEBUG org.activiti.engine.impl.db.DbSqlSession  - SQL: create index ACT_IDX_ATHRZ_PROCEDEF on ACT_RU_IDENTITYLINK(PROC_DEF_ID_)
10:44:57,027 [main] DEBUG org.activiti.engine.impl.db.DbSqlSession  - SQL: create index ACT_IDX_INFO_PROCDEF on ACT_PROCDEF_INFO(PROC_DEF_ID_)
10:44:57,027 [main] DEBUG org.activiti.engine.impl.db.DbSqlSession  - SQL: alter table ACT_GE_BYTEARRAY 
add constraint ACT_FK_BYTEARR_DEPL 
foreign key (DEPLOYMENT_ID_) 
references ACT_RE_DEPLOYMENT
10:44:57,027 [main] DEBUG org.activiti.engine.impl.db.DbSqlSession  - SQL: alter table ACT_RE_PROCDEF 
add constraint ACT_UNIQ_PROCDEF 
unique (KEY_,VERSION_, TENANT_ID_)
10:44:57,027 [main] DEBUG org.activiti.engine.impl.db.DbSqlSession  - SQL: alter table ACT_RU_EXECUTION 
add constraint ACT_FK_EXE_PROCINST 
foreign key (PROC_INST_ID_) 
references ACT_RU_EXECUTION
10:44:57,027 [main] DEBUG org.activiti.engine.impl.db.DbSqlSession  - SQL: alter table ACT_RU_EXECUTION 
add constraint ACT_FK_EXE_PARENT 
foreign key (PARENT_ID_) 
references ACT_RU_EXECUTION
10:44:57,027 [main] DEBUG org.activiti.engine.impl.db.DbSqlSession  - SQL: alter table ACT_RU_EXECUTION 
add constraint ACT_FK_EXE_SUPER 
foreign key (SUPER_EXEC_) 
references ACT_RU_EXECUTION
10:44:57,027 [main] DEBUG org.activiti.engine.impl.db.DbSqlSession  - SQL: alter table ACT_RU_EXECUTION 
add constraint ACT_FK_EXE_PROCDEF 
foreign key (PROC_DEF_ID_) 
references ACT_RE_PROCDEF (ID_)
10:44:57,027 [main] DEBUG org.activiti.engine.impl.db.DbSqlSession  - SQL: alter table ACT_RU_IDENTITYLINK 
add constraint ACT_FK_TSKASS_TASK 
foreign key (TASK_ID_) 
references ACT_RU_TASK
10:44:57,027 [main] DEBUG org.activiti.engine.impl.db.DbSqlSession  - SQL: alter table ACT_RU_IDENTITYLINK 
add constraint ACT_FK_ATHRZ_PROCEDEF 
foreign key (PROC_DEF_ID_) 
references ACT_RE_PROCDEF
10:44:57,027 [main] DEBUG org.activiti.engine.impl.db.DbSqlSession  - SQL: alter table ACT_RU_IDENTITYLINK 
add constraint ACT_FK_IDL_PROCINST 
foreign key (PROC_INST_ID_) 
references ACT_RU_EXECUTION (ID_)
10:44:57,027 [main] DEBUG org.activiti.engine.impl.db.DbSqlSession  - SQL: alter table ACT_RU_TASK 
add constraint ACT_FK_TASK_EXE 
foreign key (EXECUTION_ID_) 
references ACT_RU_EXECUTION
10:44:57,027 [main] DEBUG org.activiti.engine.impl.db.DbSqlSession  - SQL: alter table ACT_RU_TASK 
add constraint ACT_FK_TASK_PROCINST 
foreign key (PROC_INST_ID_) 
references ACT_RU_EXECUTION
10:44:57,027 [main] DEBUG org.activiti.engine.impl.db.DbSqlSession  - SQL: alter table ACT_RU_TASK 
add constraint ACT_FK_TASK_PROCDEF 
foreign key (PROC_DEF_ID_) 
references ACT_RE_PROCDEF
10:44:57,028 [main] DEBUG org.activiti.engine.impl.db.DbSqlSession  - SQL: alter table ACT_RU_VARIABLE 
add constraint ACT_FK_VAR_EXE 
foreign key (EXECUTION_ID_) 
references ACT_RU_EXECUTION
10:44:57,028 [main] DEBUG org.activiti.engine.impl.db.DbSqlSession  - SQL: alter table ACT_RU_VARIABLE 
add constraint ACT_FK_VAR_PROCINST 
foreign key (PROC_INST_ID_) 
references ACT_RU_EXECUTION
10:44:57,028 [main] DEBUG org.activiti.engine.impl.db.DbSqlSession  - SQL: alter table ACT_RU_VARIABLE 
add constraint ACT_FK_VAR_BYTEARRAY 
foreign key (BYTEARRAY_ID_) 
references ACT_GE_BYTEARRAY
10:44:57,028 [main] DEBUG org.activiti.engine.impl.db.DbSqlSession  - SQL: alter table ACT_RU_JOB 
add constraint ACT_FK_JOB_EXCEPTION 
foreign key (EXCEPTION_STACK_ID_) 
references ACT_GE_BYTEARRAY
10:44:57,028 [main] DEBUG org.activiti.engine.impl.db.DbSqlSession  - SQL: alter table ACT_RU_EVENT_SUBSCR 
add constraint ACT_FK_EVENT_EXEC 
foreign key (EXECUTION_ID_) 
references ACT_RU_EXECUTION
10:44:57,028 [main] DEBUG org.activiti.engine.impl.db.DbSqlSession  - SQL: alter table ACT_RE_MODEL 
add constraint ACT_FK_MODEL_SOURCE 
foreign key (EDITOR_SOURCE_VALUE_ID_) 
references ACT_GE_BYTEARRAY (ID_)
10:44:57,028 [main] DEBUG org.activiti.engine.impl.db.DbSqlSession  - SQL: alter table ACT_RE_MODEL 
add constraint ACT_FK_MODEL_SOURCE_EXTRA 
foreign key (EDITOR_SOURCE_EXTRA_VALUE_ID_) 
references ACT_GE_BYTEARRAY (ID_)
10:44:57,028 [main] DEBUG org.activiti.engine.impl.db.DbSqlSession  - SQL: alter table ACT_RE_MODEL 
add constraint ACT_FK_MODEL_DEPLOYMENT 
foreign key (DEPLOYMENT_ID_) 
references ACT_RE_DEPLOYMENT (ID_)
10:44:57,028 [main] DEBUG org.activiti.engine.impl.db.DbSqlSession  - SQL: alter table ACT_PROCDEF_INFO 
add constraint ACT_FK_INFO_JSON_BA 
foreign key (INFO_JSON_ID_) 
references ACT_GE_BYTEARRAY (ID_)
10:44:57,028 [main] DEBUG org.activiti.engine.impl.db.DbSqlSession  - SQL: alter table ACT_PROCDEF_INFO 
add constraint ACT_FK_INFO_PROCDEF 
foreign key (PROC_DEF_ID_) 
references ACT_RE_PROCDEF (ID_)
10:44:57,028 [main] DEBUG org.activiti.engine.impl.db.DbSqlSession  - SQL: alter table ACT_PROCDEF_INFO 
add constraint ACT_UNIQ_INFO_PROCDEF 
unique (PROC_DEF_ID_)
10:44:57,028 [main] DEBUG org.activiti.engine.impl.db.DbSqlSession  - activiti db schema create for component engine successful
10:44:57,029 [main] INFO  org.activiti.engine.impl.db.DbSqlSession  - performing create on history with resource org/activiti/db/create/activiti.h2.create.history.sql
10:44:57,029 [main] DEBUG org.activiti.engine.impl.db.DbSqlSession  - SQL: create table ACT_HI_PROCINST ( 
ID_ varchar(64) not null, 
PROC_INST_ID_ varchar(64) not null, 
BUSINESS_KEY_ varchar(255), 
PROC_DEF_ID_ varchar(64) not null, 
START_TIME_ timestamp not null, 
END_TIME_ timestamp, 
DURATION_ bigint, 
START_USER_ID_ varchar(255), 
START_ACT_ID_ varchar(255), 
END_ACT_ID_ varchar(255), 
SUPER_PROCESS_INSTANCE_ID_ varchar(64), 
DELETE_REASON_ varchar(4000), 
TENANT_ID_ varchar(255) default &apos;&apos;, 
NAME_ varchar(255), 
primary key (ID_), 
unique (PROC_INST_ID_) 
)
10:44:57,029 [main] DEBUG org.activiti.engine.impl.db.DbSqlSession  - SQL: create table ACT_HI_ACTINST ( 
ID_ varchar(64) not null, 
PROC_DEF_ID_ varchar(64) not null, 
PROC_INST_ID_ varchar(64) not null, 
EXECUTION_ID_ varchar(64) not null, 
ACT_ID_ varchar(255) not null, 
TASK_ID_ varchar(64), 
CALL_PROC_INST_ID_ varchar(64), 
ACT_NAME_ varchar(255), 
ACT_TYPE_ varchar(255) not null, 
ASSIGNEE_ varchar(255), 
START_TIME_ timestamp not null, 
END_TIME_ timestamp, 
DURATION_ bigint, 
TENANT_ID_ varchar(255) default &apos;&apos;, 
primary key (ID_) 
)
10:44:57,029 [main] DEBUG org.activiti.engine.impl.db.DbSqlSession  - SQL: create table ACT_HI_TASKINST ( 
ID_ varchar(64) not null, 
PROC_DEF_ID_ varchar(64), 
TASK_DEF_KEY_ varchar(255), 
PROC_INST_ID_ varchar(64), 
EXECUTION_ID_ varchar(64), 
NAME_ varchar(255), 
PARENT_TASK_ID_ varchar(64), 
DESCRIPTION_ varchar(4000), 
OWNER_ varchar(255), 
ASSIGNEE_ varchar(255), 
START_TIME_ timestamp not null, 
CLAIM_TIME_ timestamp, 
END_TIME_ timestamp, 
DURATION_ bigint, 
DELETE_REASON_ varchar(4000), 
PRIORITY_ integer, 
DUE_DATE_ timestamp, 
FORM_KEY_ varchar(255), 
CATEGORY_ varchar(255), 
TENANT_ID_ varchar(255) default &apos;&apos;, 
primary key (ID_) 
)
10:44:57,029 [main] DEBUG org.activiti.engine.impl.db.DbSqlSession  - SQL: create table ACT_HI_VARINST ( 
ID_ varchar(64) not null, 
PROC_INST_ID_ varchar(64), 
EXECUTION_ID_ varchar(64), 
TASK_ID_ varchar(64), 
NAME_ varchar(255) not null, 
VAR_TYPE_ varchar(100), 
REV_ integer, 
BYTEARRAY_ID_ varchar(64), 
DOUBLE_ double, 
LONG_ bigint, 
TEXT_ varchar(4000), 
TEXT2_ varchar(4000), 
CREATE_TIME_ timestamp, 
LAST_UPDATED_TIME_ timestamp, 
primary key (ID_) 
)
10:44:57,029 [main] DEBUG org.activiti.engine.impl.db.DbSqlSession  - SQL: create table ACT_HI_DETAIL ( 
ID_ varchar(64) not null, 
TYPE_ varchar(255) not null, 
TIME_ timestamp not null, 
NAME_ varchar(255), 
PROC_INST_ID_ varchar(64), 
EXECUTION_ID_ varchar(64), 
TASK_ID_ varchar(64), 
ACT_INST_ID_ varchar(64), 
VAR_TYPE_ varchar(255), 
REV_ integer, 
BYTEARRAY_ID_ varchar(64), 
DOUBLE_ double, 
LONG_ bigint, 
TEXT_ varchar(4000), 
TEXT2_ varchar(4000), 
primary key (ID_) 
)
10:44:57,029 [main] DEBUG org.activiti.engine.impl.db.DbSqlSession  - SQL: create table ACT_HI_COMMENT ( 
ID_ varchar(64) not null, 
TYPE_ varchar(255), 
TIME_ timestamp not null, 
USER_ID_ varchar(255), 
TASK_ID_ varchar(64), 
PROC_INST_ID_ varchar(64), 
ACTION_ varchar(255), 
MESSAGE_ varchar(4000), 
FULL_MSG_ longvarbinary, 
primary key (ID_) 
)
10:44:57,029 [main] DEBUG org.activiti.engine.impl.db.DbSqlSession  - SQL: create table ACT_HI_ATTACHMENT ( 
ID_ varchar(64) not null, 
REV_ integer, 
USER_ID_ varchar(255), 
NAME_ varchar(255), 
DESCRIPTION_ varchar(4000), 
TYPE_ varchar(255), 
TASK_ID_ varchar(64), 
PROC_INST_ID_ varchar(64), 
URL_ varchar(4000), 
CONTENT_ID_ varchar(64), 
TIME_ timestamp, 
primary key (ID_) 
)
10:44:57,029 [main] DEBUG org.activiti.engine.impl.db.DbSqlSession  - SQL: create table ACT_HI_IDENTITYLINK ( 
ID_ varchar(64), 
GROUP_ID_ varchar(255), 
TYPE_ varchar(255), 
USER_ID_ varchar(255), 
TASK_ID_ varchar(64), 
PROC_INST_ID_ varchar(64) null, 
primary key (ID_) 
)
10:44:57,029 [main] DEBUG org.activiti.engine.impl.db.DbSqlSession  - SQL: create index ACT_IDX_HI_PRO_INST_END on ACT_HI_PROCINST(END_TIME_)
10:44:57,029 [main] DEBUG org.activiti.engine.impl.db.DbSqlSession  - SQL: create index ACT_IDX_HI_PRO_I_BUSKEY on ACT_HI_PROCINST(BUSINESS_KEY_)
10:44:57,029 [main] DEBUG org.activiti.engine.impl.db.DbSqlSession  - SQL: create index ACT_IDX_HI_ACT_INST_START on ACT_HI_ACTINST(START_TIME_)
10:44:57,030 [main] DEBUG org.activiti.engine.impl.db.DbSqlSession  - SQL: create index ACT_IDX_HI_ACT_INST_END on ACT_HI_ACTINST(END_TIME_)
10:44:57,030 [main] DEBUG org.activiti.engine.impl.db.DbSqlSession  - SQL: create index ACT_IDX_HI_DETAIL_PROC_INST on ACT_HI_DETAIL(PROC_INST_ID_)
10:44:57,030 [main] DEBUG org.activiti.engine.impl.db.DbSqlSession  - SQL: create index ACT_IDX_HI_DETAIL_ACT_INST on ACT_HI_DETAIL(ACT_INST_ID_)
10:44:57,030 [main] DEBUG org.activiti.engine.impl.db.DbSqlSession  - SQL: create index ACT_IDX_HI_DETAIL_TIME on ACT_HI_DETAIL(TIME_)
10:44:57,030 [main] DEBUG org.activiti.engine.impl.db.DbSqlSession  - SQL: create index ACT_IDX_HI_DETAIL_NAME on ACT_HI_DETAIL(NAME_)
10:44:57,030 [main] DEBUG org.activiti.engine.impl.db.DbSqlSession  - SQL: create index ACT_IDX_HI_DETAIL_TASK_ID on ACT_HI_DETAIL(TASK_ID_)
10:44:57,030 [main] DEBUG org.activiti.engine.impl.db.DbSqlSession  - SQL: create index ACT_IDX_HI_PROCVAR_PROC_INST on ACT_HI_VARINST(PROC_INST_ID_)
10:44:57,030 [main] DEBUG org.activiti.engine.impl.db.DbSqlSession  - SQL: create index ACT_IDX_HI_PROCVAR_NAME_TYPE on ACT_HI_VARINST(NAME_, VAR_TYPE_)
10:44:57,030 [main] DEBUG org.activiti.engine.impl.db.DbSqlSession  - SQL: create index ACT_IDX_HI_PROCVAR_TASK_ID on ACT_HI_VARINST(TASK_ID_)
10:44:57,030 [main] DEBUG org.activiti.engine.impl.db.DbSqlSession  - SQL: create index ACT_IDX_HI_ACT_INST_PROCINST on ACT_HI_ACTINST(PROC_INST_ID_, ACT_ID_)
10:44:57,030 [main] DEBUG org.activiti.engine.impl.db.DbSqlSession  - SQL: create index ACT_IDX_HI_IDENT_LNK_USER on ACT_HI_IDENTITYLINK(USER_ID_)
10:44:57,030 [main] DEBUG org.activiti.engine.impl.db.DbSqlSession  - SQL: create index ACT_IDX_HI_IDENT_LNK_TASK on ACT_HI_IDENTITYLINK(TASK_ID_)
10:44:57,030 [main] DEBUG org.activiti.engine.impl.db.DbSqlSession  - SQL: create index ACT_IDX_HI_IDENT_LNK_PROCINST on ACT_HI_IDENTITYLINK(PROC_INST_ID_)
10:44:57,030 [main] DEBUG org.activiti.engine.impl.db.DbSqlSession  - SQL: create index ACT_IDX_HI_ACT_INST_EXEC on ACT_HI_ACTINST(EXECUTION_ID_, ACT_ID_)
10:44:57,030 [main] DEBUG org.activiti.engine.impl.db.DbSqlSession  - SQL: create index ACT_IDX_HI_TASK_INST_PROCINST on ACT_HI_TASKINST(PROC_INST_ID_)
10:44:57,030 [main] DEBUG org.activiti.engine.impl.db.DbSqlSession  - activiti db schema create for component history successful
10:44:57,030 [main] INFO  org.activiti.engine.impl.db.DbSqlSession  - performing create on identity with resource org/activiti/db/create/activiti.h2.create.identity.sql
10:44:57,030 [main] DEBUG org.activiti.engine.impl.db.DbSqlSession  - SQL: create table ACT_ID_GROUP ( 
ID_ varchar(64), 
REV_ integer, 
NAME_ varchar(255), 
TYPE_ varchar(255), 
primary key (ID_) 
)
10:44:57,030 [main] DEBUG org.activiti.engine.impl.db.DbSqlSession  - SQL: create table ACT_ID_MEMBERSHIP ( 
USER_ID_ varchar(64), 
GROUP_ID_ varchar(64), 
primary key (USER_ID_, GROUP_ID_) 
)
10:44:57,030 [main] DEBUG org.activiti.engine.impl.db.DbSqlSession  - SQL: create table ACT_ID_USER ( 
ID_ varchar(64), 
REV_ integer, 
FIRST_ varchar(255), 
LAST_ varchar(255), 
EMAIL_ varchar(255), 
PWD_ varchar(255), 
PICTURE_ID_ varchar(64), 
primary key (ID_) 
)
10:44:57,030 [main] DEBUG org.activiti.engine.impl.db.DbSqlSession  - SQL: create table ACT_ID_INFO ( 
ID_ varchar(64), 
REV_ integer, 
USER_ID_ varchar(64), 
TYPE_ varchar(64), 
KEY_ varchar(255), 
VALUE_ varchar(255), 
PASSWORD_ longvarbinary, 
PARENT_ID_ varchar(255), 
primary key (ID_) 
)
10:44:57,030 [main] DEBUG org.activiti.engine.impl.db.DbSqlSession  - SQL: alter table ACT_ID_MEMBERSHIP 
add constraint ACT_FK_MEMB_GROUP 
foreign key (GROUP_ID_) 
references ACT_ID_GROUP
10:44:57,030 [main] DEBUG org.activiti.engine.impl.db.DbSqlSession  - SQL: alter table ACT_ID_MEMBERSHIP 
add constraint ACT_FK_MEMB_USER 
foreign key (USER_ID_) 
references ACT_ID_USER
10:44:57,030 [main] DEBUG org.activiti.engine.impl.db.DbSqlSession  - activiti db schema create for component identity successful
10:44:57,030 [main] DEBUG org.activiti.engine.impl.db.DbSqlSession  - flush summary: 0 insert, 0 update, 0 delete.
10:44:57,030 [main] DEBUG org.activiti.engine.impl.db.DbSqlSession  - now executing flush...
10:44:57,031 [main] DEBUG org.activiti.engine.impl.cfg.standalone.StandaloneMybatisTransactionContext  - firing event committing...
10:44:57,031 [main] DEBUG org.activiti.engine.impl.cfg.standalone.StandaloneMybatisTransactionContext  - committing the ibatis sql session...
10:44:57,031 [main] DEBUG org.activiti.engine.impl.cfg.standalone.StandaloneMybatisTransactionContext  - firing event committed...
10:44:57,031 [main] DEBUG org.apache.ibatis.transaction.jdbc.JdbcTransaction  - Resetting autocommit to true on JDBC Connection [conn2: url=jdbc:h2:mem:activiti user=SA]
10:44:57,031 [main] DEBUG org.apache.ibatis.transaction.jdbc.JdbcTransaction  - Closing JDBC Connection [conn2: url=jdbc:h2:mem:activiti user=SA]
10:44:57,031 [main] DEBUG org.apache.ibatis.datasource.pooled.PooledDataSource  - Returned connection 363509958 to pool.
10:44:57,031 [main] DEBUG org.activiti.engine.impl.interceptor.LogInterceptor  - ---  finished --------------------------------------------------------
10:44:57,031 [main] DEBUG org.activiti.engine.impl.interceptor.LogInterceptor  - 

</system-out>
  </testcase>
  <testcase classname="org.activiti.engine.test.api.mgmt.JobQueryTest" name="testQueryInvalidSortingUsage" time="0.024">
    <error message="
### Error querying database.  Cause: org.h2.jdbc.JdbcSQLException: Syntax error in SQL statement &quot;SELECT RES.* 
       
    FROM ACT_RE_PROCDEF RES
     
     WHERE  RES.DEPLOYMENT_ID_ = ? 
   
     ORDER BY  ORDER[*] BY RES.ID_ ASC  
    LIMIT ? OFFSET ? &quot;; expected &quot;=, NOT, EXISTS, INTERSECTS, SELECT, FROM&quot;; SQL statement:
select RES.* 
       
    from ACT_RE_PROCDEF RES
     
     WHERE  RES.DEPLOYMENT_ID_ = ? 
   
     order by  order by RES.ID_ asc  
    LIMIT ? OFFSET ? [42001-176]
### The error may exist in org/activiti/db/mapping/entity/ProcessDefinition.xml
### The error may involve org.activiti.engine.impl.persistence.entity.ProcessDefinitionEntity.selectProcessDefinitionsByQueryCriteria
### The error occurred while executing a query
### SQL: select RES.*              from ACT_RE_PROCDEF RES            WHERE  RES.DEPLOYMENT_ID_ = ?           order by  order by RES.ID_ asc       LIMIT ? OFFSET ?
### Cause: org.h2.jdbc.JdbcSQLException: Syntax error in SQL statement &quot;SELECT RES.* 
       
    FROM ACT_RE_PROCDEF RES
     
     WHERE  RES.DEPLOYMENT_ID_ = ? 
   
     ORDER BY  ORDER[*] BY RES.ID_ ASC  
    LIMIT ? OFFSET ? &quot;; expected &quot;=, NOT, EXISTS, INTERSECTS, SELECT, FROM&quot;; SQL statement:
select RES.* 
       
    from ACT_RE_PROCDEF RES
     
     WHERE  RES.DEPLOYMENT_ID_ = ? 
   
     order by  order by RES.ID_ asc  
    LIMIT ? OFFSET ? [42001-176]" type="org.apache.ibatis.exceptions.PersistenceException">org.apache.ibatis.exceptions.PersistenceException: 
### Error querying database.  Cause: org.h2.jdbc.JdbcSQLException: Syntax error in SQL statement &quot;SELECT RES.* 
       
    FROM ACT_RE_PROCDEF RES
     
     WHERE  RES.DEPLOYMENT_ID_ = ? 
   
     ORDER BY  ORDER[*] BY RES.ID_ ASC  
    LIMIT ? OFFSET ? &quot;; expected &quot;=, NOT, EXISTS, INTERSECTS, SELECT, FROM&quot;; SQL statement:
select RES.* 
       
    from ACT_RE_PROCDEF RES
     
     WHERE  RES.DEPLOYMENT_ID_ = ? 
   
     order by  order by RES.ID_ asc  
    LIMIT ? OFFSET ? [42001-176]
### The error may exist in org/activiti/db/mapping/entity/ProcessDefinition.xml
### The error may involve org.activiti.engine.impl.persistence.entity.ProcessDefinitionEntity.selectProcessDefinitionsByQueryCriteria
### The error occurred while executing a query
### SQL: select RES.*              from ACT_RE_PROCDEF RES            WHERE  RES.DEPLOYMENT_ID_ = ?           order by  order by RES.ID_ asc       LIMIT ? OFFSET ?
### Cause: org.h2.jdbc.JdbcSQLException: Syntax error in SQL statement &quot;SELECT RES.* 
       
    FROM ACT_RE_PROCDEF RES
     
     WHERE  RES.DEPLOYMENT_ID_ = ? 
   
     ORDER BY  ORDER[*] BY RES.ID_ ASC  
    LIMIT ? OFFSET ? &quot;; expected &quot;=, NOT, EXISTS, INTERSECTS, SELECT, FROM&quot;; SQL statement:
select RES.* 
       
    from ACT_RE_PROCDEF RES
     
     WHERE  RES.DEPLOYMENT_ID_ = ? 
   
     order by  order by RES.ID_ asc  
    LIMIT ? OFFSET ? [42001-176]
	at org.apache.ibatis.exceptions.ExceptionFactory.wrapException(ExceptionFactory.java:30)
	at org.apache.ibatis.session.defaults.DefaultSqlSession.selectList(DefaultSqlSession.java:122)
	at org.apache.ibatis.session.defaults.DefaultSqlSession.selectList(DefaultSqlSession.java:113)
	at org.activiti.engine.impl.db.DbSqlSession.selectListWithRawParameter(DbSqlSession.java:438)
	at org.activiti.engine.impl.db.DbSqlSession.selectList(DbSqlSession.java:429)
	at org.activiti.engine.impl.db.DbSqlSession.selectList(DbSqlSession.java:419)
	at org.activiti.engine.impl.persistence.entity.ProcessDefinitionEntityManager.findProcessDefinitionsByQueryCriteria(ProcessDefinitionEntityManager.java:57)
	at org.activiti.engine.impl.ProcessDefinitionQueryImpl.executeList(ProcessDefinitionQueryImpl.java:307)
	at org.activiti.engine.impl.AbstractQuery.list(AbstractQuery.java:140)
	at org.activiti.engine.impl.persistence.deploy.DeploymentManager.removeDeployment(DeploymentManager.java:187)
	at org.activiti.engine.impl.cmd.DeleteDeploymentCmd.execute(DeleteDeploymentCmd.java:44)
	at org.activiti.engine.impl.cmd.DeleteDeploymentCmd.execute(DeleteDeploymentCmd.java:24)
	at org.activiti.engine.impl.interceptor.CommandInvoker.execute(CommandInvoker.java:24)
	at org.activiti.engine.impl.interceptor.CommandContextInterceptor.execute(CommandContextInterceptor.java:57)
	at org.activiti.engine.impl.interceptor.LogInterceptor.execute(LogInterceptor.java:37)
	at org.activiti.engine.impl.cfg.CommandExecutorImpl.execute(CommandExecutorImpl.java:40)
	at org.activiti.engine.impl.cfg.CommandExecutorImpl.execute(CommandExecutorImpl.java:35)
	at org.activiti.engine.impl.RepositoryServiceImpl.deleteDeployment(RepositoryServiceImpl.java:90)
	at org.activiti.engine.test.api.mgmt.JobQueryTest.tearDown(JobQueryTest.java:116)
	at junit.framework.TestCase.runBare(TestCase.java:146)
	at org.activiti.engine.impl.test.AbstractActivitiTestCase.runBare(AbstractActivitiTestCase.java:100)
	at junit.framework.TestResult$1.protect(TestResult.java:122)
	at junit.framework.TestResult.runProtected(TestResult.java:142)
	at junit.framework.TestResult.run(TestResult.java:125)
	at junit.framework.TestCase.run(TestCase.java:129)
	at junit.framework.TestSuite.runTest(TestSuite.java:255)
	at junit.framework.TestSuite.run(TestSuite.java:250)
	at org.junit.internal.runners.JUnit38ClassRunner.run(JUnit38ClassRunner.java:84)
	at org.apache.maven.surefire.junit4.JUnit4TestSet.execute(JUnit4TestSet.java:35)
	at org.apache.maven.surefire.junit4.JUnit4Provider.executeTestSet(JUnit4Provider.java:146)
	at org.apache.maven.surefire.junit4.JUnit4Provider.invoke(JUnit4Provider.java:97)
	at sun.reflect.NativeMethodAccessorImpl.invoke0(Native Method)
	at sun.reflect.NativeMethodAccessorImpl.invoke(NativeMethodAccessorImpl.java:62)
	at sun.reflect.DelegatingMethodAccessorImpl.invoke(DelegatingMethodAccessorImpl.java:43)
	at java.lang.reflect.Method.invoke(Method.java:498)
	at org.apache.maven.surefire.booter.ProviderFactory$ClassLoaderProxy.invoke(ProviderFactory.java:103)
	at com.sun.proxy.$Proxy0.invoke(Unknown Source)
	at org.apache.maven.surefire.booter.SurefireStarter.invokeProvider(SurefireStarter.java:145)
	at org.apache.maven.surefire.booter.SurefireStarter.runSuitesInProcess(SurefireStarter.java:87)
	at org.apache.maven.surefire.booter.ForkedBooter.main(ForkedBooter.java:69)
Caused by: org.h2.jdbc.JdbcSQLException: Syntax error in SQL statement &quot;SELECT RES.* 
       
    FROM ACT_RE_PROCDEF RES
     
     WHERE  RES.DEPLOYMENT_ID_ = ? 
   
     ORDER BY  ORDER[*] BY RES.ID_ ASC  
    LIMIT ? OFFSET ? &quot;; expected &quot;=, NOT, EXISTS, INTERSECTS, SELECT, FROM&quot;; SQL statement:
select RES.* 
       
    from ACT_RE_PROCDEF RES
     
     WHERE  RES.DEPLOYMENT_ID_ = ? 
   
     order by  order by RES.ID_ asc  
    LIMIT ? OFFSET ? [42001-176]
	at org.h2.message.DbException.getJdbcSQLException(DbException.java:344)
	at org.h2.message.DbException.getSyntaxError(DbException.java:204)
	at org.h2.command.Parser.getSyntaxError(Parser.java:524)
	at org.h2.command.Parser.readTerm(Parser.java:2688)
	at org.h2.command.Parser.readFactor(Parser.java:2244)
	at org.h2.command.Parser.readSum(Parser.java:2231)
	at org.h2.command.Parser.readConcat(Parser.java:2201)
	at org.h2.command.Parser.readCondition(Parser.java:2051)
	at org.h2.command.Parser.readAnd(Parser.java:2023)
	at org.h2.command.Parser.readExpression(Parser.java:2015)
	at org.h2.command.Parser.parseEndOfQuery(Parser.java:1726)
	at org.h2.command.Parser.parseSelectUnionExtension(Parser.java:1706)
	at org.h2.command.Parser.parseSelectUnion(Parser.java:1675)
	at org.h2.command.Parser.parseSelect(Parser.java:1662)
	at org.h2.command.Parser.parsePrepared(Parser.java:434)
	at org.h2.command.Parser.parse(Parser.java:306)
	at org.h2.command.Parser.parse(Parser.java:282)
	at org.h2.command.Parser.prepareCommand(Parser.java:243)
	at org.h2.engine.Session.prepareLocal(Session.java:442)
	at org.h2.engine.Session.prepareCommand(Session.java:384)
	at org.h2.jdbc.JdbcConnection.prepareCommand(JdbcConnection.java:1188)
	at org.h2.jdbc.JdbcPreparedStatement.&lt;init&gt;(JdbcPreparedStatement.java:73)
	at org.h2.jdbc.JdbcConnection.prepareStatement(JdbcConnection.java:276)
	at sun.reflect.GeneratedMethodAccessor6.invoke(Unknown Source)
	at sun.reflect.DelegatingMethodAccessorImpl.invoke(DelegatingMethodAccessorImpl.java:43)
	at java.lang.reflect.Method.invoke(Method.java:498)
	at org.apache.ibatis.datasource.pooled.PooledConnection.invoke(PooledConnection.java:245)
	at com.sun.proxy.$Proxy12.prepareStatement(Unknown Source)
	at sun.reflect.GeneratedMethodAccessor6.invoke(Unknown Source)
	at sun.reflect.DelegatingMethodAccessorImpl.invoke(DelegatingMethodAccessorImpl.java:43)
	at java.lang.reflect.Method.invoke(Method.java:498)
	at org.apache.ibatis.logging.jdbc.ConnectionLogger.invoke(ConnectionLogger.java:55)
	at com.sun.proxy.$Proxy12.prepareStatement(Unknown Source)
	at org.apache.ibatis.executor.statement.PreparedStatementHandler.instantiateStatement(PreparedStatementHandler.java:79)
	at org.apache.ibatis.executor.statement.BaseStatementHandler.prepare(BaseStatementHandler.java:88)
	at org.apache.ibatis.executor.statement.RoutingStatementHandler.prepare(RoutingStatementHandler.java:58)
	at org.apache.ibatis.executor.SimpleExecutor.prepareStatement(SimpleExecutor.java:76)
	at org.apache.ibatis.executor.SimpleExecutor.doQuery(SimpleExecutor.java:61)
	at org.apache.ibatis.executor.BaseExecutor.queryFromDatabase(BaseExecutor.java:303)
	at org.apache.ibatis.executor.BaseExecutor.query(BaseExecutor.java:154)
	at org.apache.ibatis.executor.CachingExecutor.query(CachingExecutor.java:102)
	at org.apache.ibatis.executor.CachingExecutor.query(CachingExecutor.java:82)
	at org.apache.ibatis.session.defaults.DefaultSqlSession.selectList(DefaultSqlSession.java:120)
	... 38 more
</error>
    <system-out>10:44:57,032 [main] DEBUG org.activiti.engine.impl.interceptor.LogInterceptor  - 

10:44:57,032 [main] DEBUG org.activiti.engine.impl.interceptor.LogInterceptor  - --- starting DeployCmd --------------------------------------------------------
10:44:57,032 [main] DEBUG org.activiti.engine.impl.bpmn.deployer.BpmnDeployer  - Processing deployment null
10:44:57,032 [main] INFO  org.activiti.engine.impl.bpmn.deployer.BpmnDeployer  - Processing resource org/activiti/engine/test/api/mgmt/timerOnTask.bpmn20.xml
10:44:57,037 [main] DEBUG org.activiti.engine.impl.bpmn.parser.handler.ProcessParseHandler  - Parsing process timerOnTask
10:44:57,037 [main] DEBUG org.activiti.engine.impl.bpmn.parser.handler.AbstractBpmnParseHandler  - Parsing activity firstLineSupport
10:44:57,037 [main] DEBUG org.activiti.engine.impl.bpmn.parser.handler.AbstractBpmnParseHandler  - Parsing activity secondLineSupport
10:44:57,037 [main] DEBUG org.activiti.engine.impl.bpmn.parser.handler.AbstractBpmnParseHandler  - Parsing activity theStart
10:44:57,037 [main] DEBUG org.activiti.engine.impl.bpmn.parser.handler.AbstractBpmnParseHandler  - Parsing activity normalEnd
10:44:57,037 [main] DEBUG org.activiti.engine.impl.bpmn.parser.handler.AbstractBpmnParseHandler  - Parsing activity escalatedEnd
10:44:57,037 [main] DEBUG org.activiti.engine.impl.bpmn.parser.handler.AbstractBpmnParseHandler  - Parsing activity escalationTimer
10:44:57,038 [main] DEBUG org.apache.ibatis.transaction.jdbc.JdbcTransaction  - Opening JDBC Connection
10:44:57,038 [main] DEBUG org.apache.ibatis.datasource.pooled.PooledDataSource  - Checked out connection 180014677 from pool.
10:44:57,038 [main] DEBUG org.apache.ibatis.transaction.jdbc.JdbcTransaction  - Setting autocommit to false on JDBC Connection [conn3: url=jdbc:h2:mem:activiti user=SA]
10:44:57,038 [main] DEBUG org.activiti.engine.impl.persistence.entity.ProcessDefinitionEntity.selectLatestProcessDefinitionByKey  - ==&gt;  Preparing: select * from ACT_RE_PROCDEF where KEY_ = ? and (TENANT_ID_ = &apos;&apos; or TENANT_ID_ is null) and VERSION_ = (select max(VERSION_) from ACT_RE_PROCDEF where KEY_ = ? and (TENANT_ID_ = &apos;&apos; or TENANT_ID_ is null)) 
10:44:57,038 [main] DEBUG org.activiti.engine.impl.persistence.entity.ProcessDefinitionEntity.selectLatestProcessDefinitionByKey  - ==&gt; Parameters: timerOnTask(String), timerOnTask(String)
10:44:57,038 [main] DEBUG org.activiti.engine.impl.persistence.entity.ProcessDefinitionEntity.selectLatestProcessDefinitionByKey  - &lt;==      Total: 0
10:44:57,038 [main] DEBUG org.activiti.engine.impl.persistence.entity.JobEntity.selectJobByTypeAndProcessDefinitionKeyNoTenantId  - ==&gt;  Preparing: select J.* from ACT_RU_JOB J inner join ACT_RE_PROCDEF P on J.PROC_DEF_ID_ = P.ID_ where J.HANDLER_TYPE_ = ? and P.KEY_ = ? and (P.TENANT_ID_ = &apos;&apos; or P.TENANT_ID_ is null) 
10:44:57,038 [main] DEBUG org.activiti.engine.impl.persistence.entity.JobEntity.selectJobByTypeAndProcessDefinitionKeyNoTenantId  - ==&gt; Parameters: timer-start-event(String), timerOnTask(String)
10:44:57,038 [main] DEBUG org.activiti.engine.impl.persistence.entity.JobEntity.selectJobByTypeAndProcessDefinitionKeyNoTenantId  - &lt;==      Total: 0
10:44:57,038 [main] DEBUG org.activiti.engine.impl.persistence.entity.ProcessDefinitionInfoEntity.selectProcessDefinitionInfoByProcessDefinitionId  - ==&gt;  Preparing: select * from ACT_PROCDEF_INFO where PROC_DEF_ID_ = ? 
10:44:57,038 [main] DEBUG org.activiti.engine.impl.persistence.entity.ProcessDefinitionInfoEntity.selectProcessDefinitionInfoByProcessDefinitionId  - ==&gt; Parameters: timerOnTask:1:1503(String)
10:44:57,038 [main] DEBUG org.activiti.engine.impl.persistence.entity.ProcessDefinitionInfoEntity.selectProcessDefinitionInfoByProcessDefinitionId  - &lt;==      Total: 0
10:44:57,038 [main] DEBUG org.activiti.engine.impl.interceptor.LogInterceptor  - 

10:44:57,038 [main] DEBUG org.activiti.engine.impl.interceptor.LogInterceptor  - --- starting GetProcessDefinitionInfoCmd --------------------------------------------------------
10:44:57,038 [main] DEBUG org.activiti.engine.impl.interceptor.CommandContextInterceptor  - Valid context found. Reusing it for the current command &apos;org.activiti.engine.impl.cmd.GetProcessDefinitionInfoCmd&apos;
10:44:57,038 [main] DEBUG org.activiti.engine.impl.interceptor.LogInterceptor  - 

10:44:57,038 [main] DEBUG org.activiti.engine.impl.interceptor.LogInterceptor  - --- starting  --------------------------------------------------------
10:44:57,038 [main] DEBUG org.activiti.engine.impl.interceptor.CommandContextInterceptor  - Valid context found. Reusing it for the current command &apos;null&apos;
10:44:57,038 [main] DEBUG org.activiti.engine.impl.interceptor.LogInterceptor  - ---  finished --------------------------------------------------------
10:44:57,038 [main] DEBUG org.activiti.engine.impl.interceptor.LogInterceptor  - 

10:44:57,038 [main] DEBUG org.activiti.engine.impl.interceptor.LogInterceptor  - --- GetProcessDefinitionInfoCmd finished --------------------------------------------------------
10:44:57,038 [main] DEBUG org.activiti.engine.impl.interceptor.LogInterceptor  - 

10:44:57,038 [main] DEBUG org.activiti.engine.impl.db.DbSqlSession  -   insert ResourceEntity[id=1502, name=org/activiti/engine/test/api/mgmt/timerOnTask.bpmn20.xml]
10:44:57,038 [main] DEBUG org.activiti.engine.impl.db.DbSqlSession  -   insert DeploymentEntity[id=1501, name=null]
10:44:57,038 [main] DEBUG org.activiti.engine.impl.db.DbSqlSession  -   insert ProcessDefinitionEntity[timerOnTask:1:1503]
10:44:57,038 [main] DEBUG org.activiti.engine.impl.db.DbSqlSession  - flush summary: 3 insert, 0 update, 0 delete.
10:44:57,038 [main] DEBUG org.activiti.engine.impl.db.DbSqlSession  - now executing flush...
10:44:57,038 [main] DEBUG org.activiti.engine.impl.db.DbSqlSession  - inserting: ProcessDefinitionEntity[timerOnTask:1:1503]
10:44:57,038 [main] DEBUG org.activiti.engine.impl.persistence.entity.ProcessDefinitionEntity.insertProcessDefinition  - ==&gt;  Preparing: insert into ACT_RE_PROCDEF(ID_, REV_, CATEGORY_, NAME_, KEY_, VERSION_, DEPLOYMENT_ID_, RESOURCE_NAME_, DGRM_RESOURCE_NAME_, DESCRIPTION_, HAS_START_FORM_KEY_, HAS_GRAPHICAL_NOTATION_ , SUSPENSION_STATE_, TENANT_ID_) values (?, 1, ?, ?, ?, ?, ?, ?, ?, ?, ?, ?, ?, ?) 
10:44:57,038 [main] DEBUG org.activiti.engine.impl.persistence.entity.ProcessDefinitionEntity.insertProcessDefinition  - ==&gt; Parameters: timerOnTask:1:1503(String), org.activiti.enginge.test.api.mgmt(String), null, timerOnTask(String), 1(Integer), 1501(String), org/activiti/engine/test/api/mgmt/timerOnTask.bpmn20.xml(String), null, null, false(Boolean), false(Boolean), 1(Integer), (String)
10:44:57,038 [main] DEBUG org.activiti.engine.impl.persistence.entity.ProcessDefinitionEntity.insertProcessDefinition  - &lt;==    Updates: 1
10:44:57,038 [main] DEBUG org.activiti.engine.impl.db.DbSqlSession  - inserting: DeploymentEntity[id=1501, name=null]
10:44:57,038 [main] DEBUG org.activiti.engine.impl.persistence.entity.DeploymentEntity.insertDeployment  - ==&gt;  Preparing: insert into ACT_RE_DEPLOYMENT(ID_, NAME_, CATEGORY_, TENANT_ID_, DEPLOY_TIME_) values(?, ?, ?, ?, ?) 
10:44:57,038 [main] DEBUG org.activiti.engine.impl.persistence.entity.DeploymentEntity.insertDeployment  - ==&gt; Parameters: 1501(String), null, null, (String), 2023-03-20 12:44:57.0(Timestamp)
10:44:57,038 [main] DEBUG org.activiti.engine.impl.persistence.entity.DeploymentEntity.insertDeployment  - &lt;==    Updates: 1
10:44:57,038 [main] DEBUG org.activiti.engine.impl.db.DbSqlSession  - inserting: ResourceEntity[id=1502, name=org/activiti/engine/test/api/mgmt/timerOnTask.bpmn20.xml]
10:44:57,038 [main] DEBUG org.activiti.engine.impl.persistence.entity.ResourceEntity.insertResource  - ==&gt;  Preparing: insert into ACT_GE_BYTEARRAY(ID_, REV_, NAME_, BYTES_, DEPLOYMENT_ID_, GENERATED_) values (?, 1, ?, ?, ?, ?) 
10:44:57,038 [main] DEBUG org.activiti.engine.impl.persistence.entity.ResourceEntity.insertResource  - ==&gt; Parameters: 1502(String), org/activiti/engine/test/api/mgmt/timerOnTask.bpmn20.xml(String), java.io.ByteArrayInputStream@415ef4d8(ByteArrayInputStream), 1501(String), false(Boolean)
10:44:57,038 [main] DEBUG org.activiti.engine.impl.persistence.entity.ResourceEntity.insertResource  - &lt;==    Updates: 1
10:44:57,038 [main] DEBUG org.activiti.engine.impl.cfg.standalone.StandaloneMybatisTransactionContext  - firing event committing...
10:44:57,038 [main] DEBUG org.activiti.engine.impl.cfg.standalone.StandaloneMybatisTransactionContext  - committing the ibatis sql session...
10:44:57,038 [main] DEBUG org.apache.ibatis.transaction.jdbc.JdbcTransaction  - Committing JDBC Connection [conn3: url=jdbc:h2:mem:activiti user=SA]
10:44:57,039 [main] DEBUG org.activiti.engine.impl.cfg.standalone.StandaloneMybatisTransactionContext  - firing event committed...
10:44:57,039 [main] DEBUG org.apache.ibatis.transaction.jdbc.JdbcTransaction  - Resetting autocommit to true on JDBC Connection [conn3: url=jdbc:h2:mem:activiti user=SA]
10:44:57,039 [main] DEBUG org.apache.ibatis.transaction.jdbc.JdbcTransaction  - Closing JDBC Connection [conn3: url=jdbc:h2:mem:activiti user=SA]
10:44:57,039 [main] DEBUG org.apache.ibatis.datasource.pooled.PooledDataSource  - Returned connection 180014677 to pool.
10:44:57,039 [main] DEBUG org.activiti.engine.impl.interceptor.LogInterceptor  - --- DeployCmd finished --------------------------------------------------------
10:44:57,039 [main] DEBUG org.activiti.engine.impl.interceptor.LogInterceptor  - 

10:44:57,039 [main] DEBUG org.activiti.engine.impl.interceptor.LogInterceptor  - 

10:44:57,039 [main] DEBUG org.activiti.engine.impl.interceptor.LogInterceptor  - --- starting StartProcessInstanceCmd --------------------------------------------------------
10:44:57,039 [main] DEBUG org.apache.ibatis.transaction.jdbc.JdbcTransaction  - Opening JDBC Connection
10:44:57,039 [main] DEBUG org.apache.ibatis.datasource.pooled.PooledDataSource  - Checked out connection 297240765 from pool.
10:44:57,039 [main] DEBUG org.apache.ibatis.transaction.jdbc.JdbcTransaction  - Setting autocommit to false on JDBC Connection [conn4: url=jdbc:h2:mem:activiti user=SA]
10:44:57,039 [main] DEBUG org.activiti.engine.impl.persistence.entity.ProcessDefinitionEntity.selectLatestProcessDefinitionByKey  - ==&gt;  Preparing: select * from ACT_RE_PROCDEF where KEY_ = ? and (TENANT_ID_ = &apos;&apos; or TENANT_ID_ is null) and VERSION_ = (select max(VERSION_) from ACT_RE_PROCDEF where KEY_ = ? and (TENANT_ID_ = &apos;&apos; or TENANT_ID_ is null)) 
10:44:57,039 [main] DEBUG org.activiti.engine.impl.persistence.entity.ProcessDefinitionEntity.selectLatestProcessDefinitionByKey  - ==&gt; Parameters: timerOnTask(String), timerOnTask(String)
10:44:57,039 [main] DEBUG org.activiti.engine.impl.persistence.entity.ProcessDefinitionEntity.selectLatestProcessDefinitionByKey  - &lt;==      Total: 1
10:44:57,039 [main] DEBUG org.activiti.engine.impl.persistence.entity.ExecutionEntity  - initializing ProcessInstance[1504]
10:44:57,039 [main] DEBUG org.activiti.engine.impl.history.DefaultHistoryManager  - Current history level: FULL, level required: ACTIVITY
10:44:57,039 [main] DEBUG org.activiti.engine.impl.pvm.runtime.AtomicOperationActivityExecute  - ProcessInstance[1504] executes Activity(theStart): org.activiti.engine.impl.bpmn.behavior.NoneStartEventActivityBehavior
10:44:57,039 [main] DEBUG org.activiti.engine.impl.persistence.entity.JobEntity.selectJobsByExecutionId  - ==&gt;  Preparing: select * from ACT_RU_JOB J where J.EXECUTION_ID_ = ? 
10:44:57,039 [main] DEBUG org.activiti.engine.impl.persistence.entity.JobEntity.selectJobsByExecutionId  - ==&gt; Parameters: 1504(String)
10:44:57,039 [main] DEBUG org.activiti.engine.impl.persistence.entity.JobEntity.selectJobsByExecutionId  - &lt;==      Total: 0
10:44:57,039 [main] DEBUG org.activiti.engine.impl.bpmn.behavior.BpmnActivityBehavior  - Leaving activity &apos;theStart&apos;
10:44:57,039 [main] DEBUG org.activiti.engine.impl.history.DefaultHistoryManager  - Current history level: FULL, level required: ACTIVITY
10:44:57,039 [main] DEBUG org.activiti.engine.impl.pvm.runtime.AtomicOperationTransitionNotifyListenerTake  - ProcessInstance[1504] takes transition (theStart)--flow1--&gt;(firstLineSupport)
10:44:57,039 [main] DEBUG org.activiti.engine.impl.persistence.entity.ExecutionEntity  - Child execution ScopeExecution[1506] created with parent 
10:44:57,039 [main] DEBUG org.activiti.engine.impl.pvm.runtime.AtomicOperationTransitionCreateScope  - create scope: parent ProcessInstance[1504] continues as execution ScopeExecution[1506]
10:44:57,039 [main] DEBUG org.activiti.engine.impl.persistence.entity.ExecutionEntity  - initializing ScopeExecution[1506]
10:44:57,039 [main] DEBUG org.activiti.engine.impl.persistence.entity.JobEntity.selectJobsByExecutionId  - ==&gt;  Preparing: select * from ACT_RU_JOB J where J.EXECUTION_ID_ = ? 
10:44:57,039 [main] DEBUG org.activiti.engine.impl.persistence.entity.JobEntity.selectJobsByExecutionId  - ==&gt; Parameters: 1506(String)
10:44:57,039 [main] DEBUG org.activiti.engine.impl.persistence.entity.JobEntity.selectJobsByExecutionId  - &lt;==      Total: 0
10:44:57,039 [main] DEBUG org.activiti.engine.impl.history.DefaultHistoryManager  - Current history level: FULL, level required: ACTIVITY
10:44:57,039 [main] DEBUG org.activiti.engine.impl.pvm.runtime.AtomicOperationActivityExecute  - ScopeExecution[1506] executes Activity(firstLineSupport): org.activiti.engine.impl.bpmn.behavior.UserTaskActivityBehavior
10:44:57,039 [main] DEBUG org.activiti.engine.impl.persistence.entity.TaskEntity.selectTasksByExecutionId  - ==&gt;  Preparing: select distinct T.* from ACT_RU_TASK T where T.EXECUTION_ID_ = ? 
10:44:57,039 [main] DEBUG org.activiti.engine.impl.persistence.entity.TaskEntity.selectTasksByExecutionId  - ==&gt; Parameters: 1506(String)
10:44:57,039 [main] DEBUG org.activiti.engine.impl.persistence.entity.TaskEntity.selectTasksByExecutionId  - &lt;==      Total: 0
10:44:57,039 [main] DEBUG org.activiti.engine.impl.history.DefaultHistoryManager  - Current history level: FULL, level required: AUDIT
10:44:57,039 [main] DEBUG org.activiti.engine.impl.history.DefaultHistoryManager  - Current history level: FULL, level required: AUDIT
10:44:57,039 [main] DEBUG org.activiti.engine.impl.interceptor.LogInterceptor  - 

10:44:57,039 [main] DEBUG org.activiti.engine.impl.interceptor.LogInterceptor  - --- starting  --------------------------------------------------------
10:44:57,039 [main] DEBUG org.activiti.engine.impl.interceptor.CommandContextInterceptor  - Valid context found. Reusing it for the current command &apos;null&apos;
10:44:57,039 [main] DEBUG org.activiti.engine.impl.persistence.entity.ProcessDefinitionInfoEntity.selectProcessDefinitionInfoByProcessDefinitionId  - ==&gt;  Preparing: select * from ACT_PROCDEF_INFO where PROC_DEF_ID_ = ? 
10:44:57,039 [main] DEBUG org.activiti.engine.impl.persistence.entity.ProcessDefinitionInfoEntity.selectProcessDefinitionInfoByProcessDefinitionId  - ==&gt; Parameters: timerOnTask:1:1503(String)
10:44:57,039 [main] DEBUG org.activiti.engine.impl.persistence.entity.ProcessDefinitionInfoEntity.selectProcessDefinitionInfoByProcessDefinitionId  - &lt;==      Total: 0
10:44:57,039 [main] DEBUG org.activiti.engine.impl.interceptor.LogInterceptor  - ---  finished --------------------------------------------------------
10:44:57,039 [main] DEBUG org.activiti.engine.impl.interceptor.LogInterceptor  - 

10:44:57,039 [main] DEBUG org.activiti.engine.impl.history.DefaultHistoryManager  - Current history level: FULL, level required: AUDIT
10:44:57,039 [main] DEBUG org.activiti.engine.impl.history.DefaultHistoryManager  - Current history level: FULL, level required: AUDIT
10:44:57,039 [main] DEBUG org.activiti.engine.impl.history.DefaultHistoryManager  - Current history level: FULL, level required: ACTIVITY
10:44:57,039 [main] DEBUG org.activiti.engine.impl.db.DbSqlSession  -   insert ProcessInstance[1504]
10:44:57,039 [main] DEBUG org.activiti.engine.impl.db.DbSqlSession  -   insert ScopeExecution[1506]
10:44:57,039 [main] DEBUG org.activiti.engine.impl.db.DbSqlSession  -   insert HistoricProcessInstanceEntity[superProcessInstanceId=null]
10:44:57,039 [main] DEBUG org.activiti.engine.impl.db.DbSqlSession  -   insert Task[id=1509, name=First line support]
10:44:57,039 [main] DEBUG org.activiti.engine.impl.db.DbSqlSession  -   insert HistoricTaskInstanceEntity[id=1509, name=First line support]
10:44:57,039 [main] DEBUG org.activiti.engine.impl.db.DbSqlSession  -   insert HistoricActivityInstanceEntity[activityId=theStart, activityName=null]
10:44:57,039 [main] DEBUG org.activiti.engine.impl.db.DbSqlSession  -   insert HistoricActivityInstanceEntity[activityId=firstLineSupport, activityName=First line support]
10:44:57,039 [main] DEBUG org.activiti.engine.impl.db.DbSqlSession  -   insert JobEntity [id=1507]
10:44:57,039 [main] DEBUG org.activiti.engine.impl.db.DbSqlSession  - flush summary: 8 insert, 0 update, 0 delete.
10:44:57,039 [main] DEBUG org.activiti.engine.impl.db.DbSqlSession  - now executing flush...
10:44:57,039 [main] DEBUG org.activiti.engine.impl.db.DbSqlSession  - inserting: HistoricTaskInstanceEntity[id=1509, name=First line support]
10:44:57,039 [main] DEBUG org.activiti.engine.impl.persistence.entity.HistoricTaskInstanceEntity.insertHistoricTaskInstance  - ==&gt;  Preparing: insert into ACT_HI_TASKINST ( ID_, PROC_DEF_ID_, PROC_INST_ID_, EXECUTION_ID_, NAME_, PARENT_TASK_ID_, DESCRIPTION_, OWNER_, ASSIGNEE_, START_TIME_, CLAIM_TIME_, END_TIME_, DURATION_, DELETE_REASON_, TASK_DEF_KEY_, FORM_KEY_, PRIORITY_, DUE_DATE_, CATEGORY_, TENANT_ID_ ) values ( ?, ?, ?, ?, ?, ?, ?, ?, ?, ?, ?, ?, ?, ?, ?, ?, ?, ?, ?, ? ) 
10:44:57,039 [main] DEBUG org.activiti.engine.impl.persistence.entity.HistoricTaskInstanceEntity.insertHistoricTaskInstance  - ==&gt; Parameters: 1509(String), timerOnTask:1:1503(String), 1504(String), 1506(String), First line support(String), null, null, null, null, 2023-03-20 10:44:57.0(Timestamp), null, null, null, null, firstLineSupport(String), null, 50(Integer), null, null, (String)
10:44:57,039 [main] DEBUG org.activiti.engine.impl.persistence.entity.HistoricTaskInstanceEntity.insertHistoricTaskInstance  - &lt;==    Updates: 1
10:44:57,039 [main] DEBUG org.activiti.engine.impl.db.DbSqlSession  - inserting: HistoricProcessInstanceEntity[superProcessInstanceId=null]
10:44:57,039 [main] DEBUG org.activiti.engine.impl.persistence.entity.HistoricProcessInstanceEntity.insertHistoricProcessInstance  - ==&gt;  Preparing: insert into ACT_HI_PROCINST ( ID_, PROC_INST_ID_, BUSINESS_KEY_, PROC_DEF_ID_, START_TIME_, END_TIME_, DURATION_, START_USER_ID_, START_ACT_ID_, END_ACT_ID_, SUPER_PROCESS_INSTANCE_ID_, DELETE_REASON_, TENANT_ID_, NAME_ ) values ( ?, ?, ?, ?, ?, ?, ?, ?, ?, ?, ?, ?, ?, ? ) 
10:44:57,041 [main] DEBUG org.activiti.engine.impl.persistence.entity.HistoricProcessInstanceEntity.insertHistoricProcessInstance  - ==&gt; Parameters: 1504(String), 1504(String), null, timerOnTask:1:1503(String), 2023-03-20 10:44:57.0(Timestamp), null, null, null, theStart(String), null, null, null, (String), null
10:44:57,041 [main] DEBUG org.activiti.engine.impl.persistence.entity.HistoricProcessInstanceEntity.insertHistoricProcessInstance  - &lt;==    Updates: 1
10:44:57,041 [main] DEBUG org.activiti.engine.impl.persistence.entity.HistoricActivityInstanceEntity.bulkInsertHistoricActivityInstance  - ==&gt;  Preparing: insert into ACT_HI_ACTINST ( ID_, PROC_DEF_ID_, PROC_INST_ID_, EXECUTION_ID_, ACT_ID_, TASK_ID_, CALL_PROC_INST_ID_, ACT_NAME_, ACT_TYPE_, ASSIGNEE_, START_TIME_, END_TIME_, DURATION_, TENANT_ID_ ) values (?, ?, ?, ?, ?, ?, ?, ?, ?, ?, ?, ?, ?, ?) , (?, ?, ?, ?, ?, ?, ?, ?, ?, ?, ?, ?, ?, ?) 
10:44:57,041 [main] DEBUG org.activiti.engine.impl.persistence.entity.HistoricActivityInstanceEntity.bulkInsertHistoricActivityInstance  - ==&gt; Parameters: 1505(String), timerOnTask:1:1503(String), 1504(String), 1504(String), theStart(String), null, null, null, startEvent(String), null, 2023-03-20 10:44:57.0(Timestamp), 2023-03-20 10:44:57.0(Timestamp), 0(Long), (String), 1508(String), timerOnTask:1:1503(String), 1504(String), 1506(String), firstLineSupport(String), 1509(String), null, First line support(String), userTask(String), null, 2023-03-20 10:44:57.0(Timestamp), null, null, (String)
10:44:57,041 [main] DEBUG org.activiti.engine.impl.persistence.entity.HistoricActivityInstanceEntity.bulkInsertHistoricActivityInstance  - &lt;==    Updates: 2
10:44:57,041 [main] DEBUG org.activiti.engine.impl.persistence.entity.ExecutionEntity.bulkInsertExecution  - ==&gt;  Preparing: insert into ACT_RU_EXECUTION (ID_, REV_, PROC_INST_ID_, BUSINESS_KEY_, PROC_DEF_ID_, ACT_ID_, IS_ACTIVE_, IS_CONCURRENT_, IS_SCOPE_,IS_EVENT_SCOPE_, PARENT_ID_, SUPER_EXEC_, SUSPENSION_STATE_, CACHED_ENT_STATE_, TENANT_ID_, NAME_) values (?, 1, ?, ?, ?, ?, ?, ?, ?, ?, ?, ?, ?, ?, ?, ?) , (?, 1, ?, ?, ?, ?, ?, ?, ?, ?, ?, ?, ?, ?, ?, ?) 
10:44:57,041 [main] DEBUG org.activiti.engine.impl.persistence.entity.ExecutionEntity.bulkInsertExecution  - ==&gt; Parameters: 1504(String), 1504(String), null, timerOnTask:1:1503(String), null, false(Boolean), false(Boolean), true(Boolean), false(Boolean), null, null, 1(Integer), 2(Integer), (String), null, 1506(String), 1504(String), null, timerOnTask:1:1503(String), firstLineSupport(String), true(Boolean), false(Boolean), true(Boolean), false(Boolean), 1504(String), null, 1(Integer), 6(Integer), (String), null
10:44:57,041 [main] DEBUG org.activiti.engine.impl.persistence.entity.ExecutionEntity.bulkInsertExecution  - &lt;==    Updates: 2
10:44:57,041 [main] DEBUG org.activiti.engine.impl.db.DbSqlSession  - inserting: Task[id=1509, name=First line support]
10:44:57,041 [main] DEBUG org.activiti.engine.impl.persistence.entity.TaskEntity.insertTask  - ==&gt;  Preparing: insert into ACT_RU_TASK (ID_, REV_, NAME_, PARENT_TASK_ID_, DESCRIPTION_, PRIORITY_, CREATE_TIME_, OWNER_, ASSIGNEE_, DELEGATION_, EXECUTION_ID_, PROC_INST_ID_, PROC_DEF_ID_, TASK_DEF_KEY_, DUE_DATE_, CATEGORY_, SUSPENSION_STATE_, TENANT_ID_, FORM_KEY_) values (?, 1, ?, ?, ?, ?, ?, ?, ?, ?, ?, ?, ?, ?, ?, ?, ?, ?, ? ) 
10:44:57,041 [main] DEBUG org.activiti.engine.impl.persistence.entity.TaskEntity.insertTask  - ==&gt; Parameters: 1509(String), First line support(String), null, null, 50(Integer), 2023-03-20 10:44:57.0(Timestamp), null, null, null, 1506(String), 1504(String), timerOnTask:1:1503(String), firstLineSupport(String), null, null, 1(Integer), (String), null
10:44:57,041 [main] DEBUG org.activiti.engine.impl.persistence.entity.TaskEntity.insertTask  - &lt;==    Updates: 1
10:44:57,041 [main] DEBUG org.activiti.engine.impl.db.DbSqlSession  - inserting: JobEntity [id=1507]
10:44:57,041 [main] DEBUG org.activiti.engine.impl.persistence.entity.JobEntity.insertTimer  - ==&gt;  Preparing: insert into ACT_RU_JOB ( ID_, REV_, TYPE_, LOCK_OWNER_, LOCK_EXP_TIME_, EXCLUSIVE_, EXECUTION_ID_, PROCESS_INSTANCE_ID_, PROC_DEF_ID_, RETRIES_, EXCEPTION_STACK_ID_, EXCEPTION_MSG_, DUEDATE_, REPEAT_, HANDLER_TYPE_, HANDLER_CFG_, TENANT_ID_) values (?, 1, &apos;timer&apos;, ?, ?, ?, ?, ?, ?, ?, ?, ?, ?, ?, ?, ?, ? ) 
10:44:57,041 [main] DEBUG org.activiti.engine.impl.persistence.entity.JobEntity.insertTimer  - ==&gt; Parameters: 1507(String), null, null, true(Boolean), 1506(String), 1504(String), timerOnTask:1:1503(String), 3(Integer), null, null, 2023-03-20 11:44:57.0(Timestamp), null, timer-transition(String), {&quot;activityId&quot;:&quot;escalationTimer&quot;}(String), (String)
10:44:57,041 [main] DEBUG org.activiti.engine.impl.persistence.entity.JobEntity.insertTimer  - &lt;==    Updates: 1
10:44:57,041 [main] DEBUG org.activiti.engine.impl.cfg.standalone.StandaloneMybatisTransactionContext  - firing event committing...
10:44:57,041 [main] DEBUG org.activiti.engine.impl.cfg.standalone.StandaloneMybatisTransactionContext  - committing the ibatis sql session...
10:44:57,041 [main] DEBUG org.apache.ibatis.transaction.jdbc.JdbcTransaction  - Committing JDBC Connection [conn4: url=jdbc:h2:mem:activiti user=SA]
10:44:57,041 [main] DEBUG org.activiti.engine.impl.cfg.standalone.StandaloneMybatisTransactionContext  - firing event committed...
10:44:57,041 [main] DEBUG org.apache.ibatis.transaction.jdbc.JdbcTransaction  - Resetting autocommit to true on JDBC Connection [conn4: url=jdbc:h2:mem:activiti user=SA]
10:44:57,041 [main] DEBUG org.apache.ibatis.transaction.jdbc.JdbcTransaction  - Closing JDBC Connection [conn4: url=jdbc:h2:mem:activiti user=SA]
10:44:57,041 [main] DEBUG org.apache.ibatis.datasource.pooled.PooledDataSource  - Returned connection 297240765 to pool.
10:44:57,041 [main] DEBUG org.activiti.engine.impl.interceptor.LogInterceptor  - --- StartProcessInstanceCmd finished --------------------------------------------------------
10:44:57,041 [main] DEBUG org.activiti.engine.impl.interceptor.LogInterceptor  - 

10:44:57,041 [main] DEBUG org.activiti.engine.impl.interceptor.LogInterceptor  - 

10:44:57,041 [main] DEBUG org.activiti.engine.impl.interceptor.LogInterceptor  - --- starting StartProcessInstanceCmd --------------------------------------------------------
10:44:57,041 [main] DEBUG org.apache.ibatis.transaction.jdbc.JdbcTransaction  - Opening JDBC Connection
10:44:57,041 [main] DEBUG org.apache.ibatis.datasource.pooled.PooledDataSource  - Checked out connection 363509958 from pool.
10:44:57,041 [main] DEBUG org.apache.ibatis.transaction.jdbc.JdbcTransaction  - Setting autocommit to false on JDBC Connection [conn2: url=jdbc:h2:mem:activiti user=SA]
10:44:57,041 [main] DEBUG org.activiti.engine.impl.persistence.entity.ProcessDefinitionEntity.selectLatestProcessDefinitionByKey  - ==&gt;  Preparing: select * from ACT_RE_PROCDEF where KEY_ = ? and (TENANT_ID_ = &apos;&apos; or TENANT_ID_ is null) and VERSION_ = (select max(VERSION_) from ACT_RE_PROCDEF where KEY_ = ? and (TENANT_ID_ = &apos;&apos; or TENANT_ID_ is null)) 
10:44:57,041 [main] DEBUG org.activiti.engine.impl.persistence.entity.ProcessDefinitionEntity.selectLatestProcessDefinitionByKey  - ==&gt; Parameters: timerOnTask(String), timerOnTask(String)
10:44:57,042 [main] DEBUG org.activiti.engine.impl.persistence.entity.ProcessDefinitionEntity.selectLatestProcessDefinitionByKey  - &lt;==      Total: 1
10:44:57,042 [main] DEBUG org.activiti.engine.impl.persistence.entity.ExecutionEntity  - initializing ProcessInstance[1510]
10:44:57,042 [main] DEBUG org.activiti.engine.impl.history.DefaultHistoryManager  - Current history level: FULL, level required: ACTIVITY
10:44:57,042 [main] DEBUG org.activiti.engine.impl.pvm.runtime.AtomicOperationActivityExecute  - ProcessInstance[1510] executes Activity(theStart): org.activiti.engine.impl.bpmn.behavior.NoneStartEventActivityBehavior
10:44:57,042 [main] DEBUG org.activiti.engine.impl.persistence.entity.JobEntity.selectJobsByExecutionId  - ==&gt;  Preparing: select * from ACT_RU_JOB J where J.EXECUTION_ID_ = ? 
10:44:57,042 [main] DEBUG org.activiti.engine.impl.persistence.entity.JobEntity.selectJobsByExecutionId  - ==&gt; Parameters: 1510(String)
10:44:57,042 [main] DEBUG org.activiti.engine.impl.persistence.entity.JobEntity.selectJobsByExecutionId  - &lt;==      Total: 0
10:44:57,042 [main] DEBUG org.activiti.engine.impl.bpmn.behavior.BpmnActivityBehavior  - Leaving activity &apos;theStart&apos;
10:44:57,042 [main] DEBUG org.activiti.engine.impl.history.DefaultHistoryManager  - Current history level: FULL, level required: ACTIVITY
10:44:57,042 [main] DEBUG org.activiti.engine.impl.pvm.runtime.AtomicOperationTransitionNotifyListenerTake  - ProcessInstance[1510] takes transition (theStart)--flow1--&gt;(firstLineSupport)
10:44:57,042 [main] DEBUG org.activiti.engine.impl.persistence.entity.ExecutionEntity  - Child execution ScopeExecution[1512] created with parent 
10:44:57,042 [main] DEBUG org.activiti.engine.impl.pvm.runtime.AtomicOperationTransitionCreateScope  - create scope: parent ProcessInstance[1510] continues as execution ScopeExecution[1512]
10:44:57,042 [main] DEBUG org.activiti.engine.impl.persistence.entity.ExecutionEntity  - initializing ScopeExecution[1512]
10:44:57,042 [main] DEBUG org.activiti.engine.impl.persistence.entity.JobEntity.selectJobsByExecutionId  - ==&gt;  Preparing: select * from ACT_RU_JOB J where J.EXECUTION_ID_ = ? 
10:44:57,042 [main] DEBUG org.activiti.engine.impl.persistence.entity.JobEntity.selectJobsByExecutionId  - ==&gt; Parameters: 1512(String)
10:44:57,042 [main] DEBUG org.activiti.engine.impl.persistence.entity.JobEntity.selectJobsByExecutionId  - &lt;==      Total: 0
10:44:57,042 [main] DEBUG org.activiti.engine.impl.history.DefaultHistoryManager  - Current history level: FULL, level required: ACTIVITY
10:44:57,042 [main] DEBUG org.activiti.engine.impl.pvm.runtime.AtomicOperationActivityExecute  - ScopeExecution[1512] executes Activity(firstLineSupport): org.activiti.engine.impl.bpmn.behavior.UserTaskActivityBehavior
10:44:57,042 [main] DEBUG org.activiti.engine.impl.persistence.entity.TaskEntity.selectTasksByExecutionId  - ==&gt;  Preparing: select distinct T.* from ACT_RU_TASK T where T.EXECUTION_ID_ = ? 
10:44:57,042 [main] DEBUG org.activiti.engine.impl.persistence.entity.TaskEntity.selectTasksByExecutionId  - ==&gt; Parameters: 1512(String)
10:44:57,042 [main] DEBUG org.activiti.engine.impl.persistence.entity.TaskEntity.selectTasksByExecutionId  - &lt;==      Total: 0
10:44:57,042 [main] DEBUG org.activiti.engine.impl.history.DefaultHistoryManager  - Current history level: FULL, level required: AUDIT
10:44:57,042 [main] DEBUG org.activiti.engine.impl.history.DefaultHistoryManager  - Current history level: FULL, level required: AUDIT
10:44:57,042 [main] DEBUG org.activiti.engine.impl.interceptor.LogInterceptor  - 

10:44:57,042 [main] DEBUG org.activiti.engine.impl.interceptor.LogInterceptor  - --- starting  --------------------------------------------------------
10:44:57,042 [main] DEBUG org.activiti.engine.impl.interceptor.CommandContextInterceptor  - Valid context found. Reusing it for the current command &apos;null&apos;
10:44:57,042 [main] DEBUG org.activiti.engine.impl.persistence.entity.ProcessDefinitionInfoEntity.selectProcessDefinitionInfoByProcessDefinitionId  - ==&gt;  Preparing: select * from ACT_PROCDEF_INFO where PROC_DEF_ID_ = ? 
10:44:57,042 [main] DEBUG org.activiti.engine.impl.persistence.entity.ProcessDefinitionInfoEntity.selectProcessDefinitionInfoByProcessDefinitionId  - ==&gt; Parameters: timerOnTask:1:1503(String)
10:44:57,042 [main] DEBUG org.activiti.engine.impl.persistence.entity.ProcessDefinitionInfoEntity.selectProcessDefinitionInfoByProcessDefinitionId  - &lt;==      Total: 0
10:44:57,042 [main] DEBUG org.activiti.engine.impl.interceptor.LogInterceptor  - ---  finished --------------------------------------------------------
10:44:57,042 [main] DEBUG org.activiti.engine.impl.interceptor.LogInterceptor  - 

10:44:57,042 [main] DEBUG org.activiti.engine.impl.history.DefaultHistoryManager  - Current history level: FULL, level required: AUDIT
10:44:57,042 [main] DEBUG org.activiti.engine.impl.history.DefaultHistoryManager  - Current history level: FULL, level required: AUDIT
10:44:57,042 [main] DEBUG org.activiti.engine.impl.history.DefaultHistoryManager  - Current history level: FULL, level required: ACTIVITY
10:44:57,042 [main] DEBUG org.activiti.engine.impl.db.DbSqlSession  -   insert ProcessInstance[1510]
10:44:57,042 [main] DEBUG org.activiti.engine.impl.db.DbSqlSession  -   insert ScopeExecution[1512]
10:44:57,042 [main] DEBUG org.activiti.engine.impl.db.DbSqlSession  -   insert HistoricProcessInstanceEntity[superProcessInstanceId=null]
10:44:57,042 [main] DEBUG org.activiti.engine.impl.db.DbSqlSession  -   insert Task[id=1515, name=First line support]
10:44:57,042 [main] DEBUG org.activiti.engine.impl.db.DbSqlSession  -   insert HistoricTaskInstanceEntity[id=1515, name=First line support]
10:44:57,042 [main] DEBUG org.activiti.engine.impl.db.DbSqlSession  -   insert HistoricActivityInstanceEntity[activityId=theStart, activityName=null]
10:44:57,042 [main] DEBUG org.activiti.engine.impl.db.DbSqlSession  -   insert HistoricActivityInstanceEntity[activityId=firstLineSupport, activityName=First line support]
10:44:57,042 [main] DEBUG org.activiti.engine.impl.db.DbSqlSession  -   insert JobEntity [id=1513]
10:44:57,042 [main] DEBUG org.activiti.engine.impl.db.DbSqlSession  - flush summary: 8 insert, 0 update, 0 delete.
10:44:57,042 [main] DEBUG org.activiti.engine.impl.db.DbSqlSession  - now executing flush...
10:44:57,042 [main] DEBUG org.activiti.engine.impl.db.DbSqlSession  - inserting: HistoricTaskInstanceEntity[id=1515, name=First line support]
10:44:57,042 [main] DEBUG org.activiti.engine.impl.persistence.entity.HistoricTaskInstanceEntity.insertHistoricTaskInstance  - ==&gt;  Preparing: insert into ACT_HI_TASKINST ( ID_, PROC_DEF_ID_, PROC_INST_ID_, EXECUTION_ID_, NAME_, PARENT_TASK_ID_, DESCRIPTION_, OWNER_, ASSIGNEE_, START_TIME_, CLAIM_TIME_, END_TIME_, DURATION_, DELETE_REASON_, TASK_DEF_KEY_, FORM_KEY_, PRIORITY_, DUE_DATE_, CATEGORY_, TENANT_ID_ ) values ( ?, ?, ?, ?, ?, ?, ?, ?, ?, ?, ?, ?, ?, ?, ?, ?, ?, ?, ?, ? ) 
10:44:57,043 [main] DEBUG org.activiti.engine.impl.persistence.entity.HistoricTaskInstanceEntity.insertHistoricTaskInstance  - ==&gt; Parameters: 1515(String), timerOnTask:1:1503(String), 1510(String), 1512(String), First line support(String), null, null, null, null, 2023-03-20 11:44:57.0(Timestamp), null, null, null, null, firstLineSupport(String), null, 50(Integer), null, null, (String)
10:44:57,043 [main] DEBUG org.activiti.engine.impl.persistence.entity.HistoricTaskInstanceEntity.insertHistoricTaskInstance  - &lt;==    Updates: 1
10:44:57,043 [main] DEBUG org.activiti.engine.impl.db.DbSqlSession  - inserting: HistoricProcessInstanceEntity[superProcessInstanceId=null]
10:44:57,043 [main] DEBUG org.activiti.engine.impl.persistence.entity.HistoricProcessInstanceEntity.insertHistoricProcessInstance  - ==&gt;  Preparing: insert into ACT_HI_PROCINST ( ID_, PROC_INST_ID_, BUSINESS_KEY_, PROC_DEF_ID_, START_TIME_, END_TIME_, DURATION_, START_USER_ID_, START_ACT_ID_, END_ACT_ID_, SUPER_PROCESS_INSTANCE_ID_, DELETE_REASON_, TENANT_ID_, NAME_ ) values ( ?, ?, ?, ?, ?, ?, ?, ?, ?, ?, ?, ?, ?, ? ) 
10:44:57,043 [main] DEBUG org.activiti.engine.impl.persistence.entity.HistoricProcessInstanceEntity.insertHistoricProcessInstance  - ==&gt; Parameters: 1510(String), 1510(String), null, timerOnTask:1:1503(String), 2023-03-20 11:44:57.0(Timestamp), null, null, null, theStart(String), null, null, null, (String), null
10:44:57,043 [main] DEBUG org.activiti.engine.impl.persistence.entity.HistoricProcessInstanceEntity.insertHistoricProcessInstance  - &lt;==    Updates: 1
10:44:57,043 [main] DEBUG org.activiti.engine.impl.persistence.entity.HistoricActivityInstanceEntity.bulkInsertHistoricActivityInstance  - ==&gt;  Preparing: insert into ACT_HI_ACTINST ( ID_, PROC_DEF_ID_, PROC_INST_ID_, EXECUTION_ID_, ACT_ID_, TASK_ID_, CALL_PROC_INST_ID_, ACT_NAME_, ACT_TYPE_, ASSIGNEE_, START_TIME_, END_TIME_, DURATION_, TENANT_ID_ ) values (?, ?, ?, ?, ?, ?, ?, ?, ?, ?, ?, ?, ?, ?) , (?, ?, ?, ?, ?, ?, ?, ?, ?, ?, ?, ?, ?, ?) 
10:44:57,043 [main] DEBUG org.activiti.engine.impl.persistence.entity.HistoricActivityInstanceEntity.bulkInsertHistoricActivityInstance  - ==&gt; Parameters: 1511(String), timerOnTask:1:1503(String), 1510(String), 1510(String), theStart(String), null, null, null, startEvent(String), null, 2023-03-20 11:44:57.0(Timestamp), 2023-03-20 11:44:57.0(Timestamp), 0(Long), (String), 1514(String), timerOnTask:1:1503(String), 1510(String), 1512(String), firstLineSupport(String), 1515(String), null, First line support(String), userTask(String), null, 2023-03-20 11:44:57.0(Timestamp), null, null, (String)
10:44:57,043 [main] DEBUG org.activiti.engine.impl.persistence.entity.HistoricActivityInstanceEntity.bulkInsertHistoricActivityInstance  - &lt;==    Updates: 2
10:44:57,043 [main] DEBUG org.activiti.engine.impl.persistence.entity.ExecutionEntity.bulkInsertExecution  - ==&gt;  Preparing: insert into ACT_RU_EXECUTION (ID_, REV_, PROC_INST_ID_, BUSINESS_KEY_, PROC_DEF_ID_, ACT_ID_, IS_ACTIVE_, IS_CONCURRENT_, IS_SCOPE_,IS_EVENT_SCOPE_, PARENT_ID_, SUPER_EXEC_, SUSPENSION_STATE_, CACHED_ENT_STATE_, TENANT_ID_, NAME_) values (?, 1, ?, ?, ?, ?, ?, ?, ?, ?, ?, ?, ?, ?, ?, ?) , (?, 1, ?, ?, ?, ?, ?, ?, ?, ?, ?, ?, ?, ?, ?, ?) 
10:44:57,043 [main] DEBUG org.activiti.engine.impl.persistence.entity.ExecutionEntity.bulkInsertExecution  - ==&gt; Parameters: 1510(String), 1510(String), null, timerOnTask:1:1503(String), null, false(Boolean), false(Boolean), true(Boolean), false(Boolean), null, null, 1(Integer), 2(Integer), (String), null, 1512(String), 1510(String), null, timerOnTask:1:1503(String), firstLineSupport(String), true(Boolean), false(Boolean), true(Boolean), false(Boolean), 1510(String), null, 1(Integer), 6(Integer), (String), null
10:44:57,043 [main] DEBUG org.activiti.engine.impl.persistence.entity.ExecutionEntity.bulkInsertExecution  - &lt;==    Updates: 2
10:44:57,043 [main] DEBUG org.activiti.engine.impl.db.DbSqlSession  - inserting: Task[id=1515, name=First line support]
10:44:57,043 [main] DEBUG org.activiti.engine.impl.persistence.entity.TaskEntity.insertTask  - ==&gt;  Preparing: insert into ACT_RU_TASK (ID_, REV_, NAME_, PARENT_TASK_ID_, DESCRIPTION_, PRIORITY_, CREATE_TIME_, OWNER_, ASSIGNEE_, DELEGATION_, EXECUTION_ID_, PROC_INST_ID_, PROC_DEF_ID_, TASK_DEF_KEY_, DUE_DATE_, CATEGORY_, SUSPENSION_STATE_, TENANT_ID_, FORM_KEY_) values (?, 1, ?, ?, ?, ?, ?, ?, ?, ?, ?, ?, ?, ?, ?, ?, ?, ?, ? ) 
10:44:57,043 [main] DEBUG org.activiti.engine.impl.persistence.entity.TaskEntity.insertTask  - ==&gt; Parameters: 1515(String), First line support(String), null, null, 50(Integer), 2023-03-20 11:44:57.0(Timestamp), null, null, null, 1512(String), 1510(String), timerOnTask:1:1503(String), firstLineSupport(String), null, null, 1(Integer), (String), null
10:44:57,043 [main] DEBUG org.activiti.engine.impl.persistence.entity.TaskEntity.insertTask  - &lt;==    Updates: 1
10:44:57,043 [main] DEBUG org.activiti.engine.impl.db.DbSqlSession  - inserting: JobEntity [id=1513]
10:44:57,043 [main] DEBUG org.activiti.engine.impl.persistence.entity.JobEntity.insertTimer  - ==&gt;  Preparing: insert into ACT_RU_JOB ( ID_, REV_, TYPE_, LOCK_OWNER_, LOCK_EXP_TIME_, EXCLUSIVE_, EXECUTION_ID_, PROCESS_INSTANCE_ID_, PROC_DEF_ID_, RETRIES_, EXCEPTION_STACK_ID_, EXCEPTION_MSG_, DUEDATE_, REPEAT_, HANDLER_TYPE_, HANDLER_CFG_, TENANT_ID_) values (?, 1, &apos;timer&apos;, ?, ?, ?, ?, ?, ?, ?, ?, ?, ?, ?, ?, ?, ? ) 
10:44:57,043 [main] DEBUG org.activiti.engine.impl.persistence.entity.JobEntity.insertTimer  - ==&gt; Parameters: 1513(String), null, null, true(Boolean), 1512(String), 1510(String), timerOnTask:1:1503(String), 3(Integer), null, null, 2023-03-20 12:44:57.0(Timestamp), null, timer-transition(String), {&quot;activityId&quot;:&quot;escalationTimer&quot;}(String), (String)
10:44:57,043 [main] DEBUG org.activiti.engine.impl.persistence.entity.JobEntity.insertTimer  - &lt;==    Updates: 1
10:44:57,043 [main] DEBUG org.activiti.engine.impl.cfg.standalone.StandaloneMybatisTransactionContext  - firing event committing...
10:44:57,043 [main] DEBUG org.activiti.engine.impl.cfg.standalone.StandaloneMybatisTransactionContext  - committing the ibatis sql session...
10:44:57,043 [main] DEBUG org.apache.ibatis.transaction.jdbc.JdbcTransaction  - Committing JDBC Connection [conn2: url=jdbc:h2:mem:activiti user=SA]
10:44:57,043 [main] DEBUG org.activiti.engine.impl.cfg.standalone.StandaloneMybatisTransactionContext  - firing event committed...
10:44:57,043 [main] DEBUG org.apache.ibatis.transaction.jdbc.JdbcTransaction  - Resetting autocommit to true on JDBC Connection [conn2: url=jdbc:h2:mem:activiti user=SA]
10:44:57,043 [main] DEBUG org.apache.ibatis.transaction.jdbc.JdbcTransaction  - Closing JDBC Connection [conn2: url=jdbc:h2:mem:activiti user=SA]
10:44:57,043 [main] DEBUG org.apache.ibatis.datasource.pooled.PooledDataSource  - Returned connection 363509958 to pool.
10:44:57,043 [main] DEBUG org.activiti.engine.impl.interceptor.LogInterceptor  - --- StartProcessInstanceCmd finished --------------------------------------------------------
10:44:57,043 [main] DEBUG org.activiti.engine.impl.interceptor.LogInterceptor  - 

10:44:57,043 [main] DEBUG org.activiti.engine.impl.interceptor.LogInterceptor  - 

10:44:57,043 [main] DEBUG org.activiti.engine.impl.interceptor.LogInterceptor  - --- starting StartProcessInstanceCmd --------------------------------------------------------
10:44:57,043 [main] DEBUG org.apache.ibatis.transaction.jdbc.JdbcTransaction  - Opening JDBC Connection
10:44:57,043 [main] DEBUG org.apache.ibatis.datasource.pooled.PooledDataSource  - Checked out connection 180014677 from pool.
10:44:57,043 [main] DEBUG org.apache.ibatis.transaction.jdbc.JdbcTransaction  - Setting autocommit to false on JDBC Connection [conn3: url=jdbc:h2:mem:activiti user=SA]
10:44:57,043 [main] DEBUG org.activiti.engine.impl.persistence.entity.ProcessDefinitionEntity.selectLatestProcessDefinitionByKey  - ==&gt;  Preparing: select * from ACT_RE_PROCDEF where KEY_ = ? and (TENANT_ID_ = &apos;&apos; or TENANT_ID_ is null) and VERSION_ = (select max(VERSION_) from ACT_RE_PROCDEF where KEY_ = ? and (TENANT_ID_ = &apos;&apos; or TENANT_ID_ is null)) 
10:44:57,043 [main] DEBUG org.activiti.engine.impl.persistence.entity.ProcessDefinitionEntity.selectLatestProcessDefinitionByKey  - ==&gt; Parameters: timerOnTask(String), timerOnTask(String)
10:44:57,043 [main] DEBUG org.activiti.engine.impl.persistence.entity.ProcessDefinitionEntity.selectLatestProcessDefinitionByKey  - &lt;==      Total: 1
10:44:57,043 [main] DEBUG org.activiti.engine.impl.persistence.entity.ExecutionEntity  - initializing ProcessInstance[1516]
10:44:57,043 [main] DEBUG org.activiti.engine.impl.history.DefaultHistoryManager  - Current history level: FULL, level required: ACTIVITY
10:44:57,044 [main] DEBUG org.activiti.engine.impl.pvm.runtime.AtomicOperationActivityExecute  - ProcessInstance[1516] executes Activity(theStart): org.activiti.engine.impl.bpmn.behavior.NoneStartEventActivityBehavior
10:44:57,044 [main] DEBUG org.activiti.engine.impl.persistence.entity.JobEntity.selectJobsByExecutionId  - ==&gt;  Preparing: select * from ACT_RU_JOB J where J.EXECUTION_ID_ = ? 
10:44:57,044 [main] DEBUG org.activiti.engine.impl.persistence.entity.JobEntity.selectJobsByExecutionId  - ==&gt; Parameters: 1516(String)
10:44:57,044 [main] DEBUG org.activiti.engine.impl.persistence.entity.JobEntity.selectJobsByExecutionId  - &lt;==      Total: 0
10:44:57,044 [main] DEBUG org.activiti.engine.impl.bpmn.behavior.BpmnActivityBehavior  - Leaving activity &apos;theStart&apos;
10:44:57,044 [main] DEBUG org.activiti.engine.impl.history.DefaultHistoryManager  - Current history level: FULL, level required: ACTIVITY
10:44:57,044 [main] DEBUG org.activiti.engine.impl.pvm.runtime.AtomicOperationTransitionNotifyListenerTake  - ProcessInstance[1516] takes transition (theStart)--flow1--&gt;(firstLineSupport)
10:44:57,044 [main] DEBUG org.activiti.engine.impl.persistence.entity.ExecutionEntity  - Child execution ScopeExecution[1518] created with parent 
10:44:57,044 [main] DEBUG org.activiti.engine.impl.pvm.runtime.AtomicOperationTransitionCreateScope  - create scope: parent ProcessInstance[1516] continues as execution ScopeExecution[1518]
10:44:57,044 [main] DEBUG org.activiti.engine.impl.persistence.entity.ExecutionEntity  - initializing ScopeExecution[1518]
10:44:57,044 [main] DEBUG org.activiti.engine.impl.persistence.entity.JobEntity.selectJobsByExecutionId  - ==&gt;  Preparing: select * from ACT_RU_JOB J where J.EXECUTION_ID_ = ? 
10:44:57,044 [main] DEBUG org.activiti.engine.impl.persistence.entity.JobEntity.selectJobsByExecutionId  - ==&gt; Parameters: 1518(String)
10:44:57,044 [main] DEBUG org.activiti.engine.impl.persistence.entity.JobEntity.selectJobsByExecutionId  - &lt;==      Total: 0
10:44:57,044 [main] DEBUG org.activiti.engine.impl.history.DefaultHistoryManager  - Current history level: FULL, level required: ACTIVITY
10:44:57,044 [main] DEBUG org.activiti.engine.impl.pvm.runtime.AtomicOperationActivityExecute  - ScopeExecution[1518] executes Activity(firstLineSupport): org.activiti.engine.impl.bpmn.behavior.UserTaskActivityBehavior
10:44:57,044 [main] DEBUG org.activiti.engine.impl.persistence.entity.TaskEntity.selectTasksByExecutionId  - ==&gt;  Preparing: select distinct T.* from ACT_RU_TASK T where T.EXECUTION_ID_ = ? 
10:44:57,044 [main] DEBUG org.activiti.engine.impl.persistence.entity.TaskEntity.selectTasksByExecutionId  - ==&gt; Parameters: 1518(String)
10:44:57,044 [main] DEBUG org.activiti.engine.impl.persistence.entity.TaskEntity.selectTasksByExecutionId  - &lt;==      Total: 0
10:44:57,044 [main] DEBUG org.activiti.engine.impl.history.DefaultHistoryManager  - Current history level: FULL, level required: AUDIT
10:44:57,044 [main] DEBUG org.activiti.engine.impl.history.DefaultHistoryManager  - Current history level: FULL, level required: AUDIT
10:44:57,044 [main] DEBUG org.activiti.engine.impl.interceptor.LogInterceptor  - 

10:44:57,044 [main] DEBUG org.activiti.engine.impl.interceptor.LogInterceptor  - --- starting  --------------------------------------------------------
10:44:57,044 [main] DEBUG org.activiti.engine.impl.interceptor.CommandContextInterceptor  - Valid context found. Reusing it for the current command &apos;null&apos;
10:44:57,044 [main] DEBUG org.activiti.engine.impl.persistence.entity.ProcessDefinitionInfoEntity.selectProcessDefinitionInfoByProcessDefinitionId  - ==&gt;  Preparing: select * from ACT_PROCDEF_INFO where PROC_DEF_ID_ = ? 
10:44:57,044 [main] DEBUG org.activiti.engine.impl.persistence.entity.ProcessDefinitionInfoEntity.selectProcessDefinitionInfoByProcessDefinitionId  - ==&gt; Parameters: timerOnTask:1:1503(String)
10:44:57,044 [main] DEBUG org.activiti.engine.impl.persistence.entity.ProcessDefinitionInfoEntity.selectProcessDefinitionInfoByProcessDefinitionId  - &lt;==      Total: 0
10:44:57,044 [main] DEBUG org.activiti.engine.impl.interceptor.LogInterceptor  - ---  finished --------------------------------------------------------
10:44:57,044 [main] DEBUG org.activiti.engine.impl.interceptor.LogInterceptor  - 

10:44:57,044 [main] DEBUG org.activiti.engine.impl.history.DefaultHistoryManager  - Current history level: FULL, level required: AUDIT
10:44:57,044 [main] DEBUG org.activiti.engine.impl.history.DefaultHistoryManager  - Current history level: FULL, level required: AUDIT
10:44:57,044 [main] DEBUG org.activiti.engine.impl.history.DefaultHistoryManager  - Current history level: FULL, level required: ACTIVITY
10:44:57,044 [main] DEBUG org.activiti.engine.impl.db.DbSqlSession  -   insert ProcessInstance[1516]
10:44:57,044 [main] DEBUG org.activiti.engine.impl.db.DbSqlSession  -   insert ScopeExecution[1518]
10:44:57,044 [main] DEBUG org.activiti.engine.impl.db.DbSqlSession  -   insert HistoricProcessInstanceEntity[superProcessInstanceId=null]
10:44:57,044 [main] DEBUG org.activiti.engine.impl.db.DbSqlSession  -   insert Task[id=1521, name=First line support]
10:44:57,044 [main] DEBUG org.activiti.engine.impl.db.DbSqlSession  -   insert HistoricTaskInstanceEntity[id=1521, name=First line support]
10:44:57,044 [main] DEBUG org.activiti.engine.impl.db.DbSqlSession  -   insert HistoricActivityInstanceEntity[activityId=theStart, activityName=null]
10:44:57,044 [main] DEBUG org.activiti.engine.impl.db.DbSqlSession  -   insert HistoricActivityInstanceEntity[activityId=firstLineSupport, activityName=First line support]
10:44:57,044 [main] DEBUG org.activiti.engine.impl.db.DbSqlSession  -   insert JobEntity [id=1519]
10:44:57,044 [main] DEBUG org.activiti.engine.impl.db.DbSqlSession  - flush summary: 8 insert, 0 update, 0 delete.
10:44:57,044 [main] DEBUG org.activiti.engine.impl.db.DbSqlSession  - now executing flush...
10:44:57,044 [main] DEBUG org.activiti.engine.impl.db.DbSqlSession  - inserting: HistoricTaskInstanceEntity[id=1521, name=First line support]
10:44:57,044 [main] DEBUG org.activiti.engine.impl.persistence.entity.HistoricTaskInstanceEntity.insertHistoricTaskInstance  - ==&gt;  Preparing: insert into ACT_HI_TASKINST ( ID_, PROC_DEF_ID_, PROC_INST_ID_, EXECUTION_ID_, NAME_, PARENT_TASK_ID_, DESCRIPTION_, OWNER_, ASSIGNEE_, START_TIME_, CLAIM_TIME_, END_TIME_, DURATION_, DELETE_REASON_, TASK_DEF_KEY_, FORM_KEY_, PRIORITY_, DUE_DATE_, CATEGORY_, TENANT_ID_ ) values ( ?, ?, ?, ?, ?, ?, ?, ?, ?, ?, ?, ?, ?, ?, ?, ?, ?, ?, ?, ? ) 
10:44:57,044 [main] DEBUG org.activiti.engine.impl.persistence.entity.HistoricTaskInstanceEntity.insertHistoricTaskInstance  - ==&gt; Parameters: 1521(String), timerOnTask:1:1503(String), 1516(String), 1518(String), First line support(String), null, null, null, null, 2023-03-20 12:44:57.0(Timestamp), null, null, null, null, firstLineSupport(String), null, 50(Integer), null, null, (String)
10:44:57,044 [main] DEBUG org.activiti.engine.impl.persistence.entity.HistoricTaskInstanceEntity.insertHistoricTaskInstance  - &lt;==    Updates: 1
10:44:57,044 [main] DEBUG org.activiti.engine.impl.db.DbSqlSession  - inserting: HistoricProcessInstanceEntity[superProcessInstanceId=null]
10:44:57,044 [main] DEBUG org.activiti.engine.impl.persistence.entity.HistoricProcessInstanceEntity.insertHistoricProcessInstance  - ==&gt;  Preparing: insert into ACT_HI_PROCINST ( ID_, PROC_INST_ID_, BUSINESS_KEY_, PROC_DEF_ID_, START_TIME_, END_TIME_, DURATION_, START_USER_ID_, START_ACT_ID_, END_ACT_ID_, SUPER_PROCESS_INSTANCE_ID_, DELETE_REASON_, TENANT_ID_, NAME_ ) values ( ?, ?, ?, ?, ?, ?, ?, ?, ?, ?, ?, ?, ?, ? ) 
10:44:57,044 [main] DEBUG org.activiti.engine.impl.persistence.entity.HistoricProcessInstanceEntity.insertHistoricProcessInstance  - ==&gt; Parameters: 1516(String), 1516(String), null, timerOnTask:1:1503(String), 2023-03-20 12:44:57.0(Timestamp), null, null, null, theStart(String), null, null, null, (String), null
10:44:57,044 [main] DEBUG org.activiti.engine.impl.persistence.entity.HistoricProcessInstanceEntity.insertHistoricProcessInstance  - &lt;==    Updates: 1
10:44:57,045 [main] DEBUG org.activiti.engine.impl.persistence.entity.HistoricActivityInstanceEntity.bulkInsertHistoricActivityInstance  - ==&gt;  Preparing: insert into ACT_HI_ACTINST ( ID_, PROC_DEF_ID_, PROC_INST_ID_, EXECUTION_ID_, ACT_ID_, TASK_ID_, CALL_PROC_INST_ID_, ACT_NAME_, ACT_TYPE_, ASSIGNEE_, START_TIME_, END_TIME_, DURATION_, TENANT_ID_ ) values (?, ?, ?, ?, ?, ?, ?, ?, ?, ?, ?, ?, ?, ?) , (?, ?, ?, ?, ?, ?, ?, ?, ?, ?, ?, ?, ?, ?) 
10:44:57,045 [main] DEBUG org.activiti.engine.impl.persistence.entity.HistoricActivityInstanceEntity.bulkInsertHistoricActivityInstance  - ==&gt; Parameters: 1517(String), timerOnTask:1:1503(String), 1516(String), 1516(String), theStart(String), null, null, null, startEvent(String), null, 2023-03-20 12:44:57.0(Timestamp), 2023-03-20 12:44:57.0(Timestamp), 0(Long), (String), 1520(String), timerOnTask:1:1503(String), 1516(String), 1518(String), firstLineSupport(String), 1521(String), null, First line support(String), userTask(String), null, 2023-03-20 12:44:57.0(Timestamp), null, null, (String)
10:44:57,045 [main] DEBUG org.activiti.engine.impl.persistence.entity.HistoricActivityInstanceEntity.bulkInsertHistoricActivityInstance  - &lt;==    Updates: 2
10:44:57,045 [main] DEBUG org.activiti.engine.impl.persistence.entity.ExecutionEntity.bulkInsertExecution  - ==&gt;  Preparing: insert into ACT_RU_EXECUTION (ID_, REV_, PROC_INST_ID_, BUSINESS_KEY_, PROC_DEF_ID_, ACT_ID_, IS_ACTIVE_, IS_CONCURRENT_, IS_SCOPE_,IS_EVENT_SCOPE_, PARENT_ID_, SUPER_EXEC_, SUSPENSION_STATE_, CACHED_ENT_STATE_, TENANT_ID_, NAME_) values (?, 1, ?, ?, ?, ?, ?, ?, ?, ?, ?, ?, ?, ?, ?, ?) , (?, 1, ?, ?, ?, ?, ?, ?, ?, ?, ?, ?, ?, ?, ?, ?) 
10:44:57,045 [main] DEBUG org.activiti.engine.impl.persistence.entity.ExecutionEntity.bulkInsertExecution  - ==&gt; Parameters: 1516(String), 1516(String), null, timerOnTask:1:1503(String), null, false(Boolean), false(Boolean), true(Boolean), false(Boolean), null, null, 1(Integer), 2(Integer), (String), null, 1518(String), 1516(String), null, timerOnTask:1:1503(String), firstLineSupport(String), true(Boolean), false(Boolean), true(Boolean), false(Boolean), 1516(String), null, 1(Integer), 6(Integer), (String), null
10:44:57,045 [main] DEBUG org.activiti.engine.impl.persistence.entity.ExecutionEntity.bulkInsertExecution  - &lt;==    Updates: 2
10:44:57,045 [main] DEBUG org.activiti.engine.impl.db.DbSqlSession  - inserting: Task[id=1521, name=First line support]
10:44:57,045 [main] DEBUG org.activiti.engine.impl.persistence.entity.TaskEntity.insertTask  - ==&gt;  Preparing: insert into ACT_RU_TASK (ID_, REV_, NAME_, PARENT_TASK_ID_, DESCRIPTION_, PRIORITY_, CREATE_TIME_, OWNER_, ASSIGNEE_, DELEGATION_, EXECUTION_ID_, PROC_INST_ID_, PROC_DEF_ID_, TASK_DEF_KEY_, DUE_DATE_, CATEGORY_, SUSPENSION_STATE_, TENANT_ID_, FORM_KEY_) values (?, 1, ?, ?, ?, ?, ?, ?, ?, ?, ?, ?, ?, ?, ?, ?, ?, ?, ? ) 
10:44:57,045 [main] DEBUG org.activiti.engine.impl.persistence.entity.TaskEntity.insertTask  - ==&gt; Parameters: 1521(String), First line support(String), null, null, 50(Integer), 2023-03-20 12:44:57.0(Timestamp), null, null, null, 1518(String), 1516(String), timerOnTask:1:1503(String), firstLineSupport(String), null, null, 1(Integer), (String), null
10:44:57,045 [main] DEBUG org.activiti.engine.impl.persistence.entity.TaskEntity.insertTask  - &lt;==    Updates: 1
10:44:57,045 [main] DEBUG org.activiti.engine.impl.db.DbSqlSession  - inserting: JobEntity [id=1519]
10:44:57,045 [main] DEBUG org.activiti.engine.impl.persistence.entity.JobEntity.insertTimer  - ==&gt;  Preparing: insert into ACT_RU_JOB ( ID_, REV_, TYPE_, LOCK_OWNER_, LOCK_EXP_TIME_, EXCLUSIVE_, EXECUTION_ID_, PROCESS_INSTANCE_ID_, PROC_DEF_ID_, RETRIES_, EXCEPTION_STACK_ID_, EXCEPTION_MSG_, DUEDATE_, REPEAT_, HANDLER_TYPE_, HANDLER_CFG_, TENANT_ID_) values (?, 1, &apos;timer&apos;, ?, ?, ?, ?, ?, ?, ?, ?, ?, ?, ?, ?, ?, ? ) 
10:44:57,045 [main] DEBUG org.activiti.engine.impl.persistence.entity.JobEntity.insertTimer  - ==&gt; Parameters: 1519(String), null, null, true(Boolean), 1518(String), 1516(String), timerOnTask:1:1503(String), 3(Integer), null, null, 2023-03-20 13:44:57.0(Timestamp), null, timer-transition(String), {&quot;activityId&quot;:&quot;escalationTimer&quot;}(String), (String)
10:44:57,045 [main] DEBUG org.activiti.engine.impl.persistence.entity.JobEntity.insertTimer  - &lt;==    Updates: 1
10:44:57,045 [main] DEBUG org.activiti.engine.impl.cfg.standalone.StandaloneMybatisTransactionContext  - firing event committing...
10:44:57,045 [main] DEBUG org.activiti.engine.impl.cfg.standalone.StandaloneMybatisTransactionContext  - committing the ibatis sql session...
10:44:57,045 [main] DEBUG org.apache.ibatis.transaction.jdbc.JdbcTransaction  - Committing JDBC Connection [conn3: url=jdbc:h2:mem:activiti user=SA]
10:44:57,045 [main] DEBUG org.activiti.engine.impl.cfg.standalone.StandaloneMybatisTransactionContext  - firing event committed...
10:44:57,045 [main] DEBUG org.apache.ibatis.transaction.jdbc.JdbcTransaction  - Resetting autocommit to true on JDBC Connection [conn3: url=jdbc:h2:mem:activiti user=SA]
10:44:57,045 [main] DEBUG org.apache.ibatis.transaction.jdbc.JdbcTransaction  - Closing JDBC Connection [conn3: url=jdbc:h2:mem:activiti user=SA]
10:44:57,045 [main] DEBUG org.apache.ibatis.datasource.pooled.PooledDataSource  - Returned connection 180014677 to pool.
10:44:57,045 [main] DEBUG org.activiti.engine.impl.interceptor.LogInterceptor  - --- StartProcessInstanceCmd finished --------------------------------------------------------
10:44:57,045 [main] DEBUG org.activiti.engine.impl.interceptor.LogInterceptor  - 

10:44:57,045 [main] DEBUG org.activiti.engine.impl.interceptor.LogInterceptor  - 

10:44:57,045 [main] DEBUG org.activiti.engine.impl.interceptor.LogInterceptor  - --- starting  --------------------------------------------------------
10:44:57,045 [main] DEBUG org.activiti.engine.impl.db.DbSqlSession  -   insert JobEntity [id=1522]
10:44:57,045 [main] DEBUG org.activiti.engine.impl.db.DbSqlSession  - flush summary: 1 insert, 0 update, 0 delete.
10:44:57,045 [main] DEBUG org.activiti.engine.impl.db.DbSqlSession  - now executing flush...
10:44:57,045 [main] DEBUG org.activiti.engine.impl.db.DbSqlSession  - inserting: JobEntity [id=1522]
10:44:57,045 [main] DEBUG org.apache.ibatis.transaction.jdbc.JdbcTransaction  - Opening JDBC Connection
10:44:57,045 [main] DEBUG org.apache.ibatis.datasource.pooled.PooledDataSource  - Checked out connection 297240765 from pool.
10:44:57,045 [main] DEBUG org.apache.ibatis.transaction.jdbc.JdbcTransaction  - Setting autocommit to false on JDBC Connection [conn4: url=jdbc:h2:mem:activiti user=SA]
10:44:57,045 [main] DEBUG org.activiti.engine.impl.persistence.entity.JobEntity.insertMessage  - ==&gt;  Preparing: insert into ACT_RU_JOB ( ID_, REV_, TYPE_, LOCK_OWNER_, LOCK_EXP_TIME_, EXCLUSIVE_, EXECUTION_ID_, PROCESS_INSTANCE_ID_, PROC_DEF_ID_, DUEDATE_, RETRIES_, EXCEPTION_STACK_ID_, EXCEPTION_MSG_, HANDLER_TYPE_, HANDLER_CFG_, TENANT_ID_) values (?, 1, &apos;message&apos;, ?, ?, ?, ?, ?, ?, ?, ?, ?, ?, ?, ?, ? ) 
10:44:57,045 [main] DEBUG org.activiti.engine.impl.persistence.entity.JobEntity.insertMessage  - ==&gt; Parameters: 1522(String), null, null, true(Boolean), null, null, null, 2023-03-20 12:49:57.0(Timestamp), 3(Integer), null, null, null, null, (String)
10:44:57,045 [main] DEBUG org.activiti.engine.impl.persistence.entity.JobEntity.insertMessage  - &lt;==    Updates: 1
10:44:57,045 [main] DEBUG org.activiti.engine.impl.cfg.standalone.StandaloneMybatisTransactionContext  - firing event committing...
10:44:57,045 [main] DEBUG org.activiti.engine.impl.cfg.standalone.StandaloneMybatisTransactionContext  - committing the ibatis sql session...
10:44:57,045 [main] DEBUG org.apache.ibatis.transaction.jdbc.JdbcTransaction  - Committing JDBC Connection [conn4: url=jdbc:h2:mem:activiti user=SA]
10:44:57,045 [main] DEBUG org.activiti.engine.impl.cfg.standalone.StandaloneMybatisTransactionContext  - firing event committed...
10:44:57,045 [main] DEBUG org.activiti.engine.impl.jobexecutor.AsyncJobAddedNotification  - notifying job executor of new job
10:44:57,045 [main] DEBUG org.apache.ibatis.transaction.jdbc.JdbcTransaction  - Resetting autocommit to true on JDBC Connection [conn4: url=jdbc:h2:mem:activiti user=SA]
10:44:57,045 [main] DEBUG org.apache.ibatis.transaction.jdbc.JdbcTransaction  - Closing JDBC Connection [conn4: url=jdbc:h2:mem:activiti user=SA]
10:44:57,045 [main] DEBUG org.apache.ibatis.datasource.pooled.PooledDataSource  - Returned connection 297240765 to pool.
10:44:57,045 [main] DEBUG org.activiti.engine.impl.interceptor.LogInterceptor  - ---  finished --------------------------------------------------------
10:44:57,045 [main] DEBUG org.activiti.engine.impl.interceptor.LogInterceptor  - 

10:44:57,045 [main] DEBUG org.activiti.engine.impl.test.PvmTestCase  - 

10:44:57,045 [main] DEBUG org.activiti.engine.impl.test.PvmTestCase  - #### START JobQueryTest.testQueryInvalidSortingUsage ###########################################################
10:44:57,046 [main] DEBUG org.activiti.engine.impl.interceptor.LogInterceptor  - 

10:44:57,046 [main] DEBUG org.activiti.engine.impl.interceptor.LogInterceptor  - --- starting JobQueryImpl --------------------------------------------------------
10:44:57,046 [main] DEBUG org.activiti.engine.impl.interceptor.CommandContext  - Error while closing command context
org.activiti.engine.ActivitiIllegalArgumentException: Invalid query: call asc() or desc() after using orderByXX()
	at org.activiti.engine.impl.AbstractQuery.checkQueryOk(AbstractQuery.java:121)
	at org.activiti.engine.impl.JobQueryImpl.executeList(JobQueryImpl.java:240)
	at org.activiti.engine.impl.AbstractQuery.execute(AbstractQuery.java:164)
	at org.activiti.engine.impl.interceptor.CommandInvoker.execute(CommandInvoker.java:24)
	at org.activiti.engine.impl.interceptor.CommandContextInterceptor.execute(CommandContextInterceptor.java:57)
	at org.activiti.engine.impl.interceptor.LogInterceptor.execute(LogInterceptor.java:37)
	at org.activiti.engine.impl.cfg.CommandExecutorImpl.execute(CommandExecutorImpl.java:40)
	at org.activiti.engine.impl.cfg.CommandExecutorImpl.execute(CommandExecutorImpl.java:35)
	at org.activiti.engine.impl.AbstractQuery.list(AbstractQuery.java:138)
	at org.activiti.engine.test.api.mgmt.JobQueryTest.testQueryInvalidSortingUsage(JobQueryTest.java:339)
	at sun.reflect.NativeMethodAccessorImpl.invoke0(Native Method)
	at sun.reflect.NativeMethodAccessorImpl.invoke(NativeMethodAccessorImpl.java:62)
	at sun.reflect.DelegatingMethodAccessorImpl.invoke(DelegatingMethodAccessorImpl.java:43)
	at java.lang.reflect.Method.invoke(Method.java:498)
	at junit.framework.TestCase.runTest(TestCase.java:176)
	at org.activiti.engine.impl.test.PvmTestCase.runTest(PvmTestCase.java:65)
	at junit.framework.TestCase.runBare(TestCase.java:141)
	at org.activiti.engine.impl.test.AbstractActivitiTestCase.runBare(AbstractActivitiTestCase.java:100)
	at junit.framework.TestResult$1.protect(TestResult.java:122)
	at junit.framework.TestResult.runProtected(TestResult.java:142)
	at junit.framework.TestResult.run(TestResult.java:125)
	at junit.framework.TestCase.run(TestCase.java:129)
	at junit.framework.TestSuite.runTest(TestSuite.java:255)
	at junit.framework.TestSuite.run(TestSuite.java:250)
	at org.junit.internal.runners.JUnit38ClassRunner.run(JUnit38ClassRunner.java:84)
	at org.apache.maven.surefire.junit4.JUnit4TestSet.execute(JUnit4TestSet.java:35)
	at org.apache.maven.surefire.junit4.JUnit4Provider.executeTestSet(JUnit4Provider.java:146)
	at org.apache.maven.surefire.junit4.JUnit4Provider.invoke(JUnit4Provider.java:97)
	at sun.reflect.NativeMethodAccessorImpl.invoke0(Native Method)
	at sun.reflect.NativeMethodAccessorImpl.invoke(NativeMethodAccessorImpl.java:62)
	at sun.reflect.DelegatingMethodAccessorImpl.invoke(DelegatingMethodAccessorImpl.java:43)
	at java.lang.reflect.Method.invoke(Method.java:498)
	at org.apache.maven.surefire.booter.ProviderFactory$ClassLoaderProxy.invoke(ProviderFactory.java:103)
	at com.sun.proxy.$Proxy0.invoke(Unknown Source)
	at org.apache.maven.surefire.booter.SurefireStarter.invokeProvider(SurefireStarter.java:145)
	at org.apache.maven.surefire.booter.SurefireStarter.runSuitesInProcess(SurefireStarter.java:87)
	at org.apache.maven.surefire.booter.ForkedBooter.main(ForkedBooter.java:69)
10:44:57,046 [main] DEBUG org.activiti.engine.impl.cfg.standalone.StandaloneMybatisTransactionContext  - firing event rolling back...
10:44:57,046 [main] DEBUG org.activiti.engine.impl.cfg.standalone.StandaloneMybatisTransactionContext  - rolling back ibatis sql session...
10:44:57,046 [main] DEBUG org.activiti.engine.impl.cfg.standalone.StandaloneMybatisTransactionContext  - firing event rolled back...
10:44:57,046 [main] DEBUG org.activiti.engine.impl.interceptor.LogInterceptor  - --- JobQueryImpl finished --------------------------------------------------------
10:44:57,046 [main] DEBUG org.activiti.engine.impl.interceptor.LogInterceptor  - 

10:44:57,046 [main] DEBUG org.activiti.engine.impl.test.PvmTestCase  - #### END JobQueryTest.testQueryInvalidSortingUsage #############################################################
10:44:57,046 [main] DEBUG org.activiti.engine.impl.interceptor.LogInterceptor  - 

10:44:57,046 [main] DEBUG org.activiti.engine.impl.interceptor.LogInterceptor  - --- starting DeleteDeploymentCmd --------------------------------------------------------
10:44:57,046 [main] DEBUG org.apache.ibatis.transaction.jdbc.JdbcTransaction  - Opening JDBC Connection
10:44:57,046 [main] DEBUG org.apache.ibatis.datasource.pooled.PooledDataSource  - Checked out connection 363509958 from pool.
10:44:57,046 [main] DEBUG org.apache.ibatis.transaction.jdbc.JdbcTransaction  - Setting autocommit to false on JDBC Connection [conn2: url=jdbc:h2:mem:activiti user=SA]
10:44:57,046 [main] DEBUG org.activiti.engine.impl.persistence.entity.DeploymentEntity.selectDeploymentById  - ==&gt;  Preparing: select * from ACT_RE_DEPLOYMENT where ID_ = ? 
10:44:57,046 [main] DEBUG org.activiti.engine.impl.persistence.entity.DeploymentEntity.selectDeploymentById  - ==&gt; Parameters: 1501(String)
10:44:57,046 [main] DEBUG org.activiti.engine.impl.persistence.entity.DeploymentEntity.selectDeploymentById  - &lt;==      Total: 1
10:44:57,046 [main] DEBUG org.activiti.engine.impl.persistence.entity.ProcessDefinitionEntity.selectProcessDefinitionsByQueryCriteria  - ==&gt;  Preparing: select RES.* from ACT_RE_PROCDEF RES WHERE RES.DEPLOYMENT_ID_ = ? order by order by RES.ID_ asc LIMIT ? OFFSET ? 
10:44:57,046 [main] DEBUG org.activiti.engine.impl.interceptor.CommandContext  - Error while closing command context
org.apache.ibatis.exceptions.PersistenceException: 
### Error querying database.  Cause: org.h2.jdbc.JdbcSQLException: Syntax error in SQL statement &quot;SELECT RES.* 
       
    FROM ACT_RE_PROCDEF RES
     
     WHERE  RES.DEPLOYMENT_ID_ = ? 
   
     ORDER BY  ORDER[*] BY RES.ID_ ASC  
    LIMIT ? OFFSET ? &quot;; expected &quot;=, NOT, EXISTS, INTERSECTS, SELECT, FROM&quot;; SQL statement:
select RES.* 
       
    from ACT_RE_PROCDEF RES
     
     WHERE  RES.DEPLOYMENT_ID_ = ? 
   
     order by  order by RES.ID_ asc  
    LIMIT ? OFFSET ? [42001-176]
### The error may exist in org/activiti/db/mapping/entity/ProcessDefinition.xml
### The error may involve org.activiti.engine.impl.persistence.entity.ProcessDefinitionEntity.selectProcessDefinitionsByQueryCriteria
### The error occurred while executing a query
### SQL: select RES.*              from ACT_RE_PROCDEF RES            WHERE  RES.DEPLOYMENT_ID_ = ?           order by  order by RES.ID_ asc       LIMIT ? OFFSET ?
### Cause: org.h2.jdbc.JdbcSQLException: Syntax error in SQL statement &quot;SELECT RES.* 
       
    FROM ACT_RE_PROCDEF RES
     
     WHERE  RES.DEPLOYMENT_ID_ = ? 
   
     ORDER BY  ORDER[*] BY RES.ID_ ASC  
    LIMIT ? OFFSET ? &quot;; expected &quot;=, NOT, EXISTS, INTERSECTS, SELECT, FROM&quot;; SQL statement:
select RES.* 
       
    from ACT_RE_PROCDEF RES
     
     WHERE  RES.DEPLOYMENT_ID_ = ? 
   
     order by  order by RES.ID_ asc  
    LIMIT ? OFFSET ? [42001-176]
	at org.apache.ibatis.exceptions.ExceptionFactory.wrapException(ExceptionFactory.java:30)
	at org.apache.ibatis.session.defaults.DefaultSqlSession.selectList(DefaultSqlSession.java:122)
	at org.apache.ibatis.session.defaults.DefaultSqlSession.selectList(DefaultSqlSession.java:113)
	at org.activiti.engine.impl.db.DbSqlSession.selectListWithRawParameter(DbSqlSession.java:438)
	at org.activiti.engine.impl.db.DbSqlSession.selectList(DbSqlSession.java:429)
	at org.activiti.engine.impl.db.DbSqlSession.selectList(DbSqlSession.java:419)
	at org.activiti.engine.impl.persistence.entity.ProcessDefinitionEntityManager.findProcessDefinitionsByQueryCriteria(ProcessDefinitionEntityManager.java:57)
	at org.activiti.engine.impl.ProcessDefinitionQueryImpl.executeList(ProcessDefinitionQueryImpl.java:307)
	at org.activiti.engine.impl.AbstractQuery.list(AbstractQuery.java:140)
	at org.activiti.engine.impl.persistence.deploy.DeploymentManager.removeDeployment(DeploymentManager.java:187)
	at org.activiti.engine.impl.cmd.DeleteDeploymentCmd.execute(DeleteDeploymentCmd.java:44)
	at org.activiti.engine.impl.cmd.DeleteDeploymentCmd.execute(DeleteDeploymentCmd.java:24)
	at org.activiti.engine.impl.interceptor.CommandInvoker.execute(CommandInvoker.java:24)
	at org.activiti.engine.impl.interceptor.CommandContextInterceptor.execute(CommandContextInterceptor.java:57)
	at org.activiti.engine.impl.interceptor.LogInterceptor.execute(LogInterceptor.java:37)
	at org.activiti.engine.impl.cfg.CommandExecutorImpl.execute(CommandExecutorImpl.java:40)
	at org.activiti.engine.impl.cfg.CommandExecutorImpl.execute(CommandExecutorImpl.java:35)
	at org.activiti.engine.impl.RepositoryServiceImpl.deleteDeployment(RepositoryServiceImpl.java:90)
	at org.activiti.engine.test.api.mgmt.JobQueryTest.tearDown(JobQueryTest.java:116)
	at junit.framework.TestCase.runBare(TestCase.java:146)
	at org.activiti.engine.impl.test.AbstractActivitiTestCase.runBare(AbstractActivitiTestCase.java:100)
	at junit.framework.TestResult$1.protect(TestResult.java:122)
	at junit.framework.TestResult.runProtected(TestResult.java:142)
	at junit.framework.TestResult.run(TestResult.java:125)
	at junit.framework.TestCase.run(TestCase.java:129)
	at junit.framework.TestSuite.runTest(TestSuite.java:255)
	at junit.framework.TestSuite.run(TestSuite.java:250)
	at org.junit.internal.runners.JUnit38ClassRunner.run(JUnit38ClassRunner.java:84)
	at org.apache.maven.surefire.junit4.JUnit4TestSet.execute(JUnit4TestSet.java:35)
	at org.apache.maven.surefire.junit4.JUnit4Provider.executeTestSet(JUnit4Provider.java:146)
	at org.apache.maven.surefire.junit4.JUnit4Provider.invoke(JUnit4Provider.java:97)
	at sun.reflect.NativeMethodAccessorImpl.invoke0(Native Method)
	at sun.reflect.NativeMethodAccessorImpl.invoke(NativeMethodAccessorImpl.java:62)
	at sun.reflect.DelegatingMethodAccessorImpl.invoke(DelegatingMethodAccessorImpl.java:43)
	at java.lang.reflect.Method.invoke(Method.java:498)
	at org.apache.maven.surefire.booter.ProviderFactory$ClassLoaderProxy.invoke(ProviderFactory.java:103)
	at com.sun.proxy.$Proxy0.invoke(Unknown Source)
	at org.apache.maven.surefire.booter.SurefireStarter.invokeProvider(SurefireStarter.java:145)
	at org.apache.maven.surefire.booter.SurefireStarter.runSuitesInProcess(SurefireStarter.java:87)
	at org.apache.maven.surefire.booter.ForkedBooter.main(ForkedBooter.java:69)
Caused by: org.h2.jdbc.JdbcSQLException: Syntax error in SQL statement &quot;SELECT RES.* 
       
    FROM ACT_RE_PROCDEF RES
     
     WHERE  RES.DEPLOYMENT_ID_ = ? 
   
     ORDER BY  ORDER[*] BY RES.ID_ ASC  
    LIMIT ? OFFSET ? &quot;; expected &quot;=, NOT, EXISTS, INTERSECTS, SELECT, FROM&quot;; SQL statement:
select RES.* 
       
    from ACT_RE_PROCDEF RES
     
     WHERE  RES.DEPLOYMENT_ID_ = ? 
   
     order by  order by RES.ID_ asc  
    LIMIT ? OFFSET ? [42001-176]
	at org.h2.message.DbException.getJdbcSQLException(DbException.java:344)
	at org.h2.message.DbException.getSyntaxError(DbException.java:204)
	at org.h2.command.Parser.getSyntaxError(Parser.java:524)
	at org.h2.command.Parser.readTerm(Parser.java:2688)
	at org.h2.command.Parser.readFactor(Parser.java:2244)
	at org.h2.command.Parser.readSum(Parser.java:2231)
	at org.h2.command.Parser.readConcat(Parser.java:2201)
	at org.h2.command.Parser.readCondition(Parser.java:2051)
	at org.h2.command.Parser.readAnd(Parser.java:2023)
	at org.h2.command.Parser.readExpression(Parser.java:2015)
	at org.h2.command.Parser.parseEndOfQuery(Parser.java:1726)
	at org.h2.command.Parser.parseSelectUnionExtension(Parser.java:1706)
	at org.h2.command.Parser.parseSelectUnion(Parser.java:1675)
	at org.h2.command.Parser.parseSelect(Parser.java:1662)
	at org.h2.command.Parser.parsePrepared(Parser.java:434)
	at org.h2.command.Parser.parse(Parser.java:306)
	at org.h2.command.Parser.parse(Parser.java:282)
	at org.h2.command.Parser.prepareCommand(Parser.java:243)
	at org.h2.engine.Session.prepareLocal(Session.java:442)
	at org.h2.engine.Session.prepareCommand(Session.java:384)
	at org.h2.jdbc.JdbcConnection.prepareCommand(JdbcConnection.java:1188)
	at org.h2.jdbc.JdbcPreparedStatement.&lt;init&gt;(JdbcPreparedStatement.java:73)
	at org.h2.jdbc.JdbcConnection.prepareStatement(JdbcConnection.java:276)
	at sun.reflect.GeneratedMethodAccessor6.invoke(Unknown Source)
	at sun.reflect.DelegatingMethodAccessorImpl.invoke(DelegatingMethodAccessorImpl.java:43)
	at java.lang.reflect.Method.invoke(Method.java:498)
	at org.apache.ibatis.datasource.pooled.PooledConnection.invoke(PooledConnection.java:245)
	at com.sun.proxy.$Proxy12.prepareStatement(Unknown Source)
	at sun.reflect.GeneratedMethodAccessor6.invoke(Unknown Source)
	at sun.reflect.DelegatingMethodAccessorImpl.invoke(DelegatingMethodAccessorImpl.java:43)
	at java.lang.reflect.Method.invoke(Method.java:498)
	at org.apache.ibatis.logging.jdbc.ConnectionLogger.invoke(ConnectionLogger.java:55)
	at com.sun.proxy.$Proxy12.prepareStatement(Unknown Source)
	at org.apache.ibatis.executor.statement.PreparedStatementHandler.instantiateStatement(PreparedStatementHandler.java:79)
	at org.apache.ibatis.executor.statement.BaseStatementHandler.prepare(BaseStatementHandler.java:88)
	at org.apache.ibatis.executor.statement.RoutingStatementHandler.prepare(RoutingStatementHandler.java:58)
	at org.apache.ibatis.executor.SimpleExecutor.prepareStatement(SimpleExecutor.java:76)
	at org.apache.ibatis.executor.SimpleExecutor.doQuery(SimpleExecutor.java:61)
	at org.apache.ibatis.executor.BaseExecutor.queryFromDatabase(BaseExecutor.java:303)
	at org.apache.ibatis.executor.BaseExecutor.query(BaseExecutor.java:154)
	at org.apache.ibatis.executor.CachingExecutor.query(CachingExecutor.java:102)
	at org.apache.ibatis.executor.CachingExecutor.query(CachingExecutor.java:82)
	at org.apache.ibatis.session.defaults.DefaultSqlSession.selectList(DefaultSqlSession.java:120)
	... 38 more
10:44:57,047 [main] DEBUG org.activiti.engine.impl.cfg.standalone.StandaloneMybatisTransactionContext  - firing event rolling back...
10:44:57,047 [main] DEBUG org.activiti.engine.impl.cfg.standalone.StandaloneMybatisTransactionContext  - rolling back ibatis sql session...
10:44:57,047 [main] DEBUG org.activiti.engine.impl.cfg.standalone.StandaloneMybatisTransactionContext  - firing event rolled back...
10:44:57,047 [main] DEBUG org.apache.ibatis.transaction.jdbc.JdbcTransaction  - Resetting autocommit to true on JDBC Connection [conn2: url=jdbc:h2:mem:activiti user=SA]
10:44:57,047 [main] DEBUG org.apache.ibatis.transaction.jdbc.JdbcTransaction  - Closing JDBC Connection [conn2: url=jdbc:h2:mem:activiti user=SA]
10:44:57,047 [main] DEBUG org.apache.ibatis.datasource.pooled.PooledDataSource  - Returned connection 363509958 to pool.
10:44:57,047 [main] DEBUG org.activiti.engine.impl.interceptor.LogInterceptor  - --- DeleteDeploymentCmd finished --------------------------------------------------------
10:44:57,047 [main] DEBUG org.activiti.engine.impl.interceptor.LogInterceptor  - 

10:44:57,047 [main] ERROR org.activiti.engine.impl.test.PvmTestCase  - 

10:44:57,047 [main] ERROR org.activiti.engine.impl.test.PvmTestCase  - EXCEPTION: org.apache.ibatis.exceptions.PersistenceException: 
### Error querying database.  Cause: org.h2.jdbc.JdbcSQLException: Syntax error in SQL statement &quot;SELECT RES.* 
       
    FROM ACT_RE_PROCDEF RES
     
     WHERE  RES.DEPLOYMENT_ID_ = ? 
   
     ORDER BY  ORDER[*] BY RES.ID_ ASC  
    LIMIT ? OFFSET ? &quot;; expected &quot;=, NOT, EXISTS, INTERSECTS, SELECT, FROM&quot;; SQL statement:
select RES.* 
       
    from ACT_RE_PROCDEF RES
     
     WHERE  RES.DEPLOYMENT_ID_ = ? 
   
     order by  order by RES.ID_ asc  
    LIMIT ? OFFSET ? [42001-176]
### The error may exist in org/activiti/db/mapping/entity/ProcessDefinition.xml
### The error may involve org.activiti.engine.impl.persistence.entity.ProcessDefinitionEntity.selectProcessDefinitionsByQueryCriteria
### The error occurred while executing a query
### SQL: select RES.*              from ACT_RE_PROCDEF RES            WHERE  RES.DEPLOYMENT_ID_ = ?           order by  order by RES.ID_ asc       LIMIT ? OFFSET ?
### Cause: org.h2.jdbc.JdbcSQLException: Syntax error in SQL statement &quot;SELECT RES.* 
       
    FROM ACT_RE_PROCDEF RES
     
     WHERE  RES.DEPLOYMENT_ID_ = ? 
   
     ORDER BY  ORDER[*] BY RES.ID_ ASC  
    LIMIT ? OFFSET ? &quot;; expected &quot;=, NOT, EXISTS, INTERSECTS, SELECT, FROM&quot;; SQL statement:
select RES.* 
       
    from ACT_RE_PROCDEF RES
     
     WHERE  RES.DEPLOYMENT_ID_ = ? 
   
     order by  order by RES.ID_ asc  
    LIMIT ? OFFSET ? [42001-176]
org.apache.ibatis.exceptions.PersistenceException: 
### Error querying database.  Cause: org.h2.jdbc.JdbcSQLException: Syntax error in SQL statement &quot;SELECT RES.* 
       
    FROM ACT_RE_PROCDEF RES
     
     WHERE  RES.DEPLOYMENT_ID_ = ? 
   
     ORDER BY  ORDER[*] BY RES.ID_ ASC  
    LIMIT ? OFFSET ? &quot;; expected &quot;=, NOT, EXISTS, INTERSECTS, SELECT, FROM&quot;; SQL statement:
select RES.* 
       
    from ACT_RE_PROCDEF RES
     
     WHERE  RES.DEPLOYMENT_ID_ = ? 
   
     order by  order by RES.ID_ asc  
    LIMIT ? OFFSET ? [42001-176]
### The error may exist in org/activiti/db/mapping/entity/ProcessDefinition.xml
### The error may involve org.activiti.engine.impl.persistence.entity.ProcessDefinitionEntity.selectProcessDefinitionsByQueryCriteria
### The error occurred while executing a query
### SQL: select RES.*              from ACT_RE_PROCDEF RES            WHERE  RES.DEPLOYMENT_ID_ = ?           order by  order by RES.ID_ asc       LIMIT ? OFFSET ?
### Cause: org.h2.jdbc.JdbcSQLException: Syntax error in SQL statement &quot;SELECT RES.* 
       
    FROM ACT_RE_PROCDEF RES
     
     WHERE  RES.DEPLOYMENT_ID_ = ? 
   
     ORDER BY  ORDER[*] BY RES.ID_ ASC  
    LIMIT ? OFFSET ? &quot;; expected &quot;=, NOT, EXISTS, INTERSECTS, SELECT, FROM&quot;; SQL statement:
select RES.* 
       
    from ACT_RE_PROCDEF RES
     
     WHERE  RES.DEPLOYMENT_ID_ = ? 
   
     order by  order by RES.ID_ asc  
    LIMIT ? OFFSET ? [42001-176]
	at org.apache.ibatis.exceptions.ExceptionFactory.wrapException(ExceptionFactory.java:30)
	at org.apache.ibatis.session.defaults.DefaultSqlSession.selectList(DefaultSqlSession.java:122)
	at org.apache.ibatis.session.defaults.DefaultSqlSession.selectList(DefaultSqlSession.java:113)
	at org.activiti.engine.impl.db.DbSqlSession.selectListWithRawParameter(DbSqlSession.java:438)
	at org.activiti.engine.impl.db.DbSqlSession.selectList(DbSqlSession.java:429)
	at org.activiti.engine.impl.db.DbSqlSession.selectList(DbSqlSession.java:419)
	at org.activiti.engine.impl.persistence.entity.ProcessDefinitionEntityManager.findProcessDefinitionsByQueryCriteria(ProcessDefinitionEntityManager.java:57)
	at org.activiti.engine.impl.ProcessDefinitionQueryImpl.executeList(ProcessDefinitionQueryImpl.java:307)
	at org.activiti.engine.impl.AbstractQuery.list(AbstractQuery.java:140)
	at org.activiti.engine.impl.persistence.deploy.DeploymentManager.removeDeployment(DeploymentManager.java:187)
	at org.activiti.engine.impl.cmd.DeleteDeploymentCmd.execute(DeleteDeploymentCmd.java:44)
	at org.activiti.engine.impl.cmd.DeleteDeploymentCmd.execute(DeleteDeploymentCmd.java:24)
	at org.activiti.engine.impl.interceptor.CommandInvoker.execute(CommandInvoker.java:24)
	at org.activiti.engine.impl.interceptor.CommandContextInterceptor.execute(CommandContextInterceptor.java:57)
	at org.activiti.engine.impl.interceptor.LogInterceptor.execute(LogInterceptor.java:37)
	at org.activiti.engine.impl.cfg.CommandExecutorImpl.execute(CommandExecutorImpl.java:40)
	at org.activiti.engine.impl.cfg.CommandExecutorImpl.execute(CommandExecutorImpl.java:35)
	at org.activiti.engine.impl.RepositoryServiceImpl.deleteDeployment(RepositoryServiceImpl.java:90)
	at org.activiti.engine.test.api.mgmt.JobQueryTest.tearDown(JobQueryTest.java:116)
	at junit.framework.TestCase.runBare(TestCase.java:146)
	at org.activiti.engine.impl.test.AbstractActivitiTestCase.runBare(AbstractActivitiTestCase.java:100)
	at junit.framework.TestResult$1.protect(TestResult.java:122)
	at junit.framework.TestResult.runProtected(TestResult.java:142)
	at junit.framework.TestResult.run(TestResult.java:125)
	at junit.framework.TestCase.run(TestCase.java:129)
	at junit.framework.TestSuite.runTest(TestSuite.java:255)
	at junit.framework.TestSuite.run(TestSuite.java:250)
	at org.junit.internal.runners.JUnit38ClassRunner.run(JUnit38ClassRunner.java:84)
	at org.apache.maven.surefire.junit4.JUnit4TestSet.execute(JUnit4TestSet.java:35)
	at org.apache.maven.surefire.junit4.JUnit4Provider.executeTestSet(JUnit4Provider.java:146)
	at org.apache.maven.surefire.junit4.JUnit4Provider.invoke(JUnit4Provider.java:97)
	at sun.reflect.NativeMethodAccessorImpl.invoke0(Native Method)
	at sun.reflect.NativeMethodAccessorImpl.invoke(NativeMethodAccessorImpl.java:62)
	at sun.reflect.DelegatingMethodAccessorImpl.invoke(DelegatingMethodAccessorImpl.java:43)
	at java.lang.reflect.Method.invoke(Method.java:498)
	at org.apache.maven.surefire.booter.ProviderFactory$ClassLoaderProxy.invoke(ProviderFactory.java:103)
	at com.sun.proxy.$Proxy0.invoke(Unknown Source)
	at org.apache.maven.surefire.booter.SurefireStarter.invokeProvider(SurefireStarter.java:145)
	at org.apache.maven.surefire.booter.SurefireStarter.runSuitesInProcess(SurefireStarter.java:87)
	at org.apache.maven.surefire.booter.ForkedBooter.main(ForkedBooter.java:69)
Caused by: org.h2.jdbc.JdbcSQLException: Syntax error in SQL statement &quot;SELECT RES.* 
       
    FROM ACT_RE_PROCDEF RES
     
     WHERE  RES.DEPLOYMENT_ID_ = ? 
   
     ORDER BY  ORDER[*] BY RES.ID_ ASC  
    LIMIT ? OFFSET ? &quot;; expected &quot;=, NOT, EXISTS, INTERSECTS, SELECT, FROM&quot;; SQL statement:
select RES.* 
       
    from ACT_RE_PROCDEF RES
     
     WHERE  RES.DEPLOYMENT_ID_ = ? 
   
     order by  order by RES.ID_ asc  
    LIMIT ? OFFSET ? [42001-176]
	at org.h2.message.DbException.getJdbcSQLException(DbException.java:344)
	at org.h2.message.DbException.getSyntaxError(DbException.java:204)
	at org.h2.command.Parser.getSyntaxError(Parser.java:524)
	at org.h2.command.Parser.readTerm(Parser.java:2688)
	at org.h2.command.Parser.readFactor(Parser.java:2244)
	at org.h2.command.Parser.readSum(Parser.java:2231)
	at org.h2.command.Parser.readConcat(Parser.java:2201)
	at org.h2.command.Parser.readCondition(Parser.java:2051)
	at org.h2.command.Parser.readAnd(Parser.java:2023)
	at org.h2.command.Parser.readExpression(Parser.java:2015)
	at org.h2.command.Parser.parseEndOfQuery(Parser.java:1726)
	at org.h2.command.Parser.parseSelectUnionExtension(Parser.java:1706)
	at org.h2.command.Parser.parseSelectUnion(Parser.java:1675)
	at org.h2.command.Parser.parseSelect(Parser.java:1662)
	at org.h2.command.Parser.parsePrepared(Parser.java:434)
	at org.h2.command.Parser.parse(Parser.java:306)
	at org.h2.command.Parser.parse(Parser.java:282)
	at org.h2.command.Parser.prepareCommand(Parser.java:243)
	at org.h2.engine.Session.prepareLocal(Session.java:442)
	at org.h2.engine.Session.prepareCommand(Session.java:384)
	at org.h2.jdbc.JdbcConnection.prepareCommand(JdbcConnection.java:1188)
	at org.h2.jdbc.JdbcPreparedStatement.&lt;init&gt;(JdbcPreparedStatement.java:73)
	at org.h2.jdbc.JdbcConnection.prepareStatement(JdbcConnection.java:276)
	at sun.reflect.GeneratedMethodAccessor6.invoke(Unknown Source)
	at sun.reflect.DelegatingMethodAccessorImpl.invoke(DelegatingMethodAccessorImpl.java:43)
	at java.lang.reflect.Method.invoke(Method.java:498)
	at org.apache.ibatis.datasource.pooled.PooledConnection.invoke(PooledConnection.java:245)
	at com.sun.proxy.$Proxy12.prepareStatement(Unknown Source)
	at sun.reflect.GeneratedMethodAccessor6.invoke(Unknown Source)
	at sun.reflect.DelegatingMethodAccessorImpl.invoke(DelegatingMethodAccessorImpl.java:43)
	at java.lang.reflect.Method.invoke(Method.java:498)
	at org.apache.ibatis.logging.jdbc.ConnectionLogger.invoke(ConnectionLogger.java:55)
	at com.sun.proxy.$Proxy12.prepareStatement(Unknown Source)
	at org.apache.ibatis.executor.statement.PreparedStatementHandler.instantiateStatement(PreparedStatementHandler.java:79)
	at org.apache.ibatis.executor.statement.BaseStatementHandler.prepare(BaseStatementHandler.java:88)
	at org.apache.ibatis.executor.statement.RoutingStatementHandler.prepare(RoutingStatementHandler.java:58)
	at org.apache.ibatis.executor.SimpleExecutor.prepareStatement(SimpleExecutor.java:76)
	at org.apache.ibatis.executor.SimpleExecutor.doQuery(SimpleExecutor.java:61)
	at org.apache.ibatis.executor.BaseExecutor.queryFromDatabase(BaseExecutor.java:303)
	at org.apache.ibatis.executor.BaseExecutor.query(BaseExecutor.java:154)
	at org.apache.ibatis.executor.CachingExecutor.query(CachingExecutor.java:102)
	at org.apache.ibatis.executor.CachingExecutor.query(CachingExecutor.java:82)
	at org.apache.ibatis.session.defaults.DefaultSqlSession.selectList(DefaultSqlSession.java:120)
	... 38 more
10:44:57,047 [main] DEBUG org.activiti.engine.impl.test.PvmTestCase  - verifying that db is clean after test
10:44:57,047 [main] DEBUG org.activiti.engine.impl.interceptor.LogInterceptor  - 

10:44:57,047 [main] DEBUG org.activiti.engine.impl.interceptor.LogInterceptor  - --- starting GetTableCountCmd --------------------------------------------------------
10:44:57,047 [main] DEBUG org.apache.ibatis.transaction.jdbc.JdbcTransaction  - Opening JDBC Connection
10:44:57,047 [main] DEBUG org.apache.ibatis.datasource.pooled.PooledDataSource  - Checked out connection 180014677 from pool.
10:44:57,047 [main] DEBUG org.apache.ibatis.transaction.jdbc.JdbcTransaction  - Setting autocommit to false on JDBC Connection [conn3: url=jdbc:h2:mem:activiti user=SA]
10:44:57,047 [main] DEBUG org.activiti.engine.impl.persistence.entity.TableDataManager  - retrieving activiti tables from jdbc metadata
10:44:57,047 [main] DEBUG org.activiti.engine.impl.persistence.entity.TableDataManager  -   retrieved activiti table name ACT_EVT_LOG
10:44:57,047 [main] DEBUG org.activiti.engine.impl.persistence.entity.TableDataManager  -   retrieved activiti table name ACT_GE_BYTEARRAY
10:44:57,047 [main] DEBUG org.activiti.engine.impl.persistence.entity.TableDataManager  -   retrieved activiti table name ACT_GE_PROPERTY
10:44:57,047 [main] DEBUG org.activiti.engine.impl.persistence.entity.TableDataManager  -   retrieved activiti table name ACT_HI_ACTINST
10:44:57,047 [main] DEBUG org.activiti.engine.impl.persistence.entity.TableDataManager  -   retrieved activiti table name ACT_HI_ATTACHMENT
10:44:57,047 [main] DEBUG org.activiti.engine.impl.persistence.entity.TableDataManager  -   retrieved activiti table name ACT_HI_COMMENT
10:44:57,047 [main] DEBUG org.activiti.engine.impl.persistence.entity.TableDataManager  -   retrieved activiti table name ACT_HI_DETAIL
10:44:57,047 [main] DEBUG org.activiti.engine.impl.persistence.entity.TableDataManager  -   retrieved activiti table name ACT_HI_IDENTITYLINK
10:44:57,047 [main] DEBUG org.activiti.engine.impl.persistence.entity.TableDataManager  -   retrieved activiti table name ACT_HI_PROCINST
10:44:57,047 [main] DEBUG org.activiti.engine.impl.persistence.entity.TableDataManager  -   retrieved activiti table name ACT_HI_TASKINST
10:44:57,047 [main] DEBUG org.activiti.engine.impl.persistence.entity.TableDataManager  -   retrieved activiti table name ACT_HI_VARINST
10:44:57,047 [main] DEBUG org.activiti.engine.impl.persistence.entity.TableDataManager  -   retrieved activiti table name ACT_ID_GROUP
10:44:57,047 [main] DEBUG org.activiti.engine.impl.persistence.entity.TableDataManager  -   retrieved activiti table name ACT_ID_INFO
10:44:57,047 [main] DEBUG org.activiti.engine.impl.persistence.entity.TableDataManager  -   retrieved activiti table name ACT_ID_MEMBERSHIP
10:44:57,047 [main] DEBUG org.activiti.engine.impl.persistence.entity.TableDataManager  -   retrieved activiti table name ACT_ID_USER
10:44:57,047 [main] DEBUG org.activiti.engine.impl.persistence.entity.TableDataManager  -   retrieved activiti table name ACT_PROCDEF_INFO
10:44:57,047 [main] DEBUG org.activiti.engine.impl.persistence.entity.TableDataManager  -   retrieved activiti table name ACT_RE_DEPLOYMENT
10:44:57,047 [main] DEBUG org.activiti.engine.impl.persistence.entity.TableDataManager  -   retrieved activiti table name ACT_RE_MODEL
10:44:57,047 [main] DEBUG org.activiti.engine.impl.persistence.entity.TableDataManager  -   retrieved activiti table name ACT_RE_PROCDEF
10:44:57,047 [main] DEBUG org.activiti.engine.impl.persistence.entity.TableDataManager  -   retrieved activiti table name ACT_RU_EVENT_SUBSCR
10:44:57,047 [main] DEBUG org.activiti.engine.impl.persistence.entity.TableDataManager  -   retrieved activiti table name ACT_RU_EXECUTION
10:44:57,047 [main] DEBUG org.activiti.engine.impl.persistence.entity.TableDataManager  -   retrieved activiti table name ACT_RU_IDENTITYLINK
10:44:57,047 [main] DEBUG org.activiti.engine.impl.persistence.entity.TableDataManager  -   retrieved activiti table name ACT_RU_JOB
10:44:57,047 [main] DEBUG org.activiti.engine.impl.persistence.entity.TableDataManager  -   retrieved activiti table name ACT_RU_TASK
10:44:57,047 [main] DEBUG org.activiti.engine.impl.persistence.entity.TableDataManager  -   retrieved activiti table name ACT_RU_VARIABLE
10:44:57,047 [main] DEBUG org.activiti.engine.impl.persistence.entity.TableDataManager  - selecting table count for ACT_EVT_LOG
10:44:57,047 [main] DEBUG org.activiti.engine.impl.TablePageMap.selectTableCount  - ==&gt;  Preparing: select count(*) from ACT_EVT_LOG 
10:44:57,047 [main] DEBUG org.activiti.engine.impl.TablePageMap.selectTableCount  - ==&gt; Parameters: 
10:44:57,047 [main] DEBUG org.activiti.engine.impl.TablePageMap.selectTableCount  - &lt;==      Total: 1
10:44:57,047 [main] DEBUG org.activiti.engine.impl.persistence.entity.TableDataManager  - selecting table count for ACT_GE_BYTEARRAY
10:44:57,047 [main] DEBUG org.activiti.engine.impl.TablePageMap.selectTableCount  - ==&gt;  Preparing: select count(*) from ACT_GE_BYTEARRAY 
10:44:57,047 [main] DEBUG org.activiti.engine.impl.TablePageMap.selectTableCount  - ==&gt; Parameters: 
10:44:57,048 [main] DEBUG org.activiti.engine.impl.TablePageMap.selectTableCount  - &lt;==      Total: 1
10:44:57,048 [main] DEBUG org.activiti.engine.impl.persistence.entity.TableDataManager  - selecting table count for ACT_GE_PROPERTY
10:44:57,048 [main] DEBUG org.activiti.engine.impl.TablePageMap.selectTableCount  - ==&gt;  Preparing: select count(*) from ACT_GE_PROPERTY 
10:44:57,048 [main] DEBUG org.activiti.engine.impl.TablePageMap.selectTableCount  - ==&gt; Parameters: 
10:44:57,048 [main] DEBUG org.activiti.engine.impl.TablePageMap.selectTableCount  - &lt;==      Total: 1
10:44:57,048 [main] DEBUG org.activiti.engine.impl.persistence.entity.TableDataManager  - selecting table count for ACT_HI_ACTINST
10:44:57,048 [main] DEBUG org.activiti.engine.impl.TablePageMap.selectTableCount  - ==&gt;  Preparing: select count(*) from ACT_HI_ACTINST 
10:44:57,048 [main] DEBUG org.activiti.engine.impl.TablePageMap.selectTableCount  - ==&gt; Parameters: 
10:44:57,048 [main] DEBUG org.activiti.engine.impl.TablePageMap.selectTableCount  - &lt;==      Total: 1
10:44:57,048 [main] DEBUG org.activiti.engine.impl.persistence.entity.TableDataManager  - selecting table count for ACT_HI_ATTACHMENT
10:44:57,048 [main] DEBUG org.activiti.engine.impl.TablePageMap.selectTableCount  - ==&gt;  Preparing: select count(*) from ACT_HI_ATTACHMENT 
10:44:57,048 [main] DEBUG org.activiti.engine.impl.TablePageMap.selectTableCount  - ==&gt; Parameters: 
10:44:57,048 [main] DEBUG org.activiti.engine.impl.TablePageMap.selectTableCount  - &lt;==      Total: 1
10:44:57,048 [main] DEBUG org.activiti.engine.impl.persistence.entity.TableDataManager  - selecting table count for ACT_HI_COMMENT
10:44:57,048 [main] DEBUG org.activiti.engine.impl.TablePageMap.selectTableCount  - ==&gt;  Preparing: select count(*) from ACT_HI_COMMENT 
10:44:57,048 [main] DEBUG org.activiti.engine.impl.TablePageMap.selectTableCount  - ==&gt; Parameters: 
10:44:57,048 [main] DEBUG org.activiti.engine.impl.TablePageMap.selectTableCount  - &lt;==      Total: 1
10:44:57,048 [main] DEBUG org.activiti.engine.impl.persistence.entity.TableDataManager  - selecting table count for ACT_HI_DETAIL
10:44:57,048 [main] DEBUG org.activiti.engine.impl.TablePageMap.selectTableCount  - ==&gt;  Preparing: select count(*) from ACT_HI_DETAIL 
10:44:57,048 [main] DEBUG org.activiti.engine.impl.TablePageMap.selectTableCount  - ==&gt; Parameters: 
10:44:57,048 [main] DEBUG org.activiti.engine.impl.TablePageMap.selectTableCount  - &lt;==      Total: 1
10:44:57,048 [main] DEBUG org.activiti.engine.impl.persistence.entity.TableDataManager  - selecting table count for ACT_HI_IDENTITYLINK
10:44:57,048 [main] DEBUG org.activiti.engine.impl.TablePageMap.selectTableCount  - ==&gt;  Preparing: select count(*) from ACT_HI_IDENTITYLINK 
10:44:57,048 [main] DEBUG org.activiti.engine.impl.TablePageMap.selectTableCount  - ==&gt; Parameters: 
10:44:57,048 [main] DEBUG org.activiti.engine.impl.TablePageMap.selectTableCount  - &lt;==      Total: 1
10:44:57,048 [main] DEBUG org.activiti.engine.impl.persistence.entity.TableDataManager  - selecting table count for ACT_HI_PROCINST
10:44:57,048 [main] DEBUG org.activiti.engine.impl.TablePageMap.selectTableCount  - ==&gt;  Preparing: select count(*) from ACT_HI_PROCINST 
10:44:57,048 [main] DEBUG org.activiti.engine.impl.TablePageMap.selectTableCount  - ==&gt; Parameters: 
10:44:57,048 [main] DEBUG org.activiti.engine.impl.TablePageMap.selectTableCount  - &lt;==      Total: 1
10:44:57,048 [main] DEBUG org.activiti.engine.impl.persistence.entity.TableDataManager  - selecting table count for ACT_HI_TASKINST
10:44:57,048 [main] DEBUG org.activiti.engine.impl.TablePageMap.selectTableCount  - ==&gt;  Preparing: select count(*) from ACT_HI_TASKINST 
10:44:57,048 [main] DEBUG org.activiti.engine.impl.TablePageMap.selectTableCount  - ==&gt; Parameters: 
10:44:57,048 [main] DEBUG org.activiti.engine.impl.TablePageMap.selectTableCount  - &lt;==      Total: 1
10:44:57,048 [main] DEBUG org.activiti.engine.impl.persistence.entity.TableDataManager  - selecting table count for ACT_HI_VARINST
10:44:57,048 [main] DEBUG org.activiti.engine.impl.TablePageMap.selectTableCount  - ==&gt;  Preparing: select count(*) from ACT_HI_VARINST 
10:44:57,048 [main] DEBUG org.activiti.engine.impl.TablePageMap.selectTableCount  - ==&gt; Parameters: 
10:44:57,048 [main] DEBUG org.activiti.engine.impl.TablePageMap.selectTableCount  - &lt;==      Total: 1
10:44:57,048 [main] DEBUG org.activiti.engine.impl.persistence.entity.TableDataManager  - selecting table count for ACT_ID_GROUP
10:44:57,048 [main] DEBUG org.activiti.engine.impl.TablePageMap.selectTableCount  - ==&gt;  Preparing: select count(*) from ACT_ID_GROUP 
10:44:57,048 [main] DEBUG org.activiti.engine.impl.TablePageMap.selectTableCount  - ==&gt; Parameters: 
10:44:57,048 [main] DEBUG org.activiti.engine.impl.TablePageMap.selectTableCount  - &lt;==      Total: 1
10:44:57,048 [main] DEBUG org.activiti.engine.impl.persistence.entity.TableDataManager  - selecting table count for ACT_ID_INFO
10:44:57,048 [main] DEBUG org.activiti.engine.impl.TablePageMap.selectTableCount  - ==&gt;  Preparing: select count(*) from ACT_ID_INFO 
10:44:57,048 [main] DEBUG org.activiti.engine.impl.TablePageMap.selectTableCount  - ==&gt; Parameters: 
10:44:57,048 [main] DEBUG org.activiti.engine.impl.TablePageMap.selectTableCount  - &lt;==      Total: 1
10:44:57,048 [main] DEBUG org.activiti.engine.impl.persistence.entity.TableDataManager  - selecting table count for ACT_ID_MEMBERSHIP
10:44:57,048 [main] DEBUG org.activiti.engine.impl.TablePageMap.selectTableCount  - ==&gt;  Preparing: select count(*) from ACT_ID_MEMBERSHIP 
10:44:57,048 [main] DEBUG org.activiti.engine.impl.TablePageMap.selectTableCount  - ==&gt; Parameters: 
10:44:57,048 [main] DEBUG org.activiti.engine.impl.TablePageMap.selectTableCount  - &lt;==      Total: 1
10:44:57,048 [main] DEBUG org.activiti.engine.impl.persistence.entity.TableDataManager  - selecting table count for ACT_ID_USER
10:44:57,048 [main] DEBUG org.activiti.engine.impl.TablePageMap.selectTableCount  - ==&gt;  Preparing: select count(*) from ACT_ID_USER 
10:44:57,048 [main] DEBUG org.activiti.engine.impl.TablePageMap.selectTableCount  - ==&gt; Parameters: 
10:44:57,048 [main] DEBUG org.activiti.engine.impl.TablePageMap.selectTableCount  - &lt;==      Total: 1
10:44:57,048 [main] DEBUG org.activiti.engine.impl.persistence.entity.TableDataManager  - selecting table count for ACT_PROCDEF_INFO
10:44:57,048 [main] DEBUG org.activiti.engine.impl.TablePageMap.selectTableCount  - ==&gt;  Preparing: select count(*) from ACT_PROCDEF_INFO 
10:44:57,048 [main] DEBUG org.activiti.engine.impl.TablePageMap.selectTableCount  - ==&gt; Parameters: 
10:44:57,048 [main] DEBUG org.activiti.engine.impl.TablePageMap.selectTableCount  - &lt;==      Total: 1
10:44:57,048 [main] DEBUG org.activiti.engine.impl.persistence.entity.TableDataManager  - selecting table count for ACT_RE_DEPLOYMENT
10:44:57,048 [main] DEBUG org.activiti.engine.impl.TablePageMap.selectTableCount  - ==&gt;  Preparing: select count(*) from ACT_RE_DEPLOYMENT 
10:44:57,048 [main] DEBUG org.activiti.engine.impl.TablePageMap.selectTableCount  - ==&gt; Parameters: 
10:44:57,048 [main] DEBUG org.activiti.engine.impl.TablePageMap.selectTableCount  - &lt;==      Total: 1
10:44:57,048 [main] DEBUG org.activiti.engine.impl.persistence.entity.TableDataManager  - selecting table count for ACT_RE_MODEL
10:44:57,048 [main] DEBUG org.activiti.engine.impl.TablePageMap.selectTableCount  - ==&gt;  Preparing: select count(*) from ACT_RE_MODEL 
10:44:57,048 [main] DEBUG org.activiti.engine.impl.TablePageMap.selectTableCount  - ==&gt; Parameters: 
10:44:57,048 [main] DEBUG org.activiti.engine.impl.TablePageMap.selectTableCount  - &lt;==      Total: 1
10:44:57,048 [main] DEBUG org.activiti.engine.impl.persistence.entity.TableDataManager  - selecting table count for ACT_RE_PROCDEF
10:44:57,048 [main] DEBUG org.activiti.engine.impl.TablePageMap.selectTableCount  - ==&gt;  Preparing: select count(*) from ACT_RE_PROCDEF 
10:44:57,048 [main] DEBUG org.activiti.engine.impl.TablePageMap.selectTableCount  - ==&gt; Parameters: 
10:44:57,048 [main] DEBUG org.activiti.engine.impl.TablePageMap.selectTableCount  - &lt;==      Total: 1
10:44:57,048 [main] DEBUG org.activiti.engine.impl.persistence.entity.TableDataManager  - selecting table count for ACT_RU_EVENT_SUBSCR
10:44:57,048 [main] DEBUG org.activiti.engine.impl.TablePageMap.selectTableCount  - ==&gt;  Preparing: select count(*) from ACT_RU_EVENT_SUBSCR 
10:44:57,048 [main] DEBUG org.activiti.engine.impl.TablePageMap.selectTableCount  - ==&gt; Parameters: 
10:44:57,048 [main] DEBUG org.activiti.engine.impl.TablePageMap.selectTableCount  - &lt;==      Total: 1
10:44:57,048 [main] DEBUG org.activiti.engine.impl.persistence.entity.TableDataManager  - selecting table count for ACT_RU_EXECUTION
10:44:57,048 [main] DEBUG org.activiti.engine.impl.TablePageMap.selectTableCount  - ==&gt;  Preparing: select count(*) from ACT_RU_EXECUTION 
10:44:57,048 [main] DEBUG org.activiti.engine.impl.TablePageMap.selectTableCount  - ==&gt; Parameters: 
10:44:57,048 [main] DEBUG org.activiti.engine.impl.TablePageMap.selectTableCount  - &lt;==      Total: 1
10:44:57,048 [main] DEBUG org.activiti.engine.impl.persistence.entity.TableDataManager  - selecting table count for ACT_RU_IDENTITYLINK
10:44:57,048 [main] DEBUG org.activiti.engine.impl.TablePageMap.selectTableCount  - ==&gt;  Preparing: select count(*) from ACT_RU_IDENTITYLINK 
10:44:57,048 [main] DEBUG org.activiti.engine.impl.TablePageMap.selectTableCount  - ==&gt; Parameters: 
10:44:57,048 [main] DEBUG org.activiti.engine.impl.TablePageMap.selectTableCount  - &lt;==      Total: 1
10:44:57,048 [main] DEBUG org.activiti.engine.impl.persistence.entity.TableDataManager  - selecting table count for ACT_RU_JOB
10:44:57,048 [main] DEBUG org.activiti.engine.impl.TablePageMap.selectTableCount  - ==&gt;  Preparing: select count(*) from ACT_RU_JOB 
10:44:57,048 [main] DEBUG org.activiti.engine.impl.TablePageMap.selectTableCount  - ==&gt; Parameters: 
10:44:57,048 [main] DEBUG org.activiti.engine.impl.TablePageMap.selectTableCount  - &lt;==      Total: 1
10:44:57,048 [main] DEBUG org.activiti.engine.impl.persistence.entity.TableDataManager  - selecting table count for ACT_RU_TASK
10:44:57,048 [main] DEBUG org.activiti.engine.impl.TablePageMap.selectTableCount  - ==&gt;  Preparing: select count(*) from ACT_RU_TASK 
10:44:57,048 [main] DEBUG org.activiti.engine.impl.TablePageMap.selectTableCount  - ==&gt; Parameters: 
10:44:57,048 [main] DEBUG org.activiti.engine.impl.TablePageMap.selectTableCount  - &lt;==      Total: 1
10:44:57,048 [main] DEBUG org.activiti.engine.impl.persistence.entity.TableDataManager  - selecting table count for ACT_RU_VARIABLE
10:44:57,048 [main] DEBUG org.activiti.engine.impl.TablePageMap.selectTableCount  - ==&gt;  Preparing: select count(*) from ACT_RU_VARIABLE 
10:44:57,048 [main] DEBUG org.activiti.engine.impl.TablePageMap.selectTableCount  - ==&gt; Parameters: 
10:44:57,048 [main] DEBUG org.activiti.engine.impl.TablePageMap.selectTableCount  - &lt;==      Total: 1
10:44:57,048 [main] DEBUG org.activiti.engine.impl.persistence.entity.TableDataManager  - Number of rows per activiti table: {ACT_RU_EVENT_SUBSCR=0, ACT_ID_USER=0, ACT_HI_ATTACHMENT=0, ACT_GE_BYTEARRAY=1, ACT_RE_MODEL=0, ACT_RU_VARIABLE=0, ACT_RU_TASK=3, ACT_RE_DEPLOYMENT=1, ACT_RE_PROCDEF=1, ACT_ID_GROUP=0, ACT_HI_VARINST=0, ACT_HI_COMMENT=0, ACT_HI_PROCINST=3, ACT_ID_INFO=0, ACT_ID_MEMBERSHIP=0, ACT_RU_JOB=4, ACT_PROCDEF_INFO=0, ACT_HI_ACTINST=6, ACT_RU_EXECUTION=6, ACT_HI_TASKINST=3, ACT_HI_DETAIL=0, ACT_EVT_LOG=0, ACT_HI_IDENTITYLINK=0, ACT_RU_IDENTITYLINK=0, ACT_GE_PROPERTY=3}
10:44:57,048 [main] DEBUG org.activiti.engine.impl.db.DbSqlSession  - flush summary: 0 insert, 0 update, 0 delete.
10:44:57,048 [main] DEBUG org.activiti.engine.impl.db.DbSqlSession  - now executing flush...
10:44:57,048 [main] DEBUG org.activiti.engine.impl.cfg.standalone.StandaloneMybatisTransactionContext  - firing event committing...
10:44:57,048 [main] DEBUG org.activiti.engine.impl.cfg.standalone.StandaloneMybatisTransactionContext  - committing the ibatis sql session...
10:44:57,048 [main] DEBUG org.activiti.engine.impl.cfg.standalone.StandaloneMybatisTransactionContext  - firing event committed...
10:44:57,048 [main] DEBUG org.apache.ibatis.transaction.jdbc.JdbcTransaction  - Resetting autocommit to true on JDBC Connection [conn3: url=jdbc:h2:mem:activiti user=SA]
10:44:57,048 [main] DEBUG org.apache.ibatis.transaction.jdbc.JdbcTransaction  - Closing JDBC Connection [conn3: url=jdbc:h2:mem:activiti user=SA]
10:44:57,048 [main] DEBUG org.apache.ibatis.datasource.pooled.PooledDataSource  - Returned connection 180014677 to pool.
10:44:57,048 [main] DEBUG org.activiti.engine.impl.interceptor.LogInterceptor  - --- GetTableCountCmd finished --------------------------------------------------------
10:44:57,048 [main] DEBUG org.activiti.engine.impl.interceptor.LogInterceptor  - 

10:44:57,048 [main] ERROR org.activiti.engine.impl.test.PvmTestCase  - 

10:44:57,048 [main] ERROR org.activiti.engine.impl.test.PvmTestCase  - DB NOT CLEAN: 
  ACT_GE_BYTEARRAY: 1 record(s)   ACT_RU_TASK: 3 record(s)   ACT_RE_DEPLOYMENT: 1 record(s)   ACT_RE_PROCDEF: 1 record(s)   ACT_HI_PROCINST: 3 record(s)   ACT_RU_JOB: 4 record(s)   ACT_HI_ACTINST: 6 record(s)   ACT_RU_EXECUTION: 6 record(s)   ACT_HI_TASKINST: 3 record(s) 
10:44:57,048 [main] INFO  org.activiti.engine.impl.test.PvmTestCase  - dropping and recreating db
10:44:57,048 [main] DEBUG org.activiti.engine.impl.interceptor.LogInterceptor  - 

10:44:57,048 [main] DEBUG org.activiti.engine.impl.interceptor.LogInterceptor  - --- starting  --------------------------------------------------------
10:44:57,048 [main] INFO  org.activiti.engine.impl.db.DbSqlSession  - performing drop on engine with resource org/activiti/db/drop/activiti.h2.drop.engine.sql
10:44:57,048 [main] DEBUG org.apache.ibatis.transaction.jdbc.JdbcTransaction  - Opening JDBC Connection
10:44:57,048 [main] DEBUG org.apache.ibatis.datasource.pooled.PooledDataSource  - Checked out connection 297240765 from pool.
10:44:57,048 [main] DEBUG org.apache.ibatis.transaction.jdbc.JdbcTransaction  - Setting autocommit to false on JDBC Connection [conn4: url=jdbc:h2:mem:activiti user=SA]
10:44:57,048 [main] DEBUG org.activiti.engine.impl.db.DbSqlSession  - SQL: drop table if exists ACT_GE_PROPERTY cascade constraints
10:44:57,048 [main] DEBUG org.activiti.engine.impl.db.DbSqlSession  - SQL: drop table if exists ACT_GE_BYTEARRAY cascade constraints
10:44:57,048 [main] DEBUG org.activiti.engine.impl.db.DbSqlSession  - SQL: drop table if exists ACT_RE_DEPLOYMENT cascade constraints
10:44:57,049 [main] DEBUG org.activiti.engine.impl.db.DbSqlSession  - SQL: drop table if exists ACT_RE_MODEL cascade constraints
10:44:57,049 [main] DEBUG org.activiti.engine.impl.db.DbSqlSession  - SQL: drop table if exists ACT_RU_EXECUTION cascade constraints
10:44:57,049 [main] DEBUG org.activiti.engine.impl.db.DbSqlSession  - SQL: drop table if exists ACT_RU_JOB cascade constraints
10:44:57,049 [main] DEBUG org.activiti.engine.impl.db.DbSqlSession  - SQL: drop table if exists ACT_RE_PROCDEF cascade constraints
10:44:57,049 [main] DEBUG org.activiti.engine.impl.db.DbSqlSession  - SQL: drop table if exists ACT_RU_TASK cascade constraints
10:44:57,049 [main] DEBUG org.activiti.engine.impl.db.DbSqlSession  - SQL: drop table if exists ACT_RU_IDENTITYLINK cascade constraints
10:44:57,049 [main] DEBUG org.activiti.engine.impl.db.DbSqlSession  - SQL: drop table if exists ACT_RU_VARIABLE cascade constraints
10:44:57,049 [main] DEBUG org.activiti.engine.impl.db.DbSqlSession  - SQL: drop table if exists ACT_RU_EVENT_SUBSCR cascade constraints
10:44:57,049 [main] DEBUG org.activiti.engine.impl.db.DbSqlSession  - SQL: drop table if exists ACT_EVT_LOG cascade constraints
10:44:57,049 [main] DEBUG org.activiti.engine.impl.db.DbSqlSession  - SQL: drop table if exists ACT_PROCDEF_INFO cascade constraints
10:44:57,049 [main] DEBUG org.activiti.engine.impl.db.DbSqlSession  - SQL: drop index if exists ACT_IDX_EXEC_BUSKEY
10:44:57,049 [main] DEBUG org.activiti.engine.impl.db.DbSqlSession  - SQL: drop index if exists ACT_IDX_TASK_CREATE
10:44:57,049 [main] DEBUG org.activiti.engine.impl.db.DbSqlSession  - SQL: drop index if exists ACT_IDX_IDENT_LNK_USER
10:44:57,049 [main] DEBUG org.activiti.engine.impl.db.DbSqlSession  - SQL: drop index if exists ACT_IDX_IDENT_LNK_GROUP
10:44:57,049 [main] DEBUG org.activiti.engine.impl.db.DbSqlSession  - SQL: drop index if exists ACT_IDX_VARIABLE_TASK_ID
10:44:57,049 [main] DEBUG org.activiti.engine.impl.db.DbSqlSession  - SQL: drop index if exists ACT_IDX_EVENT_SUBSCR_CONFIG_
10:44:57,049 [main] DEBUG org.activiti.engine.impl.db.DbSqlSession  - SQL: drop index if exists ACT_IDX_ATHRZ_PROCEDEF
10:44:57,049 [main] DEBUG org.activiti.engine.impl.db.DbSqlSession  - SQL: drop index if exists ACT_IDX_INFO_PROCDEF
10:44:57,049 [main] DEBUG org.activiti.engine.impl.db.DbSqlSession  - activiti db schema drop for component engine successful
10:44:57,049 [main] INFO  org.activiti.engine.impl.db.DbSqlSession  - performing drop on history with resource org/activiti/db/drop/activiti.h2.drop.history.sql
10:44:57,049 [main] DEBUG org.activiti.engine.impl.db.DbSqlSession  - SQL: drop table if exists ACT_HI_PROCINST cascade constraints
10:44:57,049 [main] DEBUG org.activiti.engine.impl.db.DbSqlSession  - SQL: drop table if exists ACT_HI_ACTINST cascade constraints
10:44:57,049 [main] DEBUG org.activiti.engine.impl.db.DbSqlSession  - SQL: drop table if exists ACT_HI_VARINST cascade constraints
10:44:57,049 [main] DEBUG org.activiti.engine.impl.db.DbSqlSession  - SQL: drop table if exists ACT_HI_TASKINST cascade constraints
10:44:57,049 [main] DEBUG org.activiti.engine.impl.db.DbSqlSession  - SQL: drop table if exists ACT_HI_DETAIL cascade constraints
10:44:57,049 [main] DEBUG org.activiti.engine.impl.db.DbSqlSession  - SQL: drop table if exists ACT_HI_COMMENT cascade constraints
10:44:57,049 [main] DEBUG org.activiti.engine.impl.db.DbSqlSession  - SQL: drop table if exists ACT_HI_ATTACHMENT cascade constraints
10:44:57,049 [main] DEBUG org.activiti.engine.impl.db.DbSqlSession  - SQL: drop table if exists ACT_HI_IDENTITYLINK cascade constraints
10:44:57,049 [main] DEBUG org.activiti.engine.impl.db.DbSqlSession  - SQL: drop index if exists ACT_IDX_HI_PRO_INST_END
10:44:57,049 [main] DEBUG org.activiti.engine.impl.db.DbSqlSession  - SQL: drop index if exists ACT_IDX_HI_PRO_I_BUSKEY
10:44:57,049 [main] DEBUG org.activiti.engine.impl.db.DbSqlSession  - SQL: drop index if exists ACT_IDX_HI_ACT_INST_START
10:44:57,049 [main] DEBUG org.activiti.engine.impl.db.DbSqlSession  - SQL: drop index if exists ACT_IDX_HI_ACT_INST_END
10:44:57,049 [main] DEBUG org.activiti.engine.impl.db.DbSqlSession  - SQL: drop index if exists ACT_IDX_HI_DETAIL_PROC_INST
10:44:57,049 [main] DEBUG org.activiti.engine.impl.db.DbSqlSession  - SQL: drop index if exists ACT_IDX_HI_DETAIL_ACT_INST
10:44:57,049 [main] DEBUG org.activiti.engine.impl.db.DbSqlSession  - SQL: drop index if exists ACT_IDX_HI_DETAIL_TIME
10:44:57,049 [main] DEBUG org.activiti.engine.impl.db.DbSqlSession  - SQL: drop index if exists ACT_IDX_HI_DETAIL_NAME
10:44:57,049 [main] DEBUG org.activiti.engine.impl.db.DbSqlSession  - SQL: drop index if exists ACT_IDX_HI_DETAIL_TASK_ID
10:44:57,049 [main] DEBUG org.activiti.engine.impl.db.DbSqlSession  - SQL: drop index if exists ACT_IDX_HI_PROCVAR_PROC_INST
10:44:57,049 [main] DEBUG org.activiti.engine.impl.db.DbSqlSession  - SQL: drop index if exists ACT_IDX_HI_PROCVAR_NAME_TYPE
10:44:57,049 [main] DEBUG org.activiti.engine.impl.db.DbSqlSession  - SQL: drop index if exists ACT_IDX_HI_ACT_INST_PROCINST
10:44:57,049 [main] DEBUG org.activiti.engine.impl.db.DbSqlSession  - SQL: drop index if exists ACT_IDX_HI_IDENT_LNK_USER
10:44:57,049 [main] DEBUG org.activiti.engine.impl.db.DbSqlSession  - SQL: drop index if exists ACT_IDX_HI_IDENT_LNK_TASK
10:44:57,049 [main] DEBUG org.activiti.engine.impl.db.DbSqlSession  - SQL: drop index if exists ACT_IDX_HI_IDENT_LNK_PROCINST
10:44:57,049 [main] DEBUG org.activiti.engine.impl.db.DbSqlSession  - SQL: drop index if exists ACT_IDX_HI_TASK_INST_PROCINST
10:44:57,049 [main] DEBUG org.activiti.engine.impl.db.DbSqlSession  - activiti db schema drop for component history successful
10:44:57,049 [main] INFO  org.activiti.engine.impl.db.DbSqlSession  - performing drop on identity with resource org/activiti/db/drop/activiti.h2.drop.identity.sql
10:44:57,049 [main] DEBUG org.activiti.engine.impl.db.DbSqlSession  - SQL: drop table if exists ACT_ID_INFO cascade constraints
10:44:57,049 [main] DEBUG org.activiti.engine.impl.db.DbSqlSession  - SQL: drop table if exists ACT_ID_GROUP cascade constraints
10:44:57,049 [main] DEBUG org.activiti.engine.impl.db.DbSqlSession  - SQL: drop table if exists ACT_ID_MEMBERSHIP cascade constraints
10:44:57,050 [main] DEBUG org.activiti.engine.impl.db.DbSqlSession  - SQL: drop table if exists ACT_ID_USER cascade constraints
10:44:57,050 [main] DEBUG org.activiti.engine.impl.db.DbSqlSession  - activiti db schema drop for component identity successful
10:44:57,050 [main] INFO  org.activiti.engine.impl.db.DbSqlSession  - performing create on engine with resource org/activiti/db/create/activiti.h2.create.engine.sql
10:44:57,050 [main] DEBUG org.activiti.engine.impl.db.DbSqlSession  - SQL: create table ACT_GE_PROPERTY ( 
NAME_ varchar(64), 
VALUE_ varchar(300), 
REV_ integer, 
primary key (NAME_) 
)
10:44:57,050 [main] DEBUG org.activiti.engine.impl.db.DbSqlSession  - SQL: insert into ACT_GE_PROPERTY 
values (&apos;schema.version&apos;, &apos;5.20.0.0&apos;, 1)
10:44:57,050 [main] DEBUG org.activiti.engine.impl.db.DbSqlSession  - SQL: insert into ACT_GE_PROPERTY 
values (&apos;schema.history&apos;, &apos;create(5.20.0.0)&apos;, 1)
10:44:57,050 [main] DEBUG org.activiti.engine.impl.db.DbSqlSession  - SQL: insert into ACT_GE_PROPERTY 
values (&apos;next.dbid&apos;, &apos;1&apos;, 1)
10:44:57,050 [main] DEBUG org.activiti.engine.impl.db.DbSqlSession  - SQL: create table ACT_GE_BYTEARRAY ( 
ID_ varchar(64), 
REV_ integer, 
NAME_ varchar(255), 
DEPLOYMENT_ID_ varchar(64), 
BYTES_ longvarbinary, 
GENERATED_ bit, 
primary key (ID_) 
)
10:44:57,050 [main] DEBUG org.activiti.engine.impl.db.DbSqlSession  - SQL: create table ACT_RE_DEPLOYMENT ( 
ID_ varchar(64), 
NAME_ varchar(255), 
CATEGORY_ varchar(255), 
TENANT_ID_ varchar(255) default &apos;&apos;, 
DEPLOY_TIME_ timestamp, 
primary key (ID_) 
)
10:44:57,050 [main] DEBUG org.activiti.engine.impl.db.DbSqlSession  - SQL: create table ACT_RE_MODEL ( 
ID_ varchar(64) not null, 
REV_ integer, 
NAME_ varchar(255), 
KEY_ varchar(255), 
CATEGORY_ varchar(255), 
CREATE_TIME_ timestamp, 
LAST_UPDATE_TIME_ timestamp, 
VERSION_ integer, 
META_INFO_ varchar(4000), 
DEPLOYMENT_ID_ varchar(64), 
EDITOR_SOURCE_VALUE_ID_ varchar(64), 
EDITOR_SOURCE_EXTRA_VALUE_ID_ varchar(64), 
TENANT_ID_ varchar(255) default &apos;&apos;, 
primary key (ID_) 
)
10:44:57,050 [main] DEBUG org.activiti.engine.impl.db.DbSqlSession  - SQL: create table ACT_RU_EXECUTION ( 
ID_ varchar(64), 
REV_ integer, 
PROC_INST_ID_ varchar(64), 
BUSINESS_KEY_ varchar(255), 
PARENT_ID_ varchar(64), 
PROC_DEF_ID_ varchar(64), 
SUPER_EXEC_ varchar(64), 
ACT_ID_ varchar(255), 
IS_ACTIVE_ bit, 
IS_CONCURRENT_ bit, 
IS_SCOPE_ bit, 
IS_EVENT_SCOPE_ bit, 
SUSPENSION_STATE_ integer, 
CACHED_ENT_STATE_ integer, 
TENANT_ID_ varchar(255) default &apos;&apos;, 
NAME_ varchar(255), 
LOCK_TIME_ timestamp, 
primary key (ID_) 
)
10:44:57,050 [main] DEBUG org.activiti.engine.impl.db.DbSqlSession  - SQL: create table ACT_RU_JOB ( 
ID_ varchar(64) NOT NULL, 
REV_ integer, 
TYPE_ varchar(255) NOT NULL, 
LOCK_EXP_TIME_ timestamp, 
LOCK_OWNER_ varchar(255), 
EXCLUSIVE_ boolean, 
EXECUTION_ID_ varchar(64), 
PROCESS_INSTANCE_ID_ varchar(64), 
PROC_DEF_ID_ varchar(64), 
RETRIES_ integer, 
EXCEPTION_STACK_ID_ varchar(64), 
EXCEPTION_MSG_ varchar(4000), 
DUEDATE_ timestamp, 
REPEAT_ varchar(255), 
HANDLER_TYPE_ varchar(255), 
HANDLER_CFG_ varchar(4000), 
TENANT_ID_ varchar(255) default &apos;&apos;, 
primary key (ID_) 
)
10:44:57,050 [main] DEBUG org.activiti.engine.impl.db.DbSqlSession  - SQL: create table ACT_RE_PROCDEF ( 
ID_ varchar(64) NOT NULL, 
REV_ integer, 
CATEGORY_ varchar(255), 
NAME_ varchar(255), 
KEY_ varchar(255) NOT NULL, 
VERSION_ integer NOT NULL, 
DEPLOYMENT_ID_ varchar(64), 
RESOURCE_NAME_ varchar(4000), 
DGRM_RESOURCE_NAME_ varchar(4000), 
DESCRIPTION_ varchar(4000), 
HAS_START_FORM_KEY_ bit, 
HAS_GRAPHICAL_NOTATION_ bit, 
SUSPENSION_STATE_ integer, 
TENANT_ID_ varchar(255) default &apos;&apos;, 
primary key (ID_) 
)
10:44:57,050 [main] DEBUG org.activiti.engine.impl.db.DbSqlSession  - SQL: create table ACT_RU_TASK ( 
ID_ varchar(64), 
REV_ integer, 
EXECUTION_ID_ varchar(64), 
PROC_INST_ID_ varchar(64), 
PROC_DEF_ID_ varchar(64), 
NAME_ varchar(255), 
PARENT_TASK_ID_ varchar(64), 
DESCRIPTION_ varchar(4000), 
TASK_DEF_KEY_ varchar(255), 
OWNER_ varchar(255), 
ASSIGNEE_ varchar(255), 
DELEGATION_ varchar(64), 
PRIORITY_ integer, 
CREATE_TIME_ timestamp, 
DUE_DATE_ timestamp, 
CATEGORY_ varchar(255), 
SUSPENSION_STATE_ integer, 
TENANT_ID_ varchar(255) default &apos;&apos;, 
FORM_KEY_ varchar(255), 
primary key (ID_) 
)
10:44:57,050 [main] DEBUG org.activiti.engine.impl.db.DbSqlSession  - SQL: create table ACT_RU_IDENTITYLINK ( 
ID_ varchar(64), 
REV_ integer, 
GROUP_ID_ varchar(255), 
TYPE_ varchar(255), 
USER_ID_ varchar(255), 
TASK_ID_ varchar(64), 
PROC_INST_ID_ varchar(64) null, 
PROC_DEF_ID_ varchar(64), 
primary key (ID_) 
)
10:44:57,050 [main] DEBUG org.activiti.engine.impl.db.DbSqlSession  - SQL: create table ACT_RU_VARIABLE ( 
ID_ varchar(64) not null, 
REV_ integer, 
TYPE_ varchar(255) not null, 
NAME_ varchar(255) not null, 
EXECUTION_ID_ varchar(64), 
PROC_INST_ID_ varchar(64), 
TASK_ID_ varchar(64), 
BYTEARRAY_ID_ varchar(64), 
DOUBLE_ double, 
LONG_ bigint, 
TEXT_ varchar(4000), 
TEXT2_ varchar(4000), 
primary key (ID_) 
)
10:44:57,050 [main] DEBUG org.activiti.engine.impl.db.DbSqlSession  - SQL: create table ACT_RU_EVENT_SUBSCR ( 
ID_ varchar(64) not null, 
REV_ integer, 
EVENT_TYPE_ varchar(255) not null, 
EVENT_NAME_ varchar(255), 
EXECUTION_ID_ varchar(64), 
PROC_INST_ID_ varchar(64), 
ACTIVITY_ID_ varchar(64), 
CONFIGURATION_ varchar(255), 
CREATED_ timestamp not null, 
PROC_DEF_ID_ varchar(64), 
TENANT_ID_ varchar(255) default &apos;&apos;, 
primary key (ID_) 
)
10:44:57,050 [main] DEBUG org.activiti.engine.impl.db.DbSqlSession  - SQL: create table ACT_EVT_LOG ( 
LOG_NR_ identity, 
TYPE_ varchar(64), 
PROC_DEF_ID_ varchar(64), 
PROC_INST_ID_ varchar(64), 
EXECUTION_ID_ varchar(64), 
TASK_ID_ varchar(64), 
TIME_STAMP_ timestamp not null, 
USER_ID_ varchar(255), 
DATA_ longvarbinary, 
LOCK_OWNER_ varchar(255), 
LOCK_TIME_ timestamp, 
IS_PROCESSED_ bit default 0 
)
10:44:57,051 [main] DEBUG org.activiti.engine.impl.db.DbSqlSession  - SQL: create table ACT_PROCDEF_INFO ( 
ID_ varchar(64) not null, 
PROC_DEF_ID_ varchar(64) not null, 
REV_ integer, 
INFO_JSON_ID_ varchar(64), 
primary key (ID_) 
)
10:44:57,051 [main] DEBUG org.activiti.engine.impl.db.DbSqlSession  - SQL: create index ACT_IDX_EXEC_BUSKEY on ACT_RU_EXECUTION(BUSINESS_KEY_)
10:44:57,051 [main] DEBUG org.activiti.engine.impl.db.DbSqlSession  - SQL: create index ACT_IDX_TASK_CREATE on ACT_RU_TASK(CREATE_TIME_)
10:44:57,051 [main] DEBUG org.activiti.engine.impl.db.DbSqlSession  - SQL: create index ACT_IDX_IDENT_LNK_USER on ACT_RU_IDENTITYLINK(USER_ID_)
10:44:57,051 [main] DEBUG org.activiti.engine.impl.db.DbSqlSession  - SQL: create index ACT_IDX_IDENT_LNK_GROUP on ACT_RU_IDENTITYLINK(GROUP_ID_)
10:44:57,051 [main] DEBUG org.activiti.engine.impl.db.DbSqlSession  - SQL: create index ACT_IDX_EVENT_SUBSCR_CONFIG_ on ACT_RU_EVENT_SUBSCR(CONFIGURATION_)
10:44:57,051 [main] DEBUG org.activiti.engine.impl.db.DbSqlSession  - SQL: create index ACT_IDX_VARIABLE_TASK_ID on ACT_RU_VARIABLE(TASK_ID_)
10:44:57,051 [main] DEBUG org.activiti.engine.impl.db.DbSqlSession  - SQL: create index ACT_IDX_ATHRZ_PROCEDEF on ACT_RU_IDENTITYLINK(PROC_DEF_ID_)
10:44:57,051 [main] DEBUG org.activiti.engine.impl.db.DbSqlSession  - SQL: create index ACT_IDX_INFO_PROCDEF on ACT_PROCDEF_INFO(PROC_DEF_ID_)
10:44:57,051 [main] DEBUG org.activiti.engine.impl.db.DbSqlSession  - SQL: alter table ACT_GE_BYTEARRAY 
add constraint ACT_FK_BYTEARR_DEPL 
foreign key (DEPLOYMENT_ID_) 
references ACT_RE_DEPLOYMENT
10:44:57,051 [main] DEBUG org.activiti.engine.impl.db.DbSqlSession  - SQL: alter table ACT_RE_PROCDEF 
add constraint ACT_UNIQ_PROCDEF 
unique (KEY_,VERSION_, TENANT_ID_)
10:44:57,051 [main] DEBUG org.activiti.engine.impl.db.DbSqlSession  - SQL: alter table ACT_RU_EXECUTION 
add constraint ACT_FK_EXE_PROCINST 
foreign key (PROC_INST_ID_) 
references ACT_RU_EXECUTION
10:44:57,051 [main] DEBUG org.activiti.engine.impl.db.DbSqlSession  - SQL: alter table ACT_RU_EXECUTION 
add constraint ACT_FK_EXE_PARENT 
foreign key (PARENT_ID_) 
references ACT_RU_EXECUTION
10:44:57,051 [main] DEBUG org.activiti.engine.impl.db.DbSqlSession  - SQL: alter table ACT_RU_EXECUTION 
add constraint ACT_FK_EXE_SUPER 
foreign key (SUPER_EXEC_) 
references ACT_RU_EXECUTION
10:44:57,051 [main] DEBUG org.activiti.engine.impl.db.DbSqlSession  - SQL: alter table ACT_RU_EXECUTION 
add constraint ACT_FK_EXE_PROCDEF 
foreign key (PROC_DEF_ID_) 
references ACT_RE_PROCDEF (ID_)
10:44:57,051 [main] DEBUG org.activiti.engine.impl.db.DbSqlSession  - SQL: alter table ACT_RU_IDENTITYLINK 
add constraint ACT_FK_TSKASS_TASK 
foreign key (TASK_ID_) 
references ACT_RU_TASK
10:44:57,051 [main] DEBUG org.activiti.engine.impl.db.DbSqlSession  - SQL: alter table ACT_RU_IDENTITYLINK 
add constraint ACT_FK_ATHRZ_PROCEDEF 
foreign key (PROC_DEF_ID_) 
references ACT_RE_PROCDEF
10:44:57,051 [main] DEBUG org.activiti.engine.impl.db.DbSqlSession  - SQL: alter table ACT_RU_IDENTITYLINK 
add constraint ACT_FK_IDL_PROCINST 
foreign key (PROC_INST_ID_) 
references ACT_RU_EXECUTION (ID_)
10:44:57,052 [main] DEBUG org.activiti.engine.impl.db.DbSqlSession  - SQL: alter table ACT_RU_TASK 
add constraint ACT_FK_TASK_EXE 
foreign key (EXECUTION_ID_) 
references ACT_RU_EXECUTION
10:44:57,052 [main] DEBUG org.activiti.engine.impl.db.DbSqlSession  - SQL: alter table ACT_RU_TASK 
add constraint ACT_FK_TASK_PROCINST 
foreign key (PROC_INST_ID_) 
references ACT_RU_EXECUTION
10:44:57,052 [main] DEBUG org.activiti.engine.impl.db.DbSqlSession  - SQL: alter table ACT_RU_TASK 
add constraint ACT_FK_TASK_PROCDEF 
foreign key (PROC_DEF_ID_) 
references ACT_RE_PROCDEF
10:44:57,052 [main] DEBUG org.activiti.engine.impl.db.DbSqlSession  - SQL: alter table ACT_RU_VARIABLE 
add constraint ACT_FK_VAR_EXE 
foreign key (EXECUTION_ID_) 
references ACT_RU_EXECUTION
10:44:57,052 [main] DEBUG org.activiti.engine.impl.db.DbSqlSession  - SQL: alter table ACT_RU_VARIABLE 
add constraint ACT_FK_VAR_PROCINST 
foreign key (PROC_INST_ID_) 
references ACT_RU_EXECUTION
10:44:57,052 [main] DEBUG org.activiti.engine.impl.db.DbSqlSession  - SQL: alter table ACT_RU_VARIABLE 
add constraint ACT_FK_VAR_BYTEARRAY 
foreign key (BYTEARRAY_ID_) 
references ACT_GE_BYTEARRAY
10:44:57,052 [main] DEBUG org.activiti.engine.impl.db.DbSqlSession  - SQL: alter table ACT_RU_JOB 
add constraint ACT_FK_JOB_EXCEPTION 
foreign key (EXCEPTION_STACK_ID_) 
references ACT_GE_BYTEARRAY
10:44:57,052 [main] DEBUG org.activiti.engine.impl.db.DbSqlSession  - SQL: alter table ACT_RU_EVENT_SUBSCR 
add constraint ACT_FK_EVENT_EXEC 
foreign key (EXECUTION_ID_) 
references ACT_RU_EXECUTION
10:44:57,052 [main] DEBUG org.activiti.engine.impl.db.DbSqlSession  - SQL: alter table ACT_RE_MODEL 
add constraint ACT_FK_MODEL_SOURCE 
foreign key (EDITOR_SOURCE_VALUE_ID_) 
references ACT_GE_BYTEARRAY (ID_)
10:44:57,052 [main] DEBUG org.activiti.engine.impl.db.DbSqlSession  - SQL: alter table ACT_RE_MODEL 
add constraint ACT_FK_MODEL_SOURCE_EXTRA 
foreign key (EDITOR_SOURCE_EXTRA_VALUE_ID_) 
references ACT_GE_BYTEARRAY (ID_)
10:44:57,052 [main] DEBUG org.activiti.engine.impl.db.DbSqlSession  - SQL: alter table ACT_RE_MODEL 
add constraint ACT_FK_MODEL_DEPLOYMENT 
foreign key (DEPLOYMENT_ID_) 
references ACT_RE_DEPLOYMENT (ID_)
10:44:57,052 [main] DEBUG org.activiti.engine.impl.db.DbSqlSession  - SQL: alter table ACT_PROCDEF_INFO 
add constraint ACT_FK_INFO_JSON_BA 
foreign key (INFO_JSON_ID_) 
references ACT_GE_BYTEARRAY (ID_)
10:44:57,053 [main] DEBUG org.activiti.engine.impl.db.DbSqlSession  - SQL: alter table ACT_PROCDEF_INFO 
add constraint ACT_FK_INFO_PROCDEF 
foreign key (PROC_DEF_ID_) 
references ACT_RE_PROCDEF (ID_)
10:44:57,053 [main] DEBUG org.activiti.engine.impl.db.DbSqlSession  - SQL: alter table ACT_PROCDEF_INFO 
add constraint ACT_UNIQ_INFO_PROCDEF 
unique (PROC_DEF_ID_)
10:44:57,053 [main] DEBUG org.activiti.engine.impl.db.DbSqlSession  - activiti db schema create for component engine successful
10:44:57,053 [main] INFO  org.activiti.engine.impl.db.DbSqlSession  - performing create on history with resource org/activiti/db/create/activiti.h2.create.history.sql
10:44:57,053 [main] DEBUG org.activiti.engine.impl.db.DbSqlSession  - SQL: create table ACT_HI_PROCINST ( 
ID_ varchar(64) not null, 
PROC_INST_ID_ varchar(64) not null, 
BUSINESS_KEY_ varchar(255), 
PROC_DEF_ID_ varchar(64) not null, 
START_TIME_ timestamp not null, 
END_TIME_ timestamp, 
DURATION_ bigint, 
START_USER_ID_ varchar(255), 
START_ACT_ID_ varchar(255), 
END_ACT_ID_ varchar(255), 
SUPER_PROCESS_INSTANCE_ID_ varchar(64), 
DELETE_REASON_ varchar(4000), 
TENANT_ID_ varchar(255) default &apos;&apos;, 
NAME_ varchar(255), 
primary key (ID_), 
unique (PROC_INST_ID_) 
)
10:44:57,053 [main] DEBUG org.activiti.engine.impl.db.DbSqlSession  - SQL: create table ACT_HI_ACTINST ( 
ID_ varchar(64) not null, 
PROC_DEF_ID_ varchar(64) not null, 
PROC_INST_ID_ varchar(64) not null, 
EXECUTION_ID_ varchar(64) not null, 
ACT_ID_ varchar(255) not null, 
TASK_ID_ varchar(64), 
CALL_PROC_INST_ID_ varchar(64), 
ACT_NAME_ varchar(255), 
ACT_TYPE_ varchar(255) not null, 
ASSIGNEE_ varchar(255), 
START_TIME_ timestamp not null, 
END_TIME_ timestamp, 
DURATION_ bigint, 
TENANT_ID_ varchar(255) default &apos;&apos;, 
primary key (ID_) 
)
10:44:57,053 [main] DEBUG org.activiti.engine.impl.db.DbSqlSession  - SQL: create table ACT_HI_TASKINST ( 
ID_ varchar(64) not null, 
PROC_DEF_ID_ varchar(64), 
TASK_DEF_KEY_ varchar(255), 
PROC_INST_ID_ varchar(64), 
EXECUTION_ID_ varchar(64), 
NAME_ varchar(255), 
PARENT_TASK_ID_ varchar(64), 
DESCRIPTION_ varchar(4000), 
OWNER_ varchar(255), 
ASSIGNEE_ varchar(255), 
START_TIME_ timestamp not null, 
CLAIM_TIME_ timestamp, 
END_TIME_ timestamp, 
DURATION_ bigint, 
DELETE_REASON_ varchar(4000), 
PRIORITY_ integer, 
DUE_DATE_ timestamp, 
FORM_KEY_ varchar(255), 
CATEGORY_ varchar(255), 
TENANT_ID_ varchar(255) default &apos;&apos;, 
primary key (ID_) 
)
10:44:57,053 [main] DEBUG org.activiti.engine.impl.db.DbSqlSession  - SQL: create table ACT_HI_VARINST ( 
ID_ varchar(64) not null, 
PROC_INST_ID_ varchar(64), 
EXECUTION_ID_ varchar(64), 
TASK_ID_ varchar(64), 
NAME_ varchar(255) not null, 
VAR_TYPE_ varchar(100), 
REV_ integer, 
BYTEARRAY_ID_ varchar(64), 
DOUBLE_ double, 
LONG_ bigint, 
TEXT_ varchar(4000), 
TEXT2_ varchar(4000), 
CREATE_TIME_ timestamp, 
LAST_UPDATED_TIME_ timestamp, 
primary key (ID_) 
)
10:44:57,053 [main] DEBUG org.activiti.engine.impl.db.DbSqlSession  - SQL: create table ACT_HI_DETAIL ( 
ID_ varchar(64) not null, 
TYPE_ varchar(255) not null, 
TIME_ timestamp not null, 
NAME_ varchar(255), 
PROC_INST_ID_ varchar(64), 
EXECUTION_ID_ varchar(64), 
TASK_ID_ varchar(64), 
ACT_INST_ID_ varchar(64), 
VAR_TYPE_ varchar(255), 
REV_ integer, 
BYTEARRAY_ID_ varchar(64), 
DOUBLE_ double, 
LONG_ bigint, 
TEXT_ varchar(4000), 
TEXT2_ varchar(4000), 
primary key (ID_) 
)
10:44:57,053 [main] DEBUG org.activiti.engine.impl.db.DbSqlSession  - SQL: create table ACT_HI_COMMENT ( 
ID_ varchar(64) not null, 
TYPE_ varchar(255), 
TIME_ timestamp not null, 
USER_ID_ varchar(255), 
TASK_ID_ varchar(64), 
PROC_INST_ID_ varchar(64), 
ACTION_ varchar(255), 
MESSAGE_ varchar(4000), 
FULL_MSG_ longvarbinary, 
primary key (ID_) 
)
10:44:57,053 [main] DEBUG org.activiti.engine.impl.db.DbSqlSession  - SQL: create table ACT_HI_ATTACHMENT ( 
ID_ varchar(64) not null, 
REV_ integer, 
USER_ID_ varchar(255), 
NAME_ varchar(255), 
DESCRIPTION_ varchar(4000), 
TYPE_ varchar(255), 
TASK_ID_ varchar(64), 
PROC_INST_ID_ varchar(64), 
URL_ varchar(4000), 
CONTENT_ID_ varchar(64), 
TIME_ timestamp, 
primary key (ID_) 
)
10:44:57,054 [main] DEBUG org.activiti.engine.impl.db.DbSqlSession  - SQL: create table ACT_HI_IDENTITYLINK ( 
ID_ varchar(64), 
GROUP_ID_ varchar(255), 
TYPE_ varchar(255), 
USER_ID_ varchar(255), 
TASK_ID_ varchar(64), 
PROC_INST_ID_ varchar(64) null, 
primary key (ID_) 
)
10:44:57,054 [main] DEBUG org.activiti.engine.impl.db.DbSqlSession  - SQL: create index ACT_IDX_HI_PRO_INST_END on ACT_HI_PROCINST(END_TIME_)
10:44:57,054 [main] DEBUG org.activiti.engine.impl.db.DbSqlSession  - SQL: create index ACT_IDX_HI_PRO_I_BUSKEY on ACT_HI_PROCINST(BUSINESS_KEY_)
10:44:57,054 [main] DEBUG org.activiti.engine.impl.db.DbSqlSession  - SQL: create index ACT_IDX_HI_ACT_INST_START on ACT_HI_ACTINST(START_TIME_)
10:44:57,054 [main] DEBUG org.activiti.engine.impl.db.DbSqlSession  - SQL: create index ACT_IDX_HI_ACT_INST_END on ACT_HI_ACTINST(END_TIME_)
10:44:57,054 [main] DEBUG org.activiti.engine.impl.db.DbSqlSession  - SQL: create index ACT_IDX_HI_DETAIL_PROC_INST on ACT_HI_DETAIL(PROC_INST_ID_)
10:44:57,054 [main] DEBUG org.activiti.engine.impl.db.DbSqlSession  - SQL: create index ACT_IDX_HI_DETAIL_ACT_INST on ACT_HI_DETAIL(ACT_INST_ID_)
10:44:57,054 [main] DEBUG org.activiti.engine.impl.db.DbSqlSession  - SQL: create index ACT_IDX_HI_DETAIL_TIME on ACT_HI_DETAIL(TIME_)
10:44:57,054 [main] DEBUG org.activiti.engine.impl.db.DbSqlSession  - SQL: create index ACT_IDX_HI_DETAIL_NAME on ACT_HI_DETAIL(NAME_)
10:44:57,054 [main] DEBUG org.activiti.engine.impl.db.DbSqlSession  - SQL: create index ACT_IDX_HI_DETAIL_TASK_ID on ACT_HI_DETAIL(TASK_ID_)
10:44:57,054 [main] DEBUG org.activiti.engine.impl.db.DbSqlSession  - SQL: create index ACT_IDX_HI_PROCVAR_PROC_INST on ACT_HI_VARINST(PROC_INST_ID_)
10:44:57,054 [main] DEBUG org.activiti.engine.impl.db.DbSqlSession  - SQL: create index ACT_IDX_HI_PROCVAR_NAME_TYPE on ACT_HI_VARINST(NAME_, VAR_TYPE_)
10:44:57,054 [main] DEBUG org.activiti.engine.impl.db.DbSqlSession  - SQL: create index ACT_IDX_HI_PROCVAR_TASK_ID on ACT_HI_VARINST(TASK_ID_)
10:44:57,054 [main] DEBUG org.activiti.engine.impl.db.DbSqlSession  - SQL: create index ACT_IDX_HI_ACT_INST_PROCINST on ACT_HI_ACTINST(PROC_INST_ID_, ACT_ID_)
10:44:57,054 [main] DEBUG org.activiti.engine.impl.db.DbSqlSession  - SQL: create index ACT_IDX_HI_IDENT_LNK_USER on ACT_HI_IDENTITYLINK(USER_ID_)
10:44:57,054 [main] DEBUG org.activiti.engine.impl.db.DbSqlSession  - SQL: create index ACT_IDX_HI_IDENT_LNK_TASK on ACT_HI_IDENTITYLINK(TASK_ID_)
10:44:57,054 [main] DEBUG org.activiti.engine.impl.db.DbSqlSession  - SQL: create index ACT_IDX_HI_IDENT_LNK_PROCINST on ACT_HI_IDENTITYLINK(PROC_INST_ID_)
10:44:57,054 [main] DEBUG org.activiti.engine.impl.db.DbSqlSession  - SQL: create index ACT_IDX_HI_ACT_INST_EXEC on ACT_HI_ACTINST(EXECUTION_ID_, ACT_ID_)
10:44:57,054 [main] DEBUG org.activiti.engine.impl.db.DbSqlSession  - SQL: create index ACT_IDX_HI_TASK_INST_PROCINST on ACT_HI_TASKINST(PROC_INST_ID_)
10:44:57,054 [main] DEBUG org.activiti.engine.impl.db.DbSqlSession  - activiti db schema create for component history successful
10:44:57,054 [main] INFO  org.activiti.engine.impl.db.DbSqlSession  - performing create on identity with resource org/activiti/db/create/activiti.h2.create.identity.sql
10:44:57,054 [main] DEBUG org.activiti.engine.impl.db.DbSqlSession  - SQL: create table ACT_ID_GROUP ( 
ID_ varchar(64), 
REV_ integer, 
NAME_ varchar(255), 
TYPE_ varchar(255), 
primary key (ID_) 
)
10:44:57,054 [main] DEBUG org.activiti.engine.impl.db.DbSqlSession  - SQL: create table ACT_ID_MEMBERSHIP ( 
USER_ID_ varchar(64), 
GROUP_ID_ varchar(64), 
primary key (USER_ID_, GROUP_ID_) 
)
10:44:57,054 [main] DEBUG org.activiti.engine.impl.db.DbSqlSession  - SQL: create table ACT_ID_USER ( 
ID_ varchar(64), 
REV_ integer, 
FIRST_ varchar(255), 
LAST_ varchar(255), 
EMAIL_ varchar(255), 
PWD_ varchar(255), 
PICTURE_ID_ varchar(64), 
primary key (ID_) 
)
10:44:57,054 [main] DEBUG org.activiti.engine.impl.db.DbSqlSession  - SQL: create table ACT_ID_INFO ( 
ID_ varchar(64), 
REV_ integer, 
USER_ID_ varchar(64), 
TYPE_ varchar(64), 
KEY_ varchar(255), 
VALUE_ varchar(255), 
PASSWORD_ longvarbinary, 
PARENT_ID_ varchar(255), 
primary key (ID_) 
)
10:44:57,054 [main] DEBUG org.activiti.engine.impl.db.DbSqlSession  - SQL: alter table ACT_ID_MEMBERSHIP 
add constraint ACT_FK_MEMB_GROUP 
foreign key (GROUP_ID_) 
references ACT_ID_GROUP
10:44:57,054 [main] DEBUG org.activiti.engine.impl.db.DbSqlSession  - SQL: alter table ACT_ID_MEMBERSHIP 
add constraint ACT_FK_MEMB_USER 
foreign key (USER_ID_) 
references ACT_ID_USER
10:44:57,054 [main] DEBUG org.activiti.engine.impl.db.DbSqlSession  - activiti db schema create for component identity successful
10:44:57,055 [main] DEBUG org.activiti.engine.impl.db.DbSqlSession  - flush summary: 0 insert, 0 update, 0 delete.
10:44:57,055 [main] DEBUG org.activiti.engine.impl.db.DbSqlSession  - now executing flush...
10:44:57,055 [main] DEBUG org.activiti.engine.impl.cfg.standalone.StandaloneMybatisTransactionContext  - firing event committing...
10:44:57,055 [main] DEBUG org.activiti.engine.impl.cfg.standalone.StandaloneMybatisTransactionContext  - committing the ibatis sql session...
10:44:57,055 [main] DEBUG org.activiti.engine.impl.cfg.standalone.StandaloneMybatisTransactionContext  - firing event committed...
10:44:57,055 [main] DEBUG org.apache.ibatis.transaction.jdbc.JdbcTransaction  - Resetting autocommit to true on JDBC Connection [conn4: url=jdbc:h2:mem:activiti user=SA]
10:44:57,055 [main] DEBUG org.apache.ibatis.transaction.jdbc.JdbcTransaction  - Closing JDBC Connection [conn4: url=jdbc:h2:mem:activiti user=SA]
10:44:57,055 [main] DEBUG org.apache.ibatis.datasource.pooled.PooledDataSource  - Returned connection 297240765 to pool.
10:44:57,055 [main] DEBUG org.activiti.engine.impl.interceptor.LogInterceptor  - ---  finished --------------------------------------------------------
10:44:57,055 [main] DEBUG org.activiti.engine.impl.interceptor.LogInterceptor  - 

</system-out>
  </testcase>
  <testcase classname="org.activiti.engine.test.api.mgmt.JobQueryTest" name="testQueryByExecutable" time="0.023">
    <error message="
### Error querying database.  Cause: org.h2.jdbc.JdbcSQLException: Syntax error in SQL statement &quot;SELECT RES.* 
     
    FROM ACT_RU_JOB RES
     
        LEFT OUTER JOIN ACT_RU_EXECUTION PI ON PI.ID_ = RES.PROCESS_INSTANCE_ID_
     
     WHERE  (RES.RETRIES_ &gt; 0)
        AND (RES.DUEDATE_ IS NULL OR RES.DUEDATE_ &lt;= ?)
        AND (
            (RES.EXECUTION_ID_ IS NULL)
            OR 
            (PI.SUSPENSION_STATE_ = 1)     
      ) 
   
     ORDER BY  ORDER[*] BY RES.ID_ ASC  
    LIMIT ? OFFSET ? &quot;; expected &quot;=, NOT, EXISTS, INTERSECTS, SELECT, FROM&quot;; SQL statement:
select RES.* 
     
    from ACT_RU_JOB RES
     
        LEFT OUTER JOIN ACT_RU_EXECUTION PI ON PI.ID_ = RES.PROCESS_INSTANCE_ID_
     
     WHERE  (RES.RETRIES_ &gt; 0)
        and (RES.DUEDATE_ is null or RES.DUEDATE_ &lt;= ?)
        and (
            (RES.EXECUTION_ID_ is null)
            or 
            (PI.SUSPENSION_STATE_ = 1)     
      ) 
   
     order by  order by RES.ID_ asc  
    LIMIT ? OFFSET ? [42001-176]
### The error may exist in org/activiti/db/mapping/entity/Job.xml
### The error may involve org.activiti.engine.impl.persistence.entity.JobEntity.selectJobByQueryCriteria
### The error occurred while executing a query
### SQL: select RES.*            from ACT_RU_JOB RES               LEFT OUTER JOIN ACT_RU_EXECUTION PI ON PI.ID_ = RES.PROCESS_INSTANCE_ID_            WHERE  (RES.RETRIES_ &gt; 0)         and (RES.DUEDATE_ is null or RES.DUEDATE_ &lt;= ?)         and (             (RES.EXECUTION_ID_ is null)             or              (PI.SUSPENSION_STATE_ = 1)            )           order by  order by RES.ID_ asc       LIMIT ? OFFSET ?
### Cause: org.h2.jdbc.JdbcSQLException: Syntax error in SQL statement &quot;SELECT RES.* 
     
    FROM ACT_RU_JOB RES
     
        LEFT OUTER JOIN ACT_RU_EXECUTION PI ON PI.ID_ = RES.PROCESS_INSTANCE_ID_
     
     WHERE  (RES.RETRIES_ &gt; 0)
        AND (RES.DUEDATE_ IS NULL OR RES.DUEDATE_ &lt;= ?)
        AND (
            (RES.EXECUTION_ID_ IS NULL)
            OR 
            (PI.SUSPENSION_STATE_ = 1)     
      ) 
   
     ORDER BY  ORDER[*] BY RES.ID_ ASC  
    LIMIT ? OFFSET ? &quot;; expected &quot;=, NOT, EXISTS, INTERSECTS, SELECT, FROM&quot;; SQL statement:
select RES.* 
     
    from ACT_RU_JOB RES
     
        LEFT OUTER JOIN ACT_RU_EXECUTION PI ON PI.ID_ = RES.PROCESS_INSTANCE_ID_
     
     WHERE  (RES.RETRIES_ &gt; 0)
        and (RES.DUEDATE_ is null or RES.DUEDATE_ &lt;= ?)
        and (
            (RES.EXECUTION_ID_ is null)
            or 
            (PI.SUSPENSION_STATE_ = 1)     
      ) 
   
     order by  order by RES.ID_ asc  
    LIMIT ? OFFSET ? [42001-176]" type="org.apache.ibatis.exceptions.PersistenceException">org.apache.ibatis.exceptions.PersistenceException: 
### Error querying database.  Cause: org.h2.jdbc.JdbcSQLException: Syntax error in SQL statement &quot;SELECT RES.* 
     
    FROM ACT_RU_JOB RES
     
        LEFT OUTER JOIN ACT_RU_EXECUTION PI ON PI.ID_ = RES.PROCESS_INSTANCE_ID_
     
     WHERE  (RES.RETRIES_ &gt; 0)
        AND (RES.DUEDATE_ IS NULL OR RES.DUEDATE_ &lt;= ?)
        AND (
            (RES.EXECUTION_ID_ IS NULL)
            OR 
            (PI.SUSPENSION_STATE_ = 1)     
      ) 
   
     ORDER BY  ORDER[*] BY RES.ID_ ASC  
    LIMIT ? OFFSET ? &quot;; expected &quot;=, NOT, EXISTS, INTERSECTS, SELECT, FROM&quot;; SQL statement:
select RES.* 
     
    from ACT_RU_JOB RES
     
        LEFT OUTER JOIN ACT_RU_EXECUTION PI ON PI.ID_ = RES.PROCESS_INSTANCE_ID_
     
     WHERE  (RES.RETRIES_ &gt; 0)
        and (RES.DUEDATE_ is null or RES.DUEDATE_ &lt;= ?)
        and (
            (RES.EXECUTION_ID_ is null)
            or 
            (PI.SUSPENSION_STATE_ = 1)     
      ) 
   
     order by  order by RES.ID_ asc  
    LIMIT ? OFFSET ? [42001-176]
### The error may exist in org/activiti/db/mapping/entity/Job.xml
### The error may involve org.activiti.engine.impl.persistence.entity.JobEntity.selectJobByQueryCriteria
### The error occurred while executing a query
### SQL: select RES.*            from ACT_RU_JOB RES               LEFT OUTER JOIN ACT_RU_EXECUTION PI ON PI.ID_ = RES.PROCESS_INSTANCE_ID_            WHERE  (RES.RETRIES_ &gt; 0)         and (RES.DUEDATE_ is null or RES.DUEDATE_ &lt;= ?)         and (             (RES.EXECUTION_ID_ is null)             or              (PI.SUSPENSION_STATE_ = 1)            )           order by  order by RES.ID_ asc       LIMIT ? OFFSET ?
### Cause: org.h2.jdbc.JdbcSQLException: Syntax error in SQL statement &quot;SELECT RES.* 
     
    FROM ACT_RU_JOB RES
     
        LEFT OUTER JOIN ACT_RU_EXECUTION PI ON PI.ID_ = RES.PROCESS_INSTANCE_ID_
     
     WHERE  (RES.RETRIES_ &gt; 0)
        AND (RES.DUEDATE_ IS NULL OR RES.DUEDATE_ &lt;= ?)
        AND (
            (RES.EXECUTION_ID_ IS NULL)
            OR 
            (PI.SUSPENSION_STATE_ = 1)     
      ) 
   
     ORDER BY  ORDER[*] BY RES.ID_ ASC  
    LIMIT ? OFFSET ? &quot;; expected &quot;=, NOT, EXISTS, INTERSECTS, SELECT, FROM&quot;; SQL statement:
select RES.* 
     
    from ACT_RU_JOB RES
     
        LEFT OUTER JOIN ACT_RU_EXECUTION PI ON PI.ID_ = RES.PROCESS_INSTANCE_ID_
     
     WHERE  (RES.RETRIES_ &gt; 0)
        and (RES.DUEDATE_ is null or RES.DUEDATE_ &lt;= ?)
        and (
            (RES.EXECUTION_ID_ is null)
            or 
            (PI.SUSPENSION_STATE_ = 1)     
      ) 
   
     order by  order by RES.ID_ asc  
    LIMIT ? OFFSET ? [42001-176]
	at org.apache.ibatis.exceptions.ExceptionFactory.wrapException(ExceptionFactory.java:30)
	at org.apache.ibatis.session.defaults.DefaultSqlSession.selectList(DefaultSqlSession.java:122)
	at org.apache.ibatis.session.defaults.DefaultSqlSession.selectList(DefaultSqlSession.java:113)
	at org.activiti.engine.impl.db.DbSqlSession.selectListWithRawParameter(DbSqlSession.java:438)
	at org.activiti.engine.impl.db.DbSqlSession.selectList(DbSqlSession.java:429)
	at org.activiti.engine.impl.db.DbSqlSession.selectList(DbSqlSession.java:419)
	at org.activiti.engine.impl.persistence.entity.JobEntityManager.findJobsByQueryCriteria(JobEntityManager.java:198)
	at org.activiti.engine.impl.JobQueryImpl.executeList(JobQueryImpl.java:243)
	at org.activiti.engine.impl.AbstractQuery.execute(AbstractQuery.java:164)
	at org.activiti.engine.impl.interceptor.CommandInvoker.execute(CommandInvoker.java:24)
	at org.activiti.engine.impl.interceptor.CommandContextInterceptor.execute(CommandContextInterceptor.java:57)
	at org.activiti.engine.impl.interceptor.LogInterceptor.execute(LogInterceptor.java:37)
	at org.activiti.engine.impl.cfg.CommandExecutorImpl.execute(CommandExecutorImpl.java:40)
	at org.activiti.engine.impl.cfg.CommandExecutorImpl.execute(CommandExecutorImpl.java:35)
	at org.activiti.engine.impl.AbstractQuery.list(AbstractQuery.java:138)
	at org.activiti.engine.test.api.mgmt.JobQueryTest.verifyQueryResults(JobQueryTest.java:400)
	at org.activiti.engine.test.api.mgmt.JobQueryTest.testQueryByExecutable(JobQueryTest.java:170)
	at sun.reflect.NativeMethodAccessorImpl.invoke0(Native Method)
	at sun.reflect.NativeMethodAccessorImpl.invoke(NativeMethodAccessorImpl.java:62)
	at sun.reflect.DelegatingMethodAccessorImpl.invoke(DelegatingMethodAccessorImpl.java:43)
	at java.lang.reflect.Method.invoke(Method.java:498)
	at junit.framework.TestCase.runTest(TestCase.java:176)
	at org.activiti.engine.impl.test.PvmTestCase.runTest(PvmTestCase.java:65)
	at junit.framework.TestCase.runBare(TestCase.java:141)
	at org.activiti.engine.impl.test.AbstractActivitiTestCase.runBare(AbstractActivitiTestCase.java:100)
	at junit.framework.TestResult$1.protect(TestResult.java:122)
	at junit.framework.TestResult.runProtected(TestResult.java:142)
	at junit.framework.TestResult.run(TestResult.java:125)
	at junit.framework.TestCase.run(TestCase.java:129)
	at junit.framework.TestSuite.runTest(TestSuite.java:255)
	at junit.framework.TestSuite.run(TestSuite.java:250)
	at org.junit.internal.runners.JUnit38ClassRunner.run(JUnit38ClassRunner.java:84)
	at org.apache.maven.surefire.junit4.JUnit4TestSet.execute(JUnit4TestSet.java:35)
	at org.apache.maven.surefire.junit4.JUnit4Provider.executeTestSet(JUnit4Provider.java:146)
	at org.apache.maven.surefire.junit4.JUnit4Provider.invoke(JUnit4Provider.java:97)
	at sun.reflect.NativeMethodAccessorImpl.invoke0(Native Method)
	at sun.reflect.NativeMethodAccessorImpl.invoke(NativeMethodAccessorImpl.java:62)
	at sun.reflect.DelegatingMethodAccessorImpl.invoke(DelegatingMethodAccessorImpl.java:43)
	at java.lang.reflect.Method.invoke(Method.java:498)
	at org.apache.maven.surefire.booter.ProviderFactory$ClassLoaderProxy.invoke(ProviderFactory.java:103)
	at com.sun.proxy.$Proxy0.invoke(Unknown Source)
	at org.apache.maven.surefire.booter.SurefireStarter.invokeProvider(SurefireStarter.java:145)
	at org.apache.maven.surefire.booter.SurefireStarter.runSuitesInProcess(SurefireStarter.java:87)
	at org.apache.maven.surefire.booter.ForkedBooter.main(ForkedBooter.java:69)
Caused by: org.h2.jdbc.JdbcSQLException: Syntax error in SQL statement &quot;SELECT RES.* 
     
    FROM ACT_RU_JOB RES
     
        LEFT OUTER JOIN ACT_RU_EXECUTION PI ON PI.ID_ = RES.PROCESS_INSTANCE_ID_
     
     WHERE  (RES.RETRIES_ &gt; 0)
        AND (RES.DUEDATE_ IS NULL OR RES.DUEDATE_ &lt;= ?)
        AND (
            (RES.EXECUTION_ID_ IS NULL)
            OR 
            (PI.SUSPENSION_STATE_ = 1)     
      ) 
   
     ORDER BY  ORDER[*] BY RES.ID_ ASC  
    LIMIT ? OFFSET ? &quot;; expected &quot;=, NOT, EXISTS, INTERSECTS, SELECT, FROM&quot;; SQL statement:
select RES.* 
     
    from ACT_RU_JOB RES
     
        LEFT OUTER JOIN ACT_RU_EXECUTION PI ON PI.ID_ = RES.PROCESS_INSTANCE_ID_
     
     WHERE  (RES.RETRIES_ &gt; 0)
        and (RES.DUEDATE_ is null or RES.DUEDATE_ &lt;= ?)
        and (
            (RES.EXECUTION_ID_ is null)
            or 
            (PI.SUSPENSION_STATE_ = 1)     
      ) 
   
     order by  order by RES.ID_ asc  
    LIMIT ? OFFSET ? [42001-176]
	at org.h2.message.DbException.getJdbcSQLException(DbException.java:344)
	at org.h2.message.DbException.getSyntaxError(DbException.java:204)
	at org.h2.command.Parser.getSyntaxError(Parser.java:524)
	at org.h2.command.Parser.readTerm(Parser.java:2688)
	at org.h2.command.Parser.readFactor(Parser.java:2244)
	at org.h2.command.Parser.readSum(Parser.java:2231)
	at org.h2.command.Parser.readConcat(Parser.java:2201)
	at org.h2.command.Parser.readCondition(Parser.java:2051)
	at org.h2.command.Parser.readAnd(Parser.java:2023)
	at org.h2.command.Parser.readExpression(Parser.java:2015)
	at org.h2.command.Parser.parseEndOfQuery(Parser.java:1726)
	at org.h2.command.Parser.parseSelectUnionExtension(Parser.java:1706)
	at org.h2.command.Parser.parseSelectUnion(Parser.java:1675)
	at org.h2.command.Parser.parseSelect(Parser.java:1662)
	at org.h2.command.Parser.parsePrepared(Parser.java:434)
	at org.h2.command.Parser.parse(Parser.java:306)
	at org.h2.command.Parser.parse(Parser.java:282)
	at org.h2.command.Parser.prepareCommand(Parser.java:243)
	at org.h2.engine.Session.prepareLocal(Session.java:442)
	at org.h2.engine.Session.prepareCommand(Session.java:384)
	at org.h2.jdbc.JdbcConnection.prepareCommand(JdbcConnection.java:1188)
	at org.h2.jdbc.JdbcPreparedStatement.&lt;init&gt;(JdbcPreparedStatement.java:73)
	at org.h2.jdbc.JdbcConnection.prepareStatement(JdbcConnection.java:276)
	at sun.reflect.GeneratedMethodAccessor6.invoke(Unknown Source)
	at sun.reflect.DelegatingMethodAccessorImpl.invoke(DelegatingMethodAccessorImpl.java:43)
	at java.lang.reflect.Method.invoke(Method.java:498)
	at org.apache.ibatis.datasource.pooled.PooledConnection.invoke(PooledConnection.java:245)
	at com.sun.proxy.$Proxy12.prepareStatement(Unknown Source)
	at sun.reflect.GeneratedMethodAccessor6.invoke(Unknown Source)
	at sun.reflect.DelegatingMethodAccessorImpl.invoke(DelegatingMethodAccessorImpl.java:43)
	at java.lang.reflect.Method.invoke(Method.java:498)
	at org.apache.ibatis.logging.jdbc.ConnectionLogger.invoke(ConnectionLogger.java:55)
	at com.sun.proxy.$Proxy12.prepareStatement(Unknown Source)
	at org.apache.ibatis.executor.statement.PreparedStatementHandler.instantiateStatement(PreparedStatementHandler.java:79)
	at org.apache.ibatis.executor.statement.BaseStatementHandler.prepare(BaseStatementHandler.java:88)
	at org.apache.ibatis.executor.statement.RoutingStatementHandler.prepare(RoutingStatementHandler.java:58)
	at org.apache.ibatis.executor.SimpleExecutor.prepareStatement(SimpleExecutor.java:76)
	at org.apache.ibatis.executor.SimpleExecutor.doQuery(SimpleExecutor.java:61)
	at org.apache.ibatis.executor.BaseExecutor.queryFromDatabase(BaseExecutor.java:303)
	at org.apache.ibatis.executor.BaseExecutor.query(BaseExecutor.java:154)
	at org.apache.ibatis.executor.CachingExecutor.query(CachingExecutor.java:102)
	at org.apache.ibatis.executor.CachingExecutor.query(CachingExecutor.java:82)
	at org.apache.ibatis.session.defaults.DefaultSqlSession.selectList(DefaultSqlSession.java:120)
	... 42 more
</error>
    <system-out>10:44:57,056 [main] DEBUG org.activiti.engine.impl.interceptor.LogInterceptor  - 

10:44:57,056 [main] DEBUG org.activiti.engine.impl.interceptor.LogInterceptor  - --- starting DeployCmd --------------------------------------------------------
10:44:57,056 [main] DEBUG org.activiti.engine.impl.bpmn.deployer.BpmnDeployer  - Processing deployment null
10:44:57,056 [main] INFO  org.activiti.engine.impl.bpmn.deployer.BpmnDeployer  - Processing resource org/activiti/engine/test/api/mgmt/timerOnTask.bpmn20.xml
10:44:57,061 [main] DEBUG org.activiti.engine.impl.bpmn.parser.handler.ProcessParseHandler  - Parsing process timerOnTask
10:44:57,061 [main] DEBUG org.activiti.engine.impl.bpmn.parser.handler.AbstractBpmnParseHandler  - Parsing activity firstLineSupport
10:44:57,061 [main] DEBUG org.activiti.engine.impl.bpmn.parser.handler.AbstractBpmnParseHandler  - Parsing activity secondLineSupport
10:44:57,061 [main] DEBUG org.activiti.engine.impl.bpmn.parser.handler.AbstractBpmnParseHandler  - Parsing activity theStart
10:44:57,061 [main] DEBUG org.activiti.engine.impl.bpmn.parser.handler.AbstractBpmnParseHandler  - Parsing activity normalEnd
10:44:57,061 [main] DEBUG org.activiti.engine.impl.bpmn.parser.handler.AbstractBpmnParseHandler  - Parsing activity escalatedEnd
10:44:57,061 [main] DEBUG org.activiti.engine.impl.bpmn.parser.handler.AbstractBpmnParseHandler  - Parsing activity escalationTimer
10:44:57,061 [main] DEBUG org.apache.ibatis.transaction.jdbc.JdbcTransaction  - Opening JDBC Connection
10:44:57,061 [main] DEBUG org.apache.ibatis.datasource.pooled.PooledDataSource  - Checked out connection 363509958 from pool.
10:44:57,061 [main] DEBUG org.apache.ibatis.transaction.jdbc.JdbcTransaction  - Setting autocommit to false on JDBC Connection [conn2: url=jdbc:h2:mem:activiti user=SA]
10:44:57,061 [main] DEBUG org.activiti.engine.impl.persistence.entity.ProcessDefinitionEntity.selectLatestProcessDefinitionByKey  - ==&gt;  Preparing: select * from ACT_RE_PROCDEF where KEY_ = ? and (TENANT_ID_ = &apos;&apos; or TENANT_ID_ is null) and VERSION_ = (select max(VERSION_) from ACT_RE_PROCDEF where KEY_ = ? and (TENANT_ID_ = &apos;&apos; or TENANT_ID_ is null)) 
10:44:57,061 [main] DEBUG org.activiti.engine.impl.persistence.entity.ProcessDefinitionEntity.selectLatestProcessDefinitionByKey  - ==&gt; Parameters: timerOnTask(String), timerOnTask(String)
10:44:57,061 [main] DEBUG org.activiti.engine.impl.persistence.entity.ProcessDefinitionEntity.selectLatestProcessDefinitionByKey  - &lt;==      Total: 0
10:44:57,061 [main] DEBUG org.activiti.engine.impl.persistence.entity.JobEntity.selectJobByTypeAndProcessDefinitionKeyNoTenantId  - ==&gt;  Preparing: select J.* from ACT_RU_JOB J inner join ACT_RE_PROCDEF P on J.PROC_DEF_ID_ = P.ID_ where J.HANDLER_TYPE_ = ? and P.KEY_ = ? and (P.TENANT_ID_ = &apos;&apos; or P.TENANT_ID_ is null) 
10:44:57,061 [main] DEBUG org.activiti.engine.impl.persistence.entity.JobEntity.selectJobByTypeAndProcessDefinitionKeyNoTenantId  - ==&gt; Parameters: timer-start-event(String), timerOnTask(String)
10:44:57,061 [main] DEBUG org.activiti.engine.impl.persistence.entity.JobEntity.selectJobByTypeAndProcessDefinitionKeyNoTenantId  - &lt;==      Total: 0
10:44:57,061 [main] DEBUG org.activiti.engine.impl.persistence.entity.ProcessDefinitionInfoEntity.selectProcessDefinitionInfoByProcessDefinitionId  - ==&gt;  Preparing: select * from ACT_PROCDEF_INFO where PROC_DEF_ID_ = ? 
10:44:57,061 [main] DEBUG org.activiti.engine.impl.persistence.entity.ProcessDefinitionInfoEntity.selectProcessDefinitionInfoByProcessDefinitionId  - ==&gt; Parameters: timerOnTask:1:1525(String)
10:44:57,061 [main] DEBUG org.activiti.engine.impl.persistence.entity.ProcessDefinitionInfoEntity.selectProcessDefinitionInfoByProcessDefinitionId  - &lt;==      Total: 0
10:44:57,061 [main] DEBUG org.activiti.engine.impl.interceptor.LogInterceptor  - 

10:44:57,061 [main] DEBUG org.activiti.engine.impl.interceptor.LogInterceptor  - --- starting GetProcessDefinitionInfoCmd --------------------------------------------------------
10:44:57,061 [main] DEBUG org.activiti.engine.impl.interceptor.CommandContextInterceptor  - Valid context found. Reusing it for the current command &apos;org.activiti.engine.impl.cmd.GetProcessDefinitionInfoCmd&apos;
10:44:57,062 [main] DEBUG org.activiti.engine.impl.interceptor.LogInterceptor  - 

10:44:57,062 [main] DEBUG org.activiti.engine.impl.interceptor.LogInterceptor  - --- starting  --------------------------------------------------------
10:44:57,062 [main] DEBUG org.activiti.engine.impl.interceptor.CommandContextInterceptor  - Valid context found. Reusing it for the current command &apos;null&apos;
10:44:57,062 [main] DEBUG org.activiti.engine.impl.interceptor.LogInterceptor  - ---  finished --------------------------------------------------------
10:44:57,062 [main] DEBUG org.activiti.engine.impl.interceptor.LogInterceptor  - 

10:44:57,062 [main] DEBUG org.activiti.engine.impl.interceptor.LogInterceptor  - --- GetProcessDefinitionInfoCmd finished --------------------------------------------------------
10:44:57,062 [main] DEBUG org.activiti.engine.impl.interceptor.LogInterceptor  - 

10:44:57,062 [main] DEBUG org.activiti.engine.impl.db.DbSqlSession  -   insert ResourceEntity[id=1524, name=org/activiti/engine/test/api/mgmt/timerOnTask.bpmn20.xml]
10:44:57,062 [main] DEBUG org.activiti.engine.impl.db.DbSqlSession  -   insert DeploymentEntity[id=1523, name=null]
10:44:57,062 [main] DEBUG org.activiti.engine.impl.db.DbSqlSession  -   insert ProcessDefinitionEntity[timerOnTask:1:1525]
10:44:57,062 [main] DEBUG org.activiti.engine.impl.db.DbSqlSession  - flush summary: 3 insert, 0 update, 0 delete.
10:44:57,062 [main] DEBUG org.activiti.engine.impl.db.DbSqlSession  - now executing flush...
10:44:57,062 [main] DEBUG org.activiti.engine.impl.db.DbSqlSession  - inserting: ProcessDefinitionEntity[timerOnTask:1:1525]
10:44:57,062 [main] DEBUG org.activiti.engine.impl.persistence.entity.ProcessDefinitionEntity.insertProcessDefinition  - ==&gt;  Preparing: insert into ACT_RE_PROCDEF(ID_, REV_, CATEGORY_, NAME_, KEY_, VERSION_, DEPLOYMENT_ID_, RESOURCE_NAME_, DGRM_RESOURCE_NAME_, DESCRIPTION_, HAS_START_FORM_KEY_, HAS_GRAPHICAL_NOTATION_ , SUSPENSION_STATE_, TENANT_ID_) values (?, 1, ?, ?, ?, ?, ?, ?, ?, ?, ?, ?, ?, ?) 
10:44:57,062 [main] DEBUG org.activiti.engine.impl.persistence.entity.ProcessDefinitionEntity.insertProcessDefinition  - ==&gt; Parameters: timerOnTask:1:1525(String), org.activiti.enginge.test.api.mgmt(String), null, timerOnTask(String), 1(Integer), 1523(String), org/activiti/engine/test/api/mgmt/timerOnTask.bpmn20.xml(String), null, null, false(Boolean), false(Boolean), 1(Integer), (String)
10:44:57,062 [main] DEBUG org.activiti.engine.impl.persistence.entity.ProcessDefinitionEntity.insertProcessDefinition  - &lt;==    Updates: 1
10:44:57,062 [main] DEBUG org.activiti.engine.impl.db.DbSqlSession  - inserting: DeploymentEntity[id=1523, name=null]
10:44:57,062 [main] DEBUG org.activiti.engine.impl.persistence.entity.DeploymentEntity.insertDeployment  - ==&gt;  Preparing: insert into ACT_RE_DEPLOYMENT(ID_, NAME_, CATEGORY_, TENANT_ID_, DEPLOY_TIME_) values(?, ?, ?, ?, ?) 
10:44:57,062 [main] DEBUG org.activiti.engine.impl.persistence.entity.DeploymentEntity.insertDeployment  - ==&gt; Parameters: 1523(String), null, null, (String), 2023-03-20 12:44:57.0(Timestamp)
10:44:57,062 [main] DEBUG org.activiti.engine.impl.persistence.entity.DeploymentEntity.insertDeployment  - &lt;==    Updates: 1
10:44:57,062 [main] DEBUG org.activiti.engine.impl.db.DbSqlSession  - inserting: ResourceEntity[id=1524, name=org/activiti/engine/test/api/mgmt/timerOnTask.bpmn20.xml]
10:44:57,062 [main] DEBUG org.activiti.engine.impl.persistence.entity.ResourceEntity.insertResource  - ==&gt;  Preparing: insert into ACT_GE_BYTEARRAY(ID_, REV_, NAME_, BYTES_, DEPLOYMENT_ID_, GENERATED_) values (?, 1, ?, ?, ?, ?) 
10:44:57,062 [main] DEBUG org.activiti.engine.impl.persistence.entity.ResourceEntity.insertResource  - ==&gt; Parameters: 1524(String), org/activiti/engine/test/api/mgmt/timerOnTask.bpmn20.xml(String), java.io.ByteArrayInputStream@5995851e(ByteArrayInputStream), 1523(String), false(Boolean)
10:44:57,062 [main] DEBUG org.activiti.engine.impl.persistence.entity.ResourceEntity.insertResource  - &lt;==    Updates: 1
10:44:57,062 [main] DEBUG org.activiti.engine.impl.cfg.standalone.StandaloneMybatisTransactionContext  - firing event committing...
10:44:57,062 [main] DEBUG org.activiti.engine.impl.cfg.standalone.StandaloneMybatisTransactionContext  - committing the ibatis sql session...
10:44:57,062 [main] DEBUG org.apache.ibatis.transaction.jdbc.JdbcTransaction  - Committing JDBC Connection [conn2: url=jdbc:h2:mem:activiti user=SA]
10:44:57,062 [main] DEBUG org.activiti.engine.impl.cfg.standalone.StandaloneMybatisTransactionContext  - firing event committed...
10:44:57,062 [main] DEBUG org.apache.ibatis.transaction.jdbc.JdbcTransaction  - Resetting autocommit to true on JDBC Connection [conn2: url=jdbc:h2:mem:activiti user=SA]
10:44:57,062 [main] DEBUG org.apache.ibatis.transaction.jdbc.JdbcTransaction  - Closing JDBC Connection [conn2: url=jdbc:h2:mem:activiti user=SA]
10:44:57,062 [main] DEBUG org.apache.ibatis.datasource.pooled.PooledDataSource  - Returned connection 363509958 to pool.
10:44:57,062 [main] DEBUG org.activiti.engine.impl.interceptor.LogInterceptor  - --- DeployCmd finished --------------------------------------------------------
10:44:57,062 [main] DEBUG org.activiti.engine.impl.interceptor.LogInterceptor  - 

10:44:57,062 [main] DEBUG org.activiti.engine.impl.interceptor.LogInterceptor  - 

10:44:57,062 [main] DEBUG org.activiti.engine.impl.interceptor.LogInterceptor  - --- starting StartProcessInstanceCmd --------------------------------------------------------
10:44:57,062 [main] DEBUG org.apache.ibatis.transaction.jdbc.JdbcTransaction  - Opening JDBC Connection
10:44:57,062 [main] DEBUG org.apache.ibatis.datasource.pooled.PooledDataSource  - Checked out connection 180014677 from pool.
10:44:57,062 [main] DEBUG org.apache.ibatis.transaction.jdbc.JdbcTransaction  - Setting autocommit to false on JDBC Connection [conn3: url=jdbc:h2:mem:activiti user=SA]
10:44:57,062 [main] DEBUG org.activiti.engine.impl.persistence.entity.ProcessDefinitionEntity.selectLatestProcessDefinitionByKey  - ==&gt;  Preparing: select * from ACT_RE_PROCDEF where KEY_ = ? and (TENANT_ID_ = &apos;&apos; or TENANT_ID_ is null) and VERSION_ = (select max(VERSION_) from ACT_RE_PROCDEF where KEY_ = ? and (TENANT_ID_ = &apos;&apos; or TENANT_ID_ is null)) 
10:44:57,062 [main] DEBUG org.activiti.engine.impl.persistence.entity.ProcessDefinitionEntity.selectLatestProcessDefinitionByKey  - ==&gt; Parameters: timerOnTask(String), timerOnTask(String)
10:44:57,062 [main] DEBUG org.activiti.engine.impl.persistence.entity.ProcessDefinitionEntity.selectLatestProcessDefinitionByKey  - &lt;==      Total: 1
10:44:57,062 [main] DEBUG org.activiti.engine.impl.persistence.entity.ExecutionEntity  - initializing ProcessInstance[1526]
10:44:57,062 [main] DEBUG org.activiti.engine.impl.history.DefaultHistoryManager  - Current history level: FULL, level required: ACTIVITY
10:44:57,062 [main] DEBUG org.activiti.engine.impl.pvm.runtime.AtomicOperationActivityExecute  - ProcessInstance[1526] executes Activity(theStart): org.activiti.engine.impl.bpmn.behavior.NoneStartEventActivityBehavior
10:44:57,062 [main] DEBUG org.activiti.engine.impl.persistence.entity.JobEntity.selectJobsByExecutionId  - ==&gt;  Preparing: select * from ACT_RU_JOB J where J.EXECUTION_ID_ = ? 
10:44:57,062 [main] DEBUG org.activiti.engine.impl.persistence.entity.JobEntity.selectJobsByExecutionId  - ==&gt; Parameters: 1526(String)
10:44:57,062 [main] DEBUG org.activiti.engine.impl.persistence.entity.JobEntity.selectJobsByExecutionId  - &lt;==      Total: 0
10:44:57,062 [main] DEBUG org.activiti.engine.impl.bpmn.behavior.BpmnActivityBehavior  - Leaving activity &apos;theStart&apos;
10:44:57,062 [main] DEBUG org.activiti.engine.impl.history.DefaultHistoryManager  - Current history level: FULL, level required: ACTIVITY
10:44:57,062 [main] DEBUG org.activiti.engine.impl.pvm.runtime.AtomicOperationTransitionNotifyListenerTake  - ProcessInstance[1526] takes transition (theStart)--flow1--&gt;(firstLineSupport)
10:44:57,062 [main] DEBUG org.activiti.engine.impl.persistence.entity.ExecutionEntity  - Child execution ScopeExecution[1528] created with parent 
10:44:57,062 [main] DEBUG org.activiti.engine.impl.pvm.runtime.AtomicOperationTransitionCreateScope  - create scope: parent ProcessInstance[1526] continues as execution ScopeExecution[1528]
10:44:57,062 [main] DEBUG org.activiti.engine.impl.persistence.entity.ExecutionEntity  - initializing ScopeExecution[1528]
10:44:57,063 [main] DEBUG org.activiti.engine.impl.persistence.entity.JobEntity.selectJobsByExecutionId  - ==&gt;  Preparing: select * from ACT_RU_JOB J where J.EXECUTION_ID_ = ? 
10:44:57,063 [main] DEBUG org.activiti.engine.impl.persistence.entity.JobEntity.selectJobsByExecutionId  - ==&gt; Parameters: 1528(String)
10:44:57,063 [main] DEBUG org.activiti.engine.impl.persistence.entity.JobEntity.selectJobsByExecutionId  - &lt;==      Total: 0
10:44:57,063 [main] DEBUG org.activiti.engine.impl.history.DefaultHistoryManager  - Current history level: FULL, level required: ACTIVITY
10:44:57,063 [main] DEBUG org.activiti.engine.impl.pvm.runtime.AtomicOperationActivityExecute  - ScopeExecution[1528] executes Activity(firstLineSupport): org.activiti.engine.impl.bpmn.behavior.UserTaskActivityBehavior
10:44:57,063 [main] DEBUG org.activiti.engine.impl.persistence.entity.TaskEntity.selectTasksByExecutionId  - ==&gt;  Preparing: select distinct T.* from ACT_RU_TASK T where T.EXECUTION_ID_ = ? 
10:44:57,063 [main] DEBUG org.activiti.engine.impl.persistence.entity.TaskEntity.selectTasksByExecutionId  - ==&gt; Parameters: 1528(String)
10:44:57,063 [main] DEBUG org.activiti.engine.impl.persistence.entity.TaskEntity.selectTasksByExecutionId  - &lt;==      Total: 0
10:44:57,063 [main] DEBUG org.activiti.engine.impl.history.DefaultHistoryManager  - Current history level: FULL, level required: AUDIT
10:44:57,063 [main] DEBUG org.activiti.engine.impl.history.DefaultHistoryManager  - Current history level: FULL, level required: AUDIT
10:44:57,063 [main] DEBUG org.activiti.engine.impl.interceptor.LogInterceptor  - 

10:44:57,063 [main] DEBUG org.activiti.engine.impl.interceptor.LogInterceptor  - --- starting  --------------------------------------------------------
10:44:57,063 [main] DEBUG org.activiti.engine.impl.interceptor.CommandContextInterceptor  - Valid context found. Reusing it for the current command &apos;null&apos;
10:44:57,063 [main] DEBUG org.activiti.engine.impl.persistence.entity.ProcessDefinitionInfoEntity.selectProcessDefinitionInfoByProcessDefinitionId  - ==&gt;  Preparing: select * from ACT_PROCDEF_INFO where PROC_DEF_ID_ = ? 
10:44:57,063 [main] DEBUG org.activiti.engine.impl.persistence.entity.ProcessDefinitionInfoEntity.selectProcessDefinitionInfoByProcessDefinitionId  - ==&gt; Parameters: timerOnTask:1:1525(String)
10:44:57,063 [main] DEBUG org.activiti.engine.impl.persistence.entity.ProcessDefinitionInfoEntity.selectProcessDefinitionInfoByProcessDefinitionId  - &lt;==      Total: 0
10:44:57,063 [main] DEBUG org.activiti.engine.impl.interceptor.LogInterceptor  - ---  finished --------------------------------------------------------
10:44:57,063 [main] DEBUG org.activiti.engine.impl.interceptor.LogInterceptor  - 

10:44:57,063 [main] DEBUG org.activiti.engine.impl.history.DefaultHistoryManager  - Current history level: FULL, level required: AUDIT
10:44:57,063 [main] DEBUG org.activiti.engine.impl.history.DefaultHistoryManager  - Current history level: FULL, level required: AUDIT
10:44:57,063 [main] DEBUG org.activiti.engine.impl.history.DefaultHistoryManager  - Current history level: FULL, level required: ACTIVITY
10:44:57,063 [main] DEBUG org.activiti.engine.impl.db.DbSqlSession  -   insert ProcessInstance[1526]
10:44:57,063 [main] DEBUG org.activiti.engine.impl.db.DbSqlSession  -   insert ScopeExecution[1528]
10:44:57,063 [main] DEBUG org.activiti.engine.impl.db.DbSqlSession  -   insert HistoricProcessInstanceEntity[superProcessInstanceId=null]
10:44:57,063 [main] DEBUG org.activiti.engine.impl.db.DbSqlSession  -   insert Task[id=1531, name=First line support]
10:44:57,063 [main] DEBUG org.activiti.engine.impl.db.DbSqlSession  -   insert HistoricTaskInstanceEntity[id=1531, name=First line support]
10:44:57,063 [main] DEBUG org.activiti.engine.impl.db.DbSqlSession  -   insert HistoricActivityInstanceEntity[activityId=theStart, activityName=null]
10:44:57,063 [main] DEBUG org.activiti.engine.impl.db.DbSqlSession  -   insert HistoricActivityInstanceEntity[activityId=firstLineSupport, activityName=First line support]
10:44:57,063 [main] DEBUG org.activiti.engine.impl.db.DbSqlSession  -   insert JobEntity [id=1529]
10:44:57,063 [main] DEBUG org.activiti.engine.impl.db.DbSqlSession  - flush summary: 8 insert, 0 update, 0 delete.
10:44:57,063 [main] DEBUG org.activiti.engine.impl.db.DbSqlSession  - now executing flush...
10:44:57,063 [main] DEBUG org.activiti.engine.impl.db.DbSqlSession  - inserting: HistoricTaskInstanceEntity[id=1531, name=First line support]
10:44:57,063 [main] DEBUG org.activiti.engine.impl.persistence.entity.HistoricTaskInstanceEntity.insertHistoricTaskInstance  - ==&gt;  Preparing: insert into ACT_HI_TASKINST ( ID_, PROC_DEF_ID_, PROC_INST_ID_, EXECUTION_ID_, NAME_, PARENT_TASK_ID_, DESCRIPTION_, OWNER_, ASSIGNEE_, START_TIME_, CLAIM_TIME_, END_TIME_, DURATION_, DELETE_REASON_, TASK_DEF_KEY_, FORM_KEY_, PRIORITY_, DUE_DATE_, CATEGORY_, TENANT_ID_ ) values ( ?, ?, ?, ?, ?, ?, ?, ?, ?, ?, ?, ?, ?, ?, ?, ?, ?, ?, ?, ? ) 
10:44:57,063 [main] DEBUG org.activiti.engine.impl.persistence.entity.HistoricTaskInstanceEntity.insertHistoricTaskInstance  - ==&gt; Parameters: 1531(String), timerOnTask:1:1525(String), 1526(String), 1528(String), First line support(String), null, null, null, null, 2023-03-20 10:44:57.0(Timestamp), null, null, null, null, firstLineSupport(String), null, 50(Integer), null, null, (String)
10:44:57,063 [main] DEBUG org.activiti.engine.impl.persistence.entity.HistoricTaskInstanceEntity.insertHistoricTaskInstance  - &lt;==    Updates: 1
10:44:57,063 [main] DEBUG org.activiti.engine.impl.db.DbSqlSession  - inserting: HistoricProcessInstanceEntity[superProcessInstanceId=null]
10:44:57,063 [main] DEBUG org.activiti.engine.impl.persistence.entity.HistoricProcessInstanceEntity.insertHistoricProcessInstance  - ==&gt;  Preparing: insert into ACT_HI_PROCINST ( ID_, PROC_INST_ID_, BUSINESS_KEY_, PROC_DEF_ID_, START_TIME_, END_TIME_, DURATION_, START_USER_ID_, START_ACT_ID_, END_ACT_ID_, SUPER_PROCESS_INSTANCE_ID_, DELETE_REASON_, TENANT_ID_, NAME_ ) values ( ?, ?, ?, ?, ?, ?, ?, ?, ?, ?, ?, ?, ?, ? ) 
10:44:57,063 [main] DEBUG org.activiti.engine.impl.persistence.entity.HistoricProcessInstanceEntity.insertHistoricProcessInstance  - ==&gt; Parameters: 1526(String), 1526(String), null, timerOnTask:1:1525(String), 2023-03-20 10:44:57.0(Timestamp), null, null, null, theStart(String), null, null, null, (String), null
10:44:57,063 [main] DEBUG org.activiti.engine.impl.persistence.entity.HistoricProcessInstanceEntity.insertHistoricProcessInstance  - &lt;==    Updates: 1
10:44:57,064 [main] DEBUG org.activiti.engine.impl.persistence.entity.HistoricActivityInstanceEntity.bulkInsertHistoricActivityInstance  - ==&gt;  Preparing: insert into ACT_HI_ACTINST ( ID_, PROC_DEF_ID_, PROC_INST_ID_, EXECUTION_ID_, ACT_ID_, TASK_ID_, CALL_PROC_INST_ID_, ACT_NAME_, ACT_TYPE_, ASSIGNEE_, START_TIME_, END_TIME_, DURATION_, TENANT_ID_ ) values (?, ?, ?, ?, ?, ?, ?, ?, ?, ?, ?, ?, ?, ?) , (?, ?, ?, ?, ?, ?, ?, ?, ?, ?, ?, ?, ?, ?) 
10:44:57,064 [main] DEBUG org.activiti.engine.impl.persistence.entity.HistoricActivityInstanceEntity.bulkInsertHistoricActivityInstance  - ==&gt; Parameters: 1527(String), timerOnTask:1:1525(String), 1526(String), 1526(String), theStart(String), null, null, null, startEvent(String), null, 2023-03-20 10:44:57.0(Timestamp), 2023-03-20 10:44:57.0(Timestamp), 0(Long), (String), 1530(String), timerOnTask:1:1525(String), 1526(String), 1528(String), firstLineSupport(String), 1531(String), null, First line support(String), userTask(String), null, 2023-03-20 10:44:57.0(Timestamp), null, null, (String)
10:44:57,064 [main] DEBUG org.activiti.engine.impl.persistence.entity.HistoricActivityInstanceEntity.bulkInsertHistoricActivityInstance  - &lt;==    Updates: 2
10:44:57,064 [main] DEBUG org.activiti.engine.impl.persistence.entity.ExecutionEntity.bulkInsertExecution  - ==&gt;  Preparing: insert into ACT_RU_EXECUTION (ID_, REV_, PROC_INST_ID_, BUSINESS_KEY_, PROC_DEF_ID_, ACT_ID_, IS_ACTIVE_, IS_CONCURRENT_, IS_SCOPE_,IS_EVENT_SCOPE_, PARENT_ID_, SUPER_EXEC_, SUSPENSION_STATE_, CACHED_ENT_STATE_, TENANT_ID_, NAME_) values (?, 1, ?, ?, ?, ?, ?, ?, ?, ?, ?, ?, ?, ?, ?, ?) , (?, 1, ?, ?, ?, ?, ?, ?, ?, ?, ?, ?, ?, ?, ?, ?) 
10:44:57,064 [main] DEBUG org.activiti.engine.impl.persistence.entity.ExecutionEntity.bulkInsertExecution  - ==&gt; Parameters: 1526(String), 1526(String), null, timerOnTask:1:1525(String), null, false(Boolean), false(Boolean), true(Boolean), false(Boolean), null, null, 1(Integer), 2(Integer), (String), null, 1528(String), 1526(String), null, timerOnTask:1:1525(String), firstLineSupport(String), true(Boolean), false(Boolean), true(Boolean), false(Boolean), 1526(String), null, 1(Integer), 6(Integer), (String), null
10:44:57,064 [main] DEBUG org.activiti.engine.impl.persistence.entity.ExecutionEntity.bulkInsertExecution  - &lt;==    Updates: 2
10:44:57,064 [main] DEBUG org.activiti.engine.impl.db.DbSqlSession  - inserting: Task[id=1531, name=First line support]
10:44:57,064 [main] DEBUG org.activiti.engine.impl.persistence.entity.TaskEntity.insertTask  - ==&gt;  Preparing: insert into ACT_RU_TASK (ID_, REV_, NAME_, PARENT_TASK_ID_, DESCRIPTION_, PRIORITY_, CREATE_TIME_, OWNER_, ASSIGNEE_, DELEGATION_, EXECUTION_ID_, PROC_INST_ID_, PROC_DEF_ID_, TASK_DEF_KEY_, DUE_DATE_, CATEGORY_, SUSPENSION_STATE_, TENANT_ID_, FORM_KEY_) values (?, 1, ?, ?, ?, ?, ?, ?, ?, ?, ?, ?, ?, ?, ?, ?, ?, ?, ? ) 
10:44:57,064 [main] DEBUG org.activiti.engine.impl.persistence.entity.TaskEntity.insertTask  - ==&gt; Parameters: 1531(String), First line support(String), null, null, 50(Integer), 2023-03-20 10:44:57.0(Timestamp), null, null, null, 1528(String), 1526(String), timerOnTask:1:1525(String), firstLineSupport(String), null, null, 1(Integer), (String), null
10:44:57,064 [main] DEBUG org.activiti.engine.impl.persistence.entity.TaskEntity.insertTask  - &lt;==    Updates: 1
10:44:57,064 [main] DEBUG org.activiti.engine.impl.db.DbSqlSession  - inserting: JobEntity [id=1529]
10:44:57,064 [main] DEBUG org.activiti.engine.impl.persistence.entity.JobEntity.insertTimer  - ==&gt;  Preparing: insert into ACT_RU_JOB ( ID_, REV_, TYPE_, LOCK_OWNER_, LOCK_EXP_TIME_, EXCLUSIVE_, EXECUTION_ID_, PROCESS_INSTANCE_ID_, PROC_DEF_ID_, RETRIES_, EXCEPTION_STACK_ID_, EXCEPTION_MSG_, DUEDATE_, REPEAT_, HANDLER_TYPE_, HANDLER_CFG_, TENANT_ID_) values (?, 1, &apos;timer&apos;, ?, ?, ?, ?, ?, ?, ?, ?, ?, ?, ?, ?, ?, ? ) 
10:44:57,064 [main] DEBUG org.activiti.engine.impl.persistence.entity.JobEntity.insertTimer  - ==&gt; Parameters: 1529(String), null, null, true(Boolean), 1528(String), 1526(String), timerOnTask:1:1525(String), 3(Integer), null, null, 2023-03-20 11:44:57.0(Timestamp), null, timer-transition(String), {&quot;activityId&quot;:&quot;escalationTimer&quot;}(String), (String)
10:44:57,064 [main] DEBUG org.activiti.engine.impl.persistence.entity.JobEntity.insertTimer  - &lt;==    Updates: 1
10:44:57,064 [main] DEBUG org.activiti.engine.impl.cfg.standalone.StandaloneMybatisTransactionContext  - firing event committing...
10:44:57,064 [main] DEBUG org.activiti.engine.impl.cfg.standalone.StandaloneMybatisTransactionContext  - committing the ibatis sql session...
10:44:57,064 [main] DEBUG org.apache.ibatis.transaction.jdbc.JdbcTransaction  - Committing JDBC Connection [conn3: url=jdbc:h2:mem:activiti user=SA]
10:44:57,064 [main] DEBUG org.activiti.engine.impl.cfg.standalone.StandaloneMybatisTransactionContext  - firing event committed...
10:44:57,064 [main] DEBUG org.apache.ibatis.transaction.jdbc.JdbcTransaction  - Resetting autocommit to true on JDBC Connection [conn3: url=jdbc:h2:mem:activiti user=SA]
10:44:57,064 [main] DEBUG org.apache.ibatis.transaction.jdbc.JdbcTransaction  - Closing JDBC Connection [conn3: url=jdbc:h2:mem:activiti user=SA]
10:44:57,064 [main] DEBUG org.apache.ibatis.datasource.pooled.PooledDataSource  - Returned connection 180014677 to pool.
10:44:57,064 [main] DEBUG org.activiti.engine.impl.interceptor.LogInterceptor  - --- StartProcessInstanceCmd finished --------------------------------------------------------
10:44:57,064 [main] DEBUG org.activiti.engine.impl.interceptor.LogInterceptor  - 

10:44:57,064 [main] DEBUG org.activiti.engine.impl.interceptor.LogInterceptor  - 

10:44:57,064 [main] DEBUG org.activiti.engine.impl.interceptor.LogInterceptor  - --- starting StartProcessInstanceCmd --------------------------------------------------------
10:44:57,064 [main] DEBUG org.apache.ibatis.transaction.jdbc.JdbcTransaction  - Opening JDBC Connection
10:44:57,064 [main] DEBUG org.apache.ibatis.datasource.pooled.PooledDataSource  - Checked out connection 297240765 from pool.
10:44:57,064 [main] DEBUG org.apache.ibatis.transaction.jdbc.JdbcTransaction  - Setting autocommit to false on JDBC Connection [conn4: url=jdbc:h2:mem:activiti user=SA]
10:44:57,064 [main] DEBUG org.activiti.engine.impl.persistence.entity.ProcessDefinitionEntity.selectLatestProcessDefinitionByKey  - ==&gt;  Preparing: select * from ACT_RE_PROCDEF where KEY_ = ? and (TENANT_ID_ = &apos;&apos; or TENANT_ID_ is null) and VERSION_ = (select max(VERSION_) from ACT_RE_PROCDEF where KEY_ = ? and (TENANT_ID_ = &apos;&apos; or TENANT_ID_ is null)) 
10:44:57,064 [main] DEBUG org.activiti.engine.impl.persistence.entity.ProcessDefinitionEntity.selectLatestProcessDefinitionByKey  - ==&gt; Parameters: timerOnTask(String), timerOnTask(String)
10:44:57,064 [main] DEBUG org.activiti.engine.impl.persistence.entity.ProcessDefinitionEntity.selectLatestProcessDefinitionByKey  - &lt;==      Total: 1
10:44:57,064 [main] DEBUG org.activiti.engine.impl.persistence.entity.ExecutionEntity  - initializing ProcessInstance[1532]
10:44:57,064 [main] DEBUG org.activiti.engine.impl.history.DefaultHistoryManager  - Current history level: FULL, level required: ACTIVITY
10:44:57,065 [main] DEBUG org.activiti.engine.impl.pvm.runtime.AtomicOperationActivityExecute  - ProcessInstance[1532] executes Activity(theStart): org.activiti.engine.impl.bpmn.behavior.NoneStartEventActivityBehavior
10:44:57,065 [main] DEBUG org.activiti.engine.impl.persistence.entity.JobEntity.selectJobsByExecutionId  - ==&gt;  Preparing: select * from ACT_RU_JOB J where J.EXECUTION_ID_ = ? 
10:44:57,065 [main] DEBUG org.activiti.engine.impl.persistence.entity.JobEntity.selectJobsByExecutionId  - ==&gt; Parameters: 1532(String)
10:44:57,065 [main] DEBUG org.activiti.engine.impl.persistence.entity.JobEntity.selectJobsByExecutionId  - &lt;==      Total: 0
10:44:57,065 [main] DEBUG org.activiti.engine.impl.bpmn.behavior.BpmnActivityBehavior  - Leaving activity &apos;theStart&apos;
10:44:57,065 [main] DEBUG org.activiti.engine.impl.history.DefaultHistoryManager  - Current history level: FULL, level required: ACTIVITY
10:44:57,065 [main] DEBUG org.activiti.engine.impl.pvm.runtime.AtomicOperationTransitionNotifyListenerTake  - ProcessInstance[1532] takes transition (theStart)--flow1--&gt;(firstLineSupport)
10:44:57,065 [main] DEBUG org.activiti.engine.impl.persistence.entity.ExecutionEntity  - Child execution ScopeExecution[1534] created with parent 
10:44:57,065 [main] DEBUG org.activiti.engine.impl.pvm.runtime.AtomicOperationTransitionCreateScope  - create scope: parent ProcessInstance[1532] continues as execution ScopeExecution[1534]
10:44:57,065 [main] DEBUG org.activiti.engine.impl.persistence.entity.ExecutionEntity  - initializing ScopeExecution[1534]
10:44:57,065 [main] DEBUG org.activiti.engine.impl.persistence.entity.JobEntity.selectJobsByExecutionId  - ==&gt;  Preparing: select * from ACT_RU_JOB J where J.EXECUTION_ID_ = ? 
10:44:57,065 [main] DEBUG org.activiti.engine.impl.persistence.entity.JobEntity.selectJobsByExecutionId  - ==&gt; Parameters: 1534(String)
10:44:57,065 [main] DEBUG org.activiti.engine.impl.persistence.entity.JobEntity.selectJobsByExecutionId  - &lt;==      Total: 0
10:44:57,065 [main] DEBUG org.activiti.engine.impl.history.DefaultHistoryManager  - Current history level: FULL, level required: ACTIVITY
10:44:57,065 [main] DEBUG org.activiti.engine.impl.pvm.runtime.AtomicOperationActivityExecute  - ScopeExecution[1534] executes Activity(firstLineSupport): org.activiti.engine.impl.bpmn.behavior.UserTaskActivityBehavior
10:44:57,065 [main] DEBUG org.activiti.engine.impl.persistence.entity.TaskEntity.selectTasksByExecutionId  - ==&gt;  Preparing: select distinct T.* from ACT_RU_TASK T where T.EXECUTION_ID_ = ? 
10:44:57,065 [main] DEBUG org.activiti.engine.impl.persistence.entity.TaskEntity.selectTasksByExecutionId  - ==&gt; Parameters: 1534(String)
10:44:57,065 [main] DEBUG org.activiti.engine.impl.persistence.entity.TaskEntity.selectTasksByExecutionId  - &lt;==      Total: 0
10:44:57,065 [main] DEBUG org.activiti.engine.impl.history.DefaultHistoryManager  - Current history level: FULL, level required: AUDIT
10:44:57,065 [main] DEBUG org.activiti.engine.impl.history.DefaultHistoryManager  - Current history level: FULL, level required: AUDIT
10:44:57,065 [main] DEBUG org.activiti.engine.impl.interceptor.LogInterceptor  - 

10:44:57,065 [main] DEBUG org.activiti.engine.impl.interceptor.LogInterceptor  - --- starting  --------------------------------------------------------
10:44:57,065 [main] DEBUG org.activiti.engine.impl.interceptor.CommandContextInterceptor  - Valid context found. Reusing it for the current command &apos;null&apos;
10:44:57,065 [main] DEBUG org.activiti.engine.impl.persistence.entity.ProcessDefinitionInfoEntity.selectProcessDefinitionInfoByProcessDefinitionId  - ==&gt;  Preparing: select * from ACT_PROCDEF_INFO where PROC_DEF_ID_ = ? 
10:44:57,065 [main] DEBUG org.activiti.engine.impl.persistence.entity.ProcessDefinitionInfoEntity.selectProcessDefinitionInfoByProcessDefinitionId  - ==&gt; Parameters: timerOnTask:1:1525(String)
10:44:57,065 [main] DEBUG org.activiti.engine.impl.persistence.entity.ProcessDefinitionInfoEntity.selectProcessDefinitionInfoByProcessDefinitionId  - &lt;==      Total: 0
10:44:57,065 [main] DEBUG org.activiti.engine.impl.interceptor.LogInterceptor  - ---  finished --------------------------------------------------------
10:44:57,065 [main] DEBUG org.activiti.engine.impl.interceptor.LogInterceptor  - 

10:44:57,065 [main] DEBUG org.activiti.engine.impl.history.DefaultHistoryManager  - Current history level: FULL, level required: AUDIT
10:44:57,065 [main] DEBUG org.activiti.engine.impl.history.DefaultHistoryManager  - Current history level: FULL, level required: AUDIT
10:44:57,065 [main] DEBUG org.activiti.engine.impl.history.DefaultHistoryManager  - Current history level: FULL, level required: ACTIVITY
10:44:57,065 [main] DEBUG org.activiti.engine.impl.db.DbSqlSession  -   insert ProcessInstance[1532]
10:44:57,065 [main] DEBUG org.activiti.engine.impl.db.DbSqlSession  -   insert ScopeExecution[1534]
10:44:57,065 [main] DEBUG org.activiti.engine.impl.db.DbSqlSession  -   insert HistoricProcessInstanceEntity[superProcessInstanceId=null]
10:44:57,065 [main] DEBUG org.activiti.engine.impl.db.DbSqlSession  -   insert Task[id=1537, name=First line support]
10:44:57,065 [main] DEBUG org.activiti.engine.impl.db.DbSqlSession  -   insert HistoricTaskInstanceEntity[id=1537, name=First line support]
10:44:57,065 [main] DEBUG org.activiti.engine.impl.db.DbSqlSession  -   insert HistoricActivityInstanceEntity[activityId=theStart, activityName=null]
10:44:57,065 [main] DEBUG org.activiti.engine.impl.db.DbSqlSession  -   insert HistoricActivityInstanceEntity[activityId=firstLineSupport, activityName=First line support]
10:44:57,065 [main] DEBUG org.activiti.engine.impl.db.DbSqlSession  -   insert JobEntity [id=1535]
10:44:57,065 [main] DEBUG org.activiti.engine.impl.db.DbSqlSession  - flush summary: 8 insert, 0 update, 0 delete.
10:44:57,065 [main] DEBUG org.activiti.engine.impl.db.DbSqlSession  - now executing flush...
10:44:57,065 [main] DEBUG org.activiti.engine.impl.db.DbSqlSession  - inserting: HistoricTaskInstanceEntity[id=1537, name=First line support]
10:44:57,065 [main] DEBUG org.activiti.engine.impl.persistence.entity.HistoricTaskInstanceEntity.insertHistoricTaskInstance  - ==&gt;  Preparing: insert into ACT_HI_TASKINST ( ID_, PROC_DEF_ID_, PROC_INST_ID_, EXECUTION_ID_, NAME_, PARENT_TASK_ID_, DESCRIPTION_, OWNER_, ASSIGNEE_, START_TIME_, CLAIM_TIME_, END_TIME_, DURATION_, DELETE_REASON_, TASK_DEF_KEY_, FORM_KEY_, PRIORITY_, DUE_DATE_, CATEGORY_, TENANT_ID_ ) values ( ?, ?, ?, ?, ?, ?, ?, ?, ?, ?, ?, ?, ?, ?, ?, ?, ?, ?, ?, ? ) 
10:44:57,065 [main] DEBUG org.activiti.engine.impl.persistence.entity.HistoricTaskInstanceEntity.insertHistoricTaskInstance  - ==&gt; Parameters: 1537(String), timerOnTask:1:1525(String), 1532(String), 1534(String), First line support(String), null, null, null, null, 2023-03-20 11:44:57.0(Timestamp), null, null, null, null, firstLineSupport(String), null, 50(Integer), null, null, (String)
10:44:57,065 [main] DEBUG org.activiti.engine.impl.persistence.entity.HistoricTaskInstanceEntity.insertHistoricTaskInstance  - &lt;==    Updates: 1
10:44:57,065 [main] DEBUG org.activiti.engine.impl.db.DbSqlSession  - inserting: HistoricProcessInstanceEntity[superProcessInstanceId=null]
10:44:57,065 [main] DEBUG org.activiti.engine.impl.persistence.entity.HistoricProcessInstanceEntity.insertHistoricProcessInstance  - ==&gt;  Preparing: insert into ACT_HI_PROCINST ( ID_, PROC_INST_ID_, BUSINESS_KEY_, PROC_DEF_ID_, START_TIME_, END_TIME_, DURATION_, START_USER_ID_, START_ACT_ID_, END_ACT_ID_, SUPER_PROCESS_INSTANCE_ID_, DELETE_REASON_, TENANT_ID_, NAME_ ) values ( ?, ?, ?, ?, ?, ?, ?, ?, ?, ?, ?, ?, ?, ? ) 
10:44:57,066 [main] DEBUG org.activiti.engine.impl.persistence.entity.HistoricProcessInstanceEntity.insertHistoricProcessInstance  - ==&gt; Parameters: 1532(String), 1532(String), null, timerOnTask:1:1525(String), 2023-03-20 11:44:57.0(Timestamp), null, null, null, theStart(String), null, null, null, (String), null
10:44:57,066 [main] DEBUG org.activiti.engine.impl.persistence.entity.HistoricProcessInstanceEntity.insertHistoricProcessInstance  - &lt;==    Updates: 1
10:44:57,066 [main] DEBUG org.activiti.engine.impl.persistence.entity.HistoricActivityInstanceEntity.bulkInsertHistoricActivityInstance  - ==&gt;  Preparing: insert into ACT_HI_ACTINST ( ID_, PROC_DEF_ID_, PROC_INST_ID_, EXECUTION_ID_, ACT_ID_, TASK_ID_, CALL_PROC_INST_ID_, ACT_NAME_, ACT_TYPE_, ASSIGNEE_, START_TIME_, END_TIME_, DURATION_, TENANT_ID_ ) values (?, ?, ?, ?, ?, ?, ?, ?, ?, ?, ?, ?, ?, ?) , (?, ?, ?, ?, ?, ?, ?, ?, ?, ?, ?, ?, ?, ?) 
10:44:57,066 [main] DEBUG org.activiti.engine.impl.persistence.entity.HistoricActivityInstanceEntity.bulkInsertHistoricActivityInstance  - ==&gt; Parameters: 1533(String), timerOnTask:1:1525(String), 1532(String), 1532(String), theStart(String), null, null, null, startEvent(String), null, 2023-03-20 11:44:57.0(Timestamp), 2023-03-20 11:44:57.0(Timestamp), 0(Long), (String), 1536(String), timerOnTask:1:1525(String), 1532(String), 1534(String), firstLineSupport(String), 1537(String), null, First line support(String), userTask(String), null, 2023-03-20 11:44:57.0(Timestamp), null, null, (String)
10:44:57,066 [main] DEBUG org.activiti.engine.impl.persistence.entity.HistoricActivityInstanceEntity.bulkInsertHistoricActivityInstance  - &lt;==    Updates: 2
10:44:57,066 [main] DEBUG org.activiti.engine.impl.persistence.entity.ExecutionEntity.bulkInsertExecution  - ==&gt;  Preparing: insert into ACT_RU_EXECUTION (ID_, REV_, PROC_INST_ID_, BUSINESS_KEY_, PROC_DEF_ID_, ACT_ID_, IS_ACTIVE_, IS_CONCURRENT_, IS_SCOPE_,IS_EVENT_SCOPE_, PARENT_ID_, SUPER_EXEC_, SUSPENSION_STATE_, CACHED_ENT_STATE_, TENANT_ID_, NAME_) values (?, 1, ?, ?, ?, ?, ?, ?, ?, ?, ?, ?, ?, ?, ?, ?) , (?, 1, ?, ?, ?, ?, ?, ?, ?, ?, ?, ?, ?, ?, ?, ?) 
10:44:57,066 [main] DEBUG org.activiti.engine.impl.persistence.entity.ExecutionEntity.bulkInsertExecution  - ==&gt; Parameters: 1532(String), 1532(String), null, timerOnTask:1:1525(String), null, false(Boolean), false(Boolean), true(Boolean), false(Boolean), null, null, 1(Integer), 2(Integer), (String), null, 1534(String), 1532(String), null, timerOnTask:1:1525(String), firstLineSupport(String), true(Boolean), false(Boolean), true(Boolean), false(Boolean), 1532(String), null, 1(Integer), 6(Integer), (String), null
10:44:57,066 [main] DEBUG org.activiti.engine.impl.persistence.entity.ExecutionEntity.bulkInsertExecution  - &lt;==    Updates: 2
10:44:57,066 [main] DEBUG org.activiti.engine.impl.db.DbSqlSession  - inserting: Task[id=1537, name=First line support]
10:44:57,066 [main] DEBUG org.activiti.engine.impl.persistence.entity.TaskEntity.insertTask  - ==&gt;  Preparing: insert into ACT_RU_TASK (ID_, REV_, NAME_, PARENT_TASK_ID_, DESCRIPTION_, PRIORITY_, CREATE_TIME_, OWNER_, ASSIGNEE_, DELEGATION_, EXECUTION_ID_, PROC_INST_ID_, PROC_DEF_ID_, TASK_DEF_KEY_, DUE_DATE_, CATEGORY_, SUSPENSION_STATE_, TENANT_ID_, FORM_KEY_) values (?, 1, ?, ?, ?, ?, ?, ?, ?, ?, ?, ?, ?, ?, ?, ?, ?, ?, ? ) 
10:44:57,066 [main] DEBUG org.activiti.engine.impl.persistence.entity.TaskEntity.insertTask  - ==&gt; Parameters: 1537(String), First line support(String), null, null, 50(Integer), 2023-03-20 11:44:57.0(Timestamp), null, null, null, 1534(String), 1532(String), timerOnTask:1:1525(String), firstLineSupport(String), null, null, 1(Integer), (String), null
10:44:57,066 [main] DEBUG org.activiti.engine.impl.persistence.entity.TaskEntity.insertTask  - &lt;==    Updates: 1
10:44:57,066 [main] DEBUG org.activiti.engine.impl.db.DbSqlSession  - inserting: JobEntity [id=1535]
10:44:57,066 [main] DEBUG org.activiti.engine.impl.persistence.entity.JobEntity.insertTimer  - ==&gt;  Preparing: insert into ACT_RU_JOB ( ID_, REV_, TYPE_, LOCK_OWNER_, LOCK_EXP_TIME_, EXCLUSIVE_, EXECUTION_ID_, PROCESS_INSTANCE_ID_, PROC_DEF_ID_, RETRIES_, EXCEPTION_STACK_ID_, EXCEPTION_MSG_, DUEDATE_, REPEAT_, HANDLER_TYPE_, HANDLER_CFG_, TENANT_ID_) values (?, 1, &apos;timer&apos;, ?, ?, ?, ?, ?, ?, ?, ?, ?, ?, ?, ?, ?, ? ) 
10:44:57,066 [main] DEBUG org.activiti.engine.impl.persistence.entity.JobEntity.insertTimer  - ==&gt; Parameters: 1535(String), null, null, true(Boolean), 1534(String), 1532(String), timerOnTask:1:1525(String), 3(Integer), null, null, 2023-03-20 12:44:57.0(Timestamp), null, timer-transition(String), {&quot;activityId&quot;:&quot;escalationTimer&quot;}(String), (String)
10:44:57,066 [main] DEBUG org.activiti.engine.impl.persistence.entity.JobEntity.insertTimer  - &lt;==    Updates: 1
10:44:57,066 [main] DEBUG org.activiti.engine.impl.cfg.standalone.StandaloneMybatisTransactionContext  - firing event committing...
10:44:57,066 [main] DEBUG org.activiti.engine.impl.cfg.standalone.StandaloneMybatisTransactionContext  - committing the ibatis sql session...
10:44:57,066 [main] DEBUG org.apache.ibatis.transaction.jdbc.JdbcTransaction  - Committing JDBC Connection [conn4: url=jdbc:h2:mem:activiti user=SA]
10:44:57,066 [main] DEBUG org.activiti.engine.impl.cfg.standalone.StandaloneMybatisTransactionContext  - firing event committed...
10:44:57,066 [main] DEBUG org.apache.ibatis.transaction.jdbc.JdbcTransaction  - Resetting autocommit to true on JDBC Connection [conn4: url=jdbc:h2:mem:activiti user=SA]
10:44:57,066 [main] DEBUG org.apache.ibatis.transaction.jdbc.JdbcTransaction  - Closing JDBC Connection [conn4: url=jdbc:h2:mem:activiti user=SA]
10:44:57,066 [main] DEBUG org.apache.ibatis.datasource.pooled.PooledDataSource  - Returned connection 297240765 to pool.
10:44:57,066 [main] DEBUG org.activiti.engine.impl.interceptor.LogInterceptor  - --- StartProcessInstanceCmd finished --------------------------------------------------------
10:44:57,066 [main] DEBUG org.activiti.engine.impl.interceptor.LogInterceptor  - 

10:44:57,066 [main] DEBUG org.activiti.engine.impl.interceptor.LogInterceptor  - 

10:44:57,066 [main] DEBUG org.activiti.engine.impl.interceptor.LogInterceptor  - --- starting StartProcessInstanceCmd --------------------------------------------------------
10:44:57,066 [main] DEBUG org.apache.ibatis.transaction.jdbc.JdbcTransaction  - Opening JDBC Connection
10:44:57,066 [main] DEBUG org.apache.ibatis.datasource.pooled.PooledDataSource  - Checked out connection 363509958 from pool.
10:44:57,066 [main] DEBUG org.apache.ibatis.transaction.jdbc.JdbcTransaction  - Setting autocommit to false on JDBC Connection [conn2: url=jdbc:h2:mem:activiti user=SA]
10:44:57,066 [main] DEBUG org.activiti.engine.impl.persistence.entity.ProcessDefinitionEntity.selectLatestProcessDefinitionByKey  - ==&gt;  Preparing: select * from ACT_RE_PROCDEF where KEY_ = ? and (TENANT_ID_ = &apos;&apos; or TENANT_ID_ is null) and VERSION_ = (select max(VERSION_) from ACT_RE_PROCDEF where KEY_ = ? and (TENANT_ID_ = &apos;&apos; or TENANT_ID_ is null)) 
10:44:57,066 [main] DEBUG org.activiti.engine.impl.persistence.entity.ProcessDefinitionEntity.selectLatestProcessDefinitionByKey  - ==&gt; Parameters: timerOnTask(String), timerOnTask(String)
10:44:57,066 [main] DEBUG org.activiti.engine.impl.persistence.entity.ProcessDefinitionEntity.selectLatestProcessDefinitionByKey  - &lt;==      Total: 1
10:44:57,066 [main] DEBUG org.activiti.engine.impl.persistence.entity.ExecutionEntity  - initializing ProcessInstance[1538]
10:44:57,066 [main] DEBUG org.activiti.engine.impl.history.DefaultHistoryManager  - Current history level: FULL, level required: ACTIVITY
10:44:57,066 [main] DEBUG org.activiti.engine.impl.pvm.runtime.AtomicOperationActivityExecute  - ProcessInstance[1538] executes Activity(theStart): org.activiti.engine.impl.bpmn.behavior.NoneStartEventActivityBehavior
10:44:57,066 [main] DEBUG org.activiti.engine.impl.persistence.entity.JobEntity.selectJobsByExecutionId  - ==&gt;  Preparing: select * from ACT_RU_JOB J where J.EXECUTION_ID_ = ? 
10:44:57,066 [main] DEBUG org.activiti.engine.impl.persistence.entity.JobEntity.selectJobsByExecutionId  - ==&gt; Parameters: 1538(String)
10:44:57,068 [main] DEBUG org.activiti.engine.impl.persistence.entity.JobEntity.selectJobsByExecutionId  - &lt;==      Total: 0
10:44:57,068 [main] DEBUG org.activiti.engine.impl.bpmn.behavior.BpmnActivityBehavior  - Leaving activity &apos;theStart&apos;
10:44:57,068 [main] DEBUG org.activiti.engine.impl.history.DefaultHistoryManager  - Current history level: FULL, level required: ACTIVITY
10:44:57,068 [main] DEBUG org.activiti.engine.impl.pvm.runtime.AtomicOperationTransitionNotifyListenerTake  - ProcessInstance[1538] takes transition (theStart)--flow1--&gt;(firstLineSupport)
10:44:57,068 [main] DEBUG org.activiti.engine.impl.persistence.entity.ExecutionEntity  - Child execution ScopeExecution[1540] created with parent 
10:44:57,068 [main] DEBUG org.activiti.engine.impl.pvm.runtime.AtomicOperationTransitionCreateScope  - create scope: parent ProcessInstance[1538] continues as execution ScopeExecution[1540]
10:44:57,068 [main] DEBUG org.activiti.engine.impl.persistence.entity.ExecutionEntity  - initializing ScopeExecution[1540]
10:44:57,068 [main] DEBUG org.activiti.engine.impl.persistence.entity.JobEntity.selectJobsByExecutionId  - ==&gt;  Preparing: select * from ACT_RU_JOB J where J.EXECUTION_ID_ = ? 
10:44:57,068 [main] DEBUG org.activiti.engine.impl.persistence.entity.JobEntity.selectJobsByExecutionId  - ==&gt; Parameters: 1540(String)
10:44:57,068 [main] DEBUG org.activiti.engine.impl.persistence.entity.JobEntity.selectJobsByExecutionId  - &lt;==      Total: 0
10:44:57,068 [main] DEBUG org.activiti.engine.impl.history.DefaultHistoryManager  - Current history level: FULL, level required: ACTIVITY
10:44:57,068 [main] DEBUG org.activiti.engine.impl.pvm.runtime.AtomicOperationActivityExecute  - ScopeExecution[1540] executes Activity(firstLineSupport): org.activiti.engine.impl.bpmn.behavior.UserTaskActivityBehavior
10:44:57,068 [main] DEBUG org.activiti.engine.impl.persistence.entity.TaskEntity.selectTasksByExecutionId  - ==&gt;  Preparing: select distinct T.* from ACT_RU_TASK T where T.EXECUTION_ID_ = ? 
10:44:57,068 [main] DEBUG org.activiti.engine.impl.persistence.entity.TaskEntity.selectTasksByExecutionId  - ==&gt; Parameters: 1540(String)
10:44:57,068 [main] DEBUG org.activiti.engine.impl.persistence.entity.TaskEntity.selectTasksByExecutionId  - &lt;==      Total: 0
10:44:57,068 [main] DEBUG org.activiti.engine.impl.history.DefaultHistoryManager  - Current history level: FULL, level required: AUDIT
10:44:57,068 [main] DEBUG org.activiti.engine.impl.history.DefaultHistoryManager  - Current history level: FULL, level required: AUDIT
10:44:57,068 [main] DEBUG org.activiti.engine.impl.interceptor.LogInterceptor  - 

10:44:57,068 [main] DEBUG org.activiti.engine.impl.interceptor.LogInterceptor  - --- starting  --------------------------------------------------------
10:44:57,068 [main] DEBUG org.activiti.engine.impl.interceptor.CommandContextInterceptor  - Valid context found. Reusing it for the current command &apos;null&apos;
10:44:57,068 [main] DEBUG org.activiti.engine.impl.persistence.entity.ProcessDefinitionInfoEntity.selectProcessDefinitionInfoByProcessDefinitionId  - ==&gt;  Preparing: select * from ACT_PROCDEF_INFO where PROC_DEF_ID_ = ? 
10:44:57,068 [main] DEBUG org.activiti.engine.impl.persistence.entity.ProcessDefinitionInfoEntity.selectProcessDefinitionInfoByProcessDefinitionId  - ==&gt; Parameters: timerOnTask:1:1525(String)
10:44:57,068 [main] DEBUG org.activiti.engine.impl.persistence.entity.ProcessDefinitionInfoEntity.selectProcessDefinitionInfoByProcessDefinitionId  - &lt;==      Total: 0
10:44:57,068 [main] DEBUG org.activiti.engine.impl.interceptor.LogInterceptor  - ---  finished --------------------------------------------------------
10:44:57,068 [main] DEBUG org.activiti.engine.impl.interceptor.LogInterceptor  - 

10:44:57,069 [main] DEBUG org.activiti.engine.impl.history.DefaultHistoryManager  - Current history level: FULL, level required: AUDIT
10:44:57,069 [main] DEBUG org.activiti.engine.impl.history.DefaultHistoryManager  - Current history level: FULL, level required: AUDIT
10:44:57,069 [main] DEBUG org.activiti.engine.impl.history.DefaultHistoryManager  - Current history level: FULL, level required: ACTIVITY
10:44:57,069 [main] DEBUG org.activiti.engine.impl.db.DbSqlSession  -   insert ProcessInstance[1538]
10:44:57,069 [main] DEBUG org.activiti.engine.impl.db.DbSqlSession  -   insert ScopeExecution[1540]
10:44:57,069 [main] DEBUG org.activiti.engine.impl.db.DbSqlSession  -   insert HistoricProcessInstanceEntity[superProcessInstanceId=null]
10:44:57,069 [main] DEBUG org.activiti.engine.impl.db.DbSqlSession  -   insert Task[id=1543, name=First line support]
10:44:57,069 [main] DEBUG org.activiti.engine.impl.db.DbSqlSession  -   insert HistoricTaskInstanceEntity[id=1543, name=First line support]
10:44:57,069 [main] DEBUG org.activiti.engine.impl.db.DbSqlSession  -   insert HistoricActivityInstanceEntity[activityId=theStart, activityName=null]
10:44:57,069 [main] DEBUG org.activiti.engine.impl.db.DbSqlSession  -   insert HistoricActivityInstanceEntity[activityId=firstLineSupport, activityName=First line support]
10:44:57,069 [main] DEBUG org.activiti.engine.impl.db.DbSqlSession  -   insert JobEntity [id=1541]
10:44:57,069 [main] DEBUG org.activiti.engine.impl.db.DbSqlSession  - flush summary: 8 insert, 0 update, 0 delete.
10:44:57,069 [main] DEBUG org.activiti.engine.impl.db.DbSqlSession  - now executing flush...
10:44:57,069 [main] DEBUG org.activiti.engine.impl.db.DbSqlSession  - inserting: HistoricTaskInstanceEntity[id=1543, name=First line support]
10:44:57,069 [main] DEBUG org.activiti.engine.impl.persistence.entity.HistoricTaskInstanceEntity.insertHistoricTaskInstance  - ==&gt;  Preparing: insert into ACT_HI_TASKINST ( ID_, PROC_DEF_ID_, PROC_INST_ID_, EXECUTION_ID_, NAME_, PARENT_TASK_ID_, DESCRIPTION_, OWNER_, ASSIGNEE_, START_TIME_, CLAIM_TIME_, END_TIME_, DURATION_, DELETE_REASON_, TASK_DEF_KEY_, FORM_KEY_, PRIORITY_, DUE_DATE_, CATEGORY_, TENANT_ID_ ) values ( ?, ?, ?, ?, ?, ?, ?, ?, ?, ?, ?, ?, ?, ?, ?, ?, ?, ?, ?, ? ) 
10:44:57,069 [main] DEBUG org.activiti.engine.impl.persistence.entity.HistoricTaskInstanceEntity.insertHistoricTaskInstance  - ==&gt; Parameters: 1543(String), timerOnTask:1:1525(String), 1538(String), 1540(String), First line support(String), null, null, null, null, 2023-03-20 12:44:57.0(Timestamp), null, null, null, null, firstLineSupport(String), null, 50(Integer), null, null, (String)
10:44:57,069 [main] DEBUG org.activiti.engine.impl.persistence.entity.HistoricTaskInstanceEntity.insertHistoricTaskInstance  - &lt;==    Updates: 1
10:44:57,069 [main] DEBUG org.activiti.engine.impl.db.DbSqlSession  - inserting: HistoricProcessInstanceEntity[superProcessInstanceId=null]
10:44:57,069 [main] DEBUG org.activiti.engine.impl.persistence.entity.HistoricProcessInstanceEntity.insertHistoricProcessInstance  - ==&gt;  Preparing: insert into ACT_HI_PROCINST ( ID_, PROC_INST_ID_, BUSINESS_KEY_, PROC_DEF_ID_, START_TIME_, END_TIME_, DURATION_, START_USER_ID_, START_ACT_ID_, END_ACT_ID_, SUPER_PROCESS_INSTANCE_ID_, DELETE_REASON_, TENANT_ID_, NAME_ ) values ( ?, ?, ?, ?, ?, ?, ?, ?, ?, ?, ?, ?, ?, ? ) 
10:44:57,069 [main] DEBUG org.activiti.engine.impl.persistence.entity.HistoricProcessInstanceEntity.insertHistoricProcessInstance  - ==&gt; Parameters: 1538(String), 1538(String), null, timerOnTask:1:1525(String), 2023-03-20 12:44:57.0(Timestamp), null, null, null, theStart(String), null, null, null, (String), null
10:44:57,069 [main] DEBUG org.activiti.engine.impl.persistence.entity.HistoricProcessInstanceEntity.insertHistoricProcessInstance  - &lt;==    Updates: 1
10:44:57,069 [main] DEBUG org.activiti.engine.impl.persistence.entity.HistoricActivityInstanceEntity.bulkInsertHistoricActivityInstance  - ==&gt;  Preparing: insert into ACT_HI_ACTINST ( ID_, PROC_DEF_ID_, PROC_INST_ID_, EXECUTION_ID_, ACT_ID_, TASK_ID_, CALL_PROC_INST_ID_, ACT_NAME_, ACT_TYPE_, ASSIGNEE_, START_TIME_, END_TIME_, DURATION_, TENANT_ID_ ) values (?, ?, ?, ?, ?, ?, ?, ?, ?, ?, ?, ?, ?, ?) , (?, ?, ?, ?, ?, ?, ?, ?, ?, ?, ?, ?, ?, ?) 
10:44:57,069 [main] DEBUG org.activiti.engine.impl.persistence.entity.HistoricActivityInstanceEntity.bulkInsertHistoricActivityInstance  - ==&gt; Parameters: 1539(String), timerOnTask:1:1525(String), 1538(String), 1538(String), theStart(String), null, null, null, startEvent(String), null, 2023-03-20 12:44:57.0(Timestamp), 2023-03-20 12:44:57.0(Timestamp), 0(Long), (String), 1542(String), timerOnTask:1:1525(String), 1538(String), 1540(String), firstLineSupport(String), 1543(String), null, First line support(String), userTask(String), null, 2023-03-20 12:44:57.0(Timestamp), null, null, (String)
10:44:57,069 [main] DEBUG org.activiti.engine.impl.persistence.entity.HistoricActivityInstanceEntity.bulkInsertHistoricActivityInstance  - &lt;==    Updates: 2
10:44:57,069 [main] DEBUG org.activiti.engine.impl.persistence.entity.ExecutionEntity.bulkInsertExecution  - ==&gt;  Preparing: insert into ACT_RU_EXECUTION (ID_, REV_, PROC_INST_ID_, BUSINESS_KEY_, PROC_DEF_ID_, ACT_ID_, IS_ACTIVE_, IS_CONCURRENT_, IS_SCOPE_,IS_EVENT_SCOPE_, PARENT_ID_, SUPER_EXEC_, SUSPENSION_STATE_, CACHED_ENT_STATE_, TENANT_ID_, NAME_) values (?, 1, ?, ?, ?, ?, ?, ?, ?, ?, ?, ?, ?, ?, ?, ?) , (?, 1, ?, ?, ?, ?, ?, ?, ?, ?, ?, ?, ?, ?, ?, ?) 
10:44:57,069 [main] DEBUG org.activiti.engine.impl.persistence.entity.ExecutionEntity.bulkInsertExecution  - ==&gt; Parameters: 1538(String), 1538(String), null, timerOnTask:1:1525(String), null, false(Boolean), false(Boolean), true(Boolean), false(Boolean), null, null, 1(Integer), 2(Integer), (String), null, 1540(String), 1538(String), null, timerOnTask:1:1525(String), firstLineSupport(String), true(Boolean), false(Boolean), true(Boolean), false(Boolean), 1538(String), null, 1(Integer), 6(Integer), (String), null
10:44:57,069 [main] DEBUG org.activiti.engine.impl.persistence.entity.ExecutionEntity.bulkInsertExecution  - &lt;==    Updates: 2
10:44:57,069 [main] DEBUG org.activiti.engine.impl.db.DbSqlSession  - inserting: Task[id=1543, name=First line support]
10:44:57,069 [main] DEBUG org.activiti.engine.impl.persistence.entity.TaskEntity.insertTask  - ==&gt;  Preparing: insert into ACT_RU_TASK (ID_, REV_, NAME_, PARENT_TASK_ID_, DESCRIPTION_, PRIORITY_, CREATE_TIME_, OWNER_, ASSIGNEE_, DELEGATION_, EXECUTION_ID_, PROC_INST_ID_, PROC_DEF_ID_, TASK_DEF_KEY_, DUE_DATE_, CATEGORY_, SUSPENSION_STATE_, TENANT_ID_, FORM_KEY_) values (?, 1, ?, ?, ?, ?, ?, ?, ?, ?, ?, ?, ?, ?, ?, ?, ?, ?, ? ) 
10:44:57,069 [main] DEBUG org.activiti.engine.impl.persistence.entity.TaskEntity.insertTask  - ==&gt; Parameters: 1543(String), First line support(String), null, null, 50(Integer), 2023-03-20 12:44:57.0(Timestamp), null, null, null, 1540(String), 1538(String), timerOnTask:1:1525(String), firstLineSupport(String), null, null, 1(Integer), (String), null
10:44:57,069 [main] DEBUG org.activiti.engine.impl.persistence.entity.TaskEntity.insertTask  - &lt;==    Updates: 1
10:44:57,069 [main] DEBUG org.activiti.engine.impl.db.DbSqlSession  - inserting: JobEntity [id=1541]
10:44:57,069 [main] DEBUG org.activiti.engine.impl.persistence.entity.JobEntity.insertTimer  - ==&gt;  Preparing: insert into ACT_RU_JOB ( ID_, REV_, TYPE_, LOCK_OWNER_, LOCK_EXP_TIME_, EXCLUSIVE_, EXECUTION_ID_, PROCESS_INSTANCE_ID_, PROC_DEF_ID_, RETRIES_, EXCEPTION_STACK_ID_, EXCEPTION_MSG_, DUEDATE_, REPEAT_, HANDLER_TYPE_, HANDLER_CFG_, TENANT_ID_) values (?, 1, &apos;timer&apos;, ?, ?, ?, ?, ?, ?, ?, ?, ?, ?, ?, ?, ?, ? ) 
10:44:57,069 [main] DEBUG org.activiti.engine.impl.persistence.entity.JobEntity.insertTimer  - ==&gt; Parameters: 1541(String), null, null, true(Boolean), 1540(String), 1538(String), timerOnTask:1:1525(String), 3(Integer), null, null, 2023-03-20 13:44:57.0(Timestamp), null, timer-transition(String), {&quot;activityId&quot;:&quot;escalationTimer&quot;}(String), (String)
10:44:57,069 [main] DEBUG org.activiti.engine.impl.persistence.entity.JobEntity.insertTimer  - &lt;==    Updates: 1
10:44:57,069 [main] DEBUG org.activiti.engine.impl.cfg.standalone.StandaloneMybatisTransactionContext  - firing event committing...
10:44:57,069 [main] DEBUG org.activiti.engine.impl.cfg.standalone.StandaloneMybatisTransactionContext  - committing the ibatis sql session...
10:44:57,069 [main] DEBUG org.apache.ibatis.transaction.jdbc.JdbcTransaction  - Committing JDBC Connection [conn2: url=jdbc:h2:mem:activiti user=SA]
10:44:57,069 [main] DEBUG org.activiti.engine.impl.cfg.standalone.StandaloneMybatisTransactionContext  - firing event committed...
10:44:57,069 [main] DEBUG org.apache.ibatis.transaction.jdbc.JdbcTransaction  - Resetting autocommit to true on JDBC Connection [conn2: url=jdbc:h2:mem:activiti user=SA]
10:44:57,069 [main] DEBUG org.apache.ibatis.transaction.jdbc.JdbcTransaction  - Closing JDBC Connection [conn2: url=jdbc:h2:mem:activiti user=SA]
10:44:57,069 [main] DEBUG org.apache.ibatis.datasource.pooled.PooledDataSource  - Returned connection 363509958 to pool.
10:44:57,069 [main] DEBUG org.activiti.engine.impl.interceptor.LogInterceptor  - --- StartProcessInstanceCmd finished --------------------------------------------------------
10:44:57,069 [main] DEBUG org.activiti.engine.impl.interceptor.LogInterceptor  - 

10:44:57,069 [main] DEBUG org.activiti.engine.impl.interceptor.LogInterceptor  - 

10:44:57,069 [main] DEBUG org.activiti.engine.impl.interceptor.LogInterceptor  - --- starting  --------------------------------------------------------
10:44:57,069 [main] DEBUG org.activiti.engine.impl.db.DbSqlSession  -   insert JobEntity [id=1544]
10:44:57,069 [main] DEBUG org.activiti.engine.impl.db.DbSqlSession  - flush summary: 1 insert, 0 update, 0 delete.
10:44:57,069 [main] DEBUG org.activiti.engine.impl.db.DbSqlSession  - now executing flush...
10:44:57,070 [main] DEBUG org.activiti.engine.impl.db.DbSqlSession  - inserting: JobEntity [id=1544]
10:44:57,070 [main] DEBUG org.apache.ibatis.transaction.jdbc.JdbcTransaction  - Opening JDBC Connection
10:44:57,070 [main] DEBUG org.apache.ibatis.datasource.pooled.PooledDataSource  - Checked out connection 180014677 from pool.
10:44:57,070 [main] DEBUG org.apache.ibatis.transaction.jdbc.JdbcTransaction  - Setting autocommit to false on JDBC Connection [conn3: url=jdbc:h2:mem:activiti user=SA]
10:44:57,070 [main] DEBUG org.activiti.engine.impl.persistence.entity.JobEntity.insertMessage  - ==&gt;  Preparing: insert into ACT_RU_JOB ( ID_, REV_, TYPE_, LOCK_OWNER_, LOCK_EXP_TIME_, EXCLUSIVE_, EXECUTION_ID_, PROCESS_INSTANCE_ID_, PROC_DEF_ID_, DUEDATE_, RETRIES_, EXCEPTION_STACK_ID_, EXCEPTION_MSG_, HANDLER_TYPE_, HANDLER_CFG_, TENANT_ID_) values (?, 1, &apos;message&apos;, ?, ?, ?, ?, ?, ?, ?, ?, ?, ?, ?, ?, ? ) 
10:44:57,070 [main] DEBUG org.activiti.engine.impl.persistence.entity.JobEntity.insertMessage  - ==&gt; Parameters: 1544(String), null, null, true(Boolean), null, null, null, 2023-03-20 12:49:57.0(Timestamp), 3(Integer), null, null, null, null, (String)
10:44:57,070 [main] DEBUG org.activiti.engine.impl.persistence.entity.JobEntity.insertMessage  - &lt;==    Updates: 1
10:44:57,070 [main] DEBUG org.activiti.engine.impl.cfg.standalone.StandaloneMybatisTransactionContext  - firing event committing...
10:44:57,070 [main] DEBUG org.activiti.engine.impl.cfg.standalone.StandaloneMybatisTransactionContext  - committing the ibatis sql session...
10:44:57,070 [main] DEBUG org.apache.ibatis.transaction.jdbc.JdbcTransaction  - Committing JDBC Connection [conn3: url=jdbc:h2:mem:activiti user=SA]
10:44:57,070 [main] DEBUG org.activiti.engine.impl.cfg.standalone.StandaloneMybatisTransactionContext  - firing event committed...
10:44:57,070 [main] DEBUG org.activiti.engine.impl.jobexecutor.AsyncJobAddedNotification  - notifying job executor of new job
10:44:57,070 [main] DEBUG org.apache.ibatis.transaction.jdbc.JdbcTransaction  - Resetting autocommit to true on JDBC Connection [conn3: url=jdbc:h2:mem:activiti user=SA]
10:44:57,070 [main] DEBUG org.apache.ibatis.transaction.jdbc.JdbcTransaction  - Closing JDBC Connection [conn3: url=jdbc:h2:mem:activiti user=SA]
10:44:57,070 [main] DEBUG org.apache.ibatis.datasource.pooled.PooledDataSource  - Returned connection 180014677 to pool.
10:44:57,070 [main] DEBUG org.activiti.engine.impl.interceptor.LogInterceptor  - ---  finished --------------------------------------------------------
10:44:57,070 [main] DEBUG org.activiti.engine.impl.interceptor.LogInterceptor  - 

10:44:57,070 [main] DEBUG org.activiti.engine.impl.test.PvmTestCase  - 

10:44:57,070 [main] DEBUG org.activiti.engine.impl.test.PvmTestCase  - #### START JobQueryTest.testQueryByExecutable ###########################################################
10:44:57,070 [main] DEBUG org.activiti.engine.impl.interceptor.LogInterceptor  - 

10:44:57,070 [main] DEBUG org.activiti.engine.impl.interceptor.LogInterceptor  - --- starting JobQueryImpl --------------------------------------------------------
10:44:57,070 [main] DEBUG org.apache.ibatis.transaction.jdbc.JdbcTransaction  - Opening JDBC Connection
10:44:57,070 [main] DEBUG org.apache.ibatis.datasource.pooled.PooledDataSource  - Checked out connection 297240765 from pool.
10:44:57,070 [main] DEBUG org.apache.ibatis.transaction.jdbc.JdbcTransaction  - Setting autocommit to false on JDBC Connection [conn4: url=jdbc:h2:mem:activiti user=SA]
10:44:57,070 [main] DEBUG org.activiti.engine.impl.persistence.entity.JobEntity.selectJobByQueryCriteria  - ==&gt;  Preparing: select RES.* from ACT_RU_JOB RES LEFT OUTER JOIN ACT_RU_EXECUTION PI ON PI.ID_ = RES.PROCESS_INSTANCE_ID_ WHERE (RES.RETRIES_ &gt; 0) and (RES.DUEDATE_ is null or RES.DUEDATE_ &lt;= ?) and ( (RES.EXECUTION_ID_ is null) or (PI.SUSPENSION_STATE_ = 1) ) order by order by RES.ID_ asc LIMIT ? OFFSET ? 
10:44:57,070 [main] DEBUG org.activiti.engine.impl.interceptor.CommandContext  - Error while closing command context
org.apache.ibatis.exceptions.PersistenceException: 
### Error querying database.  Cause: org.h2.jdbc.JdbcSQLException: Syntax error in SQL statement &quot;SELECT RES.* 
     
    FROM ACT_RU_JOB RES
     
        LEFT OUTER JOIN ACT_RU_EXECUTION PI ON PI.ID_ = RES.PROCESS_INSTANCE_ID_
     
     WHERE  (RES.RETRIES_ &gt; 0)
        AND (RES.DUEDATE_ IS NULL OR RES.DUEDATE_ &lt;= ?)
        AND (
            (RES.EXECUTION_ID_ IS NULL)
            OR 
            (PI.SUSPENSION_STATE_ = 1)     
      ) 
   
     ORDER BY  ORDER[*] BY RES.ID_ ASC  
    LIMIT ? OFFSET ? &quot;; expected &quot;=, NOT, EXISTS, INTERSECTS, SELECT, FROM&quot;; SQL statement:
select RES.* 
     
    from ACT_RU_JOB RES
     
        LEFT OUTER JOIN ACT_RU_EXECUTION PI ON PI.ID_ = RES.PROCESS_INSTANCE_ID_
     
     WHERE  (RES.RETRIES_ &gt; 0)
        and (RES.DUEDATE_ is null or RES.DUEDATE_ &lt;= ?)
        and (
            (RES.EXECUTION_ID_ is null)
            or 
            (PI.SUSPENSION_STATE_ = 1)     
      ) 
   
     order by  order by RES.ID_ asc  
    LIMIT ? OFFSET ? [42001-176]
### The error may exist in org/activiti/db/mapping/entity/Job.xml
### The error may involve org.activiti.engine.impl.persistence.entity.JobEntity.selectJobByQueryCriteria
### The error occurred while executing a query
### SQL: select RES.*            from ACT_RU_JOB RES               LEFT OUTER JOIN ACT_RU_EXECUTION PI ON PI.ID_ = RES.PROCESS_INSTANCE_ID_            WHERE  (RES.RETRIES_ &gt; 0)         and (RES.DUEDATE_ is null or RES.DUEDATE_ &lt;= ?)         and (             (RES.EXECUTION_ID_ is null)             or              (PI.SUSPENSION_STATE_ = 1)            )           order by  order by RES.ID_ asc       LIMIT ? OFFSET ?
### Cause: org.h2.jdbc.JdbcSQLException: Syntax error in SQL statement &quot;SELECT RES.* 
     
    FROM ACT_RU_JOB RES
     
        LEFT OUTER JOIN ACT_RU_EXECUTION PI ON PI.ID_ = RES.PROCESS_INSTANCE_ID_
     
     WHERE  (RES.RETRIES_ &gt; 0)
        AND (RES.DUEDATE_ IS NULL OR RES.DUEDATE_ &lt;= ?)
        AND (
            (RES.EXECUTION_ID_ IS NULL)
            OR 
            (PI.SUSPENSION_STATE_ = 1)     
      ) 
   
     ORDER BY  ORDER[*] BY RES.ID_ ASC  
    LIMIT ? OFFSET ? &quot;; expected &quot;=, NOT, EXISTS, INTERSECTS, SELECT, FROM&quot;; SQL statement:
select RES.* 
     
    from ACT_RU_JOB RES
     
        LEFT OUTER JOIN ACT_RU_EXECUTION PI ON PI.ID_ = RES.PROCESS_INSTANCE_ID_
     
     WHERE  (RES.RETRIES_ &gt; 0)
        and (RES.DUEDATE_ is null or RES.DUEDATE_ &lt;= ?)
        and (
            (RES.EXECUTION_ID_ is null)
            or 
            (PI.SUSPENSION_STATE_ = 1)     
      ) 
   
     order by  order by RES.ID_ asc  
    LIMIT ? OFFSET ? [42001-176]
	at org.apache.ibatis.exceptions.ExceptionFactory.wrapException(ExceptionFactory.java:30)
	at org.apache.ibatis.session.defaults.DefaultSqlSession.selectList(DefaultSqlSession.java:122)
	at org.apache.ibatis.session.defaults.DefaultSqlSession.selectList(DefaultSqlSession.java:113)
	at org.activiti.engine.impl.db.DbSqlSession.selectListWithRawParameter(DbSqlSession.java:438)
	at org.activiti.engine.impl.db.DbSqlSession.selectList(DbSqlSession.java:429)
	at org.activiti.engine.impl.db.DbSqlSession.selectList(DbSqlSession.java:419)
	at org.activiti.engine.impl.persistence.entity.JobEntityManager.findJobsByQueryCriteria(JobEntityManager.java:198)
	at org.activiti.engine.impl.JobQueryImpl.executeList(JobQueryImpl.java:243)
	at org.activiti.engine.impl.AbstractQuery.execute(AbstractQuery.java:164)
	at org.activiti.engine.impl.interceptor.CommandInvoker.execute(CommandInvoker.java:24)
	at org.activiti.engine.impl.interceptor.CommandContextInterceptor.execute(CommandContextInterceptor.java:57)
	at org.activiti.engine.impl.interceptor.LogInterceptor.execute(LogInterceptor.java:37)
	at org.activiti.engine.impl.cfg.CommandExecutorImpl.execute(CommandExecutorImpl.java:40)
	at org.activiti.engine.impl.cfg.CommandExecutorImpl.execute(CommandExecutorImpl.java:35)
	at org.activiti.engine.impl.AbstractQuery.list(AbstractQuery.java:138)
	at org.activiti.engine.test.api.mgmt.JobQueryTest.verifyQueryResults(JobQueryTest.java:400)
	at org.activiti.engine.test.api.mgmt.JobQueryTest.testQueryByExecutable(JobQueryTest.java:170)
	at sun.reflect.NativeMethodAccessorImpl.invoke0(Native Method)
	at sun.reflect.NativeMethodAccessorImpl.invoke(NativeMethodAccessorImpl.java:62)
	at sun.reflect.DelegatingMethodAccessorImpl.invoke(DelegatingMethodAccessorImpl.java:43)
	at java.lang.reflect.Method.invoke(Method.java:498)
	at junit.framework.TestCase.runTest(TestCase.java:176)
	at org.activiti.engine.impl.test.PvmTestCase.runTest(PvmTestCase.java:65)
	at junit.framework.TestCase.runBare(TestCase.java:141)
	at org.activiti.engine.impl.test.AbstractActivitiTestCase.runBare(AbstractActivitiTestCase.java:100)
	at junit.framework.TestResult$1.protect(TestResult.java:122)
	at junit.framework.TestResult.runProtected(TestResult.java:142)
	at junit.framework.TestResult.run(TestResult.java:125)
	at junit.framework.TestCase.run(TestCase.java:129)
	at junit.framework.TestSuite.runTest(TestSuite.java:255)
	at junit.framework.TestSuite.run(TestSuite.java:250)
	at org.junit.internal.runners.JUnit38ClassRunner.run(JUnit38ClassRunner.java:84)
	at org.apache.maven.surefire.junit4.JUnit4TestSet.execute(JUnit4TestSet.java:35)
	at org.apache.maven.surefire.junit4.JUnit4Provider.executeTestSet(JUnit4Provider.java:146)
	at org.apache.maven.surefire.junit4.JUnit4Provider.invoke(JUnit4Provider.java:97)
	at sun.reflect.NativeMethodAccessorImpl.invoke0(Native Method)
	at sun.reflect.NativeMethodAccessorImpl.invoke(NativeMethodAccessorImpl.java:62)
	at sun.reflect.DelegatingMethodAccessorImpl.invoke(DelegatingMethodAccessorImpl.java:43)
	at java.lang.reflect.Method.invoke(Method.java:498)
	at org.apache.maven.surefire.booter.ProviderFactory$ClassLoaderProxy.invoke(ProviderFactory.java:103)
	at com.sun.proxy.$Proxy0.invoke(Unknown Source)
	at org.apache.maven.surefire.booter.SurefireStarter.invokeProvider(SurefireStarter.java:145)
	at org.apache.maven.surefire.booter.SurefireStarter.runSuitesInProcess(SurefireStarter.java:87)
	at org.apache.maven.surefire.booter.ForkedBooter.main(ForkedBooter.java:69)
Caused by: org.h2.jdbc.JdbcSQLException: Syntax error in SQL statement &quot;SELECT RES.* 
     
    FROM ACT_RU_JOB RES
     
        LEFT OUTER JOIN ACT_RU_EXECUTION PI ON PI.ID_ = RES.PROCESS_INSTANCE_ID_
     
     WHERE  (RES.RETRIES_ &gt; 0)
        AND (RES.DUEDATE_ IS NULL OR RES.DUEDATE_ &lt;= ?)
        AND (
            (RES.EXECUTION_ID_ IS NULL)
            OR 
            (PI.SUSPENSION_STATE_ = 1)     
      ) 
   
     ORDER BY  ORDER[*] BY RES.ID_ ASC  
    LIMIT ? OFFSET ? &quot;; expected &quot;=, NOT, EXISTS, INTERSECTS, SELECT, FROM&quot;; SQL statement:
select RES.* 
     
    from ACT_RU_JOB RES
     
        LEFT OUTER JOIN ACT_RU_EXECUTION PI ON PI.ID_ = RES.PROCESS_INSTANCE_ID_
     
     WHERE  (RES.RETRIES_ &gt; 0)
        and (RES.DUEDATE_ is null or RES.DUEDATE_ &lt;= ?)
        and (
            (RES.EXECUTION_ID_ is null)
            or 
            (PI.SUSPENSION_STATE_ = 1)     
      ) 
   
     order by  order by RES.ID_ asc  
    LIMIT ? OFFSET ? [42001-176]
	at org.h2.message.DbException.getJdbcSQLException(DbException.java:344)
	at org.h2.message.DbException.getSyntaxError(DbException.java:204)
	at org.h2.command.Parser.getSyntaxError(Parser.java:524)
	at org.h2.command.Parser.readTerm(Parser.java:2688)
	at org.h2.command.Parser.readFactor(Parser.java:2244)
	at org.h2.command.Parser.readSum(Parser.java:2231)
	at org.h2.command.Parser.readConcat(Parser.java:2201)
	at org.h2.command.Parser.readCondition(Parser.java:2051)
	at org.h2.command.Parser.readAnd(Parser.java:2023)
	at org.h2.command.Parser.readExpression(Parser.java:2015)
	at org.h2.command.Parser.parseEndOfQuery(Parser.java:1726)
	at org.h2.command.Parser.parseSelectUnionExtension(Parser.java:1706)
	at org.h2.command.Parser.parseSelectUnion(Parser.java:1675)
	at org.h2.command.Parser.parseSelect(Parser.java:1662)
	at org.h2.command.Parser.parsePrepared(Parser.java:434)
	at org.h2.command.Parser.parse(Parser.java:306)
	at org.h2.command.Parser.parse(Parser.java:282)
	at org.h2.command.Parser.prepareCommand(Parser.java:243)
	at org.h2.engine.Session.prepareLocal(Session.java:442)
	at org.h2.engine.Session.prepareCommand(Session.java:384)
	at org.h2.jdbc.JdbcConnection.prepareCommand(JdbcConnection.java:1188)
	at org.h2.jdbc.JdbcPreparedStatement.&lt;init&gt;(JdbcPreparedStatement.java:73)
	at org.h2.jdbc.JdbcConnection.prepareStatement(JdbcConnection.java:276)
	at sun.reflect.GeneratedMethodAccessor6.invoke(Unknown Source)
	at sun.reflect.DelegatingMethodAccessorImpl.invoke(DelegatingMethodAccessorImpl.java:43)
	at java.lang.reflect.Method.invoke(Method.java:498)
	at org.apache.ibatis.datasource.pooled.PooledConnection.invoke(PooledConnection.java:245)
	at com.sun.proxy.$Proxy12.prepareStatement(Unknown Source)
	at sun.reflect.GeneratedMethodAccessor6.invoke(Unknown Source)
	at sun.reflect.DelegatingMethodAccessorImpl.invoke(DelegatingMethodAccessorImpl.java:43)
	at java.lang.reflect.Method.invoke(Method.java:498)
	at org.apache.ibatis.logging.jdbc.ConnectionLogger.invoke(ConnectionLogger.java:55)
	at com.sun.proxy.$Proxy12.prepareStatement(Unknown Source)
	at org.apache.ibatis.executor.statement.PreparedStatementHandler.instantiateStatement(PreparedStatementHandler.java:79)
	at org.apache.ibatis.executor.statement.BaseStatementHandler.prepare(BaseStatementHandler.java:88)
	at org.apache.ibatis.executor.statement.RoutingStatementHandler.prepare(RoutingStatementHandler.java:58)
	at org.apache.ibatis.executor.SimpleExecutor.prepareStatement(SimpleExecutor.java:76)
	at org.apache.ibatis.executor.SimpleExecutor.doQuery(SimpleExecutor.java:61)
	at org.apache.ibatis.executor.BaseExecutor.queryFromDatabase(BaseExecutor.java:303)
	at org.apache.ibatis.executor.BaseExecutor.query(BaseExecutor.java:154)
	at org.apache.ibatis.executor.CachingExecutor.query(CachingExecutor.java:102)
	at org.apache.ibatis.executor.CachingExecutor.query(CachingExecutor.java:82)
	at org.apache.ibatis.session.defaults.DefaultSqlSession.selectList(DefaultSqlSession.java:120)
	... 42 more
10:44:57,070 [main] DEBUG org.activiti.engine.impl.cfg.standalone.StandaloneMybatisTransactionContext  - firing event rolling back...
10:44:57,070 [main] DEBUG org.activiti.engine.impl.cfg.standalone.StandaloneMybatisTransactionContext  - rolling back ibatis sql session...
10:44:57,070 [main] DEBUG org.activiti.engine.impl.cfg.standalone.StandaloneMybatisTransactionContext  - firing event rolled back...
10:44:57,070 [main] DEBUG org.apache.ibatis.transaction.jdbc.JdbcTransaction  - Resetting autocommit to true on JDBC Connection [conn4: url=jdbc:h2:mem:activiti user=SA]
10:44:57,070 [main] DEBUG org.apache.ibatis.transaction.jdbc.JdbcTransaction  - Closing JDBC Connection [conn4: url=jdbc:h2:mem:activiti user=SA]
10:44:57,070 [main] DEBUG org.apache.ibatis.datasource.pooled.PooledDataSource  - Returned connection 297240765 to pool.
10:44:57,070 [main] DEBUG org.activiti.engine.impl.interceptor.LogInterceptor  - --- JobQueryImpl finished --------------------------------------------------------
10:44:57,070 [main] DEBUG org.activiti.engine.impl.interceptor.LogInterceptor  - 

10:44:57,070 [main] ERROR org.activiti.engine.impl.test.PvmTestCase  - 

10:44:57,070 [main] ERROR org.activiti.engine.impl.test.PvmTestCase  - EXCEPTION: org.apache.ibatis.exceptions.PersistenceException: 
### Error querying database.  Cause: org.h2.jdbc.JdbcSQLException: Syntax error in SQL statement &quot;SELECT RES.* 
     
    FROM ACT_RU_JOB RES
     
        LEFT OUTER JOIN ACT_RU_EXECUTION PI ON PI.ID_ = RES.PROCESS_INSTANCE_ID_
     
     WHERE  (RES.RETRIES_ &gt; 0)
        AND (RES.DUEDATE_ IS NULL OR RES.DUEDATE_ &lt;= ?)
        AND (
            (RES.EXECUTION_ID_ IS NULL)
            OR 
            (PI.SUSPENSION_STATE_ = 1)     
      ) 
   
     ORDER BY  ORDER[*] BY RES.ID_ ASC  
    LIMIT ? OFFSET ? &quot;; expected &quot;=, NOT, EXISTS, INTERSECTS, SELECT, FROM&quot;; SQL statement:
select RES.* 
     
    from ACT_RU_JOB RES
     
        LEFT OUTER JOIN ACT_RU_EXECUTION PI ON PI.ID_ = RES.PROCESS_INSTANCE_ID_
     
     WHERE  (RES.RETRIES_ &gt; 0)
        and (RES.DUEDATE_ is null or RES.DUEDATE_ &lt;= ?)
        and (
            (RES.EXECUTION_ID_ is null)
            or 
            (PI.SUSPENSION_STATE_ = 1)     
      ) 
   
     order by  order by RES.ID_ asc  
    LIMIT ? OFFSET ? [42001-176]
### The error may exist in org/activiti/db/mapping/entity/Job.xml
### The error may involve org.activiti.engine.impl.persistence.entity.JobEntity.selectJobByQueryCriteria
### The error occurred while executing a query
### SQL: select RES.*            from ACT_RU_JOB RES               LEFT OUTER JOIN ACT_RU_EXECUTION PI ON PI.ID_ = RES.PROCESS_INSTANCE_ID_            WHERE  (RES.RETRIES_ &gt; 0)         and (RES.DUEDATE_ is null or RES.DUEDATE_ &lt;= ?)         and (             (RES.EXECUTION_ID_ is null)             or              (PI.SUSPENSION_STATE_ = 1)            )           order by  order by RES.ID_ asc       LIMIT ? OFFSET ?
### Cause: org.h2.jdbc.JdbcSQLException: Syntax error in SQL statement &quot;SELECT RES.* 
     
    FROM ACT_RU_JOB RES
     
        LEFT OUTER JOIN ACT_RU_EXECUTION PI ON PI.ID_ = RES.PROCESS_INSTANCE_ID_
     
     WHERE  (RES.RETRIES_ &gt; 0)
        AND (RES.DUEDATE_ IS NULL OR RES.DUEDATE_ &lt;= ?)
        AND (
            (RES.EXECUTION_ID_ IS NULL)
            OR 
            (PI.SUSPENSION_STATE_ = 1)     
      ) 
   
     ORDER BY  ORDER[*] BY RES.ID_ ASC  
    LIMIT ? OFFSET ? &quot;; expected &quot;=, NOT, EXISTS, INTERSECTS, SELECT, FROM&quot;; SQL statement:
select RES.* 
     
    from ACT_RU_JOB RES
     
        LEFT OUTER JOIN ACT_RU_EXECUTION PI ON PI.ID_ = RES.PROCESS_INSTANCE_ID_
     
     WHERE  (RES.RETRIES_ &gt; 0)
        and (RES.DUEDATE_ is null or RES.DUEDATE_ &lt;= ?)
        and (
            (RES.EXECUTION_ID_ is null)
            or 
            (PI.SUSPENSION_STATE_ = 1)     
      ) 
   
     order by  order by RES.ID_ asc  
    LIMIT ? OFFSET ? [42001-176]
org.apache.ibatis.exceptions.PersistenceException: 
### Error querying database.  Cause: org.h2.jdbc.JdbcSQLException: Syntax error in SQL statement &quot;SELECT RES.* 
     
    FROM ACT_RU_JOB RES
     
        LEFT OUTER JOIN ACT_RU_EXECUTION PI ON PI.ID_ = RES.PROCESS_INSTANCE_ID_
     
     WHERE  (RES.RETRIES_ &gt; 0)
        AND (RES.DUEDATE_ IS NULL OR RES.DUEDATE_ &lt;= ?)
        AND (
            (RES.EXECUTION_ID_ IS NULL)
            OR 
            (PI.SUSPENSION_STATE_ = 1)     
      ) 
   
     ORDER BY  ORDER[*] BY RES.ID_ ASC  
    LIMIT ? OFFSET ? &quot;; expected &quot;=, NOT, EXISTS, INTERSECTS, SELECT, FROM&quot;; SQL statement:
select RES.* 
     
    from ACT_RU_JOB RES
     
        LEFT OUTER JOIN ACT_RU_EXECUTION PI ON PI.ID_ = RES.PROCESS_INSTANCE_ID_
     
     WHERE  (RES.RETRIES_ &gt; 0)
        and (RES.DUEDATE_ is null or RES.DUEDATE_ &lt;= ?)
        and (
            (RES.EXECUTION_ID_ is null)
            or 
            (PI.SUSPENSION_STATE_ = 1)     
      ) 
   
     order by  order by RES.ID_ asc  
    LIMIT ? OFFSET ? [42001-176]
### The error may exist in org/activiti/db/mapping/entity/Job.xml
### The error may involve org.activiti.engine.impl.persistence.entity.JobEntity.selectJobByQueryCriteria
### The error occurred while executing a query
### SQL: select RES.*            from ACT_RU_JOB RES               LEFT OUTER JOIN ACT_RU_EXECUTION PI ON PI.ID_ = RES.PROCESS_INSTANCE_ID_            WHERE  (RES.RETRIES_ &gt; 0)         and (RES.DUEDATE_ is null or RES.DUEDATE_ &lt;= ?)         and (             (RES.EXECUTION_ID_ is null)             or              (PI.SUSPENSION_STATE_ = 1)            )           order by  order by RES.ID_ asc       LIMIT ? OFFSET ?
### Cause: org.h2.jdbc.JdbcSQLException: Syntax error in SQL statement &quot;SELECT RES.* 
     
    FROM ACT_RU_JOB RES
     
        LEFT OUTER JOIN ACT_RU_EXECUTION PI ON PI.ID_ = RES.PROCESS_INSTANCE_ID_
     
     WHERE  (RES.RETRIES_ &gt; 0)
        AND (RES.DUEDATE_ IS NULL OR RES.DUEDATE_ &lt;= ?)
        AND (
            (RES.EXECUTION_ID_ IS NULL)
            OR 
            (PI.SUSPENSION_STATE_ = 1)     
      ) 
   
     ORDER BY  ORDER[*] BY RES.ID_ ASC  
    LIMIT ? OFFSET ? &quot;; expected &quot;=, NOT, EXISTS, INTERSECTS, SELECT, FROM&quot;; SQL statement:
select RES.* 
     
    from ACT_RU_JOB RES
     
        LEFT OUTER JOIN ACT_RU_EXECUTION PI ON PI.ID_ = RES.PROCESS_INSTANCE_ID_
     
     WHERE  (RES.RETRIES_ &gt; 0)
        and (RES.DUEDATE_ is null or RES.DUEDATE_ &lt;= ?)
        and (
            (RES.EXECUTION_ID_ is null)
            or 
            (PI.SUSPENSION_STATE_ = 1)     
      ) 
   
     order by  order by RES.ID_ asc  
    LIMIT ? OFFSET ? [42001-176]
	at org.apache.ibatis.exceptions.ExceptionFactory.wrapException(ExceptionFactory.java:30)
	at org.apache.ibatis.session.defaults.DefaultSqlSession.selectList(DefaultSqlSession.java:122)
	at org.apache.ibatis.session.defaults.DefaultSqlSession.selectList(DefaultSqlSession.java:113)
	at org.activiti.engine.impl.db.DbSqlSession.selectListWithRawParameter(DbSqlSession.java:438)
	at org.activiti.engine.impl.db.DbSqlSession.selectList(DbSqlSession.java:429)
	at org.activiti.engine.impl.db.DbSqlSession.selectList(DbSqlSession.java:419)
	at org.activiti.engine.impl.persistence.entity.JobEntityManager.findJobsByQueryCriteria(JobEntityManager.java:198)
	at org.activiti.engine.impl.JobQueryImpl.executeList(JobQueryImpl.java:243)
	at org.activiti.engine.impl.AbstractQuery.execute(AbstractQuery.java:164)
	at org.activiti.engine.impl.interceptor.CommandInvoker.execute(CommandInvoker.java:24)
	at org.activiti.engine.impl.interceptor.CommandContextInterceptor.execute(CommandContextInterceptor.java:57)
	at org.activiti.engine.impl.interceptor.LogInterceptor.execute(LogInterceptor.java:37)
	at org.activiti.engine.impl.cfg.CommandExecutorImpl.execute(CommandExecutorImpl.java:40)
	at org.activiti.engine.impl.cfg.CommandExecutorImpl.execute(CommandExecutorImpl.java:35)
	at org.activiti.engine.impl.AbstractQuery.list(AbstractQuery.java:138)
	at org.activiti.engine.test.api.mgmt.JobQueryTest.verifyQueryResults(JobQueryTest.java:400)
	at org.activiti.engine.test.api.mgmt.JobQueryTest.testQueryByExecutable(JobQueryTest.java:170)
	at sun.reflect.NativeMethodAccessorImpl.invoke0(Native Method)
	at sun.reflect.NativeMethodAccessorImpl.invoke(NativeMethodAccessorImpl.java:62)
	at sun.reflect.DelegatingMethodAccessorImpl.invoke(DelegatingMethodAccessorImpl.java:43)
	at java.lang.reflect.Method.invoke(Method.java:498)
	at junit.framework.TestCase.runTest(TestCase.java:176)
	at org.activiti.engine.impl.test.PvmTestCase.runTest(PvmTestCase.java:65)
	at junit.framework.TestCase.runBare(TestCase.java:141)
	at org.activiti.engine.impl.test.AbstractActivitiTestCase.runBare(AbstractActivitiTestCase.java:100)
	at junit.framework.TestResult$1.protect(TestResult.java:122)
	at junit.framework.TestResult.runProtected(TestResult.java:142)
	at junit.framework.TestResult.run(TestResult.java:125)
	at junit.framework.TestCase.run(TestCase.java:129)
	at junit.framework.TestSuite.runTest(TestSuite.java:255)
	at junit.framework.TestSuite.run(TestSuite.java:250)
	at org.junit.internal.runners.JUnit38ClassRunner.run(JUnit38ClassRunner.java:84)
	at org.apache.maven.surefire.junit4.JUnit4TestSet.execute(JUnit4TestSet.java:35)
	at org.apache.maven.surefire.junit4.JUnit4Provider.executeTestSet(JUnit4Provider.java:146)
	at org.apache.maven.surefire.junit4.JUnit4Provider.invoke(JUnit4Provider.java:97)
	at sun.reflect.NativeMethodAccessorImpl.invoke0(Native Method)
	at sun.reflect.NativeMethodAccessorImpl.invoke(NativeMethodAccessorImpl.java:62)
	at sun.reflect.DelegatingMethodAccessorImpl.invoke(DelegatingMethodAccessorImpl.java:43)
	at java.lang.reflect.Method.invoke(Method.java:498)
	at org.apache.maven.surefire.booter.ProviderFactory$ClassLoaderProxy.invoke(ProviderFactory.java:103)
	at com.sun.proxy.$Proxy0.invoke(Unknown Source)
	at org.apache.maven.surefire.booter.SurefireStarter.invokeProvider(SurefireStarter.java:145)
	at org.apache.maven.surefire.booter.SurefireStarter.runSuitesInProcess(SurefireStarter.java:87)
	at org.apache.maven.surefire.booter.ForkedBooter.main(ForkedBooter.java:69)
Caused by: org.h2.jdbc.JdbcSQLException: Syntax error in SQL statement &quot;SELECT RES.* 
     
    FROM ACT_RU_JOB RES
     
        LEFT OUTER JOIN ACT_RU_EXECUTION PI ON PI.ID_ = RES.PROCESS_INSTANCE_ID_
     
     WHERE  (RES.RETRIES_ &gt; 0)
        AND (RES.DUEDATE_ IS NULL OR RES.DUEDATE_ &lt;= ?)
        AND (
            (RES.EXECUTION_ID_ IS NULL)
            OR 
            (PI.SUSPENSION_STATE_ = 1)     
      ) 
   
     ORDER BY  ORDER[*] BY RES.ID_ ASC  
    LIMIT ? OFFSET ? &quot;; expected &quot;=, NOT, EXISTS, INTERSECTS, SELECT, FROM&quot;; SQL statement:
select RES.* 
     
    from ACT_RU_JOB RES
     
        LEFT OUTER JOIN ACT_RU_EXECUTION PI ON PI.ID_ = RES.PROCESS_INSTANCE_ID_
     
     WHERE  (RES.RETRIES_ &gt; 0)
        and (RES.DUEDATE_ is null or RES.DUEDATE_ &lt;= ?)
        and (
            (RES.EXECUTION_ID_ is null)
            or 
            (PI.SUSPENSION_STATE_ = 1)     
      ) 
   
     order by  order by RES.ID_ asc  
    LIMIT ? OFFSET ? [42001-176]
	at org.h2.message.DbException.getJdbcSQLException(DbException.java:344)
	at org.h2.message.DbException.getSyntaxError(DbException.java:204)
	at org.h2.command.Parser.getSyntaxError(Parser.java:524)
	at org.h2.command.Parser.readTerm(Parser.java:2688)
	at org.h2.command.Parser.readFactor(Parser.java:2244)
	at org.h2.command.Parser.readSum(Parser.java:2231)
	at org.h2.command.Parser.readConcat(Parser.java:2201)
	at org.h2.command.Parser.readCondition(Parser.java:2051)
	at org.h2.command.Parser.readAnd(Parser.java:2023)
	at org.h2.command.Parser.readExpression(Parser.java:2015)
	at org.h2.command.Parser.parseEndOfQuery(Parser.java:1726)
	at org.h2.command.Parser.parseSelectUnionExtension(Parser.java:1706)
	at org.h2.command.Parser.parseSelectUnion(Parser.java:1675)
	at org.h2.command.Parser.parseSelect(Parser.java:1662)
	at org.h2.command.Parser.parsePrepared(Parser.java:434)
	at org.h2.command.Parser.parse(Parser.java:306)
	at org.h2.command.Parser.parse(Parser.java:282)
	at org.h2.command.Parser.prepareCommand(Parser.java:243)
	at org.h2.engine.Session.prepareLocal(Session.java:442)
	at org.h2.engine.Session.prepareCommand(Session.java:384)
	at org.h2.jdbc.JdbcConnection.prepareCommand(JdbcConnection.java:1188)
	at org.h2.jdbc.JdbcPreparedStatement.&lt;init&gt;(JdbcPreparedStatement.java:73)
	at org.h2.jdbc.JdbcConnection.prepareStatement(JdbcConnection.java:276)
	at sun.reflect.GeneratedMethodAccessor6.invoke(Unknown Source)
	at sun.reflect.DelegatingMethodAccessorImpl.invoke(DelegatingMethodAccessorImpl.java:43)
	at java.lang.reflect.Method.invoke(Method.java:498)
	at org.apache.ibatis.datasource.pooled.PooledConnection.invoke(PooledConnection.java:245)
	at com.sun.proxy.$Proxy12.prepareStatement(Unknown Source)
	at sun.reflect.GeneratedMethodAccessor6.invoke(Unknown Source)
	at sun.reflect.DelegatingMethodAccessorImpl.invoke(DelegatingMethodAccessorImpl.java:43)
	at java.lang.reflect.Method.invoke(Method.java:498)
	at org.apache.ibatis.logging.jdbc.ConnectionLogger.invoke(ConnectionLogger.java:55)
	at com.sun.proxy.$Proxy12.prepareStatement(Unknown Source)
	at org.apache.ibatis.executor.statement.PreparedStatementHandler.instantiateStatement(PreparedStatementHandler.java:79)
	at org.apache.ibatis.executor.statement.BaseStatementHandler.prepare(BaseStatementHandler.java:88)
	at org.apache.ibatis.executor.statement.RoutingStatementHandler.prepare(RoutingStatementHandler.java:58)
	at org.apache.ibatis.executor.SimpleExecutor.prepareStatement(SimpleExecutor.java:76)
	at org.apache.ibatis.executor.SimpleExecutor.doQuery(SimpleExecutor.java:61)
	at org.apache.ibatis.executor.BaseExecutor.queryFromDatabase(BaseExecutor.java:303)
	at org.apache.ibatis.executor.BaseExecutor.query(BaseExecutor.java:154)
	at org.apache.ibatis.executor.CachingExecutor.query(CachingExecutor.java:102)
	at org.apache.ibatis.executor.CachingExecutor.query(CachingExecutor.java:82)
	at org.apache.ibatis.session.defaults.DefaultSqlSession.selectList(DefaultSqlSession.java:120)
	... 42 more
10:44:57,070 [main] DEBUG org.activiti.engine.impl.test.PvmTestCase  - #### END JobQueryTest.testQueryByExecutable #############################################################
10:44:57,070 [main] DEBUG org.activiti.engine.impl.interceptor.LogInterceptor  - 

10:44:57,070 [main] DEBUG org.activiti.engine.impl.interceptor.LogInterceptor  - --- starting DeleteDeploymentCmd --------------------------------------------------------
10:44:57,070 [main] DEBUG org.apache.ibatis.transaction.jdbc.JdbcTransaction  - Opening JDBC Connection
10:44:57,070 [main] DEBUG org.apache.ibatis.datasource.pooled.PooledDataSource  - Checked out connection 363509958 from pool.
10:44:57,070 [main] DEBUG org.apache.ibatis.transaction.jdbc.JdbcTransaction  - Setting autocommit to false on JDBC Connection [conn2: url=jdbc:h2:mem:activiti user=SA]
10:44:57,071 [main] DEBUG org.activiti.engine.impl.persistence.entity.DeploymentEntity.selectDeploymentById  - ==&gt;  Preparing: select * from ACT_RE_DEPLOYMENT where ID_ = ? 
10:44:57,071 [main] DEBUG org.activiti.engine.impl.persistence.entity.DeploymentEntity.selectDeploymentById  - ==&gt; Parameters: 1523(String)
10:44:57,071 [main] DEBUG org.activiti.engine.impl.persistence.entity.DeploymentEntity.selectDeploymentById  - &lt;==      Total: 1
10:44:57,071 [main] DEBUG org.activiti.engine.impl.persistence.entity.ProcessDefinitionEntity.selectProcessDefinitionsByQueryCriteria  - ==&gt;  Preparing: select RES.* from ACT_RE_PROCDEF RES WHERE RES.DEPLOYMENT_ID_ = ? order by order by RES.ID_ asc LIMIT ? OFFSET ? 
10:44:57,071 [main] DEBUG org.activiti.engine.impl.interceptor.CommandContext  - Error while closing command context
org.apache.ibatis.exceptions.PersistenceException: 
### Error querying database.  Cause: org.h2.jdbc.JdbcSQLException: Syntax error in SQL statement &quot;SELECT RES.* 
       
    FROM ACT_RE_PROCDEF RES
     
     WHERE  RES.DEPLOYMENT_ID_ = ? 
   
     ORDER BY  ORDER[*] BY RES.ID_ ASC  
    LIMIT ? OFFSET ? &quot;; expected &quot;=, NOT, EXISTS, INTERSECTS, SELECT, FROM&quot;; SQL statement:
select RES.* 
       
    from ACT_RE_PROCDEF RES
     
     WHERE  RES.DEPLOYMENT_ID_ = ? 
   
     order by  order by RES.ID_ asc  
    LIMIT ? OFFSET ? [42001-176]
### The error may exist in org/activiti/db/mapping/entity/ProcessDefinition.xml
### The error may involve org.activiti.engine.impl.persistence.entity.ProcessDefinitionEntity.selectProcessDefinitionsByQueryCriteria
### The error occurred while executing a query
### SQL: select RES.*              from ACT_RE_PROCDEF RES            WHERE  RES.DEPLOYMENT_ID_ = ?           order by  order by RES.ID_ asc       LIMIT ? OFFSET ?
### Cause: org.h2.jdbc.JdbcSQLException: Syntax error in SQL statement &quot;SELECT RES.* 
       
    FROM ACT_RE_PROCDEF RES
     
     WHERE  RES.DEPLOYMENT_ID_ = ? 
   
     ORDER BY  ORDER[*] BY RES.ID_ ASC  
    LIMIT ? OFFSET ? &quot;; expected &quot;=, NOT, EXISTS, INTERSECTS, SELECT, FROM&quot;; SQL statement:
select RES.* 
       
    from ACT_RE_PROCDEF RES
     
     WHERE  RES.DEPLOYMENT_ID_ = ? 
   
     order by  order by RES.ID_ asc  
    LIMIT ? OFFSET ? [42001-176]
	at org.apache.ibatis.exceptions.ExceptionFactory.wrapException(ExceptionFactory.java:30)
	at org.apache.ibatis.session.defaults.DefaultSqlSession.selectList(DefaultSqlSession.java:122)
	at org.apache.ibatis.session.defaults.DefaultSqlSession.selectList(DefaultSqlSession.java:113)
	at org.activiti.engine.impl.db.DbSqlSession.selectListWithRawParameter(DbSqlSession.java:438)
	at org.activiti.engine.impl.db.DbSqlSession.selectList(DbSqlSession.java:429)
	at org.activiti.engine.impl.db.DbSqlSession.selectList(DbSqlSession.java:419)
	at org.activiti.engine.impl.persistence.entity.ProcessDefinitionEntityManager.findProcessDefinitionsByQueryCriteria(ProcessDefinitionEntityManager.java:57)
	at org.activiti.engine.impl.ProcessDefinitionQueryImpl.executeList(ProcessDefinitionQueryImpl.java:307)
	at org.activiti.engine.impl.AbstractQuery.list(AbstractQuery.java:140)
	at org.activiti.engine.impl.persistence.deploy.DeploymentManager.removeDeployment(DeploymentManager.java:187)
	at org.activiti.engine.impl.cmd.DeleteDeploymentCmd.execute(DeleteDeploymentCmd.java:44)
	at org.activiti.engine.impl.cmd.DeleteDeploymentCmd.execute(DeleteDeploymentCmd.java:24)
	at org.activiti.engine.impl.interceptor.CommandInvoker.execute(CommandInvoker.java:24)
	at org.activiti.engine.impl.interceptor.CommandContextInterceptor.execute(CommandContextInterceptor.java:57)
	at org.activiti.engine.impl.interceptor.LogInterceptor.execute(LogInterceptor.java:37)
	at org.activiti.engine.impl.cfg.CommandExecutorImpl.execute(CommandExecutorImpl.java:40)
	at org.activiti.engine.impl.cfg.CommandExecutorImpl.execute(CommandExecutorImpl.java:35)
	at org.activiti.engine.impl.RepositoryServiceImpl.deleteDeployment(RepositoryServiceImpl.java:90)
	at org.activiti.engine.test.api.mgmt.JobQueryTest.tearDown(JobQueryTest.java:116)
	at junit.framework.TestCase.runBare(TestCase.java:146)
	at org.activiti.engine.impl.test.AbstractActivitiTestCase.runBare(AbstractActivitiTestCase.java:100)
	at junit.framework.TestResult$1.protect(TestResult.java:122)
	at junit.framework.TestResult.runProtected(TestResult.java:142)
	at junit.framework.TestResult.run(TestResult.java:125)
	at junit.framework.TestCase.run(TestCase.java:129)
	at junit.framework.TestSuite.runTest(TestSuite.java:255)
	at junit.framework.TestSuite.run(TestSuite.java:250)
	at org.junit.internal.runners.JUnit38ClassRunner.run(JUnit38ClassRunner.java:84)
	at org.apache.maven.surefire.junit4.JUnit4TestSet.execute(JUnit4TestSet.java:35)
	at org.apache.maven.surefire.junit4.JUnit4Provider.executeTestSet(JUnit4Provider.java:146)
	at org.apache.maven.surefire.junit4.JUnit4Provider.invoke(JUnit4Provider.java:97)
	at sun.reflect.NativeMethodAccessorImpl.invoke0(Native Method)
	at sun.reflect.NativeMethodAccessorImpl.invoke(NativeMethodAccessorImpl.java:62)
	at sun.reflect.DelegatingMethodAccessorImpl.invoke(DelegatingMethodAccessorImpl.java:43)
	at java.lang.reflect.Method.invoke(Method.java:498)
	at org.apache.maven.surefire.booter.ProviderFactory$ClassLoaderProxy.invoke(ProviderFactory.java:103)
	at com.sun.proxy.$Proxy0.invoke(Unknown Source)
	at org.apache.maven.surefire.booter.SurefireStarter.invokeProvider(SurefireStarter.java:145)
	at org.apache.maven.surefire.booter.SurefireStarter.runSuitesInProcess(SurefireStarter.java:87)
	at org.apache.maven.surefire.booter.ForkedBooter.main(ForkedBooter.java:69)
Caused by: org.h2.jdbc.JdbcSQLException: Syntax error in SQL statement &quot;SELECT RES.* 
       
    FROM ACT_RE_PROCDEF RES
     
     WHERE  RES.DEPLOYMENT_ID_ = ? 
   
     ORDER BY  ORDER[*] BY RES.ID_ ASC  
    LIMIT ? OFFSET ? &quot;; expected &quot;=, NOT, EXISTS, INTERSECTS, SELECT, FROM&quot;; SQL statement:
select RES.* 
       
    from ACT_RE_PROCDEF RES
     
     WHERE  RES.DEPLOYMENT_ID_ = ? 
   
     order by  order by RES.ID_ asc  
    LIMIT ? OFFSET ? [42001-176]
	at org.h2.message.DbException.getJdbcSQLException(DbException.java:344)
	at org.h2.message.DbException.getSyntaxError(DbException.java:204)
	at org.h2.command.Parser.getSyntaxError(Parser.java:524)
	at org.h2.command.Parser.readTerm(Parser.java:2688)
	at org.h2.command.Parser.readFactor(Parser.java:2244)
	at org.h2.command.Parser.readSum(Parser.java:2231)
	at org.h2.command.Parser.readConcat(Parser.java:2201)
	at org.h2.command.Parser.readCondition(Parser.java:2051)
	at org.h2.command.Parser.readAnd(Parser.java:2023)
	at org.h2.command.Parser.readExpression(Parser.java:2015)
	at org.h2.command.Parser.parseEndOfQuery(Parser.java:1726)
	at org.h2.command.Parser.parseSelectUnionExtension(Parser.java:1706)
	at org.h2.command.Parser.parseSelectUnion(Parser.java:1675)
	at org.h2.command.Parser.parseSelect(Parser.java:1662)
	at org.h2.command.Parser.parsePrepared(Parser.java:434)
	at org.h2.command.Parser.parse(Parser.java:306)
	at org.h2.command.Parser.parse(Parser.java:282)
	at org.h2.command.Parser.prepareCommand(Parser.java:243)
	at org.h2.engine.Session.prepareLocal(Session.java:442)
	at org.h2.engine.Session.prepareCommand(Session.java:384)
	at org.h2.jdbc.JdbcConnection.prepareCommand(JdbcConnection.java:1188)
	at org.h2.jdbc.JdbcPreparedStatement.&lt;init&gt;(JdbcPreparedStatement.java:73)
	at org.h2.jdbc.JdbcConnection.prepareStatement(JdbcConnection.java:276)
	at sun.reflect.GeneratedMethodAccessor6.invoke(Unknown Source)
	at sun.reflect.DelegatingMethodAccessorImpl.invoke(DelegatingMethodAccessorImpl.java:43)
	at java.lang.reflect.Method.invoke(Method.java:498)
	at org.apache.ibatis.datasource.pooled.PooledConnection.invoke(PooledConnection.java:245)
	at com.sun.proxy.$Proxy12.prepareStatement(Unknown Source)
	at sun.reflect.GeneratedMethodAccessor6.invoke(Unknown Source)
	at sun.reflect.DelegatingMethodAccessorImpl.invoke(DelegatingMethodAccessorImpl.java:43)
	at java.lang.reflect.Method.invoke(Method.java:498)
	at org.apache.ibatis.logging.jdbc.ConnectionLogger.invoke(ConnectionLogger.java:55)
	at com.sun.proxy.$Proxy12.prepareStatement(Unknown Source)
	at org.apache.ibatis.executor.statement.PreparedStatementHandler.instantiateStatement(PreparedStatementHandler.java:79)
	at org.apache.ibatis.executor.statement.BaseStatementHandler.prepare(BaseStatementHandler.java:88)
	at org.apache.ibatis.executor.statement.RoutingStatementHandler.prepare(RoutingStatementHandler.java:58)
	at org.apache.ibatis.executor.SimpleExecutor.prepareStatement(SimpleExecutor.java:76)
	at org.apache.ibatis.executor.SimpleExecutor.doQuery(SimpleExecutor.java:61)
	at org.apache.ibatis.executor.BaseExecutor.queryFromDatabase(BaseExecutor.java:303)
	at org.apache.ibatis.executor.BaseExecutor.query(BaseExecutor.java:154)
	at org.apache.ibatis.executor.CachingExecutor.query(CachingExecutor.java:102)
	at org.apache.ibatis.executor.CachingExecutor.query(CachingExecutor.java:82)
	at org.apache.ibatis.session.defaults.DefaultSqlSession.selectList(DefaultSqlSession.java:120)
	... 38 more
10:44:57,071 [main] DEBUG org.activiti.engine.impl.cfg.standalone.StandaloneMybatisTransactionContext  - firing event rolling back...
10:44:57,071 [main] DEBUG org.activiti.engine.impl.cfg.standalone.StandaloneMybatisTransactionContext  - rolling back ibatis sql session...
10:44:57,071 [main] DEBUG org.activiti.engine.impl.cfg.standalone.StandaloneMybatisTransactionContext  - firing event rolled back...
10:44:57,071 [main] DEBUG org.apache.ibatis.transaction.jdbc.JdbcTransaction  - Resetting autocommit to true on JDBC Connection [conn2: url=jdbc:h2:mem:activiti user=SA]
10:44:57,071 [main] DEBUG org.apache.ibatis.transaction.jdbc.JdbcTransaction  - Closing JDBC Connection [conn2: url=jdbc:h2:mem:activiti user=SA]
10:44:57,071 [main] DEBUG org.apache.ibatis.datasource.pooled.PooledDataSource  - Returned connection 363509958 to pool.
10:44:57,071 [main] DEBUG org.activiti.engine.impl.interceptor.LogInterceptor  - --- DeleteDeploymentCmd finished --------------------------------------------------------
10:44:57,071 [main] DEBUG org.activiti.engine.impl.interceptor.LogInterceptor  - 

10:44:57,071 [main] ERROR org.activiti.engine.impl.test.PvmTestCase  - 

10:44:57,071 [main] ERROR org.activiti.engine.impl.test.PvmTestCase  - EXCEPTION: org.apache.ibatis.exceptions.PersistenceException: 
### Error querying database.  Cause: org.h2.jdbc.JdbcSQLException: Syntax error in SQL statement &quot;SELECT RES.* 
     
    FROM ACT_RU_JOB RES
     
        LEFT OUTER JOIN ACT_RU_EXECUTION PI ON PI.ID_ = RES.PROCESS_INSTANCE_ID_
     
     WHERE  (RES.RETRIES_ &gt; 0)
        AND (RES.DUEDATE_ IS NULL OR RES.DUEDATE_ &lt;= ?)
        AND (
            (RES.EXECUTION_ID_ IS NULL)
            OR 
            (PI.SUSPENSION_STATE_ = 1)     
      ) 
   
     ORDER BY  ORDER[*] BY RES.ID_ ASC  
    LIMIT ? OFFSET ? &quot;; expected &quot;=, NOT, EXISTS, INTERSECTS, SELECT, FROM&quot;; SQL statement:
select RES.* 
     
    from ACT_RU_JOB RES
     
        LEFT OUTER JOIN ACT_RU_EXECUTION PI ON PI.ID_ = RES.PROCESS_INSTANCE_ID_
     
     WHERE  (RES.RETRIES_ &gt; 0)
        and (RES.DUEDATE_ is null or RES.DUEDATE_ &lt;= ?)
        and (
            (RES.EXECUTION_ID_ is null)
            or 
            (PI.SUSPENSION_STATE_ = 1)     
      ) 
   
     order by  order by RES.ID_ asc  
    LIMIT ? OFFSET ? [42001-176]
### The error may exist in org/activiti/db/mapping/entity/Job.xml
### The error may involve org.activiti.engine.impl.persistence.entity.JobEntity.selectJobByQueryCriteria
### The error occurred while executing a query
### SQL: select RES.*            from ACT_RU_JOB RES               LEFT OUTER JOIN ACT_RU_EXECUTION PI ON PI.ID_ = RES.PROCESS_INSTANCE_ID_            WHERE  (RES.RETRIES_ &gt; 0)         and (RES.DUEDATE_ is null or RES.DUEDATE_ &lt;= ?)         and (             (RES.EXECUTION_ID_ is null)             or              (PI.SUSPENSION_STATE_ = 1)            )           order by  order by RES.ID_ asc       LIMIT ? OFFSET ?
### Cause: org.h2.jdbc.JdbcSQLException: Syntax error in SQL statement &quot;SELECT RES.* 
     
    FROM ACT_RU_JOB RES
     
        LEFT OUTER JOIN ACT_RU_EXECUTION PI ON PI.ID_ = RES.PROCESS_INSTANCE_ID_
     
     WHERE  (RES.RETRIES_ &gt; 0)
        AND (RES.DUEDATE_ IS NULL OR RES.DUEDATE_ &lt;= ?)
        AND (
            (RES.EXECUTION_ID_ IS NULL)
            OR 
            (PI.SUSPENSION_STATE_ = 1)     
      ) 
   
     ORDER BY  ORDER[*] BY RES.ID_ ASC  
    LIMIT ? OFFSET ? &quot;; expected &quot;=, NOT, EXISTS, INTERSECTS, SELECT, FROM&quot;; SQL statement:
select RES.* 
     
    from ACT_RU_JOB RES
     
        LEFT OUTER JOIN ACT_RU_EXECUTION PI ON PI.ID_ = RES.PROCESS_INSTANCE_ID_
     
     WHERE  (RES.RETRIES_ &gt; 0)
        and (RES.DUEDATE_ is null or RES.DUEDATE_ &lt;= ?)
        and (
            (RES.EXECUTION_ID_ is null)
            or 
            (PI.SUSPENSION_STATE_ = 1)     
      ) 
   
     order by  order by RES.ID_ asc  
    LIMIT ? OFFSET ? [42001-176]
org.apache.ibatis.exceptions.PersistenceException: 
### Error querying database.  Cause: org.h2.jdbc.JdbcSQLException: Syntax error in SQL statement &quot;SELECT RES.* 
     
    FROM ACT_RU_JOB RES
     
        LEFT OUTER JOIN ACT_RU_EXECUTION PI ON PI.ID_ = RES.PROCESS_INSTANCE_ID_
     
     WHERE  (RES.RETRIES_ &gt; 0)
        AND (RES.DUEDATE_ IS NULL OR RES.DUEDATE_ &lt;= ?)
        AND (
            (RES.EXECUTION_ID_ IS NULL)
            OR 
            (PI.SUSPENSION_STATE_ = 1)     
      ) 
   
     ORDER BY  ORDER[*] BY RES.ID_ ASC  
    LIMIT ? OFFSET ? &quot;; expected &quot;=, NOT, EXISTS, INTERSECTS, SELECT, FROM&quot;; SQL statement:
select RES.* 
     
    from ACT_RU_JOB RES
     
        LEFT OUTER JOIN ACT_RU_EXECUTION PI ON PI.ID_ = RES.PROCESS_INSTANCE_ID_
     
     WHERE  (RES.RETRIES_ &gt; 0)
        and (RES.DUEDATE_ is null or RES.DUEDATE_ &lt;= ?)
        and (
            (RES.EXECUTION_ID_ is null)
            or 
            (PI.SUSPENSION_STATE_ = 1)     
      ) 
   
     order by  order by RES.ID_ asc  
    LIMIT ? OFFSET ? [42001-176]
### The error may exist in org/activiti/db/mapping/entity/Job.xml
### The error may involve org.activiti.engine.impl.persistence.entity.JobEntity.selectJobByQueryCriteria
### The error occurred while executing a query
### SQL: select RES.*            from ACT_RU_JOB RES               LEFT OUTER JOIN ACT_RU_EXECUTION PI ON PI.ID_ = RES.PROCESS_INSTANCE_ID_            WHERE  (RES.RETRIES_ &gt; 0)         and (RES.DUEDATE_ is null or RES.DUEDATE_ &lt;= ?)         and (             (RES.EXECUTION_ID_ is null)             or              (PI.SUSPENSION_STATE_ = 1)            )           order by  order by RES.ID_ asc       LIMIT ? OFFSET ?
### Cause: org.h2.jdbc.JdbcSQLException: Syntax error in SQL statement &quot;SELECT RES.* 
     
    FROM ACT_RU_JOB RES
     
        LEFT OUTER JOIN ACT_RU_EXECUTION PI ON PI.ID_ = RES.PROCESS_INSTANCE_ID_
     
     WHERE  (RES.RETRIES_ &gt; 0)
        AND (RES.DUEDATE_ IS NULL OR RES.DUEDATE_ &lt;= ?)
        AND (
            (RES.EXECUTION_ID_ IS NULL)
            OR 
            (PI.SUSPENSION_STATE_ = 1)     
      ) 
   
     ORDER BY  ORDER[*] BY RES.ID_ ASC  
    LIMIT ? OFFSET ? &quot;; expected &quot;=, NOT, EXISTS, INTERSECTS, SELECT, FROM&quot;; SQL statement:
select RES.* 
     
    from ACT_RU_JOB RES
     
        LEFT OUTER JOIN ACT_RU_EXECUTION PI ON PI.ID_ = RES.PROCESS_INSTANCE_ID_
     
     WHERE  (RES.RETRIES_ &gt; 0)
        and (RES.DUEDATE_ is null or RES.DUEDATE_ &lt;= ?)
        and (
            (RES.EXECUTION_ID_ is null)
            or 
            (PI.SUSPENSION_STATE_ = 1)     
      ) 
   
     order by  order by RES.ID_ asc  
    LIMIT ? OFFSET ? [42001-176]
	at org.apache.ibatis.exceptions.ExceptionFactory.wrapException(ExceptionFactory.java:30)
	at org.apache.ibatis.session.defaults.DefaultSqlSession.selectList(DefaultSqlSession.java:122)
	at org.apache.ibatis.session.defaults.DefaultSqlSession.selectList(DefaultSqlSession.java:113)
	at org.activiti.engine.impl.db.DbSqlSession.selectListWithRawParameter(DbSqlSession.java:438)
	at org.activiti.engine.impl.db.DbSqlSession.selectList(DbSqlSession.java:429)
	at org.activiti.engine.impl.db.DbSqlSession.selectList(DbSqlSession.java:419)
	at org.activiti.engine.impl.persistence.entity.JobEntityManager.findJobsByQueryCriteria(JobEntityManager.java:198)
	at org.activiti.engine.impl.JobQueryImpl.executeList(JobQueryImpl.java:243)
	at org.activiti.engine.impl.AbstractQuery.execute(AbstractQuery.java:164)
	at org.activiti.engine.impl.interceptor.CommandInvoker.execute(CommandInvoker.java:24)
	at org.activiti.engine.impl.interceptor.CommandContextInterceptor.execute(CommandContextInterceptor.java:57)
	at org.activiti.engine.impl.interceptor.LogInterceptor.execute(LogInterceptor.java:37)
	at org.activiti.engine.impl.cfg.CommandExecutorImpl.execute(CommandExecutorImpl.java:40)
	at org.activiti.engine.impl.cfg.CommandExecutorImpl.execute(CommandExecutorImpl.java:35)
	at org.activiti.engine.impl.AbstractQuery.list(AbstractQuery.java:138)
	at org.activiti.engine.test.api.mgmt.JobQueryTest.verifyQueryResults(JobQueryTest.java:400)
	at org.activiti.engine.test.api.mgmt.JobQueryTest.testQueryByExecutable(JobQueryTest.java:170)
	at sun.reflect.NativeMethodAccessorImpl.invoke0(Native Method)
	at sun.reflect.NativeMethodAccessorImpl.invoke(NativeMethodAccessorImpl.java:62)
	at sun.reflect.DelegatingMethodAccessorImpl.invoke(DelegatingMethodAccessorImpl.java:43)
	at java.lang.reflect.Method.invoke(Method.java:498)
	at junit.framework.TestCase.runTest(TestCase.java:176)
	at org.activiti.engine.impl.test.PvmTestCase.runTest(PvmTestCase.java:65)
	at junit.framework.TestCase.runBare(TestCase.java:141)
	at org.activiti.engine.impl.test.AbstractActivitiTestCase.runBare(AbstractActivitiTestCase.java:100)
	at junit.framework.TestResult$1.protect(TestResult.java:122)
	at junit.framework.TestResult.runProtected(TestResult.java:142)
	at junit.framework.TestResult.run(TestResult.java:125)
	at junit.framework.TestCase.run(TestCase.java:129)
	at junit.framework.TestSuite.runTest(TestSuite.java:255)
	at junit.framework.TestSuite.run(TestSuite.java:250)
	at org.junit.internal.runners.JUnit38ClassRunner.run(JUnit38ClassRunner.java:84)
	at org.apache.maven.surefire.junit4.JUnit4TestSet.execute(JUnit4TestSet.java:35)
	at org.apache.maven.surefire.junit4.JUnit4Provider.executeTestSet(JUnit4Provider.java:146)
	at org.apache.maven.surefire.junit4.JUnit4Provider.invoke(JUnit4Provider.java:97)
	at sun.reflect.NativeMethodAccessorImpl.invoke0(Native Method)
	at sun.reflect.NativeMethodAccessorImpl.invoke(NativeMethodAccessorImpl.java:62)
	at sun.reflect.DelegatingMethodAccessorImpl.invoke(DelegatingMethodAccessorImpl.java:43)
	at java.lang.reflect.Method.invoke(Method.java:498)
	at org.apache.maven.surefire.booter.ProviderFactory$ClassLoaderProxy.invoke(ProviderFactory.java:103)
	at com.sun.proxy.$Proxy0.invoke(Unknown Source)
	at org.apache.maven.surefire.booter.SurefireStarter.invokeProvider(SurefireStarter.java:145)
	at org.apache.maven.surefire.booter.SurefireStarter.runSuitesInProcess(SurefireStarter.java:87)
	at org.apache.maven.surefire.booter.ForkedBooter.main(ForkedBooter.java:69)
Caused by: org.h2.jdbc.JdbcSQLException: Syntax error in SQL statement &quot;SELECT RES.* 
     
    FROM ACT_RU_JOB RES
     
        LEFT OUTER JOIN ACT_RU_EXECUTION PI ON PI.ID_ = RES.PROCESS_INSTANCE_ID_
     
     WHERE  (RES.RETRIES_ &gt; 0)
        AND (RES.DUEDATE_ IS NULL OR RES.DUEDATE_ &lt;= ?)
        AND (
            (RES.EXECUTION_ID_ IS NULL)
            OR 
            (PI.SUSPENSION_STATE_ = 1)     
      ) 
   
     ORDER BY  ORDER[*] BY RES.ID_ ASC  
    LIMIT ? OFFSET ? &quot;; expected &quot;=, NOT, EXISTS, INTERSECTS, SELECT, FROM&quot;; SQL statement:
select RES.* 
     
    from ACT_RU_JOB RES
     
        LEFT OUTER JOIN ACT_RU_EXECUTION PI ON PI.ID_ = RES.PROCESS_INSTANCE_ID_
     
     WHERE  (RES.RETRIES_ &gt; 0)
        and (RES.DUEDATE_ is null or RES.DUEDATE_ &lt;= ?)
        and (
            (RES.EXECUTION_ID_ is null)
            or 
            (PI.SUSPENSION_STATE_ = 1)     
      ) 
   
     order by  order by RES.ID_ asc  
    LIMIT ? OFFSET ? [42001-176]
	at org.h2.message.DbException.getJdbcSQLException(DbException.java:344)
	at org.h2.message.DbException.getSyntaxError(DbException.java:204)
	at org.h2.command.Parser.getSyntaxError(Parser.java:524)
	at org.h2.command.Parser.readTerm(Parser.java:2688)
	at org.h2.command.Parser.readFactor(Parser.java:2244)
	at org.h2.command.Parser.readSum(Parser.java:2231)
	at org.h2.command.Parser.readConcat(Parser.java:2201)
	at org.h2.command.Parser.readCondition(Parser.java:2051)
	at org.h2.command.Parser.readAnd(Parser.java:2023)
	at org.h2.command.Parser.readExpression(Parser.java:2015)
	at org.h2.command.Parser.parseEndOfQuery(Parser.java:1726)
	at org.h2.command.Parser.parseSelectUnionExtension(Parser.java:1706)
	at org.h2.command.Parser.parseSelectUnion(Parser.java:1675)
	at org.h2.command.Parser.parseSelect(Parser.java:1662)
	at org.h2.command.Parser.parsePrepared(Parser.java:434)
	at org.h2.command.Parser.parse(Parser.java:306)
	at org.h2.command.Parser.parse(Parser.java:282)
	at org.h2.command.Parser.prepareCommand(Parser.java:243)
	at org.h2.engine.Session.prepareLocal(Session.java:442)
	at org.h2.engine.Session.prepareCommand(Session.java:384)
	at org.h2.jdbc.JdbcConnection.prepareCommand(JdbcConnection.java:1188)
	at org.h2.jdbc.JdbcPreparedStatement.&lt;init&gt;(JdbcPreparedStatement.java:73)
	at org.h2.jdbc.JdbcConnection.prepareStatement(JdbcConnection.java:276)
	at sun.reflect.GeneratedMethodAccessor6.invoke(Unknown Source)
	at sun.reflect.DelegatingMethodAccessorImpl.invoke(DelegatingMethodAccessorImpl.java:43)
	at java.lang.reflect.Method.invoke(Method.java:498)
	at org.apache.ibatis.datasource.pooled.PooledConnection.invoke(PooledConnection.java:245)
	at com.sun.proxy.$Proxy12.prepareStatement(Unknown Source)
	at sun.reflect.GeneratedMethodAccessor6.invoke(Unknown Source)
	at sun.reflect.DelegatingMethodAccessorImpl.invoke(DelegatingMethodAccessorImpl.java:43)
	at java.lang.reflect.Method.invoke(Method.java:498)
	at org.apache.ibatis.logging.jdbc.ConnectionLogger.invoke(ConnectionLogger.java:55)
	at com.sun.proxy.$Proxy12.prepareStatement(Unknown Source)
	at org.apache.ibatis.executor.statement.PreparedStatementHandler.instantiateStatement(PreparedStatementHandler.java:79)
	at org.apache.ibatis.executor.statement.BaseStatementHandler.prepare(BaseStatementHandler.java:88)
	at org.apache.ibatis.executor.statement.RoutingStatementHandler.prepare(RoutingStatementHandler.java:58)
	at org.apache.ibatis.executor.SimpleExecutor.prepareStatement(SimpleExecutor.java:76)
	at org.apache.ibatis.executor.SimpleExecutor.doQuery(SimpleExecutor.java:61)
	at org.apache.ibatis.executor.BaseExecutor.queryFromDatabase(BaseExecutor.java:303)
	at org.apache.ibatis.executor.BaseExecutor.query(BaseExecutor.java:154)
	at org.apache.ibatis.executor.CachingExecutor.query(CachingExecutor.java:102)
	at org.apache.ibatis.executor.CachingExecutor.query(CachingExecutor.java:82)
	at org.apache.ibatis.session.defaults.DefaultSqlSession.selectList(DefaultSqlSession.java:120)
	... 42 more
10:44:57,071 [main] DEBUG org.activiti.engine.impl.test.PvmTestCase  - verifying that db is clean after test
10:44:57,071 [main] DEBUG org.activiti.engine.impl.interceptor.LogInterceptor  - 

10:44:57,071 [main] DEBUG org.activiti.engine.impl.interceptor.LogInterceptor  - --- starting GetTableCountCmd --------------------------------------------------------
10:44:57,071 [main] DEBUG org.apache.ibatis.transaction.jdbc.JdbcTransaction  - Opening JDBC Connection
10:44:57,071 [main] DEBUG org.apache.ibatis.datasource.pooled.PooledDataSource  - Checked out connection 180014677 from pool.
10:44:57,071 [main] DEBUG org.apache.ibatis.transaction.jdbc.JdbcTransaction  - Setting autocommit to false on JDBC Connection [conn3: url=jdbc:h2:mem:activiti user=SA]
10:44:57,071 [main] DEBUG org.activiti.engine.impl.persistence.entity.TableDataManager  - retrieving activiti tables from jdbc metadata
10:44:57,072 [main] DEBUG org.activiti.engine.impl.persistence.entity.TableDataManager  -   retrieved activiti table name ACT_EVT_LOG
10:44:57,072 [main] DEBUG org.activiti.engine.impl.persistence.entity.TableDataManager  -   retrieved activiti table name ACT_GE_BYTEARRAY
10:44:57,072 [main] DEBUG org.activiti.engine.impl.persistence.entity.TableDataManager  -   retrieved activiti table name ACT_GE_PROPERTY
10:44:57,072 [main] DEBUG org.activiti.engine.impl.persistence.entity.TableDataManager  -   retrieved activiti table name ACT_HI_ACTINST
10:44:57,072 [main] DEBUG org.activiti.engine.impl.persistence.entity.TableDataManager  -   retrieved activiti table name ACT_HI_ATTACHMENT
10:44:57,072 [main] DEBUG org.activiti.engine.impl.persistence.entity.TableDataManager  -   retrieved activiti table name ACT_HI_COMMENT
10:44:57,072 [main] DEBUG org.activiti.engine.impl.persistence.entity.TableDataManager  -   retrieved activiti table name ACT_HI_DETAIL
10:44:57,072 [main] DEBUG org.activiti.engine.impl.persistence.entity.TableDataManager  -   retrieved activiti table name ACT_HI_IDENTITYLINK
10:44:57,072 [main] DEBUG org.activiti.engine.impl.persistence.entity.TableDataManager  -   retrieved activiti table name ACT_HI_PROCINST
10:44:57,072 [main] DEBUG org.activiti.engine.impl.persistence.entity.TableDataManager  -   retrieved activiti table name ACT_HI_TASKINST
10:44:57,072 [main] DEBUG org.activiti.engine.impl.persistence.entity.TableDataManager  -   retrieved activiti table name ACT_HI_VARINST
10:44:57,072 [main] DEBUG org.activiti.engine.impl.persistence.entity.TableDataManager  -   retrieved activiti table name ACT_ID_GROUP
10:44:57,072 [main] DEBUG org.activiti.engine.impl.persistence.entity.TableDataManager  -   retrieved activiti table name ACT_ID_INFO
10:44:57,072 [main] DEBUG org.activiti.engine.impl.persistence.entity.TableDataManager  -   retrieved activiti table name ACT_ID_MEMBERSHIP
10:44:57,072 [main] DEBUG org.activiti.engine.impl.persistence.entity.TableDataManager  -   retrieved activiti table name ACT_ID_USER
10:44:57,072 [main] DEBUG org.activiti.engine.impl.persistence.entity.TableDataManager  -   retrieved activiti table name ACT_PROCDEF_INFO
10:44:57,072 [main] DEBUG org.activiti.engine.impl.persistence.entity.TableDataManager  -   retrieved activiti table name ACT_RE_DEPLOYMENT
10:44:57,072 [main] DEBUG org.activiti.engine.impl.persistence.entity.TableDataManager  -   retrieved activiti table name ACT_RE_MODEL
10:44:57,072 [main] DEBUG org.activiti.engine.impl.persistence.entity.TableDataManager  -   retrieved activiti table name ACT_RE_PROCDEF
10:44:57,072 [main] DEBUG org.activiti.engine.impl.persistence.entity.TableDataManager  -   retrieved activiti table name ACT_RU_EVENT_SUBSCR
10:44:57,072 [main] DEBUG org.activiti.engine.impl.persistence.entity.TableDataManager  -   retrieved activiti table name ACT_RU_EXECUTION
10:44:57,072 [main] DEBUG org.activiti.engine.impl.persistence.entity.TableDataManager  -   retrieved activiti table name ACT_RU_IDENTITYLINK
10:44:57,072 [main] DEBUG org.activiti.engine.impl.persistence.entity.TableDataManager  -   retrieved activiti table name ACT_RU_JOB
10:44:57,072 [main] DEBUG org.activiti.engine.impl.persistence.entity.TableDataManager  -   retrieved activiti table name ACT_RU_TASK
10:44:57,072 [main] DEBUG org.activiti.engine.impl.persistence.entity.TableDataManager  -   retrieved activiti table name ACT_RU_VARIABLE
10:44:57,072 [main] DEBUG org.activiti.engine.impl.persistence.entity.TableDataManager  - selecting table count for ACT_EVT_LOG
10:44:57,072 [main] DEBUG org.activiti.engine.impl.TablePageMap.selectTableCount  - ==&gt;  Preparing: select count(*) from ACT_EVT_LOG 
10:44:57,072 [main] DEBUG org.activiti.engine.impl.TablePageMap.selectTableCount  - ==&gt; Parameters: 
10:44:57,072 [main] DEBUG org.activiti.engine.impl.TablePageMap.selectTableCount  - &lt;==      Total: 1
10:44:57,072 [main] DEBUG org.activiti.engine.impl.persistence.entity.TableDataManager  - selecting table count for ACT_GE_BYTEARRAY
10:44:57,072 [main] DEBUG org.activiti.engine.impl.TablePageMap.selectTableCount  - ==&gt;  Preparing: select count(*) from ACT_GE_BYTEARRAY 
10:44:57,072 [main] DEBUG org.activiti.engine.impl.TablePageMap.selectTableCount  - ==&gt; Parameters: 
10:44:57,072 [main] DEBUG org.activiti.engine.impl.TablePageMap.selectTableCount  - &lt;==      Total: 1
10:44:57,072 [main] DEBUG org.activiti.engine.impl.persistence.entity.TableDataManager  - selecting table count for ACT_GE_PROPERTY
10:44:57,072 [main] DEBUG org.activiti.engine.impl.TablePageMap.selectTableCount  - ==&gt;  Preparing: select count(*) from ACT_GE_PROPERTY 
10:44:57,072 [main] DEBUG org.activiti.engine.impl.TablePageMap.selectTableCount  - ==&gt; Parameters: 
10:44:57,072 [main] DEBUG org.activiti.engine.impl.TablePageMap.selectTableCount  - &lt;==      Total: 1
10:44:57,072 [main] DEBUG org.activiti.engine.impl.persistence.entity.TableDataManager  - selecting table count for ACT_HI_ACTINST
10:44:57,072 [main] DEBUG org.activiti.engine.impl.TablePageMap.selectTableCount  - ==&gt;  Preparing: select count(*) from ACT_HI_ACTINST 
10:44:57,072 [main] DEBUG org.activiti.engine.impl.TablePageMap.selectTableCount  - ==&gt; Parameters: 
10:44:57,072 [main] DEBUG org.activiti.engine.impl.TablePageMap.selectTableCount  - &lt;==      Total: 1
10:44:57,072 [main] DEBUG org.activiti.engine.impl.persistence.entity.TableDataManager  - selecting table count for ACT_HI_ATTACHMENT
10:44:57,072 [main] DEBUG org.activiti.engine.impl.TablePageMap.selectTableCount  - ==&gt;  Preparing: select count(*) from ACT_HI_ATTACHMENT 
10:44:57,072 [main] DEBUG org.activiti.engine.impl.TablePageMap.selectTableCount  - ==&gt; Parameters: 
10:44:57,072 [main] DEBUG org.activiti.engine.impl.TablePageMap.selectTableCount  - &lt;==      Total: 1
10:44:57,072 [main] DEBUG org.activiti.engine.impl.persistence.entity.TableDataManager  - selecting table count for ACT_HI_COMMENT
10:44:57,072 [main] DEBUG org.activiti.engine.impl.TablePageMap.selectTableCount  - ==&gt;  Preparing: select count(*) from ACT_HI_COMMENT 
10:44:57,072 [main] DEBUG org.activiti.engine.impl.TablePageMap.selectTableCount  - ==&gt; Parameters: 
10:44:57,072 [main] DEBUG org.activiti.engine.impl.TablePageMap.selectTableCount  - &lt;==      Total: 1
10:44:57,072 [main] DEBUG org.activiti.engine.impl.persistence.entity.TableDataManager  - selecting table count for ACT_HI_DETAIL
10:44:57,072 [main] DEBUG org.activiti.engine.impl.TablePageMap.selectTableCount  - ==&gt;  Preparing: select count(*) from ACT_HI_DETAIL 
10:44:57,072 [main] DEBUG org.activiti.engine.impl.TablePageMap.selectTableCount  - ==&gt; Parameters: 
10:44:57,072 [main] DEBUG org.activiti.engine.impl.TablePageMap.selectTableCount  - &lt;==      Total: 1
10:44:57,072 [main] DEBUG org.activiti.engine.impl.persistence.entity.TableDataManager  - selecting table count for ACT_HI_IDENTITYLINK
10:44:57,072 [main] DEBUG org.activiti.engine.impl.TablePageMap.selectTableCount  - ==&gt;  Preparing: select count(*) from ACT_HI_IDENTITYLINK 
10:44:57,072 [main] DEBUG org.activiti.engine.impl.TablePageMap.selectTableCount  - ==&gt; Parameters: 
10:44:57,072 [main] DEBUG org.activiti.engine.impl.TablePageMap.selectTableCount  - &lt;==      Total: 1
10:44:57,072 [main] DEBUG org.activiti.engine.impl.persistence.entity.TableDataManager  - selecting table count for ACT_HI_PROCINST
10:44:57,072 [main] DEBUG org.activiti.engine.impl.TablePageMap.selectTableCount  - ==&gt;  Preparing: select count(*) from ACT_HI_PROCINST 
10:44:57,072 [main] DEBUG org.activiti.engine.impl.TablePageMap.selectTableCount  - ==&gt; Parameters: 
10:44:57,072 [main] DEBUG org.activiti.engine.impl.TablePageMap.selectTableCount  - &lt;==      Total: 1
10:44:57,072 [main] DEBUG org.activiti.engine.impl.persistence.entity.TableDataManager  - selecting table count for ACT_HI_TASKINST
10:44:57,072 [main] DEBUG org.activiti.engine.impl.TablePageMap.selectTableCount  - ==&gt;  Preparing: select count(*) from ACT_HI_TASKINST 
10:44:57,072 [main] DEBUG org.activiti.engine.impl.TablePageMap.selectTableCount  - ==&gt; Parameters: 
10:44:57,072 [main] DEBUG org.activiti.engine.impl.TablePageMap.selectTableCount  - &lt;==      Total: 1
10:44:57,072 [main] DEBUG org.activiti.engine.impl.persistence.entity.TableDataManager  - selecting table count for ACT_HI_VARINST
10:44:57,072 [main] DEBUG org.activiti.engine.impl.TablePageMap.selectTableCount  - ==&gt;  Preparing: select count(*) from ACT_HI_VARINST 
10:44:57,072 [main] DEBUG org.activiti.engine.impl.TablePageMap.selectTableCount  - ==&gt; Parameters: 
10:44:57,072 [main] DEBUG org.activiti.engine.impl.TablePageMap.selectTableCount  - &lt;==      Total: 1
10:44:57,072 [main] DEBUG org.activiti.engine.impl.persistence.entity.TableDataManager  - selecting table count for ACT_ID_GROUP
10:44:57,072 [main] DEBUG org.activiti.engine.impl.TablePageMap.selectTableCount  - ==&gt;  Preparing: select count(*) from ACT_ID_GROUP 
10:44:57,072 [main] DEBUG org.activiti.engine.impl.TablePageMap.selectTableCount  - ==&gt; Parameters: 
10:44:57,072 [main] DEBUG org.activiti.engine.impl.TablePageMap.selectTableCount  - &lt;==      Total: 1
10:44:57,072 [main] DEBUG org.activiti.engine.impl.persistence.entity.TableDataManager  - selecting table count for ACT_ID_INFO
10:44:57,072 [main] DEBUG org.activiti.engine.impl.TablePageMap.selectTableCount  - ==&gt;  Preparing: select count(*) from ACT_ID_INFO 
10:44:57,072 [main] DEBUG org.activiti.engine.impl.TablePageMap.selectTableCount  - ==&gt; Parameters: 
10:44:57,072 [main] DEBUG org.activiti.engine.impl.TablePageMap.selectTableCount  - &lt;==      Total: 1
10:44:57,072 [main] DEBUG org.activiti.engine.impl.persistence.entity.TableDataManager  - selecting table count for ACT_ID_MEMBERSHIP
10:44:57,072 [main] DEBUG org.activiti.engine.impl.TablePageMap.selectTableCount  - ==&gt;  Preparing: select count(*) from ACT_ID_MEMBERSHIP 
10:44:57,072 [main] DEBUG org.activiti.engine.impl.TablePageMap.selectTableCount  - ==&gt; Parameters: 
10:44:57,072 [main] DEBUG org.activiti.engine.impl.TablePageMap.selectTableCount  - &lt;==      Total: 1
10:44:57,072 [main] DEBUG org.activiti.engine.impl.persistence.entity.TableDataManager  - selecting table count for ACT_ID_USER
10:44:57,072 [main] DEBUG org.activiti.engine.impl.TablePageMap.selectTableCount  - ==&gt;  Preparing: select count(*) from ACT_ID_USER 
10:44:57,072 [main] DEBUG org.activiti.engine.impl.TablePageMap.selectTableCount  - ==&gt; Parameters: 
10:44:57,072 [main] DEBUG org.activiti.engine.impl.TablePageMap.selectTableCount  - &lt;==      Total: 1
10:44:57,072 [main] DEBUG org.activiti.engine.impl.persistence.entity.TableDataManager  - selecting table count for ACT_PROCDEF_INFO
10:44:57,072 [main] DEBUG org.activiti.engine.impl.TablePageMap.selectTableCount  - ==&gt;  Preparing: select count(*) from ACT_PROCDEF_INFO 
10:44:57,072 [main] DEBUG org.activiti.engine.impl.TablePageMap.selectTableCount  - ==&gt; Parameters: 
10:44:57,072 [main] DEBUG org.activiti.engine.impl.TablePageMap.selectTableCount  - &lt;==      Total: 1
10:44:57,072 [main] DEBUG org.activiti.engine.impl.persistence.entity.TableDataManager  - selecting table count for ACT_RE_DEPLOYMENT
10:44:57,072 [main] DEBUG org.activiti.engine.impl.TablePageMap.selectTableCount  - ==&gt;  Preparing: select count(*) from ACT_RE_DEPLOYMENT 
10:44:57,072 [main] DEBUG org.activiti.engine.impl.TablePageMap.selectTableCount  - ==&gt; Parameters: 
10:44:57,072 [main] DEBUG org.activiti.engine.impl.TablePageMap.selectTableCount  - &lt;==      Total: 1
10:44:57,072 [main] DEBUG org.activiti.engine.impl.persistence.entity.TableDataManager  - selecting table count for ACT_RE_MODEL
10:44:57,072 [main] DEBUG org.activiti.engine.impl.TablePageMap.selectTableCount  - ==&gt;  Preparing: select count(*) from ACT_RE_MODEL 
10:44:57,072 [main] DEBUG org.activiti.engine.impl.TablePageMap.selectTableCount  - ==&gt; Parameters: 
10:44:57,072 [main] DEBUG org.activiti.engine.impl.TablePageMap.selectTableCount  - &lt;==      Total: 1
10:44:57,072 [main] DEBUG org.activiti.engine.impl.persistence.entity.TableDataManager  - selecting table count for ACT_RE_PROCDEF
10:44:57,072 [main] DEBUG org.activiti.engine.impl.TablePageMap.selectTableCount  - ==&gt;  Preparing: select count(*) from ACT_RE_PROCDEF 
10:44:57,072 [main] DEBUG org.activiti.engine.impl.TablePageMap.selectTableCount  - ==&gt; Parameters: 
10:44:57,072 [main] DEBUG org.activiti.engine.impl.TablePageMap.selectTableCount  - &lt;==      Total: 1
10:44:57,072 [main] DEBUG org.activiti.engine.impl.persistence.entity.TableDataManager  - selecting table count for ACT_RU_EVENT_SUBSCR
10:44:57,072 [main] DEBUG org.activiti.engine.impl.TablePageMap.selectTableCount  - ==&gt;  Preparing: select count(*) from ACT_RU_EVENT_SUBSCR 
10:44:57,072 [main] DEBUG org.activiti.engine.impl.TablePageMap.selectTableCount  - ==&gt; Parameters: 
10:44:57,072 [main] DEBUG org.activiti.engine.impl.TablePageMap.selectTableCount  - &lt;==      Total: 1
10:44:57,072 [main] DEBUG org.activiti.engine.impl.persistence.entity.TableDataManager  - selecting table count for ACT_RU_EXECUTION
10:44:57,072 [main] DEBUG org.activiti.engine.impl.TablePageMap.selectTableCount  - ==&gt;  Preparing: select count(*) from ACT_RU_EXECUTION 
10:44:57,072 [main] DEBUG org.activiti.engine.impl.TablePageMap.selectTableCount  - ==&gt; Parameters: 
10:44:57,072 [main] DEBUG org.activiti.engine.impl.TablePageMap.selectTableCount  - &lt;==      Total: 1
10:44:57,072 [main] DEBUG org.activiti.engine.impl.persistence.entity.TableDataManager  - selecting table count for ACT_RU_IDENTITYLINK
10:44:57,072 [main] DEBUG org.activiti.engine.impl.TablePageMap.selectTableCount  - ==&gt;  Preparing: select count(*) from ACT_RU_IDENTITYLINK 
10:44:57,072 [main] DEBUG org.activiti.engine.impl.TablePageMap.selectTableCount  - ==&gt; Parameters: 
10:44:57,072 [main] DEBUG org.activiti.engine.impl.TablePageMap.selectTableCount  - &lt;==      Total: 1
10:44:57,072 [main] DEBUG org.activiti.engine.impl.persistence.entity.TableDataManager  - selecting table count for ACT_RU_JOB
10:44:57,072 [main] DEBUG org.activiti.engine.impl.TablePageMap.selectTableCount  - ==&gt;  Preparing: select count(*) from ACT_RU_JOB 
10:44:57,072 [main] DEBUG org.activiti.engine.impl.TablePageMap.selectTableCount  - ==&gt; Parameters: 
10:44:57,072 [main] DEBUG org.activiti.engine.impl.TablePageMap.selectTableCount  - &lt;==      Total: 1
10:44:57,072 [main] DEBUG org.activiti.engine.impl.persistence.entity.TableDataManager  - selecting table count for ACT_RU_TASK
10:44:57,072 [main] DEBUG org.activiti.engine.impl.TablePageMap.selectTableCount  - ==&gt;  Preparing: select count(*) from ACT_RU_TASK 
10:44:57,072 [main] DEBUG org.activiti.engine.impl.TablePageMap.selectTableCount  - ==&gt; Parameters: 
10:44:57,072 [main] DEBUG org.activiti.engine.impl.TablePageMap.selectTableCount  - &lt;==      Total: 1
10:44:57,072 [main] DEBUG org.activiti.engine.impl.persistence.entity.TableDataManager  - selecting table count for ACT_RU_VARIABLE
10:44:57,072 [main] DEBUG org.activiti.engine.impl.TablePageMap.selectTableCount  - ==&gt;  Preparing: select count(*) from ACT_RU_VARIABLE 
10:44:57,072 [main] DEBUG org.activiti.engine.impl.TablePageMap.selectTableCount  - ==&gt; Parameters: 
10:44:57,072 [main] DEBUG org.activiti.engine.impl.TablePageMap.selectTableCount  - &lt;==      Total: 1
10:44:57,072 [main] DEBUG org.activiti.engine.impl.persistence.entity.TableDataManager  - Number of rows per activiti table: {ACT_RU_EVENT_SUBSCR=0, ACT_ID_USER=0, ACT_HI_ATTACHMENT=0, ACT_GE_BYTEARRAY=1, ACT_RE_MODEL=0, ACT_RU_VARIABLE=0, ACT_RU_TASK=3, ACT_RE_DEPLOYMENT=1, ACT_RE_PROCDEF=1, ACT_ID_GROUP=0, ACT_HI_VARINST=0, ACT_HI_COMMENT=0, ACT_HI_PROCINST=3, ACT_ID_INFO=0, ACT_ID_MEMBERSHIP=0, ACT_RU_JOB=4, ACT_PROCDEF_INFO=0, ACT_HI_ACTINST=6, ACT_RU_EXECUTION=6, ACT_HI_TASKINST=3, ACT_HI_DETAIL=0, ACT_EVT_LOG=0, ACT_HI_IDENTITYLINK=0, ACT_RU_IDENTITYLINK=0, ACT_GE_PROPERTY=3}
10:44:57,072 [main] DEBUG org.activiti.engine.impl.db.DbSqlSession  - flush summary: 0 insert, 0 update, 0 delete.
10:44:57,072 [main] DEBUG org.activiti.engine.impl.db.DbSqlSession  - now executing flush...
10:44:57,072 [main] DEBUG org.activiti.engine.impl.cfg.standalone.StandaloneMybatisTransactionContext  - firing event committing...
10:44:57,072 [main] DEBUG org.activiti.engine.impl.cfg.standalone.StandaloneMybatisTransactionContext  - committing the ibatis sql session...
10:44:57,072 [main] DEBUG org.activiti.engine.impl.cfg.standalone.StandaloneMybatisTransactionContext  - firing event committed...
10:44:57,072 [main] DEBUG org.apache.ibatis.transaction.jdbc.JdbcTransaction  - Resetting autocommit to true on JDBC Connection [conn3: url=jdbc:h2:mem:activiti user=SA]
10:44:57,072 [main] DEBUG org.apache.ibatis.transaction.jdbc.JdbcTransaction  - Closing JDBC Connection [conn3: url=jdbc:h2:mem:activiti user=SA]
10:44:57,072 [main] DEBUG org.apache.ibatis.datasource.pooled.PooledDataSource  - Returned connection 180014677 to pool.
10:44:57,072 [main] DEBUG org.activiti.engine.impl.interceptor.LogInterceptor  - --- GetTableCountCmd finished --------------------------------------------------------
10:44:57,072 [main] DEBUG org.activiti.engine.impl.interceptor.LogInterceptor  - 

10:44:57,072 [main] ERROR org.activiti.engine.impl.test.PvmTestCase  - 

10:44:57,072 [main] ERROR org.activiti.engine.impl.test.PvmTestCase  - DB NOT CLEAN: 
  ACT_GE_BYTEARRAY: 1 record(s)   ACT_RU_TASK: 3 record(s)   ACT_RE_DEPLOYMENT: 1 record(s)   ACT_RE_PROCDEF: 1 record(s)   ACT_HI_PROCINST: 3 record(s)   ACT_RU_JOB: 4 record(s)   ACT_HI_ACTINST: 6 record(s)   ACT_RU_EXECUTION: 6 record(s)   ACT_HI_TASKINST: 3 record(s) 
10:44:57,072 [main] INFO  org.activiti.engine.impl.test.PvmTestCase  - dropping and recreating db
10:44:57,072 [main] DEBUG org.activiti.engine.impl.interceptor.LogInterceptor  - 

10:44:57,072 [main] DEBUG org.activiti.engine.impl.interceptor.LogInterceptor  - --- starting  --------------------------------------------------------
10:44:57,072 [main] INFO  org.activiti.engine.impl.db.DbSqlSession  - performing drop on engine with resource org/activiti/db/drop/activiti.h2.drop.engine.sql
10:44:57,072 [main] DEBUG org.apache.ibatis.transaction.jdbc.JdbcTransaction  - Opening JDBC Connection
10:44:57,073 [main] DEBUG org.apache.ibatis.datasource.pooled.PooledDataSource  - Checked out connection 297240765 from pool.
10:44:57,073 [main] DEBUG org.apache.ibatis.transaction.jdbc.JdbcTransaction  - Setting autocommit to false on JDBC Connection [conn4: url=jdbc:h2:mem:activiti user=SA]
10:44:57,073 [main] DEBUG org.activiti.engine.impl.db.DbSqlSession  - SQL: drop table if exists ACT_GE_PROPERTY cascade constraints
10:44:57,073 [main] DEBUG org.activiti.engine.impl.db.DbSqlSession  - SQL: drop table if exists ACT_GE_BYTEARRAY cascade constraints
10:44:57,073 [main] DEBUG org.activiti.engine.impl.db.DbSqlSession  - SQL: drop table if exists ACT_RE_DEPLOYMENT cascade constraints
10:44:57,073 [main] DEBUG org.activiti.engine.impl.db.DbSqlSession  - SQL: drop table if exists ACT_RE_MODEL cascade constraints
10:44:57,073 [main] DEBUG org.activiti.engine.impl.db.DbSqlSession  - SQL: drop table if exists ACT_RU_EXECUTION cascade constraints
10:44:57,073 [main] DEBUG org.activiti.engine.impl.db.DbSqlSession  - SQL: drop table if exists ACT_RU_JOB cascade constraints
10:44:57,073 [main] DEBUG org.activiti.engine.impl.db.DbSqlSession  - SQL: drop table if exists ACT_RE_PROCDEF cascade constraints
10:44:57,073 [main] DEBUG org.activiti.engine.impl.db.DbSqlSession  - SQL: drop table if exists ACT_RU_TASK cascade constraints
10:44:57,073 [main] DEBUG org.activiti.engine.impl.db.DbSqlSession  - SQL: drop table if exists ACT_RU_IDENTITYLINK cascade constraints
10:44:57,073 [main] DEBUG org.activiti.engine.impl.db.DbSqlSession  - SQL: drop table if exists ACT_RU_VARIABLE cascade constraints
10:44:57,073 [main] DEBUG org.activiti.engine.impl.db.DbSqlSession  - SQL: drop table if exists ACT_RU_EVENT_SUBSCR cascade constraints
10:44:57,073 [main] DEBUG org.activiti.engine.impl.db.DbSqlSession  - SQL: drop table if exists ACT_EVT_LOG cascade constraints
10:44:57,073 [main] DEBUG org.activiti.engine.impl.db.DbSqlSession  - SQL: drop table if exists ACT_PROCDEF_INFO cascade constraints
10:44:57,073 [main] DEBUG org.activiti.engine.impl.db.DbSqlSession  - SQL: drop index if exists ACT_IDX_EXEC_BUSKEY
10:44:57,073 [main] DEBUG org.activiti.engine.impl.db.DbSqlSession  - SQL: drop index if exists ACT_IDX_TASK_CREATE
10:44:57,073 [main] DEBUG org.activiti.engine.impl.db.DbSqlSession  - SQL: drop index if exists ACT_IDX_IDENT_LNK_USER
10:44:57,073 [main] DEBUG org.activiti.engine.impl.db.DbSqlSession  - SQL: drop index if exists ACT_IDX_IDENT_LNK_GROUP
10:44:57,073 [main] DEBUG org.activiti.engine.impl.db.DbSqlSession  - SQL: drop index if exists ACT_IDX_VARIABLE_TASK_ID
10:44:57,073 [main] DEBUG org.activiti.engine.impl.db.DbSqlSession  - SQL: drop index if exists ACT_IDX_EVENT_SUBSCR_CONFIG_
10:44:57,073 [main] DEBUG org.activiti.engine.impl.db.DbSqlSession  - SQL: drop index if exists ACT_IDX_ATHRZ_PROCEDEF
10:44:57,073 [main] DEBUG org.activiti.engine.impl.db.DbSqlSession  - SQL: drop index if exists ACT_IDX_INFO_PROCDEF
10:44:57,073 [main] DEBUG org.activiti.engine.impl.db.DbSqlSession  - activiti db schema drop for component engine successful
10:44:57,073 [main] INFO  org.activiti.engine.impl.db.DbSqlSession  - performing drop on history with resource org/activiti/db/drop/activiti.h2.drop.history.sql
10:44:57,073 [main] DEBUG org.activiti.engine.impl.db.DbSqlSession  - SQL: drop table if exists ACT_HI_PROCINST cascade constraints
10:44:57,073 [main] DEBUG org.activiti.engine.impl.db.DbSqlSession  - SQL: drop table if exists ACT_HI_ACTINST cascade constraints
10:44:57,074 [main] DEBUG org.activiti.engine.impl.db.DbSqlSession  - SQL: drop table if exists ACT_HI_VARINST cascade constraints
10:44:57,074 [main] DEBUG org.activiti.engine.impl.db.DbSqlSession  - SQL: drop table if exists ACT_HI_TASKINST cascade constraints
10:44:57,074 [main] DEBUG org.activiti.engine.impl.db.DbSqlSession  - SQL: drop table if exists ACT_HI_DETAIL cascade constraints
10:44:57,074 [main] DEBUG org.activiti.engine.impl.db.DbSqlSession  - SQL: drop table if exists ACT_HI_COMMENT cascade constraints
10:44:57,074 [main] DEBUG org.activiti.engine.impl.db.DbSqlSession  - SQL: drop table if exists ACT_HI_ATTACHMENT cascade constraints
10:44:57,074 [main] DEBUG org.activiti.engine.impl.db.DbSqlSession  - SQL: drop table if exists ACT_HI_IDENTITYLINK cascade constraints
10:44:57,074 [main] DEBUG org.activiti.engine.impl.db.DbSqlSession  - SQL: drop index if exists ACT_IDX_HI_PRO_INST_END
10:44:57,074 [main] DEBUG org.activiti.engine.impl.db.DbSqlSession  - SQL: drop index if exists ACT_IDX_HI_PRO_I_BUSKEY
10:44:57,074 [main] DEBUG org.activiti.engine.impl.db.DbSqlSession  - SQL: drop index if exists ACT_IDX_HI_ACT_INST_START
10:44:57,074 [main] DEBUG org.activiti.engine.impl.db.DbSqlSession  - SQL: drop index if exists ACT_IDX_HI_ACT_INST_END
10:44:57,074 [main] DEBUG org.activiti.engine.impl.db.DbSqlSession  - SQL: drop index if exists ACT_IDX_HI_DETAIL_PROC_INST
10:44:57,074 [main] DEBUG org.activiti.engine.impl.db.DbSqlSession  - SQL: drop index if exists ACT_IDX_HI_DETAIL_ACT_INST
10:44:57,074 [main] DEBUG org.activiti.engine.impl.db.DbSqlSession  - SQL: drop index if exists ACT_IDX_HI_DETAIL_TIME
10:44:57,074 [main] DEBUG org.activiti.engine.impl.db.DbSqlSession  - SQL: drop index if exists ACT_IDX_HI_DETAIL_NAME
10:44:57,074 [main] DEBUG org.activiti.engine.impl.db.DbSqlSession  - SQL: drop index if exists ACT_IDX_HI_DETAIL_TASK_ID
10:44:57,074 [main] DEBUG org.activiti.engine.impl.db.DbSqlSession  - SQL: drop index if exists ACT_IDX_HI_PROCVAR_PROC_INST
10:44:57,074 [main] DEBUG org.activiti.engine.impl.db.DbSqlSession  - SQL: drop index if exists ACT_IDX_HI_PROCVAR_NAME_TYPE
10:44:57,074 [main] DEBUG org.activiti.engine.impl.db.DbSqlSession  - SQL: drop index if exists ACT_IDX_HI_ACT_INST_PROCINST
10:44:57,074 [main] DEBUG org.activiti.engine.impl.db.DbSqlSession  - SQL: drop index if exists ACT_IDX_HI_IDENT_LNK_USER
10:44:57,074 [main] DEBUG org.activiti.engine.impl.db.DbSqlSession  - SQL: drop index if exists ACT_IDX_HI_IDENT_LNK_TASK
10:44:57,074 [main] DEBUG org.activiti.engine.impl.db.DbSqlSession  - SQL: drop index if exists ACT_IDX_HI_IDENT_LNK_PROCINST
10:44:57,074 [main] DEBUG org.activiti.engine.impl.db.DbSqlSession  - SQL: drop index if exists ACT_IDX_HI_TASK_INST_PROCINST
10:44:57,074 [main] DEBUG org.activiti.engine.impl.db.DbSqlSession  - activiti db schema drop for component history successful
10:44:57,074 [main] INFO  org.activiti.engine.impl.db.DbSqlSession  - performing drop on identity with resource org/activiti/db/drop/activiti.h2.drop.identity.sql
10:44:57,074 [main] DEBUG org.activiti.engine.impl.db.DbSqlSession  - SQL: drop table if exists ACT_ID_INFO cascade constraints
10:44:57,074 [main] DEBUG org.activiti.engine.impl.db.DbSqlSession  - SQL: drop table if exists ACT_ID_GROUP cascade constraints
10:44:57,074 [main] DEBUG org.activiti.engine.impl.db.DbSqlSession  - SQL: drop table if exists ACT_ID_MEMBERSHIP cascade constraints
10:44:57,074 [main] DEBUG org.activiti.engine.impl.db.DbSqlSession  - SQL: drop table if exists ACT_ID_USER cascade constraints
10:44:57,074 [main] DEBUG org.activiti.engine.impl.db.DbSqlSession  - activiti db schema drop for component identity successful
10:44:57,074 [main] INFO  org.activiti.engine.impl.db.DbSqlSession  - performing create on engine with resource org/activiti/db/create/activiti.h2.create.engine.sql
10:44:57,074 [main] DEBUG org.activiti.engine.impl.db.DbSqlSession  - SQL: create table ACT_GE_PROPERTY ( 
NAME_ varchar(64), 
VALUE_ varchar(300), 
REV_ integer, 
primary key (NAME_) 
)
10:44:57,074 [main] DEBUG org.activiti.engine.impl.db.DbSqlSession  - SQL: insert into ACT_GE_PROPERTY 
values (&apos;schema.version&apos;, &apos;5.20.0.0&apos;, 1)
10:44:57,074 [main] DEBUG org.activiti.engine.impl.db.DbSqlSession  - SQL: insert into ACT_GE_PROPERTY 
values (&apos;schema.history&apos;, &apos;create(5.20.0.0)&apos;, 1)
10:44:57,074 [main] DEBUG org.activiti.engine.impl.db.DbSqlSession  - SQL: insert into ACT_GE_PROPERTY 
values (&apos;next.dbid&apos;, &apos;1&apos;, 1)
10:44:57,074 [main] DEBUG org.activiti.engine.impl.db.DbSqlSession  - SQL: create table ACT_GE_BYTEARRAY ( 
ID_ varchar(64), 
REV_ integer, 
NAME_ varchar(255), 
DEPLOYMENT_ID_ varchar(64), 
BYTES_ longvarbinary, 
GENERATED_ bit, 
primary key (ID_) 
)
10:44:57,074 [main] DEBUG org.activiti.engine.impl.db.DbSqlSession  - SQL: create table ACT_RE_DEPLOYMENT ( 
ID_ varchar(64), 
NAME_ varchar(255), 
CATEGORY_ varchar(255), 
TENANT_ID_ varchar(255) default &apos;&apos;, 
DEPLOY_TIME_ timestamp, 
primary key (ID_) 
)
10:44:57,074 [main] DEBUG org.activiti.engine.impl.db.DbSqlSession  - SQL: create table ACT_RE_MODEL ( 
ID_ varchar(64) not null, 
REV_ integer, 
NAME_ varchar(255), 
KEY_ varchar(255), 
CATEGORY_ varchar(255), 
CREATE_TIME_ timestamp, 
LAST_UPDATE_TIME_ timestamp, 
VERSION_ integer, 
META_INFO_ varchar(4000), 
DEPLOYMENT_ID_ varchar(64), 
EDITOR_SOURCE_VALUE_ID_ varchar(64), 
EDITOR_SOURCE_EXTRA_VALUE_ID_ varchar(64), 
TENANT_ID_ varchar(255) default &apos;&apos;, 
primary key (ID_) 
)
10:44:57,074 [main] DEBUG org.activiti.engine.impl.db.DbSqlSession  - SQL: create table ACT_RU_EXECUTION ( 
ID_ varchar(64), 
REV_ integer, 
PROC_INST_ID_ varchar(64), 
BUSINESS_KEY_ varchar(255), 
PARENT_ID_ varchar(64), 
PROC_DEF_ID_ varchar(64), 
SUPER_EXEC_ varchar(64), 
ACT_ID_ varchar(255), 
IS_ACTIVE_ bit, 
IS_CONCURRENT_ bit, 
IS_SCOPE_ bit, 
IS_EVENT_SCOPE_ bit, 
SUSPENSION_STATE_ integer, 
CACHED_ENT_STATE_ integer, 
TENANT_ID_ varchar(255) default &apos;&apos;, 
NAME_ varchar(255), 
LOCK_TIME_ timestamp, 
primary key (ID_) 
)
10:44:57,074 [main] DEBUG org.activiti.engine.impl.db.DbSqlSession  - SQL: create table ACT_RU_JOB ( 
ID_ varchar(64) NOT NULL, 
REV_ integer, 
TYPE_ varchar(255) NOT NULL, 
LOCK_EXP_TIME_ timestamp, 
LOCK_OWNER_ varchar(255), 
EXCLUSIVE_ boolean, 
EXECUTION_ID_ varchar(64), 
PROCESS_INSTANCE_ID_ varchar(64), 
PROC_DEF_ID_ varchar(64), 
RETRIES_ integer, 
EXCEPTION_STACK_ID_ varchar(64), 
EXCEPTION_MSG_ varchar(4000), 
DUEDATE_ timestamp, 
REPEAT_ varchar(255), 
HANDLER_TYPE_ varchar(255), 
HANDLER_CFG_ varchar(4000), 
TENANT_ID_ varchar(255) default &apos;&apos;, 
primary key (ID_) 
)
10:44:57,074 [main] DEBUG org.activiti.engine.impl.db.DbSqlSession  - SQL: create table ACT_RE_PROCDEF ( 
ID_ varchar(64) NOT NULL, 
REV_ integer, 
CATEGORY_ varchar(255), 
NAME_ varchar(255), 
KEY_ varchar(255) NOT NULL, 
VERSION_ integer NOT NULL, 
DEPLOYMENT_ID_ varchar(64), 
RESOURCE_NAME_ varchar(4000), 
DGRM_RESOURCE_NAME_ varchar(4000), 
DESCRIPTION_ varchar(4000), 
HAS_START_FORM_KEY_ bit, 
HAS_GRAPHICAL_NOTATION_ bit, 
SUSPENSION_STATE_ integer, 
TENANT_ID_ varchar(255) default &apos;&apos;, 
primary key (ID_) 
)
10:44:57,075 [main] DEBUG org.activiti.engine.impl.db.DbSqlSession  - SQL: create table ACT_RU_TASK ( 
ID_ varchar(64), 
REV_ integer, 
EXECUTION_ID_ varchar(64), 
PROC_INST_ID_ varchar(64), 
PROC_DEF_ID_ varchar(64), 
NAME_ varchar(255), 
PARENT_TASK_ID_ varchar(64), 
DESCRIPTION_ varchar(4000), 
TASK_DEF_KEY_ varchar(255), 
OWNER_ varchar(255), 
ASSIGNEE_ varchar(255), 
DELEGATION_ varchar(64), 
PRIORITY_ integer, 
CREATE_TIME_ timestamp, 
DUE_DATE_ timestamp, 
CATEGORY_ varchar(255), 
SUSPENSION_STATE_ integer, 
TENANT_ID_ varchar(255) default &apos;&apos;, 
FORM_KEY_ varchar(255), 
primary key (ID_) 
)
10:44:57,075 [main] DEBUG org.activiti.engine.impl.db.DbSqlSession  - SQL: create table ACT_RU_IDENTITYLINK ( 
ID_ varchar(64), 
REV_ integer, 
GROUP_ID_ varchar(255), 
TYPE_ varchar(255), 
USER_ID_ varchar(255), 
TASK_ID_ varchar(64), 
PROC_INST_ID_ varchar(64) null, 
PROC_DEF_ID_ varchar(64), 
primary key (ID_) 
)
10:44:57,075 [main] DEBUG org.activiti.engine.impl.db.DbSqlSession  - SQL: create table ACT_RU_VARIABLE ( 
ID_ varchar(64) not null, 
REV_ integer, 
TYPE_ varchar(255) not null, 
NAME_ varchar(255) not null, 
EXECUTION_ID_ varchar(64), 
PROC_INST_ID_ varchar(64), 
TASK_ID_ varchar(64), 
BYTEARRAY_ID_ varchar(64), 
DOUBLE_ double, 
LONG_ bigint, 
TEXT_ varchar(4000), 
TEXT2_ varchar(4000), 
primary key (ID_) 
)
10:44:57,075 [main] DEBUG org.activiti.engine.impl.db.DbSqlSession  - SQL: create table ACT_RU_EVENT_SUBSCR ( 
ID_ varchar(64) not null, 
REV_ integer, 
EVENT_TYPE_ varchar(255) not null, 
EVENT_NAME_ varchar(255), 
EXECUTION_ID_ varchar(64), 
PROC_INST_ID_ varchar(64), 
ACTIVITY_ID_ varchar(64), 
CONFIGURATION_ varchar(255), 
CREATED_ timestamp not null, 
PROC_DEF_ID_ varchar(64), 
TENANT_ID_ varchar(255) default &apos;&apos;, 
primary key (ID_) 
)
10:44:57,075 [main] DEBUG org.activiti.engine.impl.db.DbSqlSession  - SQL: create table ACT_EVT_LOG ( 
LOG_NR_ identity, 
TYPE_ varchar(64), 
PROC_DEF_ID_ varchar(64), 
PROC_INST_ID_ varchar(64), 
EXECUTION_ID_ varchar(64), 
TASK_ID_ varchar(64), 
TIME_STAMP_ timestamp not null, 
USER_ID_ varchar(255), 
DATA_ longvarbinary, 
LOCK_OWNER_ varchar(255), 
LOCK_TIME_ timestamp, 
IS_PROCESSED_ bit default 0 
)
10:44:57,075 [main] DEBUG org.activiti.engine.impl.db.DbSqlSession  - SQL: create table ACT_PROCDEF_INFO ( 
ID_ varchar(64) not null, 
PROC_DEF_ID_ varchar(64) not null, 
REV_ integer, 
INFO_JSON_ID_ varchar(64), 
primary key (ID_) 
)
10:44:57,075 [main] DEBUG org.activiti.engine.impl.db.DbSqlSession  - SQL: create index ACT_IDX_EXEC_BUSKEY on ACT_RU_EXECUTION(BUSINESS_KEY_)
10:44:57,075 [main] DEBUG org.activiti.engine.impl.db.DbSqlSession  - SQL: create index ACT_IDX_TASK_CREATE on ACT_RU_TASK(CREATE_TIME_)
10:44:57,075 [main] DEBUG org.activiti.engine.impl.db.DbSqlSession  - SQL: create index ACT_IDX_IDENT_LNK_USER on ACT_RU_IDENTITYLINK(USER_ID_)
10:44:57,075 [main] DEBUG org.activiti.engine.impl.db.DbSqlSession  - SQL: create index ACT_IDX_IDENT_LNK_GROUP on ACT_RU_IDENTITYLINK(GROUP_ID_)
10:44:57,075 [main] DEBUG org.activiti.engine.impl.db.DbSqlSession  - SQL: create index ACT_IDX_EVENT_SUBSCR_CONFIG_ on ACT_RU_EVENT_SUBSCR(CONFIGURATION_)
10:44:57,075 [main] DEBUG org.activiti.engine.impl.db.DbSqlSession  - SQL: create index ACT_IDX_VARIABLE_TASK_ID on ACT_RU_VARIABLE(TASK_ID_)
10:44:57,075 [main] DEBUG org.activiti.engine.impl.db.DbSqlSession  - SQL: create index ACT_IDX_ATHRZ_PROCEDEF on ACT_RU_IDENTITYLINK(PROC_DEF_ID_)
10:44:57,075 [main] DEBUG org.activiti.engine.impl.db.DbSqlSession  - SQL: create index ACT_IDX_INFO_PROCDEF on ACT_PROCDEF_INFO(PROC_DEF_ID_)
10:44:57,075 [main] DEBUG org.activiti.engine.impl.db.DbSqlSession  - SQL: alter table ACT_GE_BYTEARRAY 
add constraint ACT_FK_BYTEARR_DEPL 
foreign key (DEPLOYMENT_ID_) 
references ACT_RE_DEPLOYMENT
10:44:57,075 [main] DEBUG org.activiti.engine.impl.db.DbSqlSession  - SQL: alter table ACT_RE_PROCDEF 
add constraint ACT_UNIQ_PROCDEF 
unique (KEY_,VERSION_, TENANT_ID_)
10:44:57,075 [main] DEBUG org.activiti.engine.impl.db.DbSqlSession  - SQL: alter table ACT_RU_EXECUTION 
add constraint ACT_FK_EXE_PROCINST 
foreign key (PROC_INST_ID_) 
references ACT_RU_EXECUTION
10:44:57,075 [main] DEBUG org.activiti.engine.impl.db.DbSqlSession  - SQL: alter table ACT_RU_EXECUTION 
add constraint ACT_FK_EXE_PARENT 
foreign key (PARENT_ID_) 
references ACT_RU_EXECUTION
10:44:57,075 [main] DEBUG org.activiti.engine.impl.db.DbSqlSession  - SQL: alter table ACT_RU_EXECUTION 
add constraint ACT_FK_EXE_SUPER 
foreign key (SUPER_EXEC_) 
references ACT_RU_EXECUTION
10:44:57,075 [main] DEBUG org.activiti.engine.impl.db.DbSqlSession  - SQL: alter table ACT_RU_EXECUTION 
add constraint ACT_FK_EXE_PROCDEF 
foreign key (PROC_DEF_ID_) 
references ACT_RE_PROCDEF (ID_)
10:44:57,075 [main] DEBUG org.activiti.engine.impl.db.DbSqlSession  - SQL: alter table ACT_RU_IDENTITYLINK 
add constraint ACT_FK_TSKASS_TASK 
foreign key (TASK_ID_) 
references ACT_RU_TASK
10:44:57,075 [main] DEBUG org.activiti.engine.impl.db.DbSqlSession  - SQL: alter table ACT_RU_IDENTITYLINK 
add constraint ACT_FK_ATHRZ_PROCEDEF 
foreign key (PROC_DEF_ID_) 
references ACT_RE_PROCDEF
10:44:57,076 [main] DEBUG org.activiti.engine.impl.db.DbSqlSession  - SQL: alter table ACT_RU_IDENTITYLINK 
add constraint ACT_FK_IDL_PROCINST 
foreign key (PROC_INST_ID_) 
references ACT_RU_EXECUTION (ID_)
10:44:57,076 [main] DEBUG org.activiti.engine.impl.db.DbSqlSession  - SQL: alter table ACT_RU_TASK 
add constraint ACT_FK_TASK_EXE 
foreign key (EXECUTION_ID_) 
references ACT_RU_EXECUTION
10:44:57,076 [main] DEBUG org.activiti.engine.impl.db.DbSqlSession  - SQL: alter table ACT_RU_TASK 
add constraint ACT_FK_TASK_PROCINST 
foreign key (PROC_INST_ID_) 
references ACT_RU_EXECUTION
10:44:57,076 [main] DEBUG org.activiti.engine.impl.db.DbSqlSession  - SQL: alter table ACT_RU_TASK 
add constraint ACT_FK_TASK_PROCDEF 
foreign key (PROC_DEF_ID_) 
references ACT_RE_PROCDEF
10:44:57,076 [main] DEBUG org.activiti.engine.impl.db.DbSqlSession  - SQL: alter table ACT_RU_VARIABLE 
add constraint ACT_FK_VAR_EXE 
foreign key (EXECUTION_ID_) 
references ACT_RU_EXECUTION
10:44:57,076 [main] DEBUG org.activiti.engine.impl.db.DbSqlSession  - SQL: alter table ACT_RU_VARIABLE 
add constraint ACT_FK_VAR_PROCINST 
foreign key (PROC_INST_ID_) 
references ACT_RU_EXECUTION
10:44:57,076 [main] DEBUG org.activiti.engine.impl.db.DbSqlSession  - SQL: alter table ACT_RU_VARIABLE 
add constraint ACT_FK_VAR_BYTEARRAY 
foreign key (BYTEARRAY_ID_) 
references ACT_GE_BYTEARRAY
10:44:57,076 [main] DEBUG org.activiti.engine.impl.db.DbSqlSession  - SQL: alter table ACT_RU_JOB 
add constraint ACT_FK_JOB_EXCEPTION 
foreign key (EXCEPTION_STACK_ID_) 
references ACT_GE_BYTEARRAY
10:44:57,076 [main] DEBUG org.activiti.engine.impl.db.DbSqlSession  - SQL: alter table ACT_RU_EVENT_SUBSCR 
add constraint ACT_FK_EVENT_EXEC 
foreign key (EXECUTION_ID_) 
references ACT_RU_EXECUTION
10:44:57,076 [main] DEBUG org.activiti.engine.impl.db.DbSqlSession  - SQL: alter table ACT_RE_MODEL 
add constraint ACT_FK_MODEL_SOURCE 
foreign key (EDITOR_SOURCE_VALUE_ID_) 
references ACT_GE_BYTEARRAY (ID_)
10:44:57,076 [main] DEBUG org.activiti.engine.impl.db.DbSqlSession  - SQL: alter table ACT_RE_MODEL 
add constraint ACT_FK_MODEL_SOURCE_EXTRA 
foreign key (EDITOR_SOURCE_EXTRA_VALUE_ID_) 
references ACT_GE_BYTEARRAY (ID_)
10:44:57,076 [main] DEBUG org.activiti.engine.impl.db.DbSqlSession  - SQL: alter table ACT_RE_MODEL 
add constraint ACT_FK_MODEL_DEPLOYMENT 
foreign key (DEPLOYMENT_ID_) 
references ACT_RE_DEPLOYMENT (ID_)
10:44:57,076 [main] DEBUG org.activiti.engine.impl.db.DbSqlSession  - SQL: alter table ACT_PROCDEF_INFO 
add constraint ACT_FK_INFO_JSON_BA 
foreign key (INFO_JSON_ID_) 
references ACT_GE_BYTEARRAY (ID_)
10:44:57,076 [main] DEBUG org.activiti.engine.impl.db.DbSqlSession  - SQL: alter table ACT_PROCDEF_INFO 
add constraint ACT_FK_INFO_PROCDEF 
foreign key (PROC_DEF_ID_) 
references ACT_RE_PROCDEF (ID_)
10:44:57,076 [main] DEBUG org.activiti.engine.impl.db.DbSqlSession  - SQL: alter table ACT_PROCDEF_INFO 
add constraint ACT_UNIQ_INFO_PROCDEF 
unique (PROC_DEF_ID_)
10:44:57,077 [main] DEBUG org.activiti.engine.impl.db.DbSqlSession  - activiti db schema create for component engine successful
10:44:57,077 [main] INFO  org.activiti.engine.impl.db.DbSqlSession  - performing create on history with resource org/activiti/db/create/activiti.h2.create.history.sql
10:44:57,077 [main] DEBUG org.activiti.engine.impl.db.DbSqlSession  - SQL: create table ACT_HI_PROCINST ( 
ID_ varchar(64) not null, 
PROC_INST_ID_ varchar(64) not null, 
BUSINESS_KEY_ varchar(255), 
PROC_DEF_ID_ varchar(64) not null, 
START_TIME_ timestamp not null, 
END_TIME_ timestamp, 
DURATION_ bigint, 
START_USER_ID_ varchar(255), 
START_ACT_ID_ varchar(255), 
END_ACT_ID_ varchar(255), 
SUPER_PROCESS_INSTANCE_ID_ varchar(64), 
DELETE_REASON_ varchar(4000), 
TENANT_ID_ varchar(255) default &apos;&apos;, 
NAME_ varchar(255), 
primary key (ID_), 
unique (PROC_INST_ID_) 
)
10:44:57,077 [main] DEBUG org.activiti.engine.impl.db.DbSqlSession  - SQL: create table ACT_HI_ACTINST ( 
ID_ varchar(64) not null, 
PROC_DEF_ID_ varchar(64) not null, 
PROC_INST_ID_ varchar(64) not null, 
EXECUTION_ID_ varchar(64) not null, 
ACT_ID_ varchar(255) not null, 
TASK_ID_ varchar(64), 
CALL_PROC_INST_ID_ varchar(64), 
ACT_NAME_ varchar(255), 
ACT_TYPE_ varchar(255) not null, 
ASSIGNEE_ varchar(255), 
START_TIME_ timestamp not null, 
END_TIME_ timestamp, 
DURATION_ bigint, 
TENANT_ID_ varchar(255) default &apos;&apos;, 
primary key (ID_) 
)
10:44:57,077 [main] DEBUG org.activiti.engine.impl.db.DbSqlSession  - SQL: create table ACT_HI_TASKINST ( 
ID_ varchar(64) not null, 
PROC_DEF_ID_ varchar(64), 
TASK_DEF_KEY_ varchar(255), 
PROC_INST_ID_ varchar(64), 
EXECUTION_ID_ varchar(64), 
NAME_ varchar(255), 
PARENT_TASK_ID_ varchar(64), 
DESCRIPTION_ varchar(4000), 
OWNER_ varchar(255), 
ASSIGNEE_ varchar(255), 
START_TIME_ timestamp not null, 
CLAIM_TIME_ timestamp, 
END_TIME_ timestamp, 
DURATION_ bigint, 
DELETE_REASON_ varchar(4000), 
PRIORITY_ integer, 
DUE_DATE_ timestamp, 
FORM_KEY_ varchar(255), 
CATEGORY_ varchar(255), 
TENANT_ID_ varchar(255) default &apos;&apos;, 
primary key (ID_) 
)
10:44:57,077 [main] DEBUG org.activiti.engine.impl.db.DbSqlSession  - SQL: create table ACT_HI_VARINST ( 
ID_ varchar(64) not null, 
PROC_INST_ID_ varchar(64), 
EXECUTION_ID_ varchar(64), 
TASK_ID_ varchar(64), 
NAME_ varchar(255) not null, 
VAR_TYPE_ varchar(100), 
REV_ integer, 
BYTEARRAY_ID_ varchar(64), 
DOUBLE_ double, 
LONG_ bigint, 
TEXT_ varchar(4000), 
TEXT2_ varchar(4000), 
CREATE_TIME_ timestamp, 
LAST_UPDATED_TIME_ timestamp, 
primary key (ID_) 
)
10:44:57,077 [main] DEBUG org.activiti.engine.impl.db.DbSqlSession  - SQL: create table ACT_HI_DETAIL ( 
ID_ varchar(64) not null, 
TYPE_ varchar(255) not null, 
TIME_ timestamp not null, 
NAME_ varchar(255), 
PROC_INST_ID_ varchar(64), 
EXECUTION_ID_ varchar(64), 
TASK_ID_ varchar(64), 
ACT_INST_ID_ varchar(64), 
VAR_TYPE_ varchar(255), 
REV_ integer, 
BYTEARRAY_ID_ varchar(64), 
DOUBLE_ double, 
LONG_ bigint, 
TEXT_ varchar(4000), 
TEXT2_ varchar(4000), 
primary key (ID_) 
)
10:44:57,077 [main] DEBUG org.activiti.engine.impl.db.DbSqlSession  - SQL: create table ACT_HI_COMMENT ( 
ID_ varchar(64) not null, 
TYPE_ varchar(255), 
TIME_ timestamp not null, 
USER_ID_ varchar(255), 
TASK_ID_ varchar(64), 
PROC_INST_ID_ varchar(64), 
ACTION_ varchar(255), 
MESSAGE_ varchar(4000), 
FULL_MSG_ longvarbinary, 
primary key (ID_) 
)
10:44:57,077 [main] DEBUG org.activiti.engine.impl.db.DbSqlSession  - SQL: create table ACT_HI_ATTACHMENT ( 
ID_ varchar(64) not null, 
REV_ integer, 
USER_ID_ varchar(255), 
NAME_ varchar(255), 
DESCRIPTION_ varchar(4000), 
TYPE_ varchar(255), 
TASK_ID_ varchar(64), 
PROC_INST_ID_ varchar(64), 
URL_ varchar(4000), 
CONTENT_ID_ varchar(64), 
TIME_ timestamp, 
primary key (ID_) 
)
10:44:57,077 [main] DEBUG org.activiti.engine.impl.db.DbSqlSession  - SQL: create table ACT_HI_IDENTITYLINK ( 
ID_ varchar(64), 
GROUP_ID_ varchar(255), 
TYPE_ varchar(255), 
USER_ID_ varchar(255), 
TASK_ID_ varchar(64), 
PROC_INST_ID_ varchar(64) null, 
primary key (ID_) 
)
10:44:57,077 [main] DEBUG org.activiti.engine.impl.db.DbSqlSession  - SQL: create index ACT_IDX_HI_PRO_INST_END on ACT_HI_PROCINST(END_TIME_)
10:44:57,077 [main] DEBUG org.activiti.engine.impl.db.DbSqlSession  - SQL: create index ACT_IDX_HI_PRO_I_BUSKEY on ACT_HI_PROCINST(BUSINESS_KEY_)
10:44:57,077 [main] DEBUG org.activiti.engine.impl.db.DbSqlSession  - SQL: create index ACT_IDX_HI_ACT_INST_START on ACT_HI_ACTINST(START_TIME_)
10:44:57,077 [main] DEBUG org.activiti.engine.impl.db.DbSqlSession  - SQL: create index ACT_IDX_HI_ACT_INST_END on ACT_HI_ACTINST(END_TIME_)
10:44:57,077 [main] DEBUG org.activiti.engine.impl.db.DbSqlSession  - SQL: create index ACT_IDX_HI_DETAIL_PROC_INST on ACT_HI_DETAIL(PROC_INST_ID_)
10:44:57,077 [main] DEBUG org.activiti.engine.impl.db.DbSqlSession  - SQL: create index ACT_IDX_HI_DETAIL_ACT_INST on ACT_HI_DETAIL(ACT_INST_ID_)
10:44:57,077 [main] DEBUG org.activiti.engine.impl.db.DbSqlSession  - SQL: create index ACT_IDX_HI_DETAIL_TIME on ACT_HI_DETAIL(TIME_)
10:44:57,077 [main] DEBUG org.activiti.engine.impl.db.DbSqlSession  - SQL: create index ACT_IDX_HI_DETAIL_NAME on ACT_HI_DETAIL(NAME_)
10:44:57,077 [main] DEBUG org.activiti.engine.impl.db.DbSqlSession  - SQL: create index ACT_IDX_HI_DETAIL_TASK_ID on ACT_HI_DETAIL(TASK_ID_)
10:44:57,077 [main] DEBUG org.activiti.engine.impl.db.DbSqlSession  - SQL: create index ACT_IDX_HI_PROCVAR_PROC_INST on ACT_HI_VARINST(PROC_INST_ID_)
10:44:57,077 [main] DEBUG org.activiti.engine.impl.db.DbSqlSession  - SQL: create index ACT_IDX_HI_PROCVAR_NAME_TYPE on ACT_HI_VARINST(NAME_, VAR_TYPE_)
10:44:57,077 [main] DEBUG org.activiti.engine.impl.db.DbSqlSession  - SQL: create index ACT_IDX_HI_PROCVAR_TASK_ID on ACT_HI_VARINST(TASK_ID_)
10:44:57,077 [main] DEBUG org.activiti.engine.impl.db.DbSqlSession  - SQL: create index ACT_IDX_HI_ACT_INST_PROCINST on ACT_HI_ACTINST(PROC_INST_ID_, ACT_ID_)
10:44:57,077 [main] DEBUG org.activiti.engine.impl.db.DbSqlSession  - SQL: create index ACT_IDX_HI_IDENT_LNK_USER on ACT_HI_IDENTITYLINK(USER_ID_)
10:44:57,077 [main] DEBUG org.activiti.engine.impl.db.DbSqlSession  - SQL: create index ACT_IDX_HI_IDENT_LNK_TASK on ACT_HI_IDENTITYLINK(TASK_ID_)
10:44:57,077 [main] DEBUG org.activiti.engine.impl.db.DbSqlSession  - SQL: create index ACT_IDX_HI_IDENT_LNK_PROCINST on ACT_HI_IDENTITYLINK(PROC_INST_ID_)
10:44:57,077 [main] DEBUG org.activiti.engine.impl.db.DbSqlSession  - SQL: create index ACT_IDX_HI_ACT_INST_EXEC on ACT_HI_ACTINST(EXECUTION_ID_, ACT_ID_)
10:44:57,077 [main] DEBUG org.activiti.engine.impl.db.DbSqlSession  - SQL: create index ACT_IDX_HI_TASK_INST_PROCINST on ACT_HI_TASKINST(PROC_INST_ID_)
10:44:57,077 [main] DEBUG org.activiti.engine.impl.db.DbSqlSession  - activiti db schema create for component history successful
10:44:57,077 [main] INFO  org.activiti.engine.impl.db.DbSqlSession  - performing create on identity with resource org/activiti/db/create/activiti.h2.create.identity.sql
10:44:57,077 [main] DEBUG org.activiti.engine.impl.db.DbSqlSession  - SQL: create table ACT_ID_GROUP ( 
ID_ varchar(64), 
REV_ integer, 
NAME_ varchar(255), 
TYPE_ varchar(255), 
primary key (ID_) 
)
10:44:57,077 [main] DEBUG org.activiti.engine.impl.db.DbSqlSession  - SQL: create table ACT_ID_MEMBERSHIP ( 
USER_ID_ varchar(64), 
GROUP_ID_ varchar(64), 
primary key (USER_ID_, GROUP_ID_) 
)
10:44:57,077 [main] DEBUG org.activiti.engine.impl.db.DbSqlSession  - SQL: create table ACT_ID_USER ( 
ID_ varchar(64), 
REV_ integer, 
FIRST_ varchar(255), 
LAST_ varchar(255), 
EMAIL_ varchar(255), 
PWD_ varchar(255), 
PICTURE_ID_ varchar(64), 
primary key (ID_) 
)
10:44:57,077 [main] DEBUG org.activiti.engine.impl.db.DbSqlSession  - SQL: create table ACT_ID_INFO ( 
ID_ varchar(64), 
REV_ integer, 
USER_ID_ varchar(64), 
TYPE_ varchar(64), 
KEY_ varchar(255), 
VALUE_ varchar(255), 
PASSWORD_ longvarbinary, 
PARENT_ID_ varchar(255), 
primary key (ID_) 
)
10:44:57,077 [main] DEBUG org.activiti.engine.impl.db.DbSqlSession  - SQL: alter table ACT_ID_MEMBERSHIP 
add constraint ACT_FK_MEMB_GROUP 
foreign key (GROUP_ID_) 
references ACT_ID_GROUP
10:44:57,078 [main] DEBUG org.activiti.engine.impl.db.DbSqlSession  - SQL: alter table ACT_ID_MEMBERSHIP 
add constraint ACT_FK_MEMB_USER 
foreign key (USER_ID_) 
references ACT_ID_USER
10:44:57,078 [main] DEBUG org.activiti.engine.impl.db.DbSqlSession  - activiti db schema create for component identity successful
10:44:57,078 [main] DEBUG org.activiti.engine.impl.db.DbSqlSession  - flush summary: 0 insert, 0 update, 0 delete.
10:44:57,078 [main] DEBUG org.activiti.engine.impl.db.DbSqlSession  - now executing flush...
10:44:57,078 [main] DEBUG org.activiti.engine.impl.cfg.standalone.StandaloneMybatisTransactionContext  - firing event committing...
10:44:57,078 [main] DEBUG org.activiti.engine.impl.cfg.standalone.StandaloneMybatisTransactionContext  - committing the ibatis sql session...
10:44:57,078 [main] DEBUG org.activiti.engine.impl.cfg.standalone.StandaloneMybatisTransactionContext  - firing event committed...
10:44:57,078 [main] DEBUG org.apache.ibatis.transaction.jdbc.JdbcTransaction  - Resetting autocommit to true on JDBC Connection [conn4: url=jdbc:h2:mem:activiti user=SA]
10:44:57,078 [main] DEBUG org.apache.ibatis.transaction.jdbc.JdbcTransaction  - Closing JDBC Connection [conn4: url=jdbc:h2:mem:activiti user=SA]
10:44:57,078 [main] DEBUG org.apache.ibatis.datasource.pooled.PooledDataSource  - Returned connection 297240765 to pool.
10:44:57,078 [main] DEBUG org.activiti.engine.impl.interceptor.LogInterceptor  - ---  finished --------------------------------------------------------
10:44:57,078 [main] DEBUG org.activiti.engine.impl.interceptor.LogInterceptor  - 

</system-out>
  </testcase>
  <testcase classname="org.activiti.engine.test.api.mgmt.JobQueryTest" name="testQueryByInvalidProcessInstanceId" time="0.024">
    <error message="
### Error querying database.  Cause: org.h2.jdbc.JdbcSQLException: Syntax error in SQL statement &quot;SELECT RES.* 
     
    FROM ACT_RU_JOB RES
     
     WHERE  RES.PROCESS_INSTANCE_ID_ = ? 
   
     ORDER BY  ORDER[*] BY RES.ID_ ASC  
    LIMIT ? OFFSET ? &quot;; expected &quot;=, NOT, EXISTS, INTERSECTS, SELECT, FROM&quot;; SQL statement:
select RES.* 
     
    from ACT_RU_JOB RES
     
     WHERE  RES.PROCESS_INSTANCE_ID_ = ? 
   
     order by  order by RES.ID_ asc  
    LIMIT ? OFFSET ? [42001-176]
### The error may exist in org/activiti/db/mapping/entity/Job.xml
### The error may involve org.activiti.engine.impl.persistence.entity.JobEntity.selectJobByQueryCriteria
### The error occurred while executing a query
### SQL: select RES.*            from ACT_RU_JOB RES            WHERE  RES.PROCESS_INSTANCE_ID_ = ?           order by  order by RES.ID_ asc       LIMIT ? OFFSET ?
### Cause: org.h2.jdbc.JdbcSQLException: Syntax error in SQL statement &quot;SELECT RES.* 
     
    FROM ACT_RU_JOB RES
     
     WHERE  RES.PROCESS_INSTANCE_ID_ = ? 
   
     ORDER BY  ORDER[*] BY RES.ID_ ASC  
    LIMIT ? OFFSET ? &quot;; expected &quot;=, NOT, EXISTS, INTERSECTS, SELECT, FROM&quot;; SQL statement:
select RES.* 
     
    from ACT_RU_JOB RES
     
     WHERE  RES.PROCESS_INSTANCE_ID_ = ? 
   
     order by  order by RES.ID_ asc  
    LIMIT ? OFFSET ? [42001-176]" type="org.apache.ibatis.exceptions.PersistenceException">org.apache.ibatis.exceptions.PersistenceException: 
### Error querying database.  Cause: org.h2.jdbc.JdbcSQLException: Syntax error in SQL statement &quot;SELECT RES.* 
     
    FROM ACT_RU_JOB RES
     
     WHERE  RES.PROCESS_INSTANCE_ID_ = ? 
   
     ORDER BY  ORDER[*] BY RES.ID_ ASC  
    LIMIT ? OFFSET ? &quot;; expected &quot;=, NOT, EXISTS, INTERSECTS, SELECT, FROM&quot;; SQL statement:
select RES.* 
     
    from ACT_RU_JOB RES
     
     WHERE  RES.PROCESS_INSTANCE_ID_ = ? 
   
     order by  order by RES.ID_ asc  
    LIMIT ? OFFSET ? [42001-176]
### The error may exist in org/activiti/db/mapping/entity/Job.xml
### The error may involve org.activiti.engine.impl.persistence.entity.JobEntity.selectJobByQueryCriteria
### The error occurred while executing a query
### SQL: select RES.*            from ACT_RU_JOB RES            WHERE  RES.PROCESS_INSTANCE_ID_ = ?           order by  order by RES.ID_ asc       LIMIT ? OFFSET ?
### Cause: org.h2.jdbc.JdbcSQLException: Syntax error in SQL statement &quot;SELECT RES.* 
     
    FROM ACT_RU_JOB RES
     
     WHERE  RES.PROCESS_INSTANCE_ID_ = ? 
   
     ORDER BY  ORDER[*] BY RES.ID_ ASC  
    LIMIT ? OFFSET ? &quot;; expected &quot;=, NOT, EXISTS, INTERSECTS, SELECT, FROM&quot;; SQL statement:
select RES.* 
     
    from ACT_RU_JOB RES
     
     WHERE  RES.PROCESS_INSTANCE_ID_ = ? 
   
     order by  order by RES.ID_ asc  
    LIMIT ? OFFSET ? [42001-176]
	at org.apache.ibatis.exceptions.ExceptionFactory.wrapException(ExceptionFactory.java:30)
	at org.apache.ibatis.session.defaults.DefaultSqlSession.selectList(DefaultSqlSession.java:122)
	at org.apache.ibatis.session.defaults.DefaultSqlSession.selectList(DefaultSqlSession.java:113)
	at org.activiti.engine.impl.db.DbSqlSession.selectListWithRawParameter(DbSqlSession.java:438)
	at org.activiti.engine.impl.db.DbSqlSession.selectList(DbSqlSession.java:429)
	at org.activiti.engine.impl.db.DbSqlSession.selectList(DbSqlSession.java:419)
	at org.activiti.engine.impl.persistence.entity.JobEntityManager.findJobsByQueryCriteria(JobEntityManager.java:198)
	at org.activiti.engine.impl.JobQueryImpl.executeList(JobQueryImpl.java:243)
	at org.activiti.engine.impl.AbstractQuery.execute(AbstractQuery.java:164)
	at org.activiti.engine.impl.interceptor.CommandInvoker.execute(CommandInvoker.java:24)
	at org.activiti.engine.impl.interceptor.CommandContextInterceptor.execute(CommandContextInterceptor.java:57)
	at org.activiti.engine.impl.interceptor.LogInterceptor.execute(LogInterceptor.java:37)
	at org.activiti.engine.impl.cfg.CommandExecutorImpl.execute(CommandExecutorImpl.java:40)
	at org.activiti.engine.impl.cfg.CommandExecutorImpl.execute(CommandExecutorImpl.java:35)
	at org.activiti.engine.impl.AbstractQuery.list(AbstractQuery.java:138)
	at org.activiti.engine.test.api.mgmt.JobQueryTest.verifyQueryResults(JobQueryTest.java:400)
	at org.activiti.engine.test.api.mgmt.JobQueryTest.testQueryByInvalidProcessInstanceId(JobQueryTest.java:133)
	at sun.reflect.NativeMethodAccessorImpl.invoke0(Native Method)
	at sun.reflect.NativeMethodAccessorImpl.invoke(NativeMethodAccessorImpl.java:62)
	at sun.reflect.DelegatingMethodAccessorImpl.invoke(DelegatingMethodAccessorImpl.java:43)
	at java.lang.reflect.Method.invoke(Method.java:498)
	at junit.framework.TestCase.runTest(TestCase.java:176)
	at org.activiti.engine.impl.test.PvmTestCase.runTest(PvmTestCase.java:65)
	at junit.framework.TestCase.runBare(TestCase.java:141)
	at org.activiti.engine.impl.test.AbstractActivitiTestCase.runBare(AbstractActivitiTestCase.java:100)
	at junit.framework.TestResult$1.protect(TestResult.java:122)
	at junit.framework.TestResult.runProtected(TestResult.java:142)
	at junit.framework.TestResult.run(TestResult.java:125)
	at junit.framework.TestCase.run(TestCase.java:129)
	at junit.framework.TestSuite.runTest(TestSuite.java:255)
	at junit.framework.TestSuite.run(TestSuite.java:250)
	at org.junit.internal.runners.JUnit38ClassRunner.run(JUnit38ClassRunner.java:84)
	at org.apache.maven.surefire.junit4.JUnit4TestSet.execute(JUnit4TestSet.java:35)
	at org.apache.maven.surefire.junit4.JUnit4Provider.executeTestSet(JUnit4Provider.java:146)
	at org.apache.maven.surefire.junit4.JUnit4Provider.invoke(JUnit4Provider.java:97)
	at sun.reflect.NativeMethodAccessorImpl.invoke0(Native Method)
	at sun.reflect.NativeMethodAccessorImpl.invoke(NativeMethodAccessorImpl.java:62)
	at sun.reflect.DelegatingMethodAccessorImpl.invoke(DelegatingMethodAccessorImpl.java:43)
	at java.lang.reflect.Method.invoke(Method.java:498)
	at org.apache.maven.surefire.booter.ProviderFactory$ClassLoaderProxy.invoke(ProviderFactory.java:103)
	at com.sun.proxy.$Proxy0.invoke(Unknown Source)
	at org.apache.maven.surefire.booter.SurefireStarter.invokeProvider(SurefireStarter.java:145)
	at org.apache.maven.surefire.booter.SurefireStarter.runSuitesInProcess(SurefireStarter.java:87)
	at org.apache.maven.surefire.booter.ForkedBooter.main(ForkedBooter.java:69)
Caused by: org.h2.jdbc.JdbcSQLException: Syntax error in SQL statement &quot;SELECT RES.* 
     
    FROM ACT_RU_JOB RES
     
     WHERE  RES.PROCESS_INSTANCE_ID_ = ? 
   
     ORDER BY  ORDER[*] BY RES.ID_ ASC  
    LIMIT ? OFFSET ? &quot;; expected &quot;=, NOT, EXISTS, INTERSECTS, SELECT, FROM&quot;; SQL statement:
select RES.* 
     
    from ACT_RU_JOB RES
     
     WHERE  RES.PROCESS_INSTANCE_ID_ = ? 
   
     order by  order by RES.ID_ asc  
    LIMIT ? OFFSET ? [42001-176]
	at org.h2.message.DbException.getJdbcSQLException(DbException.java:344)
	at org.h2.message.DbException.getSyntaxError(DbException.java:204)
	at org.h2.command.Parser.getSyntaxError(Parser.java:524)
	at org.h2.command.Parser.readTerm(Parser.java:2688)
	at org.h2.command.Parser.readFactor(Parser.java:2244)
	at org.h2.command.Parser.readSum(Parser.java:2231)
	at org.h2.command.Parser.readConcat(Parser.java:2201)
	at org.h2.command.Parser.readCondition(Parser.java:2051)
	at org.h2.command.Parser.readAnd(Parser.java:2023)
	at org.h2.command.Parser.readExpression(Parser.java:2015)
	at org.h2.command.Parser.parseEndOfQuery(Parser.java:1726)
	at org.h2.command.Parser.parseSelectUnionExtension(Parser.java:1706)
	at org.h2.command.Parser.parseSelectUnion(Parser.java:1675)
	at org.h2.command.Parser.parseSelect(Parser.java:1662)
	at org.h2.command.Parser.parsePrepared(Parser.java:434)
	at org.h2.command.Parser.parse(Parser.java:306)
	at org.h2.command.Parser.parse(Parser.java:282)
	at org.h2.command.Parser.prepareCommand(Parser.java:243)
	at org.h2.engine.Session.prepareLocal(Session.java:442)
	at org.h2.engine.Session.prepareCommand(Session.java:384)
	at org.h2.jdbc.JdbcConnection.prepareCommand(JdbcConnection.java:1188)
	at org.h2.jdbc.JdbcPreparedStatement.&lt;init&gt;(JdbcPreparedStatement.java:73)
	at org.h2.jdbc.JdbcConnection.prepareStatement(JdbcConnection.java:276)
	at sun.reflect.GeneratedMethodAccessor6.invoke(Unknown Source)
	at sun.reflect.DelegatingMethodAccessorImpl.invoke(DelegatingMethodAccessorImpl.java:43)
	at java.lang.reflect.Method.invoke(Method.java:498)
	at org.apache.ibatis.datasource.pooled.PooledConnection.invoke(PooledConnection.java:245)
	at com.sun.proxy.$Proxy12.prepareStatement(Unknown Source)
	at sun.reflect.GeneratedMethodAccessor6.invoke(Unknown Source)
	at sun.reflect.DelegatingMethodAccessorImpl.invoke(DelegatingMethodAccessorImpl.java:43)
	at java.lang.reflect.Method.invoke(Method.java:498)
	at org.apache.ibatis.logging.jdbc.ConnectionLogger.invoke(ConnectionLogger.java:55)
	at com.sun.proxy.$Proxy12.prepareStatement(Unknown Source)
	at org.apache.ibatis.executor.statement.PreparedStatementHandler.instantiateStatement(PreparedStatementHandler.java:79)
	at org.apache.ibatis.executor.statement.BaseStatementHandler.prepare(BaseStatementHandler.java:88)
	at org.apache.ibatis.executor.statement.RoutingStatementHandler.prepare(RoutingStatementHandler.java:58)
	at org.apache.ibatis.executor.SimpleExecutor.prepareStatement(SimpleExecutor.java:76)
	at org.apache.ibatis.executor.SimpleExecutor.doQuery(SimpleExecutor.java:61)
	at org.apache.ibatis.executor.BaseExecutor.queryFromDatabase(BaseExecutor.java:303)
	at org.apache.ibatis.executor.BaseExecutor.query(BaseExecutor.java:154)
	at org.apache.ibatis.executor.CachingExecutor.query(CachingExecutor.java:102)
	at org.apache.ibatis.executor.CachingExecutor.query(CachingExecutor.java:82)
	at org.apache.ibatis.session.defaults.DefaultSqlSession.selectList(DefaultSqlSession.java:120)
	... 42 more
</error>
    <system-out>10:44:57,079 [main] DEBUG org.activiti.engine.impl.interceptor.LogInterceptor  - 

10:44:57,079 [main] DEBUG org.activiti.engine.impl.interceptor.LogInterceptor  - --- starting DeployCmd --------------------------------------------------------
10:44:57,079 [main] DEBUG org.activiti.engine.impl.bpmn.deployer.BpmnDeployer  - Processing deployment null
10:44:57,079 [main] INFO  org.activiti.engine.impl.bpmn.deployer.BpmnDeployer  - Processing resource org/activiti/engine/test/api/mgmt/timerOnTask.bpmn20.xml
10:44:57,083 [main] DEBUG org.activiti.engine.impl.bpmn.parser.handler.ProcessParseHandler  - Parsing process timerOnTask
10:44:57,083 [main] DEBUG org.activiti.engine.impl.bpmn.parser.handler.AbstractBpmnParseHandler  - Parsing activity firstLineSupport
10:44:57,083 [main] DEBUG org.activiti.engine.impl.bpmn.parser.handler.AbstractBpmnParseHandler  - Parsing activity secondLineSupport
10:44:57,083 [main] DEBUG org.activiti.engine.impl.bpmn.parser.handler.AbstractBpmnParseHandler  - Parsing activity theStart
10:44:57,083 [main] DEBUG org.activiti.engine.impl.bpmn.parser.handler.AbstractBpmnParseHandler  - Parsing activity normalEnd
10:44:57,083 [main] DEBUG org.activiti.engine.impl.bpmn.parser.handler.AbstractBpmnParseHandler  - Parsing activity escalatedEnd
10:44:57,083 [main] DEBUG org.activiti.engine.impl.bpmn.parser.handler.AbstractBpmnParseHandler  - Parsing activity escalationTimer
10:44:57,083 [main] DEBUG org.apache.ibatis.transaction.jdbc.JdbcTransaction  - Opening JDBC Connection
10:44:57,083 [main] DEBUG org.apache.ibatis.datasource.pooled.PooledDataSource  - Checked out connection 363509958 from pool.
10:44:57,083 [main] DEBUG org.apache.ibatis.transaction.jdbc.JdbcTransaction  - Setting autocommit to false on JDBC Connection [conn2: url=jdbc:h2:mem:activiti user=SA]
10:44:57,083 [main] DEBUG org.activiti.engine.impl.persistence.entity.ProcessDefinitionEntity.selectLatestProcessDefinitionByKey  - ==&gt;  Preparing: select * from ACT_RE_PROCDEF where KEY_ = ? and (TENANT_ID_ = &apos;&apos; or TENANT_ID_ is null) and VERSION_ = (select max(VERSION_) from ACT_RE_PROCDEF where KEY_ = ? and (TENANT_ID_ = &apos;&apos; or TENANT_ID_ is null)) 
10:44:57,083 [main] DEBUG org.activiti.engine.impl.persistence.entity.ProcessDefinitionEntity.selectLatestProcessDefinitionByKey  - ==&gt; Parameters: timerOnTask(String), timerOnTask(String)
10:44:57,083 [main] DEBUG org.activiti.engine.impl.persistence.entity.ProcessDefinitionEntity.selectLatestProcessDefinitionByKey  - &lt;==      Total: 0
10:44:57,083 [main] DEBUG org.activiti.engine.impl.persistence.entity.JobEntity.selectJobByTypeAndProcessDefinitionKeyNoTenantId  - ==&gt;  Preparing: select J.* from ACT_RU_JOB J inner join ACT_RE_PROCDEF P on J.PROC_DEF_ID_ = P.ID_ where J.HANDLER_TYPE_ = ? and P.KEY_ = ? and (P.TENANT_ID_ = &apos;&apos; or P.TENANT_ID_ is null) 
10:44:57,083 [main] DEBUG org.activiti.engine.impl.persistence.entity.JobEntity.selectJobByTypeAndProcessDefinitionKeyNoTenantId  - ==&gt; Parameters: timer-start-event(String), timerOnTask(String)
10:44:57,083 [main] DEBUG org.activiti.engine.impl.persistence.entity.JobEntity.selectJobByTypeAndProcessDefinitionKeyNoTenantId  - &lt;==      Total: 0
10:44:57,083 [main] DEBUG org.activiti.engine.impl.persistence.entity.ProcessDefinitionInfoEntity.selectProcessDefinitionInfoByProcessDefinitionId  - ==&gt;  Preparing: select * from ACT_PROCDEF_INFO where PROC_DEF_ID_ = ? 
10:44:57,083 [main] DEBUG org.activiti.engine.impl.persistence.entity.ProcessDefinitionInfoEntity.selectProcessDefinitionInfoByProcessDefinitionId  - ==&gt; Parameters: timerOnTask:1:1547(String)
10:44:57,083 [main] DEBUG org.activiti.engine.impl.persistence.entity.ProcessDefinitionInfoEntity.selectProcessDefinitionInfoByProcessDefinitionId  - &lt;==      Total: 0
10:44:57,083 [main] DEBUG org.activiti.engine.impl.interceptor.LogInterceptor  - 

10:44:57,083 [main] DEBUG org.activiti.engine.impl.interceptor.LogInterceptor  - --- starting GetProcessDefinitionInfoCmd --------------------------------------------------------
10:44:57,083 [main] DEBUG org.activiti.engine.impl.interceptor.CommandContextInterceptor  - Valid context found. Reusing it for the current command &apos;org.activiti.engine.impl.cmd.GetProcessDefinitionInfoCmd&apos;
10:44:57,084 [main] DEBUG org.activiti.engine.impl.interceptor.LogInterceptor  - 

10:44:57,084 [main] DEBUG org.activiti.engine.impl.interceptor.LogInterceptor  - --- starting  --------------------------------------------------------
10:44:57,084 [main] DEBUG org.activiti.engine.impl.interceptor.CommandContextInterceptor  - Valid context found. Reusing it for the current command &apos;null&apos;
10:44:57,084 [main] DEBUG org.activiti.engine.impl.interceptor.LogInterceptor  - ---  finished --------------------------------------------------------
10:44:57,084 [main] DEBUG org.activiti.engine.impl.interceptor.LogInterceptor  - 

10:44:57,084 [main] DEBUG org.activiti.engine.impl.interceptor.LogInterceptor  - --- GetProcessDefinitionInfoCmd finished --------------------------------------------------------
10:44:57,084 [main] DEBUG org.activiti.engine.impl.interceptor.LogInterceptor  - 

10:44:57,084 [main] DEBUG org.activiti.engine.impl.db.DbSqlSession  -   insert ResourceEntity[id=1546, name=org/activiti/engine/test/api/mgmt/timerOnTask.bpmn20.xml]
10:44:57,084 [main] DEBUG org.activiti.engine.impl.db.DbSqlSession  -   insert DeploymentEntity[id=1545, name=null]
10:44:57,084 [main] DEBUG org.activiti.engine.impl.db.DbSqlSession  -   insert ProcessDefinitionEntity[timerOnTask:1:1547]
10:44:57,084 [main] DEBUG org.activiti.engine.impl.db.DbSqlSession  - flush summary: 3 insert, 0 update, 0 delete.
10:44:57,084 [main] DEBUG org.activiti.engine.impl.db.DbSqlSession  - now executing flush...
10:44:57,084 [main] DEBUG org.activiti.engine.impl.db.DbSqlSession  - inserting: ProcessDefinitionEntity[timerOnTask:1:1547]
10:44:57,084 [main] DEBUG org.activiti.engine.impl.persistence.entity.ProcessDefinitionEntity.insertProcessDefinition  - ==&gt;  Preparing: insert into ACT_RE_PROCDEF(ID_, REV_, CATEGORY_, NAME_, KEY_, VERSION_, DEPLOYMENT_ID_, RESOURCE_NAME_, DGRM_RESOURCE_NAME_, DESCRIPTION_, HAS_START_FORM_KEY_, HAS_GRAPHICAL_NOTATION_ , SUSPENSION_STATE_, TENANT_ID_) values (?, 1, ?, ?, ?, ?, ?, ?, ?, ?, ?, ?, ?, ?) 
10:44:57,084 [main] DEBUG org.activiti.engine.impl.persistence.entity.ProcessDefinitionEntity.insertProcessDefinition  - ==&gt; Parameters: timerOnTask:1:1547(String), org.activiti.enginge.test.api.mgmt(String), null, timerOnTask(String), 1(Integer), 1545(String), org/activiti/engine/test/api/mgmt/timerOnTask.bpmn20.xml(String), null, null, false(Boolean), false(Boolean), 1(Integer), (String)
10:44:57,084 [main] DEBUG org.activiti.engine.impl.persistence.entity.ProcessDefinitionEntity.insertProcessDefinition  - &lt;==    Updates: 1
10:44:57,084 [main] DEBUG org.activiti.engine.impl.db.DbSqlSession  - inserting: DeploymentEntity[id=1545, name=null]
10:44:57,084 [main] DEBUG org.activiti.engine.impl.persistence.entity.DeploymentEntity.insertDeployment  - ==&gt;  Preparing: insert into ACT_RE_DEPLOYMENT(ID_, NAME_, CATEGORY_, TENANT_ID_, DEPLOY_TIME_) values(?, ?, ?, ?, ?) 
10:44:57,084 [main] DEBUG org.activiti.engine.impl.persistence.entity.DeploymentEntity.insertDeployment  - ==&gt; Parameters: 1545(String), null, null, (String), 2023-03-20 13:44:58.0(Timestamp)
10:44:57,084 [main] DEBUG org.activiti.engine.impl.persistence.entity.DeploymentEntity.insertDeployment  - &lt;==    Updates: 1
10:44:57,084 [main] DEBUG org.activiti.engine.impl.db.DbSqlSession  - inserting: ResourceEntity[id=1546, name=org/activiti/engine/test/api/mgmt/timerOnTask.bpmn20.xml]
10:44:57,084 [main] DEBUG org.activiti.engine.impl.persistence.entity.ResourceEntity.insertResource  - ==&gt;  Preparing: insert into ACT_GE_BYTEARRAY(ID_, REV_, NAME_, BYTES_, DEPLOYMENT_ID_, GENERATED_) values (?, 1, ?, ?, ?, ?) 
10:44:57,084 [main] DEBUG org.activiti.engine.impl.persistence.entity.ResourceEntity.insertResource  - ==&gt; Parameters: 1546(String), org/activiti/engine/test/api/mgmt/timerOnTask.bpmn20.xml(String), java.io.ByteArrayInputStream@3fc7c734(ByteArrayInputStream), 1545(String), false(Boolean)
10:44:57,084 [main] DEBUG org.activiti.engine.impl.persistence.entity.ResourceEntity.insertResource  - &lt;==    Updates: 1
10:44:57,084 [main] DEBUG org.activiti.engine.impl.cfg.standalone.StandaloneMybatisTransactionContext  - firing event committing...
10:44:57,084 [main] DEBUG org.activiti.engine.impl.cfg.standalone.StandaloneMybatisTransactionContext  - committing the ibatis sql session...
10:44:57,084 [main] DEBUG org.apache.ibatis.transaction.jdbc.JdbcTransaction  - Committing JDBC Connection [conn2: url=jdbc:h2:mem:activiti user=SA]
10:44:57,084 [main] DEBUG org.activiti.engine.impl.cfg.standalone.StandaloneMybatisTransactionContext  - firing event committed...
10:44:57,084 [main] DEBUG org.apache.ibatis.transaction.jdbc.JdbcTransaction  - Resetting autocommit to true on JDBC Connection [conn2: url=jdbc:h2:mem:activiti user=SA]
10:44:57,084 [main] DEBUG org.apache.ibatis.transaction.jdbc.JdbcTransaction  - Closing JDBC Connection [conn2: url=jdbc:h2:mem:activiti user=SA]
10:44:57,084 [main] DEBUG org.apache.ibatis.datasource.pooled.PooledDataSource  - Returned connection 363509958 to pool.
10:44:57,084 [main] DEBUG org.activiti.engine.impl.interceptor.LogInterceptor  - --- DeployCmd finished --------------------------------------------------------
10:44:57,084 [main] DEBUG org.activiti.engine.impl.interceptor.LogInterceptor  - 

10:44:57,084 [main] DEBUG org.activiti.engine.impl.interceptor.LogInterceptor  - 

10:44:57,084 [main] DEBUG org.activiti.engine.impl.interceptor.LogInterceptor  - --- starting StartProcessInstanceCmd --------------------------------------------------------
10:44:57,084 [main] DEBUG org.apache.ibatis.transaction.jdbc.JdbcTransaction  - Opening JDBC Connection
10:44:57,084 [main] DEBUG org.apache.ibatis.datasource.pooled.PooledDataSource  - Checked out connection 180014677 from pool.
10:44:57,084 [main] DEBUG org.apache.ibatis.transaction.jdbc.JdbcTransaction  - Setting autocommit to false on JDBC Connection [conn3: url=jdbc:h2:mem:activiti user=SA]
10:44:57,084 [main] DEBUG org.activiti.engine.impl.persistence.entity.ProcessDefinitionEntity.selectLatestProcessDefinitionByKey  - ==&gt;  Preparing: select * from ACT_RE_PROCDEF where KEY_ = ? and (TENANT_ID_ = &apos;&apos; or TENANT_ID_ is null) and VERSION_ = (select max(VERSION_) from ACT_RE_PROCDEF where KEY_ = ? and (TENANT_ID_ = &apos;&apos; or TENANT_ID_ is null)) 
10:44:57,084 [main] DEBUG org.activiti.engine.impl.persistence.entity.ProcessDefinitionEntity.selectLatestProcessDefinitionByKey  - ==&gt; Parameters: timerOnTask(String), timerOnTask(String)
10:44:57,084 [main] DEBUG org.activiti.engine.impl.persistence.entity.ProcessDefinitionEntity.selectLatestProcessDefinitionByKey  - &lt;==      Total: 1
10:44:57,085 [main] DEBUG org.activiti.engine.impl.persistence.entity.ExecutionEntity  - initializing ProcessInstance[1548]
10:44:57,085 [main] DEBUG org.activiti.engine.impl.history.DefaultHistoryManager  - Current history level: FULL, level required: ACTIVITY
10:44:57,085 [main] DEBUG org.activiti.engine.impl.pvm.runtime.AtomicOperationActivityExecute  - ProcessInstance[1548] executes Activity(theStart): org.activiti.engine.impl.bpmn.behavior.NoneStartEventActivityBehavior
10:44:57,085 [main] DEBUG org.activiti.engine.impl.persistence.entity.JobEntity.selectJobsByExecutionId  - ==&gt;  Preparing: select * from ACT_RU_JOB J where J.EXECUTION_ID_ = ? 
10:44:57,085 [main] DEBUG org.activiti.engine.impl.persistence.entity.JobEntity.selectJobsByExecutionId  - ==&gt; Parameters: 1548(String)
10:44:57,085 [main] DEBUG org.activiti.engine.impl.persistence.entity.JobEntity.selectJobsByExecutionId  - &lt;==      Total: 0
10:44:57,085 [main] DEBUG org.activiti.engine.impl.bpmn.behavior.BpmnActivityBehavior  - Leaving activity &apos;theStart&apos;
10:44:57,085 [main] DEBUG org.activiti.engine.impl.history.DefaultHistoryManager  - Current history level: FULL, level required: ACTIVITY
10:44:57,085 [main] DEBUG org.activiti.engine.impl.pvm.runtime.AtomicOperationTransitionNotifyListenerTake  - ProcessInstance[1548] takes transition (theStart)--flow1--&gt;(firstLineSupport)
10:44:57,085 [main] DEBUG org.activiti.engine.impl.persistence.entity.ExecutionEntity  - Child execution ScopeExecution[1550] created with parent 
10:44:57,085 [main] DEBUG org.activiti.engine.impl.pvm.runtime.AtomicOperationTransitionCreateScope  - create scope: parent ProcessInstance[1548] continues as execution ScopeExecution[1550]
10:44:57,085 [main] DEBUG org.activiti.engine.impl.persistence.entity.ExecutionEntity  - initializing ScopeExecution[1550]
10:44:57,085 [main] DEBUG org.activiti.engine.impl.persistence.entity.JobEntity.selectJobsByExecutionId  - ==&gt;  Preparing: select * from ACT_RU_JOB J where J.EXECUTION_ID_ = ? 
10:44:57,085 [main] DEBUG org.activiti.engine.impl.persistence.entity.JobEntity.selectJobsByExecutionId  - ==&gt; Parameters: 1550(String)
10:44:57,085 [main] DEBUG org.activiti.engine.impl.persistence.entity.JobEntity.selectJobsByExecutionId  - &lt;==      Total: 0
10:44:57,085 [main] DEBUG org.activiti.engine.impl.history.DefaultHistoryManager  - Current history level: FULL, level required: ACTIVITY
10:44:57,085 [main] DEBUG org.activiti.engine.impl.pvm.runtime.AtomicOperationActivityExecute  - ScopeExecution[1550] executes Activity(firstLineSupport): org.activiti.engine.impl.bpmn.behavior.UserTaskActivityBehavior
10:44:57,085 [main] DEBUG org.activiti.engine.impl.persistence.entity.TaskEntity.selectTasksByExecutionId  - ==&gt;  Preparing: select distinct T.* from ACT_RU_TASK T where T.EXECUTION_ID_ = ? 
10:44:57,085 [main] DEBUG org.activiti.engine.impl.persistence.entity.TaskEntity.selectTasksByExecutionId  - ==&gt; Parameters: 1550(String)
10:44:57,086 [main] DEBUG org.activiti.engine.impl.persistence.entity.TaskEntity.selectTasksByExecutionId  - &lt;==      Total: 0
10:44:57,086 [main] DEBUG org.activiti.engine.impl.history.DefaultHistoryManager  - Current history level: FULL, level required: AUDIT
10:44:57,086 [main] DEBUG org.activiti.engine.impl.history.DefaultHistoryManager  - Current history level: FULL, level required: AUDIT
10:44:57,086 [main] DEBUG org.activiti.engine.impl.interceptor.LogInterceptor  - 

10:44:57,086 [main] DEBUG org.activiti.engine.impl.interceptor.LogInterceptor  - --- starting  --------------------------------------------------------
10:44:57,086 [main] DEBUG org.activiti.engine.impl.interceptor.CommandContextInterceptor  - Valid context found. Reusing it for the current command &apos;null&apos;
10:44:57,086 [main] DEBUG org.activiti.engine.impl.persistence.entity.ProcessDefinitionInfoEntity.selectProcessDefinitionInfoByProcessDefinitionId  - ==&gt;  Preparing: select * from ACT_PROCDEF_INFO where PROC_DEF_ID_ = ? 
10:44:57,086 [main] DEBUG org.activiti.engine.impl.persistence.entity.ProcessDefinitionInfoEntity.selectProcessDefinitionInfoByProcessDefinitionId  - ==&gt; Parameters: timerOnTask:1:1547(String)
10:44:57,086 [main] DEBUG org.activiti.engine.impl.persistence.entity.ProcessDefinitionInfoEntity.selectProcessDefinitionInfoByProcessDefinitionId  - &lt;==      Total: 0
10:44:57,086 [main] DEBUG org.activiti.engine.impl.interceptor.LogInterceptor  - ---  finished --------------------------------------------------------
10:44:57,086 [main] DEBUG org.activiti.engine.impl.interceptor.LogInterceptor  - 

10:44:57,086 [main] DEBUG org.activiti.engine.impl.history.DefaultHistoryManager  - Current history level: FULL, level required: AUDIT
10:44:57,086 [main] DEBUG org.activiti.engine.impl.history.DefaultHistoryManager  - Current history level: FULL, level required: AUDIT
10:44:57,086 [main] DEBUG org.activiti.engine.impl.history.DefaultHistoryManager  - Current history level: FULL, level required: ACTIVITY
10:44:57,086 [main] DEBUG org.activiti.engine.impl.db.DbSqlSession  -   insert ProcessInstance[1548]
10:44:57,086 [main] DEBUG org.activiti.engine.impl.db.DbSqlSession  -   insert ScopeExecution[1550]
10:44:57,086 [main] DEBUG org.activiti.engine.impl.db.DbSqlSession  -   insert HistoricProcessInstanceEntity[superProcessInstanceId=null]
10:44:57,086 [main] DEBUG org.activiti.engine.impl.db.DbSqlSession  -   insert Task[id=1553, name=First line support]
10:44:57,086 [main] DEBUG org.activiti.engine.impl.db.DbSqlSession  -   insert HistoricTaskInstanceEntity[id=1553, name=First line support]
10:44:57,086 [main] DEBUG org.activiti.engine.impl.db.DbSqlSession  -   insert HistoricActivityInstanceEntity[activityId=theStart, activityName=null]
10:44:57,086 [main] DEBUG org.activiti.engine.impl.db.DbSqlSession  -   insert HistoricActivityInstanceEntity[activityId=firstLineSupport, activityName=First line support]
10:44:57,086 [main] DEBUG org.activiti.engine.impl.db.DbSqlSession  -   insert JobEntity [id=1551]
10:44:57,086 [main] DEBUG org.activiti.engine.impl.db.DbSqlSession  - flush summary: 8 insert, 0 update, 0 delete.
10:44:57,086 [main] DEBUG org.activiti.engine.impl.db.DbSqlSession  - now executing flush...
10:44:57,086 [main] DEBUG org.activiti.engine.impl.db.DbSqlSession  - inserting: HistoricTaskInstanceEntity[id=1553, name=First line support]
10:44:57,086 [main] DEBUG org.activiti.engine.impl.persistence.entity.HistoricTaskInstanceEntity.insertHistoricTaskInstance  - ==&gt;  Preparing: insert into ACT_HI_TASKINST ( ID_, PROC_DEF_ID_, PROC_INST_ID_, EXECUTION_ID_, NAME_, PARENT_TASK_ID_, DESCRIPTION_, OWNER_, ASSIGNEE_, START_TIME_, CLAIM_TIME_, END_TIME_, DURATION_, DELETE_REASON_, TASK_DEF_KEY_, FORM_KEY_, PRIORITY_, DUE_DATE_, CATEGORY_, TENANT_ID_ ) values ( ?, ?, ?, ?, ?, ?, ?, ?, ?, ?, ?, ?, ?, ?, ?, ?, ?, ?, ?, ? ) 
10:44:57,086 [main] DEBUG org.activiti.engine.impl.persistence.entity.HistoricTaskInstanceEntity.insertHistoricTaskInstance  - ==&gt; Parameters: 1553(String), timerOnTask:1:1547(String), 1548(String), 1550(String), First line support(String), null, null, null, null, 2023-03-20 10:44:57.0(Timestamp), null, null, null, null, firstLineSupport(String), null, 50(Integer), null, null, (String)
10:44:57,086 [main] DEBUG org.activiti.engine.impl.persistence.entity.HistoricTaskInstanceEntity.insertHistoricTaskInstance  - &lt;==    Updates: 1
10:44:57,086 [main] DEBUG org.activiti.engine.impl.db.DbSqlSession  - inserting: HistoricProcessInstanceEntity[superProcessInstanceId=null]
10:44:57,086 [main] DEBUG org.activiti.engine.impl.persistence.entity.HistoricProcessInstanceEntity.insertHistoricProcessInstance  - ==&gt;  Preparing: insert into ACT_HI_PROCINST ( ID_, PROC_INST_ID_, BUSINESS_KEY_, PROC_DEF_ID_, START_TIME_, END_TIME_, DURATION_, START_USER_ID_, START_ACT_ID_, END_ACT_ID_, SUPER_PROCESS_INSTANCE_ID_, DELETE_REASON_, TENANT_ID_, NAME_ ) values ( ?, ?, ?, ?, ?, ?, ?, ?, ?, ?, ?, ?, ?, ? ) 
10:44:57,086 [main] DEBUG org.activiti.engine.impl.persistence.entity.HistoricProcessInstanceEntity.insertHistoricProcessInstance  - ==&gt; Parameters: 1548(String), 1548(String), null, timerOnTask:1:1547(String), 2023-03-20 10:44:57.0(Timestamp), null, null, null, theStart(String), null, null, null, (String), null
10:44:57,086 [main] DEBUG org.activiti.engine.impl.persistence.entity.HistoricProcessInstanceEntity.insertHistoricProcessInstance  - &lt;==    Updates: 1
10:44:57,086 [main] DEBUG org.activiti.engine.impl.persistence.entity.HistoricActivityInstanceEntity.bulkInsertHistoricActivityInstance  - ==&gt;  Preparing: insert into ACT_HI_ACTINST ( ID_, PROC_DEF_ID_, PROC_INST_ID_, EXECUTION_ID_, ACT_ID_, TASK_ID_, CALL_PROC_INST_ID_, ACT_NAME_, ACT_TYPE_, ASSIGNEE_, START_TIME_, END_TIME_, DURATION_, TENANT_ID_ ) values (?, ?, ?, ?, ?, ?, ?, ?, ?, ?, ?, ?, ?, ?) , (?, ?, ?, ?, ?, ?, ?, ?, ?, ?, ?, ?, ?, ?) 
10:44:57,086 [main] DEBUG org.activiti.engine.impl.persistence.entity.HistoricActivityInstanceEntity.bulkInsertHistoricActivityInstance  - ==&gt; Parameters: 1549(String), timerOnTask:1:1547(String), 1548(String), 1548(String), theStart(String), null, null, null, startEvent(String), null, 2023-03-20 10:44:57.0(Timestamp), 2023-03-20 10:44:57.0(Timestamp), 0(Long), (String), 1552(String), timerOnTask:1:1547(String), 1548(String), 1550(String), firstLineSupport(String), 1553(String), null, First line support(String), userTask(String), null, 2023-03-20 10:44:57.0(Timestamp), null, null, (String)
10:44:57,086 [main] DEBUG org.activiti.engine.impl.persistence.entity.HistoricActivityInstanceEntity.bulkInsertHistoricActivityInstance  - &lt;==    Updates: 2
10:44:57,086 [main] DEBUG org.activiti.engine.impl.persistence.entity.ExecutionEntity.bulkInsertExecution  - ==&gt;  Preparing: insert into ACT_RU_EXECUTION (ID_, REV_, PROC_INST_ID_, BUSINESS_KEY_, PROC_DEF_ID_, ACT_ID_, IS_ACTIVE_, IS_CONCURRENT_, IS_SCOPE_,IS_EVENT_SCOPE_, PARENT_ID_, SUPER_EXEC_, SUSPENSION_STATE_, CACHED_ENT_STATE_, TENANT_ID_, NAME_) values (?, 1, ?, ?, ?, ?, ?, ?, ?, ?, ?, ?, ?, ?, ?, ?) , (?, 1, ?, ?, ?, ?, ?, ?, ?, ?, ?, ?, ?, ?, ?, ?) 
10:44:57,086 [main] DEBUG org.activiti.engine.impl.persistence.entity.ExecutionEntity.bulkInsertExecution  - ==&gt; Parameters: 1548(String), 1548(String), null, timerOnTask:1:1547(String), null, false(Boolean), false(Boolean), true(Boolean), false(Boolean), null, null, 1(Integer), 2(Integer), (String), null, 1550(String), 1548(String), null, timerOnTask:1:1547(String), firstLineSupport(String), true(Boolean), false(Boolean), true(Boolean), false(Boolean), 1548(String), null, 1(Integer), 6(Integer), (String), null
10:44:57,087 [main] DEBUG org.activiti.engine.impl.persistence.entity.ExecutionEntity.bulkInsertExecution  - &lt;==    Updates: 2
10:44:57,087 [main] DEBUG org.activiti.engine.impl.db.DbSqlSession  - inserting: Task[id=1553, name=First line support]
10:44:57,087 [main] DEBUG org.activiti.engine.impl.persistence.entity.TaskEntity.insertTask  - ==&gt;  Preparing: insert into ACT_RU_TASK (ID_, REV_, NAME_, PARENT_TASK_ID_, DESCRIPTION_, PRIORITY_, CREATE_TIME_, OWNER_, ASSIGNEE_, DELEGATION_, EXECUTION_ID_, PROC_INST_ID_, PROC_DEF_ID_, TASK_DEF_KEY_, DUE_DATE_, CATEGORY_, SUSPENSION_STATE_, TENANT_ID_, FORM_KEY_) values (?, 1, ?, ?, ?, ?, ?, ?, ?, ?, ?, ?, ?, ?, ?, ?, ?, ?, ? ) 
10:44:57,087 [main] DEBUG org.activiti.engine.impl.persistence.entity.TaskEntity.insertTask  - ==&gt; Parameters: 1553(String), First line support(String), null, null, 50(Integer), 2023-03-20 10:44:57.0(Timestamp), null, null, null, 1550(String), 1548(String), timerOnTask:1:1547(String), firstLineSupport(String), null, null, 1(Integer), (String), null
10:44:57,087 [main] DEBUG org.activiti.engine.impl.persistence.entity.TaskEntity.insertTask  - &lt;==    Updates: 1
10:44:57,087 [main] DEBUG org.activiti.engine.impl.db.DbSqlSession  - inserting: JobEntity [id=1551]
10:44:57,087 [main] DEBUG org.activiti.engine.impl.persistence.entity.JobEntity.insertTimer  - ==&gt;  Preparing: insert into ACT_RU_JOB ( ID_, REV_, TYPE_, LOCK_OWNER_, LOCK_EXP_TIME_, EXCLUSIVE_, EXECUTION_ID_, PROCESS_INSTANCE_ID_, PROC_DEF_ID_, RETRIES_, EXCEPTION_STACK_ID_, EXCEPTION_MSG_, DUEDATE_, REPEAT_, HANDLER_TYPE_, HANDLER_CFG_, TENANT_ID_) values (?, 1, &apos;timer&apos;, ?, ?, ?, ?, ?, ?, ?, ?, ?, ?, ?, ?, ?, ? ) 
10:44:57,087 [main] DEBUG org.activiti.engine.impl.persistence.entity.JobEntity.insertTimer  - ==&gt; Parameters: 1551(String), null, null, true(Boolean), 1550(String), 1548(String), timerOnTask:1:1547(String), 3(Integer), null, null, 2023-03-20 11:44:57.0(Timestamp), null, timer-transition(String), {&quot;activityId&quot;:&quot;escalationTimer&quot;}(String), (String)
10:44:57,087 [main] DEBUG org.activiti.engine.impl.persistence.entity.JobEntity.insertTimer  - &lt;==    Updates: 1
10:44:57,087 [main] DEBUG org.activiti.engine.impl.cfg.standalone.StandaloneMybatisTransactionContext  - firing event committing...
10:44:57,087 [main] DEBUG org.activiti.engine.impl.cfg.standalone.StandaloneMybatisTransactionContext  - committing the ibatis sql session...
10:44:57,087 [main] DEBUG org.apache.ibatis.transaction.jdbc.JdbcTransaction  - Committing JDBC Connection [conn3: url=jdbc:h2:mem:activiti user=SA]
10:44:57,087 [main] DEBUG org.activiti.engine.impl.cfg.standalone.StandaloneMybatisTransactionContext  - firing event committed...
10:44:57,087 [main] DEBUG org.apache.ibatis.transaction.jdbc.JdbcTransaction  - Resetting autocommit to true on JDBC Connection [conn3: url=jdbc:h2:mem:activiti user=SA]
10:44:57,087 [main] DEBUG org.apache.ibatis.transaction.jdbc.JdbcTransaction  - Closing JDBC Connection [conn3: url=jdbc:h2:mem:activiti user=SA]
10:44:57,087 [main] DEBUG org.apache.ibatis.datasource.pooled.PooledDataSource  - Returned connection 180014677 to pool.
10:44:57,087 [main] DEBUG org.activiti.engine.impl.interceptor.LogInterceptor  - --- StartProcessInstanceCmd finished --------------------------------------------------------
10:44:57,087 [main] DEBUG org.activiti.engine.impl.interceptor.LogInterceptor  - 

10:44:57,087 [main] DEBUG org.activiti.engine.impl.interceptor.LogInterceptor  - 

10:44:57,087 [main] DEBUG org.activiti.engine.impl.interceptor.LogInterceptor  - --- starting StartProcessInstanceCmd --------------------------------------------------------
10:44:57,087 [main] DEBUG org.apache.ibatis.transaction.jdbc.JdbcTransaction  - Opening JDBC Connection
10:44:57,087 [main] DEBUG org.apache.ibatis.datasource.pooled.PooledDataSource  - Checked out connection 297240765 from pool.
10:44:57,087 [main] DEBUG org.apache.ibatis.transaction.jdbc.JdbcTransaction  - Setting autocommit to false on JDBC Connection [conn4: url=jdbc:h2:mem:activiti user=SA]
10:44:57,087 [main] DEBUG org.activiti.engine.impl.persistence.entity.ProcessDefinitionEntity.selectLatestProcessDefinitionByKey  - ==&gt;  Preparing: select * from ACT_RE_PROCDEF where KEY_ = ? and (TENANT_ID_ = &apos;&apos; or TENANT_ID_ is null) and VERSION_ = (select max(VERSION_) from ACT_RE_PROCDEF where KEY_ = ? and (TENANT_ID_ = &apos;&apos; or TENANT_ID_ is null)) 
10:44:57,087 [main] DEBUG org.activiti.engine.impl.persistence.entity.ProcessDefinitionEntity.selectLatestProcessDefinitionByKey  - ==&gt; Parameters: timerOnTask(String), timerOnTask(String)
10:44:57,087 [main] DEBUG org.activiti.engine.impl.persistence.entity.ProcessDefinitionEntity.selectLatestProcessDefinitionByKey  - &lt;==      Total: 1
10:44:57,087 [main] DEBUG org.activiti.engine.impl.persistence.entity.ExecutionEntity  - initializing ProcessInstance[1554]
10:44:57,087 [main] DEBUG org.activiti.engine.impl.history.DefaultHistoryManager  - Current history level: FULL, level required: ACTIVITY
10:44:57,087 [main] DEBUG org.activiti.engine.impl.pvm.runtime.AtomicOperationActivityExecute  - ProcessInstance[1554] executes Activity(theStart): org.activiti.engine.impl.bpmn.behavior.NoneStartEventActivityBehavior
10:44:57,087 [main] DEBUG org.activiti.engine.impl.persistence.entity.JobEntity.selectJobsByExecutionId  - ==&gt;  Preparing: select * from ACT_RU_JOB J where J.EXECUTION_ID_ = ? 
10:44:57,087 [main] DEBUG org.activiti.engine.impl.persistence.entity.JobEntity.selectJobsByExecutionId  - ==&gt; Parameters: 1554(String)
10:44:57,087 [main] DEBUG org.activiti.engine.impl.persistence.entity.JobEntity.selectJobsByExecutionId  - &lt;==      Total: 0
10:44:57,087 [main] DEBUG org.activiti.engine.impl.bpmn.behavior.BpmnActivityBehavior  - Leaving activity &apos;theStart&apos;
10:44:57,087 [main] DEBUG org.activiti.engine.impl.history.DefaultHistoryManager  - Current history level: FULL, level required: ACTIVITY
10:44:57,088 [main] DEBUG org.activiti.engine.impl.pvm.runtime.AtomicOperationTransitionNotifyListenerTake  - ProcessInstance[1554] takes transition (theStart)--flow1--&gt;(firstLineSupport)
10:44:57,088 [main] DEBUG org.activiti.engine.impl.persistence.entity.ExecutionEntity  - Child execution ScopeExecution[1556] created with parent 
10:44:57,088 [main] DEBUG org.activiti.engine.impl.pvm.runtime.AtomicOperationTransitionCreateScope  - create scope: parent ProcessInstance[1554] continues as execution ScopeExecution[1556]
10:44:57,088 [main] DEBUG org.activiti.engine.impl.persistence.entity.ExecutionEntity  - initializing ScopeExecution[1556]
10:44:57,088 [main] DEBUG org.activiti.engine.impl.persistence.entity.JobEntity.selectJobsByExecutionId  - ==&gt;  Preparing: select * from ACT_RU_JOB J where J.EXECUTION_ID_ = ? 
10:44:57,088 [main] DEBUG org.activiti.engine.impl.persistence.entity.JobEntity.selectJobsByExecutionId  - ==&gt; Parameters: 1556(String)
10:44:57,088 [main] DEBUG org.activiti.engine.impl.persistence.entity.JobEntity.selectJobsByExecutionId  - &lt;==      Total: 0
10:44:57,088 [main] DEBUG org.activiti.engine.impl.history.DefaultHistoryManager  - Current history level: FULL, level required: ACTIVITY
10:44:57,088 [main] DEBUG org.activiti.engine.impl.pvm.runtime.AtomicOperationActivityExecute  - ScopeExecution[1556] executes Activity(firstLineSupport): org.activiti.engine.impl.bpmn.behavior.UserTaskActivityBehavior
10:44:57,088 [main] DEBUG org.activiti.engine.impl.persistence.entity.TaskEntity.selectTasksByExecutionId  - ==&gt;  Preparing: select distinct T.* from ACT_RU_TASK T where T.EXECUTION_ID_ = ? 
10:44:57,088 [main] DEBUG org.activiti.engine.impl.persistence.entity.TaskEntity.selectTasksByExecutionId  - ==&gt; Parameters: 1556(String)
10:44:57,088 [main] DEBUG org.activiti.engine.impl.persistence.entity.TaskEntity.selectTasksByExecutionId  - &lt;==      Total: 0
10:44:57,088 [main] DEBUG org.activiti.engine.impl.history.DefaultHistoryManager  - Current history level: FULL, level required: AUDIT
10:44:57,088 [main] DEBUG org.activiti.engine.impl.history.DefaultHistoryManager  - Current history level: FULL, level required: AUDIT
10:44:57,088 [main] DEBUG org.activiti.engine.impl.interceptor.LogInterceptor  - 

10:44:57,088 [main] DEBUG org.activiti.engine.impl.interceptor.LogInterceptor  - --- starting  --------------------------------------------------------
10:44:57,088 [main] DEBUG org.activiti.engine.impl.interceptor.CommandContextInterceptor  - Valid context found. Reusing it for the current command &apos;null&apos;
10:44:57,088 [main] DEBUG org.activiti.engine.impl.persistence.entity.ProcessDefinitionInfoEntity.selectProcessDefinitionInfoByProcessDefinitionId  - ==&gt;  Preparing: select * from ACT_PROCDEF_INFO where PROC_DEF_ID_ = ? 
10:44:57,088 [main] DEBUG org.activiti.engine.impl.persistence.entity.ProcessDefinitionInfoEntity.selectProcessDefinitionInfoByProcessDefinitionId  - ==&gt; Parameters: timerOnTask:1:1547(String)
10:44:57,088 [main] DEBUG org.activiti.engine.impl.persistence.entity.ProcessDefinitionInfoEntity.selectProcessDefinitionInfoByProcessDefinitionId  - &lt;==      Total: 0
10:44:57,088 [main] DEBUG org.activiti.engine.impl.interceptor.LogInterceptor  - ---  finished --------------------------------------------------------
10:44:57,088 [main] DEBUG org.activiti.engine.impl.interceptor.LogInterceptor  - 

10:44:57,088 [main] DEBUG org.activiti.engine.impl.history.DefaultHistoryManager  - Current history level: FULL, level required: AUDIT
10:44:57,088 [main] DEBUG org.activiti.engine.impl.history.DefaultHistoryManager  - Current history level: FULL, level required: AUDIT
10:44:57,088 [main] DEBUG org.activiti.engine.impl.history.DefaultHistoryManager  - Current history level: FULL, level required: ACTIVITY
10:44:57,088 [main] DEBUG org.activiti.engine.impl.db.DbSqlSession  -   insert ProcessInstance[1554]
10:44:57,088 [main] DEBUG org.activiti.engine.impl.db.DbSqlSession  -   insert ScopeExecution[1556]
10:44:57,088 [main] DEBUG org.activiti.engine.impl.db.DbSqlSession  -   insert HistoricProcessInstanceEntity[superProcessInstanceId=null]
10:44:57,088 [main] DEBUG org.activiti.engine.impl.db.DbSqlSession  -   insert Task[id=1559, name=First line support]
10:44:57,088 [main] DEBUG org.activiti.engine.impl.db.DbSqlSession  -   insert HistoricTaskInstanceEntity[id=1559, name=First line support]
10:44:57,088 [main] DEBUG org.activiti.engine.impl.db.DbSqlSession  -   insert HistoricActivityInstanceEntity[activityId=theStart, activityName=null]
10:44:57,088 [main] DEBUG org.activiti.engine.impl.db.DbSqlSession  -   insert HistoricActivityInstanceEntity[activityId=firstLineSupport, activityName=First line support]
10:44:57,088 [main] DEBUG org.activiti.engine.impl.db.DbSqlSession  -   insert JobEntity [id=1557]
10:44:57,088 [main] DEBUG org.activiti.engine.impl.db.DbSqlSession  - flush summary: 8 insert, 0 update, 0 delete.
10:44:57,088 [main] DEBUG org.activiti.engine.impl.db.DbSqlSession  - now executing flush...
10:44:57,088 [main] DEBUG org.activiti.engine.impl.db.DbSqlSession  - inserting: HistoricTaskInstanceEntity[id=1559, name=First line support]
10:44:57,088 [main] DEBUG org.activiti.engine.impl.persistence.entity.HistoricTaskInstanceEntity.insertHistoricTaskInstance  - ==&gt;  Preparing: insert into ACT_HI_TASKINST ( ID_, PROC_DEF_ID_, PROC_INST_ID_, EXECUTION_ID_, NAME_, PARENT_TASK_ID_, DESCRIPTION_, OWNER_, ASSIGNEE_, START_TIME_, CLAIM_TIME_, END_TIME_, DURATION_, DELETE_REASON_, TASK_DEF_KEY_, FORM_KEY_, PRIORITY_, DUE_DATE_, CATEGORY_, TENANT_ID_ ) values ( ?, ?, ?, ?, ?, ?, ?, ?, ?, ?, ?, ?, ?, ?, ?, ?, ?, ?, ?, ? ) 
10:44:57,088 [main] DEBUG org.activiti.engine.impl.persistence.entity.HistoricTaskInstanceEntity.insertHistoricTaskInstance  - ==&gt; Parameters: 1559(String), timerOnTask:1:1547(String), 1554(String), 1556(String), First line support(String), null, null, null, null, 2023-03-20 11:44:57.0(Timestamp), null, null, null, null, firstLineSupport(String), null, 50(Integer), null, null, (String)
10:44:57,088 [main] DEBUG org.activiti.engine.impl.persistence.entity.HistoricTaskInstanceEntity.insertHistoricTaskInstance  - &lt;==    Updates: 1
10:44:57,088 [main] DEBUG org.activiti.engine.impl.db.DbSqlSession  - inserting: HistoricProcessInstanceEntity[superProcessInstanceId=null]
10:44:57,088 [main] DEBUG org.activiti.engine.impl.persistence.entity.HistoricProcessInstanceEntity.insertHistoricProcessInstance  - ==&gt;  Preparing: insert into ACT_HI_PROCINST ( ID_, PROC_INST_ID_, BUSINESS_KEY_, PROC_DEF_ID_, START_TIME_, END_TIME_, DURATION_, START_USER_ID_, START_ACT_ID_, END_ACT_ID_, SUPER_PROCESS_INSTANCE_ID_, DELETE_REASON_, TENANT_ID_, NAME_ ) values ( ?, ?, ?, ?, ?, ?, ?, ?, ?, ?, ?, ?, ?, ? ) 
10:44:57,089 [main] DEBUG org.activiti.engine.impl.persistence.entity.HistoricProcessInstanceEntity.insertHistoricProcessInstance  - ==&gt; Parameters: 1554(String), 1554(String), null, timerOnTask:1:1547(String), 2023-03-20 11:44:57.0(Timestamp), null, null, null, theStart(String), null, null, null, (String), null
10:44:57,089 [main] DEBUG org.activiti.engine.impl.persistence.entity.HistoricProcessInstanceEntity.insertHistoricProcessInstance  - &lt;==    Updates: 1
10:44:57,089 [main] DEBUG org.activiti.engine.impl.persistence.entity.HistoricActivityInstanceEntity.bulkInsertHistoricActivityInstance  - ==&gt;  Preparing: insert into ACT_HI_ACTINST ( ID_, PROC_DEF_ID_, PROC_INST_ID_, EXECUTION_ID_, ACT_ID_, TASK_ID_, CALL_PROC_INST_ID_, ACT_NAME_, ACT_TYPE_, ASSIGNEE_, START_TIME_, END_TIME_, DURATION_, TENANT_ID_ ) values (?, ?, ?, ?, ?, ?, ?, ?, ?, ?, ?, ?, ?, ?) , (?, ?, ?, ?, ?, ?, ?, ?, ?, ?, ?, ?, ?, ?) 
10:44:57,089 [main] DEBUG org.activiti.engine.impl.persistence.entity.HistoricActivityInstanceEntity.bulkInsertHistoricActivityInstance  - ==&gt; Parameters: 1555(String), timerOnTask:1:1547(String), 1554(String), 1554(String), theStart(String), null, null, null, startEvent(String), null, 2023-03-20 11:44:57.0(Timestamp), 2023-03-20 11:44:57.0(Timestamp), 0(Long), (String), 1558(String), timerOnTask:1:1547(String), 1554(String), 1556(String), firstLineSupport(String), 1559(String), null, First line support(String), userTask(String), null, 2023-03-20 11:44:57.0(Timestamp), null, null, (String)
10:44:57,089 [main] DEBUG org.activiti.engine.impl.persistence.entity.HistoricActivityInstanceEntity.bulkInsertHistoricActivityInstance  - &lt;==    Updates: 2
10:44:57,089 [main] DEBUG org.activiti.engine.impl.persistence.entity.ExecutionEntity.bulkInsertExecution  - ==&gt;  Preparing: insert into ACT_RU_EXECUTION (ID_, REV_, PROC_INST_ID_, BUSINESS_KEY_, PROC_DEF_ID_, ACT_ID_, IS_ACTIVE_, IS_CONCURRENT_, IS_SCOPE_,IS_EVENT_SCOPE_, PARENT_ID_, SUPER_EXEC_, SUSPENSION_STATE_, CACHED_ENT_STATE_, TENANT_ID_, NAME_) values (?, 1, ?, ?, ?, ?, ?, ?, ?, ?, ?, ?, ?, ?, ?, ?) , (?, 1, ?, ?, ?, ?, ?, ?, ?, ?, ?, ?, ?, ?, ?, ?) 
10:44:57,089 [main] DEBUG org.activiti.engine.impl.persistence.entity.ExecutionEntity.bulkInsertExecution  - ==&gt; Parameters: 1554(String), 1554(String), null, timerOnTask:1:1547(String), null, false(Boolean), false(Boolean), true(Boolean), false(Boolean), null, null, 1(Integer), 2(Integer), (String), null, 1556(String), 1554(String), null, timerOnTask:1:1547(String), firstLineSupport(String), true(Boolean), false(Boolean), true(Boolean), false(Boolean), 1554(String), null, 1(Integer), 6(Integer), (String), null
10:44:57,089 [main] DEBUG org.activiti.engine.impl.persistence.entity.ExecutionEntity.bulkInsertExecution  - &lt;==    Updates: 2
10:44:57,089 [main] DEBUG org.activiti.engine.impl.db.DbSqlSession  - inserting: Task[id=1559, name=First line support]
10:44:57,089 [main] DEBUG org.activiti.engine.impl.persistence.entity.TaskEntity.insertTask  - ==&gt;  Preparing: insert into ACT_RU_TASK (ID_, REV_, NAME_, PARENT_TASK_ID_, DESCRIPTION_, PRIORITY_, CREATE_TIME_, OWNER_, ASSIGNEE_, DELEGATION_, EXECUTION_ID_, PROC_INST_ID_, PROC_DEF_ID_, TASK_DEF_KEY_, DUE_DATE_, CATEGORY_, SUSPENSION_STATE_, TENANT_ID_, FORM_KEY_) values (?, 1, ?, ?, ?, ?, ?, ?, ?, ?, ?, ?, ?, ?, ?, ?, ?, ?, ? ) 
10:44:57,089 [main] DEBUG org.activiti.engine.impl.persistence.entity.TaskEntity.insertTask  - ==&gt; Parameters: 1559(String), First line support(String), null, null, 50(Integer), 2023-03-20 11:44:57.0(Timestamp), null, null, null, 1556(String), 1554(String), timerOnTask:1:1547(String), firstLineSupport(String), null, null, 1(Integer), (String), null
10:44:57,089 [main] DEBUG org.activiti.engine.impl.persistence.entity.TaskEntity.insertTask  - &lt;==    Updates: 1
10:44:57,089 [main] DEBUG org.activiti.engine.impl.db.DbSqlSession  - inserting: JobEntity [id=1557]
10:44:57,089 [main] DEBUG org.activiti.engine.impl.persistence.entity.JobEntity.insertTimer  - ==&gt;  Preparing: insert into ACT_RU_JOB ( ID_, REV_, TYPE_, LOCK_OWNER_, LOCK_EXP_TIME_, EXCLUSIVE_, EXECUTION_ID_, PROCESS_INSTANCE_ID_, PROC_DEF_ID_, RETRIES_, EXCEPTION_STACK_ID_, EXCEPTION_MSG_, DUEDATE_, REPEAT_, HANDLER_TYPE_, HANDLER_CFG_, TENANT_ID_) values (?, 1, &apos;timer&apos;, ?, ?, ?, ?, ?, ?, ?, ?, ?, ?, ?, ?, ?, ? ) 
10:44:57,089 [main] DEBUG org.activiti.engine.impl.persistence.entity.JobEntity.insertTimer  - ==&gt; Parameters: 1557(String), null, null, true(Boolean), 1556(String), 1554(String), timerOnTask:1:1547(String), 3(Integer), null, null, 2023-03-20 12:44:57.0(Timestamp), null, timer-transition(String), {&quot;activityId&quot;:&quot;escalationTimer&quot;}(String), (String)
10:44:57,089 [main] DEBUG org.activiti.engine.impl.persistence.entity.JobEntity.insertTimer  - &lt;==    Updates: 1
10:44:57,089 [main] DEBUG org.activiti.engine.impl.cfg.standalone.StandaloneMybatisTransactionContext  - firing event committing...
10:44:57,089 [main] DEBUG org.activiti.engine.impl.cfg.standalone.StandaloneMybatisTransactionContext  - committing the ibatis sql session...
10:44:57,089 [main] DEBUG org.apache.ibatis.transaction.jdbc.JdbcTransaction  - Committing JDBC Connection [conn4: url=jdbc:h2:mem:activiti user=SA]
10:44:57,089 [main] DEBUG org.activiti.engine.impl.cfg.standalone.StandaloneMybatisTransactionContext  - firing event committed...
10:44:57,089 [main] DEBUG org.apache.ibatis.transaction.jdbc.JdbcTransaction  - Resetting autocommit to true on JDBC Connection [conn4: url=jdbc:h2:mem:activiti user=SA]
10:44:57,089 [main] DEBUG org.apache.ibatis.transaction.jdbc.JdbcTransaction  - Closing JDBC Connection [conn4: url=jdbc:h2:mem:activiti user=SA]
10:44:57,089 [main] DEBUG org.apache.ibatis.datasource.pooled.PooledDataSource  - Returned connection 297240765 to pool.
10:44:57,089 [main] DEBUG org.activiti.engine.impl.interceptor.LogInterceptor  - --- StartProcessInstanceCmd finished --------------------------------------------------------
10:44:57,089 [main] DEBUG org.activiti.engine.impl.interceptor.LogInterceptor  - 

10:44:57,089 [main] DEBUG org.activiti.engine.impl.interceptor.LogInterceptor  - 

10:44:57,089 [main] DEBUG org.activiti.engine.impl.interceptor.LogInterceptor  - --- starting StartProcessInstanceCmd --------------------------------------------------------
10:44:57,089 [main] DEBUG org.apache.ibatis.transaction.jdbc.JdbcTransaction  - Opening JDBC Connection
10:44:57,089 [main] DEBUG org.apache.ibatis.datasource.pooled.PooledDataSource  - Checked out connection 363509958 from pool.
10:44:57,089 [main] DEBUG org.apache.ibatis.transaction.jdbc.JdbcTransaction  - Setting autocommit to false on JDBC Connection [conn2: url=jdbc:h2:mem:activiti user=SA]
10:44:57,089 [main] DEBUG org.activiti.engine.impl.persistence.entity.ProcessDefinitionEntity.selectLatestProcessDefinitionByKey  - ==&gt;  Preparing: select * from ACT_RE_PROCDEF where KEY_ = ? and (TENANT_ID_ = &apos;&apos; or TENANT_ID_ is null) and VERSION_ = (select max(VERSION_) from ACT_RE_PROCDEF where KEY_ = ? and (TENANT_ID_ = &apos;&apos; or TENANT_ID_ is null)) 
10:44:57,089 [main] DEBUG org.activiti.engine.impl.persistence.entity.ProcessDefinitionEntity.selectLatestProcessDefinitionByKey  - ==&gt; Parameters: timerOnTask(String), timerOnTask(String)
10:44:57,090 [main] DEBUG org.activiti.engine.impl.persistence.entity.ProcessDefinitionEntity.selectLatestProcessDefinitionByKey  - &lt;==      Total: 1
10:44:57,090 [main] DEBUG org.activiti.engine.impl.persistence.entity.ExecutionEntity  - initializing ProcessInstance[1560]
10:44:57,090 [main] DEBUG org.activiti.engine.impl.history.DefaultHistoryManager  - Current history level: FULL, level required: ACTIVITY
10:44:57,090 [main] DEBUG org.activiti.engine.impl.pvm.runtime.AtomicOperationActivityExecute  - ProcessInstance[1560] executes Activity(theStart): org.activiti.engine.impl.bpmn.behavior.NoneStartEventActivityBehavior
10:44:57,090 [main] DEBUG org.activiti.engine.impl.persistence.entity.JobEntity.selectJobsByExecutionId  - ==&gt;  Preparing: select * from ACT_RU_JOB J where J.EXECUTION_ID_ = ? 
10:44:57,090 [main] DEBUG org.activiti.engine.impl.persistence.entity.JobEntity.selectJobsByExecutionId  - ==&gt; Parameters: 1560(String)
10:44:57,090 [main] DEBUG org.activiti.engine.impl.persistence.entity.JobEntity.selectJobsByExecutionId  - &lt;==      Total: 0
10:44:57,090 [main] DEBUG org.activiti.engine.impl.bpmn.behavior.BpmnActivityBehavior  - Leaving activity &apos;theStart&apos;
10:44:57,090 [main] DEBUG org.activiti.engine.impl.history.DefaultHistoryManager  - Current history level: FULL, level required: ACTIVITY
10:44:57,090 [main] DEBUG org.activiti.engine.impl.pvm.runtime.AtomicOperationTransitionNotifyListenerTake  - ProcessInstance[1560] takes transition (theStart)--flow1--&gt;(firstLineSupport)
10:44:57,090 [main] DEBUG org.activiti.engine.impl.persistence.entity.ExecutionEntity  - Child execution ScopeExecution[1562] created with parent 
10:44:57,090 [main] DEBUG org.activiti.engine.impl.pvm.runtime.AtomicOperationTransitionCreateScope  - create scope: parent ProcessInstance[1560] continues as execution ScopeExecution[1562]
10:44:57,090 [main] DEBUG org.activiti.engine.impl.persistence.entity.ExecutionEntity  - initializing ScopeExecution[1562]
10:44:57,090 [main] DEBUG org.activiti.engine.impl.persistence.entity.JobEntity.selectJobsByExecutionId  - ==&gt;  Preparing: select * from ACT_RU_JOB J where J.EXECUTION_ID_ = ? 
10:44:57,090 [main] DEBUG org.activiti.engine.impl.persistence.entity.JobEntity.selectJobsByExecutionId  - ==&gt; Parameters: 1562(String)
10:44:57,090 [main] DEBUG org.activiti.engine.impl.persistence.entity.JobEntity.selectJobsByExecutionId  - &lt;==      Total: 0
10:44:57,090 [main] DEBUG org.activiti.engine.impl.history.DefaultHistoryManager  - Current history level: FULL, level required: ACTIVITY
10:44:57,090 [main] DEBUG org.activiti.engine.impl.pvm.runtime.AtomicOperationActivityExecute  - ScopeExecution[1562] executes Activity(firstLineSupport): org.activiti.engine.impl.bpmn.behavior.UserTaskActivityBehavior
10:44:57,090 [main] DEBUG org.activiti.engine.impl.persistence.entity.TaskEntity.selectTasksByExecutionId  - ==&gt;  Preparing: select distinct T.* from ACT_RU_TASK T where T.EXECUTION_ID_ = ? 
10:44:57,090 [main] DEBUG org.activiti.engine.impl.persistence.entity.TaskEntity.selectTasksByExecutionId  - ==&gt; Parameters: 1562(String)
10:44:57,090 [main] DEBUG org.activiti.engine.impl.persistence.entity.TaskEntity.selectTasksByExecutionId  - &lt;==      Total: 0
10:44:57,090 [main] DEBUG org.activiti.engine.impl.history.DefaultHistoryManager  - Current history level: FULL, level required: AUDIT
10:44:57,090 [main] DEBUG org.activiti.engine.impl.history.DefaultHistoryManager  - Current history level: FULL, level required: AUDIT
10:44:57,090 [main] DEBUG org.activiti.engine.impl.interceptor.LogInterceptor  - 

10:44:57,090 [main] DEBUG org.activiti.engine.impl.interceptor.LogInterceptor  - --- starting  --------------------------------------------------------
10:44:57,090 [main] DEBUG org.activiti.engine.impl.interceptor.CommandContextInterceptor  - Valid context found. Reusing it for the current command &apos;null&apos;
10:44:57,090 [main] DEBUG org.activiti.engine.impl.persistence.entity.ProcessDefinitionInfoEntity.selectProcessDefinitionInfoByProcessDefinitionId  - ==&gt;  Preparing: select * from ACT_PROCDEF_INFO where PROC_DEF_ID_ = ? 
10:44:57,090 [main] DEBUG org.activiti.engine.impl.persistence.entity.ProcessDefinitionInfoEntity.selectProcessDefinitionInfoByProcessDefinitionId  - ==&gt; Parameters: timerOnTask:1:1547(String)
10:44:57,090 [main] DEBUG org.activiti.engine.impl.persistence.entity.ProcessDefinitionInfoEntity.selectProcessDefinitionInfoByProcessDefinitionId  - &lt;==      Total: 0
10:44:57,090 [main] DEBUG org.activiti.engine.impl.interceptor.LogInterceptor  - ---  finished --------------------------------------------------------
10:44:57,090 [main] DEBUG org.activiti.engine.impl.interceptor.LogInterceptor  - 

10:44:57,090 [main] DEBUG org.activiti.engine.impl.history.DefaultHistoryManager  - Current history level: FULL, level required: AUDIT
10:44:57,090 [main] DEBUG org.activiti.engine.impl.history.DefaultHistoryManager  - Current history level: FULL, level required: AUDIT
10:44:57,090 [main] DEBUG org.activiti.engine.impl.history.DefaultHistoryManager  - Current history level: FULL, level required: ACTIVITY
10:44:57,090 [main] DEBUG org.activiti.engine.impl.db.DbSqlSession  -   insert ProcessInstance[1560]
10:44:57,090 [main] DEBUG org.activiti.engine.impl.db.DbSqlSession  -   insert ScopeExecution[1562]
10:44:57,090 [main] DEBUG org.activiti.engine.impl.db.DbSqlSession  -   insert HistoricProcessInstanceEntity[superProcessInstanceId=null]
10:44:57,090 [main] DEBUG org.activiti.engine.impl.db.DbSqlSession  -   insert Task[id=1565, name=First line support]
10:44:57,090 [main] DEBUG org.activiti.engine.impl.db.DbSqlSession  -   insert HistoricTaskInstanceEntity[id=1565, name=First line support]
10:44:57,090 [main] DEBUG org.activiti.engine.impl.db.DbSqlSession  -   insert HistoricActivityInstanceEntity[activityId=theStart, activityName=null]
10:44:57,090 [main] DEBUG org.activiti.engine.impl.db.DbSqlSession  -   insert HistoricActivityInstanceEntity[activityId=firstLineSupport, activityName=First line support]
10:44:57,090 [main] DEBUG org.activiti.engine.impl.db.DbSqlSession  -   insert JobEntity [id=1563]
10:44:57,090 [main] DEBUG org.activiti.engine.impl.db.DbSqlSession  - flush summary: 8 insert, 0 update, 0 delete.
10:44:57,090 [main] DEBUG org.activiti.engine.impl.db.DbSqlSession  - now executing flush...
10:44:57,090 [main] DEBUG org.activiti.engine.impl.db.DbSqlSession  - inserting: HistoricTaskInstanceEntity[id=1565, name=First line support]
10:44:57,090 [main] DEBUG org.activiti.engine.impl.persistence.entity.HistoricTaskInstanceEntity.insertHistoricTaskInstance  - ==&gt;  Preparing: insert into ACT_HI_TASKINST ( ID_, PROC_DEF_ID_, PROC_INST_ID_, EXECUTION_ID_, NAME_, PARENT_TASK_ID_, DESCRIPTION_, OWNER_, ASSIGNEE_, START_TIME_, CLAIM_TIME_, END_TIME_, DURATION_, DELETE_REASON_, TASK_DEF_KEY_, FORM_KEY_, PRIORITY_, DUE_DATE_, CATEGORY_, TENANT_ID_ ) values ( ?, ?, ?, ?, ?, ?, ?, ?, ?, ?, ?, ?, ?, ?, ?, ?, ?, ?, ?, ? ) 
10:44:57,090 [main] DEBUG org.activiti.engine.impl.persistence.entity.HistoricTaskInstanceEntity.insertHistoricTaskInstance  - ==&gt; Parameters: 1565(String), timerOnTask:1:1547(String), 1560(String), 1562(String), First line support(String), null, null, null, null, 2023-03-20 12:44:57.0(Timestamp), null, null, null, null, firstLineSupport(String), null, 50(Integer), null, null, (String)
10:44:57,091 [main] DEBUG org.activiti.engine.impl.persistence.entity.HistoricTaskInstanceEntity.insertHistoricTaskInstance  - &lt;==    Updates: 1
10:44:57,091 [main] DEBUG org.activiti.engine.impl.db.DbSqlSession  - inserting: HistoricProcessInstanceEntity[superProcessInstanceId=null]
10:44:57,091 [main] DEBUG org.activiti.engine.impl.persistence.entity.HistoricProcessInstanceEntity.insertHistoricProcessInstance  - ==&gt;  Preparing: insert into ACT_HI_PROCINST ( ID_, PROC_INST_ID_, BUSINESS_KEY_, PROC_DEF_ID_, START_TIME_, END_TIME_, DURATION_, START_USER_ID_, START_ACT_ID_, END_ACT_ID_, SUPER_PROCESS_INSTANCE_ID_, DELETE_REASON_, TENANT_ID_, NAME_ ) values ( ?, ?, ?, ?, ?, ?, ?, ?, ?, ?, ?, ?, ?, ? ) 
10:44:57,091 [main] DEBUG org.activiti.engine.impl.persistence.entity.HistoricProcessInstanceEntity.insertHistoricProcessInstance  - ==&gt; Parameters: 1560(String), 1560(String), null, timerOnTask:1:1547(String), 2023-03-20 12:44:57.0(Timestamp), null, null, null, theStart(String), null, null, null, (String), null
10:44:57,091 [main] DEBUG org.activiti.engine.impl.persistence.entity.HistoricProcessInstanceEntity.insertHistoricProcessInstance  - &lt;==    Updates: 1
10:44:57,091 [main] DEBUG org.activiti.engine.impl.persistence.entity.HistoricActivityInstanceEntity.bulkInsertHistoricActivityInstance  - ==&gt;  Preparing: insert into ACT_HI_ACTINST ( ID_, PROC_DEF_ID_, PROC_INST_ID_, EXECUTION_ID_, ACT_ID_, TASK_ID_, CALL_PROC_INST_ID_, ACT_NAME_, ACT_TYPE_, ASSIGNEE_, START_TIME_, END_TIME_, DURATION_, TENANT_ID_ ) values (?, ?, ?, ?, ?, ?, ?, ?, ?, ?, ?, ?, ?, ?) , (?, ?, ?, ?, ?, ?, ?, ?, ?, ?, ?, ?, ?, ?) 
10:44:57,091 [main] DEBUG org.activiti.engine.impl.persistence.entity.HistoricActivityInstanceEntity.bulkInsertHistoricActivityInstance  - ==&gt; Parameters: 1561(String), timerOnTask:1:1547(String), 1560(String), 1560(String), theStart(String), null, null, null, startEvent(String), null, 2023-03-20 12:44:57.0(Timestamp), 2023-03-20 12:44:57.0(Timestamp), 0(Long), (String), 1564(String), timerOnTask:1:1547(String), 1560(String), 1562(String), firstLineSupport(String), 1565(String), null, First line support(String), userTask(String), null, 2023-03-20 12:44:57.0(Timestamp), null, null, (String)
10:44:57,091 [main] DEBUG org.activiti.engine.impl.persistence.entity.HistoricActivityInstanceEntity.bulkInsertHistoricActivityInstance  - &lt;==    Updates: 2
10:44:57,091 [main] DEBUG org.activiti.engine.impl.persistence.entity.ExecutionEntity.bulkInsertExecution  - ==&gt;  Preparing: insert into ACT_RU_EXECUTION (ID_, REV_, PROC_INST_ID_, BUSINESS_KEY_, PROC_DEF_ID_, ACT_ID_, IS_ACTIVE_, IS_CONCURRENT_, IS_SCOPE_,IS_EVENT_SCOPE_, PARENT_ID_, SUPER_EXEC_, SUSPENSION_STATE_, CACHED_ENT_STATE_, TENANT_ID_, NAME_) values (?, 1, ?, ?, ?, ?, ?, ?, ?, ?, ?, ?, ?, ?, ?, ?) , (?, 1, ?, ?, ?, ?, ?, ?, ?, ?, ?, ?, ?, ?, ?, ?) 
10:44:57,091 [main] DEBUG org.activiti.engine.impl.persistence.entity.ExecutionEntity.bulkInsertExecution  - ==&gt; Parameters: 1560(String), 1560(String), null, timerOnTask:1:1547(String), null, false(Boolean), false(Boolean), true(Boolean), false(Boolean), null, null, 1(Integer), 2(Integer), (String), null, 1562(String), 1560(String), null, timerOnTask:1:1547(String), firstLineSupport(String), true(Boolean), false(Boolean), true(Boolean), false(Boolean), 1560(String), null, 1(Integer), 6(Integer), (String), null
10:44:57,091 [main] DEBUG org.activiti.engine.impl.persistence.entity.ExecutionEntity.bulkInsertExecution  - &lt;==    Updates: 2
10:44:57,091 [main] DEBUG org.activiti.engine.impl.db.DbSqlSession  - inserting: Task[id=1565, name=First line support]
10:44:57,091 [main] DEBUG org.activiti.engine.impl.persistence.entity.TaskEntity.insertTask  - ==&gt;  Preparing: insert into ACT_RU_TASK (ID_, REV_, NAME_, PARENT_TASK_ID_, DESCRIPTION_, PRIORITY_, CREATE_TIME_, OWNER_, ASSIGNEE_, DELEGATION_, EXECUTION_ID_, PROC_INST_ID_, PROC_DEF_ID_, TASK_DEF_KEY_, DUE_DATE_, CATEGORY_, SUSPENSION_STATE_, TENANT_ID_, FORM_KEY_) values (?, 1, ?, ?, ?, ?, ?, ?, ?, ?, ?, ?, ?, ?, ?, ?, ?, ?, ? ) 
10:44:57,091 [main] DEBUG org.activiti.engine.impl.persistence.entity.TaskEntity.insertTask  - ==&gt; Parameters: 1565(String), First line support(String), null, null, 50(Integer), 2023-03-20 12:44:57.0(Timestamp), null, null, null, 1562(String), 1560(String), timerOnTask:1:1547(String), firstLineSupport(String), null, null, 1(Integer), (String), null
10:44:57,091 [main] DEBUG org.activiti.engine.impl.persistence.entity.TaskEntity.insertTask  - &lt;==    Updates: 1
10:44:57,091 [main] DEBUG org.activiti.engine.impl.db.DbSqlSession  - inserting: JobEntity [id=1563]
10:44:57,091 [main] DEBUG org.activiti.engine.impl.persistence.entity.JobEntity.insertTimer  - ==&gt;  Preparing: insert into ACT_RU_JOB ( ID_, REV_, TYPE_, LOCK_OWNER_, LOCK_EXP_TIME_, EXCLUSIVE_, EXECUTION_ID_, PROCESS_INSTANCE_ID_, PROC_DEF_ID_, RETRIES_, EXCEPTION_STACK_ID_, EXCEPTION_MSG_, DUEDATE_, REPEAT_, HANDLER_TYPE_, HANDLER_CFG_, TENANT_ID_) values (?, 1, &apos;timer&apos;, ?, ?, ?, ?, ?, ?, ?, ?, ?, ?, ?, ?, ?, ? ) 
10:44:57,091 [main] DEBUG org.activiti.engine.impl.persistence.entity.JobEntity.insertTimer  - ==&gt; Parameters: 1563(String), null, null, true(Boolean), 1562(String), 1560(String), timerOnTask:1:1547(String), 3(Integer), null, null, 2023-03-20 13:44:57.0(Timestamp), null, timer-transition(String), {&quot;activityId&quot;:&quot;escalationTimer&quot;}(String), (String)
10:44:57,091 [main] DEBUG org.activiti.engine.impl.persistence.entity.JobEntity.insertTimer  - &lt;==    Updates: 1
10:44:57,091 [main] DEBUG org.activiti.engine.impl.cfg.standalone.StandaloneMybatisTransactionContext  - firing event committing...
10:44:57,091 [main] DEBUG org.activiti.engine.impl.cfg.standalone.StandaloneMybatisTransactionContext  - committing the ibatis sql session...
10:44:57,091 [main] DEBUG org.apache.ibatis.transaction.jdbc.JdbcTransaction  - Committing JDBC Connection [conn2: url=jdbc:h2:mem:activiti user=SA]
10:44:57,091 [main] DEBUG org.activiti.engine.impl.cfg.standalone.StandaloneMybatisTransactionContext  - firing event committed...
10:44:57,091 [main] DEBUG org.apache.ibatis.transaction.jdbc.JdbcTransaction  - Resetting autocommit to true on JDBC Connection [conn2: url=jdbc:h2:mem:activiti user=SA]
10:44:57,091 [main] DEBUG org.apache.ibatis.transaction.jdbc.JdbcTransaction  - Closing JDBC Connection [conn2: url=jdbc:h2:mem:activiti user=SA]
10:44:57,091 [main] DEBUG org.apache.ibatis.datasource.pooled.PooledDataSource  - Returned connection 363509958 to pool.
10:44:57,091 [main] DEBUG org.activiti.engine.impl.interceptor.LogInterceptor  - --- StartProcessInstanceCmd finished --------------------------------------------------------
10:44:57,091 [main] DEBUG org.activiti.engine.impl.interceptor.LogInterceptor  - 

10:44:57,091 [main] DEBUG org.activiti.engine.impl.interceptor.LogInterceptor  - 

10:44:57,091 [main] DEBUG org.activiti.engine.impl.interceptor.LogInterceptor  - --- starting  --------------------------------------------------------
10:44:57,091 [main] DEBUG org.activiti.engine.impl.db.DbSqlSession  -   insert JobEntity [id=1566]
10:44:57,091 [main] DEBUG org.activiti.engine.impl.db.DbSqlSession  - flush summary: 1 insert, 0 update, 0 delete.
10:44:57,091 [main] DEBUG org.activiti.engine.impl.db.DbSqlSession  - now executing flush...
10:44:57,091 [main] DEBUG org.activiti.engine.impl.db.DbSqlSession  - inserting: JobEntity [id=1566]
10:44:57,091 [main] DEBUG org.apache.ibatis.transaction.jdbc.JdbcTransaction  - Opening JDBC Connection
10:44:57,091 [main] DEBUG org.apache.ibatis.datasource.pooled.PooledDataSource  - Checked out connection 180014677 from pool.
10:44:57,091 [main] DEBUG org.apache.ibatis.transaction.jdbc.JdbcTransaction  - Setting autocommit to false on JDBC Connection [conn3: url=jdbc:h2:mem:activiti user=SA]
10:44:57,091 [main] DEBUG org.activiti.engine.impl.persistence.entity.JobEntity.insertMessage  - ==&gt;  Preparing: insert into ACT_RU_JOB ( ID_, REV_, TYPE_, LOCK_OWNER_, LOCK_EXP_TIME_, EXCLUSIVE_, EXECUTION_ID_, PROCESS_INSTANCE_ID_, PROC_DEF_ID_, DUEDATE_, RETRIES_, EXCEPTION_STACK_ID_, EXCEPTION_MSG_, HANDLER_TYPE_, HANDLER_CFG_, TENANT_ID_) values (?, 1, &apos;message&apos;, ?, ?, ?, ?, ?, ?, ?, ?, ?, ?, ?, ?, ? ) 
10:44:57,091 [main] DEBUG org.activiti.engine.impl.persistence.entity.JobEntity.insertMessage  - ==&gt; Parameters: 1566(String), null, null, true(Boolean), null, null, null, 2023-03-20 12:49:57.0(Timestamp), 3(Integer), null, null, null, null, (String)
10:44:57,091 [main] DEBUG org.activiti.engine.impl.persistence.entity.JobEntity.insertMessage  - &lt;==    Updates: 1
10:44:57,091 [main] DEBUG org.activiti.engine.impl.cfg.standalone.StandaloneMybatisTransactionContext  - firing event committing...
10:44:57,091 [main] DEBUG org.activiti.engine.impl.cfg.standalone.StandaloneMybatisTransactionContext  - committing the ibatis sql session...
10:44:57,091 [main] DEBUG org.apache.ibatis.transaction.jdbc.JdbcTransaction  - Committing JDBC Connection [conn3: url=jdbc:h2:mem:activiti user=SA]
10:44:57,091 [main] DEBUG org.activiti.engine.impl.cfg.standalone.StandaloneMybatisTransactionContext  - firing event committed...
10:44:57,091 [main] DEBUG org.activiti.engine.impl.jobexecutor.AsyncJobAddedNotification  - notifying job executor of new job
10:44:57,091 [main] DEBUG org.apache.ibatis.transaction.jdbc.JdbcTransaction  - Resetting autocommit to true on JDBC Connection [conn3: url=jdbc:h2:mem:activiti user=SA]
10:44:57,091 [main] DEBUG org.apache.ibatis.transaction.jdbc.JdbcTransaction  - Closing JDBC Connection [conn3: url=jdbc:h2:mem:activiti user=SA]
10:44:57,091 [main] DEBUG org.apache.ibatis.datasource.pooled.PooledDataSource  - Returned connection 180014677 to pool.
10:44:57,091 [main] DEBUG org.activiti.engine.impl.interceptor.LogInterceptor  - ---  finished --------------------------------------------------------
10:44:57,091 [main] DEBUG org.activiti.engine.impl.interceptor.LogInterceptor  - 

10:44:57,092 [main] DEBUG org.activiti.engine.impl.test.PvmTestCase  - 

10:44:57,092 [main] DEBUG org.activiti.engine.impl.test.PvmTestCase  - #### START JobQueryTest.testQueryByInvalidProcessInstanceId ###########################################################
10:44:57,092 [main] DEBUG org.activiti.engine.impl.interceptor.LogInterceptor  - 

10:44:57,092 [main] DEBUG org.activiti.engine.impl.interceptor.LogInterceptor  - --- starting JobQueryImpl --------------------------------------------------------
10:44:57,092 [main] DEBUG org.apache.ibatis.transaction.jdbc.JdbcTransaction  - Opening JDBC Connection
10:44:57,092 [main] DEBUG org.apache.ibatis.datasource.pooled.PooledDataSource  - Checked out connection 297240765 from pool.
10:44:57,092 [main] DEBUG org.apache.ibatis.transaction.jdbc.JdbcTransaction  - Setting autocommit to false on JDBC Connection [conn4: url=jdbc:h2:mem:activiti user=SA]
10:44:57,092 [main] DEBUG org.activiti.engine.impl.persistence.entity.JobEntity.selectJobByQueryCriteria  - ==&gt;  Preparing: select RES.* from ACT_RU_JOB RES WHERE RES.PROCESS_INSTANCE_ID_ = ? order by order by RES.ID_ asc LIMIT ? OFFSET ? 
10:44:57,092 [main] DEBUG org.activiti.engine.impl.interceptor.CommandContext  - Error while closing command context
org.apache.ibatis.exceptions.PersistenceException: 
### Error querying database.  Cause: org.h2.jdbc.JdbcSQLException: Syntax error in SQL statement &quot;SELECT RES.* 
     
    FROM ACT_RU_JOB RES
     
     WHERE  RES.PROCESS_INSTANCE_ID_ = ? 
   
     ORDER BY  ORDER[*] BY RES.ID_ ASC  
    LIMIT ? OFFSET ? &quot;; expected &quot;=, NOT, EXISTS, INTERSECTS, SELECT, FROM&quot;; SQL statement:
select RES.* 
     
    from ACT_RU_JOB RES
     
     WHERE  RES.PROCESS_INSTANCE_ID_ = ? 
   
     order by  order by RES.ID_ asc  
    LIMIT ? OFFSET ? [42001-176]
### The error may exist in org/activiti/db/mapping/entity/Job.xml
### The error may involve org.activiti.engine.impl.persistence.entity.JobEntity.selectJobByQueryCriteria
### The error occurred while executing a query
### SQL: select RES.*            from ACT_RU_JOB RES            WHERE  RES.PROCESS_INSTANCE_ID_ = ?           order by  order by RES.ID_ asc       LIMIT ? OFFSET ?
### Cause: org.h2.jdbc.JdbcSQLException: Syntax error in SQL statement &quot;SELECT RES.* 
     
    FROM ACT_RU_JOB RES
     
     WHERE  RES.PROCESS_INSTANCE_ID_ = ? 
   
     ORDER BY  ORDER[*] BY RES.ID_ ASC  
    LIMIT ? OFFSET ? &quot;; expected &quot;=, NOT, EXISTS, INTERSECTS, SELECT, FROM&quot;; SQL statement:
select RES.* 
     
    from ACT_RU_JOB RES
     
     WHERE  RES.PROCESS_INSTANCE_ID_ = ? 
   
     order by  order by RES.ID_ asc  
    LIMIT ? OFFSET ? [42001-176]
	at org.apache.ibatis.exceptions.ExceptionFactory.wrapException(ExceptionFactory.java:30)
	at org.apache.ibatis.session.defaults.DefaultSqlSession.selectList(DefaultSqlSession.java:122)
	at org.apache.ibatis.session.defaults.DefaultSqlSession.selectList(DefaultSqlSession.java:113)
	at org.activiti.engine.impl.db.DbSqlSession.selectListWithRawParameter(DbSqlSession.java:438)
	at org.activiti.engine.impl.db.DbSqlSession.selectList(DbSqlSession.java:429)
	at org.activiti.engine.impl.db.DbSqlSession.selectList(DbSqlSession.java:419)
	at org.activiti.engine.impl.persistence.entity.JobEntityManager.findJobsByQueryCriteria(JobEntityManager.java:198)
	at org.activiti.engine.impl.JobQueryImpl.executeList(JobQueryImpl.java:243)
	at org.activiti.engine.impl.AbstractQuery.execute(AbstractQuery.java:164)
	at org.activiti.engine.impl.interceptor.CommandInvoker.execute(CommandInvoker.java:24)
	at org.activiti.engine.impl.interceptor.CommandContextInterceptor.execute(CommandContextInterceptor.java:57)
	at org.activiti.engine.impl.interceptor.LogInterceptor.execute(LogInterceptor.java:37)
	at org.activiti.engine.impl.cfg.CommandExecutorImpl.execute(CommandExecutorImpl.java:40)
	at org.activiti.engine.impl.cfg.CommandExecutorImpl.execute(CommandExecutorImpl.java:35)
	at org.activiti.engine.impl.AbstractQuery.list(AbstractQuery.java:138)
	at org.activiti.engine.test.api.mgmt.JobQueryTest.verifyQueryResults(JobQueryTest.java:400)
	at org.activiti.engine.test.api.mgmt.JobQueryTest.testQueryByInvalidProcessInstanceId(JobQueryTest.java:133)
	at sun.reflect.NativeMethodAccessorImpl.invoke0(Native Method)
	at sun.reflect.NativeMethodAccessorImpl.invoke(NativeMethodAccessorImpl.java:62)
	at sun.reflect.DelegatingMethodAccessorImpl.invoke(DelegatingMethodAccessorImpl.java:43)
	at java.lang.reflect.Method.invoke(Method.java:498)
	at junit.framework.TestCase.runTest(TestCase.java:176)
	at org.activiti.engine.impl.test.PvmTestCase.runTest(PvmTestCase.java:65)
	at junit.framework.TestCase.runBare(TestCase.java:141)
	at org.activiti.engine.impl.test.AbstractActivitiTestCase.runBare(AbstractActivitiTestCase.java:100)
	at junit.framework.TestResult$1.protect(TestResult.java:122)
	at junit.framework.TestResult.runProtected(TestResult.java:142)
	at junit.framework.TestResult.run(TestResult.java:125)
	at junit.framework.TestCase.run(TestCase.java:129)
	at junit.framework.TestSuite.runTest(TestSuite.java:255)
	at junit.framework.TestSuite.run(TestSuite.java:250)
	at org.junit.internal.runners.JUnit38ClassRunner.run(JUnit38ClassRunner.java:84)
	at org.apache.maven.surefire.junit4.JUnit4TestSet.execute(JUnit4TestSet.java:35)
	at org.apache.maven.surefire.junit4.JUnit4Provider.executeTestSet(JUnit4Provider.java:146)
	at org.apache.maven.surefire.junit4.JUnit4Provider.invoke(JUnit4Provider.java:97)
	at sun.reflect.NativeMethodAccessorImpl.invoke0(Native Method)
	at sun.reflect.NativeMethodAccessorImpl.invoke(NativeMethodAccessorImpl.java:62)
	at sun.reflect.DelegatingMethodAccessorImpl.invoke(DelegatingMethodAccessorImpl.java:43)
	at java.lang.reflect.Method.invoke(Method.java:498)
	at org.apache.maven.surefire.booter.ProviderFactory$ClassLoaderProxy.invoke(ProviderFactory.java:103)
	at com.sun.proxy.$Proxy0.invoke(Unknown Source)
	at org.apache.maven.surefire.booter.SurefireStarter.invokeProvider(SurefireStarter.java:145)
	at org.apache.maven.surefire.booter.SurefireStarter.runSuitesInProcess(SurefireStarter.java:87)
	at org.apache.maven.surefire.booter.ForkedBooter.main(ForkedBooter.java:69)
Caused by: org.h2.jdbc.JdbcSQLException: Syntax error in SQL statement &quot;SELECT RES.* 
     
    FROM ACT_RU_JOB RES
     
     WHERE  RES.PROCESS_INSTANCE_ID_ = ? 
   
     ORDER BY  ORDER[*] BY RES.ID_ ASC  
    LIMIT ? OFFSET ? &quot;; expected &quot;=, NOT, EXISTS, INTERSECTS, SELECT, FROM&quot;; SQL statement:
select RES.* 
     
    from ACT_RU_JOB RES
     
     WHERE  RES.PROCESS_INSTANCE_ID_ = ? 
   
     order by  order by RES.ID_ asc  
    LIMIT ? OFFSET ? [42001-176]
	at org.h2.message.DbException.getJdbcSQLException(DbException.java:344)
	at org.h2.message.DbException.getSyntaxError(DbException.java:204)
	at org.h2.command.Parser.getSyntaxError(Parser.java:524)
	at org.h2.command.Parser.readTerm(Parser.java:2688)
	at org.h2.command.Parser.readFactor(Parser.java:2244)
	at org.h2.command.Parser.readSum(Parser.java:2231)
	at org.h2.command.Parser.readConcat(Parser.java:2201)
	at org.h2.command.Parser.readCondition(Parser.java:2051)
	at org.h2.command.Parser.readAnd(Parser.java:2023)
	at org.h2.command.Parser.readExpression(Parser.java:2015)
	at org.h2.command.Parser.parseEndOfQuery(Parser.java:1726)
	at org.h2.command.Parser.parseSelectUnionExtension(Parser.java:1706)
	at org.h2.command.Parser.parseSelectUnion(Parser.java:1675)
	at org.h2.command.Parser.parseSelect(Parser.java:1662)
	at org.h2.command.Parser.parsePrepared(Parser.java:434)
	at org.h2.command.Parser.parse(Parser.java:306)
	at org.h2.command.Parser.parse(Parser.java:282)
	at org.h2.command.Parser.prepareCommand(Parser.java:243)
	at org.h2.engine.Session.prepareLocal(Session.java:442)
	at org.h2.engine.Session.prepareCommand(Session.java:384)
	at org.h2.jdbc.JdbcConnection.prepareCommand(JdbcConnection.java:1188)
	at org.h2.jdbc.JdbcPreparedStatement.&lt;init&gt;(JdbcPreparedStatement.java:73)
	at org.h2.jdbc.JdbcConnection.prepareStatement(JdbcConnection.java:276)
	at sun.reflect.GeneratedMethodAccessor6.invoke(Unknown Source)
	at sun.reflect.DelegatingMethodAccessorImpl.invoke(DelegatingMethodAccessorImpl.java:43)
	at java.lang.reflect.Method.invoke(Method.java:498)
	at org.apache.ibatis.datasource.pooled.PooledConnection.invoke(PooledConnection.java:245)
	at com.sun.proxy.$Proxy12.prepareStatement(Unknown Source)
	at sun.reflect.GeneratedMethodAccessor6.invoke(Unknown Source)
	at sun.reflect.DelegatingMethodAccessorImpl.invoke(DelegatingMethodAccessorImpl.java:43)
	at java.lang.reflect.Method.invoke(Method.java:498)
	at org.apache.ibatis.logging.jdbc.ConnectionLogger.invoke(ConnectionLogger.java:55)
	at com.sun.proxy.$Proxy12.prepareStatement(Unknown Source)
	at org.apache.ibatis.executor.statement.PreparedStatementHandler.instantiateStatement(PreparedStatementHandler.java:79)
	at org.apache.ibatis.executor.statement.BaseStatementHandler.prepare(BaseStatementHandler.java:88)
	at org.apache.ibatis.executor.statement.RoutingStatementHandler.prepare(RoutingStatementHandler.java:58)
	at org.apache.ibatis.executor.SimpleExecutor.prepareStatement(SimpleExecutor.java:76)
	at org.apache.ibatis.executor.SimpleExecutor.doQuery(SimpleExecutor.java:61)
	at org.apache.ibatis.executor.BaseExecutor.queryFromDatabase(BaseExecutor.java:303)
	at org.apache.ibatis.executor.BaseExecutor.query(BaseExecutor.java:154)
	at org.apache.ibatis.executor.CachingExecutor.query(CachingExecutor.java:102)
	at org.apache.ibatis.executor.CachingExecutor.query(CachingExecutor.java:82)
	at org.apache.ibatis.session.defaults.DefaultSqlSession.selectList(DefaultSqlSession.java:120)
	... 42 more
10:44:57,092 [main] DEBUG org.activiti.engine.impl.cfg.standalone.StandaloneMybatisTransactionContext  - firing event rolling back...
10:44:57,092 [main] DEBUG org.activiti.engine.impl.cfg.standalone.StandaloneMybatisTransactionContext  - rolling back ibatis sql session...
10:44:57,092 [main] DEBUG org.activiti.engine.impl.cfg.standalone.StandaloneMybatisTransactionContext  - firing event rolled back...
10:44:57,092 [main] DEBUG org.apache.ibatis.transaction.jdbc.JdbcTransaction  - Resetting autocommit to true on JDBC Connection [conn4: url=jdbc:h2:mem:activiti user=SA]
10:44:57,092 [main] DEBUG org.apache.ibatis.transaction.jdbc.JdbcTransaction  - Closing JDBC Connection [conn4: url=jdbc:h2:mem:activiti user=SA]
10:44:57,092 [main] DEBUG org.apache.ibatis.datasource.pooled.PooledDataSource  - Returned connection 297240765 to pool.
10:44:57,092 [main] DEBUG org.activiti.engine.impl.interceptor.LogInterceptor  - --- JobQueryImpl finished --------------------------------------------------------
10:44:57,092 [main] DEBUG org.activiti.engine.impl.interceptor.LogInterceptor  - 

10:44:57,092 [main] ERROR org.activiti.engine.impl.test.PvmTestCase  - 

10:44:57,092 [main] ERROR org.activiti.engine.impl.test.PvmTestCase  - EXCEPTION: org.apache.ibatis.exceptions.PersistenceException: 
### Error querying database.  Cause: org.h2.jdbc.JdbcSQLException: Syntax error in SQL statement &quot;SELECT RES.* 
     
    FROM ACT_RU_JOB RES
     
     WHERE  RES.PROCESS_INSTANCE_ID_ = ? 
   
     ORDER BY  ORDER[*] BY RES.ID_ ASC  
    LIMIT ? OFFSET ? &quot;; expected &quot;=, NOT, EXISTS, INTERSECTS, SELECT, FROM&quot;; SQL statement:
select RES.* 
     
    from ACT_RU_JOB RES
     
     WHERE  RES.PROCESS_INSTANCE_ID_ = ? 
   
     order by  order by RES.ID_ asc  
    LIMIT ? OFFSET ? [42001-176]
### The error may exist in org/activiti/db/mapping/entity/Job.xml
### The error may involve org.activiti.engine.impl.persistence.entity.JobEntity.selectJobByQueryCriteria
### The error occurred while executing a query
### SQL: select RES.*            from ACT_RU_JOB RES            WHERE  RES.PROCESS_INSTANCE_ID_ = ?           order by  order by RES.ID_ asc       LIMIT ? OFFSET ?
### Cause: org.h2.jdbc.JdbcSQLException: Syntax error in SQL statement &quot;SELECT RES.* 
     
    FROM ACT_RU_JOB RES
     
     WHERE  RES.PROCESS_INSTANCE_ID_ = ? 
   
     ORDER BY  ORDER[*] BY RES.ID_ ASC  
    LIMIT ? OFFSET ? &quot;; expected &quot;=, NOT, EXISTS, INTERSECTS, SELECT, FROM&quot;; SQL statement:
select RES.* 
     
    from ACT_RU_JOB RES
     
     WHERE  RES.PROCESS_INSTANCE_ID_ = ? 
   
     order by  order by RES.ID_ asc  
    LIMIT ? OFFSET ? [42001-176]
org.apache.ibatis.exceptions.PersistenceException: 
### Error querying database.  Cause: org.h2.jdbc.JdbcSQLException: Syntax error in SQL statement &quot;SELECT RES.* 
     
    FROM ACT_RU_JOB RES
     
     WHERE  RES.PROCESS_INSTANCE_ID_ = ? 
   
     ORDER BY  ORDER[*] BY RES.ID_ ASC  
    LIMIT ? OFFSET ? &quot;; expected &quot;=, NOT, EXISTS, INTERSECTS, SELECT, FROM&quot;; SQL statement:
select RES.* 
     
    from ACT_RU_JOB RES
     
     WHERE  RES.PROCESS_INSTANCE_ID_ = ? 
   
     order by  order by RES.ID_ asc  
    LIMIT ? OFFSET ? [42001-176]
### The error may exist in org/activiti/db/mapping/entity/Job.xml
### The error may involve org.activiti.engine.impl.persistence.entity.JobEntity.selectJobByQueryCriteria
### The error occurred while executing a query
### SQL: select RES.*            from ACT_RU_JOB RES            WHERE  RES.PROCESS_INSTANCE_ID_ = ?           order by  order by RES.ID_ asc       LIMIT ? OFFSET ?
### Cause: org.h2.jdbc.JdbcSQLException: Syntax error in SQL statement &quot;SELECT RES.* 
     
    FROM ACT_RU_JOB RES
     
     WHERE  RES.PROCESS_INSTANCE_ID_ = ? 
   
     ORDER BY  ORDER[*] BY RES.ID_ ASC  
    LIMIT ? OFFSET ? &quot;; expected &quot;=, NOT, EXISTS, INTERSECTS, SELECT, FROM&quot;; SQL statement:
select RES.* 
     
    from ACT_RU_JOB RES
     
     WHERE  RES.PROCESS_INSTANCE_ID_ = ? 
   
     order by  order by RES.ID_ asc  
    LIMIT ? OFFSET ? [42001-176]
	at org.apache.ibatis.exceptions.ExceptionFactory.wrapException(ExceptionFactory.java:30)
	at org.apache.ibatis.session.defaults.DefaultSqlSession.selectList(DefaultSqlSession.java:122)
	at org.apache.ibatis.session.defaults.DefaultSqlSession.selectList(DefaultSqlSession.java:113)
	at org.activiti.engine.impl.db.DbSqlSession.selectListWithRawParameter(DbSqlSession.java:438)
	at org.activiti.engine.impl.db.DbSqlSession.selectList(DbSqlSession.java:429)
	at org.activiti.engine.impl.db.DbSqlSession.selectList(DbSqlSession.java:419)
	at org.activiti.engine.impl.persistence.entity.JobEntityManager.findJobsByQueryCriteria(JobEntityManager.java:198)
	at org.activiti.engine.impl.JobQueryImpl.executeList(JobQueryImpl.java:243)
	at org.activiti.engine.impl.AbstractQuery.execute(AbstractQuery.java:164)
	at org.activiti.engine.impl.interceptor.CommandInvoker.execute(CommandInvoker.java:24)
	at org.activiti.engine.impl.interceptor.CommandContextInterceptor.execute(CommandContextInterceptor.java:57)
	at org.activiti.engine.impl.interceptor.LogInterceptor.execute(LogInterceptor.java:37)
	at org.activiti.engine.impl.cfg.CommandExecutorImpl.execute(CommandExecutorImpl.java:40)
	at org.activiti.engine.impl.cfg.CommandExecutorImpl.execute(CommandExecutorImpl.java:35)
	at org.activiti.engine.impl.AbstractQuery.list(AbstractQuery.java:138)
	at org.activiti.engine.test.api.mgmt.JobQueryTest.verifyQueryResults(JobQueryTest.java:400)
	at org.activiti.engine.test.api.mgmt.JobQueryTest.testQueryByInvalidProcessInstanceId(JobQueryTest.java:133)
	at sun.reflect.NativeMethodAccessorImpl.invoke0(Native Method)
	at sun.reflect.NativeMethodAccessorImpl.invoke(NativeMethodAccessorImpl.java:62)
	at sun.reflect.DelegatingMethodAccessorImpl.invoke(DelegatingMethodAccessorImpl.java:43)
	at java.lang.reflect.Method.invoke(Method.java:498)
	at junit.framework.TestCase.runTest(TestCase.java:176)
	at org.activiti.engine.impl.test.PvmTestCase.runTest(PvmTestCase.java:65)
	at junit.framework.TestCase.runBare(TestCase.java:141)
	at org.activiti.engine.impl.test.AbstractActivitiTestCase.runBare(AbstractActivitiTestCase.java:100)
	at junit.framework.TestResult$1.protect(TestResult.java:122)
	at junit.framework.TestResult.runProtected(TestResult.java:142)
	at junit.framework.TestResult.run(TestResult.java:125)
	at junit.framework.TestCase.run(TestCase.java:129)
	at junit.framework.TestSuite.runTest(TestSuite.java:255)
	at junit.framework.TestSuite.run(TestSuite.java:250)
	at org.junit.internal.runners.JUnit38ClassRunner.run(JUnit38ClassRunner.java:84)
	at org.apache.maven.surefire.junit4.JUnit4TestSet.execute(JUnit4TestSet.java:35)
	at org.apache.maven.surefire.junit4.JUnit4Provider.executeTestSet(JUnit4Provider.java:146)
	at org.apache.maven.surefire.junit4.JUnit4Provider.invoke(JUnit4Provider.java:97)
	at sun.reflect.NativeMethodAccessorImpl.invoke0(Native Method)
	at sun.reflect.NativeMethodAccessorImpl.invoke(NativeMethodAccessorImpl.java:62)
	at sun.reflect.DelegatingMethodAccessorImpl.invoke(DelegatingMethodAccessorImpl.java:43)
	at java.lang.reflect.Method.invoke(Method.java:498)
	at org.apache.maven.surefire.booter.ProviderFactory$ClassLoaderProxy.invoke(ProviderFactory.java:103)
	at com.sun.proxy.$Proxy0.invoke(Unknown Source)
	at org.apache.maven.surefire.booter.SurefireStarter.invokeProvider(SurefireStarter.java:145)
	at org.apache.maven.surefire.booter.SurefireStarter.runSuitesInProcess(SurefireStarter.java:87)
	at org.apache.maven.surefire.booter.ForkedBooter.main(ForkedBooter.java:69)
Caused by: org.h2.jdbc.JdbcSQLException: Syntax error in SQL statement &quot;SELECT RES.* 
     
    FROM ACT_RU_JOB RES
     
     WHERE  RES.PROCESS_INSTANCE_ID_ = ? 
   
     ORDER BY  ORDER[*] BY RES.ID_ ASC  
    LIMIT ? OFFSET ? &quot;; expected &quot;=, NOT, EXISTS, INTERSECTS, SELECT, FROM&quot;; SQL statement:
select RES.* 
     
    from ACT_RU_JOB RES
     
     WHERE  RES.PROCESS_INSTANCE_ID_ = ? 
   
     order by  order by RES.ID_ asc  
    LIMIT ? OFFSET ? [42001-176]
	at org.h2.message.DbException.getJdbcSQLException(DbException.java:344)
	at org.h2.message.DbException.getSyntaxError(DbException.java:204)
	at org.h2.command.Parser.getSyntaxError(Parser.java:524)
	at org.h2.command.Parser.readTerm(Parser.java:2688)
	at org.h2.command.Parser.readFactor(Parser.java:2244)
	at org.h2.command.Parser.readSum(Parser.java:2231)
	at org.h2.command.Parser.readConcat(Parser.java:2201)
	at org.h2.command.Parser.readCondition(Parser.java:2051)
	at org.h2.command.Parser.readAnd(Parser.java:2023)
	at org.h2.command.Parser.readExpression(Parser.java:2015)
	at org.h2.command.Parser.parseEndOfQuery(Parser.java:1726)
	at org.h2.command.Parser.parseSelectUnionExtension(Parser.java:1706)
	at org.h2.command.Parser.parseSelectUnion(Parser.java:1675)
	at org.h2.command.Parser.parseSelect(Parser.java:1662)
	at org.h2.command.Parser.parsePrepared(Parser.java:434)
	at org.h2.command.Parser.parse(Parser.java:306)
	at org.h2.command.Parser.parse(Parser.java:282)
	at org.h2.command.Parser.prepareCommand(Parser.java:243)
	at org.h2.engine.Session.prepareLocal(Session.java:442)
	at org.h2.engine.Session.prepareCommand(Session.java:384)
	at org.h2.jdbc.JdbcConnection.prepareCommand(JdbcConnection.java:1188)
	at org.h2.jdbc.JdbcPreparedStatement.&lt;init&gt;(JdbcPreparedStatement.java:73)
	at org.h2.jdbc.JdbcConnection.prepareStatement(JdbcConnection.java:276)
	at sun.reflect.GeneratedMethodAccessor6.invoke(Unknown Source)
	at sun.reflect.DelegatingMethodAccessorImpl.invoke(DelegatingMethodAccessorImpl.java:43)
	at java.lang.reflect.Method.invoke(Method.java:498)
	at org.apache.ibatis.datasource.pooled.PooledConnection.invoke(PooledConnection.java:245)
	at com.sun.proxy.$Proxy12.prepareStatement(Unknown Source)
	at sun.reflect.GeneratedMethodAccessor6.invoke(Unknown Source)
	at sun.reflect.DelegatingMethodAccessorImpl.invoke(DelegatingMethodAccessorImpl.java:43)
	at java.lang.reflect.Method.invoke(Method.java:498)
	at org.apache.ibatis.logging.jdbc.ConnectionLogger.invoke(ConnectionLogger.java:55)
	at com.sun.proxy.$Proxy12.prepareStatement(Unknown Source)
	at org.apache.ibatis.executor.statement.PreparedStatementHandler.instantiateStatement(PreparedStatementHandler.java:79)
	at org.apache.ibatis.executor.statement.BaseStatementHandler.prepare(BaseStatementHandler.java:88)
	at org.apache.ibatis.executor.statement.RoutingStatementHandler.prepare(RoutingStatementHandler.java:58)
	at org.apache.ibatis.executor.SimpleExecutor.prepareStatement(SimpleExecutor.java:76)
	at org.apache.ibatis.executor.SimpleExecutor.doQuery(SimpleExecutor.java:61)
	at org.apache.ibatis.executor.BaseExecutor.queryFromDatabase(BaseExecutor.java:303)
	at org.apache.ibatis.executor.BaseExecutor.query(BaseExecutor.java:154)
	at org.apache.ibatis.executor.CachingExecutor.query(CachingExecutor.java:102)
	at org.apache.ibatis.executor.CachingExecutor.query(CachingExecutor.java:82)
	at org.apache.ibatis.session.defaults.DefaultSqlSession.selectList(DefaultSqlSession.java:120)
	... 42 more
10:44:57,092 [main] DEBUG org.activiti.engine.impl.test.PvmTestCase  - #### END JobQueryTest.testQueryByInvalidProcessInstanceId #############################################################
10:44:57,092 [main] DEBUG org.activiti.engine.impl.interceptor.LogInterceptor  - 

10:44:57,092 [main] DEBUG org.activiti.engine.impl.interceptor.LogInterceptor  - --- starting DeleteDeploymentCmd --------------------------------------------------------
10:44:57,092 [main] DEBUG org.apache.ibatis.transaction.jdbc.JdbcTransaction  - Opening JDBC Connection
10:44:57,092 [main] DEBUG org.apache.ibatis.datasource.pooled.PooledDataSource  - Checked out connection 363509958 from pool.
10:44:57,092 [main] DEBUG org.apache.ibatis.transaction.jdbc.JdbcTransaction  - Setting autocommit to false on JDBC Connection [conn2: url=jdbc:h2:mem:activiti user=SA]
10:44:57,092 [main] DEBUG org.activiti.engine.impl.persistence.entity.DeploymentEntity.selectDeploymentById  - ==&gt;  Preparing: select * from ACT_RE_DEPLOYMENT where ID_ = ? 
10:44:57,092 [main] DEBUG org.activiti.engine.impl.persistence.entity.DeploymentEntity.selectDeploymentById  - ==&gt; Parameters: 1545(String)
10:44:57,092 [main] DEBUG org.activiti.engine.impl.persistence.entity.DeploymentEntity.selectDeploymentById  - &lt;==      Total: 1
10:44:57,092 [main] DEBUG org.activiti.engine.impl.persistence.entity.ProcessDefinitionEntity.selectProcessDefinitionsByQueryCriteria  - ==&gt;  Preparing: select RES.* from ACT_RE_PROCDEF RES WHERE RES.DEPLOYMENT_ID_ = ? order by order by RES.ID_ asc LIMIT ? OFFSET ? 
10:44:57,092 [main] DEBUG org.activiti.engine.impl.interceptor.CommandContext  - Error while closing command context
org.apache.ibatis.exceptions.PersistenceException: 
### Error querying database.  Cause: org.h2.jdbc.JdbcSQLException: Syntax error in SQL statement &quot;SELECT RES.* 
       
    FROM ACT_RE_PROCDEF RES
     
     WHERE  RES.DEPLOYMENT_ID_ = ? 
   
     ORDER BY  ORDER[*] BY RES.ID_ ASC  
    LIMIT ? OFFSET ? &quot;; expected &quot;=, NOT, EXISTS, INTERSECTS, SELECT, FROM&quot;; SQL statement:
select RES.* 
       
    from ACT_RE_PROCDEF RES
     
     WHERE  RES.DEPLOYMENT_ID_ = ? 
   
     order by  order by RES.ID_ asc  
    LIMIT ? OFFSET ? [42001-176]
### The error may exist in org/activiti/db/mapping/entity/ProcessDefinition.xml
### The error may involve org.activiti.engine.impl.persistence.entity.ProcessDefinitionEntity.selectProcessDefinitionsByQueryCriteria
### The error occurred while executing a query
### SQL: select RES.*              from ACT_RE_PROCDEF RES            WHERE  RES.DEPLOYMENT_ID_ = ?           order by  order by RES.ID_ asc       LIMIT ? OFFSET ?
### Cause: org.h2.jdbc.JdbcSQLException: Syntax error in SQL statement &quot;SELECT RES.* 
       
    FROM ACT_RE_PROCDEF RES
     
     WHERE  RES.DEPLOYMENT_ID_ = ? 
   
     ORDER BY  ORDER[*] BY RES.ID_ ASC  
    LIMIT ? OFFSET ? &quot;; expected &quot;=, NOT, EXISTS, INTERSECTS, SELECT, FROM&quot;; SQL statement:
select RES.* 
       
    from ACT_RE_PROCDEF RES
     
     WHERE  RES.DEPLOYMENT_ID_ = ? 
   
     order by  order by RES.ID_ asc  
    LIMIT ? OFFSET ? [42001-176]
	at org.apache.ibatis.exceptions.ExceptionFactory.wrapException(ExceptionFactory.java:30)
	at org.apache.ibatis.session.defaults.DefaultSqlSession.selectList(DefaultSqlSession.java:122)
	at org.apache.ibatis.session.defaults.DefaultSqlSession.selectList(DefaultSqlSession.java:113)
	at org.activiti.engine.impl.db.DbSqlSession.selectListWithRawParameter(DbSqlSession.java:438)
	at org.activiti.engine.impl.db.DbSqlSession.selectList(DbSqlSession.java:429)
	at org.activiti.engine.impl.db.DbSqlSession.selectList(DbSqlSession.java:419)
	at org.activiti.engine.impl.persistence.entity.ProcessDefinitionEntityManager.findProcessDefinitionsByQueryCriteria(ProcessDefinitionEntityManager.java:57)
	at org.activiti.engine.impl.ProcessDefinitionQueryImpl.executeList(ProcessDefinitionQueryImpl.java:307)
	at org.activiti.engine.impl.AbstractQuery.list(AbstractQuery.java:140)
	at org.activiti.engine.impl.persistence.deploy.DeploymentManager.removeDeployment(DeploymentManager.java:187)
	at org.activiti.engine.impl.cmd.DeleteDeploymentCmd.execute(DeleteDeploymentCmd.java:44)
	at org.activiti.engine.impl.cmd.DeleteDeploymentCmd.execute(DeleteDeploymentCmd.java:24)
	at org.activiti.engine.impl.interceptor.CommandInvoker.execute(CommandInvoker.java:24)
	at org.activiti.engine.impl.interceptor.CommandContextInterceptor.execute(CommandContextInterceptor.java:57)
	at org.activiti.engine.impl.interceptor.LogInterceptor.execute(LogInterceptor.java:37)
	at org.activiti.engine.impl.cfg.CommandExecutorImpl.execute(CommandExecutorImpl.java:40)
	at org.activiti.engine.impl.cfg.CommandExecutorImpl.execute(CommandExecutorImpl.java:35)
	at org.activiti.engine.impl.RepositoryServiceImpl.deleteDeployment(RepositoryServiceImpl.java:90)
	at org.activiti.engine.test.api.mgmt.JobQueryTest.tearDown(JobQueryTest.java:116)
	at junit.framework.TestCase.runBare(TestCase.java:146)
	at org.activiti.engine.impl.test.AbstractActivitiTestCase.runBare(AbstractActivitiTestCase.java:100)
	at junit.framework.TestResult$1.protect(TestResult.java:122)
	at junit.framework.TestResult.runProtected(TestResult.java:142)
	at junit.framework.TestResult.run(TestResult.java:125)
	at junit.framework.TestCase.run(TestCase.java:129)
	at junit.framework.TestSuite.runTest(TestSuite.java:255)
	at junit.framework.TestSuite.run(TestSuite.java:250)
	at org.junit.internal.runners.JUnit38ClassRunner.run(JUnit38ClassRunner.java:84)
	at org.apache.maven.surefire.junit4.JUnit4TestSet.execute(JUnit4TestSet.java:35)
	at org.apache.maven.surefire.junit4.JUnit4Provider.executeTestSet(JUnit4Provider.java:146)
	at org.apache.maven.surefire.junit4.JUnit4Provider.invoke(JUnit4Provider.java:97)
	at sun.reflect.NativeMethodAccessorImpl.invoke0(Native Method)
	at sun.reflect.NativeMethodAccessorImpl.invoke(NativeMethodAccessorImpl.java:62)
	at sun.reflect.DelegatingMethodAccessorImpl.invoke(DelegatingMethodAccessorImpl.java:43)
	at java.lang.reflect.Method.invoke(Method.java:498)
	at org.apache.maven.surefire.booter.ProviderFactory$ClassLoaderProxy.invoke(ProviderFactory.java:103)
	at com.sun.proxy.$Proxy0.invoke(Unknown Source)
	at org.apache.maven.surefire.booter.SurefireStarter.invokeProvider(SurefireStarter.java:145)
	at org.apache.maven.surefire.booter.SurefireStarter.runSuitesInProcess(SurefireStarter.java:87)
	at org.apache.maven.surefire.booter.ForkedBooter.main(ForkedBooter.java:69)
Caused by: org.h2.jdbc.JdbcSQLException: Syntax error in SQL statement &quot;SELECT RES.* 
       
    FROM ACT_RE_PROCDEF RES
     
     WHERE  RES.DEPLOYMENT_ID_ = ? 
   
     ORDER BY  ORDER[*] BY RES.ID_ ASC  
    LIMIT ? OFFSET ? &quot;; expected &quot;=, NOT, EXISTS, INTERSECTS, SELECT, FROM&quot;; SQL statement:
select RES.* 
       
    from ACT_RE_PROCDEF RES
     
     WHERE  RES.DEPLOYMENT_ID_ = ? 
   
     order by  order by RES.ID_ asc  
    LIMIT ? OFFSET ? [42001-176]
	at org.h2.message.DbException.getJdbcSQLException(DbException.java:344)
	at org.h2.message.DbException.getSyntaxError(DbException.java:204)
	at org.h2.command.Parser.getSyntaxError(Parser.java:524)
	at org.h2.command.Parser.readTerm(Parser.java:2688)
	at org.h2.command.Parser.readFactor(Parser.java:2244)
	at org.h2.command.Parser.readSum(Parser.java:2231)
	at org.h2.command.Parser.readConcat(Parser.java:2201)
	at org.h2.command.Parser.readCondition(Parser.java:2051)
	at org.h2.command.Parser.readAnd(Parser.java:2023)
	at org.h2.command.Parser.readExpression(Parser.java:2015)
	at org.h2.command.Parser.parseEndOfQuery(Parser.java:1726)
	at org.h2.command.Parser.parseSelectUnionExtension(Parser.java:1706)
	at org.h2.command.Parser.parseSelectUnion(Parser.java:1675)
	at org.h2.command.Parser.parseSelect(Parser.java:1662)
	at org.h2.command.Parser.parsePrepared(Parser.java:434)
	at org.h2.command.Parser.parse(Parser.java:306)
	at org.h2.command.Parser.parse(Parser.java:282)
	at org.h2.command.Parser.prepareCommand(Parser.java:243)
	at org.h2.engine.Session.prepareLocal(Session.java:442)
	at org.h2.engine.Session.prepareCommand(Session.java:384)
	at org.h2.jdbc.JdbcConnection.prepareCommand(JdbcConnection.java:1188)
	at org.h2.jdbc.JdbcPreparedStatement.&lt;init&gt;(JdbcPreparedStatement.java:73)
	at org.h2.jdbc.JdbcConnection.prepareStatement(JdbcConnection.java:276)
	at sun.reflect.GeneratedMethodAccessor6.invoke(Unknown Source)
	at sun.reflect.DelegatingMethodAccessorImpl.invoke(DelegatingMethodAccessorImpl.java:43)
	at java.lang.reflect.Method.invoke(Method.java:498)
	at org.apache.ibatis.datasource.pooled.PooledConnection.invoke(PooledConnection.java:245)
	at com.sun.proxy.$Proxy12.prepareStatement(Unknown Source)
	at sun.reflect.GeneratedMethodAccessor6.invoke(Unknown Source)
	at sun.reflect.DelegatingMethodAccessorImpl.invoke(DelegatingMethodAccessorImpl.java:43)
	at java.lang.reflect.Method.invoke(Method.java:498)
	at org.apache.ibatis.logging.jdbc.ConnectionLogger.invoke(ConnectionLogger.java:55)
	at com.sun.proxy.$Proxy12.prepareStatement(Unknown Source)
	at org.apache.ibatis.executor.statement.PreparedStatementHandler.instantiateStatement(PreparedStatementHandler.java:79)
	at org.apache.ibatis.executor.statement.BaseStatementHandler.prepare(BaseStatementHandler.java:88)
	at org.apache.ibatis.executor.statement.RoutingStatementHandler.prepare(RoutingStatementHandler.java:58)
	at org.apache.ibatis.executor.SimpleExecutor.prepareStatement(SimpleExecutor.java:76)
	at org.apache.ibatis.executor.SimpleExecutor.doQuery(SimpleExecutor.java:61)
	at org.apache.ibatis.executor.BaseExecutor.queryFromDatabase(BaseExecutor.java:303)
	at org.apache.ibatis.executor.BaseExecutor.query(BaseExecutor.java:154)
	at org.apache.ibatis.executor.CachingExecutor.query(CachingExecutor.java:102)
	at org.apache.ibatis.executor.CachingExecutor.query(CachingExecutor.java:82)
	at org.apache.ibatis.session.defaults.DefaultSqlSession.selectList(DefaultSqlSession.java:120)
	... 38 more
10:44:57,093 [main] DEBUG org.activiti.engine.impl.cfg.standalone.StandaloneMybatisTransactionContext  - firing event rolling back...
10:44:57,093 [main] DEBUG org.activiti.engine.impl.cfg.standalone.StandaloneMybatisTransactionContext  - rolling back ibatis sql session...
10:44:57,093 [main] DEBUG org.activiti.engine.impl.cfg.standalone.StandaloneMybatisTransactionContext  - firing event rolled back...
10:44:57,093 [main] DEBUG org.apache.ibatis.transaction.jdbc.JdbcTransaction  - Resetting autocommit to true on JDBC Connection [conn2: url=jdbc:h2:mem:activiti user=SA]
10:44:57,093 [main] DEBUG org.apache.ibatis.transaction.jdbc.JdbcTransaction  - Closing JDBC Connection [conn2: url=jdbc:h2:mem:activiti user=SA]
10:44:57,093 [main] DEBUG org.apache.ibatis.datasource.pooled.PooledDataSource  - Returned connection 363509958 to pool.
10:44:57,093 [main] DEBUG org.activiti.engine.impl.interceptor.LogInterceptor  - --- DeleteDeploymentCmd finished --------------------------------------------------------
10:44:57,093 [main] DEBUG org.activiti.engine.impl.interceptor.LogInterceptor  - 

10:44:57,093 [main] ERROR org.activiti.engine.impl.test.PvmTestCase  - 

10:44:57,093 [main] ERROR org.activiti.engine.impl.test.PvmTestCase  - EXCEPTION: org.apache.ibatis.exceptions.PersistenceException: 
### Error querying database.  Cause: org.h2.jdbc.JdbcSQLException: Syntax error in SQL statement &quot;SELECT RES.* 
     
    FROM ACT_RU_JOB RES
     
     WHERE  RES.PROCESS_INSTANCE_ID_ = ? 
   
     ORDER BY  ORDER[*] BY RES.ID_ ASC  
    LIMIT ? OFFSET ? &quot;; expected &quot;=, NOT, EXISTS, INTERSECTS, SELECT, FROM&quot;; SQL statement:
select RES.* 
     
    from ACT_RU_JOB RES
     
     WHERE  RES.PROCESS_INSTANCE_ID_ = ? 
   
     order by  order by RES.ID_ asc  
    LIMIT ? OFFSET ? [42001-176]
### The error may exist in org/activiti/db/mapping/entity/Job.xml
### The error may involve org.activiti.engine.impl.persistence.entity.JobEntity.selectJobByQueryCriteria
### The error occurred while executing a query
### SQL: select RES.*            from ACT_RU_JOB RES            WHERE  RES.PROCESS_INSTANCE_ID_ = ?           order by  order by RES.ID_ asc       LIMIT ? OFFSET ?
### Cause: org.h2.jdbc.JdbcSQLException: Syntax error in SQL statement &quot;SELECT RES.* 
     
    FROM ACT_RU_JOB RES
     
     WHERE  RES.PROCESS_INSTANCE_ID_ = ? 
   
     ORDER BY  ORDER[*] BY RES.ID_ ASC  
    LIMIT ? OFFSET ? &quot;; expected &quot;=, NOT, EXISTS, INTERSECTS, SELECT, FROM&quot;; SQL statement:
select RES.* 
     
    from ACT_RU_JOB RES
     
     WHERE  RES.PROCESS_INSTANCE_ID_ = ? 
   
     order by  order by RES.ID_ asc  
    LIMIT ? OFFSET ? [42001-176]
org.apache.ibatis.exceptions.PersistenceException: 
### Error querying database.  Cause: org.h2.jdbc.JdbcSQLException: Syntax error in SQL statement &quot;SELECT RES.* 
     
    FROM ACT_RU_JOB RES
     
     WHERE  RES.PROCESS_INSTANCE_ID_ = ? 
   
     ORDER BY  ORDER[*] BY RES.ID_ ASC  
    LIMIT ? OFFSET ? &quot;; expected &quot;=, NOT, EXISTS, INTERSECTS, SELECT, FROM&quot;; SQL statement:
select RES.* 
     
    from ACT_RU_JOB RES
     
     WHERE  RES.PROCESS_INSTANCE_ID_ = ? 
   
     order by  order by RES.ID_ asc  
    LIMIT ? OFFSET ? [42001-176]
### The error may exist in org/activiti/db/mapping/entity/Job.xml
### The error may involve org.activiti.engine.impl.persistence.entity.JobEntity.selectJobByQueryCriteria
### The error occurred while executing a query
### SQL: select RES.*            from ACT_RU_JOB RES            WHERE  RES.PROCESS_INSTANCE_ID_ = ?           order by  order by RES.ID_ asc       LIMIT ? OFFSET ?
### Cause: org.h2.jdbc.JdbcSQLException: Syntax error in SQL statement &quot;SELECT RES.* 
     
    FROM ACT_RU_JOB RES
     
     WHERE  RES.PROCESS_INSTANCE_ID_ = ? 
   
     ORDER BY  ORDER[*] BY RES.ID_ ASC  
    LIMIT ? OFFSET ? &quot;; expected &quot;=, NOT, EXISTS, INTERSECTS, SELECT, FROM&quot;; SQL statement:
select RES.* 
     
    from ACT_RU_JOB RES
     
     WHERE  RES.PROCESS_INSTANCE_ID_ = ? 
   
     order by  order by RES.ID_ asc  
    LIMIT ? OFFSET ? [42001-176]
	at org.apache.ibatis.exceptions.ExceptionFactory.wrapException(ExceptionFactory.java:30)
	at org.apache.ibatis.session.defaults.DefaultSqlSession.selectList(DefaultSqlSession.java:122)
	at org.apache.ibatis.session.defaults.DefaultSqlSession.selectList(DefaultSqlSession.java:113)
	at org.activiti.engine.impl.db.DbSqlSession.selectListWithRawParameter(DbSqlSession.java:438)
	at org.activiti.engine.impl.db.DbSqlSession.selectList(DbSqlSession.java:429)
	at org.activiti.engine.impl.db.DbSqlSession.selectList(DbSqlSession.java:419)
	at org.activiti.engine.impl.persistence.entity.JobEntityManager.findJobsByQueryCriteria(JobEntityManager.java:198)
	at org.activiti.engine.impl.JobQueryImpl.executeList(JobQueryImpl.java:243)
	at org.activiti.engine.impl.AbstractQuery.execute(AbstractQuery.java:164)
	at org.activiti.engine.impl.interceptor.CommandInvoker.execute(CommandInvoker.java:24)
	at org.activiti.engine.impl.interceptor.CommandContextInterceptor.execute(CommandContextInterceptor.java:57)
	at org.activiti.engine.impl.interceptor.LogInterceptor.execute(LogInterceptor.java:37)
	at org.activiti.engine.impl.cfg.CommandExecutorImpl.execute(CommandExecutorImpl.java:40)
	at org.activiti.engine.impl.cfg.CommandExecutorImpl.execute(CommandExecutorImpl.java:35)
	at org.activiti.engine.impl.AbstractQuery.list(AbstractQuery.java:138)
	at org.activiti.engine.test.api.mgmt.JobQueryTest.verifyQueryResults(JobQueryTest.java:400)
	at org.activiti.engine.test.api.mgmt.JobQueryTest.testQueryByInvalidProcessInstanceId(JobQueryTest.java:133)
	at sun.reflect.NativeMethodAccessorImpl.invoke0(Native Method)
	at sun.reflect.NativeMethodAccessorImpl.invoke(NativeMethodAccessorImpl.java:62)
	at sun.reflect.DelegatingMethodAccessorImpl.invoke(DelegatingMethodAccessorImpl.java:43)
	at java.lang.reflect.Method.invoke(Method.java:498)
	at junit.framework.TestCase.runTest(TestCase.java:176)
	at org.activiti.engine.impl.test.PvmTestCase.runTest(PvmTestCase.java:65)
	at junit.framework.TestCase.runBare(TestCase.java:141)
	at org.activiti.engine.impl.test.AbstractActivitiTestCase.runBare(AbstractActivitiTestCase.java:100)
	at junit.framework.TestResult$1.protect(TestResult.java:122)
	at junit.framework.TestResult.runProtected(TestResult.java:142)
	at junit.framework.TestResult.run(TestResult.java:125)
	at junit.framework.TestCase.run(TestCase.java:129)
	at junit.framework.TestSuite.runTest(TestSuite.java:255)
	at junit.framework.TestSuite.run(TestSuite.java:250)
	at org.junit.internal.runners.JUnit38ClassRunner.run(JUnit38ClassRunner.java:84)
	at org.apache.maven.surefire.junit4.JUnit4TestSet.execute(JUnit4TestSet.java:35)
	at org.apache.maven.surefire.junit4.JUnit4Provider.executeTestSet(JUnit4Provider.java:146)
	at org.apache.maven.surefire.junit4.JUnit4Provider.invoke(JUnit4Provider.java:97)
	at sun.reflect.NativeMethodAccessorImpl.invoke0(Native Method)
	at sun.reflect.NativeMethodAccessorImpl.invoke(NativeMethodAccessorImpl.java:62)
	at sun.reflect.DelegatingMethodAccessorImpl.invoke(DelegatingMethodAccessorImpl.java:43)
	at java.lang.reflect.Method.invoke(Method.java:498)
	at org.apache.maven.surefire.booter.ProviderFactory$ClassLoaderProxy.invoke(ProviderFactory.java:103)
	at com.sun.proxy.$Proxy0.invoke(Unknown Source)
	at org.apache.maven.surefire.booter.SurefireStarter.invokeProvider(SurefireStarter.java:145)
	at org.apache.maven.surefire.booter.SurefireStarter.runSuitesInProcess(SurefireStarter.java:87)
	at org.apache.maven.surefire.booter.ForkedBooter.main(ForkedBooter.java:69)
Caused by: org.h2.jdbc.JdbcSQLException: Syntax error in SQL statement &quot;SELECT RES.* 
     
    FROM ACT_RU_JOB RES
     
     WHERE  RES.PROCESS_INSTANCE_ID_ = ? 
   
     ORDER BY  ORDER[*] BY RES.ID_ ASC  
    LIMIT ? OFFSET ? &quot;; expected &quot;=, NOT, EXISTS, INTERSECTS, SELECT, FROM&quot;; SQL statement:
select RES.* 
     
    from ACT_RU_JOB RES
     
     WHERE  RES.PROCESS_INSTANCE_ID_ = ? 
   
     order by  order by RES.ID_ asc  
    LIMIT ? OFFSET ? [42001-176]
	at org.h2.message.DbException.getJdbcSQLException(DbException.java:344)
	at org.h2.message.DbException.getSyntaxError(DbException.java:204)
	at org.h2.command.Parser.getSyntaxError(Parser.java:524)
	at org.h2.command.Parser.readTerm(Parser.java:2688)
	at org.h2.command.Parser.readFactor(Parser.java:2244)
	at org.h2.command.Parser.readSum(Parser.java:2231)
	at org.h2.command.Parser.readConcat(Parser.java:2201)
	at org.h2.command.Parser.readCondition(Parser.java:2051)
	at org.h2.command.Parser.readAnd(Parser.java:2023)
	at org.h2.command.Parser.readExpression(Parser.java:2015)
	at org.h2.command.Parser.parseEndOfQuery(Parser.java:1726)
	at org.h2.command.Parser.parseSelectUnionExtension(Parser.java:1706)
	at org.h2.command.Parser.parseSelectUnion(Parser.java:1675)
	at org.h2.command.Parser.parseSelect(Parser.java:1662)
	at org.h2.command.Parser.parsePrepared(Parser.java:434)
	at org.h2.command.Parser.parse(Parser.java:306)
	at org.h2.command.Parser.parse(Parser.java:282)
	at org.h2.command.Parser.prepareCommand(Parser.java:243)
	at org.h2.engine.Session.prepareLocal(Session.java:442)
	at org.h2.engine.Session.prepareCommand(Session.java:384)
	at org.h2.jdbc.JdbcConnection.prepareCommand(JdbcConnection.java:1188)
	at org.h2.jdbc.JdbcPreparedStatement.&lt;init&gt;(JdbcPreparedStatement.java:73)
	at org.h2.jdbc.JdbcConnection.prepareStatement(JdbcConnection.java:276)
	at sun.reflect.GeneratedMethodAccessor6.invoke(Unknown Source)
	at sun.reflect.DelegatingMethodAccessorImpl.invoke(DelegatingMethodAccessorImpl.java:43)
	at java.lang.reflect.Method.invoke(Method.java:498)
	at org.apache.ibatis.datasource.pooled.PooledConnection.invoke(PooledConnection.java:245)
	at com.sun.proxy.$Proxy12.prepareStatement(Unknown Source)
	at sun.reflect.GeneratedMethodAccessor6.invoke(Unknown Source)
	at sun.reflect.DelegatingMethodAccessorImpl.invoke(DelegatingMethodAccessorImpl.java:43)
	at java.lang.reflect.Method.invoke(Method.java:498)
	at org.apache.ibatis.logging.jdbc.ConnectionLogger.invoke(ConnectionLogger.java:55)
	at com.sun.proxy.$Proxy12.prepareStatement(Unknown Source)
	at org.apache.ibatis.executor.statement.PreparedStatementHandler.instantiateStatement(PreparedStatementHandler.java:79)
	at org.apache.ibatis.executor.statement.BaseStatementHandler.prepare(BaseStatementHandler.java:88)
	at org.apache.ibatis.executor.statement.RoutingStatementHandler.prepare(RoutingStatementHandler.java:58)
	at org.apache.ibatis.executor.SimpleExecutor.prepareStatement(SimpleExecutor.java:76)
	at org.apache.ibatis.executor.SimpleExecutor.doQuery(SimpleExecutor.java:61)
	at org.apache.ibatis.executor.BaseExecutor.queryFromDatabase(BaseExecutor.java:303)
	at org.apache.ibatis.executor.BaseExecutor.query(BaseExecutor.java:154)
	at org.apache.ibatis.executor.CachingExecutor.query(CachingExecutor.java:102)
	at org.apache.ibatis.executor.CachingExecutor.query(CachingExecutor.java:82)
	at org.apache.ibatis.session.defaults.DefaultSqlSession.selectList(DefaultSqlSession.java:120)
	... 42 more
10:44:57,093 [main] DEBUG org.activiti.engine.impl.test.PvmTestCase  - verifying that db is clean after test
10:44:57,093 [main] DEBUG org.activiti.engine.impl.interceptor.LogInterceptor  - 

10:44:57,093 [main] DEBUG org.activiti.engine.impl.interceptor.LogInterceptor  - --- starting GetTableCountCmd --------------------------------------------------------
10:44:57,093 [main] DEBUG org.apache.ibatis.transaction.jdbc.JdbcTransaction  - Opening JDBC Connection
10:44:57,093 [main] DEBUG org.apache.ibatis.datasource.pooled.PooledDataSource  - Checked out connection 180014677 from pool.
10:44:57,093 [main] DEBUG org.apache.ibatis.transaction.jdbc.JdbcTransaction  - Setting autocommit to false on JDBC Connection [conn3: url=jdbc:h2:mem:activiti user=SA]
10:44:57,093 [main] DEBUG org.activiti.engine.impl.persistence.entity.TableDataManager  - retrieving activiti tables from jdbc metadata
10:44:57,093 [main] DEBUG org.activiti.engine.impl.persistence.entity.TableDataManager  -   retrieved activiti table name ACT_EVT_LOG
10:44:57,093 [main] DEBUG org.activiti.engine.impl.persistence.entity.TableDataManager  -   retrieved activiti table name ACT_GE_BYTEARRAY
10:44:57,093 [main] DEBUG org.activiti.engine.impl.persistence.entity.TableDataManager  -   retrieved activiti table name ACT_GE_PROPERTY
10:44:57,093 [main] DEBUG org.activiti.engine.impl.persistence.entity.TableDataManager  -   retrieved activiti table name ACT_HI_ACTINST
10:44:57,093 [main] DEBUG org.activiti.engine.impl.persistence.entity.TableDataManager  -   retrieved activiti table name ACT_HI_ATTACHMENT
10:44:57,093 [main] DEBUG org.activiti.engine.impl.persistence.entity.TableDataManager  -   retrieved activiti table name ACT_HI_COMMENT
10:44:57,093 [main] DEBUG org.activiti.engine.impl.persistence.entity.TableDataManager  -   retrieved activiti table name ACT_HI_DETAIL
10:44:57,093 [main] DEBUG org.activiti.engine.impl.persistence.entity.TableDataManager  -   retrieved activiti table name ACT_HI_IDENTITYLINK
10:44:57,093 [main] DEBUG org.activiti.engine.impl.persistence.entity.TableDataManager  -   retrieved activiti table name ACT_HI_PROCINST
10:44:57,093 [main] DEBUG org.activiti.engine.impl.persistence.entity.TableDataManager  -   retrieved activiti table name ACT_HI_TASKINST
10:44:57,093 [main] DEBUG org.activiti.engine.impl.persistence.entity.TableDataManager  -   retrieved activiti table name ACT_HI_VARINST
10:44:57,093 [main] DEBUG org.activiti.engine.impl.persistence.entity.TableDataManager  -   retrieved activiti table name ACT_ID_GROUP
10:44:57,093 [main] DEBUG org.activiti.engine.impl.persistence.entity.TableDataManager  -   retrieved activiti table name ACT_ID_INFO
10:44:57,093 [main] DEBUG org.activiti.engine.impl.persistence.entity.TableDataManager  -   retrieved activiti table name ACT_ID_MEMBERSHIP
10:44:57,093 [main] DEBUG org.activiti.engine.impl.persistence.entity.TableDataManager  -   retrieved activiti table name ACT_ID_USER
10:44:57,093 [main] DEBUG org.activiti.engine.impl.persistence.entity.TableDataManager  -   retrieved activiti table name ACT_PROCDEF_INFO
10:44:57,093 [main] DEBUG org.activiti.engine.impl.persistence.entity.TableDataManager  -   retrieved activiti table name ACT_RE_DEPLOYMENT
10:44:57,093 [main] DEBUG org.activiti.engine.impl.persistence.entity.TableDataManager  -   retrieved activiti table name ACT_RE_MODEL
10:44:57,093 [main] DEBUG org.activiti.engine.impl.persistence.entity.TableDataManager  -   retrieved activiti table name ACT_RE_PROCDEF
10:44:57,093 [main] DEBUG org.activiti.engine.impl.persistence.entity.TableDataManager  -   retrieved activiti table name ACT_RU_EVENT_SUBSCR
10:44:57,093 [main] DEBUG org.activiti.engine.impl.persistence.entity.TableDataManager  -   retrieved activiti table name ACT_RU_EXECUTION
10:44:57,093 [main] DEBUG org.activiti.engine.impl.persistence.entity.TableDataManager  -   retrieved activiti table name ACT_RU_IDENTITYLINK
10:44:57,093 [main] DEBUG org.activiti.engine.impl.persistence.entity.TableDataManager  -   retrieved activiti table name ACT_RU_JOB
10:44:57,093 [main] DEBUG org.activiti.engine.impl.persistence.entity.TableDataManager  -   retrieved activiti table name ACT_RU_TASK
10:44:57,093 [main] DEBUG org.activiti.engine.impl.persistence.entity.TableDataManager  -   retrieved activiti table name ACT_RU_VARIABLE
10:44:57,093 [main] DEBUG org.activiti.engine.impl.persistence.entity.TableDataManager  - selecting table count for ACT_EVT_LOG
10:44:57,093 [main] DEBUG org.activiti.engine.impl.TablePageMap.selectTableCount  - ==&gt;  Preparing: select count(*) from ACT_EVT_LOG 
10:44:57,094 [main] DEBUG org.activiti.engine.impl.TablePageMap.selectTableCount  - ==&gt; Parameters: 
10:44:57,094 [main] DEBUG org.activiti.engine.impl.TablePageMap.selectTableCount  - &lt;==      Total: 1
10:44:57,094 [main] DEBUG org.activiti.engine.impl.persistence.entity.TableDataManager  - selecting table count for ACT_GE_BYTEARRAY
10:44:57,094 [main] DEBUG org.activiti.engine.impl.TablePageMap.selectTableCount  - ==&gt;  Preparing: select count(*) from ACT_GE_BYTEARRAY 
10:44:57,094 [main] DEBUG org.activiti.engine.impl.TablePageMap.selectTableCount  - ==&gt; Parameters: 
10:44:57,094 [main] DEBUG org.activiti.engine.impl.TablePageMap.selectTableCount  - &lt;==      Total: 1
10:44:57,094 [main] DEBUG org.activiti.engine.impl.persistence.entity.TableDataManager  - selecting table count for ACT_GE_PROPERTY
10:44:57,094 [main] DEBUG org.activiti.engine.impl.TablePageMap.selectTableCount  - ==&gt;  Preparing: select count(*) from ACT_GE_PROPERTY 
10:44:57,094 [main] DEBUG org.activiti.engine.impl.TablePageMap.selectTableCount  - ==&gt; Parameters: 
10:44:57,094 [main] DEBUG org.activiti.engine.impl.TablePageMap.selectTableCount  - &lt;==      Total: 1
10:44:57,094 [main] DEBUG org.activiti.engine.impl.persistence.entity.TableDataManager  - selecting table count for ACT_HI_ACTINST
10:44:57,094 [main] DEBUG org.activiti.engine.impl.TablePageMap.selectTableCount  - ==&gt;  Preparing: select count(*) from ACT_HI_ACTINST 
10:44:57,094 [main] DEBUG org.activiti.engine.impl.TablePageMap.selectTableCount  - ==&gt; Parameters: 
10:44:57,094 [main] DEBUG org.activiti.engine.impl.TablePageMap.selectTableCount  - &lt;==      Total: 1
10:44:57,094 [main] DEBUG org.activiti.engine.impl.persistence.entity.TableDataManager  - selecting table count for ACT_HI_ATTACHMENT
10:44:57,094 [main] DEBUG org.activiti.engine.impl.TablePageMap.selectTableCount  - ==&gt;  Preparing: select count(*) from ACT_HI_ATTACHMENT 
10:44:57,094 [main] DEBUG org.activiti.engine.impl.TablePageMap.selectTableCount  - ==&gt; Parameters: 
10:44:57,094 [main] DEBUG org.activiti.engine.impl.TablePageMap.selectTableCount  - &lt;==      Total: 1
10:44:57,094 [main] DEBUG org.activiti.engine.impl.persistence.entity.TableDataManager  - selecting table count for ACT_HI_COMMENT
10:44:57,094 [main] DEBUG org.activiti.engine.impl.TablePageMap.selectTableCount  - ==&gt;  Preparing: select count(*) from ACT_HI_COMMENT 
10:44:57,094 [main] DEBUG org.activiti.engine.impl.TablePageMap.selectTableCount  - ==&gt; Parameters: 
10:44:57,094 [main] DEBUG org.activiti.engine.impl.TablePageMap.selectTableCount  - &lt;==      Total: 1
10:44:57,094 [main] DEBUG org.activiti.engine.impl.persistence.entity.TableDataManager  - selecting table count for ACT_HI_DETAIL
10:44:57,094 [main] DEBUG org.activiti.engine.impl.TablePageMap.selectTableCount  - ==&gt;  Preparing: select count(*) from ACT_HI_DETAIL 
10:44:57,094 [main] DEBUG org.activiti.engine.impl.TablePageMap.selectTableCount  - ==&gt; Parameters: 
10:44:57,094 [main] DEBUG org.activiti.engine.impl.TablePageMap.selectTableCount  - &lt;==      Total: 1
10:44:57,094 [main] DEBUG org.activiti.engine.impl.persistence.entity.TableDataManager  - selecting table count for ACT_HI_IDENTITYLINK
10:44:57,094 [main] DEBUG org.activiti.engine.impl.TablePageMap.selectTableCount  - ==&gt;  Preparing: select count(*) from ACT_HI_IDENTITYLINK 
10:44:57,094 [main] DEBUG org.activiti.engine.impl.TablePageMap.selectTableCount  - ==&gt; Parameters: 
10:44:57,094 [main] DEBUG org.activiti.engine.impl.TablePageMap.selectTableCount  - &lt;==      Total: 1
10:44:57,094 [main] DEBUG org.activiti.engine.impl.persistence.entity.TableDataManager  - selecting table count for ACT_HI_PROCINST
10:44:57,094 [main] DEBUG org.activiti.engine.impl.TablePageMap.selectTableCount  - ==&gt;  Preparing: select count(*) from ACT_HI_PROCINST 
10:44:57,094 [main] DEBUG org.activiti.engine.impl.TablePageMap.selectTableCount  - ==&gt; Parameters: 
10:44:57,094 [main] DEBUG org.activiti.engine.impl.TablePageMap.selectTableCount  - &lt;==      Total: 1
10:44:57,094 [main] DEBUG org.activiti.engine.impl.persistence.entity.TableDataManager  - selecting table count for ACT_HI_TASKINST
10:44:57,094 [main] DEBUG org.activiti.engine.impl.TablePageMap.selectTableCount  - ==&gt;  Preparing: select count(*) from ACT_HI_TASKINST 
10:44:57,094 [main] DEBUG org.activiti.engine.impl.TablePageMap.selectTableCount  - ==&gt; Parameters: 
10:44:57,094 [main] DEBUG org.activiti.engine.impl.TablePageMap.selectTableCount  - &lt;==      Total: 1
10:44:57,094 [main] DEBUG org.activiti.engine.impl.persistence.entity.TableDataManager  - selecting table count for ACT_HI_VARINST
10:44:57,094 [main] DEBUG org.activiti.engine.impl.TablePageMap.selectTableCount  - ==&gt;  Preparing: select count(*) from ACT_HI_VARINST 
10:44:57,094 [main] DEBUG org.activiti.engine.impl.TablePageMap.selectTableCount  - ==&gt; Parameters: 
10:44:57,094 [main] DEBUG org.activiti.engine.impl.TablePageMap.selectTableCount  - &lt;==      Total: 1
10:44:57,094 [main] DEBUG org.activiti.engine.impl.persistence.entity.TableDataManager  - selecting table count for ACT_ID_GROUP
10:44:57,094 [main] DEBUG org.activiti.engine.impl.TablePageMap.selectTableCount  - ==&gt;  Preparing: select count(*) from ACT_ID_GROUP 
10:44:57,094 [main] DEBUG org.activiti.engine.impl.TablePageMap.selectTableCount  - ==&gt; Parameters: 
10:44:57,094 [main] DEBUG org.activiti.engine.impl.TablePageMap.selectTableCount  - &lt;==      Total: 1
10:44:57,094 [main] DEBUG org.activiti.engine.impl.persistence.entity.TableDataManager  - selecting table count for ACT_ID_INFO
10:44:57,094 [main] DEBUG org.activiti.engine.impl.TablePageMap.selectTableCount  - ==&gt;  Preparing: select count(*) from ACT_ID_INFO 
10:44:57,094 [main] DEBUG org.activiti.engine.impl.TablePageMap.selectTableCount  - ==&gt; Parameters: 
10:44:57,094 [main] DEBUG org.activiti.engine.impl.TablePageMap.selectTableCount  - &lt;==      Total: 1
10:44:57,094 [main] DEBUG org.activiti.engine.impl.persistence.entity.TableDataManager  - selecting table count for ACT_ID_MEMBERSHIP
10:44:57,094 [main] DEBUG org.activiti.engine.impl.TablePageMap.selectTableCount  - ==&gt;  Preparing: select count(*) from ACT_ID_MEMBERSHIP 
10:44:57,094 [main] DEBUG org.activiti.engine.impl.TablePageMap.selectTableCount  - ==&gt; Parameters: 
10:44:57,094 [main] DEBUG org.activiti.engine.impl.TablePageMap.selectTableCount  - &lt;==      Total: 1
10:44:57,094 [main] DEBUG org.activiti.engine.impl.persistence.entity.TableDataManager  - selecting table count for ACT_ID_USER
10:44:57,094 [main] DEBUG org.activiti.engine.impl.TablePageMap.selectTableCount  - ==&gt;  Preparing: select count(*) from ACT_ID_USER 
10:44:57,094 [main] DEBUG org.activiti.engine.impl.TablePageMap.selectTableCount  - ==&gt; Parameters: 
10:44:57,094 [main] DEBUG org.activiti.engine.impl.TablePageMap.selectTableCount  - &lt;==      Total: 1
10:44:57,094 [main] DEBUG org.activiti.engine.impl.persistence.entity.TableDataManager  - selecting table count for ACT_PROCDEF_INFO
10:44:57,094 [main] DEBUG org.activiti.engine.impl.TablePageMap.selectTableCount  - ==&gt;  Preparing: select count(*) from ACT_PROCDEF_INFO 
10:44:57,094 [main] DEBUG org.activiti.engine.impl.TablePageMap.selectTableCount  - ==&gt; Parameters: 
10:44:57,094 [main] DEBUG org.activiti.engine.impl.TablePageMap.selectTableCount  - &lt;==      Total: 1
10:44:57,094 [main] DEBUG org.activiti.engine.impl.persistence.entity.TableDataManager  - selecting table count for ACT_RE_DEPLOYMENT
10:44:57,094 [main] DEBUG org.activiti.engine.impl.TablePageMap.selectTableCount  - ==&gt;  Preparing: select count(*) from ACT_RE_DEPLOYMENT 
10:44:57,094 [main] DEBUG org.activiti.engine.impl.TablePageMap.selectTableCount  - ==&gt; Parameters: 
10:44:57,094 [main] DEBUG org.activiti.engine.impl.TablePageMap.selectTableCount  - &lt;==      Total: 1
10:44:57,094 [main] DEBUG org.activiti.engine.impl.persistence.entity.TableDataManager  - selecting table count for ACT_RE_MODEL
10:44:57,094 [main] DEBUG org.activiti.engine.impl.TablePageMap.selectTableCount  - ==&gt;  Preparing: select count(*) from ACT_RE_MODEL 
10:44:57,094 [main] DEBUG org.activiti.engine.impl.TablePageMap.selectTableCount  - ==&gt; Parameters: 
10:44:57,094 [main] DEBUG org.activiti.engine.impl.TablePageMap.selectTableCount  - &lt;==      Total: 1
10:44:57,094 [main] DEBUG org.activiti.engine.impl.persistence.entity.TableDataManager  - selecting table count for ACT_RE_PROCDEF
10:44:57,094 [main] DEBUG org.activiti.engine.impl.TablePageMap.selectTableCount  - ==&gt;  Preparing: select count(*) from ACT_RE_PROCDEF 
10:44:57,094 [main] DEBUG org.activiti.engine.impl.TablePageMap.selectTableCount  - ==&gt; Parameters: 
10:44:57,094 [main] DEBUG org.activiti.engine.impl.TablePageMap.selectTableCount  - &lt;==      Total: 1
10:44:57,094 [main] DEBUG org.activiti.engine.impl.persistence.entity.TableDataManager  - selecting table count for ACT_RU_EVENT_SUBSCR
10:44:57,094 [main] DEBUG org.activiti.engine.impl.TablePageMap.selectTableCount  - ==&gt;  Preparing: select count(*) from ACT_RU_EVENT_SUBSCR 
10:44:57,094 [main] DEBUG org.activiti.engine.impl.TablePageMap.selectTableCount  - ==&gt; Parameters: 
10:44:57,094 [main] DEBUG org.activiti.engine.impl.TablePageMap.selectTableCount  - &lt;==      Total: 1
10:44:57,094 [main] DEBUG org.activiti.engine.impl.persistence.entity.TableDataManager  - selecting table count for ACT_RU_EXECUTION
10:44:57,094 [main] DEBUG org.activiti.engine.impl.TablePageMap.selectTableCount  - ==&gt;  Preparing: select count(*) from ACT_RU_EXECUTION 
10:44:57,094 [main] DEBUG org.activiti.engine.impl.TablePageMap.selectTableCount  - ==&gt; Parameters: 
10:44:57,094 [main] DEBUG org.activiti.engine.impl.TablePageMap.selectTableCount  - &lt;==      Total: 1
10:44:57,094 [main] DEBUG org.activiti.engine.impl.persistence.entity.TableDataManager  - selecting table count for ACT_RU_IDENTITYLINK
10:44:57,094 [main] DEBUG org.activiti.engine.impl.TablePageMap.selectTableCount  - ==&gt;  Preparing: select count(*) from ACT_RU_IDENTITYLINK 
10:44:57,094 [main] DEBUG org.activiti.engine.impl.TablePageMap.selectTableCount  - ==&gt; Parameters: 
10:44:57,094 [main] DEBUG org.activiti.engine.impl.TablePageMap.selectTableCount  - &lt;==      Total: 1
10:44:57,094 [main] DEBUG org.activiti.engine.impl.persistence.entity.TableDataManager  - selecting table count for ACT_RU_JOB
10:44:57,094 [main] DEBUG org.activiti.engine.impl.TablePageMap.selectTableCount  - ==&gt;  Preparing: select count(*) from ACT_RU_JOB 
10:44:57,094 [main] DEBUG org.activiti.engine.impl.TablePageMap.selectTableCount  - ==&gt; Parameters: 
10:44:57,094 [main] DEBUG org.activiti.engine.impl.TablePageMap.selectTableCount  - &lt;==      Total: 1
10:44:57,094 [main] DEBUG org.activiti.engine.impl.persistence.entity.TableDataManager  - selecting table count for ACT_RU_TASK
10:44:57,094 [main] DEBUG org.activiti.engine.impl.TablePageMap.selectTableCount  - ==&gt;  Preparing: select count(*) from ACT_RU_TASK 
10:44:57,094 [main] DEBUG org.activiti.engine.impl.TablePageMap.selectTableCount  - ==&gt; Parameters: 
10:44:57,094 [main] DEBUG org.activiti.engine.impl.TablePageMap.selectTableCount  - &lt;==      Total: 1
10:44:57,094 [main] DEBUG org.activiti.engine.impl.persistence.entity.TableDataManager  - selecting table count for ACT_RU_VARIABLE
10:44:57,094 [main] DEBUG org.activiti.engine.impl.TablePageMap.selectTableCount  - ==&gt;  Preparing: select count(*) from ACT_RU_VARIABLE 
10:44:57,094 [main] DEBUG org.activiti.engine.impl.TablePageMap.selectTableCount  - ==&gt; Parameters: 
10:44:57,094 [main] DEBUG org.activiti.engine.impl.TablePageMap.selectTableCount  - &lt;==      Total: 1
10:44:57,094 [main] DEBUG org.activiti.engine.impl.persistence.entity.TableDataManager  - Number of rows per activiti table: {ACT_RU_EVENT_SUBSCR=0, ACT_ID_USER=0, ACT_HI_ATTACHMENT=0, ACT_GE_BYTEARRAY=1, ACT_RE_MODEL=0, ACT_RU_VARIABLE=0, ACT_RU_TASK=3, ACT_RE_DEPLOYMENT=1, ACT_RE_PROCDEF=1, ACT_ID_GROUP=0, ACT_HI_VARINST=0, ACT_HI_COMMENT=0, ACT_HI_PROCINST=3, ACT_ID_INFO=0, ACT_ID_MEMBERSHIP=0, ACT_RU_JOB=4, ACT_PROCDEF_INFO=0, ACT_HI_ACTINST=6, ACT_RU_EXECUTION=6, ACT_HI_TASKINST=3, ACT_HI_DETAIL=0, ACT_EVT_LOG=0, ACT_HI_IDENTITYLINK=0, ACT_RU_IDENTITYLINK=0, ACT_GE_PROPERTY=3}
10:44:57,094 [main] DEBUG org.activiti.engine.impl.db.DbSqlSession  - flush summary: 0 insert, 0 update, 0 delete.
10:44:57,094 [main] DEBUG org.activiti.engine.impl.db.DbSqlSession  - now executing flush...
10:44:57,094 [main] DEBUG org.activiti.engine.impl.cfg.standalone.StandaloneMybatisTransactionContext  - firing event committing...
10:44:57,094 [main] DEBUG org.activiti.engine.impl.cfg.standalone.StandaloneMybatisTransactionContext  - committing the ibatis sql session...
10:44:57,094 [main] DEBUG org.activiti.engine.impl.cfg.standalone.StandaloneMybatisTransactionContext  - firing event committed...
10:44:57,094 [main] DEBUG org.apache.ibatis.transaction.jdbc.JdbcTransaction  - Resetting autocommit to true on JDBC Connection [conn3: url=jdbc:h2:mem:activiti user=SA]
10:44:57,094 [main] DEBUG org.apache.ibatis.transaction.jdbc.JdbcTransaction  - Closing JDBC Connection [conn3: url=jdbc:h2:mem:activiti user=SA]
10:44:57,094 [main] DEBUG org.apache.ibatis.datasource.pooled.PooledDataSource  - Returned connection 180014677 to pool.
10:44:57,094 [main] DEBUG org.activiti.engine.impl.interceptor.LogInterceptor  - --- GetTableCountCmd finished --------------------------------------------------------
10:44:57,094 [main] DEBUG org.activiti.engine.impl.interceptor.LogInterceptor  - 

10:44:57,094 [main] ERROR org.activiti.engine.impl.test.PvmTestCase  - 

10:44:57,094 [main] ERROR org.activiti.engine.impl.test.PvmTestCase  - DB NOT CLEAN: 
  ACT_GE_BYTEARRAY: 1 record(s)   ACT_RU_TASK: 3 record(s)   ACT_RE_DEPLOYMENT: 1 record(s)   ACT_RE_PROCDEF: 1 record(s)   ACT_HI_PROCINST: 3 record(s)   ACT_RU_JOB: 4 record(s)   ACT_HI_ACTINST: 6 record(s)   ACT_RU_EXECUTION: 6 record(s)   ACT_HI_TASKINST: 3 record(s) 
10:44:57,094 [main] INFO  org.activiti.engine.impl.test.PvmTestCase  - dropping and recreating db
10:44:57,094 [main] DEBUG org.activiti.engine.impl.interceptor.LogInterceptor  - 

10:44:57,095 [main] DEBUG org.activiti.engine.impl.interceptor.LogInterceptor  - --- starting  --------------------------------------------------------
10:44:57,095 [main] INFO  org.activiti.engine.impl.db.DbSqlSession  - performing drop on engine with resource org/activiti/db/drop/activiti.h2.drop.engine.sql
10:44:57,095 [main] DEBUG org.apache.ibatis.transaction.jdbc.JdbcTransaction  - Opening JDBC Connection
10:44:57,095 [main] DEBUG org.apache.ibatis.datasource.pooled.PooledDataSource  - Checked out connection 297240765 from pool.
10:44:57,095 [main] DEBUG org.apache.ibatis.transaction.jdbc.JdbcTransaction  - Setting autocommit to false on JDBC Connection [conn4: url=jdbc:h2:mem:activiti user=SA]
10:44:57,095 [main] DEBUG org.activiti.engine.impl.db.DbSqlSession  - SQL: drop table if exists ACT_GE_PROPERTY cascade constraints
10:44:57,095 [main] DEBUG org.activiti.engine.impl.db.DbSqlSession  - SQL: drop table if exists ACT_GE_BYTEARRAY cascade constraints
10:44:57,095 [main] DEBUG org.activiti.engine.impl.db.DbSqlSession  - SQL: drop table if exists ACT_RE_DEPLOYMENT cascade constraints
10:44:57,095 [main] DEBUG org.activiti.engine.impl.db.DbSqlSession  - SQL: drop table if exists ACT_RE_MODEL cascade constraints
10:44:57,095 [main] DEBUG org.activiti.engine.impl.db.DbSqlSession  - SQL: drop table if exists ACT_RU_EXECUTION cascade constraints
10:44:57,095 [main] DEBUG org.activiti.engine.impl.db.DbSqlSession  - SQL: drop table if exists ACT_RU_JOB cascade constraints
10:44:57,095 [main] DEBUG org.activiti.engine.impl.db.DbSqlSession  - SQL: drop table if exists ACT_RE_PROCDEF cascade constraints
10:44:57,095 [main] DEBUG org.activiti.engine.impl.db.DbSqlSession  - SQL: drop table if exists ACT_RU_TASK cascade constraints
10:44:57,095 [main] DEBUG org.activiti.engine.impl.db.DbSqlSession  - SQL: drop table if exists ACT_RU_IDENTITYLINK cascade constraints
10:44:57,095 [main] DEBUG org.activiti.engine.impl.db.DbSqlSession  - SQL: drop table if exists ACT_RU_VARIABLE cascade constraints
10:44:57,096 [main] DEBUG org.activiti.engine.impl.db.DbSqlSession  - SQL: drop table if exists ACT_RU_EVENT_SUBSCR cascade constraints
10:44:57,096 [main] DEBUG org.activiti.engine.impl.db.DbSqlSession  - SQL: drop table if exists ACT_EVT_LOG cascade constraints
10:44:57,096 [main] DEBUG org.activiti.engine.impl.db.DbSqlSession  - SQL: drop table if exists ACT_PROCDEF_INFO cascade constraints
10:44:57,096 [main] DEBUG org.activiti.engine.impl.db.DbSqlSession  - SQL: drop index if exists ACT_IDX_EXEC_BUSKEY
10:44:57,096 [main] DEBUG org.activiti.engine.impl.db.DbSqlSession  - SQL: drop index if exists ACT_IDX_TASK_CREATE
10:44:57,096 [main] DEBUG org.activiti.engine.impl.db.DbSqlSession  - SQL: drop index if exists ACT_IDX_IDENT_LNK_USER
10:44:57,096 [main] DEBUG org.activiti.engine.impl.db.DbSqlSession  - SQL: drop index if exists ACT_IDX_IDENT_LNK_GROUP
10:44:57,096 [main] DEBUG org.activiti.engine.impl.db.DbSqlSession  - SQL: drop index if exists ACT_IDX_VARIABLE_TASK_ID
10:44:57,096 [main] DEBUG org.activiti.engine.impl.db.DbSqlSession  - SQL: drop index if exists ACT_IDX_EVENT_SUBSCR_CONFIG_
10:44:57,096 [main] DEBUG org.activiti.engine.impl.db.DbSqlSession  - SQL: drop index if exists ACT_IDX_ATHRZ_PROCEDEF
10:44:57,096 [main] DEBUG org.activiti.engine.impl.db.DbSqlSession  - SQL: drop index if exists ACT_IDX_INFO_PROCDEF
10:44:57,096 [main] DEBUG org.activiti.engine.impl.db.DbSqlSession  - activiti db schema drop for component engine successful
10:44:57,096 [main] INFO  org.activiti.engine.impl.db.DbSqlSession  - performing drop on history with resource org/activiti/db/drop/activiti.h2.drop.history.sql
10:44:57,096 [main] DEBUG org.activiti.engine.impl.db.DbSqlSession  - SQL: drop table if exists ACT_HI_PROCINST cascade constraints
10:44:57,096 [main] DEBUG org.activiti.engine.impl.db.DbSqlSession  - SQL: drop table if exists ACT_HI_ACTINST cascade constraints
10:44:57,096 [main] DEBUG org.activiti.engine.impl.db.DbSqlSession  - SQL: drop table if exists ACT_HI_VARINST cascade constraints
10:44:57,096 [main] DEBUG org.activiti.engine.impl.db.DbSqlSession  - SQL: drop table if exists ACT_HI_TASKINST cascade constraints
10:44:57,096 [main] DEBUG org.activiti.engine.impl.db.DbSqlSession  - SQL: drop table if exists ACT_HI_DETAIL cascade constraints
10:44:57,096 [main] DEBUG org.activiti.engine.impl.db.DbSqlSession  - SQL: drop table if exists ACT_HI_COMMENT cascade constraints
10:44:57,096 [main] DEBUG org.activiti.engine.impl.db.DbSqlSession  - SQL: drop table if exists ACT_HI_ATTACHMENT cascade constraints
10:44:57,096 [main] DEBUG org.activiti.engine.impl.db.DbSqlSession  - SQL: drop table if exists ACT_HI_IDENTITYLINK cascade constraints
10:44:57,096 [main] DEBUG org.activiti.engine.impl.db.DbSqlSession  - SQL: drop index if exists ACT_IDX_HI_PRO_INST_END
10:44:57,096 [main] DEBUG org.activiti.engine.impl.db.DbSqlSession  - SQL: drop index if exists ACT_IDX_HI_PRO_I_BUSKEY
10:44:57,096 [main] DEBUG org.activiti.engine.impl.db.DbSqlSession  - SQL: drop index if exists ACT_IDX_HI_ACT_INST_START
10:44:57,096 [main] DEBUG org.activiti.engine.impl.db.DbSqlSession  - SQL: drop index if exists ACT_IDX_HI_ACT_INST_END
10:44:57,096 [main] DEBUG org.activiti.engine.impl.db.DbSqlSession  - SQL: drop index if exists ACT_IDX_HI_DETAIL_PROC_INST
10:44:57,096 [main] DEBUG org.activiti.engine.impl.db.DbSqlSession  - SQL: drop index if exists ACT_IDX_HI_DETAIL_ACT_INST
10:44:57,096 [main] DEBUG org.activiti.engine.impl.db.DbSqlSession  - SQL: drop index if exists ACT_IDX_HI_DETAIL_TIME
10:44:57,096 [main] DEBUG org.activiti.engine.impl.db.DbSqlSession  - SQL: drop index if exists ACT_IDX_HI_DETAIL_NAME
10:44:57,096 [main] DEBUG org.activiti.engine.impl.db.DbSqlSession  - SQL: drop index if exists ACT_IDX_HI_DETAIL_TASK_ID
10:44:57,096 [main] DEBUG org.activiti.engine.impl.db.DbSqlSession  - SQL: drop index if exists ACT_IDX_HI_PROCVAR_PROC_INST
10:44:57,096 [main] DEBUG org.activiti.engine.impl.db.DbSqlSession  - SQL: drop index if exists ACT_IDX_HI_PROCVAR_NAME_TYPE
10:44:57,096 [main] DEBUG org.activiti.engine.impl.db.DbSqlSession  - SQL: drop index if exists ACT_IDX_HI_ACT_INST_PROCINST
10:44:57,096 [main] DEBUG org.activiti.engine.impl.db.DbSqlSession  - SQL: drop index if exists ACT_IDX_HI_IDENT_LNK_USER
10:44:57,096 [main] DEBUG org.activiti.engine.impl.db.DbSqlSession  - SQL: drop index if exists ACT_IDX_HI_IDENT_LNK_TASK
10:44:57,096 [main] DEBUG org.activiti.engine.impl.db.DbSqlSession  - SQL: drop index if exists ACT_IDX_HI_IDENT_LNK_PROCINST
10:44:57,096 [main] DEBUG org.activiti.engine.impl.db.DbSqlSession  - SQL: drop index if exists ACT_IDX_HI_TASK_INST_PROCINST
10:44:57,096 [main] DEBUG org.activiti.engine.impl.db.DbSqlSession  - activiti db schema drop for component history successful
10:44:57,096 [main] INFO  org.activiti.engine.impl.db.DbSqlSession  - performing drop on identity with resource org/activiti/db/drop/activiti.h2.drop.identity.sql
10:44:57,096 [main] DEBUG org.activiti.engine.impl.db.DbSqlSession  - SQL: drop table if exists ACT_ID_INFO cascade constraints
10:44:57,096 [main] DEBUG org.activiti.engine.impl.db.DbSqlSession  - SQL: drop table if exists ACT_ID_GROUP cascade constraints
10:44:57,096 [main] DEBUG org.activiti.engine.impl.db.DbSqlSession  - SQL: drop table if exists ACT_ID_MEMBERSHIP cascade constraints
10:44:57,097 [main] DEBUG org.activiti.engine.impl.db.DbSqlSession  - SQL: drop table if exists ACT_ID_USER cascade constraints
10:44:57,097 [main] DEBUG org.activiti.engine.impl.db.DbSqlSession  - activiti db schema drop for component identity successful
10:44:57,097 [main] INFO  org.activiti.engine.impl.db.DbSqlSession  - performing create on engine with resource org/activiti/db/create/activiti.h2.create.engine.sql
10:44:57,097 [main] DEBUG org.activiti.engine.impl.db.DbSqlSession  - SQL: create table ACT_GE_PROPERTY ( 
NAME_ varchar(64), 
VALUE_ varchar(300), 
REV_ integer, 
primary key (NAME_) 
)
10:44:57,097 [main] DEBUG org.activiti.engine.impl.db.DbSqlSession  - SQL: insert into ACT_GE_PROPERTY 
values (&apos;schema.version&apos;, &apos;5.20.0.0&apos;, 1)
10:44:57,097 [main] DEBUG org.activiti.engine.impl.db.DbSqlSession  - SQL: insert into ACT_GE_PROPERTY 
values (&apos;schema.history&apos;, &apos;create(5.20.0.0)&apos;, 1)
10:44:57,097 [main] DEBUG org.activiti.engine.impl.db.DbSqlSession  - SQL: insert into ACT_GE_PROPERTY 
values (&apos;next.dbid&apos;, &apos;1&apos;, 1)
10:44:57,097 [main] DEBUG org.activiti.engine.impl.db.DbSqlSession  - SQL: create table ACT_GE_BYTEARRAY ( 
ID_ varchar(64), 
REV_ integer, 
NAME_ varchar(255), 
DEPLOYMENT_ID_ varchar(64), 
BYTES_ longvarbinary, 
GENERATED_ bit, 
primary key (ID_) 
)
10:44:57,097 [main] DEBUG org.activiti.engine.impl.db.DbSqlSession  - SQL: create table ACT_RE_DEPLOYMENT ( 
ID_ varchar(64), 
NAME_ varchar(255), 
CATEGORY_ varchar(255), 
TENANT_ID_ varchar(255) default &apos;&apos;, 
DEPLOY_TIME_ timestamp, 
primary key (ID_) 
)
10:44:57,097 [main] DEBUG org.activiti.engine.impl.db.DbSqlSession  - SQL: create table ACT_RE_MODEL ( 
ID_ varchar(64) not null, 
REV_ integer, 
NAME_ varchar(255), 
KEY_ varchar(255), 
CATEGORY_ varchar(255), 
CREATE_TIME_ timestamp, 
LAST_UPDATE_TIME_ timestamp, 
VERSION_ integer, 
META_INFO_ varchar(4000), 
DEPLOYMENT_ID_ varchar(64), 
EDITOR_SOURCE_VALUE_ID_ varchar(64), 
EDITOR_SOURCE_EXTRA_VALUE_ID_ varchar(64), 
TENANT_ID_ varchar(255) default &apos;&apos;, 
primary key (ID_) 
)
10:44:57,097 [main] DEBUG org.activiti.engine.impl.db.DbSqlSession  - SQL: create table ACT_RU_EXECUTION ( 
ID_ varchar(64), 
REV_ integer, 
PROC_INST_ID_ varchar(64), 
BUSINESS_KEY_ varchar(255), 
PARENT_ID_ varchar(64), 
PROC_DEF_ID_ varchar(64), 
SUPER_EXEC_ varchar(64), 
ACT_ID_ varchar(255), 
IS_ACTIVE_ bit, 
IS_CONCURRENT_ bit, 
IS_SCOPE_ bit, 
IS_EVENT_SCOPE_ bit, 
SUSPENSION_STATE_ integer, 
CACHED_ENT_STATE_ integer, 
TENANT_ID_ varchar(255) default &apos;&apos;, 
NAME_ varchar(255), 
LOCK_TIME_ timestamp, 
primary key (ID_) 
)
10:44:57,097 [main] DEBUG org.activiti.engine.impl.db.DbSqlSession  - SQL: create table ACT_RU_JOB ( 
ID_ varchar(64) NOT NULL, 
REV_ integer, 
TYPE_ varchar(255) NOT NULL, 
LOCK_EXP_TIME_ timestamp, 
LOCK_OWNER_ varchar(255), 
EXCLUSIVE_ boolean, 
EXECUTION_ID_ varchar(64), 
PROCESS_INSTANCE_ID_ varchar(64), 
PROC_DEF_ID_ varchar(64), 
RETRIES_ integer, 
EXCEPTION_STACK_ID_ varchar(64), 
EXCEPTION_MSG_ varchar(4000), 
DUEDATE_ timestamp, 
REPEAT_ varchar(255), 
HANDLER_TYPE_ varchar(255), 
HANDLER_CFG_ varchar(4000), 
TENANT_ID_ varchar(255) default &apos;&apos;, 
primary key (ID_) 
)
10:44:57,097 [main] DEBUG org.activiti.engine.impl.db.DbSqlSession  - SQL: create table ACT_RE_PROCDEF ( 
ID_ varchar(64) NOT NULL, 
REV_ integer, 
CATEGORY_ varchar(255), 
NAME_ varchar(255), 
KEY_ varchar(255) NOT NULL, 
VERSION_ integer NOT NULL, 
DEPLOYMENT_ID_ varchar(64), 
RESOURCE_NAME_ varchar(4000), 
DGRM_RESOURCE_NAME_ varchar(4000), 
DESCRIPTION_ varchar(4000), 
HAS_START_FORM_KEY_ bit, 
HAS_GRAPHICAL_NOTATION_ bit, 
SUSPENSION_STATE_ integer, 
TENANT_ID_ varchar(255) default &apos;&apos;, 
primary key (ID_) 
)
10:44:57,097 [main] DEBUG org.activiti.engine.impl.db.DbSqlSession  - SQL: create table ACT_RU_TASK ( 
ID_ varchar(64), 
REV_ integer, 
EXECUTION_ID_ varchar(64), 
PROC_INST_ID_ varchar(64), 
PROC_DEF_ID_ varchar(64), 
NAME_ varchar(255), 
PARENT_TASK_ID_ varchar(64), 
DESCRIPTION_ varchar(4000), 
TASK_DEF_KEY_ varchar(255), 
OWNER_ varchar(255), 
ASSIGNEE_ varchar(255), 
DELEGATION_ varchar(64), 
PRIORITY_ integer, 
CREATE_TIME_ timestamp, 
DUE_DATE_ timestamp, 
CATEGORY_ varchar(255), 
SUSPENSION_STATE_ integer, 
TENANT_ID_ varchar(255) default &apos;&apos;, 
FORM_KEY_ varchar(255), 
primary key (ID_) 
)
10:44:57,097 [main] DEBUG org.activiti.engine.impl.db.DbSqlSession  - SQL: create table ACT_RU_IDENTITYLINK ( 
ID_ varchar(64), 
REV_ integer, 
GROUP_ID_ varchar(255), 
TYPE_ varchar(255), 
USER_ID_ varchar(255), 
TASK_ID_ varchar(64), 
PROC_INST_ID_ varchar(64) null, 
PROC_DEF_ID_ varchar(64), 
primary key (ID_) 
)
10:44:57,098 [main] DEBUG org.activiti.engine.impl.db.DbSqlSession  - SQL: create table ACT_RU_VARIABLE ( 
ID_ varchar(64) not null, 
REV_ integer, 
TYPE_ varchar(255) not null, 
NAME_ varchar(255) not null, 
EXECUTION_ID_ varchar(64), 
PROC_INST_ID_ varchar(64), 
TASK_ID_ varchar(64), 
BYTEARRAY_ID_ varchar(64), 
DOUBLE_ double, 
LONG_ bigint, 
TEXT_ varchar(4000), 
TEXT2_ varchar(4000), 
primary key (ID_) 
)
10:44:57,098 [main] DEBUG org.activiti.engine.impl.db.DbSqlSession  - SQL: create table ACT_RU_EVENT_SUBSCR ( 
ID_ varchar(64) not null, 
REV_ integer, 
EVENT_TYPE_ varchar(255) not null, 
EVENT_NAME_ varchar(255), 
EXECUTION_ID_ varchar(64), 
PROC_INST_ID_ varchar(64), 
ACTIVITY_ID_ varchar(64), 
CONFIGURATION_ varchar(255), 
CREATED_ timestamp not null, 
PROC_DEF_ID_ varchar(64), 
TENANT_ID_ varchar(255) default &apos;&apos;, 
primary key (ID_) 
)
10:44:57,098 [main] DEBUG org.activiti.engine.impl.db.DbSqlSession  - SQL: create table ACT_EVT_LOG ( 
LOG_NR_ identity, 
TYPE_ varchar(64), 
PROC_DEF_ID_ varchar(64), 
PROC_INST_ID_ varchar(64), 
EXECUTION_ID_ varchar(64), 
TASK_ID_ varchar(64), 
TIME_STAMP_ timestamp not null, 
USER_ID_ varchar(255), 
DATA_ longvarbinary, 
LOCK_OWNER_ varchar(255), 
LOCK_TIME_ timestamp, 
IS_PROCESSED_ bit default 0 
)
10:44:57,098 [main] DEBUG org.activiti.engine.impl.db.DbSqlSession  - SQL: create table ACT_PROCDEF_INFO ( 
ID_ varchar(64) not null, 
PROC_DEF_ID_ varchar(64) not null, 
REV_ integer, 
INFO_JSON_ID_ varchar(64), 
primary key (ID_) 
)
10:44:57,098 [main] DEBUG org.activiti.engine.impl.db.DbSqlSession  - SQL: create index ACT_IDX_EXEC_BUSKEY on ACT_RU_EXECUTION(BUSINESS_KEY_)
10:44:57,098 [main] DEBUG org.activiti.engine.impl.db.DbSqlSession  - SQL: create index ACT_IDX_TASK_CREATE on ACT_RU_TASK(CREATE_TIME_)
10:44:57,098 [main] DEBUG org.activiti.engine.impl.db.DbSqlSession  - SQL: create index ACT_IDX_IDENT_LNK_USER on ACT_RU_IDENTITYLINK(USER_ID_)
10:44:57,098 [main] DEBUG org.activiti.engine.impl.db.DbSqlSession  - SQL: create index ACT_IDX_IDENT_LNK_GROUP on ACT_RU_IDENTITYLINK(GROUP_ID_)
10:44:57,098 [main] DEBUG org.activiti.engine.impl.db.DbSqlSession  - SQL: create index ACT_IDX_EVENT_SUBSCR_CONFIG_ on ACT_RU_EVENT_SUBSCR(CONFIGURATION_)
10:44:57,098 [main] DEBUG org.activiti.engine.impl.db.DbSqlSession  - SQL: create index ACT_IDX_VARIABLE_TASK_ID on ACT_RU_VARIABLE(TASK_ID_)
10:44:57,098 [main] DEBUG org.activiti.engine.impl.db.DbSqlSession  - SQL: create index ACT_IDX_ATHRZ_PROCEDEF on ACT_RU_IDENTITYLINK(PROC_DEF_ID_)
10:44:57,098 [main] DEBUG org.activiti.engine.impl.db.DbSqlSession  - SQL: create index ACT_IDX_INFO_PROCDEF on ACT_PROCDEF_INFO(PROC_DEF_ID_)
10:44:57,098 [main] DEBUG org.activiti.engine.impl.db.DbSqlSession  - SQL: alter table ACT_GE_BYTEARRAY 
add constraint ACT_FK_BYTEARR_DEPL 
foreign key (DEPLOYMENT_ID_) 
references ACT_RE_DEPLOYMENT
10:44:57,098 [main] DEBUG org.activiti.engine.impl.db.DbSqlSession  - SQL: alter table ACT_RE_PROCDEF 
add constraint ACT_UNIQ_PROCDEF 
unique (KEY_,VERSION_, TENANT_ID_)
10:44:57,098 [main] DEBUG org.activiti.engine.impl.db.DbSqlSession  - SQL: alter table ACT_RU_EXECUTION 
add constraint ACT_FK_EXE_PROCINST 
foreign key (PROC_INST_ID_) 
references ACT_RU_EXECUTION
10:44:57,098 [main] DEBUG org.activiti.engine.impl.db.DbSqlSession  - SQL: alter table ACT_RU_EXECUTION 
add constraint ACT_FK_EXE_PARENT 
foreign key (PARENT_ID_) 
references ACT_RU_EXECUTION
10:44:57,098 [main] DEBUG org.activiti.engine.impl.db.DbSqlSession  - SQL: alter table ACT_RU_EXECUTION 
add constraint ACT_FK_EXE_SUPER 
foreign key (SUPER_EXEC_) 
references ACT_RU_EXECUTION
10:44:57,098 [main] DEBUG org.activiti.engine.impl.db.DbSqlSession  - SQL: alter table ACT_RU_EXECUTION 
add constraint ACT_FK_EXE_PROCDEF 
foreign key (PROC_DEF_ID_) 
references ACT_RE_PROCDEF (ID_)
10:44:57,099 [main] DEBUG org.activiti.engine.impl.db.DbSqlSession  - SQL: alter table ACT_RU_IDENTITYLINK 
add constraint ACT_FK_TSKASS_TASK 
foreign key (TASK_ID_) 
references ACT_RU_TASK
10:44:57,099 [main] DEBUG org.activiti.engine.impl.db.DbSqlSession  - SQL: alter table ACT_RU_IDENTITYLINK 
add constraint ACT_FK_ATHRZ_PROCEDEF 
foreign key (PROC_DEF_ID_) 
references ACT_RE_PROCDEF
10:44:57,099 [main] DEBUG org.activiti.engine.impl.db.DbSqlSession  - SQL: alter table ACT_RU_IDENTITYLINK 
add constraint ACT_FK_IDL_PROCINST 
foreign key (PROC_INST_ID_) 
references ACT_RU_EXECUTION (ID_)
10:44:57,099 [main] DEBUG org.activiti.engine.impl.db.DbSqlSession  - SQL: alter table ACT_RU_TASK 
add constraint ACT_FK_TASK_EXE 
foreign key (EXECUTION_ID_) 
references ACT_RU_EXECUTION
10:44:57,099 [main] DEBUG org.activiti.engine.impl.db.DbSqlSession  - SQL: alter table ACT_RU_TASK 
add constraint ACT_FK_TASK_PROCINST 
foreign key (PROC_INST_ID_) 
references ACT_RU_EXECUTION
10:44:57,099 [main] DEBUG org.activiti.engine.impl.db.DbSqlSession  - SQL: alter table ACT_RU_TASK 
add constraint ACT_FK_TASK_PROCDEF 
foreign key (PROC_DEF_ID_) 
references ACT_RE_PROCDEF
10:44:57,099 [main] DEBUG org.activiti.engine.impl.db.DbSqlSession  - SQL: alter table ACT_RU_VARIABLE 
add constraint ACT_FK_VAR_EXE 
foreign key (EXECUTION_ID_) 
references ACT_RU_EXECUTION
10:44:57,099 [main] DEBUG org.activiti.engine.impl.db.DbSqlSession  - SQL: alter table ACT_RU_VARIABLE 
add constraint ACT_FK_VAR_PROCINST 
foreign key (PROC_INST_ID_) 
references ACT_RU_EXECUTION
10:44:57,099 [main] DEBUG org.activiti.engine.impl.db.DbSqlSession  - SQL: alter table ACT_RU_VARIABLE 
add constraint ACT_FK_VAR_BYTEARRAY 
foreign key (BYTEARRAY_ID_) 
references ACT_GE_BYTEARRAY
10:44:57,099 [main] DEBUG org.activiti.engine.impl.db.DbSqlSession  - SQL: alter table ACT_RU_JOB 
add constraint ACT_FK_JOB_EXCEPTION 
foreign key (EXCEPTION_STACK_ID_) 
references ACT_GE_BYTEARRAY
10:44:57,099 [main] DEBUG org.activiti.engine.impl.db.DbSqlSession  - SQL: alter table ACT_RU_EVENT_SUBSCR 
add constraint ACT_FK_EVENT_EXEC 
foreign key (EXECUTION_ID_) 
references ACT_RU_EXECUTION
10:44:57,099 [main] DEBUG org.activiti.engine.impl.db.DbSqlSession  - SQL: alter table ACT_RE_MODEL 
add constraint ACT_FK_MODEL_SOURCE 
foreign key (EDITOR_SOURCE_VALUE_ID_) 
references ACT_GE_BYTEARRAY (ID_)
10:44:57,099 [main] DEBUG org.activiti.engine.impl.db.DbSqlSession  - SQL: alter table ACT_RE_MODEL 
add constraint ACT_FK_MODEL_SOURCE_EXTRA 
foreign key (EDITOR_SOURCE_EXTRA_VALUE_ID_) 
references ACT_GE_BYTEARRAY (ID_)
10:44:57,099 [main] DEBUG org.activiti.engine.impl.db.DbSqlSession  - SQL: alter table ACT_RE_MODEL 
add constraint ACT_FK_MODEL_DEPLOYMENT 
foreign key (DEPLOYMENT_ID_) 
references ACT_RE_DEPLOYMENT (ID_)
10:44:57,099 [main] DEBUG org.activiti.engine.impl.db.DbSqlSession  - SQL: alter table ACT_PROCDEF_INFO 
add constraint ACT_FK_INFO_JSON_BA 
foreign key (INFO_JSON_ID_) 
references ACT_GE_BYTEARRAY (ID_)
10:44:57,100 [main] DEBUG org.activiti.engine.impl.db.DbSqlSession  - SQL: alter table ACT_PROCDEF_INFO 
add constraint ACT_FK_INFO_PROCDEF 
foreign key (PROC_DEF_ID_) 
references ACT_RE_PROCDEF (ID_)
10:44:57,100 [main] DEBUG org.activiti.engine.impl.db.DbSqlSession  - SQL: alter table ACT_PROCDEF_INFO 
add constraint ACT_UNIQ_INFO_PROCDEF 
unique (PROC_DEF_ID_)
10:44:57,100 [main] DEBUG org.activiti.engine.impl.db.DbSqlSession  - activiti db schema create for component engine successful
10:44:57,100 [main] INFO  org.activiti.engine.impl.db.DbSqlSession  - performing create on history with resource org/activiti/db/create/activiti.h2.create.history.sql
10:44:57,100 [main] DEBUG org.activiti.engine.impl.db.DbSqlSession  - SQL: create table ACT_HI_PROCINST ( 
ID_ varchar(64) not null, 
PROC_INST_ID_ varchar(64) not null, 
BUSINESS_KEY_ varchar(255), 
PROC_DEF_ID_ varchar(64) not null, 
START_TIME_ timestamp not null, 
END_TIME_ timestamp, 
DURATION_ bigint, 
START_USER_ID_ varchar(255), 
START_ACT_ID_ varchar(255), 
END_ACT_ID_ varchar(255), 
SUPER_PROCESS_INSTANCE_ID_ varchar(64), 
DELETE_REASON_ varchar(4000), 
TENANT_ID_ varchar(255) default &apos;&apos;, 
NAME_ varchar(255), 
primary key (ID_), 
unique (PROC_INST_ID_) 
)
10:44:57,100 [main] DEBUG org.activiti.engine.impl.db.DbSqlSession  - SQL: create table ACT_HI_ACTINST ( 
ID_ varchar(64) not null, 
PROC_DEF_ID_ varchar(64) not null, 
PROC_INST_ID_ varchar(64) not null, 
EXECUTION_ID_ varchar(64) not null, 
ACT_ID_ varchar(255) not null, 
TASK_ID_ varchar(64), 
CALL_PROC_INST_ID_ varchar(64), 
ACT_NAME_ varchar(255), 
ACT_TYPE_ varchar(255) not null, 
ASSIGNEE_ varchar(255), 
START_TIME_ timestamp not null, 
END_TIME_ timestamp, 
DURATION_ bigint, 
TENANT_ID_ varchar(255) default &apos;&apos;, 
primary key (ID_) 
)
10:44:57,100 [main] DEBUG org.activiti.engine.impl.db.DbSqlSession  - SQL: create table ACT_HI_TASKINST ( 
ID_ varchar(64) not null, 
PROC_DEF_ID_ varchar(64), 
TASK_DEF_KEY_ varchar(255), 
PROC_INST_ID_ varchar(64), 
EXECUTION_ID_ varchar(64), 
NAME_ varchar(255), 
PARENT_TASK_ID_ varchar(64), 
DESCRIPTION_ varchar(4000), 
OWNER_ varchar(255), 
ASSIGNEE_ varchar(255), 
START_TIME_ timestamp not null, 
CLAIM_TIME_ timestamp, 
END_TIME_ timestamp, 
DURATION_ bigint, 
DELETE_REASON_ varchar(4000), 
PRIORITY_ integer, 
DUE_DATE_ timestamp, 
FORM_KEY_ varchar(255), 
CATEGORY_ varchar(255), 
TENANT_ID_ varchar(255) default &apos;&apos;, 
primary key (ID_) 
)
10:44:57,100 [main] DEBUG org.activiti.engine.impl.db.DbSqlSession  - SQL: create table ACT_HI_VARINST ( 
ID_ varchar(64) not null, 
PROC_INST_ID_ varchar(64), 
EXECUTION_ID_ varchar(64), 
TASK_ID_ varchar(64), 
NAME_ varchar(255) not null, 
VAR_TYPE_ varchar(100), 
REV_ integer, 
BYTEARRAY_ID_ varchar(64), 
DOUBLE_ double, 
LONG_ bigint, 
TEXT_ varchar(4000), 
TEXT2_ varchar(4000), 
CREATE_TIME_ timestamp, 
LAST_UPDATED_TIME_ timestamp, 
primary key (ID_) 
)
10:44:57,100 [main] DEBUG org.activiti.engine.impl.db.DbSqlSession  - SQL: create table ACT_HI_DETAIL ( 
ID_ varchar(64) not null, 
TYPE_ varchar(255) not null, 
TIME_ timestamp not null, 
NAME_ varchar(255), 
PROC_INST_ID_ varchar(64), 
EXECUTION_ID_ varchar(64), 
TASK_ID_ varchar(64), 
ACT_INST_ID_ varchar(64), 
VAR_TYPE_ varchar(255), 
REV_ integer, 
BYTEARRAY_ID_ varchar(64), 
DOUBLE_ double, 
LONG_ bigint, 
TEXT_ varchar(4000), 
TEXT2_ varchar(4000), 
primary key (ID_) 
)
10:44:57,100 [main] DEBUG org.activiti.engine.impl.db.DbSqlSession  - SQL: create table ACT_HI_COMMENT ( 
ID_ varchar(64) not null, 
TYPE_ varchar(255), 
TIME_ timestamp not null, 
USER_ID_ varchar(255), 
TASK_ID_ varchar(64), 
PROC_INST_ID_ varchar(64), 
ACTION_ varchar(255), 
MESSAGE_ varchar(4000), 
FULL_MSG_ longvarbinary, 
primary key (ID_) 
)
10:44:57,100 [main] DEBUG org.activiti.engine.impl.db.DbSqlSession  - SQL: create table ACT_HI_ATTACHMENT ( 
ID_ varchar(64) not null, 
REV_ integer, 
USER_ID_ varchar(255), 
NAME_ varchar(255), 
DESCRIPTION_ varchar(4000), 
TYPE_ varchar(255), 
TASK_ID_ varchar(64), 
PROC_INST_ID_ varchar(64), 
URL_ varchar(4000), 
CONTENT_ID_ varchar(64), 
TIME_ timestamp, 
primary key (ID_) 
)
10:44:57,100 [main] DEBUG org.activiti.engine.impl.db.DbSqlSession  - SQL: create table ACT_HI_IDENTITYLINK ( 
ID_ varchar(64), 
GROUP_ID_ varchar(255), 
TYPE_ varchar(255), 
USER_ID_ varchar(255), 
TASK_ID_ varchar(64), 
PROC_INST_ID_ varchar(64) null, 
primary key (ID_) 
)
10:44:57,100 [main] DEBUG org.activiti.engine.impl.db.DbSqlSession  - SQL: create index ACT_IDX_HI_PRO_INST_END on ACT_HI_PROCINST(END_TIME_)
10:44:57,100 [main] DEBUG org.activiti.engine.impl.db.DbSqlSession  - SQL: create index ACT_IDX_HI_PRO_I_BUSKEY on ACT_HI_PROCINST(BUSINESS_KEY_)
10:44:57,100 [main] DEBUG org.activiti.engine.impl.db.DbSqlSession  - SQL: create index ACT_IDX_HI_ACT_INST_START on ACT_HI_ACTINST(START_TIME_)
10:44:57,100 [main] DEBUG org.activiti.engine.impl.db.DbSqlSession  - SQL: create index ACT_IDX_HI_ACT_INST_END on ACT_HI_ACTINST(END_TIME_)
10:44:57,100 [main] DEBUG org.activiti.engine.impl.db.DbSqlSession  - SQL: create index ACT_IDX_HI_DETAIL_PROC_INST on ACT_HI_DETAIL(PROC_INST_ID_)
10:44:57,101 [main] DEBUG org.activiti.engine.impl.db.DbSqlSession  - SQL: create index ACT_IDX_HI_DETAIL_ACT_INST on ACT_HI_DETAIL(ACT_INST_ID_)
10:44:57,101 [main] DEBUG org.activiti.engine.impl.db.DbSqlSession  - SQL: create index ACT_IDX_HI_DETAIL_TIME on ACT_HI_DETAIL(TIME_)
10:44:57,101 [main] DEBUG org.activiti.engine.impl.db.DbSqlSession  - SQL: create index ACT_IDX_HI_DETAIL_NAME on ACT_HI_DETAIL(NAME_)
10:44:57,101 [main] DEBUG org.activiti.engine.impl.db.DbSqlSession  - SQL: create index ACT_IDX_HI_DETAIL_TASK_ID on ACT_HI_DETAIL(TASK_ID_)
10:44:57,101 [main] DEBUG org.activiti.engine.impl.db.DbSqlSession  - SQL: create index ACT_IDX_HI_PROCVAR_PROC_INST on ACT_HI_VARINST(PROC_INST_ID_)
10:44:57,101 [main] DEBUG org.activiti.engine.impl.db.DbSqlSession  - SQL: create index ACT_IDX_HI_PROCVAR_NAME_TYPE on ACT_HI_VARINST(NAME_, VAR_TYPE_)
10:44:57,101 [main] DEBUG org.activiti.engine.impl.db.DbSqlSession  - SQL: create index ACT_IDX_HI_PROCVAR_TASK_ID on ACT_HI_VARINST(TASK_ID_)
10:44:57,101 [main] DEBUG org.activiti.engine.impl.db.DbSqlSession  - SQL: create index ACT_IDX_HI_ACT_INST_PROCINST on ACT_HI_ACTINST(PROC_INST_ID_, ACT_ID_)
10:44:57,101 [main] DEBUG org.activiti.engine.impl.db.DbSqlSession  - SQL: create index ACT_IDX_HI_IDENT_LNK_USER on ACT_HI_IDENTITYLINK(USER_ID_)
10:44:57,101 [main] DEBUG org.activiti.engine.impl.db.DbSqlSession  - SQL: create index ACT_IDX_HI_IDENT_LNK_TASK on ACT_HI_IDENTITYLINK(TASK_ID_)
10:44:57,101 [main] DEBUG org.activiti.engine.impl.db.DbSqlSession  - SQL: create index ACT_IDX_HI_IDENT_LNK_PROCINST on ACT_HI_IDENTITYLINK(PROC_INST_ID_)
10:44:57,101 [main] DEBUG org.activiti.engine.impl.db.DbSqlSession  - SQL: create index ACT_IDX_HI_ACT_INST_EXEC on ACT_HI_ACTINST(EXECUTION_ID_, ACT_ID_)
10:44:57,101 [main] DEBUG org.activiti.engine.impl.db.DbSqlSession  - SQL: create index ACT_IDX_HI_TASK_INST_PROCINST on ACT_HI_TASKINST(PROC_INST_ID_)
10:44:57,101 [main] DEBUG org.activiti.engine.impl.db.DbSqlSession  - activiti db schema create for component history successful
10:44:57,101 [main] INFO  org.activiti.engine.impl.db.DbSqlSession  - performing create on identity with resource org/activiti/db/create/activiti.h2.create.identity.sql
10:44:57,101 [main] DEBUG org.activiti.engine.impl.db.DbSqlSession  - SQL: create table ACT_ID_GROUP ( 
ID_ varchar(64), 
REV_ integer, 
NAME_ varchar(255), 
TYPE_ varchar(255), 
primary key (ID_) 
)
10:44:57,101 [main] DEBUG org.activiti.engine.impl.db.DbSqlSession  - SQL: create table ACT_ID_MEMBERSHIP ( 
USER_ID_ varchar(64), 
GROUP_ID_ varchar(64), 
primary key (USER_ID_, GROUP_ID_) 
)
10:44:57,101 [main] DEBUG org.activiti.engine.impl.db.DbSqlSession  - SQL: create table ACT_ID_USER ( 
ID_ varchar(64), 
REV_ integer, 
FIRST_ varchar(255), 
LAST_ varchar(255), 
EMAIL_ varchar(255), 
PWD_ varchar(255), 
PICTURE_ID_ varchar(64), 
primary key (ID_) 
)
10:44:57,101 [main] DEBUG org.activiti.engine.impl.db.DbSqlSession  - SQL: create table ACT_ID_INFO ( 
ID_ varchar(64), 
REV_ integer, 
USER_ID_ varchar(64), 
TYPE_ varchar(64), 
KEY_ varchar(255), 
VALUE_ varchar(255), 
PASSWORD_ longvarbinary, 
PARENT_ID_ varchar(255), 
primary key (ID_) 
)
10:44:57,101 [main] DEBUG org.activiti.engine.impl.db.DbSqlSession  - SQL: alter table ACT_ID_MEMBERSHIP 
add constraint ACT_FK_MEMB_GROUP 
foreign key (GROUP_ID_) 
references ACT_ID_GROUP
10:44:57,101 [main] DEBUG org.activiti.engine.impl.db.DbSqlSession  - SQL: alter table ACT_ID_MEMBERSHIP 
add constraint ACT_FK_MEMB_USER 
foreign key (USER_ID_) 
references ACT_ID_USER
10:44:57,101 [main] DEBUG org.activiti.engine.impl.db.DbSqlSession  - activiti db schema create for component identity successful
10:44:57,101 [main] DEBUG org.activiti.engine.impl.db.DbSqlSession  - flush summary: 0 insert, 0 update, 0 delete.
10:44:57,101 [main] DEBUG org.activiti.engine.impl.db.DbSqlSession  - now executing flush...
10:44:57,101 [main] DEBUG org.activiti.engine.impl.cfg.standalone.StandaloneMybatisTransactionContext  - firing event committing...
10:44:57,101 [main] DEBUG org.activiti.engine.impl.cfg.standalone.StandaloneMybatisTransactionContext  - committing the ibatis sql session...
10:44:57,101 [main] DEBUG org.activiti.engine.impl.cfg.standalone.StandaloneMybatisTransactionContext  - firing event committed...
10:44:57,101 [main] DEBUG org.apache.ibatis.transaction.jdbc.JdbcTransaction  - Resetting autocommit to true on JDBC Connection [conn4: url=jdbc:h2:mem:activiti user=SA]
10:44:57,101 [main] DEBUG org.apache.ibatis.transaction.jdbc.JdbcTransaction  - Closing JDBC Connection [conn4: url=jdbc:h2:mem:activiti user=SA]
10:44:57,101 [main] DEBUG org.apache.ibatis.datasource.pooled.PooledDataSource  - Returned connection 297240765 to pool.
10:44:57,101 [main] DEBUG org.activiti.engine.impl.interceptor.LogInterceptor  - ---  finished --------------------------------------------------------
10:44:57,101 [main] DEBUG org.activiti.engine.impl.interceptor.LogInterceptor  - 

</system-out>
  </testcase>
  <testcase classname="org.activiti.engine.test.api.mgmt.JobQueryTest" name="testInvalidOnlyTimersUsage" time="0.021">
    <error message="
### Error querying database.  Cause: org.h2.jdbc.JdbcSQLException: Syntax error in SQL statement &quot;SELECT RES.* 
       
    FROM ACT_RE_PROCDEF RES
     
     WHERE  RES.DEPLOYMENT_ID_ = ? 
   
     ORDER BY  ORDER[*] BY RES.ID_ ASC  
    LIMIT ? OFFSET ? &quot;; expected &quot;=, NOT, EXISTS, INTERSECTS, SELECT, FROM&quot;; SQL statement:
select RES.* 
       
    from ACT_RE_PROCDEF RES
     
     WHERE  RES.DEPLOYMENT_ID_ = ? 
   
     order by  order by RES.ID_ asc  
    LIMIT ? OFFSET ? [42001-176]
### The error may exist in org/activiti/db/mapping/entity/ProcessDefinition.xml
### The error may involve org.activiti.engine.impl.persistence.entity.ProcessDefinitionEntity.selectProcessDefinitionsByQueryCriteria
### The error occurred while executing a query
### SQL: select RES.*              from ACT_RE_PROCDEF RES            WHERE  RES.DEPLOYMENT_ID_ = ?           order by  order by RES.ID_ asc       LIMIT ? OFFSET ?
### Cause: org.h2.jdbc.JdbcSQLException: Syntax error in SQL statement &quot;SELECT RES.* 
       
    FROM ACT_RE_PROCDEF RES
     
     WHERE  RES.DEPLOYMENT_ID_ = ? 
   
     ORDER BY  ORDER[*] BY RES.ID_ ASC  
    LIMIT ? OFFSET ? &quot;; expected &quot;=, NOT, EXISTS, INTERSECTS, SELECT, FROM&quot;; SQL statement:
select RES.* 
       
    from ACT_RE_PROCDEF RES
     
     WHERE  RES.DEPLOYMENT_ID_ = ? 
   
     order by  order by RES.ID_ asc  
    LIMIT ? OFFSET ? [42001-176]" type="org.apache.ibatis.exceptions.PersistenceException">org.apache.ibatis.exceptions.PersistenceException: 
### Error querying database.  Cause: org.h2.jdbc.JdbcSQLException: Syntax error in SQL statement &quot;SELECT RES.* 
       
    FROM ACT_RE_PROCDEF RES
     
     WHERE  RES.DEPLOYMENT_ID_ = ? 
   
     ORDER BY  ORDER[*] BY RES.ID_ ASC  
    LIMIT ? OFFSET ? &quot;; expected &quot;=, NOT, EXISTS, INTERSECTS, SELECT, FROM&quot;; SQL statement:
select RES.* 
       
    from ACT_RE_PROCDEF RES
     
     WHERE  RES.DEPLOYMENT_ID_ = ? 
   
     order by  order by RES.ID_ asc  
    LIMIT ? OFFSET ? [42001-176]
### The error may exist in org/activiti/db/mapping/entity/ProcessDefinition.xml
### The error may involve org.activiti.engine.impl.persistence.entity.ProcessDefinitionEntity.selectProcessDefinitionsByQueryCriteria
### The error occurred while executing a query
### SQL: select RES.*              from ACT_RE_PROCDEF RES            WHERE  RES.DEPLOYMENT_ID_ = ?           order by  order by RES.ID_ asc       LIMIT ? OFFSET ?
### Cause: org.h2.jdbc.JdbcSQLException: Syntax error in SQL statement &quot;SELECT RES.* 
       
    FROM ACT_RE_PROCDEF RES
     
     WHERE  RES.DEPLOYMENT_ID_ = ? 
   
     ORDER BY  ORDER[*] BY RES.ID_ ASC  
    LIMIT ? OFFSET ? &quot;; expected &quot;=, NOT, EXISTS, INTERSECTS, SELECT, FROM&quot;; SQL statement:
select RES.* 
       
    from ACT_RE_PROCDEF RES
     
     WHERE  RES.DEPLOYMENT_ID_ = ? 
   
     order by  order by RES.ID_ asc  
    LIMIT ? OFFSET ? [42001-176]
	at org.apache.ibatis.exceptions.ExceptionFactory.wrapException(ExceptionFactory.java:30)
	at org.apache.ibatis.session.defaults.DefaultSqlSession.selectList(DefaultSqlSession.java:122)
	at org.apache.ibatis.session.defaults.DefaultSqlSession.selectList(DefaultSqlSession.java:113)
	at org.activiti.engine.impl.db.DbSqlSession.selectListWithRawParameter(DbSqlSession.java:438)
	at org.activiti.engine.impl.db.DbSqlSession.selectList(DbSqlSession.java:429)
	at org.activiti.engine.impl.db.DbSqlSession.selectList(DbSqlSession.java:419)
	at org.activiti.engine.impl.persistence.entity.ProcessDefinitionEntityManager.findProcessDefinitionsByQueryCriteria(ProcessDefinitionEntityManager.java:57)
	at org.activiti.engine.impl.ProcessDefinitionQueryImpl.executeList(ProcessDefinitionQueryImpl.java:307)
	at org.activiti.engine.impl.AbstractQuery.list(AbstractQuery.java:140)
	at org.activiti.engine.impl.persistence.deploy.DeploymentManager.removeDeployment(DeploymentManager.java:187)
	at org.activiti.engine.impl.cmd.DeleteDeploymentCmd.execute(DeleteDeploymentCmd.java:44)
	at org.activiti.engine.impl.cmd.DeleteDeploymentCmd.execute(DeleteDeploymentCmd.java:24)
	at org.activiti.engine.impl.interceptor.CommandInvoker.execute(CommandInvoker.java:24)
	at org.activiti.engine.impl.interceptor.CommandContextInterceptor.execute(CommandContextInterceptor.java:57)
	at org.activiti.engine.impl.interceptor.LogInterceptor.execute(LogInterceptor.java:37)
	at org.activiti.engine.impl.cfg.CommandExecutorImpl.execute(CommandExecutorImpl.java:40)
	at org.activiti.engine.impl.cfg.CommandExecutorImpl.execute(CommandExecutorImpl.java:35)
	at org.activiti.engine.impl.RepositoryServiceImpl.deleteDeployment(RepositoryServiceImpl.java:90)
	at org.activiti.engine.test.api.mgmt.JobQueryTest.tearDown(JobQueryTest.java:116)
	at junit.framework.TestCase.runBare(TestCase.java:146)
	at org.activiti.engine.impl.test.AbstractActivitiTestCase.runBare(AbstractActivitiTestCase.java:100)
	at junit.framework.TestResult$1.protect(TestResult.java:122)
	at junit.framework.TestResult.runProtected(TestResult.java:142)
	at junit.framework.TestResult.run(TestResult.java:125)
	at junit.framework.TestCase.run(TestCase.java:129)
	at junit.framework.TestSuite.runTest(TestSuite.java:255)
	at junit.framework.TestSuite.run(TestSuite.java:250)
	at org.junit.internal.runners.JUnit38ClassRunner.run(JUnit38ClassRunner.java:84)
	at org.apache.maven.surefire.junit4.JUnit4TestSet.execute(JUnit4TestSet.java:35)
	at org.apache.maven.surefire.junit4.JUnit4Provider.executeTestSet(JUnit4Provider.java:146)
	at org.apache.maven.surefire.junit4.JUnit4Provider.invoke(JUnit4Provider.java:97)
	at sun.reflect.NativeMethodAccessorImpl.invoke0(Native Method)
	at sun.reflect.NativeMethodAccessorImpl.invoke(NativeMethodAccessorImpl.java:62)
	at sun.reflect.DelegatingMethodAccessorImpl.invoke(DelegatingMethodAccessorImpl.java:43)
	at java.lang.reflect.Method.invoke(Method.java:498)
	at org.apache.maven.surefire.booter.ProviderFactory$ClassLoaderProxy.invoke(ProviderFactory.java:103)
	at com.sun.proxy.$Proxy0.invoke(Unknown Source)
	at org.apache.maven.surefire.booter.SurefireStarter.invokeProvider(SurefireStarter.java:145)
	at org.apache.maven.surefire.booter.SurefireStarter.runSuitesInProcess(SurefireStarter.java:87)
	at org.apache.maven.surefire.booter.ForkedBooter.main(ForkedBooter.java:69)
Caused by: org.h2.jdbc.JdbcSQLException: Syntax error in SQL statement &quot;SELECT RES.* 
       
    FROM ACT_RE_PROCDEF RES
     
     WHERE  RES.DEPLOYMENT_ID_ = ? 
   
     ORDER BY  ORDER[*] BY RES.ID_ ASC  
    LIMIT ? OFFSET ? &quot;; expected &quot;=, NOT, EXISTS, INTERSECTS, SELECT, FROM&quot;; SQL statement:
select RES.* 
       
    from ACT_RE_PROCDEF RES
     
     WHERE  RES.DEPLOYMENT_ID_ = ? 
   
     order by  order by RES.ID_ asc  
    LIMIT ? OFFSET ? [42001-176]
	at org.h2.message.DbException.getJdbcSQLException(DbException.java:344)
	at org.h2.message.DbException.getSyntaxError(DbException.java:204)
	at org.h2.command.Parser.getSyntaxError(Parser.java:524)
	at org.h2.command.Parser.readTerm(Parser.java:2688)
	at org.h2.command.Parser.readFactor(Parser.java:2244)
	at org.h2.command.Parser.readSum(Parser.java:2231)
	at org.h2.command.Parser.readConcat(Parser.java:2201)
	at org.h2.command.Parser.readCondition(Parser.java:2051)
	at org.h2.command.Parser.readAnd(Parser.java:2023)
	at org.h2.command.Parser.readExpression(Parser.java:2015)
	at org.h2.command.Parser.parseEndOfQuery(Parser.java:1726)
	at org.h2.command.Parser.parseSelectUnionExtension(Parser.java:1706)
	at org.h2.command.Parser.parseSelectUnion(Parser.java:1675)
	at org.h2.command.Parser.parseSelect(Parser.java:1662)
	at org.h2.command.Parser.parsePrepared(Parser.java:434)
	at org.h2.command.Parser.parse(Parser.java:306)
	at org.h2.command.Parser.parse(Parser.java:282)
	at org.h2.command.Parser.prepareCommand(Parser.java:243)
	at org.h2.engine.Session.prepareLocal(Session.java:442)
	at org.h2.engine.Session.prepareCommand(Session.java:384)
	at org.h2.jdbc.JdbcConnection.prepareCommand(JdbcConnection.java:1188)
	at org.h2.jdbc.JdbcPreparedStatement.&lt;init&gt;(JdbcPreparedStatement.java:73)
	at org.h2.jdbc.JdbcConnection.prepareStatement(JdbcConnection.java:276)
	at sun.reflect.GeneratedMethodAccessor6.invoke(Unknown Source)
	at sun.reflect.DelegatingMethodAccessorImpl.invoke(DelegatingMethodAccessorImpl.java:43)
	at java.lang.reflect.Method.invoke(Method.java:498)
	at org.apache.ibatis.datasource.pooled.PooledConnection.invoke(PooledConnection.java:245)
	at com.sun.proxy.$Proxy12.prepareStatement(Unknown Source)
	at sun.reflect.GeneratedMethodAccessor6.invoke(Unknown Source)
	at sun.reflect.DelegatingMethodAccessorImpl.invoke(DelegatingMethodAccessorImpl.java:43)
	at java.lang.reflect.Method.invoke(Method.java:498)
	at org.apache.ibatis.logging.jdbc.ConnectionLogger.invoke(ConnectionLogger.java:55)
	at com.sun.proxy.$Proxy12.prepareStatement(Unknown Source)
	at org.apache.ibatis.executor.statement.PreparedStatementHandler.instantiateStatement(PreparedStatementHandler.java:79)
	at org.apache.ibatis.executor.statement.BaseStatementHandler.prepare(BaseStatementHandler.java:88)
	at org.apache.ibatis.executor.statement.RoutingStatementHandler.prepare(RoutingStatementHandler.java:58)
	at org.apache.ibatis.executor.SimpleExecutor.prepareStatement(SimpleExecutor.java:76)
	at org.apache.ibatis.executor.SimpleExecutor.doQuery(SimpleExecutor.java:61)
	at org.apache.ibatis.executor.BaseExecutor.queryFromDatabase(BaseExecutor.java:303)
	at org.apache.ibatis.executor.BaseExecutor.query(BaseExecutor.java:154)
	at org.apache.ibatis.executor.CachingExecutor.query(CachingExecutor.java:102)
	at org.apache.ibatis.executor.CachingExecutor.query(CachingExecutor.java:82)
	at org.apache.ibatis.session.defaults.DefaultSqlSession.selectList(DefaultSqlSession.java:120)
	... 38 more
</error>
    <system-out>10:44:57,102 [main] DEBUG org.activiti.engine.impl.interceptor.LogInterceptor  - 

10:44:57,102 [main] DEBUG org.activiti.engine.impl.interceptor.LogInterceptor  - --- starting DeployCmd --------------------------------------------------------
10:44:57,102 [main] DEBUG org.activiti.engine.impl.bpmn.deployer.BpmnDeployer  - Processing deployment null
10:44:57,102 [main] INFO  org.activiti.engine.impl.bpmn.deployer.BpmnDeployer  - Processing resource org/activiti/engine/test/api/mgmt/timerOnTask.bpmn20.xml
10:44:57,107 [main] DEBUG org.activiti.engine.impl.bpmn.parser.handler.ProcessParseHandler  - Parsing process timerOnTask
10:44:57,107 [main] DEBUG org.activiti.engine.impl.bpmn.parser.handler.AbstractBpmnParseHandler  - Parsing activity firstLineSupport
10:44:57,107 [main] DEBUG org.activiti.engine.impl.bpmn.parser.handler.AbstractBpmnParseHandler  - Parsing activity secondLineSupport
10:44:57,107 [main] DEBUG org.activiti.engine.impl.bpmn.parser.handler.AbstractBpmnParseHandler  - Parsing activity theStart
10:44:57,107 [main] DEBUG org.activiti.engine.impl.bpmn.parser.handler.AbstractBpmnParseHandler  - Parsing activity normalEnd
10:44:57,107 [main] DEBUG org.activiti.engine.impl.bpmn.parser.handler.AbstractBpmnParseHandler  - Parsing activity escalatedEnd
10:44:57,107 [main] DEBUG org.activiti.engine.impl.bpmn.parser.handler.AbstractBpmnParseHandler  - Parsing activity escalationTimer
10:44:57,107 [main] DEBUG org.apache.ibatis.transaction.jdbc.JdbcTransaction  - Opening JDBC Connection
10:44:57,107 [main] DEBUG org.apache.ibatis.datasource.pooled.PooledDataSource  - Checked out connection 363509958 from pool.
10:44:57,107 [main] DEBUG org.apache.ibatis.transaction.jdbc.JdbcTransaction  - Setting autocommit to false on JDBC Connection [conn2: url=jdbc:h2:mem:activiti user=SA]
10:44:57,107 [main] DEBUG org.activiti.engine.impl.persistence.entity.ProcessDefinitionEntity.selectLatestProcessDefinitionByKey  - ==&gt;  Preparing: select * from ACT_RE_PROCDEF where KEY_ = ? and (TENANT_ID_ = &apos;&apos; or TENANT_ID_ is null) and VERSION_ = (select max(VERSION_) from ACT_RE_PROCDEF where KEY_ = ? and (TENANT_ID_ = &apos;&apos; or TENANT_ID_ is null)) 
10:44:57,107 [main] DEBUG org.activiti.engine.impl.persistence.entity.ProcessDefinitionEntity.selectLatestProcessDefinitionByKey  - ==&gt; Parameters: timerOnTask(String), timerOnTask(String)
10:44:57,107 [main] DEBUG org.activiti.engine.impl.persistence.entity.ProcessDefinitionEntity.selectLatestProcessDefinitionByKey  - &lt;==      Total: 0
10:44:57,107 [main] DEBUG org.activiti.engine.impl.persistence.entity.JobEntity.selectJobByTypeAndProcessDefinitionKeyNoTenantId  - ==&gt;  Preparing: select J.* from ACT_RU_JOB J inner join ACT_RE_PROCDEF P on J.PROC_DEF_ID_ = P.ID_ where J.HANDLER_TYPE_ = ? and P.KEY_ = ? and (P.TENANT_ID_ = &apos;&apos; or P.TENANT_ID_ is null) 
10:44:57,107 [main] DEBUG org.activiti.engine.impl.persistence.entity.JobEntity.selectJobByTypeAndProcessDefinitionKeyNoTenantId  - ==&gt; Parameters: timer-start-event(String), timerOnTask(String)
10:44:57,107 [main] DEBUG org.activiti.engine.impl.persistence.entity.JobEntity.selectJobByTypeAndProcessDefinitionKeyNoTenantId  - &lt;==      Total: 0
10:44:57,107 [main] DEBUG org.activiti.engine.impl.persistence.entity.ProcessDefinitionInfoEntity.selectProcessDefinitionInfoByProcessDefinitionId  - ==&gt;  Preparing: select * from ACT_PROCDEF_INFO where PROC_DEF_ID_ = ? 
10:44:57,107 [main] DEBUG org.activiti.engine.impl.persistence.entity.ProcessDefinitionInfoEntity.selectProcessDefinitionInfoByProcessDefinitionId  - ==&gt; Parameters: timerOnTask:1:1569(String)
10:44:57,108 [main] DEBUG org.activiti.engine.impl.persistence.entity.ProcessDefinitionInfoEntity.selectProcessDefinitionInfoByProcessDefinitionId  - &lt;==      Total: 0
10:44:57,108 [main] DEBUG org.activiti.engine.impl.interceptor.LogInterceptor  - 

10:44:57,108 [main] DEBUG org.activiti.engine.impl.interceptor.LogInterceptor  - --- starting GetProcessDefinitionInfoCmd --------------------------------------------------------
10:44:57,108 [main] DEBUG org.activiti.engine.impl.interceptor.CommandContextInterceptor  - Valid context found. Reusing it for the current command &apos;org.activiti.engine.impl.cmd.GetProcessDefinitionInfoCmd&apos;
10:44:57,108 [main] DEBUG org.activiti.engine.impl.interceptor.LogInterceptor  - 

10:44:57,108 [main] DEBUG org.activiti.engine.impl.interceptor.LogInterceptor  - --- starting  --------------------------------------------------------
10:44:57,108 [main] DEBUG org.activiti.engine.impl.interceptor.CommandContextInterceptor  - Valid context found. Reusing it for the current command &apos;null&apos;
10:44:57,108 [main] DEBUG org.activiti.engine.impl.interceptor.LogInterceptor  - ---  finished --------------------------------------------------------
10:44:57,108 [main] DEBUG org.activiti.engine.impl.interceptor.LogInterceptor  - 

10:44:57,108 [main] DEBUG org.activiti.engine.impl.interceptor.LogInterceptor  - --- GetProcessDefinitionInfoCmd finished --------------------------------------------------------
10:44:57,108 [main] DEBUG org.activiti.engine.impl.interceptor.LogInterceptor  - 

10:44:57,108 [main] DEBUG org.activiti.engine.impl.db.DbSqlSession  -   insert ResourceEntity[id=1568, name=org/activiti/engine/test/api/mgmt/timerOnTask.bpmn20.xml]
10:44:57,108 [main] DEBUG org.activiti.engine.impl.db.DbSqlSession  -   insert DeploymentEntity[id=1567, name=null]
10:44:57,108 [main] DEBUG org.activiti.engine.impl.db.DbSqlSession  -   insert ProcessDefinitionEntity[timerOnTask:1:1569]
10:44:57,108 [main] DEBUG org.activiti.engine.impl.db.DbSqlSession  - flush summary: 3 insert, 0 update, 0 delete.
10:44:57,108 [main] DEBUG org.activiti.engine.impl.db.DbSqlSession  - now executing flush...
10:44:57,108 [main] DEBUG org.activiti.engine.impl.db.DbSqlSession  - inserting: ProcessDefinitionEntity[timerOnTask:1:1569]
10:44:57,108 [main] DEBUG org.activiti.engine.impl.persistence.entity.ProcessDefinitionEntity.insertProcessDefinition  - ==&gt;  Preparing: insert into ACT_RE_PROCDEF(ID_, REV_, CATEGORY_, NAME_, KEY_, VERSION_, DEPLOYMENT_ID_, RESOURCE_NAME_, DGRM_RESOURCE_NAME_, DESCRIPTION_, HAS_START_FORM_KEY_, HAS_GRAPHICAL_NOTATION_ , SUSPENSION_STATE_, TENANT_ID_) values (?, 1, ?, ?, ?, ?, ?, ?, ?, ?, ?, ?, ?, ?) 
10:44:57,108 [main] DEBUG org.activiti.engine.impl.persistence.entity.ProcessDefinitionEntity.insertProcessDefinition  - ==&gt; Parameters: timerOnTask:1:1569(String), org.activiti.enginge.test.api.mgmt(String), null, timerOnTask(String), 1(Integer), 1567(String), org/activiti/engine/test/api/mgmt/timerOnTask.bpmn20.xml(String), null, null, false(Boolean), false(Boolean), 1(Integer), (String)
10:44:57,108 [main] DEBUG org.activiti.engine.impl.persistence.entity.ProcessDefinitionEntity.insertProcessDefinition  - &lt;==    Updates: 1
10:44:57,108 [main] DEBUG org.activiti.engine.impl.db.DbSqlSession  - inserting: DeploymentEntity[id=1567, name=null]
10:44:57,108 [main] DEBUG org.activiti.engine.impl.persistence.entity.DeploymentEntity.insertDeployment  - ==&gt;  Preparing: insert into ACT_RE_DEPLOYMENT(ID_, NAME_, CATEGORY_, TENANT_ID_, DEPLOY_TIME_) values(?, ?, ?, ?, ?) 
10:44:57,108 [main] DEBUG org.activiti.engine.impl.persistence.entity.DeploymentEntity.insertDeployment  - ==&gt; Parameters: 1567(String), null, null, (String), 2023-03-20 12:44:57.0(Timestamp)
10:44:57,108 [main] DEBUG org.activiti.engine.impl.persistence.entity.DeploymentEntity.insertDeployment  - &lt;==    Updates: 1
10:44:57,108 [main] DEBUG org.activiti.engine.impl.db.DbSqlSession  - inserting: ResourceEntity[id=1568, name=org/activiti/engine/test/api/mgmt/timerOnTask.bpmn20.xml]
10:44:57,108 [main] DEBUG org.activiti.engine.impl.persistence.entity.ResourceEntity.insertResource  - ==&gt;  Preparing: insert into ACT_GE_BYTEARRAY(ID_, REV_, NAME_, BYTES_, DEPLOYMENT_ID_, GENERATED_) values (?, 1, ?, ?, ?, ?) 
10:44:57,108 [main] DEBUG org.activiti.engine.impl.persistence.entity.ResourceEntity.insertResource  - ==&gt; Parameters: 1568(String), org/activiti/engine/test/api/mgmt/timerOnTask.bpmn20.xml(String), java.io.ByteArrayInputStream@6cfbbff7(ByteArrayInputStream), 1567(String), false(Boolean)
10:44:57,108 [main] DEBUG org.activiti.engine.impl.persistence.entity.ResourceEntity.insertResource  - &lt;==    Updates: 1
10:44:57,108 [main] DEBUG org.activiti.engine.impl.cfg.standalone.StandaloneMybatisTransactionContext  - firing event committing...
10:44:57,108 [main] DEBUG org.activiti.engine.impl.cfg.standalone.StandaloneMybatisTransactionContext  - committing the ibatis sql session...
10:44:57,108 [main] DEBUG org.apache.ibatis.transaction.jdbc.JdbcTransaction  - Committing JDBC Connection [conn2: url=jdbc:h2:mem:activiti user=SA]
10:44:57,108 [main] DEBUG org.activiti.engine.impl.cfg.standalone.StandaloneMybatisTransactionContext  - firing event committed...
10:44:57,108 [main] DEBUG org.apache.ibatis.transaction.jdbc.JdbcTransaction  - Resetting autocommit to true on JDBC Connection [conn2: url=jdbc:h2:mem:activiti user=SA]
10:44:57,108 [main] DEBUG org.apache.ibatis.transaction.jdbc.JdbcTransaction  - Closing JDBC Connection [conn2: url=jdbc:h2:mem:activiti user=SA]
10:44:57,108 [main] DEBUG org.apache.ibatis.datasource.pooled.PooledDataSource  - Returned connection 363509958 to pool.
10:44:57,108 [main] DEBUG org.activiti.engine.impl.interceptor.LogInterceptor  - --- DeployCmd finished --------------------------------------------------------
10:44:57,108 [main] DEBUG org.activiti.engine.impl.interceptor.LogInterceptor  - 

10:44:57,108 [main] DEBUG org.activiti.engine.impl.interceptor.LogInterceptor  - 

10:44:57,108 [main] DEBUG org.activiti.engine.impl.interceptor.LogInterceptor  - --- starting StartProcessInstanceCmd --------------------------------------------------------
10:44:57,108 [main] DEBUG org.apache.ibatis.transaction.jdbc.JdbcTransaction  - Opening JDBC Connection
10:44:57,108 [main] DEBUG org.apache.ibatis.datasource.pooled.PooledDataSource  - Checked out connection 180014677 from pool.
10:44:57,108 [main] DEBUG org.apache.ibatis.transaction.jdbc.JdbcTransaction  - Setting autocommit to false on JDBC Connection [conn3: url=jdbc:h2:mem:activiti user=SA]
10:44:57,108 [main] DEBUG org.activiti.engine.impl.persistence.entity.ProcessDefinitionEntity.selectLatestProcessDefinitionByKey  - ==&gt;  Preparing: select * from ACT_RE_PROCDEF where KEY_ = ? and (TENANT_ID_ = &apos;&apos; or TENANT_ID_ is null) and VERSION_ = (select max(VERSION_) from ACT_RE_PROCDEF where KEY_ = ? and (TENANT_ID_ = &apos;&apos; or TENANT_ID_ is null)) 
10:44:57,108 [main] DEBUG org.activiti.engine.impl.persistence.entity.ProcessDefinitionEntity.selectLatestProcessDefinitionByKey  - ==&gt; Parameters: timerOnTask(String), timerOnTask(String)
10:44:57,108 [main] DEBUG org.activiti.engine.impl.persistence.entity.ProcessDefinitionEntity.selectLatestProcessDefinitionByKey  - &lt;==      Total: 1
10:44:57,108 [main] DEBUG org.activiti.engine.impl.persistence.entity.ExecutionEntity  - initializing ProcessInstance[1570]
10:44:57,108 [main] DEBUG org.activiti.engine.impl.history.DefaultHistoryManager  - Current history level: FULL, level required: ACTIVITY
10:44:57,108 [main] DEBUG org.activiti.engine.impl.pvm.runtime.AtomicOperationActivityExecute  - ProcessInstance[1570] executes Activity(theStart): org.activiti.engine.impl.bpmn.behavior.NoneStartEventActivityBehavior
10:44:57,108 [main] DEBUG org.activiti.engine.impl.persistence.entity.JobEntity.selectJobsByExecutionId  - ==&gt;  Preparing: select * from ACT_RU_JOB J where J.EXECUTION_ID_ = ? 
10:44:57,108 [main] DEBUG org.activiti.engine.impl.persistence.entity.JobEntity.selectJobsByExecutionId  - ==&gt; Parameters: 1570(String)
10:44:57,108 [main] DEBUG org.activiti.engine.impl.persistence.entity.JobEntity.selectJobsByExecutionId  - &lt;==      Total: 0
10:44:57,108 [main] DEBUG org.activiti.engine.impl.bpmn.behavior.BpmnActivityBehavior  - Leaving activity &apos;theStart&apos;
10:44:57,108 [main] DEBUG org.activiti.engine.impl.history.DefaultHistoryManager  - Current history level: FULL, level required: ACTIVITY
10:44:57,108 [main] DEBUG org.activiti.engine.impl.pvm.runtime.AtomicOperationTransitionNotifyListenerTake  - ProcessInstance[1570] takes transition (theStart)--flow1--&gt;(firstLineSupport)
10:44:57,108 [main] DEBUG org.activiti.engine.impl.persistence.entity.ExecutionEntity  - Child execution ScopeExecution[1572] created with parent 
10:44:57,109 [main] DEBUG org.activiti.engine.impl.pvm.runtime.AtomicOperationTransitionCreateScope  - create scope: parent ProcessInstance[1570] continues as execution ScopeExecution[1572]
10:44:57,109 [main] DEBUG org.activiti.engine.impl.persistence.entity.ExecutionEntity  - initializing ScopeExecution[1572]
10:44:57,109 [main] DEBUG org.activiti.engine.impl.persistence.entity.JobEntity.selectJobsByExecutionId  - ==&gt;  Preparing: select * from ACT_RU_JOB J where J.EXECUTION_ID_ = ? 
10:44:57,109 [main] DEBUG org.activiti.engine.impl.persistence.entity.JobEntity.selectJobsByExecutionId  - ==&gt; Parameters: 1572(String)
10:44:57,109 [main] DEBUG org.activiti.engine.impl.persistence.entity.JobEntity.selectJobsByExecutionId  - &lt;==      Total: 0
10:44:57,109 [main] DEBUG org.activiti.engine.impl.history.DefaultHistoryManager  - Current history level: FULL, level required: ACTIVITY
10:44:57,109 [main] DEBUG org.activiti.engine.impl.pvm.runtime.AtomicOperationActivityExecute  - ScopeExecution[1572] executes Activity(firstLineSupport): org.activiti.engine.impl.bpmn.behavior.UserTaskActivityBehavior
10:44:57,109 [main] DEBUG org.activiti.engine.impl.persistence.entity.TaskEntity.selectTasksByExecutionId  - ==&gt;  Preparing: select distinct T.* from ACT_RU_TASK T where T.EXECUTION_ID_ = ? 
10:44:57,109 [main] DEBUG org.activiti.engine.impl.persistence.entity.TaskEntity.selectTasksByExecutionId  - ==&gt; Parameters: 1572(String)
10:44:57,109 [main] DEBUG org.activiti.engine.impl.persistence.entity.TaskEntity.selectTasksByExecutionId  - &lt;==      Total: 0
10:44:57,109 [main] DEBUG org.activiti.engine.impl.history.DefaultHistoryManager  - Current history level: FULL, level required: AUDIT
10:44:57,109 [main] DEBUG org.activiti.engine.impl.history.DefaultHistoryManager  - Current history level: FULL, level required: AUDIT
10:44:57,109 [main] DEBUG org.activiti.engine.impl.interceptor.LogInterceptor  - 

10:44:57,109 [main] DEBUG org.activiti.engine.impl.interceptor.LogInterceptor  - --- starting  --------------------------------------------------------
10:44:57,109 [main] DEBUG org.activiti.engine.impl.interceptor.CommandContextInterceptor  - Valid context found. Reusing it for the current command &apos;null&apos;
10:44:57,109 [main] DEBUG org.activiti.engine.impl.persistence.entity.ProcessDefinitionInfoEntity.selectProcessDefinitionInfoByProcessDefinitionId  - ==&gt;  Preparing: select * from ACT_PROCDEF_INFO where PROC_DEF_ID_ = ? 
10:44:57,109 [main] DEBUG org.activiti.engine.impl.persistence.entity.ProcessDefinitionInfoEntity.selectProcessDefinitionInfoByProcessDefinitionId  - ==&gt; Parameters: timerOnTask:1:1569(String)
10:44:57,109 [main] DEBUG org.activiti.engine.impl.persistence.entity.ProcessDefinitionInfoEntity.selectProcessDefinitionInfoByProcessDefinitionId  - &lt;==      Total: 0
10:44:57,109 [main] DEBUG org.activiti.engine.impl.interceptor.LogInterceptor  - ---  finished --------------------------------------------------------
10:44:57,109 [main] DEBUG org.activiti.engine.impl.interceptor.LogInterceptor  - 

10:44:57,109 [main] DEBUG org.activiti.engine.impl.history.DefaultHistoryManager  - Current history level: FULL, level required: AUDIT
10:44:57,109 [main] DEBUG org.activiti.engine.impl.history.DefaultHistoryManager  - Current history level: FULL, level required: AUDIT
10:44:57,109 [main] DEBUG org.activiti.engine.impl.history.DefaultHistoryManager  - Current history level: FULL, level required: ACTIVITY
10:44:57,109 [main] DEBUG org.activiti.engine.impl.db.DbSqlSession  -   insert ProcessInstance[1570]
10:44:57,109 [main] DEBUG org.activiti.engine.impl.db.DbSqlSession  -   insert ScopeExecution[1572]
10:44:57,109 [main] DEBUG org.activiti.engine.impl.db.DbSqlSession  -   insert HistoricProcessInstanceEntity[superProcessInstanceId=null]
10:44:57,109 [main] DEBUG org.activiti.engine.impl.db.DbSqlSession  -   insert Task[id=1575, name=First line support]
10:44:57,109 [main] DEBUG org.activiti.engine.impl.db.DbSqlSession  -   insert HistoricTaskInstanceEntity[id=1575, name=First line support]
10:44:57,109 [main] DEBUG org.activiti.engine.impl.db.DbSqlSession  -   insert HistoricActivityInstanceEntity[activityId=theStart, activityName=null]
10:44:57,109 [main] DEBUG org.activiti.engine.impl.db.DbSqlSession  -   insert HistoricActivityInstanceEntity[activityId=firstLineSupport, activityName=First line support]
10:44:57,109 [main] DEBUG org.activiti.engine.impl.db.DbSqlSession  -   insert JobEntity [id=1573]
10:44:57,109 [main] DEBUG org.activiti.engine.impl.db.DbSqlSession  - flush summary: 8 insert, 0 update, 0 delete.
10:44:57,109 [main] DEBUG org.activiti.engine.impl.db.DbSqlSession  - now executing flush...
10:44:57,109 [main] DEBUG org.activiti.engine.impl.db.DbSqlSession  - inserting: HistoricTaskInstanceEntity[id=1575, name=First line support]
10:44:57,109 [main] DEBUG org.activiti.engine.impl.persistence.entity.HistoricTaskInstanceEntity.insertHistoricTaskInstance  - ==&gt;  Preparing: insert into ACT_HI_TASKINST ( ID_, PROC_DEF_ID_, PROC_INST_ID_, EXECUTION_ID_, NAME_, PARENT_TASK_ID_, DESCRIPTION_, OWNER_, ASSIGNEE_, START_TIME_, CLAIM_TIME_, END_TIME_, DURATION_, DELETE_REASON_, TASK_DEF_KEY_, FORM_KEY_, PRIORITY_, DUE_DATE_, CATEGORY_, TENANT_ID_ ) values ( ?, ?, ?, ?, ?, ?, ?, ?, ?, ?, ?, ?, ?, ?, ?, ?, ?, ?, ?, ? ) 
10:44:57,109 [main] DEBUG org.activiti.engine.impl.persistence.entity.HistoricTaskInstanceEntity.insertHistoricTaskInstance  - ==&gt; Parameters: 1575(String), timerOnTask:1:1569(String), 1570(String), 1572(String), First line support(String), null, null, null, null, 2023-03-20 10:44:57.0(Timestamp), null, null, null, null, firstLineSupport(String), null, 50(Integer), null, null, (String)
10:44:57,109 [main] DEBUG org.activiti.engine.impl.persistence.entity.HistoricTaskInstanceEntity.insertHistoricTaskInstance  - &lt;==    Updates: 1
10:44:57,109 [main] DEBUG org.activiti.engine.impl.db.DbSqlSession  - inserting: HistoricProcessInstanceEntity[superProcessInstanceId=null]
10:44:57,109 [main] DEBUG org.activiti.engine.impl.persistence.entity.HistoricProcessInstanceEntity.insertHistoricProcessInstance  - ==&gt;  Preparing: insert into ACT_HI_PROCINST ( ID_, PROC_INST_ID_, BUSINESS_KEY_, PROC_DEF_ID_, START_TIME_, END_TIME_, DURATION_, START_USER_ID_, START_ACT_ID_, END_ACT_ID_, SUPER_PROCESS_INSTANCE_ID_, DELETE_REASON_, TENANT_ID_, NAME_ ) values ( ?, ?, ?, ?, ?, ?, ?, ?, ?, ?, ?, ?, ?, ? ) 
10:44:57,109 [main] DEBUG org.activiti.engine.impl.persistence.entity.HistoricProcessInstanceEntity.insertHistoricProcessInstance  - ==&gt; Parameters: 1570(String), 1570(String), null, timerOnTask:1:1569(String), 2023-03-20 10:44:57.0(Timestamp), null, null, null, theStart(String), null, null, null, (String), null
10:44:57,109 [main] DEBUG org.activiti.engine.impl.persistence.entity.HistoricProcessInstanceEntity.insertHistoricProcessInstance  - &lt;==    Updates: 1
10:44:57,110 [main] DEBUG org.activiti.engine.impl.persistence.entity.HistoricActivityInstanceEntity.bulkInsertHistoricActivityInstance  - ==&gt;  Preparing: insert into ACT_HI_ACTINST ( ID_, PROC_DEF_ID_, PROC_INST_ID_, EXECUTION_ID_, ACT_ID_, TASK_ID_, CALL_PROC_INST_ID_, ACT_NAME_, ACT_TYPE_, ASSIGNEE_, START_TIME_, END_TIME_, DURATION_, TENANT_ID_ ) values (?, ?, ?, ?, ?, ?, ?, ?, ?, ?, ?, ?, ?, ?) , (?, ?, ?, ?, ?, ?, ?, ?, ?, ?, ?, ?, ?, ?) 
10:44:57,110 [main] DEBUG org.activiti.engine.impl.persistence.entity.HistoricActivityInstanceEntity.bulkInsertHistoricActivityInstance  - ==&gt; Parameters: 1571(String), timerOnTask:1:1569(String), 1570(String), 1570(String), theStart(String), null, null, null, startEvent(String), null, 2023-03-20 10:44:57.0(Timestamp), 2023-03-20 10:44:57.0(Timestamp), 0(Long), (String), 1574(String), timerOnTask:1:1569(String), 1570(String), 1572(String), firstLineSupport(String), 1575(String), null, First line support(String), userTask(String), null, 2023-03-20 10:44:57.0(Timestamp), null, null, (String)
10:44:57,110 [main] DEBUG org.activiti.engine.impl.persistence.entity.HistoricActivityInstanceEntity.bulkInsertHistoricActivityInstance  - &lt;==    Updates: 2
10:44:57,110 [main] DEBUG org.activiti.engine.impl.persistence.entity.ExecutionEntity.bulkInsertExecution  - ==&gt;  Preparing: insert into ACT_RU_EXECUTION (ID_, REV_, PROC_INST_ID_, BUSINESS_KEY_, PROC_DEF_ID_, ACT_ID_, IS_ACTIVE_, IS_CONCURRENT_, IS_SCOPE_,IS_EVENT_SCOPE_, PARENT_ID_, SUPER_EXEC_, SUSPENSION_STATE_, CACHED_ENT_STATE_, TENANT_ID_, NAME_) values (?, 1, ?, ?, ?, ?, ?, ?, ?, ?, ?, ?, ?, ?, ?, ?) , (?, 1, ?, ?, ?, ?, ?, ?, ?, ?, ?, ?, ?, ?, ?, ?) 
10:44:57,110 [main] DEBUG org.activiti.engine.impl.persistence.entity.ExecutionEntity.bulkInsertExecution  - ==&gt; Parameters: 1570(String), 1570(String), null, timerOnTask:1:1569(String), null, false(Boolean), false(Boolean), true(Boolean), false(Boolean), null, null, 1(Integer), 2(Integer), (String), null, 1572(String), 1570(String), null, timerOnTask:1:1569(String), firstLineSupport(String), true(Boolean), false(Boolean), true(Boolean), false(Boolean), 1570(String), null, 1(Integer), 6(Integer), (String), null
10:44:57,110 [main] DEBUG org.activiti.engine.impl.persistence.entity.ExecutionEntity.bulkInsertExecution  - &lt;==    Updates: 2
10:44:57,110 [main] DEBUG org.activiti.engine.impl.db.DbSqlSession  - inserting: Task[id=1575, name=First line support]
10:44:57,110 [main] DEBUG org.activiti.engine.impl.persistence.entity.TaskEntity.insertTask  - ==&gt;  Preparing: insert into ACT_RU_TASK (ID_, REV_, NAME_, PARENT_TASK_ID_, DESCRIPTION_, PRIORITY_, CREATE_TIME_, OWNER_, ASSIGNEE_, DELEGATION_, EXECUTION_ID_, PROC_INST_ID_, PROC_DEF_ID_, TASK_DEF_KEY_, DUE_DATE_, CATEGORY_, SUSPENSION_STATE_, TENANT_ID_, FORM_KEY_) values (?, 1, ?, ?, ?, ?, ?, ?, ?, ?, ?, ?, ?, ?, ?, ?, ?, ?, ? ) 
10:44:57,110 [main] DEBUG org.activiti.engine.impl.persistence.entity.TaskEntity.insertTask  - ==&gt; Parameters: 1575(String), First line support(String), null, null, 50(Integer), 2023-03-20 10:44:57.0(Timestamp), null, null, null, 1572(String), 1570(String), timerOnTask:1:1569(String), firstLineSupport(String), null, null, 1(Integer), (String), null
10:44:57,110 [main] DEBUG org.activiti.engine.impl.persistence.entity.TaskEntity.insertTask  - &lt;==    Updates: 1
10:44:57,110 [main] DEBUG org.activiti.engine.impl.db.DbSqlSession  - inserting: JobEntity [id=1573]
10:44:57,110 [main] DEBUG org.activiti.engine.impl.persistence.entity.JobEntity.insertTimer  - ==&gt;  Preparing: insert into ACT_RU_JOB ( ID_, REV_, TYPE_, LOCK_OWNER_, LOCK_EXP_TIME_, EXCLUSIVE_, EXECUTION_ID_, PROCESS_INSTANCE_ID_, PROC_DEF_ID_, RETRIES_, EXCEPTION_STACK_ID_, EXCEPTION_MSG_, DUEDATE_, REPEAT_, HANDLER_TYPE_, HANDLER_CFG_, TENANT_ID_) values (?, 1, &apos;timer&apos;, ?, ?, ?, ?, ?, ?, ?, ?, ?, ?, ?, ?, ?, ? ) 
10:44:57,110 [main] DEBUG org.activiti.engine.impl.persistence.entity.JobEntity.insertTimer  - ==&gt; Parameters: 1573(String), null, null, true(Boolean), 1572(String), 1570(String), timerOnTask:1:1569(String), 3(Integer), null, null, 2023-03-20 11:44:57.0(Timestamp), null, timer-transition(String), {&quot;activityId&quot;:&quot;escalationTimer&quot;}(String), (String)
10:44:57,110 [main] DEBUG org.activiti.engine.impl.persistence.entity.JobEntity.insertTimer  - &lt;==    Updates: 1
10:44:57,110 [main] DEBUG org.activiti.engine.impl.cfg.standalone.StandaloneMybatisTransactionContext  - firing event committing...
10:44:57,110 [main] DEBUG org.activiti.engine.impl.cfg.standalone.StandaloneMybatisTransactionContext  - committing the ibatis sql session...
10:44:57,110 [main] DEBUG org.apache.ibatis.transaction.jdbc.JdbcTransaction  - Committing JDBC Connection [conn3: url=jdbc:h2:mem:activiti user=SA]
10:44:57,110 [main] DEBUG org.activiti.engine.impl.cfg.standalone.StandaloneMybatisTransactionContext  - firing event committed...
10:44:57,110 [main] DEBUG org.apache.ibatis.transaction.jdbc.JdbcTransaction  - Resetting autocommit to true on JDBC Connection [conn3: url=jdbc:h2:mem:activiti user=SA]
10:44:57,110 [main] DEBUG org.apache.ibatis.transaction.jdbc.JdbcTransaction  - Closing JDBC Connection [conn3: url=jdbc:h2:mem:activiti user=SA]
10:44:57,110 [main] DEBUG org.apache.ibatis.datasource.pooled.PooledDataSource  - Returned connection 180014677 to pool.
10:44:57,110 [main] DEBUG org.activiti.engine.impl.interceptor.LogInterceptor  - --- StartProcessInstanceCmd finished --------------------------------------------------------
10:44:57,110 [main] DEBUG org.activiti.engine.impl.interceptor.LogInterceptor  - 

10:44:57,110 [main] DEBUG org.activiti.engine.impl.interceptor.LogInterceptor  - 

10:44:57,110 [main] DEBUG org.activiti.engine.impl.interceptor.LogInterceptor  - --- starting StartProcessInstanceCmd --------------------------------------------------------
10:44:57,110 [main] DEBUG org.apache.ibatis.transaction.jdbc.JdbcTransaction  - Opening JDBC Connection
10:44:57,110 [main] DEBUG org.apache.ibatis.datasource.pooled.PooledDataSource  - Checked out connection 297240765 from pool.
10:44:57,110 [main] DEBUG org.apache.ibatis.transaction.jdbc.JdbcTransaction  - Setting autocommit to false on JDBC Connection [conn4: url=jdbc:h2:mem:activiti user=SA]
10:44:57,110 [main] DEBUG org.activiti.engine.impl.persistence.entity.ProcessDefinitionEntity.selectLatestProcessDefinitionByKey  - ==&gt;  Preparing: select * from ACT_RE_PROCDEF where KEY_ = ? and (TENANT_ID_ = &apos;&apos; or TENANT_ID_ is null) and VERSION_ = (select max(VERSION_) from ACT_RE_PROCDEF where KEY_ = ? and (TENANT_ID_ = &apos;&apos; or TENANT_ID_ is null)) 
10:44:57,111 [main] DEBUG org.activiti.engine.impl.persistence.entity.ProcessDefinitionEntity.selectLatestProcessDefinitionByKey  - ==&gt; Parameters: timerOnTask(String), timerOnTask(String)
10:44:57,111 [main] DEBUG org.activiti.engine.impl.persistence.entity.ProcessDefinitionEntity.selectLatestProcessDefinitionByKey  - &lt;==      Total: 1
10:44:57,111 [main] DEBUG org.activiti.engine.impl.persistence.entity.ExecutionEntity  - initializing ProcessInstance[1576]
10:44:57,111 [main] DEBUG org.activiti.engine.impl.history.DefaultHistoryManager  - Current history level: FULL, level required: ACTIVITY
10:44:57,111 [main] DEBUG org.activiti.engine.impl.pvm.runtime.AtomicOperationActivityExecute  - ProcessInstance[1576] executes Activity(theStart): org.activiti.engine.impl.bpmn.behavior.NoneStartEventActivityBehavior
10:44:57,111 [main] DEBUG org.activiti.engine.impl.persistence.entity.JobEntity.selectJobsByExecutionId  - ==&gt;  Preparing: select * from ACT_RU_JOB J where J.EXECUTION_ID_ = ? 
10:44:57,111 [main] DEBUG org.activiti.engine.impl.persistence.entity.JobEntity.selectJobsByExecutionId  - ==&gt; Parameters: 1576(String)
10:44:57,111 [main] DEBUG org.activiti.engine.impl.persistence.entity.JobEntity.selectJobsByExecutionId  - &lt;==      Total: 0
10:44:57,111 [main] DEBUG org.activiti.engine.impl.bpmn.behavior.BpmnActivityBehavior  - Leaving activity &apos;theStart&apos;
10:44:57,111 [main] DEBUG org.activiti.engine.impl.history.DefaultHistoryManager  - Current history level: FULL, level required: ACTIVITY
10:44:57,111 [main] DEBUG org.activiti.engine.impl.pvm.runtime.AtomicOperationTransitionNotifyListenerTake  - ProcessInstance[1576] takes transition (theStart)--flow1--&gt;(firstLineSupport)
10:44:57,111 [main] DEBUG org.activiti.engine.impl.persistence.entity.ExecutionEntity  - Child execution ScopeExecution[1578] created with parent 
10:44:57,111 [main] DEBUG org.activiti.engine.impl.pvm.runtime.AtomicOperationTransitionCreateScope  - create scope: parent ProcessInstance[1576] continues as execution ScopeExecution[1578]
10:44:57,111 [main] DEBUG org.activiti.engine.impl.persistence.entity.ExecutionEntity  - initializing ScopeExecution[1578]
10:44:57,111 [main] DEBUG org.activiti.engine.impl.persistence.entity.JobEntity.selectJobsByExecutionId  - ==&gt;  Preparing: select * from ACT_RU_JOB J where J.EXECUTION_ID_ = ? 
10:44:57,111 [main] DEBUG org.activiti.engine.impl.persistence.entity.JobEntity.selectJobsByExecutionId  - ==&gt; Parameters: 1578(String)
10:44:57,111 [main] DEBUG org.activiti.engine.impl.persistence.entity.JobEntity.selectJobsByExecutionId  - &lt;==      Total: 0
10:44:57,111 [main] DEBUG org.activiti.engine.impl.history.DefaultHistoryManager  - Current history level: FULL, level required: ACTIVITY
10:44:57,111 [main] DEBUG org.activiti.engine.impl.pvm.runtime.AtomicOperationActivityExecute  - ScopeExecution[1578] executes Activity(firstLineSupport): org.activiti.engine.impl.bpmn.behavior.UserTaskActivityBehavior
10:44:57,111 [main] DEBUG org.activiti.engine.impl.persistence.entity.TaskEntity.selectTasksByExecutionId  - ==&gt;  Preparing: select distinct T.* from ACT_RU_TASK T where T.EXECUTION_ID_ = ? 
10:44:57,112 [main] DEBUG org.activiti.engine.impl.persistence.entity.TaskEntity.selectTasksByExecutionId  - ==&gt; Parameters: 1578(String)
10:44:57,112 [main] DEBUG org.activiti.engine.impl.persistence.entity.TaskEntity.selectTasksByExecutionId  - &lt;==      Total: 0
10:44:57,112 [main] DEBUG org.activiti.engine.impl.history.DefaultHistoryManager  - Current history level: FULL, level required: AUDIT
10:44:57,112 [main] DEBUG org.activiti.engine.impl.history.DefaultHistoryManager  - Current history level: FULL, level required: AUDIT
10:44:57,112 [main] DEBUG org.activiti.engine.impl.interceptor.LogInterceptor  - 

10:44:57,112 [main] DEBUG org.activiti.engine.impl.interceptor.LogInterceptor  - --- starting  --------------------------------------------------------
10:44:57,112 [main] DEBUG org.activiti.engine.impl.interceptor.CommandContextInterceptor  - Valid context found. Reusing it for the current command &apos;null&apos;
10:44:57,112 [main] DEBUG org.activiti.engine.impl.persistence.entity.ProcessDefinitionInfoEntity.selectProcessDefinitionInfoByProcessDefinitionId  - ==&gt;  Preparing: select * from ACT_PROCDEF_INFO where PROC_DEF_ID_ = ? 
10:44:57,112 [main] DEBUG org.activiti.engine.impl.persistence.entity.ProcessDefinitionInfoEntity.selectProcessDefinitionInfoByProcessDefinitionId  - ==&gt; Parameters: timerOnTask:1:1569(String)
10:44:57,112 [main] DEBUG org.activiti.engine.impl.persistence.entity.ProcessDefinitionInfoEntity.selectProcessDefinitionInfoByProcessDefinitionId  - &lt;==      Total: 0
10:44:57,112 [main] DEBUG org.activiti.engine.impl.interceptor.LogInterceptor  - ---  finished --------------------------------------------------------
10:44:57,112 [main] DEBUG org.activiti.engine.impl.interceptor.LogInterceptor  - 

10:44:57,112 [main] DEBUG org.activiti.engine.impl.history.DefaultHistoryManager  - Current history level: FULL, level required: AUDIT
10:44:57,112 [main] DEBUG org.activiti.engine.impl.history.DefaultHistoryManager  - Current history level: FULL, level required: AUDIT
10:44:57,112 [main] DEBUG org.activiti.engine.impl.history.DefaultHistoryManager  - Current history level: FULL, level required: ACTIVITY
10:44:57,112 [main] DEBUG org.activiti.engine.impl.db.DbSqlSession  -   insert ProcessInstance[1576]
10:44:57,112 [main] DEBUG org.activiti.engine.impl.db.DbSqlSession  -   insert ScopeExecution[1578]
10:44:57,112 [main] DEBUG org.activiti.engine.impl.db.DbSqlSession  -   insert HistoricProcessInstanceEntity[superProcessInstanceId=null]
10:44:57,112 [main] DEBUG org.activiti.engine.impl.db.DbSqlSession  -   insert Task[id=1581, name=First line support]
10:44:57,112 [main] DEBUG org.activiti.engine.impl.db.DbSqlSession  -   insert HistoricTaskInstanceEntity[id=1581, name=First line support]
10:44:57,112 [main] DEBUG org.activiti.engine.impl.db.DbSqlSession  -   insert HistoricActivityInstanceEntity[activityId=theStart, activityName=null]
10:44:57,112 [main] DEBUG org.activiti.engine.impl.db.DbSqlSession  -   insert HistoricActivityInstanceEntity[activityId=firstLineSupport, activityName=First line support]
10:44:57,112 [main] DEBUG org.activiti.engine.impl.db.DbSqlSession  -   insert JobEntity [id=1579]
10:44:57,112 [main] DEBUG org.activiti.engine.impl.db.DbSqlSession  - flush summary: 8 insert, 0 update, 0 delete.
10:44:57,112 [main] DEBUG org.activiti.engine.impl.db.DbSqlSession  - now executing flush...
10:44:57,112 [main] DEBUG org.activiti.engine.impl.db.DbSqlSession  - inserting: HistoricTaskInstanceEntity[id=1581, name=First line support]
10:44:57,112 [main] DEBUG org.activiti.engine.impl.persistence.entity.HistoricTaskInstanceEntity.insertHistoricTaskInstance  - ==&gt;  Preparing: insert into ACT_HI_TASKINST ( ID_, PROC_DEF_ID_, PROC_INST_ID_, EXECUTION_ID_, NAME_, PARENT_TASK_ID_, DESCRIPTION_, OWNER_, ASSIGNEE_, START_TIME_, CLAIM_TIME_, END_TIME_, DURATION_, DELETE_REASON_, TASK_DEF_KEY_, FORM_KEY_, PRIORITY_, DUE_DATE_, CATEGORY_, TENANT_ID_ ) values ( ?, ?, ?, ?, ?, ?, ?, ?, ?, ?, ?, ?, ?, ?, ?, ?, ?, ?, ?, ? ) 
10:44:57,112 [main] DEBUG org.activiti.engine.impl.persistence.entity.HistoricTaskInstanceEntity.insertHistoricTaskInstance  - ==&gt; Parameters: 1581(String), timerOnTask:1:1569(String), 1576(String), 1578(String), First line support(String), null, null, null, null, 2023-03-20 11:44:57.0(Timestamp), null, null, null, null, firstLineSupport(String), null, 50(Integer), null, null, (String)
10:44:57,112 [main] DEBUG org.activiti.engine.impl.persistence.entity.HistoricTaskInstanceEntity.insertHistoricTaskInstance  - &lt;==    Updates: 1
10:44:57,112 [main] DEBUG org.activiti.engine.impl.db.DbSqlSession  - inserting: HistoricProcessInstanceEntity[superProcessInstanceId=null]
10:44:57,112 [main] DEBUG org.activiti.engine.impl.persistence.entity.HistoricProcessInstanceEntity.insertHistoricProcessInstance  - ==&gt;  Preparing: insert into ACT_HI_PROCINST ( ID_, PROC_INST_ID_, BUSINESS_KEY_, PROC_DEF_ID_, START_TIME_, END_TIME_, DURATION_, START_USER_ID_, START_ACT_ID_, END_ACT_ID_, SUPER_PROCESS_INSTANCE_ID_, DELETE_REASON_, TENANT_ID_, NAME_ ) values ( ?, ?, ?, ?, ?, ?, ?, ?, ?, ?, ?, ?, ?, ? ) 
10:44:57,112 [main] DEBUG org.activiti.engine.impl.persistence.entity.HistoricProcessInstanceEntity.insertHistoricProcessInstance  - ==&gt; Parameters: 1576(String), 1576(String), null, timerOnTask:1:1569(String), 2023-03-20 11:44:57.0(Timestamp), null, null, null, theStart(String), null, null, null, (String), null
10:44:57,112 [main] DEBUG org.activiti.engine.impl.persistence.entity.HistoricProcessInstanceEntity.insertHistoricProcessInstance  - &lt;==    Updates: 1
10:44:57,112 [main] DEBUG org.activiti.engine.impl.persistence.entity.HistoricActivityInstanceEntity.bulkInsertHistoricActivityInstance  - ==&gt;  Preparing: insert into ACT_HI_ACTINST ( ID_, PROC_DEF_ID_, PROC_INST_ID_, EXECUTION_ID_, ACT_ID_, TASK_ID_, CALL_PROC_INST_ID_, ACT_NAME_, ACT_TYPE_, ASSIGNEE_, START_TIME_, END_TIME_, DURATION_, TENANT_ID_ ) values (?, ?, ?, ?, ?, ?, ?, ?, ?, ?, ?, ?, ?, ?) , (?, ?, ?, ?, ?, ?, ?, ?, ?, ?, ?, ?, ?, ?) 
10:44:57,112 [main] DEBUG org.activiti.engine.impl.persistence.entity.HistoricActivityInstanceEntity.bulkInsertHistoricActivityInstance  - ==&gt; Parameters: 1577(String), timerOnTask:1:1569(String), 1576(String), 1576(String), theStart(String), null, null, null, startEvent(String), null, 2023-03-20 11:44:57.0(Timestamp), 2023-03-20 11:44:57.0(Timestamp), 0(Long), (String), 1580(String), timerOnTask:1:1569(String), 1576(String), 1578(String), firstLineSupport(String), 1581(String), null, First line support(String), userTask(String), null, 2023-03-20 11:44:57.0(Timestamp), null, null, (String)
10:44:57,112 [main] DEBUG org.activiti.engine.impl.persistence.entity.HistoricActivityInstanceEntity.bulkInsertHistoricActivityInstance  - &lt;==    Updates: 2
10:44:57,112 [main] DEBUG org.activiti.engine.impl.persistence.entity.ExecutionEntity.bulkInsertExecution  - ==&gt;  Preparing: insert into ACT_RU_EXECUTION (ID_, REV_, PROC_INST_ID_, BUSINESS_KEY_, PROC_DEF_ID_, ACT_ID_, IS_ACTIVE_, IS_CONCURRENT_, IS_SCOPE_,IS_EVENT_SCOPE_, PARENT_ID_, SUPER_EXEC_, SUSPENSION_STATE_, CACHED_ENT_STATE_, TENANT_ID_, NAME_) values (?, 1, ?, ?, ?, ?, ?, ?, ?, ?, ?, ?, ?, ?, ?, ?) , (?, 1, ?, ?, ?, ?, ?, ?, ?, ?, ?, ?, ?, ?, ?, ?) 
10:44:57,112 [main] DEBUG org.activiti.engine.impl.persistence.entity.ExecutionEntity.bulkInsertExecution  - ==&gt; Parameters: 1576(String), 1576(String), null, timerOnTask:1:1569(String), null, false(Boolean), false(Boolean), true(Boolean), false(Boolean), null, null, 1(Integer), 2(Integer), (String), null, 1578(String), 1576(String), null, timerOnTask:1:1569(String), firstLineSupport(String), true(Boolean), false(Boolean), true(Boolean), false(Boolean), 1576(String), null, 1(Integer), 6(Integer), (String), null
10:44:57,112 [main] DEBUG org.activiti.engine.impl.persistence.entity.ExecutionEntity.bulkInsertExecution  - &lt;==    Updates: 2
10:44:57,112 [main] DEBUG org.activiti.engine.impl.db.DbSqlSession  - inserting: Task[id=1581, name=First line support]
10:44:57,112 [main] DEBUG org.activiti.engine.impl.persistence.entity.TaskEntity.insertTask  - ==&gt;  Preparing: insert into ACT_RU_TASK (ID_, REV_, NAME_, PARENT_TASK_ID_, DESCRIPTION_, PRIORITY_, CREATE_TIME_, OWNER_, ASSIGNEE_, DELEGATION_, EXECUTION_ID_, PROC_INST_ID_, PROC_DEF_ID_, TASK_DEF_KEY_, DUE_DATE_, CATEGORY_, SUSPENSION_STATE_, TENANT_ID_, FORM_KEY_) values (?, 1, ?, ?, ?, ?, ?, ?, ?, ?, ?, ?, ?, ?, ?, ?, ?, ?, ? ) 
10:44:57,113 [main] DEBUG org.activiti.engine.impl.persistence.entity.TaskEntity.insertTask  - ==&gt; Parameters: 1581(String), First line support(String), null, null, 50(Integer), 2023-03-20 11:44:57.0(Timestamp), null, null, null, 1578(String), 1576(String), timerOnTask:1:1569(String), firstLineSupport(String), null, null, 1(Integer), (String), null
10:44:57,113 [main] DEBUG org.activiti.engine.impl.persistence.entity.TaskEntity.insertTask  - &lt;==    Updates: 1
10:44:57,113 [main] DEBUG org.activiti.engine.impl.db.DbSqlSession  - inserting: JobEntity [id=1579]
10:44:57,113 [main] DEBUG org.activiti.engine.impl.persistence.entity.JobEntity.insertTimer  - ==&gt;  Preparing: insert into ACT_RU_JOB ( ID_, REV_, TYPE_, LOCK_OWNER_, LOCK_EXP_TIME_, EXCLUSIVE_, EXECUTION_ID_, PROCESS_INSTANCE_ID_, PROC_DEF_ID_, RETRIES_, EXCEPTION_STACK_ID_, EXCEPTION_MSG_, DUEDATE_, REPEAT_, HANDLER_TYPE_, HANDLER_CFG_, TENANT_ID_) values (?, 1, &apos;timer&apos;, ?, ?, ?, ?, ?, ?, ?, ?, ?, ?, ?, ?, ?, ? ) 
10:44:57,113 [main] DEBUG org.activiti.engine.impl.persistence.entity.JobEntity.insertTimer  - ==&gt; Parameters: 1579(String), null, null, true(Boolean), 1578(String), 1576(String), timerOnTask:1:1569(String), 3(Integer), null, null, 2023-03-20 12:44:57.0(Timestamp), null, timer-transition(String), {&quot;activityId&quot;:&quot;escalationTimer&quot;}(String), (String)
10:44:57,113 [main] DEBUG org.activiti.engine.impl.persistence.entity.JobEntity.insertTimer  - &lt;==    Updates: 1
10:44:57,113 [main] DEBUG org.activiti.engine.impl.cfg.standalone.StandaloneMybatisTransactionContext  - firing event committing...
10:44:57,113 [main] DEBUG org.activiti.engine.impl.cfg.standalone.StandaloneMybatisTransactionContext  - committing the ibatis sql session...
10:44:57,113 [main] DEBUG org.apache.ibatis.transaction.jdbc.JdbcTransaction  - Committing JDBC Connection [conn4: url=jdbc:h2:mem:activiti user=SA]
10:44:57,113 [main] DEBUG org.activiti.engine.impl.cfg.standalone.StandaloneMybatisTransactionContext  - firing event committed...
10:44:57,113 [main] DEBUG org.apache.ibatis.transaction.jdbc.JdbcTransaction  - Resetting autocommit to true on JDBC Connection [conn4: url=jdbc:h2:mem:activiti user=SA]
10:44:57,113 [main] DEBUG org.apache.ibatis.transaction.jdbc.JdbcTransaction  - Closing JDBC Connection [conn4: url=jdbc:h2:mem:activiti user=SA]
10:44:57,113 [main] DEBUG org.apache.ibatis.datasource.pooled.PooledDataSource  - Returned connection 297240765 to pool.
10:44:57,113 [main] DEBUG org.activiti.engine.impl.interceptor.LogInterceptor  - --- StartProcessInstanceCmd finished --------------------------------------------------------
10:44:57,113 [main] DEBUG org.activiti.engine.impl.interceptor.LogInterceptor  - 

10:44:57,113 [main] DEBUG org.activiti.engine.impl.interceptor.LogInterceptor  - 

10:44:57,113 [main] DEBUG org.activiti.engine.impl.interceptor.LogInterceptor  - --- starting StartProcessInstanceCmd --------------------------------------------------------
10:44:57,113 [main] DEBUG org.apache.ibatis.transaction.jdbc.JdbcTransaction  - Opening JDBC Connection
10:44:57,113 [main] DEBUG org.apache.ibatis.datasource.pooled.PooledDataSource  - Checked out connection 363509958 from pool.
10:44:57,113 [main] DEBUG org.apache.ibatis.transaction.jdbc.JdbcTransaction  - Setting autocommit to false on JDBC Connection [conn2: url=jdbc:h2:mem:activiti user=SA]
10:44:57,113 [main] DEBUG org.activiti.engine.impl.persistence.entity.ProcessDefinitionEntity.selectLatestProcessDefinitionByKey  - ==&gt;  Preparing: select * from ACT_RE_PROCDEF where KEY_ = ? and (TENANT_ID_ = &apos;&apos; or TENANT_ID_ is null) and VERSION_ = (select max(VERSION_) from ACT_RE_PROCDEF where KEY_ = ? and (TENANT_ID_ = &apos;&apos; or TENANT_ID_ is null)) 
10:44:57,113 [main] DEBUG org.activiti.engine.impl.persistence.entity.ProcessDefinitionEntity.selectLatestProcessDefinitionByKey  - ==&gt; Parameters: timerOnTask(String), timerOnTask(String)
10:44:57,113 [main] DEBUG org.activiti.engine.impl.persistence.entity.ProcessDefinitionEntity.selectLatestProcessDefinitionByKey  - &lt;==      Total: 1
10:44:57,113 [main] DEBUG org.activiti.engine.impl.persistence.entity.ExecutionEntity  - initializing ProcessInstance[1582]
10:44:57,113 [main] DEBUG org.activiti.engine.impl.history.DefaultHistoryManager  - Current history level: FULL, level required: ACTIVITY
10:44:57,113 [main] DEBUG org.activiti.engine.impl.pvm.runtime.AtomicOperationActivityExecute  - ProcessInstance[1582] executes Activity(theStart): org.activiti.engine.impl.bpmn.behavior.NoneStartEventActivityBehavior
10:44:57,113 [main] DEBUG org.activiti.engine.impl.persistence.entity.JobEntity.selectJobsByExecutionId  - ==&gt;  Preparing: select * from ACT_RU_JOB J where J.EXECUTION_ID_ = ? 
10:44:57,113 [main] DEBUG org.activiti.engine.impl.persistence.entity.JobEntity.selectJobsByExecutionId  - ==&gt; Parameters: 1582(String)
10:44:57,113 [main] DEBUG org.activiti.engine.impl.persistence.entity.JobEntity.selectJobsByExecutionId  - &lt;==      Total: 0
10:44:57,113 [main] DEBUG org.activiti.engine.impl.bpmn.behavior.BpmnActivityBehavior  - Leaving activity &apos;theStart&apos;
10:44:57,113 [main] DEBUG org.activiti.engine.impl.history.DefaultHistoryManager  - Current history level: FULL, level required: ACTIVITY
10:44:57,113 [main] DEBUG org.activiti.engine.impl.pvm.runtime.AtomicOperationTransitionNotifyListenerTake  - ProcessInstance[1582] takes transition (theStart)--flow1--&gt;(firstLineSupport)
10:44:57,113 [main] DEBUG org.activiti.engine.impl.persistence.entity.ExecutionEntity  - Child execution ScopeExecution[1584] created with parent 
10:44:57,113 [main] DEBUG org.activiti.engine.impl.pvm.runtime.AtomicOperationTransitionCreateScope  - create scope: parent ProcessInstance[1582] continues as execution ScopeExecution[1584]
10:44:57,113 [main] DEBUG org.activiti.engine.impl.persistence.entity.ExecutionEntity  - initializing ScopeExecution[1584]
10:44:57,113 [main] DEBUG org.activiti.engine.impl.persistence.entity.JobEntity.selectJobsByExecutionId  - ==&gt;  Preparing: select * from ACT_RU_JOB J where J.EXECUTION_ID_ = ? 
10:44:57,113 [main] DEBUG org.activiti.engine.impl.persistence.entity.JobEntity.selectJobsByExecutionId  - ==&gt; Parameters: 1584(String)
10:44:57,113 [main] DEBUG org.activiti.engine.impl.persistence.entity.JobEntity.selectJobsByExecutionId  - &lt;==      Total: 0
10:44:57,113 [main] DEBUG org.activiti.engine.impl.history.DefaultHistoryManager  - Current history level: FULL, level required: ACTIVITY
10:44:57,113 [main] DEBUG org.activiti.engine.impl.pvm.runtime.AtomicOperationActivityExecute  - ScopeExecution[1584] executes Activity(firstLineSupport): org.activiti.engine.impl.bpmn.behavior.UserTaskActivityBehavior
10:44:57,113 [main] DEBUG org.activiti.engine.impl.persistence.entity.TaskEntity.selectTasksByExecutionId  - ==&gt;  Preparing: select distinct T.* from ACT_RU_TASK T where T.EXECUTION_ID_ = ? 
10:44:57,113 [main] DEBUG org.activiti.engine.impl.persistence.entity.TaskEntity.selectTasksByExecutionId  - ==&gt; Parameters: 1584(String)
10:44:57,113 [main] DEBUG org.activiti.engine.impl.persistence.entity.TaskEntity.selectTasksByExecutionId  - &lt;==      Total: 0
10:44:57,113 [main] DEBUG org.activiti.engine.impl.history.DefaultHistoryManager  - Current history level: FULL, level required: AUDIT
10:44:57,114 [main] DEBUG org.activiti.engine.impl.history.DefaultHistoryManager  - Current history level: FULL, level required: AUDIT
10:44:57,114 [main] DEBUG org.activiti.engine.impl.interceptor.LogInterceptor  - 

10:44:57,114 [main] DEBUG org.activiti.engine.impl.interceptor.LogInterceptor  - --- starting  --------------------------------------------------------
10:44:57,114 [main] DEBUG org.activiti.engine.impl.interceptor.CommandContextInterceptor  - Valid context found. Reusing it for the current command &apos;null&apos;
10:44:57,114 [main] DEBUG org.activiti.engine.impl.persistence.entity.ProcessDefinitionInfoEntity.selectProcessDefinitionInfoByProcessDefinitionId  - ==&gt;  Preparing: select * from ACT_PROCDEF_INFO where PROC_DEF_ID_ = ? 
10:44:57,114 [main] DEBUG org.activiti.engine.impl.persistence.entity.ProcessDefinitionInfoEntity.selectProcessDefinitionInfoByProcessDefinitionId  - ==&gt; Parameters: timerOnTask:1:1569(String)
10:44:57,114 [main] DEBUG org.activiti.engine.impl.persistence.entity.ProcessDefinitionInfoEntity.selectProcessDefinitionInfoByProcessDefinitionId  - &lt;==      Total: 0
10:44:57,114 [main] DEBUG org.activiti.engine.impl.interceptor.LogInterceptor  - ---  finished --------------------------------------------------------
10:44:57,114 [main] DEBUG org.activiti.engine.impl.interceptor.LogInterceptor  - 

10:44:57,114 [main] DEBUG org.activiti.engine.impl.history.DefaultHistoryManager  - Current history level: FULL, level required: AUDIT
10:44:57,114 [main] DEBUG org.activiti.engine.impl.history.DefaultHistoryManager  - Current history level: FULL, level required: AUDIT
10:44:57,114 [main] DEBUG org.activiti.engine.impl.history.DefaultHistoryManager  - Current history level: FULL, level required: ACTIVITY
10:44:57,114 [main] DEBUG org.activiti.engine.impl.db.DbSqlSession  -   insert ProcessInstance[1582]
10:44:57,114 [main] DEBUG org.activiti.engine.impl.db.DbSqlSession  -   insert ScopeExecution[1584]
10:44:57,114 [main] DEBUG org.activiti.engine.impl.db.DbSqlSession  -   insert HistoricProcessInstanceEntity[superProcessInstanceId=null]
10:44:57,114 [main] DEBUG org.activiti.engine.impl.db.DbSqlSession  -   insert Task[id=1587, name=First line support]
10:44:57,114 [main] DEBUG org.activiti.engine.impl.db.DbSqlSession  -   insert HistoricTaskInstanceEntity[id=1587, name=First line support]
10:44:57,114 [main] DEBUG org.activiti.engine.impl.db.DbSqlSession  -   insert HistoricActivityInstanceEntity[activityId=theStart, activityName=null]
10:44:57,114 [main] DEBUG org.activiti.engine.impl.db.DbSqlSession  -   insert HistoricActivityInstanceEntity[activityId=firstLineSupport, activityName=First line support]
10:44:57,114 [main] DEBUG org.activiti.engine.impl.db.DbSqlSession  -   insert JobEntity [id=1585]
10:44:57,114 [main] DEBUG org.activiti.engine.impl.db.DbSqlSession  - flush summary: 8 insert, 0 update, 0 delete.
10:44:57,114 [main] DEBUG org.activiti.engine.impl.db.DbSqlSession  - now executing flush...
10:44:57,114 [main] DEBUG org.activiti.engine.impl.db.DbSqlSession  - inserting: HistoricTaskInstanceEntity[id=1587, name=First line support]
10:44:57,114 [main] DEBUG org.activiti.engine.impl.persistence.entity.HistoricTaskInstanceEntity.insertHistoricTaskInstance  - ==&gt;  Preparing: insert into ACT_HI_TASKINST ( ID_, PROC_DEF_ID_, PROC_INST_ID_, EXECUTION_ID_, NAME_, PARENT_TASK_ID_, DESCRIPTION_, OWNER_, ASSIGNEE_, START_TIME_, CLAIM_TIME_, END_TIME_, DURATION_, DELETE_REASON_, TASK_DEF_KEY_, FORM_KEY_, PRIORITY_, DUE_DATE_, CATEGORY_, TENANT_ID_ ) values ( ?, ?, ?, ?, ?, ?, ?, ?, ?, ?, ?, ?, ?, ?, ?, ?, ?, ?, ?, ? ) 
10:44:57,114 [main] DEBUG org.activiti.engine.impl.persistence.entity.HistoricTaskInstanceEntity.insertHistoricTaskInstance  - ==&gt; Parameters: 1587(String), timerOnTask:1:1569(String), 1582(String), 1584(String), First line support(String), null, null, null, null, 2023-03-20 12:44:57.0(Timestamp), null, null, null, null, firstLineSupport(String), null, 50(Integer), null, null, (String)
10:44:57,114 [main] DEBUG org.activiti.engine.impl.persistence.entity.HistoricTaskInstanceEntity.insertHistoricTaskInstance  - &lt;==    Updates: 1
10:44:57,114 [main] DEBUG org.activiti.engine.impl.db.DbSqlSession  - inserting: HistoricProcessInstanceEntity[superProcessInstanceId=null]
10:44:57,114 [main] DEBUG org.activiti.engine.impl.persistence.entity.HistoricProcessInstanceEntity.insertHistoricProcessInstance  - ==&gt;  Preparing: insert into ACT_HI_PROCINST ( ID_, PROC_INST_ID_, BUSINESS_KEY_, PROC_DEF_ID_, START_TIME_, END_TIME_, DURATION_, START_USER_ID_, START_ACT_ID_, END_ACT_ID_, SUPER_PROCESS_INSTANCE_ID_, DELETE_REASON_, TENANT_ID_, NAME_ ) values ( ?, ?, ?, ?, ?, ?, ?, ?, ?, ?, ?, ?, ?, ? ) 
10:44:57,114 [main] DEBUG org.activiti.engine.impl.persistence.entity.HistoricProcessInstanceEntity.insertHistoricProcessInstance  - ==&gt; Parameters: 1582(String), 1582(String), null, timerOnTask:1:1569(String), 2023-03-20 12:44:57.0(Timestamp), null, null, null, theStart(String), null, null, null, (String), null
10:44:57,114 [main] DEBUG org.activiti.engine.impl.persistence.entity.HistoricProcessInstanceEntity.insertHistoricProcessInstance  - &lt;==    Updates: 1
10:44:57,114 [main] DEBUG org.activiti.engine.impl.persistence.entity.HistoricActivityInstanceEntity.bulkInsertHistoricActivityInstance  - ==&gt;  Preparing: insert into ACT_HI_ACTINST ( ID_, PROC_DEF_ID_, PROC_INST_ID_, EXECUTION_ID_, ACT_ID_, TASK_ID_, CALL_PROC_INST_ID_, ACT_NAME_, ACT_TYPE_, ASSIGNEE_, START_TIME_, END_TIME_, DURATION_, TENANT_ID_ ) values (?, ?, ?, ?, ?, ?, ?, ?, ?, ?, ?, ?, ?, ?) , (?, ?, ?, ?, ?, ?, ?, ?, ?, ?, ?, ?, ?, ?) 
10:44:57,114 [main] DEBUG org.activiti.engine.impl.persistence.entity.HistoricActivityInstanceEntity.bulkInsertHistoricActivityInstance  - ==&gt; Parameters: 1583(String), timerOnTask:1:1569(String), 1582(String), 1582(String), theStart(String), null, null, null, startEvent(String), null, 2023-03-20 12:44:57.0(Timestamp), 2023-03-20 12:44:57.0(Timestamp), 0(Long), (String), 1586(String), timerOnTask:1:1569(String), 1582(String), 1584(String), firstLineSupport(String), 1587(String), null, First line support(String), userTask(String), null, 2023-03-20 12:44:57.0(Timestamp), null, null, (String)
10:44:57,114 [main] DEBUG org.activiti.engine.impl.persistence.entity.HistoricActivityInstanceEntity.bulkInsertHistoricActivityInstance  - &lt;==    Updates: 2
10:44:57,114 [main] DEBUG org.activiti.engine.impl.persistence.entity.ExecutionEntity.bulkInsertExecution  - ==&gt;  Preparing: insert into ACT_RU_EXECUTION (ID_, REV_, PROC_INST_ID_, BUSINESS_KEY_, PROC_DEF_ID_, ACT_ID_, IS_ACTIVE_, IS_CONCURRENT_, IS_SCOPE_,IS_EVENT_SCOPE_, PARENT_ID_, SUPER_EXEC_, SUSPENSION_STATE_, CACHED_ENT_STATE_, TENANT_ID_, NAME_) values (?, 1, ?, ?, ?, ?, ?, ?, ?, ?, ?, ?, ?, ?, ?, ?) , (?, 1, ?, ?, ?, ?, ?, ?, ?, ?, ?, ?, ?, ?, ?, ?) 
10:44:57,114 [main] DEBUG org.activiti.engine.impl.persistence.entity.ExecutionEntity.bulkInsertExecution  - ==&gt; Parameters: 1582(String), 1582(String), null, timerOnTask:1:1569(String), null, false(Boolean), false(Boolean), true(Boolean), false(Boolean), null, null, 1(Integer), 2(Integer), (String), null, 1584(String), 1582(String), null, timerOnTask:1:1569(String), firstLineSupport(String), true(Boolean), false(Boolean), true(Boolean), false(Boolean), 1582(String), null, 1(Integer), 6(Integer), (String), null
10:44:57,114 [main] DEBUG org.activiti.engine.impl.persistence.entity.ExecutionEntity.bulkInsertExecution  - &lt;==    Updates: 2
10:44:57,114 [main] DEBUG org.activiti.engine.impl.db.DbSqlSession  - inserting: Task[id=1587, name=First line support]
10:44:57,114 [main] DEBUG org.activiti.engine.impl.persistence.entity.TaskEntity.insertTask  - ==&gt;  Preparing: insert into ACT_RU_TASK (ID_, REV_, NAME_, PARENT_TASK_ID_, DESCRIPTION_, PRIORITY_, CREATE_TIME_, OWNER_, ASSIGNEE_, DELEGATION_, EXECUTION_ID_, PROC_INST_ID_, PROC_DEF_ID_, TASK_DEF_KEY_, DUE_DATE_, CATEGORY_, SUSPENSION_STATE_, TENANT_ID_, FORM_KEY_) values (?, 1, ?, ?, ?, ?, ?, ?, ?, ?, ?, ?, ?, ?, ?, ?, ?, ?, ? ) 
10:44:57,114 [main] DEBUG org.activiti.engine.impl.persistence.entity.TaskEntity.insertTask  - ==&gt; Parameters: 1587(String), First line support(String), null, null, 50(Integer), 2023-03-20 12:44:57.0(Timestamp), null, null, null, 1584(String), 1582(String), timerOnTask:1:1569(String), firstLineSupport(String), null, null, 1(Integer), (String), null
10:44:57,114 [main] DEBUG org.activiti.engine.impl.persistence.entity.TaskEntity.insertTask  - &lt;==    Updates: 1
10:44:57,114 [main] DEBUG org.activiti.engine.impl.db.DbSqlSession  - inserting: JobEntity [id=1585]
10:44:57,114 [main] DEBUG org.activiti.engine.impl.persistence.entity.JobEntity.insertTimer  - ==&gt;  Preparing: insert into ACT_RU_JOB ( ID_, REV_, TYPE_, LOCK_OWNER_, LOCK_EXP_TIME_, EXCLUSIVE_, EXECUTION_ID_, PROCESS_INSTANCE_ID_, PROC_DEF_ID_, RETRIES_, EXCEPTION_STACK_ID_, EXCEPTION_MSG_, DUEDATE_, REPEAT_, HANDLER_TYPE_, HANDLER_CFG_, TENANT_ID_) values (?, 1, &apos;timer&apos;, ?, ?, ?, ?, ?, ?, ?, ?, ?, ?, ?, ?, ?, ? ) 
10:44:57,115 [main] DEBUG org.activiti.engine.impl.persistence.entity.JobEntity.insertTimer  - ==&gt; Parameters: 1585(String), null, null, true(Boolean), 1584(String), 1582(String), timerOnTask:1:1569(String), 3(Integer), null, null, 2023-03-20 13:44:57.0(Timestamp), null, timer-transition(String), {&quot;activityId&quot;:&quot;escalationTimer&quot;}(String), (String)
10:44:57,115 [main] DEBUG org.activiti.engine.impl.persistence.entity.JobEntity.insertTimer  - &lt;==    Updates: 1
10:44:57,115 [main] DEBUG org.activiti.engine.impl.cfg.standalone.StandaloneMybatisTransactionContext  - firing event committing...
10:44:57,115 [main] DEBUG org.activiti.engine.impl.cfg.standalone.StandaloneMybatisTransactionContext  - committing the ibatis sql session...
10:44:57,115 [main] DEBUG org.apache.ibatis.transaction.jdbc.JdbcTransaction  - Committing JDBC Connection [conn2: url=jdbc:h2:mem:activiti user=SA]
10:44:57,115 [main] DEBUG org.activiti.engine.impl.cfg.standalone.StandaloneMybatisTransactionContext  - firing event committed...
10:44:57,115 [main] DEBUG org.apache.ibatis.transaction.jdbc.JdbcTransaction  - Resetting autocommit to true on JDBC Connection [conn2: url=jdbc:h2:mem:activiti user=SA]
10:44:57,115 [main] DEBUG org.apache.ibatis.transaction.jdbc.JdbcTransaction  - Closing JDBC Connection [conn2: url=jdbc:h2:mem:activiti user=SA]
10:44:57,115 [main] DEBUG org.apache.ibatis.datasource.pooled.PooledDataSource  - Returned connection 363509958 to pool.
10:44:57,115 [main] DEBUG org.activiti.engine.impl.interceptor.LogInterceptor  - --- StartProcessInstanceCmd finished --------------------------------------------------------
10:44:57,115 [main] DEBUG org.activiti.engine.impl.interceptor.LogInterceptor  - 

10:44:57,115 [main] DEBUG org.activiti.engine.impl.interceptor.LogInterceptor  - 

10:44:57,115 [main] DEBUG org.activiti.engine.impl.interceptor.LogInterceptor  - --- starting  --------------------------------------------------------
10:44:57,115 [main] DEBUG org.activiti.engine.impl.db.DbSqlSession  -   insert JobEntity [id=1588]
10:44:57,115 [main] DEBUG org.activiti.engine.impl.db.DbSqlSession  - flush summary: 1 insert, 0 update, 0 delete.
10:44:57,115 [main] DEBUG org.activiti.engine.impl.db.DbSqlSession  - now executing flush...
10:44:57,115 [main] DEBUG org.activiti.engine.impl.db.DbSqlSession  - inserting: JobEntity [id=1588]
10:44:57,115 [main] DEBUG org.apache.ibatis.transaction.jdbc.JdbcTransaction  - Opening JDBC Connection
10:44:57,115 [main] DEBUG org.apache.ibatis.datasource.pooled.PooledDataSource  - Checked out connection 180014677 from pool.
10:44:57,115 [main] DEBUG org.apache.ibatis.transaction.jdbc.JdbcTransaction  - Setting autocommit to false on JDBC Connection [conn3: url=jdbc:h2:mem:activiti user=SA]
10:44:57,115 [main] DEBUG org.activiti.engine.impl.persistence.entity.JobEntity.insertMessage  - ==&gt;  Preparing: insert into ACT_RU_JOB ( ID_, REV_, TYPE_, LOCK_OWNER_, LOCK_EXP_TIME_, EXCLUSIVE_, EXECUTION_ID_, PROCESS_INSTANCE_ID_, PROC_DEF_ID_, DUEDATE_, RETRIES_, EXCEPTION_STACK_ID_, EXCEPTION_MSG_, HANDLER_TYPE_, HANDLER_CFG_, TENANT_ID_) values (?, 1, &apos;message&apos;, ?, ?, ?, ?, ?, ?, ?, ?, ?, ?, ?, ?, ? ) 
10:44:57,115 [main] DEBUG org.activiti.engine.impl.persistence.entity.JobEntity.insertMessage  - ==&gt; Parameters: 1588(String), null, null, true(Boolean), null, null, null, 2023-03-20 12:49:57.0(Timestamp), 3(Integer), null, null, null, null, (String)
10:44:57,115 [main] DEBUG org.activiti.engine.impl.persistence.entity.JobEntity.insertMessage  - &lt;==    Updates: 1
10:44:57,115 [main] DEBUG org.activiti.engine.impl.cfg.standalone.StandaloneMybatisTransactionContext  - firing event committing...
10:44:57,115 [main] DEBUG org.activiti.engine.impl.cfg.standalone.StandaloneMybatisTransactionContext  - committing the ibatis sql session...
10:44:57,115 [main] DEBUG org.apache.ibatis.transaction.jdbc.JdbcTransaction  - Committing JDBC Connection [conn3: url=jdbc:h2:mem:activiti user=SA]
10:44:57,115 [main] DEBUG org.activiti.engine.impl.cfg.standalone.StandaloneMybatisTransactionContext  - firing event committed...
10:44:57,115 [main] DEBUG org.activiti.engine.impl.jobexecutor.AsyncJobAddedNotification  - notifying job executor of new job
10:44:57,115 [main] DEBUG org.apache.ibatis.transaction.jdbc.JdbcTransaction  - Resetting autocommit to true on JDBC Connection [conn3: url=jdbc:h2:mem:activiti user=SA]
10:44:57,115 [main] DEBUG org.apache.ibatis.transaction.jdbc.JdbcTransaction  - Closing JDBC Connection [conn3: url=jdbc:h2:mem:activiti user=SA]
10:44:57,115 [main] DEBUG org.apache.ibatis.datasource.pooled.PooledDataSource  - Returned connection 180014677 to pool.
10:44:57,115 [main] DEBUG org.activiti.engine.impl.interceptor.LogInterceptor  - ---  finished --------------------------------------------------------
10:44:57,115 [main] DEBUG org.activiti.engine.impl.interceptor.LogInterceptor  - 

10:44:57,115 [main] DEBUG org.activiti.engine.impl.test.PvmTestCase  - 

10:44:57,115 [main] DEBUG org.activiti.engine.impl.test.PvmTestCase  - #### START JobQueryTest.testInvalidOnlyTimersUsage ###########################################################
10:44:57,115 [main] DEBUG org.activiti.engine.impl.test.PvmTestCase  - #### END JobQueryTest.testInvalidOnlyTimersUsage #############################################################
10:44:57,115 [main] DEBUG org.activiti.engine.impl.interceptor.LogInterceptor  - 

10:44:57,115 [main] DEBUG org.activiti.engine.impl.interceptor.LogInterceptor  - --- starting DeleteDeploymentCmd --------------------------------------------------------
10:44:57,115 [main] DEBUG org.apache.ibatis.transaction.jdbc.JdbcTransaction  - Opening JDBC Connection
10:44:57,115 [main] DEBUG org.apache.ibatis.datasource.pooled.PooledDataSource  - Checked out connection 297240765 from pool.
10:44:57,115 [main] DEBUG org.apache.ibatis.transaction.jdbc.JdbcTransaction  - Setting autocommit to false on JDBC Connection [conn4: url=jdbc:h2:mem:activiti user=SA]
10:44:57,115 [main] DEBUG org.activiti.engine.impl.persistence.entity.DeploymentEntity.selectDeploymentById  - ==&gt;  Preparing: select * from ACT_RE_DEPLOYMENT where ID_ = ? 
10:44:57,115 [main] DEBUG org.activiti.engine.impl.persistence.entity.DeploymentEntity.selectDeploymentById  - ==&gt; Parameters: 1567(String)
10:44:57,115 [main] DEBUG org.activiti.engine.impl.persistence.entity.DeploymentEntity.selectDeploymentById  - &lt;==      Total: 1
10:44:57,115 [main] DEBUG org.activiti.engine.impl.persistence.entity.ProcessDefinitionEntity.selectProcessDefinitionsByQueryCriteria  - ==&gt;  Preparing: select RES.* from ACT_RE_PROCDEF RES WHERE RES.DEPLOYMENT_ID_ = ? order by order by RES.ID_ asc LIMIT ? OFFSET ? 
10:44:57,115 [main] DEBUG org.activiti.engine.impl.interceptor.CommandContext  - Error while closing command context
org.apache.ibatis.exceptions.PersistenceException: 
### Error querying database.  Cause: org.h2.jdbc.JdbcSQLException: Syntax error in SQL statement &quot;SELECT RES.* 
       
    FROM ACT_RE_PROCDEF RES
     
     WHERE  RES.DEPLOYMENT_ID_ = ? 
   
     ORDER BY  ORDER[*] BY RES.ID_ ASC  
    LIMIT ? OFFSET ? &quot;; expected &quot;=, NOT, EXISTS, INTERSECTS, SELECT, FROM&quot;; SQL statement:
select RES.* 
       
    from ACT_RE_PROCDEF RES
     
     WHERE  RES.DEPLOYMENT_ID_ = ? 
   
     order by  order by RES.ID_ asc  
    LIMIT ? OFFSET ? [42001-176]
### The error may exist in org/activiti/db/mapping/entity/ProcessDefinition.xml
### The error may involve org.activiti.engine.impl.persistence.entity.ProcessDefinitionEntity.selectProcessDefinitionsByQueryCriteria
### The error occurred while executing a query
### SQL: select RES.*              from ACT_RE_PROCDEF RES            WHERE  RES.DEPLOYMENT_ID_ = ?           order by  order by RES.ID_ asc       LIMIT ? OFFSET ?
### Cause: org.h2.jdbc.JdbcSQLException: Syntax error in SQL statement &quot;SELECT RES.* 
       
    FROM ACT_RE_PROCDEF RES
     
     WHERE  RES.DEPLOYMENT_ID_ = ? 
   
     ORDER BY  ORDER[*] BY RES.ID_ ASC  
    LIMIT ? OFFSET ? &quot;; expected &quot;=, NOT, EXISTS, INTERSECTS, SELECT, FROM&quot;; SQL statement:
select RES.* 
       
    from ACT_RE_PROCDEF RES
     
     WHERE  RES.DEPLOYMENT_ID_ = ? 
   
     order by  order by RES.ID_ asc  
    LIMIT ? OFFSET ? [42001-176]
	at org.apache.ibatis.exceptions.ExceptionFactory.wrapException(ExceptionFactory.java:30)
	at org.apache.ibatis.session.defaults.DefaultSqlSession.selectList(DefaultSqlSession.java:122)
	at org.apache.ibatis.session.defaults.DefaultSqlSession.selectList(DefaultSqlSession.java:113)
	at org.activiti.engine.impl.db.DbSqlSession.selectListWithRawParameter(DbSqlSession.java:438)
	at org.activiti.engine.impl.db.DbSqlSession.selectList(DbSqlSession.java:429)
	at org.activiti.engine.impl.db.DbSqlSession.selectList(DbSqlSession.java:419)
	at org.activiti.engine.impl.persistence.entity.ProcessDefinitionEntityManager.findProcessDefinitionsByQueryCriteria(ProcessDefinitionEntityManager.java:57)
	at org.activiti.engine.impl.ProcessDefinitionQueryImpl.executeList(ProcessDefinitionQueryImpl.java:307)
	at org.activiti.engine.impl.AbstractQuery.list(AbstractQuery.java:140)
	at org.activiti.engine.impl.persistence.deploy.DeploymentManager.removeDeployment(DeploymentManager.java:187)
	at org.activiti.engine.impl.cmd.DeleteDeploymentCmd.execute(DeleteDeploymentCmd.java:44)
	at org.activiti.engine.impl.cmd.DeleteDeploymentCmd.execute(DeleteDeploymentCmd.java:24)
	at org.activiti.engine.impl.interceptor.CommandInvoker.execute(CommandInvoker.java:24)
	at org.activiti.engine.impl.interceptor.CommandContextInterceptor.execute(CommandContextInterceptor.java:57)
	at org.activiti.engine.impl.interceptor.LogInterceptor.execute(LogInterceptor.java:37)
	at org.activiti.engine.impl.cfg.CommandExecutorImpl.execute(CommandExecutorImpl.java:40)
	at org.activiti.engine.impl.cfg.CommandExecutorImpl.execute(CommandExecutorImpl.java:35)
	at org.activiti.engine.impl.RepositoryServiceImpl.deleteDeployment(RepositoryServiceImpl.java:90)
	at org.activiti.engine.test.api.mgmt.JobQueryTest.tearDown(JobQueryTest.java:116)
	at junit.framework.TestCase.runBare(TestCase.java:146)
	at org.activiti.engine.impl.test.AbstractActivitiTestCase.runBare(AbstractActivitiTestCase.java:100)
	at junit.framework.TestResult$1.protect(TestResult.java:122)
	at junit.framework.TestResult.runProtected(TestResult.java:142)
	at junit.framework.TestResult.run(TestResult.java:125)
	at junit.framework.TestCase.run(TestCase.java:129)
	at junit.framework.TestSuite.runTest(TestSuite.java:255)
	at junit.framework.TestSuite.run(TestSuite.java:250)
	at org.junit.internal.runners.JUnit38ClassRunner.run(JUnit38ClassRunner.java:84)
	at org.apache.maven.surefire.junit4.JUnit4TestSet.execute(JUnit4TestSet.java:35)
	at org.apache.maven.surefire.junit4.JUnit4Provider.executeTestSet(JUnit4Provider.java:146)
	at org.apache.maven.surefire.junit4.JUnit4Provider.invoke(JUnit4Provider.java:97)
	at sun.reflect.NativeMethodAccessorImpl.invoke0(Native Method)
	at sun.reflect.NativeMethodAccessorImpl.invoke(NativeMethodAccessorImpl.java:62)
	at sun.reflect.DelegatingMethodAccessorImpl.invoke(DelegatingMethodAccessorImpl.java:43)
	at java.lang.reflect.Method.invoke(Method.java:498)
	at org.apache.maven.surefire.booter.ProviderFactory$ClassLoaderProxy.invoke(ProviderFactory.java:103)
	at com.sun.proxy.$Proxy0.invoke(Unknown Source)
	at org.apache.maven.surefire.booter.SurefireStarter.invokeProvider(SurefireStarter.java:145)
	at org.apache.maven.surefire.booter.SurefireStarter.runSuitesInProcess(SurefireStarter.java:87)
	at org.apache.maven.surefire.booter.ForkedBooter.main(ForkedBooter.java:69)
Caused by: org.h2.jdbc.JdbcSQLException: Syntax error in SQL statement &quot;SELECT RES.* 
       
    FROM ACT_RE_PROCDEF RES
     
     WHERE  RES.DEPLOYMENT_ID_ = ? 
   
     ORDER BY  ORDER[*] BY RES.ID_ ASC  
    LIMIT ? OFFSET ? &quot;; expected &quot;=, NOT, EXISTS, INTERSECTS, SELECT, FROM&quot;; SQL statement:
select RES.* 
       
    from ACT_RE_PROCDEF RES
     
     WHERE  RES.DEPLOYMENT_ID_ = ? 
   
     order by  order by RES.ID_ asc  
    LIMIT ? OFFSET ? [42001-176]
	at org.h2.message.DbException.getJdbcSQLException(DbException.java:344)
	at org.h2.message.DbException.getSyntaxError(DbException.java:204)
	at org.h2.command.Parser.getSyntaxError(Parser.java:524)
	at org.h2.command.Parser.readTerm(Parser.java:2688)
	at org.h2.command.Parser.readFactor(Parser.java:2244)
	at org.h2.command.Parser.readSum(Parser.java:2231)
	at org.h2.command.Parser.readConcat(Parser.java:2201)
	at org.h2.command.Parser.readCondition(Parser.java:2051)
	at org.h2.command.Parser.readAnd(Parser.java:2023)
	at org.h2.command.Parser.readExpression(Parser.java:2015)
	at org.h2.command.Parser.parseEndOfQuery(Parser.java:1726)
	at org.h2.command.Parser.parseSelectUnionExtension(Parser.java:1706)
	at org.h2.command.Parser.parseSelectUnion(Parser.java:1675)
	at org.h2.command.Parser.parseSelect(Parser.java:1662)
	at org.h2.command.Parser.parsePrepared(Parser.java:434)
	at org.h2.command.Parser.parse(Parser.java:306)
	at org.h2.command.Parser.parse(Parser.java:282)
	at org.h2.command.Parser.prepareCommand(Parser.java:243)
	at org.h2.engine.Session.prepareLocal(Session.java:442)
	at org.h2.engine.Session.prepareCommand(Session.java:384)
	at org.h2.jdbc.JdbcConnection.prepareCommand(JdbcConnection.java:1188)
	at org.h2.jdbc.JdbcPreparedStatement.&lt;init&gt;(JdbcPreparedStatement.java:73)
	at org.h2.jdbc.JdbcConnection.prepareStatement(JdbcConnection.java:276)
	at sun.reflect.GeneratedMethodAccessor6.invoke(Unknown Source)
	at sun.reflect.DelegatingMethodAccessorImpl.invoke(DelegatingMethodAccessorImpl.java:43)
	at java.lang.reflect.Method.invoke(Method.java:498)
	at org.apache.ibatis.datasource.pooled.PooledConnection.invoke(PooledConnection.java:245)
	at com.sun.proxy.$Proxy12.prepareStatement(Unknown Source)
	at sun.reflect.GeneratedMethodAccessor6.invoke(Unknown Source)
	at sun.reflect.DelegatingMethodAccessorImpl.invoke(DelegatingMethodAccessorImpl.java:43)
	at java.lang.reflect.Method.invoke(Method.java:498)
	at org.apache.ibatis.logging.jdbc.ConnectionLogger.invoke(ConnectionLogger.java:55)
	at com.sun.proxy.$Proxy12.prepareStatement(Unknown Source)
	at org.apache.ibatis.executor.statement.PreparedStatementHandler.instantiateStatement(PreparedStatementHandler.java:79)
	at org.apache.ibatis.executor.statement.BaseStatementHandler.prepare(BaseStatementHandler.java:88)
	at org.apache.ibatis.executor.statement.RoutingStatementHandler.prepare(RoutingStatementHandler.java:58)
	at org.apache.ibatis.executor.SimpleExecutor.prepareStatement(SimpleExecutor.java:76)
	at org.apache.ibatis.executor.SimpleExecutor.doQuery(SimpleExecutor.java:61)
	at org.apache.ibatis.executor.BaseExecutor.queryFromDatabase(BaseExecutor.java:303)
	at org.apache.ibatis.executor.BaseExecutor.query(BaseExecutor.java:154)
	at org.apache.ibatis.executor.CachingExecutor.query(CachingExecutor.java:102)
	at org.apache.ibatis.executor.CachingExecutor.query(CachingExecutor.java:82)
	at org.apache.ibatis.session.defaults.DefaultSqlSession.selectList(DefaultSqlSession.java:120)
	... 38 more
10:44:57,116 [main] DEBUG org.activiti.engine.impl.cfg.standalone.StandaloneMybatisTransactionContext  - firing event rolling back...
10:44:57,116 [main] DEBUG org.activiti.engine.impl.cfg.standalone.StandaloneMybatisTransactionContext  - rolling back ibatis sql session...
10:44:57,116 [main] DEBUG org.activiti.engine.impl.cfg.standalone.StandaloneMybatisTransactionContext  - firing event rolled back...
10:44:57,116 [main] DEBUG org.apache.ibatis.transaction.jdbc.JdbcTransaction  - Resetting autocommit to true on JDBC Connection [conn4: url=jdbc:h2:mem:activiti user=SA]
10:44:57,116 [main] DEBUG org.apache.ibatis.transaction.jdbc.JdbcTransaction  - Closing JDBC Connection [conn4: url=jdbc:h2:mem:activiti user=SA]
10:44:57,116 [main] DEBUG org.apache.ibatis.datasource.pooled.PooledDataSource  - Returned connection 297240765 to pool.
10:44:57,116 [main] DEBUG org.activiti.engine.impl.interceptor.LogInterceptor  - --- DeleteDeploymentCmd finished --------------------------------------------------------
10:44:57,116 [main] DEBUG org.activiti.engine.impl.interceptor.LogInterceptor  - 

10:44:57,116 [main] ERROR org.activiti.engine.impl.test.PvmTestCase  - 

10:44:57,116 [main] ERROR org.activiti.engine.impl.test.PvmTestCase  - EXCEPTION: org.apache.ibatis.exceptions.PersistenceException: 
### Error querying database.  Cause: org.h2.jdbc.JdbcSQLException: Syntax error in SQL statement &quot;SELECT RES.* 
       
    FROM ACT_RE_PROCDEF RES
     
     WHERE  RES.DEPLOYMENT_ID_ = ? 
   
     ORDER BY  ORDER[*] BY RES.ID_ ASC  
    LIMIT ? OFFSET ? &quot;; expected &quot;=, NOT, EXISTS, INTERSECTS, SELECT, FROM&quot;; SQL statement:
select RES.* 
       
    from ACT_RE_PROCDEF RES
     
     WHERE  RES.DEPLOYMENT_ID_ = ? 
   
     order by  order by RES.ID_ asc  
    LIMIT ? OFFSET ? [42001-176]
### The error may exist in org/activiti/db/mapping/entity/ProcessDefinition.xml
### The error may involve org.activiti.engine.impl.persistence.entity.ProcessDefinitionEntity.selectProcessDefinitionsByQueryCriteria
### The error occurred while executing a query
### SQL: select RES.*              from ACT_RE_PROCDEF RES            WHERE  RES.DEPLOYMENT_ID_ = ?           order by  order by RES.ID_ asc       LIMIT ? OFFSET ?
### Cause: org.h2.jdbc.JdbcSQLException: Syntax error in SQL statement &quot;SELECT RES.* 
       
    FROM ACT_RE_PROCDEF RES
     
     WHERE  RES.DEPLOYMENT_ID_ = ? 
   
     ORDER BY  ORDER[*] BY RES.ID_ ASC  
    LIMIT ? OFFSET ? &quot;; expected &quot;=, NOT, EXISTS, INTERSECTS, SELECT, FROM&quot;; SQL statement:
select RES.* 
       
    from ACT_RE_PROCDEF RES
     
     WHERE  RES.DEPLOYMENT_ID_ = ? 
   
     order by  order by RES.ID_ asc  
    LIMIT ? OFFSET ? [42001-176]
org.apache.ibatis.exceptions.PersistenceException: 
### Error querying database.  Cause: org.h2.jdbc.JdbcSQLException: Syntax error in SQL statement &quot;SELECT RES.* 
       
    FROM ACT_RE_PROCDEF RES
     
     WHERE  RES.DEPLOYMENT_ID_ = ? 
   
     ORDER BY  ORDER[*] BY RES.ID_ ASC  
    LIMIT ? OFFSET ? &quot;; expected &quot;=, NOT, EXISTS, INTERSECTS, SELECT, FROM&quot;; SQL statement:
select RES.* 
       
    from ACT_RE_PROCDEF RES
     
     WHERE  RES.DEPLOYMENT_ID_ = ? 
   
     order by  order by RES.ID_ asc  
    LIMIT ? OFFSET ? [42001-176]
### The error may exist in org/activiti/db/mapping/entity/ProcessDefinition.xml
### The error may involve org.activiti.engine.impl.persistence.entity.ProcessDefinitionEntity.selectProcessDefinitionsByQueryCriteria
### The error occurred while executing a query
### SQL: select RES.*              from ACT_RE_PROCDEF RES            WHERE  RES.DEPLOYMENT_ID_ = ?           order by  order by RES.ID_ asc       LIMIT ? OFFSET ?
### Cause: org.h2.jdbc.JdbcSQLException: Syntax error in SQL statement &quot;SELECT RES.* 
       
    FROM ACT_RE_PROCDEF RES
     
     WHERE  RES.DEPLOYMENT_ID_ = ? 
   
     ORDER BY  ORDER[*] BY RES.ID_ ASC  
    LIMIT ? OFFSET ? &quot;; expected &quot;=, NOT, EXISTS, INTERSECTS, SELECT, FROM&quot;; SQL statement:
select RES.* 
       
    from ACT_RE_PROCDEF RES
     
     WHERE  RES.DEPLOYMENT_ID_ = ? 
   
     order by  order by RES.ID_ asc  
    LIMIT ? OFFSET ? [42001-176]
	at org.apache.ibatis.exceptions.ExceptionFactory.wrapException(ExceptionFactory.java:30)
	at org.apache.ibatis.session.defaults.DefaultSqlSession.selectList(DefaultSqlSession.java:122)
	at org.apache.ibatis.session.defaults.DefaultSqlSession.selectList(DefaultSqlSession.java:113)
	at org.activiti.engine.impl.db.DbSqlSession.selectListWithRawParameter(DbSqlSession.java:438)
	at org.activiti.engine.impl.db.DbSqlSession.selectList(DbSqlSession.java:429)
	at org.activiti.engine.impl.db.DbSqlSession.selectList(DbSqlSession.java:419)
	at org.activiti.engine.impl.persistence.entity.ProcessDefinitionEntityManager.findProcessDefinitionsByQueryCriteria(ProcessDefinitionEntityManager.java:57)
	at org.activiti.engine.impl.ProcessDefinitionQueryImpl.executeList(ProcessDefinitionQueryImpl.java:307)
	at org.activiti.engine.impl.AbstractQuery.list(AbstractQuery.java:140)
	at org.activiti.engine.impl.persistence.deploy.DeploymentManager.removeDeployment(DeploymentManager.java:187)
	at org.activiti.engine.impl.cmd.DeleteDeploymentCmd.execute(DeleteDeploymentCmd.java:44)
	at org.activiti.engine.impl.cmd.DeleteDeploymentCmd.execute(DeleteDeploymentCmd.java:24)
	at org.activiti.engine.impl.interceptor.CommandInvoker.execute(CommandInvoker.java:24)
	at org.activiti.engine.impl.interceptor.CommandContextInterceptor.execute(CommandContextInterceptor.java:57)
	at org.activiti.engine.impl.interceptor.LogInterceptor.execute(LogInterceptor.java:37)
	at org.activiti.engine.impl.cfg.CommandExecutorImpl.execute(CommandExecutorImpl.java:40)
	at org.activiti.engine.impl.cfg.CommandExecutorImpl.execute(CommandExecutorImpl.java:35)
	at org.activiti.engine.impl.RepositoryServiceImpl.deleteDeployment(RepositoryServiceImpl.java:90)
	at org.activiti.engine.test.api.mgmt.JobQueryTest.tearDown(JobQueryTest.java:116)
	at junit.framework.TestCase.runBare(TestCase.java:146)
	at org.activiti.engine.impl.test.AbstractActivitiTestCase.runBare(AbstractActivitiTestCase.java:100)
	at junit.framework.TestResult$1.protect(TestResult.java:122)
	at junit.framework.TestResult.runProtected(TestResult.java:142)
	at junit.framework.TestResult.run(TestResult.java:125)
	at junit.framework.TestCase.run(TestCase.java:129)
	at junit.framework.TestSuite.runTest(TestSuite.java:255)
	at junit.framework.TestSuite.run(TestSuite.java:250)
	at org.junit.internal.runners.JUnit38ClassRunner.run(JUnit38ClassRunner.java:84)
	at org.apache.maven.surefire.junit4.JUnit4TestSet.execute(JUnit4TestSet.java:35)
	at org.apache.maven.surefire.junit4.JUnit4Provider.executeTestSet(JUnit4Provider.java:146)
	at org.apache.maven.surefire.junit4.JUnit4Provider.invoke(JUnit4Provider.java:97)
	at sun.reflect.NativeMethodAccessorImpl.invoke0(Native Method)
	at sun.reflect.NativeMethodAccessorImpl.invoke(NativeMethodAccessorImpl.java:62)
	at sun.reflect.DelegatingMethodAccessorImpl.invoke(DelegatingMethodAccessorImpl.java:43)
	at java.lang.reflect.Method.invoke(Method.java:498)
	at org.apache.maven.surefire.booter.ProviderFactory$ClassLoaderProxy.invoke(ProviderFactory.java:103)
	at com.sun.proxy.$Proxy0.invoke(Unknown Source)
	at org.apache.maven.surefire.booter.SurefireStarter.invokeProvider(SurefireStarter.java:145)
	at org.apache.maven.surefire.booter.SurefireStarter.runSuitesInProcess(SurefireStarter.java:87)
	at org.apache.maven.surefire.booter.ForkedBooter.main(ForkedBooter.java:69)
Caused by: org.h2.jdbc.JdbcSQLException: Syntax error in SQL statement &quot;SELECT RES.* 
       
    FROM ACT_RE_PROCDEF RES
     
     WHERE  RES.DEPLOYMENT_ID_ = ? 
   
     ORDER BY  ORDER[*] BY RES.ID_ ASC  
    LIMIT ? OFFSET ? &quot;; expected &quot;=, NOT, EXISTS, INTERSECTS, SELECT, FROM&quot;; SQL statement:
select RES.* 
       
    from ACT_RE_PROCDEF RES
     
     WHERE  RES.DEPLOYMENT_ID_ = ? 
   
     order by  order by RES.ID_ asc  
    LIMIT ? OFFSET ? [42001-176]
	at org.h2.message.DbException.getJdbcSQLException(DbException.java:344)
	at org.h2.message.DbException.getSyntaxError(DbException.java:204)
	at org.h2.command.Parser.getSyntaxError(Parser.java:524)
	at org.h2.command.Parser.readTerm(Parser.java:2688)
	at org.h2.command.Parser.readFactor(Parser.java:2244)
	at org.h2.command.Parser.readSum(Parser.java:2231)
	at org.h2.command.Parser.readConcat(Parser.java:2201)
	at org.h2.command.Parser.readCondition(Parser.java:2051)
	at org.h2.command.Parser.readAnd(Parser.java:2023)
	at org.h2.command.Parser.readExpression(Parser.java:2015)
	at org.h2.command.Parser.parseEndOfQuery(Parser.java:1726)
	at org.h2.command.Parser.parseSelectUnionExtension(Parser.java:1706)
	at org.h2.command.Parser.parseSelectUnion(Parser.java:1675)
	at org.h2.command.Parser.parseSelect(Parser.java:1662)
	at org.h2.command.Parser.parsePrepared(Parser.java:434)
	at org.h2.command.Parser.parse(Parser.java:306)
	at org.h2.command.Parser.parse(Parser.java:282)
	at org.h2.command.Parser.prepareCommand(Parser.java:243)
	at org.h2.engine.Session.prepareLocal(Session.java:442)
	at org.h2.engine.Session.prepareCommand(Session.java:384)
	at org.h2.jdbc.JdbcConnection.prepareCommand(JdbcConnection.java:1188)
	at org.h2.jdbc.JdbcPreparedStatement.&lt;init&gt;(JdbcPreparedStatement.java:73)
	at org.h2.jdbc.JdbcConnection.prepareStatement(JdbcConnection.java:276)
	at sun.reflect.GeneratedMethodAccessor6.invoke(Unknown Source)
	at sun.reflect.DelegatingMethodAccessorImpl.invoke(DelegatingMethodAccessorImpl.java:43)
	at java.lang.reflect.Method.invoke(Method.java:498)
	at org.apache.ibatis.datasource.pooled.PooledConnection.invoke(PooledConnection.java:245)
	at com.sun.proxy.$Proxy12.prepareStatement(Unknown Source)
	at sun.reflect.GeneratedMethodAccessor6.invoke(Unknown Source)
	at sun.reflect.DelegatingMethodAccessorImpl.invoke(DelegatingMethodAccessorImpl.java:43)
	at java.lang.reflect.Method.invoke(Method.java:498)
	at org.apache.ibatis.logging.jdbc.ConnectionLogger.invoke(ConnectionLogger.java:55)
	at com.sun.proxy.$Proxy12.prepareStatement(Unknown Source)
	at org.apache.ibatis.executor.statement.PreparedStatementHandler.instantiateStatement(PreparedStatementHandler.java:79)
	at org.apache.ibatis.executor.statement.BaseStatementHandler.prepare(BaseStatementHandler.java:88)
	at org.apache.ibatis.executor.statement.RoutingStatementHandler.prepare(RoutingStatementHandler.java:58)
	at org.apache.ibatis.executor.SimpleExecutor.prepareStatement(SimpleExecutor.java:76)
	at org.apache.ibatis.executor.SimpleExecutor.doQuery(SimpleExecutor.java:61)
	at org.apache.ibatis.executor.BaseExecutor.queryFromDatabase(BaseExecutor.java:303)
	at org.apache.ibatis.executor.BaseExecutor.query(BaseExecutor.java:154)
	at org.apache.ibatis.executor.CachingExecutor.query(CachingExecutor.java:102)
	at org.apache.ibatis.executor.CachingExecutor.query(CachingExecutor.java:82)
	at org.apache.ibatis.session.defaults.DefaultSqlSession.selectList(DefaultSqlSession.java:120)
	... 38 more
10:44:57,116 [main] DEBUG org.activiti.engine.impl.test.PvmTestCase  - verifying that db is clean after test
10:44:57,116 [main] DEBUG org.activiti.engine.impl.interceptor.LogInterceptor  - 

10:44:57,116 [main] DEBUG org.activiti.engine.impl.interceptor.LogInterceptor  - --- starting GetTableCountCmd --------------------------------------------------------
10:44:57,116 [main] DEBUG org.apache.ibatis.transaction.jdbc.JdbcTransaction  - Opening JDBC Connection
10:44:57,116 [main] DEBUG org.apache.ibatis.datasource.pooled.PooledDataSource  - Checked out connection 363509958 from pool.
10:44:57,116 [main] DEBUG org.apache.ibatis.transaction.jdbc.JdbcTransaction  - Setting autocommit to false on JDBC Connection [conn2: url=jdbc:h2:mem:activiti user=SA]
10:44:57,116 [main] DEBUG org.activiti.engine.impl.persistence.entity.TableDataManager  - retrieving activiti tables from jdbc metadata
10:44:57,116 [main] DEBUG org.activiti.engine.impl.persistence.entity.TableDataManager  -   retrieved activiti table name ACT_EVT_LOG
10:44:57,116 [main] DEBUG org.activiti.engine.impl.persistence.entity.TableDataManager  -   retrieved activiti table name ACT_GE_BYTEARRAY
10:44:57,116 [main] DEBUG org.activiti.engine.impl.persistence.entity.TableDataManager  -   retrieved activiti table name ACT_GE_PROPERTY
10:44:57,116 [main] DEBUG org.activiti.engine.impl.persistence.entity.TableDataManager  -   retrieved activiti table name ACT_HI_ACTINST
10:44:57,116 [main] DEBUG org.activiti.engine.impl.persistence.entity.TableDataManager  -   retrieved activiti table name ACT_HI_ATTACHMENT
10:44:57,116 [main] DEBUG org.activiti.engine.impl.persistence.entity.TableDataManager  -   retrieved activiti table name ACT_HI_COMMENT
10:44:57,116 [main] DEBUG org.activiti.engine.impl.persistence.entity.TableDataManager  -   retrieved activiti table name ACT_HI_DETAIL
10:44:57,117 [main] DEBUG org.activiti.engine.impl.persistence.entity.TableDataManager  -   retrieved activiti table name ACT_HI_IDENTITYLINK
10:44:57,117 [main] DEBUG org.activiti.engine.impl.persistence.entity.TableDataManager  -   retrieved activiti table name ACT_HI_PROCINST
10:44:57,117 [main] DEBUG org.activiti.engine.impl.persistence.entity.TableDataManager  -   retrieved activiti table name ACT_HI_TASKINST
10:44:57,117 [main] DEBUG org.activiti.engine.impl.persistence.entity.TableDataManager  -   retrieved activiti table name ACT_HI_VARINST
10:44:57,117 [main] DEBUG org.activiti.engine.impl.persistence.entity.TableDataManager  -   retrieved activiti table name ACT_ID_GROUP
10:44:57,117 [main] DEBUG org.activiti.engine.impl.persistence.entity.TableDataManager  -   retrieved activiti table name ACT_ID_INFO
10:44:57,117 [main] DEBUG org.activiti.engine.impl.persistence.entity.TableDataManager  -   retrieved activiti table name ACT_ID_MEMBERSHIP
10:44:57,117 [main] DEBUG org.activiti.engine.impl.persistence.entity.TableDataManager  -   retrieved activiti table name ACT_ID_USER
10:44:57,117 [main] DEBUG org.activiti.engine.impl.persistence.entity.TableDataManager  -   retrieved activiti table name ACT_PROCDEF_INFO
10:44:57,117 [main] DEBUG org.activiti.engine.impl.persistence.entity.TableDataManager  -   retrieved activiti table name ACT_RE_DEPLOYMENT
10:44:57,117 [main] DEBUG org.activiti.engine.impl.persistence.entity.TableDataManager  -   retrieved activiti table name ACT_RE_MODEL
10:44:57,117 [main] DEBUG org.activiti.engine.impl.persistence.entity.TableDataManager  -   retrieved activiti table name ACT_RE_PROCDEF
10:44:57,117 [main] DEBUG org.activiti.engine.impl.persistence.entity.TableDataManager  -   retrieved activiti table name ACT_RU_EVENT_SUBSCR
10:44:57,117 [main] DEBUG org.activiti.engine.impl.persistence.entity.TableDataManager  -   retrieved activiti table name ACT_RU_EXECUTION
10:44:57,117 [main] DEBUG org.activiti.engine.impl.persistence.entity.TableDataManager  -   retrieved activiti table name ACT_RU_IDENTITYLINK
10:44:57,117 [main] DEBUG org.activiti.engine.impl.persistence.entity.TableDataManager  -   retrieved activiti table name ACT_RU_JOB
10:44:57,117 [main] DEBUG org.activiti.engine.impl.persistence.entity.TableDataManager  -   retrieved activiti table name ACT_RU_TASK
10:44:57,117 [main] DEBUG org.activiti.engine.impl.persistence.entity.TableDataManager  -   retrieved activiti table name ACT_RU_VARIABLE
10:44:57,117 [main] DEBUG org.activiti.engine.impl.persistence.entity.TableDataManager  - selecting table count for ACT_EVT_LOG
10:44:57,117 [main] DEBUG org.activiti.engine.impl.TablePageMap.selectTableCount  - ==&gt;  Preparing: select count(*) from ACT_EVT_LOG 
10:44:57,117 [main] DEBUG org.activiti.engine.impl.TablePageMap.selectTableCount  - ==&gt; Parameters: 
10:44:57,117 [main] DEBUG org.activiti.engine.impl.TablePageMap.selectTableCount  - &lt;==      Total: 1
10:44:57,117 [main] DEBUG org.activiti.engine.impl.persistence.entity.TableDataManager  - selecting table count for ACT_GE_BYTEARRAY
10:44:57,117 [main] DEBUG org.activiti.engine.impl.TablePageMap.selectTableCount  - ==&gt;  Preparing: select count(*) from ACT_GE_BYTEARRAY 
10:44:57,117 [main] DEBUG org.activiti.engine.impl.TablePageMap.selectTableCount  - ==&gt; Parameters: 
10:44:57,117 [main] DEBUG org.activiti.engine.impl.TablePageMap.selectTableCount  - &lt;==      Total: 1
10:44:57,117 [main] DEBUG org.activiti.engine.impl.persistence.entity.TableDataManager  - selecting table count for ACT_GE_PROPERTY
10:44:57,117 [main] DEBUG org.activiti.engine.impl.TablePageMap.selectTableCount  - ==&gt;  Preparing: select count(*) from ACT_GE_PROPERTY 
10:44:57,117 [main] DEBUG org.activiti.engine.impl.TablePageMap.selectTableCount  - ==&gt; Parameters: 
10:44:57,117 [main] DEBUG org.activiti.engine.impl.TablePageMap.selectTableCount  - &lt;==      Total: 1
10:44:57,117 [main] DEBUG org.activiti.engine.impl.persistence.entity.TableDataManager  - selecting table count for ACT_HI_ACTINST
10:44:57,117 [main] DEBUG org.activiti.engine.impl.TablePageMap.selectTableCount  - ==&gt;  Preparing: select count(*) from ACT_HI_ACTINST 
10:44:57,117 [main] DEBUG org.activiti.engine.impl.TablePageMap.selectTableCount  - ==&gt; Parameters: 
10:44:57,117 [main] DEBUG org.activiti.engine.impl.TablePageMap.selectTableCount  - &lt;==      Total: 1
10:44:57,117 [main] DEBUG org.activiti.engine.impl.persistence.entity.TableDataManager  - selecting table count for ACT_HI_ATTACHMENT
10:44:57,117 [main] DEBUG org.activiti.engine.impl.TablePageMap.selectTableCount  - ==&gt;  Preparing: select count(*) from ACT_HI_ATTACHMENT 
10:44:57,117 [main] DEBUG org.activiti.engine.impl.TablePageMap.selectTableCount  - ==&gt; Parameters: 
10:44:57,117 [main] DEBUG org.activiti.engine.impl.TablePageMap.selectTableCount  - &lt;==      Total: 1
10:44:57,117 [main] DEBUG org.activiti.engine.impl.persistence.entity.TableDataManager  - selecting table count for ACT_HI_COMMENT
10:44:57,117 [main] DEBUG org.activiti.engine.impl.TablePageMap.selectTableCount  - ==&gt;  Preparing: select count(*) from ACT_HI_COMMENT 
10:44:57,117 [main] DEBUG org.activiti.engine.impl.TablePageMap.selectTableCount  - ==&gt; Parameters: 
10:44:57,117 [main] DEBUG org.activiti.engine.impl.TablePageMap.selectTableCount  - &lt;==      Total: 1
10:44:57,117 [main] DEBUG org.activiti.engine.impl.persistence.entity.TableDataManager  - selecting table count for ACT_HI_DETAIL
10:44:57,117 [main] DEBUG org.activiti.engine.impl.TablePageMap.selectTableCount  - ==&gt;  Preparing: select count(*) from ACT_HI_DETAIL 
10:44:57,117 [main] DEBUG org.activiti.engine.impl.TablePageMap.selectTableCount  - ==&gt; Parameters: 
10:44:57,117 [main] DEBUG org.activiti.engine.impl.TablePageMap.selectTableCount  - &lt;==      Total: 1
10:44:57,117 [main] DEBUG org.activiti.engine.impl.persistence.entity.TableDataManager  - selecting table count for ACT_HI_IDENTITYLINK
10:44:57,117 [main] DEBUG org.activiti.engine.impl.TablePageMap.selectTableCount  - ==&gt;  Preparing: select count(*) from ACT_HI_IDENTITYLINK 
10:44:57,117 [main] DEBUG org.activiti.engine.impl.TablePageMap.selectTableCount  - ==&gt; Parameters: 
10:44:57,117 [main] DEBUG org.activiti.engine.impl.TablePageMap.selectTableCount  - &lt;==      Total: 1
10:44:57,117 [main] DEBUG org.activiti.engine.impl.persistence.entity.TableDataManager  - selecting table count for ACT_HI_PROCINST
10:44:57,117 [main] DEBUG org.activiti.engine.impl.TablePageMap.selectTableCount  - ==&gt;  Preparing: select count(*) from ACT_HI_PROCINST 
10:44:57,117 [main] DEBUG org.activiti.engine.impl.TablePageMap.selectTableCount  - ==&gt; Parameters: 
10:44:57,117 [main] DEBUG org.activiti.engine.impl.TablePageMap.selectTableCount  - &lt;==      Total: 1
10:44:57,117 [main] DEBUG org.activiti.engine.impl.persistence.entity.TableDataManager  - selecting table count for ACT_HI_TASKINST
10:44:57,117 [main] DEBUG org.activiti.engine.impl.TablePageMap.selectTableCount  - ==&gt;  Preparing: select count(*) from ACT_HI_TASKINST 
10:44:57,117 [main] DEBUG org.activiti.engine.impl.TablePageMap.selectTableCount  - ==&gt; Parameters: 
10:44:57,117 [main] DEBUG org.activiti.engine.impl.TablePageMap.selectTableCount  - &lt;==      Total: 1
10:44:57,117 [main] DEBUG org.activiti.engine.impl.persistence.entity.TableDataManager  - selecting table count for ACT_HI_VARINST
10:44:57,117 [main] DEBUG org.activiti.engine.impl.TablePageMap.selectTableCount  - ==&gt;  Preparing: select count(*) from ACT_HI_VARINST 
10:44:57,117 [main] DEBUG org.activiti.engine.impl.TablePageMap.selectTableCount  - ==&gt; Parameters: 
10:44:57,117 [main] DEBUG org.activiti.engine.impl.TablePageMap.selectTableCount  - &lt;==      Total: 1
10:44:57,117 [main] DEBUG org.activiti.engine.impl.persistence.entity.TableDataManager  - selecting table count for ACT_ID_GROUP
10:44:57,117 [main] DEBUG org.activiti.engine.impl.TablePageMap.selectTableCount  - ==&gt;  Preparing: select count(*) from ACT_ID_GROUP 
10:44:57,117 [main] DEBUG org.activiti.engine.impl.TablePageMap.selectTableCount  - ==&gt; Parameters: 
10:44:57,117 [main] DEBUG org.activiti.engine.impl.TablePageMap.selectTableCount  - &lt;==      Total: 1
10:44:57,117 [main] DEBUG org.activiti.engine.impl.persistence.entity.TableDataManager  - selecting table count for ACT_ID_INFO
10:44:57,117 [main] DEBUG org.activiti.engine.impl.TablePageMap.selectTableCount  - ==&gt;  Preparing: select count(*) from ACT_ID_INFO 
10:44:57,117 [main] DEBUG org.activiti.engine.impl.TablePageMap.selectTableCount  - ==&gt; Parameters: 
10:44:57,117 [main] DEBUG org.activiti.engine.impl.TablePageMap.selectTableCount  - &lt;==      Total: 1
10:44:57,117 [main] DEBUG org.activiti.engine.impl.persistence.entity.TableDataManager  - selecting table count for ACT_ID_MEMBERSHIP
10:44:57,117 [main] DEBUG org.activiti.engine.impl.TablePageMap.selectTableCount  - ==&gt;  Preparing: select count(*) from ACT_ID_MEMBERSHIP 
10:44:57,117 [main] DEBUG org.activiti.engine.impl.TablePageMap.selectTableCount  - ==&gt; Parameters: 
10:44:57,117 [main] DEBUG org.activiti.engine.impl.TablePageMap.selectTableCount  - &lt;==      Total: 1
10:44:57,117 [main] DEBUG org.activiti.engine.impl.persistence.entity.TableDataManager  - selecting table count for ACT_ID_USER
10:44:57,117 [main] DEBUG org.activiti.engine.impl.TablePageMap.selectTableCount  - ==&gt;  Preparing: select count(*) from ACT_ID_USER 
10:44:57,117 [main] DEBUG org.activiti.engine.impl.TablePageMap.selectTableCount  - ==&gt; Parameters: 
10:44:57,117 [main] DEBUG org.activiti.engine.impl.TablePageMap.selectTableCount  - &lt;==      Total: 1
10:44:57,117 [main] DEBUG org.activiti.engine.impl.persistence.entity.TableDataManager  - selecting table count for ACT_PROCDEF_INFO
10:44:57,117 [main] DEBUG org.activiti.engine.impl.TablePageMap.selectTableCount  - ==&gt;  Preparing: select count(*) from ACT_PROCDEF_INFO 
10:44:57,117 [main] DEBUG org.activiti.engine.impl.TablePageMap.selectTableCount  - ==&gt; Parameters: 
10:44:57,117 [main] DEBUG org.activiti.engine.impl.TablePageMap.selectTableCount  - &lt;==      Total: 1
10:44:57,117 [main] DEBUG org.activiti.engine.impl.persistence.entity.TableDataManager  - selecting table count for ACT_RE_DEPLOYMENT
10:44:57,117 [main] DEBUG org.activiti.engine.impl.TablePageMap.selectTableCount  - ==&gt;  Preparing: select count(*) from ACT_RE_DEPLOYMENT 
10:44:57,117 [main] DEBUG org.activiti.engine.impl.TablePageMap.selectTableCount  - ==&gt; Parameters: 
10:44:57,117 [main] DEBUG org.activiti.engine.impl.TablePageMap.selectTableCount  - &lt;==      Total: 1
10:44:57,117 [main] DEBUG org.activiti.engine.impl.persistence.entity.TableDataManager  - selecting table count for ACT_RE_MODEL
10:44:57,117 [main] DEBUG org.activiti.engine.impl.TablePageMap.selectTableCount  - ==&gt;  Preparing: select count(*) from ACT_RE_MODEL 
10:44:57,117 [main] DEBUG org.activiti.engine.impl.TablePageMap.selectTableCount  - ==&gt; Parameters: 
10:44:57,117 [main] DEBUG org.activiti.engine.impl.TablePageMap.selectTableCount  - &lt;==      Total: 1
10:44:57,117 [main] DEBUG org.activiti.engine.impl.persistence.entity.TableDataManager  - selecting table count for ACT_RE_PROCDEF
10:44:57,117 [main] DEBUG org.activiti.engine.impl.TablePageMap.selectTableCount  - ==&gt;  Preparing: select count(*) from ACT_RE_PROCDEF 
10:44:57,117 [main] DEBUG org.activiti.engine.impl.TablePageMap.selectTableCount  - ==&gt; Parameters: 
10:44:57,117 [main] DEBUG org.activiti.engine.impl.TablePageMap.selectTableCount  - &lt;==      Total: 1
10:44:57,117 [main] DEBUG org.activiti.engine.impl.persistence.entity.TableDataManager  - selecting table count for ACT_RU_EVENT_SUBSCR
10:44:57,117 [main] DEBUG org.activiti.engine.impl.TablePageMap.selectTableCount  - ==&gt;  Preparing: select count(*) from ACT_RU_EVENT_SUBSCR 
10:44:57,117 [main] DEBUG org.activiti.engine.impl.TablePageMap.selectTableCount  - ==&gt; Parameters: 
10:44:57,117 [main] DEBUG org.activiti.engine.impl.TablePageMap.selectTableCount  - &lt;==      Total: 1
10:44:57,117 [main] DEBUG org.activiti.engine.impl.persistence.entity.TableDataManager  - selecting table count for ACT_RU_EXECUTION
10:44:57,117 [main] DEBUG org.activiti.engine.impl.TablePageMap.selectTableCount  - ==&gt;  Preparing: select count(*) from ACT_RU_EXECUTION 
10:44:57,117 [main] DEBUG org.activiti.engine.impl.TablePageMap.selectTableCount  - ==&gt; Parameters: 
10:44:57,117 [main] DEBUG org.activiti.engine.impl.TablePageMap.selectTableCount  - &lt;==      Total: 1
10:44:57,117 [main] DEBUG org.activiti.engine.impl.persistence.entity.TableDataManager  - selecting table count for ACT_RU_IDENTITYLINK
10:44:57,117 [main] DEBUG org.activiti.engine.impl.TablePageMap.selectTableCount  - ==&gt;  Preparing: select count(*) from ACT_RU_IDENTITYLINK 
10:44:57,117 [main] DEBUG org.activiti.engine.impl.TablePageMap.selectTableCount  - ==&gt; Parameters: 
10:44:57,117 [main] DEBUG org.activiti.engine.impl.TablePageMap.selectTableCount  - &lt;==      Total: 1
10:44:57,117 [main] DEBUG org.activiti.engine.impl.persistence.entity.TableDataManager  - selecting table count for ACT_RU_JOB
10:44:57,117 [main] DEBUG org.activiti.engine.impl.TablePageMap.selectTableCount  - ==&gt;  Preparing: select count(*) from ACT_RU_JOB 
10:44:57,117 [main] DEBUG org.activiti.engine.impl.TablePageMap.selectTableCount  - ==&gt; Parameters: 
10:44:57,117 [main] DEBUG org.activiti.engine.impl.TablePageMap.selectTableCount  - &lt;==      Total: 1
10:44:57,117 [main] DEBUG org.activiti.engine.impl.persistence.entity.TableDataManager  - selecting table count for ACT_RU_TASK
10:44:57,117 [main] DEBUG org.activiti.engine.impl.TablePageMap.selectTableCount  - ==&gt;  Preparing: select count(*) from ACT_RU_TASK 
10:44:57,117 [main] DEBUG org.activiti.engine.impl.TablePageMap.selectTableCount  - ==&gt; Parameters: 
10:44:57,117 [main] DEBUG org.activiti.engine.impl.TablePageMap.selectTableCount  - &lt;==      Total: 1
10:44:57,117 [main] DEBUG org.activiti.engine.impl.persistence.entity.TableDataManager  - selecting table count for ACT_RU_VARIABLE
10:44:57,117 [main] DEBUG org.activiti.engine.impl.TablePageMap.selectTableCount  - ==&gt;  Preparing: select count(*) from ACT_RU_VARIABLE 
10:44:57,117 [main] DEBUG org.activiti.engine.impl.TablePageMap.selectTableCount  - ==&gt; Parameters: 
10:44:57,117 [main] DEBUG org.activiti.engine.impl.TablePageMap.selectTableCount  - &lt;==      Total: 1
10:44:57,117 [main] DEBUG org.activiti.engine.impl.persistence.entity.TableDataManager  - Number of rows per activiti table: {ACT_RU_EVENT_SUBSCR=0, ACT_ID_USER=0, ACT_HI_ATTACHMENT=0, ACT_GE_BYTEARRAY=1, ACT_RE_MODEL=0, ACT_RU_VARIABLE=0, ACT_RU_TASK=3, ACT_RE_DEPLOYMENT=1, ACT_RE_PROCDEF=1, ACT_ID_GROUP=0, ACT_HI_VARINST=0, ACT_HI_COMMENT=0, ACT_HI_PROCINST=3, ACT_ID_INFO=0, ACT_ID_MEMBERSHIP=0, ACT_RU_JOB=4, ACT_PROCDEF_INFO=0, ACT_HI_ACTINST=6, ACT_RU_EXECUTION=6, ACT_HI_TASKINST=3, ACT_HI_DETAIL=0, ACT_EVT_LOG=0, ACT_HI_IDENTITYLINK=0, ACT_RU_IDENTITYLINK=0, ACT_GE_PROPERTY=3}
10:44:57,117 [main] DEBUG org.activiti.engine.impl.db.DbSqlSession  - flush summary: 0 insert, 0 update, 0 delete.
10:44:57,117 [main] DEBUG org.activiti.engine.impl.db.DbSqlSession  - now executing flush...
10:44:57,117 [main] DEBUG org.activiti.engine.impl.cfg.standalone.StandaloneMybatisTransactionContext  - firing event committing...
10:44:57,117 [main] DEBUG org.activiti.engine.impl.cfg.standalone.StandaloneMybatisTransactionContext  - committing the ibatis sql session...
10:44:57,117 [main] DEBUG org.activiti.engine.impl.cfg.standalone.StandaloneMybatisTransactionContext  - firing event committed...
10:44:57,117 [main] DEBUG org.apache.ibatis.transaction.jdbc.JdbcTransaction  - Resetting autocommit to true on JDBC Connection [conn2: url=jdbc:h2:mem:activiti user=SA]
10:44:57,117 [main] DEBUG org.apache.ibatis.transaction.jdbc.JdbcTransaction  - Closing JDBC Connection [conn2: url=jdbc:h2:mem:activiti user=SA]
10:44:57,117 [main] DEBUG org.apache.ibatis.datasource.pooled.PooledDataSource  - Returned connection 363509958 to pool.
10:44:57,117 [main] DEBUG org.activiti.engine.impl.interceptor.LogInterceptor  - --- GetTableCountCmd finished --------------------------------------------------------
10:44:57,117 [main] DEBUG org.activiti.engine.impl.interceptor.LogInterceptor  - 

10:44:57,117 [main] ERROR org.activiti.engine.impl.test.PvmTestCase  - 

10:44:57,117 [main] ERROR org.activiti.engine.impl.test.PvmTestCase  - DB NOT CLEAN: 
  ACT_GE_BYTEARRAY: 1 record(s)   ACT_RU_TASK: 3 record(s)   ACT_RE_DEPLOYMENT: 1 record(s)   ACT_RE_PROCDEF: 1 record(s)   ACT_HI_PROCINST: 3 record(s)   ACT_RU_JOB: 4 record(s)   ACT_HI_ACTINST: 6 record(s)   ACT_RU_EXECUTION: 6 record(s)   ACT_HI_TASKINST: 3 record(s) 
10:44:57,117 [main] INFO  org.activiti.engine.impl.test.PvmTestCase  - dropping and recreating db
10:44:57,117 [main] DEBUG org.activiti.engine.impl.interceptor.LogInterceptor  - 

10:44:57,117 [main] DEBUG org.activiti.engine.impl.interceptor.LogInterceptor  - --- starting  --------------------------------------------------------
10:44:57,117 [main] INFO  org.activiti.engine.impl.db.DbSqlSession  - performing drop on engine with resource org/activiti/db/drop/activiti.h2.drop.engine.sql
10:44:57,117 [main] DEBUG org.apache.ibatis.transaction.jdbc.JdbcTransaction  - Opening JDBC Connection
10:44:57,117 [main] DEBUG org.apache.ibatis.datasource.pooled.PooledDataSource  - Checked out connection 180014677 from pool.
10:44:57,117 [main] DEBUG org.apache.ibatis.transaction.jdbc.JdbcTransaction  - Setting autocommit to false on JDBC Connection [conn3: url=jdbc:h2:mem:activiti user=SA]
10:44:57,117 [main] DEBUG org.activiti.engine.impl.db.DbSqlSession  - SQL: drop table if exists ACT_GE_PROPERTY cascade constraints
10:44:57,118 [main] DEBUG org.activiti.engine.impl.db.DbSqlSession  - SQL: drop table if exists ACT_GE_BYTEARRAY cascade constraints
10:44:57,118 [main] DEBUG org.activiti.engine.impl.db.DbSqlSession  - SQL: drop table if exists ACT_RE_DEPLOYMENT cascade constraints
10:44:57,118 [main] DEBUG org.activiti.engine.impl.db.DbSqlSession  - SQL: drop table if exists ACT_RE_MODEL cascade constraints
10:44:57,118 [main] DEBUG org.activiti.engine.impl.db.DbSqlSession  - SQL: drop table if exists ACT_RU_EXECUTION cascade constraints
10:44:57,118 [main] DEBUG org.activiti.engine.impl.db.DbSqlSession  - SQL: drop table if exists ACT_RU_JOB cascade constraints
10:44:57,118 [main] DEBUG org.activiti.engine.impl.db.DbSqlSession  - SQL: drop table if exists ACT_RE_PROCDEF cascade constraints
10:44:57,118 [main] DEBUG org.activiti.engine.impl.db.DbSqlSession  - SQL: drop table if exists ACT_RU_TASK cascade constraints
10:44:57,118 [main] DEBUG org.activiti.engine.impl.db.DbSqlSession  - SQL: drop table if exists ACT_RU_IDENTITYLINK cascade constraints
10:44:57,118 [main] DEBUG org.activiti.engine.impl.db.DbSqlSession  - SQL: drop table if exists ACT_RU_VARIABLE cascade constraints
10:44:57,118 [main] DEBUG org.activiti.engine.impl.db.DbSqlSession  - SQL: drop table if exists ACT_RU_EVENT_SUBSCR cascade constraints
10:44:57,118 [main] DEBUG org.activiti.engine.impl.db.DbSqlSession  - SQL: drop table if exists ACT_EVT_LOG cascade constraints
10:44:57,118 [main] DEBUG org.activiti.engine.impl.db.DbSqlSession  - SQL: drop table if exists ACT_PROCDEF_INFO cascade constraints
10:44:57,118 [main] DEBUG org.activiti.engine.impl.db.DbSqlSession  - SQL: drop index if exists ACT_IDX_EXEC_BUSKEY
10:44:57,118 [main] DEBUG org.activiti.engine.impl.db.DbSqlSession  - SQL: drop index if exists ACT_IDX_TASK_CREATE
10:44:57,118 [main] DEBUG org.activiti.engine.impl.db.DbSqlSession  - SQL: drop index if exists ACT_IDX_IDENT_LNK_USER
10:44:57,118 [main] DEBUG org.activiti.engine.impl.db.DbSqlSession  - SQL: drop index if exists ACT_IDX_IDENT_LNK_GROUP
10:44:57,118 [main] DEBUG org.activiti.engine.impl.db.DbSqlSession  - SQL: drop index if exists ACT_IDX_VARIABLE_TASK_ID
10:44:57,118 [main] DEBUG org.activiti.engine.impl.db.DbSqlSession  - SQL: drop index if exists ACT_IDX_EVENT_SUBSCR_CONFIG_
10:44:57,118 [main] DEBUG org.activiti.engine.impl.db.DbSqlSession  - SQL: drop index if exists ACT_IDX_ATHRZ_PROCEDEF
10:44:57,118 [main] DEBUG org.activiti.engine.impl.db.DbSqlSession  - SQL: drop index if exists ACT_IDX_INFO_PROCDEF
10:44:57,118 [main] DEBUG org.activiti.engine.impl.db.DbSqlSession  - activiti db schema drop for component engine successful
10:44:57,118 [main] INFO  org.activiti.engine.impl.db.DbSqlSession  - performing drop on history with resource org/activiti/db/drop/activiti.h2.drop.history.sql
10:44:57,118 [main] DEBUG org.activiti.engine.impl.db.DbSqlSession  - SQL: drop table if exists ACT_HI_PROCINST cascade constraints
10:44:57,118 [main] DEBUG org.activiti.engine.impl.db.DbSqlSession  - SQL: drop table if exists ACT_HI_ACTINST cascade constraints
10:44:57,118 [main] DEBUG org.activiti.engine.impl.db.DbSqlSession  - SQL: drop table if exists ACT_HI_VARINST cascade constraints
10:44:57,118 [main] DEBUG org.activiti.engine.impl.db.DbSqlSession  - SQL: drop table if exists ACT_HI_TASKINST cascade constraints
10:44:57,118 [main] DEBUG org.activiti.engine.impl.db.DbSqlSession  - SQL: drop table if exists ACT_HI_DETAIL cascade constraints
10:44:57,119 [main] DEBUG org.activiti.engine.impl.db.DbSqlSession  - SQL: drop table if exists ACT_HI_COMMENT cascade constraints
10:44:57,119 [main] DEBUG org.activiti.engine.impl.db.DbSqlSession  - SQL: drop table if exists ACT_HI_ATTACHMENT cascade constraints
10:44:57,119 [main] DEBUG org.activiti.engine.impl.db.DbSqlSession  - SQL: drop table if exists ACT_HI_IDENTITYLINK cascade constraints
10:44:57,119 [main] DEBUG org.activiti.engine.impl.db.DbSqlSession  - SQL: drop index if exists ACT_IDX_HI_PRO_INST_END
10:44:57,119 [main] DEBUG org.activiti.engine.impl.db.DbSqlSession  - SQL: drop index if exists ACT_IDX_HI_PRO_I_BUSKEY
10:44:57,119 [main] DEBUG org.activiti.engine.impl.db.DbSqlSession  - SQL: drop index if exists ACT_IDX_HI_ACT_INST_START
10:44:57,119 [main] DEBUG org.activiti.engine.impl.db.DbSqlSession  - SQL: drop index if exists ACT_IDX_HI_ACT_INST_END
10:44:57,119 [main] DEBUG org.activiti.engine.impl.db.DbSqlSession  - SQL: drop index if exists ACT_IDX_HI_DETAIL_PROC_INST
10:44:57,119 [main] DEBUG org.activiti.engine.impl.db.DbSqlSession  - SQL: drop index if exists ACT_IDX_HI_DETAIL_ACT_INST
10:44:57,119 [main] DEBUG org.activiti.engine.impl.db.DbSqlSession  - SQL: drop index if exists ACT_IDX_HI_DETAIL_TIME
10:44:57,119 [main] DEBUG org.activiti.engine.impl.db.DbSqlSession  - SQL: drop index if exists ACT_IDX_HI_DETAIL_NAME
10:44:57,119 [main] DEBUG org.activiti.engine.impl.db.DbSqlSession  - SQL: drop index if exists ACT_IDX_HI_DETAIL_TASK_ID
10:44:57,119 [main] DEBUG org.activiti.engine.impl.db.DbSqlSession  - SQL: drop index if exists ACT_IDX_HI_PROCVAR_PROC_INST
10:44:57,119 [main] DEBUG org.activiti.engine.impl.db.DbSqlSession  - SQL: drop index if exists ACT_IDX_HI_PROCVAR_NAME_TYPE
10:44:57,119 [main] DEBUG org.activiti.engine.impl.db.DbSqlSession  - SQL: drop index if exists ACT_IDX_HI_ACT_INST_PROCINST
10:44:57,119 [main] DEBUG org.activiti.engine.impl.db.DbSqlSession  - SQL: drop index if exists ACT_IDX_HI_IDENT_LNK_USER
10:44:57,119 [main] DEBUG org.activiti.engine.impl.db.DbSqlSession  - SQL: drop index if exists ACT_IDX_HI_IDENT_LNK_TASK
10:44:57,119 [main] DEBUG org.activiti.engine.impl.db.DbSqlSession  - SQL: drop index if exists ACT_IDX_HI_IDENT_LNK_PROCINST
10:44:57,119 [main] DEBUG org.activiti.engine.impl.db.DbSqlSession  - SQL: drop index if exists ACT_IDX_HI_TASK_INST_PROCINST
10:44:57,119 [main] DEBUG org.activiti.engine.impl.db.DbSqlSession  - activiti db schema drop for component history successful
10:44:57,119 [main] INFO  org.activiti.engine.impl.db.DbSqlSession  - performing drop on identity with resource org/activiti/db/drop/activiti.h2.drop.identity.sql
10:44:57,119 [main] DEBUG org.activiti.engine.impl.db.DbSqlSession  - SQL: drop table if exists ACT_ID_INFO cascade constraints
10:44:57,119 [main] DEBUG org.activiti.engine.impl.db.DbSqlSession  - SQL: drop table if exists ACT_ID_GROUP cascade constraints
10:44:57,119 [main] DEBUG org.activiti.engine.impl.db.DbSqlSession  - SQL: drop table if exists ACT_ID_MEMBERSHIP cascade constraints
10:44:57,119 [main] DEBUG org.activiti.engine.impl.db.DbSqlSession  - SQL: drop table if exists ACT_ID_USER cascade constraints
10:44:57,119 [main] DEBUG org.activiti.engine.impl.db.DbSqlSession  - activiti db schema drop for component identity successful
10:44:57,119 [main] INFO  org.activiti.engine.impl.db.DbSqlSession  - performing create on engine with resource org/activiti/db/create/activiti.h2.create.engine.sql
10:44:57,119 [main] DEBUG org.activiti.engine.impl.db.DbSqlSession  - SQL: create table ACT_GE_PROPERTY ( 
NAME_ varchar(64), 
VALUE_ varchar(300), 
REV_ integer, 
primary key (NAME_) 
)
10:44:57,119 [main] DEBUG org.activiti.engine.impl.db.DbSqlSession  - SQL: insert into ACT_GE_PROPERTY 
values (&apos;schema.version&apos;, &apos;5.20.0.0&apos;, 1)
10:44:57,119 [main] DEBUG org.activiti.engine.impl.db.DbSqlSession  - SQL: insert into ACT_GE_PROPERTY 
values (&apos;schema.history&apos;, &apos;create(5.20.0.0)&apos;, 1)
10:44:57,119 [main] DEBUG org.activiti.engine.impl.db.DbSqlSession  - SQL: insert into ACT_GE_PROPERTY 
values (&apos;next.dbid&apos;, &apos;1&apos;, 1)
10:44:57,119 [main] DEBUG org.activiti.engine.impl.db.DbSqlSession  - SQL: create table ACT_GE_BYTEARRAY ( 
ID_ varchar(64), 
REV_ integer, 
NAME_ varchar(255), 
DEPLOYMENT_ID_ varchar(64), 
BYTES_ longvarbinary, 
GENERATED_ bit, 
primary key (ID_) 
)
10:44:57,119 [main] DEBUG org.activiti.engine.impl.db.DbSqlSession  - SQL: create table ACT_RE_DEPLOYMENT ( 
ID_ varchar(64), 
NAME_ varchar(255), 
CATEGORY_ varchar(255), 
TENANT_ID_ varchar(255) default &apos;&apos;, 
DEPLOY_TIME_ timestamp, 
primary key (ID_) 
)
10:44:57,119 [main] DEBUG org.activiti.engine.impl.db.DbSqlSession  - SQL: create table ACT_RE_MODEL ( 
ID_ varchar(64) not null, 
REV_ integer, 
NAME_ varchar(255), 
KEY_ varchar(255), 
CATEGORY_ varchar(255), 
CREATE_TIME_ timestamp, 
LAST_UPDATE_TIME_ timestamp, 
VERSION_ integer, 
META_INFO_ varchar(4000), 
DEPLOYMENT_ID_ varchar(64), 
EDITOR_SOURCE_VALUE_ID_ varchar(64), 
EDITOR_SOURCE_EXTRA_VALUE_ID_ varchar(64), 
TENANT_ID_ varchar(255) default &apos;&apos;, 
primary key (ID_) 
)
10:44:57,119 [main] DEBUG org.activiti.engine.impl.db.DbSqlSession  - SQL: create table ACT_RU_EXECUTION ( 
ID_ varchar(64), 
REV_ integer, 
PROC_INST_ID_ varchar(64), 
BUSINESS_KEY_ varchar(255), 
PARENT_ID_ varchar(64), 
PROC_DEF_ID_ varchar(64), 
SUPER_EXEC_ varchar(64), 
ACT_ID_ varchar(255), 
IS_ACTIVE_ bit, 
IS_CONCURRENT_ bit, 
IS_SCOPE_ bit, 
IS_EVENT_SCOPE_ bit, 
SUSPENSION_STATE_ integer, 
CACHED_ENT_STATE_ integer, 
TENANT_ID_ varchar(255) default &apos;&apos;, 
NAME_ varchar(255), 
LOCK_TIME_ timestamp, 
primary key (ID_) 
)
10:44:57,119 [main] DEBUG org.activiti.engine.impl.db.DbSqlSession  - SQL: create table ACT_RU_JOB ( 
ID_ varchar(64) NOT NULL, 
REV_ integer, 
TYPE_ varchar(255) NOT NULL, 
LOCK_EXP_TIME_ timestamp, 
LOCK_OWNER_ varchar(255), 
EXCLUSIVE_ boolean, 
EXECUTION_ID_ varchar(64), 
PROCESS_INSTANCE_ID_ varchar(64), 
PROC_DEF_ID_ varchar(64), 
RETRIES_ integer, 
EXCEPTION_STACK_ID_ varchar(64), 
EXCEPTION_MSG_ varchar(4000), 
DUEDATE_ timestamp, 
REPEAT_ varchar(255), 
HANDLER_TYPE_ varchar(255), 
HANDLER_CFG_ varchar(4000), 
TENANT_ID_ varchar(255) default &apos;&apos;, 
primary key (ID_) 
)
10:44:57,119 [main] DEBUG org.activiti.engine.impl.db.DbSqlSession  - SQL: create table ACT_RE_PROCDEF ( 
ID_ varchar(64) NOT NULL, 
REV_ integer, 
CATEGORY_ varchar(255), 
NAME_ varchar(255), 
KEY_ varchar(255) NOT NULL, 
VERSION_ integer NOT NULL, 
DEPLOYMENT_ID_ varchar(64), 
RESOURCE_NAME_ varchar(4000), 
DGRM_RESOURCE_NAME_ varchar(4000), 
DESCRIPTION_ varchar(4000), 
HAS_START_FORM_KEY_ bit, 
HAS_GRAPHICAL_NOTATION_ bit, 
SUSPENSION_STATE_ integer, 
TENANT_ID_ varchar(255) default &apos;&apos;, 
primary key (ID_) 
)
10:44:57,120 [main] DEBUG org.activiti.engine.impl.db.DbSqlSession  - SQL: create table ACT_RU_TASK ( 
ID_ varchar(64), 
REV_ integer, 
EXECUTION_ID_ varchar(64), 
PROC_INST_ID_ varchar(64), 
PROC_DEF_ID_ varchar(64), 
NAME_ varchar(255), 
PARENT_TASK_ID_ varchar(64), 
DESCRIPTION_ varchar(4000), 
TASK_DEF_KEY_ varchar(255), 
OWNER_ varchar(255), 
ASSIGNEE_ varchar(255), 
DELEGATION_ varchar(64), 
PRIORITY_ integer, 
CREATE_TIME_ timestamp, 
DUE_DATE_ timestamp, 
CATEGORY_ varchar(255), 
SUSPENSION_STATE_ integer, 
TENANT_ID_ varchar(255) default &apos;&apos;, 
FORM_KEY_ varchar(255), 
primary key (ID_) 
)
10:44:57,120 [main] DEBUG org.activiti.engine.impl.db.DbSqlSession  - SQL: create table ACT_RU_IDENTITYLINK ( 
ID_ varchar(64), 
REV_ integer, 
GROUP_ID_ varchar(255), 
TYPE_ varchar(255), 
USER_ID_ varchar(255), 
TASK_ID_ varchar(64), 
PROC_INST_ID_ varchar(64) null, 
PROC_DEF_ID_ varchar(64), 
primary key (ID_) 
)
10:44:57,120 [main] DEBUG org.activiti.engine.impl.db.DbSqlSession  - SQL: create table ACT_RU_VARIABLE ( 
ID_ varchar(64) not null, 
REV_ integer, 
TYPE_ varchar(255) not null, 
NAME_ varchar(255) not null, 
EXECUTION_ID_ varchar(64), 
PROC_INST_ID_ varchar(64), 
TASK_ID_ varchar(64), 
BYTEARRAY_ID_ varchar(64), 
DOUBLE_ double, 
LONG_ bigint, 
TEXT_ varchar(4000), 
TEXT2_ varchar(4000), 
primary key (ID_) 
)
10:44:57,120 [main] DEBUG org.activiti.engine.impl.db.DbSqlSession  - SQL: create table ACT_RU_EVENT_SUBSCR ( 
ID_ varchar(64) not null, 
REV_ integer, 
EVENT_TYPE_ varchar(255) not null, 
EVENT_NAME_ varchar(255), 
EXECUTION_ID_ varchar(64), 
PROC_INST_ID_ varchar(64), 
ACTIVITY_ID_ varchar(64), 
CONFIGURATION_ varchar(255), 
CREATED_ timestamp not null, 
PROC_DEF_ID_ varchar(64), 
TENANT_ID_ varchar(255) default &apos;&apos;, 
primary key (ID_) 
)
10:44:57,120 [main] DEBUG org.activiti.engine.impl.db.DbSqlSession  - SQL: create table ACT_EVT_LOG ( 
LOG_NR_ identity, 
TYPE_ varchar(64), 
PROC_DEF_ID_ varchar(64), 
PROC_INST_ID_ varchar(64), 
EXECUTION_ID_ varchar(64), 
TASK_ID_ varchar(64), 
TIME_STAMP_ timestamp not null, 
USER_ID_ varchar(255), 
DATA_ longvarbinary, 
LOCK_OWNER_ varchar(255), 
LOCK_TIME_ timestamp, 
IS_PROCESSED_ bit default 0 
)
10:44:57,120 [main] DEBUG org.activiti.engine.impl.db.DbSqlSession  - SQL: create table ACT_PROCDEF_INFO ( 
ID_ varchar(64) not null, 
PROC_DEF_ID_ varchar(64) not null, 
REV_ integer, 
INFO_JSON_ID_ varchar(64), 
primary key (ID_) 
)
10:44:57,120 [main] DEBUG org.activiti.engine.impl.db.DbSqlSession  - SQL: create index ACT_IDX_EXEC_BUSKEY on ACT_RU_EXECUTION(BUSINESS_KEY_)
10:44:57,120 [main] DEBUG org.activiti.engine.impl.db.DbSqlSession  - SQL: create index ACT_IDX_TASK_CREATE on ACT_RU_TASK(CREATE_TIME_)
10:44:57,120 [main] DEBUG org.activiti.engine.impl.db.DbSqlSession  - SQL: create index ACT_IDX_IDENT_LNK_USER on ACT_RU_IDENTITYLINK(USER_ID_)
10:44:57,120 [main] DEBUG org.activiti.engine.impl.db.DbSqlSession  - SQL: create index ACT_IDX_IDENT_LNK_GROUP on ACT_RU_IDENTITYLINK(GROUP_ID_)
10:44:57,120 [main] DEBUG org.activiti.engine.impl.db.DbSqlSession  - SQL: create index ACT_IDX_EVENT_SUBSCR_CONFIG_ on ACT_RU_EVENT_SUBSCR(CONFIGURATION_)
10:44:57,120 [main] DEBUG org.activiti.engine.impl.db.DbSqlSession  - SQL: create index ACT_IDX_VARIABLE_TASK_ID on ACT_RU_VARIABLE(TASK_ID_)
10:44:57,120 [main] DEBUG org.activiti.engine.impl.db.DbSqlSession  - SQL: create index ACT_IDX_ATHRZ_PROCEDEF on ACT_RU_IDENTITYLINK(PROC_DEF_ID_)
10:44:57,120 [main] DEBUG org.activiti.engine.impl.db.DbSqlSession  - SQL: create index ACT_IDX_INFO_PROCDEF on ACT_PROCDEF_INFO(PROC_DEF_ID_)
10:44:57,120 [main] DEBUG org.activiti.engine.impl.db.DbSqlSession  - SQL: alter table ACT_GE_BYTEARRAY 
add constraint ACT_FK_BYTEARR_DEPL 
foreign key (DEPLOYMENT_ID_) 
references ACT_RE_DEPLOYMENT
10:44:57,120 [main] DEBUG org.activiti.engine.impl.db.DbSqlSession  - SQL: alter table ACT_RE_PROCDEF 
add constraint ACT_UNIQ_PROCDEF 
unique (KEY_,VERSION_, TENANT_ID_)
10:44:57,120 [main] DEBUG org.activiti.engine.impl.db.DbSqlSession  - SQL: alter table ACT_RU_EXECUTION 
add constraint ACT_FK_EXE_PROCINST 
foreign key (PROC_INST_ID_) 
references ACT_RU_EXECUTION
10:44:57,120 [main] DEBUG org.activiti.engine.impl.db.DbSqlSession  - SQL: alter table ACT_RU_EXECUTION 
add constraint ACT_FK_EXE_PARENT 
foreign key (PARENT_ID_) 
references ACT_RU_EXECUTION
10:44:57,120 [main] DEBUG org.activiti.engine.impl.db.DbSqlSession  - SQL: alter table ACT_RU_EXECUTION 
add constraint ACT_FK_EXE_SUPER 
foreign key (SUPER_EXEC_) 
references ACT_RU_EXECUTION
10:44:57,120 [main] DEBUG org.activiti.engine.impl.db.DbSqlSession  - SQL: alter table ACT_RU_EXECUTION 
add constraint ACT_FK_EXE_PROCDEF 
foreign key (PROC_DEF_ID_) 
references ACT_RE_PROCDEF (ID_)
10:44:57,120 [main] DEBUG org.activiti.engine.impl.db.DbSqlSession  - SQL: alter table ACT_RU_IDENTITYLINK 
add constraint ACT_FK_TSKASS_TASK 
foreign key (TASK_ID_) 
references ACT_RU_TASK
10:44:57,120 [main] DEBUG org.activiti.engine.impl.db.DbSqlSession  - SQL: alter table ACT_RU_IDENTITYLINK 
add constraint ACT_FK_ATHRZ_PROCEDEF 
foreign key (PROC_DEF_ID_) 
references ACT_RE_PROCDEF
10:44:57,120 [main] DEBUG org.activiti.engine.impl.db.DbSqlSession  - SQL: alter table ACT_RU_IDENTITYLINK 
add constraint ACT_FK_IDL_PROCINST 
foreign key (PROC_INST_ID_) 
references ACT_RU_EXECUTION (ID_)
10:44:57,121 [main] DEBUG org.activiti.engine.impl.db.DbSqlSession  - SQL: alter table ACT_RU_TASK 
add constraint ACT_FK_TASK_EXE 
foreign key (EXECUTION_ID_) 
references ACT_RU_EXECUTION
10:44:57,121 [main] DEBUG org.activiti.engine.impl.db.DbSqlSession  - SQL: alter table ACT_RU_TASK 
add constraint ACT_FK_TASK_PROCINST 
foreign key (PROC_INST_ID_) 
references ACT_RU_EXECUTION
10:44:57,121 [main] DEBUG org.activiti.engine.impl.db.DbSqlSession  - SQL: alter table ACT_RU_TASK 
add constraint ACT_FK_TASK_PROCDEF 
foreign key (PROC_DEF_ID_) 
references ACT_RE_PROCDEF
10:44:57,121 [main] DEBUG org.activiti.engine.impl.db.DbSqlSession  - SQL: alter table ACT_RU_VARIABLE 
add constraint ACT_FK_VAR_EXE 
foreign key (EXECUTION_ID_) 
references ACT_RU_EXECUTION
10:44:57,121 [main] DEBUG org.activiti.engine.impl.db.DbSqlSession  - SQL: alter table ACT_RU_VARIABLE 
add constraint ACT_FK_VAR_PROCINST 
foreign key (PROC_INST_ID_) 
references ACT_RU_EXECUTION
10:44:57,121 [main] DEBUG org.activiti.engine.impl.db.DbSqlSession  - SQL: alter table ACT_RU_VARIABLE 
add constraint ACT_FK_VAR_BYTEARRAY 
foreign key (BYTEARRAY_ID_) 
references ACT_GE_BYTEARRAY
10:44:57,121 [main] DEBUG org.activiti.engine.impl.db.DbSqlSession  - SQL: alter table ACT_RU_JOB 
add constraint ACT_FK_JOB_EXCEPTION 
foreign key (EXCEPTION_STACK_ID_) 
references ACT_GE_BYTEARRAY
10:44:57,121 [main] DEBUG org.activiti.engine.impl.db.DbSqlSession  - SQL: alter table ACT_RU_EVENT_SUBSCR 
add constraint ACT_FK_EVENT_EXEC 
foreign key (EXECUTION_ID_) 
references ACT_RU_EXECUTION
10:44:57,121 [main] DEBUG org.activiti.engine.impl.db.DbSqlSession  - SQL: alter table ACT_RE_MODEL 
add constraint ACT_FK_MODEL_SOURCE 
foreign key (EDITOR_SOURCE_VALUE_ID_) 
references ACT_GE_BYTEARRAY (ID_)
10:44:57,121 [main] DEBUG org.activiti.engine.impl.db.DbSqlSession  - SQL: alter table ACT_RE_MODEL 
add constraint ACT_FK_MODEL_SOURCE_EXTRA 
foreign key (EDITOR_SOURCE_EXTRA_VALUE_ID_) 
references ACT_GE_BYTEARRAY (ID_)
10:44:57,121 [main] DEBUG org.activiti.engine.impl.db.DbSqlSession  - SQL: alter table ACT_RE_MODEL 
add constraint ACT_FK_MODEL_DEPLOYMENT 
foreign key (DEPLOYMENT_ID_) 
references ACT_RE_DEPLOYMENT (ID_)
10:44:57,121 [main] DEBUG org.activiti.engine.impl.db.DbSqlSession  - SQL: alter table ACT_PROCDEF_INFO 
add constraint ACT_FK_INFO_JSON_BA 
foreign key (INFO_JSON_ID_) 
references ACT_GE_BYTEARRAY (ID_)
10:44:57,121 [main] DEBUG org.activiti.engine.impl.db.DbSqlSession  - SQL: alter table ACT_PROCDEF_INFO 
add constraint ACT_FK_INFO_PROCDEF 
foreign key (PROC_DEF_ID_) 
references ACT_RE_PROCDEF (ID_)
10:44:57,121 [main] DEBUG org.activiti.engine.impl.db.DbSqlSession  - SQL: alter table ACT_PROCDEF_INFO 
add constraint ACT_UNIQ_INFO_PROCDEF 
unique (PROC_DEF_ID_)
10:44:57,121 [main] DEBUG org.activiti.engine.impl.db.DbSqlSession  - activiti db schema create for component engine successful
10:44:57,122 [main] INFO  org.activiti.engine.impl.db.DbSqlSession  - performing create on history with resource org/activiti/db/create/activiti.h2.create.history.sql
10:44:57,122 [main] DEBUG org.activiti.engine.impl.db.DbSqlSession  - SQL: create table ACT_HI_PROCINST ( 
ID_ varchar(64) not null, 
PROC_INST_ID_ varchar(64) not null, 
BUSINESS_KEY_ varchar(255), 
PROC_DEF_ID_ varchar(64) not null, 
START_TIME_ timestamp not null, 
END_TIME_ timestamp, 
DURATION_ bigint, 
START_USER_ID_ varchar(255), 
START_ACT_ID_ varchar(255), 
END_ACT_ID_ varchar(255), 
SUPER_PROCESS_INSTANCE_ID_ varchar(64), 
DELETE_REASON_ varchar(4000), 
TENANT_ID_ varchar(255) default &apos;&apos;, 
NAME_ varchar(255), 
primary key (ID_), 
unique (PROC_INST_ID_) 
)
10:44:57,122 [main] DEBUG org.activiti.engine.impl.db.DbSqlSession  - SQL: create table ACT_HI_ACTINST ( 
ID_ varchar(64) not null, 
PROC_DEF_ID_ varchar(64) not null, 
PROC_INST_ID_ varchar(64) not null, 
EXECUTION_ID_ varchar(64) not null, 
ACT_ID_ varchar(255) not null, 
TASK_ID_ varchar(64), 
CALL_PROC_INST_ID_ varchar(64), 
ACT_NAME_ varchar(255), 
ACT_TYPE_ varchar(255) not null, 
ASSIGNEE_ varchar(255), 
START_TIME_ timestamp not null, 
END_TIME_ timestamp, 
DURATION_ bigint, 
TENANT_ID_ varchar(255) default &apos;&apos;, 
primary key (ID_) 
)
10:44:57,122 [main] DEBUG org.activiti.engine.impl.db.DbSqlSession  - SQL: create table ACT_HI_TASKINST ( 
ID_ varchar(64) not null, 
PROC_DEF_ID_ varchar(64), 
TASK_DEF_KEY_ varchar(255), 
PROC_INST_ID_ varchar(64), 
EXECUTION_ID_ varchar(64), 
NAME_ varchar(255), 
PARENT_TASK_ID_ varchar(64), 
DESCRIPTION_ varchar(4000), 
OWNER_ varchar(255), 
ASSIGNEE_ varchar(255), 
START_TIME_ timestamp not null, 
CLAIM_TIME_ timestamp, 
END_TIME_ timestamp, 
DURATION_ bigint, 
DELETE_REASON_ varchar(4000), 
PRIORITY_ integer, 
DUE_DATE_ timestamp, 
FORM_KEY_ varchar(255), 
CATEGORY_ varchar(255), 
TENANT_ID_ varchar(255) default &apos;&apos;, 
primary key (ID_) 
)
10:44:57,122 [main] DEBUG org.activiti.engine.impl.db.DbSqlSession  - SQL: create table ACT_HI_VARINST ( 
ID_ varchar(64) not null, 
PROC_INST_ID_ varchar(64), 
EXECUTION_ID_ varchar(64), 
TASK_ID_ varchar(64), 
NAME_ varchar(255) not null, 
VAR_TYPE_ varchar(100), 
REV_ integer, 
BYTEARRAY_ID_ varchar(64), 
DOUBLE_ double, 
LONG_ bigint, 
TEXT_ varchar(4000), 
TEXT2_ varchar(4000), 
CREATE_TIME_ timestamp, 
LAST_UPDATED_TIME_ timestamp, 
primary key (ID_) 
)
10:44:57,122 [main] DEBUG org.activiti.engine.impl.db.DbSqlSession  - SQL: create table ACT_HI_DETAIL ( 
ID_ varchar(64) not null, 
TYPE_ varchar(255) not null, 
TIME_ timestamp not null, 
NAME_ varchar(255), 
PROC_INST_ID_ varchar(64), 
EXECUTION_ID_ varchar(64), 
TASK_ID_ varchar(64), 
ACT_INST_ID_ varchar(64), 
VAR_TYPE_ varchar(255), 
REV_ integer, 
BYTEARRAY_ID_ varchar(64), 
DOUBLE_ double, 
LONG_ bigint, 
TEXT_ varchar(4000), 
TEXT2_ varchar(4000), 
primary key (ID_) 
)
10:44:57,122 [main] DEBUG org.activiti.engine.impl.db.DbSqlSession  - SQL: create table ACT_HI_COMMENT ( 
ID_ varchar(64) not null, 
TYPE_ varchar(255), 
TIME_ timestamp not null, 
USER_ID_ varchar(255), 
TASK_ID_ varchar(64), 
PROC_INST_ID_ varchar(64), 
ACTION_ varchar(255), 
MESSAGE_ varchar(4000), 
FULL_MSG_ longvarbinary, 
primary key (ID_) 
)
10:44:57,122 [main] DEBUG org.activiti.engine.impl.db.DbSqlSession  - SQL: create table ACT_HI_ATTACHMENT ( 
ID_ varchar(64) not null, 
REV_ integer, 
USER_ID_ varchar(255), 
NAME_ varchar(255), 
DESCRIPTION_ varchar(4000), 
TYPE_ varchar(255), 
TASK_ID_ varchar(64), 
PROC_INST_ID_ varchar(64), 
URL_ varchar(4000), 
CONTENT_ID_ varchar(64), 
TIME_ timestamp, 
primary key (ID_) 
)
10:44:57,122 [main] DEBUG org.activiti.engine.impl.db.DbSqlSession  - SQL: create table ACT_HI_IDENTITYLINK ( 
ID_ varchar(64), 
GROUP_ID_ varchar(255), 
TYPE_ varchar(255), 
USER_ID_ varchar(255), 
TASK_ID_ varchar(64), 
PROC_INST_ID_ varchar(64) null, 
primary key (ID_) 
)
10:44:57,122 [main] DEBUG org.activiti.engine.impl.db.DbSqlSession  - SQL: create index ACT_IDX_HI_PRO_INST_END on ACT_HI_PROCINST(END_TIME_)
10:44:57,122 [main] DEBUG org.activiti.engine.impl.db.DbSqlSession  - SQL: create index ACT_IDX_HI_PRO_I_BUSKEY on ACT_HI_PROCINST(BUSINESS_KEY_)
10:44:57,122 [main] DEBUG org.activiti.engine.impl.db.DbSqlSession  - SQL: create index ACT_IDX_HI_ACT_INST_START on ACT_HI_ACTINST(START_TIME_)
10:44:57,122 [main] DEBUG org.activiti.engine.impl.db.DbSqlSession  - SQL: create index ACT_IDX_HI_ACT_INST_END on ACT_HI_ACTINST(END_TIME_)
10:44:57,122 [main] DEBUG org.activiti.engine.impl.db.DbSqlSession  - SQL: create index ACT_IDX_HI_DETAIL_PROC_INST on ACT_HI_DETAIL(PROC_INST_ID_)
10:44:57,122 [main] DEBUG org.activiti.engine.impl.db.DbSqlSession  - SQL: create index ACT_IDX_HI_DETAIL_ACT_INST on ACT_HI_DETAIL(ACT_INST_ID_)
10:44:57,122 [main] DEBUG org.activiti.engine.impl.db.DbSqlSession  - SQL: create index ACT_IDX_HI_DETAIL_TIME on ACT_HI_DETAIL(TIME_)
10:44:57,122 [main] DEBUG org.activiti.engine.impl.db.DbSqlSession  - SQL: create index ACT_IDX_HI_DETAIL_NAME on ACT_HI_DETAIL(NAME_)
10:44:57,122 [main] DEBUG org.activiti.engine.impl.db.DbSqlSession  - SQL: create index ACT_IDX_HI_DETAIL_TASK_ID on ACT_HI_DETAIL(TASK_ID_)
10:44:57,122 [main] DEBUG org.activiti.engine.impl.db.DbSqlSession  - SQL: create index ACT_IDX_HI_PROCVAR_PROC_INST on ACT_HI_VARINST(PROC_INST_ID_)
10:44:57,122 [main] DEBUG org.activiti.engine.impl.db.DbSqlSession  - SQL: create index ACT_IDX_HI_PROCVAR_NAME_TYPE on ACT_HI_VARINST(NAME_, VAR_TYPE_)
10:44:57,122 [main] DEBUG org.activiti.engine.impl.db.DbSqlSession  - SQL: create index ACT_IDX_HI_PROCVAR_TASK_ID on ACT_HI_VARINST(TASK_ID_)
10:44:57,122 [main] DEBUG org.activiti.engine.impl.db.DbSqlSession  - SQL: create index ACT_IDX_HI_ACT_INST_PROCINST on ACT_HI_ACTINST(PROC_INST_ID_, ACT_ID_)
10:44:57,122 [main] DEBUG org.activiti.engine.impl.db.DbSqlSession  - SQL: create index ACT_IDX_HI_IDENT_LNK_USER on ACT_HI_IDENTITYLINK(USER_ID_)
10:44:57,122 [main] DEBUG org.activiti.engine.impl.db.DbSqlSession  - SQL: create index ACT_IDX_HI_IDENT_LNK_TASK on ACT_HI_IDENTITYLINK(TASK_ID_)
10:44:57,122 [main] DEBUG org.activiti.engine.impl.db.DbSqlSession  - SQL: create index ACT_IDX_HI_IDENT_LNK_PROCINST on ACT_HI_IDENTITYLINK(PROC_INST_ID_)
10:44:57,122 [main] DEBUG org.activiti.engine.impl.db.DbSqlSession  - SQL: create index ACT_IDX_HI_ACT_INST_EXEC on ACT_HI_ACTINST(EXECUTION_ID_, ACT_ID_)
10:44:57,122 [main] DEBUG org.activiti.engine.impl.db.DbSqlSession  - SQL: create index ACT_IDX_HI_TASK_INST_PROCINST on ACT_HI_TASKINST(PROC_INST_ID_)
10:44:57,122 [main] DEBUG org.activiti.engine.impl.db.DbSqlSession  - activiti db schema create for component history successful
10:44:57,122 [main] INFO  org.activiti.engine.impl.db.DbSqlSession  - performing create on identity with resource org/activiti/db/create/activiti.h2.create.identity.sql
10:44:57,122 [main] DEBUG org.activiti.engine.impl.db.DbSqlSession  - SQL: create table ACT_ID_GROUP ( 
ID_ varchar(64), 
REV_ integer, 
NAME_ varchar(255), 
TYPE_ varchar(255), 
primary key (ID_) 
)
10:44:57,123 [main] DEBUG org.activiti.engine.impl.db.DbSqlSession  - SQL: create table ACT_ID_MEMBERSHIP ( 
USER_ID_ varchar(64), 
GROUP_ID_ varchar(64), 
primary key (USER_ID_, GROUP_ID_) 
)
10:44:57,123 [main] DEBUG org.activiti.engine.impl.db.DbSqlSession  - SQL: create table ACT_ID_USER ( 
ID_ varchar(64), 
REV_ integer, 
FIRST_ varchar(255), 
LAST_ varchar(255), 
EMAIL_ varchar(255), 
PWD_ varchar(255), 
PICTURE_ID_ varchar(64), 
primary key (ID_) 
)
10:44:57,123 [main] DEBUG org.activiti.engine.impl.db.DbSqlSession  - SQL: create table ACT_ID_INFO ( 
ID_ varchar(64), 
REV_ integer, 
USER_ID_ varchar(64), 
TYPE_ varchar(64), 
KEY_ varchar(255), 
VALUE_ varchar(255), 
PASSWORD_ longvarbinary, 
PARENT_ID_ varchar(255), 
primary key (ID_) 
)
10:44:57,123 [main] DEBUG org.activiti.engine.impl.db.DbSqlSession  - SQL: alter table ACT_ID_MEMBERSHIP 
add constraint ACT_FK_MEMB_GROUP 
foreign key (GROUP_ID_) 
references ACT_ID_GROUP
10:44:57,123 [main] DEBUG org.activiti.engine.impl.db.DbSqlSession  - SQL: alter table ACT_ID_MEMBERSHIP 
add constraint ACT_FK_MEMB_USER 
foreign key (USER_ID_) 
references ACT_ID_USER
10:44:57,123 [main] DEBUG org.activiti.engine.impl.db.DbSqlSession  - activiti db schema create for component identity successful
10:44:57,123 [main] DEBUG org.activiti.engine.impl.db.DbSqlSession  - flush summary: 0 insert, 0 update, 0 delete.
10:44:57,123 [main] DEBUG org.activiti.engine.impl.db.DbSqlSession  - now executing flush...
10:44:57,123 [main] DEBUG org.activiti.engine.impl.cfg.standalone.StandaloneMybatisTransactionContext  - firing event committing...
10:44:57,123 [main] DEBUG org.activiti.engine.impl.cfg.standalone.StandaloneMybatisTransactionContext  - committing the ibatis sql session...
10:44:57,123 [main] DEBUG org.activiti.engine.impl.cfg.standalone.StandaloneMybatisTransactionContext  - firing event committed...
10:44:57,123 [main] DEBUG org.apache.ibatis.transaction.jdbc.JdbcTransaction  - Resetting autocommit to true on JDBC Connection [conn3: url=jdbc:h2:mem:activiti user=SA]
10:44:57,123 [main] DEBUG org.apache.ibatis.transaction.jdbc.JdbcTransaction  - Closing JDBC Connection [conn3: url=jdbc:h2:mem:activiti user=SA]
10:44:57,123 [main] DEBUG org.apache.ibatis.datasource.pooled.PooledDataSource  - Returned connection 180014677 to pool.
10:44:57,123 [main] DEBUG org.activiti.engine.impl.interceptor.LogInterceptor  - ---  finished --------------------------------------------------------
10:44:57,123 [main] DEBUG org.activiti.engine.impl.interceptor.LogInterceptor  - 

</system-out>
  </testcase>
  <testcase classname="org.activiti.engine.test.api.mgmt.JobQueryTest" name="testQueryByException" time="0.026">
    <error message="
### Error querying database.  Cause: org.h2.jdbc.JdbcSQLException: Syntax error in SQL statement &quot;SELECT RES.* 
       
    FROM ACT_RE_PROCDEF RES
     
     WHERE  RES.DEPLOYMENT_ID_ = ? 
   
     ORDER BY  ORDER[*] BY RES.ID_ ASC  
    LIMIT ? OFFSET ? &quot;; expected &quot;=, NOT, EXISTS, INTERSECTS, SELECT, FROM&quot;; SQL statement:
select RES.* 
       
    from ACT_RE_PROCDEF RES
     
     WHERE  RES.DEPLOYMENT_ID_ = ? 
   
     order by  order by RES.ID_ asc  
    LIMIT ? OFFSET ? [42001-176]
### The error may exist in org/activiti/db/mapping/entity/ProcessDefinition.xml
### The error may involve org.activiti.engine.impl.persistence.entity.ProcessDefinitionEntity.selectProcessDefinitionsByQueryCriteria
### The error occurred while executing a query
### SQL: select RES.*              from ACT_RE_PROCDEF RES            WHERE  RES.DEPLOYMENT_ID_ = ?           order by  order by RES.ID_ asc       LIMIT ? OFFSET ?
### Cause: org.h2.jdbc.JdbcSQLException: Syntax error in SQL statement &quot;SELECT RES.* 
       
    FROM ACT_RE_PROCDEF RES
     
     WHERE  RES.DEPLOYMENT_ID_ = ? 
   
     ORDER BY  ORDER[*] BY RES.ID_ ASC  
    LIMIT ? OFFSET ? &quot;; expected &quot;=, NOT, EXISTS, INTERSECTS, SELECT, FROM&quot;; SQL statement:
select RES.* 
       
    from ACT_RE_PROCDEF RES
     
     WHERE  RES.DEPLOYMENT_ID_ = ? 
   
     order by  order by RES.ID_ asc  
    LIMIT ? OFFSET ? [42001-176]" type="org.apache.ibatis.exceptions.PersistenceException">org.apache.ibatis.exceptions.PersistenceException: 
### Error querying database.  Cause: org.h2.jdbc.JdbcSQLException: Syntax error in SQL statement &quot;SELECT RES.* 
       
    FROM ACT_RE_PROCDEF RES
     
     WHERE  RES.DEPLOYMENT_ID_ = ? 
   
     ORDER BY  ORDER[*] BY RES.ID_ ASC  
    LIMIT ? OFFSET ? &quot;; expected &quot;=, NOT, EXISTS, INTERSECTS, SELECT, FROM&quot;; SQL statement:
select RES.* 
       
    from ACT_RE_PROCDEF RES
     
     WHERE  RES.DEPLOYMENT_ID_ = ? 
   
     order by  order by RES.ID_ asc  
    LIMIT ? OFFSET ? [42001-176]
### The error may exist in org/activiti/db/mapping/entity/ProcessDefinition.xml
### The error may involve org.activiti.engine.impl.persistence.entity.ProcessDefinitionEntity.selectProcessDefinitionsByQueryCriteria
### The error occurred while executing a query
### SQL: select RES.*              from ACT_RE_PROCDEF RES            WHERE  RES.DEPLOYMENT_ID_ = ?           order by  order by RES.ID_ asc       LIMIT ? OFFSET ?
### Cause: org.h2.jdbc.JdbcSQLException: Syntax error in SQL statement &quot;SELECT RES.* 
       
    FROM ACT_RE_PROCDEF RES
     
     WHERE  RES.DEPLOYMENT_ID_ = ? 
   
     ORDER BY  ORDER[*] BY RES.ID_ ASC  
    LIMIT ? OFFSET ? &quot;; expected &quot;=, NOT, EXISTS, INTERSECTS, SELECT, FROM&quot;; SQL statement:
select RES.* 
       
    from ACT_RE_PROCDEF RES
     
     WHERE  RES.DEPLOYMENT_ID_ = ? 
   
     order by  order by RES.ID_ asc  
    LIMIT ? OFFSET ? [42001-176]
	at org.apache.ibatis.exceptions.ExceptionFactory.wrapException(ExceptionFactory.java:30)
	at org.apache.ibatis.session.defaults.DefaultSqlSession.selectList(DefaultSqlSession.java:122)
	at org.apache.ibatis.session.defaults.DefaultSqlSession.selectList(DefaultSqlSession.java:113)
	at org.activiti.engine.impl.db.DbSqlSession.selectListWithRawParameter(DbSqlSession.java:438)
	at org.activiti.engine.impl.db.DbSqlSession.selectList(DbSqlSession.java:429)
	at org.activiti.engine.impl.db.DbSqlSession.selectList(DbSqlSession.java:419)
	at org.activiti.engine.impl.persistence.entity.ProcessDefinitionEntityManager.findProcessDefinitionsByQueryCriteria(ProcessDefinitionEntityManager.java:57)
	at org.activiti.engine.impl.ProcessDefinitionQueryImpl.executeList(ProcessDefinitionQueryImpl.java:307)
	at org.activiti.engine.impl.AbstractQuery.list(AbstractQuery.java:140)
	at org.activiti.engine.impl.persistence.deploy.DeploymentManager.removeDeployment(DeploymentManager.java:187)
	at org.activiti.engine.impl.cmd.DeleteDeploymentCmd.execute(DeleteDeploymentCmd.java:44)
	at org.activiti.engine.impl.cmd.DeleteDeploymentCmd.execute(DeleteDeploymentCmd.java:24)
	at org.activiti.engine.impl.interceptor.CommandInvoker.execute(CommandInvoker.java:24)
	at org.activiti.engine.impl.interceptor.CommandContextInterceptor.execute(CommandContextInterceptor.java:57)
	at org.activiti.engine.impl.interceptor.LogInterceptor.execute(LogInterceptor.java:37)
	at org.activiti.engine.impl.cfg.CommandExecutorImpl.execute(CommandExecutorImpl.java:40)
	at org.activiti.engine.impl.cfg.CommandExecutorImpl.execute(CommandExecutorImpl.java:35)
	at org.activiti.engine.impl.RepositoryServiceImpl.deleteDeployment(RepositoryServiceImpl.java:90)
	at org.activiti.engine.impl.test.TestHelper.annotationDeploymentTearDown(TestHelper.java:116)
	at org.activiti.engine.impl.test.AbstractActivitiTestCase.runBare(AbstractActivitiTestCase.java:116)
	at junit.framework.TestResult$1.protect(TestResult.java:122)
	at junit.framework.TestResult.runProtected(TestResult.java:142)
	at junit.framework.TestResult.run(TestResult.java:125)
	at junit.framework.TestCase.run(TestCase.java:129)
	at junit.framework.TestSuite.runTest(TestSuite.java:255)
	at junit.framework.TestSuite.run(TestSuite.java:250)
	at org.junit.internal.runners.JUnit38ClassRunner.run(JUnit38ClassRunner.java:84)
	at org.apache.maven.surefire.junit4.JUnit4TestSet.execute(JUnit4TestSet.java:35)
	at org.apache.maven.surefire.junit4.JUnit4Provider.executeTestSet(JUnit4Provider.java:146)
	at org.apache.maven.surefire.junit4.JUnit4Provider.invoke(JUnit4Provider.java:97)
	at sun.reflect.NativeMethodAccessorImpl.invoke0(Native Method)
	at sun.reflect.NativeMethodAccessorImpl.invoke(NativeMethodAccessorImpl.java:62)
	at sun.reflect.DelegatingMethodAccessorImpl.invoke(DelegatingMethodAccessorImpl.java:43)
	at java.lang.reflect.Method.invoke(Method.java:498)
	at org.apache.maven.surefire.booter.ProviderFactory$ClassLoaderProxy.invoke(ProviderFactory.java:103)
	at com.sun.proxy.$Proxy0.invoke(Unknown Source)
	at org.apache.maven.surefire.booter.SurefireStarter.invokeProvider(SurefireStarter.java:145)
	at org.apache.maven.surefire.booter.SurefireStarter.runSuitesInProcess(SurefireStarter.java:87)
	at org.apache.maven.surefire.booter.ForkedBooter.main(ForkedBooter.java:69)
Caused by: org.h2.jdbc.JdbcSQLException: Syntax error in SQL statement &quot;SELECT RES.* 
       
    FROM ACT_RE_PROCDEF RES
     
     WHERE  RES.DEPLOYMENT_ID_ = ? 
   
     ORDER BY  ORDER[*] BY RES.ID_ ASC  
    LIMIT ? OFFSET ? &quot;; expected &quot;=, NOT, EXISTS, INTERSECTS, SELECT, FROM&quot;; SQL statement:
select RES.* 
       
    from ACT_RE_PROCDEF RES
     
     WHERE  RES.DEPLOYMENT_ID_ = ? 
   
     order by  order by RES.ID_ asc  
    LIMIT ? OFFSET ? [42001-176]
	at org.h2.message.DbException.getJdbcSQLException(DbException.java:344)
	at org.h2.message.DbException.getSyntaxError(DbException.java:204)
	at org.h2.command.Parser.getSyntaxError(Parser.java:524)
	at org.h2.command.Parser.readTerm(Parser.java:2688)
	at org.h2.command.Parser.readFactor(Parser.java:2244)
	at org.h2.command.Parser.readSum(Parser.java:2231)
	at org.h2.command.Parser.readConcat(Parser.java:2201)
	at org.h2.command.Parser.readCondition(Parser.java:2051)
	at org.h2.command.Parser.readAnd(Parser.java:2023)
	at org.h2.command.Parser.readExpression(Parser.java:2015)
	at org.h2.command.Parser.parseEndOfQuery(Parser.java:1726)
	at org.h2.command.Parser.parseSelectUnionExtension(Parser.java:1706)
	at org.h2.command.Parser.parseSelectUnion(Parser.java:1675)
	at org.h2.command.Parser.parseSelect(Parser.java:1662)
	at org.h2.command.Parser.parsePrepared(Parser.java:434)
	at org.h2.command.Parser.parse(Parser.java:306)
	at org.h2.command.Parser.parse(Parser.java:282)
	at org.h2.command.Parser.prepareCommand(Parser.java:243)
	at org.h2.engine.Session.prepareLocal(Session.java:442)
	at org.h2.engine.Session.prepareCommand(Session.java:384)
	at org.h2.jdbc.JdbcConnection.prepareCommand(JdbcConnection.java:1188)
	at org.h2.jdbc.JdbcPreparedStatement.&lt;init&gt;(JdbcPreparedStatement.java:73)
	at org.h2.jdbc.JdbcConnection.prepareStatement(JdbcConnection.java:276)
	at sun.reflect.GeneratedMethodAccessor6.invoke(Unknown Source)
	at sun.reflect.DelegatingMethodAccessorImpl.invoke(DelegatingMethodAccessorImpl.java:43)
	at java.lang.reflect.Method.invoke(Method.java:498)
	at org.apache.ibatis.datasource.pooled.PooledConnection.invoke(PooledConnection.java:245)
	at com.sun.proxy.$Proxy12.prepareStatement(Unknown Source)
	at sun.reflect.GeneratedMethodAccessor6.invoke(Unknown Source)
	at sun.reflect.DelegatingMethodAccessorImpl.invoke(DelegatingMethodAccessorImpl.java:43)
	at java.lang.reflect.Method.invoke(Method.java:498)
	at org.apache.ibatis.logging.jdbc.ConnectionLogger.invoke(ConnectionLogger.java:55)
	at com.sun.proxy.$Proxy12.prepareStatement(Unknown Source)
	at org.apache.ibatis.executor.statement.PreparedStatementHandler.instantiateStatement(PreparedStatementHandler.java:79)
	at org.apache.ibatis.executor.statement.BaseStatementHandler.prepare(BaseStatementHandler.java:88)
	at org.apache.ibatis.executor.statement.RoutingStatementHandler.prepare(RoutingStatementHandler.java:58)
	at org.apache.ibatis.executor.SimpleExecutor.prepareStatement(SimpleExecutor.java:76)
	at org.apache.ibatis.executor.SimpleExecutor.doQuery(SimpleExecutor.java:61)
	at org.apache.ibatis.executor.BaseExecutor.queryFromDatabase(BaseExecutor.java:303)
	at org.apache.ibatis.executor.BaseExecutor.query(BaseExecutor.java:154)
	at org.apache.ibatis.executor.CachingExecutor.query(CachingExecutor.java:102)
	at org.apache.ibatis.executor.CachingExecutor.query(CachingExecutor.java:82)
	at org.apache.ibatis.session.defaults.DefaultSqlSession.selectList(DefaultSqlSession.java:120)
	... 37 more
</error>
    <system-out>10:44:57,123 [main] DEBUG org.activiti.engine.impl.test.TestHelper  - annotation @Deployment creates deployment for JobQueryTest.testQueryByException
10:44:57,124 [main] DEBUG org.activiti.engine.impl.interceptor.LogInterceptor  - 

10:44:57,124 [main] DEBUG org.activiti.engine.impl.interceptor.LogInterceptor  - --- starting DeployCmd --------------------------------------------------------
10:44:57,124 [main] DEBUG org.activiti.engine.impl.bpmn.deployer.BpmnDeployer  - Processing deployment JobQueryTest.testQueryByException
10:44:57,124 [main] INFO  org.activiti.engine.impl.bpmn.deployer.BpmnDeployer  - Processing resource org/activiti/engine/test/api/mgmt/ManagementServiceTest.testGetJobExceptionStacktrace.bpmn20.xml
10:44:57,128 [main] DEBUG org.activiti.engine.impl.bpmn.parser.handler.ProcessParseHandler  - Parsing process exceptionInJobExecution
10:44:57,128 [main] DEBUG org.activiti.engine.impl.bpmn.parser.handler.AbstractBpmnParseHandler  - Parsing activity firstLineSupport
10:44:57,128 [main] DEBUG org.activiti.engine.impl.bpmn.parser.handler.AbstractBpmnParseHandler  - Parsing activity theScriptTask
10:44:57,128 [main] DEBUG org.activiti.engine.impl.bpmn.parser.handler.AbstractBpmnParseHandler  - Parsing activity theStart
10:44:57,128 [main] DEBUG org.activiti.engine.impl.bpmn.parser.handler.AbstractBpmnParseHandler  - Parsing activity normalEnd
10:44:57,128 [main] DEBUG org.activiti.engine.impl.bpmn.parser.handler.AbstractBpmnParseHandler  - Parsing activity escalatedEnd
10:44:57,128 [main] DEBUG org.activiti.engine.impl.bpmn.parser.handler.AbstractBpmnParseHandler  - Parsing activity escalationTimer
10:44:57,129 [main] DEBUG org.apache.ibatis.transaction.jdbc.JdbcTransaction  - Opening JDBC Connection
10:44:57,129 [main] DEBUG org.apache.ibatis.datasource.pooled.PooledDataSource  - Checked out connection 297240765 from pool.
10:44:57,129 [main] DEBUG org.apache.ibatis.transaction.jdbc.JdbcTransaction  - Setting autocommit to false on JDBC Connection [conn4: url=jdbc:h2:mem:activiti user=SA]
10:44:57,129 [main] DEBUG org.activiti.engine.impl.persistence.entity.ProcessDefinitionEntity.selectLatestProcessDefinitionByKey  - ==&gt;  Preparing: select * from ACT_RE_PROCDEF where KEY_ = ? and (TENANT_ID_ = &apos;&apos; or TENANT_ID_ is null) and VERSION_ = (select max(VERSION_) from ACT_RE_PROCDEF where KEY_ = ? and (TENANT_ID_ = &apos;&apos; or TENANT_ID_ is null)) 
10:44:57,129 [main] DEBUG org.activiti.engine.impl.persistence.entity.ProcessDefinitionEntity.selectLatestProcessDefinitionByKey  - ==&gt; Parameters: exceptionInJobExecution(String), exceptionInJobExecution(String)
10:44:57,129 [main] DEBUG org.activiti.engine.impl.persistence.entity.ProcessDefinitionEntity.selectLatestProcessDefinitionByKey  - &lt;==      Total: 0
10:44:57,129 [main] DEBUG org.activiti.engine.impl.persistence.entity.JobEntity.selectJobByTypeAndProcessDefinitionKeyNoTenantId  - ==&gt;  Preparing: select J.* from ACT_RU_JOB J inner join ACT_RE_PROCDEF P on J.PROC_DEF_ID_ = P.ID_ where J.HANDLER_TYPE_ = ? and P.KEY_ = ? and (P.TENANT_ID_ = &apos;&apos; or P.TENANT_ID_ is null) 
10:44:57,129 [main] DEBUG org.activiti.engine.impl.persistence.entity.JobEntity.selectJobByTypeAndProcessDefinitionKeyNoTenantId  - ==&gt; Parameters: timer-start-event(String), exceptionInJobExecution(String)
10:44:57,129 [main] DEBUG org.activiti.engine.impl.persistence.entity.JobEntity.selectJobByTypeAndProcessDefinitionKeyNoTenantId  - &lt;==      Total: 0
10:44:57,129 [main] DEBUG org.activiti.engine.impl.persistence.entity.ProcessDefinitionInfoEntity.selectProcessDefinitionInfoByProcessDefinitionId  - ==&gt;  Preparing: select * from ACT_PROCDEF_INFO where PROC_DEF_ID_ = ? 
10:44:57,129 [main] DEBUG org.activiti.engine.impl.persistence.entity.ProcessDefinitionInfoEntity.selectProcessDefinitionInfoByProcessDefinitionId  - ==&gt; Parameters: exceptionInJobExecution:1:1591(String)
10:44:57,129 [main] DEBUG org.activiti.engine.impl.persistence.entity.ProcessDefinitionInfoEntity.selectProcessDefinitionInfoByProcessDefinitionId  - &lt;==      Total: 0
10:44:57,129 [main] DEBUG org.activiti.engine.impl.interceptor.LogInterceptor  - 

10:44:57,129 [main] DEBUG org.activiti.engine.impl.interceptor.LogInterceptor  - --- starting GetProcessDefinitionInfoCmd --------------------------------------------------------
10:44:57,129 [main] DEBUG org.activiti.engine.impl.interceptor.CommandContextInterceptor  - Valid context found. Reusing it for the current command &apos;org.activiti.engine.impl.cmd.GetProcessDefinitionInfoCmd&apos;
10:44:57,129 [main] DEBUG org.activiti.engine.impl.interceptor.LogInterceptor  - 

10:44:57,129 [main] DEBUG org.activiti.engine.impl.interceptor.LogInterceptor  - --- starting  --------------------------------------------------------
10:44:57,129 [main] DEBUG org.activiti.engine.impl.interceptor.CommandContextInterceptor  - Valid context found. Reusing it for the current command &apos;null&apos;
10:44:57,129 [main] DEBUG org.activiti.engine.impl.interceptor.LogInterceptor  - ---  finished --------------------------------------------------------
10:44:57,129 [main] DEBUG org.activiti.engine.impl.interceptor.LogInterceptor  - 

10:44:57,129 [main] DEBUG org.activiti.engine.impl.interceptor.LogInterceptor  - --- GetProcessDefinitionInfoCmd finished --------------------------------------------------------
10:44:57,129 [main] DEBUG org.activiti.engine.impl.interceptor.LogInterceptor  - 

10:44:57,129 [main] DEBUG org.activiti.engine.impl.db.DbSqlSession  -   insert ResourceEntity[id=1590, name=org/activiti/engine/test/api/mgmt/ManagementServiceTest.testGetJobExceptionStacktrace.bpmn20.xml]
10:44:57,129 [main] DEBUG org.activiti.engine.impl.db.DbSqlSession  -   insert DeploymentEntity[id=1589, name=JobQueryTest.testQueryByException]
10:44:57,129 [main] DEBUG org.activiti.engine.impl.db.DbSqlSession  -   insert ProcessDefinitionEntity[exceptionInJobExecution:1:1591]
10:44:57,129 [main] DEBUG org.activiti.engine.impl.db.DbSqlSession  - flush summary: 3 insert, 0 update, 0 delete.
10:44:57,129 [main] DEBUG org.activiti.engine.impl.db.DbSqlSession  - now executing flush...
10:44:57,129 [main] DEBUG org.activiti.engine.impl.db.DbSqlSession  - inserting: ProcessDefinitionEntity[exceptionInJobExecution:1:1591]
10:44:57,129 [main] DEBUG org.activiti.engine.impl.persistence.entity.ProcessDefinitionEntity.insertProcessDefinition  - ==&gt;  Preparing: insert into ACT_RE_PROCDEF(ID_, REV_, CATEGORY_, NAME_, KEY_, VERSION_, DEPLOYMENT_ID_, RESOURCE_NAME_, DGRM_RESOURCE_NAME_, DESCRIPTION_, HAS_START_FORM_KEY_, HAS_GRAPHICAL_NOTATION_ , SUSPENSION_STATE_, TENANT_ID_) values (?, 1, ?, ?, ?, ?, ?, ?, ?, ?, ?, ?, ?, ?) 
10:44:57,129 [main] DEBUG org.activiti.engine.impl.persistence.entity.ProcessDefinitionEntity.insertProcessDefinition  - ==&gt; Parameters: exceptionInJobExecution:1:1591(String), org.activiti.enginge.test.api.mgmt(String), null, exceptionInJobExecution(String), 1(Integer), 1589(String), org/activiti/engine/test/api/mgmt/ManagementServiceTest.testGetJobExceptionStacktrace.bpmn20.xml(String), null, null, false(Boolean), false(Boolean), 1(Integer), (String)
10:44:57,129 [main] DEBUG org.activiti.engine.impl.persistence.entity.ProcessDefinitionEntity.insertProcessDefinition  - &lt;==    Updates: 1
10:44:57,129 [main] DEBUG org.activiti.engine.impl.db.DbSqlSession  - inserting: DeploymentEntity[id=1589, name=JobQueryTest.testQueryByException]
10:44:57,129 [main] DEBUG org.activiti.engine.impl.persistence.entity.DeploymentEntity.insertDeployment  - ==&gt;  Preparing: insert into ACT_RE_DEPLOYMENT(ID_, NAME_, CATEGORY_, TENANT_ID_, DEPLOY_TIME_) values(?, ?, ?, ?, ?) 
10:44:57,129 [main] DEBUG org.activiti.engine.impl.persistence.entity.DeploymentEntity.insertDeployment  - ==&gt; Parameters: 1589(String), JobQueryTest.testQueryByException(String), null, (String), 2023-03-20 12:44:57.0(Timestamp)
10:44:57,129 [main] DEBUG org.activiti.engine.impl.persistence.entity.DeploymentEntity.insertDeployment  - &lt;==    Updates: 1
10:44:57,129 [main] DEBUG org.activiti.engine.impl.db.DbSqlSession  - inserting: ResourceEntity[id=1590, name=org/activiti/engine/test/api/mgmt/ManagementServiceTest.testGetJobExceptionStacktrace.bpmn20.xml]
10:44:57,129 [main] DEBUG org.activiti.engine.impl.persistence.entity.ResourceEntity.insertResource  - ==&gt;  Preparing: insert into ACT_GE_BYTEARRAY(ID_, REV_, NAME_, BYTES_, DEPLOYMENT_ID_, GENERATED_) values (?, 1, ?, ?, ?, ?) 
10:44:57,129 [main] DEBUG org.activiti.engine.impl.persistence.entity.ResourceEntity.insertResource  - ==&gt; Parameters: 1590(String), org/activiti/engine/test/api/mgmt/ManagementServiceTest.testGetJobExceptionStacktrace.bpmn20.xml(String), java.io.ByteArrayInputStream@420cd102(ByteArrayInputStream), 1589(String), false(Boolean)
10:44:57,129 [main] DEBUG org.activiti.engine.impl.persistence.entity.ResourceEntity.insertResource  - &lt;==    Updates: 1
10:44:57,129 [main] DEBUG org.activiti.engine.impl.cfg.standalone.StandaloneMybatisTransactionContext  - firing event committing...
10:44:57,129 [main] DEBUG org.activiti.engine.impl.cfg.standalone.StandaloneMybatisTransactionContext  - committing the ibatis sql session...
10:44:57,129 [main] DEBUG org.apache.ibatis.transaction.jdbc.JdbcTransaction  - Committing JDBC Connection [conn4: url=jdbc:h2:mem:activiti user=SA]
10:44:57,129 [main] DEBUG org.activiti.engine.impl.cfg.standalone.StandaloneMybatisTransactionContext  - firing event committed...
10:44:57,129 [main] DEBUG org.apache.ibatis.transaction.jdbc.JdbcTransaction  - Resetting autocommit to true on JDBC Connection [conn4: url=jdbc:h2:mem:activiti user=SA]
10:44:57,129 [main] DEBUG org.apache.ibatis.transaction.jdbc.JdbcTransaction  - Closing JDBC Connection [conn4: url=jdbc:h2:mem:activiti user=SA]
10:44:57,129 [main] DEBUG org.apache.ibatis.datasource.pooled.PooledDataSource  - Returned connection 297240765 to pool.
10:44:57,129 [main] DEBUG org.activiti.engine.impl.interceptor.LogInterceptor  - --- DeployCmd finished --------------------------------------------------------
10:44:57,129 [main] DEBUG org.activiti.engine.impl.interceptor.LogInterceptor  - 

10:44:57,130 [main] DEBUG org.activiti.engine.impl.interceptor.LogInterceptor  - 

10:44:57,130 [main] DEBUG org.activiti.engine.impl.interceptor.LogInterceptor  - --- starting DeployCmd --------------------------------------------------------
10:44:57,130 [main] DEBUG org.activiti.engine.impl.bpmn.deployer.BpmnDeployer  - Processing deployment null
10:44:57,130 [main] INFO  org.activiti.engine.impl.bpmn.deployer.BpmnDeployer  - Processing resource org/activiti/engine/test/api/mgmt/timerOnTask.bpmn20.xml
10:44:57,137 [main] DEBUG org.activiti.engine.impl.bpmn.parser.handler.ProcessParseHandler  - Parsing process timerOnTask
10:44:57,137 [main] DEBUG org.activiti.engine.impl.bpmn.parser.handler.AbstractBpmnParseHandler  - Parsing activity firstLineSupport
10:44:57,137 [main] DEBUG org.activiti.engine.impl.bpmn.parser.handler.AbstractBpmnParseHandler  - Parsing activity secondLineSupport
10:44:57,137 [main] DEBUG org.activiti.engine.impl.bpmn.parser.handler.AbstractBpmnParseHandler  - Parsing activity theStart
10:44:57,137 [main] DEBUG org.activiti.engine.impl.bpmn.parser.handler.AbstractBpmnParseHandler  - Parsing activity normalEnd
10:44:57,137 [main] DEBUG org.activiti.engine.impl.bpmn.parser.handler.AbstractBpmnParseHandler  - Parsing activity escalatedEnd
10:44:57,137 [main] DEBUG org.activiti.engine.impl.bpmn.parser.handler.AbstractBpmnParseHandler  - Parsing activity escalationTimer
10:44:57,137 [main] DEBUG org.apache.ibatis.transaction.jdbc.JdbcTransaction  - Opening JDBC Connection
10:44:57,137 [main] DEBUG org.apache.ibatis.datasource.pooled.PooledDataSource  - Checked out connection 363509958 from pool.
10:44:57,137 [main] DEBUG org.apache.ibatis.transaction.jdbc.JdbcTransaction  - Setting autocommit to false on JDBC Connection [conn2: url=jdbc:h2:mem:activiti user=SA]
10:44:57,137 [main] DEBUG org.activiti.engine.impl.persistence.entity.ProcessDefinitionEntity.selectLatestProcessDefinitionByKey  - ==&gt;  Preparing: select * from ACT_RE_PROCDEF where KEY_ = ? and (TENANT_ID_ = &apos;&apos; or TENANT_ID_ is null) and VERSION_ = (select max(VERSION_) from ACT_RE_PROCDEF where KEY_ = ? and (TENANT_ID_ = &apos;&apos; or TENANT_ID_ is null)) 
10:44:57,137 [main] DEBUG org.activiti.engine.impl.persistence.entity.ProcessDefinitionEntity.selectLatestProcessDefinitionByKey  - ==&gt; Parameters: timerOnTask(String), timerOnTask(String)
10:44:57,137 [main] DEBUG org.activiti.engine.impl.persistence.entity.ProcessDefinitionEntity.selectLatestProcessDefinitionByKey  - &lt;==      Total: 0
10:44:57,137 [main] DEBUG org.activiti.engine.impl.persistence.entity.JobEntity.selectJobByTypeAndProcessDefinitionKeyNoTenantId  - ==&gt;  Preparing: select J.* from ACT_RU_JOB J inner join ACT_RE_PROCDEF P on J.PROC_DEF_ID_ = P.ID_ where J.HANDLER_TYPE_ = ? and P.KEY_ = ? and (P.TENANT_ID_ = &apos;&apos; or P.TENANT_ID_ is null) 
10:44:57,138 [main] DEBUG org.activiti.engine.impl.persistence.entity.JobEntity.selectJobByTypeAndProcessDefinitionKeyNoTenantId  - ==&gt; Parameters: timer-start-event(String), timerOnTask(String)
10:44:57,138 [main] DEBUG org.activiti.engine.impl.persistence.entity.JobEntity.selectJobByTypeAndProcessDefinitionKeyNoTenantId  - &lt;==      Total: 0
10:44:57,138 [main] DEBUG org.activiti.engine.impl.persistence.entity.ProcessDefinitionInfoEntity.selectProcessDefinitionInfoByProcessDefinitionId  - ==&gt;  Preparing: select * from ACT_PROCDEF_INFO where PROC_DEF_ID_ = ? 
10:44:57,138 [main] DEBUG org.activiti.engine.impl.persistence.entity.ProcessDefinitionInfoEntity.selectProcessDefinitionInfoByProcessDefinitionId  - ==&gt; Parameters: timerOnTask:1:1594(String)
10:44:57,138 [main] DEBUG org.activiti.engine.impl.persistence.entity.ProcessDefinitionInfoEntity.selectProcessDefinitionInfoByProcessDefinitionId  - &lt;==      Total: 0
10:44:57,138 [main] DEBUG org.activiti.engine.impl.interceptor.LogInterceptor  - 

10:44:57,138 [main] DEBUG org.activiti.engine.impl.interceptor.LogInterceptor  - --- starting GetProcessDefinitionInfoCmd --------------------------------------------------------
10:44:57,138 [main] DEBUG org.activiti.engine.impl.interceptor.CommandContextInterceptor  - Valid context found. Reusing it for the current command &apos;org.activiti.engine.impl.cmd.GetProcessDefinitionInfoCmd&apos;
10:44:57,138 [main] DEBUG org.activiti.engine.impl.interceptor.LogInterceptor  - 

10:44:57,138 [main] DEBUG org.activiti.engine.impl.interceptor.LogInterceptor  - --- starting  --------------------------------------------------------
10:44:57,138 [main] DEBUG org.activiti.engine.impl.interceptor.CommandContextInterceptor  - Valid context found. Reusing it for the current command &apos;null&apos;
10:44:57,138 [main] DEBUG org.activiti.engine.impl.interceptor.LogInterceptor  - ---  finished --------------------------------------------------------
10:44:57,138 [main] DEBUG org.activiti.engine.impl.interceptor.LogInterceptor  - 

10:44:57,138 [main] DEBUG org.activiti.engine.impl.interceptor.LogInterceptor  - --- GetProcessDefinitionInfoCmd finished --------------------------------------------------------
10:44:57,138 [main] DEBUG org.activiti.engine.impl.interceptor.LogInterceptor  - 

10:44:57,138 [main] DEBUG org.activiti.engine.impl.db.DbSqlSession  -   insert ResourceEntity[id=1593, name=org/activiti/engine/test/api/mgmt/timerOnTask.bpmn20.xml]
10:44:57,138 [main] DEBUG org.activiti.engine.impl.db.DbSqlSession  -   insert DeploymentEntity[id=1592, name=null]
10:44:57,138 [main] DEBUG org.activiti.engine.impl.db.DbSqlSession  -   insert ProcessDefinitionEntity[timerOnTask:1:1594]
10:44:57,138 [main] DEBUG org.activiti.engine.impl.db.DbSqlSession  - flush summary: 3 insert, 0 update, 0 delete.
10:44:57,138 [main] DEBUG org.activiti.engine.impl.db.DbSqlSession  - now executing flush...
10:44:57,138 [main] DEBUG org.activiti.engine.impl.db.DbSqlSession  - inserting: ProcessDefinitionEntity[timerOnTask:1:1594]
10:44:57,138 [main] DEBUG org.activiti.engine.impl.persistence.entity.ProcessDefinitionEntity.insertProcessDefinition  - ==&gt;  Preparing: insert into ACT_RE_PROCDEF(ID_, REV_, CATEGORY_, NAME_, KEY_, VERSION_, DEPLOYMENT_ID_, RESOURCE_NAME_, DGRM_RESOURCE_NAME_, DESCRIPTION_, HAS_START_FORM_KEY_, HAS_GRAPHICAL_NOTATION_ , SUSPENSION_STATE_, TENANT_ID_) values (?, 1, ?, ?, ?, ?, ?, ?, ?, ?, ?, ?, ?, ?) 
10:44:57,138 [main] DEBUG org.activiti.engine.impl.persistence.entity.ProcessDefinitionEntity.insertProcessDefinition  - ==&gt; Parameters: timerOnTask:1:1594(String), org.activiti.enginge.test.api.mgmt(String), null, timerOnTask(String), 1(Integer), 1592(String), org/activiti/engine/test/api/mgmt/timerOnTask.bpmn20.xml(String), null, null, false(Boolean), false(Boolean), 1(Integer), (String)
10:44:57,138 [main] DEBUG org.activiti.engine.impl.persistence.entity.ProcessDefinitionEntity.insertProcessDefinition  - &lt;==    Updates: 1
10:44:57,138 [main] DEBUG org.activiti.engine.impl.db.DbSqlSession  - inserting: DeploymentEntity[id=1592, name=null]
10:44:57,138 [main] DEBUG org.activiti.engine.impl.persistence.entity.DeploymentEntity.insertDeployment  - ==&gt;  Preparing: insert into ACT_RE_DEPLOYMENT(ID_, NAME_, CATEGORY_, TENANT_ID_, DEPLOY_TIME_) values(?, ?, ?, ?, ?) 
10:44:57,138 [main] DEBUG org.activiti.engine.impl.persistence.entity.DeploymentEntity.insertDeployment  - ==&gt; Parameters: 1592(String), null, null, (String), 2023-03-20 12:44:57.0(Timestamp)
10:44:57,138 [main] DEBUG org.activiti.engine.impl.persistence.entity.DeploymentEntity.insertDeployment  - &lt;==    Updates: 1
10:44:57,138 [main] DEBUG org.activiti.engine.impl.db.DbSqlSession  - inserting: ResourceEntity[id=1593, name=org/activiti/engine/test/api/mgmt/timerOnTask.bpmn20.xml]
10:44:57,138 [main] DEBUG org.activiti.engine.impl.persistence.entity.ResourceEntity.insertResource  - ==&gt;  Preparing: insert into ACT_GE_BYTEARRAY(ID_, REV_, NAME_, BYTES_, DEPLOYMENT_ID_, GENERATED_) values (?, 1, ?, ?, ?, ?) 
10:44:57,138 [main] DEBUG org.activiti.engine.impl.persistence.entity.ResourceEntity.insertResource  - ==&gt; Parameters: 1593(String), org/activiti/engine/test/api/mgmt/timerOnTask.bpmn20.xml(String), java.io.ByteArrayInputStream@1ba467c2(ByteArrayInputStream), 1592(String), false(Boolean)
10:44:57,138 [main] DEBUG org.activiti.engine.impl.persistence.entity.ResourceEntity.insertResource  - &lt;==    Updates: 1
10:44:57,138 [main] DEBUG org.activiti.engine.impl.cfg.standalone.StandaloneMybatisTransactionContext  - firing event committing...
10:44:57,138 [main] DEBUG org.activiti.engine.impl.cfg.standalone.StandaloneMybatisTransactionContext  - committing the ibatis sql session...
10:44:57,138 [main] DEBUG org.apache.ibatis.transaction.jdbc.JdbcTransaction  - Committing JDBC Connection [conn2: url=jdbc:h2:mem:activiti user=SA]
10:44:57,138 [main] DEBUG org.activiti.engine.impl.cfg.standalone.StandaloneMybatisTransactionContext  - firing event committed...
10:44:57,138 [main] DEBUG org.apache.ibatis.transaction.jdbc.JdbcTransaction  - Resetting autocommit to true on JDBC Connection [conn2: url=jdbc:h2:mem:activiti user=SA]
10:44:57,138 [main] DEBUG org.apache.ibatis.transaction.jdbc.JdbcTransaction  - Closing JDBC Connection [conn2: url=jdbc:h2:mem:activiti user=SA]
10:44:57,138 [main] DEBUG org.apache.ibatis.datasource.pooled.PooledDataSource  - Returned connection 363509958 to pool.
10:44:57,138 [main] DEBUG org.activiti.engine.impl.interceptor.LogInterceptor  - --- DeployCmd finished --------------------------------------------------------
10:44:57,138 [main] DEBUG org.activiti.engine.impl.interceptor.LogInterceptor  - 

10:44:57,138 [main] DEBUG org.activiti.engine.impl.interceptor.LogInterceptor  - 

10:44:57,138 [main] DEBUG org.activiti.engine.impl.interceptor.LogInterceptor  - --- starting StartProcessInstanceCmd --------------------------------------------------------
10:44:57,138 [main] DEBUG org.apache.ibatis.transaction.jdbc.JdbcTransaction  - Opening JDBC Connection
10:44:57,138 [main] DEBUG org.apache.ibatis.datasource.pooled.PooledDataSource  - Checked out connection 180014677 from pool.
10:44:57,138 [main] DEBUG org.apache.ibatis.transaction.jdbc.JdbcTransaction  - Setting autocommit to false on JDBC Connection [conn3: url=jdbc:h2:mem:activiti user=SA]
10:44:57,138 [main] DEBUG org.activiti.engine.impl.persistence.entity.ProcessDefinitionEntity.selectLatestProcessDefinitionByKey  - ==&gt;  Preparing: select * from ACT_RE_PROCDEF where KEY_ = ? and (TENANT_ID_ = &apos;&apos; or TENANT_ID_ is null) and VERSION_ = (select max(VERSION_) from ACT_RE_PROCDEF where KEY_ = ? and (TENANT_ID_ = &apos;&apos; or TENANT_ID_ is null)) 
10:44:57,138 [main] DEBUG org.activiti.engine.impl.persistence.entity.ProcessDefinitionEntity.selectLatestProcessDefinitionByKey  - ==&gt; Parameters: timerOnTask(String), timerOnTask(String)
10:44:57,139 [main] DEBUG org.activiti.engine.impl.persistence.entity.ProcessDefinitionEntity.selectLatestProcessDefinitionByKey  - &lt;==      Total: 1
10:44:57,139 [main] DEBUG org.activiti.engine.impl.persistence.entity.ExecutionEntity  - initializing ProcessInstance[1595]
10:44:57,139 [main] DEBUG org.activiti.engine.impl.history.DefaultHistoryManager  - Current history level: FULL, level required: ACTIVITY
10:44:57,139 [main] DEBUG org.activiti.engine.impl.pvm.runtime.AtomicOperationActivityExecute  - ProcessInstance[1595] executes Activity(theStart): org.activiti.engine.impl.bpmn.behavior.NoneStartEventActivityBehavior
10:44:57,139 [main] DEBUG org.activiti.engine.impl.persistence.entity.JobEntity.selectJobsByExecutionId  - ==&gt;  Preparing: select * from ACT_RU_JOB J where J.EXECUTION_ID_ = ? 
10:44:57,139 [main] DEBUG org.activiti.engine.impl.persistence.entity.JobEntity.selectJobsByExecutionId  - ==&gt; Parameters: 1595(String)
10:44:57,139 [main] DEBUG org.activiti.engine.impl.persistence.entity.JobEntity.selectJobsByExecutionId  - &lt;==      Total: 0
10:44:57,139 [main] DEBUG org.activiti.engine.impl.bpmn.behavior.BpmnActivityBehavior  - Leaving activity &apos;theStart&apos;
10:44:57,139 [main] DEBUG org.activiti.engine.impl.history.DefaultHistoryManager  - Current history level: FULL, level required: ACTIVITY
10:44:57,139 [main] DEBUG org.activiti.engine.impl.pvm.runtime.AtomicOperationTransitionNotifyListenerTake  - ProcessInstance[1595] takes transition (theStart)--flow1--&gt;(firstLineSupport)
10:44:57,139 [main] DEBUG org.activiti.engine.impl.persistence.entity.ExecutionEntity  - Child execution ScopeExecution[1597] created with parent 
10:44:57,139 [main] DEBUG org.activiti.engine.impl.pvm.runtime.AtomicOperationTransitionCreateScope  - create scope: parent ProcessInstance[1595] continues as execution ScopeExecution[1597]
10:44:57,139 [main] DEBUG org.activiti.engine.impl.persistence.entity.ExecutionEntity  - initializing ScopeExecution[1597]
10:44:57,139 [main] DEBUG org.activiti.engine.impl.persistence.entity.JobEntity.selectJobsByExecutionId  - ==&gt;  Preparing: select * from ACT_RU_JOB J where J.EXECUTION_ID_ = ? 
10:44:57,139 [main] DEBUG org.activiti.engine.impl.persistence.entity.JobEntity.selectJobsByExecutionId  - ==&gt; Parameters: 1597(String)
10:44:57,139 [main] DEBUG org.activiti.engine.impl.persistence.entity.JobEntity.selectJobsByExecutionId  - &lt;==      Total: 0
10:44:57,139 [main] DEBUG org.activiti.engine.impl.history.DefaultHistoryManager  - Current history level: FULL, level required: ACTIVITY
10:44:57,139 [main] DEBUG org.activiti.engine.impl.pvm.runtime.AtomicOperationActivityExecute  - ScopeExecution[1597] executes Activity(firstLineSupport): org.activiti.engine.impl.bpmn.behavior.UserTaskActivityBehavior
10:44:57,139 [main] DEBUG org.activiti.engine.impl.persistence.entity.TaskEntity.selectTasksByExecutionId  - ==&gt;  Preparing: select distinct T.* from ACT_RU_TASK T where T.EXECUTION_ID_ = ? 
10:44:57,139 [main] DEBUG org.activiti.engine.impl.persistence.entity.TaskEntity.selectTasksByExecutionId  - ==&gt; Parameters: 1597(String)
10:44:57,139 [main] DEBUG org.activiti.engine.impl.persistence.entity.TaskEntity.selectTasksByExecutionId  - &lt;==      Total: 0
10:44:57,139 [main] DEBUG org.activiti.engine.impl.history.DefaultHistoryManager  - Current history level: FULL, level required: AUDIT
10:44:57,139 [main] DEBUG org.activiti.engine.impl.history.DefaultHistoryManager  - Current history level: FULL, level required: AUDIT
10:44:57,139 [main] DEBUG org.activiti.engine.impl.interceptor.LogInterceptor  - 

10:44:57,139 [main] DEBUG org.activiti.engine.impl.interceptor.LogInterceptor  - --- starting  --------------------------------------------------------
10:44:57,139 [main] DEBUG org.activiti.engine.impl.interceptor.CommandContextInterceptor  - Valid context found. Reusing it for the current command &apos;null&apos;
10:44:57,139 [main] DEBUG org.activiti.engine.impl.persistence.entity.ProcessDefinitionInfoEntity.selectProcessDefinitionInfoByProcessDefinitionId  - ==&gt;  Preparing: select * from ACT_PROCDEF_INFO where PROC_DEF_ID_ = ? 
10:44:57,139 [main] DEBUG org.activiti.engine.impl.persistence.entity.ProcessDefinitionInfoEntity.selectProcessDefinitionInfoByProcessDefinitionId  - ==&gt; Parameters: timerOnTask:1:1594(String)
10:44:57,139 [main] DEBUG org.activiti.engine.impl.persistence.entity.ProcessDefinitionInfoEntity.selectProcessDefinitionInfoByProcessDefinitionId  - &lt;==      Total: 0
10:44:57,139 [main] DEBUG org.activiti.engine.impl.interceptor.LogInterceptor  - ---  finished --------------------------------------------------------
10:44:57,139 [main] DEBUG org.activiti.engine.impl.interceptor.LogInterceptor  - 

10:44:57,140 [main] DEBUG org.activiti.engine.impl.history.DefaultHistoryManager  - Current history level: FULL, level required: AUDIT
10:44:57,140 [main] DEBUG org.activiti.engine.impl.history.DefaultHistoryManager  - Current history level: FULL, level required: AUDIT
10:44:57,140 [main] DEBUG org.activiti.engine.impl.history.DefaultHistoryManager  - Current history level: FULL, level required: ACTIVITY
10:44:57,140 [main] DEBUG org.activiti.engine.impl.db.DbSqlSession  -   insert ProcessInstance[1595]
10:44:57,140 [main] DEBUG org.activiti.engine.impl.db.DbSqlSession  -   insert ScopeExecution[1597]
10:44:57,140 [main] DEBUG org.activiti.engine.impl.db.DbSqlSession  -   insert HistoricProcessInstanceEntity[superProcessInstanceId=null]
10:44:57,140 [main] DEBUG org.activiti.engine.impl.db.DbSqlSession  -   insert Task[id=1600, name=First line support]
10:44:57,140 [main] DEBUG org.activiti.engine.impl.db.DbSqlSession  -   insert HistoricTaskInstanceEntity[id=1600, name=First line support]
10:44:57,140 [main] DEBUG org.activiti.engine.impl.db.DbSqlSession  -   insert HistoricActivityInstanceEntity[activityId=theStart, activityName=null]
10:44:57,140 [main] DEBUG org.activiti.engine.impl.db.DbSqlSession  -   insert HistoricActivityInstanceEntity[activityId=firstLineSupport, activityName=First line support]
10:44:57,140 [main] DEBUG org.activiti.engine.impl.db.DbSqlSession  -   insert JobEntity [id=1598]
10:44:57,140 [main] DEBUG org.activiti.engine.impl.db.DbSqlSession  - flush summary: 8 insert, 0 update, 0 delete.
10:44:57,140 [main] DEBUG org.activiti.engine.impl.db.DbSqlSession  - now executing flush...
10:44:57,140 [main] DEBUG org.activiti.engine.impl.db.DbSqlSession  - inserting: HistoricTaskInstanceEntity[id=1600, name=First line support]
10:44:57,140 [main] DEBUG org.activiti.engine.impl.persistence.entity.HistoricTaskInstanceEntity.insertHistoricTaskInstance  - ==&gt;  Preparing: insert into ACT_HI_TASKINST ( ID_, PROC_DEF_ID_, PROC_INST_ID_, EXECUTION_ID_, NAME_, PARENT_TASK_ID_, DESCRIPTION_, OWNER_, ASSIGNEE_, START_TIME_, CLAIM_TIME_, END_TIME_, DURATION_, DELETE_REASON_, TASK_DEF_KEY_, FORM_KEY_, PRIORITY_, DUE_DATE_, CATEGORY_, TENANT_ID_ ) values ( ?, ?, ?, ?, ?, ?, ?, ?, ?, ?, ?, ?, ?, ?, ?, ?, ?, ?, ?, ? ) 
10:44:57,140 [main] DEBUG org.activiti.engine.impl.persistence.entity.HistoricTaskInstanceEntity.insertHistoricTaskInstance  - ==&gt; Parameters: 1600(String), timerOnTask:1:1594(String), 1595(String), 1597(String), First line support(String), null, null, null, null, 2023-03-20 10:44:57.0(Timestamp), null, null, null, null, firstLineSupport(String), null, 50(Integer), null, null, (String)
10:44:57,140 [main] DEBUG org.activiti.engine.impl.persistence.entity.HistoricTaskInstanceEntity.insertHistoricTaskInstance  - &lt;==    Updates: 1
10:44:57,140 [main] DEBUG org.activiti.engine.impl.db.DbSqlSession  - inserting: HistoricProcessInstanceEntity[superProcessInstanceId=null]
10:44:57,140 [main] DEBUG org.activiti.engine.impl.persistence.entity.HistoricProcessInstanceEntity.insertHistoricProcessInstance  - ==&gt;  Preparing: insert into ACT_HI_PROCINST ( ID_, PROC_INST_ID_, BUSINESS_KEY_, PROC_DEF_ID_, START_TIME_, END_TIME_, DURATION_, START_USER_ID_, START_ACT_ID_, END_ACT_ID_, SUPER_PROCESS_INSTANCE_ID_, DELETE_REASON_, TENANT_ID_, NAME_ ) values ( ?, ?, ?, ?, ?, ?, ?, ?, ?, ?, ?, ?, ?, ? ) 
10:44:57,140 [main] DEBUG org.activiti.engine.impl.persistence.entity.HistoricProcessInstanceEntity.insertHistoricProcessInstance  - ==&gt; Parameters: 1595(String), 1595(String), null, timerOnTask:1:1594(String), 2023-03-20 10:44:57.0(Timestamp), null, null, null, theStart(String), null, null, null, (String), null
10:44:57,140 [main] DEBUG org.activiti.engine.impl.persistence.entity.HistoricProcessInstanceEntity.insertHistoricProcessInstance  - &lt;==    Updates: 1
10:44:57,140 [main] DEBUG org.activiti.engine.impl.persistence.entity.HistoricActivityInstanceEntity.bulkInsertHistoricActivityInstance  - ==&gt;  Preparing: insert into ACT_HI_ACTINST ( ID_, PROC_DEF_ID_, PROC_INST_ID_, EXECUTION_ID_, ACT_ID_, TASK_ID_, CALL_PROC_INST_ID_, ACT_NAME_, ACT_TYPE_, ASSIGNEE_, START_TIME_, END_TIME_, DURATION_, TENANT_ID_ ) values (?, ?, ?, ?, ?, ?, ?, ?, ?, ?, ?, ?, ?, ?) , (?, ?, ?, ?, ?, ?, ?, ?, ?, ?, ?, ?, ?, ?) 
10:44:57,140 [main] DEBUG org.activiti.engine.impl.persistence.entity.HistoricActivityInstanceEntity.bulkInsertHistoricActivityInstance  - ==&gt; Parameters: 1596(String), timerOnTask:1:1594(String), 1595(String), 1595(String), theStart(String), null, null, null, startEvent(String), null, 2023-03-20 10:44:57.0(Timestamp), 2023-03-20 10:44:57.0(Timestamp), 0(Long), (String), 1599(String), timerOnTask:1:1594(String), 1595(String), 1597(String), firstLineSupport(String), 1600(String), null, First line support(String), userTask(String), null, 2023-03-20 10:44:57.0(Timestamp), null, null, (String)
10:44:57,140 [main] DEBUG org.activiti.engine.impl.persistence.entity.HistoricActivityInstanceEntity.bulkInsertHistoricActivityInstance  - &lt;==    Updates: 2
10:44:57,140 [main] DEBUG org.activiti.engine.impl.persistence.entity.ExecutionEntity.bulkInsertExecution  - ==&gt;  Preparing: insert into ACT_RU_EXECUTION (ID_, REV_, PROC_INST_ID_, BUSINESS_KEY_, PROC_DEF_ID_, ACT_ID_, IS_ACTIVE_, IS_CONCURRENT_, IS_SCOPE_,IS_EVENT_SCOPE_, PARENT_ID_, SUPER_EXEC_, SUSPENSION_STATE_, CACHED_ENT_STATE_, TENANT_ID_, NAME_) values (?, 1, ?, ?, ?, ?, ?, ?, ?, ?, ?, ?, ?, ?, ?, ?) , (?, 1, ?, ?, ?, ?, ?, ?, ?, ?, ?, ?, ?, ?, ?, ?) 
10:44:57,140 [main] DEBUG org.activiti.engine.impl.persistence.entity.ExecutionEntity.bulkInsertExecution  - ==&gt; Parameters: 1595(String), 1595(String), null, timerOnTask:1:1594(String), null, false(Boolean), false(Boolean), true(Boolean), false(Boolean), null, null, 1(Integer), 2(Integer), (String), null, 1597(String), 1595(String), null, timerOnTask:1:1594(String), firstLineSupport(String), true(Boolean), false(Boolean), true(Boolean), false(Boolean), 1595(String), null, 1(Integer), 6(Integer), (String), null
10:44:57,140 [main] DEBUG org.activiti.engine.impl.persistence.entity.ExecutionEntity.bulkInsertExecution  - &lt;==    Updates: 2
10:44:57,140 [main] DEBUG org.activiti.engine.impl.db.DbSqlSession  - inserting: Task[id=1600, name=First line support]
10:44:57,141 [main] DEBUG org.activiti.engine.impl.persistence.entity.TaskEntity.insertTask  - ==&gt;  Preparing: insert into ACT_RU_TASK (ID_, REV_, NAME_, PARENT_TASK_ID_, DESCRIPTION_, PRIORITY_, CREATE_TIME_, OWNER_, ASSIGNEE_, DELEGATION_, EXECUTION_ID_, PROC_INST_ID_, PROC_DEF_ID_, TASK_DEF_KEY_, DUE_DATE_, CATEGORY_, SUSPENSION_STATE_, TENANT_ID_, FORM_KEY_) values (?, 1, ?, ?, ?, ?, ?, ?, ?, ?, ?, ?, ?, ?, ?, ?, ?, ?, ? ) 
10:44:57,141 [main] DEBUG org.activiti.engine.impl.persistence.entity.TaskEntity.insertTask  - ==&gt; Parameters: 1600(String), First line support(String), null, null, 50(Integer), 2023-03-20 10:44:57.0(Timestamp), null, null, null, 1597(String), 1595(String), timerOnTask:1:1594(String), firstLineSupport(String), null, null, 1(Integer), (String), null
10:44:57,141 [main] DEBUG org.activiti.engine.impl.persistence.entity.TaskEntity.insertTask  - &lt;==    Updates: 1
10:44:57,141 [main] DEBUG org.activiti.engine.impl.db.DbSqlSession  - inserting: JobEntity [id=1598]
10:44:57,141 [main] DEBUG org.activiti.engine.impl.persistence.entity.JobEntity.insertTimer  - ==&gt;  Preparing: insert into ACT_RU_JOB ( ID_, REV_, TYPE_, LOCK_OWNER_, LOCK_EXP_TIME_, EXCLUSIVE_, EXECUTION_ID_, PROCESS_INSTANCE_ID_, PROC_DEF_ID_, RETRIES_, EXCEPTION_STACK_ID_, EXCEPTION_MSG_, DUEDATE_, REPEAT_, HANDLER_TYPE_, HANDLER_CFG_, TENANT_ID_) values (?, 1, &apos;timer&apos;, ?, ?, ?, ?, ?, ?, ?, ?, ?, ?, ?, ?, ?, ? ) 
10:44:57,141 [main] DEBUG org.activiti.engine.impl.persistence.entity.JobEntity.insertTimer  - ==&gt; Parameters: 1598(String), null, null, true(Boolean), 1597(String), 1595(String), timerOnTask:1:1594(String), 3(Integer), null, null, 2023-03-20 11:44:57.0(Timestamp), null, timer-transition(String), {&quot;activityId&quot;:&quot;escalationTimer&quot;}(String), (String)
10:44:57,141 [main] DEBUG org.activiti.engine.impl.persistence.entity.JobEntity.insertTimer  - &lt;==    Updates: 1
10:44:57,141 [main] DEBUG org.activiti.engine.impl.cfg.standalone.StandaloneMybatisTransactionContext  - firing event committing...
10:44:57,141 [main] DEBUG org.activiti.engine.impl.cfg.standalone.StandaloneMybatisTransactionContext  - committing the ibatis sql session...
10:44:57,141 [main] DEBUG org.apache.ibatis.transaction.jdbc.JdbcTransaction  - Committing JDBC Connection [conn3: url=jdbc:h2:mem:activiti user=SA]
10:44:57,141 [main] DEBUG org.activiti.engine.impl.cfg.standalone.StandaloneMybatisTransactionContext  - firing event committed...
10:44:57,141 [main] DEBUG org.apache.ibatis.transaction.jdbc.JdbcTransaction  - Resetting autocommit to true on JDBC Connection [conn3: url=jdbc:h2:mem:activiti user=SA]
10:44:57,141 [main] DEBUG org.apache.ibatis.transaction.jdbc.JdbcTransaction  - Closing JDBC Connection [conn3: url=jdbc:h2:mem:activiti user=SA]
10:44:57,141 [main] DEBUG org.apache.ibatis.datasource.pooled.PooledDataSource  - Returned connection 180014677 to pool.
10:44:57,141 [main] DEBUG org.activiti.engine.impl.interceptor.LogInterceptor  - --- StartProcessInstanceCmd finished --------------------------------------------------------
10:44:57,141 [main] DEBUG org.activiti.engine.impl.interceptor.LogInterceptor  - 

10:44:57,141 [main] DEBUG org.activiti.engine.impl.interceptor.LogInterceptor  - 

10:44:57,141 [main] DEBUG org.activiti.engine.impl.interceptor.LogInterceptor  - --- starting StartProcessInstanceCmd --------------------------------------------------------
10:44:57,141 [main] DEBUG org.apache.ibatis.transaction.jdbc.JdbcTransaction  - Opening JDBC Connection
10:44:57,141 [main] DEBUG org.apache.ibatis.datasource.pooled.PooledDataSource  - Checked out connection 297240765 from pool.
10:44:57,141 [main] DEBUG org.apache.ibatis.transaction.jdbc.JdbcTransaction  - Setting autocommit to false on JDBC Connection [conn4: url=jdbc:h2:mem:activiti user=SA]
10:44:57,141 [main] DEBUG org.activiti.engine.impl.persistence.entity.ProcessDefinitionEntity.selectLatestProcessDefinitionByKey  - ==&gt;  Preparing: select * from ACT_RE_PROCDEF where KEY_ = ? and (TENANT_ID_ = &apos;&apos; or TENANT_ID_ is null) and VERSION_ = (select max(VERSION_) from ACT_RE_PROCDEF where KEY_ = ? and (TENANT_ID_ = &apos;&apos; or TENANT_ID_ is null)) 
10:44:57,141 [main] DEBUG org.activiti.engine.impl.persistence.entity.ProcessDefinitionEntity.selectLatestProcessDefinitionByKey  - ==&gt; Parameters: timerOnTask(String), timerOnTask(String)
10:44:57,141 [main] DEBUG org.activiti.engine.impl.persistence.entity.ProcessDefinitionEntity.selectLatestProcessDefinitionByKey  - &lt;==      Total: 1
10:44:57,141 [main] DEBUG org.activiti.engine.impl.persistence.entity.ExecutionEntity  - initializing ProcessInstance[1601]
10:44:57,141 [main] DEBUG org.activiti.engine.impl.history.DefaultHistoryManager  - Current history level: FULL, level required: ACTIVITY
10:44:57,141 [main] DEBUG org.activiti.engine.impl.pvm.runtime.AtomicOperationActivityExecute  - ProcessInstance[1601] executes Activity(theStart): org.activiti.engine.impl.bpmn.behavior.NoneStartEventActivityBehavior
10:44:57,141 [main] DEBUG org.activiti.engine.impl.persistence.entity.JobEntity.selectJobsByExecutionId  - ==&gt;  Preparing: select * from ACT_RU_JOB J where J.EXECUTION_ID_ = ? 
10:44:57,141 [main] DEBUG org.activiti.engine.impl.persistence.entity.JobEntity.selectJobsByExecutionId  - ==&gt; Parameters: 1601(String)
10:44:57,141 [main] DEBUG org.activiti.engine.impl.persistence.entity.JobEntity.selectJobsByExecutionId  - &lt;==      Total: 0
10:44:57,141 [main] DEBUG org.activiti.engine.impl.bpmn.behavior.BpmnActivityBehavior  - Leaving activity &apos;theStart&apos;
10:44:57,141 [main] DEBUG org.activiti.engine.impl.history.DefaultHistoryManager  - Current history level: FULL, level required: ACTIVITY
10:44:57,141 [main] DEBUG org.activiti.engine.impl.pvm.runtime.AtomicOperationTransitionNotifyListenerTake  - ProcessInstance[1601] takes transition (theStart)--flow1--&gt;(firstLineSupport)
10:44:57,141 [main] DEBUG org.activiti.engine.impl.persistence.entity.ExecutionEntity  - Child execution ScopeExecution[1603] created with parent 
10:44:57,141 [main] DEBUG org.activiti.engine.impl.pvm.runtime.AtomicOperationTransitionCreateScope  - create scope: parent ProcessInstance[1601] continues as execution ScopeExecution[1603]
10:44:57,141 [main] DEBUG org.activiti.engine.impl.persistence.entity.ExecutionEntity  - initializing ScopeExecution[1603]
10:44:57,141 [main] DEBUG org.activiti.engine.impl.persistence.entity.JobEntity.selectJobsByExecutionId  - ==&gt;  Preparing: select * from ACT_RU_JOB J where J.EXECUTION_ID_ = ? 
10:44:57,141 [main] DEBUG org.activiti.engine.impl.persistence.entity.JobEntity.selectJobsByExecutionId  - ==&gt; Parameters: 1603(String)
10:44:57,141 [main] DEBUG org.activiti.engine.impl.persistence.entity.JobEntity.selectJobsByExecutionId  - &lt;==      Total: 0
10:44:57,141 [main] DEBUG org.activiti.engine.impl.history.DefaultHistoryManager  - Current history level: FULL, level required: ACTIVITY
10:44:57,141 [main] DEBUG org.activiti.engine.impl.pvm.runtime.AtomicOperationActivityExecute  - ScopeExecution[1603] executes Activity(firstLineSupport): org.activiti.engine.impl.bpmn.behavior.UserTaskActivityBehavior
10:44:57,141 [main] DEBUG org.activiti.engine.impl.persistence.entity.TaskEntity.selectTasksByExecutionId  - ==&gt;  Preparing: select distinct T.* from ACT_RU_TASK T where T.EXECUTION_ID_ = ? 
10:44:57,141 [main] DEBUG org.activiti.engine.impl.persistence.entity.TaskEntity.selectTasksByExecutionId  - ==&gt; Parameters: 1603(String)
10:44:57,141 [main] DEBUG org.activiti.engine.impl.persistence.entity.TaskEntity.selectTasksByExecutionId  - &lt;==      Total: 0
10:44:57,141 [main] DEBUG org.activiti.engine.impl.history.DefaultHistoryManager  - Current history level: FULL, level required: AUDIT
10:44:57,141 [main] DEBUG org.activiti.engine.impl.history.DefaultHistoryManager  - Current history level: FULL, level required: AUDIT
10:44:57,142 [main] DEBUG org.activiti.engine.impl.interceptor.LogInterceptor  - 

10:44:57,142 [main] DEBUG org.activiti.engine.impl.interceptor.LogInterceptor  - --- starting  --------------------------------------------------------
10:44:57,142 [main] DEBUG org.activiti.engine.impl.interceptor.CommandContextInterceptor  - Valid context found. Reusing it for the current command &apos;null&apos;
10:44:57,142 [main] DEBUG org.activiti.engine.impl.persistence.entity.ProcessDefinitionInfoEntity.selectProcessDefinitionInfoByProcessDefinitionId  - ==&gt;  Preparing: select * from ACT_PROCDEF_INFO where PROC_DEF_ID_ = ? 
10:44:57,142 [main] DEBUG org.activiti.engine.impl.persistence.entity.ProcessDefinitionInfoEntity.selectProcessDefinitionInfoByProcessDefinitionId  - ==&gt; Parameters: timerOnTask:1:1594(String)
10:44:57,142 [main] DEBUG org.activiti.engine.impl.persistence.entity.ProcessDefinitionInfoEntity.selectProcessDefinitionInfoByProcessDefinitionId  - &lt;==      Total: 0
10:44:57,142 [main] DEBUG org.activiti.engine.impl.interceptor.LogInterceptor  - ---  finished --------------------------------------------------------
10:44:57,142 [main] DEBUG org.activiti.engine.impl.interceptor.LogInterceptor  - 

10:44:57,142 [main] DEBUG org.activiti.engine.impl.history.DefaultHistoryManager  - Current history level: FULL, level required: AUDIT
10:44:57,142 [main] DEBUG org.activiti.engine.impl.history.DefaultHistoryManager  - Current history level: FULL, level required: AUDIT
10:44:57,142 [main] DEBUG org.activiti.engine.impl.history.DefaultHistoryManager  - Current history level: FULL, level required: ACTIVITY
10:44:57,142 [main] DEBUG org.activiti.engine.impl.db.DbSqlSession  -   insert ProcessInstance[1601]
10:44:57,142 [main] DEBUG org.activiti.engine.impl.db.DbSqlSession  -   insert ScopeExecution[1603]
10:44:57,142 [main] DEBUG org.activiti.engine.impl.db.DbSqlSession  -   insert HistoricProcessInstanceEntity[superProcessInstanceId=null]
10:44:57,142 [main] DEBUG org.activiti.engine.impl.db.DbSqlSession  -   insert Task[id=1606, name=First line support]
10:44:57,142 [main] DEBUG org.activiti.engine.impl.db.DbSqlSession  -   insert HistoricTaskInstanceEntity[id=1606, name=First line support]
10:44:57,142 [main] DEBUG org.activiti.engine.impl.db.DbSqlSession  -   insert HistoricActivityInstanceEntity[activityId=theStart, activityName=null]
10:44:57,142 [main] DEBUG org.activiti.engine.impl.db.DbSqlSession  -   insert HistoricActivityInstanceEntity[activityId=firstLineSupport, activityName=First line support]
10:44:57,142 [main] DEBUG org.activiti.engine.impl.db.DbSqlSession  -   insert JobEntity [id=1604]
10:44:57,142 [main] DEBUG org.activiti.engine.impl.db.DbSqlSession  - flush summary: 8 insert, 0 update, 0 delete.
10:44:57,142 [main] DEBUG org.activiti.engine.impl.db.DbSqlSession  - now executing flush...
10:44:57,142 [main] DEBUG org.activiti.engine.impl.db.DbSqlSession  - inserting: HistoricTaskInstanceEntity[id=1606, name=First line support]
10:44:57,142 [main] DEBUG org.activiti.engine.impl.persistence.entity.HistoricTaskInstanceEntity.insertHistoricTaskInstance  - ==&gt;  Preparing: insert into ACT_HI_TASKINST ( ID_, PROC_DEF_ID_, PROC_INST_ID_, EXECUTION_ID_, NAME_, PARENT_TASK_ID_, DESCRIPTION_, OWNER_, ASSIGNEE_, START_TIME_, CLAIM_TIME_, END_TIME_, DURATION_, DELETE_REASON_, TASK_DEF_KEY_, FORM_KEY_, PRIORITY_, DUE_DATE_, CATEGORY_, TENANT_ID_ ) values ( ?, ?, ?, ?, ?, ?, ?, ?, ?, ?, ?, ?, ?, ?, ?, ?, ?, ?, ?, ? ) 
10:44:57,142 [main] DEBUG org.activiti.engine.impl.persistence.entity.HistoricTaskInstanceEntity.insertHistoricTaskInstance  - ==&gt; Parameters: 1606(String), timerOnTask:1:1594(String), 1601(String), 1603(String), First line support(String), null, null, null, null, 2023-03-20 11:44:57.0(Timestamp), null, null, null, null, firstLineSupport(String), null, 50(Integer), null, null, (String)
10:44:57,142 [main] DEBUG org.activiti.engine.impl.persistence.entity.HistoricTaskInstanceEntity.insertHistoricTaskInstance  - &lt;==    Updates: 1
10:44:57,142 [main] DEBUG org.activiti.engine.impl.db.DbSqlSession  - inserting: HistoricProcessInstanceEntity[superProcessInstanceId=null]
10:44:57,142 [main] DEBUG org.activiti.engine.impl.persistence.entity.HistoricProcessInstanceEntity.insertHistoricProcessInstance  - ==&gt;  Preparing: insert into ACT_HI_PROCINST ( ID_, PROC_INST_ID_, BUSINESS_KEY_, PROC_DEF_ID_, START_TIME_, END_TIME_, DURATION_, START_USER_ID_, START_ACT_ID_, END_ACT_ID_, SUPER_PROCESS_INSTANCE_ID_, DELETE_REASON_, TENANT_ID_, NAME_ ) values ( ?, ?, ?, ?, ?, ?, ?, ?, ?, ?, ?, ?, ?, ? ) 
10:44:57,142 [main] DEBUG org.activiti.engine.impl.persistence.entity.HistoricProcessInstanceEntity.insertHistoricProcessInstance  - ==&gt; Parameters: 1601(String), 1601(String), null, timerOnTask:1:1594(String), 2023-03-20 11:44:57.0(Timestamp), null, null, null, theStart(String), null, null, null, (String), null
10:44:57,142 [main] DEBUG org.activiti.engine.impl.persistence.entity.HistoricProcessInstanceEntity.insertHistoricProcessInstance  - &lt;==    Updates: 1
10:44:57,142 [main] DEBUG org.activiti.engine.impl.persistence.entity.HistoricActivityInstanceEntity.bulkInsertHistoricActivityInstance  - ==&gt;  Preparing: insert into ACT_HI_ACTINST ( ID_, PROC_DEF_ID_, PROC_INST_ID_, EXECUTION_ID_, ACT_ID_, TASK_ID_, CALL_PROC_INST_ID_, ACT_NAME_, ACT_TYPE_, ASSIGNEE_, START_TIME_, END_TIME_, DURATION_, TENANT_ID_ ) values (?, ?, ?, ?, ?, ?, ?, ?, ?, ?, ?, ?, ?, ?) , (?, ?, ?, ?, ?, ?, ?, ?, ?, ?, ?, ?, ?, ?) 
10:44:57,142 [main] DEBUG org.activiti.engine.impl.persistence.entity.HistoricActivityInstanceEntity.bulkInsertHistoricActivityInstance  - ==&gt; Parameters: 1602(String), timerOnTask:1:1594(String), 1601(String), 1601(String), theStart(String), null, null, null, startEvent(String), null, 2023-03-20 11:44:57.0(Timestamp), 2023-03-20 11:44:57.0(Timestamp), 0(Long), (String), 1605(String), timerOnTask:1:1594(String), 1601(String), 1603(String), firstLineSupport(String), 1606(String), null, First line support(String), userTask(String), null, 2023-03-20 11:44:57.0(Timestamp), null, null, (String)
10:44:57,142 [main] DEBUG org.activiti.engine.impl.persistence.entity.HistoricActivityInstanceEntity.bulkInsertHistoricActivityInstance  - &lt;==    Updates: 2
10:44:57,142 [main] DEBUG org.activiti.engine.impl.persistence.entity.ExecutionEntity.bulkInsertExecution  - ==&gt;  Preparing: insert into ACT_RU_EXECUTION (ID_, REV_, PROC_INST_ID_, BUSINESS_KEY_, PROC_DEF_ID_, ACT_ID_, IS_ACTIVE_, IS_CONCURRENT_, IS_SCOPE_,IS_EVENT_SCOPE_, PARENT_ID_, SUPER_EXEC_, SUSPENSION_STATE_, CACHED_ENT_STATE_, TENANT_ID_, NAME_) values (?, 1, ?, ?, ?, ?, ?, ?, ?, ?, ?, ?, ?, ?, ?, ?) , (?, 1, ?, ?, ?, ?, ?, ?, ?, ?, ?, ?, ?, ?, ?, ?) 
10:44:57,142 [main] DEBUG org.activiti.engine.impl.persistence.entity.ExecutionEntity.bulkInsertExecution  - ==&gt; Parameters: 1601(String), 1601(String), null, timerOnTask:1:1594(String), null, false(Boolean), false(Boolean), true(Boolean), false(Boolean), null, null, 1(Integer), 2(Integer), (String), null, 1603(String), 1601(String), null, timerOnTask:1:1594(String), firstLineSupport(String), true(Boolean), false(Boolean), true(Boolean), false(Boolean), 1601(String), null, 1(Integer), 6(Integer), (String), null
10:44:57,143 [main] DEBUG org.activiti.engine.impl.persistence.entity.ExecutionEntity.bulkInsertExecution  - &lt;==    Updates: 2
10:44:57,143 [main] DEBUG org.activiti.engine.impl.db.DbSqlSession  - inserting: Task[id=1606, name=First line support]
10:44:57,143 [main] DEBUG org.activiti.engine.impl.persistence.entity.TaskEntity.insertTask  - ==&gt;  Preparing: insert into ACT_RU_TASK (ID_, REV_, NAME_, PARENT_TASK_ID_, DESCRIPTION_, PRIORITY_, CREATE_TIME_, OWNER_, ASSIGNEE_, DELEGATION_, EXECUTION_ID_, PROC_INST_ID_, PROC_DEF_ID_, TASK_DEF_KEY_, DUE_DATE_, CATEGORY_, SUSPENSION_STATE_, TENANT_ID_, FORM_KEY_) values (?, 1, ?, ?, ?, ?, ?, ?, ?, ?, ?, ?, ?, ?, ?, ?, ?, ?, ? ) 
10:44:57,143 [main] DEBUG org.activiti.engine.impl.persistence.entity.TaskEntity.insertTask  - ==&gt; Parameters: 1606(String), First line support(String), null, null, 50(Integer), 2023-03-20 11:44:57.0(Timestamp), null, null, null, 1603(String), 1601(String), timerOnTask:1:1594(String), firstLineSupport(String), null, null, 1(Integer), (String), null
10:44:57,143 [main] DEBUG org.activiti.engine.impl.persistence.entity.TaskEntity.insertTask  - &lt;==    Updates: 1
10:44:57,143 [main] DEBUG org.activiti.engine.impl.db.DbSqlSession  - inserting: JobEntity [id=1604]
10:44:57,143 [main] DEBUG org.activiti.engine.impl.persistence.entity.JobEntity.insertTimer  - ==&gt;  Preparing: insert into ACT_RU_JOB ( ID_, REV_, TYPE_, LOCK_OWNER_, LOCK_EXP_TIME_, EXCLUSIVE_, EXECUTION_ID_, PROCESS_INSTANCE_ID_, PROC_DEF_ID_, RETRIES_, EXCEPTION_STACK_ID_, EXCEPTION_MSG_, DUEDATE_, REPEAT_, HANDLER_TYPE_, HANDLER_CFG_, TENANT_ID_) values (?, 1, &apos;timer&apos;, ?, ?, ?, ?, ?, ?, ?, ?, ?, ?, ?, ?, ?, ? ) 
10:44:57,143 [main] DEBUG org.activiti.engine.impl.persistence.entity.JobEntity.insertTimer  - ==&gt; Parameters: 1604(String), null, null, true(Boolean), 1603(String), 1601(String), timerOnTask:1:1594(String), 3(Integer), null, null, 2023-03-20 12:44:57.0(Timestamp), null, timer-transition(String), {&quot;activityId&quot;:&quot;escalationTimer&quot;}(String), (String)
10:44:57,143 [main] DEBUG org.activiti.engine.impl.persistence.entity.JobEntity.insertTimer  - &lt;==    Updates: 1
10:44:57,143 [main] DEBUG org.activiti.engine.impl.cfg.standalone.StandaloneMybatisTransactionContext  - firing event committing...
10:44:57,143 [main] DEBUG org.activiti.engine.impl.cfg.standalone.StandaloneMybatisTransactionContext  - committing the ibatis sql session...
10:44:57,143 [main] DEBUG org.apache.ibatis.transaction.jdbc.JdbcTransaction  - Committing JDBC Connection [conn4: url=jdbc:h2:mem:activiti user=SA]
10:44:57,143 [main] DEBUG org.activiti.engine.impl.cfg.standalone.StandaloneMybatisTransactionContext  - firing event committed...
10:44:57,143 [main] DEBUG org.apache.ibatis.transaction.jdbc.JdbcTransaction  - Resetting autocommit to true on JDBC Connection [conn4: url=jdbc:h2:mem:activiti user=SA]
10:44:57,143 [main] DEBUG org.apache.ibatis.transaction.jdbc.JdbcTransaction  - Closing JDBC Connection [conn4: url=jdbc:h2:mem:activiti user=SA]
10:44:57,143 [main] DEBUG org.apache.ibatis.datasource.pooled.PooledDataSource  - Returned connection 297240765 to pool.
10:44:57,143 [main] DEBUG org.activiti.engine.impl.interceptor.LogInterceptor  - --- StartProcessInstanceCmd finished --------------------------------------------------------
10:44:57,143 [main] DEBUG org.activiti.engine.impl.interceptor.LogInterceptor  - 

10:44:57,143 [main] DEBUG org.activiti.engine.impl.interceptor.LogInterceptor  - 

10:44:57,143 [main] DEBUG org.activiti.engine.impl.interceptor.LogInterceptor  - --- starting StartProcessInstanceCmd --------------------------------------------------------
10:44:57,143 [main] DEBUG org.apache.ibatis.transaction.jdbc.JdbcTransaction  - Opening JDBC Connection
10:44:57,143 [main] DEBUG org.apache.ibatis.datasource.pooled.PooledDataSource  - Checked out connection 363509958 from pool.
10:44:57,143 [main] DEBUG org.apache.ibatis.transaction.jdbc.JdbcTransaction  - Setting autocommit to false on JDBC Connection [conn2: url=jdbc:h2:mem:activiti user=SA]
10:44:57,143 [main] DEBUG org.activiti.engine.impl.persistence.entity.ProcessDefinitionEntity.selectLatestProcessDefinitionByKey  - ==&gt;  Preparing: select * from ACT_RE_PROCDEF where KEY_ = ? and (TENANT_ID_ = &apos;&apos; or TENANT_ID_ is null) and VERSION_ = (select max(VERSION_) from ACT_RE_PROCDEF where KEY_ = ? and (TENANT_ID_ = &apos;&apos; or TENANT_ID_ is null)) 
10:44:57,143 [main] DEBUG org.activiti.engine.impl.persistence.entity.ProcessDefinitionEntity.selectLatestProcessDefinitionByKey  - ==&gt; Parameters: timerOnTask(String), timerOnTask(String)
10:44:57,143 [main] DEBUG org.activiti.engine.impl.persistence.entity.ProcessDefinitionEntity.selectLatestProcessDefinitionByKey  - &lt;==      Total: 1
10:44:57,143 [main] DEBUG org.activiti.engine.impl.persistence.entity.ExecutionEntity  - initializing ProcessInstance[1607]
10:44:57,143 [main] DEBUG org.activiti.engine.impl.history.DefaultHistoryManager  - Current history level: FULL, level required: ACTIVITY
10:44:57,143 [main] DEBUG org.activiti.engine.impl.pvm.runtime.AtomicOperationActivityExecute  - ProcessInstance[1607] executes Activity(theStart): org.activiti.engine.impl.bpmn.behavior.NoneStartEventActivityBehavior
10:44:57,143 [main] DEBUG org.activiti.engine.impl.persistence.entity.JobEntity.selectJobsByExecutionId  - ==&gt;  Preparing: select * from ACT_RU_JOB J where J.EXECUTION_ID_ = ? 
10:44:57,143 [main] DEBUG org.activiti.engine.impl.persistence.entity.JobEntity.selectJobsByExecutionId  - ==&gt; Parameters: 1607(String)
10:44:57,143 [main] DEBUG org.activiti.engine.impl.persistence.entity.JobEntity.selectJobsByExecutionId  - &lt;==      Total: 0
10:44:57,143 [main] DEBUG org.activiti.engine.impl.bpmn.behavior.BpmnActivityBehavior  - Leaving activity &apos;theStart&apos;
10:44:57,143 [main] DEBUG org.activiti.engine.impl.history.DefaultHistoryManager  - Current history level: FULL, level required: ACTIVITY
10:44:57,143 [main] DEBUG org.activiti.engine.impl.pvm.runtime.AtomicOperationTransitionNotifyListenerTake  - ProcessInstance[1607] takes transition (theStart)--flow1--&gt;(firstLineSupport)
10:44:57,143 [main] DEBUG org.activiti.engine.impl.persistence.entity.ExecutionEntity  - Child execution ScopeExecution[1609] created with parent 
10:44:57,143 [main] DEBUG org.activiti.engine.impl.pvm.runtime.AtomicOperationTransitionCreateScope  - create scope: parent ProcessInstance[1607] continues as execution ScopeExecution[1609]
10:44:57,143 [main] DEBUG org.activiti.engine.impl.persistence.entity.ExecutionEntity  - initializing ScopeExecution[1609]
10:44:57,144 [main] DEBUG org.activiti.engine.impl.persistence.entity.JobEntity.selectJobsByExecutionId  - ==&gt;  Preparing: select * from ACT_RU_JOB J where J.EXECUTION_ID_ = ? 
10:44:57,144 [main] DEBUG org.activiti.engine.impl.persistence.entity.JobEntity.selectJobsByExecutionId  - ==&gt; Parameters: 1609(String)
10:44:57,144 [main] DEBUG org.activiti.engine.impl.persistence.entity.JobEntity.selectJobsByExecutionId  - &lt;==      Total: 0
10:44:57,144 [main] DEBUG org.activiti.engine.impl.history.DefaultHistoryManager  - Current history level: FULL, level required: ACTIVITY
10:44:57,144 [main] DEBUG org.activiti.engine.impl.pvm.runtime.AtomicOperationActivityExecute  - ScopeExecution[1609] executes Activity(firstLineSupport): org.activiti.engine.impl.bpmn.behavior.UserTaskActivityBehavior
10:44:57,144 [main] DEBUG org.activiti.engine.impl.persistence.entity.TaskEntity.selectTasksByExecutionId  - ==&gt;  Preparing: select distinct T.* from ACT_RU_TASK T where T.EXECUTION_ID_ = ? 
10:44:57,144 [main] DEBUG org.activiti.engine.impl.persistence.entity.TaskEntity.selectTasksByExecutionId  - ==&gt; Parameters: 1609(String)
10:44:57,144 [main] DEBUG org.activiti.engine.impl.persistence.entity.TaskEntity.selectTasksByExecutionId  - &lt;==      Total: 0
10:44:57,144 [main] DEBUG org.activiti.engine.impl.history.DefaultHistoryManager  - Current history level: FULL, level required: AUDIT
10:44:57,144 [main] DEBUG org.activiti.engine.impl.history.DefaultHistoryManager  - Current history level: FULL, level required: AUDIT
10:44:57,144 [main] DEBUG org.activiti.engine.impl.interceptor.LogInterceptor  - 

10:44:57,144 [main] DEBUG org.activiti.engine.impl.interceptor.LogInterceptor  - --- starting  --------------------------------------------------------
10:44:57,144 [main] DEBUG org.activiti.engine.impl.interceptor.CommandContextInterceptor  - Valid context found. Reusing it for the current command &apos;null&apos;
10:44:57,144 [main] DEBUG org.activiti.engine.impl.persistence.entity.ProcessDefinitionInfoEntity.selectProcessDefinitionInfoByProcessDefinitionId  - ==&gt;  Preparing: select * from ACT_PROCDEF_INFO where PROC_DEF_ID_ = ? 
10:44:57,144 [main] DEBUG org.activiti.engine.impl.persistence.entity.ProcessDefinitionInfoEntity.selectProcessDefinitionInfoByProcessDefinitionId  - ==&gt; Parameters: timerOnTask:1:1594(String)
10:44:57,144 [main] DEBUG org.activiti.engine.impl.persistence.entity.ProcessDefinitionInfoEntity.selectProcessDefinitionInfoByProcessDefinitionId  - &lt;==      Total: 0
10:44:57,144 [main] DEBUG org.activiti.engine.impl.interceptor.LogInterceptor  - ---  finished --------------------------------------------------------
10:44:57,144 [main] DEBUG org.activiti.engine.impl.interceptor.LogInterceptor  - 

10:44:57,144 [main] DEBUG org.activiti.engine.impl.history.DefaultHistoryManager  - Current history level: FULL, level required: AUDIT
10:44:57,144 [main] DEBUG org.activiti.engine.impl.history.DefaultHistoryManager  - Current history level: FULL, level required: AUDIT
10:44:57,144 [main] DEBUG org.activiti.engine.impl.history.DefaultHistoryManager  - Current history level: FULL, level required: ACTIVITY
10:44:57,144 [main] DEBUG org.activiti.engine.impl.db.DbSqlSession  -   insert ProcessInstance[1607]
10:44:57,144 [main] DEBUG org.activiti.engine.impl.db.DbSqlSession  -   insert ScopeExecution[1609]
10:44:57,144 [main] DEBUG org.activiti.engine.impl.db.DbSqlSession  -   insert HistoricProcessInstanceEntity[superProcessInstanceId=null]
10:44:57,144 [main] DEBUG org.activiti.engine.impl.db.DbSqlSession  -   insert Task[id=1612, name=First line support]
10:44:57,144 [main] DEBUG org.activiti.engine.impl.db.DbSqlSession  -   insert HistoricTaskInstanceEntity[id=1612, name=First line support]
10:44:57,144 [main] DEBUG org.activiti.engine.impl.db.DbSqlSession  -   insert HistoricActivityInstanceEntity[activityId=theStart, activityName=null]
10:44:57,144 [main] DEBUG org.activiti.engine.impl.db.DbSqlSession  -   insert HistoricActivityInstanceEntity[activityId=firstLineSupport, activityName=First line support]
10:44:57,144 [main] DEBUG org.activiti.engine.impl.db.DbSqlSession  -   insert JobEntity [id=1610]
10:44:57,144 [main] DEBUG org.activiti.engine.impl.db.DbSqlSession  - flush summary: 8 insert, 0 update, 0 delete.
10:44:57,144 [main] DEBUG org.activiti.engine.impl.db.DbSqlSession  - now executing flush...
10:44:57,144 [main] DEBUG org.activiti.engine.impl.db.DbSqlSession  - inserting: HistoricTaskInstanceEntity[id=1612, name=First line support]
10:44:57,144 [main] DEBUG org.activiti.engine.impl.persistence.entity.HistoricTaskInstanceEntity.insertHistoricTaskInstance  - ==&gt;  Preparing: insert into ACT_HI_TASKINST ( ID_, PROC_DEF_ID_, PROC_INST_ID_, EXECUTION_ID_, NAME_, PARENT_TASK_ID_, DESCRIPTION_, OWNER_, ASSIGNEE_, START_TIME_, CLAIM_TIME_, END_TIME_, DURATION_, DELETE_REASON_, TASK_DEF_KEY_, FORM_KEY_, PRIORITY_, DUE_DATE_, CATEGORY_, TENANT_ID_ ) values ( ?, ?, ?, ?, ?, ?, ?, ?, ?, ?, ?, ?, ?, ?, ?, ?, ?, ?, ?, ? ) 
10:44:57,144 [main] DEBUG org.activiti.engine.impl.persistence.entity.HistoricTaskInstanceEntity.insertHistoricTaskInstance  - ==&gt; Parameters: 1612(String), timerOnTask:1:1594(String), 1607(String), 1609(String), First line support(String), null, null, null, null, 2023-03-20 12:44:57.0(Timestamp), null, null, null, null, firstLineSupport(String), null, 50(Integer), null, null, (String)
10:44:57,144 [main] DEBUG org.activiti.engine.impl.persistence.entity.HistoricTaskInstanceEntity.insertHistoricTaskInstance  - &lt;==    Updates: 1
10:44:57,144 [main] DEBUG org.activiti.engine.impl.db.DbSqlSession  - inserting: HistoricProcessInstanceEntity[superProcessInstanceId=null]
10:44:57,144 [main] DEBUG org.activiti.engine.impl.persistence.entity.HistoricProcessInstanceEntity.insertHistoricProcessInstance  - ==&gt;  Preparing: insert into ACT_HI_PROCINST ( ID_, PROC_INST_ID_, BUSINESS_KEY_, PROC_DEF_ID_, START_TIME_, END_TIME_, DURATION_, START_USER_ID_, START_ACT_ID_, END_ACT_ID_, SUPER_PROCESS_INSTANCE_ID_, DELETE_REASON_, TENANT_ID_, NAME_ ) values ( ?, ?, ?, ?, ?, ?, ?, ?, ?, ?, ?, ?, ?, ? ) 
10:44:57,144 [main] DEBUG org.activiti.engine.impl.persistence.entity.HistoricProcessInstanceEntity.insertHistoricProcessInstance  - ==&gt; Parameters: 1607(String), 1607(String), null, timerOnTask:1:1594(String), 2023-03-20 12:44:57.0(Timestamp), null, null, null, theStart(String), null, null, null, (String), null
10:44:57,144 [main] DEBUG org.activiti.engine.impl.persistence.entity.HistoricProcessInstanceEntity.insertHistoricProcessInstance  - &lt;==    Updates: 1
10:44:57,144 [main] DEBUG org.activiti.engine.impl.persistence.entity.HistoricActivityInstanceEntity.bulkInsertHistoricActivityInstance  - ==&gt;  Preparing: insert into ACT_HI_ACTINST ( ID_, PROC_DEF_ID_, PROC_INST_ID_, EXECUTION_ID_, ACT_ID_, TASK_ID_, CALL_PROC_INST_ID_, ACT_NAME_, ACT_TYPE_, ASSIGNEE_, START_TIME_, END_TIME_, DURATION_, TENANT_ID_ ) values (?, ?, ?, ?, ?, ?, ?, ?, ?, ?, ?, ?, ?, ?) , (?, ?, ?, ?, ?, ?, ?, ?, ?, ?, ?, ?, ?, ?) 
10:44:57,145 [main] DEBUG org.activiti.engine.impl.persistence.entity.HistoricActivityInstanceEntity.bulkInsertHistoricActivityInstance  - ==&gt; Parameters: 1608(String), timerOnTask:1:1594(String), 1607(String), 1607(String), theStart(String), null, null, null, startEvent(String), null, 2023-03-20 12:44:57.0(Timestamp), 2023-03-20 12:44:57.0(Timestamp), 0(Long), (String), 1611(String), timerOnTask:1:1594(String), 1607(String), 1609(String), firstLineSupport(String), 1612(String), null, First line support(String), userTask(String), null, 2023-03-20 12:44:57.0(Timestamp), null, null, (String)
10:44:57,145 [main] DEBUG org.activiti.engine.impl.persistence.entity.HistoricActivityInstanceEntity.bulkInsertHistoricActivityInstance  - &lt;==    Updates: 2
10:44:57,145 [main] DEBUG org.activiti.engine.impl.persistence.entity.ExecutionEntity.bulkInsertExecution  - ==&gt;  Preparing: insert into ACT_RU_EXECUTION (ID_, REV_, PROC_INST_ID_, BUSINESS_KEY_, PROC_DEF_ID_, ACT_ID_, IS_ACTIVE_, IS_CONCURRENT_, IS_SCOPE_,IS_EVENT_SCOPE_, PARENT_ID_, SUPER_EXEC_, SUSPENSION_STATE_, CACHED_ENT_STATE_, TENANT_ID_, NAME_) values (?, 1, ?, ?, ?, ?, ?, ?, ?, ?, ?, ?, ?, ?, ?, ?) , (?, 1, ?, ?, ?, ?, ?, ?, ?, ?, ?, ?, ?, ?, ?, ?) 
10:44:57,145 [main] DEBUG org.activiti.engine.impl.persistence.entity.ExecutionEntity.bulkInsertExecution  - ==&gt; Parameters: 1607(String), 1607(String), null, timerOnTask:1:1594(String), null, false(Boolean), false(Boolean), true(Boolean), false(Boolean), null, null, 1(Integer), 2(Integer), (String), null, 1609(String), 1607(String), null, timerOnTask:1:1594(String), firstLineSupport(String), true(Boolean), false(Boolean), true(Boolean), false(Boolean), 1607(String), null, 1(Integer), 6(Integer), (String), null
10:44:57,145 [main] DEBUG org.activiti.engine.impl.persistence.entity.ExecutionEntity.bulkInsertExecution  - &lt;==    Updates: 2
10:44:57,145 [main] DEBUG org.activiti.engine.impl.db.DbSqlSession  - inserting: Task[id=1612, name=First line support]
10:44:57,145 [main] DEBUG org.activiti.engine.impl.persistence.entity.TaskEntity.insertTask  - ==&gt;  Preparing: insert into ACT_RU_TASK (ID_, REV_, NAME_, PARENT_TASK_ID_, DESCRIPTION_, PRIORITY_, CREATE_TIME_, OWNER_, ASSIGNEE_, DELEGATION_, EXECUTION_ID_, PROC_INST_ID_, PROC_DEF_ID_, TASK_DEF_KEY_, DUE_DATE_, CATEGORY_, SUSPENSION_STATE_, TENANT_ID_, FORM_KEY_) values (?, 1, ?, ?, ?, ?, ?, ?, ?, ?, ?, ?, ?, ?, ?, ?, ?, ?, ? ) 
10:44:57,145 [main] DEBUG org.activiti.engine.impl.persistence.entity.TaskEntity.insertTask  - ==&gt; Parameters: 1612(String), First line support(String), null, null, 50(Integer), 2023-03-20 12:44:57.0(Timestamp), null, null, null, 1609(String), 1607(String), timerOnTask:1:1594(String), firstLineSupport(String), null, null, 1(Integer), (String), null
10:44:57,145 [main] DEBUG org.activiti.engine.impl.persistence.entity.TaskEntity.insertTask  - &lt;==    Updates: 1
10:44:57,145 [main] DEBUG org.activiti.engine.impl.db.DbSqlSession  - inserting: JobEntity [id=1610]
10:44:57,145 [main] DEBUG org.activiti.engine.impl.persistence.entity.JobEntity.insertTimer  - ==&gt;  Preparing: insert into ACT_RU_JOB ( ID_, REV_, TYPE_, LOCK_OWNER_, LOCK_EXP_TIME_, EXCLUSIVE_, EXECUTION_ID_, PROCESS_INSTANCE_ID_, PROC_DEF_ID_, RETRIES_, EXCEPTION_STACK_ID_, EXCEPTION_MSG_, DUEDATE_, REPEAT_, HANDLER_TYPE_, HANDLER_CFG_, TENANT_ID_) values (?, 1, &apos;timer&apos;, ?, ?, ?, ?, ?, ?, ?, ?, ?, ?, ?, ?, ?, ? ) 
10:44:57,145 [main] DEBUG org.activiti.engine.impl.persistence.entity.JobEntity.insertTimer  - ==&gt; Parameters: 1610(String), null, null, true(Boolean), 1609(String), 1607(String), timerOnTask:1:1594(String), 3(Integer), null, null, 2023-03-20 13:44:57.0(Timestamp), null, timer-transition(String), {&quot;activityId&quot;:&quot;escalationTimer&quot;}(String), (String)
10:44:57,145 [main] DEBUG org.activiti.engine.impl.persistence.entity.JobEntity.insertTimer  - &lt;==    Updates: 1
10:44:57,145 [main] DEBUG org.activiti.engine.impl.cfg.standalone.StandaloneMybatisTransactionContext  - firing event committing...
10:44:57,145 [main] DEBUG org.activiti.engine.impl.cfg.standalone.StandaloneMybatisTransactionContext  - committing the ibatis sql session...
10:44:57,145 [main] DEBUG org.apache.ibatis.transaction.jdbc.JdbcTransaction  - Committing JDBC Connection [conn2: url=jdbc:h2:mem:activiti user=SA]
10:44:57,145 [main] DEBUG org.activiti.engine.impl.cfg.standalone.StandaloneMybatisTransactionContext  - firing event committed...
10:44:57,145 [main] DEBUG org.apache.ibatis.transaction.jdbc.JdbcTransaction  - Resetting autocommit to true on JDBC Connection [conn2: url=jdbc:h2:mem:activiti user=SA]
10:44:57,145 [main] DEBUG org.apache.ibatis.transaction.jdbc.JdbcTransaction  - Closing JDBC Connection [conn2: url=jdbc:h2:mem:activiti user=SA]
10:44:57,145 [main] DEBUG org.apache.ibatis.datasource.pooled.PooledDataSource  - Returned connection 363509958 to pool.
10:44:57,145 [main] DEBUG org.activiti.engine.impl.interceptor.LogInterceptor  - --- StartProcessInstanceCmd finished --------------------------------------------------------
10:44:57,145 [main] DEBUG org.activiti.engine.impl.interceptor.LogInterceptor  - 

10:44:57,145 [main] DEBUG org.activiti.engine.impl.interceptor.LogInterceptor  - 

10:44:57,145 [main] DEBUG org.activiti.engine.impl.interceptor.LogInterceptor  - --- starting  --------------------------------------------------------
10:44:57,145 [main] DEBUG org.activiti.engine.impl.db.DbSqlSession  -   insert JobEntity [id=1613]
10:44:57,145 [main] DEBUG org.activiti.engine.impl.db.DbSqlSession  - flush summary: 1 insert, 0 update, 0 delete.
10:44:57,145 [main] DEBUG org.activiti.engine.impl.db.DbSqlSession  - now executing flush...
10:44:57,145 [main] DEBUG org.activiti.engine.impl.db.DbSqlSession  - inserting: JobEntity [id=1613]
10:44:57,145 [main] DEBUG org.apache.ibatis.transaction.jdbc.JdbcTransaction  - Opening JDBC Connection
10:44:57,145 [main] DEBUG org.apache.ibatis.datasource.pooled.PooledDataSource  - Checked out connection 180014677 from pool.
10:44:57,145 [main] DEBUG org.apache.ibatis.transaction.jdbc.JdbcTransaction  - Setting autocommit to false on JDBC Connection [conn3: url=jdbc:h2:mem:activiti user=SA]
10:44:57,145 [main] DEBUG org.activiti.engine.impl.persistence.entity.JobEntity.insertMessage  - ==&gt;  Preparing: insert into ACT_RU_JOB ( ID_, REV_, TYPE_, LOCK_OWNER_, LOCK_EXP_TIME_, EXCLUSIVE_, EXECUTION_ID_, PROCESS_INSTANCE_ID_, PROC_DEF_ID_, DUEDATE_, RETRIES_, EXCEPTION_STACK_ID_, EXCEPTION_MSG_, HANDLER_TYPE_, HANDLER_CFG_, TENANT_ID_) values (?, 1, &apos;message&apos;, ?, ?, ?, ?, ?, ?, ?, ?, ?, ?, ?, ?, ? ) 
10:44:57,145 [main] DEBUG org.activiti.engine.impl.persistence.entity.JobEntity.insertMessage  - ==&gt; Parameters: 1613(String), null, null, true(Boolean), null, null, null, 2023-03-20 12:49:57.0(Timestamp), 3(Integer), null, null, null, null, (String)
10:44:57,145 [main] DEBUG org.activiti.engine.impl.persistence.entity.JobEntity.insertMessage  - &lt;==    Updates: 1
10:44:57,145 [main] DEBUG org.activiti.engine.impl.cfg.standalone.StandaloneMybatisTransactionContext  - firing event committing...
10:44:57,145 [main] DEBUG org.activiti.engine.impl.cfg.standalone.StandaloneMybatisTransactionContext  - committing the ibatis sql session...
10:44:57,145 [main] DEBUG org.apache.ibatis.transaction.jdbc.JdbcTransaction  - Committing JDBC Connection [conn3: url=jdbc:h2:mem:activiti user=SA]
10:44:57,145 [main] DEBUG org.activiti.engine.impl.cfg.standalone.StandaloneMybatisTransactionContext  - firing event committed...
10:44:57,145 [main] DEBUG org.activiti.engine.impl.jobexecutor.AsyncJobAddedNotification  - notifying job executor of new job
10:44:57,145 [main] DEBUG org.apache.ibatis.transaction.jdbc.JdbcTransaction  - Resetting autocommit to true on JDBC Connection [conn3: url=jdbc:h2:mem:activiti user=SA]
10:44:57,145 [main] DEBUG org.apache.ibatis.transaction.jdbc.JdbcTransaction  - Closing JDBC Connection [conn3: url=jdbc:h2:mem:activiti user=SA]
10:44:57,145 [main] DEBUG org.apache.ibatis.datasource.pooled.PooledDataSource  - Returned connection 180014677 to pool.
10:44:57,145 [main] DEBUG org.activiti.engine.impl.interceptor.LogInterceptor  - ---  finished --------------------------------------------------------
10:44:57,145 [main] DEBUG org.activiti.engine.impl.interceptor.LogInterceptor  - 

10:44:57,145 [main] DEBUG org.activiti.engine.impl.test.PvmTestCase  - 

10:44:57,145 [main] DEBUG org.activiti.engine.impl.test.PvmTestCase  - #### START JobQueryTest.testQueryByException ###########################################################
10:44:57,145 [main] DEBUG org.activiti.engine.impl.interceptor.LogInterceptor  - 

10:44:57,146 [main] DEBUG org.activiti.engine.impl.interceptor.LogInterceptor  - --- starting JobQueryImpl --------------------------------------------------------
10:44:57,146 [main] DEBUG org.apache.ibatis.transaction.jdbc.JdbcTransaction  - Opening JDBC Connection
10:44:57,146 [main] DEBUG org.apache.ibatis.datasource.pooled.PooledDataSource  - Checked out connection 297240765 from pool.
10:44:57,146 [main] DEBUG org.apache.ibatis.transaction.jdbc.JdbcTransaction  - Setting autocommit to false on JDBC Connection [conn4: url=jdbc:h2:mem:activiti user=SA]
10:44:57,146 [main] DEBUG org.activiti.engine.impl.persistence.entity.JobEntity.selectJobByQueryCriteria  - ==&gt;  Preparing: select RES.* from ACT_RU_JOB RES WHERE (RES.EXCEPTION_MSG_ is not null or RES.EXCEPTION_STACK_ID_ is not null) order by order by RES.ID_ asc LIMIT ? OFFSET ? 
10:44:57,146 [main] DEBUG org.activiti.engine.impl.interceptor.CommandContext  - Error while closing command context
org.apache.ibatis.exceptions.PersistenceException: 
### Error querying database.  Cause: org.h2.jdbc.JdbcSQLException: Syntax error in SQL statement &quot;SELECT RES.* 
     
    FROM ACT_RU_JOB RES
     
     WHERE  (RES.EXCEPTION_MSG_ IS NOT NULL OR RES.EXCEPTION_STACK_ID_ IS NOT NULL) 
   
     ORDER BY  ORDER[*] BY RES.ID_ ASC  
    LIMIT ? OFFSET ? &quot;; expected &quot;=, NOT, EXISTS, INTERSECTS, SELECT, FROM&quot;; SQL statement:
select RES.* 
     
    from ACT_RU_JOB RES
     
     WHERE  (RES.EXCEPTION_MSG_ is not null or RES.EXCEPTION_STACK_ID_ is not null) 
   
     order by  order by RES.ID_ asc  
    LIMIT ? OFFSET ? [42001-176]
### The error may exist in org/activiti/db/mapping/entity/Job.xml
### The error may involve org.activiti.engine.impl.persistence.entity.JobEntity.selectJobByQueryCriteria
### The error occurred while executing a query
### SQL: select RES.*            from ACT_RU_JOB RES            WHERE  (RES.EXCEPTION_MSG_ is not null or RES.EXCEPTION_STACK_ID_ is not null)           order by  order by RES.ID_ asc       LIMIT ? OFFSET ?
### Cause: org.h2.jdbc.JdbcSQLException: Syntax error in SQL statement &quot;SELECT RES.* 
     
    FROM ACT_RU_JOB RES
     
     WHERE  (RES.EXCEPTION_MSG_ IS NOT NULL OR RES.EXCEPTION_STACK_ID_ IS NOT NULL) 
   
     ORDER BY  ORDER[*] BY RES.ID_ ASC  
    LIMIT ? OFFSET ? &quot;; expected &quot;=, NOT, EXISTS, INTERSECTS, SELECT, FROM&quot;; SQL statement:
select RES.* 
     
    from ACT_RU_JOB RES
     
     WHERE  (RES.EXCEPTION_MSG_ is not null or RES.EXCEPTION_STACK_ID_ is not null) 
   
     order by  order by RES.ID_ asc  
    LIMIT ? OFFSET ? [42001-176]
	at org.apache.ibatis.exceptions.ExceptionFactory.wrapException(ExceptionFactory.java:30)
	at org.apache.ibatis.session.defaults.DefaultSqlSession.selectList(DefaultSqlSession.java:122)
	at org.apache.ibatis.session.defaults.DefaultSqlSession.selectList(DefaultSqlSession.java:113)
	at org.activiti.engine.impl.db.DbSqlSession.selectListWithRawParameter(DbSqlSession.java:438)
	at org.activiti.engine.impl.db.DbSqlSession.selectList(DbSqlSession.java:429)
	at org.activiti.engine.impl.db.DbSqlSession.selectList(DbSqlSession.java:419)
	at org.activiti.engine.impl.persistence.entity.JobEntityManager.findJobsByQueryCriteria(JobEntityManager.java:198)
	at org.activiti.engine.impl.JobQueryImpl.executeList(JobQueryImpl.java:243)
	at org.activiti.engine.impl.AbstractQuery.execute(AbstractQuery.java:164)
	at org.activiti.engine.impl.interceptor.CommandInvoker.execute(CommandInvoker.java:24)
	at org.activiti.engine.impl.interceptor.CommandContextInterceptor.execute(CommandContextInterceptor.java:57)
	at org.activiti.engine.impl.interceptor.LogInterceptor.execute(LogInterceptor.java:37)
	at org.activiti.engine.impl.cfg.CommandExecutorImpl.execute(CommandExecutorImpl.java:40)
	at org.activiti.engine.impl.cfg.CommandExecutorImpl.execute(CommandExecutorImpl.java:35)
	at org.activiti.engine.impl.AbstractQuery.list(AbstractQuery.java:138)
	at org.activiti.engine.test.api.mgmt.JobQueryTest.verifyQueryResults(JobQueryTest.java:400)
	at org.activiti.engine.test.api.mgmt.JobQueryTest.testQueryByException(JobQueryTest.java:231)
	at sun.reflect.NativeMethodAccessorImpl.invoke0(Native Method)
	at sun.reflect.NativeMethodAccessorImpl.invoke(NativeMethodAccessorImpl.java:62)
	at sun.reflect.DelegatingMethodAccessorImpl.invoke(DelegatingMethodAccessorImpl.java:43)
	at java.lang.reflect.Method.invoke(Method.java:498)
	at junit.framework.TestCase.runTest(TestCase.java:176)
	at org.activiti.engine.impl.test.PvmTestCase.runTest(PvmTestCase.java:65)
	at junit.framework.TestCase.runBare(TestCase.java:141)
	at org.activiti.engine.impl.test.AbstractActivitiTestCase.runBare(AbstractActivitiTestCase.java:100)
	at junit.framework.TestResult$1.protect(TestResult.java:122)
	at junit.framework.TestResult.runProtected(TestResult.java:142)
	at junit.framework.TestResult.run(TestResult.java:125)
	at junit.framework.TestCase.run(TestCase.java:129)
	at junit.framework.TestSuite.runTest(TestSuite.java:255)
	at junit.framework.TestSuite.run(TestSuite.java:250)
	at org.junit.internal.runners.JUnit38ClassRunner.run(JUnit38ClassRunner.java:84)
	at org.apache.maven.surefire.junit4.JUnit4TestSet.execute(JUnit4TestSet.java:35)
	at org.apache.maven.surefire.junit4.JUnit4Provider.executeTestSet(JUnit4Provider.java:146)
	at org.apache.maven.surefire.junit4.JUnit4Provider.invoke(JUnit4Provider.java:97)
	at sun.reflect.NativeMethodAccessorImpl.invoke0(Native Method)
	at sun.reflect.NativeMethodAccessorImpl.invoke(NativeMethodAccessorImpl.java:62)
	at sun.reflect.DelegatingMethodAccessorImpl.invoke(DelegatingMethodAccessorImpl.java:43)
	at java.lang.reflect.Method.invoke(Method.java:498)
	at org.apache.maven.surefire.booter.ProviderFactory$ClassLoaderProxy.invoke(ProviderFactory.java:103)
	at com.sun.proxy.$Proxy0.invoke(Unknown Source)
	at org.apache.maven.surefire.booter.SurefireStarter.invokeProvider(SurefireStarter.java:145)
	at org.apache.maven.surefire.booter.SurefireStarter.runSuitesInProcess(SurefireStarter.java:87)
	at org.apache.maven.surefire.booter.ForkedBooter.main(ForkedBooter.java:69)
Caused by: org.h2.jdbc.JdbcSQLException: Syntax error in SQL statement &quot;SELECT RES.* 
     
    FROM ACT_RU_JOB RES
     
     WHERE  (RES.EXCEPTION_MSG_ IS NOT NULL OR RES.EXCEPTION_STACK_ID_ IS NOT NULL) 
   
     ORDER BY  ORDER[*] BY RES.ID_ ASC  
    LIMIT ? OFFSET ? &quot;; expected &quot;=, NOT, EXISTS, INTERSECTS, SELECT, FROM&quot;; SQL statement:
select RES.* 
     
    from ACT_RU_JOB RES
     
     WHERE  (RES.EXCEPTION_MSG_ is not null or RES.EXCEPTION_STACK_ID_ is not null) 
   
     order by  order by RES.ID_ asc  
    LIMIT ? OFFSET ? [42001-176]
	at org.h2.message.DbException.getJdbcSQLException(DbException.java:344)
	at org.h2.message.DbException.getSyntaxError(DbException.java:204)
	at org.h2.command.Parser.getSyntaxError(Parser.java:524)
	at org.h2.command.Parser.readTerm(Parser.java:2688)
	at org.h2.command.Parser.readFactor(Parser.java:2244)
	at org.h2.command.Parser.readSum(Parser.java:2231)
	at org.h2.command.Parser.readConcat(Parser.java:2201)
	at org.h2.command.Parser.readCondition(Parser.java:2051)
	at org.h2.command.Parser.readAnd(Parser.java:2023)
	at org.h2.command.Parser.readExpression(Parser.java:2015)
	at org.h2.command.Parser.parseEndOfQuery(Parser.java:1726)
	at org.h2.command.Parser.parseSelectUnionExtension(Parser.java:1706)
	at org.h2.command.Parser.parseSelectUnion(Parser.java:1675)
	at org.h2.command.Parser.parseSelect(Parser.java:1662)
	at org.h2.command.Parser.parsePrepared(Parser.java:434)
	at org.h2.command.Parser.parse(Parser.java:306)
	at org.h2.command.Parser.parse(Parser.java:282)
	at org.h2.command.Parser.prepareCommand(Parser.java:243)
	at org.h2.engine.Session.prepareLocal(Session.java:442)
	at org.h2.engine.Session.prepareCommand(Session.java:384)
	at org.h2.jdbc.JdbcConnection.prepareCommand(JdbcConnection.java:1188)
	at org.h2.jdbc.JdbcPreparedStatement.&lt;init&gt;(JdbcPreparedStatement.java:73)
	at org.h2.jdbc.JdbcConnection.prepareStatement(JdbcConnection.java:276)
	at sun.reflect.GeneratedMethodAccessor6.invoke(Unknown Source)
	at sun.reflect.DelegatingMethodAccessorImpl.invoke(DelegatingMethodAccessorImpl.java:43)
	at java.lang.reflect.Method.invoke(Method.java:498)
	at org.apache.ibatis.datasource.pooled.PooledConnection.invoke(PooledConnection.java:245)
	at com.sun.proxy.$Proxy12.prepareStatement(Unknown Source)
	at sun.reflect.GeneratedMethodAccessor6.invoke(Unknown Source)
	at sun.reflect.DelegatingMethodAccessorImpl.invoke(DelegatingMethodAccessorImpl.java:43)
	at java.lang.reflect.Method.invoke(Method.java:498)
	at org.apache.ibatis.logging.jdbc.ConnectionLogger.invoke(ConnectionLogger.java:55)
	at com.sun.proxy.$Proxy12.prepareStatement(Unknown Source)
	at org.apache.ibatis.executor.statement.PreparedStatementHandler.instantiateStatement(PreparedStatementHandler.java:79)
	at org.apache.ibatis.executor.statement.BaseStatementHandler.prepare(BaseStatementHandler.java:88)
	at org.apache.ibatis.executor.statement.RoutingStatementHandler.prepare(RoutingStatementHandler.java:58)
	at org.apache.ibatis.executor.SimpleExecutor.prepareStatement(SimpleExecutor.java:76)
	at org.apache.ibatis.executor.SimpleExecutor.doQuery(SimpleExecutor.java:61)
	at org.apache.ibatis.executor.BaseExecutor.queryFromDatabase(BaseExecutor.java:303)
	at org.apache.ibatis.executor.BaseExecutor.query(BaseExecutor.java:154)
	at org.apache.ibatis.executor.CachingExecutor.query(CachingExecutor.java:102)
	at org.apache.ibatis.executor.CachingExecutor.query(CachingExecutor.java:82)
	at org.apache.ibatis.session.defaults.DefaultSqlSession.selectList(DefaultSqlSession.java:120)
	... 42 more
10:44:57,146 [main] DEBUG org.activiti.engine.impl.cfg.standalone.StandaloneMybatisTransactionContext  - firing event rolling back...
10:44:57,146 [main] DEBUG org.activiti.engine.impl.cfg.standalone.StandaloneMybatisTransactionContext  - rolling back ibatis sql session...
10:44:57,146 [main] DEBUG org.activiti.engine.impl.cfg.standalone.StandaloneMybatisTransactionContext  - firing event rolled back...
10:44:57,146 [main] DEBUG org.apache.ibatis.transaction.jdbc.JdbcTransaction  - Resetting autocommit to true on JDBC Connection [conn4: url=jdbc:h2:mem:activiti user=SA]
10:44:57,146 [main] DEBUG org.apache.ibatis.transaction.jdbc.JdbcTransaction  - Closing JDBC Connection [conn4: url=jdbc:h2:mem:activiti user=SA]
10:44:57,146 [main] DEBUG org.apache.ibatis.datasource.pooled.PooledDataSource  - Returned connection 297240765 to pool.
10:44:57,146 [main] DEBUG org.activiti.engine.impl.interceptor.LogInterceptor  - --- JobQueryImpl finished --------------------------------------------------------
10:44:57,146 [main] DEBUG org.activiti.engine.impl.interceptor.LogInterceptor  - 

10:44:57,146 [main] ERROR org.activiti.engine.impl.test.PvmTestCase  - 

10:44:57,146 [main] ERROR org.activiti.engine.impl.test.PvmTestCase  - EXCEPTION: org.apache.ibatis.exceptions.PersistenceException: 
### Error querying database.  Cause: org.h2.jdbc.JdbcSQLException: Syntax error in SQL statement &quot;SELECT RES.* 
     
    FROM ACT_RU_JOB RES
     
     WHERE  (RES.EXCEPTION_MSG_ IS NOT NULL OR RES.EXCEPTION_STACK_ID_ IS NOT NULL) 
   
     ORDER BY  ORDER[*] BY RES.ID_ ASC  
    LIMIT ? OFFSET ? &quot;; expected &quot;=, NOT, EXISTS, INTERSECTS, SELECT, FROM&quot;; SQL statement:
select RES.* 
     
    from ACT_RU_JOB RES
     
     WHERE  (RES.EXCEPTION_MSG_ is not null or RES.EXCEPTION_STACK_ID_ is not null) 
   
     order by  order by RES.ID_ asc  
    LIMIT ? OFFSET ? [42001-176]
### The error may exist in org/activiti/db/mapping/entity/Job.xml
### The error may involve org.activiti.engine.impl.persistence.entity.JobEntity.selectJobByQueryCriteria
### The error occurred while executing a query
### SQL: select RES.*            from ACT_RU_JOB RES            WHERE  (RES.EXCEPTION_MSG_ is not null or RES.EXCEPTION_STACK_ID_ is not null)           order by  order by RES.ID_ asc       LIMIT ? OFFSET ?
### Cause: org.h2.jdbc.JdbcSQLException: Syntax error in SQL statement &quot;SELECT RES.* 
     
    FROM ACT_RU_JOB RES
     
     WHERE  (RES.EXCEPTION_MSG_ IS NOT NULL OR RES.EXCEPTION_STACK_ID_ IS NOT NULL) 
   
     ORDER BY  ORDER[*] BY RES.ID_ ASC  
    LIMIT ? OFFSET ? &quot;; expected &quot;=, NOT, EXISTS, INTERSECTS, SELECT, FROM&quot;; SQL statement:
select RES.* 
     
    from ACT_RU_JOB RES
     
     WHERE  (RES.EXCEPTION_MSG_ is not null or RES.EXCEPTION_STACK_ID_ is not null) 
   
     order by  order by RES.ID_ asc  
    LIMIT ? OFFSET ? [42001-176]
org.apache.ibatis.exceptions.PersistenceException: 
### Error querying database.  Cause: org.h2.jdbc.JdbcSQLException: Syntax error in SQL statement &quot;SELECT RES.* 
     
    FROM ACT_RU_JOB RES
     
     WHERE  (RES.EXCEPTION_MSG_ IS NOT NULL OR RES.EXCEPTION_STACK_ID_ IS NOT NULL) 
   
     ORDER BY  ORDER[*] BY RES.ID_ ASC  
    LIMIT ? OFFSET ? &quot;; expected &quot;=, NOT, EXISTS, INTERSECTS, SELECT, FROM&quot;; SQL statement:
select RES.* 
     
    from ACT_RU_JOB RES
     
     WHERE  (RES.EXCEPTION_MSG_ is not null or RES.EXCEPTION_STACK_ID_ is not null) 
   
     order by  order by RES.ID_ asc  
    LIMIT ? OFFSET ? [42001-176]
### The error may exist in org/activiti/db/mapping/entity/Job.xml
### The error may involve org.activiti.engine.impl.persistence.entity.JobEntity.selectJobByQueryCriteria
### The error occurred while executing a query
### SQL: select RES.*            from ACT_RU_JOB RES            WHERE  (RES.EXCEPTION_MSG_ is not null or RES.EXCEPTION_STACK_ID_ is not null)           order by  order by RES.ID_ asc       LIMIT ? OFFSET ?
### Cause: org.h2.jdbc.JdbcSQLException: Syntax error in SQL statement &quot;SELECT RES.* 
     
    FROM ACT_RU_JOB RES
     
     WHERE  (RES.EXCEPTION_MSG_ IS NOT NULL OR RES.EXCEPTION_STACK_ID_ IS NOT NULL) 
   
     ORDER BY  ORDER[*] BY RES.ID_ ASC  
    LIMIT ? OFFSET ? &quot;; expected &quot;=, NOT, EXISTS, INTERSECTS, SELECT, FROM&quot;; SQL statement:
select RES.* 
     
    from ACT_RU_JOB RES
     
     WHERE  (RES.EXCEPTION_MSG_ is not null or RES.EXCEPTION_STACK_ID_ is not null) 
   
     order by  order by RES.ID_ asc  
    LIMIT ? OFFSET ? [42001-176]
	at org.apache.ibatis.exceptions.ExceptionFactory.wrapException(ExceptionFactory.java:30)
	at org.apache.ibatis.session.defaults.DefaultSqlSession.selectList(DefaultSqlSession.java:122)
	at org.apache.ibatis.session.defaults.DefaultSqlSession.selectList(DefaultSqlSession.java:113)
	at org.activiti.engine.impl.db.DbSqlSession.selectListWithRawParameter(DbSqlSession.java:438)
	at org.activiti.engine.impl.db.DbSqlSession.selectList(DbSqlSession.java:429)
	at org.activiti.engine.impl.db.DbSqlSession.selectList(DbSqlSession.java:419)
	at org.activiti.engine.impl.persistence.entity.JobEntityManager.findJobsByQueryCriteria(JobEntityManager.java:198)
	at org.activiti.engine.impl.JobQueryImpl.executeList(JobQueryImpl.java:243)
	at org.activiti.engine.impl.AbstractQuery.execute(AbstractQuery.java:164)
	at org.activiti.engine.impl.interceptor.CommandInvoker.execute(CommandInvoker.java:24)
	at org.activiti.engine.impl.interceptor.CommandContextInterceptor.execute(CommandContextInterceptor.java:57)
	at org.activiti.engine.impl.interceptor.LogInterceptor.execute(LogInterceptor.java:37)
	at org.activiti.engine.impl.cfg.CommandExecutorImpl.execute(CommandExecutorImpl.java:40)
	at org.activiti.engine.impl.cfg.CommandExecutorImpl.execute(CommandExecutorImpl.java:35)
	at org.activiti.engine.impl.AbstractQuery.list(AbstractQuery.java:138)
	at org.activiti.engine.test.api.mgmt.JobQueryTest.verifyQueryResults(JobQueryTest.java:400)
	at org.activiti.engine.test.api.mgmt.JobQueryTest.testQueryByException(JobQueryTest.java:231)
	at sun.reflect.NativeMethodAccessorImpl.invoke0(Native Method)
	at sun.reflect.NativeMethodAccessorImpl.invoke(NativeMethodAccessorImpl.java:62)
	at sun.reflect.DelegatingMethodAccessorImpl.invoke(DelegatingMethodAccessorImpl.java:43)
	at java.lang.reflect.Method.invoke(Method.java:498)
	at junit.framework.TestCase.runTest(TestCase.java:176)
	at org.activiti.engine.impl.test.PvmTestCase.runTest(PvmTestCase.java:65)
	at junit.framework.TestCase.runBare(TestCase.java:141)
	at org.activiti.engine.impl.test.AbstractActivitiTestCase.runBare(AbstractActivitiTestCase.java:100)
	at junit.framework.TestResult$1.protect(TestResult.java:122)
	at junit.framework.TestResult.runProtected(TestResult.java:142)
	at junit.framework.TestResult.run(TestResult.java:125)
	at junit.framework.TestCase.run(TestCase.java:129)
	at junit.framework.TestSuite.runTest(TestSuite.java:255)
	at junit.framework.TestSuite.run(TestSuite.java:250)
	at org.junit.internal.runners.JUnit38ClassRunner.run(JUnit38ClassRunner.java:84)
	at org.apache.maven.surefire.junit4.JUnit4TestSet.execute(JUnit4TestSet.java:35)
	at org.apache.maven.surefire.junit4.JUnit4Provider.executeTestSet(JUnit4Provider.java:146)
	at org.apache.maven.surefire.junit4.JUnit4Provider.invoke(JUnit4Provider.java:97)
	at sun.reflect.NativeMethodAccessorImpl.invoke0(Native Method)
	at sun.reflect.NativeMethodAccessorImpl.invoke(NativeMethodAccessorImpl.java:62)
	at sun.reflect.DelegatingMethodAccessorImpl.invoke(DelegatingMethodAccessorImpl.java:43)
	at java.lang.reflect.Method.invoke(Method.java:498)
	at org.apache.maven.surefire.booter.ProviderFactory$ClassLoaderProxy.invoke(ProviderFactory.java:103)
	at com.sun.proxy.$Proxy0.invoke(Unknown Source)
	at org.apache.maven.surefire.booter.SurefireStarter.invokeProvider(SurefireStarter.java:145)
	at org.apache.maven.surefire.booter.SurefireStarter.runSuitesInProcess(SurefireStarter.java:87)
	at org.apache.maven.surefire.booter.ForkedBooter.main(ForkedBooter.java:69)
Caused by: org.h2.jdbc.JdbcSQLException: Syntax error in SQL statement &quot;SELECT RES.* 
     
    FROM ACT_RU_JOB RES
     
     WHERE  (RES.EXCEPTION_MSG_ IS NOT NULL OR RES.EXCEPTION_STACK_ID_ IS NOT NULL) 
   
     ORDER BY  ORDER[*] BY RES.ID_ ASC  
    LIMIT ? OFFSET ? &quot;; expected &quot;=, NOT, EXISTS, INTERSECTS, SELECT, FROM&quot;; SQL statement:
select RES.* 
     
    from ACT_RU_JOB RES
     
     WHERE  (RES.EXCEPTION_MSG_ is not null or RES.EXCEPTION_STACK_ID_ is not null) 
   
     order by  order by RES.ID_ asc  
    LIMIT ? OFFSET ? [42001-176]
	at org.h2.message.DbException.getJdbcSQLException(DbException.java:344)
	at org.h2.message.DbException.getSyntaxError(DbException.java:204)
	at org.h2.command.Parser.getSyntaxError(Parser.java:524)
	at org.h2.command.Parser.readTerm(Parser.java:2688)
	at org.h2.command.Parser.readFactor(Parser.java:2244)
	at org.h2.command.Parser.readSum(Parser.java:2231)
	at org.h2.command.Parser.readConcat(Parser.java:2201)
	at org.h2.command.Parser.readCondition(Parser.java:2051)
	at org.h2.command.Parser.readAnd(Parser.java:2023)
	at org.h2.command.Parser.readExpression(Parser.java:2015)
	at org.h2.command.Parser.parseEndOfQuery(Parser.java:1726)
	at org.h2.command.Parser.parseSelectUnionExtension(Parser.java:1706)
	at org.h2.command.Parser.parseSelectUnion(Parser.java:1675)
	at org.h2.command.Parser.parseSelect(Parser.java:1662)
	at org.h2.command.Parser.parsePrepared(Parser.java:434)
	at org.h2.command.Parser.parse(Parser.java:306)
	at org.h2.command.Parser.parse(Parser.java:282)
	at org.h2.command.Parser.prepareCommand(Parser.java:243)
	at org.h2.engine.Session.prepareLocal(Session.java:442)
	at org.h2.engine.Session.prepareCommand(Session.java:384)
	at org.h2.jdbc.JdbcConnection.prepareCommand(JdbcConnection.java:1188)
	at org.h2.jdbc.JdbcPreparedStatement.&lt;init&gt;(JdbcPreparedStatement.java:73)
	at org.h2.jdbc.JdbcConnection.prepareStatement(JdbcConnection.java:276)
	at sun.reflect.GeneratedMethodAccessor6.invoke(Unknown Source)
	at sun.reflect.DelegatingMethodAccessorImpl.invoke(DelegatingMethodAccessorImpl.java:43)
	at java.lang.reflect.Method.invoke(Method.java:498)
	at org.apache.ibatis.datasource.pooled.PooledConnection.invoke(PooledConnection.java:245)
	at com.sun.proxy.$Proxy12.prepareStatement(Unknown Source)
	at sun.reflect.GeneratedMethodAccessor6.invoke(Unknown Source)
	at sun.reflect.DelegatingMethodAccessorImpl.invoke(DelegatingMethodAccessorImpl.java:43)
	at java.lang.reflect.Method.invoke(Method.java:498)
	at org.apache.ibatis.logging.jdbc.ConnectionLogger.invoke(ConnectionLogger.java:55)
	at com.sun.proxy.$Proxy12.prepareStatement(Unknown Source)
	at org.apache.ibatis.executor.statement.PreparedStatementHandler.instantiateStatement(PreparedStatementHandler.java:79)
	at org.apache.ibatis.executor.statement.BaseStatementHandler.prepare(BaseStatementHandler.java:88)
	at org.apache.ibatis.executor.statement.RoutingStatementHandler.prepare(RoutingStatementHandler.java:58)
	at org.apache.ibatis.executor.SimpleExecutor.prepareStatement(SimpleExecutor.java:76)
	at org.apache.ibatis.executor.SimpleExecutor.doQuery(SimpleExecutor.java:61)
	at org.apache.ibatis.executor.BaseExecutor.queryFromDatabase(BaseExecutor.java:303)
	at org.apache.ibatis.executor.BaseExecutor.query(BaseExecutor.java:154)
	at org.apache.ibatis.executor.CachingExecutor.query(CachingExecutor.java:102)
	at org.apache.ibatis.executor.CachingExecutor.query(CachingExecutor.java:82)
	at org.apache.ibatis.session.defaults.DefaultSqlSession.selectList(DefaultSqlSession.java:120)
	... 42 more
10:44:57,146 [main] DEBUG org.activiti.engine.impl.test.PvmTestCase  - #### END JobQueryTest.testQueryByException #############################################################
10:44:57,146 [main] DEBUG org.activiti.engine.impl.interceptor.LogInterceptor  - 

10:44:57,146 [main] DEBUG org.activiti.engine.impl.interceptor.LogInterceptor  - --- starting DeleteDeploymentCmd --------------------------------------------------------
10:44:57,146 [main] DEBUG org.apache.ibatis.transaction.jdbc.JdbcTransaction  - Opening JDBC Connection
10:44:57,146 [main] DEBUG org.apache.ibatis.datasource.pooled.PooledDataSource  - Checked out connection 363509958 from pool.
10:44:57,146 [main] DEBUG org.apache.ibatis.transaction.jdbc.JdbcTransaction  - Setting autocommit to false on JDBC Connection [conn2: url=jdbc:h2:mem:activiti user=SA]
10:44:57,146 [main] DEBUG org.activiti.engine.impl.persistence.entity.DeploymentEntity.selectDeploymentById  - ==&gt;  Preparing: select * from ACT_RE_DEPLOYMENT where ID_ = ? 
10:44:57,146 [main] DEBUG org.activiti.engine.impl.persistence.entity.DeploymentEntity.selectDeploymentById  - ==&gt; Parameters: 1592(String)
10:44:57,147 [main] DEBUG org.activiti.engine.impl.persistence.entity.DeploymentEntity.selectDeploymentById  - &lt;==      Total: 1
10:44:57,147 [main] DEBUG org.activiti.engine.impl.persistence.entity.ProcessDefinitionEntity.selectProcessDefinitionsByQueryCriteria  - ==&gt;  Preparing: select RES.* from ACT_RE_PROCDEF RES WHERE RES.DEPLOYMENT_ID_ = ? order by order by RES.ID_ asc LIMIT ? OFFSET ? 
10:44:57,147 [main] DEBUG org.activiti.engine.impl.interceptor.CommandContext  - Error while closing command context
org.apache.ibatis.exceptions.PersistenceException: 
### Error querying database.  Cause: org.h2.jdbc.JdbcSQLException: Syntax error in SQL statement &quot;SELECT RES.* 
       
    FROM ACT_RE_PROCDEF RES
     
     WHERE  RES.DEPLOYMENT_ID_ = ? 
   
     ORDER BY  ORDER[*] BY RES.ID_ ASC  
    LIMIT ? OFFSET ? &quot;; expected &quot;=, NOT, EXISTS, INTERSECTS, SELECT, FROM&quot;; SQL statement:
select RES.* 
       
    from ACT_RE_PROCDEF RES
     
     WHERE  RES.DEPLOYMENT_ID_ = ? 
   
     order by  order by RES.ID_ asc  
    LIMIT ? OFFSET ? [42001-176]
### The error may exist in org/activiti/db/mapping/entity/ProcessDefinition.xml
### The error may involve org.activiti.engine.impl.persistence.entity.ProcessDefinitionEntity.selectProcessDefinitionsByQueryCriteria
### The error occurred while executing a query
### SQL: select RES.*              from ACT_RE_PROCDEF RES            WHERE  RES.DEPLOYMENT_ID_ = ?           order by  order by RES.ID_ asc       LIMIT ? OFFSET ?
### Cause: org.h2.jdbc.JdbcSQLException: Syntax error in SQL statement &quot;SELECT RES.* 
       
    FROM ACT_RE_PROCDEF RES
     
     WHERE  RES.DEPLOYMENT_ID_ = ? 
   
     ORDER BY  ORDER[*] BY RES.ID_ ASC  
    LIMIT ? OFFSET ? &quot;; expected &quot;=, NOT, EXISTS, INTERSECTS, SELECT, FROM&quot;; SQL statement:
select RES.* 
       
    from ACT_RE_PROCDEF RES
     
     WHERE  RES.DEPLOYMENT_ID_ = ? 
   
     order by  order by RES.ID_ asc  
    LIMIT ? OFFSET ? [42001-176]
	at org.apache.ibatis.exceptions.ExceptionFactory.wrapException(ExceptionFactory.java:30)
	at org.apache.ibatis.session.defaults.DefaultSqlSession.selectList(DefaultSqlSession.java:122)
	at org.apache.ibatis.session.defaults.DefaultSqlSession.selectList(DefaultSqlSession.java:113)
	at org.activiti.engine.impl.db.DbSqlSession.selectListWithRawParameter(DbSqlSession.java:438)
	at org.activiti.engine.impl.db.DbSqlSession.selectList(DbSqlSession.java:429)
	at org.activiti.engine.impl.db.DbSqlSession.selectList(DbSqlSession.java:419)
	at org.activiti.engine.impl.persistence.entity.ProcessDefinitionEntityManager.findProcessDefinitionsByQueryCriteria(ProcessDefinitionEntityManager.java:57)
	at org.activiti.engine.impl.ProcessDefinitionQueryImpl.executeList(ProcessDefinitionQueryImpl.java:307)
	at org.activiti.engine.impl.AbstractQuery.list(AbstractQuery.java:140)
	at org.activiti.engine.impl.persistence.deploy.DeploymentManager.removeDeployment(DeploymentManager.java:187)
	at org.activiti.engine.impl.cmd.DeleteDeploymentCmd.execute(DeleteDeploymentCmd.java:44)
	at org.activiti.engine.impl.cmd.DeleteDeploymentCmd.execute(DeleteDeploymentCmd.java:24)
	at org.activiti.engine.impl.interceptor.CommandInvoker.execute(CommandInvoker.java:24)
	at org.activiti.engine.impl.interceptor.CommandContextInterceptor.execute(CommandContextInterceptor.java:57)
	at org.activiti.engine.impl.interceptor.LogInterceptor.execute(LogInterceptor.java:37)
	at org.activiti.engine.impl.cfg.CommandExecutorImpl.execute(CommandExecutorImpl.java:40)
	at org.activiti.engine.impl.cfg.CommandExecutorImpl.execute(CommandExecutorImpl.java:35)
	at org.activiti.engine.impl.RepositoryServiceImpl.deleteDeployment(RepositoryServiceImpl.java:90)
	at org.activiti.engine.test.api.mgmt.JobQueryTest.tearDown(JobQueryTest.java:116)
	at junit.framework.TestCase.runBare(TestCase.java:146)
	at org.activiti.engine.impl.test.AbstractActivitiTestCase.runBare(AbstractActivitiTestCase.java:100)
	at junit.framework.TestResult$1.protect(TestResult.java:122)
	at junit.framework.TestResult.runProtected(TestResult.java:142)
	at junit.framework.TestResult.run(TestResult.java:125)
	at junit.framework.TestCase.run(TestCase.java:129)
	at junit.framework.TestSuite.runTest(TestSuite.java:255)
	at junit.framework.TestSuite.run(TestSuite.java:250)
	at org.junit.internal.runners.JUnit38ClassRunner.run(JUnit38ClassRunner.java:84)
	at org.apache.maven.surefire.junit4.JUnit4TestSet.execute(JUnit4TestSet.java:35)
	at org.apache.maven.surefire.junit4.JUnit4Provider.executeTestSet(JUnit4Provider.java:146)
	at org.apache.maven.surefire.junit4.JUnit4Provider.invoke(JUnit4Provider.java:97)
	at sun.reflect.NativeMethodAccessorImpl.invoke0(Native Method)
	at sun.reflect.NativeMethodAccessorImpl.invoke(NativeMethodAccessorImpl.java:62)
	at sun.reflect.DelegatingMethodAccessorImpl.invoke(DelegatingMethodAccessorImpl.java:43)
	at java.lang.reflect.Method.invoke(Method.java:498)
	at org.apache.maven.surefire.booter.ProviderFactory$ClassLoaderProxy.invoke(ProviderFactory.java:103)
	at com.sun.proxy.$Proxy0.invoke(Unknown Source)
	at org.apache.maven.surefire.booter.SurefireStarter.invokeProvider(SurefireStarter.java:145)
	at org.apache.maven.surefire.booter.SurefireStarter.runSuitesInProcess(SurefireStarter.java:87)
	at org.apache.maven.surefire.booter.ForkedBooter.main(ForkedBooter.java:69)
Caused by: org.h2.jdbc.JdbcSQLException: Syntax error in SQL statement &quot;SELECT RES.* 
       
    FROM ACT_RE_PROCDEF RES
     
     WHERE  RES.DEPLOYMENT_ID_ = ? 
   
     ORDER BY  ORDER[*] BY RES.ID_ ASC  
    LIMIT ? OFFSET ? &quot;; expected &quot;=, NOT, EXISTS, INTERSECTS, SELECT, FROM&quot;; SQL statement:
select RES.* 
       
    from ACT_RE_PROCDEF RES
     
     WHERE  RES.DEPLOYMENT_ID_ = ? 
   
     order by  order by RES.ID_ asc  
    LIMIT ? OFFSET ? [42001-176]
	at org.h2.message.DbException.getJdbcSQLException(DbException.java:344)
	at org.h2.message.DbException.getSyntaxError(DbException.java:204)
	at org.h2.command.Parser.getSyntaxError(Parser.java:524)
	at org.h2.command.Parser.readTerm(Parser.java:2688)
	at org.h2.command.Parser.readFactor(Parser.java:2244)
	at org.h2.command.Parser.readSum(Parser.java:2231)
	at org.h2.command.Parser.readConcat(Parser.java:2201)
	at org.h2.command.Parser.readCondition(Parser.java:2051)
	at org.h2.command.Parser.readAnd(Parser.java:2023)
	at org.h2.command.Parser.readExpression(Parser.java:2015)
	at org.h2.command.Parser.parseEndOfQuery(Parser.java:1726)
	at org.h2.command.Parser.parseSelectUnionExtension(Parser.java:1706)
	at org.h2.command.Parser.parseSelectUnion(Parser.java:1675)
	at org.h2.command.Parser.parseSelect(Parser.java:1662)
	at org.h2.command.Parser.parsePrepared(Parser.java:434)
	at org.h2.command.Parser.parse(Parser.java:306)
	at org.h2.command.Parser.parse(Parser.java:282)
	at org.h2.command.Parser.prepareCommand(Parser.java:243)
	at org.h2.engine.Session.prepareLocal(Session.java:442)
	at org.h2.engine.Session.prepareCommand(Session.java:384)
	at org.h2.jdbc.JdbcConnection.prepareCommand(JdbcConnection.java:1188)
	at org.h2.jdbc.JdbcPreparedStatement.&lt;init&gt;(JdbcPreparedStatement.java:73)
	at org.h2.jdbc.JdbcConnection.prepareStatement(JdbcConnection.java:276)
	at sun.reflect.GeneratedMethodAccessor6.invoke(Unknown Source)
	at sun.reflect.DelegatingMethodAccessorImpl.invoke(DelegatingMethodAccessorImpl.java:43)
	at java.lang.reflect.Method.invoke(Method.java:498)
	at org.apache.ibatis.datasource.pooled.PooledConnection.invoke(PooledConnection.java:245)
	at com.sun.proxy.$Proxy12.prepareStatement(Unknown Source)
	at sun.reflect.GeneratedMethodAccessor6.invoke(Unknown Source)
	at sun.reflect.DelegatingMethodAccessorImpl.invoke(DelegatingMethodAccessorImpl.java:43)
	at java.lang.reflect.Method.invoke(Method.java:498)
	at org.apache.ibatis.logging.jdbc.ConnectionLogger.invoke(ConnectionLogger.java:55)
	at com.sun.proxy.$Proxy12.prepareStatement(Unknown Source)
	at org.apache.ibatis.executor.statement.PreparedStatementHandler.instantiateStatement(PreparedStatementHandler.java:79)
	at org.apache.ibatis.executor.statement.BaseStatementHandler.prepare(BaseStatementHandler.java:88)
	at org.apache.ibatis.executor.statement.RoutingStatementHandler.prepare(RoutingStatementHandler.java:58)
	at org.apache.ibatis.executor.SimpleExecutor.prepareStatement(SimpleExecutor.java:76)
	at org.apache.ibatis.executor.SimpleExecutor.doQuery(SimpleExecutor.java:61)
	at org.apache.ibatis.executor.BaseExecutor.queryFromDatabase(BaseExecutor.java:303)
	at org.apache.ibatis.executor.BaseExecutor.query(BaseExecutor.java:154)
	at org.apache.ibatis.executor.CachingExecutor.query(CachingExecutor.java:102)
	at org.apache.ibatis.executor.CachingExecutor.query(CachingExecutor.java:82)
	at org.apache.ibatis.session.defaults.DefaultSqlSession.selectList(DefaultSqlSession.java:120)
	... 38 more
10:44:57,147 [main] DEBUG org.activiti.engine.impl.cfg.standalone.StandaloneMybatisTransactionContext  - firing event rolling back...
10:44:57,147 [main] DEBUG org.activiti.engine.impl.cfg.standalone.StandaloneMybatisTransactionContext  - rolling back ibatis sql session...
10:44:57,147 [main] DEBUG org.activiti.engine.impl.cfg.standalone.StandaloneMybatisTransactionContext  - firing event rolled back...
10:44:57,147 [main] DEBUG org.apache.ibatis.transaction.jdbc.JdbcTransaction  - Resetting autocommit to true on JDBC Connection [conn2: url=jdbc:h2:mem:activiti user=SA]
10:44:57,147 [main] DEBUG org.apache.ibatis.transaction.jdbc.JdbcTransaction  - Closing JDBC Connection [conn2: url=jdbc:h2:mem:activiti user=SA]
10:44:57,148 [main] DEBUG org.apache.ibatis.datasource.pooled.PooledDataSource  - Returned connection 363509958 to pool.
10:44:57,148 [main] DEBUG org.activiti.engine.impl.interceptor.LogInterceptor  - --- DeleteDeploymentCmd finished --------------------------------------------------------
10:44:57,148 [main] DEBUG org.activiti.engine.impl.interceptor.LogInterceptor  - 

10:44:57,148 [main] ERROR org.activiti.engine.impl.test.PvmTestCase  - 

10:44:57,148 [main] ERROR org.activiti.engine.impl.test.PvmTestCase  - EXCEPTION: org.apache.ibatis.exceptions.PersistenceException: 
### Error querying database.  Cause: org.h2.jdbc.JdbcSQLException: Syntax error in SQL statement &quot;SELECT RES.* 
     
    FROM ACT_RU_JOB RES
     
     WHERE  (RES.EXCEPTION_MSG_ IS NOT NULL OR RES.EXCEPTION_STACK_ID_ IS NOT NULL) 
   
     ORDER BY  ORDER[*] BY RES.ID_ ASC  
    LIMIT ? OFFSET ? &quot;; expected &quot;=, NOT, EXISTS, INTERSECTS, SELECT, FROM&quot;; SQL statement:
select RES.* 
     
    from ACT_RU_JOB RES
     
     WHERE  (RES.EXCEPTION_MSG_ is not null or RES.EXCEPTION_STACK_ID_ is not null) 
   
     order by  order by RES.ID_ asc  
    LIMIT ? OFFSET ? [42001-176]
### The error may exist in org/activiti/db/mapping/entity/Job.xml
### The error may involve org.activiti.engine.impl.persistence.entity.JobEntity.selectJobByQueryCriteria
### The error occurred while executing a query
### SQL: select RES.*            from ACT_RU_JOB RES            WHERE  (RES.EXCEPTION_MSG_ is not null or RES.EXCEPTION_STACK_ID_ is not null)           order by  order by RES.ID_ asc       LIMIT ? OFFSET ?
### Cause: org.h2.jdbc.JdbcSQLException: Syntax error in SQL statement &quot;SELECT RES.* 
     
    FROM ACT_RU_JOB RES
     
     WHERE  (RES.EXCEPTION_MSG_ IS NOT NULL OR RES.EXCEPTION_STACK_ID_ IS NOT NULL) 
   
     ORDER BY  ORDER[*] BY RES.ID_ ASC  
    LIMIT ? OFFSET ? &quot;; expected &quot;=, NOT, EXISTS, INTERSECTS, SELECT, FROM&quot;; SQL statement:
select RES.* 
     
    from ACT_RU_JOB RES
     
     WHERE  (RES.EXCEPTION_MSG_ is not null or RES.EXCEPTION_STACK_ID_ is not null) 
   
     order by  order by RES.ID_ asc  
    LIMIT ? OFFSET ? [42001-176]
org.apache.ibatis.exceptions.PersistenceException: 
### Error querying database.  Cause: org.h2.jdbc.JdbcSQLException: Syntax error in SQL statement &quot;SELECT RES.* 
     
    FROM ACT_RU_JOB RES
     
     WHERE  (RES.EXCEPTION_MSG_ IS NOT NULL OR RES.EXCEPTION_STACK_ID_ IS NOT NULL) 
   
     ORDER BY  ORDER[*] BY RES.ID_ ASC  
    LIMIT ? OFFSET ? &quot;; expected &quot;=, NOT, EXISTS, INTERSECTS, SELECT, FROM&quot;; SQL statement:
select RES.* 
     
    from ACT_RU_JOB RES
     
     WHERE  (RES.EXCEPTION_MSG_ is not null or RES.EXCEPTION_STACK_ID_ is not null) 
   
     order by  order by RES.ID_ asc  
    LIMIT ? OFFSET ? [42001-176]
### The error may exist in org/activiti/db/mapping/entity/Job.xml
### The error may involve org.activiti.engine.impl.persistence.entity.JobEntity.selectJobByQueryCriteria
### The error occurred while executing a query
### SQL: select RES.*            from ACT_RU_JOB RES            WHERE  (RES.EXCEPTION_MSG_ is not null or RES.EXCEPTION_STACK_ID_ is not null)           order by  order by RES.ID_ asc       LIMIT ? OFFSET ?
### Cause: org.h2.jdbc.JdbcSQLException: Syntax error in SQL statement &quot;SELECT RES.* 
     
    FROM ACT_RU_JOB RES
     
     WHERE  (RES.EXCEPTION_MSG_ IS NOT NULL OR RES.EXCEPTION_STACK_ID_ IS NOT NULL) 
   
     ORDER BY  ORDER[*] BY RES.ID_ ASC  
    LIMIT ? OFFSET ? &quot;; expected &quot;=, NOT, EXISTS, INTERSECTS, SELECT, FROM&quot;; SQL statement:
select RES.* 
     
    from ACT_RU_JOB RES
     
     WHERE  (RES.EXCEPTION_MSG_ is not null or RES.EXCEPTION_STACK_ID_ is not null) 
   
     order by  order by RES.ID_ asc  
    LIMIT ? OFFSET ? [42001-176]
	at org.apache.ibatis.exceptions.ExceptionFactory.wrapException(ExceptionFactory.java:30)
	at org.apache.ibatis.session.defaults.DefaultSqlSession.selectList(DefaultSqlSession.java:122)
	at org.apache.ibatis.session.defaults.DefaultSqlSession.selectList(DefaultSqlSession.java:113)
	at org.activiti.engine.impl.db.DbSqlSession.selectListWithRawParameter(DbSqlSession.java:438)
	at org.activiti.engine.impl.db.DbSqlSession.selectList(DbSqlSession.java:429)
	at org.activiti.engine.impl.db.DbSqlSession.selectList(DbSqlSession.java:419)
	at org.activiti.engine.impl.persistence.entity.JobEntityManager.findJobsByQueryCriteria(JobEntityManager.java:198)
	at org.activiti.engine.impl.JobQueryImpl.executeList(JobQueryImpl.java:243)
	at org.activiti.engine.impl.AbstractQuery.execute(AbstractQuery.java:164)
	at org.activiti.engine.impl.interceptor.CommandInvoker.execute(CommandInvoker.java:24)
	at org.activiti.engine.impl.interceptor.CommandContextInterceptor.execute(CommandContextInterceptor.java:57)
	at org.activiti.engine.impl.interceptor.LogInterceptor.execute(LogInterceptor.java:37)
	at org.activiti.engine.impl.cfg.CommandExecutorImpl.execute(CommandExecutorImpl.java:40)
	at org.activiti.engine.impl.cfg.CommandExecutorImpl.execute(CommandExecutorImpl.java:35)
	at org.activiti.engine.impl.AbstractQuery.list(AbstractQuery.java:138)
	at org.activiti.engine.test.api.mgmt.JobQueryTest.verifyQueryResults(JobQueryTest.java:400)
	at org.activiti.engine.test.api.mgmt.JobQueryTest.testQueryByException(JobQueryTest.java:231)
	at sun.reflect.NativeMethodAccessorImpl.invoke0(Native Method)
	at sun.reflect.NativeMethodAccessorImpl.invoke(NativeMethodAccessorImpl.java:62)
	at sun.reflect.DelegatingMethodAccessorImpl.invoke(DelegatingMethodAccessorImpl.java:43)
	at java.lang.reflect.Method.invoke(Method.java:498)
	at junit.framework.TestCase.runTest(TestCase.java:176)
	at org.activiti.engine.impl.test.PvmTestCase.runTest(PvmTestCase.java:65)
	at junit.framework.TestCase.runBare(TestCase.java:141)
	at org.activiti.engine.impl.test.AbstractActivitiTestCase.runBare(AbstractActivitiTestCase.java:100)
	at junit.framework.TestResult$1.protect(TestResult.java:122)
	at junit.framework.TestResult.runProtected(TestResult.java:142)
	at junit.framework.TestResult.run(TestResult.java:125)
	at junit.framework.TestCase.run(TestCase.java:129)
	at junit.framework.TestSuite.runTest(TestSuite.java:255)
	at junit.framework.TestSuite.run(TestSuite.java:250)
	at org.junit.internal.runners.JUnit38ClassRunner.run(JUnit38ClassRunner.java:84)
	at org.apache.maven.surefire.junit4.JUnit4TestSet.execute(JUnit4TestSet.java:35)
	at org.apache.maven.surefire.junit4.JUnit4Provider.executeTestSet(JUnit4Provider.java:146)
	at org.apache.maven.surefire.junit4.JUnit4Provider.invoke(JUnit4Provider.java:97)
	at sun.reflect.NativeMethodAccessorImpl.invoke0(Native Method)
	at sun.reflect.NativeMethodAccessorImpl.invoke(NativeMethodAccessorImpl.java:62)
	at sun.reflect.DelegatingMethodAccessorImpl.invoke(DelegatingMethodAccessorImpl.java:43)
	at java.lang.reflect.Method.invoke(Method.java:498)
	at org.apache.maven.surefire.booter.ProviderFactory$ClassLoaderProxy.invoke(ProviderFactory.java:103)
	at com.sun.proxy.$Proxy0.invoke(Unknown Source)
	at org.apache.maven.surefire.booter.SurefireStarter.invokeProvider(SurefireStarter.java:145)
	at org.apache.maven.surefire.booter.SurefireStarter.runSuitesInProcess(SurefireStarter.java:87)
	at org.apache.maven.surefire.booter.ForkedBooter.main(ForkedBooter.java:69)
Caused by: org.h2.jdbc.JdbcSQLException: Syntax error in SQL statement &quot;SELECT RES.* 
     
    FROM ACT_RU_JOB RES
     
     WHERE  (RES.EXCEPTION_MSG_ IS NOT NULL OR RES.EXCEPTION_STACK_ID_ IS NOT NULL) 
   
     ORDER BY  ORDER[*] BY RES.ID_ ASC  
    LIMIT ? OFFSET ? &quot;; expected &quot;=, NOT, EXISTS, INTERSECTS, SELECT, FROM&quot;; SQL statement:
select RES.* 
     
    from ACT_RU_JOB RES
     
     WHERE  (RES.EXCEPTION_MSG_ is not null or RES.EXCEPTION_STACK_ID_ is not null) 
   
     order by  order by RES.ID_ asc  
    LIMIT ? OFFSET ? [42001-176]
	at org.h2.message.DbException.getJdbcSQLException(DbException.java:344)
	at org.h2.message.DbException.getSyntaxError(DbException.java:204)
	at org.h2.command.Parser.getSyntaxError(Parser.java:524)
	at org.h2.command.Parser.readTerm(Parser.java:2688)
	at org.h2.command.Parser.readFactor(Parser.java:2244)
	at org.h2.command.Parser.readSum(Parser.java:2231)
	at org.h2.command.Parser.readConcat(Parser.java:2201)
	at org.h2.command.Parser.readCondition(Parser.java:2051)
	at org.h2.command.Parser.readAnd(Parser.java:2023)
	at org.h2.command.Parser.readExpression(Parser.java:2015)
	at org.h2.command.Parser.parseEndOfQuery(Parser.java:1726)
	at org.h2.command.Parser.parseSelectUnionExtension(Parser.java:1706)
	at org.h2.command.Parser.parseSelectUnion(Parser.java:1675)
	at org.h2.command.Parser.parseSelect(Parser.java:1662)
	at org.h2.command.Parser.parsePrepared(Parser.java:434)
	at org.h2.command.Parser.parse(Parser.java:306)
	at org.h2.command.Parser.parse(Parser.java:282)
	at org.h2.command.Parser.prepareCommand(Parser.java:243)
	at org.h2.engine.Session.prepareLocal(Session.java:442)
	at org.h2.engine.Session.prepareCommand(Session.java:384)
	at org.h2.jdbc.JdbcConnection.prepareCommand(JdbcConnection.java:1188)
	at org.h2.jdbc.JdbcPreparedStatement.&lt;init&gt;(JdbcPreparedStatement.java:73)
	at org.h2.jdbc.JdbcConnection.prepareStatement(JdbcConnection.java:276)
	at sun.reflect.GeneratedMethodAccessor6.invoke(Unknown Source)
	at sun.reflect.DelegatingMethodAccessorImpl.invoke(DelegatingMethodAccessorImpl.java:43)
	at java.lang.reflect.Method.invoke(Method.java:498)
	at org.apache.ibatis.datasource.pooled.PooledConnection.invoke(PooledConnection.java:245)
	at com.sun.proxy.$Proxy12.prepareStatement(Unknown Source)
	at sun.reflect.GeneratedMethodAccessor6.invoke(Unknown Source)
	at sun.reflect.DelegatingMethodAccessorImpl.invoke(DelegatingMethodAccessorImpl.java:43)
	at java.lang.reflect.Method.invoke(Method.java:498)
	at org.apache.ibatis.logging.jdbc.ConnectionLogger.invoke(ConnectionLogger.java:55)
	at com.sun.proxy.$Proxy12.prepareStatement(Unknown Source)
	at org.apache.ibatis.executor.statement.PreparedStatementHandler.instantiateStatement(PreparedStatementHandler.java:79)
	at org.apache.ibatis.executor.statement.BaseStatementHandler.prepare(BaseStatementHandler.java:88)
	at org.apache.ibatis.executor.statement.RoutingStatementHandler.prepare(RoutingStatementHandler.java:58)
	at org.apache.ibatis.executor.SimpleExecutor.prepareStatement(SimpleExecutor.java:76)
	at org.apache.ibatis.executor.SimpleExecutor.doQuery(SimpleExecutor.java:61)
	at org.apache.ibatis.executor.BaseExecutor.queryFromDatabase(BaseExecutor.java:303)
	at org.apache.ibatis.executor.BaseExecutor.query(BaseExecutor.java:154)
	at org.apache.ibatis.executor.CachingExecutor.query(CachingExecutor.java:102)
	at org.apache.ibatis.executor.CachingExecutor.query(CachingExecutor.java:82)
	at org.apache.ibatis.session.defaults.DefaultSqlSession.selectList(DefaultSqlSession.java:120)
	... 42 more
10:44:57,148 [main] DEBUG org.activiti.engine.impl.test.TestHelper  - annotation @Deployment deletes deployment for JobQueryTest.testQueryByException
10:44:57,148 [main] DEBUG org.activiti.engine.impl.interceptor.LogInterceptor  - 

10:44:57,148 [main] DEBUG org.activiti.engine.impl.interceptor.LogInterceptor  - --- starting DeleteDeploymentCmd --------------------------------------------------------
10:44:57,148 [main] DEBUG org.apache.ibatis.transaction.jdbc.JdbcTransaction  - Opening JDBC Connection
10:44:57,148 [main] DEBUG org.apache.ibatis.datasource.pooled.PooledDataSource  - Checked out connection 180014677 from pool.
10:44:57,148 [main] DEBUG org.apache.ibatis.transaction.jdbc.JdbcTransaction  - Setting autocommit to false on JDBC Connection [conn3: url=jdbc:h2:mem:activiti user=SA]
10:44:57,148 [main] DEBUG org.activiti.engine.impl.persistence.entity.DeploymentEntity.selectDeploymentById  - ==&gt;  Preparing: select * from ACT_RE_DEPLOYMENT where ID_ = ? 
10:44:57,148 [main] DEBUG org.activiti.engine.impl.persistence.entity.DeploymentEntity.selectDeploymentById  - ==&gt; Parameters: 1589(String)
10:44:57,148 [main] DEBUG org.activiti.engine.impl.persistence.entity.DeploymentEntity.selectDeploymentById  - &lt;==      Total: 1
10:44:57,148 [main] DEBUG org.activiti.engine.impl.persistence.entity.ProcessDefinitionEntity.selectProcessDefinitionsByQueryCriteria  - ==&gt;  Preparing: select RES.* from ACT_RE_PROCDEF RES WHERE RES.DEPLOYMENT_ID_ = ? order by order by RES.ID_ asc LIMIT ? OFFSET ? 
10:44:57,148 [main] DEBUG org.activiti.engine.impl.interceptor.CommandContext  - Error while closing command context
org.apache.ibatis.exceptions.PersistenceException: 
### Error querying database.  Cause: org.h2.jdbc.JdbcSQLException: Syntax error in SQL statement &quot;SELECT RES.* 
       
    FROM ACT_RE_PROCDEF RES
     
     WHERE  RES.DEPLOYMENT_ID_ = ? 
   
     ORDER BY  ORDER[*] BY RES.ID_ ASC  
    LIMIT ? OFFSET ? &quot;; expected &quot;=, NOT, EXISTS, INTERSECTS, SELECT, FROM&quot;; SQL statement:
select RES.* 
       
    from ACT_RE_PROCDEF RES
     
     WHERE  RES.DEPLOYMENT_ID_ = ? 
   
     order by  order by RES.ID_ asc  
    LIMIT ? OFFSET ? [42001-176]
### The error may exist in org/activiti/db/mapping/entity/ProcessDefinition.xml
### The error may involve org.activiti.engine.impl.persistence.entity.ProcessDefinitionEntity.selectProcessDefinitionsByQueryCriteria
### The error occurred while executing a query
### SQL: select RES.*              from ACT_RE_PROCDEF RES            WHERE  RES.DEPLOYMENT_ID_ = ?           order by  order by RES.ID_ asc       LIMIT ? OFFSET ?
### Cause: org.h2.jdbc.JdbcSQLException: Syntax error in SQL statement &quot;SELECT RES.* 
       
    FROM ACT_RE_PROCDEF RES
     
     WHERE  RES.DEPLOYMENT_ID_ = ? 
   
     ORDER BY  ORDER[*] BY RES.ID_ ASC  
    LIMIT ? OFFSET ? &quot;; expected &quot;=, NOT, EXISTS, INTERSECTS, SELECT, FROM&quot;; SQL statement:
select RES.* 
       
    from ACT_RE_PROCDEF RES
     
     WHERE  RES.DEPLOYMENT_ID_ = ? 
   
     order by  order by RES.ID_ asc  
    LIMIT ? OFFSET ? [42001-176]
	at org.apache.ibatis.exceptions.ExceptionFactory.wrapException(ExceptionFactory.java:30)
	at org.apache.ibatis.session.defaults.DefaultSqlSession.selectList(DefaultSqlSession.java:122)
	at org.apache.ibatis.session.defaults.DefaultSqlSession.selectList(DefaultSqlSession.java:113)
	at org.activiti.engine.impl.db.DbSqlSession.selectListWithRawParameter(DbSqlSession.java:438)
	at org.activiti.engine.impl.db.DbSqlSession.selectList(DbSqlSession.java:429)
	at org.activiti.engine.impl.db.DbSqlSession.selectList(DbSqlSession.java:419)
	at org.activiti.engine.impl.persistence.entity.ProcessDefinitionEntityManager.findProcessDefinitionsByQueryCriteria(ProcessDefinitionEntityManager.java:57)
	at org.activiti.engine.impl.ProcessDefinitionQueryImpl.executeList(ProcessDefinitionQueryImpl.java:307)
	at org.activiti.engine.impl.AbstractQuery.list(AbstractQuery.java:140)
	at org.activiti.engine.impl.persistence.deploy.DeploymentManager.removeDeployment(DeploymentManager.java:187)
	at org.activiti.engine.impl.cmd.DeleteDeploymentCmd.execute(DeleteDeploymentCmd.java:44)
	at org.activiti.engine.impl.cmd.DeleteDeploymentCmd.execute(DeleteDeploymentCmd.java:24)
	at org.activiti.engine.impl.interceptor.CommandInvoker.execute(CommandInvoker.java:24)
	at org.activiti.engine.impl.interceptor.CommandContextInterceptor.execute(CommandContextInterceptor.java:57)
	at org.activiti.engine.impl.interceptor.LogInterceptor.execute(LogInterceptor.java:37)
	at org.activiti.engine.impl.cfg.CommandExecutorImpl.execute(CommandExecutorImpl.java:40)
	at org.activiti.engine.impl.cfg.CommandExecutorImpl.execute(CommandExecutorImpl.java:35)
	at org.activiti.engine.impl.RepositoryServiceImpl.deleteDeployment(RepositoryServiceImpl.java:90)
	at org.activiti.engine.impl.test.TestHelper.annotationDeploymentTearDown(TestHelper.java:116)
	at org.activiti.engine.impl.test.AbstractActivitiTestCase.runBare(AbstractActivitiTestCase.java:116)
	at junit.framework.TestResult$1.protect(TestResult.java:122)
	at junit.framework.TestResult.runProtected(TestResult.java:142)
	at junit.framework.TestResult.run(TestResult.java:125)
	at junit.framework.TestCase.run(TestCase.java:129)
	at junit.framework.TestSuite.runTest(TestSuite.java:255)
	at junit.framework.TestSuite.run(TestSuite.java:250)
	at org.junit.internal.runners.JUnit38ClassRunner.run(JUnit38ClassRunner.java:84)
	at org.apache.maven.surefire.junit4.JUnit4TestSet.execute(JUnit4TestSet.java:35)
	at org.apache.maven.surefire.junit4.JUnit4Provider.executeTestSet(JUnit4Provider.java:146)
	at org.apache.maven.surefire.junit4.JUnit4Provider.invoke(JUnit4Provider.java:97)
	at sun.reflect.NativeMethodAccessorImpl.invoke0(Native Method)
	at sun.reflect.NativeMethodAccessorImpl.invoke(NativeMethodAccessorImpl.java:62)
	at sun.reflect.DelegatingMethodAccessorImpl.invoke(DelegatingMethodAccessorImpl.java:43)
	at java.lang.reflect.Method.invoke(Method.java:498)
	at org.apache.maven.surefire.booter.ProviderFactory$ClassLoaderProxy.invoke(ProviderFactory.java:103)
	at com.sun.proxy.$Proxy0.invoke(Unknown Source)
	at org.apache.maven.surefire.booter.SurefireStarter.invokeProvider(SurefireStarter.java:145)
	at org.apache.maven.surefire.booter.SurefireStarter.runSuitesInProcess(SurefireStarter.java:87)
	at org.apache.maven.surefire.booter.ForkedBooter.main(ForkedBooter.java:69)
Caused by: org.h2.jdbc.JdbcSQLException: Syntax error in SQL statement &quot;SELECT RES.* 
       
    FROM ACT_RE_PROCDEF RES
     
     WHERE  RES.DEPLOYMENT_ID_ = ? 
   
     ORDER BY  ORDER[*] BY RES.ID_ ASC  
    LIMIT ? OFFSET ? &quot;; expected &quot;=, NOT, EXISTS, INTERSECTS, SELECT, FROM&quot;; SQL statement:
select RES.* 
       
    from ACT_RE_PROCDEF RES
     
     WHERE  RES.DEPLOYMENT_ID_ = ? 
   
     order by  order by RES.ID_ asc  
    LIMIT ? OFFSET ? [42001-176]
	at org.h2.message.DbException.getJdbcSQLException(DbException.java:344)
	at org.h2.message.DbException.getSyntaxError(DbException.java:204)
	at org.h2.command.Parser.getSyntaxError(Parser.java:524)
	at org.h2.command.Parser.readTerm(Parser.java:2688)
	at org.h2.command.Parser.readFactor(Parser.java:2244)
	at org.h2.command.Parser.readSum(Parser.java:2231)
	at org.h2.command.Parser.readConcat(Parser.java:2201)
	at org.h2.command.Parser.readCondition(Parser.java:2051)
	at org.h2.command.Parser.readAnd(Parser.java:2023)
	at org.h2.command.Parser.readExpression(Parser.java:2015)
	at org.h2.command.Parser.parseEndOfQuery(Parser.java:1726)
	at org.h2.command.Parser.parseSelectUnionExtension(Parser.java:1706)
	at org.h2.command.Parser.parseSelectUnion(Parser.java:1675)
	at org.h2.command.Parser.parseSelect(Parser.java:1662)
	at org.h2.command.Parser.parsePrepared(Parser.java:434)
	at org.h2.command.Parser.parse(Parser.java:306)
	at org.h2.command.Parser.parse(Parser.java:282)
	at org.h2.command.Parser.prepareCommand(Parser.java:243)
	at org.h2.engine.Session.prepareLocal(Session.java:442)
	at org.h2.engine.Session.prepareCommand(Session.java:384)
	at org.h2.jdbc.JdbcConnection.prepareCommand(JdbcConnection.java:1188)
	at org.h2.jdbc.JdbcPreparedStatement.&lt;init&gt;(JdbcPreparedStatement.java:73)
	at org.h2.jdbc.JdbcConnection.prepareStatement(JdbcConnection.java:276)
	at sun.reflect.GeneratedMethodAccessor6.invoke(Unknown Source)
	at sun.reflect.DelegatingMethodAccessorImpl.invoke(DelegatingMethodAccessorImpl.java:43)
	at java.lang.reflect.Method.invoke(Method.java:498)
	at org.apache.ibatis.datasource.pooled.PooledConnection.invoke(PooledConnection.java:245)
	at com.sun.proxy.$Proxy12.prepareStatement(Unknown Source)
	at sun.reflect.GeneratedMethodAccessor6.invoke(Unknown Source)
	at sun.reflect.DelegatingMethodAccessorImpl.invoke(DelegatingMethodAccessorImpl.java:43)
	at java.lang.reflect.Method.invoke(Method.java:498)
	at org.apache.ibatis.logging.jdbc.ConnectionLogger.invoke(ConnectionLogger.java:55)
	at com.sun.proxy.$Proxy12.prepareStatement(Unknown Source)
	at org.apache.ibatis.executor.statement.PreparedStatementHandler.instantiateStatement(PreparedStatementHandler.java:79)
	at org.apache.ibatis.executor.statement.BaseStatementHandler.prepare(BaseStatementHandler.java:88)
	at org.apache.ibatis.executor.statement.RoutingStatementHandler.prepare(RoutingStatementHandler.java:58)
	at org.apache.ibatis.executor.SimpleExecutor.prepareStatement(SimpleExecutor.java:76)
	at org.apache.ibatis.executor.SimpleExecutor.doQuery(SimpleExecutor.java:61)
	at org.apache.ibatis.executor.BaseExecutor.queryFromDatabase(BaseExecutor.java:303)
	at org.apache.ibatis.executor.BaseExecutor.query(BaseExecutor.java:154)
	at org.apache.ibatis.executor.CachingExecutor.query(CachingExecutor.java:102)
	at org.apache.ibatis.executor.CachingExecutor.query(CachingExecutor.java:82)
	at org.apache.ibatis.session.defaults.DefaultSqlSession.selectList(DefaultSqlSession.java:120)
	... 37 more
10:44:57,149 [main] DEBUG org.activiti.engine.impl.cfg.standalone.StandaloneMybatisTransactionContext  - firing event rolling back...
10:44:57,149 [main] DEBUG org.activiti.engine.impl.cfg.standalone.StandaloneMybatisTransactionContext  - rolling back ibatis sql session...
10:44:57,149 [main] DEBUG org.activiti.engine.impl.cfg.standalone.StandaloneMybatisTransactionContext  - firing event rolled back...
10:44:57,149 [main] DEBUG org.apache.ibatis.transaction.jdbc.JdbcTransaction  - Resetting autocommit to true on JDBC Connection [conn3: url=jdbc:h2:mem:activiti user=SA]
10:44:57,149 [main] DEBUG org.apache.ibatis.transaction.jdbc.JdbcTransaction  - Closing JDBC Connection [conn3: url=jdbc:h2:mem:activiti user=SA]
10:44:57,149 [main] DEBUG org.apache.ibatis.datasource.pooled.PooledDataSource  - Returned connection 180014677 to pool.
10:44:57,149 [main] DEBUG org.activiti.engine.impl.interceptor.LogInterceptor  - --- DeleteDeploymentCmd finished --------------------------------------------------------
10:44:57,149 [main] DEBUG org.activiti.engine.impl.interceptor.LogInterceptor  - 

</system-out>
  </testcase>
  <testcase classname="org.activiti.engine.test.api.mgmt.JobQueryTest" name="testQueryByRetriesLeft" time="0.02">
    <error message="
### Error querying database.  Cause: org.h2.jdbc.JdbcSQLException: Syntax error in SQL statement &quot;SELECT RES.* 
     
    FROM ACT_RU_JOB RES
     
     WHERE  RES.RETRIES_ &gt; 0 
   
     ORDER BY  ORDER[*] BY RES.ID_ ASC  
    LIMIT ? OFFSET ? &quot;; expected &quot;=, NOT, EXISTS, INTERSECTS, SELECT, FROM&quot;; SQL statement:
select RES.* 
     
    from ACT_RU_JOB RES
     
     WHERE  RES.RETRIES_ &gt; 0 
   
     order by  order by RES.ID_ asc  
    LIMIT ? OFFSET ? [42001-176]
### The error may exist in org/activiti/db/mapping/entity/Job.xml
### The error may involve org.activiti.engine.impl.persistence.entity.JobEntity.selectJobByQueryCriteria
### The error occurred while executing a query
### SQL: select RES.*            from ACT_RU_JOB RES            WHERE  RES.RETRIES_ &gt; 0           order by  order by RES.ID_ asc       LIMIT ? OFFSET ?
### Cause: org.h2.jdbc.JdbcSQLException: Syntax error in SQL statement &quot;SELECT RES.* 
     
    FROM ACT_RU_JOB RES
     
     WHERE  RES.RETRIES_ &gt; 0 
   
     ORDER BY  ORDER[*] BY RES.ID_ ASC  
    LIMIT ? OFFSET ? &quot;; expected &quot;=, NOT, EXISTS, INTERSECTS, SELECT, FROM&quot;; SQL statement:
select RES.* 
     
    from ACT_RU_JOB RES
     
     WHERE  RES.RETRIES_ &gt; 0 
   
     order by  order by RES.ID_ asc  
    LIMIT ? OFFSET ? [42001-176]" type="org.apache.ibatis.exceptions.PersistenceException">org.apache.ibatis.exceptions.PersistenceException: 
### Error querying database.  Cause: org.h2.jdbc.JdbcSQLException: Syntax error in SQL statement &quot;SELECT RES.* 
     
    FROM ACT_RU_JOB RES
     
     WHERE  RES.RETRIES_ &gt; 0 
   
     ORDER BY  ORDER[*] BY RES.ID_ ASC  
    LIMIT ? OFFSET ? &quot;; expected &quot;=, NOT, EXISTS, INTERSECTS, SELECT, FROM&quot;; SQL statement:
select RES.* 
     
    from ACT_RU_JOB RES
     
     WHERE  RES.RETRIES_ &gt; 0 
   
     order by  order by RES.ID_ asc  
    LIMIT ? OFFSET ? [42001-176]
### The error may exist in org/activiti/db/mapping/entity/Job.xml
### The error may involve org.activiti.engine.impl.persistence.entity.JobEntity.selectJobByQueryCriteria
### The error occurred while executing a query
### SQL: select RES.*            from ACT_RU_JOB RES            WHERE  RES.RETRIES_ &gt; 0           order by  order by RES.ID_ asc       LIMIT ? OFFSET ?
### Cause: org.h2.jdbc.JdbcSQLException: Syntax error in SQL statement &quot;SELECT RES.* 
     
    FROM ACT_RU_JOB RES
     
     WHERE  RES.RETRIES_ &gt; 0 
   
     ORDER BY  ORDER[*] BY RES.ID_ ASC  
    LIMIT ? OFFSET ? &quot;; expected &quot;=, NOT, EXISTS, INTERSECTS, SELECT, FROM&quot;; SQL statement:
select RES.* 
     
    from ACT_RU_JOB RES
     
     WHERE  RES.RETRIES_ &gt; 0 
   
     order by  order by RES.ID_ asc  
    LIMIT ? OFFSET ? [42001-176]
	at org.apache.ibatis.exceptions.ExceptionFactory.wrapException(ExceptionFactory.java:30)
	at org.apache.ibatis.session.defaults.DefaultSqlSession.selectList(DefaultSqlSession.java:122)
	at org.apache.ibatis.session.defaults.DefaultSqlSession.selectList(DefaultSqlSession.java:113)
	at org.activiti.engine.impl.db.DbSqlSession.selectListWithRawParameter(DbSqlSession.java:438)
	at org.activiti.engine.impl.db.DbSqlSession.selectList(DbSqlSession.java:429)
	at org.activiti.engine.impl.db.DbSqlSession.selectList(DbSqlSession.java:419)
	at org.activiti.engine.impl.persistence.entity.JobEntityManager.findJobsByQueryCriteria(JobEntityManager.java:198)
	at org.activiti.engine.impl.JobQueryImpl.executeList(JobQueryImpl.java:243)
	at org.activiti.engine.impl.AbstractQuery.execute(AbstractQuery.java:164)
	at org.activiti.engine.impl.interceptor.CommandInvoker.execute(CommandInvoker.java:24)
	at org.activiti.engine.impl.interceptor.CommandContextInterceptor.execute(CommandContextInterceptor.java:57)
	at org.activiti.engine.impl.interceptor.LogInterceptor.execute(LogInterceptor.java:37)
	at org.activiti.engine.impl.cfg.CommandExecutorImpl.execute(CommandExecutorImpl.java:40)
	at org.activiti.engine.impl.cfg.CommandExecutorImpl.execute(CommandExecutorImpl.java:35)
	at org.activiti.engine.impl.AbstractQuery.list(AbstractQuery.java:138)
	at org.activiti.engine.test.api.mgmt.JobQueryTest.verifyQueryResults(JobQueryTest.java:400)
	at org.activiti.engine.test.api.mgmt.JobQueryTest.testQueryByRetriesLeft(JobQueryTest.java:160)
	at sun.reflect.NativeMethodAccessorImpl.invoke0(Native Method)
	at sun.reflect.NativeMethodAccessorImpl.invoke(NativeMethodAccessorImpl.java:62)
	at sun.reflect.DelegatingMethodAccessorImpl.invoke(DelegatingMethodAccessorImpl.java:43)
	at java.lang.reflect.Method.invoke(Method.java:498)
	at junit.framework.TestCase.runTest(TestCase.java:176)
	at org.activiti.engine.impl.test.PvmTestCase.runTest(PvmTestCase.java:65)
	at junit.framework.TestCase.runBare(TestCase.java:141)
	at org.activiti.engine.impl.test.AbstractActivitiTestCase.runBare(AbstractActivitiTestCase.java:100)
	at junit.framework.TestResult$1.protect(TestResult.java:122)
	at junit.framework.TestResult.runProtected(TestResult.java:142)
	at junit.framework.TestResult.run(TestResult.java:125)
	at junit.framework.TestCase.run(TestCase.java:129)
	at junit.framework.TestSuite.runTest(TestSuite.java:255)
	at junit.framework.TestSuite.run(TestSuite.java:250)
	at org.junit.internal.runners.JUnit38ClassRunner.run(JUnit38ClassRunner.java:84)
	at org.apache.maven.surefire.junit4.JUnit4TestSet.execute(JUnit4TestSet.java:35)
	at org.apache.maven.surefire.junit4.JUnit4Provider.executeTestSet(JUnit4Provider.java:146)
	at org.apache.maven.surefire.junit4.JUnit4Provider.invoke(JUnit4Provider.java:97)
	at sun.reflect.NativeMethodAccessorImpl.invoke0(Native Method)
	at sun.reflect.NativeMethodAccessorImpl.invoke(NativeMethodAccessorImpl.java:62)
	at sun.reflect.DelegatingMethodAccessorImpl.invoke(DelegatingMethodAccessorImpl.java:43)
	at java.lang.reflect.Method.invoke(Method.java:498)
	at org.apache.maven.surefire.booter.ProviderFactory$ClassLoaderProxy.invoke(ProviderFactory.java:103)
	at com.sun.proxy.$Proxy0.invoke(Unknown Source)
	at org.apache.maven.surefire.booter.SurefireStarter.invokeProvider(SurefireStarter.java:145)
	at org.apache.maven.surefire.booter.SurefireStarter.runSuitesInProcess(SurefireStarter.java:87)
	at org.apache.maven.surefire.booter.ForkedBooter.main(ForkedBooter.java:69)
Caused by: org.h2.jdbc.JdbcSQLException: Syntax error in SQL statement &quot;SELECT RES.* 
     
    FROM ACT_RU_JOB RES
     
     WHERE  RES.RETRIES_ &gt; 0 
   
     ORDER BY  ORDER[*] BY RES.ID_ ASC  
    LIMIT ? OFFSET ? &quot;; expected &quot;=, NOT, EXISTS, INTERSECTS, SELECT, FROM&quot;; SQL statement:
select RES.* 
     
    from ACT_RU_JOB RES
     
     WHERE  RES.RETRIES_ &gt; 0 
   
     order by  order by RES.ID_ asc  
    LIMIT ? OFFSET ? [42001-176]
	at org.h2.message.DbException.getJdbcSQLException(DbException.java:344)
	at org.h2.message.DbException.getSyntaxError(DbException.java:204)
	at org.h2.command.Parser.getSyntaxError(Parser.java:524)
	at org.h2.command.Parser.readTerm(Parser.java:2688)
	at org.h2.command.Parser.readFactor(Parser.java:2244)
	at org.h2.command.Parser.readSum(Parser.java:2231)
	at org.h2.command.Parser.readConcat(Parser.java:2201)
	at org.h2.command.Parser.readCondition(Parser.java:2051)
	at org.h2.command.Parser.readAnd(Parser.java:2023)
	at org.h2.command.Parser.readExpression(Parser.java:2015)
	at org.h2.command.Parser.parseEndOfQuery(Parser.java:1726)
	at org.h2.command.Parser.parseSelectUnionExtension(Parser.java:1706)
	at org.h2.command.Parser.parseSelectUnion(Parser.java:1675)
	at org.h2.command.Parser.parseSelect(Parser.java:1662)
	at org.h2.command.Parser.parsePrepared(Parser.java:434)
	at org.h2.command.Parser.parse(Parser.java:306)
	at org.h2.command.Parser.parse(Parser.java:282)
	at org.h2.command.Parser.prepareCommand(Parser.java:243)
	at org.h2.engine.Session.prepareLocal(Session.java:442)
	at org.h2.engine.Session.prepareCommand(Session.java:384)
	at org.h2.jdbc.JdbcConnection.prepareCommand(JdbcConnection.java:1188)
	at org.h2.jdbc.JdbcPreparedStatement.&lt;init&gt;(JdbcPreparedStatement.java:73)
	at org.h2.jdbc.JdbcConnection.prepareStatement(JdbcConnection.java:276)
	at sun.reflect.GeneratedMethodAccessor6.invoke(Unknown Source)
	at sun.reflect.DelegatingMethodAccessorImpl.invoke(DelegatingMethodAccessorImpl.java:43)
	at java.lang.reflect.Method.invoke(Method.java:498)
	at org.apache.ibatis.datasource.pooled.PooledConnection.invoke(PooledConnection.java:245)
	at com.sun.proxy.$Proxy12.prepareStatement(Unknown Source)
	at sun.reflect.GeneratedMethodAccessor6.invoke(Unknown Source)
	at sun.reflect.DelegatingMethodAccessorImpl.invoke(DelegatingMethodAccessorImpl.java:43)
	at java.lang.reflect.Method.invoke(Method.java:498)
	at org.apache.ibatis.logging.jdbc.ConnectionLogger.invoke(ConnectionLogger.java:55)
	at com.sun.proxy.$Proxy12.prepareStatement(Unknown Source)
	at org.apache.ibatis.executor.statement.PreparedStatementHandler.instantiateStatement(PreparedStatementHandler.java:79)
	at org.apache.ibatis.executor.statement.BaseStatementHandler.prepare(BaseStatementHandler.java:88)
	at org.apache.ibatis.executor.statement.RoutingStatementHandler.prepare(RoutingStatementHandler.java:58)
	at org.apache.ibatis.executor.SimpleExecutor.prepareStatement(SimpleExecutor.java:76)
	at org.apache.ibatis.executor.SimpleExecutor.doQuery(SimpleExecutor.java:61)
	at org.apache.ibatis.executor.BaseExecutor.queryFromDatabase(BaseExecutor.java:303)
	at org.apache.ibatis.executor.BaseExecutor.query(BaseExecutor.java:154)
	at org.apache.ibatis.executor.CachingExecutor.query(CachingExecutor.java:102)
	at org.apache.ibatis.executor.CachingExecutor.query(CachingExecutor.java:82)
	at org.apache.ibatis.session.defaults.DefaultSqlSession.selectList(DefaultSqlSession.java:120)
	... 42 more
</error>
    <system-out>10:44:57,150 [main] DEBUG org.activiti.engine.impl.interceptor.LogInterceptor  - 

10:44:57,150 [main] DEBUG org.activiti.engine.impl.interceptor.LogInterceptor  - --- starting DeployCmd --------------------------------------------------------
10:44:57,150 [main] DEBUG org.activiti.engine.impl.bpmn.deployer.BpmnDeployer  - Processing deployment null
10:44:57,150 [main] INFO  org.activiti.engine.impl.bpmn.deployer.BpmnDeployer  - Processing resource org/activiti/engine/test/api/mgmt/timerOnTask.bpmn20.xml
10:44:57,154 [main] DEBUG org.activiti.engine.impl.bpmn.parser.handler.ProcessParseHandler  - Parsing process timerOnTask
10:44:57,154 [main] DEBUG org.activiti.engine.impl.bpmn.parser.handler.AbstractBpmnParseHandler  - Parsing activity firstLineSupport
10:44:57,154 [main] DEBUG org.activiti.engine.impl.bpmn.parser.handler.AbstractBpmnParseHandler  - Parsing activity secondLineSupport
10:44:57,154 [main] DEBUG org.activiti.engine.impl.bpmn.parser.handler.AbstractBpmnParseHandler  - Parsing activity theStart
10:44:57,154 [main] DEBUG org.activiti.engine.impl.bpmn.parser.handler.AbstractBpmnParseHandler  - Parsing activity normalEnd
10:44:57,154 [main] DEBUG org.activiti.engine.impl.bpmn.parser.handler.AbstractBpmnParseHandler  - Parsing activity escalatedEnd
10:44:57,154 [main] DEBUG org.activiti.engine.impl.bpmn.parser.handler.AbstractBpmnParseHandler  - Parsing activity escalationTimer
10:44:57,154 [main] DEBUG org.apache.ibatis.transaction.jdbc.JdbcTransaction  - Opening JDBC Connection
10:44:57,154 [main] DEBUG org.apache.ibatis.datasource.pooled.PooledDataSource  - Checked out connection 297240765 from pool.
10:44:57,154 [main] DEBUG org.apache.ibatis.transaction.jdbc.JdbcTransaction  - Setting autocommit to false on JDBC Connection [conn4: url=jdbc:h2:mem:activiti user=SA]
10:44:57,154 [main] DEBUG org.activiti.engine.impl.persistence.entity.ProcessDefinitionEntity.selectLatestProcessDefinitionByKey  - ==&gt;  Preparing: select * from ACT_RE_PROCDEF where KEY_ = ? and (TENANT_ID_ = &apos;&apos; or TENANT_ID_ is null) and VERSION_ = (select max(VERSION_) from ACT_RE_PROCDEF where KEY_ = ? and (TENANT_ID_ = &apos;&apos; or TENANT_ID_ is null)) 
10:44:57,155 [main] DEBUG org.activiti.engine.impl.persistence.entity.ProcessDefinitionEntity.selectLatestProcessDefinitionByKey  - ==&gt; Parameters: timerOnTask(String), timerOnTask(String)
10:44:57,155 [main] DEBUG org.activiti.engine.impl.persistence.entity.ProcessDefinitionEntity.selectLatestProcessDefinitionByKey  - &lt;==      Total: 1
10:44:57,155 [main] DEBUG org.activiti.engine.impl.persistence.entity.JobEntity.selectJobByTypeAndProcessDefinitionKeyNoTenantId  - ==&gt;  Preparing: select J.* from ACT_RU_JOB J inner join ACT_RE_PROCDEF P on J.PROC_DEF_ID_ = P.ID_ where J.HANDLER_TYPE_ = ? and P.KEY_ = ? and (P.TENANT_ID_ = &apos;&apos; or P.TENANT_ID_ is null) 
10:44:57,155 [main] DEBUG org.activiti.engine.impl.persistence.entity.JobEntity.selectJobByTypeAndProcessDefinitionKeyNoTenantId  - ==&gt; Parameters: timer-start-event(String), timerOnTask(String)
10:44:57,155 [main] DEBUG org.activiti.engine.impl.persistence.entity.JobEntity.selectJobByTypeAndProcessDefinitionKeyNoTenantId  - &lt;==      Total: 0
10:44:57,155 [main] DEBUG org.activiti.engine.impl.persistence.entity.EventSubscriptionEntity.selectEventSubscriptionsByConfiguration  - ==&gt;  Preparing: select * from ACT_RU_EVENT_SUBSCR where (EVENT_TYPE_ = ?) and ( (CONFIGURATION_ = ?) or (PROC_DEF_ID_ = ?) ) and (TENANT_ID_ = &apos;&apos; or TENANT_ID_ is null) 
10:44:57,155 [main] DEBUG org.activiti.engine.impl.persistence.entity.EventSubscriptionEntity.selectEventSubscriptionsByConfiguration  - ==&gt; Parameters: message(String), timerOnTask:1:1594(String), timerOnTask:1:1594(String)
10:44:57,155 [main] DEBUG org.activiti.engine.impl.persistence.entity.EventSubscriptionEntity.selectEventSubscriptionsByConfiguration  - &lt;==      Total: 0
10:44:57,155 [main] DEBUG org.activiti.engine.impl.persistence.entity.EventSubscriptionEntity.selectEventSubscriptionsByConfiguration  - ==&gt;  Preparing: select * from ACT_RU_EVENT_SUBSCR where (EVENT_TYPE_ = ?) and ( (CONFIGURATION_ = ?) or (PROC_DEF_ID_ = ?) ) and (TENANT_ID_ = &apos;&apos; or TENANT_ID_ is null) 
10:44:57,155 [main] DEBUG org.activiti.engine.impl.persistence.entity.EventSubscriptionEntity.selectEventSubscriptionsByConfiguration  - ==&gt; Parameters: signal(String), timerOnTask:1:1594(String), timerOnTask:1:1594(String)
10:44:57,155 [main] DEBUG org.activiti.engine.impl.persistence.entity.EventSubscriptionEntity.selectEventSubscriptionsByConfiguration  - &lt;==      Total: 0
10:44:57,155 [main] DEBUG org.activiti.engine.impl.persistence.entity.ProcessDefinitionInfoEntity.selectProcessDefinitionInfoByProcessDefinitionId  - ==&gt;  Preparing: select * from ACT_PROCDEF_INFO where PROC_DEF_ID_ = ? 
10:44:57,155 [main] DEBUG org.activiti.engine.impl.persistence.entity.ProcessDefinitionInfoEntity.selectProcessDefinitionInfoByProcessDefinitionId  - ==&gt; Parameters: timerOnTask:2:1616(String)
10:44:57,155 [main] DEBUG org.activiti.engine.impl.persistence.entity.ProcessDefinitionInfoEntity.selectProcessDefinitionInfoByProcessDefinitionId  - &lt;==      Total: 0
10:44:57,155 [main] DEBUG org.activiti.engine.impl.interceptor.LogInterceptor  - 

10:44:57,155 [main] DEBUG org.activiti.engine.impl.interceptor.LogInterceptor  - --- starting GetProcessDefinitionInfoCmd --------------------------------------------------------
10:44:57,155 [main] DEBUG org.activiti.engine.impl.interceptor.CommandContextInterceptor  - Valid context found. Reusing it for the current command &apos;org.activiti.engine.impl.cmd.GetProcessDefinitionInfoCmd&apos;
10:44:57,155 [main] DEBUG org.activiti.engine.impl.interceptor.LogInterceptor  - 

10:44:57,155 [main] DEBUG org.activiti.engine.impl.interceptor.LogInterceptor  - --- starting  --------------------------------------------------------
10:44:57,155 [main] DEBUG org.activiti.engine.impl.interceptor.CommandContextInterceptor  - Valid context found. Reusing it for the current command &apos;null&apos;
10:44:57,155 [main] DEBUG org.activiti.engine.impl.interceptor.LogInterceptor  - ---  finished --------------------------------------------------------
10:44:57,155 [main] DEBUG org.activiti.engine.impl.interceptor.LogInterceptor  - 

10:44:57,155 [main] DEBUG org.activiti.engine.impl.interceptor.LogInterceptor  - --- GetProcessDefinitionInfoCmd finished --------------------------------------------------------
10:44:57,155 [main] DEBUG org.activiti.engine.impl.interceptor.LogInterceptor  - 

10:44:57,155 [main] DEBUG org.activiti.engine.impl.db.DbSqlSession  -   insert ResourceEntity[id=1615, name=org/activiti/engine/test/api/mgmt/timerOnTask.bpmn20.xml]
10:44:57,155 [main] DEBUG org.activiti.engine.impl.db.DbSqlSession  -   insert DeploymentEntity[id=1614, name=null]
10:44:57,155 [main] DEBUG org.activiti.engine.impl.db.DbSqlSession  -   insert ProcessDefinitionEntity[timerOnTask:2:1616]
10:44:57,155 [main] DEBUG org.activiti.engine.impl.db.DbSqlSession  - flush summary: 3 insert, 0 update, 0 delete.
10:44:57,155 [main] DEBUG org.activiti.engine.impl.db.DbSqlSession  - now executing flush...
10:44:57,155 [main] DEBUG org.activiti.engine.impl.db.DbSqlSession  - inserting: ProcessDefinitionEntity[timerOnTask:2:1616]
10:44:57,155 [main] DEBUG org.activiti.engine.impl.persistence.entity.ProcessDefinitionEntity.insertProcessDefinition  - ==&gt;  Preparing: insert into ACT_RE_PROCDEF(ID_, REV_, CATEGORY_, NAME_, KEY_, VERSION_, DEPLOYMENT_ID_, RESOURCE_NAME_, DGRM_RESOURCE_NAME_, DESCRIPTION_, HAS_START_FORM_KEY_, HAS_GRAPHICAL_NOTATION_ , SUSPENSION_STATE_, TENANT_ID_) values (?, 1, ?, ?, ?, ?, ?, ?, ?, ?, ?, ?, ?, ?) 
10:44:57,155 [main] DEBUG org.activiti.engine.impl.persistence.entity.ProcessDefinitionEntity.insertProcessDefinition  - ==&gt; Parameters: timerOnTask:2:1616(String), org.activiti.enginge.test.api.mgmt(String), null, timerOnTask(String), 2(Integer), 1614(String), org/activiti/engine/test/api/mgmt/timerOnTask.bpmn20.xml(String), null, null, false(Boolean), false(Boolean), 1(Integer), (String)
10:44:57,155 [main] DEBUG org.activiti.engine.impl.persistence.entity.ProcessDefinitionEntity.insertProcessDefinition  - &lt;==    Updates: 1
10:44:57,155 [main] DEBUG org.activiti.engine.impl.db.DbSqlSession  - inserting: DeploymentEntity[id=1614, name=null]
10:44:57,155 [main] DEBUG org.activiti.engine.impl.persistence.entity.DeploymentEntity.insertDeployment  - ==&gt;  Preparing: insert into ACT_RE_DEPLOYMENT(ID_, NAME_, CATEGORY_, TENANT_ID_, DEPLOY_TIME_) values(?, ?, ?, ?, ?) 
10:44:57,155 [main] DEBUG org.activiti.engine.impl.persistence.entity.DeploymentEntity.insertDeployment  - ==&gt; Parameters: 1614(String), null, null, (String), 2023-03-20 12:44:57.0(Timestamp)
10:44:57,155 [main] DEBUG org.activiti.engine.impl.persistence.entity.DeploymentEntity.insertDeployment  - &lt;==    Updates: 1
10:44:57,155 [main] DEBUG org.activiti.engine.impl.db.DbSqlSession  - inserting: ResourceEntity[id=1615, name=org/activiti/engine/test/api/mgmt/timerOnTask.bpmn20.xml]
10:44:57,155 [main] DEBUG org.activiti.engine.impl.persistence.entity.ResourceEntity.insertResource  - ==&gt;  Preparing: insert into ACT_GE_BYTEARRAY(ID_, REV_, NAME_, BYTES_, DEPLOYMENT_ID_, GENERATED_) values (?, 1, ?, ?, ?, ?) 
10:44:57,155 [main] DEBUG org.activiti.engine.impl.persistence.entity.ResourceEntity.insertResource  - ==&gt; Parameters: 1615(String), org/activiti/engine/test/api/mgmt/timerOnTask.bpmn20.xml(String), java.io.ByteArrayInputStream@706ddbc8(ByteArrayInputStream), 1614(String), false(Boolean)
10:44:57,155 [main] DEBUG org.activiti.engine.impl.persistence.entity.ResourceEntity.insertResource  - &lt;==    Updates: 1
10:44:57,155 [main] DEBUG org.activiti.engine.impl.cfg.standalone.StandaloneMybatisTransactionContext  - firing event committing...
10:44:57,155 [main] DEBUG org.activiti.engine.impl.cfg.standalone.StandaloneMybatisTransactionContext  - committing the ibatis sql session...
10:44:57,155 [main] DEBUG org.apache.ibatis.transaction.jdbc.JdbcTransaction  - Committing JDBC Connection [conn4: url=jdbc:h2:mem:activiti user=SA]
10:44:57,155 [main] DEBUG org.activiti.engine.impl.cfg.standalone.StandaloneMybatisTransactionContext  - firing event committed...
10:44:57,155 [main] DEBUG org.apache.ibatis.transaction.jdbc.JdbcTransaction  - Resetting autocommit to true on JDBC Connection [conn4: url=jdbc:h2:mem:activiti user=SA]
10:44:57,155 [main] DEBUG org.apache.ibatis.transaction.jdbc.JdbcTransaction  - Closing JDBC Connection [conn4: url=jdbc:h2:mem:activiti user=SA]
10:44:57,155 [main] DEBUG org.apache.ibatis.datasource.pooled.PooledDataSource  - Returned connection 297240765 to pool.
10:44:57,155 [main] DEBUG org.activiti.engine.impl.interceptor.LogInterceptor  - --- DeployCmd finished --------------------------------------------------------
10:44:57,155 [main] DEBUG org.activiti.engine.impl.interceptor.LogInterceptor  - 

10:44:57,155 [main] DEBUG org.activiti.engine.impl.interceptor.LogInterceptor  - 

10:44:57,155 [main] DEBUG org.activiti.engine.impl.interceptor.LogInterceptor  - --- starting StartProcessInstanceCmd --------------------------------------------------------
10:44:57,155 [main] DEBUG org.apache.ibatis.transaction.jdbc.JdbcTransaction  - Opening JDBC Connection
10:44:57,155 [main] DEBUG org.apache.ibatis.datasource.pooled.PooledDataSource  - Checked out connection 363509958 from pool.
10:44:57,155 [main] DEBUG org.apache.ibatis.transaction.jdbc.JdbcTransaction  - Setting autocommit to false on JDBC Connection [conn2: url=jdbc:h2:mem:activiti user=SA]
10:44:57,155 [main] DEBUG org.activiti.engine.impl.persistence.entity.ProcessDefinitionEntity.selectLatestProcessDefinitionByKey  - ==&gt;  Preparing: select * from ACT_RE_PROCDEF where KEY_ = ? and (TENANT_ID_ = &apos;&apos; or TENANT_ID_ is null) and VERSION_ = (select max(VERSION_) from ACT_RE_PROCDEF where KEY_ = ? and (TENANT_ID_ = &apos;&apos; or TENANT_ID_ is null)) 
10:44:57,155 [main] DEBUG org.activiti.engine.impl.persistence.entity.ProcessDefinitionEntity.selectLatestProcessDefinitionByKey  - ==&gt; Parameters: timerOnTask(String), timerOnTask(String)
10:44:57,156 [main] DEBUG org.activiti.engine.impl.persistence.entity.ProcessDefinitionEntity.selectLatestProcessDefinitionByKey  - &lt;==      Total: 1
10:44:57,156 [main] DEBUG org.activiti.engine.impl.persistence.entity.ExecutionEntity  - initializing ProcessInstance[1617]
10:44:57,156 [main] DEBUG org.activiti.engine.impl.history.DefaultHistoryManager  - Current history level: FULL, level required: ACTIVITY
10:44:57,156 [main] DEBUG org.activiti.engine.impl.pvm.runtime.AtomicOperationActivityExecute  - ProcessInstance[1617] executes Activity(theStart): org.activiti.engine.impl.bpmn.behavior.NoneStartEventActivityBehavior
10:44:57,156 [main] DEBUG org.activiti.engine.impl.persistence.entity.JobEntity.selectJobsByExecutionId  - ==&gt;  Preparing: select * from ACT_RU_JOB J where J.EXECUTION_ID_ = ? 
10:44:57,156 [main] DEBUG org.activiti.engine.impl.persistence.entity.JobEntity.selectJobsByExecutionId  - ==&gt; Parameters: 1617(String)
10:44:57,156 [main] DEBUG org.activiti.engine.impl.persistence.entity.JobEntity.selectJobsByExecutionId  - &lt;==      Total: 0
10:44:57,156 [main] DEBUG org.activiti.engine.impl.bpmn.behavior.BpmnActivityBehavior  - Leaving activity &apos;theStart&apos;
10:44:57,156 [main] DEBUG org.activiti.engine.impl.history.DefaultHistoryManager  - Current history level: FULL, level required: ACTIVITY
10:44:57,156 [main] DEBUG org.activiti.engine.impl.pvm.runtime.AtomicOperationTransitionNotifyListenerTake  - ProcessInstance[1617] takes transition (theStart)--flow1--&gt;(firstLineSupport)
10:44:57,156 [main] DEBUG org.activiti.engine.impl.persistence.entity.ExecutionEntity  - Child execution ScopeExecution[1619] created with parent 
10:44:57,156 [main] DEBUG org.activiti.engine.impl.pvm.runtime.AtomicOperationTransitionCreateScope  - create scope: parent ProcessInstance[1617] continues as execution ScopeExecution[1619]
10:44:57,156 [main] DEBUG org.activiti.engine.impl.persistence.entity.ExecutionEntity  - initializing ScopeExecution[1619]
10:44:57,156 [main] DEBUG org.activiti.engine.impl.persistence.entity.JobEntity.selectJobsByExecutionId  - ==&gt;  Preparing: select * from ACT_RU_JOB J where J.EXECUTION_ID_ = ? 
10:44:57,156 [main] DEBUG org.activiti.engine.impl.persistence.entity.JobEntity.selectJobsByExecutionId  - ==&gt; Parameters: 1619(String)
10:44:57,156 [main] DEBUG org.activiti.engine.impl.persistence.entity.JobEntity.selectJobsByExecutionId  - &lt;==      Total: 0
10:44:57,156 [main] DEBUG org.activiti.engine.impl.history.DefaultHistoryManager  - Current history level: FULL, level required: ACTIVITY
10:44:57,156 [main] DEBUG org.activiti.engine.impl.pvm.runtime.AtomicOperationActivityExecute  - ScopeExecution[1619] executes Activity(firstLineSupport): org.activiti.engine.impl.bpmn.behavior.UserTaskActivityBehavior
10:44:57,156 [main] DEBUG org.activiti.engine.impl.persistence.entity.TaskEntity.selectTasksByExecutionId  - ==&gt;  Preparing: select distinct T.* from ACT_RU_TASK T where T.EXECUTION_ID_ = ? 
10:44:57,156 [main] DEBUG org.activiti.engine.impl.persistence.entity.TaskEntity.selectTasksByExecutionId  - ==&gt; Parameters: 1619(String)
10:44:57,156 [main] DEBUG org.activiti.engine.impl.persistence.entity.TaskEntity.selectTasksByExecutionId  - &lt;==      Total: 0
10:44:57,156 [main] DEBUG org.activiti.engine.impl.history.DefaultHistoryManager  - Current history level: FULL, level required: AUDIT
10:44:57,156 [main] DEBUG org.activiti.engine.impl.history.DefaultHistoryManager  - Current history level: FULL, level required: AUDIT
10:44:57,156 [main] DEBUG org.activiti.engine.impl.interceptor.LogInterceptor  - 

10:44:57,156 [main] DEBUG org.activiti.engine.impl.interceptor.LogInterceptor  - --- starting  --------------------------------------------------------
10:44:57,156 [main] DEBUG org.activiti.engine.impl.interceptor.CommandContextInterceptor  - Valid context found. Reusing it for the current command &apos;null&apos;
10:44:57,156 [main] DEBUG org.activiti.engine.impl.persistence.entity.ProcessDefinitionInfoEntity.selectProcessDefinitionInfoByProcessDefinitionId  - ==&gt;  Preparing: select * from ACT_PROCDEF_INFO where PROC_DEF_ID_ = ? 
10:44:57,156 [main] DEBUG org.activiti.engine.impl.persistence.entity.ProcessDefinitionInfoEntity.selectProcessDefinitionInfoByProcessDefinitionId  - ==&gt; Parameters: timerOnTask:2:1616(String)
10:44:57,156 [main] DEBUG org.activiti.engine.impl.persistence.entity.ProcessDefinitionInfoEntity.selectProcessDefinitionInfoByProcessDefinitionId  - &lt;==      Total: 0
10:44:57,156 [main] DEBUG org.activiti.engine.impl.interceptor.LogInterceptor  - ---  finished --------------------------------------------------------
10:44:57,156 [main] DEBUG org.activiti.engine.impl.interceptor.LogInterceptor  - 

10:44:57,156 [main] DEBUG org.activiti.engine.impl.history.DefaultHistoryManager  - Current history level: FULL, level required: AUDIT
10:44:57,156 [main] DEBUG org.activiti.engine.impl.history.DefaultHistoryManager  - Current history level: FULL, level required: AUDIT
10:44:57,156 [main] DEBUG org.activiti.engine.impl.history.DefaultHistoryManager  - Current history level: FULL, level required: ACTIVITY
10:44:57,156 [main] DEBUG org.activiti.engine.impl.db.DbSqlSession  -   insert ProcessInstance[1617]
10:44:57,156 [main] DEBUG org.activiti.engine.impl.db.DbSqlSession  -   insert ScopeExecution[1619]
10:44:57,156 [main] DEBUG org.activiti.engine.impl.db.DbSqlSession  -   insert HistoricProcessInstanceEntity[superProcessInstanceId=null]
10:44:57,156 [main] DEBUG org.activiti.engine.impl.db.DbSqlSession  -   insert Task[id=1622, name=First line support]
10:44:57,156 [main] DEBUG org.activiti.engine.impl.db.DbSqlSession  -   insert HistoricTaskInstanceEntity[id=1622, name=First line support]
10:44:57,156 [main] DEBUG org.activiti.engine.impl.db.DbSqlSession  -   insert HistoricActivityInstanceEntity[activityId=theStart, activityName=null]
10:44:57,156 [main] DEBUG org.activiti.engine.impl.db.DbSqlSession  -   insert HistoricActivityInstanceEntity[activityId=firstLineSupport, activityName=First line support]
10:44:57,156 [main] DEBUG org.activiti.engine.impl.db.DbSqlSession  -   insert JobEntity [id=1620]
10:44:57,156 [main] DEBUG org.activiti.engine.impl.db.DbSqlSession  - flush summary: 8 insert, 0 update, 0 delete.
10:44:57,156 [main] DEBUG org.activiti.engine.impl.db.DbSqlSession  - now executing flush...
10:44:57,156 [main] DEBUG org.activiti.engine.impl.db.DbSqlSession  - inserting: HistoricTaskInstanceEntity[id=1622, name=First line support]
10:44:57,156 [main] DEBUG org.activiti.engine.impl.persistence.entity.HistoricTaskInstanceEntity.insertHistoricTaskInstance  - ==&gt;  Preparing: insert into ACT_HI_TASKINST ( ID_, PROC_DEF_ID_, PROC_INST_ID_, EXECUTION_ID_, NAME_, PARENT_TASK_ID_, DESCRIPTION_, OWNER_, ASSIGNEE_, START_TIME_, CLAIM_TIME_, END_TIME_, DURATION_, DELETE_REASON_, TASK_DEF_KEY_, FORM_KEY_, PRIORITY_, DUE_DATE_, CATEGORY_, TENANT_ID_ ) values ( ?, ?, ?, ?, ?, ?, ?, ?, ?, ?, ?, ?, ?, ?, ?, ?, ?, ?, ?, ? ) 
10:44:57,156 [main] DEBUG org.activiti.engine.impl.persistence.entity.HistoricTaskInstanceEntity.insertHistoricTaskInstance  - ==&gt; Parameters: 1622(String), timerOnTask:2:1616(String), 1617(String), 1619(String), First line support(String), null, null, null, null, 2023-03-20 10:44:57.0(Timestamp), null, null, null, null, firstLineSupport(String), null, 50(Integer), null, null, (String)
10:44:57,156 [main] DEBUG org.activiti.engine.impl.persistence.entity.HistoricTaskInstanceEntity.insertHistoricTaskInstance  - &lt;==    Updates: 1
10:44:57,156 [main] DEBUG org.activiti.engine.impl.db.DbSqlSession  - inserting: HistoricProcessInstanceEntity[superProcessInstanceId=null]
10:44:57,156 [main] DEBUG org.activiti.engine.impl.persistence.entity.HistoricProcessInstanceEntity.insertHistoricProcessInstance  - ==&gt;  Preparing: insert into ACT_HI_PROCINST ( ID_, PROC_INST_ID_, BUSINESS_KEY_, PROC_DEF_ID_, START_TIME_, END_TIME_, DURATION_, START_USER_ID_, START_ACT_ID_, END_ACT_ID_, SUPER_PROCESS_INSTANCE_ID_, DELETE_REASON_, TENANT_ID_, NAME_ ) values ( ?, ?, ?, ?, ?, ?, ?, ?, ?, ?, ?, ?, ?, ? ) 
10:44:57,157 [main] DEBUG org.activiti.engine.impl.persistence.entity.HistoricProcessInstanceEntity.insertHistoricProcessInstance  - ==&gt; Parameters: 1617(String), 1617(String), null, timerOnTask:2:1616(String), 2023-03-20 10:44:57.0(Timestamp), null, null, null, theStart(String), null, null, null, (String), null
10:44:57,157 [main] DEBUG org.activiti.engine.impl.persistence.entity.HistoricProcessInstanceEntity.insertHistoricProcessInstance  - &lt;==    Updates: 1
10:44:57,157 [main] DEBUG org.activiti.engine.impl.persistence.entity.HistoricActivityInstanceEntity.bulkInsertHistoricActivityInstance  - ==&gt;  Preparing: insert into ACT_HI_ACTINST ( ID_, PROC_DEF_ID_, PROC_INST_ID_, EXECUTION_ID_, ACT_ID_, TASK_ID_, CALL_PROC_INST_ID_, ACT_NAME_, ACT_TYPE_, ASSIGNEE_, START_TIME_, END_TIME_, DURATION_, TENANT_ID_ ) values (?, ?, ?, ?, ?, ?, ?, ?, ?, ?, ?, ?, ?, ?) , (?, ?, ?, ?, ?, ?, ?, ?, ?, ?, ?, ?, ?, ?) 
10:44:57,157 [main] DEBUG org.activiti.engine.impl.persistence.entity.HistoricActivityInstanceEntity.bulkInsertHistoricActivityInstance  - ==&gt; Parameters: 1618(String), timerOnTask:2:1616(String), 1617(String), 1617(String), theStart(String), null, null, null, startEvent(String), null, 2023-03-20 10:44:57.0(Timestamp), 2023-03-20 10:44:57.0(Timestamp), 0(Long), (String), 1621(String), timerOnTask:2:1616(String), 1617(String), 1619(String), firstLineSupport(String), 1622(String), null, First line support(String), userTask(String), null, 2023-03-20 10:44:57.0(Timestamp), null, null, (String)
10:44:57,157 [main] DEBUG org.activiti.engine.impl.persistence.entity.HistoricActivityInstanceEntity.bulkInsertHistoricActivityInstance  - &lt;==    Updates: 2
10:44:57,157 [main] DEBUG org.activiti.engine.impl.persistence.entity.ExecutionEntity.bulkInsertExecution  - ==&gt;  Preparing: insert into ACT_RU_EXECUTION (ID_, REV_, PROC_INST_ID_, BUSINESS_KEY_, PROC_DEF_ID_, ACT_ID_, IS_ACTIVE_, IS_CONCURRENT_, IS_SCOPE_,IS_EVENT_SCOPE_, PARENT_ID_, SUPER_EXEC_, SUSPENSION_STATE_, CACHED_ENT_STATE_, TENANT_ID_, NAME_) values (?, 1, ?, ?, ?, ?, ?, ?, ?, ?, ?, ?, ?, ?, ?, ?) , (?, 1, ?, ?, ?, ?, ?, ?, ?, ?, ?, ?, ?, ?, ?, ?) 
10:44:57,157 [main] DEBUG org.activiti.engine.impl.persistence.entity.ExecutionEntity.bulkInsertExecution  - ==&gt; Parameters: 1617(String), 1617(String), null, timerOnTask:2:1616(String), null, false(Boolean), false(Boolean), true(Boolean), false(Boolean), null, null, 1(Integer), 2(Integer), (String), null, 1619(String), 1617(String), null, timerOnTask:2:1616(String), firstLineSupport(String), true(Boolean), false(Boolean), true(Boolean), false(Boolean), 1617(String), null, 1(Integer), 6(Integer), (String), null
10:44:57,157 [main] DEBUG org.activiti.engine.impl.persistence.entity.ExecutionEntity.bulkInsertExecution  - &lt;==    Updates: 2
10:44:57,157 [main] DEBUG org.activiti.engine.impl.db.DbSqlSession  - inserting: Task[id=1622, name=First line support]
10:44:57,157 [main] DEBUG org.activiti.engine.impl.persistence.entity.TaskEntity.insertTask  - ==&gt;  Preparing: insert into ACT_RU_TASK (ID_, REV_, NAME_, PARENT_TASK_ID_, DESCRIPTION_, PRIORITY_, CREATE_TIME_, OWNER_, ASSIGNEE_, DELEGATION_, EXECUTION_ID_, PROC_INST_ID_, PROC_DEF_ID_, TASK_DEF_KEY_, DUE_DATE_, CATEGORY_, SUSPENSION_STATE_, TENANT_ID_, FORM_KEY_) values (?, 1, ?, ?, ?, ?, ?, ?, ?, ?, ?, ?, ?, ?, ?, ?, ?, ?, ? ) 
10:44:57,157 [main] DEBUG org.activiti.engine.impl.persistence.entity.TaskEntity.insertTask  - ==&gt; Parameters: 1622(String), First line support(String), null, null, 50(Integer), 2023-03-20 10:44:57.0(Timestamp), null, null, null, 1619(String), 1617(String), timerOnTask:2:1616(String), firstLineSupport(String), null, null, 1(Integer), (String), null
10:44:57,157 [main] DEBUG org.activiti.engine.impl.persistence.entity.TaskEntity.insertTask  - &lt;==    Updates: 1
10:44:57,157 [main] DEBUG org.activiti.engine.impl.db.DbSqlSession  - inserting: JobEntity [id=1620]
10:44:57,157 [main] DEBUG org.activiti.engine.impl.persistence.entity.JobEntity.insertTimer  - ==&gt;  Preparing: insert into ACT_RU_JOB ( ID_, REV_, TYPE_, LOCK_OWNER_, LOCK_EXP_TIME_, EXCLUSIVE_, EXECUTION_ID_, PROCESS_INSTANCE_ID_, PROC_DEF_ID_, RETRIES_, EXCEPTION_STACK_ID_, EXCEPTION_MSG_, DUEDATE_, REPEAT_, HANDLER_TYPE_, HANDLER_CFG_, TENANT_ID_) values (?, 1, &apos;timer&apos;, ?, ?, ?, ?, ?, ?, ?, ?, ?, ?, ?, ?, ?, ? ) 
10:44:57,157 [main] DEBUG org.activiti.engine.impl.persistence.entity.JobEntity.insertTimer  - ==&gt; Parameters: 1620(String), null, null, true(Boolean), 1619(String), 1617(String), timerOnTask:2:1616(String), 3(Integer), null, null, 2023-03-20 11:44:57.0(Timestamp), null, timer-transition(String), {&quot;activityId&quot;:&quot;escalationTimer&quot;}(String), (String)
10:44:57,157 [main] DEBUG org.activiti.engine.impl.persistence.entity.JobEntity.insertTimer  - &lt;==    Updates: 1
10:44:57,157 [main] DEBUG org.activiti.engine.impl.cfg.standalone.StandaloneMybatisTransactionContext  - firing event committing...
10:44:57,157 [main] DEBUG org.activiti.engine.impl.cfg.standalone.StandaloneMybatisTransactionContext  - committing the ibatis sql session...
10:44:57,157 [main] DEBUG org.apache.ibatis.transaction.jdbc.JdbcTransaction  - Committing JDBC Connection [conn2: url=jdbc:h2:mem:activiti user=SA]
10:44:57,157 [main] DEBUG org.activiti.engine.impl.cfg.standalone.StandaloneMybatisTransactionContext  - firing event committed...
10:44:57,157 [main] DEBUG org.apache.ibatis.transaction.jdbc.JdbcTransaction  - Resetting autocommit to true on JDBC Connection [conn2: url=jdbc:h2:mem:activiti user=SA]
10:44:57,157 [main] DEBUG org.apache.ibatis.transaction.jdbc.JdbcTransaction  - Closing JDBC Connection [conn2: url=jdbc:h2:mem:activiti user=SA]
10:44:57,157 [main] DEBUG org.apache.ibatis.datasource.pooled.PooledDataSource  - Returned connection 363509958 to pool.
10:44:57,157 [main] DEBUG org.activiti.engine.impl.interceptor.LogInterceptor  - --- StartProcessInstanceCmd finished --------------------------------------------------------
10:44:57,157 [main] DEBUG org.activiti.engine.impl.interceptor.LogInterceptor  - 

10:44:57,157 [main] DEBUG org.activiti.engine.impl.interceptor.LogInterceptor  - 

10:44:57,157 [main] DEBUG org.activiti.engine.impl.interceptor.LogInterceptor  - --- starting StartProcessInstanceCmd --------------------------------------------------------
10:44:57,157 [main] DEBUG org.apache.ibatis.transaction.jdbc.JdbcTransaction  - Opening JDBC Connection
10:44:57,157 [main] DEBUG org.apache.ibatis.datasource.pooled.PooledDataSource  - Checked out connection 180014677 from pool.
10:44:57,157 [main] DEBUG org.apache.ibatis.transaction.jdbc.JdbcTransaction  - Setting autocommit to false on JDBC Connection [conn3: url=jdbc:h2:mem:activiti user=SA]
10:44:57,157 [main] DEBUG org.activiti.engine.impl.persistence.entity.ProcessDefinitionEntity.selectLatestProcessDefinitionByKey  - ==&gt;  Preparing: select * from ACT_RE_PROCDEF where KEY_ = ? and (TENANT_ID_ = &apos;&apos; or TENANT_ID_ is null) and VERSION_ = (select max(VERSION_) from ACT_RE_PROCDEF where KEY_ = ? and (TENANT_ID_ = &apos;&apos; or TENANT_ID_ is null)) 
10:44:57,157 [main] DEBUG org.activiti.engine.impl.persistence.entity.ProcessDefinitionEntity.selectLatestProcessDefinitionByKey  - ==&gt; Parameters: timerOnTask(String), timerOnTask(String)
10:44:57,157 [main] DEBUG org.activiti.engine.impl.persistence.entity.ProcessDefinitionEntity.selectLatestProcessDefinitionByKey  - &lt;==      Total: 1
10:44:57,157 [main] DEBUG org.activiti.engine.impl.persistence.entity.ExecutionEntity  - initializing ProcessInstance[1623]
10:44:57,157 [main] DEBUG org.activiti.engine.impl.history.DefaultHistoryManager  - Current history level: FULL, level required: ACTIVITY
10:44:57,157 [main] DEBUG org.activiti.engine.impl.pvm.runtime.AtomicOperationActivityExecute  - ProcessInstance[1623] executes Activity(theStart): org.activiti.engine.impl.bpmn.behavior.NoneStartEventActivityBehavior
10:44:57,157 [main] DEBUG org.activiti.engine.impl.persistence.entity.JobEntity.selectJobsByExecutionId  - ==&gt;  Preparing: select * from ACT_RU_JOB J where J.EXECUTION_ID_ = ? 
10:44:57,157 [main] DEBUG org.activiti.engine.impl.persistence.entity.JobEntity.selectJobsByExecutionId  - ==&gt; Parameters: 1623(String)
10:44:57,157 [main] DEBUG org.activiti.engine.impl.persistence.entity.JobEntity.selectJobsByExecutionId  - &lt;==      Total: 0
10:44:57,158 [main] DEBUG org.activiti.engine.impl.bpmn.behavior.BpmnActivityBehavior  - Leaving activity &apos;theStart&apos;
10:44:57,158 [main] DEBUG org.activiti.engine.impl.history.DefaultHistoryManager  - Current history level: FULL, level required: ACTIVITY
10:44:57,158 [main] DEBUG org.activiti.engine.impl.pvm.runtime.AtomicOperationTransitionNotifyListenerTake  - ProcessInstance[1623] takes transition (theStart)--flow1--&gt;(firstLineSupport)
10:44:57,158 [main] DEBUG org.activiti.engine.impl.persistence.entity.ExecutionEntity  - Child execution ScopeExecution[1625] created with parent 
10:44:57,158 [main] DEBUG org.activiti.engine.impl.pvm.runtime.AtomicOperationTransitionCreateScope  - create scope: parent ProcessInstance[1623] continues as execution ScopeExecution[1625]
10:44:57,158 [main] DEBUG org.activiti.engine.impl.persistence.entity.ExecutionEntity  - initializing ScopeExecution[1625]
10:44:57,158 [main] DEBUG org.activiti.engine.impl.persistence.entity.JobEntity.selectJobsByExecutionId  - ==&gt;  Preparing: select * from ACT_RU_JOB J where J.EXECUTION_ID_ = ? 
10:44:57,158 [main] DEBUG org.activiti.engine.impl.persistence.entity.JobEntity.selectJobsByExecutionId  - ==&gt; Parameters: 1625(String)
10:44:57,158 [main] DEBUG org.activiti.engine.impl.persistence.entity.JobEntity.selectJobsByExecutionId  - &lt;==      Total: 0
10:44:57,158 [main] DEBUG org.activiti.engine.impl.history.DefaultHistoryManager  - Current history level: FULL, level required: ACTIVITY
10:44:57,158 [main] DEBUG org.activiti.engine.impl.pvm.runtime.AtomicOperationActivityExecute  - ScopeExecution[1625] executes Activity(firstLineSupport): org.activiti.engine.impl.bpmn.behavior.UserTaskActivityBehavior
10:44:57,158 [main] DEBUG org.activiti.engine.impl.persistence.entity.TaskEntity.selectTasksByExecutionId  - ==&gt;  Preparing: select distinct T.* from ACT_RU_TASK T where T.EXECUTION_ID_ = ? 
10:44:57,158 [main] DEBUG org.activiti.engine.impl.persistence.entity.TaskEntity.selectTasksByExecutionId  - ==&gt; Parameters: 1625(String)
10:44:57,158 [main] DEBUG org.activiti.engine.impl.persistence.entity.TaskEntity.selectTasksByExecutionId  - &lt;==      Total: 0
10:44:57,158 [main] DEBUG org.activiti.engine.impl.history.DefaultHistoryManager  - Current history level: FULL, level required: AUDIT
10:44:57,158 [main] DEBUG org.activiti.engine.impl.history.DefaultHistoryManager  - Current history level: FULL, level required: AUDIT
10:44:57,158 [main] DEBUG org.activiti.engine.impl.interceptor.LogInterceptor  - 

10:44:57,158 [main] DEBUG org.activiti.engine.impl.interceptor.LogInterceptor  - --- starting  --------------------------------------------------------
10:44:57,158 [main] DEBUG org.activiti.engine.impl.interceptor.CommandContextInterceptor  - Valid context found. Reusing it for the current command &apos;null&apos;
10:44:57,158 [main] DEBUG org.activiti.engine.impl.persistence.entity.ProcessDefinitionInfoEntity.selectProcessDefinitionInfoByProcessDefinitionId  - ==&gt;  Preparing: select * from ACT_PROCDEF_INFO where PROC_DEF_ID_ = ? 
10:44:57,158 [main] DEBUG org.activiti.engine.impl.persistence.entity.ProcessDefinitionInfoEntity.selectProcessDefinitionInfoByProcessDefinitionId  - ==&gt; Parameters: timerOnTask:2:1616(String)
10:44:57,158 [main] DEBUG org.activiti.engine.impl.persistence.entity.ProcessDefinitionInfoEntity.selectProcessDefinitionInfoByProcessDefinitionId  - &lt;==      Total: 0
10:44:57,158 [main] DEBUG org.activiti.engine.impl.interceptor.LogInterceptor  - ---  finished --------------------------------------------------------
10:44:57,158 [main] DEBUG org.activiti.engine.impl.interceptor.LogInterceptor  - 

10:44:57,158 [main] DEBUG org.activiti.engine.impl.history.DefaultHistoryManager  - Current history level: FULL, level required: AUDIT
10:44:57,158 [main] DEBUG org.activiti.engine.impl.history.DefaultHistoryManager  - Current history level: FULL, level required: AUDIT
10:44:57,158 [main] DEBUG org.activiti.engine.impl.history.DefaultHistoryManager  - Current history level: FULL, level required: ACTIVITY
10:44:57,158 [main] DEBUG org.activiti.engine.impl.db.DbSqlSession  -   insert ProcessInstance[1623]
10:44:57,158 [main] DEBUG org.activiti.engine.impl.db.DbSqlSession  -   insert ScopeExecution[1625]
10:44:57,158 [main] DEBUG org.activiti.engine.impl.db.DbSqlSession  -   insert HistoricProcessInstanceEntity[superProcessInstanceId=null]
10:44:57,158 [main] DEBUG org.activiti.engine.impl.db.DbSqlSession  -   insert Task[id=1628, name=First line support]
10:44:57,158 [main] DEBUG org.activiti.engine.impl.db.DbSqlSession  -   insert HistoricTaskInstanceEntity[id=1628, name=First line support]
10:44:57,158 [main] DEBUG org.activiti.engine.impl.db.DbSqlSession  -   insert HistoricActivityInstanceEntity[activityId=theStart, activityName=null]
10:44:57,158 [main] DEBUG org.activiti.engine.impl.db.DbSqlSession  -   insert HistoricActivityInstanceEntity[activityId=firstLineSupport, activityName=First line support]
10:44:57,158 [main] DEBUG org.activiti.engine.impl.db.DbSqlSession  -   insert JobEntity [id=1626]
10:44:57,158 [main] DEBUG org.activiti.engine.impl.db.DbSqlSession  - flush summary: 8 insert, 0 update, 0 delete.
10:44:57,158 [main] DEBUG org.activiti.engine.impl.db.DbSqlSession  - now executing flush...
10:44:57,158 [main] DEBUG org.activiti.engine.impl.db.DbSqlSession  - inserting: HistoricTaskInstanceEntity[id=1628, name=First line support]
10:44:57,158 [main] DEBUG org.activiti.engine.impl.persistence.entity.HistoricTaskInstanceEntity.insertHistoricTaskInstance  - ==&gt;  Preparing: insert into ACT_HI_TASKINST ( ID_, PROC_DEF_ID_, PROC_INST_ID_, EXECUTION_ID_, NAME_, PARENT_TASK_ID_, DESCRIPTION_, OWNER_, ASSIGNEE_, START_TIME_, CLAIM_TIME_, END_TIME_, DURATION_, DELETE_REASON_, TASK_DEF_KEY_, FORM_KEY_, PRIORITY_, DUE_DATE_, CATEGORY_, TENANT_ID_ ) values ( ?, ?, ?, ?, ?, ?, ?, ?, ?, ?, ?, ?, ?, ?, ?, ?, ?, ?, ?, ? ) 
10:44:57,158 [main] DEBUG org.activiti.engine.impl.persistence.entity.HistoricTaskInstanceEntity.insertHistoricTaskInstance  - ==&gt; Parameters: 1628(String), timerOnTask:2:1616(String), 1623(String), 1625(String), First line support(String), null, null, null, null, 2023-03-20 11:44:57.0(Timestamp), null, null, null, null, firstLineSupport(String), null, 50(Integer), null, null, (String)
10:44:57,158 [main] DEBUG org.activiti.engine.impl.persistence.entity.HistoricTaskInstanceEntity.insertHistoricTaskInstance  - &lt;==    Updates: 1
10:44:57,158 [main] DEBUG org.activiti.engine.impl.db.DbSqlSession  - inserting: HistoricProcessInstanceEntity[superProcessInstanceId=null]
10:44:57,158 [main] DEBUG org.activiti.engine.impl.persistence.entity.HistoricProcessInstanceEntity.insertHistoricProcessInstance  - ==&gt;  Preparing: insert into ACT_HI_PROCINST ( ID_, PROC_INST_ID_, BUSINESS_KEY_, PROC_DEF_ID_, START_TIME_, END_TIME_, DURATION_, START_USER_ID_, START_ACT_ID_, END_ACT_ID_, SUPER_PROCESS_INSTANCE_ID_, DELETE_REASON_, TENANT_ID_, NAME_ ) values ( ?, ?, ?, ?, ?, ?, ?, ?, ?, ?, ?, ?, ?, ? ) 
10:44:57,158 [main] DEBUG org.activiti.engine.impl.persistence.entity.HistoricProcessInstanceEntity.insertHistoricProcessInstance  - ==&gt; Parameters: 1623(String), 1623(String), null, timerOnTask:2:1616(String), 2023-03-20 11:44:57.0(Timestamp), null, null, null, theStart(String), null, null, null, (String), null
10:44:57,158 [main] DEBUG org.activiti.engine.impl.persistence.entity.HistoricProcessInstanceEntity.insertHistoricProcessInstance  - &lt;==    Updates: 1
10:44:57,158 [main] DEBUG org.activiti.engine.impl.persistence.entity.HistoricActivityInstanceEntity.bulkInsertHistoricActivityInstance  - ==&gt;  Preparing: insert into ACT_HI_ACTINST ( ID_, PROC_DEF_ID_, PROC_INST_ID_, EXECUTION_ID_, ACT_ID_, TASK_ID_, CALL_PROC_INST_ID_, ACT_NAME_, ACT_TYPE_, ASSIGNEE_, START_TIME_, END_TIME_, DURATION_, TENANT_ID_ ) values (?, ?, ?, ?, ?, ?, ?, ?, ?, ?, ?, ?, ?, ?) , (?, ?, ?, ?, ?, ?, ?, ?, ?, ?, ?, ?, ?, ?) 
10:44:57,158 [main] DEBUG org.activiti.engine.impl.persistence.entity.HistoricActivityInstanceEntity.bulkInsertHistoricActivityInstance  - ==&gt; Parameters: 1624(String), timerOnTask:2:1616(String), 1623(String), 1623(String), theStart(String), null, null, null, startEvent(String), null, 2023-03-20 11:44:57.0(Timestamp), 2023-03-20 11:44:57.0(Timestamp), 0(Long), (String), 1627(String), timerOnTask:2:1616(String), 1623(String), 1625(String), firstLineSupport(String), 1628(String), null, First line support(String), userTask(String), null, 2023-03-20 11:44:57.0(Timestamp), null, null, (String)
10:44:57,158 [main] DEBUG org.activiti.engine.impl.persistence.entity.HistoricActivityInstanceEntity.bulkInsertHistoricActivityInstance  - &lt;==    Updates: 2
10:44:57,159 [main] DEBUG org.activiti.engine.impl.persistence.entity.ExecutionEntity.bulkInsertExecution  - ==&gt;  Preparing: insert into ACT_RU_EXECUTION (ID_, REV_, PROC_INST_ID_, BUSINESS_KEY_, PROC_DEF_ID_, ACT_ID_, IS_ACTIVE_, IS_CONCURRENT_, IS_SCOPE_,IS_EVENT_SCOPE_, PARENT_ID_, SUPER_EXEC_, SUSPENSION_STATE_, CACHED_ENT_STATE_, TENANT_ID_, NAME_) values (?, 1, ?, ?, ?, ?, ?, ?, ?, ?, ?, ?, ?, ?, ?, ?) , (?, 1, ?, ?, ?, ?, ?, ?, ?, ?, ?, ?, ?, ?, ?, ?) 
10:44:57,159 [main] DEBUG org.activiti.engine.impl.persistence.entity.ExecutionEntity.bulkInsertExecution  - ==&gt; Parameters: 1623(String), 1623(String), null, timerOnTask:2:1616(String), null, false(Boolean), false(Boolean), true(Boolean), false(Boolean), null, null, 1(Integer), 2(Integer), (String), null, 1625(String), 1623(String), null, timerOnTask:2:1616(String), firstLineSupport(String), true(Boolean), false(Boolean), true(Boolean), false(Boolean), 1623(String), null, 1(Integer), 6(Integer), (String), null
10:44:57,159 [main] DEBUG org.activiti.engine.impl.persistence.entity.ExecutionEntity.bulkInsertExecution  - &lt;==    Updates: 2
10:44:57,159 [main] DEBUG org.activiti.engine.impl.db.DbSqlSession  - inserting: Task[id=1628, name=First line support]
10:44:57,159 [main] DEBUG org.activiti.engine.impl.persistence.entity.TaskEntity.insertTask  - ==&gt;  Preparing: insert into ACT_RU_TASK (ID_, REV_, NAME_, PARENT_TASK_ID_, DESCRIPTION_, PRIORITY_, CREATE_TIME_, OWNER_, ASSIGNEE_, DELEGATION_, EXECUTION_ID_, PROC_INST_ID_, PROC_DEF_ID_, TASK_DEF_KEY_, DUE_DATE_, CATEGORY_, SUSPENSION_STATE_, TENANT_ID_, FORM_KEY_) values (?, 1, ?, ?, ?, ?, ?, ?, ?, ?, ?, ?, ?, ?, ?, ?, ?, ?, ? ) 
10:44:57,159 [main] DEBUG org.activiti.engine.impl.persistence.entity.TaskEntity.insertTask  - ==&gt; Parameters: 1628(String), First line support(String), null, null, 50(Integer), 2023-03-20 11:44:57.0(Timestamp), null, null, null, 1625(String), 1623(String), timerOnTask:2:1616(String), firstLineSupport(String), null, null, 1(Integer), (String), null
10:44:57,159 [main] DEBUG org.activiti.engine.impl.persistence.entity.TaskEntity.insertTask  - &lt;==    Updates: 1
10:44:57,159 [main] DEBUG org.activiti.engine.impl.db.DbSqlSession  - inserting: JobEntity [id=1626]
10:44:57,159 [main] DEBUG org.activiti.engine.impl.persistence.entity.JobEntity.insertTimer  - ==&gt;  Preparing: insert into ACT_RU_JOB ( ID_, REV_, TYPE_, LOCK_OWNER_, LOCK_EXP_TIME_, EXCLUSIVE_, EXECUTION_ID_, PROCESS_INSTANCE_ID_, PROC_DEF_ID_, RETRIES_, EXCEPTION_STACK_ID_, EXCEPTION_MSG_, DUEDATE_, REPEAT_, HANDLER_TYPE_, HANDLER_CFG_, TENANT_ID_) values (?, 1, &apos;timer&apos;, ?, ?, ?, ?, ?, ?, ?, ?, ?, ?, ?, ?, ?, ? ) 
10:44:57,159 [main] DEBUG org.activiti.engine.impl.persistence.entity.JobEntity.insertTimer  - ==&gt; Parameters: 1626(String), null, null, true(Boolean), 1625(String), 1623(String), timerOnTask:2:1616(String), 3(Integer), null, null, 2023-03-20 12:44:57.0(Timestamp), null, timer-transition(String), {&quot;activityId&quot;:&quot;escalationTimer&quot;}(String), (String)
10:44:57,159 [main] DEBUG org.activiti.engine.impl.persistence.entity.JobEntity.insertTimer  - &lt;==    Updates: 1
10:44:57,159 [main] DEBUG org.activiti.engine.impl.cfg.standalone.StandaloneMybatisTransactionContext  - firing event committing...
10:44:57,159 [main] DEBUG org.activiti.engine.impl.cfg.standalone.StandaloneMybatisTransactionContext  - committing the ibatis sql session...
10:44:57,159 [main] DEBUG org.apache.ibatis.transaction.jdbc.JdbcTransaction  - Committing JDBC Connection [conn3: url=jdbc:h2:mem:activiti user=SA]
10:44:57,159 [main] DEBUG org.activiti.engine.impl.cfg.standalone.StandaloneMybatisTransactionContext  - firing event committed...
10:44:57,159 [main] DEBUG org.apache.ibatis.transaction.jdbc.JdbcTransaction  - Resetting autocommit to true on JDBC Connection [conn3: url=jdbc:h2:mem:activiti user=SA]
10:44:57,159 [main] DEBUG org.apache.ibatis.transaction.jdbc.JdbcTransaction  - Closing JDBC Connection [conn3: url=jdbc:h2:mem:activiti user=SA]
10:44:57,159 [main] DEBUG org.apache.ibatis.datasource.pooled.PooledDataSource  - Returned connection 180014677 to pool.
10:44:57,159 [main] DEBUG org.activiti.engine.impl.interceptor.LogInterceptor  - --- StartProcessInstanceCmd finished --------------------------------------------------------
10:44:57,159 [main] DEBUG org.activiti.engine.impl.interceptor.LogInterceptor  - 

10:44:57,159 [main] DEBUG org.activiti.engine.impl.interceptor.LogInterceptor  - 

10:44:57,159 [main] DEBUG org.activiti.engine.impl.interceptor.LogInterceptor  - --- starting StartProcessInstanceCmd --------------------------------------------------------
10:44:57,159 [main] DEBUG org.apache.ibatis.transaction.jdbc.JdbcTransaction  - Opening JDBC Connection
10:44:57,159 [main] DEBUG org.apache.ibatis.datasource.pooled.PooledDataSource  - Checked out connection 297240765 from pool.
10:44:57,159 [main] DEBUG org.apache.ibatis.transaction.jdbc.JdbcTransaction  - Setting autocommit to false on JDBC Connection [conn4: url=jdbc:h2:mem:activiti user=SA]
10:44:57,159 [main] DEBUG org.activiti.engine.impl.persistence.entity.ProcessDefinitionEntity.selectLatestProcessDefinitionByKey  - ==&gt;  Preparing: select * from ACT_RE_PROCDEF where KEY_ = ? and (TENANT_ID_ = &apos;&apos; or TENANT_ID_ is null) and VERSION_ = (select max(VERSION_) from ACT_RE_PROCDEF where KEY_ = ? and (TENANT_ID_ = &apos;&apos; or TENANT_ID_ is null)) 
10:44:57,159 [main] DEBUG org.activiti.engine.impl.persistence.entity.ProcessDefinitionEntity.selectLatestProcessDefinitionByKey  - ==&gt; Parameters: timerOnTask(String), timerOnTask(String)
10:44:57,159 [main] DEBUG org.activiti.engine.impl.persistence.entity.ProcessDefinitionEntity.selectLatestProcessDefinitionByKey  - &lt;==      Total: 1
10:44:57,159 [main] DEBUG org.activiti.engine.impl.persistence.entity.ExecutionEntity  - initializing ProcessInstance[1629]
10:44:57,159 [main] DEBUG org.activiti.engine.impl.history.DefaultHistoryManager  - Current history level: FULL, level required: ACTIVITY
10:44:57,159 [main] DEBUG org.activiti.engine.impl.pvm.runtime.AtomicOperationActivityExecute  - ProcessInstance[1629] executes Activity(theStart): org.activiti.engine.impl.bpmn.behavior.NoneStartEventActivityBehavior
10:44:57,159 [main] DEBUG org.activiti.engine.impl.persistence.entity.JobEntity.selectJobsByExecutionId  - ==&gt;  Preparing: select * from ACT_RU_JOB J where J.EXECUTION_ID_ = ? 
10:44:57,159 [main] DEBUG org.activiti.engine.impl.persistence.entity.JobEntity.selectJobsByExecutionId  - ==&gt; Parameters: 1629(String)
10:44:57,159 [main] DEBUG org.activiti.engine.impl.persistence.entity.JobEntity.selectJobsByExecutionId  - &lt;==      Total: 0
10:44:57,159 [main] DEBUG org.activiti.engine.impl.bpmn.behavior.BpmnActivityBehavior  - Leaving activity &apos;theStart&apos;
10:44:57,159 [main] DEBUG org.activiti.engine.impl.history.DefaultHistoryManager  - Current history level: FULL, level required: ACTIVITY
10:44:57,159 [main] DEBUG org.activiti.engine.impl.pvm.runtime.AtomicOperationTransitionNotifyListenerTake  - ProcessInstance[1629] takes transition (theStart)--flow1--&gt;(firstLineSupport)
10:44:57,159 [main] DEBUG org.activiti.engine.impl.persistence.entity.ExecutionEntity  - Child execution ScopeExecution[1631] created with parent 
10:44:57,159 [main] DEBUG org.activiti.engine.impl.pvm.runtime.AtomicOperationTransitionCreateScope  - create scope: parent ProcessInstance[1629] continues as execution ScopeExecution[1631]
10:44:57,159 [main] DEBUG org.activiti.engine.impl.persistence.entity.ExecutionEntity  - initializing ScopeExecution[1631]
10:44:57,159 [main] DEBUG org.activiti.engine.impl.persistence.entity.JobEntity.selectJobsByExecutionId  - ==&gt;  Preparing: select * from ACT_RU_JOB J where J.EXECUTION_ID_ = ? 
10:44:57,159 [main] DEBUG org.activiti.engine.impl.persistence.entity.JobEntity.selectJobsByExecutionId  - ==&gt; Parameters: 1631(String)
10:44:57,159 [main] DEBUG org.activiti.engine.impl.persistence.entity.JobEntity.selectJobsByExecutionId  - &lt;==      Total: 0
10:44:57,159 [main] DEBUG org.activiti.engine.impl.history.DefaultHistoryManager  - Current history level: FULL, level required: ACTIVITY
10:44:57,159 [main] DEBUG org.activiti.engine.impl.pvm.runtime.AtomicOperationActivityExecute  - ScopeExecution[1631] executes Activity(firstLineSupport): org.activiti.engine.impl.bpmn.behavior.UserTaskActivityBehavior
10:44:57,159 [main] DEBUG org.activiti.engine.impl.persistence.entity.TaskEntity.selectTasksByExecutionId  - ==&gt;  Preparing: select distinct T.* from ACT_RU_TASK T where T.EXECUTION_ID_ = ? 
10:44:57,159 [main] DEBUG org.activiti.engine.impl.persistence.entity.TaskEntity.selectTasksByExecutionId  - ==&gt; Parameters: 1631(String)
10:44:57,159 [main] DEBUG org.activiti.engine.impl.persistence.entity.TaskEntity.selectTasksByExecutionId  - &lt;==      Total: 0
10:44:57,159 [main] DEBUG org.activiti.engine.impl.history.DefaultHistoryManager  - Current history level: FULL, level required: AUDIT
10:44:57,159 [main] DEBUG org.activiti.engine.impl.history.DefaultHistoryManager  - Current history level: FULL, level required: AUDIT
10:44:57,159 [main] DEBUG org.activiti.engine.impl.interceptor.LogInterceptor  - 

10:44:57,159 [main] DEBUG org.activiti.engine.impl.interceptor.LogInterceptor  - --- starting  --------------------------------------------------------
10:44:57,159 [main] DEBUG org.activiti.engine.impl.interceptor.CommandContextInterceptor  - Valid context found. Reusing it for the current command &apos;null&apos;
10:44:57,160 [main] DEBUG org.activiti.engine.impl.persistence.entity.ProcessDefinitionInfoEntity.selectProcessDefinitionInfoByProcessDefinitionId  - ==&gt;  Preparing: select * from ACT_PROCDEF_INFO where PROC_DEF_ID_ = ? 
10:44:57,160 [main] DEBUG org.activiti.engine.impl.persistence.entity.ProcessDefinitionInfoEntity.selectProcessDefinitionInfoByProcessDefinitionId  - ==&gt; Parameters: timerOnTask:2:1616(String)
10:44:57,160 [main] DEBUG org.activiti.engine.impl.persistence.entity.ProcessDefinitionInfoEntity.selectProcessDefinitionInfoByProcessDefinitionId  - &lt;==      Total: 0
10:44:57,160 [main] DEBUG org.activiti.engine.impl.interceptor.LogInterceptor  - ---  finished --------------------------------------------------------
10:44:57,160 [main] DEBUG org.activiti.engine.impl.interceptor.LogInterceptor  - 

10:44:57,160 [main] DEBUG org.activiti.engine.impl.history.DefaultHistoryManager  - Current history level: FULL, level required: AUDIT
10:44:57,160 [main] DEBUG org.activiti.engine.impl.history.DefaultHistoryManager  - Current history level: FULL, level required: AUDIT
10:44:57,160 [main] DEBUG org.activiti.engine.impl.history.DefaultHistoryManager  - Current history level: FULL, level required: ACTIVITY
10:44:57,160 [main] DEBUG org.activiti.engine.impl.db.DbSqlSession  -   insert ProcessInstance[1629]
10:44:57,160 [main] DEBUG org.activiti.engine.impl.db.DbSqlSession  -   insert ScopeExecution[1631]
10:44:57,160 [main] DEBUG org.activiti.engine.impl.db.DbSqlSession  -   insert HistoricProcessInstanceEntity[superProcessInstanceId=null]
10:44:57,160 [main] DEBUG org.activiti.engine.impl.db.DbSqlSession  -   insert Task[id=1634, name=First line support]
10:44:57,160 [main] DEBUG org.activiti.engine.impl.db.DbSqlSession  -   insert HistoricTaskInstanceEntity[id=1634, name=First line support]
10:44:57,160 [main] DEBUG org.activiti.engine.impl.db.DbSqlSession  -   insert HistoricActivityInstanceEntity[activityId=theStart, activityName=null]
10:44:57,160 [main] DEBUG org.activiti.engine.impl.db.DbSqlSession  -   insert HistoricActivityInstanceEntity[activityId=firstLineSupport, activityName=First line support]
10:44:57,160 [main] DEBUG org.activiti.engine.impl.db.DbSqlSession  -   insert JobEntity [id=1632]
10:44:57,160 [main] DEBUG org.activiti.engine.impl.db.DbSqlSession  - flush summary: 8 insert, 0 update, 0 delete.
10:44:57,160 [main] DEBUG org.activiti.engine.impl.db.DbSqlSession  - now executing flush...
10:44:57,160 [main] DEBUG org.activiti.engine.impl.db.DbSqlSession  - inserting: HistoricTaskInstanceEntity[id=1634, name=First line support]
10:44:57,160 [main] DEBUG org.activiti.engine.impl.persistence.entity.HistoricTaskInstanceEntity.insertHistoricTaskInstance  - ==&gt;  Preparing: insert into ACT_HI_TASKINST ( ID_, PROC_DEF_ID_, PROC_INST_ID_, EXECUTION_ID_, NAME_, PARENT_TASK_ID_, DESCRIPTION_, OWNER_, ASSIGNEE_, START_TIME_, CLAIM_TIME_, END_TIME_, DURATION_, DELETE_REASON_, TASK_DEF_KEY_, FORM_KEY_, PRIORITY_, DUE_DATE_, CATEGORY_, TENANT_ID_ ) values ( ?, ?, ?, ?, ?, ?, ?, ?, ?, ?, ?, ?, ?, ?, ?, ?, ?, ?, ?, ? ) 
10:44:57,160 [main] DEBUG org.activiti.engine.impl.persistence.entity.HistoricTaskInstanceEntity.insertHistoricTaskInstance  - ==&gt; Parameters: 1634(String), timerOnTask:2:1616(String), 1629(String), 1631(String), First line support(String), null, null, null, null, 2023-03-20 12:44:57.0(Timestamp), null, null, null, null, firstLineSupport(String), null, 50(Integer), null, null, (String)
10:44:57,160 [main] DEBUG org.activiti.engine.impl.persistence.entity.HistoricTaskInstanceEntity.insertHistoricTaskInstance  - &lt;==    Updates: 1
10:44:57,160 [main] DEBUG org.activiti.engine.impl.db.DbSqlSession  - inserting: HistoricProcessInstanceEntity[superProcessInstanceId=null]
10:44:57,160 [main] DEBUG org.activiti.engine.impl.persistence.entity.HistoricProcessInstanceEntity.insertHistoricProcessInstance  - ==&gt;  Preparing: insert into ACT_HI_PROCINST ( ID_, PROC_INST_ID_, BUSINESS_KEY_, PROC_DEF_ID_, START_TIME_, END_TIME_, DURATION_, START_USER_ID_, START_ACT_ID_, END_ACT_ID_, SUPER_PROCESS_INSTANCE_ID_, DELETE_REASON_, TENANT_ID_, NAME_ ) values ( ?, ?, ?, ?, ?, ?, ?, ?, ?, ?, ?, ?, ?, ? ) 
10:44:57,160 [main] DEBUG org.activiti.engine.impl.persistence.entity.HistoricProcessInstanceEntity.insertHistoricProcessInstance  - ==&gt; Parameters: 1629(String), 1629(String), null, timerOnTask:2:1616(String), 2023-03-20 12:44:57.0(Timestamp), null, null, null, theStart(String), null, null, null, (String), null
10:44:57,160 [main] DEBUG org.activiti.engine.impl.persistence.entity.HistoricProcessInstanceEntity.insertHistoricProcessInstance  - &lt;==    Updates: 1
10:44:57,160 [main] DEBUG org.activiti.engine.impl.persistence.entity.HistoricActivityInstanceEntity.bulkInsertHistoricActivityInstance  - ==&gt;  Preparing: insert into ACT_HI_ACTINST ( ID_, PROC_DEF_ID_, PROC_INST_ID_, EXECUTION_ID_, ACT_ID_, TASK_ID_, CALL_PROC_INST_ID_, ACT_NAME_, ACT_TYPE_, ASSIGNEE_, START_TIME_, END_TIME_, DURATION_, TENANT_ID_ ) values (?, ?, ?, ?, ?, ?, ?, ?, ?, ?, ?, ?, ?, ?) , (?, ?, ?, ?, ?, ?, ?, ?, ?, ?, ?, ?, ?, ?) 
10:44:57,160 [main] DEBUG org.activiti.engine.impl.persistence.entity.HistoricActivityInstanceEntity.bulkInsertHistoricActivityInstance  - ==&gt; Parameters: 1630(String), timerOnTask:2:1616(String), 1629(String), 1629(String), theStart(String), null, null, null, startEvent(String), null, 2023-03-20 12:44:57.0(Timestamp), 2023-03-20 12:44:57.0(Timestamp), 0(Long), (String), 1633(String), timerOnTask:2:1616(String), 1629(String), 1631(String), firstLineSupport(String), 1634(String), null, First line support(String), userTask(String), null, 2023-03-20 12:44:57.0(Timestamp), null, null, (String)
10:44:57,160 [main] DEBUG org.activiti.engine.impl.persistence.entity.HistoricActivityInstanceEntity.bulkInsertHistoricActivityInstance  - &lt;==    Updates: 2
10:44:57,160 [main] DEBUG org.activiti.engine.impl.persistence.entity.ExecutionEntity.bulkInsertExecution  - ==&gt;  Preparing: insert into ACT_RU_EXECUTION (ID_, REV_, PROC_INST_ID_, BUSINESS_KEY_, PROC_DEF_ID_, ACT_ID_, IS_ACTIVE_, IS_CONCURRENT_, IS_SCOPE_,IS_EVENT_SCOPE_, PARENT_ID_, SUPER_EXEC_, SUSPENSION_STATE_, CACHED_ENT_STATE_, TENANT_ID_, NAME_) values (?, 1, ?, ?, ?, ?, ?, ?, ?, ?, ?, ?, ?, ?, ?, ?) , (?, 1, ?, ?, ?, ?, ?, ?, ?, ?, ?, ?, ?, ?, ?, ?) 
10:44:57,160 [main] DEBUG org.activiti.engine.impl.persistence.entity.ExecutionEntity.bulkInsertExecution  - ==&gt; Parameters: 1629(String), 1629(String), null, timerOnTask:2:1616(String), null, false(Boolean), false(Boolean), true(Boolean), false(Boolean), null, null, 1(Integer), 2(Integer), (String), null, 1631(String), 1629(String), null, timerOnTask:2:1616(String), firstLineSupport(String), true(Boolean), false(Boolean), true(Boolean), false(Boolean), 1629(String), null, 1(Integer), 6(Integer), (String), null
10:44:57,160 [main] DEBUG org.activiti.engine.impl.persistence.entity.ExecutionEntity.bulkInsertExecution  - &lt;==    Updates: 2
10:44:57,160 [main] DEBUG org.activiti.engine.impl.db.DbSqlSession  - inserting: Task[id=1634, name=First line support]
10:44:57,160 [main] DEBUG org.activiti.engine.impl.persistence.entity.TaskEntity.insertTask  - ==&gt;  Preparing: insert into ACT_RU_TASK (ID_, REV_, NAME_, PARENT_TASK_ID_, DESCRIPTION_, PRIORITY_, CREATE_TIME_, OWNER_, ASSIGNEE_, DELEGATION_, EXECUTION_ID_, PROC_INST_ID_, PROC_DEF_ID_, TASK_DEF_KEY_, DUE_DATE_, CATEGORY_, SUSPENSION_STATE_, TENANT_ID_, FORM_KEY_) values (?, 1, ?, ?, ?, ?, ?, ?, ?, ?, ?, ?, ?, ?, ?, ?, ?, ?, ? ) 
10:44:57,160 [main] DEBUG org.activiti.engine.impl.persistence.entity.TaskEntity.insertTask  - ==&gt; Parameters: 1634(String), First line support(String), null, null, 50(Integer), 2023-03-20 12:44:57.0(Timestamp), null, null, null, 1631(String), 1629(String), timerOnTask:2:1616(String), firstLineSupport(String), null, null, 1(Integer), (String), null
10:44:57,160 [main] DEBUG org.activiti.engine.impl.persistence.entity.TaskEntity.insertTask  - &lt;==    Updates: 1
10:44:57,160 [main] DEBUG org.activiti.engine.impl.db.DbSqlSession  - inserting: JobEntity [id=1632]
10:44:57,160 [main] DEBUG org.activiti.engine.impl.persistence.entity.JobEntity.insertTimer  - ==&gt;  Preparing: insert into ACT_RU_JOB ( ID_, REV_, TYPE_, LOCK_OWNER_, LOCK_EXP_TIME_, EXCLUSIVE_, EXECUTION_ID_, PROCESS_INSTANCE_ID_, PROC_DEF_ID_, RETRIES_, EXCEPTION_STACK_ID_, EXCEPTION_MSG_, DUEDATE_, REPEAT_, HANDLER_TYPE_, HANDLER_CFG_, TENANT_ID_) values (?, 1, &apos;timer&apos;, ?, ?, ?, ?, ?, ?, ?, ?, ?, ?, ?, ?, ?, ? ) 
10:44:57,160 [main] DEBUG org.activiti.engine.impl.persistence.entity.JobEntity.insertTimer  - ==&gt; Parameters: 1632(String), null, null, true(Boolean), 1631(String), 1629(String), timerOnTask:2:1616(String), 3(Integer), null, null, 2023-03-20 13:44:57.0(Timestamp), null, timer-transition(String), {&quot;activityId&quot;:&quot;escalationTimer&quot;}(String), (String)
10:44:57,160 [main] DEBUG org.activiti.engine.impl.persistence.entity.JobEntity.insertTimer  - &lt;==    Updates: 1
10:44:57,160 [main] DEBUG org.activiti.engine.impl.cfg.standalone.StandaloneMybatisTransactionContext  - firing event committing...
10:44:57,160 [main] DEBUG org.activiti.engine.impl.cfg.standalone.StandaloneMybatisTransactionContext  - committing the ibatis sql session...
10:44:57,160 [main] DEBUG org.apache.ibatis.transaction.jdbc.JdbcTransaction  - Committing JDBC Connection [conn4: url=jdbc:h2:mem:activiti user=SA]
10:44:57,160 [main] DEBUG org.activiti.engine.impl.cfg.standalone.StandaloneMybatisTransactionContext  - firing event committed...
10:44:57,160 [main] DEBUG org.apache.ibatis.transaction.jdbc.JdbcTransaction  - Resetting autocommit to true on JDBC Connection [conn4: url=jdbc:h2:mem:activiti user=SA]
10:44:57,160 [main] DEBUG org.apache.ibatis.transaction.jdbc.JdbcTransaction  - Closing JDBC Connection [conn4: url=jdbc:h2:mem:activiti user=SA]
10:44:57,160 [main] DEBUG org.apache.ibatis.datasource.pooled.PooledDataSource  - Returned connection 297240765 to pool.
10:44:57,160 [main] DEBUG org.activiti.engine.impl.interceptor.LogInterceptor  - --- StartProcessInstanceCmd finished --------------------------------------------------------
10:44:57,160 [main] DEBUG org.activiti.engine.impl.interceptor.LogInterceptor  - 

10:44:57,160 [main] DEBUG org.activiti.engine.impl.interceptor.LogInterceptor  - 

10:44:57,160 [main] DEBUG org.activiti.engine.impl.interceptor.LogInterceptor  - --- starting  --------------------------------------------------------
10:44:57,160 [main] DEBUG org.activiti.engine.impl.db.DbSqlSession  -   insert JobEntity [id=1635]
10:44:57,160 [main] DEBUG org.activiti.engine.impl.db.DbSqlSession  - flush summary: 1 insert, 0 update, 0 delete.
10:44:57,160 [main] DEBUG org.activiti.engine.impl.db.DbSqlSession  - now executing flush...
10:44:57,160 [main] DEBUG org.activiti.engine.impl.db.DbSqlSession  - inserting: JobEntity [id=1635]
10:44:57,160 [main] DEBUG org.apache.ibatis.transaction.jdbc.JdbcTransaction  - Opening JDBC Connection
10:44:57,160 [main] DEBUG org.apache.ibatis.datasource.pooled.PooledDataSource  - Checked out connection 363509958 from pool.
10:44:57,160 [main] DEBUG org.apache.ibatis.transaction.jdbc.JdbcTransaction  - Setting autocommit to false on JDBC Connection [conn2: url=jdbc:h2:mem:activiti user=SA]
10:44:57,160 [main] DEBUG org.activiti.engine.impl.persistence.entity.JobEntity.insertMessage  - ==&gt;  Preparing: insert into ACT_RU_JOB ( ID_, REV_, TYPE_, LOCK_OWNER_, LOCK_EXP_TIME_, EXCLUSIVE_, EXECUTION_ID_, PROCESS_INSTANCE_ID_, PROC_DEF_ID_, DUEDATE_, RETRIES_, EXCEPTION_STACK_ID_, EXCEPTION_MSG_, HANDLER_TYPE_, HANDLER_CFG_, TENANT_ID_) values (?, 1, &apos;message&apos;, ?, ?, ?, ?, ?, ?, ?, ?, ?, ?, ?, ?, ? ) 
10:44:57,160 [main] DEBUG org.activiti.engine.impl.persistence.entity.JobEntity.insertMessage  - ==&gt; Parameters: 1635(String), null, null, true(Boolean), null, null, null, 2023-03-20 12:49:57.0(Timestamp), 3(Integer), null, null, null, null, (String)
10:44:57,160 [main] DEBUG org.activiti.engine.impl.persistence.entity.JobEntity.insertMessage  - &lt;==    Updates: 1
10:44:57,160 [main] DEBUG org.activiti.engine.impl.cfg.standalone.StandaloneMybatisTransactionContext  - firing event committing...
10:44:57,161 [main] DEBUG org.activiti.engine.impl.cfg.standalone.StandaloneMybatisTransactionContext  - committing the ibatis sql session...
10:44:57,161 [main] DEBUG org.apache.ibatis.transaction.jdbc.JdbcTransaction  - Committing JDBC Connection [conn2: url=jdbc:h2:mem:activiti user=SA]
10:44:57,161 [main] DEBUG org.activiti.engine.impl.cfg.standalone.StandaloneMybatisTransactionContext  - firing event committed...
10:44:57,161 [main] DEBUG org.activiti.engine.impl.jobexecutor.AsyncJobAddedNotification  - notifying job executor of new job
10:44:57,161 [main] DEBUG org.apache.ibatis.transaction.jdbc.JdbcTransaction  - Resetting autocommit to true on JDBC Connection [conn2: url=jdbc:h2:mem:activiti user=SA]
10:44:57,161 [main] DEBUG org.apache.ibatis.transaction.jdbc.JdbcTransaction  - Closing JDBC Connection [conn2: url=jdbc:h2:mem:activiti user=SA]
10:44:57,161 [main] DEBUG org.apache.ibatis.datasource.pooled.PooledDataSource  - Returned connection 363509958 to pool.
10:44:57,161 [main] DEBUG org.activiti.engine.impl.interceptor.LogInterceptor  - ---  finished --------------------------------------------------------
10:44:57,161 [main] DEBUG org.activiti.engine.impl.interceptor.LogInterceptor  - 

10:44:57,161 [main] DEBUG org.activiti.engine.impl.test.PvmTestCase  - 

10:44:57,161 [main] DEBUG org.activiti.engine.impl.test.PvmTestCase  - #### START JobQueryTest.testQueryByRetriesLeft ###########################################################
10:44:57,161 [main] DEBUG org.activiti.engine.impl.interceptor.LogInterceptor  - 

10:44:57,161 [main] DEBUG org.activiti.engine.impl.interceptor.LogInterceptor  - --- starting JobQueryImpl --------------------------------------------------------
10:44:57,161 [main] DEBUG org.apache.ibatis.transaction.jdbc.JdbcTransaction  - Opening JDBC Connection
10:44:57,161 [main] DEBUG org.apache.ibatis.datasource.pooled.PooledDataSource  - Checked out connection 180014677 from pool.
10:44:57,161 [main] DEBUG org.apache.ibatis.transaction.jdbc.JdbcTransaction  - Setting autocommit to false on JDBC Connection [conn3: url=jdbc:h2:mem:activiti user=SA]
10:44:57,161 [main] DEBUG org.activiti.engine.impl.persistence.entity.JobEntity.selectJobByQueryCriteria  - ==&gt;  Preparing: select RES.* from ACT_RU_JOB RES WHERE RES.RETRIES_ &gt; 0 order by order by RES.ID_ asc LIMIT ? OFFSET ? 
10:44:57,161 [main] DEBUG org.activiti.engine.impl.interceptor.CommandContext  - Error while closing command context
org.apache.ibatis.exceptions.PersistenceException: 
### Error querying database.  Cause: org.h2.jdbc.JdbcSQLException: Syntax error in SQL statement &quot;SELECT RES.* 
     
    FROM ACT_RU_JOB RES
     
     WHERE  RES.RETRIES_ &gt; 0 
   
     ORDER BY  ORDER[*] BY RES.ID_ ASC  
    LIMIT ? OFFSET ? &quot;; expected &quot;=, NOT, EXISTS, INTERSECTS, SELECT, FROM&quot;; SQL statement:
select RES.* 
     
    from ACT_RU_JOB RES
     
     WHERE  RES.RETRIES_ &gt; 0 
   
     order by  order by RES.ID_ asc  
    LIMIT ? OFFSET ? [42001-176]
### The error may exist in org/activiti/db/mapping/entity/Job.xml
### The error may involve org.activiti.engine.impl.persistence.entity.JobEntity.selectJobByQueryCriteria
### The error occurred while executing a query
### SQL: select RES.*            from ACT_RU_JOB RES            WHERE  RES.RETRIES_ &gt; 0           order by  order by RES.ID_ asc       LIMIT ? OFFSET ?
### Cause: org.h2.jdbc.JdbcSQLException: Syntax error in SQL statement &quot;SELECT RES.* 
     
    FROM ACT_RU_JOB RES
     
     WHERE  RES.RETRIES_ &gt; 0 
   
     ORDER BY  ORDER[*] BY RES.ID_ ASC  
    LIMIT ? OFFSET ? &quot;; expected &quot;=, NOT, EXISTS, INTERSECTS, SELECT, FROM&quot;; SQL statement:
select RES.* 
     
    from ACT_RU_JOB RES
     
     WHERE  RES.RETRIES_ &gt; 0 
   
     order by  order by RES.ID_ asc  
    LIMIT ? OFFSET ? [42001-176]
	at org.apache.ibatis.exceptions.ExceptionFactory.wrapException(ExceptionFactory.java:30)
	at org.apache.ibatis.session.defaults.DefaultSqlSession.selectList(DefaultSqlSession.java:122)
	at org.apache.ibatis.session.defaults.DefaultSqlSession.selectList(DefaultSqlSession.java:113)
	at org.activiti.engine.impl.db.DbSqlSession.selectListWithRawParameter(DbSqlSession.java:438)
	at org.activiti.engine.impl.db.DbSqlSession.selectList(DbSqlSession.java:429)
	at org.activiti.engine.impl.db.DbSqlSession.selectList(DbSqlSession.java:419)
	at org.activiti.engine.impl.persistence.entity.JobEntityManager.findJobsByQueryCriteria(JobEntityManager.java:198)
	at org.activiti.engine.impl.JobQueryImpl.executeList(JobQueryImpl.java:243)
	at org.activiti.engine.impl.AbstractQuery.execute(AbstractQuery.java:164)
	at org.activiti.engine.impl.interceptor.CommandInvoker.execute(CommandInvoker.java:24)
	at org.activiti.engine.impl.interceptor.CommandContextInterceptor.execute(CommandContextInterceptor.java:57)
	at org.activiti.engine.impl.interceptor.LogInterceptor.execute(LogInterceptor.java:37)
	at org.activiti.engine.impl.cfg.CommandExecutorImpl.execute(CommandExecutorImpl.java:40)
	at org.activiti.engine.impl.cfg.CommandExecutorImpl.execute(CommandExecutorImpl.java:35)
	at org.activiti.engine.impl.AbstractQuery.list(AbstractQuery.java:138)
	at org.activiti.engine.test.api.mgmt.JobQueryTest.verifyQueryResults(JobQueryTest.java:400)
	at org.activiti.engine.test.api.mgmt.JobQueryTest.testQueryByRetriesLeft(JobQueryTest.java:160)
	at sun.reflect.NativeMethodAccessorImpl.invoke0(Native Method)
	at sun.reflect.NativeMethodAccessorImpl.invoke(NativeMethodAccessorImpl.java:62)
	at sun.reflect.DelegatingMethodAccessorImpl.invoke(DelegatingMethodAccessorImpl.java:43)
	at java.lang.reflect.Method.invoke(Method.java:498)
	at junit.framework.TestCase.runTest(TestCase.java:176)
	at org.activiti.engine.impl.test.PvmTestCase.runTest(PvmTestCase.java:65)
	at junit.framework.TestCase.runBare(TestCase.java:141)
	at org.activiti.engine.impl.test.AbstractActivitiTestCase.runBare(AbstractActivitiTestCase.java:100)
	at junit.framework.TestResult$1.protect(TestResult.java:122)
	at junit.framework.TestResult.runProtected(TestResult.java:142)
	at junit.framework.TestResult.run(TestResult.java:125)
	at junit.framework.TestCase.run(TestCase.java:129)
	at junit.framework.TestSuite.runTest(TestSuite.java:255)
	at junit.framework.TestSuite.run(TestSuite.java:250)
	at org.junit.internal.runners.JUnit38ClassRunner.run(JUnit38ClassRunner.java:84)
	at org.apache.maven.surefire.junit4.JUnit4TestSet.execute(JUnit4TestSet.java:35)
	at org.apache.maven.surefire.junit4.JUnit4Provider.executeTestSet(JUnit4Provider.java:146)
	at org.apache.maven.surefire.junit4.JUnit4Provider.invoke(JUnit4Provider.java:97)
	at sun.reflect.NativeMethodAccessorImpl.invoke0(Native Method)
	at sun.reflect.NativeMethodAccessorImpl.invoke(NativeMethodAccessorImpl.java:62)
	at sun.reflect.DelegatingMethodAccessorImpl.invoke(DelegatingMethodAccessorImpl.java:43)
	at java.lang.reflect.Method.invoke(Method.java:498)
	at org.apache.maven.surefire.booter.ProviderFactory$ClassLoaderProxy.invoke(ProviderFactory.java:103)
	at com.sun.proxy.$Proxy0.invoke(Unknown Source)
	at org.apache.maven.surefire.booter.SurefireStarter.invokeProvider(SurefireStarter.java:145)
	at org.apache.maven.surefire.booter.SurefireStarter.runSuitesInProcess(SurefireStarter.java:87)
	at org.apache.maven.surefire.booter.ForkedBooter.main(ForkedBooter.java:69)
Caused by: org.h2.jdbc.JdbcSQLException: Syntax error in SQL statement &quot;SELECT RES.* 
     
    FROM ACT_RU_JOB RES
     
     WHERE  RES.RETRIES_ &gt; 0 
   
     ORDER BY  ORDER[*] BY RES.ID_ ASC  
    LIMIT ? OFFSET ? &quot;; expected &quot;=, NOT, EXISTS, INTERSECTS, SELECT, FROM&quot;; SQL statement:
select RES.* 
     
    from ACT_RU_JOB RES
     
     WHERE  RES.RETRIES_ &gt; 0 
   
     order by  order by RES.ID_ asc  
    LIMIT ? OFFSET ? [42001-176]
	at org.h2.message.DbException.getJdbcSQLException(DbException.java:344)
	at org.h2.message.DbException.getSyntaxError(DbException.java:204)
	at org.h2.command.Parser.getSyntaxError(Parser.java:524)
	at org.h2.command.Parser.readTerm(Parser.java:2688)
	at org.h2.command.Parser.readFactor(Parser.java:2244)
	at org.h2.command.Parser.readSum(Parser.java:2231)
	at org.h2.command.Parser.readConcat(Parser.java:2201)
	at org.h2.command.Parser.readCondition(Parser.java:2051)
	at org.h2.command.Parser.readAnd(Parser.java:2023)
	at org.h2.command.Parser.readExpression(Parser.java:2015)
	at org.h2.command.Parser.parseEndOfQuery(Parser.java:1726)
	at org.h2.command.Parser.parseSelectUnionExtension(Parser.java:1706)
	at org.h2.command.Parser.parseSelectUnion(Parser.java:1675)
	at org.h2.command.Parser.parseSelect(Parser.java:1662)
	at org.h2.command.Parser.parsePrepared(Parser.java:434)
	at org.h2.command.Parser.parse(Parser.java:306)
	at org.h2.command.Parser.parse(Parser.java:282)
	at org.h2.command.Parser.prepareCommand(Parser.java:243)
	at org.h2.engine.Session.prepareLocal(Session.java:442)
	at org.h2.engine.Session.prepareCommand(Session.java:384)
	at org.h2.jdbc.JdbcConnection.prepareCommand(JdbcConnection.java:1188)
	at org.h2.jdbc.JdbcPreparedStatement.&lt;init&gt;(JdbcPreparedStatement.java:73)
	at org.h2.jdbc.JdbcConnection.prepareStatement(JdbcConnection.java:276)
	at sun.reflect.GeneratedMethodAccessor6.invoke(Unknown Source)
	at sun.reflect.DelegatingMethodAccessorImpl.invoke(DelegatingMethodAccessorImpl.java:43)
	at java.lang.reflect.Method.invoke(Method.java:498)
	at org.apache.ibatis.datasource.pooled.PooledConnection.invoke(PooledConnection.java:245)
	at com.sun.proxy.$Proxy12.prepareStatement(Unknown Source)
	at sun.reflect.GeneratedMethodAccessor6.invoke(Unknown Source)
	at sun.reflect.DelegatingMethodAccessorImpl.invoke(DelegatingMethodAccessorImpl.java:43)
	at java.lang.reflect.Method.invoke(Method.java:498)
	at org.apache.ibatis.logging.jdbc.ConnectionLogger.invoke(ConnectionLogger.java:55)
	at com.sun.proxy.$Proxy12.prepareStatement(Unknown Source)
	at org.apache.ibatis.executor.statement.PreparedStatementHandler.instantiateStatement(PreparedStatementHandler.java:79)
	at org.apache.ibatis.executor.statement.BaseStatementHandler.prepare(BaseStatementHandler.java:88)
	at org.apache.ibatis.executor.statement.RoutingStatementHandler.prepare(RoutingStatementHandler.java:58)
	at org.apache.ibatis.executor.SimpleExecutor.prepareStatement(SimpleExecutor.java:76)
	at org.apache.ibatis.executor.SimpleExecutor.doQuery(SimpleExecutor.java:61)
	at org.apache.ibatis.executor.BaseExecutor.queryFromDatabase(BaseExecutor.java:303)
	at org.apache.ibatis.executor.BaseExecutor.query(BaseExecutor.java:154)
	at org.apache.ibatis.executor.CachingExecutor.query(CachingExecutor.java:102)
	at org.apache.ibatis.executor.CachingExecutor.query(CachingExecutor.java:82)
	at org.apache.ibatis.session.defaults.DefaultSqlSession.selectList(DefaultSqlSession.java:120)
	... 42 more
10:44:57,161 [main] DEBUG org.activiti.engine.impl.cfg.standalone.StandaloneMybatisTransactionContext  - firing event rolling back...
10:44:57,161 [main] DEBUG org.activiti.engine.impl.cfg.standalone.StandaloneMybatisTransactionContext  - rolling back ibatis sql session...
10:44:57,161 [main] DEBUG org.activiti.engine.impl.cfg.standalone.StandaloneMybatisTransactionContext  - firing event rolled back...
10:44:57,161 [main] DEBUG org.apache.ibatis.transaction.jdbc.JdbcTransaction  - Resetting autocommit to true on JDBC Connection [conn3: url=jdbc:h2:mem:activiti user=SA]
10:44:57,161 [main] DEBUG org.apache.ibatis.transaction.jdbc.JdbcTransaction  - Closing JDBC Connection [conn3: url=jdbc:h2:mem:activiti user=SA]
10:44:57,161 [main] DEBUG org.apache.ibatis.datasource.pooled.PooledDataSource  - Returned connection 180014677 to pool.
10:44:57,161 [main] DEBUG org.activiti.engine.impl.interceptor.LogInterceptor  - --- JobQueryImpl finished --------------------------------------------------------
10:44:57,161 [main] DEBUG org.activiti.engine.impl.interceptor.LogInterceptor  - 

10:44:57,161 [main] ERROR org.activiti.engine.impl.test.PvmTestCase  - 

10:44:57,161 [main] ERROR org.activiti.engine.impl.test.PvmTestCase  - EXCEPTION: org.apache.ibatis.exceptions.PersistenceException: 
### Error querying database.  Cause: org.h2.jdbc.JdbcSQLException: Syntax error in SQL statement &quot;SELECT RES.* 
     
    FROM ACT_RU_JOB RES
     
     WHERE  RES.RETRIES_ &gt; 0 
   
     ORDER BY  ORDER[*] BY RES.ID_ ASC  
    LIMIT ? OFFSET ? &quot;; expected &quot;=, NOT, EXISTS, INTERSECTS, SELECT, FROM&quot;; SQL statement:
select RES.* 
     
    from ACT_RU_JOB RES
     
     WHERE  RES.RETRIES_ &gt; 0 
   
     order by  order by RES.ID_ asc  
    LIMIT ? OFFSET ? [42001-176]
### The error may exist in org/activiti/db/mapping/entity/Job.xml
### The error may involve org.activiti.engine.impl.persistence.entity.JobEntity.selectJobByQueryCriteria
### The error occurred while executing a query
### SQL: select RES.*            from ACT_RU_JOB RES            WHERE  RES.RETRIES_ &gt; 0           order by  order by RES.ID_ asc       LIMIT ? OFFSET ?
### Cause: org.h2.jdbc.JdbcSQLException: Syntax error in SQL statement &quot;SELECT RES.* 
     
    FROM ACT_RU_JOB RES
     
     WHERE  RES.RETRIES_ &gt; 0 
   
     ORDER BY  ORDER[*] BY RES.ID_ ASC  
    LIMIT ? OFFSET ? &quot;; expected &quot;=, NOT, EXISTS, INTERSECTS, SELECT, FROM&quot;; SQL statement:
select RES.* 
     
    from ACT_RU_JOB RES
     
     WHERE  RES.RETRIES_ &gt; 0 
   
     order by  order by RES.ID_ asc  
    LIMIT ? OFFSET ? [42001-176]
org.apache.ibatis.exceptions.PersistenceException: 
### Error querying database.  Cause: org.h2.jdbc.JdbcSQLException: Syntax error in SQL statement &quot;SELECT RES.* 
     
    FROM ACT_RU_JOB RES
     
     WHERE  RES.RETRIES_ &gt; 0 
   
     ORDER BY  ORDER[*] BY RES.ID_ ASC  
    LIMIT ? OFFSET ? &quot;; expected &quot;=, NOT, EXISTS, INTERSECTS, SELECT, FROM&quot;; SQL statement:
select RES.* 
     
    from ACT_RU_JOB RES
     
     WHERE  RES.RETRIES_ &gt; 0 
   
     order by  order by RES.ID_ asc  
    LIMIT ? OFFSET ? [42001-176]
### The error may exist in org/activiti/db/mapping/entity/Job.xml
### The error may involve org.activiti.engine.impl.persistence.entity.JobEntity.selectJobByQueryCriteria
### The error occurred while executing a query
### SQL: select RES.*            from ACT_RU_JOB RES            WHERE  RES.RETRIES_ &gt; 0           order by  order by RES.ID_ asc       LIMIT ? OFFSET ?
### Cause: org.h2.jdbc.JdbcSQLException: Syntax error in SQL statement &quot;SELECT RES.* 
     
    FROM ACT_RU_JOB RES
     
     WHERE  RES.RETRIES_ &gt; 0 
   
     ORDER BY  ORDER[*] BY RES.ID_ ASC  
    LIMIT ? OFFSET ? &quot;; expected &quot;=, NOT, EXISTS, INTERSECTS, SELECT, FROM&quot;; SQL statement:
select RES.* 
     
    from ACT_RU_JOB RES
     
     WHERE  RES.RETRIES_ &gt; 0 
   
     order by  order by RES.ID_ asc  
    LIMIT ? OFFSET ? [42001-176]
	at org.apache.ibatis.exceptions.ExceptionFactory.wrapException(ExceptionFactory.java:30)
	at org.apache.ibatis.session.defaults.DefaultSqlSession.selectList(DefaultSqlSession.java:122)
	at org.apache.ibatis.session.defaults.DefaultSqlSession.selectList(DefaultSqlSession.java:113)
	at org.activiti.engine.impl.db.DbSqlSession.selectListWithRawParameter(DbSqlSession.java:438)
	at org.activiti.engine.impl.db.DbSqlSession.selectList(DbSqlSession.java:429)
	at org.activiti.engine.impl.db.DbSqlSession.selectList(DbSqlSession.java:419)
	at org.activiti.engine.impl.persistence.entity.JobEntityManager.findJobsByQueryCriteria(JobEntityManager.java:198)
	at org.activiti.engine.impl.JobQueryImpl.executeList(JobQueryImpl.java:243)
	at org.activiti.engine.impl.AbstractQuery.execute(AbstractQuery.java:164)
	at org.activiti.engine.impl.interceptor.CommandInvoker.execute(CommandInvoker.java:24)
	at org.activiti.engine.impl.interceptor.CommandContextInterceptor.execute(CommandContextInterceptor.java:57)
	at org.activiti.engine.impl.interceptor.LogInterceptor.execute(LogInterceptor.java:37)
	at org.activiti.engine.impl.cfg.CommandExecutorImpl.execute(CommandExecutorImpl.java:40)
	at org.activiti.engine.impl.cfg.CommandExecutorImpl.execute(CommandExecutorImpl.java:35)
	at org.activiti.engine.impl.AbstractQuery.list(AbstractQuery.java:138)
	at org.activiti.engine.test.api.mgmt.JobQueryTest.verifyQueryResults(JobQueryTest.java:400)
	at org.activiti.engine.test.api.mgmt.JobQueryTest.testQueryByRetriesLeft(JobQueryTest.java:160)
	at sun.reflect.NativeMethodAccessorImpl.invoke0(Native Method)
	at sun.reflect.NativeMethodAccessorImpl.invoke(NativeMethodAccessorImpl.java:62)
	at sun.reflect.DelegatingMethodAccessorImpl.invoke(DelegatingMethodAccessorImpl.java:43)
	at java.lang.reflect.Method.invoke(Method.java:498)
	at junit.framework.TestCase.runTest(TestCase.java:176)
	at org.activiti.engine.impl.test.PvmTestCase.runTest(PvmTestCase.java:65)
	at junit.framework.TestCase.runBare(TestCase.java:141)
	at org.activiti.engine.impl.test.AbstractActivitiTestCase.runBare(AbstractActivitiTestCase.java:100)
	at junit.framework.TestResult$1.protect(TestResult.java:122)
	at junit.framework.TestResult.runProtected(TestResult.java:142)
	at junit.framework.TestResult.run(TestResult.java:125)
	at junit.framework.TestCase.run(TestCase.java:129)
	at junit.framework.TestSuite.runTest(TestSuite.java:255)
	at junit.framework.TestSuite.run(TestSuite.java:250)
	at org.junit.internal.runners.JUnit38ClassRunner.run(JUnit38ClassRunner.java:84)
	at org.apache.maven.surefire.junit4.JUnit4TestSet.execute(JUnit4TestSet.java:35)
	at org.apache.maven.surefire.junit4.JUnit4Provider.executeTestSet(JUnit4Provider.java:146)
	at org.apache.maven.surefire.junit4.JUnit4Provider.invoke(JUnit4Provider.java:97)
	at sun.reflect.NativeMethodAccessorImpl.invoke0(Native Method)
	at sun.reflect.NativeMethodAccessorImpl.invoke(NativeMethodAccessorImpl.java:62)
	at sun.reflect.DelegatingMethodAccessorImpl.invoke(DelegatingMethodAccessorImpl.java:43)
	at java.lang.reflect.Method.invoke(Method.java:498)
	at org.apache.maven.surefire.booter.ProviderFactory$ClassLoaderProxy.invoke(ProviderFactory.java:103)
	at com.sun.proxy.$Proxy0.invoke(Unknown Source)
	at org.apache.maven.surefire.booter.SurefireStarter.invokeProvider(SurefireStarter.java:145)
	at org.apache.maven.surefire.booter.SurefireStarter.runSuitesInProcess(SurefireStarter.java:87)
	at org.apache.maven.surefire.booter.ForkedBooter.main(ForkedBooter.java:69)
Caused by: org.h2.jdbc.JdbcSQLException: Syntax error in SQL statement &quot;SELECT RES.* 
     
    FROM ACT_RU_JOB RES
     
     WHERE  RES.RETRIES_ &gt; 0 
   
     ORDER BY  ORDER[*] BY RES.ID_ ASC  
    LIMIT ? OFFSET ? &quot;; expected &quot;=, NOT, EXISTS, INTERSECTS, SELECT, FROM&quot;; SQL statement:
select RES.* 
     
    from ACT_RU_JOB RES
     
     WHERE  RES.RETRIES_ &gt; 0 
   
     order by  order by RES.ID_ asc  
    LIMIT ? OFFSET ? [42001-176]
	at org.h2.message.DbException.getJdbcSQLException(DbException.java:344)
	at org.h2.message.DbException.getSyntaxError(DbException.java:204)
	at org.h2.command.Parser.getSyntaxError(Parser.java:524)
	at org.h2.command.Parser.readTerm(Parser.java:2688)
	at org.h2.command.Parser.readFactor(Parser.java:2244)
	at org.h2.command.Parser.readSum(Parser.java:2231)
	at org.h2.command.Parser.readConcat(Parser.java:2201)
	at org.h2.command.Parser.readCondition(Parser.java:2051)
	at org.h2.command.Parser.readAnd(Parser.java:2023)
	at org.h2.command.Parser.readExpression(Parser.java:2015)
	at org.h2.command.Parser.parseEndOfQuery(Parser.java:1726)
	at org.h2.command.Parser.parseSelectUnionExtension(Parser.java:1706)
	at org.h2.command.Parser.parseSelectUnion(Parser.java:1675)
	at org.h2.command.Parser.parseSelect(Parser.java:1662)
	at org.h2.command.Parser.parsePrepared(Parser.java:434)
	at org.h2.command.Parser.parse(Parser.java:306)
	at org.h2.command.Parser.parse(Parser.java:282)
	at org.h2.command.Parser.prepareCommand(Parser.java:243)
	at org.h2.engine.Session.prepareLocal(Session.java:442)
	at org.h2.engine.Session.prepareCommand(Session.java:384)
	at org.h2.jdbc.JdbcConnection.prepareCommand(JdbcConnection.java:1188)
	at org.h2.jdbc.JdbcPreparedStatement.&lt;init&gt;(JdbcPreparedStatement.java:73)
	at org.h2.jdbc.JdbcConnection.prepareStatement(JdbcConnection.java:276)
	at sun.reflect.GeneratedMethodAccessor6.invoke(Unknown Source)
	at sun.reflect.DelegatingMethodAccessorImpl.invoke(DelegatingMethodAccessorImpl.java:43)
	at java.lang.reflect.Method.invoke(Method.java:498)
	at org.apache.ibatis.datasource.pooled.PooledConnection.invoke(PooledConnection.java:245)
	at com.sun.proxy.$Proxy12.prepareStatement(Unknown Source)
	at sun.reflect.GeneratedMethodAccessor6.invoke(Unknown Source)
	at sun.reflect.DelegatingMethodAccessorImpl.invoke(DelegatingMethodAccessorImpl.java:43)
	at java.lang.reflect.Method.invoke(Method.java:498)
	at org.apache.ibatis.logging.jdbc.ConnectionLogger.invoke(ConnectionLogger.java:55)
	at com.sun.proxy.$Proxy12.prepareStatement(Unknown Source)
	at org.apache.ibatis.executor.statement.PreparedStatementHandler.instantiateStatement(PreparedStatementHandler.java:79)
	at org.apache.ibatis.executor.statement.BaseStatementHandler.prepare(BaseStatementHandler.java:88)
	at org.apache.ibatis.executor.statement.RoutingStatementHandler.prepare(RoutingStatementHandler.java:58)
	at org.apache.ibatis.executor.SimpleExecutor.prepareStatement(SimpleExecutor.java:76)
	at org.apache.ibatis.executor.SimpleExecutor.doQuery(SimpleExecutor.java:61)
	at org.apache.ibatis.executor.BaseExecutor.queryFromDatabase(BaseExecutor.java:303)
	at org.apache.ibatis.executor.BaseExecutor.query(BaseExecutor.java:154)
	at org.apache.ibatis.executor.CachingExecutor.query(CachingExecutor.java:102)
	at org.apache.ibatis.executor.CachingExecutor.query(CachingExecutor.java:82)
	at org.apache.ibatis.session.defaults.DefaultSqlSession.selectList(DefaultSqlSession.java:120)
	... 42 more
10:44:57,161 [main] DEBUG org.activiti.engine.impl.test.PvmTestCase  - #### END JobQueryTest.testQueryByRetriesLeft #############################################################
10:44:57,161 [main] DEBUG org.activiti.engine.impl.interceptor.LogInterceptor  - 

10:44:57,161 [main] DEBUG org.activiti.engine.impl.interceptor.LogInterceptor  - --- starting DeleteDeploymentCmd --------------------------------------------------------
10:44:57,161 [main] DEBUG org.apache.ibatis.transaction.jdbc.JdbcTransaction  - Opening JDBC Connection
10:44:57,161 [main] DEBUG org.apache.ibatis.datasource.pooled.PooledDataSource  - Checked out connection 297240765 from pool.
10:44:57,161 [main] DEBUG org.apache.ibatis.transaction.jdbc.JdbcTransaction  - Setting autocommit to false on JDBC Connection [conn4: url=jdbc:h2:mem:activiti user=SA]
10:44:57,161 [main] DEBUG org.activiti.engine.impl.persistence.entity.DeploymentEntity.selectDeploymentById  - ==&gt;  Preparing: select * from ACT_RE_DEPLOYMENT where ID_ = ? 
10:44:57,161 [main] DEBUG org.activiti.engine.impl.persistence.entity.DeploymentEntity.selectDeploymentById  - ==&gt; Parameters: 1614(String)
10:44:57,161 [main] DEBUG org.activiti.engine.impl.persistence.entity.DeploymentEntity.selectDeploymentById  - &lt;==      Total: 1
10:44:57,161 [main] DEBUG org.activiti.engine.impl.persistence.entity.ProcessDefinitionEntity.selectProcessDefinitionsByQueryCriteria  - ==&gt;  Preparing: select RES.* from ACT_RE_PROCDEF RES WHERE RES.DEPLOYMENT_ID_ = ? order by order by RES.ID_ asc LIMIT ? OFFSET ? 
10:44:57,161 [main] DEBUG org.activiti.engine.impl.interceptor.CommandContext  - Error while closing command context
org.apache.ibatis.exceptions.PersistenceException: 
### Error querying database.  Cause: org.h2.jdbc.JdbcSQLException: Syntax error in SQL statement &quot;SELECT RES.* 
       
    FROM ACT_RE_PROCDEF RES
     
     WHERE  RES.DEPLOYMENT_ID_ = ? 
   
     ORDER BY  ORDER[*] BY RES.ID_ ASC  
    LIMIT ? OFFSET ? &quot;; expected &quot;=, NOT, EXISTS, INTERSECTS, SELECT, FROM&quot;; SQL statement:
select RES.* 
       
    from ACT_RE_PROCDEF RES
     
     WHERE  RES.DEPLOYMENT_ID_ = ? 
   
     order by  order by RES.ID_ asc  
    LIMIT ? OFFSET ? [42001-176]
### The error may exist in org/activiti/db/mapping/entity/ProcessDefinition.xml
### The error may involve org.activiti.engine.impl.persistence.entity.ProcessDefinitionEntity.selectProcessDefinitionsByQueryCriteria
### The error occurred while executing a query
### SQL: select RES.*              from ACT_RE_PROCDEF RES            WHERE  RES.DEPLOYMENT_ID_ = ?           order by  order by RES.ID_ asc       LIMIT ? OFFSET ?
### Cause: org.h2.jdbc.JdbcSQLException: Syntax error in SQL statement &quot;SELECT RES.* 
       
    FROM ACT_RE_PROCDEF RES
     
     WHERE  RES.DEPLOYMENT_ID_ = ? 
   
     ORDER BY  ORDER[*] BY RES.ID_ ASC  
    LIMIT ? OFFSET ? &quot;; expected &quot;=, NOT, EXISTS, INTERSECTS, SELECT, FROM&quot;; SQL statement:
select RES.* 
       
    from ACT_RE_PROCDEF RES
     
     WHERE  RES.DEPLOYMENT_ID_ = ? 
   
     order by  order by RES.ID_ asc  
    LIMIT ? OFFSET ? [42001-176]
	at org.apache.ibatis.exceptions.ExceptionFactory.wrapException(ExceptionFactory.java:30)
	at org.apache.ibatis.session.defaults.DefaultSqlSession.selectList(DefaultSqlSession.java:122)
	at org.apache.ibatis.session.defaults.DefaultSqlSession.selectList(DefaultSqlSession.java:113)
	at org.activiti.engine.impl.db.DbSqlSession.selectListWithRawParameter(DbSqlSession.java:438)
	at org.activiti.engine.impl.db.DbSqlSession.selectList(DbSqlSession.java:429)
	at org.activiti.engine.impl.db.DbSqlSession.selectList(DbSqlSession.java:419)
	at org.activiti.engine.impl.persistence.entity.ProcessDefinitionEntityManager.findProcessDefinitionsByQueryCriteria(ProcessDefinitionEntityManager.java:57)
	at org.activiti.engine.impl.ProcessDefinitionQueryImpl.executeList(ProcessDefinitionQueryImpl.java:307)
	at org.activiti.engine.impl.AbstractQuery.list(AbstractQuery.java:140)
	at org.activiti.engine.impl.persistence.deploy.DeploymentManager.removeDeployment(DeploymentManager.java:187)
	at org.activiti.engine.impl.cmd.DeleteDeploymentCmd.execute(DeleteDeploymentCmd.java:44)
	at org.activiti.engine.impl.cmd.DeleteDeploymentCmd.execute(DeleteDeploymentCmd.java:24)
	at org.activiti.engine.impl.interceptor.CommandInvoker.execute(CommandInvoker.java:24)
	at org.activiti.engine.impl.interceptor.CommandContextInterceptor.execute(CommandContextInterceptor.java:57)
	at org.activiti.engine.impl.interceptor.LogInterceptor.execute(LogInterceptor.java:37)
	at org.activiti.engine.impl.cfg.CommandExecutorImpl.execute(CommandExecutorImpl.java:40)
	at org.activiti.engine.impl.cfg.CommandExecutorImpl.execute(CommandExecutorImpl.java:35)
	at org.activiti.engine.impl.RepositoryServiceImpl.deleteDeployment(RepositoryServiceImpl.java:90)
	at org.activiti.engine.test.api.mgmt.JobQueryTest.tearDown(JobQueryTest.java:116)
	at junit.framework.TestCase.runBare(TestCase.java:146)
	at org.activiti.engine.impl.test.AbstractActivitiTestCase.runBare(AbstractActivitiTestCase.java:100)
	at junit.framework.TestResult$1.protect(TestResult.java:122)
	at junit.framework.TestResult.runProtected(TestResult.java:142)
	at junit.framework.TestResult.run(TestResult.java:125)
	at junit.framework.TestCase.run(TestCase.java:129)
	at junit.framework.TestSuite.runTest(TestSuite.java:255)
	at junit.framework.TestSuite.run(TestSuite.java:250)
	at org.junit.internal.runners.JUnit38ClassRunner.run(JUnit38ClassRunner.java:84)
	at org.apache.maven.surefire.junit4.JUnit4TestSet.execute(JUnit4TestSet.java:35)
	at org.apache.maven.surefire.junit4.JUnit4Provider.executeTestSet(JUnit4Provider.java:146)
	at org.apache.maven.surefire.junit4.JUnit4Provider.invoke(JUnit4Provider.java:97)
	at sun.reflect.NativeMethodAccessorImpl.invoke0(Native Method)
	at sun.reflect.NativeMethodAccessorImpl.invoke(NativeMethodAccessorImpl.java:62)
	at sun.reflect.DelegatingMethodAccessorImpl.invoke(DelegatingMethodAccessorImpl.java:43)
	at java.lang.reflect.Method.invoke(Method.java:498)
	at org.apache.maven.surefire.booter.ProviderFactory$ClassLoaderProxy.invoke(ProviderFactory.java:103)
	at com.sun.proxy.$Proxy0.invoke(Unknown Source)
	at org.apache.maven.surefire.booter.SurefireStarter.invokeProvider(SurefireStarter.java:145)
	at org.apache.maven.surefire.booter.SurefireStarter.runSuitesInProcess(SurefireStarter.java:87)
	at org.apache.maven.surefire.booter.ForkedBooter.main(ForkedBooter.java:69)
Caused by: org.h2.jdbc.JdbcSQLException: Syntax error in SQL statement &quot;SELECT RES.* 
       
    FROM ACT_RE_PROCDEF RES
     
     WHERE  RES.DEPLOYMENT_ID_ = ? 
   
     ORDER BY  ORDER[*] BY RES.ID_ ASC  
    LIMIT ? OFFSET ? &quot;; expected &quot;=, NOT, EXISTS, INTERSECTS, SELECT, FROM&quot;; SQL statement:
select RES.* 
       
    from ACT_RE_PROCDEF RES
     
     WHERE  RES.DEPLOYMENT_ID_ = ? 
   
     order by  order by RES.ID_ asc  
    LIMIT ? OFFSET ? [42001-176]
	at org.h2.message.DbException.getJdbcSQLException(DbException.java:344)
	at org.h2.message.DbException.getSyntaxError(DbException.java:204)
	at org.h2.command.Parser.getSyntaxError(Parser.java:524)
	at org.h2.command.Parser.readTerm(Parser.java:2688)
	at org.h2.command.Parser.readFactor(Parser.java:2244)
	at org.h2.command.Parser.readSum(Parser.java:2231)
	at org.h2.command.Parser.readConcat(Parser.java:2201)
	at org.h2.command.Parser.readCondition(Parser.java:2051)
	at org.h2.command.Parser.readAnd(Parser.java:2023)
	at org.h2.command.Parser.readExpression(Parser.java:2015)
	at org.h2.command.Parser.parseEndOfQuery(Parser.java:1726)
	at org.h2.command.Parser.parseSelectUnionExtension(Parser.java:1706)
	at org.h2.command.Parser.parseSelectUnion(Parser.java:1675)
	at org.h2.command.Parser.parseSelect(Parser.java:1662)
	at org.h2.command.Parser.parsePrepared(Parser.java:434)
	at org.h2.command.Parser.parse(Parser.java:306)
	at org.h2.command.Parser.parse(Parser.java:282)
	at org.h2.command.Parser.prepareCommand(Parser.java:243)
	at org.h2.engine.Session.prepareLocal(Session.java:442)
	at org.h2.engine.Session.prepareCommand(Session.java:384)
	at org.h2.jdbc.JdbcConnection.prepareCommand(JdbcConnection.java:1188)
	at org.h2.jdbc.JdbcPreparedStatement.&lt;init&gt;(JdbcPreparedStatement.java:73)
	at org.h2.jdbc.JdbcConnection.prepareStatement(JdbcConnection.java:276)
	at sun.reflect.GeneratedMethodAccessor6.invoke(Unknown Source)
	at sun.reflect.DelegatingMethodAccessorImpl.invoke(DelegatingMethodAccessorImpl.java:43)
	at java.lang.reflect.Method.invoke(Method.java:498)
	at org.apache.ibatis.datasource.pooled.PooledConnection.invoke(PooledConnection.java:245)
	at com.sun.proxy.$Proxy12.prepareStatement(Unknown Source)
	at sun.reflect.GeneratedMethodAccessor6.invoke(Unknown Source)
	at sun.reflect.DelegatingMethodAccessorImpl.invoke(DelegatingMethodAccessorImpl.java:43)
	at java.lang.reflect.Method.invoke(Method.java:498)
	at org.apache.ibatis.logging.jdbc.ConnectionLogger.invoke(ConnectionLogger.java:55)
	at com.sun.proxy.$Proxy12.prepareStatement(Unknown Source)
	at org.apache.ibatis.executor.statement.PreparedStatementHandler.instantiateStatement(PreparedStatementHandler.java:79)
	at org.apache.ibatis.executor.statement.BaseStatementHandler.prepare(BaseStatementHandler.java:88)
	at org.apache.ibatis.executor.statement.RoutingStatementHandler.prepare(RoutingStatementHandler.java:58)
	at org.apache.ibatis.executor.SimpleExecutor.prepareStatement(SimpleExecutor.java:76)
	at org.apache.ibatis.executor.SimpleExecutor.doQuery(SimpleExecutor.java:61)
	at org.apache.ibatis.executor.BaseExecutor.queryFromDatabase(BaseExecutor.java:303)
	at org.apache.ibatis.executor.BaseExecutor.query(BaseExecutor.java:154)
	at org.apache.ibatis.executor.CachingExecutor.query(CachingExecutor.java:102)
	at org.apache.ibatis.executor.CachingExecutor.query(CachingExecutor.java:82)
	at org.apache.ibatis.session.defaults.DefaultSqlSession.selectList(DefaultSqlSession.java:120)
	... 38 more
10:44:57,162 [main] DEBUG org.activiti.engine.impl.cfg.standalone.StandaloneMybatisTransactionContext  - firing event rolling back...
10:44:57,162 [main] DEBUG org.activiti.engine.impl.cfg.standalone.StandaloneMybatisTransactionContext  - rolling back ibatis sql session...
10:44:57,162 [main] DEBUG org.activiti.engine.impl.cfg.standalone.StandaloneMybatisTransactionContext  - firing event rolled back...
10:44:57,162 [main] DEBUG org.apache.ibatis.transaction.jdbc.JdbcTransaction  - Resetting autocommit to true on JDBC Connection [conn4: url=jdbc:h2:mem:activiti user=SA]
10:44:57,162 [main] DEBUG org.apache.ibatis.transaction.jdbc.JdbcTransaction  - Closing JDBC Connection [conn4: url=jdbc:h2:mem:activiti user=SA]
10:44:57,162 [main] DEBUG org.apache.ibatis.datasource.pooled.PooledDataSource  - Returned connection 297240765 to pool.
10:44:57,162 [main] DEBUG org.activiti.engine.impl.interceptor.LogInterceptor  - --- DeleteDeploymentCmd finished --------------------------------------------------------
10:44:57,162 [main] DEBUG org.activiti.engine.impl.interceptor.LogInterceptor  - 

10:44:57,162 [main] ERROR org.activiti.engine.impl.test.PvmTestCase  - 

10:44:57,162 [main] ERROR org.activiti.engine.impl.test.PvmTestCase  - EXCEPTION: org.apache.ibatis.exceptions.PersistenceException: 
### Error querying database.  Cause: org.h2.jdbc.JdbcSQLException: Syntax error in SQL statement &quot;SELECT RES.* 
     
    FROM ACT_RU_JOB RES
     
     WHERE  RES.RETRIES_ &gt; 0 
   
     ORDER BY  ORDER[*] BY RES.ID_ ASC  
    LIMIT ? OFFSET ? &quot;; expected &quot;=, NOT, EXISTS, INTERSECTS, SELECT, FROM&quot;; SQL statement:
select RES.* 
     
    from ACT_RU_JOB RES
     
     WHERE  RES.RETRIES_ &gt; 0 
   
     order by  order by RES.ID_ asc  
    LIMIT ? OFFSET ? [42001-176]
### The error may exist in org/activiti/db/mapping/entity/Job.xml
### The error may involve org.activiti.engine.impl.persistence.entity.JobEntity.selectJobByQueryCriteria
### The error occurred while executing a query
### SQL: select RES.*            from ACT_RU_JOB RES            WHERE  RES.RETRIES_ &gt; 0           order by  order by RES.ID_ asc       LIMIT ? OFFSET ?
### Cause: org.h2.jdbc.JdbcSQLException: Syntax error in SQL statement &quot;SELECT RES.* 
     
    FROM ACT_RU_JOB RES
     
     WHERE  RES.RETRIES_ &gt; 0 
   
     ORDER BY  ORDER[*] BY RES.ID_ ASC  
    LIMIT ? OFFSET ? &quot;; expected &quot;=, NOT, EXISTS, INTERSECTS, SELECT, FROM&quot;; SQL statement:
select RES.* 
     
    from ACT_RU_JOB RES
     
     WHERE  RES.RETRIES_ &gt; 0 
   
     order by  order by RES.ID_ asc  
    LIMIT ? OFFSET ? [42001-176]
org.apache.ibatis.exceptions.PersistenceException: 
### Error querying database.  Cause: org.h2.jdbc.JdbcSQLException: Syntax error in SQL statement &quot;SELECT RES.* 
     
    FROM ACT_RU_JOB RES
     
     WHERE  RES.RETRIES_ &gt; 0 
   
     ORDER BY  ORDER[*] BY RES.ID_ ASC  
    LIMIT ? OFFSET ? &quot;; expected &quot;=, NOT, EXISTS, INTERSECTS, SELECT, FROM&quot;; SQL statement:
select RES.* 
     
    from ACT_RU_JOB RES
     
     WHERE  RES.RETRIES_ &gt; 0 
   
     order by  order by RES.ID_ asc  
    LIMIT ? OFFSET ? [42001-176]
### The error may exist in org/activiti/db/mapping/entity/Job.xml
### The error may involve org.activiti.engine.impl.persistence.entity.JobEntity.selectJobByQueryCriteria
### The error occurred while executing a query
### SQL: select RES.*            from ACT_RU_JOB RES            WHERE  RES.RETRIES_ &gt; 0           order by  order by RES.ID_ asc       LIMIT ? OFFSET ?
### Cause: org.h2.jdbc.JdbcSQLException: Syntax error in SQL statement &quot;SELECT RES.* 
     
    FROM ACT_RU_JOB RES
     
     WHERE  RES.RETRIES_ &gt; 0 
   
     ORDER BY  ORDER[*] BY RES.ID_ ASC  
    LIMIT ? OFFSET ? &quot;; expected &quot;=, NOT, EXISTS, INTERSECTS, SELECT, FROM&quot;; SQL statement:
select RES.* 
     
    from ACT_RU_JOB RES
     
     WHERE  RES.RETRIES_ &gt; 0 
   
     order by  order by RES.ID_ asc  
    LIMIT ? OFFSET ? [42001-176]
	at org.apache.ibatis.exceptions.ExceptionFactory.wrapException(ExceptionFactory.java:30)
	at org.apache.ibatis.session.defaults.DefaultSqlSession.selectList(DefaultSqlSession.java:122)
	at org.apache.ibatis.session.defaults.DefaultSqlSession.selectList(DefaultSqlSession.java:113)
	at org.activiti.engine.impl.db.DbSqlSession.selectListWithRawParameter(DbSqlSession.java:438)
	at org.activiti.engine.impl.db.DbSqlSession.selectList(DbSqlSession.java:429)
	at org.activiti.engine.impl.db.DbSqlSession.selectList(DbSqlSession.java:419)
	at org.activiti.engine.impl.persistence.entity.JobEntityManager.findJobsByQueryCriteria(JobEntityManager.java:198)
	at org.activiti.engine.impl.JobQueryImpl.executeList(JobQueryImpl.java:243)
	at org.activiti.engine.impl.AbstractQuery.execute(AbstractQuery.java:164)
	at org.activiti.engine.impl.interceptor.CommandInvoker.execute(CommandInvoker.java:24)
	at org.activiti.engine.impl.interceptor.CommandContextInterceptor.execute(CommandContextInterceptor.java:57)
	at org.activiti.engine.impl.interceptor.LogInterceptor.execute(LogInterceptor.java:37)
	at org.activiti.engine.impl.cfg.CommandExecutorImpl.execute(CommandExecutorImpl.java:40)
	at org.activiti.engine.impl.cfg.CommandExecutorImpl.execute(CommandExecutorImpl.java:35)
	at org.activiti.engine.impl.AbstractQuery.list(AbstractQuery.java:138)
	at org.activiti.engine.test.api.mgmt.JobQueryTest.verifyQueryResults(JobQueryTest.java:400)
	at org.activiti.engine.test.api.mgmt.JobQueryTest.testQueryByRetriesLeft(JobQueryTest.java:160)
	at sun.reflect.NativeMethodAccessorImpl.invoke0(Native Method)
	at sun.reflect.NativeMethodAccessorImpl.invoke(NativeMethodAccessorImpl.java:62)
	at sun.reflect.DelegatingMethodAccessorImpl.invoke(DelegatingMethodAccessorImpl.java:43)
	at java.lang.reflect.Method.invoke(Method.java:498)
	at junit.framework.TestCase.runTest(TestCase.java:176)
	at org.activiti.engine.impl.test.PvmTestCase.runTest(PvmTestCase.java:65)
	at junit.framework.TestCase.runBare(TestCase.java:141)
	at org.activiti.engine.impl.test.AbstractActivitiTestCase.runBare(AbstractActivitiTestCase.java:100)
	at junit.framework.TestResult$1.protect(TestResult.java:122)
	at junit.framework.TestResult.runProtected(TestResult.java:142)
	at junit.framework.TestResult.run(TestResult.java:125)
	at junit.framework.TestCase.run(TestCase.java:129)
	at junit.framework.TestSuite.runTest(TestSuite.java:255)
	at junit.framework.TestSuite.run(TestSuite.java:250)
	at org.junit.internal.runners.JUnit38ClassRunner.run(JUnit38ClassRunner.java:84)
	at org.apache.maven.surefire.junit4.JUnit4TestSet.execute(JUnit4TestSet.java:35)
	at org.apache.maven.surefire.junit4.JUnit4Provider.executeTestSet(JUnit4Provider.java:146)
	at org.apache.maven.surefire.junit4.JUnit4Provider.invoke(JUnit4Provider.java:97)
	at sun.reflect.NativeMethodAccessorImpl.invoke0(Native Method)
	at sun.reflect.NativeMethodAccessorImpl.invoke(NativeMethodAccessorImpl.java:62)
	at sun.reflect.DelegatingMethodAccessorImpl.invoke(DelegatingMethodAccessorImpl.java:43)
	at java.lang.reflect.Method.invoke(Method.java:498)
	at org.apache.maven.surefire.booter.ProviderFactory$ClassLoaderProxy.invoke(ProviderFactory.java:103)
	at com.sun.proxy.$Proxy0.invoke(Unknown Source)
	at org.apache.maven.surefire.booter.SurefireStarter.invokeProvider(SurefireStarter.java:145)
	at org.apache.maven.surefire.booter.SurefireStarter.runSuitesInProcess(SurefireStarter.java:87)
	at org.apache.maven.surefire.booter.ForkedBooter.main(ForkedBooter.java:69)
Caused by: org.h2.jdbc.JdbcSQLException: Syntax error in SQL statement &quot;SELECT RES.* 
     
    FROM ACT_RU_JOB RES
     
     WHERE  RES.RETRIES_ &gt; 0 
   
     ORDER BY  ORDER[*] BY RES.ID_ ASC  
    LIMIT ? OFFSET ? &quot;; expected &quot;=, NOT, EXISTS, INTERSECTS, SELECT, FROM&quot;; SQL statement:
select RES.* 
     
    from ACT_RU_JOB RES
     
     WHERE  RES.RETRIES_ &gt; 0 
   
     order by  order by RES.ID_ asc  
    LIMIT ? OFFSET ? [42001-176]
	at org.h2.message.DbException.getJdbcSQLException(DbException.java:344)
	at org.h2.message.DbException.getSyntaxError(DbException.java:204)
	at org.h2.command.Parser.getSyntaxError(Parser.java:524)
	at org.h2.command.Parser.readTerm(Parser.java:2688)
	at org.h2.command.Parser.readFactor(Parser.java:2244)
	at org.h2.command.Parser.readSum(Parser.java:2231)
	at org.h2.command.Parser.readConcat(Parser.java:2201)
	at org.h2.command.Parser.readCondition(Parser.java:2051)
	at org.h2.command.Parser.readAnd(Parser.java:2023)
	at org.h2.command.Parser.readExpression(Parser.java:2015)
	at org.h2.command.Parser.parseEndOfQuery(Parser.java:1726)
	at org.h2.command.Parser.parseSelectUnionExtension(Parser.java:1706)
	at org.h2.command.Parser.parseSelectUnion(Parser.java:1675)
	at org.h2.command.Parser.parseSelect(Parser.java:1662)
	at org.h2.command.Parser.parsePrepared(Parser.java:434)
	at org.h2.command.Parser.parse(Parser.java:306)
	at org.h2.command.Parser.parse(Parser.java:282)
	at org.h2.command.Parser.prepareCommand(Parser.java:243)
	at org.h2.engine.Session.prepareLocal(Session.java:442)
	at org.h2.engine.Session.prepareCommand(Session.java:384)
	at org.h2.jdbc.JdbcConnection.prepareCommand(JdbcConnection.java:1188)
	at org.h2.jdbc.JdbcPreparedStatement.&lt;init&gt;(JdbcPreparedStatement.java:73)
	at org.h2.jdbc.JdbcConnection.prepareStatement(JdbcConnection.java:276)
	at sun.reflect.GeneratedMethodAccessor6.invoke(Unknown Source)
	at sun.reflect.DelegatingMethodAccessorImpl.invoke(DelegatingMethodAccessorImpl.java:43)
	at java.lang.reflect.Method.invoke(Method.java:498)
	at org.apache.ibatis.datasource.pooled.PooledConnection.invoke(PooledConnection.java:245)
	at com.sun.proxy.$Proxy12.prepareStatement(Unknown Source)
	at sun.reflect.GeneratedMethodAccessor6.invoke(Unknown Source)
	at sun.reflect.DelegatingMethodAccessorImpl.invoke(DelegatingMethodAccessorImpl.java:43)
	at java.lang.reflect.Method.invoke(Method.java:498)
	at org.apache.ibatis.logging.jdbc.ConnectionLogger.invoke(ConnectionLogger.java:55)
	at com.sun.proxy.$Proxy12.prepareStatement(Unknown Source)
	at org.apache.ibatis.executor.statement.PreparedStatementHandler.instantiateStatement(PreparedStatementHandler.java:79)
	at org.apache.ibatis.executor.statement.BaseStatementHandler.prepare(BaseStatementHandler.java:88)
	at org.apache.ibatis.executor.statement.RoutingStatementHandler.prepare(RoutingStatementHandler.java:58)
	at org.apache.ibatis.executor.SimpleExecutor.prepareStatement(SimpleExecutor.java:76)
	at org.apache.ibatis.executor.SimpleExecutor.doQuery(SimpleExecutor.java:61)
	at org.apache.ibatis.executor.BaseExecutor.queryFromDatabase(BaseExecutor.java:303)
	at org.apache.ibatis.executor.BaseExecutor.query(BaseExecutor.java:154)
	at org.apache.ibatis.executor.CachingExecutor.query(CachingExecutor.java:102)
	at org.apache.ibatis.executor.CachingExecutor.query(CachingExecutor.java:82)
	at org.apache.ibatis.session.defaults.DefaultSqlSession.selectList(DefaultSqlSession.java:120)
	... 42 more
10:44:57,162 [main] DEBUG org.activiti.engine.impl.test.PvmTestCase  - verifying that db is clean after test
10:44:57,162 [main] DEBUG org.activiti.engine.impl.interceptor.LogInterceptor  - 

10:44:57,162 [main] DEBUG org.activiti.engine.impl.interceptor.LogInterceptor  - --- starting GetTableCountCmd --------------------------------------------------------
10:44:57,162 [main] DEBUG org.apache.ibatis.transaction.jdbc.JdbcTransaction  - Opening JDBC Connection
10:44:57,162 [main] DEBUG org.apache.ibatis.datasource.pooled.PooledDataSource  - Checked out connection 363509958 from pool.
10:44:57,162 [main] DEBUG org.apache.ibatis.transaction.jdbc.JdbcTransaction  - Setting autocommit to false on JDBC Connection [conn2: url=jdbc:h2:mem:activiti user=SA]
10:44:57,162 [main] DEBUG org.activiti.engine.impl.persistence.entity.TableDataManager  - retrieving activiti tables from jdbc metadata
10:44:57,162 [main] DEBUG org.activiti.engine.impl.persistence.entity.TableDataManager  -   retrieved activiti table name ACT_EVT_LOG
10:44:57,162 [main] DEBUG org.activiti.engine.impl.persistence.entity.TableDataManager  -   retrieved activiti table name ACT_GE_BYTEARRAY
10:44:57,162 [main] DEBUG org.activiti.engine.impl.persistence.entity.TableDataManager  -   retrieved activiti table name ACT_GE_PROPERTY
10:44:57,162 [main] DEBUG org.activiti.engine.impl.persistence.entity.TableDataManager  -   retrieved activiti table name ACT_HI_ACTINST
10:44:57,162 [main] DEBUG org.activiti.engine.impl.persistence.entity.TableDataManager  -   retrieved activiti table name ACT_HI_ATTACHMENT
10:44:57,162 [main] DEBUG org.activiti.engine.impl.persistence.entity.TableDataManager  -   retrieved activiti table name ACT_HI_COMMENT
10:44:57,162 [main] DEBUG org.activiti.engine.impl.persistence.entity.TableDataManager  -   retrieved activiti table name ACT_HI_DETAIL
10:44:57,162 [main] DEBUG org.activiti.engine.impl.persistence.entity.TableDataManager  -   retrieved activiti table name ACT_HI_IDENTITYLINK
10:44:57,162 [main] DEBUG org.activiti.engine.impl.persistence.entity.TableDataManager  -   retrieved activiti table name ACT_HI_PROCINST
10:44:57,162 [main] DEBUG org.activiti.engine.impl.persistence.entity.TableDataManager  -   retrieved activiti table name ACT_HI_TASKINST
10:44:57,162 [main] DEBUG org.activiti.engine.impl.persistence.entity.TableDataManager  -   retrieved activiti table name ACT_HI_VARINST
10:44:57,162 [main] DEBUG org.activiti.engine.impl.persistence.entity.TableDataManager  -   retrieved activiti table name ACT_ID_GROUP
10:44:57,162 [main] DEBUG org.activiti.engine.impl.persistence.entity.TableDataManager  -   retrieved activiti table name ACT_ID_INFO
10:44:57,162 [main] DEBUG org.activiti.engine.impl.persistence.entity.TableDataManager  -   retrieved activiti table name ACT_ID_MEMBERSHIP
10:44:57,162 [main] DEBUG org.activiti.engine.impl.persistence.entity.TableDataManager  -   retrieved activiti table name ACT_ID_USER
10:44:57,162 [main] DEBUG org.activiti.engine.impl.persistence.entity.TableDataManager  -   retrieved activiti table name ACT_PROCDEF_INFO
10:44:57,162 [main] DEBUG org.activiti.engine.impl.persistence.entity.TableDataManager  -   retrieved activiti table name ACT_RE_DEPLOYMENT
10:44:57,162 [main] DEBUG org.activiti.engine.impl.persistence.entity.TableDataManager  -   retrieved activiti table name ACT_RE_MODEL
10:44:57,162 [main] DEBUG org.activiti.engine.impl.persistence.entity.TableDataManager  -   retrieved activiti table name ACT_RE_PROCDEF
10:44:57,162 [main] DEBUG org.activiti.engine.impl.persistence.entity.TableDataManager  -   retrieved activiti table name ACT_RU_EVENT_SUBSCR
10:44:57,162 [main] DEBUG org.activiti.engine.impl.persistence.entity.TableDataManager  -   retrieved activiti table name ACT_RU_EXECUTION
10:44:57,162 [main] DEBUG org.activiti.engine.impl.persistence.entity.TableDataManager  -   retrieved activiti table name ACT_RU_IDENTITYLINK
10:44:57,162 [main] DEBUG org.activiti.engine.impl.persistence.entity.TableDataManager  -   retrieved activiti table name ACT_RU_JOB
10:44:57,162 [main] DEBUG org.activiti.engine.impl.persistence.entity.TableDataManager  -   retrieved activiti table name ACT_RU_TASK
10:44:57,162 [main] DEBUG org.activiti.engine.impl.persistence.entity.TableDataManager  -   retrieved activiti table name ACT_RU_VARIABLE
10:44:57,162 [main] DEBUG org.activiti.engine.impl.persistence.entity.TableDataManager  - selecting table count for ACT_EVT_LOG
10:44:57,162 [main] DEBUG org.activiti.engine.impl.TablePageMap.selectTableCount  - ==&gt;  Preparing: select count(*) from ACT_EVT_LOG 
10:44:57,162 [main] DEBUG org.activiti.engine.impl.TablePageMap.selectTableCount  - ==&gt; Parameters: 
10:44:57,162 [main] DEBUG org.activiti.engine.impl.TablePageMap.selectTableCount  - &lt;==      Total: 1
10:44:57,162 [main] DEBUG org.activiti.engine.impl.persistence.entity.TableDataManager  - selecting table count for ACT_GE_BYTEARRAY
10:44:57,162 [main] DEBUG org.activiti.engine.impl.TablePageMap.selectTableCount  - ==&gt;  Preparing: select count(*) from ACT_GE_BYTEARRAY 
10:44:57,162 [main] DEBUG org.activiti.engine.impl.TablePageMap.selectTableCount  - ==&gt; Parameters: 
10:44:57,162 [main] DEBUG org.activiti.engine.impl.TablePageMap.selectTableCount  - &lt;==      Total: 1
10:44:57,162 [main] DEBUG org.activiti.engine.impl.persistence.entity.TableDataManager  - selecting table count for ACT_GE_PROPERTY
10:44:57,162 [main] DEBUG org.activiti.engine.impl.TablePageMap.selectTableCount  - ==&gt;  Preparing: select count(*) from ACT_GE_PROPERTY 
10:44:57,162 [main] DEBUG org.activiti.engine.impl.TablePageMap.selectTableCount  - ==&gt; Parameters: 
10:44:57,162 [main] DEBUG org.activiti.engine.impl.TablePageMap.selectTableCount  - &lt;==      Total: 1
10:44:57,162 [main] DEBUG org.activiti.engine.impl.persistence.entity.TableDataManager  - selecting table count for ACT_HI_ACTINST
10:44:57,162 [main] DEBUG org.activiti.engine.impl.TablePageMap.selectTableCount  - ==&gt;  Preparing: select count(*) from ACT_HI_ACTINST 
10:44:57,162 [main] DEBUG org.activiti.engine.impl.TablePageMap.selectTableCount  - ==&gt; Parameters: 
10:44:57,162 [main] DEBUG org.activiti.engine.impl.TablePageMap.selectTableCount  - &lt;==      Total: 1
10:44:57,162 [main] DEBUG org.activiti.engine.impl.persistence.entity.TableDataManager  - selecting table count for ACT_HI_ATTACHMENT
10:44:57,162 [main] DEBUG org.activiti.engine.impl.TablePageMap.selectTableCount  - ==&gt;  Preparing: select count(*) from ACT_HI_ATTACHMENT 
10:44:57,162 [main] DEBUG org.activiti.engine.impl.TablePageMap.selectTableCount  - ==&gt; Parameters: 
10:44:57,162 [main] DEBUG org.activiti.engine.impl.TablePageMap.selectTableCount  - &lt;==      Total: 1
10:44:57,162 [main] DEBUG org.activiti.engine.impl.persistence.entity.TableDataManager  - selecting table count for ACT_HI_COMMENT
10:44:57,162 [main] DEBUG org.activiti.engine.impl.TablePageMap.selectTableCount  - ==&gt;  Preparing: select count(*) from ACT_HI_COMMENT 
10:44:57,162 [main] DEBUG org.activiti.engine.impl.TablePageMap.selectTableCount  - ==&gt; Parameters: 
10:44:57,162 [main] DEBUG org.activiti.engine.impl.TablePageMap.selectTableCount  - &lt;==      Total: 1
10:44:57,162 [main] DEBUG org.activiti.engine.impl.persistence.entity.TableDataManager  - selecting table count for ACT_HI_DETAIL
10:44:57,162 [main] DEBUG org.activiti.engine.impl.TablePageMap.selectTableCount  - ==&gt;  Preparing: select count(*) from ACT_HI_DETAIL 
10:44:57,162 [main] DEBUG org.activiti.engine.impl.TablePageMap.selectTableCount  - ==&gt; Parameters: 
10:44:57,162 [main] DEBUG org.activiti.engine.impl.TablePageMap.selectTableCount  - &lt;==      Total: 1
10:44:57,162 [main] DEBUG org.activiti.engine.impl.persistence.entity.TableDataManager  - selecting table count for ACT_HI_IDENTITYLINK
10:44:57,162 [main] DEBUG org.activiti.engine.impl.TablePageMap.selectTableCount  - ==&gt;  Preparing: select count(*) from ACT_HI_IDENTITYLINK 
10:44:57,162 [main] DEBUG org.activiti.engine.impl.TablePageMap.selectTableCount  - ==&gt; Parameters: 
10:44:57,162 [main] DEBUG org.activiti.engine.impl.TablePageMap.selectTableCount  - &lt;==      Total: 1
10:44:57,162 [main] DEBUG org.activiti.engine.impl.persistence.entity.TableDataManager  - selecting table count for ACT_HI_PROCINST
10:44:57,162 [main] DEBUG org.activiti.engine.impl.TablePageMap.selectTableCount  - ==&gt;  Preparing: select count(*) from ACT_HI_PROCINST 
10:44:57,162 [main] DEBUG org.activiti.engine.impl.TablePageMap.selectTableCount  - ==&gt; Parameters: 
10:44:57,162 [main] DEBUG org.activiti.engine.impl.TablePageMap.selectTableCount  - &lt;==      Total: 1
10:44:57,162 [main] DEBUG org.activiti.engine.impl.persistence.entity.TableDataManager  - selecting table count for ACT_HI_TASKINST
10:44:57,162 [main] DEBUG org.activiti.engine.impl.TablePageMap.selectTableCount  - ==&gt;  Preparing: select count(*) from ACT_HI_TASKINST 
10:44:57,162 [main] DEBUG org.activiti.engine.impl.TablePageMap.selectTableCount  - ==&gt; Parameters: 
10:44:57,162 [main] DEBUG org.activiti.engine.impl.TablePageMap.selectTableCount  - &lt;==      Total: 1
10:44:57,162 [main] DEBUG org.activiti.engine.impl.persistence.entity.TableDataManager  - selecting table count for ACT_HI_VARINST
10:44:57,162 [main] DEBUG org.activiti.engine.impl.TablePageMap.selectTableCount  - ==&gt;  Preparing: select count(*) from ACT_HI_VARINST 
10:44:57,162 [main] DEBUG org.activiti.engine.impl.TablePageMap.selectTableCount  - ==&gt; Parameters: 
10:44:57,162 [main] DEBUG org.activiti.engine.impl.TablePageMap.selectTableCount  - &lt;==      Total: 1
10:44:57,162 [main] DEBUG org.activiti.engine.impl.persistence.entity.TableDataManager  - selecting table count for ACT_ID_GROUP
10:44:57,162 [main] DEBUG org.activiti.engine.impl.TablePageMap.selectTableCount  - ==&gt;  Preparing: select count(*) from ACT_ID_GROUP 
10:44:57,162 [main] DEBUG org.activiti.engine.impl.TablePageMap.selectTableCount  - ==&gt; Parameters: 
10:44:57,162 [main] DEBUG org.activiti.engine.impl.TablePageMap.selectTableCount  - &lt;==      Total: 1
10:44:57,162 [main] DEBUG org.activiti.engine.impl.persistence.entity.TableDataManager  - selecting table count for ACT_ID_INFO
10:44:57,162 [main] DEBUG org.activiti.engine.impl.TablePageMap.selectTableCount  - ==&gt;  Preparing: select count(*) from ACT_ID_INFO 
10:44:57,162 [main] DEBUG org.activiti.engine.impl.TablePageMap.selectTableCount  - ==&gt; Parameters: 
10:44:57,162 [main] DEBUG org.activiti.engine.impl.TablePageMap.selectTableCount  - &lt;==      Total: 1
10:44:57,162 [main] DEBUG org.activiti.engine.impl.persistence.entity.TableDataManager  - selecting table count for ACT_ID_MEMBERSHIP
10:44:57,162 [main] DEBUG org.activiti.engine.impl.TablePageMap.selectTableCount  - ==&gt;  Preparing: select count(*) from ACT_ID_MEMBERSHIP 
10:44:57,162 [main] DEBUG org.activiti.engine.impl.TablePageMap.selectTableCount  - ==&gt; Parameters: 
10:44:57,162 [main] DEBUG org.activiti.engine.impl.TablePageMap.selectTableCount  - &lt;==      Total: 1
10:44:57,162 [main] DEBUG org.activiti.engine.impl.persistence.entity.TableDataManager  - selecting table count for ACT_ID_USER
10:44:57,162 [main] DEBUG org.activiti.engine.impl.TablePageMap.selectTableCount  - ==&gt;  Preparing: select count(*) from ACT_ID_USER 
10:44:57,162 [main] DEBUG org.activiti.engine.impl.TablePageMap.selectTableCount  - ==&gt; Parameters: 
10:44:57,162 [main] DEBUG org.activiti.engine.impl.TablePageMap.selectTableCount  - &lt;==      Total: 1
10:44:57,162 [main] DEBUG org.activiti.engine.impl.persistence.entity.TableDataManager  - selecting table count for ACT_PROCDEF_INFO
10:44:57,162 [main] DEBUG org.activiti.engine.impl.TablePageMap.selectTableCount  - ==&gt;  Preparing: select count(*) from ACT_PROCDEF_INFO 
10:44:57,162 [main] DEBUG org.activiti.engine.impl.TablePageMap.selectTableCount  - ==&gt; Parameters: 
10:44:57,162 [main] DEBUG org.activiti.engine.impl.TablePageMap.selectTableCount  - &lt;==      Total: 1
10:44:57,162 [main] DEBUG org.activiti.engine.impl.persistence.entity.TableDataManager  - selecting table count for ACT_RE_DEPLOYMENT
10:44:57,162 [main] DEBUG org.activiti.engine.impl.TablePageMap.selectTableCount  - ==&gt;  Preparing: select count(*) from ACT_RE_DEPLOYMENT 
10:44:57,162 [main] DEBUG org.activiti.engine.impl.TablePageMap.selectTableCount  - ==&gt; Parameters: 
10:44:57,162 [main] DEBUG org.activiti.engine.impl.TablePageMap.selectTableCount  - &lt;==      Total: 1
10:44:57,162 [main] DEBUG org.activiti.engine.impl.persistence.entity.TableDataManager  - selecting table count for ACT_RE_MODEL
10:44:57,162 [main] DEBUG org.activiti.engine.impl.TablePageMap.selectTableCount  - ==&gt;  Preparing: select count(*) from ACT_RE_MODEL 
10:44:57,162 [main] DEBUG org.activiti.engine.impl.TablePageMap.selectTableCount  - ==&gt; Parameters: 
10:44:57,162 [main] DEBUG org.activiti.engine.impl.TablePageMap.selectTableCount  - &lt;==      Total: 1
10:44:57,162 [main] DEBUG org.activiti.engine.impl.persistence.entity.TableDataManager  - selecting table count for ACT_RE_PROCDEF
10:44:57,162 [main] DEBUG org.activiti.engine.impl.TablePageMap.selectTableCount  - ==&gt;  Preparing: select count(*) from ACT_RE_PROCDEF 
10:44:57,163 [main] DEBUG org.activiti.engine.impl.TablePageMap.selectTableCount  - ==&gt; Parameters: 
10:44:57,163 [main] DEBUG org.activiti.engine.impl.TablePageMap.selectTableCount  - &lt;==      Total: 1
10:44:57,163 [main] DEBUG org.activiti.engine.impl.persistence.entity.TableDataManager  - selecting table count for ACT_RU_EVENT_SUBSCR
10:44:57,163 [main] DEBUG org.activiti.engine.impl.TablePageMap.selectTableCount  - ==&gt;  Preparing: select count(*) from ACT_RU_EVENT_SUBSCR 
10:44:57,163 [main] DEBUG org.activiti.engine.impl.TablePageMap.selectTableCount  - ==&gt; Parameters: 
10:44:57,163 [main] DEBUG org.activiti.engine.impl.TablePageMap.selectTableCount  - &lt;==      Total: 1
10:44:57,163 [main] DEBUG org.activiti.engine.impl.persistence.entity.TableDataManager  - selecting table count for ACT_RU_EXECUTION
10:44:57,163 [main] DEBUG org.activiti.engine.impl.TablePageMap.selectTableCount  - ==&gt;  Preparing: select count(*) from ACT_RU_EXECUTION 
10:44:57,163 [main] DEBUG org.activiti.engine.impl.TablePageMap.selectTableCount  - ==&gt; Parameters: 
10:44:57,163 [main] DEBUG org.activiti.engine.impl.TablePageMap.selectTableCount  - &lt;==      Total: 1
10:44:57,163 [main] DEBUG org.activiti.engine.impl.persistence.entity.TableDataManager  - selecting table count for ACT_RU_IDENTITYLINK
10:44:57,163 [main] DEBUG org.activiti.engine.impl.TablePageMap.selectTableCount  - ==&gt;  Preparing: select count(*) from ACT_RU_IDENTITYLINK 
10:44:57,163 [main] DEBUG org.activiti.engine.impl.TablePageMap.selectTableCount  - ==&gt; Parameters: 
10:44:57,163 [main] DEBUG org.activiti.engine.impl.TablePageMap.selectTableCount  - &lt;==      Total: 1
10:44:57,163 [main] DEBUG org.activiti.engine.impl.persistence.entity.TableDataManager  - selecting table count for ACT_RU_JOB
10:44:57,163 [main] DEBUG org.activiti.engine.impl.TablePageMap.selectTableCount  - ==&gt;  Preparing: select count(*) from ACT_RU_JOB 
10:44:57,163 [main] DEBUG org.activiti.engine.impl.TablePageMap.selectTableCount  - ==&gt; Parameters: 
10:44:57,163 [main] DEBUG org.activiti.engine.impl.TablePageMap.selectTableCount  - &lt;==      Total: 1
10:44:57,163 [main] DEBUG org.activiti.engine.impl.persistence.entity.TableDataManager  - selecting table count for ACT_RU_TASK
10:44:57,163 [main] DEBUG org.activiti.engine.impl.TablePageMap.selectTableCount  - ==&gt;  Preparing: select count(*) from ACT_RU_TASK 
10:44:57,163 [main] DEBUG org.activiti.engine.impl.TablePageMap.selectTableCount  - ==&gt; Parameters: 
10:44:57,163 [main] DEBUG org.activiti.engine.impl.TablePageMap.selectTableCount  - &lt;==      Total: 1
10:44:57,163 [main] DEBUG org.activiti.engine.impl.persistence.entity.TableDataManager  - selecting table count for ACT_RU_VARIABLE
10:44:57,163 [main] DEBUG org.activiti.engine.impl.TablePageMap.selectTableCount  - ==&gt;  Preparing: select count(*) from ACT_RU_VARIABLE 
10:44:57,163 [main] DEBUG org.activiti.engine.impl.TablePageMap.selectTableCount  - ==&gt; Parameters: 
10:44:57,163 [main] DEBUG org.activiti.engine.impl.TablePageMap.selectTableCount  - &lt;==      Total: 1
10:44:57,163 [main] DEBUG org.activiti.engine.impl.persistence.entity.TableDataManager  - Number of rows per activiti table: {ACT_RU_EVENT_SUBSCR=0, ACT_ID_USER=0, ACT_HI_ATTACHMENT=0, ACT_GE_BYTEARRAY=3, ACT_RE_MODEL=0, ACT_RU_VARIABLE=0, ACT_RU_TASK=6, ACT_RE_DEPLOYMENT=3, ACT_RE_PROCDEF=3, ACT_ID_GROUP=0, ACT_HI_VARINST=0, ACT_HI_COMMENT=0, ACT_HI_PROCINST=6, ACT_ID_INFO=0, ACT_ID_MEMBERSHIP=0, ACT_RU_JOB=8, ACT_PROCDEF_INFO=0, ACT_HI_ACTINST=12, ACT_RU_EXECUTION=12, ACT_HI_TASKINST=6, ACT_HI_DETAIL=0, ACT_EVT_LOG=0, ACT_HI_IDENTITYLINK=0, ACT_RU_IDENTITYLINK=0, ACT_GE_PROPERTY=3}
10:44:57,163 [main] DEBUG org.activiti.engine.impl.db.DbSqlSession  - flush summary: 0 insert, 0 update, 0 delete.
10:44:57,163 [main] DEBUG org.activiti.engine.impl.db.DbSqlSession  - now executing flush...
10:44:57,163 [main] DEBUG org.activiti.engine.impl.cfg.standalone.StandaloneMybatisTransactionContext  - firing event committing...
10:44:57,163 [main] DEBUG org.activiti.engine.impl.cfg.standalone.StandaloneMybatisTransactionContext  - committing the ibatis sql session...
10:44:57,163 [main] DEBUG org.activiti.engine.impl.cfg.standalone.StandaloneMybatisTransactionContext  - firing event committed...
10:44:57,163 [main] DEBUG org.apache.ibatis.transaction.jdbc.JdbcTransaction  - Resetting autocommit to true on JDBC Connection [conn2: url=jdbc:h2:mem:activiti user=SA]
10:44:57,163 [main] DEBUG org.apache.ibatis.transaction.jdbc.JdbcTransaction  - Closing JDBC Connection [conn2: url=jdbc:h2:mem:activiti user=SA]
10:44:57,163 [main] DEBUG org.apache.ibatis.datasource.pooled.PooledDataSource  - Returned connection 363509958 to pool.
10:44:57,163 [main] DEBUG org.activiti.engine.impl.interceptor.LogInterceptor  - --- GetTableCountCmd finished --------------------------------------------------------
10:44:57,163 [main] DEBUG org.activiti.engine.impl.interceptor.LogInterceptor  - 

10:44:57,163 [main] ERROR org.activiti.engine.impl.test.PvmTestCase  - 

10:44:57,163 [main] ERROR org.activiti.engine.impl.test.PvmTestCase  - DB NOT CLEAN: 
  ACT_GE_BYTEARRAY: 3 record(s)   ACT_RU_TASK: 6 record(s)   ACT_RE_DEPLOYMENT: 3 record(s)   ACT_RE_PROCDEF: 3 record(s)   ACT_HI_PROCINST: 6 record(s)   ACT_RU_JOB: 8 record(s)   ACT_HI_ACTINST: 12 record(s)   ACT_RU_EXECUTION: 12 record(s)   ACT_HI_TASKINST: 6 record(s) 
10:44:57,163 [main] INFO  org.activiti.engine.impl.test.PvmTestCase  - dropping and recreating db
10:44:57,163 [main] DEBUG org.activiti.engine.impl.interceptor.LogInterceptor  - 

10:44:57,163 [main] DEBUG org.activiti.engine.impl.interceptor.LogInterceptor  - --- starting  --------------------------------------------------------
10:44:57,163 [main] INFO  org.activiti.engine.impl.db.DbSqlSession  - performing drop on engine with resource org/activiti/db/drop/activiti.h2.drop.engine.sql
10:44:57,163 [main] DEBUG org.apache.ibatis.transaction.jdbc.JdbcTransaction  - Opening JDBC Connection
10:44:57,163 [main] DEBUG org.apache.ibatis.datasource.pooled.PooledDataSource  - Checked out connection 180014677 from pool.
10:44:57,163 [main] DEBUG org.apache.ibatis.transaction.jdbc.JdbcTransaction  - Setting autocommit to false on JDBC Connection [conn3: url=jdbc:h2:mem:activiti user=SA]
10:44:57,163 [main] DEBUG org.activiti.engine.impl.db.DbSqlSession  - SQL: drop table if exists ACT_GE_PROPERTY cascade constraints
10:44:57,163 [main] DEBUG org.activiti.engine.impl.db.DbSqlSession  - SQL: drop table if exists ACT_GE_BYTEARRAY cascade constraints
10:44:57,163 [main] DEBUG org.activiti.engine.impl.db.DbSqlSession  - SQL: drop table if exists ACT_RE_DEPLOYMENT cascade constraints
10:44:57,163 [main] DEBUG org.activiti.engine.impl.db.DbSqlSession  - SQL: drop table if exists ACT_RE_MODEL cascade constraints
10:44:57,163 [main] DEBUG org.activiti.engine.impl.db.DbSqlSession  - SQL: drop table if exists ACT_RU_EXECUTION cascade constraints
10:44:57,164 [main] DEBUG org.activiti.engine.impl.db.DbSqlSession  - SQL: drop table if exists ACT_RU_JOB cascade constraints
10:44:57,164 [main] DEBUG org.activiti.engine.impl.db.DbSqlSession  - SQL: drop table if exists ACT_RE_PROCDEF cascade constraints
10:44:57,164 [main] DEBUG org.activiti.engine.impl.db.DbSqlSession  - SQL: drop table if exists ACT_RU_TASK cascade constraints
10:44:57,164 [main] DEBUG org.activiti.engine.impl.db.DbSqlSession  - SQL: drop table if exists ACT_RU_IDENTITYLINK cascade constraints
10:44:57,164 [main] DEBUG org.activiti.engine.impl.db.DbSqlSession  - SQL: drop table if exists ACT_RU_VARIABLE cascade constraints
10:44:57,164 [main] DEBUG org.activiti.engine.impl.db.DbSqlSession  - SQL: drop table if exists ACT_RU_EVENT_SUBSCR cascade constraints
10:44:57,164 [main] DEBUG org.activiti.engine.impl.db.DbSqlSession  - SQL: drop table if exists ACT_EVT_LOG cascade constraints
10:44:57,164 [main] DEBUG org.activiti.engine.impl.db.DbSqlSession  - SQL: drop table if exists ACT_PROCDEF_INFO cascade constraints
10:44:57,164 [main] DEBUG org.activiti.engine.impl.db.DbSqlSession  - SQL: drop index if exists ACT_IDX_EXEC_BUSKEY
10:44:57,164 [main] DEBUG org.activiti.engine.impl.db.DbSqlSession  - SQL: drop index if exists ACT_IDX_TASK_CREATE
10:44:57,164 [main] DEBUG org.activiti.engine.impl.db.DbSqlSession  - SQL: drop index if exists ACT_IDX_IDENT_LNK_USER
10:44:57,164 [main] DEBUG org.activiti.engine.impl.db.DbSqlSession  - SQL: drop index if exists ACT_IDX_IDENT_LNK_GROUP
10:44:57,164 [main] DEBUG org.activiti.engine.impl.db.DbSqlSession  - SQL: drop index if exists ACT_IDX_VARIABLE_TASK_ID
10:44:57,164 [main] DEBUG org.activiti.engine.impl.db.DbSqlSession  - SQL: drop index if exists ACT_IDX_EVENT_SUBSCR_CONFIG_
10:44:57,164 [main] DEBUG org.activiti.engine.impl.db.DbSqlSession  - SQL: drop index if exists ACT_IDX_ATHRZ_PROCEDEF
10:44:57,164 [main] DEBUG org.activiti.engine.impl.db.DbSqlSession  - SQL: drop index if exists ACT_IDX_INFO_PROCDEF
10:44:57,164 [main] DEBUG org.activiti.engine.impl.db.DbSqlSession  - activiti db schema drop for component engine successful
10:44:57,164 [main] INFO  org.activiti.engine.impl.db.DbSqlSession  - performing drop on history with resource org/activiti/db/drop/activiti.h2.drop.history.sql
10:44:57,164 [main] DEBUG org.activiti.engine.impl.db.DbSqlSession  - SQL: drop table if exists ACT_HI_PROCINST cascade constraints
10:44:57,164 [main] DEBUG org.activiti.engine.impl.db.DbSqlSession  - SQL: drop table if exists ACT_HI_ACTINST cascade constraints
10:44:57,164 [main] DEBUG org.activiti.engine.impl.db.DbSqlSession  - SQL: drop table if exists ACT_HI_VARINST cascade constraints
10:44:57,164 [main] DEBUG org.activiti.engine.impl.db.DbSqlSession  - SQL: drop table if exists ACT_HI_TASKINST cascade constraints
10:44:57,164 [main] DEBUG org.activiti.engine.impl.db.DbSqlSession  - SQL: drop table if exists ACT_HI_DETAIL cascade constraints
10:44:57,164 [main] DEBUG org.activiti.engine.impl.db.DbSqlSession  - SQL: drop table if exists ACT_HI_COMMENT cascade constraints
10:44:57,164 [main] DEBUG org.activiti.engine.impl.db.DbSqlSession  - SQL: drop table if exists ACT_HI_ATTACHMENT cascade constraints
10:44:57,164 [main] DEBUG org.activiti.engine.impl.db.DbSqlSession  - SQL: drop table if exists ACT_HI_IDENTITYLINK cascade constraints
10:44:57,164 [main] DEBUG org.activiti.engine.impl.db.DbSqlSession  - SQL: drop index if exists ACT_IDX_HI_PRO_INST_END
10:44:57,164 [main] DEBUG org.activiti.engine.impl.db.DbSqlSession  - SQL: drop index if exists ACT_IDX_HI_PRO_I_BUSKEY
10:44:57,164 [main] DEBUG org.activiti.engine.impl.db.DbSqlSession  - SQL: drop index if exists ACT_IDX_HI_ACT_INST_START
10:44:57,164 [main] DEBUG org.activiti.engine.impl.db.DbSqlSession  - SQL: drop index if exists ACT_IDX_HI_ACT_INST_END
10:44:57,164 [main] DEBUG org.activiti.engine.impl.db.DbSqlSession  - SQL: drop index if exists ACT_IDX_HI_DETAIL_PROC_INST
10:44:57,164 [main] DEBUG org.activiti.engine.impl.db.DbSqlSession  - SQL: drop index if exists ACT_IDX_HI_DETAIL_ACT_INST
10:44:57,164 [main] DEBUG org.activiti.engine.impl.db.DbSqlSession  - SQL: drop index if exists ACT_IDX_HI_DETAIL_TIME
10:44:57,164 [main] DEBUG org.activiti.engine.impl.db.DbSqlSession  - SQL: drop index if exists ACT_IDX_HI_DETAIL_NAME
10:44:57,164 [main] DEBUG org.activiti.engine.impl.db.DbSqlSession  - SQL: drop index if exists ACT_IDX_HI_DETAIL_TASK_ID
10:44:57,164 [main] DEBUG org.activiti.engine.impl.db.DbSqlSession  - SQL: drop index if exists ACT_IDX_HI_PROCVAR_PROC_INST
10:44:57,164 [main] DEBUG org.activiti.engine.impl.db.DbSqlSession  - SQL: drop index if exists ACT_IDX_HI_PROCVAR_NAME_TYPE
10:44:57,164 [main] DEBUG org.activiti.engine.impl.db.DbSqlSession  - SQL: drop index if exists ACT_IDX_HI_ACT_INST_PROCINST
10:44:57,164 [main] DEBUG org.activiti.engine.impl.db.DbSqlSession  - SQL: drop index if exists ACT_IDX_HI_IDENT_LNK_USER
10:44:57,164 [main] DEBUG org.activiti.engine.impl.db.DbSqlSession  - SQL: drop index if exists ACT_IDX_HI_IDENT_LNK_TASK
10:44:57,164 [main] DEBUG org.activiti.engine.impl.db.DbSqlSession  - SQL: drop index if exists ACT_IDX_HI_IDENT_LNK_PROCINST
10:44:57,164 [main] DEBUG org.activiti.engine.impl.db.DbSqlSession  - SQL: drop index if exists ACT_IDX_HI_TASK_INST_PROCINST
10:44:57,164 [main] DEBUG org.activiti.engine.impl.db.DbSqlSession  - activiti db schema drop for component history successful
10:44:57,164 [main] INFO  org.activiti.engine.impl.db.DbSqlSession  - performing drop on identity with resource org/activiti/db/drop/activiti.h2.drop.identity.sql
10:44:57,164 [main] DEBUG org.activiti.engine.impl.db.DbSqlSession  - SQL: drop table if exists ACT_ID_INFO cascade constraints
10:44:57,165 [main] DEBUG org.activiti.engine.impl.db.DbSqlSession  - SQL: drop table if exists ACT_ID_GROUP cascade constraints
10:44:57,165 [main] DEBUG org.activiti.engine.impl.db.DbSqlSession  - SQL: drop table if exists ACT_ID_MEMBERSHIP cascade constraints
10:44:57,165 [main] DEBUG org.activiti.engine.impl.db.DbSqlSession  - SQL: drop table if exists ACT_ID_USER cascade constraints
10:44:57,165 [main] DEBUG org.activiti.engine.impl.db.DbSqlSession  - activiti db schema drop for component identity successful
10:44:57,165 [main] INFO  org.activiti.engine.impl.db.DbSqlSession  - performing create on engine with resource org/activiti/db/create/activiti.h2.create.engine.sql
10:44:57,165 [main] DEBUG org.activiti.engine.impl.db.DbSqlSession  - SQL: create table ACT_GE_PROPERTY ( 
NAME_ varchar(64), 
VALUE_ varchar(300), 
REV_ integer, 
primary key (NAME_) 
)
10:44:57,165 [main] DEBUG org.activiti.engine.impl.db.DbSqlSession  - SQL: insert into ACT_GE_PROPERTY 
values (&apos;schema.version&apos;, &apos;5.20.0.0&apos;, 1)
10:44:57,165 [main] DEBUG org.activiti.engine.impl.db.DbSqlSession  - SQL: insert into ACT_GE_PROPERTY 
values (&apos;schema.history&apos;, &apos;create(5.20.0.0)&apos;, 1)
10:44:57,165 [main] DEBUG org.activiti.engine.impl.db.DbSqlSession  - SQL: insert into ACT_GE_PROPERTY 
values (&apos;next.dbid&apos;, &apos;1&apos;, 1)
10:44:57,165 [main] DEBUG org.activiti.engine.impl.db.DbSqlSession  - SQL: create table ACT_GE_BYTEARRAY ( 
ID_ varchar(64), 
REV_ integer, 
NAME_ varchar(255), 
DEPLOYMENT_ID_ varchar(64), 
BYTES_ longvarbinary, 
GENERATED_ bit, 
primary key (ID_) 
)
10:44:57,165 [main] DEBUG org.activiti.engine.impl.db.DbSqlSession  - SQL: create table ACT_RE_DEPLOYMENT ( 
ID_ varchar(64), 
NAME_ varchar(255), 
CATEGORY_ varchar(255), 
TENANT_ID_ varchar(255) default &apos;&apos;, 
DEPLOY_TIME_ timestamp, 
primary key (ID_) 
)
10:44:57,165 [main] DEBUG org.activiti.engine.impl.db.DbSqlSession  - SQL: create table ACT_RE_MODEL ( 
ID_ varchar(64) not null, 
REV_ integer, 
NAME_ varchar(255), 
KEY_ varchar(255), 
CATEGORY_ varchar(255), 
CREATE_TIME_ timestamp, 
LAST_UPDATE_TIME_ timestamp, 
VERSION_ integer, 
META_INFO_ varchar(4000), 
DEPLOYMENT_ID_ varchar(64), 
EDITOR_SOURCE_VALUE_ID_ varchar(64), 
EDITOR_SOURCE_EXTRA_VALUE_ID_ varchar(64), 
TENANT_ID_ varchar(255) default &apos;&apos;, 
primary key (ID_) 
)
10:44:57,165 [main] DEBUG org.activiti.engine.impl.db.DbSqlSession  - SQL: create table ACT_RU_EXECUTION ( 
ID_ varchar(64), 
REV_ integer, 
PROC_INST_ID_ varchar(64), 
BUSINESS_KEY_ varchar(255), 
PARENT_ID_ varchar(64), 
PROC_DEF_ID_ varchar(64), 
SUPER_EXEC_ varchar(64), 
ACT_ID_ varchar(255), 
IS_ACTIVE_ bit, 
IS_CONCURRENT_ bit, 
IS_SCOPE_ bit, 
IS_EVENT_SCOPE_ bit, 
SUSPENSION_STATE_ integer, 
CACHED_ENT_STATE_ integer, 
TENANT_ID_ varchar(255) default &apos;&apos;, 
NAME_ varchar(255), 
LOCK_TIME_ timestamp, 
primary key (ID_) 
)
10:44:57,165 [main] DEBUG org.activiti.engine.impl.db.DbSqlSession  - SQL: create table ACT_RU_JOB ( 
ID_ varchar(64) NOT NULL, 
REV_ integer, 
TYPE_ varchar(255) NOT NULL, 
LOCK_EXP_TIME_ timestamp, 
LOCK_OWNER_ varchar(255), 
EXCLUSIVE_ boolean, 
EXECUTION_ID_ varchar(64), 
PROCESS_INSTANCE_ID_ varchar(64), 
PROC_DEF_ID_ varchar(64), 
RETRIES_ integer, 
EXCEPTION_STACK_ID_ varchar(64), 
EXCEPTION_MSG_ varchar(4000), 
DUEDATE_ timestamp, 
REPEAT_ varchar(255), 
HANDLER_TYPE_ varchar(255), 
HANDLER_CFG_ varchar(4000), 
TENANT_ID_ varchar(255) default &apos;&apos;, 
primary key (ID_) 
)
10:44:57,165 [main] DEBUG org.activiti.engine.impl.db.DbSqlSession  - SQL: create table ACT_RE_PROCDEF ( 
ID_ varchar(64) NOT NULL, 
REV_ integer, 
CATEGORY_ varchar(255), 
NAME_ varchar(255), 
KEY_ varchar(255) NOT NULL, 
VERSION_ integer NOT NULL, 
DEPLOYMENT_ID_ varchar(64), 
RESOURCE_NAME_ varchar(4000), 
DGRM_RESOURCE_NAME_ varchar(4000), 
DESCRIPTION_ varchar(4000), 
HAS_START_FORM_KEY_ bit, 
HAS_GRAPHICAL_NOTATION_ bit, 
SUSPENSION_STATE_ integer, 
TENANT_ID_ varchar(255) default &apos;&apos;, 
primary key (ID_) 
)
10:44:57,165 [main] DEBUG org.activiti.engine.impl.db.DbSqlSession  - SQL: create table ACT_RU_TASK ( 
ID_ varchar(64), 
REV_ integer, 
EXECUTION_ID_ varchar(64), 
PROC_INST_ID_ varchar(64), 
PROC_DEF_ID_ varchar(64), 
NAME_ varchar(255), 
PARENT_TASK_ID_ varchar(64), 
DESCRIPTION_ varchar(4000), 
TASK_DEF_KEY_ varchar(255), 
OWNER_ varchar(255), 
ASSIGNEE_ varchar(255), 
DELEGATION_ varchar(64), 
PRIORITY_ integer, 
CREATE_TIME_ timestamp, 
DUE_DATE_ timestamp, 
CATEGORY_ varchar(255), 
SUSPENSION_STATE_ integer, 
TENANT_ID_ varchar(255) default &apos;&apos;, 
FORM_KEY_ varchar(255), 
primary key (ID_) 
)
10:44:57,165 [main] DEBUG org.activiti.engine.impl.db.DbSqlSession  - SQL: create table ACT_RU_IDENTITYLINK ( 
ID_ varchar(64), 
REV_ integer, 
GROUP_ID_ varchar(255), 
TYPE_ varchar(255), 
USER_ID_ varchar(255), 
TASK_ID_ varchar(64), 
PROC_INST_ID_ varchar(64) null, 
PROC_DEF_ID_ varchar(64), 
primary key (ID_) 
)
10:44:57,165 [main] DEBUG org.activiti.engine.impl.db.DbSqlSession  - SQL: create table ACT_RU_VARIABLE ( 
ID_ varchar(64) not null, 
REV_ integer, 
TYPE_ varchar(255) not null, 
NAME_ varchar(255) not null, 
EXECUTION_ID_ varchar(64), 
PROC_INST_ID_ varchar(64), 
TASK_ID_ varchar(64), 
BYTEARRAY_ID_ varchar(64), 
DOUBLE_ double, 
LONG_ bigint, 
TEXT_ varchar(4000), 
TEXT2_ varchar(4000), 
primary key (ID_) 
)
10:44:57,165 [main] DEBUG org.activiti.engine.impl.db.DbSqlSession  - SQL: create table ACT_RU_EVENT_SUBSCR ( 
ID_ varchar(64) not null, 
REV_ integer, 
EVENT_TYPE_ varchar(255) not null, 
EVENT_NAME_ varchar(255), 
EXECUTION_ID_ varchar(64), 
PROC_INST_ID_ varchar(64), 
ACTIVITY_ID_ varchar(64), 
CONFIGURATION_ varchar(255), 
CREATED_ timestamp not null, 
PROC_DEF_ID_ varchar(64), 
TENANT_ID_ varchar(255) default &apos;&apos;, 
primary key (ID_) 
)
10:44:57,166 [main] DEBUG org.activiti.engine.impl.db.DbSqlSession  - SQL: create table ACT_EVT_LOG ( 
LOG_NR_ identity, 
TYPE_ varchar(64), 
PROC_DEF_ID_ varchar(64), 
PROC_INST_ID_ varchar(64), 
EXECUTION_ID_ varchar(64), 
TASK_ID_ varchar(64), 
TIME_STAMP_ timestamp not null, 
USER_ID_ varchar(255), 
DATA_ longvarbinary, 
LOCK_OWNER_ varchar(255), 
LOCK_TIME_ timestamp, 
IS_PROCESSED_ bit default 0 
)
10:44:57,166 [main] DEBUG org.activiti.engine.impl.db.DbSqlSession  - SQL: create table ACT_PROCDEF_INFO ( 
ID_ varchar(64) not null, 
PROC_DEF_ID_ varchar(64) not null, 
REV_ integer, 
INFO_JSON_ID_ varchar(64), 
primary key (ID_) 
)
10:44:57,166 [main] DEBUG org.activiti.engine.impl.db.DbSqlSession  - SQL: create index ACT_IDX_EXEC_BUSKEY on ACT_RU_EXECUTION(BUSINESS_KEY_)
10:44:57,166 [main] DEBUG org.activiti.engine.impl.db.DbSqlSession  - SQL: create index ACT_IDX_TASK_CREATE on ACT_RU_TASK(CREATE_TIME_)
10:44:57,166 [main] DEBUG org.activiti.engine.impl.db.DbSqlSession  - SQL: create index ACT_IDX_IDENT_LNK_USER on ACT_RU_IDENTITYLINK(USER_ID_)
10:44:57,166 [main] DEBUG org.activiti.engine.impl.db.DbSqlSession  - SQL: create index ACT_IDX_IDENT_LNK_GROUP on ACT_RU_IDENTITYLINK(GROUP_ID_)
10:44:57,166 [main] DEBUG org.activiti.engine.impl.db.DbSqlSession  - SQL: create index ACT_IDX_EVENT_SUBSCR_CONFIG_ on ACT_RU_EVENT_SUBSCR(CONFIGURATION_)
10:44:57,166 [main] DEBUG org.activiti.engine.impl.db.DbSqlSession  - SQL: create index ACT_IDX_VARIABLE_TASK_ID on ACT_RU_VARIABLE(TASK_ID_)
10:44:57,166 [main] DEBUG org.activiti.engine.impl.db.DbSqlSession  - SQL: create index ACT_IDX_ATHRZ_PROCEDEF on ACT_RU_IDENTITYLINK(PROC_DEF_ID_)
10:44:57,166 [main] DEBUG org.activiti.engine.impl.db.DbSqlSession  - SQL: create index ACT_IDX_INFO_PROCDEF on ACT_PROCDEF_INFO(PROC_DEF_ID_)
10:44:57,166 [main] DEBUG org.activiti.engine.impl.db.DbSqlSession  - SQL: alter table ACT_GE_BYTEARRAY 
add constraint ACT_FK_BYTEARR_DEPL 
foreign key (DEPLOYMENT_ID_) 
references ACT_RE_DEPLOYMENT
10:44:57,166 [main] DEBUG org.activiti.engine.impl.db.DbSqlSession  - SQL: alter table ACT_RE_PROCDEF 
add constraint ACT_UNIQ_PROCDEF 
unique (KEY_,VERSION_, TENANT_ID_)
10:44:57,166 [main] DEBUG org.activiti.engine.impl.db.DbSqlSession  - SQL: alter table ACT_RU_EXECUTION 
add constraint ACT_FK_EXE_PROCINST 
foreign key (PROC_INST_ID_) 
references ACT_RU_EXECUTION
10:44:57,166 [main] DEBUG org.activiti.engine.impl.db.DbSqlSession  - SQL: alter table ACT_RU_EXECUTION 
add constraint ACT_FK_EXE_PARENT 
foreign key (PARENT_ID_) 
references ACT_RU_EXECUTION
10:44:57,166 [main] DEBUG org.activiti.engine.impl.db.DbSqlSession  - SQL: alter table ACT_RU_EXECUTION 
add constraint ACT_FK_EXE_SUPER 
foreign key (SUPER_EXEC_) 
references ACT_RU_EXECUTION
10:44:57,166 [main] DEBUG org.activiti.engine.impl.db.DbSqlSession  - SQL: alter table ACT_RU_EXECUTION 
add constraint ACT_FK_EXE_PROCDEF 
foreign key (PROC_DEF_ID_) 
references ACT_RE_PROCDEF (ID_)
10:44:57,166 [main] DEBUG org.activiti.engine.impl.db.DbSqlSession  - SQL: alter table ACT_RU_IDENTITYLINK 
add constraint ACT_FK_TSKASS_TASK 
foreign key (TASK_ID_) 
references ACT_RU_TASK
10:44:57,166 [main] DEBUG org.activiti.engine.impl.db.DbSqlSession  - SQL: alter table ACT_RU_IDENTITYLINK 
add constraint ACT_FK_ATHRZ_PROCEDEF 
foreign key (PROC_DEF_ID_) 
references ACT_RE_PROCDEF
10:44:57,167 [main] DEBUG org.activiti.engine.impl.db.DbSqlSession  - SQL: alter table ACT_RU_IDENTITYLINK 
add constraint ACT_FK_IDL_PROCINST 
foreign key (PROC_INST_ID_) 
references ACT_RU_EXECUTION (ID_)
10:44:57,167 [main] DEBUG org.activiti.engine.impl.db.DbSqlSession  - SQL: alter table ACT_RU_TASK 
add constraint ACT_FK_TASK_EXE 
foreign key (EXECUTION_ID_) 
references ACT_RU_EXECUTION
10:44:57,167 [main] DEBUG org.activiti.engine.impl.db.DbSqlSession  - SQL: alter table ACT_RU_TASK 
add constraint ACT_FK_TASK_PROCINST 
foreign key (PROC_INST_ID_) 
references ACT_RU_EXECUTION
10:44:57,167 [main] DEBUG org.activiti.engine.impl.db.DbSqlSession  - SQL: alter table ACT_RU_TASK 
add constraint ACT_FK_TASK_PROCDEF 
foreign key (PROC_DEF_ID_) 
references ACT_RE_PROCDEF
10:44:57,167 [main] DEBUG org.activiti.engine.impl.db.DbSqlSession  - SQL: alter table ACT_RU_VARIABLE 
add constraint ACT_FK_VAR_EXE 
foreign key (EXECUTION_ID_) 
references ACT_RU_EXECUTION
10:44:57,167 [main] DEBUG org.activiti.engine.impl.db.DbSqlSession  - SQL: alter table ACT_RU_VARIABLE 
add constraint ACT_FK_VAR_PROCINST 
foreign key (PROC_INST_ID_) 
references ACT_RU_EXECUTION
10:44:57,167 [main] DEBUG org.activiti.engine.impl.db.DbSqlSession  - SQL: alter table ACT_RU_VARIABLE 
add constraint ACT_FK_VAR_BYTEARRAY 
foreign key (BYTEARRAY_ID_) 
references ACT_GE_BYTEARRAY
10:44:57,167 [main] DEBUG org.activiti.engine.impl.db.DbSqlSession  - SQL: alter table ACT_RU_JOB 
add constraint ACT_FK_JOB_EXCEPTION 
foreign key (EXCEPTION_STACK_ID_) 
references ACT_GE_BYTEARRAY
10:44:57,167 [main] DEBUG org.activiti.engine.impl.db.DbSqlSession  - SQL: alter table ACT_RU_EVENT_SUBSCR 
add constraint ACT_FK_EVENT_EXEC 
foreign key (EXECUTION_ID_) 
references ACT_RU_EXECUTION
10:44:57,167 [main] DEBUG org.activiti.engine.impl.db.DbSqlSession  - SQL: alter table ACT_RE_MODEL 
add constraint ACT_FK_MODEL_SOURCE 
foreign key (EDITOR_SOURCE_VALUE_ID_) 
references ACT_GE_BYTEARRAY (ID_)
10:44:57,167 [main] DEBUG org.activiti.engine.impl.db.DbSqlSession  - SQL: alter table ACT_RE_MODEL 
add constraint ACT_FK_MODEL_SOURCE_EXTRA 
foreign key (EDITOR_SOURCE_EXTRA_VALUE_ID_) 
references ACT_GE_BYTEARRAY (ID_)
10:44:57,167 [main] DEBUG org.activiti.engine.impl.db.DbSqlSession  - SQL: alter table ACT_RE_MODEL 
add constraint ACT_FK_MODEL_DEPLOYMENT 
foreign key (DEPLOYMENT_ID_) 
references ACT_RE_DEPLOYMENT (ID_)
10:44:57,167 [main] DEBUG org.activiti.engine.impl.db.DbSqlSession  - SQL: alter table ACT_PROCDEF_INFO 
add constraint ACT_FK_INFO_JSON_BA 
foreign key (INFO_JSON_ID_) 
references ACT_GE_BYTEARRAY (ID_)
10:44:57,168 [main] DEBUG org.activiti.engine.impl.db.DbSqlSession  - SQL: alter table ACT_PROCDEF_INFO 
add constraint ACT_FK_INFO_PROCDEF 
foreign key (PROC_DEF_ID_) 
references ACT_RE_PROCDEF (ID_)
10:44:57,168 [main] DEBUG org.activiti.engine.impl.db.DbSqlSession  - SQL: alter table ACT_PROCDEF_INFO 
add constraint ACT_UNIQ_INFO_PROCDEF 
unique (PROC_DEF_ID_)
10:44:57,168 [main] DEBUG org.activiti.engine.impl.db.DbSqlSession  - activiti db schema create for component engine successful
10:44:57,168 [main] INFO  org.activiti.engine.impl.db.DbSqlSession  - performing create on history with resource org/activiti/db/create/activiti.h2.create.history.sql
10:44:57,168 [main] DEBUG org.activiti.engine.impl.db.DbSqlSession  - SQL: create table ACT_HI_PROCINST ( 
ID_ varchar(64) not null, 
PROC_INST_ID_ varchar(64) not null, 
BUSINESS_KEY_ varchar(255), 
PROC_DEF_ID_ varchar(64) not null, 
START_TIME_ timestamp not null, 
END_TIME_ timestamp, 
DURATION_ bigint, 
START_USER_ID_ varchar(255), 
START_ACT_ID_ varchar(255), 
END_ACT_ID_ varchar(255), 
SUPER_PROCESS_INSTANCE_ID_ varchar(64), 
DELETE_REASON_ varchar(4000), 
TENANT_ID_ varchar(255) default &apos;&apos;, 
NAME_ varchar(255), 
primary key (ID_), 
unique (PROC_INST_ID_) 
)
10:44:57,168 [main] DEBUG org.activiti.engine.impl.db.DbSqlSession  - SQL: create table ACT_HI_ACTINST ( 
ID_ varchar(64) not null, 
PROC_DEF_ID_ varchar(64) not null, 
PROC_INST_ID_ varchar(64) not null, 
EXECUTION_ID_ varchar(64) not null, 
ACT_ID_ varchar(255) not null, 
TASK_ID_ varchar(64), 
CALL_PROC_INST_ID_ varchar(64), 
ACT_NAME_ varchar(255), 
ACT_TYPE_ varchar(255) not null, 
ASSIGNEE_ varchar(255), 
START_TIME_ timestamp not null, 
END_TIME_ timestamp, 
DURATION_ bigint, 
TENANT_ID_ varchar(255) default &apos;&apos;, 
primary key (ID_) 
)
10:44:57,168 [main] DEBUG org.activiti.engine.impl.db.DbSqlSession  - SQL: create table ACT_HI_TASKINST ( 
ID_ varchar(64) not null, 
PROC_DEF_ID_ varchar(64), 
TASK_DEF_KEY_ varchar(255), 
PROC_INST_ID_ varchar(64), 
EXECUTION_ID_ varchar(64), 
NAME_ varchar(255), 
PARENT_TASK_ID_ varchar(64), 
DESCRIPTION_ varchar(4000), 
OWNER_ varchar(255), 
ASSIGNEE_ varchar(255), 
START_TIME_ timestamp not null, 
CLAIM_TIME_ timestamp, 
END_TIME_ timestamp, 
DURATION_ bigint, 
DELETE_REASON_ varchar(4000), 
PRIORITY_ integer, 
DUE_DATE_ timestamp, 
FORM_KEY_ varchar(255), 
CATEGORY_ varchar(255), 
TENANT_ID_ varchar(255) default &apos;&apos;, 
primary key (ID_) 
)
10:44:57,168 [main] DEBUG org.activiti.engine.impl.db.DbSqlSession  - SQL: create table ACT_HI_VARINST ( 
ID_ varchar(64) not null, 
PROC_INST_ID_ varchar(64), 
EXECUTION_ID_ varchar(64), 
TASK_ID_ varchar(64), 
NAME_ varchar(255) not null, 
VAR_TYPE_ varchar(100), 
REV_ integer, 
BYTEARRAY_ID_ varchar(64), 
DOUBLE_ double, 
LONG_ bigint, 
TEXT_ varchar(4000), 
TEXT2_ varchar(4000), 
CREATE_TIME_ timestamp, 
LAST_UPDATED_TIME_ timestamp, 
primary key (ID_) 
)
10:44:57,168 [main] DEBUG org.activiti.engine.impl.db.DbSqlSession  - SQL: create table ACT_HI_DETAIL ( 
ID_ varchar(64) not null, 
TYPE_ varchar(255) not null, 
TIME_ timestamp not null, 
NAME_ varchar(255), 
PROC_INST_ID_ varchar(64), 
EXECUTION_ID_ varchar(64), 
TASK_ID_ varchar(64), 
ACT_INST_ID_ varchar(64), 
VAR_TYPE_ varchar(255), 
REV_ integer, 
BYTEARRAY_ID_ varchar(64), 
DOUBLE_ double, 
LONG_ bigint, 
TEXT_ varchar(4000), 
TEXT2_ varchar(4000), 
primary key (ID_) 
)
10:44:57,168 [main] DEBUG org.activiti.engine.impl.db.DbSqlSession  - SQL: create table ACT_HI_COMMENT ( 
ID_ varchar(64) not null, 
TYPE_ varchar(255), 
TIME_ timestamp not null, 
USER_ID_ varchar(255), 
TASK_ID_ varchar(64), 
PROC_INST_ID_ varchar(64), 
ACTION_ varchar(255), 
MESSAGE_ varchar(4000), 
FULL_MSG_ longvarbinary, 
primary key (ID_) 
)
10:44:57,168 [main] DEBUG org.activiti.engine.impl.db.DbSqlSession  - SQL: create table ACT_HI_ATTACHMENT ( 
ID_ varchar(64) not null, 
REV_ integer, 
USER_ID_ varchar(255), 
NAME_ varchar(255), 
DESCRIPTION_ varchar(4000), 
TYPE_ varchar(255), 
TASK_ID_ varchar(64), 
PROC_INST_ID_ varchar(64), 
URL_ varchar(4000), 
CONTENT_ID_ varchar(64), 
TIME_ timestamp, 
primary key (ID_) 
)
10:44:57,168 [main] DEBUG org.activiti.engine.impl.db.DbSqlSession  - SQL: create table ACT_HI_IDENTITYLINK ( 
ID_ varchar(64), 
GROUP_ID_ varchar(255), 
TYPE_ varchar(255), 
USER_ID_ varchar(255), 
TASK_ID_ varchar(64), 
PROC_INST_ID_ varchar(64) null, 
primary key (ID_) 
)
10:44:57,168 [main] DEBUG org.activiti.engine.impl.db.DbSqlSession  - SQL: create index ACT_IDX_HI_PRO_INST_END on ACT_HI_PROCINST(END_TIME_)
10:44:57,168 [main] DEBUG org.activiti.engine.impl.db.DbSqlSession  - SQL: create index ACT_IDX_HI_PRO_I_BUSKEY on ACT_HI_PROCINST(BUSINESS_KEY_)
10:44:57,168 [main] DEBUG org.activiti.engine.impl.db.DbSqlSession  - SQL: create index ACT_IDX_HI_ACT_INST_START on ACT_HI_ACTINST(START_TIME_)
10:44:57,168 [main] DEBUG org.activiti.engine.impl.db.DbSqlSession  - SQL: create index ACT_IDX_HI_ACT_INST_END on ACT_HI_ACTINST(END_TIME_)
10:44:57,168 [main] DEBUG org.activiti.engine.impl.db.DbSqlSession  - SQL: create index ACT_IDX_HI_DETAIL_PROC_INST on ACT_HI_DETAIL(PROC_INST_ID_)
10:44:57,168 [main] DEBUG org.activiti.engine.impl.db.DbSqlSession  - SQL: create index ACT_IDX_HI_DETAIL_ACT_INST on ACT_HI_DETAIL(ACT_INST_ID_)
10:44:57,168 [main] DEBUG org.activiti.engine.impl.db.DbSqlSession  - SQL: create index ACT_IDX_HI_DETAIL_TIME on ACT_HI_DETAIL(TIME_)
10:44:57,168 [main] DEBUG org.activiti.engine.impl.db.DbSqlSession  - SQL: create index ACT_IDX_HI_DETAIL_NAME on ACT_HI_DETAIL(NAME_)
10:44:57,168 [main] DEBUG org.activiti.engine.impl.db.DbSqlSession  - SQL: create index ACT_IDX_HI_DETAIL_TASK_ID on ACT_HI_DETAIL(TASK_ID_)
10:44:57,168 [main] DEBUG org.activiti.engine.impl.db.DbSqlSession  - SQL: create index ACT_IDX_HI_PROCVAR_PROC_INST on ACT_HI_VARINST(PROC_INST_ID_)
10:44:57,168 [main] DEBUG org.activiti.engine.impl.db.DbSqlSession  - SQL: create index ACT_IDX_HI_PROCVAR_NAME_TYPE on ACT_HI_VARINST(NAME_, VAR_TYPE_)
10:44:57,168 [main] DEBUG org.activiti.engine.impl.db.DbSqlSession  - SQL: create index ACT_IDX_HI_PROCVAR_TASK_ID on ACT_HI_VARINST(TASK_ID_)
10:44:57,168 [main] DEBUG org.activiti.engine.impl.db.DbSqlSession  - SQL: create index ACT_IDX_HI_ACT_INST_PROCINST on ACT_HI_ACTINST(PROC_INST_ID_, ACT_ID_)
10:44:57,168 [main] DEBUG org.activiti.engine.impl.db.DbSqlSession  - SQL: create index ACT_IDX_HI_IDENT_LNK_USER on ACT_HI_IDENTITYLINK(USER_ID_)
10:44:57,168 [main] DEBUG org.activiti.engine.impl.db.DbSqlSession  - SQL: create index ACT_IDX_HI_IDENT_LNK_TASK on ACT_HI_IDENTITYLINK(TASK_ID_)
10:44:57,168 [main] DEBUG org.activiti.engine.impl.db.DbSqlSession  - SQL: create index ACT_IDX_HI_IDENT_LNK_PROCINST on ACT_HI_IDENTITYLINK(PROC_INST_ID_)
10:44:57,168 [main] DEBUG org.activiti.engine.impl.db.DbSqlSession  - SQL: create index ACT_IDX_HI_ACT_INST_EXEC on ACT_HI_ACTINST(EXECUTION_ID_, ACT_ID_)
10:44:57,168 [main] DEBUG org.activiti.engine.impl.db.DbSqlSession  - SQL: create index ACT_IDX_HI_TASK_INST_PROCINST on ACT_HI_TASKINST(PROC_INST_ID_)
10:44:57,168 [main] DEBUG org.activiti.engine.impl.db.DbSqlSession  - activiti db schema create for component history successful
10:44:57,168 [main] INFO  org.activiti.engine.impl.db.DbSqlSession  - performing create on identity with resource org/activiti/db/create/activiti.h2.create.identity.sql
10:44:57,168 [main] DEBUG org.activiti.engine.impl.db.DbSqlSession  - SQL: create table ACT_ID_GROUP ( 
ID_ varchar(64), 
REV_ integer, 
NAME_ varchar(255), 
TYPE_ varchar(255), 
primary key (ID_) 
)
10:44:57,169 [main] DEBUG org.activiti.engine.impl.db.DbSqlSession  - SQL: create table ACT_ID_MEMBERSHIP ( 
USER_ID_ varchar(64), 
GROUP_ID_ varchar(64), 
primary key (USER_ID_, GROUP_ID_) 
)
10:44:57,169 [main] DEBUG org.activiti.engine.impl.db.DbSqlSession  - SQL: create table ACT_ID_USER ( 
ID_ varchar(64), 
REV_ integer, 
FIRST_ varchar(255), 
LAST_ varchar(255), 
EMAIL_ varchar(255), 
PWD_ varchar(255), 
PICTURE_ID_ varchar(64), 
primary key (ID_) 
)
10:44:57,169 [main] DEBUG org.activiti.engine.impl.db.DbSqlSession  - SQL: create table ACT_ID_INFO ( 
ID_ varchar(64), 
REV_ integer, 
USER_ID_ varchar(64), 
TYPE_ varchar(64), 
KEY_ varchar(255), 
VALUE_ varchar(255), 
PASSWORD_ longvarbinary, 
PARENT_ID_ varchar(255), 
primary key (ID_) 
)
10:44:57,169 [main] DEBUG org.activiti.engine.impl.db.DbSqlSession  - SQL: alter table ACT_ID_MEMBERSHIP 
add constraint ACT_FK_MEMB_GROUP 
foreign key (GROUP_ID_) 
references ACT_ID_GROUP
10:44:57,169 [main] DEBUG org.activiti.engine.impl.db.DbSqlSession  - SQL: alter table ACT_ID_MEMBERSHIP 
add constraint ACT_FK_MEMB_USER 
foreign key (USER_ID_) 
references ACT_ID_USER
10:44:57,169 [main] DEBUG org.activiti.engine.impl.db.DbSqlSession  - activiti db schema create for component identity successful
10:44:57,169 [main] DEBUG org.activiti.engine.impl.db.DbSqlSession  - flush summary: 0 insert, 0 update, 0 delete.
10:44:57,169 [main] DEBUG org.activiti.engine.impl.db.DbSqlSession  - now executing flush...
10:44:57,169 [main] DEBUG org.activiti.engine.impl.cfg.standalone.StandaloneMybatisTransactionContext  - firing event committing...
10:44:57,169 [main] DEBUG org.activiti.engine.impl.cfg.standalone.StandaloneMybatisTransactionContext  - committing the ibatis sql session...
10:44:57,169 [main] DEBUG org.activiti.engine.impl.cfg.standalone.StandaloneMybatisTransactionContext  - firing event committed...
10:44:57,169 [main] DEBUG org.apache.ibatis.transaction.jdbc.JdbcTransaction  - Resetting autocommit to true on JDBC Connection [conn3: url=jdbc:h2:mem:activiti user=SA]
10:44:57,169 [main] DEBUG org.apache.ibatis.transaction.jdbc.JdbcTransaction  - Closing JDBC Connection [conn3: url=jdbc:h2:mem:activiti user=SA]
10:44:57,169 [main] DEBUG org.apache.ibatis.datasource.pooled.PooledDataSource  - Returned connection 180014677 to pool.
10:44:57,169 [main] DEBUG org.activiti.engine.impl.interceptor.LogInterceptor  - ---  finished --------------------------------------------------------
10:44:57,169 [main] DEBUG org.activiti.engine.impl.interceptor.LogInterceptor  - 

</system-out>
  </testcase>
  <testcase classname="org.activiti.engine.test.api.mgmt.JobQueryTest" name="testQuerySorting" time="0.022">
    <error message="
### Error querying database.  Cause: org.h2.jdbc.JdbcSQLException: Syntax error in SQL statement &quot;SELECT RES.* 
     
    FROM ACT_RU_JOB RES
     
     WHERE  RES.PROCESS_INSTANCE_ID_ = ? 
   
     ORDER BY  ORDER[*] BY RES.ID_ ASC  
    LIMIT ? OFFSET ? &quot;; expected &quot;=, NOT, EXISTS, INTERSECTS, SELECT, FROM&quot;; SQL statement:
select RES.* 
     
    from ACT_RU_JOB RES
     
     WHERE  RES.PROCESS_INSTANCE_ID_ = ? 
   
     order by  order by RES.ID_ asc  
    LIMIT ? OFFSET ? [42001-176]
### The error may exist in org/activiti/db/mapping/entity/Job.xml
### The error may involve org.activiti.engine.impl.persistence.entity.JobEntity.selectJobByQueryCriteria
### The error occurred while executing a query
### SQL: select RES.*            from ACT_RU_JOB RES            WHERE  RES.PROCESS_INSTANCE_ID_ = ?           order by  order by RES.ID_ asc       LIMIT ? OFFSET ?
### Cause: org.h2.jdbc.JdbcSQLException: Syntax error in SQL statement &quot;SELECT RES.* 
     
    FROM ACT_RU_JOB RES
     
     WHERE  RES.PROCESS_INSTANCE_ID_ = ? 
   
     ORDER BY  ORDER[*] BY RES.ID_ ASC  
    LIMIT ? OFFSET ? &quot;; expected &quot;=, NOT, EXISTS, INTERSECTS, SELECT, FROM&quot;; SQL statement:
select RES.* 
     
    from ACT_RU_JOB RES
     
     WHERE  RES.PROCESS_INSTANCE_ID_ = ? 
   
     order by  order by RES.ID_ asc  
    LIMIT ? OFFSET ? [42001-176]" type="org.apache.ibatis.exceptions.PersistenceException">org.apache.ibatis.exceptions.PersistenceException: 
### Error querying database.  Cause: org.h2.jdbc.JdbcSQLException: Syntax error in SQL statement &quot;SELECT RES.* 
     
    FROM ACT_RU_JOB RES
     
     WHERE  RES.PROCESS_INSTANCE_ID_ = ? 
   
     ORDER BY  ORDER[*] BY RES.ID_ ASC  
    LIMIT ? OFFSET ? &quot;; expected &quot;=, NOT, EXISTS, INTERSECTS, SELECT, FROM&quot;; SQL statement:
select RES.* 
     
    from ACT_RU_JOB RES
     
     WHERE  RES.PROCESS_INSTANCE_ID_ = ? 
   
     order by  order by RES.ID_ asc  
    LIMIT ? OFFSET ? [42001-176]
### The error may exist in org/activiti/db/mapping/entity/Job.xml
### The error may involve org.activiti.engine.impl.persistence.entity.JobEntity.selectJobByQueryCriteria
### The error occurred while executing a query
### SQL: select RES.*            from ACT_RU_JOB RES            WHERE  RES.PROCESS_INSTANCE_ID_ = ?           order by  order by RES.ID_ asc       LIMIT ? OFFSET ?
### Cause: org.h2.jdbc.JdbcSQLException: Syntax error in SQL statement &quot;SELECT RES.* 
     
    FROM ACT_RU_JOB RES
     
     WHERE  RES.PROCESS_INSTANCE_ID_ = ? 
   
     ORDER BY  ORDER[*] BY RES.ID_ ASC  
    LIMIT ? OFFSET ? &quot;; expected &quot;=, NOT, EXISTS, INTERSECTS, SELECT, FROM&quot;; SQL statement:
select RES.* 
     
    from ACT_RU_JOB RES
     
     WHERE  RES.PROCESS_INSTANCE_ID_ = ? 
   
     order by  order by RES.ID_ asc  
    LIMIT ? OFFSET ? [42001-176]
	at org.apache.ibatis.exceptions.ExceptionFactory.wrapException(ExceptionFactory.java:30)
	at org.apache.ibatis.session.defaults.DefaultSqlSession.selectList(DefaultSqlSession.java:122)
	at org.apache.ibatis.session.defaults.DefaultSqlSession.selectList(DefaultSqlSession.java:113)
	at org.activiti.engine.impl.db.DbSqlSession.selectListWithRawParameter(DbSqlSession.java:438)
	at org.activiti.engine.impl.db.DbSqlSession.selectList(DbSqlSession.java:429)
	at org.activiti.engine.impl.db.DbSqlSession.selectList(DbSqlSession.java:419)
	at org.activiti.engine.impl.persistence.entity.JobEntityManager.findJobsByQueryCriteria(JobEntityManager.java:198)
	at org.activiti.engine.impl.JobQueryImpl.executeList(JobQueryImpl.java:243)
	at org.activiti.engine.impl.AbstractQuery.executeSingleResult(AbstractQuery.java:183)
	at org.activiti.engine.impl.AbstractQuery.execute(AbstractQuery.java:166)
	at org.activiti.engine.impl.interceptor.CommandInvoker.execute(CommandInvoker.java:24)
	at org.activiti.engine.impl.interceptor.CommandContextInterceptor.execute(CommandContextInterceptor.java:57)
	at org.activiti.engine.impl.interceptor.LogInterceptor.execute(LogInterceptor.java:37)
	at org.activiti.engine.impl.cfg.CommandExecutorImpl.execute(CommandExecutorImpl.java:40)
	at org.activiti.engine.impl.cfg.CommandExecutorImpl.execute(CommandExecutorImpl.java:35)
	at org.activiti.engine.impl.AbstractQuery.singleResult(AbstractQuery.java:129)
	at org.activiti.engine.test.api.mgmt.JobQueryTest.setRetries(JobQueryTest.java:356)
	at org.activiti.engine.test.api.mgmt.JobQueryTest.testQuerySorting(JobQueryTest.java:314)
	at sun.reflect.NativeMethodAccessorImpl.invoke0(Native Method)
	at sun.reflect.NativeMethodAccessorImpl.invoke(NativeMethodAccessorImpl.java:62)
	at sun.reflect.DelegatingMethodAccessorImpl.invoke(DelegatingMethodAccessorImpl.java:43)
	at java.lang.reflect.Method.invoke(Method.java:498)
	at junit.framework.TestCase.runTest(TestCase.java:176)
	at org.activiti.engine.impl.test.PvmTestCase.runTest(PvmTestCase.java:65)
	at junit.framework.TestCase.runBare(TestCase.java:141)
	at org.activiti.engine.impl.test.AbstractActivitiTestCase.runBare(AbstractActivitiTestCase.java:100)
	at junit.framework.TestResult$1.protect(TestResult.java:122)
	at junit.framework.TestResult.runProtected(TestResult.java:142)
	at junit.framework.TestResult.run(TestResult.java:125)
	at junit.framework.TestCase.run(TestCase.java:129)
	at junit.framework.TestSuite.runTest(TestSuite.java:255)
	at junit.framework.TestSuite.run(TestSuite.java:250)
	at org.junit.internal.runners.JUnit38ClassRunner.run(JUnit38ClassRunner.java:84)
	at org.apache.maven.surefire.junit4.JUnit4TestSet.execute(JUnit4TestSet.java:35)
	at org.apache.maven.surefire.junit4.JUnit4Provider.executeTestSet(JUnit4Provider.java:146)
	at org.apache.maven.surefire.junit4.JUnit4Provider.invoke(JUnit4Provider.java:97)
	at sun.reflect.NativeMethodAccessorImpl.invoke0(Native Method)
	at sun.reflect.NativeMethodAccessorImpl.invoke(NativeMethodAccessorImpl.java:62)
	at sun.reflect.DelegatingMethodAccessorImpl.invoke(DelegatingMethodAccessorImpl.java:43)
	at java.lang.reflect.Method.invoke(Method.java:498)
	at org.apache.maven.surefire.booter.ProviderFactory$ClassLoaderProxy.invoke(ProviderFactory.java:103)
	at com.sun.proxy.$Proxy0.invoke(Unknown Source)
	at org.apache.maven.surefire.booter.SurefireStarter.invokeProvider(SurefireStarter.java:145)
	at org.apache.maven.surefire.booter.SurefireStarter.runSuitesInProcess(SurefireStarter.java:87)
	at org.apache.maven.surefire.booter.ForkedBooter.main(ForkedBooter.java:69)
Caused by: org.h2.jdbc.JdbcSQLException: Syntax error in SQL statement &quot;SELECT RES.* 
     
    FROM ACT_RU_JOB RES
     
     WHERE  RES.PROCESS_INSTANCE_ID_ = ? 
   
     ORDER BY  ORDER[*] BY RES.ID_ ASC  
    LIMIT ? OFFSET ? &quot;; expected &quot;=, NOT, EXISTS, INTERSECTS, SELECT, FROM&quot;; SQL statement:
select RES.* 
     
    from ACT_RU_JOB RES
     
     WHERE  RES.PROCESS_INSTANCE_ID_ = ? 
   
     order by  order by RES.ID_ asc  
    LIMIT ? OFFSET ? [42001-176]
	at org.h2.message.DbException.getJdbcSQLException(DbException.java:344)
	at org.h2.message.DbException.getSyntaxError(DbException.java:204)
	at org.h2.command.Parser.getSyntaxError(Parser.java:524)
	at org.h2.command.Parser.readTerm(Parser.java:2688)
	at org.h2.command.Parser.readFactor(Parser.java:2244)
	at org.h2.command.Parser.readSum(Parser.java:2231)
	at org.h2.command.Parser.readConcat(Parser.java:2201)
	at org.h2.command.Parser.readCondition(Parser.java:2051)
	at org.h2.command.Parser.readAnd(Parser.java:2023)
	at org.h2.command.Parser.readExpression(Parser.java:2015)
	at org.h2.command.Parser.parseEndOfQuery(Parser.java:1726)
	at org.h2.command.Parser.parseSelectUnionExtension(Parser.java:1706)
	at org.h2.command.Parser.parseSelectUnion(Parser.java:1675)
	at org.h2.command.Parser.parseSelect(Parser.java:1662)
	at org.h2.command.Parser.parsePrepared(Parser.java:434)
	at org.h2.command.Parser.parse(Parser.java:306)
	at org.h2.command.Parser.parse(Parser.java:282)
	at org.h2.command.Parser.prepareCommand(Parser.java:243)
	at org.h2.engine.Session.prepareLocal(Session.java:442)
	at org.h2.engine.Session.prepareCommand(Session.java:384)
	at org.h2.jdbc.JdbcConnection.prepareCommand(JdbcConnection.java:1188)
	at org.h2.jdbc.JdbcPreparedStatement.&lt;init&gt;(JdbcPreparedStatement.java:73)
	at org.h2.jdbc.JdbcConnection.prepareStatement(JdbcConnection.java:276)
	at sun.reflect.GeneratedMethodAccessor6.invoke(Unknown Source)
	at sun.reflect.DelegatingMethodAccessorImpl.invoke(DelegatingMethodAccessorImpl.java:43)
	at java.lang.reflect.Method.invoke(Method.java:498)
	at org.apache.ibatis.datasource.pooled.PooledConnection.invoke(PooledConnection.java:245)
	at com.sun.proxy.$Proxy12.prepareStatement(Unknown Source)
	at sun.reflect.GeneratedMethodAccessor6.invoke(Unknown Source)
	at sun.reflect.DelegatingMethodAccessorImpl.invoke(DelegatingMethodAccessorImpl.java:43)
	at java.lang.reflect.Method.invoke(Method.java:498)
	at org.apache.ibatis.logging.jdbc.ConnectionLogger.invoke(ConnectionLogger.java:55)
	at com.sun.proxy.$Proxy12.prepareStatement(Unknown Source)
	at org.apache.ibatis.executor.statement.PreparedStatementHandler.instantiateStatement(PreparedStatementHandler.java:79)
	at org.apache.ibatis.executor.statement.BaseStatementHandler.prepare(BaseStatementHandler.java:88)
	at org.apache.ibatis.executor.statement.RoutingStatementHandler.prepare(RoutingStatementHandler.java:58)
	at org.apache.ibatis.executor.SimpleExecutor.prepareStatement(SimpleExecutor.java:76)
	at org.apache.ibatis.executor.SimpleExecutor.doQuery(SimpleExecutor.java:61)
	at org.apache.ibatis.executor.BaseExecutor.queryFromDatabase(BaseExecutor.java:303)
	at org.apache.ibatis.executor.BaseExecutor.query(BaseExecutor.java:154)
	at org.apache.ibatis.executor.CachingExecutor.query(CachingExecutor.java:102)
	at org.apache.ibatis.executor.CachingExecutor.query(CachingExecutor.java:82)
	at org.apache.ibatis.session.defaults.DefaultSqlSession.selectList(DefaultSqlSession.java:120)
	... 43 more
</error>
    <system-out>10:44:57,170 [main] DEBUG org.activiti.engine.impl.interceptor.LogInterceptor  - 

10:44:57,170 [main] DEBUG org.activiti.engine.impl.interceptor.LogInterceptor  - --- starting DeployCmd --------------------------------------------------------
10:44:57,170 [main] DEBUG org.activiti.engine.impl.bpmn.deployer.BpmnDeployer  - Processing deployment null
10:44:57,170 [main] INFO  org.activiti.engine.impl.bpmn.deployer.BpmnDeployer  - Processing resource org/activiti/engine/test/api/mgmt/timerOnTask.bpmn20.xml
10:44:57,175 [main] DEBUG org.activiti.engine.impl.bpmn.parser.handler.ProcessParseHandler  - Parsing process timerOnTask
10:44:57,175 [main] DEBUG org.activiti.engine.impl.bpmn.parser.handler.AbstractBpmnParseHandler  - Parsing activity firstLineSupport
10:44:57,175 [main] DEBUG org.activiti.engine.impl.bpmn.parser.handler.AbstractBpmnParseHandler  - Parsing activity secondLineSupport
10:44:57,175 [main] DEBUG org.activiti.engine.impl.bpmn.parser.handler.AbstractBpmnParseHandler  - Parsing activity theStart
10:44:57,175 [main] DEBUG org.activiti.engine.impl.bpmn.parser.handler.AbstractBpmnParseHandler  - Parsing activity normalEnd
10:44:57,175 [main] DEBUG org.activiti.engine.impl.bpmn.parser.handler.AbstractBpmnParseHandler  - Parsing activity escalatedEnd
10:44:57,175 [main] DEBUG org.activiti.engine.impl.bpmn.parser.handler.AbstractBpmnParseHandler  - Parsing activity escalationTimer
10:44:57,175 [main] DEBUG org.apache.ibatis.transaction.jdbc.JdbcTransaction  - Opening JDBC Connection
10:44:57,175 [main] DEBUG org.apache.ibatis.datasource.pooled.PooledDataSource  - Checked out connection 297240765 from pool.
10:44:57,175 [main] DEBUG org.apache.ibatis.transaction.jdbc.JdbcTransaction  - Setting autocommit to false on JDBC Connection [conn4: url=jdbc:h2:mem:activiti user=SA]
10:44:57,175 [main] DEBUG org.activiti.engine.impl.persistence.entity.ProcessDefinitionEntity.selectLatestProcessDefinitionByKey  - ==&gt;  Preparing: select * from ACT_RE_PROCDEF where KEY_ = ? and (TENANT_ID_ = &apos;&apos; or TENANT_ID_ is null) and VERSION_ = (select max(VERSION_) from ACT_RE_PROCDEF where KEY_ = ? and (TENANT_ID_ = &apos;&apos; or TENANT_ID_ is null)) 
10:44:57,175 [main] DEBUG org.activiti.engine.impl.persistence.entity.ProcessDefinitionEntity.selectLatestProcessDefinitionByKey  - ==&gt; Parameters: timerOnTask(String), timerOnTask(String)
10:44:57,175 [main] DEBUG org.activiti.engine.impl.persistence.entity.ProcessDefinitionEntity.selectLatestProcessDefinitionByKey  - &lt;==      Total: 0
10:44:57,175 [main] DEBUG org.activiti.engine.impl.persistence.entity.JobEntity.selectJobByTypeAndProcessDefinitionKeyNoTenantId  - ==&gt;  Preparing: select J.* from ACT_RU_JOB J inner join ACT_RE_PROCDEF P on J.PROC_DEF_ID_ = P.ID_ where J.HANDLER_TYPE_ = ? and P.KEY_ = ? and (P.TENANT_ID_ = &apos;&apos; or P.TENANT_ID_ is null) 
10:44:57,175 [main] DEBUG org.activiti.engine.impl.persistence.entity.JobEntity.selectJobByTypeAndProcessDefinitionKeyNoTenantId  - ==&gt; Parameters: timer-start-event(String), timerOnTask(String)
10:44:57,175 [main] DEBUG org.activiti.engine.impl.persistence.entity.JobEntity.selectJobByTypeAndProcessDefinitionKeyNoTenantId  - &lt;==      Total: 0
10:44:57,175 [main] DEBUG org.activiti.engine.impl.persistence.entity.ProcessDefinitionInfoEntity.selectProcessDefinitionInfoByProcessDefinitionId  - ==&gt;  Preparing: select * from ACT_PROCDEF_INFO where PROC_DEF_ID_ = ? 
10:44:57,175 [main] DEBUG org.activiti.engine.impl.persistence.entity.ProcessDefinitionInfoEntity.selectProcessDefinitionInfoByProcessDefinitionId  - ==&gt; Parameters: timerOnTask:1:1638(String)
10:44:57,175 [main] DEBUG org.activiti.engine.impl.persistence.entity.ProcessDefinitionInfoEntity.selectProcessDefinitionInfoByProcessDefinitionId  - &lt;==      Total: 0
10:44:57,175 [main] DEBUG org.activiti.engine.impl.interceptor.LogInterceptor  - 

10:44:57,175 [main] DEBUG org.activiti.engine.impl.interceptor.LogInterceptor  - --- starting GetProcessDefinitionInfoCmd --------------------------------------------------------
10:44:57,175 [main] DEBUG org.activiti.engine.impl.interceptor.CommandContextInterceptor  - Valid context found. Reusing it for the current command &apos;org.activiti.engine.impl.cmd.GetProcessDefinitionInfoCmd&apos;
10:44:57,175 [main] DEBUG org.activiti.engine.impl.interceptor.LogInterceptor  - 

10:44:57,175 [main] DEBUG org.activiti.engine.impl.interceptor.LogInterceptor  - --- starting  --------------------------------------------------------
10:44:57,175 [main] DEBUG org.activiti.engine.impl.interceptor.CommandContextInterceptor  - Valid context found. Reusing it for the current command &apos;null&apos;
10:44:57,175 [main] DEBUG org.activiti.engine.impl.interceptor.LogInterceptor  - ---  finished --------------------------------------------------------
10:44:57,175 [main] DEBUG org.activiti.engine.impl.interceptor.LogInterceptor  - 

10:44:57,175 [main] DEBUG org.activiti.engine.impl.interceptor.LogInterceptor  - --- GetProcessDefinitionInfoCmd finished --------------------------------------------------------
10:44:57,175 [main] DEBUG org.activiti.engine.impl.interceptor.LogInterceptor  - 

10:44:57,175 [main] DEBUG org.activiti.engine.impl.db.DbSqlSession  -   insert ResourceEntity[id=1637, name=org/activiti/engine/test/api/mgmt/timerOnTask.bpmn20.xml]
10:44:57,175 [main] DEBUG org.activiti.engine.impl.db.DbSqlSession  -   insert DeploymentEntity[id=1636, name=null]
10:44:57,175 [main] DEBUG org.activiti.engine.impl.db.DbSqlSession  -   insert ProcessDefinitionEntity[timerOnTask:1:1638]
10:44:57,175 [main] DEBUG org.activiti.engine.impl.db.DbSqlSession  - flush summary: 3 insert, 0 update, 0 delete.
10:44:57,175 [main] DEBUG org.activiti.engine.impl.db.DbSqlSession  - now executing flush...
10:44:57,175 [main] DEBUG org.activiti.engine.impl.db.DbSqlSession  - inserting: ProcessDefinitionEntity[timerOnTask:1:1638]
10:44:57,175 [main] DEBUG org.activiti.engine.impl.persistence.entity.ProcessDefinitionEntity.insertProcessDefinition  - ==&gt;  Preparing: insert into ACT_RE_PROCDEF(ID_, REV_, CATEGORY_, NAME_, KEY_, VERSION_, DEPLOYMENT_ID_, RESOURCE_NAME_, DGRM_RESOURCE_NAME_, DESCRIPTION_, HAS_START_FORM_KEY_, HAS_GRAPHICAL_NOTATION_ , SUSPENSION_STATE_, TENANT_ID_) values (?, 1, ?, ?, ?, ?, ?, ?, ?, ?, ?, ?, ?, ?) 
10:44:57,175 [main] DEBUG org.activiti.engine.impl.persistence.entity.ProcessDefinitionEntity.insertProcessDefinition  - ==&gt; Parameters: timerOnTask:1:1638(String), org.activiti.enginge.test.api.mgmt(String), null, timerOnTask(String), 1(Integer), 1636(String), org/activiti/engine/test/api/mgmt/timerOnTask.bpmn20.xml(String), null, null, false(Boolean), false(Boolean), 1(Integer), (String)
10:44:57,176 [main] DEBUG org.activiti.engine.impl.persistence.entity.ProcessDefinitionEntity.insertProcessDefinition  - &lt;==    Updates: 1
10:44:57,176 [main] DEBUG org.activiti.engine.impl.db.DbSqlSession  - inserting: DeploymentEntity[id=1636, name=null]
10:44:57,176 [main] DEBUG org.activiti.engine.impl.persistence.entity.DeploymentEntity.insertDeployment  - ==&gt;  Preparing: insert into ACT_RE_DEPLOYMENT(ID_, NAME_, CATEGORY_, TENANT_ID_, DEPLOY_TIME_) values(?, ?, ?, ?, ?) 
10:44:57,176 [main] DEBUG org.activiti.engine.impl.persistence.entity.DeploymentEntity.insertDeployment  - ==&gt; Parameters: 1636(String), null, null, (String), 2023-03-20 12:44:57.0(Timestamp)
10:44:57,176 [main] DEBUG org.activiti.engine.impl.persistence.entity.DeploymentEntity.insertDeployment  - &lt;==    Updates: 1
10:44:57,176 [main] DEBUG org.activiti.engine.impl.db.DbSqlSession  - inserting: ResourceEntity[id=1637, name=org/activiti/engine/test/api/mgmt/timerOnTask.bpmn20.xml]
10:44:57,176 [main] DEBUG org.activiti.engine.impl.persistence.entity.ResourceEntity.insertResource  - ==&gt;  Preparing: insert into ACT_GE_BYTEARRAY(ID_, REV_, NAME_, BYTES_, DEPLOYMENT_ID_, GENERATED_) values (?, 1, ?, ?, ?, ?) 
10:44:57,176 [main] DEBUG org.activiti.engine.impl.persistence.entity.ResourceEntity.insertResource  - ==&gt; Parameters: 1637(String), org/activiti/engine/test/api/mgmt/timerOnTask.bpmn20.xml(String), java.io.ByteArrayInputStream@4eaf7902(ByteArrayInputStream), 1636(String), false(Boolean)
10:44:57,176 [main] DEBUG org.activiti.engine.impl.persistence.entity.ResourceEntity.insertResource  - &lt;==    Updates: 1
10:44:57,176 [main] DEBUG org.activiti.engine.impl.cfg.standalone.StandaloneMybatisTransactionContext  - firing event committing...
10:44:57,176 [main] DEBUG org.activiti.engine.impl.cfg.standalone.StandaloneMybatisTransactionContext  - committing the ibatis sql session...
10:44:57,176 [main] DEBUG org.apache.ibatis.transaction.jdbc.JdbcTransaction  - Committing JDBC Connection [conn4: url=jdbc:h2:mem:activiti user=SA]
10:44:57,176 [main] DEBUG org.activiti.engine.impl.cfg.standalone.StandaloneMybatisTransactionContext  - firing event committed...
10:44:57,176 [main] DEBUG org.apache.ibatis.transaction.jdbc.JdbcTransaction  - Resetting autocommit to true on JDBC Connection [conn4: url=jdbc:h2:mem:activiti user=SA]
10:44:57,176 [main] DEBUG org.apache.ibatis.transaction.jdbc.JdbcTransaction  - Closing JDBC Connection [conn4: url=jdbc:h2:mem:activiti user=SA]
10:44:57,176 [main] DEBUG org.apache.ibatis.datasource.pooled.PooledDataSource  - Returned connection 297240765 to pool.
10:44:57,176 [main] DEBUG org.activiti.engine.impl.interceptor.LogInterceptor  - --- DeployCmd finished --------------------------------------------------------
10:44:57,176 [main] DEBUG org.activiti.engine.impl.interceptor.LogInterceptor  - 

10:44:57,176 [main] DEBUG org.activiti.engine.impl.interceptor.LogInterceptor  - 

10:44:57,176 [main] DEBUG org.activiti.engine.impl.interceptor.LogInterceptor  - --- starting StartProcessInstanceCmd --------------------------------------------------------
10:44:57,176 [main] DEBUG org.apache.ibatis.transaction.jdbc.JdbcTransaction  - Opening JDBC Connection
10:44:57,176 [main] DEBUG org.apache.ibatis.datasource.pooled.PooledDataSource  - Checked out connection 363509958 from pool.
10:44:57,176 [main] DEBUG org.apache.ibatis.transaction.jdbc.JdbcTransaction  - Setting autocommit to false on JDBC Connection [conn2: url=jdbc:h2:mem:activiti user=SA]
10:44:57,176 [main] DEBUG org.activiti.engine.impl.persistence.entity.ProcessDefinitionEntity.selectLatestProcessDefinitionByKey  - ==&gt;  Preparing: select * from ACT_RE_PROCDEF where KEY_ = ? and (TENANT_ID_ = &apos;&apos; or TENANT_ID_ is null) and VERSION_ = (select max(VERSION_) from ACT_RE_PROCDEF where KEY_ = ? and (TENANT_ID_ = &apos;&apos; or TENANT_ID_ is null)) 
10:44:57,176 [main] DEBUG org.activiti.engine.impl.persistence.entity.ProcessDefinitionEntity.selectLatestProcessDefinitionByKey  - ==&gt; Parameters: timerOnTask(String), timerOnTask(String)
10:44:57,176 [main] DEBUG org.activiti.engine.impl.persistence.entity.ProcessDefinitionEntity.selectLatestProcessDefinitionByKey  - &lt;==      Total: 1
10:44:57,176 [main] DEBUG org.activiti.engine.impl.persistence.entity.ExecutionEntity  - initializing ProcessInstance[1639]
10:44:57,176 [main] DEBUG org.activiti.engine.impl.history.DefaultHistoryManager  - Current history level: FULL, level required: ACTIVITY
10:44:57,176 [main] DEBUG org.activiti.engine.impl.pvm.runtime.AtomicOperationActivityExecute  - ProcessInstance[1639] executes Activity(theStart): org.activiti.engine.impl.bpmn.behavior.NoneStartEventActivityBehavior
10:44:57,176 [main] DEBUG org.activiti.engine.impl.persistence.entity.JobEntity.selectJobsByExecutionId  - ==&gt;  Preparing: select * from ACT_RU_JOB J where J.EXECUTION_ID_ = ? 
10:44:57,176 [main] DEBUG org.activiti.engine.impl.persistence.entity.JobEntity.selectJobsByExecutionId  - ==&gt; Parameters: 1639(String)
10:44:57,176 [main] DEBUG org.activiti.engine.impl.persistence.entity.JobEntity.selectJobsByExecutionId  - &lt;==      Total: 0
10:44:57,176 [main] DEBUG org.activiti.engine.impl.bpmn.behavior.BpmnActivityBehavior  - Leaving activity &apos;theStart&apos;
10:44:57,176 [main] DEBUG org.activiti.engine.impl.history.DefaultHistoryManager  - Current history level: FULL, level required: ACTIVITY
10:44:57,176 [main] DEBUG org.activiti.engine.impl.pvm.runtime.AtomicOperationTransitionNotifyListenerTake  - ProcessInstance[1639] takes transition (theStart)--flow1--&gt;(firstLineSupport)
10:44:57,176 [main] DEBUG org.activiti.engine.impl.persistence.entity.ExecutionEntity  - Child execution ScopeExecution[1641] created with parent 
10:44:57,176 [main] DEBUG org.activiti.engine.impl.pvm.runtime.AtomicOperationTransitionCreateScope  - create scope: parent ProcessInstance[1639] continues as execution ScopeExecution[1641]
10:44:57,176 [main] DEBUG org.activiti.engine.impl.persistence.entity.ExecutionEntity  - initializing ScopeExecution[1641]
10:44:57,177 [main] DEBUG org.activiti.engine.impl.persistence.entity.JobEntity.selectJobsByExecutionId  - ==&gt;  Preparing: select * from ACT_RU_JOB J where J.EXECUTION_ID_ = ? 
10:44:57,177 [main] DEBUG org.activiti.engine.impl.persistence.entity.JobEntity.selectJobsByExecutionId  - ==&gt; Parameters: 1641(String)
10:44:57,177 [main] DEBUG org.activiti.engine.impl.persistence.entity.JobEntity.selectJobsByExecutionId  - &lt;==      Total: 0
10:44:57,177 [main] DEBUG org.activiti.engine.impl.history.DefaultHistoryManager  - Current history level: FULL, level required: ACTIVITY
10:44:57,177 [main] DEBUG org.activiti.engine.impl.pvm.runtime.AtomicOperationActivityExecute  - ScopeExecution[1641] executes Activity(firstLineSupport): org.activiti.engine.impl.bpmn.behavior.UserTaskActivityBehavior
10:44:57,177 [main] DEBUG org.activiti.engine.impl.persistence.entity.TaskEntity.selectTasksByExecutionId  - ==&gt;  Preparing: select distinct T.* from ACT_RU_TASK T where T.EXECUTION_ID_ = ? 
10:44:57,177 [main] DEBUG org.activiti.engine.impl.persistence.entity.TaskEntity.selectTasksByExecutionId  - ==&gt; Parameters: 1641(String)
10:44:57,177 [main] DEBUG org.activiti.engine.impl.persistence.entity.TaskEntity.selectTasksByExecutionId  - &lt;==      Total: 0
10:44:57,177 [main] DEBUG org.activiti.engine.impl.history.DefaultHistoryManager  - Current history level: FULL, level required: AUDIT
10:44:57,177 [main] DEBUG org.activiti.engine.impl.history.DefaultHistoryManager  - Current history level: FULL, level required: AUDIT
10:44:57,177 [main] DEBUG org.activiti.engine.impl.interceptor.LogInterceptor  - 

10:44:57,177 [main] DEBUG org.activiti.engine.impl.interceptor.LogInterceptor  - --- starting  --------------------------------------------------------
10:44:57,177 [main] DEBUG org.activiti.engine.impl.interceptor.CommandContextInterceptor  - Valid context found. Reusing it for the current command &apos;null&apos;
10:44:57,177 [main] DEBUG org.activiti.engine.impl.persistence.entity.ProcessDefinitionInfoEntity.selectProcessDefinitionInfoByProcessDefinitionId  - ==&gt;  Preparing: select * from ACT_PROCDEF_INFO where PROC_DEF_ID_ = ? 
10:44:57,177 [main] DEBUG org.activiti.engine.impl.persistence.entity.ProcessDefinitionInfoEntity.selectProcessDefinitionInfoByProcessDefinitionId  - ==&gt; Parameters: timerOnTask:1:1638(String)
10:44:57,177 [main] DEBUG org.activiti.engine.impl.persistence.entity.ProcessDefinitionInfoEntity.selectProcessDefinitionInfoByProcessDefinitionId  - &lt;==      Total: 0
10:44:57,177 [main] DEBUG org.activiti.engine.impl.interceptor.LogInterceptor  - ---  finished --------------------------------------------------------
10:44:57,177 [main] DEBUG org.activiti.engine.impl.interceptor.LogInterceptor  - 

10:44:57,177 [main] DEBUG org.activiti.engine.impl.history.DefaultHistoryManager  - Current history level: FULL, level required: AUDIT
10:44:57,177 [main] DEBUG org.activiti.engine.impl.history.DefaultHistoryManager  - Current history level: FULL, level required: AUDIT
10:44:57,177 [main] DEBUG org.activiti.engine.impl.history.DefaultHistoryManager  - Current history level: FULL, level required: ACTIVITY
10:44:57,177 [main] DEBUG org.activiti.engine.impl.db.DbSqlSession  -   insert ProcessInstance[1639]
10:44:57,177 [main] DEBUG org.activiti.engine.impl.db.DbSqlSession  -   insert ScopeExecution[1641]
10:44:57,177 [main] DEBUG org.activiti.engine.impl.db.DbSqlSession  -   insert HistoricProcessInstanceEntity[superProcessInstanceId=null]
10:44:57,177 [main] DEBUG org.activiti.engine.impl.db.DbSqlSession  -   insert Task[id=1644, name=First line support]
10:44:57,177 [main] DEBUG org.activiti.engine.impl.db.DbSqlSession  -   insert HistoricTaskInstanceEntity[id=1644, name=First line support]
10:44:57,177 [main] DEBUG org.activiti.engine.impl.db.DbSqlSession  -   insert HistoricActivityInstanceEntity[activityId=theStart, activityName=null]
10:44:57,177 [main] DEBUG org.activiti.engine.impl.db.DbSqlSession  -   insert HistoricActivityInstanceEntity[activityId=firstLineSupport, activityName=First line support]
10:44:57,177 [main] DEBUG org.activiti.engine.impl.db.DbSqlSession  -   insert JobEntity [id=1642]
10:44:57,177 [main] DEBUG org.activiti.engine.impl.db.DbSqlSession  - flush summary: 8 insert, 0 update, 0 delete.
10:44:57,177 [main] DEBUG org.activiti.engine.impl.db.DbSqlSession  - now executing flush...
10:44:57,177 [main] DEBUG org.activiti.engine.impl.db.DbSqlSession  - inserting: HistoricTaskInstanceEntity[id=1644, name=First line support]
10:44:57,177 [main] DEBUG org.activiti.engine.impl.persistence.entity.HistoricTaskInstanceEntity.insertHistoricTaskInstance  - ==&gt;  Preparing: insert into ACT_HI_TASKINST ( ID_, PROC_DEF_ID_, PROC_INST_ID_, EXECUTION_ID_, NAME_, PARENT_TASK_ID_, DESCRIPTION_, OWNER_, ASSIGNEE_, START_TIME_, CLAIM_TIME_, END_TIME_, DURATION_, DELETE_REASON_, TASK_DEF_KEY_, FORM_KEY_, PRIORITY_, DUE_DATE_, CATEGORY_, TENANT_ID_ ) values ( ?, ?, ?, ?, ?, ?, ?, ?, ?, ?, ?, ?, ?, ?, ?, ?, ?, ?, ?, ? ) 
10:44:57,177 [main] DEBUG org.activiti.engine.impl.persistence.entity.HistoricTaskInstanceEntity.insertHistoricTaskInstance  - ==&gt; Parameters: 1644(String), timerOnTask:1:1638(String), 1639(String), 1641(String), First line support(String), null, null, null, null, 2023-03-20 10:44:57.0(Timestamp), null, null, null, null, firstLineSupport(String), null, 50(Integer), null, null, (String)
10:44:57,177 [main] DEBUG org.activiti.engine.impl.persistence.entity.HistoricTaskInstanceEntity.insertHistoricTaskInstance  - &lt;==    Updates: 1
10:44:57,177 [main] DEBUG org.activiti.engine.impl.db.DbSqlSession  - inserting: HistoricProcessInstanceEntity[superProcessInstanceId=null]
10:44:57,177 [main] DEBUG org.activiti.engine.impl.persistence.entity.HistoricProcessInstanceEntity.insertHistoricProcessInstance  - ==&gt;  Preparing: insert into ACT_HI_PROCINST ( ID_, PROC_INST_ID_, BUSINESS_KEY_, PROC_DEF_ID_, START_TIME_, END_TIME_, DURATION_, START_USER_ID_, START_ACT_ID_, END_ACT_ID_, SUPER_PROCESS_INSTANCE_ID_, DELETE_REASON_, TENANT_ID_, NAME_ ) values ( ?, ?, ?, ?, ?, ?, ?, ?, ?, ?, ?, ?, ?, ? ) 
10:44:57,177 [main] DEBUG org.activiti.engine.impl.persistence.entity.HistoricProcessInstanceEntity.insertHistoricProcessInstance  - ==&gt; Parameters: 1639(String), 1639(String), null, timerOnTask:1:1638(String), 2023-03-20 10:44:57.0(Timestamp), null, null, null, theStart(String), null, null, null, (String), null
10:44:57,177 [main] DEBUG org.activiti.engine.impl.persistence.entity.HistoricProcessInstanceEntity.insertHistoricProcessInstance  - &lt;==    Updates: 1
10:44:57,177 [main] DEBUG org.activiti.engine.impl.persistence.entity.HistoricActivityInstanceEntity.bulkInsertHistoricActivityInstance  - ==&gt;  Preparing: insert into ACT_HI_ACTINST ( ID_, PROC_DEF_ID_, PROC_INST_ID_, EXECUTION_ID_, ACT_ID_, TASK_ID_, CALL_PROC_INST_ID_, ACT_NAME_, ACT_TYPE_, ASSIGNEE_, START_TIME_, END_TIME_, DURATION_, TENANT_ID_ ) values (?, ?, ?, ?, ?, ?, ?, ?, ?, ?, ?, ?, ?, ?) , (?, ?, ?, ?, ?, ?, ?, ?, ?, ?, ?, ?, ?, ?) 
10:44:57,177 [main] DEBUG org.activiti.engine.impl.persistence.entity.HistoricActivityInstanceEntity.bulkInsertHistoricActivityInstance  - ==&gt; Parameters: 1640(String), timerOnTask:1:1638(String), 1639(String), 1639(String), theStart(String), null, null, null, startEvent(String), null, 2023-03-20 10:44:57.0(Timestamp), 2023-03-20 10:44:57.0(Timestamp), 0(Long), (String), 1643(String), timerOnTask:1:1638(String), 1639(String), 1641(String), firstLineSupport(String), 1644(String), null, First line support(String), userTask(String), null, 2023-03-20 10:44:57.0(Timestamp), null, null, (String)
10:44:57,177 [main] DEBUG org.activiti.engine.impl.persistence.entity.HistoricActivityInstanceEntity.bulkInsertHistoricActivityInstance  - &lt;==    Updates: 2
10:44:57,177 [main] DEBUG org.activiti.engine.impl.persistence.entity.ExecutionEntity.bulkInsertExecution  - ==&gt;  Preparing: insert into ACT_RU_EXECUTION (ID_, REV_, PROC_INST_ID_, BUSINESS_KEY_, PROC_DEF_ID_, ACT_ID_, IS_ACTIVE_, IS_CONCURRENT_, IS_SCOPE_,IS_EVENT_SCOPE_, PARENT_ID_, SUPER_EXEC_, SUSPENSION_STATE_, CACHED_ENT_STATE_, TENANT_ID_, NAME_) values (?, 1, ?, ?, ?, ?, ?, ?, ?, ?, ?, ?, ?, ?, ?, ?) , (?, 1, ?, ?, ?, ?, ?, ?, ?, ?, ?, ?, ?, ?, ?, ?) 
10:44:57,178 [main] DEBUG org.activiti.engine.impl.persistence.entity.ExecutionEntity.bulkInsertExecution  - ==&gt; Parameters: 1639(String), 1639(String), null, timerOnTask:1:1638(String), null, false(Boolean), false(Boolean), true(Boolean), false(Boolean), null, null, 1(Integer), 2(Integer), (String), null, 1641(String), 1639(String), null, timerOnTask:1:1638(String), firstLineSupport(String), true(Boolean), false(Boolean), true(Boolean), false(Boolean), 1639(String), null, 1(Integer), 6(Integer), (String), null
10:44:57,178 [main] DEBUG org.activiti.engine.impl.persistence.entity.ExecutionEntity.bulkInsertExecution  - &lt;==    Updates: 2
10:44:57,178 [main] DEBUG org.activiti.engine.impl.db.DbSqlSession  - inserting: Task[id=1644, name=First line support]
10:44:57,178 [main] DEBUG org.activiti.engine.impl.persistence.entity.TaskEntity.insertTask  - ==&gt;  Preparing: insert into ACT_RU_TASK (ID_, REV_, NAME_, PARENT_TASK_ID_, DESCRIPTION_, PRIORITY_, CREATE_TIME_, OWNER_, ASSIGNEE_, DELEGATION_, EXECUTION_ID_, PROC_INST_ID_, PROC_DEF_ID_, TASK_DEF_KEY_, DUE_DATE_, CATEGORY_, SUSPENSION_STATE_, TENANT_ID_, FORM_KEY_) values (?, 1, ?, ?, ?, ?, ?, ?, ?, ?, ?, ?, ?, ?, ?, ?, ?, ?, ? ) 
10:44:57,178 [main] DEBUG org.activiti.engine.impl.persistence.entity.TaskEntity.insertTask  - ==&gt; Parameters: 1644(String), First line support(String), null, null, 50(Integer), 2023-03-20 10:44:57.0(Timestamp), null, null, null, 1641(String), 1639(String), timerOnTask:1:1638(String), firstLineSupport(String), null, null, 1(Integer), (String), null
10:44:57,178 [main] DEBUG org.activiti.engine.impl.persistence.entity.TaskEntity.insertTask  - &lt;==    Updates: 1
10:44:57,178 [main] DEBUG org.activiti.engine.impl.db.DbSqlSession  - inserting: JobEntity [id=1642]
10:44:57,178 [main] DEBUG org.activiti.engine.impl.persistence.entity.JobEntity.insertTimer  - ==&gt;  Preparing: insert into ACT_RU_JOB ( ID_, REV_, TYPE_, LOCK_OWNER_, LOCK_EXP_TIME_, EXCLUSIVE_, EXECUTION_ID_, PROCESS_INSTANCE_ID_, PROC_DEF_ID_, RETRIES_, EXCEPTION_STACK_ID_, EXCEPTION_MSG_, DUEDATE_, REPEAT_, HANDLER_TYPE_, HANDLER_CFG_, TENANT_ID_) values (?, 1, &apos;timer&apos;, ?, ?, ?, ?, ?, ?, ?, ?, ?, ?, ?, ?, ?, ? ) 
10:44:57,178 [main] DEBUG org.activiti.engine.impl.persistence.entity.JobEntity.insertTimer  - ==&gt; Parameters: 1642(String), null, null, true(Boolean), 1641(String), 1639(String), timerOnTask:1:1638(String), 3(Integer), null, null, 2023-03-20 11:44:57.0(Timestamp), null, timer-transition(String), {&quot;activityId&quot;:&quot;escalationTimer&quot;}(String), (String)
10:44:57,178 [main] DEBUG org.activiti.engine.impl.persistence.entity.JobEntity.insertTimer  - &lt;==    Updates: 1
10:44:57,178 [main] DEBUG org.activiti.engine.impl.cfg.standalone.StandaloneMybatisTransactionContext  - firing event committing...
10:44:57,178 [main] DEBUG org.activiti.engine.impl.cfg.standalone.StandaloneMybatisTransactionContext  - committing the ibatis sql session...
10:44:57,178 [main] DEBUG org.apache.ibatis.transaction.jdbc.JdbcTransaction  - Committing JDBC Connection [conn2: url=jdbc:h2:mem:activiti user=SA]
10:44:57,178 [main] DEBUG org.activiti.engine.impl.cfg.standalone.StandaloneMybatisTransactionContext  - firing event committed...
10:44:57,178 [main] DEBUG org.apache.ibatis.transaction.jdbc.JdbcTransaction  - Resetting autocommit to true on JDBC Connection [conn2: url=jdbc:h2:mem:activiti user=SA]
10:44:57,178 [main] DEBUG org.apache.ibatis.transaction.jdbc.JdbcTransaction  - Closing JDBC Connection [conn2: url=jdbc:h2:mem:activiti user=SA]
10:44:57,178 [main] DEBUG org.apache.ibatis.datasource.pooled.PooledDataSource  - Returned connection 363509958 to pool.
10:44:57,178 [main] DEBUG org.activiti.engine.impl.interceptor.LogInterceptor  - --- StartProcessInstanceCmd finished --------------------------------------------------------
10:44:57,178 [main] DEBUG org.activiti.engine.impl.interceptor.LogInterceptor  - 

10:44:57,178 [main] DEBUG org.activiti.engine.impl.interceptor.LogInterceptor  - 

10:44:57,178 [main] DEBUG org.activiti.engine.impl.interceptor.LogInterceptor  - --- starting StartProcessInstanceCmd --------------------------------------------------------
10:44:57,178 [main] DEBUG org.apache.ibatis.transaction.jdbc.JdbcTransaction  - Opening JDBC Connection
10:44:57,178 [main] DEBUG org.apache.ibatis.datasource.pooled.PooledDataSource  - Checked out connection 180014677 from pool.
10:44:57,178 [main] DEBUG org.apache.ibatis.transaction.jdbc.JdbcTransaction  - Setting autocommit to false on JDBC Connection [conn3: url=jdbc:h2:mem:activiti user=SA]
10:44:57,178 [main] DEBUG org.activiti.engine.impl.persistence.entity.ProcessDefinitionEntity.selectLatestProcessDefinitionByKey  - ==&gt;  Preparing: select * from ACT_RE_PROCDEF where KEY_ = ? and (TENANT_ID_ = &apos;&apos; or TENANT_ID_ is null) and VERSION_ = (select max(VERSION_) from ACT_RE_PROCDEF where KEY_ = ? and (TENANT_ID_ = &apos;&apos; or TENANT_ID_ is null)) 
10:44:57,178 [main] DEBUG org.activiti.engine.impl.persistence.entity.ProcessDefinitionEntity.selectLatestProcessDefinitionByKey  - ==&gt; Parameters: timerOnTask(String), timerOnTask(String)
10:44:57,178 [main] DEBUG org.activiti.engine.impl.persistence.entity.ProcessDefinitionEntity.selectLatestProcessDefinitionByKey  - &lt;==      Total: 1
10:44:57,178 [main] DEBUG org.activiti.engine.impl.persistence.entity.ExecutionEntity  - initializing ProcessInstance[1645]
10:44:57,178 [main] DEBUG org.activiti.engine.impl.history.DefaultHistoryManager  - Current history level: FULL, level required: ACTIVITY
10:44:57,178 [main] DEBUG org.activiti.engine.impl.pvm.runtime.AtomicOperationActivityExecute  - ProcessInstance[1645] executes Activity(theStart): org.activiti.engine.impl.bpmn.behavior.NoneStartEventActivityBehavior
10:44:57,178 [main] DEBUG org.activiti.engine.impl.persistence.entity.JobEntity.selectJobsByExecutionId  - ==&gt;  Preparing: select * from ACT_RU_JOB J where J.EXECUTION_ID_ = ? 
10:44:57,178 [main] DEBUG org.activiti.engine.impl.persistence.entity.JobEntity.selectJobsByExecutionId  - ==&gt; Parameters: 1645(String)
10:44:57,178 [main] DEBUG org.activiti.engine.impl.persistence.entity.JobEntity.selectJobsByExecutionId  - &lt;==      Total: 0
10:44:57,178 [main] DEBUG org.activiti.engine.impl.bpmn.behavior.BpmnActivityBehavior  - Leaving activity &apos;theStart&apos;
10:44:57,178 [main] DEBUG org.activiti.engine.impl.history.DefaultHistoryManager  - Current history level: FULL, level required: ACTIVITY
10:44:57,178 [main] DEBUG org.activiti.engine.impl.pvm.runtime.AtomicOperationTransitionNotifyListenerTake  - ProcessInstance[1645] takes transition (theStart)--flow1--&gt;(firstLineSupport)
10:44:57,178 [main] DEBUG org.activiti.engine.impl.persistence.entity.ExecutionEntity  - Child execution ScopeExecution[1647] created with parent 
10:44:57,178 [main] DEBUG org.activiti.engine.impl.pvm.runtime.AtomicOperationTransitionCreateScope  - create scope: parent ProcessInstance[1645] continues as execution ScopeExecution[1647]
10:44:57,178 [main] DEBUG org.activiti.engine.impl.persistence.entity.ExecutionEntity  - initializing ScopeExecution[1647]
10:44:57,179 [main] DEBUG org.activiti.engine.impl.persistence.entity.JobEntity.selectJobsByExecutionId  - ==&gt;  Preparing: select * from ACT_RU_JOB J where J.EXECUTION_ID_ = ? 
10:44:57,179 [main] DEBUG org.activiti.engine.impl.persistence.entity.JobEntity.selectJobsByExecutionId  - ==&gt; Parameters: 1647(String)
10:44:57,179 [main] DEBUG org.activiti.engine.impl.persistence.entity.JobEntity.selectJobsByExecutionId  - &lt;==      Total: 0
10:44:57,179 [main] DEBUG org.activiti.engine.impl.history.DefaultHistoryManager  - Current history level: FULL, level required: ACTIVITY
10:44:57,179 [main] DEBUG org.activiti.engine.impl.pvm.runtime.AtomicOperationActivityExecute  - ScopeExecution[1647] executes Activity(firstLineSupport): org.activiti.engine.impl.bpmn.behavior.UserTaskActivityBehavior
10:44:57,179 [main] DEBUG org.activiti.engine.impl.persistence.entity.TaskEntity.selectTasksByExecutionId  - ==&gt;  Preparing: select distinct T.* from ACT_RU_TASK T where T.EXECUTION_ID_ = ? 
10:44:57,179 [main] DEBUG org.activiti.engine.impl.persistence.entity.TaskEntity.selectTasksByExecutionId  - ==&gt; Parameters: 1647(String)
10:44:57,179 [main] DEBUG org.activiti.engine.impl.persistence.entity.TaskEntity.selectTasksByExecutionId  - &lt;==      Total: 0
10:44:57,179 [main] DEBUG org.activiti.engine.impl.history.DefaultHistoryManager  - Current history level: FULL, level required: AUDIT
10:44:57,179 [main] DEBUG org.activiti.engine.impl.history.DefaultHistoryManager  - Current history level: FULL, level required: AUDIT
10:44:57,179 [main] DEBUG org.activiti.engine.impl.interceptor.LogInterceptor  - 

10:44:57,179 [main] DEBUG org.activiti.engine.impl.interceptor.LogInterceptor  - --- starting  --------------------------------------------------------
10:44:57,179 [main] DEBUG org.activiti.engine.impl.interceptor.CommandContextInterceptor  - Valid context found. Reusing it for the current command &apos;null&apos;
10:44:57,179 [main] DEBUG org.activiti.engine.impl.persistence.entity.ProcessDefinitionInfoEntity.selectProcessDefinitionInfoByProcessDefinitionId  - ==&gt;  Preparing: select * from ACT_PROCDEF_INFO where PROC_DEF_ID_ = ? 
10:44:57,179 [main] DEBUG org.activiti.engine.impl.persistence.entity.ProcessDefinitionInfoEntity.selectProcessDefinitionInfoByProcessDefinitionId  - ==&gt; Parameters: timerOnTask:1:1638(String)
10:44:57,179 [main] DEBUG org.activiti.engine.impl.persistence.entity.ProcessDefinitionInfoEntity.selectProcessDefinitionInfoByProcessDefinitionId  - &lt;==      Total: 0
10:44:57,179 [main] DEBUG org.activiti.engine.impl.interceptor.LogInterceptor  - ---  finished --------------------------------------------------------
10:44:57,179 [main] DEBUG org.activiti.engine.impl.interceptor.LogInterceptor  - 

10:44:57,179 [main] DEBUG org.activiti.engine.impl.history.DefaultHistoryManager  - Current history level: FULL, level required: AUDIT
10:44:57,179 [main] DEBUG org.activiti.engine.impl.history.DefaultHistoryManager  - Current history level: FULL, level required: AUDIT
10:44:57,179 [main] DEBUG org.activiti.engine.impl.history.DefaultHistoryManager  - Current history level: FULL, level required: ACTIVITY
10:44:57,179 [main] DEBUG org.activiti.engine.impl.db.DbSqlSession  -   insert ProcessInstance[1645]
10:44:57,179 [main] DEBUG org.activiti.engine.impl.db.DbSqlSession  -   insert ScopeExecution[1647]
10:44:57,179 [main] DEBUG org.activiti.engine.impl.db.DbSqlSession  -   insert HistoricProcessInstanceEntity[superProcessInstanceId=null]
10:44:57,179 [main] DEBUG org.activiti.engine.impl.db.DbSqlSession  -   insert Task[id=1650, name=First line support]
10:44:57,179 [main] DEBUG org.activiti.engine.impl.db.DbSqlSession  -   insert HistoricTaskInstanceEntity[id=1650, name=First line support]
10:44:57,179 [main] DEBUG org.activiti.engine.impl.db.DbSqlSession  -   insert HistoricActivityInstanceEntity[activityId=theStart, activityName=null]
10:44:57,179 [main] DEBUG org.activiti.engine.impl.db.DbSqlSession  -   insert HistoricActivityInstanceEntity[activityId=firstLineSupport, activityName=First line support]
10:44:57,179 [main] DEBUG org.activiti.engine.impl.db.DbSqlSession  -   insert JobEntity [id=1648]
10:44:57,179 [main] DEBUG org.activiti.engine.impl.db.DbSqlSession  - flush summary: 8 insert, 0 update, 0 delete.
10:44:57,179 [main] DEBUG org.activiti.engine.impl.db.DbSqlSession  - now executing flush...
10:44:57,179 [main] DEBUG org.activiti.engine.impl.db.DbSqlSession  - inserting: HistoricTaskInstanceEntity[id=1650, name=First line support]
10:44:57,179 [main] DEBUG org.activiti.engine.impl.persistence.entity.HistoricTaskInstanceEntity.insertHistoricTaskInstance  - ==&gt;  Preparing: insert into ACT_HI_TASKINST ( ID_, PROC_DEF_ID_, PROC_INST_ID_, EXECUTION_ID_, NAME_, PARENT_TASK_ID_, DESCRIPTION_, OWNER_, ASSIGNEE_, START_TIME_, CLAIM_TIME_, END_TIME_, DURATION_, DELETE_REASON_, TASK_DEF_KEY_, FORM_KEY_, PRIORITY_, DUE_DATE_, CATEGORY_, TENANT_ID_ ) values ( ?, ?, ?, ?, ?, ?, ?, ?, ?, ?, ?, ?, ?, ?, ?, ?, ?, ?, ?, ? ) 
10:44:57,179 [main] DEBUG org.activiti.engine.impl.persistence.entity.HistoricTaskInstanceEntity.insertHistoricTaskInstance  - ==&gt; Parameters: 1650(String), timerOnTask:1:1638(String), 1645(String), 1647(String), First line support(String), null, null, null, null, 2023-03-20 11:44:57.0(Timestamp), null, null, null, null, firstLineSupport(String), null, 50(Integer), null, null, (String)
10:44:57,179 [main] DEBUG org.activiti.engine.impl.persistence.entity.HistoricTaskInstanceEntity.insertHistoricTaskInstance  - &lt;==    Updates: 1
10:44:57,179 [main] DEBUG org.activiti.engine.impl.db.DbSqlSession  - inserting: HistoricProcessInstanceEntity[superProcessInstanceId=null]
10:44:57,179 [main] DEBUG org.activiti.engine.impl.persistence.entity.HistoricProcessInstanceEntity.insertHistoricProcessInstance  - ==&gt;  Preparing: insert into ACT_HI_PROCINST ( ID_, PROC_INST_ID_, BUSINESS_KEY_, PROC_DEF_ID_, START_TIME_, END_TIME_, DURATION_, START_USER_ID_, START_ACT_ID_, END_ACT_ID_, SUPER_PROCESS_INSTANCE_ID_, DELETE_REASON_, TENANT_ID_, NAME_ ) values ( ?, ?, ?, ?, ?, ?, ?, ?, ?, ?, ?, ?, ?, ? ) 
10:44:57,179 [main] DEBUG org.activiti.engine.impl.persistence.entity.HistoricProcessInstanceEntity.insertHistoricProcessInstance  - ==&gt; Parameters: 1645(String), 1645(String), null, timerOnTask:1:1638(String), 2023-03-20 11:44:57.0(Timestamp), null, null, null, theStart(String), null, null, null, (String), null
10:44:57,179 [main] DEBUG org.activiti.engine.impl.persistence.entity.HistoricProcessInstanceEntity.insertHistoricProcessInstance  - &lt;==    Updates: 1
10:44:57,179 [main] DEBUG org.activiti.engine.impl.persistence.entity.HistoricActivityInstanceEntity.bulkInsertHistoricActivityInstance  - ==&gt;  Preparing: insert into ACT_HI_ACTINST ( ID_, PROC_DEF_ID_, PROC_INST_ID_, EXECUTION_ID_, ACT_ID_, TASK_ID_, CALL_PROC_INST_ID_, ACT_NAME_, ACT_TYPE_, ASSIGNEE_, START_TIME_, END_TIME_, DURATION_, TENANT_ID_ ) values (?, ?, ?, ?, ?, ?, ?, ?, ?, ?, ?, ?, ?, ?) , (?, ?, ?, ?, ?, ?, ?, ?, ?, ?, ?, ?, ?, ?) 
10:44:57,179 [main] DEBUG org.activiti.engine.impl.persistence.entity.HistoricActivityInstanceEntity.bulkInsertHistoricActivityInstance  - ==&gt; Parameters: 1646(String), timerOnTask:1:1638(String), 1645(String), 1645(String), theStart(String), null, null, null, startEvent(String), null, 2023-03-20 11:44:57.0(Timestamp), 2023-03-20 11:44:57.0(Timestamp), 0(Long), (String), 1649(String), timerOnTask:1:1638(String), 1645(String), 1647(String), firstLineSupport(String), 1650(String), null, First line support(String), userTask(String), null, 2023-03-20 11:44:57.0(Timestamp), null, null, (String)
10:44:57,179 [main] DEBUG org.activiti.engine.impl.persistence.entity.HistoricActivityInstanceEntity.bulkInsertHistoricActivityInstance  - &lt;==    Updates: 2
10:44:57,179 [main] DEBUG org.activiti.engine.impl.persistence.entity.ExecutionEntity.bulkInsertExecution  - ==&gt;  Preparing: insert into ACT_RU_EXECUTION (ID_, REV_, PROC_INST_ID_, BUSINESS_KEY_, PROC_DEF_ID_, ACT_ID_, IS_ACTIVE_, IS_CONCURRENT_, IS_SCOPE_,IS_EVENT_SCOPE_, PARENT_ID_, SUPER_EXEC_, SUSPENSION_STATE_, CACHED_ENT_STATE_, TENANT_ID_, NAME_) values (?, 1, ?, ?, ?, ?, ?, ?, ?, ?, ?, ?, ?, ?, ?, ?) , (?, 1, ?, ?, ?, ?, ?, ?, ?, ?, ?, ?, ?, ?, ?, ?) 
10:44:57,180 [main] DEBUG org.activiti.engine.impl.persistence.entity.ExecutionEntity.bulkInsertExecution  - ==&gt; Parameters: 1645(String), 1645(String), null, timerOnTask:1:1638(String), null, false(Boolean), false(Boolean), true(Boolean), false(Boolean), null, null, 1(Integer), 2(Integer), (String), null, 1647(String), 1645(String), null, timerOnTask:1:1638(String), firstLineSupport(String), true(Boolean), false(Boolean), true(Boolean), false(Boolean), 1645(String), null, 1(Integer), 6(Integer), (String), null
10:44:57,180 [main] DEBUG org.activiti.engine.impl.persistence.entity.ExecutionEntity.bulkInsertExecution  - &lt;==    Updates: 2
10:44:57,180 [main] DEBUG org.activiti.engine.impl.db.DbSqlSession  - inserting: Task[id=1650, name=First line support]
10:44:57,180 [main] DEBUG org.activiti.engine.impl.persistence.entity.TaskEntity.insertTask  - ==&gt;  Preparing: insert into ACT_RU_TASK (ID_, REV_, NAME_, PARENT_TASK_ID_, DESCRIPTION_, PRIORITY_, CREATE_TIME_, OWNER_, ASSIGNEE_, DELEGATION_, EXECUTION_ID_, PROC_INST_ID_, PROC_DEF_ID_, TASK_DEF_KEY_, DUE_DATE_, CATEGORY_, SUSPENSION_STATE_, TENANT_ID_, FORM_KEY_) values (?, 1, ?, ?, ?, ?, ?, ?, ?, ?, ?, ?, ?, ?, ?, ?, ?, ?, ? ) 
10:44:57,180 [main] DEBUG org.activiti.engine.impl.persistence.entity.TaskEntity.insertTask  - ==&gt; Parameters: 1650(String), First line support(String), null, null, 50(Integer), 2023-03-20 11:44:57.0(Timestamp), null, null, null, 1647(String), 1645(String), timerOnTask:1:1638(String), firstLineSupport(String), null, null, 1(Integer), (String), null
10:44:57,180 [main] DEBUG org.activiti.engine.impl.persistence.entity.TaskEntity.insertTask  - &lt;==    Updates: 1
10:44:57,180 [main] DEBUG org.activiti.engine.impl.db.DbSqlSession  - inserting: JobEntity [id=1648]
10:44:57,180 [main] DEBUG org.activiti.engine.impl.persistence.entity.JobEntity.insertTimer  - ==&gt;  Preparing: insert into ACT_RU_JOB ( ID_, REV_, TYPE_, LOCK_OWNER_, LOCK_EXP_TIME_, EXCLUSIVE_, EXECUTION_ID_, PROCESS_INSTANCE_ID_, PROC_DEF_ID_, RETRIES_, EXCEPTION_STACK_ID_, EXCEPTION_MSG_, DUEDATE_, REPEAT_, HANDLER_TYPE_, HANDLER_CFG_, TENANT_ID_) values (?, 1, &apos;timer&apos;, ?, ?, ?, ?, ?, ?, ?, ?, ?, ?, ?, ?, ?, ? ) 
10:44:57,180 [main] DEBUG org.activiti.engine.impl.persistence.entity.JobEntity.insertTimer  - ==&gt; Parameters: 1648(String), null, null, true(Boolean), 1647(String), 1645(String), timerOnTask:1:1638(String), 3(Integer), null, null, 2023-03-20 12:44:57.0(Timestamp), null, timer-transition(String), {&quot;activityId&quot;:&quot;escalationTimer&quot;}(String), (String)
10:44:57,180 [main] DEBUG org.activiti.engine.impl.persistence.entity.JobEntity.insertTimer  - &lt;==    Updates: 1
10:44:57,180 [main] DEBUG org.activiti.engine.impl.cfg.standalone.StandaloneMybatisTransactionContext  - firing event committing...
10:44:57,180 [main] DEBUG org.activiti.engine.impl.cfg.standalone.StandaloneMybatisTransactionContext  - committing the ibatis sql session...
10:44:57,180 [main] DEBUG org.apache.ibatis.transaction.jdbc.JdbcTransaction  - Committing JDBC Connection [conn3: url=jdbc:h2:mem:activiti user=SA]
10:44:57,180 [main] DEBUG org.activiti.engine.impl.cfg.standalone.StandaloneMybatisTransactionContext  - firing event committed...
10:44:57,180 [main] DEBUG org.apache.ibatis.transaction.jdbc.JdbcTransaction  - Resetting autocommit to true on JDBC Connection [conn3: url=jdbc:h2:mem:activiti user=SA]
10:44:57,180 [main] DEBUG org.apache.ibatis.transaction.jdbc.JdbcTransaction  - Closing JDBC Connection [conn3: url=jdbc:h2:mem:activiti user=SA]
10:44:57,180 [main] DEBUG org.apache.ibatis.datasource.pooled.PooledDataSource  - Returned connection 180014677 to pool.
10:44:57,180 [main] DEBUG org.activiti.engine.impl.interceptor.LogInterceptor  - --- StartProcessInstanceCmd finished --------------------------------------------------------
10:44:57,180 [main] DEBUG org.activiti.engine.impl.interceptor.LogInterceptor  - 

10:44:57,180 [main] DEBUG org.activiti.engine.impl.interceptor.LogInterceptor  - 

10:44:57,180 [main] DEBUG org.activiti.engine.impl.interceptor.LogInterceptor  - --- starting StartProcessInstanceCmd --------------------------------------------------------
10:44:57,180 [main] DEBUG org.apache.ibatis.transaction.jdbc.JdbcTransaction  - Opening JDBC Connection
10:44:57,180 [main] DEBUG org.apache.ibatis.datasource.pooled.PooledDataSource  - Checked out connection 297240765 from pool.
10:44:57,180 [main] DEBUG org.apache.ibatis.transaction.jdbc.JdbcTransaction  - Setting autocommit to false on JDBC Connection [conn4: url=jdbc:h2:mem:activiti user=SA]
10:44:57,180 [main] DEBUG org.activiti.engine.impl.persistence.entity.ProcessDefinitionEntity.selectLatestProcessDefinitionByKey  - ==&gt;  Preparing: select * from ACT_RE_PROCDEF where KEY_ = ? and (TENANT_ID_ = &apos;&apos; or TENANT_ID_ is null) and VERSION_ = (select max(VERSION_) from ACT_RE_PROCDEF where KEY_ = ? and (TENANT_ID_ = &apos;&apos; or TENANT_ID_ is null)) 
10:44:57,180 [main] DEBUG org.activiti.engine.impl.persistence.entity.ProcessDefinitionEntity.selectLatestProcessDefinitionByKey  - ==&gt; Parameters: timerOnTask(String), timerOnTask(String)
10:44:57,180 [main] DEBUG org.activiti.engine.impl.persistence.entity.ProcessDefinitionEntity.selectLatestProcessDefinitionByKey  - &lt;==      Total: 1
10:44:57,180 [main] DEBUG org.activiti.engine.impl.persistence.entity.ExecutionEntity  - initializing ProcessInstance[1651]
10:44:57,180 [main] DEBUG org.activiti.engine.impl.history.DefaultHistoryManager  - Current history level: FULL, level required: ACTIVITY
10:44:57,180 [main] DEBUG org.activiti.engine.impl.pvm.runtime.AtomicOperationActivityExecute  - ProcessInstance[1651] executes Activity(theStart): org.activiti.engine.impl.bpmn.behavior.NoneStartEventActivityBehavior
10:44:57,180 [main] DEBUG org.activiti.engine.impl.persistence.entity.JobEntity.selectJobsByExecutionId  - ==&gt;  Preparing: select * from ACT_RU_JOB J where J.EXECUTION_ID_ = ? 
10:44:57,180 [main] DEBUG org.activiti.engine.impl.persistence.entity.JobEntity.selectJobsByExecutionId  - ==&gt; Parameters: 1651(String)
10:44:57,180 [main] DEBUG org.activiti.engine.impl.persistence.entity.JobEntity.selectJobsByExecutionId  - &lt;==      Total: 0
10:44:57,180 [main] DEBUG org.activiti.engine.impl.bpmn.behavior.BpmnActivityBehavior  - Leaving activity &apos;theStart&apos;
10:44:57,180 [main] DEBUG org.activiti.engine.impl.history.DefaultHistoryManager  - Current history level: FULL, level required: ACTIVITY
10:44:57,180 [main] DEBUG org.activiti.engine.impl.pvm.runtime.AtomicOperationTransitionNotifyListenerTake  - ProcessInstance[1651] takes transition (theStart)--flow1--&gt;(firstLineSupport)
10:44:57,180 [main] DEBUG org.activiti.engine.impl.persistence.entity.ExecutionEntity  - Child execution ScopeExecution[1653] created with parent 
10:44:57,180 [main] DEBUG org.activiti.engine.impl.pvm.runtime.AtomicOperationTransitionCreateScope  - create scope: parent ProcessInstance[1651] continues as execution ScopeExecution[1653]
10:44:57,180 [main] DEBUG org.activiti.engine.impl.persistence.entity.ExecutionEntity  - initializing ScopeExecution[1653]
10:44:57,180 [main] DEBUG org.activiti.engine.impl.persistence.entity.JobEntity.selectJobsByExecutionId  - ==&gt;  Preparing: select * from ACT_RU_JOB J where J.EXECUTION_ID_ = ? 
10:44:57,180 [main] DEBUG org.activiti.engine.impl.persistence.entity.JobEntity.selectJobsByExecutionId  - ==&gt; Parameters: 1653(String)
10:44:57,180 [main] DEBUG org.activiti.engine.impl.persistence.entity.JobEntity.selectJobsByExecutionId  - &lt;==      Total: 0
10:44:57,180 [main] DEBUG org.activiti.engine.impl.history.DefaultHistoryManager  - Current history level: FULL, level required: ACTIVITY
10:44:57,180 [main] DEBUG org.activiti.engine.impl.pvm.runtime.AtomicOperationActivityExecute  - ScopeExecution[1653] executes Activity(firstLineSupport): org.activiti.engine.impl.bpmn.behavior.UserTaskActivityBehavior
10:44:57,180 [main] DEBUG org.activiti.engine.impl.persistence.entity.TaskEntity.selectTasksByExecutionId  - ==&gt;  Preparing: select distinct T.* from ACT_RU_TASK T where T.EXECUTION_ID_ = ? 
10:44:57,180 [main] DEBUG org.activiti.engine.impl.persistence.entity.TaskEntity.selectTasksByExecutionId  - ==&gt; Parameters: 1653(String)
10:44:57,180 [main] DEBUG org.activiti.engine.impl.persistence.entity.TaskEntity.selectTasksByExecutionId  - &lt;==      Total: 0
10:44:57,181 [main] DEBUG org.activiti.engine.impl.history.DefaultHistoryManager  - Current history level: FULL, level required: AUDIT
10:44:57,181 [main] DEBUG org.activiti.engine.impl.history.DefaultHistoryManager  - Current history level: FULL, level required: AUDIT
10:44:57,181 [main] DEBUG org.activiti.engine.impl.interceptor.LogInterceptor  - 

10:44:57,181 [main] DEBUG org.activiti.engine.impl.interceptor.LogInterceptor  - --- starting  --------------------------------------------------------
10:44:57,181 [main] DEBUG org.activiti.engine.impl.interceptor.CommandContextInterceptor  - Valid context found. Reusing it for the current command &apos;null&apos;
10:44:57,181 [main] DEBUG org.activiti.engine.impl.persistence.entity.ProcessDefinitionInfoEntity.selectProcessDefinitionInfoByProcessDefinitionId  - ==&gt;  Preparing: select * from ACT_PROCDEF_INFO where PROC_DEF_ID_ = ? 
10:44:57,181 [main] DEBUG org.activiti.engine.impl.persistence.entity.ProcessDefinitionInfoEntity.selectProcessDefinitionInfoByProcessDefinitionId  - ==&gt; Parameters: timerOnTask:1:1638(String)
10:44:57,181 [main] DEBUG org.activiti.engine.impl.persistence.entity.ProcessDefinitionInfoEntity.selectProcessDefinitionInfoByProcessDefinitionId  - &lt;==      Total: 0
10:44:57,181 [main] DEBUG org.activiti.engine.impl.interceptor.LogInterceptor  - ---  finished --------------------------------------------------------
10:44:57,181 [main] DEBUG org.activiti.engine.impl.interceptor.LogInterceptor  - 

10:44:57,181 [main] DEBUG org.activiti.engine.impl.history.DefaultHistoryManager  - Current history level: FULL, level required: AUDIT
10:44:57,181 [main] DEBUG org.activiti.engine.impl.history.DefaultHistoryManager  - Current history level: FULL, level required: AUDIT
10:44:57,181 [main] DEBUG org.activiti.engine.impl.history.DefaultHistoryManager  - Current history level: FULL, level required: ACTIVITY
10:44:57,181 [main] DEBUG org.activiti.engine.impl.db.DbSqlSession  -   insert ProcessInstance[1651]
10:44:57,181 [main] DEBUG org.activiti.engine.impl.db.DbSqlSession  -   insert ScopeExecution[1653]
10:44:57,181 [main] DEBUG org.activiti.engine.impl.db.DbSqlSession  -   insert HistoricProcessInstanceEntity[superProcessInstanceId=null]
10:44:57,181 [main] DEBUG org.activiti.engine.impl.db.DbSqlSession  -   insert Task[id=1656, name=First line support]
10:44:57,181 [main] DEBUG org.activiti.engine.impl.db.DbSqlSession  -   insert HistoricTaskInstanceEntity[id=1656, name=First line support]
10:44:57,181 [main] DEBUG org.activiti.engine.impl.db.DbSqlSession  -   insert HistoricActivityInstanceEntity[activityId=theStart, activityName=null]
10:44:57,181 [main] DEBUG org.activiti.engine.impl.db.DbSqlSession  -   insert HistoricActivityInstanceEntity[activityId=firstLineSupport, activityName=First line support]
10:44:57,181 [main] DEBUG org.activiti.engine.impl.db.DbSqlSession  -   insert JobEntity [id=1654]
10:44:57,181 [main] DEBUG org.activiti.engine.impl.db.DbSqlSession  - flush summary: 8 insert, 0 update, 0 delete.
10:44:57,181 [main] DEBUG org.activiti.engine.impl.db.DbSqlSession  - now executing flush...
10:44:57,181 [main] DEBUG org.activiti.engine.impl.db.DbSqlSession  - inserting: HistoricTaskInstanceEntity[id=1656, name=First line support]
10:44:57,181 [main] DEBUG org.activiti.engine.impl.persistence.entity.HistoricTaskInstanceEntity.insertHistoricTaskInstance  - ==&gt;  Preparing: insert into ACT_HI_TASKINST ( ID_, PROC_DEF_ID_, PROC_INST_ID_, EXECUTION_ID_, NAME_, PARENT_TASK_ID_, DESCRIPTION_, OWNER_, ASSIGNEE_, START_TIME_, CLAIM_TIME_, END_TIME_, DURATION_, DELETE_REASON_, TASK_DEF_KEY_, FORM_KEY_, PRIORITY_, DUE_DATE_, CATEGORY_, TENANT_ID_ ) values ( ?, ?, ?, ?, ?, ?, ?, ?, ?, ?, ?, ?, ?, ?, ?, ?, ?, ?, ?, ? ) 
10:44:57,181 [main] DEBUG org.activiti.engine.impl.persistence.entity.HistoricTaskInstanceEntity.insertHistoricTaskInstance  - ==&gt; Parameters: 1656(String), timerOnTask:1:1638(String), 1651(String), 1653(String), First line support(String), null, null, null, null, 2023-03-20 12:44:57.0(Timestamp), null, null, null, null, firstLineSupport(String), null, 50(Integer), null, null, (String)
10:44:57,181 [main] DEBUG org.activiti.engine.impl.persistence.entity.HistoricTaskInstanceEntity.insertHistoricTaskInstance  - &lt;==    Updates: 1
10:44:57,181 [main] DEBUG org.activiti.engine.impl.db.DbSqlSession  - inserting: HistoricProcessInstanceEntity[superProcessInstanceId=null]
10:44:57,181 [main] DEBUG org.activiti.engine.impl.persistence.entity.HistoricProcessInstanceEntity.insertHistoricProcessInstance  - ==&gt;  Preparing: insert into ACT_HI_PROCINST ( ID_, PROC_INST_ID_, BUSINESS_KEY_, PROC_DEF_ID_, START_TIME_, END_TIME_, DURATION_, START_USER_ID_, START_ACT_ID_, END_ACT_ID_, SUPER_PROCESS_INSTANCE_ID_, DELETE_REASON_, TENANT_ID_, NAME_ ) values ( ?, ?, ?, ?, ?, ?, ?, ?, ?, ?, ?, ?, ?, ? ) 
10:44:57,181 [main] DEBUG org.activiti.engine.impl.persistence.entity.HistoricProcessInstanceEntity.insertHistoricProcessInstance  - ==&gt; Parameters: 1651(String), 1651(String), null, timerOnTask:1:1638(String), 2023-03-20 12:44:57.0(Timestamp), null, null, null, theStart(String), null, null, null, (String), null
10:44:57,181 [main] DEBUG org.activiti.engine.impl.persistence.entity.HistoricProcessInstanceEntity.insertHistoricProcessInstance  - &lt;==    Updates: 1
10:44:57,181 [main] DEBUG org.activiti.engine.impl.persistence.entity.HistoricActivityInstanceEntity.bulkInsertHistoricActivityInstance  - ==&gt;  Preparing: insert into ACT_HI_ACTINST ( ID_, PROC_DEF_ID_, PROC_INST_ID_, EXECUTION_ID_, ACT_ID_, TASK_ID_, CALL_PROC_INST_ID_, ACT_NAME_, ACT_TYPE_, ASSIGNEE_, START_TIME_, END_TIME_, DURATION_, TENANT_ID_ ) values (?, ?, ?, ?, ?, ?, ?, ?, ?, ?, ?, ?, ?, ?) , (?, ?, ?, ?, ?, ?, ?, ?, ?, ?, ?, ?, ?, ?) 
10:44:57,181 [main] DEBUG org.activiti.engine.impl.persistence.entity.HistoricActivityInstanceEntity.bulkInsertHistoricActivityInstance  - ==&gt; Parameters: 1652(String), timerOnTask:1:1638(String), 1651(String), 1651(String), theStart(String), null, null, null, startEvent(String), null, 2023-03-20 12:44:57.0(Timestamp), 2023-03-20 12:44:57.0(Timestamp), 0(Long), (String), 1655(String), timerOnTask:1:1638(String), 1651(String), 1653(String), firstLineSupport(String), 1656(String), null, First line support(String), userTask(String), null, 2023-03-20 12:44:57.0(Timestamp), null, null, (String)
10:44:57,181 [main] DEBUG org.activiti.engine.impl.persistence.entity.HistoricActivityInstanceEntity.bulkInsertHistoricActivityInstance  - &lt;==    Updates: 2
10:44:57,181 [main] DEBUG org.activiti.engine.impl.persistence.entity.ExecutionEntity.bulkInsertExecution  - ==&gt;  Preparing: insert into ACT_RU_EXECUTION (ID_, REV_, PROC_INST_ID_, BUSINESS_KEY_, PROC_DEF_ID_, ACT_ID_, IS_ACTIVE_, IS_CONCURRENT_, IS_SCOPE_,IS_EVENT_SCOPE_, PARENT_ID_, SUPER_EXEC_, SUSPENSION_STATE_, CACHED_ENT_STATE_, TENANT_ID_, NAME_) values (?, 1, ?, ?, ?, ?, ?, ?, ?, ?, ?, ?, ?, ?, ?, ?) , (?, 1, ?, ?, ?, ?, ?, ?, ?, ?, ?, ?, ?, ?, ?, ?) 
10:44:57,181 [main] DEBUG org.activiti.engine.impl.persistence.entity.ExecutionEntity.bulkInsertExecution  - ==&gt; Parameters: 1651(String), 1651(String), null, timerOnTask:1:1638(String), null, false(Boolean), false(Boolean), true(Boolean), false(Boolean), null, null, 1(Integer), 2(Integer), (String), null, 1653(String), 1651(String), null, timerOnTask:1:1638(String), firstLineSupport(String), true(Boolean), false(Boolean), true(Boolean), false(Boolean), 1651(String), null, 1(Integer), 6(Integer), (String), null
10:44:57,181 [main] DEBUG org.activiti.engine.impl.persistence.entity.ExecutionEntity.bulkInsertExecution  - &lt;==    Updates: 2
10:44:57,181 [main] DEBUG org.activiti.engine.impl.db.DbSqlSession  - inserting: Task[id=1656, name=First line support]
10:44:57,181 [main] DEBUG org.activiti.engine.impl.persistence.entity.TaskEntity.insertTask  - ==&gt;  Preparing: insert into ACT_RU_TASK (ID_, REV_, NAME_, PARENT_TASK_ID_, DESCRIPTION_, PRIORITY_, CREATE_TIME_, OWNER_, ASSIGNEE_, DELEGATION_, EXECUTION_ID_, PROC_INST_ID_, PROC_DEF_ID_, TASK_DEF_KEY_, DUE_DATE_, CATEGORY_, SUSPENSION_STATE_, TENANT_ID_, FORM_KEY_) values (?, 1, ?, ?, ?, ?, ?, ?, ?, ?, ?, ?, ?, ?, ?, ?, ?, ?, ? ) 
10:44:57,181 [main] DEBUG org.activiti.engine.impl.persistence.entity.TaskEntity.insertTask  - ==&gt; Parameters: 1656(String), First line support(String), null, null, 50(Integer), 2023-03-20 12:44:57.0(Timestamp), null, null, null, 1653(String), 1651(String), timerOnTask:1:1638(String), firstLineSupport(String), null, null, 1(Integer), (String), null
10:44:57,181 [main] DEBUG org.activiti.engine.impl.persistence.entity.TaskEntity.insertTask  - &lt;==    Updates: 1
10:44:57,181 [main] DEBUG org.activiti.engine.impl.db.DbSqlSession  - inserting: JobEntity [id=1654]
10:44:57,181 [main] DEBUG org.activiti.engine.impl.persistence.entity.JobEntity.insertTimer  - ==&gt;  Preparing: insert into ACT_RU_JOB ( ID_, REV_, TYPE_, LOCK_OWNER_, LOCK_EXP_TIME_, EXCLUSIVE_, EXECUTION_ID_, PROCESS_INSTANCE_ID_, PROC_DEF_ID_, RETRIES_, EXCEPTION_STACK_ID_, EXCEPTION_MSG_, DUEDATE_, REPEAT_, HANDLER_TYPE_, HANDLER_CFG_, TENANT_ID_) values (?, 1, &apos;timer&apos;, ?, ?, ?, ?, ?, ?, ?, ?, ?, ?, ?, ?, ?, ? ) 
10:44:57,181 [main] DEBUG org.activiti.engine.impl.persistence.entity.JobEntity.insertTimer  - ==&gt; Parameters: 1654(String), null, null, true(Boolean), 1653(String), 1651(String), timerOnTask:1:1638(String), 3(Integer), null, null, 2023-03-20 13:44:57.0(Timestamp), null, timer-transition(String), {&quot;activityId&quot;:&quot;escalationTimer&quot;}(String), (String)
10:44:57,181 [main] DEBUG org.activiti.engine.impl.persistence.entity.JobEntity.insertTimer  - &lt;==    Updates: 1
10:44:57,181 [main] DEBUG org.activiti.engine.impl.cfg.standalone.StandaloneMybatisTransactionContext  - firing event committing...
10:44:57,181 [main] DEBUG org.activiti.engine.impl.cfg.standalone.StandaloneMybatisTransactionContext  - committing the ibatis sql session...
10:44:57,181 [main] DEBUG org.apache.ibatis.transaction.jdbc.JdbcTransaction  - Committing JDBC Connection [conn4: url=jdbc:h2:mem:activiti user=SA]
10:44:57,181 [main] DEBUG org.activiti.engine.impl.cfg.standalone.StandaloneMybatisTransactionContext  - firing event committed...
10:44:57,181 [main] DEBUG org.apache.ibatis.transaction.jdbc.JdbcTransaction  - Resetting autocommit to true on JDBC Connection [conn4: url=jdbc:h2:mem:activiti user=SA]
10:44:57,181 [main] DEBUG org.apache.ibatis.transaction.jdbc.JdbcTransaction  - Closing JDBC Connection [conn4: url=jdbc:h2:mem:activiti user=SA]
10:44:57,181 [main] DEBUG org.apache.ibatis.datasource.pooled.PooledDataSource  - Returned connection 297240765 to pool.
10:44:57,181 [main] DEBUG org.activiti.engine.impl.interceptor.LogInterceptor  - --- StartProcessInstanceCmd finished --------------------------------------------------------
10:44:57,181 [main] DEBUG org.activiti.engine.impl.interceptor.LogInterceptor  - 

10:44:57,181 [main] DEBUG org.activiti.engine.impl.interceptor.LogInterceptor  - 

10:44:57,181 [main] DEBUG org.activiti.engine.impl.interceptor.LogInterceptor  - --- starting  --------------------------------------------------------
10:44:57,182 [main] DEBUG org.activiti.engine.impl.db.DbSqlSession  -   insert JobEntity [id=1657]
10:44:57,182 [main] DEBUG org.activiti.engine.impl.db.DbSqlSession  - flush summary: 1 insert, 0 update, 0 delete.
10:44:57,182 [main] DEBUG org.activiti.engine.impl.db.DbSqlSession  - now executing flush...
10:44:57,182 [main] DEBUG org.activiti.engine.impl.db.DbSqlSession  - inserting: JobEntity [id=1657]
10:44:57,182 [main] DEBUG org.apache.ibatis.transaction.jdbc.JdbcTransaction  - Opening JDBC Connection
10:44:57,182 [main] DEBUG org.apache.ibatis.datasource.pooled.PooledDataSource  - Checked out connection 363509958 from pool.
10:44:57,182 [main] DEBUG org.apache.ibatis.transaction.jdbc.JdbcTransaction  - Setting autocommit to false on JDBC Connection [conn2: url=jdbc:h2:mem:activiti user=SA]
10:44:57,182 [main] DEBUG org.activiti.engine.impl.persistence.entity.JobEntity.insertMessage  - ==&gt;  Preparing: insert into ACT_RU_JOB ( ID_, REV_, TYPE_, LOCK_OWNER_, LOCK_EXP_TIME_, EXCLUSIVE_, EXECUTION_ID_, PROCESS_INSTANCE_ID_, PROC_DEF_ID_, DUEDATE_, RETRIES_, EXCEPTION_STACK_ID_, EXCEPTION_MSG_, HANDLER_TYPE_, HANDLER_CFG_, TENANT_ID_) values (?, 1, &apos;message&apos;, ?, ?, ?, ?, ?, ?, ?, ?, ?, ?, ?, ?, ? ) 
10:44:57,182 [main] DEBUG org.activiti.engine.impl.persistence.entity.JobEntity.insertMessage  - ==&gt; Parameters: 1657(String), null, null, true(Boolean), null, null, null, 2023-03-20 12:49:57.0(Timestamp), 3(Integer), null, null, null, null, (String)
10:44:57,182 [main] DEBUG org.activiti.engine.impl.persistence.entity.JobEntity.insertMessage  - &lt;==    Updates: 1
10:44:57,182 [main] DEBUG org.activiti.engine.impl.cfg.standalone.StandaloneMybatisTransactionContext  - firing event committing...
10:44:57,182 [main] DEBUG org.activiti.engine.impl.cfg.standalone.StandaloneMybatisTransactionContext  - committing the ibatis sql session...
10:44:57,182 [main] DEBUG org.apache.ibatis.transaction.jdbc.JdbcTransaction  - Committing JDBC Connection [conn2: url=jdbc:h2:mem:activiti user=SA]
10:44:57,182 [main] DEBUG org.activiti.engine.impl.cfg.standalone.StandaloneMybatisTransactionContext  - firing event committed...
10:44:57,182 [main] DEBUG org.activiti.engine.impl.jobexecutor.AsyncJobAddedNotification  - notifying job executor of new job
10:44:57,182 [main] DEBUG org.apache.ibatis.transaction.jdbc.JdbcTransaction  - Resetting autocommit to true on JDBC Connection [conn2: url=jdbc:h2:mem:activiti user=SA]
10:44:57,182 [main] DEBUG org.apache.ibatis.transaction.jdbc.JdbcTransaction  - Closing JDBC Connection [conn2: url=jdbc:h2:mem:activiti user=SA]
10:44:57,182 [main] DEBUG org.apache.ibatis.datasource.pooled.PooledDataSource  - Returned connection 363509958 to pool.
10:44:57,182 [main] DEBUG org.activiti.engine.impl.interceptor.LogInterceptor  - ---  finished --------------------------------------------------------
10:44:57,182 [main] DEBUG org.activiti.engine.impl.interceptor.LogInterceptor  - 

10:44:57,182 [main] DEBUG org.activiti.engine.impl.test.PvmTestCase  - 

10:44:57,182 [main] DEBUG org.activiti.engine.impl.test.PvmTestCase  - #### START JobQueryTest.testQuerySorting ###########################################################
10:44:57,182 [main] DEBUG org.activiti.engine.impl.interceptor.LogInterceptor  - 

10:44:57,182 [main] DEBUG org.activiti.engine.impl.interceptor.LogInterceptor  - --- starting JobQueryImpl --------------------------------------------------------
10:44:57,182 [main] DEBUG org.apache.ibatis.transaction.jdbc.JdbcTransaction  - Opening JDBC Connection
10:44:57,182 [main] DEBUG org.apache.ibatis.datasource.pooled.PooledDataSource  - Checked out connection 180014677 from pool.
10:44:57,182 [main] DEBUG org.apache.ibatis.transaction.jdbc.JdbcTransaction  - Setting autocommit to false on JDBC Connection [conn3: url=jdbc:h2:mem:activiti user=SA]
10:44:57,182 [main] DEBUG org.activiti.engine.impl.persistence.entity.JobEntity.selectJobCountByQueryCriteria  - ==&gt;  Preparing: select count(distinct RES.ID_) from ACT_RU_JOB RES 
10:44:57,182 [main] DEBUG org.activiti.engine.impl.persistence.entity.JobEntity.selectJobCountByQueryCriteria  - ==&gt; Parameters: 
10:44:57,182 [main] DEBUG org.activiti.engine.impl.persistence.entity.JobEntity.selectJobCountByQueryCriteria  - &lt;==      Total: 1
10:44:57,182 [main] DEBUG org.activiti.engine.impl.db.DbSqlSession  - flush summary: 0 insert, 0 update, 0 delete.
10:44:57,182 [main] DEBUG org.activiti.engine.impl.db.DbSqlSession  - now executing flush...
10:44:57,182 [main] DEBUG org.activiti.engine.impl.cfg.standalone.StandaloneMybatisTransactionContext  - firing event committing...
10:44:57,182 [main] DEBUG org.activiti.engine.impl.cfg.standalone.StandaloneMybatisTransactionContext  - committing the ibatis sql session...
10:44:57,182 [main] DEBUG org.activiti.engine.impl.cfg.standalone.StandaloneMybatisTransactionContext  - firing event committed...
10:44:57,182 [main] DEBUG org.apache.ibatis.transaction.jdbc.JdbcTransaction  - Resetting autocommit to true on JDBC Connection [conn3: url=jdbc:h2:mem:activiti user=SA]
10:44:57,182 [main] DEBUG org.apache.ibatis.transaction.jdbc.JdbcTransaction  - Closing JDBC Connection [conn3: url=jdbc:h2:mem:activiti user=SA]
10:44:57,182 [main] DEBUG org.apache.ibatis.datasource.pooled.PooledDataSource  - Returned connection 180014677 to pool.
10:44:57,182 [main] DEBUG org.activiti.engine.impl.interceptor.LogInterceptor  - --- JobQueryImpl finished --------------------------------------------------------
10:44:57,182 [main] DEBUG org.activiti.engine.impl.interceptor.LogInterceptor  - 

10:44:57,182 [main] DEBUG org.activiti.engine.impl.interceptor.LogInterceptor  - 

10:44:57,182 [main] DEBUG org.activiti.engine.impl.interceptor.LogInterceptor  - --- starting JobQueryImpl --------------------------------------------------------
10:44:57,182 [main] DEBUG org.apache.ibatis.transaction.jdbc.JdbcTransaction  - Opening JDBC Connection
10:44:57,182 [main] DEBUG org.apache.ibatis.datasource.pooled.PooledDataSource  - Checked out connection 297240765 from pool.
10:44:57,182 [main] DEBUG org.apache.ibatis.transaction.jdbc.JdbcTransaction  - Setting autocommit to false on JDBC Connection [conn4: url=jdbc:h2:mem:activiti user=SA]
10:44:57,182 [main] DEBUG org.activiti.engine.impl.persistence.entity.JobEntity.selectJobCountByQueryCriteria  - ==&gt;  Preparing: select count(distinct RES.ID_) from ACT_RU_JOB RES 
10:44:57,182 [main] DEBUG org.activiti.engine.impl.persistence.entity.JobEntity.selectJobCountByQueryCriteria  - ==&gt; Parameters: 
10:44:57,182 [main] DEBUG org.activiti.engine.impl.persistence.entity.JobEntity.selectJobCountByQueryCriteria  - &lt;==      Total: 1
10:44:57,182 [main] DEBUG org.activiti.engine.impl.db.DbSqlSession  - flush summary: 0 insert, 0 update, 0 delete.
10:44:57,182 [main] DEBUG org.activiti.engine.impl.db.DbSqlSession  - now executing flush...
10:44:57,182 [main] DEBUG org.activiti.engine.impl.cfg.standalone.StandaloneMybatisTransactionContext  - firing event committing...
10:44:57,182 [main] DEBUG org.activiti.engine.impl.cfg.standalone.StandaloneMybatisTransactionContext  - committing the ibatis sql session...
10:44:57,182 [main] DEBUG org.activiti.engine.impl.cfg.standalone.StandaloneMybatisTransactionContext  - firing event committed...
10:44:57,182 [main] DEBUG org.apache.ibatis.transaction.jdbc.JdbcTransaction  - Resetting autocommit to true on JDBC Connection [conn4: url=jdbc:h2:mem:activiti user=SA]
10:44:57,182 [main] DEBUG org.apache.ibatis.transaction.jdbc.JdbcTransaction  - Closing JDBC Connection [conn4: url=jdbc:h2:mem:activiti user=SA]
10:44:57,182 [main] DEBUG org.apache.ibatis.datasource.pooled.PooledDataSource  - Returned connection 297240765 to pool.
10:44:57,182 [main] DEBUG org.activiti.engine.impl.interceptor.LogInterceptor  - --- JobQueryImpl finished --------------------------------------------------------
10:44:57,182 [main] DEBUG org.activiti.engine.impl.interceptor.LogInterceptor  - 

10:44:57,182 [main] DEBUG org.activiti.engine.impl.interceptor.LogInterceptor  - 

10:44:57,182 [main] DEBUG org.activiti.engine.impl.interceptor.LogInterceptor  - --- starting JobQueryImpl --------------------------------------------------------
10:44:57,182 [main] DEBUG org.apache.ibatis.transaction.jdbc.JdbcTransaction  - Opening JDBC Connection
10:44:57,182 [main] DEBUG org.apache.ibatis.datasource.pooled.PooledDataSource  - Checked out connection 363509958 from pool.
10:44:57,182 [main] DEBUG org.apache.ibatis.transaction.jdbc.JdbcTransaction  - Setting autocommit to false on JDBC Connection [conn2: url=jdbc:h2:mem:activiti user=SA]
10:44:57,182 [main] DEBUG org.activiti.engine.impl.persistence.entity.JobEntity.selectJobCountByQueryCriteria  - ==&gt;  Preparing: select count(distinct RES.ID_) from ACT_RU_JOB RES 
10:44:57,182 [main] DEBUG org.activiti.engine.impl.persistence.entity.JobEntity.selectJobCountByQueryCriteria  - ==&gt; Parameters: 
10:44:57,182 [main] DEBUG org.activiti.engine.impl.persistence.entity.JobEntity.selectJobCountByQueryCriteria  - &lt;==      Total: 1
10:44:57,182 [main] DEBUG org.activiti.engine.impl.db.DbSqlSession  - flush summary: 0 insert, 0 update, 0 delete.
10:44:57,182 [main] DEBUG org.activiti.engine.impl.db.DbSqlSession  - now executing flush...
10:44:57,182 [main] DEBUG org.activiti.engine.impl.cfg.standalone.StandaloneMybatisTransactionContext  - firing event committing...
10:44:57,182 [main] DEBUG org.activiti.engine.impl.cfg.standalone.StandaloneMybatisTransactionContext  - committing the ibatis sql session...
10:44:57,182 [main] DEBUG org.activiti.engine.impl.cfg.standalone.StandaloneMybatisTransactionContext  - firing event committed...
10:44:57,182 [main] DEBUG org.apache.ibatis.transaction.jdbc.JdbcTransaction  - Resetting autocommit to true on JDBC Connection [conn2: url=jdbc:h2:mem:activiti user=SA]
10:44:57,182 [main] DEBUG org.apache.ibatis.transaction.jdbc.JdbcTransaction  - Closing JDBC Connection [conn2: url=jdbc:h2:mem:activiti user=SA]
10:44:57,182 [main] DEBUG org.apache.ibatis.datasource.pooled.PooledDataSource  - Returned connection 363509958 to pool.
10:44:57,182 [main] DEBUG org.activiti.engine.impl.interceptor.LogInterceptor  - --- JobQueryImpl finished --------------------------------------------------------
10:44:57,182 [main] DEBUG org.activiti.engine.impl.interceptor.LogInterceptor  - 

10:44:57,182 [main] DEBUG org.activiti.engine.impl.interceptor.LogInterceptor  - 

10:44:57,182 [main] DEBUG org.activiti.engine.impl.interceptor.LogInterceptor  - --- starting JobQueryImpl --------------------------------------------------------
10:44:57,182 [main] DEBUG org.apache.ibatis.transaction.jdbc.JdbcTransaction  - Opening JDBC Connection
10:44:57,182 [main] DEBUG org.apache.ibatis.datasource.pooled.PooledDataSource  - Checked out connection 180014677 from pool.
10:44:57,182 [main] DEBUG org.apache.ibatis.transaction.jdbc.JdbcTransaction  - Setting autocommit to false on JDBC Connection [conn3: url=jdbc:h2:mem:activiti user=SA]
10:44:57,182 [main] DEBUG org.activiti.engine.impl.persistence.entity.JobEntity.selectJobCountByQueryCriteria  - ==&gt;  Preparing: select count(distinct RES.ID_) from ACT_RU_JOB RES 
10:44:57,182 [main] DEBUG org.activiti.engine.impl.persistence.entity.JobEntity.selectJobCountByQueryCriteria  - ==&gt; Parameters: 
10:44:57,182 [main] DEBUG org.activiti.engine.impl.persistence.entity.JobEntity.selectJobCountByQueryCriteria  - &lt;==      Total: 1
10:44:57,182 [main] DEBUG org.activiti.engine.impl.db.DbSqlSession  - flush summary: 0 insert, 0 update, 0 delete.
10:44:57,182 [main] DEBUG org.activiti.engine.impl.db.DbSqlSession  - now executing flush...
10:44:57,182 [main] DEBUG org.activiti.engine.impl.cfg.standalone.StandaloneMybatisTransactionContext  - firing event committing...
10:44:57,182 [main] DEBUG org.activiti.engine.impl.cfg.standalone.StandaloneMybatisTransactionContext  - committing the ibatis sql session...
10:44:57,182 [main] DEBUG org.activiti.engine.impl.cfg.standalone.StandaloneMybatisTransactionContext  - firing event committed...
10:44:57,182 [main] DEBUG org.apache.ibatis.transaction.jdbc.JdbcTransaction  - Resetting autocommit to true on JDBC Connection [conn3: url=jdbc:h2:mem:activiti user=SA]
10:44:57,182 [main] DEBUG org.apache.ibatis.transaction.jdbc.JdbcTransaction  - Closing JDBC Connection [conn3: url=jdbc:h2:mem:activiti user=SA]
10:44:57,182 [main] DEBUG org.apache.ibatis.datasource.pooled.PooledDataSource  - Returned connection 180014677 to pool.
10:44:57,182 [main] DEBUG org.activiti.engine.impl.interceptor.LogInterceptor  - --- JobQueryImpl finished --------------------------------------------------------
10:44:57,182 [main] DEBUG org.activiti.engine.impl.interceptor.LogInterceptor  - 

10:44:57,182 [main] DEBUG org.activiti.engine.impl.interceptor.LogInterceptor  - 

10:44:57,182 [main] DEBUG org.activiti.engine.impl.interceptor.LogInterceptor  - --- starting JobQueryImpl --------------------------------------------------------
10:44:57,182 [main] DEBUG org.apache.ibatis.transaction.jdbc.JdbcTransaction  - Opening JDBC Connection
10:44:57,182 [main] DEBUG org.apache.ibatis.datasource.pooled.PooledDataSource  - Checked out connection 297240765 from pool.
10:44:57,182 [main] DEBUG org.apache.ibatis.transaction.jdbc.JdbcTransaction  - Setting autocommit to false on JDBC Connection [conn4: url=jdbc:h2:mem:activiti user=SA]
10:44:57,182 [main] DEBUG org.activiti.engine.impl.persistence.entity.JobEntity.selectJobCountByQueryCriteria  - ==&gt;  Preparing: select count(distinct RES.ID_) from ACT_RU_JOB RES 
10:44:57,182 [main] DEBUG org.activiti.engine.impl.persistence.entity.JobEntity.selectJobCountByQueryCriteria  - ==&gt; Parameters: 
10:44:57,182 [main] DEBUG org.activiti.engine.impl.persistence.entity.JobEntity.selectJobCountByQueryCriteria  - &lt;==      Total: 1
10:44:57,182 [main] DEBUG org.activiti.engine.impl.db.DbSqlSession  - flush summary: 0 insert, 0 update, 0 delete.
10:44:57,182 [main] DEBUG org.activiti.engine.impl.db.DbSqlSession  - now executing flush...
10:44:57,182 [main] DEBUG org.activiti.engine.impl.cfg.standalone.StandaloneMybatisTransactionContext  - firing event committing...
10:44:57,182 [main] DEBUG org.activiti.engine.impl.cfg.standalone.StandaloneMybatisTransactionContext  - committing the ibatis sql session...
10:44:57,182 [main] DEBUG org.activiti.engine.impl.cfg.standalone.StandaloneMybatisTransactionContext  - firing event committed...
10:44:57,182 [main] DEBUG org.apache.ibatis.transaction.jdbc.JdbcTransaction  - Resetting autocommit to true on JDBC Connection [conn4: url=jdbc:h2:mem:activiti user=SA]
10:44:57,182 [main] DEBUG org.apache.ibatis.transaction.jdbc.JdbcTransaction  - Closing JDBC Connection [conn4: url=jdbc:h2:mem:activiti user=SA]
10:44:57,182 [main] DEBUG org.apache.ibatis.datasource.pooled.PooledDataSource  - Returned connection 297240765 to pool.
10:44:57,182 [main] DEBUG org.activiti.engine.impl.interceptor.LogInterceptor  - --- JobQueryImpl finished --------------------------------------------------------
10:44:57,182 [main] DEBUG org.activiti.engine.impl.interceptor.LogInterceptor  - 

10:44:57,182 [main] DEBUG org.activiti.engine.impl.interceptor.LogInterceptor  - 

10:44:57,182 [main] DEBUG org.activiti.engine.impl.interceptor.LogInterceptor  - --- starting JobQueryImpl --------------------------------------------------------
10:44:57,182 [main] DEBUG org.apache.ibatis.transaction.jdbc.JdbcTransaction  - Opening JDBC Connection
10:44:57,182 [main] DEBUG org.apache.ibatis.datasource.pooled.PooledDataSource  - Checked out connection 363509958 from pool.
10:44:57,182 [main] DEBUG org.apache.ibatis.transaction.jdbc.JdbcTransaction  - Setting autocommit to false on JDBC Connection [conn2: url=jdbc:h2:mem:activiti user=SA]
10:44:57,182 [main] DEBUG org.activiti.engine.impl.persistence.entity.JobEntity.selectJobCountByQueryCriteria  - ==&gt;  Preparing: select count(distinct RES.ID_) from ACT_RU_JOB RES 
10:44:57,182 [main] DEBUG org.activiti.engine.impl.persistence.entity.JobEntity.selectJobCountByQueryCriteria  - ==&gt; Parameters: 
10:44:57,183 [main] DEBUG org.activiti.engine.impl.persistence.entity.JobEntity.selectJobCountByQueryCriteria  - &lt;==      Total: 1
10:44:57,183 [main] DEBUG org.activiti.engine.impl.db.DbSqlSession  - flush summary: 0 insert, 0 update, 0 delete.
10:44:57,183 [main] DEBUG org.activiti.engine.impl.db.DbSqlSession  - now executing flush...
10:44:57,183 [main] DEBUG org.activiti.engine.impl.cfg.standalone.StandaloneMybatisTransactionContext  - firing event committing...
10:44:57,183 [main] DEBUG org.activiti.engine.impl.cfg.standalone.StandaloneMybatisTransactionContext  - committing the ibatis sql session...
10:44:57,183 [main] DEBUG org.activiti.engine.impl.cfg.standalone.StandaloneMybatisTransactionContext  - firing event committed...
10:44:57,183 [main] DEBUG org.apache.ibatis.transaction.jdbc.JdbcTransaction  - Resetting autocommit to true on JDBC Connection [conn2: url=jdbc:h2:mem:activiti user=SA]
10:44:57,183 [main] DEBUG org.apache.ibatis.transaction.jdbc.JdbcTransaction  - Closing JDBC Connection [conn2: url=jdbc:h2:mem:activiti user=SA]
10:44:57,183 [main] DEBUG org.apache.ibatis.datasource.pooled.PooledDataSource  - Returned connection 363509958 to pool.
10:44:57,183 [main] DEBUG org.activiti.engine.impl.interceptor.LogInterceptor  - --- JobQueryImpl finished --------------------------------------------------------
10:44:57,183 [main] DEBUG org.activiti.engine.impl.interceptor.LogInterceptor  - 

10:44:57,183 [main] DEBUG org.activiti.engine.impl.interceptor.LogInterceptor  - 

10:44:57,183 [main] DEBUG org.activiti.engine.impl.interceptor.LogInterceptor  - --- starting JobQueryImpl --------------------------------------------------------
10:44:57,183 [main] DEBUG org.apache.ibatis.transaction.jdbc.JdbcTransaction  - Opening JDBC Connection
10:44:57,183 [main] DEBUG org.apache.ibatis.datasource.pooled.PooledDataSource  - Checked out connection 180014677 from pool.
10:44:57,183 [main] DEBUG org.apache.ibatis.transaction.jdbc.JdbcTransaction  - Setting autocommit to false on JDBC Connection [conn3: url=jdbc:h2:mem:activiti user=SA]
10:44:57,183 [main] DEBUG org.activiti.engine.impl.persistence.entity.JobEntity.selectJobCountByQueryCriteria  - ==&gt;  Preparing: select count(distinct RES.ID_) from ACT_RU_JOB RES 
10:44:57,183 [main] DEBUG org.activiti.engine.impl.persistence.entity.JobEntity.selectJobCountByQueryCriteria  - ==&gt; Parameters: 
10:44:57,183 [main] DEBUG org.activiti.engine.impl.persistence.entity.JobEntity.selectJobCountByQueryCriteria  - &lt;==      Total: 1
10:44:57,183 [main] DEBUG org.activiti.engine.impl.db.DbSqlSession  - flush summary: 0 insert, 0 update, 0 delete.
10:44:57,183 [main] DEBUG org.activiti.engine.impl.db.DbSqlSession  - now executing flush...
10:44:57,183 [main] DEBUG org.activiti.engine.impl.cfg.standalone.StandaloneMybatisTransactionContext  - firing event committing...
10:44:57,183 [main] DEBUG org.activiti.engine.impl.cfg.standalone.StandaloneMybatisTransactionContext  - committing the ibatis sql session...
10:44:57,183 [main] DEBUG org.activiti.engine.impl.cfg.standalone.StandaloneMybatisTransactionContext  - firing event committed...
10:44:57,183 [main] DEBUG org.apache.ibatis.transaction.jdbc.JdbcTransaction  - Resetting autocommit to true on JDBC Connection [conn3: url=jdbc:h2:mem:activiti user=SA]
10:44:57,183 [main] DEBUG org.apache.ibatis.transaction.jdbc.JdbcTransaction  - Closing JDBC Connection [conn3: url=jdbc:h2:mem:activiti user=SA]
10:44:57,183 [main] DEBUG org.apache.ibatis.datasource.pooled.PooledDataSource  - Returned connection 180014677 to pool.
10:44:57,183 [main] DEBUG org.activiti.engine.impl.interceptor.LogInterceptor  - --- JobQueryImpl finished --------------------------------------------------------
10:44:57,183 [main] DEBUG org.activiti.engine.impl.interceptor.LogInterceptor  - 

10:44:57,183 [main] DEBUG org.activiti.engine.impl.interceptor.LogInterceptor  - 

10:44:57,183 [main] DEBUG org.activiti.engine.impl.interceptor.LogInterceptor  - --- starting JobQueryImpl --------------------------------------------------------
10:44:57,183 [main] DEBUG org.apache.ibatis.transaction.jdbc.JdbcTransaction  - Opening JDBC Connection
10:44:57,183 [main] DEBUG org.apache.ibatis.datasource.pooled.PooledDataSource  - Checked out connection 297240765 from pool.
10:44:57,183 [main] DEBUG org.apache.ibatis.transaction.jdbc.JdbcTransaction  - Setting autocommit to false on JDBC Connection [conn4: url=jdbc:h2:mem:activiti user=SA]
10:44:57,183 [main] DEBUG org.activiti.engine.impl.persistence.entity.JobEntity.selectJobCountByQueryCriteria  - ==&gt;  Preparing: select count(distinct RES.ID_) from ACT_RU_JOB RES 
10:44:57,183 [main] DEBUG org.activiti.engine.impl.persistence.entity.JobEntity.selectJobCountByQueryCriteria  - ==&gt; Parameters: 
10:44:57,183 [main] DEBUG org.activiti.engine.impl.persistence.entity.JobEntity.selectJobCountByQueryCriteria  - &lt;==      Total: 1
10:44:57,183 [main] DEBUG org.activiti.engine.impl.db.DbSqlSession  - flush summary: 0 insert, 0 update, 0 delete.
10:44:57,183 [main] DEBUG org.activiti.engine.impl.db.DbSqlSession  - now executing flush...
10:44:57,183 [main] DEBUG org.activiti.engine.impl.cfg.standalone.StandaloneMybatisTransactionContext  - firing event committing...
10:44:57,183 [main] DEBUG org.activiti.engine.impl.cfg.standalone.StandaloneMybatisTransactionContext  - committing the ibatis sql session...
10:44:57,183 [main] DEBUG org.activiti.engine.impl.cfg.standalone.StandaloneMybatisTransactionContext  - firing event committed...
10:44:57,183 [main] DEBUG org.apache.ibatis.transaction.jdbc.JdbcTransaction  - Resetting autocommit to true on JDBC Connection [conn4: url=jdbc:h2:mem:activiti user=SA]
10:44:57,183 [main] DEBUG org.apache.ibatis.transaction.jdbc.JdbcTransaction  - Closing JDBC Connection [conn4: url=jdbc:h2:mem:activiti user=SA]
10:44:57,183 [main] DEBUG org.apache.ibatis.datasource.pooled.PooledDataSource  - Returned connection 297240765 to pool.
10:44:57,183 [main] DEBUG org.activiti.engine.impl.interceptor.LogInterceptor  - --- JobQueryImpl finished --------------------------------------------------------
10:44:57,183 [main] DEBUG org.activiti.engine.impl.interceptor.LogInterceptor  - 

10:44:57,183 [main] DEBUG org.activiti.engine.impl.interceptor.LogInterceptor  - 

10:44:57,183 [main] DEBUG org.activiti.engine.impl.interceptor.LogInterceptor  - --- starting JobQueryImpl --------------------------------------------------------
10:44:57,183 [main] DEBUG org.apache.ibatis.transaction.jdbc.JdbcTransaction  - Opening JDBC Connection
10:44:57,183 [main] DEBUG org.apache.ibatis.datasource.pooled.PooledDataSource  - Checked out connection 363509958 from pool.
10:44:57,183 [main] DEBUG org.apache.ibatis.transaction.jdbc.JdbcTransaction  - Setting autocommit to false on JDBC Connection [conn2: url=jdbc:h2:mem:activiti user=SA]
10:44:57,183 [main] DEBUG org.activiti.engine.impl.persistence.entity.JobEntity.selectJobCountByQueryCriteria  - ==&gt;  Preparing: select count(distinct RES.ID_) from ACT_RU_JOB RES 
10:44:57,183 [main] DEBUG org.activiti.engine.impl.persistence.entity.JobEntity.selectJobCountByQueryCriteria  - ==&gt; Parameters: 
10:44:57,183 [main] DEBUG org.activiti.engine.impl.persistence.entity.JobEntity.selectJobCountByQueryCriteria  - &lt;==      Total: 1
10:44:57,183 [main] DEBUG org.activiti.engine.impl.db.DbSqlSession  - flush summary: 0 insert, 0 update, 0 delete.
10:44:57,183 [main] DEBUG org.activiti.engine.impl.db.DbSqlSession  - now executing flush...
10:44:57,183 [main] DEBUG org.activiti.engine.impl.cfg.standalone.StandaloneMybatisTransactionContext  - firing event committing...
10:44:57,183 [main] DEBUG org.activiti.engine.impl.cfg.standalone.StandaloneMybatisTransactionContext  - committing the ibatis sql session...
10:44:57,183 [main] DEBUG org.activiti.engine.impl.cfg.standalone.StandaloneMybatisTransactionContext  - firing event committed...
10:44:57,183 [main] DEBUG org.apache.ibatis.transaction.jdbc.JdbcTransaction  - Resetting autocommit to true on JDBC Connection [conn2: url=jdbc:h2:mem:activiti user=SA]
10:44:57,183 [main] DEBUG org.apache.ibatis.transaction.jdbc.JdbcTransaction  - Closing JDBC Connection [conn2: url=jdbc:h2:mem:activiti user=SA]
10:44:57,183 [main] DEBUG org.apache.ibatis.datasource.pooled.PooledDataSource  - Returned connection 363509958 to pool.
10:44:57,183 [main] DEBUG org.activiti.engine.impl.interceptor.LogInterceptor  - --- JobQueryImpl finished --------------------------------------------------------
10:44:57,183 [main] DEBUG org.activiti.engine.impl.interceptor.LogInterceptor  - 

10:44:57,183 [main] DEBUG org.activiti.engine.impl.interceptor.LogInterceptor  - 

10:44:57,183 [main] DEBUG org.activiti.engine.impl.interceptor.LogInterceptor  - --- starting JobQueryImpl --------------------------------------------------------
10:44:57,183 [main] DEBUG org.apache.ibatis.transaction.jdbc.JdbcTransaction  - Opening JDBC Connection
10:44:57,183 [main] DEBUG org.apache.ibatis.datasource.pooled.PooledDataSource  - Checked out connection 180014677 from pool.
10:44:57,183 [main] DEBUG org.apache.ibatis.transaction.jdbc.JdbcTransaction  - Setting autocommit to false on JDBC Connection [conn3: url=jdbc:h2:mem:activiti user=SA]
10:44:57,183 [main] DEBUG org.activiti.engine.impl.persistence.entity.JobEntity.selectJobCountByQueryCriteria  - ==&gt;  Preparing: select count(distinct RES.ID_) from ACT_RU_JOB RES 
10:44:57,183 [main] DEBUG org.activiti.engine.impl.persistence.entity.JobEntity.selectJobCountByQueryCriteria  - ==&gt; Parameters: 
10:44:57,183 [main] DEBUG org.activiti.engine.impl.persistence.entity.JobEntity.selectJobCountByQueryCriteria  - &lt;==      Total: 1
10:44:57,183 [main] DEBUG org.activiti.engine.impl.db.DbSqlSession  - flush summary: 0 insert, 0 update, 0 delete.
10:44:57,183 [main] DEBUG org.activiti.engine.impl.db.DbSqlSession  - now executing flush...
10:44:57,183 [main] DEBUG org.activiti.engine.impl.cfg.standalone.StandaloneMybatisTransactionContext  - firing event committing...
10:44:57,183 [main] DEBUG org.activiti.engine.impl.cfg.standalone.StandaloneMybatisTransactionContext  - committing the ibatis sql session...
10:44:57,183 [main] DEBUG org.activiti.engine.impl.cfg.standalone.StandaloneMybatisTransactionContext  - firing event committed...
10:44:57,183 [main] DEBUG org.apache.ibatis.transaction.jdbc.JdbcTransaction  - Resetting autocommit to true on JDBC Connection [conn3: url=jdbc:h2:mem:activiti user=SA]
10:44:57,183 [main] DEBUG org.apache.ibatis.transaction.jdbc.JdbcTransaction  - Closing JDBC Connection [conn3: url=jdbc:h2:mem:activiti user=SA]
10:44:57,183 [main] DEBUG org.apache.ibatis.datasource.pooled.PooledDataSource  - Returned connection 180014677 to pool.
10:44:57,183 [main] DEBUG org.activiti.engine.impl.interceptor.LogInterceptor  - --- JobQueryImpl finished --------------------------------------------------------
10:44:57,183 [main] DEBUG org.activiti.engine.impl.interceptor.LogInterceptor  - 

10:44:57,183 [main] DEBUG org.activiti.engine.impl.interceptor.LogInterceptor  - 

10:44:57,183 [main] DEBUG org.activiti.engine.impl.interceptor.LogInterceptor  - --- starting JobQueryImpl --------------------------------------------------------
10:44:57,183 [main] DEBUG org.apache.ibatis.transaction.jdbc.JdbcTransaction  - Opening JDBC Connection
10:44:57,183 [main] DEBUG org.apache.ibatis.datasource.pooled.PooledDataSource  - Checked out connection 297240765 from pool.
10:44:57,183 [main] DEBUG org.apache.ibatis.transaction.jdbc.JdbcTransaction  - Setting autocommit to false on JDBC Connection [conn4: url=jdbc:h2:mem:activiti user=SA]
10:44:57,183 [main] DEBUG org.activiti.engine.impl.persistence.entity.JobEntity.selectJobByQueryCriteria  - ==&gt;  Preparing: select RES.* from ACT_RU_JOB RES WHERE RES.PROCESS_INSTANCE_ID_ = ? order by order by RES.ID_ asc LIMIT ? OFFSET ? 
10:44:57,183 [main] DEBUG org.activiti.engine.impl.interceptor.CommandContext  - Error while closing command context
org.apache.ibatis.exceptions.PersistenceException: 
### Error querying database.  Cause: org.h2.jdbc.JdbcSQLException: Syntax error in SQL statement &quot;SELECT RES.* 
     
    FROM ACT_RU_JOB RES
     
     WHERE  RES.PROCESS_INSTANCE_ID_ = ? 
   
     ORDER BY  ORDER[*] BY RES.ID_ ASC  
    LIMIT ? OFFSET ? &quot;; expected &quot;=, NOT, EXISTS, INTERSECTS, SELECT, FROM&quot;; SQL statement:
select RES.* 
     
    from ACT_RU_JOB RES
     
     WHERE  RES.PROCESS_INSTANCE_ID_ = ? 
   
     order by  order by RES.ID_ asc  
    LIMIT ? OFFSET ? [42001-176]
### The error may exist in org/activiti/db/mapping/entity/Job.xml
### The error may involve org.activiti.engine.impl.persistence.entity.JobEntity.selectJobByQueryCriteria
### The error occurred while executing a query
### SQL: select RES.*            from ACT_RU_JOB RES            WHERE  RES.PROCESS_INSTANCE_ID_ = ?           order by  order by RES.ID_ asc       LIMIT ? OFFSET ?
### Cause: org.h2.jdbc.JdbcSQLException: Syntax error in SQL statement &quot;SELECT RES.* 
     
    FROM ACT_RU_JOB RES
     
     WHERE  RES.PROCESS_INSTANCE_ID_ = ? 
   
     ORDER BY  ORDER[*] BY RES.ID_ ASC  
    LIMIT ? OFFSET ? &quot;; expected &quot;=, NOT, EXISTS, INTERSECTS, SELECT, FROM&quot;; SQL statement:
select RES.* 
     
    from ACT_RU_JOB RES
     
     WHERE  RES.PROCESS_INSTANCE_ID_ = ? 
   
     order by  order by RES.ID_ asc  
    LIMIT ? OFFSET ? [42001-176]
	at org.apache.ibatis.exceptions.ExceptionFactory.wrapException(ExceptionFactory.java:30)
	at org.apache.ibatis.session.defaults.DefaultSqlSession.selectList(DefaultSqlSession.java:122)
	at org.apache.ibatis.session.defaults.DefaultSqlSession.selectList(DefaultSqlSession.java:113)
	at org.activiti.engine.impl.db.DbSqlSession.selectListWithRawParameter(DbSqlSession.java:438)
	at org.activiti.engine.impl.db.DbSqlSession.selectList(DbSqlSession.java:429)
	at org.activiti.engine.impl.db.DbSqlSession.selectList(DbSqlSession.java:419)
	at org.activiti.engine.impl.persistence.entity.JobEntityManager.findJobsByQueryCriteria(JobEntityManager.java:198)
	at org.activiti.engine.impl.JobQueryImpl.executeList(JobQueryImpl.java:243)
	at org.activiti.engine.impl.AbstractQuery.executeSingleResult(AbstractQuery.java:183)
	at org.activiti.engine.impl.AbstractQuery.execute(AbstractQuery.java:166)
	at org.activiti.engine.impl.interceptor.CommandInvoker.execute(CommandInvoker.java:24)
	at org.activiti.engine.impl.interceptor.CommandContextInterceptor.execute(CommandContextInterceptor.java:57)
	at org.activiti.engine.impl.interceptor.LogInterceptor.execute(LogInterceptor.java:37)
	at org.activiti.engine.impl.cfg.CommandExecutorImpl.execute(CommandExecutorImpl.java:40)
	at org.activiti.engine.impl.cfg.CommandExecutorImpl.execute(CommandExecutorImpl.java:35)
	at org.activiti.engine.impl.AbstractQuery.singleResult(AbstractQuery.java:129)
	at org.activiti.engine.test.api.mgmt.JobQueryTest.setRetries(JobQueryTest.java:356)
	at org.activiti.engine.test.api.mgmt.JobQueryTest.testQuerySorting(JobQueryTest.java:314)
	at sun.reflect.NativeMethodAccessorImpl.invoke0(Native Method)
	at sun.reflect.NativeMethodAccessorImpl.invoke(NativeMethodAccessorImpl.java:62)
	at sun.reflect.DelegatingMethodAccessorImpl.invoke(DelegatingMethodAccessorImpl.java:43)
	at java.lang.reflect.Method.invoke(Method.java:498)
	at junit.framework.TestCase.runTest(TestCase.java:176)
	at org.activiti.engine.impl.test.PvmTestCase.runTest(PvmTestCase.java:65)
	at junit.framework.TestCase.runBare(TestCase.java:141)
	at org.activiti.engine.impl.test.AbstractActivitiTestCase.runBare(AbstractActivitiTestCase.java:100)
	at junit.framework.TestResult$1.protect(TestResult.java:122)
	at junit.framework.TestResult.runProtected(TestResult.java:142)
	at junit.framework.TestResult.run(TestResult.java:125)
	at junit.framework.TestCase.run(TestCase.java:129)
	at junit.framework.TestSuite.runTest(TestSuite.java:255)
	at junit.framework.TestSuite.run(TestSuite.java:250)
	at org.junit.internal.runners.JUnit38ClassRunner.run(JUnit38ClassRunner.java:84)
	at org.apache.maven.surefire.junit4.JUnit4TestSet.execute(JUnit4TestSet.java:35)
	at org.apache.maven.surefire.junit4.JUnit4Provider.executeTestSet(JUnit4Provider.java:146)
	at org.apache.maven.surefire.junit4.JUnit4Provider.invoke(JUnit4Provider.java:97)
	at sun.reflect.NativeMethodAccessorImpl.invoke0(Native Method)
	at sun.reflect.NativeMethodAccessorImpl.invoke(NativeMethodAccessorImpl.java:62)
	at sun.reflect.DelegatingMethodAccessorImpl.invoke(DelegatingMethodAccessorImpl.java:43)
	at java.lang.reflect.Method.invoke(Method.java:498)
	at org.apache.maven.surefire.booter.ProviderFactory$ClassLoaderProxy.invoke(ProviderFactory.java:103)
	at com.sun.proxy.$Proxy0.invoke(Unknown Source)
	at org.apache.maven.surefire.booter.SurefireStarter.invokeProvider(SurefireStarter.java:145)
	at org.apache.maven.surefire.booter.SurefireStarter.runSuitesInProcess(SurefireStarter.java:87)
	at org.apache.maven.surefire.booter.ForkedBooter.main(ForkedBooter.java:69)
Caused by: org.h2.jdbc.JdbcSQLException: Syntax error in SQL statement &quot;SELECT RES.* 
     
    FROM ACT_RU_JOB RES
     
     WHERE  RES.PROCESS_INSTANCE_ID_ = ? 
   
     ORDER BY  ORDER[*] BY RES.ID_ ASC  
    LIMIT ? OFFSET ? &quot;; expected &quot;=, NOT, EXISTS, INTERSECTS, SELECT, FROM&quot;; SQL statement:
select RES.* 
     
    from ACT_RU_JOB RES
     
     WHERE  RES.PROCESS_INSTANCE_ID_ = ? 
   
     order by  order by RES.ID_ asc  
    LIMIT ? OFFSET ? [42001-176]
	at org.h2.message.DbException.getJdbcSQLException(DbException.java:344)
	at org.h2.message.DbException.getSyntaxError(DbException.java:204)
	at org.h2.command.Parser.getSyntaxError(Parser.java:524)
	at org.h2.command.Parser.readTerm(Parser.java:2688)
	at org.h2.command.Parser.readFactor(Parser.java:2244)
	at org.h2.command.Parser.readSum(Parser.java:2231)
	at org.h2.command.Parser.readConcat(Parser.java:2201)
	at org.h2.command.Parser.readCondition(Parser.java:2051)
	at org.h2.command.Parser.readAnd(Parser.java:2023)
	at org.h2.command.Parser.readExpression(Parser.java:2015)
	at org.h2.command.Parser.parseEndOfQuery(Parser.java:1726)
	at org.h2.command.Parser.parseSelectUnionExtension(Parser.java:1706)
	at org.h2.command.Parser.parseSelectUnion(Parser.java:1675)
	at org.h2.command.Parser.parseSelect(Parser.java:1662)
	at org.h2.command.Parser.parsePrepared(Parser.java:434)
	at org.h2.command.Parser.parse(Parser.java:306)
	at org.h2.command.Parser.parse(Parser.java:282)
	at org.h2.command.Parser.prepareCommand(Parser.java:243)
	at org.h2.engine.Session.prepareLocal(Session.java:442)
	at org.h2.engine.Session.prepareCommand(Session.java:384)
	at org.h2.jdbc.JdbcConnection.prepareCommand(JdbcConnection.java:1188)
	at org.h2.jdbc.JdbcPreparedStatement.&lt;init&gt;(JdbcPreparedStatement.java:73)
	at org.h2.jdbc.JdbcConnection.prepareStatement(JdbcConnection.java:276)
	at sun.reflect.GeneratedMethodAccessor6.invoke(Unknown Source)
	at sun.reflect.DelegatingMethodAccessorImpl.invoke(DelegatingMethodAccessorImpl.java:43)
	at java.lang.reflect.Method.invoke(Method.java:498)
	at org.apache.ibatis.datasource.pooled.PooledConnection.invoke(PooledConnection.java:245)
	at com.sun.proxy.$Proxy12.prepareStatement(Unknown Source)
	at sun.reflect.GeneratedMethodAccessor6.invoke(Unknown Source)
	at sun.reflect.DelegatingMethodAccessorImpl.invoke(DelegatingMethodAccessorImpl.java:43)
	at java.lang.reflect.Method.invoke(Method.java:498)
	at org.apache.ibatis.logging.jdbc.ConnectionLogger.invoke(ConnectionLogger.java:55)
	at com.sun.proxy.$Proxy12.prepareStatement(Unknown Source)
	at org.apache.ibatis.executor.statement.PreparedStatementHandler.instantiateStatement(PreparedStatementHandler.java:79)
	at org.apache.ibatis.executor.statement.BaseStatementHandler.prepare(BaseStatementHandler.java:88)
	at org.apache.ibatis.executor.statement.RoutingStatementHandler.prepare(RoutingStatementHandler.java:58)
	at org.apache.ibatis.executor.SimpleExecutor.prepareStatement(SimpleExecutor.java:76)
	at org.apache.ibatis.executor.SimpleExecutor.doQuery(SimpleExecutor.java:61)
	at org.apache.ibatis.executor.BaseExecutor.queryFromDatabase(BaseExecutor.java:303)
	at org.apache.ibatis.executor.BaseExecutor.query(BaseExecutor.java:154)
	at org.apache.ibatis.executor.CachingExecutor.query(CachingExecutor.java:102)
	at org.apache.ibatis.executor.CachingExecutor.query(CachingExecutor.java:82)
	at org.apache.ibatis.session.defaults.DefaultSqlSession.selectList(DefaultSqlSession.java:120)
	... 43 more
10:44:57,183 [main] DEBUG org.activiti.engine.impl.cfg.standalone.StandaloneMybatisTransactionContext  - firing event rolling back...
10:44:57,183 [main] DEBUG org.activiti.engine.impl.cfg.standalone.StandaloneMybatisTransactionContext  - rolling back ibatis sql session...
10:44:57,183 [main] DEBUG org.activiti.engine.impl.cfg.standalone.StandaloneMybatisTransactionContext  - firing event rolled back...
10:44:57,183 [main] DEBUG org.apache.ibatis.transaction.jdbc.JdbcTransaction  - Resetting autocommit to true on JDBC Connection [conn4: url=jdbc:h2:mem:activiti user=SA]
10:44:57,183 [main] DEBUG org.apache.ibatis.transaction.jdbc.JdbcTransaction  - Closing JDBC Connection [conn4: url=jdbc:h2:mem:activiti user=SA]
10:44:57,183 [main] DEBUG org.apache.ibatis.datasource.pooled.PooledDataSource  - Returned connection 297240765 to pool.
10:44:57,183 [main] DEBUG org.activiti.engine.impl.interceptor.LogInterceptor  - --- JobQueryImpl finished --------------------------------------------------------
10:44:57,183 [main] DEBUG org.activiti.engine.impl.interceptor.LogInterceptor  - 

10:44:57,183 [main] ERROR org.activiti.engine.impl.test.PvmTestCase  - 

10:44:57,183 [main] ERROR org.activiti.engine.impl.test.PvmTestCase  - EXCEPTION: org.apache.ibatis.exceptions.PersistenceException: 
### Error querying database.  Cause: org.h2.jdbc.JdbcSQLException: Syntax error in SQL statement &quot;SELECT RES.* 
     
    FROM ACT_RU_JOB RES
     
     WHERE  RES.PROCESS_INSTANCE_ID_ = ? 
   
     ORDER BY  ORDER[*] BY RES.ID_ ASC  
    LIMIT ? OFFSET ? &quot;; expected &quot;=, NOT, EXISTS, INTERSECTS, SELECT, FROM&quot;; SQL statement:
select RES.* 
     
    from ACT_RU_JOB RES
     
     WHERE  RES.PROCESS_INSTANCE_ID_ = ? 
   
     order by  order by RES.ID_ asc  
    LIMIT ? OFFSET ? [42001-176]
### The error may exist in org/activiti/db/mapping/entity/Job.xml
### The error may involve org.activiti.engine.impl.persistence.entity.JobEntity.selectJobByQueryCriteria
### The error occurred while executing a query
### SQL: select RES.*            from ACT_RU_JOB RES            WHERE  RES.PROCESS_INSTANCE_ID_ = ?           order by  order by RES.ID_ asc       LIMIT ? OFFSET ?
### Cause: org.h2.jdbc.JdbcSQLException: Syntax error in SQL statement &quot;SELECT RES.* 
     
    FROM ACT_RU_JOB RES
     
     WHERE  RES.PROCESS_INSTANCE_ID_ = ? 
   
     ORDER BY  ORDER[*] BY RES.ID_ ASC  
    LIMIT ? OFFSET ? &quot;; expected &quot;=, NOT, EXISTS, INTERSECTS, SELECT, FROM&quot;; SQL statement:
select RES.* 
     
    from ACT_RU_JOB RES
     
     WHERE  RES.PROCESS_INSTANCE_ID_ = ? 
   
     order by  order by RES.ID_ asc  
    LIMIT ? OFFSET ? [42001-176]
org.apache.ibatis.exceptions.PersistenceException: 
### Error querying database.  Cause: org.h2.jdbc.JdbcSQLException: Syntax error in SQL statement &quot;SELECT RES.* 
     
    FROM ACT_RU_JOB RES
     
     WHERE  RES.PROCESS_INSTANCE_ID_ = ? 
   
     ORDER BY  ORDER[*] BY RES.ID_ ASC  
    LIMIT ? OFFSET ? &quot;; expected &quot;=, NOT, EXISTS, INTERSECTS, SELECT, FROM&quot;; SQL statement:
select RES.* 
     
    from ACT_RU_JOB RES
     
     WHERE  RES.PROCESS_INSTANCE_ID_ = ? 
   
     order by  order by RES.ID_ asc  
    LIMIT ? OFFSET ? [42001-176]
### The error may exist in org/activiti/db/mapping/entity/Job.xml
### The error may involve org.activiti.engine.impl.persistence.entity.JobEntity.selectJobByQueryCriteria
### The error occurred while executing a query
### SQL: select RES.*            from ACT_RU_JOB RES            WHERE  RES.PROCESS_INSTANCE_ID_ = ?           order by  order by RES.ID_ asc       LIMIT ? OFFSET ?
### Cause: org.h2.jdbc.JdbcSQLException: Syntax error in SQL statement &quot;SELECT RES.* 
     
    FROM ACT_RU_JOB RES
     
     WHERE  RES.PROCESS_INSTANCE_ID_ = ? 
   
     ORDER BY  ORDER[*] BY RES.ID_ ASC  
    LIMIT ? OFFSET ? &quot;; expected &quot;=, NOT, EXISTS, INTERSECTS, SELECT, FROM&quot;; SQL statement:
select RES.* 
     
    from ACT_RU_JOB RES
     
     WHERE  RES.PROCESS_INSTANCE_ID_ = ? 
   
     order by  order by RES.ID_ asc  
    LIMIT ? OFFSET ? [42001-176]
	at org.apache.ibatis.exceptions.ExceptionFactory.wrapException(ExceptionFactory.java:30)
	at org.apache.ibatis.session.defaults.DefaultSqlSession.selectList(DefaultSqlSession.java:122)
	at org.apache.ibatis.session.defaults.DefaultSqlSession.selectList(DefaultSqlSession.java:113)
	at org.activiti.engine.impl.db.DbSqlSession.selectListWithRawParameter(DbSqlSession.java:438)
	at org.activiti.engine.impl.db.DbSqlSession.selectList(DbSqlSession.java:429)
	at org.activiti.engine.impl.db.DbSqlSession.selectList(DbSqlSession.java:419)
	at org.activiti.engine.impl.persistence.entity.JobEntityManager.findJobsByQueryCriteria(JobEntityManager.java:198)
	at org.activiti.engine.impl.JobQueryImpl.executeList(JobQueryImpl.java:243)
	at org.activiti.engine.impl.AbstractQuery.executeSingleResult(AbstractQuery.java:183)
	at org.activiti.engine.impl.AbstractQuery.execute(AbstractQuery.java:166)
	at org.activiti.engine.impl.interceptor.CommandInvoker.execute(CommandInvoker.java:24)
	at org.activiti.engine.impl.interceptor.CommandContextInterceptor.execute(CommandContextInterceptor.java:57)
	at org.activiti.engine.impl.interceptor.LogInterceptor.execute(LogInterceptor.java:37)
	at org.activiti.engine.impl.cfg.CommandExecutorImpl.execute(CommandExecutorImpl.java:40)
	at org.activiti.engine.impl.cfg.CommandExecutorImpl.execute(CommandExecutorImpl.java:35)
	at org.activiti.engine.impl.AbstractQuery.singleResult(AbstractQuery.java:129)
	at org.activiti.engine.test.api.mgmt.JobQueryTest.setRetries(JobQueryTest.java:356)
	at org.activiti.engine.test.api.mgmt.JobQueryTest.testQuerySorting(JobQueryTest.java:314)
	at sun.reflect.NativeMethodAccessorImpl.invoke0(Native Method)
	at sun.reflect.NativeMethodAccessorImpl.invoke(NativeMethodAccessorImpl.java:62)
	at sun.reflect.DelegatingMethodAccessorImpl.invoke(DelegatingMethodAccessorImpl.java:43)
	at java.lang.reflect.Method.invoke(Method.java:498)
	at junit.framework.TestCase.runTest(TestCase.java:176)
	at org.activiti.engine.impl.test.PvmTestCase.runTest(PvmTestCase.java:65)
	at junit.framework.TestCase.runBare(TestCase.java:141)
	at org.activiti.engine.impl.test.AbstractActivitiTestCase.runBare(AbstractActivitiTestCase.java:100)
	at junit.framework.TestResult$1.protect(TestResult.java:122)
	at junit.framework.TestResult.runProtected(TestResult.java:142)
	at junit.framework.TestResult.run(TestResult.java:125)
	at junit.framework.TestCase.run(TestCase.java:129)
	at junit.framework.TestSuite.runTest(TestSuite.java:255)
	at junit.framework.TestSuite.run(TestSuite.java:250)
	at org.junit.internal.runners.JUnit38ClassRunner.run(JUnit38ClassRunner.java:84)
	at org.apache.maven.surefire.junit4.JUnit4TestSet.execute(JUnit4TestSet.java:35)
	at org.apache.maven.surefire.junit4.JUnit4Provider.executeTestSet(JUnit4Provider.java:146)
	at org.apache.maven.surefire.junit4.JUnit4Provider.invoke(JUnit4Provider.java:97)
	at sun.reflect.NativeMethodAccessorImpl.invoke0(Native Method)
	at sun.reflect.NativeMethodAccessorImpl.invoke(NativeMethodAccessorImpl.java:62)
	at sun.reflect.DelegatingMethodAccessorImpl.invoke(DelegatingMethodAccessorImpl.java:43)
	at java.lang.reflect.Method.invoke(Method.java:498)
	at org.apache.maven.surefire.booter.ProviderFactory$ClassLoaderProxy.invoke(ProviderFactory.java:103)
	at com.sun.proxy.$Proxy0.invoke(Unknown Source)
	at org.apache.maven.surefire.booter.SurefireStarter.invokeProvider(SurefireStarter.java:145)
	at org.apache.maven.surefire.booter.SurefireStarter.runSuitesInProcess(SurefireStarter.java:87)
	at org.apache.maven.surefire.booter.ForkedBooter.main(ForkedBooter.java:69)
Caused by: org.h2.jdbc.JdbcSQLException: Syntax error in SQL statement &quot;SELECT RES.* 
     
    FROM ACT_RU_JOB RES
     
     WHERE  RES.PROCESS_INSTANCE_ID_ = ? 
   
     ORDER BY  ORDER[*] BY RES.ID_ ASC  
    LIMIT ? OFFSET ? &quot;; expected &quot;=, NOT, EXISTS, INTERSECTS, SELECT, FROM&quot;; SQL statement:
select RES.* 
     
    from ACT_RU_JOB RES
     
     WHERE  RES.PROCESS_INSTANCE_ID_ = ? 
   
     order by  order by RES.ID_ asc  
    LIMIT ? OFFSET ? [42001-176]
	at org.h2.message.DbException.getJdbcSQLException(DbException.java:344)
	at org.h2.message.DbException.getSyntaxError(DbException.java:204)
	at org.h2.command.Parser.getSyntaxError(Parser.java:524)
	at org.h2.command.Parser.readTerm(Parser.java:2688)
	at org.h2.command.Parser.readFactor(Parser.java:2244)
	at org.h2.command.Parser.readSum(Parser.java:2231)
	at org.h2.command.Parser.readConcat(Parser.java:2201)
	at org.h2.command.Parser.readCondition(Parser.java:2051)
	at org.h2.command.Parser.readAnd(Parser.java:2023)
	at org.h2.command.Parser.readExpression(Parser.java:2015)
	at org.h2.command.Parser.parseEndOfQuery(Parser.java:1726)
	at org.h2.command.Parser.parseSelectUnionExtension(Parser.java:1706)
	at org.h2.command.Parser.parseSelectUnion(Parser.java:1675)
	at org.h2.command.Parser.parseSelect(Parser.java:1662)
	at org.h2.command.Parser.parsePrepared(Parser.java:434)
	at org.h2.command.Parser.parse(Parser.java:306)
	at org.h2.command.Parser.parse(Parser.java:282)
	at org.h2.command.Parser.prepareCommand(Parser.java:243)
	at org.h2.engine.Session.prepareLocal(Session.java:442)
	at org.h2.engine.Session.prepareCommand(Session.java:384)
	at org.h2.jdbc.JdbcConnection.prepareCommand(JdbcConnection.java:1188)
	at org.h2.jdbc.JdbcPreparedStatement.&lt;init&gt;(JdbcPreparedStatement.java:73)
	at org.h2.jdbc.JdbcConnection.prepareStatement(JdbcConnection.java:276)
	at sun.reflect.GeneratedMethodAccessor6.invoke(Unknown Source)
	at sun.reflect.DelegatingMethodAccessorImpl.invoke(DelegatingMethodAccessorImpl.java:43)
	at java.lang.reflect.Method.invoke(Method.java:498)
	at org.apache.ibatis.datasource.pooled.PooledConnection.invoke(PooledConnection.java:245)
	at com.sun.proxy.$Proxy12.prepareStatement(Unknown Source)
	at sun.reflect.GeneratedMethodAccessor6.invoke(Unknown Source)
	at sun.reflect.DelegatingMethodAccessorImpl.invoke(DelegatingMethodAccessorImpl.java:43)
	at java.lang.reflect.Method.invoke(Method.java:498)
	at org.apache.ibatis.logging.jdbc.ConnectionLogger.invoke(ConnectionLogger.java:55)
	at com.sun.proxy.$Proxy12.prepareStatement(Unknown Source)
	at org.apache.ibatis.executor.statement.PreparedStatementHandler.instantiateStatement(PreparedStatementHandler.java:79)
	at org.apache.ibatis.executor.statement.BaseStatementHandler.prepare(BaseStatementHandler.java:88)
	at org.apache.ibatis.executor.statement.RoutingStatementHandler.prepare(RoutingStatementHandler.java:58)
	at org.apache.ibatis.executor.SimpleExecutor.prepareStatement(SimpleExecutor.java:76)
	at org.apache.ibatis.executor.SimpleExecutor.doQuery(SimpleExecutor.java:61)
	at org.apache.ibatis.executor.BaseExecutor.queryFromDatabase(BaseExecutor.java:303)
	at org.apache.ibatis.executor.BaseExecutor.query(BaseExecutor.java:154)
	at org.apache.ibatis.executor.CachingExecutor.query(CachingExecutor.java:102)
	at org.apache.ibatis.executor.CachingExecutor.query(CachingExecutor.java:82)
	at org.apache.ibatis.session.defaults.DefaultSqlSession.selectList(DefaultSqlSession.java:120)
	... 43 more
10:44:57,183 [main] DEBUG org.activiti.engine.impl.test.PvmTestCase  - #### END JobQueryTest.testQuerySorting #############################################################
10:44:57,183 [main] DEBUG org.activiti.engine.impl.interceptor.LogInterceptor  - 

10:44:57,183 [main] DEBUG org.activiti.engine.impl.interceptor.LogInterceptor  - --- starting DeleteDeploymentCmd --------------------------------------------------------
10:44:57,183 [main] DEBUG org.apache.ibatis.transaction.jdbc.JdbcTransaction  - Opening JDBC Connection
10:44:57,183 [main] DEBUG org.apache.ibatis.datasource.pooled.PooledDataSource  - Checked out connection 363509958 from pool.
10:44:57,183 [main] DEBUG org.apache.ibatis.transaction.jdbc.JdbcTransaction  - Setting autocommit to false on JDBC Connection [conn2: url=jdbc:h2:mem:activiti user=SA]
10:44:57,184 [main] DEBUG org.activiti.engine.impl.persistence.entity.DeploymentEntity.selectDeploymentById  - ==&gt;  Preparing: select * from ACT_RE_DEPLOYMENT where ID_ = ? 
10:44:57,184 [main] DEBUG org.activiti.engine.impl.persistence.entity.DeploymentEntity.selectDeploymentById  - ==&gt; Parameters: 1636(String)
10:44:57,184 [main] DEBUG org.activiti.engine.impl.persistence.entity.DeploymentEntity.selectDeploymentById  - &lt;==      Total: 1
10:44:57,184 [main] DEBUG org.activiti.engine.impl.persistence.entity.ProcessDefinitionEntity.selectProcessDefinitionsByQueryCriteria  - ==&gt;  Preparing: select RES.* from ACT_RE_PROCDEF RES WHERE RES.DEPLOYMENT_ID_ = ? order by order by RES.ID_ asc LIMIT ? OFFSET ? 
10:44:57,184 [main] DEBUG org.activiti.engine.impl.interceptor.CommandContext  - Error while closing command context
org.apache.ibatis.exceptions.PersistenceException: 
### Error querying database.  Cause: org.h2.jdbc.JdbcSQLException: Syntax error in SQL statement &quot;SELECT RES.* 
       
    FROM ACT_RE_PROCDEF RES
     
     WHERE  RES.DEPLOYMENT_ID_ = ? 
   
     ORDER BY  ORDER[*] BY RES.ID_ ASC  
    LIMIT ? OFFSET ? &quot;; expected &quot;=, NOT, EXISTS, INTERSECTS, SELECT, FROM&quot;; SQL statement:
select RES.* 
       
    from ACT_RE_PROCDEF RES
     
     WHERE  RES.DEPLOYMENT_ID_ = ? 
   
     order by  order by RES.ID_ asc  
    LIMIT ? OFFSET ? [42001-176]
### The error may exist in org/activiti/db/mapping/entity/ProcessDefinition.xml
### The error may involve org.activiti.engine.impl.persistence.entity.ProcessDefinitionEntity.selectProcessDefinitionsByQueryCriteria
### The error occurred while executing a query
### SQL: select RES.*              from ACT_RE_PROCDEF RES            WHERE  RES.DEPLOYMENT_ID_ = ?           order by  order by RES.ID_ asc       LIMIT ? OFFSET ?
### Cause: org.h2.jdbc.JdbcSQLException: Syntax error in SQL statement &quot;SELECT RES.* 
       
    FROM ACT_RE_PROCDEF RES
     
     WHERE  RES.DEPLOYMENT_ID_ = ? 
   
     ORDER BY  ORDER[*] BY RES.ID_ ASC  
    LIMIT ? OFFSET ? &quot;; expected &quot;=, NOT, EXISTS, INTERSECTS, SELECT, FROM&quot;; SQL statement:
select RES.* 
       
    from ACT_RE_PROCDEF RES
     
     WHERE  RES.DEPLOYMENT_ID_ = ? 
   
     order by  order by RES.ID_ asc  
    LIMIT ? OFFSET ? [42001-176]
	at org.apache.ibatis.exceptions.ExceptionFactory.wrapException(ExceptionFactory.java:30)
	at org.apache.ibatis.session.defaults.DefaultSqlSession.selectList(DefaultSqlSession.java:122)
	at org.apache.ibatis.session.defaults.DefaultSqlSession.selectList(DefaultSqlSession.java:113)
	at org.activiti.engine.impl.db.DbSqlSession.selectListWithRawParameter(DbSqlSession.java:438)
	at org.activiti.engine.impl.db.DbSqlSession.selectList(DbSqlSession.java:429)
	at org.activiti.engine.impl.db.DbSqlSession.selectList(DbSqlSession.java:419)
	at org.activiti.engine.impl.persistence.entity.ProcessDefinitionEntityManager.findProcessDefinitionsByQueryCriteria(ProcessDefinitionEntityManager.java:57)
	at org.activiti.engine.impl.ProcessDefinitionQueryImpl.executeList(ProcessDefinitionQueryImpl.java:307)
	at org.activiti.engine.impl.AbstractQuery.list(AbstractQuery.java:140)
	at org.activiti.engine.impl.persistence.deploy.DeploymentManager.removeDeployment(DeploymentManager.java:187)
	at org.activiti.engine.impl.cmd.DeleteDeploymentCmd.execute(DeleteDeploymentCmd.java:44)
	at org.activiti.engine.impl.cmd.DeleteDeploymentCmd.execute(DeleteDeploymentCmd.java:24)
	at org.activiti.engine.impl.interceptor.CommandInvoker.execute(CommandInvoker.java:24)
	at org.activiti.engine.impl.interceptor.CommandContextInterceptor.execute(CommandContextInterceptor.java:57)
	at org.activiti.engine.impl.interceptor.LogInterceptor.execute(LogInterceptor.java:37)
	at org.activiti.engine.impl.cfg.CommandExecutorImpl.execute(CommandExecutorImpl.java:40)
	at org.activiti.engine.impl.cfg.CommandExecutorImpl.execute(CommandExecutorImpl.java:35)
	at org.activiti.engine.impl.RepositoryServiceImpl.deleteDeployment(RepositoryServiceImpl.java:90)
	at org.activiti.engine.test.api.mgmt.JobQueryTest.tearDown(JobQueryTest.java:116)
	at junit.framework.TestCase.runBare(TestCase.java:146)
	at org.activiti.engine.impl.test.AbstractActivitiTestCase.runBare(AbstractActivitiTestCase.java:100)
	at junit.framework.TestResult$1.protect(TestResult.java:122)
	at junit.framework.TestResult.runProtected(TestResult.java:142)
	at junit.framework.TestResult.run(TestResult.java:125)
	at junit.framework.TestCase.run(TestCase.java:129)
	at junit.framework.TestSuite.runTest(TestSuite.java:255)
	at junit.framework.TestSuite.run(TestSuite.java:250)
	at org.junit.internal.runners.JUnit38ClassRunner.run(JUnit38ClassRunner.java:84)
	at org.apache.maven.surefire.junit4.JUnit4TestSet.execute(JUnit4TestSet.java:35)
	at org.apache.maven.surefire.junit4.JUnit4Provider.executeTestSet(JUnit4Provider.java:146)
	at org.apache.maven.surefire.junit4.JUnit4Provider.invoke(JUnit4Provider.java:97)
	at sun.reflect.NativeMethodAccessorImpl.invoke0(Native Method)
	at sun.reflect.NativeMethodAccessorImpl.invoke(NativeMethodAccessorImpl.java:62)
	at sun.reflect.DelegatingMethodAccessorImpl.invoke(DelegatingMethodAccessorImpl.java:43)
	at java.lang.reflect.Method.invoke(Method.java:498)
	at org.apache.maven.surefire.booter.ProviderFactory$ClassLoaderProxy.invoke(ProviderFactory.java:103)
	at com.sun.proxy.$Proxy0.invoke(Unknown Source)
	at org.apache.maven.surefire.booter.SurefireStarter.invokeProvider(SurefireStarter.java:145)
	at org.apache.maven.surefire.booter.SurefireStarter.runSuitesInProcess(SurefireStarter.java:87)
	at org.apache.maven.surefire.booter.ForkedBooter.main(ForkedBooter.java:69)
Caused by: org.h2.jdbc.JdbcSQLException: Syntax error in SQL statement &quot;SELECT RES.* 
       
    FROM ACT_RE_PROCDEF RES
     
     WHERE  RES.DEPLOYMENT_ID_ = ? 
   
     ORDER BY  ORDER[*] BY RES.ID_ ASC  
    LIMIT ? OFFSET ? &quot;; expected &quot;=, NOT, EXISTS, INTERSECTS, SELECT, FROM&quot;; SQL statement:
select RES.* 
       
    from ACT_RE_PROCDEF RES
     
     WHERE  RES.DEPLOYMENT_ID_ = ? 
   
     order by  order by RES.ID_ asc  
    LIMIT ? OFFSET ? [42001-176]
	at org.h2.message.DbException.getJdbcSQLException(DbException.java:344)
	at org.h2.message.DbException.getSyntaxError(DbException.java:204)
	at org.h2.command.Parser.getSyntaxError(Parser.java:524)
	at org.h2.command.Parser.readTerm(Parser.java:2688)
	at org.h2.command.Parser.readFactor(Parser.java:2244)
	at org.h2.command.Parser.readSum(Parser.java:2231)
	at org.h2.command.Parser.readConcat(Parser.java:2201)
	at org.h2.command.Parser.readCondition(Parser.java:2051)
	at org.h2.command.Parser.readAnd(Parser.java:2023)
	at org.h2.command.Parser.readExpression(Parser.java:2015)
	at org.h2.command.Parser.parseEndOfQuery(Parser.java:1726)
	at org.h2.command.Parser.parseSelectUnionExtension(Parser.java:1706)
	at org.h2.command.Parser.parseSelectUnion(Parser.java:1675)
	at org.h2.command.Parser.parseSelect(Parser.java:1662)
	at org.h2.command.Parser.parsePrepared(Parser.java:434)
	at org.h2.command.Parser.parse(Parser.java:306)
	at org.h2.command.Parser.parse(Parser.java:282)
	at org.h2.command.Parser.prepareCommand(Parser.java:243)
	at org.h2.engine.Session.prepareLocal(Session.java:442)
	at org.h2.engine.Session.prepareCommand(Session.java:384)
	at org.h2.jdbc.JdbcConnection.prepareCommand(JdbcConnection.java:1188)
	at org.h2.jdbc.JdbcPreparedStatement.&lt;init&gt;(JdbcPreparedStatement.java:73)
	at org.h2.jdbc.JdbcConnection.prepareStatement(JdbcConnection.java:276)
	at sun.reflect.GeneratedMethodAccessor6.invoke(Unknown Source)
	at sun.reflect.DelegatingMethodAccessorImpl.invoke(DelegatingMethodAccessorImpl.java:43)
	at java.lang.reflect.Method.invoke(Method.java:498)
	at org.apache.ibatis.datasource.pooled.PooledConnection.invoke(PooledConnection.java:245)
	at com.sun.proxy.$Proxy12.prepareStatement(Unknown Source)
	at sun.reflect.GeneratedMethodAccessor6.invoke(Unknown Source)
	at sun.reflect.DelegatingMethodAccessorImpl.invoke(DelegatingMethodAccessorImpl.java:43)
	at java.lang.reflect.Method.invoke(Method.java:498)
	at org.apache.ibatis.logging.jdbc.ConnectionLogger.invoke(ConnectionLogger.java:55)
	at com.sun.proxy.$Proxy12.prepareStatement(Unknown Source)
	at org.apache.ibatis.executor.statement.PreparedStatementHandler.instantiateStatement(PreparedStatementHandler.java:79)
	at org.apache.ibatis.executor.statement.BaseStatementHandler.prepare(BaseStatementHandler.java:88)
	at org.apache.ibatis.executor.statement.RoutingStatementHandler.prepare(RoutingStatementHandler.java:58)
	at org.apache.ibatis.executor.SimpleExecutor.prepareStatement(SimpleExecutor.java:76)
	at org.apache.ibatis.executor.SimpleExecutor.doQuery(SimpleExecutor.java:61)
	at org.apache.ibatis.executor.BaseExecutor.queryFromDatabase(BaseExecutor.java:303)
	at org.apache.ibatis.executor.BaseExecutor.query(BaseExecutor.java:154)
	at org.apache.ibatis.executor.CachingExecutor.query(CachingExecutor.java:102)
	at org.apache.ibatis.executor.CachingExecutor.query(CachingExecutor.java:82)
	at org.apache.ibatis.session.defaults.DefaultSqlSession.selectList(DefaultSqlSession.java:120)
	... 38 more
10:44:57,184 [main] DEBUG org.activiti.engine.impl.cfg.standalone.StandaloneMybatisTransactionContext  - firing event rolling back...
10:44:57,184 [main] DEBUG org.activiti.engine.impl.cfg.standalone.StandaloneMybatisTransactionContext  - rolling back ibatis sql session...
10:44:57,184 [main] DEBUG org.activiti.engine.impl.cfg.standalone.StandaloneMybatisTransactionContext  - firing event rolled back...
10:44:57,184 [main] DEBUG org.apache.ibatis.transaction.jdbc.JdbcTransaction  - Resetting autocommit to true on JDBC Connection [conn2: url=jdbc:h2:mem:activiti user=SA]
10:44:57,184 [main] DEBUG org.apache.ibatis.transaction.jdbc.JdbcTransaction  - Closing JDBC Connection [conn2: url=jdbc:h2:mem:activiti user=SA]
10:44:57,184 [main] DEBUG org.apache.ibatis.datasource.pooled.PooledDataSource  - Returned connection 363509958 to pool.
10:44:57,184 [main] DEBUG org.activiti.engine.impl.interceptor.LogInterceptor  - --- DeleteDeploymentCmd finished --------------------------------------------------------
10:44:57,184 [main] DEBUG org.activiti.engine.impl.interceptor.LogInterceptor  - 

10:44:57,184 [main] ERROR org.activiti.engine.impl.test.PvmTestCase  - 

10:44:57,184 [main] ERROR org.activiti.engine.impl.test.PvmTestCase  - EXCEPTION: org.apache.ibatis.exceptions.PersistenceException: 
### Error querying database.  Cause: org.h2.jdbc.JdbcSQLException: Syntax error in SQL statement &quot;SELECT RES.* 
     
    FROM ACT_RU_JOB RES
     
     WHERE  RES.PROCESS_INSTANCE_ID_ = ? 
   
     ORDER BY  ORDER[*] BY RES.ID_ ASC  
    LIMIT ? OFFSET ? &quot;; expected &quot;=, NOT, EXISTS, INTERSECTS, SELECT, FROM&quot;; SQL statement:
select RES.* 
     
    from ACT_RU_JOB RES
     
     WHERE  RES.PROCESS_INSTANCE_ID_ = ? 
   
     order by  order by RES.ID_ asc  
    LIMIT ? OFFSET ? [42001-176]
### The error may exist in org/activiti/db/mapping/entity/Job.xml
### The error may involve org.activiti.engine.impl.persistence.entity.JobEntity.selectJobByQueryCriteria
### The error occurred while executing a query
### SQL: select RES.*            from ACT_RU_JOB RES            WHERE  RES.PROCESS_INSTANCE_ID_ = ?           order by  order by RES.ID_ asc       LIMIT ? OFFSET ?
### Cause: org.h2.jdbc.JdbcSQLException: Syntax error in SQL statement &quot;SELECT RES.* 
     
    FROM ACT_RU_JOB RES
     
     WHERE  RES.PROCESS_INSTANCE_ID_ = ? 
   
     ORDER BY  ORDER[*] BY RES.ID_ ASC  
    LIMIT ? OFFSET ? &quot;; expected &quot;=, NOT, EXISTS, INTERSECTS, SELECT, FROM&quot;; SQL statement:
select RES.* 
     
    from ACT_RU_JOB RES
     
     WHERE  RES.PROCESS_INSTANCE_ID_ = ? 
   
     order by  order by RES.ID_ asc  
    LIMIT ? OFFSET ? [42001-176]
org.apache.ibatis.exceptions.PersistenceException: 
### Error querying database.  Cause: org.h2.jdbc.JdbcSQLException: Syntax error in SQL statement &quot;SELECT RES.* 
     
    FROM ACT_RU_JOB RES
     
     WHERE  RES.PROCESS_INSTANCE_ID_ = ? 
   
     ORDER BY  ORDER[*] BY RES.ID_ ASC  
    LIMIT ? OFFSET ? &quot;; expected &quot;=, NOT, EXISTS, INTERSECTS, SELECT, FROM&quot;; SQL statement:
select RES.* 
     
    from ACT_RU_JOB RES
     
     WHERE  RES.PROCESS_INSTANCE_ID_ = ? 
   
     order by  order by RES.ID_ asc  
    LIMIT ? OFFSET ? [42001-176]
### The error may exist in org/activiti/db/mapping/entity/Job.xml
### The error may involve org.activiti.engine.impl.persistence.entity.JobEntity.selectJobByQueryCriteria
### The error occurred while executing a query
### SQL: select RES.*            from ACT_RU_JOB RES            WHERE  RES.PROCESS_INSTANCE_ID_ = ?           order by  order by RES.ID_ asc       LIMIT ? OFFSET ?
### Cause: org.h2.jdbc.JdbcSQLException: Syntax error in SQL statement &quot;SELECT RES.* 
     
    FROM ACT_RU_JOB RES
     
     WHERE  RES.PROCESS_INSTANCE_ID_ = ? 
   
     ORDER BY  ORDER[*] BY RES.ID_ ASC  
    LIMIT ? OFFSET ? &quot;; expected &quot;=, NOT, EXISTS, INTERSECTS, SELECT, FROM&quot;; SQL statement:
select RES.* 
     
    from ACT_RU_JOB RES
     
     WHERE  RES.PROCESS_INSTANCE_ID_ = ? 
   
     order by  order by RES.ID_ asc  
    LIMIT ? OFFSET ? [42001-176]
	at org.apache.ibatis.exceptions.ExceptionFactory.wrapException(ExceptionFactory.java:30)
	at org.apache.ibatis.session.defaults.DefaultSqlSession.selectList(DefaultSqlSession.java:122)
	at org.apache.ibatis.session.defaults.DefaultSqlSession.selectList(DefaultSqlSession.java:113)
	at org.activiti.engine.impl.db.DbSqlSession.selectListWithRawParameter(DbSqlSession.java:438)
	at org.activiti.engine.impl.db.DbSqlSession.selectList(DbSqlSession.java:429)
	at org.activiti.engine.impl.db.DbSqlSession.selectList(DbSqlSession.java:419)
	at org.activiti.engine.impl.persistence.entity.JobEntityManager.findJobsByQueryCriteria(JobEntityManager.java:198)
	at org.activiti.engine.impl.JobQueryImpl.executeList(JobQueryImpl.java:243)
	at org.activiti.engine.impl.AbstractQuery.executeSingleResult(AbstractQuery.java:183)
	at org.activiti.engine.impl.AbstractQuery.execute(AbstractQuery.java:166)
	at org.activiti.engine.impl.interceptor.CommandInvoker.execute(CommandInvoker.java:24)
	at org.activiti.engine.impl.interceptor.CommandContextInterceptor.execute(CommandContextInterceptor.java:57)
	at org.activiti.engine.impl.interceptor.LogInterceptor.execute(LogInterceptor.java:37)
	at org.activiti.engine.impl.cfg.CommandExecutorImpl.execute(CommandExecutorImpl.java:40)
	at org.activiti.engine.impl.cfg.CommandExecutorImpl.execute(CommandExecutorImpl.java:35)
	at org.activiti.engine.impl.AbstractQuery.singleResult(AbstractQuery.java:129)
	at org.activiti.engine.test.api.mgmt.JobQueryTest.setRetries(JobQueryTest.java:356)
	at org.activiti.engine.test.api.mgmt.JobQueryTest.testQuerySorting(JobQueryTest.java:314)
	at sun.reflect.NativeMethodAccessorImpl.invoke0(Native Method)
	at sun.reflect.NativeMethodAccessorImpl.invoke(NativeMethodAccessorImpl.java:62)
	at sun.reflect.DelegatingMethodAccessorImpl.invoke(DelegatingMethodAccessorImpl.java:43)
	at java.lang.reflect.Method.invoke(Method.java:498)
	at junit.framework.TestCase.runTest(TestCase.java:176)
	at org.activiti.engine.impl.test.PvmTestCase.runTest(PvmTestCase.java:65)
	at junit.framework.TestCase.runBare(TestCase.java:141)
	at org.activiti.engine.impl.test.AbstractActivitiTestCase.runBare(AbstractActivitiTestCase.java:100)
	at junit.framework.TestResult$1.protect(TestResult.java:122)
	at junit.framework.TestResult.runProtected(TestResult.java:142)
	at junit.framework.TestResult.run(TestResult.java:125)
	at junit.framework.TestCase.run(TestCase.java:129)
	at junit.framework.TestSuite.runTest(TestSuite.java:255)
	at junit.framework.TestSuite.run(TestSuite.java:250)
	at org.junit.internal.runners.JUnit38ClassRunner.run(JUnit38ClassRunner.java:84)
	at org.apache.maven.surefire.junit4.JUnit4TestSet.execute(JUnit4TestSet.java:35)
	at org.apache.maven.surefire.junit4.JUnit4Provider.executeTestSet(JUnit4Provider.java:146)
	at org.apache.maven.surefire.junit4.JUnit4Provider.invoke(JUnit4Provider.java:97)
	at sun.reflect.NativeMethodAccessorImpl.invoke0(Native Method)
	at sun.reflect.NativeMethodAccessorImpl.invoke(NativeMethodAccessorImpl.java:62)
	at sun.reflect.DelegatingMethodAccessorImpl.invoke(DelegatingMethodAccessorImpl.java:43)
	at java.lang.reflect.Method.invoke(Method.java:498)
	at org.apache.maven.surefire.booter.ProviderFactory$ClassLoaderProxy.invoke(ProviderFactory.java:103)
	at com.sun.proxy.$Proxy0.invoke(Unknown Source)
	at org.apache.maven.surefire.booter.SurefireStarter.invokeProvider(SurefireStarter.java:145)
	at org.apache.maven.surefire.booter.SurefireStarter.runSuitesInProcess(SurefireStarter.java:87)
	at org.apache.maven.surefire.booter.ForkedBooter.main(ForkedBooter.java:69)
Caused by: org.h2.jdbc.JdbcSQLException: Syntax error in SQL statement &quot;SELECT RES.* 
     
    FROM ACT_RU_JOB RES
     
     WHERE  RES.PROCESS_INSTANCE_ID_ = ? 
   
     ORDER BY  ORDER[*] BY RES.ID_ ASC  
    LIMIT ? OFFSET ? &quot;; expected &quot;=, NOT, EXISTS, INTERSECTS, SELECT, FROM&quot;; SQL statement:
select RES.* 
     
    from ACT_RU_JOB RES
     
     WHERE  RES.PROCESS_INSTANCE_ID_ = ? 
   
     order by  order by RES.ID_ asc  
    LIMIT ? OFFSET ? [42001-176]
	at org.h2.message.DbException.getJdbcSQLException(DbException.java:344)
	at org.h2.message.DbException.getSyntaxError(DbException.java:204)
	at org.h2.command.Parser.getSyntaxError(Parser.java:524)
	at org.h2.command.Parser.readTerm(Parser.java:2688)
	at org.h2.command.Parser.readFactor(Parser.java:2244)
	at org.h2.command.Parser.readSum(Parser.java:2231)
	at org.h2.command.Parser.readConcat(Parser.java:2201)
	at org.h2.command.Parser.readCondition(Parser.java:2051)
	at org.h2.command.Parser.readAnd(Parser.java:2023)
	at org.h2.command.Parser.readExpression(Parser.java:2015)
	at org.h2.command.Parser.parseEndOfQuery(Parser.java:1726)
	at org.h2.command.Parser.parseSelectUnionExtension(Parser.java:1706)
	at org.h2.command.Parser.parseSelectUnion(Parser.java:1675)
	at org.h2.command.Parser.parseSelect(Parser.java:1662)
	at org.h2.command.Parser.parsePrepared(Parser.java:434)
	at org.h2.command.Parser.parse(Parser.java:306)
	at org.h2.command.Parser.parse(Parser.java:282)
	at org.h2.command.Parser.prepareCommand(Parser.java:243)
	at org.h2.engine.Session.prepareLocal(Session.java:442)
	at org.h2.engine.Session.prepareCommand(Session.java:384)
	at org.h2.jdbc.JdbcConnection.prepareCommand(JdbcConnection.java:1188)
	at org.h2.jdbc.JdbcPreparedStatement.&lt;init&gt;(JdbcPreparedStatement.java:73)
	at org.h2.jdbc.JdbcConnection.prepareStatement(JdbcConnection.java:276)
	at sun.reflect.GeneratedMethodAccessor6.invoke(Unknown Source)
	at sun.reflect.DelegatingMethodAccessorImpl.invoke(DelegatingMethodAccessorImpl.java:43)
	at java.lang.reflect.Method.invoke(Method.java:498)
	at org.apache.ibatis.datasource.pooled.PooledConnection.invoke(PooledConnection.java:245)
	at com.sun.proxy.$Proxy12.prepareStatement(Unknown Source)
	at sun.reflect.GeneratedMethodAccessor6.invoke(Unknown Source)
	at sun.reflect.DelegatingMethodAccessorImpl.invoke(DelegatingMethodAccessorImpl.java:43)
	at java.lang.reflect.Method.invoke(Method.java:498)
	at org.apache.ibatis.logging.jdbc.ConnectionLogger.invoke(ConnectionLogger.java:55)
	at com.sun.proxy.$Proxy12.prepareStatement(Unknown Source)
	at org.apache.ibatis.executor.statement.PreparedStatementHandler.instantiateStatement(PreparedStatementHandler.java:79)
	at org.apache.ibatis.executor.statement.BaseStatementHandler.prepare(BaseStatementHandler.java:88)
	at org.apache.ibatis.executor.statement.RoutingStatementHandler.prepare(RoutingStatementHandler.java:58)
	at org.apache.ibatis.executor.SimpleExecutor.prepareStatement(SimpleExecutor.java:76)
	at org.apache.ibatis.executor.SimpleExecutor.doQuery(SimpleExecutor.java:61)
	at org.apache.ibatis.executor.BaseExecutor.queryFromDatabase(BaseExecutor.java:303)
	at org.apache.ibatis.executor.BaseExecutor.query(BaseExecutor.java:154)
	at org.apache.ibatis.executor.CachingExecutor.query(CachingExecutor.java:102)
	at org.apache.ibatis.executor.CachingExecutor.query(CachingExecutor.java:82)
	at org.apache.ibatis.session.defaults.DefaultSqlSession.selectList(DefaultSqlSession.java:120)
	... 43 more
10:44:57,184 [main] DEBUG org.activiti.engine.impl.test.PvmTestCase  - verifying that db is clean after test
10:44:57,184 [main] DEBUG org.activiti.engine.impl.interceptor.LogInterceptor  - 

10:44:57,184 [main] DEBUG org.activiti.engine.impl.interceptor.LogInterceptor  - --- starting GetTableCountCmd --------------------------------------------------------
10:44:57,184 [main] DEBUG org.apache.ibatis.transaction.jdbc.JdbcTransaction  - Opening JDBC Connection
10:44:57,184 [main] DEBUG org.apache.ibatis.datasource.pooled.PooledDataSource  - Checked out connection 180014677 from pool.
10:44:57,184 [main] DEBUG org.apache.ibatis.transaction.jdbc.JdbcTransaction  - Setting autocommit to false on JDBC Connection [conn3: url=jdbc:h2:mem:activiti user=SA]
10:44:57,184 [main] DEBUG org.activiti.engine.impl.persistence.entity.TableDataManager  - retrieving activiti tables from jdbc metadata
10:44:57,184 [main] DEBUG org.activiti.engine.impl.persistence.entity.TableDataManager  -   retrieved activiti table name ACT_EVT_LOG
10:44:57,184 [main] DEBUG org.activiti.engine.impl.persistence.entity.TableDataManager  -   retrieved activiti table name ACT_GE_BYTEARRAY
10:44:57,184 [main] DEBUG org.activiti.engine.impl.persistence.entity.TableDataManager  -   retrieved activiti table name ACT_GE_PROPERTY
10:44:57,184 [main] DEBUG org.activiti.engine.impl.persistence.entity.TableDataManager  -   retrieved activiti table name ACT_HI_ACTINST
10:44:57,184 [main] DEBUG org.activiti.engine.impl.persistence.entity.TableDataManager  -   retrieved activiti table name ACT_HI_ATTACHMENT
10:44:57,185 [main] DEBUG org.activiti.engine.impl.persistence.entity.TableDataManager  -   retrieved activiti table name ACT_HI_COMMENT
10:44:57,185 [main] DEBUG org.activiti.engine.impl.persistence.entity.TableDataManager  -   retrieved activiti table name ACT_HI_DETAIL
10:44:57,185 [main] DEBUG org.activiti.engine.impl.persistence.entity.TableDataManager  -   retrieved activiti table name ACT_HI_IDENTITYLINK
10:44:57,185 [main] DEBUG org.activiti.engine.impl.persistence.entity.TableDataManager  -   retrieved activiti table name ACT_HI_PROCINST
10:44:57,185 [main] DEBUG org.activiti.engine.impl.persistence.entity.TableDataManager  -   retrieved activiti table name ACT_HI_TASKINST
10:44:57,185 [main] DEBUG org.activiti.engine.impl.persistence.entity.TableDataManager  -   retrieved activiti table name ACT_HI_VARINST
10:44:57,185 [main] DEBUG org.activiti.engine.impl.persistence.entity.TableDataManager  -   retrieved activiti table name ACT_ID_GROUP
10:44:57,185 [main] DEBUG org.activiti.engine.impl.persistence.entity.TableDataManager  -   retrieved activiti table name ACT_ID_INFO
10:44:57,185 [main] DEBUG org.activiti.engine.impl.persistence.entity.TableDataManager  -   retrieved activiti table name ACT_ID_MEMBERSHIP
10:44:57,185 [main] DEBUG org.activiti.engine.impl.persistence.entity.TableDataManager  -   retrieved activiti table name ACT_ID_USER
10:44:57,185 [main] DEBUG org.activiti.engine.impl.persistence.entity.TableDataManager  -   retrieved activiti table name ACT_PROCDEF_INFO
10:44:57,185 [main] DEBUG org.activiti.engine.impl.persistence.entity.TableDataManager  -   retrieved activiti table name ACT_RE_DEPLOYMENT
10:44:57,185 [main] DEBUG org.activiti.engine.impl.persistence.entity.TableDataManager  -   retrieved activiti table name ACT_RE_MODEL
10:44:57,185 [main] DEBUG org.activiti.engine.impl.persistence.entity.TableDataManager  -   retrieved activiti table name ACT_RE_PROCDEF
10:44:57,185 [main] DEBUG org.activiti.engine.impl.persistence.entity.TableDataManager  -   retrieved activiti table name ACT_RU_EVENT_SUBSCR
10:44:57,185 [main] DEBUG org.activiti.engine.impl.persistence.entity.TableDataManager  -   retrieved activiti table name ACT_RU_EXECUTION
10:44:57,185 [main] DEBUG org.activiti.engine.impl.persistence.entity.TableDataManager  -   retrieved activiti table name ACT_RU_IDENTITYLINK
10:44:57,185 [main] DEBUG org.activiti.engine.impl.persistence.entity.TableDataManager  -   retrieved activiti table name ACT_RU_JOB
10:44:57,185 [main] DEBUG org.activiti.engine.impl.persistence.entity.TableDataManager  -   retrieved activiti table name ACT_RU_TASK
10:44:57,185 [main] DEBUG org.activiti.engine.impl.persistence.entity.TableDataManager  -   retrieved activiti table name ACT_RU_VARIABLE
10:44:57,185 [main] DEBUG org.activiti.engine.impl.persistence.entity.TableDataManager  - selecting table count for ACT_EVT_LOG
10:44:57,185 [main] DEBUG org.activiti.engine.impl.TablePageMap.selectTableCount  - ==&gt;  Preparing: select count(*) from ACT_EVT_LOG 
10:44:57,185 [main] DEBUG org.activiti.engine.impl.TablePageMap.selectTableCount  - ==&gt; Parameters: 
10:44:57,185 [main] DEBUG org.activiti.engine.impl.TablePageMap.selectTableCount  - &lt;==      Total: 1
10:44:57,185 [main] DEBUG org.activiti.engine.impl.persistence.entity.TableDataManager  - selecting table count for ACT_GE_BYTEARRAY
10:44:57,185 [main] DEBUG org.activiti.engine.impl.TablePageMap.selectTableCount  - ==&gt;  Preparing: select count(*) from ACT_GE_BYTEARRAY 
10:44:57,185 [main] DEBUG org.activiti.engine.impl.TablePageMap.selectTableCount  - ==&gt; Parameters: 
10:44:57,185 [main] DEBUG org.activiti.engine.impl.TablePageMap.selectTableCount  - &lt;==      Total: 1
10:44:57,185 [main] DEBUG org.activiti.engine.impl.persistence.entity.TableDataManager  - selecting table count for ACT_GE_PROPERTY
10:44:57,185 [main] DEBUG org.activiti.engine.impl.TablePageMap.selectTableCount  - ==&gt;  Preparing: select count(*) from ACT_GE_PROPERTY 
10:44:57,185 [main] DEBUG org.activiti.engine.impl.TablePageMap.selectTableCount  - ==&gt; Parameters: 
10:44:57,185 [main] DEBUG org.activiti.engine.impl.TablePageMap.selectTableCount  - &lt;==      Total: 1
10:44:57,185 [main] DEBUG org.activiti.engine.impl.persistence.entity.TableDataManager  - selecting table count for ACT_HI_ACTINST
10:44:57,185 [main] DEBUG org.activiti.engine.impl.TablePageMap.selectTableCount  - ==&gt;  Preparing: select count(*) from ACT_HI_ACTINST 
10:44:57,185 [main] DEBUG org.activiti.engine.impl.TablePageMap.selectTableCount  - ==&gt; Parameters: 
10:44:57,185 [main] DEBUG org.activiti.engine.impl.TablePageMap.selectTableCount  - &lt;==      Total: 1
10:44:57,185 [main] DEBUG org.activiti.engine.impl.persistence.entity.TableDataManager  - selecting table count for ACT_HI_ATTACHMENT
10:44:57,185 [main] DEBUG org.activiti.engine.impl.TablePageMap.selectTableCount  - ==&gt;  Preparing: select count(*) from ACT_HI_ATTACHMENT 
10:44:57,185 [main] DEBUG org.activiti.engine.impl.TablePageMap.selectTableCount  - ==&gt; Parameters: 
10:44:57,185 [main] DEBUG org.activiti.engine.impl.TablePageMap.selectTableCount  - &lt;==      Total: 1
10:44:57,185 [main] DEBUG org.activiti.engine.impl.persistence.entity.TableDataManager  - selecting table count for ACT_HI_COMMENT
10:44:57,185 [main] DEBUG org.activiti.engine.impl.TablePageMap.selectTableCount  - ==&gt;  Preparing: select count(*) from ACT_HI_COMMENT 
10:44:57,185 [main] DEBUG org.activiti.engine.impl.TablePageMap.selectTableCount  - ==&gt; Parameters: 
10:44:57,185 [main] DEBUG org.activiti.engine.impl.TablePageMap.selectTableCount  - &lt;==      Total: 1
10:44:57,185 [main] DEBUG org.activiti.engine.impl.persistence.entity.TableDataManager  - selecting table count for ACT_HI_DETAIL
10:44:57,185 [main] DEBUG org.activiti.engine.impl.TablePageMap.selectTableCount  - ==&gt;  Preparing: select count(*) from ACT_HI_DETAIL 
10:44:57,185 [main] DEBUG org.activiti.engine.impl.TablePageMap.selectTableCount  - ==&gt; Parameters: 
10:44:57,185 [main] DEBUG org.activiti.engine.impl.TablePageMap.selectTableCount  - &lt;==      Total: 1
10:44:57,185 [main] DEBUG org.activiti.engine.impl.persistence.entity.TableDataManager  - selecting table count for ACT_HI_IDENTITYLINK
10:44:57,185 [main] DEBUG org.activiti.engine.impl.TablePageMap.selectTableCount  - ==&gt;  Preparing: select count(*) from ACT_HI_IDENTITYLINK 
10:44:57,185 [main] DEBUG org.activiti.engine.impl.TablePageMap.selectTableCount  - ==&gt; Parameters: 
10:44:57,185 [main] DEBUG org.activiti.engine.impl.TablePageMap.selectTableCount  - &lt;==      Total: 1
10:44:57,185 [main] DEBUG org.activiti.engine.impl.persistence.entity.TableDataManager  - selecting table count for ACT_HI_PROCINST
10:44:57,185 [main] DEBUG org.activiti.engine.impl.TablePageMap.selectTableCount  - ==&gt;  Preparing: select count(*) from ACT_HI_PROCINST 
10:44:57,185 [main] DEBUG org.activiti.engine.impl.TablePageMap.selectTableCount  - ==&gt; Parameters: 
10:44:57,185 [main] DEBUG org.activiti.engine.impl.TablePageMap.selectTableCount  - &lt;==      Total: 1
10:44:57,185 [main] DEBUG org.activiti.engine.impl.persistence.entity.TableDataManager  - selecting table count for ACT_HI_TASKINST
10:44:57,185 [main] DEBUG org.activiti.engine.impl.TablePageMap.selectTableCount  - ==&gt;  Preparing: select count(*) from ACT_HI_TASKINST 
10:44:57,185 [main] DEBUG org.activiti.engine.impl.TablePageMap.selectTableCount  - ==&gt; Parameters: 
10:44:57,185 [main] DEBUG org.activiti.engine.impl.TablePageMap.selectTableCount  - &lt;==      Total: 1
10:44:57,185 [main] DEBUG org.activiti.engine.impl.persistence.entity.TableDataManager  - selecting table count for ACT_HI_VARINST
10:44:57,185 [main] DEBUG org.activiti.engine.impl.TablePageMap.selectTableCount  - ==&gt;  Preparing: select count(*) from ACT_HI_VARINST 
10:44:57,185 [main] DEBUG org.activiti.engine.impl.TablePageMap.selectTableCount  - ==&gt; Parameters: 
10:44:57,185 [main] DEBUG org.activiti.engine.impl.TablePageMap.selectTableCount  - &lt;==      Total: 1
10:44:57,185 [main] DEBUG org.activiti.engine.impl.persistence.entity.TableDataManager  - selecting table count for ACT_ID_GROUP
10:44:57,185 [main] DEBUG org.activiti.engine.impl.TablePageMap.selectTableCount  - ==&gt;  Preparing: select count(*) from ACT_ID_GROUP 
10:44:57,185 [main] DEBUG org.activiti.engine.impl.TablePageMap.selectTableCount  - ==&gt; Parameters: 
10:44:57,185 [main] DEBUG org.activiti.engine.impl.TablePageMap.selectTableCount  - &lt;==      Total: 1
10:44:57,185 [main] DEBUG org.activiti.engine.impl.persistence.entity.TableDataManager  - selecting table count for ACT_ID_INFO
10:44:57,185 [main] DEBUG org.activiti.engine.impl.TablePageMap.selectTableCount  - ==&gt;  Preparing: select count(*) from ACT_ID_INFO 
10:44:57,185 [main] DEBUG org.activiti.engine.impl.TablePageMap.selectTableCount  - ==&gt; Parameters: 
10:44:57,185 [main] DEBUG org.activiti.engine.impl.TablePageMap.selectTableCount  - &lt;==      Total: 1
10:44:57,185 [main] DEBUG org.activiti.engine.impl.persistence.entity.TableDataManager  - selecting table count for ACT_ID_MEMBERSHIP
10:44:57,185 [main] DEBUG org.activiti.engine.impl.TablePageMap.selectTableCount  - ==&gt;  Preparing: select count(*) from ACT_ID_MEMBERSHIP 
10:44:57,185 [main] DEBUG org.activiti.engine.impl.TablePageMap.selectTableCount  - ==&gt; Parameters: 
10:44:57,185 [main] DEBUG org.activiti.engine.impl.TablePageMap.selectTableCount  - &lt;==      Total: 1
10:44:57,185 [main] DEBUG org.activiti.engine.impl.persistence.entity.TableDataManager  - selecting table count for ACT_ID_USER
10:44:57,185 [main] DEBUG org.activiti.engine.impl.TablePageMap.selectTableCount  - ==&gt;  Preparing: select count(*) from ACT_ID_USER 
10:44:57,185 [main] DEBUG org.activiti.engine.impl.TablePageMap.selectTableCount  - ==&gt; Parameters: 
10:44:57,185 [main] DEBUG org.activiti.engine.impl.TablePageMap.selectTableCount  - &lt;==      Total: 1
10:44:57,185 [main] DEBUG org.activiti.engine.impl.persistence.entity.TableDataManager  - selecting table count for ACT_PROCDEF_INFO
10:44:57,185 [main] DEBUG org.activiti.engine.impl.TablePageMap.selectTableCount  - ==&gt;  Preparing: select count(*) from ACT_PROCDEF_INFO 
10:44:57,185 [main] DEBUG org.activiti.engine.impl.TablePageMap.selectTableCount  - ==&gt; Parameters: 
10:44:57,185 [main] DEBUG org.activiti.engine.impl.TablePageMap.selectTableCount  - &lt;==      Total: 1
10:44:57,185 [main] DEBUG org.activiti.engine.impl.persistence.entity.TableDataManager  - selecting table count for ACT_RE_DEPLOYMENT
10:44:57,185 [main] DEBUG org.activiti.engine.impl.TablePageMap.selectTableCount  - ==&gt;  Preparing: select count(*) from ACT_RE_DEPLOYMENT 
10:44:57,185 [main] DEBUG org.activiti.engine.impl.TablePageMap.selectTableCount  - ==&gt; Parameters: 
10:44:57,185 [main] DEBUG org.activiti.engine.impl.TablePageMap.selectTableCount  - &lt;==      Total: 1
10:44:57,185 [main] DEBUG org.activiti.engine.impl.persistence.entity.TableDataManager  - selecting table count for ACT_RE_MODEL
10:44:57,185 [main] DEBUG org.activiti.engine.impl.TablePageMap.selectTableCount  - ==&gt;  Preparing: select count(*) from ACT_RE_MODEL 
10:44:57,185 [main] DEBUG org.activiti.engine.impl.TablePageMap.selectTableCount  - ==&gt; Parameters: 
10:44:57,185 [main] DEBUG org.activiti.engine.impl.TablePageMap.selectTableCount  - &lt;==      Total: 1
10:44:57,185 [main] DEBUG org.activiti.engine.impl.persistence.entity.TableDataManager  - selecting table count for ACT_RE_PROCDEF
10:44:57,185 [main] DEBUG org.activiti.engine.impl.TablePageMap.selectTableCount  - ==&gt;  Preparing: select count(*) from ACT_RE_PROCDEF 
10:44:57,185 [main] DEBUG org.activiti.engine.impl.TablePageMap.selectTableCount  - ==&gt; Parameters: 
10:44:57,185 [main] DEBUG org.activiti.engine.impl.TablePageMap.selectTableCount  - &lt;==      Total: 1
10:44:57,185 [main] DEBUG org.activiti.engine.impl.persistence.entity.TableDataManager  - selecting table count for ACT_RU_EVENT_SUBSCR
10:44:57,185 [main] DEBUG org.activiti.engine.impl.TablePageMap.selectTableCount  - ==&gt;  Preparing: select count(*) from ACT_RU_EVENT_SUBSCR 
10:44:57,185 [main] DEBUG org.activiti.engine.impl.TablePageMap.selectTableCount  - ==&gt; Parameters: 
10:44:57,185 [main] DEBUG org.activiti.engine.impl.TablePageMap.selectTableCount  - &lt;==      Total: 1
10:44:57,185 [main] DEBUG org.activiti.engine.impl.persistence.entity.TableDataManager  - selecting table count for ACT_RU_EXECUTION
10:44:57,185 [main] DEBUG org.activiti.engine.impl.TablePageMap.selectTableCount  - ==&gt;  Preparing: select count(*) from ACT_RU_EXECUTION 
10:44:57,185 [main] DEBUG org.activiti.engine.impl.TablePageMap.selectTableCount  - ==&gt; Parameters: 
10:44:57,185 [main] DEBUG org.activiti.engine.impl.TablePageMap.selectTableCount  - &lt;==      Total: 1
10:44:57,185 [main] DEBUG org.activiti.engine.impl.persistence.entity.TableDataManager  - selecting table count for ACT_RU_IDENTITYLINK
10:44:57,185 [main] DEBUG org.activiti.engine.impl.TablePageMap.selectTableCount  - ==&gt;  Preparing: select count(*) from ACT_RU_IDENTITYLINK 
10:44:57,185 [main] DEBUG org.activiti.engine.impl.TablePageMap.selectTableCount  - ==&gt; Parameters: 
10:44:57,185 [main] DEBUG org.activiti.engine.impl.TablePageMap.selectTableCount  - &lt;==      Total: 1
10:44:57,185 [main] DEBUG org.activiti.engine.impl.persistence.entity.TableDataManager  - selecting table count for ACT_RU_JOB
10:44:57,185 [main] DEBUG org.activiti.engine.impl.TablePageMap.selectTableCount  - ==&gt;  Preparing: select count(*) from ACT_RU_JOB 
10:44:57,185 [main] DEBUG org.activiti.engine.impl.TablePageMap.selectTableCount  - ==&gt; Parameters: 
10:44:57,185 [main] DEBUG org.activiti.engine.impl.TablePageMap.selectTableCount  - &lt;==      Total: 1
10:44:57,185 [main] DEBUG org.activiti.engine.impl.persistence.entity.TableDataManager  - selecting table count for ACT_RU_TASK
10:44:57,185 [main] DEBUG org.activiti.engine.impl.TablePageMap.selectTableCount  - ==&gt;  Preparing: select count(*) from ACT_RU_TASK 
10:44:57,185 [main] DEBUG org.activiti.engine.impl.TablePageMap.selectTableCount  - ==&gt; Parameters: 
10:44:57,185 [main] DEBUG org.activiti.engine.impl.TablePageMap.selectTableCount  - &lt;==      Total: 1
10:44:57,185 [main] DEBUG org.activiti.engine.impl.persistence.entity.TableDataManager  - selecting table count for ACT_RU_VARIABLE
10:44:57,185 [main] DEBUG org.activiti.engine.impl.TablePageMap.selectTableCount  - ==&gt;  Preparing: select count(*) from ACT_RU_VARIABLE 
10:44:57,185 [main] DEBUG org.activiti.engine.impl.TablePageMap.selectTableCount  - ==&gt; Parameters: 
10:44:57,185 [main] DEBUG org.activiti.engine.impl.TablePageMap.selectTableCount  - &lt;==      Total: 1
10:44:57,185 [main] DEBUG org.activiti.engine.impl.persistence.entity.TableDataManager  - Number of rows per activiti table: {ACT_RU_EVENT_SUBSCR=0, ACT_ID_USER=0, ACT_HI_ATTACHMENT=0, ACT_GE_BYTEARRAY=1, ACT_RE_MODEL=0, ACT_RU_VARIABLE=0, ACT_RU_TASK=3, ACT_RE_DEPLOYMENT=1, ACT_RE_PROCDEF=1, ACT_ID_GROUP=0, ACT_HI_VARINST=0, ACT_HI_COMMENT=0, ACT_HI_PROCINST=3, ACT_ID_INFO=0, ACT_ID_MEMBERSHIP=0, ACT_RU_JOB=4, ACT_PROCDEF_INFO=0, ACT_HI_ACTINST=6, ACT_RU_EXECUTION=6, ACT_HI_TASKINST=3, ACT_HI_DETAIL=0, ACT_EVT_LOG=0, ACT_HI_IDENTITYLINK=0, ACT_RU_IDENTITYLINK=0, ACT_GE_PROPERTY=3}
10:44:57,185 [main] DEBUG org.activiti.engine.impl.db.DbSqlSession  - flush summary: 0 insert, 0 update, 0 delete.
10:44:57,185 [main] DEBUG org.activiti.engine.impl.db.DbSqlSession  - now executing flush...
10:44:57,185 [main] DEBUG org.activiti.engine.impl.cfg.standalone.StandaloneMybatisTransactionContext  - firing event committing...
10:44:57,185 [main] DEBUG org.activiti.engine.impl.cfg.standalone.StandaloneMybatisTransactionContext  - committing the ibatis sql session...
10:44:57,185 [main] DEBUG org.activiti.engine.impl.cfg.standalone.StandaloneMybatisTransactionContext  - firing event committed...
10:44:57,185 [main] DEBUG org.apache.ibatis.transaction.jdbc.JdbcTransaction  - Resetting autocommit to true on JDBC Connection [conn3: url=jdbc:h2:mem:activiti user=SA]
10:44:57,185 [main] DEBUG org.apache.ibatis.transaction.jdbc.JdbcTransaction  - Closing JDBC Connection [conn3: url=jdbc:h2:mem:activiti user=SA]
10:44:57,185 [main] DEBUG org.apache.ibatis.datasource.pooled.PooledDataSource  - Returned connection 180014677 to pool.
10:44:57,185 [main] DEBUG org.activiti.engine.impl.interceptor.LogInterceptor  - --- GetTableCountCmd finished --------------------------------------------------------
10:44:57,185 [main] DEBUG org.activiti.engine.impl.interceptor.LogInterceptor  - 

10:44:57,185 [main] ERROR org.activiti.engine.impl.test.PvmTestCase  - 

10:44:57,185 [main] ERROR org.activiti.engine.impl.test.PvmTestCase  - DB NOT CLEAN: 
  ACT_GE_BYTEARRAY: 1 record(s)   ACT_RU_TASK: 3 record(s)   ACT_RE_DEPLOYMENT: 1 record(s)   ACT_RE_PROCDEF: 1 record(s)   ACT_HI_PROCINST: 3 record(s)   ACT_RU_JOB: 4 record(s)   ACT_HI_ACTINST: 6 record(s)   ACT_RU_EXECUTION: 6 record(s)   ACT_HI_TASKINST: 3 record(s) 
10:44:57,185 [main] INFO  org.activiti.engine.impl.test.PvmTestCase  - dropping and recreating db
10:44:57,185 [main] DEBUG org.activiti.engine.impl.interceptor.LogInterceptor  - 

10:44:57,185 [main] DEBUG org.activiti.engine.impl.interceptor.LogInterceptor  - --- starting  --------------------------------------------------------
10:44:57,185 [main] INFO  org.activiti.engine.impl.db.DbSqlSession  - performing drop on engine with resource org/activiti/db/drop/activiti.h2.drop.engine.sql
10:44:57,185 [main] DEBUG org.apache.ibatis.transaction.jdbc.JdbcTransaction  - Opening JDBC Connection
10:44:57,185 [main] DEBUG org.apache.ibatis.datasource.pooled.PooledDataSource  - Checked out connection 297240765 from pool.
10:44:57,185 [main] DEBUG org.apache.ibatis.transaction.jdbc.JdbcTransaction  - Setting autocommit to false on JDBC Connection [conn4: url=jdbc:h2:mem:activiti user=SA]
10:44:57,185 [main] DEBUG org.activiti.engine.impl.db.DbSqlSession  - SQL: drop table if exists ACT_GE_PROPERTY cascade constraints
10:44:57,186 [main] DEBUG org.activiti.engine.impl.db.DbSqlSession  - SQL: drop table if exists ACT_GE_BYTEARRAY cascade constraints
10:44:57,186 [main] DEBUG org.activiti.engine.impl.db.DbSqlSession  - SQL: drop table if exists ACT_RE_DEPLOYMENT cascade constraints
10:44:57,186 [main] DEBUG org.activiti.engine.impl.db.DbSqlSession  - SQL: drop table if exists ACT_RE_MODEL cascade constraints
10:44:57,186 [main] DEBUG org.activiti.engine.impl.db.DbSqlSession  - SQL: drop table if exists ACT_RU_EXECUTION cascade constraints
10:44:57,186 [main] DEBUG org.activiti.engine.impl.db.DbSqlSession  - SQL: drop table if exists ACT_RU_JOB cascade constraints
10:44:57,186 [main] DEBUG org.activiti.engine.impl.db.DbSqlSession  - SQL: drop table if exists ACT_RE_PROCDEF cascade constraints
10:44:57,186 [main] DEBUG org.activiti.engine.impl.db.DbSqlSession  - SQL: drop table if exists ACT_RU_TASK cascade constraints
10:44:57,186 [main] DEBUG org.activiti.engine.impl.db.DbSqlSession  - SQL: drop table if exists ACT_RU_IDENTITYLINK cascade constraints
10:44:57,186 [main] DEBUG org.activiti.engine.impl.db.DbSqlSession  - SQL: drop table if exists ACT_RU_VARIABLE cascade constraints
10:44:57,186 [main] DEBUG org.activiti.engine.impl.db.DbSqlSession  - SQL: drop table if exists ACT_RU_EVENT_SUBSCR cascade constraints
10:44:57,186 [main] DEBUG org.activiti.engine.impl.db.DbSqlSession  - SQL: drop table if exists ACT_EVT_LOG cascade constraints
10:44:57,186 [main] DEBUG org.activiti.engine.impl.db.DbSqlSession  - SQL: drop table if exists ACT_PROCDEF_INFO cascade constraints
10:44:57,186 [main] DEBUG org.activiti.engine.impl.db.DbSqlSession  - SQL: drop index if exists ACT_IDX_EXEC_BUSKEY
10:44:57,186 [main] DEBUG org.activiti.engine.impl.db.DbSqlSession  - SQL: drop index if exists ACT_IDX_TASK_CREATE
10:44:57,186 [main] DEBUG org.activiti.engine.impl.db.DbSqlSession  - SQL: drop index if exists ACT_IDX_IDENT_LNK_USER
10:44:57,186 [main] DEBUG org.activiti.engine.impl.db.DbSqlSession  - SQL: drop index if exists ACT_IDX_IDENT_LNK_GROUP
10:44:57,186 [main] DEBUG org.activiti.engine.impl.db.DbSqlSession  - SQL: drop index if exists ACT_IDX_VARIABLE_TASK_ID
10:44:57,186 [main] DEBUG org.activiti.engine.impl.db.DbSqlSession  - SQL: drop index if exists ACT_IDX_EVENT_SUBSCR_CONFIG_
10:44:57,186 [main] DEBUG org.activiti.engine.impl.db.DbSqlSession  - SQL: drop index if exists ACT_IDX_ATHRZ_PROCEDEF
10:44:57,186 [main] DEBUG org.activiti.engine.impl.db.DbSqlSession  - SQL: drop index if exists ACT_IDX_INFO_PROCDEF
10:44:57,186 [main] DEBUG org.activiti.engine.impl.db.DbSqlSession  - activiti db schema drop for component engine successful
10:44:57,186 [main] INFO  org.activiti.engine.impl.db.DbSqlSession  - performing drop on history with resource org/activiti/db/drop/activiti.h2.drop.history.sql
10:44:57,186 [main] DEBUG org.activiti.engine.impl.db.DbSqlSession  - SQL: drop table if exists ACT_HI_PROCINST cascade constraints
10:44:57,186 [main] DEBUG org.activiti.engine.impl.db.DbSqlSession  - SQL: drop table if exists ACT_HI_ACTINST cascade constraints
10:44:57,186 [main] DEBUG org.activiti.engine.impl.db.DbSqlSession  - SQL: drop table if exists ACT_HI_VARINST cascade constraints
10:44:57,186 [main] DEBUG org.activiti.engine.impl.db.DbSqlSession  - SQL: drop table if exists ACT_HI_TASKINST cascade constraints
10:44:57,186 [main] DEBUG org.activiti.engine.impl.db.DbSqlSession  - SQL: drop table if exists ACT_HI_DETAIL cascade constraints
10:44:57,186 [main] DEBUG org.activiti.engine.impl.db.DbSqlSession  - SQL: drop table if exists ACT_HI_COMMENT cascade constraints
10:44:57,187 [main] DEBUG org.activiti.engine.impl.db.DbSqlSession  - SQL: drop table if exists ACT_HI_ATTACHMENT cascade constraints
10:44:57,187 [main] DEBUG org.activiti.engine.impl.db.DbSqlSession  - SQL: drop table if exists ACT_HI_IDENTITYLINK cascade constraints
10:44:57,187 [main] DEBUG org.activiti.engine.impl.db.DbSqlSession  - SQL: drop index if exists ACT_IDX_HI_PRO_INST_END
10:44:57,187 [main] DEBUG org.activiti.engine.impl.db.DbSqlSession  - SQL: drop index if exists ACT_IDX_HI_PRO_I_BUSKEY
10:44:57,187 [main] DEBUG org.activiti.engine.impl.db.DbSqlSession  - SQL: drop index if exists ACT_IDX_HI_ACT_INST_START
10:44:57,187 [main] DEBUG org.activiti.engine.impl.db.DbSqlSession  - SQL: drop index if exists ACT_IDX_HI_ACT_INST_END
10:44:57,187 [main] DEBUG org.activiti.engine.impl.db.DbSqlSession  - SQL: drop index if exists ACT_IDX_HI_DETAIL_PROC_INST
10:44:57,187 [main] DEBUG org.activiti.engine.impl.db.DbSqlSession  - SQL: drop index if exists ACT_IDX_HI_DETAIL_ACT_INST
10:44:57,187 [main] DEBUG org.activiti.engine.impl.db.DbSqlSession  - SQL: drop index if exists ACT_IDX_HI_DETAIL_TIME
10:44:57,187 [main] DEBUG org.activiti.engine.impl.db.DbSqlSession  - SQL: drop index if exists ACT_IDX_HI_DETAIL_NAME
10:44:57,187 [main] DEBUG org.activiti.engine.impl.db.DbSqlSession  - SQL: drop index if exists ACT_IDX_HI_DETAIL_TASK_ID
10:44:57,187 [main] DEBUG org.activiti.engine.impl.db.DbSqlSession  - SQL: drop index if exists ACT_IDX_HI_PROCVAR_PROC_INST
10:44:57,187 [main] DEBUG org.activiti.engine.impl.db.DbSqlSession  - SQL: drop index if exists ACT_IDX_HI_PROCVAR_NAME_TYPE
10:44:57,187 [main] DEBUG org.activiti.engine.impl.db.DbSqlSession  - SQL: drop index if exists ACT_IDX_HI_ACT_INST_PROCINST
10:44:57,187 [main] DEBUG org.activiti.engine.impl.db.DbSqlSession  - SQL: drop index if exists ACT_IDX_HI_IDENT_LNK_USER
10:44:57,187 [main] DEBUG org.activiti.engine.impl.db.DbSqlSession  - SQL: drop index if exists ACT_IDX_HI_IDENT_LNK_TASK
10:44:57,187 [main] DEBUG org.activiti.engine.impl.db.DbSqlSession  - SQL: drop index if exists ACT_IDX_HI_IDENT_LNK_PROCINST
10:44:57,187 [main] DEBUG org.activiti.engine.impl.db.DbSqlSession  - SQL: drop index if exists ACT_IDX_HI_TASK_INST_PROCINST
10:44:57,187 [main] DEBUG org.activiti.engine.impl.db.DbSqlSession  - activiti db schema drop for component history successful
10:44:57,187 [main] INFO  org.activiti.engine.impl.db.DbSqlSession  - performing drop on identity with resource org/activiti/db/drop/activiti.h2.drop.identity.sql
10:44:57,187 [main] DEBUG org.activiti.engine.impl.db.DbSqlSession  - SQL: drop table if exists ACT_ID_INFO cascade constraints
10:44:57,187 [main] DEBUG org.activiti.engine.impl.db.DbSqlSession  - SQL: drop table if exists ACT_ID_GROUP cascade constraints
10:44:57,187 [main] DEBUG org.activiti.engine.impl.db.DbSqlSession  - SQL: drop table if exists ACT_ID_MEMBERSHIP cascade constraints
10:44:57,187 [main] DEBUG org.activiti.engine.impl.db.DbSqlSession  - SQL: drop table if exists ACT_ID_USER cascade constraints
10:44:57,187 [main] DEBUG org.activiti.engine.impl.db.DbSqlSession  - activiti db schema drop for component identity successful
10:44:57,187 [main] INFO  org.activiti.engine.impl.db.DbSqlSession  - performing create on engine with resource org/activiti/db/create/activiti.h2.create.engine.sql
10:44:57,187 [main] DEBUG org.activiti.engine.impl.db.DbSqlSession  - SQL: create table ACT_GE_PROPERTY ( 
NAME_ varchar(64), 
VALUE_ varchar(300), 
REV_ integer, 
primary key (NAME_) 
)
10:44:57,187 [main] DEBUG org.activiti.engine.impl.db.DbSqlSession  - SQL: insert into ACT_GE_PROPERTY 
values (&apos;schema.version&apos;, &apos;5.20.0.0&apos;, 1)
10:44:57,187 [main] DEBUG org.activiti.engine.impl.db.DbSqlSession  - SQL: insert into ACT_GE_PROPERTY 
values (&apos;schema.history&apos;, &apos;create(5.20.0.0)&apos;, 1)
10:44:57,187 [main] DEBUG org.activiti.engine.impl.db.DbSqlSession  - SQL: insert into ACT_GE_PROPERTY 
values (&apos;next.dbid&apos;, &apos;1&apos;, 1)
10:44:57,187 [main] DEBUG org.activiti.engine.impl.db.DbSqlSession  - SQL: create table ACT_GE_BYTEARRAY ( 
ID_ varchar(64), 
REV_ integer, 
NAME_ varchar(255), 
DEPLOYMENT_ID_ varchar(64), 
BYTES_ longvarbinary, 
GENERATED_ bit, 
primary key (ID_) 
)
10:44:57,187 [main] DEBUG org.activiti.engine.impl.db.DbSqlSession  - SQL: create table ACT_RE_DEPLOYMENT ( 
ID_ varchar(64), 
NAME_ varchar(255), 
CATEGORY_ varchar(255), 
TENANT_ID_ varchar(255) default &apos;&apos;, 
DEPLOY_TIME_ timestamp, 
primary key (ID_) 
)
10:44:57,187 [main] DEBUG org.activiti.engine.impl.db.DbSqlSession  - SQL: create table ACT_RE_MODEL ( 
ID_ varchar(64) not null, 
REV_ integer, 
NAME_ varchar(255), 
KEY_ varchar(255), 
CATEGORY_ varchar(255), 
CREATE_TIME_ timestamp, 
LAST_UPDATE_TIME_ timestamp, 
VERSION_ integer, 
META_INFO_ varchar(4000), 
DEPLOYMENT_ID_ varchar(64), 
EDITOR_SOURCE_VALUE_ID_ varchar(64), 
EDITOR_SOURCE_EXTRA_VALUE_ID_ varchar(64), 
TENANT_ID_ varchar(255) default &apos;&apos;, 
primary key (ID_) 
)
10:44:57,187 [main] DEBUG org.activiti.engine.impl.db.DbSqlSession  - SQL: create table ACT_RU_EXECUTION ( 
ID_ varchar(64), 
REV_ integer, 
PROC_INST_ID_ varchar(64), 
BUSINESS_KEY_ varchar(255), 
PARENT_ID_ varchar(64), 
PROC_DEF_ID_ varchar(64), 
SUPER_EXEC_ varchar(64), 
ACT_ID_ varchar(255), 
IS_ACTIVE_ bit, 
IS_CONCURRENT_ bit, 
IS_SCOPE_ bit, 
IS_EVENT_SCOPE_ bit, 
SUSPENSION_STATE_ integer, 
CACHED_ENT_STATE_ integer, 
TENANT_ID_ varchar(255) default &apos;&apos;, 
NAME_ varchar(255), 
LOCK_TIME_ timestamp, 
primary key (ID_) 
)
10:44:57,187 [main] DEBUG org.activiti.engine.impl.db.DbSqlSession  - SQL: create table ACT_RU_JOB ( 
ID_ varchar(64) NOT NULL, 
REV_ integer, 
TYPE_ varchar(255) NOT NULL, 
LOCK_EXP_TIME_ timestamp, 
LOCK_OWNER_ varchar(255), 
EXCLUSIVE_ boolean, 
EXECUTION_ID_ varchar(64), 
PROCESS_INSTANCE_ID_ varchar(64), 
PROC_DEF_ID_ varchar(64), 
RETRIES_ integer, 
EXCEPTION_STACK_ID_ varchar(64), 
EXCEPTION_MSG_ varchar(4000), 
DUEDATE_ timestamp, 
REPEAT_ varchar(255), 
HANDLER_TYPE_ varchar(255), 
HANDLER_CFG_ varchar(4000), 
TENANT_ID_ varchar(255) default &apos;&apos;, 
primary key (ID_) 
)
10:44:57,188 [main] DEBUG org.activiti.engine.impl.db.DbSqlSession  - SQL: create table ACT_RE_PROCDEF ( 
ID_ varchar(64) NOT NULL, 
REV_ integer, 
CATEGORY_ varchar(255), 
NAME_ varchar(255), 
KEY_ varchar(255) NOT NULL, 
VERSION_ integer NOT NULL, 
DEPLOYMENT_ID_ varchar(64), 
RESOURCE_NAME_ varchar(4000), 
DGRM_RESOURCE_NAME_ varchar(4000), 
DESCRIPTION_ varchar(4000), 
HAS_START_FORM_KEY_ bit, 
HAS_GRAPHICAL_NOTATION_ bit, 
SUSPENSION_STATE_ integer, 
TENANT_ID_ varchar(255) default &apos;&apos;, 
primary key (ID_) 
)
10:44:57,188 [main] DEBUG org.activiti.engine.impl.db.DbSqlSession  - SQL: create table ACT_RU_TASK ( 
ID_ varchar(64), 
REV_ integer, 
EXECUTION_ID_ varchar(64), 
PROC_INST_ID_ varchar(64), 
PROC_DEF_ID_ varchar(64), 
NAME_ varchar(255), 
PARENT_TASK_ID_ varchar(64), 
DESCRIPTION_ varchar(4000), 
TASK_DEF_KEY_ varchar(255), 
OWNER_ varchar(255), 
ASSIGNEE_ varchar(255), 
DELEGATION_ varchar(64), 
PRIORITY_ integer, 
CREATE_TIME_ timestamp, 
DUE_DATE_ timestamp, 
CATEGORY_ varchar(255), 
SUSPENSION_STATE_ integer, 
TENANT_ID_ varchar(255) default &apos;&apos;, 
FORM_KEY_ varchar(255), 
primary key (ID_) 
)
10:44:57,188 [main] DEBUG org.activiti.engine.impl.db.DbSqlSession  - SQL: create table ACT_RU_IDENTITYLINK ( 
ID_ varchar(64), 
REV_ integer, 
GROUP_ID_ varchar(255), 
TYPE_ varchar(255), 
USER_ID_ varchar(255), 
TASK_ID_ varchar(64), 
PROC_INST_ID_ varchar(64) null, 
PROC_DEF_ID_ varchar(64), 
primary key (ID_) 
)
10:44:57,188 [main] DEBUG org.activiti.engine.impl.db.DbSqlSession  - SQL: create table ACT_RU_VARIABLE ( 
ID_ varchar(64) not null, 
REV_ integer, 
TYPE_ varchar(255) not null, 
NAME_ varchar(255) not null, 
EXECUTION_ID_ varchar(64), 
PROC_INST_ID_ varchar(64), 
TASK_ID_ varchar(64), 
BYTEARRAY_ID_ varchar(64), 
DOUBLE_ double, 
LONG_ bigint, 
TEXT_ varchar(4000), 
TEXT2_ varchar(4000), 
primary key (ID_) 
)
10:44:57,188 [main] DEBUG org.activiti.engine.impl.db.DbSqlSession  - SQL: create table ACT_RU_EVENT_SUBSCR ( 
ID_ varchar(64) not null, 
REV_ integer, 
EVENT_TYPE_ varchar(255) not null, 
EVENT_NAME_ varchar(255), 
EXECUTION_ID_ varchar(64), 
PROC_INST_ID_ varchar(64), 
ACTIVITY_ID_ varchar(64), 
CONFIGURATION_ varchar(255), 
CREATED_ timestamp not null, 
PROC_DEF_ID_ varchar(64), 
TENANT_ID_ varchar(255) default &apos;&apos;, 
primary key (ID_) 
)
10:44:57,188 [main] DEBUG org.activiti.engine.impl.db.DbSqlSession  - SQL: create table ACT_EVT_LOG ( 
LOG_NR_ identity, 
TYPE_ varchar(64), 
PROC_DEF_ID_ varchar(64), 
PROC_INST_ID_ varchar(64), 
EXECUTION_ID_ varchar(64), 
TASK_ID_ varchar(64), 
TIME_STAMP_ timestamp not null, 
USER_ID_ varchar(255), 
DATA_ longvarbinary, 
LOCK_OWNER_ varchar(255), 
LOCK_TIME_ timestamp, 
IS_PROCESSED_ bit default 0 
)
10:44:57,188 [main] DEBUG org.activiti.engine.impl.db.DbSqlSession  - SQL: create table ACT_PROCDEF_INFO ( 
ID_ varchar(64) not null, 
PROC_DEF_ID_ varchar(64) not null, 
REV_ integer, 
INFO_JSON_ID_ varchar(64), 
primary key (ID_) 
)
10:44:57,188 [main] DEBUG org.activiti.engine.impl.db.DbSqlSession  - SQL: create index ACT_IDX_EXEC_BUSKEY on ACT_RU_EXECUTION(BUSINESS_KEY_)
10:44:57,188 [main] DEBUG org.activiti.engine.impl.db.DbSqlSession  - SQL: create index ACT_IDX_TASK_CREATE on ACT_RU_TASK(CREATE_TIME_)
10:44:57,188 [main] DEBUG org.activiti.engine.impl.db.DbSqlSession  - SQL: create index ACT_IDX_IDENT_LNK_USER on ACT_RU_IDENTITYLINK(USER_ID_)
10:44:57,188 [main] DEBUG org.activiti.engine.impl.db.DbSqlSession  - SQL: create index ACT_IDX_IDENT_LNK_GROUP on ACT_RU_IDENTITYLINK(GROUP_ID_)
10:44:57,188 [main] DEBUG org.activiti.engine.impl.db.DbSqlSession  - SQL: create index ACT_IDX_EVENT_SUBSCR_CONFIG_ on ACT_RU_EVENT_SUBSCR(CONFIGURATION_)
10:44:57,188 [main] DEBUG org.activiti.engine.impl.db.DbSqlSession  - SQL: create index ACT_IDX_VARIABLE_TASK_ID on ACT_RU_VARIABLE(TASK_ID_)
10:44:57,188 [main] DEBUG org.activiti.engine.impl.db.DbSqlSession  - SQL: create index ACT_IDX_ATHRZ_PROCEDEF on ACT_RU_IDENTITYLINK(PROC_DEF_ID_)
10:44:57,188 [main] DEBUG org.activiti.engine.impl.db.DbSqlSession  - SQL: create index ACT_IDX_INFO_PROCDEF on ACT_PROCDEF_INFO(PROC_DEF_ID_)
10:44:57,188 [main] DEBUG org.activiti.engine.impl.db.DbSqlSession  - SQL: alter table ACT_GE_BYTEARRAY 
add constraint ACT_FK_BYTEARR_DEPL 
foreign key (DEPLOYMENT_ID_) 
references ACT_RE_DEPLOYMENT
10:44:57,188 [main] DEBUG org.activiti.engine.impl.db.DbSqlSession  - SQL: alter table ACT_RE_PROCDEF 
add constraint ACT_UNIQ_PROCDEF 
unique (KEY_,VERSION_, TENANT_ID_)
10:44:57,188 [main] DEBUG org.activiti.engine.impl.db.DbSqlSession  - SQL: alter table ACT_RU_EXECUTION 
add constraint ACT_FK_EXE_PROCINST 
foreign key (PROC_INST_ID_) 
references ACT_RU_EXECUTION
10:44:57,188 [main] DEBUG org.activiti.engine.impl.db.DbSqlSession  - SQL: alter table ACT_RU_EXECUTION 
add constraint ACT_FK_EXE_PARENT 
foreign key (PARENT_ID_) 
references ACT_RU_EXECUTION
10:44:57,188 [main] DEBUG org.activiti.engine.impl.db.DbSqlSession  - SQL: alter table ACT_RU_EXECUTION 
add constraint ACT_FK_EXE_SUPER 
foreign key (SUPER_EXEC_) 
references ACT_RU_EXECUTION
10:44:57,188 [main] DEBUG org.activiti.engine.impl.db.DbSqlSession  - SQL: alter table ACT_RU_EXECUTION 
add constraint ACT_FK_EXE_PROCDEF 
foreign key (PROC_DEF_ID_) 
references ACT_RE_PROCDEF (ID_)
10:44:57,188 [main] DEBUG org.activiti.engine.impl.db.DbSqlSession  - SQL: alter table ACT_RU_IDENTITYLINK 
add constraint ACT_FK_TSKASS_TASK 
foreign key (TASK_ID_) 
references ACT_RU_TASK
10:44:57,188 [main] DEBUG org.activiti.engine.impl.db.DbSqlSession  - SQL: alter table ACT_RU_IDENTITYLINK 
add constraint ACT_FK_ATHRZ_PROCEDEF 
foreign key (PROC_DEF_ID_) 
references ACT_RE_PROCDEF
10:44:57,189 [main] DEBUG org.activiti.engine.impl.db.DbSqlSession  - SQL: alter table ACT_RU_IDENTITYLINK 
add constraint ACT_FK_IDL_PROCINST 
foreign key (PROC_INST_ID_) 
references ACT_RU_EXECUTION (ID_)
10:44:57,189 [main] DEBUG org.activiti.engine.impl.db.DbSqlSession  - SQL: alter table ACT_RU_TASK 
add constraint ACT_FK_TASK_EXE 
foreign key (EXECUTION_ID_) 
references ACT_RU_EXECUTION
10:44:57,189 [main] DEBUG org.activiti.engine.impl.db.DbSqlSession  - SQL: alter table ACT_RU_TASK 
add constraint ACT_FK_TASK_PROCINST 
foreign key (PROC_INST_ID_) 
references ACT_RU_EXECUTION
10:44:57,189 [main] DEBUG org.activiti.engine.impl.db.DbSqlSession  - SQL: alter table ACT_RU_TASK 
add constraint ACT_FK_TASK_PROCDEF 
foreign key (PROC_DEF_ID_) 
references ACT_RE_PROCDEF
10:44:57,189 [main] DEBUG org.activiti.engine.impl.db.DbSqlSession  - SQL: alter table ACT_RU_VARIABLE 
add constraint ACT_FK_VAR_EXE 
foreign key (EXECUTION_ID_) 
references ACT_RU_EXECUTION
10:44:57,189 [main] DEBUG org.activiti.engine.impl.db.DbSqlSession  - SQL: alter table ACT_RU_VARIABLE 
add constraint ACT_FK_VAR_PROCINST 
foreign key (PROC_INST_ID_) 
references ACT_RU_EXECUTION
10:44:57,189 [main] DEBUG org.activiti.engine.impl.db.DbSqlSession  - SQL: alter table ACT_RU_VARIABLE 
add constraint ACT_FK_VAR_BYTEARRAY 
foreign key (BYTEARRAY_ID_) 
references ACT_GE_BYTEARRAY
10:44:57,189 [main] DEBUG org.activiti.engine.impl.db.DbSqlSession  - SQL: alter table ACT_RU_JOB 
add constraint ACT_FK_JOB_EXCEPTION 
foreign key (EXCEPTION_STACK_ID_) 
references ACT_GE_BYTEARRAY
10:44:57,189 [main] DEBUG org.activiti.engine.impl.db.DbSqlSession  - SQL: alter table ACT_RU_EVENT_SUBSCR 
add constraint ACT_FK_EVENT_EXEC 
foreign key (EXECUTION_ID_) 
references ACT_RU_EXECUTION
10:44:57,189 [main] DEBUG org.activiti.engine.impl.db.DbSqlSession  - SQL: alter table ACT_RE_MODEL 
add constraint ACT_FK_MODEL_SOURCE 
foreign key (EDITOR_SOURCE_VALUE_ID_) 
references ACT_GE_BYTEARRAY (ID_)
10:44:57,189 [main] DEBUG org.activiti.engine.impl.db.DbSqlSession  - SQL: alter table ACT_RE_MODEL 
add constraint ACT_FK_MODEL_SOURCE_EXTRA 
foreign key (EDITOR_SOURCE_EXTRA_VALUE_ID_) 
references ACT_GE_BYTEARRAY (ID_)
10:44:57,189 [main] DEBUG org.activiti.engine.impl.db.DbSqlSession  - SQL: alter table ACT_RE_MODEL 
add constraint ACT_FK_MODEL_DEPLOYMENT 
foreign key (DEPLOYMENT_ID_) 
references ACT_RE_DEPLOYMENT (ID_)
10:44:57,189 [main] DEBUG org.activiti.engine.impl.db.DbSqlSession  - SQL: alter table ACT_PROCDEF_INFO 
add constraint ACT_FK_INFO_JSON_BA 
foreign key (INFO_JSON_ID_) 
references ACT_GE_BYTEARRAY (ID_)
10:44:57,189 [main] DEBUG org.activiti.engine.impl.db.DbSqlSession  - SQL: alter table ACT_PROCDEF_INFO 
add constraint ACT_FK_INFO_PROCDEF 
foreign key (PROC_DEF_ID_) 
references ACT_RE_PROCDEF (ID_)
10:44:57,189 [main] DEBUG org.activiti.engine.impl.db.DbSqlSession  - SQL: alter table ACT_PROCDEF_INFO 
add constraint ACT_UNIQ_INFO_PROCDEF 
unique (PROC_DEF_ID_)
10:44:57,189 [main] DEBUG org.activiti.engine.impl.db.DbSqlSession  - activiti db schema create for component engine successful
10:44:57,190 [main] INFO  org.activiti.engine.impl.db.DbSqlSession  - performing create on history with resource org/activiti/db/create/activiti.h2.create.history.sql
10:44:57,190 [main] DEBUG org.activiti.engine.impl.db.DbSqlSession  - SQL: create table ACT_HI_PROCINST ( 
ID_ varchar(64) not null, 
PROC_INST_ID_ varchar(64) not null, 
BUSINESS_KEY_ varchar(255), 
PROC_DEF_ID_ varchar(64) not null, 
START_TIME_ timestamp not null, 
END_TIME_ timestamp, 
DURATION_ bigint, 
START_USER_ID_ varchar(255), 
START_ACT_ID_ varchar(255), 
END_ACT_ID_ varchar(255), 
SUPER_PROCESS_INSTANCE_ID_ varchar(64), 
DELETE_REASON_ varchar(4000), 
TENANT_ID_ varchar(255) default &apos;&apos;, 
NAME_ varchar(255), 
primary key (ID_), 
unique (PROC_INST_ID_) 
)
10:44:57,190 [main] DEBUG org.activiti.engine.impl.db.DbSqlSession  - SQL: create table ACT_HI_ACTINST ( 
ID_ varchar(64) not null, 
PROC_DEF_ID_ varchar(64) not null, 
PROC_INST_ID_ varchar(64) not null, 
EXECUTION_ID_ varchar(64) not null, 
ACT_ID_ varchar(255) not null, 
TASK_ID_ varchar(64), 
CALL_PROC_INST_ID_ varchar(64), 
ACT_NAME_ varchar(255), 
ACT_TYPE_ varchar(255) not null, 
ASSIGNEE_ varchar(255), 
START_TIME_ timestamp not null, 
END_TIME_ timestamp, 
DURATION_ bigint, 
TENANT_ID_ varchar(255) default &apos;&apos;, 
primary key (ID_) 
)
10:44:57,190 [main] DEBUG org.activiti.engine.impl.db.DbSqlSession  - SQL: create table ACT_HI_TASKINST ( 
ID_ varchar(64) not null, 
PROC_DEF_ID_ varchar(64), 
TASK_DEF_KEY_ varchar(255), 
PROC_INST_ID_ varchar(64), 
EXECUTION_ID_ varchar(64), 
NAME_ varchar(255), 
PARENT_TASK_ID_ varchar(64), 
DESCRIPTION_ varchar(4000), 
OWNER_ varchar(255), 
ASSIGNEE_ varchar(255), 
START_TIME_ timestamp not null, 
CLAIM_TIME_ timestamp, 
END_TIME_ timestamp, 
DURATION_ bigint, 
DELETE_REASON_ varchar(4000), 
PRIORITY_ integer, 
DUE_DATE_ timestamp, 
FORM_KEY_ varchar(255), 
CATEGORY_ varchar(255), 
TENANT_ID_ varchar(255) default &apos;&apos;, 
primary key (ID_) 
)
10:44:57,190 [main] DEBUG org.activiti.engine.impl.db.DbSqlSession  - SQL: create table ACT_HI_VARINST ( 
ID_ varchar(64) not null, 
PROC_INST_ID_ varchar(64), 
EXECUTION_ID_ varchar(64), 
TASK_ID_ varchar(64), 
NAME_ varchar(255) not null, 
VAR_TYPE_ varchar(100), 
REV_ integer, 
BYTEARRAY_ID_ varchar(64), 
DOUBLE_ double, 
LONG_ bigint, 
TEXT_ varchar(4000), 
TEXT2_ varchar(4000), 
CREATE_TIME_ timestamp, 
LAST_UPDATED_TIME_ timestamp, 
primary key (ID_) 
)
10:44:57,190 [main] DEBUG org.activiti.engine.impl.db.DbSqlSession  - SQL: create table ACT_HI_DETAIL ( 
ID_ varchar(64) not null, 
TYPE_ varchar(255) not null, 
TIME_ timestamp not null, 
NAME_ varchar(255), 
PROC_INST_ID_ varchar(64), 
EXECUTION_ID_ varchar(64), 
TASK_ID_ varchar(64), 
ACT_INST_ID_ varchar(64), 
VAR_TYPE_ varchar(255), 
REV_ integer, 
BYTEARRAY_ID_ varchar(64), 
DOUBLE_ double, 
LONG_ bigint, 
TEXT_ varchar(4000), 
TEXT2_ varchar(4000), 
primary key (ID_) 
)
10:44:57,190 [main] DEBUG org.activiti.engine.impl.db.DbSqlSession  - SQL: create table ACT_HI_COMMENT ( 
ID_ varchar(64) not null, 
TYPE_ varchar(255), 
TIME_ timestamp not null, 
USER_ID_ varchar(255), 
TASK_ID_ varchar(64), 
PROC_INST_ID_ varchar(64), 
ACTION_ varchar(255), 
MESSAGE_ varchar(4000), 
FULL_MSG_ longvarbinary, 
primary key (ID_) 
)
10:44:57,190 [main] DEBUG org.activiti.engine.impl.db.DbSqlSession  - SQL: create table ACT_HI_ATTACHMENT ( 
ID_ varchar(64) not null, 
REV_ integer, 
USER_ID_ varchar(255), 
NAME_ varchar(255), 
DESCRIPTION_ varchar(4000), 
TYPE_ varchar(255), 
TASK_ID_ varchar(64), 
PROC_INST_ID_ varchar(64), 
URL_ varchar(4000), 
CONTENT_ID_ varchar(64), 
TIME_ timestamp, 
primary key (ID_) 
)
10:44:57,190 [main] DEBUG org.activiti.engine.impl.db.DbSqlSession  - SQL: create table ACT_HI_IDENTITYLINK ( 
ID_ varchar(64), 
GROUP_ID_ varchar(255), 
TYPE_ varchar(255), 
USER_ID_ varchar(255), 
TASK_ID_ varchar(64), 
PROC_INST_ID_ varchar(64) null, 
primary key (ID_) 
)
10:44:57,190 [main] DEBUG org.activiti.engine.impl.db.DbSqlSession  - SQL: create index ACT_IDX_HI_PRO_INST_END on ACT_HI_PROCINST(END_TIME_)
10:44:57,190 [main] DEBUG org.activiti.engine.impl.db.DbSqlSession  - SQL: create index ACT_IDX_HI_PRO_I_BUSKEY on ACT_HI_PROCINST(BUSINESS_KEY_)
10:44:57,190 [main] DEBUG org.activiti.engine.impl.db.DbSqlSession  - SQL: create index ACT_IDX_HI_ACT_INST_START on ACT_HI_ACTINST(START_TIME_)
10:44:57,190 [main] DEBUG org.activiti.engine.impl.db.DbSqlSession  - SQL: create index ACT_IDX_HI_ACT_INST_END on ACT_HI_ACTINST(END_TIME_)
10:44:57,190 [main] DEBUG org.activiti.engine.impl.db.DbSqlSession  - SQL: create index ACT_IDX_HI_DETAIL_PROC_INST on ACT_HI_DETAIL(PROC_INST_ID_)
10:44:57,190 [main] DEBUG org.activiti.engine.impl.db.DbSqlSession  - SQL: create index ACT_IDX_HI_DETAIL_ACT_INST on ACT_HI_DETAIL(ACT_INST_ID_)
10:44:57,190 [main] DEBUG org.activiti.engine.impl.db.DbSqlSession  - SQL: create index ACT_IDX_HI_DETAIL_TIME on ACT_HI_DETAIL(TIME_)
10:44:57,190 [main] DEBUG org.activiti.engine.impl.db.DbSqlSession  - SQL: create index ACT_IDX_HI_DETAIL_NAME on ACT_HI_DETAIL(NAME_)
10:44:57,190 [main] DEBUG org.activiti.engine.impl.db.DbSqlSession  - SQL: create index ACT_IDX_HI_DETAIL_TASK_ID on ACT_HI_DETAIL(TASK_ID_)
10:44:57,190 [main] DEBUG org.activiti.engine.impl.db.DbSqlSession  - SQL: create index ACT_IDX_HI_PROCVAR_PROC_INST on ACT_HI_VARINST(PROC_INST_ID_)
10:44:57,190 [main] DEBUG org.activiti.engine.impl.db.DbSqlSession  - SQL: create index ACT_IDX_HI_PROCVAR_NAME_TYPE on ACT_HI_VARINST(NAME_, VAR_TYPE_)
10:44:57,190 [main] DEBUG org.activiti.engine.impl.db.DbSqlSession  - SQL: create index ACT_IDX_HI_PROCVAR_TASK_ID on ACT_HI_VARINST(TASK_ID_)
10:44:57,190 [main] DEBUG org.activiti.engine.impl.db.DbSqlSession  - SQL: create index ACT_IDX_HI_ACT_INST_PROCINST on ACT_HI_ACTINST(PROC_INST_ID_, ACT_ID_)
10:44:57,190 [main] DEBUG org.activiti.engine.impl.db.DbSqlSession  - SQL: create index ACT_IDX_HI_IDENT_LNK_USER on ACT_HI_IDENTITYLINK(USER_ID_)
10:44:57,190 [main] DEBUG org.activiti.engine.impl.db.DbSqlSession  - SQL: create index ACT_IDX_HI_IDENT_LNK_TASK on ACT_HI_IDENTITYLINK(TASK_ID_)
10:44:57,190 [main] DEBUG org.activiti.engine.impl.db.DbSqlSession  - SQL: create index ACT_IDX_HI_IDENT_LNK_PROCINST on ACT_HI_IDENTITYLINK(PROC_INST_ID_)
10:44:57,190 [main] DEBUG org.activiti.engine.impl.db.DbSqlSession  - SQL: create index ACT_IDX_HI_ACT_INST_EXEC on ACT_HI_ACTINST(EXECUTION_ID_, ACT_ID_)
10:44:57,190 [main] DEBUG org.activiti.engine.impl.db.DbSqlSession  - SQL: create index ACT_IDX_HI_TASK_INST_PROCINST on ACT_HI_TASKINST(PROC_INST_ID_)
10:44:57,190 [main] DEBUG org.activiti.engine.impl.db.DbSqlSession  - activiti db schema create for component history successful
10:44:57,190 [main] INFO  org.activiti.engine.impl.db.DbSqlSession  - performing create on identity with resource org/activiti/db/create/activiti.h2.create.identity.sql
10:44:57,190 [main] DEBUG org.activiti.engine.impl.db.DbSqlSession  - SQL: create table ACT_ID_GROUP ( 
ID_ varchar(64), 
REV_ integer, 
NAME_ varchar(255), 
TYPE_ varchar(255), 
primary key (ID_) 
)
10:44:57,190 [main] DEBUG org.activiti.engine.impl.db.DbSqlSession  - SQL: create table ACT_ID_MEMBERSHIP ( 
USER_ID_ varchar(64), 
GROUP_ID_ varchar(64), 
primary key (USER_ID_, GROUP_ID_) 
)
10:44:57,190 [main] DEBUG org.activiti.engine.impl.db.DbSqlSession  - SQL: create table ACT_ID_USER ( 
ID_ varchar(64), 
REV_ integer, 
FIRST_ varchar(255), 
LAST_ varchar(255), 
EMAIL_ varchar(255), 
PWD_ varchar(255), 
PICTURE_ID_ varchar(64), 
primary key (ID_) 
)
10:44:57,190 [main] DEBUG org.activiti.engine.impl.db.DbSqlSession  - SQL: create table ACT_ID_INFO ( 
ID_ varchar(64), 
REV_ integer, 
USER_ID_ varchar(64), 
TYPE_ varchar(64), 
KEY_ varchar(255), 
VALUE_ varchar(255), 
PASSWORD_ longvarbinary, 
PARENT_ID_ varchar(255), 
primary key (ID_) 
)
10:44:57,190 [main] DEBUG org.activiti.engine.impl.db.DbSqlSession  - SQL: alter table ACT_ID_MEMBERSHIP 
add constraint ACT_FK_MEMB_GROUP 
foreign key (GROUP_ID_) 
references ACT_ID_GROUP
10:44:57,190 [main] DEBUG org.activiti.engine.impl.db.DbSqlSession  - SQL: alter table ACT_ID_MEMBERSHIP 
add constraint ACT_FK_MEMB_USER 
foreign key (USER_ID_) 
references ACT_ID_USER
10:44:57,191 [main] DEBUG org.activiti.engine.impl.db.DbSqlSession  - activiti db schema create for component identity successful
10:44:57,191 [main] DEBUG org.activiti.engine.impl.db.DbSqlSession  - flush summary: 0 insert, 0 update, 0 delete.
10:44:57,191 [main] DEBUG org.activiti.engine.impl.db.DbSqlSession  - now executing flush...
10:44:57,191 [main] DEBUG org.activiti.engine.impl.cfg.standalone.StandaloneMybatisTransactionContext  - firing event committing...
10:44:57,191 [main] DEBUG org.activiti.engine.impl.cfg.standalone.StandaloneMybatisTransactionContext  - committing the ibatis sql session...
10:44:57,191 [main] DEBUG org.activiti.engine.impl.cfg.standalone.StandaloneMybatisTransactionContext  - firing event committed...
10:44:57,191 [main] DEBUG org.apache.ibatis.transaction.jdbc.JdbcTransaction  - Resetting autocommit to true on JDBC Connection [conn4: url=jdbc:h2:mem:activiti user=SA]
10:44:57,191 [main] DEBUG org.apache.ibatis.transaction.jdbc.JdbcTransaction  - Closing JDBC Connection [conn4: url=jdbc:h2:mem:activiti user=SA]
10:44:57,191 [main] DEBUG org.apache.ibatis.datasource.pooled.PooledDataSource  - Returned connection 297240765 to pool.
10:44:57,191 [main] DEBUG org.activiti.engine.impl.interceptor.LogInterceptor  - ---  finished --------------------------------------------------------
10:44:57,191 [main] DEBUG org.activiti.engine.impl.interceptor.LogInterceptor  - 

</system-out>
  </testcase>
  <testcase classname="org.activiti.engine.test.api.mgmt.JobQueryTest" name="testQueryByExceptionMessageNull" time="0.024">
    <error message="
### Error querying database.  Cause: org.h2.jdbc.JdbcSQLException: Syntax error in SQL statement &quot;SELECT RES.* 
       
    FROM ACT_RE_PROCDEF RES
     
     WHERE  RES.DEPLOYMENT_ID_ = ? 
   
     ORDER BY  ORDER[*] BY RES.ID_ ASC  
    LIMIT ? OFFSET ? &quot;; expected &quot;=, NOT, EXISTS, INTERSECTS, SELECT, FROM&quot;; SQL statement:
select RES.* 
       
    from ACT_RE_PROCDEF RES
     
     WHERE  RES.DEPLOYMENT_ID_ = ? 
   
     order by  order by RES.ID_ asc  
    LIMIT ? OFFSET ? [42001-176]
### The error may exist in org/activiti/db/mapping/entity/ProcessDefinition.xml
### The error may involve org.activiti.engine.impl.persistence.entity.ProcessDefinitionEntity.selectProcessDefinitionsByQueryCriteria
### The error occurred while executing a query
### SQL: select RES.*              from ACT_RE_PROCDEF RES            WHERE  RES.DEPLOYMENT_ID_ = ?           order by  order by RES.ID_ asc       LIMIT ? OFFSET ?
### Cause: org.h2.jdbc.JdbcSQLException: Syntax error in SQL statement &quot;SELECT RES.* 
       
    FROM ACT_RE_PROCDEF RES
     
     WHERE  RES.DEPLOYMENT_ID_ = ? 
   
     ORDER BY  ORDER[*] BY RES.ID_ ASC  
    LIMIT ? OFFSET ? &quot;; expected &quot;=, NOT, EXISTS, INTERSECTS, SELECT, FROM&quot;; SQL statement:
select RES.* 
       
    from ACT_RE_PROCDEF RES
     
     WHERE  RES.DEPLOYMENT_ID_ = ? 
   
     order by  order by RES.ID_ asc  
    LIMIT ? OFFSET ? [42001-176]" type="org.apache.ibatis.exceptions.PersistenceException">org.apache.ibatis.exceptions.PersistenceException: 
### Error querying database.  Cause: org.h2.jdbc.JdbcSQLException: Syntax error in SQL statement &quot;SELECT RES.* 
       
    FROM ACT_RE_PROCDEF RES
     
     WHERE  RES.DEPLOYMENT_ID_ = ? 
   
     ORDER BY  ORDER[*] BY RES.ID_ ASC  
    LIMIT ? OFFSET ? &quot;; expected &quot;=, NOT, EXISTS, INTERSECTS, SELECT, FROM&quot;; SQL statement:
select RES.* 
       
    from ACT_RE_PROCDEF RES
     
     WHERE  RES.DEPLOYMENT_ID_ = ? 
   
     order by  order by RES.ID_ asc  
    LIMIT ? OFFSET ? [42001-176]
### The error may exist in org/activiti/db/mapping/entity/ProcessDefinition.xml
### The error may involve org.activiti.engine.impl.persistence.entity.ProcessDefinitionEntity.selectProcessDefinitionsByQueryCriteria
### The error occurred while executing a query
### SQL: select RES.*              from ACT_RE_PROCDEF RES            WHERE  RES.DEPLOYMENT_ID_ = ?           order by  order by RES.ID_ asc       LIMIT ? OFFSET ?
### Cause: org.h2.jdbc.JdbcSQLException: Syntax error in SQL statement &quot;SELECT RES.* 
       
    FROM ACT_RE_PROCDEF RES
     
     WHERE  RES.DEPLOYMENT_ID_ = ? 
   
     ORDER BY  ORDER[*] BY RES.ID_ ASC  
    LIMIT ? OFFSET ? &quot;; expected &quot;=, NOT, EXISTS, INTERSECTS, SELECT, FROM&quot;; SQL statement:
select RES.* 
       
    from ACT_RE_PROCDEF RES
     
     WHERE  RES.DEPLOYMENT_ID_ = ? 
   
     order by  order by RES.ID_ asc  
    LIMIT ? OFFSET ? [42001-176]
	at org.apache.ibatis.exceptions.ExceptionFactory.wrapException(ExceptionFactory.java:30)
	at org.apache.ibatis.session.defaults.DefaultSqlSession.selectList(DefaultSqlSession.java:122)
	at org.apache.ibatis.session.defaults.DefaultSqlSession.selectList(DefaultSqlSession.java:113)
	at org.activiti.engine.impl.db.DbSqlSession.selectListWithRawParameter(DbSqlSession.java:438)
	at org.activiti.engine.impl.db.DbSqlSession.selectList(DbSqlSession.java:429)
	at org.activiti.engine.impl.db.DbSqlSession.selectList(DbSqlSession.java:419)
	at org.activiti.engine.impl.persistence.entity.ProcessDefinitionEntityManager.findProcessDefinitionsByQueryCriteria(ProcessDefinitionEntityManager.java:57)
	at org.activiti.engine.impl.ProcessDefinitionQueryImpl.executeList(ProcessDefinitionQueryImpl.java:307)
	at org.activiti.engine.impl.AbstractQuery.list(AbstractQuery.java:140)
	at org.activiti.engine.impl.persistence.deploy.DeploymentManager.removeDeployment(DeploymentManager.java:187)
	at org.activiti.engine.impl.cmd.DeleteDeploymentCmd.execute(DeleteDeploymentCmd.java:44)
	at org.activiti.engine.impl.cmd.DeleteDeploymentCmd.execute(DeleteDeploymentCmd.java:24)
	at org.activiti.engine.impl.interceptor.CommandInvoker.execute(CommandInvoker.java:24)
	at org.activiti.engine.impl.interceptor.CommandContextInterceptor.execute(CommandContextInterceptor.java:57)
	at org.activiti.engine.impl.interceptor.LogInterceptor.execute(LogInterceptor.java:37)
	at org.activiti.engine.impl.cfg.CommandExecutorImpl.execute(CommandExecutorImpl.java:40)
	at org.activiti.engine.impl.cfg.CommandExecutorImpl.execute(CommandExecutorImpl.java:35)
	at org.activiti.engine.impl.RepositoryServiceImpl.deleteDeployment(RepositoryServiceImpl.java:90)
	at org.activiti.engine.test.api.mgmt.JobQueryTest.tearDown(JobQueryTest.java:116)
	at junit.framework.TestCase.runBare(TestCase.java:146)
	at org.activiti.engine.impl.test.AbstractActivitiTestCase.runBare(AbstractActivitiTestCase.java:100)
	at junit.framework.TestResult$1.protect(TestResult.java:122)
	at junit.framework.TestResult.runProtected(TestResult.java:142)
	at junit.framework.TestResult.run(TestResult.java:125)
	at junit.framework.TestCase.run(TestCase.java:129)
	at junit.framework.TestSuite.runTest(TestSuite.java:255)
	at junit.framework.TestSuite.run(TestSuite.java:250)
	at org.junit.internal.runners.JUnit38ClassRunner.run(JUnit38ClassRunner.java:84)
	at org.apache.maven.surefire.junit4.JUnit4TestSet.execute(JUnit4TestSet.java:35)
	at org.apache.maven.surefire.junit4.JUnit4Provider.executeTestSet(JUnit4Provider.java:146)
	at org.apache.maven.surefire.junit4.JUnit4Provider.invoke(JUnit4Provider.java:97)
	at sun.reflect.NativeMethodAccessorImpl.invoke0(Native Method)
	at sun.reflect.NativeMethodAccessorImpl.invoke(NativeMethodAccessorImpl.java:62)
	at sun.reflect.DelegatingMethodAccessorImpl.invoke(DelegatingMethodAccessorImpl.java:43)
	at java.lang.reflect.Method.invoke(Method.java:498)
	at org.apache.maven.surefire.booter.ProviderFactory$ClassLoaderProxy.invoke(ProviderFactory.java:103)
	at com.sun.proxy.$Proxy0.invoke(Unknown Source)
	at org.apache.maven.surefire.booter.SurefireStarter.invokeProvider(SurefireStarter.java:145)
	at org.apache.maven.surefire.booter.SurefireStarter.runSuitesInProcess(SurefireStarter.java:87)
	at org.apache.maven.surefire.booter.ForkedBooter.main(ForkedBooter.java:69)
Caused by: org.h2.jdbc.JdbcSQLException: Syntax error in SQL statement &quot;SELECT RES.* 
       
    FROM ACT_RE_PROCDEF RES
     
     WHERE  RES.DEPLOYMENT_ID_ = ? 
   
     ORDER BY  ORDER[*] BY RES.ID_ ASC  
    LIMIT ? OFFSET ? &quot;; expected &quot;=, NOT, EXISTS, INTERSECTS, SELECT, FROM&quot;; SQL statement:
select RES.* 
       
    from ACT_RE_PROCDEF RES
     
     WHERE  RES.DEPLOYMENT_ID_ = ? 
   
     order by  order by RES.ID_ asc  
    LIMIT ? OFFSET ? [42001-176]
	at org.h2.message.DbException.getJdbcSQLException(DbException.java:344)
	at org.h2.message.DbException.getSyntaxError(DbException.java:204)
	at org.h2.command.Parser.getSyntaxError(Parser.java:524)
	at org.h2.command.Parser.readTerm(Parser.java:2688)
	at org.h2.command.Parser.readFactor(Parser.java:2244)
	at org.h2.command.Parser.readSum(Parser.java:2231)
	at org.h2.command.Parser.readConcat(Parser.java:2201)
	at org.h2.command.Parser.readCondition(Parser.java:2051)
	at org.h2.command.Parser.readAnd(Parser.java:2023)
	at org.h2.command.Parser.readExpression(Parser.java:2015)
	at org.h2.command.Parser.parseEndOfQuery(Parser.java:1726)
	at org.h2.command.Parser.parseSelectUnionExtension(Parser.java:1706)
	at org.h2.command.Parser.parseSelectUnion(Parser.java:1675)
	at org.h2.command.Parser.parseSelect(Parser.java:1662)
	at org.h2.command.Parser.parsePrepared(Parser.java:434)
	at org.h2.command.Parser.parse(Parser.java:306)
	at org.h2.command.Parser.parse(Parser.java:282)
	at org.h2.command.Parser.prepareCommand(Parser.java:243)
	at org.h2.engine.Session.prepareLocal(Session.java:442)
	at org.h2.engine.Session.prepareCommand(Session.java:384)
	at org.h2.jdbc.JdbcConnection.prepareCommand(JdbcConnection.java:1188)
	at org.h2.jdbc.JdbcPreparedStatement.&lt;init&gt;(JdbcPreparedStatement.java:73)
	at org.h2.jdbc.JdbcConnection.prepareStatement(JdbcConnection.java:276)
	at sun.reflect.GeneratedMethodAccessor6.invoke(Unknown Source)
	at sun.reflect.DelegatingMethodAccessorImpl.invoke(DelegatingMethodAccessorImpl.java:43)
	at java.lang.reflect.Method.invoke(Method.java:498)
	at org.apache.ibatis.datasource.pooled.PooledConnection.invoke(PooledConnection.java:245)
	at com.sun.proxy.$Proxy12.prepareStatement(Unknown Source)
	at sun.reflect.GeneratedMethodAccessor6.invoke(Unknown Source)
	at sun.reflect.DelegatingMethodAccessorImpl.invoke(DelegatingMethodAccessorImpl.java:43)
	at java.lang.reflect.Method.invoke(Method.java:498)
	at org.apache.ibatis.logging.jdbc.ConnectionLogger.invoke(ConnectionLogger.java:55)
	at com.sun.proxy.$Proxy12.prepareStatement(Unknown Source)
	at org.apache.ibatis.executor.statement.PreparedStatementHandler.instantiateStatement(PreparedStatementHandler.java:79)
	at org.apache.ibatis.executor.statement.BaseStatementHandler.prepare(BaseStatementHandler.java:88)
	at org.apache.ibatis.executor.statement.RoutingStatementHandler.prepare(RoutingStatementHandler.java:58)
	at org.apache.ibatis.executor.SimpleExecutor.prepareStatement(SimpleExecutor.java:76)
	at org.apache.ibatis.executor.SimpleExecutor.doQuery(SimpleExecutor.java:61)
	at org.apache.ibatis.executor.BaseExecutor.queryFromDatabase(BaseExecutor.java:303)
	at org.apache.ibatis.executor.BaseExecutor.query(BaseExecutor.java:154)
	at org.apache.ibatis.executor.CachingExecutor.query(CachingExecutor.java:102)
	at org.apache.ibatis.executor.CachingExecutor.query(CachingExecutor.java:82)
	at org.apache.ibatis.session.defaults.DefaultSqlSession.selectList(DefaultSqlSession.java:120)
	... 38 more
</error>
    <system-out>10:44:57,192 [main] DEBUG org.activiti.engine.impl.interceptor.LogInterceptor  - 

10:44:57,192 [main] DEBUG org.activiti.engine.impl.interceptor.LogInterceptor  - --- starting DeployCmd --------------------------------------------------------
10:44:57,192 [main] DEBUG org.activiti.engine.impl.bpmn.deployer.BpmnDeployer  - Processing deployment null
10:44:57,192 [main] INFO  org.activiti.engine.impl.bpmn.deployer.BpmnDeployer  - Processing resource org/activiti/engine/test/api/mgmt/timerOnTask.bpmn20.xml
10:44:57,197 [main] DEBUG org.activiti.engine.impl.bpmn.parser.handler.ProcessParseHandler  - Parsing process timerOnTask
10:44:57,197 [main] DEBUG org.activiti.engine.impl.bpmn.parser.handler.AbstractBpmnParseHandler  - Parsing activity firstLineSupport
10:44:57,197 [main] DEBUG org.activiti.engine.impl.bpmn.parser.handler.AbstractBpmnParseHandler  - Parsing activity secondLineSupport
10:44:57,197 [main] DEBUG org.activiti.engine.impl.bpmn.parser.handler.AbstractBpmnParseHandler  - Parsing activity theStart
10:44:57,197 [main] DEBUG org.activiti.engine.impl.bpmn.parser.handler.AbstractBpmnParseHandler  - Parsing activity normalEnd
10:44:57,197 [main] DEBUG org.activiti.engine.impl.bpmn.parser.handler.AbstractBpmnParseHandler  - Parsing activity escalatedEnd
10:44:57,197 [main] DEBUG org.activiti.engine.impl.bpmn.parser.handler.AbstractBpmnParseHandler  - Parsing activity escalationTimer
10:44:57,197 [main] DEBUG org.apache.ibatis.transaction.jdbc.JdbcTransaction  - Opening JDBC Connection
10:44:57,197 [main] DEBUG org.apache.ibatis.datasource.pooled.PooledDataSource  - Checked out connection 363509958 from pool.
10:44:57,197 [main] DEBUG org.apache.ibatis.transaction.jdbc.JdbcTransaction  - Setting autocommit to false on JDBC Connection [conn2: url=jdbc:h2:mem:activiti user=SA]
10:44:57,197 [main] DEBUG org.activiti.engine.impl.persistence.entity.ProcessDefinitionEntity.selectLatestProcessDefinitionByKey  - ==&gt;  Preparing: select * from ACT_RE_PROCDEF where KEY_ = ? and (TENANT_ID_ = &apos;&apos; or TENANT_ID_ is null) and VERSION_ = (select max(VERSION_) from ACT_RE_PROCDEF where KEY_ = ? and (TENANT_ID_ = &apos;&apos; or TENANT_ID_ is null)) 
10:44:57,197 [main] DEBUG org.activiti.engine.impl.persistence.entity.ProcessDefinitionEntity.selectLatestProcessDefinitionByKey  - ==&gt; Parameters: timerOnTask(String), timerOnTask(String)
10:44:57,197 [main] DEBUG org.activiti.engine.impl.persistence.entity.ProcessDefinitionEntity.selectLatestProcessDefinitionByKey  - &lt;==      Total: 0
10:44:57,197 [main] DEBUG org.activiti.engine.impl.persistence.entity.JobEntity.selectJobByTypeAndProcessDefinitionKeyNoTenantId  - ==&gt;  Preparing: select J.* from ACT_RU_JOB J inner join ACT_RE_PROCDEF P on J.PROC_DEF_ID_ = P.ID_ where J.HANDLER_TYPE_ = ? and P.KEY_ = ? and (P.TENANT_ID_ = &apos;&apos; or P.TENANT_ID_ is null) 
10:44:57,197 [main] DEBUG org.activiti.engine.impl.persistence.entity.JobEntity.selectJobByTypeAndProcessDefinitionKeyNoTenantId  - ==&gt; Parameters: timer-start-event(String), timerOnTask(String)
10:44:57,197 [main] DEBUG org.activiti.engine.impl.persistence.entity.JobEntity.selectJobByTypeAndProcessDefinitionKeyNoTenantId  - &lt;==      Total: 0
10:44:57,197 [main] DEBUG org.activiti.engine.impl.persistence.entity.ProcessDefinitionInfoEntity.selectProcessDefinitionInfoByProcessDefinitionId  - ==&gt;  Preparing: select * from ACT_PROCDEF_INFO where PROC_DEF_ID_ = ? 
10:44:57,197 [main] DEBUG org.activiti.engine.impl.persistence.entity.ProcessDefinitionInfoEntity.selectProcessDefinitionInfoByProcessDefinitionId  - ==&gt; Parameters: timerOnTask:1:1660(String)
10:44:57,197 [main] DEBUG org.activiti.engine.impl.persistence.entity.ProcessDefinitionInfoEntity.selectProcessDefinitionInfoByProcessDefinitionId  - &lt;==      Total: 0
10:44:57,197 [main] DEBUG org.activiti.engine.impl.interceptor.LogInterceptor  - 

10:44:57,197 [main] DEBUG org.activiti.engine.impl.interceptor.LogInterceptor  - --- starting GetProcessDefinitionInfoCmd --------------------------------------------------------
10:44:57,197 [main] DEBUG org.activiti.engine.impl.interceptor.CommandContextInterceptor  - Valid context found. Reusing it for the current command &apos;org.activiti.engine.impl.cmd.GetProcessDefinitionInfoCmd&apos;
10:44:57,197 [main] DEBUG org.activiti.engine.impl.interceptor.LogInterceptor  - 

10:44:57,197 [main] DEBUG org.activiti.engine.impl.interceptor.LogInterceptor  - --- starting  --------------------------------------------------------
10:44:57,197 [main] DEBUG org.activiti.engine.impl.interceptor.CommandContextInterceptor  - Valid context found. Reusing it for the current command &apos;null&apos;
10:44:57,197 [main] DEBUG org.activiti.engine.impl.interceptor.LogInterceptor  - ---  finished --------------------------------------------------------
10:44:57,197 [main] DEBUG org.activiti.engine.impl.interceptor.LogInterceptor  - 

10:44:57,197 [main] DEBUG org.activiti.engine.impl.interceptor.LogInterceptor  - --- GetProcessDefinitionInfoCmd finished --------------------------------------------------------
10:44:57,197 [main] DEBUG org.activiti.engine.impl.interceptor.LogInterceptor  - 

10:44:57,197 [main] DEBUG org.activiti.engine.impl.db.DbSqlSession  -   insert ResourceEntity[id=1659, name=org/activiti/engine/test/api/mgmt/timerOnTask.bpmn20.xml]
10:44:57,197 [main] DEBUG org.activiti.engine.impl.db.DbSqlSession  -   insert DeploymentEntity[id=1658, name=null]
10:44:57,197 [main] DEBUG org.activiti.engine.impl.db.DbSqlSession  -   insert ProcessDefinitionEntity[timerOnTask:1:1660]
10:44:57,197 [main] DEBUG org.activiti.engine.impl.db.DbSqlSession  - flush summary: 3 insert, 0 update, 0 delete.
10:44:57,197 [main] DEBUG org.activiti.engine.impl.db.DbSqlSession  - now executing flush...
10:44:57,197 [main] DEBUG org.activiti.engine.impl.db.DbSqlSession  - inserting: ProcessDefinitionEntity[timerOnTask:1:1660]
10:44:57,198 [main] DEBUG org.activiti.engine.impl.persistence.entity.ProcessDefinitionEntity.insertProcessDefinition  - ==&gt;  Preparing: insert into ACT_RE_PROCDEF(ID_, REV_, CATEGORY_, NAME_, KEY_, VERSION_, DEPLOYMENT_ID_, RESOURCE_NAME_, DGRM_RESOURCE_NAME_, DESCRIPTION_, HAS_START_FORM_KEY_, HAS_GRAPHICAL_NOTATION_ , SUSPENSION_STATE_, TENANT_ID_) values (?, 1, ?, ?, ?, ?, ?, ?, ?, ?, ?, ?, ?, ?) 
10:44:57,198 [main] DEBUG org.activiti.engine.impl.persistence.entity.ProcessDefinitionEntity.insertProcessDefinition  - ==&gt; Parameters: timerOnTask:1:1660(String), org.activiti.enginge.test.api.mgmt(String), null, timerOnTask(String), 1(Integer), 1658(String), org/activiti/engine/test/api/mgmt/timerOnTask.bpmn20.xml(String), null, null, false(Boolean), false(Boolean), 1(Integer), (String)
10:44:57,198 [main] DEBUG org.activiti.engine.impl.persistence.entity.ProcessDefinitionEntity.insertProcessDefinition  - &lt;==    Updates: 1
10:44:57,198 [main] DEBUG org.activiti.engine.impl.db.DbSqlSession  - inserting: DeploymentEntity[id=1658, name=null]
10:44:57,198 [main] DEBUG org.activiti.engine.impl.persistence.entity.DeploymentEntity.insertDeployment  - ==&gt;  Preparing: insert into ACT_RE_DEPLOYMENT(ID_, NAME_, CATEGORY_, TENANT_ID_, DEPLOY_TIME_) values(?, ?, ?, ?, ?) 
10:44:57,198 [main] DEBUG org.activiti.engine.impl.persistence.entity.DeploymentEntity.insertDeployment  - ==&gt; Parameters: 1658(String), null, null, (String), 2023-03-20 12:44:57.0(Timestamp)
10:44:57,198 [main] DEBUG org.activiti.engine.impl.persistence.entity.DeploymentEntity.insertDeployment  - &lt;==    Updates: 1
10:44:57,198 [main] DEBUG org.activiti.engine.impl.db.DbSqlSession  - inserting: ResourceEntity[id=1659, name=org/activiti/engine/test/api/mgmt/timerOnTask.bpmn20.xml]
10:44:57,198 [main] DEBUG org.activiti.engine.impl.persistence.entity.ResourceEntity.insertResource  - ==&gt;  Preparing: insert into ACT_GE_BYTEARRAY(ID_, REV_, NAME_, BYTES_, DEPLOYMENT_ID_, GENERATED_) values (?, 1, ?, ?, ?, ?) 
10:44:57,198 [main] DEBUG org.activiti.engine.impl.persistence.entity.ResourceEntity.insertResource  - ==&gt; Parameters: 1659(String), org/activiti/engine/test/api/mgmt/timerOnTask.bpmn20.xml(String), java.io.ByteArrayInputStream@6adc5b9c(ByteArrayInputStream), 1658(String), false(Boolean)
10:44:57,198 [main] DEBUG org.activiti.engine.impl.persistence.entity.ResourceEntity.insertResource  - &lt;==    Updates: 1
10:44:57,198 [main] DEBUG org.activiti.engine.impl.cfg.standalone.StandaloneMybatisTransactionContext  - firing event committing...
10:44:57,198 [main] DEBUG org.activiti.engine.impl.cfg.standalone.StandaloneMybatisTransactionContext  - committing the ibatis sql session...
10:44:57,198 [main] DEBUG org.apache.ibatis.transaction.jdbc.JdbcTransaction  - Committing JDBC Connection [conn2: url=jdbc:h2:mem:activiti user=SA]
10:44:57,198 [main] DEBUG org.activiti.engine.impl.cfg.standalone.StandaloneMybatisTransactionContext  - firing event committed...
10:44:57,198 [main] DEBUG org.apache.ibatis.transaction.jdbc.JdbcTransaction  - Resetting autocommit to true on JDBC Connection [conn2: url=jdbc:h2:mem:activiti user=SA]
10:44:57,198 [main] DEBUG org.apache.ibatis.transaction.jdbc.JdbcTransaction  - Closing JDBC Connection [conn2: url=jdbc:h2:mem:activiti user=SA]
10:44:57,198 [main] DEBUG org.apache.ibatis.datasource.pooled.PooledDataSource  - Returned connection 363509958 to pool.
10:44:57,198 [main] DEBUG org.activiti.engine.impl.interceptor.LogInterceptor  - --- DeployCmd finished --------------------------------------------------------
10:44:57,198 [main] DEBUG org.activiti.engine.impl.interceptor.LogInterceptor  - 

10:44:57,198 [main] DEBUG org.activiti.engine.impl.interceptor.LogInterceptor  - 

10:44:57,198 [main] DEBUG org.activiti.engine.impl.interceptor.LogInterceptor  - --- starting StartProcessInstanceCmd --------------------------------------------------------
10:44:57,198 [main] DEBUG org.apache.ibatis.transaction.jdbc.JdbcTransaction  - Opening JDBC Connection
10:44:57,198 [main] DEBUG org.apache.ibatis.datasource.pooled.PooledDataSource  - Checked out connection 180014677 from pool.
10:44:57,198 [main] DEBUG org.apache.ibatis.transaction.jdbc.JdbcTransaction  - Setting autocommit to false on JDBC Connection [conn3: url=jdbc:h2:mem:activiti user=SA]
10:44:57,198 [main] DEBUG org.activiti.engine.impl.persistence.entity.ProcessDefinitionEntity.selectLatestProcessDefinitionByKey  - ==&gt;  Preparing: select * from ACT_RE_PROCDEF where KEY_ = ? and (TENANT_ID_ = &apos;&apos; or TENANT_ID_ is null) and VERSION_ = (select max(VERSION_) from ACT_RE_PROCDEF where KEY_ = ? and (TENANT_ID_ = &apos;&apos; or TENANT_ID_ is null)) 
10:44:57,198 [main] DEBUG org.activiti.engine.impl.persistence.entity.ProcessDefinitionEntity.selectLatestProcessDefinitionByKey  - ==&gt; Parameters: timerOnTask(String), timerOnTask(String)
10:44:57,198 [main] DEBUG org.activiti.engine.impl.persistence.entity.ProcessDefinitionEntity.selectLatestProcessDefinitionByKey  - &lt;==      Total: 1
10:44:57,198 [main] DEBUG org.activiti.engine.impl.persistence.entity.ExecutionEntity  - initializing ProcessInstance[1661]
10:44:57,198 [main] DEBUG org.activiti.engine.impl.history.DefaultHistoryManager  - Current history level: FULL, level required: ACTIVITY
10:44:57,198 [main] DEBUG org.activiti.engine.impl.pvm.runtime.AtomicOperationActivityExecute  - ProcessInstance[1661] executes Activity(theStart): org.activiti.engine.impl.bpmn.behavior.NoneStartEventActivityBehavior
10:44:57,198 [main] DEBUG org.activiti.engine.impl.persistence.entity.JobEntity.selectJobsByExecutionId  - ==&gt;  Preparing: select * from ACT_RU_JOB J where J.EXECUTION_ID_ = ? 
10:44:57,198 [main] DEBUG org.activiti.engine.impl.persistence.entity.JobEntity.selectJobsByExecutionId  - ==&gt; Parameters: 1661(String)
10:44:57,199 [main] DEBUG org.activiti.engine.impl.persistence.entity.JobEntity.selectJobsByExecutionId  - &lt;==      Total: 0
10:44:57,199 [main] DEBUG org.activiti.engine.impl.bpmn.behavior.BpmnActivityBehavior  - Leaving activity &apos;theStart&apos;
10:44:57,199 [main] DEBUG org.activiti.engine.impl.history.DefaultHistoryManager  - Current history level: FULL, level required: ACTIVITY
10:44:57,199 [main] DEBUG org.activiti.engine.impl.pvm.runtime.AtomicOperationTransitionNotifyListenerTake  - ProcessInstance[1661] takes transition (theStart)--flow1--&gt;(firstLineSupport)
10:44:57,199 [main] DEBUG org.activiti.engine.impl.persistence.entity.ExecutionEntity  - Child execution ScopeExecution[1663] created with parent 
10:44:57,199 [main] DEBUG org.activiti.engine.impl.pvm.runtime.AtomicOperationTransitionCreateScope  - create scope: parent ProcessInstance[1661] continues as execution ScopeExecution[1663]
10:44:57,199 [main] DEBUG org.activiti.engine.impl.persistence.entity.ExecutionEntity  - initializing ScopeExecution[1663]
10:44:57,199 [main] DEBUG org.activiti.engine.impl.persistence.entity.JobEntity.selectJobsByExecutionId  - ==&gt;  Preparing: select * from ACT_RU_JOB J where J.EXECUTION_ID_ = ? 
10:44:57,199 [main] DEBUG org.activiti.engine.impl.persistence.entity.JobEntity.selectJobsByExecutionId  - ==&gt; Parameters: 1663(String)
10:44:57,199 [main] DEBUG org.activiti.engine.impl.persistence.entity.JobEntity.selectJobsByExecutionId  - &lt;==      Total: 0
10:44:57,199 [main] DEBUG org.activiti.engine.impl.history.DefaultHistoryManager  - Current history level: FULL, level required: ACTIVITY
10:44:57,199 [main] DEBUG org.activiti.engine.impl.pvm.runtime.AtomicOperationActivityExecute  - ScopeExecution[1663] executes Activity(firstLineSupport): org.activiti.engine.impl.bpmn.behavior.UserTaskActivityBehavior
10:44:57,199 [main] DEBUG org.activiti.engine.impl.persistence.entity.TaskEntity.selectTasksByExecutionId  - ==&gt;  Preparing: select distinct T.* from ACT_RU_TASK T where T.EXECUTION_ID_ = ? 
10:44:57,199 [main] DEBUG org.activiti.engine.impl.persistence.entity.TaskEntity.selectTasksByExecutionId  - ==&gt; Parameters: 1663(String)
10:44:57,199 [main] DEBUG org.activiti.engine.impl.persistence.entity.TaskEntity.selectTasksByExecutionId  - &lt;==      Total: 0
10:44:57,199 [main] DEBUG org.activiti.engine.impl.history.DefaultHistoryManager  - Current history level: FULL, level required: AUDIT
10:44:57,199 [main] DEBUG org.activiti.engine.impl.history.DefaultHistoryManager  - Current history level: FULL, level required: AUDIT
10:44:57,199 [main] DEBUG org.activiti.engine.impl.interceptor.LogInterceptor  - 

10:44:57,199 [main] DEBUG org.activiti.engine.impl.interceptor.LogInterceptor  - --- starting  --------------------------------------------------------
10:44:57,199 [main] DEBUG org.activiti.engine.impl.interceptor.CommandContextInterceptor  - Valid context found. Reusing it for the current command &apos;null&apos;
10:44:57,199 [main] DEBUG org.activiti.engine.impl.persistence.entity.ProcessDefinitionInfoEntity.selectProcessDefinitionInfoByProcessDefinitionId  - ==&gt;  Preparing: select * from ACT_PROCDEF_INFO where PROC_DEF_ID_ = ? 
10:44:57,199 [main] DEBUG org.activiti.engine.impl.persistence.entity.ProcessDefinitionInfoEntity.selectProcessDefinitionInfoByProcessDefinitionId  - ==&gt; Parameters: timerOnTask:1:1660(String)
10:44:57,199 [main] DEBUG org.activiti.engine.impl.persistence.entity.ProcessDefinitionInfoEntity.selectProcessDefinitionInfoByProcessDefinitionId  - &lt;==      Total: 0
10:44:57,199 [main] DEBUG org.activiti.engine.impl.interceptor.LogInterceptor  - ---  finished --------------------------------------------------------
10:44:57,199 [main] DEBUG org.activiti.engine.impl.interceptor.LogInterceptor  - 

10:44:57,199 [main] DEBUG org.activiti.engine.impl.history.DefaultHistoryManager  - Current history level: FULL, level required: AUDIT
10:44:57,199 [main] DEBUG org.activiti.engine.impl.history.DefaultHistoryManager  - Current history level: FULL, level required: AUDIT
10:44:57,199 [main] DEBUG org.activiti.engine.impl.history.DefaultHistoryManager  - Current history level: FULL, level required: ACTIVITY
10:44:57,199 [main] DEBUG org.activiti.engine.impl.db.DbSqlSession  -   insert ProcessInstance[1661]
10:44:57,199 [main] DEBUG org.activiti.engine.impl.db.DbSqlSession  -   insert ScopeExecution[1663]
10:44:57,199 [main] DEBUG org.activiti.engine.impl.db.DbSqlSession  -   insert HistoricProcessInstanceEntity[superProcessInstanceId=null]
10:44:57,199 [main] DEBUG org.activiti.engine.impl.db.DbSqlSession  -   insert Task[id=1666, name=First line support]
10:44:57,199 [main] DEBUG org.activiti.engine.impl.db.DbSqlSession  -   insert HistoricTaskInstanceEntity[id=1666, name=First line support]
10:44:57,199 [main] DEBUG org.activiti.engine.impl.db.DbSqlSession  -   insert HistoricActivityInstanceEntity[activityId=theStart, activityName=null]
10:44:57,199 [main] DEBUG org.activiti.engine.impl.db.DbSqlSession  -   insert HistoricActivityInstanceEntity[activityId=firstLineSupport, activityName=First line support]
10:44:57,199 [main] DEBUG org.activiti.engine.impl.db.DbSqlSession  -   insert JobEntity [id=1664]
10:44:57,199 [main] DEBUG org.activiti.engine.impl.db.DbSqlSession  - flush summary: 8 insert, 0 update, 0 delete.
10:44:57,199 [main] DEBUG org.activiti.engine.impl.db.DbSqlSession  - now executing flush...
10:44:57,199 [main] DEBUG org.activiti.engine.impl.db.DbSqlSession  - inserting: HistoricTaskInstanceEntity[id=1666, name=First line support]
10:44:57,199 [main] DEBUG org.activiti.engine.impl.persistence.entity.HistoricTaskInstanceEntity.insertHistoricTaskInstance  - ==&gt;  Preparing: insert into ACT_HI_TASKINST ( ID_, PROC_DEF_ID_, PROC_INST_ID_, EXECUTION_ID_, NAME_, PARENT_TASK_ID_, DESCRIPTION_, OWNER_, ASSIGNEE_, START_TIME_, CLAIM_TIME_, END_TIME_, DURATION_, DELETE_REASON_, TASK_DEF_KEY_, FORM_KEY_, PRIORITY_, DUE_DATE_, CATEGORY_, TENANT_ID_ ) values ( ?, ?, ?, ?, ?, ?, ?, ?, ?, ?, ?, ?, ?, ?, ?, ?, ?, ?, ?, ? ) 
10:44:57,199 [main] DEBUG org.activiti.engine.impl.persistence.entity.HistoricTaskInstanceEntity.insertHistoricTaskInstance  - ==&gt; Parameters: 1666(String), timerOnTask:1:1660(String), 1661(String), 1663(String), First line support(String), null, null, null, null, 2023-03-20 10:44:57.0(Timestamp), null, null, null, null, firstLineSupport(String), null, 50(Integer), null, null, (String)
10:44:57,199 [main] DEBUG org.activiti.engine.impl.persistence.entity.HistoricTaskInstanceEntity.insertHistoricTaskInstance  - &lt;==    Updates: 1
10:44:57,199 [main] DEBUG org.activiti.engine.impl.db.DbSqlSession  - inserting: HistoricProcessInstanceEntity[superProcessInstanceId=null]
10:44:57,199 [main] DEBUG org.activiti.engine.impl.persistence.entity.HistoricProcessInstanceEntity.insertHistoricProcessInstance  - ==&gt;  Preparing: insert into ACT_HI_PROCINST ( ID_, PROC_INST_ID_, BUSINESS_KEY_, PROC_DEF_ID_, START_TIME_, END_TIME_, DURATION_, START_USER_ID_, START_ACT_ID_, END_ACT_ID_, SUPER_PROCESS_INSTANCE_ID_, DELETE_REASON_, TENANT_ID_, NAME_ ) values ( ?, ?, ?, ?, ?, ?, ?, ?, ?, ?, ?, ?, ?, ? ) 
10:44:57,200 [main] DEBUG org.activiti.engine.impl.persistence.entity.HistoricProcessInstanceEntity.insertHistoricProcessInstance  - ==&gt; Parameters: 1661(String), 1661(String), null, timerOnTask:1:1660(String), 2023-03-20 10:44:57.0(Timestamp), null, null, null, theStart(String), null, null, null, (String), null
10:44:57,200 [main] DEBUG org.activiti.engine.impl.persistence.entity.HistoricProcessInstanceEntity.insertHistoricProcessInstance  - &lt;==    Updates: 1
10:44:57,200 [main] DEBUG org.activiti.engine.impl.persistence.entity.HistoricActivityInstanceEntity.bulkInsertHistoricActivityInstance  - ==&gt;  Preparing: insert into ACT_HI_ACTINST ( ID_, PROC_DEF_ID_, PROC_INST_ID_, EXECUTION_ID_, ACT_ID_, TASK_ID_, CALL_PROC_INST_ID_, ACT_NAME_, ACT_TYPE_, ASSIGNEE_, START_TIME_, END_TIME_, DURATION_, TENANT_ID_ ) values (?, ?, ?, ?, ?, ?, ?, ?, ?, ?, ?, ?, ?, ?) , (?, ?, ?, ?, ?, ?, ?, ?, ?, ?, ?, ?, ?, ?) 
10:44:57,200 [main] DEBUG org.activiti.engine.impl.persistence.entity.HistoricActivityInstanceEntity.bulkInsertHistoricActivityInstance  - ==&gt; Parameters: 1662(String), timerOnTask:1:1660(String), 1661(String), 1661(String), theStart(String), null, null, null, startEvent(String), null, 2023-03-20 10:44:57.0(Timestamp), 2023-03-20 10:44:57.0(Timestamp), 0(Long), (String), 1665(String), timerOnTask:1:1660(String), 1661(String), 1663(String), firstLineSupport(String), 1666(String), null, First line support(String), userTask(String), null, 2023-03-20 10:44:57.0(Timestamp), null, null, (String)
10:44:57,200 [main] DEBUG org.activiti.engine.impl.persistence.entity.HistoricActivityInstanceEntity.bulkInsertHistoricActivityInstance  - &lt;==    Updates: 2
10:44:57,200 [main] DEBUG org.activiti.engine.impl.persistence.entity.ExecutionEntity.bulkInsertExecution  - ==&gt;  Preparing: insert into ACT_RU_EXECUTION (ID_, REV_, PROC_INST_ID_, BUSINESS_KEY_, PROC_DEF_ID_, ACT_ID_, IS_ACTIVE_, IS_CONCURRENT_, IS_SCOPE_,IS_EVENT_SCOPE_, PARENT_ID_, SUPER_EXEC_, SUSPENSION_STATE_, CACHED_ENT_STATE_, TENANT_ID_, NAME_) values (?, 1, ?, ?, ?, ?, ?, ?, ?, ?, ?, ?, ?, ?, ?, ?) , (?, 1, ?, ?, ?, ?, ?, ?, ?, ?, ?, ?, ?, ?, ?, ?) 
10:44:57,200 [main] DEBUG org.activiti.engine.impl.persistence.entity.ExecutionEntity.bulkInsertExecution  - ==&gt; Parameters: 1661(String), 1661(String), null, timerOnTask:1:1660(String), null, false(Boolean), false(Boolean), true(Boolean), false(Boolean), null, null, 1(Integer), 2(Integer), (String), null, 1663(String), 1661(String), null, timerOnTask:1:1660(String), firstLineSupport(String), true(Boolean), false(Boolean), true(Boolean), false(Boolean), 1661(String), null, 1(Integer), 6(Integer), (String), null
10:44:57,200 [main] DEBUG org.activiti.engine.impl.persistence.entity.ExecutionEntity.bulkInsertExecution  - &lt;==    Updates: 2
10:44:57,200 [main] DEBUG org.activiti.engine.impl.db.DbSqlSession  - inserting: Task[id=1666, name=First line support]
10:44:57,200 [main] DEBUG org.activiti.engine.impl.persistence.entity.TaskEntity.insertTask  - ==&gt;  Preparing: insert into ACT_RU_TASK (ID_, REV_, NAME_, PARENT_TASK_ID_, DESCRIPTION_, PRIORITY_, CREATE_TIME_, OWNER_, ASSIGNEE_, DELEGATION_, EXECUTION_ID_, PROC_INST_ID_, PROC_DEF_ID_, TASK_DEF_KEY_, DUE_DATE_, CATEGORY_, SUSPENSION_STATE_, TENANT_ID_, FORM_KEY_) values (?, 1, ?, ?, ?, ?, ?, ?, ?, ?, ?, ?, ?, ?, ?, ?, ?, ?, ? ) 
10:44:57,200 [main] DEBUG org.activiti.engine.impl.persistence.entity.TaskEntity.insertTask  - ==&gt; Parameters: 1666(String), First line support(String), null, null, 50(Integer), 2023-03-20 10:44:57.0(Timestamp), null, null, null, 1663(String), 1661(String), timerOnTask:1:1660(String), firstLineSupport(String), null, null, 1(Integer), (String), null
10:44:57,200 [main] DEBUG org.activiti.engine.impl.persistence.entity.TaskEntity.insertTask  - &lt;==    Updates: 1
10:44:57,200 [main] DEBUG org.activiti.engine.impl.db.DbSqlSession  - inserting: JobEntity [id=1664]
10:44:57,200 [main] DEBUG org.activiti.engine.impl.persistence.entity.JobEntity.insertTimer  - ==&gt;  Preparing: insert into ACT_RU_JOB ( ID_, REV_, TYPE_, LOCK_OWNER_, LOCK_EXP_TIME_, EXCLUSIVE_, EXECUTION_ID_, PROCESS_INSTANCE_ID_, PROC_DEF_ID_, RETRIES_, EXCEPTION_STACK_ID_, EXCEPTION_MSG_, DUEDATE_, REPEAT_, HANDLER_TYPE_, HANDLER_CFG_, TENANT_ID_) values (?, 1, &apos;timer&apos;, ?, ?, ?, ?, ?, ?, ?, ?, ?, ?, ?, ?, ?, ? ) 
10:44:57,200 [main] DEBUG org.activiti.engine.impl.persistence.entity.JobEntity.insertTimer  - ==&gt; Parameters: 1664(String), null, null, true(Boolean), 1663(String), 1661(String), timerOnTask:1:1660(String), 3(Integer), null, null, 2023-03-20 11:44:57.0(Timestamp), null, timer-transition(String), {&quot;activityId&quot;:&quot;escalationTimer&quot;}(String), (String)
10:44:57,200 [main] DEBUG org.activiti.engine.impl.persistence.entity.JobEntity.insertTimer  - &lt;==    Updates: 1
10:44:57,200 [main] DEBUG org.activiti.engine.impl.cfg.standalone.StandaloneMybatisTransactionContext  - firing event committing...
10:44:57,200 [main] DEBUG org.activiti.engine.impl.cfg.standalone.StandaloneMybatisTransactionContext  - committing the ibatis sql session...
10:44:57,200 [main] DEBUG org.apache.ibatis.transaction.jdbc.JdbcTransaction  - Committing JDBC Connection [conn3: url=jdbc:h2:mem:activiti user=SA]
10:44:57,200 [main] DEBUG org.activiti.engine.impl.cfg.standalone.StandaloneMybatisTransactionContext  - firing event committed...
10:44:57,200 [main] DEBUG org.apache.ibatis.transaction.jdbc.JdbcTransaction  - Resetting autocommit to true on JDBC Connection [conn3: url=jdbc:h2:mem:activiti user=SA]
10:44:57,200 [main] DEBUG org.apache.ibatis.transaction.jdbc.JdbcTransaction  - Closing JDBC Connection [conn3: url=jdbc:h2:mem:activiti user=SA]
10:44:57,200 [main] DEBUG org.apache.ibatis.datasource.pooled.PooledDataSource  - Returned connection 180014677 to pool.
10:44:57,200 [main] DEBUG org.activiti.engine.impl.interceptor.LogInterceptor  - --- StartProcessInstanceCmd finished --------------------------------------------------------
10:44:57,200 [main] DEBUG org.activiti.engine.impl.interceptor.LogInterceptor  - 

10:44:57,201 [main] DEBUG org.activiti.engine.impl.interceptor.LogInterceptor  - 

10:44:57,201 [main] DEBUG org.activiti.engine.impl.interceptor.LogInterceptor  - --- starting StartProcessInstanceCmd --------------------------------------------------------
10:44:57,201 [main] DEBUG org.apache.ibatis.transaction.jdbc.JdbcTransaction  - Opening JDBC Connection
10:44:57,201 [main] DEBUG org.apache.ibatis.datasource.pooled.PooledDataSource  - Checked out connection 297240765 from pool.
10:44:57,201 [main] DEBUG org.apache.ibatis.transaction.jdbc.JdbcTransaction  - Setting autocommit to false on JDBC Connection [conn4: url=jdbc:h2:mem:activiti user=SA]
10:44:57,201 [main] DEBUG org.activiti.engine.impl.persistence.entity.ProcessDefinitionEntity.selectLatestProcessDefinitionByKey  - ==&gt;  Preparing: select * from ACT_RE_PROCDEF where KEY_ = ? and (TENANT_ID_ = &apos;&apos; or TENANT_ID_ is null) and VERSION_ = (select max(VERSION_) from ACT_RE_PROCDEF where KEY_ = ? and (TENANT_ID_ = &apos;&apos; or TENANT_ID_ is null)) 
10:44:57,201 [main] DEBUG org.activiti.engine.impl.persistence.entity.ProcessDefinitionEntity.selectLatestProcessDefinitionByKey  - ==&gt; Parameters: timerOnTask(String), timerOnTask(String)
10:44:57,201 [main] DEBUG org.activiti.engine.impl.persistence.entity.ProcessDefinitionEntity.selectLatestProcessDefinitionByKey  - &lt;==      Total: 1
10:44:57,201 [main] DEBUG org.activiti.engine.impl.persistence.entity.ExecutionEntity  - initializing ProcessInstance[1667]
10:44:57,201 [main] DEBUG org.activiti.engine.impl.history.DefaultHistoryManager  - Current history level: FULL, level required: ACTIVITY
10:44:57,201 [main] DEBUG org.activiti.engine.impl.pvm.runtime.AtomicOperationActivityExecute  - ProcessInstance[1667] executes Activity(theStart): org.activiti.engine.impl.bpmn.behavior.NoneStartEventActivityBehavior
10:44:57,201 [main] DEBUG org.activiti.engine.impl.persistence.entity.JobEntity.selectJobsByExecutionId  - ==&gt;  Preparing: select * from ACT_RU_JOB J where J.EXECUTION_ID_ = ? 
10:44:57,201 [main] DEBUG org.activiti.engine.impl.persistence.entity.JobEntity.selectJobsByExecutionId  - ==&gt; Parameters: 1667(String)
10:44:57,201 [main] DEBUG org.activiti.engine.impl.persistence.entity.JobEntity.selectJobsByExecutionId  - &lt;==      Total: 0
10:44:57,201 [main] DEBUG org.activiti.engine.impl.bpmn.behavior.BpmnActivityBehavior  - Leaving activity &apos;theStart&apos;
10:44:57,201 [main] DEBUG org.activiti.engine.impl.history.DefaultHistoryManager  - Current history level: FULL, level required: ACTIVITY
10:44:57,201 [main] DEBUG org.activiti.engine.impl.pvm.runtime.AtomicOperationTransitionNotifyListenerTake  - ProcessInstance[1667] takes transition (theStart)--flow1--&gt;(firstLineSupport)
10:44:57,201 [main] DEBUG org.activiti.engine.impl.persistence.entity.ExecutionEntity  - Child execution ScopeExecution[1669] created with parent 
10:44:57,201 [main] DEBUG org.activiti.engine.impl.pvm.runtime.AtomicOperationTransitionCreateScope  - create scope: parent ProcessInstance[1667] continues as execution ScopeExecution[1669]
10:44:57,201 [main] DEBUG org.activiti.engine.impl.persistence.entity.ExecutionEntity  - initializing ScopeExecution[1669]
10:44:57,201 [main] DEBUG org.activiti.engine.impl.persistence.entity.JobEntity.selectJobsByExecutionId  - ==&gt;  Preparing: select * from ACT_RU_JOB J where J.EXECUTION_ID_ = ? 
10:44:57,201 [main] DEBUG org.activiti.engine.impl.persistence.entity.JobEntity.selectJobsByExecutionId  - ==&gt; Parameters: 1669(String)
10:44:57,201 [main] DEBUG org.activiti.engine.impl.persistence.entity.JobEntity.selectJobsByExecutionId  - &lt;==      Total: 0
10:44:57,201 [main] DEBUG org.activiti.engine.impl.history.DefaultHistoryManager  - Current history level: FULL, level required: ACTIVITY
10:44:57,201 [main] DEBUG org.activiti.engine.impl.pvm.runtime.AtomicOperationActivityExecute  - ScopeExecution[1669] executes Activity(firstLineSupport): org.activiti.engine.impl.bpmn.behavior.UserTaskActivityBehavior
10:44:57,201 [main] DEBUG org.activiti.engine.impl.persistence.entity.TaskEntity.selectTasksByExecutionId  - ==&gt;  Preparing: select distinct T.* from ACT_RU_TASK T where T.EXECUTION_ID_ = ? 
10:44:57,201 [main] DEBUG org.activiti.engine.impl.persistence.entity.TaskEntity.selectTasksByExecutionId  - ==&gt; Parameters: 1669(String)
10:44:57,201 [main] DEBUG org.activiti.engine.impl.persistence.entity.TaskEntity.selectTasksByExecutionId  - &lt;==      Total: 0
10:44:57,201 [main] DEBUG org.activiti.engine.impl.history.DefaultHistoryManager  - Current history level: FULL, level required: AUDIT
10:44:57,201 [main] DEBUG org.activiti.engine.impl.history.DefaultHistoryManager  - Current history level: FULL, level required: AUDIT
10:44:57,202 [main] DEBUG org.activiti.engine.impl.interceptor.LogInterceptor  - 

10:44:57,202 [main] DEBUG org.activiti.engine.impl.interceptor.LogInterceptor  - --- starting  --------------------------------------------------------
10:44:57,202 [main] DEBUG org.activiti.engine.impl.interceptor.CommandContextInterceptor  - Valid context found. Reusing it for the current command &apos;null&apos;
10:44:57,202 [main] DEBUG org.activiti.engine.impl.persistence.entity.ProcessDefinitionInfoEntity.selectProcessDefinitionInfoByProcessDefinitionId  - ==&gt;  Preparing: select * from ACT_PROCDEF_INFO where PROC_DEF_ID_ = ? 
10:44:57,202 [main] DEBUG org.activiti.engine.impl.persistence.entity.ProcessDefinitionInfoEntity.selectProcessDefinitionInfoByProcessDefinitionId  - ==&gt; Parameters: timerOnTask:1:1660(String)
10:44:57,202 [main] DEBUG org.activiti.engine.impl.persistence.entity.ProcessDefinitionInfoEntity.selectProcessDefinitionInfoByProcessDefinitionId  - &lt;==      Total: 0
10:44:57,202 [main] DEBUG org.activiti.engine.impl.interceptor.LogInterceptor  - ---  finished --------------------------------------------------------
10:44:57,202 [main] DEBUG org.activiti.engine.impl.interceptor.LogInterceptor  - 

10:44:57,202 [main] DEBUG org.activiti.engine.impl.history.DefaultHistoryManager  - Current history level: FULL, level required: AUDIT
10:44:57,202 [main] DEBUG org.activiti.engine.impl.history.DefaultHistoryManager  - Current history level: FULL, level required: AUDIT
10:44:57,202 [main] DEBUG org.activiti.engine.impl.history.DefaultHistoryManager  - Current history level: FULL, level required: ACTIVITY
10:44:57,202 [main] DEBUG org.activiti.engine.impl.db.DbSqlSession  -   insert ProcessInstance[1667]
10:44:57,202 [main] DEBUG org.activiti.engine.impl.db.DbSqlSession  -   insert ScopeExecution[1669]
10:44:57,202 [main] DEBUG org.activiti.engine.impl.db.DbSqlSession  -   insert HistoricProcessInstanceEntity[superProcessInstanceId=null]
10:44:57,202 [main] DEBUG org.activiti.engine.impl.db.DbSqlSession  -   insert Task[id=1672, name=First line support]
10:44:57,202 [main] DEBUG org.activiti.engine.impl.db.DbSqlSession  -   insert HistoricTaskInstanceEntity[id=1672, name=First line support]
10:44:57,202 [main] DEBUG org.activiti.engine.impl.db.DbSqlSession  -   insert HistoricActivityInstanceEntity[activityId=theStart, activityName=null]
10:44:57,202 [main] DEBUG org.activiti.engine.impl.db.DbSqlSession  -   insert HistoricActivityInstanceEntity[activityId=firstLineSupport, activityName=First line support]
10:44:57,202 [main] DEBUG org.activiti.engine.impl.db.DbSqlSession  -   insert JobEntity [id=1670]
10:44:57,202 [main] DEBUG org.activiti.engine.impl.db.DbSqlSession  - flush summary: 8 insert, 0 update, 0 delete.
10:44:57,202 [main] DEBUG org.activiti.engine.impl.db.DbSqlSession  - now executing flush...
10:44:57,202 [main] DEBUG org.activiti.engine.impl.db.DbSqlSession  - inserting: HistoricTaskInstanceEntity[id=1672, name=First line support]
10:44:57,202 [main] DEBUG org.activiti.engine.impl.persistence.entity.HistoricTaskInstanceEntity.insertHistoricTaskInstance  - ==&gt;  Preparing: insert into ACT_HI_TASKINST ( ID_, PROC_DEF_ID_, PROC_INST_ID_, EXECUTION_ID_, NAME_, PARENT_TASK_ID_, DESCRIPTION_, OWNER_, ASSIGNEE_, START_TIME_, CLAIM_TIME_, END_TIME_, DURATION_, DELETE_REASON_, TASK_DEF_KEY_, FORM_KEY_, PRIORITY_, DUE_DATE_, CATEGORY_, TENANT_ID_ ) values ( ?, ?, ?, ?, ?, ?, ?, ?, ?, ?, ?, ?, ?, ?, ?, ?, ?, ?, ?, ? ) 
10:44:57,202 [main] DEBUG org.activiti.engine.impl.persistence.entity.HistoricTaskInstanceEntity.insertHistoricTaskInstance  - ==&gt; Parameters: 1672(String), timerOnTask:1:1660(String), 1667(String), 1669(String), First line support(String), null, null, null, null, 2023-03-20 11:44:57.0(Timestamp), null, null, null, null, firstLineSupport(String), null, 50(Integer), null, null, (String)
10:44:57,202 [main] DEBUG org.activiti.engine.impl.persistence.entity.HistoricTaskInstanceEntity.insertHistoricTaskInstance  - &lt;==    Updates: 1
10:44:57,202 [main] DEBUG org.activiti.engine.impl.db.DbSqlSession  - inserting: HistoricProcessInstanceEntity[superProcessInstanceId=null]
10:44:57,202 [main] DEBUG org.activiti.engine.impl.persistence.entity.HistoricProcessInstanceEntity.insertHistoricProcessInstance  - ==&gt;  Preparing: insert into ACT_HI_PROCINST ( ID_, PROC_INST_ID_, BUSINESS_KEY_, PROC_DEF_ID_, START_TIME_, END_TIME_, DURATION_, START_USER_ID_, START_ACT_ID_, END_ACT_ID_, SUPER_PROCESS_INSTANCE_ID_, DELETE_REASON_, TENANT_ID_, NAME_ ) values ( ?, ?, ?, ?, ?, ?, ?, ?, ?, ?, ?, ?, ?, ? ) 
10:44:57,202 [main] DEBUG org.activiti.engine.impl.persistence.entity.HistoricProcessInstanceEntity.insertHistoricProcessInstance  - ==&gt; Parameters: 1667(String), 1667(String), null, timerOnTask:1:1660(String), 2023-03-20 11:44:57.0(Timestamp), null, null, null, theStart(String), null, null, null, (String), null
10:44:57,202 [main] DEBUG org.activiti.engine.impl.persistence.entity.HistoricProcessInstanceEntity.insertHistoricProcessInstance  - &lt;==    Updates: 1
10:44:57,202 [main] DEBUG org.activiti.engine.impl.persistence.entity.HistoricActivityInstanceEntity.bulkInsertHistoricActivityInstance  - ==&gt;  Preparing: insert into ACT_HI_ACTINST ( ID_, PROC_DEF_ID_, PROC_INST_ID_, EXECUTION_ID_, ACT_ID_, TASK_ID_, CALL_PROC_INST_ID_, ACT_NAME_, ACT_TYPE_, ASSIGNEE_, START_TIME_, END_TIME_, DURATION_, TENANT_ID_ ) values (?, ?, ?, ?, ?, ?, ?, ?, ?, ?, ?, ?, ?, ?) , (?, ?, ?, ?, ?, ?, ?, ?, ?, ?, ?, ?, ?, ?) 
10:44:57,202 [main] DEBUG org.activiti.engine.impl.persistence.entity.HistoricActivityInstanceEntity.bulkInsertHistoricActivityInstance  - ==&gt; Parameters: 1668(String), timerOnTask:1:1660(String), 1667(String), 1667(String), theStart(String), null, null, null, startEvent(String), null, 2023-03-20 11:44:57.0(Timestamp), 2023-03-20 11:44:57.0(Timestamp), 0(Long), (String), 1671(String), timerOnTask:1:1660(String), 1667(String), 1669(String), firstLineSupport(String), 1672(String), null, First line support(String), userTask(String), null, 2023-03-20 11:44:57.0(Timestamp), null, null, (String)
10:44:57,202 [main] DEBUG org.activiti.engine.impl.persistence.entity.HistoricActivityInstanceEntity.bulkInsertHistoricActivityInstance  - &lt;==    Updates: 2
10:44:57,202 [main] DEBUG org.activiti.engine.impl.persistence.entity.ExecutionEntity.bulkInsertExecution  - ==&gt;  Preparing: insert into ACT_RU_EXECUTION (ID_, REV_, PROC_INST_ID_, BUSINESS_KEY_, PROC_DEF_ID_, ACT_ID_, IS_ACTIVE_, IS_CONCURRENT_, IS_SCOPE_,IS_EVENT_SCOPE_, PARENT_ID_, SUPER_EXEC_, SUSPENSION_STATE_, CACHED_ENT_STATE_, TENANT_ID_, NAME_) values (?, 1, ?, ?, ?, ?, ?, ?, ?, ?, ?, ?, ?, ?, ?, ?) , (?, 1, ?, ?, ?, ?, ?, ?, ?, ?, ?, ?, ?, ?, ?, ?) 
10:44:57,202 [main] DEBUG org.activiti.engine.impl.persistence.entity.ExecutionEntity.bulkInsertExecution  - ==&gt; Parameters: 1667(String), 1667(String), null, timerOnTask:1:1660(String), null, false(Boolean), false(Boolean), true(Boolean), false(Boolean), null, null, 1(Integer), 2(Integer), (String), null, 1669(String), 1667(String), null, timerOnTask:1:1660(String), firstLineSupport(String), true(Boolean), false(Boolean), true(Boolean), false(Boolean), 1667(String), null, 1(Integer), 6(Integer), (String), null
10:44:57,202 [main] DEBUG org.activiti.engine.impl.persistence.entity.ExecutionEntity.bulkInsertExecution  - &lt;==    Updates: 2
10:44:57,202 [main] DEBUG org.activiti.engine.impl.db.DbSqlSession  - inserting: Task[id=1672, name=First line support]
10:44:57,202 [main] DEBUG org.activiti.engine.impl.persistence.entity.TaskEntity.insertTask  - ==&gt;  Preparing: insert into ACT_RU_TASK (ID_, REV_, NAME_, PARENT_TASK_ID_, DESCRIPTION_, PRIORITY_, CREATE_TIME_, OWNER_, ASSIGNEE_, DELEGATION_, EXECUTION_ID_, PROC_INST_ID_, PROC_DEF_ID_, TASK_DEF_KEY_, DUE_DATE_, CATEGORY_, SUSPENSION_STATE_, TENANT_ID_, FORM_KEY_) values (?, 1, ?, ?, ?, ?, ?, ?, ?, ?, ?, ?, ?, ?, ?, ?, ?, ?, ? ) 
10:44:57,203 [main] DEBUG org.activiti.engine.impl.persistence.entity.TaskEntity.insertTask  - ==&gt; Parameters: 1672(String), First line support(String), null, null, 50(Integer), 2023-03-20 11:44:57.0(Timestamp), null, null, null, 1669(String), 1667(String), timerOnTask:1:1660(String), firstLineSupport(String), null, null, 1(Integer), (String), null
10:44:57,203 [main] DEBUG org.activiti.engine.impl.persistence.entity.TaskEntity.insertTask  - &lt;==    Updates: 1
10:44:57,203 [main] DEBUG org.activiti.engine.impl.db.DbSqlSession  - inserting: JobEntity [id=1670]
10:44:57,203 [main] DEBUG org.activiti.engine.impl.persistence.entity.JobEntity.insertTimer  - ==&gt;  Preparing: insert into ACT_RU_JOB ( ID_, REV_, TYPE_, LOCK_OWNER_, LOCK_EXP_TIME_, EXCLUSIVE_, EXECUTION_ID_, PROCESS_INSTANCE_ID_, PROC_DEF_ID_, RETRIES_, EXCEPTION_STACK_ID_, EXCEPTION_MSG_, DUEDATE_, REPEAT_, HANDLER_TYPE_, HANDLER_CFG_, TENANT_ID_) values (?, 1, &apos;timer&apos;, ?, ?, ?, ?, ?, ?, ?, ?, ?, ?, ?, ?, ?, ? ) 
10:44:57,203 [main] DEBUG org.activiti.engine.impl.persistence.entity.JobEntity.insertTimer  - ==&gt; Parameters: 1670(String), null, null, true(Boolean), 1669(String), 1667(String), timerOnTask:1:1660(String), 3(Integer), null, null, 2023-03-20 12:44:57.0(Timestamp), null, timer-transition(String), {&quot;activityId&quot;:&quot;escalationTimer&quot;}(String), (String)
10:44:57,203 [main] DEBUG org.activiti.engine.impl.persistence.entity.JobEntity.insertTimer  - &lt;==    Updates: 1
10:44:57,203 [main] DEBUG org.activiti.engine.impl.cfg.standalone.StandaloneMybatisTransactionContext  - firing event committing...
10:44:57,203 [main] DEBUG org.activiti.engine.impl.cfg.standalone.StandaloneMybatisTransactionContext  - committing the ibatis sql session...
10:44:57,203 [main] DEBUG org.apache.ibatis.transaction.jdbc.JdbcTransaction  - Committing JDBC Connection [conn4: url=jdbc:h2:mem:activiti user=SA]
10:44:57,203 [main] DEBUG org.activiti.engine.impl.cfg.standalone.StandaloneMybatisTransactionContext  - firing event committed...
10:44:57,203 [main] DEBUG org.apache.ibatis.transaction.jdbc.JdbcTransaction  - Resetting autocommit to true on JDBC Connection [conn4: url=jdbc:h2:mem:activiti user=SA]
10:44:57,203 [main] DEBUG org.apache.ibatis.transaction.jdbc.JdbcTransaction  - Closing JDBC Connection [conn4: url=jdbc:h2:mem:activiti user=SA]
10:44:57,203 [main] DEBUG org.apache.ibatis.datasource.pooled.PooledDataSource  - Returned connection 297240765 to pool.
10:44:57,203 [main] DEBUG org.activiti.engine.impl.interceptor.LogInterceptor  - --- StartProcessInstanceCmd finished --------------------------------------------------------
10:44:57,203 [main] DEBUG org.activiti.engine.impl.interceptor.LogInterceptor  - 

10:44:57,203 [main] DEBUG org.activiti.engine.impl.interceptor.LogInterceptor  - 

10:44:57,203 [main] DEBUG org.activiti.engine.impl.interceptor.LogInterceptor  - --- starting StartProcessInstanceCmd --------------------------------------------------------
10:44:57,203 [main] DEBUG org.apache.ibatis.transaction.jdbc.JdbcTransaction  - Opening JDBC Connection
10:44:57,203 [main] DEBUG org.apache.ibatis.datasource.pooled.PooledDataSource  - Checked out connection 363509958 from pool.
10:44:57,203 [main] DEBUG org.apache.ibatis.transaction.jdbc.JdbcTransaction  - Setting autocommit to false on JDBC Connection [conn2: url=jdbc:h2:mem:activiti user=SA]
10:44:57,203 [main] DEBUG org.activiti.engine.impl.persistence.entity.ProcessDefinitionEntity.selectLatestProcessDefinitionByKey  - ==&gt;  Preparing: select * from ACT_RE_PROCDEF where KEY_ = ? and (TENANT_ID_ = &apos;&apos; or TENANT_ID_ is null) and VERSION_ = (select max(VERSION_) from ACT_RE_PROCDEF where KEY_ = ? and (TENANT_ID_ = &apos;&apos; or TENANT_ID_ is null)) 
10:44:57,203 [main] DEBUG org.activiti.engine.impl.persistence.entity.ProcessDefinitionEntity.selectLatestProcessDefinitionByKey  - ==&gt; Parameters: timerOnTask(String), timerOnTask(String)
10:44:57,203 [main] DEBUG org.activiti.engine.impl.persistence.entity.ProcessDefinitionEntity.selectLatestProcessDefinitionByKey  - &lt;==      Total: 1
10:44:57,203 [main] DEBUG org.activiti.engine.impl.persistence.entity.ExecutionEntity  - initializing ProcessInstance[1673]
10:44:57,203 [main] DEBUG org.activiti.engine.impl.history.DefaultHistoryManager  - Current history level: FULL, level required: ACTIVITY
10:44:57,203 [main] DEBUG org.activiti.engine.impl.pvm.runtime.AtomicOperationActivityExecute  - ProcessInstance[1673] executes Activity(theStart): org.activiti.engine.impl.bpmn.behavior.NoneStartEventActivityBehavior
10:44:57,203 [main] DEBUG org.activiti.engine.impl.persistence.entity.JobEntity.selectJobsByExecutionId  - ==&gt;  Preparing: select * from ACT_RU_JOB J where J.EXECUTION_ID_ = ? 
10:44:57,203 [main] DEBUG org.activiti.engine.impl.persistence.entity.JobEntity.selectJobsByExecutionId  - ==&gt; Parameters: 1673(String)
10:44:57,203 [main] DEBUG org.activiti.engine.impl.persistence.entity.JobEntity.selectJobsByExecutionId  - &lt;==      Total: 0
10:44:57,203 [main] DEBUG org.activiti.engine.impl.bpmn.behavior.BpmnActivityBehavior  - Leaving activity &apos;theStart&apos;
10:44:57,203 [main] DEBUG org.activiti.engine.impl.history.DefaultHistoryManager  - Current history level: FULL, level required: ACTIVITY
10:44:57,203 [main] DEBUG org.activiti.engine.impl.pvm.runtime.AtomicOperationTransitionNotifyListenerTake  - ProcessInstance[1673] takes transition (theStart)--flow1--&gt;(firstLineSupport)
10:44:57,203 [main] DEBUG org.activiti.engine.impl.persistence.entity.ExecutionEntity  - Child execution ScopeExecution[1675] created with parent 
10:44:57,203 [main] DEBUG org.activiti.engine.impl.pvm.runtime.AtomicOperationTransitionCreateScope  - create scope: parent ProcessInstance[1673] continues as execution ScopeExecution[1675]
10:44:57,203 [main] DEBUG org.activiti.engine.impl.persistence.entity.ExecutionEntity  - initializing ScopeExecution[1675]
10:44:57,203 [main] DEBUG org.activiti.engine.impl.persistence.entity.JobEntity.selectJobsByExecutionId  - ==&gt;  Preparing: select * from ACT_RU_JOB J where J.EXECUTION_ID_ = ? 
10:44:57,203 [main] DEBUG org.activiti.engine.impl.persistence.entity.JobEntity.selectJobsByExecutionId  - ==&gt; Parameters: 1675(String)
10:44:57,203 [main] DEBUG org.activiti.engine.impl.persistence.entity.JobEntity.selectJobsByExecutionId  - &lt;==      Total: 0
10:44:57,203 [main] DEBUG org.activiti.engine.impl.history.DefaultHistoryManager  - Current history level: FULL, level required: ACTIVITY
10:44:57,203 [main] DEBUG org.activiti.engine.impl.pvm.runtime.AtomicOperationActivityExecute  - ScopeExecution[1675] executes Activity(firstLineSupport): org.activiti.engine.impl.bpmn.behavior.UserTaskActivityBehavior
10:44:57,203 [main] DEBUG org.activiti.engine.impl.persistence.entity.TaskEntity.selectTasksByExecutionId  - ==&gt;  Preparing: select distinct T.* from ACT_RU_TASK T where T.EXECUTION_ID_ = ? 
10:44:57,203 [main] DEBUG org.activiti.engine.impl.persistence.entity.TaskEntity.selectTasksByExecutionId  - ==&gt; Parameters: 1675(String)
10:44:57,203 [main] DEBUG org.activiti.engine.impl.persistence.entity.TaskEntity.selectTasksByExecutionId  - &lt;==      Total: 0
10:44:57,203 [main] DEBUG org.activiti.engine.impl.history.DefaultHistoryManager  - Current history level: FULL, level required: AUDIT
10:44:57,203 [main] DEBUG org.activiti.engine.impl.history.DefaultHistoryManager  - Current history level: FULL, level required: AUDIT
10:44:57,203 [main] DEBUG org.activiti.engine.impl.interceptor.LogInterceptor  - 

10:44:57,203 [main] DEBUG org.activiti.engine.impl.interceptor.LogInterceptor  - --- starting  --------------------------------------------------------
10:44:57,203 [main] DEBUG org.activiti.engine.impl.interceptor.CommandContextInterceptor  - Valid context found. Reusing it for the current command &apos;null&apos;
10:44:57,203 [main] DEBUG org.activiti.engine.impl.persistence.entity.ProcessDefinitionInfoEntity.selectProcessDefinitionInfoByProcessDefinitionId  - ==&gt;  Preparing: select * from ACT_PROCDEF_INFO where PROC_DEF_ID_ = ? 
10:44:57,203 [main] DEBUG org.activiti.engine.impl.persistence.entity.ProcessDefinitionInfoEntity.selectProcessDefinitionInfoByProcessDefinitionId  - ==&gt; Parameters: timerOnTask:1:1660(String)
10:44:57,204 [main] DEBUG org.activiti.engine.impl.persistence.entity.ProcessDefinitionInfoEntity.selectProcessDefinitionInfoByProcessDefinitionId  - &lt;==      Total: 0
10:44:57,204 [main] DEBUG org.activiti.engine.impl.interceptor.LogInterceptor  - ---  finished --------------------------------------------------------
10:44:57,204 [main] DEBUG org.activiti.engine.impl.interceptor.LogInterceptor  - 

10:44:57,204 [main] DEBUG org.activiti.engine.impl.history.DefaultHistoryManager  - Current history level: FULL, level required: AUDIT
10:44:57,204 [main] DEBUG org.activiti.engine.impl.history.DefaultHistoryManager  - Current history level: FULL, level required: AUDIT
10:44:57,204 [main] DEBUG org.activiti.engine.impl.history.DefaultHistoryManager  - Current history level: FULL, level required: ACTIVITY
10:44:57,204 [main] DEBUG org.activiti.engine.impl.db.DbSqlSession  -   insert ProcessInstance[1673]
10:44:57,204 [main] DEBUG org.activiti.engine.impl.db.DbSqlSession  -   insert ScopeExecution[1675]
10:44:57,204 [main] DEBUG org.activiti.engine.impl.db.DbSqlSession  -   insert HistoricProcessInstanceEntity[superProcessInstanceId=null]
10:44:57,204 [main] DEBUG org.activiti.engine.impl.db.DbSqlSession  -   insert Task[id=1678, name=First line support]
10:44:57,204 [main] DEBUG org.activiti.engine.impl.db.DbSqlSession  -   insert HistoricTaskInstanceEntity[id=1678, name=First line support]
10:44:57,204 [main] DEBUG org.activiti.engine.impl.db.DbSqlSession  -   insert HistoricActivityInstanceEntity[activityId=theStart, activityName=null]
10:44:57,204 [main] DEBUG org.activiti.engine.impl.db.DbSqlSession  -   insert HistoricActivityInstanceEntity[activityId=firstLineSupport, activityName=First line support]
10:44:57,204 [main] DEBUG org.activiti.engine.impl.db.DbSqlSession  -   insert JobEntity [id=1676]
10:44:57,204 [main] DEBUG org.activiti.engine.impl.db.DbSqlSession  - flush summary: 8 insert, 0 update, 0 delete.
10:44:57,204 [main] DEBUG org.activiti.engine.impl.db.DbSqlSession  - now executing flush...
10:44:57,204 [main] DEBUG org.activiti.engine.impl.db.DbSqlSession  - inserting: HistoricTaskInstanceEntity[id=1678, name=First line support]
10:44:57,204 [main] DEBUG org.activiti.engine.impl.persistence.entity.HistoricTaskInstanceEntity.insertHistoricTaskInstance  - ==&gt;  Preparing: insert into ACT_HI_TASKINST ( ID_, PROC_DEF_ID_, PROC_INST_ID_, EXECUTION_ID_, NAME_, PARENT_TASK_ID_, DESCRIPTION_, OWNER_, ASSIGNEE_, START_TIME_, CLAIM_TIME_, END_TIME_, DURATION_, DELETE_REASON_, TASK_DEF_KEY_, FORM_KEY_, PRIORITY_, DUE_DATE_, CATEGORY_, TENANT_ID_ ) values ( ?, ?, ?, ?, ?, ?, ?, ?, ?, ?, ?, ?, ?, ?, ?, ?, ?, ?, ?, ? ) 
10:44:57,204 [main] DEBUG org.activiti.engine.impl.persistence.entity.HistoricTaskInstanceEntity.insertHistoricTaskInstance  - ==&gt; Parameters: 1678(String), timerOnTask:1:1660(String), 1673(String), 1675(String), First line support(String), null, null, null, null, 2023-03-20 12:44:57.0(Timestamp), null, null, null, null, firstLineSupport(String), null, 50(Integer), null, null, (String)
10:44:57,204 [main] DEBUG org.activiti.engine.impl.persistence.entity.HistoricTaskInstanceEntity.insertHistoricTaskInstance  - &lt;==    Updates: 1
10:44:57,204 [main] DEBUG org.activiti.engine.impl.db.DbSqlSession  - inserting: HistoricProcessInstanceEntity[superProcessInstanceId=null]
10:44:57,204 [main] DEBUG org.activiti.engine.impl.persistence.entity.HistoricProcessInstanceEntity.insertHistoricProcessInstance  - ==&gt;  Preparing: insert into ACT_HI_PROCINST ( ID_, PROC_INST_ID_, BUSINESS_KEY_, PROC_DEF_ID_, START_TIME_, END_TIME_, DURATION_, START_USER_ID_, START_ACT_ID_, END_ACT_ID_, SUPER_PROCESS_INSTANCE_ID_, DELETE_REASON_, TENANT_ID_, NAME_ ) values ( ?, ?, ?, ?, ?, ?, ?, ?, ?, ?, ?, ?, ?, ? ) 
10:44:57,204 [main] DEBUG org.activiti.engine.impl.persistence.entity.HistoricProcessInstanceEntity.insertHistoricProcessInstance  - ==&gt; Parameters: 1673(String), 1673(String), null, timerOnTask:1:1660(String), 2023-03-20 12:44:57.0(Timestamp), null, null, null, theStart(String), null, null, null, (String), null
10:44:57,204 [main] DEBUG org.activiti.engine.impl.persistence.entity.HistoricProcessInstanceEntity.insertHistoricProcessInstance  - &lt;==    Updates: 1
10:44:57,204 [main] DEBUG org.activiti.engine.impl.persistence.entity.HistoricActivityInstanceEntity.bulkInsertHistoricActivityInstance  - ==&gt;  Preparing: insert into ACT_HI_ACTINST ( ID_, PROC_DEF_ID_, PROC_INST_ID_, EXECUTION_ID_, ACT_ID_, TASK_ID_, CALL_PROC_INST_ID_, ACT_NAME_, ACT_TYPE_, ASSIGNEE_, START_TIME_, END_TIME_, DURATION_, TENANT_ID_ ) values (?, ?, ?, ?, ?, ?, ?, ?, ?, ?, ?, ?, ?, ?) , (?, ?, ?, ?, ?, ?, ?, ?, ?, ?, ?, ?, ?, ?) 
10:44:57,204 [main] DEBUG org.activiti.engine.impl.persistence.entity.HistoricActivityInstanceEntity.bulkInsertHistoricActivityInstance  - ==&gt; Parameters: 1674(String), timerOnTask:1:1660(String), 1673(String), 1673(String), theStart(String), null, null, null, startEvent(String), null, 2023-03-20 12:44:57.0(Timestamp), 2023-03-20 12:44:57.0(Timestamp), 0(Long), (String), 1677(String), timerOnTask:1:1660(String), 1673(String), 1675(String), firstLineSupport(String), 1678(String), null, First line support(String), userTask(String), null, 2023-03-20 12:44:57.0(Timestamp), null, null, (String)
10:44:57,204 [main] DEBUG org.activiti.engine.impl.persistence.entity.HistoricActivityInstanceEntity.bulkInsertHistoricActivityInstance  - &lt;==    Updates: 2
10:44:57,204 [main] DEBUG org.activiti.engine.impl.persistence.entity.ExecutionEntity.bulkInsertExecution  - ==&gt;  Preparing: insert into ACT_RU_EXECUTION (ID_, REV_, PROC_INST_ID_, BUSINESS_KEY_, PROC_DEF_ID_, ACT_ID_, IS_ACTIVE_, IS_CONCURRENT_, IS_SCOPE_,IS_EVENT_SCOPE_, PARENT_ID_, SUPER_EXEC_, SUSPENSION_STATE_, CACHED_ENT_STATE_, TENANT_ID_, NAME_) values (?, 1, ?, ?, ?, ?, ?, ?, ?, ?, ?, ?, ?, ?, ?, ?) , (?, 1, ?, ?, ?, ?, ?, ?, ?, ?, ?, ?, ?, ?, ?, ?) 
10:44:57,204 [main] DEBUG org.activiti.engine.impl.persistence.entity.ExecutionEntity.bulkInsertExecution  - ==&gt; Parameters: 1673(String), 1673(String), null, timerOnTask:1:1660(String), null, false(Boolean), false(Boolean), true(Boolean), false(Boolean), null, null, 1(Integer), 2(Integer), (String), null, 1675(String), 1673(String), null, timerOnTask:1:1660(String), firstLineSupport(String), true(Boolean), false(Boolean), true(Boolean), false(Boolean), 1673(String), null, 1(Integer), 6(Integer), (String), null
10:44:57,204 [main] DEBUG org.activiti.engine.impl.persistence.entity.ExecutionEntity.bulkInsertExecution  - &lt;==    Updates: 2
10:44:57,204 [main] DEBUG org.activiti.engine.impl.db.DbSqlSession  - inserting: Task[id=1678, name=First line support]
10:44:57,204 [main] DEBUG org.activiti.engine.impl.persistence.entity.TaskEntity.insertTask  - ==&gt;  Preparing: insert into ACT_RU_TASK (ID_, REV_, NAME_, PARENT_TASK_ID_, DESCRIPTION_, PRIORITY_, CREATE_TIME_, OWNER_, ASSIGNEE_, DELEGATION_, EXECUTION_ID_, PROC_INST_ID_, PROC_DEF_ID_, TASK_DEF_KEY_, DUE_DATE_, CATEGORY_, SUSPENSION_STATE_, TENANT_ID_, FORM_KEY_) values (?, 1, ?, ?, ?, ?, ?, ?, ?, ?, ?, ?, ?, ?, ?, ?, ?, ?, ? ) 
10:44:57,204 [main] DEBUG org.activiti.engine.impl.persistence.entity.TaskEntity.insertTask  - ==&gt; Parameters: 1678(String), First line support(String), null, null, 50(Integer), 2023-03-20 12:44:57.0(Timestamp), null, null, null, 1675(String), 1673(String), timerOnTask:1:1660(String), firstLineSupport(String), null, null, 1(Integer), (String), null
10:44:57,204 [main] DEBUG org.activiti.engine.impl.persistence.entity.TaskEntity.insertTask  - &lt;==    Updates: 1
10:44:57,204 [main] DEBUG org.activiti.engine.impl.db.DbSqlSession  - inserting: JobEntity [id=1676]
10:44:57,204 [main] DEBUG org.activiti.engine.impl.persistence.entity.JobEntity.insertTimer  - ==&gt;  Preparing: insert into ACT_RU_JOB ( ID_, REV_, TYPE_, LOCK_OWNER_, LOCK_EXP_TIME_, EXCLUSIVE_, EXECUTION_ID_, PROCESS_INSTANCE_ID_, PROC_DEF_ID_, RETRIES_, EXCEPTION_STACK_ID_, EXCEPTION_MSG_, DUEDATE_, REPEAT_, HANDLER_TYPE_, HANDLER_CFG_, TENANT_ID_) values (?, 1, &apos;timer&apos;, ?, ?, ?, ?, ?, ?, ?, ?, ?, ?, ?, ?, ?, ? ) 
10:44:57,204 [main] DEBUG org.activiti.engine.impl.persistence.entity.JobEntity.insertTimer  - ==&gt; Parameters: 1676(String), null, null, true(Boolean), 1675(String), 1673(String), timerOnTask:1:1660(String), 3(Integer), null, null, 2023-03-20 13:44:57.0(Timestamp), null, timer-transition(String), {&quot;activityId&quot;:&quot;escalationTimer&quot;}(String), (String)
10:44:57,205 [main] DEBUG org.activiti.engine.impl.persistence.entity.JobEntity.insertTimer  - &lt;==    Updates: 1
10:44:57,205 [main] DEBUG org.activiti.engine.impl.cfg.standalone.StandaloneMybatisTransactionContext  - firing event committing...
10:44:57,205 [main] DEBUG org.activiti.engine.impl.cfg.standalone.StandaloneMybatisTransactionContext  - committing the ibatis sql session...
10:44:57,205 [main] DEBUG org.apache.ibatis.transaction.jdbc.JdbcTransaction  - Committing JDBC Connection [conn2: url=jdbc:h2:mem:activiti user=SA]
10:44:57,205 [main] DEBUG org.activiti.engine.impl.cfg.standalone.StandaloneMybatisTransactionContext  - firing event committed...
10:44:57,205 [main] DEBUG org.apache.ibatis.transaction.jdbc.JdbcTransaction  - Resetting autocommit to true on JDBC Connection [conn2: url=jdbc:h2:mem:activiti user=SA]
10:44:57,205 [main] DEBUG org.apache.ibatis.transaction.jdbc.JdbcTransaction  - Closing JDBC Connection [conn2: url=jdbc:h2:mem:activiti user=SA]
10:44:57,205 [main] DEBUG org.apache.ibatis.datasource.pooled.PooledDataSource  - Returned connection 363509958 to pool.
10:44:57,205 [main] DEBUG org.activiti.engine.impl.interceptor.LogInterceptor  - --- StartProcessInstanceCmd finished --------------------------------------------------------
10:44:57,205 [main] DEBUG org.activiti.engine.impl.interceptor.LogInterceptor  - 

10:44:57,205 [main] DEBUG org.activiti.engine.impl.interceptor.LogInterceptor  - 

10:44:57,205 [main] DEBUG org.activiti.engine.impl.interceptor.LogInterceptor  - --- starting  --------------------------------------------------------
10:44:57,205 [main] DEBUG org.activiti.engine.impl.db.DbSqlSession  -   insert JobEntity [id=1679]
10:44:57,205 [main] DEBUG org.activiti.engine.impl.db.DbSqlSession  - flush summary: 1 insert, 0 update, 0 delete.
10:44:57,205 [main] DEBUG org.activiti.engine.impl.db.DbSqlSession  - now executing flush...
10:44:57,205 [main] DEBUG org.activiti.engine.impl.db.DbSqlSession  - inserting: JobEntity [id=1679]
10:44:57,205 [main] DEBUG org.apache.ibatis.transaction.jdbc.JdbcTransaction  - Opening JDBC Connection
10:44:57,205 [main] DEBUG org.apache.ibatis.datasource.pooled.PooledDataSource  - Checked out connection 180014677 from pool.
10:44:57,205 [main] DEBUG org.apache.ibatis.transaction.jdbc.JdbcTransaction  - Setting autocommit to false on JDBC Connection [conn3: url=jdbc:h2:mem:activiti user=SA]
10:44:57,205 [main] DEBUG org.activiti.engine.impl.persistence.entity.JobEntity.insertMessage  - ==&gt;  Preparing: insert into ACT_RU_JOB ( ID_, REV_, TYPE_, LOCK_OWNER_, LOCK_EXP_TIME_, EXCLUSIVE_, EXECUTION_ID_, PROCESS_INSTANCE_ID_, PROC_DEF_ID_, DUEDATE_, RETRIES_, EXCEPTION_STACK_ID_, EXCEPTION_MSG_, HANDLER_TYPE_, HANDLER_CFG_, TENANT_ID_) values (?, 1, &apos;message&apos;, ?, ?, ?, ?, ?, ?, ?, ?, ?, ?, ?, ?, ? ) 
10:44:57,205 [main] DEBUG org.activiti.engine.impl.persistence.entity.JobEntity.insertMessage  - ==&gt; Parameters: 1679(String), null, null, true(Boolean), null, null, null, 2023-03-20 12:49:57.0(Timestamp), 3(Integer), null, null, null, null, (String)
10:44:57,205 [main] DEBUG org.activiti.engine.impl.persistence.entity.JobEntity.insertMessage  - &lt;==    Updates: 1
10:44:57,205 [main] DEBUG org.activiti.engine.impl.cfg.standalone.StandaloneMybatisTransactionContext  - firing event committing...
10:44:57,205 [main] DEBUG org.activiti.engine.impl.cfg.standalone.StandaloneMybatisTransactionContext  - committing the ibatis sql session...
10:44:57,205 [main] DEBUG org.apache.ibatis.transaction.jdbc.JdbcTransaction  - Committing JDBC Connection [conn3: url=jdbc:h2:mem:activiti user=SA]
10:44:57,205 [main] DEBUG org.activiti.engine.impl.cfg.standalone.StandaloneMybatisTransactionContext  - firing event committed...
10:44:57,205 [main] DEBUG org.activiti.engine.impl.jobexecutor.AsyncJobAddedNotification  - notifying job executor of new job
10:44:57,205 [main] DEBUG org.apache.ibatis.transaction.jdbc.JdbcTransaction  - Resetting autocommit to true on JDBC Connection [conn3: url=jdbc:h2:mem:activiti user=SA]
10:44:57,205 [main] DEBUG org.apache.ibatis.transaction.jdbc.JdbcTransaction  - Closing JDBC Connection [conn3: url=jdbc:h2:mem:activiti user=SA]
10:44:57,205 [main] DEBUG org.apache.ibatis.datasource.pooled.PooledDataSource  - Returned connection 180014677 to pool.
10:44:57,205 [main] DEBUG org.activiti.engine.impl.interceptor.LogInterceptor  - ---  finished --------------------------------------------------------
10:44:57,205 [main] DEBUG org.activiti.engine.impl.interceptor.LogInterceptor  - 

10:44:57,205 [main] DEBUG org.activiti.engine.impl.test.PvmTestCase  - 

10:44:57,205 [main] DEBUG org.activiti.engine.impl.test.PvmTestCase  - #### START JobQueryTest.testQueryByExceptionMessageNull ###########################################################
10:44:57,205 [main] DEBUG org.activiti.engine.impl.test.PvmTestCase  - #### END JobQueryTest.testQueryByExceptionMessageNull #############################################################
10:44:57,205 [main] DEBUG org.activiti.engine.impl.interceptor.LogInterceptor  - 

10:44:57,205 [main] DEBUG org.activiti.engine.impl.interceptor.LogInterceptor  - --- starting DeleteDeploymentCmd --------------------------------------------------------
10:44:57,205 [main] DEBUG org.apache.ibatis.transaction.jdbc.JdbcTransaction  - Opening JDBC Connection
10:44:57,205 [main] DEBUG org.apache.ibatis.datasource.pooled.PooledDataSource  - Checked out connection 297240765 from pool.
10:44:57,205 [main] DEBUG org.apache.ibatis.transaction.jdbc.JdbcTransaction  - Setting autocommit to false on JDBC Connection [conn4: url=jdbc:h2:mem:activiti user=SA]
10:44:57,205 [main] DEBUG org.activiti.engine.impl.persistence.entity.DeploymentEntity.selectDeploymentById  - ==&gt;  Preparing: select * from ACT_RE_DEPLOYMENT where ID_ = ? 
10:44:57,205 [main] DEBUG org.activiti.engine.impl.persistence.entity.DeploymentEntity.selectDeploymentById  - ==&gt; Parameters: 1658(String)
10:44:57,205 [main] DEBUG org.activiti.engine.impl.persistence.entity.DeploymentEntity.selectDeploymentById  - &lt;==      Total: 1
10:44:57,205 [main] DEBUG org.activiti.engine.impl.persistence.entity.ProcessDefinitionEntity.selectProcessDefinitionsByQueryCriteria  - ==&gt;  Preparing: select RES.* from ACT_RE_PROCDEF RES WHERE RES.DEPLOYMENT_ID_ = ? order by order by RES.ID_ asc LIMIT ? OFFSET ? 
10:44:57,205 [main] DEBUG org.activiti.engine.impl.interceptor.CommandContext  - Error while closing command context
org.apache.ibatis.exceptions.PersistenceException: 
### Error querying database.  Cause: org.h2.jdbc.JdbcSQLException: Syntax error in SQL statement &quot;SELECT RES.* 
       
    FROM ACT_RE_PROCDEF RES
     
     WHERE  RES.DEPLOYMENT_ID_ = ? 
   
     ORDER BY  ORDER[*] BY RES.ID_ ASC  
    LIMIT ? OFFSET ? &quot;; expected &quot;=, NOT, EXISTS, INTERSECTS, SELECT, FROM&quot;; SQL statement:
select RES.* 
       
    from ACT_RE_PROCDEF RES
     
     WHERE  RES.DEPLOYMENT_ID_ = ? 
   
     order by  order by RES.ID_ asc  
    LIMIT ? OFFSET ? [42001-176]
### The error may exist in org/activiti/db/mapping/entity/ProcessDefinition.xml
### The error may involve org.activiti.engine.impl.persistence.entity.ProcessDefinitionEntity.selectProcessDefinitionsByQueryCriteria
### The error occurred while executing a query
### SQL: select RES.*              from ACT_RE_PROCDEF RES            WHERE  RES.DEPLOYMENT_ID_ = ?           order by  order by RES.ID_ asc       LIMIT ? OFFSET ?
### Cause: org.h2.jdbc.JdbcSQLException: Syntax error in SQL statement &quot;SELECT RES.* 
       
    FROM ACT_RE_PROCDEF RES
     
     WHERE  RES.DEPLOYMENT_ID_ = ? 
   
     ORDER BY  ORDER[*] BY RES.ID_ ASC  
    LIMIT ? OFFSET ? &quot;; expected &quot;=, NOT, EXISTS, INTERSECTS, SELECT, FROM&quot;; SQL statement:
select RES.* 
       
    from ACT_RE_PROCDEF RES
     
     WHERE  RES.DEPLOYMENT_ID_ = ? 
   
     order by  order by RES.ID_ asc  
    LIMIT ? OFFSET ? [42001-176]
	at org.apache.ibatis.exceptions.ExceptionFactory.wrapException(ExceptionFactory.java:30)
	at org.apache.ibatis.session.defaults.DefaultSqlSession.selectList(DefaultSqlSession.java:122)
	at org.apache.ibatis.session.defaults.DefaultSqlSession.selectList(DefaultSqlSession.java:113)
	at org.activiti.engine.impl.db.DbSqlSession.selectListWithRawParameter(DbSqlSession.java:438)
	at org.activiti.engine.impl.db.DbSqlSession.selectList(DbSqlSession.java:429)
	at org.activiti.engine.impl.db.DbSqlSession.selectList(DbSqlSession.java:419)
	at org.activiti.engine.impl.persistence.entity.ProcessDefinitionEntityManager.findProcessDefinitionsByQueryCriteria(ProcessDefinitionEntityManager.java:57)
	at org.activiti.engine.impl.ProcessDefinitionQueryImpl.executeList(ProcessDefinitionQueryImpl.java:307)
	at org.activiti.engine.impl.AbstractQuery.list(AbstractQuery.java:140)
	at org.activiti.engine.impl.persistence.deploy.DeploymentManager.removeDeployment(DeploymentManager.java:187)
	at org.activiti.engine.impl.cmd.DeleteDeploymentCmd.execute(DeleteDeploymentCmd.java:44)
	at org.activiti.engine.impl.cmd.DeleteDeploymentCmd.execute(DeleteDeploymentCmd.java:24)
	at org.activiti.engine.impl.interceptor.CommandInvoker.execute(CommandInvoker.java:24)
	at org.activiti.engine.impl.interceptor.CommandContextInterceptor.execute(CommandContextInterceptor.java:57)
	at org.activiti.engine.impl.interceptor.LogInterceptor.execute(LogInterceptor.java:37)
	at org.activiti.engine.impl.cfg.CommandExecutorImpl.execute(CommandExecutorImpl.java:40)
	at org.activiti.engine.impl.cfg.CommandExecutorImpl.execute(CommandExecutorImpl.java:35)
	at org.activiti.engine.impl.RepositoryServiceImpl.deleteDeployment(RepositoryServiceImpl.java:90)
	at org.activiti.engine.test.api.mgmt.JobQueryTest.tearDown(JobQueryTest.java:116)
	at junit.framework.TestCase.runBare(TestCase.java:146)
	at org.activiti.engine.impl.test.AbstractActivitiTestCase.runBare(AbstractActivitiTestCase.java:100)
	at junit.framework.TestResult$1.protect(TestResult.java:122)
	at junit.framework.TestResult.runProtected(TestResult.java:142)
	at junit.framework.TestResult.run(TestResult.java:125)
	at junit.framework.TestCase.run(TestCase.java:129)
	at junit.framework.TestSuite.runTest(TestSuite.java:255)
	at junit.framework.TestSuite.run(TestSuite.java:250)
	at org.junit.internal.runners.JUnit38ClassRunner.run(JUnit38ClassRunner.java:84)
	at org.apache.maven.surefire.junit4.JUnit4TestSet.execute(JUnit4TestSet.java:35)
	at org.apache.maven.surefire.junit4.JUnit4Provider.executeTestSet(JUnit4Provider.java:146)
	at org.apache.maven.surefire.junit4.JUnit4Provider.invoke(JUnit4Provider.java:97)
	at sun.reflect.NativeMethodAccessorImpl.invoke0(Native Method)
	at sun.reflect.NativeMethodAccessorImpl.invoke(NativeMethodAccessorImpl.java:62)
	at sun.reflect.DelegatingMethodAccessorImpl.invoke(DelegatingMethodAccessorImpl.java:43)
	at java.lang.reflect.Method.invoke(Method.java:498)
	at org.apache.maven.surefire.booter.ProviderFactory$ClassLoaderProxy.invoke(ProviderFactory.java:103)
	at com.sun.proxy.$Proxy0.invoke(Unknown Source)
	at org.apache.maven.surefire.booter.SurefireStarter.invokeProvider(SurefireStarter.java:145)
	at org.apache.maven.surefire.booter.SurefireStarter.runSuitesInProcess(SurefireStarter.java:87)
	at org.apache.maven.surefire.booter.ForkedBooter.main(ForkedBooter.java:69)
Caused by: org.h2.jdbc.JdbcSQLException: Syntax error in SQL statement &quot;SELECT RES.* 
       
    FROM ACT_RE_PROCDEF RES
     
     WHERE  RES.DEPLOYMENT_ID_ = ? 
   
     ORDER BY  ORDER[*] BY RES.ID_ ASC  
    LIMIT ? OFFSET ? &quot;; expected &quot;=, NOT, EXISTS, INTERSECTS, SELECT, FROM&quot;; SQL statement:
select RES.* 
       
    from ACT_RE_PROCDEF RES
     
     WHERE  RES.DEPLOYMENT_ID_ = ? 
   
     order by  order by RES.ID_ asc  
    LIMIT ? OFFSET ? [42001-176]
	at org.h2.message.DbException.getJdbcSQLException(DbException.java:344)
	at org.h2.message.DbException.getSyntaxError(DbException.java:204)
	at org.h2.command.Parser.getSyntaxError(Parser.java:524)
	at org.h2.command.Parser.readTerm(Parser.java:2688)
	at org.h2.command.Parser.readFactor(Parser.java:2244)
	at org.h2.command.Parser.readSum(Parser.java:2231)
	at org.h2.command.Parser.readConcat(Parser.java:2201)
	at org.h2.command.Parser.readCondition(Parser.java:2051)
	at org.h2.command.Parser.readAnd(Parser.java:2023)
	at org.h2.command.Parser.readExpression(Parser.java:2015)
	at org.h2.command.Parser.parseEndOfQuery(Parser.java:1726)
	at org.h2.command.Parser.parseSelectUnionExtension(Parser.java:1706)
	at org.h2.command.Parser.parseSelectUnion(Parser.java:1675)
	at org.h2.command.Parser.parseSelect(Parser.java:1662)
	at org.h2.command.Parser.parsePrepared(Parser.java:434)
	at org.h2.command.Parser.parse(Parser.java:306)
	at org.h2.command.Parser.parse(Parser.java:282)
	at org.h2.command.Parser.prepareCommand(Parser.java:243)
	at org.h2.engine.Session.prepareLocal(Session.java:442)
	at org.h2.engine.Session.prepareCommand(Session.java:384)
	at org.h2.jdbc.JdbcConnection.prepareCommand(JdbcConnection.java:1188)
	at org.h2.jdbc.JdbcPreparedStatement.&lt;init&gt;(JdbcPreparedStatement.java:73)
	at org.h2.jdbc.JdbcConnection.prepareStatement(JdbcConnection.java:276)
	at sun.reflect.GeneratedMethodAccessor6.invoke(Unknown Source)
	at sun.reflect.DelegatingMethodAccessorImpl.invoke(DelegatingMethodAccessorImpl.java:43)
	at java.lang.reflect.Method.invoke(Method.java:498)
	at org.apache.ibatis.datasource.pooled.PooledConnection.invoke(PooledConnection.java:245)
	at com.sun.proxy.$Proxy12.prepareStatement(Unknown Source)
	at sun.reflect.GeneratedMethodAccessor6.invoke(Unknown Source)
	at sun.reflect.DelegatingMethodAccessorImpl.invoke(DelegatingMethodAccessorImpl.java:43)
	at java.lang.reflect.Method.invoke(Method.java:498)
	at org.apache.ibatis.logging.jdbc.ConnectionLogger.invoke(ConnectionLogger.java:55)
	at com.sun.proxy.$Proxy12.prepareStatement(Unknown Source)
	at org.apache.ibatis.executor.statement.PreparedStatementHandler.instantiateStatement(PreparedStatementHandler.java:79)
	at org.apache.ibatis.executor.statement.BaseStatementHandler.prepare(BaseStatementHandler.java:88)
	at org.apache.ibatis.executor.statement.RoutingStatementHandler.prepare(RoutingStatementHandler.java:58)
	at org.apache.ibatis.executor.SimpleExecutor.prepareStatement(SimpleExecutor.java:76)
	at org.apache.ibatis.executor.SimpleExecutor.doQuery(SimpleExecutor.java:61)
	at org.apache.ibatis.executor.BaseExecutor.queryFromDatabase(BaseExecutor.java:303)
	at org.apache.ibatis.executor.BaseExecutor.query(BaseExecutor.java:154)
	at org.apache.ibatis.executor.CachingExecutor.query(CachingExecutor.java:102)
	at org.apache.ibatis.executor.CachingExecutor.query(CachingExecutor.java:82)
	at org.apache.ibatis.session.defaults.DefaultSqlSession.selectList(DefaultSqlSession.java:120)
	... 38 more
10:44:57,206 [main] DEBUG org.activiti.engine.impl.cfg.standalone.StandaloneMybatisTransactionContext  - firing event rolling back...
10:44:57,206 [main] DEBUG org.activiti.engine.impl.cfg.standalone.StandaloneMybatisTransactionContext  - rolling back ibatis sql session...
10:44:57,206 [main] DEBUG org.activiti.engine.impl.cfg.standalone.StandaloneMybatisTransactionContext  - firing event rolled back...
10:44:57,206 [main] DEBUG org.apache.ibatis.transaction.jdbc.JdbcTransaction  - Resetting autocommit to true on JDBC Connection [conn4: url=jdbc:h2:mem:activiti user=SA]
10:44:57,206 [main] DEBUG org.apache.ibatis.transaction.jdbc.JdbcTransaction  - Closing JDBC Connection [conn4: url=jdbc:h2:mem:activiti user=SA]
10:44:57,206 [main] DEBUG org.apache.ibatis.datasource.pooled.PooledDataSource  - Returned connection 297240765 to pool.
10:44:57,206 [main] DEBUG org.activiti.engine.impl.interceptor.LogInterceptor  - --- DeleteDeploymentCmd finished --------------------------------------------------------
10:44:57,206 [main] DEBUG org.activiti.engine.impl.interceptor.LogInterceptor  - 

10:44:57,206 [main] ERROR org.activiti.engine.impl.test.PvmTestCase  - 

10:44:57,206 [main] ERROR org.activiti.engine.impl.test.PvmTestCase  - EXCEPTION: org.apache.ibatis.exceptions.PersistenceException: 
### Error querying database.  Cause: org.h2.jdbc.JdbcSQLException: Syntax error in SQL statement &quot;SELECT RES.* 
       
    FROM ACT_RE_PROCDEF RES
     
     WHERE  RES.DEPLOYMENT_ID_ = ? 
   
     ORDER BY  ORDER[*] BY RES.ID_ ASC  
    LIMIT ? OFFSET ? &quot;; expected &quot;=, NOT, EXISTS, INTERSECTS, SELECT, FROM&quot;; SQL statement:
select RES.* 
       
    from ACT_RE_PROCDEF RES
     
     WHERE  RES.DEPLOYMENT_ID_ = ? 
   
     order by  order by RES.ID_ asc  
    LIMIT ? OFFSET ? [42001-176]
### The error may exist in org/activiti/db/mapping/entity/ProcessDefinition.xml
### The error may involve org.activiti.engine.impl.persistence.entity.ProcessDefinitionEntity.selectProcessDefinitionsByQueryCriteria
### The error occurred while executing a query
### SQL: select RES.*              from ACT_RE_PROCDEF RES            WHERE  RES.DEPLOYMENT_ID_ = ?           order by  order by RES.ID_ asc       LIMIT ? OFFSET ?
### Cause: org.h2.jdbc.JdbcSQLException: Syntax error in SQL statement &quot;SELECT RES.* 
       
    FROM ACT_RE_PROCDEF RES
     
     WHERE  RES.DEPLOYMENT_ID_ = ? 
   
     ORDER BY  ORDER[*] BY RES.ID_ ASC  
    LIMIT ? OFFSET ? &quot;; expected &quot;=, NOT, EXISTS, INTERSECTS, SELECT, FROM&quot;; SQL statement:
select RES.* 
       
    from ACT_RE_PROCDEF RES
     
     WHERE  RES.DEPLOYMENT_ID_ = ? 
   
     order by  order by RES.ID_ asc  
    LIMIT ? OFFSET ? [42001-176]
org.apache.ibatis.exceptions.PersistenceException: 
### Error querying database.  Cause: org.h2.jdbc.JdbcSQLException: Syntax error in SQL statement &quot;SELECT RES.* 
       
    FROM ACT_RE_PROCDEF RES
     
     WHERE  RES.DEPLOYMENT_ID_ = ? 
   
     ORDER BY  ORDER[*] BY RES.ID_ ASC  
    LIMIT ? OFFSET ? &quot;; expected &quot;=, NOT, EXISTS, INTERSECTS, SELECT, FROM&quot;; SQL statement:
select RES.* 
       
    from ACT_RE_PROCDEF RES
     
     WHERE  RES.DEPLOYMENT_ID_ = ? 
   
     order by  order by RES.ID_ asc  
    LIMIT ? OFFSET ? [42001-176]
### The error may exist in org/activiti/db/mapping/entity/ProcessDefinition.xml
### The error may involve org.activiti.engine.impl.persistence.entity.ProcessDefinitionEntity.selectProcessDefinitionsByQueryCriteria
### The error occurred while executing a query
### SQL: select RES.*              from ACT_RE_PROCDEF RES            WHERE  RES.DEPLOYMENT_ID_ = ?           order by  order by RES.ID_ asc       LIMIT ? OFFSET ?
### Cause: org.h2.jdbc.JdbcSQLException: Syntax error in SQL statement &quot;SELECT RES.* 
       
    FROM ACT_RE_PROCDEF RES
     
     WHERE  RES.DEPLOYMENT_ID_ = ? 
   
     ORDER BY  ORDER[*] BY RES.ID_ ASC  
    LIMIT ? OFFSET ? &quot;; expected &quot;=, NOT, EXISTS, INTERSECTS, SELECT, FROM&quot;; SQL statement:
select RES.* 
       
    from ACT_RE_PROCDEF RES
     
     WHERE  RES.DEPLOYMENT_ID_ = ? 
   
     order by  order by RES.ID_ asc  
    LIMIT ? OFFSET ? [42001-176]
	at org.apache.ibatis.exceptions.ExceptionFactory.wrapException(ExceptionFactory.java:30)
	at org.apache.ibatis.session.defaults.DefaultSqlSession.selectList(DefaultSqlSession.java:122)
	at org.apache.ibatis.session.defaults.DefaultSqlSession.selectList(DefaultSqlSession.java:113)
	at org.activiti.engine.impl.db.DbSqlSession.selectListWithRawParameter(DbSqlSession.java:438)
	at org.activiti.engine.impl.db.DbSqlSession.selectList(DbSqlSession.java:429)
	at org.activiti.engine.impl.db.DbSqlSession.selectList(DbSqlSession.java:419)
	at org.activiti.engine.impl.persistence.entity.ProcessDefinitionEntityManager.findProcessDefinitionsByQueryCriteria(ProcessDefinitionEntityManager.java:57)
	at org.activiti.engine.impl.ProcessDefinitionQueryImpl.executeList(ProcessDefinitionQueryImpl.java:307)
	at org.activiti.engine.impl.AbstractQuery.list(AbstractQuery.java:140)
	at org.activiti.engine.impl.persistence.deploy.DeploymentManager.removeDeployment(DeploymentManager.java:187)
	at org.activiti.engine.impl.cmd.DeleteDeploymentCmd.execute(DeleteDeploymentCmd.java:44)
	at org.activiti.engine.impl.cmd.DeleteDeploymentCmd.execute(DeleteDeploymentCmd.java:24)
	at org.activiti.engine.impl.interceptor.CommandInvoker.execute(CommandInvoker.java:24)
	at org.activiti.engine.impl.interceptor.CommandContextInterceptor.execute(CommandContextInterceptor.java:57)
	at org.activiti.engine.impl.interceptor.LogInterceptor.execute(LogInterceptor.java:37)
	at org.activiti.engine.impl.cfg.CommandExecutorImpl.execute(CommandExecutorImpl.java:40)
	at org.activiti.engine.impl.cfg.CommandExecutorImpl.execute(CommandExecutorImpl.java:35)
	at org.activiti.engine.impl.RepositoryServiceImpl.deleteDeployment(RepositoryServiceImpl.java:90)
	at org.activiti.engine.test.api.mgmt.JobQueryTest.tearDown(JobQueryTest.java:116)
	at junit.framework.TestCase.runBare(TestCase.java:146)
	at org.activiti.engine.impl.test.AbstractActivitiTestCase.runBare(AbstractActivitiTestCase.java:100)
	at junit.framework.TestResult$1.protect(TestResult.java:122)
	at junit.framework.TestResult.runProtected(TestResult.java:142)
	at junit.framework.TestResult.run(TestResult.java:125)
	at junit.framework.TestCase.run(TestCase.java:129)
	at junit.framework.TestSuite.runTest(TestSuite.java:255)
	at junit.framework.TestSuite.run(TestSuite.java:250)
	at org.junit.internal.runners.JUnit38ClassRunner.run(JUnit38ClassRunner.java:84)
	at org.apache.maven.surefire.junit4.JUnit4TestSet.execute(JUnit4TestSet.java:35)
	at org.apache.maven.surefire.junit4.JUnit4Provider.executeTestSet(JUnit4Provider.java:146)
	at org.apache.maven.surefire.junit4.JUnit4Provider.invoke(JUnit4Provider.java:97)
	at sun.reflect.NativeMethodAccessorImpl.invoke0(Native Method)
	at sun.reflect.NativeMethodAccessorImpl.invoke(NativeMethodAccessorImpl.java:62)
	at sun.reflect.DelegatingMethodAccessorImpl.invoke(DelegatingMethodAccessorImpl.java:43)
	at java.lang.reflect.Method.invoke(Method.java:498)
	at org.apache.maven.surefire.booter.ProviderFactory$ClassLoaderProxy.invoke(ProviderFactory.java:103)
	at com.sun.proxy.$Proxy0.invoke(Unknown Source)
	at org.apache.maven.surefire.booter.SurefireStarter.invokeProvider(SurefireStarter.java:145)
	at org.apache.maven.surefire.booter.SurefireStarter.runSuitesInProcess(SurefireStarter.java:87)
	at org.apache.maven.surefire.booter.ForkedBooter.main(ForkedBooter.java:69)
Caused by: org.h2.jdbc.JdbcSQLException: Syntax error in SQL statement &quot;SELECT RES.* 
       
    FROM ACT_RE_PROCDEF RES
     
     WHERE  RES.DEPLOYMENT_ID_ = ? 
   
     ORDER BY  ORDER[*] BY RES.ID_ ASC  
    LIMIT ? OFFSET ? &quot;; expected &quot;=, NOT, EXISTS, INTERSECTS, SELECT, FROM&quot;; SQL statement:
select RES.* 
       
    from ACT_RE_PROCDEF RES
     
     WHERE  RES.DEPLOYMENT_ID_ = ? 
   
     order by  order by RES.ID_ asc  
    LIMIT ? OFFSET ? [42001-176]
	at org.h2.message.DbException.getJdbcSQLException(DbException.java:344)
	at org.h2.message.DbException.getSyntaxError(DbException.java:204)
	at org.h2.command.Parser.getSyntaxError(Parser.java:524)
	at org.h2.command.Parser.readTerm(Parser.java:2688)
	at org.h2.command.Parser.readFactor(Parser.java:2244)
	at org.h2.command.Parser.readSum(Parser.java:2231)
	at org.h2.command.Parser.readConcat(Parser.java:2201)
	at org.h2.command.Parser.readCondition(Parser.java:2051)
	at org.h2.command.Parser.readAnd(Parser.java:2023)
	at org.h2.command.Parser.readExpression(Parser.java:2015)
	at org.h2.command.Parser.parseEndOfQuery(Parser.java:1726)
	at org.h2.command.Parser.parseSelectUnionExtension(Parser.java:1706)
	at org.h2.command.Parser.parseSelectUnion(Parser.java:1675)
	at org.h2.command.Parser.parseSelect(Parser.java:1662)
	at org.h2.command.Parser.parsePrepared(Parser.java:434)
	at org.h2.command.Parser.parse(Parser.java:306)
	at org.h2.command.Parser.parse(Parser.java:282)
	at org.h2.command.Parser.prepareCommand(Parser.java:243)
	at org.h2.engine.Session.prepareLocal(Session.java:442)
	at org.h2.engine.Session.prepareCommand(Session.java:384)
	at org.h2.jdbc.JdbcConnection.prepareCommand(JdbcConnection.java:1188)
	at org.h2.jdbc.JdbcPreparedStatement.&lt;init&gt;(JdbcPreparedStatement.java:73)
	at org.h2.jdbc.JdbcConnection.prepareStatement(JdbcConnection.java:276)
	at sun.reflect.GeneratedMethodAccessor6.invoke(Unknown Source)
	at sun.reflect.DelegatingMethodAccessorImpl.invoke(DelegatingMethodAccessorImpl.java:43)
	at java.lang.reflect.Method.invoke(Method.java:498)
	at org.apache.ibatis.datasource.pooled.PooledConnection.invoke(PooledConnection.java:245)
	at com.sun.proxy.$Proxy12.prepareStatement(Unknown Source)
	at sun.reflect.GeneratedMethodAccessor6.invoke(Unknown Source)
	at sun.reflect.DelegatingMethodAccessorImpl.invoke(DelegatingMethodAccessorImpl.java:43)
	at java.lang.reflect.Method.invoke(Method.java:498)
	at org.apache.ibatis.logging.jdbc.ConnectionLogger.invoke(ConnectionLogger.java:55)
	at com.sun.proxy.$Proxy12.prepareStatement(Unknown Source)
	at org.apache.ibatis.executor.statement.PreparedStatementHandler.instantiateStatement(PreparedStatementHandler.java:79)
	at org.apache.ibatis.executor.statement.BaseStatementHandler.prepare(BaseStatementHandler.java:88)
	at org.apache.ibatis.executor.statement.RoutingStatementHandler.prepare(RoutingStatementHandler.java:58)
	at org.apache.ibatis.executor.SimpleExecutor.prepareStatement(SimpleExecutor.java:76)
	at org.apache.ibatis.executor.SimpleExecutor.doQuery(SimpleExecutor.java:61)
	at org.apache.ibatis.executor.BaseExecutor.queryFromDatabase(BaseExecutor.java:303)
	at org.apache.ibatis.executor.BaseExecutor.query(BaseExecutor.java:154)
	at org.apache.ibatis.executor.CachingExecutor.query(CachingExecutor.java:102)
	at org.apache.ibatis.executor.CachingExecutor.query(CachingExecutor.java:82)
	at org.apache.ibatis.session.defaults.DefaultSqlSession.selectList(DefaultSqlSession.java:120)
	... 38 more
10:44:57,206 [main] DEBUG org.activiti.engine.impl.test.PvmTestCase  - verifying that db is clean after test
10:44:57,206 [main] DEBUG org.activiti.engine.impl.interceptor.LogInterceptor  - 

10:44:57,206 [main] DEBUG org.activiti.engine.impl.interceptor.LogInterceptor  - --- starting GetTableCountCmd --------------------------------------------------------
10:44:57,206 [main] DEBUG org.apache.ibatis.transaction.jdbc.JdbcTransaction  - Opening JDBC Connection
10:44:57,206 [main] DEBUG org.apache.ibatis.datasource.pooled.PooledDataSource  - Checked out connection 363509958 from pool.
10:44:57,206 [main] DEBUG org.apache.ibatis.transaction.jdbc.JdbcTransaction  - Setting autocommit to false on JDBC Connection [conn2: url=jdbc:h2:mem:activiti user=SA]
10:44:57,206 [main] DEBUG org.activiti.engine.impl.persistence.entity.TableDataManager  - retrieving activiti tables from jdbc metadata
10:44:57,206 [main] DEBUG org.activiti.engine.impl.persistence.entity.TableDataManager  -   retrieved activiti table name ACT_EVT_LOG
10:44:57,206 [main] DEBUG org.activiti.engine.impl.persistence.entity.TableDataManager  -   retrieved activiti table name ACT_GE_BYTEARRAY
10:44:57,206 [main] DEBUG org.activiti.engine.impl.persistence.entity.TableDataManager  -   retrieved activiti table name ACT_GE_PROPERTY
10:44:57,206 [main] DEBUG org.activiti.engine.impl.persistence.entity.TableDataManager  -   retrieved activiti table name ACT_HI_ACTINST
10:44:57,206 [main] DEBUG org.activiti.engine.impl.persistence.entity.TableDataManager  -   retrieved activiti table name ACT_HI_ATTACHMENT
10:44:57,206 [main] DEBUG org.activiti.engine.impl.persistence.entity.TableDataManager  -   retrieved activiti table name ACT_HI_COMMENT
10:44:57,206 [main] DEBUG org.activiti.engine.impl.persistence.entity.TableDataManager  -   retrieved activiti table name ACT_HI_DETAIL
10:44:57,206 [main] DEBUG org.activiti.engine.impl.persistence.entity.TableDataManager  -   retrieved activiti table name ACT_HI_IDENTITYLINK
10:44:57,206 [main] DEBUG org.activiti.engine.impl.persistence.entity.TableDataManager  -   retrieved activiti table name ACT_HI_PROCINST
10:44:57,206 [main] DEBUG org.activiti.engine.impl.persistence.entity.TableDataManager  -   retrieved activiti table name ACT_HI_TASKINST
10:44:57,206 [main] DEBUG org.activiti.engine.impl.persistence.entity.TableDataManager  -   retrieved activiti table name ACT_HI_VARINST
10:44:57,206 [main] DEBUG org.activiti.engine.impl.persistence.entity.TableDataManager  -   retrieved activiti table name ACT_ID_GROUP
10:44:57,206 [main] DEBUG org.activiti.engine.impl.persistence.entity.TableDataManager  -   retrieved activiti table name ACT_ID_INFO
10:44:57,206 [main] DEBUG org.activiti.engine.impl.persistence.entity.TableDataManager  -   retrieved activiti table name ACT_ID_MEMBERSHIP
10:44:57,206 [main] DEBUG org.activiti.engine.impl.persistence.entity.TableDataManager  -   retrieved activiti table name ACT_ID_USER
10:44:57,206 [main] DEBUG org.activiti.engine.impl.persistence.entity.TableDataManager  -   retrieved activiti table name ACT_PROCDEF_INFO
10:44:57,206 [main] DEBUG org.activiti.engine.impl.persistence.entity.TableDataManager  -   retrieved activiti table name ACT_RE_DEPLOYMENT
10:44:57,206 [main] DEBUG org.activiti.engine.impl.persistence.entity.TableDataManager  -   retrieved activiti table name ACT_RE_MODEL
10:44:57,206 [main] DEBUG org.activiti.engine.impl.persistence.entity.TableDataManager  -   retrieved activiti table name ACT_RE_PROCDEF
10:44:57,206 [main] DEBUG org.activiti.engine.impl.persistence.entity.TableDataManager  -   retrieved activiti table name ACT_RU_EVENT_SUBSCR
10:44:57,206 [main] DEBUG org.activiti.engine.impl.persistence.entity.TableDataManager  -   retrieved activiti table name ACT_RU_EXECUTION
10:44:57,206 [main] DEBUG org.activiti.engine.impl.persistence.entity.TableDataManager  -   retrieved activiti table name ACT_RU_IDENTITYLINK
10:44:57,206 [main] DEBUG org.activiti.engine.impl.persistence.entity.TableDataManager  -   retrieved activiti table name ACT_RU_JOB
10:44:57,206 [main] DEBUG org.activiti.engine.impl.persistence.entity.TableDataManager  -   retrieved activiti table name ACT_RU_TASK
10:44:57,206 [main] DEBUG org.activiti.engine.impl.persistence.entity.TableDataManager  -   retrieved activiti table name ACT_RU_VARIABLE
10:44:57,206 [main] DEBUG org.activiti.engine.impl.persistence.entity.TableDataManager  - selecting table count for ACT_EVT_LOG
10:44:57,206 [main] DEBUG org.activiti.engine.impl.TablePageMap.selectTableCount  - ==&gt;  Preparing: select count(*) from ACT_EVT_LOG 
10:44:57,206 [main] DEBUG org.activiti.engine.impl.TablePageMap.selectTableCount  - ==&gt; Parameters: 
10:44:57,206 [main] DEBUG org.activiti.engine.impl.TablePageMap.selectTableCount  - &lt;==      Total: 1
10:44:57,206 [main] DEBUG org.activiti.engine.impl.persistence.entity.TableDataManager  - selecting table count for ACT_GE_BYTEARRAY
10:44:57,206 [main] DEBUG org.activiti.engine.impl.TablePageMap.selectTableCount  - ==&gt;  Preparing: select count(*) from ACT_GE_BYTEARRAY 
10:44:57,206 [main] DEBUG org.activiti.engine.impl.TablePageMap.selectTableCount  - ==&gt; Parameters: 
10:44:57,206 [main] DEBUG org.activiti.engine.impl.TablePageMap.selectTableCount  - &lt;==      Total: 1
10:44:57,206 [main] DEBUG org.activiti.engine.impl.persistence.entity.TableDataManager  - selecting table count for ACT_GE_PROPERTY
10:44:57,206 [main] DEBUG org.activiti.engine.impl.TablePageMap.selectTableCount  - ==&gt;  Preparing: select count(*) from ACT_GE_PROPERTY 
10:44:57,206 [main] DEBUG org.activiti.engine.impl.TablePageMap.selectTableCount  - ==&gt; Parameters: 
10:44:57,206 [main] DEBUG org.activiti.engine.impl.TablePageMap.selectTableCount  - &lt;==      Total: 1
10:44:57,206 [main] DEBUG org.activiti.engine.impl.persistence.entity.TableDataManager  - selecting table count for ACT_HI_ACTINST
10:44:57,206 [main] DEBUG org.activiti.engine.impl.TablePageMap.selectTableCount  - ==&gt;  Preparing: select count(*) from ACT_HI_ACTINST 
10:44:57,206 [main] DEBUG org.activiti.engine.impl.TablePageMap.selectTableCount  - ==&gt; Parameters: 
10:44:57,206 [main] DEBUG org.activiti.engine.impl.TablePageMap.selectTableCount  - &lt;==      Total: 1
10:44:57,206 [main] DEBUG org.activiti.engine.impl.persistence.entity.TableDataManager  - selecting table count for ACT_HI_ATTACHMENT
10:44:57,206 [main] DEBUG org.activiti.engine.impl.TablePageMap.selectTableCount  - ==&gt;  Preparing: select count(*) from ACT_HI_ATTACHMENT 
10:44:57,206 [main] DEBUG org.activiti.engine.impl.TablePageMap.selectTableCount  - ==&gt; Parameters: 
10:44:57,206 [main] DEBUG org.activiti.engine.impl.TablePageMap.selectTableCount  - &lt;==      Total: 1
10:44:57,206 [main] DEBUG org.activiti.engine.impl.persistence.entity.TableDataManager  - selecting table count for ACT_HI_COMMENT
10:44:57,206 [main] DEBUG org.activiti.engine.impl.TablePageMap.selectTableCount  - ==&gt;  Preparing: select count(*) from ACT_HI_COMMENT 
10:44:57,206 [main] DEBUG org.activiti.engine.impl.TablePageMap.selectTableCount  - ==&gt; Parameters: 
10:44:57,207 [main] DEBUG org.activiti.engine.impl.TablePageMap.selectTableCount  - &lt;==      Total: 1
10:44:57,207 [main] DEBUG org.activiti.engine.impl.persistence.entity.TableDataManager  - selecting table count for ACT_HI_DETAIL
10:44:57,207 [main] DEBUG org.activiti.engine.impl.TablePageMap.selectTableCount  - ==&gt;  Preparing: select count(*) from ACT_HI_DETAIL 
10:44:57,207 [main] DEBUG org.activiti.engine.impl.TablePageMap.selectTableCount  - ==&gt; Parameters: 
10:44:57,207 [main] DEBUG org.activiti.engine.impl.TablePageMap.selectTableCount  - &lt;==      Total: 1
10:44:57,207 [main] DEBUG org.activiti.engine.impl.persistence.entity.TableDataManager  - selecting table count for ACT_HI_IDENTITYLINK
10:44:57,207 [main] DEBUG org.activiti.engine.impl.TablePageMap.selectTableCount  - ==&gt;  Preparing: select count(*) from ACT_HI_IDENTITYLINK 
10:44:57,207 [main] DEBUG org.activiti.engine.impl.TablePageMap.selectTableCount  - ==&gt; Parameters: 
10:44:57,207 [main] DEBUG org.activiti.engine.impl.TablePageMap.selectTableCount  - &lt;==      Total: 1
10:44:57,207 [main] DEBUG org.activiti.engine.impl.persistence.entity.TableDataManager  - selecting table count for ACT_HI_PROCINST
10:44:57,207 [main] DEBUG org.activiti.engine.impl.TablePageMap.selectTableCount  - ==&gt;  Preparing: select count(*) from ACT_HI_PROCINST 
10:44:57,207 [main] DEBUG org.activiti.engine.impl.TablePageMap.selectTableCount  - ==&gt; Parameters: 
10:44:57,207 [main] DEBUG org.activiti.engine.impl.TablePageMap.selectTableCount  - &lt;==      Total: 1
10:44:57,207 [main] DEBUG org.activiti.engine.impl.persistence.entity.TableDataManager  - selecting table count for ACT_HI_TASKINST
10:44:57,207 [main] DEBUG org.activiti.engine.impl.TablePageMap.selectTableCount  - ==&gt;  Preparing: select count(*) from ACT_HI_TASKINST 
10:44:57,207 [main] DEBUG org.activiti.engine.impl.TablePageMap.selectTableCount  - ==&gt; Parameters: 
10:44:57,207 [main] DEBUG org.activiti.engine.impl.TablePageMap.selectTableCount  - &lt;==      Total: 1
10:44:57,207 [main] DEBUG org.activiti.engine.impl.persistence.entity.TableDataManager  - selecting table count for ACT_HI_VARINST
10:44:57,207 [main] DEBUG org.activiti.engine.impl.TablePageMap.selectTableCount  - ==&gt;  Preparing: select count(*) from ACT_HI_VARINST 
10:44:57,207 [main] DEBUG org.activiti.engine.impl.TablePageMap.selectTableCount  - ==&gt; Parameters: 
10:44:57,207 [main] DEBUG org.activiti.engine.impl.TablePageMap.selectTableCount  - &lt;==      Total: 1
10:44:57,207 [main] DEBUG org.activiti.engine.impl.persistence.entity.TableDataManager  - selecting table count for ACT_ID_GROUP
10:44:57,207 [main] DEBUG org.activiti.engine.impl.TablePageMap.selectTableCount  - ==&gt;  Preparing: select count(*) from ACT_ID_GROUP 
10:44:57,207 [main] DEBUG org.activiti.engine.impl.TablePageMap.selectTableCount  - ==&gt; Parameters: 
10:44:57,207 [main] DEBUG org.activiti.engine.impl.TablePageMap.selectTableCount  - &lt;==      Total: 1
10:44:57,207 [main] DEBUG org.activiti.engine.impl.persistence.entity.TableDataManager  - selecting table count for ACT_ID_INFO
10:44:57,207 [main] DEBUG org.activiti.engine.impl.TablePageMap.selectTableCount  - ==&gt;  Preparing: select count(*) from ACT_ID_INFO 
10:44:57,207 [main] DEBUG org.activiti.engine.impl.TablePageMap.selectTableCount  - ==&gt; Parameters: 
10:44:57,207 [main] DEBUG org.activiti.engine.impl.TablePageMap.selectTableCount  - &lt;==      Total: 1
10:44:57,207 [main] DEBUG org.activiti.engine.impl.persistence.entity.TableDataManager  - selecting table count for ACT_ID_MEMBERSHIP
10:44:57,207 [main] DEBUG org.activiti.engine.impl.TablePageMap.selectTableCount  - ==&gt;  Preparing: select count(*) from ACT_ID_MEMBERSHIP 
10:44:57,207 [main] DEBUG org.activiti.engine.impl.TablePageMap.selectTableCount  - ==&gt; Parameters: 
10:44:57,207 [main] DEBUG org.activiti.engine.impl.TablePageMap.selectTableCount  - &lt;==      Total: 1
10:44:57,207 [main] DEBUG org.activiti.engine.impl.persistence.entity.TableDataManager  - selecting table count for ACT_ID_USER
10:44:57,207 [main] DEBUG org.activiti.engine.impl.TablePageMap.selectTableCount  - ==&gt;  Preparing: select count(*) from ACT_ID_USER 
10:44:57,207 [main] DEBUG org.activiti.engine.impl.TablePageMap.selectTableCount  - ==&gt; Parameters: 
10:44:57,207 [main] DEBUG org.activiti.engine.impl.TablePageMap.selectTableCount  - &lt;==      Total: 1
10:44:57,207 [main] DEBUG org.activiti.engine.impl.persistence.entity.TableDataManager  - selecting table count for ACT_PROCDEF_INFO
10:44:57,207 [main] DEBUG org.activiti.engine.impl.TablePageMap.selectTableCount  - ==&gt;  Preparing: select count(*) from ACT_PROCDEF_INFO 
10:44:57,207 [main] DEBUG org.activiti.engine.impl.TablePageMap.selectTableCount  - ==&gt; Parameters: 
10:44:57,207 [main] DEBUG org.activiti.engine.impl.TablePageMap.selectTableCount  - &lt;==      Total: 1
10:44:57,207 [main] DEBUG org.activiti.engine.impl.persistence.entity.TableDataManager  - selecting table count for ACT_RE_DEPLOYMENT
10:44:57,207 [main] DEBUG org.activiti.engine.impl.TablePageMap.selectTableCount  - ==&gt;  Preparing: select count(*) from ACT_RE_DEPLOYMENT 
10:44:57,207 [main] DEBUG org.activiti.engine.impl.TablePageMap.selectTableCount  - ==&gt; Parameters: 
10:44:57,207 [main] DEBUG org.activiti.engine.impl.TablePageMap.selectTableCount  - &lt;==      Total: 1
10:44:57,207 [main] DEBUG org.activiti.engine.impl.persistence.entity.TableDataManager  - selecting table count for ACT_RE_MODEL
10:44:57,207 [main] DEBUG org.activiti.engine.impl.TablePageMap.selectTableCount  - ==&gt;  Preparing: select count(*) from ACT_RE_MODEL 
10:44:57,207 [main] DEBUG org.activiti.engine.impl.TablePageMap.selectTableCount  - ==&gt; Parameters: 
10:44:57,207 [main] DEBUG org.activiti.engine.impl.TablePageMap.selectTableCount  - &lt;==      Total: 1
10:44:57,207 [main] DEBUG org.activiti.engine.impl.persistence.entity.TableDataManager  - selecting table count for ACT_RE_PROCDEF
10:44:57,207 [main] DEBUG org.activiti.engine.impl.TablePageMap.selectTableCount  - ==&gt;  Preparing: select count(*) from ACT_RE_PROCDEF 
10:44:57,207 [main] DEBUG org.activiti.engine.impl.TablePageMap.selectTableCount  - ==&gt; Parameters: 
10:44:57,207 [main] DEBUG org.activiti.engine.impl.TablePageMap.selectTableCount  - &lt;==      Total: 1
10:44:57,207 [main] DEBUG org.activiti.engine.impl.persistence.entity.TableDataManager  - selecting table count for ACT_RU_EVENT_SUBSCR
10:44:57,207 [main] DEBUG org.activiti.engine.impl.TablePageMap.selectTableCount  - ==&gt;  Preparing: select count(*) from ACT_RU_EVENT_SUBSCR 
10:44:57,207 [main] DEBUG org.activiti.engine.impl.TablePageMap.selectTableCount  - ==&gt; Parameters: 
10:44:57,207 [main] DEBUG org.activiti.engine.impl.TablePageMap.selectTableCount  - &lt;==      Total: 1
10:44:57,207 [main] DEBUG org.activiti.engine.impl.persistence.entity.TableDataManager  - selecting table count for ACT_RU_EXECUTION
10:44:57,207 [main] DEBUG org.activiti.engine.impl.TablePageMap.selectTableCount  - ==&gt;  Preparing: select count(*) from ACT_RU_EXECUTION 
10:44:57,207 [main] DEBUG org.activiti.engine.impl.TablePageMap.selectTableCount  - ==&gt; Parameters: 
10:44:57,207 [main] DEBUG org.activiti.engine.impl.TablePageMap.selectTableCount  - &lt;==      Total: 1
10:44:57,207 [main] DEBUG org.activiti.engine.impl.persistence.entity.TableDataManager  - selecting table count for ACT_RU_IDENTITYLINK
10:44:57,207 [main] DEBUG org.activiti.engine.impl.TablePageMap.selectTableCount  - ==&gt;  Preparing: select count(*) from ACT_RU_IDENTITYLINK 
10:44:57,207 [main] DEBUG org.activiti.engine.impl.TablePageMap.selectTableCount  - ==&gt; Parameters: 
10:44:57,207 [main] DEBUG org.activiti.engine.impl.TablePageMap.selectTableCount  - &lt;==      Total: 1
10:44:57,207 [main] DEBUG org.activiti.engine.impl.persistence.entity.TableDataManager  - selecting table count for ACT_RU_JOB
10:44:57,207 [main] DEBUG org.activiti.engine.impl.TablePageMap.selectTableCount  - ==&gt;  Preparing: select count(*) from ACT_RU_JOB 
10:44:57,207 [main] DEBUG org.activiti.engine.impl.TablePageMap.selectTableCount  - ==&gt; Parameters: 
10:44:57,207 [main] DEBUG org.activiti.engine.impl.TablePageMap.selectTableCount  - &lt;==      Total: 1
10:44:57,207 [main] DEBUG org.activiti.engine.impl.persistence.entity.TableDataManager  - selecting table count for ACT_RU_TASK
10:44:57,207 [main] DEBUG org.activiti.engine.impl.TablePageMap.selectTableCount  - ==&gt;  Preparing: select count(*) from ACT_RU_TASK 
10:44:57,207 [main] DEBUG org.activiti.engine.impl.TablePageMap.selectTableCount  - ==&gt; Parameters: 
10:44:57,207 [main] DEBUG org.activiti.engine.impl.TablePageMap.selectTableCount  - &lt;==      Total: 1
10:44:57,207 [main] DEBUG org.activiti.engine.impl.persistence.entity.TableDataManager  - selecting table count for ACT_RU_VARIABLE
10:44:57,207 [main] DEBUG org.activiti.engine.impl.TablePageMap.selectTableCount  - ==&gt;  Preparing: select count(*) from ACT_RU_VARIABLE 
10:44:57,207 [main] DEBUG org.activiti.engine.impl.TablePageMap.selectTableCount  - ==&gt; Parameters: 
10:44:57,207 [main] DEBUG org.activiti.engine.impl.TablePageMap.selectTableCount  - &lt;==      Total: 1
10:44:57,207 [main] DEBUG org.activiti.engine.impl.persistence.entity.TableDataManager  - Number of rows per activiti table: {ACT_RU_EVENT_SUBSCR=0, ACT_ID_USER=0, ACT_HI_ATTACHMENT=0, ACT_GE_BYTEARRAY=1, ACT_RE_MODEL=0, ACT_RU_VARIABLE=0, ACT_RU_TASK=3, ACT_RE_DEPLOYMENT=1, ACT_RE_PROCDEF=1, ACT_ID_GROUP=0, ACT_HI_VARINST=0, ACT_HI_COMMENT=0, ACT_HI_PROCINST=3, ACT_ID_INFO=0, ACT_ID_MEMBERSHIP=0, ACT_RU_JOB=4, ACT_PROCDEF_INFO=0, ACT_HI_ACTINST=6, ACT_RU_EXECUTION=6, ACT_HI_TASKINST=3, ACT_HI_DETAIL=0, ACT_EVT_LOG=0, ACT_HI_IDENTITYLINK=0, ACT_RU_IDENTITYLINK=0, ACT_GE_PROPERTY=3}
10:44:57,207 [main] DEBUG org.activiti.engine.impl.db.DbSqlSession  - flush summary: 0 insert, 0 update, 0 delete.
10:44:57,207 [main] DEBUG org.activiti.engine.impl.db.DbSqlSession  - now executing flush...
10:44:57,207 [main] DEBUG org.activiti.engine.impl.cfg.standalone.StandaloneMybatisTransactionContext  - firing event committing...
10:44:57,207 [main] DEBUG org.activiti.engine.impl.cfg.standalone.StandaloneMybatisTransactionContext  - committing the ibatis sql session...
10:44:57,207 [main] DEBUG org.activiti.engine.impl.cfg.standalone.StandaloneMybatisTransactionContext  - firing event committed...
10:44:57,207 [main] DEBUG org.apache.ibatis.transaction.jdbc.JdbcTransaction  - Resetting autocommit to true on JDBC Connection [conn2: url=jdbc:h2:mem:activiti user=SA]
10:44:57,207 [main] DEBUG org.apache.ibatis.transaction.jdbc.JdbcTransaction  - Closing JDBC Connection [conn2: url=jdbc:h2:mem:activiti user=SA]
10:44:57,207 [main] DEBUG org.apache.ibatis.datasource.pooled.PooledDataSource  - Returned connection 363509958 to pool.
10:44:57,207 [main] DEBUG org.activiti.engine.impl.interceptor.LogInterceptor  - --- GetTableCountCmd finished --------------------------------------------------------
10:44:57,207 [main] DEBUG org.activiti.engine.impl.interceptor.LogInterceptor  - 

10:44:57,207 [main] ERROR org.activiti.engine.impl.test.PvmTestCase  - 

10:44:57,207 [main] ERROR org.activiti.engine.impl.test.PvmTestCase  - DB NOT CLEAN: 
  ACT_GE_BYTEARRAY: 1 record(s)   ACT_RU_TASK: 3 record(s)   ACT_RE_DEPLOYMENT: 1 record(s)   ACT_RE_PROCDEF: 1 record(s)   ACT_HI_PROCINST: 3 record(s)   ACT_RU_JOB: 4 record(s)   ACT_HI_ACTINST: 6 record(s)   ACT_RU_EXECUTION: 6 record(s)   ACT_HI_TASKINST: 3 record(s) 
10:44:57,207 [main] INFO  org.activiti.engine.impl.test.PvmTestCase  - dropping and recreating db
10:44:57,207 [main] DEBUG org.activiti.engine.impl.interceptor.LogInterceptor  - 

10:44:57,207 [main] DEBUG org.activiti.engine.impl.interceptor.LogInterceptor  - --- starting  --------------------------------------------------------
10:44:57,207 [main] INFO  org.activiti.engine.impl.db.DbSqlSession  - performing drop on engine with resource org/activiti/db/drop/activiti.h2.drop.engine.sql
10:44:57,207 [main] DEBUG org.apache.ibatis.transaction.jdbc.JdbcTransaction  - Opening JDBC Connection
10:44:57,207 [main] DEBUG org.apache.ibatis.datasource.pooled.PooledDataSource  - Checked out connection 180014677 from pool.
10:44:57,207 [main] DEBUG org.apache.ibatis.transaction.jdbc.JdbcTransaction  - Setting autocommit to false on JDBC Connection [conn3: url=jdbc:h2:mem:activiti user=SA]
10:44:57,207 [main] DEBUG org.activiti.engine.impl.db.DbSqlSession  - SQL: drop table if exists ACT_GE_PROPERTY cascade constraints
10:44:57,208 [main] DEBUG org.activiti.engine.impl.db.DbSqlSession  - SQL: drop table if exists ACT_GE_BYTEARRAY cascade constraints
10:44:57,208 [main] DEBUG org.activiti.engine.impl.db.DbSqlSession  - SQL: drop table if exists ACT_RE_DEPLOYMENT cascade constraints
10:44:57,208 [main] DEBUG org.activiti.engine.impl.db.DbSqlSession  - SQL: drop table if exists ACT_RE_MODEL cascade constraints
10:44:57,208 [main] DEBUG org.activiti.engine.impl.db.DbSqlSession  - SQL: drop table if exists ACT_RU_EXECUTION cascade constraints
10:44:57,208 [main] DEBUG org.activiti.engine.impl.db.DbSqlSession  - SQL: drop table if exists ACT_RU_JOB cascade constraints
10:44:57,208 [main] DEBUG org.activiti.engine.impl.db.DbSqlSession  - SQL: drop table if exists ACT_RE_PROCDEF cascade constraints
10:44:57,208 [main] DEBUG org.activiti.engine.impl.db.DbSqlSession  - SQL: drop table if exists ACT_RU_TASK cascade constraints
10:44:57,208 [main] DEBUG org.activiti.engine.impl.db.DbSqlSession  - SQL: drop table if exists ACT_RU_IDENTITYLINK cascade constraints
10:44:57,208 [main] DEBUG org.activiti.engine.impl.db.DbSqlSession  - SQL: drop table if exists ACT_RU_VARIABLE cascade constraints
10:44:57,208 [main] DEBUG org.activiti.engine.impl.db.DbSqlSession  - SQL: drop table if exists ACT_RU_EVENT_SUBSCR cascade constraints
10:44:57,208 [main] DEBUG org.activiti.engine.impl.db.DbSqlSession  - SQL: drop table if exists ACT_EVT_LOG cascade constraints
10:44:57,208 [main] DEBUG org.activiti.engine.impl.db.DbSqlSession  - SQL: drop table if exists ACT_PROCDEF_INFO cascade constraints
10:44:57,209 [main] DEBUG org.activiti.engine.impl.db.DbSqlSession  - SQL: drop index if exists ACT_IDX_EXEC_BUSKEY
10:44:57,209 [main] DEBUG org.activiti.engine.impl.db.DbSqlSession  - SQL: drop index if exists ACT_IDX_TASK_CREATE
10:44:57,209 [main] DEBUG org.activiti.engine.impl.db.DbSqlSession  - SQL: drop index if exists ACT_IDX_IDENT_LNK_USER
10:44:57,209 [main] DEBUG org.activiti.engine.impl.db.DbSqlSession  - SQL: drop index if exists ACT_IDX_IDENT_LNK_GROUP
10:44:57,209 [main] DEBUG org.activiti.engine.impl.db.DbSqlSession  - SQL: drop index if exists ACT_IDX_VARIABLE_TASK_ID
10:44:57,209 [main] DEBUG org.activiti.engine.impl.db.DbSqlSession  - SQL: drop index if exists ACT_IDX_EVENT_SUBSCR_CONFIG_
10:44:57,209 [main] DEBUG org.activiti.engine.impl.db.DbSqlSession  - SQL: drop index if exists ACT_IDX_ATHRZ_PROCEDEF
10:44:57,209 [main] DEBUG org.activiti.engine.impl.db.DbSqlSession  - SQL: drop index if exists ACT_IDX_INFO_PROCDEF
10:44:57,209 [main] DEBUG org.activiti.engine.impl.db.DbSqlSession  - activiti db schema drop for component engine successful
10:44:57,209 [main] INFO  org.activiti.engine.impl.db.DbSqlSession  - performing drop on history with resource org/activiti/db/drop/activiti.h2.drop.history.sql
10:44:57,209 [main] DEBUG org.activiti.engine.impl.db.DbSqlSession  - SQL: drop table if exists ACT_HI_PROCINST cascade constraints
10:44:57,209 [main] DEBUG org.activiti.engine.impl.db.DbSqlSession  - SQL: drop table if exists ACT_HI_ACTINST cascade constraints
10:44:57,209 [main] DEBUG org.activiti.engine.impl.db.DbSqlSession  - SQL: drop table if exists ACT_HI_VARINST cascade constraints
10:44:57,209 [main] DEBUG org.activiti.engine.impl.db.DbSqlSession  - SQL: drop table if exists ACT_HI_TASKINST cascade constraints
10:44:57,209 [main] DEBUG org.activiti.engine.impl.db.DbSqlSession  - SQL: drop table if exists ACT_HI_DETAIL cascade constraints
10:44:57,209 [main] DEBUG org.activiti.engine.impl.db.DbSqlSession  - SQL: drop table if exists ACT_HI_COMMENT cascade constraints
10:44:57,209 [main] DEBUG org.activiti.engine.impl.db.DbSqlSession  - SQL: drop table if exists ACT_HI_ATTACHMENT cascade constraints
10:44:57,209 [main] DEBUG org.activiti.engine.impl.db.DbSqlSession  - SQL: drop table if exists ACT_HI_IDENTITYLINK cascade constraints
10:44:57,209 [main] DEBUG org.activiti.engine.impl.db.DbSqlSession  - SQL: drop index if exists ACT_IDX_HI_PRO_INST_END
10:44:57,209 [main] DEBUG org.activiti.engine.impl.db.DbSqlSession  - SQL: drop index if exists ACT_IDX_HI_PRO_I_BUSKEY
10:44:57,209 [main] DEBUG org.activiti.engine.impl.db.DbSqlSession  - SQL: drop index if exists ACT_IDX_HI_ACT_INST_START
10:44:57,209 [main] DEBUG org.activiti.engine.impl.db.DbSqlSession  - SQL: drop index if exists ACT_IDX_HI_ACT_INST_END
10:44:57,209 [main] DEBUG org.activiti.engine.impl.db.DbSqlSession  - SQL: drop index if exists ACT_IDX_HI_DETAIL_PROC_INST
10:44:57,209 [main] DEBUG org.activiti.engine.impl.db.DbSqlSession  - SQL: drop index if exists ACT_IDX_HI_DETAIL_ACT_INST
10:44:57,209 [main] DEBUG org.activiti.engine.impl.db.DbSqlSession  - SQL: drop index if exists ACT_IDX_HI_DETAIL_TIME
10:44:57,209 [main] DEBUG org.activiti.engine.impl.db.DbSqlSession  - SQL: drop index if exists ACT_IDX_HI_DETAIL_NAME
10:44:57,209 [main] DEBUG org.activiti.engine.impl.db.DbSqlSession  - SQL: drop index if exists ACT_IDX_HI_DETAIL_TASK_ID
10:44:57,209 [main] DEBUG org.activiti.engine.impl.db.DbSqlSession  - SQL: drop index if exists ACT_IDX_HI_PROCVAR_PROC_INST
10:44:57,209 [main] DEBUG org.activiti.engine.impl.db.DbSqlSession  - SQL: drop index if exists ACT_IDX_HI_PROCVAR_NAME_TYPE
10:44:57,209 [main] DEBUG org.activiti.engine.impl.db.DbSqlSession  - SQL: drop index if exists ACT_IDX_HI_ACT_INST_PROCINST
10:44:57,209 [main] DEBUG org.activiti.engine.impl.db.DbSqlSession  - SQL: drop index if exists ACT_IDX_HI_IDENT_LNK_USER
10:44:57,209 [main] DEBUG org.activiti.engine.impl.db.DbSqlSession  - SQL: drop index if exists ACT_IDX_HI_IDENT_LNK_TASK
10:44:57,209 [main] DEBUG org.activiti.engine.impl.db.DbSqlSession  - SQL: drop index if exists ACT_IDX_HI_IDENT_LNK_PROCINST
10:44:57,209 [main] DEBUG org.activiti.engine.impl.db.DbSqlSession  - SQL: drop index if exists ACT_IDX_HI_TASK_INST_PROCINST
10:44:57,209 [main] DEBUG org.activiti.engine.impl.db.DbSqlSession  - activiti db schema drop for component history successful
10:44:57,209 [main] INFO  org.activiti.engine.impl.db.DbSqlSession  - performing drop on identity with resource org/activiti/db/drop/activiti.h2.drop.identity.sql
10:44:57,209 [main] DEBUG org.activiti.engine.impl.db.DbSqlSession  - SQL: drop table if exists ACT_ID_INFO cascade constraints
10:44:57,209 [main] DEBUG org.activiti.engine.impl.db.DbSqlSession  - SQL: drop table if exists ACT_ID_GROUP cascade constraints
10:44:57,209 [main] DEBUG org.activiti.engine.impl.db.DbSqlSession  - SQL: drop table if exists ACT_ID_MEMBERSHIP cascade constraints
10:44:57,209 [main] DEBUG org.activiti.engine.impl.db.DbSqlSession  - SQL: drop table if exists ACT_ID_USER cascade constraints
10:44:57,209 [main] DEBUG org.activiti.engine.impl.db.DbSqlSession  - activiti db schema drop for component identity successful
10:44:57,210 [main] INFO  org.activiti.engine.impl.db.DbSqlSession  - performing create on engine with resource org/activiti/db/create/activiti.h2.create.engine.sql
10:44:57,210 [main] DEBUG org.activiti.engine.impl.db.DbSqlSession  - SQL: create table ACT_GE_PROPERTY ( 
NAME_ varchar(64), 
VALUE_ varchar(300), 
REV_ integer, 
primary key (NAME_) 
)
10:44:57,210 [main] DEBUG org.activiti.engine.impl.db.DbSqlSession  - SQL: insert into ACT_GE_PROPERTY 
values (&apos;schema.version&apos;, &apos;5.20.0.0&apos;, 1)
10:44:57,210 [main] DEBUG org.activiti.engine.impl.db.DbSqlSession  - SQL: insert into ACT_GE_PROPERTY 
values (&apos;schema.history&apos;, &apos;create(5.20.0.0)&apos;, 1)
10:44:57,210 [main] DEBUG org.activiti.engine.impl.db.DbSqlSession  - SQL: insert into ACT_GE_PROPERTY 
values (&apos;next.dbid&apos;, &apos;1&apos;, 1)
10:44:57,210 [main] DEBUG org.activiti.engine.impl.db.DbSqlSession  - SQL: create table ACT_GE_BYTEARRAY ( 
ID_ varchar(64), 
REV_ integer, 
NAME_ varchar(255), 
DEPLOYMENT_ID_ varchar(64), 
BYTES_ longvarbinary, 
GENERATED_ bit, 
primary key (ID_) 
)
10:44:57,210 [main] DEBUG org.activiti.engine.impl.db.DbSqlSession  - SQL: create table ACT_RE_DEPLOYMENT ( 
ID_ varchar(64), 
NAME_ varchar(255), 
CATEGORY_ varchar(255), 
TENANT_ID_ varchar(255) default &apos;&apos;, 
DEPLOY_TIME_ timestamp, 
primary key (ID_) 
)
10:44:57,210 [main] DEBUG org.activiti.engine.impl.db.DbSqlSession  - SQL: create table ACT_RE_MODEL ( 
ID_ varchar(64) not null, 
REV_ integer, 
NAME_ varchar(255), 
KEY_ varchar(255), 
CATEGORY_ varchar(255), 
CREATE_TIME_ timestamp, 
LAST_UPDATE_TIME_ timestamp, 
VERSION_ integer, 
META_INFO_ varchar(4000), 
DEPLOYMENT_ID_ varchar(64), 
EDITOR_SOURCE_VALUE_ID_ varchar(64), 
EDITOR_SOURCE_EXTRA_VALUE_ID_ varchar(64), 
TENANT_ID_ varchar(255) default &apos;&apos;, 
primary key (ID_) 
)
10:44:57,210 [main] DEBUG org.activiti.engine.impl.db.DbSqlSession  - SQL: create table ACT_RU_EXECUTION ( 
ID_ varchar(64), 
REV_ integer, 
PROC_INST_ID_ varchar(64), 
BUSINESS_KEY_ varchar(255), 
PARENT_ID_ varchar(64), 
PROC_DEF_ID_ varchar(64), 
SUPER_EXEC_ varchar(64), 
ACT_ID_ varchar(255), 
IS_ACTIVE_ bit, 
IS_CONCURRENT_ bit, 
IS_SCOPE_ bit, 
IS_EVENT_SCOPE_ bit, 
SUSPENSION_STATE_ integer, 
CACHED_ENT_STATE_ integer, 
TENANT_ID_ varchar(255) default &apos;&apos;, 
NAME_ varchar(255), 
LOCK_TIME_ timestamp, 
primary key (ID_) 
)
10:44:57,210 [main] DEBUG org.activiti.engine.impl.db.DbSqlSession  - SQL: create table ACT_RU_JOB ( 
ID_ varchar(64) NOT NULL, 
REV_ integer, 
TYPE_ varchar(255) NOT NULL, 
LOCK_EXP_TIME_ timestamp, 
LOCK_OWNER_ varchar(255), 
EXCLUSIVE_ boolean, 
EXECUTION_ID_ varchar(64), 
PROCESS_INSTANCE_ID_ varchar(64), 
PROC_DEF_ID_ varchar(64), 
RETRIES_ integer, 
EXCEPTION_STACK_ID_ varchar(64), 
EXCEPTION_MSG_ varchar(4000), 
DUEDATE_ timestamp, 
REPEAT_ varchar(255), 
HANDLER_TYPE_ varchar(255), 
HANDLER_CFG_ varchar(4000), 
TENANT_ID_ varchar(255) default &apos;&apos;, 
primary key (ID_) 
)
10:44:57,210 [main] DEBUG org.activiti.engine.impl.db.DbSqlSession  - SQL: create table ACT_RE_PROCDEF ( 
ID_ varchar(64) NOT NULL, 
REV_ integer, 
CATEGORY_ varchar(255), 
NAME_ varchar(255), 
KEY_ varchar(255) NOT NULL, 
VERSION_ integer NOT NULL, 
DEPLOYMENT_ID_ varchar(64), 
RESOURCE_NAME_ varchar(4000), 
DGRM_RESOURCE_NAME_ varchar(4000), 
DESCRIPTION_ varchar(4000), 
HAS_START_FORM_KEY_ bit, 
HAS_GRAPHICAL_NOTATION_ bit, 
SUSPENSION_STATE_ integer, 
TENANT_ID_ varchar(255) default &apos;&apos;, 
primary key (ID_) 
)
10:44:57,210 [main] DEBUG org.activiti.engine.impl.db.DbSqlSession  - SQL: create table ACT_RU_TASK ( 
ID_ varchar(64), 
REV_ integer, 
EXECUTION_ID_ varchar(64), 
PROC_INST_ID_ varchar(64), 
PROC_DEF_ID_ varchar(64), 
NAME_ varchar(255), 
PARENT_TASK_ID_ varchar(64), 
DESCRIPTION_ varchar(4000), 
TASK_DEF_KEY_ varchar(255), 
OWNER_ varchar(255), 
ASSIGNEE_ varchar(255), 
DELEGATION_ varchar(64), 
PRIORITY_ integer, 
CREATE_TIME_ timestamp, 
DUE_DATE_ timestamp, 
CATEGORY_ varchar(255), 
SUSPENSION_STATE_ integer, 
TENANT_ID_ varchar(255) default &apos;&apos;, 
FORM_KEY_ varchar(255), 
primary key (ID_) 
)
10:44:57,210 [main] DEBUG org.activiti.engine.impl.db.DbSqlSession  - SQL: create table ACT_RU_IDENTITYLINK ( 
ID_ varchar(64), 
REV_ integer, 
GROUP_ID_ varchar(255), 
TYPE_ varchar(255), 
USER_ID_ varchar(255), 
TASK_ID_ varchar(64), 
PROC_INST_ID_ varchar(64) null, 
PROC_DEF_ID_ varchar(64), 
primary key (ID_) 
)
10:44:57,210 [main] DEBUG org.activiti.engine.impl.db.DbSqlSession  - SQL: create table ACT_RU_VARIABLE ( 
ID_ varchar(64) not null, 
REV_ integer, 
TYPE_ varchar(255) not null, 
NAME_ varchar(255) not null, 
EXECUTION_ID_ varchar(64), 
PROC_INST_ID_ varchar(64), 
TASK_ID_ varchar(64), 
BYTEARRAY_ID_ varchar(64), 
DOUBLE_ double, 
LONG_ bigint, 
TEXT_ varchar(4000), 
TEXT2_ varchar(4000), 
primary key (ID_) 
)
10:44:57,211 [main] DEBUG org.activiti.engine.impl.db.DbSqlSession  - SQL: create table ACT_RU_EVENT_SUBSCR ( 
ID_ varchar(64) not null, 
REV_ integer, 
EVENT_TYPE_ varchar(255) not null, 
EVENT_NAME_ varchar(255), 
EXECUTION_ID_ varchar(64), 
PROC_INST_ID_ varchar(64), 
ACTIVITY_ID_ varchar(64), 
CONFIGURATION_ varchar(255), 
CREATED_ timestamp not null, 
PROC_DEF_ID_ varchar(64), 
TENANT_ID_ varchar(255) default &apos;&apos;, 
primary key (ID_) 
)
10:44:57,211 [main] DEBUG org.activiti.engine.impl.db.DbSqlSession  - SQL: create table ACT_EVT_LOG ( 
LOG_NR_ identity, 
TYPE_ varchar(64), 
PROC_DEF_ID_ varchar(64), 
PROC_INST_ID_ varchar(64), 
EXECUTION_ID_ varchar(64), 
TASK_ID_ varchar(64), 
TIME_STAMP_ timestamp not null, 
USER_ID_ varchar(255), 
DATA_ longvarbinary, 
LOCK_OWNER_ varchar(255), 
LOCK_TIME_ timestamp, 
IS_PROCESSED_ bit default 0 
)
10:44:57,211 [main] DEBUG org.activiti.engine.impl.db.DbSqlSession  - SQL: create table ACT_PROCDEF_INFO ( 
ID_ varchar(64) not null, 
PROC_DEF_ID_ varchar(64) not null, 
REV_ integer, 
INFO_JSON_ID_ varchar(64), 
primary key (ID_) 
)
10:44:57,211 [main] DEBUG org.activiti.engine.impl.db.DbSqlSession  - SQL: create index ACT_IDX_EXEC_BUSKEY on ACT_RU_EXECUTION(BUSINESS_KEY_)
10:44:57,211 [main] DEBUG org.activiti.engine.impl.db.DbSqlSession  - SQL: create index ACT_IDX_TASK_CREATE on ACT_RU_TASK(CREATE_TIME_)
10:44:57,211 [main] DEBUG org.activiti.engine.impl.db.DbSqlSession  - SQL: create index ACT_IDX_IDENT_LNK_USER on ACT_RU_IDENTITYLINK(USER_ID_)
10:44:57,211 [main] DEBUG org.activiti.engine.impl.db.DbSqlSession  - SQL: create index ACT_IDX_IDENT_LNK_GROUP on ACT_RU_IDENTITYLINK(GROUP_ID_)
10:44:57,211 [main] DEBUG org.activiti.engine.impl.db.DbSqlSession  - SQL: create index ACT_IDX_EVENT_SUBSCR_CONFIG_ on ACT_RU_EVENT_SUBSCR(CONFIGURATION_)
10:44:57,211 [main] DEBUG org.activiti.engine.impl.db.DbSqlSession  - SQL: create index ACT_IDX_VARIABLE_TASK_ID on ACT_RU_VARIABLE(TASK_ID_)
10:44:57,211 [main] DEBUG org.activiti.engine.impl.db.DbSqlSession  - SQL: create index ACT_IDX_ATHRZ_PROCEDEF on ACT_RU_IDENTITYLINK(PROC_DEF_ID_)
10:44:57,211 [main] DEBUG org.activiti.engine.impl.db.DbSqlSession  - SQL: create index ACT_IDX_INFO_PROCDEF on ACT_PROCDEF_INFO(PROC_DEF_ID_)
10:44:57,211 [main] DEBUG org.activiti.engine.impl.db.DbSqlSession  - SQL: alter table ACT_GE_BYTEARRAY 
add constraint ACT_FK_BYTEARR_DEPL 
foreign key (DEPLOYMENT_ID_) 
references ACT_RE_DEPLOYMENT
10:44:57,211 [main] DEBUG org.activiti.engine.impl.db.DbSqlSession  - SQL: alter table ACT_RE_PROCDEF 
add constraint ACT_UNIQ_PROCDEF 
unique (KEY_,VERSION_, TENANT_ID_)
10:44:57,211 [main] DEBUG org.activiti.engine.impl.db.DbSqlSession  - SQL: alter table ACT_RU_EXECUTION 
add constraint ACT_FK_EXE_PROCINST 
foreign key (PROC_INST_ID_) 
references ACT_RU_EXECUTION
10:44:57,211 [main] DEBUG org.activiti.engine.impl.db.DbSqlSession  - SQL: alter table ACT_RU_EXECUTION 
add constraint ACT_FK_EXE_PARENT 
foreign key (PARENT_ID_) 
references ACT_RU_EXECUTION
10:44:57,212 [main] DEBUG org.activiti.engine.impl.db.DbSqlSession  - SQL: alter table ACT_RU_EXECUTION 
add constraint ACT_FK_EXE_SUPER 
foreign key (SUPER_EXEC_) 
references ACT_RU_EXECUTION
10:44:57,212 [main] DEBUG org.activiti.engine.impl.db.DbSqlSession  - SQL: alter table ACT_RU_EXECUTION 
add constraint ACT_FK_EXE_PROCDEF 
foreign key (PROC_DEF_ID_) 
references ACT_RE_PROCDEF (ID_)
10:44:57,212 [main] DEBUG org.activiti.engine.impl.db.DbSqlSession  - SQL: alter table ACT_RU_IDENTITYLINK 
add constraint ACT_FK_TSKASS_TASK 
foreign key (TASK_ID_) 
references ACT_RU_TASK
10:44:57,212 [main] DEBUG org.activiti.engine.impl.db.DbSqlSession  - SQL: alter table ACT_RU_IDENTITYLINK 
add constraint ACT_FK_ATHRZ_PROCEDEF 
foreign key (PROC_DEF_ID_) 
references ACT_RE_PROCDEF
10:44:57,212 [main] DEBUG org.activiti.engine.impl.db.DbSqlSession  - SQL: alter table ACT_RU_IDENTITYLINK 
add constraint ACT_FK_IDL_PROCINST 
foreign key (PROC_INST_ID_) 
references ACT_RU_EXECUTION (ID_)
10:44:57,212 [main] DEBUG org.activiti.engine.impl.db.DbSqlSession  - SQL: alter table ACT_RU_TASK 
add constraint ACT_FK_TASK_EXE 
foreign key (EXECUTION_ID_) 
references ACT_RU_EXECUTION
10:44:57,212 [main] DEBUG org.activiti.engine.impl.db.DbSqlSession  - SQL: alter table ACT_RU_TASK 
add constraint ACT_FK_TASK_PROCINST 
foreign key (PROC_INST_ID_) 
references ACT_RU_EXECUTION
10:44:57,212 [main] DEBUG org.activiti.engine.impl.db.DbSqlSession  - SQL: alter table ACT_RU_TASK 
add constraint ACT_FK_TASK_PROCDEF 
foreign key (PROC_DEF_ID_) 
references ACT_RE_PROCDEF
10:44:57,213 [main] DEBUG org.activiti.engine.impl.db.DbSqlSession  - SQL: alter table ACT_RU_VARIABLE 
add constraint ACT_FK_VAR_EXE 
foreign key (EXECUTION_ID_) 
references ACT_RU_EXECUTION
10:44:57,213 [main] DEBUG org.activiti.engine.impl.db.DbSqlSession  - SQL: alter table ACT_RU_VARIABLE 
add constraint ACT_FK_VAR_PROCINST 
foreign key (PROC_INST_ID_) 
references ACT_RU_EXECUTION
10:44:57,213 [main] DEBUG org.activiti.engine.impl.db.DbSqlSession  - SQL: alter table ACT_RU_VARIABLE 
add constraint ACT_FK_VAR_BYTEARRAY 
foreign key (BYTEARRAY_ID_) 
references ACT_GE_BYTEARRAY
10:44:57,213 [main] DEBUG org.activiti.engine.impl.db.DbSqlSession  - SQL: alter table ACT_RU_JOB 
add constraint ACT_FK_JOB_EXCEPTION 
foreign key (EXCEPTION_STACK_ID_) 
references ACT_GE_BYTEARRAY
10:44:57,213 [main] DEBUG org.activiti.engine.impl.db.DbSqlSession  - SQL: alter table ACT_RU_EVENT_SUBSCR 
add constraint ACT_FK_EVENT_EXEC 
foreign key (EXECUTION_ID_) 
references ACT_RU_EXECUTION
10:44:57,213 [main] DEBUG org.activiti.engine.impl.db.DbSqlSession  - SQL: alter table ACT_RE_MODEL 
add constraint ACT_FK_MODEL_SOURCE 
foreign key (EDITOR_SOURCE_VALUE_ID_) 
references ACT_GE_BYTEARRAY (ID_)
10:44:57,213 [main] DEBUG org.activiti.engine.impl.db.DbSqlSession  - SQL: alter table ACT_RE_MODEL 
add constraint ACT_FK_MODEL_SOURCE_EXTRA 
foreign key (EDITOR_SOURCE_EXTRA_VALUE_ID_) 
references ACT_GE_BYTEARRAY (ID_)
10:44:57,213 [main] DEBUG org.activiti.engine.impl.db.DbSqlSession  - SQL: alter table ACT_RE_MODEL 
add constraint ACT_FK_MODEL_DEPLOYMENT 
foreign key (DEPLOYMENT_ID_) 
references ACT_RE_DEPLOYMENT (ID_)
10:44:57,213 [main] DEBUG org.activiti.engine.impl.db.DbSqlSession  - SQL: alter table ACT_PROCDEF_INFO 
add constraint ACT_FK_INFO_JSON_BA 
foreign key (INFO_JSON_ID_) 
references ACT_GE_BYTEARRAY (ID_)
10:44:57,213 [main] DEBUG org.activiti.engine.impl.db.DbSqlSession  - SQL: alter table ACT_PROCDEF_INFO 
add constraint ACT_FK_INFO_PROCDEF 
foreign key (PROC_DEF_ID_) 
references ACT_RE_PROCDEF (ID_)
10:44:57,213 [main] DEBUG org.activiti.engine.impl.db.DbSqlSession  - SQL: alter table ACT_PROCDEF_INFO 
add constraint ACT_UNIQ_INFO_PROCDEF 
unique (PROC_DEF_ID_)
10:44:57,213 [main] DEBUG org.activiti.engine.impl.db.DbSqlSession  - activiti db schema create for component engine successful
10:44:57,214 [main] INFO  org.activiti.engine.impl.db.DbSqlSession  - performing create on history with resource org/activiti/db/create/activiti.h2.create.history.sql
10:44:57,214 [main] DEBUG org.activiti.engine.impl.db.DbSqlSession  - SQL: create table ACT_HI_PROCINST ( 
ID_ varchar(64) not null, 
PROC_INST_ID_ varchar(64) not null, 
BUSINESS_KEY_ varchar(255), 
PROC_DEF_ID_ varchar(64) not null, 
START_TIME_ timestamp not null, 
END_TIME_ timestamp, 
DURATION_ bigint, 
START_USER_ID_ varchar(255), 
START_ACT_ID_ varchar(255), 
END_ACT_ID_ varchar(255), 
SUPER_PROCESS_INSTANCE_ID_ varchar(64), 
DELETE_REASON_ varchar(4000), 
TENANT_ID_ varchar(255) default &apos;&apos;, 
NAME_ varchar(255), 
primary key (ID_), 
unique (PROC_INST_ID_) 
)
10:44:57,214 [main] DEBUG org.activiti.engine.impl.db.DbSqlSession  - SQL: create table ACT_HI_ACTINST ( 
ID_ varchar(64) not null, 
PROC_DEF_ID_ varchar(64) not null, 
PROC_INST_ID_ varchar(64) not null, 
EXECUTION_ID_ varchar(64) not null, 
ACT_ID_ varchar(255) not null, 
TASK_ID_ varchar(64), 
CALL_PROC_INST_ID_ varchar(64), 
ACT_NAME_ varchar(255), 
ACT_TYPE_ varchar(255) not null, 
ASSIGNEE_ varchar(255), 
START_TIME_ timestamp not null, 
END_TIME_ timestamp, 
DURATION_ bigint, 
TENANT_ID_ varchar(255) default &apos;&apos;, 
primary key (ID_) 
)
10:44:57,214 [main] DEBUG org.activiti.engine.impl.db.DbSqlSession  - SQL: create table ACT_HI_TASKINST ( 
ID_ varchar(64) not null, 
PROC_DEF_ID_ varchar(64), 
TASK_DEF_KEY_ varchar(255), 
PROC_INST_ID_ varchar(64), 
EXECUTION_ID_ varchar(64), 
NAME_ varchar(255), 
PARENT_TASK_ID_ varchar(64), 
DESCRIPTION_ varchar(4000), 
OWNER_ varchar(255), 
ASSIGNEE_ varchar(255), 
START_TIME_ timestamp not null, 
CLAIM_TIME_ timestamp, 
END_TIME_ timestamp, 
DURATION_ bigint, 
DELETE_REASON_ varchar(4000), 
PRIORITY_ integer, 
DUE_DATE_ timestamp, 
FORM_KEY_ varchar(255), 
CATEGORY_ varchar(255), 
TENANT_ID_ varchar(255) default &apos;&apos;, 
primary key (ID_) 
)
10:44:57,214 [main] DEBUG org.activiti.engine.impl.db.DbSqlSession  - SQL: create table ACT_HI_VARINST ( 
ID_ varchar(64) not null, 
PROC_INST_ID_ varchar(64), 
EXECUTION_ID_ varchar(64), 
TASK_ID_ varchar(64), 
NAME_ varchar(255) not null, 
VAR_TYPE_ varchar(100), 
REV_ integer, 
BYTEARRAY_ID_ varchar(64), 
DOUBLE_ double, 
LONG_ bigint, 
TEXT_ varchar(4000), 
TEXT2_ varchar(4000), 
CREATE_TIME_ timestamp, 
LAST_UPDATED_TIME_ timestamp, 
primary key (ID_) 
)
10:44:57,214 [main] DEBUG org.activiti.engine.impl.db.DbSqlSession  - SQL: create table ACT_HI_DETAIL ( 
ID_ varchar(64) not null, 
TYPE_ varchar(255) not null, 
TIME_ timestamp not null, 
NAME_ varchar(255), 
PROC_INST_ID_ varchar(64), 
EXECUTION_ID_ varchar(64), 
TASK_ID_ varchar(64), 
ACT_INST_ID_ varchar(64), 
VAR_TYPE_ varchar(255), 
REV_ integer, 
BYTEARRAY_ID_ varchar(64), 
DOUBLE_ double, 
LONG_ bigint, 
TEXT_ varchar(4000), 
TEXT2_ varchar(4000), 
primary key (ID_) 
)
10:44:57,214 [main] DEBUG org.activiti.engine.impl.db.DbSqlSession  - SQL: create table ACT_HI_COMMENT ( 
ID_ varchar(64) not null, 
TYPE_ varchar(255), 
TIME_ timestamp not null, 
USER_ID_ varchar(255), 
TASK_ID_ varchar(64), 
PROC_INST_ID_ varchar(64), 
ACTION_ varchar(255), 
MESSAGE_ varchar(4000), 
FULL_MSG_ longvarbinary, 
primary key (ID_) 
)
10:44:57,214 [main] DEBUG org.activiti.engine.impl.db.DbSqlSession  - SQL: create table ACT_HI_ATTACHMENT ( 
ID_ varchar(64) not null, 
REV_ integer, 
USER_ID_ varchar(255), 
NAME_ varchar(255), 
DESCRIPTION_ varchar(4000), 
TYPE_ varchar(255), 
TASK_ID_ varchar(64), 
PROC_INST_ID_ varchar(64), 
URL_ varchar(4000), 
CONTENT_ID_ varchar(64), 
TIME_ timestamp, 
primary key (ID_) 
)
10:44:57,214 [main] DEBUG org.activiti.engine.impl.db.DbSqlSession  - SQL: create table ACT_HI_IDENTITYLINK ( 
ID_ varchar(64), 
GROUP_ID_ varchar(255), 
TYPE_ varchar(255), 
USER_ID_ varchar(255), 
TASK_ID_ varchar(64), 
PROC_INST_ID_ varchar(64) null, 
primary key (ID_) 
)
10:44:57,214 [main] DEBUG org.activiti.engine.impl.db.DbSqlSession  - SQL: create index ACT_IDX_HI_PRO_INST_END on ACT_HI_PROCINST(END_TIME_)
10:44:57,214 [main] DEBUG org.activiti.engine.impl.db.DbSqlSession  - SQL: create index ACT_IDX_HI_PRO_I_BUSKEY on ACT_HI_PROCINST(BUSINESS_KEY_)
10:44:57,214 [main] DEBUG org.activiti.engine.impl.db.DbSqlSession  - SQL: create index ACT_IDX_HI_ACT_INST_START on ACT_HI_ACTINST(START_TIME_)
10:44:57,214 [main] DEBUG org.activiti.engine.impl.db.DbSqlSession  - SQL: create index ACT_IDX_HI_ACT_INST_END on ACT_HI_ACTINST(END_TIME_)
10:44:57,214 [main] DEBUG org.activiti.engine.impl.db.DbSqlSession  - SQL: create index ACT_IDX_HI_DETAIL_PROC_INST on ACT_HI_DETAIL(PROC_INST_ID_)
10:44:57,214 [main] DEBUG org.activiti.engine.impl.db.DbSqlSession  - SQL: create index ACT_IDX_HI_DETAIL_ACT_INST on ACT_HI_DETAIL(ACT_INST_ID_)
10:44:57,214 [main] DEBUG org.activiti.engine.impl.db.DbSqlSession  - SQL: create index ACT_IDX_HI_DETAIL_TIME on ACT_HI_DETAIL(TIME_)
10:44:57,214 [main] DEBUG org.activiti.engine.impl.db.DbSqlSession  - SQL: create index ACT_IDX_HI_DETAIL_NAME on ACT_HI_DETAIL(NAME_)
10:44:57,214 [main] DEBUG org.activiti.engine.impl.db.DbSqlSession  - SQL: create index ACT_IDX_HI_DETAIL_TASK_ID on ACT_HI_DETAIL(TASK_ID_)
10:44:57,214 [main] DEBUG org.activiti.engine.impl.db.DbSqlSession  - SQL: create index ACT_IDX_HI_PROCVAR_PROC_INST on ACT_HI_VARINST(PROC_INST_ID_)
10:44:57,214 [main] DEBUG org.activiti.engine.impl.db.DbSqlSession  - SQL: create index ACT_IDX_HI_PROCVAR_NAME_TYPE on ACT_HI_VARINST(NAME_, VAR_TYPE_)
10:44:57,214 [main] DEBUG org.activiti.engine.impl.db.DbSqlSession  - SQL: create index ACT_IDX_HI_PROCVAR_TASK_ID on ACT_HI_VARINST(TASK_ID_)
10:44:57,214 [main] DEBUG org.activiti.engine.impl.db.DbSqlSession  - SQL: create index ACT_IDX_HI_ACT_INST_PROCINST on ACT_HI_ACTINST(PROC_INST_ID_, ACT_ID_)
10:44:57,214 [main] DEBUG org.activiti.engine.impl.db.DbSqlSession  - SQL: create index ACT_IDX_HI_IDENT_LNK_USER on ACT_HI_IDENTITYLINK(USER_ID_)
10:44:57,214 [main] DEBUG org.activiti.engine.impl.db.DbSqlSession  - SQL: create index ACT_IDX_HI_IDENT_LNK_TASK on ACT_HI_IDENTITYLINK(TASK_ID_)
10:44:57,214 [main] DEBUG org.activiti.engine.impl.db.DbSqlSession  - SQL: create index ACT_IDX_HI_IDENT_LNK_PROCINST on ACT_HI_IDENTITYLINK(PROC_INST_ID_)
10:44:57,214 [main] DEBUG org.activiti.engine.impl.db.DbSqlSession  - SQL: create index ACT_IDX_HI_ACT_INST_EXEC on ACT_HI_ACTINST(EXECUTION_ID_, ACT_ID_)
10:44:57,214 [main] DEBUG org.activiti.engine.impl.db.DbSqlSession  - SQL: create index ACT_IDX_HI_TASK_INST_PROCINST on ACT_HI_TASKINST(PROC_INST_ID_)
10:44:57,214 [main] DEBUG org.activiti.engine.impl.db.DbSqlSession  - activiti db schema create for component history successful
10:44:57,215 [main] INFO  org.activiti.engine.impl.db.DbSqlSession  - performing create on identity with resource org/activiti/db/create/activiti.h2.create.identity.sql
10:44:57,215 [main] DEBUG org.activiti.engine.impl.db.DbSqlSession  - SQL: create table ACT_ID_GROUP ( 
ID_ varchar(64), 
REV_ integer, 
NAME_ varchar(255), 
TYPE_ varchar(255), 
primary key (ID_) 
)
10:44:57,215 [main] DEBUG org.activiti.engine.impl.db.DbSqlSession  - SQL: create table ACT_ID_MEMBERSHIP ( 
USER_ID_ varchar(64), 
GROUP_ID_ varchar(64), 
primary key (USER_ID_, GROUP_ID_) 
)
10:44:57,215 [main] DEBUG org.activiti.engine.impl.db.DbSqlSession  - SQL: create table ACT_ID_USER ( 
ID_ varchar(64), 
REV_ integer, 
FIRST_ varchar(255), 
LAST_ varchar(255), 
EMAIL_ varchar(255), 
PWD_ varchar(255), 
PICTURE_ID_ varchar(64), 
primary key (ID_) 
)
10:44:57,215 [main] DEBUG org.activiti.engine.impl.db.DbSqlSession  - SQL: create table ACT_ID_INFO ( 
ID_ varchar(64), 
REV_ integer, 
USER_ID_ varchar(64), 
TYPE_ varchar(64), 
KEY_ varchar(255), 
VALUE_ varchar(255), 
PASSWORD_ longvarbinary, 
PARENT_ID_ varchar(255), 
primary key (ID_) 
)
10:44:57,215 [main] DEBUG org.activiti.engine.impl.db.DbSqlSession  - SQL: alter table ACT_ID_MEMBERSHIP 
add constraint ACT_FK_MEMB_GROUP 
foreign key (GROUP_ID_) 
references ACT_ID_GROUP
10:44:57,215 [main] DEBUG org.activiti.engine.impl.db.DbSqlSession  - SQL: alter table ACT_ID_MEMBERSHIP 
add constraint ACT_FK_MEMB_USER 
foreign key (USER_ID_) 
references ACT_ID_USER
10:44:57,215 [main] DEBUG org.activiti.engine.impl.db.DbSqlSession  - activiti db schema create for component identity successful
10:44:57,215 [main] DEBUG org.activiti.engine.impl.db.DbSqlSession  - flush summary: 0 insert, 0 update, 0 delete.
10:44:57,215 [main] DEBUG org.activiti.engine.impl.db.DbSqlSession  - now executing flush...
10:44:57,215 [main] DEBUG org.activiti.engine.impl.cfg.standalone.StandaloneMybatisTransactionContext  - firing event committing...
10:44:57,215 [main] DEBUG org.activiti.engine.impl.cfg.standalone.StandaloneMybatisTransactionContext  - committing the ibatis sql session...
10:44:57,215 [main] DEBUG org.activiti.engine.impl.cfg.standalone.StandaloneMybatisTransactionContext  - firing event committed...
10:44:57,215 [main] DEBUG org.apache.ibatis.transaction.jdbc.JdbcTransaction  - Resetting autocommit to true on JDBC Connection [conn3: url=jdbc:h2:mem:activiti user=SA]
10:44:57,215 [main] DEBUG org.apache.ibatis.transaction.jdbc.JdbcTransaction  - Closing JDBC Connection [conn3: url=jdbc:h2:mem:activiti user=SA]
10:44:57,215 [main] DEBUG org.apache.ibatis.datasource.pooled.PooledDataSource  - Returned connection 180014677 to pool.
10:44:57,215 [main] DEBUG org.activiti.engine.impl.interceptor.LogInterceptor  - ---  finished --------------------------------------------------------
10:44:57,215 [main] DEBUG org.activiti.engine.impl.interceptor.LogInterceptor  - 

</system-out>
  </testcase>
  <testcase classname="org.activiti.engine.test.api.mgmt.JobQueryTest" name="testJobQueryWithExceptions" time="0.021">
    <error message="
### Error querying database.  Cause: org.h2.jdbc.JdbcSQLException: Syntax error in SQL statement &quot;SELECT RES.* 
     
    FROM ACT_RU_JOB RES
     
     WHERE RES.ID_ = ? 
   
     ORDER BY  ORDER[*] BY RES.ID_ ASC  
    LIMIT ? OFFSET ? &quot;; expected &quot;=, NOT, EXISTS, INTERSECTS, SELECT, FROM&quot;; SQL statement:
select RES.* 
     
    from ACT_RU_JOB RES
     
     WHERE RES.ID_ = ? 
   
     order by  order by RES.ID_ asc  
    LIMIT ? OFFSET ? [42001-176]
### The error may exist in org/activiti/db/mapping/entity/Job.xml
### The error may involve org.activiti.engine.impl.persistence.entity.JobEntity.selectJobByQueryCriteria
### The error occurred while executing a query
### SQL: select RES.*            from ACT_RU_JOB RES            WHERE RES.ID_ = ?           order by  order by RES.ID_ asc       LIMIT ? OFFSET ?
### Cause: org.h2.jdbc.JdbcSQLException: Syntax error in SQL statement &quot;SELECT RES.* 
     
    FROM ACT_RU_JOB RES
     
     WHERE RES.ID_ = ? 
   
     ORDER BY  ORDER[*] BY RES.ID_ ASC  
    LIMIT ? OFFSET ? &quot;; expected &quot;=, NOT, EXISTS, INTERSECTS, SELECT, FROM&quot;; SQL statement:
select RES.* 
     
    from ACT_RU_JOB RES
     
     WHERE RES.ID_ = ? 
   
     order by  order by RES.ID_ asc  
    LIMIT ? OFFSET ? [42001-176]" type="org.apache.ibatis.exceptions.PersistenceException">org.apache.ibatis.exceptions.PersistenceException: 
### Error querying database.  Cause: org.h2.jdbc.JdbcSQLException: Syntax error in SQL statement &quot;SELECT RES.* 
     
    FROM ACT_RU_JOB RES
     
     WHERE RES.ID_ = ? 
   
     ORDER BY  ORDER[*] BY RES.ID_ ASC  
    LIMIT ? OFFSET ? &quot;; expected &quot;=, NOT, EXISTS, INTERSECTS, SELECT, FROM&quot;; SQL statement:
select RES.* 
     
    from ACT_RU_JOB RES
     
     WHERE RES.ID_ = ? 
   
     order by  order by RES.ID_ asc  
    LIMIT ? OFFSET ? [42001-176]
### The error may exist in org/activiti/db/mapping/entity/Job.xml
### The error may involve org.activiti.engine.impl.persistence.entity.JobEntity.selectJobByQueryCriteria
### The error occurred while executing a query
### SQL: select RES.*            from ACT_RU_JOB RES            WHERE RES.ID_ = ?           order by  order by RES.ID_ asc       LIMIT ? OFFSET ?
### Cause: org.h2.jdbc.JdbcSQLException: Syntax error in SQL statement &quot;SELECT RES.* 
     
    FROM ACT_RU_JOB RES
     
     WHERE RES.ID_ = ? 
   
     ORDER BY  ORDER[*] BY RES.ID_ ASC  
    LIMIT ? OFFSET ? &quot;; expected &quot;=, NOT, EXISTS, INTERSECTS, SELECT, FROM&quot;; SQL statement:
select RES.* 
     
    from ACT_RU_JOB RES
     
     WHERE RES.ID_ = ? 
   
     order by  order by RES.ID_ asc  
    LIMIT ? OFFSET ? [42001-176]
	at org.apache.ibatis.exceptions.ExceptionFactory.wrapException(ExceptionFactory.java:30)
	at org.apache.ibatis.session.defaults.DefaultSqlSession.selectList(DefaultSqlSession.java:122)
	at org.apache.ibatis.session.defaults.DefaultSqlSession.selectList(DefaultSqlSession.java:113)
	at org.activiti.engine.impl.db.DbSqlSession.selectListWithRawParameter(DbSqlSession.java:438)
	at org.activiti.engine.impl.db.DbSqlSession.selectList(DbSqlSession.java:429)
	at org.activiti.engine.impl.db.DbSqlSession.selectList(DbSqlSession.java:419)
	at org.activiti.engine.impl.persistence.entity.JobEntityManager.findJobsByQueryCriteria(JobEntityManager.java:198)
	at org.activiti.engine.impl.JobQueryImpl.executeList(JobQueryImpl.java:243)
	at org.activiti.engine.impl.AbstractQuery.executeSingleResult(AbstractQuery.java:183)
	at org.activiti.engine.impl.AbstractQuery.execute(AbstractQuery.java:166)
	at org.activiti.engine.impl.interceptor.CommandInvoker.execute(CommandInvoker.java:24)
	at org.activiti.engine.impl.interceptor.CommandContextInterceptor.execute(CommandContextInterceptor.java:57)
	at org.activiti.engine.impl.interceptor.LogInterceptor.execute(LogInterceptor.java:37)
	at org.activiti.engine.impl.cfg.CommandExecutorImpl.execute(CommandExecutorImpl.java:40)
	at org.activiti.engine.impl.cfg.CommandExecutorImpl.execute(CommandExecutorImpl.java:35)
	at org.activiti.engine.impl.AbstractQuery.singleResult(AbstractQuery.java:129)
	at org.activiti.engine.test.api.mgmt.JobQueryTest.testJobQueryWithExceptions(JobQueryTest.java:274)
	at sun.reflect.NativeMethodAccessorImpl.invoke0(Native Method)
	at sun.reflect.NativeMethodAccessorImpl.invoke(NativeMethodAccessorImpl.java:62)
	at sun.reflect.DelegatingMethodAccessorImpl.invoke(DelegatingMethodAccessorImpl.java:43)
	at java.lang.reflect.Method.invoke(Method.java:498)
	at junit.framework.TestCase.runTest(TestCase.java:176)
	at org.activiti.engine.impl.test.PvmTestCase.runTest(PvmTestCase.java:65)
	at junit.framework.TestCase.runBare(TestCase.java:141)
	at org.activiti.engine.impl.test.AbstractActivitiTestCase.runBare(AbstractActivitiTestCase.java:100)
	at junit.framework.TestResult$1.protect(TestResult.java:122)
	at junit.framework.TestResult.runProtected(TestResult.java:142)
	at junit.framework.TestResult.run(TestResult.java:125)
	at junit.framework.TestCase.run(TestCase.java:129)
	at junit.framework.TestSuite.runTest(TestSuite.java:255)
	at junit.framework.TestSuite.run(TestSuite.java:250)
	at org.junit.internal.runners.JUnit38ClassRunner.run(JUnit38ClassRunner.java:84)
	at org.apache.maven.surefire.junit4.JUnit4TestSet.execute(JUnit4TestSet.java:35)
	at org.apache.maven.surefire.junit4.JUnit4Provider.executeTestSet(JUnit4Provider.java:146)
	at org.apache.maven.surefire.junit4.JUnit4Provider.invoke(JUnit4Provider.java:97)
	at sun.reflect.NativeMethodAccessorImpl.invoke0(Native Method)
	at sun.reflect.NativeMethodAccessorImpl.invoke(NativeMethodAccessorImpl.java:62)
	at sun.reflect.DelegatingMethodAccessorImpl.invoke(DelegatingMethodAccessorImpl.java:43)
	at java.lang.reflect.Method.invoke(Method.java:498)
	at org.apache.maven.surefire.booter.ProviderFactory$ClassLoaderProxy.invoke(ProviderFactory.java:103)
	at com.sun.proxy.$Proxy0.invoke(Unknown Source)
	at org.apache.maven.surefire.booter.SurefireStarter.invokeProvider(SurefireStarter.java:145)
	at org.apache.maven.surefire.booter.SurefireStarter.runSuitesInProcess(SurefireStarter.java:87)
	at org.apache.maven.surefire.booter.ForkedBooter.main(ForkedBooter.java:69)
Caused by: org.h2.jdbc.JdbcSQLException: Syntax error in SQL statement &quot;SELECT RES.* 
     
    FROM ACT_RU_JOB RES
     
     WHERE RES.ID_ = ? 
   
     ORDER BY  ORDER[*] BY RES.ID_ ASC  
    LIMIT ? OFFSET ? &quot;; expected &quot;=, NOT, EXISTS, INTERSECTS, SELECT, FROM&quot;; SQL statement:
select RES.* 
     
    from ACT_RU_JOB RES
     
     WHERE RES.ID_ = ? 
   
     order by  order by RES.ID_ asc  
    LIMIT ? OFFSET ? [42001-176]
	at org.h2.message.DbException.getJdbcSQLException(DbException.java:344)
	at org.h2.message.DbException.getSyntaxError(DbException.java:204)
	at org.h2.command.Parser.getSyntaxError(Parser.java:524)
	at org.h2.command.Parser.readTerm(Parser.java:2688)
	at org.h2.command.Parser.readFactor(Parser.java:2244)
	at org.h2.command.Parser.readSum(Parser.java:2231)
	at org.h2.command.Parser.readConcat(Parser.java:2201)
	at org.h2.command.Parser.readCondition(Parser.java:2051)
	at org.h2.command.Parser.readAnd(Parser.java:2023)
	at org.h2.command.Parser.readExpression(Parser.java:2015)
	at org.h2.command.Parser.parseEndOfQuery(Parser.java:1726)
	at org.h2.command.Parser.parseSelectUnionExtension(Parser.java:1706)
	at org.h2.command.Parser.parseSelectUnion(Parser.java:1675)
	at org.h2.command.Parser.parseSelect(Parser.java:1662)
	at org.h2.command.Parser.parsePrepared(Parser.java:434)
	at org.h2.command.Parser.parse(Parser.java:306)
	at org.h2.command.Parser.parse(Parser.java:282)
	at org.h2.command.Parser.prepareCommand(Parser.java:243)
	at org.h2.engine.Session.prepareLocal(Session.java:442)
	at org.h2.engine.Session.prepareCommand(Session.java:384)
	at org.h2.jdbc.JdbcConnection.prepareCommand(JdbcConnection.java:1188)
	at org.h2.jdbc.JdbcPreparedStatement.&lt;init&gt;(JdbcPreparedStatement.java:73)
	at org.h2.jdbc.JdbcConnection.prepareStatement(JdbcConnection.java:276)
	at sun.reflect.GeneratedMethodAccessor6.invoke(Unknown Source)
	at sun.reflect.DelegatingMethodAccessorImpl.invoke(DelegatingMethodAccessorImpl.java:43)
	at java.lang.reflect.Method.invoke(Method.java:498)
	at org.apache.ibatis.datasource.pooled.PooledConnection.invoke(PooledConnection.java:245)
	at com.sun.proxy.$Proxy12.prepareStatement(Unknown Source)
	at sun.reflect.GeneratedMethodAccessor6.invoke(Unknown Source)
	at sun.reflect.DelegatingMethodAccessorImpl.invoke(DelegatingMethodAccessorImpl.java:43)
	at java.lang.reflect.Method.invoke(Method.java:498)
	at org.apache.ibatis.logging.jdbc.ConnectionLogger.invoke(ConnectionLogger.java:55)
	at com.sun.proxy.$Proxy12.prepareStatement(Unknown Source)
	at org.apache.ibatis.executor.statement.PreparedStatementHandler.instantiateStatement(PreparedStatementHandler.java:79)
	at org.apache.ibatis.executor.statement.BaseStatementHandler.prepare(BaseStatementHandler.java:88)
	at org.apache.ibatis.executor.statement.RoutingStatementHandler.prepare(RoutingStatementHandler.java:58)
	at org.apache.ibatis.executor.SimpleExecutor.prepareStatement(SimpleExecutor.java:76)
	at org.apache.ibatis.executor.SimpleExecutor.doQuery(SimpleExecutor.java:61)
	at org.apache.ibatis.executor.BaseExecutor.queryFromDatabase(BaseExecutor.java:303)
	at org.apache.ibatis.executor.BaseExecutor.query(BaseExecutor.java:154)
	at org.apache.ibatis.executor.CachingExecutor.query(CachingExecutor.java:102)
	at org.apache.ibatis.executor.CachingExecutor.query(CachingExecutor.java:82)
	at org.apache.ibatis.session.defaults.DefaultSqlSession.selectList(DefaultSqlSession.java:120)
	... 42 more
</error>
    <system-out>10:44:57,216 [main] DEBUG org.activiti.engine.impl.interceptor.LogInterceptor  - 

10:44:57,216 [main] DEBUG org.activiti.engine.impl.interceptor.LogInterceptor  - --- starting DeployCmd --------------------------------------------------------
10:44:57,216 [main] DEBUG org.activiti.engine.impl.bpmn.deployer.BpmnDeployer  - Processing deployment null
10:44:57,216 [main] INFO  org.activiti.engine.impl.bpmn.deployer.BpmnDeployer  - Processing resource org/activiti/engine/test/api/mgmt/timerOnTask.bpmn20.xml
10:44:57,220 [main] DEBUG org.activiti.engine.impl.bpmn.parser.handler.ProcessParseHandler  - Parsing process timerOnTask
10:44:57,220 [main] DEBUG org.activiti.engine.impl.bpmn.parser.handler.AbstractBpmnParseHandler  - Parsing activity firstLineSupport
10:44:57,220 [main] DEBUG org.activiti.engine.impl.bpmn.parser.handler.AbstractBpmnParseHandler  - Parsing activity secondLineSupport
10:44:57,220 [main] DEBUG org.activiti.engine.impl.bpmn.parser.handler.AbstractBpmnParseHandler  - Parsing activity theStart
10:44:57,220 [main] DEBUG org.activiti.engine.impl.bpmn.parser.handler.AbstractBpmnParseHandler  - Parsing activity normalEnd
10:44:57,220 [main] DEBUG org.activiti.engine.impl.bpmn.parser.handler.AbstractBpmnParseHandler  - Parsing activity escalatedEnd
10:44:57,220 [main] DEBUG org.activiti.engine.impl.bpmn.parser.handler.AbstractBpmnParseHandler  - Parsing activity escalationTimer
10:44:57,220 [main] DEBUG org.apache.ibatis.transaction.jdbc.JdbcTransaction  - Opening JDBC Connection
10:44:57,220 [main] DEBUG org.apache.ibatis.datasource.pooled.PooledDataSource  - Checked out connection 297240765 from pool.
10:44:57,220 [main] DEBUG org.apache.ibatis.transaction.jdbc.JdbcTransaction  - Setting autocommit to false on JDBC Connection [conn4: url=jdbc:h2:mem:activiti user=SA]
10:44:57,220 [main] DEBUG org.activiti.engine.impl.persistence.entity.ProcessDefinitionEntity.selectLatestProcessDefinitionByKey  - ==&gt;  Preparing: select * from ACT_RE_PROCDEF where KEY_ = ? and (TENANT_ID_ = &apos;&apos; or TENANT_ID_ is null) and VERSION_ = (select max(VERSION_) from ACT_RE_PROCDEF where KEY_ = ? and (TENANT_ID_ = &apos;&apos; or TENANT_ID_ is null)) 
10:44:57,221 [main] DEBUG org.activiti.engine.impl.persistence.entity.ProcessDefinitionEntity.selectLatestProcessDefinitionByKey  - ==&gt; Parameters: timerOnTask(String), timerOnTask(String)
10:44:57,221 [main] DEBUG org.activiti.engine.impl.persistence.entity.ProcessDefinitionEntity.selectLatestProcessDefinitionByKey  - &lt;==      Total: 0
10:44:57,221 [main] DEBUG org.activiti.engine.impl.persistence.entity.JobEntity.selectJobByTypeAndProcessDefinitionKeyNoTenantId  - ==&gt;  Preparing: select J.* from ACT_RU_JOB J inner join ACT_RE_PROCDEF P on J.PROC_DEF_ID_ = P.ID_ where J.HANDLER_TYPE_ = ? and P.KEY_ = ? and (P.TENANT_ID_ = &apos;&apos; or P.TENANT_ID_ is null) 
10:44:57,221 [main] DEBUG org.activiti.engine.impl.persistence.entity.JobEntity.selectJobByTypeAndProcessDefinitionKeyNoTenantId  - ==&gt; Parameters: timer-start-event(String), timerOnTask(String)
10:44:57,221 [main] DEBUG org.activiti.engine.impl.persistence.entity.JobEntity.selectJobByTypeAndProcessDefinitionKeyNoTenantId  - &lt;==      Total: 0
10:44:57,221 [main] DEBUG org.activiti.engine.impl.persistence.entity.ProcessDefinitionInfoEntity.selectProcessDefinitionInfoByProcessDefinitionId  - ==&gt;  Preparing: select * from ACT_PROCDEF_INFO where PROC_DEF_ID_ = ? 
10:44:57,221 [main] DEBUG org.activiti.engine.impl.persistence.entity.ProcessDefinitionInfoEntity.selectProcessDefinitionInfoByProcessDefinitionId  - ==&gt; Parameters: timerOnTask:1:1682(String)
10:44:57,221 [main] DEBUG org.activiti.engine.impl.persistence.entity.ProcessDefinitionInfoEntity.selectProcessDefinitionInfoByProcessDefinitionId  - &lt;==      Total: 0
10:44:57,221 [main] DEBUG org.activiti.engine.impl.interceptor.LogInterceptor  - 

10:44:57,221 [main] DEBUG org.activiti.engine.impl.interceptor.LogInterceptor  - --- starting GetProcessDefinitionInfoCmd --------------------------------------------------------
10:44:57,221 [main] DEBUG org.activiti.engine.impl.interceptor.CommandContextInterceptor  - Valid context found. Reusing it for the current command &apos;org.activiti.engine.impl.cmd.GetProcessDefinitionInfoCmd&apos;
10:44:57,221 [main] DEBUG org.activiti.engine.impl.interceptor.LogInterceptor  - 

10:44:57,221 [main] DEBUG org.activiti.engine.impl.interceptor.LogInterceptor  - --- starting  --------------------------------------------------------
10:44:57,221 [main] DEBUG org.activiti.engine.impl.interceptor.CommandContextInterceptor  - Valid context found. Reusing it for the current command &apos;null&apos;
10:44:57,221 [main] DEBUG org.activiti.engine.impl.interceptor.LogInterceptor  - ---  finished --------------------------------------------------------
10:44:57,221 [main] DEBUG org.activiti.engine.impl.interceptor.LogInterceptor  - 

10:44:57,221 [main] DEBUG org.activiti.engine.impl.interceptor.LogInterceptor  - --- GetProcessDefinitionInfoCmd finished --------------------------------------------------------
10:44:57,221 [main] DEBUG org.activiti.engine.impl.interceptor.LogInterceptor  - 

10:44:57,221 [main] DEBUG org.activiti.engine.impl.db.DbSqlSession  -   insert ResourceEntity[id=1681, name=org/activiti/engine/test/api/mgmt/timerOnTask.bpmn20.xml]
10:44:57,221 [main] DEBUG org.activiti.engine.impl.db.DbSqlSession  -   insert DeploymentEntity[id=1680, name=null]
10:44:57,221 [main] DEBUG org.activiti.engine.impl.db.DbSqlSession  -   insert ProcessDefinitionEntity[timerOnTask:1:1682]
10:44:57,221 [main] DEBUG org.activiti.engine.impl.db.DbSqlSession  - flush summary: 3 insert, 0 update, 0 delete.
10:44:57,221 [main] DEBUG org.activiti.engine.impl.db.DbSqlSession  - now executing flush...
10:44:57,221 [main] DEBUG org.activiti.engine.impl.db.DbSqlSession  - inserting: ProcessDefinitionEntity[timerOnTask:1:1682]
10:44:57,221 [main] DEBUG org.activiti.engine.impl.persistence.entity.ProcessDefinitionEntity.insertProcessDefinition  - ==&gt;  Preparing: insert into ACT_RE_PROCDEF(ID_, REV_, CATEGORY_, NAME_, KEY_, VERSION_, DEPLOYMENT_ID_, RESOURCE_NAME_, DGRM_RESOURCE_NAME_, DESCRIPTION_, HAS_START_FORM_KEY_, HAS_GRAPHICAL_NOTATION_ , SUSPENSION_STATE_, TENANT_ID_) values (?, 1, ?, ?, ?, ?, ?, ?, ?, ?, ?, ?, ?, ?) 
10:44:57,221 [main] DEBUG org.activiti.engine.impl.persistence.entity.ProcessDefinitionEntity.insertProcessDefinition  - ==&gt; Parameters: timerOnTask:1:1682(String), org.activiti.enginge.test.api.mgmt(String), null, timerOnTask(String), 1(Integer), 1680(String), org/activiti/engine/test/api/mgmt/timerOnTask.bpmn20.xml(String), null, null, false(Boolean), false(Boolean), 1(Integer), (String)
10:44:57,221 [main] DEBUG org.activiti.engine.impl.persistence.entity.ProcessDefinitionEntity.insertProcessDefinition  - &lt;==    Updates: 1
10:44:57,221 [main] DEBUG org.activiti.engine.impl.db.DbSqlSession  - inserting: DeploymentEntity[id=1680, name=null]
10:44:57,221 [main] DEBUG org.activiti.engine.impl.persistence.entity.DeploymentEntity.insertDeployment  - ==&gt;  Preparing: insert into ACT_RE_DEPLOYMENT(ID_, NAME_, CATEGORY_, TENANT_ID_, DEPLOY_TIME_) values(?, ?, ?, ?, ?) 
10:44:57,221 [main] DEBUG org.activiti.engine.impl.persistence.entity.DeploymentEntity.insertDeployment  - ==&gt; Parameters: 1680(String), null, null, (String), 2023-03-20 12:44:57.0(Timestamp)
10:44:57,221 [main] DEBUG org.activiti.engine.impl.persistence.entity.DeploymentEntity.insertDeployment  - &lt;==    Updates: 1
10:44:57,221 [main] DEBUG org.activiti.engine.impl.db.DbSqlSession  - inserting: ResourceEntity[id=1681, name=org/activiti/engine/test/api/mgmt/timerOnTask.bpmn20.xml]
10:44:57,221 [main] DEBUG org.activiti.engine.impl.persistence.entity.ResourceEntity.insertResource  - ==&gt;  Preparing: insert into ACT_GE_BYTEARRAY(ID_, REV_, NAME_, BYTES_, DEPLOYMENT_ID_, GENERATED_) values (?, 1, ?, ?, ?, ?) 
10:44:57,221 [main] DEBUG org.activiti.engine.impl.persistence.entity.ResourceEntity.insertResource  - ==&gt; Parameters: 1681(String), org/activiti/engine/test/api/mgmt/timerOnTask.bpmn20.xml(String), java.io.ByteArrayInputStream@5cff6b74(ByteArrayInputStream), 1680(String), false(Boolean)
10:44:57,221 [main] DEBUG org.activiti.engine.impl.persistence.entity.ResourceEntity.insertResource  - &lt;==    Updates: 1
10:44:57,221 [main] DEBUG org.activiti.engine.impl.cfg.standalone.StandaloneMybatisTransactionContext  - firing event committing...
10:44:57,221 [main] DEBUG org.activiti.engine.impl.cfg.standalone.StandaloneMybatisTransactionContext  - committing the ibatis sql session...
10:44:57,221 [main] DEBUG org.apache.ibatis.transaction.jdbc.JdbcTransaction  - Committing JDBC Connection [conn4: url=jdbc:h2:mem:activiti user=SA]
10:44:57,221 [main] DEBUG org.activiti.engine.impl.cfg.standalone.StandaloneMybatisTransactionContext  - firing event committed...
10:44:57,221 [main] DEBUG org.apache.ibatis.transaction.jdbc.JdbcTransaction  - Resetting autocommit to true on JDBC Connection [conn4: url=jdbc:h2:mem:activiti user=SA]
10:44:57,221 [main] DEBUG org.apache.ibatis.transaction.jdbc.JdbcTransaction  - Closing JDBC Connection [conn4: url=jdbc:h2:mem:activiti user=SA]
10:44:57,221 [main] DEBUG org.apache.ibatis.datasource.pooled.PooledDataSource  - Returned connection 297240765 to pool.
10:44:57,221 [main] DEBUG org.activiti.engine.impl.interceptor.LogInterceptor  - --- DeployCmd finished --------------------------------------------------------
10:44:57,221 [main] DEBUG org.activiti.engine.impl.interceptor.LogInterceptor  - 

10:44:57,221 [main] DEBUG org.activiti.engine.impl.interceptor.LogInterceptor  - 

10:44:57,221 [main] DEBUG org.activiti.engine.impl.interceptor.LogInterceptor  - --- starting StartProcessInstanceCmd --------------------------------------------------------
10:44:57,221 [main] DEBUG org.apache.ibatis.transaction.jdbc.JdbcTransaction  - Opening JDBC Connection
10:44:57,221 [main] DEBUG org.apache.ibatis.datasource.pooled.PooledDataSource  - Checked out connection 363509958 from pool.
10:44:57,221 [main] DEBUG org.apache.ibatis.transaction.jdbc.JdbcTransaction  - Setting autocommit to false on JDBC Connection [conn2: url=jdbc:h2:mem:activiti user=SA]
10:44:57,221 [main] DEBUG org.activiti.engine.impl.persistence.entity.ProcessDefinitionEntity.selectLatestProcessDefinitionByKey  - ==&gt;  Preparing: select * from ACT_RE_PROCDEF where KEY_ = ? and (TENANT_ID_ = &apos;&apos; or TENANT_ID_ is null) and VERSION_ = (select max(VERSION_) from ACT_RE_PROCDEF where KEY_ = ? and (TENANT_ID_ = &apos;&apos; or TENANT_ID_ is null)) 
10:44:57,222 [main] DEBUG org.activiti.engine.impl.persistence.entity.ProcessDefinitionEntity.selectLatestProcessDefinitionByKey  - ==&gt; Parameters: timerOnTask(String), timerOnTask(String)
10:44:57,222 [main] DEBUG org.activiti.engine.impl.persistence.entity.ProcessDefinitionEntity.selectLatestProcessDefinitionByKey  - &lt;==      Total: 1
10:44:57,222 [main] DEBUG org.activiti.engine.impl.persistence.entity.ExecutionEntity  - initializing ProcessInstance[1683]
10:44:57,222 [main] DEBUG org.activiti.engine.impl.history.DefaultHistoryManager  - Current history level: FULL, level required: ACTIVITY
10:44:57,222 [main] DEBUG org.activiti.engine.impl.pvm.runtime.AtomicOperationActivityExecute  - ProcessInstance[1683] executes Activity(theStart): org.activiti.engine.impl.bpmn.behavior.NoneStartEventActivityBehavior
10:44:57,222 [main] DEBUG org.activiti.engine.impl.persistence.entity.JobEntity.selectJobsByExecutionId  - ==&gt;  Preparing: select * from ACT_RU_JOB J where J.EXECUTION_ID_ = ? 
10:44:57,222 [main] DEBUG org.activiti.engine.impl.persistence.entity.JobEntity.selectJobsByExecutionId  - ==&gt; Parameters: 1683(String)
10:44:57,222 [main] DEBUG org.activiti.engine.impl.persistence.entity.JobEntity.selectJobsByExecutionId  - &lt;==      Total: 0
10:44:57,222 [main] DEBUG org.activiti.engine.impl.bpmn.behavior.BpmnActivityBehavior  - Leaving activity &apos;theStart&apos;
10:44:57,222 [main] DEBUG org.activiti.engine.impl.history.DefaultHistoryManager  - Current history level: FULL, level required: ACTIVITY
10:44:57,222 [main] DEBUG org.activiti.engine.impl.pvm.runtime.AtomicOperationTransitionNotifyListenerTake  - ProcessInstance[1683] takes transition (theStart)--flow1--&gt;(firstLineSupport)
10:44:57,222 [main] DEBUG org.activiti.engine.impl.persistence.entity.ExecutionEntity  - Child execution ScopeExecution[1685] created with parent 
10:44:57,222 [main] DEBUG org.activiti.engine.impl.pvm.runtime.AtomicOperationTransitionCreateScope  - create scope: parent ProcessInstance[1683] continues as execution ScopeExecution[1685]
10:44:57,222 [main] DEBUG org.activiti.engine.impl.persistence.entity.ExecutionEntity  - initializing ScopeExecution[1685]
10:44:57,222 [main] DEBUG org.activiti.engine.impl.persistence.entity.JobEntity.selectJobsByExecutionId  - ==&gt;  Preparing: select * from ACT_RU_JOB J where J.EXECUTION_ID_ = ? 
10:44:57,222 [main] DEBUG org.activiti.engine.impl.persistence.entity.JobEntity.selectJobsByExecutionId  - ==&gt; Parameters: 1685(String)
10:44:57,222 [main] DEBUG org.activiti.engine.impl.persistence.entity.JobEntity.selectJobsByExecutionId  - &lt;==      Total: 0
10:44:57,222 [main] DEBUG org.activiti.engine.impl.history.DefaultHistoryManager  - Current history level: FULL, level required: ACTIVITY
10:44:57,222 [main] DEBUG org.activiti.engine.impl.pvm.runtime.AtomicOperationActivityExecute  - ScopeExecution[1685] executes Activity(firstLineSupport): org.activiti.engine.impl.bpmn.behavior.UserTaskActivityBehavior
10:44:57,222 [main] DEBUG org.activiti.engine.impl.persistence.entity.TaskEntity.selectTasksByExecutionId  - ==&gt;  Preparing: select distinct T.* from ACT_RU_TASK T where T.EXECUTION_ID_ = ? 
10:44:57,222 [main] DEBUG org.activiti.engine.impl.persistence.entity.TaskEntity.selectTasksByExecutionId  - ==&gt; Parameters: 1685(String)
10:44:57,222 [main] DEBUG org.activiti.engine.impl.persistence.entity.TaskEntity.selectTasksByExecutionId  - &lt;==      Total: 0
10:44:57,222 [main] DEBUG org.activiti.engine.impl.history.DefaultHistoryManager  - Current history level: FULL, level required: AUDIT
10:44:57,222 [main] DEBUG org.activiti.engine.impl.history.DefaultHistoryManager  - Current history level: FULL, level required: AUDIT
10:44:57,222 [main] DEBUG org.activiti.engine.impl.interceptor.LogInterceptor  - 

10:44:57,222 [main] DEBUG org.activiti.engine.impl.interceptor.LogInterceptor  - --- starting  --------------------------------------------------------
10:44:57,222 [main] DEBUG org.activiti.engine.impl.interceptor.CommandContextInterceptor  - Valid context found. Reusing it for the current command &apos;null&apos;
10:44:57,222 [main] DEBUG org.activiti.engine.impl.persistence.entity.ProcessDefinitionInfoEntity.selectProcessDefinitionInfoByProcessDefinitionId  - ==&gt;  Preparing: select * from ACT_PROCDEF_INFO where PROC_DEF_ID_ = ? 
10:44:57,222 [main] DEBUG org.activiti.engine.impl.persistence.entity.ProcessDefinitionInfoEntity.selectProcessDefinitionInfoByProcessDefinitionId  - ==&gt; Parameters: timerOnTask:1:1682(String)
10:44:57,222 [main] DEBUG org.activiti.engine.impl.persistence.entity.ProcessDefinitionInfoEntity.selectProcessDefinitionInfoByProcessDefinitionId  - &lt;==      Total: 0
10:44:57,222 [main] DEBUG org.activiti.engine.impl.interceptor.LogInterceptor  - ---  finished --------------------------------------------------------
10:44:57,222 [main] DEBUG org.activiti.engine.impl.interceptor.LogInterceptor  - 

10:44:57,222 [main] DEBUG org.activiti.engine.impl.history.DefaultHistoryManager  - Current history level: FULL, level required: AUDIT
10:44:57,222 [main] DEBUG org.activiti.engine.impl.history.DefaultHistoryManager  - Current history level: FULL, level required: AUDIT
10:44:57,222 [main] DEBUG org.activiti.engine.impl.history.DefaultHistoryManager  - Current history level: FULL, level required: ACTIVITY
10:44:57,222 [main] DEBUG org.activiti.engine.impl.db.DbSqlSession  -   insert ProcessInstance[1683]
10:44:57,222 [main] DEBUG org.activiti.engine.impl.db.DbSqlSession  -   insert ScopeExecution[1685]
10:44:57,222 [main] DEBUG org.activiti.engine.impl.db.DbSqlSession  -   insert HistoricProcessInstanceEntity[superProcessInstanceId=null]
10:44:57,223 [main] DEBUG org.activiti.engine.impl.db.DbSqlSession  -   insert Task[id=1688, name=First line support]
10:44:57,223 [main] DEBUG org.activiti.engine.impl.db.DbSqlSession  -   insert HistoricTaskInstanceEntity[id=1688, name=First line support]
10:44:57,223 [main] DEBUG org.activiti.engine.impl.db.DbSqlSession  -   insert HistoricActivityInstanceEntity[activityId=theStart, activityName=null]
10:44:57,223 [main] DEBUG org.activiti.engine.impl.db.DbSqlSession  -   insert HistoricActivityInstanceEntity[activityId=firstLineSupport, activityName=First line support]
10:44:57,223 [main] DEBUG org.activiti.engine.impl.db.DbSqlSession  -   insert JobEntity [id=1686]
10:44:57,223 [main] DEBUG org.activiti.engine.impl.db.DbSqlSession  - flush summary: 8 insert, 0 update, 0 delete.
10:44:57,223 [main] DEBUG org.activiti.engine.impl.db.DbSqlSession  - now executing flush...
10:44:57,223 [main] DEBUG org.activiti.engine.impl.db.DbSqlSession  - inserting: HistoricTaskInstanceEntity[id=1688, name=First line support]
10:44:57,223 [main] DEBUG org.activiti.engine.impl.persistence.entity.HistoricTaskInstanceEntity.insertHistoricTaskInstance  - ==&gt;  Preparing: insert into ACT_HI_TASKINST ( ID_, PROC_DEF_ID_, PROC_INST_ID_, EXECUTION_ID_, NAME_, PARENT_TASK_ID_, DESCRIPTION_, OWNER_, ASSIGNEE_, START_TIME_, CLAIM_TIME_, END_TIME_, DURATION_, DELETE_REASON_, TASK_DEF_KEY_, FORM_KEY_, PRIORITY_, DUE_DATE_, CATEGORY_, TENANT_ID_ ) values ( ?, ?, ?, ?, ?, ?, ?, ?, ?, ?, ?, ?, ?, ?, ?, ?, ?, ?, ?, ? ) 
10:44:57,223 [main] DEBUG org.activiti.engine.impl.persistence.entity.HistoricTaskInstanceEntity.insertHistoricTaskInstance  - ==&gt; Parameters: 1688(String), timerOnTask:1:1682(String), 1683(String), 1685(String), First line support(String), null, null, null, null, 2023-03-20 10:44:57.0(Timestamp), null, null, null, null, firstLineSupport(String), null, 50(Integer), null, null, (String)
10:44:57,223 [main] DEBUG org.activiti.engine.impl.persistence.entity.HistoricTaskInstanceEntity.insertHistoricTaskInstance  - &lt;==    Updates: 1
10:44:57,223 [main] DEBUG org.activiti.engine.impl.db.DbSqlSession  - inserting: HistoricProcessInstanceEntity[superProcessInstanceId=null]
10:44:57,223 [main] DEBUG org.activiti.engine.impl.persistence.entity.HistoricProcessInstanceEntity.insertHistoricProcessInstance  - ==&gt;  Preparing: insert into ACT_HI_PROCINST ( ID_, PROC_INST_ID_, BUSINESS_KEY_, PROC_DEF_ID_, START_TIME_, END_TIME_, DURATION_, START_USER_ID_, START_ACT_ID_, END_ACT_ID_, SUPER_PROCESS_INSTANCE_ID_, DELETE_REASON_, TENANT_ID_, NAME_ ) values ( ?, ?, ?, ?, ?, ?, ?, ?, ?, ?, ?, ?, ?, ? ) 
10:44:57,223 [main] DEBUG org.activiti.engine.impl.persistence.entity.HistoricProcessInstanceEntity.insertHistoricProcessInstance  - ==&gt; Parameters: 1683(String), 1683(String), null, timerOnTask:1:1682(String), 2023-03-20 10:44:57.0(Timestamp), null, null, null, theStart(String), null, null, null, (String), null
10:44:57,223 [main] DEBUG org.activiti.engine.impl.persistence.entity.HistoricProcessInstanceEntity.insertHistoricProcessInstance  - &lt;==    Updates: 1
10:44:57,223 [main] DEBUG org.activiti.engine.impl.persistence.entity.HistoricActivityInstanceEntity.bulkInsertHistoricActivityInstance  - ==&gt;  Preparing: insert into ACT_HI_ACTINST ( ID_, PROC_DEF_ID_, PROC_INST_ID_, EXECUTION_ID_, ACT_ID_, TASK_ID_, CALL_PROC_INST_ID_, ACT_NAME_, ACT_TYPE_, ASSIGNEE_, START_TIME_, END_TIME_, DURATION_, TENANT_ID_ ) values (?, ?, ?, ?, ?, ?, ?, ?, ?, ?, ?, ?, ?, ?) , (?, ?, ?, ?, ?, ?, ?, ?, ?, ?, ?, ?, ?, ?) 
10:44:57,223 [main] DEBUG org.activiti.engine.impl.persistence.entity.HistoricActivityInstanceEntity.bulkInsertHistoricActivityInstance  - ==&gt; Parameters: 1684(String), timerOnTask:1:1682(String), 1683(String), 1683(String), theStart(String), null, null, null, startEvent(String), null, 2023-03-20 10:44:57.0(Timestamp), 2023-03-20 10:44:57.0(Timestamp), 0(Long), (String), 1687(String), timerOnTask:1:1682(String), 1683(String), 1685(String), firstLineSupport(String), 1688(String), null, First line support(String), userTask(String), null, 2023-03-20 10:44:57.0(Timestamp), null, null, (String)
10:44:57,223 [main] DEBUG org.activiti.engine.impl.persistence.entity.HistoricActivityInstanceEntity.bulkInsertHistoricActivityInstance  - &lt;==    Updates: 2
10:44:57,223 [main] DEBUG org.activiti.engine.impl.persistence.entity.ExecutionEntity.bulkInsertExecution  - ==&gt;  Preparing: insert into ACT_RU_EXECUTION (ID_, REV_, PROC_INST_ID_, BUSINESS_KEY_, PROC_DEF_ID_, ACT_ID_, IS_ACTIVE_, IS_CONCURRENT_, IS_SCOPE_,IS_EVENT_SCOPE_, PARENT_ID_, SUPER_EXEC_, SUSPENSION_STATE_, CACHED_ENT_STATE_, TENANT_ID_, NAME_) values (?, 1, ?, ?, ?, ?, ?, ?, ?, ?, ?, ?, ?, ?, ?, ?) , (?, 1, ?, ?, ?, ?, ?, ?, ?, ?, ?, ?, ?, ?, ?, ?) 
10:44:57,223 [main] DEBUG org.activiti.engine.impl.persistence.entity.ExecutionEntity.bulkInsertExecution  - ==&gt; Parameters: 1683(String), 1683(String), null, timerOnTask:1:1682(String), null, false(Boolean), false(Boolean), true(Boolean), false(Boolean), null, null, 1(Integer), 2(Integer), (String), null, 1685(String), 1683(String), null, timerOnTask:1:1682(String), firstLineSupport(String), true(Boolean), false(Boolean), true(Boolean), false(Boolean), 1683(String), null, 1(Integer), 6(Integer), (String), null
10:44:57,223 [main] DEBUG org.activiti.engine.impl.persistence.entity.ExecutionEntity.bulkInsertExecution  - &lt;==    Updates: 2
10:44:57,223 [main] DEBUG org.activiti.engine.impl.db.DbSqlSession  - inserting: Task[id=1688, name=First line support]
10:44:57,223 [main] DEBUG org.activiti.engine.impl.persistence.entity.TaskEntity.insertTask  - ==&gt;  Preparing: insert into ACT_RU_TASK (ID_, REV_, NAME_, PARENT_TASK_ID_, DESCRIPTION_, PRIORITY_, CREATE_TIME_, OWNER_, ASSIGNEE_, DELEGATION_, EXECUTION_ID_, PROC_INST_ID_, PROC_DEF_ID_, TASK_DEF_KEY_, DUE_DATE_, CATEGORY_, SUSPENSION_STATE_, TENANT_ID_, FORM_KEY_) values (?, 1, ?, ?, ?, ?, ?, ?, ?, ?, ?, ?, ?, ?, ?, ?, ?, ?, ? ) 
10:44:57,223 [main] DEBUG org.activiti.engine.impl.persistence.entity.TaskEntity.insertTask  - ==&gt; Parameters: 1688(String), First line support(String), null, null, 50(Integer), 2023-03-20 10:44:57.0(Timestamp), null, null, null, 1685(String), 1683(String), timerOnTask:1:1682(String), firstLineSupport(String), null, null, 1(Integer), (String), null
10:44:57,223 [main] DEBUG org.activiti.engine.impl.persistence.entity.TaskEntity.insertTask  - &lt;==    Updates: 1
10:44:57,223 [main] DEBUG org.activiti.engine.impl.db.DbSqlSession  - inserting: JobEntity [id=1686]
10:44:57,223 [main] DEBUG org.activiti.engine.impl.persistence.entity.JobEntity.insertTimer  - ==&gt;  Preparing: insert into ACT_RU_JOB ( ID_, REV_, TYPE_, LOCK_OWNER_, LOCK_EXP_TIME_, EXCLUSIVE_, EXECUTION_ID_, PROCESS_INSTANCE_ID_, PROC_DEF_ID_, RETRIES_, EXCEPTION_STACK_ID_, EXCEPTION_MSG_, DUEDATE_, REPEAT_, HANDLER_TYPE_, HANDLER_CFG_, TENANT_ID_) values (?, 1, &apos;timer&apos;, ?, ?, ?, ?, ?, ?, ?, ?, ?, ?, ?, ?, ?, ? ) 
10:44:57,223 [main] DEBUG org.activiti.engine.impl.persistence.entity.JobEntity.insertTimer  - ==&gt; Parameters: 1686(String), null, null, true(Boolean), 1685(String), 1683(String), timerOnTask:1:1682(String), 3(Integer), null, null, 2023-03-20 11:44:57.0(Timestamp), null, timer-transition(String), {&quot;activityId&quot;:&quot;escalationTimer&quot;}(String), (String)
10:44:57,223 [main] DEBUG org.activiti.engine.impl.persistence.entity.JobEntity.insertTimer  - &lt;==    Updates: 1
10:44:57,223 [main] DEBUG org.activiti.engine.impl.cfg.standalone.StandaloneMybatisTransactionContext  - firing event committing...
10:44:57,223 [main] DEBUG org.activiti.engine.impl.cfg.standalone.StandaloneMybatisTransactionContext  - committing the ibatis sql session...
10:44:57,223 [main] DEBUG org.apache.ibatis.transaction.jdbc.JdbcTransaction  - Committing JDBC Connection [conn2: url=jdbc:h2:mem:activiti user=SA]
10:44:57,223 [main] DEBUG org.activiti.engine.impl.cfg.standalone.StandaloneMybatisTransactionContext  - firing event committed...
10:44:57,223 [main] DEBUG org.apache.ibatis.transaction.jdbc.JdbcTransaction  - Resetting autocommit to true on JDBC Connection [conn2: url=jdbc:h2:mem:activiti user=SA]
10:44:57,223 [main] DEBUG org.apache.ibatis.transaction.jdbc.JdbcTransaction  - Closing JDBC Connection [conn2: url=jdbc:h2:mem:activiti user=SA]
10:44:57,223 [main] DEBUG org.apache.ibatis.datasource.pooled.PooledDataSource  - Returned connection 363509958 to pool.
10:44:57,223 [main] DEBUG org.activiti.engine.impl.interceptor.LogInterceptor  - --- StartProcessInstanceCmd finished --------------------------------------------------------
10:44:57,223 [main] DEBUG org.activiti.engine.impl.interceptor.LogInterceptor  - 

10:44:57,223 [main] DEBUG org.activiti.engine.impl.interceptor.LogInterceptor  - 

10:44:57,223 [main] DEBUG org.activiti.engine.impl.interceptor.LogInterceptor  - --- starting StartProcessInstanceCmd --------------------------------------------------------
10:44:57,223 [main] DEBUG org.apache.ibatis.transaction.jdbc.JdbcTransaction  - Opening JDBC Connection
10:44:57,223 [main] DEBUG org.apache.ibatis.datasource.pooled.PooledDataSource  - Checked out connection 180014677 from pool.
10:44:57,223 [main] DEBUG org.apache.ibatis.transaction.jdbc.JdbcTransaction  - Setting autocommit to false on JDBC Connection [conn3: url=jdbc:h2:mem:activiti user=SA]
10:44:57,224 [main] DEBUG org.activiti.engine.impl.persistence.entity.ProcessDefinitionEntity.selectLatestProcessDefinitionByKey  - ==&gt;  Preparing: select * from ACT_RE_PROCDEF where KEY_ = ? and (TENANT_ID_ = &apos;&apos; or TENANT_ID_ is null) and VERSION_ = (select max(VERSION_) from ACT_RE_PROCDEF where KEY_ = ? and (TENANT_ID_ = &apos;&apos; or TENANT_ID_ is null)) 
10:44:57,224 [main] DEBUG org.activiti.engine.impl.persistence.entity.ProcessDefinitionEntity.selectLatestProcessDefinitionByKey  - ==&gt; Parameters: timerOnTask(String), timerOnTask(String)
10:44:57,224 [main] DEBUG org.activiti.engine.impl.persistence.entity.ProcessDefinitionEntity.selectLatestProcessDefinitionByKey  - &lt;==      Total: 1
10:44:57,224 [main] DEBUG org.activiti.engine.impl.persistence.entity.ExecutionEntity  - initializing ProcessInstance[1689]
10:44:57,224 [main] DEBUG org.activiti.engine.impl.history.DefaultHistoryManager  - Current history level: FULL, level required: ACTIVITY
10:44:57,224 [main] DEBUG org.activiti.engine.impl.pvm.runtime.AtomicOperationActivityExecute  - ProcessInstance[1689] executes Activity(theStart): org.activiti.engine.impl.bpmn.behavior.NoneStartEventActivityBehavior
10:44:57,224 [main] DEBUG org.activiti.engine.impl.persistence.entity.JobEntity.selectJobsByExecutionId  - ==&gt;  Preparing: select * from ACT_RU_JOB J where J.EXECUTION_ID_ = ? 
10:44:57,224 [main] DEBUG org.activiti.engine.impl.persistence.entity.JobEntity.selectJobsByExecutionId  - ==&gt; Parameters: 1689(String)
10:44:57,224 [main] DEBUG org.activiti.engine.impl.persistence.entity.JobEntity.selectJobsByExecutionId  - &lt;==      Total: 0
10:44:57,224 [main] DEBUG org.activiti.engine.impl.bpmn.behavior.BpmnActivityBehavior  - Leaving activity &apos;theStart&apos;
10:44:57,224 [main] DEBUG org.activiti.engine.impl.history.DefaultHistoryManager  - Current history level: FULL, level required: ACTIVITY
10:44:57,224 [main] DEBUG org.activiti.engine.impl.pvm.runtime.AtomicOperationTransitionNotifyListenerTake  - ProcessInstance[1689] takes transition (theStart)--flow1--&gt;(firstLineSupport)
10:44:57,224 [main] DEBUG org.activiti.engine.impl.persistence.entity.ExecutionEntity  - Child execution ScopeExecution[1691] created with parent 
10:44:57,224 [main] DEBUG org.activiti.engine.impl.pvm.runtime.AtomicOperationTransitionCreateScope  - create scope: parent ProcessInstance[1689] continues as execution ScopeExecution[1691]
10:44:57,224 [main] DEBUG org.activiti.engine.impl.persistence.entity.ExecutionEntity  - initializing ScopeExecution[1691]
10:44:57,224 [main] DEBUG org.activiti.engine.impl.persistence.entity.JobEntity.selectJobsByExecutionId  - ==&gt;  Preparing: select * from ACT_RU_JOB J where J.EXECUTION_ID_ = ? 
10:44:57,224 [main] DEBUG org.activiti.engine.impl.persistence.entity.JobEntity.selectJobsByExecutionId  - ==&gt; Parameters: 1691(String)
10:44:57,224 [main] DEBUG org.activiti.engine.impl.persistence.entity.JobEntity.selectJobsByExecutionId  - &lt;==      Total: 0
10:44:57,224 [main] DEBUG org.activiti.engine.impl.history.DefaultHistoryManager  - Current history level: FULL, level required: ACTIVITY
10:44:57,224 [main] DEBUG org.activiti.engine.impl.pvm.runtime.AtomicOperationActivityExecute  - ScopeExecution[1691] executes Activity(firstLineSupport): org.activiti.engine.impl.bpmn.behavior.UserTaskActivityBehavior
10:44:57,224 [main] DEBUG org.activiti.engine.impl.persistence.entity.TaskEntity.selectTasksByExecutionId  - ==&gt;  Preparing: select distinct T.* from ACT_RU_TASK T where T.EXECUTION_ID_ = ? 
10:44:57,224 [main] DEBUG org.activiti.engine.impl.persistence.entity.TaskEntity.selectTasksByExecutionId  - ==&gt; Parameters: 1691(String)
10:44:57,224 [main] DEBUG org.activiti.engine.impl.persistence.entity.TaskEntity.selectTasksByExecutionId  - &lt;==      Total: 0
10:44:57,224 [main] DEBUG org.activiti.engine.impl.history.DefaultHistoryManager  - Current history level: FULL, level required: AUDIT
10:44:57,224 [main] DEBUG org.activiti.engine.impl.history.DefaultHistoryManager  - Current history level: FULL, level required: AUDIT
10:44:57,224 [main] DEBUG org.activiti.engine.impl.interceptor.LogInterceptor  - 

10:44:57,224 [main] DEBUG org.activiti.engine.impl.interceptor.LogInterceptor  - --- starting  --------------------------------------------------------
10:44:57,224 [main] DEBUG org.activiti.engine.impl.interceptor.CommandContextInterceptor  - Valid context found. Reusing it for the current command &apos;null&apos;
10:44:57,224 [main] DEBUG org.activiti.engine.impl.persistence.entity.ProcessDefinitionInfoEntity.selectProcessDefinitionInfoByProcessDefinitionId  - ==&gt;  Preparing: select * from ACT_PROCDEF_INFO where PROC_DEF_ID_ = ? 
10:44:57,224 [main] DEBUG org.activiti.engine.impl.persistence.entity.ProcessDefinitionInfoEntity.selectProcessDefinitionInfoByProcessDefinitionId  - ==&gt; Parameters: timerOnTask:1:1682(String)
10:44:57,224 [main] DEBUG org.activiti.engine.impl.persistence.entity.ProcessDefinitionInfoEntity.selectProcessDefinitionInfoByProcessDefinitionId  - &lt;==      Total: 0
10:44:57,224 [main] DEBUG org.activiti.engine.impl.interceptor.LogInterceptor  - ---  finished --------------------------------------------------------
10:44:57,224 [main] DEBUG org.activiti.engine.impl.interceptor.LogInterceptor  - 

10:44:57,224 [main] DEBUG org.activiti.engine.impl.history.DefaultHistoryManager  - Current history level: FULL, level required: AUDIT
10:44:57,224 [main] DEBUG org.activiti.engine.impl.history.DefaultHistoryManager  - Current history level: FULL, level required: AUDIT
10:44:57,224 [main] DEBUG org.activiti.engine.impl.history.DefaultHistoryManager  - Current history level: FULL, level required: ACTIVITY
10:44:57,224 [main] DEBUG org.activiti.engine.impl.db.DbSqlSession  -   insert ProcessInstance[1689]
10:44:57,224 [main] DEBUG org.activiti.engine.impl.db.DbSqlSession  -   insert ScopeExecution[1691]
10:44:57,225 [main] DEBUG org.activiti.engine.impl.db.DbSqlSession  -   insert HistoricProcessInstanceEntity[superProcessInstanceId=null]
10:44:57,225 [main] DEBUG org.activiti.engine.impl.db.DbSqlSession  -   insert Task[id=1694, name=First line support]
10:44:57,225 [main] DEBUG org.activiti.engine.impl.db.DbSqlSession  -   insert HistoricTaskInstanceEntity[id=1694, name=First line support]
10:44:57,225 [main] DEBUG org.activiti.engine.impl.db.DbSqlSession  -   insert HistoricActivityInstanceEntity[activityId=theStart, activityName=null]
10:44:57,225 [main] DEBUG org.activiti.engine.impl.db.DbSqlSession  -   insert HistoricActivityInstanceEntity[activityId=firstLineSupport, activityName=First line support]
10:44:57,225 [main] DEBUG org.activiti.engine.impl.db.DbSqlSession  -   insert JobEntity [id=1692]
10:44:57,225 [main] DEBUG org.activiti.engine.impl.db.DbSqlSession  - flush summary: 8 insert, 0 update, 0 delete.
10:44:57,225 [main] DEBUG org.activiti.engine.impl.db.DbSqlSession  - now executing flush...
10:44:57,225 [main] DEBUG org.activiti.engine.impl.db.DbSqlSession  - inserting: HistoricTaskInstanceEntity[id=1694, name=First line support]
10:44:57,225 [main] DEBUG org.activiti.engine.impl.persistence.entity.HistoricTaskInstanceEntity.insertHistoricTaskInstance  - ==&gt;  Preparing: insert into ACT_HI_TASKINST ( ID_, PROC_DEF_ID_, PROC_INST_ID_, EXECUTION_ID_, NAME_, PARENT_TASK_ID_, DESCRIPTION_, OWNER_, ASSIGNEE_, START_TIME_, CLAIM_TIME_, END_TIME_, DURATION_, DELETE_REASON_, TASK_DEF_KEY_, FORM_KEY_, PRIORITY_, DUE_DATE_, CATEGORY_, TENANT_ID_ ) values ( ?, ?, ?, ?, ?, ?, ?, ?, ?, ?, ?, ?, ?, ?, ?, ?, ?, ?, ?, ? ) 
10:44:57,225 [main] DEBUG org.activiti.engine.impl.persistence.entity.HistoricTaskInstanceEntity.insertHistoricTaskInstance  - ==&gt; Parameters: 1694(String), timerOnTask:1:1682(String), 1689(String), 1691(String), First line support(String), null, null, null, null, 2023-03-20 11:44:57.0(Timestamp), null, null, null, null, firstLineSupport(String), null, 50(Integer), null, null, (String)
10:44:57,225 [main] DEBUG org.activiti.engine.impl.persistence.entity.HistoricTaskInstanceEntity.insertHistoricTaskInstance  - &lt;==    Updates: 1
10:44:57,225 [main] DEBUG org.activiti.engine.impl.db.DbSqlSession  - inserting: HistoricProcessInstanceEntity[superProcessInstanceId=null]
10:44:57,225 [main] DEBUG org.activiti.engine.impl.persistence.entity.HistoricProcessInstanceEntity.insertHistoricProcessInstance  - ==&gt;  Preparing: insert into ACT_HI_PROCINST ( ID_, PROC_INST_ID_, BUSINESS_KEY_, PROC_DEF_ID_, START_TIME_, END_TIME_, DURATION_, START_USER_ID_, START_ACT_ID_, END_ACT_ID_, SUPER_PROCESS_INSTANCE_ID_, DELETE_REASON_, TENANT_ID_, NAME_ ) values ( ?, ?, ?, ?, ?, ?, ?, ?, ?, ?, ?, ?, ?, ? ) 
10:44:57,225 [main] DEBUG org.activiti.engine.impl.persistence.entity.HistoricProcessInstanceEntity.insertHistoricProcessInstance  - ==&gt; Parameters: 1689(String), 1689(String), null, timerOnTask:1:1682(String), 2023-03-20 11:44:57.0(Timestamp), null, null, null, theStart(String), null, null, null, (String), null
10:44:57,225 [main] DEBUG org.activiti.engine.impl.persistence.entity.HistoricProcessInstanceEntity.insertHistoricProcessInstance  - &lt;==    Updates: 1
10:44:57,225 [main] DEBUG org.activiti.engine.impl.persistence.entity.HistoricActivityInstanceEntity.bulkInsertHistoricActivityInstance  - ==&gt;  Preparing: insert into ACT_HI_ACTINST ( ID_, PROC_DEF_ID_, PROC_INST_ID_, EXECUTION_ID_, ACT_ID_, TASK_ID_, CALL_PROC_INST_ID_, ACT_NAME_, ACT_TYPE_, ASSIGNEE_, START_TIME_, END_TIME_, DURATION_, TENANT_ID_ ) values (?, ?, ?, ?, ?, ?, ?, ?, ?, ?, ?, ?, ?, ?) , (?, ?, ?, ?, ?, ?, ?, ?, ?, ?, ?, ?, ?, ?) 
10:44:57,225 [main] DEBUG org.activiti.engine.impl.persistence.entity.HistoricActivityInstanceEntity.bulkInsertHistoricActivityInstance  - ==&gt; Parameters: 1690(String), timerOnTask:1:1682(String), 1689(String), 1689(String), theStart(String), null, null, null, startEvent(String), null, 2023-03-20 11:44:57.0(Timestamp), 2023-03-20 11:44:57.0(Timestamp), 0(Long), (String), 1693(String), timerOnTask:1:1682(String), 1689(String), 1691(String), firstLineSupport(String), 1694(String), null, First line support(String), userTask(String), null, 2023-03-20 11:44:57.0(Timestamp), null, null, (String)
10:44:57,225 [main] DEBUG org.activiti.engine.impl.persistence.entity.HistoricActivityInstanceEntity.bulkInsertHistoricActivityInstance  - &lt;==    Updates: 2
10:44:57,225 [main] DEBUG org.activiti.engine.impl.persistence.entity.ExecutionEntity.bulkInsertExecution  - ==&gt;  Preparing: insert into ACT_RU_EXECUTION (ID_, REV_, PROC_INST_ID_, BUSINESS_KEY_, PROC_DEF_ID_, ACT_ID_, IS_ACTIVE_, IS_CONCURRENT_, IS_SCOPE_,IS_EVENT_SCOPE_, PARENT_ID_, SUPER_EXEC_, SUSPENSION_STATE_, CACHED_ENT_STATE_, TENANT_ID_, NAME_) values (?, 1, ?, ?, ?, ?, ?, ?, ?, ?, ?, ?, ?, ?, ?, ?) , (?, 1, ?, ?, ?, ?, ?, ?, ?, ?, ?, ?, ?, ?, ?, ?) 
10:44:57,225 [main] DEBUG org.activiti.engine.impl.persistence.entity.ExecutionEntity.bulkInsertExecution  - ==&gt; Parameters: 1689(String), 1689(String), null, timerOnTask:1:1682(String), null, false(Boolean), false(Boolean), true(Boolean), false(Boolean), null, null, 1(Integer), 2(Integer), (String), null, 1691(String), 1689(String), null, timerOnTask:1:1682(String), firstLineSupport(String), true(Boolean), false(Boolean), true(Boolean), false(Boolean), 1689(String), null, 1(Integer), 6(Integer), (String), null
10:44:57,225 [main] DEBUG org.activiti.engine.impl.persistence.entity.ExecutionEntity.bulkInsertExecution  - &lt;==    Updates: 2
10:44:57,225 [main] DEBUG org.activiti.engine.impl.db.DbSqlSession  - inserting: Task[id=1694, name=First line support]
10:44:57,225 [main] DEBUG org.activiti.engine.impl.persistence.entity.TaskEntity.insertTask  - ==&gt;  Preparing: insert into ACT_RU_TASK (ID_, REV_, NAME_, PARENT_TASK_ID_, DESCRIPTION_, PRIORITY_, CREATE_TIME_, OWNER_, ASSIGNEE_, DELEGATION_, EXECUTION_ID_, PROC_INST_ID_, PROC_DEF_ID_, TASK_DEF_KEY_, DUE_DATE_, CATEGORY_, SUSPENSION_STATE_, TENANT_ID_, FORM_KEY_) values (?, 1, ?, ?, ?, ?, ?, ?, ?, ?, ?, ?, ?, ?, ?, ?, ?, ?, ? ) 
10:44:57,225 [main] DEBUG org.activiti.engine.impl.persistence.entity.TaskEntity.insertTask  - ==&gt; Parameters: 1694(String), First line support(String), null, null, 50(Integer), 2023-03-20 11:44:57.0(Timestamp), null, null, null, 1691(String), 1689(String), timerOnTask:1:1682(String), firstLineSupport(String), null, null, 1(Integer), (String), null
10:44:57,225 [main] DEBUG org.activiti.engine.impl.persistence.entity.TaskEntity.insertTask  - &lt;==    Updates: 1
10:44:57,225 [main] DEBUG org.activiti.engine.impl.db.DbSqlSession  - inserting: JobEntity [id=1692]
10:44:57,225 [main] DEBUG org.activiti.engine.impl.persistence.entity.JobEntity.insertTimer  - ==&gt;  Preparing: insert into ACT_RU_JOB ( ID_, REV_, TYPE_, LOCK_OWNER_, LOCK_EXP_TIME_, EXCLUSIVE_, EXECUTION_ID_, PROCESS_INSTANCE_ID_, PROC_DEF_ID_, RETRIES_, EXCEPTION_STACK_ID_, EXCEPTION_MSG_, DUEDATE_, REPEAT_, HANDLER_TYPE_, HANDLER_CFG_, TENANT_ID_) values (?, 1, &apos;timer&apos;, ?, ?, ?, ?, ?, ?, ?, ?, ?, ?, ?, ?, ?, ? ) 
10:44:57,225 [main] DEBUG org.activiti.engine.impl.persistence.entity.JobEntity.insertTimer  - ==&gt; Parameters: 1692(String), null, null, true(Boolean), 1691(String), 1689(String), timerOnTask:1:1682(String), 3(Integer), null, null, 2023-03-20 12:44:57.0(Timestamp), null, timer-transition(String), {&quot;activityId&quot;:&quot;escalationTimer&quot;}(String), (String)
10:44:57,225 [main] DEBUG org.activiti.engine.impl.persistence.entity.JobEntity.insertTimer  - &lt;==    Updates: 1
10:44:57,225 [main] DEBUG org.activiti.engine.impl.cfg.standalone.StandaloneMybatisTransactionContext  - firing event committing...
10:44:57,225 [main] DEBUG org.activiti.engine.impl.cfg.standalone.StandaloneMybatisTransactionContext  - committing the ibatis sql session...
10:44:57,225 [main] DEBUG org.apache.ibatis.transaction.jdbc.JdbcTransaction  - Committing JDBC Connection [conn3: url=jdbc:h2:mem:activiti user=SA]
10:44:57,225 [main] DEBUG org.activiti.engine.impl.cfg.standalone.StandaloneMybatisTransactionContext  - firing event committed...
10:44:57,225 [main] DEBUG org.apache.ibatis.transaction.jdbc.JdbcTransaction  - Resetting autocommit to true on JDBC Connection [conn3: url=jdbc:h2:mem:activiti user=SA]
10:44:57,225 [main] DEBUG org.apache.ibatis.transaction.jdbc.JdbcTransaction  - Closing JDBC Connection [conn3: url=jdbc:h2:mem:activiti user=SA]
10:44:57,225 [main] DEBUG org.apache.ibatis.datasource.pooled.PooledDataSource  - Returned connection 180014677 to pool.
10:44:57,225 [main] DEBUG org.activiti.engine.impl.interceptor.LogInterceptor  - --- StartProcessInstanceCmd finished --------------------------------------------------------
10:44:57,225 [main] DEBUG org.activiti.engine.impl.interceptor.LogInterceptor  - 

10:44:57,225 [main] DEBUG org.activiti.engine.impl.interceptor.LogInterceptor  - 

10:44:57,225 [main] DEBUG org.activiti.engine.impl.interceptor.LogInterceptor  - --- starting StartProcessInstanceCmd --------------------------------------------------------
10:44:57,225 [main] DEBUG org.apache.ibatis.transaction.jdbc.JdbcTransaction  - Opening JDBC Connection
10:44:57,225 [main] DEBUG org.apache.ibatis.datasource.pooled.PooledDataSource  - Checked out connection 297240765 from pool.
10:44:57,225 [main] DEBUG org.apache.ibatis.transaction.jdbc.JdbcTransaction  - Setting autocommit to false on JDBC Connection [conn4: url=jdbc:h2:mem:activiti user=SA]
10:44:57,225 [main] DEBUG org.activiti.engine.impl.persistence.entity.ProcessDefinitionEntity.selectLatestProcessDefinitionByKey  - ==&gt;  Preparing: select * from ACT_RE_PROCDEF where KEY_ = ? and (TENANT_ID_ = &apos;&apos; or TENANT_ID_ is null) and VERSION_ = (select max(VERSION_) from ACT_RE_PROCDEF where KEY_ = ? and (TENANT_ID_ = &apos;&apos; or TENANT_ID_ is null)) 
10:44:57,225 [main] DEBUG org.activiti.engine.impl.persistence.entity.ProcessDefinitionEntity.selectLatestProcessDefinitionByKey  - ==&gt; Parameters: timerOnTask(String), timerOnTask(String)
10:44:57,226 [main] DEBUG org.activiti.engine.impl.persistence.entity.ProcessDefinitionEntity.selectLatestProcessDefinitionByKey  - &lt;==      Total: 1
10:44:57,226 [main] DEBUG org.activiti.engine.impl.persistence.entity.ExecutionEntity  - initializing ProcessInstance[1695]
10:44:57,226 [main] DEBUG org.activiti.engine.impl.history.DefaultHistoryManager  - Current history level: FULL, level required: ACTIVITY
10:44:57,226 [main] DEBUG org.activiti.engine.impl.pvm.runtime.AtomicOperationActivityExecute  - ProcessInstance[1695] executes Activity(theStart): org.activiti.engine.impl.bpmn.behavior.NoneStartEventActivityBehavior
10:44:57,226 [main] DEBUG org.activiti.engine.impl.persistence.entity.JobEntity.selectJobsByExecutionId  - ==&gt;  Preparing: select * from ACT_RU_JOB J where J.EXECUTION_ID_ = ? 
10:44:57,226 [main] DEBUG org.activiti.engine.impl.persistence.entity.JobEntity.selectJobsByExecutionId  - ==&gt; Parameters: 1695(String)
10:44:57,226 [main] DEBUG org.activiti.engine.impl.persistence.entity.JobEntity.selectJobsByExecutionId  - &lt;==      Total: 0
10:44:57,226 [main] DEBUG org.activiti.engine.impl.bpmn.behavior.BpmnActivityBehavior  - Leaving activity &apos;theStart&apos;
10:44:57,226 [main] DEBUG org.activiti.engine.impl.history.DefaultHistoryManager  - Current history level: FULL, level required: ACTIVITY
10:44:57,226 [main] DEBUG org.activiti.engine.impl.pvm.runtime.AtomicOperationTransitionNotifyListenerTake  - ProcessInstance[1695] takes transition (theStart)--flow1--&gt;(firstLineSupport)
10:44:57,226 [main] DEBUG org.activiti.engine.impl.persistence.entity.ExecutionEntity  - Child execution ScopeExecution[1697] created with parent 
10:44:57,226 [main] DEBUG org.activiti.engine.impl.pvm.runtime.AtomicOperationTransitionCreateScope  - create scope: parent ProcessInstance[1695] continues as execution ScopeExecution[1697]
10:44:57,226 [main] DEBUG org.activiti.engine.impl.persistence.entity.ExecutionEntity  - initializing ScopeExecution[1697]
10:44:57,226 [main] DEBUG org.activiti.engine.impl.persistence.entity.JobEntity.selectJobsByExecutionId  - ==&gt;  Preparing: select * from ACT_RU_JOB J where J.EXECUTION_ID_ = ? 
10:44:57,226 [main] DEBUG org.activiti.engine.impl.persistence.entity.JobEntity.selectJobsByExecutionId  - ==&gt; Parameters: 1697(String)
10:44:57,226 [main] DEBUG org.activiti.engine.impl.persistence.entity.JobEntity.selectJobsByExecutionId  - &lt;==      Total: 0
10:44:57,226 [main] DEBUG org.activiti.engine.impl.history.DefaultHistoryManager  - Current history level: FULL, level required: ACTIVITY
10:44:57,226 [main] DEBUG org.activiti.engine.impl.pvm.runtime.AtomicOperationActivityExecute  - ScopeExecution[1697] executes Activity(firstLineSupport): org.activiti.engine.impl.bpmn.behavior.UserTaskActivityBehavior
10:44:57,226 [main] DEBUG org.activiti.engine.impl.persistence.entity.TaskEntity.selectTasksByExecutionId  - ==&gt;  Preparing: select distinct T.* from ACT_RU_TASK T where T.EXECUTION_ID_ = ? 
10:44:57,226 [main] DEBUG org.activiti.engine.impl.persistence.entity.TaskEntity.selectTasksByExecutionId  - ==&gt; Parameters: 1697(String)
10:44:57,226 [main] DEBUG org.activiti.engine.impl.persistence.entity.TaskEntity.selectTasksByExecutionId  - &lt;==      Total: 0
10:44:57,226 [main] DEBUG org.activiti.engine.impl.history.DefaultHistoryManager  - Current history level: FULL, level required: AUDIT
10:44:57,226 [main] DEBUG org.activiti.engine.impl.history.DefaultHistoryManager  - Current history level: FULL, level required: AUDIT
10:44:57,226 [main] DEBUG org.activiti.engine.impl.interceptor.LogInterceptor  - 

10:44:57,226 [main] DEBUG org.activiti.engine.impl.interceptor.LogInterceptor  - --- starting  --------------------------------------------------------
10:44:57,226 [main] DEBUG org.activiti.engine.impl.interceptor.CommandContextInterceptor  - Valid context found. Reusing it for the current command &apos;null&apos;
10:44:57,226 [main] DEBUG org.activiti.engine.impl.persistence.entity.ProcessDefinitionInfoEntity.selectProcessDefinitionInfoByProcessDefinitionId  - ==&gt;  Preparing: select * from ACT_PROCDEF_INFO where PROC_DEF_ID_ = ? 
10:44:57,226 [main] DEBUG org.activiti.engine.impl.persistence.entity.ProcessDefinitionInfoEntity.selectProcessDefinitionInfoByProcessDefinitionId  - ==&gt; Parameters: timerOnTask:1:1682(String)
10:44:57,226 [main] DEBUG org.activiti.engine.impl.persistence.entity.ProcessDefinitionInfoEntity.selectProcessDefinitionInfoByProcessDefinitionId  - &lt;==      Total: 0
10:44:57,226 [main] DEBUG org.activiti.engine.impl.interceptor.LogInterceptor  - ---  finished --------------------------------------------------------
10:44:57,226 [main] DEBUG org.activiti.engine.impl.interceptor.LogInterceptor  - 

10:44:57,226 [main] DEBUG org.activiti.engine.impl.history.DefaultHistoryManager  - Current history level: FULL, level required: AUDIT
10:44:57,226 [main] DEBUG org.activiti.engine.impl.history.DefaultHistoryManager  - Current history level: FULL, level required: AUDIT
10:44:57,226 [main] DEBUG org.activiti.engine.impl.history.DefaultHistoryManager  - Current history level: FULL, level required: ACTIVITY
10:44:57,226 [main] DEBUG org.activiti.engine.impl.db.DbSqlSession  -   insert ProcessInstance[1695]
10:44:57,226 [main] DEBUG org.activiti.engine.impl.db.DbSqlSession  -   insert ScopeExecution[1697]
10:44:57,226 [main] DEBUG org.activiti.engine.impl.db.DbSqlSession  -   insert HistoricProcessInstanceEntity[superProcessInstanceId=null]
10:44:57,226 [main] DEBUG org.activiti.engine.impl.db.DbSqlSession  -   insert Task[id=1700, name=First line support]
10:44:57,226 [main] DEBUG org.activiti.engine.impl.db.DbSqlSession  -   insert HistoricTaskInstanceEntity[id=1700, name=First line support]
10:44:57,227 [main] DEBUG org.activiti.engine.impl.db.DbSqlSession  -   insert HistoricActivityInstanceEntity[activityId=theStart, activityName=null]
10:44:57,227 [main] DEBUG org.activiti.engine.impl.db.DbSqlSession  -   insert HistoricActivityInstanceEntity[activityId=firstLineSupport, activityName=First line support]
10:44:57,227 [main] DEBUG org.activiti.engine.impl.db.DbSqlSession  -   insert JobEntity [id=1698]
10:44:57,227 [main] DEBUG org.activiti.engine.impl.db.DbSqlSession  - flush summary: 8 insert, 0 update, 0 delete.
10:44:57,227 [main] DEBUG org.activiti.engine.impl.db.DbSqlSession  - now executing flush...
10:44:57,227 [main] DEBUG org.activiti.engine.impl.db.DbSqlSession  - inserting: HistoricTaskInstanceEntity[id=1700, name=First line support]
10:44:57,227 [main] DEBUG org.activiti.engine.impl.persistence.entity.HistoricTaskInstanceEntity.insertHistoricTaskInstance  - ==&gt;  Preparing: insert into ACT_HI_TASKINST ( ID_, PROC_DEF_ID_, PROC_INST_ID_, EXECUTION_ID_, NAME_, PARENT_TASK_ID_, DESCRIPTION_, OWNER_, ASSIGNEE_, START_TIME_, CLAIM_TIME_, END_TIME_, DURATION_, DELETE_REASON_, TASK_DEF_KEY_, FORM_KEY_, PRIORITY_, DUE_DATE_, CATEGORY_, TENANT_ID_ ) values ( ?, ?, ?, ?, ?, ?, ?, ?, ?, ?, ?, ?, ?, ?, ?, ?, ?, ?, ?, ? ) 
10:44:57,227 [main] DEBUG org.activiti.engine.impl.persistence.entity.HistoricTaskInstanceEntity.insertHistoricTaskInstance  - ==&gt; Parameters: 1700(String), timerOnTask:1:1682(String), 1695(String), 1697(String), First line support(String), null, null, null, null, 2023-03-20 12:44:57.0(Timestamp), null, null, null, null, firstLineSupport(String), null, 50(Integer), null, null, (String)
10:44:57,227 [main] DEBUG org.activiti.engine.impl.persistence.entity.HistoricTaskInstanceEntity.insertHistoricTaskInstance  - &lt;==    Updates: 1
10:44:57,227 [main] DEBUG org.activiti.engine.impl.db.DbSqlSession  - inserting: HistoricProcessInstanceEntity[superProcessInstanceId=null]
10:44:57,227 [main] DEBUG org.activiti.engine.impl.persistence.entity.HistoricProcessInstanceEntity.insertHistoricProcessInstance  - ==&gt;  Preparing: insert into ACT_HI_PROCINST ( ID_, PROC_INST_ID_, BUSINESS_KEY_, PROC_DEF_ID_, START_TIME_, END_TIME_, DURATION_, START_USER_ID_, START_ACT_ID_, END_ACT_ID_, SUPER_PROCESS_INSTANCE_ID_, DELETE_REASON_, TENANT_ID_, NAME_ ) values ( ?, ?, ?, ?, ?, ?, ?, ?, ?, ?, ?, ?, ?, ? ) 
10:44:57,227 [main] DEBUG org.activiti.engine.impl.persistence.entity.HistoricProcessInstanceEntity.insertHistoricProcessInstance  - ==&gt; Parameters: 1695(String), 1695(String), null, timerOnTask:1:1682(String), 2023-03-20 12:44:57.0(Timestamp), null, null, null, theStart(String), null, null, null, (String), null
10:44:57,227 [main] DEBUG org.activiti.engine.impl.persistence.entity.HistoricProcessInstanceEntity.insertHistoricProcessInstance  - &lt;==    Updates: 1
10:44:57,227 [main] DEBUG org.activiti.engine.impl.persistence.entity.HistoricActivityInstanceEntity.bulkInsertHistoricActivityInstance  - ==&gt;  Preparing: insert into ACT_HI_ACTINST ( ID_, PROC_DEF_ID_, PROC_INST_ID_, EXECUTION_ID_, ACT_ID_, TASK_ID_, CALL_PROC_INST_ID_, ACT_NAME_, ACT_TYPE_, ASSIGNEE_, START_TIME_, END_TIME_, DURATION_, TENANT_ID_ ) values (?, ?, ?, ?, ?, ?, ?, ?, ?, ?, ?, ?, ?, ?) , (?, ?, ?, ?, ?, ?, ?, ?, ?, ?, ?, ?, ?, ?) 
10:44:57,227 [main] DEBUG org.activiti.engine.impl.persistence.entity.HistoricActivityInstanceEntity.bulkInsertHistoricActivityInstance  - ==&gt; Parameters: 1696(String), timerOnTask:1:1682(String), 1695(String), 1695(String), theStart(String), null, null, null, startEvent(String), null, 2023-03-20 12:44:57.0(Timestamp), 2023-03-20 12:44:57.0(Timestamp), 0(Long), (String), 1699(String), timerOnTask:1:1682(String), 1695(String), 1697(String), firstLineSupport(String), 1700(String), null, First line support(String), userTask(String), null, 2023-03-20 12:44:57.0(Timestamp), null, null, (String)
10:44:57,227 [main] DEBUG org.activiti.engine.impl.persistence.entity.HistoricActivityInstanceEntity.bulkInsertHistoricActivityInstance  - &lt;==    Updates: 2
10:44:57,227 [main] DEBUG org.activiti.engine.impl.persistence.entity.ExecutionEntity.bulkInsertExecution  - ==&gt;  Preparing: insert into ACT_RU_EXECUTION (ID_, REV_, PROC_INST_ID_, BUSINESS_KEY_, PROC_DEF_ID_, ACT_ID_, IS_ACTIVE_, IS_CONCURRENT_, IS_SCOPE_,IS_EVENT_SCOPE_, PARENT_ID_, SUPER_EXEC_, SUSPENSION_STATE_, CACHED_ENT_STATE_, TENANT_ID_, NAME_) values (?, 1, ?, ?, ?, ?, ?, ?, ?, ?, ?, ?, ?, ?, ?, ?) , (?, 1, ?, ?, ?, ?, ?, ?, ?, ?, ?, ?, ?, ?, ?, ?) 
10:44:57,227 [main] DEBUG org.activiti.engine.impl.persistence.entity.ExecutionEntity.bulkInsertExecution  - ==&gt; Parameters: 1695(String), 1695(String), null, timerOnTask:1:1682(String), null, false(Boolean), false(Boolean), true(Boolean), false(Boolean), null, null, 1(Integer), 2(Integer), (String), null, 1697(String), 1695(String), null, timerOnTask:1:1682(String), firstLineSupport(String), true(Boolean), false(Boolean), true(Boolean), false(Boolean), 1695(String), null, 1(Integer), 6(Integer), (String), null
10:44:57,227 [main] DEBUG org.activiti.engine.impl.persistence.entity.ExecutionEntity.bulkInsertExecution  - &lt;==    Updates: 2
10:44:57,227 [main] DEBUG org.activiti.engine.impl.db.DbSqlSession  - inserting: Task[id=1700, name=First line support]
10:44:57,227 [main] DEBUG org.activiti.engine.impl.persistence.entity.TaskEntity.insertTask  - ==&gt;  Preparing: insert into ACT_RU_TASK (ID_, REV_, NAME_, PARENT_TASK_ID_, DESCRIPTION_, PRIORITY_, CREATE_TIME_, OWNER_, ASSIGNEE_, DELEGATION_, EXECUTION_ID_, PROC_INST_ID_, PROC_DEF_ID_, TASK_DEF_KEY_, DUE_DATE_, CATEGORY_, SUSPENSION_STATE_, TENANT_ID_, FORM_KEY_) values (?, 1, ?, ?, ?, ?, ?, ?, ?, ?, ?, ?, ?, ?, ?, ?, ?, ?, ? ) 
10:44:57,227 [main] DEBUG org.activiti.engine.impl.persistence.entity.TaskEntity.insertTask  - ==&gt; Parameters: 1700(String), First line support(String), null, null, 50(Integer), 2023-03-20 12:44:57.0(Timestamp), null, null, null, 1697(String), 1695(String), timerOnTask:1:1682(String), firstLineSupport(String), null, null, 1(Integer), (String), null
10:44:57,227 [main] DEBUG org.activiti.engine.impl.persistence.entity.TaskEntity.insertTask  - &lt;==    Updates: 1
10:44:57,227 [main] DEBUG org.activiti.engine.impl.db.DbSqlSession  - inserting: JobEntity [id=1698]
10:44:57,227 [main] DEBUG org.activiti.engine.impl.persistence.entity.JobEntity.insertTimer  - ==&gt;  Preparing: insert into ACT_RU_JOB ( ID_, REV_, TYPE_, LOCK_OWNER_, LOCK_EXP_TIME_, EXCLUSIVE_, EXECUTION_ID_, PROCESS_INSTANCE_ID_, PROC_DEF_ID_, RETRIES_, EXCEPTION_STACK_ID_, EXCEPTION_MSG_, DUEDATE_, REPEAT_, HANDLER_TYPE_, HANDLER_CFG_, TENANT_ID_) values (?, 1, &apos;timer&apos;, ?, ?, ?, ?, ?, ?, ?, ?, ?, ?, ?, ?, ?, ? ) 
10:44:57,227 [main] DEBUG org.activiti.engine.impl.persistence.entity.JobEntity.insertTimer  - ==&gt; Parameters: 1698(String), null, null, true(Boolean), 1697(String), 1695(String), timerOnTask:1:1682(String), 3(Integer), null, null, 2023-03-20 13:44:57.0(Timestamp), null, timer-transition(String), {&quot;activityId&quot;:&quot;escalationTimer&quot;}(String), (String)
10:44:57,227 [main] DEBUG org.activiti.engine.impl.persistence.entity.JobEntity.insertTimer  - &lt;==    Updates: 1
10:44:57,227 [main] DEBUG org.activiti.engine.impl.cfg.standalone.StandaloneMybatisTransactionContext  - firing event committing...
10:44:57,227 [main] DEBUG org.activiti.engine.impl.cfg.standalone.StandaloneMybatisTransactionContext  - committing the ibatis sql session...
10:44:57,227 [main] DEBUG org.apache.ibatis.transaction.jdbc.JdbcTransaction  - Committing JDBC Connection [conn4: url=jdbc:h2:mem:activiti user=SA]
10:44:57,227 [main] DEBUG org.activiti.engine.impl.cfg.standalone.StandaloneMybatisTransactionContext  - firing event committed...
10:44:57,227 [main] DEBUG org.apache.ibatis.transaction.jdbc.JdbcTransaction  - Resetting autocommit to true on JDBC Connection [conn4: url=jdbc:h2:mem:activiti user=SA]
10:44:57,227 [main] DEBUG org.apache.ibatis.transaction.jdbc.JdbcTransaction  - Closing JDBC Connection [conn4: url=jdbc:h2:mem:activiti user=SA]
10:44:57,227 [main] DEBUG org.apache.ibatis.datasource.pooled.PooledDataSource  - Returned connection 297240765 to pool.
10:44:57,227 [main] DEBUG org.activiti.engine.impl.interceptor.LogInterceptor  - --- StartProcessInstanceCmd finished --------------------------------------------------------
10:44:57,227 [main] DEBUG org.activiti.engine.impl.interceptor.LogInterceptor  - 

10:44:57,227 [main] DEBUG org.activiti.engine.impl.interceptor.LogInterceptor  - 

10:44:57,227 [main] DEBUG org.activiti.engine.impl.interceptor.LogInterceptor  - --- starting  --------------------------------------------------------
10:44:57,227 [main] DEBUG org.activiti.engine.impl.db.DbSqlSession  -   insert JobEntity [id=1701]
10:44:57,227 [main] DEBUG org.activiti.engine.impl.db.DbSqlSession  - flush summary: 1 insert, 0 update, 0 delete.
10:44:57,227 [main] DEBUG org.activiti.engine.impl.db.DbSqlSession  - now executing flush...
10:44:57,227 [main] DEBUG org.activiti.engine.impl.db.DbSqlSession  - inserting: JobEntity [id=1701]
10:44:57,227 [main] DEBUG org.apache.ibatis.transaction.jdbc.JdbcTransaction  - Opening JDBC Connection
10:44:57,227 [main] DEBUG org.apache.ibatis.datasource.pooled.PooledDataSource  - Checked out connection 363509958 from pool.
10:44:57,227 [main] DEBUG org.apache.ibatis.transaction.jdbc.JdbcTransaction  - Setting autocommit to false on JDBC Connection [conn2: url=jdbc:h2:mem:activiti user=SA]
10:44:57,227 [main] DEBUG org.activiti.engine.impl.persistence.entity.JobEntity.insertMessage  - ==&gt;  Preparing: insert into ACT_RU_JOB ( ID_, REV_, TYPE_, LOCK_OWNER_, LOCK_EXP_TIME_, EXCLUSIVE_, EXECUTION_ID_, PROCESS_INSTANCE_ID_, PROC_DEF_ID_, DUEDATE_, RETRIES_, EXCEPTION_STACK_ID_, EXCEPTION_MSG_, HANDLER_TYPE_, HANDLER_CFG_, TENANT_ID_) values (?, 1, &apos;message&apos;, ?, ?, ?, ?, ?, ?, ?, ?, ?, ?, ?, ?, ? ) 
10:44:57,227 [main] DEBUG org.activiti.engine.impl.persistence.entity.JobEntity.insertMessage  - ==&gt; Parameters: 1701(String), null, null, true(Boolean), null, null, null, 2023-03-20 12:49:57.0(Timestamp), 3(Integer), null, null, null, null, (String)
10:44:57,227 [main] DEBUG org.activiti.engine.impl.persistence.entity.JobEntity.insertMessage  - &lt;==    Updates: 1
10:44:57,227 [main] DEBUG org.activiti.engine.impl.cfg.standalone.StandaloneMybatisTransactionContext  - firing event committing...
10:44:57,227 [main] DEBUG org.activiti.engine.impl.cfg.standalone.StandaloneMybatisTransactionContext  - committing the ibatis sql session...
10:44:57,227 [main] DEBUG org.apache.ibatis.transaction.jdbc.JdbcTransaction  - Committing JDBC Connection [conn2: url=jdbc:h2:mem:activiti user=SA]
10:44:57,227 [main] DEBUG org.activiti.engine.impl.cfg.standalone.StandaloneMybatisTransactionContext  - firing event committed...
10:44:57,227 [main] DEBUG org.activiti.engine.impl.jobexecutor.AsyncJobAddedNotification  - notifying job executor of new job
10:44:57,227 [main] DEBUG org.apache.ibatis.transaction.jdbc.JdbcTransaction  - Resetting autocommit to true on JDBC Connection [conn2: url=jdbc:h2:mem:activiti user=SA]
10:44:57,227 [main] DEBUG org.apache.ibatis.transaction.jdbc.JdbcTransaction  - Closing JDBC Connection [conn2: url=jdbc:h2:mem:activiti user=SA]
10:44:57,227 [main] DEBUG org.apache.ibatis.datasource.pooled.PooledDataSource  - Returned connection 363509958 to pool.
10:44:57,227 [main] DEBUG org.activiti.engine.impl.interceptor.LogInterceptor  - ---  finished --------------------------------------------------------
10:44:57,227 [main] DEBUG org.activiti.engine.impl.interceptor.LogInterceptor  - 

10:44:57,227 [main] DEBUG org.activiti.engine.impl.test.PvmTestCase  - 

10:44:57,227 [main] DEBUG org.activiti.engine.impl.test.PvmTestCase  - #### START JobQueryTest.testJobQueryWithExceptions ###########################################################
10:44:57,228 [main] DEBUG org.activiti.engine.impl.interceptor.LogInterceptor  - 

10:44:57,228 [main] DEBUG org.activiti.engine.impl.interceptor.LogInterceptor  - --- starting  --------------------------------------------------------
10:44:57,228 [main] DEBUG org.activiti.engine.impl.db.DbSqlSession  -   insert ByteArrayEntity[id=1702, name=stacktrace, size=2879]
10:44:57,228 [main] DEBUG org.activiti.engine.impl.db.DbSqlSession  -   insert JobEntity [id=1703]
10:44:57,228 [main] DEBUG org.activiti.engine.impl.db.DbSqlSession  - flush summary: 2 insert, 0 update, 0 delete.
10:44:57,228 [main] DEBUG org.activiti.engine.impl.db.DbSqlSession  - now executing flush...
10:44:57,228 [main] DEBUG org.activiti.engine.impl.db.DbSqlSession  - inserting: ByteArrayEntity[id=1702, name=stacktrace, size=2879]
10:44:57,228 [main] DEBUG org.apache.ibatis.transaction.jdbc.JdbcTransaction  - Opening JDBC Connection
10:44:57,228 [main] DEBUG org.apache.ibatis.datasource.pooled.PooledDataSource  - Checked out connection 180014677 from pool.
10:44:57,228 [main] DEBUG org.apache.ibatis.transaction.jdbc.JdbcTransaction  - Setting autocommit to false on JDBC Connection [conn3: url=jdbc:h2:mem:activiti user=SA]
10:44:57,228 [main] DEBUG org.activiti.engine.impl.persistence.entity.ByteArrayEntity.insertByteArray  - ==&gt;  Preparing: insert into ACT_GE_BYTEARRAY(ID_, REV_, NAME_, BYTES_, DEPLOYMENT_ID_) values ( ?, 1, ?, ?, ? ) 
10:44:57,228 [main] DEBUG org.activiti.engine.impl.persistence.entity.ByteArrayEntity.insertByteArray  - ==&gt; Parameters: 1702(String), stacktrace(String), java.io.ByteArrayInputStream@66fbc5e7(ByteArrayInputStream), null
10:44:57,228 [main] DEBUG org.activiti.engine.impl.persistence.entity.ByteArrayEntity.insertByteArray  - &lt;==    Updates: 1
10:44:57,228 [main] DEBUG org.activiti.engine.impl.db.DbSqlSession  - inserting: JobEntity [id=1703]
10:44:57,228 [main] DEBUG org.activiti.engine.impl.persistence.entity.JobEntity.insertTimer  - ==&gt;  Preparing: insert into ACT_RU_JOB ( ID_, REV_, TYPE_, LOCK_OWNER_, LOCK_EXP_TIME_, EXCLUSIVE_, EXECUTION_ID_, PROCESS_INSTANCE_ID_, PROC_DEF_ID_, RETRIES_, EXCEPTION_STACK_ID_, EXCEPTION_MSG_, DUEDATE_, REPEAT_, HANDLER_TYPE_, HANDLER_CFG_, TENANT_ID_) values (?, 1, &apos;timer&apos;, ?, ?, ?, ?, ?, ?, ?, ?, ?, ?, ?, ?, ?, ? ) 
10:44:57,229 [main] DEBUG org.activiti.engine.impl.persistence.entity.JobEntity.insertTimer  - ==&gt; Parameters: 1703(String), 6bc57de7-fb6c-4682-991d-95c29305557f(String), null, true(Boolean), null, null, null, 0(Integer), 1702(String), null, 2023-03-20 10:44:57.228(Timestamp), null, null, null, (String)
10:44:57,229 [main] DEBUG org.activiti.engine.impl.persistence.entity.JobEntity.insertTimer  - &lt;==    Updates: 1
10:44:57,229 [main] DEBUG org.activiti.engine.impl.cfg.standalone.StandaloneMybatisTransactionContext  - firing event committing...
10:44:57,229 [main] DEBUG org.activiti.engine.impl.cfg.standalone.StandaloneMybatisTransactionContext  - committing the ibatis sql session...
10:44:57,229 [main] DEBUG org.apache.ibatis.transaction.jdbc.JdbcTransaction  - Committing JDBC Connection [conn3: url=jdbc:h2:mem:activiti user=SA]
10:44:57,229 [main] DEBUG org.activiti.engine.impl.cfg.standalone.StandaloneMybatisTransactionContext  - firing event committed...
10:44:57,229 [main] DEBUG org.apache.ibatis.transaction.jdbc.JdbcTransaction  - Resetting autocommit to true on JDBC Connection [conn3: url=jdbc:h2:mem:activiti user=SA]
10:44:57,229 [main] DEBUG org.apache.ibatis.transaction.jdbc.JdbcTransaction  - Closing JDBC Connection [conn3: url=jdbc:h2:mem:activiti user=SA]
10:44:57,229 [main] DEBUG org.apache.ibatis.datasource.pooled.PooledDataSource  - Returned connection 180014677 to pool.
10:44:57,229 [main] DEBUG org.activiti.engine.impl.interceptor.LogInterceptor  - ---  finished --------------------------------------------------------
10:44:57,229 [main] DEBUG org.activiti.engine.impl.interceptor.LogInterceptor  - 

10:44:57,229 [main] DEBUG org.activiti.engine.impl.interceptor.LogInterceptor  - 

10:44:57,229 [main] DEBUG org.activiti.engine.impl.interceptor.LogInterceptor  - --- starting JobQueryImpl --------------------------------------------------------
10:44:57,229 [main] DEBUG org.apache.ibatis.transaction.jdbc.JdbcTransaction  - Opening JDBC Connection
10:44:57,229 [main] DEBUG org.apache.ibatis.datasource.pooled.PooledDataSource  - Checked out connection 297240765 from pool.
10:44:57,229 [main] DEBUG org.apache.ibatis.transaction.jdbc.JdbcTransaction  - Setting autocommit to false on JDBC Connection [conn4: url=jdbc:h2:mem:activiti user=SA]
10:44:57,229 [main] DEBUG org.activiti.engine.impl.persistence.entity.JobEntity.selectJobByQueryCriteria  - ==&gt;  Preparing: select RES.* from ACT_RU_JOB RES WHERE RES.ID_ = ? order by order by RES.ID_ asc LIMIT ? OFFSET ? 
10:44:57,229 [main] DEBUG org.activiti.engine.impl.interceptor.CommandContext  - Error while closing command context
org.apache.ibatis.exceptions.PersistenceException: 
### Error querying database.  Cause: org.h2.jdbc.JdbcSQLException: Syntax error in SQL statement &quot;SELECT RES.* 
     
    FROM ACT_RU_JOB RES
     
     WHERE RES.ID_ = ? 
   
     ORDER BY  ORDER[*] BY RES.ID_ ASC  
    LIMIT ? OFFSET ? &quot;; expected &quot;=, NOT, EXISTS, INTERSECTS, SELECT, FROM&quot;; SQL statement:
select RES.* 
     
    from ACT_RU_JOB RES
     
     WHERE RES.ID_ = ? 
   
     order by  order by RES.ID_ asc  
    LIMIT ? OFFSET ? [42001-176]
### The error may exist in org/activiti/db/mapping/entity/Job.xml
### The error may involve org.activiti.engine.impl.persistence.entity.JobEntity.selectJobByQueryCriteria
### The error occurred while executing a query
### SQL: select RES.*            from ACT_RU_JOB RES            WHERE RES.ID_ = ?           order by  order by RES.ID_ asc       LIMIT ? OFFSET ?
### Cause: org.h2.jdbc.JdbcSQLException: Syntax error in SQL statement &quot;SELECT RES.* 
     
    FROM ACT_RU_JOB RES
     
     WHERE RES.ID_ = ? 
   
     ORDER BY  ORDER[*] BY RES.ID_ ASC  
    LIMIT ? OFFSET ? &quot;; expected &quot;=, NOT, EXISTS, INTERSECTS, SELECT, FROM&quot;; SQL statement:
select RES.* 
     
    from ACT_RU_JOB RES
     
     WHERE RES.ID_ = ? 
   
     order by  order by RES.ID_ asc  
    LIMIT ? OFFSET ? [42001-176]
	at org.apache.ibatis.exceptions.ExceptionFactory.wrapException(ExceptionFactory.java:30)
	at org.apache.ibatis.session.defaults.DefaultSqlSession.selectList(DefaultSqlSession.java:122)
	at org.apache.ibatis.session.defaults.DefaultSqlSession.selectList(DefaultSqlSession.java:113)
	at org.activiti.engine.impl.db.DbSqlSession.selectListWithRawParameter(DbSqlSession.java:438)
	at org.activiti.engine.impl.db.DbSqlSession.selectList(DbSqlSession.java:429)
	at org.activiti.engine.impl.db.DbSqlSession.selectList(DbSqlSession.java:419)
	at org.activiti.engine.impl.persistence.entity.JobEntityManager.findJobsByQueryCriteria(JobEntityManager.java:198)
	at org.activiti.engine.impl.JobQueryImpl.executeList(JobQueryImpl.java:243)
	at org.activiti.engine.impl.AbstractQuery.executeSingleResult(AbstractQuery.java:183)
	at org.activiti.engine.impl.AbstractQuery.execute(AbstractQuery.java:166)
	at org.activiti.engine.impl.interceptor.CommandInvoker.execute(CommandInvoker.java:24)
	at org.activiti.engine.impl.interceptor.CommandContextInterceptor.execute(CommandContextInterceptor.java:57)
	at org.activiti.engine.impl.interceptor.LogInterceptor.execute(LogInterceptor.java:37)
	at org.activiti.engine.impl.cfg.CommandExecutorImpl.execute(CommandExecutorImpl.java:40)
	at org.activiti.engine.impl.cfg.CommandExecutorImpl.execute(CommandExecutorImpl.java:35)
	at org.activiti.engine.impl.AbstractQuery.singleResult(AbstractQuery.java:129)
	at org.activiti.engine.test.api.mgmt.JobQueryTest.testJobQueryWithExceptions(JobQueryTest.java:274)
	at sun.reflect.NativeMethodAccessorImpl.invoke0(Native Method)
	at sun.reflect.NativeMethodAccessorImpl.invoke(NativeMethodAccessorImpl.java:62)
	at sun.reflect.DelegatingMethodAccessorImpl.invoke(DelegatingMethodAccessorImpl.java:43)
	at java.lang.reflect.Method.invoke(Method.java:498)
	at junit.framework.TestCase.runTest(TestCase.java:176)
	at org.activiti.engine.impl.test.PvmTestCase.runTest(PvmTestCase.java:65)
	at junit.framework.TestCase.runBare(TestCase.java:141)
	at org.activiti.engine.impl.test.AbstractActivitiTestCase.runBare(AbstractActivitiTestCase.java:100)
	at junit.framework.TestResult$1.protect(TestResult.java:122)
	at junit.framework.TestResult.runProtected(TestResult.java:142)
	at junit.framework.TestResult.run(TestResult.java:125)
	at junit.framework.TestCase.run(TestCase.java:129)
	at junit.framework.TestSuite.runTest(TestSuite.java:255)
	at junit.framework.TestSuite.run(TestSuite.java:250)
	at org.junit.internal.runners.JUnit38ClassRunner.run(JUnit38ClassRunner.java:84)
	at org.apache.maven.surefire.junit4.JUnit4TestSet.execute(JUnit4TestSet.java:35)
	at org.apache.maven.surefire.junit4.JUnit4Provider.executeTestSet(JUnit4Provider.java:146)
	at org.apache.maven.surefire.junit4.JUnit4Provider.invoke(JUnit4Provider.java:97)
	at sun.reflect.NativeMethodAccessorImpl.invoke0(Native Method)
	at sun.reflect.NativeMethodAccessorImpl.invoke(NativeMethodAccessorImpl.java:62)
	at sun.reflect.DelegatingMethodAccessorImpl.invoke(DelegatingMethodAccessorImpl.java:43)
	at java.lang.reflect.Method.invoke(Method.java:498)
	at org.apache.maven.surefire.booter.ProviderFactory$ClassLoaderProxy.invoke(ProviderFactory.java:103)
	at com.sun.proxy.$Proxy0.invoke(Unknown Source)
	at org.apache.maven.surefire.booter.SurefireStarter.invokeProvider(SurefireStarter.java:145)
	at org.apache.maven.surefire.booter.SurefireStarter.runSuitesInProcess(SurefireStarter.java:87)
	at org.apache.maven.surefire.booter.ForkedBooter.main(ForkedBooter.java:69)
Caused by: org.h2.jdbc.JdbcSQLException: Syntax error in SQL statement &quot;SELECT RES.* 
     
    FROM ACT_RU_JOB RES
     
     WHERE RES.ID_ = ? 
   
     ORDER BY  ORDER[*] BY RES.ID_ ASC  
    LIMIT ? OFFSET ? &quot;; expected &quot;=, NOT, EXISTS, INTERSECTS, SELECT, FROM&quot;; SQL statement:
select RES.* 
     
    from ACT_RU_JOB RES
     
     WHERE RES.ID_ = ? 
   
     order by  order by RES.ID_ asc  
    LIMIT ? OFFSET ? [42001-176]
	at org.h2.message.DbException.getJdbcSQLException(DbException.java:344)
	at org.h2.message.DbException.getSyntaxError(DbException.java:204)
	at org.h2.command.Parser.getSyntaxError(Parser.java:524)
	at org.h2.command.Parser.readTerm(Parser.java:2688)
	at org.h2.command.Parser.readFactor(Parser.java:2244)
	at org.h2.command.Parser.readSum(Parser.java:2231)
	at org.h2.command.Parser.readConcat(Parser.java:2201)
	at org.h2.command.Parser.readCondition(Parser.java:2051)
	at org.h2.command.Parser.readAnd(Parser.java:2023)
	at org.h2.command.Parser.readExpression(Parser.java:2015)
	at org.h2.command.Parser.parseEndOfQuery(Parser.java:1726)
	at org.h2.command.Parser.parseSelectUnionExtension(Parser.java:1706)
	at org.h2.command.Parser.parseSelectUnion(Parser.java:1675)
	at org.h2.command.Parser.parseSelect(Parser.java:1662)
	at org.h2.command.Parser.parsePrepared(Parser.java:434)
	at org.h2.command.Parser.parse(Parser.java:306)
	at org.h2.command.Parser.parse(Parser.java:282)
	at org.h2.command.Parser.prepareCommand(Parser.java:243)
	at org.h2.engine.Session.prepareLocal(Session.java:442)
	at org.h2.engine.Session.prepareCommand(Session.java:384)
	at org.h2.jdbc.JdbcConnection.prepareCommand(JdbcConnection.java:1188)
	at org.h2.jdbc.JdbcPreparedStatement.&lt;init&gt;(JdbcPreparedStatement.java:73)
	at org.h2.jdbc.JdbcConnection.prepareStatement(JdbcConnection.java:276)
	at sun.reflect.GeneratedMethodAccessor6.invoke(Unknown Source)
	at sun.reflect.DelegatingMethodAccessorImpl.invoke(DelegatingMethodAccessorImpl.java:43)
	at java.lang.reflect.Method.invoke(Method.java:498)
	at org.apache.ibatis.datasource.pooled.PooledConnection.invoke(PooledConnection.java:245)
	at com.sun.proxy.$Proxy12.prepareStatement(Unknown Source)
	at sun.reflect.GeneratedMethodAccessor6.invoke(Unknown Source)
	at sun.reflect.DelegatingMethodAccessorImpl.invoke(DelegatingMethodAccessorImpl.java:43)
	at java.lang.reflect.Method.invoke(Method.java:498)
	at org.apache.ibatis.logging.jdbc.ConnectionLogger.invoke(ConnectionLogger.java:55)
	at com.sun.proxy.$Proxy12.prepareStatement(Unknown Source)
	at org.apache.ibatis.executor.statement.PreparedStatementHandler.instantiateStatement(PreparedStatementHandler.java:79)
	at org.apache.ibatis.executor.statement.BaseStatementHandler.prepare(BaseStatementHandler.java:88)
	at org.apache.ibatis.executor.statement.RoutingStatementHandler.prepare(RoutingStatementHandler.java:58)
	at org.apache.ibatis.executor.SimpleExecutor.prepareStatement(SimpleExecutor.java:76)
	at org.apache.ibatis.executor.SimpleExecutor.doQuery(SimpleExecutor.java:61)
	at org.apache.ibatis.executor.BaseExecutor.queryFromDatabase(BaseExecutor.java:303)
	at org.apache.ibatis.executor.BaseExecutor.query(BaseExecutor.java:154)
	at org.apache.ibatis.executor.CachingExecutor.query(CachingExecutor.java:102)
	at org.apache.ibatis.executor.CachingExecutor.query(CachingExecutor.java:82)
	at org.apache.ibatis.session.defaults.DefaultSqlSession.selectList(DefaultSqlSession.java:120)
	... 42 more
10:44:57,229 [main] DEBUG org.activiti.engine.impl.cfg.standalone.StandaloneMybatisTransactionContext  - firing event rolling back...
10:44:57,229 [main] DEBUG org.activiti.engine.impl.cfg.standalone.StandaloneMybatisTransactionContext  - rolling back ibatis sql session...
10:44:57,229 [main] DEBUG org.activiti.engine.impl.cfg.standalone.StandaloneMybatisTransactionContext  - firing event rolled back...
10:44:57,229 [main] DEBUG org.apache.ibatis.transaction.jdbc.JdbcTransaction  - Resetting autocommit to true on JDBC Connection [conn4: url=jdbc:h2:mem:activiti user=SA]
10:44:57,229 [main] DEBUG org.apache.ibatis.transaction.jdbc.JdbcTransaction  - Closing JDBC Connection [conn4: url=jdbc:h2:mem:activiti user=SA]
10:44:57,229 [main] DEBUG org.apache.ibatis.datasource.pooled.PooledDataSource  - Returned connection 297240765 to pool.
10:44:57,229 [main] DEBUG org.activiti.engine.impl.interceptor.LogInterceptor  - --- JobQueryImpl finished --------------------------------------------------------
10:44:57,229 [main] DEBUG org.activiti.engine.impl.interceptor.LogInterceptor  - 

10:44:57,229 [main] ERROR org.activiti.engine.impl.test.PvmTestCase  - 

10:44:57,229 [main] ERROR org.activiti.engine.impl.test.PvmTestCase  - EXCEPTION: org.apache.ibatis.exceptions.PersistenceException: 
### Error querying database.  Cause: org.h2.jdbc.JdbcSQLException: Syntax error in SQL statement &quot;SELECT RES.* 
     
    FROM ACT_RU_JOB RES
     
     WHERE RES.ID_ = ? 
   
     ORDER BY  ORDER[*] BY RES.ID_ ASC  
    LIMIT ? OFFSET ? &quot;; expected &quot;=, NOT, EXISTS, INTERSECTS, SELECT, FROM&quot;; SQL statement:
select RES.* 
     
    from ACT_RU_JOB RES
     
     WHERE RES.ID_ = ? 
   
     order by  order by RES.ID_ asc  
    LIMIT ? OFFSET ? [42001-176]
### The error may exist in org/activiti/db/mapping/entity/Job.xml
### The error may involve org.activiti.engine.impl.persistence.entity.JobEntity.selectJobByQueryCriteria
### The error occurred while executing a query
### SQL: select RES.*            from ACT_RU_JOB RES            WHERE RES.ID_ = ?           order by  order by RES.ID_ asc       LIMIT ? OFFSET ?
### Cause: org.h2.jdbc.JdbcSQLException: Syntax error in SQL statement &quot;SELECT RES.* 
     
    FROM ACT_RU_JOB RES
     
     WHERE RES.ID_ = ? 
   
     ORDER BY  ORDER[*] BY RES.ID_ ASC  
    LIMIT ? OFFSET ? &quot;; expected &quot;=, NOT, EXISTS, INTERSECTS, SELECT, FROM&quot;; SQL statement:
select RES.* 
     
    from ACT_RU_JOB RES
     
     WHERE RES.ID_ = ? 
   
     order by  order by RES.ID_ asc  
    LIMIT ? OFFSET ? [42001-176]
org.apache.ibatis.exceptions.PersistenceException: 
### Error querying database.  Cause: org.h2.jdbc.JdbcSQLException: Syntax error in SQL statement &quot;SELECT RES.* 
     
    FROM ACT_RU_JOB RES
     
     WHERE RES.ID_ = ? 
   
     ORDER BY  ORDER[*] BY RES.ID_ ASC  
    LIMIT ? OFFSET ? &quot;; expected &quot;=, NOT, EXISTS, INTERSECTS, SELECT, FROM&quot;; SQL statement:
select RES.* 
     
    from ACT_RU_JOB RES
     
     WHERE RES.ID_ = ? 
   
     order by  order by RES.ID_ asc  
    LIMIT ? OFFSET ? [42001-176]
### The error may exist in org/activiti/db/mapping/entity/Job.xml
### The error may involve org.activiti.engine.impl.persistence.entity.JobEntity.selectJobByQueryCriteria
### The error occurred while executing a query
### SQL: select RES.*            from ACT_RU_JOB RES            WHERE RES.ID_ = ?           order by  order by RES.ID_ asc       LIMIT ? OFFSET ?
### Cause: org.h2.jdbc.JdbcSQLException: Syntax error in SQL statement &quot;SELECT RES.* 
     
    FROM ACT_RU_JOB RES
     
     WHERE RES.ID_ = ? 
   
     ORDER BY  ORDER[*] BY RES.ID_ ASC  
    LIMIT ? OFFSET ? &quot;; expected &quot;=, NOT, EXISTS, INTERSECTS, SELECT, FROM&quot;; SQL statement:
select RES.* 
     
    from ACT_RU_JOB RES
     
     WHERE RES.ID_ = ? 
   
     order by  order by RES.ID_ asc  
    LIMIT ? OFFSET ? [42001-176]
	at org.apache.ibatis.exceptions.ExceptionFactory.wrapException(ExceptionFactory.java:30)
	at org.apache.ibatis.session.defaults.DefaultSqlSession.selectList(DefaultSqlSession.java:122)
	at org.apache.ibatis.session.defaults.DefaultSqlSession.selectList(DefaultSqlSession.java:113)
	at org.activiti.engine.impl.db.DbSqlSession.selectListWithRawParameter(DbSqlSession.java:438)
	at org.activiti.engine.impl.db.DbSqlSession.selectList(DbSqlSession.java:429)
	at org.activiti.engine.impl.db.DbSqlSession.selectList(DbSqlSession.java:419)
	at org.activiti.engine.impl.persistence.entity.JobEntityManager.findJobsByQueryCriteria(JobEntityManager.java:198)
	at org.activiti.engine.impl.JobQueryImpl.executeList(JobQueryImpl.java:243)
	at org.activiti.engine.impl.AbstractQuery.executeSingleResult(AbstractQuery.java:183)
	at org.activiti.engine.impl.AbstractQuery.execute(AbstractQuery.java:166)
	at org.activiti.engine.impl.interceptor.CommandInvoker.execute(CommandInvoker.java:24)
	at org.activiti.engine.impl.interceptor.CommandContextInterceptor.execute(CommandContextInterceptor.java:57)
	at org.activiti.engine.impl.interceptor.LogInterceptor.execute(LogInterceptor.java:37)
	at org.activiti.engine.impl.cfg.CommandExecutorImpl.execute(CommandExecutorImpl.java:40)
	at org.activiti.engine.impl.cfg.CommandExecutorImpl.execute(CommandExecutorImpl.java:35)
	at org.activiti.engine.impl.AbstractQuery.singleResult(AbstractQuery.java:129)
	at org.activiti.engine.test.api.mgmt.JobQueryTest.testJobQueryWithExceptions(JobQueryTest.java:274)
	at sun.reflect.NativeMethodAccessorImpl.invoke0(Native Method)
	at sun.reflect.NativeMethodAccessorImpl.invoke(NativeMethodAccessorImpl.java:62)
	at sun.reflect.DelegatingMethodAccessorImpl.invoke(DelegatingMethodAccessorImpl.java:43)
	at java.lang.reflect.Method.invoke(Method.java:498)
	at junit.framework.TestCase.runTest(TestCase.java:176)
	at org.activiti.engine.impl.test.PvmTestCase.runTest(PvmTestCase.java:65)
	at junit.framework.TestCase.runBare(TestCase.java:141)
	at org.activiti.engine.impl.test.AbstractActivitiTestCase.runBare(AbstractActivitiTestCase.java:100)
	at junit.framework.TestResult$1.protect(TestResult.java:122)
	at junit.framework.TestResult.runProtected(TestResult.java:142)
	at junit.framework.TestResult.run(TestResult.java:125)
	at junit.framework.TestCase.run(TestCase.java:129)
	at junit.framework.TestSuite.runTest(TestSuite.java:255)
	at junit.framework.TestSuite.run(TestSuite.java:250)
	at org.junit.internal.runners.JUnit38ClassRunner.run(JUnit38ClassRunner.java:84)
	at org.apache.maven.surefire.junit4.JUnit4TestSet.execute(JUnit4TestSet.java:35)
	at org.apache.maven.surefire.junit4.JUnit4Provider.executeTestSet(JUnit4Provider.java:146)
	at org.apache.maven.surefire.junit4.JUnit4Provider.invoke(JUnit4Provider.java:97)
	at sun.reflect.NativeMethodAccessorImpl.invoke0(Native Method)
	at sun.reflect.NativeMethodAccessorImpl.invoke(NativeMethodAccessorImpl.java:62)
	at sun.reflect.DelegatingMethodAccessorImpl.invoke(DelegatingMethodAccessorImpl.java:43)
	at java.lang.reflect.Method.invoke(Method.java:498)
	at org.apache.maven.surefire.booter.ProviderFactory$ClassLoaderProxy.invoke(ProviderFactory.java:103)
	at com.sun.proxy.$Proxy0.invoke(Unknown Source)
	at org.apache.maven.surefire.booter.SurefireStarter.invokeProvider(SurefireStarter.java:145)
	at org.apache.maven.surefire.booter.SurefireStarter.runSuitesInProcess(SurefireStarter.java:87)
	at org.apache.maven.surefire.booter.ForkedBooter.main(ForkedBooter.java:69)
Caused by: org.h2.jdbc.JdbcSQLException: Syntax error in SQL statement &quot;SELECT RES.* 
     
    FROM ACT_RU_JOB RES
     
     WHERE RES.ID_ = ? 
   
     ORDER BY  ORDER[*] BY RES.ID_ ASC  
    LIMIT ? OFFSET ? &quot;; expected &quot;=, NOT, EXISTS, INTERSECTS, SELECT, FROM&quot;; SQL statement:
select RES.* 
     
    from ACT_RU_JOB RES
     
     WHERE RES.ID_ = ? 
   
     order by  order by RES.ID_ asc  
    LIMIT ? OFFSET ? [42001-176]
	at org.h2.message.DbException.getJdbcSQLException(DbException.java:344)
	at org.h2.message.DbException.getSyntaxError(DbException.java:204)
	at org.h2.command.Parser.getSyntaxError(Parser.java:524)
	at org.h2.command.Parser.readTerm(Parser.java:2688)
	at org.h2.command.Parser.readFactor(Parser.java:2244)
	at org.h2.command.Parser.readSum(Parser.java:2231)
	at org.h2.command.Parser.readConcat(Parser.java:2201)
	at org.h2.command.Parser.readCondition(Parser.java:2051)
	at org.h2.command.Parser.readAnd(Parser.java:2023)
	at org.h2.command.Parser.readExpression(Parser.java:2015)
	at org.h2.command.Parser.parseEndOfQuery(Parser.java:1726)
	at org.h2.command.Parser.parseSelectUnionExtension(Parser.java:1706)
	at org.h2.command.Parser.parseSelectUnion(Parser.java:1675)
	at org.h2.command.Parser.parseSelect(Parser.java:1662)
	at org.h2.command.Parser.parsePrepared(Parser.java:434)
	at org.h2.command.Parser.parse(Parser.java:306)
	at org.h2.command.Parser.parse(Parser.java:282)
	at org.h2.command.Parser.prepareCommand(Parser.java:243)
	at org.h2.engine.Session.prepareLocal(Session.java:442)
	at org.h2.engine.Session.prepareCommand(Session.java:384)
	at org.h2.jdbc.JdbcConnection.prepareCommand(JdbcConnection.java:1188)
	at org.h2.jdbc.JdbcPreparedStatement.&lt;init&gt;(JdbcPreparedStatement.java:73)
	at org.h2.jdbc.JdbcConnection.prepareStatement(JdbcConnection.java:276)
	at sun.reflect.GeneratedMethodAccessor6.invoke(Unknown Source)
	at sun.reflect.DelegatingMethodAccessorImpl.invoke(DelegatingMethodAccessorImpl.java:43)
	at java.lang.reflect.Method.invoke(Method.java:498)
	at org.apache.ibatis.datasource.pooled.PooledConnection.invoke(PooledConnection.java:245)
	at com.sun.proxy.$Proxy12.prepareStatement(Unknown Source)
	at sun.reflect.GeneratedMethodAccessor6.invoke(Unknown Source)
	at sun.reflect.DelegatingMethodAccessorImpl.invoke(DelegatingMethodAccessorImpl.java:43)
	at java.lang.reflect.Method.invoke(Method.java:498)
	at org.apache.ibatis.logging.jdbc.ConnectionLogger.invoke(ConnectionLogger.java:55)
	at com.sun.proxy.$Proxy12.prepareStatement(Unknown Source)
	at org.apache.ibatis.executor.statement.PreparedStatementHandler.instantiateStatement(PreparedStatementHandler.java:79)
	at org.apache.ibatis.executor.statement.BaseStatementHandler.prepare(BaseStatementHandler.java:88)
	at org.apache.ibatis.executor.statement.RoutingStatementHandler.prepare(RoutingStatementHandler.java:58)
	at org.apache.ibatis.executor.SimpleExecutor.prepareStatement(SimpleExecutor.java:76)
	at org.apache.ibatis.executor.SimpleExecutor.doQuery(SimpleExecutor.java:61)
	at org.apache.ibatis.executor.BaseExecutor.queryFromDatabase(BaseExecutor.java:303)
	at org.apache.ibatis.executor.BaseExecutor.query(BaseExecutor.java:154)
	at org.apache.ibatis.executor.CachingExecutor.query(CachingExecutor.java:102)
	at org.apache.ibatis.executor.CachingExecutor.query(CachingExecutor.java:82)
	at org.apache.ibatis.session.defaults.DefaultSqlSession.selectList(DefaultSqlSession.java:120)
	... 42 more
10:44:57,229 [main] DEBUG org.activiti.engine.impl.test.PvmTestCase  - #### END JobQueryTest.testJobQueryWithExceptions #############################################################
10:44:57,229 [main] DEBUG org.activiti.engine.impl.interceptor.LogInterceptor  - 

10:44:57,229 [main] DEBUG org.activiti.engine.impl.interceptor.LogInterceptor  - --- starting DeleteDeploymentCmd --------------------------------------------------------
10:44:57,229 [main] DEBUG org.apache.ibatis.transaction.jdbc.JdbcTransaction  - Opening JDBC Connection
10:44:57,229 [main] DEBUG org.apache.ibatis.datasource.pooled.PooledDataSource  - Checked out connection 363509958 from pool.
10:44:57,229 [main] DEBUG org.apache.ibatis.transaction.jdbc.JdbcTransaction  - Setting autocommit to false on JDBC Connection [conn2: url=jdbc:h2:mem:activiti user=SA]
10:44:57,229 [main] DEBUG org.activiti.engine.impl.persistence.entity.DeploymentEntity.selectDeploymentById  - ==&gt;  Preparing: select * from ACT_RE_DEPLOYMENT where ID_ = ? 
10:44:57,229 [main] DEBUG org.activiti.engine.impl.persistence.entity.DeploymentEntity.selectDeploymentById  - ==&gt; Parameters: 1680(String)
10:44:57,229 [main] DEBUG org.activiti.engine.impl.persistence.entity.DeploymentEntity.selectDeploymentById  - &lt;==      Total: 1
10:44:57,229 [main] DEBUG org.activiti.engine.impl.persistence.entity.ProcessDefinitionEntity.selectProcessDefinitionsByQueryCriteria  - ==&gt;  Preparing: select RES.* from ACT_RE_PROCDEF RES WHERE RES.DEPLOYMENT_ID_ = ? order by order by RES.ID_ asc LIMIT ? OFFSET ? 
10:44:57,229 [main] DEBUG org.activiti.engine.impl.interceptor.CommandContext  - Error while closing command context
org.apache.ibatis.exceptions.PersistenceException: 
### Error querying database.  Cause: org.h2.jdbc.JdbcSQLException: Syntax error in SQL statement &quot;SELECT RES.* 
       
    FROM ACT_RE_PROCDEF RES
     
     WHERE  RES.DEPLOYMENT_ID_ = ? 
   
     ORDER BY  ORDER[*] BY RES.ID_ ASC  
    LIMIT ? OFFSET ? &quot;; expected &quot;=, NOT, EXISTS, INTERSECTS, SELECT, FROM&quot;; SQL statement:
select RES.* 
       
    from ACT_RE_PROCDEF RES
     
     WHERE  RES.DEPLOYMENT_ID_ = ? 
   
     order by  order by RES.ID_ asc  
    LIMIT ? OFFSET ? [42001-176]
### The error may exist in org/activiti/db/mapping/entity/ProcessDefinition.xml
### The error may involve org.activiti.engine.impl.persistence.entity.ProcessDefinitionEntity.selectProcessDefinitionsByQueryCriteria
### The error occurred while executing a query
### SQL: select RES.*              from ACT_RE_PROCDEF RES            WHERE  RES.DEPLOYMENT_ID_ = ?           order by  order by RES.ID_ asc       LIMIT ? OFFSET ?
### Cause: org.h2.jdbc.JdbcSQLException: Syntax error in SQL statement &quot;SELECT RES.* 
       
    FROM ACT_RE_PROCDEF RES
     
     WHERE  RES.DEPLOYMENT_ID_ = ? 
   
     ORDER BY  ORDER[*] BY RES.ID_ ASC  
    LIMIT ? OFFSET ? &quot;; expected &quot;=, NOT, EXISTS, INTERSECTS, SELECT, FROM&quot;; SQL statement:
select RES.* 
       
    from ACT_RE_PROCDEF RES
     
     WHERE  RES.DEPLOYMENT_ID_ = ? 
   
     order by  order by RES.ID_ asc  
    LIMIT ? OFFSET ? [42001-176]
	at org.apache.ibatis.exceptions.ExceptionFactory.wrapException(ExceptionFactory.java:30)
	at org.apache.ibatis.session.defaults.DefaultSqlSession.selectList(DefaultSqlSession.java:122)
	at org.apache.ibatis.session.defaults.DefaultSqlSession.selectList(DefaultSqlSession.java:113)
	at org.activiti.engine.impl.db.DbSqlSession.selectListWithRawParameter(DbSqlSession.java:438)
	at org.activiti.engine.impl.db.DbSqlSession.selectList(DbSqlSession.java:429)
	at org.activiti.engine.impl.db.DbSqlSession.selectList(DbSqlSession.java:419)
	at org.activiti.engine.impl.persistence.entity.ProcessDefinitionEntityManager.findProcessDefinitionsByQueryCriteria(ProcessDefinitionEntityManager.java:57)
	at org.activiti.engine.impl.ProcessDefinitionQueryImpl.executeList(ProcessDefinitionQueryImpl.java:307)
	at org.activiti.engine.impl.AbstractQuery.list(AbstractQuery.java:140)
	at org.activiti.engine.impl.persistence.deploy.DeploymentManager.removeDeployment(DeploymentManager.java:187)
	at org.activiti.engine.impl.cmd.DeleteDeploymentCmd.execute(DeleteDeploymentCmd.java:44)
	at org.activiti.engine.impl.cmd.DeleteDeploymentCmd.execute(DeleteDeploymentCmd.java:24)
	at org.activiti.engine.impl.interceptor.CommandInvoker.execute(CommandInvoker.java:24)
	at org.activiti.engine.impl.interceptor.CommandContextInterceptor.execute(CommandContextInterceptor.java:57)
	at org.activiti.engine.impl.interceptor.LogInterceptor.execute(LogInterceptor.java:37)
	at org.activiti.engine.impl.cfg.CommandExecutorImpl.execute(CommandExecutorImpl.java:40)
	at org.activiti.engine.impl.cfg.CommandExecutorImpl.execute(CommandExecutorImpl.java:35)
	at org.activiti.engine.impl.RepositoryServiceImpl.deleteDeployment(RepositoryServiceImpl.java:90)
	at org.activiti.engine.test.api.mgmt.JobQueryTest.tearDown(JobQueryTest.java:116)
	at junit.framework.TestCase.runBare(TestCase.java:146)
	at org.activiti.engine.impl.test.AbstractActivitiTestCase.runBare(AbstractActivitiTestCase.java:100)
	at junit.framework.TestResult$1.protect(TestResult.java:122)
	at junit.framework.TestResult.runProtected(TestResult.java:142)
	at junit.framework.TestResult.run(TestResult.java:125)
	at junit.framework.TestCase.run(TestCase.java:129)
	at junit.framework.TestSuite.runTest(TestSuite.java:255)
	at junit.framework.TestSuite.run(TestSuite.java:250)
	at org.junit.internal.runners.JUnit38ClassRunner.run(JUnit38ClassRunner.java:84)
	at org.apache.maven.surefire.junit4.JUnit4TestSet.execute(JUnit4TestSet.java:35)
	at org.apache.maven.surefire.junit4.JUnit4Provider.executeTestSet(JUnit4Provider.java:146)
	at org.apache.maven.surefire.junit4.JUnit4Provider.invoke(JUnit4Provider.java:97)
	at sun.reflect.NativeMethodAccessorImpl.invoke0(Native Method)
	at sun.reflect.NativeMethodAccessorImpl.invoke(NativeMethodAccessorImpl.java:62)
	at sun.reflect.DelegatingMethodAccessorImpl.invoke(DelegatingMethodAccessorImpl.java:43)
	at java.lang.reflect.Method.invoke(Method.java:498)
	at org.apache.maven.surefire.booter.ProviderFactory$ClassLoaderProxy.invoke(ProviderFactory.java:103)
	at com.sun.proxy.$Proxy0.invoke(Unknown Source)
	at org.apache.maven.surefire.booter.SurefireStarter.invokeProvider(SurefireStarter.java:145)
	at org.apache.maven.surefire.booter.SurefireStarter.runSuitesInProcess(SurefireStarter.java:87)
	at org.apache.maven.surefire.booter.ForkedBooter.main(ForkedBooter.java:69)
Caused by: org.h2.jdbc.JdbcSQLException: Syntax error in SQL statement &quot;SELECT RES.* 
       
    FROM ACT_RE_PROCDEF RES
     
     WHERE  RES.DEPLOYMENT_ID_ = ? 
   
     ORDER BY  ORDER[*] BY RES.ID_ ASC  
    LIMIT ? OFFSET ? &quot;; expected &quot;=, NOT, EXISTS, INTERSECTS, SELECT, FROM&quot;; SQL statement:
select RES.* 
       
    from ACT_RE_PROCDEF RES
     
     WHERE  RES.DEPLOYMENT_ID_ = ? 
   
     order by  order by RES.ID_ asc  
    LIMIT ? OFFSET ? [42001-176]
	at org.h2.message.DbException.getJdbcSQLException(DbException.java:344)
	at org.h2.message.DbException.getSyntaxError(DbException.java:204)
	at org.h2.command.Parser.getSyntaxError(Parser.java:524)
	at org.h2.command.Parser.readTerm(Parser.java:2688)
	at org.h2.command.Parser.readFactor(Parser.java:2244)
	at org.h2.command.Parser.readSum(Parser.java:2231)
	at org.h2.command.Parser.readConcat(Parser.java:2201)
	at org.h2.command.Parser.readCondition(Parser.java:2051)
	at org.h2.command.Parser.readAnd(Parser.java:2023)
	at org.h2.command.Parser.readExpression(Parser.java:2015)
	at org.h2.command.Parser.parseEndOfQuery(Parser.java:1726)
	at org.h2.command.Parser.parseSelectUnionExtension(Parser.java:1706)
	at org.h2.command.Parser.parseSelectUnion(Parser.java:1675)
	at org.h2.command.Parser.parseSelect(Parser.java:1662)
	at org.h2.command.Parser.parsePrepared(Parser.java:434)
	at org.h2.command.Parser.parse(Parser.java:306)
	at org.h2.command.Parser.parse(Parser.java:282)
	at org.h2.command.Parser.prepareCommand(Parser.java:243)
	at org.h2.engine.Session.prepareLocal(Session.java:442)
	at org.h2.engine.Session.prepareCommand(Session.java:384)
	at org.h2.jdbc.JdbcConnection.prepareCommand(JdbcConnection.java:1188)
	at org.h2.jdbc.JdbcPreparedStatement.&lt;init&gt;(JdbcPreparedStatement.java:73)
	at org.h2.jdbc.JdbcConnection.prepareStatement(JdbcConnection.java:276)
	at sun.reflect.GeneratedMethodAccessor6.invoke(Unknown Source)
	at sun.reflect.DelegatingMethodAccessorImpl.invoke(DelegatingMethodAccessorImpl.java:43)
	at java.lang.reflect.Method.invoke(Method.java:498)
	at org.apache.ibatis.datasource.pooled.PooledConnection.invoke(PooledConnection.java:245)
	at com.sun.proxy.$Proxy12.prepareStatement(Unknown Source)
	at sun.reflect.GeneratedMethodAccessor6.invoke(Unknown Source)
	at sun.reflect.DelegatingMethodAccessorImpl.invoke(DelegatingMethodAccessorImpl.java:43)
	at java.lang.reflect.Method.invoke(Method.java:498)
	at org.apache.ibatis.logging.jdbc.ConnectionLogger.invoke(ConnectionLogger.java:55)
	at com.sun.proxy.$Proxy12.prepareStatement(Unknown Source)
	at org.apache.ibatis.executor.statement.PreparedStatementHandler.instantiateStatement(PreparedStatementHandler.java:79)
	at org.apache.ibatis.executor.statement.BaseStatementHandler.prepare(BaseStatementHandler.java:88)
	at org.apache.ibatis.executor.statement.RoutingStatementHandler.prepare(RoutingStatementHandler.java:58)
	at org.apache.ibatis.executor.SimpleExecutor.prepareStatement(SimpleExecutor.java:76)
	at org.apache.ibatis.executor.SimpleExecutor.doQuery(SimpleExecutor.java:61)
	at org.apache.ibatis.executor.BaseExecutor.queryFromDatabase(BaseExecutor.java:303)
	at org.apache.ibatis.executor.BaseExecutor.query(BaseExecutor.java:154)
	at org.apache.ibatis.executor.CachingExecutor.query(CachingExecutor.java:102)
	at org.apache.ibatis.executor.CachingExecutor.query(CachingExecutor.java:82)
	at org.apache.ibatis.session.defaults.DefaultSqlSession.selectList(DefaultSqlSession.java:120)
	... 38 more
10:44:57,230 [main] DEBUG org.activiti.engine.impl.cfg.standalone.StandaloneMybatisTransactionContext  - firing event rolling back...
10:44:57,230 [main] DEBUG org.activiti.engine.impl.cfg.standalone.StandaloneMybatisTransactionContext  - rolling back ibatis sql session...
10:44:57,230 [main] DEBUG org.activiti.engine.impl.cfg.standalone.StandaloneMybatisTransactionContext  - firing event rolled back...
10:44:57,230 [main] DEBUG org.apache.ibatis.transaction.jdbc.JdbcTransaction  - Resetting autocommit to true on JDBC Connection [conn2: url=jdbc:h2:mem:activiti user=SA]
10:44:57,230 [main] DEBUG org.apache.ibatis.transaction.jdbc.JdbcTransaction  - Closing JDBC Connection [conn2: url=jdbc:h2:mem:activiti user=SA]
10:44:57,230 [main] DEBUG org.apache.ibatis.datasource.pooled.PooledDataSource  - Returned connection 363509958 to pool.
10:44:57,230 [main] DEBUG org.activiti.engine.impl.interceptor.LogInterceptor  - --- DeleteDeploymentCmd finished --------------------------------------------------------
10:44:57,230 [main] DEBUG org.activiti.engine.impl.interceptor.LogInterceptor  - 

10:44:57,230 [main] ERROR org.activiti.engine.impl.test.PvmTestCase  - 

10:44:57,230 [main] ERROR org.activiti.engine.impl.test.PvmTestCase  - EXCEPTION: org.apache.ibatis.exceptions.PersistenceException: 
### Error querying database.  Cause: org.h2.jdbc.JdbcSQLException: Syntax error in SQL statement &quot;SELECT RES.* 
     
    FROM ACT_RU_JOB RES
     
     WHERE RES.ID_ = ? 
   
     ORDER BY  ORDER[*] BY RES.ID_ ASC  
    LIMIT ? OFFSET ? &quot;; expected &quot;=, NOT, EXISTS, INTERSECTS, SELECT, FROM&quot;; SQL statement:
select RES.* 
     
    from ACT_RU_JOB RES
     
     WHERE RES.ID_ = ? 
   
     order by  order by RES.ID_ asc  
    LIMIT ? OFFSET ? [42001-176]
### The error may exist in org/activiti/db/mapping/entity/Job.xml
### The error may involve org.activiti.engine.impl.persistence.entity.JobEntity.selectJobByQueryCriteria
### The error occurred while executing a query
### SQL: select RES.*            from ACT_RU_JOB RES            WHERE RES.ID_ = ?           order by  order by RES.ID_ asc       LIMIT ? OFFSET ?
### Cause: org.h2.jdbc.JdbcSQLException: Syntax error in SQL statement &quot;SELECT RES.* 
     
    FROM ACT_RU_JOB RES
     
     WHERE RES.ID_ = ? 
   
     ORDER BY  ORDER[*] BY RES.ID_ ASC  
    LIMIT ? OFFSET ? &quot;; expected &quot;=, NOT, EXISTS, INTERSECTS, SELECT, FROM&quot;; SQL statement:
select RES.* 
     
    from ACT_RU_JOB RES
     
     WHERE RES.ID_ = ? 
   
     order by  order by RES.ID_ asc  
    LIMIT ? OFFSET ? [42001-176]
org.apache.ibatis.exceptions.PersistenceException: 
### Error querying database.  Cause: org.h2.jdbc.JdbcSQLException: Syntax error in SQL statement &quot;SELECT RES.* 
     
    FROM ACT_RU_JOB RES
     
     WHERE RES.ID_ = ? 
   
     ORDER BY  ORDER[*] BY RES.ID_ ASC  
    LIMIT ? OFFSET ? &quot;; expected &quot;=, NOT, EXISTS, INTERSECTS, SELECT, FROM&quot;; SQL statement:
select RES.* 
     
    from ACT_RU_JOB RES
     
     WHERE RES.ID_ = ? 
   
     order by  order by RES.ID_ asc  
    LIMIT ? OFFSET ? [42001-176]
### The error may exist in org/activiti/db/mapping/entity/Job.xml
### The error may involve org.activiti.engine.impl.persistence.entity.JobEntity.selectJobByQueryCriteria
### The error occurred while executing a query
### SQL: select RES.*            from ACT_RU_JOB RES            WHERE RES.ID_ = ?           order by  order by RES.ID_ asc       LIMIT ? OFFSET ?
### Cause: org.h2.jdbc.JdbcSQLException: Syntax error in SQL statement &quot;SELECT RES.* 
     
    FROM ACT_RU_JOB RES
     
     WHERE RES.ID_ = ? 
   
     ORDER BY  ORDER[*] BY RES.ID_ ASC  
    LIMIT ? OFFSET ? &quot;; expected &quot;=, NOT, EXISTS, INTERSECTS, SELECT, FROM&quot;; SQL statement:
select RES.* 
     
    from ACT_RU_JOB RES
     
     WHERE RES.ID_ = ? 
   
     order by  order by RES.ID_ asc  
    LIMIT ? OFFSET ? [42001-176]
	at org.apache.ibatis.exceptions.ExceptionFactory.wrapException(ExceptionFactory.java:30)
	at org.apache.ibatis.session.defaults.DefaultSqlSession.selectList(DefaultSqlSession.java:122)
	at org.apache.ibatis.session.defaults.DefaultSqlSession.selectList(DefaultSqlSession.java:113)
	at org.activiti.engine.impl.db.DbSqlSession.selectListWithRawParameter(DbSqlSession.java:438)
	at org.activiti.engine.impl.db.DbSqlSession.selectList(DbSqlSession.java:429)
	at org.activiti.engine.impl.db.DbSqlSession.selectList(DbSqlSession.java:419)
	at org.activiti.engine.impl.persistence.entity.JobEntityManager.findJobsByQueryCriteria(JobEntityManager.java:198)
	at org.activiti.engine.impl.JobQueryImpl.executeList(JobQueryImpl.java:243)
	at org.activiti.engine.impl.AbstractQuery.executeSingleResult(AbstractQuery.java:183)
	at org.activiti.engine.impl.AbstractQuery.execute(AbstractQuery.java:166)
	at org.activiti.engine.impl.interceptor.CommandInvoker.execute(CommandInvoker.java:24)
	at org.activiti.engine.impl.interceptor.CommandContextInterceptor.execute(CommandContextInterceptor.java:57)
	at org.activiti.engine.impl.interceptor.LogInterceptor.execute(LogInterceptor.java:37)
	at org.activiti.engine.impl.cfg.CommandExecutorImpl.execute(CommandExecutorImpl.java:40)
	at org.activiti.engine.impl.cfg.CommandExecutorImpl.execute(CommandExecutorImpl.java:35)
	at org.activiti.engine.impl.AbstractQuery.singleResult(AbstractQuery.java:129)
	at org.activiti.engine.test.api.mgmt.JobQueryTest.testJobQueryWithExceptions(JobQueryTest.java:274)
	at sun.reflect.NativeMethodAccessorImpl.invoke0(Native Method)
	at sun.reflect.NativeMethodAccessorImpl.invoke(NativeMethodAccessorImpl.java:62)
	at sun.reflect.DelegatingMethodAccessorImpl.invoke(DelegatingMethodAccessorImpl.java:43)
	at java.lang.reflect.Method.invoke(Method.java:498)
	at junit.framework.TestCase.runTest(TestCase.java:176)
	at org.activiti.engine.impl.test.PvmTestCase.runTest(PvmTestCase.java:65)
	at junit.framework.TestCase.runBare(TestCase.java:141)
	at org.activiti.engine.impl.test.AbstractActivitiTestCase.runBare(AbstractActivitiTestCase.java:100)
	at junit.framework.TestResult$1.protect(TestResult.java:122)
	at junit.framework.TestResult.runProtected(TestResult.java:142)
	at junit.framework.TestResult.run(TestResult.java:125)
	at junit.framework.TestCase.run(TestCase.java:129)
	at junit.framework.TestSuite.runTest(TestSuite.java:255)
	at junit.framework.TestSuite.run(TestSuite.java:250)
	at org.junit.internal.runners.JUnit38ClassRunner.run(JUnit38ClassRunner.java:84)
	at org.apache.maven.surefire.junit4.JUnit4TestSet.execute(JUnit4TestSet.java:35)
	at org.apache.maven.surefire.junit4.JUnit4Provider.executeTestSet(JUnit4Provider.java:146)
	at org.apache.maven.surefire.junit4.JUnit4Provider.invoke(JUnit4Provider.java:97)
	at sun.reflect.NativeMethodAccessorImpl.invoke0(Native Method)
	at sun.reflect.NativeMethodAccessorImpl.invoke(NativeMethodAccessorImpl.java:62)
	at sun.reflect.DelegatingMethodAccessorImpl.invoke(DelegatingMethodAccessorImpl.java:43)
	at java.lang.reflect.Method.invoke(Method.java:498)
	at org.apache.maven.surefire.booter.ProviderFactory$ClassLoaderProxy.invoke(ProviderFactory.java:103)
	at com.sun.proxy.$Proxy0.invoke(Unknown Source)
	at org.apache.maven.surefire.booter.SurefireStarter.invokeProvider(SurefireStarter.java:145)
	at org.apache.maven.surefire.booter.SurefireStarter.runSuitesInProcess(SurefireStarter.java:87)
	at org.apache.maven.surefire.booter.ForkedBooter.main(ForkedBooter.java:69)
Caused by: org.h2.jdbc.JdbcSQLException: Syntax error in SQL statement &quot;SELECT RES.* 
     
    FROM ACT_RU_JOB RES
     
     WHERE RES.ID_ = ? 
   
     ORDER BY  ORDER[*] BY RES.ID_ ASC  
    LIMIT ? OFFSET ? &quot;; expected &quot;=, NOT, EXISTS, INTERSECTS, SELECT, FROM&quot;; SQL statement:
select RES.* 
     
    from ACT_RU_JOB RES
     
     WHERE RES.ID_ = ? 
   
     order by  order by RES.ID_ asc  
    LIMIT ? OFFSET ? [42001-176]
	at org.h2.message.DbException.getJdbcSQLException(DbException.java:344)
	at org.h2.message.DbException.getSyntaxError(DbException.java:204)
	at org.h2.command.Parser.getSyntaxError(Parser.java:524)
	at org.h2.command.Parser.readTerm(Parser.java:2688)
	at org.h2.command.Parser.readFactor(Parser.java:2244)
	at org.h2.command.Parser.readSum(Parser.java:2231)
	at org.h2.command.Parser.readConcat(Parser.java:2201)
	at org.h2.command.Parser.readCondition(Parser.java:2051)
	at org.h2.command.Parser.readAnd(Parser.java:2023)
	at org.h2.command.Parser.readExpression(Parser.java:2015)
	at org.h2.command.Parser.parseEndOfQuery(Parser.java:1726)
	at org.h2.command.Parser.parseSelectUnionExtension(Parser.java:1706)
	at org.h2.command.Parser.parseSelectUnion(Parser.java:1675)
	at org.h2.command.Parser.parseSelect(Parser.java:1662)
	at org.h2.command.Parser.parsePrepared(Parser.java:434)
	at org.h2.command.Parser.parse(Parser.java:306)
	at org.h2.command.Parser.parse(Parser.java:282)
	at org.h2.command.Parser.prepareCommand(Parser.java:243)
	at org.h2.engine.Session.prepareLocal(Session.java:442)
	at org.h2.engine.Session.prepareCommand(Session.java:384)
	at org.h2.jdbc.JdbcConnection.prepareCommand(JdbcConnection.java:1188)
	at org.h2.jdbc.JdbcPreparedStatement.&lt;init&gt;(JdbcPreparedStatement.java:73)
	at org.h2.jdbc.JdbcConnection.prepareStatement(JdbcConnection.java:276)
	at sun.reflect.GeneratedMethodAccessor6.invoke(Unknown Source)
	at sun.reflect.DelegatingMethodAccessorImpl.invoke(DelegatingMethodAccessorImpl.java:43)
	at java.lang.reflect.Method.invoke(Method.java:498)
	at org.apache.ibatis.datasource.pooled.PooledConnection.invoke(PooledConnection.java:245)
	at com.sun.proxy.$Proxy12.prepareStatement(Unknown Source)
	at sun.reflect.GeneratedMethodAccessor6.invoke(Unknown Source)
	at sun.reflect.DelegatingMethodAccessorImpl.invoke(DelegatingMethodAccessorImpl.java:43)
	at java.lang.reflect.Method.invoke(Method.java:498)
	at org.apache.ibatis.logging.jdbc.ConnectionLogger.invoke(ConnectionLogger.java:55)
	at com.sun.proxy.$Proxy12.prepareStatement(Unknown Source)
	at org.apache.ibatis.executor.statement.PreparedStatementHandler.instantiateStatement(PreparedStatementHandler.java:79)
	at org.apache.ibatis.executor.statement.BaseStatementHandler.prepare(BaseStatementHandler.java:88)
	at org.apache.ibatis.executor.statement.RoutingStatementHandler.prepare(RoutingStatementHandler.java:58)
	at org.apache.ibatis.executor.SimpleExecutor.prepareStatement(SimpleExecutor.java:76)
	at org.apache.ibatis.executor.SimpleExecutor.doQuery(SimpleExecutor.java:61)
	at org.apache.ibatis.executor.BaseExecutor.queryFromDatabase(BaseExecutor.java:303)
	at org.apache.ibatis.executor.BaseExecutor.query(BaseExecutor.java:154)
	at org.apache.ibatis.executor.CachingExecutor.query(CachingExecutor.java:102)
	at org.apache.ibatis.executor.CachingExecutor.query(CachingExecutor.java:82)
	at org.apache.ibatis.session.defaults.DefaultSqlSession.selectList(DefaultSqlSession.java:120)
	... 42 more
10:44:57,230 [main] DEBUG org.activiti.engine.impl.test.PvmTestCase  - verifying that db is clean after test
10:44:57,230 [main] DEBUG org.activiti.engine.impl.interceptor.LogInterceptor  - 

10:44:57,230 [main] DEBUG org.activiti.engine.impl.interceptor.LogInterceptor  - --- starting GetTableCountCmd --------------------------------------------------------
10:44:57,230 [main] DEBUG org.apache.ibatis.transaction.jdbc.JdbcTransaction  - Opening JDBC Connection
10:44:57,230 [main] DEBUG org.apache.ibatis.datasource.pooled.PooledDataSource  - Checked out connection 180014677 from pool.
10:44:57,230 [main] DEBUG org.apache.ibatis.transaction.jdbc.JdbcTransaction  - Setting autocommit to false on JDBC Connection [conn3: url=jdbc:h2:mem:activiti user=SA]
10:44:57,230 [main] DEBUG org.activiti.engine.impl.persistence.entity.TableDataManager  - retrieving activiti tables from jdbc metadata
10:44:57,230 [main] DEBUG org.activiti.engine.impl.persistence.entity.TableDataManager  -   retrieved activiti table name ACT_EVT_LOG
10:44:57,230 [main] DEBUG org.activiti.engine.impl.persistence.entity.TableDataManager  -   retrieved activiti table name ACT_GE_BYTEARRAY
10:44:57,230 [main] DEBUG org.activiti.engine.impl.persistence.entity.TableDataManager  -   retrieved activiti table name ACT_GE_PROPERTY
10:44:57,230 [main] DEBUG org.activiti.engine.impl.persistence.entity.TableDataManager  -   retrieved activiti table name ACT_HI_ACTINST
10:44:57,230 [main] DEBUG org.activiti.engine.impl.persistence.entity.TableDataManager  -   retrieved activiti table name ACT_HI_ATTACHMENT
10:44:57,230 [main] DEBUG org.activiti.engine.impl.persistence.entity.TableDataManager  -   retrieved activiti table name ACT_HI_COMMENT
10:44:57,230 [main] DEBUG org.activiti.engine.impl.persistence.entity.TableDataManager  -   retrieved activiti table name ACT_HI_DETAIL
10:44:57,230 [main] DEBUG org.activiti.engine.impl.persistence.entity.TableDataManager  -   retrieved activiti table name ACT_HI_IDENTITYLINK
10:44:57,230 [main] DEBUG org.activiti.engine.impl.persistence.entity.TableDataManager  -   retrieved activiti table name ACT_HI_PROCINST
10:44:57,230 [main] DEBUG org.activiti.engine.impl.persistence.entity.TableDataManager  -   retrieved activiti table name ACT_HI_TASKINST
10:44:57,230 [main] DEBUG org.activiti.engine.impl.persistence.entity.TableDataManager  -   retrieved activiti table name ACT_HI_VARINST
10:44:57,230 [main] DEBUG org.activiti.engine.impl.persistence.entity.TableDataManager  -   retrieved activiti table name ACT_ID_GROUP
10:44:57,230 [main] DEBUG org.activiti.engine.impl.persistence.entity.TableDataManager  -   retrieved activiti table name ACT_ID_INFO
10:44:57,230 [main] DEBUG org.activiti.engine.impl.persistence.entity.TableDataManager  -   retrieved activiti table name ACT_ID_MEMBERSHIP
10:44:57,230 [main] DEBUG org.activiti.engine.impl.persistence.entity.TableDataManager  -   retrieved activiti table name ACT_ID_USER
10:44:57,230 [main] DEBUG org.activiti.engine.impl.persistence.entity.TableDataManager  -   retrieved activiti table name ACT_PROCDEF_INFO
10:44:57,230 [main] DEBUG org.activiti.engine.impl.persistence.entity.TableDataManager  -   retrieved activiti table name ACT_RE_DEPLOYMENT
10:44:57,230 [main] DEBUG org.activiti.engine.impl.persistence.entity.TableDataManager  -   retrieved activiti table name ACT_RE_MODEL
10:44:57,230 [main] DEBUG org.activiti.engine.impl.persistence.entity.TableDataManager  -   retrieved activiti table name ACT_RE_PROCDEF
10:44:57,230 [main] DEBUG org.activiti.engine.impl.persistence.entity.TableDataManager  -   retrieved activiti table name ACT_RU_EVENT_SUBSCR
10:44:57,230 [main] DEBUG org.activiti.engine.impl.persistence.entity.TableDataManager  -   retrieved activiti table name ACT_RU_EXECUTION
10:44:57,230 [main] DEBUG org.activiti.engine.impl.persistence.entity.TableDataManager  -   retrieved activiti table name ACT_RU_IDENTITYLINK
10:44:57,230 [main] DEBUG org.activiti.engine.impl.persistence.entity.TableDataManager  -   retrieved activiti table name ACT_RU_JOB
10:44:57,230 [main] DEBUG org.activiti.engine.impl.persistence.entity.TableDataManager  -   retrieved activiti table name ACT_RU_TASK
10:44:57,230 [main] DEBUG org.activiti.engine.impl.persistence.entity.TableDataManager  -   retrieved activiti table name ACT_RU_VARIABLE
10:44:57,230 [main] DEBUG org.activiti.engine.impl.persistence.entity.TableDataManager  - selecting table count for ACT_EVT_LOG
10:44:57,230 [main] DEBUG org.activiti.engine.impl.TablePageMap.selectTableCount  - ==&gt;  Preparing: select count(*) from ACT_EVT_LOG 
10:44:57,230 [main] DEBUG org.activiti.engine.impl.TablePageMap.selectTableCount  - ==&gt; Parameters: 
10:44:57,230 [main] DEBUG org.activiti.engine.impl.TablePageMap.selectTableCount  - &lt;==      Total: 1
10:44:57,230 [main] DEBUG org.activiti.engine.impl.persistence.entity.TableDataManager  - selecting table count for ACT_GE_BYTEARRAY
10:44:57,230 [main] DEBUG org.activiti.engine.impl.TablePageMap.selectTableCount  - ==&gt;  Preparing: select count(*) from ACT_GE_BYTEARRAY 
10:44:57,230 [main] DEBUG org.activiti.engine.impl.TablePageMap.selectTableCount  - ==&gt; Parameters: 
10:44:57,230 [main] DEBUG org.activiti.engine.impl.TablePageMap.selectTableCount  - &lt;==      Total: 1
10:44:57,230 [main] DEBUG org.activiti.engine.impl.persistence.entity.TableDataManager  - selecting table count for ACT_GE_PROPERTY
10:44:57,230 [main] DEBUG org.activiti.engine.impl.TablePageMap.selectTableCount  - ==&gt;  Preparing: select count(*) from ACT_GE_PROPERTY 
10:44:57,230 [main] DEBUG org.activiti.engine.impl.TablePageMap.selectTableCount  - ==&gt; Parameters: 
10:44:57,230 [main] DEBUG org.activiti.engine.impl.TablePageMap.selectTableCount  - &lt;==      Total: 1
10:44:57,230 [main] DEBUG org.activiti.engine.impl.persistence.entity.TableDataManager  - selecting table count for ACT_HI_ACTINST
10:44:57,230 [main] DEBUG org.activiti.engine.impl.TablePageMap.selectTableCount  - ==&gt;  Preparing: select count(*) from ACT_HI_ACTINST 
10:44:57,230 [main] DEBUG org.activiti.engine.impl.TablePageMap.selectTableCount  - ==&gt; Parameters: 
10:44:57,230 [main] DEBUG org.activiti.engine.impl.TablePageMap.selectTableCount  - &lt;==      Total: 1
10:44:57,230 [main] DEBUG org.activiti.engine.impl.persistence.entity.TableDataManager  - selecting table count for ACT_HI_ATTACHMENT
10:44:57,230 [main] DEBUG org.activiti.engine.impl.TablePageMap.selectTableCount  - ==&gt;  Preparing: select count(*) from ACT_HI_ATTACHMENT 
10:44:57,230 [main] DEBUG org.activiti.engine.impl.TablePageMap.selectTableCount  - ==&gt; Parameters: 
10:44:57,230 [main] DEBUG org.activiti.engine.impl.TablePageMap.selectTableCount  - &lt;==      Total: 1
10:44:57,230 [main] DEBUG org.activiti.engine.impl.persistence.entity.TableDataManager  - selecting table count for ACT_HI_COMMENT
10:44:57,230 [main] DEBUG org.activiti.engine.impl.TablePageMap.selectTableCount  - ==&gt;  Preparing: select count(*) from ACT_HI_COMMENT 
10:44:57,230 [main] DEBUG org.activiti.engine.impl.TablePageMap.selectTableCount  - ==&gt; Parameters: 
10:44:57,230 [main] DEBUG org.activiti.engine.impl.TablePageMap.selectTableCount  - &lt;==      Total: 1
10:44:57,230 [main] DEBUG org.activiti.engine.impl.persistence.entity.TableDataManager  - selecting table count for ACT_HI_DETAIL
10:44:57,230 [main] DEBUG org.activiti.engine.impl.TablePageMap.selectTableCount  - ==&gt;  Preparing: select count(*) from ACT_HI_DETAIL 
10:44:57,230 [main] DEBUG org.activiti.engine.impl.TablePageMap.selectTableCount  - ==&gt; Parameters: 
10:44:57,230 [main] DEBUG org.activiti.engine.impl.TablePageMap.selectTableCount  - &lt;==      Total: 1
10:44:57,230 [main] DEBUG org.activiti.engine.impl.persistence.entity.TableDataManager  - selecting table count for ACT_HI_IDENTITYLINK
10:44:57,230 [main] DEBUG org.activiti.engine.impl.TablePageMap.selectTableCount  - ==&gt;  Preparing: select count(*) from ACT_HI_IDENTITYLINK 
10:44:57,230 [main] DEBUG org.activiti.engine.impl.TablePageMap.selectTableCount  - ==&gt; Parameters: 
10:44:57,230 [main] DEBUG org.activiti.engine.impl.TablePageMap.selectTableCount  - &lt;==      Total: 1
10:44:57,230 [main] DEBUG org.activiti.engine.impl.persistence.entity.TableDataManager  - selecting table count for ACT_HI_PROCINST
10:44:57,230 [main] DEBUG org.activiti.engine.impl.TablePageMap.selectTableCount  - ==&gt;  Preparing: select count(*) from ACT_HI_PROCINST 
10:44:57,230 [main] DEBUG org.activiti.engine.impl.TablePageMap.selectTableCount  - ==&gt; Parameters: 
10:44:57,230 [main] DEBUG org.activiti.engine.impl.TablePageMap.selectTableCount  - &lt;==      Total: 1
10:44:57,230 [main] DEBUG org.activiti.engine.impl.persistence.entity.TableDataManager  - selecting table count for ACT_HI_TASKINST
10:44:57,230 [main] DEBUG org.activiti.engine.impl.TablePageMap.selectTableCount  - ==&gt;  Preparing: select count(*) from ACT_HI_TASKINST 
10:44:57,230 [main] DEBUG org.activiti.engine.impl.TablePageMap.selectTableCount  - ==&gt; Parameters: 
10:44:57,230 [main] DEBUG org.activiti.engine.impl.TablePageMap.selectTableCount  - &lt;==      Total: 1
10:44:57,230 [main] DEBUG org.activiti.engine.impl.persistence.entity.TableDataManager  - selecting table count for ACT_HI_VARINST
10:44:57,230 [main] DEBUG org.activiti.engine.impl.TablePageMap.selectTableCount  - ==&gt;  Preparing: select count(*) from ACT_HI_VARINST 
10:44:57,230 [main] DEBUG org.activiti.engine.impl.TablePageMap.selectTableCount  - ==&gt; Parameters: 
10:44:57,230 [main] DEBUG org.activiti.engine.impl.TablePageMap.selectTableCount  - &lt;==      Total: 1
10:44:57,230 [main] DEBUG org.activiti.engine.impl.persistence.entity.TableDataManager  - selecting table count for ACT_ID_GROUP
10:44:57,230 [main] DEBUG org.activiti.engine.impl.TablePageMap.selectTableCount  - ==&gt;  Preparing: select count(*) from ACT_ID_GROUP 
10:44:57,230 [main] DEBUG org.activiti.engine.impl.TablePageMap.selectTableCount  - ==&gt; Parameters: 
10:44:57,230 [main] DEBUG org.activiti.engine.impl.TablePageMap.selectTableCount  - &lt;==      Total: 1
10:44:57,230 [main] DEBUG org.activiti.engine.impl.persistence.entity.TableDataManager  - selecting table count for ACT_ID_INFO
10:44:57,230 [main] DEBUG org.activiti.engine.impl.TablePageMap.selectTableCount  - ==&gt;  Preparing: select count(*) from ACT_ID_INFO 
10:44:57,230 [main] DEBUG org.activiti.engine.impl.TablePageMap.selectTableCount  - ==&gt; Parameters: 
10:44:57,230 [main] DEBUG org.activiti.engine.impl.TablePageMap.selectTableCount  - &lt;==      Total: 1
10:44:57,230 [main] DEBUG org.activiti.engine.impl.persistence.entity.TableDataManager  - selecting table count for ACT_ID_MEMBERSHIP
10:44:57,230 [main] DEBUG org.activiti.engine.impl.TablePageMap.selectTableCount  - ==&gt;  Preparing: select count(*) from ACT_ID_MEMBERSHIP 
10:44:57,230 [main] DEBUG org.activiti.engine.impl.TablePageMap.selectTableCount  - ==&gt; Parameters: 
10:44:57,230 [main] DEBUG org.activiti.engine.impl.TablePageMap.selectTableCount  - &lt;==      Total: 1
10:44:57,230 [main] DEBUG org.activiti.engine.impl.persistence.entity.TableDataManager  - selecting table count for ACT_ID_USER
10:44:57,230 [main] DEBUG org.activiti.engine.impl.TablePageMap.selectTableCount  - ==&gt;  Preparing: select count(*) from ACT_ID_USER 
10:44:57,231 [main] DEBUG org.activiti.engine.impl.TablePageMap.selectTableCount  - ==&gt; Parameters: 
10:44:57,231 [main] DEBUG org.activiti.engine.impl.TablePageMap.selectTableCount  - &lt;==      Total: 1
10:44:57,231 [main] DEBUG org.activiti.engine.impl.persistence.entity.TableDataManager  - selecting table count for ACT_PROCDEF_INFO
10:44:57,231 [main] DEBUG org.activiti.engine.impl.TablePageMap.selectTableCount  - ==&gt;  Preparing: select count(*) from ACT_PROCDEF_INFO 
10:44:57,231 [main] DEBUG org.activiti.engine.impl.TablePageMap.selectTableCount  - ==&gt; Parameters: 
10:44:57,231 [main] DEBUG org.activiti.engine.impl.TablePageMap.selectTableCount  - &lt;==      Total: 1
10:44:57,231 [main] DEBUG org.activiti.engine.impl.persistence.entity.TableDataManager  - selecting table count for ACT_RE_DEPLOYMENT
10:44:57,231 [main] DEBUG org.activiti.engine.impl.TablePageMap.selectTableCount  - ==&gt;  Preparing: select count(*) from ACT_RE_DEPLOYMENT 
10:44:57,231 [main] DEBUG org.activiti.engine.impl.TablePageMap.selectTableCount  - ==&gt; Parameters: 
10:44:57,231 [main] DEBUG org.activiti.engine.impl.TablePageMap.selectTableCount  - &lt;==      Total: 1
10:44:57,231 [main] DEBUG org.activiti.engine.impl.persistence.entity.TableDataManager  - selecting table count for ACT_RE_MODEL
10:44:57,231 [main] DEBUG org.activiti.engine.impl.TablePageMap.selectTableCount  - ==&gt;  Preparing: select count(*) from ACT_RE_MODEL 
10:44:57,231 [main] DEBUG org.activiti.engine.impl.TablePageMap.selectTableCount  - ==&gt; Parameters: 
10:44:57,231 [main] DEBUG org.activiti.engine.impl.TablePageMap.selectTableCount  - &lt;==      Total: 1
10:44:57,231 [main] DEBUG org.activiti.engine.impl.persistence.entity.TableDataManager  - selecting table count for ACT_RE_PROCDEF
10:44:57,231 [main] DEBUG org.activiti.engine.impl.TablePageMap.selectTableCount  - ==&gt;  Preparing: select count(*) from ACT_RE_PROCDEF 
10:44:57,231 [main] DEBUG org.activiti.engine.impl.TablePageMap.selectTableCount  - ==&gt; Parameters: 
10:44:57,231 [main] DEBUG org.activiti.engine.impl.TablePageMap.selectTableCount  - &lt;==      Total: 1
10:44:57,231 [main] DEBUG org.activiti.engine.impl.persistence.entity.TableDataManager  - selecting table count for ACT_RU_EVENT_SUBSCR
10:44:57,231 [main] DEBUG org.activiti.engine.impl.TablePageMap.selectTableCount  - ==&gt;  Preparing: select count(*) from ACT_RU_EVENT_SUBSCR 
10:44:57,231 [main] DEBUG org.activiti.engine.impl.TablePageMap.selectTableCount  - ==&gt; Parameters: 
10:44:57,231 [main] DEBUG org.activiti.engine.impl.TablePageMap.selectTableCount  - &lt;==      Total: 1
10:44:57,231 [main] DEBUG org.activiti.engine.impl.persistence.entity.TableDataManager  - selecting table count for ACT_RU_EXECUTION
10:44:57,231 [main] DEBUG org.activiti.engine.impl.TablePageMap.selectTableCount  - ==&gt;  Preparing: select count(*) from ACT_RU_EXECUTION 
10:44:57,231 [main] DEBUG org.activiti.engine.impl.TablePageMap.selectTableCount  - ==&gt; Parameters: 
10:44:57,231 [main] DEBUG org.activiti.engine.impl.TablePageMap.selectTableCount  - &lt;==      Total: 1
10:44:57,231 [main] DEBUG org.activiti.engine.impl.persistence.entity.TableDataManager  - selecting table count for ACT_RU_IDENTITYLINK
10:44:57,231 [main] DEBUG org.activiti.engine.impl.TablePageMap.selectTableCount  - ==&gt;  Preparing: select count(*) from ACT_RU_IDENTITYLINK 
10:44:57,231 [main] DEBUG org.activiti.engine.impl.TablePageMap.selectTableCount  - ==&gt; Parameters: 
10:44:57,231 [main] DEBUG org.activiti.engine.impl.TablePageMap.selectTableCount  - &lt;==      Total: 1
10:44:57,231 [main] DEBUG org.activiti.engine.impl.persistence.entity.TableDataManager  - selecting table count for ACT_RU_JOB
10:44:57,231 [main] DEBUG org.activiti.engine.impl.TablePageMap.selectTableCount  - ==&gt;  Preparing: select count(*) from ACT_RU_JOB 
10:44:57,231 [main] DEBUG org.activiti.engine.impl.TablePageMap.selectTableCount  - ==&gt; Parameters: 
10:44:57,231 [main] DEBUG org.activiti.engine.impl.TablePageMap.selectTableCount  - &lt;==      Total: 1
10:44:57,231 [main] DEBUG org.activiti.engine.impl.persistence.entity.TableDataManager  - selecting table count for ACT_RU_TASK
10:44:57,231 [main] DEBUG org.activiti.engine.impl.TablePageMap.selectTableCount  - ==&gt;  Preparing: select count(*) from ACT_RU_TASK 
10:44:57,231 [main] DEBUG org.activiti.engine.impl.TablePageMap.selectTableCount  - ==&gt; Parameters: 
10:44:57,231 [main] DEBUG org.activiti.engine.impl.TablePageMap.selectTableCount  - &lt;==      Total: 1
10:44:57,231 [main] DEBUG org.activiti.engine.impl.persistence.entity.TableDataManager  - selecting table count for ACT_RU_VARIABLE
10:44:57,231 [main] DEBUG org.activiti.engine.impl.TablePageMap.selectTableCount  - ==&gt;  Preparing: select count(*) from ACT_RU_VARIABLE 
10:44:57,231 [main] DEBUG org.activiti.engine.impl.TablePageMap.selectTableCount  - ==&gt; Parameters: 
10:44:57,231 [main] DEBUG org.activiti.engine.impl.TablePageMap.selectTableCount  - &lt;==      Total: 1
10:44:57,231 [main] DEBUG org.activiti.engine.impl.persistence.entity.TableDataManager  - Number of rows per activiti table: {ACT_RU_EVENT_SUBSCR=0, ACT_ID_USER=0, ACT_HI_ATTACHMENT=0, ACT_GE_BYTEARRAY=2, ACT_RE_MODEL=0, ACT_RU_VARIABLE=0, ACT_RU_TASK=3, ACT_RE_DEPLOYMENT=1, ACT_RE_PROCDEF=1, ACT_ID_GROUP=0, ACT_HI_VARINST=0, ACT_HI_COMMENT=0, ACT_HI_PROCINST=3, ACT_ID_INFO=0, ACT_ID_MEMBERSHIP=0, ACT_RU_JOB=5, ACT_PROCDEF_INFO=0, ACT_HI_ACTINST=6, ACT_RU_EXECUTION=6, ACT_HI_TASKINST=3, ACT_HI_DETAIL=0, ACT_EVT_LOG=0, ACT_HI_IDENTITYLINK=0, ACT_RU_IDENTITYLINK=0, ACT_GE_PROPERTY=3}
10:44:57,231 [main] DEBUG org.activiti.engine.impl.db.DbSqlSession  - flush summary: 0 insert, 0 update, 0 delete.
10:44:57,231 [main] DEBUG org.activiti.engine.impl.db.DbSqlSession  - now executing flush...
10:44:57,231 [main] DEBUG org.activiti.engine.impl.cfg.standalone.StandaloneMybatisTransactionContext  - firing event committing...
10:44:57,231 [main] DEBUG org.activiti.engine.impl.cfg.standalone.StandaloneMybatisTransactionContext  - committing the ibatis sql session...
10:44:57,231 [main] DEBUG org.activiti.engine.impl.cfg.standalone.StandaloneMybatisTransactionContext  - firing event committed...
10:44:57,231 [main] DEBUG org.apache.ibatis.transaction.jdbc.JdbcTransaction  - Resetting autocommit to true on JDBC Connection [conn3: url=jdbc:h2:mem:activiti user=SA]
10:44:57,231 [main] DEBUG org.apache.ibatis.transaction.jdbc.JdbcTransaction  - Closing JDBC Connection [conn3: url=jdbc:h2:mem:activiti user=SA]
10:44:57,231 [main] DEBUG org.apache.ibatis.datasource.pooled.PooledDataSource  - Returned connection 180014677 to pool.
10:44:57,231 [main] DEBUG org.activiti.engine.impl.interceptor.LogInterceptor  - --- GetTableCountCmd finished --------------------------------------------------------
10:44:57,231 [main] DEBUG org.activiti.engine.impl.interceptor.LogInterceptor  - 

10:44:57,231 [main] ERROR org.activiti.engine.impl.test.PvmTestCase  - 

10:44:57,231 [main] ERROR org.activiti.engine.impl.test.PvmTestCase  - DB NOT CLEAN: 
  ACT_GE_BYTEARRAY: 2 record(s)   ACT_RU_TASK: 3 record(s)   ACT_RE_DEPLOYMENT: 1 record(s)   ACT_RE_PROCDEF: 1 record(s)   ACT_HI_PROCINST: 3 record(s)   ACT_RU_JOB: 5 record(s)   ACT_HI_ACTINST: 6 record(s)   ACT_RU_EXECUTION: 6 record(s)   ACT_HI_TASKINST: 3 record(s) 
10:44:57,231 [main] INFO  org.activiti.engine.impl.test.PvmTestCase  - dropping and recreating db
10:44:57,231 [main] DEBUG org.activiti.engine.impl.interceptor.LogInterceptor  - 

10:44:57,231 [main] DEBUG org.activiti.engine.impl.interceptor.LogInterceptor  - --- starting  --------------------------------------------------------
10:44:57,231 [main] INFO  org.activiti.engine.impl.db.DbSqlSession  - performing drop on engine with resource org/activiti/db/drop/activiti.h2.drop.engine.sql
10:44:57,231 [main] DEBUG org.apache.ibatis.transaction.jdbc.JdbcTransaction  - Opening JDBC Connection
10:44:57,231 [main] DEBUG org.apache.ibatis.datasource.pooled.PooledDataSource  - Checked out connection 297240765 from pool.
10:44:57,231 [main] DEBUG org.apache.ibatis.transaction.jdbc.JdbcTransaction  - Setting autocommit to false on JDBC Connection [conn4: url=jdbc:h2:mem:activiti user=SA]
10:44:57,231 [main] DEBUG org.activiti.engine.impl.db.DbSqlSession  - SQL: drop table if exists ACT_GE_PROPERTY cascade constraints
10:44:57,231 [main] DEBUG org.activiti.engine.impl.db.DbSqlSession  - SQL: drop table if exists ACT_GE_BYTEARRAY cascade constraints
10:44:57,231 [main] DEBUG org.activiti.engine.impl.db.DbSqlSession  - SQL: drop table if exists ACT_RE_DEPLOYMENT cascade constraints
10:44:57,231 [main] DEBUG org.activiti.engine.impl.db.DbSqlSession  - SQL: drop table if exists ACT_RE_MODEL cascade constraints
10:44:57,231 [main] DEBUG org.activiti.engine.impl.db.DbSqlSession  - SQL: drop table if exists ACT_RU_EXECUTION cascade constraints
10:44:57,231 [main] DEBUG org.activiti.engine.impl.db.DbSqlSession  - SQL: drop table if exists ACT_RU_JOB cascade constraints
10:44:57,231 [main] DEBUG org.activiti.engine.impl.db.DbSqlSession  - SQL: drop table if exists ACT_RE_PROCDEF cascade constraints
10:44:57,232 [main] DEBUG org.activiti.engine.impl.db.DbSqlSession  - SQL: drop table if exists ACT_RU_TASK cascade constraints
10:44:57,232 [main] DEBUG org.activiti.engine.impl.db.DbSqlSession  - SQL: drop table if exists ACT_RU_IDENTITYLINK cascade constraints
10:44:57,232 [main] DEBUG org.activiti.engine.impl.db.DbSqlSession  - SQL: drop table if exists ACT_RU_VARIABLE cascade constraints
10:44:57,232 [main] DEBUG org.activiti.engine.impl.db.DbSqlSession  - SQL: drop table if exists ACT_RU_EVENT_SUBSCR cascade constraints
10:44:57,232 [main] DEBUG org.activiti.engine.impl.db.DbSqlSession  - SQL: drop table if exists ACT_EVT_LOG cascade constraints
10:44:57,232 [main] DEBUG org.activiti.engine.impl.db.DbSqlSession  - SQL: drop table if exists ACT_PROCDEF_INFO cascade constraints
10:44:57,232 [main] DEBUG org.activiti.engine.impl.db.DbSqlSession  - SQL: drop index if exists ACT_IDX_EXEC_BUSKEY
10:44:57,232 [main] DEBUG org.activiti.engine.impl.db.DbSqlSession  - SQL: drop index if exists ACT_IDX_TASK_CREATE
10:44:57,232 [main] DEBUG org.activiti.engine.impl.db.DbSqlSession  - SQL: drop index if exists ACT_IDX_IDENT_LNK_USER
10:44:57,232 [main] DEBUG org.activiti.engine.impl.db.DbSqlSession  - SQL: drop index if exists ACT_IDX_IDENT_LNK_GROUP
10:44:57,232 [main] DEBUG org.activiti.engine.impl.db.DbSqlSession  - SQL: drop index if exists ACT_IDX_VARIABLE_TASK_ID
10:44:57,232 [main] DEBUG org.activiti.engine.impl.db.DbSqlSession  - SQL: drop index if exists ACT_IDX_EVENT_SUBSCR_CONFIG_
10:44:57,232 [main] DEBUG org.activiti.engine.impl.db.DbSqlSession  - SQL: drop index if exists ACT_IDX_ATHRZ_PROCEDEF
10:44:57,232 [main] DEBUG org.activiti.engine.impl.db.DbSqlSession  - SQL: drop index if exists ACT_IDX_INFO_PROCDEF
10:44:57,232 [main] DEBUG org.activiti.engine.impl.db.DbSqlSession  - activiti db schema drop for component engine successful
10:44:57,232 [main] INFO  org.activiti.engine.impl.db.DbSqlSession  - performing drop on history with resource org/activiti/db/drop/activiti.h2.drop.history.sql
10:44:57,232 [main] DEBUG org.activiti.engine.impl.db.DbSqlSession  - SQL: drop table if exists ACT_HI_PROCINST cascade constraints
10:44:57,232 [main] DEBUG org.activiti.engine.impl.db.DbSqlSession  - SQL: drop table if exists ACT_HI_ACTINST cascade constraints
10:44:57,232 [main] DEBUG org.activiti.engine.impl.db.DbSqlSession  - SQL: drop table if exists ACT_HI_VARINST cascade constraints
10:44:57,232 [main] DEBUG org.activiti.engine.impl.db.DbSqlSession  - SQL: drop table if exists ACT_HI_TASKINST cascade constraints
10:44:57,232 [main] DEBUG org.activiti.engine.impl.db.DbSqlSession  - SQL: drop table if exists ACT_HI_DETAIL cascade constraints
10:44:57,232 [main] DEBUG org.activiti.engine.impl.db.DbSqlSession  - SQL: drop table if exists ACT_HI_COMMENT cascade constraints
10:44:57,232 [main] DEBUG org.activiti.engine.impl.db.DbSqlSession  - SQL: drop table if exists ACT_HI_ATTACHMENT cascade constraints
10:44:57,232 [main] DEBUG org.activiti.engine.impl.db.DbSqlSession  - SQL: drop table if exists ACT_HI_IDENTITYLINK cascade constraints
10:44:57,232 [main] DEBUG org.activiti.engine.impl.db.DbSqlSession  - SQL: drop index if exists ACT_IDX_HI_PRO_INST_END
10:44:57,232 [main] DEBUG org.activiti.engine.impl.db.DbSqlSession  - SQL: drop index if exists ACT_IDX_HI_PRO_I_BUSKEY
10:44:57,232 [main] DEBUG org.activiti.engine.impl.db.DbSqlSession  - SQL: drop index if exists ACT_IDX_HI_ACT_INST_START
10:44:57,232 [main] DEBUG org.activiti.engine.impl.db.DbSqlSession  - SQL: drop index if exists ACT_IDX_HI_ACT_INST_END
10:44:57,232 [main] DEBUG org.activiti.engine.impl.db.DbSqlSession  - SQL: drop index if exists ACT_IDX_HI_DETAIL_PROC_INST
10:44:57,232 [main] DEBUG org.activiti.engine.impl.db.DbSqlSession  - SQL: drop index if exists ACT_IDX_HI_DETAIL_ACT_INST
10:44:57,232 [main] DEBUG org.activiti.engine.impl.db.DbSqlSession  - SQL: drop index if exists ACT_IDX_HI_DETAIL_TIME
10:44:57,232 [main] DEBUG org.activiti.engine.impl.db.DbSqlSession  - SQL: drop index if exists ACT_IDX_HI_DETAIL_NAME
10:44:57,232 [main] DEBUG org.activiti.engine.impl.db.DbSqlSession  - SQL: drop index if exists ACT_IDX_HI_DETAIL_TASK_ID
10:44:57,232 [main] DEBUG org.activiti.engine.impl.db.DbSqlSession  - SQL: drop index if exists ACT_IDX_HI_PROCVAR_PROC_INST
10:44:57,232 [main] DEBUG org.activiti.engine.impl.db.DbSqlSession  - SQL: drop index if exists ACT_IDX_HI_PROCVAR_NAME_TYPE
10:44:57,232 [main] DEBUG org.activiti.engine.impl.db.DbSqlSession  - SQL: drop index if exists ACT_IDX_HI_ACT_INST_PROCINST
10:44:57,232 [main] DEBUG org.activiti.engine.impl.db.DbSqlSession  - SQL: drop index if exists ACT_IDX_HI_IDENT_LNK_USER
10:44:57,232 [main] DEBUG org.activiti.engine.impl.db.DbSqlSession  - SQL: drop index if exists ACT_IDX_HI_IDENT_LNK_TASK
10:44:57,232 [main] DEBUG org.activiti.engine.impl.db.DbSqlSession  - SQL: drop index if exists ACT_IDX_HI_IDENT_LNK_PROCINST
10:44:57,232 [main] DEBUG org.activiti.engine.impl.db.DbSqlSession  - SQL: drop index if exists ACT_IDX_HI_TASK_INST_PROCINST
10:44:57,232 [main] DEBUG org.activiti.engine.impl.db.DbSqlSession  - activiti db schema drop for component history successful
10:44:57,232 [main] INFO  org.activiti.engine.impl.db.DbSqlSession  - performing drop on identity with resource org/activiti/db/drop/activiti.h2.drop.identity.sql
10:44:57,232 [main] DEBUG org.activiti.engine.impl.db.DbSqlSession  - SQL: drop table if exists ACT_ID_INFO cascade constraints
10:44:57,232 [main] DEBUG org.activiti.engine.impl.db.DbSqlSession  - SQL: drop table if exists ACT_ID_GROUP cascade constraints
10:44:57,232 [main] DEBUG org.activiti.engine.impl.db.DbSqlSession  - SQL: drop table if exists ACT_ID_MEMBERSHIP cascade constraints
10:44:57,232 [main] DEBUG org.activiti.engine.impl.db.DbSqlSession  - SQL: drop table if exists ACT_ID_USER cascade constraints
10:44:57,232 [main] DEBUG org.activiti.engine.impl.db.DbSqlSession  - activiti db schema drop for component identity successful
10:44:57,233 [main] INFO  org.activiti.engine.impl.db.DbSqlSession  - performing create on engine with resource org/activiti/db/create/activiti.h2.create.engine.sql
10:44:57,233 [main] DEBUG org.activiti.engine.impl.db.DbSqlSession  - SQL: create table ACT_GE_PROPERTY ( 
NAME_ varchar(64), 
VALUE_ varchar(300), 
REV_ integer, 
primary key (NAME_) 
)
10:44:57,233 [main] DEBUG org.activiti.engine.impl.db.DbSqlSession  - SQL: insert into ACT_GE_PROPERTY 
values (&apos;schema.version&apos;, &apos;5.20.0.0&apos;, 1)
10:44:57,233 [main] DEBUG org.activiti.engine.impl.db.DbSqlSession  - SQL: insert into ACT_GE_PROPERTY 
values (&apos;schema.history&apos;, &apos;create(5.20.0.0)&apos;, 1)
10:44:57,233 [main] DEBUG org.activiti.engine.impl.db.DbSqlSession  - SQL: insert into ACT_GE_PROPERTY 
values (&apos;next.dbid&apos;, &apos;1&apos;, 1)
10:44:57,233 [main] DEBUG org.activiti.engine.impl.db.DbSqlSession  - SQL: create table ACT_GE_BYTEARRAY ( 
ID_ varchar(64), 
REV_ integer, 
NAME_ varchar(255), 
DEPLOYMENT_ID_ varchar(64), 
BYTES_ longvarbinary, 
GENERATED_ bit, 
primary key (ID_) 
)
10:44:57,233 [main] DEBUG org.activiti.engine.impl.db.DbSqlSession  - SQL: create table ACT_RE_DEPLOYMENT ( 
ID_ varchar(64), 
NAME_ varchar(255), 
CATEGORY_ varchar(255), 
TENANT_ID_ varchar(255) default &apos;&apos;, 
DEPLOY_TIME_ timestamp, 
primary key (ID_) 
)
10:44:57,233 [main] DEBUG org.activiti.engine.impl.db.DbSqlSession  - SQL: create table ACT_RE_MODEL ( 
ID_ varchar(64) not null, 
REV_ integer, 
NAME_ varchar(255), 
KEY_ varchar(255), 
CATEGORY_ varchar(255), 
CREATE_TIME_ timestamp, 
LAST_UPDATE_TIME_ timestamp, 
VERSION_ integer, 
META_INFO_ varchar(4000), 
DEPLOYMENT_ID_ varchar(64), 
EDITOR_SOURCE_VALUE_ID_ varchar(64), 
EDITOR_SOURCE_EXTRA_VALUE_ID_ varchar(64), 
TENANT_ID_ varchar(255) default &apos;&apos;, 
primary key (ID_) 
)
10:44:57,233 [main] DEBUG org.activiti.engine.impl.db.DbSqlSession  - SQL: create table ACT_RU_EXECUTION ( 
ID_ varchar(64), 
REV_ integer, 
PROC_INST_ID_ varchar(64), 
BUSINESS_KEY_ varchar(255), 
PARENT_ID_ varchar(64), 
PROC_DEF_ID_ varchar(64), 
SUPER_EXEC_ varchar(64), 
ACT_ID_ varchar(255), 
IS_ACTIVE_ bit, 
IS_CONCURRENT_ bit, 
IS_SCOPE_ bit, 
IS_EVENT_SCOPE_ bit, 
SUSPENSION_STATE_ integer, 
CACHED_ENT_STATE_ integer, 
TENANT_ID_ varchar(255) default &apos;&apos;, 
NAME_ varchar(255), 
LOCK_TIME_ timestamp, 
primary key (ID_) 
)
10:44:57,233 [main] DEBUG org.activiti.engine.impl.db.DbSqlSession  - SQL: create table ACT_RU_JOB ( 
ID_ varchar(64) NOT NULL, 
REV_ integer, 
TYPE_ varchar(255) NOT NULL, 
LOCK_EXP_TIME_ timestamp, 
LOCK_OWNER_ varchar(255), 
EXCLUSIVE_ boolean, 
EXECUTION_ID_ varchar(64), 
PROCESS_INSTANCE_ID_ varchar(64), 
PROC_DEF_ID_ varchar(64), 
RETRIES_ integer, 
EXCEPTION_STACK_ID_ varchar(64), 
EXCEPTION_MSG_ varchar(4000), 
DUEDATE_ timestamp, 
REPEAT_ varchar(255), 
HANDLER_TYPE_ varchar(255), 
HANDLER_CFG_ varchar(4000), 
TENANT_ID_ varchar(255) default &apos;&apos;, 
primary key (ID_) 
)
10:44:57,233 [main] DEBUG org.activiti.engine.impl.db.DbSqlSession  - SQL: create table ACT_RE_PROCDEF ( 
ID_ varchar(64) NOT NULL, 
REV_ integer, 
CATEGORY_ varchar(255), 
NAME_ varchar(255), 
KEY_ varchar(255) NOT NULL, 
VERSION_ integer NOT NULL, 
DEPLOYMENT_ID_ varchar(64), 
RESOURCE_NAME_ varchar(4000), 
DGRM_RESOURCE_NAME_ varchar(4000), 
DESCRIPTION_ varchar(4000), 
HAS_START_FORM_KEY_ bit, 
HAS_GRAPHICAL_NOTATION_ bit, 
SUSPENSION_STATE_ integer, 
TENANT_ID_ varchar(255) default &apos;&apos;, 
primary key (ID_) 
)
10:44:57,233 [main] DEBUG org.activiti.engine.impl.db.DbSqlSession  - SQL: create table ACT_RU_TASK ( 
ID_ varchar(64), 
REV_ integer, 
EXECUTION_ID_ varchar(64), 
PROC_INST_ID_ varchar(64), 
PROC_DEF_ID_ varchar(64), 
NAME_ varchar(255), 
PARENT_TASK_ID_ varchar(64), 
DESCRIPTION_ varchar(4000), 
TASK_DEF_KEY_ varchar(255), 
OWNER_ varchar(255), 
ASSIGNEE_ varchar(255), 
DELEGATION_ varchar(64), 
PRIORITY_ integer, 
CREATE_TIME_ timestamp, 
DUE_DATE_ timestamp, 
CATEGORY_ varchar(255), 
SUSPENSION_STATE_ integer, 
TENANT_ID_ varchar(255) default &apos;&apos;, 
FORM_KEY_ varchar(255), 
primary key (ID_) 
)
10:44:57,233 [main] DEBUG org.activiti.engine.impl.db.DbSqlSession  - SQL: create table ACT_RU_IDENTITYLINK ( 
ID_ varchar(64), 
REV_ integer, 
GROUP_ID_ varchar(255), 
TYPE_ varchar(255), 
USER_ID_ varchar(255), 
TASK_ID_ varchar(64), 
PROC_INST_ID_ varchar(64) null, 
PROC_DEF_ID_ varchar(64), 
primary key (ID_) 
)
10:44:57,233 [main] DEBUG org.activiti.engine.impl.db.DbSqlSession  - SQL: create table ACT_RU_VARIABLE ( 
ID_ varchar(64) not null, 
REV_ integer, 
TYPE_ varchar(255) not null, 
NAME_ varchar(255) not null, 
EXECUTION_ID_ varchar(64), 
PROC_INST_ID_ varchar(64), 
TASK_ID_ varchar(64), 
BYTEARRAY_ID_ varchar(64), 
DOUBLE_ double, 
LONG_ bigint, 
TEXT_ varchar(4000), 
TEXT2_ varchar(4000), 
primary key (ID_) 
)
10:44:57,233 [main] DEBUG org.activiti.engine.impl.db.DbSqlSession  - SQL: create table ACT_RU_EVENT_SUBSCR ( 
ID_ varchar(64) not null, 
REV_ integer, 
EVENT_TYPE_ varchar(255) not null, 
EVENT_NAME_ varchar(255), 
EXECUTION_ID_ varchar(64), 
PROC_INST_ID_ varchar(64), 
ACTIVITY_ID_ varchar(64), 
CONFIGURATION_ varchar(255), 
CREATED_ timestamp not null, 
PROC_DEF_ID_ varchar(64), 
TENANT_ID_ varchar(255) default &apos;&apos;, 
primary key (ID_) 
)
10:44:57,233 [main] DEBUG org.activiti.engine.impl.db.DbSqlSession  - SQL: create table ACT_EVT_LOG ( 
LOG_NR_ identity, 
TYPE_ varchar(64), 
PROC_DEF_ID_ varchar(64), 
PROC_INST_ID_ varchar(64), 
EXECUTION_ID_ varchar(64), 
TASK_ID_ varchar(64), 
TIME_STAMP_ timestamp not null, 
USER_ID_ varchar(255), 
DATA_ longvarbinary, 
LOCK_OWNER_ varchar(255), 
LOCK_TIME_ timestamp, 
IS_PROCESSED_ bit default 0 
)
10:44:57,233 [main] DEBUG org.activiti.engine.impl.db.DbSqlSession  - SQL: create table ACT_PROCDEF_INFO ( 
ID_ varchar(64) not null, 
PROC_DEF_ID_ varchar(64) not null, 
REV_ integer, 
INFO_JSON_ID_ varchar(64), 
primary key (ID_) 
)
10:44:57,233 [main] DEBUG org.activiti.engine.impl.db.DbSqlSession  - SQL: create index ACT_IDX_EXEC_BUSKEY on ACT_RU_EXECUTION(BUSINESS_KEY_)
10:44:57,233 [main] DEBUG org.activiti.engine.impl.db.DbSqlSession  - SQL: create index ACT_IDX_TASK_CREATE on ACT_RU_TASK(CREATE_TIME_)
10:44:57,233 [main] DEBUG org.activiti.engine.impl.db.DbSqlSession  - SQL: create index ACT_IDX_IDENT_LNK_USER on ACT_RU_IDENTITYLINK(USER_ID_)
10:44:57,233 [main] DEBUG org.activiti.engine.impl.db.DbSqlSession  - SQL: create index ACT_IDX_IDENT_LNK_GROUP on ACT_RU_IDENTITYLINK(GROUP_ID_)
10:44:57,233 [main] DEBUG org.activiti.engine.impl.db.DbSqlSession  - SQL: create index ACT_IDX_EVENT_SUBSCR_CONFIG_ on ACT_RU_EVENT_SUBSCR(CONFIGURATION_)
10:44:57,233 [main] DEBUG org.activiti.engine.impl.db.DbSqlSession  - SQL: create index ACT_IDX_VARIABLE_TASK_ID on ACT_RU_VARIABLE(TASK_ID_)
10:44:57,233 [main] DEBUG org.activiti.engine.impl.db.DbSqlSession  - SQL: create index ACT_IDX_ATHRZ_PROCEDEF on ACT_RU_IDENTITYLINK(PROC_DEF_ID_)
10:44:57,233 [main] DEBUG org.activiti.engine.impl.db.DbSqlSession  - SQL: create index ACT_IDX_INFO_PROCDEF on ACT_PROCDEF_INFO(PROC_DEF_ID_)
10:44:57,233 [main] DEBUG org.activiti.engine.impl.db.DbSqlSession  - SQL: alter table ACT_GE_BYTEARRAY 
add constraint ACT_FK_BYTEARR_DEPL 
foreign key (DEPLOYMENT_ID_) 
references ACT_RE_DEPLOYMENT
10:44:57,233 [main] DEBUG org.activiti.engine.impl.db.DbSqlSession  - SQL: alter table ACT_RE_PROCDEF 
add constraint ACT_UNIQ_PROCDEF 
unique (KEY_,VERSION_, TENANT_ID_)
10:44:57,233 [main] DEBUG org.activiti.engine.impl.db.DbSqlSession  - SQL: alter table ACT_RU_EXECUTION 
add constraint ACT_FK_EXE_PROCINST 
foreign key (PROC_INST_ID_) 
references ACT_RU_EXECUTION
10:44:57,233 [main] DEBUG org.activiti.engine.impl.db.DbSqlSession  - SQL: alter table ACT_RU_EXECUTION 
add constraint ACT_FK_EXE_PARENT 
foreign key (PARENT_ID_) 
references ACT_RU_EXECUTION
10:44:57,234 [main] DEBUG org.activiti.engine.impl.db.DbSqlSession  - SQL: alter table ACT_RU_EXECUTION 
add constraint ACT_FK_EXE_SUPER 
foreign key (SUPER_EXEC_) 
references ACT_RU_EXECUTION
10:44:57,234 [main] DEBUG org.activiti.engine.impl.db.DbSqlSession  - SQL: alter table ACT_RU_EXECUTION 
add constraint ACT_FK_EXE_PROCDEF 
foreign key (PROC_DEF_ID_) 
references ACT_RE_PROCDEF (ID_)
10:44:57,234 [main] DEBUG org.activiti.engine.impl.db.DbSqlSession  - SQL: alter table ACT_RU_IDENTITYLINK 
add constraint ACT_FK_TSKASS_TASK 
foreign key (TASK_ID_) 
references ACT_RU_TASK
10:44:57,234 [main] DEBUG org.activiti.engine.impl.db.DbSqlSession  - SQL: alter table ACT_RU_IDENTITYLINK 
add constraint ACT_FK_ATHRZ_PROCEDEF 
foreign key (PROC_DEF_ID_) 
references ACT_RE_PROCDEF
10:44:57,234 [main] DEBUG org.activiti.engine.impl.db.DbSqlSession  - SQL: alter table ACT_RU_IDENTITYLINK 
add constraint ACT_FK_IDL_PROCINST 
foreign key (PROC_INST_ID_) 
references ACT_RU_EXECUTION (ID_)
10:44:57,234 [main] DEBUG org.activiti.engine.impl.db.DbSqlSession  - SQL: alter table ACT_RU_TASK 
add constraint ACT_FK_TASK_EXE 
foreign key (EXECUTION_ID_) 
references ACT_RU_EXECUTION
10:44:57,234 [main] DEBUG org.activiti.engine.impl.db.DbSqlSession  - SQL: alter table ACT_RU_TASK 
add constraint ACT_FK_TASK_PROCINST 
foreign key (PROC_INST_ID_) 
references ACT_RU_EXECUTION
10:44:57,234 [main] DEBUG org.activiti.engine.impl.db.DbSqlSession  - SQL: alter table ACT_RU_TASK 
add constraint ACT_FK_TASK_PROCDEF 
foreign key (PROC_DEF_ID_) 
references ACT_RE_PROCDEF
10:44:57,234 [main] DEBUG org.activiti.engine.impl.db.DbSqlSession  - SQL: alter table ACT_RU_VARIABLE 
add constraint ACT_FK_VAR_EXE 
foreign key (EXECUTION_ID_) 
references ACT_RU_EXECUTION
10:44:57,234 [main] DEBUG org.activiti.engine.impl.db.DbSqlSession  - SQL: alter table ACT_RU_VARIABLE 
add constraint ACT_FK_VAR_PROCINST 
foreign key (PROC_INST_ID_) 
references ACT_RU_EXECUTION
10:44:57,234 [main] DEBUG org.activiti.engine.impl.db.DbSqlSession  - SQL: alter table ACT_RU_VARIABLE 
add constraint ACT_FK_VAR_BYTEARRAY 
foreign key (BYTEARRAY_ID_) 
references ACT_GE_BYTEARRAY
10:44:57,234 [main] DEBUG org.activiti.engine.impl.db.DbSqlSession  - SQL: alter table ACT_RU_JOB 
add constraint ACT_FK_JOB_EXCEPTION 
foreign key (EXCEPTION_STACK_ID_) 
references ACT_GE_BYTEARRAY
10:44:57,235 [main] DEBUG org.activiti.engine.impl.db.DbSqlSession  - SQL: alter table ACT_RU_EVENT_SUBSCR 
add constraint ACT_FK_EVENT_EXEC 
foreign key (EXECUTION_ID_) 
references ACT_RU_EXECUTION
10:44:57,235 [main] DEBUG org.activiti.engine.impl.db.DbSqlSession  - SQL: alter table ACT_RE_MODEL 
add constraint ACT_FK_MODEL_SOURCE 
foreign key (EDITOR_SOURCE_VALUE_ID_) 
references ACT_GE_BYTEARRAY (ID_)
10:44:57,235 [main] DEBUG org.activiti.engine.impl.db.DbSqlSession  - SQL: alter table ACT_RE_MODEL 
add constraint ACT_FK_MODEL_SOURCE_EXTRA 
foreign key (EDITOR_SOURCE_EXTRA_VALUE_ID_) 
references ACT_GE_BYTEARRAY (ID_)
10:44:57,235 [main] DEBUG org.activiti.engine.impl.db.DbSqlSession  - SQL: alter table ACT_RE_MODEL 
add constraint ACT_FK_MODEL_DEPLOYMENT 
foreign key (DEPLOYMENT_ID_) 
references ACT_RE_DEPLOYMENT (ID_)
10:44:57,235 [main] DEBUG org.activiti.engine.impl.db.DbSqlSession  - SQL: alter table ACT_PROCDEF_INFO 
add constraint ACT_FK_INFO_JSON_BA 
foreign key (INFO_JSON_ID_) 
references ACT_GE_BYTEARRAY (ID_)
10:44:57,235 [main] DEBUG org.activiti.engine.impl.db.DbSqlSession  - SQL: alter table ACT_PROCDEF_INFO 
add constraint ACT_FK_INFO_PROCDEF 
foreign key (PROC_DEF_ID_) 
references ACT_RE_PROCDEF (ID_)
10:44:57,235 [main] DEBUG org.activiti.engine.impl.db.DbSqlSession  - SQL: alter table ACT_PROCDEF_INFO 
add constraint ACT_UNIQ_INFO_PROCDEF 
unique (PROC_DEF_ID_)
10:44:57,235 [main] DEBUG org.activiti.engine.impl.db.DbSqlSession  - activiti db schema create for component engine successful
10:44:57,235 [main] INFO  org.activiti.engine.impl.db.DbSqlSession  - performing create on history with resource org/activiti/db/create/activiti.h2.create.history.sql
10:44:57,235 [main] DEBUG org.activiti.engine.impl.db.DbSqlSession  - SQL: create table ACT_HI_PROCINST ( 
ID_ varchar(64) not null, 
PROC_INST_ID_ varchar(64) not null, 
BUSINESS_KEY_ varchar(255), 
PROC_DEF_ID_ varchar(64) not null, 
START_TIME_ timestamp not null, 
END_TIME_ timestamp, 
DURATION_ bigint, 
START_USER_ID_ varchar(255), 
START_ACT_ID_ varchar(255), 
END_ACT_ID_ varchar(255), 
SUPER_PROCESS_INSTANCE_ID_ varchar(64), 
DELETE_REASON_ varchar(4000), 
TENANT_ID_ varchar(255) default &apos;&apos;, 
NAME_ varchar(255), 
primary key (ID_), 
unique (PROC_INST_ID_) 
)
10:44:57,235 [main] DEBUG org.activiti.engine.impl.db.DbSqlSession  - SQL: create table ACT_HI_ACTINST ( 
ID_ varchar(64) not null, 
PROC_DEF_ID_ varchar(64) not null, 
PROC_INST_ID_ varchar(64) not null, 
EXECUTION_ID_ varchar(64) not null, 
ACT_ID_ varchar(255) not null, 
TASK_ID_ varchar(64), 
CALL_PROC_INST_ID_ varchar(64), 
ACT_NAME_ varchar(255), 
ACT_TYPE_ varchar(255) not null, 
ASSIGNEE_ varchar(255), 
START_TIME_ timestamp not null, 
END_TIME_ timestamp, 
DURATION_ bigint, 
TENANT_ID_ varchar(255) default &apos;&apos;, 
primary key (ID_) 
)
10:44:57,235 [main] DEBUG org.activiti.engine.impl.db.DbSqlSession  - SQL: create table ACT_HI_TASKINST ( 
ID_ varchar(64) not null, 
PROC_DEF_ID_ varchar(64), 
TASK_DEF_KEY_ varchar(255), 
PROC_INST_ID_ varchar(64), 
EXECUTION_ID_ varchar(64), 
NAME_ varchar(255), 
PARENT_TASK_ID_ varchar(64), 
DESCRIPTION_ varchar(4000), 
OWNER_ varchar(255), 
ASSIGNEE_ varchar(255), 
START_TIME_ timestamp not null, 
CLAIM_TIME_ timestamp, 
END_TIME_ timestamp, 
DURATION_ bigint, 
DELETE_REASON_ varchar(4000), 
PRIORITY_ integer, 
DUE_DATE_ timestamp, 
FORM_KEY_ varchar(255), 
CATEGORY_ varchar(255), 
TENANT_ID_ varchar(255) default &apos;&apos;, 
primary key (ID_) 
)
10:44:57,235 [main] DEBUG org.activiti.engine.impl.db.DbSqlSession  - SQL: create table ACT_HI_VARINST ( 
ID_ varchar(64) not null, 
PROC_INST_ID_ varchar(64), 
EXECUTION_ID_ varchar(64), 
TASK_ID_ varchar(64), 
NAME_ varchar(255) not null, 
VAR_TYPE_ varchar(100), 
REV_ integer, 
BYTEARRAY_ID_ varchar(64), 
DOUBLE_ double, 
LONG_ bigint, 
TEXT_ varchar(4000), 
TEXT2_ varchar(4000), 
CREATE_TIME_ timestamp, 
LAST_UPDATED_TIME_ timestamp, 
primary key (ID_) 
)
10:44:57,235 [main] DEBUG org.activiti.engine.impl.db.DbSqlSession  - SQL: create table ACT_HI_DETAIL ( 
ID_ varchar(64) not null, 
TYPE_ varchar(255) not null, 
TIME_ timestamp not null, 
NAME_ varchar(255), 
PROC_INST_ID_ varchar(64), 
EXECUTION_ID_ varchar(64), 
TASK_ID_ varchar(64), 
ACT_INST_ID_ varchar(64), 
VAR_TYPE_ varchar(255), 
REV_ integer, 
BYTEARRAY_ID_ varchar(64), 
DOUBLE_ double, 
LONG_ bigint, 
TEXT_ varchar(4000), 
TEXT2_ varchar(4000), 
primary key (ID_) 
)
10:44:57,235 [main] DEBUG org.activiti.engine.impl.db.DbSqlSession  - SQL: create table ACT_HI_COMMENT ( 
ID_ varchar(64) not null, 
TYPE_ varchar(255), 
TIME_ timestamp not null, 
USER_ID_ varchar(255), 
TASK_ID_ varchar(64), 
PROC_INST_ID_ varchar(64), 
ACTION_ varchar(255), 
MESSAGE_ varchar(4000), 
FULL_MSG_ longvarbinary, 
primary key (ID_) 
)
10:44:57,235 [main] DEBUG org.activiti.engine.impl.db.DbSqlSession  - SQL: create table ACT_HI_ATTACHMENT ( 
ID_ varchar(64) not null, 
REV_ integer, 
USER_ID_ varchar(255), 
NAME_ varchar(255), 
DESCRIPTION_ varchar(4000), 
TYPE_ varchar(255), 
TASK_ID_ varchar(64), 
PROC_INST_ID_ varchar(64), 
URL_ varchar(4000), 
CONTENT_ID_ varchar(64), 
TIME_ timestamp, 
primary key (ID_) 
)
10:44:57,235 [main] DEBUG org.activiti.engine.impl.db.DbSqlSession  - SQL: create table ACT_HI_IDENTITYLINK ( 
ID_ varchar(64), 
GROUP_ID_ varchar(255), 
TYPE_ varchar(255), 
USER_ID_ varchar(255), 
TASK_ID_ varchar(64), 
PROC_INST_ID_ varchar(64) null, 
primary key (ID_) 
)
10:44:57,236 [main] DEBUG org.activiti.engine.impl.db.DbSqlSession  - SQL: create index ACT_IDX_HI_PRO_INST_END on ACT_HI_PROCINST(END_TIME_)
10:44:57,236 [main] DEBUG org.activiti.engine.impl.db.DbSqlSession  - SQL: create index ACT_IDX_HI_PRO_I_BUSKEY on ACT_HI_PROCINST(BUSINESS_KEY_)
10:44:57,236 [main] DEBUG org.activiti.engine.impl.db.DbSqlSession  - SQL: create index ACT_IDX_HI_ACT_INST_START on ACT_HI_ACTINST(START_TIME_)
10:44:57,236 [main] DEBUG org.activiti.engine.impl.db.DbSqlSession  - SQL: create index ACT_IDX_HI_ACT_INST_END on ACT_HI_ACTINST(END_TIME_)
10:44:57,236 [main] DEBUG org.activiti.engine.impl.db.DbSqlSession  - SQL: create index ACT_IDX_HI_DETAIL_PROC_INST on ACT_HI_DETAIL(PROC_INST_ID_)
10:44:57,236 [main] DEBUG org.activiti.engine.impl.db.DbSqlSession  - SQL: create index ACT_IDX_HI_DETAIL_ACT_INST on ACT_HI_DETAIL(ACT_INST_ID_)
10:44:57,236 [main] DEBUG org.activiti.engine.impl.db.DbSqlSession  - SQL: create index ACT_IDX_HI_DETAIL_TIME on ACT_HI_DETAIL(TIME_)
10:44:57,236 [main] DEBUG org.activiti.engine.impl.db.DbSqlSession  - SQL: create index ACT_IDX_HI_DETAIL_NAME on ACT_HI_DETAIL(NAME_)
10:44:57,236 [main] DEBUG org.activiti.engine.impl.db.DbSqlSession  - SQL: create index ACT_IDX_HI_DETAIL_TASK_ID on ACT_HI_DETAIL(TASK_ID_)
10:44:57,236 [main] DEBUG org.activiti.engine.impl.db.DbSqlSession  - SQL: create index ACT_IDX_HI_PROCVAR_PROC_INST on ACT_HI_VARINST(PROC_INST_ID_)
10:44:57,236 [main] DEBUG org.activiti.engine.impl.db.DbSqlSession  - SQL: create index ACT_IDX_HI_PROCVAR_NAME_TYPE on ACT_HI_VARINST(NAME_, VAR_TYPE_)
10:44:57,236 [main] DEBUG org.activiti.engine.impl.db.DbSqlSession  - SQL: create index ACT_IDX_HI_PROCVAR_TASK_ID on ACT_HI_VARINST(TASK_ID_)
10:44:57,236 [main] DEBUG org.activiti.engine.impl.db.DbSqlSession  - SQL: create index ACT_IDX_HI_ACT_INST_PROCINST on ACT_HI_ACTINST(PROC_INST_ID_, ACT_ID_)
10:44:57,236 [main] DEBUG org.activiti.engine.impl.db.DbSqlSession  - SQL: create index ACT_IDX_HI_IDENT_LNK_USER on ACT_HI_IDENTITYLINK(USER_ID_)
10:44:57,236 [main] DEBUG org.activiti.engine.impl.db.DbSqlSession  - SQL: create index ACT_IDX_HI_IDENT_LNK_TASK on ACT_HI_IDENTITYLINK(TASK_ID_)
10:44:57,236 [main] DEBUG org.activiti.engine.impl.db.DbSqlSession  - SQL: create index ACT_IDX_HI_IDENT_LNK_PROCINST on ACT_HI_IDENTITYLINK(PROC_INST_ID_)
10:44:57,236 [main] DEBUG org.activiti.engine.impl.db.DbSqlSession  - SQL: create index ACT_IDX_HI_ACT_INST_EXEC on ACT_HI_ACTINST(EXECUTION_ID_, ACT_ID_)
10:44:57,236 [main] DEBUG org.activiti.engine.impl.db.DbSqlSession  - SQL: create index ACT_IDX_HI_TASK_INST_PROCINST on ACT_HI_TASKINST(PROC_INST_ID_)
10:44:57,236 [main] DEBUG org.activiti.engine.impl.db.DbSqlSession  - activiti db schema create for component history successful
10:44:57,236 [main] INFO  org.activiti.engine.impl.db.DbSqlSession  - performing create on identity with resource org/activiti/db/create/activiti.h2.create.identity.sql
10:44:57,236 [main] DEBUG org.activiti.engine.impl.db.DbSqlSession  - SQL: create table ACT_ID_GROUP ( 
ID_ varchar(64), 
REV_ integer, 
NAME_ varchar(255), 
TYPE_ varchar(255), 
primary key (ID_) 
)
10:44:57,236 [main] DEBUG org.activiti.engine.impl.db.DbSqlSession  - SQL: create table ACT_ID_MEMBERSHIP ( 
USER_ID_ varchar(64), 
GROUP_ID_ varchar(64), 
primary key (USER_ID_, GROUP_ID_) 
)
10:44:57,236 [main] DEBUG org.activiti.engine.impl.db.DbSqlSession  - SQL: create table ACT_ID_USER ( 
ID_ varchar(64), 
REV_ integer, 
FIRST_ varchar(255), 
LAST_ varchar(255), 
EMAIL_ varchar(255), 
PWD_ varchar(255), 
PICTURE_ID_ varchar(64), 
primary key (ID_) 
)
10:44:57,236 [main] DEBUG org.activiti.engine.impl.db.DbSqlSession  - SQL: create table ACT_ID_INFO ( 
ID_ varchar(64), 
REV_ integer, 
USER_ID_ varchar(64), 
TYPE_ varchar(64), 
KEY_ varchar(255), 
VALUE_ varchar(255), 
PASSWORD_ longvarbinary, 
PARENT_ID_ varchar(255), 
primary key (ID_) 
)
10:44:57,236 [main] DEBUG org.activiti.engine.impl.db.DbSqlSession  - SQL: alter table ACT_ID_MEMBERSHIP 
add constraint ACT_FK_MEMB_GROUP 
foreign key (GROUP_ID_) 
references ACT_ID_GROUP
10:44:57,236 [main] DEBUG org.activiti.engine.impl.db.DbSqlSession  - SQL: alter table ACT_ID_MEMBERSHIP 
add constraint ACT_FK_MEMB_USER 
foreign key (USER_ID_) 
references ACT_ID_USER
10:44:57,236 [main] DEBUG org.activiti.engine.impl.db.DbSqlSession  - activiti db schema create for component identity successful
10:44:57,236 [main] DEBUG org.activiti.engine.impl.db.DbSqlSession  - flush summary: 0 insert, 0 update, 0 delete.
10:44:57,236 [main] DEBUG org.activiti.engine.impl.db.DbSqlSession  - now executing flush...
10:44:57,236 [main] DEBUG org.activiti.engine.impl.cfg.standalone.StandaloneMybatisTransactionContext  - firing event committing...
10:44:57,236 [main] DEBUG org.activiti.engine.impl.cfg.standalone.StandaloneMybatisTransactionContext  - committing the ibatis sql session...
10:44:57,236 [main] DEBUG org.activiti.engine.impl.cfg.standalone.StandaloneMybatisTransactionContext  - firing event committed...
10:44:57,236 [main] DEBUG org.apache.ibatis.transaction.jdbc.JdbcTransaction  - Resetting autocommit to true on JDBC Connection [conn4: url=jdbc:h2:mem:activiti user=SA]
10:44:57,236 [main] DEBUG org.apache.ibatis.transaction.jdbc.JdbcTransaction  - Closing JDBC Connection [conn4: url=jdbc:h2:mem:activiti user=SA]
10:44:57,236 [main] DEBUG org.apache.ibatis.datasource.pooled.PooledDataSource  - Returned connection 297240765 to pool.
10:44:57,236 [main] DEBUG org.activiti.engine.impl.interceptor.LogInterceptor  - ---  finished --------------------------------------------------------
10:44:57,236 [main] DEBUG org.activiti.engine.impl.interceptor.LogInterceptor  - 

</system-out>
  </testcase>
  <testcase classname="org.activiti.engine.test.api.mgmt.JobQueryTest" name="testQueryByProcessInstanceId" time="0.021">
    <error message="
### Error querying database.  Cause: org.h2.jdbc.JdbcSQLException: Syntax error in SQL statement &quot;SELECT RES.* 
     
    FROM ACT_RU_JOB RES
     
     WHERE  RES.PROCESS_INSTANCE_ID_ = ? 
   
     ORDER BY  ORDER[*] BY RES.ID_ ASC  
    LIMIT ? OFFSET ? &quot;; expected &quot;=, NOT, EXISTS, INTERSECTS, SELECT, FROM&quot;; SQL statement:
select RES.* 
     
    from ACT_RU_JOB RES
     
     WHERE  RES.PROCESS_INSTANCE_ID_ = ? 
   
     order by  order by RES.ID_ asc  
    LIMIT ? OFFSET ? [42001-176]
### The error may exist in org/activiti/db/mapping/entity/Job.xml
### The error may involve org.activiti.engine.impl.persistence.entity.JobEntity.selectJobByQueryCriteria
### The error occurred while executing a query
### SQL: select RES.*            from ACT_RU_JOB RES            WHERE  RES.PROCESS_INSTANCE_ID_ = ?           order by  order by RES.ID_ asc       LIMIT ? OFFSET ?
### Cause: org.h2.jdbc.JdbcSQLException: Syntax error in SQL statement &quot;SELECT RES.* 
     
    FROM ACT_RU_JOB RES
     
     WHERE  RES.PROCESS_INSTANCE_ID_ = ? 
   
     ORDER BY  ORDER[*] BY RES.ID_ ASC  
    LIMIT ? OFFSET ? &quot;; expected &quot;=, NOT, EXISTS, INTERSECTS, SELECT, FROM&quot;; SQL statement:
select RES.* 
     
    from ACT_RU_JOB RES
     
     WHERE  RES.PROCESS_INSTANCE_ID_ = ? 
   
     order by  order by RES.ID_ asc  
    LIMIT ? OFFSET ? [42001-176]" type="org.apache.ibatis.exceptions.PersistenceException">org.apache.ibatis.exceptions.PersistenceException: 
### Error querying database.  Cause: org.h2.jdbc.JdbcSQLException: Syntax error in SQL statement &quot;SELECT RES.* 
     
    FROM ACT_RU_JOB RES
     
     WHERE  RES.PROCESS_INSTANCE_ID_ = ? 
   
     ORDER BY  ORDER[*] BY RES.ID_ ASC  
    LIMIT ? OFFSET ? &quot;; expected &quot;=, NOT, EXISTS, INTERSECTS, SELECT, FROM&quot;; SQL statement:
select RES.* 
     
    from ACT_RU_JOB RES
     
     WHERE  RES.PROCESS_INSTANCE_ID_ = ? 
   
     order by  order by RES.ID_ asc  
    LIMIT ? OFFSET ? [42001-176]
### The error may exist in org/activiti/db/mapping/entity/Job.xml
### The error may involve org.activiti.engine.impl.persistence.entity.JobEntity.selectJobByQueryCriteria
### The error occurred while executing a query
### SQL: select RES.*            from ACT_RU_JOB RES            WHERE  RES.PROCESS_INSTANCE_ID_ = ?           order by  order by RES.ID_ asc       LIMIT ? OFFSET ?
### Cause: org.h2.jdbc.JdbcSQLException: Syntax error in SQL statement &quot;SELECT RES.* 
     
    FROM ACT_RU_JOB RES
     
     WHERE  RES.PROCESS_INSTANCE_ID_ = ? 
   
     ORDER BY  ORDER[*] BY RES.ID_ ASC  
    LIMIT ? OFFSET ? &quot;; expected &quot;=, NOT, EXISTS, INTERSECTS, SELECT, FROM&quot;; SQL statement:
select RES.* 
     
    from ACT_RU_JOB RES
     
     WHERE  RES.PROCESS_INSTANCE_ID_ = ? 
   
     order by  order by RES.ID_ asc  
    LIMIT ? OFFSET ? [42001-176]
	at org.apache.ibatis.exceptions.ExceptionFactory.wrapException(ExceptionFactory.java:30)
	at org.apache.ibatis.session.defaults.DefaultSqlSession.selectList(DefaultSqlSession.java:122)
	at org.apache.ibatis.session.defaults.DefaultSqlSession.selectList(DefaultSqlSession.java:113)
	at org.activiti.engine.impl.db.DbSqlSession.selectListWithRawParameter(DbSqlSession.java:438)
	at org.activiti.engine.impl.db.DbSqlSession.selectList(DbSqlSession.java:429)
	at org.activiti.engine.impl.db.DbSqlSession.selectList(DbSqlSession.java:419)
	at org.activiti.engine.impl.persistence.entity.JobEntityManager.findJobsByQueryCriteria(JobEntityManager.java:198)
	at org.activiti.engine.impl.JobQueryImpl.executeList(JobQueryImpl.java:243)
	at org.activiti.engine.impl.AbstractQuery.execute(AbstractQuery.java:164)
	at org.activiti.engine.impl.interceptor.CommandInvoker.execute(CommandInvoker.java:24)
	at org.activiti.engine.impl.interceptor.CommandContextInterceptor.execute(CommandContextInterceptor.java:57)
	at org.activiti.engine.impl.interceptor.LogInterceptor.execute(LogInterceptor.java:37)
	at org.activiti.engine.impl.cfg.CommandExecutorImpl.execute(CommandExecutorImpl.java:40)
	at org.activiti.engine.impl.cfg.CommandExecutorImpl.execute(CommandExecutorImpl.java:35)
	at org.activiti.engine.impl.AbstractQuery.list(AbstractQuery.java:138)
	at org.activiti.engine.test.api.mgmt.JobQueryTest.verifyQueryResults(JobQueryTest.java:400)
	at org.activiti.engine.test.api.mgmt.JobQueryTest.testQueryByProcessInstanceId(JobQueryTest.java:128)
	at sun.reflect.NativeMethodAccessorImpl.invoke0(Native Method)
	at sun.reflect.NativeMethodAccessorImpl.invoke(NativeMethodAccessorImpl.java:62)
	at sun.reflect.DelegatingMethodAccessorImpl.invoke(DelegatingMethodAccessorImpl.java:43)
	at java.lang.reflect.Method.invoke(Method.java:498)
	at junit.framework.TestCase.runTest(TestCase.java:176)
	at org.activiti.engine.impl.test.PvmTestCase.runTest(PvmTestCase.java:65)
	at junit.framework.TestCase.runBare(TestCase.java:141)
	at org.activiti.engine.impl.test.AbstractActivitiTestCase.runBare(AbstractActivitiTestCase.java:100)
	at junit.framework.TestResult$1.protect(TestResult.java:122)
	at junit.framework.TestResult.runProtected(TestResult.java:142)
	at junit.framework.TestResult.run(TestResult.java:125)
	at junit.framework.TestCase.run(TestCase.java:129)
	at junit.framework.TestSuite.runTest(TestSuite.java:255)
	at junit.framework.TestSuite.run(TestSuite.java:250)
	at org.junit.internal.runners.JUnit38ClassRunner.run(JUnit38ClassRunner.java:84)
	at org.apache.maven.surefire.junit4.JUnit4TestSet.execute(JUnit4TestSet.java:35)
	at org.apache.maven.surefire.junit4.JUnit4Provider.executeTestSet(JUnit4Provider.java:146)
	at org.apache.maven.surefire.junit4.JUnit4Provider.invoke(JUnit4Provider.java:97)
	at sun.reflect.NativeMethodAccessorImpl.invoke0(Native Method)
	at sun.reflect.NativeMethodAccessorImpl.invoke(NativeMethodAccessorImpl.java:62)
	at sun.reflect.DelegatingMethodAccessorImpl.invoke(DelegatingMethodAccessorImpl.java:43)
	at java.lang.reflect.Method.invoke(Method.java:498)
	at org.apache.maven.surefire.booter.ProviderFactory$ClassLoaderProxy.invoke(ProviderFactory.java:103)
	at com.sun.proxy.$Proxy0.invoke(Unknown Source)
	at org.apache.maven.surefire.booter.SurefireStarter.invokeProvider(SurefireStarter.java:145)
	at org.apache.maven.surefire.booter.SurefireStarter.runSuitesInProcess(SurefireStarter.java:87)
	at org.apache.maven.surefire.booter.ForkedBooter.main(ForkedBooter.java:69)
Caused by: org.h2.jdbc.JdbcSQLException: Syntax error in SQL statement &quot;SELECT RES.* 
     
    FROM ACT_RU_JOB RES
     
     WHERE  RES.PROCESS_INSTANCE_ID_ = ? 
   
     ORDER BY  ORDER[*] BY RES.ID_ ASC  
    LIMIT ? OFFSET ? &quot;; expected &quot;=, NOT, EXISTS, INTERSECTS, SELECT, FROM&quot;; SQL statement:
select RES.* 
     
    from ACT_RU_JOB RES
     
     WHERE  RES.PROCESS_INSTANCE_ID_ = ? 
   
     order by  order by RES.ID_ asc  
    LIMIT ? OFFSET ? [42001-176]
	at org.h2.message.DbException.getJdbcSQLException(DbException.java:344)
	at org.h2.message.DbException.getSyntaxError(DbException.java:204)
	at org.h2.command.Parser.getSyntaxError(Parser.java:524)
	at org.h2.command.Parser.readTerm(Parser.java:2688)
	at org.h2.command.Parser.readFactor(Parser.java:2244)
	at org.h2.command.Parser.readSum(Parser.java:2231)
	at org.h2.command.Parser.readConcat(Parser.java:2201)
	at org.h2.command.Parser.readCondition(Parser.java:2051)
	at org.h2.command.Parser.readAnd(Parser.java:2023)
	at org.h2.command.Parser.readExpression(Parser.java:2015)
	at org.h2.command.Parser.parseEndOfQuery(Parser.java:1726)
	at org.h2.command.Parser.parseSelectUnionExtension(Parser.java:1706)
	at org.h2.command.Parser.parseSelectUnion(Parser.java:1675)
	at org.h2.command.Parser.parseSelect(Parser.java:1662)
	at org.h2.command.Parser.parsePrepared(Parser.java:434)
	at org.h2.command.Parser.parse(Parser.java:306)
	at org.h2.command.Parser.parse(Parser.java:282)
	at org.h2.command.Parser.prepareCommand(Parser.java:243)
	at org.h2.engine.Session.prepareLocal(Session.java:442)
	at org.h2.engine.Session.prepareCommand(Session.java:384)
	at org.h2.jdbc.JdbcConnection.prepareCommand(JdbcConnection.java:1188)
	at org.h2.jdbc.JdbcPreparedStatement.&lt;init&gt;(JdbcPreparedStatement.java:73)
	at org.h2.jdbc.JdbcConnection.prepareStatement(JdbcConnection.java:276)
	at sun.reflect.GeneratedMethodAccessor6.invoke(Unknown Source)
	at sun.reflect.DelegatingMethodAccessorImpl.invoke(DelegatingMethodAccessorImpl.java:43)
	at java.lang.reflect.Method.invoke(Method.java:498)
	at org.apache.ibatis.datasource.pooled.PooledConnection.invoke(PooledConnection.java:245)
	at com.sun.proxy.$Proxy12.prepareStatement(Unknown Source)
	at sun.reflect.GeneratedMethodAccessor6.invoke(Unknown Source)
	at sun.reflect.DelegatingMethodAccessorImpl.invoke(DelegatingMethodAccessorImpl.java:43)
	at java.lang.reflect.Method.invoke(Method.java:498)
	at org.apache.ibatis.logging.jdbc.ConnectionLogger.invoke(ConnectionLogger.java:55)
	at com.sun.proxy.$Proxy12.prepareStatement(Unknown Source)
	at org.apache.ibatis.executor.statement.PreparedStatementHandler.instantiateStatement(PreparedStatementHandler.java:79)
	at org.apache.ibatis.executor.statement.BaseStatementHandler.prepare(BaseStatementHandler.java:88)
	at org.apache.ibatis.executor.statement.RoutingStatementHandler.prepare(RoutingStatementHandler.java:58)
	at org.apache.ibatis.executor.SimpleExecutor.prepareStatement(SimpleExecutor.java:76)
	at org.apache.ibatis.executor.SimpleExecutor.doQuery(SimpleExecutor.java:61)
	at org.apache.ibatis.executor.BaseExecutor.queryFromDatabase(BaseExecutor.java:303)
	at org.apache.ibatis.executor.BaseExecutor.query(BaseExecutor.java:154)
	at org.apache.ibatis.executor.CachingExecutor.query(CachingExecutor.java:102)
	at org.apache.ibatis.executor.CachingExecutor.query(CachingExecutor.java:82)
	at org.apache.ibatis.session.defaults.DefaultSqlSession.selectList(DefaultSqlSession.java:120)
	... 42 more
</error>
    <system-out>10:44:57,237 [main] DEBUG org.activiti.engine.impl.interceptor.LogInterceptor  - 

10:44:57,237 [main] DEBUG org.activiti.engine.impl.interceptor.LogInterceptor  - --- starting DeployCmd --------------------------------------------------------
10:44:57,237 [main] DEBUG org.activiti.engine.impl.bpmn.deployer.BpmnDeployer  - Processing deployment null
10:44:57,237 [main] INFO  org.activiti.engine.impl.bpmn.deployer.BpmnDeployer  - Processing resource org/activiti/engine/test/api/mgmt/timerOnTask.bpmn20.xml
10:44:57,242 [main] DEBUG org.activiti.engine.impl.bpmn.parser.handler.ProcessParseHandler  - Parsing process timerOnTask
10:44:57,242 [main] DEBUG org.activiti.engine.impl.bpmn.parser.handler.AbstractBpmnParseHandler  - Parsing activity firstLineSupport
10:44:57,242 [main] DEBUG org.activiti.engine.impl.bpmn.parser.handler.AbstractBpmnParseHandler  - Parsing activity secondLineSupport
10:44:57,242 [main] DEBUG org.activiti.engine.impl.bpmn.parser.handler.AbstractBpmnParseHandler  - Parsing activity theStart
10:44:57,242 [main] DEBUG org.activiti.engine.impl.bpmn.parser.handler.AbstractBpmnParseHandler  - Parsing activity normalEnd
10:44:57,242 [main] DEBUG org.activiti.engine.impl.bpmn.parser.handler.AbstractBpmnParseHandler  - Parsing activity escalatedEnd
10:44:57,242 [main] DEBUG org.activiti.engine.impl.bpmn.parser.handler.AbstractBpmnParseHandler  - Parsing activity escalationTimer
10:44:57,242 [main] DEBUG org.apache.ibatis.transaction.jdbc.JdbcTransaction  - Opening JDBC Connection
10:44:57,242 [main] DEBUG org.apache.ibatis.datasource.pooled.PooledDataSource  - Checked out connection 363509958 from pool.
10:44:57,242 [main] DEBUG org.apache.ibatis.transaction.jdbc.JdbcTransaction  - Setting autocommit to false on JDBC Connection [conn2: url=jdbc:h2:mem:activiti user=SA]
10:44:57,242 [main] DEBUG org.activiti.engine.impl.persistence.entity.ProcessDefinitionEntity.selectLatestProcessDefinitionByKey  - ==&gt;  Preparing: select * from ACT_RE_PROCDEF where KEY_ = ? and (TENANT_ID_ = &apos;&apos; or TENANT_ID_ is null) and VERSION_ = (select max(VERSION_) from ACT_RE_PROCDEF where KEY_ = ? and (TENANT_ID_ = &apos;&apos; or TENANT_ID_ is null)) 
10:44:57,243 [main] DEBUG org.activiti.engine.impl.persistence.entity.ProcessDefinitionEntity.selectLatestProcessDefinitionByKey  - ==&gt; Parameters: timerOnTask(String), timerOnTask(String)
10:44:57,243 [main] DEBUG org.activiti.engine.impl.persistence.entity.ProcessDefinitionEntity.selectLatestProcessDefinitionByKey  - &lt;==      Total: 0
10:44:57,243 [main] DEBUG org.activiti.engine.impl.persistence.entity.JobEntity.selectJobByTypeAndProcessDefinitionKeyNoTenantId  - ==&gt;  Preparing: select J.* from ACT_RU_JOB J inner join ACT_RE_PROCDEF P on J.PROC_DEF_ID_ = P.ID_ where J.HANDLER_TYPE_ = ? and P.KEY_ = ? and (P.TENANT_ID_ = &apos;&apos; or P.TENANT_ID_ is null) 
10:44:57,243 [main] DEBUG org.activiti.engine.impl.persistence.entity.JobEntity.selectJobByTypeAndProcessDefinitionKeyNoTenantId  - ==&gt; Parameters: timer-start-event(String), timerOnTask(String)
10:44:57,243 [main] DEBUG org.activiti.engine.impl.persistence.entity.JobEntity.selectJobByTypeAndProcessDefinitionKeyNoTenantId  - &lt;==      Total: 0
10:44:57,243 [main] DEBUG org.activiti.engine.impl.persistence.entity.ProcessDefinitionInfoEntity.selectProcessDefinitionInfoByProcessDefinitionId  - ==&gt;  Preparing: select * from ACT_PROCDEF_INFO where PROC_DEF_ID_ = ? 
10:44:57,243 [main] DEBUG org.activiti.engine.impl.persistence.entity.ProcessDefinitionInfoEntity.selectProcessDefinitionInfoByProcessDefinitionId  - ==&gt; Parameters: timerOnTask:1:1706(String)
10:44:57,243 [main] DEBUG org.activiti.engine.impl.persistence.entity.ProcessDefinitionInfoEntity.selectProcessDefinitionInfoByProcessDefinitionId  - &lt;==      Total: 0
10:44:57,243 [main] DEBUG org.activiti.engine.impl.interceptor.LogInterceptor  - 

10:44:57,243 [main] DEBUG org.activiti.engine.impl.interceptor.LogInterceptor  - --- starting GetProcessDefinitionInfoCmd --------------------------------------------------------
10:44:57,243 [main] DEBUG org.activiti.engine.impl.interceptor.CommandContextInterceptor  - Valid context found. Reusing it for the current command &apos;org.activiti.engine.impl.cmd.GetProcessDefinitionInfoCmd&apos;
10:44:57,243 [main] DEBUG org.activiti.engine.impl.interceptor.LogInterceptor  - 

10:44:57,243 [main] DEBUG org.activiti.engine.impl.interceptor.LogInterceptor  - --- starting  --------------------------------------------------------
10:44:57,243 [main] DEBUG org.activiti.engine.impl.interceptor.CommandContextInterceptor  - Valid context found. Reusing it for the current command &apos;null&apos;
10:44:57,243 [main] DEBUG org.activiti.engine.impl.interceptor.LogInterceptor  - ---  finished --------------------------------------------------------
10:44:57,243 [main] DEBUG org.activiti.engine.impl.interceptor.LogInterceptor  - 

10:44:57,243 [main] DEBUG org.activiti.engine.impl.interceptor.LogInterceptor  - --- GetProcessDefinitionInfoCmd finished --------------------------------------------------------
10:44:57,243 [main] DEBUG org.activiti.engine.impl.interceptor.LogInterceptor  - 

10:44:57,243 [main] DEBUG org.activiti.engine.impl.db.DbSqlSession  -   insert ResourceEntity[id=1705, name=org/activiti/engine/test/api/mgmt/timerOnTask.bpmn20.xml]
10:44:57,243 [main] DEBUG org.activiti.engine.impl.db.DbSqlSession  -   insert DeploymentEntity[id=1704, name=null]
10:44:57,243 [main] DEBUG org.activiti.engine.impl.db.DbSqlSession  -   insert ProcessDefinitionEntity[timerOnTask:1:1706]
10:44:57,243 [main] DEBUG org.activiti.engine.impl.db.DbSqlSession  - flush summary: 3 insert, 0 update, 0 delete.
10:44:57,243 [main] DEBUG org.activiti.engine.impl.db.DbSqlSession  - now executing flush...
10:44:57,243 [main] DEBUG org.activiti.engine.impl.db.DbSqlSession  - inserting: ProcessDefinitionEntity[timerOnTask:1:1706]
10:44:57,243 [main] DEBUG org.activiti.engine.impl.persistence.entity.ProcessDefinitionEntity.insertProcessDefinition  - ==&gt;  Preparing: insert into ACT_RE_PROCDEF(ID_, REV_, CATEGORY_, NAME_, KEY_, VERSION_, DEPLOYMENT_ID_, RESOURCE_NAME_, DGRM_RESOURCE_NAME_, DESCRIPTION_, HAS_START_FORM_KEY_, HAS_GRAPHICAL_NOTATION_ , SUSPENSION_STATE_, TENANT_ID_) values (?, 1, ?, ?, ?, ?, ?, ?, ?, ?, ?, ?, ?, ?) 
10:44:57,243 [main] DEBUG org.activiti.engine.impl.persistence.entity.ProcessDefinitionEntity.insertProcessDefinition  - ==&gt; Parameters: timerOnTask:1:1706(String), org.activiti.enginge.test.api.mgmt(String), null, timerOnTask(String), 1(Integer), 1704(String), org/activiti/engine/test/api/mgmt/timerOnTask.bpmn20.xml(String), null, null, false(Boolean), false(Boolean), 1(Integer), (String)
10:44:57,243 [main] DEBUG org.activiti.engine.impl.persistence.entity.ProcessDefinitionEntity.insertProcessDefinition  - &lt;==    Updates: 1
10:44:57,243 [main] DEBUG org.activiti.engine.impl.db.DbSqlSession  - inserting: DeploymentEntity[id=1704, name=null]
10:44:57,243 [main] DEBUG org.activiti.engine.impl.persistence.entity.DeploymentEntity.insertDeployment  - ==&gt;  Preparing: insert into ACT_RE_DEPLOYMENT(ID_, NAME_, CATEGORY_, TENANT_ID_, DEPLOY_TIME_) values(?, ?, ?, ?, ?) 
10:44:57,243 [main] DEBUG org.activiti.engine.impl.persistence.entity.DeploymentEntity.insertDeployment  - ==&gt; Parameters: 1704(String), null, null, (String), 2023-03-20 12:44:57.0(Timestamp)
10:44:57,243 [main] DEBUG org.activiti.engine.impl.persistence.entity.DeploymentEntity.insertDeployment  - &lt;==    Updates: 1
10:44:57,243 [main] DEBUG org.activiti.engine.impl.db.DbSqlSession  - inserting: ResourceEntity[id=1705, name=org/activiti/engine/test/api/mgmt/timerOnTask.bpmn20.xml]
10:44:57,243 [main] DEBUG org.activiti.engine.impl.persistence.entity.ResourceEntity.insertResource  - ==&gt;  Preparing: insert into ACT_GE_BYTEARRAY(ID_, REV_, NAME_, BYTES_, DEPLOYMENT_ID_, GENERATED_) values (?, 1, ?, ?, ?, ?) 
10:44:57,243 [main] DEBUG org.activiti.engine.impl.persistence.entity.ResourceEntity.insertResource  - ==&gt; Parameters: 1705(String), org/activiti/engine/test/api/mgmt/timerOnTask.bpmn20.xml(String), java.io.ByteArrayInputStream@5c53f292(ByteArrayInputStream), 1704(String), false(Boolean)
10:44:57,243 [main] DEBUG org.activiti.engine.impl.persistence.entity.ResourceEntity.insertResource  - &lt;==    Updates: 1
10:44:57,243 [main] DEBUG org.activiti.engine.impl.cfg.standalone.StandaloneMybatisTransactionContext  - firing event committing...
10:44:57,243 [main] DEBUG org.activiti.engine.impl.cfg.standalone.StandaloneMybatisTransactionContext  - committing the ibatis sql session...
10:44:57,243 [main] DEBUG org.apache.ibatis.transaction.jdbc.JdbcTransaction  - Committing JDBC Connection [conn2: url=jdbc:h2:mem:activiti user=SA]
10:44:57,243 [main] DEBUG org.activiti.engine.impl.cfg.standalone.StandaloneMybatisTransactionContext  - firing event committed...
10:44:57,243 [main] DEBUG org.apache.ibatis.transaction.jdbc.JdbcTransaction  - Resetting autocommit to true on JDBC Connection [conn2: url=jdbc:h2:mem:activiti user=SA]
10:44:57,243 [main] DEBUG org.apache.ibatis.transaction.jdbc.JdbcTransaction  - Closing JDBC Connection [conn2: url=jdbc:h2:mem:activiti user=SA]
10:44:57,243 [main] DEBUG org.apache.ibatis.datasource.pooled.PooledDataSource  - Returned connection 363509958 to pool.
10:44:57,243 [main] DEBUG org.activiti.engine.impl.interceptor.LogInterceptor  - --- DeployCmd finished --------------------------------------------------------
10:44:57,243 [main] DEBUG org.activiti.engine.impl.interceptor.LogInterceptor  - 

10:44:57,244 [main] DEBUG org.activiti.engine.impl.interceptor.LogInterceptor  - 

10:44:57,244 [main] DEBUG org.activiti.engine.impl.interceptor.LogInterceptor  - --- starting StartProcessInstanceCmd --------------------------------------------------------
10:44:57,244 [main] DEBUG org.apache.ibatis.transaction.jdbc.JdbcTransaction  - Opening JDBC Connection
10:44:57,244 [main] DEBUG org.apache.ibatis.datasource.pooled.PooledDataSource  - Checked out connection 180014677 from pool.
10:44:57,244 [main] DEBUG org.apache.ibatis.transaction.jdbc.JdbcTransaction  - Setting autocommit to false on JDBC Connection [conn3: url=jdbc:h2:mem:activiti user=SA]
10:44:57,244 [main] DEBUG org.activiti.engine.impl.persistence.entity.ProcessDefinitionEntity.selectLatestProcessDefinitionByKey  - ==&gt;  Preparing: select * from ACT_RE_PROCDEF where KEY_ = ? and (TENANT_ID_ = &apos;&apos; or TENANT_ID_ is null) and VERSION_ = (select max(VERSION_) from ACT_RE_PROCDEF where KEY_ = ? and (TENANT_ID_ = &apos;&apos; or TENANT_ID_ is null)) 
10:44:57,244 [main] DEBUG org.activiti.engine.impl.persistence.entity.ProcessDefinitionEntity.selectLatestProcessDefinitionByKey  - ==&gt; Parameters: timerOnTask(String), timerOnTask(String)
10:44:57,244 [main] DEBUG org.activiti.engine.impl.persistence.entity.ProcessDefinitionEntity.selectLatestProcessDefinitionByKey  - &lt;==      Total: 1
10:44:57,244 [main] DEBUG org.activiti.engine.impl.persistence.entity.ExecutionEntity  - initializing ProcessInstance[1707]
10:44:57,244 [main] DEBUG org.activiti.engine.impl.history.DefaultHistoryManager  - Current history level: FULL, level required: ACTIVITY
10:44:57,244 [main] DEBUG org.activiti.engine.impl.pvm.runtime.AtomicOperationActivityExecute  - ProcessInstance[1707] executes Activity(theStart): org.activiti.engine.impl.bpmn.behavior.NoneStartEventActivityBehavior
10:44:57,244 [main] DEBUG org.activiti.engine.impl.persistence.entity.JobEntity.selectJobsByExecutionId  - ==&gt;  Preparing: select * from ACT_RU_JOB J where J.EXECUTION_ID_ = ? 
10:44:57,244 [main] DEBUG org.activiti.engine.impl.persistence.entity.JobEntity.selectJobsByExecutionId  - ==&gt; Parameters: 1707(String)
10:44:57,244 [main] DEBUG org.activiti.engine.impl.persistence.entity.JobEntity.selectJobsByExecutionId  - &lt;==      Total: 0
10:44:57,244 [main] DEBUG org.activiti.engine.impl.bpmn.behavior.BpmnActivityBehavior  - Leaving activity &apos;theStart&apos;
10:44:57,244 [main] DEBUG org.activiti.engine.impl.history.DefaultHistoryManager  - Current history level: FULL, level required: ACTIVITY
10:44:57,244 [main] DEBUG org.activiti.engine.impl.pvm.runtime.AtomicOperationTransitionNotifyListenerTake  - ProcessInstance[1707] takes transition (theStart)--flow1--&gt;(firstLineSupport)
10:44:57,244 [main] DEBUG org.activiti.engine.impl.persistence.entity.ExecutionEntity  - Child execution ScopeExecution[1709] created with parent 
10:44:57,244 [main] DEBUG org.activiti.engine.impl.pvm.runtime.AtomicOperationTransitionCreateScope  - create scope: parent ProcessInstance[1707] continues as execution ScopeExecution[1709]
10:44:57,244 [main] DEBUG org.activiti.engine.impl.persistence.entity.ExecutionEntity  - initializing ScopeExecution[1709]
10:44:57,244 [main] DEBUG org.activiti.engine.impl.persistence.entity.JobEntity.selectJobsByExecutionId  - ==&gt;  Preparing: select * from ACT_RU_JOB J where J.EXECUTION_ID_ = ? 
10:44:57,244 [main] DEBUG org.activiti.engine.impl.persistence.entity.JobEntity.selectJobsByExecutionId  - ==&gt; Parameters: 1709(String)
10:44:57,244 [main] DEBUG org.activiti.engine.impl.persistence.entity.JobEntity.selectJobsByExecutionId  - &lt;==      Total: 0
10:44:57,244 [main] DEBUG org.activiti.engine.impl.history.DefaultHistoryManager  - Current history level: FULL, level required: ACTIVITY
10:44:57,244 [main] DEBUG org.activiti.engine.impl.pvm.runtime.AtomicOperationActivityExecute  - ScopeExecution[1709] executes Activity(firstLineSupport): org.activiti.engine.impl.bpmn.behavior.UserTaskActivityBehavior
10:44:57,245 [main] DEBUG org.activiti.engine.impl.persistence.entity.TaskEntity.selectTasksByExecutionId  - ==&gt;  Preparing: select distinct T.* from ACT_RU_TASK T where T.EXECUTION_ID_ = ? 
10:44:57,245 [main] DEBUG org.activiti.engine.impl.persistence.entity.TaskEntity.selectTasksByExecutionId  - ==&gt; Parameters: 1709(String)
10:44:57,245 [main] DEBUG org.activiti.engine.impl.persistence.entity.TaskEntity.selectTasksByExecutionId  - &lt;==      Total: 0
10:44:57,245 [main] DEBUG org.activiti.engine.impl.history.DefaultHistoryManager  - Current history level: FULL, level required: AUDIT
10:44:57,245 [main] DEBUG org.activiti.engine.impl.history.DefaultHistoryManager  - Current history level: FULL, level required: AUDIT
10:44:57,245 [main] DEBUG org.activiti.engine.impl.interceptor.LogInterceptor  - 

10:44:57,245 [main] DEBUG org.activiti.engine.impl.interceptor.LogInterceptor  - --- starting  --------------------------------------------------------
10:44:57,245 [main] DEBUG org.activiti.engine.impl.interceptor.CommandContextInterceptor  - Valid context found. Reusing it for the current command &apos;null&apos;
10:44:57,245 [main] DEBUG org.activiti.engine.impl.persistence.entity.ProcessDefinitionInfoEntity.selectProcessDefinitionInfoByProcessDefinitionId  - ==&gt;  Preparing: select * from ACT_PROCDEF_INFO where PROC_DEF_ID_ = ? 
10:44:57,245 [main] DEBUG org.activiti.engine.impl.persistence.entity.ProcessDefinitionInfoEntity.selectProcessDefinitionInfoByProcessDefinitionId  - ==&gt; Parameters: timerOnTask:1:1706(String)
10:44:57,245 [main] DEBUG org.activiti.engine.impl.persistence.entity.ProcessDefinitionInfoEntity.selectProcessDefinitionInfoByProcessDefinitionId  - &lt;==      Total: 0
10:44:57,245 [main] DEBUG org.activiti.engine.impl.interceptor.LogInterceptor  - ---  finished --------------------------------------------------------
10:44:57,245 [main] DEBUG org.activiti.engine.impl.interceptor.LogInterceptor  - 

10:44:57,245 [main] DEBUG org.activiti.engine.impl.history.DefaultHistoryManager  - Current history level: FULL, level required: AUDIT
10:44:57,245 [main] DEBUG org.activiti.engine.impl.history.DefaultHistoryManager  - Current history level: FULL, level required: AUDIT
10:44:57,245 [main] DEBUG org.activiti.engine.impl.history.DefaultHistoryManager  - Current history level: FULL, level required: ACTIVITY
10:44:57,245 [main] DEBUG org.activiti.engine.impl.db.DbSqlSession  -   insert ProcessInstance[1707]
10:44:57,245 [main] DEBUG org.activiti.engine.impl.db.DbSqlSession  -   insert ScopeExecution[1709]
10:44:57,245 [main] DEBUG org.activiti.engine.impl.db.DbSqlSession  -   insert HistoricProcessInstanceEntity[superProcessInstanceId=null]
10:44:57,245 [main] DEBUG org.activiti.engine.impl.db.DbSqlSession  -   insert Task[id=1712, name=First line support]
10:44:57,245 [main] DEBUG org.activiti.engine.impl.db.DbSqlSession  -   insert HistoricTaskInstanceEntity[id=1712, name=First line support]
10:44:57,245 [main] DEBUG org.activiti.engine.impl.db.DbSqlSession  -   insert HistoricActivityInstanceEntity[activityId=theStart, activityName=null]
10:44:57,245 [main] DEBUG org.activiti.engine.impl.db.DbSqlSession  -   insert HistoricActivityInstanceEntity[activityId=firstLineSupport, activityName=First line support]
10:44:57,245 [main] DEBUG org.activiti.engine.impl.db.DbSqlSession  -   insert JobEntity [id=1710]
10:44:57,245 [main] DEBUG org.activiti.engine.impl.db.DbSqlSession  - flush summary: 8 insert, 0 update, 0 delete.
10:44:57,245 [main] DEBUG org.activiti.engine.impl.db.DbSqlSession  - now executing flush...
10:44:57,245 [main] DEBUG org.activiti.engine.impl.db.DbSqlSession  - inserting: HistoricTaskInstanceEntity[id=1712, name=First line support]
10:44:57,245 [main] DEBUG org.activiti.engine.impl.persistence.entity.HistoricTaskInstanceEntity.insertHistoricTaskInstance  - ==&gt;  Preparing: insert into ACT_HI_TASKINST ( ID_, PROC_DEF_ID_, PROC_INST_ID_, EXECUTION_ID_, NAME_, PARENT_TASK_ID_, DESCRIPTION_, OWNER_, ASSIGNEE_, START_TIME_, CLAIM_TIME_, END_TIME_, DURATION_, DELETE_REASON_, TASK_DEF_KEY_, FORM_KEY_, PRIORITY_, DUE_DATE_, CATEGORY_, TENANT_ID_ ) values ( ?, ?, ?, ?, ?, ?, ?, ?, ?, ?, ?, ?, ?, ?, ?, ?, ?, ?, ?, ? ) 
10:44:57,245 [main] DEBUG org.activiti.engine.impl.persistence.entity.HistoricTaskInstanceEntity.insertHistoricTaskInstance  - ==&gt; Parameters: 1712(String), timerOnTask:1:1706(String), 1707(String), 1709(String), First line support(String), null, null, null, null, 2023-03-20 10:44:57.0(Timestamp), null, null, null, null, firstLineSupport(String), null, 50(Integer), null, null, (String)
10:44:57,245 [main] DEBUG org.activiti.engine.impl.persistence.entity.HistoricTaskInstanceEntity.insertHistoricTaskInstance  - &lt;==    Updates: 1
10:44:57,245 [main] DEBUG org.activiti.engine.impl.db.DbSqlSession  - inserting: HistoricProcessInstanceEntity[superProcessInstanceId=null]
10:44:57,245 [main] DEBUG org.activiti.engine.impl.persistence.entity.HistoricProcessInstanceEntity.insertHistoricProcessInstance  - ==&gt;  Preparing: insert into ACT_HI_PROCINST ( ID_, PROC_INST_ID_, BUSINESS_KEY_, PROC_DEF_ID_, START_TIME_, END_TIME_, DURATION_, START_USER_ID_, START_ACT_ID_, END_ACT_ID_, SUPER_PROCESS_INSTANCE_ID_, DELETE_REASON_, TENANT_ID_, NAME_ ) values ( ?, ?, ?, ?, ?, ?, ?, ?, ?, ?, ?, ?, ?, ? ) 
10:44:57,245 [main] DEBUG org.activiti.engine.impl.persistence.entity.HistoricProcessInstanceEntity.insertHistoricProcessInstance  - ==&gt; Parameters: 1707(String), 1707(String), null, timerOnTask:1:1706(String), 2023-03-20 10:44:57.0(Timestamp), null, null, null, theStart(String), null, null, null, (String), null
10:44:57,245 [main] DEBUG org.activiti.engine.impl.persistence.entity.HistoricProcessInstanceEntity.insertHistoricProcessInstance  - &lt;==    Updates: 1
10:44:57,245 [main] DEBUG org.activiti.engine.impl.persistence.entity.HistoricActivityInstanceEntity.bulkInsertHistoricActivityInstance  - ==&gt;  Preparing: insert into ACT_HI_ACTINST ( ID_, PROC_DEF_ID_, PROC_INST_ID_, EXECUTION_ID_, ACT_ID_, TASK_ID_, CALL_PROC_INST_ID_, ACT_NAME_, ACT_TYPE_, ASSIGNEE_, START_TIME_, END_TIME_, DURATION_, TENANT_ID_ ) values (?, ?, ?, ?, ?, ?, ?, ?, ?, ?, ?, ?, ?, ?) , (?, ?, ?, ?, ?, ?, ?, ?, ?, ?, ?, ?, ?, ?) 
10:44:57,245 [main] DEBUG org.activiti.engine.impl.persistence.entity.HistoricActivityInstanceEntity.bulkInsertHistoricActivityInstance  - ==&gt; Parameters: 1708(String), timerOnTask:1:1706(String), 1707(String), 1707(String), theStart(String), null, null, null, startEvent(String), null, 2023-03-20 10:44:57.0(Timestamp), 2023-03-20 10:44:57.0(Timestamp), 0(Long), (String), 1711(String), timerOnTask:1:1706(String), 1707(String), 1709(String), firstLineSupport(String), 1712(String), null, First line support(String), userTask(String), null, 2023-03-20 10:44:57.0(Timestamp), null, null, (String)
10:44:57,245 [main] DEBUG org.activiti.engine.impl.persistence.entity.HistoricActivityInstanceEntity.bulkInsertHistoricActivityInstance  - &lt;==    Updates: 2
10:44:57,246 [main] DEBUG org.activiti.engine.impl.persistence.entity.ExecutionEntity.bulkInsertExecution  - ==&gt;  Preparing: insert into ACT_RU_EXECUTION (ID_, REV_, PROC_INST_ID_, BUSINESS_KEY_, PROC_DEF_ID_, ACT_ID_, IS_ACTIVE_, IS_CONCURRENT_, IS_SCOPE_,IS_EVENT_SCOPE_, PARENT_ID_, SUPER_EXEC_, SUSPENSION_STATE_, CACHED_ENT_STATE_, TENANT_ID_, NAME_) values (?, 1, ?, ?, ?, ?, ?, ?, ?, ?, ?, ?, ?, ?, ?, ?) , (?, 1, ?, ?, ?, ?, ?, ?, ?, ?, ?, ?, ?, ?, ?, ?) 
10:44:57,246 [main] DEBUG org.activiti.engine.impl.persistence.entity.ExecutionEntity.bulkInsertExecution  - ==&gt; Parameters: 1707(String), 1707(String), null, timerOnTask:1:1706(String), null, false(Boolean), false(Boolean), true(Boolean), false(Boolean), null, null, 1(Integer), 2(Integer), (String), null, 1709(String), 1707(String), null, timerOnTask:1:1706(String), firstLineSupport(String), true(Boolean), false(Boolean), true(Boolean), false(Boolean), 1707(String), null, 1(Integer), 6(Integer), (String), null
10:44:57,246 [main] DEBUG org.activiti.engine.impl.persistence.entity.ExecutionEntity.bulkInsertExecution  - &lt;==    Updates: 2
10:44:57,246 [main] DEBUG org.activiti.engine.impl.db.DbSqlSession  - inserting: Task[id=1712, name=First line support]
10:44:57,246 [main] DEBUG org.activiti.engine.impl.persistence.entity.TaskEntity.insertTask  - ==&gt;  Preparing: insert into ACT_RU_TASK (ID_, REV_, NAME_, PARENT_TASK_ID_, DESCRIPTION_, PRIORITY_, CREATE_TIME_, OWNER_, ASSIGNEE_, DELEGATION_, EXECUTION_ID_, PROC_INST_ID_, PROC_DEF_ID_, TASK_DEF_KEY_, DUE_DATE_, CATEGORY_, SUSPENSION_STATE_, TENANT_ID_, FORM_KEY_) values (?, 1, ?, ?, ?, ?, ?, ?, ?, ?, ?, ?, ?, ?, ?, ?, ?, ?, ? ) 
10:44:57,246 [main] DEBUG org.activiti.engine.impl.persistence.entity.TaskEntity.insertTask  - ==&gt; Parameters: 1712(String), First line support(String), null, null, 50(Integer), 2023-03-20 10:44:57.0(Timestamp), null, null, null, 1709(String), 1707(String), timerOnTask:1:1706(String), firstLineSupport(String), null, null, 1(Integer), (String), null
10:44:57,246 [main] DEBUG org.activiti.engine.impl.persistence.entity.TaskEntity.insertTask  - &lt;==    Updates: 1
10:44:57,246 [main] DEBUG org.activiti.engine.impl.db.DbSqlSession  - inserting: JobEntity [id=1710]
10:44:57,246 [main] DEBUG org.activiti.engine.impl.persistence.entity.JobEntity.insertTimer  - ==&gt;  Preparing: insert into ACT_RU_JOB ( ID_, REV_, TYPE_, LOCK_OWNER_, LOCK_EXP_TIME_, EXCLUSIVE_, EXECUTION_ID_, PROCESS_INSTANCE_ID_, PROC_DEF_ID_, RETRIES_, EXCEPTION_STACK_ID_, EXCEPTION_MSG_, DUEDATE_, REPEAT_, HANDLER_TYPE_, HANDLER_CFG_, TENANT_ID_) values (?, 1, &apos;timer&apos;, ?, ?, ?, ?, ?, ?, ?, ?, ?, ?, ?, ?, ?, ? ) 
10:44:57,246 [main] DEBUG org.activiti.engine.impl.persistence.entity.JobEntity.insertTimer  - ==&gt; Parameters: 1710(String), null, null, true(Boolean), 1709(String), 1707(String), timerOnTask:1:1706(String), 3(Integer), null, null, 2023-03-20 11:44:57.0(Timestamp), null, timer-transition(String), {&quot;activityId&quot;:&quot;escalationTimer&quot;}(String), (String)
10:44:57,246 [main] DEBUG org.activiti.engine.impl.persistence.entity.JobEntity.insertTimer  - &lt;==    Updates: 1
10:44:57,246 [main] DEBUG org.activiti.engine.impl.cfg.standalone.StandaloneMybatisTransactionContext  - firing event committing...
10:44:57,246 [main] DEBUG org.activiti.engine.impl.cfg.standalone.StandaloneMybatisTransactionContext  - committing the ibatis sql session...
10:44:57,246 [main] DEBUG org.apache.ibatis.transaction.jdbc.JdbcTransaction  - Committing JDBC Connection [conn3: url=jdbc:h2:mem:activiti user=SA]
10:44:57,246 [main] DEBUG org.activiti.engine.impl.cfg.standalone.StandaloneMybatisTransactionContext  - firing event committed...
10:44:57,246 [main] DEBUG org.apache.ibatis.transaction.jdbc.JdbcTransaction  - Resetting autocommit to true on JDBC Connection [conn3: url=jdbc:h2:mem:activiti user=SA]
10:44:57,246 [main] DEBUG org.apache.ibatis.transaction.jdbc.JdbcTransaction  - Closing JDBC Connection [conn3: url=jdbc:h2:mem:activiti user=SA]
10:44:57,246 [main] DEBUG org.apache.ibatis.datasource.pooled.PooledDataSource  - Returned connection 180014677 to pool.
10:44:57,246 [main] DEBUG org.activiti.engine.impl.interceptor.LogInterceptor  - --- StartProcessInstanceCmd finished --------------------------------------------------------
10:44:57,246 [main] DEBUG org.activiti.engine.impl.interceptor.LogInterceptor  - 

10:44:57,246 [main] DEBUG org.activiti.engine.impl.interceptor.LogInterceptor  - 

10:44:57,246 [main] DEBUG org.activiti.engine.impl.interceptor.LogInterceptor  - --- starting StartProcessInstanceCmd --------------------------------------------------------
10:44:57,246 [main] DEBUG org.apache.ibatis.transaction.jdbc.JdbcTransaction  - Opening JDBC Connection
10:44:57,246 [main] DEBUG org.apache.ibatis.datasource.pooled.PooledDataSource  - Checked out connection 297240765 from pool.
10:44:57,246 [main] DEBUG org.apache.ibatis.transaction.jdbc.JdbcTransaction  - Setting autocommit to false on JDBC Connection [conn4: url=jdbc:h2:mem:activiti user=SA]
10:44:57,246 [main] DEBUG org.activiti.engine.impl.persistence.entity.ProcessDefinitionEntity.selectLatestProcessDefinitionByKey  - ==&gt;  Preparing: select * from ACT_RE_PROCDEF where KEY_ = ? and (TENANT_ID_ = &apos;&apos; or TENANT_ID_ is null) and VERSION_ = (select max(VERSION_) from ACT_RE_PROCDEF where KEY_ = ? and (TENANT_ID_ = &apos;&apos; or TENANT_ID_ is null)) 
10:44:57,246 [main] DEBUG org.activiti.engine.impl.persistence.entity.ProcessDefinitionEntity.selectLatestProcessDefinitionByKey  - ==&gt; Parameters: timerOnTask(String), timerOnTask(String)
10:44:57,246 [main] DEBUG org.activiti.engine.impl.persistence.entity.ProcessDefinitionEntity.selectLatestProcessDefinitionByKey  - &lt;==      Total: 1
10:44:57,246 [main] DEBUG org.activiti.engine.impl.persistence.entity.ExecutionEntity  - initializing ProcessInstance[1713]
10:44:57,246 [main] DEBUG org.activiti.engine.impl.history.DefaultHistoryManager  - Current history level: FULL, level required: ACTIVITY
10:44:57,246 [main] DEBUG org.activiti.engine.impl.pvm.runtime.AtomicOperationActivityExecute  - ProcessInstance[1713] executes Activity(theStart): org.activiti.engine.impl.bpmn.behavior.NoneStartEventActivityBehavior
10:44:57,246 [main] DEBUG org.activiti.engine.impl.persistence.entity.JobEntity.selectJobsByExecutionId  - ==&gt;  Preparing: select * from ACT_RU_JOB J where J.EXECUTION_ID_ = ? 
10:44:57,246 [main] DEBUG org.activiti.engine.impl.persistence.entity.JobEntity.selectJobsByExecutionId  - ==&gt; Parameters: 1713(String)
10:44:57,246 [main] DEBUG org.activiti.engine.impl.persistence.entity.JobEntity.selectJobsByExecutionId  - &lt;==      Total: 0
10:44:57,246 [main] DEBUG org.activiti.engine.impl.bpmn.behavior.BpmnActivityBehavior  - Leaving activity &apos;theStart&apos;
10:44:57,246 [main] DEBUG org.activiti.engine.impl.history.DefaultHistoryManager  - Current history level: FULL, level required: ACTIVITY
10:44:57,246 [main] DEBUG org.activiti.engine.impl.pvm.runtime.AtomicOperationTransitionNotifyListenerTake  - ProcessInstance[1713] takes transition (theStart)--flow1--&gt;(firstLineSupport)
10:44:57,246 [main] DEBUG org.activiti.engine.impl.persistence.entity.ExecutionEntity  - Child execution ScopeExecution[1715] created with parent 
10:44:57,246 [main] DEBUG org.activiti.engine.impl.pvm.runtime.AtomicOperationTransitionCreateScope  - create scope: parent ProcessInstance[1713] continues as execution ScopeExecution[1715]
10:44:57,246 [main] DEBUG org.activiti.engine.impl.persistence.entity.ExecutionEntity  - initializing ScopeExecution[1715]
10:44:57,246 [main] DEBUG org.activiti.engine.impl.persistence.entity.JobEntity.selectJobsByExecutionId  - ==&gt;  Preparing: select * from ACT_RU_JOB J where J.EXECUTION_ID_ = ? 
10:44:57,247 [main] DEBUG org.activiti.engine.impl.persistence.entity.JobEntity.selectJobsByExecutionId  - ==&gt; Parameters: 1715(String)
10:44:57,247 [main] DEBUG org.activiti.engine.impl.persistence.entity.JobEntity.selectJobsByExecutionId  - &lt;==      Total: 0
10:44:57,247 [main] DEBUG org.activiti.engine.impl.history.DefaultHistoryManager  - Current history level: FULL, level required: ACTIVITY
10:44:57,247 [main] DEBUG org.activiti.engine.impl.pvm.runtime.AtomicOperationActivityExecute  - ScopeExecution[1715] executes Activity(firstLineSupport): org.activiti.engine.impl.bpmn.behavior.UserTaskActivityBehavior
10:44:57,247 [main] DEBUG org.activiti.engine.impl.persistence.entity.TaskEntity.selectTasksByExecutionId  - ==&gt;  Preparing: select distinct T.* from ACT_RU_TASK T where T.EXECUTION_ID_ = ? 
10:44:57,247 [main] DEBUG org.activiti.engine.impl.persistence.entity.TaskEntity.selectTasksByExecutionId  - ==&gt; Parameters: 1715(String)
10:44:57,247 [main] DEBUG org.activiti.engine.impl.persistence.entity.TaskEntity.selectTasksByExecutionId  - &lt;==      Total: 0
10:44:57,247 [main] DEBUG org.activiti.engine.impl.history.DefaultHistoryManager  - Current history level: FULL, level required: AUDIT
10:44:57,247 [main] DEBUG org.activiti.engine.impl.history.DefaultHistoryManager  - Current history level: FULL, level required: AUDIT
10:44:57,247 [main] DEBUG org.activiti.engine.impl.interceptor.LogInterceptor  - 

10:44:57,247 [main] DEBUG org.activiti.engine.impl.interceptor.LogInterceptor  - --- starting  --------------------------------------------------------
10:44:57,247 [main] DEBUG org.activiti.engine.impl.interceptor.CommandContextInterceptor  - Valid context found. Reusing it for the current command &apos;null&apos;
10:44:57,247 [main] DEBUG org.activiti.engine.impl.persistence.entity.ProcessDefinitionInfoEntity.selectProcessDefinitionInfoByProcessDefinitionId  - ==&gt;  Preparing: select * from ACT_PROCDEF_INFO where PROC_DEF_ID_ = ? 
10:44:57,247 [main] DEBUG org.activiti.engine.impl.persistence.entity.ProcessDefinitionInfoEntity.selectProcessDefinitionInfoByProcessDefinitionId  - ==&gt; Parameters: timerOnTask:1:1706(String)
10:44:57,247 [main] DEBUG org.activiti.engine.impl.persistence.entity.ProcessDefinitionInfoEntity.selectProcessDefinitionInfoByProcessDefinitionId  - &lt;==      Total: 0
10:44:57,247 [main] DEBUG org.activiti.engine.impl.interceptor.LogInterceptor  - ---  finished --------------------------------------------------------
10:44:57,247 [main] DEBUG org.activiti.engine.impl.interceptor.LogInterceptor  - 

10:44:57,247 [main] DEBUG org.activiti.engine.impl.history.DefaultHistoryManager  - Current history level: FULL, level required: AUDIT
10:44:57,247 [main] DEBUG org.activiti.engine.impl.history.DefaultHistoryManager  - Current history level: FULL, level required: AUDIT
10:44:57,247 [main] DEBUG org.activiti.engine.impl.history.DefaultHistoryManager  - Current history level: FULL, level required: ACTIVITY
10:44:57,247 [main] DEBUG org.activiti.engine.impl.db.DbSqlSession  -   insert ProcessInstance[1713]
10:44:57,247 [main] DEBUG org.activiti.engine.impl.db.DbSqlSession  -   insert ScopeExecution[1715]
10:44:57,247 [main] DEBUG org.activiti.engine.impl.db.DbSqlSession  -   insert HistoricProcessInstanceEntity[superProcessInstanceId=null]
10:44:57,247 [main] DEBUG org.activiti.engine.impl.db.DbSqlSession  -   insert Task[id=1718, name=First line support]
10:44:57,247 [main] DEBUG org.activiti.engine.impl.db.DbSqlSession  -   insert HistoricTaskInstanceEntity[id=1718, name=First line support]
10:44:57,247 [main] DEBUG org.activiti.engine.impl.db.DbSqlSession  -   insert HistoricActivityInstanceEntity[activityId=theStart, activityName=null]
10:44:57,247 [main] DEBUG org.activiti.engine.impl.db.DbSqlSession  -   insert HistoricActivityInstanceEntity[activityId=firstLineSupport, activityName=First line support]
10:44:57,247 [main] DEBUG org.activiti.engine.impl.db.DbSqlSession  -   insert JobEntity [id=1716]
10:44:57,247 [main] DEBUG org.activiti.engine.impl.db.DbSqlSession  - flush summary: 8 insert, 0 update, 0 delete.
10:44:57,247 [main] DEBUG org.activiti.engine.impl.db.DbSqlSession  - now executing flush...
10:44:57,247 [main] DEBUG org.activiti.engine.impl.db.DbSqlSession  - inserting: HistoricTaskInstanceEntity[id=1718, name=First line support]
10:44:57,247 [main] DEBUG org.activiti.engine.impl.persistence.entity.HistoricTaskInstanceEntity.insertHistoricTaskInstance  - ==&gt;  Preparing: insert into ACT_HI_TASKINST ( ID_, PROC_DEF_ID_, PROC_INST_ID_, EXECUTION_ID_, NAME_, PARENT_TASK_ID_, DESCRIPTION_, OWNER_, ASSIGNEE_, START_TIME_, CLAIM_TIME_, END_TIME_, DURATION_, DELETE_REASON_, TASK_DEF_KEY_, FORM_KEY_, PRIORITY_, DUE_DATE_, CATEGORY_, TENANT_ID_ ) values ( ?, ?, ?, ?, ?, ?, ?, ?, ?, ?, ?, ?, ?, ?, ?, ?, ?, ?, ?, ? ) 
10:44:57,247 [main] DEBUG org.activiti.engine.impl.persistence.entity.HistoricTaskInstanceEntity.insertHistoricTaskInstance  - ==&gt; Parameters: 1718(String), timerOnTask:1:1706(String), 1713(String), 1715(String), First line support(String), null, null, null, null, 2023-03-20 11:44:57.0(Timestamp), null, null, null, null, firstLineSupport(String), null, 50(Integer), null, null, (String)
10:44:57,247 [main] DEBUG org.activiti.engine.impl.persistence.entity.HistoricTaskInstanceEntity.insertHistoricTaskInstance  - &lt;==    Updates: 1
10:44:57,247 [main] DEBUG org.activiti.engine.impl.db.DbSqlSession  - inserting: HistoricProcessInstanceEntity[superProcessInstanceId=null]
10:44:57,247 [main] DEBUG org.activiti.engine.impl.persistence.entity.HistoricProcessInstanceEntity.insertHistoricProcessInstance  - ==&gt;  Preparing: insert into ACT_HI_PROCINST ( ID_, PROC_INST_ID_, BUSINESS_KEY_, PROC_DEF_ID_, START_TIME_, END_TIME_, DURATION_, START_USER_ID_, START_ACT_ID_, END_ACT_ID_, SUPER_PROCESS_INSTANCE_ID_, DELETE_REASON_, TENANT_ID_, NAME_ ) values ( ?, ?, ?, ?, ?, ?, ?, ?, ?, ?, ?, ?, ?, ? ) 
10:44:57,247 [main] DEBUG org.activiti.engine.impl.persistence.entity.HistoricProcessInstanceEntity.insertHistoricProcessInstance  - ==&gt; Parameters: 1713(String), 1713(String), null, timerOnTask:1:1706(String), 2023-03-20 11:44:57.0(Timestamp), null, null, null, theStart(String), null, null, null, (String), null
10:44:57,247 [main] DEBUG org.activiti.engine.impl.persistence.entity.HistoricProcessInstanceEntity.insertHistoricProcessInstance  - &lt;==    Updates: 1
10:44:57,247 [main] DEBUG org.activiti.engine.impl.persistence.entity.HistoricActivityInstanceEntity.bulkInsertHistoricActivityInstance  - ==&gt;  Preparing: insert into ACT_HI_ACTINST ( ID_, PROC_DEF_ID_, PROC_INST_ID_, EXECUTION_ID_, ACT_ID_, TASK_ID_, CALL_PROC_INST_ID_, ACT_NAME_, ACT_TYPE_, ASSIGNEE_, START_TIME_, END_TIME_, DURATION_, TENANT_ID_ ) values (?, ?, ?, ?, ?, ?, ?, ?, ?, ?, ?, ?, ?, ?) , (?, ?, ?, ?, ?, ?, ?, ?, ?, ?, ?, ?, ?, ?) 
10:44:57,247 [main] DEBUG org.activiti.engine.impl.persistence.entity.HistoricActivityInstanceEntity.bulkInsertHistoricActivityInstance  - ==&gt; Parameters: 1714(String), timerOnTask:1:1706(String), 1713(String), 1713(String), theStart(String), null, null, null, startEvent(String), null, 2023-03-20 11:44:57.0(Timestamp), 2023-03-20 11:44:57.0(Timestamp), 0(Long), (String), 1717(String), timerOnTask:1:1706(String), 1713(String), 1715(String), firstLineSupport(String), 1718(String), null, First line support(String), userTask(String), null, 2023-03-20 11:44:57.0(Timestamp), null, null, (String)
10:44:57,247 [main] DEBUG org.activiti.engine.impl.persistence.entity.HistoricActivityInstanceEntity.bulkInsertHistoricActivityInstance  - &lt;==    Updates: 2
10:44:57,247 [main] DEBUG org.activiti.engine.impl.persistence.entity.ExecutionEntity.bulkInsertExecution  - ==&gt;  Preparing: insert into ACT_RU_EXECUTION (ID_, REV_, PROC_INST_ID_, BUSINESS_KEY_, PROC_DEF_ID_, ACT_ID_, IS_ACTIVE_, IS_CONCURRENT_, IS_SCOPE_,IS_EVENT_SCOPE_, PARENT_ID_, SUPER_EXEC_, SUSPENSION_STATE_, CACHED_ENT_STATE_, TENANT_ID_, NAME_) values (?, 1, ?, ?, ?, ?, ?, ?, ?, ?, ?, ?, ?, ?, ?, ?) , (?, 1, ?, ?, ?, ?, ?, ?, ?, ?, ?, ?, ?, ?, ?, ?) 
10:44:57,247 [main] DEBUG org.activiti.engine.impl.persistence.entity.ExecutionEntity.bulkInsertExecution  - ==&gt; Parameters: 1713(String), 1713(String), null, timerOnTask:1:1706(String), null, false(Boolean), false(Boolean), true(Boolean), false(Boolean), null, null, 1(Integer), 2(Integer), (String), null, 1715(String), 1713(String), null, timerOnTask:1:1706(String), firstLineSupport(String), true(Boolean), false(Boolean), true(Boolean), false(Boolean), 1713(String), null, 1(Integer), 6(Integer), (String), null
10:44:57,247 [main] DEBUG org.activiti.engine.impl.persistence.entity.ExecutionEntity.bulkInsertExecution  - &lt;==    Updates: 2
10:44:57,247 [main] DEBUG org.activiti.engine.impl.db.DbSqlSession  - inserting: Task[id=1718, name=First line support]
10:44:57,247 [main] DEBUG org.activiti.engine.impl.persistence.entity.TaskEntity.insertTask  - ==&gt;  Preparing: insert into ACT_RU_TASK (ID_, REV_, NAME_, PARENT_TASK_ID_, DESCRIPTION_, PRIORITY_, CREATE_TIME_, OWNER_, ASSIGNEE_, DELEGATION_, EXECUTION_ID_, PROC_INST_ID_, PROC_DEF_ID_, TASK_DEF_KEY_, DUE_DATE_, CATEGORY_, SUSPENSION_STATE_, TENANT_ID_, FORM_KEY_) values (?, 1, ?, ?, ?, ?, ?, ?, ?, ?, ?, ?, ?, ?, ?, ?, ?, ?, ? ) 
10:44:57,247 [main] DEBUG org.activiti.engine.impl.persistence.entity.TaskEntity.insertTask  - ==&gt; Parameters: 1718(String), First line support(String), null, null, 50(Integer), 2023-03-20 11:44:57.0(Timestamp), null, null, null, 1715(String), 1713(String), timerOnTask:1:1706(String), firstLineSupport(String), null, null, 1(Integer), (String), null
10:44:57,247 [main] DEBUG org.activiti.engine.impl.persistence.entity.TaskEntity.insertTask  - &lt;==    Updates: 1
10:44:57,247 [main] DEBUG org.activiti.engine.impl.db.DbSqlSession  - inserting: JobEntity [id=1716]
10:44:57,247 [main] DEBUG org.activiti.engine.impl.persistence.entity.JobEntity.insertTimer  - ==&gt;  Preparing: insert into ACT_RU_JOB ( ID_, REV_, TYPE_, LOCK_OWNER_, LOCK_EXP_TIME_, EXCLUSIVE_, EXECUTION_ID_, PROCESS_INSTANCE_ID_, PROC_DEF_ID_, RETRIES_, EXCEPTION_STACK_ID_, EXCEPTION_MSG_, DUEDATE_, REPEAT_, HANDLER_TYPE_, HANDLER_CFG_, TENANT_ID_) values (?, 1, &apos;timer&apos;, ?, ?, ?, ?, ?, ?, ?, ?, ?, ?, ?, ?, ?, ? ) 
10:44:57,247 [main] DEBUG org.activiti.engine.impl.persistence.entity.JobEntity.insertTimer  - ==&gt; Parameters: 1716(String), null, null, true(Boolean), 1715(String), 1713(String), timerOnTask:1:1706(String), 3(Integer), null, null, 2023-03-20 12:44:57.0(Timestamp), null, timer-transition(String), {&quot;activityId&quot;:&quot;escalationTimer&quot;}(String), (String)
10:44:57,247 [main] DEBUG org.activiti.engine.impl.persistence.entity.JobEntity.insertTimer  - &lt;==    Updates: 1
10:44:57,247 [main] DEBUG org.activiti.engine.impl.cfg.standalone.StandaloneMybatisTransactionContext  - firing event committing...
10:44:57,247 [main] DEBUG org.activiti.engine.impl.cfg.standalone.StandaloneMybatisTransactionContext  - committing the ibatis sql session...
10:44:57,247 [main] DEBUG org.apache.ibatis.transaction.jdbc.JdbcTransaction  - Committing JDBC Connection [conn4: url=jdbc:h2:mem:activiti user=SA]
10:44:57,247 [main] DEBUG org.activiti.engine.impl.cfg.standalone.StandaloneMybatisTransactionContext  - firing event committed...
10:44:57,247 [main] DEBUG org.apache.ibatis.transaction.jdbc.JdbcTransaction  - Resetting autocommit to true on JDBC Connection [conn4: url=jdbc:h2:mem:activiti user=SA]
10:44:57,247 [main] DEBUG org.apache.ibatis.transaction.jdbc.JdbcTransaction  - Closing JDBC Connection [conn4: url=jdbc:h2:mem:activiti user=SA]
10:44:57,247 [main] DEBUG org.apache.ibatis.datasource.pooled.PooledDataSource  - Returned connection 297240765 to pool.
10:44:57,247 [main] DEBUG org.activiti.engine.impl.interceptor.LogInterceptor  - --- StartProcessInstanceCmd finished --------------------------------------------------------
10:44:57,247 [main] DEBUG org.activiti.engine.impl.interceptor.LogInterceptor  - 

10:44:57,247 [main] DEBUG org.activiti.engine.impl.interceptor.LogInterceptor  - 

10:44:57,248 [main] DEBUG org.activiti.engine.impl.interceptor.LogInterceptor  - --- starting StartProcessInstanceCmd --------------------------------------------------------
10:44:57,248 [main] DEBUG org.apache.ibatis.transaction.jdbc.JdbcTransaction  - Opening JDBC Connection
10:44:57,248 [main] DEBUG org.apache.ibatis.datasource.pooled.PooledDataSource  - Checked out connection 363509958 from pool.
10:44:57,248 [main] DEBUG org.apache.ibatis.transaction.jdbc.JdbcTransaction  - Setting autocommit to false on JDBC Connection [conn2: url=jdbc:h2:mem:activiti user=SA]
10:44:57,248 [main] DEBUG org.activiti.engine.impl.persistence.entity.ProcessDefinitionEntity.selectLatestProcessDefinitionByKey  - ==&gt;  Preparing: select * from ACT_RE_PROCDEF where KEY_ = ? and (TENANT_ID_ = &apos;&apos; or TENANT_ID_ is null) and VERSION_ = (select max(VERSION_) from ACT_RE_PROCDEF where KEY_ = ? and (TENANT_ID_ = &apos;&apos; or TENANT_ID_ is null)) 
10:44:57,248 [main] DEBUG org.activiti.engine.impl.persistence.entity.ProcessDefinitionEntity.selectLatestProcessDefinitionByKey  - ==&gt; Parameters: timerOnTask(String), timerOnTask(String)
10:44:57,248 [main] DEBUG org.activiti.engine.impl.persistence.entity.ProcessDefinitionEntity.selectLatestProcessDefinitionByKey  - &lt;==      Total: 1
10:44:57,248 [main] DEBUG org.activiti.engine.impl.persistence.entity.ExecutionEntity  - initializing ProcessInstance[1719]
10:44:57,248 [main] DEBUG org.activiti.engine.impl.history.DefaultHistoryManager  - Current history level: FULL, level required: ACTIVITY
10:44:57,248 [main] DEBUG org.activiti.engine.impl.pvm.runtime.AtomicOperationActivityExecute  - ProcessInstance[1719] executes Activity(theStart): org.activiti.engine.impl.bpmn.behavior.NoneStartEventActivityBehavior
10:44:57,248 [main] DEBUG org.activiti.engine.impl.persistence.entity.JobEntity.selectJobsByExecutionId  - ==&gt;  Preparing: select * from ACT_RU_JOB J where J.EXECUTION_ID_ = ? 
10:44:57,248 [main] DEBUG org.activiti.engine.impl.persistence.entity.JobEntity.selectJobsByExecutionId  - ==&gt; Parameters: 1719(String)
10:44:57,248 [main] DEBUG org.activiti.engine.impl.persistence.entity.JobEntity.selectJobsByExecutionId  - &lt;==      Total: 0
10:44:57,248 [main] DEBUG org.activiti.engine.impl.bpmn.behavior.BpmnActivityBehavior  - Leaving activity &apos;theStart&apos;
10:44:57,248 [main] DEBUG org.activiti.engine.impl.history.DefaultHistoryManager  - Current history level: FULL, level required: ACTIVITY
10:44:57,248 [main] DEBUG org.activiti.engine.impl.pvm.runtime.AtomicOperationTransitionNotifyListenerTake  - ProcessInstance[1719] takes transition (theStart)--flow1--&gt;(firstLineSupport)
10:44:57,248 [main] DEBUG org.activiti.engine.impl.persistence.entity.ExecutionEntity  - Child execution ScopeExecution[1721] created with parent 
10:44:57,248 [main] DEBUG org.activiti.engine.impl.pvm.runtime.AtomicOperationTransitionCreateScope  - create scope: parent ProcessInstance[1719] continues as execution ScopeExecution[1721]
10:44:57,248 [main] DEBUG org.activiti.engine.impl.persistence.entity.ExecutionEntity  - initializing ScopeExecution[1721]
10:44:57,248 [main] DEBUG org.activiti.engine.impl.persistence.entity.JobEntity.selectJobsByExecutionId  - ==&gt;  Preparing: select * from ACT_RU_JOB J where J.EXECUTION_ID_ = ? 
10:44:57,248 [main] DEBUG org.activiti.engine.impl.persistence.entity.JobEntity.selectJobsByExecutionId  - ==&gt; Parameters: 1721(String)
10:44:57,248 [main] DEBUG org.activiti.engine.impl.persistence.entity.JobEntity.selectJobsByExecutionId  - &lt;==      Total: 0
10:44:57,248 [main] DEBUG org.activiti.engine.impl.history.DefaultHistoryManager  - Current history level: FULL, level required: ACTIVITY
10:44:57,248 [main] DEBUG org.activiti.engine.impl.pvm.runtime.AtomicOperationActivityExecute  - ScopeExecution[1721] executes Activity(firstLineSupport): org.activiti.engine.impl.bpmn.behavior.UserTaskActivityBehavior
10:44:57,248 [main] DEBUG org.activiti.engine.impl.persistence.entity.TaskEntity.selectTasksByExecutionId  - ==&gt;  Preparing: select distinct T.* from ACT_RU_TASK T where T.EXECUTION_ID_ = ? 
10:44:57,248 [main] DEBUG org.activiti.engine.impl.persistence.entity.TaskEntity.selectTasksByExecutionId  - ==&gt; Parameters: 1721(String)
10:44:57,248 [main] DEBUG org.activiti.engine.impl.persistence.entity.TaskEntity.selectTasksByExecutionId  - &lt;==      Total: 0
10:44:57,248 [main] DEBUG org.activiti.engine.impl.history.DefaultHistoryManager  - Current history level: FULL, level required: AUDIT
10:44:57,248 [main] DEBUG org.activiti.engine.impl.history.DefaultHistoryManager  - Current history level: FULL, level required: AUDIT
10:44:57,248 [main] DEBUG org.activiti.engine.impl.interceptor.LogInterceptor  - 

10:44:57,248 [main] DEBUG org.activiti.engine.impl.interceptor.LogInterceptor  - --- starting  --------------------------------------------------------
10:44:57,248 [main] DEBUG org.activiti.engine.impl.interceptor.CommandContextInterceptor  - Valid context found. Reusing it for the current command &apos;null&apos;
10:44:57,248 [main] DEBUG org.activiti.engine.impl.persistence.entity.ProcessDefinitionInfoEntity.selectProcessDefinitionInfoByProcessDefinitionId  - ==&gt;  Preparing: select * from ACT_PROCDEF_INFO where PROC_DEF_ID_ = ? 
10:44:57,248 [main] DEBUG org.activiti.engine.impl.persistence.entity.ProcessDefinitionInfoEntity.selectProcessDefinitionInfoByProcessDefinitionId  - ==&gt; Parameters: timerOnTask:1:1706(String)
10:44:57,248 [main] DEBUG org.activiti.engine.impl.persistence.entity.ProcessDefinitionInfoEntity.selectProcessDefinitionInfoByProcessDefinitionId  - &lt;==      Total: 0
10:44:57,248 [main] DEBUG org.activiti.engine.impl.interceptor.LogInterceptor  - ---  finished --------------------------------------------------------
10:44:57,248 [main] DEBUG org.activiti.engine.impl.interceptor.LogInterceptor  - 

10:44:57,248 [main] DEBUG org.activiti.engine.impl.history.DefaultHistoryManager  - Current history level: FULL, level required: AUDIT
10:44:57,248 [main] DEBUG org.activiti.engine.impl.history.DefaultHistoryManager  - Current history level: FULL, level required: AUDIT
10:44:57,248 [main] DEBUG org.activiti.engine.impl.history.DefaultHistoryManager  - Current history level: FULL, level required: ACTIVITY
10:44:57,248 [main] DEBUG org.activiti.engine.impl.db.DbSqlSession  -   insert ProcessInstance[1719]
10:44:57,248 [main] DEBUG org.activiti.engine.impl.db.DbSqlSession  -   insert ScopeExecution[1721]
10:44:57,248 [main] DEBUG org.activiti.engine.impl.db.DbSqlSession  -   insert HistoricProcessInstanceEntity[superProcessInstanceId=null]
10:44:57,248 [main] DEBUG org.activiti.engine.impl.db.DbSqlSession  -   insert Task[id=1724, name=First line support]
10:44:57,248 [main] DEBUG org.activiti.engine.impl.db.DbSqlSession  -   insert HistoricTaskInstanceEntity[id=1724, name=First line support]
10:44:57,248 [main] DEBUG org.activiti.engine.impl.db.DbSqlSession  -   insert HistoricActivityInstanceEntity[activityId=theStart, activityName=null]
10:44:57,248 [main] DEBUG org.activiti.engine.impl.db.DbSqlSession  -   insert HistoricActivityInstanceEntity[activityId=firstLineSupport, activityName=First line support]
10:44:57,248 [main] DEBUG org.activiti.engine.impl.db.DbSqlSession  -   insert JobEntity [id=1722]
10:44:57,248 [main] DEBUG org.activiti.engine.impl.db.DbSqlSession  - flush summary: 8 insert, 0 update, 0 delete.
10:44:57,248 [main] DEBUG org.activiti.engine.impl.db.DbSqlSession  - now executing flush...
10:44:57,248 [main] DEBUG org.activiti.engine.impl.db.DbSqlSession  - inserting: HistoricTaskInstanceEntity[id=1724, name=First line support]
10:44:57,248 [main] DEBUG org.activiti.engine.impl.persistence.entity.HistoricTaskInstanceEntity.insertHistoricTaskInstance  - ==&gt;  Preparing: insert into ACT_HI_TASKINST ( ID_, PROC_DEF_ID_, PROC_INST_ID_, EXECUTION_ID_, NAME_, PARENT_TASK_ID_, DESCRIPTION_, OWNER_, ASSIGNEE_, START_TIME_, CLAIM_TIME_, END_TIME_, DURATION_, DELETE_REASON_, TASK_DEF_KEY_, FORM_KEY_, PRIORITY_, DUE_DATE_, CATEGORY_, TENANT_ID_ ) values ( ?, ?, ?, ?, ?, ?, ?, ?, ?, ?, ?, ?, ?, ?, ?, ?, ?, ?, ?, ? ) 
10:44:57,248 [main] DEBUG org.activiti.engine.impl.persistence.entity.HistoricTaskInstanceEntity.insertHistoricTaskInstance  - ==&gt; Parameters: 1724(String), timerOnTask:1:1706(String), 1719(String), 1721(String), First line support(String), null, null, null, null, 2023-03-20 12:44:57.0(Timestamp), null, null, null, null, firstLineSupport(String), null, 50(Integer), null, null, (String)
10:44:57,248 [main] DEBUG org.activiti.engine.impl.persistence.entity.HistoricTaskInstanceEntity.insertHistoricTaskInstance  - &lt;==    Updates: 1
10:44:57,248 [main] DEBUG org.activiti.engine.impl.db.DbSqlSession  - inserting: HistoricProcessInstanceEntity[superProcessInstanceId=null]
10:44:57,248 [main] DEBUG org.activiti.engine.impl.persistence.entity.HistoricProcessInstanceEntity.insertHistoricProcessInstance  - ==&gt;  Preparing: insert into ACT_HI_PROCINST ( ID_, PROC_INST_ID_, BUSINESS_KEY_, PROC_DEF_ID_, START_TIME_, END_TIME_, DURATION_, START_USER_ID_, START_ACT_ID_, END_ACT_ID_, SUPER_PROCESS_INSTANCE_ID_, DELETE_REASON_, TENANT_ID_, NAME_ ) values ( ?, ?, ?, ?, ?, ?, ?, ?, ?, ?, ?, ?, ?, ? ) 
10:44:57,248 [main] DEBUG org.activiti.engine.impl.persistence.entity.HistoricProcessInstanceEntity.insertHistoricProcessInstance  - ==&gt; Parameters: 1719(String), 1719(String), null, timerOnTask:1:1706(String), 2023-03-20 12:44:57.0(Timestamp), null, null, null, theStart(String), null, null, null, (String), null
10:44:57,248 [main] DEBUG org.activiti.engine.impl.persistence.entity.HistoricProcessInstanceEntity.insertHistoricProcessInstance  - &lt;==    Updates: 1
10:44:57,248 [main] DEBUG org.activiti.engine.impl.persistence.entity.HistoricActivityInstanceEntity.bulkInsertHistoricActivityInstance  - ==&gt;  Preparing: insert into ACT_HI_ACTINST ( ID_, PROC_DEF_ID_, PROC_INST_ID_, EXECUTION_ID_, ACT_ID_, TASK_ID_, CALL_PROC_INST_ID_, ACT_NAME_, ACT_TYPE_, ASSIGNEE_, START_TIME_, END_TIME_, DURATION_, TENANT_ID_ ) values (?, ?, ?, ?, ?, ?, ?, ?, ?, ?, ?, ?, ?, ?) , (?, ?, ?, ?, ?, ?, ?, ?, ?, ?, ?, ?, ?, ?) 
10:44:57,249 [main] DEBUG org.activiti.engine.impl.persistence.entity.HistoricActivityInstanceEntity.bulkInsertHistoricActivityInstance  - ==&gt; Parameters: 1720(String), timerOnTask:1:1706(String), 1719(String), 1719(String), theStart(String), null, null, null, startEvent(String), null, 2023-03-20 12:44:57.0(Timestamp), 2023-03-20 12:44:57.0(Timestamp), 0(Long), (String), 1723(String), timerOnTask:1:1706(String), 1719(String), 1721(String), firstLineSupport(String), 1724(String), null, First line support(String), userTask(String), null, 2023-03-20 12:44:57.0(Timestamp), null, null, (String)
10:44:57,249 [main] DEBUG org.activiti.engine.impl.persistence.entity.HistoricActivityInstanceEntity.bulkInsertHistoricActivityInstance  - &lt;==    Updates: 2
10:44:57,249 [main] DEBUG org.activiti.engine.impl.persistence.entity.ExecutionEntity.bulkInsertExecution  - ==&gt;  Preparing: insert into ACT_RU_EXECUTION (ID_, REV_, PROC_INST_ID_, BUSINESS_KEY_, PROC_DEF_ID_, ACT_ID_, IS_ACTIVE_, IS_CONCURRENT_, IS_SCOPE_,IS_EVENT_SCOPE_, PARENT_ID_, SUPER_EXEC_, SUSPENSION_STATE_, CACHED_ENT_STATE_, TENANT_ID_, NAME_) values (?, 1, ?, ?, ?, ?, ?, ?, ?, ?, ?, ?, ?, ?, ?, ?) , (?, 1, ?, ?, ?, ?, ?, ?, ?, ?, ?, ?, ?, ?, ?, ?) 
10:44:57,249 [main] DEBUG org.activiti.engine.impl.persistence.entity.ExecutionEntity.bulkInsertExecution  - ==&gt; Parameters: 1719(String), 1719(String), null, timerOnTask:1:1706(String), null, false(Boolean), false(Boolean), true(Boolean), false(Boolean), null, null, 1(Integer), 2(Integer), (String), null, 1721(String), 1719(String), null, timerOnTask:1:1706(String), firstLineSupport(String), true(Boolean), false(Boolean), true(Boolean), false(Boolean), 1719(String), null, 1(Integer), 6(Integer), (String), null
10:44:57,249 [main] DEBUG org.activiti.engine.impl.persistence.entity.ExecutionEntity.bulkInsertExecution  - &lt;==    Updates: 2
10:44:57,249 [main] DEBUG org.activiti.engine.impl.db.DbSqlSession  - inserting: Task[id=1724, name=First line support]
10:44:57,249 [main] DEBUG org.activiti.engine.impl.persistence.entity.TaskEntity.insertTask  - ==&gt;  Preparing: insert into ACT_RU_TASK (ID_, REV_, NAME_, PARENT_TASK_ID_, DESCRIPTION_, PRIORITY_, CREATE_TIME_, OWNER_, ASSIGNEE_, DELEGATION_, EXECUTION_ID_, PROC_INST_ID_, PROC_DEF_ID_, TASK_DEF_KEY_, DUE_DATE_, CATEGORY_, SUSPENSION_STATE_, TENANT_ID_, FORM_KEY_) values (?, 1, ?, ?, ?, ?, ?, ?, ?, ?, ?, ?, ?, ?, ?, ?, ?, ?, ? ) 
10:44:57,249 [main] DEBUG org.activiti.engine.impl.persistence.entity.TaskEntity.insertTask  - ==&gt; Parameters: 1724(String), First line support(String), null, null, 50(Integer), 2023-03-20 12:44:57.0(Timestamp), null, null, null, 1721(String), 1719(String), timerOnTask:1:1706(String), firstLineSupport(String), null, null, 1(Integer), (String), null
10:44:57,249 [main] DEBUG org.activiti.engine.impl.persistence.entity.TaskEntity.insertTask  - &lt;==    Updates: 1
10:44:57,249 [main] DEBUG org.activiti.engine.impl.db.DbSqlSession  - inserting: JobEntity [id=1722]
10:44:57,249 [main] DEBUG org.activiti.engine.impl.persistence.entity.JobEntity.insertTimer  - ==&gt;  Preparing: insert into ACT_RU_JOB ( ID_, REV_, TYPE_, LOCK_OWNER_, LOCK_EXP_TIME_, EXCLUSIVE_, EXECUTION_ID_, PROCESS_INSTANCE_ID_, PROC_DEF_ID_, RETRIES_, EXCEPTION_STACK_ID_, EXCEPTION_MSG_, DUEDATE_, REPEAT_, HANDLER_TYPE_, HANDLER_CFG_, TENANT_ID_) values (?, 1, &apos;timer&apos;, ?, ?, ?, ?, ?, ?, ?, ?, ?, ?, ?, ?, ?, ? ) 
10:44:57,249 [main] DEBUG org.activiti.engine.impl.persistence.entity.JobEntity.insertTimer  - ==&gt; Parameters: 1722(String), null, null, true(Boolean), 1721(String), 1719(String), timerOnTask:1:1706(String), 3(Integer), null, null, 2023-03-20 13:44:57.0(Timestamp), null, timer-transition(String), {&quot;activityId&quot;:&quot;escalationTimer&quot;}(String), (String)
10:44:57,249 [main] DEBUG org.activiti.engine.impl.persistence.entity.JobEntity.insertTimer  - &lt;==    Updates: 1
10:44:57,249 [main] DEBUG org.activiti.engine.impl.cfg.standalone.StandaloneMybatisTransactionContext  - firing event committing...
10:44:57,249 [main] DEBUG org.activiti.engine.impl.cfg.standalone.StandaloneMybatisTransactionContext  - committing the ibatis sql session...
10:44:57,249 [main] DEBUG org.apache.ibatis.transaction.jdbc.JdbcTransaction  - Committing JDBC Connection [conn2: url=jdbc:h2:mem:activiti user=SA]
10:44:57,249 [main] DEBUG org.activiti.engine.impl.cfg.standalone.StandaloneMybatisTransactionContext  - firing event committed...
10:44:57,249 [main] DEBUG org.apache.ibatis.transaction.jdbc.JdbcTransaction  - Resetting autocommit to true on JDBC Connection [conn2: url=jdbc:h2:mem:activiti user=SA]
10:44:57,249 [main] DEBUG org.apache.ibatis.transaction.jdbc.JdbcTransaction  - Closing JDBC Connection [conn2: url=jdbc:h2:mem:activiti user=SA]
10:44:57,249 [main] DEBUG org.apache.ibatis.datasource.pooled.PooledDataSource  - Returned connection 363509958 to pool.
10:44:57,249 [main] DEBUG org.activiti.engine.impl.interceptor.LogInterceptor  - --- StartProcessInstanceCmd finished --------------------------------------------------------
10:44:57,249 [main] DEBUG org.activiti.engine.impl.interceptor.LogInterceptor  - 

10:44:57,249 [main] DEBUG org.activiti.engine.impl.interceptor.LogInterceptor  - 

10:44:57,249 [main] DEBUG org.activiti.engine.impl.interceptor.LogInterceptor  - --- starting  --------------------------------------------------------
10:44:57,249 [main] DEBUG org.activiti.engine.impl.db.DbSqlSession  -   insert JobEntity [id=1725]
10:44:57,249 [main] DEBUG org.activiti.engine.impl.db.DbSqlSession  - flush summary: 1 insert, 0 update, 0 delete.
10:44:57,249 [main] DEBUG org.activiti.engine.impl.db.DbSqlSession  - now executing flush...
10:44:57,249 [main] DEBUG org.activiti.engine.impl.db.DbSqlSession  - inserting: JobEntity [id=1725]
10:44:57,249 [main] DEBUG org.apache.ibatis.transaction.jdbc.JdbcTransaction  - Opening JDBC Connection
10:44:57,249 [main] DEBUG org.apache.ibatis.datasource.pooled.PooledDataSource  - Checked out connection 180014677 from pool.
10:44:57,249 [main] DEBUG org.apache.ibatis.transaction.jdbc.JdbcTransaction  - Setting autocommit to false on JDBC Connection [conn3: url=jdbc:h2:mem:activiti user=SA]
10:44:57,249 [main] DEBUG org.activiti.engine.impl.persistence.entity.JobEntity.insertMessage  - ==&gt;  Preparing: insert into ACT_RU_JOB ( ID_, REV_, TYPE_, LOCK_OWNER_, LOCK_EXP_TIME_, EXCLUSIVE_, EXECUTION_ID_, PROCESS_INSTANCE_ID_, PROC_DEF_ID_, DUEDATE_, RETRIES_, EXCEPTION_STACK_ID_, EXCEPTION_MSG_, HANDLER_TYPE_, HANDLER_CFG_, TENANT_ID_) values (?, 1, &apos;message&apos;, ?, ?, ?, ?, ?, ?, ?, ?, ?, ?, ?, ?, ? ) 
10:44:57,249 [main] DEBUG org.activiti.engine.impl.persistence.entity.JobEntity.insertMessage  - ==&gt; Parameters: 1725(String), null, null, true(Boolean), null, null, null, 2023-03-20 12:49:57.0(Timestamp), 3(Integer), null, null, null, null, (String)
10:44:57,249 [main] DEBUG org.activiti.engine.impl.persistence.entity.JobEntity.insertMessage  - &lt;==    Updates: 1
10:44:57,249 [main] DEBUG org.activiti.engine.impl.cfg.standalone.StandaloneMybatisTransactionContext  - firing event committing...
10:44:57,249 [main] DEBUG org.activiti.engine.impl.cfg.standalone.StandaloneMybatisTransactionContext  - committing the ibatis sql session...
10:44:57,249 [main] DEBUG org.apache.ibatis.transaction.jdbc.JdbcTransaction  - Committing JDBC Connection [conn3: url=jdbc:h2:mem:activiti user=SA]
10:44:57,249 [main] DEBUG org.activiti.engine.impl.cfg.standalone.StandaloneMybatisTransactionContext  - firing event committed...
10:44:57,249 [main] DEBUG org.activiti.engine.impl.jobexecutor.AsyncJobAddedNotification  - notifying job executor of new job
10:44:57,249 [main] DEBUG org.apache.ibatis.transaction.jdbc.JdbcTransaction  - Resetting autocommit to true on JDBC Connection [conn3: url=jdbc:h2:mem:activiti user=SA]
10:44:57,249 [main] DEBUG org.apache.ibatis.transaction.jdbc.JdbcTransaction  - Closing JDBC Connection [conn3: url=jdbc:h2:mem:activiti user=SA]
10:44:57,249 [main] DEBUG org.apache.ibatis.datasource.pooled.PooledDataSource  - Returned connection 180014677 to pool.
10:44:57,249 [main] DEBUG org.activiti.engine.impl.interceptor.LogInterceptor  - ---  finished --------------------------------------------------------
10:44:57,249 [main] DEBUG org.activiti.engine.impl.interceptor.LogInterceptor  - 

10:44:57,249 [main] DEBUG org.activiti.engine.impl.test.PvmTestCase  - 

10:44:57,249 [main] DEBUG org.activiti.engine.impl.test.PvmTestCase  - #### START JobQueryTest.testQueryByProcessInstanceId ###########################################################
10:44:57,249 [main] DEBUG org.activiti.engine.impl.interceptor.LogInterceptor  - 

10:44:57,249 [main] DEBUG org.activiti.engine.impl.interceptor.LogInterceptor  - --- starting JobQueryImpl --------------------------------------------------------
10:44:57,249 [main] DEBUG org.apache.ibatis.transaction.jdbc.JdbcTransaction  - Opening JDBC Connection
10:44:57,249 [main] DEBUG org.apache.ibatis.datasource.pooled.PooledDataSource  - Checked out connection 297240765 from pool.
10:44:57,249 [main] DEBUG org.apache.ibatis.transaction.jdbc.JdbcTransaction  - Setting autocommit to false on JDBC Connection [conn4: url=jdbc:h2:mem:activiti user=SA]
10:44:57,249 [main] DEBUG org.activiti.engine.impl.persistence.entity.JobEntity.selectJobByQueryCriteria  - ==&gt;  Preparing: select RES.* from ACT_RU_JOB RES WHERE RES.PROCESS_INSTANCE_ID_ = ? order by order by RES.ID_ asc LIMIT ? OFFSET ? 
10:44:57,249 [main] DEBUG org.activiti.engine.impl.interceptor.CommandContext  - Error while closing command context
org.apache.ibatis.exceptions.PersistenceException: 
### Error querying database.  Cause: org.h2.jdbc.JdbcSQLException: Syntax error in SQL statement &quot;SELECT RES.* 
     
    FROM ACT_RU_JOB RES
     
     WHERE  RES.PROCESS_INSTANCE_ID_ = ? 
   
     ORDER BY  ORDER[*] BY RES.ID_ ASC  
    LIMIT ? OFFSET ? &quot;; expected &quot;=, NOT, EXISTS, INTERSECTS, SELECT, FROM&quot;; SQL statement:
select RES.* 
     
    from ACT_RU_JOB RES
     
     WHERE  RES.PROCESS_INSTANCE_ID_ = ? 
   
     order by  order by RES.ID_ asc  
    LIMIT ? OFFSET ? [42001-176]
### The error may exist in org/activiti/db/mapping/entity/Job.xml
### The error may involve org.activiti.engine.impl.persistence.entity.JobEntity.selectJobByQueryCriteria
### The error occurred while executing a query
### SQL: select RES.*            from ACT_RU_JOB RES            WHERE  RES.PROCESS_INSTANCE_ID_ = ?           order by  order by RES.ID_ asc       LIMIT ? OFFSET ?
### Cause: org.h2.jdbc.JdbcSQLException: Syntax error in SQL statement &quot;SELECT RES.* 
     
    FROM ACT_RU_JOB RES
     
     WHERE  RES.PROCESS_INSTANCE_ID_ = ? 
   
     ORDER BY  ORDER[*] BY RES.ID_ ASC  
    LIMIT ? OFFSET ? &quot;; expected &quot;=, NOT, EXISTS, INTERSECTS, SELECT, FROM&quot;; SQL statement:
select RES.* 
     
    from ACT_RU_JOB RES
     
     WHERE  RES.PROCESS_INSTANCE_ID_ = ? 
   
     order by  order by RES.ID_ asc  
    LIMIT ? OFFSET ? [42001-176]
	at org.apache.ibatis.exceptions.ExceptionFactory.wrapException(ExceptionFactory.java:30)
	at org.apache.ibatis.session.defaults.DefaultSqlSession.selectList(DefaultSqlSession.java:122)
	at org.apache.ibatis.session.defaults.DefaultSqlSession.selectList(DefaultSqlSession.java:113)
	at org.activiti.engine.impl.db.DbSqlSession.selectListWithRawParameter(DbSqlSession.java:438)
	at org.activiti.engine.impl.db.DbSqlSession.selectList(DbSqlSession.java:429)
	at org.activiti.engine.impl.db.DbSqlSession.selectList(DbSqlSession.java:419)
	at org.activiti.engine.impl.persistence.entity.JobEntityManager.findJobsByQueryCriteria(JobEntityManager.java:198)
	at org.activiti.engine.impl.JobQueryImpl.executeList(JobQueryImpl.java:243)
	at org.activiti.engine.impl.AbstractQuery.execute(AbstractQuery.java:164)
	at org.activiti.engine.impl.interceptor.CommandInvoker.execute(CommandInvoker.java:24)
	at org.activiti.engine.impl.interceptor.CommandContextInterceptor.execute(CommandContextInterceptor.java:57)
	at org.activiti.engine.impl.interceptor.LogInterceptor.execute(LogInterceptor.java:37)
	at org.activiti.engine.impl.cfg.CommandExecutorImpl.execute(CommandExecutorImpl.java:40)
	at org.activiti.engine.impl.cfg.CommandExecutorImpl.execute(CommandExecutorImpl.java:35)
	at org.activiti.engine.impl.AbstractQuery.list(AbstractQuery.java:138)
	at org.activiti.engine.test.api.mgmt.JobQueryTest.verifyQueryResults(JobQueryTest.java:400)
	at org.activiti.engine.test.api.mgmt.JobQueryTest.testQueryByProcessInstanceId(JobQueryTest.java:128)
	at sun.reflect.NativeMethodAccessorImpl.invoke0(Native Method)
	at sun.reflect.NativeMethodAccessorImpl.invoke(NativeMethodAccessorImpl.java:62)
	at sun.reflect.DelegatingMethodAccessorImpl.invoke(DelegatingMethodAccessorImpl.java:43)
	at java.lang.reflect.Method.invoke(Method.java:498)
	at junit.framework.TestCase.runTest(TestCase.java:176)
	at org.activiti.engine.impl.test.PvmTestCase.runTest(PvmTestCase.java:65)
	at junit.framework.TestCase.runBare(TestCase.java:141)
	at org.activiti.engine.impl.test.AbstractActivitiTestCase.runBare(AbstractActivitiTestCase.java:100)
	at junit.framework.TestResult$1.protect(TestResult.java:122)
	at junit.framework.TestResult.runProtected(TestResult.java:142)
	at junit.framework.TestResult.run(TestResult.java:125)
	at junit.framework.TestCase.run(TestCase.java:129)
	at junit.framework.TestSuite.runTest(TestSuite.java:255)
	at junit.framework.TestSuite.run(TestSuite.java:250)
	at org.junit.internal.runners.JUnit38ClassRunner.run(JUnit38ClassRunner.java:84)
	at org.apache.maven.surefire.junit4.JUnit4TestSet.execute(JUnit4TestSet.java:35)
	at org.apache.maven.surefire.junit4.JUnit4Provider.executeTestSet(JUnit4Provider.java:146)
	at org.apache.maven.surefire.junit4.JUnit4Provider.invoke(JUnit4Provider.java:97)
	at sun.reflect.NativeMethodAccessorImpl.invoke0(Native Method)
	at sun.reflect.NativeMethodAccessorImpl.invoke(NativeMethodAccessorImpl.java:62)
	at sun.reflect.DelegatingMethodAccessorImpl.invoke(DelegatingMethodAccessorImpl.java:43)
	at java.lang.reflect.Method.invoke(Method.java:498)
	at org.apache.maven.surefire.booter.ProviderFactory$ClassLoaderProxy.invoke(ProviderFactory.java:103)
	at com.sun.proxy.$Proxy0.invoke(Unknown Source)
	at org.apache.maven.surefire.booter.SurefireStarter.invokeProvider(SurefireStarter.java:145)
	at org.apache.maven.surefire.booter.SurefireStarter.runSuitesInProcess(SurefireStarter.java:87)
	at org.apache.maven.surefire.booter.ForkedBooter.main(ForkedBooter.java:69)
Caused by: org.h2.jdbc.JdbcSQLException: Syntax error in SQL statement &quot;SELECT RES.* 
     
    FROM ACT_RU_JOB RES
     
     WHERE  RES.PROCESS_INSTANCE_ID_ = ? 
   
     ORDER BY  ORDER[*] BY RES.ID_ ASC  
    LIMIT ? OFFSET ? &quot;; expected &quot;=, NOT, EXISTS, INTERSECTS, SELECT, FROM&quot;; SQL statement:
select RES.* 
     
    from ACT_RU_JOB RES
     
     WHERE  RES.PROCESS_INSTANCE_ID_ = ? 
   
     order by  order by RES.ID_ asc  
    LIMIT ? OFFSET ? [42001-176]
	at org.h2.message.DbException.getJdbcSQLException(DbException.java:344)
	at org.h2.message.DbException.getSyntaxError(DbException.java:204)
	at org.h2.command.Parser.getSyntaxError(Parser.java:524)
	at org.h2.command.Parser.readTerm(Parser.java:2688)
	at org.h2.command.Parser.readFactor(Parser.java:2244)
	at org.h2.command.Parser.readSum(Parser.java:2231)
	at org.h2.command.Parser.readConcat(Parser.java:2201)
	at org.h2.command.Parser.readCondition(Parser.java:2051)
	at org.h2.command.Parser.readAnd(Parser.java:2023)
	at org.h2.command.Parser.readExpression(Parser.java:2015)
	at org.h2.command.Parser.parseEndOfQuery(Parser.java:1726)
	at org.h2.command.Parser.parseSelectUnionExtension(Parser.java:1706)
	at org.h2.command.Parser.parseSelectUnion(Parser.java:1675)
	at org.h2.command.Parser.parseSelect(Parser.java:1662)
	at org.h2.command.Parser.parsePrepared(Parser.java:434)
	at org.h2.command.Parser.parse(Parser.java:306)
	at org.h2.command.Parser.parse(Parser.java:282)
	at org.h2.command.Parser.prepareCommand(Parser.java:243)
	at org.h2.engine.Session.prepareLocal(Session.java:442)
	at org.h2.engine.Session.prepareCommand(Session.java:384)
	at org.h2.jdbc.JdbcConnection.prepareCommand(JdbcConnection.java:1188)
	at org.h2.jdbc.JdbcPreparedStatement.&lt;init&gt;(JdbcPreparedStatement.java:73)
	at org.h2.jdbc.JdbcConnection.prepareStatement(JdbcConnection.java:276)
	at sun.reflect.GeneratedMethodAccessor6.invoke(Unknown Source)
	at sun.reflect.DelegatingMethodAccessorImpl.invoke(DelegatingMethodAccessorImpl.java:43)
	at java.lang.reflect.Method.invoke(Method.java:498)
	at org.apache.ibatis.datasource.pooled.PooledConnection.invoke(PooledConnection.java:245)
	at com.sun.proxy.$Proxy12.prepareStatement(Unknown Source)
	at sun.reflect.GeneratedMethodAccessor6.invoke(Unknown Source)
	at sun.reflect.DelegatingMethodAccessorImpl.invoke(DelegatingMethodAccessorImpl.java:43)
	at java.lang.reflect.Method.invoke(Method.java:498)
	at org.apache.ibatis.logging.jdbc.ConnectionLogger.invoke(ConnectionLogger.java:55)
	at com.sun.proxy.$Proxy12.prepareStatement(Unknown Source)
	at org.apache.ibatis.executor.statement.PreparedStatementHandler.instantiateStatement(PreparedStatementHandler.java:79)
	at org.apache.ibatis.executor.statement.BaseStatementHandler.prepare(BaseStatementHandler.java:88)
	at org.apache.ibatis.executor.statement.RoutingStatementHandler.prepare(RoutingStatementHandler.java:58)
	at org.apache.ibatis.executor.SimpleExecutor.prepareStatement(SimpleExecutor.java:76)
	at org.apache.ibatis.executor.SimpleExecutor.doQuery(SimpleExecutor.java:61)
	at org.apache.ibatis.executor.BaseExecutor.queryFromDatabase(BaseExecutor.java:303)
	at org.apache.ibatis.executor.BaseExecutor.query(BaseExecutor.java:154)
	at org.apache.ibatis.executor.CachingExecutor.query(CachingExecutor.java:102)
	at org.apache.ibatis.executor.CachingExecutor.query(CachingExecutor.java:82)
	at org.apache.ibatis.session.defaults.DefaultSqlSession.selectList(DefaultSqlSession.java:120)
	... 42 more
10:44:57,250 [main] DEBUG org.activiti.engine.impl.cfg.standalone.StandaloneMybatisTransactionContext  - firing event rolling back...
10:44:57,250 [main] DEBUG org.activiti.engine.impl.cfg.standalone.StandaloneMybatisTransactionContext  - rolling back ibatis sql session...
10:44:57,250 [main] DEBUG org.activiti.engine.impl.cfg.standalone.StandaloneMybatisTransactionContext  - firing event rolled back...
10:44:57,250 [main] DEBUG org.apache.ibatis.transaction.jdbc.JdbcTransaction  - Resetting autocommit to true on JDBC Connection [conn4: url=jdbc:h2:mem:activiti user=SA]
10:44:57,250 [main] DEBUG org.apache.ibatis.transaction.jdbc.JdbcTransaction  - Closing JDBC Connection [conn4: url=jdbc:h2:mem:activiti user=SA]
10:44:57,250 [main] DEBUG org.apache.ibatis.datasource.pooled.PooledDataSource  - Returned connection 297240765 to pool.
10:44:57,250 [main] DEBUG org.activiti.engine.impl.interceptor.LogInterceptor  - --- JobQueryImpl finished --------------------------------------------------------
10:44:57,250 [main] DEBUG org.activiti.engine.impl.interceptor.LogInterceptor  - 

10:44:57,250 [main] ERROR org.activiti.engine.impl.test.PvmTestCase  - 

10:44:57,250 [main] ERROR org.activiti.engine.impl.test.PvmTestCase  - EXCEPTION: org.apache.ibatis.exceptions.PersistenceException: 
### Error querying database.  Cause: org.h2.jdbc.JdbcSQLException: Syntax error in SQL statement &quot;SELECT RES.* 
     
    FROM ACT_RU_JOB RES
     
     WHERE  RES.PROCESS_INSTANCE_ID_ = ? 
   
     ORDER BY  ORDER[*] BY RES.ID_ ASC  
    LIMIT ? OFFSET ? &quot;; expected &quot;=, NOT, EXISTS, INTERSECTS, SELECT, FROM&quot;; SQL statement:
select RES.* 
     
    from ACT_RU_JOB RES
     
     WHERE  RES.PROCESS_INSTANCE_ID_ = ? 
   
     order by  order by RES.ID_ asc  
    LIMIT ? OFFSET ? [42001-176]
### The error may exist in org/activiti/db/mapping/entity/Job.xml
### The error may involve org.activiti.engine.impl.persistence.entity.JobEntity.selectJobByQueryCriteria
### The error occurred while executing a query
### SQL: select RES.*            from ACT_RU_JOB RES            WHERE  RES.PROCESS_INSTANCE_ID_ = ?           order by  order by RES.ID_ asc       LIMIT ? OFFSET ?
### Cause: org.h2.jdbc.JdbcSQLException: Syntax error in SQL statement &quot;SELECT RES.* 
     
    FROM ACT_RU_JOB RES
     
     WHERE  RES.PROCESS_INSTANCE_ID_ = ? 
   
     ORDER BY  ORDER[*] BY RES.ID_ ASC  
    LIMIT ? OFFSET ? &quot;; expected &quot;=, NOT, EXISTS, INTERSECTS, SELECT, FROM&quot;; SQL statement:
select RES.* 
     
    from ACT_RU_JOB RES
     
     WHERE  RES.PROCESS_INSTANCE_ID_ = ? 
   
     order by  order by RES.ID_ asc  
    LIMIT ? OFFSET ? [42001-176]
org.apache.ibatis.exceptions.PersistenceException: 
### Error querying database.  Cause: org.h2.jdbc.JdbcSQLException: Syntax error in SQL statement &quot;SELECT RES.* 
     
    FROM ACT_RU_JOB RES
     
     WHERE  RES.PROCESS_INSTANCE_ID_ = ? 
   
     ORDER BY  ORDER[*] BY RES.ID_ ASC  
    LIMIT ? OFFSET ? &quot;; expected &quot;=, NOT, EXISTS, INTERSECTS, SELECT, FROM&quot;; SQL statement:
select RES.* 
     
    from ACT_RU_JOB RES
     
     WHERE  RES.PROCESS_INSTANCE_ID_ = ? 
   
     order by  order by RES.ID_ asc  
    LIMIT ? OFFSET ? [42001-176]
### The error may exist in org/activiti/db/mapping/entity/Job.xml
### The error may involve org.activiti.engine.impl.persistence.entity.JobEntity.selectJobByQueryCriteria
### The error occurred while executing a query
### SQL: select RES.*            from ACT_RU_JOB RES            WHERE  RES.PROCESS_INSTANCE_ID_ = ?           order by  order by RES.ID_ asc       LIMIT ? OFFSET ?
### Cause: org.h2.jdbc.JdbcSQLException: Syntax error in SQL statement &quot;SELECT RES.* 
     
    FROM ACT_RU_JOB RES
     
     WHERE  RES.PROCESS_INSTANCE_ID_ = ? 
   
     ORDER BY  ORDER[*] BY RES.ID_ ASC  
    LIMIT ? OFFSET ? &quot;; expected &quot;=, NOT, EXISTS, INTERSECTS, SELECT, FROM&quot;; SQL statement:
select RES.* 
     
    from ACT_RU_JOB RES
     
     WHERE  RES.PROCESS_INSTANCE_ID_ = ? 
   
     order by  order by RES.ID_ asc  
    LIMIT ? OFFSET ? [42001-176]
	at org.apache.ibatis.exceptions.ExceptionFactory.wrapException(ExceptionFactory.java:30)
	at org.apache.ibatis.session.defaults.DefaultSqlSession.selectList(DefaultSqlSession.java:122)
	at org.apache.ibatis.session.defaults.DefaultSqlSession.selectList(DefaultSqlSession.java:113)
	at org.activiti.engine.impl.db.DbSqlSession.selectListWithRawParameter(DbSqlSession.java:438)
	at org.activiti.engine.impl.db.DbSqlSession.selectList(DbSqlSession.java:429)
	at org.activiti.engine.impl.db.DbSqlSession.selectList(DbSqlSession.java:419)
	at org.activiti.engine.impl.persistence.entity.JobEntityManager.findJobsByQueryCriteria(JobEntityManager.java:198)
	at org.activiti.engine.impl.JobQueryImpl.executeList(JobQueryImpl.java:243)
	at org.activiti.engine.impl.AbstractQuery.execute(AbstractQuery.java:164)
	at org.activiti.engine.impl.interceptor.CommandInvoker.execute(CommandInvoker.java:24)
	at org.activiti.engine.impl.interceptor.CommandContextInterceptor.execute(CommandContextInterceptor.java:57)
	at org.activiti.engine.impl.interceptor.LogInterceptor.execute(LogInterceptor.java:37)
	at org.activiti.engine.impl.cfg.CommandExecutorImpl.execute(CommandExecutorImpl.java:40)
	at org.activiti.engine.impl.cfg.CommandExecutorImpl.execute(CommandExecutorImpl.java:35)
	at org.activiti.engine.impl.AbstractQuery.list(AbstractQuery.java:138)
	at org.activiti.engine.test.api.mgmt.JobQueryTest.verifyQueryResults(JobQueryTest.java:400)
	at org.activiti.engine.test.api.mgmt.JobQueryTest.testQueryByProcessInstanceId(JobQueryTest.java:128)
	at sun.reflect.NativeMethodAccessorImpl.invoke0(Native Method)
	at sun.reflect.NativeMethodAccessorImpl.invoke(NativeMethodAccessorImpl.java:62)
	at sun.reflect.DelegatingMethodAccessorImpl.invoke(DelegatingMethodAccessorImpl.java:43)
	at java.lang.reflect.Method.invoke(Method.java:498)
	at junit.framework.TestCase.runTest(TestCase.java:176)
	at org.activiti.engine.impl.test.PvmTestCase.runTest(PvmTestCase.java:65)
	at junit.framework.TestCase.runBare(TestCase.java:141)
	at org.activiti.engine.impl.test.AbstractActivitiTestCase.runBare(AbstractActivitiTestCase.java:100)
	at junit.framework.TestResult$1.protect(TestResult.java:122)
	at junit.framework.TestResult.runProtected(TestResult.java:142)
	at junit.framework.TestResult.run(TestResult.java:125)
	at junit.framework.TestCase.run(TestCase.java:129)
	at junit.framework.TestSuite.runTest(TestSuite.java:255)
	at junit.framework.TestSuite.run(TestSuite.java:250)
	at org.junit.internal.runners.JUnit38ClassRunner.run(JUnit38ClassRunner.java:84)
	at org.apache.maven.surefire.junit4.JUnit4TestSet.execute(JUnit4TestSet.java:35)
	at org.apache.maven.surefire.junit4.JUnit4Provider.executeTestSet(JUnit4Provider.java:146)
	at org.apache.maven.surefire.junit4.JUnit4Provider.invoke(JUnit4Provider.java:97)
	at sun.reflect.NativeMethodAccessorImpl.invoke0(Native Method)
	at sun.reflect.NativeMethodAccessorImpl.invoke(NativeMethodAccessorImpl.java:62)
	at sun.reflect.DelegatingMethodAccessorImpl.invoke(DelegatingMethodAccessorImpl.java:43)
	at java.lang.reflect.Method.invoke(Method.java:498)
	at org.apache.maven.surefire.booter.ProviderFactory$ClassLoaderProxy.invoke(ProviderFactory.java:103)
	at com.sun.proxy.$Proxy0.invoke(Unknown Source)
	at org.apache.maven.surefire.booter.SurefireStarter.invokeProvider(SurefireStarter.java:145)
	at org.apache.maven.surefire.booter.SurefireStarter.runSuitesInProcess(SurefireStarter.java:87)
	at org.apache.maven.surefire.booter.ForkedBooter.main(ForkedBooter.java:69)
Caused by: org.h2.jdbc.JdbcSQLException: Syntax error in SQL statement &quot;SELECT RES.* 
     
    FROM ACT_RU_JOB RES
     
     WHERE  RES.PROCESS_INSTANCE_ID_ = ? 
   
     ORDER BY  ORDER[*] BY RES.ID_ ASC  
    LIMIT ? OFFSET ? &quot;; expected &quot;=, NOT, EXISTS, INTERSECTS, SELECT, FROM&quot;; SQL statement:
select RES.* 
     
    from ACT_RU_JOB RES
     
     WHERE  RES.PROCESS_INSTANCE_ID_ = ? 
   
     order by  order by RES.ID_ asc  
    LIMIT ? OFFSET ? [42001-176]
	at org.h2.message.DbException.getJdbcSQLException(DbException.java:344)
	at org.h2.message.DbException.getSyntaxError(DbException.java:204)
	at org.h2.command.Parser.getSyntaxError(Parser.java:524)
	at org.h2.command.Parser.readTerm(Parser.java:2688)
	at org.h2.command.Parser.readFactor(Parser.java:2244)
	at org.h2.command.Parser.readSum(Parser.java:2231)
	at org.h2.command.Parser.readConcat(Parser.java:2201)
	at org.h2.command.Parser.readCondition(Parser.java:2051)
	at org.h2.command.Parser.readAnd(Parser.java:2023)
	at org.h2.command.Parser.readExpression(Parser.java:2015)
	at org.h2.command.Parser.parseEndOfQuery(Parser.java:1726)
	at org.h2.command.Parser.parseSelectUnionExtension(Parser.java:1706)
	at org.h2.command.Parser.parseSelectUnion(Parser.java:1675)
	at org.h2.command.Parser.parseSelect(Parser.java:1662)
	at org.h2.command.Parser.parsePrepared(Parser.java:434)
	at org.h2.command.Parser.parse(Parser.java:306)
	at org.h2.command.Parser.parse(Parser.java:282)
	at org.h2.command.Parser.prepareCommand(Parser.java:243)
	at org.h2.engine.Session.prepareLocal(Session.java:442)
	at org.h2.engine.Session.prepareCommand(Session.java:384)
	at org.h2.jdbc.JdbcConnection.prepareCommand(JdbcConnection.java:1188)
	at org.h2.jdbc.JdbcPreparedStatement.&lt;init&gt;(JdbcPreparedStatement.java:73)
	at org.h2.jdbc.JdbcConnection.prepareStatement(JdbcConnection.java:276)
	at sun.reflect.GeneratedMethodAccessor6.invoke(Unknown Source)
	at sun.reflect.DelegatingMethodAccessorImpl.invoke(DelegatingMethodAccessorImpl.java:43)
	at java.lang.reflect.Method.invoke(Method.java:498)
	at org.apache.ibatis.datasource.pooled.PooledConnection.invoke(PooledConnection.java:245)
	at com.sun.proxy.$Proxy12.prepareStatement(Unknown Source)
	at sun.reflect.GeneratedMethodAccessor6.invoke(Unknown Source)
	at sun.reflect.DelegatingMethodAccessorImpl.invoke(DelegatingMethodAccessorImpl.java:43)
	at java.lang.reflect.Method.invoke(Method.java:498)
	at org.apache.ibatis.logging.jdbc.ConnectionLogger.invoke(ConnectionLogger.java:55)
	at com.sun.proxy.$Proxy12.prepareStatement(Unknown Source)
	at org.apache.ibatis.executor.statement.PreparedStatementHandler.instantiateStatement(PreparedStatementHandler.java:79)
	at org.apache.ibatis.executor.statement.BaseStatementHandler.prepare(BaseStatementHandler.java:88)
	at org.apache.ibatis.executor.statement.RoutingStatementHandler.prepare(RoutingStatementHandler.java:58)
	at org.apache.ibatis.executor.SimpleExecutor.prepareStatement(SimpleExecutor.java:76)
	at org.apache.ibatis.executor.SimpleExecutor.doQuery(SimpleExecutor.java:61)
	at org.apache.ibatis.executor.BaseExecutor.queryFromDatabase(BaseExecutor.java:303)
	at org.apache.ibatis.executor.BaseExecutor.query(BaseExecutor.java:154)
	at org.apache.ibatis.executor.CachingExecutor.query(CachingExecutor.java:102)
	at org.apache.ibatis.executor.CachingExecutor.query(CachingExecutor.java:82)
	at org.apache.ibatis.session.defaults.DefaultSqlSession.selectList(DefaultSqlSession.java:120)
	... 42 more
10:44:57,250 [main] DEBUG org.activiti.engine.impl.test.PvmTestCase  - #### END JobQueryTest.testQueryByProcessInstanceId #############################################################
10:44:57,250 [main] DEBUG org.activiti.engine.impl.interceptor.LogInterceptor  - 

10:44:57,250 [main] DEBUG org.activiti.engine.impl.interceptor.LogInterceptor  - --- starting DeleteDeploymentCmd --------------------------------------------------------
10:44:57,250 [main] DEBUG org.apache.ibatis.transaction.jdbc.JdbcTransaction  - Opening JDBC Connection
10:44:57,250 [main] DEBUG org.apache.ibatis.datasource.pooled.PooledDataSource  - Checked out connection 363509958 from pool.
10:44:57,250 [main] DEBUG org.apache.ibatis.transaction.jdbc.JdbcTransaction  - Setting autocommit to false on JDBC Connection [conn2: url=jdbc:h2:mem:activiti user=SA]
10:44:57,250 [main] DEBUG org.activiti.engine.impl.persistence.entity.DeploymentEntity.selectDeploymentById  - ==&gt;  Preparing: select * from ACT_RE_DEPLOYMENT where ID_ = ? 
10:44:57,250 [main] DEBUG org.activiti.engine.impl.persistence.entity.DeploymentEntity.selectDeploymentById  - ==&gt; Parameters: 1704(String)
10:44:57,250 [main] DEBUG org.activiti.engine.impl.persistence.entity.DeploymentEntity.selectDeploymentById  - &lt;==      Total: 1
10:44:57,250 [main] DEBUG org.activiti.engine.impl.persistence.entity.ProcessDefinitionEntity.selectProcessDefinitionsByQueryCriteria  - ==&gt;  Preparing: select RES.* from ACT_RE_PROCDEF RES WHERE RES.DEPLOYMENT_ID_ = ? order by order by RES.ID_ asc LIMIT ? OFFSET ? 
10:44:57,250 [main] DEBUG org.activiti.engine.impl.interceptor.CommandContext  - Error while closing command context
org.apache.ibatis.exceptions.PersistenceException: 
### Error querying database.  Cause: org.h2.jdbc.JdbcSQLException: Syntax error in SQL statement &quot;SELECT RES.* 
       
    FROM ACT_RE_PROCDEF RES
     
     WHERE  RES.DEPLOYMENT_ID_ = ? 
   
     ORDER BY  ORDER[*] BY RES.ID_ ASC  
    LIMIT ? OFFSET ? &quot;; expected &quot;=, NOT, EXISTS, INTERSECTS, SELECT, FROM&quot;; SQL statement:
select RES.* 
       
    from ACT_RE_PROCDEF RES
     
     WHERE  RES.DEPLOYMENT_ID_ = ? 
   
     order by  order by RES.ID_ asc  
    LIMIT ? OFFSET ? [42001-176]
### The error may exist in org/activiti/db/mapping/entity/ProcessDefinition.xml
### The error may involve org.activiti.engine.impl.persistence.entity.ProcessDefinitionEntity.selectProcessDefinitionsByQueryCriteria
### The error occurred while executing a query
### SQL: select RES.*              from ACT_RE_PROCDEF RES            WHERE  RES.DEPLOYMENT_ID_ = ?           order by  order by RES.ID_ asc       LIMIT ? OFFSET ?
### Cause: org.h2.jdbc.JdbcSQLException: Syntax error in SQL statement &quot;SELECT RES.* 
       
    FROM ACT_RE_PROCDEF RES
     
     WHERE  RES.DEPLOYMENT_ID_ = ? 
   
     ORDER BY  ORDER[*] BY RES.ID_ ASC  
    LIMIT ? OFFSET ? &quot;; expected &quot;=, NOT, EXISTS, INTERSECTS, SELECT, FROM&quot;; SQL statement:
select RES.* 
       
    from ACT_RE_PROCDEF RES
     
     WHERE  RES.DEPLOYMENT_ID_ = ? 
   
     order by  order by RES.ID_ asc  
    LIMIT ? OFFSET ? [42001-176]
	at org.apache.ibatis.exceptions.ExceptionFactory.wrapException(ExceptionFactory.java:30)
	at org.apache.ibatis.session.defaults.DefaultSqlSession.selectList(DefaultSqlSession.java:122)
	at org.apache.ibatis.session.defaults.DefaultSqlSession.selectList(DefaultSqlSession.java:113)
	at org.activiti.engine.impl.db.DbSqlSession.selectListWithRawParameter(DbSqlSession.java:438)
	at org.activiti.engine.impl.db.DbSqlSession.selectList(DbSqlSession.java:429)
	at org.activiti.engine.impl.db.DbSqlSession.selectList(DbSqlSession.java:419)
	at org.activiti.engine.impl.persistence.entity.ProcessDefinitionEntityManager.findProcessDefinitionsByQueryCriteria(ProcessDefinitionEntityManager.java:57)
	at org.activiti.engine.impl.ProcessDefinitionQueryImpl.executeList(ProcessDefinitionQueryImpl.java:307)
	at org.activiti.engine.impl.AbstractQuery.list(AbstractQuery.java:140)
	at org.activiti.engine.impl.persistence.deploy.DeploymentManager.removeDeployment(DeploymentManager.java:187)
	at org.activiti.engine.impl.cmd.DeleteDeploymentCmd.execute(DeleteDeploymentCmd.java:44)
	at org.activiti.engine.impl.cmd.DeleteDeploymentCmd.execute(DeleteDeploymentCmd.java:24)
	at org.activiti.engine.impl.interceptor.CommandInvoker.execute(CommandInvoker.java:24)
	at org.activiti.engine.impl.interceptor.CommandContextInterceptor.execute(CommandContextInterceptor.java:57)
	at org.activiti.engine.impl.interceptor.LogInterceptor.execute(LogInterceptor.java:37)
	at org.activiti.engine.impl.cfg.CommandExecutorImpl.execute(CommandExecutorImpl.java:40)
	at org.activiti.engine.impl.cfg.CommandExecutorImpl.execute(CommandExecutorImpl.java:35)
	at org.activiti.engine.impl.RepositoryServiceImpl.deleteDeployment(RepositoryServiceImpl.java:90)
	at org.activiti.engine.test.api.mgmt.JobQueryTest.tearDown(JobQueryTest.java:116)
	at junit.framework.TestCase.runBare(TestCase.java:146)
	at org.activiti.engine.impl.test.AbstractActivitiTestCase.runBare(AbstractActivitiTestCase.java:100)
	at junit.framework.TestResult$1.protect(TestResult.java:122)
	at junit.framework.TestResult.runProtected(TestResult.java:142)
	at junit.framework.TestResult.run(TestResult.java:125)
	at junit.framework.TestCase.run(TestCase.java:129)
	at junit.framework.TestSuite.runTest(TestSuite.java:255)
	at junit.framework.TestSuite.run(TestSuite.java:250)
	at org.junit.internal.runners.JUnit38ClassRunner.run(JUnit38ClassRunner.java:84)
	at org.apache.maven.surefire.junit4.JUnit4TestSet.execute(JUnit4TestSet.java:35)
	at org.apache.maven.surefire.junit4.JUnit4Provider.executeTestSet(JUnit4Provider.java:146)
	at org.apache.maven.surefire.junit4.JUnit4Provider.invoke(JUnit4Provider.java:97)
	at sun.reflect.NativeMethodAccessorImpl.invoke0(Native Method)
	at sun.reflect.NativeMethodAccessorImpl.invoke(NativeMethodAccessorImpl.java:62)
	at sun.reflect.DelegatingMethodAccessorImpl.invoke(DelegatingMethodAccessorImpl.java:43)
	at java.lang.reflect.Method.invoke(Method.java:498)
	at org.apache.maven.surefire.booter.ProviderFactory$ClassLoaderProxy.invoke(ProviderFactory.java:103)
	at com.sun.proxy.$Proxy0.invoke(Unknown Source)
	at org.apache.maven.surefire.booter.SurefireStarter.invokeProvider(SurefireStarter.java:145)
	at org.apache.maven.surefire.booter.SurefireStarter.runSuitesInProcess(SurefireStarter.java:87)
	at org.apache.maven.surefire.booter.ForkedBooter.main(ForkedBooter.java:69)
Caused by: org.h2.jdbc.JdbcSQLException: Syntax error in SQL statement &quot;SELECT RES.* 
       
    FROM ACT_RE_PROCDEF RES
     
     WHERE  RES.DEPLOYMENT_ID_ = ? 
   
     ORDER BY  ORDER[*] BY RES.ID_ ASC  
    LIMIT ? OFFSET ? &quot;; expected &quot;=, NOT, EXISTS, INTERSECTS, SELECT, FROM&quot;; SQL statement:
select RES.* 
       
    from ACT_RE_PROCDEF RES
     
     WHERE  RES.DEPLOYMENT_ID_ = ? 
   
     order by  order by RES.ID_ asc  
    LIMIT ? OFFSET ? [42001-176]
	at org.h2.message.DbException.getJdbcSQLException(DbException.java:344)
	at org.h2.message.DbException.getSyntaxError(DbException.java:204)
	at org.h2.command.Parser.getSyntaxError(Parser.java:524)
	at org.h2.command.Parser.readTerm(Parser.java:2688)
	at org.h2.command.Parser.readFactor(Parser.java:2244)
	at org.h2.command.Parser.readSum(Parser.java:2231)
	at org.h2.command.Parser.readConcat(Parser.java:2201)
	at org.h2.command.Parser.readCondition(Parser.java:2051)
	at org.h2.command.Parser.readAnd(Parser.java:2023)
	at org.h2.command.Parser.readExpression(Parser.java:2015)
	at org.h2.command.Parser.parseEndOfQuery(Parser.java:1726)
	at org.h2.command.Parser.parseSelectUnionExtension(Parser.java:1706)
	at org.h2.command.Parser.parseSelectUnion(Parser.java:1675)
	at org.h2.command.Parser.parseSelect(Parser.java:1662)
	at org.h2.command.Parser.parsePrepared(Parser.java:434)
	at org.h2.command.Parser.parse(Parser.java:306)
	at org.h2.command.Parser.parse(Parser.java:282)
	at org.h2.command.Parser.prepareCommand(Parser.java:243)
	at org.h2.engine.Session.prepareLocal(Session.java:442)
	at org.h2.engine.Session.prepareCommand(Session.java:384)
	at org.h2.jdbc.JdbcConnection.prepareCommand(JdbcConnection.java:1188)
	at org.h2.jdbc.JdbcPreparedStatement.&lt;init&gt;(JdbcPreparedStatement.java:73)
	at org.h2.jdbc.JdbcConnection.prepareStatement(JdbcConnection.java:276)
	at sun.reflect.GeneratedMethodAccessor6.invoke(Unknown Source)
	at sun.reflect.DelegatingMethodAccessorImpl.invoke(DelegatingMethodAccessorImpl.java:43)
	at java.lang.reflect.Method.invoke(Method.java:498)
	at org.apache.ibatis.datasource.pooled.PooledConnection.invoke(PooledConnection.java:245)
	at com.sun.proxy.$Proxy12.prepareStatement(Unknown Source)
	at sun.reflect.GeneratedMethodAccessor6.invoke(Unknown Source)
	at sun.reflect.DelegatingMethodAccessorImpl.invoke(DelegatingMethodAccessorImpl.java:43)
	at java.lang.reflect.Method.invoke(Method.java:498)
	at org.apache.ibatis.logging.jdbc.ConnectionLogger.invoke(ConnectionLogger.java:55)
	at com.sun.proxy.$Proxy12.prepareStatement(Unknown Source)
	at org.apache.ibatis.executor.statement.PreparedStatementHandler.instantiateStatement(PreparedStatementHandler.java:79)
	at org.apache.ibatis.executor.statement.BaseStatementHandler.prepare(BaseStatementHandler.java:88)
	at org.apache.ibatis.executor.statement.RoutingStatementHandler.prepare(RoutingStatementHandler.java:58)
	at org.apache.ibatis.executor.SimpleExecutor.prepareStatement(SimpleExecutor.java:76)
	at org.apache.ibatis.executor.SimpleExecutor.doQuery(SimpleExecutor.java:61)
	at org.apache.ibatis.executor.BaseExecutor.queryFromDatabase(BaseExecutor.java:303)
	at org.apache.ibatis.executor.BaseExecutor.query(BaseExecutor.java:154)
	at org.apache.ibatis.executor.CachingExecutor.query(CachingExecutor.java:102)
	at org.apache.ibatis.executor.CachingExecutor.query(CachingExecutor.java:82)
	at org.apache.ibatis.session.defaults.DefaultSqlSession.selectList(DefaultSqlSession.java:120)
	... 38 more
10:44:57,250 [main] DEBUG org.activiti.engine.impl.cfg.standalone.StandaloneMybatisTransactionContext  - firing event rolling back...
10:44:57,250 [main] DEBUG org.activiti.engine.impl.cfg.standalone.StandaloneMybatisTransactionContext  - rolling back ibatis sql session...
10:44:57,250 [main] DEBUG org.activiti.engine.impl.cfg.standalone.StandaloneMybatisTransactionContext  - firing event rolled back...
10:44:57,250 [main] DEBUG org.apache.ibatis.transaction.jdbc.JdbcTransaction  - Resetting autocommit to true on JDBC Connection [conn2: url=jdbc:h2:mem:activiti user=SA]
10:44:57,250 [main] DEBUG org.apache.ibatis.transaction.jdbc.JdbcTransaction  - Closing JDBC Connection [conn2: url=jdbc:h2:mem:activiti user=SA]
10:44:57,250 [main] DEBUG org.apache.ibatis.datasource.pooled.PooledDataSource  - Returned connection 363509958 to pool.
10:44:57,250 [main] DEBUG org.activiti.engine.impl.interceptor.LogInterceptor  - --- DeleteDeploymentCmd finished --------------------------------------------------------
10:44:57,250 [main] DEBUG org.activiti.engine.impl.interceptor.LogInterceptor  - 

10:44:57,250 [main] ERROR org.activiti.engine.impl.test.PvmTestCase  - 

10:44:57,250 [main] ERROR org.activiti.engine.impl.test.PvmTestCase  - EXCEPTION: org.apache.ibatis.exceptions.PersistenceException: 
### Error querying database.  Cause: org.h2.jdbc.JdbcSQLException: Syntax error in SQL statement &quot;SELECT RES.* 
     
    FROM ACT_RU_JOB RES
     
     WHERE  RES.PROCESS_INSTANCE_ID_ = ? 
   
     ORDER BY  ORDER[*] BY RES.ID_ ASC  
    LIMIT ? OFFSET ? &quot;; expected &quot;=, NOT, EXISTS, INTERSECTS, SELECT, FROM&quot;; SQL statement:
select RES.* 
     
    from ACT_RU_JOB RES
     
     WHERE  RES.PROCESS_INSTANCE_ID_ = ? 
   
     order by  order by RES.ID_ asc  
    LIMIT ? OFFSET ? [42001-176]
### The error may exist in org/activiti/db/mapping/entity/Job.xml
### The error may involve org.activiti.engine.impl.persistence.entity.JobEntity.selectJobByQueryCriteria
### The error occurred while executing a query
### SQL: select RES.*            from ACT_RU_JOB RES            WHERE  RES.PROCESS_INSTANCE_ID_ = ?           order by  order by RES.ID_ asc       LIMIT ? OFFSET ?
### Cause: org.h2.jdbc.JdbcSQLException: Syntax error in SQL statement &quot;SELECT RES.* 
     
    FROM ACT_RU_JOB RES
     
     WHERE  RES.PROCESS_INSTANCE_ID_ = ? 
   
     ORDER BY  ORDER[*] BY RES.ID_ ASC  
    LIMIT ? OFFSET ? &quot;; expected &quot;=, NOT, EXISTS, INTERSECTS, SELECT, FROM&quot;; SQL statement:
select RES.* 
     
    from ACT_RU_JOB RES
     
     WHERE  RES.PROCESS_INSTANCE_ID_ = ? 
   
     order by  order by RES.ID_ asc  
    LIMIT ? OFFSET ? [42001-176]
org.apache.ibatis.exceptions.PersistenceException: 
### Error querying database.  Cause: org.h2.jdbc.JdbcSQLException: Syntax error in SQL statement &quot;SELECT RES.* 
     
    FROM ACT_RU_JOB RES
     
     WHERE  RES.PROCESS_INSTANCE_ID_ = ? 
   
     ORDER BY  ORDER[*] BY RES.ID_ ASC  
    LIMIT ? OFFSET ? &quot;; expected &quot;=, NOT, EXISTS, INTERSECTS, SELECT, FROM&quot;; SQL statement:
select RES.* 
     
    from ACT_RU_JOB RES
     
     WHERE  RES.PROCESS_INSTANCE_ID_ = ? 
   
     order by  order by RES.ID_ asc  
    LIMIT ? OFFSET ? [42001-176]
### The error may exist in org/activiti/db/mapping/entity/Job.xml
### The error may involve org.activiti.engine.impl.persistence.entity.JobEntity.selectJobByQueryCriteria
### The error occurred while executing a query
### SQL: select RES.*            from ACT_RU_JOB RES            WHERE  RES.PROCESS_INSTANCE_ID_ = ?           order by  order by RES.ID_ asc       LIMIT ? OFFSET ?
### Cause: org.h2.jdbc.JdbcSQLException: Syntax error in SQL statement &quot;SELECT RES.* 
     
    FROM ACT_RU_JOB RES
     
     WHERE  RES.PROCESS_INSTANCE_ID_ = ? 
   
     ORDER BY  ORDER[*] BY RES.ID_ ASC  
    LIMIT ? OFFSET ? &quot;; expected &quot;=, NOT, EXISTS, INTERSECTS, SELECT, FROM&quot;; SQL statement:
select RES.* 
     
    from ACT_RU_JOB RES
     
     WHERE  RES.PROCESS_INSTANCE_ID_ = ? 
   
     order by  order by RES.ID_ asc  
    LIMIT ? OFFSET ? [42001-176]
	at org.apache.ibatis.exceptions.ExceptionFactory.wrapException(ExceptionFactory.java:30)
	at org.apache.ibatis.session.defaults.DefaultSqlSession.selectList(DefaultSqlSession.java:122)
	at org.apache.ibatis.session.defaults.DefaultSqlSession.selectList(DefaultSqlSession.java:113)
	at org.activiti.engine.impl.db.DbSqlSession.selectListWithRawParameter(DbSqlSession.java:438)
	at org.activiti.engine.impl.db.DbSqlSession.selectList(DbSqlSession.java:429)
	at org.activiti.engine.impl.db.DbSqlSession.selectList(DbSqlSession.java:419)
	at org.activiti.engine.impl.persistence.entity.JobEntityManager.findJobsByQueryCriteria(JobEntityManager.java:198)
	at org.activiti.engine.impl.JobQueryImpl.executeList(JobQueryImpl.java:243)
	at org.activiti.engine.impl.AbstractQuery.execute(AbstractQuery.java:164)
	at org.activiti.engine.impl.interceptor.CommandInvoker.execute(CommandInvoker.java:24)
	at org.activiti.engine.impl.interceptor.CommandContextInterceptor.execute(CommandContextInterceptor.java:57)
	at org.activiti.engine.impl.interceptor.LogInterceptor.execute(LogInterceptor.java:37)
	at org.activiti.engine.impl.cfg.CommandExecutorImpl.execute(CommandExecutorImpl.java:40)
	at org.activiti.engine.impl.cfg.CommandExecutorImpl.execute(CommandExecutorImpl.java:35)
	at org.activiti.engine.impl.AbstractQuery.list(AbstractQuery.java:138)
	at org.activiti.engine.test.api.mgmt.JobQueryTest.verifyQueryResults(JobQueryTest.java:400)
	at org.activiti.engine.test.api.mgmt.JobQueryTest.testQueryByProcessInstanceId(JobQueryTest.java:128)
	at sun.reflect.NativeMethodAccessorImpl.invoke0(Native Method)
	at sun.reflect.NativeMethodAccessorImpl.invoke(NativeMethodAccessorImpl.java:62)
	at sun.reflect.DelegatingMethodAccessorImpl.invoke(DelegatingMethodAccessorImpl.java:43)
	at java.lang.reflect.Method.invoke(Method.java:498)
	at junit.framework.TestCase.runTest(TestCase.java:176)
	at org.activiti.engine.impl.test.PvmTestCase.runTest(PvmTestCase.java:65)
	at junit.framework.TestCase.runBare(TestCase.java:141)
	at org.activiti.engine.impl.test.AbstractActivitiTestCase.runBare(AbstractActivitiTestCase.java:100)
	at junit.framework.TestResult$1.protect(TestResult.java:122)
	at junit.framework.TestResult.runProtected(TestResult.java:142)
	at junit.framework.TestResult.run(TestResult.java:125)
	at junit.framework.TestCase.run(TestCase.java:129)
	at junit.framework.TestSuite.runTest(TestSuite.java:255)
	at junit.framework.TestSuite.run(TestSuite.java:250)
	at org.junit.internal.runners.JUnit38ClassRunner.run(JUnit38ClassRunner.java:84)
	at org.apache.maven.surefire.junit4.JUnit4TestSet.execute(JUnit4TestSet.java:35)
	at org.apache.maven.surefire.junit4.JUnit4Provider.executeTestSet(JUnit4Provider.java:146)
	at org.apache.maven.surefire.junit4.JUnit4Provider.invoke(JUnit4Provider.java:97)
	at sun.reflect.NativeMethodAccessorImpl.invoke0(Native Method)
	at sun.reflect.NativeMethodAccessorImpl.invoke(NativeMethodAccessorImpl.java:62)
	at sun.reflect.DelegatingMethodAccessorImpl.invoke(DelegatingMethodAccessorImpl.java:43)
	at java.lang.reflect.Method.invoke(Method.java:498)
	at org.apache.maven.surefire.booter.ProviderFactory$ClassLoaderProxy.invoke(ProviderFactory.java:103)
	at com.sun.proxy.$Proxy0.invoke(Unknown Source)
	at org.apache.maven.surefire.booter.SurefireStarter.invokeProvider(SurefireStarter.java:145)
	at org.apache.maven.surefire.booter.SurefireStarter.runSuitesInProcess(SurefireStarter.java:87)
	at org.apache.maven.surefire.booter.ForkedBooter.main(ForkedBooter.java:69)
Caused by: org.h2.jdbc.JdbcSQLException: Syntax error in SQL statement &quot;SELECT RES.* 
     
    FROM ACT_RU_JOB RES
     
     WHERE  RES.PROCESS_INSTANCE_ID_ = ? 
   
     ORDER BY  ORDER[*] BY RES.ID_ ASC  
    LIMIT ? OFFSET ? &quot;; expected &quot;=, NOT, EXISTS, INTERSECTS, SELECT, FROM&quot;; SQL statement:
select RES.* 
     
    from ACT_RU_JOB RES
     
     WHERE  RES.PROCESS_INSTANCE_ID_ = ? 
   
     order by  order by RES.ID_ asc  
    LIMIT ? OFFSET ? [42001-176]
	at org.h2.message.DbException.getJdbcSQLException(DbException.java:344)
	at org.h2.message.DbException.getSyntaxError(DbException.java:204)
	at org.h2.command.Parser.getSyntaxError(Parser.java:524)
	at org.h2.command.Parser.readTerm(Parser.java:2688)
	at org.h2.command.Parser.readFactor(Parser.java:2244)
	at org.h2.command.Parser.readSum(Parser.java:2231)
	at org.h2.command.Parser.readConcat(Parser.java:2201)
	at org.h2.command.Parser.readCondition(Parser.java:2051)
	at org.h2.command.Parser.readAnd(Parser.java:2023)
	at org.h2.command.Parser.readExpression(Parser.java:2015)
	at org.h2.command.Parser.parseEndOfQuery(Parser.java:1726)
	at org.h2.command.Parser.parseSelectUnionExtension(Parser.java:1706)
	at org.h2.command.Parser.parseSelectUnion(Parser.java:1675)
	at org.h2.command.Parser.parseSelect(Parser.java:1662)
	at org.h2.command.Parser.parsePrepared(Parser.java:434)
	at org.h2.command.Parser.parse(Parser.java:306)
	at org.h2.command.Parser.parse(Parser.java:282)
	at org.h2.command.Parser.prepareCommand(Parser.java:243)
	at org.h2.engine.Session.prepareLocal(Session.java:442)
	at org.h2.engine.Session.prepareCommand(Session.java:384)
	at org.h2.jdbc.JdbcConnection.prepareCommand(JdbcConnection.java:1188)
	at org.h2.jdbc.JdbcPreparedStatement.&lt;init&gt;(JdbcPreparedStatement.java:73)
	at org.h2.jdbc.JdbcConnection.prepareStatement(JdbcConnection.java:276)
	at sun.reflect.GeneratedMethodAccessor6.invoke(Unknown Source)
	at sun.reflect.DelegatingMethodAccessorImpl.invoke(DelegatingMethodAccessorImpl.java:43)
	at java.lang.reflect.Method.invoke(Method.java:498)
	at org.apache.ibatis.datasource.pooled.PooledConnection.invoke(PooledConnection.java:245)
	at com.sun.proxy.$Proxy12.prepareStatement(Unknown Source)
	at sun.reflect.GeneratedMethodAccessor6.invoke(Unknown Source)
	at sun.reflect.DelegatingMethodAccessorImpl.invoke(DelegatingMethodAccessorImpl.java:43)
	at java.lang.reflect.Method.invoke(Method.java:498)
	at org.apache.ibatis.logging.jdbc.ConnectionLogger.invoke(ConnectionLogger.java:55)
	at com.sun.proxy.$Proxy12.prepareStatement(Unknown Source)
	at org.apache.ibatis.executor.statement.PreparedStatementHandler.instantiateStatement(PreparedStatementHandler.java:79)
	at org.apache.ibatis.executor.statement.BaseStatementHandler.prepare(BaseStatementHandler.java:88)
	at org.apache.ibatis.executor.statement.RoutingStatementHandler.prepare(RoutingStatementHandler.java:58)
	at org.apache.ibatis.executor.SimpleExecutor.prepareStatement(SimpleExecutor.java:76)
	at org.apache.ibatis.executor.SimpleExecutor.doQuery(SimpleExecutor.java:61)
	at org.apache.ibatis.executor.BaseExecutor.queryFromDatabase(BaseExecutor.java:303)
	at org.apache.ibatis.executor.BaseExecutor.query(BaseExecutor.java:154)
	at org.apache.ibatis.executor.CachingExecutor.query(CachingExecutor.java:102)
	at org.apache.ibatis.executor.CachingExecutor.query(CachingExecutor.java:82)
	at org.apache.ibatis.session.defaults.DefaultSqlSession.selectList(DefaultSqlSession.java:120)
	... 42 more
10:44:57,250 [main] DEBUG org.activiti.engine.impl.test.PvmTestCase  - verifying that db is clean after test
10:44:57,250 [main] DEBUG org.activiti.engine.impl.interceptor.LogInterceptor  - 

10:44:57,250 [main] DEBUG org.activiti.engine.impl.interceptor.LogInterceptor  - --- starting GetTableCountCmd --------------------------------------------------------
10:44:57,250 [main] DEBUG org.apache.ibatis.transaction.jdbc.JdbcTransaction  - Opening JDBC Connection
10:44:57,250 [main] DEBUG org.apache.ibatis.datasource.pooled.PooledDataSource  - Checked out connection 180014677 from pool.
10:44:57,251 [main] DEBUG org.apache.ibatis.transaction.jdbc.JdbcTransaction  - Setting autocommit to false on JDBC Connection [conn3: url=jdbc:h2:mem:activiti user=SA]
10:44:57,251 [main] DEBUG org.activiti.engine.impl.persistence.entity.TableDataManager  - retrieving activiti tables from jdbc metadata
10:44:57,251 [main] DEBUG org.activiti.engine.impl.persistence.entity.TableDataManager  -   retrieved activiti table name ACT_EVT_LOG
10:44:57,251 [main] DEBUG org.activiti.engine.impl.persistence.entity.TableDataManager  -   retrieved activiti table name ACT_GE_BYTEARRAY
10:44:57,251 [main] DEBUG org.activiti.engine.impl.persistence.entity.TableDataManager  -   retrieved activiti table name ACT_GE_PROPERTY
10:44:57,251 [main] DEBUG org.activiti.engine.impl.persistence.entity.TableDataManager  -   retrieved activiti table name ACT_HI_ACTINST
10:44:57,251 [main] DEBUG org.activiti.engine.impl.persistence.entity.TableDataManager  -   retrieved activiti table name ACT_HI_ATTACHMENT
10:44:57,251 [main] DEBUG org.activiti.engine.impl.persistence.entity.TableDataManager  -   retrieved activiti table name ACT_HI_COMMENT
10:44:57,251 [main] DEBUG org.activiti.engine.impl.persistence.entity.TableDataManager  -   retrieved activiti table name ACT_HI_DETAIL
10:44:57,251 [main] DEBUG org.activiti.engine.impl.persistence.entity.TableDataManager  -   retrieved activiti table name ACT_HI_IDENTITYLINK
10:44:57,251 [main] DEBUG org.activiti.engine.impl.persistence.entity.TableDataManager  -   retrieved activiti table name ACT_HI_PROCINST
10:44:57,251 [main] DEBUG org.activiti.engine.impl.persistence.entity.TableDataManager  -   retrieved activiti table name ACT_HI_TASKINST
10:44:57,251 [main] DEBUG org.activiti.engine.impl.persistence.entity.TableDataManager  -   retrieved activiti table name ACT_HI_VARINST
10:44:57,251 [main] DEBUG org.activiti.engine.impl.persistence.entity.TableDataManager  -   retrieved activiti table name ACT_ID_GROUP
10:44:57,251 [main] DEBUG org.activiti.engine.impl.persistence.entity.TableDataManager  -   retrieved activiti table name ACT_ID_INFO
10:44:57,251 [main] DEBUG org.activiti.engine.impl.persistence.entity.TableDataManager  -   retrieved activiti table name ACT_ID_MEMBERSHIP
10:44:57,251 [main] DEBUG org.activiti.engine.impl.persistence.entity.TableDataManager  -   retrieved activiti table name ACT_ID_USER
10:44:57,251 [main] DEBUG org.activiti.engine.impl.persistence.entity.TableDataManager  -   retrieved activiti table name ACT_PROCDEF_INFO
10:44:57,251 [main] DEBUG org.activiti.engine.impl.persistence.entity.TableDataManager  -   retrieved activiti table name ACT_RE_DEPLOYMENT
10:44:57,251 [main] DEBUG org.activiti.engine.impl.persistence.entity.TableDataManager  -   retrieved activiti table name ACT_RE_MODEL
10:44:57,251 [main] DEBUG org.activiti.engine.impl.persistence.entity.TableDataManager  -   retrieved activiti table name ACT_RE_PROCDEF
10:44:57,251 [main] DEBUG org.activiti.engine.impl.persistence.entity.TableDataManager  -   retrieved activiti table name ACT_RU_EVENT_SUBSCR
10:44:57,251 [main] DEBUG org.activiti.engine.impl.persistence.entity.TableDataManager  -   retrieved activiti table name ACT_RU_EXECUTION
10:44:57,251 [main] DEBUG org.activiti.engine.impl.persistence.entity.TableDataManager  -   retrieved activiti table name ACT_RU_IDENTITYLINK
10:44:57,251 [main] DEBUG org.activiti.engine.impl.persistence.entity.TableDataManager  -   retrieved activiti table name ACT_RU_JOB
10:44:57,251 [main] DEBUG org.activiti.engine.impl.persistence.entity.TableDataManager  -   retrieved activiti table name ACT_RU_TASK
10:44:57,251 [main] DEBUG org.activiti.engine.impl.persistence.entity.TableDataManager  -   retrieved activiti table name ACT_RU_VARIABLE
10:44:57,251 [main] DEBUG org.activiti.engine.impl.persistence.entity.TableDataManager  - selecting table count for ACT_EVT_LOG
10:44:57,251 [main] DEBUG org.activiti.engine.impl.TablePageMap.selectTableCount  - ==&gt;  Preparing: select count(*) from ACT_EVT_LOG 
10:44:57,251 [main] DEBUG org.activiti.engine.impl.TablePageMap.selectTableCount  - ==&gt; Parameters: 
10:44:57,251 [main] DEBUG org.activiti.engine.impl.TablePageMap.selectTableCount  - &lt;==      Total: 1
10:44:57,251 [main] DEBUG org.activiti.engine.impl.persistence.entity.TableDataManager  - selecting table count for ACT_GE_BYTEARRAY
10:44:57,251 [main] DEBUG org.activiti.engine.impl.TablePageMap.selectTableCount  - ==&gt;  Preparing: select count(*) from ACT_GE_BYTEARRAY 
10:44:57,251 [main] DEBUG org.activiti.engine.impl.TablePageMap.selectTableCount  - ==&gt; Parameters: 
10:44:57,251 [main] DEBUG org.activiti.engine.impl.TablePageMap.selectTableCount  - &lt;==      Total: 1
10:44:57,251 [main] DEBUG org.activiti.engine.impl.persistence.entity.TableDataManager  - selecting table count for ACT_GE_PROPERTY
10:44:57,251 [main] DEBUG org.activiti.engine.impl.TablePageMap.selectTableCount  - ==&gt;  Preparing: select count(*) from ACT_GE_PROPERTY 
10:44:57,251 [main] DEBUG org.activiti.engine.impl.TablePageMap.selectTableCount  - ==&gt; Parameters: 
10:44:57,251 [main] DEBUG org.activiti.engine.impl.TablePageMap.selectTableCount  - &lt;==      Total: 1
10:44:57,251 [main] DEBUG org.activiti.engine.impl.persistence.entity.TableDataManager  - selecting table count for ACT_HI_ACTINST
10:44:57,251 [main] DEBUG org.activiti.engine.impl.TablePageMap.selectTableCount  - ==&gt;  Preparing: select count(*) from ACT_HI_ACTINST 
10:44:57,251 [main] DEBUG org.activiti.engine.impl.TablePageMap.selectTableCount  - ==&gt; Parameters: 
10:44:57,251 [main] DEBUG org.activiti.engine.impl.TablePageMap.selectTableCount  - &lt;==      Total: 1
10:44:57,251 [main] DEBUG org.activiti.engine.impl.persistence.entity.TableDataManager  - selecting table count for ACT_HI_ATTACHMENT
10:44:57,251 [main] DEBUG org.activiti.engine.impl.TablePageMap.selectTableCount  - ==&gt;  Preparing: select count(*) from ACT_HI_ATTACHMENT 
10:44:57,251 [main] DEBUG org.activiti.engine.impl.TablePageMap.selectTableCount  - ==&gt; Parameters: 
10:44:57,251 [main] DEBUG org.activiti.engine.impl.TablePageMap.selectTableCount  - &lt;==      Total: 1
10:44:57,251 [main] DEBUG org.activiti.engine.impl.persistence.entity.TableDataManager  - selecting table count for ACT_HI_COMMENT
10:44:57,251 [main] DEBUG org.activiti.engine.impl.TablePageMap.selectTableCount  - ==&gt;  Preparing: select count(*) from ACT_HI_COMMENT 
10:44:57,251 [main] DEBUG org.activiti.engine.impl.TablePageMap.selectTableCount  - ==&gt; Parameters: 
10:44:57,251 [main] DEBUG org.activiti.engine.impl.TablePageMap.selectTableCount  - &lt;==      Total: 1
10:44:57,251 [main] DEBUG org.activiti.engine.impl.persistence.entity.TableDataManager  - selecting table count for ACT_HI_DETAIL
10:44:57,251 [main] DEBUG org.activiti.engine.impl.TablePageMap.selectTableCount  - ==&gt;  Preparing: select count(*) from ACT_HI_DETAIL 
10:44:57,251 [main] DEBUG org.activiti.engine.impl.TablePageMap.selectTableCount  - ==&gt; Parameters: 
10:44:57,251 [main] DEBUG org.activiti.engine.impl.TablePageMap.selectTableCount  - &lt;==      Total: 1
10:44:57,251 [main] DEBUG org.activiti.engine.impl.persistence.entity.TableDataManager  - selecting table count for ACT_HI_IDENTITYLINK
10:44:57,251 [main] DEBUG org.activiti.engine.impl.TablePageMap.selectTableCount  - ==&gt;  Preparing: select count(*) from ACT_HI_IDENTITYLINK 
10:44:57,251 [main] DEBUG org.activiti.engine.impl.TablePageMap.selectTableCount  - ==&gt; Parameters: 
10:44:57,251 [main] DEBUG org.activiti.engine.impl.TablePageMap.selectTableCount  - &lt;==      Total: 1
10:44:57,251 [main] DEBUG org.activiti.engine.impl.persistence.entity.TableDataManager  - selecting table count for ACT_HI_PROCINST
10:44:57,251 [main] DEBUG org.activiti.engine.impl.TablePageMap.selectTableCount  - ==&gt;  Preparing: select count(*) from ACT_HI_PROCINST 
10:44:57,251 [main] DEBUG org.activiti.engine.impl.TablePageMap.selectTableCount  - ==&gt; Parameters: 
10:44:57,251 [main] DEBUG org.activiti.engine.impl.TablePageMap.selectTableCount  - &lt;==      Total: 1
10:44:57,251 [main] DEBUG org.activiti.engine.impl.persistence.entity.TableDataManager  - selecting table count for ACT_HI_TASKINST
10:44:57,251 [main] DEBUG org.activiti.engine.impl.TablePageMap.selectTableCount  - ==&gt;  Preparing: select count(*) from ACT_HI_TASKINST 
10:44:57,251 [main] DEBUG org.activiti.engine.impl.TablePageMap.selectTableCount  - ==&gt; Parameters: 
10:44:57,251 [main] DEBUG org.activiti.engine.impl.TablePageMap.selectTableCount  - &lt;==      Total: 1
10:44:57,251 [main] DEBUG org.activiti.engine.impl.persistence.entity.TableDataManager  - selecting table count for ACT_HI_VARINST
10:44:57,251 [main] DEBUG org.activiti.engine.impl.TablePageMap.selectTableCount  - ==&gt;  Preparing: select count(*) from ACT_HI_VARINST 
10:44:57,251 [main] DEBUG org.activiti.engine.impl.TablePageMap.selectTableCount  - ==&gt; Parameters: 
10:44:57,251 [main] DEBUG org.activiti.engine.impl.TablePageMap.selectTableCount  - &lt;==      Total: 1
10:44:57,251 [main] DEBUG org.activiti.engine.impl.persistence.entity.TableDataManager  - selecting table count for ACT_ID_GROUP
10:44:57,251 [main] DEBUG org.activiti.engine.impl.TablePageMap.selectTableCount  - ==&gt;  Preparing: select count(*) from ACT_ID_GROUP 
10:44:57,251 [main] DEBUG org.activiti.engine.impl.TablePageMap.selectTableCount  - ==&gt; Parameters: 
10:44:57,251 [main] DEBUG org.activiti.engine.impl.TablePageMap.selectTableCount  - &lt;==      Total: 1
10:44:57,251 [main] DEBUG org.activiti.engine.impl.persistence.entity.TableDataManager  - selecting table count for ACT_ID_INFO
10:44:57,251 [main] DEBUG org.activiti.engine.impl.TablePageMap.selectTableCount  - ==&gt;  Preparing: select count(*) from ACT_ID_INFO 
10:44:57,251 [main] DEBUG org.activiti.engine.impl.TablePageMap.selectTableCount  - ==&gt; Parameters: 
10:44:57,251 [main] DEBUG org.activiti.engine.impl.TablePageMap.selectTableCount  - &lt;==      Total: 1
10:44:57,251 [main] DEBUG org.activiti.engine.impl.persistence.entity.TableDataManager  - selecting table count for ACT_ID_MEMBERSHIP
10:44:57,251 [main] DEBUG org.activiti.engine.impl.TablePageMap.selectTableCount  - ==&gt;  Preparing: select count(*) from ACT_ID_MEMBERSHIP 
10:44:57,251 [main] DEBUG org.activiti.engine.impl.TablePageMap.selectTableCount  - ==&gt; Parameters: 
10:44:57,251 [main] DEBUG org.activiti.engine.impl.TablePageMap.selectTableCount  - &lt;==      Total: 1
10:44:57,251 [main] DEBUG org.activiti.engine.impl.persistence.entity.TableDataManager  - selecting table count for ACT_ID_USER
10:44:57,251 [main] DEBUG org.activiti.engine.impl.TablePageMap.selectTableCount  - ==&gt;  Preparing: select count(*) from ACT_ID_USER 
10:44:57,251 [main] DEBUG org.activiti.engine.impl.TablePageMap.selectTableCount  - ==&gt; Parameters: 
10:44:57,251 [main] DEBUG org.activiti.engine.impl.TablePageMap.selectTableCount  - &lt;==      Total: 1
10:44:57,251 [main] DEBUG org.activiti.engine.impl.persistence.entity.TableDataManager  - selecting table count for ACT_PROCDEF_INFO
10:44:57,251 [main] DEBUG org.activiti.engine.impl.TablePageMap.selectTableCount  - ==&gt;  Preparing: select count(*) from ACT_PROCDEF_INFO 
10:44:57,251 [main] DEBUG org.activiti.engine.impl.TablePageMap.selectTableCount  - ==&gt; Parameters: 
10:44:57,251 [main] DEBUG org.activiti.engine.impl.TablePageMap.selectTableCount  - &lt;==      Total: 1
10:44:57,251 [main] DEBUG org.activiti.engine.impl.persistence.entity.TableDataManager  - selecting table count for ACT_RE_DEPLOYMENT
10:44:57,251 [main] DEBUG org.activiti.engine.impl.TablePageMap.selectTableCount  - ==&gt;  Preparing: select count(*) from ACT_RE_DEPLOYMENT 
10:44:57,251 [main] DEBUG org.activiti.engine.impl.TablePageMap.selectTableCount  - ==&gt; Parameters: 
10:44:57,251 [main] DEBUG org.activiti.engine.impl.TablePageMap.selectTableCount  - &lt;==      Total: 1
10:44:57,251 [main] DEBUG org.activiti.engine.impl.persistence.entity.TableDataManager  - selecting table count for ACT_RE_MODEL
10:44:57,251 [main] DEBUG org.activiti.engine.impl.TablePageMap.selectTableCount  - ==&gt;  Preparing: select count(*) from ACT_RE_MODEL 
10:44:57,251 [main] DEBUG org.activiti.engine.impl.TablePageMap.selectTableCount  - ==&gt; Parameters: 
10:44:57,251 [main] DEBUG org.activiti.engine.impl.TablePageMap.selectTableCount  - &lt;==      Total: 1
10:44:57,251 [main] DEBUG org.activiti.engine.impl.persistence.entity.TableDataManager  - selecting table count for ACT_RE_PROCDEF
10:44:57,251 [main] DEBUG org.activiti.engine.impl.TablePageMap.selectTableCount  - ==&gt;  Preparing: select count(*) from ACT_RE_PROCDEF 
10:44:57,251 [main] DEBUG org.activiti.engine.impl.TablePageMap.selectTableCount  - ==&gt; Parameters: 
10:44:57,251 [main] DEBUG org.activiti.engine.impl.TablePageMap.selectTableCount  - &lt;==      Total: 1
10:44:57,251 [main] DEBUG org.activiti.engine.impl.persistence.entity.TableDataManager  - selecting table count for ACT_RU_EVENT_SUBSCR
10:44:57,251 [main] DEBUG org.activiti.engine.impl.TablePageMap.selectTableCount  - ==&gt;  Preparing: select count(*) from ACT_RU_EVENT_SUBSCR 
10:44:57,251 [main] DEBUG org.activiti.engine.impl.TablePageMap.selectTableCount  - ==&gt; Parameters: 
10:44:57,251 [main] DEBUG org.activiti.engine.impl.TablePageMap.selectTableCount  - &lt;==      Total: 1
10:44:57,251 [main] DEBUG org.activiti.engine.impl.persistence.entity.TableDataManager  - selecting table count for ACT_RU_EXECUTION
10:44:57,251 [main] DEBUG org.activiti.engine.impl.TablePageMap.selectTableCount  - ==&gt;  Preparing: select count(*) from ACT_RU_EXECUTION 
10:44:57,251 [main] DEBUG org.activiti.engine.impl.TablePageMap.selectTableCount  - ==&gt; Parameters: 
10:44:57,251 [main] DEBUG org.activiti.engine.impl.TablePageMap.selectTableCount  - &lt;==      Total: 1
10:44:57,251 [main] DEBUG org.activiti.engine.impl.persistence.entity.TableDataManager  - selecting table count for ACT_RU_IDENTITYLINK
10:44:57,251 [main] DEBUG org.activiti.engine.impl.TablePageMap.selectTableCount  - ==&gt;  Preparing: select count(*) from ACT_RU_IDENTITYLINK 
10:44:57,251 [main] DEBUG org.activiti.engine.impl.TablePageMap.selectTableCount  - ==&gt; Parameters: 
10:44:57,252 [main] DEBUG org.activiti.engine.impl.TablePageMap.selectTableCount  - &lt;==      Total: 1
10:44:57,252 [main] DEBUG org.activiti.engine.impl.persistence.entity.TableDataManager  - selecting table count for ACT_RU_JOB
10:44:57,252 [main] DEBUG org.activiti.engine.impl.TablePageMap.selectTableCount  - ==&gt;  Preparing: select count(*) from ACT_RU_JOB 
10:44:57,252 [main] DEBUG org.activiti.engine.impl.TablePageMap.selectTableCount  - ==&gt; Parameters: 
10:44:57,252 [main] DEBUG org.activiti.engine.impl.TablePageMap.selectTableCount  - &lt;==      Total: 1
10:44:57,252 [main] DEBUG org.activiti.engine.impl.persistence.entity.TableDataManager  - selecting table count for ACT_RU_TASK
10:44:57,252 [main] DEBUG org.activiti.engine.impl.TablePageMap.selectTableCount  - ==&gt;  Preparing: select count(*) from ACT_RU_TASK 
10:44:57,252 [main] DEBUG org.activiti.engine.impl.TablePageMap.selectTableCount  - ==&gt; Parameters: 
10:44:57,252 [main] DEBUG org.activiti.engine.impl.TablePageMap.selectTableCount  - &lt;==      Total: 1
10:44:57,252 [main] DEBUG org.activiti.engine.impl.persistence.entity.TableDataManager  - selecting table count for ACT_RU_VARIABLE
10:44:57,252 [main] DEBUG org.activiti.engine.impl.TablePageMap.selectTableCount  - ==&gt;  Preparing: select count(*) from ACT_RU_VARIABLE 
10:44:57,252 [main] DEBUG org.activiti.engine.impl.TablePageMap.selectTableCount  - ==&gt; Parameters: 
10:44:57,252 [main] DEBUG org.activiti.engine.impl.TablePageMap.selectTableCount  - &lt;==      Total: 1
10:44:57,252 [main] DEBUG org.activiti.engine.impl.persistence.entity.TableDataManager  - Number of rows per activiti table: {ACT_RU_EVENT_SUBSCR=0, ACT_ID_USER=0, ACT_HI_ATTACHMENT=0, ACT_GE_BYTEARRAY=1, ACT_RE_MODEL=0, ACT_RU_VARIABLE=0, ACT_RU_TASK=3, ACT_RE_DEPLOYMENT=1, ACT_RE_PROCDEF=1, ACT_ID_GROUP=0, ACT_HI_VARINST=0, ACT_HI_COMMENT=0, ACT_HI_PROCINST=3, ACT_ID_INFO=0, ACT_ID_MEMBERSHIP=0, ACT_RU_JOB=4, ACT_PROCDEF_INFO=0, ACT_HI_ACTINST=6, ACT_RU_EXECUTION=6, ACT_HI_TASKINST=3, ACT_HI_DETAIL=0, ACT_EVT_LOG=0, ACT_HI_IDENTITYLINK=0, ACT_RU_IDENTITYLINK=0, ACT_GE_PROPERTY=3}
10:44:57,252 [main] DEBUG org.activiti.engine.impl.db.DbSqlSession  - flush summary: 0 insert, 0 update, 0 delete.
10:44:57,252 [main] DEBUG org.activiti.engine.impl.db.DbSqlSession  - now executing flush...
10:44:57,252 [main] DEBUG org.activiti.engine.impl.cfg.standalone.StandaloneMybatisTransactionContext  - firing event committing...
10:44:57,252 [main] DEBUG org.activiti.engine.impl.cfg.standalone.StandaloneMybatisTransactionContext  - committing the ibatis sql session...
10:44:57,252 [main] DEBUG org.activiti.engine.impl.cfg.standalone.StandaloneMybatisTransactionContext  - firing event committed...
10:44:57,252 [main] DEBUG org.apache.ibatis.transaction.jdbc.JdbcTransaction  - Resetting autocommit to true on JDBC Connection [conn3: url=jdbc:h2:mem:activiti user=SA]
10:44:57,252 [main] DEBUG org.apache.ibatis.transaction.jdbc.JdbcTransaction  - Closing JDBC Connection [conn3: url=jdbc:h2:mem:activiti user=SA]
10:44:57,252 [main] DEBUG org.apache.ibatis.datasource.pooled.PooledDataSource  - Returned connection 180014677 to pool.
10:44:57,252 [main] DEBUG org.activiti.engine.impl.interceptor.LogInterceptor  - --- GetTableCountCmd finished --------------------------------------------------------
10:44:57,252 [main] DEBUG org.activiti.engine.impl.interceptor.LogInterceptor  - 

10:44:57,252 [main] ERROR org.activiti.engine.impl.test.PvmTestCase  - 

10:44:57,252 [main] ERROR org.activiti.engine.impl.test.PvmTestCase  - DB NOT CLEAN: 
  ACT_GE_BYTEARRAY: 1 record(s)   ACT_RU_TASK: 3 record(s)   ACT_RE_DEPLOYMENT: 1 record(s)   ACT_RE_PROCDEF: 1 record(s)   ACT_HI_PROCINST: 3 record(s)   ACT_RU_JOB: 4 record(s)   ACT_HI_ACTINST: 6 record(s)   ACT_RU_EXECUTION: 6 record(s)   ACT_HI_TASKINST: 3 record(s) 
10:44:57,252 [main] INFO  org.activiti.engine.impl.test.PvmTestCase  - dropping and recreating db
10:44:57,252 [main] DEBUG org.activiti.engine.impl.interceptor.LogInterceptor  - 

10:44:57,252 [main] DEBUG org.activiti.engine.impl.interceptor.LogInterceptor  - --- starting  --------------------------------------------------------
10:44:57,252 [main] INFO  org.activiti.engine.impl.db.DbSqlSession  - performing drop on engine with resource org/activiti/db/drop/activiti.h2.drop.engine.sql
10:44:57,252 [main] DEBUG org.apache.ibatis.transaction.jdbc.JdbcTransaction  - Opening JDBC Connection
10:44:57,252 [main] DEBUG org.apache.ibatis.datasource.pooled.PooledDataSource  - Checked out connection 297240765 from pool.
10:44:57,252 [main] DEBUG org.apache.ibatis.transaction.jdbc.JdbcTransaction  - Setting autocommit to false on JDBC Connection [conn4: url=jdbc:h2:mem:activiti user=SA]
10:44:57,252 [main] DEBUG org.activiti.engine.impl.db.DbSqlSession  - SQL: drop table if exists ACT_GE_PROPERTY cascade constraints
10:44:57,252 [main] DEBUG org.activiti.engine.impl.db.DbSqlSession  - SQL: drop table if exists ACT_GE_BYTEARRAY cascade constraints
10:44:57,252 [main] DEBUG org.activiti.engine.impl.db.DbSqlSession  - SQL: drop table if exists ACT_RE_DEPLOYMENT cascade constraints
10:44:57,252 [main] DEBUG org.activiti.engine.impl.db.DbSqlSession  - SQL: drop table if exists ACT_RE_MODEL cascade constraints
10:44:57,252 [main] DEBUG org.activiti.engine.impl.db.DbSqlSession  - SQL: drop table if exists ACT_RU_EXECUTION cascade constraints
10:44:57,253 [main] DEBUG org.activiti.engine.impl.db.DbSqlSession  - SQL: drop table if exists ACT_RU_JOB cascade constraints
10:44:57,253 [main] DEBUG org.activiti.engine.impl.db.DbSqlSession  - SQL: drop table if exists ACT_RE_PROCDEF cascade constraints
10:44:57,253 [main] DEBUG org.activiti.engine.impl.db.DbSqlSession  - SQL: drop table if exists ACT_RU_TASK cascade constraints
10:44:57,253 [main] DEBUG org.activiti.engine.impl.db.DbSqlSession  - SQL: drop table if exists ACT_RU_IDENTITYLINK cascade constraints
10:44:57,253 [main] DEBUG org.activiti.engine.impl.db.DbSqlSession  - SQL: drop table if exists ACT_RU_VARIABLE cascade constraints
10:44:57,253 [main] DEBUG org.activiti.engine.impl.db.DbSqlSession  - SQL: drop table if exists ACT_RU_EVENT_SUBSCR cascade constraints
10:44:57,253 [main] DEBUG org.activiti.engine.impl.db.DbSqlSession  - SQL: drop table if exists ACT_EVT_LOG cascade constraints
10:44:57,253 [main] DEBUG org.activiti.engine.impl.db.DbSqlSession  - SQL: drop table if exists ACT_PROCDEF_INFO cascade constraints
10:44:57,253 [main] DEBUG org.activiti.engine.impl.db.DbSqlSession  - SQL: drop index if exists ACT_IDX_EXEC_BUSKEY
10:44:57,253 [main] DEBUG org.activiti.engine.impl.db.DbSqlSession  - SQL: drop index if exists ACT_IDX_TASK_CREATE
10:44:57,253 [main] DEBUG org.activiti.engine.impl.db.DbSqlSession  - SQL: drop index if exists ACT_IDX_IDENT_LNK_USER
10:44:57,253 [main] DEBUG org.activiti.engine.impl.db.DbSqlSession  - SQL: drop index if exists ACT_IDX_IDENT_LNK_GROUP
10:44:57,253 [main] DEBUG org.activiti.engine.impl.db.DbSqlSession  - SQL: drop index if exists ACT_IDX_VARIABLE_TASK_ID
10:44:57,253 [main] DEBUG org.activiti.engine.impl.db.DbSqlSession  - SQL: drop index if exists ACT_IDX_EVENT_SUBSCR_CONFIG_
10:44:57,253 [main] DEBUG org.activiti.engine.impl.db.DbSqlSession  - SQL: drop index if exists ACT_IDX_ATHRZ_PROCEDEF
10:44:57,253 [main] DEBUG org.activiti.engine.impl.db.DbSqlSession  - SQL: drop index if exists ACT_IDX_INFO_PROCDEF
10:44:57,253 [main] DEBUG org.activiti.engine.impl.db.DbSqlSession  - activiti db schema drop for component engine successful
10:44:57,253 [main] INFO  org.activiti.engine.impl.db.DbSqlSession  - performing drop on history with resource org/activiti/db/drop/activiti.h2.drop.history.sql
10:44:57,253 [main] DEBUG org.activiti.engine.impl.db.DbSqlSession  - SQL: drop table if exists ACT_HI_PROCINST cascade constraints
10:44:57,253 [main] DEBUG org.activiti.engine.impl.db.DbSqlSession  - SQL: drop table if exists ACT_HI_ACTINST cascade constraints
10:44:57,253 [main] DEBUG org.activiti.engine.impl.db.DbSqlSession  - SQL: drop table if exists ACT_HI_VARINST cascade constraints
10:44:57,253 [main] DEBUG org.activiti.engine.impl.db.DbSqlSession  - SQL: drop table if exists ACT_HI_TASKINST cascade constraints
10:44:57,253 [main] DEBUG org.activiti.engine.impl.db.DbSqlSession  - SQL: drop table if exists ACT_HI_DETAIL cascade constraints
10:44:57,253 [main] DEBUG org.activiti.engine.impl.db.DbSqlSession  - SQL: drop table if exists ACT_HI_COMMENT cascade constraints
10:44:57,253 [main] DEBUG org.activiti.engine.impl.db.DbSqlSession  - SQL: drop table if exists ACT_HI_ATTACHMENT cascade constraints
10:44:57,253 [main] DEBUG org.activiti.engine.impl.db.DbSqlSession  - SQL: drop table if exists ACT_HI_IDENTITYLINK cascade constraints
10:44:57,253 [main] DEBUG org.activiti.engine.impl.db.DbSqlSession  - SQL: drop index if exists ACT_IDX_HI_PRO_INST_END
10:44:57,253 [main] DEBUG org.activiti.engine.impl.db.DbSqlSession  - SQL: drop index if exists ACT_IDX_HI_PRO_I_BUSKEY
10:44:57,253 [main] DEBUG org.activiti.engine.impl.db.DbSqlSession  - SQL: drop index if exists ACT_IDX_HI_ACT_INST_START
10:44:57,253 [main] DEBUG org.activiti.engine.impl.db.DbSqlSession  - SQL: drop index if exists ACT_IDX_HI_ACT_INST_END
10:44:57,253 [main] DEBUG org.activiti.engine.impl.db.DbSqlSession  - SQL: drop index if exists ACT_IDX_HI_DETAIL_PROC_INST
10:44:57,253 [main] DEBUG org.activiti.engine.impl.db.DbSqlSession  - SQL: drop index if exists ACT_IDX_HI_DETAIL_ACT_INST
10:44:57,253 [main] DEBUG org.activiti.engine.impl.db.DbSqlSession  - SQL: drop index if exists ACT_IDX_HI_DETAIL_TIME
10:44:57,253 [main] DEBUG org.activiti.engine.impl.db.DbSqlSession  - SQL: drop index if exists ACT_IDX_HI_DETAIL_NAME
10:44:57,253 [main] DEBUG org.activiti.engine.impl.db.DbSqlSession  - SQL: drop index if exists ACT_IDX_HI_DETAIL_TASK_ID
10:44:57,253 [main] DEBUG org.activiti.engine.impl.db.DbSqlSession  - SQL: drop index if exists ACT_IDX_HI_PROCVAR_PROC_INST
10:44:57,253 [main] DEBUG org.activiti.engine.impl.db.DbSqlSession  - SQL: drop index if exists ACT_IDX_HI_PROCVAR_NAME_TYPE
10:44:57,253 [main] DEBUG org.activiti.engine.impl.db.DbSqlSession  - SQL: drop index if exists ACT_IDX_HI_ACT_INST_PROCINST
10:44:57,253 [main] DEBUG org.activiti.engine.impl.db.DbSqlSession  - SQL: drop index if exists ACT_IDX_HI_IDENT_LNK_USER
10:44:57,253 [main] DEBUG org.activiti.engine.impl.db.DbSqlSession  - SQL: drop index if exists ACT_IDX_HI_IDENT_LNK_TASK
10:44:57,253 [main] DEBUG org.activiti.engine.impl.db.DbSqlSession  - SQL: drop index if exists ACT_IDX_HI_IDENT_LNK_PROCINST
10:44:57,253 [main] DEBUG org.activiti.engine.impl.db.DbSqlSession  - SQL: drop index if exists ACT_IDX_HI_TASK_INST_PROCINST
10:44:57,253 [main] DEBUG org.activiti.engine.impl.db.DbSqlSession  - activiti db schema drop for component history successful
10:44:57,253 [main] INFO  org.activiti.engine.impl.db.DbSqlSession  - performing drop on identity with resource org/activiti/db/drop/activiti.h2.drop.identity.sql
10:44:57,253 [main] DEBUG org.activiti.engine.impl.db.DbSqlSession  - SQL: drop table if exists ACT_ID_INFO cascade constraints
10:44:57,253 [main] DEBUG org.activiti.engine.impl.db.DbSqlSession  - SQL: drop table if exists ACT_ID_GROUP cascade constraints
10:44:57,253 [main] DEBUG org.activiti.engine.impl.db.DbSqlSession  - SQL: drop table if exists ACT_ID_MEMBERSHIP cascade constraints
10:44:57,253 [main] DEBUG org.activiti.engine.impl.db.DbSqlSession  - SQL: drop table if exists ACT_ID_USER cascade constraints
10:44:57,253 [main] DEBUG org.activiti.engine.impl.db.DbSqlSession  - activiti db schema drop for component identity successful
10:44:57,254 [main] INFO  org.activiti.engine.impl.db.DbSqlSession  - performing create on engine with resource org/activiti/db/create/activiti.h2.create.engine.sql
10:44:57,254 [main] DEBUG org.activiti.engine.impl.db.DbSqlSession  - SQL: create table ACT_GE_PROPERTY ( 
NAME_ varchar(64), 
VALUE_ varchar(300), 
REV_ integer, 
primary key (NAME_) 
)
10:44:57,254 [main] DEBUG org.activiti.engine.impl.db.DbSqlSession  - SQL: insert into ACT_GE_PROPERTY 
values (&apos;schema.version&apos;, &apos;5.20.0.0&apos;, 1)
10:44:57,254 [main] DEBUG org.activiti.engine.impl.db.DbSqlSession  - SQL: insert into ACT_GE_PROPERTY 
values (&apos;schema.history&apos;, &apos;create(5.20.0.0)&apos;, 1)
10:44:57,254 [main] DEBUG org.activiti.engine.impl.db.DbSqlSession  - SQL: insert into ACT_GE_PROPERTY 
values (&apos;next.dbid&apos;, &apos;1&apos;, 1)
10:44:57,254 [main] DEBUG org.activiti.engine.impl.db.DbSqlSession  - SQL: create table ACT_GE_BYTEARRAY ( 
ID_ varchar(64), 
REV_ integer, 
NAME_ varchar(255), 
DEPLOYMENT_ID_ varchar(64), 
BYTES_ longvarbinary, 
GENERATED_ bit, 
primary key (ID_) 
)
10:44:57,254 [main] DEBUG org.activiti.engine.impl.db.DbSqlSession  - SQL: create table ACT_RE_DEPLOYMENT ( 
ID_ varchar(64), 
NAME_ varchar(255), 
CATEGORY_ varchar(255), 
TENANT_ID_ varchar(255) default &apos;&apos;, 
DEPLOY_TIME_ timestamp, 
primary key (ID_) 
)
10:44:57,254 [main] DEBUG org.activiti.engine.impl.db.DbSqlSession  - SQL: create table ACT_RE_MODEL ( 
ID_ varchar(64) not null, 
REV_ integer, 
NAME_ varchar(255), 
KEY_ varchar(255), 
CATEGORY_ varchar(255), 
CREATE_TIME_ timestamp, 
LAST_UPDATE_TIME_ timestamp, 
VERSION_ integer, 
META_INFO_ varchar(4000), 
DEPLOYMENT_ID_ varchar(64), 
EDITOR_SOURCE_VALUE_ID_ varchar(64), 
EDITOR_SOURCE_EXTRA_VALUE_ID_ varchar(64), 
TENANT_ID_ varchar(255) default &apos;&apos;, 
primary key (ID_) 
)
10:44:57,254 [main] DEBUG org.activiti.engine.impl.db.DbSqlSession  - SQL: create table ACT_RU_EXECUTION ( 
ID_ varchar(64), 
REV_ integer, 
PROC_INST_ID_ varchar(64), 
BUSINESS_KEY_ varchar(255), 
PARENT_ID_ varchar(64), 
PROC_DEF_ID_ varchar(64), 
SUPER_EXEC_ varchar(64), 
ACT_ID_ varchar(255), 
IS_ACTIVE_ bit, 
IS_CONCURRENT_ bit, 
IS_SCOPE_ bit, 
IS_EVENT_SCOPE_ bit, 
SUSPENSION_STATE_ integer, 
CACHED_ENT_STATE_ integer, 
TENANT_ID_ varchar(255) default &apos;&apos;, 
NAME_ varchar(255), 
LOCK_TIME_ timestamp, 
primary key (ID_) 
)
10:44:57,254 [main] DEBUG org.activiti.engine.impl.db.DbSqlSession  - SQL: create table ACT_RU_JOB ( 
ID_ varchar(64) NOT NULL, 
REV_ integer, 
TYPE_ varchar(255) NOT NULL, 
LOCK_EXP_TIME_ timestamp, 
LOCK_OWNER_ varchar(255), 
EXCLUSIVE_ boolean, 
EXECUTION_ID_ varchar(64), 
PROCESS_INSTANCE_ID_ varchar(64), 
PROC_DEF_ID_ varchar(64), 
RETRIES_ integer, 
EXCEPTION_STACK_ID_ varchar(64), 
EXCEPTION_MSG_ varchar(4000), 
DUEDATE_ timestamp, 
REPEAT_ varchar(255), 
HANDLER_TYPE_ varchar(255), 
HANDLER_CFG_ varchar(4000), 
TENANT_ID_ varchar(255) default &apos;&apos;, 
primary key (ID_) 
)
10:44:57,254 [main] DEBUG org.activiti.engine.impl.db.DbSqlSession  - SQL: create table ACT_RE_PROCDEF ( 
ID_ varchar(64) NOT NULL, 
REV_ integer, 
CATEGORY_ varchar(255), 
NAME_ varchar(255), 
KEY_ varchar(255) NOT NULL, 
VERSION_ integer NOT NULL, 
DEPLOYMENT_ID_ varchar(64), 
RESOURCE_NAME_ varchar(4000), 
DGRM_RESOURCE_NAME_ varchar(4000), 
DESCRIPTION_ varchar(4000), 
HAS_START_FORM_KEY_ bit, 
HAS_GRAPHICAL_NOTATION_ bit, 
SUSPENSION_STATE_ integer, 
TENANT_ID_ varchar(255) default &apos;&apos;, 
primary key (ID_) 
)
10:44:57,254 [main] DEBUG org.activiti.engine.impl.db.DbSqlSession  - SQL: create table ACT_RU_TASK ( 
ID_ varchar(64), 
REV_ integer, 
EXECUTION_ID_ varchar(64), 
PROC_INST_ID_ varchar(64), 
PROC_DEF_ID_ varchar(64), 
NAME_ varchar(255), 
PARENT_TASK_ID_ varchar(64), 
DESCRIPTION_ varchar(4000), 
TASK_DEF_KEY_ varchar(255), 
OWNER_ varchar(255), 
ASSIGNEE_ varchar(255), 
DELEGATION_ varchar(64), 
PRIORITY_ integer, 
CREATE_TIME_ timestamp, 
DUE_DATE_ timestamp, 
CATEGORY_ varchar(255), 
SUSPENSION_STATE_ integer, 
TENANT_ID_ varchar(255) default &apos;&apos;, 
FORM_KEY_ varchar(255), 
primary key (ID_) 
)
10:44:57,254 [main] DEBUG org.activiti.engine.impl.db.DbSqlSession  - SQL: create table ACT_RU_IDENTITYLINK ( 
ID_ varchar(64), 
REV_ integer, 
GROUP_ID_ varchar(255), 
TYPE_ varchar(255), 
USER_ID_ varchar(255), 
TASK_ID_ varchar(64), 
PROC_INST_ID_ varchar(64) null, 
PROC_DEF_ID_ varchar(64), 
primary key (ID_) 
)
10:44:57,254 [main] DEBUG org.activiti.engine.impl.db.DbSqlSession  - SQL: create table ACT_RU_VARIABLE ( 
ID_ varchar(64) not null, 
REV_ integer, 
TYPE_ varchar(255) not null, 
NAME_ varchar(255) not null, 
EXECUTION_ID_ varchar(64), 
PROC_INST_ID_ varchar(64), 
TASK_ID_ varchar(64), 
BYTEARRAY_ID_ varchar(64), 
DOUBLE_ double, 
LONG_ bigint, 
TEXT_ varchar(4000), 
TEXT2_ varchar(4000), 
primary key (ID_) 
)
10:44:57,254 [main] DEBUG org.activiti.engine.impl.db.DbSqlSession  - SQL: create table ACT_RU_EVENT_SUBSCR ( 
ID_ varchar(64) not null, 
REV_ integer, 
EVENT_TYPE_ varchar(255) not null, 
EVENT_NAME_ varchar(255), 
EXECUTION_ID_ varchar(64), 
PROC_INST_ID_ varchar(64), 
ACTIVITY_ID_ varchar(64), 
CONFIGURATION_ varchar(255), 
CREATED_ timestamp not null, 
PROC_DEF_ID_ varchar(64), 
TENANT_ID_ varchar(255) default &apos;&apos;, 
primary key (ID_) 
)
10:44:57,254 [main] DEBUG org.activiti.engine.impl.db.DbSqlSession  - SQL: create table ACT_EVT_LOG ( 
LOG_NR_ identity, 
TYPE_ varchar(64), 
PROC_DEF_ID_ varchar(64), 
PROC_INST_ID_ varchar(64), 
EXECUTION_ID_ varchar(64), 
TASK_ID_ varchar(64), 
TIME_STAMP_ timestamp not null, 
USER_ID_ varchar(255), 
DATA_ longvarbinary, 
LOCK_OWNER_ varchar(255), 
LOCK_TIME_ timestamp, 
IS_PROCESSED_ bit default 0 
)
10:44:57,254 [main] DEBUG org.activiti.engine.impl.db.DbSqlSession  - SQL: create table ACT_PROCDEF_INFO ( 
ID_ varchar(64) not null, 
PROC_DEF_ID_ varchar(64) not null, 
REV_ integer, 
INFO_JSON_ID_ varchar(64), 
primary key (ID_) 
)
10:44:57,254 [main] DEBUG org.activiti.engine.impl.db.DbSqlSession  - SQL: create index ACT_IDX_EXEC_BUSKEY on ACT_RU_EXECUTION(BUSINESS_KEY_)
10:44:57,254 [main] DEBUG org.activiti.engine.impl.db.DbSqlSession  - SQL: create index ACT_IDX_TASK_CREATE on ACT_RU_TASK(CREATE_TIME_)
10:44:57,254 [main] DEBUG org.activiti.engine.impl.db.DbSqlSession  - SQL: create index ACT_IDX_IDENT_LNK_USER on ACT_RU_IDENTITYLINK(USER_ID_)
10:44:57,254 [main] DEBUG org.activiti.engine.impl.db.DbSqlSession  - SQL: create index ACT_IDX_IDENT_LNK_GROUP on ACT_RU_IDENTITYLINK(GROUP_ID_)
10:44:57,254 [main] DEBUG org.activiti.engine.impl.db.DbSqlSession  - SQL: create index ACT_IDX_EVENT_SUBSCR_CONFIG_ on ACT_RU_EVENT_SUBSCR(CONFIGURATION_)
10:44:57,254 [main] DEBUG org.activiti.engine.impl.db.DbSqlSession  - SQL: create index ACT_IDX_VARIABLE_TASK_ID on ACT_RU_VARIABLE(TASK_ID_)
10:44:57,254 [main] DEBUG org.activiti.engine.impl.db.DbSqlSession  - SQL: create index ACT_IDX_ATHRZ_PROCEDEF on ACT_RU_IDENTITYLINK(PROC_DEF_ID_)
10:44:57,254 [main] DEBUG org.activiti.engine.impl.db.DbSqlSession  - SQL: create index ACT_IDX_INFO_PROCDEF on ACT_PROCDEF_INFO(PROC_DEF_ID_)
10:44:57,254 [main] DEBUG org.activiti.engine.impl.db.DbSqlSession  - SQL: alter table ACT_GE_BYTEARRAY 
add constraint ACT_FK_BYTEARR_DEPL 
foreign key (DEPLOYMENT_ID_) 
references ACT_RE_DEPLOYMENT
10:44:57,255 [main] DEBUG org.activiti.engine.impl.db.DbSqlSession  - SQL: alter table ACT_RE_PROCDEF 
add constraint ACT_UNIQ_PROCDEF 
unique (KEY_,VERSION_, TENANT_ID_)
10:44:57,255 [main] DEBUG org.activiti.engine.impl.db.DbSqlSession  - SQL: alter table ACT_RU_EXECUTION 
add constraint ACT_FK_EXE_PROCINST 
foreign key (PROC_INST_ID_) 
references ACT_RU_EXECUTION
10:44:57,255 [main] DEBUG org.activiti.engine.impl.db.DbSqlSession  - SQL: alter table ACT_RU_EXECUTION 
add constraint ACT_FK_EXE_PARENT 
foreign key (PARENT_ID_) 
references ACT_RU_EXECUTION
10:44:57,255 [main] DEBUG org.activiti.engine.impl.db.DbSqlSession  - SQL: alter table ACT_RU_EXECUTION 
add constraint ACT_FK_EXE_SUPER 
foreign key (SUPER_EXEC_) 
references ACT_RU_EXECUTION
10:44:57,255 [main] DEBUG org.activiti.engine.impl.db.DbSqlSession  - SQL: alter table ACT_RU_EXECUTION 
add constraint ACT_FK_EXE_PROCDEF 
foreign key (PROC_DEF_ID_) 
references ACT_RE_PROCDEF (ID_)
10:44:57,255 [main] DEBUG org.activiti.engine.impl.db.DbSqlSession  - SQL: alter table ACT_RU_IDENTITYLINK 
add constraint ACT_FK_TSKASS_TASK 
foreign key (TASK_ID_) 
references ACT_RU_TASK
10:44:57,255 [main] DEBUG org.activiti.engine.impl.db.DbSqlSession  - SQL: alter table ACT_RU_IDENTITYLINK 
add constraint ACT_FK_ATHRZ_PROCEDEF 
foreign key (PROC_DEF_ID_) 
references ACT_RE_PROCDEF
10:44:57,255 [main] DEBUG org.activiti.engine.impl.db.DbSqlSession  - SQL: alter table ACT_RU_IDENTITYLINK 
add constraint ACT_FK_IDL_PROCINST 
foreign key (PROC_INST_ID_) 
references ACT_RU_EXECUTION (ID_)
10:44:57,255 [main] DEBUG org.activiti.engine.impl.db.DbSqlSession  - SQL: alter table ACT_RU_TASK 
add constraint ACT_FK_TASK_EXE 
foreign key (EXECUTION_ID_) 
references ACT_RU_EXECUTION
10:44:57,255 [main] DEBUG org.activiti.engine.impl.db.DbSqlSession  - SQL: alter table ACT_RU_TASK 
add constraint ACT_FK_TASK_PROCINST 
foreign key (PROC_INST_ID_) 
references ACT_RU_EXECUTION
10:44:57,255 [main] DEBUG org.activiti.engine.impl.db.DbSqlSession  - SQL: alter table ACT_RU_TASK 
add constraint ACT_FK_TASK_PROCDEF 
foreign key (PROC_DEF_ID_) 
references ACT_RE_PROCDEF
10:44:57,255 [main] DEBUG org.activiti.engine.impl.db.DbSqlSession  - SQL: alter table ACT_RU_VARIABLE 
add constraint ACT_FK_VAR_EXE 
foreign key (EXECUTION_ID_) 
references ACT_RU_EXECUTION
10:44:57,255 [main] DEBUG org.activiti.engine.impl.db.DbSqlSession  - SQL: alter table ACT_RU_VARIABLE 
add constraint ACT_FK_VAR_PROCINST 
foreign key (PROC_INST_ID_) 
references ACT_RU_EXECUTION
10:44:57,255 [main] DEBUG org.activiti.engine.impl.db.DbSqlSession  - SQL: alter table ACT_RU_VARIABLE 
add constraint ACT_FK_VAR_BYTEARRAY 
foreign key (BYTEARRAY_ID_) 
references ACT_GE_BYTEARRAY
10:44:57,255 [main] DEBUG org.activiti.engine.impl.db.DbSqlSession  - SQL: alter table ACT_RU_JOB 
add constraint ACT_FK_JOB_EXCEPTION 
foreign key (EXCEPTION_STACK_ID_) 
references ACT_GE_BYTEARRAY
10:44:57,255 [main] DEBUG org.activiti.engine.impl.db.DbSqlSession  - SQL: alter table ACT_RU_EVENT_SUBSCR 
add constraint ACT_FK_EVENT_EXEC 
foreign key (EXECUTION_ID_) 
references ACT_RU_EXECUTION
10:44:57,255 [main] DEBUG org.activiti.engine.impl.db.DbSqlSession  - SQL: alter table ACT_RE_MODEL 
add constraint ACT_FK_MODEL_SOURCE 
foreign key (EDITOR_SOURCE_VALUE_ID_) 
references ACT_GE_BYTEARRAY (ID_)
10:44:57,256 [main] DEBUG org.activiti.engine.impl.db.DbSqlSession  - SQL: alter table ACT_RE_MODEL 
add constraint ACT_FK_MODEL_SOURCE_EXTRA 
foreign key (EDITOR_SOURCE_EXTRA_VALUE_ID_) 
references ACT_GE_BYTEARRAY (ID_)
10:44:57,256 [main] DEBUG org.activiti.engine.impl.db.DbSqlSession  - SQL: alter table ACT_RE_MODEL 
add constraint ACT_FK_MODEL_DEPLOYMENT 
foreign key (DEPLOYMENT_ID_) 
references ACT_RE_DEPLOYMENT (ID_)
10:44:57,256 [main] DEBUG org.activiti.engine.impl.db.DbSqlSession  - SQL: alter table ACT_PROCDEF_INFO 
add constraint ACT_FK_INFO_JSON_BA 
foreign key (INFO_JSON_ID_) 
references ACT_GE_BYTEARRAY (ID_)
10:44:57,256 [main] DEBUG org.activiti.engine.impl.db.DbSqlSession  - SQL: alter table ACT_PROCDEF_INFO 
add constraint ACT_FK_INFO_PROCDEF 
foreign key (PROC_DEF_ID_) 
references ACT_RE_PROCDEF (ID_)
10:44:57,256 [main] DEBUG org.activiti.engine.impl.db.DbSqlSession  - SQL: alter table ACT_PROCDEF_INFO 
add constraint ACT_UNIQ_INFO_PROCDEF 
unique (PROC_DEF_ID_)
10:44:57,256 [main] DEBUG org.activiti.engine.impl.db.DbSqlSession  - activiti db schema create for component engine successful
10:44:57,256 [main] INFO  org.activiti.engine.impl.db.DbSqlSession  - performing create on history with resource org/activiti/db/create/activiti.h2.create.history.sql
10:44:57,256 [main] DEBUG org.activiti.engine.impl.db.DbSqlSession  - SQL: create table ACT_HI_PROCINST ( 
ID_ varchar(64) not null, 
PROC_INST_ID_ varchar(64) not null, 
BUSINESS_KEY_ varchar(255), 
PROC_DEF_ID_ varchar(64) not null, 
START_TIME_ timestamp not null, 
END_TIME_ timestamp, 
DURATION_ bigint, 
START_USER_ID_ varchar(255), 
START_ACT_ID_ varchar(255), 
END_ACT_ID_ varchar(255), 
SUPER_PROCESS_INSTANCE_ID_ varchar(64), 
DELETE_REASON_ varchar(4000), 
TENANT_ID_ varchar(255) default &apos;&apos;, 
NAME_ varchar(255), 
primary key (ID_), 
unique (PROC_INST_ID_) 
)
10:44:57,256 [main] DEBUG org.activiti.engine.impl.db.DbSqlSession  - SQL: create table ACT_HI_ACTINST ( 
ID_ varchar(64) not null, 
PROC_DEF_ID_ varchar(64) not null, 
PROC_INST_ID_ varchar(64) not null, 
EXECUTION_ID_ varchar(64) not null, 
ACT_ID_ varchar(255) not null, 
TASK_ID_ varchar(64), 
CALL_PROC_INST_ID_ varchar(64), 
ACT_NAME_ varchar(255), 
ACT_TYPE_ varchar(255) not null, 
ASSIGNEE_ varchar(255), 
START_TIME_ timestamp not null, 
END_TIME_ timestamp, 
DURATION_ bigint, 
TENANT_ID_ varchar(255) default &apos;&apos;, 
primary key (ID_) 
)
10:44:57,256 [main] DEBUG org.activiti.engine.impl.db.DbSqlSession  - SQL: create table ACT_HI_TASKINST ( 
ID_ varchar(64) not null, 
PROC_DEF_ID_ varchar(64), 
TASK_DEF_KEY_ varchar(255), 
PROC_INST_ID_ varchar(64), 
EXECUTION_ID_ varchar(64), 
NAME_ varchar(255), 
PARENT_TASK_ID_ varchar(64), 
DESCRIPTION_ varchar(4000), 
OWNER_ varchar(255), 
ASSIGNEE_ varchar(255), 
START_TIME_ timestamp not null, 
CLAIM_TIME_ timestamp, 
END_TIME_ timestamp, 
DURATION_ bigint, 
DELETE_REASON_ varchar(4000), 
PRIORITY_ integer, 
DUE_DATE_ timestamp, 
FORM_KEY_ varchar(255), 
CATEGORY_ varchar(255), 
TENANT_ID_ varchar(255) default &apos;&apos;, 
primary key (ID_) 
)
10:44:57,256 [main] DEBUG org.activiti.engine.impl.db.DbSqlSession  - SQL: create table ACT_HI_VARINST ( 
ID_ varchar(64) not null, 
PROC_INST_ID_ varchar(64), 
EXECUTION_ID_ varchar(64), 
TASK_ID_ varchar(64), 
NAME_ varchar(255) not null, 
VAR_TYPE_ varchar(100), 
REV_ integer, 
BYTEARRAY_ID_ varchar(64), 
DOUBLE_ double, 
LONG_ bigint, 
TEXT_ varchar(4000), 
TEXT2_ varchar(4000), 
CREATE_TIME_ timestamp, 
LAST_UPDATED_TIME_ timestamp, 
primary key (ID_) 
)
10:44:57,256 [main] DEBUG org.activiti.engine.impl.db.DbSqlSession  - SQL: create table ACT_HI_DETAIL ( 
ID_ varchar(64) not null, 
TYPE_ varchar(255) not null, 
TIME_ timestamp not null, 
NAME_ varchar(255), 
PROC_INST_ID_ varchar(64), 
EXECUTION_ID_ varchar(64), 
TASK_ID_ varchar(64), 
ACT_INST_ID_ varchar(64), 
VAR_TYPE_ varchar(255), 
REV_ integer, 
BYTEARRAY_ID_ varchar(64), 
DOUBLE_ double, 
LONG_ bigint, 
TEXT_ varchar(4000), 
TEXT2_ varchar(4000), 
primary key (ID_) 
)
10:44:57,256 [main] DEBUG org.activiti.engine.impl.db.DbSqlSession  - SQL: create table ACT_HI_COMMENT ( 
ID_ varchar(64) not null, 
TYPE_ varchar(255), 
TIME_ timestamp not null, 
USER_ID_ varchar(255), 
TASK_ID_ varchar(64), 
PROC_INST_ID_ varchar(64), 
ACTION_ varchar(255), 
MESSAGE_ varchar(4000), 
FULL_MSG_ longvarbinary, 
primary key (ID_) 
)
10:44:57,256 [main] DEBUG org.activiti.engine.impl.db.DbSqlSession  - SQL: create table ACT_HI_ATTACHMENT ( 
ID_ varchar(64) not null, 
REV_ integer, 
USER_ID_ varchar(255), 
NAME_ varchar(255), 
DESCRIPTION_ varchar(4000), 
TYPE_ varchar(255), 
TASK_ID_ varchar(64), 
PROC_INST_ID_ varchar(64), 
URL_ varchar(4000), 
CONTENT_ID_ varchar(64), 
TIME_ timestamp, 
primary key (ID_) 
)
10:44:57,256 [main] DEBUG org.activiti.engine.impl.db.DbSqlSession  - SQL: create table ACT_HI_IDENTITYLINK ( 
ID_ varchar(64), 
GROUP_ID_ varchar(255), 
TYPE_ varchar(255), 
USER_ID_ varchar(255), 
TASK_ID_ varchar(64), 
PROC_INST_ID_ varchar(64) null, 
primary key (ID_) 
)
10:44:57,256 [main] DEBUG org.activiti.engine.impl.db.DbSqlSession  - SQL: create index ACT_IDX_HI_PRO_INST_END on ACT_HI_PROCINST(END_TIME_)
10:44:57,256 [main] DEBUG org.activiti.engine.impl.db.DbSqlSession  - SQL: create index ACT_IDX_HI_PRO_I_BUSKEY on ACT_HI_PROCINST(BUSINESS_KEY_)
10:44:57,256 [main] DEBUG org.activiti.engine.impl.db.DbSqlSession  - SQL: create index ACT_IDX_HI_ACT_INST_START on ACT_HI_ACTINST(START_TIME_)
10:44:57,256 [main] DEBUG org.activiti.engine.impl.db.DbSqlSession  - SQL: create index ACT_IDX_HI_ACT_INST_END on ACT_HI_ACTINST(END_TIME_)
10:44:57,256 [main] DEBUG org.activiti.engine.impl.db.DbSqlSession  - SQL: create index ACT_IDX_HI_DETAIL_PROC_INST on ACT_HI_DETAIL(PROC_INST_ID_)
10:44:57,256 [main] DEBUG org.activiti.engine.impl.db.DbSqlSession  - SQL: create index ACT_IDX_HI_DETAIL_ACT_INST on ACT_HI_DETAIL(ACT_INST_ID_)
10:44:57,256 [main] DEBUG org.activiti.engine.impl.db.DbSqlSession  - SQL: create index ACT_IDX_HI_DETAIL_TIME on ACT_HI_DETAIL(TIME_)
10:44:57,256 [main] DEBUG org.activiti.engine.impl.db.DbSqlSession  - SQL: create index ACT_IDX_HI_DETAIL_NAME on ACT_HI_DETAIL(NAME_)
10:44:57,257 [main] DEBUG org.activiti.engine.impl.db.DbSqlSession  - SQL: create index ACT_IDX_HI_DETAIL_TASK_ID on ACT_HI_DETAIL(TASK_ID_)
10:44:57,257 [main] DEBUG org.activiti.engine.impl.db.DbSqlSession  - SQL: create index ACT_IDX_HI_PROCVAR_PROC_INST on ACT_HI_VARINST(PROC_INST_ID_)
10:44:57,257 [main] DEBUG org.activiti.engine.impl.db.DbSqlSession  - SQL: create index ACT_IDX_HI_PROCVAR_NAME_TYPE on ACT_HI_VARINST(NAME_, VAR_TYPE_)
10:44:57,257 [main] DEBUG org.activiti.engine.impl.db.DbSqlSession  - SQL: create index ACT_IDX_HI_PROCVAR_TASK_ID on ACT_HI_VARINST(TASK_ID_)
10:44:57,257 [main] DEBUG org.activiti.engine.impl.db.DbSqlSession  - SQL: create index ACT_IDX_HI_ACT_INST_PROCINST on ACT_HI_ACTINST(PROC_INST_ID_, ACT_ID_)
10:44:57,257 [main] DEBUG org.activiti.engine.impl.db.DbSqlSession  - SQL: create index ACT_IDX_HI_IDENT_LNK_USER on ACT_HI_IDENTITYLINK(USER_ID_)
10:44:57,257 [main] DEBUG org.activiti.engine.impl.db.DbSqlSession  - SQL: create index ACT_IDX_HI_IDENT_LNK_TASK on ACT_HI_IDENTITYLINK(TASK_ID_)
10:44:57,257 [main] DEBUG org.activiti.engine.impl.db.DbSqlSession  - SQL: create index ACT_IDX_HI_IDENT_LNK_PROCINST on ACT_HI_IDENTITYLINK(PROC_INST_ID_)
10:44:57,257 [main] DEBUG org.activiti.engine.impl.db.DbSqlSession  - SQL: create index ACT_IDX_HI_ACT_INST_EXEC on ACT_HI_ACTINST(EXECUTION_ID_, ACT_ID_)
10:44:57,257 [main] DEBUG org.activiti.engine.impl.db.DbSqlSession  - SQL: create index ACT_IDX_HI_TASK_INST_PROCINST on ACT_HI_TASKINST(PROC_INST_ID_)
10:44:57,257 [main] DEBUG org.activiti.engine.impl.db.DbSqlSession  - activiti db schema create for component history successful
10:44:57,257 [main] INFO  org.activiti.engine.impl.db.DbSqlSession  - performing create on identity with resource org/activiti/db/create/activiti.h2.create.identity.sql
10:44:57,257 [main] DEBUG org.activiti.engine.impl.db.DbSqlSession  - SQL: create table ACT_ID_GROUP ( 
ID_ varchar(64), 
REV_ integer, 
NAME_ varchar(255), 
TYPE_ varchar(255), 
primary key (ID_) 
)
10:44:57,257 [main] DEBUG org.activiti.engine.impl.db.DbSqlSession  - SQL: create table ACT_ID_MEMBERSHIP ( 
USER_ID_ varchar(64), 
GROUP_ID_ varchar(64), 
primary key (USER_ID_, GROUP_ID_) 
)
10:44:57,257 [main] DEBUG org.activiti.engine.impl.db.DbSqlSession  - SQL: create table ACT_ID_USER ( 
ID_ varchar(64), 
REV_ integer, 
FIRST_ varchar(255), 
LAST_ varchar(255), 
EMAIL_ varchar(255), 
PWD_ varchar(255), 
PICTURE_ID_ varchar(64), 
primary key (ID_) 
)
10:44:57,257 [main] DEBUG org.activiti.engine.impl.db.DbSqlSession  - SQL: create table ACT_ID_INFO ( 
ID_ varchar(64), 
REV_ integer, 
USER_ID_ varchar(64), 
TYPE_ varchar(64), 
KEY_ varchar(255), 
VALUE_ varchar(255), 
PASSWORD_ longvarbinary, 
PARENT_ID_ varchar(255), 
primary key (ID_) 
)
10:44:57,257 [main] DEBUG org.activiti.engine.impl.db.DbSqlSession  - SQL: alter table ACT_ID_MEMBERSHIP 
add constraint ACT_FK_MEMB_GROUP 
foreign key (GROUP_ID_) 
references ACT_ID_GROUP
10:44:57,257 [main] DEBUG org.activiti.engine.impl.db.DbSqlSession  - SQL: alter table ACT_ID_MEMBERSHIP 
add constraint ACT_FK_MEMB_USER 
foreign key (USER_ID_) 
references ACT_ID_USER
10:44:57,257 [main] DEBUG org.activiti.engine.impl.db.DbSqlSession  - activiti db schema create for component identity successful
10:44:57,257 [main] DEBUG org.activiti.engine.impl.db.DbSqlSession  - flush summary: 0 insert, 0 update, 0 delete.
10:44:57,257 [main] DEBUG org.activiti.engine.impl.db.DbSqlSession  - now executing flush...
10:44:57,257 [main] DEBUG org.activiti.engine.impl.cfg.standalone.StandaloneMybatisTransactionContext  - firing event committing...
10:44:57,257 [main] DEBUG org.activiti.engine.impl.cfg.standalone.StandaloneMybatisTransactionContext  - committing the ibatis sql session...
10:44:57,257 [main] DEBUG org.activiti.engine.impl.cfg.standalone.StandaloneMybatisTransactionContext  - firing event committed...
10:44:57,257 [main] DEBUG org.apache.ibatis.transaction.jdbc.JdbcTransaction  - Resetting autocommit to true on JDBC Connection [conn4: url=jdbc:h2:mem:activiti user=SA]
10:44:57,257 [main] DEBUG org.apache.ibatis.transaction.jdbc.JdbcTransaction  - Closing JDBC Connection [conn4: url=jdbc:h2:mem:activiti user=SA]
10:44:57,258 [main] DEBUG org.apache.ibatis.datasource.pooled.PooledDataSource  - Returned connection 297240765 to pool.
10:44:57,258 [main] DEBUG org.activiti.engine.impl.interceptor.LogInterceptor  - ---  finished --------------------------------------------------------
10:44:57,258 [main] DEBUG org.activiti.engine.impl.interceptor.LogInterceptor  - 

</system-out>
  </testcase>
  <testcase classname="org.activiti.engine.test.api.mgmt.JobQueryTest" name="testQueryByExceptionMessage" time="0.023">
    <error message="
### Error querying database.  Cause: org.h2.jdbc.JdbcSQLException: Syntax error in SQL statement &quot;SELECT RES.* 
       
    FROM ACT_RE_PROCDEF RES
     
     WHERE  RES.DEPLOYMENT_ID_ = ? 
   
     ORDER BY  ORDER[*] BY RES.ID_ ASC  
    LIMIT ? OFFSET ? &quot;; expected &quot;=, NOT, EXISTS, INTERSECTS, SELECT, FROM&quot;; SQL statement:
select RES.* 
       
    from ACT_RE_PROCDEF RES
     
     WHERE  RES.DEPLOYMENT_ID_ = ? 
   
     order by  order by RES.ID_ asc  
    LIMIT ? OFFSET ? [42001-176]
### The error may exist in org/activiti/db/mapping/entity/ProcessDefinition.xml
### The error may involve org.activiti.engine.impl.persistence.entity.ProcessDefinitionEntity.selectProcessDefinitionsByQueryCriteria
### The error occurred while executing a query
### SQL: select RES.*              from ACT_RE_PROCDEF RES            WHERE  RES.DEPLOYMENT_ID_ = ?           order by  order by RES.ID_ asc       LIMIT ? OFFSET ?
### Cause: org.h2.jdbc.JdbcSQLException: Syntax error in SQL statement &quot;SELECT RES.* 
       
    FROM ACT_RE_PROCDEF RES
     
     WHERE  RES.DEPLOYMENT_ID_ = ? 
   
     ORDER BY  ORDER[*] BY RES.ID_ ASC  
    LIMIT ? OFFSET ? &quot;; expected &quot;=, NOT, EXISTS, INTERSECTS, SELECT, FROM&quot;; SQL statement:
select RES.* 
       
    from ACT_RE_PROCDEF RES
     
     WHERE  RES.DEPLOYMENT_ID_ = ? 
   
     order by  order by RES.ID_ asc  
    LIMIT ? OFFSET ? [42001-176]" type="org.apache.ibatis.exceptions.PersistenceException">org.apache.ibatis.exceptions.PersistenceException: 
### Error querying database.  Cause: org.h2.jdbc.JdbcSQLException: Syntax error in SQL statement &quot;SELECT RES.* 
       
    FROM ACT_RE_PROCDEF RES
     
     WHERE  RES.DEPLOYMENT_ID_ = ? 
   
     ORDER BY  ORDER[*] BY RES.ID_ ASC  
    LIMIT ? OFFSET ? &quot;; expected &quot;=, NOT, EXISTS, INTERSECTS, SELECT, FROM&quot;; SQL statement:
select RES.* 
       
    from ACT_RE_PROCDEF RES
     
     WHERE  RES.DEPLOYMENT_ID_ = ? 
   
     order by  order by RES.ID_ asc  
    LIMIT ? OFFSET ? [42001-176]
### The error may exist in org/activiti/db/mapping/entity/ProcessDefinition.xml
### The error may involve org.activiti.engine.impl.persistence.entity.ProcessDefinitionEntity.selectProcessDefinitionsByQueryCriteria
### The error occurred while executing a query
### SQL: select RES.*              from ACT_RE_PROCDEF RES            WHERE  RES.DEPLOYMENT_ID_ = ?           order by  order by RES.ID_ asc       LIMIT ? OFFSET ?
### Cause: org.h2.jdbc.JdbcSQLException: Syntax error in SQL statement &quot;SELECT RES.* 
       
    FROM ACT_RE_PROCDEF RES
     
     WHERE  RES.DEPLOYMENT_ID_ = ? 
   
     ORDER BY  ORDER[*] BY RES.ID_ ASC  
    LIMIT ? OFFSET ? &quot;; expected &quot;=, NOT, EXISTS, INTERSECTS, SELECT, FROM&quot;; SQL statement:
select RES.* 
       
    from ACT_RE_PROCDEF RES
     
     WHERE  RES.DEPLOYMENT_ID_ = ? 
   
     order by  order by RES.ID_ asc  
    LIMIT ? OFFSET ? [42001-176]
	at org.apache.ibatis.exceptions.ExceptionFactory.wrapException(ExceptionFactory.java:30)
	at org.apache.ibatis.session.defaults.DefaultSqlSession.selectList(DefaultSqlSession.java:122)
	at org.apache.ibatis.session.defaults.DefaultSqlSession.selectList(DefaultSqlSession.java:113)
	at org.activiti.engine.impl.db.DbSqlSession.selectListWithRawParameter(DbSqlSession.java:438)
	at org.activiti.engine.impl.db.DbSqlSession.selectList(DbSqlSession.java:429)
	at org.activiti.engine.impl.db.DbSqlSession.selectList(DbSqlSession.java:419)
	at org.activiti.engine.impl.persistence.entity.ProcessDefinitionEntityManager.findProcessDefinitionsByQueryCriteria(ProcessDefinitionEntityManager.java:57)
	at org.activiti.engine.impl.ProcessDefinitionQueryImpl.executeList(ProcessDefinitionQueryImpl.java:307)
	at org.activiti.engine.impl.AbstractQuery.list(AbstractQuery.java:140)
	at org.activiti.engine.impl.persistence.deploy.DeploymentManager.removeDeployment(DeploymentManager.java:187)
	at org.activiti.engine.impl.cmd.DeleteDeploymentCmd.execute(DeleteDeploymentCmd.java:44)
	at org.activiti.engine.impl.cmd.DeleteDeploymentCmd.execute(DeleteDeploymentCmd.java:24)
	at org.activiti.engine.impl.interceptor.CommandInvoker.execute(CommandInvoker.java:24)
	at org.activiti.engine.impl.interceptor.CommandContextInterceptor.execute(CommandContextInterceptor.java:57)
	at org.activiti.engine.impl.interceptor.LogInterceptor.execute(LogInterceptor.java:37)
	at org.activiti.engine.impl.cfg.CommandExecutorImpl.execute(CommandExecutorImpl.java:40)
	at org.activiti.engine.impl.cfg.CommandExecutorImpl.execute(CommandExecutorImpl.java:35)
	at org.activiti.engine.impl.RepositoryServiceImpl.deleteDeployment(RepositoryServiceImpl.java:90)
	at org.activiti.engine.impl.test.TestHelper.annotationDeploymentTearDown(TestHelper.java:116)
	at org.activiti.engine.impl.test.AbstractActivitiTestCase.runBare(AbstractActivitiTestCase.java:116)
	at junit.framework.TestResult$1.protect(TestResult.java:122)
	at junit.framework.TestResult.runProtected(TestResult.java:142)
	at junit.framework.TestResult.run(TestResult.java:125)
	at junit.framework.TestCase.run(TestCase.java:129)
	at junit.framework.TestSuite.runTest(TestSuite.java:255)
	at junit.framework.TestSuite.run(TestSuite.java:250)
	at org.junit.internal.runners.JUnit38ClassRunner.run(JUnit38ClassRunner.java:84)
	at org.apache.maven.surefire.junit4.JUnit4TestSet.execute(JUnit4TestSet.java:35)
	at org.apache.maven.surefire.junit4.JUnit4Provider.executeTestSet(JUnit4Provider.java:146)
	at org.apache.maven.surefire.junit4.JUnit4Provider.invoke(JUnit4Provider.java:97)
	at sun.reflect.NativeMethodAccessorImpl.invoke0(Native Method)
	at sun.reflect.NativeMethodAccessorImpl.invoke(NativeMethodAccessorImpl.java:62)
	at sun.reflect.DelegatingMethodAccessorImpl.invoke(DelegatingMethodAccessorImpl.java:43)
	at java.lang.reflect.Method.invoke(Method.java:498)
	at org.apache.maven.surefire.booter.ProviderFactory$ClassLoaderProxy.invoke(ProviderFactory.java:103)
	at com.sun.proxy.$Proxy0.invoke(Unknown Source)
	at org.apache.maven.surefire.booter.SurefireStarter.invokeProvider(SurefireStarter.java:145)
	at org.apache.maven.surefire.booter.SurefireStarter.runSuitesInProcess(SurefireStarter.java:87)
	at org.apache.maven.surefire.booter.ForkedBooter.main(ForkedBooter.java:69)
Caused by: org.h2.jdbc.JdbcSQLException: Syntax error in SQL statement &quot;SELECT RES.* 
       
    FROM ACT_RE_PROCDEF RES
     
     WHERE  RES.DEPLOYMENT_ID_ = ? 
   
     ORDER BY  ORDER[*] BY RES.ID_ ASC  
    LIMIT ? OFFSET ? &quot;; expected &quot;=, NOT, EXISTS, INTERSECTS, SELECT, FROM&quot;; SQL statement:
select RES.* 
       
    from ACT_RE_PROCDEF RES
     
     WHERE  RES.DEPLOYMENT_ID_ = ? 
   
     order by  order by RES.ID_ asc  
    LIMIT ? OFFSET ? [42001-176]
	at org.h2.message.DbException.getJdbcSQLException(DbException.java:344)
	at org.h2.message.DbException.getSyntaxError(DbException.java:204)
	at org.h2.command.Parser.getSyntaxError(Parser.java:524)
	at org.h2.command.Parser.readTerm(Parser.java:2688)
	at org.h2.command.Parser.readFactor(Parser.java:2244)
	at org.h2.command.Parser.readSum(Parser.java:2231)
	at org.h2.command.Parser.readConcat(Parser.java:2201)
	at org.h2.command.Parser.readCondition(Parser.java:2051)
	at org.h2.command.Parser.readAnd(Parser.java:2023)
	at org.h2.command.Parser.readExpression(Parser.java:2015)
	at org.h2.command.Parser.parseEndOfQuery(Parser.java:1726)
	at org.h2.command.Parser.parseSelectUnionExtension(Parser.java:1706)
	at org.h2.command.Parser.parseSelectUnion(Parser.java:1675)
	at org.h2.command.Parser.parseSelect(Parser.java:1662)
	at org.h2.command.Parser.parsePrepared(Parser.java:434)
	at org.h2.command.Parser.parse(Parser.java:306)
	at org.h2.command.Parser.parse(Parser.java:282)
	at org.h2.command.Parser.prepareCommand(Parser.java:243)
	at org.h2.engine.Session.prepareLocal(Session.java:442)
	at org.h2.engine.Session.prepareCommand(Session.java:384)
	at org.h2.jdbc.JdbcConnection.prepareCommand(JdbcConnection.java:1188)
	at org.h2.jdbc.JdbcPreparedStatement.&lt;init&gt;(JdbcPreparedStatement.java:73)
	at org.h2.jdbc.JdbcConnection.prepareStatement(JdbcConnection.java:276)
	at sun.reflect.GeneratedMethodAccessor6.invoke(Unknown Source)
	at sun.reflect.DelegatingMethodAccessorImpl.invoke(DelegatingMethodAccessorImpl.java:43)
	at java.lang.reflect.Method.invoke(Method.java:498)
	at org.apache.ibatis.datasource.pooled.PooledConnection.invoke(PooledConnection.java:245)
	at com.sun.proxy.$Proxy12.prepareStatement(Unknown Source)
	at sun.reflect.GeneratedMethodAccessor6.invoke(Unknown Source)
	at sun.reflect.DelegatingMethodAccessorImpl.invoke(DelegatingMethodAccessorImpl.java:43)
	at java.lang.reflect.Method.invoke(Method.java:498)
	at org.apache.ibatis.logging.jdbc.ConnectionLogger.invoke(ConnectionLogger.java:55)
	at com.sun.proxy.$Proxy12.prepareStatement(Unknown Source)
	at org.apache.ibatis.executor.statement.PreparedStatementHandler.instantiateStatement(PreparedStatementHandler.java:79)
	at org.apache.ibatis.executor.statement.BaseStatementHandler.prepare(BaseStatementHandler.java:88)
	at org.apache.ibatis.executor.statement.RoutingStatementHandler.prepare(RoutingStatementHandler.java:58)
	at org.apache.ibatis.executor.SimpleExecutor.prepareStatement(SimpleExecutor.java:76)
	at org.apache.ibatis.executor.SimpleExecutor.doQuery(SimpleExecutor.java:61)
	at org.apache.ibatis.executor.BaseExecutor.queryFromDatabase(BaseExecutor.java:303)
	at org.apache.ibatis.executor.BaseExecutor.query(BaseExecutor.java:154)
	at org.apache.ibatis.executor.CachingExecutor.query(CachingExecutor.java:102)
	at org.apache.ibatis.executor.CachingExecutor.query(CachingExecutor.java:82)
	at org.apache.ibatis.session.defaults.DefaultSqlSession.selectList(DefaultSqlSession.java:120)
	... 37 more
</error>
    <system-out>10:44:57,258 [main] DEBUG org.activiti.engine.impl.test.TestHelper  - annotation @Deployment creates deployment for JobQueryTest.testQueryByExceptionMessage
10:44:57,259 [main] DEBUG org.activiti.engine.impl.interceptor.LogInterceptor  - 

10:44:57,259 [main] DEBUG org.activiti.engine.impl.interceptor.LogInterceptor  - --- starting DeployCmd --------------------------------------------------------
10:44:57,259 [main] DEBUG org.activiti.engine.impl.bpmn.deployer.BpmnDeployer  - Processing deployment JobQueryTest.testQueryByExceptionMessage
10:44:57,259 [main] INFO  org.activiti.engine.impl.bpmn.deployer.BpmnDeployer  - Processing resource org/activiti/engine/test/api/mgmt/ManagementServiceTest.testGetJobExceptionStacktrace.bpmn20.xml
10:44:57,264 [main] DEBUG org.activiti.engine.impl.bpmn.parser.handler.ProcessParseHandler  - Parsing process exceptionInJobExecution
10:44:57,264 [main] DEBUG org.activiti.engine.impl.bpmn.parser.handler.AbstractBpmnParseHandler  - Parsing activity firstLineSupport
10:44:57,264 [main] DEBUG org.activiti.engine.impl.bpmn.parser.handler.AbstractBpmnParseHandler  - Parsing activity theScriptTask
10:44:57,264 [main] DEBUG org.activiti.engine.impl.bpmn.parser.handler.AbstractBpmnParseHandler  - Parsing activity theStart
10:44:57,264 [main] DEBUG org.activiti.engine.impl.bpmn.parser.handler.AbstractBpmnParseHandler  - Parsing activity normalEnd
10:44:57,264 [main] DEBUG org.activiti.engine.impl.bpmn.parser.handler.AbstractBpmnParseHandler  - Parsing activity escalatedEnd
10:44:57,264 [main] DEBUG org.activiti.engine.impl.bpmn.parser.handler.AbstractBpmnParseHandler  - Parsing activity escalationTimer
10:44:57,264 [main] DEBUG org.apache.ibatis.transaction.jdbc.JdbcTransaction  - Opening JDBC Connection
10:44:57,264 [main] DEBUG org.apache.ibatis.datasource.pooled.PooledDataSource  - Checked out connection 363509958 from pool.
10:44:57,264 [main] DEBUG org.apache.ibatis.transaction.jdbc.JdbcTransaction  - Setting autocommit to false on JDBC Connection [conn2: url=jdbc:h2:mem:activiti user=SA]
10:44:57,264 [main] DEBUG org.activiti.engine.impl.persistence.entity.ProcessDefinitionEntity.selectLatestProcessDefinitionByKey  - ==&gt;  Preparing: select * from ACT_RE_PROCDEF where KEY_ = ? and (TENANT_ID_ = &apos;&apos; or TENANT_ID_ is null) and VERSION_ = (select max(VERSION_) from ACT_RE_PROCDEF where KEY_ = ? and (TENANT_ID_ = &apos;&apos; or TENANT_ID_ is null)) 
10:44:57,264 [main] DEBUG org.activiti.engine.impl.persistence.entity.ProcessDefinitionEntity.selectLatestProcessDefinitionByKey  - ==&gt; Parameters: exceptionInJobExecution(String), exceptionInJobExecution(String)
10:44:57,264 [main] DEBUG org.activiti.engine.impl.persistence.entity.ProcessDefinitionEntity.selectLatestProcessDefinitionByKey  - &lt;==      Total: 0
10:44:57,264 [main] DEBUG org.activiti.engine.impl.persistence.entity.JobEntity.selectJobByTypeAndProcessDefinitionKeyNoTenantId  - ==&gt;  Preparing: select J.* from ACT_RU_JOB J inner join ACT_RE_PROCDEF P on J.PROC_DEF_ID_ = P.ID_ where J.HANDLER_TYPE_ = ? and P.KEY_ = ? and (P.TENANT_ID_ = &apos;&apos; or P.TENANT_ID_ is null) 
10:44:57,264 [main] DEBUG org.activiti.engine.impl.persistence.entity.JobEntity.selectJobByTypeAndProcessDefinitionKeyNoTenantId  - ==&gt; Parameters: timer-start-event(String), exceptionInJobExecution(String)
10:44:57,264 [main] DEBUG org.activiti.engine.impl.persistence.entity.JobEntity.selectJobByTypeAndProcessDefinitionKeyNoTenantId  - &lt;==      Total: 0
10:44:57,264 [main] DEBUG org.activiti.engine.impl.persistence.entity.ProcessDefinitionInfoEntity.selectProcessDefinitionInfoByProcessDefinitionId  - ==&gt;  Preparing: select * from ACT_PROCDEF_INFO where PROC_DEF_ID_ = ? 
10:44:57,264 [main] DEBUG org.activiti.engine.impl.persistence.entity.ProcessDefinitionInfoEntity.selectProcessDefinitionInfoByProcessDefinitionId  - ==&gt; Parameters: exceptionInJobExecution:1:1728(String)
10:44:57,264 [main] DEBUG org.activiti.engine.impl.persistence.entity.ProcessDefinitionInfoEntity.selectProcessDefinitionInfoByProcessDefinitionId  - &lt;==      Total: 0
10:44:57,264 [main] DEBUG org.activiti.engine.impl.interceptor.LogInterceptor  - 

10:44:57,264 [main] DEBUG org.activiti.engine.impl.interceptor.LogInterceptor  - --- starting GetProcessDefinitionInfoCmd --------------------------------------------------------
10:44:57,264 [main] DEBUG org.activiti.engine.impl.interceptor.CommandContextInterceptor  - Valid context found. Reusing it for the current command &apos;org.activiti.engine.impl.cmd.GetProcessDefinitionInfoCmd&apos;
10:44:57,264 [main] DEBUG org.activiti.engine.impl.interceptor.LogInterceptor  - 

10:44:57,264 [main] DEBUG org.activiti.engine.impl.interceptor.LogInterceptor  - --- starting  --------------------------------------------------------
10:44:57,264 [main] DEBUG org.activiti.engine.impl.interceptor.CommandContextInterceptor  - Valid context found. Reusing it for the current command &apos;null&apos;
10:44:57,264 [main] DEBUG org.activiti.engine.impl.interceptor.LogInterceptor  - ---  finished --------------------------------------------------------
10:44:57,264 [main] DEBUG org.activiti.engine.impl.interceptor.LogInterceptor  - 

10:44:57,264 [main] DEBUG org.activiti.engine.impl.interceptor.LogInterceptor  - --- GetProcessDefinitionInfoCmd finished --------------------------------------------------------
10:44:57,264 [main] DEBUG org.activiti.engine.impl.interceptor.LogInterceptor  - 

10:44:57,264 [main] DEBUG org.activiti.engine.impl.db.DbSqlSession  -   insert ResourceEntity[id=1727, name=org/activiti/engine/test/api/mgmt/ManagementServiceTest.testGetJobExceptionStacktrace.bpmn20.xml]
10:44:57,264 [main] DEBUG org.activiti.engine.impl.db.DbSqlSession  -   insert DeploymentEntity[id=1726, name=JobQueryTest.testQueryByExceptionMessage]
10:44:57,264 [main] DEBUG org.activiti.engine.impl.db.DbSqlSession  -   insert ProcessDefinitionEntity[exceptionInJobExecution:1:1728]
10:44:57,264 [main] DEBUG org.activiti.engine.impl.db.DbSqlSession  - flush summary: 3 insert, 0 update, 0 delete.
10:44:57,264 [main] DEBUG org.activiti.engine.impl.db.DbSqlSession  - now executing flush...
10:44:57,264 [main] DEBUG org.activiti.engine.impl.db.DbSqlSession  - inserting: ProcessDefinitionEntity[exceptionInJobExecution:1:1728]
10:44:57,264 [main] DEBUG org.activiti.engine.impl.persistence.entity.ProcessDefinitionEntity.insertProcessDefinition  - ==&gt;  Preparing: insert into ACT_RE_PROCDEF(ID_, REV_, CATEGORY_, NAME_, KEY_, VERSION_, DEPLOYMENT_ID_, RESOURCE_NAME_, DGRM_RESOURCE_NAME_, DESCRIPTION_, HAS_START_FORM_KEY_, HAS_GRAPHICAL_NOTATION_ , SUSPENSION_STATE_, TENANT_ID_) values (?, 1, ?, ?, ?, ?, ?, ?, ?, ?, ?, ?, ?, ?) 
10:44:57,265 [main] DEBUG org.activiti.engine.impl.persistence.entity.ProcessDefinitionEntity.insertProcessDefinition  - ==&gt; Parameters: exceptionInJobExecution:1:1728(String), org.activiti.enginge.test.api.mgmt(String), null, exceptionInJobExecution(String), 1(Integer), 1726(String), org/activiti/engine/test/api/mgmt/ManagementServiceTest.testGetJobExceptionStacktrace.bpmn20.xml(String), null, null, false(Boolean), false(Boolean), 1(Integer), (String)
10:44:57,265 [main] DEBUG org.activiti.engine.impl.persistence.entity.ProcessDefinitionEntity.insertProcessDefinition  - &lt;==    Updates: 1
10:44:57,265 [main] DEBUG org.activiti.engine.impl.db.DbSqlSession  - inserting: DeploymentEntity[id=1726, name=JobQueryTest.testQueryByExceptionMessage]
10:44:57,265 [main] DEBUG org.activiti.engine.impl.persistence.entity.DeploymentEntity.insertDeployment  - ==&gt;  Preparing: insert into ACT_RE_DEPLOYMENT(ID_, NAME_, CATEGORY_, TENANT_ID_, DEPLOY_TIME_) values(?, ?, ?, ?, ?) 
10:44:57,265 [main] DEBUG org.activiti.engine.impl.persistence.entity.DeploymentEntity.insertDeployment  - ==&gt; Parameters: 1726(String), JobQueryTest.testQueryByExceptionMessage(String), null, (String), 2023-03-20 12:44:57.0(Timestamp)
10:44:57,265 [main] DEBUG org.activiti.engine.impl.persistence.entity.DeploymentEntity.insertDeployment  - &lt;==    Updates: 1
10:44:57,265 [main] DEBUG org.activiti.engine.impl.db.DbSqlSession  - inserting: ResourceEntity[id=1727, name=org/activiti/engine/test/api/mgmt/ManagementServiceTest.testGetJobExceptionStacktrace.bpmn20.xml]
10:44:57,265 [main] DEBUG org.activiti.engine.impl.persistence.entity.ResourceEntity.insertResource  - ==&gt;  Preparing: insert into ACT_GE_BYTEARRAY(ID_, REV_, NAME_, BYTES_, DEPLOYMENT_ID_, GENERATED_) values (?, 1, ?, ?, ?, ?) 
10:44:57,265 [main] DEBUG org.activiti.engine.impl.persistence.entity.ResourceEntity.insertResource  - ==&gt; Parameters: 1727(String), org/activiti/engine/test/api/mgmt/ManagementServiceTest.testGetJobExceptionStacktrace.bpmn20.xml(String), java.io.ByteArrayInputStream@3fbe503c(ByteArrayInputStream), 1726(String), false(Boolean)
10:44:57,265 [main] DEBUG org.activiti.engine.impl.persistence.entity.ResourceEntity.insertResource  - &lt;==    Updates: 1
10:44:57,265 [main] DEBUG org.activiti.engine.impl.cfg.standalone.StandaloneMybatisTransactionContext  - firing event committing...
10:44:57,265 [main] DEBUG org.activiti.engine.impl.cfg.standalone.StandaloneMybatisTransactionContext  - committing the ibatis sql session...
10:44:57,265 [main] DEBUG org.apache.ibatis.transaction.jdbc.JdbcTransaction  - Committing JDBC Connection [conn2: url=jdbc:h2:mem:activiti user=SA]
10:44:57,265 [main] DEBUG org.activiti.engine.impl.cfg.standalone.StandaloneMybatisTransactionContext  - firing event committed...
10:44:57,265 [main] DEBUG org.apache.ibatis.transaction.jdbc.JdbcTransaction  - Resetting autocommit to true on JDBC Connection [conn2: url=jdbc:h2:mem:activiti user=SA]
10:44:57,265 [main] DEBUG org.apache.ibatis.transaction.jdbc.JdbcTransaction  - Closing JDBC Connection [conn2: url=jdbc:h2:mem:activiti user=SA]
10:44:57,265 [main] DEBUG org.apache.ibatis.datasource.pooled.PooledDataSource  - Returned connection 363509958 to pool.
10:44:57,265 [main] DEBUG org.activiti.engine.impl.interceptor.LogInterceptor  - --- DeployCmd finished --------------------------------------------------------
10:44:57,265 [main] DEBUG org.activiti.engine.impl.interceptor.LogInterceptor  - 

10:44:57,265 [main] DEBUG org.activiti.engine.impl.interceptor.LogInterceptor  - 

10:44:57,265 [main] DEBUG org.activiti.engine.impl.interceptor.LogInterceptor  - --- starting DeployCmd --------------------------------------------------------
10:44:57,265 [main] DEBUG org.activiti.engine.impl.bpmn.deployer.BpmnDeployer  - Processing deployment null
10:44:57,265 [main] INFO  org.activiti.engine.impl.bpmn.deployer.BpmnDeployer  - Processing resource org/activiti/engine/test/api/mgmt/timerOnTask.bpmn20.xml
10:44:57,270 [main] DEBUG org.activiti.engine.impl.bpmn.parser.handler.ProcessParseHandler  - Parsing process timerOnTask
10:44:57,270 [main] DEBUG org.activiti.engine.impl.bpmn.parser.handler.AbstractBpmnParseHandler  - Parsing activity firstLineSupport
10:44:57,270 [main] DEBUG org.activiti.engine.impl.bpmn.parser.handler.AbstractBpmnParseHandler  - Parsing activity secondLineSupport
10:44:57,270 [main] DEBUG org.activiti.engine.impl.bpmn.parser.handler.AbstractBpmnParseHandler  - Parsing activity theStart
10:44:57,270 [main] DEBUG org.activiti.engine.impl.bpmn.parser.handler.AbstractBpmnParseHandler  - Parsing activity normalEnd
10:44:57,270 [main] DEBUG org.activiti.engine.impl.bpmn.parser.handler.AbstractBpmnParseHandler  - Parsing activity escalatedEnd
10:44:57,270 [main] DEBUG org.activiti.engine.impl.bpmn.parser.handler.AbstractBpmnParseHandler  - Parsing activity escalationTimer
10:44:57,270 [main] DEBUG org.apache.ibatis.transaction.jdbc.JdbcTransaction  - Opening JDBC Connection
10:44:57,270 [main] DEBUG org.apache.ibatis.datasource.pooled.PooledDataSource  - Checked out connection 180014677 from pool.
10:44:57,270 [main] DEBUG org.apache.ibatis.transaction.jdbc.JdbcTransaction  - Setting autocommit to false on JDBC Connection [conn3: url=jdbc:h2:mem:activiti user=SA]
10:44:57,270 [main] DEBUG org.activiti.engine.impl.persistence.entity.ProcessDefinitionEntity.selectLatestProcessDefinitionByKey  - ==&gt;  Preparing: select * from ACT_RE_PROCDEF where KEY_ = ? and (TENANT_ID_ = &apos;&apos; or TENANT_ID_ is null) and VERSION_ = (select max(VERSION_) from ACT_RE_PROCDEF where KEY_ = ? and (TENANT_ID_ = &apos;&apos; or TENANT_ID_ is null)) 
10:44:57,270 [main] DEBUG org.activiti.engine.impl.persistence.entity.ProcessDefinitionEntity.selectLatestProcessDefinitionByKey  - ==&gt; Parameters: timerOnTask(String), timerOnTask(String)
10:44:57,271 [main] DEBUG org.activiti.engine.impl.persistence.entity.ProcessDefinitionEntity.selectLatestProcessDefinitionByKey  - &lt;==      Total: 0
10:44:57,271 [main] DEBUG org.activiti.engine.impl.persistence.entity.JobEntity.selectJobByTypeAndProcessDefinitionKeyNoTenantId  - ==&gt;  Preparing: select J.* from ACT_RU_JOB J inner join ACT_RE_PROCDEF P on J.PROC_DEF_ID_ = P.ID_ where J.HANDLER_TYPE_ = ? and P.KEY_ = ? and (P.TENANT_ID_ = &apos;&apos; or P.TENANT_ID_ is null) 
10:44:57,271 [main] DEBUG org.activiti.engine.impl.persistence.entity.JobEntity.selectJobByTypeAndProcessDefinitionKeyNoTenantId  - ==&gt; Parameters: timer-start-event(String), timerOnTask(String)
10:44:57,271 [main] DEBUG org.activiti.engine.impl.persistence.entity.JobEntity.selectJobByTypeAndProcessDefinitionKeyNoTenantId  - &lt;==      Total: 0
10:44:57,271 [main] DEBUG org.activiti.engine.impl.persistence.entity.ProcessDefinitionInfoEntity.selectProcessDefinitionInfoByProcessDefinitionId  - ==&gt;  Preparing: select * from ACT_PROCDEF_INFO where PROC_DEF_ID_ = ? 
10:44:57,271 [main] DEBUG org.activiti.engine.impl.persistence.entity.ProcessDefinitionInfoEntity.selectProcessDefinitionInfoByProcessDefinitionId  - ==&gt; Parameters: timerOnTask:1:1731(String)
10:44:57,271 [main] DEBUG org.activiti.engine.impl.persistence.entity.ProcessDefinitionInfoEntity.selectProcessDefinitionInfoByProcessDefinitionId  - &lt;==      Total: 0
10:44:57,271 [main] DEBUG org.activiti.engine.impl.interceptor.LogInterceptor  - 

10:44:57,271 [main] DEBUG org.activiti.engine.impl.interceptor.LogInterceptor  - --- starting GetProcessDefinitionInfoCmd --------------------------------------------------------
10:44:57,271 [main] DEBUG org.activiti.engine.impl.interceptor.CommandContextInterceptor  - Valid context found. Reusing it for the current command &apos;org.activiti.engine.impl.cmd.GetProcessDefinitionInfoCmd&apos;
10:44:57,271 [main] DEBUG org.activiti.engine.impl.interceptor.LogInterceptor  - 

10:44:57,271 [main] DEBUG org.activiti.engine.impl.interceptor.LogInterceptor  - --- starting  --------------------------------------------------------
10:44:57,271 [main] DEBUG org.activiti.engine.impl.interceptor.CommandContextInterceptor  - Valid context found. Reusing it for the current command &apos;null&apos;
10:44:57,271 [main] DEBUG org.activiti.engine.impl.interceptor.LogInterceptor  - ---  finished --------------------------------------------------------
10:44:57,271 [main] DEBUG org.activiti.engine.impl.interceptor.LogInterceptor  - 

10:44:57,271 [main] DEBUG org.activiti.engine.impl.interceptor.LogInterceptor  - --- GetProcessDefinitionInfoCmd finished --------------------------------------------------------
10:44:57,271 [main] DEBUG org.activiti.engine.impl.interceptor.LogInterceptor  - 

10:44:57,271 [main] DEBUG org.activiti.engine.impl.db.DbSqlSession  -   insert ResourceEntity[id=1730, name=org/activiti/engine/test/api/mgmt/timerOnTask.bpmn20.xml]
10:44:57,271 [main] DEBUG org.activiti.engine.impl.db.DbSqlSession  -   insert DeploymentEntity[id=1729, name=null]
10:44:57,271 [main] DEBUG org.activiti.engine.impl.db.DbSqlSession  -   insert ProcessDefinitionEntity[timerOnTask:1:1731]
10:44:57,271 [main] DEBUG org.activiti.engine.impl.db.DbSqlSession  - flush summary: 3 insert, 0 update, 0 delete.
10:44:57,271 [main] DEBUG org.activiti.engine.impl.db.DbSqlSession  - now executing flush...
10:44:57,271 [main] DEBUG org.activiti.engine.impl.db.DbSqlSession  - inserting: ProcessDefinitionEntity[timerOnTask:1:1731]
10:44:57,271 [main] DEBUG org.activiti.engine.impl.persistence.entity.ProcessDefinitionEntity.insertProcessDefinition  - ==&gt;  Preparing: insert into ACT_RE_PROCDEF(ID_, REV_, CATEGORY_, NAME_, KEY_, VERSION_, DEPLOYMENT_ID_, RESOURCE_NAME_, DGRM_RESOURCE_NAME_, DESCRIPTION_, HAS_START_FORM_KEY_, HAS_GRAPHICAL_NOTATION_ , SUSPENSION_STATE_, TENANT_ID_) values (?, 1, ?, ?, ?, ?, ?, ?, ?, ?, ?, ?, ?, ?) 
10:44:57,271 [main] DEBUG org.activiti.engine.impl.persistence.entity.ProcessDefinitionEntity.insertProcessDefinition  - ==&gt; Parameters: timerOnTask:1:1731(String), org.activiti.enginge.test.api.mgmt(String), null, timerOnTask(String), 1(Integer), 1729(String), org/activiti/engine/test/api/mgmt/timerOnTask.bpmn20.xml(String), null, null, false(Boolean), false(Boolean), 1(Integer), (String)
10:44:57,271 [main] DEBUG org.activiti.engine.impl.persistence.entity.ProcessDefinitionEntity.insertProcessDefinition  - &lt;==    Updates: 1
10:44:57,271 [main] DEBUG org.activiti.engine.impl.db.DbSqlSession  - inserting: DeploymentEntity[id=1729, name=null]
10:44:57,271 [main] DEBUG org.activiti.engine.impl.persistence.entity.DeploymentEntity.insertDeployment  - ==&gt;  Preparing: insert into ACT_RE_DEPLOYMENT(ID_, NAME_, CATEGORY_, TENANT_ID_, DEPLOY_TIME_) values(?, ?, ?, ?, ?) 
10:44:57,271 [main] DEBUG org.activiti.engine.impl.persistence.entity.DeploymentEntity.insertDeployment  - ==&gt; Parameters: 1729(String), null, null, (String), 2023-03-20 12:44:57.0(Timestamp)
10:44:57,271 [main] DEBUG org.activiti.engine.impl.persistence.entity.DeploymentEntity.insertDeployment  - &lt;==    Updates: 1
10:44:57,271 [main] DEBUG org.activiti.engine.impl.db.DbSqlSession  - inserting: ResourceEntity[id=1730, name=org/activiti/engine/test/api/mgmt/timerOnTask.bpmn20.xml]
10:44:57,271 [main] DEBUG org.activiti.engine.impl.persistence.entity.ResourceEntity.insertResource  - ==&gt;  Preparing: insert into ACT_GE_BYTEARRAY(ID_, REV_, NAME_, BYTES_, DEPLOYMENT_ID_, GENERATED_) values (?, 1, ?, ?, ?, ?) 
10:44:57,271 [main] DEBUG org.activiti.engine.impl.persistence.entity.ResourceEntity.insertResource  - ==&gt; Parameters: 1730(String), org/activiti/engine/test/api/mgmt/timerOnTask.bpmn20.xml(String), java.io.ByteArrayInputStream@64b70f41(ByteArrayInputStream), 1729(String), false(Boolean)
10:44:57,271 [main] DEBUG org.activiti.engine.impl.persistence.entity.ResourceEntity.insertResource  - &lt;==    Updates: 1
10:44:57,271 [main] DEBUG org.activiti.engine.impl.cfg.standalone.StandaloneMybatisTransactionContext  - firing event committing...
10:44:57,271 [main] DEBUG org.activiti.engine.impl.cfg.standalone.StandaloneMybatisTransactionContext  - committing the ibatis sql session...
10:44:57,271 [main] DEBUG org.apache.ibatis.transaction.jdbc.JdbcTransaction  - Committing JDBC Connection [conn3: url=jdbc:h2:mem:activiti user=SA]
10:44:57,271 [main] DEBUG org.activiti.engine.impl.cfg.standalone.StandaloneMybatisTransactionContext  - firing event committed...
10:44:57,271 [main] DEBUG org.apache.ibatis.transaction.jdbc.JdbcTransaction  - Resetting autocommit to true on JDBC Connection [conn3: url=jdbc:h2:mem:activiti user=SA]
10:44:57,271 [main] DEBUG org.apache.ibatis.transaction.jdbc.JdbcTransaction  - Closing JDBC Connection [conn3: url=jdbc:h2:mem:activiti user=SA]
10:44:57,271 [main] DEBUG org.apache.ibatis.datasource.pooled.PooledDataSource  - Returned connection 180014677 to pool.
10:44:57,271 [main] DEBUG org.activiti.engine.impl.interceptor.LogInterceptor  - --- DeployCmd finished --------------------------------------------------------
10:44:57,271 [main] DEBUG org.activiti.engine.impl.interceptor.LogInterceptor  - 

10:44:57,271 [main] DEBUG org.activiti.engine.impl.interceptor.LogInterceptor  - 

10:44:57,271 [main] DEBUG org.activiti.engine.impl.interceptor.LogInterceptor  - --- starting StartProcessInstanceCmd --------------------------------------------------------
10:44:57,271 [main] DEBUG org.apache.ibatis.transaction.jdbc.JdbcTransaction  - Opening JDBC Connection
10:44:57,271 [main] DEBUG org.apache.ibatis.datasource.pooled.PooledDataSource  - Checked out connection 297240765 from pool.
10:44:57,271 [main] DEBUG org.apache.ibatis.transaction.jdbc.JdbcTransaction  - Setting autocommit to false on JDBC Connection [conn4: url=jdbc:h2:mem:activiti user=SA]
10:44:57,271 [main] DEBUG org.activiti.engine.impl.persistence.entity.ProcessDefinitionEntity.selectLatestProcessDefinitionByKey  - ==&gt;  Preparing: select * from ACT_RE_PROCDEF where KEY_ = ? and (TENANT_ID_ = &apos;&apos; or TENANT_ID_ is null) and VERSION_ = (select max(VERSION_) from ACT_RE_PROCDEF where KEY_ = ? and (TENANT_ID_ = &apos;&apos; or TENANT_ID_ is null)) 
10:44:57,271 [main] DEBUG org.activiti.engine.impl.persistence.entity.ProcessDefinitionEntity.selectLatestProcessDefinitionByKey  - ==&gt; Parameters: timerOnTask(String), timerOnTask(String)
10:44:57,271 [main] DEBUG org.activiti.engine.impl.persistence.entity.ProcessDefinitionEntity.selectLatestProcessDefinitionByKey  - &lt;==      Total: 1
10:44:57,271 [main] DEBUG org.activiti.engine.impl.persistence.entity.ExecutionEntity  - initializing ProcessInstance[1732]
10:44:57,271 [main] DEBUG org.activiti.engine.impl.history.DefaultHistoryManager  - Current history level: FULL, level required: ACTIVITY
10:44:57,272 [main] DEBUG org.activiti.engine.impl.pvm.runtime.AtomicOperationActivityExecute  - ProcessInstance[1732] executes Activity(theStart): org.activiti.engine.impl.bpmn.behavior.NoneStartEventActivityBehavior
10:44:57,272 [main] DEBUG org.activiti.engine.impl.persistence.entity.JobEntity.selectJobsByExecutionId  - ==&gt;  Preparing: select * from ACT_RU_JOB J where J.EXECUTION_ID_ = ? 
10:44:57,272 [main] DEBUG org.activiti.engine.impl.persistence.entity.JobEntity.selectJobsByExecutionId  - ==&gt; Parameters: 1732(String)
10:44:57,272 [main] DEBUG org.activiti.engine.impl.persistence.entity.JobEntity.selectJobsByExecutionId  - &lt;==      Total: 0
10:44:57,272 [main] DEBUG org.activiti.engine.impl.bpmn.behavior.BpmnActivityBehavior  - Leaving activity &apos;theStart&apos;
10:44:57,272 [main] DEBUG org.activiti.engine.impl.history.DefaultHistoryManager  - Current history level: FULL, level required: ACTIVITY
10:44:57,272 [main] DEBUG org.activiti.engine.impl.pvm.runtime.AtomicOperationTransitionNotifyListenerTake  - ProcessInstance[1732] takes transition (theStart)--flow1--&gt;(firstLineSupport)
10:44:57,272 [main] DEBUG org.activiti.engine.impl.persistence.entity.ExecutionEntity  - Child execution ScopeExecution[1734] created with parent 
10:44:57,272 [main] DEBUG org.activiti.engine.impl.pvm.runtime.AtomicOperationTransitionCreateScope  - create scope: parent ProcessInstance[1732] continues as execution ScopeExecution[1734]
10:44:57,272 [main] DEBUG org.activiti.engine.impl.persistence.entity.ExecutionEntity  - initializing ScopeExecution[1734]
10:44:57,272 [main] DEBUG org.activiti.engine.impl.persistence.entity.JobEntity.selectJobsByExecutionId  - ==&gt;  Preparing: select * from ACT_RU_JOB J where J.EXECUTION_ID_ = ? 
10:44:57,272 [main] DEBUG org.activiti.engine.impl.persistence.entity.JobEntity.selectJobsByExecutionId  - ==&gt; Parameters: 1734(String)
10:44:57,272 [main] DEBUG org.activiti.engine.impl.persistence.entity.JobEntity.selectJobsByExecutionId  - &lt;==      Total: 0
10:44:57,272 [main] DEBUG org.activiti.engine.impl.history.DefaultHistoryManager  - Current history level: FULL, level required: ACTIVITY
10:44:57,272 [main] DEBUG org.activiti.engine.impl.pvm.runtime.AtomicOperationActivityExecute  - ScopeExecution[1734] executes Activity(firstLineSupport): org.activiti.engine.impl.bpmn.behavior.UserTaskActivityBehavior
10:44:57,272 [main] DEBUG org.activiti.engine.impl.persistence.entity.TaskEntity.selectTasksByExecutionId  - ==&gt;  Preparing: select distinct T.* from ACT_RU_TASK T where T.EXECUTION_ID_ = ? 
10:44:57,272 [main] DEBUG org.activiti.engine.impl.persistence.entity.TaskEntity.selectTasksByExecutionId  - ==&gt; Parameters: 1734(String)
10:44:57,272 [main] DEBUG org.activiti.engine.impl.persistence.entity.TaskEntity.selectTasksByExecutionId  - &lt;==      Total: 0
10:44:57,272 [main] DEBUG org.activiti.engine.impl.history.DefaultHistoryManager  - Current history level: FULL, level required: AUDIT
10:44:57,272 [main] DEBUG org.activiti.engine.impl.history.DefaultHistoryManager  - Current history level: FULL, level required: AUDIT
10:44:57,272 [main] DEBUG org.activiti.engine.impl.interceptor.LogInterceptor  - 

10:44:57,272 [main] DEBUG org.activiti.engine.impl.interceptor.LogInterceptor  - --- starting  --------------------------------------------------------
10:44:57,272 [main] DEBUG org.activiti.engine.impl.interceptor.CommandContextInterceptor  - Valid context found. Reusing it for the current command &apos;null&apos;
10:44:57,272 [main] DEBUG org.activiti.engine.impl.persistence.entity.ProcessDefinitionInfoEntity.selectProcessDefinitionInfoByProcessDefinitionId  - ==&gt;  Preparing: select * from ACT_PROCDEF_INFO where PROC_DEF_ID_ = ? 
10:44:57,272 [main] DEBUG org.activiti.engine.impl.persistence.entity.ProcessDefinitionInfoEntity.selectProcessDefinitionInfoByProcessDefinitionId  - ==&gt; Parameters: timerOnTask:1:1731(String)
10:44:57,272 [main] DEBUG org.activiti.engine.impl.persistence.entity.ProcessDefinitionInfoEntity.selectProcessDefinitionInfoByProcessDefinitionId  - &lt;==      Total: 0
10:44:57,272 [main] DEBUG org.activiti.engine.impl.interceptor.LogInterceptor  - ---  finished --------------------------------------------------------
10:44:57,272 [main] DEBUG org.activiti.engine.impl.interceptor.LogInterceptor  - 

10:44:57,272 [main] DEBUG org.activiti.engine.impl.history.DefaultHistoryManager  - Current history level: FULL, level required: AUDIT
10:44:57,272 [main] DEBUG org.activiti.engine.impl.history.DefaultHistoryManager  - Current history level: FULL, level required: AUDIT
10:44:57,272 [main] DEBUG org.activiti.engine.impl.history.DefaultHistoryManager  - Current history level: FULL, level required: ACTIVITY
10:44:57,272 [main] DEBUG org.activiti.engine.impl.db.DbSqlSession  -   insert ProcessInstance[1732]
10:44:57,272 [main] DEBUG org.activiti.engine.impl.db.DbSqlSession  -   insert ScopeExecution[1734]
10:44:57,272 [main] DEBUG org.activiti.engine.impl.db.DbSqlSession  -   insert HistoricProcessInstanceEntity[superProcessInstanceId=null]
10:44:57,272 [main] DEBUG org.activiti.engine.impl.db.DbSqlSession  -   insert Task[id=1737, name=First line support]
10:44:57,272 [main] DEBUG org.activiti.engine.impl.db.DbSqlSession  -   insert HistoricTaskInstanceEntity[id=1737, name=First line support]
10:44:57,272 [main] DEBUG org.activiti.engine.impl.db.DbSqlSession  -   insert HistoricActivityInstanceEntity[activityId=theStart, activityName=null]
10:44:57,272 [main] DEBUG org.activiti.engine.impl.db.DbSqlSession  -   insert HistoricActivityInstanceEntity[activityId=firstLineSupport, activityName=First line support]
10:44:57,272 [main] DEBUG org.activiti.engine.impl.db.DbSqlSession  -   insert JobEntity [id=1735]
10:44:57,272 [main] DEBUG org.activiti.engine.impl.db.DbSqlSession  - flush summary: 8 insert, 0 update, 0 delete.
10:44:57,272 [main] DEBUG org.activiti.engine.impl.db.DbSqlSession  - now executing flush...
10:44:57,272 [main] DEBUG org.activiti.engine.impl.db.DbSqlSession  - inserting: HistoricTaskInstanceEntity[id=1737, name=First line support]
10:44:57,272 [main] DEBUG org.activiti.engine.impl.persistence.entity.HistoricTaskInstanceEntity.insertHistoricTaskInstance  - ==&gt;  Preparing: insert into ACT_HI_TASKINST ( ID_, PROC_DEF_ID_, PROC_INST_ID_, EXECUTION_ID_, NAME_, PARENT_TASK_ID_, DESCRIPTION_, OWNER_, ASSIGNEE_, START_TIME_, CLAIM_TIME_, END_TIME_, DURATION_, DELETE_REASON_, TASK_DEF_KEY_, FORM_KEY_, PRIORITY_, DUE_DATE_, CATEGORY_, TENANT_ID_ ) values ( ?, ?, ?, ?, ?, ?, ?, ?, ?, ?, ?, ?, ?, ?, ?, ?, ?, ?, ?, ? ) 
10:44:57,272 [main] DEBUG org.activiti.engine.impl.persistence.entity.HistoricTaskInstanceEntity.insertHistoricTaskInstance  - ==&gt; Parameters: 1737(String), timerOnTask:1:1731(String), 1732(String), 1734(String), First line support(String), null, null, null, null, 2023-03-20 10:44:57.0(Timestamp), null, null, null, null, firstLineSupport(String), null, 50(Integer), null, null, (String)
10:44:57,272 [main] DEBUG org.activiti.engine.impl.persistence.entity.HistoricTaskInstanceEntity.insertHistoricTaskInstance  - &lt;==    Updates: 1
10:44:57,272 [main] DEBUG org.activiti.engine.impl.db.DbSqlSession  - inserting: HistoricProcessInstanceEntity[superProcessInstanceId=null]
10:44:57,272 [main] DEBUG org.activiti.engine.impl.persistence.entity.HistoricProcessInstanceEntity.insertHistoricProcessInstance  - ==&gt;  Preparing: insert into ACT_HI_PROCINST ( ID_, PROC_INST_ID_, BUSINESS_KEY_, PROC_DEF_ID_, START_TIME_, END_TIME_, DURATION_, START_USER_ID_, START_ACT_ID_, END_ACT_ID_, SUPER_PROCESS_INSTANCE_ID_, DELETE_REASON_, TENANT_ID_, NAME_ ) values ( ?, ?, ?, ?, ?, ?, ?, ?, ?, ?, ?, ?, ?, ? ) 
10:44:57,272 [main] DEBUG org.activiti.engine.impl.persistence.entity.HistoricProcessInstanceEntity.insertHistoricProcessInstance  - ==&gt; Parameters: 1732(String), 1732(String), null, timerOnTask:1:1731(String), 2023-03-20 10:44:57.0(Timestamp), null, null, null, theStart(String), null, null, null, (String), null
10:44:57,272 [main] DEBUG org.activiti.engine.impl.persistence.entity.HistoricProcessInstanceEntity.insertHistoricProcessInstance  - &lt;==    Updates: 1
10:44:57,273 [main] DEBUG org.activiti.engine.impl.persistence.entity.HistoricActivityInstanceEntity.bulkInsertHistoricActivityInstance  - ==&gt;  Preparing: insert into ACT_HI_ACTINST ( ID_, PROC_DEF_ID_, PROC_INST_ID_, EXECUTION_ID_, ACT_ID_, TASK_ID_, CALL_PROC_INST_ID_, ACT_NAME_, ACT_TYPE_, ASSIGNEE_, START_TIME_, END_TIME_, DURATION_, TENANT_ID_ ) values (?, ?, ?, ?, ?, ?, ?, ?, ?, ?, ?, ?, ?, ?) , (?, ?, ?, ?, ?, ?, ?, ?, ?, ?, ?, ?, ?, ?) 
10:44:57,273 [main] DEBUG org.activiti.engine.impl.persistence.entity.HistoricActivityInstanceEntity.bulkInsertHistoricActivityInstance  - ==&gt; Parameters: 1733(String), timerOnTask:1:1731(String), 1732(String), 1732(String), theStart(String), null, null, null, startEvent(String), null, 2023-03-20 10:44:57.0(Timestamp), 2023-03-20 10:44:57.0(Timestamp), 0(Long), (String), 1736(String), timerOnTask:1:1731(String), 1732(String), 1734(String), firstLineSupport(String), 1737(String), null, First line support(String), userTask(String), null, 2023-03-20 10:44:57.0(Timestamp), null, null, (String)
10:44:57,273 [main] DEBUG org.activiti.engine.impl.persistence.entity.HistoricActivityInstanceEntity.bulkInsertHistoricActivityInstance  - &lt;==    Updates: 2
10:44:57,273 [main] DEBUG org.activiti.engine.impl.persistence.entity.ExecutionEntity.bulkInsertExecution  - ==&gt;  Preparing: insert into ACT_RU_EXECUTION (ID_, REV_, PROC_INST_ID_, BUSINESS_KEY_, PROC_DEF_ID_, ACT_ID_, IS_ACTIVE_, IS_CONCURRENT_, IS_SCOPE_,IS_EVENT_SCOPE_, PARENT_ID_, SUPER_EXEC_, SUSPENSION_STATE_, CACHED_ENT_STATE_, TENANT_ID_, NAME_) values (?, 1, ?, ?, ?, ?, ?, ?, ?, ?, ?, ?, ?, ?, ?, ?) , (?, 1, ?, ?, ?, ?, ?, ?, ?, ?, ?, ?, ?, ?, ?, ?) 
10:44:57,273 [main] DEBUG org.activiti.engine.impl.persistence.entity.ExecutionEntity.bulkInsertExecution  - ==&gt; Parameters: 1732(String), 1732(String), null, timerOnTask:1:1731(String), null, false(Boolean), false(Boolean), true(Boolean), false(Boolean), null, null, 1(Integer), 2(Integer), (String), null, 1734(String), 1732(String), null, timerOnTask:1:1731(String), firstLineSupport(String), true(Boolean), false(Boolean), true(Boolean), false(Boolean), 1732(String), null, 1(Integer), 6(Integer), (String), null
10:44:57,273 [main] DEBUG org.activiti.engine.impl.persistence.entity.ExecutionEntity.bulkInsertExecution  - &lt;==    Updates: 2
10:44:57,273 [main] DEBUG org.activiti.engine.impl.db.DbSqlSession  - inserting: Task[id=1737, name=First line support]
10:44:57,273 [main] DEBUG org.activiti.engine.impl.persistence.entity.TaskEntity.insertTask  - ==&gt;  Preparing: insert into ACT_RU_TASK (ID_, REV_, NAME_, PARENT_TASK_ID_, DESCRIPTION_, PRIORITY_, CREATE_TIME_, OWNER_, ASSIGNEE_, DELEGATION_, EXECUTION_ID_, PROC_INST_ID_, PROC_DEF_ID_, TASK_DEF_KEY_, DUE_DATE_, CATEGORY_, SUSPENSION_STATE_, TENANT_ID_, FORM_KEY_) values (?, 1, ?, ?, ?, ?, ?, ?, ?, ?, ?, ?, ?, ?, ?, ?, ?, ?, ? ) 
10:44:57,273 [main] DEBUG org.activiti.engine.impl.persistence.entity.TaskEntity.insertTask  - ==&gt; Parameters: 1737(String), First line support(String), null, null, 50(Integer), 2023-03-20 10:44:57.0(Timestamp), null, null, null, 1734(String), 1732(String), timerOnTask:1:1731(String), firstLineSupport(String), null, null, 1(Integer), (String), null
10:44:57,273 [main] DEBUG org.activiti.engine.impl.persistence.entity.TaskEntity.insertTask  - &lt;==    Updates: 1
10:44:57,273 [main] DEBUG org.activiti.engine.impl.db.DbSqlSession  - inserting: JobEntity [id=1735]
10:44:57,273 [main] DEBUG org.activiti.engine.impl.persistence.entity.JobEntity.insertTimer  - ==&gt;  Preparing: insert into ACT_RU_JOB ( ID_, REV_, TYPE_, LOCK_OWNER_, LOCK_EXP_TIME_, EXCLUSIVE_, EXECUTION_ID_, PROCESS_INSTANCE_ID_, PROC_DEF_ID_, RETRIES_, EXCEPTION_STACK_ID_, EXCEPTION_MSG_, DUEDATE_, REPEAT_, HANDLER_TYPE_, HANDLER_CFG_, TENANT_ID_) values (?, 1, &apos;timer&apos;, ?, ?, ?, ?, ?, ?, ?, ?, ?, ?, ?, ?, ?, ? ) 
10:44:57,273 [main] DEBUG org.activiti.engine.impl.persistence.entity.JobEntity.insertTimer  - ==&gt; Parameters: 1735(String), null, null, true(Boolean), 1734(String), 1732(String), timerOnTask:1:1731(String), 3(Integer), null, null, 2023-03-20 11:44:57.0(Timestamp), null, timer-transition(String), {&quot;activityId&quot;:&quot;escalationTimer&quot;}(String), (String)
10:44:57,273 [main] DEBUG org.activiti.engine.impl.persistence.entity.JobEntity.insertTimer  - &lt;==    Updates: 1
10:44:57,273 [main] DEBUG org.activiti.engine.impl.cfg.standalone.StandaloneMybatisTransactionContext  - firing event committing...
10:44:57,273 [main] DEBUG org.activiti.engine.impl.cfg.standalone.StandaloneMybatisTransactionContext  - committing the ibatis sql session...
10:44:57,273 [main] DEBUG org.apache.ibatis.transaction.jdbc.JdbcTransaction  - Committing JDBC Connection [conn4: url=jdbc:h2:mem:activiti user=SA]
10:44:57,274 [main] DEBUG org.activiti.engine.impl.cfg.standalone.StandaloneMybatisTransactionContext  - firing event committed...
10:44:57,274 [main] DEBUG org.apache.ibatis.transaction.jdbc.JdbcTransaction  - Resetting autocommit to true on JDBC Connection [conn4: url=jdbc:h2:mem:activiti user=SA]
10:44:57,274 [main] DEBUG org.apache.ibatis.transaction.jdbc.JdbcTransaction  - Closing JDBC Connection [conn4: url=jdbc:h2:mem:activiti user=SA]
10:44:57,274 [main] DEBUG org.apache.ibatis.datasource.pooled.PooledDataSource  - Returned connection 297240765 to pool.
10:44:57,274 [main] DEBUG org.activiti.engine.impl.interceptor.LogInterceptor  - --- StartProcessInstanceCmd finished --------------------------------------------------------
10:44:57,274 [main] DEBUG org.activiti.engine.impl.interceptor.LogInterceptor  - 

10:44:57,274 [main] DEBUG org.activiti.engine.impl.interceptor.LogInterceptor  - 

10:44:57,274 [main] DEBUG org.activiti.engine.impl.interceptor.LogInterceptor  - --- starting StartProcessInstanceCmd --------------------------------------------------------
10:44:57,274 [main] DEBUG org.apache.ibatis.transaction.jdbc.JdbcTransaction  - Opening JDBC Connection
10:44:57,274 [main] DEBUG org.apache.ibatis.datasource.pooled.PooledDataSource  - Checked out connection 363509958 from pool.
10:44:57,274 [main] DEBUG org.apache.ibatis.transaction.jdbc.JdbcTransaction  - Setting autocommit to false on JDBC Connection [conn2: url=jdbc:h2:mem:activiti user=SA]
10:44:57,274 [main] DEBUG org.activiti.engine.impl.persistence.entity.ProcessDefinitionEntity.selectLatestProcessDefinitionByKey  - ==&gt;  Preparing: select * from ACT_RE_PROCDEF where KEY_ = ? and (TENANT_ID_ = &apos;&apos; or TENANT_ID_ is null) and VERSION_ = (select max(VERSION_) from ACT_RE_PROCDEF where KEY_ = ? and (TENANT_ID_ = &apos;&apos; or TENANT_ID_ is null)) 
10:44:57,274 [main] DEBUG org.activiti.engine.impl.persistence.entity.ProcessDefinitionEntity.selectLatestProcessDefinitionByKey  - ==&gt; Parameters: timerOnTask(String), timerOnTask(String)
10:44:57,274 [main] DEBUG org.activiti.engine.impl.persistence.entity.ProcessDefinitionEntity.selectLatestProcessDefinitionByKey  - &lt;==      Total: 1
10:44:57,274 [main] DEBUG org.activiti.engine.impl.persistence.entity.ExecutionEntity  - initializing ProcessInstance[1738]
10:44:57,274 [main] DEBUG org.activiti.engine.impl.history.DefaultHistoryManager  - Current history level: FULL, level required: ACTIVITY
10:44:57,274 [main] DEBUG org.activiti.engine.impl.pvm.runtime.AtomicOperationActivityExecute  - ProcessInstance[1738] executes Activity(theStart): org.activiti.engine.impl.bpmn.behavior.NoneStartEventActivityBehavior
10:44:57,274 [main] DEBUG org.activiti.engine.impl.persistence.entity.JobEntity.selectJobsByExecutionId  - ==&gt;  Preparing: select * from ACT_RU_JOB J where J.EXECUTION_ID_ = ? 
10:44:57,274 [main] DEBUG org.activiti.engine.impl.persistence.entity.JobEntity.selectJobsByExecutionId  - ==&gt; Parameters: 1738(String)
10:44:57,274 [main] DEBUG org.activiti.engine.impl.persistence.entity.JobEntity.selectJobsByExecutionId  - &lt;==      Total: 0
10:44:57,274 [main] DEBUG org.activiti.engine.impl.bpmn.behavior.BpmnActivityBehavior  - Leaving activity &apos;theStart&apos;
10:44:57,274 [main] DEBUG org.activiti.engine.impl.history.DefaultHistoryManager  - Current history level: FULL, level required: ACTIVITY
10:44:57,274 [main] DEBUG org.activiti.engine.impl.pvm.runtime.AtomicOperationTransitionNotifyListenerTake  - ProcessInstance[1738] takes transition (theStart)--flow1--&gt;(firstLineSupport)
10:44:57,274 [main] DEBUG org.activiti.engine.impl.persistence.entity.ExecutionEntity  - Child execution ScopeExecution[1740] created with parent 
10:44:57,274 [main] DEBUG org.activiti.engine.impl.pvm.runtime.AtomicOperationTransitionCreateScope  - create scope: parent ProcessInstance[1738] continues as execution ScopeExecution[1740]
10:44:57,274 [main] DEBUG org.activiti.engine.impl.persistence.entity.ExecutionEntity  - initializing ScopeExecution[1740]
10:44:57,274 [main] DEBUG org.activiti.engine.impl.persistence.entity.JobEntity.selectJobsByExecutionId  - ==&gt;  Preparing: select * from ACT_RU_JOB J where J.EXECUTION_ID_ = ? 
10:44:57,274 [main] DEBUG org.activiti.engine.impl.persistence.entity.JobEntity.selectJobsByExecutionId  - ==&gt; Parameters: 1740(String)
10:44:57,274 [main] DEBUG org.activiti.engine.impl.persistence.entity.JobEntity.selectJobsByExecutionId  - &lt;==      Total: 0
10:44:57,274 [main] DEBUG org.activiti.engine.impl.history.DefaultHistoryManager  - Current history level: FULL, level required: ACTIVITY
10:44:57,274 [main] DEBUG org.activiti.engine.impl.pvm.runtime.AtomicOperationActivityExecute  - ScopeExecution[1740] executes Activity(firstLineSupport): org.activiti.engine.impl.bpmn.behavior.UserTaskActivityBehavior
10:44:57,275 [main] DEBUG org.activiti.engine.impl.persistence.entity.TaskEntity.selectTasksByExecutionId  - ==&gt;  Preparing: select distinct T.* from ACT_RU_TASK T where T.EXECUTION_ID_ = ? 
10:44:57,275 [main] DEBUG org.activiti.engine.impl.persistence.entity.TaskEntity.selectTasksByExecutionId  - ==&gt; Parameters: 1740(String)
10:44:57,275 [main] DEBUG org.activiti.engine.impl.persistence.entity.TaskEntity.selectTasksByExecutionId  - &lt;==      Total: 0
10:44:57,275 [main] DEBUG org.activiti.engine.impl.history.DefaultHistoryManager  - Current history level: FULL, level required: AUDIT
10:44:57,275 [main] DEBUG org.activiti.engine.impl.history.DefaultHistoryManager  - Current history level: FULL, level required: AUDIT
10:44:57,275 [main] DEBUG org.activiti.engine.impl.interceptor.LogInterceptor  - 

10:44:57,275 [main] DEBUG org.activiti.engine.impl.interceptor.LogInterceptor  - --- starting  --------------------------------------------------------
10:44:57,275 [main] DEBUG org.activiti.engine.impl.interceptor.CommandContextInterceptor  - Valid context found. Reusing it for the current command &apos;null&apos;
10:44:57,275 [main] DEBUG org.activiti.engine.impl.persistence.entity.ProcessDefinitionInfoEntity.selectProcessDefinitionInfoByProcessDefinitionId  - ==&gt;  Preparing: select * from ACT_PROCDEF_INFO where PROC_DEF_ID_ = ? 
10:44:57,275 [main] DEBUG org.activiti.engine.impl.persistence.entity.ProcessDefinitionInfoEntity.selectProcessDefinitionInfoByProcessDefinitionId  - ==&gt; Parameters: timerOnTask:1:1731(String)
10:44:57,275 [main] DEBUG org.activiti.engine.impl.persistence.entity.ProcessDefinitionInfoEntity.selectProcessDefinitionInfoByProcessDefinitionId  - &lt;==      Total: 0
10:44:57,275 [main] DEBUG org.activiti.engine.impl.interceptor.LogInterceptor  - ---  finished --------------------------------------------------------
10:44:57,275 [main] DEBUG org.activiti.engine.impl.interceptor.LogInterceptor  - 

10:44:57,275 [main] DEBUG org.activiti.engine.impl.history.DefaultHistoryManager  - Current history level: FULL, level required: AUDIT
10:44:57,275 [main] DEBUG org.activiti.engine.impl.history.DefaultHistoryManager  - Current history level: FULL, level required: AUDIT
10:44:57,275 [main] DEBUG org.activiti.engine.impl.history.DefaultHistoryManager  - Current history level: FULL, level required: ACTIVITY
10:44:57,275 [main] DEBUG org.activiti.engine.impl.db.DbSqlSession  -   insert ProcessInstance[1738]
10:44:57,275 [main] DEBUG org.activiti.engine.impl.db.DbSqlSession  -   insert ScopeExecution[1740]
10:44:57,275 [main] DEBUG org.activiti.engine.impl.db.DbSqlSession  -   insert HistoricProcessInstanceEntity[superProcessInstanceId=null]
10:44:57,275 [main] DEBUG org.activiti.engine.impl.db.DbSqlSession  -   insert Task[id=1743, name=First line support]
10:44:57,275 [main] DEBUG org.activiti.engine.impl.db.DbSqlSession  -   insert HistoricTaskInstanceEntity[id=1743, name=First line support]
10:44:57,275 [main] DEBUG org.activiti.engine.impl.db.DbSqlSession  -   insert HistoricActivityInstanceEntity[activityId=theStart, activityName=null]
10:44:57,275 [main] DEBUG org.activiti.engine.impl.db.DbSqlSession  -   insert HistoricActivityInstanceEntity[activityId=firstLineSupport, activityName=First line support]
10:44:57,275 [main] DEBUG org.activiti.engine.impl.db.DbSqlSession  -   insert JobEntity [id=1741]
10:44:57,275 [main] DEBUG org.activiti.engine.impl.db.DbSqlSession  - flush summary: 8 insert, 0 update, 0 delete.
10:44:57,275 [main] DEBUG org.activiti.engine.impl.db.DbSqlSession  - now executing flush...
10:44:57,275 [main] DEBUG org.activiti.engine.impl.db.DbSqlSession  - inserting: HistoricTaskInstanceEntity[id=1743, name=First line support]
10:44:57,275 [main] DEBUG org.activiti.engine.impl.persistence.entity.HistoricTaskInstanceEntity.insertHistoricTaskInstance  - ==&gt;  Preparing: insert into ACT_HI_TASKINST ( ID_, PROC_DEF_ID_, PROC_INST_ID_, EXECUTION_ID_, NAME_, PARENT_TASK_ID_, DESCRIPTION_, OWNER_, ASSIGNEE_, START_TIME_, CLAIM_TIME_, END_TIME_, DURATION_, DELETE_REASON_, TASK_DEF_KEY_, FORM_KEY_, PRIORITY_, DUE_DATE_, CATEGORY_, TENANT_ID_ ) values ( ?, ?, ?, ?, ?, ?, ?, ?, ?, ?, ?, ?, ?, ?, ?, ?, ?, ?, ?, ? ) 
10:44:57,275 [main] DEBUG org.activiti.engine.impl.persistence.entity.HistoricTaskInstanceEntity.insertHistoricTaskInstance  - ==&gt; Parameters: 1743(String), timerOnTask:1:1731(String), 1738(String), 1740(String), First line support(String), null, null, null, null, 2023-03-20 11:44:57.0(Timestamp), null, null, null, null, firstLineSupport(String), null, 50(Integer), null, null, (String)
10:44:57,275 [main] DEBUG org.activiti.engine.impl.persistence.entity.HistoricTaskInstanceEntity.insertHistoricTaskInstance  - &lt;==    Updates: 1
10:44:57,275 [main] DEBUG org.activiti.engine.impl.db.DbSqlSession  - inserting: HistoricProcessInstanceEntity[superProcessInstanceId=null]
10:44:57,275 [main] DEBUG org.activiti.engine.impl.persistence.entity.HistoricProcessInstanceEntity.insertHistoricProcessInstance  - ==&gt;  Preparing: insert into ACT_HI_PROCINST ( ID_, PROC_INST_ID_, BUSINESS_KEY_, PROC_DEF_ID_, START_TIME_, END_TIME_, DURATION_, START_USER_ID_, START_ACT_ID_, END_ACT_ID_, SUPER_PROCESS_INSTANCE_ID_, DELETE_REASON_, TENANT_ID_, NAME_ ) values ( ?, ?, ?, ?, ?, ?, ?, ?, ?, ?, ?, ?, ?, ? ) 
10:44:57,275 [main] DEBUG org.activiti.engine.impl.persistence.entity.HistoricProcessInstanceEntity.insertHistoricProcessInstance  - ==&gt; Parameters: 1738(String), 1738(String), null, timerOnTask:1:1731(String), 2023-03-20 11:44:57.0(Timestamp), null, null, null, theStart(String), null, null, null, (String), null
10:44:57,275 [main] DEBUG org.activiti.engine.impl.persistence.entity.HistoricProcessInstanceEntity.insertHistoricProcessInstance  - &lt;==    Updates: 1
10:44:57,275 [main] DEBUG org.activiti.engine.impl.persistence.entity.HistoricActivityInstanceEntity.bulkInsertHistoricActivityInstance  - ==&gt;  Preparing: insert into ACT_HI_ACTINST ( ID_, PROC_DEF_ID_, PROC_INST_ID_, EXECUTION_ID_, ACT_ID_, TASK_ID_, CALL_PROC_INST_ID_, ACT_NAME_, ACT_TYPE_, ASSIGNEE_, START_TIME_, END_TIME_, DURATION_, TENANT_ID_ ) values (?, ?, ?, ?, ?, ?, ?, ?, ?, ?, ?, ?, ?, ?) , (?, ?, ?, ?, ?, ?, ?, ?, ?, ?, ?, ?, ?, ?) 
10:44:57,275 [main] DEBUG org.activiti.engine.impl.persistence.entity.HistoricActivityInstanceEntity.bulkInsertHistoricActivityInstance  - ==&gt; Parameters: 1739(String), timerOnTask:1:1731(String), 1738(String), 1738(String), theStart(String), null, null, null, startEvent(String), null, 2023-03-20 11:44:57.0(Timestamp), 2023-03-20 11:44:57.0(Timestamp), 0(Long), (String), 1742(String), timerOnTask:1:1731(String), 1738(String), 1740(String), firstLineSupport(String), 1743(String), null, First line support(String), userTask(String), null, 2023-03-20 11:44:57.0(Timestamp), null, null, (String)
10:44:57,275 [main] DEBUG org.activiti.engine.impl.persistence.entity.HistoricActivityInstanceEntity.bulkInsertHistoricActivityInstance  - &lt;==    Updates: 2
10:44:57,276 [main] DEBUG org.activiti.engine.impl.persistence.entity.ExecutionEntity.bulkInsertExecution  - ==&gt;  Preparing: insert into ACT_RU_EXECUTION (ID_, REV_, PROC_INST_ID_, BUSINESS_KEY_, PROC_DEF_ID_, ACT_ID_, IS_ACTIVE_, IS_CONCURRENT_, IS_SCOPE_,IS_EVENT_SCOPE_, PARENT_ID_, SUPER_EXEC_, SUSPENSION_STATE_, CACHED_ENT_STATE_, TENANT_ID_, NAME_) values (?, 1, ?, ?, ?, ?, ?, ?, ?, ?, ?, ?, ?, ?, ?, ?) , (?, 1, ?, ?, ?, ?, ?, ?, ?, ?, ?, ?, ?, ?, ?, ?) 
10:44:57,276 [main] DEBUG org.activiti.engine.impl.persistence.entity.ExecutionEntity.bulkInsertExecution  - ==&gt; Parameters: 1738(String), 1738(String), null, timerOnTask:1:1731(String), null, false(Boolean), false(Boolean), true(Boolean), false(Boolean), null, null, 1(Integer), 2(Integer), (String), null, 1740(String), 1738(String), null, timerOnTask:1:1731(String), firstLineSupport(String), true(Boolean), false(Boolean), true(Boolean), false(Boolean), 1738(String), null, 1(Integer), 6(Integer), (String), null
10:44:57,276 [main] DEBUG org.activiti.engine.impl.persistence.entity.ExecutionEntity.bulkInsertExecution  - &lt;==    Updates: 2
10:44:57,276 [main] DEBUG org.activiti.engine.impl.db.DbSqlSession  - inserting: Task[id=1743, name=First line support]
10:44:57,276 [main] DEBUG org.activiti.engine.impl.persistence.entity.TaskEntity.insertTask  - ==&gt;  Preparing: insert into ACT_RU_TASK (ID_, REV_, NAME_, PARENT_TASK_ID_, DESCRIPTION_, PRIORITY_, CREATE_TIME_, OWNER_, ASSIGNEE_, DELEGATION_, EXECUTION_ID_, PROC_INST_ID_, PROC_DEF_ID_, TASK_DEF_KEY_, DUE_DATE_, CATEGORY_, SUSPENSION_STATE_, TENANT_ID_, FORM_KEY_) values (?, 1, ?, ?, ?, ?, ?, ?, ?, ?, ?, ?, ?, ?, ?, ?, ?, ?, ? ) 
10:44:57,276 [main] DEBUG org.activiti.engine.impl.persistence.entity.TaskEntity.insertTask  - ==&gt; Parameters: 1743(String), First line support(String), null, null, 50(Integer), 2023-03-20 11:44:57.0(Timestamp), null, null, null, 1740(String), 1738(String), timerOnTask:1:1731(String), firstLineSupport(String), null, null, 1(Integer), (String), null
10:44:57,276 [main] DEBUG org.activiti.engine.impl.persistence.entity.TaskEntity.insertTask  - &lt;==    Updates: 1
10:44:57,276 [main] DEBUG org.activiti.engine.impl.db.DbSqlSession  - inserting: JobEntity [id=1741]
10:44:57,276 [main] DEBUG org.activiti.engine.impl.persistence.entity.JobEntity.insertTimer  - ==&gt;  Preparing: insert into ACT_RU_JOB ( ID_, REV_, TYPE_, LOCK_OWNER_, LOCK_EXP_TIME_, EXCLUSIVE_, EXECUTION_ID_, PROCESS_INSTANCE_ID_, PROC_DEF_ID_, RETRIES_, EXCEPTION_STACK_ID_, EXCEPTION_MSG_, DUEDATE_, REPEAT_, HANDLER_TYPE_, HANDLER_CFG_, TENANT_ID_) values (?, 1, &apos;timer&apos;, ?, ?, ?, ?, ?, ?, ?, ?, ?, ?, ?, ?, ?, ? ) 
10:44:57,276 [main] DEBUG org.activiti.engine.impl.persistence.entity.JobEntity.insertTimer  - ==&gt; Parameters: 1741(String), null, null, true(Boolean), 1740(String), 1738(String), timerOnTask:1:1731(String), 3(Integer), null, null, 2023-03-20 12:44:57.0(Timestamp), null, timer-transition(String), {&quot;activityId&quot;:&quot;escalationTimer&quot;}(String), (String)
10:44:57,276 [main] DEBUG org.activiti.engine.impl.persistence.entity.JobEntity.insertTimer  - &lt;==    Updates: 1
10:44:57,276 [main] DEBUG org.activiti.engine.impl.cfg.standalone.StandaloneMybatisTransactionContext  - firing event committing...
10:44:57,276 [main] DEBUG org.activiti.engine.impl.cfg.standalone.StandaloneMybatisTransactionContext  - committing the ibatis sql session...
10:44:57,276 [main] DEBUG org.apache.ibatis.transaction.jdbc.JdbcTransaction  - Committing JDBC Connection [conn2: url=jdbc:h2:mem:activiti user=SA]
10:44:57,276 [main] DEBUG org.activiti.engine.impl.cfg.standalone.StandaloneMybatisTransactionContext  - firing event committed...
10:44:57,276 [main] DEBUG org.apache.ibatis.transaction.jdbc.JdbcTransaction  - Resetting autocommit to true on JDBC Connection [conn2: url=jdbc:h2:mem:activiti user=SA]
10:44:57,276 [main] DEBUG org.apache.ibatis.transaction.jdbc.JdbcTransaction  - Closing JDBC Connection [conn2: url=jdbc:h2:mem:activiti user=SA]
10:44:57,276 [main] DEBUG org.apache.ibatis.datasource.pooled.PooledDataSource  - Returned connection 363509958 to pool.
10:44:57,276 [main] DEBUG org.activiti.engine.impl.interceptor.LogInterceptor  - --- StartProcessInstanceCmd finished --------------------------------------------------------
10:44:57,276 [main] DEBUG org.activiti.engine.impl.interceptor.LogInterceptor  - 

10:44:57,276 [main] DEBUG org.activiti.engine.impl.interceptor.LogInterceptor  - 

10:44:57,276 [main] DEBUG org.activiti.engine.impl.interceptor.LogInterceptor  - --- starting StartProcessInstanceCmd --------------------------------------------------------
10:44:57,276 [main] DEBUG org.apache.ibatis.transaction.jdbc.JdbcTransaction  - Opening JDBC Connection
10:44:57,276 [main] DEBUG org.apache.ibatis.datasource.pooled.PooledDataSource  - Checked out connection 180014677 from pool.
10:44:57,276 [main] DEBUG org.apache.ibatis.transaction.jdbc.JdbcTransaction  - Setting autocommit to false on JDBC Connection [conn3: url=jdbc:h2:mem:activiti user=SA]
10:44:57,276 [main] DEBUG org.activiti.engine.impl.persistence.entity.ProcessDefinitionEntity.selectLatestProcessDefinitionByKey  - ==&gt;  Preparing: select * from ACT_RE_PROCDEF where KEY_ = ? and (TENANT_ID_ = &apos;&apos; or TENANT_ID_ is null) and VERSION_ = (select max(VERSION_) from ACT_RE_PROCDEF where KEY_ = ? and (TENANT_ID_ = &apos;&apos; or TENANT_ID_ is null)) 
10:44:57,276 [main] DEBUG org.activiti.engine.impl.persistence.entity.ProcessDefinitionEntity.selectLatestProcessDefinitionByKey  - ==&gt; Parameters: timerOnTask(String), timerOnTask(String)
10:44:57,276 [main] DEBUG org.activiti.engine.impl.persistence.entity.ProcessDefinitionEntity.selectLatestProcessDefinitionByKey  - &lt;==      Total: 1
10:44:57,276 [main] DEBUG org.activiti.engine.impl.persistence.entity.ExecutionEntity  - initializing ProcessInstance[1744]
10:44:57,276 [main] DEBUG org.activiti.engine.impl.history.DefaultHistoryManager  - Current history level: FULL, level required: ACTIVITY
10:44:57,276 [main] DEBUG org.activiti.engine.impl.pvm.runtime.AtomicOperationActivityExecute  - ProcessInstance[1744] executes Activity(theStart): org.activiti.engine.impl.bpmn.behavior.NoneStartEventActivityBehavior
10:44:57,276 [main] DEBUG org.activiti.engine.impl.persistence.entity.JobEntity.selectJobsByExecutionId  - ==&gt;  Preparing: select * from ACT_RU_JOB J where J.EXECUTION_ID_ = ? 
10:44:57,276 [main] DEBUG org.activiti.engine.impl.persistence.entity.JobEntity.selectJobsByExecutionId  - ==&gt; Parameters: 1744(String)
10:44:57,276 [main] DEBUG org.activiti.engine.impl.persistence.entity.JobEntity.selectJobsByExecutionId  - &lt;==      Total: 0
10:44:57,276 [main] DEBUG org.activiti.engine.impl.bpmn.behavior.BpmnActivityBehavior  - Leaving activity &apos;theStart&apos;
10:44:57,276 [main] DEBUG org.activiti.engine.impl.history.DefaultHistoryManager  - Current history level: FULL, level required: ACTIVITY
10:44:57,276 [main] DEBUG org.activiti.engine.impl.pvm.runtime.AtomicOperationTransitionNotifyListenerTake  - ProcessInstance[1744] takes transition (theStart)--flow1--&gt;(firstLineSupport)
10:44:57,276 [main] DEBUG org.activiti.engine.impl.persistence.entity.ExecutionEntity  - Child execution ScopeExecution[1746] created with parent 
10:44:57,276 [main] DEBUG org.activiti.engine.impl.pvm.runtime.AtomicOperationTransitionCreateScope  - create scope: parent ProcessInstance[1744] continues as execution ScopeExecution[1746]
10:44:57,276 [main] DEBUG org.activiti.engine.impl.persistence.entity.ExecutionEntity  - initializing ScopeExecution[1746]
10:44:57,277 [main] DEBUG org.activiti.engine.impl.persistence.entity.JobEntity.selectJobsByExecutionId  - ==&gt;  Preparing: select * from ACT_RU_JOB J where J.EXECUTION_ID_ = ? 
10:44:57,277 [main] DEBUG org.activiti.engine.impl.persistence.entity.JobEntity.selectJobsByExecutionId  - ==&gt; Parameters: 1746(String)
10:44:57,277 [main] DEBUG org.activiti.engine.impl.persistence.entity.JobEntity.selectJobsByExecutionId  - &lt;==      Total: 0
10:44:57,277 [main] DEBUG org.activiti.engine.impl.history.DefaultHistoryManager  - Current history level: FULL, level required: ACTIVITY
10:44:57,277 [main] DEBUG org.activiti.engine.impl.pvm.runtime.AtomicOperationActivityExecute  - ScopeExecution[1746] executes Activity(firstLineSupport): org.activiti.engine.impl.bpmn.behavior.UserTaskActivityBehavior
10:44:57,277 [main] DEBUG org.activiti.engine.impl.persistence.entity.TaskEntity.selectTasksByExecutionId  - ==&gt;  Preparing: select distinct T.* from ACT_RU_TASK T where T.EXECUTION_ID_ = ? 
10:44:57,277 [main] DEBUG org.activiti.engine.impl.persistence.entity.TaskEntity.selectTasksByExecutionId  - ==&gt; Parameters: 1746(String)
10:44:57,277 [main] DEBUG org.activiti.engine.impl.persistence.entity.TaskEntity.selectTasksByExecutionId  - &lt;==      Total: 0
10:44:57,277 [main] DEBUG org.activiti.engine.impl.history.DefaultHistoryManager  - Current history level: FULL, level required: AUDIT
10:44:57,277 [main] DEBUG org.activiti.engine.impl.history.DefaultHistoryManager  - Current history level: FULL, level required: AUDIT
10:44:57,277 [main] DEBUG org.activiti.engine.impl.interceptor.LogInterceptor  - 

10:44:57,277 [main] DEBUG org.activiti.engine.impl.interceptor.LogInterceptor  - --- starting  --------------------------------------------------------
10:44:57,277 [main] DEBUG org.activiti.engine.impl.interceptor.CommandContextInterceptor  - Valid context found. Reusing it for the current command &apos;null&apos;
10:44:57,277 [main] DEBUG org.activiti.engine.impl.persistence.entity.ProcessDefinitionInfoEntity.selectProcessDefinitionInfoByProcessDefinitionId  - ==&gt;  Preparing: select * from ACT_PROCDEF_INFO where PROC_DEF_ID_ = ? 
10:44:57,277 [main] DEBUG org.activiti.engine.impl.persistence.entity.ProcessDefinitionInfoEntity.selectProcessDefinitionInfoByProcessDefinitionId  - ==&gt; Parameters: timerOnTask:1:1731(String)
10:44:57,277 [main] DEBUG org.activiti.engine.impl.persistence.entity.ProcessDefinitionInfoEntity.selectProcessDefinitionInfoByProcessDefinitionId  - &lt;==      Total: 0
10:44:57,277 [main] DEBUG org.activiti.engine.impl.interceptor.LogInterceptor  - ---  finished --------------------------------------------------------
10:44:57,277 [main] DEBUG org.activiti.engine.impl.interceptor.LogInterceptor  - 

10:44:57,277 [main] DEBUG org.activiti.engine.impl.history.DefaultHistoryManager  - Current history level: FULL, level required: AUDIT
10:44:57,277 [main] DEBUG org.activiti.engine.impl.history.DefaultHistoryManager  - Current history level: FULL, level required: AUDIT
10:44:57,277 [main] DEBUG org.activiti.engine.impl.history.DefaultHistoryManager  - Current history level: FULL, level required: ACTIVITY
10:44:57,277 [main] DEBUG org.activiti.engine.impl.db.DbSqlSession  -   insert ProcessInstance[1744]
10:44:57,277 [main] DEBUG org.activiti.engine.impl.db.DbSqlSession  -   insert ScopeExecution[1746]
10:44:57,277 [main] DEBUG org.activiti.engine.impl.db.DbSqlSession  -   insert HistoricProcessInstanceEntity[superProcessInstanceId=null]
10:44:57,277 [main] DEBUG org.activiti.engine.impl.db.DbSqlSession  -   insert Task[id=1749, name=First line support]
10:44:57,277 [main] DEBUG org.activiti.engine.impl.db.DbSqlSession  -   insert HistoricTaskInstanceEntity[id=1749, name=First line support]
10:44:57,277 [main] DEBUG org.activiti.engine.impl.db.DbSqlSession  -   insert HistoricActivityInstanceEntity[activityId=theStart, activityName=null]
10:44:57,277 [main] DEBUG org.activiti.engine.impl.db.DbSqlSession  -   insert HistoricActivityInstanceEntity[activityId=firstLineSupport, activityName=First line support]
10:44:57,277 [main] DEBUG org.activiti.engine.impl.db.DbSqlSession  -   insert JobEntity [id=1747]
10:44:57,277 [main] DEBUG org.activiti.engine.impl.db.DbSqlSession  - flush summary: 8 insert, 0 update, 0 delete.
10:44:57,277 [main] DEBUG org.activiti.engine.impl.db.DbSqlSession  - now executing flush...
10:44:57,277 [main] DEBUG org.activiti.engine.impl.db.DbSqlSession  - inserting: HistoricTaskInstanceEntity[id=1749, name=First line support]
10:44:57,277 [main] DEBUG org.activiti.engine.impl.persistence.entity.HistoricTaskInstanceEntity.insertHistoricTaskInstance  - ==&gt;  Preparing: insert into ACT_HI_TASKINST ( ID_, PROC_DEF_ID_, PROC_INST_ID_, EXECUTION_ID_, NAME_, PARENT_TASK_ID_, DESCRIPTION_, OWNER_, ASSIGNEE_, START_TIME_, CLAIM_TIME_, END_TIME_, DURATION_, DELETE_REASON_, TASK_DEF_KEY_, FORM_KEY_, PRIORITY_, DUE_DATE_, CATEGORY_, TENANT_ID_ ) values ( ?, ?, ?, ?, ?, ?, ?, ?, ?, ?, ?, ?, ?, ?, ?, ?, ?, ?, ?, ? ) 
10:44:57,277 [main] DEBUG org.activiti.engine.impl.persistence.entity.HistoricTaskInstanceEntity.insertHistoricTaskInstance  - ==&gt; Parameters: 1749(String), timerOnTask:1:1731(String), 1744(String), 1746(String), First line support(String), null, null, null, null, 2023-03-20 12:44:57.0(Timestamp), null, null, null, null, firstLineSupport(String), null, 50(Integer), null, null, (String)
10:44:57,277 [main] DEBUG org.activiti.engine.impl.persistence.entity.HistoricTaskInstanceEntity.insertHistoricTaskInstance  - &lt;==    Updates: 1
10:44:57,277 [main] DEBUG org.activiti.engine.impl.db.DbSqlSession  - inserting: HistoricProcessInstanceEntity[superProcessInstanceId=null]
10:44:57,277 [main] DEBUG org.activiti.engine.impl.persistence.entity.HistoricProcessInstanceEntity.insertHistoricProcessInstance  - ==&gt;  Preparing: insert into ACT_HI_PROCINST ( ID_, PROC_INST_ID_, BUSINESS_KEY_, PROC_DEF_ID_, START_TIME_, END_TIME_, DURATION_, START_USER_ID_, START_ACT_ID_, END_ACT_ID_, SUPER_PROCESS_INSTANCE_ID_, DELETE_REASON_, TENANT_ID_, NAME_ ) values ( ?, ?, ?, ?, ?, ?, ?, ?, ?, ?, ?, ?, ?, ? ) 
10:44:57,277 [main] DEBUG org.activiti.engine.impl.persistence.entity.HistoricProcessInstanceEntity.insertHistoricProcessInstance  - ==&gt; Parameters: 1744(String), 1744(String), null, timerOnTask:1:1731(String), 2023-03-20 12:44:57.0(Timestamp), null, null, null, theStart(String), null, null, null, (String), null
10:44:57,277 [main] DEBUG org.activiti.engine.impl.persistence.entity.HistoricProcessInstanceEntity.insertHistoricProcessInstance  - &lt;==    Updates: 1
10:44:57,278 [main] DEBUG org.activiti.engine.impl.persistence.entity.HistoricActivityInstanceEntity.bulkInsertHistoricActivityInstance  - ==&gt;  Preparing: insert into ACT_HI_ACTINST ( ID_, PROC_DEF_ID_, PROC_INST_ID_, EXECUTION_ID_, ACT_ID_, TASK_ID_, CALL_PROC_INST_ID_, ACT_NAME_, ACT_TYPE_, ASSIGNEE_, START_TIME_, END_TIME_, DURATION_, TENANT_ID_ ) values (?, ?, ?, ?, ?, ?, ?, ?, ?, ?, ?, ?, ?, ?) , (?, ?, ?, ?, ?, ?, ?, ?, ?, ?, ?, ?, ?, ?) 
10:44:57,278 [main] DEBUG org.activiti.engine.impl.persistence.entity.HistoricActivityInstanceEntity.bulkInsertHistoricActivityInstance  - ==&gt; Parameters: 1745(String), timerOnTask:1:1731(String), 1744(String), 1744(String), theStart(String), null, null, null, startEvent(String), null, 2023-03-20 12:44:57.0(Timestamp), 2023-03-20 12:44:57.0(Timestamp), 0(Long), (String), 1748(String), timerOnTask:1:1731(String), 1744(String), 1746(String), firstLineSupport(String), 1749(String), null, First line support(String), userTask(String), null, 2023-03-20 12:44:57.0(Timestamp), null, null, (String)
10:44:57,278 [main] DEBUG org.activiti.engine.impl.persistence.entity.HistoricActivityInstanceEntity.bulkInsertHistoricActivityInstance  - &lt;==    Updates: 2
10:44:57,278 [main] DEBUG org.activiti.engine.impl.persistence.entity.ExecutionEntity.bulkInsertExecution  - ==&gt;  Preparing: insert into ACT_RU_EXECUTION (ID_, REV_, PROC_INST_ID_, BUSINESS_KEY_, PROC_DEF_ID_, ACT_ID_, IS_ACTIVE_, IS_CONCURRENT_, IS_SCOPE_,IS_EVENT_SCOPE_, PARENT_ID_, SUPER_EXEC_, SUSPENSION_STATE_, CACHED_ENT_STATE_, TENANT_ID_, NAME_) values (?, 1, ?, ?, ?, ?, ?, ?, ?, ?, ?, ?, ?, ?, ?, ?) , (?, 1, ?, ?, ?, ?, ?, ?, ?, ?, ?, ?, ?, ?, ?, ?) 
10:44:57,278 [main] DEBUG org.activiti.engine.impl.persistence.entity.ExecutionEntity.bulkInsertExecution  - ==&gt; Parameters: 1744(String), 1744(String), null, timerOnTask:1:1731(String), null, false(Boolean), false(Boolean), true(Boolean), false(Boolean), null, null, 1(Integer), 2(Integer), (String), null, 1746(String), 1744(String), null, timerOnTask:1:1731(String), firstLineSupport(String), true(Boolean), false(Boolean), true(Boolean), false(Boolean), 1744(String), null, 1(Integer), 6(Integer), (String), null
10:44:57,278 [main] DEBUG org.activiti.engine.impl.persistence.entity.ExecutionEntity.bulkInsertExecution  - &lt;==    Updates: 2
10:44:57,278 [main] DEBUG org.activiti.engine.impl.db.DbSqlSession  - inserting: Task[id=1749, name=First line support]
10:44:57,278 [main] DEBUG org.activiti.engine.impl.persistence.entity.TaskEntity.insertTask  - ==&gt;  Preparing: insert into ACT_RU_TASK (ID_, REV_, NAME_, PARENT_TASK_ID_, DESCRIPTION_, PRIORITY_, CREATE_TIME_, OWNER_, ASSIGNEE_, DELEGATION_, EXECUTION_ID_, PROC_INST_ID_, PROC_DEF_ID_, TASK_DEF_KEY_, DUE_DATE_, CATEGORY_, SUSPENSION_STATE_, TENANT_ID_, FORM_KEY_) values (?, 1, ?, ?, ?, ?, ?, ?, ?, ?, ?, ?, ?, ?, ?, ?, ?, ?, ? ) 
10:44:57,278 [main] DEBUG org.activiti.engine.impl.persistence.entity.TaskEntity.insertTask  - ==&gt; Parameters: 1749(String), First line support(String), null, null, 50(Integer), 2023-03-20 12:44:57.0(Timestamp), null, null, null, 1746(String), 1744(String), timerOnTask:1:1731(String), firstLineSupport(String), null, null, 1(Integer), (String), null
10:44:57,278 [main] DEBUG org.activiti.engine.impl.persistence.entity.TaskEntity.insertTask  - &lt;==    Updates: 1
10:44:57,278 [main] DEBUG org.activiti.engine.impl.db.DbSqlSession  - inserting: JobEntity [id=1747]
10:44:57,278 [main] DEBUG org.activiti.engine.impl.persistence.entity.JobEntity.insertTimer  - ==&gt;  Preparing: insert into ACT_RU_JOB ( ID_, REV_, TYPE_, LOCK_OWNER_, LOCK_EXP_TIME_, EXCLUSIVE_, EXECUTION_ID_, PROCESS_INSTANCE_ID_, PROC_DEF_ID_, RETRIES_, EXCEPTION_STACK_ID_, EXCEPTION_MSG_, DUEDATE_, REPEAT_, HANDLER_TYPE_, HANDLER_CFG_, TENANT_ID_) values (?, 1, &apos;timer&apos;, ?, ?, ?, ?, ?, ?, ?, ?, ?, ?, ?, ?, ?, ? ) 
10:44:57,278 [main] DEBUG org.activiti.engine.impl.persistence.entity.JobEntity.insertTimer  - ==&gt; Parameters: 1747(String), null, null, true(Boolean), 1746(String), 1744(String), timerOnTask:1:1731(String), 3(Integer), null, null, 2023-03-20 13:44:57.0(Timestamp), null, timer-transition(String), {&quot;activityId&quot;:&quot;escalationTimer&quot;}(String), (String)
10:44:57,278 [main] DEBUG org.activiti.engine.impl.persistence.entity.JobEntity.insertTimer  - &lt;==    Updates: 1
10:44:57,278 [main] DEBUG org.activiti.engine.impl.cfg.standalone.StandaloneMybatisTransactionContext  - firing event committing...
10:44:57,278 [main] DEBUG org.activiti.engine.impl.cfg.standalone.StandaloneMybatisTransactionContext  - committing the ibatis sql session...
10:44:57,278 [main] DEBUG org.apache.ibatis.transaction.jdbc.JdbcTransaction  - Committing JDBC Connection [conn3: url=jdbc:h2:mem:activiti user=SA]
10:44:57,278 [main] DEBUG org.activiti.engine.impl.cfg.standalone.StandaloneMybatisTransactionContext  - firing event committed...
10:44:57,278 [main] DEBUG org.apache.ibatis.transaction.jdbc.JdbcTransaction  - Resetting autocommit to true on JDBC Connection [conn3: url=jdbc:h2:mem:activiti user=SA]
10:44:57,278 [main] DEBUG org.apache.ibatis.transaction.jdbc.JdbcTransaction  - Closing JDBC Connection [conn3: url=jdbc:h2:mem:activiti user=SA]
10:44:57,278 [main] DEBUG org.apache.ibatis.datasource.pooled.PooledDataSource  - Returned connection 180014677 to pool.
10:44:57,278 [main] DEBUG org.activiti.engine.impl.interceptor.LogInterceptor  - --- StartProcessInstanceCmd finished --------------------------------------------------------
10:44:57,278 [main] DEBUG org.activiti.engine.impl.interceptor.LogInterceptor  - 

10:44:57,278 [main] DEBUG org.activiti.engine.impl.interceptor.LogInterceptor  - 

10:44:57,278 [main] DEBUG org.activiti.engine.impl.interceptor.LogInterceptor  - --- starting  --------------------------------------------------------
10:44:57,278 [main] DEBUG org.activiti.engine.impl.db.DbSqlSession  -   insert JobEntity [id=1750]
10:44:57,278 [main] DEBUG org.activiti.engine.impl.db.DbSqlSession  - flush summary: 1 insert, 0 update, 0 delete.
10:44:57,278 [main] DEBUG org.activiti.engine.impl.db.DbSqlSession  - now executing flush...
10:44:57,278 [main] DEBUG org.activiti.engine.impl.db.DbSqlSession  - inserting: JobEntity [id=1750]
10:44:57,278 [main] DEBUG org.apache.ibatis.transaction.jdbc.JdbcTransaction  - Opening JDBC Connection
10:44:57,278 [main] DEBUG org.apache.ibatis.datasource.pooled.PooledDataSource  - Checked out connection 297240765 from pool.
10:44:57,278 [main] DEBUG org.apache.ibatis.transaction.jdbc.JdbcTransaction  - Setting autocommit to false on JDBC Connection [conn4: url=jdbc:h2:mem:activiti user=SA]
10:44:57,278 [main] DEBUG org.activiti.engine.impl.persistence.entity.JobEntity.insertMessage  - ==&gt;  Preparing: insert into ACT_RU_JOB ( ID_, REV_, TYPE_, LOCK_OWNER_, LOCK_EXP_TIME_, EXCLUSIVE_, EXECUTION_ID_, PROCESS_INSTANCE_ID_, PROC_DEF_ID_, DUEDATE_, RETRIES_, EXCEPTION_STACK_ID_, EXCEPTION_MSG_, HANDLER_TYPE_, HANDLER_CFG_, TENANT_ID_) values (?, 1, &apos;message&apos;, ?, ?, ?, ?, ?, ?, ?, ?, ?, ?, ?, ?, ? ) 
10:44:57,278 [main] DEBUG org.activiti.engine.impl.persistence.entity.JobEntity.insertMessage  - ==&gt; Parameters: 1750(String), null, null, true(Boolean), null, null, null, 2023-03-20 12:49:57.0(Timestamp), 3(Integer), null, null, null, null, (String)
10:44:57,278 [main] DEBUG org.activiti.engine.impl.persistence.entity.JobEntity.insertMessage  - &lt;==    Updates: 1
10:44:57,278 [main] DEBUG org.activiti.engine.impl.cfg.standalone.StandaloneMybatisTransactionContext  - firing event committing...
10:44:57,278 [main] DEBUG org.activiti.engine.impl.cfg.standalone.StandaloneMybatisTransactionContext  - committing the ibatis sql session...
10:44:57,278 [main] DEBUG org.apache.ibatis.transaction.jdbc.JdbcTransaction  - Committing JDBC Connection [conn4: url=jdbc:h2:mem:activiti user=SA]
10:44:57,278 [main] DEBUG org.activiti.engine.impl.cfg.standalone.StandaloneMybatisTransactionContext  - firing event committed...
10:44:57,278 [main] DEBUG org.activiti.engine.impl.jobexecutor.AsyncJobAddedNotification  - notifying job executor of new job
10:44:57,278 [main] DEBUG org.apache.ibatis.transaction.jdbc.JdbcTransaction  - Resetting autocommit to true on JDBC Connection [conn4: url=jdbc:h2:mem:activiti user=SA]
10:44:57,278 [main] DEBUG org.apache.ibatis.transaction.jdbc.JdbcTransaction  - Closing JDBC Connection [conn4: url=jdbc:h2:mem:activiti user=SA]
10:44:57,278 [main] DEBUG org.apache.ibatis.datasource.pooled.PooledDataSource  - Returned connection 297240765 to pool.
10:44:57,278 [main] DEBUG org.activiti.engine.impl.interceptor.LogInterceptor  - ---  finished --------------------------------------------------------
10:44:57,278 [main] DEBUG org.activiti.engine.impl.interceptor.LogInterceptor  - 

10:44:57,278 [main] DEBUG org.activiti.engine.impl.test.PvmTestCase  - 

10:44:57,278 [main] DEBUG org.activiti.engine.impl.test.PvmTestCase  - #### START JobQueryTest.testQueryByExceptionMessage ###########################################################
10:44:57,278 [main] DEBUG org.activiti.engine.impl.interceptor.LogInterceptor  - 

10:44:57,278 [main] DEBUG org.activiti.engine.impl.interceptor.LogInterceptor  - --- starting JobQueryImpl --------------------------------------------------------
10:44:57,279 [main] DEBUG org.apache.ibatis.transaction.jdbc.JdbcTransaction  - Opening JDBC Connection
10:44:57,279 [main] DEBUG org.apache.ibatis.datasource.pooled.PooledDataSource  - Checked out connection 363509958 from pool.
10:44:57,279 [main] DEBUG org.apache.ibatis.transaction.jdbc.JdbcTransaction  - Setting autocommit to false on JDBC Connection [conn2: url=jdbc:h2:mem:activiti user=SA]
10:44:57,279 [main] DEBUG org.activiti.engine.impl.persistence.entity.JobEntity.selectJobByQueryCriteria  - ==&gt;  Preparing: select RES.* from ACT_RU_JOB RES WHERE RES.EXCEPTION_MSG_ = ? order by order by RES.ID_ asc LIMIT ? OFFSET ? 
10:44:57,279 [main] DEBUG org.activiti.engine.impl.interceptor.CommandContext  - Error while closing command context
org.apache.ibatis.exceptions.PersistenceException: 
### Error querying database.  Cause: org.h2.jdbc.JdbcSQLException: Syntax error in SQL statement &quot;SELECT RES.* 
     
    FROM ACT_RU_JOB RES
     
     WHERE  RES.EXCEPTION_MSG_ = ? 
   
     ORDER BY  ORDER[*] BY RES.ID_ ASC  
    LIMIT ? OFFSET ? &quot;; expected &quot;=, NOT, EXISTS, INTERSECTS, SELECT, FROM&quot;; SQL statement:
select RES.* 
     
    from ACT_RU_JOB RES
     
     WHERE  RES.EXCEPTION_MSG_ = ? 
   
     order by  order by RES.ID_ asc  
    LIMIT ? OFFSET ? [42001-176]
### The error may exist in org/activiti/db/mapping/entity/Job.xml
### The error may involve org.activiti.engine.impl.persistence.entity.JobEntity.selectJobByQueryCriteria
### The error occurred while executing a query
### SQL: select RES.*            from ACT_RU_JOB RES            WHERE  RES.EXCEPTION_MSG_ = ?           order by  order by RES.ID_ asc       LIMIT ? OFFSET ?
### Cause: org.h2.jdbc.JdbcSQLException: Syntax error in SQL statement &quot;SELECT RES.* 
     
    FROM ACT_RU_JOB RES
     
     WHERE  RES.EXCEPTION_MSG_ = ? 
   
     ORDER BY  ORDER[*] BY RES.ID_ ASC  
    LIMIT ? OFFSET ? &quot;; expected &quot;=, NOT, EXISTS, INTERSECTS, SELECT, FROM&quot;; SQL statement:
select RES.* 
     
    from ACT_RU_JOB RES
     
     WHERE  RES.EXCEPTION_MSG_ = ? 
   
     order by  order by RES.ID_ asc  
    LIMIT ? OFFSET ? [42001-176]
	at org.apache.ibatis.exceptions.ExceptionFactory.wrapException(ExceptionFactory.java:30)
	at org.apache.ibatis.session.defaults.DefaultSqlSession.selectList(DefaultSqlSession.java:122)
	at org.apache.ibatis.session.defaults.DefaultSqlSession.selectList(DefaultSqlSession.java:113)
	at org.activiti.engine.impl.db.DbSqlSession.selectListWithRawParameter(DbSqlSession.java:438)
	at org.activiti.engine.impl.db.DbSqlSession.selectList(DbSqlSession.java:429)
	at org.activiti.engine.impl.db.DbSqlSession.selectList(DbSqlSession.java:419)
	at org.activiti.engine.impl.persistence.entity.JobEntityManager.findJobsByQueryCriteria(JobEntityManager.java:198)
	at org.activiti.engine.impl.JobQueryImpl.executeList(JobQueryImpl.java:243)
	at org.activiti.engine.impl.AbstractQuery.execute(AbstractQuery.java:164)
	at org.activiti.engine.impl.interceptor.CommandInvoker.execute(CommandInvoker.java:24)
	at org.activiti.engine.impl.interceptor.CommandContextInterceptor.execute(CommandContextInterceptor.java:57)
	at org.activiti.engine.impl.interceptor.LogInterceptor.execute(LogInterceptor.java:37)
	at org.activiti.engine.impl.cfg.CommandExecutorImpl.execute(CommandExecutorImpl.java:40)
	at org.activiti.engine.impl.cfg.CommandExecutorImpl.execute(CommandExecutorImpl.java:35)
	at org.activiti.engine.impl.AbstractQuery.list(AbstractQuery.java:138)
	at org.activiti.engine.test.api.mgmt.JobQueryTest.verifyQueryResults(JobQueryTest.java:400)
	at org.activiti.engine.test.api.mgmt.JobQueryTest.testQueryByExceptionMessage(JobQueryTest.java:242)
	at sun.reflect.NativeMethodAccessorImpl.invoke0(Native Method)
	at sun.reflect.NativeMethodAccessorImpl.invoke(NativeMethodAccessorImpl.java:62)
	at sun.reflect.DelegatingMethodAccessorImpl.invoke(DelegatingMethodAccessorImpl.java:43)
	at java.lang.reflect.Method.invoke(Method.java:498)
	at junit.framework.TestCase.runTest(TestCase.java:176)
	at org.activiti.engine.impl.test.PvmTestCase.runTest(PvmTestCase.java:65)
	at junit.framework.TestCase.runBare(TestCase.java:141)
	at org.activiti.engine.impl.test.AbstractActivitiTestCase.runBare(AbstractActivitiTestCase.java:100)
	at junit.framework.TestResult$1.protect(TestResult.java:122)
	at junit.framework.TestResult.runProtected(TestResult.java:142)
	at junit.framework.TestResult.run(TestResult.java:125)
	at junit.framework.TestCase.run(TestCase.java:129)
	at junit.framework.TestSuite.runTest(TestSuite.java:255)
	at junit.framework.TestSuite.run(TestSuite.java:250)
	at org.junit.internal.runners.JUnit38ClassRunner.run(JUnit38ClassRunner.java:84)
	at org.apache.maven.surefire.junit4.JUnit4TestSet.execute(JUnit4TestSet.java:35)
	at org.apache.maven.surefire.junit4.JUnit4Provider.executeTestSet(JUnit4Provider.java:146)
	at org.apache.maven.surefire.junit4.JUnit4Provider.invoke(JUnit4Provider.java:97)
	at sun.reflect.NativeMethodAccessorImpl.invoke0(Native Method)
	at sun.reflect.NativeMethodAccessorImpl.invoke(NativeMethodAccessorImpl.java:62)
	at sun.reflect.DelegatingMethodAccessorImpl.invoke(DelegatingMethodAccessorImpl.java:43)
	at java.lang.reflect.Method.invoke(Method.java:498)
	at org.apache.maven.surefire.booter.ProviderFactory$ClassLoaderProxy.invoke(ProviderFactory.java:103)
	at com.sun.proxy.$Proxy0.invoke(Unknown Source)
	at org.apache.maven.surefire.booter.SurefireStarter.invokeProvider(SurefireStarter.java:145)
	at org.apache.maven.surefire.booter.SurefireStarter.runSuitesInProcess(SurefireStarter.java:87)
	at org.apache.maven.surefire.booter.ForkedBooter.main(ForkedBooter.java:69)
Caused by: org.h2.jdbc.JdbcSQLException: Syntax error in SQL statement &quot;SELECT RES.* 
     
    FROM ACT_RU_JOB RES
     
     WHERE  RES.EXCEPTION_MSG_ = ? 
   
     ORDER BY  ORDER[*] BY RES.ID_ ASC  
    LIMIT ? OFFSET ? &quot;; expected &quot;=, NOT, EXISTS, INTERSECTS, SELECT, FROM&quot;; SQL statement:
select RES.* 
     
    from ACT_RU_JOB RES
     
     WHERE  RES.EXCEPTION_MSG_ = ? 
   
     order by  order by RES.ID_ asc  
    LIMIT ? OFFSET ? [42001-176]
	at org.h2.message.DbException.getJdbcSQLException(DbException.java:344)
	at org.h2.message.DbException.getSyntaxError(DbException.java:204)
	at org.h2.command.Parser.getSyntaxError(Parser.java:524)
	at org.h2.command.Parser.readTerm(Parser.java:2688)
	at org.h2.command.Parser.readFactor(Parser.java:2244)
	at org.h2.command.Parser.readSum(Parser.java:2231)
	at org.h2.command.Parser.readConcat(Parser.java:2201)
	at org.h2.command.Parser.readCondition(Parser.java:2051)
	at org.h2.command.Parser.readAnd(Parser.java:2023)
	at org.h2.command.Parser.readExpression(Parser.java:2015)
	at org.h2.command.Parser.parseEndOfQuery(Parser.java:1726)
	at org.h2.command.Parser.parseSelectUnionExtension(Parser.java:1706)
	at org.h2.command.Parser.parseSelectUnion(Parser.java:1675)
	at org.h2.command.Parser.parseSelect(Parser.java:1662)
	at org.h2.command.Parser.parsePrepared(Parser.java:434)
	at org.h2.command.Parser.parse(Parser.java:306)
	at org.h2.command.Parser.parse(Parser.java:282)
	at org.h2.command.Parser.prepareCommand(Parser.java:243)
	at org.h2.engine.Session.prepareLocal(Session.java:442)
	at org.h2.engine.Session.prepareCommand(Session.java:384)
	at org.h2.jdbc.JdbcConnection.prepareCommand(JdbcConnection.java:1188)
	at org.h2.jdbc.JdbcPreparedStatement.&lt;init&gt;(JdbcPreparedStatement.java:73)
	at org.h2.jdbc.JdbcConnection.prepareStatement(JdbcConnection.java:276)
	at sun.reflect.GeneratedMethodAccessor6.invoke(Unknown Source)
	at sun.reflect.DelegatingMethodAccessorImpl.invoke(DelegatingMethodAccessorImpl.java:43)
	at java.lang.reflect.Method.invoke(Method.java:498)
	at org.apache.ibatis.datasource.pooled.PooledConnection.invoke(PooledConnection.java:245)
	at com.sun.proxy.$Proxy12.prepareStatement(Unknown Source)
	at sun.reflect.GeneratedMethodAccessor6.invoke(Unknown Source)
	at sun.reflect.DelegatingMethodAccessorImpl.invoke(DelegatingMethodAccessorImpl.java:43)
	at java.lang.reflect.Method.invoke(Method.java:498)
	at org.apache.ibatis.logging.jdbc.ConnectionLogger.invoke(ConnectionLogger.java:55)
	at com.sun.proxy.$Proxy12.prepareStatement(Unknown Source)
	at org.apache.ibatis.executor.statement.PreparedStatementHandler.instantiateStatement(PreparedStatementHandler.java:79)
	at org.apache.ibatis.executor.statement.BaseStatementHandler.prepare(BaseStatementHandler.java:88)
	at org.apache.ibatis.executor.statement.RoutingStatementHandler.prepare(RoutingStatementHandler.java:58)
	at org.apache.ibatis.executor.SimpleExecutor.prepareStatement(SimpleExecutor.java:76)
	at org.apache.ibatis.executor.SimpleExecutor.doQuery(SimpleExecutor.java:61)
	at org.apache.ibatis.executor.BaseExecutor.queryFromDatabase(BaseExecutor.java:303)
	at org.apache.ibatis.executor.BaseExecutor.query(BaseExecutor.java:154)
	at org.apache.ibatis.executor.CachingExecutor.query(CachingExecutor.java:102)
	at org.apache.ibatis.executor.CachingExecutor.query(CachingExecutor.java:82)
	at org.apache.ibatis.session.defaults.DefaultSqlSession.selectList(DefaultSqlSession.java:120)
	... 42 more
10:44:57,279 [main] DEBUG org.activiti.engine.impl.cfg.standalone.StandaloneMybatisTransactionContext  - firing event rolling back...
10:44:57,279 [main] DEBUG org.activiti.engine.impl.cfg.standalone.StandaloneMybatisTransactionContext  - rolling back ibatis sql session...
10:44:57,279 [main] DEBUG org.activiti.engine.impl.cfg.standalone.StandaloneMybatisTransactionContext  - firing event rolled back...
10:44:57,279 [main] DEBUG org.apache.ibatis.transaction.jdbc.JdbcTransaction  - Resetting autocommit to true on JDBC Connection [conn2: url=jdbc:h2:mem:activiti user=SA]
10:44:57,279 [main] DEBUG org.apache.ibatis.transaction.jdbc.JdbcTransaction  - Closing JDBC Connection [conn2: url=jdbc:h2:mem:activiti user=SA]
10:44:57,279 [main] DEBUG org.apache.ibatis.datasource.pooled.PooledDataSource  - Returned connection 363509958 to pool.
10:44:57,279 [main] DEBUG org.activiti.engine.impl.interceptor.LogInterceptor  - --- JobQueryImpl finished --------------------------------------------------------
10:44:57,279 [main] DEBUG org.activiti.engine.impl.interceptor.LogInterceptor  - 

10:44:57,279 [main] ERROR org.activiti.engine.impl.test.PvmTestCase  - 

10:44:57,279 [main] ERROR org.activiti.engine.impl.test.PvmTestCase  - EXCEPTION: org.apache.ibatis.exceptions.PersistenceException: 
### Error querying database.  Cause: org.h2.jdbc.JdbcSQLException: Syntax error in SQL statement &quot;SELECT RES.* 
     
    FROM ACT_RU_JOB RES
     
     WHERE  RES.EXCEPTION_MSG_ = ? 
   
     ORDER BY  ORDER[*] BY RES.ID_ ASC  
    LIMIT ? OFFSET ? &quot;; expected &quot;=, NOT, EXISTS, INTERSECTS, SELECT, FROM&quot;; SQL statement:
select RES.* 
     
    from ACT_RU_JOB RES
     
     WHERE  RES.EXCEPTION_MSG_ = ? 
   
     order by  order by RES.ID_ asc  
    LIMIT ? OFFSET ? [42001-176]
### The error may exist in org/activiti/db/mapping/entity/Job.xml
### The error may involve org.activiti.engine.impl.persistence.entity.JobEntity.selectJobByQueryCriteria
### The error occurred while executing a query
### SQL: select RES.*            from ACT_RU_JOB RES            WHERE  RES.EXCEPTION_MSG_ = ?           order by  order by RES.ID_ asc       LIMIT ? OFFSET ?
### Cause: org.h2.jdbc.JdbcSQLException: Syntax error in SQL statement &quot;SELECT RES.* 
     
    FROM ACT_RU_JOB RES
     
     WHERE  RES.EXCEPTION_MSG_ = ? 
   
     ORDER BY  ORDER[*] BY RES.ID_ ASC  
    LIMIT ? OFFSET ? &quot;; expected &quot;=, NOT, EXISTS, INTERSECTS, SELECT, FROM&quot;; SQL statement:
select RES.* 
     
    from ACT_RU_JOB RES
     
     WHERE  RES.EXCEPTION_MSG_ = ? 
   
     order by  order by RES.ID_ asc  
    LIMIT ? OFFSET ? [42001-176]
org.apache.ibatis.exceptions.PersistenceException: 
### Error querying database.  Cause: org.h2.jdbc.JdbcSQLException: Syntax error in SQL statement &quot;SELECT RES.* 
     
    FROM ACT_RU_JOB RES
     
     WHERE  RES.EXCEPTION_MSG_ = ? 
   
     ORDER BY  ORDER[*] BY RES.ID_ ASC  
    LIMIT ? OFFSET ? &quot;; expected &quot;=, NOT, EXISTS, INTERSECTS, SELECT, FROM&quot;; SQL statement:
select RES.* 
     
    from ACT_RU_JOB RES
     
     WHERE  RES.EXCEPTION_MSG_ = ? 
   
     order by  order by RES.ID_ asc  
    LIMIT ? OFFSET ? [42001-176]
### The error may exist in org/activiti/db/mapping/entity/Job.xml
### The error may involve org.activiti.engine.impl.persistence.entity.JobEntity.selectJobByQueryCriteria
### The error occurred while executing a query
### SQL: select RES.*            from ACT_RU_JOB RES            WHERE  RES.EXCEPTION_MSG_ = ?           order by  order by RES.ID_ asc       LIMIT ? OFFSET ?
### Cause: org.h2.jdbc.JdbcSQLException: Syntax error in SQL statement &quot;SELECT RES.* 
     
    FROM ACT_RU_JOB RES
     
     WHERE  RES.EXCEPTION_MSG_ = ? 
   
     ORDER BY  ORDER[*] BY RES.ID_ ASC  
    LIMIT ? OFFSET ? &quot;; expected &quot;=, NOT, EXISTS, INTERSECTS, SELECT, FROM&quot;; SQL statement:
select RES.* 
     
    from ACT_RU_JOB RES
     
     WHERE  RES.EXCEPTION_MSG_ = ? 
   
     order by  order by RES.ID_ asc  
    LIMIT ? OFFSET ? [42001-176]
	at org.apache.ibatis.exceptions.ExceptionFactory.wrapException(ExceptionFactory.java:30)
	at org.apache.ibatis.session.defaults.DefaultSqlSession.selectList(DefaultSqlSession.java:122)
	at org.apache.ibatis.session.defaults.DefaultSqlSession.selectList(DefaultSqlSession.java:113)
	at org.activiti.engine.impl.db.DbSqlSession.selectListWithRawParameter(DbSqlSession.java:438)
	at org.activiti.engine.impl.db.DbSqlSession.selectList(DbSqlSession.java:429)
	at org.activiti.engine.impl.db.DbSqlSession.selectList(DbSqlSession.java:419)
	at org.activiti.engine.impl.persistence.entity.JobEntityManager.findJobsByQueryCriteria(JobEntityManager.java:198)
	at org.activiti.engine.impl.JobQueryImpl.executeList(JobQueryImpl.java:243)
	at org.activiti.engine.impl.AbstractQuery.execute(AbstractQuery.java:164)
	at org.activiti.engine.impl.interceptor.CommandInvoker.execute(CommandInvoker.java:24)
	at org.activiti.engine.impl.interceptor.CommandContextInterceptor.execute(CommandContextInterceptor.java:57)
	at org.activiti.engine.impl.interceptor.LogInterceptor.execute(LogInterceptor.java:37)
	at org.activiti.engine.impl.cfg.CommandExecutorImpl.execute(CommandExecutorImpl.java:40)
	at org.activiti.engine.impl.cfg.CommandExecutorImpl.execute(CommandExecutorImpl.java:35)
	at org.activiti.engine.impl.AbstractQuery.list(AbstractQuery.java:138)
	at org.activiti.engine.test.api.mgmt.JobQueryTest.verifyQueryResults(JobQueryTest.java:400)
	at org.activiti.engine.test.api.mgmt.JobQueryTest.testQueryByExceptionMessage(JobQueryTest.java:242)
	at sun.reflect.NativeMethodAccessorImpl.invoke0(Native Method)
	at sun.reflect.NativeMethodAccessorImpl.invoke(NativeMethodAccessorImpl.java:62)
	at sun.reflect.DelegatingMethodAccessorImpl.invoke(DelegatingMethodAccessorImpl.java:43)
	at java.lang.reflect.Method.invoke(Method.java:498)
	at junit.framework.TestCase.runTest(TestCase.java:176)
	at org.activiti.engine.impl.test.PvmTestCase.runTest(PvmTestCase.java:65)
	at junit.framework.TestCase.runBare(TestCase.java:141)
	at org.activiti.engine.impl.test.AbstractActivitiTestCase.runBare(AbstractActivitiTestCase.java:100)
	at junit.framework.TestResult$1.protect(TestResult.java:122)
	at junit.framework.TestResult.runProtected(TestResult.java:142)
	at junit.framework.TestResult.run(TestResult.java:125)
	at junit.framework.TestCase.run(TestCase.java:129)
	at junit.framework.TestSuite.runTest(TestSuite.java:255)
	at junit.framework.TestSuite.run(TestSuite.java:250)
	at org.junit.internal.runners.JUnit38ClassRunner.run(JUnit38ClassRunner.java:84)
	at org.apache.maven.surefire.junit4.JUnit4TestSet.execute(JUnit4TestSet.java:35)
	at org.apache.maven.surefire.junit4.JUnit4Provider.executeTestSet(JUnit4Provider.java:146)
	at org.apache.maven.surefire.junit4.JUnit4Provider.invoke(JUnit4Provider.java:97)
	at sun.reflect.NativeMethodAccessorImpl.invoke0(Native Method)
	at sun.reflect.NativeMethodAccessorImpl.invoke(NativeMethodAccessorImpl.java:62)
	at sun.reflect.DelegatingMethodAccessorImpl.invoke(DelegatingMethodAccessorImpl.java:43)
	at java.lang.reflect.Method.invoke(Method.java:498)
	at org.apache.maven.surefire.booter.ProviderFactory$ClassLoaderProxy.invoke(ProviderFactory.java:103)
	at com.sun.proxy.$Proxy0.invoke(Unknown Source)
	at org.apache.maven.surefire.booter.SurefireStarter.invokeProvider(SurefireStarter.java:145)
	at org.apache.maven.surefire.booter.SurefireStarter.runSuitesInProcess(SurefireStarter.java:87)
	at org.apache.maven.surefire.booter.ForkedBooter.main(ForkedBooter.java:69)
Caused by: org.h2.jdbc.JdbcSQLException: Syntax error in SQL statement &quot;SELECT RES.* 
     
    FROM ACT_RU_JOB RES
     
     WHERE  RES.EXCEPTION_MSG_ = ? 
   
     ORDER BY  ORDER[*] BY RES.ID_ ASC  
    LIMIT ? OFFSET ? &quot;; expected &quot;=, NOT, EXISTS, INTERSECTS, SELECT, FROM&quot;; SQL statement:
select RES.* 
     
    from ACT_RU_JOB RES
     
     WHERE  RES.EXCEPTION_MSG_ = ? 
   
     order by  order by RES.ID_ asc  
    LIMIT ? OFFSET ? [42001-176]
	at org.h2.message.DbException.getJdbcSQLException(DbException.java:344)
	at org.h2.message.DbException.getSyntaxError(DbException.java:204)
	at org.h2.command.Parser.getSyntaxError(Parser.java:524)
	at org.h2.command.Parser.readTerm(Parser.java:2688)
	at org.h2.command.Parser.readFactor(Parser.java:2244)
	at org.h2.command.Parser.readSum(Parser.java:2231)
	at org.h2.command.Parser.readConcat(Parser.java:2201)
	at org.h2.command.Parser.readCondition(Parser.java:2051)
	at org.h2.command.Parser.readAnd(Parser.java:2023)
	at org.h2.command.Parser.readExpression(Parser.java:2015)
	at org.h2.command.Parser.parseEndOfQuery(Parser.java:1726)
	at org.h2.command.Parser.parseSelectUnionExtension(Parser.java:1706)
	at org.h2.command.Parser.parseSelectUnion(Parser.java:1675)
	at org.h2.command.Parser.parseSelect(Parser.java:1662)
	at org.h2.command.Parser.parsePrepared(Parser.java:434)
	at org.h2.command.Parser.parse(Parser.java:306)
	at org.h2.command.Parser.parse(Parser.java:282)
	at org.h2.command.Parser.prepareCommand(Parser.java:243)
	at org.h2.engine.Session.prepareLocal(Session.java:442)
	at org.h2.engine.Session.prepareCommand(Session.java:384)
	at org.h2.jdbc.JdbcConnection.prepareCommand(JdbcConnection.java:1188)
	at org.h2.jdbc.JdbcPreparedStatement.&lt;init&gt;(JdbcPreparedStatement.java:73)
	at org.h2.jdbc.JdbcConnection.prepareStatement(JdbcConnection.java:276)
	at sun.reflect.GeneratedMethodAccessor6.invoke(Unknown Source)
	at sun.reflect.DelegatingMethodAccessorImpl.invoke(DelegatingMethodAccessorImpl.java:43)
	at java.lang.reflect.Method.invoke(Method.java:498)
	at org.apache.ibatis.datasource.pooled.PooledConnection.invoke(PooledConnection.java:245)
	at com.sun.proxy.$Proxy12.prepareStatement(Unknown Source)
	at sun.reflect.GeneratedMethodAccessor6.invoke(Unknown Source)
	at sun.reflect.DelegatingMethodAccessorImpl.invoke(DelegatingMethodAccessorImpl.java:43)
	at java.lang.reflect.Method.invoke(Method.java:498)
	at org.apache.ibatis.logging.jdbc.ConnectionLogger.invoke(ConnectionLogger.java:55)
	at com.sun.proxy.$Proxy12.prepareStatement(Unknown Source)
	at org.apache.ibatis.executor.statement.PreparedStatementHandler.instantiateStatement(PreparedStatementHandler.java:79)
	at org.apache.ibatis.executor.statement.BaseStatementHandler.prepare(BaseStatementHandler.java:88)
	at org.apache.ibatis.executor.statement.RoutingStatementHandler.prepare(RoutingStatementHandler.java:58)
	at org.apache.ibatis.executor.SimpleExecutor.prepareStatement(SimpleExecutor.java:76)
	at org.apache.ibatis.executor.SimpleExecutor.doQuery(SimpleExecutor.java:61)
	at org.apache.ibatis.executor.BaseExecutor.queryFromDatabase(BaseExecutor.java:303)
	at org.apache.ibatis.executor.BaseExecutor.query(BaseExecutor.java:154)
	at org.apache.ibatis.executor.CachingExecutor.query(CachingExecutor.java:102)
	at org.apache.ibatis.executor.CachingExecutor.query(CachingExecutor.java:82)
	at org.apache.ibatis.session.defaults.DefaultSqlSession.selectList(DefaultSqlSession.java:120)
	... 42 more
10:44:57,279 [main] DEBUG org.activiti.engine.impl.test.PvmTestCase  - #### END JobQueryTest.testQueryByExceptionMessage #############################################################
10:44:57,279 [main] DEBUG org.activiti.engine.impl.interceptor.LogInterceptor  - 

10:44:57,279 [main] DEBUG org.activiti.engine.impl.interceptor.LogInterceptor  - --- starting DeleteDeploymentCmd --------------------------------------------------------
10:44:57,279 [main] DEBUG org.apache.ibatis.transaction.jdbc.JdbcTransaction  - Opening JDBC Connection
10:44:57,279 [main] DEBUG org.apache.ibatis.datasource.pooled.PooledDataSource  - Checked out connection 180014677 from pool.
10:44:57,279 [main] DEBUG org.apache.ibatis.transaction.jdbc.JdbcTransaction  - Setting autocommit to false on JDBC Connection [conn3: url=jdbc:h2:mem:activiti user=SA]
10:44:57,279 [main] DEBUG org.activiti.engine.impl.persistence.entity.DeploymentEntity.selectDeploymentById  - ==&gt;  Preparing: select * from ACT_RE_DEPLOYMENT where ID_ = ? 
10:44:57,279 [main] DEBUG org.activiti.engine.impl.persistence.entity.DeploymentEntity.selectDeploymentById  - ==&gt; Parameters: 1729(String)
10:44:57,280 [main] DEBUG org.activiti.engine.impl.persistence.entity.DeploymentEntity.selectDeploymentById  - &lt;==      Total: 1
10:44:57,280 [main] DEBUG org.activiti.engine.impl.persistence.entity.ProcessDefinitionEntity.selectProcessDefinitionsByQueryCriteria  - ==&gt;  Preparing: select RES.* from ACT_RE_PROCDEF RES WHERE RES.DEPLOYMENT_ID_ = ? order by order by RES.ID_ asc LIMIT ? OFFSET ? 
10:44:57,280 [main] DEBUG org.activiti.engine.impl.interceptor.CommandContext  - Error while closing command context
org.apache.ibatis.exceptions.PersistenceException: 
### Error querying database.  Cause: org.h2.jdbc.JdbcSQLException: Syntax error in SQL statement &quot;SELECT RES.* 
       
    FROM ACT_RE_PROCDEF RES
     
     WHERE  RES.DEPLOYMENT_ID_ = ? 
   
     ORDER BY  ORDER[*] BY RES.ID_ ASC  
    LIMIT ? OFFSET ? &quot;; expected &quot;=, NOT, EXISTS, INTERSECTS, SELECT, FROM&quot;; SQL statement:
select RES.* 
       
    from ACT_RE_PROCDEF RES
     
     WHERE  RES.DEPLOYMENT_ID_ = ? 
   
     order by  order by RES.ID_ asc  
    LIMIT ? OFFSET ? [42001-176]
### The error may exist in org/activiti/db/mapping/entity/ProcessDefinition.xml
### The error may involve org.activiti.engine.impl.persistence.entity.ProcessDefinitionEntity.selectProcessDefinitionsByQueryCriteria
### The error occurred while executing a query
### SQL: select RES.*              from ACT_RE_PROCDEF RES            WHERE  RES.DEPLOYMENT_ID_ = ?           order by  order by RES.ID_ asc       LIMIT ? OFFSET ?
### Cause: org.h2.jdbc.JdbcSQLException: Syntax error in SQL statement &quot;SELECT RES.* 
       
    FROM ACT_RE_PROCDEF RES
     
     WHERE  RES.DEPLOYMENT_ID_ = ? 
   
     ORDER BY  ORDER[*] BY RES.ID_ ASC  
    LIMIT ? OFFSET ? &quot;; expected &quot;=, NOT, EXISTS, INTERSECTS, SELECT, FROM&quot;; SQL statement:
select RES.* 
       
    from ACT_RE_PROCDEF RES
     
     WHERE  RES.DEPLOYMENT_ID_ = ? 
   
     order by  order by RES.ID_ asc  
    LIMIT ? OFFSET ? [42001-176]
	at org.apache.ibatis.exceptions.ExceptionFactory.wrapException(ExceptionFactory.java:30)
	at org.apache.ibatis.session.defaults.DefaultSqlSession.selectList(DefaultSqlSession.java:122)
	at org.apache.ibatis.session.defaults.DefaultSqlSession.selectList(DefaultSqlSession.java:113)
	at org.activiti.engine.impl.db.DbSqlSession.selectListWithRawParameter(DbSqlSession.java:438)
	at org.activiti.engine.impl.db.DbSqlSession.selectList(DbSqlSession.java:429)
	at org.activiti.engine.impl.db.DbSqlSession.selectList(DbSqlSession.java:419)
	at org.activiti.engine.impl.persistence.entity.ProcessDefinitionEntityManager.findProcessDefinitionsByQueryCriteria(ProcessDefinitionEntityManager.java:57)
	at org.activiti.engine.impl.ProcessDefinitionQueryImpl.executeList(ProcessDefinitionQueryImpl.java:307)
	at org.activiti.engine.impl.AbstractQuery.list(AbstractQuery.java:140)
	at org.activiti.engine.impl.persistence.deploy.DeploymentManager.removeDeployment(DeploymentManager.java:187)
	at org.activiti.engine.impl.cmd.DeleteDeploymentCmd.execute(DeleteDeploymentCmd.java:44)
	at org.activiti.engine.impl.cmd.DeleteDeploymentCmd.execute(DeleteDeploymentCmd.java:24)
	at org.activiti.engine.impl.interceptor.CommandInvoker.execute(CommandInvoker.java:24)
	at org.activiti.engine.impl.interceptor.CommandContextInterceptor.execute(CommandContextInterceptor.java:57)
	at org.activiti.engine.impl.interceptor.LogInterceptor.execute(LogInterceptor.java:37)
	at org.activiti.engine.impl.cfg.CommandExecutorImpl.execute(CommandExecutorImpl.java:40)
	at org.activiti.engine.impl.cfg.CommandExecutorImpl.execute(CommandExecutorImpl.java:35)
	at org.activiti.engine.impl.RepositoryServiceImpl.deleteDeployment(RepositoryServiceImpl.java:90)
	at org.activiti.engine.test.api.mgmt.JobQueryTest.tearDown(JobQueryTest.java:116)
	at junit.framework.TestCase.runBare(TestCase.java:146)
	at org.activiti.engine.impl.test.AbstractActivitiTestCase.runBare(AbstractActivitiTestCase.java:100)
	at junit.framework.TestResult$1.protect(TestResult.java:122)
	at junit.framework.TestResult.runProtected(TestResult.java:142)
	at junit.framework.TestResult.run(TestResult.java:125)
	at junit.framework.TestCase.run(TestCase.java:129)
	at junit.framework.TestSuite.runTest(TestSuite.java:255)
	at junit.framework.TestSuite.run(TestSuite.java:250)
	at org.junit.internal.runners.JUnit38ClassRunner.run(JUnit38ClassRunner.java:84)
	at org.apache.maven.surefire.junit4.JUnit4TestSet.execute(JUnit4TestSet.java:35)
	at org.apache.maven.surefire.junit4.JUnit4Provider.executeTestSet(JUnit4Provider.java:146)
	at org.apache.maven.surefire.junit4.JUnit4Provider.invoke(JUnit4Provider.java:97)
	at sun.reflect.NativeMethodAccessorImpl.invoke0(Native Method)
	at sun.reflect.NativeMethodAccessorImpl.invoke(NativeMethodAccessorImpl.java:62)
	at sun.reflect.DelegatingMethodAccessorImpl.invoke(DelegatingMethodAccessorImpl.java:43)
	at java.lang.reflect.Method.invoke(Method.java:498)
	at org.apache.maven.surefire.booter.ProviderFactory$ClassLoaderProxy.invoke(ProviderFactory.java:103)
	at com.sun.proxy.$Proxy0.invoke(Unknown Source)
	at org.apache.maven.surefire.booter.SurefireStarter.invokeProvider(SurefireStarter.java:145)
	at org.apache.maven.surefire.booter.SurefireStarter.runSuitesInProcess(SurefireStarter.java:87)
	at org.apache.maven.surefire.booter.ForkedBooter.main(ForkedBooter.java:69)
Caused by: org.h2.jdbc.JdbcSQLException: Syntax error in SQL statement &quot;SELECT RES.* 
       
    FROM ACT_RE_PROCDEF RES
     
     WHERE  RES.DEPLOYMENT_ID_ = ? 
   
     ORDER BY  ORDER[*] BY RES.ID_ ASC  
    LIMIT ? OFFSET ? &quot;; expected &quot;=, NOT, EXISTS, INTERSECTS, SELECT, FROM&quot;; SQL statement:
select RES.* 
       
    from ACT_RE_PROCDEF RES
     
     WHERE  RES.DEPLOYMENT_ID_ = ? 
   
     order by  order by RES.ID_ asc  
    LIMIT ? OFFSET ? [42001-176]
	at org.h2.message.DbException.getJdbcSQLException(DbException.java:344)
	at org.h2.message.DbException.getSyntaxError(DbException.java:204)
	at org.h2.command.Parser.getSyntaxError(Parser.java:524)
	at org.h2.command.Parser.readTerm(Parser.java:2688)
	at org.h2.command.Parser.readFactor(Parser.java:2244)
	at org.h2.command.Parser.readSum(Parser.java:2231)
	at org.h2.command.Parser.readConcat(Parser.java:2201)
	at org.h2.command.Parser.readCondition(Parser.java:2051)
	at org.h2.command.Parser.readAnd(Parser.java:2023)
	at org.h2.command.Parser.readExpression(Parser.java:2015)
	at org.h2.command.Parser.parseEndOfQuery(Parser.java:1726)
	at org.h2.command.Parser.parseSelectUnionExtension(Parser.java:1706)
	at org.h2.command.Parser.parseSelectUnion(Parser.java:1675)
	at org.h2.command.Parser.parseSelect(Parser.java:1662)
	at org.h2.command.Parser.parsePrepared(Parser.java:434)
	at org.h2.command.Parser.parse(Parser.java:306)
	at org.h2.command.Parser.parse(Parser.java:282)
	at org.h2.command.Parser.prepareCommand(Parser.java:243)
	at org.h2.engine.Session.prepareLocal(Session.java:442)
	at org.h2.engine.Session.prepareCommand(Session.java:384)
	at org.h2.jdbc.JdbcConnection.prepareCommand(JdbcConnection.java:1188)
	at org.h2.jdbc.JdbcPreparedStatement.&lt;init&gt;(JdbcPreparedStatement.java:73)
	at org.h2.jdbc.JdbcConnection.prepareStatement(JdbcConnection.java:276)
	at sun.reflect.GeneratedMethodAccessor6.invoke(Unknown Source)
	at sun.reflect.DelegatingMethodAccessorImpl.invoke(DelegatingMethodAccessorImpl.java:43)
	at java.lang.reflect.Method.invoke(Method.java:498)
	at org.apache.ibatis.datasource.pooled.PooledConnection.invoke(PooledConnection.java:245)
	at com.sun.proxy.$Proxy12.prepareStatement(Unknown Source)
	at sun.reflect.GeneratedMethodAccessor6.invoke(Unknown Source)
	at sun.reflect.DelegatingMethodAccessorImpl.invoke(DelegatingMethodAccessorImpl.java:43)
	at java.lang.reflect.Method.invoke(Method.java:498)
	at org.apache.ibatis.logging.jdbc.ConnectionLogger.invoke(ConnectionLogger.java:55)
	at com.sun.proxy.$Proxy12.prepareStatement(Unknown Source)
	at org.apache.ibatis.executor.statement.PreparedStatementHandler.instantiateStatement(PreparedStatementHandler.java:79)
	at org.apache.ibatis.executor.statement.BaseStatementHandler.prepare(BaseStatementHandler.java:88)
	at org.apache.ibatis.executor.statement.RoutingStatementHandler.prepare(RoutingStatementHandler.java:58)
	at org.apache.ibatis.executor.SimpleExecutor.prepareStatement(SimpleExecutor.java:76)
	at org.apache.ibatis.executor.SimpleExecutor.doQuery(SimpleExecutor.java:61)
	at org.apache.ibatis.executor.BaseExecutor.queryFromDatabase(BaseExecutor.java:303)
	at org.apache.ibatis.executor.BaseExecutor.query(BaseExecutor.java:154)
	at org.apache.ibatis.executor.CachingExecutor.query(CachingExecutor.java:102)
	at org.apache.ibatis.executor.CachingExecutor.query(CachingExecutor.java:82)
	at org.apache.ibatis.session.defaults.DefaultSqlSession.selectList(DefaultSqlSession.java:120)
	... 38 more
10:44:57,280 [main] DEBUG org.activiti.engine.impl.cfg.standalone.StandaloneMybatisTransactionContext  - firing event rolling back...
10:44:57,280 [main] DEBUG org.activiti.engine.impl.cfg.standalone.StandaloneMybatisTransactionContext  - rolling back ibatis sql session...
10:44:57,280 [main] DEBUG org.activiti.engine.impl.cfg.standalone.StandaloneMybatisTransactionContext  - firing event rolled back...
10:44:57,280 [main] DEBUG org.apache.ibatis.transaction.jdbc.JdbcTransaction  - Resetting autocommit to true on JDBC Connection [conn3: url=jdbc:h2:mem:activiti user=SA]
10:44:57,280 [main] DEBUG org.apache.ibatis.transaction.jdbc.JdbcTransaction  - Closing JDBC Connection [conn3: url=jdbc:h2:mem:activiti user=SA]
10:44:57,280 [main] DEBUG org.apache.ibatis.datasource.pooled.PooledDataSource  - Returned connection 180014677 to pool.
10:44:57,280 [main] DEBUG org.activiti.engine.impl.interceptor.LogInterceptor  - --- DeleteDeploymentCmd finished --------------------------------------------------------
10:44:57,280 [main] DEBUG org.activiti.engine.impl.interceptor.LogInterceptor  - 

10:44:57,280 [main] ERROR org.activiti.engine.impl.test.PvmTestCase  - 

10:44:57,280 [main] ERROR org.activiti.engine.impl.test.PvmTestCase  - EXCEPTION: org.apache.ibatis.exceptions.PersistenceException: 
### Error querying database.  Cause: org.h2.jdbc.JdbcSQLException: Syntax error in SQL statement &quot;SELECT RES.* 
     
    FROM ACT_RU_JOB RES
     
     WHERE  RES.EXCEPTION_MSG_ = ? 
   
     ORDER BY  ORDER[*] BY RES.ID_ ASC  
    LIMIT ? OFFSET ? &quot;; expected &quot;=, NOT, EXISTS, INTERSECTS, SELECT, FROM&quot;; SQL statement:
select RES.* 
     
    from ACT_RU_JOB RES
     
     WHERE  RES.EXCEPTION_MSG_ = ? 
   
     order by  order by RES.ID_ asc  
    LIMIT ? OFFSET ? [42001-176]
### The error may exist in org/activiti/db/mapping/entity/Job.xml
### The error may involve org.activiti.engine.impl.persistence.entity.JobEntity.selectJobByQueryCriteria
### The error occurred while executing a query
### SQL: select RES.*            from ACT_RU_JOB RES            WHERE  RES.EXCEPTION_MSG_ = ?           order by  order by RES.ID_ asc       LIMIT ? OFFSET ?
### Cause: org.h2.jdbc.JdbcSQLException: Syntax error in SQL statement &quot;SELECT RES.* 
     
    FROM ACT_RU_JOB RES
     
     WHERE  RES.EXCEPTION_MSG_ = ? 
   
     ORDER BY  ORDER[*] BY RES.ID_ ASC  
    LIMIT ? OFFSET ? &quot;; expected &quot;=, NOT, EXISTS, INTERSECTS, SELECT, FROM&quot;; SQL statement:
select RES.* 
     
    from ACT_RU_JOB RES
     
     WHERE  RES.EXCEPTION_MSG_ = ? 
   
     order by  order by RES.ID_ asc  
    LIMIT ? OFFSET ? [42001-176]
org.apache.ibatis.exceptions.PersistenceException: 
### Error querying database.  Cause: org.h2.jdbc.JdbcSQLException: Syntax error in SQL statement &quot;SELECT RES.* 
     
    FROM ACT_RU_JOB RES
     
     WHERE  RES.EXCEPTION_MSG_ = ? 
   
     ORDER BY  ORDER[*] BY RES.ID_ ASC  
    LIMIT ? OFFSET ? &quot;; expected &quot;=, NOT, EXISTS, INTERSECTS, SELECT, FROM&quot;; SQL statement:
select RES.* 
     
    from ACT_RU_JOB RES
     
     WHERE  RES.EXCEPTION_MSG_ = ? 
   
     order by  order by RES.ID_ asc  
    LIMIT ? OFFSET ? [42001-176]
### The error may exist in org/activiti/db/mapping/entity/Job.xml
### The error may involve org.activiti.engine.impl.persistence.entity.JobEntity.selectJobByQueryCriteria
### The error occurred while executing a query
### SQL: select RES.*            from ACT_RU_JOB RES            WHERE  RES.EXCEPTION_MSG_ = ?           order by  order by RES.ID_ asc       LIMIT ? OFFSET ?
### Cause: org.h2.jdbc.JdbcSQLException: Syntax error in SQL statement &quot;SELECT RES.* 
     
    FROM ACT_RU_JOB RES
     
     WHERE  RES.EXCEPTION_MSG_ = ? 
   
     ORDER BY  ORDER[*] BY RES.ID_ ASC  
    LIMIT ? OFFSET ? &quot;; expected &quot;=, NOT, EXISTS, INTERSECTS, SELECT, FROM&quot;; SQL statement:
select RES.* 
     
    from ACT_RU_JOB RES
     
     WHERE  RES.EXCEPTION_MSG_ = ? 
   
     order by  order by RES.ID_ asc  
    LIMIT ? OFFSET ? [42001-176]
	at org.apache.ibatis.exceptions.ExceptionFactory.wrapException(ExceptionFactory.java:30)
	at org.apache.ibatis.session.defaults.DefaultSqlSession.selectList(DefaultSqlSession.java:122)
	at org.apache.ibatis.session.defaults.DefaultSqlSession.selectList(DefaultSqlSession.java:113)
	at org.activiti.engine.impl.db.DbSqlSession.selectListWithRawParameter(DbSqlSession.java:438)
	at org.activiti.engine.impl.db.DbSqlSession.selectList(DbSqlSession.java:429)
	at org.activiti.engine.impl.db.DbSqlSession.selectList(DbSqlSession.java:419)
	at org.activiti.engine.impl.persistence.entity.JobEntityManager.findJobsByQueryCriteria(JobEntityManager.java:198)
	at org.activiti.engine.impl.JobQueryImpl.executeList(JobQueryImpl.java:243)
	at org.activiti.engine.impl.AbstractQuery.execute(AbstractQuery.java:164)
	at org.activiti.engine.impl.interceptor.CommandInvoker.execute(CommandInvoker.java:24)
	at org.activiti.engine.impl.interceptor.CommandContextInterceptor.execute(CommandContextInterceptor.java:57)
	at org.activiti.engine.impl.interceptor.LogInterceptor.execute(LogInterceptor.java:37)
	at org.activiti.engine.impl.cfg.CommandExecutorImpl.execute(CommandExecutorImpl.java:40)
	at org.activiti.engine.impl.cfg.CommandExecutorImpl.execute(CommandExecutorImpl.java:35)
	at org.activiti.engine.impl.AbstractQuery.list(AbstractQuery.java:138)
	at org.activiti.engine.test.api.mgmt.JobQueryTest.verifyQueryResults(JobQueryTest.java:400)
	at org.activiti.engine.test.api.mgmt.JobQueryTest.testQueryByExceptionMessage(JobQueryTest.java:242)
	at sun.reflect.NativeMethodAccessorImpl.invoke0(Native Method)
	at sun.reflect.NativeMethodAccessorImpl.invoke(NativeMethodAccessorImpl.java:62)
	at sun.reflect.DelegatingMethodAccessorImpl.invoke(DelegatingMethodAccessorImpl.java:43)
	at java.lang.reflect.Method.invoke(Method.java:498)
	at junit.framework.TestCase.runTest(TestCase.java:176)
	at org.activiti.engine.impl.test.PvmTestCase.runTest(PvmTestCase.java:65)
	at junit.framework.TestCase.runBare(TestCase.java:141)
	at org.activiti.engine.impl.test.AbstractActivitiTestCase.runBare(AbstractActivitiTestCase.java:100)
	at junit.framework.TestResult$1.protect(TestResult.java:122)
	at junit.framework.TestResult.runProtected(TestResult.java:142)
	at junit.framework.TestResult.run(TestResult.java:125)
	at junit.framework.TestCase.run(TestCase.java:129)
	at junit.framework.TestSuite.runTest(TestSuite.java:255)
	at junit.framework.TestSuite.run(TestSuite.java:250)
	at org.junit.internal.runners.JUnit38ClassRunner.run(JUnit38ClassRunner.java:84)
	at org.apache.maven.surefire.junit4.JUnit4TestSet.execute(JUnit4TestSet.java:35)
	at org.apache.maven.surefire.junit4.JUnit4Provider.executeTestSet(JUnit4Provider.java:146)
	at org.apache.maven.surefire.junit4.JUnit4Provider.invoke(JUnit4Provider.java:97)
	at sun.reflect.NativeMethodAccessorImpl.invoke0(Native Method)
	at sun.reflect.NativeMethodAccessorImpl.invoke(NativeMethodAccessorImpl.java:62)
	at sun.reflect.DelegatingMethodAccessorImpl.invoke(DelegatingMethodAccessorImpl.java:43)
	at java.lang.reflect.Method.invoke(Method.java:498)
	at org.apache.maven.surefire.booter.ProviderFactory$ClassLoaderProxy.invoke(ProviderFactory.java:103)
	at com.sun.proxy.$Proxy0.invoke(Unknown Source)
	at org.apache.maven.surefire.booter.SurefireStarter.invokeProvider(SurefireStarter.java:145)
	at org.apache.maven.surefire.booter.SurefireStarter.runSuitesInProcess(SurefireStarter.java:87)
	at org.apache.maven.surefire.booter.ForkedBooter.main(ForkedBooter.java:69)
Caused by: org.h2.jdbc.JdbcSQLException: Syntax error in SQL statement &quot;SELECT RES.* 
     
    FROM ACT_RU_JOB RES
     
     WHERE  RES.EXCEPTION_MSG_ = ? 
   
     ORDER BY  ORDER[*] BY RES.ID_ ASC  
    LIMIT ? OFFSET ? &quot;; expected &quot;=, NOT, EXISTS, INTERSECTS, SELECT, FROM&quot;; SQL statement:
select RES.* 
     
    from ACT_RU_JOB RES
     
     WHERE  RES.EXCEPTION_MSG_ = ? 
   
     order by  order by RES.ID_ asc  
    LIMIT ? OFFSET ? [42001-176]
	at org.h2.message.DbException.getJdbcSQLException(DbException.java:344)
	at org.h2.message.DbException.getSyntaxError(DbException.java:204)
	at org.h2.command.Parser.getSyntaxError(Parser.java:524)
	at org.h2.command.Parser.readTerm(Parser.java:2688)
	at org.h2.command.Parser.readFactor(Parser.java:2244)
	at org.h2.command.Parser.readSum(Parser.java:2231)
	at org.h2.command.Parser.readConcat(Parser.java:2201)
	at org.h2.command.Parser.readCondition(Parser.java:2051)
	at org.h2.command.Parser.readAnd(Parser.java:2023)
	at org.h2.command.Parser.readExpression(Parser.java:2015)
	at org.h2.command.Parser.parseEndOfQuery(Parser.java:1726)
	at org.h2.command.Parser.parseSelectUnionExtension(Parser.java:1706)
	at org.h2.command.Parser.parseSelectUnion(Parser.java:1675)
	at org.h2.command.Parser.parseSelect(Parser.java:1662)
	at org.h2.command.Parser.parsePrepared(Parser.java:434)
	at org.h2.command.Parser.parse(Parser.java:306)
	at org.h2.command.Parser.parse(Parser.java:282)
	at org.h2.command.Parser.prepareCommand(Parser.java:243)
	at org.h2.engine.Session.prepareLocal(Session.java:442)
	at org.h2.engine.Session.prepareCommand(Session.java:384)
	at org.h2.jdbc.JdbcConnection.prepareCommand(JdbcConnection.java:1188)
	at org.h2.jdbc.JdbcPreparedStatement.&lt;init&gt;(JdbcPreparedStatement.java:73)
	at org.h2.jdbc.JdbcConnection.prepareStatement(JdbcConnection.java:276)
	at sun.reflect.GeneratedMethodAccessor6.invoke(Unknown Source)
	at sun.reflect.DelegatingMethodAccessorImpl.invoke(DelegatingMethodAccessorImpl.java:43)
	at java.lang.reflect.Method.invoke(Method.java:498)
	at org.apache.ibatis.datasource.pooled.PooledConnection.invoke(PooledConnection.java:245)
	at com.sun.proxy.$Proxy12.prepareStatement(Unknown Source)
	at sun.reflect.GeneratedMethodAccessor6.invoke(Unknown Source)
	at sun.reflect.DelegatingMethodAccessorImpl.invoke(DelegatingMethodAccessorImpl.java:43)
	at java.lang.reflect.Method.invoke(Method.java:498)
	at org.apache.ibatis.logging.jdbc.ConnectionLogger.invoke(ConnectionLogger.java:55)
	at com.sun.proxy.$Proxy12.prepareStatement(Unknown Source)
	at org.apache.ibatis.executor.statement.PreparedStatementHandler.instantiateStatement(PreparedStatementHandler.java:79)
	at org.apache.ibatis.executor.statement.BaseStatementHandler.prepare(BaseStatementHandler.java:88)
	at org.apache.ibatis.executor.statement.RoutingStatementHandler.prepare(RoutingStatementHandler.java:58)
	at org.apache.ibatis.executor.SimpleExecutor.prepareStatement(SimpleExecutor.java:76)
	at org.apache.ibatis.executor.SimpleExecutor.doQuery(SimpleExecutor.java:61)
	at org.apache.ibatis.executor.BaseExecutor.queryFromDatabase(BaseExecutor.java:303)
	at org.apache.ibatis.executor.BaseExecutor.query(BaseExecutor.java:154)
	at org.apache.ibatis.executor.CachingExecutor.query(CachingExecutor.java:102)
	at org.apache.ibatis.executor.CachingExecutor.query(CachingExecutor.java:82)
	at org.apache.ibatis.session.defaults.DefaultSqlSession.selectList(DefaultSqlSession.java:120)
	... 42 more
10:44:57,280 [main] DEBUG org.activiti.engine.impl.test.TestHelper  - annotation @Deployment deletes deployment for JobQueryTest.testQueryByExceptionMessage
10:44:57,280 [main] DEBUG org.activiti.engine.impl.interceptor.LogInterceptor  - 

10:44:57,280 [main] DEBUG org.activiti.engine.impl.interceptor.LogInterceptor  - --- starting DeleteDeploymentCmd --------------------------------------------------------
10:44:57,280 [main] DEBUG org.apache.ibatis.transaction.jdbc.JdbcTransaction  - Opening JDBC Connection
10:44:57,280 [main] DEBUG org.apache.ibatis.datasource.pooled.PooledDataSource  - Checked out connection 297240765 from pool.
10:44:57,280 [main] DEBUG org.apache.ibatis.transaction.jdbc.JdbcTransaction  - Setting autocommit to false on JDBC Connection [conn4: url=jdbc:h2:mem:activiti user=SA]
10:44:57,280 [main] DEBUG org.activiti.engine.impl.persistence.entity.DeploymentEntity.selectDeploymentById  - ==&gt;  Preparing: select * from ACT_RE_DEPLOYMENT where ID_ = ? 
10:44:57,280 [main] DEBUG org.activiti.engine.impl.persistence.entity.DeploymentEntity.selectDeploymentById  - ==&gt; Parameters: 1726(String)
10:44:57,280 [main] DEBUG org.activiti.engine.impl.persistence.entity.DeploymentEntity.selectDeploymentById  - &lt;==      Total: 1
10:44:57,280 [main] DEBUG org.activiti.engine.impl.persistence.entity.ProcessDefinitionEntity.selectProcessDefinitionsByQueryCriteria  - ==&gt;  Preparing: select RES.* from ACT_RE_PROCDEF RES WHERE RES.DEPLOYMENT_ID_ = ? order by order by RES.ID_ asc LIMIT ? OFFSET ? 
10:44:57,281 [main] DEBUG org.activiti.engine.impl.interceptor.CommandContext  - Error while closing command context
org.apache.ibatis.exceptions.PersistenceException: 
### Error querying database.  Cause: org.h2.jdbc.JdbcSQLException: Syntax error in SQL statement &quot;SELECT RES.* 
       
    FROM ACT_RE_PROCDEF RES
     
     WHERE  RES.DEPLOYMENT_ID_ = ? 
   
     ORDER BY  ORDER[*] BY RES.ID_ ASC  
    LIMIT ? OFFSET ? &quot;; expected &quot;=, NOT, EXISTS, INTERSECTS, SELECT, FROM&quot;; SQL statement:
select RES.* 
       
    from ACT_RE_PROCDEF RES
     
     WHERE  RES.DEPLOYMENT_ID_ = ? 
   
     order by  order by RES.ID_ asc  
    LIMIT ? OFFSET ? [42001-176]
### The error may exist in org/activiti/db/mapping/entity/ProcessDefinition.xml
### The error may involve org.activiti.engine.impl.persistence.entity.ProcessDefinitionEntity.selectProcessDefinitionsByQueryCriteria
### The error occurred while executing a query
### SQL: select RES.*              from ACT_RE_PROCDEF RES            WHERE  RES.DEPLOYMENT_ID_ = ?           order by  order by RES.ID_ asc       LIMIT ? OFFSET ?
### Cause: org.h2.jdbc.JdbcSQLException: Syntax error in SQL statement &quot;SELECT RES.* 
       
    FROM ACT_RE_PROCDEF RES
     
     WHERE  RES.DEPLOYMENT_ID_ = ? 
   
     ORDER BY  ORDER[*] BY RES.ID_ ASC  
    LIMIT ? OFFSET ? &quot;; expected &quot;=, NOT, EXISTS, INTERSECTS, SELECT, FROM&quot;; SQL statement:
select RES.* 
       
    from ACT_RE_PROCDEF RES
     
     WHERE  RES.DEPLOYMENT_ID_ = ? 
   
     order by  order by RES.ID_ asc  
    LIMIT ? OFFSET ? [42001-176]
	at org.apache.ibatis.exceptions.ExceptionFactory.wrapException(ExceptionFactory.java:30)
	at org.apache.ibatis.session.defaults.DefaultSqlSession.selectList(DefaultSqlSession.java:122)
	at org.apache.ibatis.session.defaults.DefaultSqlSession.selectList(DefaultSqlSession.java:113)
	at org.activiti.engine.impl.db.DbSqlSession.selectListWithRawParameter(DbSqlSession.java:438)
	at org.activiti.engine.impl.db.DbSqlSession.selectList(DbSqlSession.java:429)
	at org.activiti.engine.impl.db.DbSqlSession.selectList(DbSqlSession.java:419)
	at org.activiti.engine.impl.persistence.entity.ProcessDefinitionEntityManager.findProcessDefinitionsByQueryCriteria(ProcessDefinitionEntityManager.java:57)
	at org.activiti.engine.impl.ProcessDefinitionQueryImpl.executeList(ProcessDefinitionQueryImpl.java:307)
	at org.activiti.engine.impl.AbstractQuery.list(AbstractQuery.java:140)
	at org.activiti.engine.impl.persistence.deploy.DeploymentManager.removeDeployment(DeploymentManager.java:187)
	at org.activiti.engine.impl.cmd.DeleteDeploymentCmd.execute(DeleteDeploymentCmd.java:44)
	at org.activiti.engine.impl.cmd.DeleteDeploymentCmd.execute(DeleteDeploymentCmd.java:24)
	at org.activiti.engine.impl.interceptor.CommandInvoker.execute(CommandInvoker.java:24)
	at org.activiti.engine.impl.interceptor.CommandContextInterceptor.execute(CommandContextInterceptor.java:57)
	at org.activiti.engine.impl.interceptor.LogInterceptor.execute(LogInterceptor.java:37)
	at org.activiti.engine.impl.cfg.CommandExecutorImpl.execute(CommandExecutorImpl.java:40)
	at org.activiti.engine.impl.cfg.CommandExecutorImpl.execute(CommandExecutorImpl.java:35)
	at org.activiti.engine.impl.RepositoryServiceImpl.deleteDeployment(RepositoryServiceImpl.java:90)
	at org.activiti.engine.impl.test.TestHelper.annotationDeploymentTearDown(TestHelper.java:116)
	at org.activiti.engine.impl.test.AbstractActivitiTestCase.runBare(AbstractActivitiTestCase.java:116)
	at junit.framework.TestResult$1.protect(TestResult.java:122)
	at junit.framework.TestResult.runProtected(TestResult.java:142)
	at junit.framework.TestResult.run(TestResult.java:125)
	at junit.framework.TestCase.run(TestCase.java:129)
	at junit.framework.TestSuite.runTest(TestSuite.java:255)
	at junit.framework.TestSuite.run(TestSuite.java:250)
	at org.junit.internal.runners.JUnit38ClassRunner.run(JUnit38ClassRunner.java:84)
	at org.apache.maven.surefire.junit4.JUnit4TestSet.execute(JUnit4TestSet.java:35)
	at org.apache.maven.surefire.junit4.JUnit4Provider.executeTestSet(JUnit4Provider.java:146)
	at org.apache.maven.surefire.junit4.JUnit4Provider.invoke(JUnit4Provider.java:97)
	at sun.reflect.NativeMethodAccessorImpl.invoke0(Native Method)
	at sun.reflect.NativeMethodAccessorImpl.invoke(NativeMethodAccessorImpl.java:62)
	at sun.reflect.DelegatingMethodAccessorImpl.invoke(DelegatingMethodAccessorImpl.java:43)
	at java.lang.reflect.Method.invoke(Method.java:498)
	at org.apache.maven.surefire.booter.ProviderFactory$ClassLoaderProxy.invoke(ProviderFactory.java:103)
	at com.sun.proxy.$Proxy0.invoke(Unknown Source)
	at org.apache.maven.surefire.booter.SurefireStarter.invokeProvider(SurefireStarter.java:145)
	at org.apache.maven.surefire.booter.SurefireStarter.runSuitesInProcess(SurefireStarter.java:87)
	at org.apache.maven.surefire.booter.ForkedBooter.main(ForkedBooter.java:69)
Caused by: org.h2.jdbc.JdbcSQLException: Syntax error in SQL statement &quot;SELECT RES.* 
       
    FROM ACT_RE_PROCDEF RES
     
     WHERE  RES.DEPLOYMENT_ID_ = ? 
   
     ORDER BY  ORDER[*] BY RES.ID_ ASC  
    LIMIT ? OFFSET ? &quot;; expected &quot;=, NOT, EXISTS, INTERSECTS, SELECT, FROM&quot;; SQL statement:
select RES.* 
       
    from ACT_RE_PROCDEF RES
     
     WHERE  RES.DEPLOYMENT_ID_ = ? 
   
     order by  order by RES.ID_ asc  
    LIMIT ? OFFSET ? [42001-176]
	at org.h2.message.DbException.getJdbcSQLException(DbException.java:344)
	at org.h2.message.DbException.getSyntaxError(DbException.java:204)
	at org.h2.command.Parser.getSyntaxError(Parser.java:524)
	at org.h2.command.Parser.readTerm(Parser.java:2688)
	at org.h2.command.Parser.readFactor(Parser.java:2244)
	at org.h2.command.Parser.readSum(Parser.java:2231)
	at org.h2.command.Parser.readConcat(Parser.java:2201)
	at org.h2.command.Parser.readCondition(Parser.java:2051)
	at org.h2.command.Parser.readAnd(Parser.java:2023)
	at org.h2.command.Parser.readExpression(Parser.java:2015)
	at org.h2.command.Parser.parseEndOfQuery(Parser.java:1726)
	at org.h2.command.Parser.parseSelectUnionExtension(Parser.java:1706)
	at org.h2.command.Parser.parseSelectUnion(Parser.java:1675)
	at org.h2.command.Parser.parseSelect(Parser.java:1662)
	at org.h2.command.Parser.parsePrepared(Parser.java:434)
	at org.h2.command.Parser.parse(Parser.java:306)
	at org.h2.command.Parser.parse(Parser.java:282)
	at org.h2.command.Parser.prepareCommand(Parser.java:243)
	at org.h2.engine.Session.prepareLocal(Session.java:442)
	at org.h2.engine.Session.prepareCommand(Session.java:384)
	at org.h2.jdbc.JdbcConnection.prepareCommand(JdbcConnection.java:1188)
	at org.h2.jdbc.JdbcPreparedStatement.&lt;init&gt;(JdbcPreparedStatement.java:73)
	at org.h2.jdbc.JdbcConnection.prepareStatement(JdbcConnection.java:276)
	at sun.reflect.GeneratedMethodAccessor6.invoke(Unknown Source)
	at sun.reflect.DelegatingMethodAccessorImpl.invoke(DelegatingMethodAccessorImpl.java:43)
	at java.lang.reflect.Method.invoke(Method.java:498)
	at org.apache.ibatis.datasource.pooled.PooledConnection.invoke(PooledConnection.java:245)
	at com.sun.proxy.$Proxy12.prepareStatement(Unknown Source)
	at sun.reflect.GeneratedMethodAccessor6.invoke(Unknown Source)
	at sun.reflect.DelegatingMethodAccessorImpl.invoke(DelegatingMethodAccessorImpl.java:43)
	at java.lang.reflect.Method.invoke(Method.java:498)
	at org.apache.ibatis.logging.jdbc.ConnectionLogger.invoke(ConnectionLogger.java:55)
	at com.sun.proxy.$Proxy12.prepareStatement(Unknown Source)
	at org.apache.ibatis.executor.statement.PreparedStatementHandler.instantiateStatement(PreparedStatementHandler.java:79)
	at org.apache.ibatis.executor.statement.BaseStatementHandler.prepare(BaseStatementHandler.java:88)
	at org.apache.ibatis.executor.statement.RoutingStatementHandler.prepare(RoutingStatementHandler.java:58)
	at org.apache.ibatis.executor.SimpleExecutor.prepareStatement(SimpleExecutor.java:76)
	at org.apache.ibatis.executor.SimpleExecutor.doQuery(SimpleExecutor.java:61)
	at org.apache.ibatis.executor.BaseExecutor.queryFromDatabase(BaseExecutor.java:303)
	at org.apache.ibatis.executor.BaseExecutor.query(BaseExecutor.java:154)
	at org.apache.ibatis.executor.CachingExecutor.query(CachingExecutor.java:102)
	at org.apache.ibatis.executor.CachingExecutor.query(CachingExecutor.java:82)
	at org.apache.ibatis.session.defaults.DefaultSqlSession.selectList(DefaultSqlSession.java:120)
	... 37 more
10:44:57,281 [main] DEBUG org.activiti.engine.impl.cfg.standalone.StandaloneMybatisTransactionContext  - firing event rolling back...
10:44:57,281 [main] DEBUG org.activiti.engine.impl.cfg.standalone.StandaloneMybatisTransactionContext  - rolling back ibatis sql session...
10:44:57,281 [main] DEBUG org.activiti.engine.impl.cfg.standalone.StandaloneMybatisTransactionContext  - firing event rolled back...
10:44:57,281 [main] DEBUG org.apache.ibatis.transaction.jdbc.JdbcTransaction  - Resetting autocommit to true on JDBC Connection [conn4: url=jdbc:h2:mem:activiti user=SA]
10:44:57,281 [main] DEBUG org.apache.ibatis.transaction.jdbc.JdbcTransaction  - Closing JDBC Connection [conn4: url=jdbc:h2:mem:activiti user=SA]
10:44:57,281 [main] DEBUG org.apache.ibatis.datasource.pooled.PooledDataSource  - Returned connection 297240765 to pool.
10:44:57,281 [main] DEBUG org.activiti.engine.impl.interceptor.LogInterceptor  - --- DeleteDeploymentCmd finished --------------------------------------------------------
10:44:57,281 [main] DEBUG org.activiti.engine.impl.interceptor.LogInterceptor  - 

</system-out>
  </testcase>
  <testcase classname="org.activiti.engine.test.api.mgmt.JobQueryTest" name="testQueryByOnlyMessages" time="0.023">
    <error message="
### Error querying database.  Cause: org.h2.jdbc.JdbcSQLException: Syntax error in SQL statement &quot;SELECT RES.* 
     
    FROM ACT_RU_JOB RES
     
     WHERE  RES.TYPE_ = &apos;message&apos; 
   
     ORDER BY  ORDER[*] BY RES.ID_ ASC  
    LIMIT ? OFFSET ? &quot;; expected &quot;=, NOT, EXISTS, INTERSECTS, SELECT, FROM&quot;; SQL statement:
select RES.* 
     
    from ACT_RU_JOB RES
     
     WHERE  RES.TYPE_ = &apos;message&apos; 
   
     order by  order by RES.ID_ asc  
    LIMIT ? OFFSET ? [42001-176]
### The error may exist in org/activiti/db/mapping/entity/Job.xml
### The error may involve org.activiti.engine.impl.persistence.entity.JobEntity.selectJobByQueryCriteria
### The error occurred while executing a query
### SQL: select RES.*            from ACT_RU_JOB RES            WHERE  RES.TYPE_ = &apos;message&apos;           order by  order by RES.ID_ asc       LIMIT ? OFFSET ?
### Cause: org.h2.jdbc.JdbcSQLException: Syntax error in SQL statement &quot;SELECT RES.* 
     
    FROM ACT_RU_JOB RES
     
     WHERE  RES.TYPE_ = &apos;message&apos; 
   
     ORDER BY  ORDER[*] BY RES.ID_ ASC  
    LIMIT ? OFFSET ? &quot;; expected &quot;=, NOT, EXISTS, INTERSECTS, SELECT, FROM&quot;; SQL statement:
select RES.* 
     
    from ACT_RU_JOB RES
     
     WHERE  RES.TYPE_ = &apos;message&apos; 
   
     order by  order by RES.ID_ asc  
    LIMIT ? OFFSET ? [42001-176]" type="org.apache.ibatis.exceptions.PersistenceException">org.apache.ibatis.exceptions.PersistenceException: 
### Error querying database.  Cause: org.h2.jdbc.JdbcSQLException: Syntax error in SQL statement &quot;SELECT RES.* 
     
    FROM ACT_RU_JOB RES
     
     WHERE  RES.TYPE_ = &apos;message&apos; 
   
     ORDER BY  ORDER[*] BY RES.ID_ ASC  
    LIMIT ? OFFSET ? &quot;; expected &quot;=, NOT, EXISTS, INTERSECTS, SELECT, FROM&quot;; SQL statement:
select RES.* 
     
    from ACT_RU_JOB RES
     
     WHERE  RES.TYPE_ = &apos;message&apos; 
   
     order by  order by RES.ID_ asc  
    LIMIT ? OFFSET ? [42001-176]
### The error may exist in org/activiti/db/mapping/entity/Job.xml
### The error may involve org.activiti.engine.impl.persistence.entity.JobEntity.selectJobByQueryCriteria
### The error occurred while executing a query
### SQL: select RES.*            from ACT_RU_JOB RES            WHERE  RES.TYPE_ = &apos;message&apos;           order by  order by RES.ID_ asc       LIMIT ? OFFSET ?
### Cause: org.h2.jdbc.JdbcSQLException: Syntax error in SQL statement &quot;SELECT RES.* 
     
    FROM ACT_RU_JOB RES
     
     WHERE  RES.TYPE_ = &apos;message&apos; 
   
     ORDER BY  ORDER[*] BY RES.ID_ ASC  
    LIMIT ? OFFSET ? &quot;; expected &quot;=, NOT, EXISTS, INTERSECTS, SELECT, FROM&quot;; SQL statement:
select RES.* 
     
    from ACT_RU_JOB RES
     
     WHERE  RES.TYPE_ = &apos;message&apos; 
   
     order by  order by RES.ID_ asc  
    LIMIT ? OFFSET ? [42001-176]
	at org.apache.ibatis.exceptions.ExceptionFactory.wrapException(ExceptionFactory.java:30)
	at org.apache.ibatis.session.defaults.DefaultSqlSession.selectList(DefaultSqlSession.java:122)
	at org.apache.ibatis.session.defaults.DefaultSqlSession.selectList(DefaultSqlSession.java:113)
	at org.activiti.engine.impl.db.DbSqlSession.selectListWithRawParameter(DbSqlSession.java:438)
	at org.activiti.engine.impl.db.DbSqlSession.selectList(DbSqlSession.java:429)
	at org.activiti.engine.impl.db.DbSqlSession.selectList(DbSqlSession.java:419)
	at org.activiti.engine.impl.persistence.entity.JobEntityManager.findJobsByQueryCriteria(JobEntityManager.java:198)
	at org.activiti.engine.impl.JobQueryImpl.executeList(JobQueryImpl.java:243)
	at org.activiti.engine.impl.AbstractQuery.execute(AbstractQuery.java:164)
	at org.activiti.engine.impl.interceptor.CommandInvoker.execute(CommandInvoker.java:24)
	at org.activiti.engine.impl.interceptor.CommandContextInterceptor.execute(CommandContextInterceptor.java:57)
	at org.activiti.engine.impl.interceptor.LogInterceptor.execute(LogInterceptor.java:37)
	at org.activiti.engine.impl.cfg.CommandExecutorImpl.execute(CommandExecutorImpl.java:40)
	at org.activiti.engine.impl.cfg.CommandExecutorImpl.execute(CommandExecutorImpl.java:35)
	at org.activiti.engine.impl.AbstractQuery.list(AbstractQuery.java:138)
	at org.activiti.engine.test.api.mgmt.JobQueryTest.verifyQueryResults(JobQueryTest.java:400)
	at org.activiti.engine.test.api.mgmt.JobQueryTest.testQueryByOnlyMessages(JobQueryTest.java:188)
	at sun.reflect.NativeMethodAccessorImpl.invoke0(Native Method)
	at sun.reflect.NativeMethodAccessorImpl.invoke(NativeMethodAccessorImpl.java:62)
	at sun.reflect.DelegatingMethodAccessorImpl.invoke(DelegatingMethodAccessorImpl.java:43)
	at java.lang.reflect.Method.invoke(Method.java:498)
	at junit.framework.TestCase.runTest(TestCase.java:176)
	at org.activiti.engine.impl.test.PvmTestCase.runTest(PvmTestCase.java:65)
	at junit.framework.TestCase.runBare(TestCase.java:141)
	at org.activiti.engine.impl.test.AbstractActivitiTestCase.runBare(AbstractActivitiTestCase.java:100)
	at junit.framework.TestResult$1.protect(TestResult.java:122)
	at junit.framework.TestResult.runProtected(TestResult.java:142)
	at junit.framework.TestResult.run(TestResult.java:125)
	at junit.framework.TestCase.run(TestCase.java:129)
	at junit.framework.TestSuite.runTest(TestSuite.java:255)
	at junit.framework.TestSuite.run(TestSuite.java:250)
	at org.junit.internal.runners.JUnit38ClassRunner.run(JUnit38ClassRunner.java:84)
	at org.apache.maven.surefire.junit4.JUnit4TestSet.execute(JUnit4TestSet.java:35)
	at org.apache.maven.surefire.junit4.JUnit4Provider.executeTestSet(JUnit4Provider.java:146)
	at org.apache.maven.surefire.junit4.JUnit4Provider.invoke(JUnit4Provider.java:97)
	at sun.reflect.NativeMethodAccessorImpl.invoke0(Native Method)
	at sun.reflect.NativeMethodAccessorImpl.invoke(NativeMethodAccessorImpl.java:62)
	at sun.reflect.DelegatingMethodAccessorImpl.invoke(DelegatingMethodAccessorImpl.java:43)
	at java.lang.reflect.Method.invoke(Method.java:498)
	at org.apache.maven.surefire.booter.ProviderFactory$ClassLoaderProxy.invoke(ProviderFactory.java:103)
	at com.sun.proxy.$Proxy0.invoke(Unknown Source)
	at org.apache.maven.surefire.booter.SurefireStarter.invokeProvider(SurefireStarter.java:145)
	at org.apache.maven.surefire.booter.SurefireStarter.runSuitesInProcess(SurefireStarter.java:87)
	at org.apache.maven.surefire.booter.ForkedBooter.main(ForkedBooter.java:69)
Caused by: org.h2.jdbc.JdbcSQLException: Syntax error in SQL statement &quot;SELECT RES.* 
     
    FROM ACT_RU_JOB RES
     
     WHERE  RES.TYPE_ = &apos;message&apos; 
   
     ORDER BY  ORDER[*] BY RES.ID_ ASC  
    LIMIT ? OFFSET ? &quot;; expected &quot;=, NOT, EXISTS, INTERSECTS, SELECT, FROM&quot;; SQL statement:
select RES.* 
     
    from ACT_RU_JOB RES
     
     WHERE  RES.TYPE_ = &apos;message&apos; 
   
     order by  order by RES.ID_ asc  
    LIMIT ? OFFSET ? [42001-176]
	at org.h2.message.DbException.getJdbcSQLException(DbException.java:344)
	at org.h2.message.DbException.getSyntaxError(DbException.java:204)
	at org.h2.command.Parser.getSyntaxError(Parser.java:524)
	at org.h2.command.Parser.readTerm(Parser.java:2688)
	at org.h2.command.Parser.readFactor(Parser.java:2244)
	at org.h2.command.Parser.readSum(Parser.java:2231)
	at org.h2.command.Parser.readConcat(Parser.java:2201)
	at org.h2.command.Parser.readCondition(Parser.java:2051)
	at org.h2.command.Parser.readAnd(Parser.java:2023)
	at org.h2.command.Parser.readExpression(Parser.java:2015)
	at org.h2.command.Parser.parseEndOfQuery(Parser.java:1726)
	at org.h2.command.Parser.parseSelectUnionExtension(Parser.java:1706)
	at org.h2.command.Parser.parseSelectUnion(Parser.java:1675)
	at org.h2.command.Parser.parseSelect(Parser.java:1662)
	at org.h2.command.Parser.parsePrepared(Parser.java:434)
	at org.h2.command.Parser.parse(Parser.java:306)
	at org.h2.command.Parser.parse(Parser.java:282)
	at org.h2.command.Parser.prepareCommand(Parser.java:243)
	at org.h2.engine.Session.prepareLocal(Session.java:442)
	at org.h2.engine.Session.prepareCommand(Session.java:384)
	at org.h2.jdbc.JdbcConnection.prepareCommand(JdbcConnection.java:1188)
	at org.h2.jdbc.JdbcPreparedStatement.&lt;init&gt;(JdbcPreparedStatement.java:73)
	at org.h2.jdbc.JdbcConnection.prepareStatement(JdbcConnection.java:276)
	at sun.reflect.GeneratedMethodAccessor6.invoke(Unknown Source)
	at sun.reflect.DelegatingMethodAccessorImpl.invoke(DelegatingMethodAccessorImpl.java:43)
	at java.lang.reflect.Method.invoke(Method.java:498)
	at org.apache.ibatis.datasource.pooled.PooledConnection.invoke(PooledConnection.java:245)
	at com.sun.proxy.$Proxy12.prepareStatement(Unknown Source)
	at sun.reflect.GeneratedMethodAccessor6.invoke(Unknown Source)
	at sun.reflect.DelegatingMethodAccessorImpl.invoke(DelegatingMethodAccessorImpl.java:43)
	at java.lang.reflect.Method.invoke(Method.java:498)
	at org.apache.ibatis.logging.jdbc.ConnectionLogger.invoke(ConnectionLogger.java:55)
	at com.sun.proxy.$Proxy12.prepareStatement(Unknown Source)
	at org.apache.ibatis.executor.statement.PreparedStatementHandler.instantiateStatement(PreparedStatementHandler.java:79)
	at org.apache.ibatis.executor.statement.BaseStatementHandler.prepare(BaseStatementHandler.java:88)
	at org.apache.ibatis.executor.statement.RoutingStatementHandler.prepare(RoutingStatementHandler.java:58)
	at org.apache.ibatis.executor.SimpleExecutor.prepareStatement(SimpleExecutor.java:76)
	at org.apache.ibatis.executor.SimpleExecutor.doQuery(SimpleExecutor.java:61)
	at org.apache.ibatis.executor.BaseExecutor.queryFromDatabase(BaseExecutor.java:303)
	at org.apache.ibatis.executor.BaseExecutor.query(BaseExecutor.java:154)
	at org.apache.ibatis.executor.CachingExecutor.query(CachingExecutor.java:102)
	at org.apache.ibatis.executor.CachingExecutor.query(CachingExecutor.java:82)
	at org.apache.ibatis.session.defaults.DefaultSqlSession.selectList(DefaultSqlSession.java:120)
	... 42 more
</error>
    <system-out>10:44:57,282 [main] DEBUG org.activiti.engine.impl.interceptor.LogInterceptor  - 

10:44:57,282 [main] DEBUG org.activiti.engine.impl.interceptor.LogInterceptor  - --- starting DeployCmd --------------------------------------------------------
10:44:57,282 [main] DEBUG org.activiti.engine.impl.bpmn.deployer.BpmnDeployer  - Processing deployment null
10:44:57,282 [main] INFO  org.activiti.engine.impl.bpmn.deployer.BpmnDeployer  - Processing resource org/activiti/engine/test/api/mgmt/timerOnTask.bpmn20.xml
10:44:57,287 [main] DEBUG org.activiti.engine.impl.bpmn.parser.handler.ProcessParseHandler  - Parsing process timerOnTask
10:44:57,287 [main] DEBUG org.activiti.engine.impl.bpmn.parser.handler.AbstractBpmnParseHandler  - Parsing activity firstLineSupport
10:44:57,287 [main] DEBUG org.activiti.engine.impl.bpmn.parser.handler.AbstractBpmnParseHandler  - Parsing activity secondLineSupport
10:44:57,287 [main] DEBUG org.activiti.engine.impl.bpmn.parser.handler.AbstractBpmnParseHandler  - Parsing activity theStart
10:44:57,287 [main] DEBUG org.activiti.engine.impl.bpmn.parser.handler.AbstractBpmnParseHandler  - Parsing activity normalEnd
10:44:57,287 [main] DEBUG org.activiti.engine.impl.bpmn.parser.handler.AbstractBpmnParseHandler  - Parsing activity escalatedEnd
10:44:57,287 [main] DEBUG org.activiti.engine.impl.bpmn.parser.handler.AbstractBpmnParseHandler  - Parsing activity escalationTimer
10:44:57,287 [main] DEBUG org.apache.ibatis.transaction.jdbc.JdbcTransaction  - Opening JDBC Connection
10:44:57,287 [main] DEBUG org.apache.ibatis.datasource.pooled.PooledDataSource  - Checked out connection 363509958 from pool.
10:44:57,287 [main] DEBUG org.apache.ibatis.transaction.jdbc.JdbcTransaction  - Setting autocommit to false on JDBC Connection [conn2: url=jdbc:h2:mem:activiti user=SA]
10:44:57,287 [main] DEBUG org.activiti.engine.impl.persistence.entity.ProcessDefinitionEntity.selectLatestProcessDefinitionByKey  - ==&gt;  Preparing: select * from ACT_RE_PROCDEF where KEY_ = ? and (TENANT_ID_ = &apos;&apos; or TENANT_ID_ is null) and VERSION_ = (select max(VERSION_) from ACT_RE_PROCDEF where KEY_ = ? and (TENANT_ID_ = &apos;&apos; or TENANT_ID_ is null)) 
10:44:57,287 [main] DEBUG org.activiti.engine.impl.persistence.entity.ProcessDefinitionEntity.selectLatestProcessDefinitionByKey  - ==&gt; Parameters: timerOnTask(String), timerOnTask(String)
10:44:57,287 [main] DEBUG org.activiti.engine.impl.persistence.entity.ProcessDefinitionEntity.selectLatestProcessDefinitionByKey  - &lt;==      Total: 1
10:44:57,287 [main] DEBUG org.activiti.engine.impl.persistence.entity.JobEntity.selectJobByTypeAndProcessDefinitionKeyNoTenantId  - ==&gt;  Preparing: select J.* from ACT_RU_JOB J inner join ACT_RE_PROCDEF P on J.PROC_DEF_ID_ = P.ID_ where J.HANDLER_TYPE_ = ? and P.KEY_ = ? and (P.TENANT_ID_ = &apos;&apos; or P.TENANT_ID_ is null) 
10:44:57,287 [main] DEBUG org.activiti.engine.impl.persistence.entity.JobEntity.selectJobByTypeAndProcessDefinitionKeyNoTenantId  - ==&gt; Parameters: timer-start-event(String), timerOnTask(String)
10:44:57,287 [main] DEBUG org.activiti.engine.impl.persistence.entity.JobEntity.selectJobByTypeAndProcessDefinitionKeyNoTenantId  - &lt;==      Total: 0
10:44:57,287 [main] DEBUG org.activiti.engine.impl.persistence.entity.EventSubscriptionEntity.selectEventSubscriptionsByConfiguration  - ==&gt;  Preparing: select * from ACT_RU_EVENT_SUBSCR where (EVENT_TYPE_ = ?) and ( (CONFIGURATION_ = ?) or (PROC_DEF_ID_ = ?) ) and (TENANT_ID_ = &apos;&apos; or TENANT_ID_ is null) 
10:44:57,287 [main] DEBUG org.activiti.engine.impl.persistence.entity.EventSubscriptionEntity.selectEventSubscriptionsByConfiguration  - ==&gt; Parameters: message(String), timerOnTask:1:1731(String), timerOnTask:1:1731(String)
10:44:57,287 [main] DEBUG org.activiti.engine.impl.persistence.entity.EventSubscriptionEntity.selectEventSubscriptionsByConfiguration  - &lt;==      Total: 0
10:44:57,287 [main] DEBUG org.activiti.engine.impl.persistence.entity.EventSubscriptionEntity.selectEventSubscriptionsByConfiguration  - ==&gt;  Preparing: select * from ACT_RU_EVENT_SUBSCR where (EVENT_TYPE_ = ?) and ( (CONFIGURATION_ = ?) or (PROC_DEF_ID_ = ?) ) and (TENANT_ID_ = &apos;&apos; or TENANT_ID_ is null) 
10:44:57,287 [main] DEBUG org.activiti.engine.impl.persistence.entity.EventSubscriptionEntity.selectEventSubscriptionsByConfiguration  - ==&gt; Parameters: signal(String), timerOnTask:1:1731(String), timerOnTask:1:1731(String)
10:44:57,287 [main] DEBUG org.activiti.engine.impl.persistence.entity.EventSubscriptionEntity.selectEventSubscriptionsByConfiguration  - &lt;==      Total: 0
10:44:57,288 [main] DEBUG org.activiti.engine.impl.persistence.entity.ProcessDefinitionInfoEntity.selectProcessDefinitionInfoByProcessDefinitionId  - ==&gt;  Preparing: select * from ACT_PROCDEF_INFO where PROC_DEF_ID_ = ? 
10:44:57,288 [main] DEBUG org.activiti.engine.impl.persistence.entity.ProcessDefinitionInfoEntity.selectProcessDefinitionInfoByProcessDefinitionId  - ==&gt; Parameters: timerOnTask:2:1753(String)
10:44:57,288 [main] DEBUG org.activiti.engine.impl.persistence.entity.ProcessDefinitionInfoEntity.selectProcessDefinitionInfoByProcessDefinitionId  - &lt;==      Total: 0
10:44:57,288 [main] DEBUG org.activiti.engine.impl.interceptor.LogInterceptor  - 

10:44:57,288 [main] DEBUG org.activiti.engine.impl.interceptor.LogInterceptor  - --- starting GetProcessDefinitionInfoCmd --------------------------------------------------------
10:44:57,288 [main] DEBUG org.activiti.engine.impl.interceptor.CommandContextInterceptor  - Valid context found. Reusing it for the current command &apos;org.activiti.engine.impl.cmd.GetProcessDefinitionInfoCmd&apos;
10:44:57,288 [main] DEBUG org.activiti.engine.impl.interceptor.LogInterceptor  - 

10:44:57,288 [main] DEBUG org.activiti.engine.impl.interceptor.LogInterceptor  - --- starting  --------------------------------------------------------
10:44:57,288 [main] DEBUG org.activiti.engine.impl.interceptor.CommandContextInterceptor  - Valid context found. Reusing it for the current command &apos;null&apos;
10:44:57,288 [main] DEBUG org.activiti.engine.impl.interceptor.LogInterceptor  - ---  finished --------------------------------------------------------
10:44:57,288 [main] DEBUG org.activiti.engine.impl.interceptor.LogInterceptor  - 

10:44:57,288 [main] DEBUG org.activiti.engine.impl.interceptor.LogInterceptor  - --- GetProcessDefinitionInfoCmd finished --------------------------------------------------------
10:44:57,288 [main] DEBUG org.activiti.engine.impl.interceptor.LogInterceptor  - 

10:44:57,288 [main] DEBUG org.activiti.engine.impl.db.DbSqlSession  -   insert ResourceEntity[id=1752, name=org/activiti/engine/test/api/mgmt/timerOnTask.bpmn20.xml]
10:44:57,288 [main] DEBUG org.activiti.engine.impl.db.DbSqlSession  -   insert DeploymentEntity[id=1751, name=null]
10:44:57,288 [main] DEBUG org.activiti.engine.impl.db.DbSqlSession  -   insert ProcessDefinitionEntity[timerOnTask:2:1753]
10:44:57,288 [main] DEBUG org.activiti.engine.impl.db.DbSqlSession  - flush summary: 3 insert, 0 update, 0 delete.
10:44:57,288 [main] DEBUG org.activiti.engine.impl.db.DbSqlSession  - now executing flush...
10:44:57,288 [main] DEBUG org.activiti.engine.impl.db.DbSqlSession  - inserting: ProcessDefinitionEntity[timerOnTask:2:1753]
10:44:57,288 [main] DEBUG org.activiti.engine.impl.persistence.entity.ProcessDefinitionEntity.insertProcessDefinition  - ==&gt;  Preparing: insert into ACT_RE_PROCDEF(ID_, REV_, CATEGORY_, NAME_, KEY_, VERSION_, DEPLOYMENT_ID_, RESOURCE_NAME_, DGRM_RESOURCE_NAME_, DESCRIPTION_, HAS_START_FORM_KEY_, HAS_GRAPHICAL_NOTATION_ , SUSPENSION_STATE_, TENANT_ID_) values (?, 1, ?, ?, ?, ?, ?, ?, ?, ?, ?, ?, ?, ?) 
10:44:57,288 [main] DEBUG org.activiti.engine.impl.persistence.entity.ProcessDefinitionEntity.insertProcessDefinition  - ==&gt; Parameters: timerOnTask:2:1753(String), org.activiti.enginge.test.api.mgmt(String), null, timerOnTask(String), 2(Integer), 1751(String), org/activiti/engine/test/api/mgmt/timerOnTask.bpmn20.xml(String), null, null, false(Boolean), false(Boolean), 1(Integer), (String)
10:44:57,288 [main] DEBUG org.activiti.engine.impl.persistence.entity.ProcessDefinitionEntity.insertProcessDefinition  - &lt;==    Updates: 1
10:44:57,288 [main] DEBUG org.activiti.engine.impl.db.DbSqlSession  - inserting: DeploymentEntity[id=1751, name=null]
10:44:57,288 [main] DEBUG org.activiti.engine.impl.persistence.entity.DeploymentEntity.insertDeployment  - ==&gt;  Preparing: insert into ACT_RE_DEPLOYMENT(ID_, NAME_, CATEGORY_, TENANT_ID_, DEPLOY_TIME_) values(?, ?, ?, ?, ?) 
10:44:57,288 [main] DEBUG org.activiti.engine.impl.persistence.entity.DeploymentEntity.insertDeployment  - ==&gt; Parameters: 1751(String), null, null, (String), 2023-03-20 12:44:57.0(Timestamp)
10:44:57,288 [main] DEBUG org.activiti.engine.impl.persistence.entity.DeploymentEntity.insertDeployment  - &lt;==    Updates: 1
10:44:57,288 [main] DEBUG org.activiti.engine.impl.db.DbSqlSession  - inserting: ResourceEntity[id=1752, name=org/activiti/engine/test/api/mgmt/timerOnTask.bpmn20.xml]
10:44:57,288 [main] DEBUG org.activiti.engine.impl.persistence.entity.ResourceEntity.insertResource  - ==&gt;  Preparing: insert into ACT_GE_BYTEARRAY(ID_, REV_, NAME_, BYTES_, DEPLOYMENT_ID_, GENERATED_) values (?, 1, ?, ?, ?, ?) 
10:44:57,288 [main] DEBUG org.activiti.engine.impl.persistence.entity.ResourceEntity.insertResource  - ==&gt; Parameters: 1752(String), org/activiti/engine/test/api/mgmt/timerOnTask.bpmn20.xml(String), java.io.ByteArrayInputStream@7f13811b(ByteArrayInputStream), 1751(String), false(Boolean)
10:44:57,288 [main] DEBUG org.activiti.engine.impl.persistence.entity.ResourceEntity.insertResource  - &lt;==    Updates: 1
10:44:57,288 [main] DEBUG org.activiti.engine.impl.cfg.standalone.StandaloneMybatisTransactionContext  - firing event committing...
10:44:57,288 [main] DEBUG org.activiti.engine.impl.cfg.standalone.StandaloneMybatisTransactionContext  - committing the ibatis sql session...
10:44:57,288 [main] DEBUG org.apache.ibatis.transaction.jdbc.JdbcTransaction  - Committing JDBC Connection [conn2: url=jdbc:h2:mem:activiti user=SA]
10:44:57,288 [main] DEBUG org.activiti.engine.impl.cfg.standalone.StandaloneMybatisTransactionContext  - firing event committed...
10:44:57,288 [main] DEBUG org.apache.ibatis.transaction.jdbc.JdbcTransaction  - Resetting autocommit to true on JDBC Connection [conn2: url=jdbc:h2:mem:activiti user=SA]
10:44:57,288 [main] DEBUG org.apache.ibatis.transaction.jdbc.JdbcTransaction  - Closing JDBC Connection [conn2: url=jdbc:h2:mem:activiti user=SA]
10:44:57,288 [main] DEBUG org.apache.ibatis.datasource.pooled.PooledDataSource  - Returned connection 363509958 to pool.
10:44:57,288 [main] DEBUG org.activiti.engine.impl.interceptor.LogInterceptor  - --- DeployCmd finished --------------------------------------------------------
10:44:57,288 [main] DEBUG org.activiti.engine.impl.interceptor.LogInterceptor  - 

10:44:57,288 [main] DEBUG org.activiti.engine.impl.interceptor.LogInterceptor  - 

10:44:57,288 [main] DEBUG org.activiti.engine.impl.interceptor.LogInterceptor  - --- starting StartProcessInstanceCmd --------------------------------------------------------
10:44:57,288 [main] DEBUG org.apache.ibatis.transaction.jdbc.JdbcTransaction  - Opening JDBC Connection
10:44:57,288 [main] DEBUG org.apache.ibatis.datasource.pooled.PooledDataSource  - Checked out connection 180014677 from pool.
10:44:57,288 [main] DEBUG org.apache.ibatis.transaction.jdbc.JdbcTransaction  - Setting autocommit to false on JDBC Connection [conn3: url=jdbc:h2:mem:activiti user=SA]
10:44:57,288 [main] DEBUG org.activiti.engine.impl.persistence.entity.ProcessDefinitionEntity.selectLatestProcessDefinitionByKey  - ==&gt;  Preparing: select * from ACT_RE_PROCDEF where KEY_ = ? and (TENANT_ID_ = &apos;&apos; or TENANT_ID_ is null) and VERSION_ = (select max(VERSION_) from ACT_RE_PROCDEF where KEY_ = ? and (TENANT_ID_ = &apos;&apos; or TENANT_ID_ is null)) 
10:44:57,288 [main] DEBUG org.activiti.engine.impl.persistence.entity.ProcessDefinitionEntity.selectLatestProcessDefinitionByKey  - ==&gt; Parameters: timerOnTask(String), timerOnTask(String)
10:44:57,288 [main] DEBUG org.activiti.engine.impl.persistence.entity.ProcessDefinitionEntity.selectLatestProcessDefinitionByKey  - &lt;==      Total: 1
10:44:57,288 [main] DEBUG org.activiti.engine.impl.persistence.entity.ExecutionEntity  - initializing ProcessInstance[1754]
10:44:57,288 [main] DEBUG org.activiti.engine.impl.history.DefaultHistoryManager  - Current history level: FULL, level required: ACTIVITY
10:44:57,289 [main] DEBUG org.activiti.engine.impl.pvm.runtime.AtomicOperationActivityExecute  - ProcessInstance[1754] executes Activity(theStart): org.activiti.engine.impl.bpmn.behavior.NoneStartEventActivityBehavior
10:44:57,289 [main] DEBUG org.activiti.engine.impl.persistence.entity.JobEntity.selectJobsByExecutionId  - ==&gt;  Preparing: select * from ACT_RU_JOB J where J.EXECUTION_ID_ = ? 
10:44:57,289 [main] DEBUG org.activiti.engine.impl.persistence.entity.JobEntity.selectJobsByExecutionId  - ==&gt; Parameters: 1754(String)
10:44:57,289 [main] DEBUG org.activiti.engine.impl.persistence.entity.JobEntity.selectJobsByExecutionId  - &lt;==      Total: 0
10:44:57,289 [main] DEBUG org.activiti.engine.impl.bpmn.behavior.BpmnActivityBehavior  - Leaving activity &apos;theStart&apos;
10:44:57,289 [main] DEBUG org.activiti.engine.impl.history.DefaultHistoryManager  - Current history level: FULL, level required: ACTIVITY
10:44:57,289 [main] DEBUG org.activiti.engine.impl.pvm.runtime.AtomicOperationTransitionNotifyListenerTake  - ProcessInstance[1754] takes transition (theStart)--flow1--&gt;(firstLineSupport)
10:44:57,289 [main] DEBUG org.activiti.engine.impl.persistence.entity.ExecutionEntity  - Child execution ScopeExecution[1756] created with parent 
10:44:57,289 [main] DEBUG org.activiti.engine.impl.pvm.runtime.AtomicOperationTransitionCreateScope  - create scope: parent ProcessInstance[1754] continues as execution ScopeExecution[1756]
10:44:57,289 [main] DEBUG org.activiti.engine.impl.persistence.entity.ExecutionEntity  - initializing ScopeExecution[1756]
10:44:57,289 [main] DEBUG org.activiti.engine.impl.persistence.entity.JobEntity.selectJobsByExecutionId  - ==&gt;  Preparing: select * from ACT_RU_JOB J where J.EXECUTION_ID_ = ? 
10:44:57,289 [main] DEBUG org.activiti.engine.impl.persistence.entity.JobEntity.selectJobsByExecutionId  - ==&gt; Parameters: 1756(String)
10:44:57,289 [main] DEBUG org.activiti.engine.impl.persistence.entity.JobEntity.selectJobsByExecutionId  - &lt;==      Total: 0
10:44:57,289 [main] DEBUG org.activiti.engine.impl.history.DefaultHistoryManager  - Current history level: FULL, level required: ACTIVITY
10:44:57,289 [main] DEBUG org.activiti.engine.impl.pvm.runtime.AtomicOperationActivityExecute  - ScopeExecution[1756] executes Activity(firstLineSupport): org.activiti.engine.impl.bpmn.behavior.UserTaskActivityBehavior
10:44:57,289 [main] DEBUG org.activiti.engine.impl.persistence.entity.TaskEntity.selectTasksByExecutionId  - ==&gt;  Preparing: select distinct T.* from ACT_RU_TASK T where T.EXECUTION_ID_ = ? 
10:44:57,289 [main] DEBUG org.activiti.engine.impl.persistence.entity.TaskEntity.selectTasksByExecutionId  - ==&gt; Parameters: 1756(String)
10:44:57,290 [main] DEBUG org.activiti.engine.impl.persistence.entity.TaskEntity.selectTasksByExecutionId  - &lt;==      Total: 0
10:44:57,290 [main] DEBUG org.activiti.engine.impl.history.DefaultHistoryManager  - Current history level: FULL, level required: AUDIT
10:44:57,290 [main] DEBUG org.activiti.engine.impl.history.DefaultHistoryManager  - Current history level: FULL, level required: AUDIT
10:44:57,290 [main] DEBUG org.activiti.engine.impl.interceptor.LogInterceptor  - 

10:44:57,290 [main] DEBUG org.activiti.engine.impl.interceptor.LogInterceptor  - --- starting  --------------------------------------------------------
10:44:57,290 [main] DEBUG org.activiti.engine.impl.interceptor.CommandContextInterceptor  - Valid context found. Reusing it for the current command &apos;null&apos;
10:44:57,290 [main] DEBUG org.activiti.engine.impl.persistence.entity.ProcessDefinitionInfoEntity.selectProcessDefinitionInfoByProcessDefinitionId  - ==&gt;  Preparing: select * from ACT_PROCDEF_INFO where PROC_DEF_ID_ = ? 
10:44:57,290 [main] DEBUG org.activiti.engine.impl.persistence.entity.ProcessDefinitionInfoEntity.selectProcessDefinitionInfoByProcessDefinitionId  - ==&gt; Parameters: timerOnTask:2:1753(String)
10:44:57,290 [main] DEBUG org.activiti.engine.impl.persistence.entity.ProcessDefinitionInfoEntity.selectProcessDefinitionInfoByProcessDefinitionId  - &lt;==      Total: 0
10:44:57,290 [main] DEBUG org.activiti.engine.impl.interceptor.LogInterceptor  - ---  finished --------------------------------------------------------
10:44:57,290 [main] DEBUG org.activiti.engine.impl.interceptor.LogInterceptor  - 

10:44:57,290 [main] DEBUG org.activiti.engine.impl.history.DefaultHistoryManager  - Current history level: FULL, level required: AUDIT
10:44:57,290 [main] DEBUG org.activiti.engine.impl.history.DefaultHistoryManager  - Current history level: FULL, level required: AUDIT
10:44:57,290 [main] DEBUG org.activiti.engine.impl.history.DefaultHistoryManager  - Current history level: FULL, level required: ACTIVITY
10:44:57,290 [main] DEBUG org.activiti.engine.impl.db.DbSqlSession  -   insert ProcessInstance[1754]
10:44:57,290 [main] DEBUG org.activiti.engine.impl.db.DbSqlSession  -   insert ScopeExecution[1756]
10:44:57,290 [main] DEBUG org.activiti.engine.impl.db.DbSqlSession  -   insert HistoricProcessInstanceEntity[superProcessInstanceId=null]
10:44:57,290 [main] DEBUG org.activiti.engine.impl.db.DbSqlSession  -   insert Task[id=1759, name=First line support]
10:44:57,290 [main] DEBUG org.activiti.engine.impl.db.DbSqlSession  -   insert HistoricTaskInstanceEntity[id=1759, name=First line support]
10:44:57,290 [main] DEBUG org.activiti.engine.impl.db.DbSqlSession  -   insert HistoricActivityInstanceEntity[activityId=theStart, activityName=null]
10:44:57,290 [main] DEBUG org.activiti.engine.impl.db.DbSqlSession  -   insert HistoricActivityInstanceEntity[activityId=firstLineSupport, activityName=First line support]
10:44:57,290 [main] DEBUG org.activiti.engine.impl.db.DbSqlSession  -   insert JobEntity [id=1757]
10:44:57,290 [main] DEBUG org.activiti.engine.impl.db.DbSqlSession  - flush summary: 8 insert, 0 update, 0 delete.
10:44:57,290 [main] DEBUG org.activiti.engine.impl.db.DbSqlSession  - now executing flush...
10:44:57,290 [main] DEBUG org.activiti.engine.impl.db.DbSqlSession  - inserting: HistoricTaskInstanceEntity[id=1759, name=First line support]
10:44:57,290 [main] DEBUG org.activiti.engine.impl.persistence.entity.HistoricTaskInstanceEntity.insertHistoricTaskInstance  - ==&gt;  Preparing: insert into ACT_HI_TASKINST ( ID_, PROC_DEF_ID_, PROC_INST_ID_, EXECUTION_ID_, NAME_, PARENT_TASK_ID_, DESCRIPTION_, OWNER_, ASSIGNEE_, START_TIME_, CLAIM_TIME_, END_TIME_, DURATION_, DELETE_REASON_, TASK_DEF_KEY_, FORM_KEY_, PRIORITY_, DUE_DATE_, CATEGORY_, TENANT_ID_ ) values ( ?, ?, ?, ?, ?, ?, ?, ?, ?, ?, ?, ?, ?, ?, ?, ?, ?, ?, ?, ? ) 
10:44:57,290 [main] DEBUG org.activiti.engine.impl.persistence.entity.HistoricTaskInstanceEntity.insertHistoricTaskInstance  - ==&gt; Parameters: 1759(String), timerOnTask:2:1753(String), 1754(String), 1756(String), First line support(String), null, null, null, null, 2023-03-20 10:44:57.0(Timestamp), null, null, null, null, firstLineSupport(String), null, 50(Integer), null, null, (String)
10:44:57,290 [main] DEBUG org.activiti.engine.impl.persistence.entity.HistoricTaskInstanceEntity.insertHistoricTaskInstance  - &lt;==    Updates: 1
10:44:57,290 [main] DEBUG org.activiti.engine.impl.db.DbSqlSession  - inserting: HistoricProcessInstanceEntity[superProcessInstanceId=null]
10:44:57,290 [main] DEBUG org.activiti.engine.impl.persistence.entity.HistoricProcessInstanceEntity.insertHistoricProcessInstance  - ==&gt;  Preparing: insert into ACT_HI_PROCINST ( ID_, PROC_INST_ID_, BUSINESS_KEY_, PROC_DEF_ID_, START_TIME_, END_TIME_, DURATION_, START_USER_ID_, START_ACT_ID_, END_ACT_ID_, SUPER_PROCESS_INSTANCE_ID_, DELETE_REASON_, TENANT_ID_, NAME_ ) values ( ?, ?, ?, ?, ?, ?, ?, ?, ?, ?, ?, ?, ?, ? ) 
10:44:57,290 [main] DEBUG org.activiti.engine.impl.persistence.entity.HistoricProcessInstanceEntity.insertHistoricProcessInstance  - ==&gt; Parameters: 1754(String), 1754(String), null, timerOnTask:2:1753(String), 2023-03-20 10:44:57.0(Timestamp), null, null, null, theStart(String), null, null, null, (String), null
10:44:57,290 [main] DEBUG org.activiti.engine.impl.persistence.entity.HistoricProcessInstanceEntity.insertHistoricProcessInstance  - &lt;==    Updates: 1
10:44:57,290 [main] DEBUG org.activiti.engine.impl.persistence.entity.HistoricActivityInstanceEntity.bulkInsertHistoricActivityInstance  - ==&gt;  Preparing: insert into ACT_HI_ACTINST ( ID_, PROC_DEF_ID_, PROC_INST_ID_, EXECUTION_ID_, ACT_ID_, TASK_ID_, CALL_PROC_INST_ID_, ACT_NAME_, ACT_TYPE_, ASSIGNEE_, START_TIME_, END_TIME_, DURATION_, TENANT_ID_ ) values (?, ?, ?, ?, ?, ?, ?, ?, ?, ?, ?, ?, ?, ?) , (?, ?, ?, ?, ?, ?, ?, ?, ?, ?, ?, ?, ?, ?) 
10:44:57,290 [main] DEBUG org.activiti.engine.impl.persistence.entity.HistoricActivityInstanceEntity.bulkInsertHistoricActivityInstance  - ==&gt; Parameters: 1755(String), timerOnTask:2:1753(String), 1754(String), 1754(String), theStart(String), null, null, null, startEvent(String), null, 2023-03-20 10:44:57.0(Timestamp), 2023-03-20 10:44:57.0(Timestamp), 0(Long), (String), 1758(String), timerOnTask:2:1753(String), 1754(String), 1756(String), firstLineSupport(String), 1759(String), null, First line support(String), userTask(String), null, 2023-03-20 10:44:57.0(Timestamp), null, null, (String)
10:44:57,290 [main] DEBUG org.activiti.engine.impl.persistence.entity.HistoricActivityInstanceEntity.bulkInsertHistoricActivityInstance  - &lt;==    Updates: 2
10:44:57,290 [main] DEBUG org.activiti.engine.impl.persistence.entity.ExecutionEntity.bulkInsertExecution  - ==&gt;  Preparing: insert into ACT_RU_EXECUTION (ID_, REV_, PROC_INST_ID_, BUSINESS_KEY_, PROC_DEF_ID_, ACT_ID_, IS_ACTIVE_, IS_CONCURRENT_, IS_SCOPE_,IS_EVENT_SCOPE_, PARENT_ID_, SUPER_EXEC_, SUSPENSION_STATE_, CACHED_ENT_STATE_, TENANT_ID_, NAME_) values (?, 1, ?, ?, ?, ?, ?, ?, ?, ?, ?, ?, ?, ?, ?, ?) , (?, 1, ?, ?, ?, ?, ?, ?, ?, ?, ?, ?, ?, ?, ?, ?) 
10:44:57,290 [main] DEBUG org.activiti.engine.impl.persistence.entity.ExecutionEntity.bulkInsertExecution  - ==&gt; Parameters: 1754(String), 1754(String), null, timerOnTask:2:1753(String), null, false(Boolean), false(Boolean), true(Boolean), false(Boolean), null, null, 1(Integer), 2(Integer), (String), null, 1756(String), 1754(String), null, timerOnTask:2:1753(String), firstLineSupport(String), true(Boolean), false(Boolean), true(Boolean), false(Boolean), 1754(String), null, 1(Integer), 6(Integer), (String), null
10:44:57,291 [main] DEBUG org.activiti.engine.impl.persistence.entity.ExecutionEntity.bulkInsertExecution  - &lt;==    Updates: 2
10:44:57,291 [main] DEBUG org.activiti.engine.impl.db.DbSqlSession  - inserting: Task[id=1759, name=First line support]
10:44:57,291 [main] DEBUG org.activiti.engine.impl.persistence.entity.TaskEntity.insertTask  - ==&gt;  Preparing: insert into ACT_RU_TASK (ID_, REV_, NAME_, PARENT_TASK_ID_, DESCRIPTION_, PRIORITY_, CREATE_TIME_, OWNER_, ASSIGNEE_, DELEGATION_, EXECUTION_ID_, PROC_INST_ID_, PROC_DEF_ID_, TASK_DEF_KEY_, DUE_DATE_, CATEGORY_, SUSPENSION_STATE_, TENANT_ID_, FORM_KEY_) values (?, 1, ?, ?, ?, ?, ?, ?, ?, ?, ?, ?, ?, ?, ?, ?, ?, ?, ? ) 
10:44:57,291 [main] DEBUG org.activiti.engine.impl.persistence.entity.TaskEntity.insertTask  - ==&gt; Parameters: 1759(String), First line support(String), null, null, 50(Integer), 2023-03-20 10:44:57.0(Timestamp), null, null, null, 1756(String), 1754(String), timerOnTask:2:1753(String), firstLineSupport(String), null, null, 1(Integer), (String), null
10:44:57,291 [main] DEBUG org.activiti.engine.impl.persistence.entity.TaskEntity.insertTask  - &lt;==    Updates: 1
10:44:57,291 [main] DEBUG org.activiti.engine.impl.db.DbSqlSession  - inserting: JobEntity [id=1757]
10:44:57,291 [main] DEBUG org.activiti.engine.impl.persistence.entity.JobEntity.insertTimer  - ==&gt;  Preparing: insert into ACT_RU_JOB ( ID_, REV_, TYPE_, LOCK_OWNER_, LOCK_EXP_TIME_, EXCLUSIVE_, EXECUTION_ID_, PROCESS_INSTANCE_ID_, PROC_DEF_ID_, RETRIES_, EXCEPTION_STACK_ID_, EXCEPTION_MSG_, DUEDATE_, REPEAT_, HANDLER_TYPE_, HANDLER_CFG_, TENANT_ID_) values (?, 1, &apos;timer&apos;, ?, ?, ?, ?, ?, ?, ?, ?, ?, ?, ?, ?, ?, ? ) 
10:44:57,291 [main] DEBUG org.activiti.engine.impl.persistence.entity.JobEntity.insertTimer  - ==&gt; Parameters: 1757(String), null, null, true(Boolean), 1756(String), 1754(String), timerOnTask:2:1753(String), 3(Integer), null, null, 2023-03-20 11:44:57.0(Timestamp), null, timer-transition(String), {&quot;activityId&quot;:&quot;escalationTimer&quot;}(String), (String)
10:44:57,291 [main] DEBUG org.activiti.engine.impl.persistence.entity.JobEntity.insertTimer  - &lt;==    Updates: 1
10:44:57,291 [main] DEBUG org.activiti.engine.impl.cfg.standalone.StandaloneMybatisTransactionContext  - firing event committing...
10:44:57,291 [main] DEBUG org.activiti.engine.impl.cfg.standalone.StandaloneMybatisTransactionContext  - committing the ibatis sql session...
10:44:57,291 [main] DEBUG org.apache.ibatis.transaction.jdbc.JdbcTransaction  - Committing JDBC Connection [conn3: url=jdbc:h2:mem:activiti user=SA]
10:44:57,291 [main] DEBUG org.activiti.engine.impl.cfg.standalone.StandaloneMybatisTransactionContext  - firing event committed...
10:44:57,291 [main] DEBUG org.apache.ibatis.transaction.jdbc.JdbcTransaction  - Resetting autocommit to true on JDBC Connection [conn3: url=jdbc:h2:mem:activiti user=SA]
10:44:57,291 [main] DEBUG org.apache.ibatis.transaction.jdbc.JdbcTransaction  - Closing JDBC Connection [conn3: url=jdbc:h2:mem:activiti user=SA]
10:44:57,291 [main] DEBUG org.apache.ibatis.datasource.pooled.PooledDataSource  - Returned connection 180014677 to pool.
10:44:57,291 [main] DEBUG org.activiti.engine.impl.interceptor.LogInterceptor  - --- StartProcessInstanceCmd finished --------------------------------------------------------
10:44:57,291 [main] DEBUG org.activiti.engine.impl.interceptor.LogInterceptor  - 

10:44:57,291 [main] DEBUG org.activiti.engine.impl.interceptor.LogInterceptor  - 

10:44:57,291 [main] DEBUG org.activiti.engine.impl.interceptor.LogInterceptor  - --- starting StartProcessInstanceCmd --------------------------------------------------------
10:44:57,291 [main] DEBUG org.apache.ibatis.transaction.jdbc.JdbcTransaction  - Opening JDBC Connection
10:44:57,291 [main] DEBUG org.apache.ibatis.datasource.pooled.PooledDataSource  - Checked out connection 297240765 from pool.
10:44:57,291 [main] DEBUG org.apache.ibatis.transaction.jdbc.JdbcTransaction  - Setting autocommit to false on JDBC Connection [conn4: url=jdbc:h2:mem:activiti user=SA]
10:44:57,291 [main] DEBUG org.activiti.engine.impl.persistence.entity.ProcessDefinitionEntity.selectLatestProcessDefinitionByKey  - ==&gt;  Preparing: select * from ACT_RE_PROCDEF where KEY_ = ? and (TENANT_ID_ = &apos;&apos; or TENANT_ID_ is null) and VERSION_ = (select max(VERSION_) from ACT_RE_PROCDEF where KEY_ = ? and (TENANT_ID_ = &apos;&apos; or TENANT_ID_ is null)) 
10:44:57,291 [main] DEBUG org.activiti.engine.impl.persistence.entity.ProcessDefinitionEntity.selectLatestProcessDefinitionByKey  - ==&gt; Parameters: timerOnTask(String), timerOnTask(String)
10:44:57,291 [main] DEBUG org.activiti.engine.impl.persistence.entity.ProcessDefinitionEntity.selectLatestProcessDefinitionByKey  - &lt;==      Total: 1
10:44:57,291 [main] DEBUG org.activiti.engine.impl.persistence.entity.ExecutionEntity  - initializing ProcessInstance[1760]
10:44:57,291 [main] DEBUG org.activiti.engine.impl.history.DefaultHistoryManager  - Current history level: FULL, level required: ACTIVITY
10:44:57,291 [main] DEBUG org.activiti.engine.impl.pvm.runtime.AtomicOperationActivityExecute  - ProcessInstance[1760] executes Activity(theStart): org.activiti.engine.impl.bpmn.behavior.NoneStartEventActivityBehavior
10:44:57,291 [main] DEBUG org.activiti.engine.impl.persistence.entity.JobEntity.selectJobsByExecutionId  - ==&gt;  Preparing: select * from ACT_RU_JOB J where J.EXECUTION_ID_ = ? 
10:44:57,291 [main] DEBUG org.activiti.engine.impl.persistence.entity.JobEntity.selectJobsByExecutionId  - ==&gt; Parameters: 1760(String)
10:44:57,291 [main] DEBUG org.activiti.engine.impl.persistence.entity.JobEntity.selectJobsByExecutionId  - &lt;==      Total: 0
10:44:57,291 [main] DEBUG org.activiti.engine.impl.bpmn.behavior.BpmnActivityBehavior  - Leaving activity &apos;theStart&apos;
10:44:57,291 [main] DEBUG org.activiti.engine.impl.history.DefaultHistoryManager  - Current history level: FULL, level required: ACTIVITY
10:44:57,291 [main] DEBUG org.activiti.engine.impl.pvm.runtime.AtomicOperationTransitionNotifyListenerTake  - ProcessInstance[1760] takes transition (theStart)--flow1--&gt;(firstLineSupport)
10:44:57,291 [main] DEBUG org.activiti.engine.impl.persistence.entity.ExecutionEntity  - Child execution ScopeExecution[1762] created with parent 
10:44:57,291 [main] DEBUG org.activiti.engine.impl.pvm.runtime.AtomicOperationTransitionCreateScope  - create scope: parent ProcessInstance[1760] continues as execution ScopeExecution[1762]
10:44:57,291 [main] DEBUG org.activiti.engine.impl.persistence.entity.ExecutionEntity  - initializing ScopeExecution[1762]
10:44:57,292 [main] DEBUG org.activiti.engine.impl.persistence.entity.JobEntity.selectJobsByExecutionId  - ==&gt;  Preparing: select * from ACT_RU_JOB J where J.EXECUTION_ID_ = ? 
10:44:57,292 [main] DEBUG org.activiti.engine.impl.persistence.entity.JobEntity.selectJobsByExecutionId  - ==&gt; Parameters: 1762(String)
10:44:57,292 [main] DEBUG org.activiti.engine.impl.persistence.entity.JobEntity.selectJobsByExecutionId  - &lt;==      Total: 0
10:44:57,292 [main] DEBUG org.activiti.engine.impl.history.DefaultHistoryManager  - Current history level: FULL, level required: ACTIVITY
10:44:57,292 [main] DEBUG org.activiti.engine.impl.pvm.runtime.AtomicOperationActivityExecute  - ScopeExecution[1762] executes Activity(firstLineSupport): org.activiti.engine.impl.bpmn.behavior.UserTaskActivityBehavior
10:44:57,292 [main] DEBUG org.activiti.engine.impl.persistence.entity.TaskEntity.selectTasksByExecutionId  - ==&gt;  Preparing: select distinct T.* from ACT_RU_TASK T where T.EXECUTION_ID_ = ? 
10:44:57,292 [main] DEBUG org.activiti.engine.impl.persistence.entity.TaskEntity.selectTasksByExecutionId  - ==&gt; Parameters: 1762(String)
10:44:57,292 [main] DEBUG org.activiti.engine.impl.persistence.entity.TaskEntity.selectTasksByExecutionId  - &lt;==      Total: 0
10:44:57,292 [main] DEBUG org.activiti.engine.impl.history.DefaultHistoryManager  - Current history level: FULL, level required: AUDIT
10:44:57,292 [main] DEBUG org.activiti.engine.impl.history.DefaultHistoryManager  - Current history level: FULL, level required: AUDIT
10:44:57,292 [main] DEBUG org.activiti.engine.impl.interceptor.LogInterceptor  - 

10:44:57,292 [main] DEBUG org.activiti.engine.impl.interceptor.LogInterceptor  - --- starting  --------------------------------------------------------
10:44:57,292 [main] DEBUG org.activiti.engine.impl.interceptor.CommandContextInterceptor  - Valid context found. Reusing it for the current command &apos;null&apos;
10:44:57,292 [main] DEBUG org.activiti.engine.impl.persistence.entity.ProcessDefinitionInfoEntity.selectProcessDefinitionInfoByProcessDefinitionId  - ==&gt;  Preparing: select * from ACT_PROCDEF_INFO where PROC_DEF_ID_ = ? 
10:44:57,292 [main] DEBUG org.activiti.engine.impl.persistence.entity.ProcessDefinitionInfoEntity.selectProcessDefinitionInfoByProcessDefinitionId  - ==&gt; Parameters: timerOnTask:2:1753(String)
10:44:57,292 [main] DEBUG org.activiti.engine.impl.persistence.entity.ProcessDefinitionInfoEntity.selectProcessDefinitionInfoByProcessDefinitionId  - &lt;==      Total: 0
10:44:57,292 [main] DEBUG org.activiti.engine.impl.interceptor.LogInterceptor  - ---  finished --------------------------------------------------------
10:44:57,292 [main] DEBUG org.activiti.engine.impl.interceptor.LogInterceptor  - 

10:44:57,292 [main] DEBUG org.activiti.engine.impl.history.DefaultHistoryManager  - Current history level: FULL, level required: AUDIT
10:44:57,292 [main] DEBUG org.activiti.engine.impl.history.DefaultHistoryManager  - Current history level: FULL, level required: AUDIT
10:44:57,292 [main] DEBUG org.activiti.engine.impl.history.DefaultHistoryManager  - Current history level: FULL, level required: ACTIVITY
10:44:57,292 [main] DEBUG org.activiti.engine.impl.db.DbSqlSession  -   insert ProcessInstance[1760]
10:44:57,292 [main] DEBUG org.activiti.engine.impl.db.DbSqlSession  -   insert ScopeExecution[1762]
10:44:57,292 [main] DEBUG org.activiti.engine.impl.db.DbSqlSession  -   insert HistoricProcessInstanceEntity[superProcessInstanceId=null]
10:44:57,292 [main] DEBUG org.activiti.engine.impl.db.DbSqlSession  -   insert Task[id=1765, name=First line support]
10:44:57,292 [main] DEBUG org.activiti.engine.impl.db.DbSqlSession  -   insert HistoricTaskInstanceEntity[id=1765, name=First line support]
10:44:57,292 [main] DEBUG org.activiti.engine.impl.db.DbSqlSession  -   insert HistoricActivityInstanceEntity[activityId=theStart, activityName=null]
10:44:57,292 [main] DEBUG org.activiti.engine.impl.db.DbSqlSession  -   insert HistoricActivityInstanceEntity[activityId=firstLineSupport, activityName=First line support]
10:44:57,292 [main] DEBUG org.activiti.engine.impl.db.DbSqlSession  -   insert JobEntity [id=1763]
10:44:57,292 [main] DEBUG org.activiti.engine.impl.db.DbSqlSession  - flush summary: 8 insert, 0 update, 0 delete.
10:44:57,292 [main] DEBUG org.activiti.engine.impl.db.DbSqlSession  - now executing flush...
10:44:57,292 [main] DEBUG org.activiti.engine.impl.db.DbSqlSession  - inserting: HistoricTaskInstanceEntity[id=1765, name=First line support]
10:44:57,292 [main] DEBUG org.activiti.engine.impl.persistence.entity.HistoricTaskInstanceEntity.insertHistoricTaskInstance  - ==&gt;  Preparing: insert into ACT_HI_TASKINST ( ID_, PROC_DEF_ID_, PROC_INST_ID_, EXECUTION_ID_, NAME_, PARENT_TASK_ID_, DESCRIPTION_, OWNER_, ASSIGNEE_, START_TIME_, CLAIM_TIME_, END_TIME_, DURATION_, DELETE_REASON_, TASK_DEF_KEY_, FORM_KEY_, PRIORITY_, DUE_DATE_, CATEGORY_, TENANT_ID_ ) values ( ?, ?, ?, ?, ?, ?, ?, ?, ?, ?, ?, ?, ?, ?, ?, ?, ?, ?, ?, ? ) 
10:44:57,292 [main] DEBUG org.activiti.engine.impl.persistence.entity.HistoricTaskInstanceEntity.insertHistoricTaskInstance  - ==&gt; Parameters: 1765(String), timerOnTask:2:1753(String), 1760(String), 1762(String), First line support(String), null, null, null, null, 2023-03-20 11:44:57.0(Timestamp), null, null, null, null, firstLineSupport(String), null, 50(Integer), null, null, (String)
10:44:57,292 [main] DEBUG org.activiti.engine.impl.persistence.entity.HistoricTaskInstanceEntity.insertHistoricTaskInstance  - &lt;==    Updates: 1
10:44:57,292 [main] DEBUG org.activiti.engine.impl.db.DbSqlSession  - inserting: HistoricProcessInstanceEntity[superProcessInstanceId=null]
10:44:57,292 [main] DEBUG org.activiti.engine.impl.persistence.entity.HistoricProcessInstanceEntity.insertHistoricProcessInstance  - ==&gt;  Preparing: insert into ACT_HI_PROCINST ( ID_, PROC_INST_ID_, BUSINESS_KEY_, PROC_DEF_ID_, START_TIME_, END_TIME_, DURATION_, START_USER_ID_, START_ACT_ID_, END_ACT_ID_, SUPER_PROCESS_INSTANCE_ID_, DELETE_REASON_, TENANT_ID_, NAME_ ) values ( ?, ?, ?, ?, ?, ?, ?, ?, ?, ?, ?, ?, ?, ? ) 
10:44:57,292 [main] DEBUG org.activiti.engine.impl.persistence.entity.HistoricProcessInstanceEntity.insertHistoricProcessInstance  - ==&gt; Parameters: 1760(String), 1760(String), null, timerOnTask:2:1753(String), 2023-03-20 11:44:57.0(Timestamp), null, null, null, theStart(String), null, null, null, (String), null
10:44:57,292 [main] DEBUG org.activiti.engine.impl.persistence.entity.HistoricProcessInstanceEntity.insertHistoricProcessInstance  - &lt;==    Updates: 1
10:44:57,292 [main] DEBUG org.activiti.engine.impl.persistence.entity.HistoricActivityInstanceEntity.bulkInsertHistoricActivityInstance  - ==&gt;  Preparing: insert into ACT_HI_ACTINST ( ID_, PROC_DEF_ID_, PROC_INST_ID_, EXECUTION_ID_, ACT_ID_, TASK_ID_, CALL_PROC_INST_ID_, ACT_NAME_, ACT_TYPE_, ASSIGNEE_, START_TIME_, END_TIME_, DURATION_, TENANT_ID_ ) values (?, ?, ?, ?, ?, ?, ?, ?, ?, ?, ?, ?, ?, ?) , (?, ?, ?, ?, ?, ?, ?, ?, ?, ?, ?, ?, ?, ?) 
10:44:57,293 [main] DEBUG org.activiti.engine.impl.persistence.entity.HistoricActivityInstanceEntity.bulkInsertHistoricActivityInstance  - ==&gt; Parameters: 1761(String), timerOnTask:2:1753(String), 1760(String), 1760(String), theStart(String), null, null, null, startEvent(String), null, 2023-03-20 11:44:57.0(Timestamp), 2023-03-20 11:44:57.0(Timestamp), 0(Long), (String), 1764(String), timerOnTask:2:1753(String), 1760(String), 1762(String), firstLineSupport(String), 1765(String), null, First line support(String), userTask(String), null, 2023-03-20 11:44:57.0(Timestamp), null, null, (String)
10:44:57,293 [main] DEBUG org.activiti.engine.impl.persistence.entity.HistoricActivityInstanceEntity.bulkInsertHistoricActivityInstance  - &lt;==    Updates: 2
10:44:57,293 [main] DEBUG org.activiti.engine.impl.persistence.entity.ExecutionEntity.bulkInsertExecution  - ==&gt;  Preparing: insert into ACT_RU_EXECUTION (ID_, REV_, PROC_INST_ID_, BUSINESS_KEY_, PROC_DEF_ID_, ACT_ID_, IS_ACTIVE_, IS_CONCURRENT_, IS_SCOPE_,IS_EVENT_SCOPE_, PARENT_ID_, SUPER_EXEC_, SUSPENSION_STATE_, CACHED_ENT_STATE_, TENANT_ID_, NAME_) values (?, 1, ?, ?, ?, ?, ?, ?, ?, ?, ?, ?, ?, ?, ?, ?) , (?, 1, ?, ?, ?, ?, ?, ?, ?, ?, ?, ?, ?, ?, ?, ?) 
10:44:57,293 [main] DEBUG org.activiti.engine.impl.persistence.entity.ExecutionEntity.bulkInsertExecution  - ==&gt; Parameters: 1760(String), 1760(String), null, timerOnTask:2:1753(String), null, false(Boolean), false(Boolean), true(Boolean), false(Boolean), null, null, 1(Integer), 2(Integer), (String), null, 1762(String), 1760(String), null, timerOnTask:2:1753(String), firstLineSupport(String), true(Boolean), false(Boolean), true(Boolean), false(Boolean), 1760(String), null, 1(Integer), 6(Integer), (String), null
10:44:57,293 [main] DEBUG org.activiti.engine.impl.persistence.entity.ExecutionEntity.bulkInsertExecution  - &lt;==    Updates: 2
10:44:57,293 [main] DEBUG org.activiti.engine.impl.db.DbSqlSession  - inserting: Task[id=1765, name=First line support]
10:44:57,293 [main] DEBUG org.activiti.engine.impl.persistence.entity.TaskEntity.insertTask  - ==&gt;  Preparing: insert into ACT_RU_TASK (ID_, REV_, NAME_, PARENT_TASK_ID_, DESCRIPTION_, PRIORITY_, CREATE_TIME_, OWNER_, ASSIGNEE_, DELEGATION_, EXECUTION_ID_, PROC_INST_ID_, PROC_DEF_ID_, TASK_DEF_KEY_, DUE_DATE_, CATEGORY_, SUSPENSION_STATE_, TENANT_ID_, FORM_KEY_) values (?, 1, ?, ?, ?, ?, ?, ?, ?, ?, ?, ?, ?, ?, ?, ?, ?, ?, ? ) 
10:44:57,293 [main] DEBUG org.activiti.engine.impl.persistence.entity.TaskEntity.insertTask  - ==&gt; Parameters: 1765(String), First line support(String), null, null, 50(Integer), 2023-03-20 11:44:57.0(Timestamp), null, null, null, 1762(String), 1760(String), timerOnTask:2:1753(String), firstLineSupport(String), null, null, 1(Integer), (String), null
10:44:57,293 [main] DEBUG org.activiti.engine.impl.persistence.entity.TaskEntity.insertTask  - &lt;==    Updates: 1
10:44:57,293 [main] DEBUG org.activiti.engine.impl.db.DbSqlSession  - inserting: JobEntity [id=1763]
10:44:57,293 [main] DEBUG org.activiti.engine.impl.persistence.entity.JobEntity.insertTimer  - ==&gt;  Preparing: insert into ACT_RU_JOB ( ID_, REV_, TYPE_, LOCK_OWNER_, LOCK_EXP_TIME_, EXCLUSIVE_, EXECUTION_ID_, PROCESS_INSTANCE_ID_, PROC_DEF_ID_, RETRIES_, EXCEPTION_STACK_ID_, EXCEPTION_MSG_, DUEDATE_, REPEAT_, HANDLER_TYPE_, HANDLER_CFG_, TENANT_ID_) values (?, 1, &apos;timer&apos;, ?, ?, ?, ?, ?, ?, ?, ?, ?, ?, ?, ?, ?, ? ) 
10:44:57,293 [main] DEBUG org.activiti.engine.impl.persistence.entity.JobEntity.insertTimer  - ==&gt; Parameters: 1763(String), null, null, true(Boolean), 1762(String), 1760(String), timerOnTask:2:1753(String), 3(Integer), null, null, 2023-03-20 12:44:57.0(Timestamp), null, timer-transition(String), {&quot;activityId&quot;:&quot;escalationTimer&quot;}(String), (String)
10:44:57,293 [main] DEBUG org.activiti.engine.impl.persistence.entity.JobEntity.insertTimer  - &lt;==    Updates: 1
10:44:57,293 [main] DEBUG org.activiti.engine.impl.cfg.standalone.StandaloneMybatisTransactionContext  - firing event committing...
10:44:57,293 [main] DEBUG org.activiti.engine.impl.cfg.standalone.StandaloneMybatisTransactionContext  - committing the ibatis sql session...
10:44:57,293 [main] DEBUG org.apache.ibatis.transaction.jdbc.JdbcTransaction  - Committing JDBC Connection [conn4: url=jdbc:h2:mem:activiti user=SA]
10:44:57,293 [main] DEBUG org.activiti.engine.impl.cfg.standalone.StandaloneMybatisTransactionContext  - firing event committed...
10:44:57,293 [main] DEBUG org.apache.ibatis.transaction.jdbc.JdbcTransaction  - Resetting autocommit to true on JDBC Connection [conn4: url=jdbc:h2:mem:activiti user=SA]
10:44:57,293 [main] DEBUG org.apache.ibatis.transaction.jdbc.JdbcTransaction  - Closing JDBC Connection [conn4: url=jdbc:h2:mem:activiti user=SA]
10:44:57,293 [main] DEBUG org.apache.ibatis.datasource.pooled.PooledDataSource  - Returned connection 297240765 to pool.
10:44:57,293 [main] DEBUG org.activiti.engine.impl.interceptor.LogInterceptor  - --- StartProcessInstanceCmd finished --------------------------------------------------------
10:44:57,293 [main] DEBUG org.activiti.engine.impl.interceptor.LogInterceptor  - 

10:44:57,293 [main] DEBUG org.activiti.engine.impl.interceptor.LogInterceptor  - 

10:44:57,293 [main] DEBUG org.activiti.engine.impl.interceptor.LogInterceptor  - --- starting StartProcessInstanceCmd --------------------------------------------------------
10:44:57,293 [main] DEBUG org.apache.ibatis.transaction.jdbc.JdbcTransaction  - Opening JDBC Connection
10:44:57,293 [main] DEBUG org.apache.ibatis.datasource.pooled.PooledDataSource  - Checked out connection 363509958 from pool.
10:44:57,293 [main] DEBUG org.apache.ibatis.transaction.jdbc.JdbcTransaction  - Setting autocommit to false on JDBC Connection [conn2: url=jdbc:h2:mem:activiti user=SA]
10:44:57,293 [main] DEBUG org.activiti.engine.impl.persistence.entity.ProcessDefinitionEntity.selectLatestProcessDefinitionByKey  - ==&gt;  Preparing: select * from ACT_RE_PROCDEF where KEY_ = ? and (TENANT_ID_ = &apos;&apos; or TENANT_ID_ is null) and VERSION_ = (select max(VERSION_) from ACT_RE_PROCDEF where KEY_ = ? and (TENANT_ID_ = &apos;&apos; or TENANT_ID_ is null)) 
10:44:57,293 [main] DEBUG org.activiti.engine.impl.persistence.entity.ProcessDefinitionEntity.selectLatestProcessDefinitionByKey  - ==&gt; Parameters: timerOnTask(String), timerOnTask(String)
10:44:57,293 [main] DEBUG org.activiti.engine.impl.persistence.entity.ProcessDefinitionEntity.selectLatestProcessDefinitionByKey  - &lt;==      Total: 1
10:44:57,293 [main] DEBUG org.activiti.engine.impl.persistence.entity.ExecutionEntity  - initializing ProcessInstance[1766]
10:44:57,293 [main] DEBUG org.activiti.engine.impl.history.DefaultHistoryManager  - Current history level: FULL, level required: ACTIVITY
10:44:57,293 [main] DEBUG org.activiti.engine.impl.pvm.runtime.AtomicOperationActivityExecute  - ProcessInstance[1766] executes Activity(theStart): org.activiti.engine.impl.bpmn.behavior.NoneStartEventActivityBehavior
10:44:57,293 [main] DEBUG org.activiti.engine.impl.persistence.entity.JobEntity.selectJobsByExecutionId  - ==&gt;  Preparing: select * from ACT_RU_JOB J where J.EXECUTION_ID_ = ? 
10:44:57,293 [main] DEBUG org.activiti.engine.impl.persistence.entity.JobEntity.selectJobsByExecutionId  - ==&gt; Parameters: 1766(String)
10:44:57,293 [main] DEBUG org.activiti.engine.impl.persistence.entity.JobEntity.selectJobsByExecutionId  - &lt;==      Total: 0
10:44:57,293 [main] DEBUG org.activiti.engine.impl.bpmn.behavior.BpmnActivityBehavior  - Leaving activity &apos;theStart&apos;
10:44:57,294 [main] DEBUG org.activiti.engine.impl.history.DefaultHistoryManager  - Current history level: FULL, level required: ACTIVITY
10:44:57,294 [main] DEBUG org.activiti.engine.impl.pvm.runtime.AtomicOperationTransitionNotifyListenerTake  - ProcessInstance[1766] takes transition (theStart)--flow1--&gt;(firstLineSupport)
10:44:57,294 [main] DEBUG org.activiti.engine.impl.persistence.entity.ExecutionEntity  - Child execution ScopeExecution[1768] created with parent 
10:44:57,294 [main] DEBUG org.activiti.engine.impl.pvm.runtime.AtomicOperationTransitionCreateScope  - create scope: parent ProcessInstance[1766] continues as execution ScopeExecution[1768]
10:44:57,294 [main] DEBUG org.activiti.engine.impl.persistence.entity.ExecutionEntity  - initializing ScopeExecution[1768]
10:44:57,294 [main] DEBUG org.activiti.engine.impl.persistence.entity.JobEntity.selectJobsByExecutionId  - ==&gt;  Preparing: select * from ACT_RU_JOB J where J.EXECUTION_ID_ = ? 
10:44:57,294 [main] DEBUG org.activiti.engine.impl.persistence.entity.JobEntity.selectJobsByExecutionId  - ==&gt; Parameters: 1768(String)
10:44:57,294 [main] DEBUG org.activiti.engine.impl.persistence.entity.JobEntity.selectJobsByExecutionId  - &lt;==      Total: 0
10:44:57,294 [main] DEBUG org.activiti.engine.impl.history.DefaultHistoryManager  - Current history level: FULL, level required: ACTIVITY
10:44:57,294 [main] DEBUG org.activiti.engine.impl.pvm.runtime.AtomicOperationActivityExecute  - ScopeExecution[1768] executes Activity(firstLineSupport): org.activiti.engine.impl.bpmn.behavior.UserTaskActivityBehavior
10:44:57,294 [main] DEBUG org.activiti.engine.impl.persistence.entity.TaskEntity.selectTasksByExecutionId  - ==&gt;  Preparing: select distinct T.* from ACT_RU_TASK T where T.EXECUTION_ID_ = ? 
10:44:57,294 [main] DEBUG org.activiti.engine.impl.persistence.entity.TaskEntity.selectTasksByExecutionId  - ==&gt; Parameters: 1768(String)
10:44:57,294 [main] DEBUG org.activiti.engine.impl.persistence.entity.TaskEntity.selectTasksByExecutionId  - &lt;==      Total: 0
10:44:57,294 [main] DEBUG org.activiti.engine.impl.history.DefaultHistoryManager  - Current history level: FULL, level required: AUDIT
10:44:57,294 [main] DEBUG org.activiti.engine.impl.history.DefaultHistoryManager  - Current history level: FULL, level required: AUDIT
10:44:57,294 [main] DEBUG org.activiti.engine.impl.interceptor.LogInterceptor  - 

10:44:57,294 [main] DEBUG org.activiti.engine.impl.interceptor.LogInterceptor  - --- starting  --------------------------------------------------------
10:44:57,294 [main] DEBUG org.activiti.engine.impl.interceptor.CommandContextInterceptor  - Valid context found. Reusing it for the current command &apos;null&apos;
10:44:57,294 [main] DEBUG org.activiti.engine.impl.persistence.entity.ProcessDefinitionInfoEntity.selectProcessDefinitionInfoByProcessDefinitionId  - ==&gt;  Preparing: select * from ACT_PROCDEF_INFO where PROC_DEF_ID_ = ? 
10:44:57,294 [main] DEBUG org.activiti.engine.impl.persistence.entity.ProcessDefinitionInfoEntity.selectProcessDefinitionInfoByProcessDefinitionId  - ==&gt; Parameters: timerOnTask:2:1753(String)
10:44:57,294 [main] DEBUG org.activiti.engine.impl.persistence.entity.ProcessDefinitionInfoEntity.selectProcessDefinitionInfoByProcessDefinitionId  - &lt;==      Total: 0
10:44:57,294 [main] DEBUG org.activiti.engine.impl.interceptor.LogInterceptor  - ---  finished --------------------------------------------------------
10:44:57,294 [main] DEBUG org.activiti.engine.impl.interceptor.LogInterceptor  - 

10:44:57,294 [main] DEBUG org.activiti.engine.impl.history.DefaultHistoryManager  - Current history level: FULL, level required: AUDIT
10:44:57,294 [main] DEBUG org.activiti.engine.impl.history.DefaultHistoryManager  - Current history level: FULL, level required: AUDIT
10:44:57,294 [main] DEBUG org.activiti.engine.impl.history.DefaultHistoryManager  - Current history level: FULL, level required: ACTIVITY
10:44:57,294 [main] DEBUG org.activiti.engine.impl.db.DbSqlSession  -   insert ProcessInstance[1766]
10:44:57,294 [main] DEBUG org.activiti.engine.impl.db.DbSqlSession  -   insert ScopeExecution[1768]
10:44:57,294 [main] DEBUG org.activiti.engine.impl.db.DbSqlSession  -   insert HistoricProcessInstanceEntity[superProcessInstanceId=null]
10:44:57,294 [main] DEBUG org.activiti.engine.impl.db.DbSqlSession  -   insert Task[id=1771, name=First line support]
10:44:57,294 [main] DEBUG org.activiti.engine.impl.db.DbSqlSession  -   insert HistoricTaskInstanceEntity[id=1771, name=First line support]
10:44:57,294 [main] DEBUG org.activiti.engine.impl.db.DbSqlSession  -   insert HistoricActivityInstanceEntity[activityId=theStart, activityName=null]
10:44:57,294 [main] DEBUG org.activiti.engine.impl.db.DbSqlSession  -   insert HistoricActivityInstanceEntity[activityId=firstLineSupport, activityName=First line support]
10:44:57,294 [main] DEBUG org.activiti.engine.impl.db.DbSqlSession  -   insert JobEntity [id=1769]
10:44:57,294 [main] DEBUG org.activiti.engine.impl.db.DbSqlSession  - flush summary: 8 insert, 0 update, 0 delete.
10:44:57,294 [main] DEBUG org.activiti.engine.impl.db.DbSqlSession  - now executing flush...
10:44:57,294 [main] DEBUG org.activiti.engine.impl.db.DbSqlSession  - inserting: HistoricTaskInstanceEntity[id=1771, name=First line support]
10:44:57,294 [main] DEBUG org.activiti.engine.impl.persistence.entity.HistoricTaskInstanceEntity.insertHistoricTaskInstance  - ==&gt;  Preparing: insert into ACT_HI_TASKINST ( ID_, PROC_DEF_ID_, PROC_INST_ID_, EXECUTION_ID_, NAME_, PARENT_TASK_ID_, DESCRIPTION_, OWNER_, ASSIGNEE_, START_TIME_, CLAIM_TIME_, END_TIME_, DURATION_, DELETE_REASON_, TASK_DEF_KEY_, FORM_KEY_, PRIORITY_, DUE_DATE_, CATEGORY_, TENANT_ID_ ) values ( ?, ?, ?, ?, ?, ?, ?, ?, ?, ?, ?, ?, ?, ?, ?, ?, ?, ?, ?, ? ) 
10:44:57,294 [main] DEBUG org.activiti.engine.impl.persistence.entity.HistoricTaskInstanceEntity.insertHistoricTaskInstance  - ==&gt; Parameters: 1771(String), timerOnTask:2:1753(String), 1766(String), 1768(String), First line support(String), null, null, null, null, 2023-03-20 12:44:57.0(Timestamp), null, null, null, null, firstLineSupport(String), null, 50(Integer), null, null, (String)
10:44:57,294 [main] DEBUG org.activiti.engine.impl.persistence.entity.HistoricTaskInstanceEntity.insertHistoricTaskInstance  - &lt;==    Updates: 1
10:44:57,294 [main] DEBUG org.activiti.engine.impl.db.DbSqlSession  - inserting: HistoricProcessInstanceEntity[superProcessInstanceId=null]
10:44:57,294 [main] DEBUG org.activiti.engine.impl.persistence.entity.HistoricProcessInstanceEntity.insertHistoricProcessInstance  - ==&gt;  Preparing: insert into ACT_HI_PROCINST ( ID_, PROC_INST_ID_, BUSINESS_KEY_, PROC_DEF_ID_, START_TIME_, END_TIME_, DURATION_, START_USER_ID_, START_ACT_ID_, END_ACT_ID_, SUPER_PROCESS_INSTANCE_ID_, DELETE_REASON_, TENANT_ID_, NAME_ ) values ( ?, ?, ?, ?, ?, ?, ?, ?, ?, ?, ?, ?, ?, ? ) 
10:44:57,294 [main] DEBUG org.activiti.engine.impl.persistence.entity.HistoricProcessInstanceEntity.insertHistoricProcessInstance  - ==&gt; Parameters: 1766(String), 1766(String), null, timerOnTask:2:1753(String), 2023-03-20 12:44:57.0(Timestamp), null, null, null, theStart(String), null, null, null, (String), null
10:44:57,294 [main] DEBUG org.activiti.engine.impl.persistence.entity.HistoricProcessInstanceEntity.insertHistoricProcessInstance  - &lt;==    Updates: 1
10:44:57,294 [main] DEBUG org.activiti.engine.impl.persistence.entity.HistoricActivityInstanceEntity.bulkInsertHistoricActivityInstance  - ==&gt;  Preparing: insert into ACT_HI_ACTINST ( ID_, PROC_DEF_ID_, PROC_INST_ID_, EXECUTION_ID_, ACT_ID_, TASK_ID_, CALL_PROC_INST_ID_, ACT_NAME_, ACT_TYPE_, ASSIGNEE_, START_TIME_, END_TIME_, DURATION_, TENANT_ID_ ) values (?, ?, ?, ?, ?, ?, ?, ?, ?, ?, ?, ?, ?, ?) , (?, ?, ?, ?, ?, ?, ?, ?, ?, ?, ?, ?, ?, ?) 
10:44:57,295 [main] DEBUG org.activiti.engine.impl.persistence.entity.HistoricActivityInstanceEntity.bulkInsertHistoricActivityInstance  - ==&gt; Parameters: 1767(String), timerOnTask:2:1753(String), 1766(String), 1766(String), theStart(String), null, null, null, startEvent(String), null, 2023-03-20 12:44:57.0(Timestamp), 2023-03-20 12:44:57.0(Timestamp), 0(Long), (String), 1770(String), timerOnTask:2:1753(String), 1766(String), 1768(String), firstLineSupport(String), 1771(String), null, First line support(String), userTask(String), null, 2023-03-20 12:44:57.0(Timestamp), null, null, (String)
10:44:57,295 [main] DEBUG org.activiti.engine.impl.persistence.entity.HistoricActivityInstanceEntity.bulkInsertHistoricActivityInstance  - &lt;==    Updates: 2
10:44:57,295 [main] DEBUG org.activiti.engine.impl.persistence.entity.ExecutionEntity.bulkInsertExecution  - ==&gt;  Preparing: insert into ACT_RU_EXECUTION (ID_, REV_, PROC_INST_ID_, BUSINESS_KEY_, PROC_DEF_ID_, ACT_ID_, IS_ACTIVE_, IS_CONCURRENT_, IS_SCOPE_,IS_EVENT_SCOPE_, PARENT_ID_, SUPER_EXEC_, SUSPENSION_STATE_, CACHED_ENT_STATE_, TENANT_ID_, NAME_) values (?, 1, ?, ?, ?, ?, ?, ?, ?, ?, ?, ?, ?, ?, ?, ?) , (?, 1, ?, ?, ?, ?, ?, ?, ?, ?, ?, ?, ?, ?, ?, ?) 
10:44:57,295 [main] DEBUG org.activiti.engine.impl.persistence.entity.ExecutionEntity.bulkInsertExecution  - ==&gt; Parameters: 1766(String), 1766(String), null, timerOnTask:2:1753(String), null, false(Boolean), false(Boolean), true(Boolean), false(Boolean), null, null, 1(Integer), 2(Integer), (String), null, 1768(String), 1766(String), null, timerOnTask:2:1753(String), firstLineSupport(String), true(Boolean), false(Boolean), true(Boolean), false(Boolean), 1766(String), null, 1(Integer), 6(Integer), (String), null
10:44:57,295 [main] DEBUG org.activiti.engine.impl.persistence.entity.ExecutionEntity.bulkInsertExecution  - &lt;==    Updates: 2
10:44:57,295 [main] DEBUG org.activiti.engine.impl.db.DbSqlSession  - inserting: Task[id=1771, name=First line support]
10:44:57,295 [main] DEBUG org.activiti.engine.impl.persistence.entity.TaskEntity.insertTask  - ==&gt;  Preparing: insert into ACT_RU_TASK (ID_, REV_, NAME_, PARENT_TASK_ID_, DESCRIPTION_, PRIORITY_, CREATE_TIME_, OWNER_, ASSIGNEE_, DELEGATION_, EXECUTION_ID_, PROC_INST_ID_, PROC_DEF_ID_, TASK_DEF_KEY_, DUE_DATE_, CATEGORY_, SUSPENSION_STATE_, TENANT_ID_, FORM_KEY_) values (?, 1, ?, ?, ?, ?, ?, ?, ?, ?, ?, ?, ?, ?, ?, ?, ?, ?, ? ) 
10:44:57,295 [main] DEBUG org.activiti.engine.impl.persistence.entity.TaskEntity.insertTask  - ==&gt; Parameters: 1771(String), First line support(String), null, null, 50(Integer), 2023-03-20 12:44:57.0(Timestamp), null, null, null, 1768(String), 1766(String), timerOnTask:2:1753(String), firstLineSupport(String), null, null, 1(Integer), (String), null
10:44:57,295 [main] DEBUG org.activiti.engine.impl.persistence.entity.TaskEntity.insertTask  - &lt;==    Updates: 1
10:44:57,295 [main] DEBUG org.activiti.engine.impl.db.DbSqlSession  - inserting: JobEntity [id=1769]
10:44:57,295 [main] DEBUG org.activiti.engine.impl.persistence.entity.JobEntity.insertTimer  - ==&gt;  Preparing: insert into ACT_RU_JOB ( ID_, REV_, TYPE_, LOCK_OWNER_, LOCK_EXP_TIME_, EXCLUSIVE_, EXECUTION_ID_, PROCESS_INSTANCE_ID_, PROC_DEF_ID_, RETRIES_, EXCEPTION_STACK_ID_, EXCEPTION_MSG_, DUEDATE_, REPEAT_, HANDLER_TYPE_, HANDLER_CFG_, TENANT_ID_) values (?, 1, &apos;timer&apos;, ?, ?, ?, ?, ?, ?, ?, ?, ?, ?, ?, ?, ?, ? ) 
10:44:57,295 [main] DEBUG org.activiti.engine.impl.persistence.entity.JobEntity.insertTimer  - ==&gt; Parameters: 1769(String), null, null, true(Boolean), 1768(String), 1766(String), timerOnTask:2:1753(String), 3(Integer), null, null, 2023-03-20 13:44:57.0(Timestamp), null, timer-transition(String), {&quot;activityId&quot;:&quot;escalationTimer&quot;}(String), (String)
10:44:57,295 [main] DEBUG org.activiti.engine.impl.persistence.entity.JobEntity.insertTimer  - &lt;==    Updates: 1
10:44:57,295 [main] DEBUG org.activiti.engine.impl.cfg.standalone.StandaloneMybatisTransactionContext  - firing event committing...
10:44:57,295 [main] DEBUG org.activiti.engine.impl.cfg.standalone.StandaloneMybatisTransactionContext  - committing the ibatis sql session...
10:44:57,295 [main] DEBUG org.apache.ibatis.transaction.jdbc.JdbcTransaction  - Committing JDBC Connection [conn2: url=jdbc:h2:mem:activiti user=SA]
10:44:57,295 [main] DEBUG org.activiti.engine.impl.cfg.standalone.StandaloneMybatisTransactionContext  - firing event committed...
10:44:57,295 [main] DEBUG org.apache.ibatis.transaction.jdbc.JdbcTransaction  - Resetting autocommit to true on JDBC Connection [conn2: url=jdbc:h2:mem:activiti user=SA]
10:44:57,295 [main] DEBUG org.apache.ibatis.transaction.jdbc.JdbcTransaction  - Closing JDBC Connection [conn2: url=jdbc:h2:mem:activiti user=SA]
10:44:57,295 [main] DEBUG org.apache.ibatis.datasource.pooled.PooledDataSource  - Returned connection 363509958 to pool.
10:44:57,295 [main] DEBUG org.activiti.engine.impl.interceptor.LogInterceptor  - --- StartProcessInstanceCmd finished --------------------------------------------------------
10:44:57,295 [main] DEBUG org.activiti.engine.impl.interceptor.LogInterceptor  - 

10:44:57,295 [main] DEBUG org.activiti.engine.impl.interceptor.LogInterceptor  - 

10:44:57,295 [main] DEBUG org.activiti.engine.impl.interceptor.LogInterceptor  - --- starting  --------------------------------------------------------
10:44:57,295 [main] DEBUG org.activiti.engine.impl.db.DbSqlSession  -   insert JobEntity [id=1772]
10:44:57,295 [main] DEBUG org.activiti.engine.impl.db.DbSqlSession  - flush summary: 1 insert, 0 update, 0 delete.
10:44:57,295 [main] DEBUG org.activiti.engine.impl.db.DbSqlSession  - now executing flush...
10:44:57,295 [main] DEBUG org.activiti.engine.impl.db.DbSqlSession  - inserting: JobEntity [id=1772]
10:44:57,295 [main] DEBUG org.apache.ibatis.transaction.jdbc.JdbcTransaction  - Opening JDBC Connection
10:44:57,295 [main] DEBUG org.apache.ibatis.datasource.pooled.PooledDataSource  - Checked out connection 180014677 from pool.
10:44:57,295 [main] DEBUG org.apache.ibatis.transaction.jdbc.JdbcTransaction  - Setting autocommit to false on JDBC Connection [conn3: url=jdbc:h2:mem:activiti user=SA]
10:44:57,295 [main] DEBUG org.activiti.engine.impl.persistence.entity.JobEntity.insertMessage  - ==&gt;  Preparing: insert into ACT_RU_JOB ( ID_, REV_, TYPE_, LOCK_OWNER_, LOCK_EXP_TIME_, EXCLUSIVE_, EXECUTION_ID_, PROCESS_INSTANCE_ID_, PROC_DEF_ID_, DUEDATE_, RETRIES_, EXCEPTION_STACK_ID_, EXCEPTION_MSG_, HANDLER_TYPE_, HANDLER_CFG_, TENANT_ID_) values (?, 1, &apos;message&apos;, ?, ?, ?, ?, ?, ?, ?, ?, ?, ?, ?, ?, ? ) 
10:44:57,295 [main] DEBUG org.activiti.engine.impl.persistence.entity.JobEntity.insertMessage  - ==&gt; Parameters: 1772(String), null, null, true(Boolean), null, null, null, 2023-03-20 12:49:57.0(Timestamp), 3(Integer), null, null, null, null, (String)
10:44:57,295 [main] DEBUG org.activiti.engine.impl.persistence.entity.JobEntity.insertMessage  - &lt;==    Updates: 1
10:44:57,295 [main] DEBUG org.activiti.engine.impl.cfg.standalone.StandaloneMybatisTransactionContext  - firing event committing...
10:44:57,295 [main] DEBUG org.activiti.engine.impl.cfg.standalone.StandaloneMybatisTransactionContext  - committing the ibatis sql session...
10:44:57,295 [main] DEBUG org.apache.ibatis.transaction.jdbc.JdbcTransaction  - Committing JDBC Connection [conn3: url=jdbc:h2:mem:activiti user=SA]
10:44:57,295 [main] DEBUG org.activiti.engine.impl.cfg.standalone.StandaloneMybatisTransactionContext  - firing event committed...
10:44:57,295 [main] DEBUG org.activiti.engine.impl.jobexecutor.AsyncJobAddedNotification  - notifying job executor of new job
10:44:57,295 [main] DEBUG org.apache.ibatis.transaction.jdbc.JdbcTransaction  - Resetting autocommit to true on JDBC Connection [conn3: url=jdbc:h2:mem:activiti user=SA]
10:44:57,295 [main] DEBUG org.apache.ibatis.transaction.jdbc.JdbcTransaction  - Closing JDBC Connection [conn3: url=jdbc:h2:mem:activiti user=SA]
10:44:57,295 [main] DEBUG org.apache.ibatis.datasource.pooled.PooledDataSource  - Returned connection 180014677 to pool.
10:44:57,295 [main] DEBUG org.activiti.engine.impl.interceptor.LogInterceptor  - ---  finished --------------------------------------------------------
10:44:57,295 [main] DEBUG org.activiti.engine.impl.interceptor.LogInterceptor  - 

10:44:57,295 [main] DEBUG org.activiti.engine.impl.test.PvmTestCase  - 

10:44:57,295 [main] DEBUG org.activiti.engine.impl.test.PvmTestCase  - #### START JobQueryTest.testQueryByOnlyMessages ###########################################################
10:44:57,295 [main] DEBUG org.activiti.engine.impl.interceptor.LogInterceptor  - 

10:44:57,295 [main] DEBUG org.activiti.engine.impl.interceptor.LogInterceptor  - --- starting JobQueryImpl --------------------------------------------------------
10:44:57,295 [main] DEBUG org.apache.ibatis.transaction.jdbc.JdbcTransaction  - Opening JDBC Connection
10:44:57,295 [main] DEBUG org.apache.ibatis.datasource.pooled.PooledDataSource  - Checked out connection 297240765 from pool.
10:44:57,295 [main] DEBUG org.apache.ibatis.transaction.jdbc.JdbcTransaction  - Setting autocommit to false on JDBC Connection [conn4: url=jdbc:h2:mem:activiti user=SA]
10:44:57,295 [main] DEBUG org.activiti.engine.impl.persistence.entity.JobEntity.selectJobByQueryCriteria  - ==&gt;  Preparing: select RES.* from ACT_RU_JOB RES WHERE RES.TYPE_ = &apos;message&apos; order by order by RES.ID_ asc LIMIT ? OFFSET ? 
10:44:57,295 [main] DEBUG org.activiti.engine.impl.interceptor.CommandContext  - Error while closing command context
org.apache.ibatis.exceptions.PersistenceException: 
### Error querying database.  Cause: org.h2.jdbc.JdbcSQLException: Syntax error in SQL statement &quot;SELECT RES.* 
     
    FROM ACT_RU_JOB RES
     
     WHERE  RES.TYPE_ = &apos;message&apos; 
   
     ORDER BY  ORDER[*] BY RES.ID_ ASC  
    LIMIT ? OFFSET ? &quot;; expected &quot;=, NOT, EXISTS, INTERSECTS, SELECT, FROM&quot;; SQL statement:
select RES.* 
     
    from ACT_RU_JOB RES
     
     WHERE  RES.TYPE_ = &apos;message&apos; 
   
     order by  order by RES.ID_ asc  
    LIMIT ? OFFSET ? [42001-176]
### The error may exist in org/activiti/db/mapping/entity/Job.xml
### The error may involve org.activiti.engine.impl.persistence.entity.JobEntity.selectJobByQueryCriteria
### The error occurred while executing a query
### SQL: select RES.*            from ACT_RU_JOB RES            WHERE  RES.TYPE_ = &apos;message&apos;           order by  order by RES.ID_ asc       LIMIT ? OFFSET ?
### Cause: org.h2.jdbc.JdbcSQLException: Syntax error in SQL statement &quot;SELECT RES.* 
     
    FROM ACT_RU_JOB RES
     
     WHERE  RES.TYPE_ = &apos;message&apos; 
   
     ORDER BY  ORDER[*] BY RES.ID_ ASC  
    LIMIT ? OFFSET ? &quot;; expected &quot;=, NOT, EXISTS, INTERSECTS, SELECT, FROM&quot;; SQL statement:
select RES.* 
     
    from ACT_RU_JOB RES
     
     WHERE  RES.TYPE_ = &apos;message&apos; 
   
     order by  order by RES.ID_ asc  
    LIMIT ? OFFSET ? [42001-176]
	at org.apache.ibatis.exceptions.ExceptionFactory.wrapException(ExceptionFactory.java:30)
	at org.apache.ibatis.session.defaults.DefaultSqlSession.selectList(DefaultSqlSession.java:122)
	at org.apache.ibatis.session.defaults.DefaultSqlSession.selectList(DefaultSqlSession.java:113)
	at org.activiti.engine.impl.db.DbSqlSession.selectListWithRawParameter(DbSqlSession.java:438)
	at org.activiti.engine.impl.db.DbSqlSession.selectList(DbSqlSession.java:429)
	at org.activiti.engine.impl.db.DbSqlSession.selectList(DbSqlSession.java:419)
	at org.activiti.engine.impl.persistence.entity.JobEntityManager.findJobsByQueryCriteria(JobEntityManager.java:198)
	at org.activiti.engine.impl.JobQueryImpl.executeList(JobQueryImpl.java:243)
	at org.activiti.engine.impl.AbstractQuery.execute(AbstractQuery.java:164)
	at org.activiti.engine.impl.interceptor.CommandInvoker.execute(CommandInvoker.java:24)
	at org.activiti.engine.impl.interceptor.CommandContextInterceptor.execute(CommandContextInterceptor.java:57)
	at org.activiti.engine.impl.interceptor.LogInterceptor.execute(LogInterceptor.java:37)
	at org.activiti.engine.impl.cfg.CommandExecutorImpl.execute(CommandExecutorImpl.java:40)
	at org.activiti.engine.impl.cfg.CommandExecutorImpl.execute(CommandExecutorImpl.java:35)
	at org.activiti.engine.impl.AbstractQuery.list(AbstractQuery.java:138)
	at org.activiti.engine.test.api.mgmt.JobQueryTest.verifyQueryResults(JobQueryTest.java:400)
	at org.activiti.engine.test.api.mgmt.JobQueryTest.testQueryByOnlyMessages(JobQueryTest.java:188)
	at sun.reflect.NativeMethodAccessorImpl.invoke0(Native Method)
	at sun.reflect.NativeMethodAccessorImpl.invoke(NativeMethodAccessorImpl.java:62)
	at sun.reflect.DelegatingMethodAccessorImpl.invoke(DelegatingMethodAccessorImpl.java:43)
	at java.lang.reflect.Method.invoke(Method.java:498)
	at junit.framework.TestCase.runTest(TestCase.java:176)
	at org.activiti.engine.impl.test.PvmTestCase.runTest(PvmTestCase.java:65)
	at junit.framework.TestCase.runBare(TestCase.java:141)
	at org.activiti.engine.impl.test.AbstractActivitiTestCase.runBare(AbstractActivitiTestCase.java:100)
	at junit.framework.TestResult$1.protect(TestResult.java:122)
	at junit.framework.TestResult.runProtected(TestResult.java:142)
	at junit.framework.TestResult.run(TestResult.java:125)
	at junit.framework.TestCase.run(TestCase.java:129)
	at junit.framework.TestSuite.runTest(TestSuite.java:255)
	at junit.framework.TestSuite.run(TestSuite.java:250)
	at org.junit.internal.runners.JUnit38ClassRunner.run(JUnit38ClassRunner.java:84)
	at org.apache.maven.surefire.junit4.JUnit4TestSet.execute(JUnit4TestSet.java:35)
	at org.apache.maven.surefire.junit4.JUnit4Provider.executeTestSet(JUnit4Provider.java:146)
	at org.apache.maven.surefire.junit4.JUnit4Provider.invoke(JUnit4Provider.java:97)
	at sun.reflect.NativeMethodAccessorImpl.invoke0(Native Method)
	at sun.reflect.NativeMethodAccessorImpl.invoke(NativeMethodAccessorImpl.java:62)
	at sun.reflect.DelegatingMethodAccessorImpl.invoke(DelegatingMethodAccessorImpl.java:43)
	at java.lang.reflect.Method.invoke(Method.java:498)
	at org.apache.maven.surefire.booter.ProviderFactory$ClassLoaderProxy.invoke(ProviderFactory.java:103)
	at com.sun.proxy.$Proxy0.invoke(Unknown Source)
	at org.apache.maven.surefire.booter.SurefireStarter.invokeProvider(SurefireStarter.java:145)
	at org.apache.maven.surefire.booter.SurefireStarter.runSuitesInProcess(SurefireStarter.java:87)
	at org.apache.maven.surefire.booter.ForkedBooter.main(ForkedBooter.java:69)
Caused by: org.h2.jdbc.JdbcSQLException: Syntax error in SQL statement &quot;SELECT RES.* 
     
    FROM ACT_RU_JOB RES
     
     WHERE  RES.TYPE_ = &apos;message&apos; 
   
     ORDER BY  ORDER[*] BY RES.ID_ ASC  
    LIMIT ? OFFSET ? &quot;; expected &quot;=, NOT, EXISTS, INTERSECTS, SELECT, FROM&quot;; SQL statement:
select RES.* 
     
    from ACT_RU_JOB RES
     
     WHERE  RES.TYPE_ = &apos;message&apos; 
   
     order by  order by RES.ID_ asc  
    LIMIT ? OFFSET ? [42001-176]
	at org.h2.message.DbException.getJdbcSQLException(DbException.java:344)
	at org.h2.message.DbException.getSyntaxError(DbException.java:204)
	at org.h2.command.Parser.getSyntaxError(Parser.java:524)
	at org.h2.command.Parser.readTerm(Parser.java:2688)
	at org.h2.command.Parser.readFactor(Parser.java:2244)
	at org.h2.command.Parser.readSum(Parser.java:2231)
	at org.h2.command.Parser.readConcat(Parser.java:2201)
	at org.h2.command.Parser.readCondition(Parser.java:2051)
	at org.h2.command.Parser.readAnd(Parser.java:2023)
	at org.h2.command.Parser.readExpression(Parser.java:2015)
	at org.h2.command.Parser.parseEndOfQuery(Parser.java:1726)
	at org.h2.command.Parser.parseSelectUnionExtension(Parser.java:1706)
	at org.h2.command.Parser.parseSelectUnion(Parser.java:1675)
	at org.h2.command.Parser.parseSelect(Parser.java:1662)
	at org.h2.command.Parser.parsePrepared(Parser.java:434)
	at org.h2.command.Parser.parse(Parser.java:306)
	at org.h2.command.Parser.parse(Parser.java:282)
	at org.h2.command.Parser.prepareCommand(Parser.java:243)
	at org.h2.engine.Session.prepareLocal(Session.java:442)
	at org.h2.engine.Session.prepareCommand(Session.java:384)
	at org.h2.jdbc.JdbcConnection.prepareCommand(JdbcConnection.java:1188)
	at org.h2.jdbc.JdbcPreparedStatement.&lt;init&gt;(JdbcPreparedStatement.java:73)
	at org.h2.jdbc.JdbcConnection.prepareStatement(JdbcConnection.java:276)
	at sun.reflect.GeneratedMethodAccessor6.invoke(Unknown Source)
	at sun.reflect.DelegatingMethodAccessorImpl.invoke(DelegatingMethodAccessorImpl.java:43)
	at java.lang.reflect.Method.invoke(Method.java:498)
	at org.apache.ibatis.datasource.pooled.PooledConnection.invoke(PooledConnection.java:245)
	at com.sun.proxy.$Proxy12.prepareStatement(Unknown Source)
	at sun.reflect.GeneratedMethodAccessor6.invoke(Unknown Source)
	at sun.reflect.DelegatingMethodAccessorImpl.invoke(DelegatingMethodAccessorImpl.java:43)
	at java.lang.reflect.Method.invoke(Method.java:498)
	at org.apache.ibatis.logging.jdbc.ConnectionLogger.invoke(ConnectionLogger.java:55)
	at com.sun.proxy.$Proxy12.prepareStatement(Unknown Source)
	at org.apache.ibatis.executor.statement.PreparedStatementHandler.instantiateStatement(PreparedStatementHandler.java:79)
	at org.apache.ibatis.executor.statement.BaseStatementHandler.prepare(BaseStatementHandler.java:88)
	at org.apache.ibatis.executor.statement.RoutingStatementHandler.prepare(RoutingStatementHandler.java:58)
	at org.apache.ibatis.executor.SimpleExecutor.prepareStatement(SimpleExecutor.java:76)
	at org.apache.ibatis.executor.SimpleExecutor.doQuery(SimpleExecutor.java:61)
	at org.apache.ibatis.executor.BaseExecutor.queryFromDatabase(BaseExecutor.java:303)
	at org.apache.ibatis.executor.BaseExecutor.query(BaseExecutor.java:154)
	at org.apache.ibatis.executor.CachingExecutor.query(CachingExecutor.java:102)
	at org.apache.ibatis.executor.CachingExecutor.query(CachingExecutor.java:82)
	at org.apache.ibatis.session.defaults.DefaultSqlSession.selectList(DefaultSqlSession.java:120)
	... 42 more
10:44:57,296 [main] DEBUG org.activiti.engine.impl.cfg.standalone.StandaloneMybatisTransactionContext  - firing event rolling back...
10:44:57,296 [main] DEBUG org.activiti.engine.impl.cfg.standalone.StandaloneMybatisTransactionContext  - rolling back ibatis sql session...
10:44:57,296 [main] DEBUG org.activiti.engine.impl.cfg.standalone.StandaloneMybatisTransactionContext  - firing event rolled back...
10:44:57,296 [main] DEBUG org.apache.ibatis.transaction.jdbc.JdbcTransaction  - Resetting autocommit to true on JDBC Connection [conn4: url=jdbc:h2:mem:activiti user=SA]
10:44:57,296 [main] DEBUG org.apache.ibatis.transaction.jdbc.JdbcTransaction  - Closing JDBC Connection [conn4: url=jdbc:h2:mem:activiti user=SA]
10:44:57,296 [main] DEBUG org.apache.ibatis.datasource.pooled.PooledDataSource  - Returned connection 297240765 to pool.
10:44:57,296 [main] DEBUG org.activiti.engine.impl.interceptor.LogInterceptor  - --- JobQueryImpl finished --------------------------------------------------------
10:44:57,296 [main] DEBUG org.activiti.engine.impl.interceptor.LogInterceptor  - 

10:44:57,296 [main] ERROR org.activiti.engine.impl.test.PvmTestCase  - 

10:44:57,296 [main] ERROR org.activiti.engine.impl.test.PvmTestCase  - EXCEPTION: org.apache.ibatis.exceptions.PersistenceException: 
### Error querying database.  Cause: org.h2.jdbc.JdbcSQLException: Syntax error in SQL statement &quot;SELECT RES.* 
     
    FROM ACT_RU_JOB RES
     
     WHERE  RES.TYPE_ = &apos;message&apos; 
   
     ORDER BY  ORDER[*] BY RES.ID_ ASC  
    LIMIT ? OFFSET ? &quot;; expected &quot;=, NOT, EXISTS, INTERSECTS, SELECT, FROM&quot;; SQL statement:
select RES.* 
     
    from ACT_RU_JOB RES
     
     WHERE  RES.TYPE_ = &apos;message&apos; 
   
     order by  order by RES.ID_ asc  
    LIMIT ? OFFSET ? [42001-176]
### The error may exist in org/activiti/db/mapping/entity/Job.xml
### The error may involve org.activiti.engine.impl.persistence.entity.JobEntity.selectJobByQueryCriteria
### The error occurred while executing a query
### SQL: select RES.*            from ACT_RU_JOB RES            WHERE  RES.TYPE_ = &apos;message&apos;           order by  order by RES.ID_ asc       LIMIT ? OFFSET ?
### Cause: org.h2.jdbc.JdbcSQLException: Syntax error in SQL statement &quot;SELECT RES.* 
     
    FROM ACT_RU_JOB RES
     
     WHERE  RES.TYPE_ = &apos;message&apos; 
   
     ORDER BY  ORDER[*] BY RES.ID_ ASC  
    LIMIT ? OFFSET ? &quot;; expected &quot;=, NOT, EXISTS, INTERSECTS, SELECT, FROM&quot;; SQL statement:
select RES.* 
     
    from ACT_RU_JOB RES
     
     WHERE  RES.TYPE_ = &apos;message&apos; 
   
     order by  order by RES.ID_ asc  
    LIMIT ? OFFSET ? [42001-176]
org.apache.ibatis.exceptions.PersistenceException: 
### Error querying database.  Cause: org.h2.jdbc.JdbcSQLException: Syntax error in SQL statement &quot;SELECT RES.* 
     
    FROM ACT_RU_JOB RES
     
     WHERE  RES.TYPE_ = &apos;message&apos; 
   
     ORDER BY  ORDER[*] BY RES.ID_ ASC  
    LIMIT ? OFFSET ? &quot;; expected &quot;=, NOT, EXISTS, INTERSECTS, SELECT, FROM&quot;; SQL statement:
select RES.* 
     
    from ACT_RU_JOB RES
     
     WHERE  RES.TYPE_ = &apos;message&apos; 
   
     order by  order by RES.ID_ asc  
    LIMIT ? OFFSET ? [42001-176]
### The error may exist in org/activiti/db/mapping/entity/Job.xml
### The error may involve org.activiti.engine.impl.persistence.entity.JobEntity.selectJobByQueryCriteria
### The error occurred while executing a query
### SQL: select RES.*            from ACT_RU_JOB RES            WHERE  RES.TYPE_ = &apos;message&apos;           order by  order by RES.ID_ asc       LIMIT ? OFFSET ?
### Cause: org.h2.jdbc.JdbcSQLException: Syntax error in SQL statement &quot;SELECT RES.* 
     
    FROM ACT_RU_JOB RES
     
     WHERE  RES.TYPE_ = &apos;message&apos; 
   
     ORDER BY  ORDER[*] BY RES.ID_ ASC  
    LIMIT ? OFFSET ? &quot;; expected &quot;=, NOT, EXISTS, INTERSECTS, SELECT, FROM&quot;; SQL statement:
select RES.* 
     
    from ACT_RU_JOB RES
     
     WHERE  RES.TYPE_ = &apos;message&apos; 
   
     order by  order by RES.ID_ asc  
    LIMIT ? OFFSET ? [42001-176]
	at org.apache.ibatis.exceptions.ExceptionFactory.wrapException(ExceptionFactory.java:30)
	at org.apache.ibatis.session.defaults.DefaultSqlSession.selectList(DefaultSqlSession.java:122)
	at org.apache.ibatis.session.defaults.DefaultSqlSession.selectList(DefaultSqlSession.java:113)
	at org.activiti.engine.impl.db.DbSqlSession.selectListWithRawParameter(DbSqlSession.java:438)
	at org.activiti.engine.impl.db.DbSqlSession.selectList(DbSqlSession.java:429)
	at org.activiti.engine.impl.db.DbSqlSession.selectList(DbSqlSession.java:419)
	at org.activiti.engine.impl.persistence.entity.JobEntityManager.findJobsByQueryCriteria(JobEntityManager.java:198)
	at org.activiti.engine.impl.JobQueryImpl.executeList(JobQueryImpl.java:243)
	at org.activiti.engine.impl.AbstractQuery.execute(AbstractQuery.java:164)
	at org.activiti.engine.impl.interceptor.CommandInvoker.execute(CommandInvoker.java:24)
	at org.activiti.engine.impl.interceptor.CommandContextInterceptor.execute(CommandContextInterceptor.java:57)
	at org.activiti.engine.impl.interceptor.LogInterceptor.execute(LogInterceptor.java:37)
	at org.activiti.engine.impl.cfg.CommandExecutorImpl.execute(CommandExecutorImpl.java:40)
	at org.activiti.engine.impl.cfg.CommandExecutorImpl.execute(CommandExecutorImpl.java:35)
	at org.activiti.engine.impl.AbstractQuery.list(AbstractQuery.java:138)
	at org.activiti.engine.test.api.mgmt.JobQueryTest.verifyQueryResults(JobQueryTest.java:400)
	at org.activiti.engine.test.api.mgmt.JobQueryTest.testQueryByOnlyMessages(JobQueryTest.java:188)
	at sun.reflect.NativeMethodAccessorImpl.invoke0(Native Method)
	at sun.reflect.NativeMethodAccessorImpl.invoke(NativeMethodAccessorImpl.java:62)
	at sun.reflect.DelegatingMethodAccessorImpl.invoke(DelegatingMethodAccessorImpl.java:43)
	at java.lang.reflect.Method.invoke(Method.java:498)
	at junit.framework.TestCase.runTest(TestCase.java:176)
	at org.activiti.engine.impl.test.PvmTestCase.runTest(PvmTestCase.java:65)
	at junit.framework.TestCase.runBare(TestCase.java:141)
	at org.activiti.engine.impl.test.AbstractActivitiTestCase.runBare(AbstractActivitiTestCase.java:100)
	at junit.framework.TestResult$1.protect(TestResult.java:122)
	at junit.framework.TestResult.runProtected(TestResult.java:142)
	at junit.framework.TestResult.run(TestResult.java:125)
	at junit.framework.TestCase.run(TestCase.java:129)
	at junit.framework.TestSuite.runTest(TestSuite.java:255)
	at junit.framework.TestSuite.run(TestSuite.java:250)
	at org.junit.internal.runners.JUnit38ClassRunner.run(JUnit38ClassRunner.java:84)
	at org.apache.maven.surefire.junit4.JUnit4TestSet.execute(JUnit4TestSet.java:35)
	at org.apache.maven.surefire.junit4.JUnit4Provider.executeTestSet(JUnit4Provider.java:146)
	at org.apache.maven.surefire.junit4.JUnit4Provider.invoke(JUnit4Provider.java:97)
	at sun.reflect.NativeMethodAccessorImpl.invoke0(Native Method)
	at sun.reflect.NativeMethodAccessorImpl.invoke(NativeMethodAccessorImpl.java:62)
	at sun.reflect.DelegatingMethodAccessorImpl.invoke(DelegatingMethodAccessorImpl.java:43)
	at java.lang.reflect.Method.invoke(Method.java:498)
	at org.apache.maven.surefire.booter.ProviderFactory$ClassLoaderProxy.invoke(ProviderFactory.java:103)
	at com.sun.proxy.$Proxy0.invoke(Unknown Source)
	at org.apache.maven.surefire.booter.SurefireStarter.invokeProvider(SurefireStarter.java:145)
	at org.apache.maven.surefire.booter.SurefireStarter.runSuitesInProcess(SurefireStarter.java:87)
	at org.apache.maven.surefire.booter.ForkedBooter.main(ForkedBooter.java:69)
Caused by: org.h2.jdbc.JdbcSQLException: Syntax error in SQL statement &quot;SELECT RES.* 
     
    FROM ACT_RU_JOB RES
     
     WHERE  RES.TYPE_ = &apos;message&apos; 
   
     ORDER BY  ORDER[*] BY RES.ID_ ASC  
    LIMIT ? OFFSET ? &quot;; expected &quot;=, NOT, EXISTS, INTERSECTS, SELECT, FROM&quot;; SQL statement:
select RES.* 
     
    from ACT_RU_JOB RES
     
     WHERE  RES.TYPE_ = &apos;message&apos; 
   
     order by  order by RES.ID_ asc  
    LIMIT ? OFFSET ? [42001-176]
	at org.h2.message.DbException.getJdbcSQLException(DbException.java:344)
	at org.h2.message.DbException.getSyntaxError(DbException.java:204)
	at org.h2.command.Parser.getSyntaxError(Parser.java:524)
	at org.h2.command.Parser.readTerm(Parser.java:2688)
	at org.h2.command.Parser.readFactor(Parser.java:2244)
	at org.h2.command.Parser.readSum(Parser.java:2231)
	at org.h2.command.Parser.readConcat(Parser.java:2201)
	at org.h2.command.Parser.readCondition(Parser.java:2051)
	at org.h2.command.Parser.readAnd(Parser.java:2023)
	at org.h2.command.Parser.readExpression(Parser.java:2015)
	at org.h2.command.Parser.parseEndOfQuery(Parser.java:1726)
	at org.h2.command.Parser.parseSelectUnionExtension(Parser.java:1706)
	at org.h2.command.Parser.parseSelectUnion(Parser.java:1675)
	at org.h2.command.Parser.parseSelect(Parser.java:1662)
	at org.h2.command.Parser.parsePrepared(Parser.java:434)
	at org.h2.command.Parser.parse(Parser.java:306)
	at org.h2.command.Parser.parse(Parser.java:282)
	at org.h2.command.Parser.prepareCommand(Parser.java:243)
	at org.h2.engine.Session.prepareLocal(Session.java:442)
	at org.h2.engine.Session.prepareCommand(Session.java:384)
	at org.h2.jdbc.JdbcConnection.prepareCommand(JdbcConnection.java:1188)
	at org.h2.jdbc.JdbcPreparedStatement.&lt;init&gt;(JdbcPreparedStatement.java:73)
	at org.h2.jdbc.JdbcConnection.prepareStatement(JdbcConnection.java:276)
	at sun.reflect.GeneratedMethodAccessor6.invoke(Unknown Source)
	at sun.reflect.DelegatingMethodAccessorImpl.invoke(DelegatingMethodAccessorImpl.java:43)
	at java.lang.reflect.Method.invoke(Method.java:498)
	at org.apache.ibatis.datasource.pooled.PooledConnection.invoke(PooledConnection.java:245)
	at com.sun.proxy.$Proxy12.prepareStatement(Unknown Source)
	at sun.reflect.GeneratedMethodAccessor6.invoke(Unknown Source)
	at sun.reflect.DelegatingMethodAccessorImpl.invoke(DelegatingMethodAccessorImpl.java:43)
	at java.lang.reflect.Method.invoke(Method.java:498)
	at org.apache.ibatis.logging.jdbc.ConnectionLogger.invoke(ConnectionLogger.java:55)
	at com.sun.proxy.$Proxy12.prepareStatement(Unknown Source)
	at org.apache.ibatis.executor.statement.PreparedStatementHandler.instantiateStatement(PreparedStatementHandler.java:79)
	at org.apache.ibatis.executor.statement.BaseStatementHandler.prepare(BaseStatementHandler.java:88)
	at org.apache.ibatis.executor.statement.RoutingStatementHandler.prepare(RoutingStatementHandler.java:58)
	at org.apache.ibatis.executor.SimpleExecutor.prepareStatement(SimpleExecutor.java:76)
	at org.apache.ibatis.executor.SimpleExecutor.doQuery(SimpleExecutor.java:61)
	at org.apache.ibatis.executor.BaseExecutor.queryFromDatabase(BaseExecutor.java:303)
	at org.apache.ibatis.executor.BaseExecutor.query(BaseExecutor.java:154)
	at org.apache.ibatis.executor.CachingExecutor.query(CachingExecutor.java:102)
	at org.apache.ibatis.executor.CachingExecutor.query(CachingExecutor.java:82)
	at org.apache.ibatis.session.defaults.DefaultSqlSession.selectList(DefaultSqlSession.java:120)
	... 42 more
10:44:57,296 [main] DEBUG org.activiti.engine.impl.test.PvmTestCase  - #### END JobQueryTest.testQueryByOnlyMessages #############################################################
10:44:57,296 [main] DEBUG org.activiti.engine.impl.interceptor.LogInterceptor  - 

10:44:57,296 [main] DEBUG org.activiti.engine.impl.interceptor.LogInterceptor  - --- starting DeleteDeploymentCmd --------------------------------------------------------
10:44:57,296 [main] DEBUG org.apache.ibatis.transaction.jdbc.JdbcTransaction  - Opening JDBC Connection
10:44:57,296 [main] DEBUG org.apache.ibatis.datasource.pooled.PooledDataSource  - Checked out connection 363509958 from pool.
10:44:57,296 [main] DEBUG org.apache.ibatis.transaction.jdbc.JdbcTransaction  - Setting autocommit to false on JDBC Connection [conn2: url=jdbc:h2:mem:activiti user=SA]
10:44:57,296 [main] DEBUG org.activiti.engine.impl.persistence.entity.DeploymentEntity.selectDeploymentById  - ==&gt;  Preparing: select * from ACT_RE_DEPLOYMENT where ID_ = ? 
10:44:57,296 [main] DEBUG org.activiti.engine.impl.persistence.entity.DeploymentEntity.selectDeploymentById  - ==&gt; Parameters: 1751(String)
10:44:57,296 [main] DEBUG org.activiti.engine.impl.persistence.entity.DeploymentEntity.selectDeploymentById  - &lt;==      Total: 1
10:44:57,296 [main] DEBUG org.activiti.engine.impl.persistence.entity.ProcessDefinitionEntity.selectProcessDefinitionsByQueryCriteria  - ==&gt;  Preparing: select RES.* from ACT_RE_PROCDEF RES WHERE RES.DEPLOYMENT_ID_ = ? order by order by RES.ID_ asc LIMIT ? OFFSET ? 
10:44:57,296 [main] DEBUG org.activiti.engine.impl.interceptor.CommandContext  - Error while closing command context
org.apache.ibatis.exceptions.PersistenceException: 
### Error querying database.  Cause: org.h2.jdbc.JdbcSQLException: Syntax error in SQL statement &quot;SELECT RES.* 
       
    FROM ACT_RE_PROCDEF RES
     
     WHERE  RES.DEPLOYMENT_ID_ = ? 
   
     ORDER BY  ORDER[*] BY RES.ID_ ASC  
    LIMIT ? OFFSET ? &quot;; expected &quot;=, NOT, EXISTS, INTERSECTS, SELECT, FROM&quot;; SQL statement:
select RES.* 
       
    from ACT_RE_PROCDEF RES
     
     WHERE  RES.DEPLOYMENT_ID_ = ? 
   
     order by  order by RES.ID_ asc  
    LIMIT ? OFFSET ? [42001-176]
### The error may exist in org/activiti/db/mapping/entity/ProcessDefinition.xml
### The error may involve org.activiti.engine.impl.persistence.entity.ProcessDefinitionEntity.selectProcessDefinitionsByQueryCriteria
### The error occurred while executing a query
### SQL: select RES.*              from ACT_RE_PROCDEF RES            WHERE  RES.DEPLOYMENT_ID_ = ?           order by  order by RES.ID_ asc       LIMIT ? OFFSET ?
### Cause: org.h2.jdbc.JdbcSQLException: Syntax error in SQL statement &quot;SELECT RES.* 
       
    FROM ACT_RE_PROCDEF RES
     
     WHERE  RES.DEPLOYMENT_ID_ = ? 
   
     ORDER BY  ORDER[*] BY RES.ID_ ASC  
    LIMIT ? OFFSET ? &quot;; expected &quot;=, NOT, EXISTS, INTERSECTS, SELECT, FROM&quot;; SQL statement:
select RES.* 
       
    from ACT_RE_PROCDEF RES
     
     WHERE  RES.DEPLOYMENT_ID_ = ? 
   
     order by  order by RES.ID_ asc  
    LIMIT ? OFFSET ? [42001-176]
	at org.apache.ibatis.exceptions.ExceptionFactory.wrapException(ExceptionFactory.java:30)
	at org.apache.ibatis.session.defaults.DefaultSqlSession.selectList(DefaultSqlSession.java:122)
	at org.apache.ibatis.session.defaults.DefaultSqlSession.selectList(DefaultSqlSession.java:113)
	at org.activiti.engine.impl.db.DbSqlSession.selectListWithRawParameter(DbSqlSession.java:438)
	at org.activiti.engine.impl.db.DbSqlSession.selectList(DbSqlSession.java:429)
	at org.activiti.engine.impl.db.DbSqlSession.selectList(DbSqlSession.java:419)
	at org.activiti.engine.impl.persistence.entity.ProcessDefinitionEntityManager.findProcessDefinitionsByQueryCriteria(ProcessDefinitionEntityManager.java:57)
	at org.activiti.engine.impl.ProcessDefinitionQueryImpl.executeList(ProcessDefinitionQueryImpl.java:307)
	at org.activiti.engine.impl.AbstractQuery.list(AbstractQuery.java:140)
	at org.activiti.engine.impl.persistence.deploy.DeploymentManager.removeDeployment(DeploymentManager.java:187)
	at org.activiti.engine.impl.cmd.DeleteDeploymentCmd.execute(DeleteDeploymentCmd.java:44)
	at org.activiti.engine.impl.cmd.DeleteDeploymentCmd.execute(DeleteDeploymentCmd.java:24)
	at org.activiti.engine.impl.interceptor.CommandInvoker.execute(CommandInvoker.java:24)
	at org.activiti.engine.impl.interceptor.CommandContextInterceptor.execute(CommandContextInterceptor.java:57)
	at org.activiti.engine.impl.interceptor.LogInterceptor.execute(LogInterceptor.java:37)
	at org.activiti.engine.impl.cfg.CommandExecutorImpl.execute(CommandExecutorImpl.java:40)
	at org.activiti.engine.impl.cfg.CommandExecutorImpl.execute(CommandExecutorImpl.java:35)
	at org.activiti.engine.impl.RepositoryServiceImpl.deleteDeployment(RepositoryServiceImpl.java:90)
	at org.activiti.engine.test.api.mgmt.JobQueryTest.tearDown(JobQueryTest.java:116)
	at junit.framework.TestCase.runBare(TestCase.java:146)
	at org.activiti.engine.impl.test.AbstractActivitiTestCase.runBare(AbstractActivitiTestCase.java:100)
	at junit.framework.TestResult$1.protect(TestResult.java:122)
	at junit.framework.TestResult.runProtected(TestResult.java:142)
	at junit.framework.TestResult.run(TestResult.java:125)
	at junit.framework.TestCase.run(TestCase.java:129)
	at junit.framework.TestSuite.runTest(TestSuite.java:255)
	at junit.framework.TestSuite.run(TestSuite.java:250)
	at org.junit.internal.runners.JUnit38ClassRunner.run(JUnit38ClassRunner.java:84)
	at org.apache.maven.surefire.junit4.JUnit4TestSet.execute(JUnit4TestSet.java:35)
	at org.apache.maven.surefire.junit4.JUnit4Provider.executeTestSet(JUnit4Provider.java:146)
	at org.apache.maven.surefire.junit4.JUnit4Provider.invoke(JUnit4Provider.java:97)
	at sun.reflect.NativeMethodAccessorImpl.invoke0(Native Method)
	at sun.reflect.NativeMethodAccessorImpl.invoke(NativeMethodAccessorImpl.java:62)
	at sun.reflect.DelegatingMethodAccessorImpl.invoke(DelegatingMethodAccessorImpl.java:43)
	at java.lang.reflect.Method.invoke(Method.java:498)
	at org.apache.maven.surefire.booter.ProviderFactory$ClassLoaderProxy.invoke(ProviderFactory.java:103)
	at com.sun.proxy.$Proxy0.invoke(Unknown Source)
	at org.apache.maven.surefire.booter.SurefireStarter.invokeProvider(SurefireStarter.java:145)
	at org.apache.maven.surefire.booter.SurefireStarter.runSuitesInProcess(SurefireStarter.java:87)
	at org.apache.maven.surefire.booter.ForkedBooter.main(ForkedBooter.java:69)
Caused by: org.h2.jdbc.JdbcSQLException: Syntax error in SQL statement &quot;SELECT RES.* 
       
    FROM ACT_RE_PROCDEF RES
     
     WHERE  RES.DEPLOYMENT_ID_ = ? 
   
     ORDER BY  ORDER[*] BY RES.ID_ ASC  
    LIMIT ? OFFSET ? &quot;; expected &quot;=, NOT, EXISTS, INTERSECTS, SELECT, FROM&quot;; SQL statement:
select RES.* 
       
    from ACT_RE_PROCDEF RES
     
     WHERE  RES.DEPLOYMENT_ID_ = ? 
   
     order by  order by RES.ID_ asc  
    LIMIT ? OFFSET ? [42001-176]
	at org.h2.message.DbException.getJdbcSQLException(DbException.java:344)
	at org.h2.message.DbException.getSyntaxError(DbException.java:204)
	at org.h2.command.Parser.getSyntaxError(Parser.java:524)
	at org.h2.command.Parser.readTerm(Parser.java:2688)
	at org.h2.command.Parser.readFactor(Parser.java:2244)
	at org.h2.command.Parser.readSum(Parser.java:2231)
	at org.h2.command.Parser.readConcat(Parser.java:2201)
	at org.h2.command.Parser.readCondition(Parser.java:2051)
	at org.h2.command.Parser.readAnd(Parser.java:2023)
	at org.h2.command.Parser.readExpression(Parser.java:2015)
	at org.h2.command.Parser.parseEndOfQuery(Parser.java:1726)
	at org.h2.command.Parser.parseSelectUnionExtension(Parser.java:1706)
	at org.h2.command.Parser.parseSelectUnion(Parser.java:1675)
	at org.h2.command.Parser.parseSelect(Parser.java:1662)
	at org.h2.command.Parser.parsePrepared(Parser.java:434)
	at org.h2.command.Parser.parse(Parser.java:306)
	at org.h2.command.Parser.parse(Parser.java:282)
	at org.h2.command.Parser.prepareCommand(Parser.java:243)
	at org.h2.engine.Session.prepareLocal(Session.java:442)
	at org.h2.engine.Session.prepareCommand(Session.java:384)
	at org.h2.jdbc.JdbcConnection.prepareCommand(JdbcConnection.java:1188)
	at org.h2.jdbc.JdbcPreparedStatement.&lt;init&gt;(JdbcPreparedStatement.java:73)
	at org.h2.jdbc.JdbcConnection.prepareStatement(JdbcConnection.java:276)
	at sun.reflect.GeneratedMethodAccessor6.invoke(Unknown Source)
	at sun.reflect.DelegatingMethodAccessorImpl.invoke(DelegatingMethodAccessorImpl.java:43)
	at java.lang.reflect.Method.invoke(Method.java:498)
	at org.apache.ibatis.datasource.pooled.PooledConnection.invoke(PooledConnection.java:245)
	at com.sun.proxy.$Proxy12.prepareStatement(Unknown Source)
	at sun.reflect.GeneratedMethodAccessor6.invoke(Unknown Source)
	at sun.reflect.DelegatingMethodAccessorImpl.invoke(DelegatingMethodAccessorImpl.java:43)
	at java.lang.reflect.Method.invoke(Method.java:498)
	at org.apache.ibatis.logging.jdbc.ConnectionLogger.invoke(ConnectionLogger.java:55)
	at com.sun.proxy.$Proxy12.prepareStatement(Unknown Source)
	at org.apache.ibatis.executor.statement.PreparedStatementHandler.instantiateStatement(PreparedStatementHandler.java:79)
	at org.apache.ibatis.executor.statement.BaseStatementHandler.prepare(BaseStatementHandler.java:88)
	at org.apache.ibatis.executor.statement.RoutingStatementHandler.prepare(RoutingStatementHandler.java:58)
	at org.apache.ibatis.executor.SimpleExecutor.prepareStatement(SimpleExecutor.java:76)
	at org.apache.ibatis.executor.SimpleExecutor.doQuery(SimpleExecutor.java:61)
	at org.apache.ibatis.executor.BaseExecutor.queryFromDatabase(BaseExecutor.java:303)
	at org.apache.ibatis.executor.BaseExecutor.query(BaseExecutor.java:154)
	at org.apache.ibatis.executor.CachingExecutor.query(CachingExecutor.java:102)
	at org.apache.ibatis.executor.CachingExecutor.query(CachingExecutor.java:82)
	at org.apache.ibatis.session.defaults.DefaultSqlSession.selectList(DefaultSqlSession.java:120)
	... 38 more
10:44:57,296 [main] DEBUG org.activiti.engine.impl.cfg.standalone.StandaloneMybatisTransactionContext  - firing event rolling back...
10:44:57,296 [main] DEBUG org.activiti.engine.impl.cfg.standalone.StandaloneMybatisTransactionContext  - rolling back ibatis sql session...
10:44:57,296 [main] DEBUG org.activiti.engine.impl.cfg.standalone.StandaloneMybatisTransactionContext  - firing event rolled back...
10:44:57,296 [main] DEBUG org.apache.ibatis.transaction.jdbc.JdbcTransaction  - Resetting autocommit to true on JDBC Connection [conn2: url=jdbc:h2:mem:activiti user=SA]
10:44:57,296 [main] DEBUG org.apache.ibatis.transaction.jdbc.JdbcTransaction  - Closing JDBC Connection [conn2: url=jdbc:h2:mem:activiti user=SA]
10:44:57,296 [main] DEBUG org.apache.ibatis.datasource.pooled.PooledDataSource  - Returned connection 363509958 to pool.
10:44:57,296 [main] DEBUG org.activiti.engine.impl.interceptor.LogInterceptor  - --- DeleteDeploymentCmd finished --------------------------------------------------------
10:44:57,296 [main] DEBUG org.activiti.engine.impl.interceptor.LogInterceptor  - 

10:44:57,296 [main] ERROR org.activiti.engine.impl.test.PvmTestCase  - 

10:44:57,296 [main] ERROR org.activiti.engine.impl.test.PvmTestCase  - EXCEPTION: org.apache.ibatis.exceptions.PersistenceException: 
### Error querying database.  Cause: org.h2.jdbc.JdbcSQLException: Syntax error in SQL statement &quot;SELECT RES.* 
     
    FROM ACT_RU_JOB RES
     
     WHERE  RES.TYPE_ = &apos;message&apos; 
   
     ORDER BY  ORDER[*] BY RES.ID_ ASC  
    LIMIT ? OFFSET ? &quot;; expected &quot;=, NOT, EXISTS, INTERSECTS, SELECT, FROM&quot;; SQL statement:
select RES.* 
     
    from ACT_RU_JOB RES
     
     WHERE  RES.TYPE_ = &apos;message&apos; 
   
     order by  order by RES.ID_ asc  
    LIMIT ? OFFSET ? [42001-176]
### The error may exist in org/activiti/db/mapping/entity/Job.xml
### The error may involve org.activiti.engine.impl.persistence.entity.JobEntity.selectJobByQueryCriteria
### The error occurred while executing a query
### SQL: select RES.*            from ACT_RU_JOB RES            WHERE  RES.TYPE_ = &apos;message&apos;           order by  order by RES.ID_ asc       LIMIT ? OFFSET ?
### Cause: org.h2.jdbc.JdbcSQLException: Syntax error in SQL statement &quot;SELECT RES.* 
     
    FROM ACT_RU_JOB RES
     
     WHERE  RES.TYPE_ = &apos;message&apos; 
   
     ORDER BY  ORDER[*] BY RES.ID_ ASC  
    LIMIT ? OFFSET ? &quot;; expected &quot;=, NOT, EXISTS, INTERSECTS, SELECT, FROM&quot;; SQL statement:
select RES.* 
     
    from ACT_RU_JOB RES
     
     WHERE  RES.TYPE_ = &apos;message&apos; 
   
     order by  order by RES.ID_ asc  
    LIMIT ? OFFSET ? [42001-176]
org.apache.ibatis.exceptions.PersistenceException: 
### Error querying database.  Cause: org.h2.jdbc.JdbcSQLException: Syntax error in SQL statement &quot;SELECT RES.* 
     
    FROM ACT_RU_JOB RES
     
     WHERE  RES.TYPE_ = &apos;message&apos; 
   
     ORDER BY  ORDER[*] BY RES.ID_ ASC  
    LIMIT ? OFFSET ? &quot;; expected &quot;=, NOT, EXISTS, INTERSECTS, SELECT, FROM&quot;; SQL statement:
select RES.* 
     
    from ACT_RU_JOB RES
     
     WHERE  RES.TYPE_ = &apos;message&apos; 
   
     order by  order by RES.ID_ asc  
    LIMIT ? OFFSET ? [42001-176]
### The error may exist in org/activiti/db/mapping/entity/Job.xml
### The error may involve org.activiti.engine.impl.persistence.entity.JobEntity.selectJobByQueryCriteria
### The error occurred while executing a query
### SQL: select RES.*            from ACT_RU_JOB RES            WHERE  RES.TYPE_ = &apos;message&apos;           order by  order by RES.ID_ asc       LIMIT ? OFFSET ?
### Cause: org.h2.jdbc.JdbcSQLException: Syntax error in SQL statement &quot;SELECT RES.* 
     
    FROM ACT_RU_JOB RES
     
     WHERE  RES.TYPE_ = &apos;message&apos; 
   
     ORDER BY  ORDER[*] BY RES.ID_ ASC  
    LIMIT ? OFFSET ? &quot;; expected &quot;=, NOT, EXISTS, INTERSECTS, SELECT, FROM&quot;; SQL statement:
select RES.* 
     
    from ACT_RU_JOB RES
     
     WHERE  RES.TYPE_ = &apos;message&apos; 
   
     order by  order by RES.ID_ asc  
    LIMIT ? OFFSET ? [42001-176]
	at org.apache.ibatis.exceptions.ExceptionFactory.wrapException(ExceptionFactory.java:30)
	at org.apache.ibatis.session.defaults.DefaultSqlSession.selectList(DefaultSqlSession.java:122)
	at org.apache.ibatis.session.defaults.DefaultSqlSession.selectList(DefaultSqlSession.java:113)
	at org.activiti.engine.impl.db.DbSqlSession.selectListWithRawParameter(DbSqlSession.java:438)
	at org.activiti.engine.impl.db.DbSqlSession.selectList(DbSqlSession.java:429)
	at org.activiti.engine.impl.db.DbSqlSession.selectList(DbSqlSession.java:419)
	at org.activiti.engine.impl.persistence.entity.JobEntityManager.findJobsByQueryCriteria(JobEntityManager.java:198)
	at org.activiti.engine.impl.JobQueryImpl.executeList(JobQueryImpl.java:243)
	at org.activiti.engine.impl.AbstractQuery.execute(AbstractQuery.java:164)
	at org.activiti.engine.impl.interceptor.CommandInvoker.execute(CommandInvoker.java:24)
	at org.activiti.engine.impl.interceptor.CommandContextInterceptor.execute(CommandContextInterceptor.java:57)
	at org.activiti.engine.impl.interceptor.LogInterceptor.execute(LogInterceptor.java:37)
	at org.activiti.engine.impl.cfg.CommandExecutorImpl.execute(CommandExecutorImpl.java:40)
	at org.activiti.engine.impl.cfg.CommandExecutorImpl.execute(CommandExecutorImpl.java:35)
	at org.activiti.engine.impl.AbstractQuery.list(AbstractQuery.java:138)
	at org.activiti.engine.test.api.mgmt.JobQueryTest.verifyQueryResults(JobQueryTest.java:400)
	at org.activiti.engine.test.api.mgmt.JobQueryTest.testQueryByOnlyMessages(JobQueryTest.java:188)
	at sun.reflect.NativeMethodAccessorImpl.invoke0(Native Method)
	at sun.reflect.NativeMethodAccessorImpl.invoke(NativeMethodAccessorImpl.java:62)
	at sun.reflect.DelegatingMethodAccessorImpl.invoke(DelegatingMethodAccessorImpl.java:43)
	at java.lang.reflect.Method.invoke(Method.java:498)
	at junit.framework.TestCase.runTest(TestCase.java:176)
	at org.activiti.engine.impl.test.PvmTestCase.runTest(PvmTestCase.java:65)
	at junit.framework.TestCase.runBare(TestCase.java:141)
	at org.activiti.engine.impl.test.AbstractActivitiTestCase.runBare(AbstractActivitiTestCase.java:100)
	at junit.framework.TestResult$1.protect(TestResult.java:122)
	at junit.framework.TestResult.runProtected(TestResult.java:142)
	at junit.framework.TestResult.run(TestResult.java:125)
	at junit.framework.TestCase.run(TestCase.java:129)
	at junit.framework.TestSuite.runTest(TestSuite.java:255)
	at junit.framework.TestSuite.run(TestSuite.java:250)
	at org.junit.internal.runners.JUnit38ClassRunner.run(JUnit38ClassRunner.java:84)
	at org.apache.maven.surefire.junit4.JUnit4TestSet.execute(JUnit4TestSet.java:35)
	at org.apache.maven.surefire.junit4.JUnit4Provider.executeTestSet(JUnit4Provider.java:146)
	at org.apache.maven.surefire.junit4.JUnit4Provider.invoke(JUnit4Provider.java:97)
	at sun.reflect.NativeMethodAccessorImpl.invoke0(Native Method)
	at sun.reflect.NativeMethodAccessorImpl.invoke(NativeMethodAccessorImpl.java:62)
	at sun.reflect.DelegatingMethodAccessorImpl.invoke(DelegatingMethodAccessorImpl.java:43)
	at java.lang.reflect.Method.invoke(Method.java:498)
	at org.apache.maven.surefire.booter.ProviderFactory$ClassLoaderProxy.invoke(ProviderFactory.java:103)
	at com.sun.proxy.$Proxy0.invoke(Unknown Source)
	at org.apache.maven.surefire.booter.SurefireStarter.invokeProvider(SurefireStarter.java:145)
	at org.apache.maven.surefire.booter.SurefireStarter.runSuitesInProcess(SurefireStarter.java:87)
	at org.apache.maven.surefire.booter.ForkedBooter.main(ForkedBooter.java:69)
Caused by: org.h2.jdbc.JdbcSQLException: Syntax error in SQL statement &quot;SELECT RES.* 
     
    FROM ACT_RU_JOB RES
     
     WHERE  RES.TYPE_ = &apos;message&apos; 
   
     ORDER BY  ORDER[*] BY RES.ID_ ASC  
    LIMIT ? OFFSET ? &quot;; expected &quot;=, NOT, EXISTS, INTERSECTS, SELECT, FROM&quot;; SQL statement:
select RES.* 
     
    from ACT_RU_JOB RES
     
     WHERE  RES.TYPE_ = &apos;message&apos; 
   
     order by  order by RES.ID_ asc  
    LIMIT ? OFFSET ? [42001-176]
	at org.h2.message.DbException.getJdbcSQLException(DbException.java:344)
	at org.h2.message.DbException.getSyntaxError(DbException.java:204)
	at org.h2.command.Parser.getSyntaxError(Parser.java:524)
	at org.h2.command.Parser.readTerm(Parser.java:2688)
	at org.h2.command.Parser.readFactor(Parser.java:2244)
	at org.h2.command.Parser.readSum(Parser.java:2231)
	at org.h2.command.Parser.readConcat(Parser.java:2201)
	at org.h2.command.Parser.readCondition(Parser.java:2051)
	at org.h2.command.Parser.readAnd(Parser.java:2023)
	at org.h2.command.Parser.readExpression(Parser.java:2015)
	at org.h2.command.Parser.parseEndOfQuery(Parser.java:1726)
	at org.h2.command.Parser.parseSelectUnionExtension(Parser.java:1706)
	at org.h2.command.Parser.parseSelectUnion(Parser.java:1675)
	at org.h2.command.Parser.parseSelect(Parser.java:1662)
	at org.h2.command.Parser.parsePrepared(Parser.java:434)
	at org.h2.command.Parser.parse(Parser.java:306)
	at org.h2.command.Parser.parse(Parser.java:282)
	at org.h2.command.Parser.prepareCommand(Parser.java:243)
	at org.h2.engine.Session.prepareLocal(Session.java:442)
	at org.h2.engine.Session.prepareCommand(Session.java:384)
	at org.h2.jdbc.JdbcConnection.prepareCommand(JdbcConnection.java:1188)
	at org.h2.jdbc.JdbcPreparedStatement.&lt;init&gt;(JdbcPreparedStatement.java:73)
	at org.h2.jdbc.JdbcConnection.prepareStatement(JdbcConnection.java:276)
	at sun.reflect.GeneratedMethodAccessor6.invoke(Unknown Source)
	at sun.reflect.DelegatingMethodAccessorImpl.invoke(DelegatingMethodAccessorImpl.java:43)
	at java.lang.reflect.Method.invoke(Method.java:498)
	at org.apache.ibatis.datasource.pooled.PooledConnection.invoke(PooledConnection.java:245)
	at com.sun.proxy.$Proxy12.prepareStatement(Unknown Source)
	at sun.reflect.GeneratedMethodAccessor6.invoke(Unknown Source)
	at sun.reflect.DelegatingMethodAccessorImpl.invoke(DelegatingMethodAccessorImpl.java:43)
	at java.lang.reflect.Method.invoke(Method.java:498)
	at org.apache.ibatis.logging.jdbc.ConnectionLogger.invoke(ConnectionLogger.java:55)
	at com.sun.proxy.$Proxy12.prepareStatement(Unknown Source)
	at org.apache.ibatis.executor.statement.PreparedStatementHandler.instantiateStatement(PreparedStatementHandler.java:79)
	at org.apache.ibatis.executor.statement.BaseStatementHandler.prepare(BaseStatementHandler.java:88)
	at org.apache.ibatis.executor.statement.RoutingStatementHandler.prepare(RoutingStatementHandler.java:58)
	at org.apache.ibatis.executor.SimpleExecutor.prepareStatement(SimpleExecutor.java:76)
	at org.apache.ibatis.executor.SimpleExecutor.doQuery(SimpleExecutor.java:61)
	at org.apache.ibatis.executor.BaseExecutor.queryFromDatabase(BaseExecutor.java:303)
	at org.apache.ibatis.executor.BaseExecutor.query(BaseExecutor.java:154)
	at org.apache.ibatis.executor.CachingExecutor.query(CachingExecutor.java:102)
	at org.apache.ibatis.executor.CachingExecutor.query(CachingExecutor.java:82)
	at org.apache.ibatis.session.defaults.DefaultSqlSession.selectList(DefaultSqlSession.java:120)
	... 42 more
10:44:57,296 [main] DEBUG org.activiti.engine.impl.test.PvmTestCase  - verifying that db is clean after test
10:44:57,296 [main] DEBUG org.activiti.engine.impl.interceptor.LogInterceptor  - 

10:44:57,296 [main] DEBUG org.activiti.engine.impl.interceptor.LogInterceptor  - --- starting GetTableCountCmd --------------------------------------------------------
10:44:57,296 [main] DEBUG org.apache.ibatis.transaction.jdbc.JdbcTransaction  - Opening JDBC Connection
10:44:57,296 [main] DEBUG org.apache.ibatis.datasource.pooled.PooledDataSource  - Checked out connection 180014677 from pool.
10:44:57,296 [main] DEBUG org.apache.ibatis.transaction.jdbc.JdbcTransaction  - Setting autocommit to false on JDBC Connection [conn3: url=jdbc:h2:mem:activiti user=SA]
10:44:57,296 [main] DEBUG org.activiti.engine.impl.persistence.entity.TableDataManager  - retrieving activiti tables from jdbc metadata
10:44:57,297 [main] DEBUG org.activiti.engine.impl.persistence.entity.TableDataManager  -   retrieved activiti table name ACT_EVT_LOG
10:44:57,297 [main] DEBUG org.activiti.engine.impl.persistence.entity.TableDataManager  -   retrieved activiti table name ACT_GE_BYTEARRAY
10:44:57,297 [main] DEBUG org.activiti.engine.impl.persistence.entity.TableDataManager  -   retrieved activiti table name ACT_GE_PROPERTY
10:44:57,297 [main] DEBUG org.activiti.engine.impl.persistence.entity.TableDataManager  -   retrieved activiti table name ACT_HI_ACTINST
10:44:57,297 [main] DEBUG org.activiti.engine.impl.persistence.entity.TableDataManager  -   retrieved activiti table name ACT_HI_ATTACHMENT
10:44:57,297 [main] DEBUG org.activiti.engine.impl.persistence.entity.TableDataManager  -   retrieved activiti table name ACT_HI_COMMENT
10:44:57,297 [main] DEBUG org.activiti.engine.impl.persistence.entity.TableDataManager  -   retrieved activiti table name ACT_HI_DETAIL
10:44:57,297 [main] DEBUG org.activiti.engine.impl.persistence.entity.TableDataManager  -   retrieved activiti table name ACT_HI_IDENTITYLINK
10:44:57,297 [main] DEBUG org.activiti.engine.impl.persistence.entity.TableDataManager  -   retrieved activiti table name ACT_HI_PROCINST
10:44:57,297 [main] DEBUG org.activiti.engine.impl.persistence.entity.TableDataManager  -   retrieved activiti table name ACT_HI_TASKINST
10:44:57,297 [main] DEBUG org.activiti.engine.impl.persistence.entity.TableDataManager  -   retrieved activiti table name ACT_HI_VARINST
10:44:57,297 [main] DEBUG org.activiti.engine.impl.persistence.entity.TableDataManager  -   retrieved activiti table name ACT_ID_GROUP
10:44:57,297 [main] DEBUG org.activiti.engine.impl.persistence.entity.TableDataManager  -   retrieved activiti table name ACT_ID_INFO
10:44:57,297 [main] DEBUG org.activiti.engine.impl.persistence.entity.TableDataManager  -   retrieved activiti table name ACT_ID_MEMBERSHIP
10:44:57,297 [main] DEBUG org.activiti.engine.impl.persistence.entity.TableDataManager  -   retrieved activiti table name ACT_ID_USER
10:44:57,297 [main] DEBUG org.activiti.engine.impl.persistence.entity.TableDataManager  -   retrieved activiti table name ACT_PROCDEF_INFO
10:44:57,297 [main] DEBUG org.activiti.engine.impl.persistence.entity.TableDataManager  -   retrieved activiti table name ACT_RE_DEPLOYMENT
10:44:57,297 [main] DEBUG org.activiti.engine.impl.persistence.entity.TableDataManager  -   retrieved activiti table name ACT_RE_MODEL
10:44:57,297 [main] DEBUG org.activiti.engine.impl.persistence.entity.TableDataManager  -   retrieved activiti table name ACT_RE_PROCDEF
10:44:57,297 [main] DEBUG org.activiti.engine.impl.persistence.entity.TableDataManager  -   retrieved activiti table name ACT_RU_EVENT_SUBSCR
10:44:57,297 [main] DEBUG org.activiti.engine.impl.persistence.entity.TableDataManager  -   retrieved activiti table name ACT_RU_EXECUTION
10:44:57,297 [main] DEBUG org.activiti.engine.impl.persistence.entity.TableDataManager  -   retrieved activiti table name ACT_RU_IDENTITYLINK
10:44:57,297 [main] DEBUG org.activiti.engine.impl.persistence.entity.TableDataManager  -   retrieved activiti table name ACT_RU_JOB
10:44:57,297 [main] DEBUG org.activiti.engine.impl.persistence.entity.TableDataManager  -   retrieved activiti table name ACT_RU_TASK
10:44:57,297 [main] DEBUG org.activiti.engine.impl.persistence.entity.TableDataManager  -   retrieved activiti table name ACT_RU_VARIABLE
10:44:57,297 [main] DEBUG org.activiti.engine.impl.persistence.entity.TableDataManager  - selecting table count for ACT_EVT_LOG
10:44:57,297 [main] DEBUG org.activiti.engine.impl.TablePageMap.selectTableCount  - ==&gt;  Preparing: select count(*) from ACT_EVT_LOG 
10:44:57,297 [main] DEBUG org.activiti.engine.impl.TablePageMap.selectTableCount  - ==&gt; Parameters: 
10:44:57,297 [main] DEBUG org.activiti.engine.impl.TablePageMap.selectTableCount  - &lt;==      Total: 1
10:44:57,297 [main] DEBUG org.activiti.engine.impl.persistence.entity.TableDataManager  - selecting table count for ACT_GE_BYTEARRAY
10:44:57,297 [main] DEBUG org.activiti.engine.impl.TablePageMap.selectTableCount  - ==&gt;  Preparing: select count(*) from ACT_GE_BYTEARRAY 
10:44:57,297 [main] DEBUG org.activiti.engine.impl.TablePageMap.selectTableCount  - ==&gt; Parameters: 
10:44:57,297 [main] DEBUG org.activiti.engine.impl.TablePageMap.selectTableCount  - &lt;==      Total: 1
10:44:57,297 [main] DEBUG org.activiti.engine.impl.persistence.entity.TableDataManager  - selecting table count for ACT_GE_PROPERTY
10:44:57,297 [main] DEBUG org.activiti.engine.impl.TablePageMap.selectTableCount  - ==&gt;  Preparing: select count(*) from ACT_GE_PROPERTY 
10:44:57,297 [main] DEBUG org.activiti.engine.impl.TablePageMap.selectTableCount  - ==&gt; Parameters: 
10:44:57,297 [main] DEBUG org.activiti.engine.impl.TablePageMap.selectTableCount  - &lt;==      Total: 1
10:44:57,297 [main] DEBUG org.activiti.engine.impl.persistence.entity.TableDataManager  - selecting table count for ACT_HI_ACTINST
10:44:57,297 [main] DEBUG org.activiti.engine.impl.TablePageMap.selectTableCount  - ==&gt;  Preparing: select count(*) from ACT_HI_ACTINST 
10:44:57,297 [main] DEBUG org.activiti.engine.impl.TablePageMap.selectTableCount  - ==&gt; Parameters: 
10:44:57,297 [main] DEBUG org.activiti.engine.impl.TablePageMap.selectTableCount  - &lt;==      Total: 1
10:44:57,297 [main] DEBUG org.activiti.engine.impl.persistence.entity.TableDataManager  - selecting table count for ACT_HI_ATTACHMENT
10:44:57,297 [main] DEBUG org.activiti.engine.impl.TablePageMap.selectTableCount  - ==&gt;  Preparing: select count(*) from ACT_HI_ATTACHMENT 
10:44:57,297 [main] DEBUG org.activiti.engine.impl.TablePageMap.selectTableCount  - ==&gt; Parameters: 
10:44:57,297 [main] DEBUG org.activiti.engine.impl.TablePageMap.selectTableCount  - &lt;==      Total: 1
10:44:57,297 [main] DEBUG org.activiti.engine.impl.persistence.entity.TableDataManager  - selecting table count for ACT_HI_COMMENT
10:44:57,297 [main] DEBUG org.activiti.engine.impl.TablePageMap.selectTableCount  - ==&gt;  Preparing: select count(*) from ACT_HI_COMMENT 
10:44:57,297 [main] DEBUG org.activiti.engine.impl.TablePageMap.selectTableCount  - ==&gt; Parameters: 
10:44:57,297 [main] DEBUG org.activiti.engine.impl.TablePageMap.selectTableCount  - &lt;==      Total: 1
10:44:57,297 [main] DEBUG org.activiti.engine.impl.persistence.entity.TableDataManager  - selecting table count for ACT_HI_DETAIL
10:44:57,297 [main] DEBUG org.activiti.engine.impl.TablePageMap.selectTableCount  - ==&gt;  Preparing: select count(*) from ACT_HI_DETAIL 
10:44:57,297 [main] DEBUG org.activiti.engine.impl.TablePageMap.selectTableCount  - ==&gt; Parameters: 
10:44:57,297 [main] DEBUG org.activiti.engine.impl.TablePageMap.selectTableCount  - &lt;==      Total: 1
10:44:57,297 [main] DEBUG org.activiti.engine.impl.persistence.entity.TableDataManager  - selecting table count for ACT_HI_IDENTITYLINK
10:44:57,297 [main] DEBUG org.activiti.engine.impl.TablePageMap.selectTableCount  - ==&gt;  Preparing: select count(*) from ACT_HI_IDENTITYLINK 
10:44:57,297 [main] DEBUG org.activiti.engine.impl.TablePageMap.selectTableCount  - ==&gt; Parameters: 
10:44:57,297 [main] DEBUG org.activiti.engine.impl.TablePageMap.selectTableCount  - &lt;==      Total: 1
10:44:57,297 [main] DEBUG org.activiti.engine.impl.persistence.entity.TableDataManager  - selecting table count for ACT_HI_PROCINST
10:44:57,297 [main] DEBUG org.activiti.engine.impl.TablePageMap.selectTableCount  - ==&gt;  Preparing: select count(*) from ACT_HI_PROCINST 
10:44:57,297 [main] DEBUG org.activiti.engine.impl.TablePageMap.selectTableCount  - ==&gt; Parameters: 
10:44:57,297 [main] DEBUG org.activiti.engine.impl.TablePageMap.selectTableCount  - &lt;==      Total: 1
10:44:57,297 [main] DEBUG org.activiti.engine.impl.persistence.entity.TableDataManager  - selecting table count for ACT_HI_TASKINST
10:44:57,297 [main] DEBUG org.activiti.engine.impl.TablePageMap.selectTableCount  - ==&gt;  Preparing: select count(*) from ACT_HI_TASKINST 
10:44:57,297 [main] DEBUG org.activiti.engine.impl.TablePageMap.selectTableCount  - ==&gt; Parameters: 
10:44:57,297 [main] DEBUG org.activiti.engine.impl.TablePageMap.selectTableCount  - &lt;==      Total: 1
10:44:57,297 [main] DEBUG org.activiti.engine.impl.persistence.entity.TableDataManager  - selecting table count for ACT_HI_VARINST
10:44:57,297 [main] DEBUG org.activiti.engine.impl.TablePageMap.selectTableCount  - ==&gt;  Preparing: select count(*) from ACT_HI_VARINST 
10:44:57,297 [main] DEBUG org.activiti.engine.impl.TablePageMap.selectTableCount  - ==&gt; Parameters: 
10:44:57,297 [main] DEBUG org.activiti.engine.impl.TablePageMap.selectTableCount  - &lt;==      Total: 1
10:44:57,297 [main] DEBUG org.activiti.engine.impl.persistence.entity.TableDataManager  - selecting table count for ACT_ID_GROUP
10:44:57,297 [main] DEBUG org.activiti.engine.impl.TablePageMap.selectTableCount  - ==&gt;  Preparing: select count(*) from ACT_ID_GROUP 
10:44:57,297 [main] DEBUG org.activiti.engine.impl.TablePageMap.selectTableCount  - ==&gt; Parameters: 
10:44:57,297 [main] DEBUG org.activiti.engine.impl.TablePageMap.selectTableCount  - &lt;==      Total: 1
10:44:57,297 [main] DEBUG org.activiti.engine.impl.persistence.entity.TableDataManager  - selecting table count for ACT_ID_INFO
10:44:57,297 [main] DEBUG org.activiti.engine.impl.TablePageMap.selectTableCount  - ==&gt;  Preparing: select count(*) from ACT_ID_INFO 
10:44:57,297 [main] DEBUG org.activiti.engine.impl.TablePageMap.selectTableCount  - ==&gt; Parameters: 
10:44:57,297 [main] DEBUG org.activiti.engine.impl.TablePageMap.selectTableCount  - &lt;==      Total: 1
10:44:57,297 [main] DEBUG org.activiti.engine.impl.persistence.entity.TableDataManager  - selecting table count for ACT_ID_MEMBERSHIP
10:44:57,297 [main] DEBUG org.activiti.engine.impl.TablePageMap.selectTableCount  - ==&gt;  Preparing: select count(*) from ACT_ID_MEMBERSHIP 
10:44:57,297 [main] DEBUG org.activiti.engine.impl.TablePageMap.selectTableCount  - ==&gt; Parameters: 
10:44:57,297 [main] DEBUG org.activiti.engine.impl.TablePageMap.selectTableCount  - &lt;==      Total: 1
10:44:57,297 [main] DEBUG org.activiti.engine.impl.persistence.entity.TableDataManager  - selecting table count for ACT_ID_USER
10:44:57,297 [main] DEBUG org.activiti.engine.impl.TablePageMap.selectTableCount  - ==&gt;  Preparing: select count(*) from ACT_ID_USER 
10:44:57,297 [main] DEBUG org.activiti.engine.impl.TablePageMap.selectTableCount  - ==&gt; Parameters: 
10:44:57,297 [main] DEBUG org.activiti.engine.impl.TablePageMap.selectTableCount  - &lt;==      Total: 1
10:44:57,297 [main] DEBUG org.activiti.engine.impl.persistence.entity.TableDataManager  - selecting table count for ACT_PROCDEF_INFO
10:44:57,297 [main] DEBUG org.activiti.engine.impl.TablePageMap.selectTableCount  - ==&gt;  Preparing: select count(*) from ACT_PROCDEF_INFO 
10:44:57,297 [main] DEBUG org.activiti.engine.impl.TablePageMap.selectTableCount  - ==&gt; Parameters: 
10:44:57,297 [main] DEBUG org.activiti.engine.impl.TablePageMap.selectTableCount  - &lt;==      Total: 1
10:44:57,297 [main] DEBUG org.activiti.engine.impl.persistence.entity.TableDataManager  - selecting table count for ACT_RE_DEPLOYMENT
10:44:57,297 [main] DEBUG org.activiti.engine.impl.TablePageMap.selectTableCount  - ==&gt;  Preparing: select count(*) from ACT_RE_DEPLOYMENT 
10:44:57,297 [main] DEBUG org.activiti.engine.impl.TablePageMap.selectTableCount  - ==&gt; Parameters: 
10:44:57,297 [main] DEBUG org.activiti.engine.impl.TablePageMap.selectTableCount  - &lt;==      Total: 1
10:44:57,297 [main] DEBUG org.activiti.engine.impl.persistence.entity.TableDataManager  - selecting table count for ACT_RE_MODEL
10:44:57,297 [main] DEBUG org.activiti.engine.impl.TablePageMap.selectTableCount  - ==&gt;  Preparing: select count(*) from ACT_RE_MODEL 
10:44:57,297 [main] DEBUG org.activiti.engine.impl.TablePageMap.selectTableCount  - ==&gt; Parameters: 
10:44:57,297 [main] DEBUG org.activiti.engine.impl.TablePageMap.selectTableCount  - &lt;==      Total: 1
10:44:57,297 [main] DEBUG org.activiti.engine.impl.persistence.entity.TableDataManager  - selecting table count for ACT_RE_PROCDEF
10:44:57,297 [main] DEBUG org.activiti.engine.impl.TablePageMap.selectTableCount  - ==&gt;  Preparing: select count(*) from ACT_RE_PROCDEF 
10:44:57,297 [main] DEBUG org.activiti.engine.impl.TablePageMap.selectTableCount  - ==&gt; Parameters: 
10:44:57,297 [main] DEBUG org.activiti.engine.impl.TablePageMap.selectTableCount  - &lt;==      Total: 1
10:44:57,297 [main] DEBUG org.activiti.engine.impl.persistence.entity.TableDataManager  - selecting table count for ACT_RU_EVENT_SUBSCR
10:44:57,297 [main] DEBUG org.activiti.engine.impl.TablePageMap.selectTableCount  - ==&gt;  Preparing: select count(*) from ACT_RU_EVENT_SUBSCR 
10:44:57,297 [main] DEBUG org.activiti.engine.impl.TablePageMap.selectTableCount  - ==&gt; Parameters: 
10:44:57,297 [main] DEBUG org.activiti.engine.impl.TablePageMap.selectTableCount  - &lt;==      Total: 1
10:44:57,297 [main] DEBUG org.activiti.engine.impl.persistence.entity.TableDataManager  - selecting table count for ACT_RU_EXECUTION
10:44:57,297 [main] DEBUG org.activiti.engine.impl.TablePageMap.selectTableCount  - ==&gt;  Preparing: select count(*) from ACT_RU_EXECUTION 
10:44:57,297 [main] DEBUG org.activiti.engine.impl.TablePageMap.selectTableCount  - ==&gt; Parameters: 
10:44:57,297 [main] DEBUG org.activiti.engine.impl.TablePageMap.selectTableCount  - &lt;==      Total: 1
10:44:57,297 [main] DEBUG org.activiti.engine.impl.persistence.entity.TableDataManager  - selecting table count for ACT_RU_IDENTITYLINK
10:44:57,297 [main] DEBUG org.activiti.engine.impl.TablePageMap.selectTableCount  - ==&gt;  Preparing: select count(*) from ACT_RU_IDENTITYLINK 
10:44:57,297 [main] DEBUG org.activiti.engine.impl.TablePageMap.selectTableCount  - ==&gt; Parameters: 
10:44:57,297 [main] DEBUG org.activiti.engine.impl.TablePageMap.selectTableCount  - &lt;==      Total: 1
10:44:57,297 [main] DEBUG org.activiti.engine.impl.persistence.entity.TableDataManager  - selecting table count for ACT_RU_JOB
10:44:57,297 [main] DEBUG org.activiti.engine.impl.TablePageMap.selectTableCount  - ==&gt;  Preparing: select count(*) from ACT_RU_JOB 
10:44:57,297 [main] DEBUG org.activiti.engine.impl.TablePageMap.selectTableCount  - ==&gt; Parameters: 
10:44:57,297 [main] DEBUG org.activiti.engine.impl.TablePageMap.selectTableCount  - &lt;==      Total: 1
10:44:57,297 [main] DEBUG org.activiti.engine.impl.persistence.entity.TableDataManager  - selecting table count for ACT_RU_TASK
10:44:57,297 [main] DEBUG org.activiti.engine.impl.TablePageMap.selectTableCount  - ==&gt;  Preparing: select count(*) from ACT_RU_TASK 
10:44:57,298 [main] DEBUG org.activiti.engine.impl.TablePageMap.selectTableCount  - ==&gt; Parameters: 
10:44:57,298 [main] DEBUG org.activiti.engine.impl.TablePageMap.selectTableCount  - &lt;==      Total: 1
10:44:57,298 [main] DEBUG org.activiti.engine.impl.persistence.entity.TableDataManager  - selecting table count for ACT_RU_VARIABLE
10:44:57,298 [main] DEBUG org.activiti.engine.impl.TablePageMap.selectTableCount  - ==&gt;  Preparing: select count(*) from ACT_RU_VARIABLE 
10:44:57,298 [main] DEBUG org.activiti.engine.impl.TablePageMap.selectTableCount  - ==&gt; Parameters: 
10:44:57,298 [main] DEBUG org.activiti.engine.impl.TablePageMap.selectTableCount  - &lt;==      Total: 1
10:44:57,298 [main] DEBUG org.activiti.engine.impl.persistence.entity.TableDataManager  - Number of rows per activiti table: {ACT_RU_EVENT_SUBSCR=0, ACT_ID_USER=0, ACT_HI_ATTACHMENT=0, ACT_GE_BYTEARRAY=3, ACT_RE_MODEL=0, ACT_RU_VARIABLE=0, ACT_RU_TASK=6, ACT_RE_DEPLOYMENT=3, ACT_RE_PROCDEF=3, ACT_ID_GROUP=0, ACT_HI_VARINST=0, ACT_HI_COMMENT=0, ACT_HI_PROCINST=6, ACT_ID_INFO=0, ACT_ID_MEMBERSHIP=0, ACT_RU_JOB=8, ACT_PROCDEF_INFO=0, ACT_HI_ACTINST=12, ACT_RU_EXECUTION=12, ACT_HI_TASKINST=6, ACT_HI_DETAIL=0, ACT_EVT_LOG=0, ACT_HI_IDENTITYLINK=0, ACT_RU_IDENTITYLINK=0, ACT_GE_PROPERTY=3}
10:44:57,298 [main] DEBUG org.activiti.engine.impl.db.DbSqlSession  - flush summary: 0 insert, 0 update, 0 delete.
10:44:57,298 [main] DEBUG org.activiti.engine.impl.db.DbSqlSession  - now executing flush...
10:44:57,298 [main] DEBUG org.activiti.engine.impl.cfg.standalone.StandaloneMybatisTransactionContext  - firing event committing...
10:44:57,298 [main] DEBUG org.activiti.engine.impl.cfg.standalone.StandaloneMybatisTransactionContext  - committing the ibatis sql session...
10:44:57,298 [main] DEBUG org.activiti.engine.impl.cfg.standalone.StandaloneMybatisTransactionContext  - firing event committed...
10:44:57,298 [main] DEBUG org.apache.ibatis.transaction.jdbc.JdbcTransaction  - Resetting autocommit to true on JDBC Connection [conn3: url=jdbc:h2:mem:activiti user=SA]
10:44:57,298 [main] DEBUG org.apache.ibatis.transaction.jdbc.JdbcTransaction  - Closing JDBC Connection [conn3: url=jdbc:h2:mem:activiti user=SA]
10:44:57,298 [main] DEBUG org.apache.ibatis.datasource.pooled.PooledDataSource  - Returned connection 180014677 to pool.
10:44:57,298 [main] DEBUG org.activiti.engine.impl.interceptor.LogInterceptor  - --- GetTableCountCmd finished --------------------------------------------------------
10:44:57,298 [main] DEBUG org.activiti.engine.impl.interceptor.LogInterceptor  - 

10:44:57,298 [main] ERROR org.activiti.engine.impl.test.PvmTestCase  - 

10:44:57,298 [main] ERROR org.activiti.engine.impl.test.PvmTestCase  - DB NOT CLEAN: 
  ACT_GE_BYTEARRAY: 3 record(s)   ACT_RU_TASK: 6 record(s)   ACT_RE_DEPLOYMENT: 3 record(s)   ACT_RE_PROCDEF: 3 record(s)   ACT_HI_PROCINST: 6 record(s)   ACT_RU_JOB: 8 record(s)   ACT_HI_ACTINST: 12 record(s)   ACT_RU_EXECUTION: 12 record(s)   ACT_HI_TASKINST: 6 record(s) 
10:44:57,298 [main] INFO  org.activiti.engine.impl.test.PvmTestCase  - dropping and recreating db
10:44:57,298 [main] DEBUG org.activiti.engine.impl.interceptor.LogInterceptor  - 

10:44:57,298 [main] DEBUG org.activiti.engine.impl.interceptor.LogInterceptor  - --- starting  --------------------------------------------------------
10:44:57,298 [main] INFO  org.activiti.engine.impl.db.DbSqlSession  - performing drop on engine with resource org/activiti/db/drop/activiti.h2.drop.engine.sql
10:44:57,298 [main] DEBUG org.apache.ibatis.transaction.jdbc.JdbcTransaction  - Opening JDBC Connection
10:44:57,298 [main] DEBUG org.apache.ibatis.datasource.pooled.PooledDataSource  - Checked out connection 297240765 from pool.
10:44:57,298 [main] DEBUG org.apache.ibatis.transaction.jdbc.JdbcTransaction  - Setting autocommit to false on JDBC Connection [conn4: url=jdbc:h2:mem:activiti user=SA]
10:44:57,298 [main] DEBUG org.activiti.engine.impl.db.DbSqlSession  - SQL: drop table if exists ACT_GE_PROPERTY cascade constraints
10:44:57,298 [main] DEBUG org.activiti.engine.impl.db.DbSqlSession  - SQL: drop table if exists ACT_GE_BYTEARRAY cascade constraints
10:44:57,298 [main] DEBUG org.activiti.engine.impl.db.DbSqlSession  - SQL: drop table if exists ACT_RE_DEPLOYMENT cascade constraints
10:44:57,298 [main] DEBUG org.activiti.engine.impl.db.DbSqlSession  - SQL: drop table if exists ACT_RE_MODEL cascade constraints
10:44:57,298 [main] DEBUG org.activiti.engine.impl.db.DbSqlSession  - SQL: drop table if exists ACT_RU_EXECUTION cascade constraints
10:44:57,298 [main] DEBUG org.activiti.engine.impl.db.DbSqlSession  - SQL: drop table if exists ACT_RU_JOB cascade constraints
10:44:57,298 [main] DEBUG org.activiti.engine.impl.db.DbSqlSession  - SQL: drop table if exists ACT_RE_PROCDEF cascade constraints
10:44:57,298 [main] DEBUG org.activiti.engine.impl.db.DbSqlSession  - SQL: drop table if exists ACT_RU_TASK cascade constraints
10:44:57,298 [main] DEBUG org.activiti.engine.impl.db.DbSqlSession  - SQL: drop table if exists ACT_RU_IDENTITYLINK cascade constraints
10:44:57,299 [main] DEBUG org.activiti.engine.impl.db.DbSqlSession  - SQL: drop table if exists ACT_RU_VARIABLE cascade constraints
10:44:57,299 [main] DEBUG org.activiti.engine.impl.db.DbSqlSession  - SQL: drop table if exists ACT_RU_EVENT_SUBSCR cascade constraints
10:44:57,299 [main] DEBUG org.activiti.engine.impl.db.DbSqlSession  - SQL: drop table if exists ACT_EVT_LOG cascade constraints
10:44:57,299 [main] DEBUG org.activiti.engine.impl.db.DbSqlSession  - SQL: drop table if exists ACT_PROCDEF_INFO cascade constraints
10:44:57,299 [main] DEBUG org.activiti.engine.impl.db.DbSqlSession  - SQL: drop index if exists ACT_IDX_EXEC_BUSKEY
10:44:57,299 [main] DEBUG org.activiti.engine.impl.db.DbSqlSession  - SQL: drop index if exists ACT_IDX_TASK_CREATE
10:44:57,299 [main] DEBUG org.activiti.engine.impl.db.DbSqlSession  - SQL: drop index if exists ACT_IDX_IDENT_LNK_USER
10:44:57,299 [main] DEBUG org.activiti.engine.impl.db.DbSqlSession  - SQL: drop index if exists ACT_IDX_IDENT_LNK_GROUP
10:44:57,299 [main] DEBUG org.activiti.engine.impl.db.DbSqlSession  - SQL: drop index if exists ACT_IDX_VARIABLE_TASK_ID
10:44:57,299 [main] DEBUG org.activiti.engine.impl.db.DbSqlSession  - SQL: drop index if exists ACT_IDX_EVENT_SUBSCR_CONFIG_
10:44:57,299 [main] DEBUG org.activiti.engine.impl.db.DbSqlSession  - SQL: drop index if exists ACT_IDX_ATHRZ_PROCEDEF
10:44:57,299 [main] DEBUG org.activiti.engine.impl.db.DbSqlSession  - SQL: drop index if exists ACT_IDX_INFO_PROCDEF
10:44:57,299 [main] DEBUG org.activiti.engine.impl.db.DbSqlSession  - activiti db schema drop for component engine successful
10:44:57,299 [main] INFO  org.activiti.engine.impl.db.DbSqlSession  - performing drop on history with resource org/activiti/db/drop/activiti.h2.drop.history.sql
10:44:57,299 [main] DEBUG org.activiti.engine.impl.db.DbSqlSession  - SQL: drop table if exists ACT_HI_PROCINST cascade constraints
10:44:57,299 [main] DEBUG org.activiti.engine.impl.db.DbSqlSession  - SQL: drop table if exists ACT_HI_ACTINST cascade constraints
10:44:57,299 [main] DEBUG org.activiti.engine.impl.db.DbSqlSession  - SQL: drop table if exists ACT_HI_VARINST cascade constraints
10:44:57,299 [main] DEBUG org.activiti.engine.impl.db.DbSqlSession  - SQL: drop table if exists ACT_HI_TASKINST cascade constraints
10:44:57,299 [main] DEBUG org.activiti.engine.impl.db.DbSqlSession  - SQL: drop table if exists ACT_HI_DETAIL cascade constraints
10:44:57,299 [main] DEBUG org.activiti.engine.impl.db.DbSqlSession  - SQL: drop table if exists ACT_HI_COMMENT cascade constraints
10:44:57,299 [main] DEBUG org.activiti.engine.impl.db.DbSqlSession  - SQL: drop table if exists ACT_HI_ATTACHMENT cascade constraints
10:44:57,299 [main] DEBUG org.activiti.engine.impl.db.DbSqlSession  - SQL: drop table if exists ACT_HI_IDENTITYLINK cascade constraints
10:44:57,299 [main] DEBUG org.activiti.engine.impl.db.DbSqlSession  - SQL: drop index if exists ACT_IDX_HI_PRO_INST_END
10:44:57,299 [main] DEBUG org.activiti.engine.impl.db.DbSqlSession  - SQL: drop index if exists ACT_IDX_HI_PRO_I_BUSKEY
10:44:57,299 [main] DEBUG org.activiti.engine.impl.db.DbSqlSession  - SQL: drop index if exists ACT_IDX_HI_ACT_INST_START
10:44:57,299 [main] DEBUG org.activiti.engine.impl.db.DbSqlSession  - SQL: drop index if exists ACT_IDX_HI_ACT_INST_END
10:44:57,299 [main] DEBUG org.activiti.engine.impl.db.DbSqlSession  - SQL: drop index if exists ACT_IDX_HI_DETAIL_PROC_INST
10:44:57,299 [main] DEBUG org.activiti.engine.impl.db.DbSqlSession  - SQL: drop index if exists ACT_IDX_HI_DETAIL_ACT_INST
10:44:57,299 [main] DEBUG org.activiti.engine.impl.db.DbSqlSession  - SQL: drop index if exists ACT_IDX_HI_DETAIL_TIME
10:44:57,299 [main] DEBUG org.activiti.engine.impl.db.DbSqlSession  - SQL: drop index if exists ACT_IDX_HI_DETAIL_NAME
10:44:57,299 [main] DEBUG org.activiti.engine.impl.db.DbSqlSession  - SQL: drop index if exists ACT_IDX_HI_DETAIL_TASK_ID
10:44:57,299 [main] DEBUG org.activiti.engine.impl.db.DbSqlSession  - SQL: drop index if exists ACT_IDX_HI_PROCVAR_PROC_INST
10:44:57,299 [main] DEBUG org.activiti.engine.impl.db.DbSqlSession  - SQL: drop index if exists ACT_IDX_HI_PROCVAR_NAME_TYPE
10:44:57,299 [main] DEBUG org.activiti.engine.impl.db.DbSqlSession  - SQL: drop index if exists ACT_IDX_HI_ACT_INST_PROCINST
10:44:57,299 [main] DEBUG org.activiti.engine.impl.db.DbSqlSession  - SQL: drop index if exists ACT_IDX_HI_IDENT_LNK_USER
10:44:57,299 [main] DEBUG org.activiti.engine.impl.db.DbSqlSession  - SQL: drop index if exists ACT_IDX_HI_IDENT_LNK_TASK
10:44:57,299 [main] DEBUG org.activiti.engine.impl.db.DbSqlSession  - SQL: drop index if exists ACT_IDX_HI_IDENT_LNK_PROCINST
10:44:57,299 [main] DEBUG org.activiti.engine.impl.db.DbSqlSession  - SQL: drop index if exists ACT_IDX_HI_TASK_INST_PROCINST
10:44:57,299 [main] DEBUG org.activiti.engine.impl.db.DbSqlSession  - activiti db schema drop for component history successful
10:44:57,299 [main] INFO  org.activiti.engine.impl.db.DbSqlSession  - performing drop on identity with resource org/activiti/db/drop/activiti.h2.drop.identity.sql
10:44:57,299 [main] DEBUG org.activiti.engine.impl.db.DbSqlSession  - SQL: drop table if exists ACT_ID_INFO cascade constraints
10:44:57,299 [main] DEBUG org.activiti.engine.impl.db.DbSqlSession  - SQL: drop table if exists ACT_ID_GROUP cascade constraints
10:44:57,299 [main] DEBUG org.activiti.engine.impl.db.DbSqlSession  - SQL: drop table if exists ACT_ID_MEMBERSHIP cascade constraints
10:44:57,299 [main] DEBUG org.activiti.engine.impl.db.DbSqlSession  - SQL: drop table if exists ACT_ID_USER cascade constraints
10:44:57,299 [main] DEBUG org.activiti.engine.impl.db.DbSqlSession  - activiti db schema drop for component identity successful
10:44:57,300 [main] INFO  org.activiti.engine.impl.db.DbSqlSession  - performing create on engine with resource org/activiti/db/create/activiti.h2.create.engine.sql
10:44:57,300 [main] DEBUG org.activiti.engine.impl.db.DbSqlSession  - SQL: create table ACT_GE_PROPERTY ( 
NAME_ varchar(64), 
VALUE_ varchar(300), 
REV_ integer, 
primary key (NAME_) 
)
10:44:57,300 [main] DEBUG org.activiti.engine.impl.db.DbSqlSession  - SQL: insert into ACT_GE_PROPERTY 
values (&apos;schema.version&apos;, &apos;5.20.0.0&apos;, 1)
10:44:57,300 [main] DEBUG org.activiti.engine.impl.db.DbSqlSession  - SQL: insert into ACT_GE_PROPERTY 
values (&apos;schema.history&apos;, &apos;create(5.20.0.0)&apos;, 1)
10:44:57,300 [main] DEBUG org.activiti.engine.impl.db.DbSqlSession  - SQL: insert into ACT_GE_PROPERTY 
values (&apos;next.dbid&apos;, &apos;1&apos;, 1)
10:44:57,300 [main] DEBUG org.activiti.engine.impl.db.DbSqlSession  - SQL: create table ACT_GE_BYTEARRAY ( 
ID_ varchar(64), 
REV_ integer, 
NAME_ varchar(255), 
DEPLOYMENT_ID_ varchar(64), 
BYTES_ longvarbinary, 
GENERATED_ bit, 
primary key (ID_) 
)
10:44:57,300 [main] DEBUG org.activiti.engine.impl.db.DbSqlSession  - SQL: create table ACT_RE_DEPLOYMENT ( 
ID_ varchar(64), 
NAME_ varchar(255), 
CATEGORY_ varchar(255), 
TENANT_ID_ varchar(255) default &apos;&apos;, 
DEPLOY_TIME_ timestamp, 
primary key (ID_) 
)
10:44:57,300 [main] DEBUG org.activiti.engine.impl.db.DbSqlSession  - SQL: create table ACT_RE_MODEL ( 
ID_ varchar(64) not null, 
REV_ integer, 
NAME_ varchar(255), 
KEY_ varchar(255), 
CATEGORY_ varchar(255), 
CREATE_TIME_ timestamp, 
LAST_UPDATE_TIME_ timestamp, 
VERSION_ integer, 
META_INFO_ varchar(4000), 
DEPLOYMENT_ID_ varchar(64), 
EDITOR_SOURCE_VALUE_ID_ varchar(64), 
EDITOR_SOURCE_EXTRA_VALUE_ID_ varchar(64), 
TENANT_ID_ varchar(255) default &apos;&apos;, 
primary key (ID_) 
)
10:44:57,300 [main] DEBUG org.activiti.engine.impl.db.DbSqlSession  - SQL: create table ACT_RU_EXECUTION ( 
ID_ varchar(64), 
REV_ integer, 
PROC_INST_ID_ varchar(64), 
BUSINESS_KEY_ varchar(255), 
PARENT_ID_ varchar(64), 
PROC_DEF_ID_ varchar(64), 
SUPER_EXEC_ varchar(64), 
ACT_ID_ varchar(255), 
IS_ACTIVE_ bit, 
IS_CONCURRENT_ bit, 
IS_SCOPE_ bit, 
IS_EVENT_SCOPE_ bit, 
SUSPENSION_STATE_ integer, 
CACHED_ENT_STATE_ integer, 
TENANT_ID_ varchar(255) default &apos;&apos;, 
NAME_ varchar(255), 
LOCK_TIME_ timestamp, 
primary key (ID_) 
)
10:44:57,300 [main] DEBUG org.activiti.engine.impl.db.DbSqlSession  - SQL: create table ACT_RU_JOB ( 
ID_ varchar(64) NOT NULL, 
REV_ integer, 
TYPE_ varchar(255) NOT NULL, 
LOCK_EXP_TIME_ timestamp, 
LOCK_OWNER_ varchar(255), 
EXCLUSIVE_ boolean, 
EXECUTION_ID_ varchar(64), 
PROCESS_INSTANCE_ID_ varchar(64), 
PROC_DEF_ID_ varchar(64), 
RETRIES_ integer, 
EXCEPTION_STACK_ID_ varchar(64), 
EXCEPTION_MSG_ varchar(4000), 
DUEDATE_ timestamp, 
REPEAT_ varchar(255), 
HANDLER_TYPE_ varchar(255), 
HANDLER_CFG_ varchar(4000), 
TENANT_ID_ varchar(255) default &apos;&apos;, 
primary key (ID_) 
)
10:44:57,300 [main] DEBUG org.activiti.engine.impl.db.DbSqlSession  - SQL: create table ACT_RE_PROCDEF ( 
ID_ varchar(64) NOT NULL, 
REV_ integer, 
CATEGORY_ varchar(255), 
NAME_ varchar(255), 
KEY_ varchar(255) NOT NULL, 
VERSION_ integer NOT NULL, 
DEPLOYMENT_ID_ varchar(64), 
RESOURCE_NAME_ varchar(4000), 
DGRM_RESOURCE_NAME_ varchar(4000), 
DESCRIPTION_ varchar(4000), 
HAS_START_FORM_KEY_ bit, 
HAS_GRAPHICAL_NOTATION_ bit, 
SUSPENSION_STATE_ integer, 
TENANT_ID_ varchar(255) default &apos;&apos;, 
primary key (ID_) 
)
10:44:57,300 [main] DEBUG org.activiti.engine.impl.db.DbSqlSession  - SQL: create table ACT_RU_TASK ( 
ID_ varchar(64), 
REV_ integer, 
EXECUTION_ID_ varchar(64), 
PROC_INST_ID_ varchar(64), 
PROC_DEF_ID_ varchar(64), 
NAME_ varchar(255), 
PARENT_TASK_ID_ varchar(64), 
DESCRIPTION_ varchar(4000), 
TASK_DEF_KEY_ varchar(255), 
OWNER_ varchar(255), 
ASSIGNEE_ varchar(255), 
DELEGATION_ varchar(64), 
PRIORITY_ integer, 
CREATE_TIME_ timestamp, 
DUE_DATE_ timestamp, 
CATEGORY_ varchar(255), 
SUSPENSION_STATE_ integer, 
TENANT_ID_ varchar(255) default &apos;&apos;, 
FORM_KEY_ varchar(255), 
primary key (ID_) 
)
10:44:57,300 [main] DEBUG org.activiti.engine.impl.db.DbSqlSession  - SQL: create table ACT_RU_IDENTITYLINK ( 
ID_ varchar(64), 
REV_ integer, 
GROUP_ID_ varchar(255), 
TYPE_ varchar(255), 
USER_ID_ varchar(255), 
TASK_ID_ varchar(64), 
PROC_INST_ID_ varchar(64) null, 
PROC_DEF_ID_ varchar(64), 
primary key (ID_) 
)
10:44:57,300 [main] DEBUG org.activiti.engine.impl.db.DbSqlSession  - SQL: create table ACT_RU_VARIABLE ( 
ID_ varchar(64) not null, 
REV_ integer, 
TYPE_ varchar(255) not null, 
NAME_ varchar(255) not null, 
EXECUTION_ID_ varchar(64), 
PROC_INST_ID_ varchar(64), 
TASK_ID_ varchar(64), 
BYTEARRAY_ID_ varchar(64), 
DOUBLE_ double, 
LONG_ bigint, 
TEXT_ varchar(4000), 
TEXT2_ varchar(4000), 
primary key (ID_) 
)
10:44:57,300 [main] DEBUG org.activiti.engine.impl.db.DbSqlSession  - SQL: create table ACT_RU_EVENT_SUBSCR ( 
ID_ varchar(64) not null, 
REV_ integer, 
EVENT_TYPE_ varchar(255) not null, 
EVENT_NAME_ varchar(255), 
EXECUTION_ID_ varchar(64), 
PROC_INST_ID_ varchar(64), 
ACTIVITY_ID_ varchar(64), 
CONFIGURATION_ varchar(255), 
CREATED_ timestamp not null, 
PROC_DEF_ID_ varchar(64), 
TENANT_ID_ varchar(255) default &apos;&apos;, 
primary key (ID_) 
)
10:44:57,300 [main] DEBUG org.activiti.engine.impl.db.DbSqlSession  - SQL: create table ACT_EVT_LOG ( 
LOG_NR_ identity, 
TYPE_ varchar(64), 
PROC_DEF_ID_ varchar(64), 
PROC_INST_ID_ varchar(64), 
EXECUTION_ID_ varchar(64), 
TASK_ID_ varchar(64), 
TIME_STAMP_ timestamp not null, 
USER_ID_ varchar(255), 
DATA_ longvarbinary, 
LOCK_OWNER_ varchar(255), 
LOCK_TIME_ timestamp, 
IS_PROCESSED_ bit default 0 
)
10:44:57,300 [main] DEBUG org.activiti.engine.impl.db.DbSqlSession  - SQL: create table ACT_PROCDEF_INFO ( 
ID_ varchar(64) not null, 
PROC_DEF_ID_ varchar(64) not null, 
REV_ integer, 
INFO_JSON_ID_ varchar(64), 
primary key (ID_) 
)
10:44:57,300 [main] DEBUG org.activiti.engine.impl.db.DbSqlSession  - SQL: create index ACT_IDX_EXEC_BUSKEY on ACT_RU_EXECUTION(BUSINESS_KEY_)
10:44:57,300 [main] DEBUG org.activiti.engine.impl.db.DbSqlSession  - SQL: create index ACT_IDX_TASK_CREATE on ACT_RU_TASK(CREATE_TIME_)
10:44:57,300 [main] DEBUG org.activiti.engine.impl.db.DbSqlSession  - SQL: create index ACT_IDX_IDENT_LNK_USER on ACT_RU_IDENTITYLINK(USER_ID_)
10:44:57,300 [main] DEBUG org.activiti.engine.impl.db.DbSqlSession  - SQL: create index ACT_IDX_IDENT_LNK_GROUP on ACT_RU_IDENTITYLINK(GROUP_ID_)
10:44:57,300 [main] DEBUG org.activiti.engine.impl.db.DbSqlSession  - SQL: create index ACT_IDX_EVENT_SUBSCR_CONFIG_ on ACT_RU_EVENT_SUBSCR(CONFIGURATION_)
10:44:57,300 [main] DEBUG org.activiti.engine.impl.db.DbSqlSession  - SQL: create index ACT_IDX_VARIABLE_TASK_ID on ACT_RU_VARIABLE(TASK_ID_)
10:44:57,300 [main] DEBUG org.activiti.engine.impl.db.DbSqlSession  - SQL: create index ACT_IDX_ATHRZ_PROCEDEF on ACT_RU_IDENTITYLINK(PROC_DEF_ID_)
10:44:57,300 [main] DEBUG org.activiti.engine.impl.db.DbSqlSession  - SQL: create index ACT_IDX_INFO_PROCDEF on ACT_PROCDEF_INFO(PROC_DEF_ID_)
10:44:57,300 [main] DEBUG org.activiti.engine.impl.db.DbSqlSession  - SQL: alter table ACT_GE_BYTEARRAY 
add constraint ACT_FK_BYTEARR_DEPL 
foreign key (DEPLOYMENT_ID_) 
references ACT_RE_DEPLOYMENT
10:44:57,300 [main] DEBUG org.activiti.engine.impl.db.DbSqlSession  - SQL: alter table ACT_RE_PROCDEF 
add constraint ACT_UNIQ_PROCDEF 
unique (KEY_,VERSION_, TENANT_ID_)
10:44:57,301 [main] DEBUG org.activiti.engine.impl.db.DbSqlSession  - SQL: alter table ACT_RU_EXECUTION 
add constraint ACT_FK_EXE_PROCINST 
foreign key (PROC_INST_ID_) 
references ACT_RU_EXECUTION
10:44:57,301 [main] DEBUG org.activiti.engine.impl.db.DbSqlSession  - SQL: alter table ACT_RU_EXECUTION 
add constraint ACT_FK_EXE_PARENT 
foreign key (PARENT_ID_) 
references ACT_RU_EXECUTION
10:44:57,301 [main] DEBUG org.activiti.engine.impl.db.DbSqlSession  - SQL: alter table ACT_RU_EXECUTION 
add constraint ACT_FK_EXE_SUPER 
foreign key (SUPER_EXEC_) 
references ACT_RU_EXECUTION
10:44:57,301 [main] DEBUG org.activiti.engine.impl.db.DbSqlSession  - SQL: alter table ACT_RU_EXECUTION 
add constraint ACT_FK_EXE_PROCDEF 
foreign key (PROC_DEF_ID_) 
references ACT_RE_PROCDEF (ID_)
10:44:57,301 [main] DEBUG org.activiti.engine.impl.db.DbSqlSession  - SQL: alter table ACT_RU_IDENTITYLINK 
add constraint ACT_FK_TSKASS_TASK 
foreign key (TASK_ID_) 
references ACT_RU_TASK
10:44:57,301 [main] DEBUG org.activiti.engine.impl.db.DbSqlSession  - SQL: alter table ACT_RU_IDENTITYLINK 
add constraint ACT_FK_ATHRZ_PROCEDEF 
foreign key (PROC_DEF_ID_) 
references ACT_RE_PROCDEF
10:44:57,301 [main] DEBUG org.activiti.engine.impl.db.DbSqlSession  - SQL: alter table ACT_RU_IDENTITYLINK 
add constraint ACT_FK_IDL_PROCINST 
foreign key (PROC_INST_ID_) 
references ACT_RU_EXECUTION (ID_)
10:44:57,301 [main] DEBUG org.activiti.engine.impl.db.DbSqlSession  - SQL: alter table ACT_RU_TASK 
add constraint ACT_FK_TASK_EXE 
foreign key (EXECUTION_ID_) 
references ACT_RU_EXECUTION
10:44:57,301 [main] DEBUG org.activiti.engine.impl.db.DbSqlSession  - SQL: alter table ACT_RU_TASK 
add constraint ACT_FK_TASK_PROCINST 
foreign key (PROC_INST_ID_) 
references ACT_RU_EXECUTION
10:44:57,301 [main] DEBUG org.activiti.engine.impl.db.DbSqlSession  - SQL: alter table ACT_RU_TASK 
add constraint ACT_FK_TASK_PROCDEF 
foreign key (PROC_DEF_ID_) 
references ACT_RE_PROCDEF
10:44:57,301 [main] DEBUG org.activiti.engine.impl.db.DbSqlSession  - SQL: alter table ACT_RU_VARIABLE 
add constraint ACT_FK_VAR_EXE 
foreign key (EXECUTION_ID_) 
references ACT_RU_EXECUTION
10:44:57,301 [main] DEBUG org.activiti.engine.impl.db.DbSqlSession  - SQL: alter table ACT_RU_VARIABLE 
add constraint ACT_FK_VAR_PROCINST 
foreign key (PROC_INST_ID_) 
references ACT_RU_EXECUTION
10:44:57,301 [main] DEBUG org.activiti.engine.impl.db.DbSqlSession  - SQL: alter table ACT_RU_VARIABLE 
add constraint ACT_FK_VAR_BYTEARRAY 
foreign key (BYTEARRAY_ID_) 
references ACT_GE_BYTEARRAY
10:44:57,301 [main] DEBUG org.activiti.engine.impl.db.DbSqlSession  - SQL: alter table ACT_RU_JOB 
add constraint ACT_FK_JOB_EXCEPTION 
foreign key (EXCEPTION_STACK_ID_) 
references ACT_GE_BYTEARRAY
10:44:57,301 [main] DEBUG org.activiti.engine.impl.db.DbSqlSession  - SQL: alter table ACT_RU_EVENT_SUBSCR 
add constraint ACT_FK_EVENT_EXEC 
foreign key (EXECUTION_ID_) 
references ACT_RU_EXECUTION
10:44:57,302 [main] DEBUG org.activiti.engine.impl.db.DbSqlSession  - SQL: alter table ACT_RE_MODEL 
add constraint ACT_FK_MODEL_SOURCE 
foreign key (EDITOR_SOURCE_VALUE_ID_) 
references ACT_GE_BYTEARRAY (ID_)
10:44:57,302 [main] DEBUG org.activiti.engine.impl.db.DbSqlSession  - SQL: alter table ACT_RE_MODEL 
add constraint ACT_FK_MODEL_SOURCE_EXTRA 
foreign key (EDITOR_SOURCE_EXTRA_VALUE_ID_) 
references ACT_GE_BYTEARRAY (ID_)
10:44:57,302 [main] DEBUG org.activiti.engine.impl.db.DbSqlSession  - SQL: alter table ACT_RE_MODEL 
add constraint ACT_FK_MODEL_DEPLOYMENT 
foreign key (DEPLOYMENT_ID_) 
references ACT_RE_DEPLOYMENT (ID_)
10:44:57,302 [main] DEBUG org.activiti.engine.impl.db.DbSqlSession  - SQL: alter table ACT_PROCDEF_INFO 
add constraint ACT_FK_INFO_JSON_BA 
foreign key (INFO_JSON_ID_) 
references ACT_GE_BYTEARRAY (ID_)
10:44:57,302 [main] DEBUG org.activiti.engine.impl.db.DbSqlSession  - SQL: alter table ACT_PROCDEF_INFO 
add constraint ACT_FK_INFO_PROCDEF 
foreign key (PROC_DEF_ID_) 
references ACT_RE_PROCDEF (ID_)
10:44:57,302 [main] DEBUG org.activiti.engine.impl.db.DbSqlSession  - SQL: alter table ACT_PROCDEF_INFO 
add constraint ACT_UNIQ_INFO_PROCDEF 
unique (PROC_DEF_ID_)
10:44:57,302 [main] DEBUG org.activiti.engine.impl.db.DbSqlSession  - activiti db schema create for component engine successful
10:44:57,302 [main] INFO  org.activiti.engine.impl.db.DbSqlSession  - performing create on history with resource org/activiti/db/create/activiti.h2.create.history.sql
10:44:57,302 [main] DEBUG org.activiti.engine.impl.db.DbSqlSession  - SQL: create table ACT_HI_PROCINST ( 
ID_ varchar(64) not null, 
PROC_INST_ID_ varchar(64) not null, 
BUSINESS_KEY_ varchar(255), 
PROC_DEF_ID_ varchar(64) not null, 
START_TIME_ timestamp not null, 
END_TIME_ timestamp, 
DURATION_ bigint, 
START_USER_ID_ varchar(255), 
START_ACT_ID_ varchar(255), 
END_ACT_ID_ varchar(255), 
SUPER_PROCESS_INSTANCE_ID_ varchar(64), 
DELETE_REASON_ varchar(4000), 
TENANT_ID_ varchar(255) default &apos;&apos;, 
NAME_ varchar(255), 
primary key (ID_), 
unique (PROC_INST_ID_) 
)
10:44:57,302 [main] DEBUG org.activiti.engine.impl.db.DbSqlSession  - SQL: create table ACT_HI_ACTINST ( 
ID_ varchar(64) not null, 
PROC_DEF_ID_ varchar(64) not null, 
PROC_INST_ID_ varchar(64) not null, 
EXECUTION_ID_ varchar(64) not null, 
ACT_ID_ varchar(255) not null, 
TASK_ID_ varchar(64), 
CALL_PROC_INST_ID_ varchar(64), 
ACT_NAME_ varchar(255), 
ACT_TYPE_ varchar(255) not null, 
ASSIGNEE_ varchar(255), 
START_TIME_ timestamp not null, 
END_TIME_ timestamp, 
DURATION_ bigint, 
TENANT_ID_ varchar(255) default &apos;&apos;, 
primary key (ID_) 
)
10:44:57,302 [main] DEBUG org.activiti.engine.impl.db.DbSqlSession  - SQL: create table ACT_HI_TASKINST ( 
ID_ varchar(64) not null, 
PROC_DEF_ID_ varchar(64), 
TASK_DEF_KEY_ varchar(255), 
PROC_INST_ID_ varchar(64), 
EXECUTION_ID_ varchar(64), 
NAME_ varchar(255), 
PARENT_TASK_ID_ varchar(64), 
DESCRIPTION_ varchar(4000), 
OWNER_ varchar(255), 
ASSIGNEE_ varchar(255), 
START_TIME_ timestamp not null, 
CLAIM_TIME_ timestamp, 
END_TIME_ timestamp, 
DURATION_ bigint, 
DELETE_REASON_ varchar(4000), 
PRIORITY_ integer, 
DUE_DATE_ timestamp, 
FORM_KEY_ varchar(255), 
CATEGORY_ varchar(255), 
TENANT_ID_ varchar(255) default &apos;&apos;, 
primary key (ID_) 
)
10:44:57,302 [main] DEBUG org.activiti.engine.impl.db.DbSqlSession  - SQL: create table ACT_HI_VARINST ( 
ID_ varchar(64) not null, 
PROC_INST_ID_ varchar(64), 
EXECUTION_ID_ varchar(64), 
TASK_ID_ varchar(64), 
NAME_ varchar(255) not null, 
VAR_TYPE_ varchar(100), 
REV_ integer, 
BYTEARRAY_ID_ varchar(64), 
DOUBLE_ double, 
LONG_ bigint, 
TEXT_ varchar(4000), 
TEXT2_ varchar(4000), 
CREATE_TIME_ timestamp, 
LAST_UPDATED_TIME_ timestamp, 
primary key (ID_) 
)
10:44:57,302 [main] DEBUG org.activiti.engine.impl.db.DbSqlSession  - SQL: create table ACT_HI_DETAIL ( 
ID_ varchar(64) not null, 
TYPE_ varchar(255) not null, 
TIME_ timestamp not null, 
NAME_ varchar(255), 
PROC_INST_ID_ varchar(64), 
EXECUTION_ID_ varchar(64), 
TASK_ID_ varchar(64), 
ACT_INST_ID_ varchar(64), 
VAR_TYPE_ varchar(255), 
REV_ integer, 
BYTEARRAY_ID_ varchar(64), 
DOUBLE_ double, 
LONG_ bigint, 
TEXT_ varchar(4000), 
TEXT2_ varchar(4000), 
primary key (ID_) 
)
10:44:57,302 [main] DEBUG org.activiti.engine.impl.db.DbSqlSession  - SQL: create table ACT_HI_COMMENT ( 
ID_ varchar(64) not null, 
TYPE_ varchar(255), 
TIME_ timestamp not null, 
USER_ID_ varchar(255), 
TASK_ID_ varchar(64), 
PROC_INST_ID_ varchar(64), 
ACTION_ varchar(255), 
MESSAGE_ varchar(4000), 
FULL_MSG_ longvarbinary, 
primary key (ID_) 
)
10:44:57,302 [main] DEBUG org.activiti.engine.impl.db.DbSqlSession  - SQL: create table ACT_HI_ATTACHMENT ( 
ID_ varchar(64) not null, 
REV_ integer, 
USER_ID_ varchar(255), 
NAME_ varchar(255), 
DESCRIPTION_ varchar(4000), 
TYPE_ varchar(255), 
TASK_ID_ varchar(64), 
PROC_INST_ID_ varchar(64), 
URL_ varchar(4000), 
CONTENT_ID_ varchar(64), 
TIME_ timestamp, 
primary key (ID_) 
)
10:44:57,302 [main] DEBUG org.activiti.engine.impl.db.DbSqlSession  - SQL: create table ACT_HI_IDENTITYLINK ( 
ID_ varchar(64), 
GROUP_ID_ varchar(255), 
TYPE_ varchar(255), 
USER_ID_ varchar(255), 
TASK_ID_ varchar(64), 
PROC_INST_ID_ varchar(64) null, 
primary key (ID_) 
)
10:44:57,302 [main] DEBUG org.activiti.engine.impl.db.DbSqlSession  - SQL: create index ACT_IDX_HI_PRO_INST_END on ACT_HI_PROCINST(END_TIME_)
10:44:57,302 [main] DEBUG org.activiti.engine.impl.db.DbSqlSession  - SQL: create index ACT_IDX_HI_PRO_I_BUSKEY on ACT_HI_PROCINST(BUSINESS_KEY_)
10:44:57,302 [main] DEBUG org.activiti.engine.impl.db.DbSqlSession  - SQL: create index ACT_IDX_HI_ACT_INST_START on ACT_HI_ACTINST(START_TIME_)
10:44:57,302 [main] DEBUG org.activiti.engine.impl.db.DbSqlSession  - SQL: create index ACT_IDX_HI_ACT_INST_END on ACT_HI_ACTINST(END_TIME_)
10:44:57,302 [main] DEBUG org.activiti.engine.impl.db.DbSqlSession  - SQL: create index ACT_IDX_HI_DETAIL_PROC_INST on ACT_HI_DETAIL(PROC_INST_ID_)
10:44:57,302 [main] DEBUG org.activiti.engine.impl.db.DbSqlSession  - SQL: create index ACT_IDX_HI_DETAIL_ACT_INST on ACT_HI_DETAIL(ACT_INST_ID_)
10:44:57,302 [main] DEBUG org.activiti.engine.impl.db.DbSqlSession  - SQL: create index ACT_IDX_HI_DETAIL_TIME on ACT_HI_DETAIL(TIME_)
10:44:57,302 [main] DEBUG org.activiti.engine.impl.db.DbSqlSession  - SQL: create index ACT_IDX_HI_DETAIL_NAME on ACT_HI_DETAIL(NAME_)
10:44:57,302 [main] DEBUG org.activiti.engine.impl.db.DbSqlSession  - SQL: create index ACT_IDX_HI_DETAIL_TASK_ID on ACT_HI_DETAIL(TASK_ID_)
10:44:57,302 [main] DEBUG org.activiti.engine.impl.db.DbSqlSession  - SQL: create index ACT_IDX_HI_PROCVAR_PROC_INST on ACT_HI_VARINST(PROC_INST_ID_)
10:44:57,302 [main] DEBUG org.activiti.engine.impl.db.DbSqlSession  - SQL: create index ACT_IDX_HI_PROCVAR_NAME_TYPE on ACT_HI_VARINST(NAME_, VAR_TYPE_)
10:44:57,302 [main] DEBUG org.activiti.engine.impl.db.DbSqlSession  - SQL: create index ACT_IDX_HI_PROCVAR_TASK_ID on ACT_HI_VARINST(TASK_ID_)
10:44:57,303 [main] DEBUG org.activiti.engine.impl.db.DbSqlSession  - SQL: create index ACT_IDX_HI_ACT_INST_PROCINST on ACT_HI_ACTINST(PROC_INST_ID_, ACT_ID_)
10:44:57,303 [main] DEBUG org.activiti.engine.impl.db.DbSqlSession  - SQL: create index ACT_IDX_HI_IDENT_LNK_USER on ACT_HI_IDENTITYLINK(USER_ID_)
10:44:57,303 [main] DEBUG org.activiti.engine.impl.db.DbSqlSession  - SQL: create index ACT_IDX_HI_IDENT_LNK_TASK on ACT_HI_IDENTITYLINK(TASK_ID_)
10:44:57,303 [main] DEBUG org.activiti.engine.impl.db.DbSqlSession  - SQL: create index ACT_IDX_HI_IDENT_LNK_PROCINST on ACT_HI_IDENTITYLINK(PROC_INST_ID_)
10:44:57,303 [main] DEBUG org.activiti.engine.impl.db.DbSqlSession  - SQL: create index ACT_IDX_HI_ACT_INST_EXEC on ACT_HI_ACTINST(EXECUTION_ID_, ACT_ID_)
10:44:57,303 [main] DEBUG org.activiti.engine.impl.db.DbSqlSession  - SQL: create index ACT_IDX_HI_TASK_INST_PROCINST on ACT_HI_TASKINST(PROC_INST_ID_)
10:44:57,303 [main] DEBUG org.activiti.engine.impl.db.DbSqlSession  - activiti db schema create for component history successful
10:44:57,303 [main] INFO  org.activiti.engine.impl.db.DbSqlSession  - performing create on identity with resource org/activiti/db/create/activiti.h2.create.identity.sql
10:44:57,303 [main] DEBUG org.activiti.engine.impl.db.DbSqlSession  - SQL: create table ACT_ID_GROUP ( 
ID_ varchar(64), 
REV_ integer, 
NAME_ varchar(255), 
TYPE_ varchar(255), 
primary key (ID_) 
)
10:44:57,303 [main] DEBUG org.activiti.engine.impl.db.DbSqlSession  - SQL: create table ACT_ID_MEMBERSHIP ( 
USER_ID_ varchar(64), 
GROUP_ID_ varchar(64), 
primary key (USER_ID_, GROUP_ID_) 
)
10:44:57,303 [main] DEBUG org.activiti.engine.impl.db.DbSqlSession  - SQL: create table ACT_ID_USER ( 
ID_ varchar(64), 
REV_ integer, 
FIRST_ varchar(255), 
LAST_ varchar(255), 
EMAIL_ varchar(255), 
PWD_ varchar(255), 
PICTURE_ID_ varchar(64), 
primary key (ID_) 
)
10:44:57,303 [main] DEBUG org.activiti.engine.impl.db.DbSqlSession  - SQL: create table ACT_ID_INFO ( 
ID_ varchar(64), 
REV_ integer, 
USER_ID_ varchar(64), 
TYPE_ varchar(64), 
KEY_ varchar(255), 
VALUE_ varchar(255), 
PASSWORD_ longvarbinary, 
PARENT_ID_ varchar(255), 
primary key (ID_) 
)
10:44:57,303 [main] DEBUG org.activiti.engine.impl.db.DbSqlSession  - SQL: alter table ACT_ID_MEMBERSHIP 
add constraint ACT_FK_MEMB_GROUP 
foreign key (GROUP_ID_) 
references ACT_ID_GROUP
10:44:57,303 [main] DEBUG org.activiti.engine.impl.db.DbSqlSession  - SQL: alter table ACT_ID_MEMBERSHIP 
add constraint ACT_FK_MEMB_USER 
foreign key (USER_ID_) 
references ACT_ID_USER
10:44:57,303 [main] DEBUG org.activiti.engine.impl.db.DbSqlSession  - activiti db schema create for component identity successful
10:44:57,303 [main] DEBUG org.activiti.engine.impl.db.DbSqlSession  - flush summary: 0 insert, 0 update, 0 delete.
10:44:57,303 [main] DEBUG org.activiti.engine.impl.db.DbSqlSession  - now executing flush...
10:44:57,303 [main] DEBUG org.activiti.engine.impl.cfg.standalone.StandaloneMybatisTransactionContext  - firing event committing...
10:44:57,303 [main] DEBUG org.activiti.engine.impl.cfg.standalone.StandaloneMybatisTransactionContext  - committing the ibatis sql session...
10:44:57,303 [main] DEBUG org.activiti.engine.impl.cfg.standalone.StandaloneMybatisTransactionContext  - firing event committed...
10:44:57,303 [main] DEBUG org.apache.ibatis.transaction.jdbc.JdbcTransaction  - Resetting autocommit to true on JDBC Connection [conn4: url=jdbc:h2:mem:activiti user=SA]
10:44:57,303 [main] DEBUG org.apache.ibatis.transaction.jdbc.JdbcTransaction  - Closing JDBC Connection [conn4: url=jdbc:h2:mem:activiti user=SA]
10:44:57,303 [main] DEBUG org.apache.ibatis.datasource.pooled.PooledDataSource  - Returned connection 297240765 to pool.
10:44:57,303 [main] DEBUG org.activiti.engine.impl.interceptor.LogInterceptor  - ---  finished --------------------------------------------------------
10:44:57,303 [main] DEBUG org.activiti.engine.impl.interceptor.LogInterceptor  - 

</system-out>
  </testcase>
  <testcase classname="org.activiti.engine.test.api.mgmt.JobQueryTest" name="testQueryByExceptionMessageEmpty" time="0.019">
    <error message="
### Error querying database.  Cause: org.h2.jdbc.JdbcSQLException: Syntax error in SQL statement &quot;SELECT RES.* 
       
    FROM ACT_RE_PROCDEF RES
     
     WHERE  RES.DEPLOYMENT_ID_ = ? 
   
     ORDER BY  ORDER[*] BY RES.ID_ ASC  
    LIMIT ? OFFSET ? &quot;; expected &quot;=, NOT, EXISTS, INTERSECTS, SELECT, FROM&quot;; SQL statement:
select RES.* 
       
    from ACT_RE_PROCDEF RES
     
     WHERE  RES.DEPLOYMENT_ID_ = ? 
   
     order by  order by RES.ID_ asc  
    LIMIT ? OFFSET ? [42001-176]
### The error may exist in org/activiti/db/mapping/entity/ProcessDefinition.xml
### The error may involve org.activiti.engine.impl.persistence.entity.ProcessDefinitionEntity.selectProcessDefinitionsByQueryCriteria
### The error occurred while executing a query
### SQL: select RES.*              from ACT_RE_PROCDEF RES            WHERE  RES.DEPLOYMENT_ID_ = ?           order by  order by RES.ID_ asc       LIMIT ? OFFSET ?
### Cause: org.h2.jdbc.JdbcSQLException: Syntax error in SQL statement &quot;SELECT RES.* 
       
    FROM ACT_RE_PROCDEF RES
     
     WHERE  RES.DEPLOYMENT_ID_ = ? 
   
     ORDER BY  ORDER[*] BY RES.ID_ ASC  
    LIMIT ? OFFSET ? &quot;; expected &quot;=, NOT, EXISTS, INTERSECTS, SELECT, FROM&quot;; SQL statement:
select RES.* 
       
    from ACT_RE_PROCDEF RES
     
     WHERE  RES.DEPLOYMENT_ID_ = ? 
   
     order by  order by RES.ID_ asc  
    LIMIT ? OFFSET ? [42001-176]" type="org.apache.ibatis.exceptions.PersistenceException">org.apache.ibatis.exceptions.PersistenceException: 
### Error querying database.  Cause: org.h2.jdbc.JdbcSQLException: Syntax error in SQL statement &quot;SELECT RES.* 
       
    FROM ACT_RE_PROCDEF RES
     
     WHERE  RES.DEPLOYMENT_ID_ = ? 
   
     ORDER BY  ORDER[*] BY RES.ID_ ASC  
    LIMIT ? OFFSET ? &quot;; expected &quot;=, NOT, EXISTS, INTERSECTS, SELECT, FROM&quot;; SQL statement:
select RES.* 
       
    from ACT_RE_PROCDEF RES
     
     WHERE  RES.DEPLOYMENT_ID_ = ? 
   
     order by  order by RES.ID_ asc  
    LIMIT ? OFFSET ? [42001-176]
### The error may exist in org/activiti/db/mapping/entity/ProcessDefinition.xml
### The error may involve org.activiti.engine.impl.persistence.entity.ProcessDefinitionEntity.selectProcessDefinitionsByQueryCriteria
### The error occurred while executing a query
### SQL: select RES.*              from ACT_RE_PROCDEF RES            WHERE  RES.DEPLOYMENT_ID_ = ?           order by  order by RES.ID_ asc       LIMIT ? OFFSET ?
### Cause: org.h2.jdbc.JdbcSQLException: Syntax error in SQL statement &quot;SELECT RES.* 
       
    FROM ACT_RE_PROCDEF RES
     
     WHERE  RES.DEPLOYMENT_ID_ = ? 
   
     ORDER BY  ORDER[*] BY RES.ID_ ASC  
    LIMIT ? OFFSET ? &quot;; expected &quot;=, NOT, EXISTS, INTERSECTS, SELECT, FROM&quot;; SQL statement:
select RES.* 
       
    from ACT_RE_PROCDEF RES
     
     WHERE  RES.DEPLOYMENT_ID_ = ? 
   
     order by  order by RES.ID_ asc  
    LIMIT ? OFFSET ? [42001-176]
	at org.apache.ibatis.exceptions.ExceptionFactory.wrapException(ExceptionFactory.java:30)
	at org.apache.ibatis.session.defaults.DefaultSqlSession.selectList(DefaultSqlSession.java:122)
	at org.apache.ibatis.session.defaults.DefaultSqlSession.selectList(DefaultSqlSession.java:113)
	at org.activiti.engine.impl.db.DbSqlSession.selectListWithRawParameter(DbSqlSession.java:438)
	at org.activiti.engine.impl.db.DbSqlSession.selectList(DbSqlSession.java:429)
	at org.activiti.engine.impl.db.DbSqlSession.selectList(DbSqlSession.java:419)
	at org.activiti.engine.impl.persistence.entity.ProcessDefinitionEntityManager.findProcessDefinitionsByQueryCriteria(ProcessDefinitionEntityManager.java:57)
	at org.activiti.engine.impl.ProcessDefinitionQueryImpl.executeList(ProcessDefinitionQueryImpl.java:307)
	at org.activiti.engine.impl.AbstractQuery.list(AbstractQuery.java:140)
	at org.activiti.engine.impl.persistence.deploy.DeploymentManager.removeDeployment(DeploymentManager.java:187)
	at org.activiti.engine.impl.cmd.DeleteDeploymentCmd.execute(DeleteDeploymentCmd.java:44)
	at org.activiti.engine.impl.cmd.DeleteDeploymentCmd.execute(DeleteDeploymentCmd.java:24)
	at org.activiti.engine.impl.interceptor.CommandInvoker.execute(CommandInvoker.java:24)
	at org.activiti.engine.impl.interceptor.CommandContextInterceptor.execute(CommandContextInterceptor.java:57)
	at org.activiti.engine.impl.interceptor.LogInterceptor.execute(LogInterceptor.java:37)
	at org.activiti.engine.impl.cfg.CommandExecutorImpl.execute(CommandExecutorImpl.java:40)
	at org.activiti.engine.impl.cfg.CommandExecutorImpl.execute(CommandExecutorImpl.java:35)
	at org.activiti.engine.impl.RepositoryServiceImpl.deleteDeployment(RepositoryServiceImpl.java:90)
	at org.activiti.engine.impl.test.TestHelper.annotationDeploymentTearDown(TestHelper.java:116)
	at org.activiti.engine.impl.test.AbstractActivitiTestCase.runBare(AbstractActivitiTestCase.java:116)
	at junit.framework.TestResult$1.protect(TestResult.java:122)
	at junit.framework.TestResult.runProtected(TestResult.java:142)
	at junit.framework.TestResult.run(TestResult.java:125)
	at junit.framework.TestCase.run(TestCase.java:129)
	at junit.framework.TestSuite.runTest(TestSuite.java:255)
	at junit.framework.TestSuite.run(TestSuite.java:250)
	at org.junit.internal.runners.JUnit38ClassRunner.run(JUnit38ClassRunner.java:84)
	at org.apache.maven.surefire.junit4.JUnit4TestSet.execute(JUnit4TestSet.java:35)
	at org.apache.maven.surefire.junit4.JUnit4Provider.executeTestSet(JUnit4Provider.java:146)
	at org.apache.maven.surefire.junit4.JUnit4Provider.invoke(JUnit4Provider.java:97)
	at sun.reflect.NativeMethodAccessorImpl.invoke0(Native Method)
	at sun.reflect.NativeMethodAccessorImpl.invoke(NativeMethodAccessorImpl.java:62)
	at sun.reflect.DelegatingMethodAccessorImpl.invoke(DelegatingMethodAccessorImpl.java:43)
	at java.lang.reflect.Method.invoke(Method.java:498)
	at org.apache.maven.surefire.booter.ProviderFactory$ClassLoaderProxy.invoke(ProviderFactory.java:103)
	at com.sun.proxy.$Proxy0.invoke(Unknown Source)
	at org.apache.maven.surefire.booter.SurefireStarter.invokeProvider(SurefireStarter.java:145)
	at org.apache.maven.surefire.booter.SurefireStarter.runSuitesInProcess(SurefireStarter.java:87)
	at org.apache.maven.surefire.booter.ForkedBooter.main(ForkedBooter.java:69)
Caused by: org.h2.jdbc.JdbcSQLException: Syntax error in SQL statement &quot;SELECT RES.* 
       
    FROM ACT_RE_PROCDEF RES
     
     WHERE  RES.DEPLOYMENT_ID_ = ? 
   
     ORDER BY  ORDER[*] BY RES.ID_ ASC  
    LIMIT ? OFFSET ? &quot;; expected &quot;=, NOT, EXISTS, INTERSECTS, SELECT, FROM&quot;; SQL statement:
select RES.* 
       
    from ACT_RE_PROCDEF RES
     
     WHERE  RES.DEPLOYMENT_ID_ = ? 
   
     order by  order by RES.ID_ asc  
    LIMIT ? OFFSET ? [42001-176]
	at org.h2.message.DbException.getJdbcSQLException(DbException.java:344)
	at org.h2.message.DbException.getSyntaxError(DbException.java:204)
	at org.h2.command.Parser.getSyntaxError(Parser.java:524)
	at org.h2.command.Parser.readTerm(Parser.java:2688)
	at org.h2.command.Parser.readFactor(Parser.java:2244)
	at org.h2.command.Parser.readSum(Parser.java:2231)
	at org.h2.command.Parser.readConcat(Parser.java:2201)
	at org.h2.command.Parser.readCondition(Parser.java:2051)
	at org.h2.command.Parser.readAnd(Parser.java:2023)
	at org.h2.command.Parser.readExpression(Parser.java:2015)
	at org.h2.command.Parser.parseEndOfQuery(Parser.java:1726)
	at org.h2.command.Parser.parseSelectUnionExtension(Parser.java:1706)
	at org.h2.command.Parser.parseSelectUnion(Parser.java:1675)
	at org.h2.command.Parser.parseSelect(Parser.java:1662)
	at org.h2.command.Parser.parsePrepared(Parser.java:434)
	at org.h2.command.Parser.parse(Parser.java:306)
	at org.h2.command.Parser.parse(Parser.java:282)
	at org.h2.command.Parser.prepareCommand(Parser.java:243)
	at org.h2.engine.Session.prepareLocal(Session.java:442)
	at org.h2.engine.Session.prepareCommand(Session.java:384)
	at org.h2.jdbc.JdbcConnection.prepareCommand(JdbcConnection.java:1188)
	at org.h2.jdbc.JdbcPreparedStatement.&lt;init&gt;(JdbcPreparedStatement.java:73)
	at org.h2.jdbc.JdbcConnection.prepareStatement(JdbcConnection.java:276)
	at sun.reflect.GeneratedMethodAccessor6.invoke(Unknown Source)
	at sun.reflect.DelegatingMethodAccessorImpl.invoke(DelegatingMethodAccessorImpl.java:43)
	at java.lang.reflect.Method.invoke(Method.java:498)
	at org.apache.ibatis.datasource.pooled.PooledConnection.invoke(PooledConnection.java:245)
	at com.sun.proxy.$Proxy12.prepareStatement(Unknown Source)
	at sun.reflect.GeneratedMethodAccessor6.invoke(Unknown Source)
	at sun.reflect.DelegatingMethodAccessorImpl.invoke(DelegatingMethodAccessorImpl.java:43)
	at java.lang.reflect.Method.invoke(Method.java:498)
	at org.apache.ibatis.logging.jdbc.ConnectionLogger.invoke(ConnectionLogger.java:55)
	at com.sun.proxy.$Proxy12.prepareStatement(Unknown Source)
	at org.apache.ibatis.executor.statement.PreparedStatementHandler.instantiateStatement(PreparedStatementHandler.java:79)
	at org.apache.ibatis.executor.statement.BaseStatementHandler.prepare(BaseStatementHandler.java:88)
	at org.apache.ibatis.executor.statement.RoutingStatementHandler.prepare(RoutingStatementHandler.java:58)
	at org.apache.ibatis.executor.SimpleExecutor.prepareStatement(SimpleExecutor.java:76)
	at org.apache.ibatis.executor.SimpleExecutor.doQuery(SimpleExecutor.java:61)
	at org.apache.ibatis.executor.BaseExecutor.queryFromDatabase(BaseExecutor.java:303)
	at org.apache.ibatis.executor.BaseExecutor.query(BaseExecutor.java:154)
	at org.apache.ibatis.executor.CachingExecutor.query(CachingExecutor.java:102)
	at org.apache.ibatis.executor.CachingExecutor.query(CachingExecutor.java:82)
	at org.apache.ibatis.session.defaults.DefaultSqlSession.selectList(DefaultSqlSession.java:120)
	... 37 more
</error>
    <system-out>10:44:57,304 [main] DEBUG org.activiti.engine.impl.test.TestHelper  - annotation @Deployment creates deployment for JobQueryTest.testQueryByExceptionMessageEmpty
10:44:57,304 [main] DEBUG org.activiti.engine.impl.interceptor.LogInterceptor  - 

10:44:57,304 [main] DEBUG org.activiti.engine.impl.interceptor.LogInterceptor  - --- starting DeployCmd --------------------------------------------------------
10:44:57,304 [main] DEBUG org.activiti.engine.impl.bpmn.deployer.BpmnDeployer  - Processing deployment JobQueryTest.testQueryByExceptionMessageEmpty
10:44:57,304 [main] INFO  org.activiti.engine.impl.bpmn.deployer.BpmnDeployer  - Processing resource org/activiti/engine/test/api/mgmt/ManagementServiceTest.testGetJobExceptionStacktrace.bpmn20.xml
10:44:57,309 [main] DEBUG org.activiti.engine.impl.bpmn.parser.handler.ProcessParseHandler  - Parsing process exceptionInJobExecution
10:44:57,309 [main] DEBUG org.activiti.engine.impl.bpmn.parser.handler.AbstractBpmnParseHandler  - Parsing activity firstLineSupport
10:44:57,309 [main] DEBUG org.activiti.engine.impl.bpmn.parser.handler.AbstractBpmnParseHandler  - Parsing activity theScriptTask
10:44:57,309 [main] DEBUG org.activiti.engine.impl.bpmn.parser.handler.AbstractBpmnParseHandler  - Parsing activity theStart
10:44:57,309 [main] DEBUG org.activiti.engine.impl.bpmn.parser.handler.AbstractBpmnParseHandler  - Parsing activity normalEnd
10:44:57,309 [main] DEBUG org.activiti.engine.impl.bpmn.parser.handler.AbstractBpmnParseHandler  - Parsing activity escalatedEnd
10:44:57,309 [main] DEBUG org.activiti.engine.impl.bpmn.parser.handler.AbstractBpmnParseHandler  - Parsing activity escalationTimer
10:44:57,309 [main] DEBUG org.apache.ibatis.transaction.jdbc.JdbcTransaction  - Opening JDBC Connection
10:44:57,309 [main] DEBUG org.apache.ibatis.datasource.pooled.PooledDataSource  - Checked out connection 363509958 from pool.
10:44:57,309 [main] DEBUG org.apache.ibatis.transaction.jdbc.JdbcTransaction  - Setting autocommit to false on JDBC Connection [conn2: url=jdbc:h2:mem:activiti user=SA]
10:44:57,309 [main] DEBUG org.activiti.engine.impl.persistence.entity.ProcessDefinitionEntity.selectLatestProcessDefinitionByKey  - ==&gt;  Preparing: select * from ACT_RE_PROCDEF where KEY_ = ? and (TENANT_ID_ = &apos;&apos; or TENANT_ID_ is null) and VERSION_ = (select max(VERSION_) from ACT_RE_PROCDEF where KEY_ = ? and (TENANT_ID_ = &apos;&apos; or TENANT_ID_ is null)) 
10:44:57,309 [main] DEBUG org.activiti.engine.impl.persistence.entity.ProcessDefinitionEntity.selectLatestProcessDefinitionByKey  - ==&gt; Parameters: exceptionInJobExecution(String), exceptionInJobExecution(String)
10:44:57,309 [main] DEBUG org.activiti.engine.impl.persistence.entity.ProcessDefinitionEntity.selectLatestProcessDefinitionByKey  - &lt;==      Total: 0
10:44:57,309 [main] DEBUG org.activiti.engine.impl.persistence.entity.JobEntity.selectJobByTypeAndProcessDefinitionKeyNoTenantId  - ==&gt;  Preparing: select J.* from ACT_RU_JOB J inner join ACT_RE_PROCDEF P on J.PROC_DEF_ID_ = P.ID_ where J.HANDLER_TYPE_ = ? and P.KEY_ = ? and (P.TENANT_ID_ = &apos;&apos; or P.TENANT_ID_ is null) 
10:44:57,310 [main] DEBUG org.activiti.engine.impl.persistence.entity.JobEntity.selectJobByTypeAndProcessDefinitionKeyNoTenantId  - ==&gt; Parameters: timer-start-event(String), exceptionInJobExecution(String)
10:44:57,310 [main] DEBUG org.activiti.engine.impl.persistence.entity.JobEntity.selectJobByTypeAndProcessDefinitionKeyNoTenantId  - &lt;==      Total: 0
10:44:57,310 [main] DEBUG org.activiti.engine.impl.persistence.entity.ProcessDefinitionInfoEntity.selectProcessDefinitionInfoByProcessDefinitionId  - ==&gt;  Preparing: select * from ACT_PROCDEF_INFO where PROC_DEF_ID_ = ? 
10:44:57,310 [main] DEBUG org.activiti.engine.impl.persistence.entity.ProcessDefinitionInfoEntity.selectProcessDefinitionInfoByProcessDefinitionId  - ==&gt; Parameters: exceptionInJobExecution:1:1775(String)
10:44:57,310 [main] DEBUG org.activiti.engine.impl.persistence.entity.ProcessDefinitionInfoEntity.selectProcessDefinitionInfoByProcessDefinitionId  - &lt;==      Total: 0
10:44:57,310 [main] DEBUG org.activiti.engine.impl.interceptor.LogInterceptor  - 

10:44:57,310 [main] DEBUG org.activiti.engine.impl.interceptor.LogInterceptor  - --- starting GetProcessDefinitionInfoCmd --------------------------------------------------------
10:44:57,310 [main] DEBUG org.activiti.engine.impl.interceptor.CommandContextInterceptor  - Valid context found. Reusing it for the current command &apos;org.activiti.engine.impl.cmd.GetProcessDefinitionInfoCmd&apos;
10:44:57,310 [main] DEBUG org.activiti.engine.impl.interceptor.LogInterceptor  - 

10:44:57,310 [main] DEBUG org.activiti.engine.impl.interceptor.LogInterceptor  - --- starting  --------------------------------------------------------
10:44:57,310 [main] DEBUG org.activiti.engine.impl.interceptor.CommandContextInterceptor  - Valid context found. Reusing it for the current command &apos;null&apos;
10:44:57,310 [main] DEBUG org.activiti.engine.impl.interceptor.LogInterceptor  - ---  finished --------------------------------------------------------
10:44:57,310 [main] DEBUG org.activiti.engine.impl.interceptor.LogInterceptor  - 

10:44:57,310 [main] DEBUG org.activiti.engine.impl.interceptor.LogInterceptor  - --- GetProcessDefinitionInfoCmd finished --------------------------------------------------------
10:44:57,310 [main] DEBUG org.activiti.engine.impl.interceptor.LogInterceptor  - 

10:44:57,310 [main] DEBUG org.activiti.engine.impl.db.DbSqlSession  -   insert ResourceEntity[id=1774, name=org/activiti/engine/test/api/mgmt/ManagementServiceTest.testGetJobExceptionStacktrace.bpmn20.xml]
10:44:57,310 [main] DEBUG org.activiti.engine.impl.db.DbSqlSession  -   insert DeploymentEntity[id=1773, name=JobQueryTest.testQueryByExceptionMessageEmpty]
10:44:57,310 [main] DEBUG org.activiti.engine.impl.db.DbSqlSession  -   insert ProcessDefinitionEntity[exceptionInJobExecution:1:1775]
10:44:57,310 [main] DEBUG org.activiti.engine.impl.db.DbSqlSession  - flush summary: 3 insert, 0 update, 0 delete.
10:44:57,310 [main] DEBUG org.activiti.engine.impl.db.DbSqlSession  - now executing flush...
10:44:57,310 [main] DEBUG org.activiti.engine.impl.db.DbSqlSession  - inserting: ProcessDefinitionEntity[exceptionInJobExecution:1:1775]
10:44:57,310 [main] DEBUG org.activiti.engine.impl.persistence.entity.ProcessDefinitionEntity.insertProcessDefinition  - ==&gt;  Preparing: insert into ACT_RE_PROCDEF(ID_, REV_, CATEGORY_, NAME_, KEY_, VERSION_, DEPLOYMENT_ID_, RESOURCE_NAME_, DGRM_RESOURCE_NAME_, DESCRIPTION_, HAS_START_FORM_KEY_, HAS_GRAPHICAL_NOTATION_ , SUSPENSION_STATE_, TENANT_ID_) values (?, 1, ?, ?, ?, ?, ?, ?, ?, ?, ?, ?, ?, ?) 
10:44:57,310 [main] DEBUG org.activiti.engine.impl.persistence.entity.ProcessDefinitionEntity.insertProcessDefinition  - ==&gt; Parameters: exceptionInJobExecution:1:1775(String), org.activiti.enginge.test.api.mgmt(String), null, exceptionInJobExecution(String), 1(Integer), 1773(String), org/activiti/engine/test/api/mgmt/ManagementServiceTest.testGetJobExceptionStacktrace.bpmn20.xml(String), null, null, false(Boolean), false(Boolean), 1(Integer), (String)
10:44:57,310 [main] DEBUG org.activiti.engine.impl.persistence.entity.ProcessDefinitionEntity.insertProcessDefinition  - &lt;==    Updates: 1
10:44:57,310 [main] DEBUG org.activiti.engine.impl.db.DbSqlSession  - inserting: DeploymentEntity[id=1773, name=JobQueryTest.testQueryByExceptionMessageEmpty]
10:44:57,310 [main] DEBUG org.activiti.engine.impl.persistence.entity.DeploymentEntity.insertDeployment  - ==&gt;  Preparing: insert into ACT_RE_DEPLOYMENT(ID_, NAME_, CATEGORY_, TENANT_ID_, DEPLOY_TIME_) values(?, ?, ?, ?, ?) 
10:44:57,310 [main] DEBUG org.activiti.engine.impl.persistence.entity.DeploymentEntity.insertDeployment  - ==&gt; Parameters: 1773(String), JobQueryTest.testQueryByExceptionMessageEmpty(String), null, (String), 2023-03-20 12:44:57.0(Timestamp)
10:44:57,310 [main] DEBUG org.activiti.engine.impl.persistence.entity.DeploymentEntity.insertDeployment  - &lt;==    Updates: 1
10:44:57,310 [main] DEBUG org.activiti.engine.impl.db.DbSqlSession  - inserting: ResourceEntity[id=1774, name=org/activiti/engine/test/api/mgmt/ManagementServiceTest.testGetJobExceptionStacktrace.bpmn20.xml]
10:44:57,310 [main] DEBUG org.activiti.engine.impl.persistence.entity.ResourceEntity.insertResource  - ==&gt;  Preparing: insert into ACT_GE_BYTEARRAY(ID_, REV_, NAME_, BYTES_, DEPLOYMENT_ID_, GENERATED_) values (?, 1, ?, ?, ?, ?) 
10:44:57,310 [main] DEBUG org.activiti.engine.impl.persistence.entity.ResourceEntity.insertResource  - ==&gt; Parameters: 1774(String), org/activiti/engine/test/api/mgmt/ManagementServiceTest.testGetJobExceptionStacktrace.bpmn20.xml(String), java.io.ByteArrayInputStream@433d9680(ByteArrayInputStream), 1773(String), false(Boolean)
10:44:57,310 [main] DEBUG org.activiti.engine.impl.persistence.entity.ResourceEntity.insertResource  - &lt;==    Updates: 1
10:44:57,310 [main] DEBUG org.activiti.engine.impl.cfg.standalone.StandaloneMybatisTransactionContext  - firing event committing...
10:44:57,310 [main] DEBUG org.activiti.engine.impl.cfg.standalone.StandaloneMybatisTransactionContext  - committing the ibatis sql session...
10:44:57,310 [main] DEBUG org.apache.ibatis.transaction.jdbc.JdbcTransaction  - Committing JDBC Connection [conn2: url=jdbc:h2:mem:activiti user=SA]
10:44:57,310 [main] DEBUG org.activiti.engine.impl.cfg.standalone.StandaloneMybatisTransactionContext  - firing event committed...
10:44:57,310 [main] DEBUG org.apache.ibatis.transaction.jdbc.JdbcTransaction  - Resetting autocommit to true on JDBC Connection [conn2: url=jdbc:h2:mem:activiti user=SA]
10:44:57,310 [main] DEBUG org.apache.ibatis.transaction.jdbc.JdbcTransaction  - Closing JDBC Connection [conn2: url=jdbc:h2:mem:activiti user=SA]
10:44:57,310 [main] DEBUG org.apache.ibatis.datasource.pooled.PooledDataSource  - Returned connection 363509958 to pool.
10:44:57,310 [main] DEBUG org.activiti.engine.impl.interceptor.LogInterceptor  - --- DeployCmd finished --------------------------------------------------------
10:44:57,310 [main] DEBUG org.activiti.engine.impl.interceptor.LogInterceptor  - 

10:44:57,310 [main] DEBUG org.activiti.engine.impl.interceptor.LogInterceptor  - 

10:44:57,310 [main] DEBUG org.activiti.engine.impl.interceptor.LogInterceptor  - --- starting DeployCmd --------------------------------------------------------
10:44:57,310 [main] DEBUG org.activiti.engine.impl.bpmn.deployer.BpmnDeployer  - Processing deployment null
10:44:57,310 [main] INFO  org.activiti.engine.impl.bpmn.deployer.BpmnDeployer  - Processing resource org/activiti/engine/test/api/mgmt/timerOnTask.bpmn20.xml
10:44:57,315 [main] DEBUG org.activiti.engine.impl.bpmn.parser.handler.ProcessParseHandler  - Parsing process timerOnTask
10:44:57,315 [main] DEBUG org.activiti.engine.impl.bpmn.parser.handler.AbstractBpmnParseHandler  - Parsing activity firstLineSupport
10:44:57,315 [main] DEBUG org.activiti.engine.impl.bpmn.parser.handler.AbstractBpmnParseHandler  - Parsing activity secondLineSupport
10:44:57,315 [main] DEBUG org.activiti.engine.impl.bpmn.parser.handler.AbstractBpmnParseHandler  - Parsing activity theStart
10:44:57,315 [main] DEBUG org.activiti.engine.impl.bpmn.parser.handler.AbstractBpmnParseHandler  - Parsing activity normalEnd
10:44:57,315 [main] DEBUG org.activiti.engine.impl.bpmn.parser.handler.AbstractBpmnParseHandler  - Parsing activity escalatedEnd
10:44:57,315 [main] DEBUG org.activiti.engine.impl.bpmn.parser.handler.AbstractBpmnParseHandler  - Parsing activity escalationTimer
10:44:57,315 [main] DEBUG org.apache.ibatis.transaction.jdbc.JdbcTransaction  - Opening JDBC Connection
10:44:57,315 [main] DEBUG org.apache.ibatis.datasource.pooled.PooledDataSource  - Checked out connection 180014677 from pool.
10:44:57,315 [main] DEBUG org.apache.ibatis.transaction.jdbc.JdbcTransaction  - Setting autocommit to false on JDBC Connection [conn3: url=jdbc:h2:mem:activiti user=SA]
10:44:57,315 [main] DEBUG org.activiti.engine.impl.persistence.entity.ProcessDefinitionEntity.selectLatestProcessDefinitionByKey  - ==&gt;  Preparing: select * from ACT_RE_PROCDEF where KEY_ = ? and (TENANT_ID_ = &apos;&apos; or TENANT_ID_ is null) and VERSION_ = (select max(VERSION_) from ACT_RE_PROCDEF where KEY_ = ? and (TENANT_ID_ = &apos;&apos; or TENANT_ID_ is null)) 
10:44:57,315 [main] DEBUG org.activiti.engine.impl.persistence.entity.ProcessDefinitionEntity.selectLatestProcessDefinitionByKey  - ==&gt; Parameters: timerOnTask(String), timerOnTask(String)
10:44:57,315 [main] DEBUG org.activiti.engine.impl.persistence.entity.ProcessDefinitionEntity.selectLatestProcessDefinitionByKey  - &lt;==      Total: 0
10:44:57,315 [main] DEBUG org.activiti.engine.impl.persistence.entity.JobEntity.selectJobByTypeAndProcessDefinitionKeyNoTenantId  - ==&gt;  Preparing: select J.* from ACT_RU_JOB J inner join ACT_RE_PROCDEF P on J.PROC_DEF_ID_ = P.ID_ where J.HANDLER_TYPE_ = ? and P.KEY_ = ? and (P.TENANT_ID_ = &apos;&apos; or P.TENANT_ID_ is null) 
10:44:57,315 [main] DEBUG org.activiti.engine.impl.persistence.entity.JobEntity.selectJobByTypeAndProcessDefinitionKeyNoTenantId  - ==&gt; Parameters: timer-start-event(String), timerOnTask(String)
10:44:57,315 [main] DEBUG org.activiti.engine.impl.persistence.entity.JobEntity.selectJobByTypeAndProcessDefinitionKeyNoTenantId  - &lt;==      Total: 0
10:44:57,315 [main] DEBUG org.activiti.engine.impl.persistence.entity.ProcessDefinitionInfoEntity.selectProcessDefinitionInfoByProcessDefinitionId  - ==&gt;  Preparing: select * from ACT_PROCDEF_INFO where PROC_DEF_ID_ = ? 
10:44:57,315 [main] DEBUG org.activiti.engine.impl.persistence.entity.ProcessDefinitionInfoEntity.selectProcessDefinitionInfoByProcessDefinitionId  - ==&gt; Parameters: timerOnTask:1:1778(String)
10:44:57,315 [main] DEBUG org.activiti.engine.impl.persistence.entity.ProcessDefinitionInfoEntity.selectProcessDefinitionInfoByProcessDefinitionId  - &lt;==      Total: 0
10:44:57,315 [main] DEBUG org.activiti.engine.impl.interceptor.LogInterceptor  - 

10:44:57,315 [main] DEBUG org.activiti.engine.impl.interceptor.LogInterceptor  - --- starting GetProcessDefinitionInfoCmd --------------------------------------------------------
10:44:57,315 [main] DEBUG org.activiti.engine.impl.interceptor.CommandContextInterceptor  - Valid context found. Reusing it for the current command &apos;org.activiti.engine.impl.cmd.GetProcessDefinitionInfoCmd&apos;
10:44:57,315 [main] DEBUG org.activiti.engine.impl.interceptor.LogInterceptor  - 

10:44:57,315 [main] DEBUG org.activiti.engine.impl.interceptor.LogInterceptor  - --- starting  --------------------------------------------------------
10:44:57,315 [main] DEBUG org.activiti.engine.impl.interceptor.CommandContextInterceptor  - Valid context found. Reusing it for the current command &apos;null&apos;
10:44:57,315 [main] DEBUG org.activiti.engine.impl.interceptor.LogInterceptor  - ---  finished --------------------------------------------------------
10:44:57,315 [main] DEBUG org.activiti.engine.impl.interceptor.LogInterceptor  - 

10:44:57,315 [main] DEBUG org.activiti.engine.impl.interceptor.LogInterceptor  - --- GetProcessDefinitionInfoCmd finished --------------------------------------------------------
10:44:57,315 [main] DEBUG org.activiti.engine.impl.interceptor.LogInterceptor  - 

10:44:57,315 [main] DEBUG org.activiti.engine.impl.db.DbSqlSession  -   insert ResourceEntity[id=1777, name=org/activiti/engine/test/api/mgmt/timerOnTask.bpmn20.xml]
10:44:57,315 [main] DEBUG org.activiti.engine.impl.db.DbSqlSession  -   insert DeploymentEntity[id=1776, name=null]
10:44:57,315 [main] DEBUG org.activiti.engine.impl.db.DbSqlSession  -   insert ProcessDefinitionEntity[timerOnTask:1:1778]
10:44:57,315 [main] DEBUG org.activiti.engine.impl.db.DbSqlSession  - flush summary: 3 insert, 0 update, 0 delete.
10:44:57,315 [main] DEBUG org.activiti.engine.impl.db.DbSqlSession  - now executing flush...
10:44:57,315 [main] DEBUG org.activiti.engine.impl.db.DbSqlSession  - inserting: ProcessDefinitionEntity[timerOnTask:1:1778]
10:44:57,315 [main] DEBUG org.activiti.engine.impl.persistence.entity.ProcessDefinitionEntity.insertProcessDefinition  - ==&gt;  Preparing: insert into ACT_RE_PROCDEF(ID_, REV_, CATEGORY_, NAME_, KEY_, VERSION_, DEPLOYMENT_ID_, RESOURCE_NAME_, DGRM_RESOURCE_NAME_, DESCRIPTION_, HAS_START_FORM_KEY_, HAS_GRAPHICAL_NOTATION_ , SUSPENSION_STATE_, TENANT_ID_) values (?, 1, ?, ?, ?, ?, ?, ?, ?, ?, ?, ?, ?, ?) 
10:44:57,315 [main] DEBUG org.activiti.engine.impl.persistence.entity.ProcessDefinitionEntity.insertProcessDefinition  - ==&gt; Parameters: timerOnTask:1:1778(String), org.activiti.enginge.test.api.mgmt(String), null, timerOnTask(String), 1(Integer), 1776(String), org/activiti/engine/test/api/mgmt/timerOnTask.bpmn20.xml(String), null, null, false(Boolean), false(Boolean), 1(Integer), (String)
10:44:57,315 [main] DEBUG org.activiti.engine.impl.persistence.entity.ProcessDefinitionEntity.insertProcessDefinition  - &lt;==    Updates: 1
10:44:57,315 [main] DEBUG org.activiti.engine.impl.db.DbSqlSession  - inserting: DeploymentEntity[id=1776, name=null]
10:44:57,315 [main] DEBUG org.activiti.engine.impl.persistence.entity.DeploymentEntity.insertDeployment  - ==&gt;  Preparing: insert into ACT_RE_DEPLOYMENT(ID_, NAME_, CATEGORY_, TENANT_ID_, DEPLOY_TIME_) values(?, ?, ?, ?, ?) 
10:44:57,315 [main] DEBUG org.activiti.engine.impl.persistence.entity.DeploymentEntity.insertDeployment  - ==&gt; Parameters: 1776(String), null, null, (String), 2023-03-20 12:44:57.0(Timestamp)
10:44:57,315 [main] DEBUG org.activiti.engine.impl.persistence.entity.DeploymentEntity.insertDeployment  - &lt;==    Updates: 1
10:44:57,315 [main] DEBUG org.activiti.engine.impl.db.DbSqlSession  - inserting: ResourceEntity[id=1777, name=org/activiti/engine/test/api/mgmt/timerOnTask.bpmn20.xml]
10:44:57,315 [main] DEBUG org.activiti.engine.impl.persistence.entity.ResourceEntity.insertResource  - ==&gt;  Preparing: insert into ACT_GE_BYTEARRAY(ID_, REV_, NAME_, BYTES_, DEPLOYMENT_ID_, GENERATED_) values (?, 1, ?, ?, ?, ?) 
10:44:57,316 [main] DEBUG org.activiti.engine.impl.persistence.entity.ResourceEntity.insertResource  - ==&gt; Parameters: 1777(String), org/activiti/engine/test/api/mgmt/timerOnTask.bpmn20.xml(String), java.io.ByteArrayInputStream@469a7575(ByteArrayInputStream), 1776(String), false(Boolean)
10:44:57,316 [main] DEBUG org.activiti.engine.impl.persistence.entity.ResourceEntity.insertResource  - &lt;==    Updates: 1
10:44:57,316 [main] DEBUG org.activiti.engine.impl.cfg.standalone.StandaloneMybatisTransactionContext  - firing event committing...
10:44:57,316 [main] DEBUG org.activiti.engine.impl.cfg.standalone.StandaloneMybatisTransactionContext  - committing the ibatis sql session...
10:44:57,316 [main] DEBUG org.apache.ibatis.transaction.jdbc.JdbcTransaction  - Committing JDBC Connection [conn3: url=jdbc:h2:mem:activiti user=SA]
10:44:57,316 [main] DEBUG org.activiti.engine.impl.cfg.standalone.StandaloneMybatisTransactionContext  - firing event committed...
10:44:57,316 [main] DEBUG org.apache.ibatis.transaction.jdbc.JdbcTransaction  - Resetting autocommit to true on JDBC Connection [conn3: url=jdbc:h2:mem:activiti user=SA]
10:44:57,316 [main] DEBUG org.apache.ibatis.transaction.jdbc.JdbcTransaction  - Closing JDBC Connection [conn3: url=jdbc:h2:mem:activiti user=SA]
10:44:57,316 [main] DEBUG org.apache.ibatis.datasource.pooled.PooledDataSource  - Returned connection 180014677 to pool.
10:44:57,316 [main] DEBUG org.activiti.engine.impl.interceptor.LogInterceptor  - --- DeployCmd finished --------------------------------------------------------
10:44:57,316 [main] DEBUG org.activiti.engine.impl.interceptor.LogInterceptor  - 

10:44:57,316 [main] DEBUG org.activiti.engine.impl.interceptor.LogInterceptor  - 

10:44:57,316 [main] DEBUG org.activiti.engine.impl.interceptor.LogInterceptor  - --- starting StartProcessInstanceCmd --------------------------------------------------------
10:44:57,316 [main] DEBUG org.apache.ibatis.transaction.jdbc.JdbcTransaction  - Opening JDBC Connection
10:44:57,316 [main] DEBUG org.apache.ibatis.datasource.pooled.PooledDataSource  - Checked out connection 297240765 from pool.
10:44:57,316 [main] DEBUG org.apache.ibatis.transaction.jdbc.JdbcTransaction  - Setting autocommit to false on JDBC Connection [conn4: url=jdbc:h2:mem:activiti user=SA]
10:44:57,316 [main] DEBUG org.activiti.engine.impl.persistence.entity.ProcessDefinitionEntity.selectLatestProcessDefinitionByKey  - ==&gt;  Preparing: select * from ACT_RE_PROCDEF where KEY_ = ? and (TENANT_ID_ = &apos;&apos; or TENANT_ID_ is null) and VERSION_ = (select max(VERSION_) from ACT_RE_PROCDEF where KEY_ = ? and (TENANT_ID_ = &apos;&apos; or TENANT_ID_ is null)) 
10:44:57,316 [main] DEBUG org.activiti.engine.impl.persistence.entity.ProcessDefinitionEntity.selectLatestProcessDefinitionByKey  - ==&gt; Parameters: timerOnTask(String), timerOnTask(String)
10:44:57,316 [main] DEBUG org.activiti.engine.impl.persistence.entity.ProcessDefinitionEntity.selectLatestProcessDefinitionByKey  - &lt;==      Total: 1
10:44:57,316 [main] DEBUG org.activiti.engine.impl.persistence.entity.ExecutionEntity  - initializing ProcessInstance[1779]
10:44:57,316 [main] DEBUG org.activiti.engine.impl.history.DefaultHistoryManager  - Current history level: FULL, level required: ACTIVITY
10:44:57,316 [main] DEBUG org.activiti.engine.impl.pvm.runtime.AtomicOperationActivityExecute  - ProcessInstance[1779] executes Activity(theStart): org.activiti.engine.impl.bpmn.behavior.NoneStartEventActivityBehavior
10:44:57,316 [main] DEBUG org.activiti.engine.impl.persistence.entity.JobEntity.selectJobsByExecutionId  - ==&gt;  Preparing: select * from ACT_RU_JOB J where J.EXECUTION_ID_ = ? 
10:44:57,316 [main] DEBUG org.activiti.engine.impl.persistence.entity.JobEntity.selectJobsByExecutionId  - ==&gt; Parameters: 1779(String)
10:44:57,316 [main] DEBUG org.activiti.engine.impl.persistence.entity.JobEntity.selectJobsByExecutionId  - &lt;==      Total: 0
10:44:57,316 [main] DEBUG org.activiti.engine.impl.bpmn.behavior.BpmnActivityBehavior  - Leaving activity &apos;theStart&apos;
10:44:57,316 [main] DEBUG org.activiti.engine.impl.history.DefaultHistoryManager  - Current history level: FULL, level required: ACTIVITY
10:44:57,316 [main] DEBUG org.activiti.engine.impl.pvm.runtime.AtomicOperationTransitionNotifyListenerTake  - ProcessInstance[1779] takes transition (theStart)--flow1--&gt;(firstLineSupport)
10:44:57,316 [main] DEBUG org.activiti.engine.impl.persistence.entity.ExecutionEntity  - Child execution ScopeExecution[1781] created with parent 
10:44:57,316 [main] DEBUG org.activiti.engine.impl.pvm.runtime.AtomicOperationTransitionCreateScope  - create scope: parent ProcessInstance[1779] continues as execution ScopeExecution[1781]
10:44:57,316 [main] DEBUG org.activiti.engine.impl.persistence.entity.ExecutionEntity  - initializing ScopeExecution[1781]
10:44:57,316 [main] DEBUG org.activiti.engine.impl.persistence.entity.JobEntity.selectJobsByExecutionId  - ==&gt;  Preparing: select * from ACT_RU_JOB J where J.EXECUTION_ID_ = ? 
10:44:57,316 [main] DEBUG org.activiti.engine.impl.persistence.entity.JobEntity.selectJobsByExecutionId  - ==&gt; Parameters: 1781(String)
10:44:57,316 [main] DEBUG org.activiti.engine.impl.persistence.entity.JobEntity.selectJobsByExecutionId  - &lt;==      Total: 0
10:44:57,316 [main] DEBUG org.activiti.engine.impl.history.DefaultHistoryManager  - Current history level: FULL, level required: ACTIVITY
10:44:57,316 [main] DEBUG org.activiti.engine.impl.pvm.runtime.AtomicOperationActivityExecute  - ScopeExecution[1781] executes Activity(firstLineSupport): org.activiti.engine.impl.bpmn.behavior.UserTaskActivityBehavior
10:44:57,316 [main] DEBUG org.activiti.engine.impl.persistence.entity.TaskEntity.selectTasksByExecutionId  - ==&gt;  Preparing: select distinct T.* from ACT_RU_TASK T where T.EXECUTION_ID_ = ? 
10:44:57,316 [main] DEBUG org.activiti.engine.impl.persistence.entity.TaskEntity.selectTasksByExecutionId  - ==&gt; Parameters: 1781(String)
10:44:57,317 [main] DEBUG org.activiti.engine.impl.persistence.entity.TaskEntity.selectTasksByExecutionId  - &lt;==      Total: 0
10:44:57,317 [main] DEBUG org.activiti.engine.impl.history.DefaultHistoryManager  - Current history level: FULL, level required: AUDIT
10:44:57,317 [main] DEBUG org.activiti.engine.impl.history.DefaultHistoryManager  - Current history level: FULL, level required: AUDIT
10:44:57,317 [main] DEBUG org.activiti.engine.impl.interceptor.LogInterceptor  - 

10:44:57,317 [main] DEBUG org.activiti.engine.impl.interceptor.LogInterceptor  - --- starting  --------------------------------------------------------
10:44:57,317 [main] DEBUG org.activiti.engine.impl.interceptor.CommandContextInterceptor  - Valid context found. Reusing it for the current command &apos;null&apos;
10:44:57,317 [main] DEBUG org.activiti.engine.impl.persistence.entity.ProcessDefinitionInfoEntity.selectProcessDefinitionInfoByProcessDefinitionId  - ==&gt;  Preparing: select * from ACT_PROCDEF_INFO where PROC_DEF_ID_ = ? 
10:44:57,317 [main] DEBUG org.activiti.engine.impl.persistence.entity.ProcessDefinitionInfoEntity.selectProcessDefinitionInfoByProcessDefinitionId  - ==&gt; Parameters: timerOnTask:1:1778(String)
10:44:57,317 [main] DEBUG org.activiti.engine.impl.persistence.entity.ProcessDefinitionInfoEntity.selectProcessDefinitionInfoByProcessDefinitionId  - &lt;==      Total: 0
10:44:57,317 [main] DEBUG org.activiti.engine.impl.interceptor.LogInterceptor  - ---  finished --------------------------------------------------------
10:44:57,317 [main] DEBUG org.activiti.engine.impl.interceptor.LogInterceptor  - 

10:44:57,317 [main] DEBUG org.activiti.engine.impl.history.DefaultHistoryManager  - Current history level: FULL, level required: AUDIT
10:44:57,317 [main] DEBUG org.activiti.engine.impl.history.DefaultHistoryManager  - Current history level: FULL, level required: AUDIT
10:44:57,317 [main] DEBUG org.activiti.engine.impl.history.DefaultHistoryManager  - Current history level: FULL, level required: ACTIVITY
10:44:57,317 [main] DEBUG org.activiti.engine.impl.db.DbSqlSession  -   insert ProcessInstance[1779]
10:44:57,317 [main] DEBUG org.activiti.engine.impl.db.DbSqlSession  -   insert ScopeExecution[1781]
10:44:57,317 [main] DEBUG org.activiti.engine.impl.db.DbSqlSession  -   insert HistoricProcessInstanceEntity[superProcessInstanceId=null]
10:44:57,317 [main] DEBUG org.activiti.engine.impl.db.DbSqlSession  -   insert Task[id=1784, name=First line support]
10:44:57,317 [main] DEBUG org.activiti.engine.impl.db.DbSqlSession  -   insert HistoricTaskInstanceEntity[id=1784, name=First line support]
10:44:57,317 [main] DEBUG org.activiti.engine.impl.db.DbSqlSession  -   insert HistoricActivityInstanceEntity[activityId=theStart, activityName=null]
10:44:57,317 [main] DEBUG org.activiti.engine.impl.db.DbSqlSession  -   insert HistoricActivityInstanceEntity[activityId=firstLineSupport, activityName=First line support]
10:44:57,317 [main] DEBUG org.activiti.engine.impl.db.DbSqlSession  -   insert JobEntity [id=1782]
10:44:57,317 [main] DEBUG org.activiti.engine.impl.db.DbSqlSession  - flush summary: 8 insert, 0 update, 0 delete.
10:44:57,317 [main] DEBUG org.activiti.engine.impl.db.DbSqlSession  - now executing flush...
10:44:57,317 [main] DEBUG org.activiti.engine.impl.db.DbSqlSession  - inserting: HistoricTaskInstanceEntity[id=1784, name=First line support]
10:44:57,317 [main] DEBUG org.activiti.engine.impl.persistence.entity.HistoricTaskInstanceEntity.insertHistoricTaskInstance  - ==&gt;  Preparing: insert into ACT_HI_TASKINST ( ID_, PROC_DEF_ID_, PROC_INST_ID_, EXECUTION_ID_, NAME_, PARENT_TASK_ID_, DESCRIPTION_, OWNER_, ASSIGNEE_, START_TIME_, CLAIM_TIME_, END_TIME_, DURATION_, DELETE_REASON_, TASK_DEF_KEY_, FORM_KEY_, PRIORITY_, DUE_DATE_, CATEGORY_, TENANT_ID_ ) values ( ?, ?, ?, ?, ?, ?, ?, ?, ?, ?, ?, ?, ?, ?, ?, ?, ?, ?, ?, ? ) 
10:44:57,317 [main] DEBUG org.activiti.engine.impl.persistence.entity.HistoricTaskInstanceEntity.insertHistoricTaskInstance  - ==&gt; Parameters: 1784(String), timerOnTask:1:1778(String), 1779(String), 1781(String), First line support(String), null, null, null, null, 2023-03-20 10:44:57.0(Timestamp), null, null, null, null, firstLineSupport(String), null, 50(Integer), null, null, (String)
10:44:57,317 [main] DEBUG org.activiti.engine.impl.persistence.entity.HistoricTaskInstanceEntity.insertHistoricTaskInstance  - &lt;==    Updates: 1
10:44:57,317 [main] DEBUG org.activiti.engine.impl.db.DbSqlSession  - inserting: HistoricProcessInstanceEntity[superProcessInstanceId=null]
10:44:57,317 [main] DEBUG org.activiti.engine.impl.persistence.entity.HistoricProcessInstanceEntity.insertHistoricProcessInstance  - ==&gt;  Preparing: insert into ACT_HI_PROCINST ( ID_, PROC_INST_ID_, BUSINESS_KEY_, PROC_DEF_ID_, START_TIME_, END_TIME_, DURATION_, START_USER_ID_, START_ACT_ID_, END_ACT_ID_, SUPER_PROCESS_INSTANCE_ID_, DELETE_REASON_, TENANT_ID_, NAME_ ) values ( ?, ?, ?, ?, ?, ?, ?, ?, ?, ?, ?, ?, ?, ? ) 
10:44:57,317 [main] DEBUG org.activiti.engine.impl.persistence.entity.HistoricProcessInstanceEntity.insertHistoricProcessInstance  - ==&gt; Parameters: 1779(String), 1779(String), null, timerOnTask:1:1778(String), 2023-03-20 10:44:57.0(Timestamp), null, null, null, theStart(String), null, null, null, (String), null
10:44:57,317 [main] DEBUG org.activiti.engine.impl.persistence.entity.HistoricProcessInstanceEntity.insertHistoricProcessInstance  - &lt;==    Updates: 1
10:44:57,317 [main] DEBUG org.activiti.engine.impl.persistence.entity.HistoricActivityInstanceEntity.bulkInsertHistoricActivityInstance  - ==&gt;  Preparing: insert into ACT_HI_ACTINST ( ID_, PROC_DEF_ID_, PROC_INST_ID_, EXECUTION_ID_, ACT_ID_, TASK_ID_, CALL_PROC_INST_ID_, ACT_NAME_, ACT_TYPE_, ASSIGNEE_, START_TIME_, END_TIME_, DURATION_, TENANT_ID_ ) values (?, ?, ?, ?, ?, ?, ?, ?, ?, ?, ?, ?, ?, ?) , (?, ?, ?, ?, ?, ?, ?, ?, ?, ?, ?, ?, ?, ?) 
10:44:57,317 [main] DEBUG org.activiti.engine.impl.persistence.entity.HistoricActivityInstanceEntity.bulkInsertHistoricActivityInstance  - ==&gt; Parameters: 1780(String), timerOnTask:1:1778(String), 1779(String), 1779(String), theStart(String), null, null, null, startEvent(String), null, 2023-03-20 10:44:57.0(Timestamp), 2023-03-20 10:44:57.0(Timestamp), 0(Long), (String), 1783(String), timerOnTask:1:1778(String), 1779(String), 1781(String), firstLineSupport(String), 1784(String), null, First line support(String), userTask(String), null, 2023-03-20 10:44:57.0(Timestamp), null, null, (String)
10:44:57,317 [main] DEBUG org.activiti.engine.impl.persistence.entity.HistoricActivityInstanceEntity.bulkInsertHistoricActivityInstance  - &lt;==    Updates: 2
10:44:57,317 [main] DEBUG org.activiti.engine.impl.persistence.entity.ExecutionEntity.bulkInsertExecution  - ==&gt;  Preparing: insert into ACT_RU_EXECUTION (ID_, REV_, PROC_INST_ID_, BUSINESS_KEY_, PROC_DEF_ID_, ACT_ID_, IS_ACTIVE_, IS_CONCURRENT_, IS_SCOPE_,IS_EVENT_SCOPE_, PARENT_ID_, SUPER_EXEC_, SUSPENSION_STATE_, CACHED_ENT_STATE_, TENANT_ID_, NAME_) values (?, 1, ?, ?, ?, ?, ?, ?, ?, ?, ?, ?, ?, ?, ?, ?) , (?, 1, ?, ?, ?, ?, ?, ?, ?, ?, ?, ?, ?, ?, ?, ?) 
10:44:57,317 [main] DEBUG org.activiti.engine.impl.persistence.entity.ExecutionEntity.bulkInsertExecution  - ==&gt; Parameters: 1779(String), 1779(String), null, timerOnTask:1:1778(String), null, false(Boolean), false(Boolean), true(Boolean), false(Boolean), null, null, 1(Integer), 2(Integer), (String), null, 1781(String), 1779(String), null, timerOnTask:1:1778(String), firstLineSupport(String), true(Boolean), false(Boolean), true(Boolean), false(Boolean), 1779(String), null, 1(Integer), 6(Integer), (String), null
10:44:57,317 [main] DEBUG org.activiti.engine.impl.persistence.entity.ExecutionEntity.bulkInsertExecution  - &lt;==    Updates: 2
10:44:57,317 [main] DEBUG org.activiti.engine.impl.db.DbSqlSession  - inserting: Task[id=1784, name=First line support]
10:44:57,317 [main] DEBUG org.activiti.engine.impl.persistence.entity.TaskEntity.insertTask  - ==&gt;  Preparing: insert into ACT_RU_TASK (ID_, REV_, NAME_, PARENT_TASK_ID_, DESCRIPTION_, PRIORITY_, CREATE_TIME_, OWNER_, ASSIGNEE_, DELEGATION_, EXECUTION_ID_, PROC_INST_ID_, PROC_DEF_ID_, TASK_DEF_KEY_, DUE_DATE_, CATEGORY_, SUSPENSION_STATE_, TENANT_ID_, FORM_KEY_) values (?, 1, ?, ?, ?, ?, ?, ?, ?, ?, ?, ?, ?, ?, ?, ?, ?, ?, ? ) 
10:44:57,317 [main] DEBUG org.activiti.engine.impl.persistence.entity.TaskEntity.insertTask  - ==&gt; Parameters: 1784(String), First line support(String), null, null, 50(Integer), 2023-03-20 10:44:57.0(Timestamp), null, null, null, 1781(String), 1779(String), timerOnTask:1:1778(String), firstLineSupport(String), null, null, 1(Integer), (String), null
10:44:57,317 [main] DEBUG org.activiti.engine.impl.persistence.entity.TaskEntity.insertTask  - &lt;==    Updates: 1
10:44:57,317 [main] DEBUG org.activiti.engine.impl.db.DbSqlSession  - inserting: JobEntity [id=1782]
10:44:57,317 [main] DEBUG org.activiti.engine.impl.persistence.entity.JobEntity.insertTimer  - ==&gt;  Preparing: insert into ACT_RU_JOB ( ID_, REV_, TYPE_, LOCK_OWNER_, LOCK_EXP_TIME_, EXCLUSIVE_, EXECUTION_ID_, PROCESS_INSTANCE_ID_, PROC_DEF_ID_, RETRIES_, EXCEPTION_STACK_ID_, EXCEPTION_MSG_, DUEDATE_, REPEAT_, HANDLER_TYPE_, HANDLER_CFG_, TENANT_ID_) values (?, 1, &apos;timer&apos;, ?, ?, ?, ?, ?, ?, ?, ?, ?, ?, ?, ?, ?, ? ) 
10:44:57,317 [main] DEBUG org.activiti.engine.impl.persistence.entity.JobEntity.insertTimer  - ==&gt; Parameters: 1782(String), null, null, true(Boolean), 1781(String), 1779(String), timerOnTask:1:1778(String), 3(Integer), null, null, 2023-03-20 11:44:57.0(Timestamp), null, timer-transition(String), {&quot;activityId&quot;:&quot;escalationTimer&quot;}(String), (String)
10:44:57,317 [main] DEBUG org.activiti.engine.impl.persistence.entity.JobEntity.insertTimer  - &lt;==    Updates: 1
10:44:57,317 [main] DEBUG org.activiti.engine.impl.cfg.standalone.StandaloneMybatisTransactionContext  - firing event committing...
10:44:57,317 [main] DEBUG org.activiti.engine.impl.cfg.standalone.StandaloneMybatisTransactionContext  - committing the ibatis sql session...
10:44:57,317 [main] DEBUG org.apache.ibatis.transaction.jdbc.JdbcTransaction  - Committing JDBC Connection [conn4: url=jdbc:h2:mem:activiti user=SA]
10:44:57,317 [main] DEBUG org.activiti.engine.impl.cfg.standalone.StandaloneMybatisTransactionContext  - firing event committed...
10:44:57,317 [main] DEBUG org.apache.ibatis.transaction.jdbc.JdbcTransaction  - Resetting autocommit to true on JDBC Connection [conn4: url=jdbc:h2:mem:activiti user=SA]
10:44:57,317 [main] DEBUG org.apache.ibatis.transaction.jdbc.JdbcTransaction  - Closing JDBC Connection [conn4: url=jdbc:h2:mem:activiti user=SA]
10:44:57,318 [main] DEBUG org.apache.ibatis.datasource.pooled.PooledDataSource  - Returned connection 297240765 to pool.
10:44:57,318 [main] DEBUG org.activiti.engine.impl.interceptor.LogInterceptor  - --- StartProcessInstanceCmd finished --------------------------------------------------------
10:44:57,318 [main] DEBUG org.activiti.engine.impl.interceptor.LogInterceptor  - 

10:44:57,318 [main] DEBUG org.activiti.engine.impl.interceptor.LogInterceptor  - 

10:44:57,318 [main] DEBUG org.activiti.engine.impl.interceptor.LogInterceptor  - --- starting StartProcessInstanceCmd --------------------------------------------------------
10:44:57,318 [main] DEBUG org.apache.ibatis.transaction.jdbc.JdbcTransaction  - Opening JDBC Connection
10:44:57,318 [main] DEBUG org.apache.ibatis.datasource.pooled.PooledDataSource  - Checked out connection 363509958 from pool.
10:44:57,318 [main] DEBUG org.apache.ibatis.transaction.jdbc.JdbcTransaction  - Setting autocommit to false on JDBC Connection [conn2: url=jdbc:h2:mem:activiti user=SA]
10:44:57,318 [main] DEBUG org.activiti.engine.impl.persistence.entity.ProcessDefinitionEntity.selectLatestProcessDefinitionByKey  - ==&gt;  Preparing: select * from ACT_RE_PROCDEF where KEY_ = ? and (TENANT_ID_ = &apos;&apos; or TENANT_ID_ is null) and VERSION_ = (select max(VERSION_) from ACT_RE_PROCDEF where KEY_ = ? and (TENANT_ID_ = &apos;&apos; or TENANT_ID_ is null)) 
10:44:57,318 [main] DEBUG org.activiti.engine.impl.persistence.entity.ProcessDefinitionEntity.selectLatestProcessDefinitionByKey  - ==&gt; Parameters: timerOnTask(String), timerOnTask(String)
10:44:57,318 [main] DEBUG org.activiti.engine.impl.persistence.entity.ProcessDefinitionEntity.selectLatestProcessDefinitionByKey  - &lt;==      Total: 1
10:44:57,318 [main] DEBUG org.activiti.engine.impl.persistence.entity.ExecutionEntity  - initializing ProcessInstance[1785]
10:44:57,318 [main] DEBUG org.activiti.engine.impl.history.DefaultHistoryManager  - Current history level: FULL, level required: ACTIVITY
10:44:57,318 [main] DEBUG org.activiti.engine.impl.pvm.runtime.AtomicOperationActivityExecute  - ProcessInstance[1785] executes Activity(theStart): org.activiti.engine.impl.bpmn.behavior.NoneStartEventActivityBehavior
10:44:57,318 [main] DEBUG org.activiti.engine.impl.persistence.entity.JobEntity.selectJobsByExecutionId  - ==&gt;  Preparing: select * from ACT_RU_JOB J where J.EXECUTION_ID_ = ? 
10:44:57,318 [main] DEBUG org.activiti.engine.impl.persistence.entity.JobEntity.selectJobsByExecutionId  - ==&gt; Parameters: 1785(String)
10:44:57,318 [main] DEBUG org.activiti.engine.impl.persistence.entity.JobEntity.selectJobsByExecutionId  - &lt;==      Total: 0
10:44:57,318 [main] DEBUG org.activiti.engine.impl.bpmn.behavior.BpmnActivityBehavior  - Leaving activity &apos;theStart&apos;
10:44:57,318 [main] DEBUG org.activiti.engine.impl.history.DefaultHistoryManager  - Current history level: FULL, level required: ACTIVITY
10:44:57,318 [main] DEBUG org.activiti.engine.impl.pvm.runtime.AtomicOperationTransitionNotifyListenerTake  - ProcessInstance[1785] takes transition (theStart)--flow1--&gt;(firstLineSupport)
10:44:57,318 [main] DEBUG org.activiti.engine.impl.persistence.entity.ExecutionEntity  - Child execution ScopeExecution[1787] created with parent 
10:44:57,318 [main] DEBUG org.activiti.engine.impl.pvm.runtime.AtomicOperationTransitionCreateScope  - create scope: parent ProcessInstance[1785] continues as execution ScopeExecution[1787]
10:44:57,318 [main] DEBUG org.activiti.engine.impl.persistence.entity.ExecutionEntity  - initializing ScopeExecution[1787]
10:44:57,318 [main] DEBUG org.activiti.engine.impl.persistence.entity.JobEntity.selectJobsByExecutionId  - ==&gt;  Preparing: select * from ACT_RU_JOB J where J.EXECUTION_ID_ = ? 
10:44:57,318 [main] DEBUG org.activiti.engine.impl.persistence.entity.JobEntity.selectJobsByExecutionId  - ==&gt; Parameters: 1787(String)
10:44:57,318 [main] DEBUG org.activiti.engine.impl.persistence.entity.JobEntity.selectJobsByExecutionId  - &lt;==      Total: 0
10:44:57,318 [main] DEBUG org.activiti.engine.impl.history.DefaultHistoryManager  - Current history level: FULL, level required: ACTIVITY
10:44:57,318 [main] DEBUG org.activiti.engine.impl.pvm.runtime.AtomicOperationActivityExecute  - ScopeExecution[1787] executes Activity(firstLineSupport): org.activiti.engine.impl.bpmn.behavior.UserTaskActivityBehavior
10:44:57,318 [main] DEBUG org.activiti.engine.impl.persistence.entity.TaskEntity.selectTasksByExecutionId  - ==&gt;  Preparing: select distinct T.* from ACT_RU_TASK T where T.EXECUTION_ID_ = ? 
10:44:57,318 [main] DEBUG org.activiti.engine.impl.persistence.entity.TaskEntity.selectTasksByExecutionId  - ==&gt; Parameters: 1787(String)
10:44:57,318 [main] DEBUG org.activiti.engine.impl.persistence.entity.TaskEntity.selectTasksByExecutionId  - &lt;==      Total: 0
10:44:57,318 [main] DEBUG org.activiti.engine.impl.history.DefaultHistoryManager  - Current history level: FULL, level required: AUDIT
10:44:57,318 [main] DEBUG org.activiti.engine.impl.history.DefaultHistoryManager  - Current history level: FULL, level required: AUDIT
10:44:57,318 [main] DEBUG org.activiti.engine.impl.interceptor.LogInterceptor  - 

10:44:57,318 [main] DEBUG org.activiti.engine.impl.interceptor.LogInterceptor  - --- starting  --------------------------------------------------------
10:44:57,318 [main] DEBUG org.activiti.engine.impl.interceptor.CommandContextInterceptor  - Valid context found. Reusing it for the current command &apos;null&apos;
10:44:57,318 [main] DEBUG org.activiti.engine.impl.persistence.entity.ProcessDefinitionInfoEntity.selectProcessDefinitionInfoByProcessDefinitionId  - ==&gt;  Preparing: select * from ACT_PROCDEF_INFO where PROC_DEF_ID_ = ? 
10:44:57,318 [main] DEBUG org.activiti.engine.impl.persistence.entity.ProcessDefinitionInfoEntity.selectProcessDefinitionInfoByProcessDefinitionId  - ==&gt; Parameters: timerOnTask:1:1778(String)
10:44:57,318 [main] DEBUG org.activiti.engine.impl.persistence.entity.ProcessDefinitionInfoEntity.selectProcessDefinitionInfoByProcessDefinitionId  - &lt;==      Total: 0
10:44:57,318 [main] DEBUG org.activiti.engine.impl.interceptor.LogInterceptor  - ---  finished --------------------------------------------------------
10:44:57,318 [main] DEBUG org.activiti.engine.impl.interceptor.LogInterceptor  - 

10:44:57,318 [main] DEBUG org.activiti.engine.impl.history.DefaultHistoryManager  - Current history level: FULL, level required: AUDIT
10:44:57,318 [main] DEBUG org.activiti.engine.impl.history.DefaultHistoryManager  - Current history level: FULL, level required: AUDIT
10:44:57,318 [main] DEBUG org.activiti.engine.impl.history.DefaultHistoryManager  - Current history level: FULL, level required: ACTIVITY
10:44:57,318 [main] DEBUG org.activiti.engine.impl.db.DbSqlSession  -   insert ProcessInstance[1785]
10:44:57,318 [main] DEBUG org.activiti.engine.impl.db.DbSqlSession  -   insert ScopeExecution[1787]
10:44:57,318 [main] DEBUG org.activiti.engine.impl.db.DbSqlSession  -   insert HistoricProcessInstanceEntity[superProcessInstanceId=null]
10:44:57,318 [main] DEBUG org.activiti.engine.impl.db.DbSqlSession  -   insert Task[id=1790, name=First line support]
10:44:57,318 [main] DEBUG org.activiti.engine.impl.db.DbSqlSession  -   insert HistoricTaskInstanceEntity[id=1790, name=First line support]
10:44:57,318 [main] DEBUG org.activiti.engine.impl.db.DbSqlSession  -   insert HistoricActivityInstanceEntity[activityId=theStart, activityName=null]
10:44:57,318 [main] DEBUG org.activiti.engine.impl.db.DbSqlSession  -   insert HistoricActivityInstanceEntity[activityId=firstLineSupport, activityName=First line support]
10:44:57,318 [main] DEBUG org.activiti.engine.impl.db.DbSqlSession  -   insert JobEntity [id=1788]
10:44:57,318 [main] DEBUG org.activiti.engine.impl.db.DbSqlSession  - flush summary: 8 insert, 0 update, 0 delete.
10:44:57,318 [main] DEBUG org.activiti.engine.impl.db.DbSqlSession  - now executing flush...
10:44:57,318 [main] DEBUG org.activiti.engine.impl.db.DbSqlSession  - inserting: HistoricTaskInstanceEntity[id=1790, name=First line support]
10:44:57,318 [main] DEBUG org.activiti.engine.impl.persistence.entity.HistoricTaskInstanceEntity.insertHistoricTaskInstance  - ==&gt;  Preparing: insert into ACT_HI_TASKINST ( ID_, PROC_DEF_ID_, PROC_INST_ID_, EXECUTION_ID_, NAME_, PARENT_TASK_ID_, DESCRIPTION_, OWNER_, ASSIGNEE_, START_TIME_, CLAIM_TIME_, END_TIME_, DURATION_, DELETE_REASON_, TASK_DEF_KEY_, FORM_KEY_, PRIORITY_, DUE_DATE_, CATEGORY_, TENANT_ID_ ) values ( ?, ?, ?, ?, ?, ?, ?, ?, ?, ?, ?, ?, ?, ?, ?, ?, ?, ?, ?, ? ) 
10:44:57,318 [main] DEBUG org.activiti.engine.impl.persistence.entity.HistoricTaskInstanceEntity.insertHistoricTaskInstance  - ==&gt; Parameters: 1790(String), timerOnTask:1:1778(String), 1785(String), 1787(String), First line support(String), null, null, null, null, 2023-03-20 11:44:57.0(Timestamp), null, null, null, null, firstLineSupport(String), null, 50(Integer), null, null, (String)
10:44:57,318 [main] DEBUG org.activiti.engine.impl.persistence.entity.HistoricTaskInstanceEntity.insertHistoricTaskInstance  - &lt;==    Updates: 1
10:44:57,318 [main] DEBUG org.activiti.engine.impl.db.DbSqlSession  - inserting: HistoricProcessInstanceEntity[superProcessInstanceId=null]
10:44:57,318 [main] DEBUG org.activiti.engine.impl.persistence.entity.HistoricProcessInstanceEntity.insertHistoricProcessInstance  - ==&gt;  Preparing: insert into ACT_HI_PROCINST ( ID_, PROC_INST_ID_, BUSINESS_KEY_, PROC_DEF_ID_, START_TIME_, END_TIME_, DURATION_, START_USER_ID_, START_ACT_ID_, END_ACT_ID_, SUPER_PROCESS_INSTANCE_ID_, DELETE_REASON_, TENANT_ID_, NAME_ ) values ( ?, ?, ?, ?, ?, ?, ?, ?, ?, ?, ?, ?, ?, ? ) 
10:44:57,318 [main] DEBUG org.activiti.engine.impl.persistence.entity.HistoricProcessInstanceEntity.insertHistoricProcessInstance  - ==&gt; Parameters: 1785(String), 1785(String), null, timerOnTask:1:1778(String), 2023-03-20 11:44:57.0(Timestamp), null, null, null, theStart(String), null, null, null, (String), null
10:44:57,318 [main] DEBUG org.activiti.engine.impl.persistence.entity.HistoricProcessInstanceEntity.insertHistoricProcessInstance  - &lt;==    Updates: 1
10:44:57,319 [main] DEBUG org.activiti.engine.impl.persistence.entity.HistoricActivityInstanceEntity.bulkInsertHistoricActivityInstance  - ==&gt;  Preparing: insert into ACT_HI_ACTINST ( ID_, PROC_DEF_ID_, PROC_INST_ID_, EXECUTION_ID_, ACT_ID_, TASK_ID_, CALL_PROC_INST_ID_, ACT_NAME_, ACT_TYPE_, ASSIGNEE_, START_TIME_, END_TIME_, DURATION_, TENANT_ID_ ) values (?, ?, ?, ?, ?, ?, ?, ?, ?, ?, ?, ?, ?, ?) , (?, ?, ?, ?, ?, ?, ?, ?, ?, ?, ?, ?, ?, ?) 
10:44:57,319 [main] DEBUG org.activiti.engine.impl.persistence.entity.HistoricActivityInstanceEntity.bulkInsertHistoricActivityInstance  - ==&gt; Parameters: 1786(String), timerOnTask:1:1778(String), 1785(String), 1785(String), theStart(String), null, null, null, startEvent(String), null, 2023-03-20 11:44:57.0(Timestamp), 2023-03-20 11:44:57.0(Timestamp), 0(Long), (String), 1789(String), timerOnTask:1:1778(String), 1785(String), 1787(String), firstLineSupport(String), 1790(String), null, First line support(String), userTask(String), null, 2023-03-20 11:44:57.0(Timestamp), null, null, (String)
10:44:57,319 [main] DEBUG org.activiti.engine.impl.persistence.entity.HistoricActivityInstanceEntity.bulkInsertHistoricActivityInstance  - &lt;==    Updates: 2
10:44:57,319 [main] DEBUG org.activiti.engine.impl.persistence.entity.ExecutionEntity.bulkInsertExecution  - ==&gt;  Preparing: insert into ACT_RU_EXECUTION (ID_, REV_, PROC_INST_ID_, BUSINESS_KEY_, PROC_DEF_ID_, ACT_ID_, IS_ACTIVE_, IS_CONCURRENT_, IS_SCOPE_,IS_EVENT_SCOPE_, PARENT_ID_, SUPER_EXEC_, SUSPENSION_STATE_, CACHED_ENT_STATE_, TENANT_ID_, NAME_) values (?, 1, ?, ?, ?, ?, ?, ?, ?, ?, ?, ?, ?, ?, ?, ?) , (?, 1, ?, ?, ?, ?, ?, ?, ?, ?, ?, ?, ?, ?, ?, ?) 
10:44:57,319 [main] DEBUG org.activiti.engine.impl.persistence.entity.ExecutionEntity.bulkInsertExecution  - ==&gt; Parameters: 1785(String), 1785(String), null, timerOnTask:1:1778(String), null, false(Boolean), false(Boolean), true(Boolean), false(Boolean), null, null, 1(Integer), 2(Integer), (String), null, 1787(String), 1785(String), null, timerOnTask:1:1778(String), firstLineSupport(String), true(Boolean), false(Boolean), true(Boolean), false(Boolean), 1785(String), null, 1(Integer), 6(Integer), (String), null
10:44:57,319 [main] DEBUG org.activiti.engine.impl.persistence.entity.ExecutionEntity.bulkInsertExecution  - &lt;==    Updates: 2
10:44:57,319 [main] DEBUG org.activiti.engine.impl.db.DbSqlSession  - inserting: Task[id=1790, name=First line support]
10:44:57,319 [main] DEBUG org.activiti.engine.impl.persistence.entity.TaskEntity.insertTask  - ==&gt;  Preparing: insert into ACT_RU_TASK (ID_, REV_, NAME_, PARENT_TASK_ID_, DESCRIPTION_, PRIORITY_, CREATE_TIME_, OWNER_, ASSIGNEE_, DELEGATION_, EXECUTION_ID_, PROC_INST_ID_, PROC_DEF_ID_, TASK_DEF_KEY_, DUE_DATE_, CATEGORY_, SUSPENSION_STATE_, TENANT_ID_, FORM_KEY_) values (?, 1, ?, ?, ?, ?, ?, ?, ?, ?, ?, ?, ?, ?, ?, ?, ?, ?, ? ) 
10:44:57,319 [main] DEBUG org.activiti.engine.impl.persistence.entity.TaskEntity.insertTask  - ==&gt; Parameters: 1790(String), First line support(String), null, null, 50(Integer), 2023-03-20 11:44:57.0(Timestamp), null, null, null, 1787(String), 1785(String), timerOnTask:1:1778(String), firstLineSupport(String), null, null, 1(Integer), (String), null
10:44:57,319 [main] DEBUG org.activiti.engine.impl.persistence.entity.TaskEntity.insertTask  - &lt;==    Updates: 1
10:44:57,319 [main] DEBUG org.activiti.engine.impl.db.DbSqlSession  - inserting: JobEntity [id=1788]
10:44:57,319 [main] DEBUG org.activiti.engine.impl.persistence.entity.JobEntity.insertTimer  - ==&gt;  Preparing: insert into ACT_RU_JOB ( ID_, REV_, TYPE_, LOCK_OWNER_, LOCK_EXP_TIME_, EXCLUSIVE_, EXECUTION_ID_, PROCESS_INSTANCE_ID_, PROC_DEF_ID_, RETRIES_, EXCEPTION_STACK_ID_, EXCEPTION_MSG_, DUEDATE_, REPEAT_, HANDLER_TYPE_, HANDLER_CFG_, TENANT_ID_) values (?, 1, &apos;timer&apos;, ?, ?, ?, ?, ?, ?, ?, ?, ?, ?, ?, ?, ?, ? ) 
10:44:57,319 [main] DEBUG org.activiti.engine.impl.persistence.entity.JobEntity.insertTimer  - ==&gt; Parameters: 1788(String), null, null, true(Boolean), 1787(String), 1785(String), timerOnTask:1:1778(String), 3(Integer), null, null, 2023-03-20 12:44:57.0(Timestamp), null, timer-transition(String), {&quot;activityId&quot;:&quot;escalationTimer&quot;}(String), (String)
10:44:57,319 [main] DEBUG org.activiti.engine.impl.persistence.entity.JobEntity.insertTimer  - &lt;==    Updates: 1
10:44:57,319 [main] DEBUG org.activiti.engine.impl.cfg.standalone.StandaloneMybatisTransactionContext  - firing event committing...
10:44:57,319 [main] DEBUG org.activiti.engine.impl.cfg.standalone.StandaloneMybatisTransactionContext  - committing the ibatis sql session...
10:44:57,319 [main] DEBUG org.apache.ibatis.transaction.jdbc.JdbcTransaction  - Committing JDBC Connection [conn2: url=jdbc:h2:mem:activiti user=SA]
10:44:57,319 [main] DEBUG org.activiti.engine.impl.cfg.standalone.StandaloneMybatisTransactionContext  - firing event committed...
10:44:57,319 [main] DEBUG org.apache.ibatis.transaction.jdbc.JdbcTransaction  - Resetting autocommit to true on JDBC Connection [conn2: url=jdbc:h2:mem:activiti user=SA]
10:44:57,319 [main] DEBUG org.apache.ibatis.transaction.jdbc.JdbcTransaction  - Closing JDBC Connection [conn2: url=jdbc:h2:mem:activiti user=SA]
10:44:57,319 [main] DEBUG org.apache.ibatis.datasource.pooled.PooledDataSource  - Returned connection 363509958 to pool.
10:44:57,319 [main] DEBUG org.activiti.engine.impl.interceptor.LogInterceptor  - --- StartProcessInstanceCmd finished --------------------------------------------------------
10:44:57,319 [main] DEBUG org.activiti.engine.impl.interceptor.LogInterceptor  - 

10:44:57,319 [main] DEBUG org.activiti.engine.impl.interceptor.LogInterceptor  - 

10:44:57,319 [main] DEBUG org.activiti.engine.impl.interceptor.LogInterceptor  - --- starting StartProcessInstanceCmd --------------------------------------------------------
10:44:57,319 [main] DEBUG org.apache.ibatis.transaction.jdbc.JdbcTransaction  - Opening JDBC Connection
10:44:57,319 [main] DEBUG org.apache.ibatis.datasource.pooled.PooledDataSource  - Checked out connection 180014677 from pool.
10:44:57,319 [main] DEBUG org.apache.ibatis.transaction.jdbc.JdbcTransaction  - Setting autocommit to false on JDBC Connection [conn3: url=jdbc:h2:mem:activiti user=SA]
10:44:57,319 [main] DEBUG org.activiti.engine.impl.persistence.entity.ProcessDefinitionEntity.selectLatestProcessDefinitionByKey  - ==&gt;  Preparing: select * from ACT_RE_PROCDEF where KEY_ = ? and (TENANT_ID_ = &apos;&apos; or TENANT_ID_ is null) and VERSION_ = (select max(VERSION_) from ACT_RE_PROCDEF where KEY_ = ? and (TENANT_ID_ = &apos;&apos; or TENANT_ID_ is null)) 
10:44:57,319 [main] DEBUG org.activiti.engine.impl.persistence.entity.ProcessDefinitionEntity.selectLatestProcessDefinitionByKey  - ==&gt; Parameters: timerOnTask(String), timerOnTask(String)
10:44:57,319 [main] DEBUG org.activiti.engine.impl.persistence.entity.ProcessDefinitionEntity.selectLatestProcessDefinitionByKey  - &lt;==      Total: 1
10:44:57,319 [main] DEBUG org.activiti.engine.impl.persistence.entity.ExecutionEntity  - initializing ProcessInstance[1791]
10:44:57,319 [main] DEBUG org.activiti.engine.impl.history.DefaultHistoryManager  - Current history level: FULL, level required: ACTIVITY
10:44:57,319 [main] DEBUG org.activiti.engine.impl.pvm.runtime.AtomicOperationActivityExecute  - ProcessInstance[1791] executes Activity(theStart): org.activiti.engine.impl.bpmn.behavior.NoneStartEventActivityBehavior
10:44:57,319 [main] DEBUG org.activiti.engine.impl.persistence.entity.JobEntity.selectJobsByExecutionId  - ==&gt;  Preparing: select * from ACT_RU_JOB J where J.EXECUTION_ID_ = ? 
10:44:57,319 [main] DEBUG org.activiti.engine.impl.persistence.entity.JobEntity.selectJobsByExecutionId  - ==&gt; Parameters: 1791(String)
10:44:57,319 [main] DEBUG org.activiti.engine.impl.persistence.entity.JobEntity.selectJobsByExecutionId  - &lt;==      Total: 0
10:44:57,319 [main] DEBUG org.activiti.engine.impl.bpmn.behavior.BpmnActivityBehavior  - Leaving activity &apos;theStart&apos;
10:44:57,319 [main] DEBUG org.activiti.engine.impl.history.DefaultHistoryManager  - Current history level: FULL, level required: ACTIVITY
10:44:57,319 [main] DEBUG org.activiti.engine.impl.pvm.runtime.AtomicOperationTransitionNotifyListenerTake  - ProcessInstance[1791] takes transition (theStart)--flow1--&gt;(firstLineSupport)
10:44:57,319 [main] DEBUG org.activiti.engine.impl.persistence.entity.ExecutionEntity  - Child execution ScopeExecution[1793] created with parent 
10:44:57,319 [main] DEBUG org.activiti.engine.impl.pvm.runtime.AtomicOperationTransitionCreateScope  - create scope: parent ProcessInstance[1791] continues as execution ScopeExecution[1793]
10:44:57,319 [main] DEBUG org.activiti.engine.impl.persistence.entity.ExecutionEntity  - initializing ScopeExecution[1793]
10:44:57,320 [main] DEBUG org.activiti.engine.impl.persistence.entity.JobEntity.selectJobsByExecutionId  - ==&gt;  Preparing: select * from ACT_RU_JOB J where J.EXECUTION_ID_ = ? 
10:44:57,320 [main] DEBUG org.activiti.engine.impl.persistence.entity.JobEntity.selectJobsByExecutionId  - ==&gt; Parameters: 1793(String)
10:44:57,320 [main] DEBUG org.activiti.engine.impl.persistence.entity.JobEntity.selectJobsByExecutionId  - &lt;==      Total: 0
10:44:57,320 [main] DEBUG org.activiti.engine.impl.history.DefaultHistoryManager  - Current history level: FULL, level required: ACTIVITY
10:44:57,320 [main] DEBUG org.activiti.engine.impl.pvm.runtime.AtomicOperationActivityExecute  - ScopeExecution[1793] executes Activity(firstLineSupport): org.activiti.engine.impl.bpmn.behavior.UserTaskActivityBehavior
10:44:57,320 [main] DEBUG org.activiti.engine.impl.persistence.entity.TaskEntity.selectTasksByExecutionId  - ==&gt;  Preparing: select distinct T.* from ACT_RU_TASK T where T.EXECUTION_ID_ = ? 
10:44:57,320 [main] DEBUG org.activiti.engine.impl.persistence.entity.TaskEntity.selectTasksByExecutionId  - ==&gt; Parameters: 1793(String)
10:44:57,320 [main] DEBUG org.activiti.engine.impl.persistence.entity.TaskEntity.selectTasksByExecutionId  - &lt;==      Total: 0
10:44:57,320 [main] DEBUG org.activiti.engine.impl.history.DefaultHistoryManager  - Current history level: FULL, level required: AUDIT
10:44:57,320 [main] DEBUG org.activiti.engine.impl.history.DefaultHistoryManager  - Current history level: FULL, level required: AUDIT
10:44:57,320 [main] DEBUG org.activiti.engine.impl.interceptor.LogInterceptor  - 

10:44:57,320 [main] DEBUG org.activiti.engine.impl.interceptor.LogInterceptor  - --- starting  --------------------------------------------------------
10:44:57,320 [main] DEBUG org.activiti.engine.impl.interceptor.CommandContextInterceptor  - Valid context found. Reusing it for the current command &apos;null&apos;
10:44:57,320 [main] DEBUG org.activiti.engine.impl.persistence.entity.ProcessDefinitionInfoEntity.selectProcessDefinitionInfoByProcessDefinitionId  - ==&gt;  Preparing: select * from ACT_PROCDEF_INFO where PROC_DEF_ID_ = ? 
10:44:57,320 [main] DEBUG org.activiti.engine.impl.persistence.entity.ProcessDefinitionInfoEntity.selectProcessDefinitionInfoByProcessDefinitionId  - ==&gt; Parameters: timerOnTask:1:1778(String)
10:44:57,320 [main] DEBUG org.activiti.engine.impl.persistence.entity.ProcessDefinitionInfoEntity.selectProcessDefinitionInfoByProcessDefinitionId  - &lt;==      Total: 0
10:44:57,320 [main] DEBUG org.activiti.engine.impl.interceptor.LogInterceptor  - ---  finished --------------------------------------------------------
10:44:57,320 [main] DEBUG org.activiti.engine.impl.interceptor.LogInterceptor  - 

10:44:57,320 [main] DEBUG org.activiti.engine.impl.history.DefaultHistoryManager  - Current history level: FULL, level required: AUDIT
10:44:57,320 [main] DEBUG org.activiti.engine.impl.history.DefaultHistoryManager  - Current history level: FULL, level required: AUDIT
10:44:57,320 [main] DEBUG org.activiti.engine.impl.history.DefaultHistoryManager  - Current history level: FULL, level required: ACTIVITY
10:44:57,320 [main] DEBUG org.activiti.engine.impl.db.DbSqlSession  -   insert ProcessInstance[1791]
10:44:57,320 [main] DEBUG org.activiti.engine.impl.db.DbSqlSession  -   insert ScopeExecution[1793]
10:44:57,320 [main] DEBUG org.activiti.engine.impl.db.DbSqlSession  -   insert HistoricProcessInstanceEntity[superProcessInstanceId=null]
10:44:57,320 [main] DEBUG org.activiti.engine.impl.db.DbSqlSession  -   insert Task[id=1796, name=First line support]
10:44:57,320 [main] DEBUG org.activiti.engine.impl.db.DbSqlSession  -   insert HistoricTaskInstanceEntity[id=1796, name=First line support]
10:44:57,320 [main] DEBUG org.activiti.engine.impl.db.DbSqlSession  -   insert HistoricActivityInstanceEntity[activityId=theStart, activityName=null]
10:44:57,320 [main] DEBUG org.activiti.engine.impl.db.DbSqlSession  -   insert HistoricActivityInstanceEntity[activityId=firstLineSupport, activityName=First line support]
10:44:57,320 [main] DEBUG org.activiti.engine.impl.db.DbSqlSession  -   insert JobEntity [id=1794]
10:44:57,320 [main] DEBUG org.activiti.engine.impl.db.DbSqlSession  - flush summary: 8 insert, 0 update, 0 delete.
10:44:57,320 [main] DEBUG org.activiti.engine.impl.db.DbSqlSession  - now executing flush...
10:44:57,320 [main] DEBUG org.activiti.engine.impl.db.DbSqlSession  - inserting: HistoricTaskInstanceEntity[id=1796, name=First line support]
10:44:57,320 [main] DEBUG org.activiti.engine.impl.persistence.entity.HistoricTaskInstanceEntity.insertHistoricTaskInstance  - ==&gt;  Preparing: insert into ACT_HI_TASKINST ( ID_, PROC_DEF_ID_, PROC_INST_ID_, EXECUTION_ID_, NAME_, PARENT_TASK_ID_, DESCRIPTION_, OWNER_, ASSIGNEE_, START_TIME_, CLAIM_TIME_, END_TIME_, DURATION_, DELETE_REASON_, TASK_DEF_KEY_, FORM_KEY_, PRIORITY_, DUE_DATE_, CATEGORY_, TENANT_ID_ ) values ( ?, ?, ?, ?, ?, ?, ?, ?, ?, ?, ?, ?, ?, ?, ?, ?, ?, ?, ?, ? ) 
10:44:57,320 [main] DEBUG org.activiti.engine.impl.persistence.entity.HistoricTaskInstanceEntity.insertHistoricTaskInstance  - ==&gt; Parameters: 1796(String), timerOnTask:1:1778(String), 1791(String), 1793(String), First line support(String), null, null, null, null, 2023-03-20 12:44:57.0(Timestamp), null, null, null, null, firstLineSupport(String), null, 50(Integer), null, null, (String)
10:44:57,320 [main] DEBUG org.activiti.engine.impl.persistence.entity.HistoricTaskInstanceEntity.insertHistoricTaskInstance  - &lt;==    Updates: 1
10:44:57,320 [main] DEBUG org.activiti.engine.impl.db.DbSqlSession  - inserting: HistoricProcessInstanceEntity[superProcessInstanceId=null]
10:44:57,320 [main] DEBUG org.activiti.engine.impl.persistence.entity.HistoricProcessInstanceEntity.insertHistoricProcessInstance  - ==&gt;  Preparing: insert into ACT_HI_PROCINST ( ID_, PROC_INST_ID_, BUSINESS_KEY_, PROC_DEF_ID_, START_TIME_, END_TIME_, DURATION_, START_USER_ID_, START_ACT_ID_, END_ACT_ID_, SUPER_PROCESS_INSTANCE_ID_, DELETE_REASON_, TENANT_ID_, NAME_ ) values ( ?, ?, ?, ?, ?, ?, ?, ?, ?, ?, ?, ?, ?, ? ) 
10:44:57,320 [main] DEBUG org.activiti.engine.impl.persistence.entity.HistoricProcessInstanceEntity.insertHistoricProcessInstance  - ==&gt; Parameters: 1791(String), 1791(String), null, timerOnTask:1:1778(String), 2023-03-20 12:44:57.0(Timestamp), null, null, null, theStart(String), null, null, null, (String), null
10:44:57,320 [main] DEBUG org.activiti.engine.impl.persistence.entity.HistoricProcessInstanceEntity.insertHistoricProcessInstance  - &lt;==    Updates: 1
10:44:57,320 [main] DEBUG org.activiti.engine.impl.persistence.entity.HistoricActivityInstanceEntity.bulkInsertHistoricActivityInstance  - ==&gt;  Preparing: insert into ACT_HI_ACTINST ( ID_, PROC_DEF_ID_, PROC_INST_ID_, EXECUTION_ID_, ACT_ID_, TASK_ID_, CALL_PROC_INST_ID_, ACT_NAME_, ACT_TYPE_, ASSIGNEE_, START_TIME_, END_TIME_, DURATION_, TENANT_ID_ ) values (?, ?, ?, ?, ?, ?, ?, ?, ?, ?, ?, ?, ?, ?) , (?, ?, ?, ?, ?, ?, ?, ?, ?, ?, ?, ?, ?, ?) 
10:44:57,320 [main] DEBUG org.activiti.engine.impl.persistence.entity.HistoricActivityInstanceEntity.bulkInsertHistoricActivityInstance  - ==&gt; Parameters: 1792(String), timerOnTask:1:1778(String), 1791(String), 1791(String), theStart(String), null, null, null, startEvent(String), null, 2023-03-20 12:44:57.0(Timestamp), 2023-03-20 12:44:57.0(Timestamp), 0(Long), (String), 1795(String), timerOnTask:1:1778(String), 1791(String), 1793(String), firstLineSupport(String), 1796(String), null, First line support(String), userTask(String), null, 2023-03-20 12:44:57.0(Timestamp), null, null, (String)
10:44:57,320 [main] DEBUG org.activiti.engine.impl.persistence.entity.HistoricActivityInstanceEntity.bulkInsertHistoricActivityInstance  - &lt;==    Updates: 2
10:44:57,320 [main] DEBUG org.activiti.engine.impl.persistence.entity.ExecutionEntity.bulkInsertExecution  - ==&gt;  Preparing: insert into ACT_RU_EXECUTION (ID_, REV_, PROC_INST_ID_, BUSINESS_KEY_, PROC_DEF_ID_, ACT_ID_, IS_ACTIVE_, IS_CONCURRENT_, IS_SCOPE_,IS_EVENT_SCOPE_, PARENT_ID_, SUPER_EXEC_, SUSPENSION_STATE_, CACHED_ENT_STATE_, TENANT_ID_, NAME_) values (?, 1, ?, ?, ?, ?, ?, ?, ?, ?, ?, ?, ?, ?, ?, ?) , (?, 1, ?, ?, ?, ?, ?, ?, ?, ?, ?, ?, ?, ?, ?, ?) 
10:44:57,320 [main] DEBUG org.activiti.engine.impl.persistence.entity.ExecutionEntity.bulkInsertExecution  - ==&gt; Parameters: 1791(String), 1791(String), null, timerOnTask:1:1778(String), null, false(Boolean), false(Boolean), true(Boolean), false(Boolean), null, null, 1(Integer), 2(Integer), (String), null, 1793(String), 1791(String), null, timerOnTask:1:1778(String), firstLineSupport(String), true(Boolean), false(Boolean), true(Boolean), false(Boolean), 1791(String), null, 1(Integer), 6(Integer), (String), null
10:44:57,320 [main] DEBUG org.activiti.engine.impl.persistence.entity.ExecutionEntity.bulkInsertExecution  - &lt;==    Updates: 2
10:44:57,320 [main] DEBUG org.activiti.engine.impl.db.DbSqlSession  - inserting: Task[id=1796, name=First line support]
10:44:57,320 [main] DEBUG org.activiti.engine.impl.persistence.entity.TaskEntity.insertTask  - ==&gt;  Preparing: insert into ACT_RU_TASK (ID_, REV_, NAME_, PARENT_TASK_ID_, DESCRIPTION_, PRIORITY_, CREATE_TIME_, OWNER_, ASSIGNEE_, DELEGATION_, EXECUTION_ID_, PROC_INST_ID_, PROC_DEF_ID_, TASK_DEF_KEY_, DUE_DATE_, CATEGORY_, SUSPENSION_STATE_, TENANT_ID_, FORM_KEY_) values (?, 1, ?, ?, ?, ?, ?, ?, ?, ?, ?, ?, ?, ?, ?, ?, ?, ?, ? ) 
10:44:57,320 [main] DEBUG org.activiti.engine.impl.persistence.entity.TaskEntity.insertTask  - ==&gt; Parameters: 1796(String), First line support(String), null, null, 50(Integer), 2023-03-20 12:44:57.0(Timestamp), null, null, null, 1793(String), 1791(String), timerOnTask:1:1778(String), firstLineSupport(String), null, null, 1(Integer), (String), null
10:44:57,320 [main] DEBUG org.activiti.engine.impl.persistence.entity.TaskEntity.insertTask  - &lt;==    Updates: 1
10:44:57,320 [main] DEBUG org.activiti.engine.impl.db.DbSqlSession  - inserting: JobEntity [id=1794]
10:44:57,320 [main] DEBUG org.activiti.engine.impl.persistence.entity.JobEntity.insertTimer  - ==&gt;  Preparing: insert into ACT_RU_JOB ( ID_, REV_, TYPE_, LOCK_OWNER_, LOCK_EXP_TIME_, EXCLUSIVE_, EXECUTION_ID_, PROCESS_INSTANCE_ID_, PROC_DEF_ID_, RETRIES_, EXCEPTION_STACK_ID_, EXCEPTION_MSG_, DUEDATE_, REPEAT_, HANDLER_TYPE_, HANDLER_CFG_, TENANT_ID_) values (?, 1, &apos;timer&apos;, ?, ?, ?, ?, ?, ?, ?, ?, ?, ?, ?, ?, ?, ? ) 
10:44:57,320 [main] DEBUG org.activiti.engine.impl.persistence.entity.JobEntity.insertTimer  - ==&gt; Parameters: 1794(String), null, null, true(Boolean), 1793(String), 1791(String), timerOnTask:1:1778(String), 3(Integer), null, null, 2023-03-20 13:44:57.0(Timestamp), null, timer-transition(String), {&quot;activityId&quot;:&quot;escalationTimer&quot;}(String), (String)
10:44:57,321 [main] DEBUG org.activiti.engine.impl.persistence.entity.JobEntity.insertTimer  - &lt;==    Updates: 1
10:44:57,321 [main] DEBUG org.activiti.engine.impl.cfg.standalone.StandaloneMybatisTransactionContext  - firing event committing...
10:44:57,321 [main] DEBUG org.activiti.engine.impl.cfg.standalone.StandaloneMybatisTransactionContext  - committing the ibatis sql session...
10:44:57,321 [main] DEBUG org.apache.ibatis.transaction.jdbc.JdbcTransaction  - Committing JDBC Connection [conn3: url=jdbc:h2:mem:activiti user=SA]
10:44:57,321 [main] DEBUG org.activiti.engine.impl.cfg.standalone.StandaloneMybatisTransactionContext  - firing event committed...
10:44:57,321 [main] DEBUG org.apache.ibatis.transaction.jdbc.JdbcTransaction  - Resetting autocommit to true on JDBC Connection [conn3: url=jdbc:h2:mem:activiti user=SA]
10:44:57,321 [main] DEBUG org.apache.ibatis.transaction.jdbc.JdbcTransaction  - Closing JDBC Connection [conn3: url=jdbc:h2:mem:activiti user=SA]
10:44:57,321 [main] DEBUG org.apache.ibatis.datasource.pooled.PooledDataSource  - Returned connection 180014677 to pool.
10:44:57,321 [main] DEBUG org.activiti.engine.impl.interceptor.LogInterceptor  - --- StartProcessInstanceCmd finished --------------------------------------------------------
10:44:57,321 [main] DEBUG org.activiti.engine.impl.interceptor.LogInterceptor  - 

10:44:57,321 [main] DEBUG org.activiti.engine.impl.interceptor.LogInterceptor  - 

10:44:57,321 [main] DEBUG org.activiti.engine.impl.interceptor.LogInterceptor  - --- starting  --------------------------------------------------------
10:44:57,321 [main] DEBUG org.activiti.engine.impl.db.DbSqlSession  -   insert JobEntity [id=1797]
10:44:57,321 [main] DEBUG org.activiti.engine.impl.db.DbSqlSession  - flush summary: 1 insert, 0 update, 0 delete.
10:44:57,321 [main] DEBUG org.activiti.engine.impl.db.DbSqlSession  - now executing flush...
10:44:57,321 [main] DEBUG org.activiti.engine.impl.db.DbSqlSession  - inserting: JobEntity [id=1797]
10:44:57,321 [main] DEBUG org.apache.ibatis.transaction.jdbc.JdbcTransaction  - Opening JDBC Connection
10:44:57,321 [main] DEBUG org.apache.ibatis.datasource.pooled.PooledDataSource  - Checked out connection 297240765 from pool.
10:44:57,321 [main] DEBUG org.apache.ibatis.transaction.jdbc.JdbcTransaction  - Setting autocommit to false on JDBC Connection [conn4: url=jdbc:h2:mem:activiti user=SA]
10:44:57,321 [main] DEBUG org.activiti.engine.impl.persistence.entity.JobEntity.insertMessage  - ==&gt;  Preparing: insert into ACT_RU_JOB ( ID_, REV_, TYPE_, LOCK_OWNER_, LOCK_EXP_TIME_, EXCLUSIVE_, EXECUTION_ID_, PROCESS_INSTANCE_ID_, PROC_DEF_ID_, DUEDATE_, RETRIES_, EXCEPTION_STACK_ID_, EXCEPTION_MSG_, HANDLER_TYPE_, HANDLER_CFG_, TENANT_ID_) values (?, 1, &apos;message&apos;, ?, ?, ?, ?, ?, ?, ?, ?, ?, ?, ?, ?, ? ) 
10:44:57,321 [main] DEBUG org.activiti.engine.impl.persistence.entity.JobEntity.insertMessage  - ==&gt; Parameters: 1797(String), null, null, true(Boolean), null, null, null, 2023-03-20 12:49:57.0(Timestamp), 3(Integer), null, null, null, null, (String)
10:44:57,321 [main] DEBUG org.activiti.engine.impl.persistence.entity.JobEntity.insertMessage  - &lt;==    Updates: 1
10:44:57,321 [main] DEBUG org.activiti.engine.impl.cfg.standalone.StandaloneMybatisTransactionContext  - firing event committing...
10:44:57,321 [main] DEBUG org.activiti.engine.impl.cfg.standalone.StandaloneMybatisTransactionContext  - committing the ibatis sql session...
10:44:57,321 [main] DEBUG org.apache.ibatis.transaction.jdbc.JdbcTransaction  - Committing JDBC Connection [conn4: url=jdbc:h2:mem:activiti user=SA]
10:44:57,321 [main] DEBUG org.activiti.engine.impl.cfg.standalone.StandaloneMybatisTransactionContext  - firing event committed...
10:44:57,321 [main] DEBUG org.activiti.engine.impl.jobexecutor.AsyncJobAddedNotification  - notifying job executor of new job
10:44:57,321 [main] DEBUG org.apache.ibatis.transaction.jdbc.JdbcTransaction  - Resetting autocommit to true on JDBC Connection [conn4: url=jdbc:h2:mem:activiti user=SA]
10:44:57,321 [main] DEBUG org.apache.ibatis.transaction.jdbc.JdbcTransaction  - Closing JDBC Connection [conn4: url=jdbc:h2:mem:activiti user=SA]
10:44:57,321 [main] DEBUG org.apache.ibatis.datasource.pooled.PooledDataSource  - Returned connection 297240765 to pool.
10:44:57,321 [main] DEBUG org.activiti.engine.impl.interceptor.LogInterceptor  - ---  finished --------------------------------------------------------
10:44:57,321 [main] DEBUG org.activiti.engine.impl.interceptor.LogInterceptor  - 

10:44:57,321 [main] DEBUG org.activiti.engine.impl.test.PvmTestCase  - 

10:44:57,321 [main] DEBUG org.activiti.engine.impl.test.PvmTestCase  - #### START JobQueryTest.testQueryByExceptionMessageEmpty ###########################################################
10:44:57,321 [main] DEBUG org.activiti.engine.impl.interceptor.LogInterceptor  - 

10:44:57,321 [main] DEBUG org.activiti.engine.impl.interceptor.LogInterceptor  - --- starting JobQueryImpl --------------------------------------------------------
10:44:57,321 [main] DEBUG org.apache.ibatis.transaction.jdbc.JdbcTransaction  - Opening JDBC Connection
10:44:57,321 [main] DEBUG org.apache.ibatis.datasource.pooled.PooledDataSource  - Checked out connection 363509958 from pool.
10:44:57,321 [main] DEBUG org.apache.ibatis.transaction.jdbc.JdbcTransaction  - Setting autocommit to false on JDBC Connection [conn2: url=jdbc:h2:mem:activiti user=SA]
10:44:57,321 [main] DEBUG org.activiti.engine.impl.persistence.entity.JobEntity.selectJobByQueryCriteria  - ==&gt;  Preparing: select RES.* from ACT_RU_JOB RES WHERE RES.EXCEPTION_MSG_ = ? order by order by RES.ID_ asc LIMIT ? OFFSET ? 
10:44:57,321 [main] DEBUG org.activiti.engine.impl.interceptor.CommandContext  - Error while closing command context
org.apache.ibatis.exceptions.PersistenceException: 
### Error querying database.  Cause: org.h2.jdbc.JdbcSQLException: Syntax error in SQL statement &quot;SELECT RES.* 
     
    FROM ACT_RU_JOB RES
     
     WHERE  RES.EXCEPTION_MSG_ = ? 
   
     ORDER BY  ORDER[*] BY RES.ID_ ASC  
    LIMIT ? OFFSET ? &quot;; expected &quot;=, NOT, EXISTS, INTERSECTS, SELECT, FROM&quot;; SQL statement:
select RES.* 
     
    from ACT_RU_JOB RES
     
     WHERE  RES.EXCEPTION_MSG_ = ? 
   
     order by  order by RES.ID_ asc  
    LIMIT ? OFFSET ? [42001-176]
### The error may exist in org/activiti/db/mapping/entity/Job.xml
### The error may involve org.activiti.engine.impl.persistence.entity.JobEntity.selectJobByQueryCriteria
### The error occurred while executing a query
### SQL: select RES.*            from ACT_RU_JOB RES            WHERE  RES.EXCEPTION_MSG_ = ?           order by  order by RES.ID_ asc       LIMIT ? OFFSET ?
### Cause: org.h2.jdbc.JdbcSQLException: Syntax error in SQL statement &quot;SELECT RES.* 
     
    FROM ACT_RU_JOB RES
     
     WHERE  RES.EXCEPTION_MSG_ = ? 
   
     ORDER BY  ORDER[*] BY RES.ID_ ASC  
    LIMIT ? OFFSET ? &quot;; expected &quot;=, NOT, EXISTS, INTERSECTS, SELECT, FROM&quot;; SQL statement:
select RES.* 
     
    from ACT_RU_JOB RES
     
     WHERE  RES.EXCEPTION_MSG_ = ? 
   
     order by  order by RES.ID_ asc  
    LIMIT ? OFFSET ? [42001-176]
	at org.apache.ibatis.exceptions.ExceptionFactory.wrapException(ExceptionFactory.java:30)
	at org.apache.ibatis.session.defaults.DefaultSqlSession.selectList(DefaultSqlSession.java:122)
	at org.apache.ibatis.session.defaults.DefaultSqlSession.selectList(DefaultSqlSession.java:113)
	at org.activiti.engine.impl.db.DbSqlSession.selectListWithRawParameter(DbSqlSession.java:438)
	at org.activiti.engine.impl.db.DbSqlSession.selectList(DbSqlSession.java:429)
	at org.activiti.engine.impl.db.DbSqlSession.selectList(DbSqlSession.java:419)
	at org.activiti.engine.impl.persistence.entity.JobEntityManager.findJobsByQueryCriteria(JobEntityManager.java:198)
	at org.activiti.engine.impl.JobQueryImpl.executeList(JobQueryImpl.java:243)
	at org.activiti.engine.impl.AbstractQuery.execute(AbstractQuery.java:164)
	at org.activiti.engine.impl.interceptor.CommandInvoker.execute(CommandInvoker.java:24)
	at org.activiti.engine.impl.interceptor.CommandContextInterceptor.execute(CommandContextInterceptor.java:57)
	at org.activiti.engine.impl.interceptor.LogInterceptor.execute(LogInterceptor.java:37)
	at org.activiti.engine.impl.cfg.CommandExecutorImpl.execute(CommandExecutorImpl.java:40)
	at org.activiti.engine.impl.cfg.CommandExecutorImpl.execute(CommandExecutorImpl.java:35)
	at org.activiti.engine.impl.AbstractQuery.list(AbstractQuery.java:138)
	at org.activiti.engine.test.api.mgmt.JobQueryTest.verifyQueryResults(JobQueryTest.java:400)
	at org.activiti.engine.test.api.mgmt.JobQueryTest.testQueryByExceptionMessageEmpty(JobQueryTest.java:253)
	at sun.reflect.NativeMethodAccessorImpl.invoke0(Native Method)
	at sun.reflect.NativeMethodAccessorImpl.invoke(NativeMethodAccessorImpl.java:62)
	at sun.reflect.DelegatingMethodAccessorImpl.invoke(DelegatingMethodAccessorImpl.java:43)
	at java.lang.reflect.Method.invoke(Method.java:498)
	at junit.framework.TestCase.runTest(TestCase.java:176)
	at org.activiti.engine.impl.test.PvmTestCase.runTest(PvmTestCase.java:65)
	at junit.framework.TestCase.runBare(TestCase.java:141)
	at org.activiti.engine.impl.test.AbstractActivitiTestCase.runBare(AbstractActivitiTestCase.java:100)
	at junit.framework.TestResult$1.protect(TestResult.java:122)
	at junit.framework.TestResult.runProtected(TestResult.java:142)
	at junit.framework.TestResult.run(TestResult.java:125)
	at junit.framework.TestCase.run(TestCase.java:129)
	at junit.framework.TestSuite.runTest(TestSuite.java:255)
	at junit.framework.TestSuite.run(TestSuite.java:250)
	at org.junit.internal.runners.JUnit38ClassRunner.run(JUnit38ClassRunner.java:84)
	at org.apache.maven.surefire.junit4.JUnit4TestSet.execute(JUnit4TestSet.java:35)
	at org.apache.maven.surefire.junit4.JUnit4Provider.executeTestSet(JUnit4Provider.java:146)
	at org.apache.maven.surefire.junit4.JUnit4Provider.invoke(JUnit4Provider.java:97)
	at sun.reflect.NativeMethodAccessorImpl.invoke0(Native Method)
	at sun.reflect.NativeMethodAccessorImpl.invoke(NativeMethodAccessorImpl.java:62)
	at sun.reflect.DelegatingMethodAccessorImpl.invoke(DelegatingMethodAccessorImpl.java:43)
	at java.lang.reflect.Method.invoke(Method.java:498)
	at org.apache.maven.surefire.booter.ProviderFactory$ClassLoaderProxy.invoke(ProviderFactory.java:103)
	at com.sun.proxy.$Proxy0.invoke(Unknown Source)
	at org.apache.maven.surefire.booter.SurefireStarter.invokeProvider(SurefireStarter.java:145)
	at org.apache.maven.surefire.booter.SurefireStarter.runSuitesInProcess(SurefireStarter.java:87)
	at org.apache.maven.surefire.booter.ForkedBooter.main(ForkedBooter.java:69)
Caused by: org.h2.jdbc.JdbcSQLException: Syntax error in SQL statement &quot;SELECT RES.* 
     
    FROM ACT_RU_JOB RES
     
     WHERE  RES.EXCEPTION_MSG_ = ? 
   
     ORDER BY  ORDER[*] BY RES.ID_ ASC  
    LIMIT ? OFFSET ? &quot;; expected &quot;=, NOT, EXISTS, INTERSECTS, SELECT, FROM&quot;; SQL statement:
select RES.* 
     
    from ACT_RU_JOB RES
     
     WHERE  RES.EXCEPTION_MSG_ = ? 
   
     order by  order by RES.ID_ asc  
    LIMIT ? OFFSET ? [42001-176]
	at org.h2.message.DbException.getJdbcSQLException(DbException.java:344)
	at org.h2.message.DbException.getSyntaxError(DbException.java:204)
	at org.h2.command.Parser.getSyntaxError(Parser.java:524)
	at org.h2.command.Parser.readTerm(Parser.java:2688)
	at org.h2.command.Parser.readFactor(Parser.java:2244)
	at org.h2.command.Parser.readSum(Parser.java:2231)
	at org.h2.command.Parser.readConcat(Parser.java:2201)
	at org.h2.command.Parser.readCondition(Parser.java:2051)
	at org.h2.command.Parser.readAnd(Parser.java:2023)
	at org.h2.command.Parser.readExpression(Parser.java:2015)
	at org.h2.command.Parser.parseEndOfQuery(Parser.java:1726)
	at org.h2.command.Parser.parseSelectUnionExtension(Parser.java:1706)
	at org.h2.command.Parser.parseSelectUnion(Parser.java:1675)
	at org.h2.command.Parser.parseSelect(Parser.java:1662)
	at org.h2.command.Parser.parsePrepared(Parser.java:434)
	at org.h2.command.Parser.parse(Parser.java:306)
	at org.h2.command.Parser.parse(Parser.java:282)
	at org.h2.command.Parser.prepareCommand(Parser.java:243)
	at org.h2.engine.Session.prepareLocal(Session.java:442)
	at org.h2.engine.Session.prepareCommand(Session.java:384)
	at org.h2.jdbc.JdbcConnection.prepareCommand(JdbcConnection.java:1188)
	at org.h2.jdbc.JdbcPreparedStatement.&lt;init&gt;(JdbcPreparedStatement.java:73)
	at org.h2.jdbc.JdbcConnection.prepareStatement(JdbcConnection.java:276)
	at sun.reflect.GeneratedMethodAccessor6.invoke(Unknown Source)
	at sun.reflect.DelegatingMethodAccessorImpl.invoke(DelegatingMethodAccessorImpl.java:43)
	at java.lang.reflect.Method.invoke(Method.java:498)
	at org.apache.ibatis.datasource.pooled.PooledConnection.invoke(PooledConnection.java:245)
	at com.sun.proxy.$Proxy12.prepareStatement(Unknown Source)
	at sun.reflect.GeneratedMethodAccessor6.invoke(Unknown Source)
	at sun.reflect.DelegatingMethodAccessorImpl.invoke(DelegatingMethodAccessorImpl.java:43)
	at java.lang.reflect.Method.invoke(Method.java:498)
	at org.apache.ibatis.logging.jdbc.ConnectionLogger.invoke(ConnectionLogger.java:55)
	at com.sun.proxy.$Proxy12.prepareStatement(Unknown Source)
	at org.apache.ibatis.executor.statement.PreparedStatementHandler.instantiateStatement(PreparedStatementHandler.java:79)
	at org.apache.ibatis.executor.statement.BaseStatementHandler.prepare(BaseStatementHandler.java:88)
	at org.apache.ibatis.executor.statement.RoutingStatementHandler.prepare(RoutingStatementHandler.java:58)
	at org.apache.ibatis.executor.SimpleExecutor.prepareStatement(SimpleExecutor.java:76)
	at org.apache.ibatis.executor.SimpleExecutor.doQuery(SimpleExecutor.java:61)
	at org.apache.ibatis.executor.BaseExecutor.queryFromDatabase(BaseExecutor.java:303)
	at org.apache.ibatis.executor.BaseExecutor.query(BaseExecutor.java:154)
	at org.apache.ibatis.executor.CachingExecutor.query(CachingExecutor.java:102)
	at org.apache.ibatis.executor.CachingExecutor.query(CachingExecutor.java:82)
	at org.apache.ibatis.session.defaults.DefaultSqlSession.selectList(DefaultSqlSession.java:120)
	... 42 more
10:44:57,321 [main] DEBUG org.activiti.engine.impl.cfg.standalone.StandaloneMybatisTransactionContext  - firing event rolling back...
10:44:57,321 [main] DEBUG org.activiti.engine.impl.cfg.standalone.StandaloneMybatisTransactionContext  - rolling back ibatis sql session...
10:44:57,321 [main] DEBUG org.activiti.engine.impl.cfg.standalone.StandaloneMybatisTransactionContext  - firing event rolled back...
10:44:57,321 [main] DEBUG org.apache.ibatis.transaction.jdbc.JdbcTransaction  - Resetting autocommit to true on JDBC Connection [conn2: url=jdbc:h2:mem:activiti user=SA]
10:44:57,321 [main] DEBUG org.apache.ibatis.transaction.jdbc.JdbcTransaction  - Closing JDBC Connection [conn2: url=jdbc:h2:mem:activiti user=SA]
10:44:57,321 [main] DEBUG org.apache.ibatis.datasource.pooled.PooledDataSource  - Returned connection 363509958 to pool.
10:44:57,321 [main] DEBUG org.activiti.engine.impl.interceptor.LogInterceptor  - --- JobQueryImpl finished --------------------------------------------------------
10:44:57,321 [main] DEBUG org.activiti.engine.impl.interceptor.LogInterceptor  - 

10:44:57,321 [main] ERROR org.activiti.engine.impl.test.PvmTestCase  - 

10:44:57,321 [main] ERROR org.activiti.engine.impl.test.PvmTestCase  - EXCEPTION: org.apache.ibatis.exceptions.PersistenceException: 
### Error querying database.  Cause: org.h2.jdbc.JdbcSQLException: Syntax error in SQL statement &quot;SELECT RES.* 
     
    FROM ACT_RU_JOB RES
     
     WHERE  RES.EXCEPTION_MSG_ = ? 
   
     ORDER BY  ORDER[*] BY RES.ID_ ASC  
    LIMIT ? OFFSET ? &quot;; expected &quot;=, NOT, EXISTS, INTERSECTS, SELECT, FROM&quot;; SQL statement:
select RES.* 
     
    from ACT_RU_JOB RES
     
     WHERE  RES.EXCEPTION_MSG_ = ? 
   
     order by  order by RES.ID_ asc  
    LIMIT ? OFFSET ? [42001-176]
### The error may exist in org/activiti/db/mapping/entity/Job.xml
### The error may involve org.activiti.engine.impl.persistence.entity.JobEntity.selectJobByQueryCriteria
### The error occurred while executing a query
### SQL: select RES.*            from ACT_RU_JOB RES            WHERE  RES.EXCEPTION_MSG_ = ?           order by  order by RES.ID_ asc       LIMIT ? OFFSET ?
### Cause: org.h2.jdbc.JdbcSQLException: Syntax error in SQL statement &quot;SELECT RES.* 
     
    FROM ACT_RU_JOB RES
     
     WHERE  RES.EXCEPTION_MSG_ = ? 
   
     ORDER BY  ORDER[*] BY RES.ID_ ASC  
    LIMIT ? OFFSET ? &quot;; expected &quot;=, NOT, EXISTS, INTERSECTS, SELECT, FROM&quot;; SQL statement:
select RES.* 
     
    from ACT_RU_JOB RES
     
     WHERE  RES.EXCEPTION_MSG_ = ? 
   
     order by  order by RES.ID_ asc  
    LIMIT ? OFFSET ? [42001-176]
org.apache.ibatis.exceptions.PersistenceException: 
### Error querying database.  Cause: org.h2.jdbc.JdbcSQLException: Syntax error in SQL statement &quot;SELECT RES.* 
     
    FROM ACT_RU_JOB RES
     
     WHERE  RES.EXCEPTION_MSG_ = ? 
   
     ORDER BY  ORDER[*] BY RES.ID_ ASC  
    LIMIT ? OFFSET ? &quot;; expected &quot;=, NOT, EXISTS, INTERSECTS, SELECT, FROM&quot;; SQL statement:
select RES.* 
     
    from ACT_RU_JOB RES
     
     WHERE  RES.EXCEPTION_MSG_ = ? 
   
     order by  order by RES.ID_ asc  
    LIMIT ? OFFSET ? [42001-176]
### The error may exist in org/activiti/db/mapping/entity/Job.xml
### The error may involve org.activiti.engine.impl.persistence.entity.JobEntity.selectJobByQueryCriteria
### The error occurred while executing a query
### SQL: select RES.*            from ACT_RU_JOB RES            WHERE  RES.EXCEPTION_MSG_ = ?           order by  order by RES.ID_ asc       LIMIT ? OFFSET ?
### Cause: org.h2.jdbc.JdbcSQLException: Syntax error in SQL statement &quot;SELECT RES.* 
     
    FROM ACT_RU_JOB RES
     
     WHERE  RES.EXCEPTION_MSG_ = ? 
   
     ORDER BY  ORDER[*] BY RES.ID_ ASC  
    LIMIT ? OFFSET ? &quot;; expected &quot;=, NOT, EXISTS, INTERSECTS, SELECT, FROM&quot;; SQL statement:
select RES.* 
     
    from ACT_RU_JOB RES
     
     WHERE  RES.EXCEPTION_MSG_ = ? 
   
     order by  order by RES.ID_ asc  
    LIMIT ? OFFSET ? [42001-176]
	at org.apache.ibatis.exceptions.ExceptionFactory.wrapException(ExceptionFactory.java:30)
	at org.apache.ibatis.session.defaults.DefaultSqlSession.selectList(DefaultSqlSession.java:122)
	at org.apache.ibatis.session.defaults.DefaultSqlSession.selectList(DefaultSqlSession.java:113)
	at org.activiti.engine.impl.db.DbSqlSession.selectListWithRawParameter(DbSqlSession.java:438)
	at org.activiti.engine.impl.db.DbSqlSession.selectList(DbSqlSession.java:429)
	at org.activiti.engine.impl.db.DbSqlSession.selectList(DbSqlSession.java:419)
	at org.activiti.engine.impl.persistence.entity.JobEntityManager.findJobsByQueryCriteria(JobEntityManager.java:198)
	at org.activiti.engine.impl.JobQueryImpl.executeList(JobQueryImpl.java:243)
	at org.activiti.engine.impl.AbstractQuery.execute(AbstractQuery.java:164)
	at org.activiti.engine.impl.interceptor.CommandInvoker.execute(CommandInvoker.java:24)
	at org.activiti.engine.impl.interceptor.CommandContextInterceptor.execute(CommandContextInterceptor.java:57)
	at org.activiti.engine.impl.interceptor.LogInterceptor.execute(LogInterceptor.java:37)
	at org.activiti.engine.impl.cfg.CommandExecutorImpl.execute(CommandExecutorImpl.java:40)
	at org.activiti.engine.impl.cfg.CommandExecutorImpl.execute(CommandExecutorImpl.java:35)
	at org.activiti.engine.impl.AbstractQuery.list(AbstractQuery.java:138)
	at org.activiti.engine.test.api.mgmt.JobQueryTest.verifyQueryResults(JobQueryTest.java:400)
	at org.activiti.engine.test.api.mgmt.JobQueryTest.testQueryByExceptionMessageEmpty(JobQueryTest.java:253)
	at sun.reflect.NativeMethodAccessorImpl.invoke0(Native Method)
	at sun.reflect.NativeMethodAccessorImpl.invoke(NativeMethodAccessorImpl.java:62)
	at sun.reflect.DelegatingMethodAccessorImpl.invoke(DelegatingMethodAccessorImpl.java:43)
	at java.lang.reflect.Method.invoke(Method.java:498)
	at junit.framework.TestCase.runTest(TestCase.java:176)
	at org.activiti.engine.impl.test.PvmTestCase.runTest(PvmTestCase.java:65)
	at junit.framework.TestCase.runBare(TestCase.java:141)
	at org.activiti.engine.impl.test.AbstractActivitiTestCase.runBare(AbstractActivitiTestCase.java:100)
	at junit.framework.TestResult$1.protect(TestResult.java:122)
	at junit.framework.TestResult.runProtected(TestResult.java:142)
	at junit.framework.TestResult.run(TestResult.java:125)
	at junit.framework.TestCase.run(TestCase.java:129)
	at junit.framework.TestSuite.runTest(TestSuite.java:255)
	at junit.framework.TestSuite.run(TestSuite.java:250)
	at org.junit.internal.runners.JUnit38ClassRunner.run(JUnit38ClassRunner.java:84)
	at org.apache.maven.surefire.junit4.JUnit4TestSet.execute(JUnit4TestSet.java:35)
	at org.apache.maven.surefire.junit4.JUnit4Provider.executeTestSet(JUnit4Provider.java:146)
	at org.apache.maven.surefire.junit4.JUnit4Provider.invoke(JUnit4Provider.java:97)
	at sun.reflect.NativeMethodAccessorImpl.invoke0(Native Method)
	at sun.reflect.NativeMethodAccessorImpl.invoke(NativeMethodAccessorImpl.java:62)
	at sun.reflect.DelegatingMethodAccessorImpl.invoke(DelegatingMethodAccessorImpl.java:43)
	at java.lang.reflect.Method.invoke(Method.java:498)
	at org.apache.maven.surefire.booter.ProviderFactory$ClassLoaderProxy.invoke(ProviderFactory.java:103)
	at com.sun.proxy.$Proxy0.invoke(Unknown Source)
	at org.apache.maven.surefire.booter.SurefireStarter.invokeProvider(SurefireStarter.java:145)
	at org.apache.maven.surefire.booter.SurefireStarter.runSuitesInProcess(SurefireStarter.java:87)
	at org.apache.maven.surefire.booter.ForkedBooter.main(ForkedBooter.java:69)
Caused by: org.h2.jdbc.JdbcSQLException: Syntax error in SQL statement &quot;SELECT RES.* 
     
    FROM ACT_RU_JOB RES
     
     WHERE  RES.EXCEPTION_MSG_ = ? 
   
     ORDER BY  ORDER[*] BY RES.ID_ ASC  
    LIMIT ? OFFSET ? &quot;; expected &quot;=, NOT, EXISTS, INTERSECTS, SELECT, FROM&quot;; SQL statement:
select RES.* 
     
    from ACT_RU_JOB RES
     
     WHERE  RES.EXCEPTION_MSG_ = ? 
   
     order by  order by RES.ID_ asc  
    LIMIT ? OFFSET ? [42001-176]
	at org.h2.message.DbException.getJdbcSQLException(DbException.java:344)
	at org.h2.message.DbException.getSyntaxError(DbException.java:204)
	at org.h2.command.Parser.getSyntaxError(Parser.java:524)
	at org.h2.command.Parser.readTerm(Parser.java:2688)
	at org.h2.command.Parser.readFactor(Parser.java:2244)
	at org.h2.command.Parser.readSum(Parser.java:2231)
	at org.h2.command.Parser.readConcat(Parser.java:2201)
	at org.h2.command.Parser.readCondition(Parser.java:2051)
	at org.h2.command.Parser.readAnd(Parser.java:2023)
	at org.h2.command.Parser.readExpression(Parser.java:2015)
	at org.h2.command.Parser.parseEndOfQuery(Parser.java:1726)
	at org.h2.command.Parser.parseSelectUnionExtension(Parser.java:1706)
	at org.h2.command.Parser.parseSelectUnion(Parser.java:1675)
	at org.h2.command.Parser.parseSelect(Parser.java:1662)
	at org.h2.command.Parser.parsePrepared(Parser.java:434)
	at org.h2.command.Parser.parse(Parser.java:306)
	at org.h2.command.Parser.parse(Parser.java:282)
	at org.h2.command.Parser.prepareCommand(Parser.java:243)
	at org.h2.engine.Session.prepareLocal(Session.java:442)
	at org.h2.engine.Session.prepareCommand(Session.java:384)
	at org.h2.jdbc.JdbcConnection.prepareCommand(JdbcConnection.java:1188)
	at org.h2.jdbc.JdbcPreparedStatement.&lt;init&gt;(JdbcPreparedStatement.java:73)
	at org.h2.jdbc.JdbcConnection.prepareStatement(JdbcConnection.java:276)
	at sun.reflect.GeneratedMethodAccessor6.invoke(Unknown Source)
	at sun.reflect.DelegatingMethodAccessorImpl.invoke(DelegatingMethodAccessorImpl.java:43)
	at java.lang.reflect.Method.invoke(Method.java:498)
	at org.apache.ibatis.datasource.pooled.PooledConnection.invoke(PooledConnection.java:245)
	at com.sun.proxy.$Proxy12.prepareStatement(Unknown Source)
	at sun.reflect.GeneratedMethodAccessor6.invoke(Unknown Source)
	at sun.reflect.DelegatingMethodAccessorImpl.invoke(DelegatingMethodAccessorImpl.java:43)
	at java.lang.reflect.Method.invoke(Method.java:498)
	at org.apache.ibatis.logging.jdbc.ConnectionLogger.invoke(ConnectionLogger.java:55)
	at com.sun.proxy.$Proxy12.prepareStatement(Unknown Source)
	at org.apache.ibatis.executor.statement.PreparedStatementHandler.instantiateStatement(PreparedStatementHandler.java:79)
	at org.apache.ibatis.executor.statement.BaseStatementHandler.prepare(BaseStatementHandler.java:88)
	at org.apache.ibatis.executor.statement.RoutingStatementHandler.prepare(RoutingStatementHandler.java:58)
	at org.apache.ibatis.executor.SimpleExecutor.prepareStatement(SimpleExecutor.java:76)
	at org.apache.ibatis.executor.SimpleExecutor.doQuery(SimpleExecutor.java:61)
	at org.apache.ibatis.executor.BaseExecutor.queryFromDatabase(BaseExecutor.java:303)
	at org.apache.ibatis.executor.BaseExecutor.query(BaseExecutor.java:154)
	at org.apache.ibatis.executor.CachingExecutor.query(CachingExecutor.java:102)
	at org.apache.ibatis.executor.CachingExecutor.query(CachingExecutor.java:82)
	at org.apache.ibatis.session.defaults.DefaultSqlSession.selectList(DefaultSqlSession.java:120)
	... 42 more
10:44:57,321 [main] DEBUG org.activiti.engine.impl.test.PvmTestCase  - #### END JobQueryTest.testQueryByExceptionMessageEmpty #############################################################
10:44:57,321 [main] DEBUG org.activiti.engine.impl.interceptor.LogInterceptor  - 

10:44:57,321 [main] DEBUG org.activiti.engine.impl.interceptor.LogInterceptor  - --- starting DeleteDeploymentCmd --------------------------------------------------------
10:44:57,321 [main] DEBUG org.apache.ibatis.transaction.jdbc.JdbcTransaction  - Opening JDBC Connection
10:44:57,321 [main] DEBUG org.apache.ibatis.datasource.pooled.PooledDataSource  - Checked out connection 180014677 from pool.
10:44:57,321 [main] DEBUG org.apache.ibatis.transaction.jdbc.JdbcTransaction  - Setting autocommit to false on JDBC Connection [conn3: url=jdbc:h2:mem:activiti user=SA]
10:44:57,321 [main] DEBUG org.activiti.engine.impl.persistence.entity.DeploymentEntity.selectDeploymentById  - ==&gt;  Preparing: select * from ACT_RE_DEPLOYMENT where ID_ = ? 
10:44:57,321 [main] DEBUG org.activiti.engine.impl.persistence.entity.DeploymentEntity.selectDeploymentById  - ==&gt; Parameters: 1776(String)
10:44:57,322 [main] DEBUG org.activiti.engine.impl.persistence.entity.DeploymentEntity.selectDeploymentById  - &lt;==      Total: 1
10:44:57,322 [main] DEBUG org.activiti.engine.impl.persistence.entity.ProcessDefinitionEntity.selectProcessDefinitionsByQueryCriteria  - ==&gt;  Preparing: select RES.* from ACT_RE_PROCDEF RES WHERE RES.DEPLOYMENT_ID_ = ? order by order by RES.ID_ asc LIMIT ? OFFSET ? 
10:44:57,322 [main] DEBUG org.activiti.engine.impl.interceptor.CommandContext  - Error while closing command context
org.apache.ibatis.exceptions.PersistenceException: 
### Error querying database.  Cause: org.h2.jdbc.JdbcSQLException: Syntax error in SQL statement &quot;SELECT RES.* 
       
    FROM ACT_RE_PROCDEF RES
     
     WHERE  RES.DEPLOYMENT_ID_ = ? 
   
     ORDER BY  ORDER[*] BY RES.ID_ ASC  
    LIMIT ? OFFSET ? &quot;; expected &quot;=, NOT, EXISTS, INTERSECTS, SELECT, FROM&quot;; SQL statement:
select RES.* 
       
    from ACT_RE_PROCDEF RES
     
     WHERE  RES.DEPLOYMENT_ID_ = ? 
   
     order by  order by RES.ID_ asc  
    LIMIT ? OFFSET ? [42001-176]
### The error may exist in org/activiti/db/mapping/entity/ProcessDefinition.xml
### The error may involve org.activiti.engine.impl.persistence.entity.ProcessDefinitionEntity.selectProcessDefinitionsByQueryCriteria
### The error occurred while executing a query
### SQL: select RES.*              from ACT_RE_PROCDEF RES            WHERE  RES.DEPLOYMENT_ID_ = ?           order by  order by RES.ID_ asc       LIMIT ? OFFSET ?
### Cause: org.h2.jdbc.JdbcSQLException: Syntax error in SQL statement &quot;SELECT RES.* 
       
    FROM ACT_RE_PROCDEF RES
     
     WHERE  RES.DEPLOYMENT_ID_ = ? 
   
     ORDER BY  ORDER[*] BY RES.ID_ ASC  
    LIMIT ? OFFSET ? &quot;; expected &quot;=, NOT, EXISTS, INTERSECTS, SELECT, FROM&quot;; SQL statement:
select RES.* 
       
    from ACT_RE_PROCDEF RES
     
     WHERE  RES.DEPLOYMENT_ID_ = ? 
   
     order by  order by RES.ID_ asc  
    LIMIT ? OFFSET ? [42001-176]
	at org.apache.ibatis.exceptions.ExceptionFactory.wrapException(ExceptionFactory.java:30)
	at org.apache.ibatis.session.defaults.DefaultSqlSession.selectList(DefaultSqlSession.java:122)
	at org.apache.ibatis.session.defaults.DefaultSqlSession.selectList(DefaultSqlSession.java:113)
	at org.activiti.engine.impl.db.DbSqlSession.selectListWithRawParameter(DbSqlSession.java:438)
	at org.activiti.engine.impl.db.DbSqlSession.selectList(DbSqlSession.java:429)
	at org.activiti.engine.impl.db.DbSqlSession.selectList(DbSqlSession.java:419)
	at org.activiti.engine.impl.persistence.entity.ProcessDefinitionEntityManager.findProcessDefinitionsByQueryCriteria(ProcessDefinitionEntityManager.java:57)
	at org.activiti.engine.impl.ProcessDefinitionQueryImpl.executeList(ProcessDefinitionQueryImpl.java:307)
	at org.activiti.engine.impl.AbstractQuery.list(AbstractQuery.java:140)
	at org.activiti.engine.impl.persistence.deploy.DeploymentManager.removeDeployment(DeploymentManager.java:187)
	at org.activiti.engine.impl.cmd.DeleteDeploymentCmd.execute(DeleteDeploymentCmd.java:44)
	at org.activiti.engine.impl.cmd.DeleteDeploymentCmd.execute(DeleteDeploymentCmd.java:24)
	at org.activiti.engine.impl.interceptor.CommandInvoker.execute(CommandInvoker.java:24)
	at org.activiti.engine.impl.interceptor.CommandContextInterceptor.execute(CommandContextInterceptor.java:57)
	at org.activiti.engine.impl.interceptor.LogInterceptor.execute(LogInterceptor.java:37)
	at org.activiti.engine.impl.cfg.CommandExecutorImpl.execute(CommandExecutorImpl.java:40)
	at org.activiti.engine.impl.cfg.CommandExecutorImpl.execute(CommandExecutorImpl.java:35)
	at org.activiti.engine.impl.RepositoryServiceImpl.deleteDeployment(RepositoryServiceImpl.java:90)
	at org.activiti.engine.test.api.mgmt.JobQueryTest.tearDown(JobQueryTest.java:116)
	at junit.framework.TestCase.runBare(TestCase.java:146)
	at org.activiti.engine.impl.test.AbstractActivitiTestCase.runBare(AbstractActivitiTestCase.java:100)
	at junit.framework.TestResult$1.protect(TestResult.java:122)
	at junit.framework.TestResult.runProtected(TestResult.java:142)
	at junit.framework.TestResult.run(TestResult.java:125)
	at junit.framework.TestCase.run(TestCase.java:129)
	at junit.framework.TestSuite.runTest(TestSuite.java:255)
	at junit.framework.TestSuite.run(TestSuite.java:250)
	at org.junit.internal.runners.JUnit38ClassRunner.run(JUnit38ClassRunner.java:84)
	at org.apache.maven.surefire.junit4.JUnit4TestSet.execute(JUnit4TestSet.java:35)
	at org.apache.maven.surefire.junit4.JUnit4Provider.executeTestSet(JUnit4Provider.java:146)
	at org.apache.maven.surefire.junit4.JUnit4Provider.invoke(JUnit4Provider.java:97)
	at sun.reflect.NativeMethodAccessorImpl.invoke0(Native Method)
	at sun.reflect.NativeMethodAccessorImpl.invoke(NativeMethodAccessorImpl.java:62)
	at sun.reflect.DelegatingMethodAccessorImpl.invoke(DelegatingMethodAccessorImpl.java:43)
	at java.lang.reflect.Method.invoke(Method.java:498)
	at org.apache.maven.surefire.booter.ProviderFactory$ClassLoaderProxy.invoke(ProviderFactory.java:103)
	at com.sun.proxy.$Proxy0.invoke(Unknown Source)
	at org.apache.maven.surefire.booter.SurefireStarter.invokeProvider(SurefireStarter.java:145)
	at org.apache.maven.surefire.booter.SurefireStarter.runSuitesInProcess(SurefireStarter.java:87)
	at org.apache.maven.surefire.booter.ForkedBooter.main(ForkedBooter.java:69)
Caused by: org.h2.jdbc.JdbcSQLException: Syntax error in SQL statement &quot;SELECT RES.* 
       
    FROM ACT_RE_PROCDEF RES
     
     WHERE  RES.DEPLOYMENT_ID_ = ? 
   
     ORDER BY  ORDER[*] BY RES.ID_ ASC  
    LIMIT ? OFFSET ? &quot;; expected &quot;=, NOT, EXISTS, INTERSECTS, SELECT, FROM&quot;; SQL statement:
select RES.* 
       
    from ACT_RE_PROCDEF RES
     
     WHERE  RES.DEPLOYMENT_ID_ = ? 
   
     order by  order by RES.ID_ asc  
    LIMIT ? OFFSET ? [42001-176]
	at org.h2.message.DbException.getJdbcSQLException(DbException.java:344)
	at org.h2.message.DbException.getSyntaxError(DbException.java:204)
	at org.h2.command.Parser.getSyntaxError(Parser.java:524)
	at org.h2.command.Parser.readTerm(Parser.java:2688)
	at org.h2.command.Parser.readFactor(Parser.java:2244)
	at org.h2.command.Parser.readSum(Parser.java:2231)
	at org.h2.command.Parser.readConcat(Parser.java:2201)
	at org.h2.command.Parser.readCondition(Parser.java:2051)
	at org.h2.command.Parser.readAnd(Parser.java:2023)
	at org.h2.command.Parser.readExpression(Parser.java:2015)
	at org.h2.command.Parser.parseEndOfQuery(Parser.java:1726)
	at org.h2.command.Parser.parseSelectUnionExtension(Parser.java:1706)
	at org.h2.command.Parser.parseSelectUnion(Parser.java:1675)
	at org.h2.command.Parser.parseSelect(Parser.java:1662)
	at org.h2.command.Parser.parsePrepared(Parser.java:434)
	at org.h2.command.Parser.parse(Parser.java:306)
	at org.h2.command.Parser.parse(Parser.java:282)
	at org.h2.command.Parser.prepareCommand(Parser.java:243)
	at org.h2.engine.Session.prepareLocal(Session.java:442)
	at org.h2.engine.Session.prepareCommand(Session.java:384)
	at org.h2.jdbc.JdbcConnection.prepareCommand(JdbcConnection.java:1188)
	at org.h2.jdbc.JdbcPreparedStatement.&lt;init&gt;(JdbcPreparedStatement.java:73)
	at org.h2.jdbc.JdbcConnection.prepareStatement(JdbcConnection.java:276)
	at sun.reflect.GeneratedMethodAccessor6.invoke(Unknown Source)
	at sun.reflect.DelegatingMethodAccessorImpl.invoke(DelegatingMethodAccessorImpl.java:43)
	at java.lang.reflect.Method.invoke(Method.java:498)
	at org.apache.ibatis.datasource.pooled.PooledConnection.invoke(PooledConnection.java:245)
	at com.sun.proxy.$Proxy12.prepareStatement(Unknown Source)
	at sun.reflect.GeneratedMethodAccessor6.invoke(Unknown Source)
	at sun.reflect.DelegatingMethodAccessorImpl.invoke(DelegatingMethodAccessorImpl.java:43)
	at java.lang.reflect.Method.invoke(Method.java:498)
	at org.apache.ibatis.logging.jdbc.ConnectionLogger.invoke(ConnectionLogger.java:55)
	at com.sun.proxy.$Proxy12.prepareStatement(Unknown Source)
	at org.apache.ibatis.executor.statement.PreparedStatementHandler.instantiateStatement(PreparedStatementHandler.java:79)
	at org.apache.ibatis.executor.statement.BaseStatementHandler.prepare(BaseStatementHandler.java:88)
	at org.apache.ibatis.executor.statement.RoutingStatementHandler.prepare(RoutingStatementHandler.java:58)
	at org.apache.ibatis.executor.SimpleExecutor.prepareStatement(SimpleExecutor.java:76)
	at org.apache.ibatis.executor.SimpleExecutor.doQuery(SimpleExecutor.java:61)
	at org.apache.ibatis.executor.BaseExecutor.queryFromDatabase(BaseExecutor.java:303)
	at org.apache.ibatis.executor.BaseExecutor.query(BaseExecutor.java:154)
	at org.apache.ibatis.executor.CachingExecutor.query(CachingExecutor.java:102)
	at org.apache.ibatis.executor.CachingExecutor.query(CachingExecutor.java:82)
	at org.apache.ibatis.session.defaults.DefaultSqlSession.selectList(DefaultSqlSession.java:120)
	... 38 more
10:44:57,322 [main] DEBUG org.activiti.engine.impl.cfg.standalone.StandaloneMybatisTransactionContext  - firing event rolling back...
10:44:57,322 [main] DEBUG org.activiti.engine.impl.cfg.standalone.StandaloneMybatisTransactionContext  - rolling back ibatis sql session...
10:44:57,322 [main] DEBUG org.activiti.engine.impl.cfg.standalone.StandaloneMybatisTransactionContext  - firing event rolled back...
10:44:57,322 [main] DEBUG org.apache.ibatis.transaction.jdbc.JdbcTransaction  - Resetting autocommit to true on JDBC Connection [conn3: url=jdbc:h2:mem:activiti user=SA]
10:44:57,322 [main] DEBUG org.apache.ibatis.transaction.jdbc.JdbcTransaction  - Closing JDBC Connection [conn3: url=jdbc:h2:mem:activiti user=SA]
10:44:57,322 [main] DEBUG org.apache.ibatis.datasource.pooled.PooledDataSource  - Returned connection 180014677 to pool.
10:44:57,322 [main] DEBUG org.activiti.engine.impl.interceptor.LogInterceptor  - --- DeleteDeploymentCmd finished --------------------------------------------------------
10:44:57,322 [main] DEBUG org.activiti.engine.impl.interceptor.LogInterceptor  - 

10:44:57,322 [main] ERROR org.activiti.engine.impl.test.PvmTestCase  - 

10:44:57,322 [main] ERROR org.activiti.engine.impl.test.PvmTestCase  - EXCEPTION: org.apache.ibatis.exceptions.PersistenceException: 
### Error querying database.  Cause: org.h2.jdbc.JdbcSQLException: Syntax error in SQL statement &quot;SELECT RES.* 
     
    FROM ACT_RU_JOB RES
     
     WHERE  RES.EXCEPTION_MSG_ = ? 
   
     ORDER BY  ORDER[*] BY RES.ID_ ASC  
    LIMIT ? OFFSET ? &quot;; expected &quot;=, NOT, EXISTS, INTERSECTS, SELECT, FROM&quot;; SQL statement:
select RES.* 
     
    from ACT_RU_JOB RES
     
     WHERE  RES.EXCEPTION_MSG_ = ? 
   
     order by  order by RES.ID_ asc  
    LIMIT ? OFFSET ? [42001-176]
### The error may exist in org/activiti/db/mapping/entity/Job.xml
### The error may involve org.activiti.engine.impl.persistence.entity.JobEntity.selectJobByQueryCriteria
### The error occurred while executing a query
### SQL: select RES.*            from ACT_RU_JOB RES            WHERE  RES.EXCEPTION_MSG_ = ?           order by  order by RES.ID_ asc       LIMIT ? OFFSET ?
### Cause: org.h2.jdbc.JdbcSQLException: Syntax error in SQL statement &quot;SELECT RES.* 
     
    FROM ACT_RU_JOB RES
     
     WHERE  RES.EXCEPTION_MSG_ = ? 
   
     ORDER BY  ORDER[*] BY RES.ID_ ASC  
    LIMIT ? OFFSET ? &quot;; expected &quot;=, NOT, EXISTS, INTERSECTS, SELECT, FROM&quot;; SQL statement:
select RES.* 
     
    from ACT_RU_JOB RES
     
     WHERE  RES.EXCEPTION_MSG_ = ? 
   
     order by  order by RES.ID_ asc  
    LIMIT ? OFFSET ? [42001-176]
org.apache.ibatis.exceptions.PersistenceException: 
### Error querying database.  Cause: org.h2.jdbc.JdbcSQLException: Syntax error in SQL statement &quot;SELECT RES.* 
     
    FROM ACT_RU_JOB RES
     
     WHERE  RES.EXCEPTION_MSG_ = ? 
   
     ORDER BY  ORDER[*] BY RES.ID_ ASC  
    LIMIT ? OFFSET ? &quot;; expected &quot;=, NOT, EXISTS, INTERSECTS, SELECT, FROM&quot;; SQL statement:
select RES.* 
     
    from ACT_RU_JOB RES
     
     WHERE  RES.EXCEPTION_MSG_ = ? 
   
     order by  order by RES.ID_ asc  
    LIMIT ? OFFSET ? [42001-176]
### The error may exist in org/activiti/db/mapping/entity/Job.xml
### The error may involve org.activiti.engine.impl.persistence.entity.JobEntity.selectJobByQueryCriteria
### The error occurred while executing a query
### SQL: select RES.*            from ACT_RU_JOB RES            WHERE  RES.EXCEPTION_MSG_ = ?           order by  order by RES.ID_ asc       LIMIT ? OFFSET ?
### Cause: org.h2.jdbc.JdbcSQLException: Syntax error in SQL statement &quot;SELECT RES.* 
     
    FROM ACT_RU_JOB RES
     
     WHERE  RES.EXCEPTION_MSG_ = ? 
   
     ORDER BY  ORDER[*] BY RES.ID_ ASC  
    LIMIT ? OFFSET ? &quot;; expected &quot;=, NOT, EXISTS, INTERSECTS, SELECT, FROM&quot;; SQL statement:
select RES.* 
     
    from ACT_RU_JOB RES
     
     WHERE  RES.EXCEPTION_MSG_ = ? 
   
     order by  order by RES.ID_ asc  
    LIMIT ? OFFSET ? [42001-176]
	at org.apache.ibatis.exceptions.ExceptionFactory.wrapException(ExceptionFactory.java:30)
	at org.apache.ibatis.session.defaults.DefaultSqlSession.selectList(DefaultSqlSession.java:122)
	at org.apache.ibatis.session.defaults.DefaultSqlSession.selectList(DefaultSqlSession.java:113)
	at org.activiti.engine.impl.db.DbSqlSession.selectListWithRawParameter(DbSqlSession.java:438)
	at org.activiti.engine.impl.db.DbSqlSession.selectList(DbSqlSession.java:429)
	at org.activiti.engine.impl.db.DbSqlSession.selectList(DbSqlSession.java:419)
	at org.activiti.engine.impl.persistence.entity.JobEntityManager.findJobsByQueryCriteria(JobEntityManager.java:198)
	at org.activiti.engine.impl.JobQueryImpl.executeList(JobQueryImpl.java:243)
	at org.activiti.engine.impl.AbstractQuery.execute(AbstractQuery.java:164)
	at org.activiti.engine.impl.interceptor.CommandInvoker.execute(CommandInvoker.java:24)
	at org.activiti.engine.impl.interceptor.CommandContextInterceptor.execute(CommandContextInterceptor.java:57)
	at org.activiti.engine.impl.interceptor.LogInterceptor.execute(LogInterceptor.java:37)
	at org.activiti.engine.impl.cfg.CommandExecutorImpl.execute(CommandExecutorImpl.java:40)
	at org.activiti.engine.impl.cfg.CommandExecutorImpl.execute(CommandExecutorImpl.java:35)
	at org.activiti.engine.impl.AbstractQuery.list(AbstractQuery.java:138)
	at org.activiti.engine.test.api.mgmt.JobQueryTest.verifyQueryResults(JobQueryTest.java:400)
	at org.activiti.engine.test.api.mgmt.JobQueryTest.testQueryByExceptionMessageEmpty(JobQueryTest.java:253)
	at sun.reflect.NativeMethodAccessorImpl.invoke0(Native Method)
	at sun.reflect.NativeMethodAccessorImpl.invoke(NativeMethodAccessorImpl.java:62)
	at sun.reflect.DelegatingMethodAccessorImpl.invoke(DelegatingMethodAccessorImpl.java:43)
	at java.lang.reflect.Method.invoke(Method.java:498)
	at junit.framework.TestCase.runTest(TestCase.java:176)
	at org.activiti.engine.impl.test.PvmTestCase.runTest(PvmTestCase.java:65)
	at junit.framework.TestCase.runBare(TestCase.java:141)
	at org.activiti.engine.impl.test.AbstractActivitiTestCase.runBare(AbstractActivitiTestCase.java:100)
	at junit.framework.TestResult$1.protect(TestResult.java:122)
	at junit.framework.TestResult.runProtected(TestResult.java:142)
	at junit.framework.TestResult.run(TestResult.java:125)
	at junit.framework.TestCase.run(TestCase.java:129)
	at junit.framework.TestSuite.runTest(TestSuite.java:255)
	at junit.framework.TestSuite.run(TestSuite.java:250)
	at org.junit.internal.runners.JUnit38ClassRunner.run(JUnit38ClassRunner.java:84)
	at org.apache.maven.surefire.junit4.JUnit4TestSet.execute(JUnit4TestSet.java:35)
	at org.apache.maven.surefire.junit4.JUnit4Provider.executeTestSet(JUnit4Provider.java:146)
	at org.apache.maven.surefire.junit4.JUnit4Provider.invoke(JUnit4Provider.java:97)
	at sun.reflect.NativeMethodAccessorImpl.invoke0(Native Method)
	at sun.reflect.NativeMethodAccessorImpl.invoke(NativeMethodAccessorImpl.java:62)
	at sun.reflect.DelegatingMethodAccessorImpl.invoke(DelegatingMethodAccessorImpl.java:43)
	at java.lang.reflect.Method.invoke(Method.java:498)
	at org.apache.maven.surefire.booter.ProviderFactory$ClassLoaderProxy.invoke(ProviderFactory.java:103)
	at com.sun.proxy.$Proxy0.invoke(Unknown Source)
	at org.apache.maven.surefire.booter.SurefireStarter.invokeProvider(SurefireStarter.java:145)
	at org.apache.maven.surefire.booter.SurefireStarter.runSuitesInProcess(SurefireStarter.java:87)
	at org.apache.maven.surefire.booter.ForkedBooter.main(ForkedBooter.java:69)
Caused by: org.h2.jdbc.JdbcSQLException: Syntax error in SQL statement &quot;SELECT RES.* 
     
    FROM ACT_RU_JOB RES
     
     WHERE  RES.EXCEPTION_MSG_ = ? 
   
     ORDER BY  ORDER[*] BY RES.ID_ ASC  
    LIMIT ? OFFSET ? &quot;; expected &quot;=, NOT, EXISTS, INTERSECTS, SELECT, FROM&quot;; SQL statement:
select RES.* 
     
    from ACT_RU_JOB RES
     
     WHERE  RES.EXCEPTION_MSG_ = ? 
   
     order by  order by RES.ID_ asc  
    LIMIT ? OFFSET ? [42001-176]
	at org.h2.message.DbException.getJdbcSQLException(DbException.java:344)
	at org.h2.message.DbException.getSyntaxError(DbException.java:204)
	at org.h2.command.Parser.getSyntaxError(Parser.java:524)
	at org.h2.command.Parser.readTerm(Parser.java:2688)
	at org.h2.command.Parser.readFactor(Parser.java:2244)
	at org.h2.command.Parser.readSum(Parser.java:2231)
	at org.h2.command.Parser.readConcat(Parser.java:2201)
	at org.h2.command.Parser.readCondition(Parser.java:2051)
	at org.h2.command.Parser.readAnd(Parser.java:2023)
	at org.h2.command.Parser.readExpression(Parser.java:2015)
	at org.h2.command.Parser.parseEndOfQuery(Parser.java:1726)
	at org.h2.command.Parser.parseSelectUnionExtension(Parser.java:1706)
	at org.h2.command.Parser.parseSelectUnion(Parser.java:1675)
	at org.h2.command.Parser.parseSelect(Parser.java:1662)
	at org.h2.command.Parser.parsePrepared(Parser.java:434)
	at org.h2.command.Parser.parse(Parser.java:306)
	at org.h2.command.Parser.parse(Parser.java:282)
	at org.h2.command.Parser.prepareCommand(Parser.java:243)
	at org.h2.engine.Session.prepareLocal(Session.java:442)
	at org.h2.engine.Session.prepareCommand(Session.java:384)
	at org.h2.jdbc.JdbcConnection.prepareCommand(JdbcConnection.java:1188)
	at org.h2.jdbc.JdbcPreparedStatement.&lt;init&gt;(JdbcPreparedStatement.java:73)
	at org.h2.jdbc.JdbcConnection.prepareStatement(JdbcConnection.java:276)
	at sun.reflect.GeneratedMethodAccessor6.invoke(Unknown Source)
	at sun.reflect.DelegatingMethodAccessorImpl.invoke(DelegatingMethodAccessorImpl.java:43)
	at java.lang.reflect.Method.invoke(Method.java:498)
	at org.apache.ibatis.datasource.pooled.PooledConnection.invoke(PooledConnection.java:245)
	at com.sun.proxy.$Proxy12.prepareStatement(Unknown Source)
	at sun.reflect.GeneratedMethodAccessor6.invoke(Unknown Source)
	at sun.reflect.DelegatingMethodAccessorImpl.invoke(DelegatingMethodAccessorImpl.java:43)
	at java.lang.reflect.Method.invoke(Method.java:498)
	at org.apache.ibatis.logging.jdbc.ConnectionLogger.invoke(ConnectionLogger.java:55)
	at com.sun.proxy.$Proxy12.prepareStatement(Unknown Source)
	at org.apache.ibatis.executor.statement.PreparedStatementHandler.instantiateStatement(PreparedStatementHandler.java:79)
	at org.apache.ibatis.executor.statement.BaseStatementHandler.prepare(BaseStatementHandler.java:88)
	at org.apache.ibatis.executor.statement.RoutingStatementHandler.prepare(RoutingStatementHandler.java:58)
	at org.apache.ibatis.executor.SimpleExecutor.prepareStatement(SimpleExecutor.java:76)
	at org.apache.ibatis.executor.SimpleExecutor.doQuery(SimpleExecutor.java:61)
	at org.apache.ibatis.executor.BaseExecutor.queryFromDatabase(BaseExecutor.java:303)
	at org.apache.ibatis.executor.BaseExecutor.query(BaseExecutor.java:154)
	at org.apache.ibatis.executor.CachingExecutor.query(CachingExecutor.java:102)
	at org.apache.ibatis.executor.CachingExecutor.query(CachingExecutor.java:82)
	at org.apache.ibatis.session.defaults.DefaultSqlSession.selectList(DefaultSqlSession.java:120)
	... 42 more
10:44:57,322 [main] DEBUG org.activiti.engine.impl.test.TestHelper  - annotation @Deployment deletes deployment for JobQueryTest.testQueryByExceptionMessageEmpty
10:44:57,322 [main] DEBUG org.activiti.engine.impl.interceptor.LogInterceptor  - 

10:44:57,322 [main] DEBUG org.activiti.engine.impl.interceptor.LogInterceptor  - --- starting DeleteDeploymentCmd --------------------------------------------------------
10:44:57,322 [main] DEBUG org.apache.ibatis.transaction.jdbc.JdbcTransaction  - Opening JDBC Connection
10:44:57,322 [main] DEBUG org.apache.ibatis.datasource.pooled.PooledDataSource  - Checked out connection 297240765 from pool.
10:44:57,322 [main] DEBUG org.apache.ibatis.transaction.jdbc.JdbcTransaction  - Setting autocommit to false on JDBC Connection [conn4: url=jdbc:h2:mem:activiti user=SA]
10:44:57,322 [main] DEBUG org.activiti.engine.impl.persistence.entity.DeploymentEntity.selectDeploymentById  - ==&gt;  Preparing: select * from ACT_RE_DEPLOYMENT where ID_ = ? 
10:44:57,322 [main] DEBUG org.activiti.engine.impl.persistence.entity.DeploymentEntity.selectDeploymentById  - ==&gt; Parameters: 1773(String)
10:44:57,322 [main] DEBUG org.activiti.engine.impl.persistence.entity.DeploymentEntity.selectDeploymentById  - &lt;==      Total: 1
10:44:57,323 [main] DEBUG org.activiti.engine.impl.persistence.entity.ProcessDefinitionEntity.selectProcessDefinitionsByQueryCriteria  - ==&gt;  Preparing: select RES.* from ACT_RE_PROCDEF RES WHERE RES.DEPLOYMENT_ID_ = ? order by order by RES.ID_ asc LIMIT ? OFFSET ? 
10:44:57,323 [main] DEBUG org.activiti.engine.impl.interceptor.CommandContext  - Error while closing command context
org.apache.ibatis.exceptions.PersistenceException: 
### Error querying database.  Cause: org.h2.jdbc.JdbcSQLException: Syntax error in SQL statement &quot;SELECT RES.* 
       
    FROM ACT_RE_PROCDEF RES
     
     WHERE  RES.DEPLOYMENT_ID_ = ? 
   
     ORDER BY  ORDER[*] BY RES.ID_ ASC  
    LIMIT ? OFFSET ? &quot;; expected &quot;=, NOT, EXISTS, INTERSECTS, SELECT, FROM&quot;; SQL statement:
select RES.* 
       
    from ACT_RE_PROCDEF RES
     
     WHERE  RES.DEPLOYMENT_ID_ = ? 
   
     order by  order by RES.ID_ asc  
    LIMIT ? OFFSET ? [42001-176]
### The error may exist in org/activiti/db/mapping/entity/ProcessDefinition.xml
### The error may involve org.activiti.engine.impl.persistence.entity.ProcessDefinitionEntity.selectProcessDefinitionsByQueryCriteria
### The error occurred while executing a query
### SQL: select RES.*              from ACT_RE_PROCDEF RES            WHERE  RES.DEPLOYMENT_ID_ = ?           order by  order by RES.ID_ asc       LIMIT ? OFFSET ?
### Cause: org.h2.jdbc.JdbcSQLException: Syntax error in SQL statement &quot;SELECT RES.* 
       
    FROM ACT_RE_PROCDEF RES
     
     WHERE  RES.DEPLOYMENT_ID_ = ? 
   
     ORDER BY  ORDER[*] BY RES.ID_ ASC  
    LIMIT ? OFFSET ? &quot;; expected &quot;=, NOT, EXISTS, INTERSECTS, SELECT, FROM&quot;; SQL statement:
select RES.* 
       
    from ACT_RE_PROCDEF RES
     
     WHERE  RES.DEPLOYMENT_ID_ = ? 
   
     order by  order by RES.ID_ asc  
    LIMIT ? OFFSET ? [42001-176]
	at org.apache.ibatis.exceptions.ExceptionFactory.wrapException(ExceptionFactory.java:30)
	at org.apache.ibatis.session.defaults.DefaultSqlSession.selectList(DefaultSqlSession.java:122)
	at org.apache.ibatis.session.defaults.DefaultSqlSession.selectList(DefaultSqlSession.java:113)
	at org.activiti.engine.impl.db.DbSqlSession.selectListWithRawParameter(DbSqlSession.java:438)
	at org.activiti.engine.impl.db.DbSqlSession.selectList(DbSqlSession.java:429)
	at org.activiti.engine.impl.db.DbSqlSession.selectList(DbSqlSession.java:419)
	at org.activiti.engine.impl.persistence.entity.ProcessDefinitionEntityManager.findProcessDefinitionsByQueryCriteria(ProcessDefinitionEntityManager.java:57)
	at org.activiti.engine.impl.ProcessDefinitionQueryImpl.executeList(ProcessDefinitionQueryImpl.java:307)
	at org.activiti.engine.impl.AbstractQuery.list(AbstractQuery.java:140)
	at org.activiti.engine.impl.persistence.deploy.DeploymentManager.removeDeployment(DeploymentManager.java:187)
	at org.activiti.engine.impl.cmd.DeleteDeploymentCmd.execute(DeleteDeploymentCmd.java:44)
	at org.activiti.engine.impl.cmd.DeleteDeploymentCmd.execute(DeleteDeploymentCmd.java:24)
	at org.activiti.engine.impl.interceptor.CommandInvoker.execute(CommandInvoker.java:24)
	at org.activiti.engine.impl.interceptor.CommandContextInterceptor.execute(CommandContextInterceptor.java:57)
	at org.activiti.engine.impl.interceptor.LogInterceptor.execute(LogInterceptor.java:37)
	at org.activiti.engine.impl.cfg.CommandExecutorImpl.execute(CommandExecutorImpl.java:40)
	at org.activiti.engine.impl.cfg.CommandExecutorImpl.execute(CommandExecutorImpl.java:35)
	at org.activiti.engine.impl.RepositoryServiceImpl.deleteDeployment(RepositoryServiceImpl.java:90)
	at org.activiti.engine.impl.test.TestHelper.annotationDeploymentTearDown(TestHelper.java:116)
	at org.activiti.engine.impl.test.AbstractActivitiTestCase.runBare(AbstractActivitiTestCase.java:116)
	at junit.framework.TestResult$1.protect(TestResult.java:122)
	at junit.framework.TestResult.runProtected(TestResult.java:142)
	at junit.framework.TestResult.run(TestResult.java:125)
	at junit.framework.TestCase.run(TestCase.java:129)
	at junit.framework.TestSuite.runTest(TestSuite.java:255)
	at junit.framework.TestSuite.run(TestSuite.java:250)
	at org.junit.internal.runners.JUnit38ClassRunner.run(JUnit38ClassRunner.java:84)
	at org.apache.maven.surefire.junit4.JUnit4TestSet.execute(JUnit4TestSet.java:35)
	at org.apache.maven.surefire.junit4.JUnit4Provider.executeTestSet(JUnit4Provider.java:146)
	at org.apache.maven.surefire.junit4.JUnit4Provider.invoke(JUnit4Provider.java:97)
	at sun.reflect.NativeMethodAccessorImpl.invoke0(Native Method)
	at sun.reflect.NativeMethodAccessorImpl.invoke(NativeMethodAccessorImpl.java:62)
	at sun.reflect.DelegatingMethodAccessorImpl.invoke(DelegatingMethodAccessorImpl.java:43)
	at java.lang.reflect.Method.invoke(Method.java:498)
	at org.apache.maven.surefire.booter.ProviderFactory$ClassLoaderProxy.invoke(ProviderFactory.java:103)
	at com.sun.proxy.$Proxy0.invoke(Unknown Source)
	at org.apache.maven.surefire.booter.SurefireStarter.invokeProvider(SurefireStarter.java:145)
	at org.apache.maven.surefire.booter.SurefireStarter.runSuitesInProcess(SurefireStarter.java:87)
	at org.apache.maven.surefire.booter.ForkedBooter.main(ForkedBooter.java:69)
Caused by: org.h2.jdbc.JdbcSQLException: Syntax error in SQL statement &quot;SELECT RES.* 
       
    FROM ACT_RE_PROCDEF RES
     
     WHERE  RES.DEPLOYMENT_ID_ = ? 
   
     ORDER BY  ORDER[*] BY RES.ID_ ASC  
    LIMIT ? OFFSET ? &quot;; expected &quot;=, NOT, EXISTS, INTERSECTS, SELECT, FROM&quot;; SQL statement:
select RES.* 
       
    from ACT_RE_PROCDEF RES
     
     WHERE  RES.DEPLOYMENT_ID_ = ? 
   
     order by  order by RES.ID_ asc  
    LIMIT ? OFFSET ? [42001-176]
	at org.h2.message.DbException.getJdbcSQLException(DbException.java:344)
	at org.h2.message.DbException.getSyntaxError(DbException.java:204)
	at org.h2.command.Parser.getSyntaxError(Parser.java:524)
	at org.h2.command.Parser.readTerm(Parser.java:2688)
	at org.h2.command.Parser.readFactor(Parser.java:2244)
	at org.h2.command.Parser.readSum(Parser.java:2231)
	at org.h2.command.Parser.readConcat(Parser.java:2201)
	at org.h2.command.Parser.readCondition(Parser.java:2051)
	at org.h2.command.Parser.readAnd(Parser.java:2023)
	at org.h2.command.Parser.readExpression(Parser.java:2015)
	at org.h2.command.Parser.parseEndOfQuery(Parser.java:1726)
	at org.h2.command.Parser.parseSelectUnionExtension(Parser.java:1706)
	at org.h2.command.Parser.parseSelectUnion(Parser.java:1675)
	at org.h2.command.Parser.parseSelect(Parser.java:1662)
	at org.h2.command.Parser.parsePrepared(Parser.java:434)
	at org.h2.command.Parser.parse(Parser.java:306)
	at org.h2.command.Parser.parse(Parser.java:282)
	at org.h2.command.Parser.prepareCommand(Parser.java:243)
	at org.h2.engine.Session.prepareLocal(Session.java:442)
	at org.h2.engine.Session.prepareCommand(Session.java:384)
	at org.h2.jdbc.JdbcConnection.prepareCommand(JdbcConnection.java:1188)
	at org.h2.jdbc.JdbcPreparedStatement.&lt;init&gt;(JdbcPreparedStatement.java:73)
	at org.h2.jdbc.JdbcConnection.prepareStatement(JdbcConnection.java:276)
	at sun.reflect.GeneratedMethodAccessor6.invoke(Unknown Source)
	at sun.reflect.DelegatingMethodAccessorImpl.invoke(DelegatingMethodAccessorImpl.java:43)
	at java.lang.reflect.Method.invoke(Method.java:498)
	at org.apache.ibatis.datasource.pooled.PooledConnection.invoke(PooledConnection.java:245)
	at com.sun.proxy.$Proxy12.prepareStatement(Unknown Source)
	at sun.reflect.GeneratedMethodAccessor6.invoke(Unknown Source)
	at sun.reflect.DelegatingMethodAccessorImpl.invoke(DelegatingMethodAccessorImpl.java:43)
	at java.lang.reflect.Method.invoke(Method.java:498)
	at org.apache.ibatis.logging.jdbc.ConnectionLogger.invoke(ConnectionLogger.java:55)
	at com.sun.proxy.$Proxy12.prepareStatement(Unknown Source)
	at org.apache.ibatis.executor.statement.PreparedStatementHandler.instantiateStatement(PreparedStatementHandler.java:79)
	at org.apache.ibatis.executor.statement.BaseStatementHandler.prepare(BaseStatementHandler.java:88)
	at org.apache.ibatis.executor.statement.RoutingStatementHandler.prepare(RoutingStatementHandler.java:58)
	at org.apache.ibatis.executor.SimpleExecutor.prepareStatement(SimpleExecutor.java:76)
	at org.apache.ibatis.executor.SimpleExecutor.doQuery(SimpleExecutor.java:61)
	at org.apache.ibatis.executor.BaseExecutor.queryFromDatabase(BaseExecutor.java:303)
	at org.apache.ibatis.executor.BaseExecutor.query(BaseExecutor.java:154)
	at org.apache.ibatis.executor.CachingExecutor.query(CachingExecutor.java:102)
	at org.apache.ibatis.executor.CachingExecutor.query(CachingExecutor.java:82)
	at org.apache.ibatis.session.defaults.DefaultSqlSession.selectList(DefaultSqlSession.java:120)
	... 37 more
10:44:57,323 [main] DEBUG org.activiti.engine.impl.cfg.standalone.StandaloneMybatisTransactionContext  - firing event rolling back...
10:44:57,323 [main] DEBUG org.activiti.engine.impl.cfg.standalone.StandaloneMybatisTransactionContext  - rolling back ibatis sql session...
10:44:57,323 [main] DEBUG org.activiti.engine.impl.cfg.standalone.StandaloneMybatisTransactionContext  - firing event rolled back...
10:44:57,323 [main] DEBUG org.apache.ibatis.transaction.jdbc.JdbcTransaction  - Resetting autocommit to true on JDBC Connection [conn4: url=jdbc:h2:mem:activiti user=SA]
10:44:57,323 [main] DEBUG org.apache.ibatis.transaction.jdbc.JdbcTransaction  - Closing JDBC Connection [conn4: url=jdbc:h2:mem:activiti user=SA]
10:44:57,323 [main] DEBUG org.apache.ibatis.datasource.pooled.PooledDataSource  - Returned connection 297240765 to pool.
10:44:57,323 [main] DEBUG org.activiti.engine.impl.interceptor.LogInterceptor  - --- DeleteDeploymentCmd finished --------------------------------------------------------
10:44:57,323 [main] DEBUG org.activiti.engine.impl.interceptor.LogInterceptor  - 

</system-out>
  </testcase>
  <testcase classname="org.activiti.engine.test.api.mgmt.JobQueryTest" name="testQueryByExecutionId" time="0.02">
    <error message="
### Error querying database.  Cause: org.h2.jdbc.JdbcSQLException: Syntax error in SQL statement &quot;SELECT RES.* 
     
    FROM ACT_RU_JOB RES
     
     WHERE  RES.PROCESS_INSTANCE_ID_ = ? 
   
     ORDER BY  ORDER[*] BY RES.ID_ ASC  
    LIMIT ? OFFSET ? &quot;; expected &quot;=, NOT, EXISTS, INTERSECTS, SELECT, FROM&quot;; SQL statement:
select RES.* 
     
    from ACT_RU_JOB RES
     
     WHERE  RES.PROCESS_INSTANCE_ID_ = ? 
   
     order by  order by RES.ID_ asc  
    LIMIT ? OFFSET ? [42001-176]
### The error may exist in org/activiti/db/mapping/entity/Job.xml
### The error may involve org.activiti.engine.impl.persistence.entity.JobEntity.selectJobByQueryCriteria
### The error occurred while executing a query
### SQL: select RES.*            from ACT_RU_JOB RES            WHERE  RES.PROCESS_INSTANCE_ID_ = ?           order by  order by RES.ID_ asc       LIMIT ? OFFSET ?
### Cause: org.h2.jdbc.JdbcSQLException: Syntax error in SQL statement &quot;SELECT RES.* 
     
    FROM ACT_RU_JOB RES
     
     WHERE  RES.PROCESS_INSTANCE_ID_ = ? 
   
     ORDER BY  ORDER[*] BY RES.ID_ ASC  
    LIMIT ? OFFSET ? &quot;; expected &quot;=, NOT, EXISTS, INTERSECTS, SELECT, FROM&quot;; SQL statement:
select RES.* 
     
    from ACT_RU_JOB RES
     
     WHERE  RES.PROCESS_INSTANCE_ID_ = ? 
   
     order by  order by RES.ID_ asc  
    LIMIT ? OFFSET ? [42001-176]" type="org.apache.ibatis.exceptions.PersistenceException">org.apache.ibatis.exceptions.PersistenceException: 
### Error querying database.  Cause: org.h2.jdbc.JdbcSQLException: Syntax error in SQL statement &quot;SELECT RES.* 
     
    FROM ACT_RU_JOB RES
     
     WHERE  RES.PROCESS_INSTANCE_ID_ = ? 
   
     ORDER BY  ORDER[*] BY RES.ID_ ASC  
    LIMIT ? OFFSET ? &quot;; expected &quot;=, NOT, EXISTS, INTERSECTS, SELECT, FROM&quot;; SQL statement:
select RES.* 
     
    from ACT_RU_JOB RES
     
     WHERE  RES.PROCESS_INSTANCE_ID_ = ? 
   
     order by  order by RES.ID_ asc  
    LIMIT ? OFFSET ? [42001-176]
### The error may exist in org/activiti/db/mapping/entity/Job.xml
### The error may involve org.activiti.engine.impl.persistence.entity.JobEntity.selectJobByQueryCriteria
### The error occurred while executing a query
### SQL: select RES.*            from ACT_RU_JOB RES            WHERE  RES.PROCESS_INSTANCE_ID_ = ?           order by  order by RES.ID_ asc       LIMIT ? OFFSET ?
### Cause: org.h2.jdbc.JdbcSQLException: Syntax error in SQL statement &quot;SELECT RES.* 
     
    FROM ACT_RU_JOB RES
     
     WHERE  RES.PROCESS_INSTANCE_ID_ = ? 
   
     ORDER BY  ORDER[*] BY RES.ID_ ASC  
    LIMIT ? OFFSET ? &quot;; expected &quot;=, NOT, EXISTS, INTERSECTS, SELECT, FROM&quot;; SQL statement:
select RES.* 
     
    from ACT_RU_JOB RES
     
     WHERE  RES.PROCESS_INSTANCE_ID_ = ? 
   
     order by  order by RES.ID_ asc  
    LIMIT ? OFFSET ? [42001-176]
	at org.apache.ibatis.exceptions.ExceptionFactory.wrapException(ExceptionFactory.java:30)
	at org.apache.ibatis.session.defaults.DefaultSqlSession.selectList(DefaultSqlSession.java:122)
	at org.apache.ibatis.session.defaults.DefaultSqlSession.selectList(DefaultSqlSession.java:113)
	at org.activiti.engine.impl.db.DbSqlSession.selectListWithRawParameter(DbSqlSession.java:438)
	at org.activiti.engine.impl.db.DbSqlSession.selectList(DbSqlSession.java:429)
	at org.activiti.engine.impl.db.DbSqlSession.selectList(DbSqlSession.java:419)
	at org.activiti.engine.impl.persistence.entity.JobEntityManager.findJobsByQueryCriteria(JobEntityManager.java:198)
	at org.activiti.engine.impl.JobQueryImpl.executeList(JobQueryImpl.java:243)
	at org.activiti.engine.impl.AbstractQuery.executeSingleResult(AbstractQuery.java:183)
	at org.activiti.engine.impl.AbstractQuery.execute(AbstractQuery.java:166)
	at org.activiti.engine.impl.interceptor.CommandInvoker.execute(CommandInvoker.java:24)
	at org.activiti.engine.impl.interceptor.CommandContextInterceptor.execute(CommandContextInterceptor.java:57)
	at org.activiti.engine.impl.interceptor.LogInterceptor.execute(LogInterceptor.java:37)
	at org.activiti.engine.impl.cfg.CommandExecutorImpl.execute(CommandExecutorImpl.java:40)
	at org.activiti.engine.impl.cfg.CommandExecutorImpl.execute(CommandExecutorImpl.java:35)
	at org.activiti.engine.impl.AbstractQuery.singleResult(AbstractQuery.java:129)
	at org.activiti.engine.test.api.mgmt.JobQueryTest.testQueryByExecutionId(JobQueryTest.java:142)
	at sun.reflect.NativeMethodAccessorImpl.invoke0(Native Method)
	at sun.reflect.NativeMethodAccessorImpl.invoke(NativeMethodAccessorImpl.java:62)
	at sun.reflect.DelegatingMethodAccessorImpl.invoke(DelegatingMethodAccessorImpl.java:43)
	at java.lang.reflect.Method.invoke(Method.java:498)
	at junit.framework.TestCase.runTest(TestCase.java:176)
	at org.activiti.engine.impl.test.PvmTestCase.runTest(PvmTestCase.java:65)
	at junit.framework.TestCase.runBare(TestCase.java:141)
	at org.activiti.engine.impl.test.AbstractActivitiTestCase.runBare(AbstractActivitiTestCase.java:100)
	at junit.framework.TestResult$1.protect(TestResult.java:122)
	at junit.framework.TestResult.runProtected(TestResult.java:142)
	at junit.framework.TestResult.run(TestResult.java:125)
	at junit.framework.TestCase.run(TestCase.java:129)
	at junit.framework.TestSuite.runTest(TestSuite.java:255)
	at junit.framework.TestSuite.run(TestSuite.java:250)
	at org.junit.internal.runners.JUnit38ClassRunner.run(JUnit38ClassRunner.java:84)
	at org.apache.maven.surefire.junit4.JUnit4TestSet.execute(JUnit4TestSet.java:35)
	at org.apache.maven.surefire.junit4.JUnit4Provider.executeTestSet(JUnit4Provider.java:146)
	at org.apache.maven.surefire.junit4.JUnit4Provider.invoke(JUnit4Provider.java:97)
	at sun.reflect.NativeMethodAccessorImpl.invoke0(Native Method)
	at sun.reflect.NativeMethodAccessorImpl.invoke(NativeMethodAccessorImpl.java:62)
	at sun.reflect.DelegatingMethodAccessorImpl.invoke(DelegatingMethodAccessorImpl.java:43)
	at java.lang.reflect.Method.invoke(Method.java:498)
	at org.apache.maven.surefire.booter.ProviderFactory$ClassLoaderProxy.invoke(ProviderFactory.java:103)
	at com.sun.proxy.$Proxy0.invoke(Unknown Source)
	at org.apache.maven.surefire.booter.SurefireStarter.invokeProvider(SurefireStarter.java:145)
	at org.apache.maven.surefire.booter.SurefireStarter.runSuitesInProcess(SurefireStarter.java:87)
	at org.apache.maven.surefire.booter.ForkedBooter.main(ForkedBooter.java:69)
Caused by: org.h2.jdbc.JdbcSQLException: Syntax error in SQL statement &quot;SELECT RES.* 
     
    FROM ACT_RU_JOB RES
     
     WHERE  RES.PROCESS_INSTANCE_ID_ = ? 
   
     ORDER BY  ORDER[*] BY RES.ID_ ASC  
    LIMIT ? OFFSET ? &quot;; expected &quot;=, NOT, EXISTS, INTERSECTS, SELECT, FROM&quot;; SQL statement:
select RES.* 
     
    from ACT_RU_JOB RES
     
     WHERE  RES.PROCESS_INSTANCE_ID_ = ? 
   
     order by  order by RES.ID_ asc  
    LIMIT ? OFFSET ? [42001-176]
	at org.h2.message.DbException.getJdbcSQLException(DbException.java:344)
	at org.h2.message.DbException.getSyntaxError(DbException.java:204)
	at org.h2.command.Parser.getSyntaxError(Parser.java:524)
	at org.h2.command.Parser.readTerm(Parser.java:2688)
	at org.h2.command.Parser.readFactor(Parser.java:2244)
	at org.h2.command.Parser.readSum(Parser.java:2231)
	at org.h2.command.Parser.readConcat(Parser.java:2201)
	at org.h2.command.Parser.readCondition(Parser.java:2051)
	at org.h2.command.Parser.readAnd(Parser.java:2023)
	at org.h2.command.Parser.readExpression(Parser.java:2015)
	at org.h2.command.Parser.parseEndOfQuery(Parser.java:1726)
	at org.h2.command.Parser.parseSelectUnionExtension(Parser.java:1706)
	at org.h2.command.Parser.parseSelectUnion(Parser.java:1675)
	at org.h2.command.Parser.parseSelect(Parser.java:1662)
	at org.h2.command.Parser.parsePrepared(Parser.java:434)
	at org.h2.command.Parser.parse(Parser.java:306)
	at org.h2.command.Parser.parse(Parser.java:282)
	at org.h2.command.Parser.prepareCommand(Parser.java:243)
	at org.h2.engine.Session.prepareLocal(Session.java:442)
	at org.h2.engine.Session.prepareCommand(Session.java:384)
	at org.h2.jdbc.JdbcConnection.prepareCommand(JdbcConnection.java:1188)
	at org.h2.jdbc.JdbcPreparedStatement.&lt;init&gt;(JdbcPreparedStatement.java:73)
	at org.h2.jdbc.JdbcConnection.prepareStatement(JdbcConnection.java:276)
	at sun.reflect.GeneratedMethodAccessor6.invoke(Unknown Source)
	at sun.reflect.DelegatingMethodAccessorImpl.invoke(DelegatingMethodAccessorImpl.java:43)
	at java.lang.reflect.Method.invoke(Method.java:498)
	at org.apache.ibatis.datasource.pooled.PooledConnection.invoke(PooledConnection.java:245)
	at com.sun.proxy.$Proxy12.prepareStatement(Unknown Source)
	at sun.reflect.GeneratedMethodAccessor6.invoke(Unknown Source)
	at sun.reflect.DelegatingMethodAccessorImpl.invoke(DelegatingMethodAccessorImpl.java:43)
	at java.lang.reflect.Method.invoke(Method.java:498)
	at org.apache.ibatis.logging.jdbc.ConnectionLogger.invoke(ConnectionLogger.java:55)
	at com.sun.proxy.$Proxy12.prepareStatement(Unknown Source)
	at org.apache.ibatis.executor.statement.PreparedStatementHandler.instantiateStatement(PreparedStatementHandler.java:79)
	at org.apache.ibatis.executor.statement.BaseStatementHandler.prepare(BaseStatementHandler.java:88)
	at org.apache.ibatis.executor.statement.RoutingStatementHandler.prepare(RoutingStatementHandler.java:58)
	at org.apache.ibatis.executor.SimpleExecutor.prepareStatement(SimpleExecutor.java:76)
	at org.apache.ibatis.executor.SimpleExecutor.doQuery(SimpleExecutor.java:61)
	at org.apache.ibatis.executor.BaseExecutor.queryFromDatabase(BaseExecutor.java:303)
	at org.apache.ibatis.executor.BaseExecutor.query(BaseExecutor.java:154)
	at org.apache.ibatis.executor.CachingExecutor.query(CachingExecutor.java:102)
	at org.apache.ibatis.executor.CachingExecutor.query(CachingExecutor.java:82)
	at org.apache.ibatis.session.defaults.DefaultSqlSession.selectList(DefaultSqlSession.java:120)
	... 42 more
</error>
    <system-out>10:44:57,324 [main] DEBUG org.activiti.engine.impl.interceptor.LogInterceptor  - 

10:44:57,324 [main] DEBUG org.activiti.engine.impl.interceptor.LogInterceptor  - --- starting DeployCmd --------------------------------------------------------
10:44:57,324 [main] DEBUG org.activiti.engine.impl.bpmn.deployer.BpmnDeployer  - Processing deployment null
10:44:57,324 [main] INFO  org.activiti.engine.impl.bpmn.deployer.BpmnDeployer  - Processing resource org/activiti/engine/test/api/mgmt/timerOnTask.bpmn20.xml
10:44:57,328 [main] DEBUG org.activiti.engine.impl.bpmn.parser.handler.ProcessParseHandler  - Parsing process timerOnTask
10:44:57,328 [main] DEBUG org.activiti.engine.impl.bpmn.parser.handler.AbstractBpmnParseHandler  - Parsing activity firstLineSupport
10:44:57,328 [main] DEBUG org.activiti.engine.impl.bpmn.parser.handler.AbstractBpmnParseHandler  - Parsing activity secondLineSupport
10:44:57,328 [main] DEBUG org.activiti.engine.impl.bpmn.parser.handler.AbstractBpmnParseHandler  - Parsing activity theStart
10:44:57,328 [main] DEBUG org.activiti.engine.impl.bpmn.parser.handler.AbstractBpmnParseHandler  - Parsing activity normalEnd
10:44:57,328 [main] DEBUG org.activiti.engine.impl.bpmn.parser.handler.AbstractBpmnParseHandler  - Parsing activity escalatedEnd
10:44:57,328 [main] DEBUG org.activiti.engine.impl.bpmn.parser.handler.AbstractBpmnParseHandler  - Parsing activity escalationTimer
10:44:57,328 [main] DEBUG org.apache.ibatis.transaction.jdbc.JdbcTransaction  - Opening JDBC Connection
10:44:57,328 [main] DEBUG org.apache.ibatis.datasource.pooled.PooledDataSource  - Checked out connection 363509958 from pool.
10:44:57,328 [main] DEBUG org.apache.ibatis.transaction.jdbc.JdbcTransaction  - Setting autocommit to false on JDBC Connection [conn2: url=jdbc:h2:mem:activiti user=SA]
10:44:57,328 [main] DEBUG org.activiti.engine.impl.persistence.entity.ProcessDefinitionEntity.selectLatestProcessDefinitionByKey  - ==&gt;  Preparing: select * from ACT_RE_PROCDEF where KEY_ = ? and (TENANT_ID_ = &apos;&apos; or TENANT_ID_ is null) and VERSION_ = (select max(VERSION_) from ACT_RE_PROCDEF where KEY_ = ? and (TENANT_ID_ = &apos;&apos; or TENANT_ID_ is null)) 
10:44:57,329 [main] DEBUG org.activiti.engine.impl.persistence.entity.ProcessDefinitionEntity.selectLatestProcessDefinitionByKey  - ==&gt; Parameters: timerOnTask(String), timerOnTask(String)
10:44:57,329 [main] DEBUG org.activiti.engine.impl.persistence.entity.ProcessDefinitionEntity.selectLatestProcessDefinitionByKey  - &lt;==      Total: 1
10:44:57,329 [main] DEBUG org.activiti.engine.impl.persistence.entity.JobEntity.selectJobByTypeAndProcessDefinitionKeyNoTenantId  - ==&gt;  Preparing: select J.* from ACT_RU_JOB J inner join ACT_RE_PROCDEF P on J.PROC_DEF_ID_ = P.ID_ where J.HANDLER_TYPE_ = ? and P.KEY_ = ? and (P.TENANT_ID_ = &apos;&apos; or P.TENANT_ID_ is null) 
10:44:57,329 [main] DEBUG org.activiti.engine.impl.persistence.entity.JobEntity.selectJobByTypeAndProcessDefinitionKeyNoTenantId  - ==&gt; Parameters: timer-start-event(String), timerOnTask(String)
10:44:57,329 [main] DEBUG org.activiti.engine.impl.persistence.entity.JobEntity.selectJobByTypeAndProcessDefinitionKeyNoTenantId  - &lt;==      Total: 0
10:44:57,329 [main] DEBUG org.activiti.engine.impl.persistence.entity.EventSubscriptionEntity.selectEventSubscriptionsByConfiguration  - ==&gt;  Preparing: select * from ACT_RU_EVENT_SUBSCR where (EVENT_TYPE_ = ?) and ( (CONFIGURATION_ = ?) or (PROC_DEF_ID_ = ?) ) and (TENANT_ID_ = &apos;&apos; or TENANT_ID_ is null) 
10:44:57,329 [main] DEBUG org.activiti.engine.impl.persistence.entity.EventSubscriptionEntity.selectEventSubscriptionsByConfiguration  - ==&gt; Parameters: message(String), timerOnTask:1:1778(String), timerOnTask:1:1778(String)
10:44:57,329 [main] DEBUG org.activiti.engine.impl.persistence.entity.EventSubscriptionEntity.selectEventSubscriptionsByConfiguration  - &lt;==      Total: 0
10:44:57,329 [main] DEBUG org.activiti.engine.impl.persistence.entity.EventSubscriptionEntity.selectEventSubscriptionsByConfiguration  - ==&gt;  Preparing: select * from ACT_RU_EVENT_SUBSCR where (EVENT_TYPE_ = ?) and ( (CONFIGURATION_ = ?) or (PROC_DEF_ID_ = ?) ) and (TENANT_ID_ = &apos;&apos; or TENANT_ID_ is null) 
10:44:57,329 [main] DEBUG org.activiti.engine.impl.persistence.entity.EventSubscriptionEntity.selectEventSubscriptionsByConfiguration  - ==&gt; Parameters: signal(String), timerOnTask:1:1778(String), timerOnTask:1:1778(String)
10:44:57,329 [main] DEBUG org.activiti.engine.impl.persistence.entity.EventSubscriptionEntity.selectEventSubscriptionsByConfiguration  - &lt;==      Total: 0
10:44:57,329 [main] DEBUG org.activiti.engine.impl.persistence.entity.ProcessDefinitionInfoEntity.selectProcessDefinitionInfoByProcessDefinitionId  - ==&gt;  Preparing: select * from ACT_PROCDEF_INFO where PROC_DEF_ID_ = ? 
10:44:57,329 [main] DEBUG org.activiti.engine.impl.persistence.entity.ProcessDefinitionInfoEntity.selectProcessDefinitionInfoByProcessDefinitionId  - ==&gt; Parameters: timerOnTask:2:1800(String)
10:44:57,329 [main] DEBUG org.activiti.engine.impl.persistence.entity.ProcessDefinitionInfoEntity.selectProcessDefinitionInfoByProcessDefinitionId  - &lt;==      Total: 0
10:44:57,329 [main] DEBUG org.activiti.engine.impl.interceptor.LogInterceptor  - 

10:44:57,329 [main] DEBUG org.activiti.engine.impl.interceptor.LogInterceptor  - --- starting GetProcessDefinitionInfoCmd --------------------------------------------------------
10:44:57,329 [main] DEBUG org.activiti.engine.impl.interceptor.CommandContextInterceptor  - Valid context found. Reusing it for the current command &apos;org.activiti.engine.impl.cmd.GetProcessDefinitionInfoCmd&apos;
10:44:57,329 [main] DEBUG org.activiti.engine.impl.interceptor.LogInterceptor  - 

10:44:57,329 [main] DEBUG org.activiti.engine.impl.interceptor.LogInterceptor  - --- starting  --------------------------------------------------------
10:44:57,329 [main] DEBUG org.activiti.engine.impl.interceptor.CommandContextInterceptor  - Valid context found. Reusing it for the current command &apos;null&apos;
10:44:57,329 [main] DEBUG org.activiti.engine.impl.interceptor.LogInterceptor  - ---  finished --------------------------------------------------------
10:44:57,329 [main] DEBUG org.activiti.engine.impl.interceptor.LogInterceptor  - 

10:44:57,329 [main] DEBUG org.activiti.engine.impl.interceptor.LogInterceptor  - --- GetProcessDefinitionInfoCmd finished --------------------------------------------------------
10:44:57,329 [main] DEBUG org.activiti.engine.impl.interceptor.LogInterceptor  - 

10:44:57,329 [main] DEBUG org.activiti.engine.impl.db.DbSqlSession  -   insert ResourceEntity[id=1799, name=org/activiti/engine/test/api/mgmt/timerOnTask.bpmn20.xml]
10:44:57,329 [main] DEBUG org.activiti.engine.impl.db.DbSqlSession  -   insert DeploymentEntity[id=1798, name=null]
10:44:57,329 [main] DEBUG org.activiti.engine.impl.db.DbSqlSession  -   insert ProcessDefinitionEntity[timerOnTask:2:1800]
10:44:57,329 [main] DEBUG org.activiti.engine.impl.db.DbSqlSession  - flush summary: 3 insert, 0 update, 0 delete.
10:44:57,329 [main] DEBUG org.activiti.engine.impl.db.DbSqlSession  - now executing flush...
10:44:57,329 [main] DEBUG org.activiti.engine.impl.db.DbSqlSession  - inserting: ProcessDefinitionEntity[timerOnTask:2:1800]
10:44:57,329 [main] DEBUG org.activiti.engine.impl.persistence.entity.ProcessDefinitionEntity.insertProcessDefinition  - ==&gt;  Preparing: insert into ACT_RE_PROCDEF(ID_, REV_, CATEGORY_, NAME_, KEY_, VERSION_, DEPLOYMENT_ID_, RESOURCE_NAME_, DGRM_RESOURCE_NAME_, DESCRIPTION_, HAS_START_FORM_KEY_, HAS_GRAPHICAL_NOTATION_ , SUSPENSION_STATE_, TENANT_ID_) values (?, 1, ?, ?, ?, ?, ?, ?, ?, ?, ?, ?, ?, ?) 
10:44:57,329 [main] DEBUG org.activiti.engine.impl.persistence.entity.ProcessDefinitionEntity.insertProcessDefinition  - ==&gt; Parameters: timerOnTask:2:1800(String), org.activiti.enginge.test.api.mgmt(String), null, timerOnTask(String), 2(Integer), 1798(String), org/activiti/engine/test/api/mgmt/timerOnTask.bpmn20.xml(String), null, null, false(Boolean), false(Boolean), 1(Integer), (String)
10:44:57,329 [main] DEBUG org.activiti.engine.impl.persistence.entity.ProcessDefinitionEntity.insertProcessDefinition  - &lt;==    Updates: 1
10:44:57,329 [main] DEBUG org.activiti.engine.impl.db.DbSqlSession  - inserting: DeploymentEntity[id=1798, name=null]
10:44:57,329 [main] DEBUG org.activiti.engine.impl.persistence.entity.DeploymentEntity.insertDeployment  - ==&gt;  Preparing: insert into ACT_RE_DEPLOYMENT(ID_, NAME_, CATEGORY_, TENANT_ID_, DEPLOY_TIME_) values(?, ?, ?, ?, ?) 
10:44:57,329 [main] DEBUG org.activiti.engine.impl.persistence.entity.DeploymentEntity.insertDeployment  - ==&gt; Parameters: 1798(String), null, null, (String), 2023-03-20 12:44:57.0(Timestamp)
10:44:57,329 [main] DEBUG org.activiti.engine.impl.persistence.entity.DeploymentEntity.insertDeployment  - &lt;==    Updates: 1
10:44:57,329 [main] DEBUG org.activiti.engine.impl.db.DbSqlSession  - inserting: ResourceEntity[id=1799, name=org/activiti/engine/test/api/mgmt/timerOnTask.bpmn20.xml]
10:44:57,329 [main] DEBUG org.activiti.engine.impl.persistence.entity.ResourceEntity.insertResource  - ==&gt;  Preparing: insert into ACT_GE_BYTEARRAY(ID_, REV_, NAME_, BYTES_, DEPLOYMENT_ID_, GENERATED_) values (?, 1, ?, ?, ?, ?) 
10:44:57,329 [main] DEBUG org.activiti.engine.impl.persistence.entity.ResourceEntity.insertResource  - ==&gt; Parameters: 1799(String), org/activiti/engine/test/api/mgmt/timerOnTask.bpmn20.xml(String), java.io.ByteArrayInputStream@3cc79c02(ByteArrayInputStream), 1798(String), false(Boolean)
10:44:57,329 [main] DEBUG org.activiti.engine.impl.persistence.entity.ResourceEntity.insertResource  - &lt;==    Updates: 1
10:44:57,329 [main] DEBUG org.activiti.engine.impl.cfg.standalone.StandaloneMybatisTransactionContext  - firing event committing...
10:44:57,329 [main] DEBUG org.activiti.engine.impl.cfg.standalone.StandaloneMybatisTransactionContext  - committing the ibatis sql session...
10:44:57,329 [main] DEBUG org.apache.ibatis.transaction.jdbc.JdbcTransaction  - Committing JDBC Connection [conn2: url=jdbc:h2:mem:activiti user=SA]
10:44:57,329 [main] DEBUG org.activiti.engine.impl.cfg.standalone.StandaloneMybatisTransactionContext  - firing event committed...
10:44:57,329 [main] DEBUG org.apache.ibatis.transaction.jdbc.JdbcTransaction  - Resetting autocommit to true on JDBC Connection [conn2: url=jdbc:h2:mem:activiti user=SA]
10:44:57,329 [main] DEBUG org.apache.ibatis.transaction.jdbc.JdbcTransaction  - Closing JDBC Connection [conn2: url=jdbc:h2:mem:activiti user=SA]
10:44:57,329 [main] DEBUG org.apache.ibatis.datasource.pooled.PooledDataSource  - Returned connection 363509958 to pool.
10:44:57,329 [main] DEBUG org.activiti.engine.impl.interceptor.LogInterceptor  - --- DeployCmd finished --------------------------------------------------------
10:44:57,329 [main] DEBUG org.activiti.engine.impl.interceptor.LogInterceptor  - 

10:44:57,329 [main] DEBUG org.activiti.engine.impl.interceptor.LogInterceptor  - 

10:44:57,329 [main] DEBUG org.activiti.engine.impl.interceptor.LogInterceptor  - --- starting StartProcessInstanceCmd --------------------------------------------------------
10:44:57,329 [main] DEBUG org.apache.ibatis.transaction.jdbc.JdbcTransaction  - Opening JDBC Connection
10:44:57,329 [main] DEBUG org.apache.ibatis.datasource.pooled.PooledDataSource  - Checked out connection 180014677 from pool.
10:44:57,329 [main] DEBUG org.apache.ibatis.transaction.jdbc.JdbcTransaction  - Setting autocommit to false on JDBC Connection [conn3: url=jdbc:h2:mem:activiti user=SA]
10:44:57,329 [main] DEBUG org.activiti.engine.impl.persistence.entity.ProcessDefinitionEntity.selectLatestProcessDefinitionByKey  - ==&gt;  Preparing: select * from ACT_RE_PROCDEF where KEY_ = ? and (TENANT_ID_ = &apos;&apos; or TENANT_ID_ is null) and VERSION_ = (select max(VERSION_) from ACT_RE_PROCDEF where KEY_ = ? and (TENANT_ID_ = &apos;&apos; or TENANT_ID_ is null)) 
10:44:57,330 [main] DEBUG org.activiti.engine.impl.persistence.entity.ProcessDefinitionEntity.selectLatestProcessDefinitionByKey  - ==&gt; Parameters: timerOnTask(String), timerOnTask(String)
10:44:57,330 [main] DEBUG org.activiti.engine.impl.persistence.entity.ProcessDefinitionEntity.selectLatestProcessDefinitionByKey  - &lt;==      Total: 1
10:44:57,330 [main] DEBUG org.activiti.engine.impl.persistence.entity.ExecutionEntity  - initializing ProcessInstance[1801]
10:44:57,330 [main] DEBUG org.activiti.engine.impl.history.DefaultHistoryManager  - Current history level: FULL, level required: ACTIVITY
10:44:57,330 [main] DEBUG org.activiti.engine.impl.pvm.runtime.AtomicOperationActivityExecute  - ProcessInstance[1801] executes Activity(theStart): org.activiti.engine.impl.bpmn.behavior.NoneStartEventActivityBehavior
10:44:57,330 [main] DEBUG org.activiti.engine.impl.persistence.entity.JobEntity.selectJobsByExecutionId  - ==&gt;  Preparing: select * from ACT_RU_JOB J where J.EXECUTION_ID_ = ? 
10:44:57,330 [main] DEBUG org.activiti.engine.impl.persistence.entity.JobEntity.selectJobsByExecutionId  - ==&gt; Parameters: 1801(String)
10:44:57,330 [main] DEBUG org.activiti.engine.impl.persistence.entity.JobEntity.selectJobsByExecutionId  - &lt;==      Total: 0
10:44:57,330 [main] DEBUG org.activiti.engine.impl.bpmn.behavior.BpmnActivityBehavior  - Leaving activity &apos;theStart&apos;
10:44:57,330 [main] DEBUG org.activiti.engine.impl.history.DefaultHistoryManager  - Current history level: FULL, level required: ACTIVITY
10:44:57,330 [main] DEBUG org.activiti.engine.impl.pvm.runtime.AtomicOperationTransitionNotifyListenerTake  - ProcessInstance[1801] takes transition (theStart)--flow1--&gt;(firstLineSupport)
10:44:57,330 [main] DEBUG org.activiti.engine.impl.persistence.entity.ExecutionEntity  - Child execution ScopeExecution[1803] created with parent 
10:44:57,330 [main] DEBUG org.activiti.engine.impl.pvm.runtime.AtomicOperationTransitionCreateScope  - create scope: parent ProcessInstance[1801] continues as execution ScopeExecution[1803]
10:44:57,330 [main] DEBUG org.activiti.engine.impl.persistence.entity.ExecutionEntity  - initializing ScopeExecution[1803]
10:44:57,330 [main] DEBUG org.activiti.engine.impl.persistence.entity.JobEntity.selectJobsByExecutionId  - ==&gt;  Preparing: select * from ACT_RU_JOB J where J.EXECUTION_ID_ = ? 
10:44:57,330 [main] DEBUG org.activiti.engine.impl.persistence.entity.JobEntity.selectJobsByExecutionId  - ==&gt; Parameters: 1803(String)
10:44:57,330 [main] DEBUG org.activiti.engine.impl.persistence.entity.JobEntity.selectJobsByExecutionId  - &lt;==      Total: 0
10:44:57,330 [main] DEBUG org.activiti.engine.impl.history.DefaultHistoryManager  - Current history level: FULL, level required: ACTIVITY
10:44:57,330 [main] DEBUG org.activiti.engine.impl.pvm.runtime.AtomicOperationActivityExecute  - ScopeExecution[1803] executes Activity(firstLineSupport): org.activiti.engine.impl.bpmn.behavior.UserTaskActivityBehavior
10:44:57,330 [main] DEBUG org.activiti.engine.impl.persistence.entity.TaskEntity.selectTasksByExecutionId  - ==&gt;  Preparing: select distinct T.* from ACT_RU_TASK T where T.EXECUTION_ID_ = ? 
10:44:57,330 [main] DEBUG org.activiti.engine.impl.persistence.entity.TaskEntity.selectTasksByExecutionId  - ==&gt; Parameters: 1803(String)
10:44:57,330 [main] DEBUG org.activiti.engine.impl.persistence.entity.TaskEntity.selectTasksByExecutionId  - &lt;==      Total: 0
10:44:57,330 [main] DEBUG org.activiti.engine.impl.history.DefaultHistoryManager  - Current history level: FULL, level required: AUDIT
10:44:57,330 [main] DEBUG org.activiti.engine.impl.history.DefaultHistoryManager  - Current history level: FULL, level required: AUDIT
10:44:57,330 [main] DEBUG org.activiti.engine.impl.interceptor.LogInterceptor  - 

10:44:57,330 [main] DEBUG org.activiti.engine.impl.interceptor.LogInterceptor  - --- starting  --------------------------------------------------------
10:44:57,330 [main] DEBUG org.activiti.engine.impl.interceptor.CommandContextInterceptor  - Valid context found. Reusing it for the current command &apos;null&apos;
10:44:57,330 [main] DEBUG org.activiti.engine.impl.persistence.entity.ProcessDefinitionInfoEntity.selectProcessDefinitionInfoByProcessDefinitionId  - ==&gt;  Preparing: select * from ACT_PROCDEF_INFO where PROC_DEF_ID_ = ? 
10:44:57,330 [main] DEBUG org.activiti.engine.impl.persistence.entity.ProcessDefinitionInfoEntity.selectProcessDefinitionInfoByProcessDefinitionId  - ==&gt; Parameters: timerOnTask:2:1800(String)
10:44:57,331 [main] DEBUG org.activiti.engine.impl.persistence.entity.ProcessDefinitionInfoEntity.selectProcessDefinitionInfoByProcessDefinitionId  - &lt;==      Total: 0
10:44:57,331 [main] DEBUG org.activiti.engine.impl.interceptor.LogInterceptor  - ---  finished --------------------------------------------------------
10:44:57,331 [main] DEBUG org.activiti.engine.impl.interceptor.LogInterceptor  - 

10:44:57,331 [main] DEBUG org.activiti.engine.impl.history.DefaultHistoryManager  - Current history level: FULL, level required: AUDIT
10:44:57,331 [main] DEBUG org.activiti.engine.impl.history.DefaultHistoryManager  - Current history level: FULL, level required: AUDIT
10:44:57,331 [main] DEBUG org.activiti.engine.impl.history.DefaultHistoryManager  - Current history level: FULL, level required: ACTIVITY
10:44:57,331 [main] DEBUG org.activiti.engine.impl.db.DbSqlSession  -   insert ProcessInstance[1801]
10:44:57,331 [main] DEBUG org.activiti.engine.impl.db.DbSqlSession  -   insert ScopeExecution[1803]
10:44:57,331 [main] DEBUG org.activiti.engine.impl.db.DbSqlSession  -   insert HistoricProcessInstanceEntity[superProcessInstanceId=null]
10:44:57,331 [main] DEBUG org.activiti.engine.impl.db.DbSqlSession  -   insert Task[id=1806, name=First line support]
10:44:57,331 [main] DEBUG org.activiti.engine.impl.db.DbSqlSession  -   insert HistoricTaskInstanceEntity[id=1806, name=First line support]
10:44:57,331 [main] DEBUG org.activiti.engine.impl.db.DbSqlSession  -   insert HistoricActivityInstanceEntity[activityId=theStart, activityName=null]
10:44:57,331 [main] DEBUG org.activiti.engine.impl.db.DbSqlSession  -   insert HistoricActivityInstanceEntity[activityId=firstLineSupport, activityName=First line support]
10:44:57,331 [main] DEBUG org.activiti.engine.impl.db.DbSqlSession  -   insert JobEntity [id=1804]
10:44:57,331 [main] DEBUG org.activiti.engine.impl.db.DbSqlSession  - flush summary: 8 insert, 0 update, 0 delete.
10:44:57,331 [main] DEBUG org.activiti.engine.impl.db.DbSqlSession  - now executing flush...
10:44:57,331 [main] DEBUG org.activiti.engine.impl.db.DbSqlSession  - inserting: HistoricTaskInstanceEntity[id=1806, name=First line support]
10:44:57,331 [main] DEBUG org.activiti.engine.impl.persistence.entity.HistoricTaskInstanceEntity.insertHistoricTaskInstance  - ==&gt;  Preparing: insert into ACT_HI_TASKINST ( ID_, PROC_DEF_ID_, PROC_INST_ID_, EXECUTION_ID_, NAME_, PARENT_TASK_ID_, DESCRIPTION_, OWNER_, ASSIGNEE_, START_TIME_, CLAIM_TIME_, END_TIME_, DURATION_, DELETE_REASON_, TASK_DEF_KEY_, FORM_KEY_, PRIORITY_, DUE_DATE_, CATEGORY_, TENANT_ID_ ) values ( ?, ?, ?, ?, ?, ?, ?, ?, ?, ?, ?, ?, ?, ?, ?, ?, ?, ?, ?, ? ) 
10:44:57,331 [main] DEBUG org.activiti.engine.impl.persistence.entity.HistoricTaskInstanceEntity.insertHistoricTaskInstance  - ==&gt; Parameters: 1806(String), timerOnTask:2:1800(String), 1801(String), 1803(String), First line support(String), null, null, null, null, 2023-03-20 10:44:57.0(Timestamp), null, null, null, null, firstLineSupport(String), null, 50(Integer), null, null, (String)
10:44:57,331 [main] DEBUG org.activiti.engine.impl.persistence.entity.HistoricTaskInstanceEntity.insertHistoricTaskInstance  - &lt;==    Updates: 1
10:44:57,331 [main] DEBUG org.activiti.engine.impl.db.DbSqlSession  - inserting: HistoricProcessInstanceEntity[superProcessInstanceId=null]
10:44:57,331 [main] DEBUG org.activiti.engine.impl.persistence.entity.HistoricProcessInstanceEntity.insertHistoricProcessInstance  - ==&gt;  Preparing: insert into ACT_HI_PROCINST ( ID_, PROC_INST_ID_, BUSINESS_KEY_, PROC_DEF_ID_, START_TIME_, END_TIME_, DURATION_, START_USER_ID_, START_ACT_ID_, END_ACT_ID_, SUPER_PROCESS_INSTANCE_ID_, DELETE_REASON_, TENANT_ID_, NAME_ ) values ( ?, ?, ?, ?, ?, ?, ?, ?, ?, ?, ?, ?, ?, ? ) 
10:44:57,331 [main] DEBUG org.activiti.engine.impl.persistence.entity.HistoricProcessInstanceEntity.insertHistoricProcessInstance  - ==&gt; Parameters: 1801(String), 1801(String), null, timerOnTask:2:1800(String), 2023-03-20 10:44:57.0(Timestamp), null, null, null, theStart(String), null, null, null, (String), null
10:44:57,331 [main] DEBUG org.activiti.engine.impl.persistence.entity.HistoricProcessInstanceEntity.insertHistoricProcessInstance  - &lt;==    Updates: 1
10:44:57,331 [main] DEBUG org.activiti.engine.impl.persistence.entity.HistoricActivityInstanceEntity.bulkInsertHistoricActivityInstance  - ==&gt;  Preparing: insert into ACT_HI_ACTINST ( ID_, PROC_DEF_ID_, PROC_INST_ID_, EXECUTION_ID_, ACT_ID_, TASK_ID_, CALL_PROC_INST_ID_, ACT_NAME_, ACT_TYPE_, ASSIGNEE_, START_TIME_, END_TIME_, DURATION_, TENANT_ID_ ) values (?, ?, ?, ?, ?, ?, ?, ?, ?, ?, ?, ?, ?, ?) , (?, ?, ?, ?, ?, ?, ?, ?, ?, ?, ?, ?, ?, ?) 
10:44:57,331 [main] DEBUG org.activiti.engine.impl.persistence.entity.HistoricActivityInstanceEntity.bulkInsertHistoricActivityInstance  - ==&gt; Parameters: 1802(String), timerOnTask:2:1800(String), 1801(String), 1801(String), theStart(String), null, null, null, startEvent(String), null, 2023-03-20 10:44:57.0(Timestamp), 2023-03-20 10:44:57.0(Timestamp), 0(Long), (String), 1805(String), timerOnTask:2:1800(String), 1801(String), 1803(String), firstLineSupport(String), 1806(String), null, First line support(String), userTask(String), null, 2023-03-20 10:44:57.0(Timestamp), null, null, (String)
10:44:57,331 [main] DEBUG org.activiti.engine.impl.persistence.entity.HistoricActivityInstanceEntity.bulkInsertHistoricActivityInstance  - &lt;==    Updates: 2
10:44:57,331 [main] DEBUG org.activiti.engine.impl.persistence.entity.ExecutionEntity.bulkInsertExecution  - ==&gt;  Preparing: insert into ACT_RU_EXECUTION (ID_, REV_, PROC_INST_ID_, BUSINESS_KEY_, PROC_DEF_ID_, ACT_ID_, IS_ACTIVE_, IS_CONCURRENT_, IS_SCOPE_,IS_EVENT_SCOPE_, PARENT_ID_, SUPER_EXEC_, SUSPENSION_STATE_, CACHED_ENT_STATE_, TENANT_ID_, NAME_) values (?, 1, ?, ?, ?, ?, ?, ?, ?, ?, ?, ?, ?, ?, ?, ?) , (?, 1, ?, ?, ?, ?, ?, ?, ?, ?, ?, ?, ?, ?, ?, ?) 
10:44:57,331 [main] DEBUG org.activiti.engine.impl.persistence.entity.ExecutionEntity.bulkInsertExecution  - ==&gt; Parameters: 1801(String), 1801(String), null, timerOnTask:2:1800(String), null, false(Boolean), false(Boolean), true(Boolean), false(Boolean), null, null, 1(Integer), 2(Integer), (String), null, 1803(String), 1801(String), null, timerOnTask:2:1800(String), firstLineSupport(String), true(Boolean), false(Boolean), true(Boolean), false(Boolean), 1801(String), null, 1(Integer), 6(Integer), (String), null
10:44:57,331 [main] DEBUG org.activiti.engine.impl.persistence.entity.ExecutionEntity.bulkInsertExecution  - &lt;==    Updates: 2
10:44:57,331 [main] DEBUG org.activiti.engine.impl.db.DbSqlSession  - inserting: Task[id=1806, name=First line support]
10:44:57,331 [main] DEBUG org.activiti.engine.impl.persistence.entity.TaskEntity.insertTask  - ==&gt;  Preparing: insert into ACT_RU_TASK (ID_, REV_, NAME_, PARENT_TASK_ID_, DESCRIPTION_, PRIORITY_, CREATE_TIME_, OWNER_, ASSIGNEE_, DELEGATION_, EXECUTION_ID_, PROC_INST_ID_, PROC_DEF_ID_, TASK_DEF_KEY_, DUE_DATE_, CATEGORY_, SUSPENSION_STATE_, TENANT_ID_, FORM_KEY_) values (?, 1, ?, ?, ?, ?, ?, ?, ?, ?, ?, ?, ?, ?, ?, ?, ?, ?, ? ) 
10:44:57,331 [main] DEBUG org.activiti.engine.impl.persistence.entity.TaskEntity.insertTask  - ==&gt; Parameters: 1806(String), First line support(String), null, null, 50(Integer), 2023-03-20 10:44:57.0(Timestamp), null, null, null, 1803(String), 1801(String), timerOnTask:2:1800(String), firstLineSupport(String), null, null, 1(Integer), (String), null
10:44:57,331 [main] DEBUG org.activiti.engine.impl.persistence.entity.TaskEntity.insertTask  - &lt;==    Updates: 1
10:44:57,331 [main] DEBUG org.activiti.engine.impl.db.DbSqlSession  - inserting: JobEntity [id=1804]
10:44:57,332 [main] DEBUG org.activiti.engine.impl.persistence.entity.JobEntity.insertTimer  - ==&gt;  Preparing: insert into ACT_RU_JOB ( ID_, REV_, TYPE_, LOCK_OWNER_, LOCK_EXP_TIME_, EXCLUSIVE_, EXECUTION_ID_, PROCESS_INSTANCE_ID_, PROC_DEF_ID_, RETRIES_, EXCEPTION_STACK_ID_, EXCEPTION_MSG_, DUEDATE_, REPEAT_, HANDLER_TYPE_, HANDLER_CFG_, TENANT_ID_) values (?, 1, &apos;timer&apos;, ?, ?, ?, ?, ?, ?, ?, ?, ?, ?, ?, ?, ?, ? ) 
10:44:57,332 [main] DEBUG org.activiti.engine.impl.persistence.entity.JobEntity.insertTimer  - ==&gt; Parameters: 1804(String), null, null, true(Boolean), 1803(String), 1801(String), timerOnTask:2:1800(String), 3(Integer), null, null, 2023-03-20 11:44:57.0(Timestamp), null, timer-transition(String), {&quot;activityId&quot;:&quot;escalationTimer&quot;}(String), (String)
10:44:57,332 [main] DEBUG org.activiti.engine.impl.persistence.entity.JobEntity.insertTimer  - &lt;==    Updates: 1
10:44:57,332 [main] DEBUG org.activiti.engine.impl.cfg.standalone.StandaloneMybatisTransactionContext  - firing event committing...
10:44:57,332 [main] DEBUG org.activiti.engine.impl.cfg.standalone.StandaloneMybatisTransactionContext  - committing the ibatis sql session...
10:44:57,332 [main] DEBUG org.apache.ibatis.transaction.jdbc.JdbcTransaction  - Committing JDBC Connection [conn3: url=jdbc:h2:mem:activiti user=SA]
10:44:57,332 [main] DEBUG org.activiti.engine.impl.cfg.standalone.StandaloneMybatisTransactionContext  - firing event committed...
10:44:57,332 [main] DEBUG org.apache.ibatis.transaction.jdbc.JdbcTransaction  - Resetting autocommit to true on JDBC Connection [conn3: url=jdbc:h2:mem:activiti user=SA]
10:44:57,332 [main] DEBUG org.apache.ibatis.transaction.jdbc.JdbcTransaction  - Closing JDBC Connection [conn3: url=jdbc:h2:mem:activiti user=SA]
10:44:57,332 [main] DEBUG org.apache.ibatis.datasource.pooled.PooledDataSource  - Returned connection 180014677 to pool.
10:44:57,332 [main] DEBUG org.activiti.engine.impl.interceptor.LogInterceptor  - --- StartProcessInstanceCmd finished --------------------------------------------------------
10:44:57,332 [main] DEBUG org.activiti.engine.impl.interceptor.LogInterceptor  - 

10:44:57,332 [main] DEBUG org.activiti.engine.impl.interceptor.LogInterceptor  - 

10:44:57,332 [main] DEBUG org.activiti.engine.impl.interceptor.LogInterceptor  - --- starting StartProcessInstanceCmd --------------------------------------------------------
10:44:57,332 [main] DEBUG org.apache.ibatis.transaction.jdbc.JdbcTransaction  - Opening JDBC Connection
10:44:57,332 [main] DEBUG org.apache.ibatis.datasource.pooled.PooledDataSource  - Checked out connection 297240765 from pool.
10:44:57,332 [main] DEBUG org.apache.ibatis.transaction.jdbc.JdbcTransaction  - Setting autocommit to false on JDBC Connection [conn4: url=jdbc:h2:mem:activiti user=SA]
10:44:57,332 [main] DEBUG org.activiti.engine.impl.persistence.entity.ProcessDefinitionEntity.selectLatestProcessDefinitionByKey  - ==&gt;  Preparing: select * from ACT_RE_PROCDEF where KEY_ = ? and (TENANT_ID_ = &apos;&apos; or TENANT_ID_ is null) and VERSION_ = (select max(VERSION_) from ACT_RE_PROCDEF where KEY_ = ? and (TENANT_ID_ = &apos;&apos; or TENANT_ID_ is null)) 
10:44:57,332 [main] DEBUG org.activiti.engine.impl.persistence.entity.ProcessDefinitionEntity.selectLatestProcessDefinitionByKey  - ==&gt; Parameters: timerOnTask(String), timerOnTask(String)
10:44:57,332 [main] DEBUG org.activiti.engine.impl.persistence.entity.ProcessDefinitionEntity.selectLatestProcessDefinitionByKey  - &lt;==      Total: 1
10:44:57,332 [main] DEBUG org.activiti.engine.impl.persistence.entity.ExecutionEntity  - initializing ProcessInstance[1807]
10:44:57,332 [main] DEBUG org.activiti.engine.impl.history.DefaultHistoryManager  - Current history level: FULL, level required: ACTIVITY
10:44:57,332 [main] DEBUG org.activiti.engine.impl.pvm.runtime.AtomicOperationActivityExecute  - ProcessInstance[1807] executes Activity(theStart): org.activiti.engine.impl.bpmn.behavior.NoneStartEventActivityBehavior
10:44:57,332 [main] DEBUG org.activiti.engine.impl.persistence.entity.JobEntity.selectJobsByExecutionId  - ==&gt;  Preparing: select * from ACT_RU_JOB J where J.EXECUTION_ID_ = ? 
10:44:57,332 [main] DEBUG org.activiti.engine.impl.persistence.entity.JobEntity.selectJobsByExecutionId  - ==&gt; Parameters: 1807(String)
10:44:57,332 [main] DEBUG org.activiti.engine.impl.persistence.entity.JobEntity.selectJobsByExecutionId  - &lt;==      Total: 0
10:44:57,332 [main] DEBUG org.activiti.engine.impl.bpmn.behavior.BpmnActivityBehavior  - Leaving activity &apos;theStart&apos;
10:44:57,332 [main] DEBUG org.activiti.engine.impl.history.DefaultHistoryManager  - Current history level: FULL, level required: ACTIVITY
10:44:57,332 [main] DEBUG org.activiti.engine.impl.pvm.runtime.AtomicOperationTransitionNotifyListenerTake  - ProcessInstance[1807] takes transition (theStart)--flow1--&gt;(firstLineSupport)
10:44:57,332 [main] DEBUG org.activiti.engine.impl.persistence.entity.ExecutionEntity  - Child execution ScopeExecution[1809] created with parent 
10:44:57,332 [main] DEBUG org.activiti.engine.impl.pvm.runtime.AtomicOperationTransitionCreateScope  - create scope: parent ProcessInstance[1807] continues as execution ScopeExecution[1809]
10:44:57,332 [main] DEBUG org.activiti.engine.impl.persistence.entity.ExecutionEntity  - initializing ScopeExecution[1809]
10:44:57,332 [main] DEBUG org.activiti.engine.impl.persistence.entity.JobEntity.selectJobsByExecutionId  - ==&gt;  Preparing: select * from ACT_RU_JOB J where J.EXECUTION_ID_ = ? 
10:44:57,332 [main] DEBUG org.activiti.engine.impl.persistence.entity.JobEntity.selectJobsByExecutionId  - ==&gt; Parameters: 1809(String)
10:44:57,332 [main] DEBUG org.activiti.engine.impl.persistence.entity.JobEntity.selectJobsByExecutionId  - &lt;==      Total: 0
10:44:57,332 [main] DEBUG org.activiti.engine.impl.history.DefaultHistoryManager  - Current history level: FULL, level required: ACTIVITY
10:44:57,332 [main] DEBUG org.activiti.engine.impl.pvm.runtime.AtomicOperationActivityExecute  - ScopeExecution[1809] executes Activity(firstLineSupport): org.activiti.engine.impl.bpmn.behavior.UserTaskActivityBehavior
10:44:57,332 [main] DEBUG org.activiti.engine.impl.persistence.entity.TaskEntity.selectTasksByExecutionId  - ==&gt;  Preparing: select distinct T.* from ACT_RU_TASK T where T.EXECUTION_ID_ = ? 
10:44:57,332 [main] DEBUG org.activiti.engine.impl.persistence.entity.TaskEntity.selectTasksByExecutionId  - ==&gt; Parameters: 1809(String)
10:44:57,332 [main] DEBUG org.activiti.engine.impl.persistence.entity.TaskEntity.selectTasksByExecutionId  - &lt;==      Total: 0
10:44:57,332 [main] DEBUG org.activiti.engine.impl.history.DefaultHistoryManager  - Current history level: FULL, level required: AUDIT
10:44:57,332 [main] DEBUG org.activiti.engine.impl.history.DefaultHistoryManager  - Current history level: FULL, level required: AUDIT
10:44:57,332 [main] DEBUG org.activiti.engine.impl.interceptor.LogInterceptor  - 

10:44:57,332 [main] DEBUG org.activiti.engine.impl.interceptor.LogInterceptor  - --- starting  --------------------------------------------------------
10:44:57,332 [main] DEBUG org.activiti.engine.impl.interceptor.CommandContextInterceptor  - Valid context found. Reusing it for the current command &apos;null&apos;
10:44:57,332 [main] DEBUG org.activiti.engine.impl.persistence.entity.ProcessDefinitionInfoEntity.selectProcessDefinitionInfoByProcessDefinitionId  - ==&gt;  Preparing: select * from ACT_PROCDEF_INFO where PROC_DEF_ID_ = ? 
10:44:57,332 [main] DEBUG org.activiti.engine.impl.persistence.entity.ProcessDefinitionInfoEntity.selectProcessDefinitionInfoByProcessDefinitionId  - ==&gt; Parameters: timerOnTask:2:1800(String)
10:44:57,332 [main] DEBUG org.activiti.engine.impl.persistence.entity.ProcessDefinitionInfoEntity.selectProcessDefinitionInfoByProcessDefinitionId  - &lt;==      Total: 0
10:44:57,332 [main] DEBUG org.activiti.engine.impl.interceptor.LogInterceptor  - ---  finished --------------------------------------------------------
10:44:57,332 [main] DEBUG org.activiti.engine.impl.interceptor.LogInterceptor  - 

10:44:57,332 [main] DEBUG org.activiti.engine.impl.history.DefaultHistoryManager  - Current history level: FULL, level required: AUDIT
10:44:57,332 [main] DEBUG org.activiti.engine.impl.history.DefaultHistoryManager  - Current history level: FULL, level required: AUDIT
10:44:57,332 [main] DEBUG org.activiti.engine.impl.history.DefaultHistoryManager  - Current history level: FULL, level required: ACTIVITY
10:44:57,332 [main] DEBUG org.activiti.engine.impl.db.DbSqlSession  -   insert ProcessInstance[1807]
10:44:57,332 [main] DEBUG org.activiti.engine.impl.db.DbSqlSession  -   insert ScopeExecution[1809]
10:44:57,332 [main] DEBUG org.activiti.engine.impl.db.DbSqlSession  -   insert HistoricProcessInstanceEntity[superProcessInstanceId=null]
10:44:57,332 [main] DEBUG org.activiti.engine.impl.db.DbSqlSession  -   insert Task[id=1812, name=First line support]
10:44:57,332 [main] DEBUG org.activiti.engine.impl.db.DbSqlSession  -   insert HistoricTaskInstanceEntity[id=1812, name=First line support]
10:44:57,332 [main] DEBUG org.activiti.engine.impl.db.DbSqlSession  -   insert HistoricActivityInstanceEntity[activityId=theStart, activityName=null]
10:44:57,332 [main] DEBUG org.activiti.engine.impl.db.DbSqlSession  -   insert HistoricActivityInstanceEntity[activityId=firstLineSupport, activityName=First line support]
10:44:57,332 [main] DEBUG org.activiti.engine.impl.db.DbSqlSession  -   insert JobEntity [id=1810]
10:44:57,332 [main] DEBUG org.activiti.engine.impl.db.DbSqlSession  - flush summary: 8 insert, 0 update, 0 delete.
10:44:57,332 [main] DEBUG org.activiti.engine.impl.db.DbSqlSession  - now executing flush...
10:44:57,332 [main] DEBUG org.activiti.engine.impl.db.DbSqlSession  - inserting: HistoricTaskInstanceEntity[id=1812, name=First line support]
10:44:57,332 [main] DEBUG org.activiti.engine.impl.persistence.entity.HistoricTaskInstanceEntity.insertHistoricTaskInstance  - ==&gt;  Preparing: insert into ACT_HI_TASKINST ( ID_, PROC_DEF_ID_, PROC_INST_ID_, EXECUTION_ID_, NAME_, PARENT_TASK_ID_, DESCRIPTION_, OWNER_, ASSIGNEE_, START_TIME_, CLAIM_TIME_, END_TIME_, DURATION_, DELETE_REASON_, TASK_DEF_KEY_, FORM_KEY_, PRIORITY_, DUE_DATE_, CATEGORY_, TENANT_ID_ ) values ( ?, ?, ?, ?, ?, ?, ?, ?, ?, ?, ?, ?, ?, ?, ?, ?, ?, ?, ?, ? ) 
10:44:57,333 [main] DEBUG org.activiti.engine.impl.persistence.entity.HistoricTaskInstanceEntity.insertHistoricTaskInstance  - ==&gt; Parameters: 1812(String), timerOnTask:2:1800(String), 1807(String), 1809(String), First line support(String), null, null, null, null, 2023-03-20 11:44:57.0(Timestamp), null, null, null, null, firstLineSupport(String), null, 50(Integer), null, null, (String)
10:44:57,333 [main] DEBUG org.activiti.engine.impl.persistence.entity.HistoricTaskInstanceEntity.insertHistoricTaskInstance  - &lt;==    Updates: 1
10:44:57,333 [main] DEBUG org.activiti.engine.impl.db.DbSqlSession  - inserting: HistoricProcessInstanceEntity[superProcessInstanceId=null]
10:44:57,333 [main] DEBUG org.activiti.engine.impl.persistence.entity.HistoricProcessInstanceEntity.insertHistoricProcessInstance  - ==&gt;  Preparing: insert into ACT_HI_PROCINST ( ID_, PROC_INST_ID_, BUSINESS_KEY_, PROC_DEF_ID_, START_TIME_, END_TIME_, DURATION_, START_USER_ID_, START_ACT_ID_, END_ACT_ID_, SUPER_PROCESS_INSTANCE_ID_, DELETE_REASON_, TENANT_ID_, NAME_ ) values ( ?, ?, ?, ?, ?, ?, ?, ?, ?, ?, ?, ?, ?, ? ) 
10:44:57,333 [main] DEBUG org.activiti.engine.impl.persistence.entity.HistoricProcessInstanceEntity.insertHistoricProcessInstance  - ==&gt; Parameters: 1807(String), 1807(String), null, timerOnTask:2:1800(String), 2023-03-20 11:44:57.0(Timestamp), null, null, null, theStart(String), null, null, null, (String), null
10:44:57,333 [main] DEBUG org.activiti.engine.impl.persistence.entity.HistoricProcessInstanceEntity.insertHistoricProcessInstance  - &lt;==    Updates: 1
10:44:57,333 [main] DEBUG org.activiti.engine.impl.persistence.entity.HistoricActivityInstanceEntity.bulkInsertHistoricActivityInstance  - ==&gt;  Preparing: insert into ACT_HI_ACTINST ( ID_, PROC_DEF_ID_, PROC_INST_ID_, EXECUTION_ID_, ACT_ID_, TASK_ID_, CALL_PROC_INST_ID_, ACT_NAME_, ACT_TYPE_, ASSIGNEE_, START_TIME_, END_TIME_, DURATION_, TENANT_ID_ ) values (?, ?, ?, ?, ?, ?, ?, ?, ?, ?, ?, ?, ?, ?) , (?, ?, ?, ?, ?, ?, ?, ?, ?, ?, ?, ?, ?, ?) 
10:44:57,333 [main] DEBUG org.activiti.engine.impl.persistence.entity.HistoricActivityInstanceEntity.bulkInsertHistoricActivityInstance  - ==&gt; Parameters: 1808(String), timerOnTask:2:1800(String), 1807(String), 1807(String), theStart(String), null, null, null, startEvent(String), null, 2023-03-20 11:44:57.0(Timestamp), 2023-03-20 11:44:57.0(Timestamp), 0(Long), (String), 1811(String), timerOnTask:2:1800(String), 1807(String), 1809(String), firstLineSupport(String), 1812(String), null, First line support(String), userTask(String), null, 2023-03-20 11:44:57.0(Timestamp), null, null, (String)
10:44:57,333 [main] DEBUG org.activiti.engine.impl.persistence.entity.HistoricActivityInstanceEntity.bulkInsertHistoricActivityInstance  - &lt;==    Updates: 2
10:44:57,333 [main] DEBUG org.activiti.engine.impl.persistence.entity.ExecutionEntity.bulkInsertExecution  - ==&gt;  Preparing: insert into ACT_RU_EXECUTION (ID_, REV_, PROC_INST_ID_, BUSINESS_KEY_, PROC_DEF_ID_, ACT_ID_, IS_ACTIVE_, IS_CONCURRENT_, IS_SCOPE_,IS_EVENT_SCOPE_, PARENT_ID_, SUPER_EXEC_, SUSPENSION_STATE_, CACHED_ENT_STATE_, TENANT_ID_, NAME_) values (?, 1, ?, ?, ?, ?, ?, ?, ?, ?, ?, ?, ?, ?, ?, ?) , (?, 1, ?, ?, ?, ?, ?, ?, ?, ?, ?, ?, ?, ?, ?, ?) 
10:44:57,333 [main] DEBUG org.activiti.engine.impl.persistence.entity.ExecutionEntity.bulkInsertExecution  - ==&gt; Parameters: 1807(String), 1807(String), null, timerOnTask:2:1800(String), null, false(Boolean), false(Boolean), true(Boolean), false(Boolean), null, null, 1(Integer), 2(Integer), (String), null, 1809(String), 1807(String), null, timerOnTask:2:1800(String), firstLineSupport(String), true(Boolean), false(Boolean), true(Boolean), false(Boolean), 1807(String), null, 1(Integer), 6(Integer), (String), null
10:44:57,333 [main] DEBUG org.activiti.engine.impl.persistence.entity.ExecutionEntity.bulkInsertExecution  - &lt;==    Updates: 2
10:44:57,333 [main] DEBUG org.activiti.engine.impl.db.DbSqlSession  - inserting: Task[id=1812, name=First line support]
10:44:57,333 [main] DEBUG org.activiti.engine.impl.persistence.entity.TaskEntity.insertTask  - ==&gt;  Preparing: insert into ACT_RU_TASK (ID_, REV_, NAME_, PARENT_TASK_ID_, DESCRIPTION_, PRIORITY_, CREATE_TIME_, OWNER_, ASSIGNEE_, DELEGATION_, EXECUTION_ID_, PROC_INST_ID_, PROC_DEF_ID_, TASK_DEF_KEY_, DUE_DATE_, CATEGORY_, SUSPENSION_STATE_, TENANT_ID_, FORM_KEY_) values (?, 1, ?, ?, ?, ?, ?, ?, ?, ?, ?, ?, ?, ?, ?, ?, ?, ?, ? ) 
10:44:57,333 [main] DEBUG org.activiti.engine.impl.persistence.entity.TaskEntity.insertTask  - ==&gt; Parameters: 1812(String), First line support(String), null, null, 50(Integer), 2023-03-20 11:44:57.0(Timestamp), null, null, null, 1809(String), 1807(String), timerOnTask:2:1800(String), firstLineSupport(String), null, null, 1(Integer), (String), null
10:44:57,333 [main] DEBUG org.activiti.engine.impl.persistence.entity.TaskEntity.insertTask  - &lt;==    Updates: 1
10:44:57,333 [main] DEBUG org.activiti.engine.impl.db.DbSqlSession  - inserting: JobEntity [id=1810]
10:44:57,333 [main] DEBUG org.activiti.engine.impl.persistence.entity.JobEntity.insertTimer  - ==&gt;  Preparing: insert into ACT_RU_JOB ( ID_, REV_, TYPE_, LOCK_OWNER_, LOCK_EXP_TIME_, EXCLUSIVE_, EXECUTION_ID_, PROCESS_INSTANCE_ID_, PROC_DEF_ID_, RETRIES_, EXCEPTION_STACK_ID_, EXCEPTION_MSG_, DUEDATE_, REPEAT_, HANDLER_TYPE_, HANDLER_CFG_, TENANT_ID_) values (?, 1, &apos;timer&apos;, ?, ?, ?, ?, ?, ?, ?, ?, ?, ?, ?, ?, ?, ? ) 
10:44:57,333 [main] DEBUG org.activiti.engine.impl.persistence.entity.JobEntity.insertTimer  - ==&gt; Parameters: 1810(String), null, null, true(Boolean), 1809(String), 1807(String), timerOnTask:2:1800(String), 3(Integer), null, null, 2023-03-20 12:44:57.0(Timestamp), null, timer-transition(String), {&quot;activityId&quot;:&quot;escalationTimer&quot;}(String), (String)
10:44:57,333 [main] DEBUG org.activiti.engine.impl.persistence.entity.JobEntity.insertTimer  - &lt;==    Updates: 1
10:44:57,333 [main] DEBUG org.activiti.engine.impl.cfg.standalone.StandaloneMybatisTransactionContext  - firing event committing...
10:44:57,333 [main] DEBUG org.activiti.engine.impl.cfg.standalone.StandaloneMybatisTransactionContext  - committing the ibatis sql session...
10:44:57,333 [main] DEBUG org.apache.ibatis.transaction.jdbc.JdbcTransaction  - Committing JDBC Connection [conn4: url=jdbc:h2:mem:activiti user=SA]
10:44:57,333 [main] DEBUG org.activiti.engine.impl.cfg.standalone.StandaloneMybatisTransactionContext  - firing event committed...
10:44:57,333 [main] DEBUG org.apache.ibatis.transaction.jdbc.JdbcTransaction  - Resetting autocommit to true on JDBC Connection [conn4: url=jdbc:h2:mem:activiti user=SA]
10:44:57,333 [main] DEBUG org.apache.ibatis.transaction.jdbc.JdbcTransaction  - Closing JDBC Connection [conn4: url=jdbc:h2:mem:activiti user=SA]
10:44:57,333 [main] DEBUG org.apache.ibatis.datasource.pooled.PooledDataSource  - Returned connection 297240765 to pool.
10:44:57,333 [main] DEBUG org.activiti.engine.impl.interceptor.LogInterceptor  - --- StartProcessInstanceCmd finished --------------------------------------------------------
10:44:57,333 [main] DEBUG org.activiti.engine.impl.interceptor.LogInterceptor  - 

10:44:57,333 [main] DEBUG org.activiti.engine.impl.interceptor.LogInterceptor  - 

10:44:57,333 [main] DEBUG org.activiti.engine.impl.interceptor.LogInterceptor  - --- starting StartProcessInstanceCmd --------------------------------------------------------
10:44:57,333 [main] DEBUG org.apache.ibatis.transaction.jdbc.JdbcTransaction  - Opening JDBC Connection
10:44:57,333 [main] DEBUG org.apache.ibatis.datasource.pooled.PooledDataSource  - Checked out connection 363509958 from pool.
10:44:57,333 [main] DEBUG org.apache.ibatis.transaction.jdbc.JdbcTransaction  - Setting autocommit to false on JDBC Connection [conn2: url=jdbc:h2:mem:activiti user=SA]
10:44:57,333 [main] DEBUG org.activiti.engine.impl.persistence.entity.ProcessDefinitionEntity.selectLatestProcessDefinitionByKey  - ==&gt;  Preparing: select * from ACT_RE_PROCDEF where KEY_ = ? and (TENANT_ID_ = &apos;&apos; or TENANT_ID_ is null) and VERSION_ = (select max(VERSION_) from ACT_RE_PROCDEF where KEY_ = ? and (TENANT_ID_ = &apos;&apos; or TENANT_ID_ is null)) 
10:44:57,333 [main] DEBUG org.activiti.engine.impl.persistence.entity.ProcessDefinitionEntity.selectLatestProcessDefinitionByKey  - ==&gt; Parameters: timerOnTask(String), timerOnTask(String)
10:44:57,333 [main] DEBUG org.activiti.engine.impl.persistence.entity.ProcessDefinitionEntity.selectLatestProcessDefinitionByKey  - &lt;==      Total: 1
10:44:57,333 [main] DEBUG org.activiti.engine.impl.persistence.entity.ExecutionEntity  - initializing ProcessInstance[1813]
10:44:57,333 [main] DEBUG org.activiti.engine.impl.history.DefaultHistoryManager  - Current history level: FULL, level required: ACTIVITY
10:44:57,333 [main] DEBUG org.activiti.engine.impl.pvm.runtime.AtomicOperationActivityExecute  - ProcessInstance[1813] executes Activity(theStart): org.activiti.engine.impl.bpmn.behavior.NoneStartEventActivityBehavior
10:44:57,333 [main] DEBUG org.activiti.engine.impl.persistence.entity.JobEntity.selectJobsByExecutionId  - ==&gt;  Preparing: select * from ACT_RU_JOB J where J.EXECUTION_ID_ = ? 
10:44:57,333 [main] DEBUG org.activiti.engine.impl.persistence.entity.JobEntity.selectJobsByExecutionId  - ==&gt; Parameters: 1813(String)
10:44:57,334 [main] DEBUG org.activiti.engine.impl.persistence.entity.JobEntity.selectJobsByExecutionId  - &lt;==      Total: 0
10:44:57,334 [main] DEBUG org.activiti.engine.impl.bpmn.behavior.BpmnActivityBehavior  - Leaving activity &apos;theStart&apos;
10:44:57,334 [main] DEBUG org.activiti.engine.impl.history.DefaultHistoryManager  - Current history level: FULL, level required: ACTIVITY
10:44:57,334 [main] DEBUG org.activiti.engine.impl.pvm.runtime.AtomicOperationTransitionNotifyListenerTake  - ProcessInstance[1813] takes transition (theStart)--flow1--&gt;(firstLineSupport)
10:44:57,334 [main] DEBUG org.activiti.engine.impl.persistence.entity.ExecutionEntity  - Child execution ScopeExecution[1815] created with parent 
10:44:57,334 [main] DEBUG org.activiti.engine.impl.pvm.runtime.AtomicOperationTransitionCreateScope  - create scope: parent ProcessInstance[1813] continues as execution ScopeExecution[1815]
10:44:57,334 [main] DEBUG org.activiti.engine.impl.persistence.entity.ExecutionEntity  - initializing ScopeExecution[1815]
10:44:57,334 [main] DEBUG org.activiti.engine.impl.persistence.entity.JobEntity.selectJobsByExecutionId  - ==&gt;  Preparing: select * from ACT_RU_JOB J where J.EXECUTION_ID_ = ? 
10:44:57,334 [main] DEBUG org.activiti.engine.impl.persistence.entity.JobEntity.selectJobsByExecutionId  - ==&gt; Parameters: 1815(String)
10:44:57,334 [main] DEBUG org.activiti.engine.impl.persistence.entity.JobEntity.selectJobsByExecutionId  - &lt;==      Total: 0
10:44:57,334 [main] DEBUG org.activiti.engine.impl.history.DefaultHistoryManager  - Current history level: FULL, level required: ACTIVITY
10:44:57,334 [main] DEBUG org.activiti.engine.impl.pvm.runtime.AtomicOperationActivityExecute  - ScopeExecution[1815] executes Activity(firstLineSupport): org.activiti.engine.impl.bpmn.behavior.UserTaskActivityBehavior
10:44:57,334 [main] DEBUG org.activiti.engine.impl.persistence.entity.TaskEntity.selectTasksByExecutionId  - ==&gt;  Preparing: select distinct T.* from ACT_RU_TASK T where T.EXECUTION_ID_ = ? 
10:44:57,334 [main] DEBUG org.activiti.engine.impl.persistence.entity.TaskEntity.selectTasksByExecutionId  - ==&gt; Parameters: 1815(String)
10:44:57,334 [main] DEBUG org.activiti.engine.impl.persistence.entity.TaskEntity.selectTasksByExecutionId  - &lt;==      Total: 0
10:44:57,334 [main] DEBUG org.activiti.engine.impl.history.DefaultHistoryManager  - Current history level: FULL, level required: AUDIT
10:44:57,334 [main] DEBUG org.activiti.engine.impl.history.DefaultHistoryManager  - Current history level: FULL, level required: AUDIT
10:44:57,334 [main] DEBUG org.activiti.engine.impl.interceptor.LogInterceptor  - 

10:44:57,334 [main] DEBUG org.activiti.engine.impl.interceptor.LogInterceptor  - --- starting  --------------------------------------------------------
10:44:57,334 [main] DEBUG org.activiti.engine.impl.interceptor.CommandContextInterceptor  - Valid context found. Reusing it for the current command &apos;null&apos;
10:44:57,334 [main] DEBUG org.activiti.engine.impl.persistence.entity.ProcessDefinitionInfoEntity.selectProcessDefinitionInfoByProcessDefinitionId  - ==&gt;  Preparing: select * from ACT_PROCDEF_INFO where PROC_DEF_ID_ = ? 
10:44:57,334 [main] DEBUG org.activiti.engine.impl.persistence.entity.ProcessDefinitionInfoEntity.selectProcessDefinitionInfoByProcessDefinitionId  - ==&gt; Parameters: timerOnTask:2:1800(String)
10:44:57,334 [main] DEBUG org.activiti.engine.impl.persistence.entity.ProcessDefinitionInfoEntity.selectProcessDefinitionInfoByProcessDefinitionId  - &lt;==      Total: 0
10:44:57,334 [main] DEBUG org.activiti.engine.impl.interceptor.LogInterceptor  - ---  finished --------------------------------------------------------
10:44:57,334 [main] DEBUG org.activiti.engine.impl.interceptor.LogInterceptor  - 

10:44:57,334 [main] DEBUG org.activiti.engine.impl.history.DefaultHistoryManager  - Current history level: FULL, level required: AUDIT
10:44:57,334 [main] DEBUG org.activiti.engine.impl.history.DefaultHistoryManager  - Current history level: FULL, level required: AUDIT
10:44:57,334 [main] DEBUG org.activiti.engine.impl.history.DefaultHistoryManager  - Current history level: FULL, level required: ACTIVITY
10:44:57,334 [main] DEBUG org.activiti.engine.impl.db.DbSqlSession  -   insert ProcessInstance[1813]
10:44:57,334 [main] DEBUG org.activiti.engine.impl.db.DbSqlSession  -   insert ScopeExecution[1815]
10:44:57,334 [main] DEBUG org.activiti.engine.impl.db.DbSqlSession  -   insert HistoricProcessInstanceEntity[superProcessInstanceId=null]
10:44:57,334 [main] DEBUG org.activiti.engine.impl.db.DbSqlSession  -   insert Task[id=1818, name=First line support]
10:44:57,334 [main] DEBUG org.activiti.engine.impl.db.DbSqlSession  -   insert HistoricTaskInstanceEntity[id=1818, name=First line support]
10:44:57,334 [main] DEBUG org.activiti.engine.impl.db.DbSqlSession  -   insert HistoricActivityInstanceEntity[activityId=theStart, activityName=null]
10:44:57,334 [main] DEBUG org.activiti.engine.impl.db.DbSqlSession  -   insert HistoricActivityInstanceEntity[activityId=firstLineSupport, activityName=First line support]
10:44:57,334 [main] DEBUG org.activiti.engine.impl.db.DbSqlSession  -   insert JobEntity [id=1816]
10:44:57,334 [main] DEBUG org.activiti.engine.impl.db.DbSqlSession  - flush summary: 8 insert, 0 update, 0 delete.
10:44:57,334 [main] DEBUG org.activiti.engine.impl.db.DbSqlSession  - now executing flush...
10:44:57,334 [main] DEBUG org.activiti.engine.impl.db.DbSqlSession  - inserting: HistoricTaskInstanceEntity[id=1818, name=First line support]
10:44:57,334 [main] DEBUG org.activiti.engine.impl.persistence.entity.HistoricTaskInstanceEntity.insertHistoricTaskInstance  - ==&gt;  Preparing: insert into ACT_HI_TASKINST ( ID_, PROC_DEF_ID_, PROC_INST_ID_, EXECUTION_ID_, NAME_, PARENT_TASK_ID_, DESCRIPTION_, OWNER_, ASSIGNEE_, START_TIME_, CLAIM_TIME_, END_TIME_, DURATION_, DELETE_REASON_, TASK_DEF_KEY_, FORM_KEY_, PRIORITY_, DUE_DATE_, CATEGORY_, TENANT_ID_ ) values ( ?, ?, ?, ?, ?, ?, ?, ?, ?, ?, ?, ?, ?, ?, ?, ?, ?, ?, ?, ? ) 
10:44:57,334 [main] DEBUG org.activiti.engine.impl.persistence.entity.HistoricTaskInstanceEntity.insertHistoricTaskInstance  - ==&gt; Parameters: 1818(String), timerOnTask:2:1800(String), 1813(String), 1815(String), First line support(String), null, null, null, null, 2023-03-20 12:44:57.0(Timestamp), null, null, null, null, firstLineSupport(String), null, 50(Integer), null, null, (String)
10:44:57,334 [main] DEBUG org.activiti.engine.impl.persistence.entity.HistoricTaskInstanceEntity.insertHistoricTaskInstance  - &lt;==    Updates: 1
10:44:57,334 [main] DEBUG org.activiti.engine.impl.db.DbSqlSession  - inserting: HistoricProcessInstanceEntity[superProcessInstanceId=null]
10:44:57,334 [main] DEBUG org.activiti.engine.impl.persistence.entity.HistoricProcessInstanceEntity.insertHistoricProcessInstance  - ==&gt;  Preparing: insert into ACT_HI_PROCINST ( ID_, PROC_INST_ID_, BUSINESS_KEY_, PROC_DEF_ID_, START_TIME_, END_TIME_, DURATION_, START_USER_ID_, START_ACT_ID_, END_ACT_ID_, SUPER_PROCESS_INSTANCE_ID_, DELETE_REASON_, TENANT_ID_, NAME_ ) values ( ?, ?, ?, ?, ?, ?, ?, ?, ?, ?, ?, ?, ?, ? ) 
10:44:57,334 [main] DEBUG org.activiti.engine.impl.persistence.entity.HistoricProcessInstanceEntity.insertHistoricProcessInstance  - ==&gt; Parameters: 1813(String), 1813(String), null, timerOnTask:2:1800(String), 2023-03-20 12:44:57.0(Timestamp), null, null, null, theStart(String), null, null, null, (String), null
10:44:57,334 [main] DEBUG org.activiti.engine.impl.persistence.entity.HistoricProcessInstanceEntity.insertHistoricProcessInstance  - &lt;==    Updates: 1
10:44:57,334 [main] DEBUG org.activiti.engine.impl.persistence.entity.HistoricActivityInstanceEntity.bulkInsertHistoricActivityInstance  - ==&gt;  Preparing: insert into ACT_HI_ACTINST ( ID_, PROC_DEF_ID_, PROC_INST_ID_, EXECUTION_ID_, ACT_ID_, TASK_ID_, CALL_PROC_INST_ID_, ACT_NAME_, ACT_TYPE_, ASSIGNEE_, START_TIME_, END_TIME_, DURATION_, TENANT_ID_ ) values (?, ?, ?, ?, ?, ?, ?, ?, ?, ?, ?, ?, ?, ?) , (?, ?, ?, ?, ?, ?, ?, ?, ?, ?, ?, ?, ?, ?) 
10:44:57,334 [main] DEBUG org.activiti.engine.impl.persistence.entity.HistoricActivityInstanceEntity.bulkInsertHistoricActivityInstance  - ==&gt; Parameters: 1814(String), timerOnTask:2:1800(String), 1813(String), 1813(String), theStart(String), null, null, null, startEvent(String), null, 2023-03-20 12:44:57.0(Timestamp), 2023-03-20 12:44:57.0(Timestamp), 0(Long), (String), 1817(String), timerOnTask:2:1800(String), 1813(String), 1815(String), firstLineSupport(String), 1818(String), null, First line support(String), userTask(String), null, 2023-03-20 12:44:57.0(Timestamp), null, null, (String)
10:44:57,334 [main] DEBUG org.activiti.engine.impl.persistence.entity.HistoricActivityInstanceEntity.bulkInsertHistoricActivityInstance  - &lt;==    Updates: 2
10:44:57,335 [main] DEBUG org.activiti.engine.impl.persistence.entity.ExecutionEntity.bulkInsertExecution  - ==&gt;  Preparing: insert into ACT_RU_EXECUTION (ID_, REV_, PROC_INST_ID_, BUSINESS_KEY_, PROC_DEF_ID_, ACT_ID_, IS_ACTIVE_, IS_CONCURRENT_, IS_SCOPE_,IS_EVENT_SCOPE_, PARENT_ID_, SUPER_EXEC_, SUSPENSION_STATE_, CACHED_ENT_STATE_, TENANT_ID_, NAME_) values (?, 1, ?, ?, ?, ?, ?, ?, ?, ?, ?, ?, ?, ?, ?, ?) , (?, 1, ?, ?, ?, ?, ?, ?, ?, ?, ?, ?, ?, ?, ?, ?) 
10:44:57,335 [main] DEBUG org.activiti.engine.impl.persistence.entity.ExecutionEntity.bulkInsertExecution  - ==&gt; Parameters: 1813(String), 1813(String), null, timerOnTask:2:1800(String), null, false(Boolean), false(Boolean), true(Boolean), false(Boolean), null, null, 1(Integer), 2(Integer), (String), null, 1815(String), 1813(String), null, timerOnTask:2:1800(String), firstLineSupport(String), true(Boolean), false(Boolean), true(Boolean), false(Boolean), 1813(String), null, 1(Integer), 6(Integer), (String), null
10:44:57,335 [main] DEBUG org.activiti.engine.impl.persistence.entity.ExecutionEntity.bulkInsertExecution  - &lt;==    Updates: 2
10:44:57,335 [main] DEBUG org.activiti.engine.impl.db.DbSqlSession  - inserting: Task[id=1818, name=First line support]
10:44:57,335 [main] DEBUG org.activiti.engine.impl.persistence.entity.TaskEntity.insertTask  - ==&gt;  Preparing: insert into ACT_RU_TASK (ID_, REV_, NAME_, PARENT_TASK_ID_, DESCRIPTION_, PRIORITY_, CREATE_TIME_, OWNER_, ASSIGNEE_, DELEGATION_, EXECUTION_ID_, PROC_INST_ID_, PROC_DEF_ID_, TASK_DEF_KEY_, DUE_DATE_, CATEGORY_, SUSPENSION_STATE_, TENANT_ID_, FORM_KEY_) values (?, 1, ?, ?, ?, ?, ?, ?, ?, ?, ?, ?, ?, ?, ?, ?, ?, ?, ? ) 
10:44:57,335 [main] DEBUG org.activiti.engine.impl.persistence.entity.TaskEntity.insertTask  - ==&gt; Parameters: 1818(String), First line support(String), null, null, 50(Integer), 2023-03-20 12:44:57.0(Timestamp), null, null, null, 1815(String), 1813(String), timerOnTask:2:1800(String), firstLineSupport(String), null, null, 1(Integer), (String), null
10:44:57,335 [main] DEBUG org.activiti.engine.impl.persistence.entity.TaskEntity.insertTask  - &lt;==    Updates: 1
10:44:57,335 [main] DEBUG org.activiti.engine.impl.db.DbSqlSession  - inserting: JobEntity [id=1816]
10:44:57,335 [main] DEBUG org.activiti.engine.impl.persistence.entity.JobEntity.insertTimer  - ==&gt;  Preparing: insert into ACT_RU_JOB ( ID_, REV_, TYPE_, LOCK_OWNER_, LOCK_EXP_TIME_, EXCLUSIVE_, EXECUTION_ID_, PROCESS_INSTANCE_ID_, PROC_DEF_ID_, RETRIES_, EXCEPTION_STACK_ID_, EXCEPTION_MSG_, DUEDATE_, REPEAT_, HANDLER_TYPE_, HANDLER_CFG_, TENANT_ID_) values (?, 1, &apos;timer&apos;, ?, ?, ?, ?, ?, ?, ?, ?, ?, ?, ?, ?, ?, ? ) 
10:44:57,335 [main] DEBUG org.activiti.engine.impl.persistence.entity.JobEntity.insertTimer  - ==&gt; Parameters: 1816(String), null, null, true(Boolean), 1815(String), 1813(String), timerOnTask:2:1800(String), 3(Integer), null, null, 2023-03-20 13:44:57.0(Timestamp), null, timer-transition(String), {&quot;activityId&quot;:&quot;escalationTimer&quot;}(String), (String)
10:44:57,335 [main] DEBUG org.activiti.engine.impl.persistence.entity.JobEntity.insertTimer  - &lt;==    Updates: 1
10:44:57,335 [main] DEBUG org.activiti.engine.impl.cfg.standalone.StandaloneMybatisTransactionContext  - firing event committing...
10:44:57,335 [main] DEBUG org.activiti.engine.impl.cfg.standalone.StandaloneMybatisTransactionContext  - committing the ibatis sql session...
10:44:57,335 [main] DEBUG org.apache.ibatis.transaction.jdbc.JdbcTransaction  - Committing JDBC Connection [conn2: url=jdbc:h2:mem:activiti user=SA]
10:44:57,335 [main] DEBUG org.activiti.engine.impl.cfg.standalone.StandaloneMybatisTransactionContext  - firing event committed...
10:44:57,335 [main] DEBUG org.apache.ibatis.transaction.jdbc.JdbcTransaction  - Resetting autocommit to true on JDBC Connection [conn2: url=jdbc:h2:mem:activiti user=SA]
10:44:57,335 [main] DEBUG org.apache.ibatis.transaction.jdbc.JdbcTransaction  - Closing JDBC Connection [conn2: url=jdbc:h2:mem:activiti user=SA]
10:44:57,335 [main] DEBUG org.apache.ibatis.datasource.pooled.PooledDataSource  - Returned connection 363509958 to pool.
10:44:57,335 [main] DEBUG org.activiti.engine.impl.interceptor.LogInterceptor  - --- StartProcessInstanceCmd finished --------------------------------------------------------
10:44:57,335 [main] DEBUG org.activiti.engine.impl.interceptor.LogInterceptor  - 

10:44:57,335 [main] DEBUG org.activiti.engine.impl.interceptor.LogInterceptor  - 

10:44:57,335 [main] DEBUG org.activiti.engine.impl.interceptor.LogInterceptor  - --- starting  --------------------------------------------------------
10:44:57,335 [main] DEBUG org.activiti.engine.impl.db.DbSqlSession  -   insert JobEntity [id=1819]
10:44:57,335 [main] DEBUG org.activiti.engine.impl.db.DbSqlSession  - flush summary: 1 insert, 0 update, 0 delete.
10:44:57,335 [main] DEBUG org.activiti.engine.impl.db.DbSqlSession  - now executing flush...
10:44:57,335 [main] DEBUG org.activiti.engine.impl.db.DbSqlSession  - inserting: JobEntity [id=1819]
10:44:57,335 [main] DEBUG org.apache.ibatis.transaction.jdbc.JdbcTransaction  - Opening JDBC Connection
10:44:57,335 [main] DEBUG org.apache.ibatis.datasource.pooled.PooledDataSource  - Checked out connection 180014677 from pool.
10:44:57,335 [main] DEBUG org.apache.ibatis.transaction.jdbc.JdbcTransaction  - Setting autocommit to false on JDBC Connection [conn3: url=jdbc:h2:mem:activiti user=SA]
10:44:57,335 [main] DEBUG org.activiti.engine.impl.persistence.entity.JobEntity.insertMessage  - ==&gt;  Preparing: insert into ACT_RU_JOB ( ID_, REV_, TYPE_, LOCK_OWNER_, LOCK_EXP_TIME_, EXCLUSIVE_, EXECUTION_ID_, PROCESS_INSTANCE_ID_, PROC_DEF_ID_, DUEDATE_, RETRIES_, EXCEPTION_STACK_ID_, EXCEPTION_MSG_, HANDLER_TYPE_, HANDLER_CFG_, TENANT_ID_) values (?, 1, &apos;message&apos;, ?, ?, ?, ?, ?, ?, ?, ?, ?, ?, ?, ?, ? ) 
10:44:57,335 [main] DEBUG org.activiti.engine.impl.persistence.entity.JobEntity.insertMessage  - ==&gt; Parameters: 1819(String), null, null, true(Boolean), null, null, null, 2023-03-20 12:49:57.0(Timestamp), 3(Integer), null, null, null, null, (String)
10:44:57,335 [main] DEBUG org.activiti.engine.impl.persistence.entity.JobEntity.insertMessage  - &lt;==    Updates: 1
10:44:57,335 [main] DEBUG org.activiti.engine.impl.cfg.standalone.StandaloneMybatisTransactionContext  - firing event committing...
10:44:57,335 [main] DEBUG org.activiti.engine.impl.cfg.standalone.StandaloneMybatisTransactionContext  - committing the ibatis sql session...
10:44:57,335 [main] DEBUG org.apache.ibatis.transaction.jdbc.JdbcTransaction  - Committing JDBC Connection [conn3: url=jdbc:h2:mem:activiti user=SA]
10:44:57,335 [main] DEBUG org.activiti.engine.impl.cfg.standalone.StandaloneMybatisTransactionContext  - firing event committed...
10:44:57,335 [main] DEBUG org.activiti.engine.impl.jobexecutor.AsyncJobAddedNotification  - notifying job executor of new job
10:44:57,335 [main] DEBUG org.apache.ibatis.transaction.jdbc.JdbcTransaction  - Resetting autocommit to true on JDBC Connection [conn3: url=jdbc:h2:mem:activiti user=SA]
10:44:57,335 [main] DEBUG org.apache.ibatis.transaction.jdbc.JdbcTransaction  - Closing JDBC Connection [conn3: url=jdbc:h2:mem:activiti user=SA]
10:44:57,335 [main] DEBUG org.apache.ibatis.datasource.pooled.PooledDataSource  - Returned connection 180014677 to pool.
10:44:57,335 [main] DEBUG org.activiti.engine.impl.interceptor.LogInterceptor  - ---  finished --------------------------------------------------------
10:44:57,335 [main] DEBUG org.activiti.engine.impl.interceptor.LogInterceptor  - 

10:44:57,335 [main] DEBUG org.activiti.engine.impl.test.PvmTestCase  - 

10:44:57,335 [main] DEBUG org.activiti.engine.impl.test.PvmTestCase  - #### START JobQueryTest.testQueryByExecutionId ###########################################################
10:44:57,335 [main] DEBUG org.activiti.engine.impl.interceptor.LogInterceptor  - 

10:44:57,335 [main] DEBUG org.activiti.engine.impl.interceptor.LogInterceptor  - --- starting JobQueryImpl --------------------------------------------------------
10:44:57,335 [main] DEBUG org.apache.ibatis.transaction.jdbc.JdbcTransaction  - Opening JDBC Connection
10:44:57,335 [main] DEBUG org.apache.ibatis.datasource.pooled.PooledDataSource  - Checked out connection 297240765 from pool.
10:44:57,335 [main] DEBUG org.apache.ibatis.transaction.jdbc.JdbcTransaction  - Setting autocommit to false on JDBC Connection [conn4: url=jdbc:h2:mem:activiti user=SA]
10:44:57,335 [main] DEBUG org.activiti.engine.impl.persistence.entity.JobEntity.selectJobByQueryCriteria  - ==&gt;  Preparing: select RES.* from ACT_RU_JOB RES WHERE RES.PROCESS_INSTANCE_ID_ = ? order by order by RES.ID_ asc LIMIT ? OFFSET ? 
10:44:57,335 [main] DEBUG org.activiti.engine.impl.interceptor.CommandContext  - Error while closing command context
org.apache.ibatis.exceptions.PersistenceException: 
### Error querying database.  Cause: org.h2.jdbc.JdbcSQLException: Syntax error in SQL statement &quot;SELECT RES.* 
     
    FROM ACT_RU_JOB RES
     
     WHERE  RES.PROCESS_INSTANCE_ID_ = ? 
   
     ORDER BY  ORDER[*] BY RES.ID_ ASC  
    LIMIT ? OFFSET ? &quot;; expected &quot;=, NOT, EXISTS, INTERSECTS, SELECT, FROM&quot;; SQL statement:
select RES.* 
     
    from ACT_RU_JOB RES
     
     WHERE  RES.PROCESS_INSTANCE_ID_ = ? 
   
     order by  order by RES.ID_ asc  
    LIMIT ? OFFSET ? [42001-176]
### The error may exist in org/activiti/db/mapping/entity/Job.xml
### The error may involve org.activiti.engine.impl.persistence.entity.JobEntity.selectJobByQueryCriteria
### The error occurred while executing a query
### SQL: select RES.*            from ACT_RU_JOB RES            WHERE  RES.PROCESS_INSTANCE_ID_ = ?           order by  order by RES.ID_ asc       LIMIT ? OFFSET ?
### Cause: org.h2.jdbc.JdbcSQLException: Syntax error in SQL statement &quot;SELECT RES.* 
     
    FROM ACT_RU_JOB RES
     
     WHERE  RES.PROCESS_INSTANCE_ID_ = ? 
   
     ORDER BY  ORDER[*] BY RES.ID_ ASC  
    LIMIT ? OFFSET ? &quot;; expected &quot;=, NOT, EXISTS, INTERSECTS, SELECT, FROM&quot;; SQL statement:
select RES.* 
     
    from ACT_RU_JOB RES
     
     WHERE  RES.PROCESS_INSTANCE_ID_ = ? 
   
     order by  order by RES.ID_ asc  
    LIMIT ? OFFSET ? [42001-176]
	at org.apache.ibatis.exceptions.ExceptionFactory.wrapException(ExceptionFactory.java:30)
	at org.apache.ibatis.session.defaults.DefaultSqlSession.selectList(DefaultSqlSession.java:122)
	at org.apache.ibatis.session.defaults.DefaultSqlSession.selectList(DefaultSqlSession.java:113)
	at org.activiti.engine.impl.db.DbSqlSession.selectListWithRawParameter(DbSqlSession.java:438)
	at org.activiti.engine.impl.db.DbSqlSession.selectList(DbSqlSession.java:429)
	at org.activiti.engine.impl.db.DbSqlSession.selectList(DbSqlSession.java:419)
	at org.activiti.engine.impl.persistence.entity.JobEntityManager.findJobsByQueryCriteria(JobEntityManager.java:198)
	at org.activiti.engine.impl.JobQueryImpl.executeList(JobQueryImpl.java:243)
	at org.activiti.engine.impl.AbstractQuery.executeSingleResult(AbstractQuery.java:183)
	at org.activiti.engine.impl.AbstractQuery.execute(AbstractQuery.java:166)
	at org.activiti.engine.impl.interceptor.CommandInvoker.execute(CommandInvoker.java:24)
	at org.activiti.engine.impl.interceptor.CommandContextInterceptor.execute(CommandContextInterceptor.java:57)
	at org.activiti.engine.impl.interceptor.LogInterceptor.execute(LogInterceptor.java:37)
	at org.activiti.engine.impl.cfg.CommandExecutorImpl.execute(CommandExecutorImpl.java:40)
	at org.activiti.engine.impl.cfg.CommandExecutorImpl.execute(CommandExecutorImpl.java:35)
	at org.activiti.engine.impl.AbstractQuery.singleResult(AbstractQuery.java:129)
	at org.activiti.engine.test.api.mgmt.JobQueryTest.testQueryByExecutionId(JobQueryTest.java:142)
	at sun.reflect.NativeMethodAccessorImpl.invoke0(Native Method)
	at sun.reflect.NativeMethodAccessorImpl.invoke(NativeMethodAccessorImpl.java:62)
	at sun.reflect.DelegatingMethodAccessorImpl.invoke(DelegatingMethodAccessorImpl.java:43)
	at java.lang.reflect.Method.invoke(Method.java:498)
	at junit.framework.TestCase.runTest(TestCase.java:176)
	at org.activiti.engine.impl.test.PvmTestCase.runTest(PvmTestCase.java:65)
	at junit.framework.TestCase.runBare(TestCase.java:141)
	at org.activiti.engine.impl.test.AbstractActivitiTestCase.runBare(AbstractActivitiTestCase.java:100)
	at junit.framework.TestResult$1.protect(TestResult.java:122)
	at junit.framework.TestResult.runProtected(TestResult.java:142)
	at junit.framework.TestResult.run(TestResult.java:125)
	at junit.framework.TestCase.run(TestCase.java:129)
	at junit.framework.TestSuite.runTest(TestSuite.java:255)
	at junit.framework.TestSuite.run(TestSuite.java:250)
	at org.junit.internal.runners.JUnit38ClassRunner.run(JUnit38ClassRunner.java:84)
	at org.apache.maven.surefire.junit4.JUnit4TestSet.execute(JUnit4TestSet.java:35)
	at org.apache.maven.surefire.junit4.JUnit4Provider.executeTestSet(JUnit4Provider.java:146)
	at org.apache.maven.surefire.junit4.JUnit4Provider.invoke(JUnit4Provider.java:97)
	at sun.reflect.NativeMethodAccessorImpl.invoke0(Native Method)
	at sun.reflect.NativeMethodAccessorImpl.invoke(NativeMethodAccessorImpl.java:62)
	at sun.reflect.DelegatingMethodAccessorImpl.invoke(DelegatingMethodAccessorImpl.java:43)
	at java.lang.reflect.Method.invoke(Method.java:498)
	at org.apache.maven.surefire.booter.ProviderFactory$ClassLoaderProxy.invoke(ProviderFactory.java:103)
	at com.sun.proxy.$Proxy0.invoke(Unknown Source)
	at org.apache.maven.surefire.booter.SurefireStarter.invokeProvider(SurefireStarter.java:145)
	at org.apache.maven.surefire.booter.SurefireStarter.runSuitesInProcess(SurefireStarter.java:87)
	at org.apache.maven.surefire.booter.ForkedBooter.main(ForkedBooter.java:69)
Caused by: org.h2.jdbc.JdbcSQLException: Syntax error in SQL statement &quot;SELECT RES.* 
     
    FROM ACT_RU_JOB RES
     
     WHERE  RES.PROCESS_INSTANCE_ID_ = ? 
   
     ORDER BY  ORDER[*] BY RES.ID_ ASC  
    LIMIT ? OFFSET ? &quot;; expected &quot;=, NOT, EXISTS, INTERSECTS, SELECT, FROM&quot;; SQL statement:
select RES.* 
     
    from ACT_RU_JOB RES
     
     WHERE  RES.PROCESS_INSTANCE_ID_ = ? 
   
     order by  order by RES.ID_ asc  
    LIMIT ? OFFSET ? [42001-176]
	at org.h2.message.DbException.getJdbcSQLException(DbException.java:344)
	at org.h2.message.DbException.getSyntaxError(DbException.java:204)
	at org.h2.command.Parser.getSyntaxError(Parser.java:524)
	at org.h2.command.Parser.readTerm(Parser.java:2688)
	at org.h2.command.Parser.readFactor(Parser.java:2244)
	at org.h2.command.Parser.readSum(Parser.java:2231)
	at org.h2.command.Parser.readConcat(Parser.java:2201)
	at org.h2.command.Parser.readCondition(Parser.java:2051)
	at org.h2.command.Parser.readAnd(Parser.java:2023)
	at org.h2.command.Parser.readExpression(Parser.java:2015)
	at org.h2.command.Parser.parseEndOfQuery(Parser.java:1726)
	at org.h2.command.Parser.parseSelectUnionExtension(Parser.java:1706)
	at org.h2.command.Parser.parseSelectUnion(Parser.java:1675)
	at org.h2.command.Parser.parseSelect(Parser.java:1662)
	at org.h2.command.Parser.parsePrepared(Parser.java:434)
	at org.h2.command.Parser.parse(Parser.java:306)
	at org.h2.command.Parser.parse(Parser.java:282)
	at org.h2.command.Parser.prepareCommand(Parser.java:243)
	at org.h2.engine.Session.prepareLocal(Session.java:442)
	at org.h2.engine.Session.prepareCommand(Session.java:384)
	at org.h2.jdbc.JdbcConnection.prepareCommand(JdbcConnection.java:1188)
	at org.h2.jdbc.JdbcPreparedStatement.&lt;init&gt;(JdbcPreparedStatement.java:73)
	at org.h2.jdbc.JdbcConnection.prepareStatement(JdbcConnection.java:276)
	at sun.reflect.GeneratedMethodAccessor6.invoke(Unknown Source)
	at sun.reflect.DelegatingMethodAccessorImpl.invoke(DelegatingMethodAccessorImpl.java:43)
	at java.lang.reflect.Method.invoke(Method.java:498)
	at org.apache.ibatis.datasource.pooled.PooledConnection.invoke(PooledConnection.java:245)
	at com.sun.proxy.$Proxy12.prepareStatement(Unknown Source)
	at sun.reflect.GeneratedMethodAccessor6.invoke(Unknown Source)
	at sun.reflect.DelegatingMethodAccessorImpl.invoke(DelegatingMethodAccessorImpl.java:43)
	at java.lang.reflect.Method.invoke(Method.java:498)
	at org.apache.ibatis.logging.jdbc.ConnectionLogger.invoke(ConnectionLogger.java:55)
	at com.sun.proxy.$Proxy12.prepareStatement(Unknown Source)
	at org.apache.ibatis.executor.statement.PreparedStatementHandler.instantiateStatement(PreparedStatementHandler.java:79)
	at org.apache.ibatis.executor.statement.BaseStatementHandler.prepare(BaseStatementHandler.java:88)
	at org.apache.ibatis.executor.statement.RoutingStatementHandler.prepare(RoutingStatementHandler.java:58)
	at org.apache.ibatis.executor.SimpleExecutor.prepareStatement(SimpleExecutor.java:76)
	at org.apache.ibatis.executor.SimpleExecutor.doQuery(SimpleExecutor.java:61)
	at org.apache.ibatis.executor.BaseExecutor.queryFromDatabase(BaseExecutor.java:303)
	at org.apache.ibatis.executor.BaseExecutor.query(BaseExecutor.java:154)
	at org.apache.ibatis.executor.CachingExecutor.query(CachingExecutor.java:102)
	at org.apache.ibatis.executor.CachingExecutor.query(CachingExecutor.java:82)
	at org.apache.ibatis.session.defaults.DefaultSqlSession.selectList(DefaultSqlSession.java:120)
	... 42 more
10:44:57,335 [main] DEBUG org.activiti.engine.impl.cfg.standalone.StandaloneMybatisTransactionContext  - firing event rolling back...
10:44:57,335 [main] DEBUG org.activiti.engine.impl.cfg.standalone.StandaloneMybatisTransactionContext  - rolling back ibatis sql session...
10:44:57,335 [main] DEBUG org.activiti.engine.impl.cfg.standalone.StandaloneMybatisTransactionContext  - firing event rolled back...
10:44:57,335 [main] DEBUG org.apache.ibatis.transaction.jdbc.JdbcTransaction  - Resetting autocommit to true on JDBC Connection [conn4: url=jdbc:h2:mem:activiti user=SA]
10:44:57,335 [main] DEBUG org.apache.ibatis.transaction.jdbc.JdbcTransaction  - Closing JDBC Connection [conn4: url=jdbc:h2:mem:activiti user=SA]
10:44:57,335 [main] DEBUG org.apache.ibatis.datasource.pooled.PooledDataSource  - Returned connection 297240765 to pool.
10:44:57,335 [main] DEBUG org.activiti.engine.impl.interceptor.LogInterceptor  - --- JobQueryImpl finished --------------------------------------------------------
10:44:57,335 [main] DEBUG org.activiti.engine.impl.interceptor.LogInterceptor  - 

10:44:57,335 [main] ERROR org.activiti.engine.impl.test.PvmTestCase  - 

10:44:57,335 [main] ERROR org.activiti.engine.impl.test.PvmTestCase  - EXCEPTION: org.apache.ibatis.exceptions.PersistenceException: 
### Error querying database.  Cause: org.h2.jdbc.JdbcSQLException: Syntax error in SQL statement &quot;SELECT RES.* 
     
    FROM ACT_RU_JOB RES
     
     WHERE  RES.PROCESS_INSTANCE_ID_ = ? 
   
     ORDER BY  ORDER[*] BY RES.ID_ ASC  
    LIMIT ? OFFSET ? &quot;; expected &quot;=, NOT, EXISTS, INTERSECTS, SELECT, FROM&quot;; SQL statement:
select RES.* 
     
    from ACT_RU_JOB RES
     
     WHERE  RES.PROCESS_INSTANCE_ID_ = ? 
   
     order by  order by RES.ID_ asc  
    LIMIT ? OFFSET ? [42001-176]
### The error may exist in org/activiti/db/mapping/entity/Job.xml
### The error may involve org.activiti.engine.impl.persistence.entity.JobEntity.selectJobByQueryCriteria
### The error occurred while executing a query
### SQL: select RES.*            from ACT_RU_JOB RES            WHERE  RES.PROCESS_INSTANCE_ID_ = ?           order by  order by RES.ID_ asc       LIMIT ? OFFSET ?
### Cause: org.h2.jdbc.JdbcSQLException: Syntax error in SQL statement &quot;SELECT RES.* 
     
    FROM ACT_RU_JOB RES
     
     WHERE  RES.PROCESS_INSTANCE_ID_ = ? 
   
     ORDER BY  ORDER[*] BY RES.ID_ ASC  
    LIMIT ? OFFSET ? &quot;; expected &quot;=, NOT, EXISTS, INTERSECTS, SELECT, FROM&quot;; SQL statement:
select RES.* 
     
    from ACT_RU_JOB RES
     
     WHERE  RES.PROCESS_INSTANCE_ID_ = ? 
   
     order by  order by RES.ID_ asc  
    LIMIT ? OFFSET ? [42001-176]
org.apache.ibatis.exceptions.PersistenceException: 
### Error querying database.  Cause: org.h2.jdbc.JdbcSQLException: Syntax error in SQL statement &quot;SELECT RES.* 
     
    FROM ACT_RU_JOB RES
     
     WHERE  RES.PROCESS_INSTANCE_ID_ = ? 
   
     ORDER BY  ORDER[*] BY RES.ID_ ASC  
    LIMIT ? OFFSET ? &quot;; expected &quot;=, NOT, EXISTS, INTERSECTS, SELECT, FROM&quot;; SQL statement:
select RES.* 
     
    from ACT_RU_JOB RES
     
     WHERE  RES.PROCESS_INSTANCE_ID_ = ? 
   
     order by  order by RES.ID_ asc  
    LIMIT ? OFFSET ? [42001-176]
### The error may exist in org/activiti/db/mapping/entity/Job.xml
### The error may involve org.activiti.engine.impl.persistence.entity.JobEntity.selectJobByQueryCriteria
### The error occurred while executing a query
### SQL: select RES.*            from ACT_RU_JOB RES            WHERE  RES.PROCESS_INSTANCE_ID_ = ?           order by  order by RES.ID_ asc       LIMIT ? OFFSET ?
### Cause: org.h2.jdbc.JdbcSQLException: Syntax error in SQL statement &quot;SELECT RES.* 
     
    FROM ACT_RU_JOB RES
     
     WHERE  RES.PROCESS_INSTANCE_ID_ = ? 
   
     ORDER BY  ORDER[*] BY RES.ID_ ASC  
    LIMIT ? OFFSET ? &quot;; expected &quot;=, NOT, EXISTS, INTERSECTS, SELECT, FROM&quot;; SQL statement:
select RES.* 
     
    from ACT_RU_JOB RES
     
     WHERE  RES.PROCESS_INSTANCE_ID_ = ? 
   
     order by  order by RES.ID_ asc  
    LIMIT ? OFFSET ? [42001-176]
	at org.apache.ibatis.exceptions.ExceptionFactory.wrapException(ExceptionFactory.java:30)
	at org.apache.ibatis.session.defaults.DefaultSqlSession.selectList(DefaultSqlSession.java:122)
	at org.apache.ibatis.session.defaults.DefaultSqlSession.selectList(DefaultSqlSession.java:113)
	at org.activiti.engine.impl.db.DbSqlSession.selectListWithRawParameter(DbSqlSession.java:438)
	at org.activiti.engine.impl.db.DbSqlSession.selectList(DbSqlSession.java:429)
	at org.activiti.engine.impl.db.DbSqlSession.selectList(DbSqlSession.java:419)
	at org.activiti.engine.impl.persistence.entity.JobEntityManager.findJobsByQueryCriteria(JobEntityManager.java:198)
	at org.activiti.engine.impl.JobQueryImpl.executeList(JobQueryImpl.java:243)
	at org.activiti.engine.impl.AbstractQuery.executeSingleResult(AbstractQuery.java:183)
	at org.activiti.engine.impl.AbstractQuery.execute(AbstractQuery.java:166)
	at org.activiti.engine.impl.interceptor.CommandInvoker.execute(CommandInvoker.java:24)
	at org.activiti.engine.impl.interceptor.CommandContextInterceptor.execute(CommandContextInterceptor.java:57)
	at org.activiti.engine.impl.interceptor.LogInterceptor.execute(LogInterceptor.java:37)
	at org.activiti.engine.impl.cfg.CommandExecutorImpl.execute(CommandExecutorImpl.java:40)
	at org.activiti.engine.impl.cfg.CommandExecutorImpl.execute(CommandExecutorImpl.java:35)
	at org.activiti.engine.impl.AbstractQuery.singleResult(AbstractQuery.java:129)
	at org.activiti.engine.test.api.mgmt.JobQueryTest.testQueryByExecutionId(JobQueryTest.java:142)
	at sun.reflect.NativeMethodAccessorImpl.invoke0(Native Method)
	at sun.reflect.NativeMethodAccessorImpl.invoke(NativeMethodAccessorImpl.java:62)
	at sun.reflect.DelegatingMethodAccessorImpl.invoke(DelegatingMethodAccessorImpl.java:43)
	at java.lang.reflect.Method.invoke(Method.java:498)
	at junit.framework.TestCase.runTest(TestCase.java:176)
	at org.activiti.engine.impl.test.PvmTestCase.runTest(PvmTestCase.java:65)
	at junit.framework.TestCase.runBare(TestCase.java:141)
	at org.activiti.engine.impl.test.AbstractActivitiTestCase.runBare(AbstractActivitiTestCase.java:100)
	at junit.framework.TestResult$1.protect(TestResult.java:122)
	at junit.framework.TestResult.runProtected(TestResult.java:142)
	at junit.framework.TestResult.run(TestResult.java:125)
	at junit.framework.TestCase.run(TestCase.java:129)
	at junit.framework.TestSuite.runTest(TestSuite.java:255)
	at junit.framework.TestSuite.run(TestSuite.java:250)
	at org.junit.internal.runners.JUnit38ClassRunner.run(JUnit38ClassRunner.java:84)
	at org.apache.maven.surefire.junit4.JUnit4TestSet.execute(JUnit4TestSet.java:35)
	at org.apache.maven.surefire.junit4.JUnit4Provider.executeTestSet(JUnit4Provider.java:146)
	at org.apache.maven.surefire.junit4.JUnit4Provider.invoke(JUnit4Provider.java:97)
	at sun.reflect.NativeMethodAccessorImpl.invoke0(Native Method)
	at sun.reflect.NativeMethodAccessorImpl.invoke(NativeMethodAccessorImpl.java:62)
	at sun.reflect.DelegatingMethodAccessorImpl.invoke(DelegatingMethodAccessorImpl.java:43)
	at java.lang.reflect.Method.invoke(Method.java:498)
	at org.apache.maven.surefire.booter.ProviderFactory$ClassLoaderProxy.invoke(ProviderFactory.java:103)
	at com.sun.proxy.$Proxy0.invoke(Unknown Source)
	at org.apache.maven.surefire.booter.SurefireStarter.invokeProvider(SurefireStarter.java:145)
	at org.apache.maven.surefire.booter.SurefireStarter.runSuitesInProcess(SurefireStarter.java:87)
	at org.apache.maven.surefire.booter.ForkedBooter.main(ForkedBooter.java:69)
Caused by: org.h2.jdbc.JdbcSQLException: Syntax error in SQL statement &quot;SELECT RES.* 
     
    FROM ACT_RU_JOB RES
     
     WHERE  RES.PROCESS_INSTANCE_ID_ = ? 
   
     ORDER BY  ORDER[*] BY RES.ID_ ASC  
    LIMIT ? OFFSET ? &quot;; expected &quot;=, NOT, EXISTS, INTERSECTS, SELECT, FROM&quot;; SQL statement:
select RES.* 
     
    from ACT_RU_JOB RES
     
     WHERE  RES.PROCESS_INSTANCE_ID_ = ? 
   
     order by  order by RES.ID_ asc  
    LIMIT ? OFFSET ? [42001-176]
	at org.h2.message.DbException.getJdbcSQLException(DbException.java:344)
	at org.h2.message.DbException.getSyntaxError(DbException.java:204)
	at org.h2.command.Parser.getSyntaxError(Parser.java:524)
	at org.h2.command.Parser.readTerm(Parser.java:2688)
	at org.h2.command.Parser.readFactor(Parser.java:2244)
	at org.h2.command.Parser.readSum(Parser.java:2231)
	at org.h2.command.Parser.readConcat(Parser.java:2201)
	at org.h2.command.Parser.readCondition(Parser.java:2051)
	at org.h2.command.Parser.readAnd(Parser.java:2023)
	at org.h2.command.Parser.readExpression(Parser.java:2015)
	at org.h2.command.Parser.parseEndOfQuery(Parser.java:1726)
	at org.h2.command.Parser.parseSelectUnionExtension(Parser.java:1706)
	at org.h2.command.Parser.parseSelectUnion(Parser.java:1675)
	at org.h2.command.Parser.parseSelect(Parser.java:1662)
	at org.h2.command.Parser.parsePrepared(Parser.java:434)
	at org.h2.command.Parser.parse(Parser.java:306)
	at org.h2.command.Parser.parse(Parser.java:282)
	at org.h2.command.Parser.prepareCommand(Parser.java:243)
	at org.h2.engine.Session.prepareLocal(Session.java:442)
	at org.h2.engine.Session.prepareCommand(Session.java:384)
	at org.h2.jdbc.JdbcConnection.prepareCommand(JdbcConnection.java:1188)
	at org.h2.jdbc.JdbcPreparedStatement.&lt;init&gt;(JdbcPreparedStatement.java:73)
	at org.h2.jdbc.JdbcConnection.prepareStatement(JdbcConnection.java:276)
	at sun.reflect.GeneratedMethodAccessor6.invoke(Unknown Source)
	at sun.reflect.DelegatingMethodAccessorImpl.invoke(DelegatingMethodAccessorImpl.java:43)
	at java.lang.reflect.Method.invoke(Method.java:498)
	at org.apache.ibatis.datasource.pooled.PooledConnection.invoke(PooledConnection.java:245)
	at com.sun.proxy.$Proxy12.prepareStatement(Unknown Source)
	at sun.reflect.GeneratedMethodAccessor6.invoke(Unknown Source)
	at sun.reflect.DelegatingMethodAccessorImpl.invoke(DelegatingMethodAccessorImpl.java:43)
	at java.lang.reflect.Method.invoke(Method.java:498)
	at org.apache.ibatis.logging.jdbc.ConnectionLogger.invoke(ConnectionLogger.java:55)
	at com.sun.proxy.$Proxy12.prepareStatement(Unknown Source)
	at org.apache.ibatis.executor.statement.PreparedStatementHandler.instantiateStatement(PreparedStatementHandler.java:79)
	at org.apache.ibatis.executor.statement.BaseStatementHandler.prepare(BaseStatementHandler.java:88)
	at org.apache.ibatis.executor.statement.RoutingStatementHandler.prepare(RoutingStatementHandler.java:58)
	at org.apache.ibatis.executor.SimpleExecutor.prepareStatement(SimpleExecutor.java:76)
	at org.apache.ibatis.executor.SimpleExecutor.doQuery(SimpleExecutor.java:61)
	at org.apache.ibatis.executor.BaseExecutor.queryFromDatabase(BaseExecutor.java:303)
	at org.apache.ibatis.executor.BaseExecutor.query(BaseExecutor.java:154)
	at org.apache.ibatis.executor.CachingExecutor.query(CachingExecutor.java:102)
	at org.apache.ibatis.executor.CachingExecutor.query(CachingExecutor.java:82)
	at org.apache.ibatis.session.defaults.DefaultSqlSession.selectList(DefaultSqlSession.java:120)
	... 42 more
10:44:57,336 [main] DEBUG org.activiti.engine.impl.test.PvmTestCase  - #### END JobQueryTest.testQueryByExecutionId #############################################################
10:44:57,336 [main] DEBUG org.activiti.engine.impl.interceptor.LogInterceptor  - 

10:44:57,336 [main] DEBUG org.activiti.engine.impl.interceptor.LogInterceptor  - --- starting DeleteDeploymentCmd --------------------------------------------------------
10:44:57,336 [main] DEBUG org.apache.ibatis.transaction.jdbc.JdbcTransaction  - Opening JDBC Connection
10:44:57,336 [main] DEBUG org.apache.ibatis.datasource.pooled.PooledDataSource  - Checked out connection 363509958 from pool.
10:44:57,336 [main] DEBUG org.apache.ibatis.transaction.jdbc.JdbcTransaction  - Setting autocommit to false on JDBC Connection [conn2: url=jdbc:h2:mem:activiti user=SA]
10:44:57,336 [main] DEBUG org.activiti.engine.impl.persistence.entity.DeploymentEntity.selectDeploymentById  - ==&gt;  Preparing: select * from ACT_RE_DEPLOYMENT where ID_ = ? 
10:44:57,336 [main] DEBUG org.activiti.engine.impl.persistence.entity.DeploymentEntity.selectDeploymentById  - ==&gt; Parameters: 1798(String)
10:44:57,336 [main] DEBUG org.activiti.engine.impl.persistence.entity.DeploymentEntity.selectDeploymentById  - &lt;==      Total: 1
10:44:57,336 [main] DEBUG org.activiti.engine.impl.persistence.entity.ProcessDefinitionEntity.selectProcessDefinitionsByQueryCriteria  - ==&gt;  Preparing: select RES.* from ACT_RE_PROCDEF RES WHERE RES.DEPLOYMENT_ID_ = ? order by order by RES.ID_ asc LIMIT ? OFFSET ? 
10:44:57,336 [main] DEBUG org.activiti.engine.impl.interceptor.CommandContext  - Error while closing command context
org.apache.ibatis.exceptions.PersistenceException: 
### Error querying database.  Cause: org.h2.jdbc.JdbcSQLException: Syntax error in SQL statement &quot;SELECT RES.* 
       
    FROM ACT_RE_PROCDEF RES
     
     WHERE  RES.DEPLOYMENT_ID_ = ? 
   
     ORDER BY  ORDER[*] BY RES.ID_ ASC  
    LIMIT ? OFFSET ? &quot;; expected &quot;=, NOT, EXISTS, INTERSECTS, SELECT, FROM&quot;; SQL statement:
select RES.* 
       
    from ACT_RE_PROCDEF RES
     
     WHERE  RES.DEPLOYMENT_ID_ = ? 
   
     order by  order by RES.ID_ asc  
    LIMIT ? OFFSET ? [42001-176]
### The error may exist in org/activiti/db/mapping/entity/ProcessDefinition.xml
### The error may involve org.activiti.engine.impl.persistence.entity.ProcessDefinitionEntity.selectProcessDefinitionsByQueryCriteria
### The error occurred while executing a query
### SQL: select RES.*              from ACT_RE_PROCDEF RES            WHERE  RES.DEPLOYMENT_ID_ = ?           order by  order by RES.ID_ asc       LIMIT ? OFFSET ?
### Cause: org.h2.jdbc.JdbcSQLException: Syntax error in SQL statement &quot;SELECT RES.* 
       
    FROM ACT_RE_PROCDEF RES
     
     WHERE  RES.DEPLOYMENT_ID_ = ? 
   
     ORDER BY  ORDER[*] BY RES.ID_ ASC  
    LIMIT ? OFFSET ? &quot;; expected &quot;=, NOT, EXISTS, INTERSECTS, SELECT, FROM&quot;; SQL statement:
select RES.* 
       
    from ACT_RE_PROCDEF RES
     
     WHERE  RES.DEPLOYMENT_ID_ = ? 
   
     order by  order by RES.ID_ asc  
    LIMIT ? OFFSET ? [42001-176]
	at org.apache.ibatis.exceptions.ExceptionFactory.wrapException(ExceptionFactory.java:30)
	at org.apache.ibatis.session.defaults.DefaultSqlSession.selectList(DefaultSqlSession.java:122)
	at org.apache.ibatis.session.defaults.DefaultSqlSession.selectList(DefaultSqlSession.java:113)
	at org.activiti.engine.impl.db.DbSqlSession.selectListWithRawParameter(DbSqlSession.java:438)
	at org.activiti.engine.impl.db.DbSqlSession.selectList(DbSqlSession.java:429)
	at org.activiti.engine.impl.db.DbSqlSession.selectList(DbSqlSession.java:419)
	at org.activiti.engine.impl.persistence.entity.ProcessDefinitionEntityManager.findProcessDefinitionsByQueryCriteria(ProcessDefinitionEntityManager.java:57)
	at org.activiti.engine.impl.ProcessDefinitionQueryImpl.executeList(ProcessDefinitionQueryImpl.java:307)
	at org.activiti.engine.impl.AbstractQuery.list(AbstractQuery.java:140)
	at org.activiti.engine.impl.persistence.deploy.DeploymentManager.removeDeployment(DeploymentManager.java:187)
	at org.activiti.engine.impl.cmd.DeleteDeploymentCmd.execute(DeleteDeploymentCmd.java:44)
	at org.activiti.engine.impl.cmd.DeleteDeploymentCmd.execute(DeleteDeploymentCmd.java:24)
	at org.activiti.engine.impl.interceptor.CommandInvoker.execute(CommandInvoker.java:24)
	at org.activiti.engine.impl.interceptor.CommandContextInterceptor.execute(CommandContextInterceptor.java:57)
	at org.activiti.engine.impl.interceptor.LogInterceptor.execute(LogInterceptor.java:37)
	at org.activiti.engine.impl.cfg.CommandExecutorImpl.execute(CommandExecutorImpl.java:40)
	at org.activiti.engine.impl.cfg.CommandExecutorImpl.execute(CommandExecutorImpl.java:35)
	at org.activiti.engine.impl.RepositoryServiceImpl.deleteDeployment(RepositoryServiceImpl.java:90)
	at org.activiti.engine.test.api.mgmt.JobQueryTest.tearDown(JobQueryTest.java:116)
	at junit.framework.TestCase.runBare(TestCase.java:146)
	at org.activiti.engine.impl.test.AbstractActivitiTestCase.runBare(AbstractActivitiTestCase.java:100)
	at junit.framework.TestResult$1.protect(TestResult.java:122)
	at junit.framework.TestResult.runProtected(TestResult.java:142)
	at junit.framework.TestResult.run(TestResult.java:125)
	at junit.framework.TestCase.run(TestCase.java:129)
	at junit.framework.TestSuite.runTest(TestSuite.java:255)
	at junit.framework.TestSuite.run(TestSuite.java:250)
	at org.junit.internal.runners.JUnit38ClassRunner.run(JUnit38ClassRunner.java:84)
	at org.apache.maven.surefire.junit4.JUnit4TestSet.execute(JUnit4TestSet.java:35)
	at org.apache.maven.surefire.junit4.JUnit4Provider.executeTestSet(JUnit4Provider.java:146)
	at org.apache.maven.surefire.junit4.JUnit4Provider.invoke(JUnit4Provider.java:97)
	at sun.reflect.NativeMethodAccessorImpl.invoke0(Native Method)
	at sun.reflect.NativeMethodAccessorImpl.invoke(NativeMethodAccessorImpl.java:62)
	at sun.reflect.DelegatingMethodAccessorImpl.invoke(DelegatingMethodAccessorImpl.java:43)
	at java.lang.reflect.Method.invoke(Method.java:498)
	at org.apache.maven.surefire.booter.ProviderFactory$ClassLoaderProxy.invoke(ProviderFactory.java:103)
	at com.sun.proxy.$Proxy0.invoke(Unknown Source)
	at org.apache.maven.surefire.booter.SurefireStarter.invokeProvider(SurefireStarter.java:145)
	at org.apache.maven.surefire.booter.SurefireStarter.runSuitesInProcess(SurefireStarter.java:87)
	at org.apache.maven.surefire.booter.ForkedBooter.main(ForkedBooter.java:69)
Caused by: org.h2.jdbc.JdbcSQLException: Syntax error in SQL statement &quot;SELECT RES.* 
       
    FROM ACT_RE_PROCDEF RES
     
     WHERE  RES.DEPLOYMENT_ID_ = ? 
   
     ORDER BY  ORDER[*] BY RES.ID_ ASC  
    LIMIT ? OFFSET ? &quot;; expected &quot;=, NOT, EXISTS, INTERSECTS, SELECT, FROM&quot;; SQL statement:
select RES.* 
       
    from ACT_RE_PROCDEF RES
     
     WHERE  RES.DEPLOYMENT_ID_ = ? 
   
     order by  order by RES.ID_ asc  
    LIMIT ? OFFSET ? [42001-176]
	at org.h2.message.DbException.getJdbcSQLException(DbException.java:344)
	at org.h2.message.DbException.getSyntaxError(DbException.java:204)
	at org.h2.command.Parser.getSyntaxError(Parser.java:524)
	at org.h2.command.Parser.readTerm(Parser.java:2688)
	at org.h2.command.Parser.readFactor(Parser.java:2244)
	at org.h2.command.Parser.readSum(Parser.java:2231)
	at org.h2.command.Parser.readConcat(Parser.java:2201)
	at org.h2.command.Parser.readCondition(Parser.java:2051)
	at org.h2.command.Parser.readAnd(Parser.java:2023)
	at org.h2.command.Parser.readExpression(Parser.java:2015)
	at org.h2.command.Parser.parseEndOfQuery(Parser.java:1726)
	at org.h2.command.Parser.parseSelectUnionExtension(Parser.java:1706)
	at org.h2.command.Parser.parseSelectUnion(Parser.java:1675)
	at org.h2.command.Parser.parseSelect(Parser.java:1662)
	at org.h2.command.Parser.parsePrepared(Parser.java:434)
	at org.h2.command.Parser.parse(Parser.java:306)
	at org.h2.command.Parser.parse(Parser.java:282)
	at org.h2.command.Parser.prepareCommand(Parser.java:243)
	at org.h2.engine.Session.prepareLocal(Session.java:442)
	at org.h2.engine.Session.prepareCommand(Session.java:384)
	at org.h2.jdbc.JdbcConnection.prepareCommand(JdbcConnection.java:1188)
	at org.h2.jdbc.JdbcPreparedStatement.&lt;init&gt;(JdbcPreparedStatement.java:73)
	at org.h2.jdbc.JdbcConnection.prepareStatement(JdbcConnection.java:276)
	at sun.reflect.GeneratedMethodAccessor6.invoke(Unknown Source)
	at sun.reflect.DelegatingMethodAccessorImpl.invoke(DelegatingMethodAccessorImpl.java:43)
	at java.lang.reflect.Method.invoke(Method.java:498)
	at org.apache.ibatis.datasource.pooled.PooledConnection.invoke(PooledConnection.java:245)
	at com.sun.proxy.$Proxy12.prepareStatement(Unknown Source)
	at sun.reflect.GeneratedMethodAccessor6.invoke(Unknown Source)
	at sun.reflect.DelegatingMethodAccessorImpl.invoke(DelegatingMethodAccessorImpl.java:43)
	at java.lang.reflect.Method.invoke(Method.java:498)
	at org.apache.ibatis.logging.jdbc.ConnectionLogger.invoke(ConnectionLogger.java:55)
	at com.sun.proxy.$Proxy12.prepareStatement(Unknown Source)
	at org.apache.ibatis.executor.statement.PreparedStatementHandler.instantiateStatement(PreparedStatementHandler.java:79)
	at org.apache.ibatis.executor.statement.BaseStatementHandler.prepare(BaseStatementHandler.java:88)
	at org.apache.ibatis.executor.statement.RoutingStatementHandler.prepare(RoutingStatementHandler.java:58)
	at org.apache.ibatis.executor.SimpleExecutor.prepareStatement(SimpleExecutor.java:76)
	at org.apache.ibatis.executor.SimpleExecutor.doQuery(SimpleExecutor.java:61)
	at org.apache.ibatis.executor.BaseExecutor.queryFromDatabase(BaseExecutor.java:303)
	at org.apache.ibatis.executor.BaseExecutor.query(BaseExecutor.java:154)
	at org.apache.ibatis.executor.CachingExecutor.query(CachingExecutor.java:102)
	at org.apache.ibatis.executor.CachingExecutor.query(CachingExecutor.java:82)
	at org.apache.ibatis.session.defaults.DefaultSqlSession.selectList(DefaultSqlSession.java:120)
	... 38 more
10:44:57,336 [main] DEBUG org.activiti.engine.impl.cfg.standalone.StandaloneMybatisTransactionContext  - firing event rolling back...
10:44:57,336 [main] DEBUG org.activiti.engine.impl.cfg.standalone.StandaloneMybatisTransactionContext  - rolling back ibatis sql session...
10:44:57,336 [main] DEBUG org.activiti.engine.impl.cfg.standalone.StandaloneMybatisTransactionContext  - firing event rolled back...
10:44:57,336 [main] DEBUG org.apache.ibatis.transaction.jdbc.JdbcTransaction  - Resetting autocommit to true on JDBC Connection [conn2: url=jdbc:h2:mem:activiti user=SA]
10:44:57,336 [main] DEBUG org.apache.ibatis.transaction.jdbc.JdbcTransaction  - Closing JDBC Connection [conn2: url=jdbc:h2:mem:activiti user=SA]
10:44:57,336 [main] DEBUG org.apache.ibatis.datasource.pooled.PooledDataSource  - Returned connection 363509958 to pool.
10:44:57,336 [main] DEBUG org.activiti.engine.impl.interceptor.LogInterceptor  - --- DeleteDeploymentCmd finished --------------------------------------------------------
10:44:57,336 [main] DEBUG org.activiti.engine.impl.interceptor.LogInterceptor  - 

10:44:57,336 [main] ERROR org.activiti.engine.impl.test.PvmTestCase  - 

10:44:57,336 [main] ERROR org.activiti.engine.impl.test.PvmTestCase  - EXCEPTION: org.apache.ibatis.exceptions.PersistenceException: 
### Error querying database.  Cause: org.h2.jdbc.JdbcSQLException: Syntax error in SQL statement &quot;SELECT RES.* 
     
    FROM ACT_RU_JOB RES
     
     WHERE  RES.PROCESS_INSTANCE_ID_ = ? 
   
     ORDER BY  ORDER[*] BY RES.ID_ ASC  
    LIMIT ? OFFSET ? &quot;; expected &quot;=, NOT, EXISTS, INTERSECTS, SELECT, FROM&quot;; SQL statement:
select RES.* 
     
    from ACT_RU_JOB RES
     
     WHERE  RES.PROCESS_INSTANCE_ID_ = ? 
   
     order by  order by RES.ID_ asc  
    LIMIT ? OFFSET ? [42001-176]
### The error may exist in org/activiti/db/mapping/entity/Job.xml
### The error may involve org.activiti.engine.impl.persistence.entity.JobEntity.selectJobByQueryCriteria
### The error occurred while executing a query
### SQL: select RES.*            from ACT_RU_JOB RES            WHERE  RES.PROCESS_INSTANCE_ID_ = ?           order by  order by RES.ID_ asc       LIMIT ? OFFSET ?
### Cause: org.h2.jdbc.JdbcSQLException: Syntax error in SQL statement &quot;SELECT RES.* 
     
    FROM ACT_RU_JOB RES
     
     WHERE  RES.PROCESS_INSTANCE_ID_ = ? 
   
     ORDER BY  ORDER[*] BY RES.ID_ ASC  
    LIMIT ? OFFSET ? &quot;; expected &quot;=, NOT, EXISTS, INTERSECTS, SELECT, FROM&quot;; SQL statement:
select RES.* 
     
    from ACT_RU_JOB RES
     
     WHERE  RES.PROCESS_INSTANCE_ID_ = ? 
   
     order by  order by RES.ID_ asc  
    LIMIT ? OFFSET ? [42001-176]
org.apache.ibatis.exceptions.PersistenceException: 
### Error querying database.  Cause: org.h2.jdbc.JdbcSQLException: Syntax error in SQL statement &quot;SELECT RES.* 
     
    FROM ACT_RU_JOB RES
     
     WHERE  RES.PROCESS_INSTANCE_ID_ = ? 
   
     ORDER BY  ORDER[*] BY RES.ID_ ASC  
    LIMIT ? OFFSET ? &quot;; expected &quot;=, NOT, EXISTS, INTERSECTS, SELECT, FROM&quot;; SQL statement:
select RES.* 
     
    from ACT_RU_JOB RES
     
     WHERE  RES.PROCESS_INSTANCE_ID_ = ? 
   
     order by  order by RES.ID_ asc  
    LIMIT ? OFFSET ? [42001-176]
### The error may exist in org/activiti/db/mapping/entity/Job.xml
### The error may involve org.activiti.engine.impl.persistence.entity.JobEntity.selectJobByQueryCriteria
### The error occurred while executing a query
### SQL: select RES.*            from ACT_RU_JOB RES            WHERE  RES.PROCESS_INSTANCE_ID_ = ?           order by  order by RES.ID_ asc       LIMIT ? OFFSET ?
### Cause: org.h2.jdbc.JdbcSQLException: Syntax error in SQL statement &quot;SELECT RES.* 
     
    FROM ACT_RU_JOB RES
     
     WHERE  RES.PROCESS_INSTANCE_ID_ = ? 
   
     ORDER BY  ORDER[*] BY RES.ID_ ASC  
    LIMIT ? OFFSET ? &quot;; expected &quot;=, NOT, EXISTS, INTERSECTS, SELECT, FROM&quot;; SQL statement:
select RES.* 
     
    from ACT_RU_JOB RES
     
     WHERE  RES.PROCESS_INSTANCE_ID_ = ? 
   
     order by  order by RES.ID_ asc  
    LIMIT ? OFFSET ? [42001-176]
	at org.apache.ibatis.exceptions.ExceptionFactory.wrapException(ExceptionFactory.java:30)
	at org.apache.ibatis.session.defaults.DefaultSqlSession.selectList(DefaultSqlSession.java:122)
	at org.apache.ibatis.session.defaults.DefaultSqlSession.selectList(DefaultSqlSession.java:113)
	at org.activiti.engine.impl.db.DbSqlSession.selectListWithRawParameter(DbSqlSession.java:438)
	at org.activiti.engine.impl.db.DbSqlSession.selectList(DbSqlSession.java:429)
	at org.activiti.engine.impl.db.DbSqlSession.selectList(DbSqlSession.java:419)
	at org.activiti.engine.impl.persistence.entity.JobEntityManager.findJobsByQueryCriteria(JobEntityManager.java:198)
	at org.activiti.engine.impl.JobQueryImpl.executeList(JobQueryImpl.java:243)
	at org.activiti.engine.impl.AbstractQuery.executeSingleResult(AbstractQuery.java:183)
	at org.activiti.engine.impl.AbstractQuery.execute(AbstractQuery.java:166)
	at org.activiti.engine.impl.interceptor.CommandInvoker.execute(CommandInvoker.java:24)
	at org.activiti.engine.impl.interceptor.CommandContextInterceptor.execute(CommandContextInterceptor.java:57)
	at org.activiti.engine.impl.interceptor.LogInterceptor.execute(LogInterceptor.java:37)
	at org.activiti.engine.impl.cfg.CommandExecutorImpl.execute(CommandExecutorImpl.java:40)
	at org.activiti.engine.impl.cfg.CommandExecutorImpl.execute(CommandExecutorImpl.java:35)
	at org.activiti.engine.impl.AbstractQuery.singleResult(AbstractQuery.java:129)
	at org.activiti.engine.test.api.mgmt.JobQueryTest.testQueryByExecutionId(JobQueryTest.java:142)
	at sun.reflect.NativeMethodAccessorImpl.invoke0(Native Method)
	at sun.reflect.NativeMethodAccessorImpl.invoke(NativeMethodAccessorImpl.java:62)
	at sun.reflect.DelegatingMethodAccessorImpl.invoke(DelegatingMethodAccessorImpl.java:43)
	at java.lang.reflect.Method.invoke(Method.java:498)
	at junit.framework.TestCase.runTest(TestCase.java:176)
	at org.activiti.engine.impl.test.PvmTestCase.runTest(PvmTestCase.java:65)
	at junit.framework.TestCase.runBare(TestCase.java:141)
	at org.activiti.engine.impl.test.AbstractActivitiTestCase.runBare(AbstractActivitiTestCase.java:100)
	at junit.framework.TestResult$1.protect(TestResult.java:122)
	at junit.framework.TestResult.runProtected(TestResult.java:142)
	at junit.framework.TestResult.run(TestResult.java:125)
	at junit.framework.TestCase.run(TestCase.java:129)
	at junit.framework.TestSuite.runTest(TestSuite.java:255)
	at junit.framework.TestSuite.run(TestSuite.java:250)
	at org.junit.internal.runners.JUnit38ClassRunner.run(JUnit38ClassRunner.java:84)
	at org.apache.maven.surefire.junit4.JUnit4TestSet.execute(JUnit4TestSet.java:35)
	at org.apache.maven.surefire.junit4.JUnit4Provider.executeTestSet(JUnit4Provider.java:146)
	at org.apache.maven.surefire.junit4.JUnit4Provider.invoke(JUnit4Provider.java:97)
	at sun.reflect.NativeMethodAccessorImpl.invoke0(Native Method)
	at sun.reflect.NativeMethodAccessorImpl.invoke(NativeMethodAccessorImpl.java:62)
	at sun.reflect.DelegatingMethodAccessorImpl.invoke(DelegatingMethodAccessorImpl.java:43)
	at java.lang.reflect.Method.invoke(Method.java:498)
	at org.apache.maven.surefire.booter.ProviderFactory$ClassLoaderProxy.invoke(ProviderFactory.java:103)
	at com.sun.proxy.$Proxy0.invoke(Unknown Source)
	at org.apache.maven.surefire.booter.SurefireStarter.invokeProvider(SurefireStarter.java:145)
	at org.apache.maven.surefire.booter.SurefireStarter.runSuitesInProcess(SurefireStarter.java:87)
	at org.apache.maven.surefire.booter.ForkedBooter.main(ForkedBooter.java:69)
Caused by: org.h2.jdbc.JdbcSQLException: Syntax error in SQL statement &quot;SELECT RES.* 
     
    FROM ACT_RU_JOB RES
     
     WHERE  RES.PROCESS_INSTANCE_ID_ = ? 
   
     ORDER BY  ORDER[*] BY RES.ID_ ASC  
    LIMIT ? OFFSET ? &quot;; expected &quot;=, NOT, EXISTS, INTERSECTS, SELECT, FROM&quot;; SQL statement:
select RES.* 
     
    from ACT_RU_JOB RES
     
     WHERE  RES.PROCESS_INSTANCE_ID_ = ? 
   
     order by  order by RES.ID_ asc  
    LIMIT ? OFFSET ? [42001-176]
	at org.h2.message.DbException.getJdbcSQLException(DbException.java:344)
	at org.h2.message.DbException.getSyntaxError(DbException.java:204)
	at org.h2.command.Parser.getSyntaxError(Parser.java:524)
	at org.h2.command.Parser.readTerm(Parser.java:2688)
	at org.h2.command.Parser.readFactor(Parser.java:2244)
	at org.h2.command.Parser.readSum(Parser.java:2231)
	at org.h2.command.Parser.readConcat(Parser.java:2201)
	at org.h2.command.Parser.readCondition(Parser.java:2051)
	at org.h2.command.Parser.readAnd(Parser.java:2023)
	at org.h2.command.Parser.readExpression(Parser.java:2015)
	at org.h2.command.Parser.parseEndOfQuery(Parser.java:1726)
	at org.h2.command.Parser.parseSelectUnionExtension(Parser.java:1706)
	at org.h2.command.Parser.parseSelectUnion(Parser.java:1675)
	at org.h2.command.Parser.parseSelect(Parser.java:1662)
	at org.h2.command.Parser.parsePrepared(Parser.java:434)
	at org.h2.command.Parser.parse(Parser.java:306)
	at org.h2.command.Parser.parse(Parser.java:282)
	at org.h2.command.Parser.prepareCommand(Parser.java:243)
	at org.h2.engine.Session.prepareLocal(Session.java:442)
	at org.h2.engine.Session.prepareCommand(Session.java:384)
	at org.h2.jdbc.JdbcConnection.prepareCommand(JdbcConnection.java:1188)
	at org.h2.jdbc.JdbcPreparedStatement.&lt;init&gt;(JdbcPreparedStatement.java:73)
	at org.h2.jdbc.JdbcConnection.prepareStatement(JdbcConnection.java:276)
	at sun.reflect.GeneratedMethodAccessor6.invoke(Unknown Source)
	at sun.reflect.DelegatingMethodAccessorImpl.invoke(DelegatingMethodAccessorImpl.java:43)
	at java.lang.reflect.Method.invoke(Method.java:498)
	at org.apache.ibatis.datasource.pooled.PooledConnection.invoke(PooledConnection.java:245)
	at com.sun.proxy.$Proxy12.prepareStatement(Unknown Source)
	at sun.reflect.GeneratedMethodAccessor6.invoke(Unknown Source)
	at sun.reflect.DelegatingMethodAccessorImpl.invoke(DelegatingMethodAccessorImpl.java:43)
	at java.lang.reflect.Method.invoke(Method.java:498)
	at org.apache.ibatis.logging.jdbc.ConnectionLogger.invoke(ConnectionLogger.java:55)
	at com.sun.proxy.$Proxy12.prepareStatement(Unknown Source)
	at org.apache.ibatis.executor.statement.PreparedStatementHandler.instantiateStatement(PreparedStatementHandler.java:79)
	at org.apache.ibatis.executor.statement.BaseStatementHandler.prepare(BaseStatementHandler.java:88)
	at org.apache.ibatis.executor.statement.RoutingStatementHandler.prepare(RoutingStatementHandler.java:58)
	at org.apache.ibatis.executor.SimpleExecutor.prepareStatement(SimpleExecutor.java:76)
	at org.apache.ibatis.executor.SimpleExecutor.doQuery(SimpleExecutor.java:61)
	at org.apache.ibatis.executor.BaseExecutor.queryFromDatabase(BaseExecutor.java:303)
	at org.apache.ibatis.executor.BaseExecutor.query(BaseExecutor.java:154)
	at org.apache.ibatis.executor.CachingExecutor.query(CachingExecutor.java:102)
	at org.apache.ibatis.executor.CachingExecutor.query(CachingExecutor.java:82)
	at org.apache.ibatis.session.defaults.DefaultSqlSession.selectList(DefaultSqlSession.java:120)
	... 42 more
10:44:57,336 [main] DEBUG org.activiti.engine.impl.test.PvmTestCase  - verifying that db is clean after test
10:44:57,336 [main] DEBUG org.activiti.engine.impl.interceptor.LogInterceptor  - 

10:44:57,336 [main] DEBUG org.activiti.engine.impl.interceptor.LogInterceptor  - --- starting GetTableCountCmd --------------------------------------------------------
10:44:57,336 [main] DEBUG org.apache.ibatis.transaction.jdbc.JdbcTransaction  - Opening JDBC Connection
10:44:57,336 [main] DEBUG org.apache.ibatis.datasource.pooled.PooledDataSource  - Checked out connection 180014677 from pool.
10:44:57,336 [main] DEBUG org.apache.ibatis.transaction.jdbc.JdbcTransaction  - Setting autocommit to false on JDBC Connection [conn3: url=jdbc:h2:mem:activiti user=SA]
10:44:57,336 [main] DEBUG org.activiti.engine.impl.persistence.entity.TableDataManager  - retrieving activiti tables from jdbc metadata
10:44:57,337 [main] DEBUG org.activiti.engine.impl.persistence.entity.TableDataManager  -   retrieved activiti table name ACT_EVT_LOG
10:44:57,337 [main] DEBUG org.activiti.engine.impl.persistence.entity.TableDataManager  -   retrieved activiti table name ACT_GE_BYTEARRAY
10:44:57,337 [main] DEBUG org.activiti.engine.impl.persistence.entity.TableDataManager  -   retrieved activiti table name ACT_GE_PROPERTY
10:44:57,337 [main] DEBUG org.activiti.engine.impl.persistence.entity.TableDataManager  -   retrieved activiti table name ACT_HI_ACTINST
10:44:57,337 [main] DEBUG org.activiti.engine.impl.persistence.entity.TableDataManager  -   retrieved activiti table name ACT_HI_ATTACHMENT
10:44:57,337 [main] DEBUG org.activiti.engine.impl.persistence.entity.TableDataManager  -   retrieved activiti table name ACT_HI_COMMENT
10:44:57,337 [main] DEBUG org.activiti.engine.impl.persistence.entity.TableDataManager  -   retrieved activiti table name ACT_HI_DETAIL
10:44:57,337 [main] DEBUG org.activiti.engine.impl.persistence.entity.TableDataManager  -   retrieved activiti table name ACT_HI_IDENTITYLINK
10:44:57,337 [main] DEBUG org.activiti.engine.impl.persistence.entity.TableDataManager  -   retrieved activiti table name ACT_HI_PROCINST
10:44:57,337 [main] DEBUG org.activiti.engine.impl.persistence.entity.TableDataManager  -   retrieved activiti table name ACT_HI_TASKINST
10:44:57,337 [main] DEBUG org.activiti.engine.impl.persistence.entity.TableDataManager  -   retrieved activiti table name ACT_HI_VARINST
10:44:57,337 [main] DEBUG org.activiti.engine.impl.persistence.entity.TableDataManager  -   retrieved activiti table name ACT_ID_GROUP
10:44:57,337 [main] DEBUG org.activiti.engine.impl.persistence.entity.TableDataManager  -   retrieved activiti table name ACT_ID_INFO
10:44:57,337 [main] DEBUG org.activiti.engine.impl.persistence.entity.TableDataManager  -   retrieved activiti table name ACT_ID_MEMBERSHIP
10:44:57,337 [main] DEBUG org.activiti.engine.impl.persistence.entity.TableDataManager  -   retrieved activiti table name ACT_ID_USER
10:44:57,337 [main] DEBUG org.activiti.engine.impl.persistence.entity.TableDataManager  -   retrieved activiti table name ACT_PROCDEF_INFO
10:44:57,337 [main] DEBUG org.activiti.engine.impl.persistence.entity.TableDataManager  -   retrieved activiti table name ACT_RE_DEPLOYMENT
10:44:57,337 [main] DEBUG org.activiti.engine.impl.persistence.entity.TableDataManager  -   retrieved activiti table name ACT_RE_MODEL
10:44:57,337 [main] DEBUG org.activiti.engine.impl.persistence.entity.TableDataManager  -   retrieved activiti table name ACT_RE_PROCDEF
10:44:57,337 [main] DEBUG org.activiti.engine.impl.persistence.entity.TableDataManager  -   retrieved activiti table name ACT_RU_EVENT_SUBSCR
10:44:57,337 [main] DEBUG org.activiti.engine.impl.persistence.entity.TableDataManager  -   retrieved activiti table name ACT_RU_EXECUTION
10:44:57,337 [main] DEBUG org.activiti.engine.impl.persistence.entity.TableDataManager  -   retrieved activiti table name ACT_RU_IDENTITYLINK
10:44:57,337 [main] DEBUG org.activiti.engine.impl.persistence.entity.TableDataManager  -   retrieved activiti table name ACT_RU_JOB
10:44:57,337 [main] DEBUG org.activiti.engine.impl.persistence.entity.TableDataManager  -   retrieved activiti table name ACT_RU_TASK
10:44:57,337 [main] DEBUG org.activiti.engine.impl.persistence.entity.TableDataManager  -   retrieved activiti table name ACT_RU_VARIABLE
10:44:57,337 [main] DEBUG org.activiti.engine.impl.persistence.entity.TableDataManager  - selecting table count for ACT_EVT_LOG
10:44:57,337 [main] DEBUG org.activiti.engine.impl.TablePageMap.selectTableCount  - ==&gt;  Preparing: select count(*) from ACT_EVT_LOG 
10:44:57,337 [main] DEBUG org.activiti.engine.impl.TablePageMap.selectTableCount  - ==&gt; Parameters: 
10:44:57,337 [main] DEBUG org.activiti.engine.impl.TablePageMap.selectTableCount  - &lt;==      Total: 1
10:44:57,337 [main] DEBUG org.activiti.engine.impl.persistence.entity.TableDataManager  - selecting table count for ACT_GE_BYTEARRAY
10:44:57,337 [main] DEBUG org.activiti.engine.impl.TablePageMap.selectTableCount  - ==&gt;  Preparing: select count(*) from ACT_GE_BYTEARRAY 
10:44:57,337 [main] DEBUG org.activiti.engine.impl.TablePageMap.selectTableCount  - ==&gt; Parameters: 
10:44:57,337 [main] DEBUG org.activiti.engine.impl.TablePageMap.selectTableCount  - &lt;==      Total: 1
10:44:57,337 [main] DEBUG org.activiti.engine.impl.persistence.entity.TableDataManager  - selecting table count for ACT_GE_PROPERTY
10:44:57,337 [main] DEBUG org.activiti.engine.impl.TablePageMap.selectTableCount  - ==&gt;  Preparing: select count(*) from ACT_GE_PROPERTY 
10:44:57,337 [main] DEBUG org.activiti.engine.impl.TablePageMap.selectTableCount  - ==&gt; Parameters: 
10:44:57,337 [main] DEBUG org.activiti.engine.impl.TablePageMap.selectTableCount  - &lt;==      Total: 1
10:44:57,337 [main] DEBUG org.activiti.engine.impl.persistence.entity.TableDataManager  - selecting table count for ACT_HI_ACTINST
10:44:57,337 [main] DEBUG org.activiti.engine.impl.TablePageMap.selectTableCount  - ==&gt;  Preparing: select count(*) from ACT_HI_ACTINST 
10:44:57,337 [main] DEBUG org.activiti.engine.impl.TablePageMap.selectTableCount  - ==&gt; Parameters: 
10:44:57,337 [main] DEBUG org.activiti.engine.impl.TablePageMap.selectTableCount  - &lt;==      Total: 1
10:44:57,337 [main] DEBUG org.activiti.engine.impl.persistence.entity.TableDataManager  - selecting table count for ACT_HI_ATTACHMENT
10:44:57,337 [main] DEBUG org.activiti.engine.impl.TablePageMap.selectTableCount  - ==&gt;  Preparing: select count(*) from ACT_HI_ATTACHMENT 
10:44:57,337 [main] DEBUG org.activiti.engine.impl.TablePageMap.selectTableCount  - ==&gt; Parameters: 
10:44:57,337 [main] DEBUG org.activiti.engine.impl.TablePageMap.selectTableCount  - &lt;==      Total: 1
10:44:57,337 [main] DEBUG org.activiti.engine.impl.persistence.entity.TableDataManager  - selecting table count for ACT_HI_COMMENT
10:44:57,337 [main] DEBUG org.activiti.engine.impl.TablePageMap.selectTableCount  - ==&gt;  Preparing: select count(*) from ACT_HI_COMMENT 
10:44:57,337 [main] DEBUG org.activiti.engine.impl.TablePageMap.selectTableCount  - ==&gt; Parameters: 
10:44:57,337 [main] DEBUG org.activiti.engine.impl.TablePageMap.selectTableCount  - &lt;==      Total: 1
10:44:57,337 [main] DEBUG org.activiti.engine.impl.persistence.entity.TableDataManager  - selecting table count for ACT_HI_DETAIL
10:44:57,337 [main] DEBUG org.activiti.engine.impl.TablePageMap.selectTableCount  - ==&gt;  Preparing: select count(*) from ACT_HI_DETAIL 
10:44:57,337 [main] DEBUG org.activiti.engine.impl.TablePageMap.selectTableCount  - ==&gt; Parameters: 
10:44:57,337 [main] DEBUG org.activiti.engine.impl.TablePageMap.selectTableCount  - &lt;==      Total: 1
10:44:57,337 [main] DEBUG org.activiti.engine.impl.persistence.entity.TableDataManager  - selecting table count for ACT_HI_IDENTITYLINK
10:44:57,337 [main] DEBUG org.activiti.engine.impl.TablePageMap.selectTableCount  - ==&gt;  Preparing: select count(*) from ACT_HI_IDENTITYLINK 
10:44:57,337 [main] DEBUG org.activiti.engine.impl.TablePageMap.selectTableCount  - ==&gt; Parameters: 
10:44:57,337 [main] DEBUG org.activiti.engine.impl.TablePageMap.selectTableCount  - &lt;==      Total: 1
10:44:57,337 [main] DEBUG org.activiti.engine.impl.persistence.entity.TableDataManager  - selecting table count for ACT_HI_PROCINST
10:44:57,337 [main] DEBUG org.activiti.engine.impl.TablePageMap.selectTableCount  - ==&gt;  Preparing: select count(*) from ACT_HI_PROCINST 
10:44:57,337 [main] DEBUG org.activiti.engine.impl.TablePageMap.selectTableCount  - ==&gt; Parameters: 
10:44:57,337 [main] DEBUG org.activiti.engine.impl.TablePageMap.selectTableCount  - &lt;==      Total: 1
10:44:57,337 [main] DEBUG org.activiti.engine.impl.persistence.entity.TableDataManager  - selecting table count for ACT_HI_TASKINST
10:44:57,337 [main] DEBUG org.activiti.engine.impl.TablePageMap.selectTableCount  - ==&gt;  Preparing: select count(*) from ACT_HI_TASKINST 
10:44:57,337 [main] DEBUG org.activiti.engine.impl.TablePageMap.selectTableCount  - ==&gt; Parameters: 
10:44:57,337 [main] DEBUG org.activiti.engine.impl.TablePageMap.selectTableCount  - &lt;==      Total: 1
10:44:57,337 [main] DEBUG org.activiti.engine.impl.persistence.entity.TableDataManager  - selecting table count for ACT_HI_VARINST
10:44:57,337 [main] DEBUG org.activiti.engine.impl.TablePageMap.selectTableCount  - ==&gt;  Preparing: select count(*) from ACT_HI_VARINST 
10:44:57,337 [main] DEBUG org.activiti.engine.impl.TablePageMap.selectTableCount  - ==&gt; Parameters: 
10:44:57,337 [main] DEBUG org.activiti.engine.impl.TablePageMap.selectTableCount  - &lt;==      Total: 1
10:44:57,337 [main] DEBUG org.activiti.engine.impl.persistence.entity.TableDataManager  - selecting table count for ACT_ID_GROUP
10:44:57,337 [main] DEBUG org.activiti.engine.impl.TablePageMap.selectTableCount  - ==&gt;  Preparing: select count(*) from ACT_ID_GROUP 
10:44:57,337 [main] DEBUG org.activiti.engine.impl.TablePageMap.selectTableCount  - ==&gt; Parameters: 
10:44:57,337 [main] DEBUG org.activiti.engine.impl.TablePageMap.selectTableCount  - &lt;==      Total: 1
10:44:57,337 [main] DEBUG org.activiti.engine.impl.persistence.entity.TableDataManager  - selecting table count for ACT_ID_INFO
10:44:57,337 [main] DEBUG org.activiti.engine.impl.TablePageMap.selectTableCount  - ==&gt;  Preparing: select count(*) from ACT_ID_INFO 
10:44:57,337 [main] DEBUG org.activiti.engine.impl.TablePageMap.selectTableCount  - ==&gt; Parameters: 
10:44:57,337 [main] DEBUG org.activiti.engine.impl.TablePageMap.selectTableCount  - &lt;==      Total: 1
10:44:57,337 [main] DEBUG org.activiti.engine.impl.persistence.entity.TableDataManager  - selecting table count for ACT_ID_MEMBERSHIP
10:44:57,337 [main] DEBUG org.activiti.engine.impl.TablePageMap.selectTableCount  - ==&gt;  Preparing: select count(*) from ACT_ID_MEMBERSHIP 
10:44:57,337 [main] DEBUG org.activiti.engine.impl.TablePageMap.selectTableCount  - ==&gt; Parameters: 
10:44:57,337 [main] DEBUG org.activiti.engine.impl.TablePageMap.selectTableCount  - &lt;==      Total: 1
10:44:57,337 [main] DEBUG org.activiti.engine.impl.persistence.entity.TableDataManager  - selecting table count for ACT_ID_USER
10:44:57,337 [main] DEBUG org.activiti.engine.impl.TablePageMap.selectTableCount  - ==&gt;  Preparing: select count(*) from ACT_ID_USER 
10:44:57,337 [main] DEBUG org.activiti.engine.impl.TablePageMap.selectTableCount  - ==&gt; Parameters: 
10:44:57,337 [main] DEBUG org.activiti.engine.impl.TablePageMap.selectTableCount  - &lt;==      Total: 1
10:44:57,337 [main] DEBUG org.activiti.engine.impl.persistence.entity.TableDataManager  - selecting table count for ACT_PROCDEF_INFO
10:44:57,337 [main] DEBUG org.activiti.engine.impl.TablePageMap.selectTableCount  - ==&gt;  Preparing: select count(*) from ACT_PROCDEF_INFO 
10:44:57,337 [main] DEBUG org.activiti.engine.impl.TablePageMap.selectTableCount  - ==&gt; Parameters: 
10:44:57,337 [main] DEBUG org.activiti.engine.impl.TablePageMap.selectTableCount  - &lt;==      Total: 1
10:44:57,337 [main] DEBUG org.activiti.engine.impl.persistence.entity.TableDataManager  - selecting table count for ACT_RE_DEPLOYMENT
10:44:57,337 [main] DEBUG org.activiti.engine.impl.TablePageMap.selectTableCount  - ==&gt;  Preparing: select count(*) from ACT_RE_DEPLOYMENT 
10:44:57,337 [main] DEBUG org.activiti.engine.impl.TablePageMap.selectTableCount  - ==&gt; Parameters: 
10:44:57,337 [main] DEBUG org.activiti.engine.impl.TablePageMap.selectTableCount  - &lt;==      Total: 1
10:44:57,337 [main] DEBUG org.activiti.engine.impl.persistence.entity.TableDataManager  - selecting table count for ACT_RE_MODEL
10:44:57,337 [main] DEBUG org.activiti.engine.impl.TablePageMap.selectTableCount  - ==&gt;  Preparing: select count(*) from ACT_RE_MODEL 
10:44:57,337 [main] DEBUG org.activiti.engine.impl.TablePageMap.selectTableCount  - ==&gt; Parameters: 
10:44:57,337 [main] DEBUG org.activiti.engine.impl.TablePageMap.selectTableCount  - &lt;==      Total: 1
10:44:57,337 [main] DEBUG org.activiti.engine.impl.persistence.entity.TableDataManager  - selecting table count for ACT_RE_PROCDEF
10:44:57,337 [main] DEBUG org.activiti.engine.impl.TablePageMap.selectTableCount  - ==&gt;  Preparing: select count(*) from ACT_RE_PROCDEF 
10:44:57,337 [main] DEBUG org.activiti.engine.impl.TablePageMap.selectTableCount  - ==&gt; Parameters: 
10:44:57,337 [main] DEBUG org.activiti.engine.impl.TablePageMap.selectTableCount  - &lt;==      Total: 1
10:44:57,337 [main] DEBUG org.activiti.engine.impl.persistence.entity.TableDataManager  - selecting table count for ACT_RU_EVENT_SUBSCR
10:44:57,337 [main] DEBUG org.activiti.engine.impl.TablePageMap.selectTableCount  - ==&gt;  Preparing: select count(*) from ACT_RU_EVENT_SUBSCR 
10:44:57,337 [main] DEBUG org.activiti.engine.impl.TablePageMap.selectTableCount  - ==&gt; Parameters: 
10:44:57,337 [main] DEBUG org.activiti.engine.impl.TablePageMap.selectTableCount  - &lt;==      Total: 1
10:44:57,337 [main] DEBUG org.activiti.engine.impl.persistence.entity.TableDataManager  - selecting table count for ACT_RU_EXECUTION
10:44:57,337 [main] DEBUG org.activiti.engine.impl.TablePageMap.selectTableCount  - ==&gt;  Preparing: select count(*) from ACT_RU_EXECUTION 
10:44:57,337 [main] DEBUG org.activiti.engine.impl.TablePageMap.selectTableCount  - ==&gt; Parameters: 
10:44:57,337 [main] DEBUG org.activiti.engine.impl.TablePageMap.selectTableCount  - &lt;==      Total: 1
10:44:57,337 [main] DEBUG org.activiti.engine.impl.persistence.entity.TableDataManager  - selecting table count for ACT_RU_IDENTITYLINK
10:44:57,337 [main] DEBUG org.activiti.engine.impl.TablePageMap.selectTableCount  - ==&gt;  Preparing: select count(*) from ACT_RU_IDENTITYLINK 
10:44:57,337 [main] DEBUG org.activiti.engine.impl.TablePageMap.selectTableCount  - ==&gt; Parameters: 
10:44:57,337 [main] DEBUG org.activiti.engine.impl.TablePageMap.selectTableCount  - &lt;==      Total: 1
10:44:57,337 [main] DEBUG org.activiti.engine.impl.persistence.entity.TableDataManager  - selecting table count for ACT_RU_JOB
10:44:57,337 [main] DEBUG org.activiti.engine.impl.TablePageMap.selectTableCount  - ==&gt;  Preparing: select count(*) from ACT_RU_JOB 
10:44:57,337 [main] DEBUG org.activiti.engine.impl.TablePageMap.selectTableCount  - ==&gt; Parameters: 
10:44:57,337 [main] DEBUG org.activiti.engine.impl.TablePageMap.selectTableCount  - &lt;==      Total: 1
10:44:57,337 [main] DEBUG org.activiti.engine.impl.persistence.entity.TableDataManager  - selecting table count for ACT_RU_TASK
10:44:57,337 [main] DEBUG org.activiti.engine.impl.TablePageMap.selectTableCount  - ==&gt;  Preparing: select count(*) from ACT_RU_TASK 
10:44:57,337 [main] DEBUG org.activiti.engine.impl.TablePageMap.selectTableCount  - ==&gt; Parameters: 
10:44:57,337 [main] DEBUG org.activiti.engine.impl.TablePageMap.selectTableCount  - &lt;==      Total: 1
10:44:57,337 [main] DEBUG org.activiti.engine.impl.persistence.entity.TableDataManager  - selecting table count for ACT_RU_VARIABLE
10:44:57,337 [main] DEBUG org.activiti.engine.impl.TablePageMap.selectTableCount  - ==&gt;  Preparing: select count(*) from ACT_RU_VARIABLE 
10:44:57,337 [main] DEBUG org.activiti.engine.impl.TablePageMap.selectTableCount  - ==&gt; Parameters: 
10:44:57,338 [main] DEBUG org.activiti.engine.impl.TablePageMap.selectTableCount  - &lt;==      Total: 1
10:44:57,338 [main] DEBUG org.activiti.engine.impl.persistence.entity.TableDataManager  - Number of rows per activiti table: {ACT_RU_EVENT_SUBSCR=0, ACT_ID_USER=0, ACT_HI_ATTACHMENT=0, ACT_GE_BYTEARRAY=3, ACT_RE_MODEL=0, ACT_RU_VARIABLE=0, ACT_RU_TASK=6, ACT_RE_DEPLOYMENT=3, ACT_RE_PROCDEF=3, ACT_ID_GROUP=0, ACT_HI_VARINST=0, ACT_HI_COMMENT=0, ACT_HI_PROCINST=6, ACT_ID_INFO=0, ACT_ID_MEMBERSHIP=0, ACT_RU_JOB=8, ACT_PROCDEF_INFO=0, ACT_HI_ACTINST=12, ACT_RU_EXECUTION=12, ACT_HI_TASKINST=6, ACT_HI_DETAIL=0, ACT_EVT_LOG=0, ACT_HI_IDENTITYLINK=0, ACT_RU_IDENTITYLINK=0, ACT_GE_PROPERTY=3}
10:44:57,338 [main] DEBUG org.activiti.engine.impl.db.DbSqlSession  - flush summary: 0 insert, 0 update, 0 delete.
10:44:57,338 [main] DEBUG org.activiti.engine.impl.db.DbSqlSession  - now executing flush...
10:44:57,338 [main] DEBUG org.activiti.engine.impl.cfg.standalone.StandaloneMybatisTransactionContext  - firing event committing...
10:44:57,338 [main] DEBUG org.activiti.engine.impl.cfg.standalone.StandaloneMybatisTransactionContext  - committing the ibatis sql session...
10:44:57,338 [main] DEBUG org.activiti.engine.impl.cfg.standalone.StandaloneMybatisTransactionContext  - firing event committed...
10:44:57,338 [main] DEBUG org.apache.ibatis.transaction.jdbc.JdbcTransaction  - Resetting autocommit to true on JDBC Connection [conn3: url=jdbc:h2:mem:activiti user=SA]
10:44:57,338 [main] DEBUG org.apache.ibatis.transaction.jdbc.JdbcTransaction  - Closing JDBC Connection [conn3: url=jdbc:h2:mem:activiti user=SA]
10:44:57,338 [main] DEBUG org.apache.ibatis.datasource.pooled.PooledDataSource  - Returned connection 180014677 to pool.
10:44:57,338 [main] DEBUG org.activiti.engine.impl.interceptor.LogInterceptor  - --- GetTableCountCmd finished --------------------------------------------------------
10:44:57,338 [main] DEBUG org.activiti.engine.impl.interceptor.LogInterceptor  - 

10:44:57,338 [main] ERROR org.activiti.engine.impl.test.PvmTestCase  - 

10:44:57,338 [main] ERROR org.activiti.engine.impl.test.PvmTestCase  - DB NOT CLEAN: 
  ACT_GE_BYTEARRAY: 3 record(s)   ACT_RU_TASK: 6 record(s)   ACT_RE_DEPLOYMENT: 3 record(s)   ACT_RE_PROCDEF: 3 record(s)   ACT_HI_PROCINST: 6 record(s)   ACT_RU_JOB: 8 record(s)   ACT_HI_ACTINST: 12 record(s)   ACT_RU_EXECUTION: 12 record(s)   ACT_HI_TASKINST: 6 record(s) 
10:44:57,338 [main] INFO  org.activiti.engine.impl.test.PvmTestCase  - dropping and recreating db
10:44:57,338 [main] DEBUG org.activiti.engine.impl.interceptor.LogInterceptor  - 

10:44:57,338 [main] DEBUG org.activiti.engine.impl.interceptor.LogInterceptor  - --- starting  --------------------------------------------------------
10:44:57,338 [main] INFO  org.activiti.engine.impl.db.DbSqlSession  - performing drop on engine with resource org/activiti/db/drop/activiti.h2.drop.engine.sql
10:44:57,338 [main] DEBUG org.apache.ibatis.transaction.jdbc.JdbcTransaction  - Opening JDBC Connection
10:44:57,338 [main] DEBUG org.apache.ibatis.datasource.pooled.PooledDataSource  - Checked out connection 297240765 from pool.
10:44:57,338 [main] DEBUG org.apache.ibatis.transaction.jdbc.JdbcTransaction  - Setting autocommit to false on JDBC Connection [conn4: url=jdbc:h2:mem:activiti user=SA]
10:44:57,338 [main] DEBUG org.activiti.engine.impl.db.DbSqlSession  - SQL: drop table if exists ACT_GE_PROPERTY cascade constraints
10:44:57,338 [main] DEBUG org.activiti.engine.impl.db.DbSqlSession  - SQL: drop table if exists ACT_GE_BYTEARRAY cascade constraints
10:44:57,338 [main] DEBUG org.activiti.engine.impl.db.DbSqlSession  - SQL: drop table if exists ACT_RE_DEPLOYMENT cascade constraints
10:44:57,338 [main] DEBUG org.activiti.engine.impl.db.DbSqlSession  - SQL: drop table if exists ACT_RE_MODEL cascade constraints
10:44:57,338 [main] DEBUG org.activiti.engine.impl.db.DbSqlSession  - SQL: drop table if exists ACT_RU_EXECUTION cascade constraints
10:44:57,338 [main] DEBUG org.activiti.engine.impl.db.DbSqlSession  - SQL: drop table if exists ACT_RU_JOB cascade constraints
10:44:57,338 [main] DEBUG org.activiti.engine.impl.db.DbSqlSession  - SQL: drop table if exists ACT_RE_PROCDEF cascade constraints
10:44:57,338 [main] DEBUG org.activiti.engine.impl.db.DbSqlSession  - SQL: drop table if exists ACT_RU_TASK cascade constraints
10:44:57,338 [main] DEBUG org.activiti.engine.impl.db.DbSqlSession  - SQL: drop table if exists ACT_RU_IDENTITYLINK cascade constraints
10:44:57,338 [main] DEBUG org.activiti.engine.impl.db.DbSqlSession  - SQL: drop table if exists ACT_RU_VARIABLE cascade constraints
10:44:57,338 [main] DEBUG org.activiti.engine.impl.db.DbSqlSession  - SQL: drop table if exists ACT_RU_EVENT_SUBSCR cascade constraints
10:44:57,338 [main] DEBUG org.activiti.engine.impl.db.DbSqlSession  - SQL: drop table if exists ACT_EVT_LOG cascade constraints
10:44:57,338 [main] DEBUG org.activiti.engine.impl.db.DbSqlSession  - SQL: drop table if exists ACT_PROCDEF_INFO cascade constraints
10:44:57,338 [main] DEBUG org.activiti.engine.impl.db.DbSqlSession  - SQL: drop index if exists ACT_IDX_EXEC_BUSKEY
10:44:57,338 [main] DEBUG org.activiti.engine.impl.db.DbSqlSession  - SQL: drop index if exists ACT_IDX_TASK_CREATE
10:44:57,338 [main] DEBUG org.activiti.engine.impl.db.DbSqlSession  - SQL: drop index if exists ACT_IDX_IDENT_LNK_USER
10:44:57,338 [main] DEBUG org.activiti.engine.impl.db.DbSqlSession  - SQL: drop index if exists ACT_IDX_IDENT_LNK_GROUP
10:44:57,338 [main] DEBUG org.activiti.engine.impl.db.DbSqlSession  - SQL: drop index if exists ACT_IDX_VARIABLE_TASK_ID
10:44:57,338 [main] DEBUG org.activiti.engine.impl.db.DbSqlSession  - SQL: drop index if exists ACT_IDX_EVENT_SUBSCR_CONFIG_
10:44:57,338 [main] DEBUG org.activiti.engine.impl.db.DbSqlSession  - SQL: drop index if exists ACT_IDX_ATHRZ_PROCEDEF
10:44:57,338 [main] DEBUG org.activiti.engine.impl.db.DbSqlSession  - SQL: drop index if exists ACT_IDX_INFO_PROCDEF
10:44:57,338 [main] DEBUG org.activiti.engine.impl.db.DbSqlSession  - activiti db schema drop for component engine successful
10:44:57,339 [main] INFO  org.activiti.engine.impl.db.DbSqlSession  - performing drop on history with resource org/activiti/db/drop/activiti.h2.drop.history.sql
10:44:57,339 [main] DEBUG org.activiti.engine.impl.db.DbSqlSession  - SQL: drop table if exists ACT_HI_PROCINST cascade constraints
10:44:57,339 [main] DEBUG org.activiti.engine.impl.db.DbSqlSession  - SQL: drop table if exists ACT_HI_ACTINST cascade constraints
10:44:57,339 [main] DEBUG org.activiti.engine.impl.db.DbSqlSession  - SQL: drop table if exists ACT_HI_VARINST cascade constraints
10:44:57,339 [main] DEBUG org.activiti.engine.impl.db.DbSqlSession  - SQL: drop table if exists ACT_HI_TASKINST cascade constraints
10:44:57,339 [main] DEBUG org.activiti.engine.impl.db.DbSqlSession  - SQL: drop table if exists ACT_HI_DETAIL cascade constraints
10:44:57,339 [main] DEBUG org.activiti.engine.impl.db.DbSqlSession  - SQL: drop table if exists ACT_HI_COMMENT cascade constraints
10:44:57,339 [main] DEBUG org.activiti.engine.impl.db.DbSqlSession  - SQL: drop table if exists ACT_HI_ATTACHMENT cascade constraints
10:44:57,339 [main] DEBUG org.activiti.engine.impl.db.DbSqlSession  - SQL: drop table if exists ACT_HI_IDENTITYLINK cascade constraints
10:44:57,339 [main] DEBUG org.activiti.engine.impl.db.DbSqlSession  - SQL: drop index if exists ACT_IDX_HI_PRO_INST_END
10:44:57,339 [main] DEBUG org.activiti.engine.impl.db.DbSqlSession  - SQL: drop index if exists ACT_IDX_HI_PRO_I_BUSKEY
10:44:57,339 [main] DEBUG org.activiti.engine.impl.db.DbSqlSession  - SQL: drop index if exists ACT_IDX_HI_ACT_INST_START
10:44:57,339 [main] DEBUG org.activiti.engine.impl.db.DbSqlSession  - SQL: drop index if exists ACT_IDX_HI_ACT_INST_END
10:44:57,339 [main] DEBUG org.activiti.engine.impl.db.DbSqlSession  - SQL: drop index if exists ACT_IDX_HI_DETAIL_PROC_INST
10:44:57,339 [main] DEBUG org.activiti.engine.impl.db.DbSqlSession  - SQL: drop index if exists ACT_IDX_HI_DETAIL_ACT_INST
10:44:57,339 [main] DEBUG org.activiti.engine.impl.db.DbSqlSession  - SQL: drop index if exists ACT_IDX_HI_DETAIL_TIME
10:44:57,339 [main] DEBUG org.activiti.engine.impl.db.DbSqlSession  - SQL: drop index if exists ACT_IDX_HI_DETAIL_NAME
10:44:57,339 [main] DEBUG org.activiti.engine.impl.db.DbSqlSession  - SQL: drop index if exists ACT_IDX_HI_DETAIL_TASK_ID
10:44:57,339 [main] DEBUG org.activiti.engine.impl.db.DbSqlSession  - SQL: drop index if exists ACT_IDX_HI_PROCVAR_PROC_INST
10:44:57,339 [main] DEBUG org.activiti.engine.impl.db.DbSqlSession  - SQL: drop index if exists ACT_IDX_HI_PROCVAR_NAME_TYPE
10:44:57,339 [main] DEBUG org.activiti.engine.impl.db.DbSqlSession  - SQL: drop index if exists ACT_IDX_HI_ACT_INST_PROCINST
10:44:57,339 [main] DEBUG org.activiti.engine.impl.db.DbSqlSession  - SQL: drop index if exists ACT_IDX_HI_IDENT_LNK_USER
10:44:57,339 [main] DEBUG org.activiti.engine.impl.db.DbSqlSession  - SQL: drop index if exists ACT_IDX_HI_IDENT_LNK_TASK
10:44:57,339 [main] DEBUG org.activiti.engine.impl.db.DbSqlSession  - SQL: drop index if exists ACT_IDX_HI_IDENT_LNK_PROCINST
10:44:57,339 [main] DEBUG org.activiti.engine.impl.db.DbSqlSession  - SQL: drop index if exists ACT_IDX_HI_TASK_INST_PROCINST
10:44:57,339 [main] DEBUG org.activiti.engine.impl.db.DbSqlSession  - activiti db schema drop for component history successful
10:44:57,339 [main] INFO  org.activiti.engine.impl.db.DbSqlSession  - performing drop on identity with resource org/activiti/db/drop/activiti.h2.drop.identity.sql
10:44:57,339 [main] DEBUG org.activiti.engine.impl.db.DbSqlSession  - SQL: drop table if exists ACT_ID_INFO cascade constraints
10:44:57,339 [main] DEBUG org.activiti.engine.impl.db.DbSqlSession  - SQL: drop table if exists ACT_ID_GROUP cascade constraints
10:44:57,339 [main] DEBUG org.activiti.engine.impl.db.DbSqlSession  - SQL: drop table if exists ACT_ID_MEMBERSHIP cascade constraints
10:44:57,339 [main] DEBUG org.activiti.engine.impl.db.DbSqlSession  - SQL: drop table if exists ACT_ID_USER cascade constraints
10:44:57,339 [main] DEBUG org.activiti.engine.impl.db.DbSqlSession  - activiti db schema drop for component identity successful
10:44:57,339 [main] INFO  org.activiti.engine.impl.db.DbSqlSession  - performing create on engine with resource org/activiti/db/create/activiti.h2.create.engine.sql
10:44:57,339 [main] DEBUG org.activiti.engine.impl.db.DbSqlSession  - SQL: create table ACT_GE_PROPERTY ( 
NAME_ varchar(64), 
VALUE_ varchar(300), 
REV_ integer, 
primary key (NAME_) 
)
10:44:57,339 [main] DEBUG org.activiti.engine.impl.db.DbSqlSession  - SQL: insert into ACT_GE_PROPERTY 
values (&apos;schema.version&apos;, &apos;5.20.0.0&apos;, 1)
10:44:57,339 [main] DEBUG org.activiti.engine.impl.db.DbSqlSession  - SQL: insert into ACT_GE_PROPERTY 
values (&apos;schema.history&apos;, &apos;create(5.20.0.0)&apos;, 1)
10:44:57,339 [main] DEBUG org.activiti.engine.impl.db.DbSqlSession  - SQL: insert into ACT_GE_PROPERTY 
values (&apos;next.dbid&apos;, &apos;1&apos;, 1)
10:44:57,339 [main] DEBUG org.activiti.engine.impl.db.DbSqlSession  - SQL: create table ACT_GE_BYTEARRAY ( 
ID_ varchar(64), 
REV_ integer, 
NAME_ varchar(255), 
DEPLOYMENT_ID_ varchar(64), 
BYTES_ longvarbinary, 
GENERATED_ bit, 
primary key (ID_) 
)
10:44:57,339 [main] DEBUG org.activiti.engine.impl.db.DbSqlSession  - SQL: create table ACT_RE_DEPLOYMENT ( 
ID_ varchar(64), 
NAME_ varchar(255), 
CATEGORY_ varchar(255), 
TENANT_ID_ varchar(255) default &apos;&apos;, 
DEPLOY_TIME_ timestamp, 
primary key (ID_) 
)
10:44:57,339 [main] DEBUG org.activiti.engine.impl.db.DbSqlSession  - SQL: create table ACT_RE_MODEL ( 
ID_ varchar(64) not null, 
REV_ integer, 
NAME_ varchar(255), 
KEY_ varchar(255), 
CATEGORY_ varchar(255), 
CREATE_TIME_ timestamp, 
LAST_UPDATE_TIME_ timestamp, 
VERSION_ integer, 
META_INFO_ varchar(4000), 
DEPLOYMENT_ID_ varchar(64), 
EDITOR_SOURCE_VALUE_ID_ varchar(64), 
EDITOR_SOURCE_EXTRA_VALUE_ID_ varchar(64), 
TENANT_ID_ varchar(255) default &apos;&apos;, 
primary key (ID_) 
)
10:44:57,339 [main] DEBUG org.activiti.engine.impl.db.DbSqlSession  - SQL: create table ACT_RU_EXECUTION ( 
ID_ varchar(64), 
REV_ integer, 
PROC_INST_ID_ varchar(64), 
BUSINESS_KEY_ varchar(255), 
PARENT_ID_ varchar(64), 
PROC_DEF_ID_ varchar(64), 
SUPER_EXEC_ varchar(64), 
ACT_ID_ varchar(255), 
IS_ACTIVE_ bit, 
IS_CONCURRENT_ bit, 
IS_SCOPE_ bit, 
IS_EVENT_SCOPE_ bit, 
SUSPENSION_STATE_ integer, 
CACHED_ENT_STATE_ integer, 
TENANT_ID_ varchar(255) default &apos;&apos;, 
NAME_ varchar(255), 
LOCK_TIME_ timestamp, 
primary key (ID_) 
)
10:44:57,339 [main] DEBUG org.activiti.engine.impl.db.DbSqlSession  - SQL: create table ACT_RU_JOB ( 
ID_ varchar(64) NOT NULL, 
REV_ integer, 
TYPE_ varchar(255) NOT NULL, 
LOCK_EXP_TIME_ timestamp, 
LOCK_OWNER_ varchar(255), 
EXCLUSIVE_ boolean, 
EXECUTION_ID_ varchar(64), 
PROCESS_INSTANCE_ID_ varchar(64), 
PROC_DEF_ID_ varchar(64), 
RETRIES_ integer, 
EXCEPTION_STACK_ID_ varchar(64), 
EXCEPTION_MSG_ varchar(4000), 
DUEDATE_ timestamp, 
REPEAT_ varchar(255), 
HANDLER_TYPE_ varchar(255), 
HANDLER_CFG_ varchar(4000), 
TENANT_ID_ varchar(255) default &apos;&apos;, 
primary key (ID_) 
)
10:44:57,339 [main] DEBUG org.activiti.engine.impl.db.DbSqlSession  - SQL: create table ACT_RE_PROCDEF ( 
ID_ varchar(64) NOT NULL, 
REV_ integer, 
CATEGORY_ varchar(255), 
NAME_ varchar(255), 
KEY_ varchar(255) NOT NULL, 
VERSION_ integer NOT NULL, 
DEPLOYMENT_ID_ varchar(64), 
RESOURCE_NAME_ varchar(4000), 
DGRM_RESOURCE_NAME_ varchar(4000), 
DESCRIPTION_ varchar(4000), 
HAS_START_FORM_KEY_ bit, 
HAS_GRAPHICAL_NOTATION_ bit, 
SUSPENSION_STATE_ integer, 
TENANT_ID_ varchar(255) default &apos;&apos;, 
primary key (ID_) 
)
10:44:57,339 [main] DEBUG org.activiti.engine.impl.db.DbSqlSession  - SQL: create table ACT_RU_TASK ( 
ID_ varchar(64), 
REV_ integer, 
EXECUTION_ID_ varchar(64), 
PROC_INST_ID_ varchar(64), 
PROC_DEF_ID_ varchar(64), 
NAME_ varchar(255), 
PARENT_TASK_ID_ varchar(64), 
DESCRIPTION_ varchar(4000), 
TASK_DEF_KEY_ varchar(255), 
OWNER_ varchar(255), 
ASSIGNEE_ varchar(255), 
DELEGATION_ varchar(64), 
PRIORITY_ integer, 
CREATE_TIME_ timestamp, 
DUE_DATE_ timestamp, 
CATEGORY_ varchar(255), 
SUSPENSION_STATE_ integer, 
TENANT_ID_ varchar(255) default &apos;&apos;, 
FORM_KEY_ varchar(255), 
primary key (ID_) 
)
10:44:57,339 [main] DEBUG org.activiti.engine.impl.db.DbSqlSession  - SQL: create table ACT_RU_IDENTITYLINK ( 
ID_ varchar(64), 
REV_ integer, 
GROUP_ID_ varchar(255), 
TYPE_ varchar(255), 
USER_ID_ varchar(255), 
TASK_ID_ varchar(64), 
PROC_INST_ID_ varchar(64) null, 
PROC_DEF_ID_ varchar(64), 
primary key (ID_) 
)
10:44:57,339 [main] DEBUG org.activiti.engine.impl.db.DbSqlSession  - SQL: create table ACT_RU_VARIABLE ( 
ID_ varchar(64) not null, 
REV_ integer, 
TYPE_ varchar(255) not null, 
NAME_ varchar(255) not null, 
EXECUTION_ID_ varchar(64), 
PROC_INST_ID_ varchar(64), 
TASK_ID_ varchar(64), 
BYTEARRAY_ID_ varchar(64), 
DOUBLE_ double, 
LONG_ bigint, 
TEXT_ varchar(4000), 
TEXT2_ varchar(4000), 
primary key (ID_) 
)
10:44:57,339 [main] DEBUG org.activiti.engine.impl.db.DbSqlSession  - SQL: create table ACT_RU_EVENT_SUBSCR ( 
ID_ varchar(64) not null, 
REV_ integer, 
EVENT_TYPE_ varchar(255) not null, 
EVENT_NAME_ varchar(255), 
EXECUTION_ID_ varchar(64), 
PROC_INST_ID_ varchar(64), 
ACTIVITY_ID_ varchar(64), 
CONFIGURATION_ varchar(255), 
CREATED_ timestamp not null, 
PROC_DEF_ID_ varchar(64), 
TENANT_ID_ varchar(255) default &apos;&apos;, 
primary key (ID_) 
)
10:44:57,339 [main] DEBUG org.activiti.engine.impl.db.DbSqlSession  - SQL: create table ACT_EVT_LOG ( 
LOG_NR_ identity, 
TYPE_ varchar(64), 
PROC_DEF_ID_ varchar(64), 
PROC_INST_ID_ varchar(64), 
EXECUTION_ID_ varchar(64), 
TASK_ID_ varchar(64), 
TIME_STAMP_ timestamp not null, 
USER_ID_ varchar(255), 
DATA_ longvarbinary, 
LOCK_OWNER_ varchar(255), 
LOCK_TIME_ timestamp, 
IS_PROCESSED_ bit default 0 
)
10:44:57,339 [main] DEBUG org.activiti.engine.impl.db.DbSqlSession  - SQL: create table ACT_PROCDEF_INFO ( 
ID_ varchar(64) not null, 
PROC_DEF_ID_ varchar(64) not null, 
REV_ integer, 
INFO_JSON_ID_ varchar(64), 
primary key (ID_) 
)
10:44:57,339 [main] DEBUG org.activiti.engine.impl.db.DbSqlSession  - SQL: create index ACT_IDX_EXEC_BUSKEY on ACT_RU_EXECUTION(BUSINESS_KEY_)
10:44:57,339 [main] DEBUG org.activiti.engine.impl.db.DbSqlSession  - SQL: create index ACT_IDX_TASK_CREATE on ACT_RU_TASK(CREATE_TIME_)
10:44:57,339 [main] DEBUG org.activiti.engine.impl.db.DbSqlSession  - SQL: create index ACT_IDX_IDENT_LNK_USER on ACT_RU_IDENTITYLINK(USER_ID_)
10:44:57,339 [main] DEBUG org.activiti.engine.impl.db.DbSqlSession  - SQL: create index ACT_IDX_IDENT_LNK_GROUP on ACT_RU_IDENTITYLINK(GROUP_ID_)
10:44:57,339 [main] DEBUG org.activiti.engine.impl.db.DbSqlSession  - SQL: create index ACT_IDX_EVENT_SUBSCR_CONFIG_ on ACT_RU_EVENT_SUBSCR(CONFIGURATION_)
10:44:57,339 [main] DEBUG org.activiti.engine.impl.db.DbSqlSession  - SQL: create index ACT_IDX_VARIABLE_TASK_ID on ACT_RU_VARIABLE(TASK_ID_)
10:44:57,339 [main] DEBUG org.activiti.engine.impl.db.DbSqlSession  - SQL: create index ACT_IDX_ATHRZ_PROCEDEF on ACT_RU_IDENTITYLINK(PROC_DEF_ID_)
10:44:57,339 [main] DEBUG org.activiti.engine.impl.db.DbSqlSession  - SQL: create index ACT_IDX_INFO_PROCDEF on ACT_PROCDEF_INFO(PROC_DEF_ID_)
10:44:57,339 [main] DEBUG org.activiti.engine.impl.db.DbSqlSession  - SQL: alter table ACT_GE_BYTEARRAY 
add constraint ACT_FK_BYTEARR_DEPL 
foreign key (DEPLOYMENT_ID_) 
references ACT_RE_DEPLOYMENT
10:44:57,341 [main] DEBUG org.activiti.engine.impl.db.DbSqlSession  - SQL: alter table ACT_RE_PROCDEF 
add constraint ACT_UNIQ_PROCDEF 
unique (KEY_,VERSION_, TENANT_ID_)
10:44:57,341 [main] DEBUG org.activiti.engine.impl.db.DbSqlSession  - SQL: alter table ACT_RU_EXECUTION 
add constraint ACT_FK_EXE_PROCINST 
foreign key (PROC_INST_ID_) 
references ACT_RU_EXECUTION
10:44:57,341 [main] DEBUG org.activiti.engine.impl.db.DbSqlSession  - SQL: alter table ACT_RU_EXECUTION 
add constraint ACT_FK_EXE_PARENT 
foreign key (PARENT_ID_) 
references ACT_RU_EXECUTION
10:44:57,341 [main] DEBUG org.activiti.engine.impl.db.DbSqlSession  - SQL: alter table ACT_RU_EXECUTION 
add constraint ACT_FK_EXE_SUPER 
foreign key (SUPER_EXEC_) 
references ACT_RU_EXECUTION
10:44:57,341 [main] DEBUG org.activiti.engine.impl.db.DbSqlSession  - SQL: alter table ACT_RU_EXECUTION 
add constraint ACT_FK_EXE_PROCDEF 
foreign key (PROC_DEF_ID_) 
references ACT_RE_PROCDEF (ID_)
10:44:57,341 [main] DEBUG org.activiti.engine.impl.db.DbSqlSession  - SQL: alter table ACT_RU_IDENTITYLINK 
add constraint ACT_FK_TSKASS_TASK 
foreign key (TASK_ID_) 
references ACT_RU_TASK
10:44:57,341 [main] DEBUG org.activiti.engine.impl.db.DbSqlSession  - SQL: alter table ACT_RU_IDENTITYLINK 
add constraint ACT_FK_ATHRZ_PROCEDEF 
foreign key (PROC_DEF_ID_) 
references ACT_RE_PROCDEF
10:44:57,341 [main] DEBUG org.activiti.engine.impl.db.DbSqlSession  - SQL: alter table ACT_RU_IDENTITYLINK 
add constraint ACT_FK_IDL_PROCINST 
foreign key (PROC_INST_ID_) 
references ACT_RU_EXECUTION (ID_)
10:44:57,341 [main] DEBUG org.activiti.engine.impl.db.DbSqlSession  - SQL: alter table ACT_RU_TASK 
add constraint ACT_FK_TASK_EXE 
foreign key (EXECUTION_ID_) 
references ACT_RU_EXECUTION
10:44:57,341 [main] DEBUG org.activiti.engine.impl.db.DbSqlSession  - SQL: alter table ACT_RU_TASK 
add constraint ACT_FK_TASK_PROCINST 
foreign key (PROC_INST_ID_) 
references ACT_RU_EXECUTION
10:44:57,341 [main] DEBUG org.activiti.engine.impl.db.DbSqlSession  - SQL: alter table ACT_RU_TASK 
add constraint ACT_FK_TASK_PROCDEF 
foreign key (PROC_DEF_ID_) 
references ACT_RE_PROCDEF
10:44:57,341 [main] DEBUG org.activiti.engine.impl.db.DbSqlSession  - SQL: alter table ACT_RU_VARIABLE 
add constraint ACT_FK_VAR_EXE 
foreign key (EXECUTION_ID_) 
references ACT_RU_EXECUTION
10:44:57,341 [main] DEBUG org.activiti.engine.impl.db.DbSqlSession  - SQL: alter table ACT_RU_VARIABLE 
add constraint ACT_FK_VAR_PROCINST 
foreign key (PROC_INST_ID_) 
references ACT_RU_EXECUTION
10:44:57,341 [main] DEBUG org.activiti.engine.impl.db.DbSqlSession  - SQL: alter table ACT_RU_VARIABLE 
add constraint ACT_FK_VAR_BYTEARRAY 
foreign key (BYTEARRAY_ID_) 
references ACT_GE_BYTEARRAY
10:44:57,341 [main] DEBUG org.activiti.engine.impl.db.DbSqlSession  - SQL: alter table ACT_RU_JOB 
add constraint ACT_FK_JOB_EXCEPTION 
foreign key (EXCEPTION_STACK_ID_) 
references ACT_GE_BYTEARRAY
10:44:57,342 [main] DEBUG org.activiti.engine.impl.db.DbSqlSession  - SQL: alter table ACT_RU_EVENT_SUBSCR 
add constraint ACT_FK_EVENT_EXEC 
foreign key (EXECUTION_ID_) 
references ACT_RU_EXECUTION
10:44:57,342 [main] DEBUG org.activiti.engine.impl.db.DbSqlSession  - SQL: alter table ACT_RE_MODEL 
add constraint ACT_FK_MODEL_SOURCE 
foreign key (EDITOR_SOURCE_VALUE_ID_) 
references ACT_GE_BYTEARRAY (ID_)
10:44:57,342 [main] DEBUG org.activiti.engine.impl.db.DbSqlSession  - SQL: alter table ACT_RE_MODEL 
add constraint ACT_FK_MODEL_SOURCE_EXTRA 
foreign key (EDITOR_SOURCE_EXTRA_VALUE_ID_) 
references ACT_GE_BYTEARRAY (ID_)
10:44:57,342 [main] DEBUG org.activiti.engine.impl.db.DbSqlSession  - SQL: alter table ACT_RE_MODEL 
add constraint ACT_FK_MODEL_DEPLOYMENT 
foreign key (DEPLOYMENT_ID_) 
references ACT_RE_DEPLOYMENT (ID_)
10:44:57,342 [main] DEBUG org.activiti.engine.impl.db.DbSqlSession  - SQL: alter table ACT_PROCDEF_INFO 
add constraint ACT_FK_INFO_JSON_BA 
foreign key (INFO_JSON_ID_) 
references ACT_GE_BYTEARRAY (ID_)
10:44:57,342 [main] DEBUG org.activiti.engine.impl.db.DbSqlSession  - SQL: alter table ACT_PROCDEF_INFO 
add constraint ACT_FK_INFO_PROCDEF 
foreign key (PROC_DEF_ID_) 
references ACT_RE_PROCDEF (ID_)
10:44:57,342 [main] DEBUG org.activiti.engine.impl.db.DbSqlSession  - SQL: alter table ACT_PROCDEF_INFO 
add constraint ACT_UNIQ_INFO_PROCDEF 
unique (PROC_DEF_ID_)
10:44:57,342 [main] DEBUG org.activiti.engine.impl.db.DbSqlSession  - activiti db schema create for component engine successful
10:44:57,342 [main] INFO  org.activiti.engine.impl.db.DbSqlSession  - performing create on history with resource org/activiti/db/create/activiti.h2.create.history.sql
10:44:57,342 [main] DEBUG org.activiti.engine.impl.db.DbSqlSession  - SQL: create table ACT_HI_PROCINST ( 
ID_ varchar(64) not null, 
PROC_INST_ID_ varchar(64) not null, 
BUSINESS_KEY_ varchar(255), 
PROC_DEF_ID_ varchar(64) not null, 
START_TIME_ timestamp not null, 
END_TIME_ timestamp, 
DURATION_ bigint, 
START_USER_ID_ varchar(255), 
START_ACT_ID_ varchar(255), 
END_ACT_ID_ varchar(255), 
SUPER_PROCESS_INSTANCE_ID_ varchar(64), 
DELETE_REASON_ varchar(4000), 
TENANT_ID_ varchar(255) default &apos;&apos;, 
NAME_ varchar(255), 
primary key (ID_), 
unique (PROC_INST_ID_) 
)
10:44:57,342 [main] DEBUG org.activiti.engine.impl.db.DbSqlSession  - SQL: create table ACT_HI_ACTINST ( 
ID_ varchar(64) not null, 
PROC_DEF_ID_ varchar(64) not null, 
PROC_INST_ID_ varchar(64) not null, 
EXECUTION_ID_ varchar(64) not null, 
ACT_ID_ varchar(255) not null, 
TASK_ID_ varchar(64), 
CALL_PROC_INST_ID_ varchar(64), 
ACT_NAME_ varchar(255), 
ACT_TYPE_ varchar(255) not null, 
ASSIGNEE_ varchar(255), 
START_TIME_ timestamp not null, 
END_TIME_ timestamp, 
DURATION_ bigint, 
TENANT_ID_ varchar(255) default &apos;&apos;, 
primary key (ID_) 
)
10:44:57,342 [main] DEBUG org.activiti.engine.impl.db.DbSqlSession  - SQL: create table ACT_HI_TASKINST ( 
ID_ varchar(64) not null, 
PROC_DEF_ID_ varchar(64), 
TASK_DEF_KEY_ varchar(255), 
PROC_INST_ID_ varchar(64), 
EXECUTION_ID_ varchar(64), 
NAME_ varchar(255), 
PARENT_TASK_ID_ varchar(64), 
DESCRIPTION_ varchar(4000), 
OWNER_ varchar(255), 
ASSIGNEE_ varchar(255), 
START_TIME_ timestamp not null, 
CLAIM_TIME_ timestamp, 
END_TIME_ timestamp, 
DURATION_ bigint, 
DELETE_REASON_ varchar(4000), 
PRIORITY_ integer, 
DUE_DATE_ timestamp, 
FORM_KEY_ varchar(255), 
CATEGORY_ varchar(255), 
TENANT_ID_ varchar(255) default &apos;&apos;, 
primary key (ID_) 
)
10:44:57,342 [main] DEBUG org.activiti.engine.impl.db.DbSqlSession  - SQL: create table ACT_HI_VARINST ( 
ID_ varchar(64) not null, 
PROC_INST_ID_ varchar(64), 
EXECUTION_ID_ varchar(64), 
TASK_ID_ varchar(64), 
NAME_ varchar(255) not null, 
VAR_TYPE_ varchar(100), 
REV_ integer, 
BYTEARRAY_ID_ varchar(64), 
DOUBLE_ double, 
LONG_ bigint, 
TEXT_ varchar(4000), 
TEXT2_ varchar(4000), 
CREATE_TIME_ timestamp, 
LAST_UPDATED_TIME_ timestamp, 
primary key (ID_) 
)
10:44:57,342 [main] DEBUG org.activiti.engine.impl.db.DbSqlSession  - SQL: create table ACT_HI_DETAIL ( 
ID_ varchar(64) not null, 
TYPE_ varchar(255) not null, 
TIME_ timestamp not null, 
NAME_ varchar(255), 
PROC_INST_ID_ varchar(64), 
EXECUTION_ID_ varchar(64), 
TASK_ID_ varchar(64), 
ACT_INST_ID_ varchar(64), 
VAR_TYPE_ varchar(255), 
REV_ integer, 
BYTEARRAY_ID_ varchar(64), 
DOUBLE_ double, 
LONG_ bigint, 
TEXT_ varchar(4000), 
TEXT2_ varchar(4000), 
primary key (ID_) 
)
10:44:57,342 [main] DEBUG org.activiti.engine.impl.db.DbSqlSession  - SQL: create table ACT_HI_COMMENT ( 
ID_ varchar(64) not null, 
TYPE_ varchar(255), 
TIME_ timestamp not null, 
USER_ID_ varchar(255), 
TASK_ID_ varchar(64), 
PROC_INST_ID_ varchar(64), 
ACTION_ varchar(255), 
MESSAGE_ varchar(4000), 
FULL_MSG_ longvarbinary, 
primary key (ID_) 
)
10:44:57,342 [main] DEBUG org.activiti.engine.impl.db.DbSqlSession  - SQL: create table ACT_HI_ATTACHMENT ( 
ID_ varchar(64) not null, 
REV_ integer, 
USER_ID_ varchar(255), 
NAME_ varchar(255), 
DESCRIPTION_ varchar(4000), 
TYPE_ varchar(255), 
TASK_ID_ varchar(64), 
PROC_INST_ID_ varchar(64), 
URL_ varchar(4000), 
CONTENT_ID_ varchar(64), 
TIME_ timestamp, 
primary key (ID_) 
)
10:44:57,342 [main] DEBUG org.activiti.engine.impl.db.DbSqlSession  - SQL: create table ACT_HI_IDENTITYLINK ( 
ID_ varchar(64), 
GROUP_ID_ varchar(255), 
TYPE_ varchar(255), 
USER_ID_ varchar(255), 
TASK_ID_ varchar(64), 
PROC_INST_ID_ varchar(64) null, 
primary key (ID_) 
)
10:44:57,342 [main] DEBUG org.activiti.engine.impl.db.DbSqlSession  - SQL: create index ACT_IDX_HI_PRO_INST_END on ACT_HI_PROCINST(END_TIME_)
10:44:57,342 [main] DEBUG org.activiti.engine.impl.db.DbSqlSession  - SQL: create index ACT_IDX_HI_PRO_I_BUSKEY on ACT_HI_PROCINST(BUSINESS_KEY_)
10:44:57,342 [main] DEBUG org.activiti.engine.impl.db.DbSqlSession  - SQL: create index ACT_IDX_HI_ACT_INST_START on ACT_HI_ACTINST(START_TIME_)
10:44:57,342 [main] DEBUG org.activiti.engine.impl.db.DbSqlSession  - SQL: create index ACT_IDX_HI_ACT_INST_END on ACT_HI_ACTINST(END_TIME_)
10:44:57,342 [main] DEBUG org.activiti.engine.impl.db.DbSqlSession  - SQL: create index ACT_IDX_HI_DETAIL_PROC_INST on ACT_HI_DETAIL(PROC_INST_ID_)
10:44:57,342 [main] DEBUG org.activiti.engine.impl.db.DbSqlSession  - SQL: create index ACT_IDX_HI_DETAIL_ACT_INST on ACT_HI_DETAIL(ACT_INST_ID_)
10:44:57,343 [main] DEBUG org.activiti.engine.impl.db.DbSqlSession  - SQL: create index ACT_IDX_HI_DETAIL_TIME on ACT_HI_DETAIL(TIME_)
10:44:57,343 [main] DEBUG org.activiti.engine.impl.db.DbSqlSession  - SQL: create index ACT_IDX_HI_DETAIL_NAME on ACT_HI_DETAIL(NAME_)
10:44:57,343 [main] DEBUG org.activiti.engine.impl.db.DbSqlSession  - SQL: create index ACT_IDX_HI_DETAIL_TASK_ID on ACT_HI_DETAIL(TASK_ID_)
10:44:57,343 [main] DEBUG org.activiti.engine.impl.db.DbSqlSession  - SQL: create index ACT_IDX_HI_PROCVAR_PROC_INST on ACT_HI_VARINST(PROC_INST_ID_)
10:44:57,343 [main] DEBUG org.activiti.engine.impl.db.DbSqlSession  - SQL: create index ACT_IDX_HI_PROCVAR_NAME_TYPE on ACT_HI_VARINST(NAME_, VAR_TYPE_)
10:44:57,343 [main] DEBUG org.activiti.engine.impl.db.DbSqlSession  - SQL: create index ACT_IDX_HI_PROCVAR_TASK_ID on ACT_HI_VARINST(TASK_ID_)
10:44:57,343 [main] DEBUG org.activiti.engine.impl.db.DbSqlSession  - SQL: create index ACT_IDX_HI_ACT_INST_PROCINST on ACT_HI_ACTINST(PROC_INST_ID_, ACT_ID_)
10:44:57,343 [main] DEBUG org.activiti.engine.impl.db.DbSqlSession  - SQL: create index ACT_IDX_HI_IDENT_LNK_USER on ACT_HI_IDENTITYLINK(USER_ID_)
10:44:57,343 [main] DEBUG org.activiti.engine.impl.db.DbSqlSession  - SQL: create index ACT_IDX_HI_IDENT_LNK_TASK on ACT_HI_IDENTITYLINK(TASK_ID_)
10:44:57,343 [main] DEBUG org.activiti.engine.impl.db.DbSqlSession  - SQL: create index ACT_IDX_HI_IDENT_LNK_PROCINST on ACT_HI_IDENTITYLINK(PROC_INST_ID_)
10:44:57,343 [main] DEBUG org.activiti.engine.impl.db.DbSqlSession  - SQL: create index ACT_IDX_HI_ACT_INST_EXEC on ACT_HI_ACTINST(EXECUTION_ID_, ACT_ID_)
10:44:57,343 [main] DEBUG org.activiti.engine.impl.db.DbSqlSession  - SQL: create index ACT_IDX_HI_TASK_INST_PROCINST on ACT_HI_TASKINST(PROC_INST_ID_)
10:44:57,343 [main] DEBUG org.activiti.engine.impl.db.DbSqlSession  - activiti db schema create for component history successful
10:44:57,343 [main] INFO  org.activiti.engine.impl.db.DbSqlSession  - performing create on identity with resource org/activiti/db/create/activiti.h2.create.identity.sql
10:44:57,343 [main] DEBUG org.activiti.engine.impl.db.DbSqlSession  - SQL: create table ACT_ID_GROUP ( 
ID_ varchar(64), 
REV_ integer, 
NAME_ varchar(255), 
TYPE_ varchar(255), 
primary key (ID_) 
)
10:44:57,343 [main] DEBUG org.activiti.engine.impl.db.DbSqlSession  - SQL: create table ACT_ID_MEMBERSHIP ( 
USER_ID_ varchar(64), 
GROUP_ID_ varchar(64), 
primary key (USER_ID_, GROUP_ID_) 
)
10:44:57,343 [main] DEBUG org.activiti.engine.impl.db.DbSqlSession  - SQL: create table ACT_ID_USER ( 
ID_ varchar(64), 
REV_ integer, 
FIRST_ varchar(255), 
LAST_ varchar(255), 
EMAIL_ varchar(255), 
PWD_ varchar(255), 
PICTURE_ID_ varchar(64), 
primary key (ID_) 
)
10:44:57,343 [main] DEBUG org.activiti.engine.impl.db.DbSqlSession  - SQL: create table ACT_ID_INFO ( 
ID_ varchar(64), 
REV_ integer, 
USER_ID_ varchar(64), 
TYPE_ varchar(64), 
KEY_ varchar(255), 
VALUE_ varchar(255), 
PASSWORD_ longvarbinary, 
PARENT_ID_ varchar(255), 
primary key (ID_) 
)
10:44:57,343 [main] DEBUG org.activiti.engine.impl.db.DbSqlSession  - SQL: alter table ACT_ID_MEMBERSHIP 
add constraint ACT_FK_MEMB_GROUP 
foreign key (GROUP_ID_) 
references ACT_ID_GROUP
10:44:57,343 [main] DEBUG org.activiti.engine.impl.db.DbSqlSession  - SQL: alter table ACT_ID_MEMBERSHIP 
add constraint ACT_FK_MEMB_USER 
foreign key (USER_ID_) 
references ACT_ID_USER
10:44:57,343 [main] DEBUG org.activiti.engine.impl.db.DbSqlSession  - activiti db schema create for component identity successful
10:44:57,343 [main] DEBUG org.activiti.engine.impl.db.DbSqlSession  - flush summary: 0 insert, 0 update, 0 delete.
10:44:57,343 [main] DEBUG org.activiti.engine.impl.db.DbSqlSession  - now executing flush...
10:44:57,343 [main] DEBUG org.activiti.engine.impl.cfg.standalone.StandaloneMybatisTransactionContext  - firing event committing...
10:44:57,343 [main] DEBUG org.activiti.engine.impl.cfg.standalone.StandaloneMybatisTransactionContext  - committing the ibatis sql session...
10:44:57,343 [main] DEBUG org.activiti.engine.impl.cfg.standalone.StandaloneMybatisTransactionContext  - firing event committed...
10:44:57,343 [main] DEBUG org.apache.ibatis.transaction.jdbc.JdbcTransaction  - Resetting autocommit to true on JDBC Connection [conn4: url=jdbc:h2:mem:activiti user=SA]
10:44:57,343 [main] DEBUG org.apache.ibatis.transaction.jdbc.JdbcTransaction  - Closing JDBC Connection [conn4: url=jdbc:h2:mem:activiti user=SA]
10:44:57,343 [main] DEBUG org.apache.ibatis.datasource.pooled.PooledDataSource  - Returned connection 297240765 to pool.
10:44:57,343 [main] DEBUG org.activiti.engine.impl.interceptor.LogInterceptor  - ---  finished --------------------------------------------------------
10:44:57,343 [main] DEBUG org.activiti.engine.impl.interceptor.LogInterceptor  - 

</system-out>
  </testcase>
  <testcase classname="org.activiti.engine.test.api.mgmt.JobQueryTest" name="testQueryByNoCriteria" time="0.02">
    <error message="
### Error querying database.  Cause: org.h2.jdbc.JdbcSQLException: Syntax error in SQL statement &quot;SELECT RES.* 
     
    FROM ACT_RU_JOB RES
     
      
   
     ORDER BY  ORDER[*] BY RES.ID_ ASC  
    LIMIT ? OFFSET ? &quot;; expected &quot;=, NOT, EXISTS, INTERSECTS, SELECT, FROM&quot;; SQL statement:
select RES.* 
     
    from ACT_RU_JOB RES
     
      
   
     order by  order by RES.ID_ asc  
    LIMIT ? OFFSET ? [42001-176]
### The error may exist in org/activiti/db/mapping/entity/Job.xml
### The error may involve org.activiti.engine.impl.persistence.entity.JobEntity.selectJobByQueryCriteria
### The error occurred while executing a query
### SQL: select RES.*            from ACT_RU_JOB RES                       order by  order by RES.ID_ asc       LIMIT ? OFFSET ?
### Cause: org.h2.jdbc.JdbcSQLException: Syntax error in SQL statement &quot;SELECT RES.* 
     
    FROM ACT_RU_JOB RES
     
      
   
     ORDER BY  ORDER[*] BY RES.ID_ ASC  
    LIMIT ? OFFSET ? &quot;; expected &quot;=, NOT, EXISTS, INTERSECTS, SELECT, FROM&quot;; SQL statement:
select RES.* 
     
    from ACT_RU_JOB RES
     
      
   
     order by  order by RES.ID_ asc  
    LIMIT ? OFFSET ? [42001-176]" type="org.apache.ibatis.exceptions.PersistenceException">org.apache.ibatis.exceptions.PersistenceException: 
### Error querying database.  Cause: org.h2.jdbc.JdbcSQLException: Syntax error in SQL statement &quot;SELECT RES.* 
     
    FROM ACT_RU_JOB RES
     
      
   
     ORDER BY  ORDER[*] BY RES.ID_ ASC  
    LIMIT ? OFFSET ? &quot;; expected &quot;=, NOT, EXISTS, INTERSECTS, SELECT, FROM&quot;; SQL statement:
select RES.* 
     
    from ACT_RU_JOB RES
     
      
   
     order by  order by RES.ID_ asc  
    LIMIT ? OFFSET ? [42001-176]
### The error may exist in org/activiti/db/mapping/entity/Job.xml
### The error may involve org.activiti.engine.impl.persistence.entity.JobEntity.selectJobByQueryCriteria
### The error occurred while executing a query
### SQL: select RES.*            from ACT_RU_JOB RES                       order by  order by RES.ID_ asc       LIMIT ? OFFSET ?
### Cause: org.h2.jdbc.JdbcSQLException: Syntax error in SQL statement &quot;SELECT RES.* 
     
    FROM ACT_RU_JOB RES
     
      
   
     ORDER BY  ORDER[*] BY RES.ID_ ASC  
    LIMIT ? OFFSET ? &quot;; expected &quot;=, NOT, EXISTS, INTERSECTS, SELECT, FROM&quot;; SQL statement:
select RES.* 
     
    from ACT_RU_JOB RES
     
      
   
     order by  order by RES.ID_ asc  
    LIMIT ? OFFSET ? [42001-176]
	at org.apache.ibatis.exceptions.ExceptionFactory.wrapException(ExceptionFactory.java:30)
	at org.apache.ibatis.session.defaults.DefaultSqlSession.selectList(DefaultSqlSession.java:122)
	at org.apache.ibatis.session.defaults.DefaultSqlSession.selectList(DefaultSqlSession.java:113)
	at org.activiti.engine.impl.db.DbSqlSession.selectListWithRawParameter(DbSqlSession.java:438)
	at org.activiti.engine.impl.db.DbSqlSession.selectList(DbSqlSession.java:429)
	at org.activiti.engine.impl.db.DbSqlSession.selectList(DbSqlSession.java:419)
	at org.activiti.engine.impl.persistence.entity.JobEntityManager.findJobsByQueryCriteria(JobEntityManager.java:198)
	at org.activiti.engine.impl.JobQueryImpl.executeList(JobQueryImpl.java:243)
	at org.activiti.engine.impl.AbstractQuery.execute(AbstractQuery.java:164)
	at org.activiti.engine.impl.interceptor.CommandInvoker.execute(CommandInvoker.java:24)
	at org.activiti.engine.impl.interceptor.CommandContextInterceptor.execute(CommandContextInterceptor.java:57)
	at org.activiti.engine.impl.interceptor.LogInterceptor.execute(LogInterceptor.java:37)
	at org.activiti.engine.impl.cfg.CommandExecutorImpl.execute(CommandExecutorImpl.java:40)
	at org.activiti.engine.impl.cfg.CommandExecutorImpl.execute(CommandExecutorImpl.java:35)
	at org.activiti.engine.impl.AbstractQuery.list(AbstractQuery.java:138)
	at org.activiti.engine.test.api.mgmt.JobQueryTest.verifyQueryResults(JobQueryTest.java:400)
	at org.activiti.engine.test.api.mgmt.JobQueryTest.testQueryByNoCriteria(JobQueryTest.java:123)
	at sun.reflect.NativeMethodAccessorImpl.invoke0(Native Method)
	at sun.reflect.NativeMethodAccessorImpl.invoke(NativeMethodAccessorImpl.java:62)
	at sun.reflect.DelegatingMethodAccessorImpl.invoke(DelegatingMethodAccessorImpl.java:43)
	at java.lang.reflect.Method.invoke(Method.java:498)
	at junit.framework.TestCase.runTest(TestCase.java:176)
	at org.activiti.engine.impl.test.PvmTestCase.runTest(PvmTestCase.java:65)
	at junit.framework.TestCase.runBare(TestCase.java:141)
	at org.activiti.engine.impl.test.AbstractActivitiTestCase.runBare(AbstractActivitiTestCase.java:100)
	at junit.framework.TestResult$1.protect(TestResult.java:122)
	at junit.framework.TestResult.runProtected(TestResult.java:142)
	at junit.framework.TestResult.run(TestResult.java:125)
	at junit.framework.TestCase.run(TestCase.java:129)
	at junit.framework.TestSuite.runTest(TestSuite.java:255)
	at junit.framework.TestSuite.run(TestSuite.java:250)
	at org.junit.internal.runners.JUnit38ClassRunner.run(JUnit38ClassRunner.java:84)
	at org.apache.maven.surefire.junit4.JUnit4TestSet.execute(JUnit4TestSet.java:35)
	at org.apache.maven.surefire.junit4.JUnit4Provider.executeTestSet(JUnit4Provider.java:146)
	at org.apache.maven.surefire.junit4.JUnit4Provider.invoke(JUnit4Provider.java:97)
	at sun.reflect.NativeMethodAccessorImpl.invoke0(Native Method)
	at sun.reflect.NativeMethodAccessorImpl.invoke(NativeMethodAccessorImpl.java:62)
	at sun.reflect.DelegatingMethodAccessorImpl.invoke(DelegatingMethodAccessorImpl.java:43)
	at java.lang.reflect.Method.invoke(Method.java:498)
	at org.apache.maven.surefire.booter.ProviderFactory$ClassLoaderProxy.invoke(ProviderFactory.java:103)
	at com.sun.proxy.$Proxy0.invoke(Unknown Source)
	at org.apache.maven.surefire.booter.SurefireStarter.invokeProvider(SurefireStarter.java:145)
	at org.apache.maven.surefire.booter.SurefireStarter.runSuitesInProcess(SurefireStarter.java:87)
	at org.apache.maven.surefire.booter.ForkedBooter.main(ForkedBooter.java:69)
Caused by: org.h2.jdbc.JdbcSQLException: Syntax error in SQL statement &quot;SELECT RES.* 
     
    FROM ACT_RU_JOB RES
     
      
   
     ORDER BY  ORDER[*] BY RES.ID_ ASC  
    LIMIT ? OFFSET ? &quot;; expected &quot;=, NOT, EXISTS, INTERSECTS, SELECT, FROM&quot;; SQL statement:
select RES.* 
     
    from ACT_RU_JOB RES
     
      
   
     order by  order by RES.ID_ asc  
    LIMIT ? OFFSET ? [42001-176]
	at org.h2.message.DbException.getJdbcSQLException(DbException.java:344)
	at org.h2.message.DbException.getSyntaxError(DbException.java:204)
	at org.h2.command.Parser.getSyntaxError(Parser.java:524)
	at org.h2.command.Parser.readTerm(Parser.java:2688)
	at org.h2.command.Parser.readFactor(Parser.java:2244)
	at org.h2.command.Parser.readSum(Parser.java:2231)
	at org.h2.command.Parser.readConcat(Parser.java:2201)
	at org.h2.command.Parser.readCondition(Parser.java:2051)
	at org.h2.command.Parser.readAnd(Parser.java:2023)
	at org.h2.command.Parser.readExpression(Parser.java:2015)
	at org.h2.command.Parser.parseEndOfQuery(Parser.java:1726)
	at org.h2.command.Parser.parseSelectUnionExtension(Parser.java:1706)
	at org.h2.command.Parser.parseSelectUnion(Parser.java:1675)
	at org.h2.command.Parser.parseSelect(Parser.java:1662)
	at org.h2.command.Parser.parsePrepared(Parser.java:434)
	at org.h2.command.Parser.parse(Parser.java:306)
	at org.h2.command.Parser.parse(Parser.java:282)
	at org.h2.command.Parser.prepareCommand(Parser.java:243)
	at org.h2.engine.Session.prepareLocal(Session.java:442)
	at org.h2.engine.Session.prepareCommand(Session.java:384)
	at org.h2.jdbc.JdbcConnection.prepareCommand(JdbcConnection.java:1188)
	at org.h2.jdbc.JdbcPreparedStatement.&lt;init&gt;(JdbcPreparedStatement.java:73)
	at org.h2.jdbc.JdbcConnection.prepareStatement(JdbcConnection.java:276)
	at sun.reflect.GeneratedMethodAccessor6.invoke(Unknown Source)
	at sun.reflect.DelegatingMethodAccessorImpl.invoke(DelegatingMethodAccessorImpl.java:43)
	at java.lang.reflect.Method.invoke(Method.java:498)
	at org.apache.ibatis.datasource.pooled.PooledConnection.invoke(PooledConnection.java:245)
	at com.sun.proxy.$Proxy12.prepareStatement(Unknown Source)
	at sun.reflect.GeneratedMethodAccessor6.invoke(Unknown Source)
	at sun.reflect.DelegatingMethodAccessorImpl.invoke(DelegatingMethodAccessorImpl.java:43)
	at java.lang.reflect.Method.invoke(Method.java:498)
	at org.apache.ibatis.logging.jdbc.ConnectionLogger.invoke(ConnectionLogger.java:55)
	at com.sun.proxy.$Proxy12.prepareStatement(Unknown Source)
	at org.apache.ibatis.executor.statement.PreparedStatementHandler.instantiateStatement(PreparedStatementHandler.java:79)
	at org.apache.ibatis.executor.statement.BaseStatementHandler.prepare(BaseStatementHandler.java:88)
	at org.apache.ibatis.executor.statement.RoutingStatementHandler.prepare(RoutingStatementHandler.java:58)
	at org.apache.ibatis.executor.SimpleExecutor.prepareStatement(SimpleExecutor.java:76)
	at org.apache.ibatis.executor.SimpleExecutor.doQuery(SimpleExecutor.java:61)
	at org.apache.ibatis.executor.BaseExecutor.queryFromDatabase(BaseExecutor.java:303)
	at org.apache.ibatis.executor.BaseExecutor.query(BaseExecutor.java:154)
	at org.apache.ibatis.executor.CachingExecutor.query(CachingExecutor.java:102)
	at org.apache.ibatis.executor.CachingExecutor.query(CachingExecutor.java:82)
	at org.apache.ibatis.session.defaults.DefaultSqlSession.selectList(DefaultSqlSession.java:120)
	... 42 more
</error>
    <system-out>10:44:57,344 [main] DEBUG org.activiti.engine.impl.interceptor.LogInterceptor  - 

10:44:57,344 [main] DEBUG org.activiti.engine.impl.interceptor.LogInterceptor  - --- starting DeployCmd --------------------------------------------------------
10:44:57,344 [main] DEBUG org.activiti.engine.impl.bpmn.deployer.BpmnDeployer  - Processing deployment null
10:44:57,344 [main] INFO  org.activiti.engine.impl.bpmn.deployer.BpmnDeployer  - Processing resource org/activiti/engine/test/api/mgmt/timerOnTask.bpmn20.xml
10:44:57,348 [main] DEBUG org.activiti.engine.impl.bpmn.parser.handler.ProcessParseHandler  - Parsing process timerOnTask
10:44:57,348 [main] DEBUG org.activiti.engine.impl.bpmn.parser.handler.AbstractBpmnParseHandler  - Parsing activity firstLineSupport
10:44:57,348 [main] DEBUG org.activiti.engine.impl.bpmn.parser.handler.AbstractBpmnParseHandler  - Parsing activity secondLineSupport
10:44:57,348 [main] DEBUG org.activiti.engine.impl.bpmn.parser.handler.AbstractBpmnParseHandler  - Parsing activity theStart
10:44:57,348 [main] DEBUG org.activiti.engine.impl.bpmn.parser.handler.AbstractBpmnParseHandler  - Parsing activity normalEnd
10:44:57,348 [main] DEBUG org.activiti.engine.impl.bpmn.parser.handler.AbstractBpmnParseHandler  - Parsing activity escalatedEnd
10:44:57,348 [main] DEBUG org.activiti.engine.impl.bpmn.parser.handler.AbstractBpmnParseHandler  - Parsing activity escalationTimer
10:44:57,348 [main] DEBUG org.apache.ibatis.transaction.jdbc.JdbcTransaction  - Opening JDBC Connection
10:44:57,348 [main] DEBUG org.apache.ibatis.datasource.pooled.PooledDataSource  - Checked out connection 363509958 from pool.
10:44:57,348 [main] DEBUG org.apache.ibatis.transaction.jdbc.JdbcTransaction  - Setting autocommit to false on JDBC Connection [conn2: url=jdbc:h2:mem:activiti user=SA]
10:44:57,348 [main] DEBUG org.activiti.engine.impl.persistence.entity.ProcessDefinitionEntity.selectLatestProcessDefinitionByKey  - ==&gt;  Preparing: select * from ACT_RE_PROCDEF where KEY_ = ? and (TENANT_ID_ = &apos;&apos; or TENANT_ID_ is null) and VERSION_ = (select max(VERSION_) from ACT_RE_PROCDEF where KEY_ = ? and (TENANT_ID_ = &apos;&apos; or TENANT_ID_ is null)) 
10:44:57,348 [main] DEBUG org.activiti.engine.impl.persistence.entity.ProcessDefinitionEntity.selectLatestProcessDefinitionByKey  - ==&gt; Parameters: timerOnTask(String), timerOnTask(String)
10:44:57,348 [main] DEBUG org.activiti.engine.impl.persistence.entity.ProcessDefinitionEntity.selectLatestProcessDefinitionByKey  - &lt;==      Total: 0
10:44:57,349 [main] DEBUG org.activiti.engine.impl.persistence.entity.JobEntity.selectJobByTypeAndProcessDefinitionKeyNoTenantId  - ==&gt;  Preparing: select J.* from ACT_RU_JOB J inner join ACT_RE_PROCDEF P on J.PROC_DEF_ID_ = P.ID_ where J.HANDLER_TYPE_ = ? and P.KEY_ = ? and (P.TENANT_ID_ = &apos;&apos; or P.TENANT_ID_ is null) 
10:44:57,349 [main] DEBUG org.activiti.engine.impl.persistence.entity.JobEntity.selectJobByTypeAndProcessDefinitionKeyNoTenantId  - ==&gt; Parameters: timer-start-event(String), timerOnTask(String)
10:44:57,349 [main] DEBUG org.activiti.engine.impl.persistence.entity.JobEntity.selectJobByTypeAndProcessDefinitionKeyNoTenantId  - &lt;==      Total: 0
10:44:57,349 [main] DEBUG org.activiti.engine.impl.persistence.entity.ProcessDefinitionInfoEntity.selectProcessDefinitionInfoByProcessDefinitionId  - ==&gt;  Preparing: select * from ACT_PROCDEF_INFO where PROC_DEF_ID_ = ? 
10:44:57,349 [main] DEBUG org.activiti.engine.impl.persistence.entity.ProcessDefinitionInfoEntity.selectProcessDefinitionInfoByProcessDefinitionId  - ==&gt; Parameters: timerOnTask:1:1822(String)
10:44:57,349 [main] DEBUG org.activiti.engine.impl.persistence.entity.ProcessDefinitionInfoEntity.selectProcessDefinitionInfoByProcessDefinitionId  - &lt;==      Total: 0
10:44:57,349 [main] DEBUG org.activiti.engine.impl.interceptor.LogInterceptor  - 

10:44:57,349 [main] DEBUG org.activiti.engine.impl.interceptor.LogInterceptor  - --- starting GetProcessDefinitionInfoCmd --------------------------------------------------------
10:44:57,349 [main] DEBUG org.activiti.engine.impl.interceptor.CommandContextInterceptor  - Valid context found. Reusing it for the current command &apos;org.activiti.engine.impl.cmd.GetProcessDefinitionInfoCmd&apos;
10:44:57,349 [main] DEBUG org.activiti.engine.impl.interceptor.LogInterceptor  - 

10:44:57,349 [main] DEBUG org.activiti.engine.impl.interceptor.LogInterceptor  - --- starting  --------------------------------------------------------
10:44:57,349 [main] DEBUG org.activiti.engine.impl.interceptor.CommandContextInterceptor  - Valid context found. Reusing it for the current command &apos;null&apos;
10:44:57,349 [main] DEBUG org.activiti.engine.impl.interceptor.LogInterceptor  - ---  finished --------------------------------------------------------
10:44:57,349 [main] DEBUG org.activiti.engine.impl.interceptor.LogInterceptor  - 

10:44:57,349 [main] DEBUG org.activiti.engine.impl.interceptor.LogInterceptor  - --- GetProcessDefinitionInfoCmd finished --------------------------------------------------------
10:44:57,349 [main] DEBUG org.activiti.engine.impl.interceptor.LogInterceptor  - 

10:44:57,349 [main] DEBUG org.activiti.engine.impl.db.DbSqlSession  -   insert ResourceEntity[id=1821, name=org/activiti/engine/test/api/mgmt/timerOnTask.bpmn20.xml]
10:44:57,349 [main] DEBUG org.activiti.engine.impl.db.DbSqlSession  -   insert DeploymentEntity[id=1820, name=null]
10:44:57,349 [main] DEBUG org.activiti.engine.impl.db.DbSqlSession  -   insert ProcessDefinitionEntity[timerOnTask:1:1822]
10:44:57,349 [main] DEBUG org.activiti.engine.impl.db.DbSqlSession  - flush summary: 3 insert, 0 update, 0 delete.
10:44:57,349 [main] DEBUG org.activiti.engine.impl.db.DbSqlSession  - now executing flush...
10:44:57,349 [main] DEBUG org.activiti.engine.impl.db.DbSqlSession  - inserting: ProcessDefinitionEntity[timerOnTask:1:1822]
10:44:57,349 [main] DEBUG org.activiti.engine.impl.persistence.entity.ProcessDefinitionEntity.insertProcessDefinition  - ==&gt;  Preparing: insert into ACT_RE_PROCDEF(ID_, REV_, CATEGORY_, NAME_, KEY_, VERSION_, DEPLOYMENT_ID_, RESOURCE_NAME_, DGRM_RESOURCE_NAME_, DESCRIPTION_, HAS_START_FORM_KEY_, HAS_GRAPHICAL_NOTATION_ , SUSPENSION_STATE_, TENANT_ID_) values (?, 1, ?, ?, ?, ?, ?, ?, ?, ?, ?, ?, ?, ?) 
10:44:57,349 [main] DEBUG org.activiti.engine.impl.persistence.entity.ProcessDefinitionEntity.insertProcessDefinition  - ==&gt; Parameters: timerOnTask:1:1822(String), org.activiti.enginge.test.api.mgmt(String), null, timerOnTask(String), 1(Integer), 1820(String), org/activiti/engine/test/api/mgmt/timerOnTask.bpmn20.xml(String), null, null, false(Boolean), false(Boolean), 1(Integer), (String)
10:44:57,349 [main] DEBUG org.activiti.engine.impl.persistence.entity.ProcessDefinitionEntity.insertProcessDefinition  - &lt;==    Updates: 1
10:44:57,349 [main] DEBUG org.activiti.engine.impl.db.DbSqlSession  - inserting: DeploymentEntity[id=1820, name=null]
10:44:57,349 [main] DEBUG org.activiti.engine.impl.persistence.entity.DeploymentEntity.insertDeployment  - ==&gt;  Preparing: insert into ACT_RE_DEPLOYMENT(ID_, NAME_, CATEGORY_, TENANT_ID_, DEPLOY_TIME_) values(?, ?, ?, ?, ?) 
10:44:57,349 [main] DEBUG org.activiti.engine.impl.persistence.entity.DeploymentEntity.insertDeployment  - ==&gt; Parameters: 1820(String), null, null, (String), 2023-03-20 12:44:57.0(Timestamp)
10:44:57,349 [main] DEBUG org.activiti.engine.impl.persistence.entity.DeploymentEntity.insertDeployment  - &lt;==    Updates: 1
10:44:57,349 [main] DEBUG org.activiti.engine.impl.db.DbSqlSession  - inserting: ResourceEntity[id=1821, name=org/activiti/engine/test/api/mgmt/timerOnTask.bpmn20.xml]
10:44:57,349 [main] DEBUG org.activiti.engine.impl.persistence.entity.ResourceEntity.insertResource  - ==&gt;  Preparing: insert into ACT_GE_BYTEARRAY(ID_, REV_, NAME_, BYTES_, DEPLOYMENT_ID_, GENERATED_) values (?, 1, ?, ?, ?, ?) 
10:44:57,349 [main] DEBUG org.activiti.engine.impl.persistence.entity.ResourceEntity.insertResource  - ==&gt; Parameters: 1821(String), org/activiti/engine/test/api/mgmt/timerOnTask.bpmn20.xml(String), java.io.ByteArrayInputStream@718fd7c1(ByteArrayInputStream), 1820(String), false(Boolean)
10:44:57,349 [main] DEBUG org.activiti.engine.impl.persistence.entity.ResourceEntity.insertResource  - &lt;==    Updates: 1
10:44:57,349 [main] DEBUG org.activiti.engine.impl.cfg.standalone.StandaloneMybatisTransactionContext  - firing event committing...
10:44:57,349 [main] DEBUG org.activiti.engine.impl.cfg.standalone.StandaloneMybatisTransactionContext  - committing the ibatis sql session...
10:44:57,349 [main] DEBUG org.apache.ibatis.transaction.jdbc.JdbcTransaction  - Committing JDBC Connection [conn2: url=jdbc:h2:mem:activiti user=SA]
10:44:57,349 [main] DEBUG org.activiti.engine.impl.cfg.standalone.StandaloneMybatisTransactionContext  - firing event committed...
10:44:57,349 [main] DEBUG org.apache.ibatis.transaction.jdbc.JdbcTransaction  - Resetting autocommit to true on JDBC Connection [conn2: url=jdbc:h2:mem:activiti user=SA]
10:44:57,349 [main] DEBUG org.apache.ibatis.transaction.jdbc.JdbcTransaction  - Closing JDBC Connection [conn2: url=jdbc:h2:mem:activiti user=SA]
10:44:57,349 [main] DEBUG org.apache.ibatis.datasource.pooled.PooledDataSource  - Returned connection 363509958 to pool.
10:44:57,349 [main] DEBUG org.activiti.engine.impl.interceptor.LogInterceptor  - --- DeployCmd finished --------------------------------------------------------
10:44:57,349 [main] DEBUG org.activiti.engine.impl.interceptor.LogInterceptor  - 

10:44:57,349 [main] DEBUG org.activiti.engine.impl.interceptor.LogInterceptor  - 

10:44:57,349 [main] DEBUG org.activiti.engine.impl.interceptor.LogInterceptor  - --- starting StartProcessInstanceCmd --------------------------------------------------------
10:44:57,349 [main] DEBUG org.apache.ibatis.transaction.jdbc.JdbcTransaction  - Opening JDBC Connection
10:44:57,349 [main] DEBUG org.apache.ibatis.datasource.pooled.PooledDataSource  - Checked out connection 180014677 from pool.
10:44:57,349 [main] DEBUG org.apache.ibatis.transaction.jdbc.JdbcTransaction  - Setting autocommit to false on JDBC Connection [conn3: url=jdbc:h2:mem:activiti user=SA]
10:44:57,349 [main] DEBUG org.activiti.engine.impl.persistence.entity.ProcessDefinitionEntity.selectLatestProcessDefinitionByKey  - ==&gt;  Preparing: select * from ACT_RE_PROCDEF where KEY_ = ? and (TENANT_ID_ = &apos;&apos; or TENANT_ID_ is null) and VERSION_ = (select max(VERSION_) from ACT_RE_PROCDEF where KEY_ = ? and (TENANT_ID_ = &apos;&apos; or TENANT_ID_ is null)) 
10:44:57,349 [main] DEBUG org.activiti.engine.impl.persistence.entity.ProcessDefinitionEntity.selectLatestProcessDefinitionByKey  - ==&gt; Parameters: timerOnTask(String), timerOnTask(String)
10:44:57,349 [main] DEBUG org.activiti.engine.impl.persistence.entity.ProcessDefinitionEntity.selectLatestProcessDefinitionByKey  - &lt;==      Total: 1
10:44:57,349 [main] DEBUG org.activiti.engine.impl.persistence.entity.ExecutionEntity  - initializing ProcessInstance[1823]
10:44:57,349 [main] DEBUG org.activiti.engine.impl.history.DefaultHistoryManager  - Current history level: FULL, level required: ACTIVITY
10:44:57,349 [main] DEBUG org.activiti.engine.impl.pvm.runtime.AtomicOperationActivityExecute  - ProcessInstance[1823] executes Activity(theStart): org.activiti.engine.impl.bpmn.behavior.NoneStartEventActivityBehavior
10:44:57,349 [main] DEBUG org.activiti.engine.impl.persistence.entity.JobEntity.selectJobsByExecutionId  - ==&gt;  Preparing: select * from ACT_RU_JOB J where J.EXECUTION_ID_ = ? 
10:44:57,349 [main] DEBUG org.activiti.engine.impl.persistence.entity.JobEntity.selectJobsByExecutionId  - ==&gt; Parameters: 1823(String)
10:44:57,349 [main] DEBUG org.activiti.engine.impl.persistence.entity.JobEntity.selectJobsByExecutionId  - &lt;==      Total: 0
10:44:57,349 [main] DEBUG org.activiti.engine.impl.bpmn.behavior.BpmnActivityBehavior  - Leaving activity &apos;theStart&apos;
10:44:57,349 [main] DEBUG org.activiti.engine.impl.history.DefaultHistoryManager  - Current history level: FULL, level required: ACTIVITY
10:44:57,349 [main] DEBUG org.activiti.engine.impl.pvm.runtime.AtomicOperationTransitionNotifyListenerTake  - ProcessInstance[1823] takes transition (theStart)--flow1--&gt;(firstLineSupport)
10:44:57,349 [main] DEBUG org.activiti.engine.impl.persistence.entity.ExecutionEntity  - Child execution ScopeExecution[1825] created with parent 
10:44:57,349 [main] DEBUG org.activiti.engine.impl.pvm.runtime.AtomicOperationTransitionCreateScope  - create scope: parent ProcessInstance[1823] continues as execution ScopeExecution[1825]
10:44:57,349 [main] DEBUG org.activiti.engine.impl.persistence.entity.ExecutionEntity  - initializing ScopeExecution[1825]
10:44:57,350 [main] DEBUG org.activiti.engine.impl.persistence.entity.JobEntity.selectJobsByExecutionId  - ==&gt;  Preparing: select * from ACT_RU_JOB J where J.EXECUTION_ID_ = ? 
10:44:57,350 [main] DEBUG org.activiti.engine.impl.persistence.entity.JobEntity.selectJobsByExecutionId  - ==&gt; Parameters: 1825(String)
10:44:57,350 [main] DEBUG org.activiti.engine.impl.persistence.entity.JobEntity.selectJobsByExecutionId  - &lt;==      Total: 0
10:44:57,350 [main] DEBUG org.activiti.engine.impl.history.DefaultHistoryManager  - Current history level: FULL, level required: ACTIVITY
10:44:57,350 [main] DEBUG org.activiti.engine.impl.pvm.runtime.AtomicOperationActivityExecute  - ScopeExecution[1825] executes Activity(firstLineSupport): org.activiti.engine.impl.bpmn.behavior.UserTaskActivityBehavior
10:44:57,350 [main] DEBUG org.activiti.engine.impl.persistence.entity.TaskEntity.selectTasksByExecutionId  - ==&gt;  Preparing: select distinct T.* from ACT_RU_TASK T where T.EXECUTION_ID_ = ? 
10:44:57,350 [main] DEBUG org.activiti.engine.impl.persistence.entity.TaskEntity.selectTasksByExecutionId  - ==&gt; Parameters: 1825(String)
10:44:57,350 [main] DEBUG org.activiti.engine.impl.persistence.entity.TaskEntity.selectTasksByExecutionId  - &lt;==      Total: 0
10:44:57,350 [main] DEBUG org.activiti.engine.impl.history.DefaultHistoryManager  - Current history level: FULL, level required: AUDIT
10:44:57,350 [main] DEBUG org.activiti.engine.impl.history.DefaultHistoryManager  - Current history level: FULL, level required: AUDIT
10:44:57,350 [main] DEBUG org.activiti.engine.impl.interceptor.LogInterceptor  - 

10:44:57,350 [main] DEBUG org.activiti.engine.impl.interceptor.LogInterceptor  - --- starting  --------------------------------------------------------
10:44:57,350 [main] DEBUG org.activiti.engine.impl.interceptor.CommandContextInterceptor  - Valid context found. Reusing it for the current command &apos;null&apos;
10:44:57,350 [main] DEBUG org.activiti.engine.impl.persistence.entity.ProcessDefinitionInfoEntity.selectProcessDefinitionInfoByProcessDefinitionId  - ==&gt;  Preparing: select * from ACT_PROCDEF_INFO where PROC_DEF_ID_ = ? 
10:44:57,350 [main] DEBUG org.activiti.engine.impl.persistence.entity.ProcessDefinitionInfoEntity.selectProcessDefinitionInfoByProcessDefinitionId  - ==&gt; Parameters: timerOnTask:1:1822(String)
10:44:57,350 [main] DEBUG org.activiti.engine.impl.persistence.entity.ProcessDefinitionInfoEntity.selectProcessDefinitionInfoByProcessDefinitionId  - &lt;==      Total: 0
10:44:57,350 [main] DEBUG org.activiti.engine.impl.interceptor.LogInterceptor  - ---  finished --------------------------------------------------------
10:44:57,350 [main] DEBUG org.activiti.engine.impl.interceptor.LogInterceptor  - 

10:44:57,350 [main] DEBUG org.activiti.engine.impl.history.DefaultHistoryManager  - Current history level: FULL, level required: AUDIT
10:44:57,350 [main] DEBUG org.activiti.engine.impl.history.DefaultHistoryManager  - Current history level: FULL, level required: AUDIT
10:44:57,350 [main] DEBUG org.activiti.engine.impl.history.DefaultHistoryManager  - Current history level: FULL, level required: ACTIVITY
10:44:57,350 [main] DEBUG org.activiti.engine.impl.db.DbSqlSession  -   insert ProcessInstance[1823]
10:44:57,350 [main] DEBUG org.activiti.engine.impl.db.DbSqlSession  -   insert ScopeExecution[1825]
10:44:57,350 [main] DEBUG org.activiti.engine.impl.db.DbSqlSession  -   insert HistoricProcessInstanceEntity[superProcessInstanceId=null]
10:44:57,350 [main] DEBUG org.activiti.engine.impl.db.DbSqlSession  -   insert Task[id=1828, name=First line support]
10:44:57,350 [main] DEBUG org.activiti.engine.impl.db.DbSqlSession  -   insert HistoricTaskInstanceEntity[id=1828, name=First line support]
10:44:57,350 [main] DEBUG org.activiti.engine.impl.db.DbSqlSession  -   insert HistoricActivityInstanceEntity[activityId=theStart, activityName=null]
10:44:57,350 [main] DEBUG org.activiti.engine.impl.db.DbSqlSession  -   insert HistoricActivityInstanceEntity[activityId=firstLineSupport, activityName=First line support]
10:44:57,350 [main] DEBUG org.activiti.engine.impl.db.DbSqlSession  -   insert JobEntity [id=1826]
10:44:57,350 [main] DEBUG org.activiti.engine.impl.db.DbSqlSession  - flush summary: 8 insert, 0 update, 0 delete.
10:44:57,350 [main] DEBUG org.activiti.engine.impl.db.DbSqlSession  - now executing flush...
10:44:57,350 [main] DEBUG org.activiti.engine.impl.db.DbSqlSession  - inserting: HistoricTaskInstanceEntity[id=1828, name=First line support]
10:44:57,350 [main] DEBUG org.activiti.engine.impl.persistence.entity.HistoricTaskInstanceEntity.insertHistoricTaskInstance  - ==&gt;  Preparing: insert into ACT_HI_TASKINST ( ID_, PROC_DEF_ID_, PROC_INST_ID_, EXECUTION_ID_, NAME_, PARENT_TASK_ID_, DESCRIPTION_, OWNER_, ASSIGNEE_, START_TIME_, CLAIM_TIME_, END_TIME_, DURATION_, DELETE_REASON_, TASK_DEF_KEY_, FORM_KEY_, PRIORITY_, DUE_DATE_, CATEGORY_, TENANT_ID_ ) values ( ?, ?, ?, ?, ?, ?, ?, ?, ?, ?, ?, ?, ?, ?, ?, ?, ?, ?, ?, ? ) 
10:44:57,350 [main] DEBUG org.activiti.engine.impl.persistence.entity.HistoricTaskInstanceEntity.insertHistoricTaskInstance  - ==&gt; Parameters: 1828(String), timerOnTask:1:1822(String), 1823(String), 1825(String), First line support(String), null, null, null, null, 2023-03-20 10:44:57.0(Timestamp), null, null, null, null, firstLineSupport(String), null, 50(Integer), null, null, (String)
10:44:57,350 [main] DEBUG org.activiti.engine.impl.persistence.entity.HistoricTaskInstanceEntity.insertHistoricTaskInstance  - &lt;==    Updates: 1
10:44:57,350 [main] DEBUG org.activiti.engine.impl.db.DbSqlSession  - inserting: HistoricProcessInstanceEntity[superProcessInstanceId=null]
10:44:57,350 [main] DEBUG org.activiti.engine.impl.persistence.entity.HistoricProcessInstanceEntity.insertHistoricProcessInstance  - ==&gt;  Preparing: insert into ACT_HI_PROCINST ( ID_, PROC_INST_ID_, BUSINESS_KEY_, PROC_DEF_ID_, START_TIME_, END_TIME_, DURATION_, START_USER_ID_, START_ACT_ID_, END_ACT_ID_, SUPER_PROCESS_INSTANCE_ID_, DELETE_REASON_, TENANT_ID_, NAME_ ) values ( ?, ?, ?, ?, ?, ?, ?, ?, ?, ?, ?, ?, ?, ? ) 
10:44:57,350 [main] DEBUG org.activiti.engine.impl.persistence.entity.HistoricProcessInstanceEntity.insertHistoricProcessInstance  - ==&gt; Parameters: 1823(String), 1823(String), null, timerOnTask:1:1822(String), 2023-03-20 10:44:57.0(Timestamp), null, null, null, theStart(String), null, null, null, (String), null
10:44:57,350 [main] DEBUG org.activiti.engine.impl.persistence.entity.HistoricProcessInstanceEntity.insertHistoricProcessInstance  - &lt;==    Updates: 1
10:44:57,350 [main] DEBUG org.activiti.engine.impl.persistence.entity.HistoricActivityInstanceEntity.bulkInsertHistoricActivityInstance  - ==&gt;  Preparing: insert into ACT_HI_ACTINST ( ID_, PROC_DEF_ID_, PROC_INST_ID_, EXECUTION_ID_, ACT_ID_, TASK_ID_, CALL_PROC_INST_ID_, ACT_NAME_, ACT_TYPE_, ASSIGNEE_, START_TIME_, END_TIME_, DURATION_, TENANT_ID_ ) values (?, ?, ?, ?, ?, ?, ?, ?, ?, ?, ?, ?, ?, ?) , (?, ?, ?, ?, ?, ?, ?, ?, ?, ?, ?, ?, ?, ?) 
10:44:57,350 [main] DEBUG org.activiti.engine.impl.persistence.entity.HistoricActivityInstanceEntity.bulkInsertHistoricActivityInstance  - ==&gt; Parameters: 1824(String), timerOnTask:1:1822(String), 1823(String), 1823(String), theStart(String), null, null, null, startEvent(String), null, 2023-03-20 10:44:57.0(Timestamp), 2023-03-20 10:44:57.0(Timestamp), 0(Long), (String), 1827(String), timerOnTask:1:1822(String), 1823(String), 1825(String), firstLineSupport(String), 1828(String), null, First line support(String), userTask(String), null, 2023-03-20 10:44:57.0(Timestamp), null, null, (String)
10:44:57,350 [main] DEBUG org.activiti.engine.impl.persistence.entity.HistoricActivityInstanceEntity.bulkInsertHistoricActivityInstance  - &lt;==    Updates: 2
10:44:57,350 [main] DEBUG org.activiti.engine.impl.persistence.entity.ExecutionEntity.bulkInsertExecution  - ==&gt;  Preparing: insert into ACT_RU_EXECUTION (ID_, REV_, PROC_INST_ID_, BUSINESS_KEY_, PROC_DEF_ID_, ACT_ID_, IS_ACTIVE_, IS_CONCURRENT_, IS_SCOPE_,IS_EVENT_SCOPE_, PARENT_ID_, SUPER_EXEC_, SUSPENSION_STATE_, CACHED_ENT_STATE_, TENANT_ID_, NAME_) values (?, 1, ?, ?, ?, ?, ?, ?, ?, ?, ?, ?, ?, ?, ?, ?) , (?, 1, ?, ?, ?, ?, ?, ?, ?, ?, ?, ?, ?, ?, ?, ?) 
10:44:57,350 [main] DEBUG org.activiti.engine.impl.persistence.entity.ExecutionEntity.bulkInsertExecution  - ==&gt; Parameters: 1823(String), 1823(String), null, timerOnTask:1:1822(String), null, false(Boolean), false(Boolean), true(Boolean), false(Boolean), null, null, 1(Integer), 2(Integer), (String), null, 1825(String), 1823(String), null, timerOnTask:1:1822(String), firstLineSupport(String), true(Boolean), false(Boolean), true(Boolean), false(Boolean), 1823(String), null, 1(Integer), 6(Integer), (String), null
10:44:57,350 [main] DEBUG org.activiti.engine.impl.persistence.entity.ExecutionEntity.bulkInsertExecution  - &lt;==    Updates: 2
10:44:57,350 [main] DEBUG org.activiti.engine.impl.db.DbSqlSession  - inserting: Task[id=1828, name=First line support]
10:44:57,350 [main] DEBUG org.activiti.engine.impl.persistence.entity.TaskEntity.insertTask  - ==&gt;  Preparing: insert into ACT_RU_TASK (ID_, REV_, NAME_, PARENT_TASK_ID_, DESCRIPTION_, PRIORITY_, CREATE_TIME_, OWNER_, ASSIGNEE_, DELEGATION_, EXECUTION_ID_, PROC_INST_ID_, PROC_DEF_ID_, TASK_DEF_KEY_, DUE_DATE_, CATEGORY_, SUSPENSION_STATE_, TENANT_ID_, FORM_KEY_) values (?, 1, ?, ?, ?, ?, ?, ?, ?, ?, ?, ?, ?, ?, ?, ?, ?, ?, ? ) 
10:44:57,350 [main] DEBUG org.activiti.engine.impl.persistence.entity.TaskEntity.insertTask  - ==&gt; Parameters: 1828(String), First line support(String), null, null, 50(Integer), 2023-03-20 10:44:57.0(Timestamp), null, null, null, 1825(String), 1823(String), timerOnTask:1:1822(String), firstLineSupport(String), null, null, 1(Integer), (String), null
10:44:57,350 [main] DEBUG org.activiti.engine.impl.persistence.entity.TaskEntity.insertTask  - &lt;==    Updates: 1
10:44:57,350 [main] DEBUG org.activiti.engine.impl.db.DbSqlSession  - inserting: JobEntity [id=1826]
10:44:57,350 [main] DEBUG org.activiti.engine.impl.persistence.entity.JobEntity.insertTimer  - ==&gt;  Preparing: insert into ACT_RU_JOB ( ID_, REV_, TYPE_, LOCK_OWNER_, LOCK_EXP_TIME_, EXCLUSIVE_, EXECUTION_ID_, PROCESS_INSTANCE_ID_, PROC_DEF_ID_, RETRIES_, EXCEPTION_STACK_ID_, EXCEPTION_MSG_, DUEDATE_, REPEAT_, HANDLER_TYPE_, HANDLER_CFG_, TENANT_ID_) values (?, 1, &apos;timer&apos;, ?, ?, ?, ?, ?, ?, ?, ?, ?, ?, ?, ?, ?, ? ) 
10:44:57,351 [main] DEBUG org.activiti.engine.impl.persistence.entity.JobEntity.insertTimer  - ==&gt; Parameters: 1826(String), null, null, true(Boolean), 1825(String), 1823(String), timerOnTask:1:1822(String), 3(Integer), null, null, 2023-03-20 11:44:57.0(Timestamp), null, timer-transition(String), {&quot;activityId&quot;:&quot;escalationTimer&quot;}(String), (String)
10:44:57,351 [main] DEBUG org.activiti.engine.impl.persistence.entity.JobEntity.insertTimer  - &lt;==    Updates: 1
10:44:57,351 [main] DEBUG org.activiti.engine.impl.cfg.standalone.StandaloneMybatisTransactionContext  - firing event committing...
10:44:57,351 [main] DEBUG org.activiti.engine.impl.cfg.standalone.StandaloneMybatisTransactionContext  - committing the ibatis sql session...
10:44:57,351 [main] DEBUG org.apache.ibatis.transaction.jdbc.JdbcTransaction  - Committing JDBC Connection [conn3: url=jdbc:h2:mem:activiti user=SA]
10:44:57,351 [main] DEBUG org.activiti.engine.impl.cfg.standalone.StandaloneMybatisTransactionContext  - firing event committed...
10:44:57,351 [main] DEBUG org.apache.ibatis.transaction.jdbc.JdbcTransaction  - Resetting autocommit to true on JDBC Connection [conn3: url=jdbc:h2:mem:activiti user=SA]
10:44:57,351 [main] DEBUG org.apache.ibatis.transaction.jdbc.JdbcTransaction  - Closing JDBC Connection [conn3: url=jdbc:h2:mem:activiti user=SA]
10:44:57,351 [main] DEBUG org.apache.ibatis.datasource.pooled.PooledDataSource  - Returned connection 180014677 to pool.
10:44:57,351 [main] DEBUG org.activiti.engine.impl.interceptor.LogInterceptor  - --- StartProcessInstanceCmd finished --------------------------------------------------------
10:44:57,351 [main] DEBUG org.activiti.engine.impl.interceptor.LogInterceptor  - 

10:44:57,351 [main] DEBUG org.activiti.engine.impl.interceptor.LogInterceptor  - 

10:44:57,351 [main] DEBUG org.activiti.engine.impl.interceptor.LogInterceptor  - --- starting StartProcessInstanceCmd --------------------------------------------------------
10:44:57,351 [main] DEBUG org.apache.ibatis.transaction.jdbc.JdbcTransaction  - Opening JDBC Connection
10:44:57,351 [main] DEBUG org.apache.ibatis.datasource.pooled.PooledDataSource  - Checked out connection 297240765 from pool.
10:44:57,351 [main] DEBUG org.apache.ibatis.transaction.jdbc.JdbcTransaction  - Setting autocommit to false on JDBC Connection [conn4: url=jdbc:h2:mem:activiti user=SA]
10:44:57,351 [main] DEBUG org.activiti.engine.impl.persistence.entity.ProcessDefinitionEntity.selectLatestProcessDefinitionByKey  - ==&gt;  Preparing: select * from ACT_RE_PROCDEF where KEY_ = ? and (TENANT_ID_ = &apos;&apos; or TENANT_ID_ is null) and VERSION_ = (select max(VERSION_) from ACT_RE_PROCDEF where KEY_ = ? and (TENANT_ID_ = &apos;&apos; or TENANT_ID_ is null)) 
10:44:57,351 [main] DEBUG org.activiti.engine.impl.persistence.entity.ProcessDefinitionEntity.selectLatestProcessDefinitionByKey  - ==&gt; Parameters: timerOnTask(String), timerOnTask(String)
10:44:57,351 [main] DEBUG org.activiti.engine.impl.persistence.entity.ProcessDefinitionEntity.selectLatestProcessDefinitionByKey  - &lt;==      Total: 1
10:44:57,351 [main] DEBUG org.activiti.engine.impl.persistence.entity.ExecutionEntity  - initializing ProcessInstance[1829]
10:44:57,351 [main] DEBUG org.activiti.engine.impl.history.DefaultHistoryManager  - Current history level: FULL, level required: ACTIVITY
10:44:57,351 [main] DEBUG org.activiti.engine.impl.pvm.runtime.AtomicOperationActivityExecute  - ProcessInstance[1829] executes Activity(theStart): org.activiti.engine.impl.bpmn.behavior.NoneStartEventActivityBehavior
10:44:57,351 [main] DEBUG org.activiti.engine.impl.persistence.entity.JobEntity.selectJobsByExecutionId  - ==&gt;  Preparing: select * from ACT_RU_JOB J where J.EXECUTION_ID_ = ? 
10:44:57,351 [main] DEBUG org.activiti.engine.impl.persistence.entity.JobEntity.selectJobsByExecutionId  - ==&gt; Parameters: 1829(String)
10:44:57,351 [main] DEBUG org.activiti.engine.impl.persistence.entity.JobEntity.selectJobsByExecutionId  - &lt;==      Total: 0
10:44:57,351 [main] DEBUG org.activiti.engine.impl.bpmn.behavior.BpmnActivityBehavior  - Leaving activity &apos;theStart&apos;
10:44:57,351 [main] DEBUG org.activiti.engine.impl.history.DefaultHistoryManager  - Current history level: FULL, level required: ACTIVITY
10:44:57,351 [main] DEBUG org.activiti.engine.impl.pvm.runtime.AtomicOperationTransitionNotifyListenerTake  - ProcessInstance[1829] takes transition (theStart)--flow1--&gt;(firstLineSupport)
10:44:57,351 [main] DEBUG org.activiti.engine.impl.persistence.entity.ExecutionEntity  - Child execution ScopeExecution[1831] created with parent 
10:44:57,351 [main] DEBUG org.activiti.engine.impl.pvm.runtime.AtomicOperationTransitionCreateScope  - create scope: parent ProcessInstance[1829] continues as execution ScopeExecution[1831]
10:44:57,351 [main] DEBUG org.activiti.engine.impl.persistence.entity.ExecutionEntity  - initializing ScopeExecution[1831]
10:44:57,351 [main] DEBUG org.activiti.engine.impl.persistence.entity.JobEntity.selectJobsByExecutionId  - ==&gt;  Preparing: select * from ACT_RU_JOB J where J.EXECUTION_ID_ = ? 
10:44:57,351 [main] DEBUG org.activiti.engine.impl.persistence.entity.JobEntity.selectJobsByExecutionId  - ==&gt; Parameters: 1831(String)
10:44:57,351 [main] DEBUG org.activiti.engine.impl.persistence.entity.JobEntity.selectJobsByExecutionId  - &lt;==      Total: 0
10:44:57,351 [main] DEBUG org.activiti.engine.impl.history.DefaultHistoryManager  - Current history level: FULL, level required: ACTIVITY
10:44:57,351 [main] DEBUG org.activiti.engine.impl.pvm.runtime.AtomicOperationActivityExecute  - ScopeExecution[1831] executes Activity(firstLineSupport): org.activiti.engine.impl.bpmn.behavior.UserTaskActivityBehavior
10:44:57,351 [main] DEBUG org.activiti.engine.impl.persistence.entity.TaskEntity.selectTasksByExecutionId  - ==&gt;  Preparing: select distinct T.* from ACT_RU_TASK T where T.EXECUTION_ID_ = ? 
10:44:57,351 [main] DEBUG org.activiti.engine.impl.persistence.entity.TaskEntity.selectTasksByExecutionId  - ==&gt; Parameters: 1831(String)
10:44:57,351 [main] DEBUG org.activiti.engine.impl.persistence.entity.TaskEntity.selectTasksByExecutionId  - &lt;==      Total: 0
10:44:57,351 [main] DEBUG org.activiti.engine.impl.history.DefaultHistoryManager  - Current history level: FULL, level required: AUDIT
10:44:57,351 [main] DEBUG org.activiti.engine.impl.history.DefaultHistoryManager  - Current history level: FULL, level required: AUDIT
10:44:57,351 [main] DEBUG org.activiti.engine.impl.interceptor.LogInterceptor  - 

10:44:57,351 [main] DEBUG org.activiti.engine.impl.interceptor.LogInterceptor  - --- starting  --------------------------------------------------------
10:44:57,351 [main] DEBUG org.activiti.engine.impl.interceptor.CommandContextInterceptor  - Valid context found. Reusing it for the current command &apos;null&apos;
10:44:57,351 [main] DEBUG org.activiti.engine.impl.persistence.entity.ProcessDefinitionInfoEntity.selectProcessDefinitionInfoByProcessDefinitionId  - ==&gt;  Preparing: select * from ACT_PROCDEF_INFO where PROC_DEF_ID_ = ? 
10:44:57,351 [main] DEBUG org.activiti.engine.impl.persistence.entity.ProcessDefinitionInfoEntity.selectProcessDefinitionInfoByProcessDefinitionId  - ==&gt; Parameters: timerOnTask:1:1822(String)
10:44:57,351 [main] DEBUG org.activiti.engine.impl.persistence.entity.ProcessDefinitionInfoEntity.selectProcessDefinitionInfoByProcessDefinitionId  - &lt;==      Total: 0
10:44:57,351 [main] DEBUG org.activiti.engine.impl.interceptor.LogInterceptor  - ---  finished --------------------------------------------------------
10:44:57,351 [main] DEBUG org.activiti.engine.impl.interceptor.LogInterceptor  - 

10:44:57,351 [main] DEBUG org.activiti.engine.impl.history.DefaultHistoryManager  - Current history level: FULL, level required: AUDIT
10:44:57,351 [main] DEBUG org.activiti.engine.impl.history.DefaultHistoryManager  - Current history level: FULL, level required: AUDIT
10:44:57,351 [main] DEBUG org.activiti.engine.impl.history.DefaultHistoryManager  - Current history level: FULL, level required: ACTIVITY
10:44:57,351 [main] DEBUG org.activiti.engine.impl.db.DbSqlSession  -   insert ProcessInstance[1829]
10:44:57,351 [main] DEBUG org.activiti.engine.impl.db.DbSqlSession  -   insert ScopeExecution[1831]
10:44:57,352 [main] DEBUG org.activiti.engine.impl.db.DbSqlSession  -   insert HistoricProcessInstanceEntity[superProcessInstanceId=null]
10:44:57,352 [main] DEBUG org.activiti.engine.impl.db.DbSqlSession  -   insert Task[id=1834, name=First line support]
10:44:57,352 [main] DEBUG org.activiti.engine.impl.db.DbSqlSession  -   insert HistoricTaskInstanceEntity[id=1834, name=First line support]
10:44:57,352 [main] DEBUG org.activiti.engine.impl.db.DbSqlSession  -   insert HistoricActivityInstanceEntity[activityId=theStart, activityName=null]
10:44:57,352 [main] DEBUG org.activiti.engine.impl.db.DbSqlSession  -   insert HistoricActivityInstanceEntity[activityId=firstLineSupport, activityName=First line support]
10:44:57,352 [main] DEBUG org.activiti.engine.impl.db.DbSqlSession  -   insert JobEntity [id=1832]
10:44:57,352 [main] DEBUG org.activiti.engine.impl.db.DbSqlSession  - flush summary: 8 insert, 0 update, 0 delete.
10:44:57,352 [main] DEBUG org.activiti.engine.impl.db.DbSqlSession  - now executing flush...
10:44:57,352 [main] DEBUG org.activiti.engine.impl.db.DbSqlSession  - inserting: HistoricTaskInstanceEntity[id=1834, name=First line support]
10:44:57,352 [main] DEBUG org.activiti.engine.impl.persistence.entity.HistoricTaskInstanceEntity.insertHistoricTaskInstance  - ==&gt;  Preparing: insert into ACT_HI_TASKINST ( ID_, PROC_DEF_ID_, PROC_INST_ID_, EXECUTION_ID_, NAME_, PARENT_TASK_ID_, DESCRIPTION_, OWNER_, ASSIGNEE_, START_TIME_, CLAIM_TIME_, END_TIME_, DURATION_, DELETE_REASON_, TASK_DEF_KEY_, FORM_KEY_, PRIORITY_, DUE_DATE_, CATEGORY_, TENANT_ID_ ) values ( ?, ?, ?, ?, ?, ?, ?, ?, ?, ?, ?, ?, ?, ?, ?, ?, ?, ?, ?, ? ) 
10:44:57,352 [main] DEBUG org.activiti.engine.impl.persistence.entity.HistoricTaskInstanceEntity.insertHistoricTaskInstance  - ==&gt; Parameters: 1834(String), timerOnTask:1:1822(String), 1829(String), 1831(String), First line support(String), null, null, null, null, 2023-03-20 11:44:57.0(Timestamp), null, null, null, null, firstLineSupport(String), null, 50(Integer), null, null, (String)
10:44:57,352 [main] DEBUG org.activiti.engine.impl.persistence.entity.HistoricTaskInstanceEntity.insertHistoricTaskInstance  - &lt;==    Updates: 1
10:44:57,352 [main] DEBUG org.activiti.engine.impl.db.DbSqlSession  - inserting: HistoricProcessInstanceEntity[superProcessInstanceId=null]
10:44:57,352 [main] DEBUG org.activiti.engine.impl.persistence.entity.HistoricProcessInstanceEntity.insertHistoricProcessInstance  - ==&gt;  Preparing: insert into ACT_HI_PROCINST ( ID_, PROC_INST_ID_, BUSINESS_KEY_, PROC_DEF_ID_, START_TIME_, END_TIME_, DURATION_, START_USER_ID_, START_ACT_ID_, END_ACT_ID_, SUPER_PROCESS_INSTANCE_ID_, DELETE_REASON_, TENANT_ID_, NAME_ ) values ( ?, ?, ?, ?, ?, ?, ?, ?, ?, ?, ?, ?, ?, ? ) 
10:44:57,352 [main] DEBUG org.activiti.engine.impl.persistence.entity.HistoricProcessInstanceEntity.insertHistoricProcessInstance  - ==&gt; Parameters: 1829(String), 1829(String), null, timerOnTask:1:1822(String), 2023-03-20 11:44:57.0(Timestamp), null, null, null, theStart(String), null, null, null, (String), null
10:44:57,352 [main] DEBUG org.activiti.engine.impl.persistence.entity.HistoricProcessInstanceEntity.insertHistoricProcessInstance  - &lt;==    Updates: 1
10:44:57,352 [main] DEBUG org.activiti.engine.impl.persistence.entity.HistoricActivityInstanceEntity.bulkInsertHistoricActivityInstance  - ==&gt;  Preparing: insert into ACT_HI_ACTINST ( ID_, PROC_DEF_ID_, PROC_INST_ID_, EXECUTION_ID_, ACT_ID_, TASK_ID_, CALL_PROC_INST_ID_, ACT_NAME_, ACT_TYPE_, ASSIGNEE_, START_TIME_, END_TIME_, DURATION_, TENANT_ID_ ) values (?, ?, ?, ?, ?, ?, ?, ?, ?, ?, ?, ?, ?, ?) , (?, ?, ?, ?, ?, ?, ?, ?, ?, ?, ?, ?, ?, ?) 
10:44:57,352 [main] DEBUG org.activiti.engine.impl.persistence.entity.HistoricActivityInstanceEntity.bulkInsertHistoricActivityInstance  - ==&gt; Parameters: 1830(String), timerOnTask:1:1822(String), 1829(String), 1829(String), theStart(String), null, null, null, startEvent(String), null, 2023-03-20 11:44:57.0(Timestamp), 2023-03-20 11:44:57.0(Timestamp), 0(Long), (String), 1833(String), timerOnTask:1:1822(String), 1829(String), 1831(String), firstLineSupport(String), 1834(String), null, First line support(String), userTask(String), null, 2023-03-20 11:44:57.0(Timestamp), null, null, (String)
10:44:57,352 [main] DEBUG org.activiti.engine.impl.persistence.entity.HistoricActivityInstanceEntity.bulkInsertHistoricActivityInstance  - &lt;==    Updates: 2
10:44:57,352 [main] DEBUG org.activiti.engine.impl.persistence.entity.ExecutionEntity.bulkInsertExecution  - ==&gt;  Preparing: insert into ACT_RU_EXECUTION (ID_, REV_, PROC_INST_ID_, BUSINESS_KEY_, PROC_DEF_ID_, ACT_ID_, IS_ACTIVE_, IS_CONCURRENT_, IS_SCOPE_,IS_EVENT_SCOPE_, PARENT_ID_, SUPER_EXEC_, SUSPENSION_STATE_, CACHED_ENT_STATE_, TENANT_ID_, NAME_) values (?, 1, ?, ?, ?, ?, ?, ?, ?, ?, ?, ?, ?, ?, ?, ?) , (?, 1, ?, ?, ?, ?, ?, ?, ?, ?, ?, ?, ?, ?, ?, ?) 
10:44:57,352 [main] DEBUG org.activiti.engine.impl.persistence.entity.ExecutionEntity.bulkInsertExecution  - ==&gt; Parameters: 1829(String), 1829(String), null, timerOnTask:1:1822(String), null, false(Boolean), false(Boolean), true(Boolean), false(Boolean), null, null, 1(Integer), 2(Integer), (String), null, 1831(String), 1829(String), null, timerOnTask:1:1822(String), firstLineSupport(String), true(Boolean), false(Boolean), true(Boolean), false(Boolean), 1829(String), null, 1(Integer), 6(Integer), (String), null
10:44:57,352 [main] DEBUG org.activiti.engine.impl.persistence.entity.ExecutionEntity.bulkInsertExecution  - &lt;==    Updates: 2
10:44:57,352 [main] DEBUG org.activiti.engine.impl.db.DbSqlSession  - inserting: Task[id=1834, name=First line support]
10:44:57,352 [main] DEBUG org.activiti.engine.impl.persistence.entity.TaskEntity.insertTask  - ==&gt;  Preparing: insert into ACT_RU_TASK (ID_, REV_, NAME_, PARENT_TASK_ID_, DESCRIPTION_, PRIORITY_, CREATE_TIME_, OWNER_, ASSIGNEE_, DELEGATION_, EXECUTION_ID_, PROC_INST_ID_, PROC_DEF_ID_, TASK_DEF_KEY_, DUE_DATE_, CATEGORY_, SUSPENSION_STATE_, TENANT_ID_, FORM_KEY_) values (?, 1, ?, ?, ?, ?, ?, ?, ?, ?, ?, ?, ?, ?, ?, ?, ?, ?, ? ) 
10:44:57,353 [main] DEBUG org.activiti.engine.impl.persistence.entity.TaskEntity.insertTask  - ==&gt; Parameters: 1834(String), First line support(String), null, null, 50(Integer), 2023-03-20 11:44:57.0(Timestamp), null, null, null, 1831(String), 1829(String), timerOnTask:1:1822(String), firstLineSupport(String), null, null, 1(Integer), (String), null
10:44:57,353 [main] DEBUG org.activiti.engine.impl.persistence.entity.TaskEntity.insertTask  - &lt;==    Updates: 1
10:44:57,353 [main] DEBUG org.activiti.engine.impl.db.DbSqlSession  - inserting: JobEntity [id=1832]
10:44:57,353 [main] DEBUG org.activiti.engine.impl.persistence.entity.JobEntity.insertTimer  - ==&gt;  Preparing: insert into ACT_RU_JOB ( ID_, REV_, TYPE_, LOCK_OWNER_, LOCK_EXP_TIME_, EXCLUSIVE_, EXECUTION_ID_, PROCESS_INSTANCE_ID_, PROC_DEF_ID_, RETRIES_, EXCEPTION_STACK_ID_, EXCEPTION_MSG_, DUEDATE_, REPEAT_, HANDLER_TYPE_, HANDLER_CFG_, TENANT_ID_) values (?, 1, &apos;timer&apos;, ?, ?, ?, ?, ?, ?, ?, ?, ?, ?, ?, ?, ?, ? ) 
10:44:57,353 [main] DEBUG org.activiti.engine.impl.persistence.entity.JobEntity.insertTimer  - ==&gt; Parameters: 1832(String), null, null, true(Boolean), 1831(String), 1829(String), timerOnTask:1:1822(String), 3(Integer), null, null, 2023-03-20 12:44:57.0(Timestamp), null, timer-transition(String), {&quot;activityId&quot;:&quot;escalationTimer&quot;}(String), (String)
10:44:57,353 [main] DEBUG org.activiti.engine.impl.persistence.entity.JobEntity.insertTimer  - &lt;==    Updates: 1
10:44:57,353 [main] DEBUG org.activiti.engine.impl.cfg.standalone.StandaloneMybatisTransactionContext  - firing event committing...
10:44:57,353 [main] DEBUG org.activiti.engine.impl.cfg.standalone.StandaloneMybatisTransactionContext  - committing the ibatis sql session...
10:44:57,353 [main] DEBUG org.apache.ibatis.transaction.jdbc.JdbcTransaction  - Committing JDBC Connection [conn4: url=jdbc:h2:mem:activiti user=SA]
10:44:57,353 [main] DEBUG org.activiti.engine.impl.cfg.standalone.StandaloneMybatisTransactionContext  - firing event committed...
10:44:57,353 [main] DEBUG org.apache.ibatis.transaction.jdbc.JdbcTransaction  - Resetting autocommit to true on JDBC Connection [conn4: url=jdbc:h2:mem:activiti user=SA]
10:44:57,353 [main] DEBUG org.apache.ibatis.transaction.jdbc.JdbcTransaction  - Closing JDBC Connection [conn4: url=jdbc:h2:mem:activiti user=SA]
10:44:57,353 [main] DEBUG org.apache.ibatis.datasource.pooled.PooledDataSource  - Returned connection 297240765 to pool.
10:44:57,353 [main] DEBUG org.activiti.engine.impl.interceptor.LogInterceptor  - --- StartProcessInstanceCmd finished --------------------------------------------------------
10:44:57,353 [main] DEBUG org.activiti.engine.impl.interceptor.LogInterceptor  - 

10:44:57,353 [main] DEBUG org.activiti.engine.impl.interceptor.LogInterceptor  - 

10:44:57,353 [main] DEBUG org.activiti.engine.impl.interceptor.LogInterceptor  - --- starting StartProcessInstanceCmd --------------------------------------------------------
10:44:57,353 [main] DEBUG org.apache.ibatis.transaction.jdbc.JdbcTransaction  - Opening JDBC Connection
10:44:57,353 [main] DEBUG org.apache.ibatis.datasource.pooled.PooledDataSource  - Checked out connection 363509958 from pool.
10:44:57,353 [main] DEBUG org.apache.ibatis.transaction.jdbc.JdbcTransaction  - Setting autocommit to false on JDBC Connection [conn2: url=jdbc:h2:mem:activiti user=SA]
10:44:57,353 [main] DEBUG org.activiti.engine.impl.persistence.entity.ProcessDefinitionEntity.selectLatestProcessDefinitionByKey  - ==&gt;  Preparing: select * from ACT_RE_PROCDEF where KEY_ = ? and (TENANT_ID_ = &apos;&apos; or TENANT_ID_ is null) and VERSION_ = (select max(VERSION_) from ACT_RE_PROCDEF where KEY_ = ? and (TENANT_ID_ = &apos;&apos; or TENANT_ID_ is null)) 
10:44:57,353 [main] DEBUG org.activiti.engine.impl.persistence.entity.ProcessDefinitionEntity.selectLatestProcessDefinitionByKey  - ==&gt; Parameters: timerOnTask(String), timerOnTask(String)
10:44:57,353 [main] DEBUG org.activiti.engine.impl.persistence.entity.ProcessDefinitionEntity.selectLatestProcessDefinitionByKey  - &lt;==      Total: 1
10:44:57,353 [main] DEBUG org.activiti.engine.impl.persistence.entity.ExecutionEntity  - initializing ProcessInstance[1835]
10:44:57,353 [main] DEBUG org.activiti.engine.impl.history.DefaultHistoryManager  - Current history level: FULL, level required: ACTIVITY
10:44:57,353 [main] DEBUG org.activiti.engine.impl.pvm.runtime.AtomicOperationActivityExecute  - ProcessInstance[1835] executes Activity(theStart): org.activiti.engine.impl.bpmn.behavior.NoneStartEventActivityBehavior
10:44:57,353 [main] DEBUG org.activiti.engine.impl.persistence.entity.JobEntity.selectJobsByExecutionId  - ==&gt;  Preparing: select * from ACT_RU_JOB J where J.EXECUTION_ID_ = ? 
10:44:57,353 [main] DEBUG org.activiti.engine.impl.persistence.entity.JobEntity.selectJobsByExecutionId  - ==&gt; Parameters: 1835(String)
10:44:57,353 [main] DEBUG org.activiti.engine.impl.persistence.entity.JobEntity.selectJobsByExecutionId  - &lt;==      Total: 0
10:44:57,353 [main] DEBUG org.activiti.engine.impl.bpmn.behavior.BpmnActivityBehavior  - Leaving activity &apos;theStart&apos;
10:44:57,353 [main] DEBUG org.activiti.engine.impl.history.DefaultHistoryManager  - Current history level: FULL, level required: ACTIVITY
10:44:57,353 [main] DEBUG org.activiti.engine.impl.pvm.runtime.AtomicOperationTransitionNotifyListenerTake  - ProcessInstance[1835] takes transition (theStart)--flow1--&gt;(firstLineSupport)
10:44:57,353 [main] DEBUG org.activiti.engine.impl.persistence.entity.ExecutionEntity  - Child execution ScopeExecution[1837] created with parent 
10:44:57,353 [main] DEBUG org.activiti.engine.impl.pvm.runtime.AtomicOperationTransitionCreateScope  - create scope: parent ProcessInstance[1835] continues as execution ScopeExecution[1837]
10:44:57,353 [main] DEBUG org.activiti.engine.impl.persistence.entity.ExecutionEntity  - initializing ScopeExecution[1837]
10:44:57,353 [main] DEBUG org.activiti.engine.impl.persistence.entity.JobEntity.selectJobsByExecutionId  - ==&gt;  Preparing: select * from ACT_RU_JOB J where J.EXECUTION_ID_ = ? 
10:44:57,353 [main] DEBUG org.activiti.engine.impl.persistence.entity.JobEntity.selectJobsByExecutionId  - ==&gt; Parameters: 1837(String)
10:44:57,353 [main] DEBUG org.activiti.engine.impl.persistence.entity.JobEntity.selectJobsByExecutionId  - &lt;==      Total: 0
10:44:57,353 [main] DEBUG org.activiti.engine.impl.history.DefaultHistoryManager  - Current history level: FULL, level required: ACTIVITY
10:44:57,353 [main] DEBUG org.activiti.engine.impl.pvm.runtime.AtomicOperationActivityExecute  - ScopeExecution[1837] executes Activity(firstLineSupport): org.activiti.engine.impl.bpmn.behavior.UserTaskActivityBehavior
10:44:57,354 [main] DEBUG org.activiti.engine.impl.persistence.entity.TaskEntity.selectTasksByExecutionId  - ==&gt;  Preparing: select distinct T.* from ACT_RU_TASK T where T.EXECUTION_ID_ = ? 
10:44:57,354 [main] DEBUG org.activiti.engine.impl.persistence.entity.TaskEntity.selectTasksByExecutionId  - ==&gt; Parameters: 1837(String)
10:44:57,354 [main] DEBUG org.activiti.engine.impl.persistence.entity.TaskEntity.selectTasksByExecutionId  - &lt;==      Total: 0
10:44:57,354 [main] DEBUG org.activiti.engine.impl.history.DefaultHistoryManager  - Current history level: FULL, level required: AUDIT
10:44:57,354 [main] DEBUG org.activiti.engine.impl.history.DefaultHistoryManager  - Current history level: FULL, level required: AUDIT
10:44:57,354 [main] DEBUG org.activiti.engine.impl.interceptor.LogInterceptor  - 

10:44:57,354 [main] DEBUG org.activiti.engine.impl.interceptor.LogInterceptor  - --- starting  --------------------------------------------------------
10:44:57,354 [main] DEBUG org.activiti.engine.impl.interceptor.CommandContextInterceptor  - Valid context found. Reusing it for the current command &apos;null&apos;
10:44:57,354 [main] DEBUG org.activiti.engine.impl.persistence.entity.ProcessDefinitionInfoEntity.selectProcessDefinitionInfoByProcessDefinitionId  - ==&gt;  Preparing: select * from ACT_PROCDEF_INFO where PROC_DEF_ID_ = ? 
10:44:57,354 [main] DEBUG org.activiti.engine.impl.persistence.entity.ProcessDefinitionInfoEntity.selectProcessDefinitionInfoByProcessDefinitionId  - ==&gt; Parameters: timerOnTask:1:1822(String)
10:44:57,354 [main] DEBUG org.activiti.engine.impl.persistence.entity.ProcessDefinitionInfoEntity.selectProcessDefinitionInfoByProcessDefinitionId  - &lt;==      Total: 0
10:44:57,354 [main] DEBUG org.activiti.engine.impl.interceptor.LogInterceptor  - ---  finished --------------------------------------------------------
10:44:57,354 [main] DEBUG org.activiti.engine.impl.interceptor.LogInterceptor  - 

10:44:57,354 [main] DEBUG org.activiti.engine.impl.history.DefaultHistoryManager  - Current history level: FULL, level required: AUDIT
10:44:57,354 [main] DEBUG org.activiti.engine.impl.history.DefaultHistoryManager  - Current history level: FULL, level required: AUDIT
10:44:57,354 [main] DEBUG org.activiti.engine.impl.history.DefaultHistoryManager  - Current history level: FULL, level required: ACTIVITY
10:44:57,354 [main] DEBUG org.activiti.engine.impl.db.DbSqlSession  -   insert ProcessInstance[1835]
10:44:57,354 [main] DEBUG org.activiti.engine.impl.db.DbSqlSession  -   insert ScopeExecution[1837]
10:44:57,354 [main] DEBUG org.activiti.engine.impl.db.DbSqlSession  -   insert HistoricProcessInstanceEntity[superProcessInstanceId=null]
10:44:57,354 [main] DEBUG org.activiti.engine.impl.db.DbSqlSession  -   insert Task[id=1840, name=First line support]
10:44:57,354 [main] DEBUG org.activiti.engine.impl.db.DbSqlSession  -   insert HistoricTaskInstanceEntity[id=1840, name=First line support]
10:44:57,354 [main] DEBUG org.activiti.engine.impl.db.DbSqlSession  -   insert HistoricActivityInstanceEntity[activityId=theStart, activityName=null]
10:44:57,354 [main] DEBUG org.activiti.engine.impl.db.DbSqlSession  -   insert HistoricActivityInstanceEntity[activityId=firstLineSupport, activityName=First line support]
10:44:57,354 [main] DEBUG org.activiti.engine.impl.db.DbSqlSession  -   insert JobEntity [id=1838]
10:44:57,354 [main] DEBUG org.activiti.engine.impl.db.DbSqlSession  - flush summary: 8 insert, 0 update, 0 delete.
10:44:57,354 [main] DEBUG org.activiti.engine.impl.db.DbSqlSession  - now executing flush...
10:44:57,354 [main] DEBUG org.activiti.engine.impl.db.DbSqlSession  - inserting: HistoricTaskInstanceEntity[id=1840, name=First line support]
10:44:57,354 [main] DEBUG org.activiti.engine.impl.persistence.entity.HistoricTaskInstanceEntity.insertHistoricTaskInstance  - ==&gt;  Preparing: insert into ACT_HI_TASKINST ( ID_, PROC_DEF_ID_, PROC_INST_ID_, EXECUTION_ID_, NAME_, PARENT_TASK_ID_, DESCRIPTION_, OWNER_, ASSIGNEE_, START_TIME_, CLAIM_TIME_, END_TIME_, DURATION_, DELETE_REASON_, TASK_DEF_KEY_, FORM_KEY_, PRIORITY_, DUE_DATE_, CATEGORY_, TENANT_ID_ ) values ( ?, ?, ?, ?, ?, ?, ?, ?, ?, ?, ?, ?, ?, ?, ?, ?, ?, ?, ?, ? ) 
10:44:57,354 [main] DEBUG org.activiti.engine.impl.persistence.entity.HistoricTaskInstanceEntity.insertHistoricTaskInstance  - ==&gt; Parameters: 1840(String), timerOnTask:1:1822(String), 1835(String), 1837(String), First line support(String), null, null, null, null, 2023-03-20 12:44:57.0(Timestamp), null, null, null, null, firstLineSupport(String), null, 50(Integer), null, null, (String)
10:44:57,354 [main] DEBUG org.activiti.engine.impl.persistence.entity.HistoricTaskInstanceEntity.insertHistoricTaskInstance  - &lt;==    Updates: 1
10:44:57,354 [main] DEBUG org.activiti.engine.impl.db.DbSqlSession  - inserting: HistoricProcessInstanceEntity[superProcessInstanceId=null]
10:44:57,354 [main] DEBUG org.activiti.engine.impl.persistence.entity.HistoricProcessInstanceEntity.insertHistoricProcessInstance  - ==&gt;  Preparing: insert into ACT_HI_PROCINST ( ID_, PROC_INST_ID_, BUSINESS_KEY_, PROC_DEF_ID_, START_TIME_, END_TIME_, DURATION_, START_USER_ID_, START_ACT_ID_, END_ACT_ID_, SUPER_PROCESS_INSTANCE_ID_, DELETE_REASON_, TENANT_ID_, NAME_ ) values ( ?, ?, ?, ?, ?, ?, ?, ?, ?, ?, ?, ?, ?, ? ) 
10:44:57,354 [main] DEBUG org.activiti.engine.impl.persistence.entity.HistoricProcessInstanceEntity.insertHistoricProcessInstance  - ==&gt; Parameters: 1835(String), 1835(String), null, timerOnTask:1:1822(String), 2023-03-20 12:44:57.0(Timestamp), null, null, null, theStart(String), null, null, null, (String), null
10:44:57,354 [main] DEBUG org.activiti.engine.impl.persistence.entity.HistoricProcessInstanceEntity.insertHistoricProcessInstance  - &lt;==    Updates: 1
10:44:57,354 [main] DEBUG org.activiti.engine.impl.persistence.entity.HistoricActivityInstanceEntity.bulkInsertHistoricActivityInstance  - ==&gt;  Preparing: insert into ACT_HI_ACTINST ( ID_, PROC_DEF_ID_, PROC_INST_ID_, EXECUTION_ID_, ACT_ID_, TASK_ID_, CALL_PROC_INST_ID_, ACT_NAME_, ACT_TYPE_, ASSIGNEE_, START_TIME_, END_TIME_, DURATION_, TENANT_ID_ ) values (?, ?, ?, ?, ?, ?, ?, ?, ?, ?, ?, ?, ?, ?) , (?, ?, ?, ?, ?, ?, ?, ?, ?, ?, ?, ?, ?, ?) 
10:44:57,354 [main] DEBUG org.activiti.engine.impl.persistence.entity.HistoricActivityInstanceEntity.bulkInsertHistoricActivityInstance  - ==&gt; Parameters: 1836(String), timerOnTask:1:1822(String), 1835(String), 1835(String), theStart(String), null, null, null, startEvent(String), null, 2023-03-20 12:44:57.0(Timestamp), 2023-03-20 12:44:57.0(Timestamp), 0(Long), (String), 1839(String), timerOnTask:1:1822(String), 1835(String), 1837(String), firstLineSupport(String), 1840(String), null, First line support(String), userTask(String), null, 2023-03-20 12:44:57.0(Timestamp), null, null, (String)
10:44:57,354 [main] DEBUG org.activiti.engine.impl.persistence.entity.HistoricActivityInstanceEntity.bulkInsertHistoricActivityInstance  - &lt;==    Updates: 2
10:44:57,354 [main] DEBUG org.activiti.engine.impl.persistence.entity.ExecutionEntity.bulkInsertExecution  - ==&gt;  Preparing: insert into ACT_RU_EXECUTION (ID_, REV_, PROC_INST_ID_, BUSINESS_KEY_, PROC_DEF_ID_, ACT_ID_, IS_ACTIVE_, IS_CONCURRENT_, IS_SCOPE_,IS_EVENT_SCOPE_, PARENT_ID_, SUPER_EXEC_, SUSPENSION_STATE_, CACHED_ENT_STATE_, TENANT_ID_, NAME_) values (?, 1, ?, ?, ?, ?, ?, ?, ?, ?, ?, ?, ?, ?, ?, ?) , (?, 1, ?, ?, ?, ?, ?, ?, ?, ?, ?, ?, ?, ?, ?, ?) 
10:44:57,354 [main] DEBUG org.activiti.engine.impl.persistence.entity.ExecutionEntity.bulkInsertExecution  - ==&gt; Parameters: 1835(String), 1835(String), null, timerOnTask:1:1822(String), null, false(Boolean), false(Boolean), true(Boolean), false(Boolean), null, null, 1(Integer), 2(Integer), (String), null, 1837(String), 1835(String), null, timerOnTask:1:1822(String), firstLineSupport(String), true(Boolean), false(Boolean), true(Boolean), false(Boolean), 1835(String), null, 1(Integer), 6(Integer), (String), null
10:44:57,355 [main] DEBUG org.activiti.engine.impl.persistence.entity.ExecutionEntity.bulkInsertExecution  - &lt;==    Updates: 2
10:44:57,355 [main] DEBUG org.activiti.engine.impl.db.DbSqlSession  - inserting: Task[id=1840, name=First line support]
10:44:57,355 [main] DEBUG org.activiti.engine.impl.persistence.entity.TaskEntity.insertTask  - ==&gt;  Preparing: insert into ACT_RU_TASK (ID_, REV_, NAME_, PARENT_TASK_ID_, DESCRIPTION_, PRIORITY_, CREATE_TIME_, OWNER_, ASSIGNEE_, DELEGATION_, EXECUTION_ID_, PROC_INST_ID_, PROC_DEF_ID_, TASK_DEF_KEY_, DUE_DATE_, CATEGORY_, SUSPENSION_STATE_, TENANT_ID_, FORM_KEY_) values (?, 1, ?, ?, ?, ?, ?, ?, ?, ?, ?, ?, ?, ?, ?, ?, ?, ?, ? ) 
10:44:57,355 [main] DEBUG org.activiti.engine.impl.persistence.entity.TaskEntity.insertTask  - ==&gt; Parameters: 1840(String), First line support(String), null, null, 50(Integer), 2023-03-20 12:44:57.0(Timestamp), null, null, null, 1837(String), 1835(String), timerOnTask:1:1822(String), firstLineSupport(String), null, null, 1(Integer), (String), null
10:44:57,355 [main] DEBUG org.activiti.engine.impl.persistence.entity.TaskEntity.insertTask  - &lt;==    Updates: 1
10:44:57,355 [main] DEBUG org.activiti.engine.impl.db.DbSqlSession  - inserting: JobEntity [id=1838]
10:44:57,355 [main] DEBUG org.activiti.engine.impl.persistence.entity.JobEntity.insertTimer  - ==&gt;  Preparing: insert into ACT_RU_JOB ( ID_, REV_, TYPE_, LOCK_OWNER_, LOCK_EXP_TIME_, EXCLUSIVE_, EXECUTION_ID_, PROCESS_INSTANCE_ID_, PROC_DEF_ID_, RETRIES_, EXCEPTION_STACK_ID_, EXCEPTION_MSG_, DUEDATE_, REPEAT_, HANDLER_TYPE_, HANDLER_CFG_, TENANT_ID_) values (?, 1, &apos;timer&apos;, ?, ?, ?, ?, ?, ?, ?, ?, ?, ?, ?, ?, ?, ? ) 
10:44:57,355 [main] DEBUG org.activiti.engine.impl.persistence.entity.JobEntity.insertTimer  - ==&gt; Parameters: 1838(String), null, null, true(Boolean), 1837(String), 1835(String), timerOnTask:1:1822(String), 3(Integer), null, null, 2023-03-20 13:44:57.0(Timestamp), null, timer-transition(String), {&quot;activityId&quot;:&quot;escalationTimer&quot;}(String), (String)
10:44:57,355 [main] DEBUG org.activiti.engine.impl.persistence.entity.JobEntity.insertTimer  - &lt;==    Updates: 1
10:44:57,355 [main] DEBUG org.activiti.engine.impl.cfg.standalone.StandaloneMybatisTransactionContext  - firing event committing...
10:44:57,355 [main] DEBUG org.activiti.engine.impl.cfg.standalone.StandaloneMybatisTransactionContext  - committing the ibatis sql session...
10:44:57,355 [main] DEBUG org.apache.ibatis.transaction.jdbc.JdbcTransaction  - Committing JDBC Connection [conn2: url=jdbc:h2:mem:activiti user=SA]
10:44:57,355 [main] DEBUG org.activiti.engine.impl.cfg.standalone.StandaloneMybatisTransactionContext  - firing event committed...
10:44:57,355 [main] DEBUG org.apache.ibatis.transaction.jdbc.JdbcTransaction  - Resetting autocommit to true on JDBC Connection [conn2: url=jdbc:h2:mem:activiti user=SA]
10:44:57,355 [main] DEBUG org.apache.ibatis.transaction.jdbc.JdbcTransaction  - Closing JDBC Connection [conn2: url=jdbc:h2:mem:activiti user=SA]
10:44:57,355 [main] DEBUG org.apache.ibatis.datasource.pooled.PooledDataSource  - Returned connection 363509958 to pool.
10:44:57,355 [main] DEBUG org.activiti.engine.impl.interceptor.LogInterceptor  - --- StartProcessInstanceCmd finished --------------------------------------------------------
10:44:57,355 [main] DEBUG org.activiti.engine.impl.interceptor.LogInterceptor  - 

10:44:57,355 [main] DEBUG org.activiti.engine.impl.interceptor.LogInterceptor  - 

10:44:57,355 [main] DEBUG org.activiti.engine.impl.interceptor.LogInterceptor  - --- starting  --------------------------------------------------------
10:44:57,355 [main] DEBUG org.activiti.engine.impl.db.DbSqlSession  -   insert JobEntity [id=1841]
10:44:57,355 [main] DEBUG org.activiti.engine.impl.db.DbSqlSession  - flush summary: 1 insert, 0 update, 0 delete.
10:44:57,355 [main] DEBUG org.activiti.engine.impl.db.DbSqlSession  - now executing flush...
10:44:57,355 [main] DEBUG org.activiti.engine.impl.db.DbSqlSession  - inserting: JobEntity [id=1841]
10:44:57,355 [main] DEBUG org.apache.ibatis.transaction.jdbc.JdbcTransaction  - Opening JDBC Connection
10:44:57,355 [main] DEBUG org.apache.ibatis.datasource.pooled.PooledDataSource  - Checked out connection 180014677 from pool.
10:44:57,355 [main] DEBUG org.apache.ibatis.transaction.jdbc.JdbcTransaction  - Setting autocommit to false on JDBC Connection [conn3: url=jdbc:h2:mem:activiti user=SA]
10:44:57,355 [main] DEBUG org.activiti.engine.impl.persistence.entity.JobEntity.insertMessage  - ==&gt;  Preparing: insert into ACT_RU_JOB ( ID_, REV_, TYPE_, LOCK_OWNER_, LOCK_EXP_TIME_, EXCLUSIVE_, EXECUTION_ID_, PROCESS_INSTANCE_ID_, PROC_DEF_ID_, DUEDATE_, RETRIES_, EXCEPTION_STACK_ID_, EXCEPTION_MSG_, HANDLER_TYPE_, HANDLER_CFG_, TENANT_ID_) values (?, 1, &apos;message&apos;, ?, ?, ?, ?, ?, ?, ?, ?, ?, ?, ?, ?, ? ) 
10:44:57,355 [main] DEBUG org.activiti.engine.impl.persistence.entity.JobEntity.insertMessage  - ==&gt; Parameters: 1841(String), null, null, true(Boolean), null, null, null, 2023-03-20 12:49:57.0(Timestamp), 3(Integer), null, null, null, null, (String)
10:44:57,355 [main] DEBUG org.activiti.engine.impl.persistence.entity.JobEntity.insertMessage  - &lt;==    Updates: 1
10:44:57,355 [main] DEBUG org.activiti.engine.impl.cfg.standalone.StandaloneMybatisTransactionContext  - firing event committing...
10:44:57,355 [main] DEBUG org.activiti.engine.impl.cfg.standalone.StandaloneMybatisTransactionContext  - committing the ibatis sql session...
10:44:57,355 [main] DEBUG org.apache.ibatis.transaction.jdbc.JdbcTransaction  - Committing JDBC Connection [conn3: url=jdbc:h2:mem:activiti user=SA]
10:44:57,355 [main] DEBUG org.activiti.engine.impl.cfg.standalone.StandaloneMybatisTransactionContext  - firing event committed...
10:44:57,355 [main] DEBUG org.activiti.engine.impl.jobexecutor.AsyncJobAddedNotification  - notifying job executor of new job
10:44:57,355 [main] DEBUG org.apache.ibatis.transaction.jdbc.JdbcTransaction  - Resetting autocommit to true on JDBC Connection [conn3: url=jdbc:h2:mem:activiti user=SA]
10:44:57,355 [main] DEBUG org.apache.ibatis.transaction.jdbc.JdbcTransaction  - Closing JDBC Connection [conn3: url=jdbc:h2:mem:activiti user=SA]
10:44:57,355 [main] DEBUG org.apache.ibatis.datasource.pooled.PooledDataSource  - Returned connection 180014677 to pool.
10:44:57,355 [main] DEBUG org.activiti.engine.impl.interceptor.LogInterceptor  - ---  finished --------------------------------------------------------
10:44:57,355 [main] DEBUG org.activiti.engine.impl.interceptor.LogInterceptor  - 

10:44:57,355 [main] DEBUG org.activiti.engine.impl.test.PvmTestCase  - 

10:44:57,355 [main] DEBUG org.activiti.engine.impl.test.PvmTestCase  - #### START JobQueryTest.testQueryByNoCriteria ###########################################################
10:44:57,355 [main] DEBUG org.activiti.engine.impl.interceptor.LogInterceptor  - 

10:44:57,355 [main] DEBUG org.activiti.engine.impl.interceptor.LogInterceptor  - --- starting JobQueryImpl --------------------------------------------------------
10:44:57,355 [main] DEBUG org.apache.ibatis.transaction.jdbc.JdbcTransaction  - Opening JDBC Connection
10:44:57,355 [main] DEBUG org.apache.ibatis.datasource.pooled.PooledDataSource  - Checked out connection 297240765 from pool.
10:44:57,355 [main] DEBUG org.apache.ibatis.transaction.jdbc.JdbcTransaction  - Setting autocommit to false on JDBC Connection [conn4: url=jdbc:h2:mem:activiti user=SA]
10:44:57,355 [main] DEBUG org.activiti.engine.impl.persistence.entity.JobEntity.selectJobByQueryCriteria  - ==&gt;  Preparing: select RES.* from ACT_RU_JOB RES order by order by RES.ID_ asc LIMIT ? OFFSET ? 
10:44:57,355 [main] DEBUG org.activiti.engine.impl.interceptor.CommandContext  - Error while closing command context
org.apache.ibatis.exceptions.PersistenceException: 
### Error querying database.  Cause: org.h2.jdbc.JdbcSQLException: Syntax error in SQL statement &quot;SELECT RES.* 
     
    FROM ACT_RU_JOB RES
     
      
   
     ORDER BY  ORDER[*] BY RES.ID_ ASC  
    LIMIT ? OFFSET ? &quot;; expected &quot;=, NOT, EXISTS, INTERSECTS, SELECT, FROM&quot;; SQL statement:
select RES.* 
     
    from ACT_RU_JOB RES
     
      
   
     order by  order by RES.ID_ asc  
    LIMIT ? OFFSET ? [42001-176]
### The error may exist in org/activiti/db/mapping/entity/Job.xml
### The error may involve org.activiti.engine.impl.persistence.entity.JobEntity.selectJobByQueryCriteria
### The error occurred while executing a query
### SQL: select RES.*            from ACT_RU_JOB RES                       order by  order by RES.ID_ asc       LIMIT ? OFFSET ?
### Cause: org.h2.jdbc.JdbcSQLException: Syntax error in SQL statement &quot;SELECT RES.* 
     
    FROM ACT_RU_JOB RES
     
      
   
     ORDER BY  ORDER[*] BY RES.ID_ ASC  
    LIMIT ? OFFSET ? &quot;; expected &quot;=, NOT, EXISTS, INTERSECTS, SELECT, FROM&quot;; SQL statement:
select RES.* 
     
    from ACT_RU_JOB RES
     
      
   
     order by  order by RES.ID_ asc  
    LIMIT ? OFFSET ? [42001-176]
	at org.apache.ibatis.exceptions.ExceptionFactory.wrapException(ExceptionFactory.java:30)
	at org.apache.ibatis.session.defaults.DefaultSqlSession.selectList(DefaultSqlSession.java:122)
	at org.apache.ibatis.session.defaults.DefaultSqlSession.selectList(DefaultSqlSession.java:113)
	at org.activiti.engine.impl.db.DbSqlSession.selectListWithRawParameter(DbSqlSession.java:438)
	at org.activiti.engine.impl.db.DbSqlSession.selectList(DbSqlSession.java:429)
	at org.activiti.engine.impl.db.DbSqlSession.selectList(DbSqlSession.java:419)
	at org.activiti.engine.impl.persistence.entity.JobEntityManager.findJobsByQueryCriteria(JobEntityManager.java:198)
	at org.activiti.engine.impl.JobQueryImpl.executeList(JobQueryImpl.java:243)
	at org.activiti.engine.impl.AbstractQuery.execute(AbstractQuery.java:164)
	at org.activiti.engine.impl.interceptor.CommandInvoker.execute(CommandInvoker.java:24)
	at org.activiti.engine.impl.interceptor.CommandContextInterceptor.execute(CommandContextInterceptor.java:57)
	at org.activiti.engine.impl.interceptor.LogInterceptor.execute(LogInterceptor.java:37)
	at org.activiti.engine.impl.cfg.CommandExecutorImpl.execute(CommandExecutorImpl.java:40)
	at org.activiti.engine.impl.cfg.CommandExecutorImpl.execute(CommandExecutorImpl.java:35)
	at org.activiti.engine.impl.AbstractQuery.list(AbstractQuery.java:138)
	at org.activiti.engine.test.api.mgmt.JobQueryTest.verifyQueryResults(JobQueryTest.java:400)
	at org.activiti.engine.test.api.mgmt.JobQueryTest.testQueryByNoCriteria(JobQueryTest.java:123)
	at sun.reflect.NativeMethodAccessorImpl.invoke0(Native Method)
	at sun.reflect.NativeMethodAccessorImpl.invoke(NativeMethodAccessorImpl.java:62)
	at sun.reflect.DelegatingMethodAccessorImpl.invoke(DelegatingMethodAccessorImpl.java:43)
	at java.lang.reflect.Method.invoke(Method.java:498)
	at junit.framework.TestCase.runTest(TestCase.java:176)
	at org.activiti.engine.impl.test.PvmTestCase.runTest(PvmTestCase.java:65)
	at junit.framework.TestCase.runBare(TestCase.java:141)
	at org.activiti.engine.impl.test.AbstractActivitiTestCase.runBare(AbstractActivitiTestCase.java:100)
	at junit.framework.TestResult$1.protect(TestResult.java:122)
	at junit.framework.TestResult.runProtected(TestResult.java:142)
	at junit.framework.TestResult.run(TestResult.java:125)
	at junit.framework.TestCase.run(TestCase.java:129)
	at junit.framework.TestSuite.runTest(TestSuite.java:255)
	at junit.framework.TestSuite.run(TestSuite.java:250)
	at org.junit.internal.runners.JUnit38ClassRunner.run(JUnit38ClassRunner.java:84)
	at org.apache.maven.surefire.junit4.JUnit4TestSet.execute(JUnit4TestSet.java:35)
	at org.apache.maven.surefire.junit4.JUnit4Provider.executeTestSet(JUnit4Provider.java:146)
	at org.apache.maven.surefire.junit4.JUnit4Provider.invoke(JUnit4Provider.java:97)
	at sun.reflect.NativeMethodAccessorImpl.invoke0(Native Method)
	at sun.reflect.NativeMethodAccessorImpl.invoke(NativeMethodAccessorImpl.java:62)
	at sun.reflect.DelegatingMethodAccessorImpl.invoke(DelegatingMethodAccessorImpl.java:43)
	at java.lang.reflect.Method.invoke(Method.java:498)
	at org.apache.maven.surefire.booter.ProviderFactory$ClassLoaderProxy.invoke(ProviderFactory.java:103)
	at com.sun.proxy.$Proxy0.invoke(Unknown Source)
	at org.apache.maven.surefire.booter.SurefireStarter.invokeProvider(SurefireStarter.java:145)
	at org.apache.maven.surefire.booter.SurefireStarter.runSuitesInProcess(SurefireStarter.java:87)
	at org.apache.maven.surefire.booter.ForkedBooter.main(ForkedBooter.java:69)
Caused by: org.h2.jdbc.JdbcSQLException: Syntax error in SQL statement &quot;SELECT RES.* 
     
    FROM ACT_RU_JOB RES
     
      
   
     ORDER BY  ORDER[*] BY RES.ID_ ASC  
    LIMIT ? OFFSET ? &quot;; expected &quot;=, NOT, EXISTS, INTERSECTS, SELECT, FROM&quot;; SQL statement:
select RES.* 
     
    from ACT_RU_JOB RES
     
      
   
     order by  order by RES.ID_ asc  
    LIMIT ? OFFSET ? [42001-176]
	at org.h2.message.DbException.getJdbcSQLException(DbException.java:344)
	at org.h2.message.DbException.getSyntaxError(DbException.java:204)
	at org.h2.command.Parser.getSyntaxError(Parser.java:524)
	at org.h2.command.Parser.readTerm(Parser.java:2688)
	at org.h2.command.Parser.readFactor(Parser.java:2244)
	at org.h2.command.Parser.readSum(Parser.java:2231)
	at org.h2.command.Parser.readConcat(Parser.java:2201)
	at org.h2.command.Parser.readCondition(Parser.java:2051)
	at org.h2.command.Parser.readAnd(Parser.java:2023)
	at org.h2.command.Parser.readExpression(Parser.java:2015)
	at org.h2.command.Parser.parseEndOfQuery(Parser.java:1726)
	at org.h2.command.Parser.parseSelectUnionExtension(Parser.java:1706)
	at org.h2.command.Parser.parseSelectUnion(Parser.java:1675)
	at org.h2.command.Parser.parseSelect(Parser.java:1662)
	at org.h2.command.Parser.parsePrepared(Parser.java:434)
	at org.h2.command.Parser.parse(Parser.java:306)
	at org.h2.command.Parser.parse(Parser.java:282)
	at org.h2.command.Parser.prepareCommand(Parser.java:243)
	at org.h2.engine.Session.prepareLocal(Session.java:442)
	at org.h2.engine.Session.prepareCommand(Session.java:384)
	at org.h2.jdbc.JdbcConnection.prepareCommand(JdbcConnection.java:1188)
	at org.h2.jdbc.JdbcPreparedStatement.&lt;init&gt;(JdbcPreparedStatement.java:73)
	at org.h2.jdbc.JdbcConnection.prepareStatement(JdbcConnection.java:276)
	at sun.reflect.GeneratedMethodAccessor6.invoke(Unknown Source)
	at sun.reflect.DelegatingMethodAccessorImpl.invoke(DelegatingMethodAccessorImpl.java:43)
	at java.lang.reflect.Method.invoke(Method.java:498)
	at org.apache.ibatis.datasource.pooled.PooledConnection.invoke(PooledConnection.java:245)
	at com.sun.proxy.$Proxy12.prepareStatement(Unknown Source)
	at sun.reflect.GeneratedMethodAccessor6.invoke(Unknown Source)
	at sun.reflect.DelegatingMethodAccessorImpl.invoke(DelegatingMethodAccessorImpl.java:43)
	at java.lang.reflect.Method.invoke(Method.java:498)
	at org.apache.ibatis.logging.jdbc.ConnectionLogger.invoke(ConnectionLogger.java:55)
	at com.sun.proxy.$Proxy12.prepareStatement(Unknown Source)
	at org.apache.ibatis.executor.statement.PreparedStatementHandler.instantiateStatement(PreparedStatementHandler.java:79)
	at org.apache.ibatis.executor.statement.BaseStatementHandler.prepare(BaseStatementHandler.java:88)
	at org.apache.ibatis.executor.statement.RoutingStatementHandler.prepare(RoutingStatementHandler.java:58)
	at org.apache.ibatis.executor.SimpleExecutor.prepareStatement(SimpleExecutor.java:76)
	at org.apache.ibatis.executor.SimpleExecutor.doQuery(SimpleExecutor.java:61)
	at org.apache.ibatis.executor.BaseExecutor.queryFromDatabase(BaseExecutor.java:303)
	at org.apache.ibatis.executor.BaseExecutor.query(BaseExecutor.java:154)
	at org.apache.ibatis.executor.CachingExecutor.query(CachingExecutor.java:102)
	at org.apache.ibatis.executor.CachingExecutor.query(CachingExecutor.java:82)
	at org.apache.ibatis.session.defaults.DefaultSqlSession.selectList(DefaultSqlSession.java:120)
	... 42 more
10:44:57,356 [main] DEBUG org.activiti.engine.impl.cfg.standalone.StandaloneMybatisTransactionContext  - firing event rolling back...
10:44:57,356 [main] DEBUG org.activiti.engine.impl.cfg.standalone.StandaloneMybatisTransactionContext  - rolling back ibatis sql session...
10:44:57,356 [main] DEBUG org.activiti.engine.impl.cfg.standalone.StandaloneMybatisTransactionContext  - firing event rolled back...
10:44:57,356 [main] DEBUG org.apache.ibatis.transaction.jdbc.JdbcTransaction  - Resetting autocommit to true on JDBC Connection [conn4: url=jdbc:h2:mem:activiti user=SA]
10:44:57,356 [main] DEBUG org.apache.ibatis.transaction.jdbc.JdbcTransaction  - Closing JDBC Connection [conn4: url=jdbc:h2:mem:activiti user=SA]
10:44:57,356 [main] DEBUG org.apache.ibatis.datasource.pooled.PooledDataSource  - Returned connection 297240765 to pool.
10:44:57,356 [main] DEBUG org.activiti.engine.impl.interceptor.LogInterceptor  - --- JobQueryImpl finished --------------------------------------------------------
10:44:57,356 [main] DEBUG org.activiti.engine.impl.interceptor.LogInterceptor  - 

10:44:57,356 [main] ERROR org.activiti.engine.impl.test.PvmTestCase  - 

10:44:57,356 [main] ERROR org.activiti.engine.impl.test.PvmTestCase  - EXCEPTION: org.apache.ibatis.exceptions.PersistenceException: 
### Error querying database.  Cause: org.h2.jdbc.JdbcSQLException: Syntax error in SQL statement &quot;SELECT RES.* 
     
    FROM ACT_RU_JOB RES
     
      
   
     ORDER BY  ORDER[*] BY RES.ID_ ASC  
    LIMIT ? OFFSET ? &quot;; expected &quot;=, NOT, EXISTS, INTERSECTS, SELECT, FROM&quot;; SQL statement:
select RES.* 
     
    from ACT_RU_JOB RES
     
      
   
     order by  order by RES.ID_ asc  
    LIMIT ? OFFSET ? [42001-176]
### The error may exist in org/activiti/db/mapping/entity/Job.xml
### The error may involve org.activiti.engine.impl.persistence.entity.JobEntity.selectJobByQueryCriteria
### The error occurred while executing a query
### SQL: select RES.*            from ACT_RU_JOB RES                       order by  order by RES.ID_ asc       LIMIT ? OFFSET ?
### Cause: org.h2.jdbc.JdbcSQLException: Syntax error in SQL statement &quot;SELECT RES.* 
     
    FROM ACT_RU_JOB RES
     
      
   
     ORDER BY  ORDER[*] BY RES.ID_ ASC  
    LIMIT ? OFFSET ? &quot;; expected &quot;=, NOT, EXISTS, INTERSECTS, SELECT, FROM&quot;; SQL statement:
select RES.* 
     
    from ACT_RU_JOB RES
     
      
   
     order by  order by RES.ID_ asc  
    LIMIT ? OFFSET ? [42001-176]
org.apache.ibatis.exceptions.PersistenceException: 
### Error querying database.  Cause: org.h2.jdbc.JdbcSQLException: Syntax error in SQL statement &quot;SELECT RES.* 
     
    FROM ACT_RU_JOB RES
     
      
   
     ORDER BY  ORDER[*] BY RES.ID_ ASC  
    LIMIT ? OFFSET ? &quot;; expected &quot;=, NOT, EXISTS, INTERSECTS, SELECT, FROM&quot;; SQL statement:
select RES.* 
     
    from ACT_RU_JOB RES
     
      
   
     order by  order by RES.ID_ asc  
    LIMIT ? OFFSET ? [42001-176]
### The error may exist in org/activiti/db/mapping/entity/Job.xml
### The error may involve org.activiti.engine.impl.persistence.entity.JobEntity.selectJobByQueryCriteria
### The error occurred while executing a query
### SQL: select RES.*            from ACT_RU_JOB RES                       order by  order by RES.ID_ asc       LIMIT ? OFFSET ?
### Cause: org.h2.jdbc.JdbcSQLException: Syntax error in SQL statement &quot;SELECT RES.* 
     
    FROM ACT_RU_JOB RES
     
      
   
     ORDER BY  ORDER[*] BY RES.ID_ ASC  
    LIMIT ? OFFSET ? &quot;; expected &quot;=, NOT, EXISTS, INTERSECTS, SELECT, FROM&quot;; SQL statement:
select RES.* 
     
    from ACT_RU_JOB RES
     
      
   
     order by  order by RES.ID_ asc  
    LIMIT ? OFFSET ? [42001-176]
	at org.apache.ibatis.exceptions.ExceptionFactory.wrapException(ExceptionFactory.java:30)
	at org.apache.ibatis.session.defaults.DefaultSqlSession.selectList(DefaultSqlSession.java:122)
	at org.apache.ibatis.session.defaults.DefaultSqlSession.selectList(DefaultSqlSession.java:113)
	at org.activiti.engine.impl.db.DbSqlSession.selectListWithRawParameter(DbSqlSession.java:438)
	at org.activiti.engine.impl.db.DbSqlSession.selectList(DbSqlSession.java:429)
	at org.activiti.engine.impl.db.DbSqlSession.selectList(DbSqlSession.java:419)
	at org.activiti.engine.impl.persistence.entity.JobEntityManager.findJobsByQueryCriteria(JobEntityManager.java:198)
	at org.activiti.engine.impl.JobQueryImpl.executeList(JobQueryImpl.java:243)
	at org.activiti.engine.impl.AbstractQuery.execute(AbstractQuery.java:164)
	at org.activiti.engine.impl.interceptor.CommandInvoker.execute(CommandInvoker.java:24)
	at org.activiti.engine.impl.interceptor.CommandContextInterceptor.execute(CommandContextInterceptor.java:57)
	at org.activiti.engine.impl.interceptor.LogInterceptor.execute(LogInterceptor.java:37)
	at org.activiti.engine.impl.cfg.CommandExecutorImpl.execute(CommandExecutorImpl.java:40)
	at org.activiti.engine.impl.cfg.CommandExecutorImpl.execute(CommandExecutorImpl.java:35)
	at org.activiti.engine.impl.AbstractQuery.list(AbstractQuery.java:138)
	at org.activiti.engine.test.api.mgmt.JobQueryTest.verifyQueryResults(JobQueryTest.java:400)
	at org.activiti.engine.test.api.mgmt.JobQueryTest.testQueryByNoCriteria(JobQueryTest.java:123)
	at sun.reflect.NativeMethodAccessorImpl.invoke0(Native Method)
	at sun.reflect.NativeMethodAccessorImpl.invoke(NativeMethodAccessorImpl.java:62)
	at sun.reflect.DelegatingMethodAccessorImpl.invoke(DelegatingMethodAccessorImpl.java:43)
	at java.lang.reflect.Method.invoke(Method.java:498)
	at junit.framework.TestCase.runTest(TestCase.java:176)
	at org.activiti.engine.impl.test.PvmTestCase.runTest(PvmTestCase.java:65)
	at junit.framework.TestCase.runBare(TestCase.java:141)
	at org.activiti.engine.impl.test.AbstractActivitiTestCase.runBare(AbstractActivitiTestCase.java:100)
	at junit.framework.TestResult$1.protect(TestResult.java:122)
	at junit.framework.TestResult.runProtected(TestResult.java:142)
	at junit.framework.TestResult.run(TestResult.java:125)
	at junit.framework.TestCase.run(TestCase.java:129)
	at junit.framework.TestSuite.runTest(TestSuite.java:255)
	at junit.framework.TestSuite.run(TestSuite.java:250)
	at org.junit.internal.runners.JUnit38ClassRunner.run(JUnit38ClassRunner.java:84)
	at org.apache.maven.surefire.junit4.JUnit4TestSet.execute(JUnit4TestSet.java:35)
	at org.apache.maven.surefire.junit4.JUnit4Provider.executeTestSet(JUnit4Provider.java:146)
	at org.apache.maven.surefire.junit4.JUnit4Provider.invoke(JUnit4Provider.java:97)
	at sun.reflect.NativeMethodAccessorImpl.invoke0(Native Method)
	at sun.reflect.NativeMethodAccessorImpl.invoke(NativeMethodAccessorImpl.java:62)
	at sun.reflect.DelegatingMethodAccessorImpl.invoke(DelegatingMethodAccessorImpl.java:43)
	at java.lang.reflect.Method.invoke(Method.java:498)
	at org.apache.maven.surefire.booter.ProviderFactory$ClassLoaderProxy.invoke(ProviderFactory.java:103)
	at com.sun.proxy.$Proxy0.invoke(Unknown Source)
	at org.apache.maven.surefire.booter.SurefireStarter.invokeProvider(SurefireStarter.java:145)
	at org.apache.maven.surefire.booter.SurefireStarter.runSuitesInProcess(SurefireStarter.java:87)
	at org.apache.maven.surefire.booter.ForkedBooter.main(ForkedBooter.java:69)
Caused by: org.h2.jdbc.JdbcSQLException: Syntax error in SQL statement &quot;SELECT RES.* 
     
    FROM ACT_RU_JOB RES
     
      
   
     ORDER BY  ORDER[*] BY RES.ID_ ASC  
    LIMIT ? OFFSET ? &quot;; expected &quot;=, NOT, EXISTS, INTERSECTS, SELECT, FROM&quot;; SQL statement:
select RES.* 
     
    from ACT_RU_JOB RES
     
      
   
     order by  order by RES.ID_ asc  
    LIMIT ? OFFSET ? [42001-176]
	at org.h2.message.DbException.getJdbcSQLException(DbException.java:344)
	at org.h2.message.DbException.getSyntaxError(DbException.java:204)
	at org.h2.command.Parser.getSyntaxError(Parser.java:524)
	at org.h2.command.Parser.readTerm(Parser.java:2688)
	at org.h2.command.Parser.readFactor(Parser.java:2244)
	at org.h2.command.Parser.readSum(Parser.java:2231)
	at org.h2.command.Parser.readConcat(Parser.java:2201)
	at org.h2.command.Parser.readCondition(Parser.java:2051)
	at org.h2.command.Parser.readAnd(Parser.java:2023)
	at org.h2.command.Parser.readExpression(Parser.java:2015)
	at org.h2.command.Parser.parseEndOfQuery(Parser.java:1726)
	at org.h2.command.Parser.parseSelectUnionExtension(Parser.java:1706)
	at org.h2.command.Parser.parseSelectUnion(Parser.java:1675)
	at org.h2.command.Parser.parseSelect(Parser.java:1662)
	at org.h2.command.Parser.parsePrepared(Parser.java:434)
	at org.h2.command.Parser.parse(Parser.java:306)
	at org.h2.command.Parser.parse(Parser.java:282)
	at org.h2.command.Parser.prepareCommand(Parser.java:243)
	at org.h2.engine.Session.prepareLocal(Session.java:442)
	at org.h2.engine.Session.prepareCommand(Session.java:384)
	at org.h2.jdbc.JdbcConnection.prepareCommand(JdbcConnection.java:1188)
	at org.h2.jdbc.JdbcPreparedStatement.&lt;init&gt;(JdbcPreparedStatement.java:73)
	at org.h2.jdbc.JdbcConnection.prepareStatement(JdbcConnection.java:276)
	at sun.reflect.GeneratedMethodAccessor6.invoke(Unknown Source)
	at sun.reflect.DelegatingMethodAccessorImpl.invoke(DelegatingMethodAccessorImpl.java:43)
	at java.lang.reflect.Method.invoke(Method.java:498)
	at org.apache.ibatis.datasource.pooled.PooledConnection.invoke(PooledConnection.java:245)
	at com.sun.proxy.$Proxy12.prepareStatement(Unknown Source)
	at sun.reflect.GeneratedMethodAccessor6.invoke(Unknown Source)
	at sun.reflect.DelegatingMethodAccessorImpl.invoke(DelegatingMethodAccessorImpl.java:43)
	at java.lang.reflect.Method.invoke(Method.java:498)
	at org.apache.ibatis.logging.jdbc.ConnectionLogger.invoke(ConnectionLogger.java:55)
	at com.sun.proxy.$Proxy12.prepareStatement(Unknown Source)
	at org.apache.ibatis.executor.statement.PreparedStatementHandler.instantiateStatement(PreparedStatementHandler.java:79)
	at org.apache.ibatis.executor.statement.BaseStatementHandler.prepare(BaseStatementHandler.java:88)
	at org.apache.ibatis.executor.statement.RoutingStatementHandler.prepare(RoutingStatementHandler.java:58)
	at org.apache.ibatis.executor.SimpleExecutor.prepareStatement(SimpleExecutor.java:76)
	at org.apache.ibatis.executor.SimpleExecutor.doQuery(SimpleExecutor.java:61)
	at org.apache.ibatis.executor.BaseExecutor.queryFromDatabase(BaseExecutor.java:303)
	at org.apache.ibatis.executor.BaseExecutor.query(BaseExecutor.java:154)
	at org.apache.ibatis.executor.CachingExecutor.query(CachingExecutor.java:102)
	at org.apache.ibatis.executor.CachingExecutor.query(CachingExecutor.java:82)
	at org.apache.ibatis.session.defaults.DefaultSqlSession.selectList(DefaultSqlSession.java:120)
	... 42 more
10:44:57,356 [main] DEBUG org.activiti.engine.impl.test.PvmTestCase  - #### END JobQueryTest.testQueryByNoCriteria #############################################################
10:44:57,356 [main] DEBUG org.activiti.engine.impl.interceptor.LogInterceptor  - 

10:44:57,356 [main] DEBUG org.activiti.engine.impl.interceptor.LogInterceptor  - --- starting DeleteDeploymentCmd --------------------------------------------------------
10:44:57,356 [main] DEBUG org.apache.ibatis.transaction.jdbc.JdbcTransaction  - Opening JDBC Connection
10:44:57,356 [main] DEBUG org.apache.ibatis.datasource.pooled.PooledDataSource  - Checked out connection 363509958 from pool.
10:44:57,356 [main] DEBUG org.apache.ibatis.transaction.jdbc.JdbcTransaction  - Setting autocommit to false on JDBC Connection [conn2: url=jdbc:h2:mem:activiti user=SA]
10:44:57,356 [main] DEBUG org.activiti.engine.impl.persistence.entity.DeploymentEntity.selectDeploymentById  - ==&gt;  Preparing: select * from ACT_RE_DEPLOYMENT where ID_ = ? 
10:44:57,356 [main] DEBUG org.activiti.engine.impl.persistence.entity.DeploymentEntity.selectDeploymentById  - ==&gt; Parameters: 1820(String)
10:44:57,356 [main] DEBUG org.activiti.engine.impl.persistence.entity.DeploymentEntity.selectDeploymentById  - &lt;==      Total: 1
10:44:57,356 [main] DEBUG org.activiti.engine.impl.persistence.entity.ProcessDefinitionEntity.selectProcessDefinitionsByQueryCriteria  - ==&gt;  Preparing: select RES.* from ACT_RE_PROCDEF RES WHERE RES.DEPLOYMENT_ID_ = ? order by order by RES.ID_ asc LIMIT ? OFFSET ? 
10:44:57,356 [main] DEBUG org.activiti.engine.impl.interceptor.CommandContext  - Error while closing command context
org.apache.ibatis.exceptions.PersistenceException: 
### Error querying database.  Cause: org.h2.jdbc.JdbcSQLException: Syntax error in SQL statement &quot;SELECT RES.* 
       
    FROM ACT_RE_PROCDEF RES
     
     WHERE  RES.DEPLOYMENT_ID_ = ? 
   
     ORDER BY  ORDER[*] BY RES.ID_ ASC  
    LIMIT ? OFFSET ? &quot;; expected &quot;=, NOT, EXISTS, INTERSECTS, SELECT, FROM&quot;; SQL statement:
select RES.* 
       
    from ACT_RE_PROCDEF RES
     
     WHERE  RES.DEPLOYMENT_ID_ = ? 
   
     order by  order by RES.ID_ asc  
    LIMIT ? OFFSET ? [42001-176]
### The error may exist in org/activiti/db/mapping/entity/ProcessDefinition.xml
### The error may involve org.activiti.engine.impl.persistence.entity.ProcessDefinitionEntity.selectProcessDefinitionsByQueryCriteria
### The error occurred while executing a query
### SQL: select RES.*              from ACT_RE_PROCDEF RES            WHERE  RES.DEPLOYMENT_ID_ = ?           order by  order by RES.ID_ asc       LIMIT ? OFFSET ?
### Cause: org.h2.jdbc.JdbcSQLException: Syntax error in SQL statement &quot;SELECT RES.* 
       
    FROM ACT_RE_PROCDEF RES
     
     WHERE  RES.DEPLOYMENT_ID_ = ? 
   
     ORDER BY  ORDER[*] BY RES.ID_ ASC  
    LIMIT ? OFFSET ? &quot;; expected &quot;=, NOT, EXISTS, INTERSECTS, SELECT, FROM&quot;; SQL statement:
select RES.* 
       
    from ACT_RE_PROCDEF RES
     
     WHERE  RES.DEPLOYMENT_ID_ = ? 
   
     order by  order by RES.ID_ asc  
    LIMIT ? OFFSET ? [42001-176]
	at org.apache.ibatis.exceptions.ExceptionFactory.wrapException(ExceptionFactory.java:30)
	at org.apache.ibatis.session.defaults.DefaultSqlSession.selectList(DefaultSqlSession.java:122)
	at org.apache.ibatis.session.defaults.DefaultSqlSession.selectList(DefaultSqlSession.java:113)
	at org.activiti.engine.impl.db.DbSqlSession.selectListWithRawParameter(DbSqlSession.java:438)
	at org.activiti.engine.impl.db.DbSqlSession.selectList(DbSqlSession.java:429)
	at org.activiti.engine.impl.db.DbSqlSession.selectList(DbSqlSession.java:419)
	at org.activiti.engine.impl.persistence.entity.ProcessDefinitionEntityManager.findProcessDefinitionsByQueryCriteria(ProcessDefinitionEntityManager.java:57)
	at org.activiti.engine.impl.ProcessDefinitionQueryImpl.executeList(ProcessDefinitionQueryImpl.java:307)
	at org.activiti.engine.impl.AbstractQuery.list(AbstractQuery.java:140)
	at org.activiti.engine.impl.persistence.deploy.DeploymentManager.removeDeployment(DeploymentManager.java:187)
	at org.activiti.engine.impl.cmd.DeleteDeploymentCmd.execute(DeleteDeploymentCmd.java:44)
	at org.activiti.engine.impl.cmd.DeleteDeploymentCmd.execute(DeleteDeploymentCmd.java:24)
	at org.activiti.engine.impl.interceptor.CommandInvoker.execute(CommandInvoker.java:24)
	at org.activiti.engine.impl.interceptor.CommandContextInterceptor.execute(CommandContextInterceptor.java:57)
	at org.activiti.engine.impl.interceptor.LogInterceptor.execute(LogInterceptor.java:37)
	at org.activiti.engine.impl.cfg.CommandExecutorImpl.execute(CommandExecutorImpl.java:40)
	at org.activiti.engine.impl.cfg.CommandExecutorImpl.execute(CommandExecutorImpl.java:35)
	at org.activiti.engine.impl.RepositoryServiceImpl.deleteDeployment(RepositoryServiceImpl.java:90)
	at org.activiti.engine.test.api.mgmt.JobQueryTest.tearDown(JobQueryTest.java:116)
	at junit.framework.TestCase.runBare(TestCase.java:146)
	at org.activiti.engine.impl.test.AbstractActivitiTestCase.runBare(AbstractActivitiTestCase.java:100)
	at junit.framework.TestResult$1.protect(TestResult.java:122)
	at junit.framework.TestResult.runProtected(TestResult.java:142)
	at junit.framework.TestResult.run(TestResult.java:125)
	at junit.framework.TestCase.run(TestCase.java:129)
	at junit.framework.TestSuite.runTest(TestSuite.java:255)
	at junit.framework.TestSuite.run(TestSuite.java:250)
	at org.junit.internal.runners.JUnit38ClassRunner.run(JUnit38ClassRunner.java:84)
	at org.apache.maven.surefire.junit4.JUnit4TestSet.execute(JUnit4TestSet.java:35)
	at org.apache.maven.surefire.junit4.JUnit4Provider.executeTestSet(JUnit4Provider.java:146)
	at org.apache.maven.surefire.junit4.JUnit4Provider.invoke(JUnit4Provider.java:97)
	at sun.reflect.NativeMethodAccessorImpl.invoke0(Native Method)
	at sun.reflect.NativeMethodAccessorImpl.invoke(NativeMethodAccessorImpl.java:62)
	at sun.reflect.DelegatingMethodAccessorImpl.invoke(DelegatingMethodAccessorImpl.java:43)
	at java.lang.reflect.Method.invoke(Method.java:498)
	at org.apache.maven.surefire.booter.ProviderFactory$ClassLoaderProxy.invoke(ProviderFactory.java:103)
	at com.sun.proxy.$Proxy0.invoke(Unknown Source)
	at org.apache.maven.surefire.booter.SurefireStarter.invokeProvider(SurefireStarter.java:145)
	at org.apache.maven.surefire.booter.SurefireStarter.runSuitesInProcess(SurefireStarter.java:87)
	at org.apache.maven.surefire.booter.ForkedBooter.main(ForkedBooter.java:69)
Caused by: org.h2.jdbc.JdbcSQLException: Syntax error in SQL statement &quot;SELECT RES.* 
       
    FROM ACT_RE_PROCDEF RES
     
     WHERE  RES.DEPLOYMENT_ID_ = ? 
   
     ORDER BY  ORDER[*] BY RES.ID_ ASC  
    LIMIT ? OFFSET ? &quot;; expected &quot;=, NOT, EXISTS, INTERSECTS, SELECT, FROM&quot;; SQL statement:
select RES.* 
       
    from ACT_RE_PROCDEF RES
     
     WHERE  RES.DEPLOYMENT_ID_ = ? 
   
     order by  order by RES.ID_ asc  
    LIMIT ? OFFSET ? [42001-176]
	at org.h2.message.DbException.getJdbcSQLException(DbException.java:344)
	at org.h2.message.DbException.getSyntaxError(DbException.java:204)
	at org.h2.command.Parser.getSyntaxError(Parser.java:524)
	at org.h2.command.Parser.readTerm(Parser.java:2688)
	at org.h2.command.Parser.readFactor(Parser.java:2244)
	at org.h2.command.Parser.readSum(Parser.java:2231)
	at org.h2.command.Parser.readConcat(Parser.java:2201)
	at org.h2.command.Parser.readCondition(Parser.java:2051)
	at org.h2.command.Parser.readAnd(Parser.java:2023)
	at org.h2.command.Parser.readExpression(Parser.java:2015)
	at org.h2.command.Parser.parseEndOfQuery(Parser.java:1726)
	at org.h2.command.Parser.parseSelectUnionExtension(Parser.java:1706)
	at org.h2.command.Parser.parseSelectUnion(Parser.java:1675)
	at org.h2.command.Parser.parseSelect(Parser.java:1662)
	at org.h2.command.Parser.parsePrepared(Parser.java:434)
	at org.h2.command.Parser.parse(Parser.java:306)
	at org.h2.command.Parser.parse(Parser.java:282)
	at org.h2.command.Parser.prepareCommand(Parser.java:243)
	at org.h2.engine.Session.prepareLocal(Session.java:442)
	at org.h2.engine.Session.prepareCommand(Session.java:384)
	at org.h2.jdbc.JdbcConnection.prepareCommand(JdbcConnection.java:1188)
	at org.h2.jdbc.JdbcPreparedStatement.&lt;init&gt;(JdbcPreparedStatement.java:73)
	at org.h2.jdbc.JdbcConnection.prepareStatement(JdbcConnection.java:276)
	at sun.reflect.GeneratedMethodAccessor6.invoke(Unknown Source)
	at sun.reflect.DelegatingMethodAccessorImpl.invoke(DelegatingMethodAccessorImpl.java:43)
	at java.lang.reflect.Method.invoke(Method.java:498)
	at org.apache.ibatis.datasource.pooled.PooledConnection.invoke(PooledConnection.java:245)
	at com.sun.proxy.$Proxy12.prepareStatement(Unknown Source)
	at sun.reflect.GeneratedMethodAccessor6.invoke(Unknown Source)
	at sun.reflect.DelegatingMethodAccessorImpl.invoke(DelegatingMethodAccessorImpl.java:43)
	at java.lang.reflect.Method.invoke(Method.java:498)
	at org.apache.ibatis.logging.jdbc.ConnectionLogger.invoke(ConnectionLogger.java:55)
	at com.sun.proxy.$Proxy12.prepareStatement(Unknown Source)
	at org.apache.ibatis.executor.statement.PreparedStatementHandler.instantiateStatement(PreparedStatementHandler.java:79)
	at org.apache.ibatis.executor.statement.BaseStatementHandler.prepare(BaseStatementHandler.java:88)
	at org.apache.ibatis.executor.statement.RoutingStatementHandler.prepare(RoutingStatementHandler.java:58)
	at org.apache.ibatis.executor.SimpleExecutor.prepareStatement(SimpleExecutor.java:76)
	at org.apache.ibatis.executor.SimpleExecutor.doQuery(SimpleExecutor.java:61)
	at org.apache.ibatis.executor.BaseExecutor.queryFromDatabase(BaseExecutor.java:303)
	at org.apache.ibatis.executor.BaseExecutor.query(BaseExecutor.java:154)
	at org.apache.ibatis.executor.CachingExecutor.query(CachingExecutor.java:102)
	at org.apache.ibatis.executor.CachingExecutor.query(CachingExecutor.java:82)
	at org.apache.ibatis.session.defaults.DefaultSqlSession.selectList(DefaultSqlSession.java:120)
	... 38 more
10:44:57,357 [main] DEBUG org.activiti.engine.impl.cfg.standalone.StandaloneMybatisTransactionContext  - firing event rolling back...
10:44:57,357 [main] DEBUG org.activiti.engine.impl.cfg.standalone.StandaloneMybatisTransactionContext  - rolling back ibatis sql session...
10:44:57,357 [main] DEBUG org.activiti.engine.impl.cfg.standalone.StandaloneMybatisTransactionContext  - firing event rolled back...
10:44:57,357 [main] DEBUG org.apache.ibatis.transaction.jdbc.JdbcTransaction  - Resetting autocommit to true on JDBC Connection [conn2: url=jdbc:h2:mem:activiti user=SA]
10:44:57,357 [main] DEBUG org.apache.ibatis.transaction.jdbc.JdbcTransaction  - Closing JDBC Connection [conn2: url=jdbc:h2:mem:activiti user=SA]
10:44:57,357 [main] DEBUG org.apache.ibatis.datasource.pooled.PooledDataSource  - Returned connection 363509958 to pool.
10:44:57,357 [main] DEBUG org.activiti.engine.impl.interceptor.LogInterceptor  - --- DeleteDeploymentCmd finished --------------------------------------------------------
10:44:57,357 [main] DEBUG org.activiti.engine.impl.interceptor.LogInterceptor  - 

10:44:57,357 [main] ERROR org.activiti.engine.impl.test.PvmTestCase  - 

10:44:57,357 [main] ERROR org.activiti.engine.impl.test.PvmTestCase  - EXCEPTION: org.apache.ibatis.exceptions.PersistenceException: 
### Error querying database.  Cause: org.h2.jdbc.JdbcSQLException: Syntax error in SQL statement &quot;SELECT RES.* 
     
    FROM ACT_RU_JOB RES
     
      
   
     ORDER BY  ORDER[*] BY RES.ID_ ASC  
    LIMIT ? OFFSET ? &quot;; expected &quot;=, NOT, EXISTS, INTERSECTS, SELECT, FROM&quot;; SQL statement:
select RES.* 
     
    from ACT_RU_JOB RES
     
      
   
     order by  order by RES.ID_ asc  
    LIMIT ? OFFSET ? [42001-176]
### The error may exist in org/activiti/db/mapping/entity/Job.xml
### The error may involve org.activiti.engine.impl.persistence.entity.JobEntity.selectJobByQueryCriteria
### The error occurred while executing a query
### SQL: select RES.*            from ACT_RU_JOB RES                       order by  order by RES.ID_ asc       LIMIT ? OFFSET ?
### Cause: org.h2.jdbc.JdbcSQLException: Syntax error in SQL statement &quot;SELECT RES.* 
     
    FROM ACT_RU_JOB RES
     
      
   
     ORDER BY  ORDER[*] BY RES.ID_ ASC  
    LIMIT ? OFFSET ? &quot;; expected &quot;=, NOT, EXISTS, INTERSECTS, SELECT, FROM&quot;; SQL statement:
select RES.* 
     
    from ACT_RU_JOB RES
     
      
   
     order by  order by RES.ID_ asc  
    LIMIT ? OFFSET ? [42001-176]
org.apache.ibatis.exceptions.PersistenceException: 
### Error querying database.  Cause: org.h2.jdbc.JdbcSQLException: Syntax error in SQL statement &quot;SELECT RES.* 
     
    FROM ACT_RU_JOB RES
     
      
   
     ORDER BY  ORDER[*] BY RES.ID_ ASC  
    LIMIT ? OFFSET ? &quot;; expected &quot;=, NOT, EXISTS, INTERSECTS, SELECT, FROM&quot;; SQL statement:
select RES.* 
     
    from ACT_RU_JOB RES
     
      
   
     order by  order by RES.ID_ asc  
    LIMIT ? OFFSET ? [42001-176]
### The error may exist in org/activiti/db/mapping/entity/Job.xml
### The error may involve org.activiti.engine.impl.persistence.entity.JobEntity.selectJobByQueryCriteria
### The error occurred while executing a query
### SQL: select RES.*            from ACT_RU_JOB RES                       order by  order by RES.ID_ asc       LIMIT ? OFFSET ?
### Cause: org.h2.jdbc.JdbcSQLException: Syntax error in SQL statement &quot;SELECT RES.* 
     
    FROM ACT_RU_JOB RES
     
      
   
     ORDER BY  ORDER[*] BY RES.ID_ ASC  
    LIMIT ? OFFSET ? &quot;; expected &quot;=, NOT, EXISTS, INTERSECTS, SELECT, FROM&quot;; SQL statement:
select RES.* 
     
    from ACT_RU_JOB RES
     
      
   
     order by  order by RES.ID_ asc  
    LIMIT ? OFFSET ? [42001-176]
	at org.apache.ibatis.exceptions.ExceptionFactory.wrapException(ExceptionFactory.java:30)
	at org.apache.ibatis.session.defaults.DefaultSqlSession.selectList(DefaultSqlSession.java:122)
	at org.apache.ibatis.session.defaults.DefaultSqlSession.selectList(DefaultSqlSession.java:113)
	at org.activiti.engine.impl.db.DbSqlSession.selectListWithRawParameter(DbSqlSession.java:438)
	at org.activiti.engine.impl.db.DbSqlSession.selectList(DbSqlSession.java:429)
	at org.activiti.engine.impl.db.DbSqlSession.selectList(DbSqlSession.java:419)
	at org.activiti.engine.impl.persistence.entity.JobEntityManager.findJobsByQueryCriteria(JobEntityManager.java:198)
	at org.activiti.engine.impl.JobQueryImpl.executeList(JobQueryImpl.java:243)
	at org.activiti.engine.impl.AbstractQuery.execute(AbstractQuery.java:164)
	at org.activiti.engine.impl.interceptor.CommandInvoker.execute(CommandInvoker.java:24)
	at org.activiti.engine.impl.interceptor.CommandContextInterceptor.execute(CommandContextInterceptor.java:57)
	at org.activiti.engine.impl.interceptor.LogInterceptor.execute(LogInterceptor.java:37)
	at org.activiti.engine.impl.cfg.CommandExecutorImpl.execute(CommandExecutorImpl.java:40)
	at org.activiti.engine.impl.cfg.CommandExecutorImpl.execute(CommandExecutorImpl.java:35)
	at org.activiti.engine.impl.AbstractQuery.list(AbstractQuery.java:138)
	at org.activiti.engine.test.api.mgmt.JobQueryTest.verifyQueryResults(JobQueryTest.java:400)
	at org.activiti.engine.test.api.mgmt.JobQueryTest.testQueryByNoCriteria(JobQueryTest.java:123)
	at sun.reflect.NativeMethodAccessorImpl.invoke0(Native Method)
	at sun.reflect.NativeMethodAccessorImpl.invoke(NativeMethodAccessorImpl.java:62)
	at sun.reflect.DelegatingMethodAccessorImpl.invoke(DelegatingMethodAccessorImpl.java:43)
	at java.lang.reflect.Method.invoke(Method.java:498)
	at junit.framework.TestCase.runTest(TestCase.java:176)
	at org.activiti.engine.impl.test.PvmTestCase.runTest(PvmTestCase.java:65)
	at junit.framework.TestCase.runBare(TestCase.java:141)
	at org.activiti.engine.impl.test.AbstractActivitiTestCase.runBare(AbstractActivitiTestCase.java:100)
	at junit.framework.TestResult$1.protect(TestResult.java:122)
	at junit.framework.TestResult.runProtected(TestResult.java:142)
	at junit.framework.TestResult.run(TestResult.java:125)
	at junit.framework.TestCase.run(TestCase.java:129)
	at junit.framework.TestSuite.runTest(TestSuite.java:255)
	at junit.framework.TestSuite.run(TestSuite.java:250)
	at org.junit.internal.runners.JUnit38ClassRunner.run(JUnit38ClassRunner.java:84)
	at org.apache.maven.surefire.junit4.JUnit4TestSet.execute(JUnit4TestSet.java:35)
	at org.apache.maven.surefire.junit4.JUnit4Provider.executeTestSet(JUnit4Provider.java:146)
	at org.apache.maven.surefire.junit4.JUnit4Provider.invoke(JUnit4Provider.java:97)
	at sun.reflect.NativeMethodAccessorImpl.invoke0(Native Method)
	at sun.reflect.NativeMethodAccessorImpl.invoke(NativeMethodAccessorImpl.java:62)
	at sun.reflect.DelegatingMethodAccessorImpl.invoke(DelegatingMethodAccessorImpl.java:43)
	at java.lang.reflect.Method.invoke(Method.java:498)
	at org.apache.maven.surefire.booter.ProviderFactory$ClassLoaderProxy.invoke(ProviderFactory.java:103)
	at com.sun.proxy.$Proxy0.invoke(Unknown Source)
	at org.apache.maven.surefire.booter.SurefireStarter.invokeProvider(SurefireStarter.java:145)
	at org.apache.maven.surefire.booter.SurefireStarter.runSuitesInProcess(SurefireStarter.java:87)
	at org.apache.maven.surefire.booter.ForkedBooter.main(ForkedBooter.java:69)
Caused by: org.h2.jdbc.JdbcSQLException: Syntax error in SQL statement &quot;SELECT RES.* 
     
    FROM ACT_RU_JOB RES
     
      
   
     ORDER BY  ORDER[*] BY RES.ID_ ASC  
    LIMIT ? OFFSET ? &quot;; expected &quot;=, NOT, EXISTS, INTERSECTS, SELECT, FROM&quot;; SQL statement:
select RES.* 
     
    from ACT_RU_JOB RES
     
      
   
     order by  order by RES.ID_ asc  
    LIMIT ? OFFSET ? [42001-176]
	at org.h2.message.DbException.getJdbcSQLException(DbException.java:344)
	at org.h2.message.DbException.getSyntaxError(DbException.java:204)
	at org.h2.command.Parser.getSyntaxError(Parser.java:524)
	at org.h2.command.Parser.readTerm(Parser.java:2688)
	at org.h2.command.Parser.readFactor(Parser.java:2244)
	at org.h2.command.Parser.readSum(Parser.java:2231)
	at org.h2.command.Parser.readConcat(Parser.java:2201)
	at org.h2.command.Parser.readCondition(Parser.java:2051)
	at org.h2.command.Parser.readAnd(Parser.java:2023)
	at org.h2.command.Parser.readExpression(Parser.java:2015)
	at org.h2.command.Parser.parseEndOfQuery(Parser.java:1726)
	at org.h2.command.Parser.parseSelectUnionExtension(Parser.java:1706)
	at org.h2.command.Parser.parseSelectUnion(Parser.java:1675)
	at org.h2.command.Parser.parseSelect(Parser.java:1662)
	at org.h2.command.Parser.parsePrepared(Parser.java:434)
	at org.h2.command.Parser.parse(Parser.java:306)
	at org.h2.command.Parser.parse(Parser.java:282)
	at org.h2.command.Parser.prepareCommand(Parser.java:243)
	at org.h2.engine.Session.prepareLocal(Session.java:442)
	at org.h2.engine.Session.prepareCommand(Session.java:384)
	at org.h2.jdbc.JdbcConnection.prepareCommand(JdbcConnection.java:1188)
	at org.h2.jdbc.JdbcPreparedStatement.&lt;init&gt;(JdbcPreparedStatement.java:73)
	at org.h2.jdbc.JdbcConnection.prepareStatement(JdbcConnection.java:276)
	at sun.reflect.GeneratedMethodAccessor6.invoke(Unknown Source)
	at sun.reflect.DelegatingMethodAccessorImpl.invoke(DelegatingMethodAccessorImpl.java:43)
	at java.lang.reflect.Method.invoke(Method.java:498)
	at org.apache.ibatis.datasource.pooled.PooledConnection.invoke(PooledConnection.java:245)
	at com.sun.proxy.$Proxy12.prepareStatement(Unknown Source)
	at sun.reflect.GeneratedMethodAccessor6.invoke(Unknown Source)
	at sun.reflect.DelegatingMethodAccessorImpl.invoke(DelegatingMethodAccessorImpl.java:43)
	at java.lang.reflect.Method.invoke(Method.java:498)
	at org.apache.ibatis.logging.jdbc.ConnectionLogger.invoke(ConnectionLogger.java:55)
	at com.sun.proxy.$Proxy12.prepareStatement(Unknown Source)
	at org.apache.ibatis.executor.statement.PreparedStatementHandler.instantiateStatement(PreparedStatementHandler.java:79)
	at org.apache.ibatis.executor.statement.BaseStatementHandler.prepare(BaseStatementHandler.java:88)
	at org.apache.ibatis.executor.statement.RoutingStatementHandler.prepare(RoutingStatementHandler.java:58)
	at org.apache.ibatis.executor.SimpleExecutor.prepareStatement(SimpleExecutor.java:76)
	at org.apache.ibatis.executor.SimpleExecutor.doQuery(SimpleExecutor.java:61)
	at org.apache.ibatis.executor.BaseExecutor.queryFromDatabase(BaseExecutor.java:303)
	at org.apache.ibatis.executor.BaseExecutor.query(BaseExecutor.java:154)
	at org.apache.ibatis.executor.CachingExecutor.query(CachingExecutor.java:102)
	at org.apache.ibatis.executor.CachingExecutor.query(CachingExecutor.java:82)
	at org.apache.ibatis.session.defaults.DefaultSqlSession.selectList(DefaultSqlSession.java:120)
	... 42 more
10:44:57,357 [main] DEBUG org.activiti.engine.impl.test.PvmTestCase  - verifying that db is clean after test
10:44:57,357 [main] DEBUG org.activiti.engine.impl.interceptor.LogInterceptor  - 

10:44:57,357 [main] DEBUG org.activiti.engine.impl.interceptor.LogInterceptor  - --- starting GetTableCountCmd --------------------------------------------------------
10:44:57,357 [main] DEBUG org.apache.ibatis.transaction.jdbc.JdbcTransaction  - Opening JDBC Connection
10:44:57,357 [main] DEBUG org.apache.ibatis.datasource.pooled.PooledDataSource  - Checked out connection 180014677 from pool.
10:44:57,357 [main] DEBUG org.apache.ibatis.transaction.jdbc.JdbcTransaction  - Setting autocommit to false on JDBC Connection [conn3: url=jdbc:h2:mem:activiti user=SA]
10:44:57,357 [main] DEBUG org.activiti.engine.impl.persistence.entity.TableDataManager  - retrieving activiti tables from jdbc metadata
10:44:57,357 [main] DEBUG org.activiti.engine.impl.persistence.entity.TableDataManager  -   retrieved activiti table name ACT_EVT_LOG
10:44:57,357 [main] DEBUG org.activiti.engine.impl.persistence.entity.TableDataManager  -   retrieved activiti table name ACT_GE_BYTEARRAY
10:44:57,357 [main] DEBUG org.activiti.engine.impl.persistence.entity.TableDataManager  -   retrieved activiti table name ACT_GE_PROPERTY
10:44:57,357 [main] DEBUG org.activiti.engine.impl.persistence.entity.TableDataManager  -   retrieved activiti table name ACT_HI_ACTINST
10:44:57,357 [main] DEBUG org.activiti.engine.impl.persistence.entity.TableDataManager  -   retrieved activiti table name ACT_HI_ATTACHMENT
10:44:57,357 [main] DEBUG org.activiti.engine.impl.persistence.entity.TableDataManager  -   retrieved activiti table name ACT_HI_COMMENT
10:44:57,357 [main] DEBUG org.activiti.engine.impl.persistence.entity.TableDataManager  -   retrieved activiti table name ACT_HI_DETAIL
10:44:57,357 [main] DEBUG org.activiti.engine.impl.persistence.entity.TableDataManager  -   retrieved activiti table name ACT_HI_IDENTITYLINK
10:44:57,357 [main] DEBUG org.activiti.engine.impl.persistence.entity.TableDataManager  -   retrieved activiti table name ACT_HI_PROCINST
10:44:57,357 [main] DEBUG org.activiti.engine.impl.persistence.entity.TableDataManager  -   retrieved activiti table name ACT_HI_TASKINST
10:44:57,357 [main] DEBUG org.activiti.engine.impl.persistence.entity.TableDataManager  -   retrieved activiti table name ACT_HI_VARINST
10:44:57,357 [main] DEBUG org.activiti.engine.impl.persistence.entity.TableDataManager  -   retrieved activiti table name ACT_ID_GROUP
10:44:57,357 [main] DEBUG org.activiti.engine.impl.persistence.entity.TableDataManager  -   retrieved activiti table name ACT_ID_INFO
10:44:57,357 [main] DEBUG org.activiti.engine.impl.persistence.entity.TableDataManager  -   retrieved activiti table name ACT_ID_MEMBERSHIP
10:44:57,357 [main] DEBUG org.activiti.engine.impl.persistence.entity.TableDataManager  -   retrieved activiti table name ACT_ID_USER
10:44:57,357 [main] DEBUG org.activiti.engine.impl.persistence.entity.TableDataManager  -   retrieved activiti table name ACT_PROCDEF_INFO
10:44:57,357 [main] DEBUG org.activiti.engine.impl.persistence.entity.TableDataManager  -   retrieved activiti table name ACT_RE_DEPLOYMENT
10:44:57,357 [main] DEBUG org.activiti.engine.impl.persistence.entity.TableDataManager  -   retrieved activiti table name ACT_RE_MODEL
10:44:57,357 [main] DEBUG org.activiti.engine.impl.persistence.entity.TableDataManager  -   retrieved activiti table name ACT_RE_PROCDEF
10:44:57,357 [main] DEBUG org.activiti.engine.impl.persistence.entity.TableDataManager  -   retrieved activiti table name ACT_RU_EVENT_SUBSCR
10:44:57,357 [main] DEBUG org.activiti.engine.impl.persistence.entity.TableDataManager  -   retrieved activiti table name ACT_RU_EXECUTION
10:44:57,357 [main] DEBUG org.activiti.engine.impl.persistence.entity.TableDataManager  -   retrieved activiti table name ACT_RU_IDENTITYLINK
10:44:57,357 [main] DEBUG org.activiti.engine.impl.persistence.entity.TableDataManager  -   retrieved activiti table name ACT_RU_JOB
10:44:57,357 [main] DEBUG org.activiti.engine.impl.persistence.entity.TableDataManager  -   retrieved activiti table name ACT_RU_TASK
10:44:57,357 [main] DEBUG org.activiti.engine.impl.persistence.entity.TableDataManager  -   retrieved activiti table name ACT_RU_VARIABLE
10:44:57,357 [main] DEBUG org.activiti.engine.impl.persistence.entity.TableDataManager  - selecting table count for ACT_EVT_LOG
10:44:57,357 [main] DEBUG org.activiti.engine.impl.TablePageMap.selectTableCount  - ==&gt;  Preparing: select count(*) from ACT_EVT_LOG 
10:44:57,357 [main] DEBUG org.activiti.engine.impl.TablePageMap.selectTableCount  - ==&gt; Parameters: 
10:44:57,357 [main] DEBUG org.activiti.engine.impl.TablePageMap.selectTableCount  - &lt;==      Total: 1
10:44:57,357 [main] DEBUG org.activiti.engine.impl.persistence.entity.TableDataManager  - selecting table count for ACT_GE_BYTEARRAY
10:44:57,357 [main] DEBUG org.activiti.engine.impl.TablePageMap.selectTableCount  - ==&gt;  Preparing: select count(*) from ACT_GE_BYTEARRAY 
10:44:57,357 [main] DEBUG org.activiti.engine.impl.TablePageMap.selectTableCount  - ==&gt; Parameters: 
10:44:57,357 [main] DEBUG org.activiti.engine.impl.TablePageMap.selectTableCount  - &lt;==      Total: 1
10:44:57,357 [main] DEBUG org.activiti.engine.impl.persistence.entity.TableDataManager  - selecting table count for ACT_GE_PROPERTY
10:44:57,357 [main] DEBUG org.activiti.engine.impl.TablePageMap.selectTableCount  - ==&gt;  Preparing: select count(*) from ACT_GE_PROPERTY 
10:44:57,357 [main] DEBUG org.activiti.engine.impl.TablePageMap.selectTableCount  - ==&gt; Parameters: 
10:44:57,357 [main] DEBUG org.activiti.engine.impl.TablePageMap.selectTableCount  - &lt;==      Total: 1
10:44:57,357 [main] DEBUG org.activiti.engine.impl.persistence.entity.TableDataManager  - selecting table count for ACT_HI_ACTINST
10:44:57,357 [main] DEBUG org.activiti.engine.impl.TablePageMap.selectTableCount  - ==&gt;  Preparing: select count(*) from ACT_HI_ACTINST 
10:44:57,357 [main] DEBUG org.activiti.engine.impl.TablePageMap.selectTableCount  - ==&gt; Parameters: 
10:44:57,357 [main] DEBUG org.activiti.engine.impl.TablePageMap.selectTableCount  - &lt;==      Total: 1
10:44:57,357 [main] DEBUG org.activiti.engine.impl.persistence.entity.TableDataManager  - selecting table count for ACT_HI_ATTACHMENT
10:44:57,357 [main] DEBUG org.activiti.engine.impl.TablePageMap.selectTableCount  - ==&gt;  Preparing: select count(*) from ACT_HI_ATTACHMENT 
10:44:57,357 [main] DEBUG org.activiti.engine.impl.TablePageMap.selectTableCount  - ==&gt; Parameters: 
10:44:57,357 [main] DEBUG org.activiti.engine.impl.TablePageMap.selectTableCount  - &lt;==      Total: 1
10:44:57,357 [main] DEBUG org.activiti.engine.impl.persistence.entity.TableDataManager  - selecting table count for ACT_HI_COMMENT
10:44:57,357 [main] DEBUG org.activiti.engine.impl.TablePageMap.selectTableCount  - ==&gt;  Preparing: select count(*) from ACT_HI_COMMENT 
10:44:57,357 [main] DEBUG org.activiti.engine.impl.TablePageMap.selectTableCount  - ==&gt; Parameters: 
10:44:57,357 [main] DEBUG org.activiti.engine.impl.TablePageMap.selectTableCount  - &lt;==      Total: 1
10:44:57,357 [main] DEBUG org.activiti.engine.impl.persistence.entity.TableDataManager  - selecting table count for ACT_HI_DETAIL
10:44:57,357 [main] DEBUG org.activiti.engine.impl.TablePageMap.selectTableCount  - ==&gt;  Preparing: select count(*) from ACT_HI_DETAIL 
10:44:57,357 [main] DEBUG org.activiti.engine.impl.TablePageMap.selectTableCount  - ==&gt; Parameters: 
10:44:57,357 [main] DEBUG org.activiti.engine.impl.TablePageMap.selectTableCount  - &lt;==      Total: 1
10:44:57,357 [main] DEBUG org.activiti.engine.impl.persistence.entity.TableDataManager  - selecting table count for ACT_HI_IDENTITYLINK
10:44:57,357 [main] DEBUG org.activiti.engine.impl.TablePageMap.selectTableCount  - ==&gt;  Preparing: select count(*) from ACT_HI_IDENTITYLINK 
10:44:57,357 [main] DEBUG org.activiti.engine.impl.TablePageMap.selectTableCount  - ==&gt; Parameters: 
10:44:57,357 [main] DEBUG org.activiti.engine.impl.TablePageMap.selectTableCount  - &lt;==      Total: 1
10:44:57,358 [main] DEBUG org.activiti.engine.impl.persistence.entity.TableDataManager  - selecting table count for ACT_HI_PROCINST
10:44:57,358 [main] DEBUG org.activiti.engine.impl.TablePageMap.selectTableCount  - ==&gt;  Preparing: select count(*) from ACT_HI_PROCINST 
10:44:57,358 [main] DEBUG org.activiti.engine.impl.TablePageMap.selectTableCount  - ==&gt; Parameters: 
10:44:57,358 [main] DEBUG org.activiti.engine.impl.TablePageMap.selectTableCount  - &lt;==      Total: 1
10:44:57,358 [main] DEBUG org.activiti.engine.impl.persistence.entity.TableDataManager  - selecting table count for ACT_HI_TASKINST
10:44:57,358 [main] DEBUG org.activiti.engine.impl.TablePageMap.selectTableCount  - ==&gt;  Preparing: select count(*) from ACT_HI_TASKINST 
10:44:57,358 [main] DEBUG org.activiti.engine.impl.TablePageMap.selectTableCount  - ==&gt; Parameters: 
10:44:57,358 [main] DEBUG org.activiti.engine.impl.TablePageMap.selectTableCount  - &lt;==      Total: 1
10:44:57,358 [main] DEBUG org.activiti.engine.impl.persistence.entity.TableDataManager  - selecting table count for ACT_HI_VARINST
10:44:57,358 [main] DEBUG org.activiti.engine.impl.TablePageMap.selectTableCount  - ==&gt;  Preparing: select count(*) from ACT_HI_VARINST 
10:44:57,358 [main] DEBUG org.activiti.engine.impl.TablePageMap.selectTableCount  - ==&gt; Parameters: 
10:44:57,358 [main] DEBUG org.activiti.engine.impl.TablePageMap.selectTableCount  - &lt;==      Total: 1
10:44:57,358 [main] DEBUG org.activiti.engine.impl.persistence.entity.TableDataManager  - selecting table count for ACT_ID_GROUP
10:44:57,358 [main] DEBUG org.activiti.engine.impl.TablePageMap.selectTableCount  - ==&gt;  Preparing: select count(*) from ACT_ID_GROUP 
10:44:57,358 [main] DEBUG org.activiti.engine.impl.TablePageMap.selectTableCount  - ==&gt; Parameters: 
10:44:57,358 [main] DEBUG org.activiti.engine.impl.TablePageMap.selectTableCount  - &lt;==      Total: 1
10:44:57,358 [main] DEBUG org.activiti.engine.impl.persistence.entity.TableDataManager  - selecting table count for ACT_ID_INFO
10:44:57,358 [main] DEBUG org.activiti.engine.impl.TablePageMap.selectTableCount  - ==&gt;  Preparing: select count(*) from ACT_ID_INFO 
10:44:57,358 [main] DEBUG org.activiti.engine.impl.TablePageMap.selectTableCount  - ==&gt; Parameters: 
10:44:57,358 [main] DEBUG org.activiti.engine.impl.TablePageMap.selectTableCount  - &lt;==      Total: 1
10:44:57,358 [main] DEBUG org.activiti.engine.impl.persistence.entity.TableDataManager  - selecting table count for ACT_ID_MEMBERSHIP
10:44:57,358 [main] DEBUG org.activiti.engine.impl.TablePageMap.selectTableCount  - ==&gt;  Preparing: select count(*) from ACT_ID_MEMBERSHIP 
10:44:57,358 [main] DEBUG org.activiti.engine.impl.TablePageMap.selectTableCount  - ==&gt; Parameters: 
10:44:57,358 [main] DEBUG org.activiti.engine.impl.TablePageMap.selectTableCount  - &lt;==      Total: 1
10:44:57,358 [main] DEBUG org.activiti.engine.impl.persistence.entity.TableDataManager  - selecting table count for ACT_ID_USER
10:44:57,358 [main] DEBUG org.activiti.engine.impl.TablePageMap.selectTableCount  - ==&gt;  Preparing: select count(*) from ACT_ID_USER 
10:44:57,358 [main] DEBUG org.activiti.engine.impl.TablePageMap.selectTableCount  - ==&gt; Parameters: 
10:44:57,358 [main] DEBUG org.activiti.engine.impl.TablePageMap.selectTableCount  - &lt;==      Total: 1
10:44:57,358 [main] DEBUG org.activiti.engine.impl.persistence.entity.TableDataManager  - selecting table count for ACT_PROCDEF_INFO
10:44:57,358 [main] DEBUG org.activiti.engine.impl.TablePageMap.selectTableCount  - ==&gt;  Preparing: select count(*) from ACT_PROCDEF_INFO 
10:44:57,358 [main] DEBUG org.activiti.engine.impl.TablePageMap.selectTableCount  - ==&gt; Parameters: 
10:44:57,358 [main] DEBUG org.activiti.engine.impl.TablePageMap.selectTableCount  - &lt;==      Total: 1
10:44:57,358 [main] DEBUG org.activiti.engine.impl.persistence.entity.TableDataManager  - selecting table count for ACT_RE_DEPLOYMENT
10:44:57,358 [main] DEBUG org.activiti.engine.impl.TablePageMap.selectTableCount  - ==&gt;  Preparing: select count(*) from ACT_RE_DEPLOYMENT 
10:44:57,358 [main] DEBUG org.activiti.engine.impl.TablePageMap.selectTableCount  - ==&gt; Parameters: 
10:44:57,358 [main] DEBUG org.activiti.engine.impl.TablePageMap.selectTableCount  - &lt;==      Total: 1
10:44:57,358 [main] DEBUG org.activiti.engine.impl.persistence.entity.TableDataManager  - selecting table count for ACT_RE_MODEL
10:44:57,358 [main] DEBUG org.activiti.engine.impl.TablePageMap.selectTableCount  - ==&gt;  Preparing: select count(*) from ACT_RE_MODEL 
10:44:57,358 [main] DEBUG org.activiti.engine.impl.TablePageMap.selectTableCount  - ==&gt; Parameters: 
10:44:57,358 [main] DEBUG org.activiti.engine.impl.TablePageMap.selectTableCount  - &lt;==      Total: 1
10:44:57,358 [main] DEBUG org.activiti.engine.impl.persistence.entity.TableDataManager  - selecting table count for ACT_RE_PROCDEF
10:44:57,358 [main] DEBUG org.activiti.engine.impl.TablePageMap.selectTableCount  - ==&gt;  Preparing: select count(*) from ACT_RE_PROCDEF 
10:44:57,358 [main] DEBUG org.activiti.engine.impl.TablePageMap.selectTableCount  - ==&gt; Parameters: 
10:44:57,358 [main] DEBUG org.activiti.engine.impl.TablePageMap.selectTableCount  - &lt;==      Total: 1
10:44:57,358 [main] DEBUG org.activiti.engine.impl.persistence.entity.TableDataManager  - selecting table count for ACT_RU_EVENT_SUBSCR
10:44:57,358 [main] DEBUG org.activiti.engine.impl.TablePageMap.selectTableCount  - ==&gt;  Preparing: select count(*) from ACT_RU_EVENT_SUBSCR 
10:44:57,358 [main] DEBUG org.activiti.engine.impl.TablePageMap.selectTableCount  - ==&gt; Parameters: 
10:44:57,358 [main] DEBUG org.activiti.engine.impl.TablePageMap.selectTableCount  - &lt;==      Total: 1
10:44:57,358 [main] DEBUG org.activiti.engine.impl.persistence.entity.TableDataManager  - selecting table count for ACT_RU_EXECUTION
10:44:57,358 [main] DEBUG org.activiti.engine.impl.TablePageMap.selectTableCount  - ==&gt;  Preparing: select count(*) from ACT_RU_EXECUTION 
10:44:57,358 [main] DEBUG org.activiti.engine.impl.TablePageMap.selectTableCount  - ==&gt; Parameters: 
10:44:57,358 [main] DEBUG org.activiti.engine.impl.TablePageMap.selectTableCount  - &lt;==      Total: 1
10:44:57,358 [main] DEBUG org.activiti.engine.impl.persistence.entity.TableDataManager  - selecting table count for ACT_RU_IDENTITYLINK
10:44:57,358 [main] DEBUG org.activiti.engine.impl.TablePageMap.selectTableCount  - ==&gt;  Preparing: select count(*) from ACT_RU_IDENTITYLINK 
10:44:57,358 [main] DEBUG org.activiti.engine.impl.TablePageMap.selectTableCount  - ==&gt; Parameters: 
10:44:57,358 [main] DEBUG org.activiti.engine.impl.TablePageMap.selectTableCount  - &lt;==      Total: 1
10:44:57,358 [main] DEBUG org.activiti.engine.impl.persistence.entity.TableDataManager  - selecting table count for ACT_RU_JOB
10:44:57,358 [main] DEBUG org.activiti.engine.impl.TablePageMap.selectTableCount  - ==&gt;  Preparing: select count(*) from ACT_RU_JOB 
10:44:57,358 [main] DEBUG org.activiti.engine.impl.TablePageMap.selectTableCount  - ==&gt; Parameters: 
10:44:57,358 [main] DEBUG org.activiti.engine.impl.TablePageMap.selectTableCount  - &lt;==      Total: 1
10:44:57,358 [main] DEBUG org.activiti.engine.impl.persistence.entity.TableDataManager  - selecting table count for ACT_RU_TASK
10:44:57,358 [main] DEBUG org.activiti.engine.impl.TablePageMap.selectTableCount  - ==&gt;  Preparing: select count(*) from ACT_RU_TASK 
10:44:57,358 [main] DEBUG org.activiti.engine.impl.TablePageMap.selectTableCount  - ==&gt; Parameters: 
10:44:57,358 [main] DEBUG org.activiti.engine.impl.TablePageMap.selectTableCount  - &lt;==      Total: 1
10:44:57,358 [main] DEBUG org.activiti.engine.impl.persistence.entity.TableDataManager  - selecting table count for ACT_RU_VARIABLE
10:44:57,358 [main] DEBUG org.activiti.engine.impl.TablePageMap.selectTableCount  - ==&gt;  Preparing: select count(*) from ACT_RU_VARIABLE 
10:44:57,358 [main] DEBUG org.activiti.engine.impl.TablePageMap.selectTableCount  - ==&gt; Parameters: 
10:44:57,358 [main] DEBUG org.activiti.engine.impl.TablePageMap.selectTableCount  - &lt;==      Total: 1
10:44:57,358 [main] DEBUG org.activiti.engine.impl.persistence.entity.TableDataManager  - Number of rows per activiti table: {ACT_RU_EVENT_SUBSCR=0, ACT_ID_USER=0, ACT_HI_ATTACHMENT=0, ACT_GE_BYTEARRAY=1, ACT_RE_MODEL=0, ACT_RU_VARIABLE=0, ACT_RU_TASK=3, ACT_RE_DEPLOYMENT=1, ACT_RE_PROCDEF=1, ACT_ID_GROUP=0, ACT_HI_VARINST=0, ACT_HI_COMMENT=0, ACT_HI_PROCINST=3, ACT_ID_INFO=0, ACT_ID_MEMBERSHIP=0, ACT_RU_JOB=4, ACT_PROCDEF_INFO=0, ACT_HI_ACTINST=6, ACT_RU_EXECUTION=6, ACT_HI_TASKINST=3, ACT_HI_DETAIL=0, ACT_EVT_LOG=0, ACT_HI_IDENTITYLINK=0, ACT_RU_IDENTITYLINK=0, ACT_GE_PROPERTY=3}
10:44:57,358 [main] DEBUG org.activiti.engine.impl.db.DbSqlSession  - flush summary: 0 insert, 0 update, 0 delete.
10:44:57,358 [main] DEBUG org.activiti.engine.impl.db.DbSqlSession  - now executing flush...
10:44:57,358 [main] DEBUG org.activiti.engine.impl.cfg.standalone.StandaloneMybatisTransactionContext  - firing event committing...
10:44:57,358 [main] DEBUG org.activiti.engine.impl.cfg.standalone.StandaloneMybatisTransactionContext  - committing the ibatis sql session...
10:44:57,358 [main] DEBUG org.activiti.engine.impl.cfg.standalone.StandaloneMybatisTransactionContext  - firing event committed...
10:44:57,358 [main] DEBUG org.apache.ibatis.transaction.jdbc.JdbcTransaction  - Resetting autocommit to true on JDBC Connection [conn3: url=jdbc:h2:mem:activiti user=SA]
10:44:57,358 [main] DEBUG org.apache.ibatis.transaction.jdbc.JdbcTransaction  - Closing JDBC Connection [conn3: url=jdbc:h2:mem:activiti user=SA]
10:44:57,358 [main] DEBUG org.apache.ibatis.datasource.pooled.PooledDataSource  - Returned connection 180014677 to pool.
10:44:57,358 [main] DEBUG org.activiti.engine.impl.interceptor.LogInterceptor  - --- GetTableCountCmd finished --------------------------------------------------------
10:44:57,358 [main] DEBUG org.activiti.engine.impl.interceptor.LogInterceptor  - 

10:44:57,358 [main] ERROR org.activiti.engine.impl.test.PvmTestCase  - 

10:44:57,358 [main] ERROR org.activiti.engine.impl.test.PvmTestCase  - DB NOT CLEAN: 
  ACT_GE_BYTEARRAY: 1 record(s)   ACT_RU_TASK: 3 record(s)   ACT_RE_DEPLOYMENT: 1 record(s)   ACT_RE_PROCDEF: 1 record(s)   ACT_HI_PROCINST: 3 record(s)   ACT_RU_JOB: 4 record(s)   ACT_HI_ACTINST: 6 record(s)   ACT_RU_EXECUTION: 6 record(s)   ACT_HI_TASKINST: 3 record(s) 
10:44:57,358 [main] INFO  org.activiti.engine.impl.test.PvmTestCase  - dropping and recreating db
10:44:57,358 [main] DEBUG org.activiti.engine.impl.interceptor.LogInterceptor  - 

10:44:57,358 [main] DEBUG org.activiti.engine.impl.interceptor.LogInterceptor  - --- starting  --------------------------------------------------------
10:44:57,358 [main] INFO  org.activiti.engine.impl.db.DbSqlSession  - performing drop on engine with resource org/activiti/db/drop/activiti.h2.drop.engine.sql
10:44:57,358 [main] DEBUG org.apache.ibatis.transaction.jdbc.JdbcTransaction  - Opening JDBC Connection
10:44:57,358 [main] DEBUG org.apache.ibatis.datasource.pooled.PooledDataSource  - Checked out connection 297240765 from pool.
10:44:57,358 [main] DEBUG org.apache.ibatis.transaction.jdbc.JdbcTransaction  - Setting autocommit to false on JDBC Connection [conn4: url=jdbc:h2:mem:activiti user=SA]
10:44:57,358 [main] DEBUG org.activiti.engine.impl.db.DbSqlSession  - SQL: drop table if exists ACT_GE_PROPERTY cascade constraints
10:44:57,358 [main] DEBUG org.activiti.engine.impl.db.DbSqlSession  - SQL: drop table if exists ACT_GE_BYTEARRAY cascade constraints
10:44:57,358 [main] DEBUG org.activiti.engine.impl.db.DbSqlSession  - SQL: drop table if exists ACT_RE_DEPLOYMENT cascade constraints
10:44:57,358 [main] DEBUG org.activiti.engine.impl.db.DbSqlSession  - SQL: drop table if exists ACT_RE_MODEL cascade constraints
10:44:57,358 [main] DEBUG org.activiti.engine.impl.db.DbSqlSession  - SQL: drop table if exists ACT_RU_EXECUTION cascade constraints
10:44:57,359 [main] DEBUG org.activiti.engine.impl.db.DbSqlSession  - SQL: drop table if exists ACT_RU_JOB cascade constraints
10:44:57,359 [main] DEBUG org.activiti.engine.impl.db.DbSqlSession  - SQL: drop table if exists ACT_RE_PROCDEF cascade constraints
10:44:57,359 [main] DEBUG org.activiti.engine.impl.db.DbSqlSession  - SQL: drop table if exists ACT_RU_TASK cascade constraints
10:44:57,359 [main] DEBUG org.activiti.engine.impl.db.DbSqlSession  - SQL: drop table if exists ACT_RU_IDENTITYLINK cascade constraints
10:44:57,359 [main] DEBUG org.activiti.engine.impl.db.DbSqlSession  - SQL: drop table if exists ACT_RU_VARIABLE cascade constraints
10:44:57,359 [main] DEBUG org.activiti.engine.impl.db.DbSqlSession  - SQL: drop table if exists ACT_RU_EVENT_SUBSCR cascade constraints
10:44:57,359 [main] DEBUG org.activiti.engine.impl.db.DbSqlSession  - SQL: drop table if exists ACT_EVT_LOG cascade constraints
10:44:57,359 [main] DEBUG org.activiti.engine.impl.db.DbSqlSession  - SQL: drop table if exists ACT_PROCDEF_INFO cascade constraints
10:44:57,359 [main] DEBUG org.activiti.engine.impl.db.DbSqlSession  - SQL: drop index if exists ACT_IDX_EXEC_BUSKEY
10:44:57,359 [main] DEBUG org.activiti.engine.impl.db.DbSqlSession  - SQL: drop index if exists ACT_IDX_TASK_CREATE
10:44:57,359 [main] DEBUG org.activiti.engine.impl.db.DbSqlSession  - SQL: drop index if exists ACT_IDX_IDENT_LNK_USER
10:44:57,359 [main] DEBUG org.activiti.engine.impl.db.DbSqlSession  - SQL: drop index if exists ACT_IDX_IDENT_LNK_GROUP
10:44:57,359 [main] DEBUG org.activiti.engine.impl.db.DbSqlSession  - SQL: drop index if exists ACT_IDX_VARIABLE_TASK_ID
10:44:57,359 [main] DEBUG org.activiti.engine.impl.db.DbSqlSession  - SQL: drop index if exists ACT_IDX_EVENT_SUBSCR_CONFIG_
10:44:57,359 [main] DEBUG org.activiti.engine.impl.db.DbSqlSession  - SQL: drop index if exists ACT_IDX_ATHRZ_PROCEDEF
10:44:57,359 [main] DEBUG org.activiti.engine.impl.db.DbSqlSession  - SQL: drop index if exists ACT_IDX_INFO_PROCDEF
10:44:57,359 [main] DEBUG org.activiti.engine.impl.db.DbSqlSession  - activiti db schema drop for component engine successful
10:44:57,359 [main] INFO  org.activiti.engine.impl.db.DbSqlSession  - performing drop on history with resource org/activiti/db/drop/activiti.h2.drop.history.sql
10:44:57,359 [main] DEBUG org.activiti.engine.impl.db.DbSqlSession  - SQL: drop table if exists ACT_HI_PROCINST cascade constraints
10:44:57,359 [main] DEBUG org.activiti.engine.impl.db.DbSqlSession  - SQL: drop table if exists ACT_HI_ACTINST cascade constraints
10:44:57,359 [main] DEBUG org.activiti.engine.impl.db.DbSqlSession  - SQL: drop table if exists ACT_HI_VARINST cascade constraints
10:44:57,359 [main] DEBUG org.activiti.engine.impl.db.DbSqlSession  - SQL: drop table if exists ACT_HI_TASKINST cascade constraints
10:44:57,359 [main] DEBUG org.activiti.engine.impl.db.DbSqlSession  - SQL: drop table if exists ACT_HI_DETAIL cascade constraints
10:44:57,359 [main] DEBUG org.activiti.engine.impl.db.DbSqlSession  - SQL: drop table if exists ACT_HI_COMMENT cascade constraints
10:44:57,359 [main] DEBUG org.activiti.engine.impl.db.DbSqlSession  - SQL: drop table if exists ACT_HI_ATTACHMENT cascade constraints
10:44:57,359 [main] DEBUG org.activiti.engine.impl.db.DbSqlSession  - SQL: drop table if exists ACT_HI_IDENTITYLINK cascade constraints
10:44:57,359 [main] DEBUG org.activiti.engine.impl.db.DbSqlSession  - SQL: drop index if exists ACT_IDX_HI_PRO_INST_END
10:44:57,359 [main] DEBUG org.activiti.engine.impl.db.DbSqlSession  - SQL: drop index if exists ACT_IDX_HI_PRO_I_BUSKEY
10:44:57,359 [main] DEBUG org.activiti.engine.impl.db.DbSqlSession  - SQL: drop index if exists ACT_IDX_HI_ACT_INST_START
10:44:57,359 [main] DEBUG org.activiti.engine.impl.db.DbSqlSession  - SQL: drop index if exists ACT_IDX_HI_ACT_INST_END
10:44:57,359 [main] DEBUG org.activiti.engine.impl.db.DbSqlSession  - SQL: drop index if exists ACT_IDX_HI_DETAIL_PROC_INST
10:44:57,359 [main] DEBUG org.activiti.engine.impl.db.DbSqlSession  - SQL: drop index if exists ACT_IDX_HI_DETAIL_ACT_INST
10:44:57,359 [main] DEBUG org.activiti.engine.impl.db.DbSqlSession  - SQL: drop index if exists ACT_IDX_HI_DETAIL_TIME
10:44:57,359 [main] DEBUG org.activiti.engine.impl.db.DbSqlSession  - SQL: drop index if exists ACT_IDX_HI_DETAIL_NAME
10:44:57,359 [main] DEBUG org.activiti.engine.impl.db.DbSqlSession  - SQL: drop index if exists ACT_IDX_HI_DETAIL_TASK_ID
10:44:57,359 [main] DEBUG org.activiti.engine.impl.db.DbSqlSession  - SQL: drop index if exists ACT_IDX_HI_PROCVAR_PROC_INST
10:44:57,359 [main] DEBUG org.activiti.engine.impl.db.DbSqlSession  - SQL: drop index if exists ACT_IDX_HI_PROCVAR_NAME_TYPE
10:44:57,359 [main] DEBUG org.activiti.engine.impl.db.DbSqlSession  - SQL: drop index if exists ACT_IDX_HI_ACT_INST_PROCINST
10:44:57,359 [main] DEBUG org.activiti.engine.impl.db.DbSqlSession  - SQL: drop index if exists ACT_IDX_HI_IDENT_LNK_USER
10:44:57,359 [main] DEBUG org.activiti.engine.impl.db.DbSqlSession  - SQL: drop index if exists ACT_IDX_HI_IDENT_LNK_TASK
10:44:57,359 [main] DEBUG org.activiti.engine.impl.db.DbSqlSession  - SQL: drop index if exists ACT_IDX_HI_IDENT_LNK_PROCINST
10:44:57,359 [main] DEBUG org.activiti.engine.impl.db.DbSqlSession  - SQL: drop index if exists ACT_IDX_HI_TASK_INST_PROCINST
10:44:57,359 [main] DEBUG org.activiti.engine.impl.db.DbSqlSession  - activiti db schema drop for component history successful
10:44:57,359 [main] INFO  org.activiti.engine.impl.db.DbSqlSession  - performing drop on identity with resource org/activiti/db/drop/activiti.h2.drop.identity.sql
10:44:57,359 [main] DEBUG org.activiti.engine.impl.db.DbSqlSession  - SQL: drop table if exists ACT_ID_INFO cascade constraints
10:44:57,359 [main] DEBUG org.activiti.engine.impl.db.DbSqlSession  - SQL: drop table if exists ACT_ID_GROUP cascade constraints
10:44:57,359 [main] DEBUG org.activiti.engine.impl.db.DbSqlSession  - SQL: drop table if exists ACT_ID_MEMBERSHIP cascade constraints
10:44:57,359 [main] DEBUG org.activiti.engine.impl.db.DbSqlSession  - SQL: drop table if exists ACT_ID_USER cascade constraints
10:44:57,359 [main] DEBUG org.activiti.engine.impl.db.DbSqlSession  - activiti db schema drop for component identity successful
10:44:57,360 [main] INFO  org.activiti.engine.impl.db.DbSqlSession  - performing create on engine with resource org/activiti/db/create/activiti.h2.create.engine.sql
10:44:57,360 [main] DEBUG org.activiti.engine.impl.db.DbSqlSession  - SQL: create table ACT_GE_PROPERTY ( 
NAME_ varchar(64), 
VALUE_ varchar(300), 
REV_ integer, 
primary key (NAME_) 
)
10:44:57,360 [main] DEBUG org.activiti.engine.impl.db.DbSqlSession  - SQL: insert into ACT_GE_PROPERTY 
values (&apos;schema.version&apos;, &apos;5.20.0.0&apos;, 1)
10:44:57,360 [main] DEBUG org.activiti.engine.impl.db.DbSqlSession  - SQL: insert into ACT_GE_PROPERTY 
values (&apos;schema.history&apos;, &apos;create(5.20.0.0)&apos;, 1)
10:44:57,360 [main] DEBUG org.activiti.engine.impl.db.DbSqlSession  - SQL: insert into ACT_GE_PROPERTY 
values (&apos;next.dbid&apos;, &apos;1&apos;, 1)
10:44:57,360 [main] DEBUG org.activiti.engine.impl.db.DbSqlSession  - SQL: create table ACT_GE_BYTEARRAY ( 
ID_ varchar(64), 
REV_ integer, 
NAME_ varchar(255), 
DEPLOYMENT_ID_ varchar(64), 
BYTES_ longvarbinary, 
GENERATED_ bit, 
primary key (ID_) 
)
10:44:57,360 [main] DEBUG org.activiti.engine.impl.db.DbSqlSession  - SQL: create table ACT_RE_DEPLOYMENT ( 
ID_ varchar(64), 
NAME_ varchar(255), 
CATEGORY_ varchar(255), 
TENANT_ID_ varchar(255) default &apos;&apos;, 
DEPLOY_TIME_ timestamp, 
primary key (ID_) 
)
10:44:57,360 [main] DEBUG org.activiti.engine.impl.db.DbSqlSession  - SQL: create table ACT_RE_MODEL ( 
ID_ varchar(64) not null, 
REV_ integer, 
NAME_ varchar(255), 
KEY_ varchar(255), 
CATEGORY_ varchar(255), 
CREATE_TIME_ timestamp, 
LAST_UPDATE_TIME_ timestamp, 
VERSION_ integer, 
META_INFO_ varchar(4000), 
DEPLOYMENT_ID_ varchar(64), 
EDITOR_SOURCE_VALUE_ID_ varchar(64), 
EDITOR_SOURCE_EXTRA_VALUE_ID_ varchar(64), 
TENANT_ID_ varchar(255) default &apos;&apos;, 
primary key (ID_) 
)
10:44:57,360 [main] DEBUG org.activiti.engine.impl.db.DbSqlSession  - SQL: create table ACT_RU_EXECUTION ( 
ID_ varchar(64), 
REV_ integer, 
PROC_INST_ID_ varchar(64), 
BUSINESS_KEY_ varchar(255), 
PARENT_ID_ varchar(64), 
PROC_DEF_ID_ varchar(64), 
SUPER_EXEC_ varchar(64), 
ACT_ID_ varchar(255), 
IS_ACTIVE_ bit, 
IS_CONCURRENT_ bit, 
IS_SCOPE_ bit, 
IS_EVENT_SCOPE_ bit, 
SUSPENSION_STATE_ integer, 
CACHED_ENT_STATE_ integer, 
TENANT_ID_ varchar(255) default &apos;&apos;, 
NAME_ varchar(255), 
LOCK_TIME_ timestamp, 
primary key (ID_) 
)
10:44:57,360 [main] DEBUG org.activiti.engine.impl.db.DbSqlSession  - SQL: create table ACT_RU_JOB ( 
ID_ varchar(64) NOT NULL, 
REV_ integer, 
TYPE_ varchar(255) NOT NULL, 
LOCK_EXP_TIME_ timestamp, 
LOCK_OWNER_ varchar(255), 
EXCLUSIVE_ boolean, 
EXECUTION_ID_ varchar(64), 
PROCESS_INSTANCE_ID_ varchar(64), 
PROC_DEF_ID_ varchar(64), 
RETRIES_ integer, 
EXCEPTION_STACK_ID_ varchar(64), 
EXCEPTION_MSG_ varchar(4000), 
DUEDATE_ timestamp, 
REPEAT_ varchar(255), 
HANDLER_TYPE_ varchar(255), 
HANDLER_CFG_ varchar(4000), 
TENANT_ID_ varchar(255) default &apos;&apos;, 
primary key (ID_) 
)
10:44:57,360 [main] DEBUG org.activiti.engine.impl.db.DbSqlSession  - SQL: create table ACT_RE_PROCDEF ( 
ID_ varchar(64) NOT NULL, 
REV_ integer, 
CATEGORY_ varchar(255), 
NAME_ varchar(255), 
KEY_ varchar(255) NOT NULL, 
VERSION_ integer NOT NULL, 
DEPLOYMENT_ID_ varchar(64), 
RESOURCE_NAME_ varchar(4000), 
DGRM_RESOURCE_NAME_ varchar(4000), 
DESCRIPTION_ varchar(4000), 
HAS_START_FORM_KEY_ bit, 
HAS_GRAPHICAL_NOTATION_ bit, 
SUSPENSION_STATE_ integer, 
TENANT_ID_ varchar(255) default &apos;&apos;, 
primary key (ID_) 
)
10:44:57,360 [main] DEBUG org.activiti.engine.impl.db.DbSqlSession  - SQL: create table ACT_RU_TASK ( 
ID_ varchar(64), 
REV_ integer, 
EXECUTION_ID_ varchar(64), 
PROC_INST_ID_ varchar(64), 
PROC_DEF_ID_ varchar(64), 
NAME_ varchar(255), 
PARENT_TASK_ID_ varchar(64), 
DESCRIPTION_ varchar(4000), 
TASK_DEF_KEY_ varchar(255), 
OWNER_ varchar(255), 
ASSIGNEE_ varchar(255), 
DELEGATION_ varchar(64), 
PRIORITY_ integer, 
CREATE_TIME_ timestamp, 
DUE_DATE_ timestamp, 
CATEGORY_ varchar(255), 
SUSPENSION_STATE_ integer, 
TENANT_ID_ varchar(255) default &apos;&apos;, 
FORM_KEY_ varchar(255), 
primary key (ID_) 
)
10:44:57,360 [main] DEBUG org.activiti.engine.impl.db.DbSqlSession  - SQL: create table ACT_RU_IDENTITYLINK ( 
ID_ varchar(64), 
REV_ integer, 
GROUP_ID_ varchar(255), 
TYPE_ varchar(255), 
USER_ID_ varchar(255), 
TASK_ID_ varchar(64), 
PROC_INST_ID_ varchar(64) null, 
PROC_DEF_ID_ varchar(64), 
primary key (ID_) 
)
10:44:57,360 [main] DEBUG org.activiti.engine.impl.db.DbSqlSession  - SQL: create table ACT_RU_VARIABLE ( 
ID_ varchar(64) not null, 
REV_ integer, 
TYPE_ varchar(255) not null, 
NAME_ varchar(255) not null, 
EXECUTION_ID_ varchar(64), 
PROC_INST_ID_ varchar(64), 
TASK_ID_ varchar(64), 
BYTEARRAY_ID_ varchar(64), 
DOUBLE_ double, 
LONG_ bigint, 
TEXT_ varchar(4000), 
TEXT2_ varchar(4000), 
primary key (ID_) 
)
10:44:57,360 [main] DEBUG org.activiti.engine.impl.db.DbSqlSession  - SQL: create table ACT_RU_EVENT_SUBSCR ( 
ID_ varchar(64) not null, 
REV_ integer, 
EVENT_TYPE_ varchar(255) not null, 
EVENT_NAME_ varchar(255), 
EXECUTION_ID_ varchar(64), 
PROC_INST_ID_ varchar(64), 
ACTIVITY_ID_ varchar(64), 
CONFIGURATION_ varchar(255), 
CREATED_ timestamp not null, 
PROC_DEF_ID_ varchar(64), 
TENANT_ID_ varchar(255) default &apos;&apos;, 
primary key (ID_) 
)
10:44:57,360 [main] DEBUG org.activiti.engine.impl.db.DbSqlSession  - SQL: create table ACT_EVT_LOG ( 
LOG_NR_ identity, 
TYPE_ varchar(64), 
PROC_DEF_ID_ varchar(64), 
PROC_INST_ID_ varchar(64), 
EXECUTION_ID_ varchar(64), 
TASK_ID_ varchar(64), 
TIME_STAMP_ timestamp not null, 
USER_ID_ varchar(255), 
DATA_ longvarbinary, 
LOCK_OWNER_ varchar(255), 
LOCK_TIME_ timestamp, 
IS_PROCESSED_ bit default 0 
)
10:44:57,361 [main] DEBUG org.activiti.engine.impl.db.DbSqlSession  - SQL: create table ACT_PROCDEF_INFO ( 
ID_ varchar(64) not null, 
PROC_DEF_ID_ varchar(64) not null, 
REV_ integer, 
INFO_JSON_ID_ varchar(64), 
primary key (ID_) 
)
10:44:57,361 [main] DEBUG org.activiti.engine.impl.db.DbSqlSession  - SQL: create index ACT_IDX_EXEC_BUSKEY on ACT_RU_EXECUTION(BUSINESS_KEY_)
10:44:57,361 [main] DEBUG org.activiti.engine.impl.db.DbSqlSession  - SQL: create index ACT_IDX_TASK_CREATE on ACT_RU_TASK(CREATE_TIME_)
10:44:57,361 [main] DEBUG org.activiti.engine.impl.db.DbSqlSession  - SQL: create index ACT_IDX_IDENT_LNK_USER on ACT_RU_IDENTITYLINK(USER_ID_)
10:44:57,361 [main] DEBUG org.activiti.engine.impl.db.DbSqlSession  - SQL: create index ACT_IDX_IDENT_LNK_GROUP on ACT_RU_IDENTITYLINK(GROUP_ID_)
10:44:57,361 [main] DEBUG org.activiti.engine.impl.db.DbSqlSession  - SQL: create index ACT_IDX_EVENT_SUBSCR_CONFIG_ on ACT_RU_EVENT_SUBSCR(CONFIGURATION_)
10:44:57,361 [main] DEBUG org.activiti.engine.impl.db.DbSqlSession  - SQL: create index ACT_IDX_VARIABLE_TASK_ID on ACT_RU_VARIABLE(TASK_ID_)
10:44:57,361 [main] DEBUG org.activiti.engine.impl.db.DbSqlSession  - SQL: create index ACT_IDX_ATHRZ_PROCEDEF on ACT_RU_IDENTITYLINK(PROC_DEF_ID_)
10:44:57,361 [main] DEBUG org.activiti.engine.impl.db.DbSqlSession  - SQL: create index ACT_IDX_INFO_PROCDEF on ACT_PROCDEF_INFO(PROC_DEF_ID_)
10:44:57,361 [main] DEBUG org.activiti.engine.impl.db.DbSqlSession  - SQL: alter table ACT_GE_BYTEARRAY 
add constraint ACT_FK_BYTEARR_DEPL 
foreign key (DEPLOYMENT_ID_) 
references ACT_RE_DEPLOYMENT
10:44:57,361 [main] DEBUG org.activiti.engine.impl.db.DbSqlSession  - SQL: alter table ACT_RE_PROCDEF 
add constraint ACT_UNIQ_PROCDEF 
unique (KEY_,VERSION_, TENANT_ID_)
10:44:57,361 [main] DEBUG org.activiti.engine.impl.db.DbSqlSession  - SQL: alter table ACT_RU_EXECUTION 
add constraint ACT_FK_EXE_PROCINST 
foreign key (PROC_INST_ID_) 
references ACT_RU_EXECUTION
10:44:57,361 [main] DEBUG org.activiti.engine.impl.db.DbSqlSession  - SQL: alter table ACT_RU_EXECUTION 
add constraint ACT_FK_EXE_PARENT 
foreign key (PARENT_ID_) 
references ACT_RU_EXECUTION
10:44:57,361 [main] DEBUG org.activiti.engine.impl.db.DbSqlSession  - SQL: alter table ACT_RU_EXECUTION 
add constraint ACT_FK_EXE_SUPER 
foreign key (SUPER_EXEC_) 
references ACT_RU_EXECUTION
10:44:57,361 [main] DEBUG org.activiti.engine.impl.db.DbSqlSession  - SQL: alter table ACT_RU_EXECUTION 
add constraint ACT_FK_EXE_PROCDEF 
foreign key (PROC_DEF_ID_) 
references ACT_RE_PROCDEF (ID_)
10:44:57,361 [main] DEBUG org.activiti.engine.impl.db.DbSqlSession  - SQL: alter table ACT_RU_IDENTITYLINK 
add constraint ACT_FK_TSKASS_TASK 
foreign key (TASK_ID_) 
references ACT_RU_TASK
10:44:57,361 [main] DEBUG org.activiti.engine.impl.db.DbSqlSession  - SQL: alter table ACT_RU_IDENTITYLINK 
add constraint ACT_FK_ATHRZ_PROCEDEF 
foreign key (PROC_DEF_ID_) 
references ACT_RE_PROCDEF
10:44:57,361 [main] DEBUG org.activiti.engine.impl.db.DbSqlSession  - SQL: alter table ACT_RU_IDENTITYLINK 
add constraint ACT_FK_IDL_PROCINST 
foreign key (PROC_INST_ID_) 
references ACT_RU_EXECUTION (ID_)
10:44:57,362 [main] DEBUG org.activiti.engine.impl.db.DbSqlSession  - SQL: alter table ACT_RU_TASK 
add constraint ACT_FK_TASK_EXE 
foreign key (EXECUTION_ID_) 
references ACT_RU_EXECUTION
10:44:57,362 [main] DEBUG org.activiti.engine.impl.db.DbSqlSession  - SQL: alter table ACT_RU_TASK 
add constraint ACT_FK_TASK_PROCINST 
foreign key (PROC_INST_ID_) 
references ACT_RU_EXECUTION
10:44:57,362 [main] DEBUG org.activiti.engine.impl.db.DbSqlSession  - SQL: alter table ACT_RU_TASK 
add constraint ACT_FK_TASK_PROCDEF 
foreign key (PROC_DEF_ID_) 
references ACT_RE_PROCDEF
10:44:57,362 [main] DEBUG org.activiti.engine.impl.db.DbSqlSession  - SQL: alter table ACT_RU_VARIABLE 
add constraint ACT_FK_VAR_EXE 
foreign key (EXECUTION_ID_) 
references ACT_RU_EXECUTION
10:44:57,362 [main] DEBUG org.activiti.engine.impl.db.DbSqlSession  - SQL: alter table ACT_RU_VARIABLE 
add constraint ACT_FK_VAR_PROCINST 
foreign key (PROC_INST_ID_) 
references ACT_RU_EXECUTION
10:44:57,362 [main] DEBUG org.activiti.engine.impl.db.DbSqlSession  - SQL: alter table ACT_RU_VARIABLE 
add constraint ACT_FK_VAR_BYTEARRAY 
foreign key (BYTEARRAY_ID_) 
references ACT_GE_BYTEARRAY
10:44:57,362 [main] DEBUG org.activiti.engine.impl.db.DbSqlSession  - SQL: alter table ACT_RU_JOB 
add constraint ACT_FK_JOB_EXCEPTION 
foreign key (EXCEPTION_STACK_ID_) 
references ACT_GE_BYTEARRAY
10:44:57,362 [main] DEBUG org.activiti.engine.impl.db.DbSqlSession  - SQL: alter table ACT_RU_EVENT_SUBSCR 
add constraint ACT_FK_EVENT_EXEC 
foreign key (EXECUTION_ID_) 
references ACT_RU_EXECUTION
10:44:57,362 [main] DEBUG org.activiti.engine.impl.db.DbSqlSession  - SQL: alter table ACT_RE_MODEL 
add constraint ACT_FK_MODEL_SOURCE 
foreign key (EDITOR_SOURCE_VALUE_ID_) 
references ACT_GE_BYTEARRAY (ID_)
10:44:57,362 [main] DEBUG org.activiti.engine.impl.db.DbSqlSession  - SQL: alter table ACT_RE_MODEL 
add constraint ACT_FK_MODEL_SOURCE_EXTRA 
foreign key (EDITOR_SOURCE_EXTRA_VALUE_ID_) 
references ACT_GE_BYTEARRAY (ID_)
10:44:57,362 [main] DEBUG org.activiti.engine.impl.db.DbSqlSession  - SQL: alter table ACT_RE_MODEL 
add constraint ACT_FK_MODEL_DEPLOYMENT 
foreign key (DEPLOYMENT_ID_) 
references ACT_RE_DEPLOYMENT (ID_)
10:44:57,362 [main] DEBUG org.activiti.engine.impl.db.DbSqlSession  - SQL: alter table ACT_PROCDEF_INFO 
add constraint ACT_FK_INFO_JSON_BA 
foreign key (INFO_JSON_ID_) 
references ACT_GE_BYTEARRAY (ID_)
10:44:57,362 [main] DEBUG org.activiti.engine.impl.db.DbSqlSession  - SQL: alter table ACT_PROCDEF_INFO 
add constraint ACT_FK_INFO_PROCDEF 
foreign key (PROC_DEF_ID_) 
references ACT_RE_PROCDEF (ID_)
10:44:57,362 [main] DEBUG org.activiti.engine.impl.db.DbSqlSession  - SQL: alter table ACT_PROCDEF_INFO 
add constraint ACT_UNIQ_INFO_PROCDEF 
unique (PROC_DEF_ID_)
10:44:57,362 [main] DEBUG org.activiti.engine.impl.db.DbSqlSession  - activiti db schema create for component engine successful
10:44:57,362 [main] INFO  org.activiti.engine.impl.db.DbSqlSession  - performing create on history with resource org/activiti/db/create/activiti.h2.create.history.sql
10:44:57,362 [main] DEBUG org.activiti.engine.impl.db.DbSqlSession  - SQL: create table ACT_HI_PROCINST ( 
ID_ varchar(64) not null, 
PROC_INST_ID_ varchar(64) not null, 
BUSINESS_KEY_ varchar(255), 
PROC_DEF_ID_ varchar(64) not null, 
START_TIME_ timestamp not null, 
END_TIME_ timestamp, 
DURATION_ bigint, 
START_USER_ID_ varchar(255), 
START_ACT_ID_ varchar(255), 
END_ACT_ID_ varchar(255), 
SUPER_PROCESS_INSTANCE_ID_ varchar(64), 
DELETE_REASON_ varchar(4000), 
TENANT_ID_ varchar(255) default &apos;&apos;, 
NAME_ varchar(255), 
primary key (ID_), 
unique (PROC_INST_ID_) 
)
10:44:57,363 [main] DEBUG org.activiti.engine.impl.db.DbSqlSession  - SQL: create table ACT_HI_ACTINST ( 
ID_ varchar(64) not null, 
PROC_DEF_ID_ varchar(64) not null, 
PROC_INST_ID_ varchar(64) not null, 
EXECUTION_ID_ varchar(64) not null, 
ACT_ID_ varchar(255) not null, 
TASK_ID_ varchar(64), 
CALL_PROC_INST_ID_ varchar(64), 
ACT_NAME_ varchar(255), 
ACT_TYPE_ varchar(255) not null, 
ASSIGNEE_ varchar(255), 
START_TIME_ timestamp not null, 
END_TIME_ timestamp, 
DURATION_ bigint, 
TENANT_ID_ varchar(255) default &apos;&apos;, 
primary key (ID_) 
)
10:44:57,363 [main] DEBUG org.activiti.engine.impl.db.DbSqlSession  - SQL: create table ACT_HI_TASKINST ( 
ID_ varchar(64) not null, 
PROC_DEF_ID_ varchar(64), 
TASK_DEF_KEY_ varchar(255), 
PROC_INST_ID_ varchar(64), 
EXECUTION_ID_ varchar(64), 
NAME_ varchar(255), 
PARENT_TASK_ID_ varchar(64), 
DESCRIPTION_ varchar(4000), 
OWNER_ varchar(255), 
ASSIGNEE_ varchar(255), 
START_TIME_ timestamp not null, 
CLAIM_TIME_ timestamp, 
END_TIME_ timestamp, 
DURATION_ bigint, 
DELETE_REASON_ varchar(4000), 
PRIORITY_ integer, 
DUE_DATE_ timestamp, 
FORM_KEY_ varchar(255), 
CATEGORY_ varchar(255), 
TENANT_ID_ varchar(255) default &apos;&apos;, 
primary key (ID_) 
)
10:44:57,363 [main] DEBUG org.activiti.engine.impl.db.DbSqlSession  - SQL: create table ACT_HI_VARINST ( 
ID_ varchar(64) not null, 
PROC_INST_ID_ varchar(64), 
EXECUTION_ID_ varchar(64), 
TASK_ID_ varchar(64), 
NAME_ varchar(255) not null, 
VAR_TYPE_ varchar(100), 
REV_ integer, 
BYTEARRAY_ID_ varchar(64), 
DOUBLE_ double, 
LONG_ bigint, 
TEXT_ varchar(4000), 
TEXT2_ varchar(4000), 
CREATE_TIME_ timestamp, 
LAST_UPDATED_TIME_ timestamp, 
primary key (ID_) 
)
10:44:57,363 [main] DEBUG org.activiti.engine.impl.db.DbSqlSession  - SQL: create table ACT_HI_DETAIL ( 
ID_ varchar(64) not null, 
TYPE_ varchar(255) not null, 
TIME_ timestamp not null, 
NAME_ varchar(255), 
PROC_INST_ID_ varchar(64), 
EXECUTION_ID_ varchar(64), 
TASK_ID_ varchar(64), 
ACT_INST_ID_ varchar(64), 
VAR_TYPE_ varchar(255), 
REV_ integer, 
BYTEARRAY_ID_ varchar(64), 
DOUBLE_ double, 
LONG_ bigint, 
TEXT_ varchar(4000), 
TEXT2_ varchar(4000), 
primary key (ID_) 
)
10:44:57,363 [main] DEBUG org.activiti.engine.impl.db.DbSqlSession  - SQL: create table ACT_HI_COMMENT ( 
ID_ varchar(64) not null, 
TYPE_ varchar(255), 
TIME_ timestamp not null, 
USER_ID_ varchar(255), 
TASK_ID_ varchar(64), 
PROC_INST_ID_ varchar(64), 
ACTION_ varchar(255), 
MESSAGE_ varchar(4000), 
FULL_MSG_ longvarbinary, 
primary key (ID_) 
)
10:44:57,363 [main] DEBUG org.activiti.engine.impl.db.DbSqlSession  - SQL: create table ACT_HI_ATTACHMENT ( 
ID_ varchar(64) not null, 
REV_ integer, 
USER_ID_ varchar(255), 
NAME_ varchar(255), 
DESCRIPTION_ varchar(4000), 
TYPE_ varchar(255), 
TASK_ID_ varchar(64), 
PROC_INST_ID_ varchar(64), 
URL_ varchar(4000), 
CONTENT_ID_ varchar(64), 
TIME_ timestamp, 
primary key (ID_) 
)
10:44:57,363 [main] DEBUG org.activiti.engine.impl.db.DbSqlSession  - SQL: create table ACT_HI_IDENTITYLINK ( 
ID_ varchar(64), 
GROUP_ID_ varchar(255), 
TYPE_ varchar(255), 
USER_ID_ varchar(255), 
TASK_ID_ varchar(64), 
PROC_INST_ID_ varchar(64) null, 
primary key (ID_) 
)
10:44:57,363 [main] DEBUG org.activiti.engine.impl.db.DbSqlSession  - SQL: create index ACT_IDX_HI_PRO_INST_END on ACT_HI_PROCINST(END_TIME_)
10:44:57,363 [main] DEBUG org.activiti.engine.impl.db.DbSqlSession  - SQL: create index ACT_IDX_HI_PRO_I_BUSKEY on ACT_HI_PROCINST(BUSINESS_KEY_)
10:44:57,363 [main] DEBUG org.activiti.engine.impl.db.DbSqlSession  - SQL: create index ACT_IDX_HI_ACT_INST_START on ACT_HI_ACTINST(START_TIME_)
10:44:57,363 [main] DEBUG org.activiti.engine.impl.db.DbSqlSession  - SQL: create index ACT_IDX_HI_ACT_INST_END on ACT_HI_ACTINST(END_TIME_)
10:44:57,363 [main] DEBUG org.activiti.engine.impl.db.DbSqlSession  - SQL: create index ACT_IDX_HI_DETAIL_PROC_INST on ACT_HI_DETAIL(PROC_INST_ID_)
10:44:57,363 [main] DEBUG org.activiti.engine.impl.db.DbSqlSession  - SQL: create index ACT_IDX_HI_DETAIL_ACT_INST on ACT_HI_DETAIL(ACT_INST_ID_)
10:44:57,363 [main] DEBUG org.activiti.engine.impl.db.DbSqlSession  - SQL: create index ACT_IDX_HI_DETAIL_TIME on ACT_HI_DETAIL(TIME_)
10:44:57,363 [main] DEBUG org.activiti.engine.impl.db.DbSqlSession  - SQL: create index ACT_IDX_HI_DETAIL_NAME on ACT_HI_DETAIL(NAME_)
10:44:57,363 [main] DEBUG org.activiti.engine.impl.db.DbSqlSession  - SQL: create index ACT_IDX_HI_DETAIL_TASK_ID on ACT_HI_DETAIL(TASK_ID_)
10:44:57,363 [main] DEBUG org.activiti.engine.impl.db.DbSqlSession  - SQL: create index ACT_IDX_HI_PROCVAR_PROC_INST on ACT_HI_VARINST(PROC_INST_ID_)
10:44:57,363 [main] DEBUG org.activiti.engine.impl.db.DbSqlSession  - SQL: create index ACT_IDX_HI_PROCVAR_NAME_TYPE on ACT_HI_VARINST(NAME_, VAR_TYPE_)
10:44:57,363 [main] DEBUG org.activiti.engine.impl.db.DbSqlSession  - SQL: create index ACT_IDX_HI_PROCVAR_TASK_ID on ACT_HI_VARINST(TASK_ID_)
10:44:57,363 [main] DEBUG org.activiti.engine.impl.db.DbSqlSession  - SQL: create index ACT_IDX_HI_ACT_INST_PROCINST on ACT_HI_ACTINST(PROC_INST_ID_, ACT_ID_)
10:44:57,363 [main] DEBUG org.activiti.engine.impl.db.DbSqlSession  - SQL: create index ACT_IDX_HI_IDENT_LNK_USER on ACT_HI_IDENTITYLINK(USER_ID_)
10:44:57,363 [main] DEBUG org.activiti.engine.impl.db.DbSqlSession  - SQL: create index ACT_IDX_HI_IDENT_LNK_TASK on ACT_HI_IDENTITYLINK(TASK_ID_)
10:44:57,363 [main] DEBUG org.activiti.engine.impl.db.DbSqlSession  - SQL: create index ACT_IDX_HI_IDENT_LNK_PROCINST on ACT_HI_IDENTITYLINK(PROC_INST_ID_)
10:44:57,363 [main] DEBUG org.activiti.engine.impl.db.DbSqlSession  - SQL: create index ACT_IDX_HI_ACT_INST_EXEC on ACT_HI_ACTINST(EXECUTION_ID_, ACT_ID_)
10:44:57,363 [main] DEBUG org.activiti.engine.impl.db.DbSqlSession  - SQL: create index ACT_IDX_HI_TASK_INST_PROCINST on ACT_HI_TASKINST(PROC_INST_ID_)
10:44:57,363 [main] DEBUG org.activiti.engine.impl.db.DbSqlSession  - activiti db schema create for component history successful
10:44:57,363 [main] INFO  org.activiti.engine.impl.db.DbSqlSession  - performing create on identity with resource org/activiti/db/create/activiti.h2.create.identity.sql
10:44:57,363 [main] DEBUG org.activiti.engine.impl.db.DbSqlSession  - SQL: create table ACT_ID_GROUP ( 
ID_ varchar(64), 
REV_ integer, 
NAME_ varchar(255), 
TYPE_ varchar(255), 
primary key (ID_) 
)
10:44:57,363 [main] DEBUG org.activiti.engine.impl.db.DbSqlSession  - SQL: create table ACT_ID_MEMBERSHIP ( 
USER_ID_ varchar(64), 
GROUP_ID_ varchar(64), 
primary key (USER_ID_, GROUP_ID_) 
)
10:44:57,363 [main] DEBUG org.activiti.engine.impl.db.DbSqlSession  - SQL: create table ACT_ID_USER ( 
ID_ varchar(64), 
REV_ integer, 
FIRST_ varchar(255), 
LAST_ varchar(255), 
EMAIL_ varchar(255), 
PWD_ varchar(255), 
PICTURE_ID_ varchar(64), 
primary key (ID_) 
)
10:44:57,363 [main] DEBUG org.activiti.engine.impl.db.DbSqlSession  - SQL: create table ACT_ID_INFO ( 
ID_ varchar(64), 
REV_ integer, 
USER_ID_ varchar(64), 
TYPE_ varchar(64), 
KEY_ varchar(255), 
VALUE_ varchar(255), 
PASSWORD_ longvarbinary, 
PARENT_ID_ varchar(255), 
primary key (ID_) 
)
10:44:57,363 [main] DEBUG org.activiti.engine.impl.db.DbSqlSession  - SQL: alter table ACT_ID_MEMBERSHIP 
add constraint ACT_FK_MEMB_GROUP 
foreign key (GROUP_ID_) 
references ACT_ID_GROUP
10:44:57,363 [main] DEBUG org.activiti.engine.impl.db.DbSqlSession  - SQL: alter table ACT_ID_MEMBERSHIP 
add constraint ACT_FK_MEMB_USER 
foreign key (USER_ID_) 
references ACT_ID_USER
10:44:57,363 [main] DEBUG org.activiti.engine.impl.db.DbSqlSession  - activiti db schema create for component identity successful
10:44:57,363 [main] DEBUG org.activiti.engine.impl.db.DbSqlSession  - flush summary: 0 insert, 0 update, 0 delete.
10:44:57,363 [main] DEBUG org.activiti.engine.impl.db.DbSqlSession  - now executing flush...
10:44:57,363 [main] DEBUG org.activiti.engine.impl.cfg.standalone.StandaloneMybatisTransactionContext  - firing event committing...
10:44:57,363 [main] DEBUG org.activiti.engine.impl.cfg.standalone.StandaloneMybatisTransactionContext  - committing the ibatis sql session...
10:44:57,363 [main] DEBUG org.activiti.engine.impl.cfg.standalone.StandaloneMybatisTransactionContext  - firing event committed...
10:44:57,363 [main] DEBUG org.apache.ibatis.transaction.jdbc.JdbcTransaction  - Resetting autocommit to true on JDBC Connection [conn4: url=jdbc:h2:mem:activiti user=SA]
10:44:57,363 [main] DEBUG org.apache.ibatis.transaction.jdbc.JdbcTransaction  - Closing JDBC Connection [conn4: url=jdbc:h2:mem:activiti user=SA]
10:44:57,363 [main] DEBUG org.apache.ibatis.datasource.pooled.PooledDataSource  - Returned connection 297240765 to pool.
10:44:57,363 [main] DEBUG org.activiti.engine.impl.interceptor.LogInterceptor  - ---  finished --------------------------------------------------------
10:44:57,363 [main] DEBUG org.activiti.engine.impl.interceptor.LogInterceptor  - 

</system-out>
  </testcase>
</testsuite>