<?xml version="1.0" encoding="UTF-8" ?>
<testsuite tests="4" failures="0" name="org.activiti.engine.test.db.VariableScopeTest" time="0.061" errors="4" skipped="0">
  <properties>
    <property name="idea.version" value="2022.3.1"/>
    <property name="java.runtime.name" value="Java(TM) SE Runtime Environment"/>
    <property name="sun.boot.library.path" value="C:\Program Files\Java\jdk1.8.0_351\jre\bin"/>
    <property name="java.vm.version" value="25.351-b10"/>
    <property name="java.vm.vendor" value="Oracle Corporation"/>
    <property name="java.vendor.url" value="http://java.oracle.com/"/>
    <property name="path.separator" value=";"/>
    <property name="java.vm.name" value="Java HotSpot(TM) 64-Bit Server VM"/>
    <property name="file.encoding.pkg" value="sun.io"/>
    <property name="user.script" value=""/>
    <property name="user.country" value="CN"/>
    <property name="sun.java.launcher" value="SUN_STANDARD"/>
    <property name="sun.os.patch.level" value=""/>
    <property name="java.vm.specification.name" value="Java Virtual Machine Specification"/>
    <property name="user.dir" value="D:\xinchuang\activiti-engine-5.19.0.2"/>
    <property name="java.runtime.version" value="1.8.0_351-b10"/>
    <property name="java.awt.graphicsenv" value="sun.awt.Win32GraphicsEnvironment"/>
    <property name="basedir" value="D:\xinchuang\activiti-engine-5.19.0.2"/>
    <property name="java.endorsed.dirs" value="C:\Program Files\Java\jdk1.8.0_351\jre\lib\endorsed"/>
    <property name="os.arch" value="amd64"/>
    <property name="surefire.real.class.path" value="D:\xinchuang\activiti-engine-5.19.0.2\target\surefire\surefirebooter2972839343429811619.jar"/>
    <property name="java.io.tmpdir" value="C:\Users\ryan\AppData\Local\Temp\"/>
    <property name="line.separator" value="
"/>
    <property name="java.vm.specification.vendor" value="Oracle Corporation"/>
    <property name="user.variant" value=""/>
    <property name="os.name" value="Windows 11"/>
    <property name="sun.jnu.encoding" value="GBK"/>
    <property name="java.library.path" value="C:\Program Files\Java\jdk1.8.0_351\jre\bin;C:\WINDOWS\Sun\Java\bin;C:\WINDOWS\system32;C:\WINDOWS;C:\Program Files (x86)\Common Files\Oracle\Java\javapath;D:\Program Files (x86)\VMware\VMware Workstation\bin\;C:\ProgramData\Oracle\Java\javapath;C:\WINDOWS\system32;C:\WINDOWS;C:\WINDOWS\System32\Wbem;C:\WINDOWS\System32\WindowsPowerShell\v1.0\;C:\WINDOWS\System32\OpenSSH\;d:\Program Files\Git\cmd;D:\Program Files\apache-maven-3.6.1\bin;C:\Program Files\Java\jdk1.8.0_351\bin;D:\Program Files\nodejs\;C:\Program Files\Bandizip\;D:\Program Files (x86)\NetSarang\Xshell 7\;D:\Program Files (x86)\NetSarang\Xftp 7\;D:\Program Files\cmder;;C:\Program Files (x86)\Tencent\微信web开发者工具\dll;C:\Users\ryan\.app\;C:\Users\ryan\AppData\Local\Programs\Python\Python38\Scripts\;C:\Users\ryan\AppData\Local\Programs\Python\Python38\;C:\Users\ryan\AppData\Local\Microsoft\WindowsApps;D:\Program Files\Microsoft VS Code\bin;C:\Users\ryan\AppData\Roaming\npm;d:\Program Files\JetBrains\IntelliJ IDEA 2020.3\bin;;d:\Program Files\JetBrains\DataGrip 2021.1.3\bin;;;."/>
    <property name="surefire.test.class.path" value="D:\xinchuang\activiti-engine-5.19.0.2\target\test-classes;D:\xinchuang\activiti-engine-5.19.0.2\target\classes;D:\Program Files\apache-maven-3.6.1\shanxi\org\activiti\activiti-bpmn-converter\5.19.0.2\activiti-bpmn-converter-5.19.0.2.jar;D:\Program Files\apache-maven-3.6.1\shanxi\org\activiti\activiti-bpmn-model\5.19.0.2\activiti-bpmn-model-5.19.0.2.jar;D:\Program Files\apache-maven-3.6.1\shanxi\com\fasterxml\jackson\core\jackson-core\2.2.3\jackson-core-2.2.3.jar;D:\Program Files\apache-maven-3.6.1\shanxi\com\fasterxml\jackson\core\jackson-databind\2.2.3\jackson-databind-2.2.3.jar;D:\Program Files\apache-maven-3.6.1\shanxi\com\fasterxml\jackson\core\jackson-annotations\2.2.3\jackson-annotations-2.2.3.jar;D:\Program Files\apache-maven-3.6.1\shanxi\org\activiti\activiti-process-validation\5.19.0.2\activiti-process-validation-5.19.0.2.jar;D:\Program Files\apache-maven-3.6.1\shanxi\org\activiti\activiti-image-generator\5.19.0.2\activiti-image-generator-5.19.0.2.jar;D:\Program Files\apache-maven-3.6.1\shanxi\org\apache\commons\commons-email\1.4\commons-email-1.4.jar;D:\Program Files\apache-maven-3.6.1\shanxi\com\sun\mail\javax.mail\1.5.2\javax.mail-1.5.2.jar;D:\Program Files\apache-maven-3.6.1\shanxi\javax\activation\activation\1.1.1\activation-1.1.1.jar;D:\Program Files\apache-maven-3.6.1\shanxi\org\apache\commons\commons-lang3\3.3.2\commons-lang3-3.3.2.jar;D:\Program Files\apache-maven-3.6.1\shanxi\org\mybatis\mybatis\3.3.0\mybatis-3.3.0.jar;D:\Program Files\apache-maven-3.6.1\shanxi\org\springframework\spring-beans\4.1.5.RELEASE\spring-beans-4.1.5.RELEASE.jar;D:\Program Files\apache-maven-3.6.1\shanxi\org\springframework\spring-core\4.1.5.RELEASE\spring-core-4.1.5.RELEASE.jar;D:\Program Files\apache-maven-3.6.1\shanxi\junit\junit\4.11\junit-4.11.jar;D:\Program Files\apache-maven-3.6.1\shanxi\org\hamcrest\hamcrest-core\1.3\hamcrest-core-1.3.jar;D:\Program Files\apache-maven-3.6.1\shanxi\org\codehaus\groovy\groovy-all\2.4.3\groovy-all-2.4.3.jar;D:\Program Files\apache-maven-3.6.1\shanxi\org\drools\drools-core\5.5.0.Final\drools-core-5.5.0.Final.jar;D:\Program Files\apache-maven-3.6.1\shanxi\org\mvel\mvel2\2.1.3.Final\mvel2-2.1.3.Final.jar;D:\Program Files\apache-maven-3.6.1\shanxi\org\drools\knowledge-api\5.5.0.Final\knowledge-api-5.5.0.Final.jar;D:\Program Files\apache-maven-3.6.1\shanxi\org\drools\knowledge-internal-api\5.5.0.Final\knowledge-internal-api-5.5.0.Final.jar;D:\Program Files\apache-maven-3.6.1\shanxi\org\drools\drools-compiler\5.5.0.Final\drools-compiler-5.5.0.Final.jar;D:\Program Files\apache-maven-3.6.1\shanxi\org\antlr\antlr-runtime\3.3\antlr-runtime-3.3.jar;D:\Program Files\apache-maven-3.6.1\shanxi\org\antlr\antlr\3.3\antlr-3.3.jar;D:\Program Files\apache-maven-3.6.1\shanxi\org\antlr\stringtemplate\3.2.1\stringtemplate-3.2.1.jar;D:\Program Files\apache-maven-3.6.1\shanxi\antlr\antlr\2.7.7\antlr-2.7.7.jar;D:\Program Files\apache-maven-3.6.1\shanxi\org\eclipse\jdt\core\compiler\ecj\3.5.1\ecj-3.5.1.jar;D:\Program Files\apache-maven-3.6.1\shanxi\com\thoughtworks\xstream\xstream\1.4.1\xstream-1.4.1.jar;D:\Program Files\apache-maven-3.6.1\shanxi\xmlpull\xmlpull\1.1.3.1\xmlpull-1.1.3.1.jar;D:\Program Files\apache-maven-3.6.1\shanxi\xpp3\xpp3_min\1.1.4c\xpp3_min-1.1.4c.jar;D:\Program Files\apache-maven-3.6.1\shanxi\javax\persistence\persistence-api\1.0\persistence-api-1.0.jar;D:\Program Files\apache-maven-3.6.1\shanxi\org\apache\geronimo\specs\geronimo-jta_1.1_spec\1.1.1\geronimo-jta_1.1_spec-1.1.1.jar;D:\Program Files\apache-maven-3.6.1\shanxi\javax\enterprise\concurrent\javax.enterprise.concurrent-api\1.0\javax.enterprise.concurrent-api-1.0.jar;D:\Program Files\apache-maven-3.6.1\shanxi\com\h2database\h2\1.3.176\h2-1.3.176.jar;D:\Program Files\apache-maven-3.6.1\shanxi\org\mockito\mockito-core\1.8.2\mockito-core-1.8.2.jar;D:\Program Files\apache-maven-3.6.1\shanxi\org\objenesis\objenesis\1.0\objenesis-1.0.jar;D:\Program Files\apache-maven-3.6.1\shanxi\org\apache\openjpa\openjpa\1.2.2\openjpa-1.2.2.jar;D:\Program Files\apache-maven-3.6.1\shanxi\net\sourceforge\serp\serp\1.13.1\serp-1.13.1.jar;D:\Program Files\apache-maven-3.6.1\shanxi\commons-lang\commons-lang\2.1\commons-lang-2.1.jar;D:\Program Files\apache-maven-3.6.1\shanxi\commons-collections\commons-collections\3.2\commons-collections-3.2.jar;D:\Program Files\apache-maven-3.6.1\shanxi\commons-pool\commons-pool\1.3\commons-pool-1.3.jar;D:\Program Files\apache-maven-3.6.1\shanxi\org\apache\geronimo\specs\geronimo-jms_1.1_spec\1.0.1\geronimo-jms_1.1_spec-1.0.1.jar;D:\Program Files\apache-maven-3.6.1\shanxi\org\apache\geronimo\specs\geronimo-jpa_3.0_spec\1.0\geronimo-jpa_3.0_spec-1.0.jar;D:\Program Files\apache-maven-3.6.1\shanxi\org\subethamail\subethasmtp-wiser\1.2\subethasmtp-wiser-1.2.jar;D:\Program Files\apache-maven-3.6.1\shanxi\org\subethamail\subethasmtp-smtp\1.2\subethasmtp-smtp-1.2.jar;D:\Program Files\apache-maven-3.6.1\shanxi\javax\mail\mail\1.4.1\mail-1.4.1.jar;D:\Program Files\apache-maven-3.6.1\shanxi\mysql\mysql-connector-java\5.1.27\mysql-connector-java-5.1.27.jar;D:\Program Files\apache-maven-3.6.1\shanxi\org\postgresql\postgresql\9.4-1201-jdbc4\postgresql-9.4-1201-jdbc4.jar;D:\Program Files\apache-maven-3.6.1\shanxi\net\sourceforge\jtds\jtds\1.3.0\jtds-1.3.0.jar;D:\Program Files\apache-maven-3.6.1\shanxi\com\fasterxml\uuid\java-uuid-generator\3.1.3\java-uuid-generator-3.1.3.jar;D:\Program Files\apache-maven-3.6.1\shanxi\log4j\log4j\1.2.13\log4j-1.2.13.jar;D:\Program Files\apache-maven-3.6.1\shanxi\commons-io\commons-io\2.0.1\commons-io-2.0.1.jar;D:\Program Files\apache-maven-3.6.1\shanxi\joda-time\joda-time\2.6\joda-time-2.6.jar;D:\Program Files\apache-maven-3.6.1\shanxi\org\slf4j\slf4j-api\1.7.6\slf4j-api-1.7.6.jar;D:\Program Files\apache-maven-3.6.1\shanxi\org\slf4j\jcl-over-slf4j\1.7.6\jcl-over-slf4j-1.7.6.jar;D:\Program Files\apache-maven-3.6.1\shanxi\org\slf4j\slf4j-log4j12\1.7.6\slf4j-log4j12-1.7.6.jar;D:\Program Files\apache-maven-3.6.1\shanxi\com\googlecode\catch-exception\catch-exception\1.2.0\catch-exception-1.2.0.jar;D:\Program Files\apache-maven-3.6.1\shanxi\org\codehaus\btm\btm\2.1.3\btm-2.1.3.jar;D:\Program Files\apache-maven-3.6.1\shanxi\javax\transaction\jta\1.1\jta-1.1.jar;"/>
    <property name="sun.awt.enableExtraMouseButtons" value="true"/>
    <property name="java.specification.name" value="Java Platform API Specification"/>
    <property name="java.class.version" value="52.0"/>
    <property name="sun.management.compiler" value="HotSpot 64-Bit Tiered Compilers"/>
    <property name="maven.repo.local" value="D:\Program Files\apache-maven-3.6.1\shanxi"/>
    <property name="os.version" value="10.0"/>
    <property name="user.home" value="C:\Users\ryan"/>
    <property name="user.timezone" value="Asia/Shanghai"/>
    <property name="java.awt.printerjob" value="sun.awt.windows.WPrinterJob"/>
    <property name="java.specification.version" value="1.8"/>
    <property name="file.encoding" value="GBK"/>
    <property name="user.name" value="ryan"/>
    <property name="java.class.path" value="D:\xinchuang\activiti-engine-5.19.0.2\target\test-classes;D:\xinchuang\activiti-engine-5.19.0.2\target\classes;D:\Program Files\apache-maven-3.6.1\shanxi\org\activiti\activiti-bpmn-converter\5.19.0.2\activiti-bpmn-converter-5.19.0.2.jar;D:\Program Files\apache-maven-3.6.1\shanxi\org\activiti\activiti-bpmn-model\5.19.0.2\activiti-bpmn-model-5.19.0.2.jar;D:\Program Files\apache-maven-3.6.1\shanxi\com\fasterxml\jackson\core\jackson-core\2.2.3\jackson-core-2.2.3.jar;D:\Program Files\apache-maven-3.6.1\shanxi\com\fasterxml\jackson\core\jackson-databind\2.2.3\jackson-databind-2.2.3.jar;D:\Program Files\apache-maven-3.6.1\shanxi\com\fasterxml\jackson\core\jackson-annotations\2.2.3\jackson-annotations-2.2.3.jar;D:\Program Files\apache-maven-3.6.1\shanxi\org\activiti\activiti-process-validation\5.19.0.2\activiti-process-validation-5.19.0.2.jar;D:\Program Files\apache-maven-3.6.1\shanxi\org\activiti\activiti-image-generator\5.19.0.2\activiti-image-generator-5.19.0.2.jar;D:\Program Files\apache-maven-3.6.1\shanxi\org\apache\commons\commons-email\1.4\commons-email-1.4.jar;D:\Program Files\apache-maven-3.6.1\shanxi\com\sun\mail\javax.mail\1.5.2\javax.mail-1.5.2.jar;D:\Program Files\apache-maven-3.6.1\shanxi\javax\activation\activation\1.1.1\activation-1.1.1.jar;D:\Program Files\apache-maven-3.6.1\shanxi\org\apache\commons\commons-lang3\3.3.2\commons-lang3-3.3.2.jar;D:\Program Files\apache-maven-3.6.1\shanxi\org\mybatis\mybatis\3.3.0\mybatis-3.3.0.jar;D:\Program Files\apache-maven-3.6.1\shanxi\org\springframework\spring-beans\4.1.5.RELEASE\spring-beans-4.1.5.RELEASE.jar;D:\Program Files\apache-maven-3.6.1\shanxi\org\springframework\spring-core\4.1.5.RELEASE\spring-core-4.1.5.RELEASE.jar;D:\Program Files\apache-maven-3.6.1\shanxi\junit\junit\4.11\junit-4.11.jar;D:\Program Files\apache-maven-3.6.1\shanxi\org\hamcrest\hamcrest-core\1.3\hamcrest-core-1.3.jar;D:\Program Files\apache-maven-3.6.1\shanxi\org\codehaus\groovy\groovy-all\2.4.3\groovy-all-2.4.3.jar;D:\Program Files\apache-maven-3.6.1\shanxi\org\drools\drools-core\5.5.0.Final\drools-core-5.5.0.Final.jar;D:\Program Files\apache-maven-3.6.1\shanxi\org\mvel\mvel2\2.1.3.Final\mvel2-2.1.3.Final.jar;D:\Program Files\apache-maven-3.6.1\shanxi\org\drools\knowledge-api\5.5.0.Final\knowledge-api-5.5.0.Final.jar;D:\Program Files\apache-maven-3.6.1\shanxi\org\drools\knowledge-internal-api\5.5.0.Final\knowledge-internal-api-5.5.0.Final.jar;D:\Program Files\apache-maven-3.6.1\shanxi\org\drools\drools-compiler\5.5.0.Final\drools-compiler-5.5.0.Final.jar;D:\Program Files\apache-maven-3.6.1\shanxi\org\antlr\antlr-runtime\3.3\antlr-runtime-3.3.jar;D:\Program Files\apache-maven-3.6.1\shanxi\org\antlr\antlr\3.3\antlr-3.3.jar;D:\Program Files\apache-maven-3.6.1\shanxi\org\antlr\stringtemplate\3.2.1\stringtemplate-3.2.1.jar;D:\Program Files\apache-maven-3.6.1\shanxi\antlr\antlr\2.7.7\antlr-2.7.7.jar;D:\Program Files\apache-maven-3.6.1\shanxi\org\eclipse\jdt\core\compiler\ecj\3.5.1\ecj-3.5.1.jar;D:\Program Files\apache-maven-3.6.1\shanxi\com\thoughtworks\xstream\xstream\1.4.1\xstream-1.4.1.jar;D:\Program Files\apache-maven-3.6.1\shanxi\xmlpull\xmlpull\1.1.3.1\xmlpull-1.1.3.1.jar;D:\Program Files\apache-maven-3.6.1\shanxi\xpp3\xpp3_min\1.1.4c\xpp3_min-1.1.4c.jar;D:\Program Files\apache-maven-3.6.1\shanxi\javax\persistence\persistence-api\1.0\persistence-api-1.0.jar;D:\Program Files\apache-maven-3.6.1\shanxi\org\apache\geronimo\specs\geronimo-jta_1.1_spec\1.1.1\geronimo-jta_1.1_spec-1.1.1.jar;D:\Program Files\apache-maven-3.6.1\shanxi\javax\enterprise\concurrent\javax.enterprise.concurrent-api\1.0\javax.enterprise.concurrent-api-1.0.jar;D:\Program Files\apache-maven-3.6.1\shanxi\com\h2database\h2\1.3.176\h2-1.3.176.jar;D:\Program Files\apache-maven-3.6.1\shanxi\org\mockito\mockito-core\1.8.2\mockito-core-1.8.2.jar;D:\Program Files\apache-maven-3.6.1\shanxi\org\objenesis\objenesis\1.0\objenesis-1.0.jar;D:\Program Files\apache-maven-3.6.1\shanxi\org\apache\openjpa\openjpa\1.2.2\openjpa-1.2.2.jar;D:\Program Files\apache-maven-3.6.1\shanxi\net\sourceforge\serp\serp\1.13.1\serp-1.13.1.jar;D:\Program Files\apache-maven-3.6.1\shanxi\commons-lang\commons-lang\2.1\commons-lang-2.1.jar;D:\Program Files\apache-maven-3.6.1\shanxi\commons-collections\commons-collections\3.2\commons-collections-3.2.jar;D:\Program Files\apache-maven-3.6.1\shanxi\commons-pool\commons-pool\1.3\commons-pool-1.3.jar;D:\Program Files\apache-maven-3.6.1\shanxi\org\apache\geronimo\specs\geronimo-jms_1.1_spec\1.0.1\geronimo-jms_1.1_spec-1.0.1.jar;D:\Program Files\apache-maven-3.6.1\shanxi\org\apache\geronimo\specs\geronimo-jpa_3.0_spec\1.0\geronimo-jpa_3.0_spec-1.0.jar;D:\Program Files\apache-maven-3.6.1\shanxi\org\subethamail\subethasmtp-wiser\1.2\subethasmtp-wiser-1.2.jar;D:\Program Files\apache-maven-3.6.1\shanxi\org\subethamail\subethasmtp-smtp\1.2\subethasmtp-smtp-1.2.jar;D:\Program Files\apache-maven-3.6.1\shanxi\javax\mail\mail\1.4.1\mail-1.4.1.jar;D:\Program Files\apache-maven-3.6.1\shanxi\mysql\mysql-connector-java\5.1.27\mysql-connector-java-5.1.27.jar;D:\Program Files\apache-maven-3.6.1\shanxi\org\postgresql\postgresql\9.4-1201-jdbc4\postgresql-9.4-1201-jdbc4.jar;D:\Program Files\apache-maven-3.6.1\shanxi\net\sourceforge\jtds\jtds\1.3.0\jtds-1.3.0.jar;D:\Program Files\apache-maven-3.6.1\shanxi\com\fasterxml\uuid\java-uuid-generator\3.1.3\java-uuid-generator-3.1.3.jar;D:\Program Files\apache-maven-3.6.1\shanxi\log4j\log4j\1.2.13\log4j-1.2.13.jar;D:\Program Files\apache-maven-3.6.1\shanxi\commons-io\commons-io\2.0.1\commons-io-2.0.1.jar;D:\Program Files\apache-maven-3.6.1\shanxi\joda-time\joda-time\2.6\joda-time-2.6.jar;D:\Program Files\apache-maven-3.6.1\shanxi\org\slf4j\slf4j-api\1.7.6\slf4j-api-1.7.6.jar;D:\Program Files\apache-maven-3.6.1\shanxi\org\slf4j\jcl-over-slf4j\1.7.6\jcl-over-slf4j-1.7.6.jar;D:\Program Files\apache-maven-3.6.1\shanxi\org\slf4j\slf4j-log4j12\1.7.6\slf4j-log4j12-1.7.6.jar;D:\Program Files\apache-maven-3.6.1\shanxi\com\googlecode\catch-exception\catch-exception\1.2.0\catch-exception-1.2.0.jar;D:\Program Files\apache-maven-3.6.1\shanxi\org\codehaus\btm\btm\2.1.3\btm-2.1.3.jar;D:\Program Files\apache-maven-3.6.1\shanxi\javax\transaction\jta\1.1\jta-1.1.jar;"/>
    <property name="java.vm.specification.version" value="1.8"/>
    <property name="sun.arch.data.model" value="64"/>
    <property name="java.home" value="C:\Program Files\Java\jdk1.8.0_351\jre"/>
    <property name="sun.java.command" value="D:\xinchuang\activiti-engine-5.19.0.2\target\surefire\surefirebooter2972839343429811619.jar D:\xinchuang\activiti-engine-5.19.0.2\target\surefire\surefire1197127065150889766tmp D:\xinchuang\activiti-engine-5.19.0.2\target\surefire\surefire3285776718944652178tmp"/>
    <property name="java.specification.vendor" value="Oracle Corporation"/>
    <property name="user.language" value="en"/>
    <property name="awt.toolkit" value="sun.awt.windows.WToolkit"/>
    <property name="java.vm.info" value="mixed mode"/>
    <property name="java.version" value="1.8.0_351"/>
    <property name="java.ext.dirs" value="C:\Program Files\Java\jdk1.8.0_351\jre\lib\ext;C:\WINDOWS\Sun\Java\lib\ext"/>
    <property name="sun.boot.class.path" value="C:\Program Files\Java\jdk1.8.0_351\jre\lib\resources.jar;C:\Program Files\Java\jdk1.8.0_351\jre\lib\rt.jar;C:\Program Files\Java\jdk1.8.0_351\jre\lib\jsse.jar;C:\Program Files\Java\jdk1.8.0_351\jre\lib\jce.jar;C:\Program Files\Java\jdk1.8.0_351\jre\lib\charsets.jar;C:\Program Files\Java\jdk1.8.0_351\jre\lib\jfr.jar;C:\Program Files\Java\jdk1.8.0_351\jre\classes"/>
    <property name="java.vendor" value="Oracle Corporation"/>
    <property name="java.specification.maintenance.version" value="4"/>
    <property name="localRepository" value="D:\Program Files\apache-maven-3.6.1\shanxi"/>
    <property name="file.separator" value="\"/>
    <property name="java.vendor.url.bug" value="http://bugreport.sun.com/bugreport/"/>
    <property name="sun.cpu.endian" value="little"/>
    <property name="sun.io.unicode.encoding" value="UnicodeLittle"/>
    <property name="sun.desktop" value="windows"/>
    <property name="sun.cpu.isalist" value="amd64"/>
  </properties>
  <testcase classname="org.activiti.engine.test.db.VariableScopeTest" name="testVariableScope" time="0.016">
    <error message="
### Error querying database.  Cause: org.h2.jdbc.JdbcSQLException: Syntax error in SQL statement &quot;SELECT RES.* 
       
    FROM ACT_RE_PROCDEF RES
     
     WHERE  RES.DEPLOYMENT_ID_ = ? 
   
     ORDER BY  ORDER[*] BY RES.ID_ ASC  
    LIMIT ? OFFSET ? &quot;; expected &quot;=, NOT, EXISTS, INTERSECTS, SELECT, FROM&quot;; SQL statement:
select RES.* 
       
    from ACT_RE_PROCDEF RES
     
     WHERE  RES.DEPLOYMENT_ID_ = ? 
   
     order by  order by RES.ID_ asc  
    LIMIT ? OFFSET ? [42001-176]
### The error may exist in org/activiti/db/mapping/entity/ProcessDefinition.xml
### The error may involve org.activiti.engine.impl.persistence.entity.ProcessDefinitionEntity.selectProcessDefinitionsByQueryCriteria
### The error occurred while executing a query
### SQL: select RES.*              from ACT_RE_PROCDEF RES            WHERE  RES.DEPLOYMENT_ID_ = ?           order by  order by RES.ID_ asc       LIMIT ? OFFSET ?
### Cause: org.h2.jdbc.JdbcSQLException: Syntax error in SQL statement &quot;SELECT RES.* 
       
    FROM ACT_RE_PROCDEF RES
     
     WHERE  RES.DEPLOYMENT_ID_ = ? 
   
     ORDER BY  ORDER[*] BY RES.ID_ ASC  
    LIMIT ? OFFSET ? &quot;; expected &quot;=, NOT, EXISTS, INTERSECTS, SELECT, FROM&quot;; SQL statement:
select RES.* 
       
    from ACT_RE_PROCDEF RES
     
     WHERE  RES.DEPLOYMENT_ID_ = ? 
   
     order by  order by RES.ID_ asc  
    LIMIT ? OFFSET ? [42001-176]" type="org.apache.ibatis.exceptions.PersistenceException">org.apache.ibatis.exceptions.PersistenceException: 
### Error querying database.  Cause: org.h2.jdbc.JdbcSQLException: Syntax error in SQL statement &quot;SELECT RES.* 
       
    FROM ACT_RE_PROCDEF RES
     
     WHERE  RES.DEPLOYMENT_ID_ = ? 
   
     ORDER BY  ORDER[*] BY RES.ID_ ASC  
    LIMIT ? OFFSET ? &quot;; expected &quot;=, NOT, EXISTS, INTERSECTS, SELECT, FROM&quot;; SQL statement:
select RES.* 
       
    from ACT_RE_PROCDEF RES
     
     WHERE  RES.DEPLOYMENT_ID_ = ? 
   
     order by  order by RES.ID_ asc  
    LIMIT ? OFFSET ? [42001-176]
### The error may exist in org/activiti/db/mapping/entity/ProcessDefinition.xml
### The error may involve org.activiti.engine.impl.persistence.entity.ProcessDefinitionEntity.selectProcessDefinitionsByQueryCriteria
### The error occurred while executing a query
### SQL: select RES.*              from ACT_RE_PROCDEF RES            WHERE  RES.DEPLOYMENT_ID_ = ?           order by  order by RES.ID_ asc       LIMIT ? OFFSET ?
### Cause: org.h2.jdbc.JdbcSQLException: Syntax error in SQL statement &quot;SELECT RES.* 
       
    FROM ACT_RE_PROCDEF RES
     
     WHERE  RES.DEPLOYMENT_ID_ = ? 
   
     ORDER BY  ORDER[*] BY RES.ID_ ASC  
    LIMIT ? OFFSET ? &quot;; expected &quot;=, NOT, EXISTS, INTERSECTS, SELECT, FROM&quot;; SQL statement:
select RES.* 
       
    from ACT_RE_PROCDEF RES
     
     WHERE  RES.DEPLOYMENT_ID_ = ? 
   
     order by  order by RES.ID_ asc  
    LIMIT ? OFFSET ? [42001-176]
	at org.apache.ibatis.exceptions.ExceptionFactory.wrapException(ExceptionFactory.java:30)
	at org.apache.ibatis.session.defaults.DefaultSqlSession.selectList(DefaultSqlSession.java:122)
	at org.apache.ibatis.session.defaults.DefaultSqlSession.selectList(DefaultSqlSession.java:113)
	at org.activiti.engine.impl.db.DbSqlSession.selectListWithRawParameter(DbSqlSession.java:438)
	at org.activiti.engine.impl.db.DbSqlSession.selectList(DbSqlSession.java:429)
	at org.activiti.engine.impl.db.DbSqlSession.selectList(DbSqlSession.java:419)
	at org.activiti.engine.impl.persistence.entity.ProcessDefinitionEntityManager.findProcessDefinitionsByQueryCriteria(ProcessDefinitionEntityManager.java:57)
	at org.activiti.engine.impl.ProcessDefinitionQueryImpl.executeList(ProcessDefinitionQueryImpl.java:307)
	at org.activiti.engine.impl.AbstractQuery.list(AbstractQuery.java:140)
	at org.activiti.engine.impl.persistence.deploy.DeploymentManager.removeDeployment(DeploymentManager.java:187)
	at org.activiti.engine.impl.cmd.DeleteDeploymentCmd.execute(DeleteDeploymentCmd.java:44)
	at org.activiti.engine.impl.cmd.DeleteDeploymentCmd.execute(DeleteDeploymentCmd.java:24)
	at org.activiti.engine.impl.interceptor.CommandInvoker.execute(CommandInvoker.java:24)
	at org.activiti.engine.impl.interceptor.CommandContextInterceptor.execute(CommandContextInterceptor.java:57)
	at org.activiti.engine.impl.interceptor.LogInterceptor.execute(LogInterceptor.java:37)
	at org.activiti.engine.impl.cfg.CommandExecutorImpl.execute(CommandExecutorImpl.java:40)
	at org.activiti.engine.impl.cfg.CommandExecutorImpl.execute(CommandExecutorImpl.java:35)
	at org.activiti.engine.impl.RepositoryServiceImpl.deleteDeployment(RepositoryServiceImpl.java:90)
	at org.activiti.engine.impl.test.TestHelper.annotationDeploymentTearDown(TestHelper.java:116)
	at org.activiti.engine.impl.test.AbstractActivitiTestCase.runBare(AbstractActivitiTestCase.java:116)
	at junit.framework.TestResult$1.protect(TestResult.java:122)
	at junit.framework.TestResult.runProtected(TestResult.java:142)
	at junit.framework.TestResult.run(TestResult.java:125)
	at junit.framework.TestCase.run(TestCase.java:129)
	at junit.framework.TestSuite.runTest(TestSuite.java:255)
	at junit.framework.TestSuite.run(TestSuite.java:250)
	at org.junit.internal.runners.JUnit38ClassRunner.run(JUnit38ClassRunner.java:84)
	at org.apache.maven.surefire.junit4.JUnit4TestSet.execute(JUnit4TestSet.java:35)
	at org.apache.maven.surefire.junit4.JUnit4Provider.executeTestSet(JUnit4Provider.java:146)
	at org.apache.maven.surefire.junit4.JUnit4Provider.invoke(JUnit4Provider.java:97)
	at sun.reflect.NativeMethodAccessorImpl.invoke0(Native Method)
	at sun.reflect.NativeMethodAccessorImpl.invoke(NativeMethodAccessorImpl.java:62)
	at sun.reflect.DelegatingMethodAccessorImpl.invoke(DelegatingMethodAccessorImpl.java:43)
	at java.lang.reflect.Method.invoke(Method.java:498)
	at org.apache.maven.surefire.booter.ProviderFactory$ClassLoaderProxy.invoke(ProviderFactory.java:103)
	at com.sun.proxy.$Proxy0.invoke(Unknown Source)
	at org.apache.maven.surefire.booter.SurefireStarter.invokeProvider(SurefireStarter.java:145)
	at org.apache.maven.surefire.booter.SurefireStarter.runSuitesInProcess(SurefireStarter.java:87)
	at org.apache.maven.surefire.booter.ForkedBooter.main(ForkedBooter.java:69)
Caused by: org.h2.jdbc.JdbcSQLException: Syntax error in SQL statement &quot;SELECT RES.* 
       
    FROM ACT_RE_PROCDEF RES
     
     WHERE  RES.DEPLOYMENT_ID_ = ? 
   
     ORDER BY  ORDER[*] BY RES.ID_ ASC  
    LIMIT ? OFFSET ? &quot;; expected &quot;=, NOT, EXISTS, INTERSECTS, SELECT, FROM&quot;; SQL statement:
select RES.* 
       
    from ACT_RE_PROCDEF RES
     
     WHERE  RES.DEPLOYMENT_ID_ = ? 
   
     order by  order by RES.ID_ asc  
    LIMIT ? OFFSET ? [42001-176]
	at org.h2.message.DbException.getJdbcSQLException(DbException.java:344)
	at org.h2.message.DbException.getSyntaxError(DbException.java:204)
	at org.h2.command.Parser.getSyntaxError(Parser.java:524)
	at org.h2.command.Parser.readTerm(Parser.java:2688)
	at org.h2.command.Parser.readFactor(Parser.java:2244)
	at org.h2.command.Parser.readSum(Parser.java:2231)
	at org.h2.command.Parser.readConcat(Parser.java:2201)
	at org.h2.command.Parser.readCondition(Parser.java:2051)
	at org.h2.command.Parser.readAnd(Parser.java:2023)
	at org.h2.command.Parser.readExpression(Parser.java:2015)
	at org.h2.command.Parser.parseEndOfQuery(Parser.java:1726)
	at org.h2.command.Parser.parseSelectUnionExtension(Parser.java:1706)
	at org.h2.command.Parser.parseSelectUnion(Parser.java:1675)
	at org.h2.command.Parser.parseSelect(Parser.java:1662)
	at org.h2.command.Parser.parsePrepared(Parser.java:434)
	at org.h2.command.Parser.parse(Parser.java:306)
	at org.h2.command.Parser.parse(Parser.java:282)
	at org.h2.command.Parser.prepareCommand(Parser.java:243)
	at org.h2.engine.Session.prepareLocal(Session.java:442)
	at org.h2.engine.Session.prepareCommand(Session.java:384)
	at org.h2.jdbc.JdbcConnection.prepareCommand(JdbcConnection.java:1188)
	at org.h2.jdbc.JdbcPreparedStatement.&lt;init&gt;(JdbcPreparedStatement.java:73)
	at org.h2.jdbc.JdbcConnection.prepareStatement(JdbcConnection.java:276)
	at sun.reflect.GeneratedMethodAccessor6.invoke(Unknown Source)
	at sun.reflect.DelegatingMethodAccessorImpl.invoke(DelegatingMethodAccessorImpl.java:43)
	at java.lang.reflect.Method.invoke(Method.java:498)
	at org.apache.ibatis.datasource.pooled.PooledConnection.invoke(PooledConnection.java:245)
	at com.sun.proxy.$Proxy12.prepareStatement(Unknown Source)
	at sun.reflect.GeneratedMethodAccessor6.invoke(Unknown Source)
	at sun.reflect.DelegatingMethodAccessorImpl.invoke(DelegatingMethodAccessorImpl.java:43)
	at java.lang.reflect.Method.invoke(Method.java:498)
	at org.apache.ibatis.logging.jdbc.ConnectionLogger.invoke(ConnectionLogger.java:55)
	at com.sun.proxy.$Proxy12.prepareStatement(Unknown Source)
	at org.apache.ibatis.executor.statement.PreparedStatementHandler.instantiateStatement(PreparedStatementHandler.java:79)
	at org.apache.ibatis.executor.statement.BaseStatementHandler.prepare(BaseStatementHandler.java:88)
	at org.apache.ibatis.executor.statement.RoutingStatementHandler.prepare(RoutingStatementHandler.java:58)
	at org.apache.ibatis.executor.SimpleExecutor.prepareStatement(SimpleExecutor.java:76)
	at org.apache.ibatis.executor.SimpleExecutor.doQuery(SimpleExecutor.java:61)
	at org.apache.ibatis.executor.BaseExecutor.queryFromDatabase(BaseExecutor.java:303)
	at org.apache.ibatis.executor.BaseExecutor.query(BaseExecutor.java:154)
	at org.apache.ibatis.executor.CachingExecutor.query(CachingExecutor.java:102)
	at org.apache.ibatis.executor.CachingExecutor.query(CachingExecutor.java:82)
	at org.apache.ibatis.session.defaults.DefaultSqlSession.selectList(DefaultSqlSession.java:120)
	... 37 more
</error>
    <system-out>@SLTests run: 3, Failures: 0, Errors: 3, Skipped: 0, Time elapsed: 0.037 sec &lt;&lt;&lt; FAILURE!
@SLRunning org.activiti.engine.test.db.VariableScopeTest
10:47:17,022 [main] DEBUG org.activiti.engine.impl.test.TestHelper  - annotation @Deployment creates deployment for VariableScopeTest.testVariableScope
10:47:17,023 [main] DEBUG org.activiti.engine.impl.interceptor.LogInterceptor  - 

10:47:17,023 [main] DEBUG org.activiti.engine.impl.interceptor.LogInterceptor  - --- starting DeployCmd --------------------------------------------------------
10:47:17,023 [main] DEBUG org.activiti.engine.impl.bpmn.deployer.BpmnDeployer  - Processing deployment VariableScopeTest.testVariableScope
10:47:17,023 [main] INFO  org.activiti.engine.impl.bpmn.deployer.BpmnDeployer  - Processing resource org/activiti/engine/test/db/VariableScopeTest.testVariableScope.bpmn20.xml
10:47:17,028 [main] DEBUG org.activiti.engine.impl.bpmn.parser.handler.ProcessParseHandler  - Parsing process simpleSubProcess
10:47:17,028 [main] DEBUG org.activiti.engine.impl.bpmn.parser.handler.AbstractBpmnParseHandler  - Parsing activity subProcess
10:47:17,028 [main] DEBUG org.activiti.engine.impl.bpmn.parser.handler.AbstractBpmnParseHandler  - Parsing activity subProcess2
10:47:17,028 [main] DEBUG org.activiti.engine.impl.bpmn.parser.handler.AbstractBpmnParseHandler  - Parsing activity subProcessServiceTask
10:47:17,028 [main] DEBUG org.activiti.engine.impl.bpmn.parser.handler.AbstractBpmnParseHandler  - Parsing activity subProcessTask
10:47:17,028 [main] DEBUG org.activiti.engine.impl.bpmn.parser.handler.AbstractBpmnParseHandler  - Parsing activity subProcess2Start
10:47:17,028 [main] DEBUG org.activiti.engine.impl.bpmn.parser.handler.AbstractBpmnParseHandler  - Parsing activity subProcessEnd2
10:47:17,028 [main] DEBUG org.activiti.engine.impl.bpmn.parser.handler.AbstractBpmnParseHandler  - Parsing activity subProcessStart
10:47:17,028 [main] DEBUG org.activiti.engine.impl.bpmn.parser.handler.AbstractBpmnParseHandler  - Parsing activity subProcessEnd
10:47:17,028 [main] DEBUG org.activiti.engine.impl.bpmn.parser.handler.AbstractBpmnParseHandler  - Parsing activity theStart
10:47:17,028 [main] DEBUG org.activiti.engine.impl.bpmn.parser.handler.AbstractBpmnParseHandler  - Parsing activity theEnd
10:47:17,028 [main] DEBUG org.apache.ibatis.transaction.jdbc.JdbcTransaction  - Opening JDBC Connection
10:47:17,028 [main] DEBUG org.apache.ibatis.datasource.pooled.PooledDataSource  - Checked out connection 297240765 from pool.
10:47:17,028 [main] DEBUG org.apache.ibatis.transaction.jdbc.JdbcTransaction  - Setting autocommit to false on JDBC Connection [conn4: url=jdbc:h2:mem:activiti user=SA]
10:47:17,028 [main] DEBUG org.activiti.engine.impl.persistence.entity.ProcessDefinitionEntity.selectLatestProcessDefinitionByKey  - ==&gt;  Preparing: select * from ACT_RE_PROCDEF where KEY_ = ? and (TENANT_ID_ = &apos;&apos; or TENANT_ID_ is null) and VERSION_ = (select max(VERSION_) from ACT_RE_PROCDEF where KEY_ = ? and (TENANT_ID_ = &apos;&apos; or TENANT_ID_ is null)) 
10:47:17,028 [main] DEBUG org.activiti.engine.impl.persistence.entity.ProcessDefinitionEntity.selectLatestProcessDefinitionByKey  - ==&gt; Parameters: simpleSubProcess(String), simpleSubProcess(String)
10:47:17,028 [main] DEBUG org.activiti.engine.impl.persistence.entity.ProcessDefinitionEntity.selectLatestProcessDefinitionByKey  - &lt;==      Total: 0
10:47:17,029 [main] DEBUG org.activiti.engine.impl.persistence.entity.JobEntity.selectJobByTypeAndProcessDefinitionKeyNoTenantId  - ==&gt;  Preparing: select J.* from ACT_RU_JOB J inner join ACT_RE_PROCDEF P on J.PROC_DEF_ID_ = P.ID_ where J.HANDLER_TYPE_ = ? and P.KEY_ = ? and (P.TENANT_ID_ = &apos;&apos; or P.TENANT_ID_ is null) 
10:47:17,029 [main] DEBUG org.activiti.engine.impl.persistence.entity.JobEntity.selectJobByTypeAndProcessDefinitionKeyNoTenantId  - ==&gt; Parameters: timer-start-event(String), simpleSubProcess(String)
10:47:17,029 [main] DEBUG org.activiti.engine.impl.persistence.entity.JobEntity.selectJobByTypeAndProcessDefinitionKeyNoTenantId  - &lt;==      Total: 0
10:47:17,029 [main] DEBUG org.activiti.engine.impl.persistence.entity.ProcessDefinitionInfoEntity.selectProcessDefinitionInfoByProcessDefinitionId  - ==&gt;  Preparing: select * from ACT_PROCDEF_INFO where PROC_DEF_ID_ = ? 
10:47:17,029 [main] DEBUG org.activiti.engine.impl.persistence.entity.ProcessDefinitionInfoEntity.selectProcessDefinitionInfoByProcessDefinitionId  - ==&gt; Parameters: simpleSubProcess:1:726(String)
10:47:17,029 [main] DEBUG org.activiti.engine.impl.persistence.entity.ProcessDefinitionInfoEntity.selectProcessDefinitionInfoByProcessDefinitionId  - &lt;==      Total: 0
10:47:17,029 [main] DEBUG org.activiti.engine.impl.interceptor.LogInterceptor  - 

10:47:17,029 [main] DEBUG org.activiti.engine.impl.interceptor.LogInterceptor  - --- starting GetProcessDefinitionInfoCmd --------------------------------------------------------
10:47:17,029 [main] DEBUG org.activiti.engine.impl.interceptor.CommandContextInterceptor  - Valid context found. Reusing it for the current command &apos;org.activiti.engine.impl.cmd.GetProcessDefinitionInfoCmd&apos;
10:47:17,029 [main] DEBUG org.activiti.engine.impl.interceptor.LogInterceptor  - 

10:47:17,029 [main] DEBUG org.activiti.engine.impl.interceptor.LogInterceptor  - --- starting  --------------------------------------------------------
10:47:17,029 [main] DEBUG org.activiti.engine.impl.interceptor.CommandContextInterceptor  - Valid context found. Reusing it for the current command &apos;null&apos;
10:47:17,029 [main] DEBUG org.activiti.engine.impl.interceptor.LogInterceptor  - ---  finished --------------------------------------------------------
10:47:17,029 [main] DEBUG org.activiti.engine.impl.interceptor.LogInterceptor  - 

10:47:17,029 [main] DEBUG org.activiti.engine.impl.interceptor.LogInterceptor  - --- GetProcessDefinitionInfoCmd finished --------------------------------------------------------
10:47:17,029 [main] DEBUG org.activiti.engine.impl.interceptor.LogInterceptor  - 

10:47:17,029 [main] DEBUG org.activiti.engine.impl.db.DbSqlSession  -   insert ResourceEntity[id=725, name=org/activiti/engine/test/db/VariableScopeTest.testVariableScope.bpmn20.xml]
10:47:17,029 [main] DEBUG org.activiti.engine.impl.db.DbSqlSession  -   insert DeploymentEntity[id=724, name=VariableScopeTest.testVariableScope]
10:47:17,029 [main] DEBUG org.activiti.engine.impl.db.DbSqlSession  -   insert ProcessDefinitionEntity[simpleSubProcess:1:726]
10:47:17,029 [main] DEBUG org.activiti.engine.impl.db.DbSqlSession  - flush summary: 3 insert, 0 update, 0 delete.
10:47:17,029 [main] DEBUG org.activiti.engine.impl.db.DbSqlSession  - now executing flush...
10:47:17,029 [main] DEBUG org.activiti.engine.impl.db.DbSqlSession  - inserting: ProcessDefinitionEntity[simpleSubProcess:1:726]
10:47:17,029 [main] DEBUG org.activiti.engine.impl.persistence.entity.ProcessDefinitionEntity.insertProcessDefinition  - ==&gt;  Preparing: insert into ACT_RE_PROCDEF(ID_, REV_, CATEGORY_, NAME_, KEY_, VERSION_, DEPLOYMENT_ID_, RESOURCE_NAME_, DGRM_RESOURCE_NAME_, DESCRIPTION_, HAS_START_FORM_KEY_, HAS_GRAPHICAL_NOTATION_ , SUSPENSION_STATE_, TENANT_ID_) values (?, 1, ?, ?, ?, ?, ?, ?, ?, ?, ?, ?, ?, ?) 
10:47:17,029 [main] DEBUG org.activiti.engine.impl.persistence.entity.ProcessDefinitionEntity.insertProcessDefinition  - ==&gt; Parameters: simpleSubProcess:1:726(String), Examples(String), null, simpleSubProcess(String), 1(Integer), 724(String), org/activiti/engine/test/db/VariableScopeTest.testVariableScope.bpmn20.xml(String), null, null, false(Boolean), false(Boolean), 1(Integer), (String)
10:47:17,029 [main] DEBUG org.activiti.engine.impl.persistence.entity.ProcessDefinitionEntity.insertProcessDefinition  - &lt;==    Updates: 1
10:47:17,029 [main] DEBUG org.activiti.engine.impl.db.DbSqlSession  - inserting: DeploymentEntity[id=724, name=VariableScopeTest.testVariableScope]
10:47:17,029 [main] DEBUG org.activiti.engine.impl.persistence.entity.DeploymentEntity.insertDeployment  - ==&gt;  Preparing: insert into ACT_RE_DEPLOYMENT(ID_, NAME_, CATEGORY_, TENANT_ID_, DEPLOY_TIME_) values(?, ?, ?, ?, ?) 
10:47:17,029 [main] DEBUG org.activiti.engine.impl.persistence.entity.DeploymentEntity.insertDeployment  - ==&gt; Parameters: 724(String), VariableScopeTest.testVariableScope(String), null, (String), 2023-03-21 10:47:16.995(Timestamp)
10:47:17,029 [main] DEBUG org.activiti.engine.impl.persistence.entity.DeploymentEntity.insertDeployment  - &lt;==    Updates: 1
10:47:17,029 [main] DEBUG org.activiti.engine.impl.db.DbSqlSession  - inserting: ResourceEntity[id=725, name=org/activiti/engine/test/db/VariableScopeTest.testVariableScope.bpmn20.xml]
10:47:17,029 [main] DEBUG org.activiti.engine.impl.persistence.entity.ResourceEntity.insertResource  - ==&gt;  Preparing: insert into ACT_GE_BYTEARRAY(ID_, REV_, NAME_, BYTES_, DEPLOYMENT_ID_, GENERATED_) values (?, 1, ?, ?, ?, ?) 
10:47:17,029 [main] DEBUG org.activiti.engine.impl.persistence.entity.ResourceEntity.insertResource  - ==&gt; Parameters: 725(String), org/activiti/engine/test/db/VariableScopeTest.testVariableScope.bpmn20.xml(String), java.io.ByteArrayInputStream@22624c80(ByteArrayInputStream), 724(String), false(Boolean)
10:47:17,030 [main] DEBUG org.activiti.engine.impl.persistence.entity.ResourceEntity.insertResource  - &lt;==    Updates: 1
10:47:17,030 [main] DEBUG org.activiti.engine.impl.cfg.standalone.StandaloneMybatisTransactionContext  - firing event committing...
10:47:17,030 [main] DEBUG org.activiti.engine.impl.cfg.standalone.StandaloneMybatisTransactionContext  - committing the ibatis sql session...
10:47:17,030 [main] DEBUG org.apache.ibatis.transaction.jdbc.JdbcTransaction  - Committing JDBC Connection [conn4: url=jdbc:h2:mem:activiti user=SA]
10:47:17,030 [main] DEBUG org.activiti.engine.impl.cfg.standalone.StandaloneMybatisTransactionContext  - firing event committed...
10:47:17,030 [main] DEBUG org.apache.ibatis.transaction.jdbc.JdbcTransaction  - Resetting autocommit to true on JDBC Connection [conn4: url=jdbc:h2:mem:activiti user=SA]
10:47:17,030 [main] DEBUG org.apache.ibatis.transaction.jdbc.JdbcTransaction  - Closing JDBC Connection [conn4: url=jdbc:h2:mem:activiti user=SA]
10:47:17,030 [main] DEBUG org.apache.ibatis.datasource.pooled.PooledDataSource  - Returned connection 297240765 to pool.
10:47:17,030 [main] DEBUG org.activiti.engine.impl.interceptor.LogInterceptor  - --- DeployCmd finished --------------------------------------------------------
10:47:17,030 [main] DEBUG org.activiti.engine.impl.interceptor.LogInterceptor  - 

10:47:17,030 [main] DEBUG org.activiti.engine.impl.test.PvmTestCase  - 

10:47:17,030 [main] DEBUG org.activiti.engine.impl.test.PvmTestCase  - #### START VariableScopeTest.testVariableScope ###########################################################
10:47:17,030 [main] DEBUG org.activiti.engine.impl.interceptor.LogInterceptor  - 

10:47:17,030 [main] DEBUG org.activiti.engine.impl.interceptor.LogInterceptor  - --- starting StartProcessInstanceCmd --------------------------------------------------------
10:47:17,030 [main] DEBUG org.apache.ibatis.transaction.jdbc.JdbcTransaction  - Opening JDBC Connection
10:47:17,030 [main] DEBUG org.apache.ibatis.datasource.pooled.PooledDataSource  - Checked out connection 363509958 from pool.
10:47:17,030 [main] DEBUG org.apache.ibatis.transaction.jdbc.JdbcTransaction  - Setting autocommit to false on JDBC Connection [conn2: url=jdbc:h2:mem:activiti user=SA]
10:47:17,030 [main] DEBUG org.activiti.engine.impl.persistence.entity.ProcessDefinitionEntity.selectLatestProcessDefinitionByKey  - ==&gt;  Preparing: select * from ACT_RE_PROCDEF where KEY_ = ? and (TENANT_ID_ = &apos;&apos; or TENANT_ID_ is null) and VERSION_ = (select max(VERSION_) from ACT_RE_PROCDEF where KEY_ = ? and (TENANT_ID_ = &apos;&apos; or TENANT_ID_ is null)) 
10:47:17,030 [main] DEBUG org.activiti.engine.impl.persistence.entity.ProcessDefinitionEntity.selectLatestProcessDefinitionByKey  - ==&gt; Parameters: simpleSubProcess(String), simpleSubProcess(String)
10:47:17,030 [main] DEBUG org.activiti.engine.impl.persistence.entity.ProcessDefinitionEntity.selectLatestProcessDefinitionByKey  - &lt;==      Total: 1
10:47:17,030 [main] DEBUG org.activiti.engine.impl.persistence.entity.ExecutionEntity  - initializing ProcessInstance[727]
10:47:17,030 [main] DEBUG org.activiti.engine.impl.history.DefaultHistoryManager  - Current history level: FULL, level required: ACTIVITY
10:47:17,030 [main] DEBUG org.activiti.engine.impl.history.DefaultHistoryManager  - Current history level: FULL, level required: ACTIVITY
10:47:17,030 [main] DEBUG org.activiti.engine.impl.history.DefaultHistoryManager  - Current history level: FULL, level required: FULL
10:47:17,030 [main] DEBUG org.activiti.engine.impl.pvm.runtime.AtomicOperationActivityExecute  - ProcessInstance[727] executes Activity(theStart): org.activiti.engine.impl.bpmn.behavior.NoneStartEventActivityBehavior
10:47:17,030 [main] DEBUG org.activiti.engine.impl.persistence.entity.JobEntity.selectJobsByExecutionId  - ==&gt;  Preparing: select * from ACT_RU_JOB J where J.EXECUTION_ID_ = ? 
10:47:17,030 [main] DEBUG org.activiti.engine.impl.persistence.entity.JobEntity.selectJobsByExecutionId  - ==&gt; Parameters: 727(String)
10:47:17,030 [main] DEBUG org.activiti.engine.impl.persistence.entity.JobEntity.selectJobsByExecutionId  - &lt;==      Total: 0
10:47:17,031 [main] DEBUG org.activiti.engine.impl.bpmn.behavior.BpmnActivityBehavior  - Leaving activity &apos;theStart&apos;
10:47:17,031 [main] DEBUG org.activiti.engine.impl.history.DefaultHistoryManager  - Current history level: FULL, level required: ACTIVITY
10:47:17,031 [main] DEBUG org.activiti.engine.impl.pvm.runtime.AtomicOperationTransitionNotifyListenerTake  - ProcessInstance[727] takes transition (theStart)--flow1--&gt;(subProcess)
10:47:17,031 [main] DEBUG org.activiti.engine.impl.persistence.entity.ExecutionEntity  - Child execution ScopeExecution[731] created with parent 
10:47:17,031 [main] DEBUG org.activiti.engine.impl.pvm.runtime.AtomicOperationTransitionCreateScope  - create scope: parent ProcessInstance[727] continues as execution ScopeExecution[731]
10:47:17,031 [main] DEBUG org.activiti.engine.impl.persistence.entity.ExecutionEntity  - initializing ScopeExecution[731]
10:47:17,031 [main] DEBUG org.activiti.engine.impl.history.DefaultHistoryManager  - Current history level: FULL, level required: ACTIVITY
10:47:17,031 [main] DEBUG org.activiti.engine.impl.pvm.runtime.AtomicOperationActivityExecute  - ScopeExecution[731] executes Activity(subProcess): org.activiti.engine.impl.bpmn.behavior.SubProcessActivityBehavior
10:47:17,031 [main] DEBUG org.activiti.engine.impl.history.DefaultHistoryManager  - Current history level: FULL, level required: ACTIVITY
10:47:17,031 [main] DEBUG org.activiti.engine.impl.pvm.runtime.AtomicOperationActivityExecute  - ScopeExecution[731] executes Activity(subProcessStart): org.activiti.engine.impl.bpmn.behavior.NoneStartEventActivityBehavior
10:47:17,031 [main] DEBUG org.activiti.engine.impl.persistence.entity.JobEntity.selectJobsByExecutionId  - ==&gt;  Preparing: select * from ACT_RU_JOB J where J.EXECUTION_ID_ = ? 
10:47:17,031 [main] DEBUG org.activiti.engine.impl.persistence.entity.JobEntity.selectJobsByExecutionId  - ==&gt; Parameters: 731(String)
10:47:17,031 [main] DEBUG org.activiti.engine.impl.persistence.entity.JobEntity.selectJobsByExecutionId  - &lt;==      Total: 0
10:47:17,031 [main] DEBUG org.activiti.engine.impl.bpmn.behavior.BpmnActivityBehavior  - Leaving activity &apos;subProcessStart&apos;
10:47:17,031 [main] DEBUG org.activiti.engine.impl.history.DefaultHistoryManager  - Current history level: FULL, level required: ACTIVITY
10:47:17,031 [main] DEBUG org.activiti.engine.impl.pvm.runtime.AtomicOperationTransitionNotifyListenerTake  - ScopeExecution[731] takes transition (subProcessStart)--flow2--&gt;(subProcess2)
10:47:17,031 [main] DEBUG org.activiti.engine.impl.persistence.entity.ExecutionEntity  - Child execution ScopeExecution[734] created with parent 
10:47:17,031 [main] DEBUG org.activiti.engine.impl.pvm.runtime.AtomicOperationTransitionCreateScope  - create scope: parent ScopeExecution[731] continues as execution ScopeExecution[734]
10:47:17,031 [main] DEBUG org.activiti.engine.impl.persistence.entity.ExecutionEntity  - initializing ScopeExecution[734]
10:47:17,031 [main] DEBUG org.activiti.engine.impl.history.DefaultHistoryManager  - Current history level: FULL, level required: ACTIVITY
10:47:17,031 [main] DEBUG org.activiti.engine.impl.pvm.runtime.AtomicOperationActivityExecute  - ScopeExecution[734] executes Activity(subProcess2): org.activiti.engine.impl.bpmn.behavior.SubProcessActivityBehavior
10:47:17,031 [main] DEBUG org.activiti.engine.impl.history.DefaultHistoryManager  - Current history level: FULL, level required: ACTIVITY
10:47:17,031 [main] DEBUG org.activiti.engine.impl.pvm.runtime.AtomicOperationActivityExecute  - ScopeExecution[734] executes Activity(subProcess2Start): org.activiti.engine.impl.bpmn.behavior.NoneStartEventActivityBehavior
10:47:17,031 [main] DEBUG org.activiti.engine.impl.persistence.entity.JobEntity.selectJobsByExecutionId  - ==&gt;  Preparing: select * from ACT_RU_JOB J where J.EXECUTION_ID_ = ? 
10:47:17,031 [main] DEBUG org.activiti.engine.impl.persistence.entity.JobEntity.selectJobsByExecutionId  - ==&gt; Parameters: 734(String)
10:47:17,031 [main] DEBUG org.activiti.engine.impl.persistence.entity.JobEntity.selectJobsByExecutionId  - &lt;==      Total: 0
10:47:17,031 [main] DEBUG org.activiti.engine.impl.bpmn.behavior.BpmnActivityBehavior  - Leaving activity &apos;subProcess2Start&apos;
10:47:17,031 [main] DEBUG org.activiti.engine.impl.history.DefaultHistoryManager  - Current history level: FULL, level required: ACTIVITY
10:47:17,031 [main] DEBUG org.activiti.engine.impl.pvm.runtime.AtomicOperationTransitionNotifyListenerTake  - ScopeExecution[734] takes transition (subProcess2Start)--flow3--&gt;(subProcessServiceTask)
10:47:17,032 [main] DEBUG org.activiti.engine.impl.history.DefaultHistoryManager  - Current history level: FULL, level required: ACTIVITY
10:47:17,032 [main] DEBUG org.activiti.engine.impl.pvm.runtime.AtomicOperationActivityExecute  - ScopeExecution[734] executes Activity(subProcessServiceTask): org.activiti.engine.impl.bpmn.helper.ClassDelegate
10:47:17,032 [main] DEBUG org.activiti.engine.impl.interceptor.LogInterceptor  - 

10:47:17,032 [main] DEBUG org.activiti.engine.impl.interceptor.LogInterceptor  - --- starting  --------------------------------------------------------
10:47:17,032 [main] DEBUG org.activiti.engine.impl.interceptor.CommandContextInterceptor  - Valid context found. Reusing it for the current command &apos;null&apos;
10:47:17,032 [main] DEBUG org.activiti.engine.impl.persistence.entity.ProcessDefinitionInfoEntity.selectProcessDefinitionInfoByProcessDefinitionId  - ==&gt;  Preparing: select * from ACT_PROCDEF_INFO where PROC_DEF_ID_ = ? 
10:47:17,032 [main] DEBUG org.activiti.engine.impl.persistence.entity.ProcessDefinitionInfoEntity.selectProcessDefinitionInfoByProcessDefinitionId  - ==&gt; Parameters: simpleSubProcess:1:726(String)
10:47:17,032 [main] DEBUG org.activiti.engine.impl.persistence.entity.ProcessDefinitionInfoEntity.selectProcessDefinitionInfoByProcessDefinitionId  - &lt;==      Total: 0
10:47:17,032 [main] DEBUG org.activiti.engine.impl.interceptor.LogInterceptor  - ---  finished --------------------------------------------------------
10:47:17,032 [main] DEBUG org.activiti.engine.impl.interceptor.LogInterceptor  - 

10:47:17,033 [main] DEBUG org.activiti.engine.impl.history.DefaultHistoryManager  - Current history level: FULL, level required: ACTIVITY
10:47:17,033 [main] DEBUG org.activiti.engine.impl.history.DefaultHistoryManager  - Current history level: FULL, level required: FULL
10:47:17,033 [main] DEBUG org.activiti.engine.impl.bpmn.behavior.BpmnActivityBehavior  - Leaving activity &apos;subProcessServiceTask&apos;
10:47:17,033 [main] DEBUG org.activiti.engine.impl.history.DefaultHistoryManager  - Current history level: FULL, level required: ACTIVITY
10:47:17,033 [main] DEBUG org.activiti.engine.impl.pvm.runtime.AtomicOperationTransitionNotifyListenerTake  - ScopeExecution[734] takes transition (subProcessServiceTask)--flow4--&gt;(subProcessTask)
10:47:17,033 [main] DEBUG org.activiti.engine.impl.history.DefaultHistoryManager  - Current history level: FULL, level required: ACTIVITY
10:47:17,033 [main] DEBUG org.activiti.engine.impl.pvm.runtime.AtomicOperationActivityExecute  - ScopeExecution[734] executes Activity(subProcessTask): org.activiti.engine.impl.bpmn.behavior.UserTaskActivityBehavior
10:47:17,033 [main] DEBUG org.activiti.engine.impl.persistence.entity.TaskEntity.selectTasksByExecutionId  - ==&gt;  Preparing: select distinct T.* from ACT_RU_TASK T where T.EXECUTION_ID_ = ? 
10:47:17,033 [main] DEBUG org.activiti.engine.impl.persistence.entity.TaskEntity.selectTasksByExecutionId  - ==&gt; Parameters: 734(String)
10:47:17,033 [main] DEBUG org.activiti.engine.impl.persistence.entity.TaskEntity.selectTasksByExecutionId  - &lt;==      Total: 0
10:47:17,033 [main] DEBUG org.activiti.engine.impl.history.DefaultHistoryManager  - Current history level: FULL, level required: AUDIT
10:47:17,033 [main] DEBUG org.activiti.engine.impl.history.DefaultHistoryManager  - Current history level: FULL, level required: AUDIT
10:47:17,033 [main] DEBUG org.activiti.engine.impl.history.DefaultHistoryManager  - Current history level: FULL, level required: AUDIT
10:47:17,034 [main] DEBUG org.activiti.engine.impl.history.DefaultHistoryManager  - Current history level: FULL, level required: AUDIT
10:47:17,034 [main] DEBUG org.activiti.engine.impl.history.DefaultHistoryManager  - Current history level: FULL, level required: ACTIVITY
10:47:17,034 [main] DEBUG org.activiti.engine.impl.db.DbSqlSession  -   insert ProcessInstance[727]
10:47:17,034 [main] DEBUG org.activiti.engine.impl.db.DbSqlSession  -   insert ScopeExecution[731]
10:47:17,034 [main] DEBUG org.activiti.engine.impl.db.DbSqlSession  -   insert ScopeExecution[734]
10:47:17,034 [main] DEBUG org.activiti.engine.impl.db.DbSqlSession  -   insert VariableInstanceEntity[id=729, name=test, type=string, textValue=test]
10:47:17,034 [main] DEBUG org.activiti.engine.impl.db.DbSqlSession  -   insert VariableInstanceEntity[id=738, name=test, type=string, textValue=test2]
10:47:17,034 [main] DEBUG org.activiti.engine.impl.db.DbSqlSession  -   insert HistoricProcessInstanceEntity[superProcessInstanceId=null]
10:47:17,034 [main] DEBUG org.activiti.engine.impl.db.DbSqlSession  -   insert Task[id=741, name=Task in subprocess]
10:47:17,034 [main] DEBUG org.activiti.engine.impl.db.DbSqlSession  -   insert HistoricDetailVariableInstanceUpdateEntity[id=730, name=test, type=string, textValue=test]
10:47:17,034 [main] DEBUG org.activiti.engine.impl.db.DbSqlSession  -   insert HistoricDetailVariableInstanceUpdateEntity[id=739, name=test, type=string, textValue=test2]
10:47:17,034 [main] DEBUG org.activiti.engine.impl.db.DbSqlSession  -   insert HistoricTaskInstanceEntity[id=741, name=Task in subprocess]
10:47:17,034 [main] DEBUG org.activiti.engine.impl.db.DbSqlSession  -   insert HistoricActivityInstanceEntity[activityId=theStart, activityName=null]
10:47:17,034 [main] DEBUG org.activiti.engine.impl.db.DbSqlSession  -   insert HistoricActivityInstanceEntity[activityId=subProcess, activityName=null]
10:47:17,034 [main] DEBUG org.activiti.engine.impl.db.DbSqlSession  -   insert HistoricActivityInstanceEntity[activityId=subProcessStart, activityName=null]
10:47:17,034 [main] DEBUG org.activiti.engine.impl.db.DbSqlSession  -   insert HistoricActivityInstanceEntity[activityId=subProcess2, activityName=null]
10:47:17,034 [main] DEBUG org.activiti.engine.impl.db.DbSqlSession  -   insert HistoricActivityInstanceEntity[activityId=subProcess2Start, activityName=null]
10:47:17,034 [main] DEBUG org.activiti.engine.impl.db.DbSqlSession  -   insert HistoricActivityInstanceEntity[activityId=subProcessServiceTask, activityName=Service task in subprocess]
10:47:17,034 [main] DEBUG org.activiti.engine.impl.db.DbSqlSession  -   insert HistoricActivityInstanceEntity[activityId=subProcessTask, activityName=Task in subprocess]
10:47:17,034 [main] DEBUG org.activiti.engine.impl.db.DbSqlSession  -   insert HistoricVariableInstanceEntity[id=729, name=test, revision=0, type=string, textValue=test]
10:47:17,034 [main] DEBUG org.activiti.engine.impl.db.DbSqlSession  -   insert HistoricVariableInstanceEntity[id=738, name=test, revision=0, type=string, textValue=test2]
10:47:17,034 [main] DEBUG org.activiti.engine.impl.db.DbSqlSession  - flush summary: 19 insert, 0 update, 0 delete.
10:47:17,034 [main] DEBUG org.activiti.engine.impl.db.DbSqlSession  - now executing flush...
10:47:17,034 [main] DEBUG org.activiti.engine.impl.persistence.entity.HistoricDetailEntity.bulkInsertHistoricDetailVariableInstanceUpdate  - ==&gt;  Preparing: insert into ACT_HI_DETAIL (ID_, TYPE_, PROC_INST_ID_, EXECUTION_ID_, ACT_INST_ID_, TASK_ID_, NAME_, REV_, VAR_TYPE_, TIME_, BYTEARRAY_ID_, DOUBLE_, LONG_ , TEXT_, TEXT2_) values (?, ?, ?, ?, ?, ?, ?, ?, ?, ?, ?, ?, ?, ?, ?) , (?, ?, ?, ?, ?, ?, ?, ?, ?, ?, ?, ?, ?, ?, ?) 
10:47:17,034 [main] DEBUG org.activiti.engine.impl.persistence.entity.HistoricDetailEntity.bulkInsertHistoricDetailVariableInstanceUpdate  - ==&gt; Parameters: 730(String), VariableUpdate(String), 727(String), 727(String), 728(String), null, test(String), 0(Integer), string(String), 2023-03-21 10:47:16.995(Timestamp), null, null, null, test(String), null, 739(String), VariableUpdate(String), 727(String), 734(String), 737(String), null, test(String), 0(Integer), string(String), 2023-03-21 10:47:16.995(Timestamp), null, null, null, test2(String), null
10:47:17,034 [main] DEBUG org.activiti.engine.impl.persistence.entity.HistoricDetailEntity.bulkInsertHistoricDetailVariableInstanceUpdate  - &lt;==    Updates: 2
10:47:17,034 [main] DEBUG org.activiti.engine.impl.persistence.entity.HistoricVariableInstanceEntity.bulkInsertHistoricVariableInstance  - ==&gt;  Preparing: insert into ACT_HI_VARINST (ID_, PROC_INST_ID_, EXECUTION_ID_, TASK_ID_, NAME_, REV_, VAR_TYPE_, BYTEARRAY_ID_, DOUBLE_, LONG_ , TEXT_, TEXT2_, CREATE_TIME_, LAST_UPDATED_TIME_) values (?, ?, ?, ?, ?, ?, ?, ?, ?, ?, ?, ?, ?, ?) , (?, ?, ?, ?, ?, ?, ?, ?, ?, ?, ?, ?, ?, ?) 
10:47:17,034 [main] DEBUG org.activiti.engine.impl.persistence.entity.HistoricVariableInstanceEntity.bulkInsertHistoricVariableInstance  - ==&gt; Parameters: 729(String), 727(String), 727(String), null, test(String), 0(Integer), string(String), null, null, null, test(String), null, 2023-03-21 10:47:16.995(Timestamp), 2023-03-21 10:47:16.995(Timestamp), 738(String), 727(String), 734(String), null, test(String), 0(Integer), string(String), null, null, null, test2(String), null, 2023-03-21 10:47:16.995(Timestamp), 2023-03-21 10:47:16.995(Timestamp)
10:47:17,035 [main] DEBUG org.activiti.engine.impl.persistence.entity.HistoricVariableInstanceEntity.bulkInsertHistoricVariableInstance  - &lt;==    Updates: 2
10:47:17,035 [main] DEBUG org.activiti.engine.impl.db.DbSqlSession  - inserting: HistoricTaskInstanceEntity[id=741, name=Task in subprocess]
10:47:17,035 [main] DEBUG org.activiti.engine.impl.persistence.entity.HistoricTaskInstanceEntity.insertHistoricTaskInstance  - ==&gt;  Preparing: insert into ACT_HI_TASKINST ( ID_, PROC_DEF_ID_, PROC_INST_ID_, EXECUTION_ID_, NAME_, PARENT_TASK_ID_, DESCRIPTION_, OWNER_, ASSIGNEE_, START_TIME_, CLAIM_TIME_, END_TIME_, DURATION_, DELETE_REASON_, TASK_DEF_KEY_, FORM_KEY_, PRIORITY_, DUE_DATE_, CATEGORY_, TENANT_ID_ ) values ( ?, ?, ?, ?, ?, ?, ?, ?, ?, ?, ?, ?, ?, ?, ?, ?, ?, ?, ?, ? ) 
10:47:17,035 [main] DEBUG org.activiti.engine.impl.persistence.entity.HistoricTaskInstanceEntity.insertHistoricTaskInstance  - ==&gt; Parameters: 741(String), simpleSubProcess:1:726(String), 727(String), 734(String), Task in subprocess(String), null, null, null, null, 2023-03-21 10:47:16.995(Timestamp), null, null, null, null, subProcessTask(String), null, 50(Integer), null, null, (String)
10:47:17,035 [main] DEBUG org.activiti.engine.impl.persistence.entity.HistoricTaskInstanceEntity.insertHistoricTaskInstance  - &lt;==    Updates: 1
10:47:17,035 [main] DEBUG org.activiti.engine.impl.db.DbSqlSession  - inserting: HistoricProcessInstanceEntity[superProcessInstanceId=null]
10:47:17,035 [main] DEBUG org.activiti.engine.impl.persistence.entity.HistoricProcessInstanceEntity.insertHistoricProcessInstance  - ==&gt;  Preparing: insert into ACT_HI_PROCINST ( ID_, PROC_INST_ID_, BUSINESS_KEY_, PROC_DEF_ID_, START_TIME_, END_TIME_, DURATION_, START_USER_ID_, START_ACT_ID_, END_ACT_ID_, SUPER_PROCESS_INSTANCE_ID_, DELETE_REASON_, TENANT_ID_, NAME_ ) values ( ?, ?, ?, ?, ?, ?, ?, ?, ?, ?, ?, ?, ?, ? ) 
10:47:17,035 [main] DEBUG org.activiti.engine.impl.persistence.entity.HistoricProcessInstanceEntity.insertHistoricProcessInstance  - ==&gt; Parameters: 727(String), 727(String), null, simpleSubProcess:1:726(String), 2023-03-21 10:47:16.995(Timestamp), null, null, null, theStart(String), null, null, null, (String), null
10:47:17,035 [main] DEBUG org.activiti.engine.impl.persistence.entity.HistoricProcessInstanceEntity.insertHistoricProcessInstance  - &lt;==    Updates: 1
10:47:17,035 [main] DEBUG org.activiti.engine.impl.persistence.entity.HistoricActivityInstanceEntity.bulkInsertHistoricActivityInstance  - ==&gt;  Preparing: insert into ACT_HI_ACTINST ( ID_, PROC_DEF_ID_, PROC_INST_ID_, EXECUTION_ID_, ACT_ID_, TASK_ID_, CALL_PROC_INST_ID_, ACT_NAME_, ACT_TYPE_, ASSIGNEE_, START_TIME_, END_TIME_, DURATION_, TENANT_ID_ ) values (?, ?, ?, ?, ?, ?, ?, ?, ?, ?, ?, ?, ?, ?) , (?, ?, ?, ?, ?, ?, ?, ?, ?, ?, ?, ?, ?, ?) , (?, ?, ?, ?, ?, ?, ?, ?, ?, ?, ?, ?, ?, ?) , (?, ?, ?, ?, ?, ?, ?, ?, ?, ?, ?, ?, ?, ?) , (?, ?, ?, ?, ?, ?, ?, ?, ?, ?, ?, ?, ?, ?) , (?, ?, ?, ?, ?, ?, ?, ?, ?, ?, ?, ?, ?, ?) , (?, ?, ?, ?, ?, ?, ?, ?, ?, ?, ?, ?, ?, ?) 
10:47:17,035 [main] DEBUG org.activiti.engine.impl.persistence.entity.HistoricActivityInstanceEntity.bulkInsertHistoricActivityInstance  - ==&gt; Parameters: 728(String), simpleSubProcess:1:726(String), 727(String), 727(String), theStart(String), null, null, null, startEvent(String), null, 2023-03-21 10:47:16.995(Timestamp), 2023-03-21 10:47:16.995(Timestamp), 0(Long), (String), 732(String), simpleSubProcess:1:726(String), 727(String), 731(String), subProcess(String), null, null, null, subProcess(String), null, 2023-03-21 10:47:16.995(Timestamp), null, null, (String), 733(String), simpleSubProcess:1:726(String), 727(String), 731(String), subProcessStart(String), null, null, null, startEvent(String), null, 2023-03-21 10:47:16.995(Timestamp), 2023-03-21 10:47:16.995(Timestamp), 0(Long), (String), 735(String), simpleSubProcess:1:726(String), 727(String), 734(String), subProcess2(String), null, null, null, subProcess(String), null, 2023-03-21 10:47:16.995(Timestamp), null, null, (String), 736(String), simpleSubProcess:1:726(String), 727(String), 734(String), subProcess2Start(String), null, null, null, startEvent(String), null, 2023-03-21 10:47:16.995(Timestamp), 2023-03-21 10:47:16.995(Timestamp), 0(Long), (String), 737(String), simpleSubProcess:1:726(String), 727(String), 734(String), subProcessServiceTask(String), null, null, Service task in subprocess(String), serviceTask(String), null, 2023-03-21 10:47:16.995(Timestamp), 2023-03-21 10:47:16.995(Timestamp), 0(Long), (String), 740(String), simpleSubProcess:1:726(String), 727(String), 734(String), subProcessTask(String), 741(String), null, Task in subprocess(String), userTask(String), null, 2023-03-21 10:47:16.995(Timestamp), null, null, (String)
10:47:17,035 [main] DEBUG org.activiti.engine.impl.persistence.entity.HistoricActivityInstanceEntity.bulkInsertHistoricActivityInstance  - &lt;==    Updates: 7
10:47:17,035 [main] DEBUG org.activiti.engine.impl.persistence.entity.ExecutionEntity.bulkInsertExecution  - ==&gt;  Preparing: insert into ACT_RU_EXECUTION (ID_, REV_, PROC_INST_ID_, BUSINESS_KEY_, PROC_DEF_ID_, ACT_ID_, IS_ACTIVE_, IS_CONCURRENT_, IS_SCOPE_,IS_EVENT_SCOPE_, PARENT_ID_, SUPER_EXEC_, SUSPENSION_STATE_, CACHED_ENT_STATE_, TENANT_ID_, NAME_) values (?, 1, ?, ?, ?, ?, ?, ?, ?, ?, ?, ?, ?, ?, ?, ?) , (?, 1, ?, ?, ?, ?, ?, ?, ?, ?, ?, ?, ?, ?, ?, ?) , (?, 1, ?, ?, ?, ?, ?, ?, ?, ?, ?, ?, ?, ?, ?, ?) 
10:47:17,036 [main] DEBUG org.activiti.engine.impl.persistence.entity.ExecutionEntity.bulkInsertExecution  - ==&gt; Parameters: 727(String), 727(String), null, simpleSubProcess:1:726(String), null, false(Boolean), false(Boolean), true(Boolean), false(Boolean), null, null, 1(Integer), 2(Integer), (String), null, 731(String), 727(String), null, simpleSubProcess:1:726(String), null, false(Boolean), false(Boolean), true(Boolean), false(Boolean), 727(String), null, 1(Integer), 2(Integer), (String), null, 734(String), 727(String), null, simpleSubProcess:1:726(String), subProcessTask(String), true(Boolean), false(Boolean), true(Boolean), false(Boolean), 731(String), null, 1(Integer), 2(Integer), (String), null
10:47:17,036 [main] DEBUG org.activiti.engine.impl.persistence.entity.ExecutionEntity.bulkInsertExecution  - &lt;==    Updates: 3
10:47:17,036 [main] DEBUG org.activiti.engine.impl.db.DbSqlSession  - inserting: Task[id=741, name=Task in subprocess]
10:47:17,036 [main] DEBUG org.activiti.engine.impl.persistence.entity.TaskEntity.insertTask  - ==&gt;  Preparing: insert into ACT_RU_TASK (ID_, REV_, NAME_, PARENT_TASK_ID_, DESCRIPTION_, PRIORITY_, CREATE_TIME_, OWNER_, ASSIGNEE_, DELEGATION_, EXECUTION_ID_, PROC_INST_ID_, PROC_DEF_ID_, TASK_DEF_KEY_, DUE_DATE_, CATEGORY_, SUSPENSION_STATE_, TENANT_ID_, FORM_KEY_) values (?, 1, ?, ?, ?, ?, ?, ?, ?, ?, ?, ?, ?, ?, ?, ?, ?, ?, ? ) 
10:47:17,036 [main] DEBUG org.activiti.engine.impl.persistence.entity.TaskEntity.insertTask  - ==&gt; Parameters: 741(String), Task in subprocess(String), null, null, 50(Integer), 2023-03-21 10:47:16.995(Timestamp), null, null, null, 734(String), 727(String), simpleSubProcess:1:726(String), subProcessTask(String), null, null, 1(Integer), (String), null
10:47:17,036 [main] DEBUG org.activiti.engine.impl.persistence.entity.TaskEntity.insertTask  - &lt;==    Updates: 1
10:47:17,036 [main] DEBUG org.activiti.engine.impl.persistence.entity.VariableInstanceEntity.bulkInsertVariableInstance  - ==&gt;  Preparing: INSERT INTO ACT_RU_VARIABLE (ID_, REV_, TYPE_, NAME_, PROC_INST_ID_, EXECUTION_ID_, TASK_ID_, BYTEARRAY_ID_, DOUBLE_, LONG_ , TEXT_, TEXT2_) VALUES (?, 1, ?, ?, ?, ?, ?, ?, ?, ?, ?, ?) , (?, 1, ?, ?, ?, ?, ?, ?, ?, ?, ?, ?) 
10:47:17,036 [main] DEBUG org.activiti.engine.impl.persistence.entity.VariableInstanceEntity.bulkInsertVariableInstance  - ==&gt; Parameters: 729(String), string(String), test(String), 727(String), 727(String), null, null, null, null, test(String), null, 738(String), string(String), test(String), 727(String), 734(String), null, null, null, null, test2(String), null
10:47:17,036 [main] DEBUG org.activiti.engine.impl.persistence.entity.VariableInstanceEntity.bulkInsertVariableInstance  - &lt;==    Updates: 2
10:47:17,036 [main] DEBUG org.activiti.engine.impl.cfg.standalone.StandaloneMybatisTransactionContext  - firing event committing...
10:47:17,036 [main] DEBUG org.activiti.engine.impl.cfg.standalone.StandaloneMybatisTransactionContext  - committing the ibatis sql session...
10:47:17,036 [main] DEBUG org.apache.ibatis.transaction.jdbc.JdbcTransaction  - Committing JDBC Connection [conn2: url=jdbc:h2:mem:activiti user=SA]
10:47:17,036 [main] DEBUG org.activiti.engine.impl.cfg.standalone.StandaloneMybatisTransactionContext  - firing event committed...
10:47:17,036 [main] DEBUG org.apache.ibatis.transaction.jdbc.JdbcTransaction  - Resetting autocommit to true on JDBC Connection [conn2: url=jdbc:h2:mem:activiti user=SA]
10:47:17,036 [main] DEBUG org.apache.ibatis.transaction.jdbc.JdbcTransaction  - Closing JDBC Connection [conn2: url=jdbc:h2:mem:activiti user=SA]
10:47:17,036 [main] DEBUG org.apache.ibatis.datasource.pooled.PooledDataSource  - Returned connection 363509958 to pool.
10:47:17,036 [main] DEBUG org.activiti.engine.impl.interceptor.LogInterceptor  - --- StartProcessInstanceCmd finished --------------------------------------------------------
10:47:17,036 [main] DEBUG org.activiti.engine.impl.interceptor.LogInterceptor  - 

10:47:17,036 [main] DEBUG org.activiti.engine.impl.interceptor.LogInterceptor  - 

10:47:17,036 [main] DEBUG org.activiti.engine.impl.interceptor.LogInterceptor  - --- starting TaskQueryImpl --------------------------------------------------------
10:47:17,036 [main] DEBUG org.apache.ibatis.transaction.jdbc.JdbcTransaction  - Opening JDBC Connection
10:47:17,036 [main] DEBUG org.apache.ibatis.datasource.pooled.PooledDataSource  - Checked out connection 180014677 from pool.
10:47:17,036 [main] DEBUG org.apache.ibatis.transaction.jdbc.JdbcTransaction  - Setting autocommit to false on JDBC Connection [conn3: url=jdbc:h2:mem:activiti user=SA]
10:47:17,036 [main] DEBUG org.activiti.engine.impl.persistence.entity.TaskEntity.selectTaskByQueryCriteria  - ==&gt;  Preparing: select distinct RES.* from ACT_RU_TASK RES WHERE RES.PROC_INST_ID_ = ? order by order by RES.ID_ asc LIMIT ? OFFSET ? 
10:47:17,037 [main] DEBUG org.activiti.engine.impl.interceptor.CommandContext  - Error while closing command context
org.apache.ibatis.exceptions.PersistenceException: 
### Error querying database.  Cause: org.h2.jdbc.JdbcSQLException: Syntax error in SQL statement &quot;SELECT DISTINCT RES.* 
       
    FROM ACT_RU_TASK RES
     
     
     
     
    
     
     
     
     WHERE  RES.PROC_INST_ID_ = ? 
   
    
     ORDER BY  ORDER[*] BY RES.ID_ ASC  
    LIMIT ? OFFSET ? &quot;; expected &quot;=, NOT, EXISTS, INTERSECTS, SELECT, FROM&quot;; SQL statement:
select distinct RES.* 
       
    from ACT_RU_TASK RES
     
     
     
     
    
     
     
     
     WHERE  RES.PROC_INST_ID_ = ? 
   
    
     order by  order by RES.ID_ asc  
    LIMIT ? OFFSET ? [42001-176]
### The error may exist in org/activiti/db/mapping/entity/Task.xml
### The error may involve org.activiti.engine.impl.persistence.entity.TaskEntity.selectTaskByQueryCriteria
### The error occurred while executing a query
### SQL: select distinct RES.*              from ACT_RU_TASK RES                                                     WHERE  RES.PROC_INST_ID_ = ?                order by  order by RES.ID_ asc       LIMIT ? OFFSET ?
### Cause: org.h2.jdbc.JdbcSQLException: Syntax error in SQL statement &quot;SELECT DISTINCT RES.* 
       
    FROM ACT_RU_TASK RES
     
     
     
     
    
     
     
     
     WHERE  RES.PROC_INST_ID_ = ? 
   
    
     ORDER BY  ORDER[*] BY RES.ID_ ASC  
    LIMIT ? OFFSET ? &quot;; expected &quot;=, NOT, EXISTS, INTERSECTS, SELECT, FROM&quot;; SQL statement:
select distinct RES.* 
       
    from ACT_RU_TASK RES
     
     
     
     
    
     
     
     
     WHERE  RES.PROC_INST_ID_ = ? 
   
    
     order by  order by RES.ID_ asc  
    LIMIT ? OFFSET ? [42001-176]
	at org.apache.ibatis.exceptions.ExceptionFactory.wrapException(ExceptionFactory.java:30)
	at org.apache.ibatis.session.defaults.DefaultSqlSession.selectList(DefaultSqlSession.java:122)
	at org.apache.ibatis.session.defaults.DefaultSqlSession.selectList(DefaultSqlSession.java:113)
	at org.activiti.engine.impl.db.DbSqlSession.selectListWithRawParameter(DbSqlSession.java:438)
	at org.activiti.engine.impl.db.DbSqlSession.selectList(DbSqlSession.java:429)
	at org.activiti.engine.impl.persistence.entity.TaskEntityManager.findTasksByQueryCriteria(TaskEntityManager.java:135)
	at org.activiti.engine.impl.TaskQueryImpl.executeList(TaskQueryImpl.java:1256)
	at org.activiti.engine.impl.AbstractQuery.executeSingleResult(AbstractQuery.java:183)
	at org.activiti.engine.impl.AbstractQuery.execute(AbstractQuery.java:166)
	at org.activiti.engine.impl.interceptor.CommandInvoker.execute(CommandInvoker.java:24)
	at org.activiti.engine.impl.interceptor.CommandContextInterceptor.execute(CommandContextInterceptor.java:57)
	at org.activiti.engine.impl.interceptor.LogInterceptor.execute(LogInterceptor.java:37)
	at org.activiti.engine.impl.cfg.CommandExecutorImpl.execute(CommandExecutorImpl.java:40)
	at org.activiti.engine.impl.cfg.CommandExecutorImpl.execute(CommandExecutorImpl.java:35)
	at org.activiti.engine.impl.AbstractQuery.singleResult(AbstractQuery.java:129)
	at org.activiti.engine.test.db.VariableScopeTest.testVariableScope(VariableScopeTest.java:47)
	at sun.reflect.NativeMethodAccessorImpl.invoke0(Native Method)
	at sun.reflect.NativeMethodAccessorImpl.invoke(NativeMethodAccessorImpl.java:62)
	at sun.reflect.DelegatingMethodAccessorImpl.invoke(DelegatingMethodAccessorImpl.java:43)
	at java.lang.reflect.Method.invoke(Method.java:498)
	at junit.framework.TestCase.runTest(TestCase.java:176)
	at org.activiti.engine.impl.test.PvmTestCase.runTest(PvmTestCase.java:65)
	at junit.framework.TestCase.runBare(TestCase.java:141)
	at org.activiti.engine.impl.test.AbstractActivitiTestCase.runBare(AbstractActivitiTestCase.java:100)
	at junit.framework.TestResult$1.protect(TestResult.java:122)
	at junit.framework.TestResult.runProtected(TestResult.java:142)
	at junit.framework.TestResult.run(TestResult.java:125)
	at junit.framework.TestCase.run(TestCase.java:129)
	at junit.framework.TestSuite.runTest(TestSuite.java:255)
	at junit.framework.TestSuite.run(TestSuite.java:250)
	at org.junit.internal.runners.JUnit38ClassRunner.run(JUnit38ClassRunner.java:84)
	at org.apache.maven.surefire.junit4.JUnit4TestSet.execute(JUnit4TestSet.java:35)
	at org.apache.maven.surefire.junit4.JUnit4Provider.executeTestSet(JUnit4Provider.java:146)
	at org.apache.maven.surefire.junit4.JUnit4Provider.invoke(JUnit4Provider.java:97)
	at sun.reflect.NativeMethodAccessorImpl.invoke0(Native Method)
	at sun.reflect.NativeMethodAccessorImpl.invoke(NativeMethodAccessorImpl.java:62)
	at sun.reflect.DelegatingMethodAccessorImpl.invoke(DelegatingMethodAccessorImpl.java:43)
	at java.lang.reflect.Method.invoke(Method.java:498)
	at org.apache.maven.surefire.booter.ProviderFactory$ClassLoaderProxy.invoke(ProviderFactory.java:103)
	at com.sun.proxy.$Proxy0.invoke(Unknown Source)
	at org.apache.maven.surefire.booter.SurefireStarter.invokeProvider(SurefireStarter.java:145)
	at org.apache.maven.surefire.booter.SurefireStarter.runSuitesInProcess(SurefireStarter.java:87)
	at org.apache.maven.surefire.booter.ForkedBooter.main(ForkedBooter.java:69)
Caused by: org.h2.jdbc.JdbcSQLException: Syntax error in SQL statement &quot;SELECT DISTINCT RES.* 
       
    FROM ACT_RU_TASK RES
     
     
     
     
    
     
     
     
     WHERE  RES.PROC_INST_ID_ = ? 
   
    
     ORDER BY  ORDER[*] BY RES.ID_ ASC  
    LIMIT ? OFFSET ? &quot;; expected &quot;=, NOT, EXISTS, INTERSECTS, SELECT, FROM&quot;; SQL statement:
select distinct RES.* 
       
    from ACT_RU_TASK RES
     
     
     
     
    
     
     
     
     WHERE  RES.PROC_INST_ID_ = ? 
   
    
     order by  order by RES.ID_ asc  
    LIMIT ? OFFSET ? [42001-176]
	at org.h2.message.DbException.getJdbcSQLException(DbException.java:344)
	at org.h2.message.DbException.getSyntaxError(DbException.java:204)
	at org.h2.command.Parser.getSyntaxError(Parser.java:524)
	at org.h2.command.Parser.readTerm(Parser.java:2688)
	at org.h2.command.Parser.readFactor(Parser.java:2244)
	at org.h2.command.Parser.readSum(Parser.java:2231)
	at org.h2.command.Parser.readConcat(Parser.java:2201)
	at org.h2.command.Parser.readCondition(Parser.java:2051)
	at org.h2.command.Parser.readAnd(Parser.java:2023)
	at org.h2.command.Parser.readExpression(Parser.java:2015)
	at org.h2.command.Parser.parseEndOfQuery(Parser.java:1726)
	at org.h2.command.Parser.parseSelectUnionExtension(Parser.java:1706)
	at org.h2.command.Parser.parseSelectUnion(Parser.java:1675)
	at org.h2.command.Parser.parseSelect(Parser.java:1662)
	at org.h2.command.Parser.parsePrepared(Parser.java:434)
	at org.h2.command.Parser.parse(Parser.java:306)
	at org.h2.command.Parser.parse(Parser.java:282)
	at org.h2.command.Parser.prepareCommand(Parser.java:243)
	at org.h2.engine.Session.prepareLocal(Session.java:442)
	at org.h2.engine.Session.prepareCommand(Session.java:384)
	at org.h2.jdbc.JdbcConnection.prepareCommand(JdbcConnection.java:1188)
	at org.h2.jdbc.JdbcPreparedStatement.&lt;init&gt;(JdbcPreparedStatement.java:73)
	at org.h2.jdbc.JdbcConnection.prepareStatement(JdbcConnection.java:276)
	at sun.reflect.GeneratedMethodAccessor6.invoke(Unknown Source)
	at sun.reflect.DelegatingMethodAccessorImpl.invoke(DelegatingMethodAccessorImpl.java:43)
	at java.lang.reflect.Method.invoke(Method.java:498)
	at org.apache.ibatis.datasource.pooled.PooledConnection.invoke(PooledConnection.java:245)
	at com.sun.proxy.$Proxy12.prepareStatement(Unknown Source)
	at sun.reflect.GeneratedMethodAccessor6.invoke(Unknown Source)
	at sun.reflect.DelegatingMethodAccessorImpl.invoke(DelegatingMethodAccessorImpl.java:43)
	at java.lang.reflect.Method.invoke(Method.java:498)
	at org.apache.ibatis.logging.jdbc.ConnectionLogger.invoke(ConnectionLogger.java:55)
	at com.sun.proxy.$Proxy12.prepareStatement(Unknown Source)
	at org.apache.ibatis.executor.statement.PreparedStatementHandler.instantiateStatement(PreparedStatementHandler.java:79)
	at org.apache.ibatis.executor.statement.BaseStatementHandler.prepare(BaseStatementHandler.java:88)
	at org.apache.ibatis.executor.statement.RoutingStatementHandler.prepare(RoutingStatementHandler.java:58)
	at org.apache.ibatis.executor.SimpleExecutor.prepareStatement(SimpleExecutor.java:76)
	at org.apache.ibatis.executor.SimpleExecutor.doQuery(SimpleExecutor.java:61)
	at org.apache.ibatis.executor.BaseExecutor.queryFromDatabase(BaseExecutor.java:303)
	at org.apache.ibatis.executor.BaseExecutor.query(BaseExecutor.java:154)
	at org.apache.ibatis.executor.CachingExecutor.query(CachingExecutor.java:102)
	at org.apache.ibatis.executor.CachingExecutor.query(CachingExecutor.java:82)
	at org.apache.ibatis.session.defaults.DefaultSqlSession.selectList(DefaultSqlSession.java:120)
	... 41 more
10:47:17,037 [main] DEBUG org.activiti.engine.impl.cfg.standalone.StandaloneMybatisTransactionContext  - firing event rolling back...
10:47:17,037 [main] DEBUG org.activiti.engine.impl.cfg.standalone.StandaloneMybatisTransactionContext  - rolling back ibatis sql session...
10:47:17,037 [main] DEBUG org.activiti.engine.impl.cfg.standalone.StandaloneMybatisTransactionContext  - firing event rolled back...
10:47:17,037 [main] DEBUG org.apache.ibatis.transaction.jdbc.JdbcTransaction  - Resetting autocommit to true on JDBC Connection [conn3: url=jdbc:h2:mem:activiti user=SA]
10:47:17,037 [main] DEBUG org.apache.ibatis.transaction.jdbc.JdbcTransaction  - Closing JDBC Connection [conn3: url=jdbc:h2:mem:activiti user=SA]
10:47:17,037 [main] DEBUG org.apache.ibatis.datasource.pooled.PooledDataSource  - Returned connection 180014677 to pool.
10:47:17,037 [main] DEBUG org.activiti.engine.impl.interceptor.LogInterceptor  - --- TaskQueryImpl finished --------------------------------------------------------
10:47:17,037 [main] DEBUG org.activiti.engine.impl.interceptor.LogInterceptor  - 

10:47:17,037 [main] ERROR org.activiti.engine.impl.test.PvmTestCase  - 

10:47:17,037 [main] ERROR org.activiti.engine.impl.test.PvmTestCase  - EXCEPTION: org.apache.ibatis.exceptions.PersistenceException: 
### Error querying database.  Cause: org.h2.jdbc.JdbcSQLException: Syntax error in SQL statement &quot;SELECT DISTINCT RES.* 
       
    FROM ACT_RU_TASK RES
     
     
     
     
    
     
     
     
     WHERE  RES.PROC_INST_ID_ = ? 
   
    
     ORDER BY  ORDER[*] BY RES.ID_ ASC  
    LIMIT ? OFFSET ? &quot;; expected &quot;=, NOT, EXISTS, INTERSECTS, SELECT, FROM&quot;; SQL statement:
select distinct RES.* 
       
    from ACT_RU_TASK RES
     
     
     
     
    
     
     
     
     WHERE  RES.PROC_INST_ID_ = ? 
   
    
     order by  order by RES.ID_ asc  
    LIMIT ? OFFSET ? [42001-176]
### The error may exist in org/activiti/db/mapping/entity/Task.xml
### The error may involve org.activiti.engine.impl.persistence.entity.TaskEntity.selectTaskByQueryCriteria
### The error occurred while executing a query
### SQL: select distinct RES.*              from ACT_RU_TASK RES                                                     WHERE  RES.PROC_INST_ID_ = ?                order by  order by RES.ID_ asc       LIMIT ? OFFSET ?
### Cause: org.h2.jdbc.JdbcSQLException: Syntax error in SQL statement &quot;SELECT DISTINCT RES.* 
       
    FROM ACT_RU_TASK RES
     
     
     
     
    
     
     
     
     WHERE  RES.PROC_INST_ID_ = ? 
   
    
     ORDER BY  ORDER[*] BY RES.ID_ ASC  
    LIMIT ? OFFSET ? &quot;; expected &quot;=, NOT, EXISTS, INTERSECTS, SELECT, FROM&quot;; SQL statement:
select distinct RES.* 
       
    from ACT_RU_TASK RES
     
     
     
     
    
     
     
     
     WHERE  RES.PROC_INST_ID_ = ? 
   
    
     order by  order by RES.ID_ asc  
    LIMIT ? OFFSET ? [42001-176]
org.apache.ibatis.exceptions.PersistenceException: 
### Error querying database.  Cause: org.h2.jdbc.JdbcSQLException: Syntax error in SQL statement &quot;SELECT DISTINCT RES.* 
       
    FROM ACT_RU_TASK RES
     
     
     
     
    
     
     
     
     WHERE  RES.PROC_INST_ID_ = ? 
   
    
     ORDER BY  ORDER[*] BY RES.ID_ ASC  
    LIMIT ? OFFSET ? &quot;; expected &quot;=, NOT, EXISTS, INTERSECTS, SELECT, FROM&quot;; SQL statement:
select distinct RES.* 
       
    from ACT_RU_TASK RES
     
     
     
     
    
     
     
     
     WHERE  RES.PROC_INST_ID_ = ? 
   
    
     order by  order by RES.ID_ asc  
    LIMIT ? OFFSET ? [42001-176]
### The error may exist in org/activiti/db/mapping/entity/Task.xml
### The error may involve org.activiti.engine.impl.persistence.entity.TaskEntity.selectTaskByQueryCriteria
### The error occurred while executing a query
### SQL: select distinct RES.*              from ACT_RU_TASK RES                                                     WHERE  RES.PROC_INST_ID_ = ?                order by  order by RES.ID_ asc       LIMIT ? OFFSET ?
### Cause: org.h2.jdbc.JdbcSQLException: Syntax error in SQL statement &quot;SELECT DISTINCT RES.* 
       
    FROM ACT_RU_TASK RES
     
     
     
     
    
     
     
     
     WHERE  RES.PROC_INST_ID_ = ? 
   
    
     ORDER BY  ORDER[*] BY RES.ID_ ASC  
    LIMIT ? OFFSET ? &quot;; expected &quot;=, NOT, EXISTS, INTERSECTS, SELECT, FROM&quot;; SQL statement:
select distinct RES.* 
       
    from ACT_RU_TASK RES
     
     
     
     
    
     
     
     
     WHERE  RES.PROC_INST_ID_ = ? 
   
    
     order by  order by RES.ID_ asc  
    LIMIT ? OFFSET ? [42001-176]
	at org.apache.ibatis.exceptions.ExceptionFactory.wrapException(ExceptionFactory.java:30)
	at org.apache.ibatis.session.defaults.DefaultSqlSession.selectList(DefaultSqlSession.java:122)
	at org.apache.ibatis.session.defaults.DefaultSqlSession.selectList(DefaultSqlSession.java:113)
	at org.activiti.engine.impl.db.DbSqlSession.selectListWithRawParameter(DbSqlSession.java:438)
	at org.activiti.engine.impl.db.DbSqlSession.selectList(DbSqlSession.java:429)
	at org.activiti.engine.impl.persistence.entity.TaskEntityManager.findTasksByQueryCriteria(TaskEntityManager.java:135)
	at org.activiti.engine.impl.TaskQueryImpl.executeList(TaskQueryImpl.java:1256)
	at org.activiti.engine.impl.AbstractQuery.executeSingleResult(AbstractQuery.java:183)
	at org.activiti.engine.impl.AbstractQuery.execute(AbstractQuery.java:166)
	at org.activiti.engine.impl.interceptor.CommandInvoker.execute(CommandInvoker.java:24)
	at org.activiti.engine.impl.interceptor.CommandContextInterceptor.execute(CommandContextInterceptor.java:57)
	at org.activiti.engine.impl.interceptor.LogInterceptor.execute(LogInterceptor.java:37)
	at org.activiti.engine.impl.cfg.CommandExecutorImpl.execute(CommandExecutorImpl.java:40)
	at org.activiti.engine.impl.cfg.CommandExecutorImpl.execute(CommandExecutorImpl.java:35)
	at org.activiti.engine.impl.AbstractQuery.singleResult(AbstractQuery.java:129)
	at org.activiti.engine.test.db.VariableScopeTest.testVariableScope(VariableScopeTest.java:47)
	at sun.reflect.NativeMethodAccessorImpl.invoke0(Native Method)
	at sun.reflect.NativeMethodAccessorImpl.invoke(NativeMethodAccessorImpl.java:62)
	at sun.reflect.DelegatingMethodAccessorImpl.invoke(DelegatingMethodAccessorImpl.java:43)
	at java.lang.reflect.Method.invoke(Method.java:498)
	at junit.framework.TestCase.runTest(TestCase.java:176)
	at org.activiti.engine.impl.test.PvmTestCase.runTest(PvmTestCase.java:65)
	at junit.framework.TestCase.runBare(TestCase.java:141)
	at org.activiti.engine.impl.test.AbstractActivitiTestCase.runBare(AbstractActivitiTestCase.java:100)
	at junit.framework.TestResult$1.protect(TestResult.java:122)
	at junit.framework.TestResult.runProtected(TestResult.java:142)
	at junit.framework.TestResult.run(TestResult.java:125)
	at junit.framework.TestCase.run(TestCase.java:129)
	at junit.framework.TestSuite.runTest(TestSuite.java:255)
	at junit.framework.TestSuite.run(TestSuite.java:250)
	at org.junit.internal.runners.JUnit38ClassRunner.run(JUnit38ClassRunner.java:84)
	at org.apache.maven.surefire.junit4.JUnit4TestSet.execute(JUnit4TestSet.java:35)
	at org.apache.maven.surefire.junit4.JUnit4Provider.executeTestSet(JUnit4Provider.java:146)
	at org.apache.maven.surefire.junit4.JUnit4Provider.invoke(JUnit4Provider.java:97)
	at sun.reflect.NativeMethodAccessorImpl.invoke0(Native Method)
	at sun.reflect.NativeMethodAccessorImpl.invoke(NativeMethodAccessorImpl.java:62)
	at sun.reflect.DelegatingMethodAccessorImpl.invoke(DelegatingMethodAccessorImpl.java:43)
	at java.lang.reflect.Method.invoke(Method.java:498)
	at org.apache.maven.surefire.booter.ProviderFactory$ClassLoaderProxy.invoke(ProviderFactory.java:103)
	at com.sun.proxy.$Proxy0.invoke(Unknown Source)
	at org.apache.maven.surefire.booter.SurefireStarter.invokeProvider(SurefireStarter.java:145)
	at org.apache.maven.surefire.booter.SurefireStarter.runSuitesInProcess(SurefireStarter.java:87)
	at org.apache.maven.surefire.booter.ForkedBooter.main(ForkedBooter.java:69)
Caused by: org.h2.jdbc.JdbcSQLException: Syntax error in SQL statement &quot;SELECT DISTINCT RES.* 
       
    FROM ACT_RU_TASK RES
     
     
     
     
    
     
     
     
     WHERE  RES.PROC_INST_ID_ = ? 
   
    
     ORDER BY  ORDER[*] BY RES.ID_ ASC  
    LIMIT ? OFFSET ? &quot;; expected &quot;=, NOT, EXISTS, INTERSECTS, SELECT, FROM&quot;; SQL statement:
select distinct RES.* 
       
    from ACT_RU_TASK RES
     
     
     
     
    
     
     
     
     WHERE  RES.PROC_INST_ID_ = ? 
   
    
     order by  order by RES.ID_ asc  
    LIMIT ? OFFSET ? [42001-176]
	at org.h2.message.DbException.getJdbcSQLException(DbException.java:344)
	at org.h2.message.DbException.getSyntaxError(DbException.java:204)
	at org.h2.command.Parser.getSyntaxError(Parser.java:524)
	at org.h2.command.Parser.readTerm(Parser.java:2688)
	at org.h2.command.Parser.readFactor(Parser.java:2244)
	at org.h2.command.Parser.readSum(Parser.java:2231)
	at org.h2.command.Parser.readConcat(Parser.java:2201)
	at org.h2.command.Parser.readCondition(Parser.java:2051)
	at org.h2.command.Parser.readAnd(Parser.java:2023)
	at org.h2.command.Parser.readExpression(Parser.java:2015)
	at org.h2.command.Parser.parseEndOfQuery(Parser.java:1726)
	at org.h2.command.Parser.parseSelectUnionExtension(Parser.java:1706)
	at org.h2.command.Parser.parseSelectUnion(Parser.java:1675)
	at org.h2.command.Parser.parseSelect(Parser.java:1662)
	at org.h2.command.Parser.parsePrepared(Parser.java:434)
	at org.h2.command.Parser.parse(Parser.java:306)
	at org.h2.command.Parser.parse(Parser.java:282)
	at org.h2.command.Parser.prepareCommand(Parser.java:243)
	at org.h2.engine.Session.prepareLocal(Session.java:442)
	at org.h2.engine.Session.prepareCommand(Session.java:384)
	at org.h2.jdbc.JdbcConnection.prepareCommand(JdbcConnection.java:1188)
	at org.h2.jdbc.JdbcPreparedStatement.&lt;init&gt;(JdbcPreparedStatement.java:73)
	at org.h2.jdbc.JdbcConnection.prepareStatement(JdbcConnection.java:276)
	at sun.reflect.GeneratedMethodAccessor6.invoke(Unknown Source)
	at sun.reflect.DelegatingMethodAccessorImpl.invoke(DelegatingMethodAccessorImpl.java:43)
	at java.lang.reflect.Method.invoke(Method.java:498)
	at org.apache.ibatis.datasource.pooled.PooledConnection.invoke(PooledConnection.java:245)
	at com.sun.proxy.$Proxy12.prepareStatement(Unknown Source)
	at sun.reflect.GeneratedMethodAccessor6.invoke(Unknown Source)
	at sun.reflect.DelegatingMethodAccessorImpl.invoke(DelegatingMethodAccessorImpl.java:43)
	at java.lang.reflect.Method.invoke(Method.java:498)
	at org.apache.ibatis.logging.jdbc.ConnectionLogger.invoke(ConnectionLogger.java:55)
	at com.sun.proxy.$Proxy12.prepareStatement(Unknown Source)
	at org.apache.ibatis.executor.statement.PreparedStatementHandler.instantiateStatement(PreparedStatementHandler.java:79)
	at org.apache.ibatis.executor.statement.BaseStatementHandler.prepare(BaseStatementHandler.java:88)
	at org.apache.ibatis.executor.statement.RoutingStatementHandler.prepare(RoutingStatementHandler.java:58)
	at org.apache.ibatis.executor.SimpleExecutor.prepareStatement(SimpleExecutor.java:76)
	at org.apache.ibatis.executor.SimpleExecutor.doQuery(SimpleExecutor.java:61)
	at org.apache.ibatis.executor.BaseExecutor.queryFromDatabase(BaseExecutor.java:303)
	at org.apache.ibatis.executor.BaseExecutor.query(BaseExecutor.java:154)
	at org.apache.ibatis.executor.CachingExecutor.query(CachingExecutor.java:102)
	at org.apache.ibatis.executor.CachingExecutor.query(CachingExecutor.java:82)
	at org.apache.ibatis.session.defaults.DefaultSqlSession.selectList(DefaultSqlSession.java:120)
	... 41 more
10:47:17,037 [main] DEBUG org.activiti.engine.impl.test.PvmTestCase  - #### END VariableScopeTest.testVariableScope #############################################################
10:47:17,037 [main] ERROR org.activiti.engine.impl.test.PvmTestCase  - 

10:47:17,037 [main] ERROR org.activiti.engine.impl.test.PvmTestCase  - EXCEPTION: org.apache.ibatis.exceptions.PersistenceException: 
### Error querying database.  Cause: org.h2.jdbc.JdbcSQLException: Syntax error in SQL statement &quot;SELECT DISTINCT RES.* 
       
    FROM ACT_RU_TASK RES
     
     
     
     
    
     
     
     
     WHERE  RES.PROC_INST_ID_ = ? 
   
    
     ORDER BY  ORDER[*] BY RES.ID_ ASC  
    LIMIT ? OFFSET ? &quot;; expected &quot;=, NOT, EXISTS, INTERSECTS, SELECT, FROM&quot;; SQL statement:
select distinct RES.* 
       
    from ACT_RU_TASK RES
     
     
     
     
    
     
     
     
     WHERE  RES.PROC_INST_ID_ = ? 
   
    
     order by  order by RES.ID_ asc  
    LIMIT ? OFFSET ? [42001-176]
### The error may exist in org/activiti/db/mapping/entity/Task.xml
### The error may involve org.activiti.engine.impl.persistence.entity.TaskEntity.selectTaskByQueryCriteria
### The error occurred while executing a query
### SQL: select distinct RES.*              from ACT_RU_TASK RES                                                     WHERE  RES.PROC_INST_ID_ = ?                order by  order by RES.ID_ asc       LIMIT ? OFFSET ?
### Cause: org.h2.jdbc.JdbcSQLException: Syntax error in SQL statement &quot;SELECT DISTINCT RES.* 
       
    FROM ACT_RU_TASK RES
     
     
     
     
    
     
     
     
     WHERE  RES.PROC_INST_ID_ = ? 
   
    
     ORDER BY  ORDER[*] BY RES.ID_ ASC  
    LIMIT ? OFFSET ? &quot;; expected &quot;=, NOT, EXISTS, INTERSECTS, SELECT, FROM&quot;; SQL statement:
select distinct RES.* 
       
    from ACT_RU_TASK RES
     
     
     
     
    
     
     
     
     WHERE  RES.PROC_INST_ID_ = ? 
   
    
     order by  order by RES.ID_ asc  
    LIMIT ? OFFSET ? [42001-176]
org.apache.ibatis.exceptions.PersistenceException: 
### Error querying database.  Cause: org.h2.jdbc.JdbcSQLException: Syntax error in SQL statement &quot;SELECT DISTINCT RES.* 
       
    FROM ACT_RU_TASK RES
     
     
     
     
    
     
     
     
     WHERE  RES.PROC_INST_ID_ = ? 
   
    
     ORDER BY  ORDER[*] BY RES.ID_ ASC  
    LIMIT ? OFFSET ? &quot;; expected &quot;=, NOT, EXISTS, INTERSECTS, SELECT, FROM&quot;; SQL statement:
select distinct RES.* 
       
    from ACT_RU_TASK RES
     
     
     
     
    
     
     
     
     WHERE  RES.PROC_INST_ID_ = ? 
   
    
     order by  order by RES.ID_ asc  
    LIMIT ? OFFSET ? [42001-176]
### The error may exist in org/activiti/db/mapping/entity/Task.xml
### The error may involve org.activiti.engine.impl.persistence.entity.TaskEntity.selectTaskByQueryCriteria
### The error occurred while executing a query
### SQL: select distinct RES.*              from ACT_RU_TASK RES                                                     WHERE  RES.PROC_INST_ID_ = ?                order by  order by RES.ID_ asc       LIMIT ? OFFSET ?
### Cause: org.h2.jdbc.JdbcSQLException: Syntax error in SQL statement &quot;SELECT DISTINCT RES.* 
       
    FROM ACT_RU_TASK RES
     
     
     
     
    
     
     
     
     WHERE  RES.PROC_INST_ID_ = ? 
   
    
     ORDER BY  ORDER[*] BY RES.ID_ ASC  
    LIMIT ? OFFSET ? &quot;; expected &quot;=, NOT, EXISTS, INTERSECTS, SELECT, FROM&quot;; SQL statement:
select distinct RES.* 
       
    from ACT_RU_TASK RES
     
     
     
     
    
     
     
     
     WHERE  RES.PROC_INST_ID_ = ? 
   
    
     order by  order by RES.ID_ asc  
    LIMIT ? OFFSET ? [42001-176]
	at org.apache.ibatis.exceptions.ExceptionFactory.wrapException(ExceptionFactory.java:30)
	at org.apache.ibatis.session.defaults.DefaultSqlSession.selectList(DefaultSqlSession.java:122)
	at org.apache.ibatis.session.defaults.DefaultSqlSession.selectList(DefaultSqlSession.java:113)
	at org.activiti.engine.impl.db.DbSqlSession.selectListWithRawParameter(DbSqlSession.java:438)
	at org.activiti.engine.impl.db.DbSqlSession.selectList(DbSqlSession.java:429)
	at org.activiti.engine.impl.persistence.entity.TaskEntityManager.findTasksByQueryCriteria(TaskEntityManager.java:135)
	at org.activiti.engine.impl.TaskQueryImpl.executeList(TaskQueryImpl.java:1256)
	at org.activiti.engine.impl.AbstractQuery.executeSingleResult(AbstractQuery.java:183)
	at org.activiti.engine.impl.AbstractQuery.execute(AbstractQuery.java:166)
	at org.activiti.engine.impl.interceptor.CommandInvoker.execute(CommandInvoker.java:24)
	at org.activiti.engine.impl.interceptor.CommandContextInterceptor.execute(CommandContextInterceptor.java:57)
	at org.activiti.engine.impl.interceptor.LogInterceptor.execute(LogInterceptor.java:37)
	at org.activiti.engine.impl.cfg.CommandExecutorImpl.execute(CommandExecutorImpl.java:40)
	at org.activiti.engine.impl.cfg.CommandExecutorImpl.execute(CommandExecutorImpl.java:35)
	at org.activiti.engine.impl.AbstractQuery.singleResult(AbstractQuery.java:129)
	at org.activiti.engine.test.db.VariableScopeTest.testVariableScope(VariableScopeTest.java:47)
	at sun.reflect.NativeMethodAccessorImpl.invoke0(Native Method)
	at sun.reflect.NativeMethodAccessorImpl.invoke(NativeMethodAccessorImpl.java:62)
	at sun.reflect.DelegatingMethodAccessorImpl.invoke(DelegatingMethodAccessorImpl.java:43)
	at java.lang.reflect.Method.invoke(Method.java:498)
	at junit.framework.TestCase.runTest(TestCase.java:176)
	at org.activiti.engine.impl.test.PvmTestCase.runTest(PvmTestCase.java:65)
	at junit.framework.TestCase.runBare(TestCase.java:141)
	at org.activiti.engine.impl.test.AbstractActivitiTestCase.runBare(AbstractActivitiTestCase.java:100)
	at junit.framework.TestResult$1.protect(TestResult.java:122)
	at junit.framework.TestResult.runProtected(TestResult.java:142)
	at junit.framework.TestResult.run(TestResult.java:125)
	at junit.framework.TestCase.run(TestCase.java:129)
	at junit.framework.TestSuite.runTest(TestSuite.java:255)
	at junit.framework.TestSuite.run(TestSuite.java:250)
	at org.junit.internal.runners.JUnit38ClassRunner.run(JUnit38ClassRunner.java:84)
	at org.apache.maven.surefire.junit4.JUnit4TestSet.execute(JUnit4TestSet.java:35)
	at org.apache.maven.surefire.junit4.JUnit4Provider.executeTestSet(JUnit4Provider.java:146)
	at org.apache.maven.surefire.junit4.JUnit4Provider.invoke(JUnit4Provider.java:97)
	at sun.reflect.NativeMethodAccessorImpl.invoke0(Native Method)
	at sun.reflect.NativeMethodAccessorImpl.invoke(NativeMethodAccessorImpl.java:62)
	at sun.reflect.DelegatingMethodAccessorImpl.invoke(DelegatingMethodAccessorImpl.java:43)
	at java.lang.reflect.Method.invoke(Method.java:498)
	at org.apache.maven.surefire.booter.ProviderFactory$ClassLoaderProxy.invoke(ProviderFactory.java:103)
	at com.sun.proxy.$Proxy0.invoke(Unknown Source)
	at org.apache.maven.surefire.booter.SurefireStarter.invokeProvider(SurefireStarter.java:145)
	at org.apache.maven.surefire.booter.SurefireStarter.runSuitesInProcess(SurefireStarter.java:87)
	at org.apache.maven.surefire.booter.ForkedBooter.main(ForkedBooter.java:69)
Caused by: org.h2.jdbc.JdbcSQLException: Syntax error in SQL statement &quot;SELECT DISTINCT RES.* 
       
    FROM ACT_RU_TASK RES
     
     
     
     
    
     
     
     
     WHERE  RES.PROC_INST_ID_ = ? 
   
    
     ORDER BY  ORDER[*] BY RES.ID_ ASC  
    LIMIT ? OFFSET ? &quot;; expected &quot;=, NOT, EXISTS, INTERSECTS, SELECT, FROM&quot;; SQL statement:
select distinct RES.* 
       
    from ACT_RU_TASK RES
     
     
     
     
    
     
     
     
     WHERE  RES.PROC_INST_ID_ = ? 
   
    
     order by  order by RES.ID_ asc  
    LIMIT ? OFFSET ? [42001-176]
	at org.h2.message.DbException.getJdbcSQLException(DbException.java:344)
	at org.h2.message.DbException.getSyntaxError(DbException.java:204)
	at org.h2.command.Parser.getSyntaxError(Parser.java:524)
	at org.h2.command.Parser.readTerm(Parser.java:2688)
	at org.h2.command.Parser.readFactor(Parser.java:2244)
	at org.h2.command.Parser.readSum(Parser.java:2231)
	at org.h2.command.Parser.readConcat(Parser.java:2201)
	at org.h2.command.Parser.readCondition(Parser.java:2051)
	at org.h2.command.Parser.readAnd(Parser.java:2023)
	at org.h2.command.Parser.readExpression(Parser.java:2015)
	at org.h2.command.Parser.parseEndOfQuery(Parser.java:1726)
	at org.h2.command.Parser.parseSelectUnionExtension(Parser.java:1706)
	at org.h2.command.Parser.parseSelectUnion(Parser.java:1675)
	at org.h2.command.Parser.parseSelect(Parser.java:1662)
	at org.h2.command.Parser.parsePrepared(Parser.java:434)
	at org.h2.command.Parser.parse(Parser.java:306)
	at org.h2.command.Parser.parse(Parser.java:282)
	at org.h2.command.Parser.prepareCommand(Parser.java:243)
	at org.h2.engine.Session.prepareLocal(Session.java:442)
	at org.h2.engine.Session.prepareCommand(Session.java:384)
	at org.h2.jdbc.JdbcConnection.prepareCommand(JdbcConnection.java:1188)
	at org.h2.jdbc.JdbcPreparedStatement.&lt;init&gt;(JdbcPreparedStatement.java:73)
	at org.h2.jdbc.JdbcConnection.prepareStatement(JdbcConnection.java:276)
	at sun.reflect.GeneratedMethodAccessor6.invoke(Unknown Source)
	at sun.reflect.DelegatingMethodAccessorImpl.invoke(DelegatingMethodAccessorImpl.java:43)
	at java.lang.reflect.Method.invoke(Method.java:498)
	at org.apache.ibatis.datasource.pooled.PooledConnection.invoke(PooledConnection.java:245)
	at com.sun.proxy.$Proxy12.prepareStatement(Unknown Source)
	at sun.reflect.GeneratedMethodAccessor6.invoke(Unknown Source)
	at sun.reflect.DelegatingMethodAccessorImpl.invoke(DelegatingMethodAccessorImpl.java:43)
	at java.lang.reflect.Method.invoke(Method.java:498)
	at org.apache.ibatis.logging.jdbc.ConnectionLogger.invoke(ConnectionLogger.java:55)
	at com.sun.proxy.$Proxy12.prepareStatement(Unknown Source)
	at org.apache.ibatis.executor.statement.PreparedStatementHandler.instantiateStatement(PreparedStatementHandler.java:79)
	at org.apache.ibatis.executor.statement.BaseStatementHandler.prepare(BaseStatementHandler.java:88)
	at org.apache.ibatis.executor.statement.RoutingStatementHandler.prepare(RoutingStatementHandler.java:58)
	at org.apache.ibatis.executor.SimpleExecutor.prepareStatement(SimpleExecutor.java:76)
	at org.apache.ibatis.executor.SimpleExecutor.doQuery(SimpleExecutor.java:61)
	at org.apache.ibatis.executor.BaseExecutor.queryFromDatabase(BaseExecutor.java:303)
	at org.apache.ibatis.executor.BaseExecutor.query(BaseExecutor.java:154)
	at org.apache.ibatis.executor.CachingExecutor.query(CachingExecutor.java:102)
	at org.apache.ibatis.executor.CachingExecutor.query(CachingExecutor.java:82)
	at org.apache.ibatis.session.defaults.DefaultSqlSession.selectList(DefaultSqlSession.java:120)
	... 41 more
10:47:17,037 [main] DEBUG org.activiti.engine.impl.test.TestHelper  - annotation @Deployment deletes deployment for VariableScopeTest.testVariableScope
10:47:17,037 [main] DEBUG org.activiti.engine.impl.interceptor.LogInterceptor  - 

10:47:17,037 [main] DEBUG org.activiti.engine.impl.interceptor.LogInterceptor  - --- starting DeleteDeploymentCmd --------------------------------------------------------
10:47:17,037 [main] DEBUG org.apache.ibatis.transaction.jdbc.JdbcTransaction  - Opening JDBC Connection
10:47:17,037 [main] DEBUG org.apache.ibatis.datasource.pooled.PooledDataSource  - Checked out connection 486346394 from pool.
10:47:17,037 [main] DEBUG org.apache.ibatis.transaction.jdbc.JdbcTransaction  - Setting autocommit to false on JDBC Connection [conn6: url=jdbc:h2:mem:activiti user=SA]
10:47:17,037 [main] DEBUG org.activiti.engine.impl.persistence.entity.DeploymentEntity.selectDeploymentById  - ==&gt;  Preparing: select * from ACT_RE_DEPLOYMENT where ID_ = ? 
10:47:17,037 [main] DEBUG org.activiti.engine.impl.persistence.entity.DeploymentEntity.selectDeploymentById  - ==&gt; Parameters: 724(String)
10:47:17,037 [main] DEBUG org.activiti.engine.impl.persistence.entity.DeploymentEntity.selectDeploymentById  - &lt;==      Total: 1
10:47:17,038 [main] DEBUG org.activiti.engine.impl.persistence.entity.ProcessDefinitionEntity.selectProcessDefinitionsByQueryCriteria  - ==&gt;  Preparing: select RES.* from ACT_RE_PROCDEF RES WHERE RES.DEPLOYMENT_ID_ = ? order by order by RES.ID_ asc LIMIT ? OFFSET ? 
10:47:17,038 [main] DEBUG org.activiti.engine.impl.interceptor.CommandContext  - Error while closing command context
org.apache.ibatis.exceptions.PersistenceException: 
### Error querying database.  Cause: org.h2.jdbc.JdbcSQLException: Syntax error in SQL statement &quot;SELECT RES.* 
       
    FROM ACT_RE_PROCDEF RES
     
     WHERE  RES.DEPLOYMENT_ID_ = ? 
   
     ORDER BY  ORDER[*] BY RES.ID_ ASC  
    LIMIT ? OFFSET ? &quot;; expected &quot;=, NOT, EXISTS, INTERSECTS, SELECT, FROM&quot;; SQL statement:
select RES.* 
       
    from ACT_RE_PROCDEF RES
     
     WHERE  RES.DEPLOYMENT_ID_ = ? 
   
     order by  order by RES.ID_ asc  
    LIMIT ? OFFSET ? [42001-176]
### The error may exist in org/activiti/db/mapping/entity/ProcessDefinition.xml
### The error may involve org.activiti.engine.impl.persistence.entity.ProcessDefinitionEntity.selectProcessDefinitionsByQueryCriteria
### The error occurred while executing a query
### SQL: select RES.*              from ACT_RE_PROCDEF RES            WHERE  RES.DEPLOYMENT_ID_ = ?           order by  order by RES.ID_ asc       LIMIT ? OFFSET ?
### Cause: org.h2.jdbc.JdbcSQLException: Syntax error in SQL statement &quot;SELECT RES.* 
       
    FROM ACT_RE_PROCDEF RES
     
     WHERE  RES.DEPLOYMENT_ID_ = ? 
   
     ORDER BY  ORDER[*] BY RES.ID_ ASC  
    LIMIT ? OFFSET ? &quot;; expected &quot;=, NOT, EXISTS, INTERSECTS, SELECT, FROM&quot;; SQL statement:
select RES.* 
       
    from ACT_RE_PROCDEF RES
     
     WHERE  RES.DEPLOYMENT_ID_ = ? 
   
     order by  order by RES.ID_ asc  
    LIMIT ? OFFSET ? [42001-176]
	at org.apache.ibatis.exceptions.ExceptionFactory.wrapException(ExceptionFactory.java:30)
	at org.apache.ibatis.session.defaults.DefaultSqlSession.selectList(DefaultSqlSession.java:122)
	at org.apache.ibatis.session.defaults.DefaultSqlSession.selectList(DefaultSqlSession.java:113)
	at org.activiti.engine.impl.db.DbSqlSession.selectListWithRawParameter(DbSqlSession.java:438)
	at org.activiti.engine.impl.db.DbSqlSession.selectList(DbSqlSession.java:429)
	at org.activiti.engine.impl.db.DbSqlSession.selectList(DbSqlSession.java:419)
	at org.activiti.engine.impl.persistence.entity.ProcessDefinitionEntityManager.findProcessDefinitionsByQueryCriteria(ProcessDefinitionEntityManager.java:57)
	at org.activiti.engine.impl.ProcessDefinitionQueryImpl.executeList(ProcessDefinitionQueryImpl.java:307)
	at org.activiti.engine.impl.AbstractQuery.list(AbstractQuery.java:140)
	at org.activiti.engine.impl.persistence.deploy.DeploymentManager.removeDeployment(DeploymentManager.java:187)
	at org.activiti.engine.impl.cmd.DeleteDeploymentCmd.execute(DeleteDeploymentCmd.java:44)
	at org.activiti.engine.impl.cmd.DeleteDeploymentCmd.execute(DeleteDeploymentCmd.java:24)
	at org.activiti.engine.impl.interceptor.CommandInvoker.execute(CommandInvoker.java:24)
	at org.activiti.engine.impl.interceptor.CommandContextInterceptor.execute(CommandContextInterceptor.java:57)
	at org.activiti.engine.impl.interceptor.LogInterceptor.execute(LogInterceptor.java:37)
	at org.activiti.engine.impl.cfg.CommandExecutorImpl.execute(CommandExecutorImpl.java:40)
	at org.activiti.engine.impl.cfg.CommandExecutorImpl.execute(CommandExecutorImpl.java:35)
	at org.activiti.engine.impl.RepositoryServiceImpl.deleteDeployment(RepositoryServiceImpl.java:90)
	at org.activiti.engine.impl.test.TestHelper.annotationDeploymentTearDown(TestHelper.java:116)
	at org.activiti.engine.impl.test.AbstractActivitiTestCase.runBare(AbstractActivitiTestCase.java:116)
	at junit.framework.TestResult$1.protect(TestResult.java:122)
	at junit.framework.TestResult.runProtected(TestResult.java:142)
	at junit.framework.TestResult.run(TestResult.java:125)
	at junit.framework.TestCase.run(TestCase.java:129)
	at junit.framework.TestSuite.runTest(TestSuite.java:255)
	at junit.framework.TestSuite.run(TestSuite.java:250)
	at org.junit.internal.runners.JUnit38ClassRunner.run(JUnit38ClassRunner.java:84)
	at org.apache.maven.surefire.junit4.JUnit4TestSet.execute(JUnit4TestSet.java:35)
	at org.apache.maven.surefire.junit4.JUnit4Provider.executeTestSet(JUnit4Provider.java:146)
	at org.apache.maven.surefire.junit4.JUnit4Provider.invoke(JUnit4Provider.java:97)
	at sun.reflect.NativeMethodAccessorImpl.invoke0(Native Method)
	at sun.reflect.NativeMethodAccessorImpl.invoke(NativeMethodAccessorImpl.java:62)
	at sun.reflect.DelegatingMethodAccessorImpl.invoke(DelegatingMethodAccessorImpl.java:43)
	at java.lang.reflect.Method.invoke(Method.java:498)
	at org.apache.maven.surefire.booter.ProviderFactory$ClassLoaderProxy.invoke(ProviderFactory.java:103)
	at com.sun.proxy.$Proxy0.invoke(Unknown Source)
	at org.apache.maven.surefire.booter.SurefireStarter.invokeProvider(SurefireStarter.java:145)
	at org.apache.maven.surefire.booter.SurefireStarter.runSuitesInProcess(SurefireStarter.java:87)
	at org.apache.maven.surefire.booter.ForkedBooter.main(ForkedBooter.java:69)
Caused by: org.h2.jdbc.JdbcSQLException: Syntax error in SQL statement &quot;SELECT RES.* 
       
    FROM ACT_RE_PROCDEF RES
     
     WHERE  RES.DEPLOYMENT_ID_ = ? 
   
     ORDER BY  ORDER[*] BY RES.ID_ ASC  
    LIMIT ? OFFSET ? &quot;; expected &quot;=, NOT, EXISTS, INTERSECTS, SELECT, FROM&quot;; SQL statement:
select RES.* 
       
    from ACT_RE_PROCDEF RES
     
     WHERE  RES.DEPLOYMENT_ID_ = ? 
   
     order by  order by RES.ID_ asc  
    LIMIT ? OFFSET ? [42001-176]
	at org.h2.message.DbException.getJdbcSQLException(DbException.java:344)
	at org.h2.message.DbException.getSyntaxError(DbException.java:204)
	at org.h2.command.Parser.getSyntaxError(Parser.java:524)
	at org.h2.command.Parser.readTerm(Parser.java:2688)
	at org.h2.command.Parser.readFactor(Parser.java:2244)
	at org.h2.command.Parser.readSum(Parser.java:2231)
	at org.h2.command.Parser.readConcat(Parser.java:2201)
	at org.h2.command.Parser.readCondition(Parser.java:2051)
	at org.h2.command.Parser.readAnd(Parser.java:2023)
	at org.h2.command.Parser.readExpression(Parser.java:2015)
	at org.h2.command.Parser.parseEndOfQuery(Parser.java:1726)
	at org.h2.command.Parser.parseSelectUnionExtension(Parser.java:1706)
	at org.h2.command.Parser.parseSelectUnion(Parser.java:1675)
	at org.h2.command.Parser.parseSelect(Parser.java:1662)
	at org.h2.command.Parser.parsePrepared(Parser.java:434)
	at org.h2.command.Parser.parse(Parser.java:306)
	at org.h2.command.Parser.parse(Parser.java:282)
	at org.h2.command.Parser.prepareCommand(Parser.java:243)
	at org.h2.engine.Session.prepareLocal(Session.java:442)
	at org.h2.engine.Session.prepareCommand(Session.java:384)
	at org.h2.jdbc.JdbcConnection.prepareCommand(JdbcConnection.java:1188)
	at org.h2.jdbc.JdbcPreparedStatement.&lt;init&gt;(JdbcPreparedStatement.java:73)
	at org.h2.jdbc.JdbcConnection.prepareStatement(JdbcConnection.java:276)
	at sun.reflect.GeneratedMethodAccessor6.invoke(Unknown Source)
	at sun.reflect.DelegatingMethodAccessorImpl.invoke(DelegatingMethodAccessorImpl.java:43)
	at java.lang.reflect.Method.invoke(Method.java:498)
	at org.apache.ibatis.datasource.pooled.PooledConnection.invoke(PooledConnection.java:245)
	at com.sun.proxy.$Proxy12.prepareStatement(Unknown Source)
	at sun.reflect.GeneratedMethodAccessor6.invoke(Unknown Source)
	at sun.reflect.DelegatingMethodAccessorImpl.invoke(DelegatingMethodAccessorImpl.java:43)
	at java.lang.reflect.Method.invoke(Method.java:498)
	at org.apache.ibatis.logging.jdbc.ConnectionLogger.invoke(ConnectionLogger.java:55)
	at com.sun.proxy.$Proxy12.prepareStatement(Unknown Source)
	at org.apache.ibatis.executor.statement.PreparedStatementHandler.instantiateStatement(PreparedStatementHandler.java:79)
	at org.apache.ibatis.executor.statement.BaseStatementHandler.prepare(BaseStatementHandler.java:88)
	at org.apache.ibatis.executor.statement.RoutingStatementHandler.prepare(RoutingStatementHandler.java:58)
	at org.apache.ibatis.executor.SimpleExecutor.prepareStatement(SimpleExecutor.java:76)
	at org.apache.ibatis.executor.SimpleExecutor.doQuery(SimpleExecutor.java:61)
	at org.apache.ibatis.executor.BaseExecutor.queryFromDatabase(BaseExecutor.java:303)
	at org.apache.ibatis.executor.BaseExecutor.query(BaseExecutor.java:154)
	at org.apache.ibatis.executor.CachingExecutor.query(CachingExecutor.java:102)
	at org.apache.ibatis.executor.CachingExecutor.query(CachingExecutor.java:82)
	at org.apache.ibatis.session.defaults.DefaultSqlSession.selectList(DefaultSqlSession.java:120)
	... 37 more
10:47:17,038 [main] DEBUG org.activiti.engine.impl.cfg.standalone.StandaloneMybatisTransactionContext  - firing event rolling back...
10:47:17,038 [main] DEBUG org.activiti.engine.impl.cfg.standalone.StandaloneMybatisTransactionContext  - rolling back ibatis sql session...
10:47:17,038 [main] DEBUG org.activiti.engine.impl.cfg.standalone.StandaloneMybatisTransactionContext  - firing event rolled back...
10:47:17,038 [main] DEBUG org.apache.ibatis.transaction.jdbc.JdbcTransaction  - Resetting autocommit to true on JDBC Connection [conn6: url=jdbc:h2:mem:activiti user=SA]
10:47:17,038 [main] DEBUG org.apache.ibatis.transaction.jdbc.JdbcTransaction  - Closing JDBC Connection [conn6: url=jdbc:h2:mem:activiti user=SA]
10:47:17,038 [main] DEBUG org.apache.ibatis.datasource.pooled.PooledDataSource  - Returned connection 486346394 to pool.
10:47:17,038 [main] DEBUG org.activiti.engine.impl.interceptor.LogInterceptor  - --- DeleteDeploymentCmd finished --------------------------------------------------------
10:47:17,038 [main] DEBUG org.activiti.engine.impl.interceptor.LogInterceptor  - 

</system-out>
  </testcase>
  <testcase classname="org.activiti.engine.test.db.VariableScopeTest" name="testGetVariableLocal" time="0.013">
    <error message="
### Error querying database.  Cause: org.h2.jdbc.JdbcSQLException: Syntax error in SQL statement &quot;SELECT RES.* 
       
    FROM ACT_RE_PROCDEF RES
     
     WHERE  RES.DEPLOYMENT_ID_ = ? 
   
     ORDER BY  ORDER[*] BY RES.ID_ ASC  
    LIMIT ? OFFSET ? &quot;; expected &quot;=, NOT, EXISTS, INTERSECTS, SELECT, FROM&quot;; SQL statement:
select RES.* 
       
    from ACT_RE_PROCDEF RES
     
     WHERE  RES.DEPLOYMENT_ID_ = ? 
   
     order by  order by RES.ID_ asc  
    LIMIT ? OFFSET ? [42001-176]
### The error may exist in org/activiti/db/mapping/entity/ProcessDefinition.xml
### The error may involve org.activiti.engine.impl.persistence.entity.ProcessDefinitionEntity.selectProcessDefinitionsByQueryCriteria
### The error occurred while executing a query
### SQL: select RES.*              from ACT_RE_PROCDEF RES            WHERE  RES.DEPLOYMENT_ID_ = ?           order by  order by RES.ID_ asc       LIMIT ? OFFSET ?
### Cause: org.h2.jdbc.JdbcSQLException: Syntax error in SQL statement &quot;SELECT RES.* 
       
    FROM ACT_RE_PROCDEF RES
     
     WHERE  RES.DEPLOYMENT_ID_ = ? 
   
     ORDER BY  ORDER[*] BY RES.ID_ ASC  
    LIMIT ? OFFSET ? &quot;; expected &quot;=, NOT, EXISTS, INTERSECTS, SELECT, FROM&quot;; SQL statement:
select RES.* 
       
    from ACT_RE_PROCDEF RES
     
     WHERE  RES.DEPLOYMENT_ID_ = ? 
   
     order by  order by RES.ID_ asc  
    LIMIT ? OFFSET ? [42001-176]" type="org.apache.ibatis.exceptions.PersistenceException">org.apache.ibatis.exceptions.PersistenceException: 
### Error querying database.  Cause: org.h2.jdbc.JdbcSQLException: Syntax error in SQL statement &quot;SELECT RES.* 
       
    FROM ACT_RE_PROCDEF RES
     
     WHERE  RES.DEPLOYMENT_ID_ = ? 
   
     ORDER BY  ORDER[*] BY RES.ID_ ASC  
    LIMIT ? OFFSET ? &quot;; expected &quot;=, NOT, EXISTS, INTERSECTS, SELECT, FROM&quot;; SQL statement:
select RES.* 
       
    from ACT_RE_PROCDEF RES
     
     WHERE  RES.DEPLOYMENT_ID_ = ? 
   
     order by  order by RES.ID_ asc  
    LIMIT ? OFFSET ? [42001-176]
### The error may exist in org/activiti/db/mapping/entity/ProcessDefinition.xml
### The error may involve org.activiti.engine.impl.persistence.entity.ProcessDefinitionEntity.selectProcessDefinitionsByQueryCriteria
### The error occurred while executing a query
### SQL: select RES.*              from ACT_RE_PROCDEF RES            WHERE  RES.DEPLOYMENT_ID_ = ?           order by  order by RES.ID_ asc       LIMIT ? OFFSET ?
### Cause: org.h2.jdbc.JdbcSQLException: Syntax error in SQL statement &quot;SELECT RES.* 
       
    FROM ACT_RE_PROCDEF RES
     
     WHERE  RES.DEPLOYMENT_ID_ = ? 
   
     ORDER BY  ORDER[*] BY RES.ID_ ASC  
    LIMIT ? OFFSET ? &quot;; expected &quot;=, NOT, EXISTS, INTERSECTS, SELECT, FROM&quot;; SQL statement:
select RES.* 
       
    from ACT_RE_PROCDEF RES
     
     WHERE  RES.DEPLOYMENT_ID_ = ? 
   
     order by  order by RES.ID_ asc  
    LIMIT ? OFFSET ? [42001-176]
	at org.apache.ibatis.exceptions.ExceptionFactory.wrapException(ExceptionFactory.java:30)
	at org.apache.ibatis.session.defaults.DefaultSqlSession.selectList(DefaultSqlSession.java:122)
	at org.apache.ibatis.session.defaults.DefaultSqlSession.selectList(DefaultSqlSession.java:113)
	at org.activiti.engine.impl.db.DbSqlSession.selectListWithRawParameter(DbSqlSession.java:438)
	at org.activiti.engine.impl.db.DbSqlSession.selectList(DbSqlSession.java:429)
	at org.activiti.engine.impl.db.DbSqlSession.selectList(DbSqlSession.java:419)
	at org.activiti.engine.impl.persistence.entity.ProcessDefinitionEntityManager.findProcessDefinitionsByQueryCriteria(ProcessDefinitionEntityManager.java:57)
	at org.activiti.engine.impl.ProcessDefinitionQueryImpl.executeList(ProcessDefinitionQueryImpl.java:307)
	at org.activiti.engine.impl.AbstractQuery.list(AbstractQuery.java:140)
	at org.activiti.engine.impl.persistence.deploy.DeploymentManager.removeDeployment(DeploymentManager.java:187)
	at org.activiti.engine.impl.cmd.DeleteDeploymentCmd.execute(DeleteDeploymentCmd.java:44)
	at org.activiti.engine.impl.cmd.DeleteDeploymentCmd.execute(DeleteDeploymentCmd.java:24)
	at org.activiti.engine.impl.interceptor.CommandInvoker.execute(CommandInvoker.java:24)
	at org.activiti.engine.impl.interceptor.CommandContextInterceptor.execute(CommandContextInterceptor.java:57)
	at org.activiti.engine.impl.interceptor.LogInterceptor.execute(LogInterceptor.java:37)
	at org.activiti.engine.impl.cfg.CommandExecutorImpl.execute(CommandExecutorImpl.java:40)
	at org.activiti.engine.impl.cfg.CommandExecutorImpl.execute(CommandExecutorImpl.java:35)
	at org.activiti.engine.impl.RepositoryServiceImpl.deleteDeployment(RepositoryServiceImpl.java:90)
	at org.activiti.engine.impl.test.TestHelper.annotationDeploymentTearDown(TestHelper.java:116)
	at org.activiti.engine.impl.test.AbstractActivitiTestCase.runBare(AbstractActivitiTestCase.java:116)
	at junit.framework.TestResult$1.protect(TestResult.java:122)
	at junit.framework.TestResult.runProtected(TestResult.java:142)
	at junit.framework.TestResult.run(TestResult.java:125)
	at junit.framework.TestCase.run(TestCase.java:129)
	at junit.framework.TestSuite.runTest(TestSuite.java:255)
	at junit.framework.TestSuite.run(TestSuite.java:250)
	at org.junit.internal.runners.JUnit38ClassRunner.run(JUnit38ClassRunner.java:84)
	at org.apache.maven.surefire.junit4.JUnit4TestSet.execute(JUnit4TestSet.java:35)
	at org.apache.maven.surefire.junit4.JUnit4Provider.executeTestSet(JUnit4Provider.java:146)
	at org.apache.maven.surefire.junit4.JUnit4Provider.invoke(JUnit4Provider.java:97)
	at sun.reflect.NativeMethodAccessorImpl.invoke0(Native Method)
	at sun.reflect.NativeMethodAccessorImpl.invoke(NativeMethodAccessorImpl.java:62)
	at sun.reflect.DelegatingMethodAccessorImpl.invoke(DelegatingMethodAccessorImpl.java:43)
	at java.lang.reflect.Method.invoke(Method.java:498)
	at org.apache.maven.surefire.booter.ProviderFactory$ClassLoaderProxy.invoke(ProviderFactory.java:103)
	at com.sun.proxy.$Proxy0.invoke(Unknown Source)
	at org.apache.maven.surefire.booter.SurefireStarter.invokeProvider(SurefireStarter.java:145)
	at org.apache.maven.surefire.booter.SurefireStarter.runSuitesInProcess(SurefireStarter.java:87)
	at org.apache.maven.surefire.booter.ForkedBooter.main(ForkedBooter.java:69)
Caused by: org.h2.jdbc.JdbcSQLException: Syntax error in SQL statement &quot;SELECT RES.* 
       
    FROM ACT_RE_PROCDEF RES
     
     WHERE  RES.DEPLOYMENT_ID_ = ? 
   
     ORDER BY  ORDER[*] BY RES.ID_ ASC  
    LIMIT ? OFFSET ? &quot;; expected &quot;=, NOT, EXISTS, INTERSECTS, SELECT, FROM&quot;; SQL statement:
select RES.* 
       
    from ACT_RE_PROCDEF RES
     
     WHERE  RES.DEPLOYMENT_ID_ = ? 
   
     order by  order by RES.ID_ asc  
    LIMIT ? OFFSET ? [42001-176]
	at org.h2.message.DbException.getJdbcSQLException(DbException.java:344)
	at org.h2.message.DbException.getSyntaxError(DbException.java:204)
	at org.h2.command.Parser.getSyntaxError(Parser.java:524)
	at org.h2.command.Parser.readTerm(Parser.java:2688)
	at org.h2.command.Parser.readFactor(Parser.java:2244)
	at org.h2.command.Parser.readSum(Parser.java:2231)
	at org.h2.command.Parser.readConcat(Parser.java:2201)
	at org.h2.command.Parser.readCondition(Parser.java:2051)
	at org.h2.command.Parser.readAnd(Parser.java:2023)
	at org.h2.command.Parser.readExpression(Parser.java:2015)
	at org.h2.command.Parser.parseEndOfQuery(Parser.java:1726)
	at org.h2.command.Parser.parseSelectUnionExtension(Parser.java:1706)
	at org.h2.command.Parser.parseSelectUnion(Parser.java:1675)
	at org.h2.command.Parser.parseSelect(Parser.java:1662)
	at org.h2.command.Parser.parsePrepared(Parser.java:434)
	at org.h2.command.Parser.parse(Parser.java:306)
	at org.h2.command.Parser.parse(Parser.java:282)
	at org.h2.command.Parser.prepareCommand(Parser.java:243)
	at org.h2.engine.Session.prepareLocal(Session.java:442)
	at org.h2.engine.Session.prepareCommand(Session.java:384)
	at org.h2.jdbc.JdbcConnection.prepareCommand(JdbcConnection.java:1188)
	at org.h2.jdbc.JdbcPreparedStatement.&lt;init&gt;(JdbcPreparedStatement.java:73)
	at org.h2.jdbc.JdbcConnection.prepareStatement(JdbcConnection.java:276)
	at sun.reflect.GeneratedMethodAccessor6.invoke(Unknown Source)
	at sun.reflect.DelegatingMethodAccessorImpl.invoke(DelegatingMethodAccessorImpl.java:43)
	at java.lang.reflect.Method.invoke(Method.java:498)
	at org.apache.ibatis.datasource.pooled.PooledConnection.invoke(PooledConnection.java:245)
	at com.sun.proxy.$Proxy12.prepareStatement(Unknown Source)
	at sun.reflect.GeneratedMethodAccessor6.invoke(Unknown Source)
	at sun.reflect.DelegatingMethodAccessorImpl.invoke(DelegatingMethodAccessorImpl.java:43)
	at java.lang.reflect.Method.invoke(Method.java:498)
	at org.apache.ibatis.logging.jdbc.ConnectionLogger.invoke(ConnectionLogger.java:55)
	at com.sun.proxy.$Proxy12.prepareStatement(Unknown Source)
	at org.apache.ibatis.executor.statement.PreparedStatementHandler.instantiateStatement(PreparedStatementHandler.java:79)
	at org.apache.ibatis.executor.statement.BaseStatementHandler.prepare(BaseStatementHandler.java:88)
	at org.apache.ibatis.executor.statement.RoutingStatementHandler.prepare(RoutingStatementHandler.java:58)
	at org.apache.ibatis.executor.SimpleExecutor.prepareStatement(SimpleExecutor.java:76)
	at org.apache.ibatis.executor.SimpleExecutor.doQuery(SimpleExecutor.java:61)
	at org.apache.ibatis.executor.BaseExecutor.queryFromDatabase(BaseExecutor.java:303)
	at org.apache.ibatis.executor.BaseExecutor.query(BaseExecutor.java:154)
	at org.apache.ibatis.executor.CachingExecutor.query(CachingExecutor.java:102)
	at org.apache.ibatis.executor.CachingExecutor.query(CachingExecutor.java:82)
	at org.apache.ibatis.session.defaults.DefaultSqlSession.selectList(DefaultSqlSession.java:120)
	... 37 more
</error>
    <system-out>10:47:17,038 [main] DEBUG org.activiti.engine.impl.test.TestHelper  - annotation @Deployment creates deployment for VariableScopeTest.testGetVariableLocal
10:47:17,039 [main] DEBUG org.activiti.engine.impl.interceptor.LogInterceptor  - 

10:47:17,039 [main] DEBUG org.activiti.engine.impl.interceptor.LogInterceptor  - --- starting DeployCmd --------------------------------------------------------
10:47:17,039 [main] DEBUG org.activiti.engine.impl.bpmn.deployer.BpmnDeployer  - Processing deployment VariableScopeTest.testGetVariableLocal
10:47:17,039 [main] INFO  org.activiti.engine.impl.bpmn.deployer.BpmnDeployer  - Processing resource org/activiti/engine/test/db/VariableScopeTest.testGetVariableLocal.bpmn20.xml
10:47:17,044 [main] DEBUG org.activiti.engine.impl.bpmn.parser.handler.ProcessParseHandler  - Parsing process getVariableLocal
10:47:17,044 [main] DEBUG org.activiti.engine.impl.bpmn.parser.handler.AbstractBpmnParseHandler  - Parsing activity serviceTask1
10:47:17,044 [main] DEBUG org.activiti.engine.impl.bpmn.parser.handler.AbstractBpmnParseHandler  - Parsing activity serviceTask2
10:47:17,044 [main] DEBUG org.activiti.engine.impl.bpmn.parser.handler.AbstractBpmnParseHandler  - Parsing activity userTask1
10:47:17,044 [main] DEBUG org.activiti.engine.impl.bpmn.parser.handler.AbstractBpmnParseHandler  - Parsing activity theStart
10:47:17,044 [main] DEBUG org.activiti.engine.impl.bpmn.parser.handler.AbstractBpmnParseHandler  - Parsing activity theEnd
10:47:17,044 [main] DEBUG org.apache.ibatis.transaction.jdbc.JdbcTransaction  - Opening JDBC Connection
10:47:17,044 [main] DEBUG org.apache.ibatis.datasource.pooled.PooledDataSource  - Checked out connection 297240765 from pool.
10:47:17,044 [main] DEBUG org.apache.ibatis.transaction.jdbc.JdbcTransaction  - Setting autocommit to false on JDBC Connection [conn4: url=jdbc:h2:mem:activiti user=SA]
10:47:17,044 [main] DEBUG org.activiti.engine.impl.persistence.entity.ProcessDefinitionEntity.selectLatestProcessDefinitionByKey  - ==&gt;  Preparing: select * from ACT_RE_PROCDEF where KEY_ = ? and (TENANT_ID_ = &apos;&apos; or TENANT_ID_ is null) and VERSION_ = (select max(VERSION_) from ACT_RE_PROCDEF where KEY_ = ? and (TENANT_ID_ = &apos;&apos; or TENANT_ID_ is null)) 
10:47:17,044 [main] DEBUG org.activiti.engine.impl.persistence.entity.ProcessDefinitionEntity.selectLatestProcessDefinitionByKey  - ==&gt; Parameters: getVariableLocal(String), getVariableLocal(String)
10:47:17,044 [main] DEBUG org.activiti.engine.impl.persistence.entity.ProcessDefinitionEntity.selectLatestProcessDefinitionByKey  - &lt;==      Total: 0
10:47:17,044 [main] DEBUG org.activiti.engine.impl.persistence.entity.JobEntity.selectJobByTypeAndProcessDefinitionKeyNoTenantId  - ==&gt;  Preparing: select J.* from ACT_RU_JOB J inner join ACT_RE_PROCDEF P on J.PROC_DEF_ID_ = P.ID_ where J.HANDLER_TYPE_ = ? and P.KEY_ = ? and (P.TENANT_ID_ = &apos;&apos; or P.TENANT_ID_ is null) 
10:47:17,044 [main] DEBUG org.activiti.engine.impl.persistence.entity.JobEntity.selectJobByTypeAndProcessDefinitionKeyNoTenantId  - ==&gt; Parameters: timer-start-event(String), getVariableLocal(String)
10:47:17,044 [main] DEBUG org.activiti.engine.impl.persistence.entity.JobEntity.selectJobByTypeAndProcessDefinitionKeyNoTenantId  - &lt;==      Total: 0
10:47:17,044 [main] DEBUG org.activiti.engine.impl.persistence.entity.ProcessDefinitionInfoEntity.selectProcessDefinitionInfoByProcessDefinitionId  - ==&gt;  Preparing: select * from ACT_PROCDEF_INFO where PROC_DEF_ID_ = ? 
10:47:17,044 [main] DEBUG org.activiti.engine.impl.persistence.entity.ProcessDefinitionInfoEntity.selectProcessDefinitionInfoByProcessDefinitionId  - ==&gt; Parameters: getVariableLocal:1:744(String)
10:47:17,044 [main] DEBUG org.activiti.engine.impl.persistence.entity.ProcessDefinitionInfoEntity.selectProcessDefinitionInfoByProcessDefinitionId  - &lt;==      Total: 0
10:47:17,044 [main] DEBUG org.activiti.engine.impl.interceptor.LogInterceptor  - 

10:47:17,044 [main] DEBUG org.activiti.engine.impl.interceptor.LogInterceptor  - --- starting GetProcessDefinitionInfoCmd --------------------------------------------------------
10:47:17,044 [main] DEBUG org.activiti.engine.impl.interceptor.CommandContextInterceptor  - Valid context found. Reusing it for the current command &apos;org.activiti.engine.impl.cmd.GetProcessDefinitionInfoCmd&apos;
10:47:17,044 [main] DEBUG org.activiti.engine.impl.interceptor.LogInterceptor  - 

10:47:17,044 [main] DEBUG org.activiti.engine.impl.interceptor.LogInterceptor  - --- starting  --------------------------------------------------------
10:47:17,044 [main] DEBUG org.activiti.engine.impl.interceptor.CommandContextInterceptor  - Valid context found. Reusing it for the current command &apos;null&apos;
10:47:17,044 [main] DEBUG org.activiti.engine.impl.interceptor.LogInterceptor  - ---  finished --------------------------------------------------------
10:47:17,044 [main] DEBUG org.activiti.engine.impl.interceptor.LogInterceptor  - 

10:47:17,044 [main] DEBUG org.activiti.engine.impl.interceptor.LogInterceptor  - --- GetProcessDefinitionInfoCmd finished --------------------------------------------------------
10:47:17,044 [main] DEBUG org.activiti.engine.impl.interceptor.LogInterceptor  - 

10:47:17,044 [main] DEBUG org.activiti.engine.impl.db.DbSqlSession  -   insert ResourceEntity[id=743, name=org/activiti/engine/test/db/VariableScopeTest.testGetVariableLocal.bpmn20.xml]
10:47:17,044 [main] DEBUG org.activiti.engine.impl.db.DbSqlSession  -   insert DeploymentEntity[id=742, name=VariableScopeTest.testGetVariableLocal]
10:47:17,044 [main] DEBUG org.activiti.engine.impl.db.DbSqlSession  -   insert ProcessDefinitionEntity[getVariableLocal:1:744]
10:47:17,045 [main] DEBUG org.activiti.engine.impl.db.DbSqlSession  - flush summary: 3 insert, 0 update, 0 delete.
10:47:17,045 [main] DEBUG org.activiti.engine.impl.db.DbSqlSession  - now executing flush...
10:47:17,045 [main] DEBUG org.activiti.engine.impl.db.DbSqlSession  - inserting: ProcessDefinitionEntity[getVariableLocal:1:744]
10:47:17,045 [main] DEBUG org.activiti.engine.impl.persistence.entity.ProcessDefinitionEntity.insertProcessDefinition  - ==&gt;  Preparing: insert into ACT_RE_PROCDEF(ID_, REV_, CATEGORY_, NAME_, KEY_, VERSION_, DEPLOYMENT_ID_, RESOURCE_NAME_, DGRM_RESOURCE_NAME_, DESCRIPTION_, HAS_START_FORM_KEY_, HAS_GRAPHICAL_NOTATION_ , SUSPENSION_STATE_, TENANT_ID_) values (?, 1, ?, ?, ?, ?, ?, ?, ?, ?, ?, ?, ?, ?) 
10:47:17,045 [main] DEBUG org.activiti.engine.impl.persistence.entity.ProcessDefinitionEntity.insertProcessDefinition  - ==&gt; Parameters: getVariableLocal:1:744(String), Examples(String), null, getVariableLocal(String), 1(Integer), 742(String), org/activiti/engine/test/db/VariableScopeTest.testGetVariableLocal.bpmn20.xml(String), null, null, false(Boolean), false(Boolean), 1(Integer), (String)
10:47:17,045 [main] DEBUG org.activiti.engine.impl.persistence.entity.ProcessDefinitionEntity.insertProcessDefinition  - &lt;==    Updates: 1
10:47:17,045 [main] DEBUG org.activiti.engine.impl.db.DbSqlSession  - inserting: DeploymentEntity[id=742, name=VariableScopeTest.testGetVariableLocal]
10:47:17,045 [main] DEBUG org.activiti.engine.impl.persistence.entity.DeploymentEntity.insertDeployment  - ==&gt;  Preparing: insert into ACT_RE_DEPLOYMENT(ID_, NAME_, CATEGORY_, TENANT_ID_, DEPLOY_TIME_) values(?, ?, ?, ?, ?) 
10:47:17,045 [main] DEBUG org.activiti.engine.impl.persistence.entity.DeploymentEntity.insertDeployment  - ==&gt; Parameters: 742(String), VariableScopeTest.testGetVariableLocal(String), null, (String), 2023-03-21 10:47:16.995(Timestamp)
10:47:17,045 [main] DEBUG org.activiti.engine.impl.persistence.entity.DeploymentEntity.insertDeployment  - &lt;==    Updates: 1
10:47:17,045 [main] DEBUG org.activiti.engine.impl.db.DbSqlSession  - inserting: ResourceEntity[id=743, name=org/activiti/engine/test/db/VariableScopeTest.testGetVariableLocal.bpmn20.xml]
10:47:17,045 [main] DEBUG org.activiti.engine.impl.persistence.entity.ResourceEntity.insertResource  - ==&gt;  Preparing: insert into ACT_GE_BYTEARRAY(ID_, REV_, NAME_, BYTES_, DEPLOYMENT_ID_, GENERATED_) values (?, 1, ?, ?, ?, ?) 
10:47:17,045 [main] DEBUG org.activiti.engine.impl.persistence.entity.ResourceEntity.insertResource  - ==&gt; Parameters: 743(String), org/activiti/engine/test/db/VariableScopeTest.testGetVariableLocal.bpmn20.xml(String), java.io.ByteArrayInputStream@4f4fd133(ByteArrayInputStream), 742(String), false(Boolean)
10:47:17,045 [main] DEBUG org.activiti.engine.impl.persistence.entity.ResourceEntity.insertResource  - &lt;==    Updates: 1
10:47:17,045 [main] DEBUG org.activiti.engine.impl.cfg.standalone.StandaloneMybatisTransactionContext  - firing event committing...
10:47:17,045 [main] DEBUG org.activiti.engine.impl.cfg.standalone.StandaloneMybatisTransactionContext  - committing the ibatis sql session...
10:47:17,045 [main] DEBUG org.apache.ibatis.transaction.jdbc.JdbcTransaction  - Committing JDBC Connection [conn4: url=jdbc:h2:mem:activiti user=SA]
10:47:17,045 [main] DEBUG org.activiti.engine.impl.cfg.standalone.StandaloneMybatisTransactionContext  - firing event committed...
10:47:17,045 [main] DEBUG org.apache.ibatis.transaction.jdbc.JdbcTransaction  - Resetting autocommit to true on JDBC Connection [conn4: url=jdbc:h2:mem:activiti user=SA]
10:47:17,045 [main] DEBUG org.apache.ibatis.transaction.jdbc.JdbcTransaction  - Closing JDBC Connection [conn4: url=jdbc:h2:mem:activiti user=SA]
10:47:17,045 [main] DEBUG org.apache.ibatis.datasource.pooled.PooledDataSource  - Returned connection 297240765 to pool.
10:47:17,045 [main] DEBUG org.activiti.engine.impl.interceptor.LogInterceptor  - --- DeployCmd finished --------------------------------------------------------
10:47:17,045 [main] DEBUG org.activiti.engine.impl.interceptor.LogInterceptor  - 

10:47:17,045 [main] DEBUG org.activiti.engine.impl.test.PvmTestCase  - 

10:47:17,045 [main] DEBUG org.activiti.engine.impl.test.PvmTestCase  - #### START VariableScopeTest.testGetVariableLocal ###########################################################
10:47:17,045 [main] DEBUG org.activiti.engine.impl.interceptor.LogInterceptor  - 

10:47:17,045 [main] DEBUG org.activiti.engine.impl.interceptor.LogInterceptor  - --- starting StartProcessInstanceCmd --------------------------------------------------------
10:47:17,045 [main] DEBUG org.apache.ibatis.transaction.jdbc.JdbcTransaction  - Opening JDBC Connection
10:47:17,045 [main] DEBUG org.apache.ibatis.datasource.pooled.PooledDataSource  - Checked out connection 363509958 from pool.
10:47:17,045 [main] DEBUG org.apache.ibatis.transaction.jdbc.JdbcTransaction  - Setting autocommit to false on JDBC Connection [conn2: url=jdbc:h2:mem:activiti user=SA]
10:47:17,045 [main] DEBUG org.activiti.engine.impl.persistence.entity.ProcessDefinitionEntity.selectLatestProcessDefinitionByKey  - ==&gt;  Preparing: select * from ACT_RE_PROCDEF where KEY_ = ? and (TENANT_ID_ = &apos;&apos; or TENANT_ID_ is null) and VERSION_ = (select max(VERSION_) from ACT_RE_PROCDEF where KEY_ = ? and (TENANT_ID_ = &apos;&apos; or TENANT_ID_ is null)) 
10:47:17,045 [main] DEBUG org.activiti.engine.impl.persistence.entity.ProcessDefinitionEntity.selectLatestProcessDefinitionByKey  - ==&gt; Parameters: getVariableLocal(String), getVariableLocal(String)
10:47:17,045 [main] DEBUG org.activiti.engine.impl.persistence.entity.ProcessDefinitionEntity.selectLatestProcessDefinitionByKey  - &lt;==      Total: 1
10:47:17,046 [main] DEBUG org.activiti.engine.impl.persistence.entity.ExecutionEntity  - initializing ProcessInstance[745]
10:47:17,046 [main] DEBUG org.activiti.engine.impl.history.DefaultHistoryManager  - Current history level: FULL, level required: ACTIVITY
10:47:17,046 [main] DEBUG org.activiti.engine.impl.pvm.runtime.AtomicOperationActivityExecute  - ProcessInstance[745] executes Activity(theStart): org.activiti.engine.impl.bpmn.behavior.NoneStartEventActivityBehavior
10:47:17,046 [main] DEBUG org.activiti.engine.impl.persistence.entity.JobEntity.selectJobsByExecutionId  - ==&gt;  Preparing: select * from ACT_RU_JOB J where J.EXECUTION_ID_ = ? 
10:47:17,046 [main] DEBUG org.activiti.engine.impl.persistence.entity.JobEntity.selectJobsByExecutionId  - ==&gt; Parameters: 745(String)
10:47:17,046 [main] DEBUG org.activiti.engine.impl.persistence.entity.JobEntity.selectJobsByExecutionId  - &lt;==      Total: 0
10:47:17,046 [main] DEBUG org.activiti.engine.impl.bpmn.behavior.BpmnActivityBehavior  - Leaving activity &apos;theStart&apos;
10:47:17,046 [main] DEBUG org.activiti.engine.impl.persistence.entity.ExecutionEntity  - transitions to take concurrent: [(theStart)--flow0--&gt;(serviceTask1), (theStart)--flow1--&gt;(serviceTask2)]
10:47:17,046 [main] DEBUG org.activiti.engine.impl.persistence.entity.ExecutionEntity  - active concurrent executions: []
10:47:17,046 [main] DEBUG org.activiti.engine.impl.persistence.entity.ExecutionEntity  - recyclable executions for reuse: []
10:47:17,046 [main] DEBUG org.activiti.engine.impl.persistence.entity.ExecutionEntity  - Child execution ScopeExecution[747] created with parent 
10:47:17,046 [main] DEBUG org.activiti.engine.impl.persistence.entity.ExecutionEntity  - new ScopeExecution[747] with parent ProcessInstance[745] created to take transition (theStart)--flow0--&gt;(serviceTask1)
10:47:17,046 [main] DEBUG org.activiti.engine.impl.persistence.entity.ExecutionEntity  - Child execution ScopeExecution[748] created with parent 
10:47:17,046 [main] DEBUG org.activiti.engine.impl.persistence.entity.ExecutionEntity  - new ScopeExecution[748] with parent ProcessInstance[745] created to take transition (theStart)--flow1--&gt;(serviceTask2)
10:47:17,046 [main] DEBUG org.activiti.engine.impl.history.DefaultHistoryManager  - Current history level: FULL, level required: ACTIVITY
10:47:17,046 [main] DEBUG org.activiti.engine.impl.pvm.runtime.AtomicOperationTransitionNotifyListenerTake  - ConcurrentExecution[747] takes transition (theStart)--flow0--&gt;(serviceTask1)
10:47:17,046 [main] DEBUG org.activiti.engine.impl.history.DefaultHistoryManager  - Current history level: FULL, level required: ACTIVITY
10:47:17,046 [main] DEBUG org.activiti.engine.impl.pvm.runtime.AtomicOperationActivityExecute  - ConcurrentExecution[747] executes Activity(serviceTask1): org.activiti.engine.impl.bpmn.helper.ClassDelegate
10:47:17,046 [main] DEBUG org.activiti.engine.impl.interceptor.LogInterceptor  - 

10:47:17,046 [main] DEBUG org.activiti.engine.impl.interceptor.LogInterceptor  - --- starting  --------------------------------------------------------
10:47:17,046 [main] DEBUG org.activiti.engine.impl.interceptor.CommandContextInterceptor  - Valid context found. Reusing it for the current command &apos;null&apos;
10:47:17,046 [main] DEBUG org.activiti.engine.impl.persistence.entity.ProcessDefinitionInfoEntity.selectProcessDefinitionInfoByProcessDefinitionId  - ==&gt;  Preparing: select * from ACT_PROCDEF_INFO where PROC_DEF_ID_ = ? 
10:47:17,046 [main] DEBUG org.activiti.engine.impl.persistence.entity.ProcessDefinitionInfoEntity.selectProcessDefinitionInfoByProcessDefinitionId  - ==&gt; Parameters: getVariableLocal:1:744(String)
10:47:17,046 [main] DEBUG org.activiti.engine.impl.persistence.entity.ProcessDefinitionInfoEntity.selectProcessDefinitionInfoByProcessDefinitionId  - &lt;==      Total: 0
10:47:17,046 [main] DEBUG org.activiti.engine.impl.interceptor.LogInterceptor  - ---  finished --------------------------------------------------------
10:47:17,046 [main] DEBUG org.activiti.engine.impl.interceptor.LogInterceptor  - 

10:47:17,047 [main] DEBUG org.activiti.engine.impl.interceptor.LogInterceptor  - 

10:47:17,047 [main] DEBUG org.activiti.engine.impl.interceptor.LogInterceptor  - --- starting GetExecutionVariableCmd --------------------------------------------------------
10:47:17,048 [main] DEBUG org.activiti.engine.impl.interceptor.CommandContextInterceptor  - Valid context found. Reusing it for the current command &apos;org.activiti.engine.impl.cmd.GetExecutionVariableCmd&apos;
10:47:17,048 [main] DEBUG org.activiti.engine.impl.persistence.entity.VariableInstanceEntity.selectVariableInstanceByExecutionAndName  - ==&gt;  Preparing: select * from ACT_RU_VARIABLE where EXECUTION_ID_ = ? and NAME_= ? and TASK_ID_ is null 
10:47:17,048 [main] DEBUG org.activiti.engine.impl.persistence.entity.VariableInstanceEntity.selectVariableInstanceByExecutionAndName  - ==&gt; Parameters: 745(String), Variable-That-Does-Not-Exist(String)
10:47:17,048 [main] DEBUG org.activiti.engine.impl.persistence.entity.VariableInstanceEntity.selectVariableInstanceByExecutionAndName  - &lt;==      Total: 0
10:47:17,048 [main] DEBUG org.activiti.engine.impl.interceptor.LogInterceptor  - --- GetExecutionVariableCmd finished --------------------------------------------------------
10:47:17,048 [main] DEBUG org.activiti.engine.impl.interceptor.LogInterceptor  - 

10:47:17,048 [main] DEBUG org.activiti.engine.impl.persistence.entity.JobEntity.selectJobsByExecutionId  - ==&gt;  Preparing: select * from ACT_RU_JOB J where J.EXECUTION_ID_ = ? 
10:47:17,048 [main] DEBUG org.activiti.engine.impl.persistence.entity.JobEntity.selectJobsByExecutionId  - ==&gt; Parameters: 747(String)
10:47:17,048 [main] DEBUG org.activiti.engine.impl.persistence.entity.JobEntity.selectJobsByExecutionId  - &lt;==      Total: 0
10:47:17,048 [main] DEBUG org.activiti.engine.impl.bpmn.behavior.BpmnActivityBehavior  - Leaving activity &apos;serviceTask1&apos;
10:47:17,048 [main] DEBUG org.activiti.engine.impl.bpmn.behavior.BpmnActivityBehavior  - No outgoing sequence flow found for serviceTask1. Ending execution.
10:47:17,048 [main] DEBUG org.activiti.engine.impl.history.DefaultHistoryManager  - Current history level: FULL, level required: ACTIVITY
10:47:17,048 [main] DEBUG org.activiti.engine.impl.persistence.entity.VariableInstanceEntity.selectVariablesByExecutionId  - ==&gt;  Preparing: select * from ACT_RU_VARIABLE where EXECUTION_ID_ = ? and TASK_ID_ is null 
10:47:17,048 [main] DEBUG org.activiti.engine.impl.persistence.entity.VariableInstanceEntity.selectVariablesByExecutionId  - ==&gt; Parameters: 747(String)
10:47:17,048 [main] DEBUG org.activiti.engine.impl.persistence.entity.VariableInstanceEntity.selectVariablesByExecutionId  - &lt;==      Total: 0
10:47:17,048 [main] DEBUG org.activiti.engine.impl.persistence.entity.TaskEntity.selectTasksByExecutionId  - ==&gt;  Preparing: select distinct T.* from ACT_RU_TASK T where T.EXECUTION_ID_ = ? 
10:47:17,048 [main] DEBUG org.activiti.engine.impl.persistence.entity.TaskEntity.selectTasksByExecutionId  - ==&gt; Parameters: 747(String)
10:47:17,048 [main] DEBUG org.activiti.engine.impl.persistence.entity.TaskEntity.selectTasksByExecutionId  - &lt;==      Total: 0
10:47:17,048 [main] DEBUG org.activiti.engine.impl.persistence.entity.EventSubscriptionEntity.selectEventSubscriptionsByExecution  - ==&gt;  Preparing: select * from ACT_RU_EVENT_SUBSCR where (EXECUTION_ID_ = ?) 
10:47:17,048 [main] DEBUG org.activiti.engine.impl.persistence.entity.EventSubscriptionEntity.selectEventSubscriptionsByExecution  - ==&gt; Parameters: 747(String)
10:47:17,048 [main] DEBUG org.activiti.engine.impl.persistence.entity.EventSubscriptionEntity.selectEventSubscriptionsByExecution  - &lt;==      Total: 0
10:47:17,048 [main] DEBUG org.activiti.engine.impl.persistence.entity.IdentityLinkEntity.selectIdentityLinksByProcessInstance  - ==&gt;  Preparing: select * from ACT_RU_IDENTITYLINK where PROC_INST_ID_ = ? 
10:47:17,048 [main] DEBUG org.activiti.engine.impl.persistence.entity.IdentityLinkEntity.selectIdentityLinksByProcessInstance  - ==&gt; Parameters: 747(String)
10:47:17,048 [main] DEBUG org.activiti.engine.impl.persistence.entity.IdentityLinkEntity.selectIdentityLinksByProcessInstance  - &lt;==      Total: 0
10:47:17,049 [main] DEBUG org.activiti.engine.impl.persistence.entity.TaskEntity.selectTasksByExecutionId  - ==&gt;  Preparing: select distinct T.* from ACT_RU_TASK T where T.EXECUTION_ID_ = ? 
10:47:17,049 [main] DEBUG org.activiti.engine.impl.persistence.entity.TaskEntity.selectTasksByExecutionId  - ==&gt; Parameters: 748(String)
10:47:17,049 [main] DEBUG org.activiti.engine.impl.persistence.entity.TaskEntity.selectTasksByExecutionId  - &lt;==      Total: 0
10:47:17,049 [main] DEBUG org.activiti.engine.impl.persistence.entity.JobEntity.selectJobsByExecutionId  - ==&gt;  Preparing: select * from ACT_RU_JOB J where J.EXECUTION_ID_ = ? 
10:47:17,049 [main] DEBUG org.activiti.engine.impl.persistence.entity.JobEntity.selectJobsByExecutionId  - ==&gt; Parameters: 748(String)
10:47:17,049 [main] DEBUG org.activiti.engine.impl.persistence.entity.JobEntity.selectJobsByExecutionId  - &lt;==      Total: 0
10:47:17,049 [main] DEBUG org.activiti.engine.impl.persistence.entity.EventSubscriptionEntity.selectEventSubscriptionsByExecution  - ==&gt;  Preparing: select * from ACT_RU_EVENT_SUBSCR where (EXECUTION_ID_ = ?) 
10:47:17,049 [main] DEBUG org.activiti.engine.impl.persistence.entity.EventSubscriptionEntity.selectEventSubscriptionsByExecution  - ==&gt; Parameters: 748(String)
10:47:17,049 [main] DEBUG org.activiti.engine.impl.persistence.entity.EventSubscriptionEntity.selectEventSubscriptionsByExecution  - &lt;==      Total: 0
10:47:17,049 [main] DEBUG org.activiti.engine.impl.persistence.entity.VariableInstanceEntity.selectVariablesByExecutionId  - ==&gt;  Preparing: select * from ACT_RU_VARIABLE where EXECUTION_ID_ = ? and TASK_ID_ is null 
10:47:17,049 [main] DEBUG org.activiti.engine.impl.persistence.entity.VariableInstanceEntity.selectVariablesByExecutionId  - ==&gt; Parameters: 748(String)
10:47:17,049 [main] DEBUG org.activiti.engine.impl.persistence.entity.VariableInstanceEntity.selectVariablesByExecutionId  - &lt;==      Total: 0
10:47:17,049 [main] DEBUG org.activiti.engine.impl.history.DefaultHistoryManager  - Current history level: FULL, level required: ACTIVITY
10:47:17,049 [main] DEBUG org.activiti.engine.impl.persistence.entity.HistoricActivityInstanceEntity.selectHistoricActivityInstancesByQueryCriteria  - ==&gt;  Preparing: select RES.* from ACT_HI_ACTINST RES WHERE RES.EXECUTION_ID_ = ? and RES.END_TIME_ is null order by order by RES.ID_ asc LIMIT ? OFFSET ? 
10:47:17,049 [main] DEBUG org.activiti.engine.impl.interceptor.CommandContext  - Error while closing command context
org.apache.ibatis.exceptions.PersistenceException: 
### Error querying database.  Cause: org.h2.jdbc.JdbcSQLException: Syntax error in SQL statement &quot;SELECT RES.* 
     
    FROM ACT_HI_ACTINST RES
     WHERE  RES.EXECUTION_ID_ = ?
      
      
      
      
      
      
      
      
      
      
        AND RES.END_TIME_ IS NULL 
   
     ORDER BY  ORDER[*] BY RES.ID_ ASC  
    LIMIT ? OFFSET ? &quot;; expected &quot;=, NOT, EXISTS, INTERSECTS, SELECT, FROM&quot;; SQL statement:
select RES.* 
     
    from ACT_HI_ACTINST RES
     WHERE  RES.EXECUTION_ID_ = ?
      
      
      
      
      
      
      
      
      
      
        and RES.END_TIME_ is null 
   
     order by  order by RES.ID_ asc  
    LIMIT ? OFFSET ? [42001-176]
### The error may exist in org/activiti/db/mapping/entity/HistoricActivityInstance.xml
### The error may involve org.activiti.engine.impl.persistence.entity.HistoricActivityInstanceEntity.selectHistoricActivityInstancesByQueryCriteria
### The error occurred while executing a query
### SQL: select RES.*            from ACT_HI_ACTINST RES      WHERE  RES.EXECUTION_ID_ = ?                                                                               and RES.END_TIME_ is null           order by  order by RES.ID_ asc       LIMIT ? OFFSET ?
### Cause: org.h2.jdbc.JdbcSQLException: Syntax error in SQL statement &quot;SELECT RES.* 
     
    FROM ACT_HI_ACTINST RES
     WHERE  RES.EXECUTION_ID_ = ?
      
      
      
      
      
      
      
      
      
      
        AND RES.END_TIME_ IS NULL 
   
     ORDER BY  ORDER[*] BY RES.ID_ ASC  
    LIMIT ? OFFSET ? &quot;; expected &quot;=, NOT, EXISTS, INTERSECTS, SELECT, FROM&quot;; SQL statement:
select RES.* 
     
    from ACT_HI_ACTINST RES
     WHERE  RES.EXECUTION_ID_ = ?
      
      
      
      
      
      
      
      
      
      
        and RES.END_TIME_ is null 
   
     order by  order by RES.ID_ asc  
    LIMIT ? OFFSET ? [42001-176]
	at org.apache.ibatis.exceptions.ExceptionFactory.wrapException(ExceptionFactory.java:30)
	at org.apache.ibatis.session.defaults.DefaultSqlSession.selectList(DefaultSqlSession.java:122)
	at org.apache.ibatis.session.defaults.DefaultSqlSession.selectList(DefaultSqlSession.java:113)
	at org.activiti.engine.impl.db.DbSqlSession.selectListWithRawParameter(DbSqlSession.java:438)
	at org.activiti.engine.impl.db.DbSqlSession.selectList(DbSqlSession.java:429)
	at org.activiti.engine.impl.db.DbSqlSession.selectList(DbSqlSession.java:419)
	at org.activiti.engine.impl.persistence.entity.HistoricActivityInstanceEntityManager.findHistoricActivityInstancesByQueryCriteria(HistoricActivityInstanceEntityManager.java:56)
	at org.activiti.engine.impl.HistoricActivityInstanceQueryImpl.executeList(HistoricActivityInstanceQueryImpl.java:70)
	at org.activiti.engine.impl.AbstractQuery.list(AbstractQuery.java:140)
	at org.activiti.engine.impl.history.DefaultHistoryManager.recordExecutionReplacedBy(DefaultHistoryManager.java:390)
	at org.activiti.engine.impl.persistence.entity.ExecutionEntity.setReplacedBy(ExecutionEntity.java:1137)
	at org.activiti.engine.impl.pvm.runtime.AtomicOperationActivityEnd.eventNotificationsCompleted(AtomicOperationActivityEnd.java:134)
	at org.activiti.engine.impl.pvm.runtime.AbstractEventAtomicOperation.execute(AbstractEventAtomicOperation.java:56)
	at org.activiti.engine.impl.interceptor.CommandContext.performOperation(CommandContext.java:97)
	at org.activiti.engine.impl.persistence.entity.ExecutionEntity.performOperationSync(ExecutionEntity.java:636)
	at org.activiti.engine.impl.persistence.entity.ExecutionEntity.performOperation(ExecutionEntity.java:629)
	at org.activiti.engine.impl.pvm.runtime.AbstractEventAtomicOperation.execute(AbstractEventAtomicOperation.java:49)
	at org.activiti.engine.impl.interceptor.CommandContext.performOperation(CommandContext.java:97)
	at org.activiti.engine.impl.persistence.entity.ExecutionEntity.performOperationSync(ExecutionEntity.java:636)
	at org.activiti.engine.impl.persistence.entity.ExecutionEntity.performOperation(ExecutionEntity.java:629)
	at org.activiti.engine.impl.persistence.entity.ExecutionEntity.end(ExecutionEntity.java:399)
	at org.activiti.engine.impl.bpmn.behavior.BpmnActivityBehavior.performOutgoingBehavior(BpmnActivityBehavior.java:176)
	at org.activiti.engine.impl.bpmn.behavior.BpmnActivityBehavior.performDefaultOutgoingBehavior(BpmnActivityBehavior.java:66)
	at org.activiti.engine.impl.bpmn.behavior.FlowNodeActivityBehavior.leave(FlowNodeActivityBehavior.java:44)
	at org.activiti.engine.impl.bpmn.behavior.AbstractBpmnActivityBehavior.leave(AbstractBpmnActivityBehavior.java:47)
	at org.activiti.engine.impl.bpmn.behavior.ServiceTaskJavaDelegateActivityBehavior.execute(ServiceTaskJavaDelegateActivityBehavior.java:41)
	at org.activiti.engine.impl.bpmn.helper.ClassDelegate.execute(ClassDelegate.java:158)
	at org.activiti.engine.impl.pvm.runtime.AtomicOperationActivityExecute.execute(AtomicOperationActivityExecute.java:60)
	at org.activiti.engine.impl.interceptor.CommandContext.performOperation(CommandContext.java:97)
	at org.activiti.engine.impl.persistence.entity.ExecutionEntity.performOperationSync(ExecutionEntity.java:636)
	at org.activiti.engine.impl.persistence.entity.ExecutionEntity.performOperation(ExecutionEntity.java:629)
	at org.activiti.engine.impl.pvm.runtime.AtomicOperationTransitionNotifyListenerStart.eventNotificationsCompleted(AtomicOperationTransitionNotifyListenerStart.java:52)
	at org.activiti.engine.impl.pvm.runtime.AbstractEventAtomicOperation.execute(AbstractEventAtomicOperation.java:56)
	at org.activiti.engine.impl.interceptor.CommandContext.performOperation(CommandContext.java:97)
	at org.activiti.engine.impl.persistence.entity.ExecutionEntity.performOperationSync(ExecutionEntity.java:636)
	at org.activiti.engine.impl.persistence.entity.ExecutionEntity.performOperation(ExecutionEntity.java:629)
	at org.activiti.engine.impl.pvm.runtime.AbstractEventAtomicOperation.execute(AbstractEventAtomicOperation.java:49)
	at org.activiti.engine.impl.interceptor.CommandContext.performOperation(CommandContext.java:97)
	at org.activiti.engine.impl.persistence.entity.ExecutionEntity.performOperationSync(ExecutionEntity.java:636)
	at org.activiti.engine.impl.persistence.entity.ExecutionEntity.performOperation(ExecutionEntity.java:629)
	at org.activiti.engine.impl.pvm.runtime.AtomicOperationTransitionCreateScope.execute(AtomicOperationTransitionCreateScope.java:49)
	at org.activiti.engine.impl.interceptor.CommandContext.performOperation(CommandContext.java:97)
	at org.activiti.engine.impl.persistence.entity.ExecutionEntity.performOperationSync(ExecutionEntity.java:636)
	at org.activiti.engine.impl.persistence.entity.ExecutionEntity.performOperation(ExecutionEntity.java:629)
	at org.activiti.engine.impl.pvm.runtime.AtomicOperationTransitionNotifyListenerTake.execute(AtomicOperationTransitionNotifyListenerTake.java:80)
	at org.activiti.engine.impl.interceptor.CommandContext.performOperation(CommandContext.java:97)
	at org.activiti.engine.impl.persistence.entity.ExecutionEntity.performOperationSync(ExecutionEntity.java:636)
	at org.activiti.engine.impl.persistence.entity.ExecutionEntity.performOperation(ExecutionEntity.java:629)
	at org.activiti.engine.impl.pvm.runtime.AtomicOperationTransitionDestroyScope.execute(AtomicOperationTransitionDestroyScope.java:116)
	at org.activiti.engine.impl.interceptor.CommandContext.performOperation(CommandContext.java:97)
	at org.activiti.engine.impl.persistence.entity.ExecutionEntity.performOperationSync(ExecutionEntity.java:636)
	at org.activiti.engine.impl.persistence.entity.ExecutionEntity.performOperation(ExecutionEntity.java:629)
	at org.activiti.engine.impl.pvm.runtime.AtomicOperationTransitionNotifyListenerEnd.eventNotificationsCompleted(AtomicOperationTransitionNotifyListenerEnd.java:35)
	at org.activiti.engine.impl.pvm.runtime.AbstractEventAtomicOperation.execute(AbstractEventAtomicOperation.java:56)
	at org.activiti.engine.impl.interceptor.CommandContext.performOperation(CommandContext.java:97)
	at org.activiti.engine.impl.persistence.entity.ExecutionEntity.performOperationSync(ExecutionEntity.java:636)
	at org.activiti.engine.impl.persistence.entity.ExecutionEntity.performOperation(ExecutionEntity.java:629)
	at org.activiti.engine.impl.pvm.runtime.AbstractEventAtomicOperation.execute(AbstractEventAtomicOperation.java:49)
	at org.activiti.engine.impl.interceptor.CommandContext.performOperation(CommandContext.java:97)
	at org.activiti.engine.impl.persistence.entity.ExecutionEntity.performOperationSync(ExecutionEntity.java:636)
	at org.activiti.engine.impl.persistence.entity.ExecutionEntity.performOperation(ExecutionEntity.java:629)
	at org.activiti.engine.impl.persistence.entity.ExecutionEntity.take(ExecutionEntity.java:453)
	at org.activiti.engine.impl.pvm.runtime.OutgoingExecution.take(OutgoingExecution.java:48)
	at org.activiti.engine.impl.persistence.entity.ExecutionEntity.takeAll(ExecutionEntity.java:589)
	at org.activiti.engine.impl.bpmn.behavior.BpmnActivityBehavior.performOutgoingBehavior(BpmnActivityBehavior.java:146)
	at org.activiti.engine.impl.bpmn.behavior.BpmnActivityBehavior.performDefaultOutgoingBehavior(BpmnActivityBehavior.java:66)
	at org.activiti.engine.impl.bpmn.behavior.FlowNodeActivityBehavior.leave(FlowNodeActivityBehavior.java:44)
	at org.activiti.engine.impl.bpmn.behavior.FlowNodeActivityBehavior.execute(FlowNodeActivityBehavior.java:36)
	at org.activiti.engine.impl.pvm.runtime.AtomicOperationActivityExecute.execute(AtomicOperationActivityExecute.java:60)
	at org.activiti.engine.impl.interceptor.CommandContext.performOperation(CommandContext.java:97)
	at org.activiti.engine.impl.persistence.entity.ExecutionEntity.performOperationSync(ExecutionEntity.java:636)
	at org.activiti.engine.impl.persistence.entity.ExecutionEntity.performOperation(ExecutionEntity.java:629)
	at org.activiti.engine.impl.pvm.runtime.AtomicOperationProcessStartInitial.eventNotificationsCompleted(AtomicOperationProcessStartInitial.java:45)
	at org.activiti.engine.impl.pvm.runtime.AbstractEventAtomicOperation.execute(AbstractEventAtomicOperation.java:56)
	at org.activiti.engine.impl.interceptor.CommandContext.performOperation(CommandContext.java:97)
	at org.activiti.engine.impl.persistence.entity.ExecutionEntity.performOperationSync(ExecutionEntity.java:636)
	at org.activiti.engine.impl.persistence.entity.ExecutionEntity.performOperation(ExecutionEntity.java:629)
	at org.activiti.engine.impl.pvm.runtime.AtomicOperationProcessStart.eventNotificationsCompleted(AtomicOperationProcessStart.java:64)
	at org.activiti.engine.impl.pvm.runtime.AbstractEventAtomicOperation.execute(AbstractEventAtomicOperation.java:56)
	at org.activiti.engine.impl.interceptor.CommandContext.performOperation(CommandContext.java:97)
	at org.activiti.engine.impl.persistence.entity.ExecutionEntity.performOperationSync(ExecutionEntity.java:636)
	at org.activiti.engine.impl.persistence.entity.ExecutionEntity.performOperation(ExecutionEntity.java:629)
	at org.activiti.engine.impl.persistence.entity.ExecutionEntity.start(ExecutionEntity.java:381)
	at org.activiti.engine.impl.cmd.StartProcessInstanceCmd.execute(StartProcessInstanceCmd.java:110)
	at org.activiti.engine.impl.cmd.StartProcessInstanceCmd.execute(StartProcessInstanceCmd.java:37)
	at org.activiti.engine.impl.interceptor.CommandInvoker.execute(CommandInvoker.java:24)
	at org.activiti.engine.impl.interceptor.CommandContextInterceptor.execute(CommandContextInterceptor.java:57)
	at org.activiti.engine.impl.interceptor.LogInterceptor.execute(LogInterceptor.java:37)
	at org.activiti.engine.impl.cfg.CommandExecutorImpl.execute(CommandExecutorImpl.java:40)
	at org.activiti.engine.impl.cfg.CommandExecutorImpl.execute(CommandExecutorImpl.java:35)
	at org.activiti.engine.impl.RuntimeServiceImpl.startProcessInstanceByKey(RuntimeServiceImpl.java:69)
	at org.activiti.engine.test.db.VariableScopeTest.testGetVariableLocal(VariableScopeTest.java:235)
	at sun.reflect.NativeMethodAccessorImpl.invoke0(Native Method)
	at sun.reflect.NativeMethodAccessorImpl.invoke(NativeMethodAccessorImpl.java:62)
	at sun.reflect.DelegatingMethodAccessorImpl.invoke(DelegatingMethodAccessorImpl.java:43)
	at java.lang.reflect.Method.invoke(Method.java:498)
	at junit.framework.TestCase.runTest(TestCase.java:176)
	at org.activiti.engine.impl.test.PvmTestCase.runTest(PvmTestCase.java:65)
	at junit.framework.TestCase.runBare(TestCase.java:141)
	at org.activiti.engine.impl.test.AbstractActivitiTestCase.runBare(AbstractActivitiTestCase.java:100)
	at junit.framework.TestResult$1.protect(TestResult.java:122)
	at junit.framework.TestResult.runProtected(TestResult.java:142)
	at junit.framework.TestResult.run(TestResult.java:125)
	at junit.framework.TestCase.run(TestCase.java:129)
	at junit.framework.TestSuite.runTest(TestSuite.java:255)
	at junit.framework.TestSuite.run(TestSuite.java:250)
	at org.junit.internal.runners.JUnit38ClassRunner.run(JUnit38ClassRunner.java:84)
	at org.apache.maven.surefire.junit4.JUnit4TestSet.execute(JUnit4TestSet.java:35)
	at org.apache.maven.surefire.junit4.JUnit4Provider.executeTestSet(JUnit4Provider.java:146)
	at org.apache.maven.surefire.junit4.JUnit4Provider.invoke(JUnit4Provider.java:97)
	at sun.reflect.NativeMethodAccessorImpl.invoke0(Native Method)
	at sun.reflect.NativeMethodAccessorImpl.invoke(NativeMethodAccessorImpl.java:62)
	at sun.reflect.DelegatingMethodAccessorImpl.invoke(DelegatingMethodAccessorImpl.java:43)
	at java.lang.reflect.Method.invoke(Method.java:498)
	at org.apache.maven.surefire.booter.ProviderFactory$ClassLoaderProxy.invoke(ProviderFactory.java:103)
	at com.sun.proxy.$Proxy0.invoke(Unknown Source)
	at org.apache.maven.surefire.booter.SurefireStarter.invokeProvider(SurefireStarter.java:145)
	at org.apache.maven.surefire.booter.SurefireStarter.runSuitesInProcess(SurefireStarter.java:87)
	at org.apache.maven.surefire.booter.ForkedBooter.main(ForkedBooter.java:69)
Caused by: org.h2.jdbc.JdbcSQLException: Syntax error in SQL statement &quot;SELECT RES.* 
     
    FROM ACT_HI_ACTINST RES
     WHERE  RES.EXECUTION_ID_ = ?
      
      
      
      
      
      
      
      
      
      
        AND RES.END_TIME_ IS NULL 
   
     ORDER BY  ORDER[*] BY RES.ID_ ASC  
    LIMIT ? OFFSET ? &quot;; expected &quot;=, NOT, EXISTS, INTERSECTS, SELECT, FROM&quot;; SQL statement:
select RES.* 
     
    from ACT_HI_ACTINST RES
     WHERE  RES.EXECUTION_ID_ = ?
      
      
      
      
      
      
      
      
      
      
        and RES.END_TIME_ is null 
   
     order by  order by RES.ID_ asc  
    LIMIT ? OFFSET ? [42001-176]
	at org.h2.message.DbException.getJdbcSQLException(DbException.java:344)
	at org.h2.message.DbException.getSyntaxError(DbException.java:204)
	at org.h2.command.Parser.getSyntaxError(Parser.java:524)
	at org.h2.command.Parser.readTerm(Parser.java:2688)
	at org.h2.command.Parser.readFactor(Parser.java:2244)
	at org.h2.command.Parser.readSum(Parser.java:2231)
	at org.h2.command.Parser.readConcat(Parser.java:2201)
	at org.h2.command.Parser.readCondition(Parser.java:2051)
	at org.h2.command.Parser.readAnd(Parser.java:2023)
	at org.h2.command.Parser.readExpression(Parser.java:2015)
	at org.h2.command.Parser.parseEndOfQuery(Parser.java:1726)
	at org.h2.command.Parser.parseSelectUnionExtension(Parser.java:1706)
	at org.h2.command.Parser.parseSelectUnion(Parser.java:1675)
	at org.h2.command.Parser.parseSelect(Parser.java:1662)
	at org.h2.command.Parser.parsePrepared(Parser.java:434)
	at org.h2.command.Parser.parse(Parser.java:306)
	at org.h2.command.Parser.parse(Parser.java:282)
	at org.h2.command.Parser.prepareCommand(Parser.java:243)
	at org.h2.engine.Session.prepareLocal(Session.java:442)
	at org.h2.engine.Session.prepareCommand(Session.java:384)
	at org.h2.jdbc.JdbcConnection.prepareCommand(JdbcConnection.java:1188)
	at org.h2.jdbc.JdbcPreparedStatement.&lt;init&gt;(JdbcPreparedStatement.java:73)
	at org.h2.jdbc.JdbcConnection.prepareStatement(JdbcConnection.java:276)
	at sun.reflect.GeneratedMethodAccessor6.invoke(Unknown Source)
	at sun.reflect.DelegatingMethodAccessorImpl.invoke(DelegatingMethodAccessorImpl.java:43)
	at java.lang.reflect.Method.invoke(Method.java:498)
	at org.apache.ibatis.datasource.pooled.PooledConnection.invoke(PooledConnection.java:245)
	at com.sun.proxy.$Proxy12.prepareStatement(Unknown Source)
	at sun.reflect.GeneratedMethodAccessor6.invoke(Unknown Source)
	at sun.reflect.DelegatingMethodAccessorImpl.invoke(DelegatingMethodAccessorImpl.java:43)
	at java.lang.reflect.Method.invoke(Method.java:498)
	at org.apache.ibatis.logging.jdbc.ConnectionLogger.invoke(ConnectionLogger.java:55)
	at com.sun.proxy.$Proxy12.prepareStatement(Unknown Source)
	at org.apache.ibatis.executor.statement.PreparedStatementHandler.instantiateStatement(PreparedStatementHandler.java:79)
	at org.apache.ibatis.executor.statement.BaseStatementHandler.prepare(BaseStatementHandler.java:88)
	at org.apache.ibatis.executor.statement.RoutingStatementHandler.prepare(RoutingStatementHandler.java:58)
	at org.apache.ibatis.executor.SimpleExecutor.prepareStatement(SimpleExecutor.java:76)
	at org.apache.ibatis.executor.SimpleExecutor.doQuery(SimpleExecutor.java:61)
	at org.apache.ibatis.executor.BaseExecutor.queryFromDatabase(BaseExecutor.java:303)
	at org.apache.ibatis.executor.BaseExecutor.query(BaseExecutor.java:154)
	at org.apache.ibatis.executor.CachingExecutor.query(CachingExecutor.java:102)
	at org.apache.ibatis.executor.CachingExecutor.query(CachingExecutor.java:82)
	at org.apache.ibatis.session.defaults.DefaultSqlSession.selectList(DefaultSqlSession.java:120)
	... 117 more
10:47:17,050 [main] DEBUG org.activiti.engine.impl.cfg.standalone.StandaloneMybatisTransactionContext  - firing event rolling back...
10:47:17,050 [main] DEBUG org.activiti.engine.impl.cfg.standalone.StandaloneMybatisTransactionContext  - rolling back ibatis sql session...
10:47:17,050 [main] DEBUG org.activiti.engine.impl.cfg.standalone.StandaloneMybatisTransactionContext  - firing event rolled back...
10:47:17,050 [main] DEBUG org.apache.ibatis.transaction.jdbc.JdbcTransaction  - Resetting autocommit to true on JDBC Connection [conn2: url=jdbc:h2:mem:activiti user=SA]
10:47:17,050 [main] DEBUG org.apache.ibatis.transaction.jdbc.JdbcTransaction  - Closing JDBC Connection [conn2: url=jdbc:h2:mem:activiti user=SA]
10:47:17,050 [main] DEBUG org.apache.ibatis.datasource.pooled.PooledDataSource  - Returned connection 363509958 to pool.
10:47:17,050 [main] DEBUG org.activiti.engine.impl.interceptor.LogInterceptor  - --- StartProcessInstanceCmd finished --------------------------------------------------------
10:47:17,050 [main] DEBUG org.activiti.engine.impl.interceptor.LogInterceptor  - 

10:47:17,050 [main] ERROR org.activiti.engine.impl.test.PvmTestCase  - 

10:47:17,050 [main] ERROR org.activiti.engine.impl.test.PvmTestCase  - EXCEPTION: org.apache.ibatis.exceptions.PersistenceException: 
### Error querying database.  Cause: org.h2.jdbc.JdbcSQLException: Syntax error in SQL statement &quot;SELECT RES.* 
     
    FROM ACT_HI_ACTINST RES
     WHERE  RES.EXECUTION_ID_ = ?
      
      
      
      
      
      
      
      
      
      
        AND RES.END_TIME_ IS NULL 
   
     ORDER BY  ORDER[*] BY RES.ID_ ASC  
    LIMIT ? OFFSET ? &quot;; expected &quot;=, NOT, EXISTS, INTERSECTS, SELECT, FROM&quot;; SQL statement:
select RES.* 
     
    from ACT_HI_ACTINST RES
     WHERE  RES.EXECUTION_ID_ = ?
      
      
      
      
      
      
      
      
      
      
        and RES.END_TIME_ is null 
   
     order by  order by RES.ID_ asc  
    LIMIT ? OFFSET ? [42001-176]
### The error may exist in org/activiti/db/mapping/entity/HistoricActivityInstance.xml
### The error may involve org.activiti.engine.impl.persistence.entity.HistoricActivityInstanceEntity.selectHistoricActivityInstancesByQueryCriteria
### The error occurred while executing a query
### SQL: select RES.*            from ACT_HI_ACTINST RES      WHERE  RES.EXECUTION_ID_ = ?                                                                               and RES.END_TIME_ is null           order by  order by RES.ID_ asc       LIMIT ? OFFSET ?
### Cause: org.h2.jdbc.JdbcSQLException: Syntax error in SQL statement &quot;SELECT RES.* 
     
    FROM ACT_HI_ACTINST RES
     WHERE  RES.EXECUTION_ID_ = ?
      
      
      
      
      
      
      
      
      
      
        AND RES.END_TIME_ IS NULL 
   
     ORDER BY  ORDER[*] BY RES.ID_ ASC  
    LIMIT ? OFFSET ? &quot;; expected &quot;=, NOT, EXISTS, INTERSECTS, SELECT, FROM&quot;; SQL statement:
select RES.* 
     
    from ACT_HI_ACTINST RES
     WHERE  RES.EXECUTION_ID_ = ?
      
      
      
      
      
      
      
      
      
      
        and RES.END_TIME_ is null 
   
     order by  order by RES.ID_ asc  
    LIMIT ? OFFSET ? [42001-176]
org.apache.ibatis.exceptions.PersistenceException: 
### Error querying database.  Cause: org.h2.jdbc.JdbcSQLException: Syntax error in SQL statement &quot;SELECT RES.* 
     
    FROM ACT_HI_ACTINST RES
     WHERE  RES.EXECUTION_ID_ = ?
      
      
      
      
      
      
      
      
      
      
        AND RES.END_TIME_ IS NULL 
   
     ORDER BY  ORDER[*] BY RES.ID_ ASC  
    LIMIT ? OFFSET ? &quot;; expected &quot;=, NOT, EXISTS, INTERSECTS, SELECT, FROM&quot;; SQL statement:
select RES.* 
     
    from ACT_HI_ACTINST RES
     WHERE  RES.EXECUTION_ID_ = ?
      
      
      
      
      
      
      
      
      
      
        and RES.END_TIME_ is null 
   
     order by  order by RES.ID_ asc  
    LIMIT ? OFFSET ? [42001-176]
### The error may exist in org/activiti/db/mapping/entity/HistoricActivityInstance.xml
### The error may involve org.activiti.engine.impl.persistence.entity.HistoricActivityInstanceEntity.selectHistoricActivityInstancesByQueryCriteria
### The error occurred while executing a query
### SQL: select RES.*            from ACT_HI_ACTINST RES      WHERE  RES.EXECUTION_ID_ = ?                                                                               and RES.END_TIME_ is null           order by  order by RES.ID_ asc       LIMIT ? OFFSET ?
### Cause: org.h2.jdbc.JdbcSQLException: Syntax error in SQL statement &quot;SELECT RES.* 
     
    FROM ACT_HI_ACTINST RES
     WHERE  RES.EXECUTION_ID_ = ?
      
      
      
      
      
      
      
      
      
      
        AND RES.END_TIME_ IS NULL 
   
     ORDER BY  ORDER[*] BY RES.ID_ ASC  
    LIMIT ? OFFSET ? &quot;; expected &quot;=, NOT, EXISTS, INTERSECTS, SELECT, FROM&quot;; SQL statement:
select RES.* 
     
    from ACT_HI_ACTINST RES
     WHERE  RES.EXECUTION_ID_ = ?
      
      
      
      
      
      
      
      
      
      
        and RES.END_TIME_ is null 
   
     order by  order by RES.ID_ asc  
    LIMIT ? OFFSET ? [42001-176]
	at org.apache.ibatis.exceptions.ExceptionFactory.wrapException(ExceptionFactory.java:30)
	at org.apache.ibatis.session.defaults.DefaultSqlSession.selectList(DefaultSqlSession.java:122)
	at org.apache.ibatis.session.defaults.DefaultSqlSession.selectList(DefaultSqlSession.java:113)
	at org.activiti.engine.impl.db.DbSqlSession.selectListWithRawParameter(DbSqlSession.java:438)
	at org.activiti.engine.impl.db.DbSqlSession.selectList(DbSqlSession.java:429)
	at org.activiti.engine.impl.db.DbSqlSession.selectList(DbSqlSession.java:419)
	at org.activiti.engine.impl.persistence.entity.HistoricActivityInstanceEntityManager.findHistoricActivityInstancesByQueryCriteria(HistoricActivityInstanceEntityManager.java:56)
	at org.activiti.engine.impl.HistoricActivityInstanceQueryImpl.executeList(HistoricActivityInstanceQueryImpl.java:70)
	at org.activiti.engine.impl.AbstractQuery.list(AbstractQuery.java:140)
	at org.activiti.engine.impl.history.DefaultHistoryManager.recordExecutionReplacedBy(DefaultHistoryManager.java:390)
	at org.activiti.engine.impl.persistence.entity.ExecutionEntity.setReplacedBy(ExecutionEntity.java:1137)
	at org.activiti.engine.impl.pvm.runtime.AtomicOperationActivityEnd.eventNotificationsCompleted(AtomicOperationActivityEnd.java:134)
	at org.activiti.engine.impl.pvm.runtime.AbstractEventAtomicOperation.execute(AbstractEventAtomicOperation.java:56)
	at org.activiti.engine.impl.interceptor.CommandContext.performOperation(CommandContext.java:97)
	at org.activiti.engine.impl.persistence.entity.ExecutionEntity.performOperationSync(ExecutionEntity.java:636)
	at org.activiti.engine.impl.persistence.entity.ExecutionEntity.performOperation(ExecutionEntity.java:629)
	at org.activiti.engine.impl.pvm.runtime.AbstractEventAtomicOperation.execute(AbstractEventAtomicOperation.java:49)
	at org.activiti.engine.impl.interceptor.CommandContext.performOperation(CommandContext.java:97)
	at org.activiti.engine.impl.persistence.entity.ExecutionEntity.performOperationSync(ExecutionEntity.java:636)
	at org.activiti.engine.impl.persistence.entity.ExecutionEntity.performOperation(ExecutionEntity.java:629)
	at org.activiti.engine.impl.persistence.entity.ExecutionEntity.end(ExecutionEntity.java:399)
	at org.activiti.engine.impl.bpmn.behavior.BpmnActivityBehavior.performOutgoingBehavior(BpmnActivityBehavior.java:176)
	at org.activiti.engine.impl.bpmn.behavior.BpmnActivityBehavior.performDefaultOutgoingBehavior(BpmnActivityBehavior.java:66)
	at org.activiti.engine.impl.bpmn.behavior.FlowNodeActivityBehavior.leave(FlowNodeActivityBehavior.java:44)
	at org.activiti.engine.impl.bpmn.behavior.AbstractBpmnActivityBehavior.leave(AbstractBpmnActivityBehavior.java:47)
	at org.activiti.engine.impl.bpmn.behavior.ServiceTaskJavaDelegateActivityBehavior.execute(ServiceTaskJavaDelegateActivityBehavior.java:41)
	at org.activiti.engine.impl.bpmn.helper.ClassDelegate.execute(ClassDelegate.java:158)
	at org.activiti.engine.impl.pvm.runtime.AtomicOperationActivityExecute.execute(AtomicOperationActivityExecute.java:60)
	at org.activiti.engine.impl.interceptor.CommandContext.performOperation(CommandContext.java:97)
	at org.activiti.engine.impl.persistence.entity.ExecutionEntity.performOperationSync(ExecutionEntity.java:636)
	at org.activiti.engine.impl.persistence.entity.ExecutionEntity.performOperation(ExecutionEntity.java:629)
	at org.activiti.engine.impl.pvm.runtime.AtomicOperationTransitionNotifyListenerStart.eventNotificationsCompleted(AtomicOperationTransitionNotifyListenerStart.java:52)
	at org.activiti.engine.impl.pvm.runtime.AbstractEventAtomicOperation.execute(AbstractEventAtomicOperation.java:56)
	at org.activiti.engine.impl.interceptor.CommandContext.performOperation(CommandContext.java:97)
	at org.activiti.engine.impl.persistence.entity.ExecutionEntity.performOperationSync(ExecutionEntity.java:636)
	at org.activiti.engine.impl.persistence.entity.ExecutionEntity.performOperation(ExecutionEntity.java:629)
	at org.activiti.engine.impl.pvm.runtime.AbstractEventAtomicOperation.execute(AbstractEventAtomicOperation.java:49)
	at org.activiti.engine.impl.interceptor.CommandContext.performOperation(CommandContext.java:97)
	at org.activiti.engine.impl.persistence.entity.ExecutionEntity.performOperationSync(ExecutionEntity.java:636)
	at org.activiti.engine.impl.persistence.entity.ExecutionEntity.performOperation(ExecutionEntity.java:629)
	at org.activiti.engine.impl.pvm.runtime.AtomicOperationTransitionCreateScope.execute(AtomicOperationTransitionCreateScope.java:49)
	at org.activiti.engine.impl.interceptor.CommandContext.performOperation(CommandContext.java:97)
	at org.activiti.engine.impl.persistence.entity.ExecutionEntity.performOperationSync(ExecutionEntity.java:636)
	at org.activiti.engine.impl.persistence.entity.ExecutionEntity.performOperation(ExecutionEntity.java:629)
	at org.activiti.engine.impl.pvm.runtime.AtomicOperationTransitionNotifyListenerTake.execute(AtomicOperationTransitionNotifyListenerTake.java:80)
	at org.activiti.engine.impl.interceptor.CommandContext.performOperation(CommandContext.java:97)
	at org.activiti.engine.impl.persistence.entity.ExecutionEntity.performOperationSync(ExecutionEntity.java:636)
	at org.activiti.engine.impl.persistence.entity.ExecutionEntity.performOperation(ExecutionEntity.java:629)
	at org.activiti.engine.impl.pvm.runtime.AtomicOperationTransitionDestroyScope.execute(AtomicOperationTransitionDestroyScope.java:116)
	at org.activiti.engine.impl.interceptor.CommandContext.performOperation(CommandContext.java:97)
	at org.activiti.engine.impl.persistence.entity.ExecutionEntity.performOperationSync(ExecutionEntity.java:636)
	at org.activiti.engine.impl.persistence.entity.ExecutionEntity.performOperation(ExecutionEntity.java:629)
	at org.activiti.engine.impl.pvm.runtime.AtomicOperationTransitionNotifyListenerEnd.eventNotificationsCompleted(AtomicOperationTransitionNotifyListenerEnd.java:35)
	at org.activiti.engine.impl.pvm.runtime.AbstractEventAtomicOperation.execute(AbstractEventAtomicOperation.java:56)
	at org.activiti.engine.impl.interceptor.CommandContext.performOperation(CommandContext.java:97)
	at org.activiti.engine.impl.persistence.entity.ExecutionEntity.performOperationSync(ExecutionEntity.java:636)
	at org.activiti.engine.impl.persistence.entity.ExecutionEntity.performOperation(ExecutionEntity.java:629)
	at org.activiti.engine.impl.pvm.runtime.AbstractEventAtomicOperation.execute(AbstractEventAtomicOperation.java:49)
	at org.activiti.engine.impl.interceptor.CommandContext.performOperation(CommandContext.java:97)
	at org.activiti.engine.impl.persistence.entity.ExecutionEntity.performOperationSync(ExecutionEntity.java:636)
	at org.activiti.engine.impl.persistence.entity.ExecutionEntity.performOperation(ExecutionEntity.java:629)
	at org.activiti.engine.impl.persistence.entity.ExecutionEntity.take(ExecutionEntity.java:453)
	at org.activiti.engine.impl.pvm.runtime.OutgoingExecution.take(OutgoingExecution.java:48)
	at org.activiti.engine.impl.persistence.entity.ExecutionEntity.takeAll(ExecutionEntity.java:589)
	at org.activiti.engine.impl.bpmn.behavior.BpmnActivityBehavior.performOutgoingBehavior(BpmnActivityBehavior.java:146)
	at org.activiti.engine.impl.bpmn.behavior.BpmnActivityBehavior.performDefaultOutgoingBehavior(BpmnActivityBehavior.java:66)
	at org.activiti.engine.impl.bpmn.behavior.FlowNodeActivityBehavior.leave(FlowNodeActivityBehavior.java:44)
	at org.activiti.engine.impl.bpmn.behavior.FlowNodeActivityBehavior.execute(FlowNodeActivityBehavior.java:36)
	at org.activiti.engine.impl.pvm.runtime.AtomicOperationActivityExecute.execute(AtomicOperationActivityExecute.java:60)
	at org.activiti.engine.impl.interceptor.CommandContext.performOperation(CommandContext.java:97)
	at org.activiti.engine.impl.persistence.entity.ExecutionEntity.performOperationSync(ExecutionEntity.java:636)
	at org.activiti.engine.impl.persistence.entity.ExecutionEntity.performOperation(ExecutionEntity.java:629)
	at org.activiti.engine.impl.pvm.runtime.AtomicOperationProcessStartInitial.eventNotificationsCompleted(AtomicOperationProcessStartInitial.java:45)
	at org.activiti.engine.impl.pvm.runtime.AbstractEventAtomicOperation.execute(AbstractEventAtomicOperation.java:56)
	at org.activiti.engine.impl.interceptor.CommandContext.performOperation(CommandContext.java:97)
	at org.activiti.engine.impl.persistence.entity.ExecutionEntity.performOperationSync(ExecutionEntity.java:636)
	at org.activiti.engine.impl.persistence.entity.ExecutionEntity.performOperation(ExecutionEntity.java:629)
	at org.activiti.engine.impl.pvm.runtime.AtomicOperationProcessStart.eventNotificationsCompleted(AtomicOperationProcessStart.java:64)
	at org.activiti.engine.impl.pvm.runtime.AbstractEventAtomicOperation.execute(AbstractEventAtomicOperation.java:56)
	at org.activiti.engine.impl.interceptor.CommandContext.performOperation(CommandContext.java:97)
	at org.activiti.engine.impl.persistence.entity.ExecutionEntity.performOperationSync(ExecutionEntity.java:636)
	at org.activiti.engine.impl.persistence.entity.ExecutionEntity.performOperation(ExecutionEntity.java:629)
	at org.activiti.engine.impl.persistence.entity.ExecutionEntity.start(ExecutionEntity.java:381)
	at org.activiti.engine.impl.cmd.StartProcessInstanceCmd.execute(StartProcessInstanceCmd.java:110)
	at org.activiti.engine.impl.cmd.StartProcessInstanceCmd.execute(StartProcessInstanceCmd.java:37)
	at org.activiti.engine.impl.interceptor.CommandInvoker.execute(CommandInvoker.java:24)
	at org.activiti.engine.impl.interceptor.CommandContextInterceptor.execute(CommandContextInterceptor.java:57)
	at org.activiti.engine.impl.interceptor.LogInterceptor.execute(LogInterceptor.java:37)
	at org.activiti.engine.impl.cfg.CommandExecutorImpl.execute(CommandExecutorImpl.java:40)
	at org.activiti.engine.impl.cfg.CommandExecutorImpl.execute(CommandExecutorImpl.java:35)
	at org.activiti.engine.impl.RuntimeServiceImpl.startProcessInstanceByKey(RuntimeServiceImpl.java:69)
	at org.activiti.engine.test.db.VariableScopeTest.testGetVariableLocal(VariableScopeTest.java:235)
	at sun.reflect.NativeMethodAccessorImpl.invoke0(Native Method)
	at sun.reflect.NativeMethodAccessorImpl.invoke(NativeMethodAccessorImpl.java:62)
	at sun.reflect.DelegatingMethodAccessorImpl.invoke(DelegatingMethodAccessorImpl.java:43)
	at java.lang.reflect.Method.invoke(Method.java:498)
	at junit.framework.TestCase.runTest(TestCase.java:176)
	at org.activiti.engine.impl.test.PvmTestCase.runTest(PvmTestCase.java:65)
	at junit.framework.TestCase.runBare(TestCase.java:141)
	at org.activiti.engine.impl.test.AbstractActivitiTestCase.runBare(AbstractActivitiTestCase.java:100)
	at junit.framework.TestResult$1.protect(TestResult.java:122)
	at junit.framework.TestResult.runProtected(TestResult.java:142)
	at junit.framework.TestResult.run(TestResult.java:125)
	at junit.framework.TestCase.run(TestCase.java:129)
	at junit.framework.TestSuite.runTest(TestSuite.java:255)
	at junit.framework.TestSuite.run(TestSuite.java:250)
	at org.junit.internal.runners.JUnit38ClassRunner.run(JUnit38ClassRunner.java:84)
	at org.apache.maven.surefire.junit4.JUnit4TestSet.execute(JUnit4TestSet.java:35)
	at org.apache.maven.surefire.junit4.JUnit4Provider.executeTestSet(JUnit4Provider.java:146)
	at org.apache.maven.surefire.junit4.JUnit4Provider.invoke(JUnit4Provider.java:97)
	at sun.reflect.NativeMethodAccessorImpl.invoke0(Native Method)
	at sun.reflect.NativeMethodAccessorImpl.invoke(NativeMethodAccessorImpl.java:62)
	at sun.reflect.DelegatingMethodAccessorImpl.invoke(DelegatingMethodAccessorImpl.java:43)
	at java.lang.reflect.Method.invoke(Method.java:498)
	at org.apache.maven.surefire.booter.ProviderFactory$ClassLoaderProxy.invoke(ProviderFactory.java:103)
	at com.sun.proxy.$Proxy0.invoke(Unknown Source)
	at org.apache.maven.surefire.booter.SurefireStarter.invokeProvider(SurefireStarter.java:145)
	at org.apache.maven.surefire.booter.SurefireStarter.runSuitesInProcess(SurefireStarter.java:87)
	at org.apache.maven.surefire.booter.ForkedBooter.main(ForkedBooter.java:69)
Caused by: org.h2.jdbc.JdbcSQLException: Syntax error in SQL statement &quot;SELECT RES.* 
     
    FROM ACT_HI_ACTINST RES
     WHERE  RES.EXECUTION_ID_ = ?
      
      
      
      
      
      
      
      
      
      
        AND RES.END_TIME_ IS NULL 
   
     ORDER BY  ORDER[*] BY RES.ID_ ASC  
    LIMIT ? OFFSET ? &quot;; expected &quot;=, NOT, EXISTS, INTERSECTS, SELECT, FROM&quot;; SQL statement:
select RES.* 
     
    from ACT_HI_ACTINST RES
     WHERE  RES.EXECUTION_ID_ = ?
      
      
      
      
      
      
      
      
      
      
        and RES.END_TIME_ is null 
   
     order by  order by RES.ID_ asc  
    LIMIT ? OFFSET ? [42001-176]
	at org.h2.message.DbException.getJdbcSQLException(DbException.java:344)
	at org.h2.message.DbException.getSyntaxError(DbException.java:204)
	at org.h2.command.Parser.getSyntaxError(Parser.java:524)
	at org.h2.command.Parser.readTerm(Parser.java:2688)
	at org.h2.command.Parser.readFactor(Parser.java:2244)
	at org.h2.command.Parser.readSum(Parser.java:2231)
	at org.h2.command.Parser.readConcat(Parser.java:2201)
	at org.h2.command.Parser.readCondition(Parser.java:2051)
	at org.h2.command.Parser.readAnd(Parser.java:2023)
	at org.h2.command.Parser.readExpression(Parser.java:2015)
	at org.h2.command.Parser.parseEndOfQuery(Parser.java:1726)
	at org.h2.command.Parser.parseSelectUnionExtension(Parser.java:1706)
	at org.h2.command.Parser.parseSelectUnion(Parser.java:1675)
	at org.h2.command.Parser.parseSelect(Parser.java:1662)
	at org.h2.command.Parser.parsePrepared(Parser.java:434)
	at org.h2.command.Parser.parse(Parser.java:306)
	at org.h2.command.Parser.parse(Parser.java:282)
	at org.h2.command.Parser.prepareCommand(Parser.java:243)
	at org.h2.engine.Session.prepareLocal(Session.java:442)
	at org.h2.engine.Session.prepareCommand(Session.java:384)
	at org.h2.jdbc.JdbcConnection.prepareCommand(JdbcConnection.java:1188)
	at org.h2.jdbc.JdbcPreparedStatement.&lt;init&gt;(JdbcPreparedStatement.java:73)
	at org.h2.jdbc.JdbcConnection.prepareStatement(JdbcConnection.java:276)
	at sun.reflect.GeneratedMethodAccessor6.invoke(Unknown Source)
	at sun.reflect.DelegatingMethodAccessorImpl.invoke(DelegatingMethodAccessorImpl.java:43)
	at java.lang.reflect.Method.invoke(Method.java:498)
	at org.apache.ibatis.datasource.pooled.PooledConnection.invoke(PooledConnection.java:245)
	at com.sun.proxy.$Proxy12.prepareStatement(Unknown Source)
	at sun.reflect.GeneratedMethodAccessor6.invoke(Unknown Source)
	at sun.reflect.DelegatingMethodAccessorImpl.invoke(DelegatingMethodAccessorImpl.java:43)
	at java.lang.reflect.Method.invoke(Method.java:498)
	at org.apache.ibatis.logging.jdbc.ConnectionLogger.invoke(ConnectionLogger.java:55)
	at com.sun.proxy.$Proxy12.prepareStatement(Unknown Source)
	at org.apache.ibatis.executor.statement.PreparedStatementHandler.instantiateStatement(PreparedStatementHandler.java:79)
	at org.apache.ibatis.executor.statement.BaseStatementHandler.prepare(BaseStatementHandler.java:88)
	at org.apache.ibatis.executor.statement.RoutingStatementHandler.prepare(RoutingStatementHandler.java:58)
	at org.apache.ibatis.executor.SimpleExecutor.prepareStatement(SimpleExecutor.java:76)
	at org.apache.ibatis.executor.SimpleExecutor.doQuery(SimpleExecutor.java:61)
	at org.apache.ibatis.executor.BaseExecutor.queryFromDatabase(BaseExecutor.java:303)
	at org.apache.ibatis.executor.BaseExecutor.query(BaseExecutor.java:154)
	at org.apache.ibatis.executor.CachingExecutor.query(CachingExecutor.java:102)
	at org.apache.ibatis.executor.CachingExecutor.query(CachingExecutor.java:82)
	at org.apache.ibatis.session.defaults.DefaultSqlSession.selectList(DefaultSqlSession.java:120)
	... 117 more
10:47:17,050 [main] DEBUG org.activiti.engine.impl.test.PvmTestCase  - #### END VariableScopeTest.testGetVariableLocal #############################################################
10:47:17,050 [main] ERROR org.activiti.engine.impl.test.PvmTestCase  - 

10:47:17,050 [main] ERROR org.activiti.engine.impl.test.PvmTestCase  - EXCEPTION: org.apache.ibatis.exceptions.PersistenceException: 
### Error querying database.  Cause: org.h2.jdbc.JdbcSQLException: Syntax error in SQL statement &quot;SELECT RES.* 
     
    FROM ACT_HI_ACTINST RES
     WHERE  RES.EXECUTION_ID_ = ?
      
      
      
      
      
      
      
      
      
      
        AND RES.END_TIME_ IS NULL 
   
     ORDER BY  ORDER[*] BY RES.ID_ ASC  
    LIMIT ? OFFSET ? &quot;; expected &quot;=, NOT, EXISTS, INTERSECTS, SELECT, FROM&quot;; SQL statement:
select RES.* 
     
    from ACT_HI_ACTINST RES
     WHERE  RES.EXECUTION_ID_ = ?
      
      
      
      
      
      
      
      
      
      
        and RES.END_TIME_ is null 
   
     order by  order by RES.ID_ asc  
    LIMIT ? OFFSET ? [42001-176]
### The error may exist in org/activiti/db/mapping/entity/HistoricActivityInstance.xml
### The error may involve org.activiti.engine.impl.persistence.entity.HistoricActivityInstanceEntity.selectHistoricActivityInstancesByQueryCriteria
### The error occurred while executing a query
### SQL: select RES.*            from ACT_HI_ACTINST RES      WHERE  RES.EXECUTION_ID_ = ?                                                                               and RES.END_TIME_ is null           order by  order by RES.ID_ asc       LIMIT ? OFFSET ?
### Cause: org.h2.jdbc.JdbcSQLException: Syntax error in SQL statement &quot;SELECT RES.* 
     
    FROM ACT_HI_ACTINST RES
     WHERE  RES.EXECUTION_ID_ = ?
      
      
      
      
      
      
      
      
      
      
        AND RES.END_TIME_ IS NULL 
   
     ORDER BY  ORDER[*] BY RES.ID_ ASC  
    LIMIT ? OFFSET ? &quot;; expected &quot;=, NOT, EXISTS, INTERSECTS, SELECT, FROM&quot;; SQL statement:
select RES.* 
     
    from ACT_HI_ACTINST RES
     WHERE  RES.EXECUTION_ID_ = ?
      
      
      
      
      
      
      
      
      
      
        and RES.END_TIME_ is null 
   
     order by  order by RES.ID_ asc  
    LIMIT ? OFFSET ? [42001-176]
org.apache.ibatis.exceptions.PersistenceException: 
### Error querying database.  Cause: org.h2.jdbc.JdbcSQLException: Syntax error in SQL statement &quot;SELECT RES.* 
     
    FROM ACT_HI_ACTINST RES
     WHERE  RES.EXECUTION_ID_ = ?
      
      
      
      
      
      
      
      
      
      
        AND RES.END_TIME_ IS NULL 
   
     ORDER BY  ORDER[*] BY RES.ID_ ASC  
    LIMIT ? OFFSET ? &quot;; expected &quot;=, NOT, EXISTS, INTERSECTS, SELECT, FROM&quot;; SQL statement:
select RES.* 
     
    from ACT_HI_ACTINST RES
     WHERE  RES.EXECUTION_ID_ = ?
      
      
      
      
      
      
      
      
      
      
        and RES.END_TIME_ is null 
   
     order by  order by RES.ID_ asc  
    LIMIT ? OFFSET ? [42001-176]
### The error may exist in org/activiti/db/mapping/entity/HistoricActivityInstance.xml
### The error may involve org.activiti.engine.impl.persistence.entity.HistoricActivityInstanceEntity.selectHistoricActivityInstancesByQueryCriteria
### The error occurred while executing a query
### SQL: select RES.*            from ACT_HI_ACTINST RES      WHERE  RES.EXECUTION_ID_ = ?                                                                               and RES.END_TIME_ is null           order by  order by RES.ID_ asc       LIMIT ? OFFSET ?
### Cause: org.h2.jdbc.JdbcSQLException: Syntax error in SQL statement &quot;SELECT RES.* 
     
    FROM ACT_HI_ACTINST RES
     WHERE  RES.EXECUTION_ID_ = ?
      
      
      
      
      
      
      
      
      
      
        AND RES.END_TIME_ IS NULL 
   
     ORDER BY  ORDER[*] BY RES.ID_ ASC  
    LIMIT ? OFFSET ? &quot;; expected &quot;=, NOT, EXISTS, INTERSECTS, SELECT, FROM&quot;; SQL statement:
select RES.* 
     
    from ACT_HI_ACTINST RES
     WHERE  RES.EXECUTION_ID_ = ?
      
      
      
      
      
      
      
      
      
      
        and RES.END_TIME_ is null 
   
     order by  order by RES.ID_ asc  
    LIMIT ? OFFSET ? [42001-176]
	at org.apache.ibatis.exceptions.ExceptionFactory.wrapException(ExceptionFactory.java:30)
	at org.apache.ibatis.session.defaults.DefaultSqlSession.selectList(DefaultSqlSession.java:122)
	at org.apache.ibatis.session.defaults.DefaultSqlSession.selectList(DefaultSqlSession.java:113)
	at org.activiti.engine.impl.db.DbSqlSession.selectListWithRawParameter(DbSqlSession.java:438)
	at org.activiti.engine.impl.db.DbSqlSession.selectList(DbSqlSession.java:429)
	at org.activiti.engine.impl.db.DbSqlSession.selectList(DbSqlSession.java:419)
	at org.activiti.engine.impl.persistence.entity.HistoricActivityInstanceEntityManager.findHistoricActivityInstancesByQueryCriteria(HistoricActivityInstanceEntityManager.java:56)
	at org.activiti.engine.impl.HistoricActivityInstanceQueryImpl.executeList(HistoricActivityInstanceQueryImpl.java:70)
	at org.activiti.engine.impl.AbstractQuery.list(AbstractQuery.java:140)
	at org.activiti.engine.impl.history.DefaultHistoryManager.recordExecutionReplacedBy(DefaultHistoryManager.java:390)
	at org.activiti.engine.impl.persistence.entity.ExecutionEntity.setReplacedBy(ExecutionEntity.java:1137)
	at org.activiti.engine.impl.pvm.runtime.AtomicOperationActivityEnd.eventNotificationsCompleted(AtomicOperationActivityEnd.java:134)
	at org.activiti.engine.impl.pvm.runtime.AbstractEventAtomicOperation.execute(AbstractEventAtomicOperation.java:56)
	at org.activiti.engine.impl.interceptor.CommandContext.performOperation(CommandContext.java:97)
	at org.activiti.engine.impl.persistence.entity.ExecutionEntity.performOperationSync(ExecutionEntity.java:636)
	at org.activiti.engine.impl.persistence.entity.ExecutionEntity.performOperation(ExecutionEntity.java:629)
	at org.activiti.engine.impl.pvm.runtime.AbstractEventAtomicOperation.execute(AbstractEventAtomicOperation.java:49)
	at org.activiti.engine.impl.interceptor.CommandContext.performOperation(CommandContext.java:97)
	at org.activiti.engine.impl.persistence.entity.ExecutionEntity.performOperationSync(ExecutionEntity.java:636)
	at org.activiti.engine.impl.persistence.entity.ExecutionEntity.performOperation(ExecutionEntity.java:629)
	at org.activiti.engine.impl.persistence.entity.ExecutionEntity.end(ExecutionEntity.java:399)
	at org.activiti.engine.impl.bpmn.behavior.BpmnActivityBehavior.performOutgoingBehavior(BpmnActivityBehavior.java:176)
	at org.activiti.engine.impl.bpmn.behavior.BpmnActivityBehavior.performDefaultOutgoingBehavior(BpmnActivityBehavior.java:66)
	at org.activiti.engine.impl.bpmn.behavior.FlowNodeActivityBehavior.leave(FlowNodeActivityBehavior.java:44)
	at org.activiti.engine.impl.bpmn.behavior.AbstractBpmnActivityBehavior.leave(AbstractBpmnActivityBehavior.java:47)
	at org.activiti.engine.impl.bpmn.behavior.ServiceTaskJavaDelegateActivityBehavior.execute(ServiceTaskJavaDelegateActivityBehavior.java:41)
	at org.activiti.engine.impl.bpmn.helper.ClassDelegate.execute(ClassDelegate.java:158)
	at org.activiti.engine.impl.pvm.runtime.AtomicOperationActivityExecute.execute(AtomicOperationActivityExecute.java:60)
	at org.activiti.engine.impl.interceptor.CommandContext.performOperation(CommandContext.java:97)
	at org.activiti.engine.impl.persistence.entity.ExecutionEntity.performOperationSync(ExecutionEntity.java:636)
	at org.activiti.engine.impl.persistence.entity.ExecutionEntity.performOperation(ExecutionEntity.java:629)
	at org.activiti.engine.impl.pvm.runtime.AtomicOperationTransitionNotifyListenerStart.eventNotificationsCompleted(AtomicOperationTransitionNotifyListenerStart.java:52)
	at org.activiti.engine.impl.pvm.runtime.AbstractEventAtomicOperation.execute(AbstractEventAtomicOperation.java:56)
	at org.activiti.engine.impl.interceptor.CommandContext.performOperation(CommandContext.java:97)
	at org.activiti.engine.impl.persistence.entity.ExecutionEntity.performOperationSync(ExecutionEntity.java:636)
	at org.activiti.engine.impl.persistence.entity.ExecutionEntity.performOperation(ExecutionEntity.java:629)
	at org.activiti.engine.impl.pvm.runtime.AbstractEventAtomicOperation.execute(AbstractEventAtomicOperation.java:49)
	at org.activiti.engine.impl.interceptor.CommandContext.performOperation(CommandContext.java:97)
	at org.activiti.engine.impl.persistence.entity.ExecutionEntity.performOperationSync(ExecutionEntity.java:636)
	at org.activiti.engine.impl.persistence.entity.ExecutionEntity.performOperation(ExecutionEntity.java:629)
	at org.activiti.engine.impl.pvm.runtime.AtomicOperationTransitionCreateScope.execute(AtomicOperationTransitionCreateScope.java:49)
	at org.activiti.engine.impl.interceptor.CommandContext.performOperation(CommandContext.java:97)
	at org.activiti.engine.impl.persistence.entity.ExecutionEntity.performOperationSync(ExecutionEntity.java:636)
	at org.activiti.engine.impl.persistence.entity.ExecutionEntity.performOperation(ExecutionEntity.java:629)
	at org.activiti.engine.impl.pvm.runtime.AtomicOperationTransitionNotifyListenerTake.execute(AtomicOperationTransitionNotifyListenerTake.java:80)
	at org.activiti.engine.impl.interceptor.CommandContext.performOperation(CommandContext.java:97)
	at org.activiti.engine.impl.persistence.entity.ExecutionEntity.performOperationSync(ExecutionEntity.java:636)
	at org.activiti.engine.impl.persistence.entity.ExecutionEntity.performOperation(ExecutionEntity.java:629)
	at org.activiti.engine.impl.pvm.runtime.AtomicOperationTransitionDestroyScope.execute(AtomicOperationTransitionDestroyScope.java:116)
	at org.activiti.engine.impl.interceptor.CommandContext.performOperation(CommandContext.java:97)
	at org.activiti.engine.impl.persistence.entity.ExecutionEntity.performOperationSync(ExecutionEntity.java:636)
	at org.activiti.engine.impl.persistence.entity.ExecutionEntity.performOperation(ExecutionEntity.java:629)
	at org.activiti.engine.impl.pvm.runtime.AtomicOperationTransitionNotifyListenerEnd.eventNotificationsCompleted(AtomicOperationTransitionNotifyListenerEnd.java:35)
	at org.activiti.engine.impl.pvm.runtime.AbstractEventAtomicOperation.execute(AbstractEventAtomicOperation.java:56)
	at org.activiti.engine.impl.interceptor.CommandContext.performOperation(CommandContext.java:97)
	at org.activiti.engine.impl.persistence.entity.ExecutionEntity.performOperationSync(ExecutionEntity.java:636)
	at org.activiti.engine.impl.persistence.entity.ExecutionEntity.performOperation(ExecutionEntity.java:629)
	at org.activiti.engine.impl.pvm.runtime.AbstractEventAtomicOperation.execute(AbstractEventAtomicOperation.java:49)
	at org.activiti.engine.impl.interceptor.CommandContext.performOperation(CommandContext.java:97)
	at org.activiti.engine.impl.persistence.entity.ExecutionEntity.performOperationSync(ExecutionEntity.java:636)
	at org.activiti.engine.impl.persistence.entity.ExecutionEntity.performOperation(ExecutionEntity.java:629)
	at org.activiti.engine.impl.persistence.entity.ExecutionEntity.take(ExecutionEntity.java:453)
	at org.activiti.engine.impl.pvm.runtime.OutgoingExecution.take(OutgoingExecution.java:48)
	at org.activiti.engine.impl.persistence.entity.ExecutionEntity.takeAll(ExecutionEntity.java:589)
	at org.activiti.engine.impl.bpmn.behavior.BpmnActivityBehavior.performOutgoingBehavior(BpmnActivityBehavior.java:146)
	at org.activiti.engine.impl.bpmn.behavior.BpmnActivityBehavior.performDefaultOutgoingBehavior(BpmnActivityBehavior.java:66)
	at org.activiti.engine.impl.bpmn.behavior.FlowNodeActivityBehavior.leave(FlowNodeActivityBehavior.java:44)
	at org.activiti.engine.impl.bpmn.behavior.FlowNodeActivityBehavior.execute(FlowNodeActivityBehavior.java:36)
	at org.activiti.engine.impl.pvm.runtime.AtomicOperationActivityExecute.execute(AtomicOperationActivityExecute.java:60)
	at org.activiti.engine.impl.interceptor.CommandContext.performOperation(CommandContext.java:97)
	at org.activiti.engine.impl.persistence.entity.ExecutionEntity.performOperationSync(ExecutionEntity.java:636)
	at org.activiti.engine.impl.persistence.entity.ExecutionEntity.performOperation(ExecutionEntity.java:629)
	at org.activiti.engine.impl.pvm.runtime.AtomicOperationProcessStartInitial.eventNotificationsCompleted(AtomicOperationProcessStartInitial.java:45)
	at org.activiti.engine.impl.pvm.runtime.AbstractEventAtomicOperation.execute(AbstractEventAtomicOperation.java:56)
	at org.activiti.engine.impl.interceptor.CommandContext.performOperation(CommandContext.java:97)
	at org.activiti.engine.impl.persistence.entity.ExecutionEntity.performOperationSync(ExecutionEntity.java:636)
	at org.activiti.engine.impl.persistence.entity.ExecutionEntity.performOperation(ExecutionEntity.java:629)
	at org.activiti.engine.impl.pvm.runtime.AtomicOperationProcessStart.eventNotificationsCompleted(AtomicOperationProcessStart.java:64)
	at org.activiti.engine.impl.pvm.runtime.AbstractEventAtomicOperation.execute(AbstractEventAtomicOperation.java:56)
	at org.activiti.engine.impl.interceptor.CommandContext.performOperation(CommandContext.java:97)
	at org.activiti.engine.impl.persistence.entity.ExecutionEntity.performOperationSync(ExecutionEntity.java:636)
	at org.activiti.engine.impl.persistence.entity.ExecutionEntity.performOperation(ExecutionEntity.java:629)
	at org.activiti.engine.impl.persistence.entity.ExecutionEntity.start(ExecutionEntity.java:381)
	at org.activiti.engine.impl.cmd.StartProcessInstanceCmd.execute(StartProcessInstanceCmd.java:110)
	at org.activiti.engine.impl.cmd.StartProcessInstanceCmd.execute(StartProcessInstanceCmd.java:37)
	at org.activiti.engine.impl.interceptor.CommandInvoker.execute(CommandInvoker.java:24)
	at org.activiti.engine.impl.interceptor.CommandContextInterceptor.execute(CommandContextInterceptor.java:57)
	at org.activiti.engine.impl.interceptor.LogInterceptor.execute(LogInterceptor.java:37)
	at org.activiti.engine.impl.cfg.CommandExecutorImpl.execute(CommandExecutorImpl.java:40)
	at org.activiti.engine.impl.cfg.CommandExecutorImpl.execute(CommandExecutorImpl.java:35)
	at org.activiti.engine.impl.RuntimeServiceImpl.startProcessInstanceByKey(RuntimeServiceImpl.java:69)
	at org.activiti.engine.test.db.VariableScopeTest.testGetVariableLocal(VariableScopeTest.java:235)
	at sun.reflect.NativeMethodAccessorImpl.invoke0(Native Method)
	at sun.reflect.NativeMethodAccessorImpl.invoke(NativeMethodAccessorImpl.java:62)
	at sun.reflect.DelegatingMethodAccessorImpl.invoke(DelegatingMethodAccessorImpl.java:43)
	at java.lang.reflect.Method.invoke(Method.java:498)
	at junit.framework.TestCase.runTest(TestCase.java:176)
	at org.activiti.engine.impl.test.PvmTestCase.runTest(PvmTestCase.java:65)
	at junit.framework.TestCase.runBare(TestCase.java:141)
	at org.activiti.engine.impl.test.AbstractActivitiTestCase.runBare(AbstractActivitiTestCase.java:100)
	at junit.framework.TestResult$1.protect(TestResult.java:122)
	at junit.framework.TestResult.runProtected(TestResult.java:142)
	at junit.framework.TestResult.run(TestResult.java:125)
	at junit.framework.TestCase.run(TestCase.java:129)
	at junit.framework.TestSuite.runTest(TestSuite.java:255)
	at junit.framework.TestSuite.run(TestSuite.java:250)
	at org.junit.internal.runners.JUnit38ClassRunner.run(JUnit38ClassRunner.java:84)
	at org.apache.maven.surefire.junit4.JUnit4TestSet.execute(JUnit4TestSet.java:35)
	at org.apache.maven.surefire.junit4.JUnit4Provider.executeTestSet(JUnit4Provider.java:146)
	at org.apache.maven.surefire.junit4.JUnit4Provider.invoke(JUnit4Provider.java:97)
	at sun.reflect.NativeMethodAccessorImpl.invoke0(Native Method)
	at sun.reflect.NativeMethodAccessorImpl.invoke(NativeMethodAccessorImpl.java:62)
	at sun.reflect.DelegatingMethodAccessorImpl.invoke(DelegatingMethodAccessorImpl.java:43)
	at java.lang.reflect.Method.invoke(Method.java:498)
	at org.apache.maven.surefire.booter.ProviderFactory$ClassLoaderProxy.invoke(ProviderFactory.java:103)
	at com.sun.proxy.$Proxy0.invoke(Unknown Source)
	at org.apache.maven.surefire.booter.SurefireStarter.invokeProvider(SurefireStarter.java:145)
	at org.apache.maven.surefire.booter.SurefireStarter.runSuitesInProcess(SurefireStarter.java:87)
	at org.apache.maven.surefire.booter.ForkedBooter.main(ForkedBooter.java:69)
Caused by: org.h2.jdbc.JdbcSQLException: Syntax error in SQL statement &quot;SELECT RES.* 
     
    FROM ACT_HI_ACTINST RES
     WHERE  RES.EXECUTION_ID_ = ?
      
      
      
      
      
      
      
      
      
      
        AND RES.END_TIME_ IS NULL 
   
     ORDER BY  ORDER[*] BY RES.ID_ ASC  
    LIMIT ? OFFSET ? &quot;; expected &quot;=, NOT, EXISTS, INTERSECTS, SELECT, FROM&quot;; SQL statement:
select RES.* 
     
    from ACT_HI_ACTINST RES
     WHERE  RES.EXECUTION_ID_ = ?
      
      
      
      
      
      
      
      
      
      
        and RES.END_TIME_ is null 
   
     order by  order by RES.ID_ asc  
    LIMIT ? OFFSET ? [42001-176]
	at org.h2.message.DbException.getJdbcSQLException(DbException.java:344)
	at org.h2.message.DbException.getSyntaxError(DbException.java:204)
	at org.h2.command.Parser.getSyntaxError(Parser.java:524)
	at org.h2.command.Parser.readTerm(Parser.java:2688)
	at org.h2.command.Parser.readFactor(Parser.java:2244)
	at org.h2.command.Parser.readSum(Parser.java:2231)
	at org.h2.command.Parser.readConcat(Parser.java:2201)
	at org.h2.command.Parser.readCondition(Parser.java:2051)
	at org.h2.command.Parser.readAnd(Parser.java:2023)
	at org.h2.command.Parser.readExpression(Parser.java:2015)
	at org.h2.command.Parser.parseEndOfQuery(Parser.java:1726)
	at org.h2.command.Parser.parseSelectUnionExtension(Parser.java:1706)
	at org.h2.command.Parser.parseSelectUnion(Parser.java:1675)
	at org.h2.command.Parser.parseSelect(Parser.java:1662)
	at org.h2.command.Parser.parsePrepared(Parser.java:434)
	at org.h2.command.Parser.parse(Parser.java:306)
	at org.h2.command.Parser.parse(Parser.java:282)
	at org.h2.command.Parser.prepareCommand(Parser.java:243)
	at org.h2.engine.Session.prepareLocal(Session.java:442)
	at org.h2.engine.Session.prepareCommand(Session.java:384)
	at org.h2.jdbc.JdbcConnection.prepareCommand(JdbcConnection.java:1188)
	at org.h2.jdbc.JdbcPreparedStatement.&lt;init&gt;(JdbcPreparedStatement.java:73)
	at org.h2.jdbc.JdbcConnection.prepareStatement(JdbcConnection.java:276)
	at sun.reflect.GeneratedMethodAccessor6.invoke(Unknown Source)
	at sun.reflect.DelegatingMethodAccessorImpl.invoke(DelegatingMethodAccessorImpl.java:43)
	at java.lang.reflect.Method.invoke(Method.java:498)
	at org.apache.ibatis.datasource.pooled.PooledConnection.invoke(PooledConnection.java:245)
	at com.sun.proxy.$Proxy12.prepareStatement(Unknown Source)
	at sun.reflect.GeneratedMethodAccessor6.invoke(Unknown Source)
	at sun.reflect.DelegatingMethodAccessorImpl.invoke(DelegatingMethodAccessorImpl.java:43)
	at java.lang.reflect.Method.invoke(Method.java:498)
	at org.apache.ibatis.logging.jdbc.ConnectionLogger.invoke(ConnectionLogger.java:55)
	at com.sun.proxy.$Proxy12.prepareStatement(Unknown Source)
	at org.apache.ibatis.executor.statement.PreparedStatementHandler.instantiateStatement(PreparedStatementHandler.java:79)
	at org.apache.ibatis.executor.statement.BaseStatementHandler.prepare(BaseStatementHandler.java:88)
	at org.apache.ibatis.executor.statement.RoutingStatementHandler.prepare(RoutingStatementHandler.java:58)
	at org.apache.ibatis.executor.SimpleExecutor.prepareStatement(SimpleExecutor.java:76)
	at org.apache.ibatis.executor.SimpleExecutor.doQuery(SimpleExecutor.java:61)
	at org.apache.ibatis.executor.BaseExecutor.queryFromDatabase(BaseExecutor.java:303)
	at org.apache.ibatis.executor.BaseExecutor.query(BaseExecutor.java:154)
	at org.apache.ibatis.executor.CachingExecutor.query(CachingExecutor.java:102)
	at org.apache.ibatis.executor.CachingExecutor.query(CachingExecutor.java:82)
	at org.apache.ibatis.session.defaults.DefaultSqlSession.selectList(DefaultSqlSession.java:120)
	... 117 more
10:47:17,050 [main] DEBUG org.activiti.engine.impl.test.TestHelper  - annotation @Deployment deletes deployment for VariableScopeTest.testGetVariableLocal
10:47:17,050 [main] DEBUG org.activiti.engine.impl.interceptor.LogInterceptor  - 

10:47:17,050 [main] DEBUG org.activiti.engine.impl.interceptor.LogInterceptor  - --- starting DeleteDeploymentCmd --------------------------------------------------------
10:47:17,050 [main] DEBUG org.apache.ibatis.transaction.jdbc.JdbcTransaction  - Opening JDBC Connection
10:47:17,050 [main] DEBUG org.apache.ibatis.datasource.pooled.PooledDataSource  - Checked out connection 180014677 from pool.
10:47:17,050 [main] DEBUG org.apache.ibatis.transaction.jdbc.JdbcTransaction  - Setting autocommit to false on JDBC Connection [conn3: url=jdbc:h2:mem:activiti user=SA]
10:47:17,050 [main] DEBUG org.activiti.engine.impl.persistence.entity.DeploymentEntity.selectDeploymentById  - ==&gt;  Preparing: select * from ACT_RE_DEPLOYMENT where ID_ = ? 
10:47:17,050 [main] DEBUG org.activiti.engine.impl.persistence.entity.DeploymentEntity.selectDeploymentById  - ==&gt; Parameters: 742(String)
10:47:17,050 [main] DEBUG org.activiti.engine.impl.persistence.entity.DeploymentEntity.selectDeploymentById  - &lt;==      Total: 1
10:47:17,050 [main] DEBUG org.activiti.engine.impl.persistence.entity.ProcessDefinitionEntity.selectProcessDefinitionsByQueryCriteria  - ==&gt;  Preparing: select RES.* from ACT_RE_PROCDEF RES WHERE RES.DEPLOYMENT_ID_ = ? order by order by RES.ID_ asc LIMIT ? OFFSET ? 
10:47:17,051 [main] DEBUG org.activiti.engine.impl.interceptor.CommandContext  - Error while closing command context
org.apache.ibatis.exceptions.PersistenceException: 
### Error querying database.  Cause: org.h2.jdbc.JdbcSQLException: Syntax error in SQL statement &quot;SELECT RES.* 
       
    FROM ACT_RE_PROCDEF RES
     
     WHERE  RES.DEPLOYMENT_ID_ = ? 
   
     ORDER BY  ORDER[*] BY RES.ID_ ASC  
    LIMIT ? OFFSET ? &quot;; expected &quot;=, NOT, EXISTS, INTERSECTS, SELECT, FROM&quot;; SQL statement:
select RES.* 
       
    from ACT_RE_PROCDEF RES
     
     WHERE  RES.DEPLOYMENT_ID_ = ? 
   
     order by  order by RES.ID_ asc  
    LIMIT ? OFFSET ? [42001-176]
### The error may exist in org/activiti/db/mapping/entity/ProcessDefinition.xml
### The error may involve org.activiti.engine.impl.persistence.entity.ProcessDefinitionEntity.selectProcessDefinitionsByQueryCriteria
### The error occurred while executing a query
### SQL: select RES.*              from ACT_RE_PROCDEF RES            WHERE  RES.DEPLOYMENT_ID_ = ?           order by  order by RES.ID_ asc       LIMIT ? OFFSET ?
### Cause: org.h2.jdbc.JdbcSQLException: Syntax error in SQL statement &quot;SELECT RES.* 
       
    FROM ACT_RE_PROCDEF RES
     
     WHERE  RES.DEPLOYMENT_ID_ = ? 
   
     ORDER BY  ORDER[*] BY RES.ID_ ASC  
    LIMIT ? OFFSET ? &quot;; expected &quot;=, NOT, EXISTS, INTERSECTS, SELECT, FROM&quot;; SQL statement:
select RES.* 
       
    from ACT_RE_PROCDEF RES
     
     WHERE  RES.DEPLOYMENT_ID_ = ? 
   
     order by  order by RES.ID_ asc  
    LIMIT ? OFFSET ? [42001-176]
	at org.apache.ibatis.exceptions.ExceptionFactory.wrapException(ExceptionFactory.java:30)
	at org.apache.ibatis.session.defaults.DefaultSqlSession.selectList(DefaultSqlSession.java:122)
	at org.apache.ibatis.session.defaults.DefaultSqlSession.selectList(DefaultSqlSession.java:113)
	at org.activiti.engine.impl.db.DbSqlSession.selectListWithRawParameter(DbSqlSession.java:438)
	at org.activiti.engine.impl.db.DbSqlSession.selectList(DbSqlSession.java:429)
	at org.activiti.engine.impl.db.DbSqlSession.selectList(DbSqlSession.java:419)
	at org.activiti.engine.impl.persistence.entity.ProcessDefinitionEntityManager.findProcessDefinitionsByQueryCriteria(ProcessDefinitionEntityManager.java:57)
	at org.activiti.engine.impl.ProcessDefinitionQueryImpl.executeList(ProcessDefinitionQueryImpl.java:307)
	at org.activiti.engine.impl.AbstractQuery.list(AbstractQuery.java:140)
	at org.activiti.engine.impl.persistence.deploy.DeploymentManager.removeDeployment(DeploymentManager.java:187)
	at org.activiti.engine.impl.cmd.DeleteDeploymentCmd.execute(DeleteDeploymentCmd.java:44)
	at org.activiti.engine.impl.cmd.DeleteDeploymentCmd.execute(DeleteDeploymentCmd.java:24)
	at org.activiti.engine.impl.interceptor.CommandInvoker.execute(CommandInvoker.java:24)
	at org.activiti.engine.impl.interceptor.CommandContextInterceptor.execute(CommandContextInterceptor.java:57)
	at org.activiti.engine.impl.interceptor.LogInterceptor.execute(LogInterceptor.java:37)
	at org.activiti.engine.impl.cfg.CommandExecutorImpl.execute(CommandExecutorImpl.java:40)
	at org.activiti.engine.impl.cfg.CommandExecutorImpl.execute(CommandExecutorImpl.java:35)
	at org.activiti.engine.impl.RepositoryServiceImpl.deleteDeployment(RepositoryServiceImpl.java:90)
	at org.activiti.engine.impl.test.TestHelper.annotationDeploymentTearDown(TestHelper.java:116)
	at org.activiti.engine.impl.test.AbstractActivitiTestCase.runBare(AbstractActivitiTestCase.java:116)
	at junit.framework.TestResult$1.protect(TestResult.java:122)
	at junit.framework.TestResult.runProtected(TestResult.java:142)
	at junit.framework.TestResult.run(TestResult.java:125)
	at junit.framework.TestCase.run(TestCase.java:129)
	at junit.framework.TestSuite.runTest(TestSuite.java:255)
	at junit.framework.TestSuite.run(TestSuite.java:250)
	at org.junit.internal.runners.JUnit38ClassRunner.run(JUnit38ClassRunner.java:84)
	at org.apache.maven.surefire.junit4.JUnit4TestSet.execute(JUnit4TestSet.java:35)
	at org.apache.maven.surefire.junit4.JUnit4Provider.executeTestSet(JUnit4Provider.java:146)
	at org.apache.maven.surefire.junit4.JUnit4Provider.invoke(JUnit4Provider.java:97)
	at sun.reflect.NativeMethodAccessorImpl.invoke0(Native Method)
	at sun.reflect.NativeMethodAccessorImpl.invoke(NativeMethodAccessorImpl.java:62)
	at sun.reflect.DelegatingMethodAccessorImpl.invoke(DelegatingMethodAccessorImpl.java:43)
	at java.lang.reflect.Method.invoke(Method.java:498)
	at org.apache.maven.surefire.booter.ProviderFactory$ClassLoaderProxy.invoke(ProviderFactory.java:103)
	at com.sun.proxy.$Proxy0.invoke(Unknown Source)
	at org.apache.maven.surefire.booter.SurefireStarter.invokeProvider(SurefireStarter.java:145)
	at org.apache.maven.surefire.booter.SurefireStarter.runSuitesInProcess(SurefireStarter.java:87)
	at org.apache.maven.surefire.booter.ForkedBooter.main(ForkedBooter.java:69)
Caused by: org.h2.jdbc.JdbcSQLException: Syntax error in SQL statement &quot;SELECT RES.* 
       
    FROM ACT_RE_PROCDEF RES
     
     WHERE  RES.DEPLOYMENT_ID_ = ? 
   
     ORDER BY  ORDER[*] BY RES.ID_ ASC  
    LIMIT ? OFFSET ? &quot;; expected &quot;=, NOT, EXISTS, INTERSECTS, SELECT, FROM&quot;; SQL statement:
select RES.* 
       
    from ACT_RE_PROCDEF RES
     
     WHERE  RES.DEPLOYMENT_ID_ = ? 
   
     order by  order by RES.ID_ asc  
    LIMIT ? OFFSET ? [42001-176]
	at org.h2.message.DbException.getJdbcSQLException(DbException.java:344)
	at org.h2.message.DbException.getSyntaxError(DbException.java:204)
	at org.h2.command.Parser.getSyntaxError(Parser.java:524)
	at org.h2.command.Parser.readTerm(Parser.java:2688)
	at org.h2.command.Parser.readFactor(Parser.java:2244)
	at org.h2.command.Parser.readSum(Parser.java:2231)
	at org.h2.command.Parser.readConcat(Parser.java:2201)
	at org.h2.command.Parser.readCondition(Parser.java:2051)
	at org.h2.command.Parser.readAnd(Parser.java:2023)
	at org.h2.command.Parser.readExpression(Parser.java:2015)
	at org.h2.command.Parser.parseEndOfQuery(Parser.java:1726)
	at org.h2.command.Parser.parseSelectUnionExtension(Parser.java:1706)
	at org.h2.command.Parser.parseSelectUnion(Parser.java:1675)
	at org.h2.command.Parser.parseSelect(Parser.java:1662)
	at org.h2.command.Parser.parsePrepared(Parser.java:434)
	at org.h2.command.Parser.parse(Parser.java:306)
	at org.h2.command.Parser.parse(Parser.java:282)
	at org.h2.command.Parser.prepareCommand(Parser.java:243)
	at org.h2.engine.Session.prepareLocal(Session.java:442)
	at org.h2.engine.Session.prepareCommand(Session.java:384)
	at org.h2.jdbc.JdbcConnection.prepareCommand(JdbcConnection.java:1188)
	at org.h2.jdbc.JdbcPreparedStatement.&lt;init&gt;(JdbcPreparedStatement.java:73)
	at org.h2.jdbc.JdbcConnection.prepareStatement(JdbcConnection.java:276)
	at sun.reflect.GeneratedMethodAccessor6.invoke(Unknown Source)
	at sun.reflect.DelegatingMethodAccessorImpl.invoke(DelegatingMethodAccessorImpl.java:43)
	at java.lang.reflect.Method.invoke(Method.java:498)
	at org.apache.ibatis.datasource.pooled.PooledConnection.invoke(PooledConnection.java:245)
	at com.sun.proxy.$Proxy12.prepareStatement(Unknown Source)
	at sun.reflect.GeneratedMethodAccessor6.invoke(Unknown Source)
	at sun.reflect.DelegatingMethodAccessorImpl.invoke(DelegatingMethodAccessorImpl.java:43)
	at java.lang.reflect.Method.invoke(Method.java:498)
	at org.apache.ibatis.logging.jdbc.ConnectionLogger.invoke(ConnectionLogger.java:55)
	at com.sun.proxy.$Proxy12.prepareStatement(Unknown Source)
	at org.apache.ibatis.executor.statement.PreparedStatementHandler.instantiateStatement(PreparedStatementHandler.java:79)
	at org.apache.ibatis.executor.statement.BaseStatementHandler.prepare(BaseStatementHandler.java:88)
	at org.apache.ibatis.executor.statement.RoutingStatementHandler.prepare(RoutingStatementHandler.java:58)
	at org.apache.ibatis.executor.SimpleExecutor.prepareStatement(SimpleExecutor.java:76)
	at org.apache.ibatis.executor.SimpleExecutor.doQuery(SimpleExecutor.java:61)
	at org.apache.ibatis.executor.BaseExecutor.queryFromDatabase(BaseExecutor.java:303)
	at org.apache.ibatis.executor.BaseExecutor.query(BaseExecutor.java:154)
	at org.apache.ibatis.executor.CachingExecutor.query(CachingExecutor.java:102)
	at org.apache.ibatis.executor.CachingExecutor.query(CachingExecutor.java:82)
	at org.apache.ibatis.session.defaults.DefaultSqlSession.selectList(DefaultSqlSession.java:120)
	... 37 more
10:47:17,051 [main] DEBUG org.activiti.engine.impl.cfg.standalone.StandaloneMybatisTransactionContext  - firing event rolling back...
10:47:17,051 [main] DEBUG org.activiti.engine.impl.cfg.standalone.StandaloneMybatisTransactionContext  - rolling back ibatis sql session...
10:47:17,051 [main] DEBUG org.activiti.engine.impl.cfg.standalone.StandaloneMybatisTransactionContext  - firing event rolled back...
10:47:17,051 [main] DEBUG org.apache.ibatis.transaction.jdbc.JdbcTransaction  - Resetting autocommit to true on JDBC Connection [conn3: url=jdbc:h2:mem:activiti user=SA]
10:47:17,051 [main] DEBUG org.apache.ibatis.transaction.jdbc.JdbcTransaction  - Closing JDBC Connection [conn3: url=jdbc:h2:mem:activiti user=SA]
10:47:17,051 [main] DEBUG org.apache.ibatis.datasource.pooled.PooledDataSource  - Returned connection 180014677 to pool.
10:47:17,051 [main] DEBUG org.activiti.engine.impl.interceptor.LogInterceptor  - --- DeleteDeploymentCmd finished --------------------------------------------------------
10:47:17,051 [main] DEBUG org.activiti.engine.impl.interceptor.LogInterceptor  - 

</system-out>
  </testcase>
  <testcase classname="org.activiti.engine.test.db.VariableScopeTest" name="testModeledVariableScope" time="0.013">
    <error message="
### Error querying database.  Cause: org.h2.jdbc.JdbcSQLException: Syntax error in SQL statement &quot;SELECT RES.* 
       
    FROM ACT_RE_PROCDEF RES
     
     WHERE  RES.DEPLOYMENT_ID_ = ? 
   
     ORDER BY  ORDER[*] BY RES.ID_ ASC  
    LIMIT ? OFFSET ? &quot;; expected &quot;=, NOT, EXISTS, INTERSECTS, SELECT, FROM&quot;; SQL statement:
select RES.* 
       
    from ACT_RE_PROCDEF RES
     
     WHERE  RES.DEPLOYMENT_ID_ = ? 
   
     order by  order by RES.ID_ asc  
    LIMIT ? OFFSET ? [42001-176]
### The error may exist in org/activiti/db/mapping/entity/ProcessDefinition.xml
### The error may involve org.activiti.engine.impl.persistence.entity.ProcessDefinitionEntity.selectProcessDefinitionsByQueryCriteria
### The error occurred while executing a query
### SQL: select RES.*              from ACT_RE_PROCDEF RES            WHERE  RES.DEPLOYMENT_ID_ = ?           order by  order by RES.ID_ asc       LIMIT ? OFFSET ?
### Cause: org.h2.jdbc.JdbcSQLException: Syntax error in SQL statement &quot;SELECT RES.* 
       
    FROM ACT_RE_PROCDEF RES
     
     WHERE  RES.DEPLOYMENT_ID_ = ? 
   
     ORDER BY  ORDER[*] BY RES.ID_ ASC  
    LIMIT ? OFFSET ? &quot;; expected &quot;=, NOT, EXISTS, INTERSECTS, SELECT, FROM&quot;; SQL statement:
select RES.* 
       
    from ACT_RE_PROCDEF RES
     
     WHERE  RES.DEPLOYMENT_ID_ = ? 
   
     order by  order by RES.ID_ asc  
    LIMIT ? OFFSET ? [42001-176]" type="org.apache.ibatis.exceptions.PersistenceException">org.apache.ibatis.exceptions.PersistenceException: 
### Error querying database.  Cause: org.h2.jdbc.JdbcSQLException: Syntax error in SQL statement &quot;SELECT RES.* 
       
    FROM ACT_RE_PROCDEF RES
     
     WHERE  RES.DEPLOYMENT_ID_ = ? 
   
     ORDER BY  ORDER[*] BY RES.ID_ ASC  
    LIMIT ? OFFSET ? &quot;; expected &quot;=, NOT, EXISTS, INTERSECTS, SELECT, FROM&quot;; SQL statement:
select RES.* 
       
    from ACT_RE_PROCDEF RES
     
     WHERE  RES.DEPLOYMENT_ID_ = ? 
   
     order by  order by RES.ID_ asc  
    LIMIT ? OFFSET ? [42001-176]
### The error may exist in org/activiti/db/mapping/entity/ProcessDefinition.xml
### The error may involve org.activiti.engine.impl.persistence.entity.ProcessDefinitionEntity.selectProcessDefinitionsByQueryCriteria
### The error occurred while executing a query
### SQL: select RES.*              from ACT_RE_PROCDEF RES            WHERE  RES.DEPLOYMENT_ID_ = ?           order by  order by RES.ID_ asc       LIMIT ? OFFSET ?
### Cause: org.h2.jdbc.JdbcSQLException: Syntax error in SQL statement &quot;SELECT RES.* 
       
    FROM ACT_RE_PROCDEF RES
     
     WHERE  RES.DEPLOYMENT_ID_ = ? 
   
     ORDER BY  ORDER[*] BY RES.ID_ ASC  
    LIMIT ? OFFSET ? &quot;; expected &quot;=, NOT, EXISTS, INTERSECTS, SELECT, FROM&quot;; SQL statement:
select RES.* 
       
    from ACT_RE_PROCDEF RES
     
     WHERE  RES.DEPLOYMENT_ID_ = ? 
   
     order by  order by RES.ID_ asc  
    LIMIT ? OFFSET ? [42001-176]
	at org.apache.ibatis.exceptions.ExceptionFactory.wrapException(ExceptionFactory.java:30)
	at org.apache.ibatis.session.defaults.DefaultSqlSession.selectList(DefaultSqlSession.java:122)
	at org.apache.ibatis.session.defaults.DefaultSqlSession.selectList(DefaultSqlSession.java:113)
	at org.activiti.engine.impl.db.DbSqlSession.selectListWithRawParameter(DbSqlSession.java:438)
	at org.activiti.engine.impl.db.DbSqlSession.selectList(DbSqlSession.java:429)
	at org.activiti.engine.impl.db.DbSqlSession.selectList(DbSqlSession.java:419)
	at org.activiti.engine.impl.persistence.entity.ProcessDefinitionEntityManager.findProcessDefinitionsByQueryCriteria(ProcessDefinitionEntityManager.java:57)
	at org.activiti.engine.impl.ProcessDefinitionQueryImpl.executeList(ProcessDefinitionQueryImpl.java:307)
	at org.activiti.engine.impl.AbstractQuery.list(AbstractQuery.java:140)
	at org.activiti.engine.impl.persistence.deploy.DeploymentManager.removeDeployment(DeploymentManager.java:187)
	at org.activiti.engine.impl.cmd.DeleteDeploymentCmd.execute(DeleteDeploymentCmd.java:44)
	at org.activiti.engine.impl.cmd.DeleteDeploymentCmd.execute(DeleteDeploymentCmd.java:24)
	at org.activiti.engine.impl.interceptor.CommandInvoker.execute(CommandInvoker.java:24)
	at org.activiti.engine.impl.interceptor.CommandContextInterceptor.execute(CommandContextInterceptor.java:57)
	at org.activiti.engine.impl.interceptor.LogInterceptor.execute(LogInterceptor.java:37)
	at org.activiti.engine.impl.cfg.CommandExecutorImpl.execute(CommandExecutorImpl.java:40)
	at org.activiti.engine.impl.cfg.CommandExecutorImpl.execute(CommandExecutorImpl.java:35)
	at org.activiti.engine.impl.RepositoryServiceImpl.deleteDeployment(RepositoryServiceImpl.java:90)
	at org.activiti.engine.impl.test.TestHelper.annotationDeploymentTearDown(TestHelper.java:116)
	at org.activiti.engine.impl.test.AbstractActivitiTestCase.runBare(AbstractActivitiTestCase.java:116)
	at junit.framework.TestResult$1.protect(TestResult.java:122)
	at junit.framework.TestResult.runProtected(TestResult.java:142)
	at junit.framework.TestResult.run(TestResult.java:125)
	at junit.framework.TestCase.run(TestCase.java:129)
	at junit.framework.TestSuite.runTest(TestSuite.java:255)
	at junit.framework.TestSuite.run(TestSuite.java:250)
	at org.junit.internal.runners.JUnit38ClassRunner.run(JUnit38ClassRunner.java:84)
	at org.apache.maven.surefire.junit4.JUnit4TestSet.execute(JUnit4TestSet.java:35)
	at org.apache.maven.surefire.junit4.JUnit4Provider.executeTestSet(JUnit4Provider.java:146)
	at org.apache.maven.surefire.junit4.JUnit4Provider.invoke(JUnit4Provider.java:97)
	at sun.reflect.NativeMethodAccessorImpl.invoke0(Native Method)
	at sun.reflect.NativeMethodAccessorImpl.invoke(NativeMethodAccessorImpl.java:62)
	at sun.reflect.DelegatingMethodAccessorImpl.invoke(DelegatingMethodAccessorImpl.java:43)
	at java.lang.reflect.Method.invoke(Method.java:498)
	at org.apache.maven.surefire.booter.ProviderFactory$ClassLoaderProxy.invoke(ProviderFactory.java:103)
	at com.sun.proxy.$Proxy0.invoke(Unknown Source)
	at org.apache.maven.surefire.booter.SurefireStarter.invokeProvider(SurefireStarter.java:145)
	at org.apache.maven.surefire.booter.SurefireStarter.runSuitesInProcess(SurefireStarter.java:87)
	at org.apache.maven.surefire.booter.ForkedBooter.main(ForkedBooter.java:69)
Caused by: org.h2.jdbc.JdbcSQLException: Syntax error in SQL statement &quot;SELECT RES.* 
       
    FROM ACT_RE_PROCDEF RES
     
     WHERE  RES.DEPLOYMENT_ID_ = ? 
   
     ORDER BY  ORDER[*] BY RES.ID_ ASC  
    LIMIT ? OFFSET ? &quot;; expected &quot;=, NOT, EXISTS, INTERSECTS, SELECT, FROM&quot;; SQL statement:
select RES.* 
       
    from ACT_RE_PROCDEF RES
     
     WHERE  RES.DEPLOYMENT_ID_ = ? 
   
     order by  order by RES.ID_ asc  
    LIMIT ? OFFSET ? [42001-176]
	at org.h2.message.DbException.getJdbcSQLException(DbException.java:344)
	at org.h2.message.DbException.getSyntaxError(DbException.java:204)
	at org.h2.command.Parser.getSyntaxError(Parser.java:524)
	at org.h2.command.Parser.readTerm(Parser.java:2688)
	at org.h2.command.Parser.readFactor(Parser.java:2244)
	at org.h2.command.Parser.readSum(Parser.java:2231)
	at org.h2.command.Parser.readConcat(Parser.java:2201)
	at org.h2.command.Parser.readCondition(Parser.java:2051)
	at org.h2.command.Parser.readAnd(Parser.java:2023)
	at org.h2.command.Parser.readExpression(Parser.java:2015)
	at org.h2.command.Parser.parseEndOfQuery(Parser.java:1726)
	at org.h2.command.Parser.parseSelectUnionExtension(Parser.java:1706)
	at org.h2.command.Parser.parseSelectUnion(Parser.java:1675)
	at org.h2.command.Parser.parseSelect(Parser.java:1662)
	at org.h2.command.Parser.parsePrepared(Parser.java:434)
	at org.h2.command.Parser.parse(Parser.java:306)
	at org.h2.command.Parser.parse(Parser.java:282)
	at org.h2.command.Parser.prepareCommand(Parser.java:243)
	at org.h2.engine.Session.prepareLocal(Session.java:442)
	at org.h2.engine.Session.prepareCommand(Session.java:384)
	at org.h2.jdbc.JdbcConnection.prepareCommand(JdbcConnection.java:1188)
	at org.h2.jdbc.JdbcPreparedStatement.&lt;init&gt;(JdbcPreparedStatement.java:73)
	at org.h2.jdbc.JdbcConnection.prepareStatement(JdbcConnection.java:276)
	at sun.reflect.GeneratedMethodAccessor6.invoke(Unknown Source)
	at sun.reflect.DelegatingMethodAccessorImpl.invoke(DelegatingMethodAccessorImpl.java:43)
	at java.lang.reflect.Method.invoke(Method.java:498)
	at org.apache.ibatis.datasource.pooled.PooledConnection.invoke(PooledConnection.java:245)
	at com.sun.proxy.$Proxy12.prepareStatement(Unknown Source)
	at sun.reflect.GeneratedMethodAccessor6.invoke(Unknown Source)
	at sun.reflect.DelegatingMethodAccessorImpl.invoke(DelegatingMethodAccessorImpl.java:43)
	at java.lang.reflect.Method.invoke(Method.java:498)
	at org.apache.ibatis.logging.jdbc.ConnectionLogger.invoke(ConnectionLogger.java:55)
	at com.sun.proxy.$Proxy12.prepareStatement(Unknown Source)
	at org.apache.ibatis.executor.statement.PreparedStatementHandler.instantiateStatement(PreparedStatementHandler.java:79)
	at org.apache.ibatis.executor.statement.BaseStatementHandler.prepare(BaseStatementHandler.java:88)
	at org.apache.ibatis.executor.statement.RoutingStatementHandler.prepare(RoutingStatementHandler.java:58)
	at org.apache.ibatis.executor.SimpleExecutor.prepareStatement(SimpleExecutor.java:76)
	at org.apache.ibatis.executor.SimpleExecutor.doQuery(SimpleExecutor.java:61)
	at org.apache.ibatis.executor.BaseExecutor.queryFromDatabase(BaseExecutor.java:303)
	at org.apache.ibatis.executor.BaseExecutor.query(BaseExecutor.java:154)
	at org.apache.ibatis.executor.CachingExecutor.query(CachingExecutor.java:102)
	at org.apache.ibatis.executor.CachingExecutor.query(CachingExecutor.java:82)
	at org.apache.ibatis.session.defaults.DefaultSqlSession.selectList(DefaultSqlSession.java:120)
	... 37 more
</error>
    <system-out>10:47:17,051 [main] DEBUG org.activiti.engine.impl.test.TestHelper  - annotation @Deployment creates deployment for VariableScopeTest.testModeledVariableScope
10:47:17,052 [main] DEBUG org.activiti.engine.impl.interceptor.LogInterceptor  - 

10:47:17,052 [main] DEBUG org.activiti.engine.impl.interceptor.LogInterceptor  - --- starting DeployCmd --------------------------------------------------------
10:47:17,052 [main] DEBUG org.activiti.engine.impl.bpmn.deployer.BpmnDeployer  - Processing deployment VariableScopeTest.testModeledVariableScope
10:47:17,052 [main] INFO  org.activiti.engine.impl.bpmn.deployer.BpmnDeployer  - Processing resource org/activiti/engine/test/db/VariableScopeTest.testModeledVariableScope.bpmn20.xml
10:47:17,058 [main] DEBUG org.activiti.engine.impl.bpmn.parser.handler.ProcessParseHandler  - Parsing process nestedSubProcess
10:47:17,058 [main] DEBUG org.activiti.engine.impl.bpmn.parser.handler.AbstractBpmnParseHandler  - Parsing activity subProcess1
10:47:17,058 [main] DEBUG org.activiti.engine.impl.bpmn.parser.handler.AbstractBpmnParseHandler  - Parsing activity subProcess1Task
10:47:17,058 [main] DEBUG org.activiti.engine.impl.bpmn.parser.handler.AbstractBpmnParseHandler  - Parsing activity subProcess2
10:47:17,058 [main] DEBUG org.activiti.engine.impl.bpmn.parser.handler.AbstractBpmnParseHandler  - Parsing activity subProcess2Task
10:47:17,058 [main] DEBUG org.activiti.engine.impl.bpmn.parser.handler.AbstractBpmnParseHandler  - Parsing activity subProcess2Start
10:47:17,058 [main] DEBUG org.activiti.engine.impl.bpmn.parser.handler.AbstractBpmnParseHandler  - Parsing activity subProcess2End
10:47:17,058 [main] DEBUG org.activiti.engine.impl.bpmn.parser.handler.AbstractBpmnParseHandler  - Parsing activity subProcess3
10:47:17,058 [main] DEBUG org.activiti.engine.impl.bpmn.parser.handler.AbstractBpmnParseHandler  - Parsing activity subProcess3Task
10:47:17,058 [main] DEBUG org.activiti.engine.impl.bpmn.parser.handler.AbstractBpmnParseHandler  - Parsing activity subProcess3Start
10:47:17,058 [main] DEBUG org.activiti.engine.impl.bpmn.parser.handler.AbstractBpmnParseHandler  - Parsing activity subProcess3End
10:47:17,058 [main] DEBUG org.activiti.engine.impl.bpmn.parser.handler.AbstractBpmnParseHandler  - Parsing activity subProcessStart
10:47:17,058 [main] DEBUG org.activiti.engine.impl.bpmn.parser.handler.AbstractBpmnParseHandler  - Parsing activity subProcess1End
10:47:17,058 [main] DEBUG org.activiti.engine.impl.bpmn.parser.handler.AbstractBpmnParseHandler  - Parsing activity theStart
10:47:17,058 [main] DEBUG org.activiti.engine.impl.bpmn.parser.handler.AbstractBpmnParseHandler  - Parsing activity theEnd
10:47:17,058 [main] DEBUG org.apache.ibatis.transaction.jdbc.JdbcTransaction  - Opening JDBC Connection
10:47:17,058 [main] DEBUG org.apache.ibatis.datasource.pooled.PooledDataSource  - Checked out connection 486346394 from pool.
10:47:17,058 [main] DEBUG org.apache.ibatis.transaction.jdbc.JdbcTransaction  - Setting autocommit to false on JDBC Connection [conn6: url=jdbc:h2:mem:activiti user=SA]
10:47:17,059 [main] DEBUG org.activiti.engine.impl.persistence.entity.ProcessDefinitionEntity.selectLatestProcessDefinitionByKey  - ==&gt;  Preparing: select * from ACT_RE_PROCDEF where KEY_ = ? and (TENANT_ID_ = &apos;&apos; or TENANT_ID_ is null) and VERSION_ = (select max(VERSION_) from ACT_RE_PROCDEF where KEY_ = ? and (TENANT_ID_ = &apos;&apos; or TENANT_ID_ is null)) 
10:47:17,059 [main] DEBUG org.activiti.engine.impl.persistence.entity.ProcessDefinitionEntity.selectLatestProcessDefinitionByKey  - ==&gt; Parameters: nestedSubProcess(String), nestedSubProcess(String)
10:47:17,059 [main] DEBUG org.activiti.engine.impl.persistence.entity.ProcessDefinitionEntity.selectLatestProcessDefinitionByKey  - &lt;==      Total: 0
10:47:17,059 [main] DEBUG org.activiti.engine.impl.persistence.entity.JobEntity.selectJobByTypeAndProcessDefinitionKeyNoTenantId  - ==&gt;  Preparing: select J.* from ACT_RU_JOB J inner join ACT_RE_PROCDEF P on J.PROC_DEF_ID_ = P.ID_ where J.HANDLER_TYPE_ = ? and P.KEY_ = ? and (P.TENANT_ID_ = &apos;&apos; or P.TENANT_ID_ is null) 
10:47:17,059 [main] DEBUG org.activiti.engine.impl.persistence.entity.JobEntity.selectJobByTypeAndProcessDefinitionKeyNoTenantId  - ==&gt; Parameters: timer-start-event(String), nestedSubProcess(String)
10:47:17,059 [main] DEBUG org.activiti.engine.impl.persistence.entity.JobEntity.selectJobByTypeAndProcessDefinitionKeyNoTenantId  - &lt;==      Total: 0
10:47:17,059 [main] DEBUG org.activiti.engine.impl.persistence.entity.ProcessDefinitionInfoEntity.selectProcessDefinitionInfoByProcessDefinitionId  - ==&gt;  Preparing: select * from ACT_PROCDEF_INFO where PROC_DEF_ID_ = ? 
10:47:17,059 [main] DEBUG org.activiti.engine.impl.persistence.entity.ProcessDefinitionInfoEntity.selectProcessDefinitionInfoByProcessDefinitionId  - ==&gt; Parameters: nestedSubProcess:1:752(String)
10:47:17,059 [main] DEBUG org.activiti.engine.impl.persistence.entity.ProcessDefinitionInfoEntity.selectProcessDefinitionInfoByProcessDefinitionId  - &lt;==      Total: 0
10:47:17,059 [main] DEBUG org.activiti.engine.impl.interceptor.LogInterceptor  - 

10:47:17,059 [main] DEBUG org.activiti.engine.impl.interceptor.LogInterceptor  - --- starting GetProcessDefinitionInfoCmd --------------------------------------------------------
10:47:17,059 [main] DEBUG org.activiti.engine.impl.interceptor.CommandContextInterceptor  - Valid context found. Reusing it for the current command &apos;org.activiti.engine.impl.cmd.GetProcessDefinitionInfoCmd&apos;
10:47:17,059 [main] DEBUG org.activiti.engine.impl.interceptor.LogInterceptor  - 

10:47:17,059 [main] DEBUG org.activiti.engine.impl.interceptor.LogInterceptor  - --- starting  --------------------------------------------------------
10:47:17,059 [main] DEBUG org.activiti.engine.impl.interceptor.CommandContextInterceptor  - Valid context found. Reusing it for the current command &apos;null&apos;
10:47:17,059 [main] DEBUG org.activiti.engine.impl.interceptor.LogInterceptor  - ---  finished --------------------------------------------------------
10:47:17,059 [main] DEBUG org.activiti.engine.impl.interceptor.LogInterceptor  - 

10:47:17,059 [main] DEBUG org.activiti.engine.impl.interceptor.LogInterceptor  - --- GetProcessDefinitionInfoCmd finished --------------------------------------------------------
10:47:17,059 [main] DEBUG org.activiti.engine.impl.interceptor.LogInterceptor  - 

10:47:17,059 [main] DEBUG org.activiti.engine.impl.db.DbSqlSession  -   insert ResourceEntity[id=751, name=org/activiti/engine/test/db/VariableScopeTest.testModeledVariableScope.bpmn20.xml]
10:47:17,059 [main] DEBUG org.activiti.engine.impl.db.DbSqlSession  -   insert DeploymentEntity[id=750, name=VariableScopeTest.testModeledVariableScope]
10:47:17,059 [main] DEBUG org.activiti.engine.impl.db.DbSqlSession  -   insert ProcessDefinitionEntity[nestedSubProcess:1:752]
10:47:17,060 [main] DEBUG org.activiti.engine.impl.db.DbSqlSession  - flush summary: 3 insert, 0 update, 0 delete.
10:47:17,060 [main] DEBUG org.activiti.engine.impl.db.DbSqlSession  - now executing flush...
10:47:17,060 [main] DEBUG org.activiti.engine.impl.db.DbSqlSession  - inserting: ProcessDefinitionEntity[nestedSubProcess:1:752]
10:47:17,060 [main] DEBUG org.activiti.engine.impl.persistence.entity.ProcessDefinitionEntity.insertProcessDefinition  - ==&gt;  Preparing: insert into ACT_RE_PROCDEF(ID_, REV_, CATEGORY_, NAME_, KEY_, VERSION_, DEPLOYMENT_ID_, RESOURCE_NAME_, DGRM_RESOURCE_NAME_, DESCRIPTION_, HAS_START_FORM_KEY_, HAS_GRAPHICAL_NOTATION_ , SUSPENSION_STATE_, TENANT_ID_) values (?, 1, ?, ?, ?, ?, ?, ?, ?, ?, ?, ?, ?, ?) 
10:47:17,060 [main] DEBUG org.activiti.engine.impl.persistence.entity.ProcessDefinitionEntity.insertProcessDefinition  - ==&gt; Parameters: nestedSubProcess:1:752(String), Examples(String), null, nestedSubProcess(String), 1(Integer), 750(String), org/activiti/engine/test/db/VariableScopeTest.testModeledVariableScope.bpmn20.xml(String), null, null, false(Boolean), false(Boolean), 1(Integer), (String)
10:47:17,060 [main] DEBUG org.activiti.engine.impl.persistence.entity.ProcessDefinitionEntity.insertProcessDefinition  - &lt;==    Updates: 1
10:47:17,060 [main] DEBUG org.activiti.engine.impl.db.DbSqlSession  - inserting: DeploymentEntity[id=750, name=VariableScopeTest.testModeledVariableScope]
10:47:17,060 [main] DEBUG org.activiti.engine.impl.persistence.entity.DeploymentEntity.insertDeployment  - ==&gt;  Preparing: insert into ACT_RE_DEPLOYMENT(ID_, NAME_, CATEGORY_, TENANT_ID_, DEPLOY_TIME_) values(?, ?, ?, ?, ?) 
10:47:17,060 [main] DEBUG org.activiti.engine.impl.persistence.entity.DeploymentEntity.insertDeployment  - ==&gt; Parameters: 750(String), VariableScopeTest.testModeledVariableScope(String), null, (String), 2023-03-21 10:47:16.995(Timestamp)
10:47:17,060 [main] DEBUG org.activiti.engine.impl.persistence.entity.DeploymentEntity.insertDeployment  - &lt;==    Updates: 1
10:47:17,060 [main] DEBUG org.activiti.engine.impl.db.DbSqlSession  - inserting: ResourceEntity[id=751, name=org/activiti/engine/test/db/VariableScopeTest.testModeledVariableScope.bpmn20.xml]
10:47:17,060 [main] DEBUG org.activiti.engine.impl.persistence.entity.ResourceEntity.insertResource  - ==&gt;  Preparing: insert into ACT_GE_BYTEARRAY(ID_, REV_, NAME_, BYTES_, DEPLOYMENT_ID_, GENERATED_) values (?, 1, ?, ?, ?, ?) 
10:47:17,060 [main] DEBUG org.activiti.engine.impl.persistence.entity.ResourceEntity.insertResource  - ==&gt; Parameters: 751(String), org/activiti/engine/test/db/VariableScopeTest.testModeledVariableScope.bpmn20.xml(String), java.io.ByteArrayInputStream@5b71d8bc(ByteArrayInputStream), 750(String), false(Boolean)
10:47:17,060 [main] DEBUG org.activiti.engine.impl.persistence.entity.ResourceEntity.insertResource  - &lt;==    Updates: 1
10:47:17,060 [main] DEBUG org.activiti.engine.impl.cfg.standalone.StandaloneMybatisTransactionContext  - firing event committing...
10:47:17,060 [main] DEBUG org.activiti.engine.impl.cfg.standalone.StandaloneMybatisTransactionContext  - committing the ibatis sql session...
10:47:17,060 [main] DEBUG org.apache.ibatis.transaction.jdbc.JdbcTransaction  - Committing JDBC Connection [conn6: url=jdbc:h2:mem:activiti user=SA]
10:47:17,060 [main] DEBUG org.activiti.engine.impl.cfg.standalone.StandaloneMybatisTransactionContext  - firing event committed...
10:47:17,060 [main] DEBUG org.apache.ibatis.transaction.jdbc.JdbcTransaction  - Resetting autocommit to true on JDBC Connection [conn6: url=jdbc:h2:mem:activiti user=SA]
10:47:17,060 [main] DEBUG org.apache.ibatis.transaction.jdbc.JdbcTransaction  - Closing JDBC Connection [conn6: url=jdbc:h2:mem:activiti user=SA]
10:47:17,060 [main] DEBUG org.apache.ibatis.datasource.pooled.PooledDataSource  - Returned connection 486346394 to pool.
10:47:17,060 [main] DEBUG org.activiti.engine.impl.interceptor.LogInterceptor  - --- DeployCmd finished --------------------------------------------------------
10:47:17,060 [main] DEBUG org.activiti.engine.impl.interceptor.LogInterceptor  - 

10:47:17,060 [main] DEBUG org.activiti.engine.impl.test.PvmTestCase  - 

10:47:17,060 [main] DEBUG org.activiti.engine.impl.test.PvmTestCase  - #### START VariableScopeTest.testModeledVariableScope ###########################################################
10:47:17,060 [main] DEBUG org.activiti.engine.impl.interceptor.LogInterceptor  - 

10:47:17,061 [main] DEBUG org.activiti.engine.impl.interceptor.LogInterceptor  - --- starting StartProcessInstanceCmd --------------------------------------------------------
10:47:17,061 [main] DEBUG org.apache.ibatis.transaction.jdbc.JdbcTransaction  - Opening JDBC Connection
10:47:17,061 [main] DEBUG org.apache.ibatis.datasource.pooled.PooledDataSource  - Checked out connection 297240765 from pool.
10:47:17,061 [main] DEBUG org.apache.ibatis.transaction.jdbc.JdbcTransaction  - Setting autocommit to false on JDBC Connection [conn4: url=jdbc:h2:mem:activiti user=SA]
10:47:17,061 [main] DEBUG org.activiti.engine.impl.persistence.entity.ProcessDefinitionEntity.selectLatestProcessDefinitionByKey  - ==&gt;  Preparing: select * from ACT_RE_PROCDEF where KEY_ = ? and (TENANT_ID_ = &apos;&apos; or TENANT_ID_ is null) and VERSION_ = (select max(VERSION_) from ACT_RE_PROCDEF where KEY_ = ? and (TENANT_ID_ = &apos;&apos; or TENANT_ID_ is null)) 
10:47:17,061 [main] DEBUG org.activiti.engine.impl.persistence.entity.ProcessDefinitionEntity.selectLatestProcessDefinitionByKey  - ==&gt; Parameters: nestedSubProcess(String), nestedSubProcess(String)
10:47:17,061 [main] DEBUG org.activiti.engine.impl.persistence.entity.ProcessDefinitionEntity.selectLatestProcessDefinitionByKey  - &lt;==      Total: 1
10:47:17,061 [main] DEBUG org.activiti.engine.impl.persistence.entity.ExecutionEntity  - initializing ProcessInstance[753]
10:47:17,061 [main] DEBUG org.activiti.engine.impl.history.DefaultHistoryManager  - Current history level: FULL, level required: ACTIVITY
10:47:17,061 [main] DEBUG org.activiti.engine.impl.history.DefaultHistoryManager  - Current history level: FULL, level required: FULL
10:47:17,061 [main] DEBUG org.activiti.engine.impl.persistence.entity.HistoricActivityInstanceEntity.selectHistoricActivityInstancesByQueryCriteria  - ==&gt;  Preparing: select RES.* from ACT_HI_ACTINST RES WHERE RES.EXECUTION_ID_ = ? and RES.ACT_ID_ = ? and RES.END_TIME_ is null order by order by RES.ID_ asc LIMIT ? OFFSET ? 
10:47:17,061 [main] DEBUG org.activiti.engine.impl.interceptor.CommandContext  - Error while closing command context
org.apache.ibatis.exceptions.PersistenceException: 
### Error querying database.  Cause: org.h2.jdbc.JdbcSQLException: Syntax error in SQL statement &quot;SELECT RES.* 
     
    FROM ACT_HI_ACTINST RES
     WHERE  RES.EXECUTION_ID_ = ?
      
      
      
        AND RES.ACT_ID_ = ?
      
      
      
      
      
      
      
      
        AND RES.END_TIME_ IS NULL 
   
     ORDER BY  ORDER[*] BY RES.ID_ ASC  
    LIMIT ? OFFSET ? &quot;; expected &quot;=, NOT, EXISTS, INTERSECTS, SELECT, FROM&quot;; SQL statement:
select RES.* 
     
    from ACT_HI_ACTINST RES
     WHERE  RES.EXECUTION_ID_ = ?
      
      
      
        and RES.ACT_ID_ = ?
      
      
      
      
      
      
      
      
        and RES.END_TIME_ is null 
   
     order by  order by RES.ID_ asc  
    LIMIT ? OFFSET ? [42001-176]
### The error may exist in org/activiti/db/mapping/entity/HistoricActivityInstance.xml
### The error may involve org.activiti.engine.impl.persistence.entity.HistoricActivityInstanceEntity.selectHistoricActivityInstancesByQueryCriteria
### The error occurred while executing a query
### SQL: select RES.*            from ACT_HI_ACTINST RES      WHERE  RES.EXECUTION_ID_ = ?                              and RES.ACT_ID_ = ?                                                                 and RES.END_TIME_ is null           order by  order by RES.ID_ asc       LIMIT ? OFFSET ?
### Cause: org.h2.jdbc.JdbcSQLException: Syntax error in SQL statement &quot;SELECT RES.* 
     
    FROM ACT_HI_ACTINST RES
     WHERE  RES.EXECUTION_ID_ = ?
      
      
      
        AND RES.ACT_ID_ = ?
      
      
      
      
      
      
      
      
        AND RES.END_TIME_ IS NULL 
   
     ORDER BY  ORDER[*] BY RES.ID_ ASC  
    LIMIT ? OFFSET ? &quot;; expected &quot;=, NOT, EXISTS, INTERSECTS, SELECT, FROM&quot;; SQL statement:
select RES.* 
     
    from ACT_HI_ACTINST RES
     WHERE  RES.EXECUTION_ID_ = ?
      
      
      
        and RES.ACT_ID_ = ?
      
      
      
      
      
      
      
      
        and RES.END_TIME_ is null 
   
     order by  order by RES.ID_ asc  
    LIMIT ? OFFSET ? [42001-176]
	at org.apache.ibatis.exceptions.ExceptionFactory.wrapException(ExceptionFactory.java:30)
	at org.apache.ibatis.session.defaults.DefaultSqlSession.selectList(DefaultSqlSession.java:122)
	at org.apache.ibatis.session.defaults.DefaultSqlSession.selectList(DefaultSqlSession.java:113)
	at org.activiti.engine.impl.db.DbSqlSession.selectListWithRawParameter(DbSqlSession.java:438)
	at org.activiti.engine.impl.db.DbSqlSession.selectList(DbSqlSession.java:429)
	at org.activiti.engine.impl.db.DbSqlSession.selectList(DbSqlSession.java:419)
	at org.activiti.engine.impl.persistence.entity.HistoricActivityInstanceEntityManager.findHistoricActivityInstancesByQueryCriteria(HistoricActivityInstanceEntityManager.java:56)
	at org.activiti.engine.impl.HistoricActivityInstanceQueryImpl.executeList(HistoricActivityInstanceQueryImpl.java:70)
	at org.activiti.engine.impl.AbstractQuery.listPage(AbstractQuery.java:151)
	at org.activiti.engine.impl.history.DefaultHistoryManager.findActivityInstance(DefaultHistoryManager.java:355)
	at org.activiti.engine.impl.history.DefaultHistoryManager.recordHistoricDetailVariableCreate(DefaultHistoryManager.java:659)
	at org.activiti.engine.impl.persistence.entity.VariableScopeImpl.createVariableInstance(VariableScopeImpl.java:710)
	at org.activiti.engine.impl.persistence.entity.ExecutionEntity.createVariableInstance(ExecutionEntity.java:1174)
	at org.activiti.engine.impl.persistence.entity.VariableScopeImpl.createVariableLocal(VariableScopeImpl.java:610)
	at org.activiti.engine.impl.persistence.entity.VariableScopeImpl.createVariableLocal(VariableScopeImpl.java:597)
	at org.activiti.engine.impl.persistence.entity.VariableScopeImpl.setVariable(VariableScopeImpl.java:491)
	at org.activiti.engine.impl.persistence.entity.VariableScopeImpl.setVariable(VariableScopeImpl.java:448)
	at org.activiti.engine.impl.persistence.entity.VariableScopeImpl.setVariables(VariableScopeImpl.java:392)
	at org.activiti.engine.impl.persistence.entity.ProcessDefinitionEntity.createProcessInstance(ProcessDefinitionEntity.java:112)
	at org.activiti.engine.impl.persistence.entity.ProcessDefinitionEntity.createProcessInstance(ProcessDefinitionEntity.java:135)
	at org.activiti.engine.impl.cmd.StartProcessInstanceCmd.execute(StartProcessInstanceCmd.java:99)
	at org.activiti.engine.impl.cmd.StartProcessInstanceCmd.execute(StartProcessInstanceCmd.java:37)
	at org.activiti.engine.impl.interceptor.CommandInvoker.execute(CommandInvoker.java:24)
	at org.activiti.engine.impl.interceptor.CommandContextInterceptor.execute(CommandContextInterceptor.java:57)
	at org.activiti.engine.impl.interceptor.LogInterceptor.execute(LogInterceptor.java:37)
	at org.activiti.engine.impl.cfg.CommandExecutorImpl.execute(CommandExecutorImpl.java:40)
	at org.activiti.engine.impl.cfg.CommandExecutorImpl.execute(CommandExecutorImpl.java:35)
	at org.activiti.engine.impl.RuntimeServiceImpl.startProcessInstanceByKey(RuntimeServiceImpl.java:77)
	at org.activiti.engine.test.db.VariableScopeTest.testModeledVariableScope(VariableScopeTest.java:157)
	at sun.reflect.NativeMethodAccessorImpl.invoke0(Native Method)
	at sun.reflect.NativeMethodAccessorImpl.invoke(NativeMethodAccessorImpl.java:62)
	at sun.reflect.DelegatingMethodAccessorImpl.invoke(DelegatingMethodAccessorImpl.java:43)
	at java.lang.reflect.Method.invoke(Method.java:498)
	at junit.framework.TestCase.runTest(TestCase.java:176)
	at org.activiti.engine.impl.test.PvmTestCase.runTest(PvmTestCase.java:65)
	at junit.framework.TestCase.runBare(TestCase.java:141)
	at org.activiti.engine.impl.test.AbstractActivitiTestCase.runBare(AbstractActivitiTestCase.java:100)
	at junit.framework.TestResult$1.protect(TestResult.java:122)
	at junit.framework.TestResult.runProtected(TestResult.java:142)
	at junit.framework.TestResult.run(TestResult.java:125)
	at junit.framework.TestCase.run(TestCase.java:129)
	at junit.framework.TestSuite.runTest(TestSuite.java:255)
	at junit.framework.TestSuite.run(TestSuite.java:250)
	at org.junit.internal.runners.JUnit38ClassRunner.run(JUnit38ClassRunner.java:84)
	at org.apache.maven.surefire.junit4.JUnit4TestSet.execute(JUnit4TestSet.java:35)
	at org.apache.maven.surefire.junit4.JUnit4Provider.executeTestSet(JUnit4Provider.java:146)
	at org.apache.maven.surefire.junit4.JUnit4Provider.invoke(JUnit4Provider.java:97)
	at sun.reflect.NativeMethodAccessorImpl.invoke0(Native Method)
	at sun.reflect.NativeMethodAccessorImpl.invoke(NativeMethodAccessorImpl.java:62)
	at sun.reflect.DelegatingMethodAccessorImpl.invoke(DelegatingMethodAccessorImpl.java:43)
	at java.lang.reflect.Method.invoke(Method.java:498)
	at org.apache.maven.surefire.booter.ProviderFactory$ClassLoaderProxy.invoke(ProviderFactory.java:103)
	at com.sun.proxy.$Proxy0.invoke(Unknown Source)
	at org.apache.maven.surefire.booter.SurefireStarter.invokeProvider(SurefireStarter.java:145)
	at org.apache.maven.surefire.booter.SurefireStarter.runSuitesInProcess(SurefireStarter.java:87)
	at org.apache.maven.surefire.booter.ForkedBooter.main(ForkedBooter.java:69)
Caused by: org.h2.jdbc.JdbcSQLException: Syntax error in SQL statement &quot;SELECT RES.* 
     
    FROM ACT_HI_ACTINST RES
     WHERE  RES.EXECUTION_ID_ = ?
      
      
      
        AND RES.ACT_ID_ = ?
      
      
      
      
      
      
      
      
        AND RES.END_TIME_ IS NULL 
   
     ORDER BY  ORDER[*] BY RES.ID_ ASC  
    LIMIT ? OFFSET ? &quot;; expected &quot;=, NOT, EXISTS, INTERSECTS, SELECT, FROM&quot;; SQL statement:
select RES.* 
     
    from ACT_HI_ACTINST RES
     WHERE  RES.EXECUTION_ID_ = ?
      
      
      
        and RES.ACT_ID_ = ?
      
      
      
      
      
      
      
      
        and RES.END_TIME_ is null 
   
     order by  order by RES.ID_ asc  
    LIMIT ? OFFSET ? [42001-176]
	at org.h2.message.DbException.getJdbcSQLException(DbException.java:344)
	at org.h2.message.DbException.getSyntaxError(DbException.java:204)
	at org.h2.command.Parser.getSyntaxError(Parser.java:524)
	at org.h2.command.Parser.readTerm(Parser.java:2688)
	at org.h2.command.Parser.readFactor(Parser.java:2244)
	at org.h2.command.Parser.readSum(Parser.java:2231)
	at org.h2.command.Parser.readConcat(Parser.java:2201)
	at org.h2.command.Parser.readCondition(Parser.java:2051)
	at org.h2.command.Parser.readAnd(Parser.java:2023)
	at org.h2.command.Parser.readExpression(Parser.java:2015)
	at org.h2.command.Parser.parseEndOfQuery(Parser.java:1726)
	at org.h2.command.Parser.parseSelectUnionExtension(Parser.java:1706)
	at org.h2.command.Parser.parseSelectUnion(Parser.java:1675)
	at org.h2.command.Parser.parseSelect(Parser.java:1662)
	at org.h2.command.Parser.parsePrepared(Parser.java:434)
	at org.h2.command.Parser.parse(Parser.java:306)
	at org.h2.command.Parser.parse(Parser.java:282)
	at org.h2.command.Parser.prepareCommand(Parser.java:243)
	at org.h2.engine.Session.prepareLocal(Session.java:442)
	at org.h2.engine.Session.prepareCommand(Session.java:384)
	at org.h2.jdbc.JdbcConnection.prepareCommand(JdbcConnection.java:1188)
	at org.h2.jdbc.JdbcPreparedStatement.&lt;init&gt;(JdbcPreparedStatement.java:73)
	at org.h2.jdbc.JdbcConnection.prepareStatement(JdbcConnection.java:276)
	at sun.reflect.GeneratedMethodAccessor6.invoke(Unknown Source)
	at sun.reflect.DelegatingMethodAccessorImpl.invoke(DelegatingMethodAccessorImpl.java:43)
	at java.lang.reflect.Method.invoke(Method.java:498)
	at org.apache.ibatis.datasource.pooled.PooledConnection.invoke(PooledConnection.java:245)
	at com.sun.proxy.$Proxy12.prepareStatement(Unknown Source)
	at sun.reflect.GeneratedMethodAccessor6.invoke(Unknown Source)
	at sun.reflect.DelegatingMethodAccessorImpl.invoke(DelegatingMethodAccessorImpl.java:43)
	at java.lang.reflect.Method.invoke(Method.java:498)
	at org.apache.ibatis.logging.jdbc.ConnectionLogger.invoke(ConnectionLogger.java:55)
	at com.sun.proxy.$Proxy12.prepareStatement(Unknown Source)
	at org.apache.ibatis.executor.statement.PreparedStatementHandler.instantiateStatement(PreparedStatementHandler.java:79)
	at org.apache.ibatis.executor.statement.BaseStatementHandler.prepare(BaseStatementHandler.java:88)
	at org.apache.ibatis.executor.statement.RoutingStatementHandler.prepare(RoutingStatementHandler.java:58)
	at org.apache.ibatis.executor.SimpleExecutor.prepareStatement(SimpleExecutor.java:76)
	at org.apache.ibatis.executor.SimpleExecutor.doQuery(SimpleExecutor.java:61)
	at org.apache.ibatis.executor.BaseExecutor.queryFromDatabase(BaseExecutor.java:303)
	at org.apache.ibatis.executor.BaseExecutor.query(BaseExecutor.java:154)
	at org.apache.ibatis.executor.CachingExecutor.query(CachingExecutor.java:102)
	at org.apache.ibatis.executor.CachingExecutor.query(CachingExecutor.java:82)
	at org.apache.ibatis.session.defaults.DefaultSqlSession.selectList(DefaultSqlSession.java:120)
	... 54 more
10:47:17,062 [main] DEBUG org.activiti.engine.impl.cfg.standalone.StandaloneMybatisTransactionContext  - firing event rolling back...
10:47:17,062 [main] DEBUG org.activiti.engine.impl.cfg.standalone.StandaloneMybatisTransactionContext  - rolling back ibatis sql session...
10:47:17,062 [main] DEBUG org.activiti.engine.impl.cfg.standalone.StandaloneMybatisTransactionContext  - firing event rolled back...
10:47:17,062 [main] DEBUG org.apache.ibatis.transaction.jdbc.JdbcTransaction  - Resetting autocommit to true on JDBC Connection [conn4: url=jdbc:h2:mem:activiti user=SA]
10:47:17,062 [main] DEBUG org.apache.ibatis.transaction.jdbc.JdbcTransaction  - Closing JDBC Connection [conn4: url=jdbc:h2:mem:activiti user=SA]
10:47:17,062 [main] DEBUG org.apache.ibatis.datasource.pooled.PooledDataSource  - Returned connection 297240765 to pool.
10:47:17,062 [main] DEBUG org.activiti.engine.impl.interceptor.LogInterceptor  - --- StartProcessInstanceCmd finished --------------------------------------------------------
10:47:17,062 [main] DEBUG org.activiti.engine.impl.interceptor.LogInterceptor  - 

10:47:17,062 [main] ERROR org.activiti.engine.impl.test.PvmTestCase  - 

10:47:17,062 [main] ERROR org.activiti.engine.impl.test.PvmTestCase  - EXCEPTION: org.apache.ibatis.exceptions.PersistenceException: 
### Error querying database.  Cause: org.h2.jdbc.JdbcSQLException: Syntax error in SQL statement &quot;SELECT RES.* 
     
    FROM ACT_HI_ACTINST RES
     WHERE  RES.EXECUTION_ID_ = ?
      
      
      
        AND RES.ACT_ID_ = ?
      
      
      
      
      
      
      
      
        AND RES.END_TIME_ IS NULL 
   
     ORDER BY  ORDER[*] BY RES.ID_ ASC  
    LIMIT ? OFFSET ? &quot;; expected &quot;=, NOT, EXISTS, INTERSECTS, SELECT, FROM&quot;; SQL statement:
select RES.* 
     
    from ACT_HI_ACTINST RES
     WHERE  RES.EXECUTION_ID_ = ?
      
      
      
        and RES.ACT_ID_ = ?
      
      
      
      
      
      
      
      
        and RES.END_TIME_ is null 
   
     order by  order by RES.ID_ asc  
    LIMIT ? OFFSET ? [42001-176]
### The error may exist in org/activiti/db/mapping/entity/HistoricActivityInstance.xml
### The error may involve org.activiti.engine.impl.persistence.entity.HistoricActivityInstanceEntity.selectHistoricActivityInstancesByQueryCriteria
### The error occurred while executing a query
### SQL: select RES.*            from ACT_HI_ACTINST RES      WHERE  RES.EXECUTION_ID_ = ?                              and RES.ACT_ID_ = ?                                                                 and RES.END_TIME_ is null           order by  order by RES.ID_ asc       LIMIT ? OFFSET ?
### Cause: org.h2.jdbc.JdbcSQLException: Syntax error in SQL statement &quot;SELECT RES.* 
     
    FROM ACT_HI_ACTINST RES
     WHERE  RES.EXECUTION_ID_ = ?
      
      
      
        AND RES.ACT_ID_ = ?
      
      
      
      
      
      
      
      
        AND RES.END_TIME_ IS NULL 
   
     ORDER BY  ORDER[*] BY RES.ID_ ASC  
    LIMIT ? OFFSET ? &quot;; expected &quot;=, NOT, EXISTS, INTERSECTS, SELECT, FROM&quot;; SQL statement:
select RES.* 
     
    from ACT_HI_ACTINST RES
     WHERE  RES.EXECUTION_ID_ = ?
      
      
      
        and RES.ACT_ID_ = ?
      
      
      
      
      
      
      
      
        and RES.END_TIME_ is null 
   
     order by  order by RES.ID_ asc  
    LIMIT ? OFFSET ? [42001-176]
org.apache.ibatis.exceptions.PersistenceException: 
### Error querying database.  Cause: org.h2.jdbc.JdbcSQLException: Syntax error in SQL statement &quot;SELECT RES.* 
     
    FROM ACT_HI_ACTINST RES
     WHERE  RES.EXECUTION_ID_ = ?
      
      
      
        AND RES.ACT_ID_ = ?
      
      
      
      
      
      
      
      
        AND RES.END_TIME_ IS NULL 
   
     ORDER BY  ORDER[*] BY RES.ID_ ASC  
    LIMIT ? OFFSET ? &quot;; expected &quot;=, NOT, EXISTS, INTERSECTS, SELECT, FROM&quot;; SQL statement:
select RES.* 
     
    from ACT_HI_ACTINST RES
     WHERE  RES.EXECUTION_ID_ = ?
      
      
      
        and RES.ACT_ID_ = ?
      
      
      
      
      
      
      
      
        and RES.END_TIME_ is null 
   
     order by  order by RES.ID_ asc  
    LIMIT ? OFFSET ? [42001-176]
### The error may exist in org/activiti/db/mapping/entity/HistoricActivityInstance.xml
### The error may involve org.activiti.engine.impl.persistence.entity.HistoricActivityInstanceEntity.selectHistoricActivityInstancesByQueryCriteria
### The error occurred while executing a query
### SQL: select RES.*            from ACT_HI_ACTINST RES      WHERE  RES.EXECUTION_ID_ = ?                              and RES.ACT_ID_ = ?                                                                 and RES.END_TIME_ is null           order by  order by RES.ID_ asc       LIMIT ? OFFSET ?
### Cause: org.h2.jdbc.JdbcSQLException: Syntax error in SQL statement &quot;SELECT RES.* 
     
    FROM ACT_HI_ACTINST RES
     WHERE  RES.EXECUTION_ID_ = ?
      
      
      
        AND RES.ACT_ID_ = ?
      
      
      
      
      
      
      
      
        AND RES.END_TIME_ IS NULL 
   
     ORDER BY  ORDER[*] BY RES.ID_ ASC  
    LIMIT ? OFFSET ? &quot;; expected &quot;=, NOT, EXISTS, INTERSECTS, SELECT, FROM&quot;; SQL statement:
select RES.* 
     
    from ACT_HI_ACTINST RES
     WHERE  RES.EXECUTION_ID_ = ?
      
      
      
        and RES.ACT_ID_ = ?
      
      
      
      
      
      
      
      
        and RES.END_TIME_ is null 
   
     order by  order by RES.ID_ asc  
    LIMIT ? OFFSET ? [42001-176]
	at org.apache.ibatis.exceptions.ExceptionFactory.wrapException(ExceptionFactory.java:30)
	at org.apache.ibatis.session.defaults.DefaultSqlSession.selectList(DefaultSqlSession.java:122)
	at org.apache.ibatis.session.defaults.DefaultSqlSession.selectList(DefaultSqlSession.java:113)
	at org.activiti.engine.impl.db.DbSqlSession.selectListWithRawParameter(DbSqlSession.java:438)
	at org.activiti.engine.impl.db.DbSqlSession.selectList(DbSqlSession.java:429)
	at org.activiti.engine.impl.db.DbSqlSession.selectList(DbSqlSession.java:419)
	at org.activiti.engine.impl.persistence.entity.HistoricActivityInstanceEntityManager.findHistoricActivityInstancesByQueryCriteria(HistoricActivityInstanceEntityManager.java:56)
	at org.activiti.engine.impl.HistoricActivityInstanceQueryImpl.executeList(HistoricActivityInstanceQueryImpl.java:70)
	at org.activiti.engine.impl.AbstractQuery.listPage(AbstractQuery.java:151)
	at org.activiti.engine.impl.history.DefaultHistoryManager.findActivityInstance(DefaultHistoryManager.java:355)
	at org.activiti.engine.impl.history.DefaultHistoryManager.recordHistoricDetailVariableCreate(DefaultHistoryManager.java:659)
	at org.activiti.engine.impl.persistence.entity.VariableScopeImpl.createVariableInstance(VariableScopeImpl.java:710)
	at org.activiti.engine.impl.persistence.entity.ExecutionEntity.createVariableInstance(ExecutionEntity.java:1174)
	at org.activiti.engine.impl.persistence.entity.VariableScopeImpl.createVariableLocal(VariableScopeImpl.java:610)
	at org.activiti.engine.impl.persistence.entity.VariableScopeImpl.createVariableLocal(VariableScopeImpl.java:597)
	at org.activiti.engine.impl.persistence.entity.VariableScopeImpl.setVariable(VariableScopeImpl.java:491)
	at org.activiti.engine.impl.persistence.entity.VariableScopeImpl.setVariable(VariableScopeImpl.java:448)
	at org.activiti.engine.impl.persistence.entity.VariableScopeImpl.setVariables(VariableScopeImpl.java:392)
	at org.activiti.engine.impl.persistence.entity.ProcessDefinitionEntity.createProcessInstance(ProcessDefinitionEntity.java:112)
	at org.activiti.engine.impl.persistence.entity.ProcessDefinitionEntity.createProcessInstance(ProcessDefinitionEntity.java:135)
	at org.activiti.engine.impl.cmd.StartProcessInstanceCmd.execute(StartProcessInstanceCmd.java:99)
	at org.activiti.engine.impl.cmd.StartProcessInstanceCmd.execute(StartProcessInstanceCmd.java:37)
	at org.activiti.engine.impl.interceptor.CommandInvoker.execute(CommandInvoker.java:24)
	at org.activiti.engine.impl.interceptor.CommandContextInterceptor.execute(CommandContextInterceptor.java:57)
	at org.activiti.engine.impl.interceptor.LogInterceptor.execute(LogInterceptor.java:37)
	at org.activiti.engine.impl.cfg.CommandExecutorImpl.execute(CommandExecutorImpl.java:40)
	at org.activiti.engine.impl.cfg.CommandExecutorImpl.execute(CommandExecutorImpl.java:35)
	at org.activiti.engine.impl.RuntimeServiceImpl.startProcessInstanceByKey(RuntimeServiceImpl.java:77)
	at org.activiti.engine.test.db.VariableScopeTest.testModeledVariableScope(VariableScopeTest.java:157)
	at sun.reflect.NativeMethodAccessorImpl.invoke0(Native Method)
	at sun.reflect.NativeMethodAccessorImpl.invoke(NativeMethodAccessorImpl.java:62)
	at sun.reflect.DelegatingMethodAccessorImpl.invoke(DelegatingMethodAccessorImpl.java:43)
	at java.lang.reflect.Method.invoke(Method.java:498)
	at junit.framework.TestCase.runTest(TestCase.java:176)
	at org.activiti.engine.impl.test.PvmTestCase.runTest(PvmTestCase.java:65)
	at junit.framework.TestCase.runBare(TestCase.java:141)
	at org.activiti.engine.impl.test.AbstractActivitiTestCase.runBare(AbstractActivitiTestCase.java:100)
	at junit.framework.TestResult$1.protect(TestResult.java:122)
	at junit.framework.TestResult.runProtected(TestResult.java:142)
	at junit.framework.TestResult.run(TestResult.java:125)
	at junit.framework.TestCase.run(TestCase.java:129)
	at junit.framework.TestSuite.runTest(TestSuite.java:255)
	at junit.framework.TestSuite.run(TestSuite.java:250)
	at org.junit.internal.runners.JUnit38ClassRunner.run(JUnit38ClassRunner.java:84)
	at org.apache.maven.surefire.junit4.JUnit4TestSet.execute(JUnit4TestSet.java:35)
	at org.apache.maven.surefire.junit4.JUnit4Provider.executeTestSet(JUnit4Provider.java:146)
	at org.apache.maven.surefire.junit4.JUnit4Provider.invoke(JUnit4Provider.java:97)
	at sun.reflect.NativeMethodAccessorImpl.invoke0(Native Method)
	at sun.reflect.NativeMethodAccessorImpl.invoke(NativeMethodAccessorImpl.java:62)
	at sun.reflect.DelegatingMethodAccessorImpl.invoke(DelegatingMethodAccessorImpl.java:43)
	at java.lang.reflect.Method.invoke(Method.java:498)
	at org.apache.maven.surefire.booter.ProviderFactory$ClassLoaderProxy.invoke(ProviderFactory.java:103)
	at com.sun.proxy.$Proxy0.invoke(Unknown Source)
	at org.apache.maven.surefire.booter.SurefireStarter.invokeProvider(SurefireStarter.java:145)
	at org.apache.maven.surefire.booter.SurefireStarter.runSuitesInProcess(SurefireStarter.java:87)
	at org.apache.maven.surefire.booter.ForkedBooter.main(ForkedBooter.java:69)
Caused by: org.h2.jdbc.JdbcSQLException: Syntax error in SQL statement &quot;SELECT RES.* 
     
    FROM ACT_HI_ACTINST RES
     WHERE  RES.EXECUTION_ID_ = ?
      
      
      
        AND RES.ACT_ID_ = ?
      
      
      
      
      
      
      
      
        AND RES.END_TIME_ IS NULL 
   
     ORDER BY  ORDER[*] BY RES.ID_ ASC  
    LIMIT ? OFFSET ? &quot;; expected &quot;=, NOT, EXISTS, INTERSECTS, SELECT, FROM&quot;; SQL statement:
select RES.* 
     
    from ACT_HI_ACTINST RES
     WHERE  RES.EXECUTION_ID_ = ?
      
      
      
        and RES.ACT_ID_ = ?
      
      
      
      
      
      
      
      
        and RES.END_TIME_ is null 
   
     order by  order by RES.ID_ asc  
    LIMIT ? OFFSET ? [42001-176]
	at org.h2.message.DbException.getJdbcSQLException(DbException.java:344)
	at org.h2.message.DbException.getSyntaxError(DbException.java:204)
	at org.h2.command.Parser.getSyntaxError(Parser.java:524)
	at org.h2.command.Parser.readTerm(Parser.java:2688)
	at org.h2.command.Parser.readFactor(Parser.java:2244)
	at org.h2.command.Parser.readSum(Parser.java:2231)
	at org.h2.command.Parser.readConcat(Parser.java:2201)
	at org.h2.command.Parser.readCondition(Parser.java:2051)
	at org.h2.command.Parser.readAnd(Parser.java:2023)
	at org.h2.command.Parser.readExpression(Parser.java:2015)
	at org.h2.command.Parser.parseEndOfQuery(Parser.java:1726)
	at org.h2.command.Parser.parseSelectUnionExtension(Parser.java:1706)
	at org.h2.command.Parser.parseSelectUnion(Parser.java:1675)
	at org.h2.command.Parser.parseSelect(Parser.java:1662)
	at org.h2.command.Parser.parsePrepared(Parser.java:434)
	at org.h2.command.Parser.parse(Parser.java:306)
	at org.h2.command.Parser.parse(Parser.java:282)
	at org.h2.command.Parser.prepareCommand(Parser.java:243)
	at org.h2.engine.Session.prepareLocal(Session.java:442)
	at org.h2.engine.Session.prepareCommand(Session.java:384)
	at org.h2.jdbc.JdbcConnection.prepareCommand(JdbcConnection.java:1188)
	at org.h2.jdbc.JdbcPreparedStatement.&lt;init&gt;(JdbcPreparedStatement.java:73)
	at org.h2.jdbc.JdbcConnection.prepareStatement(JdbcConnection.java:276)
	at sun.reflect.GeneratedMethodAccessor6.invoke(Unknown Source)
	at sun.reflect.DelegatingMethodAccessorImpl.invoke(DelegatingMethodAccessorImpl.java:43)
	at java.lang.reflect.Method.invoke(Method.java:498)
	at org.apache.ibatis.datasource.pooled.PooledConnection.invoke(PooledConnection.java:245)
	at com.sun.proxy.$Proxy12.prepareStatement(Unknown Source)
	at sun.reflect.GeneratedMethodAccessor6.invoke(Unknown Source)
	at sun.reflect.DelegatingMethodAccessorImpl.invoke(DelegatingMethodAccessorImpl.java:43)
	at java.lang.reflect.Method.invoke(Method.java:498)
	at org.apache.ibatis.logging.jdbc.ConnectionLogger.invoke(ConnectionLogger.java:55)
	at com.sun.proxy.$Proxy12.prepareStatement(Unknown Source)
	at org.apache.ibatis.executor.statement.PreparedStatementHandler.instantiateStatement(PreparedStatementHandler.java:79)
	at org.apache.ibatis.executor.statement.BaseStatementHandler.prepare(BaseStatementHandler.java:88)
	at org.apache.ibatis.executor.statement.RoutingStatementHandler.prepare(RoutingStatementHandler.java:58)
	at org.apache.ibatis.executor.SimpleExecutor.prepareStatement(SimpleExecutor.java:76)
	at org.apache.ibatis.executor.SimpleExecutor.doQuery(SimpleExecutor.java:61)
	at org.apache.ibatis.executor.BaseExecutor.queryFromDatabase(BaseExecutor.java:303)
	at org.apache.ibatis.executor.BaseExecutor.query(BaseExecutor.java:154)
	at org.apache.ibatis.executor.CachingExecutor.query(CachingExecutor.java:102)
	at org.apache.ibatis.executor.CachingExecutor.query(CachingExecutor.java:82)
	at org.apache.ibatis.session.defaults.DefaultSqlSession.selectList(DefaultSqlSession.java:120)
	... 54 more
10:47:17,062 [main] DEBUG org.activiti.engine.impl.test.PvmTestCase  - #### END VariableScopeTest.testModeledVariableScope #############################################################
10:47:17,062 [main] ERROR org.activiti.engine.impl.test.PvmTestCase  - 

10:47:17,062 [main] ERROR org.activiti.engine.impl.test.PvmTestCase  - EXCEPTION: org.apache.ibatis.exceptions.PersistenceException: 
### Error querying database.  Cause: org.h2.jdbc.JdbcSQLException: Syntax error in SQL statement &quot;SELECT RES.* 
     
    FROM ACT_HI_ACTINST RES
     WHERE  RES.EXECUTION_ID_ = ?
      
      
      
        AND RES.ACT_ID_ = ?
      
      
      
      
      
      
      
      
        AND RES.END_TIME_ IS NULL 
   
     ORDER BY  ORDER[*] BY RES.ID_ ASC  
    LIMIT ? OFFSET ? &quot;; expected &quot;=, NOT, EXISTS, INTERSECTS, SELECT, FROM&quot;; SQL statement:
select RES.* 
     
    from ACT_HI_ACTINST RES
     WHERE  RES.EXECUTION_ID_ = ?
      
      
      
        and RES.ACT_ID_ = ?
      
      
      
      
      
      
      
      
        and RES.END_TIME_ is null 
   
     order by  order by RES.ID_ asc  
    LIMIT ? OFFSET ? [42001-176]
### The error may exist in org/activiti/db/mapping/entity/HistoricActivityInstance.xml
### The error may involve org.activiti.engine.impl.persistence.entity.HistoricActivityInstanceEntity.selectHistoricActivityInstancesByQueryCriteria
### The error occurred while executing a query
### SQL: select RES.*            from ACT_HI_ACTINST RES      WHERE  RES.EXECUTION_ID_ = ?                              and RES.ACT_ID_ = ?                                                                 and RES.END_TIME_ is null           order by  order by RES.ID_ asc       LIMIT ? OFFSET ?
### Cause: org.h2.jdbc.JdbcSQLException: Syntax error in SQL statement &quot;SELECT RES.* 
     
    FROM ACT_HI_ACTINST RES
     WHERE  RES.EXECUTION_ID_ = ?
      
      
      
        AND RES.ACT_ID_ = ?
      
      
      
      
      
      
      
      
        AND RES.END_TIME_ IS NULL 
   
     ORDER BY  ORDER[*] BY RES.ID_ ASC  
    LIMIT ? OFFSET ? &quot;; expected &quot;=, NOT, EXISTS, INTERSECTS, SELECT, FROM&quot;; SQL statement:
select RES.* 
     
    from ACT_HI_ACTINST RES
     WHERE  RES.EXECUTION_ID_ = ?
      
      
      
        and RES.ACT_ID_ = ?
      
      
      
      
      
      
      
      
        and RES.END_TIME_ is null 
   
     order by  order by RES.ID_ asc  
    LIMIT ? OFFSET ? [42001-176]
org.apache.ibatis.exceptions.PersistenceException: 
### Error querying database.  Cause: org.h2.jdbc.JdbcSQLException: Syntax error in SQL statement &quot;SELECT RES.* 
     
    FROM ACT_HI_ACTINST RES
     WHERE  RES.EXECUTION_ID_ = ?
      
      
      
        AND RES.ACT_ID_ = ?
      
      
      
      
      
      
      
      
        AND RES.END_TIME_ IS NULL 
   
     ORDER BY  ORDER[*] BY RES.ID_ ASC  
    LIMIT ? OFFSET ? &quot;; expected &quot;=, NOT, EXISTS, INTERSECTS, SELECT, FROM&quot;; SQL statement:
select RES.* 
     
    from ACT_HI_ACTINST RES
     WHERE  RES.EXECUTION_ID_ = ?
      
      
      
        and RES.ACT_ID_ = ?
      
      
      
      
      
      
      
      
        and RES.END_TIME_ is null 
   
     order by  order by RES.ID_ asc  
    LIMIT ? OFFSET ? [42001-176]
### The error may exist in org/activiti/db/mapping/entity/HistoricActivityInstance.xml
### The error may involve org.activiti.engine.impl.persistence.entity.HistoricActivityInstanceEntity.selectHistoricActivityInstancesByQueryCriteria
### The error occurred while executing a query
### SQL: select RES.*            from ACT_HI_ACTINST RES      WHERE  RES.EXECUTION_ID_ = ?                              and RES.ACT_ID_ = ?                                                                 and RES.END_TIME_ is null           order by  order by RES.ID_ asc       LIMIT ? OFFSET ?
### Cause: org.h2.jdbc.JdbcSQLException: Syntax error in SQL statement &quot;SELECT RES.* 
     
    FROM ACT_HI_ACTINST RES
     WHERE  RES.EXECUTION_ID_ = ?
      
      
      
        AND RES.ACT_ID_ = ?
      
      
      
      
      
      
      
      
        AND RES.END_TIME_ IS NULL 
   
     ORDER BY  ORDER[*] BY RES.ID_ ASC  
    LIMIT ? OFFSET ? &quot;; expected &quot;=, NOT, EXISTS, INTERSECTS, SELECT, FROM&quot;; SQL statement:
select RES.* 
     
    from ACT_HI_ACTINST RES
     WHERE  RES.EXECUTION_ID_ = ?
      
      
      
        and RES.ACT_ID_ = ?
      
      
      
      
      
      
      
      
        and RES.END_TIME_ is null 
   
     order by  order by RES.ID_ asc  
    LIMIT ? OFFSET ? [42001-176]
	at org.apache.ibatis.exceptions.ExceptionFactory.wrapException(ExceptionFactory.java:30)
	at org.apache.ibatis.session.defaults.DefaultSqlSession.selectList(DefaultSqlSession.java:122)
	at org.apache.ibatis.session.defaults.DefaultSqlSession.selectList(DefaultSqlSession.java:113)
	at org.activiti.engine.impl.db.DbSqlSession.selectListWithRawParameter(DbSqlSession.java:438)
	at org.activiti.engine.impl.db.DbSqlSession.selectList(DbSqlSession.java:429)
	at org.activiti.engine.impl.db.DbSqlSession.selectList(DbSqlSession.java:419)
	at org.activiti.engine.impl.persistence.entity.HistoricActivityInstanceEntityManager.findHistoricActivityInstancesByQueryCriteria(HistoricActivityInstanceEntityManager.java:56)
	at org.activiti.engine.impl.HistoricActivityInstanceQueryImpl.executeList(HistoricActivityInstanceQueryImpl.java:70)
	at org.activiti.engine.impl.AbstractQuery.listPage(AbstractQuery.java:151)
	at org.activiti.engine.impl.history.DefaultHistoryManager.findActivityInstance(DefaultHistoryManager.java:355)
	at org.activiti.engine.impl.history.DefaultHistoryManager.recordHistoricDetailVariableCreate(DefaultHistoryManager.java:659)
	at org.activiti.engine.impl.persistence.entity.VariableScopeImpl.createVariableInstance(VariableScopeImpl.java:710)
	at org.activiti.engine.impl.persistence.entity.ExecutionEntity.createVariableInstance(ExecutionEntity.java:1174)
	at org.activiti.engine.impl.persistence.entity.VariableScopeImpl.createVariableLocal(VariableScopeImpl.java:610)
	at org.activiti.engine.impl.persistence.entity.VariableScopeImpl.createVariableLocal(VariableScopeImpl.java:597)
	at org.activiti.engine.impl.persistence.entity.VariableScopeImpl.setVariable(VariableScopeImpl.java:491)
	at org.activiti.engine.impl.persistence.entity.VariableScopeImpl.setVariable(VariableScopeImpl.java:448)
	at org.activiti.engine.impl.persistence.entity.VariableScopeImpl.setVariables(VariableScopeImpl.java:392)
	at org.activiti.engine.impl.persistence.entity.ProcessDefinitionEntity.createProcessInstance(ProcessDefinitionEntity.java:112)
	at org.activiti.engine.impl.persistence.entity.ProcessDefinitionEntity.createProcessInstance(ProcessDefinitionEntity.java:135)
	at org.activiti.engine.impl.cmd.StartProcessInstanceCmd.execute(StartProcessInstanceCmd.java:99)
	at org.activiti.engine.impl.cmd.StartProcessInstanceCmd.execute(StartProcessInstanceCmd.java:37)
	at org.activiti.engine.impl.interceptor.CommandInvoker.execute(CommandInvoker.java:24)
	at org.activiti.engine.impl.interceptor.CommandContextInterceptor.execute(CommandContextInterceptor.java:57)
	at org.activiti.engine.impl.interceptor.LogInterceptor.execute(LogInterceptor.java:37)
	at org.activiti.engine.impl.cfg.CommandExecutorImpl.execute(CommandExecutorImpl.java:40)
	at org.activiti.engine.impl.cfg.CommandExecutorImpl.execute(CommandExecutorImpl.java:35)
	at org.activiti.engine.impl.RuntimeServiceImpl.startProcessInstanceByKey(RuntimeServiceImpl.java:77)
	at org.activiti.engine.test.db.VariableScopeTest.testModeledVariableScope(VariableScopeTest.java:157)
	at sun.reflect.NativeMethodAccessorImpl.invoke0(Native Method)
	at sun.reflect.NativeMethodAccessorImpl.invoke(NativeMethodAccessorImpl.java:62)
	at sun.reflect.DelegatingMethodAccessorImpl.invoke(DelegatingMethodAccessorImpl.java:43)
	at java.lang.reflect.Method.invoke(Method.java:498)
	at junit.framework.TestCase.runTest(TestCase.java:176)
	at org.activiti.engine.impl.test.PvmTestCase.runTest(PvmTestCase.java:65)
	at junit.framework.TestCase.runBare(TestCase.java:141)
	at org.activiti.engine.impl.test.AbstractActivitiTestCase.runBare(AbstractActivitiTestCase.java:100)
	at junit.framework.TestResult$1.protect(TestResult.java:122)
	at junit.framework.TestResult.runProtected(TestResult.java:142)
	at junit.framework.TestResult.run(TestResult.java:125)
	at junit.framework.TestCase.run(TestCase.java:129)
	at junit.framework.TestSuite.runTest(TestSuite.java:255)
	at junit.framework.TestSuite.run(TestSuite.java:250)
	at org.junit.internal.runners.JUnit38ClassRunner.run(JUnit38ClassRunner.java:84)
	at org.apache.maven.surefire.junit4.JUnit4TestSet.execute(JUnit4TestSet.java:35)
	at org.apache.maven.surefire.junit4.JUnit4Provider.executeTestSet(JUnit4Provider.java:146)
	at org.apache.maven.surefire.junit4.JUnit4Provider.invoke(JUnit4Provider.java:97)
	at sun.reflect.NativeMethodAccessorImpl.invoke0(Native Method)
	at sun.reflect.NativeMethodAccessorImpl.invoke(NativeMethodAccessorImpl.java:62)
	at sun.reflect.DelegatingMethodAccessorImpl.invoke(DelegatingMethodAccessorImpl.java:43)
	at java.lang.reflect.Method.invoke(Method.java:498)
	at org.apache.maven.surefire.booter.ProviderFactory$ClassLoaderProxy.invoke(ProviderFactory.java:103)
	at com.sun.proxy.$Proxy0.invoke(Unknown Source)
	at org.apache.maven.surefire.booter.SurefireStarter.invokeProvider(SurefireStarter.java:145)
	at org.apache.maven.surefire.booter.SurefireStarter.runSuitesInProcess(SurefireStarter.java:87)
	at org.apache.maven.surefire.booter.ForkedBooter.main(ForkedBooter.java:69)
Caused by: org.h2.jdbc.JdbcSQLException: Syntax error in SQL statement &quot;SELECT RES.* 
     
    FROM ACT_HI_ACTINST RES
     WHERE  RES.EXECUTION_ID_ = ?
      
      
      
        AND RES.ACT_ID_ = ?
      
      
      
      
      
      
      
      
        AND RES.END_TIME_ IS NULL 
   
     ORDER BY  ORDER[*] BY RES.ID_ ASC  
    LIMIT ? OFFSET ? &quot;; expected &quot;=, NOT, EXISTS, INTERSECTS, SELECT, FROM&quot;; SQL statement:
select RES.* 
     
    from ACT_HI_ACTINST RES
     WHERE  RES.EXECUTION_ID_ = ?
      
      
      
        and RES.ACT_ID_ = ?
      
      
      
      
      
      
      
      
        and RES.END_TIME_ is null 
   
     order by  order by RES.ID_ asc  
    LIMIT ? OFFSET ? [42001-176]
	at org.h2.message.DbException.getJdbcSQLException(DbException.java:344)
	at org.h2.message.DbException.getSyntaxError(DbException.java:204)
	at org.h2.command.Parser.getSyntaxError(Parser.java:524)
	at org.h2.command.Parser.readTerm(Parser.java:2688)
	at org.h2.command.Parser.readFactor(Parser.java:2244)
	at org.h2.command.Parser.readSum(Parser.java:2231)
	at org.h2.command.Parser.readConcat(Parser.java:2201)
	at org.h2.command.Parser.readCondition(Parser.java:2051)
	at org.h2.command.Parser.readAnd(Parser.java:2023)
	at org.h2.command.Parser.readExpression(Parser.java:2015)
	at org.h2.command.Parser.parseEndOfQuery(Parser.java:1726)
	at org.h2.command.Parser.parseSelectUnionExtension(Parser.java:1706)
	at org.h2.command.Parser.parseSelectUnion(Parser.java:1675)
	at org.h2.command.Parser.parseSelect(Parser.java:1662)
	at org.h2.command.Parser.parsePrepared(Parser.java:434)
	at org.h2.command.Parser.parse(Parser.java:306)
	at org.h2.command.Parser.parse(Parser.java:282)
	at org.h2.command.Parser.prepareCommand(Parser.java:243)
	at org.h2.engine.Session.prepareLocal(Session.java:442)
	at org.h2.engine.Session.prepareCommand(Session.java:384)
	at org.h2.jdbc.JdbcConnection.prepareCommand(JdbcConnection.java:1188)
	at org.h2.jdbc.JdbcPreparedStatement.&lt;init&gt;(JdbcPreparedStatement.java:73)
	at org.h2.jdbc.JdbcConnection.prepareStatement(JdbcConnection.java:276)
	at sun.reflect.GeneratedMethodAccessor6.invoke(Unknown Source)
	at sun.reflect.DelegatingMethodAccessorImpl.invoke(DelegatingMethodAccessorImpl.java:43)
	at java.lang.reflect.Method.invoke(Method.java:498)
	at org.apache.ibatis.datasource.pooled.PooledConnection.invoke(PooledConnection.java:245)
	at com.sun.proxy.$Proxy12.prepareStatement(Unknown Source)
	at sun.reflect.GeneratedMethodAccessor6.invoke(Unknown Source)
	at sun.reflect.DelegatingMethodAccessorImpl.invoke(DelegatingMethodAccessorImpl.java:43)
	at java.lang.reflect.Method.invoke(Method.java:498)
	at org.apache.ibatis.logging.jdbc.ConnectionLogger.invoke(ConnectionLogger.java:55)
	at com.sun.proxy.$Proxy12.prepareStatement(Unknown Source)
	at org.apache.ibatis.executor.statement.PreparedStatementHandler.instantiateStatement(PreparedStatementHandler.java:79)
	at org.apache.ibatis.executor.statement.BaseStatementHandler.prepare(BaseStatementHandler.java:88)
	at org.apache.ibatis.executor.statement.RoutingStatementHandler.prepare(RoutingStatementHandler.java:58)
	at org.apache.ibatis.executor.SimpleExecutor.prepareStatement(SimpleExecutor.java:76)
	at org.apache.ibatis.executor.SimpleExecutor.doQuery(SimpleExecutor.java:61)
	at org.apache.ibatis.executor.BaseExecutor.queryFromDatabase(BaseExecutor.java:303)
	at org.apache.ibatis.executor.BaseExecutor.query(BaseExecutor.java:154)
	at org.apache.ibatis.executor.CachingExecutor.query(CachingExecutor.java:102)
	at org.apache.ibatis.executor.CachingExecutor.query(CachingExecutor.java:82)
	at org.apache.ibatis.session.defaults.DefaultSqlSession.selectList(DefaultSqlSession.java:120)
	... 54 more
10:47:17,062 [main] DEBUG org.activiti.engine.impl.test.TestHelper  - annotation @Deployment deletes deployment for VariableScopeTest.testModeledVariableScope
10:47:17,062 [main] DEBUG org.activiti.engine.impl.interceptor.LogInterceptor  - 

10:47:17,062 [main] DEBUG org.activiti.engine.impl.interceptor.LogInterceptor  - --- starting DeleteDeploymentCmd --------------------------------------------------------
10:47:17,062 [main] DEBUG org.apache.ibatis.transaction.jdbc.JdbcTransaction  - Opening JDBC Connection
10:47:17,062 [main] DEBUG org.apache.ibatis.datasource.pooled.PooledDataSource  - Checked out connection 363509958 from pool.
10:47:17,063 [main] DEBUG org.apache.ibatis.transaction.jdbc.JdbcTransaction  - Setting autocommit to false on JDBC Connection [conn2: url=jdbc:h2:mem:activiti user=SA]
10:47:17,063 [main] DEBUG org.activiti.engine.impl.persistence.entity.DeploymentEntity.selectDeploymentById  - ==&gt;  Preparing: select * from ACT_RE_DEPLOYMENT where ID_ = ? 
10:47:17,063 [main] DEBUG org.activiti.engine.impl.persistence.entity.DeploymentEntity.selectDeploymentById  - ==&gt; Parameters: 750(String)
10:47:17,063 [main] DEBUG org.activiti.engine.impl.persistence.entity.DeploymentEntity.selectDeploymentById  - &lt;==      Total: 1
10:47:17,063 [main] DEBUG org.activiti.engine.impl.persistence.entity.ProcessDefinitionEntity.selectProcessDefinitionsByQueryCriteria  - ==&gt;  Preparing: select RES.* from ACT_RE_PROCDEF RES WHERE RES.DEPLOYMENT_ID_ = ? order by order by RES.ID_ asc LIMIT ? OFFSET ? 
10:47:17,063 [main] DEBUG org.activiti.engine.impl.interceptor.CommandContext  - Error while closing command context
org.apache.ibatis.exceptions.PersistenceException: 
### Error querying database.  Cause: org.h2.jdbc.JdbcSQLException: Syntax error in SQL statement &quot;SELECT RES.* 
       
    FROM ACT_RE_PROCDEF RES
     
     WHERE  RES.DEPLOYMENT_ID_ = ? 
   
     ORDER BY  ORDER[*] BY RES.ID_ ASC  
    LIMIT ? OFFSET ? &quot;; expected &quot;=, NOT, EXISTS, INTERSECTS, SELECT, FROM&quot;; SQL statement:
select RES.* 
       
    from ACT_RE_PROCDEF RES
     
     WHERE  RES.DEPLOYMENT_ID_ = ? 
   
     order by  order by RES.ID_ asc  
    LIMIT ? OFFSET ? [42001-176]
### The error may exist in org/activiti/db/mapping/entity/ProcessDefinition.xml
### The error may involve org.activiti.engine.impl.persistence.entity.ProcessDefinitionEntity.selectProcessDefinitionsByQueryCriteria
### The error occurred while executing a query
### SQL: select RES.*              from ACT_RE_PROCDEF RES            WHERE  RES.DEPLOYMENT_ID_ = ?           order by  order by RES.ID_ asc       LIMIT ? OFFSET ?
### Cause: org.h2.jdbc.JdbcSQLException: Syntax error in SQL statement &quot;SELECT RES.* 
       
    FROM ACT_RE_PROCDEF RES
     
     WHERE  RES.DEPLOYMENT_ID_ = ? 
   
     ORDER BY  ORDER[*] BY RES.ID_ ASC  
    LIMIT ? OFFSET ? &quot;; expected &quot;=, NOT, EXISTS, INTERSECTS, SELECT, FROM&quot;; SQL statement:
select RES.* 
       
    from ACT_RE_PROCDEF RES
     
     WHERE  RES.DEPLOYMENT_ID_ = ? 
   
     order by  order by RES.ID_ asc  
    LIMIT ? OFFSET ? [42001-176]
	at org.apache.ibatis.exceptions.ExceptionFactory.wrapException(ExceptionFactory.java:30)
	at org.apache.ibatis.session.defaults.DefaultSqlSession.selectList(DefaultSqlSession.java:122)
	at org.apache.ibatis.session.defaults.DefaultSqlSession.selectList(DefaultSqlSession.java:113)
	at org.activiti.engine.impl.db.DbSqlSession.selectListWithRawParameter(DbSqlSession.java:438)
	at org.activiti.engine.impl.db.DbSqlSession.selectList(DbSqlSession.java:429)
	at org.activiti.engine.impl.db.DbSqlSession.selectList(DbSqlSession.java:419)
	at org.activiti.engine.impl.persistence.entity.ProcessDefinitionEntityManager.findProcessDefinitionsByQueryCriteria(ProcessDefinitionEntityManager.java:57)
	at org.activiti.engine.impl.ProcessDefinitionQueryImpl.executeList(ProcessDefinitionQueryImpl.java:307)
	at org.activiti.engine.impl.AbstractQuery.list(AbstractQuery.java:140)
	at org.activiti.engine.impl.persistence.deploy.DeploymentManager.removeDeployment(DeploymentManager.java:187)
	at org.activiti.engine.impl.cmd.DeleteDeploymentCmd.execute(DeleteDeploymentCmd.java:44)
	at org.activiti.engine.impl.cmd.DeleteDeploymentCmd.execute(DeleteDeploymentCmd.java:24)
	at org.activiti.engine.impl.interceptor.CommandInvoker.execute(CommandInvoker.java:24)
	at org.activiti.engine.impl.interceptor.CommandContextInterceptor.execute(CommandContextInterceptor.java:57)
	at org.activiti.engine.impl.interceptor.LogInterceptor.execute(LogInterceptor.java:37)
	at org.activiti.engine.impl.cfg.CommandExecutorImpl.execute(CommandExecutorImpl.java:40)
	at org.activiti.engine.impl.cfg.CommandExecutorImpl.execute(CommandExecutorImpl.java:35)
	at org.activiti.engine.impl.RepositoryServiceImpl.deleteDeployment(RepositoryServiceImpl.java:90)
	at org.activiti.engine.impl.test.TestHelper.annotationDeploymentTearDown(TestHelper.java:116)
	at org.activiti.engine.impl.test.AbstractActivitiTestCase.runBare(AbstractActivitiTestCase.java:116)
	at junit.framework.TestResult$1.protect(TestResult.java:122)
	at junit.framework.TestResult.runProtected(TestResult.java:142)
	at junit.framework.TestResult.run(TestResult.java:125)
	at junit.framework.TestCase.run(TestCase.java:129)
	at junit.framework.TestSuite.runTest(TestSuite.java:255)
	at junit.framework.TestSuite.run(TestSuite.java:250)
	at org.junit.internal.runners.JUnit38ClassRunner.run(JUnit38ClassRunner.java:84)
	at org.apache.maven.surefire.junit4.JUnit4TestSet.execute(JUnit4TestSet.java:35)
	at org.apache.maven.surefire.junit4.JUnit4Provider.executeTestSet(JUnit4Provider.java:146)
	at org.apache.maven.surefire.junit4.JUnit4Provider.invoke(JUnit4Provider.java:97)
	at sun.reflect.NativeMethodAccessorImpl.invoke0(Native Method)
	at sun.reflect.NativeMethodAccessorImpl.invoke(NativeMethodAccessorImpl.java:62)
	at sun.reflect.DelegatingMethodAccessorImpl.invoke(DelegatingMethodAccessorImpl.java:43)
	at java.lang.reflect.Method.invoke(Method.java:498)
	at org.apache.maven.surefire.booter.ProviderFactory$ClassLoaderProxy.invoke(ProviderFactory.java:103)
	at com.sun.proxy.$Proxy0.invoke(Unknown Source)
	at org.apache.maven.surefire.booter.SurefireStarter.invokeProvider(SurefireStarter.java:145)
	at org.apache.maven.surefire.booter.SurefireStarter.runSuitesInProcess(SurefireStarter.java:87)
	at org.apache.maven.surefire.booter.ForkedBooter.main(ForkedBooter.java:69)
Caused by: org.h2.jdbc.JdbcSQLException: Syntax error in SQL statement &quot;SELECT RES.* 
       
    FROM ACT_RE_PROCDEF RES
     
     WHERE  RES.DEPLOYMENT_ID_ = ? 
   
     ORDER BY  ORDER[*] BY RES.ID_ ASC  
    LIMIT ? OFFSET ? &quot;; expected &quot;=, NOT, EXISTS, INTERSECTS, SELECT, FROM&quot;; SQL statement:
select RES.* 
       
    from ACT_RE_PROCDEF RES
     
     WHERE  RES.DEPLOYMENT_ID_ = ? 
   
     order by  order by RES.ID_ asc  
    LIMIT ? OFFSET ? [42001-176]
	at org.h2.message.DbException.getJdbcSQLException(DbException.java:344)
	at org.h2.message.DbException.getSyntaxError(DbException.java:204)
	at org.h2.command.Parser.getSyntaxError(Parser.java:524)
	at org.h2.command.Parser.readTerm(Parser.java:2688)
	at org.h2.command.Parser.readFactor(Parser.java:2244)
	at org.h2.command.Parser.readSum(Parser.java:2231)
	at org.h2.command.Parser.readConcat(Parser.java:2201)
	at org.h2.command.Parser.readCondition(Parser.java:2051)
	at org.h2.command.Parser.readAnd(Parser.java:2023)
	at org.h2.command.Parser.readExpression(Parser.java:2015)
	at org.h2.command.Parser.parseEndOfQuery(Parser.java:1726)
	at org.h2.command.Parser.parseSelectUnionExtension(Parser.java:1706)
	at org.h2.command.Parser.parseSelectUnion(Parser.java:1675)
	at org.h2.command.Parser.parseSelect(Parser.java:1662)
	at org.h2.command.Parser.parsePrepared(Parser.java:434)
	at org.h2.command.Parser.parse(Parser.java:306)
	at org.h2.command.Parser.parse(Parser.java:282)
	at org.h2.command.Parser.prepareCommand(Parser.java:243)
	at org.h2.engine.Session.prepareLocal(Session.java:442)
	at org.h2.engine.Session.prepareCommand(Session.java:384)
	at org.h2.jdbc.JdbcConnection.prepareCommand(JdbcConnection.java:1188)
	at org.h2.jdbc.JdbcPreparedStatement.&lt;init&gt;(JdbcPreparedStatement.java:73)
	at org.h2.jdbc.JdbcConnection.prepareStatement(JdbcConnection.java:276)
	at sun.reflect.GeneratedMethodAccessor6.invoke(Unknown Source)
	at sun.reflect.DelegatingMethodAccessorImpl.invoke(DelegatingMethodAccessorImpl.java:43)
	at java.lang.reflect.Method.invoke(Method.java:498)
	at org.apache.ibatis.datasource.pooled.PooledConnection.invoke(PooledConnection.java:245)
	at com.sun.proxy.$Proxy12.prepareStatement(Unknown Source)
	at sun.reflect.GeneratedMethodAccessor6.invoke(Unknown Source)
	at sun.reflect.DelegatingMethodAccessorImpl.invoke(DelegatingMethodAccessorImpl.java:43)
	at java.lang.reflect.Method.invoke(Method.java:498)
	at org.apache.ibatis.logging.jdbc.ConnectionLogger.invoke(ConnectionLogger.java:55)
	at com.sun.proxy.$Proxy12.prepareStatement(Unknown Source)
	at org.apache.ibatis.executor.statement.PreparedStatementHandler.instantiateStatement(PreparedStatementHandler.java:79)
	at org.apache.ibatis.executor.statement.BaseStatementHandler.prepare(BaseStatementHandler.java:88)
	at org.apache.ibatis.executor.statement.RoutingStatementHandler.prepare(RoutingStatementHandler.java:58)
	at org.apache.ibatis.executor.SimpleExecutor.prepareStatement(SimpleExecutor.java:76)
	at org.apache.ibatis.executor.SimpleExecutor.doQuery(SimpleExecutor.java:61)
	at org.apache.ibatis.executor.BaseExecutor.queryFromDatabase(BaseExecutor.java:303)
	at org.apache.ibatis.executor.BaseExecutor.query(BaseExecutor.java:154)
	at org.apache.ibatis.executor.CachingExecutor.query(CachingExecutor.java:102)
	at org.apache.ibatis.executor.CachingExecutor.query(CachingExecutor.java:82)
	at org.apache.ibatis.session.defaults.DefaultSqlSession.selectList(DefaultSqlSession.java:120)
	... 37 more
10:47:17,063 [main] DEBUG org.activiti.engine.impl.cfg.standalone.StandaloneMybatisTransactionContext  - firing event rolling back...
10:47:17,063 [main] DEBUG org.activiti.engine.impl.cfg.standalone.StandaloneMybatisTransactionContext  - rolling back ibatis sql session...
10:47:17,063 [main] DEBUG org.activiti.engine.impl.cfg.standalone.StandaloneMybatisTransactionContext  - firing event rolled back...
10:47:17,063 [main] DEBUG org.apache.ibatis.transaction.jdbc.JdbcTransaction  - Resetting autocommit to true on JDBC Connection [conn2: url=jdbc:h2:mem:activiti user=SA]
10:47:17,063 [main] DEBUG org.apache.ibatis.transaction.jdbc.JdbcTransaction  - Closing JDBC Connection [conn2: url=jdbc:h2:mem:activiti user=SA]
10:47:17,063 [main] DEBUG org.apache.ibatis.datasource.pooled.PooledDataSource  - Returned connection 363509958 to pool.
10:47:17,063 [main] DEBUG org.activiti.engine.impl.interceptor.LogInterceptor  - --- DeleteDeploymentCmd finished --------------------------------------------------------
10:47:17,063 [main] DEBUG org.activiti.engine.impl.interceptor.LogInterceptor  - 

</system-out>
  </testcase>
  <testcase classname="org.activiti.engine.test.db.VariableScopeTest" name="testVariableNamesScope" time="0.018">
    <error message="
### Error querying database.  Cause: org.h2.jdbc.JdbcSQLException: Syntax error in SQL statement &quot;SELECT RES.* 
       
    FROM ACT_RE_PROCDEF RES
     
     WHERE  RES.DEPLOYMENT_ID_ = ? 
   
     ORDER BY  ORDER[*] BY RES.ID_ ASC  
    LIMIT ? OFFSET ? &quot;; expected &quot;=, NOT, EXISTS, INTERSECTS, SELECT, FROM&quot;; SQL statement:
select RES.* 
       
    from ACT_RE_PROCDEF RES
     
     WHERE  RES.DEPLOYMENT_ID_ = ? 
   
     order by  order by RES.ID_ asc  
    LIMIT ? OFFSET ? [42001-176]
### The error may exist in org/activiti/db/mapping/entity/ProcessDefinition.xml
### The error may involve org.activiti.engine.impl.persistence.entity.ProcessDefinitionEntity.selectProcessDefinitionsByQueryCriteria
### The error occurred while executing a query
### SQL: select RES.*              from ACT_RE_PROCDEF RES            WHERE  RES.DEPLOYMENT_ID_ = ?           order by  order by RES.ID_ asc       LIMIT ? OFFSET ?
### Cause: org.h2.jdbc.JdbcSQLException: Syntax error in SQL statement &quot;SELECT RES.* 
       
    FROM ACT_RE_PROCDEF RES
     
     WHERE  RES.DEPLOYMENT_ID_ = ? 
   
     ORDER BY  ORDER[*] BY RES.ID_ ASC  
    LIMIT ? OFFSET ? &quot;; expected &quot;=, NOT, EXISTS, INTERSECTS, SELECT, FROM&quot;; SQL statement:
select RES.* 
       
    from ACT_RE_PROCDEF RES
     
     WHERE  RES.DEPLOYMENT_ID_ = ? 
   
     order by  order by RES.ID_ asc  
    LIMIT ? OFFSET ? [42001-176]" type="org.apache.ibatis.exceptions.PersistenceException">org.apache.ibatis.exceptions.PersistenceException: 
### Error querying database.  Cause: org.h2.jdbc.JdbcSQLException: Syntax error in SQL statement &quot;SELECT RES.* 
       
    FROM ACT_RE_PROCDEF RES
     
     WHERE  RES.DEPLOYMENT_ID_ = ? 
   
     ORDER BY  ORDER[*] BY RES.ID_ ASC  
    LIMIT ? OFFSET ? &quot;; expected &quot;=, NOT, EXISTS, INTERSECTS, SELECT, FROM&quot;; SQL statement:
select RES.* 
       
    from ACT_RE_PROCDEF RES
     
     WHERE  RES.DEPLOYMENT_ID_ = ? 
   
     order by  order by RES.ID_ asc  
    LIMIT ? OFFSET ? [42001-176]
### The error may exist in org/activiti/db/mapping/entity/ProcessDefinition.xml
### The error may involve org.activiti.engine.impl.persistence.entity.ProcessDefinitionEntity.selectProcessDefinitionsByQueryCriteria
### The error occurred while executing a query
### SQL: select RES.*              from ACT_RE_PROCDEF RES            WHERE  RES.DEPLOYMENT_ID_ = ?           order by  order by RES.ID_ asc       LIMIT ? OFFSET ?
### Cause: org.h2.jdbc.JdbcSQLException: Syntax error in SQL statement &quot;SELECT RES.* 
       
    FROM ACT_RE_PROCDEF RES
     
     WHERE  RES.DEPLOYMENT_ID_ = ? 
   
     ORDER BY  ORDER[*] BY RES.ID_ ASC  
    LIMIT ? OFFSET ? &quot;; expected &quot;=, NOT, EXISTS, INTERSECTS, SELECT, FROM&quot;; SQL statement:
select RES.* 
       
    from ACT_RE_PROCDEF RES
     
     WHERE  RES.DEPLOYMENT_ID_ = ? 
   
     order by  order by RES.ID_ asc  
    LIMIT ? OFFSET ? [42001-176]
	at org.apache.ibatis.exceptions.ExceptionFactory.wrapException(ExceptionFactory.java:30)
	at org.apache.ibatis.session.defaults.DefaultSqlSession.selectList(DefaultSqlSession.java:122)
	at org.apache.ibatis.session.defaults.DefaultSqlSession.selectList(DefaultSqlSession.java:113)
	at org.activiti.engine.impl.db.DbSqlSession.selectListWithRawParameter(DbSqlSession.java:438)
	at org.activiti.engine.impl.db.DbSqlSession.selectList(DbSqlSession.java:429)
	at org.activiti.engine.impl.db.DbSqlSession.selectList(DbSqlSession.java:419)
	at org.activiti.engine.impl.persistence.entity.ProcessDefinitionEntityManager.findProcessDefinitionsByQueryCriteria(ProcessDefinitionEntityManager.java:57)
	at org.activiti.engine.impl.ProcessDefinitionQueryImpl.executeList(ProcessDefinitionQueryImpl.java:307)
	at org.activiti.engine.impl.AbstractQuery.list(AbstractQuery.java:140)
	at org.activiti.engine.impl.persistence.deploy.DeploymentManager.removeDeployment(DeploymentManager.java:187)
	at org.activiti.engine.impl.cmd.DeleteDeploymentCmd.execute(DeleteDeploymentCmd.java:44)
	at org.activiti.engine.impl.cmd.DeleteDeploymentCmd.execute(DeleteDeploymentCmd.java:24)
	at org.activiti.engine.impl.interceptor.CommandInvoker.execute(CommandInvoker.java:24)
	at org.activiti.engine.impl.interceptor.CommandContextInterceptor.execute(CommandContextInterceptor.java:57)
	at org.activiti.engine.impl.interceptor.LogInterceptor.execute(LogInterceptor.java:37)
	at org.activiti.engine.impl.cfg.CommandExecutorImpl.execute(CommandExecutorImpl.java:40)
	at org.activiti.engine.impl.cfg.CommandExecutorImpl.execute(CommandExecutorImpl.java:35)
	at org.activiti.engine.impl.RepositoryServiceImpl.deleteDeployment(RepositoryServiceImpl.java:90)
	at org.activiti.engine.impl.test.TestHelper.annotationDeploymentTearDown(TestHelper.java:116)
	at org.activiti.engine.impl.test.AbstractActivitiTestCase.runBare(AbstractActivitiTestCase.java:116)
	at junit.framework.TestResult$1.protect(TestResult.java:122)
	at junit.framework.TestResult.runProtected(TestResult.java:142)
	at junit.framework.TestResult.run(TestResult.java:125)
	at junit.framework.TestCase.run(TestCase.java:129)
	at junit.framework.TestSuite.runTest(TestSuite.java:255)
	at junit.framework.TestSuite.run(TestSuite.java:250)
	at org.junit.internal.runners.JUnit38ClassRunner.run(JUnit38ClassRunner.java:84)
	at org.apache.maven.surefire.junit4.JUnit4TestSet.execute(JUnit4TestSet.java:35)
	at org.apache.maven.surefire.junit4.JUnit4Provider.executeTestSet(JUnit4Provider.java:146)
	at org.apache.maven.surefire.junit4.JUnit4Provider.invoke(JUnit4Provider.java:97)
	at sun.reflect.NativeMethodAccessorImpl.invoke0(Native Method)
	at sun.reflect.NativeMethodAccessorImpl.invoke(NativeMethodAccessorImpl.java:62)
	at sun.reflect.DelegatingMethodAccessorImpl.invoke(DelegatingMethodAccessorImpl.java:43)
	at java.lang.reflect.Method.invoke(Method.java:498)
	at org.apache.maven.surefire.booter.ProviderFactory$ClassLoaderProxy.invoke(ProviderFactory.java:103)
	at com.sun.proxy.$Proxy0.invoke(Unknown Source)
	at org.apache.maven.surefire.booter.SurefireStarter.invokeProvider(SurefireStarter.java:145)
	at org.apache.maven.surefire.booter.SurefireStarter.runSuitesInProcess(SurefireStarter.java:87)
	at org.apache.maven.surefire.booter.ForkedBooter.main(ForkedBooter.java:69)
Caused by: org.h2.jdbc.JdbcSQLException: Syntax error in SQL statement &quot;SELECT RES.* 
       
    FROM ACT_RE_PROCDEF RES
     
     WHERE  RES.DEPLOYMENT_ID_ = ? 
   
     ORDER BY  ORDER[*] BY RES.ID_ ASC  
    LIMIT ? OFFSET ? &quot;; expected &quot;=, NOT, EXISTS, INTERSECTS, SELECT, FROM&quot;; SQL statement:
select RES.* 
       
    from ACT_RE_PROCDEF RES
     
     WHERE  RES.DEPLOYMENT_ID_ = ? 
   
     order by  order by RES.ID_ asc  
    LIMIT ? OFFSET ? [42001-176]
	at org.h2.message.DbException.getJdbcSQLException(DbException.java:344)
	at org.h2.message.DbException.getSyntaxError(DbException.java:204)
	at org.h2.command.Parser.getSyntaxError(Parser.java:524)
	at org.h2.command.Parser.readTerm(Parser.java:2688)
	at org.h2.command.Parser.readFactor(Parser.java:2244)
	at org.h2.command.Parser.readSum(Parser.java:2231)
	at org.h2.command.Parser.readConcat(Parser.java:2201)
	at org.h2.command.Parser.readCondition(Parser.java:2051)
	at org.h2.command.Parser.readAnd(Parser.java:2023)
	at org.h2.command.Parser.readExpression(Parser.java:2015)
	at org.h2.command.Parser.parseEndOfQuery(Parser.java:1726)
	at org.h2.command.Parser.parseSelectUnionExtension(Parser.java:1706)
	at org.h2.command.Parser.parseSelectUnion(Parser.java:1675)
	at org.h2.command.Parser.parseSelect(Parser.java:1662)
	at org.h2.command.Parser.parsePrepared(Parser.java:434)
	at org.h2.command.Parser.parse(Parser.java:306)
	at org.h2.command.Parser.parse(Parser.java:282)
	at org.h2.command.Parser.prepareCommand(Parser.java:243)
	at org.h2.engine.Session.prepareLocal(Session.java:442)
	at org.h2.engine.Session.prepareCommand(Session.java:384)
	at org.h2.jdbc.JdbcConnection.prepareCommand(JdbcConnection.java:1188)
	at org.h2.jdbc.JdbcPreparedStatement.&lt;init&gt;(JdbcPreparedStatement.java:73)
	at org.h2.jdbc.JdbcConnection.prepareStatement(JdbcConnection.java:276)
	at sun.reflect.GeneratedMethodAccessor6.invoke(Unknown Source)
	at sun.reflect.DelegatingMethodAccessorImpl.invoke(DelegatingMethodAccessorImpl.java:43)
	at java.lang.reflect.Method.invoke(Method.java:498)
	at org.apache.ibatis.datasource.pooled.PooledConnection.invoke(PooledConnection.java:245)
	at com.sun.proxy.$Proxy12.prepareStatement(Unknown Source)
	at sun.reflect.GeneratedMethodAccessor6.invoke(Unknown Source)
	at sun.reflect.DelegatingMethodAccessorImpl.invoke(DelegatingMethodAccessorImpl.java:43)
	at java.lang.reflect.Method.invoke(Method.java:498)
	at org.apache.ibatis.logging.jdbc.ConnectionLogger.invoke(ConnectionLogger.java:55)
	at com.sun.proxy.$Proxy12.prepareStatement(Unknown Source)
	at org.apache.ibatis.executor.statement.PreparedStatementHandler.instantiateStatement(PreparedStatementHandler.java:79)
	at org.apache.ibatis.executor.statement.BaseStatementHandler.prepare(BaseStatementHandler.java:88)
	at org.apache.ibatis.executor.statement.RoutingStatementHandler.prepare(RoutingStatementHandler.java:58)
	at org.apache.ibatis.executor.SimpleExecutor.prepareStatement(SimpleExecutor.java:76)
	at org.apache.ibatis.executor.SimpleExecutor.doQuery(SimpleExecutor.java:61)
	at org.apache.ibatis.executor.BaseExecutor.queryFromDatabase(BaseExecutor.java:303)
	at org.apache.ibatis.executor.BaseExecutor.query(BaseExecutor.java:154)
	at org.apache.ibatis.executor.CachingExecutor.query(CachingExecutor.java:102)
	at org.apache.ibatis.executor.CachingExecutor.query(CachingExecutor.java:82)
	at org.apache.ibatis.session.defaults.DefaultSqlSession.selectList(DefaultSqlSession.java:120)
	... 37 more
</error>
    <system-out>10:47:17,064 [main] DEBUG org.activiti.engine.impl.test.TestHelper  - annotation @Deployment creates deployment for VariableScopeTest.testVariableNamesScope
10:47:17,065 [main] DEBUG org.activiti.engine.impl.interceptor.LogInterceptor  - 

10:47:17,065 [main] DEBUG org.activiti.engine.impl.interceptor.LogInterceptor  - --- starting DeployCmd --------------------------------------------------------
10:47:17,065 [main] DEBUG org.activiti.engine.impl.bpmn.deployer.BpmnDeployer  - Processing deployment VariableScopeTest.testVariableNamesScope
10:47:17,065 [main] INFO  org.activiti.engine.impl.bpmn.deployer.BpmnDeployer  - Processing resource org/activiti/engine/test/db/VariableScopeTest.testVariableNamesScope.bpmn20.xml
10:47:17,069 [main] DEBUG org.activiti.engine.impl.bpmn.parser.handler.ProcessParseHandler  - Parsing process simpleSubProcess
10:47:17,069 [main] DEBUG org.activiti.engine.impl.bpmn.parser.handler.AbstractBpmnParseHandler  - Parsing activity subProcess
10:47:17,069 [main] DEBUG org.activiti.engine.impl.bpmn.parser.handler.AbstractBpmnParseHandler  - Parsing activity subProcess2
10:47:17,069 [main] DEBUG org.activiti.engine.impl.bpmn.parser.handler.AbstractBpmnParseHandler  - Parsing activity subProcessServiceTask
10:47:17,069 [main] DEBUG org.activiti.engine.impl.bpmn.parser.handler.AbstractBpmnParseHandler  - Parsing activity subProcessTask
10:47:17,069 [main] DEBUG org.activiti.engine.impl.bpmn.parser.handler.AbstractBpmnParseHandler  - Parsing activity subProcess2Start
10:47:17,069 [main] DEBUG org.activiti.engine.impl.bpmn.parser.handler.AbstractBpmnParseHandler  - Parsing activity subProcessEnd2
10:47:17,069 [main] DEBUG org.activiti.engine.impl.bpmn.parser.handler.AbstractBpmnParseHandler  - Parsing activity subProcessStart
10:47:17,069 [main] DEBUG org.activiti.engine.impl.bpmn.parser.handler.AbstractBpmnParseHandler  - Parsing activity subProcessEnd
10:47:17,069 [main] DEBUG org.activiti.engine.impl.bpmn.parser.handler.AbstractBpmnParseHandler  - Parsing activity theStart
10:47:17,069 [main] DEBUG org.activiti.engine.impl.bpmn.parser.handler.AbstractBpmnParseHandler  - Parsing activity theEnd
10:47:17,070 [main] DEBUG org.apache.ibatis.transaction.jdbc.JdbcTransaction  - Opening JDBC Connection
10:47:17,070 [main] DEBUG org.apache.ibatis.datasource.pooled.PooledDataSource  - Checked out connection 180014677 from pool.
10:47:17,070 [main] DEBUG org.apache.ibatis.transaction.jdbc.JdbcTransaction  - Setting autocommit to false on JDBC Connection [conn3: url=jdbc:h2:mem:activiti user=SA]
10:47:17,070 [main] DEBUG org.activiti.engine.impl.persistence.entity.ProcessDefinitionEntity.selectLatestProcessDefinitionByKey  - ==&gt;  Preparing: select * from ACT_RE_PROCDEF where KEY_ = ? and (TENANT_ID_ = &apos;&apos; or TENANT_ID_ is null) and VERSION_ = (select max(VERSION_) from ACT_RE_PROCDEF where KEY_ = ? and (TENANT_ID_ = &apos;&apos; or TENANT_ID_ is null)) 
10:47:17,070 [main] DEBUG org.activiti.engine.impl.persistence.entity.ProcessDefinitionEntity.selectLatestProcessDefinitionByKey  - ==&gt; Parameters: simpleSubProcess(String), simpleSubProcess(String)
10:47:17,070 [main] DEBUG org.activiti.engine.impl.persistence.entity.ProcessDefinitionEntity.selectLatestProcessDefinitionByKey  - &lt;==      Total: 1
10:47:17,070 [main] DEBUG org.activiti.engine.impl.persistence.entity.JobEntity.selectJobByTypeAndProcessDefinitionKeyNoTenantId  - ==&gt;  Preparing: select J.* from ACT_RU_JOB J inner join ACT_RE_PROCDEF P on J.PROC_DEF_ID_ = P.ID_ where J.HANDLER_TYPE_ = ? and P.KEY_ = ? and (P.TENANT_ID_ = &apos;&apos; or P.TENANT_ID_ is null) 
10:47:17,070 [main] DEBUG org.activiti.engine.impl.persistence.entity.JobEntity.selectJobByTypeAndProcessDefinitionKeyNoTenantId  - ==&gt; Parameters: timer-start-event(String), simpleSubProcess(String)
10:47:17,070 [main] DEBUG org.activiti.engine.impl.persistence.entity.JobEntity.selectJobByTypeAndProcessDefinitionKeyNoTenantId  - &lt;==      Total: 0
10:47:17,070 [main] DEBUG org.activiti.engine.impl.persistence.entity.EventSubscriptionEntity.selectEventSubscriptionsByConfiguration  - ==&gt;  Preparing: select * from ACT_RU_EVENT_SUBSCR where (EVENT_TYPE_ = ?) and ( (CONFIGURATION_ = ?) or (PROC_DEF_ID_ = ?) ) and (TENANT_ID_ = &apos;&apos; or TENANT_ID_ is null) 
10:47:17,070 [main] DEBUG org.activiti.engine.impl.persistence.entity.EventSubscriptionEntity.selectEventSubscriptionsByConfiguration  - ==&gt; Parameters: message(String), simpleSubProcess:1:726(String), simpleSubProcess:1:726(String)
10:47:17,070 [main] DEBUG org.activiti.engine.impl.persistence.entity.EventSubscriptionEntity.selectEventSubscriptionsByConfiguration  - &lt;==      Total: 0
10:47:17,070 [main] DEBUG org.activiti.engine.impl.persistence.entity.EventSubscriptionEntity.selectEventSubscriptionsByConfiguration  - ==&gt;  Preparing: select * from ACT_RU_EVENT_SUBSCR where (EVENT_TYPE_ = ?) and ( (CONFIGURATION_ = ?) or (PROC_DEF_ID_ = ?) ) and (TENANT_ID_ = &apos;&apos; or TENANT_ID_ is null) 
10:47:17,070 [main] DEBUG org.activiti.engine.impl.persistence.entity.EventSubscriptionEntity.selectEventSubscriptionsByConfiguration  - ==&gt; Parameters: signal(String), simpleSubProcess:1:726(String), simpleSubProcess:1:726(String)
10:47:17,070 [main] DEBUG org.activiti.engine.impl.persistence.entity.EventSubscriptionEntity.selectEventSubscriptionsByConfiguration  - &lt;==      Total: 0
10:47:17,070 [main] DEBUG org.activiti.engine.impl.persistence.entity.ProcessDefinitionInfoEntity.selectProcessDefinitionInfoByProcessDefinitionId  - ==&gt;  Preparing: select * from ACT_PROCDEF_INFO where PROC_DEF_ID_ = ? 
10:47:17,070 [main] DEBUG org.activiti.engine.impl.persistence.entity.ProcessDefinitionInfoEntity.selectProcessDefinitionInfoByProcessDefinitionId  - ==&gt; Parameters: simpleSubProcess:2:758(String)
10:47:17,070 [main] DEBUG org.activiti.engine.impl.persistence.entity.ProcessDefinitionInfoEntity.selectProcessDefinitionInfoByProcessDefinitionId  - &lt;==      Total: 0
10:47:17,070 [main] DEBUG org.activiti.engine.impl.interceptor.LogInterceptor  - 

10:47:17,070 [main] DEBUG org.activiti.engine.impl.interceptor.LogInterceptor  - --- starting GetProcessDefinitionInfoCmd --------------------------------------------------------
10:47:17,070 [main] DEBUG org.activiti.engine.impl.interceptor.CommandContextInterceptor  - Valid context found. Reusing it for the current command &apos;org.activiti.engine.impl.cmd.GetProcessDefinitionInfoCmd&apos;
10:47:17,070 [main] DEBUG org.activiti.engine.impl.interceptor.LogInterceptor  - 

10:47:17,070 [main] DEBUG org.activiti.engine.impl.interceptor.LogInterceptor  - --- starting  --------------------------------------------------------
10:47:17,070 [main] DEBUG org.activiti.engine.impl.interceptor.CommandContextInterceptor  - Valid context found. Reusing it for the current command &apos;null&apos;
10:47:17,071 [main] DEBUG org.activiti.engine.impl.interceptor.LogInterceptor  - ---  finished --------------------------------------------------------
10:47:17,071 [main] DEBUG org.activiti.engine.impl.interceptor.LogInterceptor  - 

10:47:17,071 [main] DEBUG org.activiti.engine.impl.interceptor.LogInterceptor  - --- GetProcessDefinitionInfoCmd finished --------------------------------------------------------
10:47:17,071 [main] DEBUG org.activiti.engine.impl.interceptor.LogInterceptor  - 

10:47:17,071 [main] DEBUG org.activiti.engine.impl.db.DbSqlSession  -   insert ResourceEntity[id=757, name=org/activiti/engine/test/db/VariableScopeTest.testVariableNamesScope.bpmn20.xml]
10:47:17,071 [main] DEBUG org.activiti.engine.impl.db.DbSqlSession  -   insert DeploymentEntity[id=756, name=VariableScopeTest.testVariableNamesScope]
10:47:17,071 [main] DEBUG org.activiti.engine.impl.db.DbSqlSession  -   insert ProcessDefinitionEntity[simpleSubProcess:2:758]
10:47:17,071 [main] DEBUG org.activiti.engine.impl.db.DbSqlSession  - flush summary: 3 insert, 0 update, 0 delete.
10:47:17,071 [main] DEBUG org.activiti.engine.impl.db.DbSqlSession  - now executing flush...
10:47:17,071 [main] DEBUG org.activiti.engine.impl.db.DbSqlSession  - inserting: ProcessDefinitionEntity[simpleSubProcess:2:758]
10:47:17,071 [main] DEBUG org.activiti.engine.impl.persistence.entity.ProcessDefinitionEntity.insertProcessDefinition  - ==&gt;  Preparing: insert into ACT_RE_PROCDEF(ID_, REV_, CATEGORY_, NAME_, KEY_, VERSION_, DEPLOYMENT_ID_, RESOURCE_NAME_, DGRM_RESOURCE_NAME_, DESCRIPTION_, HAS_START_FORM_KEY_, HAS_GRAPHICAL_NOTATION_ , SUSPENSION_STATE_, TENANT_ID_) values (?, 1, ?, ?, ?, ?, ?, ?, ?, ?, ?, ?, ?, ?) 
10:47:17,071 [main] DEBUG org.activiti.engine.impl.persistence.entity.ProcessDefinitionEntity.insertProcessDefinition  - ==&gt; Parameters: simpleSubProcess:2:758(String), Examples(String), null, simpleSubProcess(String), 2(Integer), 756(String), org/activiti/engine/test/db/VariableScopeTest.testVariableNamesScope.bpmn20.xml(String), null, null, false(Boolean), false(Boolean), 1(Integer), (String)
10:47:17,071 [main] DEBUG org.activiti.engine.impl.persistence.entity.ProcessDefinitionEntity.insertProcessDefinition  - &lt;==    Updates: 1
10:47:17,071 [main] DEBUG org.activiti.engine.impl.db.DbSqlSession  - inserting: DeploymentEntity[id=756, name=VariableScopeTest.testVariableNamesScope]
10:47:17,071 [main] DEBUG org.activiti.engine.impl.persistence.entity.DeploymentEntity.insertDeployment  - ==&gt;  Preparing: insert into ACT_RE_DEPLOYMENT(ID_, NAME_, CATEGORY_, TENANT_ID_, DEPLOY_TIME_) values(?, ?, ?, ?, ?) 
10:47:17,071 [main] DEBUG org.activiti.engine.impl.persistence.entity.DeploymentEntity.insertDeployment  - ==&gt; Parameters: 756(String), VariableScopeTest.testVariableNamesScope(String), null, (String), 2023-03-21 10:47:16.995(Timestamp)
10:47:17,071 [main] DEBUG org.activiti.engine.impl.persistence.entity.DeploymentEntity.insertDeployment  - &lt;==    Updates: 1
10:47:17,071 [main] DEBUG org.activiti.engine.impl.db.DbSqlSession  - inserting: ResourceEntity[id=757, name=org/activiti/engine/test/db/VariableScopeTest.testVariableNamesScope.bpmn20.xml]
10:47:17,071 [main] DEBUG org.activiti.engine.impl.persistence.entity.ResourceEntity.insertResource  - ==&gt;  Preparing: insert into ACT_GE_BYTEARRAY(ID_, REV_, NAME_, BYTES_, DEPLOYMENT_ID_, GENERATED_) values (?, 1, ?, ?, ?, ?) 
10:47:17,071 [main] DEBUG org.activiti.engine.impl.persistence.entity.ResourceEntity.insertResource  - ==&gt; Parameters: 757(String), org/activiti/engine/test/db/VariableScopeTest.testVariableNamesScope.bpmn20.xml(String), java.io.ByteArrayInputStream@50bc6266(ByteArrayInputStream), 756(String), false(Boolean)
10:47:17,071 [main] DEBUG org.activiti.engine.impl.persistence.entity.ResourceEntity.insertResource  - &lt;==    Updates: 1
10:47:17,071 [main] DEBUG org.activiti.engine.impl.cfg.standalone.StandaloneMybatisTransactionContext  - firing event committing...
10:47:17,071 [main] DEBUG org.activiti.engine.impl.cfg.standalone.StandaloneMybatisTransactionContext  - committing the ibatis sql session...
10:47:17,071 [main] DEBUG org.apache.ibatis.transaction.jdbc.JdbcTransaction  - Committing JDBC Connection [conn3: url=jdbc:h2:mem:activiti user=SA]
10:47:17,071 [main] DEBUG org.activiti.engine.impl.cfg.standalone.StandaloneMybatisTransactionContext  - firing event committed...
10:47:17,071 [main] DEBUG org.apache.ibatis.transaction.jdbc.JdbcTransaction  - Resetting autocommit to true on JDBC Connection [conn3: url=jdbc:h2:mem:activiti user=SA]
10:47:17,071 [main] DEBUG org.apache.ibatis.transaction.jdbc.JdbcTransaction  - Closing JDBC Connection [conn3: url=jdbc:h2:mem:activiti user=SA]
10:47:17,071 [main] DEBUG org.apache.ibatis.datasource.pooled.PooledDataSource  - Returned connection 180014677 to pool.
10:47:17,071 [main] DEBUG org.activiti.engine.impl.interceptor.LogInterceptor  - --- DeployCmd finished --------------------------------------------------------
10:47:17,071 [main] DEBUG org.activiti.engine.impl.interceptor.LogInterceptor  - 

10:47:17,071 [main] DEBUG org.activiti.engine.impl.test.PvmTestCase  - 

10:47:17,071 [main] DEBUG org.activiti.engine.impl.test.PvmTestCase  - #### START VariableScopeTest.testVariableNamesScope ###########################################################
10:47:17,071 [main] DEBUG org.activiti.engine.impl.interceptor.LogInterceptor  - 

10:47:17,071 [main] DEBUG org.activiti.engine.impl.interceptor.LogInterceptor  - --- starting StartProcessInstanceCmd --------------------------------------------------------
10:47:17,071 [main] DEBUG org.apache.ibatis.transaction.jdbc.JdbcTransaction  - Opening JDBC Connection
10:47:17,071 [main] DEBUG org.apache.ibatis.datasource.pooled.PooledDataSource  - Checked out connection 486346394 from pool.
10:47:17,071 [main] DEBUG org.apache.ibatis.transaction.jdbc.JdbcTransaction  - Setting autocommit to false on JDBC Connection [conn6: url=jdbc:h2:mem:activiti user=SA]
10:47:17,071 [main] DEBUG org.activiti.engine.impl.persistence.entity.ProcessDefinitionEntity.selectLatestProcessDefinitionByKey  - ==&gt;  Preparing: select * from ACT_RE_PROCDEF where KEY_ = ? and (TENANT_ID_ = &apos;&apos; or TENANT_ID_ is null) and VERSION_ = (select max(VERSION_) from ACT_RE_PROCDEF where KEY_ = ? and (TENANT_ID_ = &apos;&apos; or TENANT_ID_ is null)) 
10:47:17,072 [main] DEBUG org.activiti.engine.impl.persistence.entity.ProcessDefinitionEntity.selectLatestProcessDefinitionByKey  - ==&gt; Parameters: simpleSubProcess(String), simpleSubProcess(String)
10:47:17,072 [main] DEBUG org.activiti.engine.impl.persistence.entity.ProcessDefinitionEntity.selectLatestProcessDefinitionByKey  - &lt;==      Total: 1
10:47:17,072 [main] DEBUG org.activiti.engine.impl.persistence.entity.ExecutionEntity  - initializing ProcessInstance[759]
10:47:17,072 [main] DEBUG org.activiti.engine.impl.history.DefaultHistoryManager  - Current history level: FULL, level required: ACTIVITY
10:47:17,072 [main] DEBUG org.activiti.engine.impl.history.DefaultHistoryManager  - Current history level: FULL, level required: ACTIVITY
10:47:17,072 [main] DEBUG org.activiti.engine.impl.history.DefaultHistoryManager  - Current history level: FULL, level required: FULL
10:47:17,072 [main] DEBUG org.activiti.engine.impl.history.DefaultHistoryManager  - Current history level: FULL, level required: ACTIVITY
10:47:17,072 [main] DEBUG org.activiti.engine.impl.history.DefaultHistoryManager  - Current history level: FULL, level required: FULL
10:47:17,072 [main] DEBUG org.activiti.engine.impl.pvm.runtime.AtomicOperationActivityExecute  - ProcessInstance[759] executes Activity(theStart): org.activiti.engine.impl.bpmn.behavior.NoneStartEventActivityBehavior
10:47:17,072 [main] DEBUG org.activiti.engine.impl.persistence.entity.JobEntity.selectJobsByExecutionId  - ==&gt;  Preparing: select * from ACT_RU_JOB J where J.EXECUTION_ID_ = ? 
10:47:17,072 [main] DEBUG org.activiti.engine.impl.persistence.entity.JobEntity.selectJobsByExecutionId  - ==&gt; Parameters: 759(String)
10:47:17,072 [main] DEBUG org.activiti.engine.impl.persistence.entity.JobEntity.selectJobsByExecutionId  - &lt;==      Total: 0
10:47:17,072 [main] DEBUG org.activiti.engine.impl.bpmn.behavior.BpmnActivityBehavior  - Leaving activity &apos;theStart&apos;
10:47:17,072 [main] DEBUG org.activiti.engine.impl.history.DefaultHistoryManager  - Current history level: FULL, level required: ACTIVITY
10:47:17,072 [main] DEBUG org.activiti.engine.impl.pvm.runtime.AtomicOperationTransitionNotifyListenerTake  - ProcessInstance[759] takes transition (theStart)--flow1--&gt;(subProcess)
10:47:17,072 [main] DEBUG org.activiti.engine.impl.persistence.entity.ExecutionEntity  - Child execution ScopeExecution[765] created with parent 
10:47:17,072 [main] DEBUG org.activiti.engine.impl.pvm.runtime.AtomicOperationTransitionCreateScope  - create scope: parent ProcessInstance[759] continues as execution ScopeExecution[765]
10:47:17,072 [main] DEBUG org.activiti.engine.impl.persistence.entity.ExecutionEntity  - initializing ScopeExecution[765]
10:47:17,072 [main] DEBUG org.activiti.engine.impl.history.DefaultHistoryManager  - Current history level: FULL, level required: ACTIVITY
10:47:17,072 [main] DEBUG org.activiti.engine.impl.pvm.runtime.AtomicOperationActivityExecute  - ScopeExecution[765] executes Activity(subProcess): org.activiti.engine.impl.bpmn.behavior.SubProcessActivityBehavior
10:47:17,072 [main] DEBUG org.activiti.engine.impl.history.DefaultHistoryManager  - Current history level: FULL, level required: ACTIVITY
10:47:17,072 [main] DEBUG org.activiti.engine.impl.pvm.runtime.AtomicOperationActivityExecute  - ScopeExecution[765] executes Activity(subProcessStart): org.activiti.engine.impl.bpmn.behavior.NoneStartEventActivityBehavior
10:47:17,072 [main] DEBUG org.activiti.engine.impl.persistence.entity.JobEntity.selectJobsByExecutionId  - ==&gt;  Preparing: select * from ACT_RU_JOB J where J.EXECUTION_ID_ = ? 
10:47:17,072 [main] DEBUG org.activiti.engine.impl.persistence.entity.JobEntity.selectJobsByExecutionId  - ==&gt; Parameters: 765(String)
10:47:17,072 [main] DEBUG org.activiti.engine.impl.persistence.entity.JobEntity.selectJobsByExecutionId  - &lt;==      Total: 0
10:47:17,072 [main] DEBUG org.activiti.engine.impl.bpmn.behavior.BpmnActivityBehavior  - Leaving activity &apos;subProcessStart&apos;
10:47:17,073 [main] DEBUG org.activiti.engine.impl.history.DefaultHistoryManager  - Current history level: FULL, level required: ACTIVITY
10:47:17,073 [main] DEBUG org.activiti.engine.impl.pvm.runtime.AtomicOperationTransitionNotifyListenerTake  - ScopeExecution[765] takes transition (subProcessStart)--flow2--&gt;(subProcess2)
10:47:17,073 [main] DEBUG org.activiti.engine.impl.persistence.entity.ExecutionEntity  - Child execution ScopeExecution[768] created with parent 
10:47:17,073 [main] DEBUG org.activiti.engine.impl.pvm.runtime.AtomicOperationTransitionCreateScope  - create scope: parent ScopeExecution[765] continues as execution ScopeExecution[768]
10:47:17,073 [main] DEBUG org.activiti.engine.impl.persistence.entity.ExecutionEntity  - initializing ScopeExecution[768]
10:47:17,073 [main] DEBUG org.activiti.engine.impl.history.DefaultHistoryManager  - Current history level: FULL, level required: ACTIVITY
10:47:17,073 [main] DEBUG org.activiti.engine.impl.pvm.runtime.AtomicOperationActivityExecute  - ScopeExecution[768] executes Activity(subProcess2): org.activiti.engine.impl.bpmn.behavior.SubProcessActivityBehavior
10:47:17,073 [main] DEBUG org.activiti.engine.impl.history.DefaultHistoryManager  - Current history level: FULL, level required: ACTIVITY
10:47:17,073 [main] DEBUG org.activiti.engine.impl.pvm.runtime.AtomicOperationActivityExecute  - ScopeExecution[768] executes Activity(subProcess2Start): org.activiti.engine.impl.bpmn.behavior.NoneStartEventActivityBehavior
10:47:17,073 [main] DEBUG org.activiti.engine.impl.persistence.entity.JobEntity.selectJobsByExecutionId  - ==&gt;  Preparing: select * from ACT_RU_JOB J where J.EXECUTION_ID_ = ? 
10:47:17,073 [main] DEBUG org.activiti.engine.impl.persistence.entity.JobEntity.selectJobsByExecutionId  - ==&gt; Parameters: 768(String)
10:47:17,073 [main] DEBUG org.activiti.engine.impl.persistence.entity.JobEntity.selectJobsByExecutionId  - &lt;==      Total: 0
10:47:17,073 [main] DEBUG org.activiti.engine.impl.bpmn.behavior.BpmnActivityBehavior  - Leaving activity &apos;subProcess2Start&apos;
10:47:17,073 [main] DEBUG org.activiti.engine.impl.history.DefaultHistoryManager  - Current history level: FULL, level required: ACTIVITY
10:47:17,073 [main] DEBUG org.activiti.engine.impl.pvm.runtime.AtomicOperationTransitionNotifyListenerTake  - ScopeExecution[768] takes transition (subProcess2Start)--flow3--&gt;(subProcessServiceTask)
10:47:17,074 [main] DEBUG org.activiti.engine.impl.history.DefaultHistoryManager  - Current history level: FULL, level required: ACTIVITY
10:47:17,074 [main] DEBUG org.activiti.engine.impl.pvm.runtime.AtomicOperationActivityExecute  - ScopeExecution[768] executes Activity(subProcessServiceTask): org.activiti.engine.impl.bpmn.helper.ClassDelegate
10:47:17,074 [main] DEBUG org.activiti.engine.impl.interceptor.LogInterceptor  - 

10:47:17,074 [main] DEBUG org.activiti.engine.impl.interceptor.LogInterceptor  - --- starting  --------------------------------------------------------
10:47:17,074 [main] DEBUG org.activiti.engine.impl.interceptor.CommandContextInterceptor  - Valid context found. Reusing it for the current command &apos;null&apos;
10:47:17,074 [main] DEBUG org.activiti.engine.impl.persistence.entity.ProcessDefinitionInfoEntity.selectProcessDefinitionInfoByProcessDefinitionId  - ==&gt;  Preparing: select * from ACT_PROCDEF_INFO where PROC_DEF_ID_ = ? 
10:47:17,074 [main] DEBUG org.activiti.engine.impl.persistence.entity.ProcessDefinitionInfoEntity.selectProcessDefinitionInfoByProcessDefinitionId  - ==&gt; Parameters: simpleSubProcess:2:758(String)
10:47:17,074 [main] DEBUG org.activiti.engine.impl.persistence.entity.ProcessDefinitionInfoEntity.selectProcessDefinitionInfoByProcessDefinitionId  - &lt;==      Total: 0
10:47:17,074 [main] DEBUG org.activiti.engine.impl.interceptor.LogInterceptor  - ---  finished --------------------------------------------------------
10:47:17,074 [main] DEBUG org.activiti.engine.impl.interceptor.LogInterceptor  - 

10:47:17,074 [main] DEBUG org.activiti.engine.impl.history.DefaultHistoryManager  - Current history level: FULL, level required: ACTIVITY
10:47:17,074 [main] DEBUG org.activiti.engine.impl.history.DefaultHistoryManager  - Current history level: FULL, level required: FULL
10:47:17,074 [main] DEBUG org.activiti.engine.impl.bpmn.behavior.BpmnActivityBehavior  - Leaving activity &apos;subProcessServiceTask&apos;
10:47:17,074 [main] DEBUG org.activiti.engine.impl.history.DefaultHistoryManager  - Current history level: FULL, level required: ACTIVITY
10:47:17,074 [main] DEBUG org.activiti.engine.impl.pvm.runtime.AtomicOperationTransitionNotifyListenerTake  - ScopeExecution[768] takes transition (subProcessServiceTask)--flow4--&gt;(subProcessTask)
10:47:17,075 [main] DEBUG org.activiti.engine.impl.history.DefaultHistoryManager  - Current history level: FULL, level required: ACTIVITY
10:47:17,075 [main] DEBUG org.activiti.engine.impl.pvm.runtime.AtomicOperationActivityExecute  - ScopeExecution[768] executes Activity(subProcessTask): org.activiti.engine.impl.bpmn.behavior.UserTaskActivityBehavior
10:47:17,075 [main] DEBUG org.activiti.engine.impl.persistence.entity.TaskEntity.selectTasksByExecutionId  - ==&gt;  Preparing: select distinct T.* from ACT_RU_TASK T where T.EXECUTION_ID_ = ? 
10:47:17,075 [main] DEBUG org.activiti.engine.impl.persistence.entity.TaskEntity.selectTasksByExecutionId  - ==&gt; Parameters: 768(String)
10:47:17,075 [main] DEBUG org.activiti.engine.impl.persistence.entity.TaskEntity.selectTasksByExecutionId  - &lt;==      Total: 0
10:47:17,075 [main] DEBUG org.activiti.engine.impl.history.DefaultHistoryManager  - Current history level: FULL, level required: AUDIT
10:47:17,075 [main] DEBUG org.activiti.engine.impl.history.DefaultHistoryManager  - Current history level: FULL, level required: AUDIT
10:47:17,075 [main] DEBUG org.activiti.engine.impl.history.DefaultHistoryManager  - Current history level: FULL, level required: AUDIT
10:47:17,075 [main] DEBUG org.activiti.engine.impl.history.DefaultHistoryManager  - Current history level: FULL, level required: AUDIT
10:47:17,075 [main] DEBUG org.activiti.engine.impl.history.DefaultHistoryManager  - Current history level: FULL, level required: ACTIVITY
10:47:17,075 [main] DEBUG org.activiti.engine.impl.db.DbSqlSession  -   insert ProcessInstance[759]
10:47:17,075 [main] DEBUG org.activiti.engine.impl.db.DbSqlSession  -   insert ScopeExecution[765]
10:47:17,075 [main] DEBUG org.activiti.engine.impl.db.DbSqlSession  -   insert ScopeExecution[768]
10:47:17,075 [main] DEBUG org.activiti.engine.impl.db.DbSqlSession  -   insert VariableInstanceEntity[id=761, name=test, type=string, textValue=test]
10:47:17,075 [main] DEBUG org.activiti.engine.impl.db.DbSqlSession  -   insert VariableInstanceEntity[id=763, name=helloWorld, type=string, textValue=helloWorld]
10:47:17,075 [main] DEBUG org.activiti.engine.impl.db.DbSqlSession  -   insert VariableInstanceEntity[id=772, name=test, type=string, textValue=test2]
10:47:17,076 [main] DEBUG org.activiti.engine.impl.db.DbSqlSession  -   insert HistoricProcessInstanceEntity[superProcessInstanceId=null]
10:47:17,076 [main] DEBUG org.activiti.engine.impl.db.DbSqlSession  -   insert Task[id=775, name=Task in subprocess]
10:47:17,076 [main] DEBUG org.activiti.engine.impl.db.DbSqlSession  -   insert HistoricDetailVariableInstanceUpdateEntity[id=762, name=test, type=string, textValue=test]
10:47:17,076 [main] DEBUG org.activiti.engine.impl.db.DbSqlSession  -   insert HistoricDetailVariableInstanceUpdateEntity[id=764, name=helloWorld, type=string, textValue=helloWorld]
10:47:17,076 [main] DEBUG org.activiti.engine.impl.db.DbSqlSession  -   insert HistoricDetailVariableInstanceUpdateEntity[id=773, name=test, type=string, textValue=test2]
10:47:17,076 [main] DEBUG org.activiti.engine.impl.db.DbSqlSession  -   insert HistoricTaskInstanceEntity[id=775, name=Task in subprocess]
10:47:17,076 [main] DEBUG org.activiti.engine.impl.db.DbSqlSession  -   insert HistoricActivityInstanceEntity[activityId=theStart, activityName=null]
10:47:17,076 [main] DEBUG org.activiti.engine.impl.db.DbSqlSession  -   insert HistoricActivityInstanceEntity[activityId=subProcess, activityName=null]
10:47:17,076 [main] DEBUG org.activiti.engine.impl.db.DbSqlSession  -   insert HistoricActivityInstanceEntity[activityId=subProcessStart, activityName=null]
10:47:17,076 [main] DEBUG org.activiti.engine.impl.db.DbSqlSession  -   insert HistoricActivityInstanceEntity[activityId=subProcess2, activityName=null]
10:47:17,076 [main] DEBUG org.activiti.engine.impl.db.DbSqlSession  -   insert HistoricActivityInstanceEntity[activityId=subProcess2Start, activityName=null]
10:47:17,076 [main] DEBUG org.activiti.engine.impl.db.DbSqlSession  -   insert HistoricActivityInstanceEntity[activityId=subProcessServiceTask, activityName=Service task in subprocess]
10:47:17,076 [main] DEBUG org.activiti.engine.impl.db.DbSqlSession  -   insert HistoricActivityInstanceEntity[activityId=subProcessTask, activityName=Task in subprocess]
10:47:17,076 [main] DEBUG org.activiti.engine.impl.db.DbSqlSession  -   insert HistoricVariableInstanceEntity[id=761, name=test, revision=0, type=string, textValue=test]
10:47:17,076 [main] DEBUG org.activiti.engine.impl.db.DbSqlSession  -   insert HistoricVariableInstanceEntity[id=763, name=helloWorld, revision=0, type=string, textValue=helloWorld]
10:47:17,076 [main] DEBUG org.activiti.engine.impl.db.DbSqlSession  -   insert HistoricVariableInstanceEntity[id=772, name=test, revision=0, type=string, textValue=test2]
10:47:17,076 [main] DEBUG org.activiti.engine.impl.db.DbSqlSession  - flush summary: 22 insert, 0 update, 0 delete.
10:47:17,076 [main] DEBUG org.activiti.engine.impl.db.DbSqlSession  - now executing flush...
10:47:17,076 [main] DEBUG org.activiti.engine.impl.persistence.entity.HistoricDetailEntity.bulkInsertHistoricDetailVariableInstanceUpdate  - ==&gt;  Preparing: insert into ACT_HI_DETAIL (ID_, TYPE_, PROC_INST_ID_, EXECUTION_ID_, ACT_INST_ID_, TASK_ID_, NAME_, REV_, VAR_TYPE_, TIME_, BYTEARRAY_ID_, DOUBLE_, LONG_ , TEXT_, TEXT2_) values (?, ?, ?, ?, ?, ?, ?, ?, ?, ?, ?, ?, ?, ?, ?) , (?, ?, ?, ?, ?, ?, ?, ?, ?, ?, ?, ?, ?, ?, ?) , (?, ?, ?, ?, ?, ?, ?, ?, ?, ?, ?, ?, ?, ?, ?) 
10:47:17,077 [main] DEBUG org.activiti.engine.impl.persistence.entity.HistoricDetailEntity.bulkInsertHistoricDetailVariableInstanceUpdate  - ==&gt; Parameters: 762(String), VariableUpdate(String), 759(String), 759(String), 760(String), null, test(String), 0(Integer), string(String), 2023-03-21 10:47:16.995(Timestamp), null, null, null, test(String), null, 764(String), VariableUpdate(String), 759(String), 759(String), 760(String), null, helloWorld(String), 0(Integer), string(String), 2023-03-21 10:47:16.995(Timestamp), null, null, null, helloWorld(String), null, 773(String), VariableUpdate(String), 759(String), 768(String), 771(String), null, test(String), 0(Integer), string(String), 2023-03-21 10:47:16.995(Timestamp), null, null, null, test2(String), null
10:47:17,077 [main] DEBUG org.activiti.engine.impl.persistence.entity.HistoricDetailEntity.bulkInsertHistoricDetailVariableInstanceUpdate  - &lt;==    Updates: 3
10:47:17,077 [main] DEBUG org.activiti.engine.impl.persistence.entity.HistoricVariableInstanceEntity.bulkInsertHistoricVariableInstance  - ==&gt;  Preparing: insert into ACT_HI_VARINST (ID_, PROC_INST_ID_, EXECUTION_ID_, TASK_ID_, NAME_, REV_, VAR_TYPE_, BYTEARRAY_ID_, DOUBLE_, LONG_ , TEXT_, TEXT2_, CREATE_TIME_, LAST_UPDATED_TIME_) values (?, ?, ?, ?, ?, ?, ?, ?, ?, ?, ?, ?, ?, ?) , (?, ?, ?, ?, ?, ?, ?, ?, ?, ?, ?, ?, ?, ?) , (?, ?, ?, ?, ?, ?, ?, ?, ?, ?, ?, ?, ?, ?) 
10:47:17,077 [main] DEBUG org.activiti.engine.impl.persistence.entity.HistoricVariableInstanceEntity.bulkInsertHistoricVariableInstance  - ==&gt; Parameters: 761(String), 759(String), 759(String), null, test(String), 0(Integer), string(String), null, null, null, test(String), null, 2023-03-21 10:47:16.995(Timestamp), 2023-03-21 10:47:16.995(Timestamp), 763(String), 759(String), 759(String), null, helloWorld(String), 0(Integer), string(String), null, null, null, helloWorld(String), null, 2023-03-21 10:47:16.995(Timestamp), 2023-03-21 10:47:16.995(Timestamp), 772(String), 759(String), 768(String), null, test(String), 0(Integer), string(String), null, null, null, test2(String), null, 2023-03-21 10:47:16.995(Timestamp), 2023-03-21 10:47:16.995(Timestamp)
10:47:17,077 [main] DEBUG org.activiti.engine.impl.persistence.entity.HistoricVariableInstanceEntity.bulkInsertHistoricVariableInstance  - &lt;==    Updates: 3
10:47:17,077 [main] DEBUG org.activiti.engine.impl.db.DbSqlSession  - inserting: HistoricTaskInstanceEntity[id=775, name=Task in subprocess]
10:47:17,077 [main] DEBUG org.activiti.engine.impl.persistence.entity.HistoricTaskInstanceEntity.insertHistoricTaskInstance  - ==&gt;  Preparing: insert into ACT_HI_TASKINST ( ID_, PROC_DEF_ID_, PROC_INST_ID_, EXECUTION_ID_, NAME_, PARENT_TASK_ID_, DESCRIPTION_, OWNER_, ASSIGNEE_, START_TIME_, CLAIM_TIME_, END_TIME_, DURATION_, DELETE_REASON_, TASK_DEF_KEY_, FORM_KEY_, PRIORITY_, DUE_DATE_, CATEGORY_, TENANT_ID_ ) values ( ?, ?, ?, ?, ?, ?, ?, ?, ?, ?, ?, ?, ?, ?, ?, ?, ?, ?, ?, ? ) 
10:47:17,077 [main] DEBUG org.activiti.engine.impl.persistence.entity.HistoricTaskInstanceEntity.insertHistoricTaskInstance  - ==&gt; Parameters: 775(String), simpleSubProcess:2:758(String), 759(String), 768(String), Task in subprocess(String), null, null, null, null, 2023-03-21 10:47:16.995(Timestamp), null, null, null, null, subProcessTask(String), null, 50(Integer), null, null, (String)
10:47:17,077 [main] DEBUG org.activiti.engine.impl.persistence.entity.HistoricTaskInstanceEntity.insertHistoricTaskInstance  - &lt;==    Updates: 1
10:47:17,077 [main] DEBUG org.activiti.engine.impl.db.DbSqlSession  - inserting: HistoricProcessInstanceEntity[superProcessInstanceId=null]
10:47:17,077 [main] DEBUG org.activiti.engine.impl.persistence.entity.HistoricProcessInstanceEntity.insertHistoricProcessInstance  - ==&gt;  Preparing: insert into ACT_HI_PROCINST ( ID_, PROC_INST_ID_, BUSINESS_KEY_, PROC_DEF_ID_, START_TIME_, END_TIME_, DURATION_, START_USER_ID_, START_ACT_ID_, END_ACT_ID_, SUPER_PROCESS_INSTANCE_ID_, DELETE_REASON_, TENANT_ID_, NAME_ ) values ( ?, ?, ?, ?, ?, ?, ?, ?, ?, ?, ?, ?, ?, ? ) 
10:47:17,078 [main] DEBUG org.activiti.engine.impl.persistence.entity.HistoricProcessInstanceEntity.insertHistoricProcessInstance  - ==&gt; Parameters: 759(String), 759(String), null, simpleSubProcess:2:758(String), 2023-03-21 10:47:16.995(Timestamp), null, null, null, theStart(String), null, null, null, (String), null
10:47:17,078 [main] DEBUG org.activiti.engine.impl.persistence.entity.HistoricProcessInstanceEntity.insertHistoricProcessInstance  - &lt;==    Updates: 1
10:47:17,078 [main] DEBUG org.activiti.engine.impl.persistence.entity.HistoricActivityInstanceEntity.bulkInsertHistoricActivityInstance  - ==&gt;  Preparing: insert into ACT_HI_ACTINST ( ID_, PROC_DEF_ID_, PROC_INST_ID_, EXECUTION_ID_, ACT_ID_, TASK_ID_, CALL_PROC_INST_ID_, ACT_NAME_, ACT_TYPE_, ASSIGNEE_, START_TIME_, END_TIME_, DURATION_, TENANT_ID_ ) values (?, ?, ?, ?, ?, ?, ?, ?, ?, ?, ?, ?, ?, ?) , (?, ?, ?, ?, ?, ?, ?, ?, ?, ?, ?, ?, ?, ?) , (?, ?, ?, ?, ?, ?, ?, ?, ?, ?, ?, ?, ?, ?) , (?, ?, ?, ?, ?, ?, ?, ?, ?, ?, ?, ?, ?, ?) , (?, ?, ?, ?, ?, ?, ?, ?, ?, ?, ?, ?, ?, ?) , (?, ?, ?, ?, ?, ?, ?, ?, ?, ?, ?, ?, ?, ?) , (?, ?, ?, ?, ?, ?, ?, ?, ?, ?, ?, ?, ?, ?) 
10:47:17,078 [main] DEBUG org.activiti.engine.impl.persistence.entity.HistoricActivityInstanceEntity.bulkInsertHistoricActivityInstance  - ==&gt; Parameters: 760(String), simpleSubProcess:2:758(String), 759(String), 759(String), theStart(String), null, null, null, startEvent(String), null, 2023-03-21 10:47:16.995(Timestamp), 2023-03-21 10:47:16.995(Timestamp), 0(Long), (String), 766(String), simpleSubProcess:2:758(String), 759(String), 765(String), subProcess(String), null, null, null, subProcess(String), null, 2023-03-21 10:47:16.995(Timestamp), null, null, (String), 767(String), simpleSubProcess:2:758(String), 759(String), 765(String), subProcessStart(String), null, null, null, startEvent(String), null, 2023-03-21 10:47:16.995(Timestamp), 2023-03-21 10:47:16.995(Timestamp), 0(Long), (String), 769(String), simpleSubProcess:2:758(String), 759(String), 768(String), subProcess2(String), null, null, null, subProcess(String), null, 2023-03-21 10:47:16.995(Timestamp), null, null, (String), 770(String), simpleSubProcess:2:758(String), 759(String), 768(String), subProcess2Start(String), null, null, null, startEvent(String), null, 2023-03-21 10:47:16.995(Timestamp), 2023-03-21 10:47:16.995(Timestamp), 0(Long), (String), 771(String), simpleSubProcess:2:758(String), 759(String), 768(String), subProcessServiceTask(String), null, null, Service task in subprocess(String), serviceTask(String), null, 2023-03-21 10:47:16.995(Timestamp), 2023-03-21 10:47:16.995(Timestamp), 0(Long), (String), 774(String), simpleSubProcess:2:758(String), 759(String), 768(String), subProcessTask(String), 775(String), null, Task in subprocess(String), userTask(String), null, 2023-03-21 10:47:16.995(Timestamp), null, null, (String)
10:47:17,078 [main] DEBUG org.activiti.engine.impl.persistence.entity.HistoricActivityInstanceEntity.bulkInsertHistoricActivityInstance  - &lt;==    Updates: 7
10:47:17,079 [main] DEBUG org.activiti.engine.impl.persistence.entity.ExecutionEntity.bulkInsertExecution  - ==&gt;  Preparing: insert into ACT_RU_EXECUTION (ID_, REV_, PROC_INST_ID_, BUSINESS_KEY_, PROC_DEF_ID_, ACT_ID_, IS_ACTIVE_, IS_CONCURRENT_, IS_SCOPE_,IS_EVENT_SCOPE_, PARENT_ID_, SUPER_EXEC_, SUSPENSION_STATE_, CACHED_ENT_STATE_, TENANT_ID_, NAME_) values (?, 1, ?, ?, ?, ?, ?, ?, ?, ?, ?, ?, ?, ?, ?, ?) , (?, 1, ?, ?, ?, ?, ?, ?, ?, ?, ?, ?, ?, ?, ?, ?) , (?, 1, ?, ?, ?, ?, ?, ?, ?, ?, ?, ?, ?, ?, ?, ?) 
10:47:17,079 [main] DEBUG org.activiti.engine.impl.persistence.entity.ExecutionEntity.bulkInsertExecution  - ==&gt; Parameters: 759(String), 759(String), null, simpleSubProcess:2:758(String), null, false(Boolean), false(Boolean), true(Boolean), false(Boolean), null, null, 1(Integer), 2(Integer), (String), null, 765(String), 759(String), null, simpleSubProcess:2:758(String), null, false(Boolean), false(Boolean), true(Boolean), false(Boolean), 759(String), null, 1(Integer), 2(Integer), (String), null, 768(String), 759(String), null, simpleSubProcess:2:758(String), subProcessTask(String), true(Boolean), false(Boolean), true(Boolean), false(Boolean), 765(String), null, 1(Integer), 2(Integer), (String), null
10:47:17,079 [main] DEBUG org.activiti.engine.impl.persistence.entity.ExecutionEntity.bulkInsertExecution  - &lt;==    Updates: 3
10:47:17,079 [main] DEBUG org.activiti.engine.impl.db.DbSqlSession  - inserting: Task[id=775, name=Task in subprocess]
10:47:17,079 [main] DEBUG org.activiti.engine.impl.persistence.entity.TaskEntity.insertTask  - ==&gt;  Preparing: insert into ACT_RU_TASK (ID_, REV_, NAME_, PARENT_TASK_ID_, DESCRIPTION_, PRIORITY_, CREATE_TIME_, OWNER_, ASSIGNEE_, DELEGATION_, EXECUTION_ID_, PROC_INST_ID_, PROC_DEF_ID_, TASK_DEF_KEY_, DUE_DATE_, CATEGORY_, SUSPENSION_STATE_, TENANT_ID_, FORM_KEY_) values (?, 1, ?, ?, ?, ?, ?, ?, ?, ?, ?, ?, ?, ?, ?, ?, ?, ?, ? ) 
10:47:17,079 [main] DEBUG org.activiti.engine.impl.persistence.entity.TaskEntity.insertTask  - ==&gt; Parameters: 775(String), Task in subprocess(String), null, null, 50(Integer), 2023-03-21 10:47:16.995(Timestamp), null, null, null, 768(String), 759(String), simpleSubProcess:2:758(String), subProcessTask(String), null, null, 1(Integer), (String), null
10:47:17,079 [main] DEBUG org.activiti.engine.impl.persistence.entity.TaskEntity.insertTask  - &lt;==    Updates: 1
10:47:17,079 [main] DEBUG org.activiti.engine.impl.persistence.entity.VariableInstanceEntity.bulkInsertVariableInstance  - ==&gt;  Preparing: INSERT INTO ACT_RU_VARIABLE (ID_, REV_, TYPE_, NAME_, PROC_INST_ID_, EXECUTION_ID_, TASK_ID_, BYTEARRAY_ID_, DOUBLE_, LONG_ , TEXT_, TEXT2_) VALUES (?, 1, ?, ?, ?, ?, ?, ?, ?, ?, ?, ?) , (?, 1, ?, ?, ?, ?, ?, ?, ?, ?, ?, ?) , (?, 1, ?, ?, ?, ?, ?, ?, ?, ?, ?, ?) 
10:47:17,079 [main] DEBUG org.activiti.engine.impl.persistence.entity.VariableInstanceEntity.bulkInsertVariableInstance  - ==&gt; Parameters: 761(String), string(String), test(String), 759(String), 759(String), null, null, null, null, test(String), null, 763(String), string(String), helloWorld(String), 759(String), 759(String), null, null, null, null, helloWorld(String), null, 772(String), string(String), test(String), 759(String), 768(String), null, null, null, null, test2(String), null
10:47:17,079 [main] DEBUG org.activiti.engine.impl.persistence.entity.VariableInstanceEntity.bulkInsertVariableInstance  - &lt;==    Updates: 3
10:47:17,079 [main] DEBUG org.activiti.engine.impl.cfg.standalone.StandaloneMybatisTransactionContext  - firing event committing...
10:47:17,079 [main] DEBUG org.activiti.engine.impl.cfg.standalone.StandaloneMybatisTransactionContext  - committing the ibatis sql session...
10:47:17,079 [main] DEBUG org.apache.ibatis.transaction.jdbc.JdbcTransaction  - Committing JDBC Connection [conn6: url=jdbc:h2:mem:activiti user=SA]
10:47:17,079 [main] DEBUG org.activiti.engine.impl.cfg.standalone.StandaloneMybatisTransactionContext  - firing event committed...
10:47:17,079 [main] DEBUG org.apache.ibatis.transaction.jdbc.JdbcTransaction  - Resetting autocommit to true on JDBC Connection [conn6: url=jdbc:h2:mem:activiti user=SA]
10:47:17,080 [main] DEBUG org.apache.ibatis.transaction.jdbc.JdbcTransaction  - Closing JDBC Connection [conn6: url=jdbc:h2:mem:activiti user=SA]
10:47:17,080 [main] DEBUG org.apache.ibatis.datasource.pooled.PooledDataSource  - Returned connection 486346394 to pool.
10:47:17,080 [main] DEBUG org.activiti.engine.impl.interceptor.LogInterceptor  - --- StartProcessInstanceCmd finished --------------------------------------------------------
10:47:17,080 [main] DEBUG org.activiti.engine.impl.interceptor.LogInterceptor  - 

10:47:17,080 [main] DEBUG org.activiti.engine.impl.interceptor.LogInterceptor  - 

10:47:17,080 [main] DEBUG org.activiti.engine.impl.interceptor.LogInterceptor  - --- starting TaskQueryImpl --------------------------------------------------------
10:47:17,080 [main] DEBUG org.apache.ibatis.transaction.jdbc.JdbcTransaction  - Opening JDBC Connection
10:47:17,080 [main] DEBUG org.apache.ibatis.datasource.pooled.PooledDataSource  - Checked out connection 297240765 from pool.
10:47:17,080 [main] DEBUG org.apache.ibatis.transaction.jdbc.JdbcTransaction  - Setting autocommit to false on JDBC Connection [conn4: url=jdbc:h2:mem:activiti user=SA]
10:47:17,080 [main] DEBUG org.activiti.engine.impl.persistence.entity.TaskEntity.selectTaskByQueryCriteria  - ==&gt;  Preparing: select distinct RES.* from ACT_RU_TASK RES WHERE RES.PROC_INST_ID_ = ? order by order by RES.ID_ asc LIMIT ? OFFSET ? 
10:47:17,080 [main] DEBUG org.activiti.engine.impl.interceptor.CommandContext  - Error while closing command context
org.apache.ibatis.exceptions.PersistenceException: 
### Error querying database.  Cause: org.h2.jdbc.JdbcSQLException: Syntax error in SQL statement &quot;SELECT DISTINCT RES.* 
       
    FROM ACT_RU_TASK RES
     
     
     
     
    
     
     
     
     WHERE  RES.PROC_INST_ID_ = ? 
   
    
     ORDER BY  ORDER[*] BY RES.ID_ ASC  
    LIMIT ? OFFSET ? &quot;; expected &quot;=, NOT, EXISTS, INTERSECTS, SELECT, FROM&quot;; SQL statement:
select distinct RES.* 
       
    from ACT_RU_TASK RES
     
     
     
     
    
     
     
     
     WHERE  RES.PROC_INST_ID_ = ? 
   
    
     order by  order by RES.ID_ asc  
    LIMIT ? OFFSET ? [42001-176]
### The error may exist in org/activiti/db/mapping/entity/Task.xml
### The error may involve org.activiti.engine.impl.persistence.entity.TaskEntity.selectTaskByQueryCriteria
### The error occurred while executing a query
### SQL: select distinct RES.*              from ACT_RU_TASK RES                                                     WHERE  RES.PROC_INST_ID_ = ?                order by  order by RES.ID_ asc       LIMIT ? OFFSET ?
### Cause: org.h2.jdbc.JdbcSQLException: Syntax error in SQL statement &quot;SELECT DISTINCT RES.* 
       
    FROM ACT_RU_TASK RES
     
     
     
     
    
     
     
     
     WHERE  RES.PROC_INST_ID_ = ? 
   
    
     ORDER BY  ORDER[*] BY RES.ID_ ASC  
    LIMIT ? OFFSET ? &quot;; expected &quot;=, NOT, EXISTS, INTERSECTS, SELECT, FROM&quot;; SQL statement:
select distinct RES.* 
       
    from ACT_RU_TASK RES
     
     
     
     
    
     
     
     
     WHERE  RES.PROC_INST_ID_ = ? 
   
    
     order by  order by RES.ID_ asc  
    LIMIT ? OFFSET ? [42001-176]
	at org.apache.ibatis.exceptions.ExceptionFactory.wrapException(ExceptionFactory.java:30)
	at org.apache.ibatis.session.defaults.DefaultSqlSession.selectList(DefaultSqlSession.java:122)
	at org.apache.ibatis.session.defaults.DefaultSqlSession.selectList(DefaultSqlSession.java:113)
	at org.activiti.engine.impl.db.DbSqlSession.selectListWithRawParameter(DbSqlSession.java:438)
	at org.activiti.engine.impl.db.DbSqlSession.selectList(DbSqlSession.java:429)
	at org.activiti.engine.impl.persistence.entity.TaskEntityManager.findTasksByQueryCriteria(TaskEntityManager.java:135)
	at org.activiti.engine.impl.TaskQueryImpl.executeList(TaskQueryImpl.java:1256)
	at org.activiti.engine.impl.AbstractQuery.executeSingleResult(AbstractQuery.java:183)
	at org.activiti.engine.impl.AbstractQuery.execute(AbstractQuery.java:166)
	at org.activiti.engine.impl.interceptor.CommandInvoker.execute(CommandInvoker.java:24)
	at org.activiti.engine.impl.interceptor.CommandContextInterceptor.execute(CommandContextInterceptor.java:57)
	at org.activiti.engine.impl.interceptor.LogInterceptor.execute(LogInterceptor.java:37)
	at org.activiti.engine.impl.cfg.CommandExecutorImpl.execute(CommandExecutorImpl.java:40)
	at org.activiti.engine.impl.cfg.CommandExecutorImpl.execute(CommandExecutorImpl.java:35)
	at org.activiti.engine.impl.AbstractQuery.singleResult(AbstractQuery.java:129)
	at org.activiti.engine.test.db.VariableScopeTest.testVariableNamesScope(VariableScopeTest.java:98)
	at sun.reflect.NativeMethodAccessorImpl.invoke0(Native Method)
	at sun.reflect.NativeMethodAccessorImpl.invoke(NativeMethodAccessorImpl.java:62)
	at sun.reflect.DelegatingMethodAccessorImpl.invoke(DelegatingMethodAccessorImpl.java:43)
	at java.lang.reflect.Method.invoke(Method.java:498)
	at junit.framework.TestCase.runTest(TestCase.java:176)
	at org.activiti.engine.impl.test.PvmTestCase.runTest(PvmTestCase.java:65)
	at junit.framework.TestCase.runBare(TestCase.java:141)
	at org.activiti.engine.impl.test.AbstractActivitiTestCase.runBare(AbstractActivitiTestCase.java:100)
	at junit.framework.TestResult$1.protect(TestResult.java:122)
	at junit.framework.TestResult.runProtected(TestResult.java:142)
	at junit.framework.TestResult.run(TestResult.java:125)
	at junit.framework.TestCase.run(TestCase.java:129)
	at junit.framework.TestSuite.runTest(TestSuite.java:255)
	at junit.framework.TestSuite.run(TestSuite.java:250)
	at org.junit.internal.runners.JUnit38ClassRunner.run(JUnit38ClassRunner.java:84)
	at org.apache.maven.surefire.junit4.JUnit4TestSet.execute(JUnit4TestSet.java:35)
	at org.apache.maven.surefire.junit4.JUnit4Provider.executeTestSet(JUnit4Provider.java:146)
	at org.apache.maven.surefire.junit4.JUnit4Provider.invoke(JUnit4Provider.java:97)
	at sun.reflect.NativeMethodAccessorImpl.invoke0(Native Method)
	at sun.reflect.NativeMethodAccessorImpl.invoke(NativeMethodAccessorImpl.java:62)
	at sun.reflect.DelegatingMethodAccessorImpl.invoke(DelegatingMethodAccessorImpl.java:43)
	at java.lang.reflect.Method.invoke(Method.java:498)
	at org.apache.maven.surefire.booter.ProviderFactory$ClassLoaderProxy.invoke(ProviderFactory.java:103)
	at com.sun.proxy.$Proxy0.invoke(Unknown Source)
	at org.apache.maven.surefire.booter.SurefireStarter.invokeProvider(SurefireStarter.java:145)
	at org.apache.maven.surefire.booter.SurefireStarter.runSuitesInProcess(SurefireStarter.java:87)
	at org.apache.maven.surefire.booter.ForkedBooter.main(ForkedBooter.java:69)
Caused by: org.h2.jdbc.JdbcSQLException: Syntax error in SQL statement &quot;SELECT DISTINCT RES.* 
       
    FROM ACT_RU_TASK RES
     
     
     
     
    
     
     
     
     WHERE  RES.PROC_INST_ID_ = ? 
   
    
     ORDER BY  ORDER[*] BY RES.ID_ ASC  
    LIMIT ? OFFSET ? &quot;; expected &quot;=, NOT, EXISTS, INTERSECTS, SELECT, FROM&quot;; SQL statement:
select distinct RES.* 
       
    from ACT_RU_TASK RES
     
     
     
     
    
     
     
     
     WHERE  RES.PROC_INST_ID_ = ? 
   
    
     order by  order by RES.ID_ asc  
    LIMIT ? OFFSET ? [42001-176]
	at org.h2.message.DbException.getJdbcSQLException(DbException.java:344)
	at org.h2.message.DbException.getSyntaxError(DbException.java:204)
	at org.h2.command.Parser.getSyntaxError(Parser.java:524)
	at org.h2.command.Parser.readTerm(Parser.java:2688)
	at org.h2.command.Parser.readFactor(Parser.java:2244)
	at org.h2.command.Parser.readSum(Parser.java:2231)
	at org.h2.command.Parser.readConcat(Parser.java:2201)
	at org.h2.command.Parser.readCondition(Parser.java:2051)
	at org.h2.command.Parser.readAnd(Parser.java:2023)
	at org.h2.command.Parser.readExpression(Parser.java:2015)
	at org.h2.command.Parser.parseEndOfQuery(Parser.java:1726)
	at org.h2.command.Parser.parseSelectUnionExtension(Parser.java:1706)
	at org.h2.command.Parser.parseSelectUnion(Parser.java:1675)
	at org.h2.command.Parser.parseSelect(Parser.java:1662)
	at org.h2.command.Parser.parsePrepared(Parser.java:434)
	at org.h2.command.Parser.parse(Parser.java:306)
	at org.h2.command.Parser.parse(Parser.java:282)
	at org.h2.command.Parser.prepareCommand(Parser.java:243)
	at org.h2.engine.Session.prepareLocal(Session.java:442)
	at org.h2.engine.Session.prepareCommand(Session.java:384)
	at org.h2.jdbc.JdbcConnection.prepareCommand(JdbcConnection.java:1188)
	at org.h2.jdbc.JdbcPreparedStatement.&lt;init&gt;(JdbcPreparedStatement.java:73)
	at org.h2.jdbc.JdbcConnection.prepareStatement(JdbcConnection.java:276)
	at sun.reflect.GeneratedMethodAccessor6.invoke(Unknown Source)
	at sun.reflect.DelegatingMethodAccessorImpl.invoke(DelegatingMethodAccessorImpl.java:43)
	at java.lang.reflect.Method.invoke(Method.java:498)
	at org.apache.ibatis.datasource.pooled.PooledConnection.invoke(PooledConnection.java:245)
	at com.sun.proxy.$Proxy12.prepareStatement(Unknown Source)
	at sun.reflect.GeneratedMethodAccessor6.invoke(Unknown Source)
	at sun.reflect.DelegatingMethodAccessorImpl.invoke(DelegatingMethodAccessorImpl.java:43)
	at java.lang.reflect.Method.invoke(Method.java:498)
	at org.apache.ibatis.logging.jdbc.ConnectionLogger.invoke(ConnectionLogger.java:55)
	at com.sun.proxy.$Proxy12.prepareStatement(Unknown Source)
	at org.apache.ibatis.executor.statement.PreparedStatementHandler.instantiateStatement(PreparedStatementHandler.java:79)
	at org.apache.ibatis.executor.statement.BaseStatementHandler.prepare(BaseStatementHandler.java:88)
	at org.apache.ibatis.executor.statement.RoutingStatementHandler.prepare(RoutingStatementHandler.java:58)
	at org.apache.ibatis.executor.SimpleExecutor.prepareStatement(SimpleExecutor.java:76)
	at org.apache.ibatis.executor.SimpleExecutor.doQuery(SimpleExecutor.java:61)
	at org.apache.ibatis.executor.BaseExecutor.queryFromDatabase(BaseExecutor.java:303)
	at org.apache.ibatis.executor.BaseExecutor.query(BaseExecutor.java:154)
	at org.apache.ibatis.executor.CachingExecutor.query(CachingExecutor.java:102)
	at org.apache.ibatis.executor.CachingExecutor.query(CachingExecutor.java:82)
	at org.apache.ibatis.session.defaults.DefaultSqlSession.selectList(DefaultSqlSession.java:120)
	... 41 more
10:47:17,080 [main] DEBUG org.activiti.engine.impl.cfg.standalone.StandaloneMybatisTransactionContext  - firing event rolling back...
10:47:17,081 [main] DEBUG org.activiti.engine.impl.cfg.standalone.StandaloneMybatisTransactionContext  - rolling back ibatis sql session...
10:47:17,081 [main] DEBUG org.activiti.engine.impl.cfg.standalone.StandaloneMybatisTransactionContext  - firing event rolled back...
10:47:17,081 [main] DEBUG org.apache.ibatis.transaction.jdbc.JdbcTransaction  - Resetting autocommit to true on JDBC Connection [conn4: url=jdbc:h2:mem:activiti user=SA]
10:47:17,081 [main] DEBUG org.apache.ibatis.transaction.jdbc.JdbcTransaction  - Closing JDBC Connection [conn4: url=jdbc:h2:mem:activiti user=SA]
10:47:17,081 [main] DEBUG org.apache.ibatis.datasource.pooled.PooledDataSource  - Returned connection 297240765 to pool.
10:47:17,081 [main] DEBUG org.activiti.engine.impl.interceptor.LogInterceptor  - --- TaskQueryImpl finished --------------------------------------------------------
10:47:17,081 [main] DEBUG org.activiti.engine.impl.interceptor.LogInterceptor  - 

10:47:17,081 [main] ERROR org.activiti.engine.impl.test.PvmTestCase  - 

10:47:17,081 [main] ERROR org.activiti.engine.impl.test.PvmTestCase  - EXCEPTION: org.apache.ibatis.exceptions.PersistenceException: 
### Error querying database.  Cause: org.h2.jdbc.JdbcSQLException: Syntax error in SQL statement &quot;SELECT DISTINCT RES.* 
       
    FROM ACT_RU_TASK RES
     
     
     
     
    
     
     
     
     WHERE  RES.PROC_INST_ID_ = ? 
   
    
     ORDER BY  ORDER[*] BY RES.ID_ ASC  
    LIMIT ? OFFSET ? &quot;; expected &quot;=, NOT, EXISTS, INTERSECTS, SELECT, FROM&quot;; SQL statement:
select distinct RES.* 
       
    from ACT_RU_TASK RES
     
     
     
     
    
     
     
     
     WHERE  RES.PROC_INST_ID_ = ? 
   
    
     order by  order by RES.ID_ asc  
    LIMIT ? OFFSET ? [42001-176]
### The error may exist in org/activiti/db/mapping/entity/Task.xml
### The error may involve org.activiti.engine.impl.persistence.entity.TaskEntity.selectTaskByQueryCriteria
### The error occurred while executing a query
### SQL: select distinct RES.*              from ACT_RU_TASK RES                                                     WHERE  RES.PROC_INST_ID_ = ?                order by  order by RES.ID_ asc       LIMIT ? OFFSET ?
### Cause: org.h2.jdbc.JdbcSQLException: Syntax error in SQL statement &quot;SELECT DISTINCT RES.* 
       
    FROM ACT_RU_TASK RES
     
     
     
     
    
     
     
     
     WHERE  RES.PROC_INST_ID_ = ? 
   
    
     ORDER BY  ORDER[*] BY RES.ID_ ASC  
    LIMIT ? OFFSET ? &quot;; expected &quot;=, NOT, EXISTS, INTERSECTS, SELECT, FROM&quot;; SQL statement:
select distinct RES.* 
       
    from ACT_RU_TASK RES
     
     
     
     
    
     
     
     
     WHERE  RES.PROC_INST_ID_ = ? 
   
    
     order by  order by RES.ID_ asc  
    LIMIT ? OFFSET ? [42001-176]
org.apache.ibatis.exceptions.PersistenceException: 
### Error querying database.  Cause: org.h2.jdbc.JdbcSQLException: Syntax error in SQL statement &quot;SELECT DISTINCT RES.* 
       
    FROM ACT_RU_TASK RES
     
     
     
     
    
     
     
     
     WHERE  RES.PROC_INST_ID_ = ? 
   
    
     ORDER BY  ORDER[*] BY RES.ID_ ASC  
    LIMIT ? OFFSET ? &quot;; expected &quot;=, NOT, EXISTS, INTERSECTS, SELECT, FROM&quot;; SQL statement:
select distinct RES.* 
       
    from ACT_RU_TASK RES
     
     
     
     
    
     
     
     
     WHERE  RES.PROC_INST_ID_ = ? 
   
    
     order by  order by RES.ID_ asc  
    LIMIT ? OFFSET ? [42001-176]
### The error may exist in org/activiti/db/mapping/entity/Task.xml
### The error may involve org.activiti.engine.impl.persistence.entity.TaskEntity.selectTaskByQueryCriteria
### The error occurred while executing a query
### SQL: select distinct RES.*              from ACT_RU_TASK RES                                                     WHERE  RES.PROC_INST_ID_ = ?                order by  order by RES.ID_ asc       LIMIT ? OFFSET ?
### Cause: org.h2.jdbc.JdbcSQLException: Syntax error in SQL statement &quot;SELECT DISTINCT RES.* 
       
    FROM ACT_RU_TASK RES
     
     
     
     
    
     
     
     
     WHERE  RES.PROC_INST_ID_ = ? 
   
    
     ORDER BY  ORDER[*] BY RES.ID_ ASC  
    LIMIT ? OFFSET ? &quot;; expected &quot;=, NOT, EXISTS, INTERSECTS, SELECT, FROM&quot;; SQL statement:
select distinct RES.* 
       
    from ACT_RU_TASK RES
     
     
     
     
    
     
     
     
     WHERE  RES.PROC_INST_ID_ = ? 
   
    
     order by  order by RES.ID_ asc  
    LIMIT ? OFFSET ? [42001-176]
	at org.apache.ibatis.exceptions.ExceptionFactory.wrapException(ExceptionFactory.java:30)
	at org.apache.ibatis.session.defaults.DefaultSqlSession.selectList(DefaultSqlSession.java:122)
	at org.apache.ibatis.session.defaults.DefaultSqlSession.selectList(DefaultSqlSession.java:113)
	at org.activiti.engine.impl.db.DbSqlSession.selectListWithRawParameter(DbSqlSession.java:438)
	at org.activiti.engine.impl.db.DbSqlSession.selectList(DbSqlSession.java:429)
	at org.activiti.engine.impl.persistence.entity.TaskEntityManager.findTasksByQueryCriteria(TaskEntityManager.java:135)
	at org.activiti.engine.impl.TaskQueryImpl.executeList(TaskQueryImpl.java:1256)
	at org.activiti.engine.impl.AbstractQuery.executeSingleResult(AbstractQuery.java:183)
	at org.activiti.engine.impl.AbstractQuery.execute(AbstractQuery.java:166)
	at org.activiti.engine.impl.interceptor.CommandInvoker.execute(CommandInvoker.java:24)
	at org.activiti.engine.impl.interceptor.CommandContextInterceptor.execute(CommandContextInterceptor.java:57)
	at org.activiti.engine.impl.interceptor.LogInterceptor.execute(LogInterceptor.java:37)
	at org.activiti.engine.impl.cfg.CommandExecutorImpl.execute(CommandExecutorImpl.java:40)
	at org.activiti.engine.impl.cfg.CommandExecutorImpl.execute(CommandExecutorImpl.java:35)
	at org.activiti.engine.impl.AbstractQuery.singleResult(AbstractQuery.java:129)
	at org.activiti.engine.test.db.VariableScopeTest.testVariableNamesScope(VariableScopeTest.java:98)
	at sun.reflect.NativeMethodAccessorImpl.invoke0(Native Method)
	at sun.reflect.NativeMethodAccessorImpl.invoke(NativeMethodAccessorImpl.java:62)
	at sun.reflect.DelegatingMethodAccessorImpl.invoke(DelegatingMethodAccessorImpl.java:43)
	at java.lang.reflect.Method.invoke(Method.java:498)
	at junit.framework.TestCase.runTest(TestCase.java:176)
	at org.activiti.engine.impl.test.PvmTestCase.runTest(PvmTestCase.java:65)
	at junit.framework.TestCase.runBare(TestCase.java:141)
	at org.activiti.engine.impl.test.AbstractActivitiTestCase.runBare(AbstractActivitiTestCase.java:100)
	at junit.framework.TestResult$1.protect(TestResult.java:122)
	at junit.framework.TestResult.runProtected(TestResult.java:142)
	at junit.framework.TestResult.run(TestResult.java:125)
	at junit.framework.TestCase.run(TestCase.java:129)
	at junit.framework.TestSuite.runTest(TestSuite.java:255)
	at junit.framework.TestSuite.run(TestSuite.java:250)
	at org.junit.internal.runners.JUnit38ClassRunner.run(JUnit38ClassRunner.java:84)
	at org.apache.maven.surefire.junit4.JUnit4TestSet.execute(JUnit4TestSet.java:35)
	at org.apache.maven.surefire.junit4.JUnit4Provider.executeTestSet(JUnit4Provider.java:146)
	at org.apache.maven.surefire.junit4.JUnit4Provider.invoke(JUnit4Provider.java:97)
	at sun.reflect.NativeMethodAccessorImpl.invoke0(Native Method)
	at sun.reflect.NativeMethodAccessorImpl.invoke(NativeMethodAccessorImpl.java:62)
	at sun.reflect.DelegatingMethodAccessorImpl.invoke(DelegatingMethodAccessorImpl.java:43)
	at java.lang.reflect.Method.invoke(Method.java:498)
	at org.apache.maven.surefire.booter.ProviderFactory$ClassLoaderProxy.invoke(ProviderFactory.java:103)
	at com.sun.proxy.$Proxy0.invoke(Unknown Source)
	at org.apache.maven.surefire.booter.SurefireStarter.invokeProvider(SurefireStarter.java:145)
	at org.apache.maven.surefire.booter.SurefireStarter.runSuitesInProcess(SurefireStarter.java:87)
	at org.apache.maven.surefire.booter.ForkedBooter.main(ForkedBooter.java:69)
Caused by: org.h2.jdbc.JdbcSQLException: Syntax error in SQL statement &quot;SELECT DISTINCT RES.* 
       
    FROM ACT_RU_TASK RES
     
     
     
     
    
     
     
     
     WHERE  RES.PROC_INST_ID_ = ? 
   
    
     ORDER BY  ORDER[*] BY RES.ID_ ASC  
    LIMIT ? OFFSET ? &quot;; expected &quot;=, NOT, EXISTS, INTERSECTS, SELECT, FROM&quot;; SQL statement:
select distinct RES.* 
       
    from ACT_RU_TASK RES
     
     
     
     
    
     
     
     
     WHERE  RES.PROC_INST_ID_ = ? 
   
    
     order by  order by RES.ID_ asc  
    LIMIT ? OFFSET ? [42001-176]
	at org.h2.message.DbException.getJdbcSQLException(DbException.java:344)
	at org.h2.message.DbException.getSyntaxError(DbException.java:204)
	at org.h2.command.Parser.getSyntaxError(Parser.java:524)
	at org.h2.command.Parser.readTerm(Parser.java:2688)
	at org.h2.command.Parser.readFactor(Parser.java:2244)
	at org.h2.command.Parser.readSum(Parser.java:2231)
	at org.h2.command.Parser.readConcat(Parser.java:2201)
	at org.h2.command.Parser.readCondition(Parser.java:2051)
	at org.h2.command.Parser.readAnd(Parser.java:2023)
	at org.h2.command.Parser.readExpression(Parser.java:2015)
	at org.h2.command.Parser.parseEndOfQuery(Parser.java:1726)
	at org.h2.command.Parser.parseSelectUnionExtension(Parser.java:1706)
	at org.h2.command.Parser.parseSelectUnion(Parser.java:1675)
	at org.h2.command.Parser.parseSelect(Parser.java:1662)
	at org.h2.command.Parser.parsePrepared(Parser.java:434)
	at org.h2.command.Parser.parse(Parser.java:306)
	at org.h2.command.Parser.parse(Parser.java:282)
	at org.h2.command.Parser.prepareCommand(Parser.java:243)
	at org.h2.engine.Session.prepareLocal(Session.java:442)
	at org.h2.engine.Session.prepareCommand(Session.java:384)
	at org.h2.jdbc.JdbcConnection.prepareCommand(JdbcConnection.java:1188)
	at org.h2.jdbc.JdbcPreparedStatement.&lt;init&gt;(JdbcPreparedStatement.java:73)
	at org.h2.jdbc.JdbcConnection.prepareStatement(JdbcConnection.java:276)
	at sun.reflect.GeneratedMethodAccessor6.invoke(Unknown Source)
	at sun.reflect.DelegatingMethodAccessorImpl.invoke(DelegatingMethodAccessorImpl.java:43)
	at java.lang.reflect.Method.invoke(Method.java:498)
	at org.apache.ibatis.datasource.pooled.PooledConnection.invoke(PooledConnection.java:245)
	at com.sun.proxy.$Proxy12.prepareStatement(Unknown Source)
	at sun.reflect.GeneratedMethodAccessor6.invoke(Unknown Source)
	at sun.reflect.DelegatingMethodAccessorImpl.invoke(DelegatingMethodAccessorImpl.java:43)
	at java.lang.reflect.Method.invoke(Method.java:498)
	at org.apache.ibatis.logging.jdbc.ConnectionLogger.invoke(ConnectionLogger.java:55)
	at com.sun.proxy.$Proxy12.prepareStatement(Unknown Source)
	at org.apache.ibatis.executor.statement.PreparedStatementHandler.instantiateStatement(PreparedStatementHandler.java:79)
	at org.apache.ibatis.executor.statement.BaseStatementHandler.prepare(BaseStatementHandler.java:88)
	at org.apache.ibatis.executor.statement.RoutingStatementHandler.prepare(RoutingStatementHandler.java:58)
	at org.apache.ibatis.executor.SimpleExecutor.prepareStatement(SimpleExecutor.java:76)
	at org.apache.ibatis.executor.SimpleExecutor.doQuery(SimpleExecutor.java:61)
	at org.apache.ibatis.executor.BaseExecutor.queryFromDatabase(BaseExecutor.java:303)
	at org.apache.ibatis.executor.BaseExecutor.query(BaseExecutor.java:154)
	at org.apache.ibatis.executor.CachingExecutor.query(CachingExecutor.java:102)
	at org.apache.ibatis.executor.CachingExecutor.query(CachingExecutor.java:82)
	at org.apache.ibatis.session.defaults.DefaultSqlSession.selectList(DefaultSqlSession.java:120)
	... 41 more
10:47:17,081 [main] DEBUG org.activiti.engine.impl.test.PvmTestCase  - #### END VariableScopeTest.testVariableNamesScope #############################################################
10:47:17,081 [main] ERROR org.activiti.engine.impl.test.PvmTestCase  - 

10:47:17,081 [main] ERROR org.activiti.engine.impl.test.PvmTestCase  - EXCEPTION: org.apache.ibatis.exceptions.PersistenceException: 
### Error querying database.  Cause: org.h2.jdbc.JdbcSQLException: Syntax error in SQL statement &quot;SELECT DISTINCT RES.* 
       
    FROM ACT_RU_TASK RES
     
     
     
     
    
     
     
     
     WHERE  RES.PROC_INST_ID_ = ? 
   
    
     ORDER BY  ORDER[*] BY RES.ID_ ASC  
    LIMIT ? OFFSET ? &quot;; expected &quot;=, NOT, EXISTS, INTERSECTS, SELECT, FROM&quot;; SQL statement:
select distinct RES.* 
       
    from ACT_RU_TASK RES
     
     
     
     
    
     
     
     
     WHERE  RES.PROC_INST_ID_ = ? 
   
    
     order by  order by RES.ID_ asc  
    LIMIT ? OFFSET ? [42001-176]
### The error may exist in org/activiti/db/mapping/entity/Task.xml
### The error may involve org.activiti.engine.impl.persistence.entity.TaskEntity.selectTaskByQueryCriteria
### The error occurred while executing a query
### SQL: select distinct RES.*              from ACT_RU_TASK RES                                                     WHERE  RES.PROC_INST_ID_ = ?                order by  order by RES.ID_ asc       LIMIT ? OFFSET ?
### Cause: org.h2.jdbc.JdbcSQLException: Syntax error in SQL statement &quot;SELECT DISTINCT RES.* 
       
    FROM ACT_RU_TASK RES
     
     
     
     
    
     
     
     
     WHERE  RES.PROC_INST_ID_ = ? 
   
    
     ORDER BY  ORDER[*] BY RES.ID_ ASC  
    LIMIT ? OFFSET ? &quot;; expected &quot;=, NOT, EXISTS, INTERSECTS, SELECT, FROM&quot;; SQL statement:
select distinct RES.* 
       
    from ACT_RU_TASK RES
     
     
     
     
    
     
     
     
     WHERE  RES.PROC_INST_ID_ = ? 
   
    
     order by  order by RES.ID_ asc  
    LIMIT ? OFFSET ? [42001-176]
org.apache.ibatis.exceptions.PersistenceException: 
### Error querying database.  Cause: org.h2.jdbc.JdbcSQLException: Syntax error in SQL statement &quot;SELECT DISTINCT RES.* 
       
    FROM ACT_RU_TASK RES
     
     
     
     
    
     
     
     
     WHERE  RES.PROC_INST_ID_ = ? 
   
    
     ORDER BY  ORDER[*] BY RES.ID_ ASC  
    LIMIT ? OFFSET ? &quot;; expected &quot;=, NOT, EXISTS, INTERSECTS, SELECT, FROM&quot;; SQL statement:
select distinct RES.* 
       
    from ACT_RU_TASK RES
     
     
     
     
    
     
     
     
     WHERE  RES.PROC_INST_ID_ = ? 
   
    
     order by  order by RES.ID_ asc  
    LIMIT ? OFFSET ? [42001-176]
### The error may exist in org/activiti/db/mapping/entity/Task.xml
### The error may involve org.activiti.engine.impl.persistence.entity.TaskEntity.selectTaskByQueryCriteria
### The error occurred while executing a query
### SQL: select distinct RES.*              from ACT_RU_TASK RES                                                     WHERE  RES.PROC_INST_ID_ = ?                order by  order by RES.ID_ asc       LIMIT ? OFFSET ?
### Cause: org.h2.jdbc.JdbcSQLException: Syntax error in SQL statement &quot;SELECT DISTINCT RES.* 
       
    FROM ACT_RU_TASK RES
     
     
     
     
    
     
     
     
     WHERE  RES.PROC_INST_ID_ = ? 
   
    
     ORDER BY  ORDER[*] BY RES.ID_ ASC  
    LIMIT ? OFFSET ? &quot;; expected &quot;=, NOT, EXISTS, INTERSECTS, SELECT, FROM&quot;; SQL statement:
select distinct RES.* 
       
    from ACT_RU_TASK RES
     
     
     
     
    
     
     
     
     WHERE  RES.PROC_INST_ID_ = ? 
   
    
     order by  order by RES.ID_ asc  
    LIMIT ? OFFSET ? [42001-176]
	at org.apache.ibatis.exceptions.ExceptionFactory.wrapException(ExceptionFactory.java:30)
	at org.apache.ibatis.session.defaults.DefaultSqlSession.selectList(DefaultSqlSession.java:122)
	at org.apache.ibatis.session.defaults.DefaultSqlSession.selectList(DefaultSqlSession.java:113)
	at org.activiti.engine.impl.db.DbSqlSession.selectListWithRawParameter(DbSqlSession.java:438)
	at org.activiti.engine.impl.db.DbSqlSession.selectList(DbSqlSession.java:429)
	at org.activiti.engine.impl.persistence.entity.TaskEntityManager.findTasksByQueryCriteria(TaskEntityManager.java:135)
	at org.activiti.engine.impl.TaskQueryImpl.executeList(TaskQueryImpl.java:1256)
	at org.activiti.engine.impl.AbstractQuery.executeSingleResult(AbstractQuery.java:183)
	at org.activiti.engine.impl.AbstractQuery.execute(AbstractQuery.java:166)
	at org.activiti.engine.impl.interceptor.CommandInvoker.execute(CommandInvoker.java:24)
	at org.activiti.engine.impl.interceptor.CommandContextInterceptor.execute(CommandContextInterceptor.java:57)
	at org.activiti.engine.impl.interceptor.LogInterceptor.execute(LogInterceptor.java:37)
	at org.activiti.engine.impl.cfg.CommandExecutorImpl.execute(CommandExecutorImpl.java:40)
	at org.activiti.engine.impl.cfg.CommandExecutorImpl.execute(CommandExecutorImpl.java:35)
	at org.activiti.engine.impl.AbstractQuery.singleResult(AbstractQuery.java:129)
	at org.activiti.engine.test.db.VariableScopeTest.testVariableNamesScope(VariableScopeTest.java:98)
	at sun.reflect.NativeMethodAccessorImpl.invoke0(Native Method)
	at sun.reflect.NativeMethodAccessorImpl.invoke(NativeMethodAccessorImpl.java:62)
	at sun.reflect.DelegatingMethodAccessorImpl.invoke(DelegatingMethodAccessorImpl.java:43)
	at java.lang.reflect.Method.invoke(Method.java:498)
	at junit.framework.TestCase.runTest(TestCase.java:176)
	at org.activiti.engine.impl.test.PvmTestCase.runTest(PvmTestCase.java:65)
	at junit.framework.TestCase.runBare(TestCase.java:141)
	at org.activiti.engine.impl.test.AbstractActivitiTestCase.runBare(AbstractActivitiTestCase.java:100)
	at junit.framework.TestResult$1.protect(TestResult.java:122)
	at junit.framework.TestResult.runProtected(TestResult.java:142)
	at junit.framework.TestResult.run(TestResult.java:125)
	at junit.framework.TestCase.run(TestCase.java:129)
	at junit.framework.TestSuite.runTest(TestSuite.java:255)
	at junit.framework.TestSuite.run(TestSuite.java:250)
	at org.junit.internal.runners.JUnit38ClassRunner.run(JUnit38ClassRunner.java:84)
	at org.apache.maven.surefire.junit4.JUnit4TestSet.execute(JUnit4TestSet.java:35)
	at org.apache.maven.surefire.junit4.JUnit4Provider.executeTestSet(JUnit4Provider.java:146)
	at org.apache.maven.surefire.junit4.JUnit4Provider.invoke(JUnit4Provider.java:97)
	at sun.reflect.NativeMethodAccessorImpl.invoke0(Native Method)
	at sun.reflect.NativeMethodAccessorImpl.invoke(NativeMethodAccessorImpl.java:62)
	at sun.reflect.DelegatingMethodAccessorImpl.invoke(DelegatingMethodAccessorImpl.java:43)
	at java.lang.reflect.Method.invoke(Method.java:498)
	at org.apache.maven.surefire.booter.ProviderFactory$ClassLoaderProxy.invoke(ProviderFactory.java:103)
	at com.sun.proxy.$Proxy0.invoke(Unknown Source)
	at org.apache.maven.surefire.booter.SurefireStarter.invokeProvider(SurefireStarter.java:145)
	at org.apache.maven.surefire.booter.SurefireStarter.runSuitesInProcess(SurefireStarter.java:87)
	at org.apache.maven.surefire.booter.ForkedBooter.main(ForkedBooter.java:69)
Caused by: org.h2.jdbc.JdbcSQLException: Syntax error in SQL statement &quot;SELECT DISTINCT RES.* 
       
    FROM ACT_RU_TASK RES
     
     
     
     
    
     
     
     
     WHERE  RES.PROC_INST_ID_ = ? 
   
    
     ORDER BY  ORDER[*] BY RES.ID_ ASC  
    LIMIT ? OFFSET ? &quot;; expected &quot;=, NOT, EXISTS, INTERSECTS, SELECT, FROM&quot;; SQL statement:
select distinct RES.* 
       
    from ACT_RU_TASK RES
     
     
     
     
    
     
     
     
     WHERE  RES.PROC_INST_ID_ = ? 
   
    
     order by  order by RES.ID_ asc  
    LIMIT ? OFFSET ? [42001-176]
	at org.h2.message.DbException.getJdbcSQLException(DbException.java:344)
	at org.h2.message.DbException.getSyntaxError(DbException.java:204)
	at org.h2.command.Parser.getSyntaxError(Parser.java:524)
	at org.h2.command.Parser.readTerm(Parser.java:2688)
	at org.h2.command.Parser.readFactor(Parser.java:2244)
	at org.h2.command.Parser.readSum(Parser.java:2231)
	at org.h2.command.Parser.readConcat(Parser.java:2201)
	at org.h2.command.Parser.readCondition(Parser.java:2051)
	at org.h2.command.Parser.readAnd(Parser.java:2023)
	at org.h2.command.Parser.readExpression(Parser.java:2015)
	at org.h2.command.Parser.parseEndOfQuery(Parser.java:1726)
	at org.h2.command.Parser.parseSelectUnionExtension(Parser.java:1706)
	at org.h2.command.Parser.parseSelectUnion(Parser.java:1675)
	at org.h2.command.Parser.parseSelect(Parser.java:1662)
	at org.h2.command.Parser.parsePrepared(Parser.java:434)
	at org.h2.command.Parser.parse(Parser.java:306)
	at org.h2.command.Parser.parse(Parser.java:282)
	at org.h2.command.Parser.prepareCommand(Parser.java:243)
	at org.h2.engine.Session.prepareLocal(Session.java:442)
	at org.h2.engine.Session.prepareCommand(Session.java:384)
	at org.h2.jdbc.JdbcConnection.prepareCommand(JdbcConnection.java:1188)
	at org.h2.jdbc.JdbcPreparedStatement.&lt;init&gt;(JdbcPreparedStatement.java:73)
	at org.h2.jdbc.JdbcConnection.prepareStatement(JdbcConnection.java:276)
	at sun.reflect.GeneratedMethodAccessor6.invoke(Unknown Source)
	at sun.reflect.DelegatingMethodAccessorImpl.invoke(DelegatingMethodAccessorImpl.java:43)
	at java.lang.reflect.Method.invoke(Method.java:498)
	at org.apache.ibatis.datasource.pooled.PooledConnection.invoke(PooledConnection.java:245)
	at com.sun.proxy.$Proxy12.prepareStatement(Unknown Source)
	at sun.reflect.GeneratedMethodAccessor6.invoke(Unknown Source)
	at sun.reflect.DelegatingMethodAccessorImpl.invoke(DelegatingMethodAccessorImpl.java:43)
	at java.lang.reflect.Method.invoke(Method.java:498)
	at org.apache.ibatis.logging.jdbc.ConnectionLogger.invoke(ConnectionLogger.java:55)
	at com.sun.proxy.$Proxy12.prepareStatement(Unknown Source)
	at org.apache.ibatis.executor.statement.PreparedStatementHandler.instantiateStatement(PreparedStatementHandler.java:79)
	at org.apache.ibatis.executor.statement.BaseStatementHandler.prepare(BaseStatementHandler.java:88)
	at org.apache.ibatis.executor.statement.RoutingStatementHandler.prepare(RoutingStatementHandler.java:58)
	at org.apache.ibatis.executor.SimpleExecutor.prepareStatement(SimpleExecutor.java:76)
	at org.apache.ibatis.executor.SimpleExecutor.doQuery(SimpleExecutor.java:61)
	at org.apache.ibatis.executor.BaseExecutor.queryFromDatabase(BaseExecutor.java:303)
	at org.apache.ibatis.executor.BaseExecutor.query(BaseExecutor.java:154)
	at org.apache.ibatis.executor.CachingExecutor.query(CachingExecutor.java:102)
	at org.apache.ibatis.executor.CachingExecutor.query(CachingExecutor.java:82)
	at org.apache.ibatis.session.defaults.DefaultSqlSession.selectList(DefaultSqlSession.java:120)
	... 41 more
10:47:17,081 [main] DEBUG org.activiti.engine.impl.test.TestHelper  - annotation @Deployment deletes deployment for VariableScopeTest.testVariableNamesScope
10:47:17,081 [main] DEBUG org.activiti.engine.impl.interceptor.LogInterceptor  - 

10:47:17,081 [main] DEBUG org.activiti.engine.impl.interceptor.LogInterceptor  - --- starting DeleteDeploymentCmd --------------------------------------------------------
10:47:17,081 [main] DEBUG org.apache.ibatis.transaction.jdbc.JdbcTransaction  - Opening JDBC Connection
10:47:17,081 [main] DEBUG org.apache.ibatis.datasource.pooled.PooledDataSource  - Checked out connection 363509958 from pool.
10:47:17,081 [main] DEBUG org.apache.ibatis.transaction.jdbc.JdbcTransaction  - Setting autocommit to false on JDBC Connection [conn2: url=jdbc:h2:mem:activiti user=SA]
10:47:17,081 [main] DEBUG org.activiti.engine.impl.persistence.entity.DeploymentEntity.selectDeploymentById  - ==&gt;  Preparing: select * from ACT_RE_DEPLOYMENT where ID_ = ? 
10:47:17,081 [main] DEBUG org.activiti.engine.impl.persistence.entity.DeploymentEntity.selectDeploymentById  - ==&gt; Parameters: 756(String)
10:47:17,081 [main] DEBUG org.activiti.engine.impl.persistence.entity.DeploymentEntity.selectDeploymentById  - &lt;==      Total: 1
10:47:17,082 [main] DEBUG org.activiti.engine.impl.persistence.entity.ProcessDefinitionEntity.selectProcessDefinitionsByQueryCriteria  - ==&gt;  Preparing: select RES.* from ACT_RE_PROCDEF RES WHERE RES.DEPLOYMENT_ID_ = ? order by order by RES.ID_ asc LIMIT ? OFFSET ? 
10:47:17,082 [main] DEBUG org.activiti.engine.impl.interceptor.CommandContext  - Error while closing command context
org.apache.ibatis.exceptions.PersistenceException: 
### Error querying database.  Cause: org.h2.jdbc.JdbcSQLException: Syntax error in SQL statement &quot;SELECT RES.* 
       
    FROM ACT_RE_PROCDEF RES
     
     WHERE  RES.DEPLOYMENT_ID_ = ? 
   
     ORDER BY  ORDER[*] BY RES.ID_ ASC  
    LIMIT ? OFFSET ? &quot;; expected &quot;=, NOT, EXISTS, INTERSECTS, SELECT, FROM&quot;; SQL statement:
select RES.* 
       
    from ACT_RE_PROCDEF RES
     
     WHERE  RES.DEPLOYMENT_ID_ = ? 
   
     order by  order by RES.ID_ asc  
    LIMIT ? OFFSET ? [42001-176]
### The error may exist in org/activiti/db/mapping/entity/ProcessDefinition.xml
### The error may involve org.activiti.engine.impl.persistence.entity.ProcessDefinitionEntity.selectProcessDefinitionsByQueryCriteria
### The error occurred while executing a query
### SQL: select RES.*              from ACT_RE_PROCDEF RES            WHERE  RES.DEPLOYMENT_ID_ = ?           order by  order by RES.ID_ asc       LIMIT ? OFFSET ?
### Cause: org.h2.jdbc.JdbcSQLException: Syntax error in SQL statement &quot;SELECT RES.* 
       
    FROM ACT_RE_PROCDEF RES
     
     WHERE  RES.DEPLOYMENT_ID_ = ? 
   
     ORDER BY  ORDER[*] BY RES.ID_ ASC  
    LIMIT ? OFFSET ? &quot;; expected &quot;=, NOT, EXISTS, INTERSECTS, SELECT, FROM&quot;; SQL statement:
select RES.* 
       
    from ACT_RE_PROCDEF RES
     
     WHERE  RES.DEPLOYMENT_ID_ = ? 
   
     order by  order by RES.ID_ asc  
    LIMIT ? OFFSET ? [42001-176]
	at org.apache.ibatis.exceptions.ExceptionFactory.wrapException(ExceptionFactory.java:30)
	at org.apache.ibatis.session.defaults.DefaultSqlSession.selectList(DefaultSqlSession.java:122)
	at org.apache.ibatis.session.defaults.DefaultSqlSession.selectList(DefaultSqlSession.java:113)
	at org.activiti.engine.impl.db.DbSqlSession.selectListWithRawParameter(DbSqlSession.java:438)
	at org.activiti.engine.impl.db.DbSqlSession.selectList(DbSqlSession.java:429)
	at org.activiti.engine.impl.db.DbSqlSession.selectList(DbSqlSession.java:419)
	at org.activiti.engine.impl.persistence.entity.ProcessDefinitionEntityManager.findProcessDefinitionsByQueryCriteria(ProcessDefinitionEntityManager.java:57)
	at org.activiti.engine.impl.ProcessDefinitionQueryImpl.executeList(ProcessDefinitionQueryImpl.java:307)
	at org.activiti.engine.impl.AbstractQuery.list(AbstractQuery.java:140)
	at org.activiti.engine.impl.persistence.deploy.DeploymentManager.removeDeployment(DeploymentManager.java:187)
	at org.activiti.engine.impl.cmd.DeleteDeploymentCmd.execute(DeleteDeploymentCmd.java:44)
	at org.activiti.engine.impl.cmd.DeleteDeploymentCmd.execute(DeleteDeploymentCmd.java:24)
	at org.activiti.engine.impl.interceptor.CommandInvoker.execute(CommandInvoker.java:24)
	at org.activiti.engine.impl.interceptor.CommandContextInterceptor.execute(CommandContextInterceptor.java:57)
	at org.activiti.engine.impl.interceptor.LogInterceptor.execute(LogInterceptor.java:37)
	at org.activiti.engine.impl.cfg.CommandExecutorImpl.execute(CommandExecutorImpl.java:40)
	at org.activiti.engine.impl.cfg.CommandExecutorImpl.execute(CommandExecutorImpl.java:35)
	at org.activiti.engine.impl.RepositoryServiceImpl.deleteDeployment(RepositoryServiceImpl.java:90)
	at org.activiti.engine.impl.test.TestHelper.annotationDeploymentTearDown(TestHelper.java:116)
	at org.activiti.engine.impl.test.AbstractActivitiTestCase.runBare(AbstractActivitiTestCase.java:116)
	at junit.framework.TestResult$1.protect(TestResult.java:122)
	at junit.framework.TestResult.runProtected(TestResult.java:142)
	at junit.framework.TestResult.run(TestResult.java:125)
	at junit.framework.TestCase.run(TestCase.java:129)
	at junit.framework.TestSuite.runTest(TestSuite.java:255)
	at junit.framework.TestSuite.run(TestSuite.java:250)
	at org.junit.internal.runners.JUnit38ClassRunner.run(JUnit38ClassRunner.java:84)
	at org.apache.maven.surefire.junit4.JUnit4TestSet.execute(JUnit4TestSet.java:35)
	at org.apache.maven.surefire.junit4.JUnit4Provider.executeTestSet(JUnit4Provider.java:146)
	at org.apache.maven.surefire.junit4.JUnit4Provider.invoke(JUnit4Provider.java:97)
	at sun.reflect.NativeMethodAccessorImpl.invoke0(Native Method)
	at sun.reflect.NativeMethodAccessorImpl.invoke(NativeMethodAccessorImpl.java:62)
	at sun.reflect.DelegatingMethodAccessorImpl.invoke(DelegatingMethodAccessorImpl.java:43)
	at java.lang.reflect.Method.invoke(Method.java:498)
	at org.apache.maven.surefire.booter.ProviderFactory$ClassLoaderProxy.invoke(ProviderFactory.java:103)
	at com.sun.proxy.$Proxy0.invoke(Unknown Source)
	at org.apache.maven.surefire.booter.SurefireStarter.invokeProvider(SurefireStarter.java:145)
	at org.apache.maven.surefire.booter.SurefireStarter.runSuitesInProcess(SurefireStarter.java:87)
	at org.apache.maven.surefire.booter.ForkedBooter.main(ForkedBooter.java:69)
Caused by: org.h2.jdbc.JdbcSQLException: Syntax error in SQL statement &quot;SELECT RES.* 
       
    FROM ACT_RE_PROCDEF RES
     
     WHERE  RES.DEPLOYMENT_ID_ = ? 
   
     ORDER BY  ORDER[*] BY RES.ID_ ASC  
    LIMIT ? OFFSET ? &quot;; expected &quot;=, NOT, EXISTS, INTERSECTS, SELECT, FROM&quot;; SQL statement:
select RES.* 
       
    from ACT_RE_PROCDEF RES
     
     WHERE  RES.DEPLOYMENT_ID_ = ? 
   
     order by  order by RES.ID_ asc  
    LIMIT ? OFFSET ? [42001-176]
	at org.h2.message.DbException.getJdbcSQLException(DbException.java:344)
	at org.h2.message.DbException.getSyntaxError(DbException.java:204)
	at org.h2.command.Parser.getSyntaxError(Parser.java:524)
	at org.h2.command.Parser.readTerm(Parser.java:2688)
	at org.h2.command.Parser.readFactor(Parser.java:2244)
	at org.h2.command.Parser.readSum(Parser.java:2231)
	at org.h2.command.Parser.readConcat(Parser.java:2201)
	at org.h2.command.Parser.readCondition(Parser.java:2051)
	at org.h2.command.Parser.readAnd(Parser.java:2023)
	at org.h2.command.Parser.readExpression(Parser.java:2015)
	at org.h2.command.Parser.parseEndOfQuery(Parser.java:1726)
	at org.h2.command.Parser.parseSelectUnionExtension(Parser.java:1706)
	at org.h2.command.Parser.parseSelectUnion(Parser.java:1675)
	at org.h2.command.Parser.parseSelect(Parser.java:1662)
	at org.h2.command.Parser.parsePrepared(Parser.java:434)
	at org.h2.command.Parser.parse(Parser.java:306)
	at org.h2.command.Parser.parse(Parser.java:282)
	at org.h2.command.Parser.prepareCommand(Parser.java:243)
	at org.h2.engine.Session.prepareLocal(Session.java:442)
	at org.h2.engine.Session.prepareCommand(Session.java:384)
	at org.h2.jdbc.JdbcConnection.prepareCommand(JdbcConnection.java:1188)
	at org.h2.jdbc.JdbcPreparedStatement.&lt;init&gt;(JdbcPreparedStatement.java:73)
	at org.h2.jdbc.JdbcConnection.prepareStatement(JdbcConnection.java:276)
	at sun.reflect.GeneratedMethodAccessor6.invoke(Unknown Source)
	at sun.reflect.DelegatingMethodAccessorImpl.invoke(DelegatingMethodAccessorImpl.java:43)
	at java.lang.reflect.Method.invoke(Method.java:498)
	at org.apache.ibatis.datasource.pooled.PooledConnection.invoke(PooledConnection.java:245)
	at com.sun.proxy.$Proxy12.prepareStatement(Unknown Source)
	at sun.reflect.GeneratedMethodAccessor6.invoke(Unknown Source)
	at sun.reflect.DelegatingMethodAccessorImpl.invoke(DelegatingMethodAccessorImpl.java:43)
	at java.lang.reflect.Method.invoke(Method.java:498)
	at org.apache.ibatis.logging.jdbc.ConnectionLogger.invoke(ConnectionLogger.java:55)
	at com.sun.proxy.$Proxy12.prepareStatement(Unknown Source)
	at org.apache.ibatis.executor.statement.PreparedStatementHandler.instantiateStatement(PreparedStatementHandler.java:79)
	at org.apache.ibatis.executor.statement.BaseStatementHandler.prepare(BaseStatementHandler.java:88)
	at org.apache.ibatis.executor.statement.RoutingStatementHandler.prepare(RoutingStatementHandler.java:58)
	at org.apache.ibatis.executor.SimpleExecutor.prepareStatement(SimpleExecutor.java:76)
	at org.apache.ibatis.executor.SimpleExecutor.doQuery(SimpleExecutor.java:61)
	at org.apache.ibatis.executor.BaseExecutor.queryFromDatabase(BaseExecutor.java:303)
	at org.apache.ibatis.executor.BaseExecutor.query(BaseExecutor.java:154)
	at org.apache.ibatis.executor.CachingExecutor.query(CachingExecutor.java:102)
	at org.apache.ibatis.executor.CachingExecutor.query(CachingExecutor.java:82)
	at org.apache.ibatis.session.defaults.DefaultSqlSession.selectList(DefaultSqlSession.java:120)
	... 37 more
10:47:17,082 [main] DEBUG org.activiti.engine.impl.cfg.standalone.StandaloneMybatisTransactionContext  - firing event rolling back...
10:47:17,082 [main] DEBUG org.activiti.engine.impl.cfg.standalone.StandaloneMybatisTransactionContext  - rolling back ibatis sql session...
10:47:17,082 [main] DEBUG org.activiti.engine.impl.cfg.standalone.StandaloneMybatisTransactionContext  - firing event rolled back...
10:47:17,082 [main] DEBUG org.apache.ibatis.transaction.jdbc.JdbcTransaction  - Resetting autocommit to true on JDBC Connection [conn2: url=jdbc:h2:mem:activiti user=SA]
10:47:17,082 [main] DEBUG org.apache.ibatis.transaction.jdbc.JdbcTransaction  - Closing JDBC Connection [conn2: url=jdbc:h2:mem:activiti user=SA]
10:47:17,082 [main] DEBUG org.apache.ibatis.datasource.pooled.PooledDataSource  - Returned connection 363509958 to pool.
10:47:17,082 [main] DEBUG org.activiti.engine.impl.interceptor.LogInterceptor  - --- DeleteDeploymentCmd finished --------------------------------------------------------
10:47:17,082 [main] DEBUG org.activiti.engine.impl.interceptor.LogInterceptor  - 

</system-out>
  </testcase>
</testsuite>